/bjˈɞwi/ - /bˈɛɫ/
[2/3] b-b / j_ˈɞ-ˈɛ / w_i-ɫ
[1/3] b-b / j-∅ / ˈɞ-ˈɛ / w-ɫ / i-∅

-------------------

/bˈuk/ - /bˈok/
[3/3] b-b / ˈu-ˈo / k-k

-------------------

/dvˈa/ - /dvˈa/
[3/3] d-d / v-v / ˈa-ˈa

-------------------

/dwˈuʤi/ - /dˈoɫk/
[1/1] d-d / w-∅ / ˈu-ˈo / ʤ-∅ / i-∅ / ∅-ɫ / ∅-k

-------------------

/dʐˈevu̯ɛ/ - /dˈr̩vo/
[3/3] d-d / ʐ-∅ / ˈe-ˈr̩ / v-v / u̯ɛ-o

-------------------

/dˈim/ - /dˈim/
[4/4] d-d / ˈi-ˈi / m-m

-------------------

/dˈɔbri/ - /dˈobar/
[3/4] d-d / ˈɔ-ˈo / b-b / ∅-a / r-r / i_#>-#>
[1/4] d-d / ˈɔ-ˈo / b-b / ∅-a / r-r / i-∅

-------------------

/dˈɛʃʧ/ - /dˈoʃt/
[3/3] d-d / ˈɛ-ˈo / ʃ-ʃ / ʧ-t

-------------------

/jˈaŋzək/ - /jˈazik/
[2/5] j-j / ˈa-ˈa / ŋ_z-z / ə-i / k-k
[2/5] j-j / ˈa-ˈa / ŋ-∅ / z-z / ə-i / k-k
[1/5] j-j / ˈa_ŋ-ˈa / z-z / ə-i / k-k

-------------------

/jˈaɡu̯ɛda/ - /jˈaɡoda/
[1/1] j-j / ˈa-ˈa / ɡ-ɡ / u̯ɛ-o / d-d / a-a

-------------------

/jˈɛdɛn/ - /ˈɛdɛn/
[2/4] j-∅ / ˈɛ-ˈɛ / d-d / ɛ-ɛ / n-n
[2/4] <#_j-<# / ˈɛ-ˈɛ / d-d / ɛ-ɛ / n-n

-------------------

/jˈɛzɔrɔ/ - /ˈɛzɛro/
[2/4] j-∅ / ˈɛ-ˈɛ / z-z / ɔ-ɛ / r-r / ɔ-o
[2/4] <#_j-<# / ˈɛ-ˈɛ / z-z / ɔ-ɛ / r-r / ɔ-o

-------------------

/kfjˈat/ - /ʦvˈɛt/
[2/2] k-∅ / ∅-ʦ / f-v / j_ˈa-ˈɛ / t-t

-------------------

/krˈul/ - /krˈaɫ/
[4/4] k-k / r-r / ˈu-ˈa / l-ɫ

-------------------

/krˈɛf/ - /kˈr̩f/
[3/4] k-k / r-ˈr̩ / ˈɛ-∅ / f-f
[1/4] k-k / r_ˈɛ-ˈr̩ / f-f

-------------------

/ku̯ˈɛlanɔ/ - /kˈolɛno/
[4/4] k-k / u̯ˈɛ-ˈo / l-l / a-ɛ / n-n / ɔ-o

-------------------

/ku̯ˈɛra/ - /kˈora/
[3/3] k-k / u̯ˈɛ-ˈo / r-r / a-a

-------------------

/ku̯ˈɛʐeɲ/ - /kˈorɛn/
[5/5] k-k / u̯ˈɛ-ˈo / ʐ-r / e-ɛ / ɲ-n

-------------------

/kˈarva/ - /krˈava/
[4/5] k-k / ˈa-∅ / r-r / ∅-ˈa / v-v / a-a
[1/5] k-k / ˈa_r-r / ∅-ˈa / v-v / a-a

-------------------

/kˈuɲ/ - /kˈoɲ/
[4/4] k-k / ˈu-ˈo / ɲ-ɲ

-------------------

/lˈatɔ/ - /lˈɛto/
[4/4] l-l / ˈa-ˈɛ / t-t / ɔ-o

-------------------

/lˈut/ - /lˈɛt/
[5/5] l-l / ˈu-ˈɛ / t-t

-------------------

/lˈəst/ - /lˈist/
[5/5] l-l / ˈə-ˈi / s-s / t-t

-------------------

/lˈɛf/ - /ɫˈaf/
[4/4] l-ɫ / ˈɛ-ˈa / f-f

-------------------

/mjˈastɔ/ - /mˈɛsto/
[1/2] m_j-m / ˈa-ˈɛ / s-s / t-t / ɔ-o
[1/2] m-m / j_ˈa-ˈɛ / s-s / t-t / ɔ-o

-------------------

/mjˈaŋsɔ/ - /mˈɛso/
[2/5] m_j-m / ˈa-ˈɛ / ŋ-∅ / s-s / ɔ-o
[1/5] m-m / j_ˈa-ˈɛ / ŋ-∅ / s-s / ɔ-o
[1/5] m-m / j-∅ / ˈa_ŋ-ˈɛ / s-s / ɔ-o
[1/5] m-m / j-∅ / ˈa-ˈɛ / ŋ-∅ / s-s / ɔ-o

-------------------

/mjˈɔnɔ/ - /ˈimɛ/
[1/1] ∅-ˈi / m-m / j-ɛ / ˈɔ-∅ / n-∅ / ɔ-∅

-------------------

/mjˈɛsõʦ/ - /mˈɛsɛʦ/
[2/4] m_j-m / ˈɛ-ˈɛ / s-s / õ-ɛ / ʦ-ʦ
[2/4] m-m / j-∅ / ˈɛ-ˈɛ / s-s / õ-ɛ / ʦ-ʦ

-------------------

/mlˈeku̯ɛ/ - /mlˈɛko/
[5/5] m-m / l-l / ˈe-ˈɛ / k-k / u̯ɛ-o

-------------------

/mu̯ˈɛʐɛ/ - /mˈorɛ/
[5/5] m-m / u̯ˈɛ-ˈo / ʐ-r / ɛ-ɛ

-------------------

/mɡwˈa/ - /mˈaɡɫa/
[5/5] m-m / ∅-ˈa / ɡ-ɡ / w-ɫ / ˈa-a

-------------------

/mˈõʃ/ - /mˈaʃ/
[5/5] m-m / ˈõ-ˈa / ʃ-ʃ

-------------------

/mˈəsl/ - /mˈisɫa/
[4/4] m-m / ˈə-ˈi / s-s / l-ɫ / ∅-a

-------------------

/nˈɔs/ - /nˈos/
[5/5] n-n / ˈɔ-ˈo / s-s

-------------------

/nˈɔɡa/ - /nˈoɡa/
[4/4] n-n / ˈɔ-ˈo / ɡ-ɡ / a-a

-------------------

/nˈɔʦ/ - /nˈoc/
[4/4] n-n / ˈɔ-ˈo / ʦ-c

-------------------

/pjˈaŋʦ/ - /pˈɛt/
[1/5] p_j-p / ˈa-ˈɛ / ŋ_ʦ-t
[1/5] p_j-p / ˈa-ˈɛ / ŋ-∅ / ʦ-t
[1/5] p-p / j_ˈa-ˈɛ / ŋ-∅ / ʦ-t
[1/5] p-p / j-∅ / ˈa-ˈɛ / ŋ_ʦ-t
[1/5] p-p / j-∅ / ˈa-ˈɛ / ŋ-∅ / ʦ-t

-------------------

/pjˈɞsk/ - /pˈɛsok/
[2/4] p_j-p / ˈɞ-ˈɛ / s-s / ∅-o / k-k
[2/4] p-p / j-∅ / ˈɞ-ˈɛ / s-s / ∅-o / k-k

-------------------

/pu̯ˈɛpjuw/ - /pˈɛpɛɫ/
[4/4] p-p / u̯ˈɛ-ˈɛ / p-p / j-ɛ / u-∅ / w-ɫ

-------------------

/pʃʧˈɔwa/ - /pʧˈɛɫa/
[3/4] p-p / ʃ-∅ / ʧ-ʧ / ˈɔ-ˈɛ / w-ɫ / a-a
[1/4] p-p / ʃ-ʧ / ʧ-∅ / ˈɔ-ˈɛ / w-ɫ / a-a

-------------------

/pˈiʦ/ - /pˈiɛ/
[2/3] p-p / ˈi-ˈi / ʦ-∅ / #>-ɛ_#>
[1/3] p-p / ˈi-ˈi / ʦ-∅ / ∅-ɛ

-------------------

/pˈɞwni/ - /pˈoɫn/
[1/1] p-p / ˈɞ-ˈo / w-ɫ / n_i-n

-------------------

/rˈaŋka/ - /rˈaka/
[3/5] r-r / ˈa_ŋ-ˈa / k-k / a-a
[2/5] r-r / ˈa-ˈa / ŋ-∅ / k-k / a-a

-------------------

/rˈuk/ - /rˈok/
[4/4] r-r / ˈu-ˈo / k-k

-------------------

/rˈəba/ - /rˈiba/
[4/4] r-r / ˈə-ˈi / b-b / a-a

-------------------

/rˈɛdwɔ/ - /rˈaɫo/
[5/5] r-r / ˈɛ-ˈa / d-∅ / w-ɫ / ɔ-o

-------------------

/smjˈɛrʦ/ - /smˈr̩t/
[2/5] s-s / m-m / j-∅ / ˈɛ-∅ / r-ˈr̩ / ʦ-t
[1/5] s-s / m_j-m / ˈɛ_r-ˈr̩ / ʦ-t
[1/5] s-s / m_j-m / ˈɛ-∅ / r-ˈr̩ / ʦ-t
[1/5] s-s / m-m / j-∅ / ˈɛ_r-ˈr̩ / ʦ-t

-------------------

/swˈuɲʦɛ/ - /sˈonʦɛ/
[5/5] s-s / w-∅ / ˈu-ˈo / ɲ-n / ʦ-ʦ / ɛ-ɛ

-------------------

/sɲˈek/ - /snˈɛk/
[5/5] s-s / ɲ-n / ˈe-ˈɛ / k-k

-------------------

/sˈedmə/ - /sˈɛdum/
[2/3] s-s / ˈe-ˈɛ / d-d / ∅-u / m-m / ə_#>-#>
[1/3] s-s / ˈe-ˈɛ / d-d / ∅-u / m-m / ə-∅

-------------------

/sˈul/ - /sˈoɫ/
[3/3] s-s / ˈu-ˈo / l-ɫ

-------------------

/sˈəxi/ - /sˈuf/
[2/4] s-s / ˈə-ˈu / x-f / i_#>-#>
[2/4] s-s / ˈə-ˈu / x-f / i-∅

-------------------

/sˈɛrʦɛ/ - /sˈr̩ʦɛ/
[2/4] s-s / ˈɛ_r-ˈr̩ / ʦ-ʦ / ɛ-ɛ
[2/4] s-s / ˈɛ-∅ / r-ˈr̩ / ʦ-ʦ / ɛ-ɛ

-------------------

/trˈɞva/ - /trˈɛva/
[4/4] t-t / r-r / ˈɞ-ˈɛ / v-v / a-a

-------------------

/tʂˈə/ - /trˈi/
[5/5] t-t / ʂ-∅ / ∅-r / ˈə-ˈi

-------------------

/u̯ˈɛku̯ɛ/ - /ˈoko/
[5/5] u̯ˈɛ-ˈo / k-k / u̯ɛ-o

-------------------

/u̯ˈɛsmə/ - /ˈosum/
[2/3] u̯ˈɛ-ˈo / s-s / ∅-u / m-m / ə_#>-#>
[1/3] u̯ˈɛ-ˈo / s-s / ∅-u / m-m / ə-∅

-------------------

/u̯ˈɛʐɛx/ - /ˈɔɾɛf/
[4/4] u̯ˈɛ-ˈɔ / ʐ-∅ / ∅-ɾ / ɛ-ɛ / x-f

-------------------

/u̯ˈɛʤin/ - /ˈoɡan/
[4/4] u̯ˈɛ-ˈo / ʤ-∅ / ∅-ɡ / i-a / n-n

-------------------

/vjˈatɛr/ - /vˈɛtɛr/
[2/4] v_j-v / ˈa-ˈɛ / t-t / ɛ-ɛ / r-r
[1/4] v-v / j_ˈa-ˈɛ / t-t / ɛ-ɛ / r-r
[1/4] v-v / j-∅ / ˈa-ˈɛ / t-t / ɛ-ɛ / r-r

-------------------

/vjˈaŋzaʦ/ - /vˈɛzɛ/
[2/4] v-v / j-∅ / ˈa-ˈɛ / ŋ-∅ / z-z / a-ɛ / ʦ-∅
[1/4] v_j-v / ˈa-ˈɛ / ŋ_z-z / a-ɛ / ʦ-∅
[1/4] v-v / j_ˈa-ˈɛ / ŋ_z-z / a-ɛ / ʦ-∅

-------------------

/vjˈɞlʤi/ - /vˈɛlik/
[1/1] v-v / j_ˈɞ-ˈɛ / l-l / ʤ-∅ / i-i / ∅-k

-------------------

/vu̯ˈɛda/ - /vˈoda/
[4/4] v-v / u̯ˈɛ-ˈo / d-d / a-a

-------------------

/vˈiʣeʦ/ - /vˈidi/
[4/4] v-v / ˈi-ˈi / ʣ-d / e-i / ʦ-∅

-------------------

/vˈɞwk/ - /vˈoɫk/
[4/4] v-v / ˈɞ-ˈo / w-ɫ / k-k

-------------------

/wˈɔkʦ/ - /ɫˈakt/
[4/4] w-ɫ / ˈɔ-ˈa / k-k / ʦ-t

-------------------

/wˈʉsta/ - /ˈusta/
[2/3] w-∅ / ˈʉ-ˈu / s-s / t-t / a-a
[1/3] w_ˈʉ-ˈu / s-s / t-t / a-a

-------------------

/wˈʉxu̯ɛ/ - /ˈuvo/
[1/2] w_ˈʉ-ˈu / x-v / u̯ɛ-o
[1/2] w-∅ / ˈʉ-ˈu / x-v / u̯ɛ-o

-------------------

/xlˈep/ - /lˈɛp/
[3/5] <#_x-<# / l-l / ˈe-ˈɛ / p-p
[2/5] x-∅ / l-l / ˈe-ˈɛ / p-p

-------------------

/xwˈɔdni/ - /ɫˈaden/
[3/4] <#_x-<# / w-ɫ / ˈɔ-ˈa / d-d / ∅-e / n_i-n
[1/4] x-∅ / w-ɫ / ˈɔ-ˈa / d-d / ∅-e / n-n / i-∅

-------------------

/xʂˈəpt/ - /ˈr̩bɛt/
[3/3] <#_x-<# / ʂ-∅ / ˈə-ˈr̩ / p-b / ∅-ɛ / t-t

-------------------

/zvjˈɛʐã/ - /ʣvˈer/
[3/4] z-ʣ / v_j-v / ˈɛ-ˈe / ʐ-r / ã-∅
[1/4] z-ʣ / v-v / j-∅ / ˈɛ-ˈe / ʐ-r / ã-∅

-------------------

/zɛlˈɔni/ - /zˈɛlɛn/
[2/3] z-z / ɛ-ˈɛ / l-l / ˈɔ-ɛ / n_i-n
[1/3] z-z / ɛ-ˈɛ / l-l / ˈɔ-ɛ / n-n / i-∅

-------------------

/zˈõp/ - /zˈap/
[3/3] z-z / ˈõ-ˈa / p-p

-------------------

/zˈɛmja/ - /zˈɛmja/
[4/4] z-z / ˈɛ-ˈɛ / m-m / j-j / a-a

-------------------

/ɡuˈɛwõp/ - /ɡˈuɫap/
[4/4] ɡ-ɡ / u-ˈu / ˈɛ-∅ / w-ɫ / õ-a / p-p

-------------------

/ɡu̯ˈɛʣəna/ - /ɡˈodina/
[3/3] ɡ-ɡ / u̯ˈɛ-ˈo / ʣ-d / ə-i / n-n / a-a

-------------------

/ɡvjˈɞzda/ - /ʣvˈɛzda/
[2/5] ɡ-∅ / ∅-ʣ / v_j-v / ˈɞ-ˈɛ / z-z / d-d / a-a
[2/5] ɡ-∅ / ∅-ʣ / v-v / j-∅ / ˈɞ-ˈɛ / z-z / d-d / a-a
[1/5] ɡ-∅ / ∅-ʣ / v-v / j_ˈɞ-ˈɛ / z-z / d-d / a-a

-------------------

/ɡwˈɔs/ - /ɡɫˈas/
[5/5] ɡ-ɡ / w-ɫ / ˈɔ-ˈa / s-s

-------------------

/ɡwˈɔva/ - /ɡɫˈava/
[2/2] ɡ-ɡ / w-ɫ / ˈɔ-ˈa / v-v / a-a

-------------------

/ɡˈart/ - /ɡrˈat/
[3/4] ɡ-ɡ / ˈa-∅ / r-r / ∅-ˈa / t-t
[1/4] ɡ-ɡ / ˈa_r-r / ∅-ˈa / t-t

-------------------

/ɡˈura/ - /ɡˈora/
[3/3] ɡ-ɡ / ˈu-ˈo / r-r / a-a

-------------------

/ʃtˈəɾə/ - /ʧˈɛtiri/
[4/4] ʃ-ʧ / ∅-ˈɛ / t-t / ˈə-i / ɾ-r / ə-i

-------------------

/ʃˈɛsʦ/ - /ʃˈɛst/
[4/4] ʃ-ʃ / ˈɛ-ˈɛ / s-s / ʦ-t

-------------------

/ʐˈeka/ - /rˈɛka/
[4/4] ʐ-r / ˈe-ˈɛ / k-k / a-a

-------------------

/ʒˈɔna/ - /ʒˈɛna/
[5/5] ʒ-ʒ / ˈɔ-ˈɛ / n-n / a-a

-------------------

/ʒˈəʦ/ - /ʒˈivɛɛ/
[2/4] ʒ-ʒ / ˈə-ˈi / ʦ-v / ∅-ɛ / ∅-ɛ
[2/4] ʒ-ʒ / ˈə-ˈi / ʦ-v / ∅-ɛ / #>-ɛ_#>

-------------------

/ʒˈɞwti/ - /ʒˈoɫt/
[2/3] ʒ-ʒ / ˈɞ-ˈo / w-ɫ / t-t / i_#>-#>
[1/3] ʒ-ʒ / ˈɞ-ˈo / w-ɫ / t-t / i-∅

-------------------

/ʣˈeɲ/ - /dˈɛn/
[5/5] ʣ-d / ˈe-ˈɛ / ɲ-n

-------------------

/ʣˈɛsaŋʦ/ - /dˈɛsɛt/
[3/4] ʣ-d / ˈɛ-ˈɛ / s-s / a-ɛ / ŋ-∅ / ʦ-t
[1/4] ʣ-d / ˈɛ-ˈɛ / s-s / a-ɛ / ŋ_ʦ-t

-------------------

/ʣˈɛvjaŋʦ/ - /dˈɛvɛt/
[2/4] ʣ-d / ˈɛ-ˈɛ / v-v / j-ɛ / a-∅ / ŋ_ʦ-t
[1/4] ʣ-d / ˈɛ-ˈɛ / v_j-v / a-ɛ / ŋ-∅ / ʦ-t
[1/4] ʣ-d / ˈɛ-ˈɛ / v-v / j-ɛ / a-∅ / ŋ-∅ / ʦ-t

-------------------

/ʦˈawi/ - /ʦˈɛɫ/
[3/5] ʦ-ʦ / ˈa-ˈɛ / w_i-ɫ
[2/5] ʦ-ʦ / ˈa-ˈɛ / w-ɫ / i-∅

-------------------

/ʦˈawɔ/ - /tˈɛɫo/
[2/2] ʦ-t / ˈa-ˈɛ / w-ɫ / ɔ-o

-------------------

/ʦˈɛpwi/ - /tˈopoɫ/
[3/4] ʦ-t / ˈɛ-ˈo / p-p / ∅-o / w_i-ɫ
[1/4] ʦ-t / ˈɛ-ˈo / p-p / ∅-o / w-ɫ / i-∅

-------------------

/ʧwˈɔvjɛk/ - /ʧˈovɛk/
[2/4] ʧ-ʧ / w-∅ / ˈɔ-ˈo / v_j-v / ɛ-ɛ / k-k
[1/4] ʧ-ʧ / w-∅ / ˈɔ-ˈo / v-v / j-∅ / ɛ-ɛ / k-k
[1/4] ʧ-ʧ / w-∅ / ˈɔ-ˈo / v-v / j-ɛ / ɛ-∅ / k-k

-------------------

/ʧˈɞrni/ - /ʦˈr̩n/
[3/3] ʧ-ʦ / ˈɞ-∅ / r-ˈr̩ / n_i-n

-------------------

