/aɲˈɛl/ - /aɲˈel/
a-a / ɲ-ɲ / ˈɛ-ˈe / l_#>-l_#>
{0: [0], 1: [1], 2: [2], 3: [3]}
{0: [0], 1: [1], 2: [2], 3: [3]}
SCORE: 27.853

-------------------

/bjˈɔw/ - /bwˈef/
b-b / ∅-w / j-ˈe / ˈɔ-∅ / w_#>-f_#>
{0: [0], 1: None, 2: [1], 3: [2], 4: [3]}
{0: [0], 1: [1], 2: [2], 3: None, 4: [3]}
SCORE: 7.282

-------------------

/blˈãŋk/ - /blˈɑ̃/
b-b / l-l / ˈã-ˈɑ̃ / ŋ_k_#>-#>
{0: [0], 1: [1], 2: [2], 3: [3, 4]}
{0: [0], 1: [1], 2: [2], 3: None}
SCORE: 17.486

-------------------

/buʀlˈa/ - /byʁlˈaʁ/
b-b / u-y / ʀ-ʁ / l-l / ˈa-ˈa / #>-ʁ_#>
{0: [0], 1: [1], 2: [2], 3: [3], 4: [4], 5: None}
{0: [0], 1: [1], 2: [2], 3: [3], 4: [4], 5: [5]}
SCORE: 27.291

-------------------

/bwˈɔnɔ/ - /bˈɔna/
b-b / w-ˈɔ / ˈɔ-∅ / n-n / ɔ-a
{0: [0], 1: [1], 2: [2], 3: [3], 4: [4]}
{0: [0], 1: [1], 2: None, 3: [2], 4: [3]}
SCORE: 16.84

-------------------

/bwˈɔ̃ŋ/ - /bˈɔ̃/
b_w-b / ˈɔ̃-ˈɔ̃ / ŋ_#>-#>
{0: [0, 1], 1: [2], 2: [3]}
{0: [0], 1: [1], 2: None}
SCORE: 12.05

-------------------

/bˈa/ - /bˈa/
b-b / ˈa_#>-ˈa_#>
{0: [0], 1: [1]}
{0: [0], 1: [1]}
SCORE: 16.401

-------------------

/bˈel/ - /bˈel/
b-b / ˈe-ˈe / l_#>-l_#>
{0: [0], 1: [1], 2: [2]}
{0: [0], 1: [1], 2: [2]}
SCORE: 20.045

-------------------

/bˈelɔ/ - /bˈɛla/
b-b / ˈe-ˈɛ / l-l / ɔ-a
{0: [0], 1: [1], 2: [2], 3: [3]}
{0: [0], 1: [1], 2: [2], 3: [3]}
SCORE: 21.823

-------------------

/bˈɪwʀə/ - /bˈɛːðə/
b-b / ˈɪ-ˈɛː / w-∅ / ʀ-ð / ə-ə
{0: [0], 1: [1], 2: [2], 3: [3], 4: [4]}
{0: [0], 1: [1], 2: None, 3: [2], 4: [3]}
SCORE: 16.225

-------------------

/bˈɪ̃ŋ/ - /bˈɛ̃/
b-b / ˈɪ̃-ˈɛ̃ / ŋ_#>-#>
{0: [0], 1: [1], 2: [2]}
{0: [0], 1: [1], 2: None}
SCORE: 15.524

-------------------

/deɡʲˈỹŋ/ - /njˈɔ̃/
d-∅ / e-∅ / ɡʲ-n_j / ˈỹ-∅ / ŋ-ˈɔ̃
{0: [0], 1: [1], 2: [2], 3: [3], 4: [4]}
{0: None, 1: None, 2: [0, 1], 3: None, 4: [2]}
SCORE: -7.606

-------------------

/duʀmˈi/ - /dʁɔmˈi/
d-d / ∅-ʁ / u-ɔ / ʀ-∅ / m-m / ˈi-ˈi
{0: [0], 1: None, 2: [1], 3: [2], 4: [3], 5: [4]}
{0: [0], 1: [1], 2: [2], 3: None, 4: [3], 5: [4]}
SCORE: 19.405

-------------------

/dʀˈak/ - /dʁaɡˈɔ̃/
d-d / ʀ-ʁ_a / ∅-ɡ / ∅-ˈɔ̃ / ˈa-∅ / k_#>-#>
{0: [0], 1: [1], 2: None, 3: None, 4: [2], 5: [3]}
{0: [0], 1: [1, 2], 2: [3], 3: [4], 4: None, 5: None}
SCORE: -6.664

-------------------

/dʲˈiʀə/ - /dˈeðə/
dʲ-d / ˈi-ˈe / ʀ-ð / ə-ə
{0: [0], 1: [1], 2: [2], 3: [3]}
{0: [0], 1: [1], 2: [2], 3: [3]}
SCORE: 18.352

-------------------

/dʲˈɪw/ - /dˈiw/
dʲ-d / ˈɪ-ˈi / w-w
{0: [0], 1: [1], 2: [2]}
{0: [0], 1: [1], 2: [2]}
SCORE: 16.667

-------------------

/dˈamɔ/ - /dˈama/
d-d / ˈa-ˈa / m-m / ɔ-a
{0: [0], 1: [1], 2: [2], 3: [3]}
{0: [0], 1: [1], 2: [2], 3: [3]}
SCORE: 24.773

-------------------

/dˈes/ - /djˈeʃ/
d-d / ˈe-j / s-ˈe_ʃ
{0: [0], 1: [1], 2: [2]}
{0: [0], 1: [1], 2: [2, 3]}
SCORE: 14.413

-------------------

/dˈẽŋ/ - /dˈɛ̃/
d-d / ˈẽ-ˈɛ̃ / ŋ_#>-#>
{0: [0], 1: [1], 2: [2]}
{0: [0], 1: [1], 2: None}
SCORE: 15.324

-------------------

/dˈudzə/ - /dˈozə/
d-d / ˈu-ˈo / d-∅ / z-z / ə-ə
{0: [0], 1: [1], 2: [2], 3: [3], 4: [4]}
{0: [0], 1: [1], 2: None, 3: [2], 4: [3]}
SCORE: 17.192

-------------------

/dˈus/ - /dˈows/
d-d / ˈu-ˈo / ∅-w / s-s
{0: [0], 1: [1], 2: None, 3: [2]}
{0: [0], 1: [1], 2: [2], 3: [3]}
SCORE: 15.987

-------------------

/dˈuɔs/ - /dˈuʃ/
d-d / ˈu-ˈu / ɔ-∅ / s_#>-ʃ_#>
{0: [0], 1: [1], 2: [2], 3: [3]}
{0: [0], 1: [1], 2: None, 3: [2]}
SCORE: 10.268

-------------------

/dˈɪ/ - /dˈɛː/
d-d / ˈɪ-ˈɛː
{0: [0], 1: [1]}
{0: [0], 1: [1]}
SCORE: 15.551

-------------------

/flˈamɔ/ - /flˈama/
f-f / l-l / ˈa-ˈa / m-m / ɔ-a
{0: [0], 1: [1], 2: [2], 3: [3], 4: [4]}
{0: [0], 1: [1], 2: [2], 3: [3], 4: [4]}
SCORE: 29.278

-------------------

/flˈu/ - /flˈøʁ/
f-f / l-l / ˈu-ˈø / #>-ʁ_#>
{0: [0], 1: [1], 2: [2], 3: None}
{0: [0], 1: [1], 2: [2], 3: [3]}
SCORE: 19.909

-------------------

/fwˈɔʀ/ - /fˈoːʁ/
f-f / w_ˈɔ-ˈoː / ʀ_#>-ʁ_#>
{0: [0], 1: [1, 2], 2: [3]}
{0: [0], 1: [1], 2: [2]}
SCORE: 18.29

-------------------

/fɒʀˈinɔ/ - /faðˈena/
f-f / ɒ-a / ʀ-ð / ˈi-ˈe / n-n / ɔ-a
{0: [0], 1: [1], 2: [2], 3: [3], 4: [4], 5: [5]}
{0: [0], 1: [1], 2: [2], 3: [3], 4: [4], 5: [5]}
SCORE: 28.89

-------------------

/fʀˈejʀə/ - /fʁˈaːðə/
f-f / ʀ-ʁ / ˈe-ˈaː / j_ʀ-ð / ə-ə
{0: [0], 1: [1], 2: [2], 3: [3, 4], 4: [5]}
{0: [0], 1: [1], 2: [2], 3: [3], 4: [4]}
SCORE: 22.785

-------------------

/fʀˈɪj/ - /fʁˈɛː/
f-f / ʀ-ʁ / ˈɪ_j-ˈɛː
{0: [0], 1: [1], 2: [2, 3]}
{0: [0], 1: [1], 2: [2]}
SCORE: 15.491

-------------------

/fʲˈiʎɔ/ - /fˈeʎə/
fʲ-f / ˈi-ˈe / ʎ-ʎ / ɔ-ə
{0: [0], 1: [1], 2: [2], 3: [3]}
{0: [0], 1: [1], 2: [2], 3: [3]}
SCORE: 23.377

-------------------

/fʲˈĩŋ/ - /fˈĩ/
fʲ-f / ˈĩ-ˈĩ / ŋ_#>-#>
{0: [0], 1: [1], 2: [2]}
{0: [0], 1: [1], 2: None}
SCORE: 16.18

-------------------

/fˈadɔ/ - /fˈajə/
f-f / ˈa-ˈa / ∅-j / d-∅ / ɔ-ə
{0: [0], 1: [1], 2: None, 3: [2], 4: [3]}
{0: [0], 1: [1], 2: [2], 3: None, 4: [3]}
SCORE: 8.12

-------------------

/fˈaw/ - /fˈoː/
f-f / ˈa_w-ˈoː
{0: [0], 1: [1, 2]}
{0: [0], 1: [1]}
SCORE: 14.339

-------------------

/fˈãm/ - /fˈɑ̃/
f-f / ˈã-ˈɑ̃ / m_#>-#>
{0: [0], 1: [1], 2: [2]}
{0: [0], 1: [1], 2: None}
SCORE: 14.949

-------------------

/fˈejʀə/ - /fˈaːðə/
f-f / ˈe-ˈaː / j_ʀ-ð / ə-ə
{0: [0], 1: [1], 2: [2, 3], 3: [4]}
{0: [0], 1: [1], 2: [2], 3: [3]}
SCORE: 19.934

-------------------

/fˈetɔ/ - /fˈeta/
f-f / ˈe-ˈe / t-t / ɔ-a
{0: [0], 1: [1], 2: [2], 3: [3]}
{0: [0], 1: [1], 2: [2], 3: [3]}
SCORE: 23.935

-------------------

/fˈeʀe/ - /fˈeʁ/
f-f / ˈe_ʀ-ˈe_ʁ / e_#>-#>
{0: [0], 1: [1, 2], 2: [3]}
{0: [0], 1: [1, 2], 2: None}
SCORE: 16.186

-------------------

/fˈœk/ - /fwˈa/
f-f / ˈœ-w / k-ˈa
{0: [0], 1: [1], 2: [2]}
{0: [0], 1: [1], 2: [2]}
SCORE: 13.561

-------------------

/fˈœʎɔ/ - /fˈoːʎə/
f-f / ∅-ˈoː / ˈœ-∅ / ʎ-ʎ / ɔ-ə
{0: [0], 1: None, 2: [1], 3: [2], 4: [3]}
{0: [0], 1: [1], 2: None, 3: [2], 4: [3]}
SCORE: 10.048

-------------------

/fˈɔʀsɔ/ - /fˈøʁsa/
f-f / ˈɔ-ˈø / ʀ-ʁ / s-s / ɔ-a
{0: [0], 1: [1], 2: [2], 3: [3], 4: [4]}
{0: [0], 1: [1], 2: [2], 3: [3], 4: [4]}
SCORE: 23.602

-------------------

/fˈɪʧə/ - /fˈɛðo/
f-f / ˈɪ-ˈɛ / ʧ_ə-ð_o
{0: [0], 1: [1], 2: [2, 3]}
{0: [0], 1: [1], 2: [2, 3]}
SCORE: 24.532

-------------------

/fˈɪ̃ŋnɔ/ - /fˈɛna/
f-f / ∅-ˈɛ / ˈɪ̃-∅ / ŋ-∅ / n-n / ɔ-a
{0: [0], 1: None, 2: [1], 3: [2], 4: [3], 5: [4]}
{0: [0], 1: [1], 2: None, 3: None, 4: [2], 5: [3]}
SCORE: 5.23

-------------------

/ivˈeʀ/ - /ivˈɛʁ/
i-i / v-v / ˈe-ˈɛ / ʀ_#>-ʁ_#>
{0: [0], 1: [1], 2: [2], 3: [3]}
{0: [0], 1: [1], 2: [2], 3: [3]}
SCORE: 19.054

-------------------

/jˈɔw/ - /ˈof/
j-∅ / ˈɔ-ˈo / w_#>-f_#>
{0: [0], 1: [1], 2: [2]}
{0: None, 1: [0], 2: [1]}
SCORE: 6.448

-------------------

/klamˈa/ - /klamˈaː/
k-k / l-l / a-a / m-m / ˈa-ˈaː
{0: [0], 1: [1], 2: [2], 3: [3], 4: [4]}
{0: [0], 1: [1], 2: [2], 3: [3], 4: [4]}
SCORE: 28.012

-------------------

/klˈaw/ - /kjˈaː/
k-k / ∅-j / l-∅ / ˈa-ˈaː / w_#>-#>
{0: [0], 1: None, 2: [1], 3: [2], 4: [3]}
{0: [0], 1: [1], 2: None, 3: [2], 4: None}
SCORE: 0.688

-------------------

/kulˈu/ - /kulˈɔʁ/
k-k / ∅-u / u-∅ / l-l / ∅-ˈɔ / ˈu-ʁ
{0: [0], 1: None, 2: [1], 3: [2], 4: None, 5: [3]}
{0: [0], 1: [1], 2: None, 3: [2], 4: [3], 5: [4]}
SCORE: -1.031

-------------------

/kwˈẽɲ/ - /kwˈɛ̃/
k-k / w-w / ˈẽ-ˈɛ̃ / ɲ-∅
{0: [0], 1: [1], 2: [2], 3: [3]}
{0: [0], 1: [1], 2: [2], 3: None}
SCORE: 15.476

-------------------

/kwˈɔp/ - /kˈoː/
k-k / w_ˈɔ-ˈoː / p-∅
{0: [0], 1: [1, 2], 2: [3]}
{0: [0], 1: [1], 2: None}
SCORE: 9.146

-------------------

/kwˈɔs/ - /kˈoːʁ/
k-k / w_ˈɔ-ˈoː / s-ʁ
{0: [0], 1: [1, 2], 2: [3]}
{0: [0], 1: [1], 2: [2]}
SCORE: 13.869

-------------------

/kwˈɔɔ/ - /kˈua/
k_w-k / ˈɔ-ˈu / ɔ-a
{0: [0, 1], 1: [2], 2: [3]}
{0: [0], 1: [1], 2: [2]}
SCORE: 15.572

-------------------

/kwˈɔʀ/ - /kˈoː/
k-k / w_ˈɔ-ˈoː / ʀ_#>-#>
{0: [0], 1: [1, 2], 2: [3]}
{0: [0], 1: [1], 2: None}
SCORE: 11.746

-------------------

/kwˈɔʀnɔ/ - /kˈøʁna/
k_w-k / ˈɔ-ˈø / ʀ-ʁ / n-n / ɔ-a
{0: [0, 1], 1: [2], 2: [3], 3: [4], 4: [5]}
{0: [0], 1: [1], 2: [2], 3: [3], 4: [4]}
SCORE: 20.582

-------------------

/kʀˈus/ - /kʁwˈɛːʃ/
k-k / ʀ-ʁ / ˈu-w_ˈɛː / s_#>-ʃ_#>
{0: [0], 1: [1], 2: [2], 3: [3]}
{0: [0], 1: [1], 2: [2, 3], 3: [4]}
SCORE: 18.438

-------------------

/kʀˈɪjʀə/ - /kʁˈɛːðe/
k-k / ʀ-ʁ / ˈɪ-ˈɛː / j_ʀ-ð / ə-e
{0: [0], 1: [1], 2: [2], 3: [3, 4], 4: [5]}
{0: [0], 1: [1], 2: [2], 3: [3], 4: [4]}
SCORE: 20.53

-------------------

/kˈatʀə/ - /kwˈatʁo/
k-k_w / ˈa-ˈa / t-t / ʀ-ʁ / ə-o
{0: [0], 1: [1], 2: [2], 3: [3], 4: [4]}
{0: [0, 1], 1: [2], 2: [3], 3: [4], 4: [5]}
SCORE: 24.009

-------------------

/kˈuʀ/ - /kˈoːʁ/
k-k / ˈu-ˈoː / ʀ_#>-ʁ_#>
{0: [0], 1: [1], 2: [2]}
{0: [0], 1: [1], 2: [2]}
SCORE: 17.417

-------------------

/kˈœjsɔ/ - /kwˈesə/
k-k / ˈœ-w / j-ˈe / s-s / ɔ-ə
{0: [0], 1: [1], 2: [2], 3: [3], 4: [4]}
{0: [0], 1: [1], 2: [2], 3: [3], 4: [4]}
SCORE: 25.784

-------------------

/kˈɪ/ - /kˈɛː/
k-k / ˈɪ-ˈɛː
{0: [0], 1: [1]}
{0: [0], 1: [1]}
SCORE: 15.037

-------------------

/lwˈɔ̃ŋk/ - /lˈɔ̃/
l_w-l / ˈɔ̃-ˈɔ̃ / ŋ_k_#>-#>
{0: [0, 1], 1: [2], 2: [3, 4]}
{0: [0], 1: [1], 2: None}
SCORE: 7.338

-------------------

/ləvˈa/ - /lɛvˈa/
l-l / ə-ɛ / v-v / ˈa_#>-ˈa_#>
{0: [0], 1: [1], 2: [2], 3: [3]}
{0: [0], 1: [1], 2: [2], 3: [3]}
SCORE: 22.118

-------------------

/ləʤˈi/ - /lˈiðə/
l-l / ∅-ˈi / ə-∅ / ʤ-ð / ∅-ə / ˈi_#>-#>
{0: [0], 1: None, 2: [1], 3: [2], 4: None, 5: [3]}
{0: [0], 1: [1], 2: None, 3: [2], 4: [3], 5: None}
SCORE: -3.573

-------------------

/lɪˈũŋ/ - /lejˈɔ̃/
l-l / ɪ-e / ∅-j / ˈũ-ˈɔ̃ / ŋ_#>-#>
{0: [0], 1: [1], 2: None, 3: [2], 4: [3]}
{0: [0], 1: [1], 2: [2], 3: [3], 4: None}
SCORE: 16.636

-------------------

/lˈanɔ/ - /lˈana/
l-l / ˈa-ˈa / n-n / ɔ-a
{0: [0], 1: [1], 2: [2], 3: [3]}
{0: [0], 1: [1], 2: [2], 3: [3]}
SCORE: 23.471

-------------------

/lˈebʀə/ - /ljˈevʁa/
l-l / ˈe-j / b-ˈe_v / ʀ-ʁ_a / ə_#>-#>
{0: [0], 1: [1], 2: [2], 3: [3], 4: [4]}
{0: [0], 1: [1], 2: [2, 3], 3: [4, 5], 4: None}
SCORE: 11.062

-------------------

/lˈej/ - /jˈø/
l-∅ / ˈe-j_ˈø / j_#>-#>
{0: [0], 1: [1], 2: [2]}
{0: None, 1: [0, 1], 2: None}
SCORE: -2.333

-------------------

/lˈej/ - /lwˈe/
l-l / ˈe-w / j-ˈe
{0: [0], 1: [1], 2: [2]}
{0: [0], 1: [1], 2: [2]}
SCORE: 12.673

-------------------

/lˈej/ - /lˈa/
l_ˈe-l / j-∅ / #>-ˈa_#>
{0: [0, 1], 1: [2], 2: None}
{0: [0], 1: None, 2: [1]}
SCORE: 0.169

-------------------

/lˈu/ - /lˈo/
l-l / ˈu_#>-ˈo_#>
{0: [0], 1: [1]}
{0: [0], 1: [1]}
SCORE: 17.144

-------------------

/lˈɪtʀɔ/ - /lˈɛtʁa/
l-l / ˈɪ-ˈɛ / t-t / ʀ-ʁ / ɔ-a
{0: [0], 1: [1], 2: [2], 3: [3], 4: [4]}
{0: [0], 1: [1], 2: [2], 3: [3], 4: [4]}
SCORE: 26.69

-------------------

/lˈɪ̃ŋɡɔ/ - /lˈɛ̃ɡa/
l-l / ˈɪ̃-ˈɛ̃ / ŋ-∅ / ɡ-ɡ / ɔ-a
{0: [0], 1: [1], 2: [2], 3: [3], 4: [4]}
{0: [0], 1: [1], 2: None, 3: [2], 4: [3]}
SCORE: 22.423

-------------------

/mãŋʤˈa/ - /mˈĩʒi/
m-m / ã-∅ / ŋ-ˈĩ / ʤ-ʒ / ∅-i / ˈa_#>-#>
{0: [0], 1: [1], 2: [2], 3: [3], 4: None, 5: [4]}
{0: [0], 1: None, 2: [1], 3: [2], 4: [3], 5: None}
SCORE: 6.357

-------------------

/muʀˈi/ - /moðˈi/
m-m / u-o / ʀ-ð / ˈi-ˈi
{0: [0], 1: [1], 2: [2], 3: [3]}
{0: [0], 1: [1], 2: [2], 3: [3]}
SCORE: 22.909

-------------------

/mũŋtˈaɲɔ/ - /mɔ̃tˈaɲi/
m-m / ũ-ɔ̃ / ŋ-∅ / t-t / ˈa-ˈa / ɲ-ɲ / ɔ-i
{0: [0], 1: [1], 2: [2], 3: [3], 4: [4], 5: [5], 6: [6]}
{0: [0], 1: [1], 2: None, 3: [2], 4: [3], 5: [4], 6: [5]}
SCORE: 33.652

-------------------

/mwˈɔʀ/ - /mˈoːʁ/
m-m / w_ˈɔ-ˈoː / ʀ_#>-ʁ_#>
{0: [0], 1: [1, 2], 2: [3]}
{0: [0], 1: [1], 2: [2]}
SCORE: 18.072

-------------------

/mwˈɔʀdʀə/ - /mˈuʁdʁə/
m-m / w-∅ / ˈɔ-ˈu / ʀ-ʁ / d-d / ʀ-ʁ / ə-ə
{0: [0], 1: [1], 2: [2], 3: [3], 4: [4], 5: [5], 6: [6]}
{0: [0], 1: None, 2: [1], 3: [2], 4: [3], 5: [4], 6: [5]}
SCORE: 25.716

-------------------

/mɒdʲˈyʀə/ - /mˈøʁ/
m-m / ɒ-∅ / dʲ-ˈø / ˈy-∅ / ʀ-ʁ / ə_#>-#>
{0: [0], 1: [1], 2: [2], 3: [3], 4: [4], 5: [5]}
{0: [0], 1: None, 2: [1], 3: None, 4: [2], 5: None}
SCORE: -1.029

-------------------

/mə/ - /mˈɛ/
m-m / ∅-ˈɛ / ə_#>-#>
{0: [0], 1: None, 2: [1]}
{0: [0], 1: [1], 2: None}
SCORE: 2.756

-------------------

/məʎˈu/ - /mɛʎˈøʁ/
m-m / ə-ɛ / ʎ-ʎ / ˈu-ˈø / #>-ʁ_#>
{0: [0], 1: [1], 2: [2], 3: [3], 4: None}
{0: [0], 1: [1], 2: [2], 3: [3], 4: [4]}
SCORE: 22.652

-------------------

/mʲitˈa/ - /mɛːtjˈa/
mʲ-m / i-ɛː / t-t / ˈa-j / #>-ˈa_#>
{0: [0], 1: [1], 2: [2], 3: [3], 4: None}
{0: [0], 1: [1], 2: [2], 3: [3], 4: [4]}
SCORE: 21.868

-------------------

/mʲˈal/ - /mjˈel/
mʲ-m / ˈa-j_ˈe / l_#>-l_#>
{0: [0], 1: [1], 2: [2]}
{0: [0], 1: [1, 2], 2: [3]}
SCORE: 17.461

-------------------

/mʲˈilɔ/ - /mˈil/
mʲ-m / ˈi-ˈi / l-l / ɔ_#>-#>
{0: [0], 1: [1], 2: [2], 3: [3]}
{0: [0], 1: [1], 2: [2], 3: None}
SCORE: 18.807

-------------------

/mˈa/ - /mˈɛːʁ/
m-m / ˈa-ˈɛː / #>-ʁ_#>
{0: [0], 1: [1], 2: None}
{0: [0], 1: [1], 2: [2]}
SCORE: 12.42

-------------------

/mˈãŋ/ - /mˈɑ̃/
m-m / ˈã-ˈɑ̃ / ŋ_#>-#>
{0: [0], 1: [1], 2: [2]}
{0: [0], 1: [1], 2: None}
SCORE: 14.731

-------------------

/mˈejʀə/ - /mˈaːðə/
m-m / ˈe-ˈaː / j_ʀ-ð / ə-ə
{0: [0], 1: [1], 2: [2, 3], 3: [4]}
{0: [0], 1: [1], 2: [2], 3: [3]}
SCORE: 19.717

-------------------

/mˈeʎs/ - /mjˈøʃ/
m-m / ˈe-j_ˈø / ʎ-∅ / s_#>-ʃ_#>
{0: [0], 1: [1], 2: [2], 3: [3]}
{0: [0], 1: [1, 2], 2: None, 3: [3]}
SCORE: 8.906

-------------------

/mˈuʧɔ/ - /mwˈeʃə/
m-m / ˈu-w / ∅-ˈe / ʧ-ʃ / ɔ-ə
{0: [0], 1: [1], 2: None, 3: [2], 4: [3]}
{0: [0], 1: [1], 2: [2], 3: [3], 4: [4]}
SCORE: 16.539

-------------------

/nwˈɔtə/ - /nˈoːtʁo/
n-n / w_ˈɔ-ˈoː / t-t / ə-ʁ_o
{0: [0], 1: [1, 2], 2: [3], 3: [4]}
{0: [0], 1: [1], 2: [2], 3: [3, 4]}
SCORE: 20.82

-------------------

/nwˈɔw/ - /nˈoːf/
n-n / w_ˈɔ-ˈoː / w_#>-f_#>
{0: [0], 1: [1, 2], 2: [3]}
{0: [0], 1: [1], 2: [2]}
SCORE: 17.824

-------------------

/nwˈɔw/ - /nˈɔvo/
n-n / w-ˈɔ / ∅-v / ∅-o / ˈɔ-∅ / w_#>-#>
{0: [0], 1: [1], 2: None, 3: None, 4: [2], 5: [3]}
{0: [0], 1: [1], 2: [2], 3: [3], 4: None, 5: None}
SCORE: -5.475

-------------------

/nˈas/ - /nˈɑː/
n-n / ˈa-ˈɑː / s_#>-#>
{0: [0], 1: [1], 2: [2]}
{0: [0], 1: [1], 2: None}
SCORE: 10.007

-------------------

/nˈawtə/ - /nˈo/
n-n / ˈa-∅ / w-ˈo / t-∅ / ə_#>-#>
{0: [0], 1: [1], 2: [2], 3: [3], 4: [4]}
{0: [0], 1: None, 2: [1], 3: None, 4: None}
SCORE: -1.36

-------------------

/nˈew/ - /nˈɛːf/
n_ˈe-n_ˈɛː / w_#>-f_#>
{0: [0, 1], 1: [2]}
{0: [0, 1], 1: [2]}
SCORE: 19.054

-------------------

/nˈeɡʀə/ - /nˈɛːʁ/
n_ˈe-n_ˈɛː / ɡ-∅ / ʀ-ʁ / ə_#>-#>
{0: [0, 1], 1: [2], 2: [3], 3: [4]}
{0: [0, 1], 1: None, 2: [2], 3: None}
SCORE: 10.463

-------------------

/nˈuzə/ - /nwˈɛ/
n-n / ˈu-w / ∅-ˈɛ / z-∅ / ə_#>-#>
{0: [0], 1: [1], 2: None, 3: [2], 4: [3]}
{0: [0], 1: [1], 2: [2], 3: None, 4: None}
SCORE: 0.73

-------------------

/nˈũm/ - /nˈɔ̃/
n-n / ˈũ-ˈɔ̃ / m_#>-#>
{0: [0], 1: [1], 2: [2]}
{0: [0], 1: [1], 2: None}
SCORE: 15.29

-------------------

/nˈœj/ - /nwˈɛ/
n-n / ˈœ-w / ∅-ˈɛ / j_#>-#>
{0: [0], 1: [1], 2: None, 3: [2]}
{0: [0], 1: [1], 2: [2], 3: None}
SCORE: 7.583

-------------------

/pluʀˈa/ - /ploðˈa/
p-p / l-l / u-o / ʀ-ð / ˈa_#>-ˈa_#>
{0: [0], 1: [1], 2: [2], 3: [3], 4: [4]}
{0: [0], 1: [1], 2: [2], 3: [3], 4: [4]}
SCORE: 27.295

-------------------

/plwˈɔmɔ/ - /plˈoma/
p-p / l_w-l / ˈɔ-ˈo / m-m / ɔ-a
{0: [0], 1: [1, 2], 2: [3], 3: [4], 4: [5]}
{0: [0], 1: [1], 2: [2], 3: [3], 4: [4]}
SCORE: 22.835

-------------------

/plˈẽŋ/ - /plˈɛ̃/
p-p / l-l / ˈẽ-ˈɛ̃ / ŋ_#>-#>
{0: [0], 1: [1], 2: [2], 3: [3]}
{0: [0], 1: [1], 2: [2], 3: None}
SCORE: 19.569

-------------------

/plˈœʤɔ/ - /pʎˈoʒə/
p-p / ∅-ʎ / ∅-ˈo / l-∅ / ˈœ-∅ / ʤ-ʒ / ɔ-ə
{0: [0], 1: None, 2: None, 3: [1], 4: [2], 5: [3], 6: [4]}
{0: [0], 1: [1], 2: [2], 3: None, 4: None, 5: [3], 6: [4]}
SCORE: -0.118

-------------------

/pwˈẽŋ/ - /pwˈɛ̃/
p-p / w-w / ˈẽ-ˈɛ̃ / ŋ_#>-#>
{0: [0], 1: [1], 2: [2], 3: [3]}
{0: [0], 1: [1], 2: [2], 3: None}
SCORE: 18.126

-------------------

/pwˈẽɲ/ - /pwˈɛ̃/
p-p / w-w / ˈẽ-ˈɛ̃ / ɲ-∅
{0: [0], 1: [1], 2: [2], 3: [3]}
{0: [0], 1: [1], 2: [2], 3: None}
SCORE: 15.526

-------------------

/pwˈɔʀk/ - /pwˈɛʁk/
p-p / w-w / ˈɔ-∅ / ʀ-ˈɛ_ʁ / k-k
{0: [0], 1: [1], 2: [2], 3: [3], 4: [4]}
{0: [0], 1: [1], 2: None, 3: [2, 3], 4: [4]}
SCORE: 14.065

-------------------

/pwˈɔ̃ŋ/ - /pˈɔ̃/
p-p / w-∅ / ˈɔ̃-ˈɔ̃ / ŋ_#>-#>
{0: [0], 1: [1], 2: [2], 3: [3]}
{0: [0], 1: None, 2: [1], 3: None}
SCORE: 10.286

-------------------

/pɒlˈas/ - /palˈe/
p-p / ɒ-a / l-l / ˈa-ˈe / s_#>-#>
{0: [0], 1: [1], 2: [2], 3: [3], 4: [4]}
{0: [0], 1: [1], 2: [2], 3: [3], 4: None}
SCORE: 17.313

-------------------

/pɒʀˈawlɔ/ - /paðˈɔla/
p-p / ɒ-a / ʀ-ð / ˈa-∅ / w-ˈɔ / l-l / ɔ-a
{0: [0], 1: [1], 2: [2], 3: [3], 4: [4], 5: [5], 6: [6]}
{0: [0], 1: [1], 2: [2], 3: None, 4: [3], 5: [4], 6: [5]}
SCORE: 20.727

-------------------

/pəzˈuʎ/ - /pjˈuʎ/
p-p / ∅-j / ə-∅ / z-∅ / ˈu-ˈu / ʎ-ʎ
{0: [0], 1: None, 2: [1], 3: [2], 4: [3], 5: [4]}
{0: [0], 1: [1], 2: None, 3: None, 4: [2], 5: [3]}
SCORE: 3.23

-------------------

/pəʧˈɔ/ - /pətjˈoː/
p-p / ə-ə / ʧ-t / ∅-j / ˈɔ-ˈoː
{0: [0], 1: [1], 2: [2], 3: None, 4: [3]}
{0: [0], 1: [1], 2: [2], 3: [3], 4: [4]}
SCORE: 15.652

-------------------

/pʀˈes/ - /pʁˈiʃ/
p-p / ʀ-ʁ / ˈe-ˈi / s_#>-ʃ_#>
{0: [0], 1: [1], 2: [2], 3: [3]}
{0: [0], 1: [1], 2: [2], 3: [3]}
SCORE: 17.111

-------------------

/pʲˈal/ - /ʃəvˈel/
pʲ-ʃ_ə / ∅-v / ˈa-ˈe / l_#>-l_#>
{0: [0], 1: None, 2: [1], 3: [2]}
{0: [0, 1], 1: [2], 2: [3], 3: [4]}
SCORE: 7.807

-------------------

/pˈas/ - /pˈeʃ/
p-p / ˈa-ˈe / s_#>-ʃ_#>
{0: [0], 1: [1], 2: [2]}
{0: [0], 1: [1], 2: [2]}
SCORE: 14.812

-------------------

/pˈawk/ - /pwˈe/
p-p / ˈa-∅ / w-w / k-∅ / #>-ˈe_#>
{0: [0], 1: [1], 2: [2], 3: [3], 4: None}
{0: [0], 1: None, 2: [1], 3: None, 4: [2]}
SCORE: 2.699

-------------------

/pˈawʀə/ - /pˈuvʁo/
p-p / ∅-ˈu / ∅-v / ˈa-∅ / w-∅ / ʀ-ʁ / ə-o
{0: [0], 1: None, 2: None, 3: [1], 4: [2], 5: [3], 6: [4]}
{0: [0], 1: [1], 2: [2], 3: None, 4: None, 5: [3], 6: [4]}
SCORE: -2.477

-------------------

/pˈãŋ/ - /pˈɑ̃/
p-p / ˈã-ˈɑ̃ / ŋ_#>-#>
{0: [0], 1: [1], 2: [2]}
{0: [0], 1: [1], 2: None}
SCORE: 14.689

-------------------

/pˈe/ - /pˈi/
p-p / ˈe-ˈi
{0: [0], 1: [1]}
{0: [0], 1: [1]}
SCORE: 11.437

-------------------

/pˈejʀɔ/ - /pjˈeða/
p-p / ˈe-j / j-ˈe / ʀ-ð / ɔ-a
{0: [0], 1: [1], 2: [2], 3: [3], 4: [4]}
{0: [0], 1: [1], 2: [2], 3: [3], 4: [4]}
SCORE: 21.784

-------------------

/pˈejʀə/ - /pˈaːðə/
p-p / ˈe-ˈaː / j_ʀ-ð / ə-ə
{0: [0], 1: [1], 2: [2, 3], 3: [4]}
{0: [0], 1: [1], 2: [2], 3: [3]}
SCORE: 19.675

-------------------

/pˈel/ - /pˈel/
p-p / ˈe-ˈe / l_#>-l_#>
{0: [0], 1: [1], 2: [2]}
{0: [0], 1: [1], 2: [2]}
SCORE: 19.517

-------------------

/pˈeʧɔ/ - /pˈɛːʁʃə/
p-p / ˈe-ˈɛː / ∅-ʁ / ʧ-ʃ / ɔ-ə
{0: [0], 1: [1], 2: None, 3: [2], 4: [3]}
{0: [0], 1: [1], 2: [2], 3: [3], 4: [4]}
SCORE: 16.667

-------------------

/pˈudʀə/ - /povˈɛːʁ/
p-p / ∅-o / ∅-v / ˈu-ˈɛː / d-∅ / ʀ-ʁ / ə_#>-#>
{0: [0], 1: None, 2: None, 3: [1], 4: [2], 5: [3], 6: [4]}
{0: [0], 1: [1], 2: [2], 3: [3], 4: None, 5: [4], 6: None}
SCORE: -2.895

-------------------

/pˈus/ - /pwˈɛːʦ/
p-p / ˈu-w_ˈɛː / s-ʦ
{0: [0], 1: [1], 2: [2]}
{0: [0], 1: [1, 2], 2: [3]}
SCORE: 14.331

-------------------

/pˈũŋdʀə/ - /pˈɔ̃dʁə/
p-p / ˈũ_ŋ-ˈɔ̃ / d-d / ʀ-ʁ / ə-ə
{0: [0], 1: [1, 2], 2: [3], 3: [4], 4: [5]}
{0: [0], 1: [1], 2: [2], 3: [3], 4: [4]}
SCORE: 25.774

-------------------

/pˈɪnɔ/ - /pˈɛːna/
p-p / ˈɪ-ˈɛː / n-n / ɔ-a
{0: [0], 1: [1], 2: [2], 3: [3]}
{0: [0], 1: [1], 2: [2], 3: [3]}
SCORE: 24.502

-------------------

/siwtˈa/ - /sitˈaː/
s-s / i-i / w-∅ / t-t / ˈa-ˈaː
{0: [0], 1: [1], 2: [2], 3: [3], 4: [4]}
{0: [0], 1: [1], 2: None, 3: [2], 4: [3]}
SCORE: 15.477

-------------------

/sĩŋkˈãŋtɔ/ - /sĩkwˈɑ̃ta/
s-s / ĩ-ĩ / ŋ-∅ / k-k_w / ˈã_ŋ-ˈɑ̃ / t-t / ɔ-a
{0: [0], 1: [1], 2: [2], 3: [3], 4: [4, 5], 5: [6], 6: [7]}
{0: [0], 1: [1], 2: None, 3: [2, 3], 4: [4], 5: [5], 6: [6]}
SCORE: 24.863

-------------------

/sufʀˈi/ - /sofʁˈiʁ/
s-s / u-o / f-f / ʀ-ʁ / ˈi-ˈi / #>-ʁ_#>
{0: [0], 1: [1], 2: [2], 3: [3], 4: [4], 5: None}
{0: [0], 1: [1], 2: [2], 3: [3], 4: [4], 5: [5]}
SCORE: 28.501

-------------------

/sulˈeʎ/ - /sɔlwˈɛː/
s-s / u-ɔ / l-l_w / ˈe-ˈɛː / ʎ-∅
{0: [0], 1: [1], 2: [2], 3: [3], 4: [4]}
{0: [0], 1: [1], 2: [2, 3], 3: [4], 4: None}
SCORE: 15.551

-------------------

/səlˈejʀɔ/ - /seðˈizə/
s-s / ə-e / l-∅ / ˈe-∅ / j_ʀ-ð / ∅-ˈi / ∅-z / ɔ-ə
{0: [0], 1: [1], 2: [2], 3: [3], 4: [4, 5], 5: None, 6: None, 7: [6]}
{0: [0], 1: [1], 2: None, 3: None, 4: [2], 5: [3], 6: [4], 7: [5]}
SCORE: -4.497

-------------------

/səmˈanɔ/ - /səmˈana/
s-s / ə-ə / m-m / ˈa-ˈa / n-n / ɔ-a
{0: [0], 1: [1], 2: [2], 3: [3], 4: [4], 5: [5]}
{0: [0], 1: [1], 2: [2], 3: [3], 4: [4], 5: [5]}
SCORE: 32.982

-------------------

/sˈablɔ/ - /sˈabla/
s-s / ˈa-ˈa / b-b / l-l / ɔ-a
{0: [0], 1: [1], 2: [2], 3: [3], 4: [4]}
{0: [0], 1: [1], 2: [2], 3: [3], 4: [4]}
SCORE: 28.826

-------------------

/sˈabʀə/ - /savˈɛːʁ/
s-s / ∅-a / ∅-v / ˈa-ˈɛː / b-∅ / ʀ-ʁ / ə_#>-#>
{0: [0], 1: None, 2: None, 3: [1], 4: [2], 5: [3], 6: [4]}
{0: [0], 1: [1], 2: [2], 3: [3], 4: None, 5: [4], 6: None}
SCORE: -2.776

-------------------

/sˈal/ - /sˈal/
s-s / ˈa-ˈa / l_#>-l_#>
{0: [0], 1: [1], 2: [2]}
{0: [0], 1: [1], 2: [2]}
SCORE: 19.538

-------------------

/sˈanɔ/ - /sˈana/
s-s / ˈa-ˈa / n-n / ɔ-a
{0: [0], 1: [1], 2: [2], 3: [3]}
{0: [0], 1: [1], 2: [2], 3: [3]}
SCORE: 23.616

-------------------

/sˈawsɔ/ - /sˈoːsa/
s-s / ˈa_w-ˈoː / s-s / ɔ-a
{0: [0], 1: [1, 2], 2: [3], 3: [4]}
{0: [0], 1: [1], 2: [2], 3: [3]}
SCORE: 22.113

-------------------

/sˈaʤə/ - /sˈaðo/
s-s / ˈa-ˈa / ʤ-ð / ə-o
{0: [0], 1: [1], 2: [2], 3: [3]}
{0: [0], 1: [1], 2: [2], 3: [3]}
SCORE: 22.853

-------------------

/sˈãŋ/ - /sˈɑ̃/
s-s / ˈã-ˈɑ̃ / ŋ_#>-#>
{0: [0], 1: [1], 2: [2]}
{0: [0], 1: [1], 2: None}
SCORE: 14.012

-------------------

/sˈãŋk/ - /sˈɑ̃/
s-s / ˈã-ˈɑ̃ / ŋ_k_#>-#>
{0: [0], 1: [1], 2: [2, 3]}
{0: [0], 1: [1], 2: None}
SCORE: 11.571

-------------------

/sˈej/ - /sjˈɛːʃ/
s-s / ˈe-j / j-ˈɛː / #>-ʃ_#>
{0: [0], 1: [1], 2: [2], 3: None}
{0: [0], 1: [1], 2: [2], 3: [3]}
SCORE: 13.28

-------------------

/sˈetə/ - /sˈɛt/
s-s / ˈe-ˈɛ / t-t / ə_#>-#>
{0: [0], 1: [1], 2: [2], 3: [3]}
{0: [0], 1: [1], 2: [2], 3: None}
SCORE: 14.852

-------------------

/sˈẽŋdʀə/ - /sˈĩdʁə/
s-s / ˈẽ-∅ / ŋ-ˈĩ / d-d / ʀ-ʁ / ə-ə
{0: [0], 1: [1], 2: [2], 3: [3], 4: [4], 5: [5]}
{0: [0], 1: None, 2: [1], 3: [2], 4: [3], 5: [4]}
SCORE: 19.333

-------------------

/sˈĩŋk/ - /sˈĩ/
s-s / ˈĩ-ˈĩ / ŋ_k_#>-#>
{0: [0], 1: [1], 2: [2, 3]}
{0: [0], 1: [1], 2: None}
SCORE: 12.868

-------------------

/sˈubʀə/ - /sˈy/
s-s / ˈu_b-ˈy / ʀ-∅ / ə_#>-#>
{0: [0], 1: [1, 2], 2: [3], 3: [4]}
{0: [0], 1: [1], 2: None, 3: None}
SCORE: 6.782

-------------------

/sˈɪk/ - /sˈɛt/
s-s / ˈɪ-ˈɛ / ∅-t / k_#>-#>
{0: [0], 1: [1], 2: None, 3: [2]}
{0: [0], 1: [1], 2: [2], 3: None}
SCORE: 6.218

-------------------

/sˈɪʀɔ/ - /sˈiðə/
s-s / ˈɪ-ˈi / ʀ-ð / ɔ-ə
{0: [0], 1: [1], 2: [2], 3: [3]}
{0: [0], 1: [1], 2: [2], 3: [3]}
SCORE: 18.735

-------------------

/sˈɪʧɔ/ - /sˈɛta/
s-s / ˈɪ-ˈɛ / ʧ-t / ɔ-a
{0: [0], 1: [1], 2: [2], 3: [3]}
{0: [0], 1: [1], 2: [2], 3: [3]}
SCORE: 20.172

-------------------

/sˈɪ̃ŋ/ - /sˈɛ̃/
s-s / ˈɪ̃-ˈɛ̃ / ŋ_#>-#>
{0: [0], 1: [1], 2: [2]}
{0: [0], 1: [1], 2: None}
SCORE: 14.32

-------------------

/tʀˈɪ/ - /tʁˈɛː/
t-t / ʀ-ʁ / ˈɪ-ˈɛː
{0: [0], 1: [1], 2: [2]}
{0: [0], 1: [1], 2: [2]}
SCORE: 18.045

-------------------

/tˈetɔ/ - /tˈeta/
t-t / ˈe-ˈe / t-t / ɔ-a
{0: [0], 1: [1], 2: [2], 3: [3]}
{0: [0], 1: [1], 2: [2], 3: [3]}
SCORE: 23.783

-------------------

/tˈeʀɔ/ - /tˈɛːða/
t-t / ˈe-ˈɛː / ʀ-ð / ɔ-a
{0: [0], 1: [1], 2: [2], 3: [3]}
{0: [0], 1: [1], 2: [2], 3: [3]}
SCORE: 19.495

-------------------

/tˈẽm/ - /tˈɛ̃/
t-t / ˈẽ-ˈɛ̃ / m_#>-#>
{0: [0], 1: [1], 2: [2]}
{0: [0], 1: [1], 2: None}
SCORE: 14.966

-------------------

/tˈu/ - /tˈo/
t-t / ˈu_#>-ˈo_#>
{0: [0], 1: [1]}
{0: [0], 1: [1]}
SCORE: 18.073

-------------------

/tˈu/ - /tˈoːs/
t-t / ˈu-ˈoː / ∅-s
{0: [0], 1: [1], 2: None}
{0: [0], 1: [1], 2: [2]}
SCORE: 8.739

-------------------

/ubʀjˈej/ - /ovʁjˈe/
u-o / b-v / ʀ-ʁ / j-∅ / ˈe-j / j-ˈe
{0: [0], 1: [1], 2: [2], 3: [3], 4: [4], 5: [5]}
{0: [0], 1: [1], 2: [2], 3: None, 4: [3], 5: [4]}
SCORE: 14.349

-------------------

/vulˈa/ - /vɔlˈa/
v-v / u-ɔ / l-l / ˈa_#>-ˈa_#>
{0: [0], 1: [1], 2: [2], 3: [3]}
{0: [0], 1: [1], 2: [2], 3: [3]}
SCORE: 27.906

-------------------

/vədˈɛl/ - /vˈel/
v_ə-v / d-∅ / ˈɛ-ˈe / l_#>-l_#>
{0: [0, 1], 1: [2], 2: [3], 3: [4]}
{0: [0], 1: None, 2: [1], 3: [2]}
SCORE: 12.159

-------------------

/vənˈi/ - /vənˈi/
v-v / ə-ə / n-n / ˈi-ˈi
{0: [0], 1: [1], 2: [2], 3: [3]}
{0: [0], 1: [1], 2: [2], 3: [3]}
SCORE: 25.621

-------------------

/vəʒˈĩŋ/ - /vəzˈĩ/
v-v / ə-ə / ʒ-z / ˈĩ-ˈĩ / ŋ_#>-#>
{0: [0], 1: [1], 2: [2], 3: [3], 4: [4]}
{0: [0], 1: [1], 2: [2], 3: [3], 4: None}
SCORE: 28.24

-------------------

/vʲiˈaʧe/ - /vjˈaːðo/
vʲ-v / ∅-j / i-∅ / ˈa-ˈaː / ʧ-ð_o / e_#>-#>
{0: [0], 1: None, 2: [1], 3: [2], 4: [3], 5: [4]}
{0: [0], 1: [1], 2: None, 3: [2], 4: [3, 4], 5: None}
SCORE: 3.273

-------------------

/vʲˈeʎ/ - /vjˈøʎ/
vʲ-v / ˈe-j_ˈø / ʎ-ʎ
{0: [0], 1: [1], 2: [2]}
{0: [0], 1: [1, 2], 2: [3]}
SCORE: 17.341

-------------------

/vʲˈidɔ/ - /vˈia/
vʲ-v / ˈi-ˈi / d-∅ / ɔ-a
{0: [0], 1: [1], 2: [2], 3: [3]}
{0: [0], 1: [1], 2: None, 3: [2]}
SCORE: 15.061

-------------------

/vʲˈilɔ/ - /vˈila/
vʲ-v / ˈi-ˈi / l-l / ɔ-a
{0: [0], 1: [1], 2: [2], 3: [3]}
{0: [0], 1: [1], 2: [2], 3: [3]}
SCORE: 24.772

-------------------

/vʲˈĩŋ/ - /vˈĩ/
vʲ-v / ˈĩ-ˈĩ / ŋ_#>-#>
{0: [0], 1: [1], 2: [2]}
{0: [0], 1: [1], 2: None}
SCORE: 16.036

-------------------

/vˈaʧɔ/ - /vˈaʃi/
v-v / ˈa-ˈa / ʧ-ʃ / ɔ-i
{0: [0], 1: [1], 2: [2], 3: [3]}
{0: [0], 1: [1], 2: [2], 3: [3]}
SCORE: 23.459

-------------------

/vˈeʀ/ - /vˈeʁm/
v-v / ˈe_ʀ-ˈe_ʁ / ∅-m
{0: [0], 1: [1, 2], 2: None}
{0: [0], 1: [1, 2], 2: [3]}
SCORE: 14.32

-------------------

/vˈẽŋ/ - /vˈɛ̃/
v-v / ˈẽ-ˈɛ̃ / ŋ_#>-#>
{0: [0], 1: [1], 2: [2]}
{0: [0], 1: [1], 2: None}
SCORE: 14.972

-------------------

/vˈẽŋtʀə/ - /vˈɛ̃tʁo/
v-v / ˈẽ-ˈɛ̃ / ŋ-∅ / t-t / ʀ-ʁ / ə-o
{0: [0], 1: [1], 2: [2], 3: [3], 4: [4], 5: [5]}
{0: [0], 1: [1], 2: None, 3: [2], 4: [3], 5: [4]}
SCORE: 24.98

-------------------

/vˈu/ - /vˈo/
v-v / ˈu_#>-ˈo_#>
{0: [0], 1: [1]}
{0: [0], 1: [1]}
SCORE: 18.079

-------------------

/vˈus/ - /vwˈeʃ/
v-v / ˈu-w / s-ˈe_ʃ
{0: [0], 1: [1], 2: [2]}
{0: [0], 1: [1], 2: [2, 3]}
SCORE: 14.093

-------------------

/vˈɪjʀə/ - /vˈɛːðə/
v-v / ˈɪ-ˈɛː / j_ʀ-ð / ə-ə
{0: [0], 1: [1], 2: [2, 3], 3: [4]}
{0: [0], 1: [1], 2: [2], 3: [3]}
SCORE: 20.587

-------------------

/vˈɪʀ/ - /vˈɛʁ/
v-v / ˈɪ-ˈɛ / ʀ_#>-ʁ_#>
{0: [0], 1: [1], 2: [2]}
{0: [0], 1: [1], 2: [2]}
SCORE: 19.115

-------------------

/wˈɔbʀɔ/ - /wˈevʁa/
w-w / ˈɔ-∅ / b-ˈe_v / ʀ-ʁ / ɔ-a
{0: [0], 1: [1], 2: [2], 3: [3], 4: [4]}
{0: [0], 1: None, 2: [1, 2], 3: [3], 4: [4]}
SCORE: 10.621

-------------------

/wˈɔmə/ - /ˈomo/
w-∅ / ˈɔ-ˈo / m-m / ə-o
{0: [0], 1: [1], 2: [2], 3: [3]}
{0: None, 1: [0], 2: [1], 3: [2]}
SCORE: 12.539

-------------------

/wˈɔs/ - /ˈos/
w-∅ / ˈɔ-ˈo / s-s
{0: [0], 1: [1], 2: [2]}
{0: None, 1: [0], 2: [1]}
SCORE: 7.703

-------------------

/œsˈel/ - /uzˈel/
œ-u / ∅-z / s-∅ / ˈe-ˈe / l_#>-l_#>
{0: [0], 1: None, 2: [1], 3: [2], 4: [3]}
{0: [0], 1: [1], 2: None, 3: [2], 4: [3]}
SCORE: 10.37

-------------------

/œʀˈɪʎɔ/ - /oðˈiʎə/
œ-∅ / ʀ-o_ð / ˈɪ-ˈi / ʎ-ʎ / ɔ-ə
{0: [0], 1: [1], 2: [2], 3: [3], 4: [4]}
{0: None, 1: [0, 1], 2: [2], 3: [3], 4: [4]}
SCORE: 13.998

-------------------

/ɒbˈɪʎɔ/ - /avˈeʎə/
<#_ɒ-<#_a / b-v / ∅-ˈe / ˈɪ-∅ / ʎ-ʎ / ɔ-ə
{0: [0], 1: [1], 2: None, 3: [2], 4: [3], 5: [4]}
{0: [0], 1: [1], 2: [2], 3: None, 4: [3], 5: [4]}
SCORE: 11.947

-------------------

/ɒnˈelɔ/ - /anˈel/
<#_ɒ-<#_a / n-n / ˈe-ˈe / l-l / ɔ_#>-#>
{0: [0], 1: [1], 2: [2], 3: [3], 4: [4]}
{0: [0], 1: [1], 2: [2], 3: [3], 4: None}
SCORE: 23.179

-------------------

/ɒɡʲˈyʎɔ/ - /avˈuʎə/
<#_ɒ-<#_a / ɡʲ-v / ˈy-ˈu / ʎ-ʎ / ɔ-ə
{0: [0], 1: [1], 2: [2], 3: [3], 4: [4]}
{0: [0], 1: [1], 2: [2], 3: [3], 4: [4]}
SCORE: 28.949

-------------------

/ɒʀˈaɲɔ/ - /aðˈaɲi/
<#_ɒ-<#_a / ʀ-ð / ˈa-ˈa / ɲ-ɲ / ɔ-i
{0: [0], 1: [1], 2: [2], 3: [3], 4: [4]}
{0: [0], 1: [1], 2: [2], 3: [3], 4: [4]}
SCORE: 29.157

-------------------

/ɒʤydˈa/ - /ajdˈa/
<#_ɒ-<#_a / ∅-j / ʤ-∅ / y-∅ / d-d / ˈa_#>-ˈa_#>
{0: [0], 1: None, 2: [1], 3: [2], 4: [3], 5: [4]}
{0: [0], 1: [1], 2: None, 3: None, 4: [2], 5: [3]}
SCORE: 7.999

-------------------

/ɡʀwˈɔs/ - /ɡʁˈoː/
ɡ-ɡ / ʀ-ʁ / w_ˈɔ-ˈoː / s_#>-#>
{0: [0], 1: [1], 2: [2, 3], 3: [4]}
{0: [0], 1: [1], 2: [2], 3: None}
SCORE: 15.675

-------------------

/ɡʀˈanɔ/ - /ɡʁˈɛːna/
ɡ-ɡ / ʀ-ʁ / ˈa-ˈɛː / n-n / ɔ-a
{0: [0], 1: [1], 2: [2], 3: [3], 4: [4]}
{0: [0], 1: [1], 2: [2], 3: [3], 4: [4]}
SCORE: 26.618

-------------------

/ɡʀˈãŋ/ - /ɡʁˈɑ̃/
ɡ-ɡ / ʀ-ʁ / ˈã-ˈɑ̃ / ŋ_#>-#>
{0: [0], 1: [1], 2: [2], 3: [3]}
{0: [0], 1: [1], 2: [2], 3: None}
SCORE: 19.001

-------------------

/ɡʀˈejsɔ/ - /ɡʁˈesə/
ɡ-ɡ / ʀ-ʁ / ˈe_j-ˈe / s-s / ɔ-ə
{0: [0], 1: [1], 2: [2, 3], 3: [4], 4: [5]}
{0: [0], 1: [1], 2: [2], 3: [3], 4: [4]}
SCORE: 22.782

-------------------

/ɡˈulɔ/ - /ɡˈøla/
ɡ-ɡ / ˈu-ˈø / l-l / ɔ-a
{0: [0], 1: [1], 2: [2], 3: [3]}
{0: [0], 1: [1], 2: [2], 3: [3]}
SCORE: 25.477

-------------------

/ɡˈutɔ/ - /ɡˈota/
ɡ-ɡ / ˈu-ˈo / t-t / ɔ-a
{0: [0], 1: [1], 2: [2], 3: [3]}
{0: [0], 1: [1], 2: [2], 3: [3]}
SCORE: 26.622

-------------------

/ɪkutˈa/ - /ekotˈa/
ɪ-e / k-k / u-o / t-t / ˈa_#>-ˈa_#>
{0: [0], 1: [1], 2: [2], 3: [3], 4: [4]}
{0: [0], 1: [1], 2: [2], 3: [3], 4: [4]}
SCORE: 33.551

-------------------

/ɪkʀˈiwʀə/ - /ekʁˈiʁə/
ɪ-e / k-k / ʀ-ʁ / ˈi-ˈi / w-∅ / ʀ-ʁ / ə-ə
{0: [0], 1: [1], 2: [2], 3: [3], 4: [4], 5: [5], 6: [6]}
{0: [0], 1: [1], 2: [2], 3: [3], 4: None, 5: [4], 6: [5]}
SCORE: 27.796

-------------------

/ɪpˈinɔ/ - /epˈena/
ɪ-e / p-p / ˈi-ˈe / n-n / ɔ-a
{0: [0], 1: [1], 2: [2], 3: [3], 4: [4]}
{0: [0], 1: [1], 2: [2], 3: [3], 4: [4]}
SCORE: 30.561

-------------------

/ɪpˈiʤɔ/ - /epjˈa/
ɪ-e / p-p / ∅-j / ˈi-∅ / ʤ-∅ / ɔ-∅ / #>-ˈa_#>
{0: [0], 1: [1], 2: None, 3: [2], 4: [3], 5: [4], 6: None}
{0: [0], 1: [1], 2: [2], 3: None, 4: None, 5: None, 6: [3]}
SCORE: -2.127

-------------------

/ɪʧˈalɔ/ - /etˈɛːla/
ɪ-e / ʧ-t / ˈa-ˈɛː / l-l / ɔ-a
{0: [0], 1: [1], 2: [2], 3: [3], 4: [4]}
{0: [0], 1: [1], 2: [2], 3: [3], 4: [4]}
SCORE: 24.947

-------------------

/ɪʧˈiw/ - /etˈaː/
ɪ-e / ʧ-t / ∅-ˈaː / ˈi-∅ / w_#>-#>
{0: [0], 1: [1], 2: None, 3: [2], 4: [3]}
{0: [0], 1: [1], 2: [2], 3: None, 4: None}
SCORE: 1.645

-------------------

/ɲˈulɔ/ - /ɲˈol/
ɲ-ɲ / ˈu-ˈo / l-l / ɔ_#>-#>
{0: [0], 1: [1], 2: [2], 3: [3]}
{0: [0], 1: [1], 2: [2], 3: None}
SCORE: 20.279

-------------------

/ʀwˈɔdɔ/ - /ʁˈua/
<#_ʀ-<#_ʁ / w-∅ / ˈɔ-ˈu / d-∅ / ɔ-a
{0: [0], 1: [1], 2: [2], 3: [3], 4: [4]}
{0: [0], 1: None, 2: [1], 3: None, 4: [2]}
SCORE: 9.117

-------------------

/ʀwˈɔ̃ŋ/ - /ʁjˈɔ̃/
<#_ʀ-<#_ʁ / ∅-j / w-∅ / ˈɔ̃-ˈɔ̃ / ŋ_#>-#>
{0: [0], 1: None, 2: [1], 3: [2], 4: [3]}
{0: [0], 1: [1], 2: None, 3: [2], 4: None}
SCORE: 5.366

-------------------

/ʀɒsˈinɔ/ - /ʁasˈena/
<#_ʀ-<#_ʁ / ɒ-a / s-s / ˈi-ˈe / n-n / ɔ-a
{0: [0], 1: [1], 2: [2], 3: [3], 4: [4], 5: [5]}
{0: [0], 1: [1], 2: [2], 3: [3], 4: [4], 5: [5]}
SCORE: 31.745

-------------------

/ʀɒzˈũŋ/ - /ʁɛːzˈɔ̃/
<#_ʀ-<#_ʁ / ∅-ɛː / ɒ-∅ / z-z / ˈũ-ˈɔ̃ / ŋ_#>-#>
{0: [0], 1: None, 2: [1], 3: [2], 4: [3], 5: [4]}
{0: [0], 1: [1], 2: None, 3: [2], 4: [3], 5: None}
SCORE: 7.611

-------------------

/ʀɒʒˈĩm/ - /ʁɛzˈĩ/
<#_ʀ-<#_ʁ / ɒ-ɛ / ʒ-z / ˈĩ-ˈĩ / m_#>-#>
{0: [0], 1: [1], 2: [2], 3: [3], 4: [4]}
{0: [0], 1: [1], 2: [2], 3: [3], 4: None}
SCORE: 28.193

-------------------

/ʀˈej/ - /ʁˈɛː/
<#_ʀ-<#_ʁ / ˈe_j-ˈɛː
{0: [0], 1: [1, 2]}
{0: [0], 1: [1]}
SCORE: 10.965

-------------------

/ʀˈejnɔ/ - /ʁˈɛːna/
<#_ʀ-<#_ʁ / ˈe_j-ˈɛː / n-n / ɔ-a
{0: [0], 1: [1, 2], 2: [3], 3: [4]}
{0: [0], 1: [1], 2: [2], 3: [3]}
SCORE: 20.38

-------------------

/ʀˈuʤə/ - /ʁˈuʃ/
<#_ʀ-<#_ʁ / ˈu-ˈu / ʤ-∅ / ə-∅ / #>-ʃ_#>
{0: [0], 1: [1], 2: [2], 3: [3], 4: None}
{0: [0], 1: [1], 2: None, 3: None, 4: [2]}
SCORE: 0.901

-------------------

/ʃˈal/ - /sjˈɛl/
ʃ-s / ˈa-j / ∅-ˈɛ / l_#>-l_#>
{0: [0], 1: [1], 2: None, 3: [2]}
{0: [0], 1: [1], 2: [2], 3: [3]}
SCORE: 9.414

-------------------

/ʎwˈɔk/ - /lwˈa/
<#_ʎ-<#_l / w-w / ˈɔ-∅ / k-ˈa
{0: [0], 1: [1], 2: [2], 3: [3]}
{0: [0], 1: [1], 2: None, 3: [2]}
SCORE: 3.762

-------------------

/ʎˈas/ - /ɡʎˈasə/
∅-ɡ / ʎ-ʎ / ˈa-ˈa / s-s / ∅-ə
{0: None, 1: [0], 2: [1], 3: [2], 4: None}
{0: [0], 1: [1], 2: [2], 3: [3], 4: [4]}
SCORE: 10.451

-------------------

/ʎˈiwʀə/ - /lˈibʁo/
<#_ʎ-<#_l / ˈi-ˈi / w-b / ʀ-ʁ / ə-o
{0: [0], 1: [1], 2: [2], 3: [3], 4: [4]}
{0: [0], 1: [1], 2: [2], 3: [3], 4: [4]}
SCORE: 18.552

-------------------

/ʎˈiɲɔ/ - /lˈeɲə/
<#_ʎ-<#_l / ˈi-ˈe / ɲ-ɲ / ɔ-ə
{0: [0], 1: [1], 2: [2], 3: [3]}
{0: [0], 1: [1], 2: [2], 3: [3]}
SCORE: 21.803

-------------------

/ʎˈynɔ/ - /lˈuna/
<#_ʎ-<#_l / ˈy-ˈu / n-n / ɔ-a
{0: [0], 1: [1], 2: [2], 3: [3]}
{0: [0], 1: [1], 2: [2], 3: [3]}
SCORE: 23.807

-------------------

/ʤwˈɔk/ - /ðwˈe/
<#_ʤ-<#_ð / w-w / ˈɔ-∅ / k-∅ / #>-ˈe_#>
{0: [0], 1: [1], 2: [2], 3: [3], 4: None}
{0: [0], 1: [1], 2: None, 3: None, 4: [2]}
SCORE: 4.069

-------------------

/ʤwˈɪjnə/ - /ðwˈɛːno/
<#_ʤ-<#_ð / w-w / ˈɪ_j-ˈɛː / n-n / ə-o
{0: [0], 1: [1], 2: [2, 3], 3: [4], 4: [5]}
{0: [0], 1: [1], 2: [2], 3: [3], 4: [4]}
SCORE: 26.695

-------------------

/ʤɒlˈa/ - /ðəlˈa/
<#_ʤ-<#_ð / ɒ-ə / l-l / ˈa_#>-ˈa_#>
{0: [0], 1: [1], 2: [2], 3: [3]}
{0: [0], 1: [1], 2: [2], 3: [3]}
SCORE: 23.79

-------------------

/ʤɒnˈuʎ/ - /ðənˈøʎ/
<#_ʤ-<#_ð / ɒ-ə / n-n / ˈu-ˈø / ʎ-ʎ
{0: [0], 1: [1], 2: [2], 3: [3], 4: [4]}
{0: [0], 1: [1], 2: [2], 3: [3], 4: [4]}
SCORE: 30.468

-------------------

/ʤˈawnə/ - /ðˈoːno/
<#_ʤ-<#_ð / ˈa_w-ˈoː / n-n / ə-o
{0: [0], 1: [1, 2], 2: [3], 3: [4]}
{0: [0], 1: [1], 2: [2], 3: [3]}
SCORE: 25.127

-------------------

/ʤˈuʀ/ - /ʒˈɔʁno/
ʤ-ʒ / ∅-ˈɔ / ˈu-ʁ / ∅-n / ʀ-o
{0: [0], 1: None, 2: [1], 3: None, 4: [2]}
{0: [0], 1: [1], 2: [2], 3: [3], 4: [4]}
SCORE: 0.116

-------------------

/ʤˈyʧə/ - /ʒˈuðo/
ʤ-ʒ / ˈy-ˈu / ʧ_ə-ð_o
{0: [0], 1: [1], 2: [2, 3]}
{0: [0], 1: [1], 2: [2, 3]}
SCORE: 27.274

-------------------

/ʤˈỹɲ/ - /ʒwˈɛ̃/
ʤ-ʒ / ∅-w / ˈỹ-∅ / ɲ-ˈɛ̃
{0: [0], 1: None, 2: [1], 3: [2]}
{0: [0], 1: [1], 2: None, 3: [2]}
SCORE: 2.551

-------------------

/ʧãmʤˈa/ - /ʃĩʒjˈe/
ʧ-ʃ / ∅-ĩ / ã-∅ / m-∅ / ʤ-ʒ / ˈa-j / #>-ˈe_#>
{0: [0], 1: None, 2: [1], 3: [2], 4: [3], 5: [4], 6: None}
{0: [0], 1: [1], 2: None, 3: None, 4: [2], 5: [3], 6: [4]}
SCORE: 2.593

-------------------

/ʧãŋtˈa/ - /ʃɑ̃tˈa/
ʧ-ʃ / ã_ŋ-ɑ̃ / t-t / ˈa_#>-ˈa_#>
{0: [0], 1: [1, 2], 2: [3], 3: [4]}
{0: [0], 1: [1], 2: [2], 3: [3]}
SCORE: 25.722

-------------------

/ʧyʃˈi/ - /tosjˈe/
ʧ-t / ∅-o / y-∅ / ʃ-s_j / ˈi-ˈe
{0: [0], 1: None, 2: [1], 3: [2], 4: [3]}
{0: [0], 1: [1], 2: None, 3: [2, 3], 4: [4]}
SCORE: 1.882

-------------------

/ʧɒdˈɪnɔ/ - /ʃˈɑːnə/
ʧ-ʃ / ∅-ˈɑː / ɒ-∅ / d-∅ / ˈɪ-∅ / n-n / ɔ-ə
{0: [0], 1: None, 2: [1], 3: [2], 4: [3], 5: [4], 6: [5]}
{0: [0], 1: [1], 2: None, 3: None, 4: None, 5: [2], 6: [3]}
SCORE: -1.464

-------------------

/ʧɒsˈa/ - /ʃasjˈe/
ʧ-ʃ / ɒ-a / s-s / ˈa-j / #>-ˈe_#>
{0: [0], 1: [1], 2: [2], 3: [3], 4: None}
{0: [0], 1: [1], 2: [2], 3: [3], 4: [4]}
SCORE: 19.549

-------------------

/ʧɒtˈel/ - /ʃɑːtˈel/
ʧ-ʃ / ɒ-ɑː / t-t / ˈe-ˈe / l_#>-l_#>
{0: [0], 1: [1], 2: [2], 3: [3], 4: [4]}
{0: [0], 1: [1], 2: [2], 3: [3], 4: [4]}
SCORE: 30.957

-------------------

/ʧɒvˈal/ - /ʃəvˈal/
ʧ-ʃ / ɒ-ə / v-v / ˈa-ˈa / l_#>-l_#>
{0: [0], 1: [1], 2: [2], 3: [3], 4: [4]}
{0: [0], 1: [1], 2: [2], 3: [3], 4: [4]}
SCORE: 27.134

-------------------

/ʧɒʀʧˈa/ - /ʃɛʁʃjˈe/
ʧ-ʃ / ɒ-ɛ / ʀ-ʁ / ʧ-ʃ / ˈa-j / #>-ˈe_#>
{0: [0], 1: [1], 2: [2], 3: [3], 4: [4], 5: None}
{0: [0], 1: [1], 2: [2], 3: [3], 4: [4], 5: [5]}
SCORE: 22.848

-------------------

/ʧˈa/ - /ʃˈa/
ʧ-ʃ / ˈa_#>-ˈa_#>
{0: [0], 1: [1]}
{0: [0], 1: [1]}
SCORE: 15.312

-------------------

/ʧˈabʀɔ/ - /ʃjˈevʁa/
ʧ-ʃ / ˈa-j / b-ˈe_v / ʀ-ʁ / ɔ-a
{0: [0], 1: [1], 2: [2], 3: [3], 4: [4]}
{0: [0], 1: [1], 2: [2, 3], 3: [4], 4: [5]}
SCORE: 19.704

-------------------

/ʧˈaw/ - /ʃˈoː/
ʧ-ʃ / ˈa_w-ˈoː
{0: [0], 1: [1, 2]}
{0: [0], 1: [1]}
SCORE: 13.517

-------------------

/ʧˈaʀ/ - /ʃˈeʁ/
ʧ-ʃ / ˈa-ˈe / ʀ_#>-ʁ_#>
{0: [0], 1: [1], 2: [2]}
{0: [0], 1: [1], 2: [2]}
SCORE: 15.262

-------------------

/ʧˈaʀ/ - /ʃˈɛːʁ/
ʧ-ʃ / ˈa-ˈɛː / ʀ_#>-ʁ_#>
{0: [0], 1: [1], 2: [2]}
{0: [0], 1: [1], 2: [2]}
SCORE: 16.164

-------------------

/ʧˈãmbʀɔ/ - /ʃˈɑ̃bʁa/
ʧ-ʃ / ˈã_m-ˈɑ̃ / b-b / ʀ-ʁ / ɔ-a
{0: [0], 1: [1, 2], 2: [3], 3: [4], 4: [5]}
{0: [0], 1: [1], 2: [2], 3: [3], 4: [4]}
SCORE: 25.09

-------------------

/ʧˈãŋ/ - /ʃˈɑ̃/
ʧ-ʃ / ˈã-ˈɑ̃ / ŋ_#>-#>
{0: [0], 1: [1], 2: [2]}
{0: [0], 1: [1], 2: None}
SCORE: 14.127

-------------------

/ʧˈĩŋ/ - /ʃˈĩ/
ʧ-ʃ / ˈĩ-ˈĩ / ŋ_#>-#>
{0: [0], 1: [1], 2: [2]}
{0: [0], 1: [1], 2: None}
SCORE: 15.424

-------------------

/ʧˈy/ - /tˈɛ/
ʧ-t / ∅-ˈɛ / ˈy-∅
{0: [0], 1: None, 2: [1]}
{0: [0], 1: [1], 2: None}
SCORE: -3.151

-------------------

/ʧˈɔl/ - /kˈul/
∅-k / ʧ-∅ / ˈɔ-ˈu / l_#>-l_#>
{0: None, 1: [0], 2: [1], 3: [2]}
{0: [0], 1: None, 2: [1], 3: [2]}
SCORE: 4.986

-------------------

/ˈawbɔ/ - /ˈɑːba/
ˈa-ˈɑː / w-∅ / b-b / ɔ-a
{0: [0], 1: [1], 2: [2], 3: [3]}
{0: [0], 1: None, 2: [1], 3: [2]}
SCORE: 12.193

-------------------

/ˈawbʀə/ - /ˈaːʁbʁo/
ˈa-ˈaː / ∅-ʁ / w-∅ / b-b / ʀ-ʁ / ə-o
{0: [0], 1: None, 2: [1], 3: [2], 4: [3], 5: [4]}
{0: [0], 1: [1], 2: None, 3: [2], 4: [3], 5: [4]}
SCORE: 10.633

-------------------

/ˈawtə/ - /ˈoːtʁo/
ˈa_w-ˈoː / t-t / ə-ʁ_o
{0: [0, 1], 1: [2], 2: [3]}
{0: [0], 1: [1], 2: [2, 3]}
SCORE: 15.144

-------------------

/ˈawʀ/ - /ˈoːʁ/
ˈa_w-ˈoː / ʀ_#>-ʁ_#>
{0: [0, 1], 1: [2]}
{0: [0], 1: [1]}
SCORE: 12.381

-------------------

/ˈawʧɔ/ - /wˈejə/
<#-<#_w / ∅-ˈe / ˈa-j / w-∅ / ʧ-∅ / ɔ-ə
{0: None, 1: None, 2: [0], 3: [1], 4: [2], 5: [3]}
{0: [0], 1: [1], 2: [2], 3: None, 4: None, 5: [3]}
SCORE: -6.56

-------------------

/ˈaʎɔ/ - /ˈɑːʎ/
ˈa-ˈɑː / ʎ-ʎ / ɔ_#>-#>
{0: [0], 1: [1], 2: [2]}
{0: [0], 1: [1], 2: None}
SCORE: 11.128

-------------------

/ˈãmɔ/ - /ˈɑːma/
<#-<#_ˈɑː / ˈã-∅ / m-m / ɔ-a
{0: None, 1: [0], 2: [1], 3: [2]}
{0: [0], 1: None, 2: [1], 3: [2]}
SCORE: 7.507

-------------------

/ˈãŋ/ - /jˈɑ̃/
∅-j / ˈã-ˈɑ̃ / ŋ_#>-#>
{0: None, 1: [0], 2: [1]}
{0: [0], 1: [1], 2: None}
SCORE: 4.156

-------------------

/ˈãŋʤə/ - /ˈɑ̃ðə/
ˈã_ŋ-ˈɑ̃ / ʤ-ð / ə-ə
{0: [0, 1], 1: [2], 2: [3]}
{0: [0], 1: [1], 2: [2]}
SCORE: 15.679

-------------------

/ˈejɡɔ/ - /ˈeɡa/
ˈe_j-ˈe / ɡ-ɡ / ɔ-a
{0: [0, 1], 1: [2], 2: [3]}
{0: [0], 1: [1], 2: [2]}
SCORE: 15.947

-------------------

/ˈeʀbɔ/ - /ˈɛʁba/
ˈe-ˈɛ / ʀ-ʁ / b-b / ɔ-a
{0: [0], 1: [1], 2: [2], 3: [3]}
{0: [0], 1: [1], 2: [2], 3: [3]}
SCORE: 19.963

-------------------

/ˈilːɔ/ - /ˈila/
ˈi-ˈi / lː-l / ɔ-a
{0: [0], 1: [1], 2: [2]}
{0: [0], 1: [1], 2: [2]}
SCORE: 17.651

-------------------

/ˈuʀsə/ - /ˈoːʁs/
ˈu-ˈoː / ʀ-ʁ / s-s / ə_#>-#>
{0: [0], 1: [1], 2: [2], 3: [3]}
{0: [0], 1: [1], 2: [2], 3: None}
SCORE: 12.965

-------------------

/ˈũŋʎɔ/ - /ˈɔ̃ɡʎə/
ˈũ_ŋ-ˈɔ̃ / ∅-ɡ / ʎ-ʎ / ɔ-ə
{0: [0, 1], 1: None, 2: [2], 3: [3]}
{0: [0], 1: [1], 2: [2], 3: [3]}
SCORE: 11.835

-------------------

/ˈœj/ - /wˈe/
ˈœ-w / j-ˈe
{0: [0], 1: [1]}
{0: [0], 1: [1]}
SCORE: 12.462

-------------------

/ˈœʎ/ - /wˈeʎ/
ˈœ-w / ∅-ˈe / ʎ-ʎ
{0: [0], 1: None, 2: [1]}
{0: [0], 1: [1], 2: [2]}
SCORE: 11.114

-------------------

/ˈɪl/ - /ˈi/
ˈɪ-ˈi / l_#>-#>
{0: [0], 1: [1]}
{0: [0], 1: None}
SCORE: 6.676

-------------------

/ˈɪlɔ/ - /lˈɛ/
<#-<#_l / ˈɪ-ˈɛ / l-∅ / ɔ_#>-#>
{0: None, 1: [0], 2: [1], 3: [2]}
{0: [0], 1: [1], 2: None, 3: None}
SCORE: 1.161
