/blˈoːma/ - /blˈoːmə/
b-b / l-l / ˈoː-ˈoː / m-m / a-ə
{0: [0], 1: [1], 2: [2], 3: [3], 4: [4]}
{0: [0], 1: [1], 2: [2], 3: [3], 4: [4]}
SCORE: 31.786

-------------------

/blˈoːθ/ - /blˈoːd/
b-b / l-l / ˈoː-ˈoː / θ_#>-d_#>
{0: [0], 1: [1], 2: [2], 3: [3]}
{0: [0], 1: [1], 2: [2], 3: [3]}
SCORE: 26.269

-------------------

/brˈoːθar/ - /brˈoːðər/
b-b / r-r / ˈoː-ˈoː / θ-ð / a-ə / r_#>-r_#>
{0: [0], 1: [1], 2: [2], 3: [3], 4: [4], 5: [5]}
{0: [0], 1: [1], 2: [2], 3: [3], 4: [4], 5: [5]}
SCORE: 35.388

-------------------

/brˈusts/ - /brˈi̯aːst/
b-b / r-r / ∅-ˈi̯aː / ˈu-∅ / s-s / t_s_#>-t_#>
{0: [0], 1: [1], 2: None, 3: [2], 4: [3], 5: [4, 5]}
{0: [0], 1: [1], 2: [2], 3: None, 4: [3], 5: [4]}
SCORE: 11.866

-------------------

/brˈɔθ/ - /brˈaːd/
b-b / r-r / ˈɔ-ˈaː / θ_#>-d_#>
{0: [0], 1: [1], 2: [2], 3: [3]}
{0: [0], 1: [1], 2: [2], 3: [3]}
SCORE: 21.242

-------------------

/bˈarn/ - /bˈeːrn/
b-b / ∅-ˈeː / ˈa-∅ / r_n-r_n
{0: [0], 1: None, 2: [1], 3: [2, 3]}
{0: [0], 1: [1], 2: None, 3: [2, 3]}
SCORE: 11.114

-------------------

/bˈasi/ - /bˈerjə/
b-b / ˈa-ˈe / s-r / ∅-j / i-ə
{0: [0], 1: [1], 2: [2], 3: None, 4: [3]}
{0: [0], 1: [1], 2: [2], 3: [3], 4: [4]}
SCORE: 12.327

-------------------

/bˈatiza/ - /bˈetərə/
b-b / ˈa-ˈe / t-t / i-ə / z-r / a-ə
{0: [0], 1: [1], 2: [2], 3: [3], 4: [4], 5: [5]}
{0: [0], 1: [1], 2: [2], 3: [3], 4: [4], 5: [5]}
SCORE: 27.332

-------------------

/bˈaɡms/ - /bˈaːm/
b-b / ˈa-ˈaː / ɡ-∅ / m_s_#>-m_#>
{0: [0], 1: [1], 2: [2], 3: [3, 4]}
{0: [0], 1: [1], 2: None, 3: [2]}
SCORE: 12.096

-------------------

/bˈindan/ - /bˈində/
b-b / ˈi-ˈi / n-n / d-d / a-ə / n_#>-#>
{0: [0], 1: [1], 2: [2], 3: [3], 4: [4], 5: [5]}
{0: [0], 1: [1], 2: [2], 3: [3], 4: [4], 5: None}
SCORE: 26.146

-------------------

/bˈiðjan/ - /bˈidːə/
b-b / ˈi-ˈi / ð_j-dː / a-ə / n_#>-#>
{0: [0], 1: [1], 2: [2, 3], 3: [4], 4: [5]}
{0: [0], 1: [1], 2: [2], 3: [3], 4: None}
SCORE: 21.444

-------------------

/bˈiːtan/ - /bˈiːtə/
b-b / ˈiː-ˈiː / t-t / a-ə / n_#>-#>
{0: [0], 1: [1], 2: [2], 3: [3], 4: [4]}
{0: [0], 1: [1], 2: [2], 3: [3], 4: None}
SCORE: 23.444

-------------------

/bˈɛra/ - /bˈerə/
b-b / ˈɛ-ˈe / r-r / a-ə
{0: [0], 1: [1], 2: [2], 3: [3]}
{0: [0], 1: [1], 2: [2], 3: [3]}
SCORE: 24.158

-------------------

/bˈɛrɡs/ - /bˈerx/
b-b / ˈɛ-ˈe / r-r / ɡ-∅ / s-x
{0: [0], 1: [1], 2: [2], 3: [3], 4: [4]}
{0: [0], 1: [1], 2: [2], 3: None, 4: [3]}
SCORE: 16.816

-------------------

/drˈiŋkan/ - /drˈiŋkə/
<#_d-<#_d / r-r / ˈi-ˈi / ŋ-ŋ / k-k / a-ə / n_#>-#>
{0: [0], 1: [1], 2: [2], 3: [3], 4: [4], 5: [5], 6: [6]}
{0: [0], 1: [1], 2: [2], 3: [3], 4: [4], 5: [5], 6: None}
SCORE: 34.04

-------------------

/drˈiːβan/ - /drˈiːvə/
<#_d-<#_d / r-r / ˈiː-ˈiː / β-v / a-ə / n_#>-#>
{0: [0], 1: [1], 2: [2], 3: [3], 4: [4], 5: [5]}
{0: [0], 1: [1], 2: [2], 3: [3], 4: [4], 5: None}
SCORE: 24.932

-------------------

/dˈaxs/ - /dˈej/
<#_d-<#_d / ˈa-ˈe / ∅-j / x-∅ / s_#>-#>
{0: [0], 1: [1], 2: None, 3: [2], 4: [3]}
{0: [0], 1: [1], 2: [2], 3: None, 4: None}
SCORE: 1.837

-------------------

/dˈiu̯ps/ - /dˈi̯aːp/
<#_d-<#_d / ˈiu̯-ˈi̯aː / p-p / s_#>-#>
{0: [0], 1: [1], 2: [2], 3: [3]}
{0: [0], 1: [1], 2: [2], 3: None}
SCORE: 20.88

-------------------

/dˈiu̯s/ - /dˈi̯aːr/
<#_d-<#_d / ˈiu̯-ˈi̯aː / s-r
{0: [0], 1: [1], 2: [2]}
{0: [0], 1: [1], 2: [2]}
SCORE: 16.194

-------------------

/dˈɔːhtar/ - /dˈoxtər/
<#_d-<#_d / ˈɔː-ˈo / h-x / t-t / a-ə / r_#>-r_#>
{0: [0], 1: [1], 2: [2], 3: [3], 4: [4], 5: [5]}
{0: [0], 1: [1], 2: [2], 3: [3], 4: [4], 5: [5]}
SCORE: 31.851

-------------------

/dˈɔːθs/ - /dˈaːd/
<#_d-<#_d / ˈɔː-ˈaː / θ_s-d
{0: [0], 1: [1], 2: [2, 3]}
{0: [0], 1: [1], 2: [2]}
SCORE: 18.543

-------------------

/dˈɔːθus/ - /dˈaːθ/
<#_d-<#_d / ˈɔː-ˈaː / θ-θ / u-∅ / s_#>-#>
{0: [0], 1: [1], 2: [2], 3: [3], 4: [4]}
{0: [0], 1: [1], 2: [2], 3: None, 4: None}
SCORE: 14.002

-------------------

/frˈijoːnds/ - /frˈi̯uːnd/
f-f / r-r / ˈi-ˈi̯uː / j-∅ / oː-∅ / n-n / d-d / s_#>-#>
{0: [0], 1: [1], 2: [2], 3: [3], 4: [4], 5: [5], 6: [6], 7: [7]}
{0: [0], 1: [1], 2: [2], 3: None, 4: None, 5: [3], 6: [4], 7: None}
SCORE: 12.1

-------------------

/frˈiːs/ - /frˈiː/
f-f / r-r / ˈiː-ˈiː / s_#>-#>
{0: [0], 1: [1], 2: [2], 3: [3]}
{0: [0], 1: [1], 2: [2], 3: None}
SCORE: 18.221

-------------------

/fˈaðar/ - /fˈedər/
f-f / ˈa-ˈe / ∅-d / ð-∅ / a-ə / r_#>-r_#>
{0: [0], 1: [1], 2: None, 3: [2], 4: [3], 5: [4]}
{0: [0], 1: [1], 2: [2], 3: None, 4: [3], 5: [4]}
SCORE: 12.685

-------------------

/fˈimf/ - /fˈiːf/
f-f / ∅-ˈiː / ˈi-∅ / m-∅ / f-f
{0: [0], 1: None, 2: [1], 3: [2], 4: [3]}
{0: [0], 1: [1], 2: None, 3: None, 4: [2]}
SCORE: 1.006

-------------------

/fˈinθan/ - /fˈində/
f-f / ˈi-ˈi / n-n / θ-d / a-ə / n_#>-#>
{0: [0], 1: [1], 2: [2], 3: [3], 4: [4], 5: [5]}
{0: [0], 1: [1], 2: [2], 3: [3], 4: [4], 5: None}
SCORE: 23.841

-------------------

/fˈisks/ - /fˈisk/
f-f / ˈi-ˈi / s-s / k_s_#>-k_#>
{0: [0], 1: [1], 2: [2], 3: [3, 4]}
{0: [0], 1: [1], 2: [2], 3: [3]}
SCORE: 23.181

-------------------

/fˈiðwoːr/ - /fˈi̯uːwər/
f-f / ˈi-ˈi̯uː / ð-∅ / w-w / oː-ə / r_#>-r_#>
{0: [0], 1: [1], 2: [2], 3: [3], 4: [4], 5: [5]}
{0: [0], 1: [1], 2: None, 3: [2], 4: [3], 5: [4]}
SCORE: 20.287

-------------------

/fˈiŋɡrs/ - /fˈiŋɡər/
f-f / ˈi-ˈi / ŋ-ŋ / ɡ-ɡ / ∅-ə / r-r / s_#>-#>
{0: [0], 1: [1], 2: [2], 3: [3], 4: None, 5: [4], 6: [5]}
{0: [0], 1: [1], 2: [2], 3: [3], 4: [4], 5: [5], 6: None}
SCORE: 24.978

-------------------

/fˈoːn/ - /fˈi̯uːr/
f-f / ∅-ˈi̯uː / ˈoː-∅ / n-r
{0: [0], 1: None, 2: [1], 3: [2]}
{0: [0], 1: [1], 2: None, 3: [2]}
SCORE: -0.339

-------------------

/fˈoːtus/ - /fˈoːt/
f-f / ˈoː-ˈoː / t-t / u-∅ / s_#>-#>
{0: [0], 1: [1], 2: [2], 3: [3], 4: [4]}
{0: [0], 1: [1], 2: [2], 3: None, 4: None}
SCORE: 13.533

-------------------

/fˈulːs/ - /fˈulː/
f-f / ˈu-ˈu / lː-lː / s_#>-#>
{0: [0], 1: [1], 2: [2], 3: [3]}
{0: [0], 1: [1], 2: [2], 3: None}
SCORE: 21.731

-------------------

/fˈuɡls/ - /fˈuɣəl/
f-f / ˈu-ˈu / ∅-ɣ / ɡ-∅ / l-ə / s-l
{0: [0], 1: [1], 2: None, 3: [2], 4: [3], 5: [4]}
{0: [0], 1: [1], 2: [2], 3: None, 4: [3], 5: [4]}
SCORE: 4.92

-------------------

/fˈɔːr/ - /fˈor/
f-f / ˈɔː-ˈo / r_#>-r_#>
{0: [0], 1: [1], 2: [2]}
{0: [0], 1: [1], 2: [2]}
SCORE: 20.204

-------------------

/hlˈahjan/ - /hlˈakːjə/
h-h / l-l / ˈa-ˈa / h_j-kː / a-j / n-ə
{0: [0], 1: [1], 2: [2], 3: [3, 4], 4: [5], 5: [6]}
{0: [0], 1: [1], 2: [2], 3: [3], 4: [4], 5: [5]}
SCORE: 18.205

-------------------

/hlˈɔːpan/ - /hlˈaːpə/
h-h / l-l / ˈɔː-ˈaː / p-p / a-ə / n_#>-#>
{0: [0], 1: [1], 2: [2], 3: [3], 4: [4], 5: [5]}
{0: [0], 1: [1], 2: [2], 3: [3], 4: [4], 5: None}
SCORE: 28.39

-------------------

/hrˈiŋɡs/ - /hrˈiŋɡ/
h-h / r-r / ˈi-ˈi / ŋ-ŋ / ɡ-ɡ / s_#>-#>
{0: [0], 1: [1], 2: [2], 3: [3], 4: [4], 5: [5]}
{0: [0], 1: [1], 2: [2], 3: [3], 4: [4], 5: None}
SCORE: 29.586

-------------------

/hˈalbs/ - /hˈalf/
h-h / ˈa-ˈa / l-l / b-f / s_#>-#>
{0: [0], 1: [1], 2: [2], 3: [3], 4: [4]}
{0: [0], 1: [1], 2: [2], 3: [3], 4: None}
SCORE: 18.482

-------------------

/hˈandus/ - /hˈɔːnd/
h-h / ˈa-ˈɔː / n-n / d-d / u-∅ / s_#>-#>
{0: [0], 1: [1], 2: [2], 3: [3], 4: [4], 5: [5]}
{0: [0], 1: [1], 2: [2], 3: [3], 4: None, 5: None}
SCORE: 14.089

-------------------

/hˈataːn/ - /hˈatjə/
h-h / ˈa-ˈa / t-t / ∅-j / aː-∅ / n-ə
{0: [0], 1: [1], 2: [2], 3: None, 4: [3], 5: [4]}
{0: [0], 1: [1], 2: [2], 3: [3], 4: None, 5: [4]}
SCORE: 8.366

-------------------

/hˈaβaːn/ - /hˈebːə/
h-h / ˈa-ˈe / β_aː-bː / n-ə
{0: [0], 1: [1], 2: [2, 3], 3: [4]}
{0: [0], 1: [1], 2: [2], 3: [3]}
SCORE: 16.624

-------------------

/hˈeːr/ - /hˈeːr/
h-h / ˈeː-ˈeː / r_#>-r_#>
{0: [0], 1: [1], 2: [2]}
{0: [0], 1: [1], 2: [2]}
SCORE: 20.984

-------------------

/hˈilpan/ - /hˈelpə/
h-h / ˈi-ˈe / l-l / p-p / a-ə / n_#>-#>
{0: [0], 1: [1], 2: [2], 3: [3], 4: [4], 5: [5]}
{0: [0], 1: [1], 2: [2], 3: [3], 4: [4], 5: None}
SCORE: 25.881

-------------------

/hˈund/ - /hˈunderd/
h-h / ˈu-ˈu / n-n / d-d / ∅-e / ∅-r / #>-d_#>
{0: [0], 1: [1], 2: [2], 3: [3], 4: None, 5: None, 6: None}
{0: [0], 1: [1], 2: [2], 3: [3], 4: [4], 5: [5], 6: [6]}
SCORE: 12.949

-------------------

/hˈunds/ - /hˈund/
h-h / ˈu-ˈu / n-n / d-d / s_#>-#>
{0: [0], 1: [1], 2: [2], 3: [3], 4: [4]}
{0: [0], 1: [1], 2: [2], 3: [3], 4: None}
SCORE: 21.498

-------------------

/hˈuːs/ - /hˈuːs/
h-h / ˈuː-ˈuː / s-s
{0: [0], 1: [1], 2: [2]}
{0: [0], 1: [1], 2: [2]}
SCORE: 20.875

-------------------

/hˈɔrn/ - /hˈɔːrn/
h-h / ˈɔ-ˈɔː / r_n-r_n
{0: [0], 1: [1], 2: [2, 3]}
{0: [0], 1: [1], 2: [2, 3]}
SCORE: 25.644

-------------------

/hˈɔːhs/ - /hˈaːx/
h-h / ˈɔː-ˈaː / h_s-x
{0: [0], 1: [1], 2: [2, 3]}
{0: [0], 1: [1], 2: [2]}
SCORE: 17.953

-------------------

/hˈɔːsjan/ - /hˈɛːrə/
h-h / ˈɔː-ˈɛː / s-r / j_a-ə / n_#>-#>
{0: [0], 1: [1], 2: [2], 3: [3, 4], 4: [5]}
{0: [0], 1: [1], 2: [2], 3: [3], 4: None}
SCORE: 9.154

-------------------

/hˈɔβiθ/ - /hˈaːvəd/
h-h / ˈɔ-ˈaː / β-v / i-ə / θ_#>-d_#>
{0: [0], 1: [1], 2: [2], 3: [3], 4: [4]}
{0: [0], 1: [1], 2: [2], 3: [3], 4: [4]}
SCORE: 21.323

-------------------

/hˈɛrtoː/ - /hˈertə/
h-h / ˈɛ-ˈe / r-r / t-t / oː-ə
{0: [0], 1: [1], 2: [2], 3: [3], 4: [4]}
{0: [0], 1: [1], 2: [2], 3: [3], 4: [4]}
SCORE: 27.544

-------------------

/hˈɛːlaxs/ - /hˈɛːləx/
h-h / ˈɛː-ˈɛː / l-l / a-ə / x-∅ / s-x
{0: [0], 1: [1], 2: [2], 3: [3], 4: [4], 5: [5]}
{0: [0], 1: [1], 2: [2], 3: [3], 4: None, 5: [4]}
SCORE: 21.362

-------------------

/hˈɛːms/ - /hˈɛːm/
h-h / ˈɛː-ˈɛː / m_s_#>-m_#>
{0: [0], 1: [1], 2: [2, 3]}
{0: [0], 1: [1], 2: [2]}
SCORE: 20.64

-------------------

/jˈeːr/ - /jˈeːr/
<#_j-<#_j / ˈeː-ˈeː / r_#>-r_#>
{0: [0], 1: [1], 2: [2]}
{0: [0], 1: [1], 2: [2]}
SCORE: 22.633

-------------------

/jˈuŋɡs/ - /jˈuŋɡ/
<#_j-<#_j / ˈu-ˈu / ŋ-ŋ / ɡ-ɡ / s_#>-#>
{0: [0], 1: [1], 2: [2], 3: [3], 4: [4]}
{0: [0], 1: [1], 2: [2], 3: [3], 4: None}
SCORE: 27.431

-------------------

/jˈuːs/ - /jˈiː/
<#_j-<#_j / ˈuː-∅ / s-ˈiː
{0: [0], 1: [1], 2: [2]}
{0: [0], 1: None, 2: [1]}
SCORE: 4.134

-------------------

/knˈiu̯/ - /knˈiː/
<#_k-<#_k / n-n / ∅-ˈiː / ˈiu̯-∅
{0: [0], 1: [1], 2: None, 3: [2]}
{0: [0], 1: [1], 2: [2], 3: None}
SCORE: 4.948

-------------------

/kʷˈiman/ - /kˈomə/
kʷ-k_ˈo / ˈi-∅ / m-m / a-ə / n_#>-#>
{0: [0], 1: [1], 2: [2], 3: [3], 4: [4]}
{0: [0, 1], 1: None, 2: [2], 3: [3], 4: None}
SCORE: 9.335

-------------------

/kˈalboː/ - /kˈalf/
<#_k-<#_k / ˈa-ˈa / l-l / b-f / oː-∅
{0: [0], 1: [1], 2: [2], 3: [3], 4: [4]}
{0: [0], 1: [1], 2: [2], 3: [3], 4: None}
SCORE: 17.222

-------------------

/kˈalds/ - /kˈald/
<#_k-<#_k / ˈa-ˈa / l-l / d-d / s_#>-#>
{0: [0], 1: [1], 2: [2], 3: [3], 4: [4]}
{0: [0], 1: [1], 2: [2], 3: [3], 4: None}
SCORE: 22.728

-------------------

/kˈanːjan/ - /kˈenːə/
<#_k-<#_k / ˈa-ˈe / nː-nː / j_a-ə / n_#>-#>
{0: [0], 1: [1], 2: [2], 3: [3, 4], 4: [5]}
{0: [0], 1: [1], 2: [2], 3: [3], 4: None}
SCORE: 20.31

-------------------

/kˈunːan/ - /kˈunːə/
<#_k-<#_k / ˈu-ˈu / nː-nː / a-ə / n_#>-#>
{0: [0], 1: [1], 2: [2], 3: [3], 4: [4]}
{0: [0], 1: [1], 2: [2], 3: [3], 4: None}
SCORE: 25.86

-------------------

/kˈɔrn/ - /kˈɔːrn/
<#_k-<#_k / ˈɔ-ˈɔː / r_n-r_n
{0: [0], 1: [1], 2: [2, 3]}
{0: [0], 1: [1], 2: [2, 3]}
SCORE: 26.52

-------------------

/lˈamb/ - /lˈam/
<#_l-<#_l / ˈa-ˈa / m-m / b-∅
{0: [0], 1: [1], 2: [2], 3: [3]}
{0: [0], 1: [1], 2: [2], 3: None}
SCORE: 16.941

-------------------

/lˈant/ - /lˈɔːnd/
<#_l-<#_l / ˈa-ˈɔː / n-n / t_#>-d_#>
{0: [0], 1: [1], 2: [2], 3: [3]}
{0: [0], 1: [1], 2: [2], 3: [3]}
SCORE: 19.97

-------------------

/lˈaŋɡs/ - /lˈɔːŋɡ/
<#_l-<#_l / ˈa-ˈɔː / ŋ-ŋ / ɡ-ɡ / s_#>-#>
{0: [0], 1: [1], 2: [2], 3: [3], 4: [4]}
{0: [0], 1: [1], 2: [2], 3: [3], 4: None}
SCORE: 24.248

-------------------

/lˈiu̯fs/ - /lˈi̯aːf/
<#_l-<#_l / ˈiu̯-ˈi̯aː / f-f / s_#>-#>
{0: [0], 1: [1], 2: [2], 3: [3]}
{0: [0], 1: [1], 2: [2], 3: None}
SCORE: 19.855

-------------------

/lˈiu̯ɣan/ - /lˈi̯aːɣə/
<#_l-<#_l / ˈiu̯-ˈi̯aː / ɣ-ɣ / a-ə / n_#>-#>
{0: [0], 1: [1], 2: [2], 3: [3], 4: [4]}
{0: [0], 1: [1], 2: [2], 3: [3], 4: None}
SCORE: 23.491

-------------------

/lˈiɣan/ - /lˈiʣjə/
<#_l-<#_l / ˈi-ˈi / ɣ-ʣ / a-j / n-ə
{0: [0], 1: [1], 2: [2], 3: [3], 4: [4]}
{0: [0], 1: [1], 2: [2], 3: [3], 4: [4]}
SCORE: 20.306

-------------------

/lˈɔːfs/ - /lˈaːf/
<#_l-<#_l / ˈɔː-ˈaː / f-f / s_#>-#>
{0: [0], 1: [1], 2: [2], 3: [3]}
{0: [0], 1: [1], 2: [2], 3: None}
SCORE: 19.232

-------------------

/mˈanːa/ - /mˈɔːn/
m-m / ˈa-ˈɔː_n / nː-∅ / a_#>-#>
{0: [0], 1: [1], 2: [2], 3: [3]}
{0: [0], 1: [1, 2], 2: None, 3: None}
SCORE: 4.293

-------------------

/mˈanːisks/ - /mˈenːəskə/
m-m / ˈa-ˈe / nː-nː / i-ə / s-s / k-k / s-ə
{0: [0], 1: [1], 2: [2], 3: [3], 4: [4], 5: [5], 6: [6]}
{0: [0], 1: [1], 2: [2], 3: [3], 4: [4], 5: [5], 6: [6]}
SCORE: 31.748

-------------------

/mˈariː/ - /mˈerə/
m-m / ˈa-ˈe / r-r / iː-ə
{0: [0], 1: [1], 2: [2], 3: [3]}
{0: [0], 1: [1], 2: [2], 3: [3]}
SCORE: 22.467

-------------------

/mˈeːna/ - /mˈɔːnə/
m-m / ˈeː-ˈɔː / n-n / a-ə
{0: [0], 1: [1], 2: [2], 3: [3]}
{0: [0], 1: [1], 2: [2], 3: [3]}
SCORE: 21.684

-------------------

/mˈeːnoːθs/ - /mˈɔːnəθ/
m-m / ˈeː-ˈɔː / n-n / oː-ə / θ-θ / s_#>-#>
{0: [0], 1: [1], 2: [2], 3: [3], 4: [4], 5: [5]}
{0: [0], 1: [1], 2: [2], 3: [3], 4: [4], 5: None}
SCORE: 23.901

-------------------

/mˈiluks/ - /mˈelək/
m-m / ˈi-ˈe / l-l / u-ə / k_s_#>-k_#>
{0: [0], 1: [1], 2: [2], 3: [3], 4: [4, 5]}
{0: [0], 1: [1], 2: [2], 3: [3], 4: [4]}
SCORE: 25.111

-------------------

/mˈis/ - /mˈeː/
m-m / ˈi-ˈeː / s_#>-#>
{0: [0], 1: [1], 2: [2]}
{0: [0], 1: [1], 2: None}
SCORE: 9.212

-------------------

/mˈunθs/ - /mˈuːθ/
m-m / ˈu-ˈuː / n_θ-θ / s_#>-#>
{0: [0], 1: [1], 2: [2, 3], 3: [4]}
{0: [0], 1: [1], 2: [2], 3: None}
SCORE: 10.426

-------------------

/nˈahts/ - /nˈaxt/
<#_n-<#_n / ˈa-ˈa / h-x / t_s_#>-t_#>
{0: [0], 1: [1], 2: [2], 3: [3, 4]}
{0: [0], 1: [1], 2: [2], 3: [3]}
SCORE: 22.646

-------------------

/nˈamoː/ - /nˈɔːmə/
<#_n-<#_n / ˈa-ˈɔː / m-m / oː-ə
{0: [0], 1: [1], 2: [2], 3: [3]}
{0: [0], 1: [1], 2: [2], 3: [3]}
SCORE: 24.256

-------------------

/nˈaɡls/ - /nˈejl/
<#_n-<#_n / ˈa-ˈe / ɡ-j / l-l / s_#>-#>
{0: [0], 1: [1], 2: [2], 3: [3], 4: [4]}
{0: [0], 1: [1], 2: [2], 3: [3], 4: None}
SCORE: 18.842

-------------------

/nˈeːθla/ - /nˈeːdlə/
<#_n-<#_n / ˈeː-ˈeː / θ-d / l-l / a-ə
{0: [0], 1: [1], 2: [2], 3: [3], 4: [4]}
{0: [0], 1: [1], 2: [2], 3: [3], 4: [4]}
SCORE: 29.65

-------------------

/nˈiu̯jis/ - /nˈiːə/
<#_n-<#_n / ∅-ˈiː / ˈiu̯-∅ / j-∅ / i-ə / s_#>-#>
{0: [0], 1: None, 2: [1], 3: [2], 4: [3], 5: [4]}
{0: [0], 1: [1], 2: None, 3: None, 4: [2], 5: None}
SCORE: -2.791

-------------------

/rˈiɡn/ - /rˈejn/
<#_r-<#_r / ˈi-ˈe / ɡ-j / n-n
{0: [0], 1: [1], 2: [2], 3: [3]}
{0: [0], 1: [1], 2: [2], 3: [3]}
SCORE: 20.023

-------------------

/rˈiːkiːs/ - /rˈikə/
<#_r-<#_r / ∅-ˈi / ˈiː-∅ / k-k / iː-ə / s_#>-#>
{0: [0], 1: None, 2: [1], 3: [2], 4: [3], 5: [4]}
{0: [0], 1: [1], 2: None, 3: [2], 4: [3], 5: None}
SCORE: 7.541

-------------------

/rˈɔθs/ - /rˈaːd/
<#_r-<#_r / ˈɔ-ˈaː / θ_s-d
{0: [0], 1: [1], 2: [2, 3]}
{0: [0], 1: [1], 2: [2]}
SCORE: 15.373

-------------------

/rˈɛhts/ - /rjˈoxt/
<#_r-<#_r / ∅-j / ∅-ˈo / ˈɛ-∅ / h-x / t_s_#>-t_#>
{0: [0], 1: None, 2: None, 3: [1], 4: [2], 5: [3, 4]}
{0: [0], 1: [1], 2: [2], 3: None, 4: [3], 5: [4]}
SCORE: 2.772

-------------------

/skˈarps/ - /skˈarp/
<#_s-<#_s / k-k / ˈa-ˈa / r-r / p-p / s_#>-#>
{0: [0], 1: [1], 2: [2], 3: [3], 4: [4], 5: [5]}
{0: [0], 1: [1], 2: [2], 3: [3], 4: [4], 5: None}
SCORE: 27.638

-------------------

/skˈildus/ - /skˈeːld/
<#_s-<#_s / k-k / ˈi-ˈeː / l-l / d-d / u-∅ / s_#>-#>
{0: [0], 1: [1], 2: [2], 3: [3], 4: [4], 5: [5], 6: [6]}
{0: [0], 1: [1], 2: [2], 3: [3], 4: [4], 5: None, 6: None}
SCORE: 17.455

-------------------

/skˈip/ - /skˈip/
<#_s-<#_s / k-k / ˈi-ˈi / p-p
{0: [0], 1: [1], 2: [2], 3: [3]}
{0: [0], 1: [1], 2: [2], 3: [3]}
SCORE: 26.262

-------------------

/skˈoːhs/ - /skˈoːx/
<#_s-<#_s / k-k / ˈoː-ˈoː / h_s-x
{0: [0], 1: [1], 2: [2], 3: [3, 4]}
{0: [0], 1: [1], 2: [2], 3: [3]}
SCORE: 22.949

-------------------

/skˈɔːns/ - /skˈɛːnə/
<#_s-<#_s / k-k / ˈɔː-ˈɛː / n-n / s-ə
{0: [0], 1: [1], 2: [2], 3: [3], 4: [4]}
{0: [0], 1: [1], 2: [2], 3: [3], 4: [4]}
SCORE: 17.963

-------------------

/slˈahan/ - /slˈaː/
<#_s-<#_s / l-l / ˈa-ˈaː / h-∅ / a-∅ / n_#>-#>
{0: [0], 1: [1], 2: [2], 3: [3], 4: [4], 5: [5]}
{0: [0], 1: [1], 2: [2], 3: None, 4: None, 5: None}
SCORE: 3.648

-------------------

/slˈeːpan/ - /slˈeːpə/
<#_s-<#_s / l-l / ˈeː-ˈeː / p-p / a-ə / n_#>-#>
{0: [0], 1: [1], 2: [2], 3: [3], 4: [4], 5: [5]}
{0: [0], 1: [1], 2: [2], 3: [3], 4: [4], 5: None}
SCORE: 27.982

-------------------

/snˈɛːws/ - /snˈɛː/
<#_s-<#_s / n-n / ˈɛː-ˈɛː / w-∅ / s_#>-#>
{0: [0], 1: [1], 2: [2], 3: [3], 4: [4]}
{0: [0], 1: [1], 2: [2], 3: None, 4: None}
SCORE: 11.911

-------------------

/stˈoːls/ - /stˈoːl/
<#_s-<#_s / t-t / ˈoː-ˈoː / l-l / s_#>-#>
{0: [0], 1: [1], 2: [2], 3: [3], 4: [4]}
{0: [0], 1: [1], 2: [2], 3: [3], 4: None}
SCORE: 22.104

-------------------

/stˈɛrnoː/ - /stˈerə/
<#_s-<#_s / t-t / ˈɛ-ˈe / r_n-r / oː-ə
{0: [0], 1: [1], 2: [2], 3: [3, 4], 4: [5]}
{0: [0], 1: [1], 2: [2], 3: [3], 4: [4]}
SCORE: 24.296

-------------------

/stˈɛːns/ - /stˈɛːn/
<#_s-<#_s / t-t / ˈɛː-ˈɛː / n_s-n
{0: [0], 1: [1], 2: [2], 3: [3, 4]}
{0: [0], 1: [1], 2: [2], 3: [3]}
SCORE: 23.052

-------------------

/swˈarts/ - /swˈart/
<#_s-<#_s / w-w / ˈa-ˈa / r-r / t_s_#>-t_#>
{0: [0], 1: [1], 2: [2], 3: [3], 4: [4, 5]}
{0: [0], 1: [1], 2: [2], 3: [3], 4: [4]}
SCORE: 26.777

-------------------

/swˈistar/ - /swˈestər/
<#_s-<#_s / w-w / ˈi-ˈe / s-s / t-t / a-ə / r_#>-r_#>
{0: [0], 1: [1], 2: [2], 3: [3], 4: [4], 5: [5], 6: [6]}
{0: [0], 1: [1], 2: [2], 3: [3], 4: [4], 5: [5], 6: [6]}
SCORE: 34.17

-------------------

/swˈiːn/ - /swˈiːn/
<#_s-<#_s / w-w / ˈiː-ˈiː / n-n
{0: [0], 1: [1], 2: [2], 3: [3]}
{0: [0], 1: [1], 2: [2], 3: [3]}
SCORE: 24.756

-------------------

/sˈalt/ - /sˈalt/
<#_s-<#_s / ˈa-ˈa / l-l / t-t
{0: [0], 1: [1], 2: [2], 3: [3]}
{0: [0], 1: [1], 2: [2], 3: [3]}
SCORE: 23.753

-------------------

/sˈilβa/ - /sˈelf/
<#_s-<#_s / ˈi-ˈe / l-l_f / β-∅ / a_#>-#>
{0: [0], 1: [1], 2: [2], 3: [3], 4: [4]}
{0: [0], 1: [1], 2: [2, 3], 3: None, 4: None}
SCORE: 5.663

-------------------

/sˈitan/ - /sˈitːə/
<#_s-<#_s / ˈi-ˈi / t-tː / a-ə / n_#>-#>
{0: [0], 1: [1], 2: [2], 3: [3], 4: [4]}
{0: [0], 1: [1], 2: [2], 3: [3], 4: None}
SCORE: 20.195

-------------------

/sˈiu̯ks/ - /sˈi̯aːk/
<#_s-<#_s / ˈiu̯-ˈi̯aː / k_s_#>-k_#>
{0: [0], 1: [1], 2: [2, 3]}
{0: [0], 1: [1], 2: [2]}
SCORE: 19.993

-------------------

/sˈiŋɡʷan/ - /sjˈuŋɡə/
<#_s-<#_s / ˈi-j / ∅-ˈu / ŋ-ŋ / ɡʷ-ɡ / a-ə / n_#>-#>
{0: [0], 1: [1], 2: None, 3: [2], 4: [3], 5: [4], 6: [5]}
{0: [0], 1: [1], 2: [2], 3: [3], 4: [4], 5: [5], 6: None}
SCORE: 18.37

-------------------

/sˈiβun/ - /sˈi̯uːɣən/
<#_s-<#_s / ˈi-ˈi̯uː / ∅-ɣ / β-∅ / u-ə / n-n
{0: [0], 1: [1], 2: None, 3: [2], 4: [3], 5: [4]}
{0: [0], 1: [1], 2: [2], 3: None, 4: [3], 5: [4]}
SCORE: 6.088

-------------------

/sˈoːkjan/ - /sˈeːkə/
<#_s-<#_s / ∅-ˈeː / ˈoː-∅ / k-k / j_a-ə / n_#>-#>
{0: [0], 1: None, 2: [1], 3: [2], 4: [3, 4], 5: [5]}
{0: [0], 1: [1], 2: None, 3: [2], 4: [3], 5: None}
SCORE: 2.006

-------------------

/sˈunus/ - /sˈunə/
<#_s-<#_s / ˈu-ˈu / n-n / u-ə / s_#>-#>
{0: [0], 1: [1], 2: [2], 3: [3], 4: [4]}
{0: [0], 1: [1], 2: [2], 3: [3], 4: None}
SCORE: 17.328

-------------------

/sˈɛhs/ - /sˈeks/
<#_s-<#_s / ˈɛ-ˈe / ∅-k / h-∅ / s-s
{0: [0], 1: [1], 2: None, 3: [2], 4: [3]}
{0: [0], 1: [1], 2: [2], 3: None, 4: [3]}
SCORE: 7.589

-------------------

/trˈiu̯/ - /trˈeː/
<#_t-<#_t / r-r / ∅-ˈeː / ˈiu̯-∅
{0: [0], 1: [1], 2: None, 3: [2]}
{0: [0], 1: [1], 2: [2], 3: None}
SCORE: 5.392

-------------------

/twˈalif/ - /twˈeləf/
<#_t-<#_t / w-w / ˈa-ˈe / l-l / i-ə / f-f
{0: [0], 1: [1], 2: [2], 3: [3], 4: [4], 5: [5]}
{0: [0], 1: [1], 2: [2], 3: [3], 4: [4], 5: [5]}
SCORE: 33.607

-------------------

/twˈɛː/ - /twˈɛːnə/
<#_t-<#_t / w-w / ˈɛː-ˈɛː / ∅-n / ∅-ə
{0: [0], 1: [1], 2: [2], 3: None, 4: None}
{0: [0], 1: [1], 2: [2], 3: [3], 4: [4]}
SCORE: 12.982

-------------------

/twˈɛːtˈiɣjus/ - /twˈintəx/
<#_t-<#_t / w-w / ˈɛː-∅ / t-∅ / ˈi-ˈi_n / ∅-t / ɣ-∅ / j-∅ / u-ə / s-x
{0: [0], 1: [1], 2: [2], 3: [3], 4: [4], 5: None, 6: [5], 7: [6], 8: [7], 9: [8]}
{0: [0], 1: [1], 2: None, 3: None, 4: [2, 3], 5: [4], 6: None, 7: None, 8: [5], 9: [6]}
SCORE: -5.416

-------------------

/tˈunθus/ - /tˈoːθ/
<#_t-<#_t / ˈu-∅ / n-ˈoː / θ-θ / u-∅ / s_#>-#>
{0: [0], 1: [1], 2: [2], 3: [3], 4: [4], 5: [5]}
{0: [0], 1: None, 2: [1], 3: [2], 4: None, 5: None}
SCORE: 2.561

-------------------

/tˈuŋɡoː/ - /tˈuŋɡə/
<#_t-<#_t / ˈu-ˈu / ŋ-ŋ / ɡ-ɡ / oː-ə
{0: [0], 1: [1], 2: [2], 3: [3], 4: [4]}
{0: [0], 1: [1], 2: [2], 3: [3], 4: [4]}
SCORE: 32.83

-------------------

/tˈɛːkns/ - /tˈɛːkən/
<#_t-<#_t / ˈɛː-ˈɛː / k-k / ∅-ə / n_s-n
{0: [0], 1: [1], 2: [2], 3: None, 4: [3, 4]}
{0: [0], 1: [1], 2: [2], 3: [3], 4: [4]}
SCORE: 20.421

-------------------

/wˈatoː/ - /wˈeter/
w-w / ˈa-ˈe / t-t / ∅-e / oː-∅ / #>-r_#>
{0: [0], 1: [1], 2: [2], 3: None, 4: [3], 5: None}
{0: [0], 1: [1], 2: [2], 3: [3], 4: None, 5: [4]}
SCORE: 8.518

-------------------

/wˈeːpn/ - /wˈeːpən/
w-w / ˈeː-ˈeː / p-p / ∅-ə / n-n
{0: [0], 1: [1], 2: [2], 3: None, 4: [3]}
{0: [0], 1: [1], 2: [2], 3: [3], 4: [4]}
SCORE: 22.053

-------------------

/wˈikoː/ - /wˈikə/
w-w / ˈi-ˈi / k-k / oː-ə
{0: [0], 1: [1], 2: [2], 3: [3]}
{0: [0], 1: [1], 2: [2], 3: [3]}
SCORE: 24.151

-------------------

/wˈilθiːs/ - /wˈildə/
w-w / ˈi-ˈi / l-l / θ-d / iː-ə / s_#>-#>
{0: [0], 1: [1], 2: [2], 3: [3], 4: [4], 5: [5]}
{0: [0], 1: [1], 2: [2], 3: [3], 4: [4], 5: None}
SCORE: 23.824

-------------------

/wˈinds/ - /wˈind/
w-w / ˈi-ˈi / n-n / d-d / s_#>-#>
{0: [0], 1: [1], 2: [2], 3: [3], 4: [4]}
{0: [0], 1: [1], 2: [2], 3: [3], 4: None}
SCORE: 21.32

-------------------

/wˈintrus/ - /wˈintər/
w-w / ˈi-ˈi / n-n / t-t / r-∅ / u-ə / s-r
{0: [0], 1: [1], 2: [2], 3: [3], 4: [4], 5: [5], 6: [6]}
{0: [0], 1: [1], 2: [2], 3: [3], 4: None, 5: [4], 6: [5]}
SCORE: 19.683

-------------------

/wˈitan/ - /wˈitə/
w-w / ˈi-ˈi / t-t / a-ə / n_#>-#>
{0: [0], 1: [1], 2: [2], 3: [3], 4: [4]}
{0: [0], 1: [1], 2: [2], 3: [3], 4: None}
SCORE: 21.367

-------------------

/wˈiɡs/ - /wˈej/
w-w / ˈi-ˈe / ɡ-j / s_#>-#>
{0: [0], 1: [1], 2: [2], 3: [3]}
{0: [0], 1: [1], 2: [2], 3: None}
SCORE: 11.97

-------------------

/wˈiːn/ - /wˈiːn/
w-w / ˈiː-ˈiː / n-n
{0: [0], 1: [1], 2: [2]}
{0: [0], 1: [1], 2: [2]}
SCORE: 20.582

-------------------

/wˈiːs/ - /wˈiː/
w-w / ˈiː-ˈiː / s_#>-#>
{0: [0], 1: [1], 2: [2]}
{0: [0], 1: [1], 2: None}
SCORE: 13.846

-------------------

/wˈulfs/ - /wˈolf/
w-w / ˈu-ˈo / l-l / f-f / s_#>-#>
{0: [0], 1: [1], 2: [2], 3: [3], 4: [4]}
{0: [0], 1: [1], 2: [2], 3: [3], 4: None}
SCORE: 22.251

-------------------

/wˈulːa/ - /wˈulːə/
w-w / ˈu-ˈu / lː-lː / a-ə
{0: [0], 1: [1], 2: [2], 3: [3]}
{0: [0], 1: [1], 2: [2], 3: [3]}
SCORE: 28.107

-------------------

/wˈɔrms/ - /wˈerm/
w-w / ∅-ˈe / ˈɔ-∅ / r-r / m_s_#>-m_#>
{0: [0], 1: None, 2: [1], 3: [2], 4: [3, 4]}
{0: [0], 1: [1], 2: None, 3: [2], 4: [3]}
SCORE: 8.736

-------------------

/wˈɔrt/ - /wˈɔːrd/
w-w / ˈɔ-ˈɔː / r-r / t_#>-d_#>
{0: [0], 1: [1], 2: [2], 3: [3]}
{0: [0], 1: [1], 2: [2], 3: [3]}
SCORE: 22.532

-------------------

/ɡˈans/ - /ɡˈoːs/
<#_ɡ-<#_ɡ / ˈa_n-ˈoː / s-s
{0: [0], 1: [1, 2], 2: [3]}
{0: [0], 1: [1], 2: [2]}
SCORE: 16.631

-------------------

/ɡˈaŋɡan/ - /ɡˈaːn/
<#_ɡ-<#_ɡ / ˈa-ˈaː / ŋ-∅ / ɡ-∅ / a-∅ / n-n
{0: [0], 1: [1], 2: [2], 3: [3], 4: [4], 5: [5]}
{0: [0], 1: [1], 2: None, 3: None, 4: None, 5: [2]}
SCORE: 2.361

-------------------

/ɡˈiβan/ - /jˈevə/
ɡ-j / ˈi-ˈe / β-v / a-ə / n_#>-#>
{0: [0], 1: [1], 2: [2], 3: [3], 4: [4]}
{0: [0], 1: [1], 2: [2], 3: [3], 4: None}
SCORE: 13.005

-------------------

/ɡˈoːθs/ - /ɡˈoːd/
<#_ɡ-<#_ɡ / ˈoː-ˈoː / θ_s-d
{0: [0], 1: [1], 2: [2, 3]}
{0: [0], 1: [1], 2: [2]}
SCORE: 19.66

-------------------

/ɡˈulθ/ - /ɡˈɔːld/
<#_ɡ-<#_ɡ / ∅-ˈɔː / ˈu-∅ / l-l / θ_#>-d_#>
{0: [0], 1: None, 2: [1], 3: [2], 4: [3]}
{0: [0], 1: [1], 2: None, 3: [2], 4: [3]}
SCORE: 10.516

-------------------

/ɡˈuθ/ - /ɡˈod/
<#_ɡ-<#_ɡ / ˈu-ˈo / θ_#>-d_#>
{0: [0], 1: [1], 2: [2]}
{0: [0], 1: [1], 2: [2]}
SCORE: 20.064

-------------------

/ɡˈɛːts/ - /ɡˈɛːt/
<#_ɡ-<#_ɡ / ˈɛː-ˈɛː / t_s_#>-t_#>
{0: [0], 1: [1], 2: [2, 3]}
{0: [0], 1: [1], 2: [2]}
SCORE: 21.094

-------------------

/ʍˈa/ - /hwˈet/
ʍ-h_w / ˈa-ˈe / #>-t_#>
{0: [0], 1: [1], 2: None}
{0: [0, 1], 1: [2], 2: [3]}
SCORE: 8.81

-------------------

/ʍˈiːts/ - /hwˈiːt/
ʍ-h_w / ˈiː-ˈiː / t_s_#>-t_#>
{0: [0], 1: [1], 2: [2, 3]}
{0: [0, 1], 1: [2], 2: [3]}
SCORE: 15.361

-------------------

/ˈada/ - /ˈaːj/
ˈa-ˈaː / d-∅ / a-j
{0: [0], 1: [1], 2: [2]}
{0: [0], 1: None, 2: [1]}
SCORE: 2.509

-------------------

/ˈahtɔː/ - /ˈaxtə/
ˈa-ˈa / h-x / t-t / ɔː-ə
{0: [0], 1: [1], 2: [2], 3: [3]}
{0: [0], 1: [1], 2: [2], 3: [3]}
SCORE: 20.192

-------------------

/ˈalːs/ - /ˈal/
ˈa-ˈa / lː-∅ / s-l
{0: [0], 1: [1], 2: [2]}
{0: [0], 1: None, 2: [1]}
SCORE: 4.546

-------------------

/ˈalθiːs/ - /ˈald/
ˈa-ˈa / l-l / θ-d / iː-∅ / s_#>-#>
{0: [0], 1: [1], 2: [2], 3: [3], 4: [4]}
{0: [0], 1: [1], 2: [2], 3: None, 4: None}
SCORE: 10.258

-------------------

/ˈanθar/ - /ˈoːðər/
ˈa_n-ˈoː / θ-ð / a-ə / r_#>-r_#>
{0: [0, 1], 1: [2], 2: [3], 3: [4]}
{0: [0], 1: [1], 2: [2], 3: [3]}
SCORE: 20.632

-------------------

/ˈapel/ - /ˈapːel/
ˈa-ˈa / p-pː / e-e / l-l
{0: [0], 1: [1], 2: [2], 3: [3]}
{0: [0], 1: [1], 2: [2], 3: [3]}
SCORE: 29.565

-------------------

/ˈarms/ - /ˈerm/
ˈa-ˈe / r-r / m_s_#>-m_#>
{0: [0], 1: [1], 2: [2, 3]}
{0: [0], 1: [1], 2: [2]}
SCORE: 17.168

-------------------

/ˈik/ - /ˈik/
ˈi-ˈi / k-k
{0: [0], 1: [1]}
{0: [0], 1: [1]}
SCORE: 15.488

-------------------

/ˈin/ - /ˈin/
ˈi-ˈi / n-n
{0: [0], 1: [1]}
{0: [0], 1: [1]}
SCORE: 13.943

-------------------

/ˈiu̯p/ - /ˈup/
∅-ˈu / ˈiu̯-∅ / p-p
{0: None, 1: [0], 2: [1]}
{0: [0], 1: None, 2: [1]}
SCORE: 1.781

-------------------

/ˈufar/ - /ˈovər/
ˈu-ˈo / ∅-v / f-∅ / a-ə / r_#>-r_#>
{0: [0], 1: None, 2: [1], 3: [2], 4: [3]}
{0: [0], 1: [1], 2: None, 3: [2], 4: [3]}
SCORE: 7.844

-------------------

/ˈundar/ - /ˈundər/
ˈu-ˈu / n-n / d-d / a-ə / r_#>-r_#>
{0: [0], 1: [1], 2: [2], 3: [3], 4: [4]}
{0: [0], 1: [1], 2: [2], 3: [3], 4: [4]}
SCORE: 27.647

-------------------

/ˈuŋkis/ - /ˈuːs/
ˈu-ˈuː / ŋ-∅ / k-∅ / i_s-s
{0: [0], 1: [1], 2: [2], 3: [3, 4]}
{0: [0], 1: None, 2: None, 3: [1]}
SCORE: -3.352

-------------------

/ˈuɡʷːiloː/ - /ˈuːlə/
ˈu-∅ / ɡʷː-ˈuː / i-∅ / l-l / oː-ə
{0: [0], 1: [1], 2: [2], 3: [3], 4: [4]}
{0: None, 1: [0], 2: None, 3: [1], 4: [2]}
SCORE: 6.118

-------------------

/ˈuːt/ - /ˈuːt/
ˈuː-ˈuː / t-t
{0: [0], 1: [1]}
{0: [0], 1: [1]}
SCORE: 17.337

-------------------

/ˈɔːsoː/ - /ˈaːrə/
ˈɔː-ˈaː / s-r / oː-ə
{0: [0], 1: [1], 2: [2]}
{0: [0], 1: [1], 2: [2]}
SCORE: 13.145

-------------------

/ˈɔːɣoː/ - /ˈaːɣə/
ˈɔː-ˈaː / ɣ-ɣ / oː-ə
{0: [0], 1: [1], 2: [2]}
{0: [0], 1: [1], 2: [2]}
SCORE: 19.11

-------------------

/ˈɛrθa/ - /ˈeːrðə/
∅-ˈeː / ˈɛ-∅ / r-r / θ-ð / a-ə
{0: None, 1: [0], 2: [1], 3: [2], 4: [3]}
{0: [0], 1: None, 2: [1], 3: [2], 4: [3]}
SCORE: 8.474

-------------------

/ˈɛːns/ - /ˈɛːn/
ˈɛː-ˈɛː / n_s-n
{0: [0], 1: [1, 2]}
{0: [0], 1: [1]}
SCORE: 14.108

-------------------

/θrˈiːs/ - /θrˈeː/
<#_θ-<#_θ / r_ˈiː-r / ∅-ˈeː / s_#>-#>
{0: [0], 1: [1, 2], 2: None, 3: [3]}
{0: [0], 1: [1], 2: [2], 3: None}
SCORE: 3.473

-------------------

/θˈiu̯fs/ - /θˈi̯aːf/
<#_θ-<#_θ / ˈiu̯-ˈi̯aː / f-f / s_#>-#>
{0: [0], 1: [1], 2: [2], 3: [3]}
{0: [0], 1: [1], 2: [2], 3: None}
SCORE: 20.245

-------------------

/θˈiu̯ðisks/ - /θjˈoːsk/
<#_θ-<#_θ / ∅-j / ∅-ˈoː / ˈiu̯-∅ / ð-∅ / i_s-s / k_s_#>-k_#>
{0: [0], 1: None, 2: None, 3: [1], 4: [2], 5: [3, 4], 6: [5, 6]}
{0: [0], 1: [1], 2: [2], 3: None, 4: None, 5: [3], 6: [4]}
SCORE: -4.123

-------------------

/θˈuː/ - /θˈuː/
<#_θ-<#_θ / ˈuː-ˈuː
{0: [0], 1: [1]}
{0: [0], 1: [1]}
SCORE: 18.853

-------------------

/θˈuːsundi/ - /θˈuːzənd/
<#_θ-<#_θ / ˈuː-ˈuː / s-z / u-ə / n-n / d-d / i-∅
{0: [0], 1: [1], 2: [2], 3: [3], 4: [4], 5: [5], 6: [6]}
{0: [0], 1: [1], 2: [2], 3: [3], 4: [4], 5: [5], 6: None}
SCORE: 26.352

-------------------

/θˈɔrstiː/ - /θˈɔːrst/
<#_θ-<#_θ / ˈɔ-ˈɔː / r-r / s-s / t-t / iː-∅
{0: [0], 1: [1], 2: [2], 3: [3], 4: [4], 5: [5]}
{0: [0], 1: [1], 2: [2], 3: [3], 4: [4], 5: None}
SCORE: 24.495
