/bjˈøːɳ/ - /bˈoːæ/
[1/1] <#_b-<#_b / j-∅ / ˈøː-ˈoː / ɳ-∅ / #>-æ_#>

-------------------

/blˈuː/ - /blˈaʊ̯t/
[1/1] <#_b-<#_b / l-l / ˈuː-ˈaʊ̯ / #>-t_#>

-------------------

/blˈuːm/ - /blˈaʊ̯m/
[1/1] <#_b-<#_b / l-l / ˈuː-ˈaʊ̯ / m_#>-m_#>

-------------------

/blˈuːmə/ - /blˈaʊ̯m/
[1/1] <#_b-<#_b / l-l / ˈuː-ˈaʊ̯ / m-∅ / ə-m

-------------------

/blˈøː/ - /blˈɔʏ̯dn̩/
[1/1] <#_b-<#_b / l-l / ˈøː-ˈɔʏ̯ / ∅-d / #>-n_#>

-------------------

/blˈɑː/ - /blˈat/
[1/1] <#_b-<#_b / l-l / ˈɑː-ˈa / #>-t_#>

-------------------

/bɾˈuːɾ/ - /brˈaʊ̯ɾæ/
[1/1] <#_b-<#_b / ɾ-r / ˈuː-ˈaʊ̯ / ∅-ɾ / ɾ_#>-æ_#>

-------------------

/bɾˈøː/ - /brˈaʊ̯t/
[1/1] <#_b-<#_b / ɾ-r / ˈøː-ˈaʊ̯ / #>-t_#>

-------------------

/bɾˈʏst/ - /bˈɔst/
[1/1] <#_b-<#_b / ɾ-∅ / ˈʏ-ˈɔ / s-s / t_#>-t_#>

-------------------

/bɾˈʏɡːə/ - /brˈuːɡn̩/
[1/1] <#_b-<#_b / ɾ-r / ˈʏ-ˈuː / ɡː-ɡ / ə_#>-n_#>

-------------------

/bɾˈʏɡːə/ - /brˈʏç/
[1/1] <#_b-<#_b / ɾ-r / ˈʏ-ˈʏ / ɡː-∅ / ə_#>-ç_#>

-------------------

/bˈeː/ - /bˈɪɾn̩/
[1/1] <#_b-<#_b / ∅-ˈɪ / ˈeː-ɾ / #>-n_#>

-------------------

/bˈeːdɾə/ - /bˈɛːɾæ/
[1/1] <#_b-<#_b / ˈeː-ˈɛː / d-ɾ / ɾ_ə-æ

-------------------

/bˈiːtə/ - /bˈiːtn̩/
[1/1] <#_b-<#_b / ˈiː-ˈiː / t-t / ə_#>-n_#>

-------------------

/bˈoːt/ - /bˈaʊ̯t/
[1/1] <#_b-<#_b / ˈoː-ˈaʊ̯ / t_#>-t_#>

-------------------

/bˈuːk/ - /bˈaʊ̯k/
[1/1] <#_b-<#_b / ˈuː-ˈaʊ̯ / k_#>-k_#>

-------------------

/bˈyː/ - /bˈae̯dn̩/
[1/1] <#_b-<#_b / ˈyː-ˈae̯ / ∅-d / #>-n_#>

-------------------

/bˈæɪ̯n/ - /bˈae̯n/
[1/1] <#_b-<#_b / ˈæɪ̯-ˈae̯ / n-n

-------------------

/bˈæɾɡ/ - /bˈaːx/
[1/1] <#_b-<#_b / ˈæ-∅ / ɾ-ˈaː / ɡ_#>-x_#>

-------------------

/bˈæːɾ/ - /bˈaɪ̯æ/
[1/1] <#_b-<#_b / ˈæː-ˈaɪ̯ / ɾ_#>-æ_#>

-------------------

/bˈɑː/ - /bˈaːd/
[1/1] <#_b-<#_b / ˈɑː-ˈaː / #>-d_#>

-------------------

/bˈɪnːə/ - /bˈɪn̩/
[1/1] <#_b-<#_b / ˈɪ_nː-ˈɪ / ə_#>-n_#>

-------------------

/dɾˈiːʋə/ - /drˈiːm/
[1/1] <#_d-<#_d / ɾ-r / ˈiː-ˈiː / ʋ_ə-m

-------------------

/dɾˈœm/ - /drˈaʊ̯m/
[1/1] <#_d-<#_d / ɾ-r / ˈœ-ˈaʊ̯ / m_#>-m_#>

-------------------

/dɾˈœmːə/ - /drˈɔʏ̯m/
[1/1] <#_d-<#_d / ɾ-r / ˈœ-ˈɔʏ̯ / mː_ə-m

-------------------

/dɾˈɪkːə/ - /drˈɪŋkn̩/
[1/1] <#_d-<#_d / ɾ-r / ˈɪ-ˈɪ / ∅-ŋ / kː-k / ə_#>-n_#>

-------------------

/dˈeːɾə/ - /ˈɛːæ/
[1/1] d-<# / ˈeː-ˈɛː / ɾ_ə-æ

-------------------

/dˈyːp/ - /dˈae̯p/
[1/1] <#_d-<#_d / ˈyː-ˈae̯ / p_#>-p_#>

-------------------

/dˈyːɾ/ - /dˈiːæt/
[1/1] <#_d-<#_d / ˈyː-ˈiː / ɾ-æ / #>-t_#>

-------------------

/dˈyːɾ/ - /dˈyːæ/
[1/1] <#_d-<#_d / ˈyː-ˈyː / ɾ_#>-æ_#>

-------------------

/dˈæɪ̯/ - /dˈae̯ç/
[1/1] <#_d-<#_d / ˈæɪ̯-ˈae̯ / #>-ç_#>

-------------------

/dˈøː/ - /dˈaʊ̯d/
[1/1] <#_d-<#_d / ˈøː-ˈaʊ̯ / #>-d_#>

-------------------

/dˈøː/ - /dˈoːd/
[1/1] <#_d-<#_d / ˈøː-ˈoː / #>-d_#>

-------------------

/dˈɑtːəɾ/ - /dˈɔxtæ/
[1/1] <#_d-<#_d / ˈɑ-ˈɔ / tː_ə-x_t / ɾ_#>-æ_#>

-------------------

/dˈɑːɡ/ - /dˈax/
[1/1] <#_d-<#_d / ˈɑː-ˈa / ɡ_#>-x_#>

-------------------

/dˈʉː/ - /dˈuː/
[1/1] <#_d-<#_d / ˈʉː-ˈuː

-------------------

/dˈʉːə/ - /dˈuːf/
[1/1] <#_d-<#_d / ˈʉː-ˈuː / ə-∅ / #>-f_#>

-------------------

/fjˈæːɾ/ - /fˈɛɾæ/
[1/1] <#_f-<#_f / j-ˈɛ / ˈæː-ɾ / ɾ_#>-æ_#>

-------------------

/flˈyːɡə/ - /flˈae̯ŋ/
[1/1] <#_f-<#_f / l-l / ˈyː-ˈae̯ / ɡ-∅ / ə_#>-ŋ_#>

-------------------

/flˈʉːə/ - /flˈae̯ç/
[1/1] <#_f-<#_f / l-l / ˈʉː-ˈae̯ / ə_#>-ç_#>

-------------------

/fɾˈyːsə/ - /frˈaɪ̯æn/
[1/1] <#_f-<#_f / ɾ-r / ˈyː-ˈaɪ̯ / s-æ / ə_#>-n_#>

-------------------

/fɾˈɛnːə/ - /frˈʏnd/
[1/1] <#_f-<#_f / ɾ-r / ˈɛ-ˈʏ / nː_ə-n / #>-d_#>

-------------------

/fɾˈɪsk/ - /frˈɪʃ/
[1/1] <#_f-<#_f / ɾ-r / ˈɪ-ˈɪ / s_k-ʃ_#>

-------------------

/fˈiːɾə/ - /fˈiːæ/
[1/1] <#_f-<#_f / ˈiː-ˈiː / ɾ_ə-æ

-------------------

/fˈoːɾ/ - /ʃˈɒːp/
[1/1] f-ʃ / ˈoː-ˈɒː / ɾ-∅ / #>-p_#>

-------------------

/fˈuːt/ - /fˈaʊ̯t/
[1/1] <#_f-<#_f / ˈuː-ˈaʊ̯ / t_#>-t_#>

-------------------

/fˈyːɾ/ - /fˈyːæ/
[1/1] <#_f-<#_f / ˈyː-ˈyː / ɾ_#>-æ_#>

-------------------

/fˈœlɡə/ - /fˈɔlɡn̩/
[1/1] <#_f-<#_f / ˈœ-ˈɔ / l-l / ɡ-ɡ / ə_#>-n_#>

-------------------

/fˈœtːəɾ/ - /fˈɔʏ̯t/
[1/1] <#_f-<#_f / ˈœ-ˈɔʏ̯ / tː-t / ə-∅ / ɾ-∅

-------------------

/fˈɑːɾ/ - /fˈaɾæ/
[1/1] <#_f-<#_f / ˈɑː-ˈa / ∅-ɾ / ɾ_#>-æ_#>

-------------------

/fˈɔɾ/ - /fˈœːæ/
[1/1] <#_f-<#_f / ˈɔ-ˈœː / ɾ_#>-æ_#>

-------------------

/fˈɛm/ - /fˈiːf/
[1/1] <#_f-<#_f / ˈɛ-∅ / m-ˈiː / #>-f_#>

-------------------

/fˈɪnːə/ - /fˈɪn̩/
[1/1] <#_f-<#_f / ˈɪ_nː-ˈɪ / ə_#>-n_#>

-------------------

/fˈɪsk/ - /fˈɪʃ/
[1/1] <#_f-<#_f / ˈɪ-ˈɪ / s_k-ʃ_#>

-------------------

/fˈɪŋːəɾ/ - /fˈɪŋæ/
[1/1] <#_f-<#_f / ˈɪ-ˈɪ / ŋː_ə-ŋ / ɾ_#>-æ_#>

-------------------

/fˈʉlː/ - /fˈʊl/
[1/1] <#_f-<#_f / ˈʉ-ˈʊ / lː_#>-l_#>

-------------------

/fˈʉːl/ - /fˈɒːɡl̩/
[1/1] <#_f-<#_f / ˈʉː-ˈɒː / l_#>-ɡ_l

-------------------

/hˈeːt/ - /hˈae̯t/
[1/1] <#_h-<#_h / ˈeː-ˈae̯ / t_#>-t_#>

-------------------

/hˈoːɾ/ - /hˈoːæ/
[1/1] <#_h-<#_h / ˈoː-ˈoː / ɾ_#>-æ_#>

-------------------

/hˈuːdə/ - /hˈœft/
[1/1] <#_h-<#_h / ˈuː-∅ / d-ˈœ / ə-f / #>-t_#>

-------------------

/hˈuːɳ/ - /hˈuːæn/
[1/1] <#_h-<#_h / ˈuː-ˈuː / ɳ_#>-æ_n

-------------------

/hˈæːɾ/ - /hˈiːæ/
[1/1] <#_h-<#_h / ˈæː-ˈiː / ɾ_#>-æ_#>

-------------------

/hˈøːj/ - /hˈaʊ̯x/
[1/1] <#_h-<#_h / ˈøː_j-ˈaʊ̯_x

-------------------

/hˈøːnə/ - /hˈɛn/
[1/1] <#_h-<#_h / ˈøː-∅ / n-ˈɛ / ə_#>-n_#>

-------------------

/hˈøːɾə/ - /hˈyːæn/
[1/1] <#_h-<#_h / ˈøː-ˈyː / ɾ-æ / ə_#>-n_#>

-------------------

/hˈɑlː/ - /hˈalf/
[1/1] <#_h-<#_h / ˈɑ-ˈa / lː-l / #>-f_#>

-------------------

/hˈɑːtə/ - /hˈaːtn̩/
[1/1] <#_h-<#_h / ˈɑː-ˈaː / t-t / ə_#>-n_#>

-------------------

/hˈɑːɾə/ - /hˈɒːs/
[1/1] <#_h-<#_h / ˈɑː-ˈɒː / ɾ-∅ / ə-s

-------------------

/hˈɔnː/ - /hˈand/
[1/1] <#_h-<#_h / ˈɔ-ˈa / nː_#>-n_d

-------------------

/hˈɛlːi/ - /hˈɪlɪç/
[1/1] <#_h-<#_h / ˈɛ-ˈɪ / lː-l / i-ɪ / #>-ç_#>

-------------------

/hˈʉndɾə/ - /hˈʊnæt/
[1/1] <#_h-<#_h / ˈʉ-ˈʊ / n-n / d-∅ / ɾ_ə-æ / #>-t_#>

-------------------

/hˈʉnː/ - /hˈʊnd/
[1/1] <#_h-<#_h / ˈʉ-ˈʊ / nː_#>-n_d

-------------------

/hˈʉŋːəɾ/ - /hˈʊŋæ/
[1/1] <#_h-<#_h / ˈʉ-ˈʊ / ŋː_ə-ŋ / ɾ_#>-æ_#>

-------------------

/hˈʉːd/ - /hˈuːt/
[1/1] <#_h-<#_h / ˈʉː-ˈuː / d-∅ / #>-t_#>

-------------------

/hˈʉːs/ - /hˈuːs/
[1/1] <#_h-<#_h / ˈʉː-ˈuː / s_#>-s_#>

-------------------

/hˈʊnːɪŋ/ - /hˈɔnɪç/
[1/1] <#_h-<#_h / ˈʊ-∅ / nː-ˈɔ / ɪ-n / ŋ-ɪ / #>-ç_#>

-------------------

/jˈuːɾ/ - /ˈiːæ/
[1/1] j-<# / ˈuː-ˈiː / ɾ_#>-æ_#>

-------------------

/jˈæɪ̯t/ - /jˈɪt/
[1/1] <#-<#_j / j-∅ / ˈæɪ̯-ˈɪ / t_#>-t_#>

-------------------

/jˈɛlpə/ - /hˈɛlpn̩/
[1/1] j-h / ˈɛ-ˈɛ / l-l / p-p / ə_#>-n_#>

-------------------

/jˈʉːʋ/ - /lˈae̯f/
[1/1] j-l / ˈʉː-ˈae̯ / ʋ_#>-f_#>

-------------------

/kʰnˈeː/ - /kʰnˈae̯/
[1/1] <#_kʰ-<#_kʰ / n-n / ˈeː_#>-ˈae̯_#>

-------------------

/kʰnˈʉːtə/ - /kʰnˈʊt/
[1/1] <#_kʰ-<#_kʰ / n-n / ˈʉː-ˈʊ / t-t / ə-∅

-------------------

/kʰˈɑlʋ/ - /kʰˈalf/
[1/1] <#_kʰ-<#_kʰ / ˈɑ-ˈa / l-l / ʋ_#>-f_#>

-------------------

/kʰˈɑlː/ - /kʰˈaʊ̯lt/
[1/1] <#_kʰ-<#_kʰ / ˈɑ-ˈaʊ̯ / lː-l / #>-t_#>

-------------------

/kʰˈɑtː/ - /kʰˈat/
[1/1] <#_kʰ-<#_kʰ / ˈɑ-ˈa / tː-t

-------------------

/kʰˈɔmːə/ - /kʰˈɒːm/
[1/1] <#_kʰ-<#_kʰ / ˈɔ-ˈɒː / mː_ə-m

-------------------

/kʰˈʉnːə/ - /kʰˈœːn̩/
[1/1] <#_kʰ-<#_kʰ / ˈʉ-∅ / nː-ˈœː / ə_#>-n_#>

-------------------

/kʰˈʉː/ - /kʰˈaʊ̯/
[1/1] <#_kʰ-<#_kʰ / ˈʉː-ˈaʊ̯

-------------------

/kʰˈʊŋə/ - /kʰˈøːnɪç/
[1/1] <#_kʰ-<#_kʰ / ˈʊ-ˈøː / ŋ-n / ə-ɪ / #>-ç_#>

-------------------

/lˈeː/ - /lˈaxn̩/
[1/1] <#_l-<#_l / ∅-ˈa / ˈeː-x / #>-n_#>

-------------------

/lˈyːs/ - /lˈɪç/
[1/1] <#_l-<#_l / ˈyː-∅ / s-ˈɪ / #>-ç_#>

-------------------

/lˈyːʋə/ - /lˈae̯ŋ/
[1/1] <#_l-<#_l / ˈyː-ˈae̯ / ʋ-∅ / ə_#>-ŋ_#>

-------------------

/lˈøːpə/ - /lˈaʊ̯pn̩/
[1/1] <#_l-<#_l / ˈøː-ˈaʊ̯ / p-p / ə_#>-n_#>

-------------------

/lˈøːʋ/ - /lˈoːf/
[1/1] <#_l-<#_l / ˈøː-ˈoː / ʋ_#>-f_#>

-------------------

/lˈɑmː/ - /lˈam/
[1/1] <#_l-<#_l / ˈɑ-ˈa / mː-m

-------------------

/lˈɑnː/ - /lˈand/
[1/1] <#_l-<#_l / ˈɑ-ˈa / nː_#>-n_d

-------------------

/lˈɑŋː/ - /lˈaŋk/
[1/1] <#_l-<#_l / ˈɑ-ˈa / ŋː_#>-ŋ_k

-------------------

/lˈɛtː/ - /lˈɪç/
[1/1] <#_l-<#_l / ˈɛ-ˈɪ / tː-∅ / #>-ç_#>

-------------------

/lˈɪɡːə/ - /lˈɪŋ/
[1/1] <#_l-<#_l / ˈɪ-ˈɪ / ɡː-∅ / ə_#>-ŋ_#>

-------------------

/lˈʉːs/ - /lˈuːs/
[1/1] <#_l-<#_l / ˈʉː-ˈuː / s_#>-s_#>

-------------------

/mˈoːnə/ - /mˈɒːn/
[1/1] <#_m-<#_m / ˈoː-ˈɒː / n-∅ / ə_#>-n_#>

-------------------

/mˈoːnə/ - /mˈɒːnd/
[1/1] <#_m-<#_m / ˈoː-ˈɒː / n_ə-n / #>-d_#>

-------------------

/mˈuːɾ/ - /mˈaʊ̯ɾæ/
[1/1] <#_m-<#_m / ˈuː-ˈaʊ̯ / ∅-ɾ / ɾ_#>-æ_#>

-------------------

/mˈɑkt/ - /mˈaxt/
[1/1] <#_m-<#_m / ˈɑ-ˈa / k-x / t_#>-t_#>

-------------------

/mˈɑnː/ - /mˈan/
[1/1] <#_m-<#_m / ˈɑ-ˈa / nː-∅ / #>-n_#>

-------------------

/mˈɛlk/ - /mˈɛlk/
[1/1] <#_m-<#_m / ˈɛ-ˈɛ / l-l / k_#>-k_#>

-------------------

/mˈɛnːəskə/ - /mˈɪnʃ/
[1/1] <#_m-<#_m / ˈɛ-ˈɪ / nː_ə-n / s_k-ʃ_#> / ə-∅

-------------------

/mˈʉnː/ - /mˈuːl/
[1/1] <#_m-<#_m / ˈʉ-ˈuː / nː-l

-------------------

/mˈʉnː/ - /mˈʊnd/
[1/1] <#_m-<#_m / ˈʉ-ˈʊ / nː_#>-n_d

-------------------

/mˈʉːs/ - /mˈuːs/
[1/1] <#_m-<#_m / ˈʉː-ˈuː / s_#>-s_#>

-------------------

/mˈʏɡː/ - /mˈʏç/
[1/1] <#_m-<#_m / ˈʏ-ˈʏ / ɡː-∅ / #>-ç_#>

-------------------

/nˈeːsə/ - /nˈɛːs/
[1/1] <#_n-<#_n / ˈeː-ˈɛː / s-s / ə-∅

-------------------

/nˈiː/ - /nˈɛːɣn̩/
[1/1] <#_n-<#_n / ∅-ˈɛː / ˈiː-ɣ / #>-n_#>

-------------------

/nˈoːl/ - /nˈɒːdl̩/
[1/1] <#_n-<#_n / ˈoː-ˈɒː / ∅-d / l_#>-l_#>

-------------------

/nˈuːɾ/ - /nˈuːæd/
[1/1] <#_n-<#_n / ˈuː-ˈuː / ɾ-æ / #>-d_#>

-------------------

/nˈyː/ - /nˈiːç/
[1/1] <#_n-<#_n / ˈyː-ˈiː / #>-ç_#>

-------------------

/nˈæɪ̯l/ - /nˈɒːɡl̩/
[1/1] <#_n-<#_n / ˈæɪ̯-ˈɒː / l_#>-ɡ_l

-------------------

/nˈœtː/ - /nˈœːt/
[1/1] <#_n-<#_n / ˈœ-ˈœː / tː-t

-------------------

/nˈɑtː/ - /nˈax/
[1/1] <#_n-<#_n / ˈɑ-ˈa / tː-x

-------------------

/nˈɑʋn/ - /nˈɒːm/
[1/1] <#_n-<#_n / ˈɑ-∅ / ʋ-ˈɒː / n-m

-------------------

/nˈɑːkən/ - /nˈɒːkt/
[1/1] <#_n-<#_n / ˈɑː-ˈɒː / k-k / ə-∅ / n-∅ / #>-t_#>

-------------------

/pʰlˈuːɡ/ - /pʰlˈaʊ̯ç/
[1/1] pʰ-pʰ / l-l / ˈuː-ˈaʊ̯ / ɡ-∅ / #>-ç_#>

-------------------

/skˈuː/ - /ʃˈaʊ̯/
[1/1] <#_s-<#_ʃ / k-∅ / ˈuː-ˈaʊ̯

-------------------

/skˈɑɾp/ - /ʃˈaːp/
[1/1] <#_s-<#_ʃ / k-∅ / ˈɑ_ɾ-ˈaː / p_#>-p_#>

-------------------

/slˈoː/ - /ʃlˈɒːn/
[1/1] <#_s-<#_ʃ / l-l / ˈoː-ˈɒː / #>-n_#>

-------------------

/slˈɑŋːə/ - /ʃlˈaŋ/
[1/1] <#_s-<#_ʃ / l-l / ˈɑ-ˈa / ŋː_ə-ŋ

-------------------

/snˈøː/ - /ʃnˈae̯/
[1/1] <#_s-<#_ʃ / n-n / ˈøː-ˈae̯

-------------------

/spɾˈoːk/ - /ʃprˈɒːk/
[1/1] <#_s-<#_ʃ / p-p / ɾ-r / ˈoː-ˈɒː / k_#>-k_#>

-------------------

/stjˈæːɳə/ - /ʃtˈiːæn/
[1/1] <#_s-<#_ʃ / t-t / j-∅ / ˈæː-ˈiː / ɳ-æ / ə_#>-n_#>

-------------------

/stˈuːl/ - /ʃtˈaʊ̯l/
[1/1] <#_s-<#_ʃ / t-t / ˈuː-ˈaʊ̯ / l_#>-l_#>

-------------------

/stˈæɪ̯n/ - /ʃtˈae̯n/
[1/1] <#_s-<#_ʃ / t-t / ˈæɪ̯-ˈae̯ / n-n

-------------------

/stˈɔɾm/ - /ʃtˈuːæm/
[1/1] <#_s-<#_ʃ / t-t / ˈɔ-ˈuː / ɾ-æ / m_#>-m_#>

-------------------

/sʋˈiːn/ - /ʃwˈiːn/
[1/1] <#_s-<#_ʃ / ʋ-w / ˈiː-ˈiː / n-n

-------------------

/sʋˈœmːə/ - /ʃwˈɛm/
[1/1] <#_s-<#_ʃ / ʋ-w / ˈœ-ˈɛ / mː_ə-m

-------------------

/sʋˈɑʈ/ - /ʃwˈat/
[1/1] <#_s-<#_ʃ / ʋ-w / ˈɑ-ˈa / ʈ-∅ / #>-t_#>

-------------------

/sʋˈɛtːə/ - /ʃwˈae̯t/
[1/1] <#_s-<#_ʃ / ʋ-w / ˈɛ-ˈae̯ / tː-t / ə-∅

-------------------

/sˈeː/ - /zˈae̯n/
[1/1] <#_s-<#_z / ˈeː-ˈae̯ / #>-n_#>

-------------------

/sˈiː/ - /zˈɛŋ/
[1/1] <#_s-<#_z / ∅-ˈɛ / ˈiː-ŋ

-------------------

/sˈiːə/ - /zˈiːt/
[1/1] <#_s-<#_z / ˈiː-ˈiː / ə-∅ / #>-t_#>

-------------------

/sˈoːʋə/ - /ʃlˈɒːbm̩/
[1/1] <#_s-<#_ʃ / ∅-l / ˈoː-ˈɒː / ∅-b / ʋ_ə-m

-------------------

/sˈøːkə/ - /zˈɔʏ̯kn̩/
[1/1] <#_s-<#_z / ˈøː-ˈɔʏ̯ / k-k / ə_#>-n_#>

-------------------

/sˈøːt/ - /zˈɔʏ̯t/
[1/1] <#_s-<#_z / ˈøː-ˈɔʏ̯ / t_#>-t_#>

-------------------

/sˈœn/ - /zˈœːn/
[1/1] <#_s-<#_z / ˈœ-ˈœː / n-n

-------------------

/sˈœstəɾ/ - /sˈʏstæ/
[1/1] s-s / ˈœ-ˈʏ / s-s / t-t / ə-∅ / ɾ_#>-æ_#>

-------------------

/sˈɑlt/ - /zˈɔlt/
[1/1] <#_s-<#_z / ˈɑ-ˈɔ / l-l / t_#>-t_#>

-------------------

/sˈɑnː/ - /zˈand/
[1/1] <#_s-<#_z / ˈɑ-ˈa / nː_#>-n_d

-------------------

/sˈɔmːəɾ/ - /zˈɔmæ/
[1/1] <#_s-<#_z / ˈɔ-ˈɔ / mː_ə-m / ɾ_#>-æ_#>

-------------------

/sˈɛks/ - /zˈœs/
[1/1] <#_s-<#_z / ˈɛ-∅ / k-ˈœ / s_#>-s_#>

-------------------

/sˈɛlː/ - /zˈʏlm/
[1/1] <#_s-<#_z / ˈɛ-ˈʏ / lː_#>-l / ∅-m

-------------------

/sˈɪtːə/ - /zˈɪtn̩/
[1/1] <#_s-<#_z / ˈɪ-ˈɪ / tː-t / ə_#>-n_#>

-------------------

/sˈʉːɡə/ - /zˈuːɡn̩/
[1/1] <#_s-<#_z / ˈʉː-ˈuː / ɡ-ɡ / ə_#>-n_#>

-------------------

/sˈʉːɾ/ - /zˈuːæ/
[1/1] <#_s-<#_z / ˈʉː-ˈuː / ɾ_#>-æ_#>

-------------------

/sˈʏŋːə/ - /zˈɪŋ/
[1/1] <#_s-<#_z / ˈʏ-ˈɪ / ŋː_ə-ŋ

-------------------

/tʰɾˈeː/ - /drˈae̯/
[1/1] <#_tʰ-<#_d / ɾ-r / ˈeː_#>-ˈae̯_#>

-------------------

/tʰɾˈɛtːən/ - /drˈʏtae̯n/
[1/1] <#_tʰ-<#_d / ɾ-r / ˈɛ-ˈʏ / tː-t / ə-ae̯ / n-n

-------------------

/tʰɾˈʏkːə/ - /drˈʏkn̩/
[1/1] <#_tʰ-<#_d / ɾ-r / ˈʏ-ˈʏ / kː-k / ə_#>-n_#>

-------------------

/tʰˈiː/ - /tʰˈae̯n/
[1/1] <#_tʰ-<#_tʰ / ˈiː-ˈae̯ / #>-n_#>

-------------------

/tʰˈiː/ - /tʰˈiːt/
[1/1] <#_tʰ-<#_tʰ / ˈiː-ˈiː / #>-t_#>

-------------------

/tʰˈoː/ - /tʰˈeːn/
[1/1] <#_tʰ-<#_tʰ / ˈoː-ˈeː / #>-n_#>

-------------------

/tʰˈuː/ - /tʰvˈae̯/
[1/1] <#_tʰ-<#_tʰ / ∅-v / ˈuː-ˈae̯

-------------------

/tʰˈuːɳ/ - /dˈuːæn/
[1/1] <#_tʰ-<#_d / ˈuː-ˈuː / ɳ_#>-æ_n

-------------------

/tʰˈyːʋ/ - /dˈae̯f/
[1/1] <#_tʰ-<#_d / ˈyː-ˈae̯ / ʋ_#>-f_#>

-------------------

/tʰˈæɪ̯n/ - /tʰˈae̯kn̩/
[1/1] <#_tʰ-<#_tʰ / ˈæɪ̯-ˈae̯ / n-k / #>-n_#>

-------------------

/tʰˈœɾ/ - /drˈɔʏ̯ç/
[1/1] <#_tʰ-<#_d / ˈœ-∅ / ɾ-r / ∅-ˈɔʏ̯ / #>-ç_#>

-------------------

/tʰˈœʂʈ/ - /dˈœst/
[1/1] <#_tʰ-<#_d / ˈœ-∅ / ʂ-ˈœ / ʈ-s / #>-t_#>

-------------------

/tʰˈɑkːə/ - /dˈaŋkn̩/
[1/1] <#_tʰ-<#_d / ˈɑ-ˈa / ∅-ŋ / kː-k / ə_#>-n_#>

-------------------

/tʰˈɑnː/ - /tʰˈɛːn/
[1/1] <#_tʰ-<#_tʰ / ˈɑ-∅ / nː-ˈɛː / #>-n_#>

-------------------

/tʰˈɔlː/ - /tʰvˈœlf/
[1/1] <#_tʰ-<#_tʰ / ∅-v / ˈɔ-ˈœ / lː-l / #>-f_#>

-------------------

/tʰˈɪŋː/ - /dˈɪŋ/
[1/1] <#_tʰ-<#_d / ˈɪ-ˈɪ / ŋː-ŋ

-------------------

/tʰˈʉŋːə/ - /tʰˈʊŋ/
[1/1] <#_tʰ-<#_tʰ / ˈʉ-ˈʊ / ŋː_ə-ŋ

-------------------

/tʰˈʉːsən/ - /dˈuːzn̩d/
[1/1] <#_tʰ-<#_d / ˈʉː-ˈuː / s-∅ / ə-z / n-n / #>-d_#>

-------------------

/tʰˈʊmːə/ - /dˈuːm/
[1/1] <#_tʰ-<#_d / ˈʊ-ˈuː / mː_ə-m

-------------------

/tʰˈʏnː/ - /dˈʏn/
[1/1] <#_tʰ-<#_d / ˈʏ-ˈʏ / nː-∅ / #>-n_#>

-------------------

/tʰˈʏsk/ - /dˈyːtʃ/
[1/1] <#_tʰ-<#_d / ˈʏ-ˈyː / ∅-t / s_k-ʃ_#>

-------------------

/çˈɛnːə/ - /kʰˈɛn̩/
[1/1] <#_ç-<#_kʰ / ˈɛ-ˈɛ / nː-∅ / ə_#>-n_#>

-------------------

/çˈɪɾkə/ - /kʰˈiːæç/
[1/1] <#_ç-<#_kʰ / ˈɪ-ˈiː / ɾ-æ / k-∅ / ə_#>-ç_#>

-------------------

/çˈʏlːɪŋ/ - /kʰˈyːkn̩/
[1/1] <#_ç-<#_kʰ / ˈʏ-ˈyː / lː-∅ / ɪ-∅ / ŋ-k / #>-n_#>

-------------------

/ɡɾˈœnː/ - /jrˈɔʏ̯n/
[1/1] <#_ɡ-<#_j / ɾ-r / ˈœ-ˈɔʏ̯ / nː-∅ / #>-n_#>

-------------------

/ɡɾˈɛsː/ - /ɡrˈaːs/
[1/1] <#_ɡ-<#_ɡ / ɾ-r / ˈɛ-ˈaː / sː-s

-------------------

/ɡˈoː/ - /ɡˈɒːn/
[1/1] <#_ɡ-<#_ɡ / ˈoː-ˈɒː / #>-n_#>

-------------------

/ɡˈoːs/ - /ɡˈaʊ̯s/
[1/1] <#_ɡ-<#_ɡ / ˈoː-ˈaʊ̯ / s_#>-s_#>

-------------------

/ɡˈuː/ - /ɡˈaʊ̯t/
[1/1] <#_ɡ-<#_ɡ / ˈuː-ˈaʊ̯ / #>-t_#>

-------------------

/ɡˈɑːɳ/ - /ɡˈoːæn/
[1/1] <#_ɡ-<#_ɡ / ˈɑː-ˈoː / ɳ_#>-æ_n

-------------------

/ɡˈʉlː/ - /ɡˈɔld/
[1/1] <#_ɡ-<#_ɡ / ˈʉ-ˈɔ / lː-l / #>-d_#>

-------------------

/ɡˈʉːd/ - /ɡˈɔt/
[1/1] <#_ɡ-<#_ɡ / ˈʉː-∅ / d-ˈɔ / #>-t_#>

-------------------

/ɡˈʉːl/ - /jˈɛl/
[1/1] <#_ɡ-<#_j / ˈʉː-ˈɛ / l_#>-l_#>

-------------------

/ɾˈiːk/ - /rˈiːk/
[1/1] <#_ɾ-<#_r / ˈiː-ˈiː / k_#>-k_#>

-------------------

/ɾˈæɪ̯n/ - /rˈɛŋ/
[1/1] <#_ɾ-<#_r / ˈæɪ̯-ˈɛ / n-ŋ

-------------------

/ɾˈøː/ - /rˈaʊ̯t/
[1/1] <#_ɾ-<#_r / ˈøː-ˈaʊ̯ / #>-t_#>

-------------------

/ɾˈœʏ̯k/ - /rˈaʊ̯k/
[1/1] <#_ɾ-<#_r / ˈœʏ̯-ˈaʊ̯ / k_#>-k_#>

-------------------

/ɾˈɛtː/ - /rˈɛçt/
[1/1] <#_ɾ-<#_r / ˈɛ-ˈɛ / tː-ç / #>-t_#>

-------------------

/ɾˈɪŋː/ - /rˈɪŋ/
[1/1] <#_ɾ-<#_r / ˈɪ-ˈɪ / ŋː-ŋ

-------------------

/ɾˈʏɡː/ - /rˈʏç/
[1/1] <#_ɾ-<#_r / ˈʏ-ˈʏ / ɡː-∅ / #>-ç_#>

-------------------

/ʂˈiːp/ - /ʃˈɪp/
[1/1] ʂ-ʃ / ˈiː-ˈɪ / p_#>-p_#>

-------------------

/ʂˈyːtə/ - /ʃˈae̯tn̩/
[1/1] ʂ-ʃ / ˈyː-ˈae̯ / t-t / ə_#>-n_#>

-------------------

/ʂˈœnː/ - /ʃˈɔʏ̯n/
[1/1] ʂ-ʃ / ˈœ-ˈɔʏ̯ / nː-∅ / #>-n_#>

-------------------

/ʂˈɔlː/ - /ʃˈɪld/
[1/1] ʂ-ʃ / ˈɔ-ˈɪ / lː-l / #>-d_#>

-------------------

/ʂˈɛl/ - /zˈeːl/
[1/1] ʂ-z / ˈɛ-ˈeː / l_#>-l_#>

-------------------

/ʋˈiː/ - /vˈiː/
[1/1] <#_ʋ-<#_v / ˈiː-ˈiː

-------------------

/ʋˈiːn/ - /vˈiːn/
[1/1] <#_ʋ-<#_v / ˈiː-ˈiː / n-n

-------------------

/ʋˈiːt/ - /vˈɪt/
[1/1] <#_ʋ-<#_v / ˈiː-ˈɪ / t_#>-t_#>

-------------------

/ʋˈiːtə/ - /vˈae̯tn̩/
[1/1] <#_ʋ-<#_v / ˈiː-ˈae̯ / t-t / ə_#>-n_#>

-------------------

/ʋˈæɪ̯/ - /vˈɛç/
[1/1] <#_ʋ-<#_v / ˈæɪ̯-ˈɛ / #>-ç_#>

-------------------

/ʋˈæɪ̯k/ - /vˈae̯k/
[1/1] <#_ʋ-<#_v / ˈæɪ̯-ˈae̯ / k_#>-k_#>

-------------------

/ʋˈæːɾ/ - /vˈɛːɾæ/
[1/1] <#_ʋ-<#_v / ∅-ˈɛː / ˈæː-ɾ / ɾ_#>-æ_#>

-------------------

/ʋˈɑ/ - /vˈat/
[1/1] <#_ʋ-<#_v / ˈɑ-ˈa / #>-t_#>

-------------------

/ʋˈɑnː/ - /vˈɒːtæ/
[1/1] <#_ʋ-<#_v / ˈɑ-ˈɒː / nː-t / #>-æ_#>

-------------------

/ʋˈɑɾm/ - /vˈaːm/
[1/1] <#_ʋ-<#_v / ˈɑ_ɾ-ˈaː / m_#>-m_#>

-------------------

/ʋˈɑːl/ - /vˈal/
[1/1] <#_ʋ-<#_v / ˈɑː-ˈa / l_#>-l_#>

-------------------

/ʋˈɪlː/ - /vˈɪld/
[1/1] <#_ʋ-<#_v / ˈɪ-ˈɪ / lː-l / #>-d_#>

-------------------

/ʋˈɪntəɾ/ - /vˈɪntæ/
[1/1] <#_ʋ-<#_v / ˈɪ-ˈɪ / n-n / t-t / ə-∅ / ɾ_#>-æ_#>

-------------------

/ʋˈɪnː/ - /vˈɪnd/
[1/1] <#_ʋ-<#_v / ˈɪ-ˈɪ / nː_#>-n_d

-------------------

/ˈeːn/ - /ˈae̯n/
[1/1] ˈeː-ˈae̯ / n-n

-------------------

/ˈeːtə/ - /ˈɛːtn̩/
[1/1] ˈeː-ˈɛː / t-t / ə_#>-n_#>

-------------------

/ˈiːs/ - /ˈiːs/
[1/1] ˈiː-ˈiː / s_#>-s_#>

-------------------

/ˈoːl/ - /ˈɒːl/
[1/1] ˈoː-ˈɒː / l_#>-l_#>

-------------------

/ˈoːɾ/ - /jˈoːæ/
[1/1] <#-<#_j / ˈoː-ˈoː / ɾ_#>-æ_#>

-------------------

/ˈuːɾ/ - /vˈuːæt/
[1/1] <#-<#_v / ˈuː-ˈuː / ɾ-æ / #>-t_#>

-------------------

/ˈæɪ̯k/ - /ˈae̯k/
[1/1] ˈæɪ̯-ˈae̯ / k_#>-k_#>

-------------------

/ˈøːjə/ - /ˈaʊ̯x/
[1/1] ˈøː_j-ˈaʊ̯_x / ə-∅

-------------------

/ˈøːɾə/ - /ˈuːæ/
[1/1] ˈøː-ˈuː / ɾ_ə-æ

-------------------

/ˈœnskə/ - /vˈʏnʃn̩/
[1/1] <#-<#_v / ˈœ-ˈʏ / n-n / s_k-ʃ / ə_#>-n_#>

-------------------

/ˈɑlː/ - /ˈal/
[1/1] <#_ˈɑ-<#_ˈa / lː_#>-l_#>

-------------------

/ˈɑnːən/ - /ˈanæ/
[1/1] <#_ˈɑ-<#_ˈa / nː_ə-n / n-∅ / #>-æ_#>

-------------------

/ˈɑskə/ - /ˈaʃ/
[1/1] <#_ˈɑ-<#_ˈa / s_k-ʃ_#> / ə-∅

-------------------

/ˈɑɾm/ - /ˈaːm/
[1/1] ˈɑ_ɾ-ˈaː / m_#>-m_#>

-------------------

/ˈɑːpə/ - /ˈɒːp/
[1/1] ˈɑː-ˈɒː / p-p / ə-∅

-------------------

/ˈɔpː/ - /ˈʊp/
[1/1] <#_ˈɔ-<#_ˈʊ / pː-∅ / #>-p_#>

-------------------

/ˈɔsː/ - /ˈʊns/
[1/1] <#_ˈɔ-<#_ˈʊ / ∅-n / sː-s

-------------------

/ˈɔtːə/ - /ˈaxt/
[1/1] ˈɔ-ˈa / tː_ə-x_t

-------------------

/ˈɛlʋə/ - /ˈɛlm/
[1/1] <#_ˈɛ-<#_ˈɛ / l-l / ʋ_ə-m

-------------------

/ˈɛplə/ - /ˈapl̩/
[1/1] ˈɛ-ˈa / p-p / l-l / ə-∅

-------------------

/ˈɛɡː/ - /ˈɛk/
[1/1] <#_ˈɛ-<#_ˈɛ / ɡː-k

-------------------

/ˈʉlʋ/ - /vˈʊlf/
[1/1] <#-<#_v / ˈʉ-ˈʊ / l-l / ʋ_#>-f_#>

-------------------

/ˈʉlː/ - /vˈʊl/
[1/1] <#-<#_v / ˈʉ-ˈʊ / lː_#>-l_#>

-------------------

/ˈʉnːəɾ/ - /vˈʊnæ/
[1/1] <#-<#_v / ˈʉ-ˈʊ / nː_ə-n / ɾ_#>-æ_#>

-------------------

/ˈʉnːəɾ/ - /ˈʏnæ/
[1/1] ˈʉ-ˈʏ / nː_ə-n / ɾ_#>-æ_#>

-------------------

/ˈʉŋː/ - /jˈʊŋk/
[1/1] <#-<#_j / ˈʉ-ˈʊ / ŋː_#>-ŋ_k

-------------------

/ˈʉːkə/ - /vˈɛːk/
[1/1] <#-<#_v / ˈʉː-ˈɛː / k-k / ə-∅

-------------------

/ˈʉːt/ - /ˈuːt/
[1/1] ˈʉː-ˈuː / t_#>-t_#>

-------------------

/ˈʊɾm/ - /vˈoːæm/
[1/1] <#-<#_v / ˈʊ-ˈoː / ɾ-æ / m_#>-m_#>

-------------------

