Same meaning pairs: 222
****SAMPLE 1****
Iteration 1
	Qualified: 165
	Disqualified: 191
	Added: 0
	Removed: 13
		ni /nˈiː/ - negen /nˈeːχən/
		sju /ʂˈʉː/ - zeven /zˈeːvən/
		tjue /çˈʉːə/ - twintig /tʋˈɪntəχ/
		gi /jˈiː/ - geven /χˈeːvən/
		tre /tʰɾˈeː/ - boom /bˈoːm/
		si /sˈiː/ - zeggen /zˈɛχən/
		navn /nˈɑʋn/ - naam /nˈaːm/
		to /tʰˈuː/ - twee /tʋˈeː/
		hode /hˈuːdə/ - kop /kˈɔp/
		vann /ʋˈɑnː/ - water /ʋˈaːtəɾ/
		le /lˈeː/ - lachen /ɫˈɑχən/
		kvinne /kʰʋˈɪnːə/ - vrouw /vɾˈɑu̯/
		jord /jˈuːɾ/ - aarde /ˈaːɾdə/

Iteration 2
	Qualified: 163
	Disqualified: 193
	Added: 0
	Removed: 2
		gull /ɡˈʉlː/ - goud /χˈɑu̯t/
		åtte /ˈɔtːə/ - acht /ˈɑχt/

Iteration 3
	Qualified: 164
	Disqualified: 192
	Added: 1
		åtte /ˈɔtːə/ - acht /ˈɑχt/
	Removed: 0

Iteration 4
	Qualified: 163
	Disqualified: 193
	Added: 0
	Removed: 1
		åtte /ˈɔtːə/ - acht /ˈɑχt/

Final qualifying:
		bjørn /bjˈøːɳ/ - beer /bˈeːɾ/
		blod /blˈuː/ - bloed /bɫˈut/
		blom /blˈuːm/ - bloem /bɫˈum/
		blome /blˈuːmə/ - bloem /bɫˈum/
		blad /blˈɑːd/ - blad /bɫˈɑt/
		bror /bɾˈuːɾ/ - broeder /bɾˈudəɾ/
		bror /bɾˈuːɾ/ - broer /bɾˈuɾ/
		brød /bɾˈøː/ - brood /bɾˈoːt/
		bryst /bɾˈʏst/ - borst /bˈɔɾst/
		brygge /bɾˈʏɡːə/ - brug /bɾˈʏχ/
		be /bˈeː/ - bidden /bˈɪdən/
		bedre /bˈeːdɾə/ - beter /bˈeːtəɾ/
		båt /bˈoːt/ - boot /bˈoːt/
		bok /bˈuːk/ - boek /bˈuk/
		by /bˈyː/ - bieden /bˈidən/
		bein /bˈæɪ̯n/ - been /bˈeːn/
		drive /dɾˈiːʋə/ - drijven /dɾˈɛi̯vən/
		drøm /dɾˈœm/ - droom /dɾˈoːm/
		drømme /dɾˈœmːə/ - dromen /dɾˈoːmən/
		drikke /dɾˈɪkːə/ - drinken /dɾˈɪŋkən/
		dverg /dʋˈɛɾɡ/ - dwerg /dʋˈɛɾχ/
		dyp /dˈyːp/ - diep /dˈip/
		dyr /dˈyːɾ/ - dier /dˈiɾ/
		dyr /dˈyːɾ/ - duur /dˈyːɾ/
		død /dˈøː/ - dood /dˈoːt/
		dødelig /dˈøːdəli/ - dodelijk /dˈoːdələk/
		dag /dˈɑːɡ/ - dag /dˈɑχ/
		flyge /flˈyːɡə/ - vliegen /vɫˈiχən/
		fire /fˈiːɾə/ - vier /vˈiɾ/
		fot /fˈuːt/ - voet /vˈut/
		fyr /fˈyːɾ/ - vuur /vˈyːɾ/
		føtter /fˈœtːəɾ/ - voeten /vˈutən/
		far /fˈɑːɾ/ - vader /vˈaːdəɾ/
		fem /fˈɛm/ - vijf /vˈɛi̯f/
		fisk /fˈɪsk/ - vis /vˈɪs/
		finger /fˈɪŋːəɾ/ - vinger /vˈɪŋəɾ/
		full /fˈʉlː/ - vol /vˈɔɫ/
		fugl /fˈʉːl/ - vogel /vˈoːχəɫ/
		het /hˈeːt/ - heet /ɦˈeːt/
		hår /hˈoːɾ/ - haar /ɦˈaːɾ/
		hode /hˈuːdə/ - hoofd /ɦˈoːft/
		horn /hˈuːɳ/ - hoorn /ɦˈoːɾn/
		her /hˈæːɾ/ - hier /ɦˈiɾ/
		høy /hˈøːj/ - hoog /ɦˈoːχ/
		høne /hˈøːnə/ - hen /ɦˈɛn/
		høre /hˈøːɾə/ - horen /ɦˈoːɾən/
		ha /hˈɑː/ - hebben /ɦˈɛbən/
		hare /hˈɑːɾə/ - haas /ɦˈaːs/
		hundre /hˈʉndɾə/ - honderd /ɦˈɔndəɾt/
		hund /hˈʉnː/ - hond /ɦˈɔnt/
		hunger /hˈʉŋːəɾ/ - honger /ɦˈɔŋəɾ/
		hus /hˈʉːs/ - huis /ɦˈœy̯s/
		honning /hˈʊnːɪŋ/ - honing /ɦˈoːnɪŋ/
		jeg /jˈæj/ - ik /ˈɪk/
		geit /jˈæɪ̯t/ - geit /χˈɛi̯t/
		hjem /jˈɛm/ - heem /ɦˈeːm/
		gjest /jˈɛst/ - gast /χˈɑst/
		kne /kʰnˈeː/ - knie /knˈi/
		kalv /kʰˈɑlʋ/ - kalf /kˈɑɫf/
		kald /kʰˈɑlː/ - koud /kˈɑu̯t/
		ku /kʰˈʉː/ - koe /kˈu/
		konge /kʰˈʊŋə/ - koning /kˈoːnɪŋ/
		lever /lˈeːʋəɾ/ - lever /ɫˈeːvəɾ/
		lys /lˈyːs/ - licht /ɫˈɪχt/
		løv /lˈøːʋ/ - loof /ɫˈoːf/
		lam /lˈɑmː/ - lam /ɫˈɑm/
		lang /lˈɑŋː/ - lang /ɫˈɑŋ/
		lett /lˈɛtː/ - licht /ɫˈɪχt/
		lus /lˈʉːs/ - luis /ɫˈœy̯s/
		måne /mˈoːnə/ - maan /mˈaːn/
		mor /mˈuːɾ/ - moeder /mˈudəɾ/
		meg /mˈæɪ̯/ - mij /mˈɛi̯/
		mann /mˈɑnː/ - man /mˈɑn/
		melk /mˈɛlk/ - melk /mˈɛɫk/
		menneske /mˈɛnːəskə/ - mens /mˈɛns/
		munn /mˈʉnː/ - muil /mˈœy̯ɫ/
		mus /mˈʉːs/ - muis /mˈœy̯s/
		mus /mˈʉːs/ - muizen /mˈœy̯zən/
		mygg /mˈʏɡː/ - mug /mˈʏχ/
		nese /nˈeːsə/ - neus /nˈøːs/
		nål /nˈoːl/ - naald /nˈaːɫt/
		nord /nˈuːɾ/ - noord /nˈoːɾt/
		ny /nˈyː/ - nieuw /nˈiw/
		natt /nˈɑtː/ - nacht /nˈɑχt/
		naken /nˈɑːkən/ - naakt /nˈaːkt/
		plikt /pʰlˈɪkt/ - plicht /pɫˈɪχt/
		skarp /skˈɑɾp/ - scherp /sχˈɛɾp/
		slange /slˈɑŋːə/ - slang /sɫˈɑŋ/
		snø /snˈøː/ - sneeuw /snˈeːw/
		stjerne /stjˈæːɳə/ - ster /stˈɛɾ/
		stol /stˈuːl/ - stoel /stˈuɫ/
		stein /stˈæɪ̯n/ - steen /stˈeːn/
		storm /stˈɔɾm/ - storm /stˈɔɾm/
		svin /sʋˈiːn/ - zwijn /zʋˈɛi̯n/
		svømme /sʋˈœmːə/ - zwemmen /zʋˈɛmən/
		svart /sʋˈɑʈ/ - zwart /zʋˈɑɾt/
		sverd /sʋˈɛːɾ/ - zwaard /zʋˈaːɾt/
		se /sˈeː/ - zien /zˈin/
		sove /sˈoːʋə/ - slapen /sɫˈaːpən/
		sønn /sˈœn/ - zoon /zˈoːn/
		salt /sˈɑlt/ - zout /zˈɑu̯t/
		sand /sˈɑnː/ - zand /zˈɑnt/
		sitte /sˈɪtːə/ - zitten /zˈɪtən/
		synge /sˈʏŋːə/ - zingen /zˈɪŋən/
		tre /tʰɾˈeː/ - drie /dɾˈi/
		ti /tʰˈiː/ - tien /tˈin/
		tid /tʰˈiː/ - tijd /tˈɛi̯t/
		tyv /tʰˈyːʋ/ - dief /dˈif/
		tørr /tʰˈœɾ/ - droog /dɾˈoːχ/
		tørr /tʰˈœɾ/ - dor /dˈɔɾ/
		takke /tʰˈɑkːə/ - danken /dˈɑŋkən/
		tann /tʰˈɑnː/ - tand /tˈɑnt/
		tolv /tʰˈɔlː/ - twaalf /tʋˈaːləf/
		ting /tʰˈɪŋː/ - ding /dˈɪŋ/
		tusen /tʰˈʉːsən/ - duizend /dˈœy̯zənt/
		tunge /tʰˈʊŋːə/ - tong /tˈɔŋ/
		tjukk /çˈʉkː/ - dik /dˈɪk/
		grønn /ɡɾˈœnː/ - groen /χɾˈun/
		gress /ɡɾˈɛsː/ - gras /χɾˈɑs/
		gås /ɡˈoːs/ - gans /χˈɑns/
		god /ɡˈuː/ - goed /χˈut/
		rød /ɾˈøː/ - rood /ɾˈoːt/
		røyk /ɾˈœʏ̯k/ - rook /ɾˈoːk/
		rett /ɾˈɛtː/ - recht /ɾˈɛχt/
		ring /ɾˈɪŋː/ - ring /ɾˈɪŋ/
		sjø /ʂˈøː/ - meer /mˈeːɾ/
		skip /ʃˈiːp/ - schip /sχˈɪp/
		vi /ʋˈiː/ - wij /ʋˈɛi̯/
		hvit /ʋˈiːt/ - wit /ʋˈɪt/
		vei /ʋˈæɪ̯/ - weg /ʋˈɛχ/
		vær /ʋˈæːɾ/ - weer /ʋˈeːɾ/
		varm /ʋˈɑɾm/ - warm /ʋˈɑɾm/
		hval /ʋˈɑːl/ - wal /ʋˈɑl/
		vind /ʋˈɪnː/ - wind /ʋˈɪnt/
		en /ˈeːn/ - één /ˈeːn/
		ete /ˈeːtə/ - eten /ˈeːtən/
		i /ˈiː/ - in /ˈɪn/
		is /ˈiːs/ - ijs /ˈɛi̯s/
		ål /ˈoːl/ - aal /ˈaːɫ/
		år /ˈoːɾ/ - jaar /jˈaːɾ/
		over /ˈoːʋəɾ/ - over /ˈoːvəɾ/
		ord /ˈuːɾ/ - woord /ʋˈoːɾt/
		eik /ˈæɪ̯k/ - eik /ˈɛi̯k/
		øye /ˈøːjə/ - oog /ˈoːχ/
		øre /ˈøːɾə/ - oor /ˈoːɾ/
		ønske /ˈœnskə/ - wensen /ʋˈɛnsən/
		all /ˈɑlː/ - al /ˈɑɫ/
		annen /ˈɑnːən/ - ander /ˈɑndəɾ/
		aske /ˈɑskə/ - as /ˈɑs/
		arm /ˈɑɾm/ - arm /ˈɑɾm/
		ape /ˈɑːpə/ - aap /ˈaːp/
		oss /ˈɔsː/ - ons /ˈɔns/
		ovn /ˈɔʋn/ - oven /ˈoːvən/
		elleve /ˈɛlʋə/ - elf /ˈɛləf/
		eple /ˈɛplə/ - appel /ˈɑpəɫ/
		egg /ˈɛɡː/ - ei /ˈɛi̯/
		egg /ˈɛɡː/ - eg /ˈɛχ/
		ild /ˈɪlː/ - vuur /vˈyːɾ/
		ulv /ˈʉlʋ/ - wolf /ʋˈɔɫf/
		ull /ˈʉlː/ - wol /ʋˈɔɫ/
		ung /ˈʊŋː/ - jong /jˈɔŋ/
		ugle /ˈʊɡlə/ - uil /ˈœy̯ɫ/
		orm /ˈʊɾm/ - worm /ʋˈɔɾm/

Final disqualified:
		hode /hˈuːdə/ - kop /kˈɔp/
		gi /jˈiː/ - geven /χˈeːvən/
		jord /jˈuːɾ/ - aarde /ˈaːɾdə/
		kvinne /kʰʋˈɪnːə/ - vrouw /vɾˈɑu̯/
		le /lˈeː/ - lachen /ɫˈɑχən/
		ni /nˈiː/ - negen /nˈeːχən/
		navn /nˈɑʋn/ - naam /nˈaːm/
		si /sˈiː/ - zeggen /zˈɛχən/
		tre /tʰɾˈeː/ - boom /bˈoːm/
		to /tʰˈuː/ - twee /tʋˈeː/
		tjue /çˈʉːə/ - twintig /tʋˈɪntəχ/
		gull /ɡˈʉlː/ - goud /χˈɑu̯t/
		sju /ʂˈʉː/ - zeven /zˈeːvən/
		vann /ʋˈɑnː/ - water /ʋˈaːtəɾ/
		åtte /ˈɔtːə/ - acht /ˈɑχt/


-------------------

****SAMPLE 2****
Iteration 1
	Qualified: 168
	Disqualified: 188
	Added: 0
	Removed: 10
		får /fˈoːɾ/ - schaap /sχˈaːp/
		tjue /çˈʉːə/ - twintig /tʋˈɪntəχ/
		gi /jˈiː/ - geven /χˈeːvən/
		tre /tʰɾˈeː/ - boom /bˈoːm/
		si /sˈiː/ - zeggen /zˈɛχən/
		navn /nˈɑʋn/ - naam /nˈaːm/
		hode /hˈuːdə/ - kop /kˈɔp/
		vann /ʋˈɑnː/ - water /ʋˈaːtəɾ/
		le /lˈeː/ - lachen /ɫˈɑχən/
		jord /jˈuːɾ/ - aarde /ˈaːɾdə/

Iteration 2
	Qualified: 167
	Disqualified: 189
	Added: 0
	Removed: 1
		kvinne /kʰʋˈɪnːə/ - vrouw /vɾˈɑu̯/

Iteration 3
	Qualified: 167
	Disqualified: 189
	Added: 0
	Removed: 0

Final qualifying:
		bjørn /bjˈøːɳ/ - beer /bˈeːɾ/
		blod /blˈuː/ - bloed /bɫˈut/
		blom /blˈuːm/ - bloem /bɫˈum/
		blome /blˈuːmə/ - bloem /bɫˈum/
		blad /blˈɑːd/ - blad /bɫˈɑt/
		bror /bɾˈuːɾ/ - broeder /bɾˈudəɾ/
		bror /bɾˈuːɾ/ - broer /bɾˈuɾ/
		brød /bɾˈøː/ - brood /bɾˈoːt/
		bryst /bɾˈʏst/ - borst /bˈɔɾst/
		brygge /bɾˈʏɡːə/ - brug /bɾˈʏχ/
		be /bˈeː/ - bidden /bˈɪdən/
		bie /bˈiːə/ - bij /bˈɛi̯/
		bie /bˈiːə/ - imme /ˈɪmə/
		bok /bˈuːk/ - boek /bˈuk/
		by /bˈyː/ - bieden /bˈidən/
		berg /bˈæɾɡ/ - berg /bˈɛɾχ/
		bad /bˈɑːd/ - bad /bˈɑt/
		drive /dɾˈiːʋə/ - drijven /dɾˈɛi̯vən/
		drøm /dɾˈœm/ - droom /dɾˈoːm/
		drømme /dɾˈœmːə/ - dromen /dɾˈoːmən/
		drikke /dɾˈɪkːə/ - drinken /dɾˈɪŋkən/
		dverg /dʋˈɛɾɡ/ - dwerg /dʋˈɛɾχ/
		dyp /dˈyːp/ - diep /dˈip/
		dyr /dˈyːɾ/ - duur /dˈyːɾ/
		død /dˈøː/ - dood /dˈoːt/
		dødelig /dˈøːdəli/ - dodelijk /dˈoːdələk/
		datter /dˈɑtːəɾ/ - dochter /dˈɔχtəɾ/
		dag /dˈɑːɡ/ - dag /dˈɑχ/
		flyge /flˈyːɡə/ - vliegen /vɫˈiχən/
		flue /flˈʉːə/ - vlieg /vɫˈiχ/
		fryse /fɾˈyːsə/ - vriezen /vɾˈizən/
		frisk /fɾˈɪsk/ - vers /vˈɛɾs/
		fire /fˈiːɾə/ - vier /vˈiɾ/
		fot /fˈuːt/ - voet /vˈut/
		fyr /fˈyːɾ/ - vuur /vˈyːɾ/
		følge /fˈœlɡə/ - volgen /vˈɔɫχən/
		føtter /fˈœtːəɾ/ - voeten /vˈutən/
		far /fˈɑːɾ/ - vader /vˈaːdəɾ/
		fem /fˈɛm/ - vijf /vˈɛi̯f/
		fisk /fˈɪsk/ - vis /vˈɪs/
		finger /fˈɪŋːəɾ/ - vinger /vˈɪŋəɾ/
		full /fˈʉlː/ - vol /vˈɔɫ/
		hode /hˈuːdə/ - hoofd /ɦˈoːft/
		her /hˈæːɾ/ - hier /ɦˈiɾ/
		høre /hˈøːɾə/ - horen /ɦˈoːɾən/
		hand /hˈɑnː/ - hand /ɦˈɑnt/
		hellig /hˈɛlːi/ - heilig /ɦˈɛi̯ɫəχ/
		hundre /hˈʉndɾə/ - honderd /ɦˈɔndəɾt/
		hund /hˈʉnː/ - hond /ɦˈɔnt/
		hunger /hˈʉŋːəɾ/ - honger /ɦˈɔŋəɾ/
		hus /hˈʉːs/ - huis /ɦˈœy̯s/
		honning /hˈʊnːɪŋ/ - honing /ɦˈoːnɪŋ/
		jeg /jˈæj/ - ik /ˈɪk/
		geit /jˈæɪ̯t/ - geit /χˈɛi̯t/
		gjest /jˈɛst/ - gast /χˈɑst/
		kne /kʰnˈeː/ - knie /knˈi/
		kone /kʰˈuːne/ - vrouw /vɾˈɑu̯/
		korn /kʰˈuːɳ/ - koren /kˈoːɾən/
		kalv /kʰˈɑlʋ/ - kalf /kˈɑɫf/
		kunne /kʰˈʉnːə/ - kunnen /kˈʏnən/
		ku /kʰˈʉː/ - koe /kˈu/
		lever /lˈeːʋəɾ/ - lever /ɫˈeːvəɾ/
		lys /lˈyːs/ - licht /ɫˈɪχt/
		løpe /lˈøːpə/ - lopen /lˈoːpən/
		løv /lˈøːʋ/ - loof /ɫˈoːf/
		lam /lˈɑmː/ - lam /ɫˈɑm/
		land /lˈɑnː/ - land /ɫˈɑnt/
		lang /lˈɑŋː/ - lang /ɫˈɑŋ/
		lett /lˈɛtː/ - licht /ɫˈɪχt/
		lus /lˈʉːs/ - luis /ɫˈœy̯s/
		måne /mˈoːnə/ - maan /mˈaːn/
		mor /mˈuːɾ/ - moeder /mˈudəɾ/
		meg /mˈæɪ̯/ - mij /mˈɛi̯/
		melk /mˈɛlk/ - melk /mˈɛɫk/
		menn /mˈɛnː/ - mannen /mˈɑnən/
		menneske /mˈɛnːəskə/ - mens /mˈɛns/
		munn /mˈʉnː/ - mond /mˈɔnt/
		mus /mˈʉːs/ - muis /mˈœy̯s/
		mus /mˈʉːs/ - muizen /mˈœy̯zən/
		mygg /mˈʏɡː/ - mug /mˈʏχ/
		nese /nˈeːsə/ - neus /nˈøːs/
		nål /nˈoːl/ - naald /nˈaːɫt/
		nord /nˈuːɾ/ - noord /nˈoːɾt/
		ny /nˈyː/ - nieuw /nˈiw/
		negl /nˈæɪ̯l/ - nagel /nˈaːχəɫ/
		natt /nˈɑtː/ - nacht /nˈɑχt/
		naken /nˈɑːkən/ - naakt /nˈaːkt/
		plikt /pʰlˈɪkt/ - plicht /pɫˈɪχt/
		skarp /skˈɑɾp/ - scherp /sχˈɛɾp/
		slå /slˈoː/ - slaan /sɫˈaːn/
		stjerne /stjˈæːɳə/ - ster /stˈɛɾ/
		stol /stˈuːl/ - stoel /stˈuɫ/
		stein /stˈæɪ̯n/ - steen /stˈeːn/
		storm /stˈɔɾm/ - storm /stˈɔɾm/
		svin /sʋˈiːn/ - zwijn /zʋˈɛi̯n/
		svømme /sʋˈœmːə/ - zwemmen /zʋˈɛmən/
		svart /sʋˈɑʈ/ - zwart /zʋˈɑɾt/
		sverd /sʋˈɛːɾ/ - zwaard /zʋˈaːɾt/
		se /sˈeː/ - zien /zˈin/
		side /sˈiːə/ - zijde /zˈɛi̯də/
		søt /sˈøːt/ - zoet /zˈut/
		sønn /sˈœn/ - zoon /zˈoːn/
		søster /sˈœstəɾ/ - zuster /zˈʏstəɾ/
		salt /sˈɑlt/ - zout /zˈɑu̯t/
		seks /sˈɛks/ - zes /zˈɛs/
		sitte /sˈɪtːə/ - zitten /zˈɪtən/
		tre /tʰɾˈeː/ - drie /dɾˈi/
		ti /tʰˈiː/ - tien /tˈin/
		tid /tʰˈiː/ - tijd /tˈɛi̯t/
		tyv /tʰˈyːʋ/ - dief /dˈif/
		tørr /tʰˈœɾ/ - dor /dˈɔɾ/
		takke /tʰˈɑkːə/ - danken /dˈɑŋkən/
		tann /tʰˈɑnː/ - tand /tˈɑnt/
		tolv /tʰˈɔlː/ - twaalf /tʋˈaːləf/
		ting /tʰˈɪŋː/ - ding /dˈɪŋ/
		tusen /tʰˈʉːsən/ - duizend /dˈœy̯zənt/
		tunge /tʰˈʊŋːə/ - tong /tˈɔŋ/
		tynn /tʰˈʏnː/ - dun /dˈʏn/
		tˈysk /tʰˈʏsk/ - duits /dˈœy̯ts/
		kylling /çˈʏlːɪŋ/ - kuiken /kˈœy̯kən/
		grønn /ɡɾˈœnː/ - groen /χɾˈun/
		gress /ɡɾˈɛsː/ - gras /χɾˈɑs/
		gås /ɡˈoːs/ - gans /χˈɑns/
		gull /ɡˈʉlː/ - goud /χˈɑu̯t/
		gud /ɡˈʉːd/ - god /χˈɔt/
		gul /ɡˈʉːl/ - geel /χˈeːɫ/
		rik /ɾˈiːk/ - rijk /ɾˈɛi̯k/
		regn /ɾˈæɪ̯n/ - regen /ɾˈeːχən/
		rød /ɾˈøː/ - rood /ɾˈoːt/
		røyk /ɾˈœʏ̯k/ - rook /ɾˈoːk/
		rett /ɾˈɛtː/ - recht /ɾˈɛχt/
		ring /ɾˈɪŋː/ - ring /ɾˈɪŋ/
		sjø /ʂˈøː/ - meer /mˈeːɾ/
		sjø /ʂˈøː/ - zee /zˈeː/
		sju /ʂˈʉː/ - zeven /zˈeːvən/
		hvit /ʋˈiːt/ - wit /ʋˈɪt/
		vite /ʋˈiːtə/ - weten /ʋˈeːtən/
		våpen /ʋˈoːpən/ - wapen /ʋˈaːpən/
		vei /ʋˈæɪ̯/ - weg /ʋˈɛχ/
		vær /ʋˈæːɾ/ - weer /ʋˈeːɾ/
		varm /ʋˈɑɾm/ - warm /ʋˈɑɾm/
		hval /ʋˈɑːl/ - wal /ʋˈɑl/
		vind /ʋˈɪnː/ - wind /ʋˈɪnt/
		en /ˈeːn/ - één /ˈeːn/
		ete /ˈeːtə/ - eten /ˈeːtən/
		i /ˈiː/ - in /ˈɪn/
		ål /ˈoːl/ - aal /ˈaːɫ/
		år /ˈoːɾ/ - jaar /jˈaːɾ/
		over /ˈoːʋəɾ/ - over /ˈoːvəɾ/
		eik /ˈæɪ̯k/ - eik /ˈɛi̯k/
		øye /ˈøːjə/ - oog /ˈoːχ/
		øre /ˈøːɾə/ - oor /ˈoːɾ/
		all /ˈɑlː/ - al /ˈɑɫ/
		annen /ˈɑnːən/ - ander /ˈɑndəɾ/
		aske /ˈɑskə/ - as /ˈɑs/
		ape /ˈɑːpə/ - aap /ˈaːp/
		oss /ˈɔsː/ - ons /ˈɔns/
		elleve /ˈɛlʋə/ - elf /ˈɛləf/
		eple /ˈɛplə/ - appel /ˈɑpəɫ/
		egg /ˈɛɡː/ - ei /ˈɛi̯/
		egg /ˈɛɡː/ - eg /ˈɛχ/
		ild /ˈɪlː/ - vuur /vˈyːɾ/
		ulv /ˈʉlʋ/ - wolf /ʋˈɔɫf/
		ull /ˈʉlː/ - wol /ʋˈɔɫ/
		ut /ˈʉːt/ - uit /ˈœy̯t/
		ung /ˈʊŋː/ - jong /jˈɔŋ/
		ugle /ˈʊɡlə/ - uil /ˈœy̯ɫ/

Final disqualified:
		får /fˈoːɾ/ - schaap /sχˈaːp/
		hode /hˈuːdə/ - kop /kˈɔp/
		gi /jˈiː/ - geven /χˈeːvən/
		jord /jˈuːɾ/ - aarde /ˈaːɾdə/
		kvinne /kʰʋˈɪnːə/ - vrouw /vɾˈɑu̯/
		le /lˈeː/ - lachen /ɫˈɑχən/
		navn /nˈɑʋn/ - naam /nˈaːm/
		si /sˈiː/ - zeggen /zˈɛχən/
		tre /tʰɾˈeː/ - boom /bˈoːm/
		tjue /çˈʉːə/ - twintig /tʋˈɪntəχ/
		vann /ʋˈɑnː/ - water /ʋˈaːtəɾ/


-------------------

****SAMPLE 3****
Iteration 1
	Qualified: 164
	Disqualified: 192
	Added: 0
	Removed: 14
		får /fˈoːɾ/ - schaap /sχˈaːp/
		ni /nˈiː/ - negen /nˈeːχən/
		gi /jˈiː/ - geven /χˈeːvən/
		tre /tʰɾˈeː/ - boom /bˈoːm/
		si /sˈiː/ - zeggen /zˈɛχən/
		navn /nˈɑʋn/ - naam /nˈaːm/
		i /ˈiː/ - in /ˈɪn/
		åtte /ˈɔtːə/ - acht /ˈɑχt/
		to /tʰˈuː/ - twee /tʋˈeː/
		hode /hˈuːdə/ - kop /kˈɔp/
		vann /ʋˈɑnː/ - water /ʋˈaːtəɾ/
		le /lˈeː/ - lachen /ɫˈɑχən/
		jord /jˈuːɾ/ - aarde /ˈaːɾdə/
		ovn /ˈɔʋn/ - oven /ˈoːvən/

Iteration 2
	Qualified: 163
	Disqualified: 193
	Added: 1
		åtte /ˈɔtːə/ - acht /ˈɑχt/
	Removed: 2
		gull /ɡˈʉlː/ - goud /χˈɑu̯t/
		kvinne /kʰʋˈɪnːə/ - vrouw /vɾˈɑu̯/

Iteration 3
	Qualified: 162
	Disqualified: 194
	Added: 0
	Removed: 1
		åtte /ˈɔtːə/ - acht /ˈɑχt/

Iteration 4
	Qualified: 163
	Disqualified: 193
	Added: 1
		åtte /ˈɔtːə/ - acht /ˈɑχt/
	Removed: 0

Final qualifying:
		bjørn /bjˈøːɳ/ - beer /bˈeːɾ/
		blod /blˈuː/ - bloed /bɫˈut/
		blom /blˈuːm/ - bloem /bɫˈum/
		blome /blˈuːmə/ - bloem /bɫˈum/
		blad /blˈɑːd/ - blad /bɫˈɑt/
		bror /bɾˈuːɾ/ - broeder /bɾˈudəɾ/
		brød /bɾˈøː/ - brood /bɾˈoːt/
		brygge /bɾˈʏɡːə/ - brug /bɾˈʏχ/
		be /bˈeː/ - bidden /bˈɪdən/
		bedre /bˈeːdɾə/ - beter /bˈeːtəɾ/
		bie /bˈiːə/ - bij /bˈɛi̯/
		bok /bˈuːk/ - boek /bˈuk/
		by /bˈyː/ - bieden /bˈidən/
		berg /bˈæɾɡ/ - berg /bˈɛɾχ/
		drøm /dɾˈœm/ - droom /dɾˈoːm/
		drømme /dɾˈœmːə/ - dromen /dɾˈoːmən/
		drikke /dɾˈɪkːə/ - drinken /dɾˈɪŋkən/
		dverg /dʋˈɛɾɡ/ - dwerg /dʋˈɛɾχ/
		dyp /dˈyːp/ - diep /dˈip/
		død /dˈøː/ - dood /dˈoːt/
		dødelig /dˈøːdəli/ - dodelijk /dˈoːdələk/
		datter /dˈɑtːəɾ/ - dochter /dˈɔχtəɾ/
		fjær /fjˈæːɾ/ - veer /vˈeːɾ/
		flyge /flˈyːɡə/ - vliegen /vɫˈiχən/
		flue /flˈʉːə/ - vlieg /vɫˈiχ/
		frende /fɾˈɛndə/ - vriend /vɾˈint/
		frisk /fɾˈɪsk/ - vers /vˈɛɾs/
		fire /fˈiːɾə/ - vier /vˈiɾ/
		fot /fˈuːt/ - voet /vˈut/
		fyr /fˈyːɾ/ - vuur /vˈyːɾ/
		følge /fˈœlɡə/ - volgen /vˈɔɫχən/
		far /fˈɑːɾ/ - vader /vˈaːdəɾ/
		fem /fˈɛm/ - vijf /vˈɛi̯f/
		fisk /fˈɪsk/ - vis /vˈɪs/
		finger /fˈɪŋːəɾ/ - vinger /vˈɪŋəɾ/
		full /fˈʉlː/ - vol /vˈɔɫ/
		hår /hˈoːɾ/ - haar /ɦˈaːɾ/
		hode /hˈuːdə/ - hoofd /ɦˈoːft/
		horn /hˈuːɳ/ - hoorn /ɦˈoːɾn/
		høne /hˈøːnə/ - hen /ɦˈɛn/
		høre /hˈøːɾə/ - horen /ɦˈoːɾən/
		hand /hˈɑnː/ - hand /ɦˈɑnt/
		hare /hˈɑːɾə/ - haas /ɦˈaːs/
		hellig /hˈɛlːi/ - heilig /ɦˈɛi̯ɫəχ/
		hundre /hˈʉndɾə/ - honderd /ɦˈɔndəɾt/
		hunger /hˈʉŋːəɾ/ - honger /ɦˈɔŋəɾ/
		hud /hˈʉːd/ - huid /ɦˈœy̯t/
		hus /hˈʉːs/ - huis /ɦˈœy̯s/
		jeg /jˈæj/ - ik /ˈɪk/
		geit /jˈæɪ̯t/ - geit /χˈɛi̯t/
		hjem /jˈɛm/ - heem /ɦˈeːm/
		gjest /jˈɛst/ - gast /χˈɑst/
		hjerte /jˈɛʈːə/ - hart /ɦˈɑɾt/
		kne /kʰnˈeː/ - knie /knˈi/
		kone /kʰˈuːne/ - vrouw /vɾˈɑu̯/
		kalv /kʰˈɑlʋ/ - kalf /kˈɑɫf/
		kald /kʰˈɑlː/ - koud /kˈɑu̯t/
		kunne /kʰˈʉnːə/ - kunnen /kˈʏnən/
		ku /kʰˈʉː/ - koe /kˈu/
		lys /lˈyːs/ - licht /ɫˈɪχt/
		løpe /lˈøːpə/ - lopen /lˈoːpən/
		løv /lˈøːʋ/ - loof /ɫˈoːf/
		lam /lˈɑmː/ - lam /ɫˈɑm/
		land /lˈɑnː/ - land /ɫˈɑnt/
		lang /lˈɑŋː/ - lang /ɫˈɑŋ/
		lett /lˈɛtː/ - licht /ɫˈɪχt/
		måne /mˈoːnə/ - maan /mˈaːn/
		mor /mˈuːɾ/ - moeder /mˈudəɾ/
		meg /mˈæɪ̯/ - mij /mˈɛi̯/
		mann /mˈɑnː/ - man /mˈɑn/
		melk /mˈɛlk/ - melk /mˈɛɫk/
		menn /mˈɛnː/ - mannen /mˈɑnən/
		munn /mˈʉnː/ - muil /mˈœy̯ɫ/
		munn /mˈʉnː/ - mond /mˈɔnt/
		mus /mˈʉːs/ - muis /mˈœy̯s/
		mus /mˈʉːs/ - muizen /mˈœy̯zən/
		mygg /mˈʏɡː/ - mug /mˈʏχ/
		nese /nˈeːsə/ - neus /nˈøːs/
		nord /nˈuːɾ/ - noord /nˈoːɾt/
		ny /nˈyː/ - nieuw /nˈiw/
		negl /nˈæɪ̯l/ - nagel /nˈaːχəɫ/
		natt /nˈɑtː/ - nacht /nˈɑχt/
		skarp /skˈɑɾp/ - scherp /sχˈɛɾp/
		slå /slˈoː/ - slaan /sɫˈaːn/
		slange /slˈɑŋːə/ - slang /sɫˈɑŋ/
		snø /snˈøː/ - sneeuw /snˈeːw/
		stjerne /stjˈæːɳə/ - ster /stˈɛɾ/
		stol /stˈuːl/ - stoel /stˈuɫ/
		stein /stˈæɪ̯n/ - steen /stˈeːn/
		storm /stˈɔɾm/ - storm /stˈɔɾm/
		svin /sʋˈiːn/ - zwijn /zʋˈɛi̯n/
		svart /sʋˈɑʈ/ - zwart /zʋˈɑɾt/
		sverd /sʋˈɛːɾ/ - zwaard /zʋˈaːɾt/
		se /sˈeː/ - zien /zˈin/
		side /sˈiːə/ - zijde /zˈɛi̯də/
		sove /sˈoːʋə/ - slapen /sɫˈaːpən/
		sønn /sˈœn/ - zoon /zˈoːn/
		søster /sˈœstəɾ/ - zuster /zˈʏstəɾ/
		salt /sˈɑlt/ - zout /zˈɑu̯t/
		sand /sˈɑnː/ - zand /zˈɑnt/
		seks /sˈɛks/ - zes /zˈɛs/
		sitte /sˈɪtːə/ - zitten /zˈɪtən/
		synge /sˈʏŋːə/ - zingen /zˈɪŋən/
		tre /tʰɾˈeː/ - drie /dɾˈi/
		ti /tʰˈiː/ - tien /tˈin/
		tid /tʰˈiː/ - tijd /tˈɛi̯t/
		torn /tʰˈuːɳ/ - doorn /dˈoːɾn/
		tyv /tʰˈyːʋ/ - dief /dˈif/
		tørr /tʰˈœɾ/ - droog /dɾˈoːχ/
		takke /tʰˈɑkːə/ - danken /dˈɑŋkən/
		tann /tʰˈɑnː/ - tand /tˈɑnt/
		tolv /tʰˈɔlː/ - twaalf /tʋˈaːləf/
		ting /tʰˈɪŋː/ - ding /dˈɪŋ/
		tusen /tʰˈʉːsən/ - duizend /dˈœy̯zənt/
		tynn /tʰˈʏnː/ - dun /dˈʏn/
		tˈysk /tʰˈʏsk/ - duits /dˈœy̯ts/
		tjukk /çˈʉkː/ - dik /dˈɪk/
		kylling /çˈʏlːɪŋ/ - kuiken /kˈœy̯kən/
		grønn /ɡɾˈœnː/ - groen /χɾˈun/
		gress /ɡɾˈɛsː/ - gras /χɾˈɑs/
		gås /ɡˈoːs/ - gans /χˈɑns/
		gud /ɡˈʉːd/ - god /χˈɔt/
		rik /ɾˈiːk/ - rijk /ɾˈɛi̯k/
		regn /ɾˈæɪ̯n/ - regen /ɾˈeːχən/
		røyk /ɾˈœʏ̯k/ - rook /ɾˈoːk/
		rett /ɾˈɛtː/ - recht /ɾˈɛχt/
		ring /ɾˈɪŋː/ - ring /ɾˈɪŋ/
		sjø /ʂˈøː/ - zee /zˈeː/
		sju /ʂˈʉː/ - zeven /zˈeːvən/
		vi /ʋˈiː/ - wij /ʋˈɛi̯/
		hvit /ʋˈiːt/ - wit /ʋˈɪt/
		vite /ʋˈiːtə/ - weten /ʋˈeːtən/
		våpen /ʋˈoːpən/ - wapen /ʋˈaːpən/
		vei /ʋˈæɪ̯/ - weg /ʋˈɛχ/
		hva /ʋˈɑ/ - wat /ʋˈɑt/
		varm /ʋˈɑɾm/ - warm /ʋˈɑɾm/
		hval /ʋˈɑːl/ - wal /ʋˈɑl/
		vind /ʋˈɪnː/ - wind /ʋˈɪnt/
		en /ˈeːn/ - één /ˈeːn/
		ete /ˈeːtə/ - eten /ˈeːtən/
		is /ˈiːs/ - ijs /ˈɛi̯s/
		år /ˈoːɾ/ - jaar /jˈaːɾ/
		over /ˈoːʋəɾ/ - over /ˈoːvəɾ/
		eik /ˈæɪ̯k/ - eik /ˈɛi̯k/
		øye /ˈøːjə/ - oog /ˈoːχ/
		øre /ˈøːɾə/ - oor /ˈoːɾ/
		ønske /ˈœnskə/ - wensen /ʋˈɛnsən/
		all /ˈɑlː/ - al /ˈɑɫ/
		annen /ˈɑnːən/ - ander /ˈɑndəɾ/
		aske /ˈɑskə/ - as /ˈɑs/
		arm /ˈɑɾm/ - arm /ˈɑɾm/
		ape /ˈɑːpə/ - aap /ˈaːp/
		oss /ˈɔsː/ - ons /ˈɔns/
		åtte /ˈɔtːə/ - acht /ˈɑχt/
		eple /ˈɛplə/ - appel /ˈɑpəɫ/
		egg /ˈɛɡː/ - ei /ˈɛi̯/
		egg /ˈɛɡː/ - eg /ˈɛχ/
		ild /ˈɪlː/ - vuur /vˈyːɾ/
		ulv /ˈʉlʋ/ - wolf /ʋˈɔɫf/
		ull /ˈʉlː/ - wol /ʋˈɔɫ/
		ut /ˈʉːt/ - uit /ˈœy̯t/
		ung /ˈʊŋː/ - jong /jˈɔŋ/
		ugle /ˈʊɡlə/ - uil /ˈœy̯ɫ/

Final disqualified:
		får /fˈoːɾ/ - schaap /sχˈaːp/
		hode /hˈuːdə/ - kop /kˈɔp/
		gi /jˈiː/ - geven /χˈeːvən/
		jord /jˈuːɾ/ - aarde /ˈaːɾdə/
		kvinne /kʰʋˈɪnːə/ - vrouw /vɾˈɑu̯/
		le /lˈeː/ - lachen /ɫˈɑχən/
		ni /nˈiː/ - negen /nˈeːχən/
		navn /nˈɑʋn/ - naam /nˈaːm/
		si /sˈiː/ - zeggen /zˈɛχən/
		tre /tʰɾˈeː/ - boom /bˈoːm/
		to /tʰˈuː/ - twee /tʋˈeː/
		gull /ɡˈʉlː/ - goud /χˈɑu̯t/
		vann /ʋˈɑnː/ - water /ʋˈaːtəɾ/
		i /ˈiː/ - in /ˈɪn/
		ovn /ˈɔʋn/ - oven /ˈoːvən/


-------------------

****SAMPLE 4****
Iteration 1
	Qualified: 168
	Disqualified: 188
	Added: 0
	Removed: 10
		ni /nˈiː/ - negen /nˈeːχən/
		gi /jˈiː/ - geven /χˈeːvən/
		si /sˈiː/ - zeggen /zˈɛχən/
		åtte /ˈɔtːə/ - acht /ˈɑχt/
		to /tʰˈuː/ - twee /tʋˈeː/
		hode /hˈuːdə/ - kop /kˈɔp/
		le /lˈeː/ - lachen /ɫˈɑχən/
		navn /nˈɑʋn/ - naam /nˈaːm/
		kvinne /kʰʋˈɪnːə/ - vrouw /vɾˈɑu̯/
		jord /jˈuːɾ/ - aarde /ˈaːɾdə/

Iteration 2
	Qualified: 169
	Disqualified: 187
	Added: 1
		åtte /ˈɔtːə/ - acht /ˈɑχt/
	Removed: 0

Iteration 3
	Qualified: 168
	Disqualified: 188
	Added: 0
	Removed: 1
		åtte /ˈɔtːə/ - acht /ˈɑχt/

Final qualifying:
		blod /blˈuː/ - bloed /bɫˈut/
		blom /blˈuːm/ - bloem /bɫˈum/
		blome /blˈuːmə/ - bloem /bɫˈum/
		blad /blˈɑːd/ - blad /bɫˈɑt/
		bror /bɾˈuːɾ/ - broeder /bɾˈudəɾ/
		bror /bɾˈuːɾ/ - broer /bɾˈuɾ/
		brød /bɾˈøː/ - brood /bɾˈoːt/
		brygge /bɾˈʏɡːə/ - brug /bɾˈʏχ/
		be /bˈeː/ - bidden /bˈɪdən/
		bedre /bˈeːdɾə/ - beter /bˈeːtəɾ/
		bite /bˈiːtə/ - bijten /bˈɛi̯tən/
		bie /bˈiːə/ - bij /bˈɛi̯/
		bie /bˈiːə/ - imme /ˈɪmə/
		båt /bˈoːt/ - boot /bˈoːt/
		by /bˈyː/ - bieden /bˈidən/
		berg /bˈæɾɡ/ - berg /bˈɛɾχ/
		bad /bˈɑːd/ - bad /bˈɑt/
		drive /dɾˈiːʋə/ - drijven /dɾˈɛi̯vən/
		drøm /dɾˈœm/ - droom /dɾˈoːm/
		drømme /dɾˈœmːə/ - dromen /dɾˈoːmən/
		drikke /dɾˈɪkːə/ - drinken /dɾˈɪŋkən/
		dverg /dʋˈɛɾɡ/ - dwerg /dʋˈɛɾχ/
		dyp /dˈyːp/ - diep /dˈip/
		dyr /dˈyːɾ/ - dier /dˈiɾ/
		dyr /dˈyːɾ/ - duur /dˈyːɾ/
		dødelig /dˈøːdəli/ - dodelijk /dˈoːdələk/
		datter /dˈɑtːəɾ/ - dochter /dˈɔχtəɾ/
		dag /dˈɑːɡ/ - dag /dˈɑχ/
		fryse /fɾˈyːsə/ - vriezen /vɾˈizən/
		frende /fɾˈɛndə/ - vriend /vɾˈint/
		fire /fˈiːɾə/ - vier /vˈiɾ/
		fot /fˈuːt/ - voet /vˈut/
		fyr /fˈyːɾ/ - vuur /vˈyːɾ/
		føtter /fˈœtːəɾ/ - voeten /vˈutən/
		far /fˈɑːɾ/ - vader /vˈaːdəɾ/
		fem /fˈɛm/ - vijf /vˈɛi̯f/
		fisk /fˈɪsk/ - vis /vˈɪs/
		finger /fˈɪŋːəɾ/ - vinger /vˈɪŋəɾ/
		full /fˈʉlː/ - vol /vˈɔɫ/
		fugl /fˈʉːl/ - vogel /vˈoːχəɫ/
		het /hˈeːt/ - heet /ɦˈeːt/
		hår /hˈoːɾ/ - haar /ɦˈaːɾ/
		hode /hˈuːdə/ - hoofd /ɦˈoːft/
		horn /hˈuːɳ/ - hoorn /ɦˈoːɾn/
		her /hˈæːɾ/ - hier /ɦˈiɾ/
		høne /hˈøːnə/ - hen /ɦˈɛn/
		høre /hˈøːɾə/ - horen /ɦˈoːɾən/
		hand /hˈɑnː/ - hand /ɦˈɑnt/
		ha /hˈɑː/ - hebben /ɦˈɛbən/
		hare /hˈɑːɾə/ - haas /ɦˈaːs/
		hellig /hˈɛlːi/ - heilig /ɦˈɛi̯ɫəχ/
		hundre /hˈʉndɾə/ - honderd /ɦˈɔndəɾt/
		hunger /hˈʉŋːəɾ/ - honger /ɦˈɔŋəɾ/
		hud /hˈʉːd/ - huid /ɦˈœy̯t/
		honning /hˈʊnːɪŋ/ - honing /ɦˈoːnɪŋ/
		geit /jˈæɪ̯t/ - geit /χˈɛi̯t/
		hjem /jˈɛm/ - heem /ɦˈeːm/
		gjest /jˈɛst/ - gast /χˈɑst/
		hjerte /jˈɛʈːə/ - hart /ɦˈɑɾt/
		kne /kʰnˈeː/ - knie /knˈi/
		kone /kʰˈuːne/ - vrouw /vɾˈɑu̯/
		korn /kʰˈuːɳ/ - koren /kˈoːɾən/
		kalv /kʰˈɑlʋ/ - kalf /kˈɑɫf/
		kald /kʰˈɑlː/ - koud /kˈɑu̯t/
		kunne /kʰˈʉnːə/ - kunnen /kˈʏnən/
		ku /kʰˈʉː/ - koe /kˈu/
		konge /kʰˈʊŋə/ - koning /kˈoːnɪŋ/
		lever /lˈeːʋəɾ/ - lever /ɫˈeːvəɾ/
		lys /lˈyːs/ - licht /ɫˈɪχt/
		løpe /lˈøːpə/ - lopen /lˈoːpən/
		løv /lˈøːʋ/ - loof /ɫˈoːf/
		lam /lˈɑmː/ - lam /ɫˈɑm/
		land /lˈɑnː/ - land /ɫˈɑnt/
		lang /lˈɑŋː/ - lang /ɫˈɑŋ/
		lett /lˈɛtː/ - licht /ɫˈɪχt/
		lus /lˈʉːs/ - luis /ɫˈœy̯s/
		mor /mˈuːɾ/ - moeder /mˈudəɾ/
		meg /mˈæɪ̯/ - mij /mˈɛi̯/
		mann /mˈɑnː/ - man /mˈɑn/
		melk /mˈɛlk/ - melk /mˈɛɫk/
		menn /mˈɛnː/ - mannen /mˈɑnən/
		menneske /mˈɛnːəskə/ - mens /mˈɛns/
		munn /mˈʉnː/ - muil /mˈœy̯ɫ/
		munn /mˈʉnː/ - mond /mˈɔnt/
		mus /mˈʉːs/ - muis /mˈœy̯s/
		nese /nˈeːsə/ - neus /nˈøːs/
		nål /nˈoːl/ - naald /nˈaːɫt/
		nord /nˈuːɾ/ - noord /nˈoːɾt/
		ny /nˈyː/ - nieuw /nˈiw/
		negl /nˈæɪ̯l/ - nagel /nˈaːχəɫ/
		natt /nˈɑtː/ - nacht /nˈɑχt/
		naken /nˈɑːkən/ - naakt /nˈaːkt/
		skarp /skˈɑɾp/ - scherp /sχˈɛɾp/
		slå /slˈoː/ - slaan /sɫˈaːn/
		slange /slˈɑŋːə/ - slang /sɫˈɑŋ/
		snø /snˈøː/ - sneeuw /snˈeːw/
		stjerne /stjˈæːɳə/ - ster /stˈɛɾ/
		stol /stˈuːl/ - stoel /stˈuɫ/
		stein /stˈæɪ̯n/ - steen /stˈeːn/
		svømme /sʋˈœmːə/ - zwemmen /zʋˈɛmən/
		svart /sʋˈɑʈ/ - zwart /zʋˈɑɾt/
		sverd /sʋˈɛːɾ/ - zwaard /zʋˈaːɾt/
		se /sˈeː/ - zien /zˈin/
		side /sˈiːə/ - zijde /zˈɛi̯də/
		sove /sˈoːʋə/ - slapen /sɫˈaːpən/
		søt /sˈøːt/ - zoet /zˈut/
		søster /sˈœstəɾ/ - zuster /zˈʏstəɾ/
		salt /sˈɑlt/ - zout /zˈɑu̯t/
		sitte /sˈɪtːə/ - zitten /zˈɪtən/
		synge /sˈʏŋːə/ - zingen /zˈɪŋən/
		ti /tʰˈiː/ - tien /tˈin/
		tid /tʰˈiː/ - tijd /tˈɛi̯t/
		torn /tʰˈuːɳ/ - doorn /dˈoːɾn/
		tørr /tʰˈœɾ/ - droog /dɾˈoːχ/
		tørr /tʰˈœɾ/ - dor /dˈɔɾ/
		takke /tʰˈɑkːə/ - danken /dˈɑŋkən/
		tolv /tʰˈɔlː/ - twaalf /tʋˈaːləf/
		ting /tʰˈɪŋː/ - ding /dˈɪŋ/
		tusen /tʰˈʉːsən/ - duizend /dˈœy̯zənt/
		tunge /tʰˈʊŋːə/ - tong /tˈɔŋ/
		tynn /tʰˈʏnː/ - dun /dˈʏn/
		tˈysk /tʰˈʏsk/ - duits /dˈœy̯ts/
		kirke /çˈɪɾkə/ - kerk /kˈɛɾk/
		tjukk /çˈʉkː/ - dik /dˈɪk/
		kylling /çˈʏlːɪŋ/ - kuiken /kˈœy̯kən/
		gress /ɡɾˈɛsː/ - gras /χɾˈɑs/
		gås /ɡˈoːs/ - gans /χˈɑns/
		god /ɡˈuː/ - goed /χˈut/
		gud /ɡˈʉːd/ - god /χˈɔt/
		gul /ɡˈʉːl/ - geel /χˈeːɫ/
		rik /ɾˈiːk/ - rijk /ɾˈɛi̯k/
		regn /ɾˈæɪ̯n/ - regen /ɾˈeːχən/
		rød /ɾˈøː/ - rood /ɾˈoːt/
		rett /ɾˈɛtː/ - recht /ɾˈɛχt/
		ring /ɾˈɪŋː/ - ring /ɾˈɪŋ/
		sjø /ʂˈøː/ - meer /mˈeːɾ/
		sju /ʂˈʉː/ - zeven /zˈeːvən/
		skip /ʃˈiːp/ - schip /sχˈɪp/
		vi /ʋˈiː/ - wij /ʋˈɛi̯/
		hvit /ʋˈiːt/ - wit /ʋˈɪt/
		vite /ʋˈiːtə/ - weten /ʋˈeːtən/
		våpen /ʋˈoːpən/ - wapen /ʋˈaːpən/
		vei /ʋˈæɪ̯/ - weg /ʋˈɛχ/
		vær /ʋˈæːɾ/ - weer /ʋˈeːɾ/
		varm /ʋˈɑɾm/ - warm /ʋˈɑɾm/
		hval /ʋˈɑːl/ - wal /ʋˈɑl/
		vind /ʋˈɪnː/ - wind /ʋˈɪnt/
		en /ˈeːn/ - één /ˈeːn/
		i /ˈiː/ - in /ˈɪn/
		is /ˈiːs/ - ijs /ˈɛi̯s/
		ål /ˈoːl/ - aal /ˈaːɫ/
		år /ˈoːɾ/ - jaar /jˈaːɾ/
		over /ˈoːʋəɾ/ - over /ˈoːvəɾ/
		ord /ˈuːɾ/ - woord /ʋˈoːɾt/
		eik /ˈæɪ̯k/ - eik /ˈɛi̯k/
		øre /ˈøːɾə/ - oor /ˈoːɾ/
		all /ˈɑlː/ - al /ˈɑɫ/
		annen /ˈɑnːən/ - ander /ˈɑndəɾ/
		aske /ˈɑskə/ - as /ˈɑs/
		arm /ˈɑɾm/ - arm /ˈɑɾm/
		ovn /ˈɔʋn/ - oven /ˈoːvən/
		eple /ˈɛplə/ - appel /ˈɑpəɫ/
		egg /ˈɛɡː/ - eg /ˈɛχ/
		ull /ˈʉlː/ - wol /ʋˈɔɫ/
		ut /ˈʉːt/ - uit /ˈœy̯t/
		ung /ˈʊŋː/ - jong /jˈɔŋ/
		ugle /ˈʊɡlə/ - uil /ˈœy̯ɫ/
		orm /ˈʊɾm/ - worm /ʋˈɔɾm/

Final disqualified:
		hode /hˈuːdə/ - kop /kˈɔp/
		gi /jˈiː/ - geven /χˈeːvən/
		jord /jˈuːɾ/ - aarde /ˈaːɾdə/
		kvinne /kʰʋˈɪnːə/ - vrouw /vɾˈɑu̯/
		le /lˈeː/ - lachen /ɫˈɑχən/
		ni /nˈiː/ - negen /nˈeːχən/
		navn /nˈɑʋn/ - naam /nˈaːm/
		si /sˈiː/ - zeggen /zˈɛχən/
		to /tʰˈuː/ - twee /tʋˈeː/
		åtte /ˈɔtːə/ - acht /ˈɑχt/


-------------------

****SAMPLE 5****
Iteration 1
	Qualified: 168
	Disqualified: 188
	Added: 0
	Removed: 10
		får /fˈoːɾ/ - schaap /sχˈaːp/
		sju /ʂˈʉː/ - zeven /zˈeːvən/
		tjue /çˈʉːə/ - twintig /tʋˈɪntəχ/
		tre /tʰɾˈeː/ - boom /bˈoːm/
		navn /nˈɑʋn/ - naam /nˈaːm/
		to /tʰˈuː/ - twee /tʋˈeː/
		hode /hˈuːdə/ - kop /kˈɔp/
		vann /ʋˈɑnː/ - water /ʋˈaːtəɾ/
		le /lˈeː/ - lachen /ɫˈɑχən/
		jord /jˈuːɾ/ - aarde /ˈaːɾdə/

Iteration 2
	Qualified: 165
	Disqualified: 191
	Added: 0
	Removed: 3
		gull /ɡˈʉlː/ - goud /χˈɑu̯t/
		kald /kʰˈɑlː/ - koud /kˈɑu̯t/
		åtte /ˈɔtːə/ - acht /ˈɑχt/

Iteration 3
	Qualified: 166
	Disqualified: 190
	Added: 1
		åtte /ˈɔtːə/ - acht /ˈɑχt/
	Removed: 0

Iteration 4
	Qualified: 165
	Disqualified: 191
	Added: 0
	Removed: 1
		åtte /ˈɔtːə/ - acht /ˈɑχt/

Final qualifying:
		bjørn /bjˈøːɳ/ - beer /bˈeːɾ/
		blod /blˈuː/ - bloed /bɫˈut/
		blom /blˈuːm/ - bloem /bɫˈum/
		blome /blˈuːmə/ - bloem /bɫˈum/
		blad /blˈɑːd/ - blad /bɫˈɑt/
		bror /bɾˈuːɾ/ - broeder /bɾˈudəɾ/
		bror /bɾˈuːɾ/ - broer /bɾˈuɾ/
		brød /bɾˈøː/ - brood /bɾˈoːt/
		bryst /bɾˈʏst/ - borst /bˈɔɾst/
		brygge /bɾˈʏɡːə/ - brug /bɾˈʏχ/
		be /bˈeː/ - bidden /bˈɪdən/
		bedre /bˈeːdɾə/ - beter /bˈeːtəɾ/
		bie /bˈiːə/ - bij /bˈɛi̯/
		bie /bˈiːə/ - imme /ˈɪmə/
		båt /bˈoːt/ - boot /bˈoːt/
		bok /bˈuːk/ - boek /bˈuk/
		bein /bˈæɪ̯n/ - been /bˈeːn/
		berg /bˈæɾɡ/ - berg /bˈɛɾχ/
		bad /bˈɑːd/ - bad /bˈɑt/
		drøm /dɾˈœm/ - droom /dɾˈoːm/
		drømme /dɾˈœmːə/ - dromen /dɾˈoːmən/
		dyp /dˈyːp/ - diep /dˈip/
		dyr /dˈyːɾ/ - dier /dˈiɾ/
		dyr /dˈyːɾ/ - duur /dˈyːɾ/
		død /dˈøː/ - dood /dˈoːt/
		dødelig /dˈøːdəli/ - dodelijk /dˈoːdələk/
		datter /dˈɑtːəɾ/ - dochter /dˈɔχtəɾ/
		dag /dˈɑːɡ/ - dag /dˈɑχ/
		fjær /fjˈæːɾ/ - veer /vˈeːɾ/
		flue /flˈʉːə/ - vlieg /vɫˈiχ/
		fryse /fɾˈyːsə/ - vriezen /vɾˈizən/
		frende /fɾˈɛndə/ - vriend /vɾˈint/
		fire /fˈiːɾə/ - vier /vˈiɾ/
		fyr /fˈyːɾ/ - vuur /vˈyːɾ/
		følge /fˈœlɡə/ - volgen /vˈɔɫχən/
		føtter /fˈœtːəɾ/ - voeten /vˈutən/
		far /fˈɑːɾ/ - vader /vˈaːdəɾ/
		fem /fˈɛm/ - vijf /vˈɛi̯f/
		fisk /fˈɪsk/ - vis /vˈɪs/
		fugl /fˈʉːl/ - vogel /vˈoːχəɫ/
		het /hˈeːt/ - heet /ɦˈeːt/
		hår /hˈoːɾ/ - haar /ɦˈaːɾ/
		horn /hˈuːɳ/ - hoorn /ɦˈoːɾn/
		her /hˈæːɾ/ - hier /ɦˈiɾ/
		høy /hˈøːj/ - hoog /ɦˈoːχ/
		høne /hˈøːnə/ - hen /ɦˈɛn/
		høre /hˈøːɾə/ - horen /ɦˈoːɾən/
		ha /hˈɑː/ - hebben /ɦˈɛbən/
		hare /hˈɑːɾə/ - haas /ɦˈaːs/
		hellig /hˈɛlːi/ - heilig /ɦˈɛi̯ɫəχ/
		hund /hˈʉnː/ - hond /ɦˈɔnt/
		hud /hˈʉːd/ - huid /ɦˈœy̯t/
		hus /hˈʉːs/ - huis /ɦˈœy̯s/
		honning /hˈʊnːɪŋ/ - honing /ɦˈoːnɪŋ/
		hjem /jˈɛm/ - heem /ɦˈeːm/
		gjest /jˈɛst/ - gast /χˈɑst/
		hjerte /jˈɛʈːə/ - hart /ɦˈɑɾt/
		kne /kʰnˈeː/ - knie /knˈi/
		kvinne /kʰʋˈɪnːə/ - vrouw /vɾˈɑu̯/
		kone /kʰˈuːne/ - vrouw /vɾˈɑu̯/
		korn /kʰˈuːɳ/ - koren /kˈoːɾən/
		ku /kʰˈʉː/ - koe /kˈu/
		konge /kʰˈʊŋə/ - koning /kˈoːnɪŋ/
		lever /lˈeːʋəɾ/ - lever /ɫˈeːvəɾ/
		lys /lˈyːs/ - licht /ɫˈɪχt/
		løpe /lˈøːpə/ - lopen /lˈoːpən/
		løv /lˈøːʋ/ - loof /ɫˈoːf/
		lam /lˈɑmː/ - lam /ɫˈɑm/
		land /lˈɑnː/ - land /ɫˈɑnt/
		lang /lˈɑŋː/ - lang /ɫˈɑŋ/
		lus /lˈʉːs/ - luis /ɫˈœy̯s/
		måne /mˈoːnə/ - maan /mˈaːn/
		mor /mˈuːɾ/ - moeder /mˈudəɾ/
		meg /mˈæɪ̯/ - mij /mˈɛi̯/
		mann /mˈɑnː/ - man /mˈɑn/
		melk /mˈɛlk/ - melk /mˈɛɫk/
		menn /mˈɛnː/ - mannen /mˈɑnən/
		menneske /mˈɛnːəskə/ - mens /mˈɛns/
		munn /mˈʉnː/ - muil /mˈœy̯ɫ/
		munn /mˈʉnː/ - mond /mˈɔnt/
		mus /mˈʉːs/ - muizen /mˈœy̯zən/
		mygg /mˈʏɡː/ - mug /mˈʏχ/
		nese /nˈeːsə/ - neus /nˈøːs/
		negl /nˈæɪ̯l/ - nagel /nˈaːχəɫ/
		natt /nˈɑtː/ - nacht /nˈɑχt/
		naken /nˈɑːkən/ - naakt /nˈaːkt/
		skarp /skˈɑɾp/ - scherp /sχˈɛɾp/
		slå /slˈoː/ - slaan /sɫˈaːn/
		slange /slˈɑŋːə/ - slang /sɫˈɑŋ/
		snø /snˈøː/ - sneeuw /snˈeːw/
		stjerne /stjˈæːɳə/ - ster /stˈɛɾ/
		stol /stˈuːl/ - stoel /stˈuɫ/
		storm /stˈɔɾm/ - storm /stˈɔɾm/
		svømme /sʋˈœmːə/ - zwemmen /zʋˈɛmən/
		svart /sʋˈɑʈ/ - zwart /zʋˈɑɾt/
		sverd /sʋˈɛːɾ/ - zwaard /zʋˈaːɾt/
		side /sˈiːə/ - zijde /zˈɛi̯də/
		sove /sˈoːʋə/ - slapen /sɫˈaːpən/
		søt /sˈøːt/ - zoet /zˈut/
		sønn /sˈœn/ - zoon /zˈoːn/
		søster /sˈœstəɾ/ - zuster /zˈʏstəɾ/
		sand /sˈɑnː/ - zand /zˈɑnt/
		seks /sˈɛks/ - zes /zˈɛs/
		synge /sˈʏŋːə/ - zingen /zˈɪŋən/
		tre /tʰɾˈeː/ - drie /dɾˈi/
		ti /tʰˈiː/ - tien /tˈin/
		tid /tʰˈiː/ - tijd /tˈɛi̯t/
		torn /tʰˈuːɳ/ - doorn /dˈoːɾn/
		tyv /tʰˈyːʋ/ - dief /dˈif/
		tørr /tʰˈœɾ/ - droog /dɾˈoːχ/
		tørr /tʰˈœɾ/ - dor /dˈɔɾ/
		tann /tʰˈɑnː/ - tand /tˈɑnt/
		ting /tʰˈɪŋː/ - ding /dˈɪŋ/
		tunge /tʰˈʊŋːə/ - tong /tˈɔŋ/
		tˈysk /tʰˈʏsk/ - duits /dˈœy̯ts/
		kirke /çˈɪɾkə/ - kerk /kˈɛɾk/
		tjukk /çˈʉkː/ - dik /dˈɪk/
		gress /ɡɾˈɛsː/ - gras /χɾˈɑs/
		gås /ɡˈoːs/ - gans /χˈɑns/
		god /ɡˈuː/ - goed /χˈut/
		gud /ɡˈʉːd/ - god /χˈɔt/
		rik /ɾˈiːk/ - rijk /ɾˈɛi̯k/
		rød /ɾˈøː/ - rood /ɾˈoːt/
		røyk /ɾˈœʏ̯k/ - rook /ɾˈoːk/
		rett /ɾˈɛtː/ - recht /ɾˈɛχt/
		ring /ɾˈɪŋː/ - ring /ɾˈɪŋ/
		sjø /ʂˈøː/ - meer /mˈeːɾ/
		sjø /ʂˈøː/ - zee /zˈeː/
		vi /ʋˈiː/ - wij /ʋˈɛi̯/
		vite /ʋˈiːtə/ - weten /ʋˈeːtən/
		våpen /ʋˈoːpən/ - wapen /ʋˈaːpən/
		vei /ʋˈæɪ̯/ - weg /ʋˈɛχ/
		vær /ʋˈæːɾ/ - weer /ʋˈeːɾ/
		hva /ʋˈɑ/ - wat /ʋˈɑt/
		varm /ʋˈɑɾm/ - warm /ʋˈɑɾm/
		hval /ʋˈɑːl/ - wal /ʋˈɑl/
		vind /ʋˈɪnː/ - wind /ʋˈɪnt/
		ete /ˈeːtə/ - eten /ˈeːtən/
		i /ˈiː/ - in /ˈɪn/
		is /ˈiːs/ - ijs /ˈɛi̯s/
		ål /ˈoːl/ - aal /ˈaːɫ/
		år /ˈoːɾ/ - jaar /jˈaːɾ/
		over /ˈoːʋəɾ/ - over /ˈoːvəɾ/
		ord /ˈuːɾ/ - woord /ʋˈoːɾt/
		eik /ˈæɪ̯k/ - eik /ˈɛi̯k/
		øye /ˈøːjə/ - oog /ˈoːχ/
		øre /ˈøːɾə/ - oor /ˈoːɾ/
		ønske /ˈœnskə/ - wensen /ʋˈɛnsən/
		all /ˈɑlː/ - al /ˈɑɫ/
		aske /ˈɑskə/ - as /ˈɑs/
		arm /ˈɑɾm/ - arm /ˈɑɾm/
		ape /ˈɑːpə/ - aap /ˈaːp/
		oss /ˈɔsː/ - ons /ˈɔns/
		ovn /ˈɔʋn/ - oven /ˈoːvən/
		elleve /ˈɛlʋə/ - elf /ˈɛləf/
		eple /ˈɛplə/ - appel /ˈɑpəɫ/
		egg /ˈɛɡː/ - ei /ˈɛi̯/
		egg /ˈɛɡː/ - eg /ˈɛχ/
		ild /ˈɪlː/ - vuur /vˈyːɾ/
		ulv /ˈʉlʋ/ - wolf /ʋˈɔɫf/
		ull /ˈʉlː/ - wol /ʋˈɔɫ/
		ut /ˈʉːt/ - uit /ˈœy̯t/
		ung /ˈʊŋː/ - jong /jˈɔŋ/
		ugle /ˈʊɡlə/ - uil /ˈœy̯ɫ/
		orm /ˈʊɾm/ - worm /ʋˈɔɾm/

Final disqualified:
		får /fˈoːɾ/ - schaap /sχˈaːp/
		hode /hˈuːdə/ - kop /kˈɔp/
		jord /jˈuːɾ/ - aarde /ˈaːɾdə/
		kald /kʰˈɑlː/ - koud /kˈɑu̯t/
		le /lˈeː/ - lachen /ɫˈɑχən/
		navn /nˈɑʋn/ - naam /nˈaːm/
		tre /tʰɾˈeː/ - boom /bˈoːm/
		to /tʰˈuː/ - twee /tʋˈeː/
		tjue /çˈʉːə/ - twintig /tʋˈɪntəχ/
		gull /ɡˈʉlː/ - goud /χˈɑu̯t/
		sju /ʂˈʉː/ - zeven /zˈeːvən/
		vann /ʋˈɑnː/ - water /ʋˈaːtəɾ/
		åtte /ˈɔtːə/ - acht /ˈɑχt/


-------------------

