/briʃˈaːr/ - /kemˈaɾ/
[1/1] b-<# / r-k / i_ʃ-e / ∅-m / ˈaː-ˈa / r_#>-ɾ_#>

-------------------

/bˈajn/ - /bjˈen/
[1/1] <#_b-<#_b / ˈa_j-j_ˈe / n_#>-n_#>

-------------------

/bˈajvər/ - /beβˈeɾ/
[1/1] <#_b-<#_b / ˈa-∅ / j-e / v-β / ə-ˈe / r_#>-ɾ_#>

-------------------

/bˈap/ - /pˈaðɾe/
[1/1] b-p / ˈa-ˈa / ∅-ð / p-ɾ / #>-e_#>

-------------------

/bˈas/ - /bˈaxo/
[1/1] <#_b-<#_b / ˈa-ˈa / s-x / #>-o_#>

-------------------

/bˈukə/ - /bˈoka/
[1/1] <#_b-<#_b / ˈu-ˈo / k-k / ə_#>-a_#>

-------------------

/bˈun/ - /bwˈeno/
[1/1] <#_b-<#_b / ˈu-w_ˈe / n-n / #>-o_#>

-------------------

/bˈuns/ - /bwˈenos/
[1/1] <#_b-<#_b / ˈu-w_ˈe / n-n_o / s_#>-s_#>

-------------------

/bˈuːnə/ - /bwˈena/
[1/1] <#_b-<#_b / ˈuː-w / n-ˈe_n / ə_#>-a_#>

-------------------

/bˈuːnəs/ - /bwˈenas/
[1/1] <#_b-<#_b / ˈuː-w / n-ˈe_n / ə-a / s_#>-s_#>

-------------------

/bˈɔf/ - /bwˈej/
[1/1] <#_b-<#_b / ˈɔ-w_ˈe / f-∅ / #>-j_#>

-------------------

/bˈɔɲ/ - /bˈaɲo/
[1/1] <#_b-<#_b / ˈɔ_ɲ-ˈa_ɲ / #>-o_#>

-------------------

/bˈɛl/ - /eɾmˈoso/
[1/1] ∅-e / <#-ɾ / b-m / ˈɛ-ˈo / l-s / #>-o_#>

-------------------

/djˈɛw/ - /djˈos/
[1/1] <#_d-<#_d / j-∅ / ˈɛ-j / ∅-ˈo / w-s

-------------------

/drəɡˈun/ - /dɾaɣˈon/
[1/1] <#_d-<#_d / r_ə-ɾ_a / ɡ-ɣ / ˈu-ˈo / n_#>-n_#>

-------------------

/durmˈir/ - /doɾmˈiɾ/
[1/1] <#_d-<#_d / u_r-o_ɾ / m-m / ˈi-ˈi / r_#>-ɾ_#>

-------------------

/dˈaːr/ - /dˈaɾ/
[1/1] <#_d-<#_d / ˈaː-ˈa / r_#>-ɾ_#>

-------------------

/dˈiə̯ʃ/ - /djˈeθ/
[1/1] <#_d-<#_d / ˈiə̯-j_ˈe / ʃ_#>-θ_#>

-------------------

/dˈiː/ - /dˈia/
[1/1] <#_d-<#_d / ˈiː-ˈi / #>-a_#>

-------------------

/dˈiː/ - /dˈiɣo/
[1/1] <#_d-<#_d / ˈiː-ˈi / ∅-ɣ / #>-o_#>

-------------------

/dˈiːr/ - /deθˈiɾ/
[1/1] <#_d-<#_d / ∅-e / ∅-θ / ˈiː-ˈi / r_#>-ɾ_#>

-------------------

/dˈulʧ/ - /dˈulθe/
[1/1] <#_d-<#_d / ˈu-ˈu / l-l / ʧ-θ / #>-e_#>

-------------------

/dˈunə/ - /dwˈeɲa/
[1/1] <#_d-<#_d / ˈu-w_ˈe / n-ɲ / ə_#>-a_#>

-------------------

/dˈus/ - /dˈos/
[1/1] <#_d-<#_d / ˈu-ˈo / s_#>-s_#>

-------------------

/dˈuːdəʃ/ - /dˈoθe/
[1/1] <#_d-<#_d / ˈuː-ˈo / d-∅ / ə-∅ / ʃ-θ / #>-e_#>

-------------------

/dˈɛnt/ - /djˈente/
[1/1] <#_d-<#_d / ˈɛ-j_ˈe / n-n / t-t / #>-e_#>

-------------------

/dˈɛt/ - /dˈeðo/
[1/1] <#_d-<#_d / ˈɛ-ˈe / t-ð / #>-o_#>

-------------------

/envˈiə̯rn/ - /imbjˈeɾno/
[1/1] e-i / n-m / v-b / ˈiə̯-j_ˈe / r_n-ɾ_n / #>-o_#>

-------------------

/fjˈɛw/ - /fwˈeɣo/
[1/1] <#_f-<#_f / j_ˈɛ-w / ∅-ˈe / w_#>-ɣ_o

-------------------

/fjˈɛːr/ - /jˈero/
[1/1] <#_f-<# / j-j_ˈe / ˈɛː-∅ / r-r / #>-o_#>

-------------------

/flˈum/ - /rˈio/
[1/1] <#_f-<# / l-∅ / ˈu-r / m-ˈi / #>-o_#>

-------------------

/frˈajt/ - /fɾˈio/
[1/1] <#_f-<#_f / r_ˈa-ɾ / j-∅ / t-ˈi / #>-o_#>

-------------------

/frˈar/ - /eɾmˈano/
[1/1] <#_f-<# / ∅-e / r-ɾ / ∅-m / ˈa-ˈa / r-n / #>-o_#>

-------------------

/fərˈiːnə/ - /aɾˈina/
[1/1] <#_f-<# / ə-a / r-ɾ / ˈiː-ˈi / n-n / ə_#>-a_#>

-------------------

/fˈaʧ/ - /ˈaɣo/
[1/1] <#_f-<# / ˈa-ˈa / ʧ-ɣ / #>-o_#>

-------------------

/fˈaːr/ - /aθˈeɾ/
[1/1] <#_f-<#_a / ∅-θ / ˈaː-ˈe / r_#>-ɾ_#>

-------------------

/fˈemnə/ - /ˈembɾa/
[1/1] <#_f-<# / ˈe-ˈe / m-m / ∅-b / n-ɾ / ə_#>-a_#>

-------------------

/fˈeʎ/ - /ˈoxa/
[1/1] <#_f-<# / ˈe-ˈo / ʎ-x / #>-a_#>

-------------------

/fˈil/ - /ˈilo/
[1/1] <#_f-<# / ˈi-ˈi / l-l / #>-o_#>

-------------------

/fˈim/ - /ˈumo/
[1/1] <#_f-<# / ˈi-ˈu / m-m / #>-o_#>

-------------------

/fˈiʎ/ - /ˈixo/
[1/1] <#_f-<# / ˈi-ˈi / ʎ-x / #>-o_#>

-------------------

/fˈiːʎə/ - /ˈixa/
[1/1] <#_f-<# / ˈiː-ˈi / ʎ-x / ə_#>-a_#>

-------------------

/fˈɔm/ - /ˈambɾe/
[1/1] <#_f-<# / ˈɔ-ˈa / m-m / ∅-b / ∅-ɾ / #>-e_#>

-------------------

/jˈaw/ - /ɟ͡ʝˈo/
[1/1] j-ɟ͡ʝ / ˈa_w-ˈo

-------------------

/kləmˈaːr/ - /ɟ͡ʝamˈaɾ/
[1/1] <#_k-<#_ɟ͡ʝ / l-∅ / ə-a / m-m / ˈaː-ˈa / r_#>-ɾ_#>

-------------------

/klˈaf/ - /ɟ͡ʝˈaβe/
[1/1] <#_k-<#_ɟ͡ʝ / l-∅ / ˈa-ˈa / f_#>-β_e

-------------------

/kolˈuːr/ - /kolˈoɾ/
[1/1] <#_k-<#_k / o-o / l-l / ˈuː-ˈo / r_#>-ɾ_#>

-------------------

/konˈuːʃər/ - /konoθˈeɾ/
[1/1] <#_k-<#_k / o-o / n-n / ˈuː-o / ʃ-θ / ə-ˈe / r_#>-ɾ_#>

-------------------

/krˈajr/ - /kɾeˈeɾ/
[1/1] <#_k-<#_k / r-ɾ / ∅-e / ˈa_j-ˈe / r_#>-ɾ_#>

-------------------

/krˈowʃ/ - /kɾˈuθ/
[1/1] <#_k-<#_k / r-ɾ / ˈo-∅ / w-ˈu / ʃ_#>-θ_#>

-------------------

/krˈuʃ/ - /kɾˈuθ/
[1/1] <#_k-<#_k / r-ɾ / ˈu-ˈu / ʃ_#>-θ_#>

-------------------

/kuljˈeʦ/ - /kwˈeʝo/
[1/1] <#_k-<#_k / u-∅ / l-∅ / j-w / ˈe-ˈe / ʦ-ʝ / #>-o_#>

-------------------

/kwˈaːtər/ - /kwˈatɾo/
[1/1] <#_k-<#_k / w-w / ˈaː-ˈa / t_ə_r-t_ɾ / #>-o_#>

-------------------

/kˈojsə/ - /kˈuxa/
[1/1] <#_k-<#_k / ˈo-∅ / j-ˈu / s-x / ə_#>-a_#>

-------------------

/kˈurt/ - /kˈoɾto/
[1/1] <#_k-<#_k / ˈu-ˈo / r-ɾ / t-t / #>-o_#>

-------------------

/kˈuːə/ - /kˈola/
[1/1] <#_k-<#_k / ˈuː-ˈo_l / ə_#>-a_#>

-------------------

/kˈɔstə/ - /kwˈesta/
[1/1] <#_k-<#_k / ˈɔ-w_ˈe / s-s / t-t / ə_#>-a_#>

-------------------

/kˈɔːr/ - /kˈoɾ/
[1/1] <#_k-<#_k / ˈɔː-ˈo / r_#>-ɾ_#>

-------------------

/kˈɔːrnə/ - /kwˈeɾno/
[1/1] <#_k-<#_k / ˈɔː-w_ˈe / r_n-ɾ_n / ə-∅ / #>-o_#>

-------------------

/kˈɔːrp/ - /kwˈeɾpo/
[1/1] <#_k-<#_k / ˈɔː-w_ˈe / r-ɾ / p-p / #>-o_#>

-------------------

/ljˈun/ - /leˈon/
[1/1] <#_l-<#_l / j-e / ˈu-ˈo / n_#>-n_#>

-------------------

/ljˈɛw/ - /lwˈeɣo/
[1/1] <#_l-<#_l / j_ˈɛ-w / ∅-ˈe / w_#>-ɣ_o

-------------------

/ljˈɛwr/ - /ljˈeβɾe/
[1/1] <#_l-<#_l / j-∅ / ˈɛ-j_ˈe / w-β / r-ɾ / #>-e_#>

-------------------

/ljˈɛwŋɡə/ - /lˈeŋɡwa/
[1/1] <#_l-<#_l / j-∅ / ˈɛ-ˈe / w-∅ / ŋ-ŋ_ɡ / ɡ-w / ə_#>-a_#>

-------------------

/lˈajn/ - /lˈeɲo/
[1/1] <#_l-<#_l / ˈa_j-ˈe / n-ɲ / #>-o_#>

-------------------

/lˈak/ - /lˈaɣo/
[1/1] <#_l-<#_l / ˈa-ˈa / k-ɣ / #>-o_#>

-------------------

/lˈawnə/ - /lˈana/
[1/1] <#_l-<#_l / ˈa_w_n-ˈa_n / ə_#>-a_#>

-------------------

/lˈaʨ/ - /lˈeʧe/
[1/1] <#_l-<#_l / ˈa-ˈe / ʨ-ʧ / #>-e_#>

-------------------

/lˈaːrmə/ - /lˈaɣɾima/
[1/1] <#_l-<#_l / ˈaː-ˈa_ɣ / r-ɾ / ∅-i / m-m / ə_#>-a_#>

-------------------

/lˈeːʃə/ - /lˈej/
[1/1] <#_l-<#_l / ˈeː-ˈe / ʃ-∅ / ə-∅ / #>-j_#>

-------------------

/lˈiːber/ - /lˈiβɾe/
[1/1] <#_l-<#_l / ˈiː-ˈi / b-∅ / e-β / r-ɾ / #>-e_#>

-------------------

/lˈuŋ/ - /lwˈeŋɡo/
[1/1] <#_l-<#_l / ˈu-w_ˈe / ŋ-ŋ_ɡ / #>-o_#>

-------------------

/lˈɛʨ/ - /lˈeʧo/
[1/1] <#_l-<#_l / ˈɛ-ˈe_ʧ / ʨ-∅ / #>-o_#>

-------------------

/lˈɛːʥər/ - /leˈeɾ/
[1/1] <#_l-<#_l / ˈɛː-∅ / ʥ-e / ə-ˈe / r_#>-ɾ_#>

-------------------

/maʦˈaːr/ - /matˈaɾ/
[1/1] <#_m-<#_m / a-a / ʦ-t / ˈaː-ˈa / r_#>-ɾ_#>

-------------------

/meʎˈeːr/ - /mexˈoɾ/
[1/1] <#_m-<#_m / e-e / ʎ-x / ˈeː-ˈo / r_#>-ɾ_#>

-------------------

/mitˈet/ - /mitˈað/
[1/1] <#_m-<#_m / i-i / t-t / ˈe-ˈa / t_#>-ð_#>

-------------------

/muntˈaːɲə/ - /montˈaɲa/
[1/1] <#_m-<#_m / u-o / n-n / t-t / ˈaː_ɲ-ˈa_ɲ / ə_#>-a_#>

-------------------

/murˈiːr/ - /moɾˈiɾ/
[1/1] <#_m-<#_m / u_r-o_ɾ / ˈiː-ˈi / r_#>-ɾ_#>

-------------------

/mədˈiːr/ - /maðˈuɾo/
[1/1] <#_m-<#_m / ə_d-a_ð / ˈiː-ˈu / r-ɾ / #>-o_#>

-------------------

/mənʥˈaːr/ - /komˈeɾ/
[1/1] m-<# / ə-k / n-o / ʥ-m / ˈaː-ˈe / r_#>-ɾ_#>

-------------------

/mˈawn/ - /mˈano/
[1/1] <#_m-<#_m / ˈa_w_n-ˈa_n / #>-o_#>

-------------------

/mˈaːr/ - /mˈaɾ/
[1/1] <#_m-<#_m / ˈaː-ˈa / r_#>-ɾ_#>

-------------------

/mˈiːli/ - /mˈil/
[1/1] <#_m-<#_m / ˈiː-ˈi / l-l_#> / i-∅

-------------------

/mˈuʃʨə/ - /mˈoska/
[1/1] <#_m-<#_m / ˈu-ˈo / ʃ-s / ʨ-k / ə_#>-a_#>

-------------------

/mˈɔːrdər/ - /moɾðˈeɾ/
[1/1] <#_m-<#_m / ˈɔː-o / r-ɾ / d-ð / ə-ˈe / r_#>-ɾ_#>

-------------------

/mˈɔːrt/ - /mwˈeɾte/
[1/1] <#_m-<#_m / ˈɔː-w_ˈe / r-ɾ / t-t / #>-e_#>

-------------------

/mˈɛl/ - /mjˈel/
[1/1] <#_m-<#_m / ˈɛ-j_ˈe / l_#>-l_#>

-------------------

/mˈɛlən/ - /amaɾˈiʝo/
[1/1] <#-<#_a / m-m / ˈɛ-a / l-ɾ / ə-ˈi / n-ʝ / #>-o_#>

-------------------

/nudˈaːr/ - /naðˈaɾ/
[1/1] <#_n-<#_n / u-a / d-ð / ˈaː-ˈa / r_#>-ɾ_#>

-------------------

/nˈajf/ - /njˈeβe/
[1/1] <#_n-<#_n / ˈa_j-j_ˈe / f_#>-β_e

-------------------

/nˈajr/ - /nˈeɣɾo/
[1/1] <#_n-<#_n / ˈa_j-ˈe / ∅-ɣ / r-ɾ / #>-o_#>

-------------------

/nˈas/ - /naɾˈiθ/
[1/1] <#_n-<#_n / ∅-a / ∅-ɾ / ˈa-ˈi / s-θ

-------------------

/nˈaʃər/ - /naθˈeɾ/
[1/1] <#_n-<#_n / ˈa-a / ʃ-θ / ə-ˈe / r_#>-ɾ_#>

-------------------

/nˈaː/ - /no/
[1/1] <#_n-<#_n / ˈaː-∅ / #>-o_#>

-------------------

/nˈiːvəl/ - /njˈeβla/
[1/1] <#_n-<#_n / ∅-j / ˈiː-ˈe / v_ə-β / l-l / #>-a_#>

-------------------

/nˈoʨ/ - /nˈoʧe/
[1/1] <#_n-<#_n / ∅-ˈo / ˈo_ʨ-ʧ / #>-e_#>

-------------------

/nˈum/ - /nˈombɾe/
[1/1] <#_n-<#_n / ˈu-ˈo / m-m / ∅-b / ∅-ɾ / #>-e_#>

-------------------

/nˈus/ - /nosˈotɾos/
[1/1] <#_n-<#_n / ∅-o / ∅-s / ˈu-ˈo_t / ∅-ɾ / ∅-o / s_#>-s_#>

-------------------

/nˈuʃ/ - /nwˈeθ/
[1/1] <#_n-<#_n / ˈu-w_ˈe / ʃ_#>-θ_#>

-------------------

/nˈɔf/ - /nwˈeβe/
[1/1] <#_n-<#_n / ˈɔ-w / f-ˈe_β / #>-e_#>

-------------------

/nˈɔf/ - /nwˈeβo/
[1/1] <#_n-<#_n / ˈɔ-w / f-ˈe_β / #>-o_#>

-------------------

/nˈɔs/ - /nwˈestɾo/
[1/1] <#_n-<#_n / ˈɔ-w_ˈe / s-s / ∅-t / ∅-ɾ / #>-o_#>

-------------------

/odˈuːr/ - /olˈoɾ/
[1/1] o-o / d-l / ˈuː-ˈo / r_#>-ɾ_#>

-------------------

/plˈajn/ - /ɟ͡ʝˈeno/
[1/1] <#_p-<#_ɟ͡ʝ / l-∅ / ˈa_j-ˈe / n-n / #>-o_#>

-------------------

/plˈaːjə/ - /ɟ͡ʝˈaɣa/
[1/1] <#_p-<#_ɟ͡ʝ / l-∅ / ˈaː-ˈa / j-ɣ / ə_#>-a_#>

-------------------

/plˈiə̯vʥə/ - /ɟ͡ʝˈuβja/
[1/1] <#_p-<#_ɟ͡ʝ / l-∅ / ˈiə̯-ˈu / v-β / ʥ-j / ə_#>-a_#>

-------------------

/plˈiːmə/ - /pˈeɲa/
[1/1] <#_p-<#_p / l-∅ / ˈiː-ˈe / m-ɲ / ə_#>-a_#>

-------------------

/plˈuʎ/ - /pjˈoxo/
[1/1] <#_p-<#_p / l-j / ˈu-ˈo / ʎ-x / #>-o_#>

-------------------

/pudˈajr/ - /poðˈeɾ/
[1/1] <#_p-<#_p / u-o / d-ð / ˈa_j-ˈe / r_#>-ɾ_#>

-------------------

/pˈajl/ - /kaβˈeʝo/
[1/1] ∅-k / <#-a / p-β / ˈa_j-ˈe / l-ʝ / #>-o_#>

-------------------

/pˈajl/ - /pˈelo/
[1/1] <#_p-<#_p / ˈa_j-ˈe / l-l / #>-o_#>

-------------------

/pˈawk/ - /pˈoko/
[1/1] <#_p-<#_p / ˈa_w-ˈo / k-k / #>-o_#>

-------------------

/pˈawn/ - /pˈan/
[1/1] <#_p-<#_p / ˈa_w-ˈa / n_#>-n_#>

-------------------

/pˈaʃ/ - /pˈaθ/
[1/1] <#_p-<#_p / ˈa-ˈa / ʃ_#>-θ_#>

-------------------

/pˈenə/ - /pˈeɲa/
[1/1] <#_p-<#_p / ˈe-ˈe / n-ɲ / ə_#>-a_#>

-------------------

/pˈeʃ/ - /pˈeθ/
[1/1] <#_p-<#_p / ˈe-ˈe / ʃ_#>-θ_#>

-------------------

/pˈeː/ - /pjˈe/
[1/1] <#_p-<#_p / ∅-j / ˈeː_#>-ˈe_#>

-------------------

/pˈiːʧən/ - /pekˈeɲo/
[1/1] <#_p-<#_p / ˈiː-∅ / ʧ-e / ə-k / n-ˈe_ɲ / #>-o_#>

-------------------

/pˈunt/ - /pwˈente/
[1/1] <#_p-<#_p / ˈu-w_ˈe / n-n / t-t / #>-e_#>

-------------------

/pˈunʨ/ - /pˈunto/
[1/1] <#_p-<#_p / ˈu-ˈu / n_ʨ-n_t / #>-o_#>

-------------------

/pˈuɔ̯ʦ/ - /pˈoθo/
[1/1] <#_p-<#_p / ∅-ˈo / ˈuɔ̯-θ / ʦ-∅ / #>-o_#>

-------------------

/pˈuɲ/ - /pˈuɲo/
[1/1] <#_p-<#_p / ˈu-ˈu / ɲ-ɲ / #>-o_#>

-------------------

/pˈɔːrʨ/ - /pwˈeɾko/
[1/1] <#_p-<#_p / ˈɔː-w_ˈe / r-ɾ / ʨ_#>-k_o

-------------------

/pˈɔːvər/ - /pˈoβɾe/
[1/1] <#_p-<#_p / ˈɔː-ˈo / v_ə-β / r-ɾ / #>-e_#>

-------------------

/pˈɛl/ - /pjˈel/
[1/1] <#_p-<#_p / ˈɛ-j_ˈe / l_#>-l_#>

-------------------

/pˈɛrsik/ - /pɾˈisko/
[1/1] <#_p-<#_p / ˈɛ-∅ / r-ɾ / ∅-ˈi / s-s / i-∅ / k-k / #>-o_#>

-------------------

/pˈɛʦ/ - /pˈeʧo/
[1/1] <#_p-<#_p / ˈɛ-ˈe_ʧ / ʦ-∅ / #>-o_#>

-------------------

/raʃˈun/ - /raθˈon/
[1/1] <#_r-<#_r / a-a / ʃ-θ / ˈu-ˈo / n_#>-n_#>

-------------------

/reʥˈiːnə/ - /rˈejna/
[1/1] <#_r-<#_r / e-ˈe / ʥ-∅ / ˈiː-j / n-n / ə_#>-a_#>

-------------------

/romˈan/ - /romˈano/
[1/1] <#_r-<#_r / o-o / m-m / ˈa-ˈa / n-n / #>-o_#>

-------------------

/rədˈunt/ - /reðˈondo/
[1/1] <#_r-<#_r / ə-e / d-ð / ˈu-ˈo / n-n / t_#>-d_o

-------------------

/rəʥˈiʃ/ - /raˈiθ/
[1/1] <#_r-<#_r / ə-a / ʥ-∅ / ˈi-ˈi / ʃ_#>-θ_#>

-------------------

/rˈeʨ/ - /rˈej/
[1/1] <#_r-<#_r / ˈe-ˈe / ʨ-∅ / #>-j_#>

-------------------

/rˈɔːdə/ - /rwˈeða/
[1/1] <#_r-<#_r / ˈɔː-w_ˈe / d-ð / ə_#>-a_#>

-------------------

/sitˈat/ - /θjuðˈað/
[1/1] <#-θ / s-j / i-u / t-ð / ˈa-ˈa / t_#>-ð_#>

-------------------

/sulˈeʎ/ - /sˈol/
[1/1] <#_s-<#_s / u-ˈo / l-l_#> / ˈe-∅ / ʎ-∅

-------------------

/səblˈun/ - /aɾˈena/
[1/1] <#-<#_a / s-∅ / ə-∅ / b-∅ / l-∅ / ˈu-ɾ / n-ˈe_n / #>-a_#>

-------------------

/səblˈun/ - /sˈaβle/
[1/1] <#_s-<#_s / ə-ˈa / b-β / l-l / ˈu-∅ / n-∅ / #>-e_#>

-------------------

/səvˈajr/ - /saβˈeɾ/
[1/1] <#_s-<#_s / ə-a / v-β / ˈa_j-ˈe / r_#>-ɾ_#>

-------------------

/səʥˈiːr/ - /seɣˈuɾo/
[1/1] <#_s-<#_s / ə-e / ʥ-ɣ / ˈiː-ˈu / r-ɾ / #>-o_#>

-------------------

/sˈajdə/ - /sˈeða/
[1/1] <#_s-<#_s / ˈa_j-ˈe / d-ð / ə_#>-a_#>

-------------------

/sˈal/ - /sˈal/
[1/1] <#_s-<#_s / ˈa-ˈa / l_#>-l_#>

-------------------

/sˈas/ - /sˈaβes/
[1/1] <#_s-<#_s / ˈa-ˈa_β / ∅-e / s_#>-s_#>

-------------------

/sˈawn/ - /sˈano/
[1/1] <#_s-<#_s / ˈa_w_n-ˈa_n / #>-o_#>

-------------------

/sˈawnə/ - /sˈana/
[1/1] <#_s-<#_s / ˈa_w_n-ˈa_n / ə_#>-a_#>

-------------------

/sˈaŋ/ - /sˈaŋɡɾe/
[1/1] <#_s-<#_s / ˈa-ˈa / ŋ-ŋ_ɡ / ∅-ɾ / #>-e_#>

-------------------

/sˈem/ - /semˈiʝa/
[1/1] <#_s-<#_s / ˈe-e / m-m / ∅-ˈi / ∅-ʝ / #>-a_#>

-------------------

/sˈeʨ/ - /sˈeko/
[1/1] <#_s-<#_s / ˈe-ˈe / ʨ_#>-k_o

-------------------

/sˈeʨə/ - /sˈeka/
[1/1] <#_s-<#_s / ˈe-ˈe / ʨ-k / ə_#>-a_#>

-------------------

/sˈeːzər/ - /sentˈaɾ/
[1/1] <#_s-<#_s / ∅-e / ˈeː-n / z-t / ə-ˈa / r_#>-ɾ_#>

-------------------

/sˈis/ - /sˈejs/
[1/1] <#_s-<#_s / ∅-ˈe / ˈi-j / s_#>-s_#>

-------------------

/sˈiʨ/ - /sˈeko/
[1/1] <#_s-<#_s / ˈi_ʨ-ˈe_k / #>-o_#>

-------------------

/sˈiʨə/ - /sˈeka/
[1/1] <#_s-<#_s / ˈi_ʨ-ˈe_k / ə_#>-a_#>

-------------------

/sˈuːrə/ - /sˈoβɾe/
[1/1] <#_s-<#_s / ˈuː-ˈo / ∅-β / r-ɾ / ə-∅ / #>-e_#>

-------------------

/sˈɔnʨ/ - /sˈanto/
[1/1] <#_s-<#_s / ˈɔ-ˈa / n_ʨ-n_t / #>-o_#>

-------------------

/sˈɔːsə/ - /sˈalsa/
[1/1] <#_s-<#_s / ∅-ˈa / ˈɔː-l / s-s / ə_#>-a_#>

-------------------

/sˈɛt/ - /sjˈete/
[1/1] <#_s-<#_s / ˈɛ-j_ˈe / t-t / #>-e_#>

-------------------

/trˈajs/ - /tɾˈes/
[1/1] <#_t-<#_t / r-ɾ / ˈa_j-ˈe / s_#>-s_#>

-------------------

/tusˈeːr/ - /tosˈeɾ/
[1/1] <#_t-<#_t / u-o / s-s / ˈeː-ˈe / r_#>-ɾ_#>

-------------------

/tˈawr/ - /tˈoɾo/
[1/1] <#_t-<#_t / ˈa_w-ˈo / r-ɾ / #>-o_#>

-------------------

/tˈiː/ - /tˈu/
[1/1] <#_t-<#_t / ˈiː-ˈu

-------------------

/tˈut/ - /tˈoðo/
[1/1] <#_t-<#_t / ˈu_t-ˈo_ð / #>-o_#>

-------------------

/tˈuts/ - /tˈoðos/
[1/1] <#_t-<#_t / ˈu_t-ˈo_ð / ∅-o / s_#>-s_#>

-------------------

/tˈɛmp/ - /tjˈempo/
[1/1] <#_t-<#_t / ˈɛ-j_ˈe / m-m / p-p / #>-o_#>

-------------------

/tˈɛːrə/ - /tjˈera/
[1/1] <#_t-<#_t / ∅-j / ˈɛː-ˈe / r-r / ə_#>-a_#>

-------------------

/urˈeːʎə/ - /oɾˈexa/
[1/1] u_r-o_ɾ / ˈeː-ˈe / ʎ-x / ə_#>-a_#>

-------------------

/uʧˈɛː/ - /pˈaxaɾo/
[1/1] ∅-p / <#-ˈa / u-x / ʧ-a / ˈɛː-ɾ / #>-o_#>

-------------------

/vezˈajr/ - /bˈeɾ/
[1/1] <#_v-<#_b / e-∅ / z-∅ / ˈa_j-ˈe / r_#>-ɾ_#>

-------------------

/viʃˈin/ - /beθˈino/
[1/1] <#_v-<#_b / i-e / ʃ-θ / ˈi-ˈi / n-n / #>-o_#>

-------------------

/vərɡˈuɔ̯ɲə/ - /beɾɣwˈenθa/
[1/1] <#_v-<#_b / ə_r-e_ɾ / ɡ-ɣ / ∅-w / ∅-ˈe / ∅-n / ˈuɔ̯-θ / ɲ-∅ / ə_#>-a_#>

-------------------

/vəɲˈiːr/ - /benˈiɾ/
[1/1] <#_v-<#_b / ə-e / ɲ-n / ˈiː-ˈi / r_#>-ɾ_#>

-------------------

/vˈaʨə/ - /bˈaka/
[1/1] <#_v-<#_b / ˈa-ˈa / ʨ-k / ə_#>-a_#>

-------------------

/vˈeːrt/ - /bˈeɾðe/
[1/1] <#_v-<#_b / ˈeː-ˈe / r-ɾ / t-ð / #>-e_#>

-------------------

/vˈin/ - /bˈino/
[1/1] <#_v-<#_b / ˈi-ˈi / n-n / #>-o_#>

-------------------

/vˈiːlə/ - /bˈiʝa/
[1/1] <#_v-<#_b / ˈiː-ˈi / l_ə-ʝ_a

-------------------

/vˈiːtə/ - /bˈiða/
[1/1] <#_v-<#_b / ˈiː-ˈi / t-ð / ə_#>-a_#>

-------------------

/vˈiːə/ - /bˈia/
[1/1] <#_v-<#_b / ˈiː-ˈi / ə_#>-a_#>

-------------------

/vˈus/ - /bosˈotɾos/
[1/1] <#_v-<#_b / ∅-o / ∅-s / ˈu-ˈo_t / ∅-ɾ / ∅-o / s_#>-s_#>

-------------------

/vˈuʃ/ - /bˈoθ/
[1/1] <#_v-<#_b / ˈu-ˈo / ʃ_#>-θ_#>

-------------------

/vˈɛnt/ - /bjˈento/
[1/1] <#_v-<#_b / ˈɛ-j_ˈe / n-n / t-t / #>-o_#>

-------------------

/vˈɛntər/ - /bjˈentɾe/
[1/1] <#_v-<#_b / ˈɛ-j_ˈe / n-n / t_ə_r-t_ɾ / #>-e_#>

-------------------

/vˈɛntər/ - /pˈanθa/
[1/1] v-p / ˈɛ-ˈa / n-n / t-θ / ə-a / r-∅

-------------------

/vˈɛnʨ/ - /bˈejnte/
[1/1] <#_v-<#_b / ∅-ˈe / ˈɛ-j / n_ʨ-n_t / #>-e_#>

-------------------

/vˈɛɲ/ - /bˈeŋɡo/
[1/1] <#_v-<#_b / ˈɛ-ˈe / ∅-ŋ / ɲ-ɡ / #>-o_#>

-------------------

/vˈɛʎ/ - /bjˈexo/
[1/1] <#_v-<#_b / ˈɛ-j_ˈe / ʎ-x / #>-o_#>

-------------------

/ənˈɛː/ - /anˈiʝo/
[1/1] <#_ə-<#_a / n-n / ˈɛː-ˈi_ʝ / #>-o_#>

-------------------

/ərˈɔɲ/ - /aɾˈaɲa/
[1/1] <#_ə-<#_a / r-ɾ / ˈɔ_ɲ-ˈa_ɲ / #>-a_#>

-------------------

/ətˈun/ - /otˈoɲo/
[1/1] ə-o / t-t / ˈu-ˈo / n-ɲ / #>-o_#>

-------------------

/əvjˈewl/ - /aβˈexa/
[1/1] <#_ə-<#_a / v-β / j-∅ / ˈe-ˈe / w-∅ / l-x / #>-a_#>

-------------------

/əɲˈɛː/ - /koɾðˈeɾo/
[1/1] ∅-k / ∅-o / <#-ɾ / ə-ð / ɲ-ˈe / ˈɛː-ɾ / #>-o_#>

-------------------

/ɡlˈaʧ/ - /ɟ͡ʝˈelo/
[1/1] <#-ɟ͡ʝ / ɡ-ˈe / l-l / ˈa-∅ / ʧ-∅ / #>-o_#>

-------------------

/ɡrˈas/ - /ɡɾˈasa/
[1/1] <#_ɡ-<#_ɡ / r-ɾ / ˈa-ˈa / s-s / #>-a_#>

-------------------

/ɡrˈawn/ - /ɡɾˈano/
[1/1] <#_ɡ-<#_ɡ / r-ɾ / ˈa_w_n-ˈa_n / #>-o_#>

-------------------

/ɡrˈɔnt/ - /ɡɾˈande/
[1/1] <#_ɡ-<#_ɡ / r-ɾ / ˈɔ-ˈa / n-n / t-d / #>-e_#>

-------------------

/ɡrˈɔs/ - /ɡɾwˈeso/
[1/1] <#_ɡ-<#_ɡ / r-ɾ / ˈɔ-w_ˈe / s-s / #>-o_#>

-------------------

/ɡˈut/ - /ɡˈota/
[1/1] <#_ɡ-<#_ɡ / ˈu-ˈo / t-t / #>-a_#>

-------------------

/ɡˈuːlə/ - /ɡˈola/
[1/1] <#_ɡ-<#_ɡ / ˈuː-ˈo / l-l / ə_#>-a_#>

-------------------

/ɡˈuːʎə/ - /aɣˈuxa/
[1/1] <#-<#_a / ɡ-ɣ / ˈuː-ˈu / ʎ-x / ə_#>-a_#>

-------------------

/ʃkrˈiːvər/ - /eskɾiβˈiɾ/
[1/1] <#_ʃ-<#_e / ∅-s / k-k / r-ɾ / ˈiː-i / v-β / ə-ˈi / r_#>-ɾ_#>

-------------------

/ʃkˈɔrsə/ - /koɾtˈeθa/
[1/1] ʃ-<# / k-k / ˈɔ-o / r-ɾ / ∅-t / ∅-ˈe / s-θ / ə_#>-a_#>

-------------------

/ʃpˈaːdə/ - /espˈaða/
[1/1] <#_ʃ-<#_e / p-s_p / ˈaː-ˈa / d-ð / ə_#>-a_#>

-------------------

/ʃpˈaːɲə/ - /espˈaɲa/
[1/1] <#_ʃ-<#_e / p-s_p / ˈaː_ɲ-ˈa_ɲ / ə_#>-a_#>

-------------------

/ʃpˈiːnə/ - /espˈina/
[1/1] <#_ʃ-<#_e / p-s_p / ˈiː-ˈi / n-n / ə_#>-a_#>

-------------------

/ʃpˈiːə/ - /espˈiɣa/
[1/1] <#_ʃ-<#_e / p-s_p / ˈiː-ˈi / ∅-ɣ / ə_#>-a_#>

-------------------

/ʃtˈajlə/ - /estɾˈeʝa/
[1/1] <#_ʃ-<#_e / t-s_t / ∅-ɾ / ˈa_j-ˈe / l_ə-ʝ_a

-------------------

/ʃtˈaːdi/ - /estˈaðo/
[1/1] <#_ʃ-<#_e / t-s_t / ˈaː-ˈa / d-ð / i-∅ / #>-o_#>

-------------------

/ʃəlˈaːr/ - /elˈaɾ/
[1/1] <#_ʃ-<#_e / ə-∅ / l_ˈaː-l_ˈa / r_#>-ɾ_#>

-------------------

/ʃənˈuʎ/ - /roðˈiʝa/
[1/1] ʃ-r / ə-o / n-ð / ˈu-ˈi / ʎ-ʝ / #>-a_#>

-------------------

/ʃˈɛndər/ - /ɟ͡ʝˈeɾno/
[1/1] ʃ-ɟ͡ʝ / ˈɛ-ˈe / n-∅ / d-∅ / ə-∅ / r-ɾ / ∅-n / #>-o_#>

-------------------

/ʎˈiʃ/ - /lˈuθ/
[1/1] <#_ʎ-l / ˈi-ˈu / ʃ_#>-θ_#>

-------------------

/ʎˈiːnə/ - /lˈuna/
[1/1] <#_ʎ-l / ˈiː-ˈu / n-n / ə_#>-a_#>

-------------------

/ʒɡulˈaːr/ - /bolˈaɾ/
[1/1] <#_ʒ_ɡ-b / u-o / l_ˈaː-l_ˈa / r_#>-ɾ_#>

-------------------

/ʒɡˈɔl/ - /bwˈelo/
[1/1] <#_ʒ_ɡ-b / ˈɔ-w_ˈe / l-l / #>-o_#>

-------------------

/ʥidˈar/ - /aʝuðˈaɾ/
[1/1] <#-<#_a / ʥ-ʝ / i-u / d-ð / ˈa-ˈa / r_#>-ɾ_#>

-------------------

/ʥjˈɛw/ - /xwˈeɣo/
[1/1] <#_ʥ-<#_x / j_ˈɛ-w / ∅-ˈe / w_#>-ɣ_o

-------------------

/ʥˈat/ - /ɡˈato/
[1/1] ʥ-ɡ / ˈa-ˈa / t-t / #>-o_#>

-------------------

/ʥˈuːvən/ - /xˈoβen/
[1/1] <#_ʥ-<#_x / ˈuː-ˈo / v-β / ə-e / n_#>-n_#>

-------------------

/ʧerʨˈaːr/ - /θeɾkˈaɾ/
[1/1] <#_ʧ-<#_θ / e-e / r-ɾ / ʨ-k / ˈaː-ˈa / r_#>-ɾ_#>

-------------------

/ʧuŋkˈantə/ - /θiŋkwˈenta/
[1/1] <#_ʧ-<#_θ / u-i / ŋ-ŋ / k-k / ˈa-w / n-ˈe_n / t-t / ə_#>-a_#>

-------------------

/ʧərˈeːʃə/ - /θeɾˈeθa/
[1/1] <#_ʧ-<#_θ / ə_r-e_ɾ / ˈeː-ˈe / ʃ-θ / ə_#>-a_#>

-------------------

/ʧˈajrə/ - /θˈeɾa/
[1/1] <#_ʧ-<#_θ / ˈa_j-ˈe / r-ɾ / ə_#>-a_#>

-------------------

/ʧˈinʨ/ - /θˈiŋko/
[1/1] <#_ʧ-<#_θ / ˈi-ˈi / n-ŋ / ʨ_#>-k_o

-------------------

/ʧˈiə̯l/ - /θjˈelo/
[1/1] <#_ʧ-<#_θ / ˈiə̯-j_ˈe / l-l / #>-o_#>

-------------------

/ʧˈiə̯nt/ - /θjˈento/
[1/1] <#_ʧ-<#_θ / ˈiə̯-j_ˈe / n-n / t-t / #>-o_#>

-------------------

/ʧˈɛndrə/ - /θenˈiθa/
[1/1] <#_ʧ-<#_θ / ˈɛ-e / n-n / d-ˈi / r-θ / ə_#>-a_#>

-------------------

/ʨədˈajnə/ - /kaðˈena/
[1/1] <#_ʨ-<#_k / ə_d-a_ð / ˈa_j-ˈe / n-n / ə_#>-a_#>

-------------------

/ʨəmʥˈaːr/ - /kambjˈaɾ/
[1/1] <#_ʨ-<#_k / ə-a / m-m / ∅-b / ʥ-j / ˈaː-ˈa / r_#>-ɾ_#>

-------------------

/ʨəntˈaːr/ - /kantˈaɾ/
[1/1] <#_ʨ-<#_k / ə-a / n-n / t_ˈaː-t_ˈa / r_#>-ɾ_#>

-------------------

/ʨəstˈɛː/ - /kastˈiʝo/
[1/1] <#_ʨ-<#_k / ə_s-a_s / t-t / ˈɛː-ˈi_ʝ / #>-o_#>

-------------------

/ʨəvˈal/ - /kaβˈaʝo/
[1/1] <#_ʨ-<#_k / ə-a / v-β / ˈa-ˈa / l-ʝ / #>-o_#>

-------------------

/ʨəvˈel/ - /kaβˈeʝo/
[1/1] <#_ʨ-<#_k / ə-a / v-β / ˈe-ˈe / l-ʝ / #>-o_#>

-------------------

/ʨəvˈel/ - /pˈelo/
[1/1] ʨ-∅ / ə-<# / v-p / ˈe-ˈe / l-l / #>-o_#>

-------------------

/ʨəʧˈaːr/ - /kaθˈaɾ/
[1/1] <#_ʨ-<#_k / ə-a / ʧ-θ / ˈaː-ˈa / r_#>-ɾ_#>

-------------------

/ʨˈant/ - /kˈanto/
[1/1] <#_ʨ-<#_k / ˈa-ˈa / n-n / t-t / #>-o_#>

-------------------

/ʨˈaw/ - /kˈaβo/
[1/1] <#_ʨ-<#_k / ˈa_w-ˈa_β / #>-o_#>

-------------------

/ʨˈawn/ - /kˈan/
[1/1] <#_ʨ-<#_k / ˈa_w-ˈa / n_#>-n_#>

-------------------

/ʨˈawrə/ - /kˈaβɾa/
[1/1] <#_ʨ-<#_k / ˈa_w-ˈa_β / r-ɾ / ə_#>-a_#>

-------------------

/ʨˈawsə/ - /kˈosa/
[1/1] <#_ʨ-<#_k / ˈa_w-ˈo / s-s / ə_#>-a_#>

-------------------

/ʨˈawt/ - /kˈaldo/
[1/1] <#_ʨ-<#_k / ˈa_w-ˈa / ∅-l / t_#>-d_o

-------------------

/ʨˈaːr/ - /kˈaɾo/
[1/1] <#_ʨ-<#_k / ˈaː-ˈa / r-ɾ / #>-o_#>

-------------------

/ʨˈaːrn/ - /kˈaɾne/
[1/1] <#_ʨ-<#_k / ˈaː-ˈa / r_n-ɾ_n / #>-e_#>

-------------------

/ʨˈaːzə/ - /kˈasa/
[1/1] <#_ʨ-<#_k / ˈaː-ˈa / z-s / ə_#>-a_#>

-------------------

/ʨˈeː/ - /kˈe/
[1/1] <#_ʨ-<#_k / ˈeː_#>-ˈe_#>

-------------------

/ʨˈil/ - /kˈulo/
[1/1] <#_ʨ-<#_k / ˈi-ˈu / l-l / #>-o_#>

-------------------

/ʨˈiː/ - /kjˈen/
[1/1] <#_ʨ-<#_k / ∅-j / ∅-ˈe / ˈiː-n

-------------------

/ʨˈɔmbrə/ - /kˈambɾa/
[1/1] <#_ʨ-<#_k / ˈɔ-ˈa / m-m / b-b / r-ɾ / ə_#>-a_#>

-------------------

/ˈalf/ - /blˈaŋko/
[1/1] ˈa-b / l-l / ∅-ˈa / ∅-ŋ / f-k / #>-o_#>

-------------------

/ˈalvə/ - /ˈalβa/
[1/1] <#_ˈa-<#_ˈa / l-l / v-β / ə_#>-a_#>

-------------------

/ˈawkə/ - /ˈoka/
[1/1] <#_ˈa_w-<#_ˈo / k-k / ə_#>-a_#>

-------------------

/ˈawr/ - /ˈoɾo/
[1/1] <#_ˈa_w-<#_ˈo / r-ɾ / #>-o_#>

-------------------

/ˈawtər/ - /ˈotɾo/
[1/1] <#_ˈa_w-<#_ˈo / t_ə_r-t_ɾ / #>-o_#>

-------------------

/ˈawə/ - /ˈaɣwa/
[1/1] <#_ˈa-<#_ˈa / ∅-ɣ / w-w / ə_#>-a_#>

-------------------

/ˈaʎ/ - /ˈaxo/
[1/1] <#_ˈa-<#_ˈa / ʎ-x / #>-o_#>

-------------------

/ˈel/ - /ˈel/
[1/1] <#_ˈe-<#_ˈe / l_#>-l_#>

-------------------

/ˈelə/ - /ˈeʝa/
[1/1] <#_ˈe-<#_ˈe / l_ə-ʝ_a

-------------------

/ˈin/ - /ˈuno/
[1/1] ˈi-ˈu / n-n / #>-o_#>

-------------------

/ˈinslə/ - /ˈisla/
[1/1] ˈi_n-ˈi / s-s / l-l / ə_#>-a_#>

-------------------

/ˈoʨ/ - /ˈoʧo/
[1/1] <#-<#_ˈo / ˈo_ʨ-ʧ / #>-o_#>

-------------------

/ˈum/ - /ˈombɾe/
[1/1] <#-<#_ˈo / ˈu-∅ / m-m / ∅-b / ∅-ɾ / #>-e_#>

-------------------

/ˈuŋɡlə/ - /ˈuɲa/
[1/1] ˈu-ˈu / ŋ-∅ / ɡ-∅ / l-ɲ / ə_#>-a_#>

-------------------

/ˈuːrs/ - /ˈoso/
[1/1] ˈuː_r-ˈo / s-s / #>-o_#>

-------------------

/ˈɔf/ - /wˈeβo/
[1/1] <#_ˈɔ-<#_w / f-ˈe_β / #>-o_#>

-------------------

/ˈɔlmə/ - /ˈalma/
[1/1] <#_ˈɔ-<#_ˈa / l-l / m-m / ə_#>-a_#>

-------------------

/ˈɔn/ - /ˈaɲo/
[1/1] <#_ˈɔ-<#_ˈa / n-ɲ / #>-o_#>

-------------------

/ˈɔs/ - /wˈeso/
[1/1] <#_ˈɔ-<#_w / ∅-ˈe / s-s / #>-o_#>

-------------------

/ˈɔːvrə/ - /wˈeβɾa/
[1/1] ˈɔː-w_ˈe / v-β / r-ɾ / ə_#>-a_#>

-------------------

/ˈɛʎ/ - /ˈoxo/
[1/1] <#-<#_ˈo / ˈɛ-∅ / ʎ-x / #>-o_#>

-------------------

/ˈɛʎs/ - /ˈoxos/
[1/1] <#-<#_ˈo / ˈɛ-∅ / ʎ-x_o / s_#>-s_#>

-------------------

/ˈɛːrvə/ - /jˈeɾβa/
[1/1] ˈɛː-j / r-ˈe_ɾ / v-β / ə_#>-a_#>

-------------------

