/bjˈøːɳ/ - /bˈɛʀ/
[4/4] b-b / j-ˈɛ / ˈøː-∅ / ɳ-ʀ

-------------------

/blˈuː/ - /blˈʊt/
[3/5] b-b / l-l / ˈuː-ˈʊ_t
[2/5] b-b / l-l / ˈuː-ˈʊ / ∅-t

-------------------

/blˈuːm/ - /blˈʊm/
[5/5] b-b / l-l / ˈuː-ˈʊ / m-m

-------------------

/blˈɑːd/ - /blˈat/
[5/5] b-b / l-l / ˈɑː-ˈa / d-t

-------------------

/bɾˈuːɾ/ - /bʀˈʊdəʀ/
[5/5] b-b / ɾ-ʀ / ˈuː-ˈʊ / ∅-d / ∅-ə / ɾ-ʀ

-------------------

/bɾˈøː/ - /bʀˈɔɪ̯t/
[3/4] b-b / ɾ-ʀ / ˈøː-ˈɔɪ̯_t
[1/4] b-b / ɾ-ʀ / ˈøː-ˈɔɪ̯ / ∅-t

-------------------

/bɾˈʏst/ - /bʀˈʊst/
[5/5] b-b / ɾ-ʀ / ˈʏ-ˈʊ / s-s / t-t

-------------------

/bɾˈʏɡːə/ - /bʀˈɪk/
[3/3] b-b / ɾ-ʀ / ˈʏ-ˈɪ / ɡː-k / ə-∅

-------------------

/bˈeːdɾə/ - /bˈɛsəʀ/
[3/5] b-b / ˈeː-ˈɛ / d-s / ɾ_ə-ə / ∅-ʀ
[2/5] b-b / ˈeː-ˈɛ / d-s / ɾ-∅ / ə-ə / ∅-ʀ

-------------------

/bˈiːtə/ - /bˈaɪ̯sn̩/
[5/5] b-b / ˈiː-ˈaɪ̯ / t-s / ə-n

-------------------

/bˈiːə/ - /bˈɪn/
[3/3] b-b / ˈiː-ˈɪ / ə-n

-------------------

/bˈuːk/ - /bˈʊχ/
[1/1] b-b / ˈuː-ˈʊ / k-χ

-------------------

/bˈæɪ̯n/ - /bˈɛɪ̯n/
[3/3] b-b / ˈæɪ̯-ˈɛɪ̯ / n-n

-------------------

/bˈæɾɡ/ - /bˈaʀɡ/
[3/3] b-b / ˈæ-ˈa / ɾ-ʀ / ɡ-ɡ

-------------------

/bˈɪnːə/ - /bˈɪndn̩/
[2/3] b-b / ˈɪ-ˈɪ / nː-n / ∅-d / ə-n
[1/3] b-b / ˈɪ-ˈɪ / nː-n_d / ə-n

-------------------

/dɾˈiːʋə/ - /tʀˈaɪ̯bn̩/
[3/4] d-t / ɾ-ʀ / ˈiː-ˈaɪ̯ / ʋ-∅ / ∅-b / ə-n
[1/4] d-t / ɾ-ʀ / ˈiː-ˈaɪ̯ / ʋ-b / ə-n

-------------------

/dɾˈœm/ - /tʀˈɔɪ̯m/
[4/4] d-t / ɾ-ʀ / ˈœ-ˈɔɪ̯ / m-m

-------------------

/dɾˈœmːə/ - /tʀˈɔɪ̯mən/
[3/3] d-t / ɾ-ʀ / ˈœ-ˈɔɪ̯ / mː-m / ə-ə / ∅-n

-------------------

/dɾˈɪkːə/ - /tʀˈɪŋkən/
[2/4] d-t / ɾ-ʀ / ˈɪ-ˈɪ / ∅-ŋ / kː-k / ə-ə / ∅-n
[2/4] d-t / ɾ-ʀ / ˈɪ-ˈɪ / kː-ŋ_k / ə-ə / ∅-n

-------------------

/dˈeːɾə/ - /ˈɪʀ/
[1/1] d-∅ / ˈeː-ˈɪ / ɾ-ʀ / ə-∅

-------------------

/dˈyːp/ - /tˈɪf/
[3/3] d-t / ˈyː-ˈɪ / p-f

-------------------

/dˈyːɾ/ - /tˈaɪ̯əʀ/
[3/3] d-t / ˈyː-ˈaɪ̯ / ∅-ə / ɾ-ʀ

-------------------

/dˈøː/ - /tˈɔɪ̯t/
[3/5] d-t / ˈøː-ˈɔɪ̯_t
[2/5] d-t / ˈøː-ˈɔɪ̯ / ∅-t

-------------------

/dˈøːdəli/ - /tˈɔɪ̯tləχ/
[4/4] d-t / ˈøː-ˈɔɪ̯ / d-t / ə-∅ / l-l / i-ə / ∅-χ

-------------------

/dˈɑtːəɾ/ - /tˈɔχtəʀ/
[2/4] d-t / ˈɑ-ˈɔ / ∅-χ / tː-t / ə-ə / ɾ-ʀ
[2/4] d-t / ˈɑ-ˈɔ / tː-χ_t / ə-ə / ɾ-ʀ

-------------------

/dˈɑːɡ/ - /tˈɔɡ/
[5/5] d-t / ˈɑː-ˈɔ / ɡ-ɡ

-------------------

/dˈʉː/ - /dˈʊ/
[1/1] d-d / ˈʉː-ˈʊ

-------------------

/dˈʉːə/ - /tˈɔɪ̯b/
[4/4] d-t / ˈʉː-ˈɔɪ̯ / ə-∅ / ∅-b

-------------------

/fjˈæːɾ/ - /fˈɛdəʀ/
[4/4] f-f / j-ˈɛ / ∅-d / ˈæː-ə / ɾ-ʀ

-------------------

/flˈyːɡə/ - /flˈɪən/
[5/5] f-f / l-l / ˈyː-ˈɪ / ɡ-∅ / ə-ə / ∅-n

-------------------

/flˈʉːə/ - /flˈɪɡ/
[4/4] f-f / l-l / ˈʉː-ˈɪ / ə-∅ / ∅-ɡ

-------------------

/fɾˈyːsə/ - /fʀˈɪʀn̩/
[4/4] f-f / ɾ-ʀ / ˈyː-ˈɪ / s-∅ / ∅-ʀ / ə-n

-------------------

/fɾˈɛnːə/ - /fʀˈaɪ̯nd/
[3/3] f-f / ɾ-ʀ / ˈɛ-ˈaɪ̯ / nː-n / ə-∅ / ∅-d

-------------------

/fɾˈɪsk/ - /fʀˈɪʃ/
[2/3] f-f / ɾ-ʀ / ˈɪ-ˈɪ / s_k-ʃ
[1/3] f-f / ɾ-ʀ / ˈɪ-ˈɪ / s-ʃ / k-∅

-------------------

/fˈiːɾə/ - /fˈɪʀ/
[3/3] f-f / ˈiː-ˈɪ / ɾ-ʀ / ə-∅

-------------------

/fˈuːt/ - /fˈʊs/
[3/3] f-f / ˈuː-ˈʊ / t-s

-------------------

/fˈyːɾ/ - /fˈaɪ̯əʀ/
[2/2] f-f / ˈyː-ˈaɪ̯ / ∅-ə / ɾ-ʀ

-------------------

/fˈœlɡə/ - /fˈɔlɡn̩/
[5/5] f-f / ˈœ-ˈɔ / l-l / ɡ-ɡ / ə-n

-------------------

/fˈœtːəɾ/ - /fˈɪs/
[3/3] f-f / ˈœ-ˈɪ / tː-s / ə-∅ / ɾ-∅

-------------------

/fˈɑːɾ/ - /fˈɔtəʀ/
[4/4] f-f / ˈɑː-ˈɔ / ∅-t / ∅-ə / ɾ-ʀ

-------------------

/fˈɔɾ/ - /fˈaʀ/
[5/5] f-f / ˈɔ-ˈa / ɾ-ʀ

-------------------

/fˈɛm/ - /fˈɪnf/
[1/1] f-f / ˈɛ-ˈɪ / m-n / ∅-f

-------------------

/fˈɪnːə/ - /ɡəfˈɪnən/
[4/4] ∅-ɡ / ∅-ə / f-f / ˈɪ-ˈɪ / nː-n / ə-ə / ∅-n

-------------------

/fˈɪsk/ - /fˈɪʃ/
[3/5] f-f / ˈɪ-ˈɪ / s-ʃ / k-∅
[2/5] f-f / ˈɪ-ˈɪ / s_k-ʃ

-------------------

/fˈɪŋːəɾ/ - /fˈɪŋɡəʀ/
[3/5] f-f / ˈɪ-ˈɪ / ŋː-ŋ / ∅-ɡ / ə-ə / ɾ-ʀ
[2/5] f-f / ˈɪ-ˈɪ / ŋː-ŋ_ɡ / ə-ə / ɾ-ʀ

-------------------

/fˈʉlː/ - /fˈʊl/
[5/5] f-f / ˈʉ-ˈʊ / lː-l

-------------------

/fˈʉːl/ - /fˈɔɪ̯ɡl̩/
[2/4] f-f / ˈʉː-ˈɔɪ̯ / ∅-ɡ / l-l
[2/4] f-f / ˈʉː-ˈɔɪ̯ / l-ɡ_l

-------------------

/hˈeːt/ - /hˈɛɪ̯s/
[4/4] h-h / ˈeː-ˈɛɪ̯ / t-s

-------------------

/hˈoːɾ/ - /hˈɔʀ/
[3/3] h-h / ˈoː-ˈɔ / ɾ-ʀ

-------------------

/hˈuːdə/ - /hˈɔɪ̯pt/
[2/2] h-h / ˈuː-ˈɔɪ̯ / ∅-p / d-t / ə-∅

-------------------

/hˈuːdə/ - /kˈɔp/
[2/2] h-k / ˈuː-ˈɔ / d-p / ə-∅

-------------------

/hˈuːɳ/ - /hˈɔʀn/
[2/5] h-h / ˈuː-ˈɔ / ɳ-ʀ_n
[2/5] h-h / ˈuː-ˈɔ / ɳ-ʀ / ∅-n
[1/5] h-h / ˈuː-ˈɔ / ∅-ʀ / ɳ-n

-------------------

/hˈøːj/ - /hˈɔɪ̯χ/
[4/4] h-h / ˈøː-ˈɔɪ̯ / j-χ

-------------------

/hˈøːɾə/ - /hˈɛʀn/
[3/3] h-h / ˈøː-ˈɛ / ɾ-ʀ / ə-n

-------------------

/hˈɑlː/ - /hˈalb/
[2/4] h-h / ˈɑ-ˈa / lː-l_b
[2/4] h-h / ˈɑ-ˈa / lː-l / ∅-b

-------------------

/hˈɑnː/ - /hˈant/
[2/3] h-h / ˈɑ-ˈa / nː-n_t
[1/3] h-h / ˈɑ-ˈa / nː-n / ∅-t

-------------------

/hˈɑː/ - /hˈɔbn̩/
[4/4] h-h / ˈɑː-ˈɔ / ∅-b / ∅-n

-------------------

/hˈɑːtə/ - /hˈasn̩/
[5/5] h-h / ˈɑː-ˈa / t-s / ə-n

-------------------

/hˈɑːɾə/ - /hˈɔz/
[2/3] h-h / ˈɑː-ˈɔ / ɾ-∅ / ə-∅ / ∅-z
[1/3] h-h / ˈɑː-ˈɔ / ɾ-z / ə-∅

-------------------

/hˈɛlːi/ - /hˈɛɪ̯lɪk/
[3/3] h-h / ˈɛ-ˈɛɪ̯ / lː-l / i-ɪ / ∅-k

-------------------

/hˈʉnː/ - /hˈʊnt/
[2/4] h-h / ˈʉ-ˈʊ / nː-n_t
[2/4] h-h / ˈʉ-ˈʊ / nː-n / ∅-t

-------------------

/hˈʉŋːəɾ/ - /hˈʊŋɡəʀ/
[2/3] h-h / ˈʉ-ˈʊ / ŋː-ŋ / ∅-ɡ / ə-ə / ɾ-ʀ
[1/3] h-h / ˈʉ-ˈʊ / ŋː-ŋ_ɡ / ə-ə / ɾ-ʀ

-------------------

/hˈʉːd/ - /hˈɔɪ̯t/
[3/3] h-h / ˈʉː-ˈɔɪ̯ / d-t

-------------------

/hˈʉːs/ - /hˈɔɪ̯z/
[4/4] h-h / ˈʉː-ˈɔɪ̯ / s-z

-------------------

/hˈʊnːɪŋ/ - /hˈɔnɪk/
[4/4] h-h / ˈʊ-ˈɔ / nː-n / ɪ-ɪ / ŋ-k

-------------------

/jˈuːɾ/ - /ˈɛʀd/
[3/4] j-ˈɛ / ˈuː-∅ / ɾ-ʀ_d
[1/4] j-ˈɛ / ˈuː-∅ / ɾ-ʀ / ∅-d

-------------------

/jˈæj/ - /ˈɪχ/
[5/5] j-∅ / ˈæ-ˈɪ / j-χ

-------------------

/jˈɛlpə/ - /hˈɛlfn̩/
[4/4] j-h / ˈɛ-ˈɛ / l-l / p-f / ə-n

-------------------

/jˈɛm/ - /hˈɛɪ̯m/
[4/5] j-h / ˈɛ-ˈɛɪ̯ / m-m
[1/5] j-∅ / ∅-h / ˈɛ-ˈɛɪ̯ / m-m

-------------------

/jˈɛst/ - /ɡˈast/
[4/4] j-ɡ / ˈɛ-ˈa / s-s / t-t

-------------------

/jˈɛʈːə/ - /hˈaʀʦ/
[4/4] j-h / ˈɛ-ˈa / ∅-ʀ / ʈː-ʦ / ə-∅

-------------------

/kʰnˈeː/ - /knˈɪ/
[4/4] kʰ-k / n-n / ˈeː-ˈɪ

-------------------

/kʰˈuːne/ - /fʀˈɔɪ̯/
[2/3] kʰ-f / ˈuː-ʀ / n-∅ / e-ˈɔɪ̯
[1/3] kʰ-f / ˈuː-∅ / n-ʀ / e-ˈɔɪ̯

-------------------

/kʰˈɑlʋ/ - /kˈalb/
[2/5] kʰ-k / ˈɑ-ˈa / l_ʋ-l / ∅-b
[2/5] kʰ-k / ˈɑ-ˈa / l-l / ʋ-∅ / ∅-b
[1/5] kʰ-k / ˈɑ-ˈa / l-l / ʋ-b

-------------------

/kʰˈɑlː/ - /kˈalt/
[5/5] kʰ-k / ˈɑ-ˈa / lː-l / ∅-t

-------------------

/kʰˈɔmːə/ - /kˈʊmən/
[4/4] kʰ-k / ˈɔ-ˈʊ / mː-m / ə-ə / ∅-n

-------------------

/kʰˈʉnːə/ - /kˈɛnən/
[4/4] kʰ-k / ˈʉ-ˈɛ / nː-n / ə-ə / ∅-n

-------------------

/kʰˈʉː/ - /kˈʊ/
[2/2] kʰ-k / ˈʉː-ˈʊ

-------------------

/kʰˈʊŋə/ - /kˈɛnɪɡ/
[4/4] kʰ-k / ˈʊ-ˈɛ / ∅-n / ŋ-ɪ / ə-∅ / ∅-ɡ

-------------------

/lˈeːʋəɾ/ - /lˈɛbəʀ/
[3/4] l-l / ˈeː-ˈɛ / ʋ-∅ / ∅-b / ə-ə / ɾ-ʀ
[1/4] l-l / ˈeː-ˈɛ / ʋ-b / ə-ə / ɾ-ʀ

-------------------

/lˈyːs/ - /ʎˈɪχt/
[4/4] l-ʎ / ˈyː-ˈɪ / s-χ / ∅-t

-------------------

/lˈøːpə/ - /lˈɔɪ̯fn̩/
[5/5] l-l / ˈøː-ˈɔɪ̯ / p-f / ə-n

-------------------

/lˈɑmː/ - /lˈam/
[4/4] l-l / ˈɑ-ˈa / mː-m

-------------------

/lˈɑnː/ - /lˈand/
[3/4] l-l / ˈɑ-ˈa / nː-n / ∅-d
[1/4] l-l / ˈɑ-ˈa / nː-n_d

-------------------

/lˈɑŋː/ - /lˈaŋɡ/
[3/4] l-l / ˈɑ-ˈa / ŋː-ŋ / ∅-ɡ
[1/4] l-l / ˈɑ-ˈa / ŋː-ŋ_ɡ

-------------------

/lˈɛtː/ - /lˈaɪ̯χt/
[3/4] l-l / ˈɛ-ˈaɪ̯ / tː-χ_t
[1/4] l-l / ˈɛ-ˈaɪ̯ / ∅-χ / tː-t

-------------------

/lˈʉːs/ - /lˈɔɪ̯z/
[5/5] l-l / ˈʉː-ˈɔɪ̯ / s-z

-------------------

/mˈoːnə/ - /mˈɔnat/
[4/4] m-m / ˈoː-ˈɔ / n-n / ə-a / ∅-t

-------------------

/mˈuːɾ/ - /mˈʊtəʀ/
[3/4] m-m / ˈuː-ˈʊ_t / ∅-ə / ɾ-ʀ
[1/4] m-m / ˈuː-ˈʊ / ∅-t / ∅-ə / ɾ-ʀ

-------------------

/mˈæɪ̯/ - /mˈɪχ/
[4/4] m-m / ˈæɪ̯-ˈɪ / ∅-χ

-------------------

/mˈɑnː/ - /mˈan/
[5/5] m-m / ˈɑ-ˈa / nː-n

-------------------

/mˈɛlk/ - /mˈɪlχ/
[5/5] m-m / ˈɛ-ˈɪ / l-l / k-χ

-------------------

/mˈɛnː/ - /mˈɛnəʀ/
[5/5] m-m / ˈɛ-ˈɛ / nː-n / ∅-ə / ∅-ʀ

-------------------

/mˈɛnːəskə/ - /mˈɛnʧ/
[3/4] m-m / ˈɛ-ˈɛ / nː-n / ə-∅ / s-ʧ / k-∅ / ə-∅
[1/4] m-m / ˈɛ-ˈɛ / nː-n / ə-∅ / s_k-ʧ / ə-∅

-------------------

/mˈʉnː/ - /mˈɔɪ̯l/
[2/4] m-m / ∅-ˈɔɪ̯ / ˈʉ-l / nː-∅
[2/4] m-m / ˈʉ-ˈɔɪ̯ / nː-l

-------------------

/mˈʉːs/ - /mˈaɪ̯z/
[5/5] m-m / ˈʉː-ˈaɪ̯ / s-z

-------------------

/mˈʉːs/ - /mˈɔɪ̯z/
[4/4] m-m / ˈʉː-ˈɔɪ̯ / s-z

-------------------

/nˈeːsə/ - /nˈɔz/
[3/5] n-n / ˈeː-ˈɔ / s-z / ə-∅
[2/5] n-n / ˈeː-ˈɔ / s_ə-z

-------------------

/nˈiː/ - /nˈaɪ̯n/
[3/3] n-n / ˈiː-ˈaɪ̯ / ∅-n

-------------------

/nˈoːl/ - /nˈɔdl̩/
[4/4] n-n / ˈoː-ˈɔ / ∅-d / l-l

-------------------

/nˈyː/ - /nˈaɪ̯/
[4/4] n-n / ˈyː-ˈaɪ̯

-------------------

/nˈæɪ̯l/ - /nˈɔɡl̩/
[3/5] n-n / ˈæɪ̯-ˈɔ / ∅-ɡ / l-l
[2/5] n-n / ˈæɪ̯-ˈɔ / l-ɡ_l

-------------------

/nˈɑtː/ - /nˈaχt/
[3/5] n-n / ˈɑ-ˈa / tː-χ_t
[2/5] n-n / ˈɑ-ˈa / ∅-χ / tː-t

-------------------

/nˈɑʋn/ - /nˈɔmɛn/
[5/5] n-n / ˈɑ-ˈɔ / ∅-m / ʋ-ɛ / n-n

-------------------

/nˈɑːkən/ - /nˈakɛt/
[2/2] n-n / ˈɑː-ˈa / k-k / ə-∅ / n-ɛ / ∅-t

-------------------

/pʰlˈɪkt/ - /flˈɪχt/
[3/3] pʰ-f / l-l / ˈɪ-ˈɪ / k-χ / t-t

-------------------

/skˈɑɾp/ - /ʃˈaʀf/
[2/4] s_k-ʃ / ˈɑ-ˈa / ɾ-ʀ / p-f
[2/4] s-ʃ / k-∅ / ˈɑ-ˈa / ɾ-ʀ / p-f

-------------------

/slˈoː/ - /ʃlˈɔɡŋ̩/
[4/4] s-ʃ / l-l / ˈoː-ˈɔ / ∅-ɡ / ∅-ŋ

-------------------

/slˈɑŋːə/ - /ʃlˈaŋɡ/
[4/4] s-ʃ / l-l / ˈɑ-ˈa / ŋː-ŋ / ə-∅ / ∅-ɡ

-------------------

/snˈøː/ - /ʃnˈɛɪ̯/
[5/5] s-ʃ / n-n / ˈøː-ˈɛɪ̯

-------------------

/stjˈæːɳə/ - /ʃtˈɛʀən/
[3/4] s-ʃ / t-t / j-∅ / ˈæː-ˈɛ / ɳ-ʀ / ə-ə / ∅-n
[1/4] s-ʃ / t-t / j-ˈɛ / ∅-ʀ / ˈæː-ə / ɳ-n / ə-∅

-------------------

/stˈuːl/ - /ʃtˈʊl/
[4/4] s-ʃ / t-t / ˈuː-ˈʊ / l-l

-------------------

/stˈæɪ̯n/ - /ʃtˈɛɪ̯n/
[3/3] s-ʃ / t-t / ˈæɪ̯-ˈɛɪ̯ / n-n

-------------------

/stˈɔɾm/ - /ʃtˈʊʀɛm/
[3/5] s-ʃ / t-t / ˈɔ-ˈʊ / ɾ-ʀ_ɛ / m-m
[2/5] s-ʃ / t-t / ˈɔ-ˈʊ / ɾ-ʀ / ∅-ɛ / m-m

-------------------

/sʋˈœmːə/ - /ʃvˈɪmən/
[4/4] s-ʃ / ʋ-v / ˈœ-ˈɪ / mː-m / ə-ə / ∅-n

-------------------

/sʋˈɑʈ/ - /ʃvˈaʀʦ/
[4/4] s-ʃ / ʋ-v / ˈɑ-ˈa / ∅-ʀ / ʈ-ʦ

-------------------

/sʋˈɛːɾ/ - /ʃvˈɛʀd/
[3/4] s-ʃ / ʋ-v / ˈɛː-ˈɛ / ɾ-ʀ_d
[1/4] s-ʃ / ʋ-v / ˈɛː-ˈɛ / ɾ-ʀ / ∅-d

-------------------

/sˈeː/ - /zˈɛn/
[5/5] s-z / ˈeː-ˈɛ / ∅-n

-------------------

/sˈiːə/ - /zˈaɪ̯t/
[3/3] s-z / ˈiː-ˈaɪ̯ / ə-∅ / ∅-t

-------------------

/sˈoːʋə/ - /ʃlˈɔfn̩/
[3/3] s-ʃ / ∅-l / ˈoː-ˈɔ / ʋ-f / ə-n

-------------------

/sˈøːkə/ - /zˈʊχn̩/
[4/4] s-z / ˈøː-ˈʊ / k-χ / ə-n

-------------------

/sˈøːt/ - /zˈɪs/
[5/5] s-z / ˈøː-ˈɪ / t-s

-------------------

/sˈœn/ - /zˈʊn/
[3/3] s-z / ˈœ-ˈʊ / n-n

-------------------

/sˈœstəɾ/ - /ʃvˈɛstəʀ/
[5/5] s-ʃ / ∅-v / ˈœ-ˈɛ / s-s / t-t / ə-ə / ɾ-ʀ

-------------------

/sˈɑlt/ - /zˈalʦ/
[4/4] s-z / ˈɑ-ˈa / l-l / t-ʦ

-------------------

/sˈɑnː/ - /zˈamd/
[4/4] s-z / ˈɑ-ˈa / ∅-m / nː-d

-------------------

/sˈɛks/ - /zˈɛks/
[4/4] s-z / ˈɛ-ˈɛ / k-k / s-s

-------------------

/sˈɛlː/ - /zˈɛlb/
[2/4] s-z / ˈɛ-ˈɛ / lː-l_b
[2/4] s-z / ˈɛ-ˈɛ / lː-l / ∅-b

-------------------

/sˈɪtːə/ - /zˈɪʦn̩/
[3/3] s-z / ˈɪ-ˈɪ / tː-ʦ / ə-n

-------------------

/sˈʉːɡə/ - /zˈɔɪ̯ɡn̩/
[5/5] s-z / ˈʉː-ˈɔɪ̯ / ɡ-ɡ / ə-n

-------------------

/sˈʉːɾ/ - /zˈɔɪ̯əʀ/
[4/4] s-z / ˈʉː-ˈɔɪ̯ / ∅-ə / ɾ-ʀ

-------------------

/sˈʏŋːə/ - /zˈɪŋɡn̩/
[2/3] s-z / ˈʏ-ˈɪ / ŋː-ŋ_ɡ / ə-n
[1/3] s-z / ˈʏ-ˈɪ / ŋː-ŋ / ∅-ɡ / ə-n

-------------------

/tʰɾˈeː/ - /dʀˈaɪ̯/
[3/3] tʰ-d / ɾ-ʀ / ˈeː-ˈaɪ̯

-------------------

/tʰɾˈɛtːən/ - /dʀˈaɪ̯ʦn̩/
[4/4] tʰ-d / ɾ-ʀ / ˈɛ-ˈaɪ̯ / tː-ʦ / ə-∅ / n-n

-------------------

/tʰɾˈʏkːə/ - /dʀˈɪkn̩/
[4/4] tʰ-d / ɾ-ʀ / ˈʏ-ˈɪ / kː-k / ə-n

-------------------

/tʰˈiː/ - /ʦˈaɪ̯t/
[4/4] tʰ-ʦ / ˈiː-ˈaɪ̯ / ∅-t

-------------------

/tʰˈiː/ - /ʦˈɛn/
[5/5] tʰ-ʦ / ˈiː-ˈɛ / ∅-n

-------------------

/tʰˈuː/ - /ʦvˈɛɪ̯/
[3/4] tʰ-ʦ_v / ˈuː-ˈɛɪ̯
[1/4] tʰ-ʦ / ∅-v / ˈuː-ˈɛɪ̯

-------------------

/tʰˈuːɳ/ - /dˈɔʀn/
[2/3] tʰ-d / ˈuː-ˈɔ / ɳ-ʀ_n
[1/3] tʰ-d / ˈuː-ˈɔ / ∅-ʀ / ɳ-n

-------------------

/tʰˈɑkːə/ - /dˈaŋkən/
[3/5] tʰ-d / ˈɑ-ˈa / ∅-ŋ / kː-k / ə-ə / ∅-n
[2/5] tʰ-d / ˈɑ-ˈa / kː-ŋ_k / ə-ə / ∅-n

-------------------

/tʰˈɑnː/ - /ʦˈɔn/
[4/4] tʰ-ʦ / ˈɑ-ˈɔ / nː-n

-------------------

/tʰˈɔlː/ - /ʦvˈɛlf/
[3/5] tʰ-ʦ_v / ˈɔ-ˈɛ / lː-l / ∅-f
[2/5] tʰ-ʦ / ∅-v / ˈɔ-ˈɛ / lː-l / ∅-f

-------------------

/tʰˈʉŋːə/ - /ʦˈʊŋɡ/
[4/4] tʰ-ʦ / ˈʉ-ˈʊ / ŋː-ŋ / ə-∅ / ∅-ɡ

-------------------

/tʰˈʉːsən/ - /tˈɔɪ̯zn̩d/
[2/3] tʰ-t / ˈʉː-ˈɔɪ̯ / s_ə-z / n-n / ∅-d
[1/3] tʰ-t / ˈʉː-ˈɔɪ̯ / s-z / ə-∅ / n-n / ∅-d

-------------------

/tʰˈʏnː/ - /dˈɪn/
[4/4] tʰ-d / ˈʏ-ˈɪ / nː-n

-------------------

/tʰˈʏsk/ - /dˈaɪ̯tʃ/
[3/4] tʰ-d / ˈʏ-ˈaɪ̯ / ∅-t / s-ʃ / k-∅
[1/4] tʰ-d / ˈʏ-ˈaɪ̯ / ∅-t / s_k-ʃ

-------------------

/ɕˈæːɾ/ - /tˈaɪ̯əʀ/
[2/2] ɕ-t / ∅-ˈaɪ̯ / ˈæː-ə / ɾ-ʀ

-------------------

/ɕˈɪɾkə/ - /kˈɪʀχ/
[3/3] ɕ-k / ˈɪ-ˈɪ / ɾ-ʀ / k-χ / ə-∅

-------------------

/ɕˈʉkː/ - /dˈɪk/
[3/3] ɕ-d / ˈʉ-ˈɪ / kː-k

-------------------

/ɡɾˈœnː/ - /ɡʀˈɪn/
[3/3] ɡ-ɡ / ɾ-ʀ / ˈœ-ˈɪ / nː-n

-------------------

/ɡɾˈɛsː/ - /ɡʀˈɔz/
[4/4] ɡ-ɡ / ɾ-ʀ / ˈɛ-ˈɔ / sː-z

-------------------

/ɡˈoː/ - /ɡˈɛɪ̯n/
[4/4] ɡ-ɡ / ˈoː-ˈɛɪ̯ / ∅-n

-------------------

/ɡˈoːs/ - /ɡˈandz/
[4/4] ɡ-ɡ / ˈoː-ˈa / ∅-n / ∅-d / s-z

-------------------

/ɡˈuː/ - /ɡˈʊt/
[3/5] ɡ-ɡ / ˈuː-ˈʊ_t
[2/5] ɡ-ɡ / ˈuː-ˈʊ / ∅-t

-------------------

/ɡˈʉlː/ - /ɡˈɔld/
[3/4] ɡ-ɡ / ˈʉ-ˈɔ / lː-l_d
[1/4] ɡ-ɡ / ˈʉ-ˈɔ / lː-l / ∅-d

-------------------

/ɡˈʉːd/ - /ɡˈɔt/
[4/4] ɡ-ɡ / ˈʉː-ˈɔ / d-t

-------------------

/ɡˈʉːl/ - /ɡˈɛl/
[5/5] ɡ-ɡ / ˈʉː-ˈɛ / l-l

-------------------

/ɾˈiːk/ - /ʀˈaɪ̯χ/
[4/4] ɾ-ʀ / ˈiː-ˈaɪ̯ / k-χ

-------------------

/ɾˈæɪ̯n/ - /ʀˈɛɡn̩/
[2/3] ɾ-ʀ / ˈæɪ̯-ˈɛ_ɡ / n-n
[1/3] ɾ-ʀ / ˈæɪ̯-ˈɛ / ∅-ɡ / n-n

-------------------

/ɾˈøː/ - /ʀˈɔɪ̯t/
[2/4] ɾ-ʀ / ˈøː-ˈɔɪ̯_t
[2/4] ɾ-ʀ / ˈøː-ˈɔɪ̯ / ∅-t

-------------------

/ɾˈœʏ̯k/ - /ʀˈɔɪ̯χ/
[3/3] ɾ-ʀ / ˈœʏ̯-ˈɔɪ̯ / k-χ

-------------------

/ɾˈɛtː/ - /ʀˈɛχt/
[3/5] ɾ-ʀ / ˈɛ-ˈɛ / tː-χ_t
[2/5] ɾ-ʀ / ˈɛ-ˈɛ / ∅-χ / tː-t

-------------------

/ɾˈɪŋː/ - /ʀˈɪŋɡ/
[3/5] ɾ-ʀ / ˈɪ-ˈɪ / ŋː-ŋ / ∅-ɡ
[2/5] ɾ-ʀ / ˈɪ-ˈɪ / ŋː-ŋ_ɡ

-------------------

/ʂˈʉː/ - /zˈɪbn̩/
[4/4] ʂ-z / ˈʉː-ˈɪ / ∅-b / ∅-n

-------------------

/ʃˈiːp/ - /ʃˈɪf/
[4/4] ʃ-ʃ / ˈiː-ˈɪ / p-f

-------------------

/ʃˈyːtə/ - /ʃˈɪsn̩/
[4/4] ʃ-ʃ / ˈyː-ˈɪ / t-s / ə-n

-------------------

/ʃˈɔlː/ - /ʃˈɪld/
[3/5] ʃ-ʃ / ˈɔ-ˈɪ / lː-l_d
[2/5] ʃ-ʃ / ˈɔ-ˈɪ / lː-l / ∅-d

-------------------

/ʋˈiːt/ - /vˈaɪ̯s/
[3/3] ʋ-v / ˈiː-ˈaɪ̯ / t-s

-------------------

/ʋˈiːtə/ - /vˈɪsn̩/
[2/2] ʋ-v / ˈiː-ˈɪ / t-s / ə-n

-------------------

/ʋˈoːpən/ - /vˈɔfn̩/
[3/3] ʋ-v / ˈoː-ˈɔ / p-f / ə-∅ / n-n

-------------------

/ʋˈæɪ̯/ - /vˈɛɡ/
[2/4] ʋ-v / ˈæɪ̯-ˈɛ_ɡ
[2/4] ʋ-v / ˈæɪ̯-ˈɛ / ∅-ɡ

-------------------

/ʋˈæːɾ/ - /vˈɛtəʀ/
[3/5] ʋ-v / ˈæː-ˈɛ / ∅-t / ∅-ə / ɾ-ʀ
[2/5] ʋ-v / ∅-ˈɛ / ∅-t / ˈæː-ə / ɾ-ʀ

-------------------

/ʋˈɑ/ - /vˈɔs/
[4/4] ʋ-v / ˈɑ-ˈɔ / ∅-s

-------------------

/ʋˈɑnː/ - /vˈasəʀ/
[2/3] ʋ-v / ˈɑ-ˈa / nː-s / ∅-ə / ∅-ʀ
[1/3] ʋ-v / ˈɑ-ˈa / nː-∅ / ∅-s / ∅-ə / ∅-ʀ

-------------------

/ʋˈɑɾm/ - /vˈaʀɛm/
[3/4] ʋ-v / ˈɑ-ˈa / ɾ-ʀ_ɛ / m-m
[1/4] ʋ-v / ˈɑ-ˈa / ɾ-ʀ / ∅-ɛ / m-m

-------------------

/ʋˈɑːl/ - /vˈal/
[5/5] ʋ-v / ˈɑː-ˈa / l-l

-------------------

/ʋˈɪnː/ - /vˈɪnt/
[3/5] ʋ-v / ˈɪ-ˈɪ / nː-n_t
[2/5] ʋ-v / ˈɪ-ˈɪ / nː-n / ∅-t

-------------------

/ˈeːn/ - /ˈɛɪ̯n/
[5/5] ˈeː-ˈɛɪ̯ / n-n

-------------------

/ˈeːtə/ - /ˈɛsn̩/
[5/5] ˈeː-ˈɛ / t-s / ə-n

-------------------

/ˈiːs/ - /ˈaɪ̯z/
[2/2] ˈiː-ˈaɪ̯ / s-z

-------------------

/ˈoːɾ/ - /jˈɔʀ/
[5/5] ˈoː-j / ∅-ˈɔ / ɾ-ʀ

-------------------

/ˈoːʋəɾ/ - /ˈibəʀ/
[3/4] ˈoː-ˈi / ʋ-∅ / ∅-b / ə-ə / ɾ-ʀ
[1/4] ˈoː-ˈi / ʋ-b / ə-ə / ɾ-ʀ

-------------------

/ˈuːɾ/ - /vˈɔʀt/
[4/4] ∅-v / ˈuː-ˈɔ / ɾ-ʀ / ∅-t

-------------------

/ˈøːjə/ - /ˈɔɪ̯ɡ/
[5/5] ˈøː-ˈɔɪ̯ / j-ɡ / ə-∅

-------------------

/ˈøːɾə/ - /ˈɔɪ̯əʀ/
[3/4] ˈøː-ˈɔɪ̯ / ɾ_ə-ə / ∅-ʀ
[1/4] ˈøː-ˈɔɪ̯ / ɾ-∅ / ə-ə / ∅-ʀ

-------------------

/ˈœnskə/ - /vˈɪnʧn̩/
[2/3] ∅-v / ˈœ-ˈɪ / n-n / s-ʧ / k-∅ / ə-n
[1/3] ∅-v / ˈœ-ˈɪ / n-n / s_k-ʧ / ə-n

-------------------

/ˈɑlː/ - /ˈalə/
[4/4] ˈɑ-ˈa / lː-l / ∅-ə

-------------------

/ˈɑnːən/ - /ˈandəʀ/
[2/5] ˈɑ-ˈa / nː-n / ∅-d / ə-ə / n-∅ / ∅-ʀ
[2/5] ˈɑ-ˈa / nː-n / ∅-d / ə-ə / n-ʀ
[1/5] ˈɑ-ˈa / nː-n_d / ə-ə / n-ʀ

-------------------

/ˈɑskə/ - /ˈaʃ/
[2/4] ˈɑ-ˈa / s_k-ʃ / ə-∅
[2/4] ˈɑ-ˈa / s-ʃ / k-∅ / ə-∅

-------------------

/ˈɑɾm/ - /ˈɔʀəm/
[3/3] ˈɑ-ˈɔ / ɾ-ʀ / ∅-ə / m-m

-------------------

/ˈɑːpə/ - /ˈafə/
[3/3] ˈɑː-ˈa / p-f / ə-ə

-------------------

/ˈɔpː/ - /ˈɔɪ̯f/
[3/3] ˈɔ-ˈɔɪ̯ / pː-f

-------------------

/ˈɔsː/ - /ˈʊndz/
[4/5] ˈɔ-ˈʊ / ∅-n / ∅-d / sː-z
[1/5] ˈɔ-ˈʊ / ∅-n / sː-d / ∅-z

-------------------

/ˈɔtːə/ - /ˈaχt/
[3/3] ˈɔ-ˈa / tː-χ_t / ə-∅

-------------------

/ˈɔʋn/ - /ˈɔɪ̯vn̩/
[5/5] ˈɔ-ˈɔɪ̯ / ʋ-v / n-n

-------------------

/ˈɛlʋə/ - /ˈɛlf/
[3/5] ˈɛ-ˈɛ / l-l / ʋ-f / ə-∅
[2/5] ˈɛ-ˈɛ / l_ʋ-l / ə-∅ / ∅-f

-------------------

/ˈɛplə/ - /ˈɛpəl/
[4/4] ˈɛ-ˈɛ / p-p / ∅-ə / l-l / ə-∅

-------------------

/ˈɛɡː/ - /ˈɛk/
[4/4] ˈɛ-ˈɛ / ɡː-k

-------------------

/ˈɛɡː/ - /ˈɛɪ̯/
[5/5] ˈɛ-ˈɛɪ̯ / ɡː-∅

-------------------

/ˈʉlʋ/ - /vˈɔlf/
[3/4] ∅-v / ˈʉ-ˈɔ / l-l / ʋ-f
[1/4] ∅-v / ˈʉ-ˈɔ / l_ʋ-l / ∅-f

-------------------

/ˈʉlː/ - /vˈɔl/
[4/4] ∅-v / ˈʉ-ˈɔ / lː-l

-------------------

/ˈʉnːəɾ/ - /vˈʊndəʀ/
[2/2] ∅-v / ˈʉ-ˈʊ / nː-n / ∅-d / ə-ə / ɾ-ʀ

-------------------

/ˈʉnːəɾ/ - /ˈʊntəʀ/
[3/4] ˈʉ-ˈʊ / nː-n_t / ə-ə / ɾ-ʀ
[1/4] ˈʉ-ˈʊ / nː-n / ∅-t / ə-ə / ɾ-ʀ

-------------------

/ˈʉŋː/ - /jˈʊŋɡ/
[2/4] ˈʉ-j / ∅-ˈʊ / ŋː-ŋ / ∅-ɡ
[1/4] ∅-j / ˈʉ-ˈʊ / ŋː-ŋ_ɡ
[1/4] ˈʉ-j / ∅-ˈʊ / ŋː-ŋ_ɡ

-------------------

/ˈʉːkə/ - /vˈɔχ/
[5/5] ∅-v / ˈʉː-ˈɔ / k-χ / ə-∅

-------------------

/ˈʉːt/ - /ˈɔɪ̯s/
[5/5] ˈʉː-ˈɔɪ̯ / t-s

-------------------

/ˈʊɾm/ - /vˈɔʀəm/
[4/4] ∅-v / ˈʊ-ˈɔ / ɾ-ʀ / ∅-ə / m-m

-------------------

