/blˈoːma/ - /blˈuːmə/
b-b / l-l / ˈoː-ˈuː / m-m / a_#>-ə_#>
{0: [0], 1: [1], 2: [2], 3: [3], 4: [4]}
{0: [0], 1: [1], 2: [2], 3: [3], 4: [4]}
SCORE: 31.865

-------------------

/blˈoːθ/ - /blˈuːt/
b-b / l-l / ˈoː-ˈuː / θ-t
{0: [0], 1: [1], 2: [2], 3: [3]}
{0: [0], 1: [1], 2: [2], 3: [3]}
SCORE: 25.26

-------------------

/brˈoːθar/ - /bʁˈuːdɐ/
b-b / r-ʁ / ˈoː-ˈuː / θ-d / a_r-ɐ
{0: [0], 1: [1], 2: [2], 3: [3], 4: [4, 5]}
{0: [0], 1: [1], 2: [2], 3: [3], 4: [4]}
SCORE: 27.341

-------------------

/brˈusts/ - /bʁˈʊst/
b-b / r-ʁ / ˈu-ˈʊ / s_t-s_t / s_#>-#>
{0: [0], 1: [1], 2: [2], 3: [3, 4], 4: [5]}
{0: [0], 1: [1], 2: [2], 3: [3, 4], 4: None}
SCORE: 22.222

-------------------

/brˈɔθ/ - /bʁˈoːt/
b-b / r-ʁ / ∅-ˈoː / ˈɔ-∅ / θ-t
{0: [0], 1: [1], 2: None, 3: [2], 4: [3]}
{0: [0], 1: [1], 2: [2], 3: None, 4: [3]}
SCORE: 6.713

-------------------

/bˈasi/ - /bˈeːʁə/
b-b / ˈa-ˈeː / ∅-ʁ / s-∅ / i-∅ / #>-ə_#>
{0: [0], 1: [1], 2: None, 3: [2], 4: [3], 5: None}
{0: [0], 1: [1], 2: [2], 3: None, 4: None, 5: [3]}
SCORE: -2.312

-------------------

/bˈatiza/ - /bˈɛsɐ/
b-b / ˈa-ˈɛ / t-s / i-∅ / z-∅ / a-ɐ
{0: [0], 1: [1], 2: [2], 3: [3], 4: [4], 5: [5]}
{0: [0], 1: [1], 2: [2], 3: None, 4: None, 5: [3]}
SCORE: 8.829

-------------------

/bˈaɡms/ - /bˈaʊ̯m/
b-b / ∅-ˈaʊ̯ / ˈa-∅ / ɡ-∅ / m-m / s_#>-#>
{0: [0], 1: None, 2: [1], 3: [2], 4: [3], 5: [4]}
{0: [0], 1: [1], 2: None, 3: None, 4: [2], 5: None}
SCORE: -1.461

-------------------

/bˈindan/ - /bˈɪndn̩/
b-b / ˈi-ˈɪ / n-n / ∅-d / d-∅ / a_n-n
{0: [0], 1: [1], 2: [2], 3: None, 4: [3], 5: [4, 5]}
{0: [0], 1: [1], 2: [2], 3: [3], 4: None, 5: [4]}
SCORE: 10.663

-------------------

/bˈiðjan/ - /bˈɪtn̩/
b-b / ˈi-ˈɪ / ð-t / j-∅ / a_n-n
{0: [0], 1: [1], 2: [2], 3: [3], 4: [4, 5]}
{0: [0], 1: [1], 2: [2], 3: None, 4: [3]}
SCORE: 14.949

-------------------

/bˈiːtan/ - /bˈaɪ̯sn̩/
b-b / ˈiː-ˈaɪ̯ / t-s / a_n-n
{0: [0], 1: [1], 2: [2], 3: [3, 4]}
{0: [0], 1: [1], 2: [2], 3: [3]}
SCORE: 21.75

-------------------

/bˈɛra/ - /bˈɛːɐ/
b-b / ˈɛ-ˈɛː / r-ɐ / a_#>-#>
{0: [0], 1: [1], 2: [2], 3: [3]}
{0: [0], 1: [1], 2: [2], 3: None}
SCORE: 13.724

-------------------

/bˈɛrɡs/ - /bˈɛɐɡ̊/
b-b / ˈɛ-ˈɛ / r-ɐ / ɡ_s-ɡ̊
{0: [0], 1: [1], 2: [2], 3: [3, 4]}
{0: [0], 1: [1], 2: [2], 3: [3]}
SCORE: 22.577

-------------------

/drˈiŋkan/ - /tʰʁˈɪŋkn̩/
d-tʰ / r-ʁ / ˈi-ˈɪ / ŋ-ŋ / ∅-k / k-∅ / a_n-n
{0: [0], 1: [1], 2: [2], 3: [3], 4: None, 5: [4], 6: [5, 6]}
{0: [0], 1: [1], 2: [2], 3: [3], 4: [4], 5: None, 6: [5]}
SCORE: 16.495

-------------------

/drˈiːβan/ - /tʰʁˈaɪ̯bn̩/
d-tʰ / r-ʁ / ˈiː-ˈaɪ̯ / β_a-b / n-n
{0: [0], 1: [1], 2: [2], 3: [3, 4], 4: [5]}
{0: [0], 1: [1], 2: [2], 3: [3], 4: [4]}
SCORE: 24.146

-------------------

/dˈaxs/ - /tʰˈaːɡ̊/
d-tʰ / ˈa-ˈaː / x-ɡ̊ / s_#>-#>
{0: [0], 1: [1], 2: [2], 3: [3]}
{0: [0], 1: [1], 2: [2], 3: None}
SCORE: 19.085

-------------------

/dˈiu̯ps/ - /tʰˈiːf/
d-tʰ / ˈiu̯-ˈiː / p-f / s_#>-#>
{0: [0], 1: [1], 2: [2], 3: [3]}
{0: [0], 1: [1], 2: [2], 3: None}
SCORE: 17.819

-------------------

/dˈiu̯s/ - /tʰˈiːɐ/
d-tʰ / ˈiu̯-ˈiː / s-ɐ
{0: [0], 1: [1], 2: [2]}
{0: [0], 1: [1], 2: [2]}
SCORE: 11.89

-------------------

/dˈɔːhtar/ - /tʰˈɔxtɐ/
d-tʰ / ∅-ˈɔ / ˈɔː-∅ / h-x / t-t / a_r-ɐ
{0: [0], 1: None, 2: [1], 3: [2], 4: [3], 5: [4, 5]}
{0: [0], 1: [1], 2: None, 3: [2], 4: [3], 5: [4]}
SCORE: 7.999

-------------------

/dˈɔːθs/ - /tʰˈoːt/
d-tʰ / ˈɔː-ˈoː / θ_s-t
{0: [0], 1: [1], 2: [2, 3]}
{0: [0], 1: [1], 2: [2]}
SCORE: 16.939

-------------------

/dˈɔːθus/ - /tʰˈoːd̥/
d-tʰ / ˈɔː-ˈoː / θ-d̥ / u-∅ / s_#>-#>
{0: [0], 1: [1], 2: [2], 3: [3], 4: [4]}
{0: [0], 1: [1], 2: [2], 3: None, 4: None}
SCORE: 10.063

-------------------

/dˈɛːxs/ - /tʰˈaɪ̯ɡ̊/
d-tʰ / ˈɛː-ˈaɪ̯ / x-ɡ̊ / s_#>-#>
{0: [0], 1: [1], 2: [2], 3: [3]}
{0: [0], 1: [1], 2: [2], 3: None}
SCORE: 20.358

-------------------

/frˈijoːnds/ - /fʁˈɔʏ̯nd̥/
f-f / r_ˈi-ʁ / ∅-ˈɔʏ̯ / j-∅ / oː-∅ / n-n / d_s-d̥
{0: [0], 1: [1, 2], 2: None, 3: [3], 4: [4], 5: [5], 6: [6, 7]}
{0: [0], 1: [1], 2: [2], 3: None, 4: None, 5: [3], 6: [4]}
SCORE: 1.975

-------------------

/frˈiːs/ - /fʁˈaɪ̯/
f-f / r-ʁ / ˈiː-ˈaɪ̯ / s_#>-#>
{0: [0], 1: [1], 2: [2], 3: [3]}
{0: [0], 1: [1], 2: [2], 3: None}
SCORE: 15.51

-------------------

/fˈaðar/ - /fˈaːtɐ/
f-f / ˈa-ˈaː / ð-t / a_r-ɐ
{0: [0], 1: [1], 2: [2], 3: [3, 4]}
{0: [0], 1: [1], 2: [2], 3: [3]}
SCORE: 19.318

-------------------

/fˈimf/ - /fˈʏnf/
f-f / ˈi_m-ˈʏ / ∅-n / f-f
{0: [0], 1: [1, 2], 2: None, 3: [3]}
{0: [0], 1: [1], 2: [2], 3: [3]}
SCORE: 11.555

-------------------

/fˈinθan/ - /fˈɪndn̩/
f-f / ˈi-ˈɪ / n-n / θ-d / a_n-n
{0: [0], 1: [1], 2: [2], 3: [3], 4: [4, 5]}
{0: [0], 1: [1], 2: [2], 3: [3], 4: [4]}
SCORE: 24.869

-------------------

/fˈisks/ - /fˈɪʃ/
f-f / ˈi-ˈɪ / s_k-ʃ / s_#>-#>
{0: [0], 1: [1], 2: [2, 3], 3: [4]}
{0: [0], 1: [1], 2: [2], 3: None}
SCORE: 15.153

-------------------

/fˈiðwoːr/ - /fˈiːɐ/
f-f / ˈi-ˈiː / ð-∅ / w-∅ / oː-∅ / r-ɐ
{0: [0], 1: [1], 2: [2], 3: [3], 4: [4], 5: [5]}
{0: [0], 1: [1], 2: None, 3: None, 4: None, 5: [2]}
SCORE: -0.642

-------------------

/fˈiŋɡrs/ - /fˈɪŋɐ/
f-f / ˈi-ˈɪ / ŋ_ɡ-ŋ / r-ɐ / s_#>-#>
{0: [0], 1: [1], 2: [2, 3], 3: [4], 4: [5]}
{0: [0], 1: [1], 2: [2], 3: [3], 4: None}
SCORE: 19.58

-------------------

/fˈoːn/ - /fˈɔʏ̯ɐ/
f-f / ∅-ˈɔʏ̯ / ˈoː-∅ / n-ɐ
{0: [0], 1: None, 2: [1], 3: [2]}
{0: [0], 1: [1], 2: None, 3: [2]}
SCORE: -1.758

-------------------

/fˈoːtus/ - /fˈuːs/
f-f / ˈoː-ˈuː / t-s / u-∅ / s_#>-#>
{0: [0], 1: [1], 2: [2], 3: [3], 4: [4]}
{0: [0], 1: [1], 2: [2], 3: None, 4: None}
SCORE: 13.124

-------------------

/fˈulːs/ - /fˈɔl/
f-f / ˈu-ˈɔ / lː-l / s_#>-#>
{0: [0], 1: [1], 2: [2], 3: [3]}
{0: [0], 1: [1], 2: [2], 3: None}
SCORE: 16.412

-------------------

/fˈuɡls/ - /fˈoːɡl̩/
f-f / ˈu-ˈoː / ɡ-ɡ / l_s-l
{0: [0], 1: [1], 2: [2], 3: [3, 4]}
{0: [0], 1: [1], 2: [2], 3: [3]}
SCORE: 20.075

-------------------

/fˈɔːr/ - /fˈyːɐ/
f-f / ∅-ˈyː / ˈɔː-∅ / r-ɐ
{0: [0], 1: None, 2: [1], 3: [2]}
{0: [0], 1: [1], 2: None, 3: [2]}
SCORE: 3.069

-------------------

/hlˈahjan/ - /lˈaxn̩/
<#_h-<# / l-l / ˈa-ˈa / h-x / j-∅ / a_n-n
{0: [0], 1: [1], 2: [2], 3: [3], 4: [4], 5: [5, 6]}
{0: None, 1: [0], 2: [1], 3: [2], 4: None, 5: [3]}
SCORE: 9.545

-------------------

/hlˈɔːpan/ - /lˈaʊ̯fn̩/
<#_h-<# / l-l / ˈɔː-ˈaʊ̯ / p-f / a_n-n
{0: [0], 1: [1], 2: [2], 3: [3], 4: [4, 5]}
{0: None, 1: [0], 2: [1], 3: [2], 4: [3]}
SCORE: 18.274

-------------------

/hrˈiŋɡs/ - /ʁˈɪŋ/
<#_h-<# / r-ʁ / ˈi-ˈɪ / ŋ_ɡ-ŋ / s_#>-#>
{0: [0], 1: [1], 2: [2], 3: [3, 4], 4: [5]}
{0: None, 1: [0], 2: [1], 3: [2], 4: None}
SCORE: 11.96

-------------------

/hˈalbs/ - /hˈalb̥/
h-h / ˈa-ˈa / l-l / b-b̥ / s_#>-#>
{0: [0], 1: [1], 2: [2], 3: [3], 4: [4]}
{0: [0], 1: [1], 2: [2], 3: [3], 4: None}
SCORE: 19.556

-------------------

/hˈandus/ - /hˈand̥/
h-h / ˈa-ˈa / n-n / d_u-d̥ / s_#>-#>
{0: [0], 1: [1], 2: [2], 3: [3, 4], 4: [5]}
{0: [0], 1: [1], 2: [2], 3: [3], 4: None}
SCORE: 17.715

-------------------

/hˈataːn/ - /hˈasn̩/
h-h / ˈa-ˈa / t-s / aː-∅ / n-n
{0: [0], 1: [1], 2: [2], 3: [3], 4: [4]}
{0: [0], 1: [1], 2: [2], 3: None, 4: [3]}
SCORE: 17.539

-------------------

/hˈaβaːn/ - /hˈaːbn̩/
h-h / ˈa-ˈaː / β-b / aː-∅ / n-n
{0: [0], 1: [1], 2: [2], 3: [3], 4: [4]}
{0: [0], 1: [1], 2: [2], 3: None, 4: [3]}
SCORE: 16.168

-------------------

/hˈeːr/ - /hˈiːɐ/
h-h / ∅-ˈiː / ˈeː-∅ / r-ɐ
{0: [0], 1: None, 2: [1], 3: [2]}
{0: [0], 1: [1], 2: None, 3: [2]}
SCORE: 3.09

-------------------

/hˈilpan/ - /hˈɛlfn̩/
h-h / ˈi_l-ˈɛ_l / p-f / a_n-n
{0: [0], 1: [1, 2], 2: [3], 3: [4, 5]}
{0: [0], 1: [1, 2], 2: [3], 3: [4]}
SCORE: 25.837

-------------------

/hˈund/ - /hˈʊndɐt/
h-h / ˈu-ˈʊ / n-n / ∅-d / ∅-ɐ / d-t
{0: [0], 1: [1], 2: [2], 3: None, 4: None, 5: [3]}
{0: [0], 1: [1], 2: [2], 3: [3], 4: [4], 5: [5]}
SCORE: 11.819

-------------------

/hˈunds/ - /hˈʊnd̥/
h-h / ˈu-ˈʊ / n-n / d_s-d̥
{0: [0], 1: [1], 2: [2], 3: [3, 4]}
{0: [0], 1: [1], 2: [2], 3: [3]}
SCORE: 23.013

-------------------

/hˈuːhrus/ - /hˈʊŋɐ/
<#_h-<# / ˈuː-∅ / h-h / ∅-ˈʊ / ∅-ŋ / r_u-ɐ / s_#>-#>
{0: [0], 1: [1], 2: [2], 3: None, 4: None, 5: [3, 4], 6: [5]}
{0: None, 1: None, 2: [0], 3: [1], 4: [2], 5: [3], 6: None}
SCORE: -10.148

-------------------

/hˈuːs/ - /hˈaʊ̯z̥/
h-h / ˈuː-ˈaʊ̯ / s-z̥
{0: [0], 1: [1], 2: [2]}
{0: [0], 1: [1], 2: [2]}
SCORE: 14.058

-------------------

/hˈɔrn/ - /hˈɔɐn/
h-h / ˈɔ-ˈɔ / r-ɐ / n-n
{0: [0], 1: [1], 2: [2], 3: [3]}
{0: [0], 1: [1], 2: [2], 3: [3]}
SCORE: 20.328

-------------------

/hˈɔːhs/ - /hˈoːx/
h-h / ˈɔː-ˈoː / h-x / s_#>-#>
{0: [0], 1: [1], 2: [2], 3: [3]}
{0: [0], 1: [1], 2: [2], 3: None}
SCORE: 13.893

-------------------

/hˈɔːsjan/ - /hˈøːʁən/
h-h / ˈɔː-ˈøː / ∅-ʁ / s-∅ / j-∅ / a-ə / n-n
{0: [0], 1: [1], 2: None, 3: [2], 4: [3], 5: [4], 6: [5]}
{0: [0], 1: [1], 2: [2], 3: None, 4: None, 5: [3], 6: [4]}
SCORE: 9.152

-------------------

/hˈɔβiθ/ - /hˈaʊ̯pt/
h-h / ∅-ˈaʊ̯ / ˈɔ-∅ / β_i-p / θ-t
{0: [0], 1: None, 2: [1], 3: [2, 3], 4: [4]}
{0: [0], 1: [1], 2: None, 3: [2], 4: [3]}
SCORE: 4.549

-------------------

/hˈɛrtoː/ - /hˈɛɐʦ/
h-h / ˈɛ-ˈɛ / r-ɐ / t-ʦ / oː-∅
{0: [0], 1: [1], 2: [2], 3: [3], 4: [4]}
{0: [0], 1: [1], 2: [2], 3: [3], 4: None}
SCORE: 18.675

-------------------

/hˈɛːlaxs/ - /hˈaɪ̯lɪç/
h-h / ˈɛː-ˈaɪ̯ / l-l / ∅-ɪ / a-∅ / x-∅ / s-∅ / #>-ç_#>
{0: [0], 1: [1], 2: [2], 3: None, 4: [3], 5: [4], 6: [5], 7: None}
{0: [0], 1: [1], 2: [2], 3: [3], 4: None, 5: None, 6: None, 7: [4]}
SCORE: -2.043

-------------------

/hˈɛːms/ - /hˈaɪ̯m/
h-h / ˈɛː-ˈaɪ̯ / m-m / s_#>-#>
{0: [0], 1: [1], 2: [2], 3: [3]}
{0: [0], 1: [1], 2: [2], 3: None}
SCORE: 18.195

-------------------

/jˈeːr/ - /jˈaːɐ/
j-j / ˈeː-ˈaː / r-ɐ
{0: [0], 1: [1], 2: [2]}
{0: [0], 1: [1], 2: [2]}
SCORE: 20.439

-------------------

/jˈuŋɡs/ - /jˈʊŋ/
j-j / ˈu-ˈʊ / ŋ_ɡ-ŋ / s_#>-#>
{0: [0], 1: [1], 2: [2, 3], 3: [4]}
{0: [0], 1: [1], 2: [2], 3: None}
SCORE: 18.92

-------------------

/knˈiu̯/ - /kʰnˈiː/
<#_k-<#_kʰ / n-n / ˈiu̯-ˈiː
{0: [0], 1: [1], 2: [2]}
{0: [0], 1: [1], 2: [2]}
SCORE: 19.953

-------------------

/kʷˈiman/ - /kʰˈɔmən/
<#-<#_kʰ / kʷ-∅ / ˈi-ˈɔ / m-m / a-ə / n-n
{0: None, 1: [0], 2: [1], 3: [2], 4: [3], 5: [4]}
{0: [0], 1: None, 2: [1], 3: [2], 4: [3], 5: [4]}
SCORE: 14.819

-------------------

/kˈalboː/ - /kʰˈalb̥/
<#_k-<#_kʰ / ˈa-ˈa / l-l / b-b̥ / oː-∅
{0: [0], 1: [1], 2: [2], 3: [3], 4: [4]}
{0: [0], 1: [1], 2: [2], 3: [3], 4: None}
SCORE: 18.259

-------------------

/kˈalds/ - /kʰˈalt/
<#_k-<#_kʰ / ˈa-ˈa / l-l / d-t / s_#>-#>
{0: [0], 1: [1], 2: [2], 3: [3], 4: [4]}
{0: [0], 1: [1], 2: [2], 3: [3], 4: None}
SCORE: 19.875

-------------------

/kˈanːjan/ - /kʰˈɛnən/
<#_k-<#_kʰ / ˈa-ˈɛ / nː-n / j-∅ / a-ə / n-n
{0: [0], 1: [1], 2: [2], 3: [3], 4: [4], 5: [5]}
{0: [0], 1: [1], 2: [2], 3: None, 4: [3], 5: [4]}
SCORE: 18.807

-------------------

/kˈunːan/ - /kʰˈœnən/
<#_k-<#_kʰ / ∅-ˈœ / ˈu-∅ / nː-n / a-ə / n-n
{0: [0], 1: None, 2: [1], 3: [2], 4: [3], 5: [4]}
{0: [0], 1: [1], 2: None, 3: [2], 4: [3], 5: [4]}
SCORE: 12.081

-------------------

/kˈɔrn/ - /kʰˈɔɐn/
<#_k-<#_kʰ / ˈɔ-ˈɔ / r-ɐ / n-n
{0: [0], 1: [1], 2: [2], 3: [3]}
{0: [0], 1: [1], 2: [2], 3: [3]}
SCORE: 21.19

-------------------

/lˈamb/ - /lˈam/
<#_l-<#_l / ˈa-ˈa / m-m / b-∅
{0: [0], 1: [1], 2: [2], 3: [3]}
{0: [0], 1: [1], 2: [2], 3: None}
SCORE: 15.718

-------------------

/lˈant/ - /lˈand̥/
<#_l-<#_l / ˈa-ˈa / n-n / ∅-d̥ / t-∅
{0: [0], 1: [1], 2: [2], 3: None, 4: [3]}
{0: [0], 1: [1], 2: [2], 3: [3], 4: None}
SCORE: 8.78

-------------------

/lˈaŋɡs/ - /lˈaŋ/
<#_l-<#_l / ˈa-ˈa / ŋ_ɡ-ŋ / s_#>-#>
{0: [0], 1: [1], 2: [2, 3], 3: [4]}
{0: [0], 1: [1], 2: [2], 3: None}
SCORE: 16.687

-------------------

/lˈiu̯fs/ - /lˈiːb̥/
<#_l-<#_l / ˈiu̯-ˈiː / f_s-b̥
{0: [0], 1: [1], 2: [2, 3]}
{0: [0], 1: [1], 2: [2]}
SCORE: 20.94

-------------------

/lˈiu̯ɣan/ - /lˈyːɡn̩/
<#_l-<#_l / ∅-ˈyː / ˈiu̯-∅ / ɣ-ɡ / a_n-n
{0: [0], 1: None, 2: [1], 3: [2], 4: [3, 4]}
{0: [0], 1: [1], 2: None, 3: [2], 4: [3]}
SCORE: 5.395

-------------------

/lˈiɣan/ - /lˈiːɡn̩/
<#_l-<#_l / ˈi-ˈiː / ɣ-ɡ / a_n-n
{0: [0], 1: [1], 2: [2], 3: [3, 4]}
{0: [0], 1: [1], 2: [2], 3: [3]}
SCORE: 16.684

-------------------

/lˈɔːfs/ - /lˈaʊ̯b̥/
<#_l-<#_l / ˈɔː-ˈaʊ̯ / f_s-b̥
{0: [0], 1: [1], 2: [2, 3]}
{0: [0], 1: [1], 2: [2]}
SCORE: 20.502

-------------------

/mˈans/ - /mˈɛnɐ/
m-m / ˈa-ˈɛ / n-n / s-ɐ
{0: [0], 1: [1], 2: [2], 3: [3]}
{0: [0], 1: [1], 2: [2], 3: [3]}
SCORE: 12.227

-------------------

/mˈanːa/ - /mˈan/
m-m / ˈa-ˈa / nː-n / a_#>-#>
{0: [0], 1: [1], 2: [2], 3: [3]}
{0: [0], 1: [1], 2: [2], 3: None}
SCORE: 16.616

-------------------

/mˈanːisks/ - /mˈɛnʃ/
m-m / ˈa-ˈɛ / nː-n / i-∅ / s_k-ʃ / s_#>-#>
{0: [0], 1: [1], 2: [2], 3: [3], 4: [4, 5], 5: [6]}
{0: [0], 1: [1], 2: [2], 3: None, 4: [3], 5: None}
SCORE: 11.45

-------------------

/mˈariː/ - /mˈeːɐ/
m-m / ˈa-ˈeː / r-ɐ / iː-∅
{0: [0], 1: [1], 2: [2], 3: [3]}
{0: [0], 1: [1], 2: [2], 3: None}
SCORE: 10.645

-------------------

/mˈeːna/ - /mˈoːnd̥/
m-m / ˈeː-ˈoː / n-n / ∅-d̥ / a_#>-#>
{0: [0], 1: [1], 2: [2], 3: None, 4: [3]}
{0: [0], 1: [1], 2: [2], 3: [3], 4: None}
SCORE: 10.303

-------------------

/mˈeːnoːθs/ - /mˈoːnat/
m-m / ˈeː-ˈoː / n-n / oː-a / θ_s-t
{0: [0], 1: [1], 2: [2], 3: [3], 4: [4, 5]}
{0: [0], 1: [1], 2: [2], 3: [3], 4: [4]}
SCORE: 22.769

-------------------

/mˈik/ - /mˈɪç/
m-m / ˈi-ˈɪ / k-ç
{0: [0], 1: [1], 2: [2]}
{0: [0], 1: [1], 2: [2]}
SCORE: 19.908

-------------------

/mˈiluks/ - /mˈɪlç/
m-m / ˈi-ˈɪ / l-l / u-∅ / k-ç / s_#>-#>
{0: [0], 1: [1], 2: [2], 3: [3], 4: [4], 5: [5]}
{0: [0], 1: [1], 2: [2], 3: None, 4: [3], 5: None}
SCORE: 16.685

-------------------

/mˈis/ - /mˈiːɐ/
m-m / ˈi-ˈiː / s-ɐ
{0: [0], 1: [1], 2: [2]}
{0: [0], 1: [1], 2: [2]}
SCORE: 8.045

-------------------

/mˈunθs/ - /mˈʊnd̥/
m-m / ˈu-ˈʊ / n-n / θ-d̥ / s_#>-#>
{0: [0], 1: [1], 2: [2], 3: [3], 4: [4]}
{0: [0], 1: [1], 2: [2], 3: [3], 4: None}
SCORE: 19.048

-------------------

/nˈahts/ - /nˈaxt/
<#_n-<#_n / ˈa-ˈa / h-x / t-t / s_#>-#>
{0: [0], 1: [1], 2: [2], 3: [3], 4: [4]}
{0: [0], 1: [1], 2: [2], 3: [3], 4: None}
SCORE: 18.052

-------------------

/nˈamoː/ - /nˈaːmə/
<#_n-<#_n / ˈa-ˈaː / m-m / oː-ə
{0: [0], 1: [1], 2: [2], 3: [3]}
{0: [0], 1: [1], 2: [2], 3: [3]}
SCORE: 24.902

-------------------

/nˈaɡls/ - /nˈaːɡl̩/
<#_n-<#_n / ˈa-ˈaː / ɡ-ɡ / l_s-l
{0: [0], 1: [1], 2: [2], 3: [3, 4]}
{0: [0], 1: [1], 2: [2], 3: [3]}
SCORE: 22.63

-------------------

/nˈeːθla/ - /nˈaːdl̩/
<#_n-<#_n / ˈeː-ˈaː / θ-d / l-l / a_#>-#>
{0: [0], 1: [1], 2: [2], 3: [3], 4: [4]}
{0: [0], 1: [1], 2: [2], 3: [3], 4: None}
SCORE: 23.75

-------------------

/nˈiu̯jis/ - /nˈɔʏ̯/
<#_n-<#_n / ˈiu̯-ˈɔʏ̯ / j-∅ / i-∅ / s_#>-#>
{0: [0], 1: [1], 2: [2], 3: [3], 4: [4]}
{0: [0], 1: [1], 2: None, 3: None, 4: None}
SCORE: 3.74

-------------------

/nˈiu̯n/ - /nˈɔʏ̯n/
<#_n-<#_n / ˈiu̯-ˈɔʏ̯ / n-n
{0: [0], 1: [1], 2: [2]}
{0: [0], 1: [1], 2: [2]}
SCORE: 20.327

-------------------

/rˈiɡn/ - /ʁˈeːɡn̩/
<#_r-<#_ʁ / ˈi-ˈeː / ɡ-ɡ / n-n
{0: [0], 1: [1], 2: [2], 3: [3]}
{0: [0], 1: [1], 2: [2], 3: [3]}
SCORE: 22.407

-------------------

/rˈiːkiːs/ - /ʁˈaɪ̯ç/
<#_r-<#_ʁ / ˈiː-ˈaɪ̯ / k-ç / iː-∅ / s_#>-#>
{0: [0], 1: [1], 2: [2], 3: [3], 4: [4]}
{0: [0], 1: [1], 2: [2], 3: None, 4: None}
SCORE: 11.896

-------------------

/rˈɔθs/ - /ʁˈoːt/
<#_r-<#_ʁ / ∅-ˈoː / ˈɔ-∅ / θ_s-t
{0: [0], 1: None, 2: [1], 3: [2, 3]}
{0: [0], 1: [1], 2: None, 3: [2]}
SCORE: 0.976

-------------------

/rˈɛhts/ - /ʁˈɛçt/
<#_r-<#_ʁ / ˈɛ-ˈɛ / ∅-ç / h_t-t / s_#>-#>
{0: [0], 1: [1], 2: None, 3: [2, 3], 4: [4]}
{0: [0], 1: [1], 2: [2], 3: [3], 4: None}
SCORE: 8.045

-------------------

/skˈarps/ - /ʃˈaɐf/
s_k-ʃ / ˈa-ˈa / r-ɐ / p-f / s_#>-#>
{0: [0, 1], 1: [2], 2: [3], 3: [4], 4: [5]}
{0: [0], 1: [1], 2: [2], 3: [3], 4: None}
SCORE: 17.683

-------------------

/skˈildus/ - /ʃˈɪld̥/
s_k-ʃ / ˈi-ˈɪ / l-l / d_u-d̥ / s_#>-#>
{0: [0, 1], 1: [2], 2: [3], 3: [4, 5], 4: [6]}
{0: [0], 1: [1], 2: [2], 3: [3], 4: None}
SCORE: 16.976

-------------------

/skˈip/ - /ʃˈɪf/
s_k-ʃ / ˈi-ˈɪ / p-f
{0: [0, 1], 1: [2], 2: [3]}
{0: [0], 1: [1], 2: [2]}
SCORE: 17.8

-------------------

/skˈoːhs/ - /ʃˈuː/
s_k-ʃ / ˈoː-ˈuː / h-∅ / s_#>-#>
{0: [0, 1], 1: [2], 2: [3], 3: [4]}
{0: [0], 1: [1], 2: None, 3: None}
SCORE: 7.038

-------------------

/skˈɔːns/ - /ʃˈøːn/
s_k-ʃ / ˈɔː-ˈøː / n-n / s_#>-#>
{0: [0, 1], 1: [2], 2: [3], 3: [4]}
{0: [0], 1: [1], 2: [2], 3: None}
SCORE: 15.72

-------------------

/slˈahan/ - /ʃlˈaːɡn̩/
s_l-ʃ_l / ˈa-ˈaː / h-∅ / a-ɡ / n-n
{0: [0, 1], 1: [2], 2: [3], 3: [4], 4: [5]}
{0: [0, 1], 1: [2], 2: None, 3: [3], 4: [4]}
SCORE: 15.8

-------------------

/slˈeːpan/ - /ʃlˈaːfn̩/
s_l-ʃ_l / ˈeː-ˈaː / p-f / a_n-n
{0: [0, 1], 1: [2], 2: [3], 3: [4, 5]}
{0: [0, 1], 1: [2], 2: [3], 3: [4]}
SCORE: 26.482

-------------------

/snˈɛːws/ - /ʃnˈeː/
s-ʃ / n-n / ˈɛː_w-ˈeː / s_#>-#>
{0: [0], 1: [1], 2: [2, 3], 3: [4]}
{0: [0], 1: [1], 2: [2], 3: None}
SCORE: 9.419

-------------------

/stˈoːls/ - /ʃtˈuːl/
s-ʃ / t-t / ˈoː-ˈuː / l_s-l
{0: [0], 1: [1], 2: [2], 3: [3, 4]}
{0: [0], 1: [1], 2: [2], 3: [3]}
SCORE: 20.781

-------------------

/stˈɛrnoː/ - /ʃtˈɛɐn/
s-ʃ / t-t / ˈɛ-ˈɛ / r-ɐ / n-n / oː-∅
{0: [0], 1: [1], 2: [2], 3: [3], 4: [4], 5: [5]}
{0: [0], 1: [1], 2: [2], 3: [3], 4: [4], 5: None}
SCORE: 19.465

-------------------

/stˈɛːns/ - /ʃtˈaɪ̯n/
s-ʃ / t-t / ˈɛː-ˈaɪ̯ / n-n / s_#>-#>
{0: [0], 1: [1], 2: [2], 3: [3], 4: [4]}
{0: [0], 1: [1], 2: [2], 3: [3], 4: None}
SCORE: 18.023

-------------------

/swˈarts/ - /ʃvˈaɐʦ/
s-ʃ / w-v / ˈa-ˈa / r-ɐ / t-ʦ / s_#>-#>
{0: [0], 1: [1], 2: [2], 3: [3], 4: [4], 5: [5]}
{0: [0], 1: [1], 2: [2], 3: [3], 4: [4], 5: None}
SCORE: 19.952

-------------------

/swˈistar/ - /ʃvˈɛstɐ/
s-ʃ / w-v / ˈi-ˈɛ / s_t-s_t / a_r-ɐ
{0: [0], 1: [1], 2: [2], 3: [3, 4], 4: [5, 6]}
{0: [0], 1: [1], 2: [2], 3: [3, 4], 4: [5]}
SCORE: 21.344

-------------------

/swˈiːn/ - /ʃvˈaɪ̯n/
s-ʃ / w-v / ˈiː-ˈaɪ̯ / n-n
{0: [0], 1: [1], 2: [2], 3: [3]}
{0: [0], 1: [1], 2: [2], 3: [3]}
SCORE: 19.738

-------------------

/sˈalt/ - /zˈalʦ/
<#_s-<#_z / ˈa-ˈa / l-l / t-ʦ
{0: [0], 1: [1], 2: [2], 3: [3]}
{0: [0], 1: [1], 2: [2], 3: [3]}
SCORE: 23.402

-------------------

/sˈilβa/ - /zˈɛlbɐ/
<#_s-<#_z / ˈi_l-ˈɛ_l / β-b / a-ɐ
{0: [0], 1: [1, 2], 2: [3], 3: [4]}
{0: [0], 1: [1, 2], 2: [3], 3: [4]}
SCORE: 24.688

-------------------

/sˈitan/ - /zˈɪʦn̩/
<#_s-<#_z / ˈi-ˈɪ / t-ʦ / a_n-n
{0: [0], 1: [1], 2: [2], 3: [3, 4]}
{0: [0], 1: [1], 2: [2], 3: [3]}
SCORE: 20.458

-------------------

/sˈiu̯ks/ - /zˈiːç/
<#_s-<#_z / ˈiu̯-ˈiː / k-ç / s_#>-#>
{0: [0], 1: [1], 2: [2], 3: [3]}
{0: [0], 1: [1], 2: [2], 3: None}
SCORE: 16.29

-------------------

/sˈiŋɡʷan/ - /zˈɪŋən/
<#_s-<#_z / ˈi-ˈɪ / ŋ-ŋ / ɡʷ-ə / a_n-n
{0: [0], 1: [1], 2: [2], 3: [3], 4: [4, 5]}
{0: [0], 1: [1], 2: [2], 3: [3], 4: [4]}
SCORE: 24.6

-------------------

/sˈiβun/ - /zˈiːbn̩/
<#_s-<#_z / ˈi-ˈiː / β-b / u-∅ / n-n
{0: [0], 1: [1], 2: [2], 3: [3], 4: [4]}
{0: [0], 1: [1], 2: [2], 3: None, 4: [3]}
SCORE: 12.892

-------------------

/sˈoːkjan/ - /zˈuːxn̩/
<#_s-<#_z / ˈoː-ˈuː / ∅-x / k-∅ / j-∅ / a_n-n
{0: [0], 1: [1], 2: None, 3: [2], 4: [3], 5: [4, 5]}
{0: [0], 1: [1], 2: [2], 3: None, 4: None, 5: [3]}
SCORE: 2.619

-------------------

/sˈunus/ - /zˈoːn/
<#_s-<#_z / ˈu-ˈoː / n-n / u-∅ / s_#>-#>
{0: [0], 1: [1], 2: [2], 3: [3], 4: [4]}
{0: [0], 1: [1], 2: [2], 3: None, 4: None}
SCORE: 7.991

-------------------

/sˈɛhs/ - /zˈɛks/
<#_s-<#_z / ˈɛ-ˈɛ / ∅-k / h-∅ / s-s
{0: [0], 1: [1], 2: None, 3: [2], 4: [3]}
{0: [0], 1: [1], 2: [2], 3: None, 4: [3]}
SCORE: 6.882

-------------------

/sˈɛʍan/ - /zˈeːən/
<#_s-<#_z / ∅-ˈeː / ˈɛ-∅ / ʍ-∅ / a-ə / n-n
{0: [0], 1: None, 2: [1], 3: [2], 4: [3], 5: [4]}
{0: [0], 1: [1], 2: None, 3: None, 4: [2], 5: [3]}
SCORE: 1.931

-------------------

/sˈɛːws/ - /zˈeː/
<#_s-<#_z / ˈɛː_w-ˈeː / s_#>-#>
{0: [0], 1: [1, 2], 2: [3]}
{0: [0], 1: [1], 2: None}
SCORE: 7.19

-------------------

/twˈalif/ - /ʦvˈœlf/
<#_t-<#_ʦ / w-v / ∅-ˈœ / ˈa-∅ / l-l / i-∅ / f-f
{0: [0], 1: [1], 2: None, 3: [2], 4: [3], 5: [4], 6: [5]}
{0: [0], 1: [1], 2: [2], 3: None, 4: [3], 5: None, 6: [4]}
SCORE: 8.217

-------------------

/twˈɛː/ - /ʦvˈaɪ̯/
<#_t-<#_ʦ / w-v / ˈɛː-ˈaɪ̯
{0: [0], 1: [1], 2: [2]}
{0: [0], 1: [1], 2: [2]}
SCORE: 18.896

-------------------

/tˈuŋɡoː/ - /ʦˈʊŋə/
<#_t-<#_ʦ / ˈu-ˈʊ / ŋ-ŋ / ɡ_oː-ə
{0: [0], 1: [1], 2: [2], 3: [3, 4]}
{0: [0], 1: [1], 2: [2], 3: [3]}
SCORE: 25.053

-------------------

/tˈɛhun/ - /ʦˈeːn/
<#_t-<#_ʦ / ∅-ˈeː / ˈɛ-∅ / h-∅ / u-∅ / n-n
{0: [0], 1: None, 2: [1], 3: [2], 4: [3], 5: [4]}
{0: [0], 1: [1], 2: None, 3: None, 4: None, 5: [2]}
SCORE: -5.145

-------------------

/tˈɛːkns/ - /ʦˈaɪ̯çn̩/
<#_t-<#_ʦ / ˈɛː-ˈaɪ̯ / k-ç / n-n / s_#>-#>
{0: [0], 1: [1], 2: [2], 3: [3], 4: [4]}
{0: [0], 1: [1], 2: [2], 3: [3], 4: None}
SCORE: 21.637

-------------------

/wˈatoː/ - /vˈasɐ/
w-v / ˈa-ˈa / t-s / oː-ɐ
{0: [0], 1: [1], 2: [2], 3: [3]}
{0: [0], 1: [1], 2: [2], 3: [3]}
SCORE: 17.835

-------------------

/wˈeːpn/ - /vˈafə/
w-v_ˈa / ˈeː-∅ / p-f / n-∅ / #>-ə_#>
{0: [0], 1: [1], 2: [2], 3: [3], 4: None}
{0: [0, 1], 1: None, 2: [2], 3: None, 4: [3]}
SCORE: -0.064

-------------------

/wˈikoː/ - /vˈɔxə/
w-v / ˈi-ˈɔ / ∅-x / k-∅ / oː-ə
{0: [0], 1: [1], 2: None, 3: [2], 4: [3]}
{0: [0], 1: [1], 2: [2], 3: None, 4: [3]}
SCORE: 3.218

-------------------

/wˈilθiːs/ - /vˈɪld̥/
w-v / ˈi-ˈɪ / l-l / θ-d̥ / iː-∅ / s_#>-#>
{0: [0], 1: [1], 2: [2], 3: [3], 4: [4], 5: [5]}
{0: [0], 1: [1], 2: [2], 3: [3], 4: None, 5: None}
SCORE: 11.2

-------------------

/wˈinds/ - /vˈɪnd̥/
w-v / ˈi-ˈɪ / n-n / d_s-d̥
{0: [0], 1: [1], 2: [2], 3: [3, 4]}
{0: [0], 1: [1], 2: [2], 3: [3]}
SCORE: 19.957

-------------------

/wˈintrus/ - /vˈɪntɐ/
w-v / ˈi-ˈɪ / n-n / t-t / r_u-ɐ / s_#>-#>
{0: [0], 1: [1], 2: [2], 3: [3], 4: [4, 5], 5: [6]}
{0: [0], 1: [1], 2: [2], 3: [3], 4: [4], 5: None}
SCORE: 17.153

-------------------

/wˈitan/ - /vˈɪsn̩/
w-v / ˈi-ˈɪ / t-s / a_n-n
{0: [0], 1: [1], 2: [2], 3: [3, 4]}
{0: [0], 1: [1], 2: [2], 3: [3]}
SCORE: 17.94

-------------------

/wˈiɡs/ - /vˈeːɡ̊/
w-v / ˈi-ˈeː / ɡ_s-ɡ̊
{0: [0], 1: [1], 2: [2, 3]}
{0: [0], 1: [1], 2: [2]}
SCORE: 14.023

-------------------

/wˈiːn/ - /vˈaɪ̯n/
w-v / ˈiː-ˈaɪ̯ / n-n
{0: [0], 1: [1], 2: [2]}
{0: [0], 1: [1], 2: [2]}
SCORE: 16.779

-------------------

/wˈiːs/ - /vˈiːɐ/
w-v / ∅-ˈiː / ˈiː-∅ / s-ɐ
{0: [0], 1: None, 2: [1], 3: [2]}
{0: [0], 1: [1], 2: None, 3: [2]}
SCORE: -6.435

-------------------

/wˈulfs/ - /vˈɔlf/
w-v / ˈu-ˈɔ / l-l / f-f / s_#>-#>
{0: [0], 1: [1], 2: [2], 3: [3], 4: [4]}
{0: [0], 1: [1], 2: [2], 3: [3], 4: None}
SCORE: 18.921

-------------------

/wˈulːa/ - /vˈɔlə/
w-v / ˈu-ˈɔ / lː-l / a_#>-ə_#>
{0: [0], 1: [1], 2: [2], 3: [3]}
{0: [0], 1: [1], 2: [2], 3: [3]}
SCORE: 20.874

-------------------

/wˈɔrms/ - /vˈʊɐm/
w-v / ˈɔ-ˈʊ / r-ɐ / m-m / s_#>-#>
{0: [0], 1: [1], 2: [2], 3: [3], 4: [4]}
{0: [0], 1: [1], 2: [2], 3: [3], 4: None}
SCORE: 16.575

-------------------

/wˈɔrt/ - /vˈɔɐt/
w-v / ˈɔ-ˈɔ / r-ɐ / t-t
{0: [0], 1: [1], 2: [2], 3: [3]}
{0: [0], 1: [1], 2: [2], 3: [3]}
SCORE: 17.881

-------------------

/ɡˈans/ - /ɡˈanz̥/
<#_ɡ-<#_ɡ / ˈa-ˈa / n-n / s-z̥
{0: [0], 1: [1], 2: [2], 3: [3]}
{0: [0], 1: [1], 2: [2], 3: [3]}
SCORE: 21.351

-------------------

/ɡˈaŋɡan/ - /ɡˈeːən/
<#_ɡ-<#_ɡ / ˈa-ˈeː / ŋ-∅ / ɡ-∅ / a-ə / n-n
{0: [0], 1: [1], 2: [2], 3: [3], 4: [4], 5: [5]}
{0: [0], 1: [1], 2: None, 3: None, 4: [2], 5: [3]}
SCORE: 10.255

-------------------

/ɡˈiβan/ - /ɡˈeːbn̩/
<#_ɡ-<#_ɡ / ˈi-ˈeː / β_a-b / n-n
{0: [0], 1: [1], 2: [2, 3], 3: [4]}
{0: [0], 1: [1], 2: [2], 3: [3]}
SCORE: 19.718

-------------------

/ɡˈoːθs/ - /ɡˈuːt/
<#_ɡ-<#_ɡ / ˈoː-ˈuː / θ_s-t
{0: [0], 1: [1], 2: [2, 3]}
{0: [0], 1: [1], 2: [2]}
SCORE: 18.759

-------------------

/ɡˈulθ/ - /ɡˈɔld̥/
<#_ɡ-<#_ɡ / ˈu-ˈɔ / l-l / θ-d̥
{0: [0], 1: [1], 2: [2], 3: [3]}
{0: [0], 1: [1], 2: [2], 3: [3]}
SCORE: 22.215

-------------------

/ɡˈuθ/ - /ɡˈɔt/
<#_ɡ-<#_ɡ / ˈu-ˈɔ / θ-t
{0: [0], 1: [1], 2: [2]}
{0: [0], 1: [1], 2: [2]}
SCORE: 18.769

-------------------

/ɡˈɛːts/ - /ɡˈaɪ̯s/
<#_ɡ-<#_ɡ / ˈɛː-ˈaɪ̯ / t_s-s
{0: [0], 1: [1], 2: [2, 3]}
{0: [0], 1: [1], 2: [2]}
SCORE: 17.912

-------------------

/ʍˈa/ - /vˈas/
ʍ-v / ˈa-ˈa_s
{0: [0], 1: [1]}
{0: [0], 1: [1, 2]}
SCORE: 7.718

-------------------

/ʍˈiːts/ - /vˈaɪ̯s/
ʍ-v / ˈiː-ˈaɪ̯ / t_s-s
{0: [0], 1: [1], 2: [2, 3]}
{0: [0], 1: [1], 2: [2]}
SCORE: 14.561

-------------------

/ˈahtɔː/ - /ˈaxt/
<#_ˈa-<#_ˈa / h-x / t-t / ɔː-∅
{0: [0], 1: [1], 2: [2], 3: [3]}
{0: [0], 1: [1], 2: [2], 3: None}
SCORE: 10.913

-------------------

/ˈalːs/ - /ˈal/
<#_ˈa-<#_ˈa / lː-l / s_#>-#>
{0: [0], 1: [1], 2: [2]}
{0: [0], 1: [1], 2: None}
SCORE: 12.471

-------------------

/ˈalθiːs/ - /ˈalt/
<#_ˈa-<#_ˈa / l-l / θ-t / iː-∅ / s_#>-#>
{0: [0], 1: [1], 2: [2], 3: [3], 4: [4]}
{0: [0], 1: [1], 2: [2], 3: None, 4: None}
SCORE: 10.694

-------------------

/ˈanθar/ - /ˈandəʁɐ/
<#_ˈa-<#_ˈa / n-n / θ-d / a-ə / ∅-ʁ / r-ɐ
{0: [0], 1: [1], 2: [2], 3: [3], 4: None, 5: [4]}
{0: [0], 1: [1], 2: [2], 3: [3], 4: [4], 5: [5]}
SCORE: 21.025

-------------------

/ˈapel/ - /ˈap͡fl̩/
<#_ˈa-<#_ˈa / p_e-p͡f / l-l
{0: [0], 1: [1, 2], 2: [3]}
{0: [0], 1: [1], 2: [2]}
SCORE: 16.742

-------------------

/ˈarms/ - /ˈaɐm/
<#_ˈa-<#_ˈa / r-ɐ / m-m / s_#>-#>
{0: [0], 1: [1], 2: [2], 3: [3]}
{0: [0], 1: [1], 2: [2], 3: None}
SCORE: 16.586

-------------------

/ˈazɡoː/ - /ˈaʃə/
<#_ˈa-<#_ˈa / z-ʃ / ɡ_oː-ə
{0: [0], 1: [1], 2: [2, 3]}
{0: [0], 1: [1], 2: [2]}
SCORE: 14.112

-------------------

/ˈik/ - /ˈɪç/
<#_ˈi-<#_ˈɪ / k-ç
{0: [0], 1: [1]}
{0: [0], 1: [1]}
SCORE: 16.669

-------------------

/ˈin/ - /ˈɪn/
<#_ˈi-<#_ˈɪ / n-n
{0: [0], 1: [1]}
{0: [0], 1: [1]}
SCORE: 16.086

-------------------

/ˈiu̯p/ - /ˈaʊ̯f/
∅-ˈaʊ̯ / ˈiu̯-∅ / p-f
{0: None, 1: [0], 2: [1]}
{0: [0], 1: None, 2: [1]}
SCORE: -0.157

-------------------

/ˈufar/ - /ˈyːbɐ/
ˈu_f-ˈyː / a-b / r-ɐ
{0: [0, 1], 1: [2], 2: [3]}
{0: [0], 1: [1], 2: [2]}
SCORE: 5.184

-------------------

/ˈundar/ - /ˈʊntɐ/
ˈu-ˈʊ / n-n / d-t / a_r-ɐ
{0: [0], 1: [1], 2: [2], 3: [3, 4]}
{0: [0], 1: [1], 2: [2], 3: [3]}
SCORE: 19.028

-------------------

/ˈuɡʷːiloː/ - /ˈɔʏ̯lə/
ˈu-∅ / ɡʷː-ˈɔʏ̯ / i-∅ / l-l / oː-ə
{0: [0], 1: [1], 2: [2], 3: [3], 4: [4]}
{0: None, 1: [0], 2: None, 3: [1], 4: [2]}
SCORE: 6.751

-------------------

/ˈuːt/ - /ˈaʊ̯s/
ˈuː-ˈaʊ̯ / t-s
{0: [0], 1: [1]}
{0: [0], 1: [1]}
SCORE: 11.117

-------------------

/ˈɔːhns/ - /ˈoːfn̩/
ˈɔː-ˈoː / ∅-f / h-∅ / n-n / s_#>-#>
{0: [0], 1: None, 2: [1], 3: [2], 4: [3]}
{0: [0], 1: [1], 2: None, 3: [2], 4: None}
SCORE: 1.243

-------------------

/ˈɔːsoː/ - /ˈoːɐ/
ˈɔː-ˈoː / s-∅ / oː-ɐ
{0: [0], 1: [1], 2: [2]}
{0: [0], 1: None, 2: [1]}
SCORE: 6.907

-------------------

/ˈɔːɣoː/ - /ˈaʊ̯ɡə/
ˈɔː-ˈaʊ̯ / ɣ-ɡ / oː-ə
{0: [0], 1: [1], 2: [2]}
{0: [0], 1: [1], 2: [2]}
SCORE: 17.488

-------------------

/ˈɛrθa/ - /ˈɛɐdə/
ˈɛ-ˈɛ / r-ɐ / θ-d / a_#>-ə_#>
{0: [0], 1: [1], 2: [2], 3: [3]}
{0: [0], 1: [1], 2: [2], 3: [3]}
SCORE: 22.927

-------------------

/ˈɛːnlif/ - /ˈɛlf/
ˈɛː-∅ / n-∅ / l-ˈɛ_l / i-∅ / f-f
{0: [0], 1: [1], 2: [2], 3: [3], 4: [4]}
{0: None, 1: None, 2: [0, 1], 3: None, 4: [2]}
SCORE: -1.506

-------------------

/ˈɛːns/ - /ˈaɪ̯n/
ˈɛː-ˈaɪ̯ / n-n / s_#>-#>
{0: [0], 1: [1], 2: [2]}
{0: [0], 1: [1], 2: None}
SCORE: 11.238

-------------------

/θrˈiːs/ - /dʁˈaɪ̯/
<#_θ-<#_d / r-ʁ / ˈiː-ˈaɪ̯ / s_#>-#>
{0: [0], 1: [1], 2: [2], 3: [3]}
{0: [0], 1: [1], 2: [2], 3: None}
SCORE: 16.696

-------------------

/θˈiu̯fs/ - /dˈiːb̥/
<#_θ-<#_d / ˈiu̯-ˈiː / f_s-b̥
{0: [0], 1: [1], 2: [2, 3]}
{0: [0], 1: [1], 2: [2]}
SCORE: 21.678

-------------------

/θˈiu̯ðisks/ - /dˈɔʏ̯tʃ/
<#_θ-<#_d / ˈiu̯-ˈɔʏ̯ / ð-t / i-∅ / s_k-ʃ / s_#>-#>
{0: [0], 1: [1], 2: [2], 3: [3], 4: [4, 5], 5: [6]}
{0: [0], 1: [1], 2: [2], 3: None, 4: [3], 5: None}
SCORE: 14.951

-------------------

/θˈuː/ - /dˈuː/
<#_θ-<#_d / ∅-ˈuː / ˈuː-∅
{0: [0], 1: None, 2: [1]}
{0: [0], 1: [1], 2: None}
SCORE: 1.223

-------------------

/θˈuːsundi/ - /tʰˈaʊ̯zn̩d̥/
<#_θ-<# / ∅-tʰ / ˈuː-ˈaʊ̯ / s-z / u-∅ / n-n / d-d̥ / i-∅
{0: [0], 1: None, 2: [1], 3: [2], 4: [3], 5: [4], 6: [5], 7: [6]}
{0: None, 1: [0], 2: [1], 3: [2], 4: None, 5: [3], 6: [4], 7: None}
SCORE: 0.932

-------------------

/θˈɔrstiː/ - /dˈʊɐst/
<#_θ-<#_d / ˈɔ-ˈʊ / r-ɐ / s_t-s_t / iː-∅
{0: [0], 1: [1], 2: [2], 3: [3, 4], 4: [5]}
{0: [0], 1: [1], 2: [2], 3: [3, 4], 4: None}
SCORE: 18.595
