/bǐː/ - /bjêːl/
[1/1] b-b / ∅-j / ǐː-êː / #>-l_#>

-------------------

/bǐːl/ - /bjêːl/
[3/3] b-b / ∅-j / ǐː-êː / l-l

-------------------

/bôːk/ - /bôːɡ/
[3/3] b-b / ôː-ôː / k-ɡ

-------------------

/dâʃ/ - /dâʒd/
[5/5] d-d / â-â / ʃ-ʒ / ∅-d

-------------------

/dâːn/ - /dâːn/
[4/4] d-d / âː-âː / n-n

-------------------

/dêset/ - /dêseːt/
[3/3] d-d / ê-ê / s-s / e-eː / t-t

-------------------

/dêʋet/ - /dêʋeːt/
[4/4] d-d / ê-ê / ʋ-ʋ / e-eː / t-t

-------------------

/dǐːm/ - /dîm/
[4/4] d-d / ǐː-î / m-m

-------------------

/dôbar/ - /dôbar/
[4/4] d-d / ô-ô / b-b / a-a / r-r

-------------------

/drîːʋo/ - /dr̩̂ʋo/
[2/2] d-d / r-r̩̂ / îː-∅ / ʋ-ʋ / o-o

-------------------

/dûk/ - /dûɡ/
[4/4] d-d / û-û / k-ɡ

-------------------

/dʋâː/ - /dʋâː/
[5/5] d-d / ʋ-ʋ / âː-âː

-------------------

/îme/ - /îme/
[4/4] î-î / m-m / e-e

-------------------

/jazîk/ - /jězik/
[4/4] j-j / a-ě / z-z / î-i / k-k

-------------------

/jâɡoda/ - /jâɡoda/
[4/4] j-j / â-â / ɡ-ɡ / o-o / d-d / a-a

-------------------

/jedǎːn/ - /jědan/
[3/3] j-j / e-ě / d-d / ǎː-a / n-n

-------------------

/jêzero/ - /jêzero/
[3/3] j-j / ê-ê / z-z / e-e / r-r / o-o

-------------------

/kolîno/ - /kǒʎeno/
[5/5] k-k / o-ǒ / l-ʎ / î-e / n-n / o-o

-------------------

/kôra/ - /kôra/
[3/3] k-k / ô-ô / r-r / a-a

-------------------

/kôren/ - /kôrjeːn/
[3/5] k-k / ô-ô / r-r / ∅-j / e-eː / n-n
[2/5] k-k / ô-ô / r-r_j / e-eː / n-n

-------------------

/kôʒa/ - /kôʒa/
[4/4] k-k / ô-ô / ʒ-ʒ / a-a

-------------------

/kôːst/ - /kôːst/
[5/5] k-k / ôː-ôː / s-s / t-t

-------------------

/kǒːɲ/ - /kôɲ/
[5/5] k-k / ǒː-ô / ɲ-ɲ

-------------------

/krâʋa/ - /krâʋa/
[4/4] k-k / r-r / â-â / ʋ-ʋ / a-a

-------------------

/krǎːl/ - /krâːʎ/
[3/3] k-k / r-r / ǎː-âː / l-ʎ

-------------------

/kriːlô/ - /krǐːlo/
[3/3] k-k / r-r / iː-ǐː / l-l / ô-o

-------------------

/kr̩̂ʋ/ - /kr̩̂ːʋ/
[5/5] k-k / r̩̂-r̩̂ː / ʋ-ʋ

-------------------

/lâkat/ - /lâkat/
[5/5] l-l / â-â / k-k / a-a / t-t

-------------------

/lêːt/ - /lêːd/
[3/3] l-l / êː-êː / t-d

-------------------

/lîto/ - /ljêto/
[3/5] l-l / î-j_ê / t-t / o-o
[2/5] l-l / ∅-j / î-ê / t-t / o-o

-------------------

/lîːst/ - /lîːst/
[5/5] l-l / îː-îː / s-s / t-t

-------------------

/maɡlâ/ - /mǎɡla/
[4/4] m-m / a-ǎ / ɡ-ɡ / l-l / â-a

-------------------

/mêːso/ - /mêːso/
[4/4] m-m / êː-êː / s-s / o-o

-------------------

/mîseːʦ/ - /mjêseːʦ/
[2/3] m-m / ∅-j / î-ê / s-s / eː-eː / ʦ-ʦ
[1/3] m-m_j / î-ê / s-s / eː-eː / ʦ-ʦ

-------------------

/mîsto/ - /mjêsto/
[2/4] m-m / ∅-j / î-ê / s-s / t-t / o-o
[1/4] m-m_j / î-ê / s-s / t-t / o-o
[1/4] m-m / î-j_ê / s-s / t-t / o-o

-------------------

/mîːsal/ - /mîːsao/
[2/5] m-m / îː-îː / s-s / a-a / l-∅ / ∅-o
[2/5] m-m / îː-îː / s-s / a-a / l-o
[1/5] m-m / îː-îː / s-s / a-a / l-∅ / #>-o_#>

-------------------

/mliːkô/ - /mljěːko/
[1/2] m-m / l-l / ∅-j / iː-ěː / k-k / ô-o
[1/2] m-m / l-l / iː-j_ěː / k-k / ô-o

-------------------

/môːre/ - /môːre/
[5/5] m-m / ôː-ôː / r-r / e-e

-------------------

/mr̩tǎːʋ/ - /mr̂ːtʋiː/
[1/2] m-m / r̩-r̂ː / t-t / ǎː-∅ / ʋ-ʋ / ∅-iː
[1/2] m-m / r̩-r̂ː / t-t / ǎː-∅ / ʋ-ʋ / #>-iː_#>

-------------------

/mr̩tǎːʋ/ - /mřtaʋ/
[3/3] m-m / r̩-ř / t-t / ǎː-a / ʋ-ʋ

-------------------

/mûːʃ/ - /mûːʒ/
[5/5] m-m / ûː-ûː / ʃ-ʒ

-------------------

/neʋîsta/ - /něʋjesta/
[2/3] n-n / e-ě / ʋ-ʋ / ∅-j / î-e / s-s / t-t / a-a
[1/3] n-n / e-ě / ʋ_î-ʋ_j_e / s-s / t-t / a-a

-------------------

/noɡâ/ - /nǒɡa/
[4/4] n-n / o-ǒ / ɡ-ɡ / â-a

-------------------

/nôxat/ - /nôkat/
[3/3] n-n / ô-ô / x-k / a-a / t-t

-------------------

/nôːc/ - /nôːʨ/
[3/3] n-n / ôː-ôː / c-ʨ

-------------------

/nôːs/ - /nôːs/
[3/3] n-n / ôː-ôː / s-s

-------------------

/orîx/ - /ǒrax/
[4/4] o-ǒ / r-r / î-a / x-x

-------------------

/ôblaːk/ - /ôblaːk/
[5/5] ô-ô / b-b / l-l / aː-aː / k-k

-------------------

/ôko/ - /ôko/
[3/3] ô-ô / k-k / o-o

-------------------

/ôsan/ - /ôsam/
[4/4] ô-ô / s-s / a-a / n-m

-------------------

/ôɡaɲ/ - /ǒɡaɲ/
[5/5] ô-ǒ / ɡ-ɡ / a-a / ɲ-ɲ

-------------------

/pâs/ - /pâs/
[5/5] p-p / â-â / s-s

-------------------

/pêːt/ - /pêːt/
[3/3] p-p / êː-êː / t-t

-------------------

/pîti/ - /pîti/
[5/5] p-p / î-î / t-t / i-i

-------------------

/pôpel/ - /pêpeo/
[2/4] p-p / ô-ê / p-p / e-e / l-o
[1/4] p-p / ô-ê / p-p / e-e / l-∅ / ∅-o
[1/4] p-p / ô-ê / p-p / e-e / l-∅ / #>-o_#>

-------------------

/pr̩̂st/ - /pr̩̂st/
[4/4] p-p / r̩̂-r̩̂ / s-s / t-t

-------------------

/pǔːn/ - /pûn/
[4/4] p-p / ǔː-û / n-n

-------------------

/pǔːt/ - /pûːt/
[3/3] p-p / ǔː-ûː / t-t

-------------------

/rîba/ - /rîba/
[4/4] r-r / î-î / b-b / a-a

-------------------

/rǐːka/ - /rjěːka/
[2/4] r-r_j / ǐː-ěː / k-k / a-a
[2/4] r-r / ∅-j / ǐː-ěː / k-k / a-a

-------------------

/rôːk/ - /rôːɡ/
[4/4] r-r / ôː-ôː / k-ɡ

-------------------

/ruːkâ/ - /rǔːka/
[4/4] r-r / uː-ǔː / k-k / â-a

-------------------

/sêdan/ - /sêdam/
[4/4] s-s / ê-ê / d-d / a-a / n-m

-------------------

/smr̩̂t/ - /smr̩̂t/
[5/5] s-s / m-m / r̩̂-r̩̂ / t-t

-------------------

/snîːk/ - /snjêːɡ/
[2/4] s-s / n-n / ∅-j / îː-êː / k-ɡ
[2/4] s-s / n-n / îː-j_êː / k-ɡ

-------------------

/sôː/ - /sôːl/
[4/5] s-s / ôː-ôː / ∅-l
[1/5] s-s / ôː-ôː / #>-l_#>

-------------------

/sr̩̂ʦe/ - /sr̩̂ʦe/
[5/5] s-s / r̩̂-r̩̂ / ʦ-ʦ / e-e

-------------------

/stǎːr/ - /stâr/
[4/4] s-s / t-t / ǎː-â / r-r

-------------------

/sûːnʦe/ - /sûːnʦe/
[4/4] s-s / ûː-ûː / n-n / ʦ-ʦ / e-e

-------------------

/sûːx/ - /sûːx/
[5/5] s-s / ûː-ûː / x-x

-------------------

/têpaː/ - /tôpao/
[4/5] t-t / ê-ô / p-p / aː-a / ∅-o
[1/5] t-t / ê-ô / p-p / aː-a / #>-o_#>

-------------------

/têʒak/ - /těːʒak/
[5/5] t-t / ê-ěː / ʒ-ʒ / a-a / k-k

-------------------

/tîʦa/ - /ptîʦa/
[2/3] <#-<#_p / t-t / î-î / ʦ-ʦ / a-a
[1/3] ∅-p / t-t / î-î / ʦ-ʦ / a-a

-------------------

/traːʋâ/ - /trǎːʋa/
[4/4] t-t / r-r / aː-ǎː / ʋ-ʋ / â-a

-------------------

/trîː/ - /trîː/
[5/5] t-t / r-r / îː-îː

-------------------

/tʋr̂t/ - /tʋr̂ːd/
[5/5] t-t / ʋ-ʋ / r̂-r̂ː / t-d

-------------------

/ûxo/ - /ûxo/
[3/3] û-û / x-x / o-o

-------------------

/ǔːsta/ - /ǔːsta/
[5/5] ǔː-ǔː / s-s / t-t / a-a

-------------------

/xlâːdan/ - /xlǎːdan/
[3/3] x-x / l-l / âː-ǎː / d-d / a-a / n-n

-------------------

/xlîp/ - /xʎêb/
[4/4] x-x / l-ʎ / î-ê / p-b

-------------------

/zdrǎːʋ/ - /zdrâʋ/
[4/4] z-z / d-d / r-r / ǎː-â / ʋ-ʋ

-------------------

/zelěːn/ - /zělen/
[3/3] z-z / e-ě / l-l / ěː-e / n-n

-------------------

/zemlâ/ - /zěmʎa/
[5/5] z-z / e-ě / m-m / l-ʎ / â-a

-------------------

/zûːp/ - /zûːb/
[4/4] z-z / ûː-ûː / p-b

-------------------

/zʋiːzdâ/ - /zʋjěːzda/
[2/5] z-z / ʋ-ʋ_j / iː-ěː / z-z / d-d / â-a
[2/5] z-z / ʋ-ʋ / ∅-j / iː-ěː / z-z / d-d / â-a
[1/5] z-z / ʋ-ʋ / iː-j_ěː / z-z / d-d / â-a

-------------------

/zʋîːr/ - /zʋjêːr/
[3/5] z-z / ʋ-ʋ / îː-j_êː / r-r
[2/5] z-z / ʋ-ʋ / ∅-j / îː-êː / r-r

-------------------

/ɡlaːʋâ/ - /ɡlǎːʋa/
[3/3] ɡ-ɡ / l-l / aː-ǎː / ʋ-ʋ / â-a

-------------------

/ɡlâdak/ - /ɡlâdak/
[5/5] ɡ-ɡ / l-l / â-â / d-d / a-a / k-k

-------------------

/ɡlâːs/ - /ɡlâːs/
[3/3] ɡ-ɡ / l-l / âː-âː / s-s

-------------------

/ɡlûːp/ - /ɡlûːp/
[4/4] ɡ-ɡ / l-l / ûː-ûː / p-p

-------------------

/ɡorâ/ - /ɡǒra/
[4/4] ɡ-ɡ / o-ǒ / r-r / â-a

-------------------

/ɡôdina/ - /ɡôdina/
[4/4] ɡ-ɡ / ô-ô / d-d / i-i / n-n / a-a

-------------------

/ɡôluːp/ - /ɡôluːb/
[4/4] ɡ-ɡ / ô-ô / l-l / uː-uː / p-b

-------------------

/ɡrâːt/ - /ɡrâːd/
[5/5] ɡ-ɡ / r-r / âː-âː / t-d

-------------------

/ʃêːst/ - /ʃêːst/
[1/1] ʃ-ʃ / êː-êː / s-s / t-t

-------------------

/ʋeːzâti/ - /ʋěːzati/
[5/5] ʋ-ʋ / eː-ěː / z-z / â-a / t-t / i-i

-------------------

/ʋêlik/ - /ʋělik/
[4/4] ʋ-ʋ / ê-ě / l-l / i-i / k-k

-------------------

/ʋîtar/ - /ʋjêtar/
[3/5] ʋ-ʋ / î-j_ê / t-t / a-a / r-r
[2/5] ʋ-ʋ / ∅-j / î-ê / t-t / a-a / r-r

-------------------

/ʋǐti/ - /ʋîdjeti/
[4/4] ʋ-ʋ / ǐ-î / ∅-d / ∅-j / ∅-e / t-t / i-i

-------------------

/ʋodâ/ - /ʋǒda/
[3/3] ʋ-ʋ / o-ǒ / d-d / â-a

-------------------

/ʋûːk/ - /ʋûːk/
[4/4] ʋ-ʋ / ûː-ûː / k-k

-------------------

/ʋǔːci/ - /ʋûːʨi/
[4/4] ʋ-ʋ / ǔː-ûː / c-ʨ / i-i

-------------------

/ʒenâ/ - /ʒěna/
[4/4] ʒ-ʒ / e-ě / n-n / â-a

-------------------

/ʒiːʋîti/ - /ʒǐːʋjeti/
[1/4] ʒ-ʒ / iː-ǐː / ʋ_î-ʋ_j_e / t-t / i-i
[1/4] ʒ-ʒ / iː-ǐː / ʋ-ʋ_j / î-e / t-t / i-i
[1/4] ʒ-ʒ / iː-ǐː / ʋ-ʋ / ∅-j / î-e / t-t / i-i
[1/4] ʒ-ʒ / iː-ǐː / ʋ-ʋ / î-j_e / t-t / i-i

-------------------

/ʒûːt/ - /ʒûːt/
[5/5] ʒ-ʒ / ûː-ûː / t-t

-------------------

/ʦîː/ - /ʦîo/
[1/2] ʦ-ʦ / îː-î / ∅-o
[1/2] ʦ-ʦ / îː-î / #>-o_#>

-------------------

/ʦîː/ - /ʦjêːliː/
[1/1] ʦ-ʦ / îː-j_êː / ∅-l / ∅-iː

-------------------

/ʦîːl/ - /ʦîo/
[1/2] ʦ-ʦ / îː-î / l-∅ / ∅-o
[1/2] ʦ-ʦ / îː-î / l-o

-------------------

/ʦîːl/ - /ʦjêːliː/
[1/3] ʦ-ʦ / ∅-j / îː-êː / l-l / ∅-iː
[1/3] ʦ-ʦ / îː-j_êː / l-l / ∅-iː
[1/3] ʦ-ʦ / îː-j_êː / l-l / #>-iː_#>

-------------------

/ʦr̩̂n/ - /ʦr̩̂ːn/
[3/3] ʦ-ʦ / r̩̂-r̩̂ː / n-n

-------------------

/ʦʋîːt/ - /ʦʋjêːt/
[2/3] ʦ-ʦ / ʋ-ʋ / îː-j_êː / t-t
[1/3] ʦ-ʦ / ʋ-ʋ / ∅-j / îː-êː / t-t

-------------------

/ʧetîri/ - /ʧětiri/
[4/4] ʧ-ʧ / e-ě / t-t / î-i / r-r / i-i

-------------------

/ʧêla/ - /pʧěla/
[2/4] ∅-p / ʧ-ʧ / ê-ě / l-l / a-a
[2/4] <#-<#_p / ʧ-ʧ / ê-ě / l-l / a-a

-------------------

/ʧoʋîk/ - /ʧǒʋjek/
[2/5] ʧ-ʧ / o-ǒ / ʋ-ʋ / ∅-j / î-e / k-k
[1/5] ʧ-ʧ / o-ǒ / ʋ_î-ʋ_j_e / k-k
[1/5] ʧ-ʧ / o-ǒ / ʋ-ʋ_j / î-e / k-k
[1/5] ʧ-ʧ / o-ǒ / ʋ-ʋ / î-j_e / k-k

-------------------

