/aˀɡoda/ - /jàːɡɔda/
[3/5] <#-<#_j / aˀ-àː / ɡ-ɡ / o-ɔ / d-d / a-a
[2/5] ∅-j / aˀ-àː / ɡ-ɡ / o-ɔ / d-d / a-a

-------------------

/bôːɡŭ/ - /bóːk/
[3/5] b-b / ôː-óː / ɡ_ŭ-k
[2/5] b-b / ôː-óː / ɡ-k / ŭ-∅

-------------------

/bɛ̌ːlŭ/ - /bèːw/
[3/5] b-b / ɛ̌ː-èː / l_ŭ-w
[2/5] b-b / ɛ̌ː-èː / l-w / ŭ-∅

-------------------

/dêsẽtĭ/ - /deséːt/
[2/4] d-d / ê-e / s-s / ẽ-éː / t_ĭ-t
[2/4] d-d / ê-e / s-s / ẽ-éː / t-t / ĭ-∅

-------------------

/dêvẽtĭ/ - /deʋéːt/
[2/3] d-d / ê-e / v-ʋ / ẽ-éː / t_ĭ-t
[1/3] d-d / ê-e / v-ʋ / ẽ-éː / t-t / ĭ-∅

-------------------

/dînĭ/ - /dáːn/
[3/5] d-d / î-áː / n_ĭ-n
[2/5] d-d / î-áː / n-n / ĭ-∅

-------------------

/dĭˀlɡŭ/ - /dɔ́ːwk/
[3/5] d-d / ĭˀ-ɔ́ː / l-w / ɡ_ŭ-k
[2/5] d-d / ĭˀ-ɔ́ː / l-w / ɡ-k / ŭ-∅

-------------------

/dǒbrŭ/ - /dòːbər/
[2/3] d-d / ǒ-òː / b-b / r-∅ / ŭ-ə / ∅-r
[1/3] d-d / ǒ-òː / b-b / ∅-ə / r_ŭ-r

-------------------

/drŭ̂vo/ - /dreʋóː/
[5/5] d-d / r-r / ŭ̂-e / v-ʋ / o-óː

-------------------

/dŭ̂va/ - /dʋáː/
[4/4] d-d / ŭ̂-∅ / v-ʋ / a-áː

-------------------

/dɨˀmŭ/ - /dím/
[4/5] d-d / ɨˀ-í / m-m / ŭ-∅
[1/5] d-d / ɨˀ-í / m-m / ŭ_#>-#>

-------------------

/edǐnŭ/ - /ɛ̀ːdən/
[2/3] e-ɛ̀ː / d-d / ǐ-ə / n_ŭ-n
[1/3] e-ɛ̀ː / d-d / ǐ-∅ / n-∅ / ŭ-ə / #>-n_#>

-------------------

/êzero/ - /jéːzɛrɔ/
[3/5] <#-<#_j / ê-éː / z-z / e-ɛ / r-r / o-ɔ
[2/5] ∅-j / ê-éː / z-z / e-ɛ / r-r / o-ɔ

-------------------

/ẽzɨˀkŭ/ - /jɛ̀ːzik/
[2/3] <#-<#_j / ẽ-ɛ̀ː / z-z / ɨˀ-i / k_ŭ-k
[1/3] ∅-j / ẽ-ɛ̀ː / z-z / ɨˀ-i / k_ŭ-k

-------------------

/jĭ̂mẽ/ - /iméː/
[2/2] j-∅ / ĭ̂-i / m-m / ẽ-éː

-------------------

/kolɛˀno/ - /kolèːnɔ/
[5/5] k-k / o-o / l-l / ɛˀ-èː / n-n / o-ɔ

-------------------

/koˀrva/ - /kràːʋa/
[3/4] k-k / oˀ-∅ / r-r / ∅-àː / v-ʋ / a-a
[1/4] k-k / oˀ_r-r / ∅-àː / v-ʋ / a-a

-------------------

/kôrɛːnĭ/ - /koréːn/
[3/5] k-k / ô-o / r-r / ɛː-éː / n_ĭ-n
[2/5] k-k / ô-o / r-r / ɛː-éː / n-n / ĭ-∅

-------------------

/kôstĭ/ - /kóːst/
[2/4] k-k / ô-óː / s-s / t_ĭ-t
[2/4] k-k / ô-óː / s-s / t-t / ĭ-∅

-------------------

/kǒʒa/ - /kòːʒa/
[3/3] k-k / ǒ-òː / ʒ-ʒ / a-a

-------------------

/kǒːrʎŭ/ - /kràːl/
[3/3] k-k / ǒː-∅ / r-r / ∅-àː / ʎ-l / ŭ-∅

-------------------

/kriːdlǒ/ - /krìːlɔ/
[5/5] k-k / r-r / iː-ìː / d-∅ / l-l / ǒ-ɔ

-------------------

/krɨ̂ː/ - /kríː/
[5/5] k-k / r-r / ɨ̂ː-íː

-------------------

/kvɛ̂ːtŭ/ - /ʦʋéːt/
[2/3] k-∅ / ∅-ʦ / v-ʋ / ɛ̂ː-éː / t-t / ŭ-∅
[1/3] k-∅ / ∅-ʦ / v-ʋ / ɛ̂ː-éː / t_ŭ-t

-------------------

/lêdŭ/ - /léːt/
[3/3] l-l / ê-éː / d-t / ŭ-∅

-------------------

/lîːstŭ/ - /líːst/
[2/4] l-l / îː-íː / s-s / t_ŭ-t
[2/4] l-l / îː-íː / s-s / t-t / ŭ-∅

-------------------

/lĭ̌vŭ/ - /lɛ́ʋ/
[2/3] l-l / ĭ̌-ɛ́ / v_ŭ-ʋ
[1/3] l-l / ĭ̌-ɛ́ / v-ʋ / ŭ-∅

-------------------

/lɛ̂ːsŭ/ - /léːs/
[3/5] l-l / ɛ̂ː-éː / s_ŭ-s
[2/5] l-l / ɛ̂ː-éː / s-s / ŭ-∅

-------------------

/lɛ̌to/ - /lèːtɔ/
[5/5] l-l / ɛ̌-èː / t-t / o-ɔ

-------------------

/mẽ̂ːso/ - /mesóː/
[5/5] m-m / ẽ̂ː-e / s-s / o-óː

-------------------

/mĭɡlǎ/ - /məɡlá/
[4/4] m-m / ĭ-ə / ɡ-ɡ / l-l / ǎ-á

-------------------

/mĭɡlǎ/ - /mə̀ɡla/
[1/1] m-m / ĭ-ə̀ / ɡ-ɡ / l-l / ǎ-a

-------------------

/mĭ̌ːrtvŭ/ - /mə̀rtəʋ/
[2/4] m-m / ĭ̌ː-ə̀ / r-r / t_v-t / ŭ-ə / ∅-ʋ
[2/4] m-m / ĭ̌ː-ə̀ / r-r / t-t / v-∅ / ŭ-ə / ∅-ʋ

-------------------

/mĭ̌ːrtvŭjĭ/ - /mə̀rtəʋ/
[1/1] m-m / ĭ̌ː-ə̀ / r-r / t-t / v-∅ / ŭ-∅ / j-∅ / ĭ-ə / ∅-ʋ

-------------------

/môrʲe/ - /móːrjɛ/
[3/4] m-m / ô-óː / rʲ-r / e-j_ɛ
[1/4] m-m / ô-óː / rʲ-r / ∅-j / e-ɛ

-------------------

/môrʲe/ - /mɔrjéː/
[1/1] m-m / ô-ɔ / rʲ-r / ∅-j / e-éː

-------------------

/mɛlkǒ/ - /mlèːkɔ/
[5/5] m-m / ∅-l / ɛ-èː / l-∅ / k-k / ǒ-ɔ

-------------------

/mɛˀsẽːʦĭ/ - /méːsəʦ/
[3/4] m-m / ɛˀ-éː / s-s / ẽː-ə / ʦ-ʦ / ĭ_#>-#>
[1/4] m-m / ɛˀ-éː / s-s / ẽː-ə / ʦ-ʦ / ĭ-∅

-------------------

/mɛˀsto/ - /mèːstɔ/
[3/3] m-m / ɛˀ-èː / s-s / t-t / o-ɔ

-------------------

/mɨ̂ːslĭ/ - /míːsəw/
[3/5] m-m / ɨ̂ː-íː / s-s / l-∅ / ĭ-ə / ∅-w
[1/5] m-m / ɨ̂ː-íː / s-s / l-∅ / ĭ-ə_w
[1/5] m-m / ɨ̂ː-íː / s-s / l-∅ / ĭ-ə / #>-w_#>

-------------------

/nevɛ̌sta/ - /nèːʋɛsta/
[4/4] n-n / e-èː / v-ʋ / ɛ̌-ɛ / s-s / t-t / a-a

-------------------

/noɡǎ/ - /nɔ̀ːɡa/
[3/3] n-n / o-ɔ̀ː / ɡ-ɡ / ǎ-a

-------------------

/nôɡŭtĭ/ - /nóːxt/
[2/4] n-n / ô-óː / ɡ-x / ŭ_t-t / ĭ-∅
[1/4] n-n / ô-óː / ɡ-x / ŭ_t_ĭ-t
[1/4] n-n / ô-óː / ɡ-x / ŭ-∅ / t-t / ĭ-∅

-------------------

/nôːktĭ/ - /nóːʧ/
[2/4] n-n / ôː-óː / k-∅ / t-ʧ / ĭ_#>-#>
[2/4] n-n / ôː-óː / k-∅ / t-ʧ / ĭ-∅

-------------------

/nôːsŭ/ - /nóːs/
[3/5] n-n / ôː-óː / s_ŭ-s
[2/5] n-n / ôː-óː / s-s / ŭ-∅

-------------------

/orɛ̌xŭ/ - /ɔ̀ːrɛx/
[4/5] o-ɔ̀ː / r-r / ɛ̌-ɛ / x_ŭ-x
[1/5] o-ɔ̀ː / r-r / ɛ̌-ɛ / x-x / ŭ-∅

-------------------

/oˀrdlo/ - /ràːlɔ/
[2/3] oˀ-∅ / r-r / d-∅ / ∅-àː / l-l / o-ɔ
[1/3] oˀ_r-r / d-∅ / ∅-àː / l-l / o-ɔ

-------------------

/ôbolkŭ/ - /obláːk/
[5/5] ô-o / b-b / o-∅ / l-l / ∅-áː / k_ŭ-k

-------------------

/ôko/ - /okóː/
[4/4] ô-o / k-k / o-óː

-------------------

/ôrstŭ/ - /ráːst/
[1/3] ô-∅ / r-r / ∅-áː / s-s / t_ŭ-t
[1/3] ô-∅ / r-r / ∅-áː / s-s / t-t / ŭ-∅
[1/3] ô-∅ / r-r / s-áː_s / t_ŭ-t

-------------------

/ǒsmĭ/ - /òːsəm/
[3/3] ǒ-òː / s-s / m-∅ / ĭ-ə / ∅-m

-------------------

/ǒɡɲĭ/ - /ɔ̀ːɡən/
[2/3] ǒ-ɔ̀ː / ɡ-ɡ / ɲ-∅ / ĭ-ə / ∅-n
[1/3] ǒ-ɔ̀ː / ɡ-ɡ / ɲ-∅ / ĭ-ə / #>-n_#>

-------------------

/pêpelŭ/ - /pepéːw/
[3/5] p-p / ê-e / p-p / e-éː / l_ŭ-w
[2/5] p-p / ê-e / p-p / e-éː / l-w / ŭ-∅

-------------------

/pẽ̂ːtĭ/ - /péːt/
[2/3] p-p / ẽ̂ː-éː / t-t / ĭ-∅
[1/3] p-p / ẽ̂ː-éː / t_ĭ-t

-------------------

/pĭˀlnŭ/ - /pɔ́ːwn/
[4/4] p-p / ĭˀ-ɔ́ː / l-w / n_ŭ-n

-------------------

/pĭˀlnŭjĭ/ - /pɔ́ːwn/
[1/1] p-p / ĭˀ-ɔ́ː / l-w / n_ŭ-n / j-∅ / ĭ-∅

-------------------

/pĭ̌rstŭ/ - /pə́rst/
[2/4] p-p / ĭ̌-ə́ / r-r / s-s / t_ŭ-t
[2/4] p-p / ĭ̌-ə́ / r-r / s-s / t-t / ŭ-∅

-------------------

/pĭ̌sŭ/ - /pə́s/
[2/3] p-p / ĭ̌-ə́ / s-s / ŭ-∅
[1/3] p-p / ĭ̌-ə́ / s_ŭ-s

-------------------

/pǐti/ - /pìːti/
[4/4] p-p / ǐ-ìː / t-t / i-i

-------------------

/põ̌ːtĭ/ - /pòːt/
[3/4] p-p / õ̌ː-òː / t_ĭ-t
[1/4] p-p / õ̌ː-òː / t-t / ĭ-∅

-------------------

/pŭtiˀʦa/ - /ptìːʦa/
[2/4] p_ŭ-p / t-t / iˀ-ìː / ʦ-ʦ / a-a
[1/4] p-p / ŭ_t-t / iˀ-ìː / ʦ-ʦ / a-a
[1/4] p-p / ŭ-∅ / t-t / iˀ-ìː / ʦ-ʦ / a-a

-------------------

/pɛːsŭ̌kŭ/ - /pèːsək/
[2/4] p-p / ɛː-èː / s-s / ŭ̌-∅ / k-∅ / ŭ-ə / ∅-k
[2/4] p-p / ɛː-èː / s-s / ŭ̌-ə / k_ŭ-k

-------------------

/rôɡŭ/ - /róːk/
[3/5] r-r / ô-óː / ɡ_ŭ-k
[2/5] r-r / ô-óː / ɡ-k / ŭ-∅

-------------------

/rõːkǎ/ - /rɔ̀ːka/
[5/5] r-r / õː-ɔ̀ː / k-k / ǎ-a

-------------------

/rɛːkǎ/ - /rèːka/
[4/4] r-r / ɛː-èː / k-k / ǎ-a

-------------------

/rɨ̌ba/ - /rìːba/
[4/4] r-r / ɨ̌-ìː / b-b / a-a

-------------------

/sědmĭ/ - /sèːdəm/
[5/5] s-s / ě-èː / d-d / m-∅ / ĭ-ə / ∅-m

-------------------

/sĭ̂rdĭʦe/ - /sərʦéː/
[4/4] s-s / ĭ̂-∅ / r-∅ / d-∅ / ĭ-ə / ∅-r / ʦ-ʦ / e-éː

-------------------

/snɛ̂ːɡŭ/ - /snéːk/
[3/4] s-s / n-n / ɛ̂ː-éː / ɡ_ŭ-k
[1/4] s-s / n-n / ɛ̂ː-éː / ɡ-k / ŭ-∅

-------------------

/sôlĭ/ - /sóːw/
[3/4] s-s / ô-óː / l-w / ĭ_#>-#>
[1/4] s-s / ô-óː / l-w / ĭ-∅

-------------------

/staˀrŭ/ - /stár/
[3/4] s-s / t-t / aˀ-á / r-r / ŭ-∅
[1/4] s-s / t-t / aˀ-á / r_ŭ-r

-------------------

/sûːxŭ/ - /súːx/
[4/5] s-s / ûː-úː / x_ŭ-x
[1/5] s-s / ûː-úː / x-x / ŭ-∅

-------------------

/sŭdǒrvŭ/ - /zdráʋ/
[3/3] s-z / ŭ-∅ / d-d / ǒ-∅ / r-r / ∅-á / v_ŭ-ʋ

-------------------

/sŭmĭrtĭ/ - /smə́rt/
[2/3] s_ŭ-s / m-m / ĭ-ə́ / r-r / t_ĭ-t
[1/3] s-s / ŭ-∅ / m-m / ĭ-ə́ / r-r / t-t / ĭ-∅

-------------------

/sŭ̂lnĭʦe/ - /sóːnʦɛ/
[3/5] s-s / ŭ̂-óː / l-∅ / n_ĭ-n / ʦ-ʦ / e-ɛ
[2/5] s-s / ŭ̂-óː / l-∅ / n-n / ĭ-∅ / ʦ-ʦ / e-ɛ

-------------------

/telẽ̌/ - /tɛ̀ːlɛ/
[4/4] t-t / e-ɛ̀ː / l-l / ẽ̌-ɛ

-------------------

/tẽʒĭkŭ/ - /tɛ̀ːʒək/
[5/5] t-t / ẽ-ɛ̀ː / ʒ-ʒ / ĭ-ə / k_ŭ-k

-------------------

/těplŭjĭ/ - /tòːpəw/
[1/2] t-t / ě-òː / p_l-p / ŭ-ə / j-w / ĭ-∅
[1/2] t-t / ě-òː / p-p / l-∅ / ŭ-∅ / j-∅ / ĭ-ə_w

-------------------

/tixŭ/ - /tíːx/
[2/3] t-t / i-íː / x_ŭ-x
[1/3] t-t / i-íː / x-x / ŭ-∅

-------------------

/tixŭjĭ/ - /tíːx/
[1/1] t-t / i-íː / x_ŭ-x / j-∅ / ĭ_#>-#>

-------------------

/tǒplŭ/ - /tòːpəw/
[3/3] t-t / ǒ-òː / p-p / l-∅ / ŭ-ə / ∅-w

-------------------

/tǒplŭ/ - /tɔ̀ːpəw/
[1/2] t-t / ǒ-ɔ̀ː / p_l-p / ŭ-ə / #>-w_#>
[1/2] t-t / ǒ-ɔ̀ː / p-p / ∅-ə / l_ŭ-w

-------------------

/traːvǎ/ - /tràːʋa/
[5/5] t-t / r-r / aː-àː / v-ʋ / ǎ-a

-------------------

/tri/ - /tríːjɛ/
[2/3] t-t / r-r / i-íː / ∅-j / ∅-ɛ
[1/3] t-t / r-r / ∅-íː / ∅-j / i-ɛ

-------------------

/trĭ̂je/ - /tríːjɛ/
[2/2] t-t / r-r / ĭ̂-íː / j-j / e-ɛ

-------------------

/tvĭ̂rdi/ - /tə́rt/
[2/2] t_v-t / ĭ̂-ə́ / r-r / d-t / i-∅

-------------------

/tɛ̂ːlo/ - /telóː/
[3/3] t-t / ɛ̂ː-e / l-l / o-óː

-------------------

/uːstǎ/ - /ùːsta/
[4/4] uː-ùː / s-s / t-t / ǎ-a

-------------------

/ûːxo/ - /uxóː/
[4/4] ûː-u / x-x / o-óː

-------------------

/velǐkŭ/ - /ʋɛ̀ːlik/
[2/2] v-ʋ / e-ɛ̀ː / l-l / ǐ-i / k_ŭ-k

-------------------

/velǐkŭjĭ/ - /ʋɛ̀ːlik/
[1/2] v-ʋ / e-ɛ̀ː / l-l / ǐ-i / k_ŭ-k / j-∅ / ĭ_#>-#>
[1/2] v-ʋ / e-ɛ̀ː / l-l / ǐ-i / k_ŭ-k / j-∅ / ĭ-∅

-------------------

/velkti/ - /ʋlèːʧi/
[2/3] v-ʋ / e_l-l / k-∅ / ∅-èː / t-ʧ / i-i
[1/3] v-ʋ / e-∅ / l-l / k-∅ / ∅-èː / t-ʧ / i-i

-------------------

/vẽːzǎti/ - /ʋèːzati/
[4/4] v-ʋ / ẽː-èː / z-z / ǎ-a / t-t / i-i

-------------------

/vẽːzǎti/ - /ʋɛzàːti/
[1/1] v-ʋ / ẽː-ɛ / z-z / ǎ-àː / t-t / i-i

-------------------

/vĭ̂lkŭ/ - /ʋɔ́ːwk/
[5/5] v-ʋ / ĭ̂-ɔ́ː / l-w / k_ŭ-k

-------------------

/vǐdɛti/ - /ʋìːdɛti/
[5/5] v-ʋ / ǐ-ìː / d-d / ɛ-ɛ / t-t / i-i

-------------------

/vodǎ/ - /ʋɔ̀ːda/
[3/3] v-ʋ / o-ɔ̀ː / d-d / ǎ-a

-------------------

/vǒlŭ/ - /ʋɔ́w/
[2/4] v-ʋ / ǒ-ɔ́ / l_ŭ-w
[2/4] v-ʋ / ǒ-ɔ́ / l-w / ŭ-∅

-------------------

/vŭzẽti/ - /ʋzèːti/
[2/4] v_ŭ-ʋ / z-z / ẽ-èː / t-t / i-i
[2/4] v-ʋ / ŭ-∅ / z-z / ẽ-èː / t-t / i-i

-------------------

/vɛˀtrŭ/ - /ʋéːtər/
[4/4] v-ʋ / ɛˀ-éː / t-t / r-∅ / ŭ-ə / ∅-r

-------------------

/xlɛ̌bŭ/ - /xléːp/
[2/3] x-x / l-l / ɛ̌-éː / b-p / ŭ-∅
[1/3] x-x / l-l / ɛ̌-éː / b_ŭ-p

-------------------

/xlɛ̌bŭ/ - /xlɛ́p/
[2/2] x-x / l-l / ɛ̌-ɛ́ / b-p / ŭ-∅

-------------------

/xôːldĭnŭ/ - /xláːdən/
[4/4] x-x / ôː-∅ / l-l / ∅-áː / d-d / ĭ-ə / n_ŭ-n

-------------------

/xôːldĭnŭjĭ/ - /xláːdən/
[1/1] x-x / ôː-∅ / l-l / ∅-áː / d-d / ĭ-ə / n_ŭ-n / j-∅ / ĭ_#>-#>

-------------------

/xrĭbĭtŭ/ - /xə̀rbət/
[2/5] x-x / ∅-ə̀ / r-r / ĭ-∅ / b-b / ĭ-ə / t_ŭ-t
[2/5] x-x / ∅-ə̀ / r-r / ĭ-∅ / b-b / ĭ-ə / t-t / ŭ-∅
[1/5] x-x / ∅-ə̀ / r_ĭ-r / b-b / ĭ-ə / t_ŭ-t

-------------------

/zelěnŭ/ - /zɛlɛ́n/
[5/5] z-z / e-ɛ / l-l / ě-ɛ́ / n_ŭ-n

-------------------

/zemʎǎ/ - /zɛ̀ːmlja/
[4/4] z-z / e-ɛ̀ː / m-m / ʎ-l / ∅-j / ǎ-a

-------------------

/zõ̂bŭ/ - /zóːp/
[3/4] z-z / õ̂-óː / b-p / ŭ-∅
[1/4] z-z / õ̂-óː / b_ŭ-p

-------------------

/zvɛ̂ːrĭ/ - /zʋéːr/
[1/2] z-z / v-ʋ / ɛ̂ː-éː / r_ĭ-r
[1/2] z-z / v-ʋ / ɛ̂ː-éː / r-r / ĭ-∅

-------------------

/ɡlaˀdŭkŭ/ - /ɡlàːdək/
[3/3] ɡ-ɡ / l-l / aˀ-àː / d-d / ŭ-ə / k_ŭ-k

-------------------

/ɡlǔːpŭ/ - /ɡlúːp/
[2/4] ɡ-ɡ / l-l / ǔː-úː / p_ŭ-p
[2/4] ɡ-ɡ / l-l / ǔː-úː / p-p / ŭ-∅

-------------------

/ɡolvaˀ/ - /ɡlàːʋa/
[2/2] ɡ-ɡ / o-∅ / l-l / v-∅ / aˀ-àː / ∅-ʋ / ∅-a

-------------------

/ɡorǎ/ - /ɡɔ̀ːra/
[4/4] ɡ-ɡ / o-ɔ̀ː / r-r / ǎ-a

-------------------

/ɡôlõːbĭ/ - /ɡɔlóːp/
[2/4] ɡ-ɡ / ô-ɔ / l-l / õː-óː / b-p / ĭ_#>-#>
[2/4] ɡ-ɡ / ô-ɔ / l-l / õː-óː / b-p / ĭ-∅

-------------------

/ɡôːlsŭ/ - /ɡláːs/
[2/4] ɡ-ɡ / ôː-∅ / l-l / ∅-áː / s_ŭ-s
[1/4] ɡ-ɡ / ôː-∅ / l-l / ∅-áː / s-s / ŭ-∅
[1/4] ɡ-ɡ / ôː-∅ / l-l / s-áː_s / ŭ-∅

-------------------

/ɡôːrdŭ/ - /ɡráːt/
[3/3] ɡ-ɡ / ôː-∅ / r-r / ∅-áː / d-t / ŭ-∅

-------------------

/ɡvɛːzdǎ/ - /zʋèːzda/
[3/3] ɡ-∅ / ∅-z / v-ʋ / ɛː-èː / z-z / d-d / ǎ-a

-------------------

/ʃêːstĭ/ - /ʃéːst/
[2/3] ʃ-ʃ / êː-éː / s-s / t_ĭ-t
[1/3] ʃ-ʃ / êː-éː / s-s / t-t / ĭ-∅

-------------------

/ʒenǎ/ - /ʒɛ̀ːna/
[5/5] ʒ-ʒ / e-ɛ̀ː / n-n / ǎ-a

-------------------

/ʒivɛti/ - /ʒiʋèːti/
[5/5] ʒ-ʒ / i-i / v-ʋ / ɛ-èː / t-t / i-i

-------------------

/ʒĭ̂ltŭ/ - /ʒɔ́ːwt/
[3/4] ʒ-ʒ / ĭ̂-ɔ́ː / l-w / t_ŭ-t
[1/4] ʒ-ʒ / ĭ̂-ɔ́ː / l-w / t-t / ŭ-∅

-------------------

/ʒĭ̂ltŭjĭ/ - /ʒɔ́ːwt/
[1/1] ʒ-ʒ / ĭ̂-ɔ́ː / l-w / t-t / ŭ-∅ / j-∅ / ĭ-∅

-------------------

/ʦɛ̂ːlŭ/ - /ʦéːw/
[2/4] ʦ-ʦ / ɛ̂ː-éː / l_ŭ-w
[2/4] ʦ-ʦ / ɛ̂ː-éː / l-w / ŭ-∅

-------------------

/ʦɛ̂ːlŭjĭ/ - /ʦéːw/
[1/1] ʦ-ʦ / ɛ̂ː-éː / l_ŭ-w / j-∅ / ĭ_#>-#>

-------------------

/ʧelovɛːkŭ/ - /ʧlɔ̀ːʋɛk/
[3/5] ʧ-ʧ / e-∅ / l-l / o-ɔ̀ː / v-ʋ / ɛː-ɛ / k_ŭ-k
[2/5] ʧ-ʧ / e_l-l / o-ɔ̀ː / v-ʋ / ɛː-ɛ / k_ŭ-k

-------------------

/ʧetɨ̌re/ - /ʃtìːri/
[1/1] ʧ-ʃ / e-∅ / t-t / ɨ̌-ìː / r-r / e-i

-------------------

/ʧetɨ̌re/ - /ʃtìːrjɛ/
[3/4] ʧ-ʃ / e-∅ / t-t / ɨ̌-ìː / r-r / e-j_ɛ
[1/4] ʧ-ʃ / e-∅ / t-t / ɨ̌-ìː / r-r / ∅-j / e-ɛ

-------------------

/ʧĭ̌rnŭ/ - /ʧə̀rn/
[4/4] ʧ-ʧ / ĭ̌-ə̀ / r-r / n_ŭ-n

-------------------

