/anˈɛl/ - /aːnˈɛlʲlʲʊ̃ː/
[3/5] a-aː / n-n / ˈɛ-ˈɛ / l-lʲ / ∅-lʲ / ∅-ʊ̃ː
[2/5] a-aː / n-n / ˈɛ-ˈɛ / ∅-lʲ / l-lʲ / ∅-ʊ̃ː

-------------------

/arˈaɲ/ - /arˈaːneãː/
[2/2] a-a / r-r / ˈa-ˈaː / ∅-n / ɲ-e / ∅-ãː

-------------------

/arˈaɲ/ - /arˈaːneʊ̃ː/
[3/3] a-a / r-r / ˈa-ˈaː / ∅-n / ɲ-e / ∅-ʊ̃ː

-------------------

/aɲˈɛl/ - /aŋnˈɛlʲlʲʊ̃ː/
[3/4] a-a / ɲ-ŋ / ∅-n / ˈɛ-ˈɛ / l-lʲ / ∅-lʲ / ∅-ʊ̃ː
[1/4] a-a / ∅-ŋ / ɲ-n / ˈɛ-ˈɛ / l-lʲ / ∅-lʲ / ∅-ʊ̃ː

-------------------

/blˈaŋk/ - /blˈaŋkʊ̃ː/
[4/5] b-b / l-l / ˈa-ˈa / ŋ-ŋ / k-k / ∅-ʊ̃ː
[1/5] b-b / l-l / ˈa-ˈa / ŋ-ŋ / k-k_ʊ̃ː

-------------------

/bˈas/ - /bˈassʊ̃ː/
[3/5] b-b / ˈa-ˈa / s-s / ∅-s / ∅-ʊ̃ː
[2/5] b-b / ˈa-ˈa / ∅-s / s-s / ∅-ʊ̃ː

-------------------

/bˈaɲ/ - /bˈaneʊ̃ː/
[4/4] b-b / ˈa-ˈa / ∅-n / ɲ-e / ∅-ʊ̃ː

-------------------

/bˈejve/ - /bˈɪbɛrɛ/
[4/5] b-b / ˈe-ˈɪ / j-∅ / v-b / e-ɛ / ∅-r / ∅-ɛ
[1/5] b-b / ˈe-ˈɪ / j-∅ / v-b / e-ɛ_r / #>-ɛ_#>

-------------------

/bˈɔ/ - /bˈɔwɛ̃ː/
[4/5] b-b / ˈɔ-ˈɔ / ∅-w / ∅-ɛ̃ː
[1/5] b-b / ˈɔ-ˈɔ / ∅-w / #>-ɛ̃ː_#>

-------------------

/bˈɔn/ - /bˈɔnʊ̃ː/
[4/4] b-b / ˈɔ-ˈɔ / n-n / ∅-ʊ̃ː

-------------------

/bˈɔna/ - /bˈɔnãː/
[5/5] b-b / ˈɔ-ˈɔ / n-n / a-ãː

-------------------

/bˈɔnes/ - /bˈɔnaːs/
[3/3] b-b / ˈɔ-ˈɔ / n-n / e-aː / s-s

-------------------

/bˈɔni/ - /bˈɔnoːs/
[2/3] b-b / ˈɔ-ˈɔ / n-n / i-oː / ∅-s
[1/3] b-b / ˈɔ-ˈɔ / n-n / i-oː / #>-s_#>

-------------------

/bˈɔʨa/ - /bˈʊkkãː/
[5/5] b-b / ˈɔ-ˈʊ / ʨ-k / ∅-k / a-ãː

-------------------

/bˈɛl/ - /bˈɛlʲlʲʊ̃ː/
[3/5] b-b / ˈɛ-ˈɛ / l-lʲ / ∅-lʲ / ∅-ʊ̃ː
[2/5] b-b / ˈɛ-ˈɛ / ∅-lʲ / l-lʲ / ∅-ʊ̃ː

-------------------

/bˈɛla/ - /bˈɛlʲlʲãː/
[3/4] b-b / ˈɛ-ˈɛ / l-lʲ / ∅-lʲ / a-ãː
[1/4] b-b / ˈɛ-ˈɛ / ∅-lʲ / l-lʲ / a-ãː

-------------------

/bˈɛn/ - /bˈɛnɛ/
[3/3] b-b / ˈɛ-ˈɛ / n-n / ∅-ɛ

-------------------

/dajdˈe/ - /adiuːtˈaːrɛ/
[1/5] ∅-a / d-d / a-∅ / j-i / d-∅ / ˈe-uː / ∅-t / ∅-ˈaː / ∅-r / ∅-ɛ
[1/5] ∅-a / d-d / a-i / j-uː / d-t_ˈaː / ∅-r / ˈe-ɛ
[1/5] ∅-a / d-d / a-i / j-uː / d-t / ˈe-ˈaː_r / ∅-ɛ
[1/5] ∅-a / d-d / a-i / j-uː / d-t / ˈe-ˈaː_r / #>-ɛ_#>
[1/5] d-∅ / a-a / j-∅ / d-d / ∅-i / ˈe-uː / ∅-t / ∅-ˈaː / ∅-r / ∅-ɛ

-------------------

/djˈɛ/ - /dˈeʊs/
[4/5] d-d / j-ˈe / ˈɛ-ʊ / ∅-s
[1/5] d-d / j-ˈe / ˈɛ-ʊ / #>-s_#>

-------------------

/djˈɛʃ/ - /dˈɛkɛ̃ː/
[1/2] d-d / j_ˈɛ-ˈɛ / ʃ-k / ∅-ɛ̃ː
[1/2] d-d / j-∅ / ˈɛ-ˈɛ / ʃ-k / ∅-ɛ̃ː

-------------------

/dormˈi/ - /dɔrmˈiːrɛ/
[4/5] d-d / o-ɔ / r-r / m-m / ˈi-ˈiː / ∅-r / ∅-ɛ
[1/5] d-d / o-ɔ / r-r / m-m / ˈi-ˈiː / ∅-r / #>-ɛ_#>

-------------------

/draɡˈon/ - /drakˈoːnɛ̃ː/
[3/4] d-d / r-r / a-a / ɡ-k / ˈo-ˈoː / n-n / ∅-ɛ̃ː
[1/4] d-d / r-r / a-a / ɡ-k / ˈo-ˈoː / n-n / #>-ɛ̃ː_#>

-------------------

/draɡˈon/ - /drˈakoː/
[1/1] d-d / r-r / a-ˈa / ɡ-k / ˈo-oː / n-∅

-------------------

/dˈe/ - /dˈarɛ/
[2/4] d-d / ∅-ˈa / ∅-r / ˈe-ɛ
[1/4] d-d / ∅-ˈa / ˈe-r_ɛ
[1/4] d-d / ˈe-ˈa / ∅-r / ∅-ɛ

-------------------

/dˈejt/ - /dˈɪɡɪtʊ̃ː/
[2/5] d-d / ˈe-ˈɪ / ∅-ɡ / j-ɪ / t-t_ʊ̃ː
[1/5] d-d / ˈe-ˈɪ_ɡ / j-ɪ / t-t_ʊ̃ː
[1/5] d-d / ˈe-ˈɪ / ∅-ɡ / j-ɪ / t-t / ∅-ʊ̃ː
[1/5] d-d / ˈe-ˈɪ / j-ɡ_ɪ / t-t_ʊ̃ː

-------------------

/dˈi/ - /dˈiɛ̃ː/
[4/5] d-d / ˈi-ˈi / ∅-ɛ̃ː
[1/5] d-d / ˈi-ˈi / #>-ɛ̃ː_#>

-------------------

/dˈi/ - /dˈiːkɛrɛ/
[2/3] d-d / ˈi-ˈiː / ∅-k / ∅-ɛ / ∅-r / ∅-ɛ
[1/3] d-d / ˈi-ˈiː_k / ∅-ɛ / ∅-r / ∅-ɛ

-------------------

/dˈi/ - /dˈiːrɛ/
[1/1] d-d / ˈi-ˈiː / ∅-r / ∅-ɛ

-------------------

/dˈodeʃ/ - /duˈɔdɛkɪ̃/
[4/4] d-d / ˈo-u / ∅-ˈɔ / d-d / e-ɛ / ʃ-k / ∅-ɪ̃

-------------------

/dˈoes/ - /dˈuaːs/
[4/4] d-d / ˈo-ˈu / e-aː / s-s

-------------------

/dˈoj/ - /dˈuoːs/
[4/4] d-d / ˈo-ˈu / j-oː / ∅-s

-------------------

/dˈowʨ/ - /dˈʊɫkɛ̃ː/
[2/3] d-d / ˈo-ˈʊ / w-ɫ / ʨ-k / ∅-ɛ̃ː
[1/3] d-d / ˈo-ˈʊ / w-ɫ / ʨ-k / #>-ɛ̃ː_#>

-------------------

/dˈut/ - /tˈoːtʊ̃ː/
[3/4] d-t / ˈu-ˈoː / t-t_ʊ̃ː
[1/4] d-t / ˈu-ˈoː / t-t / ∅-ʊ̃ː

-------------------

/dˈɛnt/ - /dˈɛntɛ̃ː/
[3/4] d-d / ˈɛ-ˈɛ / n-n / t-t / ∅-ɛ̃ː
[1/4] d-d / ˈɛ-ˈɛ / n-n / t-t / #>-ɛ̃ː_#>

-------------------

/farˈina/ - /farˈiːnãː/
[4/4] f-f / a-a / r-r / ˈi-ˈiː / n-n / a-ãː

-------------------

/fjˈe/ - /fˈiːkaːtʊ̃ː/
[2/3] f-f / j-ˈiː / ∅-k / ˈe-aː / ∅-t / ∅-ʊ̃ː
[1/3] f-f / j-∅ / ˈe-ˈiː / ∅-k / ∅-aː / ∅-t / ∅-ʊ̃ː

-------------------

/flˈama/ - /fɫˈammãː/
[3/3] f-f / l-ɫ / ˈa-ˈa / m-m / ∅-m / a-ãː

-------------------

/flˈowr/ - /fɫˈoːrɛ̃ː/
[3/5] f-f / l-ɫ / ˈo-ˈoː / w-∅ / r-r / ∅-ɛ̃ː
[1/5] f-f / l-ɫ / ˈo_w-ˈoː / r-r / #>-ɛ̃ː_#>
[1/5] f-f / l-ɫ / ˈo-∅ / w-ˈoː / r-r / ∅-ɛ̃ː

-------------------

/flˈum/ - /fɫˈuːmɛ̃ː/
[4/5] f-f / l-ɫ / ˈu-ˈuː / m-m / ∅-ɛ̃ː
[1/5] f-f / l-ɫ / ˈu-ˈuː / m-m / #>-ɛ̃ː_#>

-------------------

/frˈejt/ - /frˈiːɡɪdʊ̃ː/
[2/4] f-f / r-r / ˈe-∅ / j-ˈiː / ∅-ɡ / ∅-ɪ / t-d / ∅-ʊ̃ː
[1/4] f-f / r-r / ˈe-ˈiː / ∅-ɡ / j-ɪ / t-d / ∅-ʊ̃ː
[1/4] f-f / r-r / ˈe-ˈiː / j-ɡ_ɪ / t-d_ʊ̃ː

-------------------

/frˈut/ - /frˈuːktʊ̃ː/
[3/3] f-f / r-r / ˈu-ˈuː / ∅-k / t-t_ʊ̃ː

-------------------

/frˈɛ/ - /frˈaːtrɛ̃ː/
[2/3] f-f / r-r / ˈɛ-ˈaː / ∅-t / ∅-r / ∅-ɛ̃ː
[1/3] f-f / r-r / ˈɛ-ˈaː_t / ∅-r / #>-ɛ̃ː_#>

-------------------

/fwˈɛja/ - /frˈɔndɛãː/
[1/2] f-f / ∅-r / w-ˈɔ / ˈɛ-∅ / ∅-n / ∅-d / j-ɛ / a-ãː
[1/2] f-f / w-r / ˈɛ-ˈɔ / ∅-n / ∅-d / j-ɛ / a-ãː

-------------------

/fwˈɛja/ - /fˈɔlʲiãː/
[2/2] f-f / w-ˈɔ / ˈɛ-lʲ / j-i / a-ãː

-------------------

/fwˈɛk/ - /fˈɔkʊ̃ː/
[3/5] f-f / w-ˈɔ / ˈɛ-∅ / k-k / ∅-ʊ̃ː
[1/5] f-f / w_ˈɛ-ˈɔ / k-k_ʊ̃ː
[1/5] f-f / w-∅ / ˈɛ-ˈɔ / k-k / ∅-ʊ̃ː

-------------------

/fˈam/ - /fˈaminɛ̃ː/
[2/2] f-f / ˈa-ˈa / m-m / ∅-i / ∅-n / ∅-ɛ̃ː

-------------------

/fˈam/ - /fˈamɛ̃ː/
[2/3] f-f / ˈa-ˈa / m-m / ∅-ɛ̃ː
[1/3] f-f / ˈa-ˈa / m-m / #>-ɛ̃ː_#>

-------------------

/fˈata/ - /fˈaːtãː/
[4/4] f-f / ˈa-ˈaː / t-t / a-ãː

-------------------

/fˈawʦ/ - /fˈaɫsʊ̃ː/
[4/4] f-f / ˈa-ˈa / w-ɫ / ʦ-s / ∅-ʊ̃ː

-------------------

/fˈe/ - /fˈakɛrɛ/
[1/1] f-f / ˈe-ˈa / ∅-k / ∅-ɛ / ∅-r / ∅-ɛ

-------------------

/fˈe/ - /fˈarɛ/
[3/4] f-f / ∅-ˈa / ∅-r / ˈe-ɛ
[1/4] f-f / ∅-ˈa / ˈe-r_ɛ

-------------------

/fˈemena/ - /fˈeːmɪnãː/
[5/5] f-f / ˈe-ˈeː / m-m / e-ɪ / n-n / a-ãː

-------------------

/fˈi/ - /fˈiːlʲiãː/
[3/4] f-f / ˈi-ˈiː / ∅-lʲ / ∅-i / ∅-ãː
[1/4] f-f / ˈi-ˈiː_lʲ / ∅-i / ∅-ãː

-------------------

/fˈi/ - /fˈiːlʲiʊs/
[1/2] f-f / ˈi-ˈiː / ∅-lʲ / ∅-i / ∅-ʊ / ∅-s
[1/2] f-f / ˈi-ˈiː / ∅-lʲ / ∅-i / ∅-ʊ / #>-s_#>

-------------------

/fˈi/ - /fˈiːlʲiʊ̃ː/
[2/3] f-f / ˈi-ˈiː / ∅-lʲ / ∅-i / ∅-ʊ̃ː
[1/3] f-f / ˈi-ˈiː_lʲ / ∅-i / ∅-ʊ̃ː

-------------------

/fˈil/ - /fˈiːɫʊ̃ː/
[4/5] f-f / ˈi-ˈiː / l-ɫ_ʊ̃ː
[1/5] f-f / ˈi-ˈiː / l-ɫ / ∅-ʊ̃ː

-------------------

/fˈin/ - /fˈiːnɛ̃ː/
[3/4] f-f / ˈi-ˈiː / n-n / ∅-ɛ̃ː
[1/4] f-f / ˈi-ˈiː / n-n / #>-ɛ̃ː_#>

-------------------

/fˈɔrt/ - /fˈɔrtɛ̃ː/
[4/5] f-f / ˈɔ-ˈɔ / r-r / t-t / ∅-ɛ̃ː
[1/5] f-f / ˈɔ-ˈɔ / r-r / t-t / #>-ɛ̃ː_#>

-------------------

/fˈɛr/ - /fˈɛrrʊ̃ː/
[3/5] f-f / ˈɛ-ˈɛ / r-r / ∅-r / ∅-ʊ̃ː
[2/5] f-f / ˈɛ-ˈɛ / ∅-r / r-r_ʊ̃ː

-------------------

/fˈɛsta/ - /fˈɛstãː/
[3/3] f-f / ˈɛ-ˈɛ / s-s / t-t / a-ãː

-------------------

/invˈɛrn/ - /hiːbˈɛrnʊ̃ː/
[3/4] ∅-h / i-iː / n-∅ / v-b / ˈɛ-ˈɛ / r-r / n-n / ∅-ʊ̃ː
[1/4] <#-<#_h / i-iː / n-∅ / v-b / ˈɛ-ˈɛ / r-r / n-n / ∅-ʊ̃ː

-------------------

/inˈɔm/ - /nˈoːmɛ̃ː/
[2/2] i-∅ / n-n / ˈɔ-ˈoː / m-m / ∅-ɛ̃ː

-------------------

/istˈe/ - /ae̯stˈaːtɛ̃ː/
[3/3] i-ae̯ / s-s / t-t / ˈe-ˈaː / ∅-t / ∅-ɛ̃ː

-------------------

/istˈe/ - /ae̯stˈiːwʊ̃ː/
[1/1] i-ae̯ / s-s / t-t / ˈe-ˈiː / ∅-w / ∅-ʊ̃ː

-------------------

/klamˈe/ - /kɫaːmˈaːrɛ/
[3/5] k-k / l-ɫ / a-aː / m-m / ∅-ˈaː / ∅-r / ˈe-ɛ
[1/5] k-k / l-ɫ / a-aː / m-m / ˈe-ˈaː_r / ∅-ɛ
[1/5] k-k / l-ɫ / a-aː / m-m / ˈe-ˈaː_r / #>-ɛ_#>

-------------------

/klˈɛf/ - /klˈaːwɛ̃ː/
[1/1] k-k / l-l / ˈɛ-ˈaː / f-∅ / ∅-w / ∅-ɛ̃ː

-------------------

/kolˈowr/ - /koɫˈoːrɛ̃ː/
[1/1] k-k / o-o / l-ɫ / ˈo-∅ / w-ˈoː / r-r / ∅-ɛ̃ː

-------------------

/konˈeʃe/ - /kɔɡnˈoːskɛrɛ/
[3/4] k-k / o-ɔ / ∅-ɡ / n-n / ˈe-ˈoː / ʃ-s / ∅-k / e-ɛ / ∅-r / ∅-ɛ
[1/4] k-k / o-ɔ / ∅-ɡ / n-n / ˈe-ˈoː / ʃ-s / ∅-k / e-ɛ_r / #>-ɛ_#>

-------------------

/krˈeje/ - /krˈeːdɛrɛ/
[4/5] k-k / r-r / ˈe-ˈeː / ∅-d / j-ɛ / ∅-r / e-ɛ
[1/5] k-k / r-r / ˈe-ˈeː / ∅-d / j-ɛ / e-r_ɛ

-------------------

/krˈowʃ/ - /krˈʊkɛ̃ː/
[4/5] k-k / r-r / ˈo-ˈʊ / w-∅ / ʃ-k / ∅-ɛ̃ː
[1/5] k-k / r-r / ˈo-ˈʊ / w_ʃ-k / #>-ɛ̃ː_#>

-------------------

/kwˈɛr/ - /kˈɔrɛ̃ː/
[3/4] k-k / w-ˈɔ / ˈɛ-∅ / r-r / ∅-ɛ̃ː
[1/4] k-k / w-∅ / ˈɛ-ˈɔ / r-r / ∅-ɛ̃ː

-------------------

/kwˈɛsa/ - /kˈɔksãː/
[3/5] k-k / w-ˈɔ / ˈɛ-∅ / ∅-k / s-s / a-ãː
[1/5] k-k / w_ˈɛ-ˈɔ / s-k_s / a-ãː
[1/5] k-k / w-∅ / ˈɛ-ˈɔ / ∅-k / s-s / a-ãː

-------------------

/kˈater/ - /kʷˈattuɔr/
[3/5] k-kʷ / ˈa-ˈa / ∅-t / t-t / e-u / ∅-ɔ / r-r
[2/5] k-kʷ / ˈa-ˈa / t-t / ∅-t / e-u / ∅-ɔ / r-r

-------------------

/kˈi/ - /kʷˈiː/
[1/1] k-kʷ / ˈi-ˈiː

-------------------

/kˈi/ - /kʷˈɛ̃ː/
[4/4] k-kʷ / ˈi-ˈɛ̃ː

-------------------

/kˈoda/ - /kˈoːdãː/
[5/5] k-k / ˈo-ˈoː / d-d / a-ãː

-------------------

/kˈul/ - /kˈuːɫʊ̃ː/
[4/5] k-k / ˈu-ˈuː / l-ɫ_ʊ̃ː
[1/5] k-k / ˈu-ˈuː / l-ɫ / ∅-ʊ̃ː

-------------------

/kˈurt/ - /kˈʊrtʊ̃ː/
[4/5] k-k / ˈu-ˈʊ / r-r / t-t_ʊ̃ː
[1/5] k-k / ˈu-ˈʊ / r-r / t-t / ∅-ʊ̃ː

-------------------

/kˈɔl/ - /kˈɔlʲlʲʊ̃ː/
[1/1] k-k / ˈɔ-ˈɔ / l-lʲ / ∅-lʲ / ∅-ʊ̃ː

-------------------

/kˈɔrn/ - /kˈɔrnuː/
[4/4] k-k / ˈɔ-ˈɔ / r-r / n-n / ∅-uː

-------------------

/kˈɔrp/ - /kˈɔrpʊs/
[1/1] k-k / ˈɔ-ˈɔ / r-r / p-p / ∅-ʊ / #>-s_#>

-------------------

/kˈɔrp/ - /kˈɔrpʊ̃ː/
[4/4] k-k / ˈɔ-ˈɔ / r-r / p-p / ∅-ʊ̃ː

-------------------

/kˈɔsa/ - /kˈau̯sãː/
[5/5] k-k / ˈɔ-ˈau̯ / s-s / a-ãː

-------------------

/kˈɔsta/ - /kˈɔstãː/
[4/4] k-k / ˈɔ-ˈɔ / s-s / t-t / a-ãː

-------------------

/ljˈon/ - /ɫeˈoːnɛ̃ː/
[3/4] l-ɫ / j-e / ˈo-ˈoː / n-n / ∅-ɛ̃ː
[1/4] l-ɫ / j-e / ˈo-ˈoː / n-n / #>-ɛ̃ː_#>

-------------------

/ljˈɛver/ - /ɫˈɛpɔrɛ̃ː/
[2/3] l-ɫ / j_ˈɛ-ˈɛ / v-p / e-ɔ / r-r / ∅-ɛ̃ː
[1/3] l_j-ɫ / ˈɛ-ˈɛ / v-p / e-ɔ / r-r / ∅-ɛ̃ː

-------------------

/ljˈɛʒe/ - /ɫˈɛɡɛrɛ/
[1/4] l_j-ɫ / ˈɛ-ˈɛ / ʒ-ɡ / e-ɛ / ∅-r / ∅-ɛ
[1/4] l-ɫ / j_ˈɛ-ˈɛ / ʒ-ɡ / e-ɛ / ∅-r / ∅-ɛ
[1/4] l-ɫ / j-∅ / ˈɛ-ˈɛ / ʒ-ɡ / ∅-ɛ / ∅-r / e-ɛ
[1/4] l-ɫ / j-∅ / ˈɛ-ˈɛ / ʒ-ɡ / e-ɛ_r / #>-ɛ_#>

-------------------

/lwˈɛk/ - /ɫˈɔkʊs/
[1/2] l-ɫ / w_ˈɛ-ˈɔ / k-k / ∅-ʊ / #>-s_#>
[1/2] l-ɫ / w-∅ / ˈɛ-ˈɔ / k-k / ∅-ʊ / ∅-s

-------------------

/lwˈɛk/ - /ɫˈɔkʊ̃ː/
[3/3] l-ɫ / w-ˈɔ / ˈɛ-∅ / k-k / ∅-ʊ̃ː

-------------------

/lˈana/ - /ɫˈaːnãː/
[5/5] l-ɫ / ˈa-ˈaː / n-n / a-ãː

-------------------

/lˈat/ - /ɫˈaktɛ̃ː/
[2/4] l-ɫ / ˈa-ˈa / t-k_t / ∅-ɛ̃ː
[1/4] l-ɫ / ˈa-ˈa / ∅-k / t-t / ∅-ɛ̃ː
[1/4] l-ɫ / ˈa-ˈa / t-k_t / #>-ɛ̃ː_#>

-------------------

/lˈetra/ - /lʲˈɪttɛrãː/
[3/5] l-lʲ / ˈe-ˈɪ / t-t / ∅-t / ∅-ɛ / r-r / a-ãː
[2/5] l-lʲ / ˈe-ˈɪ / ∅-t / t-t / ∅-ɛ / r-r / a-ãː

-------------------

/lˈeŋɡa/ - /lˈɪŋɡʷãː/
[4/4] l-l / ˈe-ˈɪ / ŋ-ŋ / ɡ-ɡʷ / a-ãː

-------------------

/lˈeɲ/ - /lˈɪɡnʊ̃ː/
[3/4] l-l / ˈe-ˈɪ / ∅-ɡ / ɲ-n / ∅-ʊ̃ː
[1/4] l-l / ˈe-ˈɪ / ɲ-ɡ_n / ∅-ʊ̃ː

-------------------

/lˈeɲa/ - /lˈɪɡnãː/
[1/3] l-l / ˈe-ˈɪ_ɡ / ɲ-n / a-ãː
[1/3] l-l / ˈe-ˈɪ / ∅-ɡ / ɲ-n / a-ãː
[1/3] l-l / ˈe-ˈɪ / ɲ-ɡ_n / a-ãː

-------------------

/lˈeʤe/ - /lˈeːɡɛ̃/
[4/4] l-l / ˈe-ˈeː / ʤ-ɡ / e-ɛ̃

-------------------

/lˈowf/ - /ɫˈʊpʊ̃ː/
[2/2] l-ɫ / ˈo-ˈʊ / w-∅ / f-p / ∅-ʊ̃ː

-------------------

/lˈoŋk/ - /ɫˈɔŋɡʊ̃ː/
[5/5] l-ɫ / ˈo-ˈɔ / ŋ-ŋ / k-ɡ / ∅-ʊ̃ː

-------------------

/lˈum/ - /ɫˈuːmɛ̃ː/
[3/4] l-ɫ / ˈu-ˈuː / m-m / ∅-ɛ̃ː
[1/4] l-ɫ / ˈu-ˈuː / m-m / #>-ɛ̃ː_#>

-------------------

/lˈuna/ - /ɫˈuːnãː/
[5/5] l-ɫ / ˈu-ˈuː / n-n / a-ãː

-------------------

/lˈɛk/ - /lˈakʊ̃ː/
[3/4] l-l / ˈɛ-ˈa / k-k / ∅-ʊ̃ː
[1/4] l-l / ˈɛ-ˈa / k-k_ʊ̃ː

-------------------

/lˈɛt/ - /ɫˈɛktʊ̃ː/
[3/4] l-ɫ / ˈɛ-ˈɛ / ∅-k / t-t_ʊ̃ː
[1/4] l-ɫ / ˈɛ-ˈɛ / ∅-k / t-t / ∅-ʊ̃ː

-------------------

/lˈɛɡrema/ - /ɫˈakrɪmãː/
[3/3] l-ɫ / ˈɛ-ˈa / ɡ-k / r-r / e-ɪ / m-m / a-ãː

-------------------

/madˈur/ - /maːtˈuːrʊ̃ː/
[3/5] m-m / a-aː / d-t / ˈu-ˈuː / r-r_ʊ̃ː
[2/5] m-m / a-aː / d-t / ˈu-ˈuː / r-r / ∅-ʊ̃ː

-------------------

/manʥˈe/ - /manduːkˈaːrɛ/
[3/4] m-m / a-a / n-n / ʥ-d / ˈe-uː / ∅-k / ∅-ˈaː / ∅-r / ∅-ɛ
[1/4] m-m / a-a / n-n / ʥ-d / ˈe-uː / ∅-k / ∅-ˈaː / ∅-r / #>-ɛ_#>

-------------------

/mjˈowr/ - /mɛlʲiˈoːrɛ̃ː/
[1/4] m-m / ∅-ɛ / ∅-lʲ / j-i / ˈo_w-ˈoː / r-r / #>-ɛ̃ː_#>
[1/4] m-m / ∅-ɛ / ∅-lʲ / j-i / ˈo-ˈoː / w-∅ / r-r / ∅-ɛ̃ː
[1/4] m-m / ∅-ɛ / j-lʲ_i / ˈo-∅ / w-ˈoː / r-r / ∅-ɛ̃ː
[1/4] m-m / ∅-ɛ / j-lʲ / ˈo-i / w-ˈoː / r-r / ∅-ɛ̃ː

-------------------

/mjˈɛʨ/ - /mˈɛlʲiʊs/
[2/4] m-m / ∅-ˈɛ / ∅-lʲ / j-i / ˈɛ-ʊ / ʨ-s
[1/4] m-m / ∅-ˈɛ / j-lʲ_i / ˈɛ-ʊ / ʨ-s
[1/4] m-m / ∅-ˈɛ / j-lʲ / ∅-i / ˈɛ-ʊ / ʨ-s

-------------------

/morˈi/ - /mɔrˈiːrɛ/
[2/3] m-m / o-ɔ / r-r / ˈi-ˈiː / ∅-r / ∅-ɛ
[1/3] m-m / o-ɔ / r-r / ˈi-ˈiː / ∅-r / #>-ɛ_#>

-------------------

/mˈan/ - /mˈanʊ̃ː/
[5/5] m-m / ˈa-ˈa / n-n / ∅-ʊ̃ː

-------------------

/mˈe/ - /mˈeː/
[4/4] m-m / ˈe-ˈeː

-------------------

/mˈi/ - /mˈeː/
[1/1] m-m / ˈi-ˈeː

-------------------

/mˈile/ - /mˈiːlʲlʲɛ/
[3/4] m-m / ˈi-ˈiː / l-lʲ / ∅-lʲ / e-ɛ
[1/4] m-m / ˈi-ˈiː / ∅-lʲ / l-lʲ / e-ɛ

-------------------

/mˈoʃʨa/ - /mˈʊskãː/
[3/3] m-m / ˈo-ˈʊ / ʃ-s / ʨ-k / a-ãː

-------------------

/mˈɔrde/ - /mɔrsɪkˈaːrɛ/
[1/1] m-m / ˈɔ-ɔ / r-r / d-s / e-ɪ / ∅-k / ∅-ˈaː / ∅-r / ∅-ɛ

-------------------

/mˈɔrde/ - /mˈɔrdeːrɛ/
[3/4] m-m / ˈɔ-ˈɔ / r-r / d-d / e-eː / ∅-r / ∅-ɛ
[1/4] m-m / ˈɔ-ˈɔ / r-r / d-d / e-eː / ∅-r / #>-ɛ_#>

-------------------

/mˈɔrt/ - /mˈɔrtɛ̃ː/
[4/5] m-m / ˈɔ-ˈɔ / r-r / t-t / ∅-ɛ̃ː
[1/5] m-m / ˈɔ-ˈɔ / r-r / t-t / #>-ɛ̃ː_#>

-------------------

/mˈɛr/ - /mˈarɛ/
[4/5] m-m / ˈɛ-ˈa / r-r / ∅-ɛ
[1/5] m-m / ˈɛ-ˈa / r-r / #>-ɛ_#>

-------------------

/mˈɛre/ - /mˈaːtrɛ̃ː/
[4/5] m-m / ˈɛ-ˈaː / ∅-t / r-r / e-ɛ̃ː
[1/5] m-m / ˈɛ-ˈaː_t / r-r / e-ɛ̃ː

-------------------

/mˈɛʦ/ - /mˈɛdiʊ̃ː/
[3/3] m-m / ˈɛ-ˈɛ / ʦ-d / ∅-i / ∅-ʊ̃ː

-------------------

/ne/ - /noːn/
[4/4] n-n / e-oː / ∅-n

-------------------

/nodˈe/ - /natˈaːrɛ/
[2/5] n-n / o-a / d-t / ∅-ˈaː / ∅-r / ˈe-ɛ
[1/5] n-n / o-a / d-t_ˈaː / ∅-r / ˈe-ɛ
[1/5] n-n / o-a / d-t / ˈe-ˈaː_r / ∅-ɛ
[1/5] n-n / o-a / d-t / ˈe-ˈaː_r / #>-ɛ_#>

-------------------

/nwˈet/ - /nˈɔktɛ̃ː/
[1/2] n-n / w-ˈɔ / ˈe-∅ / ∅-k / t-t / ∅-ɛ̃ː
[1/2] n-n / w-ˈɔ / ˈe-∅ / t-k_t / #>-ɛ̃ː_#>

-------------------

/nwˈɛf/ - /nˈowɛ̃/
[3/4] n-n / w-ˈo / ∅-w / ˈɛ-ɛ̃ / f-∅
[1/4] n-n / w-ˈo / ∅-w / ˈɛ-ɛ̃ / f_#>-#>

-------------------

/nwˈɛf/ - /nˈɔwʊ̃ː/
[2/3] n-n / w-ˈɔ / ˈɛ-w / f-∅ / ∅-ʊ̃ː
[1/3] n-n / w-ˈɔ / ˈɛ-w_ʊ̃ː / f-∅

-------------------

/nˈejf/ - /nˈɪwɛ̃ː/
[4/5] n-n / ˈe-ˈɪ / j-w / f-∅ / ∅-ɛ̃ː
[1/5] n-n / ˈe-ˈɪ / j-w / f-∅ / #>-ɛ̃ː_#>

-------------------

/nˈejɡer/ - /nˈɪɡrʊ̃ː/
[2/3] n-n / ˈe-ˈɪ / j-∅ / ɡ-ɡ / e-∅ / r-r_ʊ̃ː
[1/3] n-n / ˈe-ˈɪ / j-∅ / ɡ-ɡ / e-∅ / r-r / ∅-ʊ̃ː

-------------------

/nˈiol/ - /nˈɛbʊɫãː/
[5/5] n-n / ˈi-ˈɛ / ∅-b / o-ʊ / l-ɫ / ∅-ãː

-------------------

/nˈiola/ - /nˈuːbɪɫãː/
[5/5] n-n / ˈi-ˈuː / ∅-b / o-ɪ / l-ɫ / a-ãː

-------------------

/nˈos/ - /nˈoːs/
[3/3] n-n / ˈo-ˈoː / s-s

-------------------

/nˈowʃ/ - /nˈʊkɛ̃ː/
[4/5] n-n / ˈo-ˈʊ / w-∅ / ʃ-k / ∅-ɛ̃ː
[1/5] n-n / ˈo-ˈʊ / w_ʃ-k / #>-ɛ̃ː_#>

-------------------

/nˈɔst/ - /nˈɔstrʊ̃ː/
[4/4] n-n / ˈɔ-ˈɔ / s-s / t-t / ∅-r / ∅-ʊ̃ː

-------------------

/nˈɛs/ - /nˈaːsʊ̃ː/
[4/4] n-n / ˈɛ-ˈaː / s-s / ∅-ʊ̃ː

-------------------

/orˈɛdla/ - /au̯rˈɪkʊɫãː/
[2/3] o-au̯ / r-r / ∅-ˈɪ / ∅-k / ˈɛ-ʊ / d-∅ / l-ɫ / a-ãː
[1/3] o-au̯ / r-r / ∅-ˈɪ / ∅-k / ˈɛ_d-ʊ / l-ɫ / a-ãː

-------------------

/palˈaʦ/ - /paɫˈatiʊ̃ː/
[5/5] p-p / a-a / l-ɫ / ˈa-ˈa / ʦ-t / ∅-i / ∅-ʊ̃ː

-------------------

/parˈɔla/ - /parˈabɔɫãː/
[4/4] p-p / a-a / r-r / ∅-ˈa / ∅-b / ˈɔ-ɔ / l-ɫ / a-ãː

-------------------

/pjˈɛdl/ - /peːdˈukʊɫʊ̃ː/
[3/4] p-p / j-eː / ˈɛ-∅ / d-d / ∅-ˈu / ∅-k / ∅-ʊ / l-ɫ_ʊ̃ː
[1/4] p-p / j-eː / ˈɛ-∅ / d-d / ∅-ˈu / ∅-k / ∅-ʊ / l-ɫ / ∅-ʊ̃ː

-------------------

/pjˈɛt/ - /pˈɛktʊs/
[1/1] p-p / j_ˈɛ-ˈɛ / ∅-k / t-t / ∅-ʊ / ∅-s

-------------------

/pjˈɛt/ - /pˈɛktʊ̃ː/
[3/4] p-p / j-∅ / ˈɛ-ˈɛ / ∅-k / t-t_ʊ̃ː
[1/4] p-p / j_ˈɛ-ˈɛ / ∅-k / t-t_ʊ̃ː

-------------------

/plwˈɛvja/ - /pɫˈʊwiãː/
[5/5] p-p / l-ɫ / w-ˈʊ / ˈɛ-∅ / v-w / j-i / a-ãː

-------------------

/plˈaja/ - /plˈaːɡãː/
[2/4] p-p / l-l / ˈa-ˈaː / j-∅ / ∅-ɡ / a-ãː
[2/4] p-p / l-l / ˈa-ˈaː / j-ɡ / a-ãː

-------------------

/plˈuma/ - /pɫˈuːmãː/
[4/4] p-p / l-ɫ / ˈu-ˈuː / m-m / a-ãː

-------------------

/plˈɛn/ - /pɫˈeːnʊ̃ː/
[3/3] p-p / l-ɫ / ˈɛ-ˈeː / n-n / ∅-ʊ̃ː

-------------------

/podˈej/ - /poːtˈeːrɛ/
[3/4] p-p / o-oː / d-t / ˈe-ˈeː / ∅-r / j-ɛ
[1/4] p-p / o-oː / d-t / ˈe-ˈeː / j-r_ɛ

-------------------

/prjˈɛʃ/ - /prˈɛtiʊ̃ː/
[3/4] p-p / r-r / j-∅ / ˈɛ-ˈɛ / ʃ-t / ∅-i / ∅-ʊ̃ː
[1/4] p-p / r-r / j_ˈɛ-ˈɛ / ʃ-t / ∅-i / ∅-ʊ̃ː

-------------------

/pwˈɛk/ - /pˈau̯kʊ̃ː/
[3/4] p-p / w-ˈau̯ / ˈɛ-∅ / k-k / ∅-ʊ̃ː
[1/4] p-p / w_ˈɛ-ˈau̯ / k-k_ʊ̃ː

-------------------

/pwˈɛre/ - /pˈau̯pɛrɛ̃ː/
[3/4] p-p / w-ˈau̯ / ∅-p / ˈɛ-ɛ / r-r / e-ɛ̃ː
[1/4] p-p / w-ˈau̯ / ˈɛ-∅ / ∅-p / ∅-ɛ / r-r / e-ɛ̃ː

-------------------

/pˈan/ - /pˈaːnɛ̃ː/
[2/3] p-p / ˈa-ˈaː / n-n / ∅-ɛ̃ː
[1/3] p-p / ˈa-ˈaː / n-n / #>-ɛ̃ː_#>

-------------------

/pˈejl/ - /kapˈɪlʲlʲʊ̃ː/
[1/1] ∅-k / ∅-a / p-p / ˈe-ˈɪ / j-lʲ / l-lʲ / ∅-ʊ̃ː

-------------------

/pˈejl/ - /pˈɪɫʊ̃ː/
[3/4] p-p / ˈe-ˈɪ / j-∅ / l-ɫ_ʊ̃ː
[1/4] p-p / ˈe-ˈɪ / j_l-ɫ / ∅-ʊ̃ː

-------------------

/pˈena/ - /pˈɪnnãː/
[3/5] p-p / ˈe-ˈɪ / n-n / ∅-n / a-ãː
[2/5] p-p / ˈe-ˈɪ / ∅-n / n-n / a-ãː

-------------------

/pˈeʃ/ - /pɪskˈoːnɛ̃ː/
[1/1] p-p / ˈe-ɪ / ʃ-s / ∅-k / ∅-ˈoː / ∅-n / #>-ɛ̃ː_#>

-------------------

/pˈeʃ/ - /pˈɪskɛ̃ː/
[4/4] p-p / ˈe-ˈɪ / ʃ-s / ∅-k / ∅-ɛ̃ː

-------------------

/pˈont/ - /pˈɔntɛ̃ː/
[3/4] p-p / ˈo-ˈɔ / n-n / t-t / ∅-ɛ̃ː
[1/4] p-p / ˈo-ˈɔ / n-n / t-t / #>-ɛ̃ː_#>

-------------------

/pˈont/ - /pˈʊŋktʊ̃ː/
[2/3] p-p / ˈo-ˈʊ / n-ŋ_k / t-t_ʊ̃ː
[1/3] p-p / ˈo-ˈʊ / n-ŋ / ∅-k / t-t / ∅-ʊ̃ː

-------------------

/pˈuɲ/ - /pˈʊŋnʊ̃ː/
[2/4] p-p / ˈu-ˈʊ / ∅-ŋ / ɲ-n / ∅-ʊ̃ː
[2/4] p-p / ˈu-ˈʊ / ɲ-ŋ / ∅-n / ∅-ʊ̃ː

-------------------

/pˈɔʦ/ - /pˈʊteʊ̃ː/
[4/5] p-p / ˈɔ-ˈʊ / ʦ-t / ∅-e / ∅-ʊ̃ː
[1/5] p-p / ˈɔ-ˈʊ / ʦ-t_e / ∅-ʊ̃ː

-------------------

/pˈɛ/ - /pˈɛdɛ̃ː/
[4/4] p-p / ˈɛ-ˈɛ / ∅-d / ∅-ɛ̃ː

-------------------

/pˈɛl/ - /pˈɛlʲlʲɛ̃ː/
[2/4] p-p / ˈɛ-ˈɛ / ∅-lʲ / l-lʲ / ∅-ɛ̃ː
[1/4] p-p / ˈɛ-ˈɛ / l-lʲ / ∅-lʲ / ∅-ɛ̃ː
[1/4] p-p / ˈɛ-ˈɛ / l-lʲ / ∅-lʲ / #>-ɛ̃ː_#>

-------------------

/pˈɛra/ - /pˈɛtrãː/
[3/3] p-p / ˈɛ-ˈɛ / ∅-t / r-r / a-ãː

-------------------

/pˈɛre/ - /pˈatrɛ̃ː/
[4/4] p-p / ˈɛ-ˈa / ∅-t / r-r / e-ɛ̃ː

-------------------

/pˈɛʃ/ - /pˈaːkɛ̃ː/
[4/5] p-p / ˈɛ-ˈaː / ʃ-k / ∅-ɛ̃ː
[1/5] p-p / ˈɛ-ˈaː / ʃ-k / #>-ɛ̃ː_#>

-------------------

/pˈɛʃʨa/ - /pˈɛrsɪkãː/
[4/4] p-p / ˈɛ-ˈɛ / ∅-r / ʃ-s / ∅-ɪ / ʨ-k / a-ãː

-------------------

/pˈɛʃʨa/ - /pˈɛrsɪkʊ̃ː/
[1/1] p-p / ˈɛ-ˈɛ / ∅-r / ʃ-s / ∅-ɪ / ʨ-k / a-∅ / ∅-ʊ̃ː

-------------------

/raˈiʃ/ - /raːdiːkˈiːnãː/
[1/1] r-r / a-aː / ∅-d / ˈi-iː / ʃ-k / ∅-ˈiː / ∅-n / ∅-ãː

-------------------

/raˈiʃ/ - /raːdˈiːkɛ̃ː/
[3/4] r-r / a-aː / ∅-d / ˈi-ˈiː / ʃ-k / ∅-ɛ̃ː
[1/4] r-r / a-aː / ∅-d / ˈi-ˈiː / ʃ-k / #>-ɛ̃ː_#>

-------------------

/reʒˈon/ - /ratiˈoːnɛ̃ː/
[3/4] r-r / e-a / ʒ-t / ∅-i / ˈo-ˈoː / n-n / ∅-ɛ̃ː
[1/4] r-r / e-a / ʒ-t / ∅-i / ˈo-ˈoː / n-n / #>-ɛ̃ː_#>

-------------------

/reʥˈina/ - /reːɡˈiːnãː/
[4/4] r-r / e-eː / ʥ-ɡ / ˈi-ˈiː / n-n / a-ãː

-------------------

/romˈan/ - /roːmˈaːnʊ̃ː/
[3/3] r-r / o-oː / m-m / ˈa-ˈaː / n-n / ∅-ʊ̃ː

-------------------

/rˈe/ - /rˈeːɡɛ̃ː/
[4/5] r-r / ˈe-ˈeː / ∅-ɡ / ∅-ɛ̃ː
[1/5] r-r / ˈe-ˈeː / ∅-ɡ / #>-ɛ̃ː_#>

-------------------

/savˈej/ - /skˈiːrɛ/
[1/1] s-s / a-∅ / v-k / ˈe-ˈiː / j-r_ɛ

-------------------

/savˈej/ - /sˈapɛrɛ/
[4/4] s-s / a-ˈa / v-p / ˈe-ɛ / ∅-r / j-ɛ

-------------------

/sawlˈon/ - /harˈeːnãː/
[1/1] s-h / a-a / w-∅ / l-r / ˈo-ˈeː / n-n / ∅-ãː

-------------------

/sawlˈon/ - /sˈabʊɫa/
[3/3] s-s / a-ˈa / ∅-b / w-ʊ / l-ɫ / ˈo-a / n-∅

-------------------

/sawlˈon/ - /sˈabʊɫʊ̃ː/
[1/1] s-s / a-∅ / w-ˈa / ∅-b / ∅-ʊ / l-ɫ / ˈo-ʊ̃ː / n-∅

-------------------

/semˈenʦa/ - /seːmˈɛntɛ̃ː/
[2/3] s-s / e-eː / m-m / ˈe-ˈɛ / n-n / ʦ-t / a-ɛ̃ː
[1/3] s-s / e-eː / m-m / ˈe-ˈɛ / n-n / ʦ-t / a-∅ / ∅-ɛ̃ː

-------------------

/semˈenʦa/ - /sˈeːmɛ̃ː/
[1/1] s-s / e-ˈeː / m-m / ˈe-ɛ̃ː / n-∅ / ʦ-∅ / a-∅

-------------------

/setemˈana/ - /sɛptɪmˈaːnãː/
[3/3] s-s / e-ɛ / ∅-p / t-t / e-ɪ / m-m / ˈa-ˈaː / n-n / a-ãː

-------------------

/seɡˈur/ - /seːkˈuːrʊ̃ː/
[2/3] s-s / e-eː / ɡ-k / ˈu-ˈuː / r-r / ∅-ʊ̃ː
[1/3] s-s / e-eː / ɡ-k / ˈu-ˈuː / r-r_ʊ̃ː

-------------------

/sjˈɛs/ - /sˈɛks/
[2/3] s-s / j-∅ / ˈɛ-ˈɛ / ∅-k / s-s
[1/3] s-s / j_ˈɛ-ˈɛ / ∅-k / s-s

-------------------

/skutˈe/ - /au̯skʊɫtˈaːrɛ/
[3/5] ∅-au̯ / s-s / k-k / u-ʊ / ∅-ɫ / t-t / ∅-ˈaː / ∅-r / ˈe-ɛ
[1/5] ∅-au̯ / s-s / k-k / u-ʊ / ∅-ɫ / t-t / ˈe-ˈaː_r / ∅-ɛ
[1/5] ∅-au̯ / s-s / k-k / u-ʊ / ∅-ɫ / t-t / ˈe-ˈaː_r / #>-ɛ_#>

-------------------

/skˈur/ - /opskˈuːrʊ̃ː/
[3/5] ∅-o / ∅-p / s-s / k-k / ˈu-ˈuː / r-r_ʊ̃ː
[2/5] ∅-o / ∅-p / s-s / k-k / ˈu-ˈuː / r-r / ∅-ʊ̃ː

-------------------

/sorˈedl/ - /sˈoːɫɛ̃ː/
[4/5] s-s / o-ˈoː / r-∅ / ˈe-∅ / d-∅ / l-ɫ / ∅-ɛ̃ː
[1/5] s-s / o-ˈoː / r-∅ / ˈe-∅ / d-∅ / l-ɫ_ɛ̃ː

-------------------

/sˈan/ - /sˈaːnʊ̃ː/
[4/4] s-s / ˈa-ˈaː / n-n / ∅-ʊ̃ː

-------------------

/sˈana/ - /sˈaːnãː/
[4/4] s-s / ˈa-ˈaː / n-n / a-ãː

-------------------

/sˈant/ - /sˈaːŋktʊ̃ː/
[2/5] s-s / ˈa-ˈaː / n-ŋ_k / t-t_ʊ̃ː
[2/5] s-s / ˈa-ˈaː / n-ŋ / ∅-k / t-t_ʊ̃ː
[1/5] s-s / ˈa-ˈaː / n-ŋ / ∅-k / t-t / ∅-ʊ̃ː

-------------------

/sˈas/ - /sˈaksʊ̃ː/
[4/5] s-s / ˈa-ˈa / ∅-k / s-s / ∅-ʊ̃ː
[1/5] s-s / ˈa-ˈa / s-k_s / ∅-ʊ̃ː

-------------------

/sˈave/ - /sˈapɪdʊ̃ː/
[5/5] s-s / ˈa-ˈa / v-p / e-ɪ / ∅-d / ∅-ʊ̃ː

-------------------

/sˈaŋk/ - /sˈaŋɡʷɛ̃ː/
[2/3] s-s / ˈa-ˈa / ŋ-ŋ / k-ɡʷ / ∅-ɛ̃ː
[1/3] s-s / ˈa-ˈa / ŋ-ŋ / k-ɡʷ / #>-ɛ̃ː_#>

-------------------

/sˈaŋk/ - /sˈaŋɡʷɪnɛ̃ː/
[1/1] s-s / ˈa-ˈa / ŋ-ŋ / k-ɡʷ / ∅-ɪ / ∅-n / ∅-ɛ̃ː

-------------------

/sˈejda/ - /sˈeːtãː/
[3/4] s-s / ˈe-ˈeː / j-∅ / d-t / a-ãː
[1/4] s-s / ˈe_j-ˈeː / d-t / a-ãː

-------------------

/sˈejra/ - /sˈeːrãː/
[4/5] s-s / ˈe-ˈeː / j-∅ / r-r / a-ãː
[1/5] s-s / ˈe_j-ˈeː / r-r / a-ãː

-------------------

/sˈek/ - /sˈɪkkʊ̃ː/
[2/4] s-s / ˈe-ˈɪ / ∅-k / k-k / ∅-ʊ̃ː
[1/4] s-s / ˈe-ˈɪ_k / k-k / ∅-ʊ̃ː
[1/4] s-s / ˈe-ˈɪ / k-k / ∅-k / ∅-ʊ̃ː

-------------------

/sˈeʨa/ - /sˈɪkkãː/
[3/5] s-s / ˈe-ˈɪ / ∅-k / ʨ-k / a-ãː
[1/5] s-s / ˈe-ˈɪ_k / ʨ-k / a-ãː
[1/5] s-s / ˈe-ˈɪ / ʨ-k / ∅-k / a-ãː

-------------------

/sˈowra/ - /sˈʊpɛr/
[4/4] s-s / ˈo-ˈʊ / ∅-p / w-ɛ / r-r / a-∅

-------------------

/sˈɔs/ - /sˈaɫsãː/
[5/5] s-s / ˈɔ-ˈa / ∅-ɫ / s-s / ∅-ãː

-------------------

/sˈɛl/ - /sˈaɫɛ̃ː/
[4/5] s-s / ˈɛ-ˈa / l-ɫ / ∅-ɛ̃ː
[1/5] s-s / ˈɛ-ˈa / l-ɫ_ɛ̃ː

-------------------

/sˈɛt/ - /sˈɛptɛ̃/
[2/2] s-s / ˈɛ-ˈɛ / ∅-p / t-t / ∅-ɛ̃

-------------------

/trˈej/ - /trˈeːs/
[4/5] t-t / r-r / ˈe-ˈeː / j-∅ / ∅-s
[1/5] t-t / r-r / ˈe_j-ˈeː / #>-s_#>

-------------------

/tˈawr/ - /tˈau̯rʊ̃ː/
[2/3] t-t / ˈa-∅ / w-ˈau̯ / r-r_ʊ̃ː
[1/3] t-t / ˈa-∅ / w-ˈau̯ / r-r / ∅-ʊ̃ː

-------------------

/tˈe/ - /tˈuː/
[5/5] t-t / ˈe-ˈuː

-------------------

/tˈoron/ - /rɔtˈʊndʊ̃ː/
[4/4] t-∅ / ˈo-∅ / r-r / o-ɔ / ∅-t / ∅-ˈʊ / n-n / ∅-d / ∅-ʊ̃ː

-------------------

/tˈɛmp/ - /tˈɛmpʊs/
[4/4] t-t / ˈɛ-ˈɛ / m-m / p-p / ∅-ʊ / ∅-s

-------------------

/tˈɛra/ - /tˈɛrrãː/
[4/5] t-t / ˈɛ-ˈɛ / r-r / ∅-r / a-ãː
[1/5] t-t / ˈɛ-ˈɛ / ∅-r / r-r / a-ãː

-------------------

/uʧˈɛl/ - /awɪkˈɛlʲlʲʊ̃ː/
[1/1] u-a / ʧ-w / ∅-ɪ / ∅-k / ˈɛ-ˈɛ / ∅-lʲ / l-lʲ / ∅-ʊ̃ː

-------------------

/valˈif/ - /ae̯kʷˈaːlɛ̃/
[3/4] ∅-ae̯ / v-kʷ / a-ˈaː / l-l / ˈi-ɛ̃ / f-∅
[1/4] ∅-ae̯ / v-kʷ / a-ˈaː / l-l / ˈi-ɛ̃ / f_#>-#>

-------------------

/vedˈej/ - /wɪdˈeːrɛ/
[4/5] v-w / e-ɪ / d-d / ˈe-ˈeː / ∅-r / j-ɛ
[1/5] v-w / e-ɪ / d-d / ˈe-ˈeː / j-r_ɛ

-------------------

/vedˈɛl/ - /wɪtˈɛlʲlʲʊ̃ː/
[2/2] v-w / e-ɪ / d-t / ˈɛ-ˈɛ / l-lʲ / ∅-lʲ / ∅-ʊ̃ː

-------------------

/vjˈade/ - /wiˈaːtɪkʊ̃ː/
[4/4] v-w / j-i / ˈa-ˈaː / d-t / e-ɪ / ∅-k / ∅-ʊ̃ː

-------------------

/vˈaʨa/ - /wˈakkãː/
[4/4] v-w / ˈa-ˈa / ʨ-k / ∅-k / a-ãː

-------------------

/vˈert/ - /wˈɪrɪdɛ̃ː/
[4/5] v-w / ˈe-ˈɪ / r-r / ∅-ɪ / t-d / ∅-ɛ̃ː
[1/5] v-w / ˈe-ˈɪ / r-r / ∅-ɪ / t-d / #>-ɛ̃ː_#>

-------------------

/vˈia/ - /wˈiãː/
[5/5] v-w / ˈi-ˈi / a-ãː

-------------------

/vˈila/ - /wˈiːlʲlʲãː/
[2/5] v-w / ˈi-ˈiː / ∅-lʲ / l-lʲ / a-ãː
[2/5] v-w / ˈi-ˈiː / l-lʲ / ∅-lʲ / a-ãː
[1/5] v-w / ˈi-ˈiː_lʲ / l-lʲ / a-ãː

-------------------

/vˈin/ - /wˈiːnʊ̃ː/
[4/4] v-w / ˈi-ˈiː / n-n / ∅-ʊ̃ː

-------------------

/vˈint/ - /wiːɡˈɪntiː/
[4/4] v-w / ˈi-iː / ∅-ɡ / ∅-ˈɪ / n-n / t-t / ∅-iː

-------------------

/vˈita/ - /wˈiːtãː/
[4/4] v-w / ˈi-ˈiː / t-t / a-ãː

-------------------

/vˈos/ - /wˈoːs/
[4/4] v-w / ˈo-ˈoː / s-s

-------------------

/vˈɛdl/ - /wˈɛtʊɫʊ̃ː/
[4/5] v-w / ˈɛ-ˈɛ / d-t / ∅-ʊ / l-ɫ_ʊ̃ː
[1/5] v-w / ˈɛ-ˈɛ / d-t / ∅-ʊ / l-ɫ / ∅-ʊ̃ː

-------------------

/vˈɛnt/ - /wˈɛntʊ̃ː/
[4/4] v-w / ˈɛ-ˈɛ / n-n / t-t_ʊ̃ː

-------------------

/vˈɛnter/ - /pˈantɪkɛ̃ː/
[1/1] v-p / ˈɛ-ˈa / n-n / t-t / e-ɪ / r-∅ / ∅-k / ∅-ɛ̃ː

-------------------

/vˈɛnter/ - /wˈɛntrɛ̃ː/
[3/4] v-w / ˈɛ-ˈɛ / n-n / t-t / e-∅ / r-r / ∅-ɛ̃ː
[1/4] v-w / ˈɛ-ˈɛ / n-n / t-t / e-∅ / r-r / #>-ɛ̃ː_#>

-------------------

/vˈɛrm/ - /wˈɛrmɛ̃ː/
[3/3] v-w / ˈɛ-ˈɛ / r-r / m-m / ∅-ɛ̃ː

-------------------

/wˈɛdl/ - /ˈɔkʊɫʊ̃ː/
[2/4] w-ˈɔ / ∅-k / ˈɛ-ʊ / d-∅ / l-ɫ_ʊ̃ː
[1/4] w-ˈɔ / ∅-k / ˈɛ_d-ʊ / l-ɫ_ʊ̃ː
[1/4] w-ˈɔ / ∅-k / ˈɛ-ʊ / d-∅ / l-ɫ / ∅-ʊ̃ː

-------------------

/wˈɛf/ - /ˈoːwʊ̃ː/
[1/3] ∅-ˈoː / w-w / ˈɛ-ʊ̃ː / f_#>-#>
[1/3] w-ˈoː / ˈɛ-w_ʊ̃ː / f-∅
[1/3] w-ˈoː / ˈɛ-w / f-∅ / ∅-ʊ̃ː

-------------------

/ɡlaʧˈe/ - /ɡɫakiˈaːrɛ/
[1/4] ɡ-ɡ / l-ɫ / a-a / ʧ-k / ∅-i / ∅-ˈaː / ∅-r / ˈe-ɛ
[1/4] ɡ-ɡ / l-ɫ / a-a / ʧ-k / ∅-i / ˈe-ˈaː_r / ∅-ɛ
[1/4] ɡ-ɡ / l-ɫ / a-a / ʧ-k / ˈe-i_ˈaː / ∅-r / ∅-ɛ
[1/4] ɡ-ɡ / l-ɫ / a-a / ʧ-k / ˈe-i / ∅-ˈaː / ∅-r / ∅-ɛ

-------------------

/ɡlˈaʨa/ - /ɡɫˈakiãː/
[3/3] ɡ-ɡ / l-ɫ / ˈa-ˈa / ʨ-k / ∅-i / a-ãː

-------------------

/ɡrˈan/ - /ɡrˈandɛ̃ː/
[2/2] ɡ-ɡ / r-r / ˈa-ˈa / n-n / ∅-d / ∅-ɛ̃ː

-------------------

/ɡrˈas/ - /krˈassʊ̃ː/
[3/4] ɡ-k / r-r / ˈa-ˈa / ∅-s / s-s / ∅-ʊ̃ː
[1/4] ɡ-k / r-r / ˈa-ˈa / s-s / ∅-s / ∅-ʊ̃ː

-------------------

/ɡrˈɔs/ - /ɡrˈɔssʊ̃ː/
[3/3] ɡ-ɡ / r-r / ˈɔ-ˈɔ / s-s / ∅-s / ∅-ʊ̃ː

-------------------

/ɡˈola/ - /ɡˈʊɫãː/
[5/5] ɡ-ɡ / ˈo-ˈʊ / l-ɫ / a-ãː

-------------------

/ɡˈota/ - /ɡˈʊttãː/
[2/3] ɡ-ɡ / ˈo-ˈʊ / ∅-t / t-t / a-ãː
[1/3] ɡ-ɡ / ˈo-ˈʊ / t-t / ∅-t / a-ãː

-------------------

/ɲˈi/ - /wɛnˈiːrɛ/
[3/5] ∅-w / ∅-ɛ / ɲ-n / ˈi-ˈiː / ∅-r / ∅-ɛ
[1/5] ∅-w / ∅-ɛ / ɲ-n / ˈi-ˈiː / ∅-r / #>-ɛ_#>
[1/5] <#-<#_w / ∅-ɛ / ɲ-n / ˈi-ˈiː / ∅-r / ∅-ɛ

-------------------

/ʃkrˈive/ - /skrˈiːbɛrɛ/
[4/5] ʃ-s / k-k / r-r / ˈi-ˈiː / v-b / e-ɛ / ∅-r / ∅-ɛ
[1/5] ʃ-s / k-k / r-r / ˈi-ˈiː / v-b / e-ɛ_r / #>-ɛ_#>

-------------------

/ʃkˈɔrʦa/ - /kɔrtˈɪkɛãː/
[1/1] ʃ-∅ / k-k / ˈɔ-ɔ / r-r / ʦ-t / ∅-ˈɪ / ∅-k / ∅-ɛ / a-ãː

-------------------

/ʃkˈɔrʦa/ - /skˈɔrteãː/
[3/4] ʃ-s / k-k / ˈɔ-ˈɔ / r-r / ʦ-t / ∅-e / a-ãː
[1/4] ʃ-s / k-k / ˈɔ-ˈɔ / r-r / ʦ-t_e / a-ãː

-------------------

/ʃpˈada/ - /spˈatʰãː/
[3/3] ʃ-s / p-p / ˈa-ˈa / d-tʰ / a-ãː

-------------------

/ʃpˈaɲa/ - /hɪspˈaːniãː/
[2/3] ∅-h / ∅-ɪ / ʃ-s / p-p / ˈa-ˈaː / ɲ-n / ∅-i / a-ãː
[1/3] <#-<#_h / ∅-ɪ / ʃ-s / p-p / ˈa-ˈaː / ɲ-n_i / a-ãː

-------------------

/ʃpˈia/ - /spˈiːkãː/
[4/4] ʃ-s / p-p / ˈi-ˈiː / ∅-k / a-ãː

-------------------

/ʃpˈia/ - /spˈiːkʊ̃ː/
[1/1] ʃ-s / p-p / ˈi-ˈiː / a-∅ / ∅-k / ∅-ʊ̃ː

-------------------

/ʃpˈina/ - /spˈiːnãː/
[5/5] ʃ-s / p-p / ˈi-ˈiː / n-n / a-ãː

-------------------

/ʃtˈat/ - /stˈatʊ̃ː/
[4/5] ʃ-s / t-t / ˈa-ˈa / t-t_ʊ̃ː
[1/5] ʃ-s / t-t / ˈa-ˈa / t-t / ∅-ʊ̃ː

-------------------

/ʃtˈejla/ - /stˈeːlʲlʲãː/
[5/5] ʃ-s / t-t / ˈe-ˈeː / j-lʲ / l-lʲ / a-ãː

-------------------

/ʒenʒˈiva/ - /ɡɪŋɡˈiːwãː/
[4/4] ʒ-ɡ / e-ɪ / n-ŋ / ʒ-ɡ / ˈi-ˈiː / v-w / a-ãː

-------------------

/ʒenˈedl/ - /ɡɛnˈʊkʊɫʊ̃ː/
[3/5] ʒ-ɡ / e-ɛ / n-n / ∅-ˈʊ / ∅-k / ˈe-ʊ / d-∅ / l-ɫ_ʊ̃ː
[1/5] ʒ-ɡ / e-ɛ / n-n / ∅-ˈʊ / ∅-k / ˈe-ʊ / d-∅ / l-ɫ / ∅-ʊ̃ː
[1/5] ʒ-ɡ / e-ɛ / n-n / ˈe-ˈʊ / d-k / ∅-ʊ / l-ɫ_ʊ̃ː

-------------------

/ʒwˈɛk/ - /jˈɔkʊ̃ː/
[3/5] ʒ-j / w-ˈɔ / ˈɛ-∅ / k-k / ∅-ʊ̃ː
[1/5] ʒ-j / w_ˈɛ-ˈɔ / k-k_ʊ̃ː
[1/5] ʒ-j / w-∅ / ˈɛ-ˈɔ / k-k / ∅-ʊ̃ː

-------------------

/ʒɡolˈe/ - /wɔɫˈaːrɛ/
[2/3] ʒ-∅ / ɡ-∅ / ∅-w / o-ɔ / l-ɫ / ∅-ˈaː / ∅-r / ˈe-ɛ
[1/3] ʒ-∅ / ɡ-∅ / ∅-w / o-ɔ / l-ɫ / ˈe-ˈaː_r / ∅-ɛ

-------------------

/ʒˈoen/ - /jˈuwɛnɛ̃ː/
[2/3] ʒ-j / ˈo-ˈu / ∅-w / e-ɛ / n-n / ∅-ɛ̃ː
[1/3] ʒ-j / ˈo-ˈu / ∅-w / e-ɛ / n-n / #>-ɛ̃ː_#>

-------------------

/ʒˈuɲ/ - /jˈuːniʊ̃ː/
[3/4] ʒ-j / ˈu-ˈuː / ɲ-n / ∅-i / ∅-ʊ̃ː
[1/4] ʒ-j / ˈu-ˈuː / ɲ-n_i / ∅-ʊ̃ː

-------------------

/ʒˈɛnder/ - /ɡˈɛnɛrʊ̃ː/
[3/4] ʒ-ɡ / ˈɛ-ˈɛ / n-n / d-∅ / e-ɛ / r-r_ʊ̃ː
[1/4] ʒ-ɡ / ˈɛ-ˈɛ / n-n / d_e-ɛ / r-r / ∅-ʊ̃ː

-------------------

/ʒˈɛnt/ - /ɡˈɛntɛ̃ː/
[4/5] ʒ-ɡ / ˈɛ-ˈɛ / n-n / t-t / ∅-ɛ̃ː
[1/5] ʒ-ɡ / ˈɛ-ˈɛ / n-n / t-t / #>-ɛ̃ː_#>

-------------------

/ʤˈal/ - /ɡˈaɫbɪnʊ̃ː/
[5/5] ʤ-ɡ / ˈa-ˈa / l-ɫ / ∅-b / ∅-ɪ / ∅-n / ∅-ʊ̃ː

-------------------

/ʥamjˈe/ - /kambiˈaːrɛ/
[2/4] ʥ-k / a-a / m-m / ∅-b / j-i / ∅-ˈaː / ∅-r / ˈe-ɛ
[1/4] ʥ-k / a-a / m-m / ∅-b / j-i / ˈe-ˈaː_r / ∅-ɛ
[1/4] ʥ-k / a-a / m-m / ∅-b / j-i / ˈe-ˈaː_r / #>-ɛ_#>

-------------------

/ʥˈat/ - /kˈattʊ̃ː/
[3/3] ʥ-k / ˈa-ˈa / t-t / ∅-t / ∅-ʊ̃ː

-------------------

/ʥˈudiʦe/ - /jˈuːdɪkɛ̃ː/
[3/3] ʥ-j / ˈu-ˈuː / d-d / i-ɪ / ʦ-k / e-ɛ̃ː

-------------------

/ʦitˈe/ - /kiːwɪtˈaːtɛ̃ː/
[4/5] ʦ-k / i-iː / ∅-w / ∅-ɪ / t-t / ˈe-ˈaː / ∅-t / ∅-ɛ̃ː
[1/5] ʦ-k / i-iː / ∅-w / ∅-ɪ / t-t / ˈe-ˈaː / ∅-t / #>-ɛ̃ː_#>

-------------------

/ʧˈejra/ - /kˈeːrãː/
[4/5] ʧ-k / ˈe-ˈeː / j-∅ / r-r / a-ãː
[1/5] ʧ-k / ˈe_j-ˈeː / r-r / a-ãː

-------------------

/ʧˈɛnder/ - /kˈɪnɛrɛ̃ː/
[2/4] ʧ-k / ˈɛ-ˈɪ / n-n / d-∅ / e-ɛ / r-r / ∅-ɛ̃ː
[1/4] ʧ-k / ˈɛ-ˈɪ / n-n / d_e-ɛ / r-r / ∅-ɛ̃ː
[1/4] ʧ-k / ˈɛ-ˈɪ / n-n / d-∅ / e-ɛ / r-r / #>-ɛ̃ː_#>

-------------------

/ʧˈɛnt/ - /kˈɛntʊ̃ː/
[2/3] ʧ-k / ˈɛ-ˈɛ / n-n / t-t_ʊ̃ː
[1/3] ʧ-k / ˈɛ-ˈɛ / n-n / t-t / ∅-ʊ̃ː

-------------------

/ʨadˈejna/ - /katˈeːnãː/
[4/5] ʨ-k / a-a / d-t / ˈe-ˈeː / j-∅ / n-n / a-ãː
[1/5] ʨ-k / a-a / d-t / ˈe_j-ˈeː / n-n / a-ãː

-------------------

/ʨarjˈeʒa/ - /kɛrˈɛsiãː/
[2/4] ʨ-k / a-∅ / ∅-ɛ / r-r / j-ˈɛ / ˈe-∅ / ʒ-s / ∅-i / a-ãː
[1/4] ʨ-k / a-ɛ / r-r / j-∅ / ˈe-ˈɛ / ʒ-s / ∅-i / a-ãː
[1/4] ʨ-k / a-ɛ / r-r / j-ˈɛ / ˈe-∅ / ʒ-s / ∅-i / a-ãː

-------------------

/ʨastˈɛl/ - /kastˈɛlʲlʲʊ̃ː/
[3/3] ʨ-k / a-a / s-s / t-t / ˈɛ-ˈɛ / l-lʲ / ∅-lʲ / ∅-ʊ̃ː

-------------------

/ʨavˈal/ - /kabˈalʲlʲʊ̃ː/
[5/5] ʨ-k / a-a / v-b / ˈa-ˈa / l-lʲ / ∅-lʲ / ∅-ʊ̃ː

-------------------

/ʨavˈel/ - /kapˈɪlʲlʲʊ̃ː/
[3/3] ʨ-k / a-a / v-p / ˈe-ˈɪ / l-lʲ / ∅-lʲ / ∅-ʊ̃ː

-------------------

/ʨavˈel/ - /pˈɪɫʊ̃ː/
[1/1] ʨ-∅ / a-∅ / v-p / ˈe-ˈɪ / l-ɫ_ʊ̃ː

-------------------

/ʨaʧˈe/ - /kaptiˈaːrɛ/
[1/3] ʨ-k / a-a / ʧ-p / ∅-t / ∅-i / ∅-ˈaː / ∅-r / ˈe-ɛ
[1/3] ʨ-k / a-a / ʧ-p / ∅-t / ∅-i / ˈe-ˈaː_r / ∅-ɛ
[1/3] ʨ-k / a-a / ʧ-p / ∅-t / ˈe-i_ˈaː / ∅-r / ∅-ɛ

-------------------

/ʨiŋkˈanta/ - /kʷiːŋkʷaːɡˈɪntaː/
[5/5] ʨ-kʷ / i-iː / ŋ-ŋ / k-kʷ / ˈa-aː / ∅-ɡ / ∅-ˈɪ / n-n / t-t / a-aː

-------------------

/ʨˈamena/ - /kˈamɛrãː/
[2/3] ʨ-k / ˈa-ˈa / m-m / e-ɛ / n-∅ / ∅-r / a-ãː
[1/3] ʨ-k / ˈa-ˈa / m-m / e-ɛ / n-r / a-ãː

-------------------

/ʨˈan/ - /kˈanɛ̃ː/
[4/5] ʨ-k / ˈa-ˈa / n-n / ∅-ɛ̃ː
[1/5] ʨ-k / ˈa-ˈa / n-n / #>-ɛ̃ː_#>

-------------------

/ʨˈawt/ - /kˈaɫdʊ̃ː/
[3/4] ʨ-k / ˈa-ˈa / w-ɫ / t-d / ∅-ʊ̃ː
[1/4] ʨ-k / ˈa-ˈa / w-ɫ / t-d_ʊ̃ː

-------------------

/ʨˈaza/ - /kˈasae̯/
[1/1] ʨ-k / ˈa-ˈa / z-s / a-ae̯

-------------------

/ʨˈaza/ - /kˈasãː/
[4/4] ʨ-k / ˈa-ˈa / z-s / a-ãː

-------------------

/ʨˈe/ - /kʷˈɪd/
[2/2] ʨ-kʷ / ˈe-ˈɪ / ∅-d

-------------------

/ʨˈel/ - /kˈae̯ɫʊ̃ː/
[4/4] ʨ-k / ˈe-ˈae̯ / l-ɫ_ʊ̃ː

-------------------

/ʨˈiŋk/ - /kʷˈiːŋkʷɛ/
[2/2] ʨ-kʷ / ˈi-ˈiː / ŋ-ŋ / k-kʷ / ∅-ɛ

-------------------

/ʨˈowra/ - /kˈaprãː/
[4/4] ʨ-k / ˈo-∅ / w-ˈa / ∅-p / r-r / a-ãː

-------------------

/ʨˈɛf/ - /kˈapʊ̃ː/
[4/4] ʨ-k / ˈɛ-ˈa / f-p / ∅-ʊ̃ː

-------------------

/ʨˈɛr/ - /kˈaːrʊ̃ː/
[3/4] ʨ-k / ˈɛ-ˈaː / r-r_ʊ̃ː
[1/4] ʨ-k / ˈɛ-ˈaː / r-r / ∅-ʊ̃ː

-------------------

/ʨˈɛrn/ - /kˈarnɛ̃ː/
[3/4] ʨ-k / ˈɛ-ˈa / r-r / n-n / ∅-ɛ̃ː
[1/4] ʨ-k / ˈɛ-ˈa / r-r / n-n / #>-ɛ̃ː_#>

-------------------

/ˈaj/ - /ˈaːlʲiʊ̃ː/
[2/4] ˈa-ˈaː / ∅-lʲ / j-i / ∅-ʊ̃ː
[1/4] ˈa-ˈaː / j-lʲ_i / ∅-ʊ̃ː
[1/4] ˈa-ˈaː / j-lʲ / ∅-i / ∅-ʊ̃ː

-------------------

/ˈalba/ - /ˈaɫbãː/
[5/5] ˈa-ˈa / l-ɫ / b-b / a-ãː

-------------------

/ˈalber/ - /ˈarbɔrɛ̃ː/
[3/5] ˈa-ˈa / l-∅ / ∅-r / b-b / e-ɔ / r-r / ∅-ɛ̃ː
[1/5] ˈa-ˈa / l-r / b-b / e-ɔ / r-r / ∅-ɛ̃ː
[1/5] ˈa-ˈa / l-r / b-b / e-ɔ / r-r / #>-ɛ̃ː_#>

-------------------

/ˈawk/ - /ˈawɪkãː/
[5/5] ˈa-ˈa / w-w / ∅-ɪ / k-k / ∅-ãː

-------------------

/ˈawter/ - /ˈaɫtɛrʊ̃ː/
[2/3] ˈa-ˈa / w-ɫ / t-t / e-ɛ / r-r_ʊ̃ː
[1/3] ˈa-ˈa / w-ɫ / t-t / e-ɛ / r-r / ∅-ʊ̃ː

-------------------

/ˈaŋ/ - /ˈannʊ̃ː/
[2/2] ˈa-ˈa / ŋ-n / ∅-n / ∅-ʊ̃ː

-------------------

/ˈaɲol/ - /ˈaŋɡɛɫʊ̃ː/
[2/2] ˈa-ˈa / ɲ-ŋ / ∅-ɡ / o-ɛ / l-ɫ_ʊ̃ː

-------------------

/ˈel/ - /ˈɪlʲlʲɛ/
[2/4] ˈe-ˈɪ / l-lʲ / ∅-lʲ / ∅-ɛ
[1/4] ˈe-ˈɪ / ∅-lʲ / l-lʲ / ∅-ɛ
[1/4] ˈe-ˈɪ / l-lʲ / ∅-lʲ / #>-ɛ_#>

-------------------

/ˈiʒola/ - /ˈĩːsʊɫãː/
[5/5] ˈi-ˈĩː / ʒ-s / o-ʊ / l-ɫ / a-ãː

-------------------

/ˈom/ - /hˈɔmoː/
[2/3] ∅-h / ˈo-ˈɔ / m-m / ∅-oː
[1/3] <#-<#_h / ˈo-ˈɔ / m-m / ∅-oː

-------------------

/ˈom/ - /hˈɔmɪnɛ̃ː/
[2/2] ∅-h / ˈo-ˈɔ / m-m / ∅-ɪ / ∅-n / ∅-ɛ̃ː

-------------------

/ˈondla/ - /ˈʊŋɡʊɫãː/
[5/5] ˈo-ˈʊ / n-ŋ / d-ɡ / ∅-ʊ / l-ɫ / a-ãː

-------------------

/ˈowʃ/ - /wˈoːkɛ̃ː/
[2/4] ˈo-w / w-ˈoː / ʃ-k / ∅-ɛ̃ː
[1/4] ∅-w / ˈo_w-ˈoː / ʃ-k / #>-ɛ̃ː_#>
[1/4] <#-<#_w / ˈo-ˈoː / w-∅ / ʃ-k / ∅-ɛ̃ː

-------------------

/ˈun/ - /ˈuːnʊ̃ː/
[2/2] ˈu-ˈuː / n-n / ∅-ʊ̃ː

-------------------

/ˈɔpra/ - /ˈɔpɛrãː/
[4/4] ˈɔ-ˈɔ / p-p / ∅-ɛ / r-r / a-ãː

-------------------

/ˈɔr/ - /ˈau̯rʊ̃ː/
[2/3] ˈɔ-ˈau̯ / r-r_ʊ̃ː
[1/3] ˈɔ-ˈau̯ / r-r / ∅-ʊ̃ː

-------------------

/ˈɔs/ - /ˈɔssʊ̃ː/
[4/4] ˈɔ-ˈɔ / s-s / ∅-s / ∅-ʊ̃ː

-------------------

/ˈɔt/ - /ˈɔktoː/
[2/3] ˈɔ-ˈɔ / t-k_t / ∅-oː
[1/3] ˈɔ-ˈɔ / ∅-k / t-t / ∅-oː

-------------------

/ˈɛrba/ - /hˈɛrbãː/
[4/5] ∅-h / ˈɛ-ˈɛ / r-r / b-b / a-ãː
[1/5] <#-<#_h / ˈɛ-ˈɛ / r-r / b-b / a-ãː

-------------------

/ˈɛva/ - /ˈapɛ̃ː/
[2/3] ˈɛ-ˈa / v-p / a-∅ / ∅-ɛ̃ː
[1/3] ˈɛ-ˈa / v-p / a-ɛ̃ː

-------------------

/ˈɛɡa/ - /ˈakʷãː/
[4/4] ˈɛ-ˈa / ɡ-kʷ / a-ãː

-------------------

