/bjˈøːɳ/ - /bˈɪə̯r/
b-b / j-∅ / ˈøː-ˈɪə̯ / ɳ-∅ / #>-r_#>
{0: [0], 1: [1], 2: [2], 3: [3], 4: None}
{0: [0], 1: None, 2: [1], 3: None, 4: [2]}
SCORE: 2.577

-------------------

/bjˈʉːda/ - /bˈiə̯də/
b-b / j_ˈʉː-ˈiə̯ / d-d / a-ə
{0: [0], 1: [1, 2], 2: [3], 3: [4]}
{0: [0], 1: [1], 2: [2], 3: [3]}
SCORE: 20.248

-------------------

/blˈuːd/ - /blˈuə̯d̥/
b-b / l-l / ˈuː-ˈuə̯ / d-d̥
{0: [0], 1: [1], 2: [2], 3: [3]}
{0: [0], 1: [1], 2: [2], 3: [3]}
SCORE: 26.387

-------------------

/blˈøːda/ - /blˈiə̯də/
b-b / l-l / ˈøː-ˈiə̯ / d-d / a-ə
{0: [0], 1: [1], 2: [2], 3: [3], 4: [4]}
{0: [0], 1: [1], 2: [2], 3: [3], 4: [4]}
SCORE: 28.153

-------------------

/blˈɑːd/ - /blˈɛːd̥/
b-b / l-l / ˈɑː-ˈɛː / d-d̥
{0: [0], 1: [1], 2: [2], 3: [3]}
{0: [0], 1: [1], 2: [2], 3: [3]}
SCORE: 26.049

-------------------

/blˈʊmːa/ - /blˈoːm/
b-b / l-l / ∅-ˈoː / ˈʊ-∅ / mː-m / a_#>-#>
{0: [0], 1: [1], 2: None, 3: [2], 4: [3], 5: [4]}
{0: [0], 1: [1], 2: [2], 3: None, 4: [3], 5: None}
SCORE: 9.428

-------------------

/brˈuːr/ - /brˈuə̯r/
b-b / r-r / ˈuː-ˈuə̯ / r-r
{0: [0], 1: [1], 2: [2], 3: [3]}
{0: [0], 1: [1], 2: [2], 3: [3]}
SCORE: 26.222

-------------------

/brˈøːd/ - /brˈɪə̯/
b-b / r-r / ˈøː_d-ˈɪə̯
{0: [0], 1: [1], 2: [2, 3]}
{0: [0], 1: [1], 2: [2]}
SCORE: 18.905

-------------------

/brˈœst/ - /bˈoə̯st/
b-b / r-∅ / ˈœ-ˈoə̯ / s-s / t-t
{0: [0], 1: [1], 2: [2], 3: [3], 4: [4]}
{0: [0], 1: None, 2: [1], 3: [2], 4: [3]}
SCORE: 20.076

-------------------

/brˈʏɡːa/ - /brˈɔu̯ə/
b-b / r-r / ∅-ˈɔu̯ / ˈʏ-∅ / ɡː-∅ / a-ə
{0: [0], 1: [1], 2: None, 3: [2], 4: [3], 5: [4]}
{0: [0], 1: [1], 2: [2], 3: None, 4: None, 5: [3]}
SCORE: 4.626

-------------------

/brˈʏɡːa/ - /brˈɛːɣə/
b-b / r-r / ˈʏ-ˈɛː / ∅-ɣ / ɡː-∅ / a-ə
{0: [0], 1: [1], 2: [2], 3: None, 4: [3], 5: [4]}
{0: [0], 1: [1], 2: [2], 3: [3], 4: None, 5: [4]}
SCORE: 11.471

-------------------

/bˈeː/ - /bˈɪdə/
b-b / ˈeː-ˈɪ / ∅-d / #>-ə_#>
{0: [0], 1: [1], 2: None, 3: None}
{0: [0], 1: [1], 2: [2], 3: [3]}
SCORE: 6.242

-------------------

/bˈeːn/ - /bˈiə̯n/
b-b / ˈeː-ˈiə̯ / n-n
{0: [0], 1: [1], 2: [2]}
{0: [0], 1: [1], 2: [2]}
SCORE: 17.797

-------------------

/bˈiː/ - /bˈɛj/
b-b / ∅-ˈɛ / ˈiː-∅ / #>-j_#>
{0: [0], 1: None, 2: [1], 3: None}
{0: [0], 1: [1], 2: None, 3: [2]}
SCORE: -1.014

-------------------

/bˈiːta/ - /bˈiːtə/
b-b / ˈiː-ˈiː / t-t / a-ə
{0: [0], 1: [1], 2: [2], 3: [3]}
{0: [0], 1: [1], 2: [2], 3: [3]}
SCORE: 24.942

-------------------

/bˈuːk/ - /bˈuə̯k/
b-b / ˈuː-ˈuə̯ / k_#>-k_#>
{0: [0], 1: [1], 2: [2]}
{0: [0], 1: [1], 2: [2]}
SCORE: 22.699

-------------------

/bˈɑːd/ - /bˈad̥/
b-b / ˈɑː-ˈa / d-d̥
{0: [0], 1: [1], 2: [2]}
{0: [0], 1: [1], 2: [2]}
SCORE: 20.446

-------------------

/bˈɑːɳ/ - /bˈɛːn/
b-b / ˈɑː-ˈɛː / ɳ-n
{0: [0], 1: [1], 2: [2]}
{0: [0], 1: [1], 2: [2]}
SCORE: 21.176

-------------------

/bˈɛrj/ - /bˈɛrɣ̥/
b-b / ˈɛ-ˈɛ / r-r / j_#>-ɣ̥_#>
{0: [0], 1: [1], 2: [2], 3: [3]}
{0: [0], 1: [1], 2: [2], 3: [3]}
SCORE: 21.259

-------------------

/bˈɛtːrɛ/ - /bˈɛtər/
b-b / ˈɛ-ˈɛ / tː-t / r-∅ / ɛ-ə / #>-r_#>
{0: [0], 1: [1], 2: [2], 3: [3], 4: [4], 5: None}
{0: [0], 1: [1], 2: [2], 3: None, 4: [3], 5: [4]}
SCORE: 16.083

-------------------

/bˈɪnda/ - /bˈiːnə/
b-b / ˈɪ-ˈiː / n-n / d-∅ / a-ə
{0: [0], 1: [1], 2: [2], 3: [3], 4: [4]}
{0: [0], 1: [1], 2: [2], 3: None, 4: [3]}
SCORE: 17.335

-------------------

/drˈiːva/ - /drjˈuːvə/
d-d / r-r / ∅-j / ∅-ˈuː / ˈiː-∅ / v-v / a-ə
{0: [0], 1: [1], 2: None, 3: None, 4: [2], 5: [3], 6: [4]}
{0: [0], 1: [1], 2: [2], 3: [3], 4: None, 5: [4], 6: [5]}
SCORE: 8.176

-------------------

/drˈœm/ - /drˈɪə̯m/
d-d / r-r / ∅-ˈɪə̯ / ˈœ-∅ / m-m
{0: [0], 1: [1], 2: None, 3: [2], 4: [3]}
{0: [0], 1: [1], 2: [2], 3: None, 4: [3]}
SCORE: 10.298

-------------------

/drˈɪkːa/ - /drˈɪŋkə/
d-d / r-r / ˈɪ-ˈɪ / ∅-ŋ / kː-k / a-ə
{0: [0], 1: [1], 2: [2], 3: None, 4: [3], 5: [4]}
{0: [0], 1: [1], 2: [2], 3: [3], 4: [4], 5: [5]}
SCORE: 23.114

-------------------

/dvˈærj/ - /dvˈɛrɣ̥/
d-d / v-v / ˈæ-ˈɛ / r-r / j_#>-ɣ̥_#>
{0: [0], 1: [1], 2: [2], 3: [3], 4: [4]}
{0: [0], 1: [1], 2: [2], 3: [3], 4: [4]}
SCORE: 22.709

-------------------

/dˈeːɡ/ - /dˈaːj/
d-d / ˈeː-ˈaː / ɡ-j
{0: [0], 1: [1], 2: [2]}
{0: [0], 1: [1], 2: [2]}
SCORE: 9.898

-------------------

/dˈyːr/ - /djˈuə̯r/
d-d / ˈyː-j_ˈuə̯ / r-r
{0: [0], 1: [1], 2: [2]}
{0: [0], 1: [1, 2], 2: [3]}
SCORE: 18.272

-------------------

/dˈøːd/ - /dˈɪə̯/
d-d / ˈøː_d-ˈɪə̯
{0: [0], 1: [1, 2]}
{0: [0], 1: [1]}
SCORE: 12.948

-------------------

/dˈøːdlɪɡ/ - /dˈɪə̯dlɪk/
d-d / ˈøː-ˈɪə̯ / d-d / l-l / ɪ-ɪ / ɡ-∅ / #>-k_#>
{0: [0], 1: [1], 2: [2], 3: [3], 4: [4], 5: [5], 6: None}
{0: [0], 1: [1], 2: [2], 3: [3], 4: [4], 5: None, 6: [5]}
SCORE: 21.18

-------------------

/dˈɑːɡ/ - /dˈɛi̯/
d-d / ˈɑː_ɡ-ˈɛi̯
{0: [0], 1: [1, 2]}
{0: [0], 1: [1]}
SCORE: 10.348

-------------------

/dˈɔtːɛr/ - /dˈɔχtər/
d-d / ˈɔ-ˈɔ / tː-χ_t / ɛ-ə / r-r
{0: [0], 1: [1], 2: [2], 3: [3], 4: [4]}
{0: [0], 1: [1], 2: [2, 3], 3: [4], 4: [5]}
SCORE: 26.454

-------------------

/dˈʉː/ - /dˈoː/
d-d / ˈʉː-ˈoː
{0: [0], 1: [1]}
{0: [0], 1: [1]}
SCORE: 14.735

-------------------

/dˈʉːva/ - /dˈoː/
d-d / ˈʉː-ˈoː / v-∅ / a_#>-#>
{0: [0], 1: [1], 2: [2], 3: [3]}
{0: [0], 1: [1], 2: None, 3: None}
SCORE: 7.335

-------------------

/fjˈɛːdɛr/ - /fˈɪə̯r/
f-f / j-∅ / ˈɛː-ˈɪə̯ / d-∅ / ɛ-∅ / r-r
{0: [0], 1: [1], 2: [2], 3: [3], 4: [4], 5: [5]}
{0: [0], 1: None, 2: [1], 3: None, 4: None, 5: [2]}
SCORE: 1.474

-------------------

/flˈyːɡa/ - /flˈɪə̯nə/
f-f / l-l / ∅-ˈɪə̯ / ˈyː-∅ / ɡ-∅ / a-n_ə
{0: [0], 1: [1], 2: None, 3: [2], 4: [3], 5: [4]}
{0: [0], 1: [1], 2: [2], 3: None, 4: None, 5: [3, 4]}
SCORE: 1.579

-------------------

/frˈyːsa/ - /frˈiə̯zə/
f-f / r-r / ∅-ˈiə̯ / ˈyː-∅ / s-z / a-ə
{0: [0], 1: [1], 2: None, 3: [2], 4: [3], 5: [4]}
{0: [0], 1: [1], 2: [2], 3: None, 4: [3], 5: [4]}
SCORE: 10.572

-------------------

/frˈɛndɛ/ - /frˈøə̯n/
f-f / r-r / ˈɛ-ˈøə̯ / n-n / d-∅ / ɛ-∅
{0: [0], 1: [1], 2: [2], 3: [3], 4: [4], 5: [5]}
{0: [0], 1: [1], 2: [2], 3: [3], 4: None, 5: None}
SCORE: 15.349

-------------------

/frˈɪsk/ - /fˈask/
f-f / ∅-ˈa / r-∅ / ˈɪ-∅ / s-s / k_#>-k_#>
{0: [0], 1: None, 2: [1], 3: [2], 4: [3], 5: [4]}
{0: [0], 1: [1], 2: None, 3: None, 4: [2], 5: [3]}
SCORE: 5.931

-------------------

/fˈoːɡɛl/ - /fˈuɣəl/
f-f / ∅-ˈu / ˈoː-∅ / ɡ-ɣ / ɛ-ə / l_#>-l_#>
{0: [0], 1: None, 2: [1], 3: [2], 4: [3], 5: [4]}
{0: [0], 1: [1], 2: None, 3: [2], 4: [3], 5: [4]}
SCORE: 15.067

-------------------

/fˈuːt/ - /fˈuə̯t/
f-f / ˈuː-ˈuə̯ / t-t
{0: [0], 1: [1], 2: [2]}
{0: [0], 1: [1], 2: [2]}
SCORE: 21.37

-------------------

/fˈyːr/ - /fjˈuə̯r/
f-f / ˈyː-j_ˈuə̯ / r-r
{0: [0], 1: [1], 2: [2]}
{0: [0], 1: [1, 2], 2: [3]}
SCORE: 19.356

-------------------

/fˈyːra/ - /fjˈɔu̯ər/
f-f / ˈyː-j / ∅-ˈɔu̯ / ∅-ə / r-r / a_#>-#>
{0: [0], 1: [1], 2: None, 3: None, 4: [2], 5: [3]}
{0: [0], 1: [1], 2: [2], 3: [3], 4: [4], 5: None}
SCORE: 5.927

-------------------

/fˈœlja/ - /fˈɔlɣjə/
f-f / ˈœ-ˈɔ / l-l / ∅-ɣ / j-j / a-ə
{0: [0], 1: [1], 2: [2], 3: None, 4: [3], 5: [4]}
{0: [0], 1: [1], 2: [2], 3: [3], 4: [4], 5: [5]}
SCORE: 18.437

-------------------

/fˈœtːɛr/ - /fˈu̯otən/
f-f / ˈœ-ˈu̯o / tː-t / ɛ-ə_n / r-∅
{0: [0], 1: [1], 2: [2], 3: [3], 4: [4]}
{0: [0], 1: [1], 2: [2], 3: [3, 4], 4: None}
SCORE: 19.103

-------------------

/fˈœːr/ - /fˈoə̯r/
f-f / ˈœː-ˈoə̯ / r-r
{0: [0], 1: [1], 2: [2]}
{0: [0], 1: [1], 2: [2]}
SCORE: 17.334

-------------------

/fˈɑːr/ - /fˈaːdər/
f-f / ˈɑː-ˈaː / ∅-d / ∅-ə / r-r
{0: [0], 1: [1], 2: None, 3: None, 4: [2]}
{0: [0], 1: [1], 2: [2], 3: [3], 4: [4]}
SCORE: 9.01

-------------------

/fˈɔlk/ - /fˈɔlk/
f-f / ˈɔ-ˈɔ / l-l / k_#>-k_#>
{0: [0], 1: [1], 2: [2], 3: [3]}
{0: [0], 1: [1], 2: [2], 3: [3]}
SCORE: 26.36

-------------------

/fˈɛm/ - /fˈiːf/
f-f / ∅-ˈiː / ˈɛ-∅ / m-∅ / #>-f_#>
{0: [0], 1: None, 2: [1], 3: [2], 4: None}
{0: [0], 1: [1], 2: None, 3: None, 4: [2]}
SCORE: -5.097

-------------------

/fˈɪnːa/ - /fˈiːnə/
f-f / ˈɪ-ˈiː / nː-n / a-ə
{0: [0], 1: [1], 2: [2], 3: [3]}
{0: [0], 1: [1], 2: [2], 3: [3]}
SCORE: 21.987

-------------------

/fˈɪsk/ - /fˈɪsk/
f-f / ˈɪ-ˈɪ / s-s / k_#>-k_#>
{0: [0], 1: [1], 2: [2], 3: [3]}
{0: [0], 1: [1], 2: [2], 3: [3]}
SCORE: 25.856

-------------------

/fˈɪŋːɛr/ - /fˈɪŋər/
f-f / ˈɪ-ˈɪ / ŋː-ŋ / ɛ-ə / r-r
{0: [0], 1: [1], 2: [2], 3: [3], 4: [4]}
{0: [0], 1: [1], 2: [2], 3: [3], 4: [4]}
SCORE: 31.345

-------------------

/fˈɵlː/ - /fˈɔl/
f-f / ˈɵ-ˈɔ / lː-l
{0: [0], 1: [1], 2: [2]}
{0: [0], 1: [1], 2: [2]}
SCORE: 17.123

-------------------

/hˈalv/ - /hˈɪə̯l/
h-h / ˈa-ˈɪə̯ / l-l / v_#>-#>
{0: [0], 1: [1], 2: [2], 3: [3]}
{0: [0], 1: [1], 2: [2], 3: None}
SCORE: 14.733

-------------------

/hˈand/ - /hˈɔːn/
h-h / ˈa-ˈɔː / n-n / d_#>-#>
{0: [0], 1: [1], 2: [2], 3: [3]}
{0: [0], 1: [1], 2: [2], 3: None}
SCORE: 16.712

-------------------

/hˈeːlɪɡ/ - /hˈɪlɪɣ̥/
h-h / ˈeː-ˈɪ / l-l / ɪ-ɪ / ɡ-ɣ̥
{0: [0], 1: [1], 2: [2], 3: [3], 4: [4]}
{0: [0], 1: [1], 2: [2], 3: [3], 4: [4]}
SCORE: 24.862

-------------------

/hˈeːt/ - /hˈit/
h-h / ∅-ˈi / ˈeː-∅ / t-t
{0: [0], 1: None, 2: [1], 3: [2]}
{0: [0], 1: [1], 2: None, 3: [2]}
SCORE: 5.694

-------------------

/hˈoːnɵŋ/ - /hˈynɪŋ/
h-h / ∅-ˈy / ˈoː-∅ / n-n / ɵ-ɪ / ŋ-ŋ
{0: [0], 1: None, 2: [1], 3: [2], 4: [3], 5: [4]}
{0: [0], 1: [1], 2: None, 3: [2], 4: [3], 5: [4]}
SCORE: 17.63

-------------------

/hˈoːr/ - /hˈiə̯r/
h-h / ˈoː-ˈiə̯ / r-r
{0: [0], 1: [1], 2: [2]}
{0: [0], 1: [1], 2: [2]}
SCORE: 19.466

-------------------

/hˈuːɳ/ - /hˈoə̯n/
h-h / ˈuː-ˈoə̯ / ɳ-n
{0: [0], 1: [1], 2: [2]}
{0: [0], 1: [1], 2: [2]}
SCORE: 17.997

-------------------

/hˈæːr/ - /hjˈɪr/
h-h / ∅-j / ∅-ˈɪ / ˈæː-∅ / r-r
{0: [0], 1: None, 2: None, 3: [1], 4: [2]}
{0: [0], 1: [1], 2: [2], 3: None, 4: [3]}
SCORE: 0.673

-------------------

/hˈøːna/ - /hˈɪn/
h-h / ˈøː-ˈɪ / n-n / a_#>-#>
{0: [0], 1: [1], 2: [2], 3: [3]}
{0: [0], 1: [1], 2: [2], 3: None}
SCORE: 13.745

-------------------

/hˈøːɡ/ - /hˈeːɣ̥/
h-h / ˈøː-ˈeː / ɡ-ɣ̥
{0: [0], 1: [1], 2: [2]}
{0: [0], 1: [1], 2: [2]}
SCORE: 20.373

-------------------

/hˈœːra/ - /hˈɪə̯rə/
h-h / ∅-ˈɪə̯ / ˈœː-∅ / r-r / a-ə
{0: [0], 1: None, 2: [1], 3: [2], 4: [3]}
{0: [0], 1: [1], 2: None, 3: [2], 4: [3]}
SCORE: 9.537

-------------------

/hˈɑː/ - /hˈavə/
h-h / ˈɑː-ˈa / ∅-v / #>-ə_#>
{0: [0], 1: [1], 2: None, 3: None}
{0: [0], 1: [1], 2: [2], 3: [3]}
SCORE: 8.714

-------------------

/hˈɑːrɛ/ - /hˈazə/
h-h / ˈɑː-ˈa / ∅-z / r-∅ / ɛ-ə
{0: [0], 1: [1], 2: None, 3: [2], 4: [3]}
{0: [0], 1: [1], 2: [2], 3: None, 4: [3]}
SCORE: 9.53

-------------------

/hˈɑːta/ - /hˈaːʦjə/
h-h / ˈɑː-ˈaː / ∅-ʦ / t-∅ / a-j_ə
{0: [0], 1: [1], 2: None, 3: [2], 4: [3]}
{0: [0], 1: [1], 2: [2], 3: None, 4: [3, 4]}
SCORE: 4.859

-------------------

/hˈɛːm/ - /hˈiə̯m/
h-h / ˈɛː-ˈiə̯ / m-m
{0: [0], 1: [1], 2: [2]}
{0: [0], 1: [1], 2: [2]}
SCORE: 19.498

-------------------

/hˈɵnd/ - /hˈuːn/
h-h / ˈɵ-ˈuː / n-n / d_#>-#>
{0: [0], 1: [1], 2: [2], 3: [3]}
{0: [0], 1: [1], 2: [2], 3: None}
SCORE: 17.64

-------------------

/hˈʉːd/ - /hˈuːd̥/
h-h / ˈʉː-ˈuː / d-d̥
{0: [0], 1: [1], 2: [2]}
{0: [0], 1: [1], 2: [2]}
SCORE: 20.589

-------------------

/hˈʉːs/ - /hˈuːs/
h-h / ˈʉː-ˈuː / s_#>-s_#>
{0: [0], 1: [1], 2: [2]}
{0: [0], 1: [1], 2: [2]}
SCORE: 22.172

-------------------

/hˈʊndra/ - /hˈundət/
h-h / ˈʊ-ˈu / n-n / d-d / r-∅ / a-ə / ∅-t
{0: [0], 1: [1], 2: [2], 3: [3], 4: [4], 5: [5], 6: None}
{0: [0], 1: [1], 2: [2], 3: [3], 4: None, 5: [4], 6: [5]}
SCORE: 18.558

-------------------

/hˈʊŋːɛr/ - /hˈɔŋər/
h-h / ∅-ˈɔ / ˈʊ-∅ / ŋː-ŋ / ɛ-ə / r-r
{0: [0], 1: None, 2: [1], 3: [2], 4: [3], 5: [4]}
{0: [0], 1: [1], 2: None, 3: [2], 4: [3], 5: [4]}
SCORE: 16.66

-------------------

/jˈeː/ - /jˈaːn/
j-j / ˈeː-ˈaː / #>-n_#>
{0: [0], 1: [1], 2: None}
{0: [0], 1: [1], 2: [2]}
SCORE: 4.379

-------------------

/jˈeːt/ - /ɡˈɛi̯t/
j-ɡ / ∅-ˈɛi̯ / ˈeː-∅ / t-t
{0: [0], 1: None, 2: [1], 3: [2]}
{0: [0], 1: [1], 2: None, 3: [2]}
SCORE: 0.053

-------------------

/jˈæʈːa/ - /hˈɛːt/
j-h / ∅-ˈɛː / ˈæ-∅ / ʈː-t / a_#>-#>
{0: [0], 1: None, 2: [1], 3: [2], 4: [3]}
{0: [0], 1: [1], 2: None, 3: [2], 4: None}
SCORE: -3.788

-------------------

/jˈɛlpa/ - /hˈɛlpə/
j-h / ˈɛ-ˈɛ / l-l / p-p / a-ə
{0: [0], 1: [1], 2: [2], 3: [3], 4: [4]}
{0: [0], 1: [1], 2: [2], 3: [3], 4: [4]}
SCORE: 23.67

-------------------

/jˈɛst/ - /ɡˈast/
j-ɡ / ˈɛ-ˈa / s-s / t-t
{0: [0], 1: [1], 2: [2], 3: [3]}
{0: [0], 1: [1], 2: [2], 3: [3]}
SCORE: 16.519

-------------------

/jˈʉːl/ - /fˈiə̯l/
<#_j-<# / ∅-f / ˈʉː-ˈiə̯ / l_#>-l_#>
{0: [0], 1: None, 2: [1], 3: [2]}
{0: None, 1: [0], 2: [1], 3: [2]}
SCORE: 5.914

-------------------

/jˈʉːp/ - /djˈɪp/
<#-<#_d / j-j / ˈʉː-ˈɪ / p-p
{0: None, 1: [0], 2: [1], 3: [2]}
{0: [0], 1: [1], 2: [2], 3: [3]}
SCORE: 11.052

-------------------

/jˈʉːr/ - /dˈiə̯r/
j-d / ˈʉː-ˈiə̯ / r-r
{0: [0], 1: [1], 2: [2]}
{0: [0], 1: [1], 2: [2]}
SCORE: 9.578

-------------------

/jˈʉːs/ - /ljˈɔχt/
<#-<#_l / j-j / ˈʉː-ˈɔ / s-∅ / #>-χ_t_#>
{0: None, 1: [0], 2: [1], 3: [2], 4: None}
{0: [0], 1: [1], 2: [2], 3: None, 4: [3, 4]}
SCORE: -1.38

-------------------

/jˈʉːv/ - /lˈɪə̯f/
<#_j-<#_l / ˈʉː-ˈɪə̯ / v_#>-f_#>
{0: [0], 1: [1], 2: [2]}
{0: [0], 1: [1], 2: [2]}
SCORE: 11.495

-------------------

/jˈʉːɡa/ - /lˈiːɣə/
<#_j-<#_l / ˈʉː-ˈiː / ɡ-ɣ / a-ə
{0: [0], 1: [1], 2: [2], 3: [3]}
{0: [0], 1: [1], 2: [2], 3: [3]}
SCORE: 18.657

-------------------

/kʰnˈɛː/ - /knˈɪbəl/
<#_kʰ-<#_k / n_ˈɛː-n / ∅-ˈɪ / ∅-b / ∅-ə / #>-l_#>
{0: [0], 1: [1, 2], 2: None, 3: None, 4: None, 5: None}
{0: [0], 1: [1], 2: [2], 3: [3], 4: [4], 5: [5]}
SCORE: -3.839

-------------------

/kʰˈalv/ - /kˈɪə̯l/
<#_kʰ-<#_k / ˈa-ˈɪə̯ / l-l / v_#>-#>
{0: [0], 1: [1], 2: [2], 3: [3]}
{0: [0], 1: [1], 2: [2], 3: None}
SCORE: 14.494

-------------------

/kʰˈalː/ - /kˈɔːd̥/
<#_kʰ-<#_k / ˈa-ˈɔː / lː-d̥
{0: [0], 1: [1], 2: [2]}
{0: [0], 1: [1], 2: [2]}
SCORE: 15.801

-------------------

/kʰˈatː/ - /kˈat/
<#_kʰ-<#_k / ˈa-ˈa / tː-t
{0: [0], 1: [1], 2: [2]}
{0: [0], 1: [1], 2: [2]}
SCORE: 20.544

-------------------

/kʰˈuː/ - /kˈoː/
<#_kʰ-<#_k / ∅-ˈoː / ˈuː-∅
{0: [0], 1: None, 2: [1]}
{0: [0], 1: [1], 2: None}
SCORE: 0.889

-------------------

/kʰˈuːɳ/ - /kˈoə̯n/
<#_kʰ-<#_k / ˈuː-ˈoə̯ / ɳ-n
{0: [0], 1: [1], 2: [2]}
{0: [0], 1: [1], 2: [2]}
SCORE: 17.758

-------------------

/kʰˈɔmːa/ - /kˈɔmə/
<#_kʰ-<#_k / ˈɔ-ˈɔ / mː-m / a-ə
{0: [0], 1: [1], 2: [2], 3: [3]}
{0: [0], 1: [1], 2: [2], 3: [3]}
SCORE: 25.908

-------------------

/kʰˈɵnːa/ - /kˈɪnə/
<#_kʰ-<#_k / ˈɵ-ˈɪ / nː-n / a-ə
{0: [0], 1: [1], 2: [2], 3: [3]}
{0: [0], 1: [1], 2: [2], 3: [3]}
SCORE: 20.925

-------------------

/kʰˈɵŋ/ - /kˈeːnɪŋ/
<#_kʰ-<#_k / ∅-ˈeː / ˈɵ-n / ∅-ɪ / ŋ-ŋ
{0: [0], 1: None, 2: [1], 3: None, 4: [2]}
{0: [0], 1: [1], 2: [2], 3: [3], 4: [4]}
SCORE: 4.144

-------------------

/lˈamː/ - /lˈaːm/
<#_l-<#_l / ˈa-ˈaː / mː-m
{0: [0], 1: [1], 2: [2]}
{0: [0], 1: [1], 2: [2]}
SCORE: 19.153

-------------------

/lˈand/ - /lˈɔːn/
<#_l-<#_l / ˈa-ˈɔː / n-n / d_#>-#>
{0: [0], 1: [1], 2: [2], 3: [3]}
{0: [0], 1: [1], 2: [2], 3: None}
SCORE: 16.419

-------------------

/lˈeːvɛr/ - /lˈeːvər/
<#_l-<#_l / ˈeː-ˈeː / v-v / ɛ-ə / r-r
{0: [0], 1: [1], 2: [2], 3: [3], 4: [4]}
{0: [0], 1: [1], 2: [2], 3: [3], 4: [4]}
SCORE: 25.793

-------------------

/lˈoːŋ/ - /lˈaŋ/
<#_l-<#_l / ∅-ˈa / ˈoː-∅ / ŋ-ŋ
{0: [0], 1: None, 2: [1], 3: [2]}
{0: [0], 1: [1], 2: None, 3: [2]}
SCORE: 4.892

-------------------

/lˈøːpa/ - /ljˈɛpə/
<#_l-<#_l / ∅-j / ∅-ˈɛ / ˈøː-∅ / p-p / a-ə
{0: [0], 1: None, 2: None, 3: [1], 4: [2], 5: [3]}
{0: [0], 1: [1], 2: [2], 3: None, 4: [3], 5: [4]}
SCORE: 6.341

-------------------

/lˈøːv/ - /lˈɪə̯f/
<#_l-<#_l / ˈøː-ˈɪə̯ / v_#>-f_#>
{0: [0], 1: [1], 2: [2]}
{0: [0], 1: [1], 2: [2]}
SCORE: 18.234

-------------------

/lˈɛtː/ - /lˈɪχt/
<#_l-<#_l / ˈɛ-ˈɪ / tː-χ_t
{0: [0], 1: [1], 2: [2]}
{0: [0], 1: [1], 2: [2, 3]}
SCORE: 17.455

-------------------

/lˈɪɡːa/ - /lˈɪzə/
<#_l-<#_l / ˈɪ-ˈɪ / ∅-z / ɡː-∅ / a-ə
{0: [0], 1: [1], 2: None, 3: [2], 4: [3]}
{0: [0], 1: [1], 2: [2], 3: None, 4: [3]}
SCORE: 9.624

-------------------

/lˈʉːs/ - /lˈuːs/
<#_l-<#_l / ˈʉː-ˈuː / s_#>-s_#>
{0: [0], 1: [1], 2: [2]}
{0: [0], 1: [1], 2: [2]}
SCORE: 21.879

-------------------

/mjˈœlk/ - /mˈɔlkə/
m-m / j-∅ / ˈœ-ˈɔ / l-l / k-k / #>-ə_#>
{0: [0], 1: [1], 2: [2], 3: [3], 4: [4], 5: None}
{0: [0], 1: None, 2: [1], 3: [2], 4: [3], 5: [4]}
SCORE: 16.344

-------------------

/mˈakt/ - /mˈaχt/
m-m / ˈa-ˈa / k-χ / t-t
{0: [0], 1: [1], 2: [2], 3: [3]}
{0: [0], 1: [1], 2: [2], 3: [3]}
SCORE: 23.015

-------------------

/mˈan/ - /mˈan/
m-m / ˈa-ˈa / n-n
{0: [0], 1: [1], 2: [2]}
{0: [0], 1: [1], 2: [2]}
SCORE: 20.566

-------------------

/mˈoːnad/ - /mˈoə̯nə/
m-m / ˈoː-ˈoə̯ / n-n / a-ə / d_#>-#>
{0: [0], 1: [1], 2: [2], 3: [3], 4: [4]}
{0: [0], 1: [1], 2: [2], 3: [3], 4: None}
SCORE: 19.045

-------------------

/mˈoːnɛ/ - /mˈoə̯nə/
m-m / ˈoː-ˈoə̯ / n-n / ɛ-ə
{0: [0], 1: [1], 2: [2], 3: [3]}
{0: [0], 1: [1], 2: [2], 3: [3]}
SCORE: 21.771

-------------------

/mˈuːr/ - /mˈuə̯r/
m-m / ˈuː-ˈuə̯ / r-r
{0: [0], 1: [1], 2: [2]}
{0: [0], 1: [1], 2: [2]}
SCORE: 21.481

-------------------

/mˈœsː/ - /mˈuːsən/
m-m / ∅-ˈuː / ˈœ-∅ / sː-s / ∅-ə / #>-n_#>
{0: [0], 1: None, 2: [1], 3: [2], 4: None, 5: None}
{0: [0], 1: [1], 2: None, 3: [2], 4: [3], 5: [4]}
SCORE: -4.113

-------------------

/mˈɛnːɪɧa/ - /mˈɪnskə/
m-m / ˈɛ-ˈɪ / nː-n / ɪ-∅ / ɧ-s_k / a-ə
{0: [0], 1: [1], 2: [2], 3: [3], 4: [4], 5: [5]}
{0: [0], 1: [1], 2: [2], 3: None, 4: [3, 4], 5: [5]}
SCORE: 22.068

-------------------

/mˈɵnː/ - /mˈuːn/
m-m / ˈɵ-ˈuː / nː-n
{0: [0], 1: [1], 2: [2]}
{0: [0], 1: [1], 2: [2]}
SCORE: 20.359

-------------------

/mˈʉːs/ - /mˈuːs/
m-m / ˈʉː-ˈuː / s_#>-s_#>
{0: [0], 1: [1], 2: [2]}
{0: [0], 1: [1], 2: [2]}
SCORE: 22.064

-------------------

/mˈʏɡː/ - /mˈɪɣ̥/
m-m / ∅-ˈɪ / ˈʏ_ɡː-ɣ̥
{0: [0], 1: None, 2: [1, 2]}
{0: [0], 1: [1], 2: [2]}
SCORE: 6.722

-------------------

/nˈamn/ - /nˈamə/
<#_n-<#_n / ˈa-ˈa / m-m / n-ə
{0: [0], 1: [1], 2: [2], 3: [3]}
{0: [0], 1: [1], 2: [2], 3: [3]}
SCORE: 20.71

-------------------

/nˈatː/ - /nˈaχt/
<#_n-<#_n / ˈa-ˈa / tː-χ_t
{0: [0], 1: [1], 2: [2]}
{0: [0], 1: [1], 2: [2, 3]}
SCORE: 19.276

-------------------

/nˈoːl/ - /nˈølə/
<#_n-<#_n / ∅-ˈø / ˈoː-∅ / l-l / #>-ə_#>
{0: [0], 1: None, 2: [1], 3: [2], 4: None}
{0: [0], 1: [1], 2: None, 3: [2], 4: [3]}
SCORE: 3.608

-------------------

/nˈyː/ - /nˈɛj/
<#_n-<#_n / ∅-ˈɛ / ˈyː-j
{0: [0], 1: None, 2: [1]}
{0: [0], 1: [1], 2: [2]}
SCORE: 8.893

-------------------

/nˈøːt/ - /nˈyːt/
<#_n-<#_n / ∅-ˈyː / ˈøː-∅ / t-t
{0: [0], 1: None, 2: [1], 3: [2]}
{0: [0], 1: [1], 2: None, 3: [2]}
SCORE: 5.564

-------------------

/nˈɑːkɛn/ - /nˈɪə̯kən/
<#_n-<#_n / ˈɑː-∅ / k-ˈɪə̯_k / ɛ_n-ə_n
{0: [0], 1: [1], 2: [2], 3: [3, 4]}
{0: [0], 1: None, 2: [1, 2], 3: [3, 4]}
SCORE: 15.878

-------------------

/nˈɑːɡɛl/ - /nˈɛi̯l/
<#_n-<#_n / ˈɑː_ɡ-ˈɛi̯ / ɛ-∅ / l_#>-l_#>
{0: [0], 1: [1, 2], 2: [3], 3: [4]}
{0: [0], 1: [1], 2: None, 3: [2]}
SCORE: 11.935

-------------------

/nˈɔrː/ - /nˈoə̯d̥/
<#_n-<#_n / ˈɔ-ˈoə̯ / rː-∅ / #>-d̥_#>
{0: [0], 1: [1], 2: [2], 3: None}
{0: [0], 1: [1], 2: None, 3: [2]}
SCORE: 9.465

-------------------

/nˈɛsta/ - /nˈɛi̯st/
<#_n-<#_n / ∅-ˈɛi̯ / ˈɛ-∅ / s-s / t-t / a_#>-#>
{0: [0], 1: None, 2: [1], 3: [2], 4: [3], 5: [4]}
{0: [0], 1: [1], 2: None, 3: [2], 4: [3], 5: None}
SCORE: 7.64

-------------------

/nˈɛːsa/ - /nˈoə̯s/
<#_n-<#_n / ∅-ˈoə̯ / ˈɛː-∅ / s-s / a_#>-#>
{0: [0], 1: None, 2: [1], 3: [2], 4: [3]}
{0: [0], 1: [1], 2: None, 3: [2], 4: None}
SCORE: 3.075

-------------------

/pʰlˈuːɡ/ - /plˈuə̯ɣə/
<#_pʰ-<#_p / l-l / ˈuː-ˈuə̯ / ɡ-ɣ / #>-ə_#>
{0: [0], 1: [1], 2: [2], 3: [3], 4: None}
{0: [0], 1: [1], 2: [2], 3: [3], 4: [4]}
SCORE: 23.024

-------------------

/pʰlˈɪkt/ - /plˈɪχt/
<#_pʰ-<#_p / l-l / ˈɪ-ˈɪ / k-χ / t-t
{0: [0], 1: [1], 2: [2], 3: [3], 4: [4]}
{0: [0], 1: [1], 2: [2], 3: [3], 4: [4]}
SCORE: 25.918

-------------------

/rˈiːk/ - /rˈik/
<#_r-<#_r / ˈiː-ˈi / k_#>-k_#>
{0: [0], 1: [1], 2: [2]}
{0: [0], 1: [1], 2: [2]}
SCORE: 23.397

-------------------

/rˈuːt/ - /ʋˈoə̯təl/
<#-<#_ʋ / r-∅ / ˈuː-ˈoə̯ / t-t_ə / #>-l_#>
{0: None, 1: [0], 2: [1], 3: [2], 4: None}
{0: [0], 1: None, 2: [1], 3: [2, 3], 4: [4]}
SCORE: 1.888

-------------------

/rˈøːd/ - /rˈɪə̯d̥/
<#_r-<#_r / ˈøː-ˈɪə̯ / d-d̥
{0: [0], 1: [1], 2: [2]}
{0: [0], 1: [1], 2: [2]}
SCORE: 20.39

-------------------

/rˈøːk/ - /rˈɪə̯k/
<#_r-<#_r / ˈøː-ˈɪə̯ / k_#>-k_#>
{0: [0], 1: [1], 2: [2]}
{0: [0], 1: [1], 2: [2]}
SCORE: 21.384

-------------------

/rˈɛtː/ - /rjˈɔχt/
<#_r-<#_r / ∅-j / ∅-ˈɔ / ˈɛ-∅ / tː-χ_t
{0: [0], 1: None, 2: None, 3: [1], 4: [2]}
{0: [0], 1: [1], 2: [2], 3: None, 4: [3, 4]}
SCORE: -0.116

-------------------

/rˈɛŋn/ - /rˈɛi̯n/
<#_r-<#_r / ∅-ˈɛi̯ / ˈɛ-∅ / ŋ-∅ / n-n
{0: [0], 1: None, 2: [1], 3: [2], 4: [3]}
{0: [0], 1: [1], 2: None, 3: None, 4: [2]}
SCORE: 1.153

-------------------

/rˈɪŋː/ - /rˈɪŋ/
<#_r-<#_r / ˈɪ-ˈɪ / ŋː-ŋ
{0: [0], 1: [1], 2: [2]}
{0: [0], 1: [1], 2: [2]}
SCORE: 23.915

-------------------

/rˈʏɡː/ - /rˈɛːɣ̥/
<#_r-<#_r / ˈʏ-ˈɛː / ɡː-ɣ̥
{0: [0], 1: [1], 2: [2]}
{0: [0], 1: [1], 2: [2]}
SCORE: 17.213

-------------------

/skˈarp/ - /skˈɛrp/
s-s / k-k / ˈa-ˈɛ / r-r / p-p
{0: [0], 1: [1], 2: [2], 3: [3], 4: [4]}
{0: [0], 1: [1], 2: [2], 3: [3], 4: [4]}
SCORE: 26.931

-------------------

/skˈuː/ - /skˈuə̯χ/
s-s / k-k / ˈuː-ˈuə̯ / ∅-χ
{0: [0], 1: [1], 2: [2], 3: None}
{0: [0], 1: [1], 2: [2], 3: [3]}
SCORE: 15.317

-------------------

/slˈoː/ - /slˈaːn/
s-s / l-l / ˈoː-ˈaː / #>-n_#>
{0: [0], 1: [1], 2: [2], 3: None}
{0: [0], 1: [1], 2: [2], 3: [3]}
SCORE: 13.828

-------------------

/snˈøː/ - /snˈiə̯/
s-s / n-n / ˈøː-ˈiə̯
{0: [0], 1: [1], 2: [2]}
{0: [0], 1: [1], 2: [2]}
SCORE: 17.608

-------------------

/sprˈoːk/ - /sprˈaːkə/
s-s / p-p / r-r / ˈoː-ˈaː / k-k / #>-ə_#>
{0: [0], 1: [1], 2: [2], 3: [3], 4: [4], 5: None}
{0: [0], 1: [1], 2: [2], 3: [3], 4: [4], 5: [5]}
SCORE: 26.244

-------------------

/stˈeːn/ - /stˈiə̯n/
s-s / t-t / ˈeː-ˈiə̯ / n-n
{0: [0], 1: [1], 2: [2], 3: [3]}
{0: [0], 1: [1], 2: [2], 3: [3]}
SCORE: 20.692

-------------------

/stˈuːl/ - /stˈuə̯l/
s-s / t-t / ˈuː-ˈuə̯ / l_#>-l_#>
{0: [0], 1: [1], 2: [2], 3: [3]}
{0: [0], 1: [1], 2: [2], 3: [3]}
SCORE: 25.421

-------------------

/stˈɔrm/ - /stˈoə̯rm/
s-s / t-t / ˈɔ-ˈoə̯ / r-r / m-m
{0: [0], 1: [1], 2: [2], 3: [3], 4: [4]}
{0: [0], 1: [1], 2: [2], 3: [3], 4: [4]}
SCORE: 29.016

-------------------

/svˈaʈː/ - /svˈat/
s-s / v-v / ˈa-ˈa / ʈː-t
{0: [0], 1: [1], 2: [2], 3: [3]}
{0: [0], 1: [1], 2: [2], 3: [3]}
SCORE: 24.097

-------------------

/svˈiːn/ - /svˈin/
s-s / v-v / ˈiː-ˈi / n-n
{0: [0], 1: [1], 2: [2], 3: [3]}
{0: [0], 1: [1], 2: [2], 3: [3]}
SCORE: 25.0

-------------------

/svˈæːɖ/ - /svˈød̥/
s-s / v-v / ∅-ˈø / ˈæː-∅ / ɖ-∅ / #>-d̥_#>
{0: [0], 1: [1], 2: None, 3: [2], 4: [3], 5: None}
{0: [0], 1: [1], 2: [2], 3: None, 4: None, 5: [3]}
SCORE: -1.433

-------------------

/svˈɛtː/ - /svˈɪt/
s-s / v-v / ˈɛ-ˈɪ / tː-t
{0: [0], 1: [1], 2: [2], 3: [3]}
{0: [0], 1: [1], 2: [2], 3: [3]}
SCORE: 22.508

-------------------

/sˈalt/ - /sˈɔːt/
s-s / ˈa-ˈɔː / l-∅ / t-t
{0: [0], 1: [1], 2: [2], 3: [3]}
{0: [0], 1: [1], 2: None, 3: [2]}
SCORE: 13.137

-------------------

/sˈand/ - /sˈɔːn/
s-s / ˈa-ˈɔː / n-n / d_#>-#>
{0: [0], 1: [1], 2: [2], 3: [3]}
{0: [0], 1: [1], 2: [2], 3: None}
SCORE: 15.13

-------------------

/sˈeː/ - /ɕˈeːn/
∅-ɕ / s-∅ / ˈeː-ˈeː / #>-n_#>
{0: None, 1: [0], 2: [1], 3: None}
{0: [0], 1: None, 2: [1], 3: [2]}
SCORE: -6.352

-------------------

/sˈiːda/ - /sˈiːdə/
s-s / ˈiː-ˈiː / d-d / a-ə
{0: [0], 1: [1], 2: [2], 3: [3]}
{0: [0], 1: [1], 2: [2], 3: [3]}
SCORE: 23.44

-------------------

/sˈoːn/ - /sˈoə̯n/
s-s / ˈoː-ˈoə̯ / n-n
{0: [0], 1: [1], 2: [2]}
{0: [0], 1: [1], 2: [2]}
SCORE: 16.554

-------------------

/sˈoːva/ - /slˈiə̯pə/
s-s / ∅-l / ˈoː-ˈiə̯ / ∅-p / v_a-ə
{0: [0], 1: None, 2: [1], 3: None, 4: [2, 3]}
{0: [0], 1: [1], 2: [2], 3: [3], 4: [4]}
SCORE: 3.101

-------------------

/sˈøːka/ - /sˈikjə/
s-s / ∅-ˈi / ˈøː-∅ / k-k_j / a-ə
{0: [0], 1: None, 2: [1], 3: [2], 4: [3]}
{0: [0], 1: [1], 2: None, 3: [2, 3], 4: [4]}
SCORE: 5.636

-------------------

/sˈøːt/ - /svˈiə̯t/
s-s_v / ˈøː-ˈiə̯ / t-t
{0: [0], 1: [1], 2: [2]}
{0: [0, 1], 1: [2], 2: [3]}
SCORE: 15.956

-------------------

/sˈɔmːar/ - /sˈɪmər/
s-s / ∅-ˈɪ / ˈɔ-∅ / mː-m / a-ə / r-r
{0: [0], 1: None, 2: [1], 3: [2], 4: [3], 5: [4]}
{0: [0], 1: [1], 2: None, 3: [2], 4: [3], 5: [4]}
SCORE: 13.885

-------------------

/sˈɛjːa/ - /sˈɪzə/
s-s / ˈɛ-ˈɪ / jː-z / a-ə
{0: [0], 1: [1], 2: [2], 3: [3]}
{0: [0], 1: [1], 2: [2], 3: [3]}
SCORE: 21.135

-------------------

/sˈɛks/ - /sˈɛi̯s/
s-s / ∅-ˈɛi̯ / ˈɛ-∅ / k-∅ / s_#>-s_#>
{0: [0], 1: None, 2: [1], 3: [2], 4: [3]}
{0: [0], 1: [1], 2: None, 3: None, 4: [2]}
SCORE: 0.701

-------------------

/sˈɪmːa/ - /svˈɪmə/
s-s_v / ˈɪ-ˈɪ / mː-m / a-ə
{0: [0], 1: [1], 2: [2], 3: [3]}
{0: [0, 1], 1: [2], 2: [3], 3: [4]}
SCORE: 22.454

-------------------

/sˈɪtːa/ - /sˈɪtə/
s-s / ˈɪ-ˈɪ / tː-t / a-ə
{0: [0], 1: [1], 2: [2], 3: [3]}
{0: [0], 1: [1], 2: [2], 3: [3]}
SCORE: 22.852

-------------------

/sˈʉːr/ - /sˈuə̯r/
s-s / ˈʉː-∅ / r-ˈuə̯_r
{0: [0], 1: [1], 2: [2]}
{0: [0], 1: None, 2: [1, 2]}
SCORE: 4.603

-------------------

/sˈʉːɡa/ - /sˈuːɣjə/
s-s / ˈʉː-ˈuː / ɡ-ɣ / a-j_ə
{0: [0], 1: [1], 2: [2], 3: [3]}
{0: [0], 1: [1], 2: [2], 3: [3, 4]}
SCORE: 19.631

-------------------

/sˈʏstɛr/ - /sˈøstər/
s-s / ∅-ˈø / ˈʏ-∅ / s-s / t-t / ɛ-ə / r-r
{0: [0], 1: None, 2: [1], 3: [2], 4: [3], 5: [4], 6: [5]}
{0: [0], 1: [1], 2: None, 3: [2], 4: [3], 5: [4], 6: [5]}
SCORE: 16.876

-------------------

/tʰrˈeː/ - /trˈɛjə/
<#_tʰ-<#_t / r-r / ∅-ˈɛ / ∅-j / ˈeː-∅ / #>-ə_#>
{0: [0], 1: [1], 2: None, 3: None, 4: [2], 5: None}
{0: [0], 1: [1], 2: [2], 3: [3], 4: None, 5: [4]}
SCORE: -2.452

-------------------

/tʰrˈɛtːɔn/ - /trˈɛtjɪn/
<#_tʰ-<#_t / r-r / ˈɛ-ˈɛ / tː-t / ɔ-j_ɪ / n-n
{0: [0], 1: [1], 2: [2], 3: [3], 4: [4], 5: [5]}
{0: [0], 1: [1], 2: [2], 3: [3], 4: [4, 5], 5: [6]}
SCORE: 33.4

-------------------

/tʰrˈʏkːa/ - /drˈykə/
<#_tʰ-<# / ∅-d / r-r / ˈʏ-ˈy / kː-k / a-ə
{0: [0], 1: None, 2: [1], 3: [2], 4: [3], 5: [4]}
{0: None, 1: [0], 2: [1], 3: [2], 4: [3], 5: [4]}
SCORE: 15.697

-------------------

/tʰvˈoː/ - /tvˈaː/
<#_tʰ-<#_t / v-v / ˈoː-ˈaː
{0: [0], 1: [1], 2: [2]}
{0: [0], 1: [1], 2: [2]}
SCORE: 17.768

-------------------

/tʰˈakːa/ - /tˈankjə/
<#_tʰ-<#_t / ˈa-ˈa / ∅-n / kː-k / a-j_ə
{0: [0], 1: [1], 2: None, 3: [2], 4: [3]}
{0: [0], 1: [1], 2: [2], 3: [3], 4: [4, 5]}
SCORE: 15.346

-------------------

/tʰˈand/ - /tˈiːnə/
<#_tʰ-<#_t / ∅-ˈiː / ˈa-∅ / n-n / d-∅ / #>-ə_#>
{0: [0], 1: None, 2: [1], 3: [2], 4: [3], 5: None}
{0: [0], 1: [1], 2: None, 3: [2], 4: None, 5: [3]}
SCORE: -2.59

-------------------

/tʰˈiːd/ - /tˈiːd̥/
<#_tʰ-<#_t / ˈiː-ˈiː / d-d̥
{0: [0], 1: [1], 2: [2]}
{0: [0], 1: [1], 2: [2]}
SCORE: 19.943

-------------------

/tʰˈoː/ - /tˈɪə̯n/
<#_tʰ-<#_t / ˈoː-ˈɪə̯_n
{0: [0], 1: [1]}
{0: [0], 1: [1, 2]}
SCORE: 12.361

-------------------

/tʰˈœɳɛ/ - /tˈoə̯n/
<#_tʰ-<#_t / ˈœ-ˈoə̯ / ɳ-n / ɛ-∅
{0: [0], 1: [1], 2: [2], 3: [3]}
{0: [0], 1: [1], 2: [2], 3: None}
SCORE: 14.274

-------------------

/tʰˈœʂʈ/ - /tˈoə̯st/
<#_tʰ-<#_t / ˈœ-ˈoə̯ / ʂ-s / ʈ-t
{0: [0], 1: [1], 2: [2], 3: [3]}
{0: [0], 1: [1], 2: [2], 3: [3]}
SCORE: 23.903

-------------------

/tʰˈɔlv/ - /tˈɔlvə/
<#_tʰ-<#_t / ˈɔ-ˈɔ / l-l / v-v / #>-ə_#>
{0: [0], 1: [1], 2: [2], 3: [3], 4: None}
{0: [0], 1: [1], 2: [2], 3: [3], 4: [4]}
SCORE: 22.874

-------------------

/tʰˈɛkːɛn/ - /tˈeːkən/
<#_tʰ-<#_t / ∅-ˈeː / ˈɛ-∅ / kː-k / ɛ_n-ə_n
{0: [0], 1: None, 2: [1], 3: [2], 4: [3, 4]}
{0: [0], 1: [1], 2: None, 3: [2], 4: [3, 4]}
SCORE: 14.11

-------------------

/tʰˈɪŋː/ - /tˈɪŋ/
<#_tʰ-<#_t / ˈɪ-ˈɪ / ŋː-ŋ
{0: [0], 1: [1], 2: [2]}
{0: [0], 1: [1], 2: [2]}
SCORE: 22.245

-------------------

/tʰˈɵmːɛ/ - /tˈɔmə/
<#_tʰ-<#_t / ˈɵ-ˈɔ / mː-m / ɛ-ə
{0: [0], 1: [1], 2: [2], 3: [3]}
{0: [0], 1: [1], 2: [2], 3: [3]}
SCORE: 24.765

-------------------

/tʰˈɵnː/ - /tˈɪn/
<#_tʰ-<#_t / ˈɵ-ˈɪ / nː-n
{0: [0], 1: [1], 2: [2]}
{0: [0], 1: [1], 2: [2]}
SCORE: 16.248

-------------------

/tʰˈʉːsɛn/ - /tˈuːzən/
<#_tʰ-<#_t / ˈʉː-ˈuː / s-z / ɛ_n-ə_n
{0: [0], 1: [1], 2: [2], 3: [3, 4]}
{0: [0], 1: [1], 2: [2], 3: [3, 4]}
SCORE: 25.297

-------------------

/tʰˈʊŋːa/ - /tˈuŋə/
<#_tʰ-<#_t / ˈʊ-ˈu / ŋː-ŋ / a-ə
{0: [0], 1: [1], 2: [2], 3: [3]}
{0: [0], 1: [1], 2: [2], 3: [3]}
SCORE: 25.609

-------------------

/tʰˈʏsk/ - /ʦjˈytsk/
<#_tʰ-<# / ∅-ʦ / ∅-j / ˈʏ-ˈy / ∅-t / s-s / k_#>-k_#>
{0: [0], 1: None, 2: None, 3: [1], 4: None, 5: [2], 6: [3]}
{0: None, 1: [0], 2: [1], 3: [2], 4: [3], 5: [4], 6: [5]}
SCORE: 2.353

-------------------

/vˈarm/ - /ʋˈaːrm/
v-ʋ / ˈa-ˈaː / r-r / m-m
{0: [0], 1: [1], 2: [2], 3: [3]}
{0: [0], 1: [1], 2: [2], 3: [3]}
SCORE: 20.487

-------------------

/vˈatːɛn/ - /ʋˈɛtər/
v-ʋ / ˈa-ˈɛ / tː-t / ɛ_n-ə / #>-r_#>
{0: [0], 1: [1], 2: [2], 3: [3, 4], 4: None}
{0: [0], 1: [1], 2: [2], 3: [3], 4: [4]}
SCORE: 12.475

-------------------

/vˈeːk/ - /ʋˈɪə̯k/
v-ʋ / ˈeː-∅ / k-ˈɪə̯_k
{0: [0], 1: [1], 2: [2]}
{0: [0], 1: None, 2: [1, 2]}
SCORE: 3.427

-------------------

/vˈeːta/ - /ʋˈɪtə/
v-ʋ / ˈeː-ˈɪ / t-t / a-ə
{0: [0], 1: [1], 2: [2], 3: [3]}
{0: [0], 1: [1], 2: [2], 3: [3]}
SCORE: 18.131

-------------------

/vˈiː/ - /ʋˈi/
v-ʋ / ˈiː-ˈi
{0: [0], 1: [1]}
{0: [0], 1: [1]}
SCORE: 13.688

-------------------

/vˈiːn/ - /ʋˈin/
v-ʋ / ˈiː-ˈi / n-n
{0: [0], 1: [1], 2: [2]}
{0: [0], 1: [1], 2: [2]}
SCORE: 18.094

-------------------

/vˈiːt/ - /ʋˈit/
v-ʋ / ˈiː-ˈi / t-t
{0: [0], 1: [1], 2: [2]}
{0: [0], 1: [1], 2: [2]}
SCORE: 18.253

-------------------

/vˈɑːd/ - /ʋˈat/
v-ʋ / ˈɑː-ˈa / ∅-t / d_#>-#>
{0: [0], 1: [1], 2: None, 3: [2]}
{0: [0], 1: [1], 2: [2], 3: None}
SCORE: 4.414

-------------------

/vˈɑːl/ - /ʋˈal/
v-ʋ / ˈɑː-ˈa / l_#>-l_#>
{0: [0], 1: [1], 2: [2]}
{0: [0], 1: [1], 2: [2]}
SCORE: 17.654

-------------------

/vˈɑːpɛn/ - /ʋˈaːpən/
v-ʋ / ˈɑː-ˈaː / p-p / ɛ_n-ə_n
{0: [0], 1: [1], 2: [2], 3: [3, 4]}
{0: [0], 1: [1], 2: [2], 3: [3, 4]}
SCORE: 26.88

-------------------

/vˈɛkːa/ - /ʋˈiːkə/
v-ʋ / ∅-ˈiː / ˈɛ-∅ / kː-k / a-ə
{0: [0], 1: None, 2: [1], 3: [2], 4: [3]}
{0: [0], 1: [1], 2: None, 3: [2], 4: [3]}
SCORE: 6.445

-------------------

/vˈɛːdɛr/ - /ʋˈaːr/
v_ˈɛː-ʋ / ∅-ˈaː / d-∅ / ɛ-∅ / r-r
{0: [0, 1], 1: None, 2: [2], 3: [3], 4: [4]}
{0: [0], 1: [1], 2: None, 3: None, 4: [2]}
SCORE: -3.921

-------------------

/vˈɛːɡ/ - /ʋˈɛi̯/
v_ˈɛː-ʋ / ɡ-ˈɛi̯
{0: [0, 1], 1: [2]}
{0: [0], 1: [1]}
SCORE: 8.062

-------------------

/vˈɪld/ - /ʋˈild̥/
v-ʋ / ˈɪ-ˈi / l-l / d-d̥
{0: [0], 1: [1], 2: [2], 3: [3]}
{0: [0], 1: [1], 2: [2], 3: [3]}
SCORE: 19.677

-------------------

/vˈɪnd/ - /ʋˈin/
v-ʋ / ˈɪ-ˈi / n-n / d_#>-#>
{0: [0], 1: [1], 2: [2], 3: [3]}
{0: [0], 1: [1], 2: [2], 3: None}
SCORE: 11.982

-------------------

/vˈɪntɛr/ - /ʋˈɪntər/
v-ʋ / ˈɪ-ˈɪ / n-n / t-t / ɛ-ə / r-r
{0: [0], 1: [1], 2: [2], 3: [3], 4: [4], 5: [5]}
{0: [0], 1: [1], 2: [2], 3: [3], 4: [4], 5: [5]}
SCORE: 29.788

-------------------

/ɕˈɔkː/ - /ʦjˈɔk/
ɕ-ʦ / ∅-j / ˈɔ-ˈɔ / kː-k
{0: [0], 1: None, 2: [1], 3: [2]}
{0: [0], 1: [1], 2: [2], 3: [3]}
SCORE: 17.768

-------------------

/ɕˈɛnːa/ - /kˈɛnə/
<#-<#_k / ɕ-∅ / ˈɛ-ˈɛ / nː-n / a-ə
{0: None, 1: [0], 2: [1], 3: [2], 4: [3]}
{0: [0], 1: None, 2: [1], 3: [2], 4: [3]}
SCORE: 13.095

-------------------

/ɕˈʉːv/ - /ʦjˈɪə̯f/
ɕ-ʦ / ˈʉː-j / ∅-ˈɪə̯ / v_#>-f_#>
{0: [0], 1: [1], 2: None, 3: [2]}
{0: [0], 1: [1], 2: [2], 3: [3]}
SCORE: 12.117

-------------------

/ɕˈʏrka/ - /ʦjˈɛrkə/
ɕ-ʦ / ∅-j / ˈʏ-∅ / r-ˈɛ_r / k-k / a-ə
{0: [0], 1: None, 2: [1], 3: [2], 4: [3], 5: [4]}
{0: [0], 1: [1], 2: None, 3: [2, 3], 4: [4], 5: [5]}
SCORE: 11.481

-------------------

/ɡrˈøːn/ - /ɡrˈiə̯n/
ɡ-ɡ / r-r / ˈøː-ˈiə̯ / n-n
{0: [0], 1: [1], 2: [2], 3: [3]}
{0: [0], 1: [1], 2: [2], 3: [3]}
SCORE: 23.392

-------------------

/ɡrˈɛːs/ - /ɡˈɛːs/
ɡ-ɡ / ∅-ˈɛː / r-∅ / ˈɛː-∅ / s_#>-s_#>
{0: [0], 1: None, 2: [1], 3: [2], 4: [3]}
{0: [0], 1: [1], 2: None, 3: None, 4: [2]}
SCORE: 1.94

-------------------

/ɡˈoː/ - /ɡˈɪə̯n/
ɡ-ɡ / ˈoː-ˈɪə̯_n
{0: [0], 1: [1]}
{0: [0], 1: [1, 2]}
SCORE: 13.07

-------------------

/ɡˈoːs/ - /ɡˈuə̯s/
ɡ-ɡ / ∅-ˈuə̯ / ˈoː-∅ / s_#>-s_#>
{0: [0], 1: None, 2: [1], 3: [2]}
{0: [0], 1: [1], 2: None, 3: [2]}
SCORE: 6.94

-------------------

/ɡˈuːd/ - /ɡˈuə̯d̥/
ɡ-ɡ / ˈuː-ˈuə̯ / d-d̥
{0: [0], 1: [1], 2: [2]}
{0: [0], 1: [1], 2: [2]}
SCORE: 21.273

-------------------

/ɡˈɑːɳ/ - /jˈɛːn/
ɡ-j / ˈɑː-ˈɛː / ɳ-n
{0: [0], 1: [1], 2: [2]}
{0: [0], 1: [1], 2: [2]}
SCORE: 13.828

-------------------

/ɡˈɵlː/ - /ɡˈɔu̯d̥/
ɡ-ɡ / ∅-ˈɔu̯ / ˈɵ-∅ / lː-d̥
{0: [0], 1: None, 2: [1], 3: [2]}
{0: [0], 1: [1], 2: None, 3: [2]}
SCORE: 1.671

-------------------

/ɡˈʉːd/ - /ɡˈɔd̥/
ɡ-ɡ / ˈʉː-ˈɔ / d-d̥
{0: [0], 1: [1], 2: [2]}
{0: [0], 1: [1], 2: [2]}
SCORE: 16.274

-------------------

/ɡˈʉːl/ - /ɡˈiə̯l/
ɡ-ɡ / ˈʉː-ˈiə̯ / l_#>-l_#>
{0: [0], 1: [1], 2: [2]}
{0: [0], 1: [1], 2: [2]}
SCORE: 19.474

-------------------

/ɧˈiːt/ - /skˈit/
ɧ-s_k / ˈiː-ˈi / t-t
{0: [0], 1: [1], 2: [2]}
{0: [0, 1], 1: [2], 2: [3]}
SCORE: 20.033

-------------------

/ɧˈøː/ - /sˈeː/
ɧ-s / ˈøː-ˈeː
{0: [0], 1: [1]}
{0: [0], 1: [1]}
SCORE: 14.342

-------------------

/ɧˈøːn/ - /skjˈɪn/
ɧ-s_k / ∅-j / ˈøː-ˈɪ / n-n
{0: [0], 1: None, 2: [1], 3: [2]}
{0: [0, 1], 1: [2], 2: [3], 3: [4]}
SCORE: 9.401

-------------------

/ɧˈœld/ - /skˈild̥/
ɧ-s_k / ∅-ˈi / ˈœ-∅ / l-l / d-d̥
{0: [0], 1: None, 2: [1], 3: [2], 4: [3]}
{0: [0, 1], 1: [2], 2: None, 3: [3], 4: [4]}
SCORE: 8.637

-------------------

/ɧˈɛlv/ - /sˈɛls/
ɧ-s / ˈɛ-ˈɛ / l-l / v-s
{0: [0], 1: [1], 2: [2], 3: [3]}
{0: [0], 1: [1], 2: [2], 3: [3]}
SCORE: 18.269

-------------------

/ɧˈɛpː/ - /skˈɪp/
ɧ-s_k / ˈɛ-ˈɪ / pː-p
{0: [0], 1: [1], 2: [2]}
{0: [0, 1], 1: [2], 2: [3]}
SCORE: 19.455

-------------------

/ɧˈɛːl/ - /sˈiə̯l/
ɧ-s / ˈɛː-ˈiə̯ / l_#>-l_#>
{0: [0], 1: [1], 2: [2]}
{0: [0], 1: [1], 2: [2]}
SCORE: 17.158

-------------------

/ɧˈɵŋːa/ - /ɕˈɔŋə/
∅-ɕ / ɧ-∅ / ˈɵ-ˈɔ / ŋː-ŋ / a-ə
{0: None, 1: [0], 2: [1], 3: [2], 4: [3]}
{0: [0], 1: None, 2: [1], 3: [2], 4: [3]}
SCORE: 11.193

-------------------

/ɧˈʉː/ - /sˈɔːn/
ɧ-s / ∅-ˈɔː / ˈʉː-∅ / #>-n_#>
{0: [0], 1: None, 2: [1], 3: None}
{0: [0], 1: [1], 2: None, 3: [2]}
SCORE: -3.782

-------------------

/ɧˈʉːk/ - /sˈiːk/
ɧ-s / ˈʉː-ˈiː / k_#>-k_#>
{0: [0], 1: [1], 2: [2]}
{0: [0], 1: [1], 2: [2]}
SCORE: 17.268

-------------------

/ɧˈʉːta/ - /sjˈɪtə/
ɧ-s / ˈʉː-j_ˈɪ / t-t / a-ə
{0: [0], 1: [1], 2: [2], 3: [3]}
{0: [0], 1: [1, 2], 2: [3], 3: [4]}
SCORE: 18.072

-------------------

/ˈalː/ - /ˈal/
ˈa-ˈa / lː-l
{0: [0], 1: [1]}
{0: [0], 1: [1]}
SCORE: 11.428

-------------------

/ˈarm/ - /ˈɪə̯rm/
ˈa-ˈɪə̯ / r-r / m-m
{0: [0], 1: [1], 2: [2]}
{0: [0], 1: [1], 2: [2]}
SCORE: 17.33

-------------------

/ˈaska/ - /jˈɪskə/
<#-<#_j / ∅-ˈɪ / ˈa-∅ / s-s / k-k / a-ə
{0: None, 1: None, 2: [0], 3: [1], 4: [2], 5: [3]}
{0: [0], 1: [1], 2: None, 3: [2], 4: [3], 5: [4]}
SCORE: 5.94

-------------------

/ˈeːk/ - /ˈiːk/
ˈeː-∅ / k-ˈiː_k
{0: [0], 1: [1]}
{0: None, 1: [0, 1]}
SCORE: 0.698

-------------------

/ˈiː/ - /ˈin/
ˈiː-ˈi / #>-n_#>
{0: [0], 1: None}
{0: [0], 1: [1]}
SCORE: 8.025

-------------------

/ˈiːs/ - /ˈiːs/
ˈiː-ˈiː / s_#>-s_#>
{0: [0], 1: [1]}
{0: [0], 1: [1]}
SCORE: 16.519

-------------------

/ˈoːl/ - /ˈiə̯l/
ˈoː-ˈiə̯ / l_#>-l_#>
{0: [0], 1: [1]}
{0: [0], 1: [1]}
SCORE: 14.256

-------------------

/ˈoːr/ - /jˈiə̯r/
<#-<#_j / ˈoː-ˈiə̯ / r-r
{0: None, 1: [0], 2: [1]}
{0: [0], 1: [1], 2: [2]}
SCORE: 11.081

-------------------

/ˈuːɖ/ - /ˈuə̯r/
ˈuː-ˈuə̯ / ɖ-∅ / #>-r_#>
{0: [0], 1: [1], 2: None}
{0: [0], 1: None, 2: [1]}
SCORE: 3.275

-------------------

/ˈøːɡa/ - /ˈɪə̯ɣ̥/
ˈøː-ˈɪə̯ / ɡ-ɣ̥ / a_#>-#>
{0: [0], 1: [1], 2: [2]}
{0: [0], 1: [1], 2: None}
SCORE: 10.989

-------------------

/ˈœnska/ - /ʋˈɪnskjə/
<#-<#_ʋ / ˈœ-∅ / n-ˈɪ_n / s-s / k-k_j / a-ə
{0: None, 1: [0], 2: [1], 3: [2], 4: [3], 5: [4]}
{0: [0], 1: None, 2: [1, 2], 3: [3], 4: [4, 5], 5: [6]}
SCORE: 9.358

-------------------

/ˈœːra/ - /ˈɪə̯r/
∅-ˈɪə̯ / ˈœː-∅ / r-r / a_#>-#>
{0: None, 1: [0], 2: [1], 3: [2]}
{0: [0], 1: None, 2: [1], 3: None}
SCORE: -2.786

-------------------

/ˈɑːpa/ - /ˈaːp/
ˈɑː-ˈaː / p-p / a_#>-#>
{0: [0], 1: [1], 2: [2]}
{0: [0], 1: [1], 2: None}
SCORE: 12.889

-------------------

/ˈɔsː/ - /ˈyːs/
∅-ˈyː / ˈɔ-∅ / sː-s
{0: None, 1: [0], 2: [1]}
{0: [0], 1: None, 2: [1]}
SCORE: -1.935

-------------------

/ˈɔtːa/ - /ˈaχt/
∅-ˈa / ˈɔ-∅ / tː-χ_t / a_#>-#>
{0: None, 1: [0], 2: [1], 3: [2]}
{0: [0], 1: None, 2: [1, 2], 3: None}
SCORE: -4.193

-------------------

/ˈɛlva/ - /ˈalvə/
ˈɛ-ˈa / l-l / v-v / a-ə
{0: [0], 1: [1], 2: [2], 3: [3]}
{0: [0], 1: [1], 2: [2], 3: [3]}
SCORE: 20.569

-------------------

/ˈɛnː/ - /ˈiə̯n/
<#_ˈɛ-<# / ∅-ˈiə̯ / nː-n
{0: [0], 1: None, 2: [1]}
{0: None, 1: [0], 2: [1]}
SCORE: 1.608

-------------------

/ˈɛpːlɛ/ - /ˈaːpəl/
<#_ˈɛ-<#_ˈaː / pː-p / l-∅ / ɛ-ə / #>-l_#>
{0: [0], 1: [1], 2: [2], 3: [3], 4: None}
{0: [0], 1: [1], 2: None, 3: [2], 4: [3]}
SCORE: 15.023

-------------------

/ˈɛɡː/ - /ˈaːj/
<#_ˈɛ-<#_ˈaː / ɡː-∅ / #>-j_#>
{0: [0], 1: [1], 2: None}
{0: [0], 1: None, 2: [1]}
SCORE: 2.032

-------------------

/ˈɛɡː/ - /ˈɪɣə/
ˈɛ-ˈɪ / ∅-ɣ / ɡː-∅ / #>-ə_#>
{0: [0], 1: None, 2: [1], 3: None}
{0: [0], 1: [1], 2: None, 3: [2]}
SCORE: -3.52

-------------------

/ˈɛːta/ - /ˈitə/
∅-ˈi / ˈɛː-∅ / t-t / a-ə
{0: None, 1: [0], 2: [1], 3: [2]}
{0: [0], 1: None, 2: [1], 3: [2]}
SCORE: 3.5

-------------------

/ˈɵlv/ - /ʋˈɔlf/
<#-<#_ʋ / ˈɵ-ˈɔ / l-l / v_#>-f_#>
{0: None, 1: [0], 2: [1], 3: [2]}
{0: [0], 1: [1], 2: [2], 3: [3]}
SCORE: 16.828

-------------------

/ˈɵlː/ - /ʋˈɔlə/
<#-<#_ʋ / ˈɵ-ˈɔ / lː-l / #>-ə_#>
{0: None, 1: [0], 2: [1], 3: None}
{0: [0], 1: [1], 2: [2], 3: [3]}
SCORE: 7.965

-------------------

/ˈɵndɛr/ - /ʋˈundər/
<#-<#_ʋ / ˈɵ-ˈu / n-n / d-d / ɛ-ə / r-r
{0: None, 1: [0], 2: [1], 3: [2], 4: [3], 5: [4]}
{0: [0], 1: [1], 2: [2], 3: [3], 4: [4], 5: [5]}
SCORE: 24.547

-------------------

/ˈɵndɛr/ - /ˈundər/
ˈɵ-ˈu / n-n / d-d / ɛ-ə / r-r
{0: [0], 1: [1], 2: [2], 3: [3], 4: [4]}
{0: [0], 1: [1], 2: [2], 3: [3], 4: [4]}
SCORE: 25.815

-------------------

/ˈɵpː/ - /ˈɔp/
ˈɵ-ˈɔ / pː-p
{0: [0], 1: [1]}
{0: [0], 1: [1]}
SCORE: 16.673

-------------------

/ˈɵŋn/ - /ˈuːn/
ˈɵ-ˈuː / ŋ-∅ / n-n
{0: [0], 1: [1], 2: [2]}
{0: [0], 1: None, 2: [1]}
SCORE: 9.429

-------------------

/ˈɵŋː/ - /jˈɔŋ/
<#-<#_j / ˈɵ-ˈɔ / ŋː-ŋ
{0: None, 1: [0], 2: [1]}
{0: [0], 1: [1], 2: [2]}
SCORE: 15.003

-------------------

/ˈɵɡla/ - /ˈuːlə/
ˈɵ-ˈuː / ɡ-∅ / l-l / a-ə
{0: [0], 1: [1], 2: [2], 3: [3]}
{0: [0], 1: None, 2: [1], 3: [2]}
SCORE: 13.569

-------------------

/ˈʉːt/ - /ˈyːt/
∅-ˈyː / ˈʉː-∅ / t-t
{0: None, 1: [0], 2: [1]}
{0: [0], 1: None, 2: [1]}
SCORE: -0.365

-------------------

/ˈʊrm/ - /ʋjˈɪrm/
<#-<#_ʋ / ∅-j / ∅-ˈɪ / ˈʊ-∅ / r-r / m-m
{0: None, 1: None, 2: None, 3: [0], 4: [1], 5: [2]}
{0: [0], 1: [1], 2: [2], 3: None, 4: [3], 5: [4]}
SCORE: -0.703
