/brˈur/ - /brˈɔːθɛːr/
b-b / r-r / ˈu-ˈɔː_θ / ∅-ɛː / r_#>-r_#>
{0: [0], 1: [1], 2: [2], 3: None, 4: [3]}
{0: [0], 1: [1], 2: [2, 3], 3: [4], 4: [5]}
SCORE: 24.102

-------------------

/brˈœu̯/ - /brˈewːɑnɑ̃/
b-b / r-r / ∅-ˈe / ∅-wː / ˈœu̯-∅ / #>-ɑ_n_ɑ̃_#>
{0: [0], 1: [1], 2: None, 3: None, 4: [2], 5: None}
{0: [0], 1: [1], 2: [2], 3: [3], 4: None, 5: [4, 5, 6]}
SCORE: -1.729

-------------------

/brˈœχ/ - /brˈuɣjɔ̃ː/
b-b / r-r / ˈœ-ˈu / χ-ɣ / #>-j_ɔ̃ː_#>
{0: [0], 1: [1], 2: [2], 3: [3], 4: None}
{0: [0], 1: [1], 2: [2], 3: [3], 4: [4, 5]}
SCORE: 24.562

-------------------

/brˈʊə̯d̥/ - /brˈɑu̯ðɑ̃/
b-b / r-r / ˈʊə̯-ˈɑu̯ / d̥-ð / #>-ɑ̃_#>
{0: [0], 1: [1], 2: [2], 3: [3], 4: None}
{0: [0], 1: [1], 2: [2], 3: [3], 4: [4]}
SCORE: 26.221

-------------------

/bɫˈud̥/ - /blˈɔːθɑ̃/
b-b / ɫ-l / ˈu-ˈɔː / d̥-θ / #>-ɑ̃_#>
{0: [0], 1: [1], 2: [2], 3: [3], 4: None}
{0: [0], 1: [1], 2: [2], 3: [3], 4: [4]}
SCORE: 26.859

-------------------

/bɫˈuj/ - /blˈɔːθijɑnɑ̃/
b-b / ɫ-l / ˈu-ˈɔː_θ / ∅-i / j-j / #>-ɑ_n_ɑ̃_#>
{0: [0], 1: [1], 2: [2], 3: None, 4: [3], 5: None}
{0: [0], 1: [1], 2: [2, 3], 3: [4], 4: [5], 5: [6, 7, 8]}
SCORE: 20.875

-------------------

/bɫˈɑːr/ - /blˈɑðɑ̃/
b-b / ɫ-l / ˈɑː-ˈɑ / r-ð / #>-ɑ̃_#>
{0: [0], 1: [1], 2: [2], 3: [3], 4: None}
{0: [0], 1: [1], 2: [2], 3: [3], 4: [4]}
SCORE: 20.066

-------------------

/bɫˈɔm/ - /blˈɔːmɔːː/
b-b / ɫ-l / ∅-ˈɔː / ˈɔ-∅ / m-m / ∅-ɔːː
{0: [0], 1: [1], 2: None, 3: [2], 4: [3], 5: None}
{0: [0], 1: [1], 2: [2], 3: None, 4: [3], 5: [4]}
SCORE: 8.587

-------------------

/bˈad̥/ - /bˈɑθɑ̃/
b-b / ˈa-ˈɑ / d̥-θ / #>-ɑ̃_#>
{0: [0], 1: [1], 2: [2], 3: None}
{0: [0], 1: [1], 2: [2], 3: [3]}
SCORE: 20.03

-------------------

/bˈid̥/ - /bˈeu̯ðɑnɑ̃/
b-b / ˈi-ˈeu̯ / d̥-ð / #>-ɑ_n_ɑ̃_#>
{0: [0], 1: [1], 2: [2], 3: None}
{0: [0], 1: [1], 2: [2], 3: [3, 4, 5]}
SCORE: 19.235

-------------------

/bˈuk/ - /bˈɔːks/
b-b / ˈu-ˈɔː / k-k / #>-s_#>
{0: [0], 1: [1], 2: [2], 3: None}
{0: [0], 1: [1], 2: [2], 3: [3]}
SCORE: 21.564

-------------------

/bˈæːrχ/ - /bˈerɣɑz/
b-b / ˈæː-ˈe / r-r / χ-ɣ / #>-ɑ_z_#>
{0: [0], 1: [1], 2: [2], 3: [3], 4: None}
{0: [0], 1: [1], 2: [2], 3: [3], 4: [4, 5]}
SCORE: 24.109

-------------------

/bˈɔːrs/ - /brˈeu̯stɑ̃/
b-b / ˈɔː-∅ / r-r / ∅-ˈeu̯ / s-s_t / #>-ɑ̃_#>
{0: [0], 1: [1], 2: [2], 3: None, 4: [3], 5: None}
{0: [0], 1: None, 2: [1], 3: [2], 4: [3, 4], 5: [5]}
SCORE: 7.254

-------------------

/bˈəd̥/ - /bˈiðjɑnɑ̃/
b-b / ˈə-ˈi / d̥-ð / ∅-j / #>-ɑ_n_ɑ̃_#>
{0: [0], 1: [1], 2: [2], 3: None, 4: None}
{0: [0], 1: [1], 2: [2], 3: [3], 4: [4, 5, 6]}
SCORE: 13.672

-------------------

/bˈənd̥/ - /bˈindɑnɑ̃/
b-b / ˈə-ˈi / n-n / d̥-d / #>-ɑ_n_ɑ̃_#>
{0: [0], 1: [1], 2: [2], 3: [3], 4: None}
{0: [0], 1: [1], 2: [2], 3: [3], 4: [4, 5, 6]}
SCORE: 22.832

-------------------

/bˈəɪ̯/ - /bˈijɔ̃ː/
b-b / ˈəɪ̯-ˈi / #>-j_ɔ̃ː_#>
{0: [0], 1: [1], 2: None}
{0: [0], 1: [1], 2: [2, 3]}
SCORE: 11.63

-------------------

/bˈəɪ̯t/ - /bˈiːtɑnɑ̃/
b-b / ˈəɪ̯-ˈiː / t-t / #>-ɑ_n_ɑ̃_#>
{0: [0], 1: [1], 2: [2], 3: None}
{0: [0], 1: [1], 2: [2], 3: [3, 4, 5]}
SCORE: 20.259

-------------------

/bˈɛsi/ - /bˈɑsjɑ̃/
b-b / ˈɛ-ˈɑ / s-s / ∅-j / i-∅ / #>-ɑ̃_#>
{0: [0], 1: [1], 2: [2], 3: None, 4: [3], 5: None}
{0: [0], 1: [1], 2: [2], 3: [3], 4: None, 5: [4]}
SCORE: 8.749

-------------------

/bˈɪə̯n/ - /bˈɑi̯nɑ̃/
b-b / ˈɪə̯-ˈɑi̯ / n-n / #>-ɑ̃_#>
{0: [0], 1: [1], 2: [2], 3: None}
{0: [0], 1: [1], 2: [2], 3: [3]}
SCORE: 20.849

-------------------

/bˈɪə̯r/ - /bˈerɔːː/
b-b / ˈɪə̯-ˈe / r-r / ∅-ɔːː
{0: [0], 1: [1], 2: [2], 3: None}
{0: [0], 1: [1], 2: [2], 3: [3]}
SCORE: 16.546

-------------------

/bˈɪə̯tər/ - /bˈɑtizɔːː/
b-b / ˈɪə̯-∅ / t-ˈɑ_t / ə-i / ∅-z / ∅-ɔːː / r_#>-#>
{0: [0], 1: [1], 2: [2], 3: [3], 4: None, 5: None, 6: [4]}
{0: [0], 1: None, 2: [1, 2], 3: [3], 4: [4], 5: [5], 6: None}
SCORE: 1.723

-------------------

/bˈʊə̯m/ - /bˈɑu̯mɑz/
b-b / ˈʊə̯-ˈɑu̯ / m-m / #>-ɑ_z_#>
{0: [0], 1: [1], 2: [2], 3: None}
{0: [0], 1: [1], 2: [2], 3: [3, 4]}
SCORE: 22.757

-------------------

/bˈʊə̯t/ - /bˈɑi̯tɑz/
b-b / ˈʊə̯-ˈɑi̯ / t-t / #>-ɑ_z_#>
{0: [0], 1: [1], 2: [2], 3: None}
{0: [0], 1: [1], 2: [2], 3: [3, 4]}
SCORE: 16.809

-------------------

/drˈi/ - /θrˈiːz/
d-θ / r-r / ∅-ˈiː / ˈi-∅ / #>-z_#>
{0: [0], 1: [1], 2: None, 3: [2], 4: None}
{0: [0], 1: [1], 2: [2], 3: None, 4: [3]}
SCORE: 1.828

-------------------

/drˈœk/ - /θrˈukːijɑnɑ̃/
d-θ / r-r / ˈœ-ˈu / ∅-kː / ∅-i / ∅-j / k-∅ / #>-ɑ_n_ɑ̃_#>
{0: [0], 1: [1], 2: [2], 3: None, 4: None, 5: None, 6: [3], 7: None}
{0: [0], 1: [1], 2: [2], 3: [3], 4: [4], 5: [5], 6: None, 7: [6, 7, 8]}
SCORE: -3.755

-------------------

/drˈəŋk/ - /drˈiŋkɑnɑ̃/
d-d / r-r / ˈə-ˈi / ŋ-ŋ / k-k / #>-ɑ_n_ɑ̃_#>
{0: [0], 1: [1], 2: [2], 3: [3], 4: [4], 5: None}
{0: [0], 1: [1], 2: [2], 3: [3], 4: [4], 5: [5, 6, 7]}
SCORE: 27.184

-------------------

/drˈəɪ̯v̥/ - /drˈiːβɑnɑ̃/
d-d / r-r / ˈəɪ̯-ˈiː / v̥-β / #>-ɑ_n_ɑ̃_#>
{0: [0], 1: [1], 2: [2], 3: [3], 4: None}
{0: [0], 1: [1], 2: [2], 3: [3], 4: [4, 5, 6]}
SCORE: 23.174

-------------------

/drˈʊə̯m/ - /drˈɑu̯mijɑnɑ̃/
d-d / r-r / ˈʊə̯-ˈɑu̯ / m-m / ∅-i / ∅-j / #>-ɑ_n_ɑ̃_#>
{0: [0], 1: [1], 2: [2], 3: [3], 4: None, 5: None, 6: None}
{0: [0], 1: [1], 2: [2], 3: [3], 4: [4], 5: [5], 6: [6, 7, 8]}
SCORE: 14.013

-------------------

/drˈʊə̯m/ - /drˈɑu̯mɑz/
d-d / r-r / ˈʊə̯-ˈɑu̯ / m-m / #>-ɑ_z_#>
{0: [0], 1: [1], 2: [2], 3: [3], 4: None}
{0: [0], 1: [1], 2: [2], 3: [3], 4: [4, 5]}
SCORE: 25.892

-------------------

/drˈʊə̯χ/ - /drˈɑu̯ɣiz/
d-d / r-r / ˈʊə̯-ˈɑu̯ / χ-ɣ / #>-i_z_#>
{0: [0], 1: [1], 2: [2], 3: [3], 4: None}
{0: [0], 1: [1], 2: [2], 3: [3], 4: [4, 5]}
SCORE: 22.673

-------------------

/dvˈærχ/ - /dwˈerɣɑz/
d-d / v-w / ˈæ-ˈe / r-r / χ-ɣ / #>-ɑ_z_#>
{0: [0], 1: [1], 2: [2], 3: [3], 4: [4], 5: None}
{0: [0], 1: [1], 2: [2], 3: [3], 4: [4], 5: [5, 6]}
SCORE: 25.255

-------------------

/dˈaŋk/ - /θˈɑŋkɔːnɑ̃/
d-θ / ˈa-ˈɑ / ŋ-ŋ / k-k / ∅-ɔː / #>-n_ɑ̃_#>
{0: [0], 1: [1], 2: [2], 3: [3], 4: None, 5: None}
{0: [0], 1: [1], 2: [2], 3: [3], 4: [4], 5: [5, 6]}
SCORE: 14.399

-------------------

/dˈaχ/ - /dˈɑɣɑz/
d-d / ˈa-ˈɑ / χ-ɣ / #>-ɑ_z_#>
{0: [0], 1: [1], 2: [2], 3: None}
{0: [0], 1: [1], 2: [2], 3: [3, 4]}
SCORE: 19.239

-------------------

/dˈip/ - /dˈeu̯pɑz/
d-d / ˈi-ˈeu̯ / p-p / #>-ɑ_z_#>
{0: [0], 1: [1], 2: [2], 3: None}
{0: [0], 1: [1], 2: [2], 3: [3, 4]}
SCORE: 22.163

-------------------

/dˈir/ - /dˈeu̯zɑ̃/
d-d / ˈi-ˈeu̯ / ∅-z / r-∅ / #>-ɑ̃_#>
{0: [0], 1: [1], 2: None, 3: [2], 4: None}
{0: [0], 1: [1], 2: [2], 3: None, 4: [3]}
SCORE: 5.685

-------------------

/dˈiv̥/ - /θˈeu̯βɑz/
d-θ / ˈi-ˈeu̯ / v̥_#>-β_ɑ_z_#>
{0: [0], 1: [1], 2: [2]}
{0: [0], 1: [1], 2: [2, 3, 4]}
SCORE: 20.445

-------------------

/dˈæːrtin/ - /θrˈitexun/
d-θ / ˈæː-∅ / r-r_ˈi / t-t / ∅-e / ∅-x / ∅-u / i-∅ / n-n
{0: [0], 1: [1], 2: [2], 3: [3], 4: None, 5: None, 6: None, 7: [4], 8: [5]}
{0: [0], 1: None, 2: [1, 2], 3: [3], 4: [4], 5: [5], 6: [6], 7: None, 8: [7]}
SCORE: -3.723

-------------------

/dˈœn/ - /θˈunːiz/
d-θ / ˈœ-ˈu / n-nː / #>-i_z_#>
{0: [0], 1: [1], 2: [2], 3: None}
{0: [0], 1: [1], 2: [2], 3: [3, 4]}
SCORE: 16.003

-------------------

/dˈœɪ̯m/ - /θˈuːmɔːː/
d-θ / ˈœɪ̯-ˈuː / m-m / ∅-ɔːː
{0: [0], 1: [1], 2: [2], 3: None}
{0: [0], 1: [1], 2: [2], 3: [3]}
SCORE: 18.114

-------------------

/dˈœɪ̯sənd̥/ - /θˈuːsundiː/
d-θ / ˈœɪ̯-ˈuː / s-s / ə-u / n-n / d̥-d / ∅-iː
{0: [0], 1: [1], 2: [2], 3: [3], 4: [4], 5: [5], 6: None}
{0: [0], 1: [1], 2: [2], 3: [3], 4: [4], 5: [5], 6: [6]}
SCORE: 28.923

-------------------

/dˈœɪ̯v̥/ - /dˈuːβɔ̃ː/
d-d / ˈœɪ̯-ˈuː / v̥-β / ∅-ɔ̃ː
{0: [0], 1: [1], 2: [2], 3: None}
{0: [0], 1: [1], 2: [2], 3: [3]}
SCORE: 17.614

-------------------

/dˈɔndər/ - /θˈunrɑz/
d-θ / ˈɔ-ˈu / n-n / d-∅ / ə_r-r / #>-ɑ_z_#>
{0: [0], 1: [1], 2: [2], 3: [3], 4: [4, 5], 5: None}
{0: [0], 1: [1], 2: [2], 3: None, 4: [3], 5: [4, 5]}
SCORE: 14.686

-------------------

/dˈɔr/ - /θˈursuz/
d-θ / ˈɔ-ˈu / r-r / ∅-s / ∅-u / #>-z_#>
{0: [0], 1: [1], 2: [2], 3: None, 4: None, 5: None}
{0: [0], 1: [1], 2: [2], 3: [3], 4: [4], 5: [5]}
SCORE: 6.898

-------------------

/dˈɔrs/ - /θˈurstuz/
d-θ / ˈɔ-ˈu / r-r / s-s_t / ∅-u / #>-z_#>
{0: [0], 1: [1], 2: [2], 3: [3], 4: None, 5: None}
{0: [0], 1: [1], 2: [2], 3: [3, 4], 4: [5], 5: [6]}
SCORE: 13.469

-------------------

/dˈɔχtər/ - /dˈuxtɛːr/
d-d / ˈɔ-ˈu / χ-x / t-t / ə-ɛː / r_#>-r_#>
{0: [0], 1: [1], 2: [2], 3: [3], 4: [4], 5: [5]}
{0: [0], 1: [1], 2: [2], 3: [3], 4: [4], 5: [5]}
SCORE: 35.734

-------------------

/dˈək/ - /θˈekuz/
d-θ / ˈə-ˈe / k-k / ∅-u / #>-z_#>
{0: [0], 1: [1], 2: [2], 3: None, 4: None}
{0: [0], 1: [1], 2: [2], 3: [3], 4: [4]}
SCORE: 8.786

-------------------

/dˈəŋ/ - /θˈiŋɡɑ̃/
d-θ / ˈə-ˈi / ŋ-ŋ_ɡ / #>-ɑ̃_#>
{0: [0], 1: [1], 2: [2], 3: None}
{0: [0], 1: [1], 2: [2, 3], 3: [4]}
SCORE: 15.46

-------------------

/dˈɪə̯χ/ - /dˈɑi̯ɣɑz/
d-d / ˈɪə̯-ˈɑi̯ / χ-ɣ / #>-ɑ_z_#>
{0: [0], 1: [1], 2: [2], 3: None}
{0: [0], 1: [1], 2: [2], 3: [3, 4]}
SCORE: 20.043

-------------------

/dˈʊə̯dəɫək/ - /dˈɑu̯ðɑliːkɑz/
d-d / ˈʊə̯-ˈɑu̯ / d-ð / ə-ɑ / ɫ-l / ∅-iː / ə-∅ / k-k / #>-ɑ_z_#>
{0: [0], 1: [1], 2: [2], 3: [3], 4: [4], 5: None, 6: [5], 7: [6], 8: None}
{0: [0], 1: [1], 2: [2], 3: [3], 4: [4], 5: [5], 6: None, 7: [6], 8: [7, 8]}
SCORE: 19.283

-------------------

/dˈʊə̯d̥/ - /dˈɑu̯ðɑz/
d-d / ˈʊə̯-ˈɑu̯ / d̥-ð / #>-ɑ_z_#>
{0: [0], 1: [1], 2: [2], 3: None}
{0: [0], 1: [1], 2: [2], 3: [3, 4]}
SCORE: 19.565

-------------------

/dˈʊə̯d̥/ - /dˈɑu̯θuz/
d-d / ˈʊə̯-ˈɑu̯ / d̥-θ / ∅-u / #>-z_#>
{0: [0], 1: [1], 2: [2], 3: None, 4: None}
{0: [0], 1: [1], 2: [2], 3: [3], 4: [4]}
SCORE: 12.996

-------------------

/dˈʊə̯rəŋ/ - /θˈurnɑz/
d-θ / ˈʊə̯-ˈu / r_ə-r_n / ŋ-∅ / #>-ɑ_z_#>
{0: [0], 1: [1], 2: [2, 3], 3: [4], 4: None}
{0: [0], 1: [1], 2: [2, 3], 3: None, 4: [4, 5]}
SCORE: 14.798

-------------------

/jˈɑːr/ - /jˈɛːrɑ̃/
<#_j-<#_j / ˈɑː-ˈɛː / r-r / #>-ɑ̃_#>
{0: [0], 1: [1], 2: [2], 3: None}
{0: [0], 1: [1], 2: [2], 3: [3]}
SCORE: 23.652

-------------------

/jˈɔŋ/ - /jˈuŋɡɑz/
<#_j-<#_j / ˈɔ-ˈu_ŋ / ŋ-ɡ / #>-ɑ_z_#>
{0: [0], 1: [1], 2: [2], 3: None}
{0: [0], 1: [1, 2], 2: [3], 3: [4, 5]}
SCORE: 20.512

-------------------

/jˈəɪ̯/ - /jˈuːz/
<#_j-<#_j / ∅-ˈuː / ˈəɪ̯-∅ / #>-z_#>
{0: [0], 1: None, 2: [1], 3: None}
{0: [0], 1: [1], 2: None, 3: [2]}
SCORE: 1.042

-------------------

/knˈi/ - /knˈewɑ̃/
<#_k-<#_k / n-n / ˈi-ˈe / ∅-w / #>-ɑ̃_#>
{0: [0], 1: [1], 2: [2], 3: None, 4: None}
{0: [0], 1: [1], 2: [2], 3: [3], 4: [4]}
SCORE: 14.295

-------------------

/kˈan/ - /kˈunːɑnɑ̃/
k-k_ˈu / ˈa-∅ / n-nː / #>-ɑ_n_ɑ̃_#>
{0: [0], 1: [1], 2: [2], 3: None}
{0: [0, 1], 1: None, 2: [2], 3: [3, 4, 5]}
SCORE: 4.252

-------------------

/kˈat/ - /kˈɑtːɔ̃ː/
<#_k-<#_k / ˈa-ˈɑ / t-tː / ∅-ɔ̃ː
{0: [0], 1: [1], 2: [2], 3: None}
{0: [0], 1: [1], 2: [2], 3: [3]}
SCORE: 13.737

-------------------

/kˈaɫv̥/ - /kˈɑlβɑz/
<#_k-<#_k / ˈa-ˈɑ / ɫ-l / v̥_#>-β_ɑ_z_#>
{0: [0], 1: [1], 2: [2], 3: [3]}
{0: [0], 1: [1], 2: [2], 3: [3, 4, 5]}
SCORE: 26.263

-------------------

/kˈærk/ - /kˈirikɑː/
<#_k-<#_k / ∅-ˈi / ˈæ-∅ / r-r / ∅-i / k-k / ∅-ɑː
{0: [0], 1: None, 2: [1], 3: [2], 4: None, 5: [3], 6: None}
{0: [0], 1: [1], 2: None, 3: [2], 4: [3], 5: [4], 6: [5]}
SCORE: 2.123

-------------------

/kˈœu̯d̥/ - /kˈɑldɑz/
<#_k-<#_k / ˈœu̯-ˈɑ_l / d̥-d / #>-ɑ_z_#>
{0: [0], 1: [1], 2: [2], 3: None}
{0: [0], 1: [1, 2], 2: [3], 3: [4, 5]}
SCORE: 21.749

-------------------

/kˈɑːs/ - /kˈɑːsiː/
<#_k-<#_k / ˈɑː-ˈɑː / s-s / ∅-iː
{0: [0], 1: [1], 2: [2], 3: None}
{0: [0], 1: [1], 2: [2], 3: [3]}
SCORE: 18.012

-------------------

/kˈɔm/ - /kʷˈemɑnɑ̃/
k-kʷ / ∅-ˈe / ˈɔ-∅ / m-m / #>-ɑ_n_ɑ̃_#>
{0: [0], 1: None, 2: [1], 3: [2], 4: None}
{0: [0], 1: [1], 2: None, 3: [2], 4: [3, 4, 5]}
SCORE: -0.015

-------------------

/kˈɔp/ - /kˈupːɑz/
<#_k-<#_k / ˈɔ-ˈu / p-pː / #>-ɑ_z_#>
{0: [0], 1: [1], 2: [2], 3: None}
{0: [0], 1: [1], 2: [2], 3: [3, 4]}
SCORE: 22.208

-------------------

/kˈənd̥/ - /kˈinθɑ̃/
<#_k-<#_k / ˈə-ˈi / n-n / d̥-θ / #>-ɑ̃_#>
{0: [0], 1: [1], 2: [2], 3: [3], 4: None}
{0: [0], 1: [1], 2: [2], 3: [3], 4: [4]}
SCORE: 24.306

-------------------

/kˈɛn/ - /kˈɑnːijɑnɑ̃/
<#_k-<#_k / ˈɛ-ˈɑ / n-nː / ∅-i / ∅-j / #>-ɑ_n_ɑ̃_#>
{0: [0], 1: [1], 2: [2], 3: None, 4: None, 5: None}
{0: [0], 1: [1], 2: [2], 3: [3], 4: [4], 5: [5, 6, 7]}
SCORE: 6.155

-------------------

/kˈʊə̯nəŋ/ - /kˈuniŋɡɑz/
<#_k-<#_k / ˈʊə̯-ˈu / n-n / ə-i / ŋ-ŋ_ɡ / #>-ɑ_z_#>
{0: [0], 1: [1], 2: [2], 3: [3], 4: [4], 5: None}
{0: [0], 1: [1], 2: [2], 3: [3], 4: [4, 5], 5: [6, 7]}
SCORE: 21.405

-------------------

/kˈʊə̯rəŋ/ - /kˈurnɑ̃/
<#_k-<#_k / ˈʊə̯-ˈu / r_ə-r_n / ŋ-ɑ̃
{0: [0], 1: [1], 2: [2, 3], 3: [4]}
{0: [0], 1: [1], 2: [2, 3], 3: [4]}
SCORE: 24.568

-------------------

/mˈan/ - /mˈɑnː/
m-m / ˈa-ˈɑ / n-nː
{0: [0], 1: [1], 2: [2]}
{0: [0], 1: [1], 2: [2]}
SCORE: 21.755

-------------------

/mˈans/ - /mˈɑnːiz/
m-m / ˈa-ˈɑ / n-nː / s-∅ / #>-i_z_#>
{0: [0], 1: [1], 2: [2], 3: [3], 4: None}
{0: [0], 1: [1], 2: [2], 3: None, 4: [3, 4]}
SCORE: 12.662

-------------------

/mˈaχ/ - /mˈɑxtiz/
m-m / ˈa-ˈɑ / χ-x_t / #>-i_z_#>
{0: [0], 1: [1], 2: [2], 3: None}
{0: [0], 1: [1], 2: [2, 3], 3: [4, 5]}
SCORE: 17.532

-------------------

/mˈudər/ - /mˈɔːðɛːr/
m-m / ˈu-ˈɔː / d-ð / ə-ɛː / r_#>-r_#>
{0: [0], 1: [1], 2: [2], 3: [3], 4: [4]}
{0: [0], 1: [1], 2: [2], 3: [3], 4: [4]}
SCORE: 32.06

-------------------

/mˈæɫk/ - /mˈeluks/
m-m / ˈæ-ˈe / ɫ-l / ∅-u / k-k / #>-s_#>
{0: [0], 1: [1], 2: [2], 3: None, 4: [3], 5: None}
{0: [0], 1: [1], 2: [2], 3: [3], 4: [4], 5: [5]}
SCORE: 18.453

-------------------

/mˈœɪ̯s/ - /mˈuːs/
m-m / ˈœɪ̯-ˈuː / s-s
{0: [0], 1: [1], 2: [2]}
{0: [0], 1: [1], 2: [2]}
SCORE: 23.471

-------------------

/mˈœɪ̯sə/ - /mˈuːsiz/
m-m / ˈœɪ̯-ˈuː / s-s / ə-i / #>-z_#>
{0: [0], 1: [1], 2: [2], 3: [3], 4: None}
{0: [0], 1: [1], 2: [2], 3: [3], 4: [4]}
SCORE: 23.161

-------------------

/mˈœχ/ - /mˈuɣjɔː/
m-m / ˈœ-ˈu / χ-ɣ / #>-j_ɔː_#>
{0: [0], 1: [1], 2: [2], 3: None}
{0: [0], 1: [1], 2: [2], 3: [3, 4]}
SCORE: 19.511

-------------------

/mˈɑːn/ - /mˈɛːnɔːː/
m-m / ˈɑː-ˈɛː / n-n / ∅-ɔːː
{0: [0], 1: [1], 2: [2], 3: None}
{0: [0], 1: [1], 2: [2], 3: [3]}
SCORE: 17.345

-------------------

/mˈɑːnd̥/ - /mˈɛːnɔːθs/
m-m / ˈɑː-ˈɛː / n-n / ∅-ɔː / d̥-θ / #>-s_#>
{0: [0], 1: [1], 2: [2], 3: None, 4: [3], 5: None}
{0: [0], 1: [1], 2: [2], 3: [3], 4: [4], 5: [5]}
SCORE: 18.388

-------------------

/mˈɔnd̥/ - /mˈunθɑz/
m-m / ˈɔ-ˈu / n-n / d̥-θ / #>-ɑ_z_#>
{0: [0], 1: [1], 2: [2], 3: [3], 4: None}
{0: [0], 1: [1], 2: [2], 3: [3], 4: [4, 5]}
SCORE: 23.287

-------------------

/mˈəɪ̯/ - /mˈiz/
m-m / ˈəɪ̯-ˈi / #>-z_#>
{0: [0], 1: [1], 2: None}
{0: [0], 1: [1], 2: [2]}
SCORE: 11.206

-------------------

/mˈɛns/ - /mˈɑnːiskɑz/
m-m / ˈɛ-ˈɑ / n-nː / ∅-i / s-s_k / #>-ɑ_z_#>
{0: [0], 1: [1], 2: [2], 3: None, 4: [3], 5: None}
{0: [0], 1: [1], 2: [2], 3: [3], 4: [4, 5], 5: [6, 7]}
SCORE: 16.103

-------------------

/nˈaχ/ - /nˈɑxts/
<#_n-<#_n / ˈa-ˈɑ / χ-x_t / #>-s_#>
{0: [0], 1: [1], 2: [2], 3: None}
{0: [0], 1: [1], 2: [2, 3], 3: [4]}
SCORE: 19.085

-------------------

/nˈɑːk/ - /nˈɑkʷɑðɑz/
<#_n-<#_n / ˈɑː-ˈɑ / k-kʷ / ∅-ɑ / ∅-ð / #>-ɑ_z_#>
{0: [0], 1: [1], 2: [2], 3: None, 4: None, 5: None}
{0: [0], 1: [1], 2: [2], 3: [3], 4: [4], 5: [5, 6]}
SCORE: 6.271

-------------------

/nˈɑːm/ - /nˈɑmɔːː/
<#_n-<#_n / ˈɑː-ˈɑ / m-m / ∅-ɔːː
{0: [0], 1: [1], 2: [2], 3: None}
{0: [0], 1: [1], 2: [2], 3: [3]}
SCORE: 17.556

-------------------

/nˈɑːst/ - /nˈɛːxʷist/
<#_n-<#_n / ˈɑː-ˈɛː / ∅-xʷ / ∅-i / s-s / t-t
{0: [0], 1: [1], 2: None, 3: None, 4: [2], 5: [3]}
{0: [0], 1: [1], 2: [2], 3: [3], 4: [4], 5: [5]}
SCORE: 18.561

-------------------

/nˈɑːɫd̥/ - /nˈɛːθlɔː/
<#_n-<#_n / ˈɑː-ˈɛː / ∅-θ / ɫ-l / ∅-ɔː / d̥_#>-#>
{0: [0], 1: [1], 2: None, 3: [2], 4: None, 5: [3]}
{0: [0], 1: [1], 2: [2], 3: [3], 4: [4], 5: None}
SCORE: 10.313

-------------------

/nˈɔːɫ/ - /nˈɑɣlɑz/
<#_n-<#_n / ∅-ˈɑ / ∅-ɣ / ˈɔː-∅ / ɫ-l / #>-ɑ_z_#>
{0: [0], 1: None, 2: None, 3: [1], 4: [2], 5: None}
{0: [0], 1: [1], 2: [2], 3: None, 4: [3], 5: [4, 5]}
SCORE: 0.714

-------------------

/nˈɪø̯s/ - /nˈɑsɔː/
<#_n-<#_n / ˈɪø̯-∅ / s-ˈɑ_s / ∅-ɔː
{0: [0], 1: [1], 2: [2], 3: None}
{0: [0], 1: None, 2: [1, 2], 3: [3]}
SCORE: 2.804

-------------------

/nˈɪø̯t/ - /xnˈuts/
<#-<#_x / n-n / ˈɪø̯-ˈu / t-t_s
{0: None, 1: [0], 2: [1], 3: [2]}
{0: [0], 1: [1], 2: [2], 3: [3, 4]}
SCORE: 13.922

-------------------

/nˈɪə̯χə/ - /nˈewun/
<#_n-<#_n / ˈɪə̯-ˈe / ∅-w / χ-∅ / ə-u / #>-n_#>
{0: [0], 1: [1], 2: None, 3: [2], 4: [3], 5: None}
{0: [0], 1: [1], 2: [2], 3: None, 4: [3], 5: [4]}
SCORE: 7.747

-------------------

/nˈʊə̯rd̥/ - /nˈurθrɑ̃/
<#_n-<#_n / ˈʊə̯-ˈu / r-r / d̥-θ / ∅-r / #>-ɑ̃_#>
{0: [0], 1: [1], 2: [2], 3: [3], 4: None, 5: None}
{0: [0], 1: [1], 2: [2], 3: [3], 4: [4], 5: [5]}
SCORE: 18.329

-------------------

/pɫˈuχ/ - /plˈɔːɣɑz/
<#_p-<#_p / ɫ-l / ˈu-ˈɔː / χ-ɣ / #>-ɑ_z_#>
{0: [0], 1: [1], 2: [2], 3: [3], 4: None}
{0: [0], 1: [1], 2: [2], 3: [3], 4: [4, 5]}
SCORE: 29.19

-------------------

/pɫˈəχ/ - /plˈixti/
<#_p-<#_p / ɫ-l / ˈə-ˈi / χ-x_t / #>-i_#>
{0: [0], 1: [1], 2: [2], 3: [3], 4: None}
{0: [0], 1: [1], 2: [2], 3: [3, 4], 4: [5]}
SCORE: 26.452

-------------------

/pˈad̥/ - /pˈɑθɑz/
<#_p-<#_p / ˈa-ˈɑ / d̥-θ / #>-ɑ_z_#>
{0: [0], 1: [1], 2: [2], 3: None}
{0: [0], 1: [1], 2: [2], 3: [3, 4]}
SCORE: 21.126

-------------------

/rˈoːj/ - /rˈɑu̯ðɑz/
<#_r-<#_r / ˈoː-ˈɑu̯_ð / j-∅ / #>-ɑ_z_#>
{0: [0], 1: [1], 2: [2], 3: None}
{0: [0], 1: [1, 2], 2: None, 3: [3, 4]}
SCORE: 14.39

-------------------

/rˈœχ/ - /xrˈuɣjɑz/
<#_r-<#_x_r / ˈœ-ˈu / χ-ɣ / ∅-j / #>-ɑ_z_#>
{0: [0], 1: [1], 2: [2], 3: None, 4: None}
{0: [0, 1], 1: [2], 2: [3], 3: [4], 4: [5, 6]}
SCORE: 11.881

-------------------

/rˈɔs/ - /xrˈusːɑ̃/
<#_r-<#_x_r / ˈɔ-ˈu / s-sː / #>-ɑ̃_#>
{0: [0], 1: [1], 2: [2], 3: None}
{0: [0, 1], 1: [2], 2: [3], 3: [4]}
SCORE: 13.65

-------------------

/rˈəŋ/ - /xrˈiŋɡɑz/
<#_r-<#_x_r / ˈə-ˈi / ŋ-ŋ_ɡ / #>-ɑ_z_#>
{0: [0], 1: [1], 2: [2], 3: None}
{0: [0, 1], 1: [2], 2: [3, 4], 3: [5, 6]}
SCORE: 13.069

-------------------

/rˈəɪ̯k/ - /rˈiːkijɑz/
<#_r-<#_r / ˈəɪ̯-ˈiː / k-k / ∅-i / ∅-j / #>-ɑ_z_#>
{0: [0], 1: [1], 2: [2], 3: None, 4: None, 5: None}
{0: [0], 1: [1], 2: [2], 3: [3], 4: [4], 5: [5, 6]}
SCORE: 13.538

-------------------

/rˈɪə̯n/ - /rˈeɣnɑ̃/
<#_r-<#_r / ˈɪə̯-ˈe / ∅-ɣ / n-n / #>-ɑ̃_#>
{0: [0], 1: [1], 2: None, 3: [2], 4: None}
{0: [0], 1: [1], 2: [2], 3: [3], 4: [4]}
SCORE: 15.725

-------------------

/rˈʊə̯k/ - /rˈɑu̯kiz/
<#_r-<#_r / ˈʊə̯-ˈɑu̯ / k-k / #>-i_z_#>
{0: [0], 1: [1], 2: [2], 3: None}
{0: [0], 1: [1], 2: [2], 3: [3, 4]}
SCORE: 20.86

-------------------

/skˈit/ - /skˈeu̯tɑnɑ̃/
s-s / k-k / ˈi-ˈeu̯ / t-t / #>-ɑ_n_ɑ̃_#>
{0: [0], 1: [1], 2: [2], 3: [3], 4: None}
{0: [0], 1: [1], 2: [2], 3: [3], 4: [4, 5, 6]}
SCORE: 23.594

-------------------

/skˈun/ - /skˈɔːxɑz/
s-s / k-k / ˈu-ˈɔː / ∅-x / n-∅ / #>-ɑ_z_#>
{0: [0], 1: [1], 2: [2], 3: None, 4: [3], 5: None}
{0: [0], 1: [1], 2: [2], 3: [3], 4: None, 5: [4, 5]}
SCORE: 10.877

-------------------

/skˈæːrp/ - /skˈɑrpɑz/
s-s / k-k / ˈæː-∅ / r-ˈɑ_r / p-p / #>-ɑ_z_#>
{0: [0], 1: [1], 2: [2], 3: [3], 4: [4], 5: None}
{0: [0], 1: [1], 2: None, 3: [2, 3], 4: [4], 5: [5, 6]}
SCORE: 16.553

-------------------

/skˈɑːp/ - /skˈɛːpɑ̃/
s-s / k-k / ˈɑː-ˈɛː / p-p / #>-ɑ̃_#>
{0: [0], 1: [1], 2: [2], 3: [3], 4: None}
{0: [0], 1: [1], 2: [2], 3: [3], 4: [4]}
SCORE: 28.066

-------------------

/skˈəp/ - /skˈipɑ̃/
s-s / k-k / ˈə-ˈi / p-p / #>-ɑ̃_#>
{0: [0], 1: [1], 2: [2], 3: [3], 4: None}
{0: [0], 1: [1], 2: [2], 3: [3], 4: [4]}
SCORE: 27.287

-------------------

/skˈəɫd̥/ - /skˈelduz/
s-s / k-k / ˈə-ˈe / ɫ-l / d̥-d_u / #>-z_#>
{0: [0], 1: [1], 2: [2], 3: [3], 4: [4], 5: None}
{0: [0], 1: [1], 2: [2], 3: [3], 4: [4, 5], 5: [6]}
SCORE: 24.475

-------------------

/skˈʊə̯n/ - /skˈɑu̯niz/
s-s / k-k / ˈʊə̯-ˈɑu̯ / n-n / #>-i_z_#>
{0: [0], 1: [1], 2: [2], 3: [3], 4: None}
{0: [0], 1: [1], 2: [2], 3: [3], 4: [4, 5]}
SCORE: 21.977

-------------------

/snˈiw/ - /snˈɑi̯wɑz/
s-s / n-n / ∅-ˈɑi̯ / ˈi-∅ / w-w / #>-ɑ_z_#>
{0: [0], 1: [1], 2: None, 3: [2], 4: [3], 5: None}
{0: [0], 1: [1], 2: [2], 3: None, 4: [3], 5: [4, 5]}
SCORE: 6.584

-------------------

/sprˈɑːk/ - /sprˈɑːku/
s-s / p-p / r-r / ˈɑː-ˈɑː / k-k / ∅-u
{0: [0], 1: [1], 2: [2], 3: [3], 4: [4], 5: None}
{0: [0], 1: [1], 2: [2], 3: [3], 4: [4], 5: [5]}
SCORE: 29.007

-------------------

/stˈuɫ/ - /stˈɔːlɑz/
s-s / t-t / ˈu-ˈɔː / ɫ-l / #>-ɑ_z_#>
{0: [0], 1: [1], 2: [2], 3: [3], 4: None}
{0: [0], 1: [1], 2: [2], 3: [3], 4: [4, 5]}
SCORE: 25.629

-------------------

/stˈæːr/ - /stˈernɔ̃ː/
s-s / t-t / ˈæː-ˈe / r-r_n / ∅-ɔ̃ː
{0: [0], 1: [1], 2: [2], 3: [3], 4: None}
{0: [0], 1: [1], 2: [2], 3: [3, 4], 4: [5]}
SCORE: 18.05

-------------------

/stˈɔrm/ - /stˈurmɑz/
s-s / t-t / ˈɔ-ˈu / r-r / m-m / #>-ɑ_z_#>
{0: [0], 1: [1], 2: [2], 3: [3], 4: [4], 5: None}
{0: [0], 1: [1], 2: [2], 3: [3], 4: [4], 5: [5, 6]}
SCORE: 29.698

-------------------

/stˈɪə̯n/ - /stˈɑi̯nɑz/
s-s / t-t / ˈɪə̯-ˈɑi̯ / n-n / #>-ɑ_z_#>
{0: [0], 1: [1], 2: [2], 3: [3], 4: None}
{0: [0], 1: [1], 2: [2], 3: [3], 4: [4, 5]}
SCORE: 23.627

-------------------

/svˈart/ - /swˈɑrtɑz/
s-s / v-w / ˈa-ˈɑ / r-r / t-t / #>-ɑ_z_#>
{0: [0], 1: [1], 2: [2], 3: [3], 4: [4], 5: None}
{0: [0], 1: [1], 2: [2], 3: [3], 4: [4], 5: [5, 6]}
SCORE: 25.967

-------------------

/svˈɑːrd̥/ - /swˈerðɑ̃/
s-s / v-w / ∅-ˈe / ˈɑː-∅ / r-r / d̥-ð / #>-ɑ̃_#>
{0: [0], 1: [1], 2: None, 3: [2], 4: [3], 5: [4], 6: None}
{0: [0], 1: [1], 2: [2], 3: None, 4: [3], 5: [4], 6: [5]}
SCORE: 10.833

-------------------

/svˈəɪ̯n/ - /swˈiːnɑ̃/
s-s / v-w / ˈəɪ̯-ˈiː / n-n / #>-ɑ̃_#>
{0: [0], 1: [1], 2: [2], 3: [3], 4: None}
{0: [0], 1: [1], 2: [2], 3: [3], 4: [4]}
SCORE: 22.209

-------------------

/svˈɛm/ - /swˈimːɑnɑ̃/
s-s / v-w_ˈi / ˈɛ_m-mː / #>-ɑ_n_ɑ̃_#>
{0: [0], 1: [1], 2: [2, 3], 3: None}
{0: [0], 1: [1, 2], 2: [3], 3: [4, 5, 6]}
SCORE: 10.641

-------------------

/svˈɪə̯t/ - /swˈɑi̯tɑ̃/
s-s / v-w / ˈɪə̯-ˈɑi̯ / t-t / #>-ɑ̃_#>
{0: [0], 1: [1], 2: [2], 3: [3], 4: None}
{0: [0], 1: [1], 2: [2], 3: [3], 4: [4]}
SCORE: 22.674

-------------------

/sɫˈaŋ/ - /slˈɑŋɡɔːː/
s-s / ɫ-l / ˈa-ˈɑ / ŋ-ŋ_ɡ / ∅-ɔːː
{0: [0], 1: [1], 2: [2], 3: [3], 4: None}
{0: [0], 1: [1], 2: [2], 3: [3, 4], 4: [5]}
SCORE: 16.59

-------------------

/sɫˈɑːn/ - /slˈɑxɑnɑ̃/
s-s / ɫ-l / ˈɑː-ˈɑ_x / ∅-ɑ / n-n / #>-ɑ̃_#>
{0: [0], 1: [1], 2: [2], 3: None, 4: [3], 5: None}
{0: [0], 1: [1], 2: [2, 3], 3: [4], 4: [5], 5: [6]}
SCORE: 13.895

-------------------

/sɫˈɑːp/ - /slˈɛːpɑnɑ̃/
s-s / ɫ-l / ˈɑː-ˈɛː / p-p / #>-ɑ_n_ɑ̃_#>
{0: [0], 1: [1], 2: [2], 3: [3], 4: None}
{0: [0], 1: [1], 2: [2], 3: [3], 4: [4, 5, 6]}
SCORE: 25.239

-------------------

/sˈand̥/ - /sˈɑmdɑz/
s-s / ˈa_n-ˈɑ / ∅-m / d̥-d / #>-ɑ_z_#>
{0: [0], 1: [1, 2], 2: None, 3: [3], 4: None}
{0: [0], 1: [1], 2: [2], 3: [3], 4: [4, 5]}
SCORE: 8.334

-------------------

/sˈik/ - /sˈeu̯kɑz/
s-s / ˈi-ˈeu̯ / k-k / #>-ɑ_z_#>
{0: [0], 1: [1], 2: [2], 3: None}
{0: [0], 1: [1], 2: [2], 3: [3, 4]}
SCORE: 20.307

-------------------

/sˈin/ - /sˈexʷɑnɑ̃/
s-s / ˈi-ˈe_xʷ / ∅-ɑ / n-n / #>-ɑ̃_#>
{0: [0], 1: [1], 2: None, 3: [2], 4: None}
{0: [0], 1: [1, 2], 2: [3], 3: [4], 4: [5]}
SCORE: 14.436

-------------------

/sˈuk/ - /sˈɔːkijɑnɑ̃/
s-s / ˈu-ˈɔː / k-k / ∅-i / ∅-j / #>-ɑ_n_ɑ̃_#>
{0: [0], 1: [1], 2: [2], 3: None, 4: None, 5: None}
{0: [0], 1: [1], 2: [2], 3: [3], 4: [4], 5: [5, 6, 7]}
SCORE: 8.997

-------------------

/sˈut/ - /swˈɔːtuz/
s-s_w / ˈu-ˈɔː / t-t / ∅-u / #>-z_#>
{0: [0], 1: [1], 2: [2], 3: None, 4: None}
{0: [0, 1], 1: [2], 2: [3], 3: [4], 4: [5]}
SCORE: 12.595

-------------------

/sˈyːr/ - /sˈuːrɑz/
s-s / ∅-ˈuː / ˈyː-∅ / r-r / #>-ɑ_z_#>
{0: [0], 1: None, 2: [1], 3: [2], 4: None}
{0: [0], 1: [1], 2: None, 3: [2], 4: [3, 4]}
SCORE: 3.295

-------------------

/sˈœstər/ - /swˈestɛːr/
s-s_w / ∅-ˈe / ˈœ-∅ / s-s / t-t / ə-ɛː / r_#>-r_#>
{0: [0], 1: None, 2: [1], 3: [2], 4: [3], 5: [4], 6: [5]}
{0: [0, 1], 1: [2], 2: None, 3: [3], 4: [4], 5: [5], 6: [6]}
SCORE: 19.979

-------------------

/sˈœu̯t/ - /sˈɑltɑ̃/
s-s / ˈœu̯-ˈɑ_l / t-t / #>-ɑ̃_#>
{0: [0], 1: [1], 2: [2], 3: None}
{0: [0], 1: [1, 2], 2: [3], 3: [4]}
SCORE: 21.328

-------------------

/sˈœɪ̯χ/ - /sˈuːɣɑnɑ̃/
s-s / ˈœɪ̯-ˈuː / χ-ɣ / #>-ɑ_n_ɑ̃_#>
{0: [0], 1: [1], 2: [2], 3: None}
{0: [0], 1: [1], 2: [2], 3: [3, 4, 5]}
SCORE: 18.873

-------------------

/sˈət/ - /sˈitjɑnɑ̃/
s-s / ˈə-ˈi / t-t / ∅-j / #>-ɑ_n_ɑ̃_#>
{0: [0], 1: [1], 2: [2], 3: None, 4: None}
{0: [0], 1: [1], 2: [2], 3: [3], 4: [4, 5, 6]}
SCORE: 12.515

-------------------

/sˈəŋ/ - /sˈiŋɡʷɑnɑ̃/
s-s / ˈə-ˈi / ŋ-ŋ / ∅-ɡʷ / #>-ɑ_n_ɑ̃_#>
{0: [0], 1: [1], 2: [2], 3: None, 4: None}
{0: [0], 1: [1], 2: [2], 3: [3], 4: [4, 5, 6]}
SCORE: 11.677

-------------------

/sˈəɪ̯/ - /sˈiːðɔ̃ː/
s-s / ˈəɪ̯-ˈiː / ∅-ð / ∅-ɔ̃ː
{0: [0], 1: [1], 2: None, 3: None}
{0: [0], 1: [1], 2: [2], 3: [3]}
SCORE: 6.913

-------------------

/sˈɛs/ - /sˈexs/
s-s / ∅-ˈe / ∅-x / ˈɛ-∅ / s-s
{0: [0], 1: None, 2: None, 3: [1], 4: [2]}
{0: [0], 1: [1], 2: [2], 3: None, 4: [3]}
SCORE: 0.108

-------------------

/sˈɛː/ - /sˈɑɣjɑnɑ̃/
s-s / ∅-ˈɑ / ˈɛː-ɣ_j / #>-ɑ_n_ɑ̃_#>
{0: [0], 1: None, 2: [1], 3: None}
{0: [0], 1: [1], 2: [2, 3], 3: [4, 5, 6]}
SCORE: 3.288

-------------------

/sˈɪø̯n/ - /sˈunuz/
s-s / ˈɪø̯-ˈu / n-n_u / #>-z_#>
{0: [0], 1: [1], 2: [2], 3: None}
{0: [0], 1: [1], 2: [2, 3], 3: [4]}
SCORE: 12.888

-------------------

/sˈɪə̯/ - /sˈɑi̯wiz/
s-s / ˈɪə̯-ˈɑi̯ / ∅-w / #>-i_z_#>
{0: [0], 1: [1], 2: None, 3: None}
{0: [0], 1: [1], 2: [2], 3: [3, 4]}
SCORE: 7.141

-------------------

/sˈɪə̯və/ - /sˈeβun/
s-s / ˈɪə̯-ˈe / ∅-β / v-∅ / ə-u / #>-n_#>
{0: [0], 1: [1], 2: None, 3: [2], 4: [3], 5: None}
{0: [0], 1: [1], 2: [2], 3: None, 4: [3], 5: [4]}
SCORE: 5.801

-------------------

/sˈʊə̯mər/ - /sˈumɑrɑz/
s-s / ˈʊə̯-ˈu / m-m / ə-ɑ / r-r / #>-ɑ_z_#>
{0: [0], 1: [1], 2: [2], 3: [3], 4: [4], 5: None}
{0: [0], 1: [1], 2: [2], 3: [3], 4: [4], 5: [5, 6]}
SCORE: 24.722

-------------------

/trˈɑːn/ - /trˈɑxnuz/
<#_t-<#_t / r-r / ˈɑː-ˈɑ_x / n-n_u / #>-z_#>
{0: [0], 1: [1], 2: [2], 3: [3], 4: None}
{0: [0], 1: [1], 2: [2, 3], 3: [4, 5], 4: [6]}
SCORE: 15.479

-------------------

/tvˈɑːɫv̥/ - /twˈɑliɸ/
<#_t-<#_t / v-w / ˈɑː-ˈɑ / ɫ-l / ∅-i / v̥-ɸ
{0: [0], 1: [1], 2: [2], 3: [3], 4: None, 5: [4]}
{0: [0], 1: [1], 2: [2], 3: [3], 4: [4], 5: [5]}
SCORE: 24.948

-------------------

/tvˈəntəχ/ - /twɑi̯tˈiɣiwiz/
<#_t-<#_t / v-w / ˈə-∅ / n-ɑi̯ / t-t / ∅-ˈi / ə-∅ / χ-ɣ / ∅-i / ∅-w / #>-i_z_#>
{0: [0], 1: [1], 2: [2], 3: [3], 4: [4], 5: None, 6: [5], 7: [6], 8: None, 9: None, 10: None}
{0: [0], 1: [1], 2: None, 3: [2], 4: [3], 5: [4], 6: None, 7: [5], 8: [6], 9: [7], 10: [8, 9]}
SCORE: -3.314

-------------------

/tvˈɪə̯/ - /twˈɑi̯/
<#_t-<#_t / v-w / ˈɪə̯-ˈɑi̯
{0: [0], 1: [1], 2: [2]}
{0: [0], 1: [1], 2: [2]}
SCORE: 20.879

-------------------

/tˈand̥/ - /tˈɑnθs/
<#_t-<#_t / ˈa-ˈɑ / n-n / d̥-θ / #>-s_#>
{0: [0], 1: [1], 2: [2], 3: [3], 4: None}
{0: [0], 1: [1], 2: [2], 3: [3], 4: [4]}
SCORE: 22.603

-------------------

/tˈin/ - /tˈexun/
<#_t-<#_t / ˈi-ˈe / ∅-x / ∅-u / n-n
{0: [0], 1: [1], 2: None, 3: None, 4: [2]}
{0: [0], 1: [1], 2: [2], 3: [3], 4: [4]}
SCORE: 11.151

-------------------

/tˈɔŋ/ - /tˈuŋɡɔ̃ː/
<#_t-<#_t / ˈɔ-ˈu_ŋ / ŋ-ɡ / ∅-ɔ̃ː
{0: [0], 1: [1], 2: [2], 3: None}
{0: [0], 1: [1, 2], 2: [3], 3: [4]}
SCORE: 15.932

-------------------

/tˈəɪ̯d̥/ - /tˈiːðiz/
<#_t-<#_t / ˈəɪ̯-ˈiː / d̥-ð / #>-i_z_#>
{0: [0], 1: [1], 2: [2], 3: None}
{0: [0], 1: [1], 2: [2], 3: [3, 4]}
SCORE: 19.396

-------------------

/tˈɪə̯kən/ - /tˈɑi̯knɑ̃/
<#_t-<#_t / ˈɪə̯-ˈɑi̯ / k-k / ə-∅ / n-n / #>-ɑ̃_#>
{0: [0], 1: [1], 2: [2], 3: [3], 4: [4], 5: None}
{0: [0], 1: [1], 2: [2], 3: None, 4: [3], 5: [4]}
SCORE: 21.617

-------------------

/tˈʊə̯n/ - /tˈɑi̯xʷɔ̃ː/
<#_t-<#_t / ˈʊə̯-ˈɑi̯ / ∅-xʷ / ∅-ɔ̃ː / n-∅
{0: [0], 1: [1], 2: None, 3: None, 4: [2]}
{0: [0], 1: [1], 2: [2], 3: [3], 4: None}
SCORE: -1.309

-------------------

/vˈarm/ - /wˈɑrmɑz/
v-w / ˈa-ˈɑ / r-r / m-m / #>-ɑ_z_#>
{0: [0], 1: [1], 2: [2], 3: [3], 4: None}
{0: [0], 1: [1], 2: [2], 3: [3], 4: [4, 5]}
SCORE: 22.321

-------------------

/vˈat/ - /xʷˈɑt/
v-xʷ / ˈa-ˈɑ / t-t
{0: [0], 1: [1], 2: [2]}
{0: [0], 1: [1], 2: [2]}
SCORE: 20.537

-------------------

/vˈaɫ/ - /xʷˈɑlɑz/
v-xʷ / ˈa-ˈɑ / ɫ-l / #>-ɑ_z_#>
{0: [0], 1: [1], 2: [2], 3: None}
{0: [0], 1: [1], 2: [2], 3: [3, 4]}
SCORE: 18.675

-------------------

/vˈiɫ/ - /xʷˈexʷlɑ̃/
v-xʷ / ˈi-ˈe_xʷ / ɫ-l / #>-ɑ̃_#>
{0: [0], 1: [1], 2: [2], 3: None}
{0: [0], 1: [1, 2], 2: [3], 3: [4]}
SCORE: 20.455

-------------------

/vˈutə/ - /ɸˈɔːtiz/
∅-ɸ / v-∅ / ˈu-ˈɔː / t-t / ə-i / #>-z_#>
{0: None, 1: [0], 2: [1], 3: [2], 4: [3], 5: None}
{0: [0], 1: None, 2: [1], 3: [2], 4: [3], 5: [4]}
SCORE: 7.368

-------------------

/vˈæχ/ - /wˈeɣɑz/
v-w / ˈæ-ˈe / χ-ɣ / #>-ɑ_z_#>
{0: [0], 1: [1], 2: [2], 3: None}
{0: [0], 1: [1], 2: [2], 3: [3, 4]}
SCORE: 15.619

-------------------

/vˈœrəm/ - /wˈurmiz/
v-w / ˈœ-ˈu / r_ə-r / m-m / #>-i_z_#>
{0: [0], 1: [1], 2: [2, 3], 3: [4], 4: None}
{0: [0], 1: [1], 2: [2], 3: [3], 4: [4, 5]}
SCORE: 17.9

-------------------

/vˈɑːpən/ - /wˈɛːpnɑ̃/
v-w / ˈɑː-ˈɛː / p-p / ə-∅ / n-n / #>-ɑ̃_#>
{0: [0], 1: [1], 2: [2], 3: [3], 4: [4], 5: None}
{0: [0], 1: [1], 2: [2], 3: None, 4: [3], 5: [4]}
SCORE: 19.463

-------------------

/vˈɑːtər/ - /wˈɑtɔːr/
v-w / ˈɑː_t-ˈɑ_t / ə-ɔː / r_#>-r_#>
{0: [0], 1: [1, 2], 2: [3], 3: [4]}
{0: [0], 1: [1, 2], 2: [3], 3: [4]}
SCORE: 27.295

-------------------

/vˈɔndər/ - /wˈundrɑ̃/
v-w / ˈɔ-ˈu / n-n / d-d / ə_r-r / #>-ɑ̃_#>
{0: [0], 1: [1], 2: [2], 3: [3], 4: [4, 5], 5: None}
{0: [0], 1: [1], 2: [2], 3: [3], 4: [4], 5: [5]}
SCORE: 23.476

-------------------

/vˈɔrtəɫ/ - /wrˈɔːts/
v-w / ˈɔ-∅ / r-r / ∅-ˈɔː / t-t / ə-∅ / ɫ-s
{0: [0], 1: [1], 2: [2], 3: None, 4: [3], 5: [4], 6: [5]}
{0: [0], 1: None, 2: [1], 3: [2], 4: [3], 5: None, 6: [4]}
SCORE: 2.614

-------------------

/vˈɔɫ/ - /wˈulːɔː/
v-w / ˈɔ-ˈu / ɫ-lː / ∅-ɔː
{0: [0], 1: [1], 2: [2], 3: None}
{0: [0], 1: [1], 2: [2], 3: [3]}
SCORE: 13.448

-------------------

/vˈɔɫv̥/ - /wˈulɸɑz/
v-w / ˈɔ-ˈu / ɫ-l / v̥-ɸ / #>-ɑ_z_#>
{0: [0], 1: [1], 2: [2], 3: [3], 4: None}
{0: [0], 1: [1], 2: [2], 3: [3], 4: [4, 5]}
SCORE: 22.486

-------------------

/vˈənd̥/ - /wˈindɑz/
v-w / ˈə-ˈi / n-n / d̥-d / #>-ɑ_z_#>
{0: [0], 1: [1], 2: [2], 3: [3], 4: None}
{0: [0], 1: [1], 2: [2], 3: [3], 4: [4, 5]}
SCORE: 20.747

-------------------

/vˈəntər/ - /wˈintruz/
v-w / ˈə-ˈi / n-n / t-t / ə_r-r_u / #>-z_#>
{0: [0], 1: [1], 2: [2], 3: [3], 4: [4, 5], 5: None}
{0: [0], 1: [1], 2: [2], 3: [3], 4: [4, 5], 5: [6]}
SCORE: 25.041

-------------------

/vˈət/ - /xʷˈitːɑz/
v-xʷ / ˈə-ˈi / t-tː / #>-ɑ_z_#>
{0: [0], 1: [1], 2: [2], 3: None}
{0: [0], 1: [1], 2: [2], 3: [3, 4]}
SCORE: 15.958

-------------------

/vˈəɪ̯n/ - /wˈiːnɑ̃/
v-w / ˈəɪ̯-ˈiː / n-n / #>-ɑ̃_#>
{0: [0], 1: [1], 2: [2], 3: None}
{0: [0], 1: [1], 2: [2], 3: [3]}
SCORE: 17.563

-------------------

/vˈəɪ̯v̥/ - /wˈiːβɑ̃/
v-w / ˈəɪ̯-ˈiː / v̥-β / #>-ɑ̃_#>
{0: [0], 1: [1], 2: [2], 3: None}
{0: [0], 1: [1], 2: [2], 3: [3]}
SCORE: 18.487

-------------------

/vˈəɫd̥/ - /wˈilθijɑz/
v-w / ˈə-ˈi / ɫ-l / d̥-θ / ∅-i / ∅-j / #>-ɑ_z_#>
{0: [0], 1: [1], 2: [2], 3: [3], 4: None, 5: None, 6: None}
{0: [0], 1: [1], 2: [2], 3: [3], 4: [4], 5: [5], 6: [6, 7]}
SCORE: 11.229

-------------------

/vˈɛns/ - /wˈunskijɑnɑ̃/
v-w / ∅-ˈu / ˈɛ-∅ / n-n / s-s_k / ∅-i / ∅-j / #>-ɑ_n_ɑ̃_#>
{0: [0], 1: None, 2: [1], 3: [2], 4: [3], 5: None, 6: None, 7: None}
{0: [0], 1: [1], 2: None, 3: [2], 4: [3, 4], 5: [5], 6: [6], 7: [7, 8, 9]}
SCORE: -8.236

-------------------

/vˈɪə̯k/ - /wˈikɔ̃ː/
v-w / ˈɪə̯-ˈi / k-k / ∅-ɔ̃ː
{0: [0], 1: [1], 2: [2], 3: None}
{0: [0], 1: [1], 2: [2], 3: [3]}
SCORE: 11.623

-------------------

/vˈɪə̯r/ - /wˈeðrɑ̃/
v-w / ˈɪə̯-ˈe / ∅-ð / r-r / #>-ɑ̃_#>
{0: [0], 1: [1], 2: None, 3: [2], 4: None}
{0: [0], 1: [1], 2: [2], 3: [3], 4: [4]}
SCORE: 11.318

-------------------

/vˈɪə̯t/ - /wˈitɑnɑ̃/
v-w / ˈɪə̯-ˈi / t-t / #>-ɑ_n_ɑ̃_#>
{0: [0], 1: [1], 2: [2], 3: None}
{0: [0], 1: [1], 2: [2], 3: [3, 4, 5]}
SCORE: 12.597

-------------------

/vˈʊə̯rd̥/ - /wˈurðɑ̃/
v-w / ˈʊə̯-ˈu / r-r / d̥-ð / #>-ɑ̃_#>
{0: [0], 1: [1], 2: [2], 3: [3], 4: None}
{0: [0], 1: [1], 2: [2], 3: [3], 4: [4]}
SCORE: 19.735

-------------------

/v̥rˈind̥/ - /ɸrˈijɔːndz/
v̥-ɸ / r-r_ˈi / ∅-j / ∅-ɔː / ˈi-∅ / n-n / d̥-d / #>-z_#>
{0: [0], 1: [1], 2: None, 3: None, 4: [2], 5: [3], 6: [4], 7: None}
{0: [0], 1: [1, 2], 2: [3], 3: [4], 4: None, 5: [5], 6: [6], 7: [7]}
SCORE: 4.279

-------------------

/v̥rˈis/ - /ɸrˈeu̯sɑnɑ̃/
v̥-ɸ / r-r / ˈi-ˈeu̯ / s-s / #>-ɑ_n_ɑ̃_#>
{0: [0], 1: [1], 2: [2], 3: [3], 4: None}
{0: [0], 1: [1], 2: [2], 3: [3], 4: [4, 5, 6]}
SCORE: 23.297

-------------------

/v̥rˈœu̯/ - /ɸrˈɑwjɔ̃ː/
v̥-ɸ / r-r / ˈœu̯-ˈɑ / ∅-w / #>-j_ɔ̃ː_#>
{0: [0], 1: [1], 2: [2], 3: None, 4: None}
{0: [0], 1: [1], 2: [2], 3: [3], 4: [4, 5]}
SCORE: 12.957

-------------------

/v̥rˈəɪ̯/ - /ɸrˈijɑz/
v̥-ɸ / r-r / ˈəɪ̯-ˈi_j / #>-ɑ_z_#>
{0: [0], 1: [1], 2: [2], 3: None}
{0: [0], 1: [1], 2: [2, 3], 3: [4, 5]}
SCORE: 15.604

-------------------

/v̥ɫˈiχ/ - /ɸlˈeu̯ɣɑnɑ̃/
v̥-ɸ / ɫ-l / ˈi-ˈeu̯ / χ-ɣ / #>-ɑ_n_ɑ̃_#>
{0: [0], 1: [1], 2: [2], 3: [3], 4: None}
{0: [0], 1: [1], 2: [2], 3: [3], 4: [4, 5, 6]}
SCORE: 24.368

-------------------

/v̥ɫˈiχ/ - /ɸlˈeu̯ɣɔ̃ː/
v̥-ɸ / ɫ-l / ˈi-ˈeu̯ / χ-ɣ / ∅-ɔ̃ː
{0: [0], 1: [1], 2: [2], 3: [3], 4: None}
{0: [0], 1: [1], 2: [2], 3: [3], 4: [4]}
SCORE: 23.044

-------------------

/v̥ɫˈəɪ̯s/ - /ɸlˈɑi̯ski/
v̥-ɸ / ɫ-l / ˈəɪ̯-ˈɑi̯ / s-s_k / #>-i_#>
{0: [0], 1: [1], 2: [2], 3: [3], 4: None}
{0: [0], 1: [1], 2: [2], 3: [3, 4], 4: [5]}
SCORE: 21.822

-------------------

/v̥ˈars/ - /ɸrˈiskɑz/
v̥-ɸ / ˈa-r / r-ˈi / s-s_k / #>-ɑ_z_#>
{0: [0], 1: [1], 2: [2], 3: [3], 4: None}
{0: [0], 1: [1], 2: [2], 3: [3, 4], 4: [5, 6]}
SCORE: 12.774

-------------------

/v̥ˈir/ - /ɸˈeðwɔːr/
v̥-ɸ / ˈi-ˈe / ∅-ð / ∅-w / ∅-ɔː / r_#>-r_#>
{0: [0], 1: [1], 2: None, 3: None, 4: None, 5: [2]}
{0: [0], 1: [1], 2: [2], 3: [3], 4: [4], 5: [5]}
SCORE: 7.265

-------------------

/v̥ˈut/ - /ɸˈɔːts/
v̥-ɸ / ˈu-ˈɔː / t-t_s
{0: [0], 1: [1], 2: [2]}
{0: [0], 1: [1], 2: [2, 3]}
SCORE: 20.783

-------------------

/v̥ˈuɫ/ - /ɸˈɔːlijɑnɑ̃/
v̥-ɸ / ˈu-ˈɔː / ɫ-l / ∅-i / ∅-j / #>-ɑ_n_ɑ̃_#>
{0: [0], 1: [1], 2: [2], 3: None, 4: None, 5: None}
{0: [0], 1: [1], 2: [2], 3: [3], 4: [4], 5: [5, 6, 7]}
SCORE: 9.694

-------------------

/v̥ˈyːr/ - /ɸˈɔːr/
v̥-ɸ / ∅-ˈɔː / ˈyː-∅ / r_#>-r_#>
{0: [0], 1: None, 2: [1], 3: [2]}
{0: [0], 1: [1], 2: None, 3: [2]}
SCORE: 7.707

-------------------

/v̥ˈɑːdər/ - /ɸˈɑðɛːr/
v̥-ɸ / ˈɑː-ˈɑ / d-ð / ə-ɛː / r_#>-r_#>
{0: [0], 1: [1], 2: [2], 3: [3], 4: [4]}
{0: [0], 1: [1], 2: [2], 3: [3], 4: [4]}
SCORE: 28.937

-------------------

/v̥ˈɔs/ - /ɸˈuxsɑz/
v̥-ɸ / ˈɔ-ˈu / ∅-x / s-s / #>-ɑ_z_#>
{0: [0], 1: [1], 2: None, 3: [2], 4: None}
{0: [0], 1: [1], 2: [2], 3: [3], 4: [4, 5]}
SCORE: 14.492

-------------------

/v̥ˈɔɫ/ - /ɸˈulːɑz/
v̥-ɸ / ˈɔ-ˈu / ɫ-lː / #>-ɑ_z_#>
{0: [0], 1: [1], 2: [2], 3: None}
{0: [0], 1: [1], 2: [2], 3: [3, 4]}
SCORE: 19.871

-------------------

/v̥ˈɔɫk/ - /ɸˈulkɑ̃/
v̥-ɸ / ˈɔ-ˈu / ɫ-l / k-k / #>-ɑ̃_#>
{0: [0], 1: [1], 2: [2], 3: [3], 4: None}
{0: [0], 1: [1], 2: [2], 3: [3], 4: [4]}
SCORE: 25.998

-------------------

/v̥ˈɔɫχ/ - /ɸˈulɣɑːnɑ̃/
v̥-ɸ / ˈɔ-ˈu / ɫ-l / χ-ɣ / ∅-ɑː / #>-n_ɑ̃_#>
{0: [0], 1: [1], 2: [2], 3: [3], 4: None, 5: None}
{0: [0], 1: [1], 2: [2], 3: [3], 4: [4], 5: [5, 6]}
SCORE: 16.469

-------------------

/v̥ˈənd̥/ - /ɸˈinθɑnɑ̃/
v̥-ɸ / ˈə-ˈi / n-n / d̥-θ / #>-ɑ_n_ɑ̃_#>
{0: [0], 1: [1], 2: [2], 3: [3], 4: None}
{0: [0], 1: [1], 2: [2], 3: [3], 4: [4, 5, 6]}
SCORE: 21.489

-------------------

/v̥ˈər/ - /ɸˈuri/
v̥-ɸ / ∅-ˈu / ˈə-∅ / r-r / #>-i_#>
{0: [0], 1: None, 2: [1], 3: [2], 4: None}
{0: [0], 1: [1], 2: None, 3: [2], 4: [3]}
SCORE: 3.37

-------------------

/v̥ˈəs/ - /ɸˈiskɑz/
v̥-ɸ / ˈə-ˈi / s-s_k / #>-ɑ_z_#>
{0: [0], 1: [1], 2: [2], 3: None}
{0: [0], 1: [1], 2: [2, 3], 3: [4, 5]}
SCORE: 18.402

-------------------

/v̥ˈəŋər/ - /ɸˈiŋɡrɑz/
v̥-ɸ / ˈə-ˈi / ŋ-ŋ_ɡ / ə_r-r / #>-ɑ_z_#>
{0: [0], 1: [1], 2: [2], 3: [3, 4], 4: None}
{0: [0], 1: [1], 2: [2, 3], 3: [4], 4: [5, 6]}
SCORE: 18.682

-------------------

/v̥ˈəɪ̯v̥/ - /ɸˈimɸ/
v̥-ɸ / ˈəɪ̯-ˈi / ∅-m / v̥-ɸ
{0: [0], 1: [1], 2: None, 3: [2]}
{0: [0], 1: [1], 2: [2], 3: [3]}
SCORE: 14.459

-------------------

/v̥ˈɪə̯r/ - /ɸˈeθrɔː/
v̥-ɸ / ˈɪə̯-ˈe / ∅-θ / r-r / ∅-ɔː
{0: [0], 1: [1], 2: None, 3: [2], 4: None}
{0: [0], 1: [1], 2: [2], 3: [3], 4: [4]}
SCORE: 10.802

-------------------

/v̥ˈʊə̯ɫ/ - /ɸˈuɣlɑz/
v̥-ɸ / ˈʊə̯-ˈu / ∅-ɣ / ɫ-l / #>-ɑ_z_#>
{0: [0], 1: [1], 2: None, 3: [2], 4: None}
{0: [0], 1: [1], 2: [2], 3: [3], 4: [4, 5]}
SCORE: 13.427

-------------------

/ɦˈand̥/ - /xˈɑnduz/
ɦ-x / ˈa-ˈɑ / n-n / d̥-d_u / #>-z_#>
{0: [0], 1: [1], 2: [2], 3: [3], 4: None}
{0: [0], 1: [1], 2: [2], 3: [3, 4], 4: [5]}
SCORE: 20.871

-------------------

/ɦˈart/ - /xˈertɔːː/
ɦ-x / ∅-ˈe / ˈa_r-r / t-t / ∅-ɔːː
{0: [0], 1: None, 2: [1, 2], 3: [3], 4: None}
{0: [0], 1: [1], 2: [2], 3: [3], 4: [4]}
SCORE: 4.678

-------------------

/ɦˈaɫv̥/ - /xˈɑlβɑz/
ɦ-x / ˈa-ˈɑ / ɫ-l / v̥_#>-β_ɑ_z_#>
{0: [0], 1: [1], 2: [2], 3: [3]}
{0: [0], 1: [1], 2: [2], 3: [3, 4, 5]}
SCORE: 23.841

-------------------

/ɦˈir/ - /xˈeːr/
ɦ-x / ˈi-ˈeː / r_#>-r_#>
{0: [0], 1: [1], 2: [2]}
{0: [0], 1: [1], 2: [2]}
SCORE: 20.246

-------------------

/ɦˈæɫp/ - /xˈelpɑnɑ̃/
ɦ-x / ˈæ-ˈe / ɫ-l / p-p / #>-ɑ_n_ɑ̃_#>
{0: [0], 1: [1], 2: [2], 3: [3], 4: None}
{0: [0], 1: [1], 2: [2], 3: [3], 4: [4, 5, 6]}
SCORE: 21.81

-------------------

/ɦˈœɪ̯s/ - /xˈuːsɑ̃/
ɦ-x / ˈœɪ̯-ˈuː / s-s / #>-ɑ̃_#>
{0: [0], 1: [1], 2: [2], 3: None}
{0: [0], 1: [1], 2: [2], 3: [3]}
SCORE: 19.78

-------------------

/ɦˈɑːr/ - /xˈɛːrɑ̃/
ɦ-x / ˈɑː-ˈɛː / r-r / #>-ɑ̃_#>
{0: [0], 1: [1], 2: [2], 3: None}
{0: [0], 1: [1], 2: [2], 3: [3]}
SCORE: 19.261

-------------------

/ɦˈɑːs/ - /xˈɑsɔːː/
ɦ-x / ˈɑː-ˈɑ / s-s / ∅-ɔːː
{0: [0], 1: [1], 2: [2], 3: None}
{0: [0], 1: [1], 2: [2], 3: [3]}
SCORE: 13.183

-------------------

/ɦˈɑːt/ - /xˈɑtɑːnɑ̃/
ɦ-x / ˈɑː_t-ˈɑ_t / ∅-ɑː / #>-n_ɑ̃_#>
{0: [0], 1: [1, 2], 2: None, 3: None}
{0: [0], 1: [1, 2], 2: [3], 3: [4, 5]}
SCORE: 9.781

-------------------

/ɦˈɔndərd̥/ - /xˈundɑrɑðɑ̃/
ɦ-x / ˈɔ-ˈu / n-n / d-d / ə-ɑ / r-r_ɑ / d̥-ð / #>-ɑ̃_#>
{0: [0], 1: [1], 2: [2], 3: [3], 4: [4], 5: [5], 6: [6], 7: None}
{0: [0], 1: [1], 2: [2], 3: [3], 4: [4], 5: [5, 6], 6: [7], 7: [8]}
SCORE: 28.795

-------------------

/ɦˈɔnd̥/ - /xˈundɑz/
ɦ-x / ˈɔ-ˈu / n-n / d̥-d / #>-ɑ_z_#>
{0: [0], 1: [1], 2: [2], 3: [3], 4: None}
{0: [0], 1: [1], 2: [2], 3: [3], 4: [4, 5]}
SCORE: 21.457

-------------------

/ɦˈɔŋər/ - /xˈuŋɡruz/
ɦ-x / ˈɔ-ˈu_ŋ / ŋ-ɡ / ə_r-r_u / #>-z_#>
{0: [0], 1: [1], 2: [2], 3: [3, 4], 4: None}
{0: [0], 1: [1, 2], 2: [3], 3: [4, 5], 4: [6]}
SCORE: 19.853

-------------------

/ɦˈəɪ̯m/ - /xˈɑi̯mɑz/
ɦ-x / ˈəɪ̯-ˈɑi̯ / m-m / #>-ɑ_z_#>
{0: [0], 1: [1], 2: [2], 3: None}
{0: [0], 1: [1], 2: [2], 3: [3, 4]}
SCORE: 18.842

-------------------

/ɦˈəɪ̯ɫəχ/ - /xˈɑi̯lɑɣɑz/
ɦ-x / ˈəɪ̯-ˈɑi̯ / ɫ-l / ə-ɑ / χ-ɣ / #>-ɑ_z_#>
{0: [0], 1: [1], 2: [2], 3: [3], 4: [4], 5: None}
{0: [0], 1: [1], 2: [2], 3: [3], 4: [4], 5: [5, 6]}
SCORE: 24.734

-------------------

/ɦˈɛn/ - /xˈɑnjɔː/
ɦ-x / ˈɛ-ˈɑ / n-n / #>-j_ɔː_#>
{0: [0], 1: [1], 2: [2], 3: None}
{0: [0], 1: [1], 2: [2], 3: [3, 4]}
SCORE: 13.724

-------------------

/ɦˈɛː/ - /xˈɑβjɑnɑ̃/
ɦ-x / ∅-ˈɑ / ∅-β / ˈɛː-j / #>-ɑ_n_ɑ̃_#>
{0: [0], 1: None, 2: None, 3: [1], 4: None}
{0: [0], 1: [1], 2: [2], 3: [3], 4: [4, 5, 6]}
SCORE: -0.437

-------------------

/ɦˈɪø̯nəŋ/ - /xˈunɑŋɡɑ̃/
ɦ-x / ˈɪø̯-ˈu / n-n / ə-ɑ / ŋ-ŋ_ɡ / #>-ɑ̃_#>
{0: [0], 1: [1], 2: [2], 3: [3], 4: [4], 5: None}
{0: [0], 1: [1], 2: [2], 3: [3], 4: [4, 5], 5: [6]}
SCORE: 19.803

-------------------

/ɦˈʊə̯rəŋ/ - /xˈurnɑ̃/
ɦ-x / ˈʊə̯-ˈu / r_ə-r_n / ŋ-ɑ̃
{0: [0], 1: [1], 2: [2, 3], 3: [4]}
{0: [0], 1: [1], 2: [2, 3], 3: [4]}
SCORE: 22.146

-------------------

/ɦˈʊə̯v̥/ - /xˈɑu̯βuðɑ̃/
ɦ-x / ˈʊə̯-ˈɑu̯ / v̥-β / ∅-u / ∅-ð / #>-ɑ̃_#>
{0: [0], 1: [1], 2: [2], 3: None, 4: None, 5: None}
{0: [0], 1: [1], 2: [2], 3: [3], 4: [4], 5: [5]}
SCORE: 9.308

-------------------

/ɦˈʊə̯χ/ - /xˈɑu̯ɣɑz/
ɦ-x / ˈʊə̯-ˈɑu̯ / χ-ɣ / #>-ɑ_z_#>
{0: [0], 1: [1], 2: [2], 3: None}
{0: [0], 1: [1], 2: [2], 3: [3, 4]}
SCORE: 19.072

-------------------

/ɫˈam/ - /lˈɑmbɑz/
<#_ɫ-<#_l / ˈa-ˈɑ / m-m / ∅-b / #>-ɑ_z_#>
{0: [0], 1: [1], 2: [2], 3: None, 4: None}
{0: [0], 1: [1], 2: [2], 3: [3], 4: [4, 5]}
SCORE: 16.716

-------------------

/ɫˈand̥/ - /lˈɑndɑ̃/
<#_ɫ-<#_l / ˈa-ˈɑ / n-n / d̥-d / #>-ɑ̃_#>
{0: [0], 1: [1], 2: [2], 3: [3], 4: None}
{0: [0], 1: [1], 2: [2], 3: [3], 4: [4]}
SCORE: 24.71

-------------------

/ɫˈaŋk/ - /lˈɑŋɡɑz/
<#_ɫ-<#_l / ˈa-ˈɑ / ŋ-ŋ_ɡ / k-∅ / #>-ɑ_z_#>
{0: [0], 1: [1], 2: [2], 3: [3], 4: None}
{0: [0], 1: [1], 2: [2, 3], 3: None, 4: [4, 5]}
SCORE: 11.607

-------------------

/ɫˈaχ/ - /xlˈɑxjɑnɑ̃/
ɫ-x_l / ˈa-ˈɑ / χ-x / ∅-j / #>-ɑ_n_ɑ̃_#>
{0: [0], 1: [1], 2: [2], 3: None, 4: None}
{0: [0, 1], 1: [2], 2: [3], 3: [4], 4: [5, 6, 7]}
SCORE: 7.869

-------------------

/ɫˈiχ/ - /lˈeu̯ɣɑnɑ̃/
<#_ɫ-<#_l / ˈi-ˈeu̯ / χ-ɣ / #>-ɑ_n_ɑ̃_#>
{0: [0], 1: [1], 2: [2], 3: None}
{0: [0], 1: [1], 2: [2], 3: [3, 4, 5]}
SCORE: 20.07

-------------------

/ɫˈœɪ̯s/ - /lˈuːs/
<#_ɫ-<#_l / ˈœɪ̯-ˈuː / s-s
{0: [0], 1: [1], 2: [2]}
{0: [0], 1: [1], 2: [2]}
SCORE: 23.866

-------------------

/ɫˈəχ/ - /lˈeu̯xtɑ̃/
<#_ɫ-<#_l / ∅-ˈeu̯ / ˈə-∅ / χ-x_t / #>-ɑ̃_#>
{0: [0], 1: None, 2: [1], 3: [2], 4: None}
{0: [0], 1: [1], 2: None, 3: [2, 3], 4: [4]}
SCORE: 5.788

-------------------

/ɫˈəχ/ - /lˈĩːxtɑz/
<#_ɫ-<#_l / ˈə-ˈĩː / χ-x_t / #>-ɑ_z_#>
{0: [0], 1: [1], 2: [2], 3: None}
{0: [0], 1: [1], 2: [2, 3], 3: [4, 5]}
SCORE: 19.23

-------------------

/ɫˈɛː/ - /lˈiɣjɑnɑ̃/
<#_ɫ-<#_l / ∅-ˈi / ˈɛː-ɣ_j / #>-ɑ_n_ɑ̃_#>
{0: [0], 1: None, 2: [1], 3: None}
{0: [0], 1: [1], 2: [2, 3], 3: [4, 5, 6]}
SCORE: 5.204

-------------------

/ɫˈɪə̯vər/ - /lˈiβrɔː/
<#_ɫ-<#_l / ˈɪə̯-ˈi / ∅-β / v-∅ / ə_r-r / ∅-ɔː
{0: [0], 1: [1], 2: None, 3: [2], 4: [3, 4], 5: None}
{0: [0], 1: [1], 2: [2], 3: None, 4: [3], 5: [4]}
SCORE: 2.416

-------------------

/ɫˈʊə̯p/ - /xlˈɑu̯pɑnɑ̃/
ɫ-x_l / ˈʊə̯-ˈɑu̯ / p-p / #>-ɑ_n_ɑ̃_#>
{0: [0], 1: [1], 2: [2], 3: None}
{0: [0, 1], 1: [2], 2: [3], 3: [4, 5, 6]}
SCORE: 17.835

-------------------

/ˈandər/ - /ˈɑnθerɑz/
<#_ˈa-<#_ˈɑ / n-n / d-θ / ə-e / r-r / #>-ɑ_z_#>
{0: [0], 1: [1], 2: [2], 3: [3], 4: [4], 5: None}
{0: [0], 1: [1], 2: [2], 3: [3], 4: [4], 5: [5, 6]}
SCORE: 25.118

-------------------

/ˈapəɫ/ - /ˈɑpluz/
<#_ˈa-<#_ˈɑ / p-p / ∅-l / ə-u / ɫ-z
{0: [0], 1: [1], 2: None, 3: [2], 4: [3]}
{0: [0], 1: [1], 2: [2], 3: [3], 4: [4]}
SCORE: 17.624

-------------------

/ˈarm/ - /ˈɑrmɑz/
<#_ˈa-<#_ˈɑ / r-r / m-m / #>-ɑ_z_#>
{0: [0], 1: [1], 2: [2], 3: None}
{0: [0], 1: [1], 2: [2], 3: [3, 4]}
SCORE: 21.391

-------------------

/ˈas/ - /ˈɑskɔ̃ː/
<#_ˈa-<#_ˈɑ / s-s_k / ∅-ɔ̃ː
{0: [0], 1: [1], 2: None}
{0: [0], 1: [1, 2], 2: [3]}
SCORE: 10.456

-------------------

/ˈaɫ/ - /ˈɑlːɑz/
<#_ˈa-<#_ˈɑ / ɫ-lː / #>-ɑ_z_#>
{0: [0], 1: [1], 2: None}
{0: [0], 1: [1], 2: [2, 3]}
SCORE: 15.62

-------------------

/ˈaχt/ - /ˈɑxtɔːu̯/
<#_ˈa-<#_ˈɑ / χ-x / t-t / ∅-ɔːu̯
{0: [0], 1: [1], 2: [2], 3: None}
{0: [0], 1: [1], 2: [2], 3: [3]}
SCORE: 15.704

-------------------

/ˈæk/ - /ˈek/
ˈæ-ˈe / k-k
{0: [0], 1: [1]}
{0: [0], 1: [1]}
SCORE: 15.151

-------------------

/ˈæɫv̥/ - /ˈɑi̯nɑliɸ/
∅-ˈɑi̯ / ∅-n / ˈæ-∅ / ɫ-ɑ_l / ∅-i / v̥-ɸ
{0: None, 1: None, 2: [0], 3: [1], 4: None, 5: [2]}
{0: [0], 1: [1], 2: None, 3: [2, 3], 4: [4], 5: [5]}
SCORE: -7.792

-------------------

/ˈæχ/ - /ˈɑɣjɔː/
<#-<#_ˈɑ / ˈæ-∅ / χ-ɣ / #>-j_ɔː_#>
{0: None, 1: [0], 2: [1], 3: None}
{0: [0], 1: None, 2: [1], 3: [2, 3]}
SCORE: 3.829

-------------------

/ˈœu̯d̥/ - /ˈɑldɑz/
ˈœu̯-ˈɑ_l / d̥-d / #>-ɑ_z_#>
{0: [0], 1: [1], 2: None}
{0: [0, 1], 1: [2], 2: [3, 4]}
SCORE: 15.588

-------------------

/ˈœɪ̯t/ - /ˈuːt/
ˈœɪ̯-ˈuː / t-t
{0: [0], 1: [1]}
{0: [0], 1: [1]}
SCORE: 17.826

-------------------

/ˈœɪ̯ɫ/ - /ˈuwːɑlɔ̃ː/
<#-<#_ˈu / ˈœɪ̯-wː / ɫ-ɑ_l / ∅-ɔ̃ː
{0: None, 1: [0], 2: [1], 3: None}
{0: [0], 1: [1], 2: [2, 3], 3: [4]}
SCORE: 4.328

-------------------

/ˈɑːp/ - /ˈɑpɔːː/
ˈɑː-ˈɑ / p-p / ∅-ɔːː
{0: [0], 1: [1], 2: None}
{0: [0], 1: [1], 2: [2]}
SCORE: 11.809

-------------------

/ˈɑːrdə/ - /ˈerθɔː/
∅-ˈe / ˈɑː-∅ / r-r / d-θ / ə-ɔː
{0: None, 1: [0], 2: [1], 3: [2], 4: [3]}
{0: [0], 1: None, 2: [1], 3: [2], 4: [3]}
SCORE: 6.796

-------------------

/ˈɑːɫ/ - /ˈɛːlɑz/
ˈɑː-ˈɛː / ɫ-l / #>-ɑ_z_#>
{0: [0], 1: [1], 2: None}
{0: [0], 1: [1], 2: [2, 3]}
SCORE: 15.462

-------------------

/ˈɔndər/ - /ˈunder/
<#_ˈɔ-<#_ˈu / n-n / d-d / ə-e / r_#>-r_#>
{0: [0], 1: [1], 2: [2], 3: [3], 4: [4]}
{0: [0], 1: [1], 2: [2], 3: [3], 4: [4]}
SCORE: 29.556

-------------------

/ˈɔns/ - /ˈuns/
<#_ˈɔ-<#_ˈu / n_s-n_s
{0: [0], 1: [1, 2]}
{0: [0], 1: [1, 2]}
SCORE: 23.848

-------------------

/ˈɔp/ - /ˈupː/
<#_ˈɔ-<#_ˈu / p-pː
{0: [0], 1: [1]}
{0: [0], 1: [1]}
SCORE: 19.767

-------------------

/ˈən/ - /ˈin/
ˈə-ˈi / n-n
{0: [0], 1: [1]}
{0: [0], 1: [1]}
SCORE: 15.401

-------------------

/ˈəɪ̯k/ - /ˈɑi̯ks/
ˈəɪ̯-ˈɑi̯ / k-k / #>-s_#>
{0: [0], 1: [1], 2: None}
{0: [0], 1: [1], 2: [2]}
SCORE: 13.284

-------------------

/ˈəɪ̯s/ - /ˈiːsɑ̃/
ˈəɪ̯-ˈiː / s-s / #>-ɑ̃_#>
{0: [0], 1: [1], 2: None}
{0: [0], 1: [1], 2: [2]}
SCORE: 15.649

-------------------

/ˈɪə̯n/ - /ˈɑi̯nɑz/
ˈɪə̯-ˈɑi̯ / n-n / #>-ɑ_z_#>
{0: [0], 1: [1], 2: None}
{0: [0], 1: [1], 2: [2, 3]}
SCORE: 13.814

-------------------

/ˈɪə̯t/ - /ˈetɑnɑ̃/
ˈɪə̯-ˈe / t-t / #>-ɑ_n_ɑ̃_#>
{0: [0], 1: [1], 2: None}
{0: [0], 1: [1], 2: [2, 3, 4]}
SCORE: 11.907

-------------------

/ˈʊə̯nt/ - /ˈuxnɑz/
ˈʊə̯-ˈu / ∅-x / n-n / t-∅ / #>-ɑ_z_#>
{0: [0], 1: None, 2: [1], 3: [2], 4: None}
{0: [0], 1: [1], 2: [2], 3: None, 4: [3, 4]}
SCORE: 1.591

-------------------

/ˈʊə̯nt/ - /ˈuɸnɑz/
ˈʊə̯-ˈu / ∅-ɸ / n-n / t-∅ / #>-ɑ_z_#>
{0: [0], 1: None, 2: [1], 3: [2], 4: None}
{0: [0], 1: [1], 2: [2], 3: None, 4: [3, 4]}
SCORE: 1.591

-------------------

/ˈʊə̯r/ - /ˈuβer/
ˈʊə̯-ˈu / ∅-β / ∅-e / r_#>-r_#>
{0: [0], 1: None, 2: None, 3: [1]}
{0: [0], 1: [1], 2: [2], 3: [3]}
SCORE: 5.499

-------------------

/ˈʊə̯r/ - /ˈɑu̯sɔːː/
ˈʊə̯-ˈɑu̯ / ∅-s / ∅-ɔːː / r_#>-#>
{0: [0], 1: None, 2: None, 3: [1]}
{0: [0], 1: [1], 2: [2], 3: None}
SCORE: -0.514

-------------------

/ˈʊə̯χ/ - /ˈɑu̯ɣɔːː/
ˈʊə̯-ˈɑu̯ / χ-ɣ / ∅-ɔːː
{0: [0], 1: [1], 2: None}
{0: [0], 1: [1], 2: [2]}
SCORE: 12.13

-------------------

/χrˈas/ - /ɣrˈɑsɑ̃/
<#_χ-<#_ɣ / r-r / ˈa-ˈɑ / s-s / #>-ɑ̃_#>
{0: [0], 1: [1], 2: [2], 3: [3], 4: None}
{0: [0], 1: [1], 2: [2], 3: [3], 4: [4]}
SCORE: 24.721

-------------------

/χrˈun/ - /ɣrˈɔːniz/
<#_χ-<#_ɣ / r-r / ˈu-ˈɔː / n-n / #>-i_z_#>
{0: [0], 1: [1], 2: [2], 3: [3], 4: None}
{0: [0], 1: [1], 2: [2], 3: [3], 4: [4, 5]}
SCORE: 22.995

-------------------

/χrˈʊə̯t/ - /ɣrˈɑu̯tɑz/
<#_χ-<#_ɣ / r-r / ˈʊə̯-ˈɑu̯ / t-t / #>-ɑ_z_#>
{0: [0], 1: [1], 2: [2], 3: [3], 4: None}
{0: [0], 1: [1], 2: [2], 3: [3], 4: [4, 5]}
SCORE: 25.811

-------------------

/χˈans/ - /ɣˈɑns/
<#_χ-<#_ɣ / ˈa-ˈɑ / n_s-n_s
{0: [0], 1: [1], 2: [2, 3]}
{0: [0], 1: [1], 2: [2, 3]}
SCORE: 27.749

-------------------

/χˈas/ - /ɣˈɑstiz/
<#_χ-<#_ɣ / ˈa-ˈɑ / s-s_t / #>-i_z_#>
{0: [0], 1: [1], 2: [2], 3: None}
{0: [0], 1: [1], 2: [2, 3], 3: [4, 5]}
SCORE: 14.188

-------------------

/χˈud̥/ - /ɣˈɔːðɑz/
<#_χ-<#_ɣ / ˈu-ˈɔː / d̥-ð / #>-ɑ_z_#>
{0: [0], 1: [1], 2: [2], 3: None}
{0: [0], 1: [1], 2: [2], 3: [3, 4]}
SCORE: 21.109

-------------------

/χˈœu̯d̥/ - /ɣˈulθɑ̃/
<#_χ-<#_ɣ / ∅-ˈu / ˈœu̯-l / d̥-θ / #>-ɑ̃_#>
{0: [0], 1: None, 2: [1], 3: [2], 4: None}
{0: [0], 1: [1], 2: [2], 3: [3], 4: [4]}
SCORE: 13.994

-------------------

/χˈɑːn/ - /ɣˈɑːnɑ̃/
<#_χ-<#_ɣ / ˈɑː-ˈɑː / n-n / #>-ɑ̃_#>
{0: [0], 1: [1], 2: [2], 3: None}
{0: [0], 1: [1], 2: [2], 3: [3]}
SCORE: 20.889

-------------------

/χˈɑːrəŋ/ - /ɣˈɑrnɑ̃/
<#_χ-<#_ɣ / ˈɑː-ˈɑ / r_ə-r_n / ŋ-ɑ̃
{0: [0], 1: [1], 2: [2, 3], 3: [4]}
{0: [0], 1: [1], 2: [2, 3], 3: [4]}
SCORE: 24.766

-------------------

/χˈɔd̥/ - /ɣˈuðɑ̃/
<#_χ-<#_ɣ / ˈɔ-ˈu / d̥-ð / #>-ɑ̃_#>
{0: [0], 1: [1], 2: [2], 3: None}
{0: [0], 1: [1], 2: [2], 3: [3]}
SCORE: 20.016

-------------------

/χˈəɪ̯t/ - /ɣˈɑi̯ts/
<#_χ-<#_ɣ / ˈəɪ̯-ˈɑi̯ / t-t_s
{0: [0], 1: [1], 2: [2]}
{0: [0], 1: [1], 2: [2, 3]}
SCORE: 19.173

-------------------

/χˈɪə̯/ - /ɣˈeβɑnɑ̃/
<#_χ-<#_ɣ / ˈɪə̯-ˈe / ∅-β / #>-ɑ_n_ɑ̃_#>
{0: [0], 1: [1], 2: None, 3: None}
{0: [0], 1: [1], 2: [2], 3: [3, 4, 5]}
SCORE: 7.665

-------------------

/χˈɪə̯s/ - /ɣˈɑi̯stɑz/
<#_χ-<#_ɣ / ˈɪə̯-ˈɑi̯ / s-s_t / #>-ɑ_z_#>
{0: [0], 1: [1], 2: [2], 3: None}
{0: [0], 1: [1], 2: [2, 3], 3: [4, 5]}
SCORE: 17.288

-------------------

/χˈɪə̯ɫ/ - /ɣˈelwɑz/
<#_χ-<#_ɣ / ˈɪə̯-ˈe / ɫ-l / ∅-w / #>-ɑ_z_#>
{0: [0], 1: [1], 2: [2], 3: None, 4: None}
{0: [0], 1: [1], 2: [2], 3: [3], 4: [4, 5]}
SCORE: 14.647
