/blˈuːdə/ - /blˈiə̯də/
b-b / l-l / ∅-ˈiə̯ / ˈuː-∅ / d-d / ə-ə
{0: [0], 1: [1], 2: None, 3: [2], 4: [3], 5: [4]}
{0: [0], 1: [1], 2: [2], 3: None, 4: [3], 5: [4]}
SCORE: 15.182

-------------------

/blˈuːd̥/ - /blˈuə̯d̥/
b-b / l-l / ˈuː-ˈuə̯ / d̥-d̥
{0: [0], 1: [1], 2: [2], 3: [3]}
{0: [0], 1: [1], 2: [2], 3: [3]}
SCORE: 27.258

-------------------

/blˈuːɡ̊/ - /plˈuə̯ɣə/
<#-<#_p / b-∅ / l-l / ˈuː-ˈuə̯ / ɡ̊-∅ / #>-ɣ_ə_#>
{0: None, 1: [0], 2: [1], 3: [2], 4: [3], 5: None}
{0: [0], 1: None, 2: [1], 3: [2], 4: None, 5: [3, 4]}
SCORE: -1.039

-------------------

/blˈɔːd̥/ - /blˈɛːd̥/
b-b / l-l_ˈɛː / ˈɔː-∅ / d̥-d̥
{0: [0], 1: [1], 2: [2], 3: [3]}
{0: [0], 1: [1, 2], 2: None, 3: [3]}
SCORE: 11.734

-------------------

/blˈʊm/ - /blˈoːm/
b-b / l-l / ∅-ˈoː / ˈʊ_m-m
{0: [0], 1: [1], 2: None, 3: [2, 3]}
{0: [0], 1: [1], 2: [2], 3: [3]}
SCORE: 12.071

-------------------

/bɾˈaʊ̯ə/ - /brˈɔu̯ə/
b-b / ɾ-r / ∅-ˈɔu̯ / ˈaʊ̯-∅ / ə-ə
{0: [0], 1: [1], 2: None, 3: [2], 4: [3]}
{0: [0], 1: [1], 2: [2], 3: None, 4: [3]}
SCORE: 9.545

-------------------

/bɾˈoːd̥/ - /brˈɪə̯/
b-b / ɾ-r / ˈoː_d̥_#>-ˈɪə̯_#>
{0: [0], 1: [1], 2: [2, 3]}
{0: [0], 1: [1], 2: [2]}
SCORE: 18.437

-------------------

/bɾˈuːdɑ/ - /brˈuə̯r/
b-b / ɾ-r / ˈuː-ˈuə̯ / d_ɑ-r
{0: [0], 1: [1], 2: [2], 3: [3, 4]}
{0: [0], 1: [1], 2: [2], 3: [3]}
SCORE: 20.218

-------------------

/bɾˈɪk/ - /brˈɛːɣə/
b-b / ɾ-r / ∅-ˈɛː / ˈɪ-∅ / k_#>-ɣ_ə_#>
{0: [0], 1: [1], 2: None, 3: [2], 4: [3]}
{0: [0], 1: [1], 2: [2], 3: None, 4: [3, 4]}
SCORE: 6.118

-------------------

/bɾˈʊʃt/ - /bˈoə̯st/
b-b / ∅-ˈoə̯ / ɾ-∅ / ˈʊ-∅ / ʃ-s / t-t
{0: [0], 1: None, 2: [1], 3: [2], 4: [3], 5: [4]}
{0: [0], 1: [1], 2: None, 3: None, 4: [2], 5: [3]}
SCORE: 5.158

-------------------

/bˈaɪ̯sə/ - /bˈiːtə/
b-b / ˈaɪ̯-ˈiː / s-t / ə-ə
{0: [0], 1: [1], 2: [2], 3: [3]}
{0: [0], 1: [1], 2: [2], 3: [3]}
SCORE: 22.462

-------------------

/bˈeː/ - /bˈiə̯n/
b-b / ˈeː-ˈiə̯_n
{0: [0], 1: [1]}
{0: [0], 1: [1, 2]}
SCORE: 12.4

-------------------

/bˈiːdə/ - /bˈiə̯də/
b-b / ˈiː-ˈiə̯ / d-d / ə-ə
{0: [0], 1: [1], 2: [2], 3: [3]}
{0: [0], 1: [1], 2: [2], 3: [3]}
SCORE: 24.867

-------------------

/bˈiːɑ/ - /bˈɛi̯/
b-b / ∅-ˈɛi̯ / ˈiː-∅ / ɑ_#>-#>
{0: [0], 1: None, 2: [1], 3: [2]}
{0: [0], 1: [1], 2: None, 3: None}
SCORE: -2.493

-------------------

/bˈuːx/ - /bˈuə̯k/
b-b / ˈuː-ˈuə̯ / x-k
{0: [0], 1: [1], 2: [2]}
{0: [0], 1: [1], 2: [2]}
SCORE: 17.759

-------------------

/bˈɔːd̥/ - /bˈad̥/
b-b / ˈɔː-ˈa / d̥-d̥
{0: [0], 1: [1], 2: [2]}
{0: [0], 1: [1], 2: [2]}
SCORE: 21.251

-------------------

/bˈɔːm/ - /bˈɪə̯m/
b-b / ˈɔː-ˈɪə̯ / m-m
{0: [0], 1: [1], 2: [2]}
{0: [0], 1: [1], 2: [2]}
SCORE: 18.974

-------------------

/bˈɛsɑ/ - /bˈɛtər/
b-b / ˈɛ-ˈɛ / s-t / ɑ-ə_r
{0: [0], 1: [1], 2: [2], 3: [3]}
{0: [0], 1: [1], 2: [2], 3: [3, 4]}
SCORE: 20.096

-------------------

/bˈɛːɑ/ - /bˈɪə̯r/
b-b / ∅-ˈɪə̯ / ˈɛː-∅ / ɑ-r
{0: [0], 1: None, 2: [1], 3: [2]}
{0: [0], 1: [1], 2: None, 3: [2]}
SCORE: 4.081

-------------------

/bˈɛːɾɪɡ̊/ - /bˈɛrχ/
b-b / ˈɛː-ˈɛ / ɾ-r / ɪ-∅ / ɡ̊-χ
{0: [0], 1: [1], 2: [2], 3: [3], 4: [4]}
{0: [0], 1: [1], 2: [2], 3: None, 4: [3]}
SCORE: 18.815

-------------------

/bˈɪdə/ - /bˈɪdə/
b-b / ˈɪ-ˈɪ / d-d / ə-ə
{0: [0], 1: [1], 2: [2], 3: [3]}
{0: [0], 1: [1], 2: [2], 3: [3]}
SCORE: 25.412

-------------------

/bˈɪnə/ - /bˈiːnə/
b-b / ˈɪ-ˈiː / n-n / ə-ə
{0: [0], 1: [1], 2: [2], 3: [3]}
{0: [0], 1: [1], 2: [2], 3: [3]}
SCORE: 22.385

-------------------

/dɾˈaɪ̯/ - /trˈɛjə/
<#_d-<#_t / ɾ-r / ∅-ˈɛ / ˈaɪ̯-j / ∅-ə
{0: [0], 1: [1], 2: None, 3: [2], 4: None}
{0: [0], 1: [1], 2: [2], 3: [3], 4: [4]}
SCORE: 7.774

-------------------

/dɾˈaɪ̯ʋə/ - /drjˈuːvə/
d-d / ɾ-r / ˈaɪ̯-j / ∅-ˈuː / ʋ-v / ə-ə
{0: [0], 1: [1], 2: [2], 3: None, 4: [3], 5: [4]}
{0: [0], 1: [1], 2: [2], 3: [3], 4: [4], 5: [5]}
SCORE: 18.313

-------------------

/dɾˈaɪ̯ʦeː/ - /trˈɛtjɪn/
<#_d-<#_t / ɾ-r / ˈaɪ̯-ˈɛ / ʦ-t / ∅-j / eː-ɪ_n
{0: [0], 1: [1], 2: [2], 3: [3], 4: None, 5: [4]}
{0: [0], 1: [1], 2: [2], 3: [3], 4: [4], 5: [5, 6]}
SCORE: 21.529

-------------------

/dɾˈɔːm/ - /drˈɪə̯m/
d-d / ɾ-r / ˈɔː-ˈɪə̯ / m-m
{0: [0], 1: [1], 2: [2], 3: [3]}
{0: [0], 1: [1], 2: [2], 3: [3]}
SCORE: 22.119

-------------------

/dɾˈɛːn/ - /trˈiə̯n/
<#_d-<#_t / ɾ-r_ˈiə̯ / ˈɛː-∅ / n-n
{0: [0], 1: [1], 2: [2], 3: [3]}
{0: [0], 1: [1, 2], 2: None, 3: [3]}
SCORE: 9.748

-------------------

/dɾˈɪkə/ - /drˈykə/
d-d / ɾ-r / ∅-ˈy / ˈɪ-∅ / k-k / ə-ə
{0: [0], 1: [1], 2: None, 3: [2], 4: [3], 5: [4]}
{0: [0], 1: [1], 2: [2], 3: None, 4: [3], 5: [4]}
SCORE: 13.311

-------------------

/dɾˈɪŋkə/ - /drˈɪŋkə/
d-d / ɾ-r / ˈɪ-ˈɪ / ŋ-ŋ / k-k / ə-ə
{0: [0], 1: [1], 2: [2], 3: [3], 4: [4], 5: [5]}
{0: [0], 1: [1], 2: [2], 3: [3], 4: [4], 5: [5]}
SCORE: 35.289

-------------------

/dɾˈʊkə/ - /drˈuːχ/
d-d / ɾ-r / ˈʊ-ˈuː / k-χ / ə_#>-#>
{0: [0], 1: [1], 2: [2], 3: [3], 4: [4]}
{0: [0], 1: [1], 2: [2], 3: [3], 4: None}
SCORE: 16.676

-------------------

/dˈan/ - /tˈoə̯n/
<#_d-<#_t / ˈa-ˈoə̯ / n-n
{0: [0], 1: [1], 2: [2]}
{0: [0], 1: [1], 2: [2]}
SCORE: 17.379

-------------------

/dˈaŋkə/ - /tˈankjə/
<#_d-<#_t / ˈa-ˈa / ∅-n / ŋ-∅ / k-k / ə-j_ə
{0: [0], 1: [1], 2: None, 3: [2], 4: [3], 5: [4]}
{0: [0], 1: [1], 2: [2], 3: None, 4: [3], 5: [4, 5]}
SCORE: 12.531

-------------------

/dˈaɪ̯d̥ʃ/ - /dˈyːtsk/
d-d / ∅-ˈyː / ∅-t / ˈaɪ̯-∅ / d̥-∅ / ʃ-s_k
{0: [0], 1: None, 2: None, 3: [1], 4: [2], 5: [3]}
{0: [0], 1: [1], 2: [2], 3: None, 4: None, 5: [3, 4]}
SCORE: -7.788

-------------------

/dˈaɪ̯ɑ/ - /djˈuə̯r/
d-d / ˈaɪ̯-j_ˈuə̯ / ɑ-r
{0: [0], 1: [1], 2: [2]}
{0: [0], 1: [1, 2], 2: [3]}
SCORE: 15.249

-------------------

/dˈaʊ̯b̥/ - /dˈoː/
d-d / ˈaʊ̯-∅ / b̥-∅ / #>-ˈoː_#>
{0: [0], 1: [1], 2: [2], 3: None}
{0: [0], 1: None, 2: None, 3: [1]}
SCORE: -1.562

-------------------

/dˈaʊ̯mə/ - /tˈɔmə/
<#_d-<#_t / ∅-ˈɔ / ˈaʊ̯-∅ / m-m / ə-ə
{0: [0], 1: None, 2: [1], 3: [2], 4: [3]}
{0: [0], 1: [1], 2: None, 3: [2], 4: [3]}
SCORE: 9.973

-------------------

/dˈaʊ̯sənd̥/ - /tˈuːzən/
<#_d-<#_t / ˈaʊ̯-ˈuː / ∅-z / s_ə-ə / n-n / d̥_#>-#>
{0: [0], 1: [1], 2: None, 3: [2, 3], 4: [4], 5: [5]}
{0: [0], 1: [1], 2: [2], 3: [3], 4: [4], 5: None}
SCORE: 11.761

-------------------

/dˈaːʃt/ - /tˈoə̯st/
<#_d-<#_t / ˈaː-ˈoə̯ / ʃ-s / t-t
{0: [0], 1: [1], 2: [2], 3: [3]}
{0: [0], 1: [1], 2: [2], 3: [3]}
SCORE: 22.597

-------------------

/dˈeːdlɪç/ - /dˈɪə̯dlɪk/
d-d / ˈeː-ˈɪə̯ / d-d / l-l / ɪ-ɪ / ç-k
{0: [0], 1: [1], 2: [2], 3: [3], 4: [4], 5: [5]}
{0: [0], 1: [1], 2: [2], 3: [3], 4: [4], 5: [5]}
SCORE: 31.437

-------------------

/dˈiːb̥/ - /ʦjˈɪə̯f/
d-ʦ_j / ˈiː-ˈɪə̯ / b̥-f
{0: [0], 1: [1], 2: [2]}
{0: [0, 1], 1: [2], 2: [3]}
SCORE: 8.919

-------------------

/dˈiːf/ - /djˈɪp/
d-d / ˈiː-j_ˈɪ / f_#>-p_#>
{0: [0], 1: [1], 2: [2]}
{0: [0], 1: [1, 2], 2: [3]}
SCORE: 18.554

-------------------

/dˈiːɑ/ - /dˈiə̯r/
d-d / ˈiː-ˈiə̯ / ɑ-r
{0: [0], 1: [1], 2: [2]}
{0: [0], 1: [1], 2: [2]}
SCORE: 17.545

-------------------

/dˈiːɑ/ - /jˈɪmə/
<#_d-<# / ˈiː-j_ˈɪ / ∅-m / ɑ-ə
{0: [0], 1: [1], 2: None, 3: [2]}
{0: None, 1: [0, 1], 2: [2], 3: [3]}
SCORE: 1.704

-------------------

/dˈoːd̥/ - /dˈɪə̯/
d-d / ˈoː_d̥_#>-ˈɪə̯_#>
{0: [0], 1: [1, 2]}
{0: [0], 1: [1]}
SCORE: 13.062

-------------------

/dˈuː/ - /dˈoː/
d-d / ˈuː-ˈoː
{0: [0], 1: [1]}
{0: [0], 1: [1]}
SCORE: 14.176

-------------------

/dˈɔxdɑ/ - /dˈɔχtər/
d-d / ˈɔ-ˈɔ / x-χ / d-t / ɑ-ə_r
{0: [0], 1: [1], 2: [2], 3: [3], 4: [4]}
{0: [0], 1: [1], 2: [2], 3: [3], 4: [4, 5]}
SCORE: 28.141

-------------------

/dˈɪk/ - /ʦjˈɔk/
d-ʦ_j / ˈɪ-ˈɔ / k-k
{0: [0], 1: [1], 2: [2]}
{0: [0, 1], 1: [2], 2: [3]}
SCORE: 12.79

-------------------

/dˈɪn/ - /tˈɪn/
<#_d-<#_t / ˈɪ-ˈɪ / n-n
{0: [0], 1: [1], 2: [2]}
{0: [0], 1: [1], 2: [2]}
SCORE: 19.727

-------------------

/dˈɪŋ/ - /dˈɪŋ/
d-d / ˈɪ-ˈɪ / ŋ-ŋ
{0: [0], 1: [1], 2: [2]}
{0: [0], 1: [1], 2: [2]}
SCORE: 22.063

-------------------

/dˈʊnɑ/ - /tˈɔŋər/
<#_d-<#_t / ˈʊ-ˈɔ / ∅-ŋ / n-ə / ɑ-r
{0: [0], 1: [1], 2: None, 3: [2], 4: [3]}
{0: [0], 1: [1], 2: [2], 3: [3], 4: [4]}
SCORE: 10.969

-------------------

/flˈeːʃ/ - /flˈɛːsk/
f-f / l-l_ˈɛː / ˈeː-∅ / ʃ-s_k
{0: [0], 1: [1], 2: [2], 3: [3]}
{0: [0], 1: [1, 2], 2: None, 3: [3, 4]}
SCORE: 7.555

-------------------

/flˈiːjə/ - /flˈɪə̯nə/
f-f / l-l / ˈiː-ˈɪə̯ / j-∅ / ə-n_ə
{0: [0], 1: [1], 2: [2], 3: [3], 4: [4]}
{0: [0], 1: [1], 2: [2], 3: None, 4: [3, 4]}
SCORE: 11.24

-------------------

/fɾˈaɪ̯/ - /frˈɛj/
f-f / ɾ-r / ˈaɪ̯_#>-ˈɛ_j_#>
{0: [0], 1: [1], 2: [2]}
{0: [0], 1: [1], 2: [2, 3]}
SCORE: 19.319

-------------------

/fɾˈaɪ̯nd̥/ - /frˈøə̯n/
f-f / ɾ-r / ˈaɪ̯-ˈøə̯ / n-n / d̥_#>-#>
{0: [0], 1: [1], 2: [2], 3: [3], 4: [4]}
{0: [0], 1: [1], 2: [2], 3: [3], 4: None}
SCORE: 21.751

-------------------

/fɾˈiːɾə/ - /frˈiə̯zə/
f-f / ɾ-r / ˈiː-ˈiə̯ / ∅-z / ɾ-∅ / ə-ə
{0: [0], 1: [1], 2: [2], 3: None, 4: [3], 5: [4]}
{0: [0], 1: [1], 2: [2], 3: [3], 4: None, 5: [4]}
SCORE: 13.238

-------------------

/fɾˈɪʃ/ - /fˈask/
f_ɾ-f / ∅-ˈa / ˈɪ-∅ / ʃ-s_k
{0: [0, 1], 1: None, 2: [2], 3: [3]}
{0: [0], 1: [1], 2: None, 3: [2, 3]}
SCORE: -1.739

-------------------

/fˈadɑ/ - /fˈaːdər/
f-f / ˈa-ˈaː / d-d / ɑ-ə_r
{0: [0], 1: [1], 2: [2], 3: [3]}
{0: [0], 1: [1], 2: [2], 3: [3, 4]}
SCORE: 22.825

-------------------

/fˈaɪ̯ɑ/ - /fjˈuə̯r/
f-f / ˈaɪ̯-j_ˈuə̯ / ɑ-r
{0: [0], 1: [1], 2: [2]}
{0: [0], 1: [1, 2], 2: [3]}
SCORE: 15.477

-------------------

/fˈiːlə/ - /fˈiə̯lə/
f-f / ˈiː-ˈiə̯ / l-l / ə-ə
{0: [0], 1: [1], 2: [2], 3: [3]}
{0: [0], 1: [1], 2: [2], 3: [3]}
SCORE: 23.872

-------------------

/fˈiːs/ - /fˈu̯otən/
f-f / ˈiː-ˈu̯o / s-t_ə / ∅-n
{0: [0], 1: [1], 2: [2], 3: None}
{0: [0], 1: [1], 2: [2, 3], 3: [4]}
SCORE: 11.89

-------------------

/fˈiːɑ/ - /fjˈɔu̯ər/
f-f / ˈiː-j / ∅-ˈɔu̯ / ɑ-ə_r
{0: [0], 1: [1], 2: None, 3: [2]}
{0: [0], 1: [1], 2: [2], 3: [3, 4]}
SCORE: 10.543

-------------------

/fˈuːs/ - /fˈuə̯t/
f-f / ˈuː-ˈuə̯ / s-t
{0: [0], 1: [1], 2: [2]}
{0: [0], 1: [1], 2: [2]}
SCORE: 18.593

-------------------

/fˈɔl/ - /fˈɔl/
f-f / ˈɔ-ˈɔ / l_#>-l_#>
{0: [0], 1: [1], 2: [2]}
{0: [0], 1: [1], 2: [2]}
SCORE: 22.208

-------------------

/fˈɔljə/ - /fˈɔlɣjə/
f-f / ˈɔ-ˈɔ / l-l / ∅-ɣ / j-j / ə-ə
{0: [0], 1: [1], 2: [2], 3: None, 4: [3], 5: [4]}
{0: [0], 1: [1], 2: [2], 3: [3], 4: [4], 5: [5]}
SCORE: 24.021

-------------------

/fˈɔlk/ - /fˈɔlk/
f-f / ˈɔ-ˈɔ / l-l / k-k
{0: [0], 1: [1], 2: [2], 3: [3]}
{0: [0], 1: [1], 2: [2], 3: [3]}
SCORE: 26.121

-------------------

/fˈɛdɑ/ - /fˈɪə̯r/
f_ˈɛ-f / ∅-ˈɪə̯ / d_ɑ-r
{0: [0, 1], 1: None, 2: [2, 3]}
{0: [0], 1: [1], 2: [2]}
SCORE: 1.234

-------------------

/fˈɛɑ/ - /fˈoə̯r/
f_ˈɛ-f / ∅-ˈoə̯ / ɑ-r
{0: [0, 1], 1: None, 2: [2]}
{0: [0], 1: [1], 2: [2]}
SCORE: 5.102

-------------------

/fˈɪnf/ - /fˈiːf/
f-f / ˈɪ-ˈiː / n-∅ / f-f
{0: [0], 1: [1], 2: [2], 3: [3]}
{0: [0], 1: [1], 2: None, 3: [2]}
SCORE: 13.199

-------------------

/fˈɪnə/ - /fˈiːnə/
f-f / ˈɪ-ˈiː / n-n / ə-ə
{0: [0], 1: [1], 2: [2], 3: [3]}
{0: [0], 1: [1], 2: [2], 3: [3]}
SCORE: 21.499

-------------------

/fˈɪŋɑ/ - /fˈɪŋər/
f-f / ˈɪ-ˈɪ / ŋ-ŋ / ɑ-ə_r
{0: [0], 1: [1], 2: [2], 3: [3]}
{0: [0], 1: [1], 2: [2], 3: [3, 4]}
SCORE: 25.375

-------------------

/fˈɪʃ/ - /fˈɪsk/
f-f / ˈɪ-ˈɪ / ʃ-s_k
{0: [0], 1: [1], 2: [2]}
{0: [0], 1: [1], 2: [2, 3]}
SCORE: 17.564

-------------------

/fˈʊks/ - /fˈɔks/
f-f / ˈʊ-ˈɔ / k-k / s_#>-s_#>
{0: [0], 1: [1], 2: [2], 3: [3]}
{0: [0], 1: [1], 2: [2], 3: [3]}
SCORE: 25.371

-------------------

/hˈalb̥/ - /hˈɪə̯l/
h-h / ˈa-ˈɪə̯ / l-l / b̥_#>-#>
{0: [0], 1: [1], 2: [2], 3: [3]}
{0: [0], 1: [1], 2: [2], 3: None}
SCORE: 13.964

-------------------

/hˈand̥/ - /hˈɔːn/
h-h / ˈa-ˈɔː / n-n / d̥_#>-#>
{0: [0], 1: [1], 2: [2], 3: [3]}
{0: [0], 1: [1], 2: [2], 3: None}
SCORE: 17.175

-------------------

/hˈasə/ - /hˈaːʦjə/
h-h / ˈa-ˈaː / ∅-ʦ / s-∅ / ə-j_ə
{0: [0], 1: [1], 2: None, 3: [2], 4: [3]}
{0: [0], 1: [1], 2: [2], 3: None, 4: [3, 4]}
SCORE: 8.035

-------------------

/hˈaɪ̯lɪç/ - /hˈɪləχ/
h-h / ˈaɪ̯-ˈɪ / l-l / ɪ-ə / ç-χ
{0: [0], 1: [1], 2: [2], 3: [3], 4: [4]}
{0: [0], 1: [1], 2: [2], 3: [3], 4: [4]}
SCORE: 24.513

-------------------

/hˈaʊ̯d̥/ - /hˈuːd̥/
h-h / ˈaʊ̯-ˈuː / d̥-d̥
{0: [0], 1: [1], 2: [2]}
{0: [0], 1: [1], 2: [2]}
SCORE: 22.455

-------------------

/hˈaʊ̯s/ - /hˈuːs/
h-h / ˈaʊ̯-ˈuː / s_#>-s_#>
{0: [0], 1: [1], 2: [2]}
{0: [0], 1: [1], 2: [2]}
SCORE: 22.596

-------------------

/hˈaʋə/ - /hˈavə/
h-h / ˈa-ˈa / ʋ-v / ə-ə
{0: [0], 1: [1], 2: [2], 3: [3]}
{0: [0], 1: [1], 2: [2], 3: [3]}
SCORE: 21.85

-------------------

/hˈaːn/ - /hˈoə̯n/
h-h / ˈaː-ˈoə̯ / n-n
{0: [0], 1: [1], 2: [2]}
{0: [0], 1: [1], 2: [2]}
SCORE: 19.11

-------------------

/hˈeːm/ - /hˈiə̯m/
h-h / ˈeː-ˈiə̯ / m-m
{0: [0], 1: [1], 2: [2]}
{0: [0], 1: [1], 2: [2]}
SCORE: 21.222

-------------------

/hˈeːs/ - /hˈit/
h-h / ˈeː-ˈi / s-t
{0: [0], 1: [1], 2: [2]}
{0: [0], 1: [1], 2: [2]}
SCORE: 16.56

-------------------

/hˈeːɾə/ - /hˈɪə̯rə/
h-h / ˈeː-ˈɪə̯ / ɾ-r / ə-ə
{0: [0], 1: [1], 2: [2], 3: [3]}
{0: [0], 1: [1], 2: [2], 3: [3]}
SCORE: 23.082

-------------------

/hˈoːx/ - /hˈeːχ/
h-h / ∅-ˈeː / ˈoː-∅ / x-χ
{0: [0], 1: None, 2: [1], 3: [2]}
{0: [0], 1: [1], 2: None, 3: [2]}
SCORE: 7.29

-------------------

/hˈɔːb̥d̥/ - /hˈaːt/
h-h / ˈɔː-ˈaː / b̥-∅ / d̥-∅ / #>-t_#>
{0: [0], 1: [1], 2: [2], 3: [3], 4: None}
{0: [0], 1: [1], 2: None, 3: None, 4: [2]}
SCORE: 2.661

-------------------

/hˈɔːs/ - /hˈazə/
h-h / ˈɔː-ˈa / ∅-z / s-ə
{0: [0], 1: [1], 2: None, 3: [2]}
{0: [0], 1: [1], 2: [2], 3: [3]}
SCORE: 5.794

-------------------

/hˈɔːɑ/ - /hˈiə̯r/
h-h / ˈɔː-ˈiə̯ / ɑ-r
{0: [0], 1: [1], 2: [2]}
{0: [0], 1: [1], 2: [2]}
SCORE: 16.313

-------------------

/hˈɛlfə/ - /hˈɛlpə/
h-h / ˈɛ-ˈɛ / l-l / f-p / ə-ə
{0: [0], 1: [1], 2: [2], 3: [3], 4: [4]}
{0: [0], 1: [1], 2: [2], 3: [3], 4: [4]}
SCORE: 27.621

-------------------

/hˈɛːɑʦ/ - /hˈɛːt/
h-h / ∅-ˈɛː / ˈɛː-∅ / ɑ-∅ / ʦ-t
{0: [0], 1: None, 2: [1], 3: [2], 4: [3]}
{0: [0], 1: [1], 2: None, 3: None, 4: [2]}
SCORE: 0.347

-------------------

/hˈʊnd̥/ - /hˈuːn/
h-h / ˈʊ-ˈuː / n-n / d̥_#>-#>
{0: [0], 1: [1], 2: [2], 3: [3]}
{0: [0], 1: [1], 2: [2], 3: None}
SCORE: 16.41

-------------------

/hˈʊnɑd̥/ - /hˈundət/
h-h / ˈʊ-ˈu / n-n_d / ɑ-ə / d̥-∅ / #>-t_#>
{0: [0], 1: [1], 2: [2], 3: [3], 4: [4], 5: None}
{0: [0], 1: [1], 2: [2, 3], 3: [4], 4: None, 5: [5]}
SCORE: 14.066

-------------------

/hˈʊnɪç/ - /hˈynəχ/
h-h / ∅-ˈy / ˈʊ-∅ / n-n / ɪ-ə / ç-χ
{0: [0], 1: None, 2: [1], 3: [2], 4: [3], 5: [4]}
{0: [0], 1: [1], 2: None, 3: [2], 4: [3], 5: [4]}
SCORE: 12.685

-------------------

/hˈʊŋɑ/ - /hˈɔŋər/
h-h / ˈʊ-ˈɔ / ŋ-ŋ / ɑ-ə_r
{0: [0], 1: [1], 2: [2], 3: [3]}
{0: [0], 1: [1], 2: [2], 3: [3, 4]}
SCORE: 25.731

-------------------

/jˈɔːɑ/ - /jˈiə̯r/
j-j / ˈɔː-ˈiə̯ / ɑ-r
{0: [0], 1: [1], 2: [2]}
{0: [0], 1: [1], 2: [2]}
SCORE: 13.913

-------------------

/jˈʊŋ/ - /jˈɔŋ/
j-j / ˈʊ-ˈɔ / ŋ-ŋ
{0: [0], 1: [1], 2: [2]}
{0: [0], 1: [1], 2: [2]}
SCORE: 20.248

-------------------

/kˈalb̥/ - /kˈɪə̯l/
<#_k-<#_k / ˈa-ˈɪə̯ / l-l / b̥_#>-#>
{0: [0], 1: [1], 2: [2], 3: [3]}
{0: [0], 1: [1], 2: [2], 3: None}
SCORE: 13.882

-------------------

/kˈald̥/ - /kˈɔːd̥/
<#_k-<#_k / ˈa_l-ˈɔː / d̥-d̥
{0: [0], 1: [1, 2], 2: [3]}
{0: [0], 1: [1], 2: [2]}
SCORE: 18.764

-------------------

/kˈaʦ/ - /kˈat/
<#_k-<#_k / ˈa-ˈa / ʦ-t
{0: [0], 1: [1], 2: [2]}
{0: [0], 1: [1], 2: [2]}
SCORE: 20.329

-------------------

/kˈaːn/ - /kˈoə̯n/
<#_k-<#_k / ˈaː-ˈoə̯ / n-n
{0: [0], 1: [1], 2: [2]}
{0: [0], 1: [1], 2: [2]}
SCORE: 19.029

-------------------

/kˈeːnɪç/ - /kˈeːnɪŋ/
<#_k-<#_k / ˈeː-ˈeː / n-n / ɪ-ɪ / ç-ŋ
{0: [0], 1: [1], 2: [2], 3: [3], 4: [4]}
{0: [0], 1: [1], 2: [2], 3: [3], 4: [4]}
SCORE: 24.205

-------------------

/kˈuː/ - /kˈoː/
<#_k-<#_k / ˈuː-ˈoː
{0: [0], 1: [1]}
{0: [0], 1: [1]}
SCORE: 15.187

-------------------

/kˈɛnə/ - /kˈɛnə/
<#_k-<#_k / ˈɛ-ˈɛ / n-n / ə-ə
{0: [0], 1: [1], 2: [2], 3: [3]}
{0: [0], 1: [1], 2: [2], 3: [3]}
SCORE: 22.907

-------------------

/kˈɛnə/ - /kˈɪnə/
<#_k-<#_k / ˈɛ-ˈɪ / n-n / ə-ə
{0: [0], 1: [1], 2: [2], 3: [3]}
{0: [0], 1: [1], 2: [2], 3: [3]}
SCORE: 21.898

-------------------

/kˈɛːɾɪç/ - /ʦjˈɛrkə/
<#_k-<# / ∅-ʦ / ∅-j / ˈɛː-ˈɛ / ɾ-r / ɪ_ç-k_ə
{0: [0], 1: None, 2: None, 3: [1], 4: [2], 5: [3, 4]}
{0: None, 1: [0], 2: [1], 3: [2], 4: [3], 5: [4, 5]}
SCORE: 0.638

-------------------

/kˈʊmə/ - /kˈɔmə/
<#_k-<#_k / ˈʊ-ˈɔ / m-m / ə-ə
{0: [0], 1: [1], 2: [2], 3: [3]}
{0: [0], 1: [1], 2: [2], 3: [3]}
SCORE: 25.53

-------------------

/lˈam/ - /lˈaːm/
<#_l-<#_l / ˈa-ˈaː / m-m
{0: [0], 1: [1], 2: [2]}
{0: [0], 1: [1], 2: [2]}
SCORE: 21.18

-------------------

/lˈand̥/ - /lˈɔːn/
<#_l-<#_l / ˈa-ˈɔː / n-n / d̥_#>-#>
{0: [0], 1: [1], 2: [2], 3: [3]}
{0: [0], 1: [1], 2: [2], 3: None}
SCORE: 17.019

-------------------

/lˈaŋ/ - /lˈaŋ/
<#_l-<#_l / ˈa-ˈa / ŋ-ŋ
{0: [0], 1: [1], 2: [2]}
{0: [0], 1: [1], 2: [2]}
SCORE: 22.939

-------------------

/lˈaɪ̯çt/ - /lˈɪχt/
<#_l-<#_l / ˈaɪ̯-ˈɪ / ç-χ / t-t
{0: [0], 1: [1], 2: [2], 3: [3]}
{0: [0], 1: [1], 2: [2], 3: [3]}
SCORE: 21.455

-------------------

/lˈaɪ̯ə/ - /lˈɪzə/
<#_l-<#_l / ˈaɪ̯-ˈɪ / ∅-z / ə-ə
{0: [0], 1: [1], 2: None, 3: [2]}
{0: [0], 1: [1], 2: [2], 3: [3]}
SCORE: 11.488

-------------------

/lˈaʊ̯s/ - /lˈuːs/
<#_l-<#_l / ˈaʊ̯-ˈuː / s_#>-s_#>
{0: [0], 1: [1], 2: [2]}
{0: [0], 1: [1], 2: [2]}
SCORE: 22.441

-------------------

/lˈiːb̥/ - /lˈɪə̯f/
<#_l-<#_l / ˈiː-ˈɪə̯ / b̥-f
{0: [0], 1: [1], 2: [2]}
{0: [0], 1: [1], 2: [2]}
SCORE: 15.31

-------------------

/lˈiːɡə/ - /lˈiːɣə/
<#_l-<#_l / ∅-ˈiː / ∅-ɣ / ˈiː-∅ / ɡ-∅ / ə-ə
{0: [0], 1: None, 2: None, 3: [1], 4: [2], 5: [3]}
{0: [0], 1: [1], 2: [2], 3: None, 4: None, 5: [3]}
SCORE: -4.893

-------------------

/lˈɔːb̥/ - /lˈɪə̯f/
<#_l-<#_l / ˈɔː-ˈɪə̯ / b̥-f
{0: [0], 1: [1], 2: [2]}
{0: [0], 1: [1], 2: [2]}
SCORE: 16.288

-------------------

/lˈɔːfə/ - /ljˈɛpə/
<#_l-<#_l / ∅-j / ∅-ˈɛ / ˈɔː-∅ / f-p / ə-ə
{0: [0], 1: None, 2: None, 3: [1], 4: [2], 5: [3]}
{0: [0], 1: [1], 2: [2], 3: None, 4: [3], 5: [4]}
SCORE: 4.293

-------------------

/lˈɛʋɑ/ - /lˈeːvər/
<#_l-<#_l / ∅-ˈeː / ˈɛ-∅ / ʋ-v / ɑ-ə_r
{0: [0], 1: None, 2: [1], 3: [2], 4: [3]}
{0: [0], 1: [1], 2: None, 3: [2], 4: [3, 4]}
SCORE: 5.63

-------------------

/lˈɪçt/ - /ljˈɔχt/
<#_l-<#_l / ˈɪ-j_ˈɔ / ç-χ / t-t
{0: [0], 1: [1], 2: [2], 3: [3]}
{0: [0], 1: [1, 2], 2: [3], 3: [4]}
SCORE: 20.108

-------------------

/mˈan/ - /mˈan/
m-m / ˈa-ˈa / n-n
{0: [0], 1: [1], 2: [2]}
{0: [0], 1: [1], 2: [2]}
SCORE: 20.326

-------------------

/mˈaxt/ - /mˈaχt/
m-m / ˈa-ˈa / x-χ / t-t
{0: [0], 1: [1], 2: [2], 3: [3]}
{0: [0], 1: [1], 2: [2], 3: [3]}
SCORE: 26.53

-------------------

/mˈaɪ̯s/ - /mˈuːsən/
m-m / ˈaɪ̯-ˈuː / s-s / ∅-ə / ∅-n
{0: [0], 1: [1], 2: [2], 3: None, 4: None}
{0: [0], 1: [1], 2: [2], 3: [3], 4: [4]}
SCORE: 5.459

-------------------

/mˈaʊ̯l/ - /mˈuːlə/
m-m / ˈaʊ̯-ˈuː / l-l / ∅-ə
{0: [0], 1: [1], 2: [2], 3: None}
{0: [0], 1: [1], 2: [2], 3: [3]}
SCORE: 16.567

-------------------

/mˈaʊ̯s/ - /mˈuːs/
m-m / ˈaʊ̯-ˈuː / s_#>-s_#>
{0: [0], 1: [1], 2: [2]}
{0: [0], 1: [1], 2: [2]}
SCORE: 22.234

-------------------

/mˈeːɑ/ - /mˈi/
m-m / ˈeː-ˈi / ɑ_#>-#>
{0: [0], 1: [1], 2: [2]}
{0: [0], 1: [1], 2: None}
SCORE: 9.971

-------------------

/mˈeːɑ/ - /ʋˈi/
∅-ʋ / m-∅ / ˈeː-ˈi / ɑ_#>-#>
{0: None, 1: [0], 2: [1], 3: [2]}
{0: [0], 1: None, 2: [1], 3: None}
SCORE: -5.763

-------------------

/mˈoːnd̥/ - /mˈoə̯nə/
m-m / ˈoː-ˈoə̯ / n-n_ə / d̥_#>-#>
{0: [0], 1: [1], 2: [2], 3: [3]}
{0: [0], 1: [1], 2: [2, 3], 3: None}
SCORE: 11.006

-------------------

/mˈoːnəd̥/ - /mˈoə̯nə/
m-m / ˈoː-ˈoə̯ / n-n / ə-ə / d̥_#>-#>
{0: [0], 1: [1], 2: [2], 3: [3], 4: [4]}
{0: [0], 1: [1], 2: [2], 3: [3], 4: None}
SCORE: 19.678

-------------------

/mˈɛnʃ/ - /mˈɪnskə/
m-m / ˈɛ-ˈɪ / n-n / ʃ-s_k / ∅-ə
{0: [0], 1: [1], 2: [2], 3: [3], 4: None}
{0: [0], 1: [1], 2: [2], 3: [3, 4], 4: [5]}
SCORE: 14.658

-------------------

/mˈɪk/ - /mˈɪχ/
m-m / ˈɪ-ˈɪ / k-χ
{0: [0], 1: [1], 2: [2]}
{0: [0], 1: [1], 2: [2]}
SCORE: 17.533

-------------------

/mˈɪlɪç/ - /mˈɔlkə/
m-m / ˈɪ-ˈɔ / l-l / ɪ_ç-k_ə
{0: [0], 1: [1], 2: [2], 3: [3, 4]}
{0: [0], 1: [1], 2: [2], 3: [3, 4]}
SCORE: 17.421

-------------------

/mˈʊdɑ/ - /mˈuə̯r/
m-m / ∅-ˈuə̯ / ˈʊ-∅ / d_ɑ-r
{0: [0], 1: None, 2: [1], 3: [2, 3]}
{0: [0], 1: [1], 2: None, 3: [2]}
SCORE: -0.172

-------------------

/mˈʊnd̥/ - /mˈuːn/
m-m / ˈʊ-ˈuː / n-n / d̥_#>-#>
{0: [0], 1: [1], 2: [2], 3: [3]}
{0: [0], 1: [1], 2: [2], 3: None}
SCORE: 16.047

-------------------

/nˈad̥/ - /nˈoə̯d̥/
<#_n-<#_n / ˈa-ˈoə̯ / d̥-d̥
{0: [0], 1: [1], 2: [2]}
{0: [0], 1: [1], 2: [2]}
SCORE: 19.097

-------------------

/nˈakɪç/ - /nˈɪə̯kən/
<#_n-<#_n / ˈa-ˈɪə̯ / k-k / ɪ_ç-ə / ∅-n
{0: [0], 1: [1], 2: [2], 3: [3, 4], 4: None}
{0: [0], 1: [1], 2: [2], 3: [3], 4: [4]}
SCORE: 12.232

-------------------

/nˈaxt/ - /nˈaχt/
<#_n-<#_n / ˈa-ˈa / x-χ / t-t
{0: [0], 1: [1], 2: [2], 3: [3]}
{0: [0], 1: [1], 2: [2], 3: [3]}
SCORE: 26.616

-------------------

/nˈaɣl̩/ - /nˈɛi̯l/
<#_n-<#_n / ∅-ˈɛi̯ / ˈa-∅ / ɣ-∅ / l_#>-l_#>
{0: [0], 1: None, 2: [1], 3: [2], 4: [3]}
{0: [0], 1: [1], 2: None, 3: None, 4: [2]}
SCORE: 1.763

-------------------

/nˈaɪ̯/ - /nˈɛj/
<#_n-<#_n / ˈaɪ̯_#>-ˈɛ_j_#>
{0: [0], 1: [1]}
{0: [0], 1: [1, 2]}
SCORE: 15.646

-------------------

/nˈaɪ̯n/ - /njˈɔɣən/
<#_n-<#_n / ˈaɪ̯-j / ∅-ˈɔ / ∅-ɣ / ∅-ə / n-n
{0: [0], 1: [1], 2: None, 3: None, 4: None, 5: [2]}
{0: [0], 1: [1], 2: [2], 3: [3], 4: [4], 5: [5]}
SCORE: 3.708

-------------------

/nˈoːdl̩/ - /nˈølə/
<#_n-<#_n / ∅-ˈø / ˈoː-∅ / d-∅ / l-l / ∅-ə
{0: [0], 1: None, 2: [1], 3: [2], 4: [3], 5: None}
{0: [0], 1: [1], 2: None, 3: None, 4: [2], 5: [3]}
SCORE: -4.204

-------------------

/nˈɔːmə/ - /nˈamə/
<#_n-<#_n / ˈɔː-ˈa / m-m / ə-ə
{0: [0], 1: [1], 2: [2], 3: [3]}
{0: [0], 1: [1], 2: [2], 3: [3]}
SCORE: 25.352

-------------------

/nˈɔːs/ - /nˈoə̯s/
<#_n-<#_n / ∅-ˈoə̯ / ˈɔː-∅ / s_#>-s_#>
{0: [0], 1: None, 2: [1], 3: [2]}
{0: [0], 1: [1], 2: None, 3: [2]}
SCORE: 6.462

-------------------

/nˈɛːɡ̊ʃt/ - /nˈɛi̯st/
<#_n-<#_n / ∅-ˈɛi̯ / ˈɛː-∅ / ɡ̊-∅ / ʃ-s / t-t
{0: [0], 1: None, 2: [1], 3: [2], 4: [3], 5: [4]}
{0: [0], 1: [1], 2: None, 3: None, 4: [2], 5: [3]}
SCORE: 4.859

-------------------

/nˈʊs/ - /nˈyːt/
<#_n-<#_n / ∅-ˈyː / ˈʊ-∅ / s-t
{0: [0], 1: None, 2: [1], 3: [2]}
{0: [0], 1: [1], 2: None, 3: [2]}
SCORE: 3.435

-------------------

/pˈɔːd̥/ - /pˈaːd̥/
p-p / ˈɔː-ˈaː / d̥-d̥
{0: [0], 1: [1], 2: [2]}
{0: [0], 1: [1], 2: [2]}
SCORE: 17.522

-------------------

/sˈals/ - /sˈɔːt/
s-s / ˈa_l-ˈɔː / s-t
{0: [0], 1: [1, 2], 2: [3]}
{0: [0], 1: [1], 2: [2]}
SCORE: 13.634

-------------------

/sˈand̥/ - /sˈɔːn/
s-s / ˈa-ˈɔː / n-n / d̥_#>-#>
{0: [0], 1: [1], 2: [2], 3: [3]}
{0: [0], 1: [1], 2: [2], 3: None}
SCORE: 14.848

-------------------

/sˈaɪ̯d̥/ - /sˈiːdə/
s-s / ˈaɪ̯-ˈiː / d̥-d_ə
{0: [0], 1: [1], 2: [2]}
{0: [0], 1: [1], 2: [2, 3]}
SCORE: 13.049

-------------------

/sˈaʊ̯ɑ/ - /sˈuə̯r/
s-s / ∅-ˈuə̯ / ˈaʊ̯-∅ / ɑ-r
{0: [0], 1: None, 2: [1], 3: [2]}
{0: [0], 1: [1], 2: None, 3: [2]}
SCORE: 1.732

-------------------

/sˈeː/ - /sˈeː/
s-s / ˈeː-ˈeː
{0: [0], 1: [1]}
{0: [0], 1: [1]}
SCORE: 12.683

-------------------

/sˈeːl/ - /sˈiə̯l/
s-s / ˈeː-ˈiə̯ / l_#>-l_#>
{0: [0], 1: [1], 2: [2]}
{0: [0], 1: [1], 2: [2]}
SCORE: 19.023

-------------------

/sˈeːnə/ - /ɕˈeːn/
s-ɕ / ˈeː-ˈeː / n-n / ə_#>-#>
{0: [0], 1: [1], 2: [2], 3: [3]}
{0: [0], 1: [1], 2: [2], 3: None}
SCORE: 12.893

-------------------

/sˈiːs/ - /svˈiə̯t/
s-s / ∅-v / ˈiː-ˈiə̯ / s-t
{0: [0], 1: None, 2: [1], 3: [2]}
{0: [0], 1: [1], 2: [2], 3: [3]}
SCORE: 10.965

-------------------

/sˈoː/ - /sˈoə̯n/
s-s / ˈoː-ˈoə̯ / ∅-n
{0: [0], 1: [1], 2: None}
{0: [0], 1: [1], 2: [2]}
SCORE: 7.831

-------------------

/sˈuːxə/ - /sˈikjə/
s-s / ∅-ˈi / ˈuː-∅ / x-k / ə-j_ə
{0: [0], 1: None, 2: [1], 3: [2], 4: [3]}
{0: [0], 1: [1], 2: None, 3: [2], 4: [3, 4]}
SCORE: 2.097

-------------------

/sˈɛks/ - /sˈɛi̯s/
s-s / ∅-ˈɛi̯ / ˈɛ-∅ / k-∅ / s_#>-s_#>
{0: [0], 1: None, 2: [1], 3: [2], 4: [3]}
{0: [0], 1: [1], 2: None, 3: None, 4: [2]}
SCORE: -0.588

-------------------

/sˈɛl/ - /sˈɛls/
s-s / ˈɛ-ˈɛ / l-l / #>-s_#>
{0: [0], 1: [1], 2: [2], 3: None}
{0: [0], 1: [1], 2: [2], 3: [3]}
SCORE: 16.801

-------------------

/sˈɪŋə/ - /ɕˈɔŋə/
s-ɕ / ˈɪ-ˈɔ / ŋ-ŋ / ə-ə
{0: [0], 1: [1], 2: [2], 3: [3]}
{0: [0], 1: [1], 2: [2], 3: [3]}
SCORE: 22.525

-------------------

/sˈɪʦə/ - /sˈɪtə/
s-s / ˈɪ-ˈɪ / ʦ-t / ə-ə
{0: [0], 1: [1], 2: [2], 3: [3]}
{0: [0], 1: [1], 2: [2], 3: [3]}
SCORE: 22.229

-------------------

/sˈʊmɑ/ - /sˈɪmər/
s-s / ∅-ˈɪ / ˈʊ_m-m / ɑ-ə_r
{0: [0], 1: None, 2: [1, 2], 3: [3]}
{0: [0], 1: [1], 2: [2], 3: [3, 4]}
SCORE: 7.912

-------------------

/ɡnˈiː/ - /knˈɪbəl/
<#-<#_k / ɡ-∅ / n-n / ˈiː-ˈɪ / ∅-b / ∅-ə / #>-l_#>
{0: None, 1: [0], 2: [1], 3: [2], 4: None, 5: None, 6: None}
{0: [0], 1: None, 2: [1], 3: [2], 4: [3], 5: [4], 6: [5]}
SCORE: -3.473

-------------------

/ɡɾˈaːs/ - /ɡˈɛːs/
ɡ-ɡ / ∅-ˈɛː / ɾ-∅ / ˈaː-∅ / s_#>-s_#>
{0: [0], 1: None, 2: [1], 3: [2], 4: [3]}
{0: [0], 1: [1], 2: None, 3: None, 4: [2]}
SCORE: 2.478

-------------------

/ɡɾˈiː/ - /ɡrˈiə̯n/
ɡ-ɡ / ɾ-r / ˈiː-ˈiə̯ / ∅-n
{0: [0], 1: [1], 2: [2], 3: None}
{0: [0], 1: [1], 2: [2], 3: [3]}
SCORE: 15.757

-------------------

/ɡɾˈoːs/ - /ɡrˈuːt/
ɡ-ɡ / ɾ-r / ∅-ˈuː / ˈoː-∅ / s-t
{0: [0], 1: [1], 2: None, 3: [2], 4: [3]}
{0: [0], 1: [1], 2: [2], 3: None, 4: [3]}
SCORE: 8.711

-------------------

/ɡˈans/ - /ɡˈuə̯s/
ɡ-ɡ / ∅-ˈuə̯ / ˈa-∅ / n-∅ / s_#>-s_#>
{0: [0], 1: None, 2: [1], 3: [2], 4: [3]}
{0: [0], 1: [1], 2: None, 3: None, 4: [2]}
SCORE: 2.478

-------------------

/ɡˈaʃt/ - /ɡˈast/
ɡ-ɡ / ˈa-ˈa / ʃ-s / t-t
{0: [0], 1: [1], 2: [2], 3: [3]}
{0: [0], 1: [1], 2: [2], 3: [3]}
SCORE: 25.938

-------------------

/ɡˈeː/ - /ɡˈɪə̯n/
ɡ-ɡ / ˈeː-ˈɪə̯ / ∅-n
{0: [0], 1: [1], 2: None}
{0: [0], 1: [1], 2: [2]}
SCORE: 10.477

-------------------

/ɡˈeːl/ - /ɡˈiə̯l/
ɡ-ɡ / ˈeː-ˈiə̯ / l_#>-l_#>
{0: [0], 1: [1], 2: [2]}
{0: [0], 1: [1], 2: [2]}
SCORE: 22.089

-------------------

/ɡˈeːs/ - /ɡˈɛi̯t/
ɡ-ɡ / ∅-ˈɛi̯ / ˈeː-∅ / s-t
{0: [0], 1: None, 2: [1], 3: [2]}
{0: [0], 1: [1], 2: None, 3: [2]}
SCORE: 4.451

-------------------

/ɡˈeːʃt/ - /ɡˈɪə̯st/
ɡ-ɡ / ˈeː-ˈɪə̯ / ʃ-s / t-t
{0: [0], 1: [1], 2: [2], 3: [3]}
{0: [0], 1: [1], 2: [2], 3: [3]}
SCORE: 24.434

-------------------

/ɡˈuːd̥/ - /ɡˈuə̯d̥/
ɡ-ɡ / ˈuː-ˈuə̯ / d̥-d̥
{0: [0], 1: [1], 2: [2]}
{0: [0], 1: [1], 2: [2]}
SCORE: 23.082

-------------------

/ɡˈɔd̥/ - /ɡˈɔd̥/
ɡ-ɡ / ˈɔ-ˈɔ / d̥-d̥
{0: [0], 1: [1], 2: [2]}
{0: [0], 1: [1], 2: [2]}
SCORE: 23.368

-------------------

/ɡˈɔld̥/ - /ɡˈɔu̯d̥/
ɡ-ɡ / ∅-ˈɔu̯ / ˈɔ-∅ / l-∅ / d̥-d̥
{0: [0], 1: None, 2: [1], 3: [2], 4: [3]}
{0: [0], 1: [1], 2: None, 3: None, 4: [2]}
SCORE: 2.336

-------------------

/ɡˈɔːɑn/ - /jˈɛːn/
ɡ-j / ∅-ˈɛː / ˈɔː-∅ / ɑ-∅ / n-n
{0: [0], 1: None, 2: [1], 3: [2], 4: [3]}
{0: [0], 1: [1], 2: None, 3: None, 4: [2]}
SCORE: -6.975

-------------------

/ɡˈɛʋə/ - /jˈaːn/
ɡ-j / ∅-ˈaː / ˈɛ-n / ʋ-∅ / ə_#>-#>
{0: [0], 1: None, 2: [1], 3: [2], 4: [3]}
{0: [0], 1: [1], 2: [2], 3: None, 4: None}
SCORE: -11.346

-------------------

/ɾˈaɪ̯ç/ - /rˈik/
<#_ɾ-<#_r / ˈaɪ̯-ˈi / ç-k
{0: [0], 1: [1], 2: [2]}
{0: [0], 1: [1], 2: [2]}
SCORE: 18.478

-------------------

/ɾˈaʊ̯x/ - /rˈɪə̯k/
<#_ɾ-<#_r / ∅-ˈɪə̯ / ˈaʊ̯-∅ / x-k
{0: [0], 1: None, 2: [1], 3: [2]}
{0: [0], 1: [1], 2: None, 3: [2]}
SCORE: 2.12

-------------------

/ɾˈoːd̥/ - /rˈɪə̯d̥/
<#_ɾ-<#_r / ˈoː-ˈɪə̯ / d̥-d̥
{0: [0], 1: [1], 2: [2]}
{0: [0], 1: [1], 2: [2]}
SCORE: 21.094

-------------------

/ɾˈɛjə/ - /rˈɛi̯n/
<#_ɾ-<#_r / ∅-ˈɛi̯ / ˈɛ-n / j-∅ / ə_#>-#>
{0: [0], 1: None, 2: [1], 3: [2], 4: [3]}
{0: [0], 1: [1], 2: [2], 3: None, 4: None}
SCORE: -3.618

-------------------

/ɾˈɛçt/ - /rjˈɔχt/
<#_ɾ-<#_r / ∅-j / ∅-ˈɔ / ˈɛ-∅ / ç-χ / t-t
{0: [0], 1: None, 2: None, 3: [1], 4: [2], 5: [3]}
{0: [0], 1: [1], 2: [2], 3: None, 4: [3], 5: [4]}
SCORE: 5.358

-------------------

/ɾˈɪk/ - /rˈɛːχ/
<#_ɾ-<#_r / ∅-ˈɛː / ˈɪ-∅ / k-χ
{0: [0], 1: None, 2: [1], 3: [2]}
{0: [0], 1: [1], 2: None, 3: [2]}
SCORE: 2.899

-------------------

/ɾˈɪŋ/ - /rˈɪŋ/
<#_ɾ-<#_r / ˈɪ-ˈɪ / ŋ-ŋ
{0: [0], 1: [1], 2: [2]}
{0: [0], 1: [1], 2: [2]}
SCORE: 23.284

-------------------

/ʃlˈaŋ/ - /slˈaŋ/
ʃ-s / l-l / ˈa-ˈa / ŋ-ŋ
{0: [0], 1: [1], 2: [2], 3: [3]}
{0: [0], 1: [1], 2: [2], 3: [3]}
SCORE: 26.311

-------------------

/ʃlˈoːfə/ - /slˈiə̯pə/
ʃ-s / l-l / ˈoː-ˈiə̯ / f-p / ə-ə
{0: [0], 1: [1], 2: [2], 3: [3], 4: [4]}
{0: [0], 1: [1], 2: [2], 3: [3], 4: [4]}
SCORE: 24.897

-------------------

/ʃlˈɔːɣə/ - /slˈaːn/
ʃ-s / l-l / ˈɔː-ˈaː / ɣ-∅ / ə-n
{0: [0], 1: [1], 2: [2], 3: [3], 4: [4]}
{0: [0], 1: [1], 2: [2], 3: None, 4: [3]}
SCORE: 11.916

-------------------

/ʃnˈeː/ - /snˈiə̯/
ʃ-s / n-n / ˈeː-ˈiə̯
{0: [0], 1: [1], 2: [2]}
{0: [0], 1: [1], 2: [2]}
SCORE: 18.257

-------------------

/ʃpɾˈoːx/ - /sprˈaːkə/
ʃ-s / p-p / ɾ-r / ∅-ˈaː / ˈoː-∅ / x-k / ∅-ə
{0: [0], 1: [1], 2: [2], 3: None, 4: [3], 5: [4], 6: None}
{0: [0], 1: [1], 2: [2], 3: [3], 4: None, 5: [4], 6: [5]}
SCORE: 1.911

-------------------

/ʃtˈaːɾəm/ - /stˈoə̯rm/
ʃ-s / t-t / ˈaː-ˈoə̯ / ɾ-r / ə-∅ / m-m
{0: [0], 1: [1], 2: [2], 3: [3], 4: [4], 5: [5]}
{0: [0], 1: [1], 2: [2], 3: [3], 4: None, 5: [4]}
SCORE: 22.518

-------------------

/ʃtˈeː/ - /stˈiə̯n/
ʃ-s / t-t / ˈeː-ˈiə̯_n
{0: [0], 1: [1], 2: [2]}
{0: [0], 1: [1], 2: [2, 3]}
SCORE: 15.239

-------------------

/ʃtˈuːl/ - /stˈuə̯l/
ʃ-s / t-t / ˈuː-ˈuə̯ / l_#>-l_#>
{0: [0], 1: [1], 2: [2], 3: [3]}
{0: [0], 1: [1], 2: [2], 3: [3]}
SCORE: 25.647

-------------------

/ʃtˈɛːɑn/ - /stjˈɛr/
ʃ-s / t-t / ∅-j / ˈɛː-ˈɛ / ɑ-r / n-∅
{0: [0], 1: [1], 2: None, 3: [2], 4: [3], 5: [4]}
{0: [0], 1: [1], 2: [2], 3: [3], 4: [4], 5: None}
SCORE: 13.381

-------------------

/ʃʋˈaɪ̯n/ - /svˈin/
ʃ-s / ʋ-v / ˈaɪ̯-ˈi / n-n
{0: [0], 1: [1], 2: [2], 3: [3]}
{0: [0], 1: [1], 2: [2], 3: [3]}
SCORE: 19.488

-------------------

/ʃʋˈaːʦ/ - /svˈat/
ʃ-s / ʋ-v / ∅-ˈa / ˈaː-∅ / ʦ-t
{0: [0], 1: [1], 2: None, 3: [2], 4: [3]}
{0: [0], 1: [1], 2: [2], 3: None, 4: [3]}
SCORE: 5.193

-------------------

/ʃʋˈeːs/ - /svˈɪt/
ʃ-s / ʋ-v / ∅-ˈɪ / ˈeː-∅ / s-t
{0: [0], 1: [1], 2: None, 3: [2], 4: [3]}
{0: [0], 1: [1], 2: [2], 3: None, 4: [3]}
SCORE: 3.558

-------------------

/ʃʋˈɛʃdɑ/ - /sˈøstər/
ʃ-s / ∅-ˈø / ʋ-∅ / ˈɛ-∅ / ʃ-s / d-t / ɑ-ə_r
{0: [0], 1: None, 2: [1], 3: [2], 4: [3], 5: [4], 6: [5]}
{0: [0], 1: [1], 2: None, 3: None, 4: [2], 5: [3], 6: [4, 5]}
SCORE: 4.83

-------------------

/ʃʋˈɛːɑd̥/ - /svˈød̥/
ʃ-s / ʋ-v / ∅-ˈø / ˈɛː-∅ / ɑ-∅ / d̥-d̥
{0: [0], 1: [1], 2: None, 3: [2], 4: [3], 5: [4]}
{0: [0], 1: [1], 2: [2], 3: None, 4: None, 5: [3]}
SCORE: 1.443

-------------------

/ʃʋˈɪmə/ - /svˈɪmə/
ʃ-s / ʋ-v / ˈɪ-ˈɪ / m-m / ə-ə
{0: [0], 1: [1], 2: [2], 3: [3], 4: [4]}
{0: [0], 1: [1], 2: [2], 3: [3], 4: [4]}
SCORE: 25.966

-------------------

/ʃˈaːɾəf/ - /skˈɛrp/
ʃ-s_k / ∅-ˈɛ / ˈaː-∅ / ɾ-r / ə-∅ / f_#>-p_#>
{0: [0], 1: None, 2: [1], 3: [2], 4: [3], 5: [4]}
{0: [0, 1], 1: [2], 2: None, 3: [3], 4: None, 5: [4]}
SCORE: 2.689

-------------------

/ʃˈeː/ - /skjˈɪn/
ʃ-s_k / ∅-j / ∅-ˈɪ / ˈeː-n
{0: [0], 1: None, 2: None, 3: [1]}
{0: [0, 1], 1: [2], 2: [3], 3: [4]}
SCORE: -4.15

-------------------

/ʃˈiːsə/ - /sjˈɪtə/
ʃ-s / ˈiː-j_ˈɪ / s-t / ə-ə
{0: [0], 1: [1], 2: [2], 3: [3]}
{0: [0], 1: [1, 2], 2: [3], 3: [4]}
SCORE: 18.366

-------------------

/ʃˈoːf/ - /skˈiə̯p/
ʃ-s_k / ˈoː-ˈiə̯ / f_#>-p_#>
{0: [0], 1: [1], 2: [2]}
{0: [0, 1], 1: [2], 2: [3]}
SCORE: 15.661

-------------------

/ʃˈuː/ - /skˈuə̯χ/
ʃ-s_k / ˈuː-ˈuə̯ / #>-χ_#>
{0: [0], 1: [1], 2: None}
{0: [0, 1], 1: [2], 2: [3]}
SCORE: 10.105

-------------------

/ʃˈɪf/ - /skˈɪp/
ʃ-s_k / ˈɪ-ˈɪ / f_#>-p_#>
{0: [0], 1: [1], 2: [2]}
{0: [0, 1], 1: [2], 2: [3]}
SCORE: 18.552

-------------------

/ʃˈɪld̥/ - /skˈild̥/
ʃ-s_k / ˈɪ-ˈi / l-l / d̥-d̥
{0: [0], 1: [1], 2: [2], 3: [3]}
{0: [0, 1], 1: [2], 2: [3], 3: [4]}
SCORE: 19.949

-------------------

/ʋˈas/ - /ʋˈat/
ʋ-ʋ / ˈa-ˈa / s-t
{0: [0], 1: [1], 2: [2]}
{0: [0], 1: [1], 2: [2]}
SCORE: 18.21

-------------------

/ʋˈasɑ/ - /ʋˈɛtər/
ʋ-ʋ / ∅-ˈɛ / ˈa-∅ / s-t / ɑ-ə_r
{0: [0], 1: None, 2: [1], 3: [2], 4: [3]}
{0: [0], 1: [1], 2: None, 3: [2], 4: [3, 4]}
SCORE: 6.231

-------------------

/ʋˈaɪ̯/ - /ʋˈin/
ʋ-ʋ / ˈaɪ̯-ˈi / ∅-n
{0: [0], 1: [1], 2: None}
{0: [0], 1: [1], 2: [2]}
SCORE: 9.63

-------------------

/ʋˈaɪ̯b̥/ - /ʋˈiːf/
ʋ-ʋ / ˈaɪ̯-ˈiː / b̥-f
{0: [0], 1: [1], 2: [2]}
{0: [0], 1: [1], 2: [2]}
SCORE: 18.483

-------------------

/ʋˈaɪ̯s/ - /ʋˈit/
ʋ-ʋ / ˈaɪ̯-ˈi / s-t
{0: [0], 1: [1], 2: [2]}
{0: [0], 1: [1], 2: [2]}
SCORE: 17.164

-------------------

/ʋˈaːɾəm/ - /ʋjˈɪrm/
ʋ-ʋ / ∅-j / ∅-ˈɪ / ˈaː-∅ / ɾ-r / ə-∅ / m-m
{0: [0], 1: None, 2: None, 3: [1], 4: [2], 5: [3], 6: [4]}
{0: [0], 1: [1], 2: [2], 3: None, 4: [3], 5: None, 6: [4]}
SCORE: 0.608

-------------------

/ʋˈeːç/ - /vˈɪə̯k/
ʋ-v / ˈeː-ˈɪə̯ / ç-k
{0: [0], 1: [1], 2: [2]}
{0: [0], 1: [1], 2: [2]}
SCORE: 13.321

-------------------

/ʋˈɔl/ - /ʋˈɔlə/
ʋ-ʋ / ˈɔ-ˈɔ / l-l / ∅-ə
{0: [0], 1: [1], 2: [2], 3: None}
{0: [0], 1: [1], 2: [2], 3: [3]}
SCORE: 16.54

-------------------

/ʋˈɔlf/ - /ʋˈɔlf/
ʋ-ʋ / ˈɔ-ˈɔ / l-l / f-f
{0: [0], 1: [1], 2: [2], 3: [3]}
{0: [0], 1: [1], 2: [2], 3: [3]}
SCORE: 26.772

-------------------

/ʋˈɔx/ - /ʋˈiːkə/
ʋ-ʋ / ∅-ˈiː / ˈɔ-∅ / x-k / ∅-ə
{0: [0], 1: None, 2: [1], 3: [2], 4: None}
{0: [0], 1: [1], 2: None, 3: [2], 4: [3]}
SCORE: -3.572

-------------------

/ʋˈɔːl/ - /ʋˈal/
ʋ-ʋ / ˈɔː-ˈa / l_#>-l_#>
{0: [0], 1: [1], 2: [2]}
{0: [0], 1: [1], 2: [2]}
SCORE: 21.107

-------------------

/ʋˈɔːɑm/ - /ʋˈaːrm/
ʋ-ʋ / ˈɔː-ˈaː / ɑ-r / m-m
{0: [0], 1: [1], 2: [2], 3: [3]}
{0: [0], 1: [1], 2: [2], 3: [3]}
SCORE: 23.911

-------------------

/ʋˈɛdɑ/ - /ʋˈaːr/
ʋ-ʋ / ∅-ˈaː / ˈɛ-∅ / d_ɑ-r
{0: [0], 1: None, 2: [1], 3: [2, 3]}
{0: [0], 1: [1], 2: None, 3: [2]}
SCORE: -0.374

-------------------

/ʋˈɪld̥/ - /ʋˈild̥/
ʋ-ʋ / ˈɪ-ˈi / l-l / d̥-d̥
{0: [0], 1: [1], 2: [2], 3: [3]}
{0: [0], 1: [1], 2: [2], 3: [3]}
SCORE: 23.355

-------------------

/ʋˈɪndɑ/ - /ʋˈɪntər/
ʋ-ʋ / ˈɪ-ˈɪ / n-n / d-t / ɑ-ə_r
{0: [0], 1: [1], 2: [2], 3: [3], 4: [4]}
{0: [0], 1: [1], 2: [2], 3: [3], 4: [4, 5]}
SCORE: 26.097

-------------------

/ʋˈɪnd̥/ - /ʋˈin/
ʋ-ʋ / ˈɪ-ˈi / n-n / d̥_#>-#>
{0: [0], 1: [1], 2: [2], 3: [3]}
{0: [0], 1: [1], 2: [2], 3: None}
SCORE: 13.842

-------------------

/ʋˈɪnʃə/ - /ʋˈɪnskjə/
ʋ-ʋ / ˈɪ-ˈɪ / n-n / ʃ-s_k / ə-j_ə
{0: [0], 1: [1], 2: [2], 3: [3], 4: [4]}
{0: [0], 1: [1], 2: [2], 3: [3, 4], 4: [5, 6]}
SCORE: 24.743

-------------------

/ʋˈɪsə/ - /ʋˈɪtə/
ʋ-ʋ / ˈɪ-ˈɪ / s-t / ə-ə
{0: [0], 1: [1], 2: [2], 3: [3]}
{0: [0], 1: [1], 2: [2], 3: [3]}
SCORE: 22.356

-------------------

/ʋˈʊnɑ/ - /ʋˈundər/
ʋ-ʋ / ˈʊ-ˈu / n-n_d / ɑ-ə_r
{0: [0], 1: [1], 2: [2], 3: [3]}
{0: [0], 1: [1], 2: [2, 3], 3: [4, 5]}
SCORE: 21.813

-------------------

/ʦʋˈansɪç/ - /tvˈɛi̯ntəχ/
ʦ-t / ʋ-v / ∅-ˈɛi̯ / ˈa-∅ / n-n / s-t / ɪ-ə / ç-χ
{0: [0], 1: [1], 2: None, 3: [2], 4: [3], 5: [4], 6: [5], 7: [6]}
{0: [0], 1: [1], 2: [2], 3: None, 4: [3], 5: [4], 6: [5], 7: [6]}
SCORE: 14.815

-------------------

/ʦʋˈeː/ - /tvˈaː/
ʦ-t / ʋ-v / ∅-ˈaː / ˈeː-∅
{0: [0], 1: [1], 2: None, 3: [2]}
{0: [0], 1: [1], 2: [2], 3: None}
SCORE: 0.775

-------------------

/ʦʋˈɛlf/ - /tˈɔlvə/
ʦ_ʋ-t / ∅-ˈɔ / ˈɛ_l-l / f-v_ə
{0: [0, 1], 1: None, 2: [2, 3], 3: [4]}
{0: [0], 1: [1], 2: [2], 3: [3, 4]}
SCORE: 0.666

-------------------

/ʦʋˈɛːɾɪç/ - /dvˈɛrχ/
∅-d / ʦ_ʋ-v / ˈɛː-ˈɛ / ɾ-r / ɪ_ç-χ
{0: None, 1: [0, 1], 2: [2], 3: [3], 4: [4, 5]}
{0: [0], 1: [1], 2: [2], 3: [3], 4: [4]}
SCORE: 11.065

-------------------

/ʦˈaɪ̯d̥/ - /tˈiːd̥/
ʦ-t / ˈaɪ̯-ˈiː / d̥-d̥
{0: [0], 1: [1], 2: [2]}
{0: [0], 1: [1], 2: [2]}
SCORE: 19.313

-------------------

/ʦˈeːçə/ - /tˈeːkən/
ʦ-t / ˈeː-ˈeː / ç-k / ə-ə / ∅-n
{0: [0], 1: [1], 2: [2], 3: [3], 4: None}
{0: [0], 1: [1], 2: [2], 3: [3], 4: [4]}
SCORE: 15.321

-------------------

/ʦˈeːə/ - /tˈɪə̯n/
ʦ-t / ˈeː-ˈɪə̯ / ə-n
{0: [0], 1: [1], 2: [2]}
{0: [0], 1: [1], 2: [2]}
SCORE: 10.648

-------------------

/ʦˈeːə/ - /ʦˈiə̯n/
∅-ʦ / ʦ-∅ / ˈeː-ˈiə̯ / ə-n
{0: None, 1: [0], 2: [1], 3: [2]}
{0: [0], 1: None, 2: [1], 3: [2]}
SCORE: -2.77

-------------------

/ʦˈʊŋ/ - /tˈuŋə/
ʦ-t / ˈʊ-ˈu / ŋ-ŋ / ∅-ə
{0: [0], 1: [1], 2: [2], 3: None}
{0: [0], 1: [1], 2: [2], 3: [3]}
SCORE: 17.725

-------------------

/ˈaf/ - /ˈaːp/
ˈa-ˈaː / f_#>-p_#>
{0: [0], 1: [1]}
{0: [0], 1: [1]}
SCORE: 15.727

-------------------

/ˈal/ - /ˈal/
ˈa-ˈa / l_#>-l_#>
{0: [0], 1: [1]}
{0: [0], 1: [1]}
SCORE: 16.007

-------------------

/ˈald̥/ - /ˈaːj/
ˈa-ˈaː / ∅-j / l-∅ / d̥_#>-#>
{0: [0], 1: None, 2: [1], 3: [2]}
{0: [0], 1: [1], 2: None, 3: None}
SCORE: -4.141

-------------------

/ˈan/ - /ˈin/
<#_ˈa-<# / ∅-ˈi / n-n
{0: [0], 1: None, 2: [1]}
{0: None, 1: [0], 2: [1]}
SCORE: 0.883

-------------------

/ˈanɑ/ - /ˈoə̯r/
ˈa-ˈoə̯ / n-∅ / ɑ-r
{0: [0], 1: [1], 2: [2]}
{0: [0], 1: None, 2: [1]}
SCORE: 5.739

-------------------

/ˈapl̩/ - /ˈaːpəl/
ˈa-ˈaː / p-p / ∅-ə / l_#>-l_#>
{0: [0], 1: [1], 2: None, 3: [2]}
{0: [0], 1: [1], 2: [2], 3: [3]}
SCORE: 12.705

-------------------

/ˈaxt/ - /ˈaχt/
ˈa-ˈa / x-χ / t-t
{0: [0], 1: [1], 2: [2]}
{0: [0], 1: [1], 2: [2]}
SCORE: 20.797

-------------------

/ˈaɪ̯l/ - /ˈuːlə/
ˈaɪ̯-ˈuː / l-l / ∅-ə
{0: [0], 1: [1], 2: None}
{0: [0], 1: [1], 2: [2]}
SCORE: 5.85

-------------------

/ˈaɪ̯s/ - /ˈiːs/
ˈaɪ̯-ˈiː / s_#>-s_#>
{0: [0], 1: [1]}
{0: [0], 1: [1]}
SCORE: 15.287

-------------------

/ˈaʊ̯s/ - /ˈyːt/
∅-ˈyː / ˈaʊ̯-∅ / s-t
{0: None, 1: [0], 2: [1]}
{0: [0], 1: None, 2: [1]}
SCORE: -2.384

-------------------

/ˈeː/ - /ˈiə̯n/
ˈeː-ˈiə̯_n
{0: [0]}
{0: [0, 1]}
SCORE: 6.282

-------------------

/ˈoːl/ - /ˈiə̯l/
ˈoː-ˈiə̯ / l_#>-l_#>
{0: [0], 1: [1]}
{0: [0], 1: [1]}
SCORE: 13.177

-------------------

/ˈoːɑ/ - /ˈɪə̯r/
ˈoː-ˈɪə̯ / ɑ-r
{0: [0], 1: [1]}
{0: [0], 1: [1]}
SCORE: 12.332

-------------------

/ˈɔɪ̯/ - /ˈaːj/
ˈɔɪ̯-ˈaː_j
{0: [0]}
{0: [0, 1]}
SCORE: 12.188

-------------------

/ˈɔːɡ̊/ - /ˈɪə̯χ/
ˈɔː-ˈɪə̯ / ɡ̊-χ
{0: [0], 1: [1]}
{0: [0], 1: [1]}
SCORE: 9.015

-------------------

/ˈɛk/ - /ˈɪɣə/
ˈɛ-ˈɪ / k_#>-ɣ_ə_#>
{0: [0], 1: [1]}
{0: [0], 1: [1, 2]}
SCORE: 8.009

-------------------

/ˈɛlf/ - /ˈalvə/
<#-<#_ˈa / ˈɛ_l-l / f-v_ə
{0: None, 1: [0, 1], 2: [2]}
{0: [0], 1: [1], 2: [2, 3]}
SCORE: 3.686

-------------------

/ˈɛsə/ - /ˈitə/
ˈɛ-∅ / s-ˈi_t / ə-ə
{0: [0], 1: [1], 2: [2]}
{0: None, 1: [0, 1], 2: [2]}
SCORE: 3.805

-------------------

/ˈɛʃ/ - /jˈɪskə/
<#-<#_j / ˈɛ-ˈɪ / ʃ-s_k / ∅-ə
{0: None, 1: [0], 2: [1], 3: None}
{0: [0], 1: [1], 2: [2, 3], 3: [4]}
SCORE: 2.832

-------------------

/ˈɪç/ - /ˈɪk/
ˈɪ-ˈɪ / ç-k
{0: [0], 1: [1]}
{0: [0], 1: [1]}
SCORE: 13.362

-------------------

/ˈʊf/ - /ˈɔp/
ˈʊ-ˈɔ / f_#>-p_#>
{0: [0], 1: [1]}
{0: [0], 1: [1]}
SCORE: 15.918

-------------------

/ˈʊnɑ/ - /ˈundər/
ˈʊ-ˈu / n-n_d / ɑ-ə_r
{0: [0], 1: [1], 2: [2]}
{0: [0], 1: [1, 2], 2: [3, 4]}
SCORE: 16.282
