/b̥ˈai̯z̥ə/ - /bˈaɪ̯sn̩/
b̥-b / ˈai̯-ˈaɪ̯ / z̥-s / ə-n
{0: [0], 1: [1], 2: [2], 3: [3]}
{0: [0], 1: [1], 2: [2], 3: [3]}
SCORE: 20.323

-------------------

/b̥ˈaːm/ - /bˈaʊ̯m/
b̥-b / ˈaː-ˈaʊ̯ / m-m
{0: [0], 1: [1], 2: [2]}
{0: [0], 1: [1], 2: [2]}
SCORE: 17.446

-------------------

/b̥ˈãː/ - /bˈaɪ̯n/
b̥-b / ˈãː-ˈaɪ̯_n
{0: [0], 1: [1]}
{0: [0], 1: [1, 2]}
SCORE: 8.24

-------------------

/b̥ˈez̥æ̆/ - /bˈɛsɐ/
b̥-b / ˈe-ˈɛ / z̥-s / æ̆-ɐ
{0: [0], 1: [1], 2: [2], 3: [3]}
{0: [0], 1: [1], 2: [2], 3: [3]}
SCORE: 23.436

-------------------

/b̥ˈid̥ə/ - /bˈɪtn̩/
b̥-b / ˈi-ˈɪ / d̥_ə-t_n
{0: [0], 1: [1], 2: [2, 3]}
{0: [0], 1: [1], 2: [2, 3]}
SCORE: 19.891

-------------------

/b̥ˈinə/ - /bˈɪndn̩/
b̥-b / ˈi-ˈɪ / n-n_d / ə-n
{0: [0], 1: [1], 2: [2], 3: [3]}
{0: [0], 1: [1], 2: [2, 3], 3: [4]}
SCORE: 16.664

-------------------

/b̥ˈiːd̥ə/ - /bˈiːtn̩/
b̥-b / ˈiː-ˈiː / d̥_ə-t_n
{0: [0], 1: [1], 2: [2, 3]}
{0: [0], 1: [1], 2: [2, 3]}
SCORE: 21.024

-------------------

/b̥ˈuːx/ - /bˈuːx/
b̥-b / ˈuː-ˈuː / x-x
{0: [0], 1: [1], 2: [2]}
{0: [0], 1: [1], 2: [2]}
SCORE: 20.848

-------------------

/b̥ˈæɐʃ/ - /bˈɛɐɡ̊/
b̥-b / ˈæ-ˈɛ / ɐ-ɐ / ʃ-ɡ̊
{0: [0], 1: [1], 2: [2], 3: [3]}
{0: [0], 1: [1], 2: [2], 3: [3]}
SCORE: 20.41

-------------------

/b̥ˈæːɐ/ - /bˈeːʁə/
b̥-b / ∅-ˈeː / ˈæː-ʁ / ɐ-ə
{0: [0], 1: None, 2: [1], 3: [2]}
{0: [0], 1: [1], 2: [2], 3: [3]}
SCORE: 3.649

-------------------

/b̥ˈæːɐ/ - /bˈɛːɐ/
b̥-b / ∅-ˈɛː / ˈæː-∅ / ɐ-ɐ
{0: [0], 1: None, 2: [1], 3: [2]}
{0: [0], 1: [1], 2: None, 3: [2]}
SCORE: 1.416

-------------------

/b̥ˈɑːd̥/ - /bˈaːd̥/
b̥-b / ˈɑː-ˈaː / d̥-d̥
{0: [0], 1: [1], 2: [2]}
{0: [0], 1: [1], 2: [2]}
SCORE: 17.454

-------------------

/d̥oːd̥/ - /tʰˈoːt/
d̥-tʰ / oː-ˈoː / d̥-t
{0: [0], 1: [1], 2: [2]}
{0: [0], 1: [1], 2: [2]}
SCORE: 11.435

-------------------

/d̥ˈau̯b̥/ - /tʰˈaʊ̯bə/
d̥-tʰ / ˈau̯-ˈaʊ̯ / b̥-b / ∅-ə
{0: [0], 1: [1], 2: [2], 3: None}
{0: [0], 1: [1], 2: [2], 3: [3]}
SCORE: 12.041

-------------------

/d̥ˈau̯mə/ - /dˈaʊ̯mən/
d̥-d / ˈau̯-ˈaʊ̯ / m-m / ə-ə / #>-n_#>
{0: [0], 1: [1], 2: [2], 3: [3], 4: None}
{0: [0], 1: [1], 2: [2], 3: [3], 4: [4]}
SCORE: 20.924

-------------------

/d̥ˈaːʃ/ - /tʰˈaɪ̯ɡ̊/
d̥-tʰ / ˈaː-ˈaɪ̯ / ʃ-ɡ̊
{0: [0], 1: [1], 2: [2]}
{0: [0], 1: [1], 2: [2]}
SCORE: 13.585

-------------------

/d̥ˈik/ - /dˈɪk/
d̥_ˈi-d_ˈɪ / k-k
{0: [0, 1], 1: [2]}
{0: [0, 1], 1: [2]}
SCORE: 18.133

-------------------

/d̥ˈin/ - /dˈʏn/
d̥-d / ˈi-ˈʏ / n-n
{0: [0], 1: [1], 2: [2]}
{0: [0], 1: [1], 2: [2]}
SCORE: 14.669

-------------------

/d̥ˈiŋ/ - /dˈɪŋ/
d̥_ˈi-d_ˈɪ / ŋ-ŋ
{0: [0, 1], 1: [2]}
{0: [0, 1], 1: [2]}
SCORE: 19.217

-------------------

/d̥ˈiːb̥/ - /dˈiːb̥/
d̥-d / ˈiː-ˈiː / b̥-b̥
{0: [0], 1: [1], 2: [2]}
{0: [0], 1: [1], 2: [2]}
SCORE: 18.294

-------------------

/d̥ˈiːf/ - /tʰˈiːf/
d̥-tʰ / ˈiː-ˈiː / f-f
{0: [0], 1: [1], 2: [2]}
{0: [0], 1: [1], 2: [2]}
SCORE: 17.185

-------------------

/d̥ˈiːɐ/ - /tʰˈiːɐ/
d̥-tʰ / ˈiː-ˈiː / ɐ-ɐ
{0: [0], 1: [1], 2: [2]}
{0: [0], 1: [1], 2: [2]}
SCORE: 16.508

-------------------

/d̥ˈoi̯tʃ/ - /dˈɔʏ̯tʃ/
d̥-d / ˈoi̯-ˈɔʏ̯ / t-t / ʃ-ʃ
{0: [0], 1: [1], 2: [2], 3: [3]}
{0: [0], 1: [1], 2: [2], 3: [3]}
SCORE: 22.835

-------------------

/d̥ˈoi̯æ̆/ - /tʰˈɔʏ̯ɐ/
d̥-tʰ / ˈoi̯-ˈɔʏ̯ / æ̆-ɐ
{0: [0], 1: [1], 2: [2]}
{0: [0], 1: [1], 2: [2]}
SCORE: 17.508

-------------------

/d̥ˈonæ̆/ - /dˈɔnɐ/
d̥-d / ˈo-ˈɔ / n-n / æ̆-ɐ
{0: [0], 1: [1], 2: [2], 3: [3]}
{0: [0], 1: [1], 2: [2], 3: [3]}
SCORE: 21.081

-------------------

/d̥ˈuː/ - /dˈuː/
d̥-d / ˈuː-ˈuː
{0: [0], 1: [1]}
{0: [0], 1: [1]}
SCORE: 12.738

-------------------

/d̥ˈæɐ/ - /dˈʏɐ/
d̥-d / ∅-ˈʏ / ˈæ_ɐ-ɐ
{0: [0], 1: None, 2: [1, 2]}
{0: [0], 1: [1], 2: [2]}
SCORE: 0.835

-------------------

/d̥ˈɑŋɡ̊ə/ - /dˈaŋkn̩/
d̥-d / ˈɑ-ˈa / ŋ-ŋ / ɡ̊-k / ə-n
{0: [0], 1: [1], 2: [2], 3: [3], 4: [4]}
{0: [0], 1: [1], 2: [2], 3: [3], 4: [4]}
SCORE: 24.805

-------------------

/d̥ˈɑːɣ̊/ - /tʰˈaːɡ̊/
d̥-tʰ / ˈɑː-ˈaː / ∅-ɡ̊ / ɣ̊-∅
{0: [0], 1: [1], 2: None, 3: [2]}
{0: [0], 1: [1], 2: [2], 3: None}
SCORE: 1.59

-------------------

/d̥ˈɔɐn/ - /dˈɔɐn/
d̥-d / ˈɔ-ˈɔ / ɐ_n-ɐ_n
{0: [0], 1: [1], 2: [2, 3]}
{0: [0], 1: [1], 2: [2, 3]}
SCORE: 21.516

-------------------

/d̥ˈɔɐʃd̥/ - /dˈʊɐst/
d̥-d / ˈɔ-ˈʊ / ɐ-ɐ / ∅-s / ʃ_d̥-t
{0: [0], 1: [1], 2: [2], 3: None, 4: [3, 4]}
{0: [0], 1: [1], 2: [2], 3: [3], 4: [4]}
SCORE: 10.822

-------------------

/flˈaːʃ/ - /flˈaɪ̯ʃ/
f-f / l-l / ˈaː-ˈaɪ̯ / ʃ-ʃ
{0: [0], 1: [1], 2: [2], 3: [3]}
{0: [0], 1: [1], 2: [2], 3: [3]}
SCORE: 21.638

-------------------

/flˈiʃt/ - /p͡flˈɪçt/
f-p͡f / l-l / ˈi-ˈɪ / ʃ-ç / t-t
{0: [0], 1: [1], 2: [2], 3: [3], 4: [4]}
{0: [0], 1: [1], 2: [2], 3: [3], 4: [4]}
SCORE: 23.97

-------------------

/flˈiːjə/ - /flˈiːɡn̩/
f-f / l-l / ˈiː-ˈiː / j-ɡ / ə-n
{0: [0], 1: [1], 2: [2], 3: [3], 4: [4]}
{0: [0], 1: [1], 2: [2], 3: [3], 4: [4]}
SCORE: 20.295

-------------------

/flˈuːx/ - /p͡flˈuːɡ̊/
f-p͡f / l-l / ˈuː-ˈuː / ∅-ɡ̊ / x-∅
{0: [0], 1: [1], 2: [2], 3: None, 4: [3]}
{0: [0], 1: [1], 2: [2], 3: [3], 4: None}
SCORE: 6.077

-------------------

/fæ̆/ - /fˈyːɐ/
f-f_ˈyː / æ̆-ɐ
{0: [0], 1: [1]}
{0: [0, 1], 1: [2]}
SCORE: 8.738

-------------------

/fʀˈai̯/ - /fʁˈaɪ̯/
f-f / ʀ-ʁ / ˈai̯-ˈaɪ̯
{0: [0], 1: [1], 2: [2]}
{0: [0], 1: [1], 2: [2]}
SCORE: 17.602

-------------------

/fʀˈaː/ - /fʁˈaʊ̯/
f-f / ʀ-ʁ / ˈaː-ˈaʊ̯
{0: [0], 1: [1], 2: [2]}
{0: [0], 1: [1], 2: [2]}
SCORE: 16.215

-------------------

/fʀˈiʃ/ - /fʁˈɪʃ/
f-f / ʀ-ʁ / ˈi-ˈɪ / ʃ-ʃ
{0: [0], 1: [1], 2: [2], 3: [3]}
{0: [0], 1: [1], 2: [2], 3: [3]}
SCORE: 21.566

-------------------

/fʀˈiːɐn/ - /fʁˈiːʁən/
f-f / ʀ-ʁ / ˈiː-ˈiː / ɐ-ʁ_ə / n-n
{0: [0], 1: [1], 2: [2], 3: [3], 4: [4]}
{0: [0], 1: [1], 2: [2], 3: [3, 4], 4: [5]}
SCORE: 24.334

-------------------

/fʀˈoi̯nd̥/ - /fʁˈɔʏ̯nd̥/
f-f / ʀ-ʁ / ˈoi̯-ˈɔʏ̯ / n-n / d̥-d̥
{0: [0], 1: [1], 2: [2], 3: [3], 4: [4]}
{0: [0], 1: [1], 2: [2], 3: [3], 4: [4]}
SCORE: 26.983

-------------------

/fˈad̥æ̆/ - /fˈaːtɐ/
f-f / ∅-ˈaː / ˈa-∅ / d̥-t / æ̆-ɐ
{0: [0], 1: None, 2: [1], 3: [2], 4: [3]}
{0: [0], 1: [1], 2: None, 3: [2], 4: [3]}
SCORE: 5.324

-------------------

/fˈest/ - /fˈɛst/
f-f / ˈe-ˈɛ / s-s / t-t
{0: [0], 1: [1], 2: [2], 3: [3]}
{0: [0], 1: [1], 2: [2], 3: [3]}
SCORE: 21.959

-------------------

/fˈimf/ - /fˈʏnf/
f-f / ˈi-ˈʏ / ∅-n / m-∅ / f-f
{0: [0], 1: [1], 2: None, 3: [2], 4: [3]}
{0: [0], 1: [1], 2: [2], 3: None, 4: [3]}
SCORE: 7.231

-------------------

/fˈinə/ - /fˈɪndn̩/
f-f / ˈi-ˈɪ / n-n_d / ə-n
{0: [0], 1: [1], 2: [2], 3: [3]}
{0: [0], 1: [1], 2: [2, 3], 3: [4]}
SCORE: 16.821

-------------------

/fˈiŋæ̆/ - /fˈɪŋɐ/
f-f / ˈi-ˈɪ / ŋ-ŋ / æ̆-ɐ
{0: [0], 1: [1], 2: [2], 3: [3]}
{0: [0], 1: [1], 2: [2], 3: [3]}
SCORE: 24.028

-------------------

/fˈiʃ/ - /fˈɪʃ/
f-f / ˈi-ˈɪ / ʃ-ʃ
{0: [0], 1: [1], 2: [2]}
{0: [0], 1: [1], 2: [2]}
SCORE: 17.242

-------------------

/fˈiːlə/ - /fˈyːln̩/
f-f / ˈiː-ˈyː / l-l / ə-n
{0: [0], 1: [1], 2: [2], 3: [3]}
{0: [0], 1: [1], 2: [2], 3: [3]}
SCORE: 16.215

-------------------

/fˈiːɐ/ - /fˈiːɐ/
f-f / ˈiː-ˈiː / ɐ-ɐ
{0: [0], 1: [1], 2: [2]}
{0: [0], 1: [1], 2: [2]}
SCORE: 17.908

-------------------

/fˈoi̯s/ - /fˈyːsə/
f-f_ˈyː / ˈoi̯-∅ / s-s / ∅-ə
{0: [0], 1: [1], 2: [2], 3: None}
{0: [0, 1], 1: None, 2: [2], 3: [3]}
SCORE: -1.53

-------------------

/fˈoi̯æ̆/ - /fˈɔʏ̯ɐ/
f-f / ˈoi̯-ˈɔʏ̯ / æ̆-ɐ
{0: [0], 1: [1], 2: [2]}
{0: [0], 1: [1], 2: [2]}
SCORE: 18.908

-------------------

/fˈol/ - /fˈɔl/
f-f / ˈo-ˈɔ / l-l
{0: [0], 1: [1], 2: [2]}
{0: [0], 1: [1], 2: [2]}
SCORE: 18.509

-------------------

/fˈoːɣ̊l̩/ - /fˈoːɡl̩/
f-f / ˈoː-ˈoː / ɣ̊-ɡ / l-l
{0: [0], 1: [1], 2: [2], 3: [3]}
{0: [0], 1: [1], 2: [2], 3: [3]}
SCORE: 23.36

-------------------

/fˈuks/ - /fˈʊks/
f-f / ˈu-ˈʊ / k-k / s-s
{0: [0], 1: [1], 2: [2], 3: [3]}
{0: [0], 1: [1], 2: [2], 3: [3]}
SCORE: 24.072

-------------------

/fˈuːs/ - /fˈuːs/
f-f / ˈuː-ˈuː / s-s
{0: [0], 1: [1], 2: [2]}
{0: [0], 1: [1], 2: [2]}
SCORE: 18.284

-------------------

/fˈɛd̥æ̆/ - /fˈeːdɐ/
f-f / ˈɛ-ˈeː / d̥-d / æ̆-ɐ
{0: [0], 1: [1], 2: [2], 3: [3]}
{0: [0], 1: [1], 2: [2], 3: [3]}
SCORE: 20.984

-------------------

/hˈai̯liʃ/ - /hˈaɪ̯lɪç/
h-h / ˈai̯-ˈaɪ̯ / l-l / i-ɪ / ʃ-ç
{0: [0], 1: [1], 2: [2], 3: [3], 4: [4]}
{0: [0], 1: [1], 2: [2], 3: [3], 4: [4]}
SCORE: 32.863

-------------------

/hˈalb̥/ - /hˈalb̥/
h-h / ˈa-ˈa / l-l / b̥-b̥
{0: [0], 1: [1], 2: [2], 3: [3]}
{0: [0], 1: [1], 2: [2], 3: [3]}
SCORE: 24.445

-------------------

/hˈau̯d̥/ - /hˈaʊ̯t/
h-h / ˈau̯-ˈaʊ̯ / d̥-t
{0: [0], 1: [1], 2: [2]}
{0: [0], 1: [1], 2: [2]}
SCORE: 18.001

-------------------

/hˈau̯s/ - /hˈaʊ̯z̥/
h-h / ˈau̯-ˈaʊ̯ / s-z̥
{0: [0], 1: [1], 2: [2]}
{0: [0], 1: [1], 2: [2]}
SCORE: 19.138

-------------------

/hˈaːm/ - /hˈaɪ̯m/
h-h / ˈaː-ˈaɪ̯ / m-m
{0: [0], 1: [1], 2: [2]}
{0: [0], 1: [1], 2: [2]}
SCORE: 18.457

-------------------

/hˈoːniʃ/ - /hˈoːnɪç/
h-h / ˈoː-ˈoː / n-n / i-ɪ / ʃ-ç
{0: [0], 1: [1], 2: [2], 3: [3], 4: [4]}
{0: [0], 1: [1], 2: [2], 3: [3], 4: [4]}
SCORE: 32.278

-------------------

/hˈoːx/ - /hˈoːx/
h-h / ˈoː-ˈoː / x-x
{0: [0], 1: [1], 2: [2]}
{0: [0], 1: [1], 2: [2]}
SCORE: 21.898

-------------------

/hˈund̥/ - /hˈʊnd̥/
h-h / ˈu-ˈʊ / n-n / d̥-d̥
{0: [0], 1: [1], 2: [2], 3: [3]}
{0: [0], 1: [1], 2: [2], 3: [3]}
SCORE: 23.05

-------------------

/hˈunæ̆t/ - /hˈʊndɐt/
h-h / ˈu-ˈʊ / n-n_d / æ̆-ɐ / t-t
{0: [0], 1: [1], 2: [2], 3: [3], 4: [4]}
{0: [0], 1: [1], 2: [2, 3], 3: [4], 4: [5]}
SCORE: 27.452

-------------------

/hˈæɐʦ/ - /hˈɛɐʦ/
h-h / ˈæ-ˈɛ / ɐ-ɐ / ʦ-ʦ
{0: [0], 1: [1], 2: [2], 3: [3]}
{0: [0], 1: [1], 2: [2], 3: [3]}
SCORE: 24.94

-------------------

/hˈæːɐn/ - /hˈøːʁən/
h-h / ˈæː-ˈøː / ɐ-ʁ_ə / n-n
{0: [0], 1: [1], 2: [2], 3: [3]}
{0: [0], 1: [1], 2: [2, 3], 3: [4]}
SCORE: 17.482

-------------------

/hˈɑnd̥/ - /hˈand̥/
h-h / ˈɑ-ˈa / n-n / d̥-d̥
{0: [0], 1: [1], 2: [2], 3: [3]}
{0: [0], 1: [1], 2: [2], 3: [3]}
SCORE: 21.758

-------------------

/hˈɑvə/ - /hˈaːbn̩/
h-h / ˈɑ-ˈaː / v_ə-b_n
{0: [0], 1: [1], 2: [2, 3]}
{0: [0], 1: [1], 2: [2, 3]}
SCORE: 17.542

-------------------

/hˈɑː/ - /hˈaːɐ/
h-h / ˈɑː-ˈaː / ∅-ɐ
{0: [0], 1: [1], 2: None}
{0: [0], 1: [1], 2: [2]}
SCORE: 9.02

-------------------

/hˈɑːs/ - /hˈaːzə/
h-h / ˈɑː-ˈaː / s-z / ∅-ə
{0: [0], 1: [1], 2: [2], 3: None}
{0: [0], 1: [1], 2: [2], 3: [3]}
SCORE: 13.943

-------------------

/hˈɔɐn/ - /hˈɔɐn/
h-h / ˈɔ-ˈɔ / ɐ_n-ɐ_n
{0: [0], 1: [1], 2: [2, 3]}
{0: [0], 1: [1], 2: [2, 3]}
SCORE: 23.659

-------------------

/hˈɛlv̥ə/ - /hˈɛlfn̩/
h-h / ˈɛ-ˈɛ / l-l / v̥_ə-f_n
{0: [0], 1: [1], 2: [2], 3: [3, 4]}
{0: [0], 1: [1], 2: [2], 3: [3, 4]}
SCORE: 25.66

-------------------

/jˈuŋ/ - /jˈʊŋ/
j-j / ˈu-ˈʊ / ŋ-ŋ
{0: [0], 1: [1], 2: [2]}
{0: [0], 1: [1], 2: [2]}
SCORE: 23.865

-------------------

/jˈɑː/ - /jˈaːɐ/
j-j / ˈɑː-ˈaː / ∅-ɐ
{0: [0], 1: [1], 2: None}
{0: [0], 1: [1], 2: [2]}
SCORE: 11.133

-------------------

/knˈiː/ - /kʰnˈiː/
k_n-kʰ_n / ˈiː-ˈiː
{0: [0, 1], 1: [2]}
{0: [0, 1], 1: [2]}
SCORE: 14.943

-------------------

/knˈoːd̥ə/ - /kʰnˈoːtn̩/
k_n-kʰ_n / ˈoː-ˈoː / d̥_ə-t_n
{0: [0, 1], 1: [2], 2: [3, 4]}
{0: [0, 1], 1: [2], 2: [3, 4]}
SCORE: 23.23

-------------------

/kʀˈĩː/ - /ɡʁˈyːn/
k-ɡ / ʀ-ʁ / ˈĩː-ˈyː_n
{0: [0], 1: [1], 2: [2]}
{0: [0], 1: [1], 2: [2, 3]}
SCORE: 18.99

-------------------

/kʀˈoːs/ - /ɡʁˈoːs/
k-ɡ / ʀ-ʁ / ˈoː-ˈoː / s-s
{0: [0], 1: [1], 2: [2], 3: [3]}
{0: [0], 1: [1], 2: [2], 3: [3]}
SCORE: 21.419

-------------------

/kʀˈɑːs/ - /ɡʁˈaːz̥/
k-ɡ / ʀ-ʁ / ˈɑː-ˈaː / s-z̥
{0: [0], 1: [1], 2: [2], 3: [3]}
{0: [0], 1: [1], 2: [2], 3: [3]}
SCORE: 21.053

-------------------

/kʰˈalb̥/ - /kʰˈalb̥/
kʰ-kʰ / ˈa-ˈa / l-l / b̥-b̥
{0: [0], 1: [1], 2: [2], 3: [3]}
{0: [0], 1: [1], 2: [2], 3: [3]}
SCORE: 24.657

-------------------

/kʰˈaʦ/ - /kʰˈaʦə/
kʰ-kʰ / ˈa-ˈa / ʦ-ʦ / ∅-ə
{0: [0], 1: [1], 2: [2], 3: None}
{0: [0], 1: [1], 2: [2], 3: [3]}
SCORE: 15.316

-------------------

/kʰˈaːl/ - /kʰˈalt/
kʰ-kʰ / ˈaː-ˈa / l-l_t
{0: [0], 1: [1], 2: [2]}
{0: [0], 1: [1], 2: [2, 3]}
SCORE: 9.6

-------------------

/kʰˈenə/ - /kʰˈœnən/
kʰ-kʰ / ˈe-ˈœ / n-n / ə-ə / #>-n_#>
{0: [0], 1: [1], 2: [2], 3: [3], 4: None}
{0: [0], 1: [1], 2: [2], 3: [3], 4: [4]}
SCORE: 19.73

-------------------

/kʰˈenə/ - /kʰˈɛnən/
kʰ-kʰ / ˈe-ˈɛ / n-n / ə-ə / #>-n_#>
{0: [0], 1: [1], 2: [2], 3: [3], 4: None}
{0: [0], 1: [1], 2: [2], 3: [3], 4: [4]}
SCORE: 20.939

-------------------

/kʰˈeːniʃ/ - /kʰˈøːnɪç/
kʰ-kʰ / ∅-ˈøː / ˈeː-∅ / n-n / i-ɪ / ʃ-ç
{0: [0], 1: None, 2: [1], 3: [2], 4: [3], 5: [4]}
{0: [0], 1: [1], 2: None, 3: [2], 4: [3], 5: [4]}
SCORE: 15.747

-------------------

/kʰˈeːs/ - /kʰˈɛːzə/
kʰ-kʰ / ∅-ˈɛː / ˈeː-∅ / s-z / ∅-ə
{0: [0], 1: None, 2: [1], 3: [2], 4: None}
{0: [0], 1: [1], 2: None, 3: [2], 4: [3]}
SCORE: -1.866

-------------------

/kʰˈind̥/ - /kʰˈɪnd̥/
kʰ-kʰ / ˈi-ˈɪ / n-n / d̥-d̥
{0: [0], 1: [1], 2: [2], 3: [3]}
{0: [0], 1: [1], 2: [2], 3: [3]}
SCORE: 21.866

-------------------

/kʰˈomə/ - /kʰˈɔmən/
kʰ-kʰ / ˈo-ˈɔ / m-m / ə-ə / #>-n_#>
{0: [0], 1: [1], 2: [2], 3: [3], 4: None}
{0: [0], 1: [1], 2: [2], 3: [3], 4: [4]}
SCORE: 23.62

-------------------

/kʰˈop/ - /kʰˈɔp͡f/
kʰ-kʰ / ˈo-ˈɔ / ∅-p͡f / p-∅
{0: [0], 1: [1], 2: None, 3: [2]}
{0: [0], 1: [1], 2: [2], 3: None}
SCORE: 4.901

-------------------

/kʰˈuː/ - /kʰˈuː/
kʰ-kʰ / ˈuː-ˈuː
{0: [0], 1: [1]}
{0: [0], 1: [1]}
SCORE: 15.093

-------------------

/kʰˈæɐʃ/ - /kʰˈɪɐçə/
kʰ-kʰ / ∅-ˈɪ / ˈæ_ɐ-ɐ / ʃ-ç / ∅-ə
{0: [0], 1: None, 2: [1, 2], 3: [3], 4: None}
{0: [0], 1: [1], 2: [2], 3: [3], 4: [4]}
SCORE: 3.095

-------------------

/kʰˈɔɐn/ - /kʰˈɔɐn/
kʰ-kʰ / ˈɔ-ˈɔ / ɐ_n-ɐ_n
{0: [0], 1: [1], 2: [2, 3]}
{0: [0], 1: [1], 2: [2, 3]}
SCORE: 23.871

-------------------

/lˈai̯ʃt/ - /lˈaɪ̯çt/
l-l / ˈai̯-ˈaɪ̯ / ʃ-ç / t-t
{0: [0], 1: [1], 2: [2], 3: [3]}
{0: [0], 1: [1], 2: [2], 3: [3]}
SCORE: 22.421

-------------------

/lˈau̯s/ - /lˈaʊ̯z̥/
l-l / ˈau̯-ˈaʊ̯ / s-z̥
{0: [0], 1: [1], 2: [2]}
{0: [0], 1: [1], 2: [2]}
SCORE: 17.676

-------------------

/lˈaɣ̊ə/ - /lˈaxn̩/
l-l / ˈa-ˈa / ɣ̊-x / ə-n
{0: [0], 1: [1], 2: [2], 3: [3]}
{0: [0], 1: [1], 2: [2], 3: [3]}
SCORE: 19.158

-------------------

/lˈaːb̥/ - /lˈaʊ̯b̥/
l-l / ˈaː-ˈaʊ̯ / b̥-b̥
{0: [0], 1: [1], 2: [2]}
{0: [0], 1: [1], 2: [2]}
SCORE: 17.563

-------------------

/lˈaːv̥ə/ - /lˈaʊ̯fn̩/
l-l / ˈaː-ˈaʊ̯ / v̥_ə-f_n
{0: [0], 1: [1], 2: [2, 3]}
{0: [0], 1: [1], 2: [2, 3]}
SCORE: 18.811

-------------------

/lˈiʃt/ - /lˈɪçt/
l-l / ˈi-ˈɪ / ʃ-ç / t-t
{0: [0], 1: [1], 2: [2], 3: [3]}
{0: [0], 1: [1], 2: [2], 3: [3]}
SCORE: 21.312

-------------------

/lˈiʒ̊ə/ - /lˈyːɡn̩/
l-l / ˈi-ˈyː / ʒ̊-ɡ / ə-n
{0: [0], 1: [1], 2: [2], 3: [3]}
{0: [0], 1: [1], 2: [2], 3: [3]}
SCORE: 11.388

-------------------

/lˈiːb̥/ - /lˈiːb̥/
l-l / ˈiː-ˈiː / b̥-b̥
{0: [0], 1: [1], 2: [2]}
{0: [0], 1: [1], 2: [2]}
SCORE: 18.975

-------------------

/lˈiːjə/ - /lˈiːɡn̩/
l-l / ˈiː-ˈiː / j-ɡ / ə-n
{0: [0], 1: [1], 2: [2], 3: [3]}
{0: [0], 1: [1], 2: [2], 3: [3]}
SCORE: 15.014

-------------------

/lˈɑnd̥/ - /lˈand̥/
l-l / ˈɑ-ˈa / n-n / d̥-d̥
{0: [0], 1: [1], 2: [2], 3: [3]}
{0: [0], 1: [1], 2: [2], 3: [3]}
SCORE: 20.297

-------------------

/lˈɑŋ/ - /lˈaŋ/
l-l / ˈɑ-ˈa / ŋ-ŋ
{0: [0], 1: [1], 2: [2]}
{0: [0], 1: [1], 2: [2]}
SCORE: 18.999

-------------------

/lˈɛvæ̆/ - /lˈeːbɐ/
l-l / ˈɛ-ˈeː / v_æ̆-b_ɐ
{0: [0], 1: [1], 2: [2, 3]}
{0: [0], 1: [1], 2: [2, 3]}
SCORE: 21.411

-------------------

/mæ̆/ - /mˈiːɐ/
m-m / ∅-ˈiː / æ̆-ɐ
{0: [0], 1: None, 2: [1]}
{0: [0], 1: [1], 2: [2]}
SCORE: 7.101

-------------------

/mˈau̯l/ - /mˈaʊ̯l/
m-m / ˈau̯-ˈaʊ̯ / l-l
{0: [0], 1: [1], 2: [2]}
{0: [0], 1: [1], 2: [2]}
SCORE: 18.598

-------------------

/mˈau̯s/ - /mˈaʊ̯z̥/
m-m / ˈau̯-ˈaʊ̯ / s-z̥
{0: [0], 1: [1], 2: [2]}
{0: [0], 1: [1], 2: [2]}
SCORE: 18.538

-------------------

/mˈenʤ̥/ - /mˈɛnʃ/
m-m / ˈe-ˈɛ / n-n / ∅-ʃ / ʤ̥-∅
{0: [0], 1: [1], 2: [2], 3: None, 4: [3]}
{0: [0], 1: [1], 2: [2], 3: [3], 4: None}
SCORE: 7.119

-------------------

/mˈik/ - /mˈʏkə/
m-m / ˈi-ˈʏ / k-k_ə
{0: [0], 1: [1], 2: [2]}
{0: [0], 1: [1], 2: [2, 3]}
SCORE: 18.268

-------------------

/mˈilʤ̥/ - /mˈɪlç/
m-m / ˈi-ˈɪ / l-l / ʤ̥-ç
{0: [0], 1: [1], 2: [2], 3: [3]}
{0: [0], 1: [1], 2: [2], 3: [3]}
SCORE: 19.317

-------------------

/mˈiʃ/ - /mˈɪç/
m-m / ˈi-ˈɪ / ʃ-ç
{0: [0], 1: [1], 2: [2]}
{0: [0], 1: [1], 2: [2]}
SCORE: 17.505

-------------------

/mˈiːɐ/ - /vˈiːɐ/
∅-v / m-∅ / ˈiː-ˈiː / ɐ-ɐ
{0: None, 1: [0], 2: [1], 3: [2]}
{0: [0], 1: None, 2: [1], 3: [2]}
SCORE: 2.626

-------------------

/mˈoi̯s/ - /mˈɔʏ̯zə/
m-m / ˈoi̯-ˈɔʏ̯ / s-z / ∅-ə
{0: [0], 1: [1], 2: [2], 3: None}
{0: [0], 1: [1], 2: [2], 3: [3]}
SCORE: 14.559

-------------------

/mˈoːnd̥/ - /mˈoːnd̥/
m-m / ˈoː-ˈoː / n-n / d̥-d̥
{0: [0], 1: [1], 2: [2], 3: [3]}
{0: [0], 1: [1], 2: [2], 3: [3]}
SCORE: 22.596

-------------------

/mˈoːnɑt/ - /mˈoːnat/
m-m / ˈoː-ˈoː / n-n / ɑ-a / t-t
{0: [0], 1: [1], 2: [2], 3: [3], 4: [4]}
{0: [0], 1: [1], 2: [2], 3: [3], 4: [4]}
SCORE: 26.019

-------------------

/mˈud̥æ̆/ - /mˈʊtɐ/
m-m / ˈu-ˈʊ / d̥-t / æ̆-ɐ
{0: [0], 1: [1], 2: [2], 3: [3]}
{0: [0], 1: [1], 2: [2], 3: [3]}
SCORE: 22.352

-------------------

/mˈɑn/ - /mˈan/
m-m / ˈɑ-ˈa / n-n
{0: [0], 1: [1], 2: [2]}
{0: [0], 1: [1], 2: [2]}
SCORE: 16.536

-------------------

/mˈɑxt/ - /mˈaxt/
m-m / ˈɑ-ˈa / x-x / t-t
{0: [0], 1: [1], 2: [2], 3: [3]}
{0: [0], 1: [1], 2: [2], 3: [3]}
SCORE: 24.528

-------------------

/nˈaɡ̊ʃ/ - /nˈakt/
n-n / ˈa-ˈa / ɡ̊-k / ʃ-t
{0: [0], 1: [1], 2: [2], 3: [3]}
{0: [0], 1: [1], 2: [2], 3: [3]}
SCORE: 17.056

-------------------

/nˈoĩ̯/ - /nˈɔʏ̯n/
n-n / ˈoĩ̯-ˈɔʏ̯_n
{0: [0], 1: [1]}
{0: [0], 1: [1, 2]}
SCORE: 10.372

-------------------

/nˈoi̯/ - /nˈɔʏ̯/
n-n / ˈoi̯-ˈɔʏ̯
{0: [0], 1: [1]}
{0: [0], 1: [1]}
SCORE: 12.757

-------------------

/nˈus/ - /nˈʊs/
n-n / ˈu-ˈʊ / s-s
{0: [0], 1: [1], 2: [2]}
{0: [0], 1: [1], 2: [2]}
SCORE: 16.55

-------------------

/nˈɑmə/ - /nˈaːmə/
n-n / ˈɑ-ˈaː / m-m / ə-ə
{0: [0], 1: [1], 2: [2], 3: [3]}
{0: [0], 1: [1], 2: [2], 3: [3]}
SCORE: 17.154

-------------------

/nˈɑxt/ - /nˈaxt/
n-n / ˈɑ-ˈa / x-x / t-t
{0: [0], 1: [1], 2: [2], 3: [3]}
{0: [0], 1: [1], 2: [2], 3: [3]}
SCORE: 22.648

-------------------

/nˈɑːd̥l̩/ - /nˈaːdl̩/
n-n / ˈɑː-ˈaː / d̥-d / l-l
{0: [0], 1: [1], 2: [2], 3: [3]}
{0: [0], 1: [1], 2: [2], 3: [3]}
SCORE: 20.56

-------------------

/nˈɑːs/ - /nˈaːzə/
n-n / ˈɑː-ˈaː / s-z / ∅-ə
{0: [0], 1: [1], 2: [2], 3: None}
{0: [0], 1: [1], 2: [2], 3: [3]}
SCORE: 11.463

-------------------

/nˈɑːɣ̊l̩/ - /nˈaːɡl̩/
n-n / ˈɑː-ˈaː / ɣ̊-ɡ / l-l
{0: [0], 1: [1], 2: [2], 3: [3]}
{0: [0], 1: [1], 2: [2], 3: [3]}
SCORE: 21.189

-------------------

/nˈɛks/ - /nˈɛːçstə/
n-n / ∅-ˈɛː / ∅-ç / ˈɛ-∅ / k-∅ / s-s / ∅-t / ∅-ə
{0: [0], 1: None, 2: None, 3: [1], 4: [2], 5: [3], 6: None, 7: None}
{0: [0], 1: [1], 2: [2], 3: None, 4: None, 5: [3], 6: [4], 7: [5]}
SCORE: -20.047

-------------------

/plˈad̥/ - /blˈat/
p-b / l-l / ˈa-ˈa / d̥-t
{0: [0], 1: [1], 2: [2], 3: [3]}
{0: [0], 1: [1], 2: [2], 3: [3]}
SCORE: 21.238

-------------------

/plˈum/ - /blˈuːmə/
p-b / l-l / ˈu-ˈuː / m-m / ∅-ə
{0: [0], 1: [1], 2: [2], 3: [3], 4: None}
{0: [0], 1: [1], 2: [2], 3: [3], 4: [4]}
SCORE: 15.672

-------------------

/plˈuːd̥/ - /blˈuːt/
p-b / l-l / ˈuː-ˈuː / d̥-t
{0: [0], 1: [1], 2: [2], 3: [3]}
{0: [0], 1: [1], 2: [2], 3: [3]}
SCORE: 22.627

-------------------

/pʀˈau̯ə/ - /bʁˈaʊ̯ən/
p-b / ʀ-ʁ / ˈau̯-ˈaʊ̯ / ə-ə / #>-n_#>
{0: [0], 1: [1], 2: [2], 3: [3], 4: None}
{0: [0], 1: [1], 2: [2], 3: [3], 4: [4]}
SCORE: 20.921

-------------------

/pʀˈik/ - /bʁˈʏkə/
p-b / ʀ-ʁ / ˈi-ˈʏ / k-k_ə
{0: [0], 1: [1], 2: [2], 3: [3]}
{0: [0], 1: [1], 2: [2], 3: [3, 4]}
SCORE: 22.435

-------------------

/pʀˈoːd̥/ - /bʁˈoːt/
p-b / ʀ-ʁ / ˈoː-ˈoː / d̥-t
{0: [0], 1: [1], 2: [2], 3: [3]}
{0: [0], 1: [1], 2: [2], 3: [3]}
SCORE: 21.962

-------------------

/pʀˈust/ - /bʁˈʊst/
p-b / ʀ-ʁ / ˈu-ˈʊ / s-s / t-t
{0: [0], 1: [1], 2: [2], 3: [3], 4: [4]}
{0: [0], 1: [1], 2: [2], 3: [3], 4: [4]}
SCORE: 27.265

-------------------

/pʀˈuːd̥æ̆/ - /bʁˈuːdɐ/
p-b / ʀ-ʁ / ˈuː-ˈuː / d̥-d / æ̆-ɐ
{0: [0], 1: [1], 2: [2], 3: [3], 4: [4]}
{0: [0], 1: [1], 2: [2], 3: [3], 4: [4]}
SCORE: 27.319

-------------------

/pʰˈɑːd̥/ - /p͡fˈaːd̥/
pʰ-p͡f / ˈɑː-ˈaː / d̥-d̥
{0: [0], 1: [1], 2: [2]}
{0: [0], 1: [1], 2: [2]}
SCORE: 17.29

-------------------

/svˈesd̥æ̆/ - /ʃvˈɛstɐ/
∅-ʃ / s-∅ / v-v / ˈe-ˈɛ / s-s / d̥-t / æ̆-ɐ
{0: None, 1: [0], 2: [1], 3: [2], 4: [3], 5: [4], 6: [5]}
{0: [0], 1: None, 2: [1], 3: [2], 4: [3], 5: [4], 6: [5]}
SCORE: 15.744

-------------------

/sˈalʣ̥/ - /zˈalʦ/
s-z / ˈa-ˈa / l-l / ʣ̥-ʦ
{0: [0], 1: [1], 2: [2], 3: [3]}
{0: [0], 1: [1], 2: [2], 3: [3]}
SCORE: 19.223

-------------------

/sˈau̯/ - /zˈaʊ̯/
s-z / ˈau̯-ˈaʊ̯
{0: [0], 1: [1]}
{0: [0], 1: [1]}
SCORE: 12.958

-------------------

/sˈau̯æ̆/ - /zˈaʊ̯ɐ/
s-z / ˈau̯-ˈaʊ̯ / æ̆-ɐ
{0: [0], 1: [1], 2: [2]}
{0: [0], 1: [1], 2: [2]}
SCORE: 17.661

-------------------

/sˈau̯ɣ̊ə/ - /zˈaʊ̯ɡn̩/
s-z / ˈau̯-ˈaʊ̯ / ɣ̊-ɡ / ə-n
{0: [0], 1: [1], 2: [2], 3: [3]}
{0: [0], 1: [1], 2: [2], 3: [3]}
SCORE: 18.923

-------------------

/sˈeː/ - /zˈeː/
s-z / ˈeː-ˈeː
{0: [0], 1: [1]}
{0: [0], 1: [1]}
SCORE: 13.195

-------------------

/sˈeːjə/ - /zˈeːən/
s-z / ˈeː-ˈeː / j-∅ / ə-ə / #>-n_#>
{0: [0], 1: [1], 2: [2], 3: [3], 4: None}
{0: [0], 1: [1], 2: None, 3: [2], 4: [3]}
SCORE: 11.202

-------------------

/sˈeːl/ - /zˈeːlə/
s-z / ˈeː-ˈeː / l-l / ∅-ə
{0: [0], 1: [1], 2: [2], 3: None}
{0: [0], 1: [1], 2: [2], 3: [3]}
SCORE: 13.046

-------------------

/sˈivə/ - /zˈiːbn̩/
s-z / ∅-ˈiː / ˈi-∅ / v_ə-b_n
{0: [0], 1: None, 2: [1], 3: [2, 3]}
{0: [0], 1: [1], 2: None, 3: [2, 3]}
SCORE: 3.743

-------------------

/sˈiŋə/ - /zˈɪŋən/
s-z / ˈi-ˈɪ / ŋ-ŋ / ə-ə / #>-n_#>
{0: [0], 1: [1], 2: [2], 3: [3], 4: None}
{0: [0], 1: [1], 2: [2], 3: [3], 4: [4]}
SCORE: 21.974

-------------------

/sˈiʦə/ - /zˈɪʦn̩/
s-z / ˈi-ˈɪ / ʦ-ʦ / ə-n
{0: [0], 1: [1], 2: [2], 3: [3]}
{0: [0], 1: [1], 2: [2], 3: [3]}
SCORE: 19.59

-------------------

/sˈiːs/ - /zˈyːs/
s-z / ˈiː-ˈyː / s-s
{0: [0], 1: [1], 2: [2]}
{0: [0], 1: [1], 2: [2]}
SCORE: 14.272

-------------------

/sˈomæ̆/ - /zˈɔmɐ/
s-z / ˈo-ˈɔ / m-m / æ̆-ɐ
{0: [0], 1: [1], 2: [2], 3: [3]}
{0: [0], 1: [1], 2: [2], 3: [3]}
SCORE: 23.714

-------------------

/sˈõː/ - /zˈoːn/
s-z / ˈõː-ˈoː / #>-n_#>
{0: [0], 1: [1], 2: None}
{0: [0], 1: [1], 2: [2]}
SCORE: 12.625

-------------------

/sˈuɣ̊ə/ - /zˈuːxn̩/
s-z / ˈu-ˈuː / ɣ̊-x / ə-n
{0: [0], 1: [1], 2: [2], 3: [3]}
{0: [0], 1: [1], 2: [2], 3: [3]}
SCORE: 16.605

-------------------

/sˈɑnd̥/ - /zˈand̥/
s-z / ˈɑ-ˈa / n-n / d̥-d̥
{0: [0], 1: [1], 2: [2], 3: [3]}
{0: [0], 1: [1], 2: [2], 3: [3]}
SCORE: 20.369

-------------------

/sˈɑːɣ̊ə/ - /zˈaːɡn̩/
s-z / ˈɑː-ˈaː / ɣ̊-ɡ / ə-n
{0: [0], 1: [1], 2: [2], 3: [3]}
{0: [0], 1: [1], 2: [2], 3: [3]}
SCORE: 18.595

-------------------

/sˈɛks/ - /zˈɛks/
s-z / ˈɛ-ˈɛ / k-k / s-s
{0: [0], 1: [1], 2: [2], 3: [3]}
{0: [0], 1: [1], 2: [2], 3: [3]}
SCORE: 22.575

-------------------

/sˈɛlvæ̆/ - /zˈɛlbɐ/
s-z / ˈɛ-ˈɛ / l-l / v_æ̆-b_ɐ
{0: [0], 1: [1], 2: [2], 3: [3, 4]}
{0: [0], 1: [1], 2: [2], 3: [3, 4]}
SCORE: 26.65

-------------------

/tʀˈai̯/ - /dʁˈaɪ̯/
t-d / ʀ-ʁ / ˈai̯-ˈaɪ̯
{0: [0], 1: [1], 2: [2]}
{0: [0], 1: [1], 2: [2]}
SCORE: 15.167

-------------------

/tʀˈai̯və/ - /tʰʁˈaɪ̯bn̩/
t-tʰ / ʀ-ʁ / ˈai̯-ˈaɪ̯ / v_ə-b_n
{0: [0], 1: [1], 2: [2], 3: [3, 4]}
{0: [0], 1: [1], 2: [2], 3: [3, 4]}
SCORE: 24.087

-------------------

/tʀˈai̯ʦɛː/ - /dʁˈaɪ̯ʦeːn/
t-d / ʀ-ʁ / ˈai̯-ˈaɪ̯ / ʦ-ʦ / ɛː-eː / #>-n_#>
{0: [0], 1: [1], 2: [2], 3: [3], 4: [4], 5: None}
{0: [0], 1: [1], 2: [2], 3: [3], 4: [4], 5: [5]}
SCORE: 31.405

-------------------

/tʀˈaːm/ - /tʰʁˈaʊ̯m/
t-tʰ / ʀ-ʁ / ˈaː-ˈaʊ̯ / m-m
{0: [0], 1: [1], 2: [2], 3: [3]}
{0: [0], 1: [1], 2: [2], 3: [3]}
SCORE: 21.279

-------------------

/tʀˈaːmə/ - /tʰʁˈɔʏ̯mən/
t-tʰ / ʀ-ʁ / ∅-ˈɔʏ̯ / ˈaː-∅ / m-m / ə-ə / #>-n_#>
{0: [0], 1: [1], 2: None, 3: [2], 4: [3], 5: [4], 6: None}
{0: [0], 1: [1], 2: [2], 3: None, 4: [3], 5: [4], 6: [5]}
SCORE: 9.363

-------------------

/tʀˈiŋɡ̊ə/ - /tʰʁˈɪŋkn̩/
t-tʰ / ʀ-ʁ / ˈi-ˈɪ / ŋ-ŋ / ɡ̊-k / ə-n
{0: [0], 1: [1], 2: [2], 3: [3], 4: [4], 5: [5]}
{0: [0], 1: [1], 2: [2], 3: [3], 4: [4], 5: [5]}
SCORE: 29.488

-------------------

/tʀˈiɡ̊ə/ - /dʁˈʏkn̩/
t-d / ʀ-ʁ / ˈi-ˈʏ / ɡ̊-k / ə-n
{0: [0], 1: [1], 2: [2], 3: [3], 4: [4]}
{0: [0], 1: [1], 2: [2], 3: [3], 4: [4]}
SCORE: 20.326

-------------------

/tʀˈɛːnə/ - /tʰʁˈɛːnə/
t-tʰ / ʀ-ʁ / ∅-ˈɛː / ˈɛː-∅ / n-n / ə-ə
{0: [0], 1: [1], 2: None, 3: [2], 4: [3], 5: [4]}
{0: [0], 1: [1], 2: [2], 3: None, 4: [3], 5: [4]}
SCORE: 7.99

-------------------

/vˈai̯s/ - /vˈaɪ̯s/
v-v / ˈai̯-ˈaɪ̯ / s-s
{0: [0], 1: [1], 2: [2]}
{0: [0], 1: [1], 2: [2]}
SCORE: 17.81

-------------------

/vˈaz̥æ̆/ - /vˈasɐ/
v-v / ˈa-ˈa / z̥-s / æ̆-ɐ
{0: [0], 1: [1], 2: [2], 3: [3]}
{0: [0], 1: [1], 2: [2], 3: [3]}
SCORE: 23.296

-------------------

/vˈaːʃ/ - /vˈaɪ̯ç/
v-v / ˈaː-ˈaɪ̯ / ʃ-ç
{0: [0], 1: [1], 2: [2]}
{0: [0], 1: [1], 2: [2]}
SCORE: 16.718

-------------------

/vˈil/ - /vˈɪld̥/
v-v / ˈi-ˈɪ / l-l / ∅-d̥
{0: [0], 1: [1], 2: [2], 3: None}
{0: [0], 1: [1], 2: [2], 3: [3]}
SCORE: 12.119

-------------------

/vˈind̥/ - /vˈɪnd̥/
v-v / ˈi-ˈɪ / n-n / d̥-d̥
{0: [0], 1: [1], 2: [2], 3: [3]}
{0: [0], 1: [1], 2: [2], 3: [3]}
SCORE: 20.721

-------------------

/vˈind̥æ̆/ - /vˈɪntɐ/
v-v / ˈi-ˈɪ / n-n / d̥-t / æ̆-ɐ
{0: [0], 1: [1], 2: [2], 3: [3], 4: [4]}
{0: [0], 1: [1], 2: [2], 3: [3], 4: [4]}
SCORE: 24.456

-------------------

/vˈinʒ̊ə/ - /vˈʏnʃn̩/
v-v / ˈi-ˈʏ / n-n / ʒ̊-ʃ / ə-n
{0: [0], 1: [1], 2: [2], 3: [3], 4: [4]}
{0: [0], 1: [1], 2: [2], 3: [3], 4: [4]}
SCORE: 18.603

-------------------

/vˈiz̥ə/ - /vˈɪsn̩/
v-v / ˈi-ˈɪ / z̥-s / ə-n
{0: [0], 1: [1], 2: [2], 3: [3]}
{0: [0], 1: [1], 2: [2], 3: [3]}
SCORE: 19.47

-------------------

/vˈol/ - /vˈɔlə/
v-v / ˈo-ˈɔ / l-l / ∅-ə
{0: [0], 1: [1], 2: [2], 3: None}
{0: [0], 1: [1], 2: [2], 3: [3]}
SCORE: 13.607

-------------------

/vˈolf/ - /vˈɔlf/
v-v / ˈo-ˈɔ / l-l / f-f
{0: [0], 1: [1], 2: [2], 3: [3]}
{0: [0], 1: [1], 2: [2], 3: [3]}
SCORE: 23.889

-------------------

/vˈunæ̆/ - /vˈʊndɐ/
v-v / ˈu-ˈʊ / n-n_d / æ̆-ɐ
{0: [0], 1: [1], 2: [2], 3: [3]}
{0: [0], 1: [1], 2: [2, 3], 3: [4]}
SCORE: 21.851

-------------------

/vˈɑs/ - /vˈas/
v-v / ˈɑ-ˈa / s-s
{0: [0], 1: [1], 2: [2]}
{0: [0], 1: [1], 2: [2]}
SCORE: 16.806

-------------------

/vˈɑːm/ - /vˈaɐm/
v-v / ˈɑː-ˈa_ɐ / m-m
{0: [0], 1: [1], 2: [2]}
{0: [0], 1: [1, 2], 2: [3]}
SCORE: 17.113

-------------------

/vˈɑ̃i̯/ - /vˈaɪ̯n/
v-v / ˈɑ̃i̯-ˈaɪ̯_n
{0: [0], 1: [1]}
{0: [0], 1: [1, 2]}
SCORE: 12.367

-------------------

/vˈɔxə/ - /vˈɔxə/
v-v / ˈɔ-ˈɔ / x-x / ə-ə
{0: [0], 1: [1], 2: [2], 3: [3]}
{0: [0], 1: [1], 2: [2], 3: [3]}
SCORE: 23.805

-------------------

/vˈɔɐd̥/ - /vˈɔɐt/
v-v / ˈɔ-ˈɔ / ɐ-ɐ / d̥-t
{0: [0], 1: [1], 2: [2], 3: [3]}
{0: [0], 1: [1], 2: [2], 3: [3]}
SCORE: 21.394

-------------------

/vˈɔɐm/ - /vˈʊɐm/
v-v / ˈɔ-ˈʊ / ɐ-ɐ / m-m
{0: [0], 1: [1], 2: [2], 3: [3]}
{0: [0], 1: [1], 2: [2], 3: [3]}
SCORE: 21.204

-------------------

/vˈɔɐʦl̩/ - /vˈʊɐʦl̩/
v-v / ˈɔ-ˈʊ / ɐ-ɐ / ʦ-ʦ / l-l
{0: [0], 1: [1], 2: [2], 3: [3], 4: [4]}
{0: [0], 1: [1], 2: [2], 3: [3], 4: [4]}
SCORE: 26.955

-------------------

/vˈɛd̥æ̆/ - /vˈɛtɐ/
v-v / ˈɛ-ˈɛ / d̥-t / æ̆-ɐ
{0: [0], 1: [1], 2: [2], 3: [3]}
{0: [0], 1: [1], 2: [2], 3: [3]}
SCORE: 20.882

-------------------

/vˈɛːʃ/ - /vˈeːɡ̊/
v-v / ˈɛː-ˈeː / ʃ-ɡ̊
{0: [0], 1: [1], 2: [2]}
{0: [0], 1: [1], 2: [2]}
SCORE: 16.66

-------------------

/ɡ̊ˈast/ - /ɡˈast/
ɡ̊-ɡ / ˈa-ˈa / s-s / t-t
{0: [0], 1: [1], 2: [2], 3: [3]}
{0: [0], 1: [1], 2: [2], 3: [3]}
SCORE: 21.697

-------------------

/ɡ̊ˈaːs/ - /ɡˈaɪ̯s/
ɡ̊-ɡ / ˈaː-ˈaɪ̯ / s-s
{0: [0], 1: [1], 2: [2]}
{0: [0], 1: [1], 2: [2]}
SCORE: 16.283

-------------------

/ɡ̊ˈold̥/ - /ɡˈɔld̥/
ɡ̊-ɡ / ˈo-ˈɔ / l-l / d̥-d̥
{0: [0], 1: [1], 2: [2], 3: [3]}
{0: [0], 1: [1], 2: [2], 3: [3]}
SCORE: 23.264

-------------------

/ɡ̊ˈot/ - /ɡˈɔt/
ɡ̊-ɡ / ˈo-ˈɔ / t-t
{0: [0], 1: [1], 2: [2]}
{0: [0], 1: [1], 2: [2]}
SCORE: 18.46

-------------------

/ɡ̊ˈuːd̥/ - /ɡˈuːt/
ɡ̊-ɡ / ˈuː-ˈuː / d̥-t
{0: [0], 1: [1], 2: [2]}
{0: [0], 1: [1], 2: [2]}
SCORE: 17.637

-------------------

/ɡ̊ˈɑnʣ̥/ - /ɡˈanz̥/
ɡ̊-ɡ / ˈɑ-ˈa / n-n / ∅-z̥ / ʣ̥-∅
{0: [0], 1: [1], 2: [2], 3: None, 4: [3]}
{0: [0], 1: [1], 2: [2], 3: [3], 4: None}
SCORE: 6.24

-------------------

/ɡ̊ˈɑːn/ - /ɡˈaɐn/
ɡ̊-ɡ / ˈɑː-ˈa_ɐ / n-n
{0: [0], 1: [1], 2: [2]}
{0: [0], 1: [1, 2], 2: [3]}
SCORE: 15.269

-------------------

/ɡ̊ˈɛvə/ - /ɡˈeːbn̩/
ɡ̊-ɡ / ˈɛ-ˈeː / v_ə-b_n
{0: [0], 1: [1], 2: [2, 3]}
{0: [0], 1: [1], 2: [2, 3]}
SCORE: 19.38

-------------------

/ɡ̊ˈɛːl/ - /ɡˈɛlb̥/
ɡ̊-ɡ / ∅-ˈɛ / ˈɛː-∅ / l-l / ∅-b̥
{0: [0], 1: None, 2: [1], 3: [2], 4: None}
{0: [0], 1: [1], 2: None, 3: [2], 4: [3]}
SCORE: -3.047

-------------------

/ɡ̊ˈɛ̃ː/ - /ɡˈeːən/
ɡ̊-ɡ / ˈɛ̃ː-ˈeː_ə / #>-n_#>
{0: [0], 1: [1], 2: None}
{0: [0], 1: [1, 2], 2: [3]}
SCORE: 11.349

-------------------

/ʀˈai̯ʃ/ - /ʁˈaɪ̯ç/
ʀ-ʁ / ˈai̯-ˈaɪ̯ / ʃ-ç
{0: [0], 1: [1], 2: [2]}
{0: [0], 1: [1], 2: [2]}
SCORE: 17.226

-------------------

/ʀˈaːx/ - /ʁˈaʊ̯x/
ʀ-ʁ / ˈaː-ˈaʊ̯ / x-x
{0: [0], 1: [1], 2: [2]}
{0: [0], 1: [1], 2: [2]}
SCORE: 18.089

-------------------

/ʀˈiŋ/ - /ʁˈɪŋ/
ʀ-ʁ / ˈi-ˈɪ / ŋ-ŋ
{0: [0], 1: [1], 2: [2]}
{0: [0], 1: [1], 2: [2]}
SCORE: 18.367

-------------------

/ʀˈiɡ̊ə/ - /ʁˈʏkn̩/
ʀ-ʁ / ˈi-ˈʏ / ɡ̊-k / ə-n
{0: [0], 1: [1], 2: [2], 3: [3]}
{0: [0], 1: [1], 2: [2], 3: [3]}
SCORE: 17.479

-------------------

/ʀˈoːd̥/ - /ʁˈoːt/
ʀ-ʁ / ˈoː-ˈoː / d̥-t
{0: [0], 1: [1], 2: [2]}
{0: [0], 1: [1], 2: [2]}
SCORE: 16.407

-------------------

/ʀˈɛʃt/ - /ʁˈɛçt/
ʀ-ʁ / ˈɛ-ˈɛ / ʃ-ç / t-t
{0: [0], 1: [1], 2: [2], 3: [3]}
{0: [0], 1: [1], 2: [2], 3: [3]}
SCORE: 21.044

-------------------

/ʀˈɛːʒ̊ə/ - /ʁˈeːɡn̩/
ʀ-ʁ / ˈɛː-ˈeː / ʒ̊-ɡ / ə-n
{0: [0], 1: [1], 2: [2], 3: [3]}
{0: [0], 1: [1], 2: [2], 3: [3]}
SCORE: 16.066

-------------------

/ʃd̥ˈãː/ - /ʃtˈaɪ̯n/
ʃ-ʃ / d̥-t / ˈãː-ˈaɪ̯_n
{0: [0], 1: [1], 2: [2]}
{0: [0], 1: [1], 2: [2, 3]}
SCORE: 11.842

-------------------

/ʃd̥ˈuːl/ - /ʃtˈuːl/
ʃ-ʃ / d̥-t / ˈuː-ˈuː / l-l
{0: [0], 1: [1], 2: [2], 3: [3]}
{0: [0], 1: [1], 2: [2], 3: [3]}
SCORE: 22.145

-------------------

/ʃd̥ˈæɐn/ - /ʃtˈɛɐn/
ʃ-ʃ / d̥-t / ˈæ-ˈɛ / ɐ_n-ɐ_n
{0: [0], 1: [1], 2: [2], 3: [3, 4]}
{0: [0], 1: [1], 2: [2], 3: [3, 4]}
SCORE: 25.727

-------------------

/ʃlˈɑːv̥ə/ - /ʃlˈaːfn̩/
ʃ-ʃ / l-l / ˈɑː-ˈaː / v̥_ə-f_n
{0: [0], 1: [1], 2: [2], 3: [3, 4]}
{0: [0], 1: [1], 2: [2], 3: [3, 4]}
SCORE: 24.981

-------------------

/ʃnˈeː/ - /ʃnˈeː/
ʃ-ʃ / n-n / ˈeː-ˈeː
{0: [0], 1: [1], 2: [2]}
{0: [0], 1: [1], 2: [2]}
SCORE: 17.177

-------------------

/ʃvˈimə/ - /ʃvˈɪmən/
ʃ-ʃ / v-v / ˈi-ˈɪ / m-m / ə-ə / #>-n_#>
{0: [0], 1: [1], 2: [2], 3: [3], 4: [4], 5: None}
{0: [0], 1: [1], 2: [2], 3: [3], 4: [4], 5: [5]}
SCORE: 26.059

-------------------

/ʃvˈɑʦ/ - /ʃvˈaɐʦ/
ʃ-ʃ / v-v / ˈɑ-ˈa_ɐ / ʦ-ʦ
{0: [0], 1: [1], 2: [2], 3: [3]}
{0: [0], 1: [1], 2: [2, 3], 3: [4]}
SCORE: 21.174

-------------------

/ʃˈẽː/ - /ʃˈøːn/
ʃ-ʃ / ˈẽː-ˈøː / #>-n_#>
{0: [0], 1: [1], 2: None}
{0: [0], 1: [1], 2: [2]}
SCORE: 8.896

-------------------

/ʃˈif/ - /ʃˈɪf/
ʃ-ʃ / ˈi-ˈɪ / f-f
{0: [0], 1: [1], 2: [2]}
{0: [0], 1: [1], 2: [2]}
SCORE: 17.242

-------------------

/ʃˈild̥/ - /ʃˈɪld̥/
ʃ-ʃ / ˈi-ˈɪ / l-l / d̥-d̥
{0: [0], 1: [1], 2: [2], 3: [3]}
{0: [0], 1: [1], 2: [2], 3: [3]}
SCORE: 21.433

-------------------

/ʃˈiːʒ̊ə/ - /ʃˈiːsn̩/
ʃ-ʃ / ˈiː-ˈiː / ∅-s / ʒ̊-∅ / ə-n
{0: [0], 1: [1], 2: None, 3: [2], 4: [3]}
{0: [0], 1: [1], 2: [2], 3: None, 4: [3]}
SCORE: 4.261

-------------------

/ʃˈuː/ - /ʃˈuː/
ʃ-ʃ / ˈuː-ˈuː
{0: [0], 1: [1]}
{0: [0], 1: [1]}
SCORE: 13.641

-------------------

/ʃˈɑf/ - /ʃˈaɐf/
ʃ-ʃ / ˈɑ-ˈa_ɐ / f-f
{0: [0], 1: [1], 2: [2]}
{0: [0], 1: [1, 2], 2: [3]}
SCORE: 14.464

-------------------

/ʃˈɑːf/ - /ʃˈaːf/
ʃ-ʃ / ˈɑː-ˈaː / f-f
{0: [0], 1: [1], 2: [2]}
{0: [0], 1: [1], 2: [2]}
SCORE: 18.062

-------------------

/ʒ̊pʀˈɑːx/ - /ʃpʁˈaːxə/
ʒ̊-ʃ / p-p / ʀ-ʁ / ˈɑː-ˈaː / x-x / ∅-ə
{0: [0], 1: [1], 2: [2], 3: [3], 4: [4], 5: None}
{0: [0], 1: [1], 2: [2], 3: [3], 4: [4], 5: [5]}
SCORE: 20.637

-------------------

/ʦvˈansiʃ/ - /ʦvˈanʦɪç/
ʦ-ʦ / v-v / ˈa-ˈa / n-n / ∅-ʦ / s-∅ / i-ɪ / ʃ-ç
{0: [0], 1: [1], 2: [2], 3: [3], 4: None, 5: [4], 6: [5], 7: [6]}
{0: [0], 1: [1], 2: [2], 3: [3], 4: [4], 5: None, 6: [5], 7: [6]}
SCORE: 26.707

-------------------

/ʦvˈaː/ - /ʦvˈaɪ̯/
ʦ-ʦ / v-v / ˈaː-ˈaɪ̯
{0: [0], 1: [1], 2: [2]}
{0: [0], 1: [1], 2: [2]}
SCORE: 18.425

-------------------

/ʦvˈelf/ - /ʦvˈœlf/
ʦ-ʦ / v-v / ˈe-ˈœ / l-l / f-f
{0: [0], 1: [1], 2: [2], 3: [3], 4: [4]}
{0: [0], 1: [1], 2: [2], 3: [3], 4: [4]}
SCORE: 28.491

-------------------

/ʦvˈæɐʒ̊/ - /ʦvˈɛɐɡ̊/
ʦ-ʦ / v-v / ˈæ-ˈɛ / ɐ-ɐ / ∅-ɡ̊ / ʒ̊-∅
{0: [0], 1: [1], 2: [2], 3: [3], 4: None, 5: [4]}
{0: [0], 1: [1], 2: [2], 3: [3], 4: [4], 5: None}
SCORE: 14.008

-------------------

/ʦˈãː/ - /ʦˈaːn/
ʦ-ʦ / ∅-ˈaː / ˈãː-n
{0: [0], 1: None, 2: [1]}
{0: [0], 1: [1], 2: [2]}
SCORE: 3.663

-------------------

/ʦˈẽː/ - /ʦˈeː/
ʦ-ʦ / ∅-ˈeː / ˈẽː-∅
{0: [0], 1: None, 2: [1]}
{0: [0], 1: [1], 2: None}
SCORE: -1.701

-------------------

/ʦˈuŋ/ - /ʦˈʊŋə/
ʦ-ʦ / ˈu-ˈʊ / ŋ-ŋ / ∅-ə
{0: [0], 1: [1], 2: [2], 3: None}
{0: [0], 1: [1], 2: [2], 3: [3]}
SCORE: 17.052

-------------------

/ʦˈɛː/ - /ʦˈeːn/
ʦ-ʦ / ˈɛː-ˈeː / #>-n_#>
{0: [0], 1: [1], 2: None}
{0: [0], 1: [1], 2: [2]}
SCORE: 14.116

-------------------

/ˈab̥l̩/ - /ˈap͡fl̩/
ˈa-ˈa / ∅-p͡f / b̥-∅ / l-l
{0: [0], 1: None, 2: [1], 3: [2]}
{0: [0], 1: [1], 2: None, 3: [2]}
SCORE: 2.03

-------------------

/ˈaf/ - /ˈafə/
ˈa-ˈa / f-f / ∅-ə
{0: [0], 1: [1], 2: None}
{0: [0], 1: [1], 2: [2]}
SCORE: 7.461

-------------------

/ˈai̯/ - /ˈaɪ̯/
ˈai̯-ˈaɪ̯
{0: [0]}
{0: [0]}
SCORE: 7.997

-------------------

/ˈai̯s/ - /ˈaɪ̯z̥/
ˈai̯-ˈaɪ̯ / s-z̥
{0: [0], 1: [1]}
{0: [0], 1: [1]}
SCORE: 12.787

-------------------

/ˈal/ - /ˈal/
ˈa-ˈa / l-l
{0: [0], 1: [1]}
{0: [0], 1: [1]}
SCORE: 12.03

-------------------

/ˈaːl/ - /ˈalt/
ˈaː-ˈa / l-l_t
{0: [0], 1: [1]}
{0: [0], 1: [1, 2]}
SCORE: 3.076

-------------------

/ˈek/ - /ˈɛkə/
ˈe-ˈɛ / k-k_ə
{0: [0], 1: [1]}
{0: [0], 1: [1, 2]}
SCORE: 13.463

-------------------

/ˈin/ - /ˈɪn/
ˈi-ˈɪ / n-n
{0: [0], 1: [1]}
{0: [0], 1: [1]}
SCORE: 10.72

-------------------

/ˈivæ̆/ - /ˈyːbɐ/
ˈi-ˈyː / v_æ̆-b_ɐ
{0: [0], 1: [1, 2]}
{0: [0], 1: [1, 2]}
SCORE: 12.535

-------------------

/ˈiʃ/ - /ˈɪç/
ˈi-ˈɪ / ʃ-ç
{0: [0], 1: [1]}
{0: [0], 1: [1]}
SCORE: 11.793

-------------------

/ˈiːɐ/ - /ˈiːɐ/
ˈiː-ˈiː / ɐ-ɐ
{0: [0], 1: [1]}
{0: [0], 1: [1]}
SCORE: 12.626

-------------------

/ˈoi̯l/ - /ˈɔʏ̯lə/
ˈoi̯-ˈɔʏ̯ / l-l / ∅-ə
{0: [0], 1: [1], 2: None}
{0: [0], 1: [1], 2: [2]}
SCORE: 8.775

-------------------

/ˈoːvə/ - /ˈoːfn̩/
ˈoː-ˈoː / v-∅ / ə-f_n
{0: [0], 1: [1], 2: [2]}
{0: [0], 1: None, 2: [1, 2]}
SCORE: 4.462

-------------------

/ˈoːɐ/ - /ˈoːɐ/
ˈoː-ˈoː / ɐ-ɐ
{0: [0], 1: [1]}
{0: [0], 1: [1]}
SCORE: 13.035

-------------------

/ˈuns/ - /ˈʊnz̥/
ˈu-ˈʊ / n-n / s-z̥
{0: [0], 1: [1], 2: [2]}
{0: [0], 1: [1], 2: [2]}
SCORE: 16.907

-------------------

/ˈunæ̆/ - /ˈʊntɐ/
ˈu-ˈʊ / n-n / æ̆-t_ɐ
{0: [0], 1: [1], 2: [2]}
{0: [0], 1: [1], 2: [2, 3]}
SCORE: 12.843

-------------------

/ˈæːɐd̥/ - /ˈɛɐdə/
∅-ˈɛ / ˈæː-∅ / ɐ-ɐ / d̥-d / ∅-ə
{0: None, 1: [0], 2: [1], 3: [2], 4: None}
{0: [0], 1: None, 2: [1], 3: [2], 4: [3]}
SCORE: -4.539

-------------------

/ˈɑnæ̆/ - /ˈandəʁɐ/
ˈɑ-ˈa / n-n_d / ∅-ə / ∅-ʁ / æ̆-ɐ
{0: [0], 1: [1], 2: None, 3: None, 4: [2]}
{0: [0], 1: [1, 2], 2: [3], 3: [4], 4: [5]}
SCORE: 5.179

-------------------

/ˈɑxt/ - /ˈaxt/
ˈɑ-ˈa / x-x / t-t
{0: [0], 1: [1], 2: [2]}
{0: [0], 1: [1], 2: [2]}
SCORE: 18.816

-------------------

/ˈɑːl/ - /ˈaːl/
ˈɑː-ˈaː / l-l
{0: [0], 1: [1]}
{0: [0], 1: [1]}
SCORE: 12.559

-------------------

/ˈɑːm/ - /ˈaɐm/
ˈɑː-ˈa_ɐ / m-m
{0: [0], 1: [1]}
{0: [0, 1], 1: [2]}
SCORE: 11.733

-------------------

/ˈɛlf/ - /ˈɛlf/
ˈɛ-ˈɛ / l-l / f-f
{0: [0], 1: [1], 2: [2]}
{0: [0], 1: [1], 2: [2]}
SCORE: 17.279

-------------------

/ˈɛz̥ə/ - /ˈɛsn̩/
ˈɛ-ˈɛ / z̥-s / ə-n
{0: [0], 1: [1], 2: [2]}
{0: [0], 1: [1], 2: [2]}
SCORE: 14.348

-------------------

/ˈɛʃ/ - /ˈaʃə/
<#-<#_ˈa / ˈɛ-∅ / ʃ-ʃ / ∅-ə
{0: None, 1: [0], 2: [1], 3: None}
{0: [0], 1: None, 2: [1], 3: [2]}
SCORE: -2.725
