/blˈat/ - /blˈed/
[1/1] <#_b-<#_b / l-l / ˈa-ˈe / t_#>-d_#>

-------------------

/blˈuːmə/ - /blˈøm/
[1/1] <#_b-<#_b / l-l / ˈuː-ˈø / m_ə-m_#>

-------------------

/blˈuːt/ - /blˈød/
[1/1] <#_b-<#_b / l-l / ˈuː-ˈø / t_#>-d_#>

-------------------

/blˈuːtn̩/ - /blˈid/
[1/1] <#_b-<#_b / l-l / ˈuː-ˈi / t_n-d

-------------------

/bʁˈaʊ̯ən/ - /brˈuː/
[1/1] <#_b-<#_b / ʁ-r / ˈaʊ̯-ˈuː / ə-∅ / n-∅

-------------------

/bʁˈoːt/ - /brˈed/
[1/1] <#_b-<#_b / ʁ-r / ˈoː_t-ˈe_d

-------------------

/bʁˈuːdɐ/ - /brˈɪðər/
[1/1] <#_b-<#_b / ʁ-r / ˈuː-ˈɪ / d-ð_ə / ɐ_#>-r_#>

-------------------

/bʁˈʊst/ - /brˈist/
[1/1] <#_b-<#_b / ʁ-r / ˈʊ-ˈi / s_t-s_t

-------------------

/bʁˈʏkə/ - /brˈɪɡ/
[1/1] <#_b-<#_b / ʁ-r / ˈʏ_k-ˈɪ_ɡ / ə-∅

-------------------

/bˈaɪ̯n/ - /bˈen/
[1/1] <#_b-<#_b / ˈaɪ̯-ˈe / n-n_#>

-------------------

/bˈaɪ̯sn̩/ - /bˈəi̯t/
[1/1] <#_b-<#_b / ˈaɪ̯-ˈəi̯ / s_n-t

-------------------

/bˈaːd̥/ - /bˈaθ/
[1/1] <#_b-<#_b / ˈaː-ˈa / d̥-θ_#>

-------------------

/bˈeːʁə/ - /bˈɛri/
[1/1] <#_b-<#_b / ˈeː-ˈɛ / ʁ-r / ə-i

-------------------

/bˈiːnə/ - /bˈiː/
[1/1] <#_b-<#_b / ˈiː-ˈiː_#> / n-∅ / ə-∅

-------------------

/bˈiːtn̩/ - /bˈɪd/
[1/1] <#_b-<#_b / ˈiː-ˈɪ / t_n-d

-------------------

/bˈoːt/ - /bˈoːt/
[1/1] <#_b-<#_b / ˈoː-ˈoː / t_#>-t_#>

-------------------

/bˈuːx/ - /bˈøk/
[1/1] <#_b-<#_b / ˈuː-ˈø / x-k

-------------------

/bˈɛsɐ/ - /bˈɛtər/
[1/1] <#_b-<#_b / ˈɛ-ˈɛ / s_ɐ-t_ə / ∅-r

-------------------

/bˈɛɐɡ̊/ - /bˈʌrə/
[1/1] <#_b-<#_b / ˈɛ-ˈʌ / ɐ-r / ɡ̊-ə

-------------------

/bˈɛːɐ/ - /bˈeːr/
[1/1] <#_b-<#_b / ˈɛː-ˈeː / ɐ_#>-r_#>

-------------------

/bˈɪndn̩/ - /bˈɪnd/
[1/1] <#_b-<#_b / ˈɪ_n-ˈɪ_n / d_n-d

-------------------

/bˈɪtn̩/ - /bˈɪd/
[1/1] <#_b-<#_b / ˈɪ-ˈɪ / t_n-d

-------------------

/dʁˈaɪ̯/ - /θrˈiː/
[1/1] <#_d-<#_θ / ʁ_ˈaɪ̯-r_ˈiː

-------------------

/dʁˈaɪ̯ʦeːn/ - /θrˈɪtin/
[1/1] <#_d-<#_θ / ʁ-r / ˈaɪ̯-ˈɪ / ʦ-t / eː-i / n-n_#>

-------------------

/dˈaŋkn̩/ - /θˈaŋk/
[1/1] <#_d-<#_θ / ˈa-ˈa / ŋ-ŋ / k-k / n-∅

-------------------

/dˈaʊ̯mən/ - /θˈum/
[1/1] <#_d-<#_θ / ˈaʊ̯-ˈu / m_ə-m_#> / n-∅

-------------------

/dˈiːb̥/ - /θˈif/
[1/1] <#_d-<#_θ / ˈiː-ˈi / b̥-f_#>

-------------------

/dˈɔnɐ/ - /θˈʌnər/
[1/1] <#_d-<#_θ / ˈɔ-ˈʌ / n-n / ∅-ə / ɐ_#>-r_#>

-------------------

/dˈɔɐn/ - /θˈorn/
[1/1] <#_d-<#_θ / ˈɔ-ˈo / ɐ_n-r_n

-------------------

/dˈɪk/ - /θˈɪk/
[1/1] <#_d-<#_θ / ˈɪ-ˈɪ / k-k

-------------------

/dˈɪŋ/ - /θˈɪŋ/
[1/1] <#_d-<#_θ / ˈɪ-ˈɪ / ŋ_#>-ŋ_#>

-------------------

/dˈʊɐst/ - /θrˈɪst/
[1/1] <#_d-<#_θ / ∅-r / ˈʊ_ɐ-ˈɪ / s_t-s_t

-------------------

/dˈʏn/ - /θˈɪn/
[1/1] <#_d-<#_θ / ˈʏ-ˈɪ / n-n_#>

-------------------

/flˈaɪ̯ʃ/ - /flˈɛʃ/
[1/1] <#_f-<#_f / l-l / ˈaɪ̯-ˈɛ / ʃ_#>-ʃ_#>

-------------------

/flˈiːɡn̩/ - /flˈiː/
[1/1] <#_f-<#_f / l-l / ˈiː_ɡ-ˈiː / n-∅

-------------------

/flˈiːɡə/ - /flˈiː/
[1/1] <#_f-<#_f / l-l / ˈiː_ɡ-ˈiː / ə-∅

-------------------

/fʁˈaɪ̯/ - /frˈiː/
[1/1] <#_f-<#_f / ʁ_ˈaɪ̯-r_ˈiː

-------------------

/fʁˈiːʁən/ - /frˈiːz/
[1/1] <#_f-<#_f / ʁ-r / ˈiː-ˈiː / ʁ-∅ / ə-∅ / n-z

-------------------

/fʁˈɔʏ̯nd̥/ - /frˈind/
[1/1] <#_f-<#_f / ʁ-r / ˈɔʏ̯-ˈi / n-n / d̥_#>-d_#>

-------------------

/fʁˈɪʃ/ - /frˈɛʃ/
[1/1] <#_f-<#_f / ʁ-r / ˈɪ-ˈɛ / ʃ_#>-ʃ_#>

-------------------

/fˈast/ - /fˈɛst/
[1/1] <#_f-<#_f / ˈa_s-ˈɛ_s / t_#>-t_#>

-------------------

/fˈaːtɐ/ - /fˈeːðər/
[1/1] <#_f-<#_f / ˈaː-ˈeː / t-ð_ə / ɐ_#>-r_#>

-------------------

/fˈeːdɐ/ - /fˈɛðər/
[1/1] <#_f-<#_f / ˈeː-ˈɛ / d-ð_ə / ɐ_#>-r_#>

-------------------

/fˈiːɐ/ - /fˈʌu̯ər/
[1/1] <#_f-<#_f / ∅-ˈʌu̯ / ˈiː-ə / ɐ_#>-r_#>

-------------------

/fˈoːɡl̩/ - /fˈul/
[1/1] <#_f-<#_f / ˈoː-∅ / ɡ-ˈu / l_#>-l_#>

-------------------

/fˈuːs/ - /fˈɪt/
[1/1] <#_f-<#_f / ˈuː-ˈɪ / s_#>-t_#>

-------------------

/fˈyːln̩/ - /fˈil/
[1/1] <#_f-<#_f / ˈyː-ˈi / l-l_#> / n-∅

-------------------

/fˈyːsə/ - /fˈit/
[1/1] <#_f-<#_f / ˈyː-ˈi / s_ə-t

-------------------

/fˈyːɐ/ - /fˈor/
[1/1] <#_f-<#_f / ˈyː-ˈo / ɐ_#>-r_#>

-------------------

/fˈɔl/ - /fˈuː/
[1/1] <#_f-<#_f / ˈɔ_l-ˈuː_#>

-------------------

/fˈɔlk/ - /fˈʌu̯k/
[1/1] <#_f-<#_f / ˈɔ_l-ˈʌu̯ / k-k

-------------------

/fˈɔlɡn̩/ - /fˈolə/
[1/1] <#_f-<#_f / ˈɔ-ˈo / l-l / ɡ-∅ / n-ə

-------------------

/fˈɔʏ̯ɐ/ - /fˈəi̯ər/
[1/1] <#_f-<#_f / ˈɔʏ̯-ˈəi̯ / ∅-ə / ɐ_#>-r_#>

-------------------

/fˈɛst/ - /fˈɛst/
[1/1] <#_f-<#_f / ˈɛ-ˈɛ / s_t-s_t

-------------------

/fˈɪndn̩/ - /fˈɪnd/
[1/1] <#_f-<#_f / ˈɪ_n-ˈɪ_n / d_n-d

-------------------

/fˈɪŋɐ/ - /fˈɪŋər/
[1/1] <#_f-<#_f / ˈɪ-ˈɪ / ŋ-ŋ_ə / ɐ_#>-r_#>

-------------------

/fˈɪʃ/ - /fˈɪʃ/
[1/1] <#_f-<#_f / ˈɪ-ˈɪ / ʃ_#>-ʃ_#>

-------------------

/fˈʊks/ - /fˈoks/
[1/1] <#_f-<#_f / ˈʊ-ˈo / k-k / s_#>-s_#>

-------------------

/fˈʏnf/ - /fˈaːɪ̯v/
[1/1] <#_f-<#_f / ˈʏ-∅ / n-ˈaːɪ̯ / f-v

-------------------

/hˈalb̥/ - /hˈɑːf/
[1/1] <#_h-<#_h / ˈa_l-ˈɑː / b̥-f_#>

-------------------

/hˈand̥/ - /hˈɑːnd/
[1/1] <#_h-<#_h / ˈa_n-ˈɑː_n / d̥_#>-d_#>

-------------------

/hˈasn̩/ - /hˈet/
[1/1] <#_h-<#_h / ˈa-ˈe / s_n-t

-------------------

/hˈaɪ̯lɪç/ - /hˈɛli/
[1/1] <#_h-<#_h / ˈaɪ̯-ˈɛ / l-l / ɪ_ç-i_#>

-------------------

/hˈaɪ̯m/ - /hˈem/
[1/1] <#_h-<#_h / ˈaɪ̯-ˈe / m_#>-m_#>

-------------------

/hˈaɪ̯s/ - /hˈet/
[1/1] <#_h-<#_h / ˈaɪ̯-ˈe / s_#>-t_#>

-------------------

/hˈaʊ̯pt/ - /hˈid/
[1/1] <#_h-<#_h / ˈaʊ̯-ˈi / p-∅ / t_#>-d_#>

-------------------

/hˈaʊ̯s/ - /hˈus/
[1/1] <#_h-<#_h / ˈaʊ̯-ˈu / s_#>-s_#>

-------------------

/hˈaʊ̯t/ - /hˈəi̯d/
[1/1] <#_h-<#_h / ˈaʊ̯-ˈəi̯ / t_#>-d_#>

-------------------

/hˈaːbn̩/ - /hˈeː/
[1/1] <#_h-<#_h / ˈaː-ˈeː / b-∅ / n-∅

-------------------

/hˈaːzə/ - /hˈeːr/
[1/1] <#_h-<#_h / ˈaː-ˈeː / z-∅ / ə-r

-------------------

/hˈaːɐ/ - /hˈeːr/
[1/1] <#_h-<#_h / ˈaː-ˈeː / ɐ_#>-r_#>

-------------------

/hˈiːɐ/ - /hˈiːr/
[1/1] <#_h-<#_h / ˈiː-ˈiː / ɐ_#>-r_#>

-------------------

/hˈoːnɪç/ - /hˈɪne/
[1/1] <#_h-<#_h / ˈoː_n-ˈɪ_n / ɪ-∅ / ç-e

-------------------

/hˈoːx/ - /hˈiç/
[1/1] <#_h-<#_h / ˈoː-ˈi / x-ç

-------------------

/hˈøːʁən/ - /hˈiːr/
[1/1] <#_h-<#_h / ˈøː-∅ / ʁ_ə-ˈiː_r / n-∅

-------------------

/hˈɔɐn/ - /hˈorn/
[1/1] <#_h-<#_h / ˈɔ-ˈo / ɐ_n-r_n

-------------------

/hˈɛlfn̩/ - /hˈɛlp/
[1/1] <#_h-<#_h / ˈɛ-ˈɛ / l-l / f_n-p

-------------------

/hˈɛnə/ - /hˈɛn/
[1/1] <#_h-<#_h / ˈɛ_n_ə-ˈɛ_n

-------------------

/hˈɛɐʦ/ - /hˈɛrt/
[1/1] <#_h-<#_h / ˈɛ-ˈɛ / ɐ_ʦ-r_t

-------------------

/hˈʊndɐt/ - /hˈʌndər/
[1/1] <#_h-<#_h / ˈʊ-ˈʌ / n-n / d-d / ɐ-ə_r / t-∅

-------------------

/hˈʊnd̥/ - /hˈund/
[1/1] <#_h-<#_h / ˈʊ-ˈu / n-n / d̥_#>-d_#>

-------------------

/hˈʊŋɐ/ - /hˈʌŋər/
[1/1] <#_h-<#_h / ˈʊ-ˈʌ / ŋ-ŋ_ə / ɐ_#>-r_#>

-------------------

/jˈaːɐ/ - /jˈiːr/
[1/1] <#_j-<#_j / ˈaː-ˈiː / ɐ_#>-r_#>

-------------------

/jˈʊŋ/ - /jˈʌŋ/
[1/1] <#_j-<#_j / ˈʊ-ˈʌ / ŋ_#>-ŋ_#>

-------------------

/kʰnˈiː/ - /knˈiː/
[1/1] <#_kʰ-<#_k / n-n / ˈiː-ˈiː_#>

-------------------

/kʰnˈoːtn̩/ - /kʰnˈot/
[1/1] <#_kʰ-<#_kʰ / n-n / ˈoː-ˈo / t-t / n-∅

-------------------

/kʰˈalb̥/ - /kʰˈɑːf/
[1/1] <#_kʰ-<#_kʰ / ˈa_l-ˈɑː / b̥-f_#>

-------------------

/kʰˈalt/ - /kʰˈɑːld/
[1/1] <#_kʰ-<#_kʰ / ˈa-ˈɑː / l-l / t_#>-d_#>

-------------------

/kʰˈaʦə/ - /kʰˈat/
[1/1] <#_kʰ-<#_kʰ / ˈa-ˈa / ʦ-t / ə-∅

-------------------

/kʰˈuː/ - /kʰˈuː/
[1/1] <#_kʰ-<#_kʰ / ˈuː-ˈuː

-------------------

/kʰˈyːkn̩/ - /ʧˈɪkən/
[1/1] <#_kʰ-<#_ʧ / ˈyː-ˈɪ / k-k / ∅-ə / n-n_#>

-------------------

/kʰˈøːnɪç/ - /kʰˈiŋ/
[1/1] <#_kʰ-<#_kʰ / ˈøː-ˈi / n-∅ / ɪ-∅ / ç-ŋ

-------------------

/kʰˈœnən/ - /kʰˈan/
[1/1] <#_kʰ-<#_kʰ / ˈœ-ˈa / n-n_#> / ə-∅ / n-∅

-------------------

/kʰˈɔmən/ - /kʰˈʌm/
[1/1] <#_kʰ-<#_kʰ / ˈɔ-ˈʌ / m_ə-m_#> / n-∅

-------------------

/kʰˈɔɐn/ - /kʰˈorn/
[1/1] <#_kʰ-<#_kʰ / ˈɔ-ˈo / ɐ_n-r_n

-------------------

/kʰˈɛnən/ - /kʰˈɛn/
[1/1] <#_kʰ-<#_kʰ / ˈɛ_n_ə-ˈɛ_n / n-∅

-------------------

/kʰˈɛːzə/ - /ʧˈiːz/
[1/1] <#_kʰ-<#_ʧ / ˈɛː-ˈiː / z-z / ə-∅

-------------------

/kʰˈɪɐçə/ - /kˈɪrk/
[1/1] <#_kʰ-<#_k / ˈɪ-ˈɪ / ɐ-r / ç-k / ə-∅

-------------------

/lˈam/ - /lˈam/
[1/1] <#_l-<#_l / ˈa-ˈa / m_#>-m_#>

-------------------

/lˈand̥/ - /lˈɑːnd/
[1/1] <#_l-<#_l / ˈa_n-ˈɑː_n / d̥_#>-d_#>

-------------------

/lˈaxn̩/ - /lˈɑːx/
[1/1] <#_l-<#_l / ˈa_x-ˈɑː_x / n-∅

-------------------

/lˈaŋ/ - /lˈaŋ/
[1/1] <#_l-<#_l / ˈa-ˈa / ŋ_#>-ŋ_#>

-------------------

/lˈaɪ̯çt/ - /lˈɪçt/
[1/1] <#_l-<#_l / ˈaɪ̯-ˈɪ / ç_t-ç_t

-------------------

/lˈaʊ̯b̥/ - /lˈif/
[1/1] <#_l-<#_l / ˈaʊ̯-ˈi / b̥-f_#>

-------------------

/lˈaʊ̯fn̩/ - /lˈip/
[1/1] <#_l-<#_l / ˈaʊ̯-ˈi / f_n-p

-------------------

/lˈaʊ̯s/ - /lˈus/
[1/1] <#_l-<#_l / ˈaʊ̯-ˈu / s_#>-s_#>

-------------------

/lˈeːbɐ/ - /lˈɪvər/
[1/1] <#_l-<#_l / ∅-ˈɪ / ˈeː-v / b-ə / ɐ_#>-r_#>

-------------------

/lˈiːb̥/ - /lˈif/
[1/1] <#_l-<#_l / ˈiː-ˈi / b̥-f_#>

-------------------

/lˈiːɡn̩/ - /lˈaɪ̯/
[1/1] <#_l-<#_l / ˈiː-∅ / ɡ-∅ / n-ˈaɪ̯

-------------------

/lˈyːɡn̩/ - /lˈiː/
[1/1] <#_l-<#_l / ˈyː-∅ / ɡ-∅ / n-ˈiː

-------------------

/lˈɪçt/ - /lˈɪçt/
[1/1] <#_l-<#_l / ˈɪ-ˈɪ / ç_t-ç_t

-------------------

/mˈan/ - /mˈan/
[1/1] <#_m-<#_m / ˈa-ˈa / n-n_#>

-------------------

/mˈaxt/ - /mˈɑːxt/
[1/1] <#_m-<#_m / ˈa_x-ˈɑː_x / t_#>-t_#>

-------------------

/mˈaʊ̯l/ - /mˈuθ/
[1/1] <#_m-<#_m / ˈaʊ̯-ˈu / l-θ

-------------------

/mˈaʊ̯s/ - /mˈus/
[1/1] <#_m-<#_m / ˈaʊ̯-ˈu / s_#>-s_#>

-------------------

/mˈeːɐ/ - /mˈiːr/
[1/1] <#_m-<#_m / ˈeː-ˈiː / ɐ_#>-r_#>

-------------------

/mˈiːɐ/ - /mˈiː/
[1/1] <#_m-<#_m / ˈiː-ˈiː / ɐ_#>-#>

-------------------

/mˈoːnat/ - /mˈʌnθ/
[1/1] <#_m-<#_m / ˈoː-ˈʌ / n-n / a-∅ / t-θ

-------------------

/mˈoːnd̥/ - /mˈøn/
[1/1] <#_m-<#_m / ˈoː-ˈø / n-n_#> / d̥-∅

-------------------

/mˈɔʏ̯zə/ - /mˈəi̯s/
[1/1] <#_m-<#_m / ˈɔʏ̯-ˈəi̯ / z-∅ / ə-s

-------------------

/mˈɪlç/ - /mˈɪlk/
[1/1] <#_m-<#_m / ˈɪ-ˈɪ / l-l / ç_#>-k_#>

-------------------

/mˈʊnd̥/ - /mˈuθ/
[1/1] <#_m-<#_m / ˈʊ-ˈu / n-∅ / d̥-θ_#>

-------------------

/mˈʊtɐ/ - /mˈɪðər/
[1/1] <#_m-<#_m / ˈʊ-ˈɪ / t-ð_ə / ɐ_#>-r_#>

-------------------

/nˈakt/ - /nˈekət/
[1/1] <#_n-<#_n / ˈa-ˈe / k-k / ∅-ə / t_#>-t_#>

-------------------

/nˈaxt/ - /nˈɪçt/
[1/1] <#_n-<#_n / ˈa-ˈɪ / x-ç / t_#>-t_#>

-------------------

/nˈaːdl̩/ - /nˈidl̩/
[1/1] <#_n-<#_n / ˈaː-ˈi / d-d / l_#>-l_#>

-------------------

/nˈaːmə/ - /nˈem/
[1/1] <#_n-<#_n / ˈaː-ˈe / m_ə-m_#>

-------------------

/nˈaːzə/ - /nˈoːz/
[1/1] <#_n-<#_n / ˈaː-ˈoː / z-z / ə-∅

-------------------

/nˈaːɡl̩/ - /nˈel/
[1/1] <#_n-<#_n / ˈaː-ˈe / ɡ-∅ / l_#>-l_#>

-------------------

/nˈɔɐd̥/ - /nˈorθ/
[1/1] <#_n-<#_n / ˈɔ-ˈo / ɐ-r / d̥-θ_#>

-------------------

/nˈɔʏ̯/ - /njˈuː/
[1/1] <#_n-<#_n / ∅-j / ˈɔʏ̯-ˈuː

-------------------

/nˈɔʏ̯n/ - /nˈəi̯n/
[1/1] <#_n-<#_n / ˈɔʏ̯-ˈəi̯ / n-n_#>

-------------------

/nˈɛːçstə/ - /nˈist/
[1/1] <#_n-<#_n / ˈɛː-∅ / ç-ˈi / s_t-s_t / ə-∅

-------------------

/nˈʊs/ - /nˈɪt/
[1/1] <#_n-<#_n / ˈʊ-ˈɪ / s_#>-t_#>

-------------------

/p͡flˈuːɡ̊/ - /pʰlˈux/
[1/1] <#_p͡f-<#_pʰ / l-l / ˈuː-ˈu / ɡ̊-x_#>

-------------------

/p͡flˈɪçt/ - /pʰlˈɪçt/
[1/1] <#_p͡f-<#_pʰ / l-l / ˈɪ-ˈɪ / ç_t-ç_t

-------------------

/p͡fˈaːd̥/ - /pʰˈɛθ/
[1/1] <#_p͡f-<#_pʰ / ˈaː-ˈɛ / d̥-θ_#>

-------------------

/tʰʁˈaɪ̯bn̩/ - /drˈaɪ̯v/
[1/1] <#_tʰ-<#_d / ʁ_ˈaɪ̯-r / b-ˈaɪ̯ / n-v

-------------------

/tʰʁˈaʊ̯m/ - /drˈiːm/
[1/1] <#_tʰ-<#_d / ʁ-r / ˈaʊ̯-ˈiː / m_#>-m_#>

-------------------

/tʰʁˈɔkn̩/ - /drˈaɪ̯/
[1/1] <#_tʰ-<#_d / ʁ-r / ˈɔ-∅ / k-∅ / n-ˈaɪ̯

-------------------

/tʰʁˈɔʏ̯mən/ - /drˈiːm/
[1/1] <#_tʰ-<#_d / ʁ-r / ˈɔʏ̯-ˈiː / m_ə-m_#> / n-∅

-------------------

/tʰʁˈɪŋkn̩/ - /drˈɪŋk/
[1/1] <#_tʰ-<#_d / ʁ-r / ˈɪ-ˈɪ / ŋ-ŋ / k-k / n-∅

-------------------

/tʰˈaɪ̯ɡ̊/ - /dˈex/
[1/1] <#_tʰ-<#_d / ˈaɪ̯-ˈe / ɡ̊-x_#>

-------------------

/tʰˈaʊ̯bə/ - /dˈuː/
[1/1] <#_tʰ-<#_d / ˈaʊ̯-ˈuː / b-∅ / ə-∅

-------------------

/tʰˈaʊ̯zn̩d̥/ - /θˈuːzənd/
[1/1] tʰ-θ / ˈaʊ̯-ˈuː / z-z / ∅-ə / n-n / d̥_#>-d_#>

-------------------

/tʰˈaːɡ̊/ - /dˈeː/
[1/1] <#_tʰ-<#_d / ˈaː-ˈeː / ɡ̊-∅

-------------------

/tʰˈiːf/ - /dˈip/
[1/1] <#_tʰ-<#_d / ˈiː-ˈi / f_#>-p_#>

-------------------

/tʰˈiːɐ/ - /dˈiːr/
[1/1] <#_tʰ-<#_d / ˈiː-ˈiː / ɐ_#>-r_#>

-------------------

/tʰˈoːd̥/ - /dˈeːθ/
[1/1] <#_tʰ-<#_d / ˈoː-ˈeː / d̥-θ_#>

-------------------

/tʰˈoːt/ - /dˈed/
[1/1] <#_tʰ-<#_d / ˈoː_t-ˈe_d

-------------------

/tʰˈøːdlɪç/ - /dˈedlɪ/
[1/1] <#_tʰ-<#_d / ˈøː-ˈe / d-d / l-l / ɪ-∅ / ç-ɪ

-------------------

/tʰˈɔxtɐ/ - /dˈoxtər/
[1/1] <#_tʰ-<#_d / ˈɔ-ˈo / x-x / t-t / ∅-ə / ɐ_#>-r_#>

-------------------

/tʰˈɔʏ̯ɐ/ - /dˈiːr/
[1/1] <#_tʰ-<#_d / ˈɔʏ̯-ˈiː / ɐ_#>-r_#>

-------------------

/vˈafə/ - /wˈapən/
[1/1] <#_v-<#_w / ˈa-ˈa / ∅-p / f-ə / ə-n

-------------------

/vˈas/ - /ʍˈɪt/
[1/1] <#_v-<#_ʍ / ˈa-ˈɪ / s_#>-t_#>

-------------------

/vˈasɐ/ - /wˈatər/
[1/1] <#_v-<#_w / ˈa-ˈa / s_ɐ-t_ə / ∅-r

-------------------

/vˈaɐm/ - /wˈeːrm/
[1/1] <#_v-<#_w / ˈa_ɐ-ˈeː_r / m_#>-m_#>

-------------------

/vˈaɪ̯b̥/ - /wˈəi̯f/
[1/1] <#_v-<#_w / ˈaɪ̯-ˈəi̯ / b̥-f_#>

-------------------

/vˈaɪ̯n/ - /wˈəi̯n/
[1/1] <#_v-<#_w / ˈaɪ̯_n-ˈəi̯_n

-------------------

/vˈaɪ̯s/ - /ʍˈəi̯t/
[1/1] <#_v-<#_ʍ / ˈaɪ̯-ˈəi̯ / s_#>-t_#>

-------------------

/vˈaɪ̯ç/ - /wˈek/
[1/1] <#_v-<#_w / ˈaɪ̯-ˈe / ç_#>-k_#>

-------------------

/vˈaːl/ - /ʍˈɑːl/
[1/1] <#_v-<#_ʍ / ˈaː-ˈɑː / l_#>-l_#>

-------------------

/vˈeːɡ̊/ - /wˈəi̯/
[1/1] <#_v-<#_w / ˈeː-∅ / ɡ̊-ˈəi̯

-------------------

/vˈiːɐ/ - /wˈi/
[1/1] <#_v-<#_w / ˈiː-ˈi / ɐ_#>-#>

-------------------

/vˈɔlə/ - /ˈuː/
[1/1] v-<# / ˈɔ_l-ˈuː_#> / ə-∅

-------------------

/vˈɔxə/ - /wˈik/
[1/1] <#_v-<#_w / ˈɔ-ˈi / x-k / ə-∅

-------------------

/vˈɔɐt/ - /wˈɪrd/
[1/1] <#_v-<#_w / ˈɔ-ˈɪ / ɐ-r / t_#>-d_#>

-------------------

/vˈɛtɐ/ - /wˈaðər/
[1/1] <#_v-<#_w / ˈɛ-ˈa / t-ð_ə / ɐ_#>-r_#>

-------------------

/vˈɪld̥/ - /wˈɪld/
[1/1] <#_v-<#_w / ˈɪ-ˈɪ / l-l / d̥_#>-d_#>

-------------------

/vˈɪnd̥/ - /wˈɪnd/
[1/1] <#_v-<#_w / ˈɪ_n-ˈɪ_n / d̥_#>-d_#>

-------------------

/vˈɪntɐ/ - /wˈɪntər/
[1/1] <#_v-<#_w / ˈɪ_n-ˈɪ_n / t-t / ∅-ə / ɐ_#>-r_#>

-------------------

/vˈɪsn̩/ - /wˈɪt/
[1/1] <#_v-<#_w / ˈɪ-ˈɪ / s_n-t

-------------------

/vˈʊndɐ/ - /wˈʌnər/
[1/1] <#_v-<#_w / ˈʊ-ˈʌ / n-n / d-ə / ɐ_#>-r_#>

-------------------

/vˈʊɐm/ - /wˈɪrm/
[1/1] <#_v-<#_w / ˈʊ-ˈɪ / ɐ-r / m_#>-m_#>

-------------------

/vˈʏnʃn̩/ - /wˈɪs/
[1/1] <#_v-<#_w / ˈʏ-ˈɪ / n-∅ / ʃ-s / n-∅

-------------------

/zˈalʦ/ - /sˈɑːt/
[1/1] <#_z-<#_s / ˈa_l-ˈɑː / ʦ-t

-------------------

/zˈand̥/ - /sˈɑːnd/
[1/1] <#_z-<#_s / ˈa_n-ˈɑː_n / d̥_#>-d_#>

-------------------

/zˈaɪ̯tə/ - /sˈəi̯d/
[1/1] <#_z-<#_s / ˈaɪ̯-ˈəi̯ / t-∅ / ə-d

-------------------

/zˈaʊ̯/ - /sˈuː/
[1/1] <#_z-<#_s / ˈaʊ̯-ˈuː

-------------------

/zˈaʊ̯ɐ/ - /sˈuər/
[1/1] <#_z-<#_s / ˈaʊ̯-ˈu / ∅-ə / ɐ_#>-r_#>

-------------------

/zˈaʊ̯ɡn̩/ - /sˈuk/
[1/1] <#_z-<#_s / ˈaʊ̯-ˈu / ɡ-∅ / n-k

-------------------

/zˈaːɡn̩/ - /sˈeː/
[1/1] <#_z-<#_s / ˈaː-ˈeː / ɡ-∅ / n-∅

-------------------

/zˈeː/ - /sˈiː/
[1/1] <#_z-<#_s / ˈeː-ˈiː

-------------------

/zˈeːlə/ - /sˈɑːl/
[1/1] <#_z-<#_s / ˈeː-ˈɑː / l-l_#> / ə-∅

-------------------

/zˈeːən/ - /sˈiː/
[1/1] <#_z-<#_s / ˈeː-ˈiː / ə-∅ / n-∅

-------------------

/zˈiːbn̩/ - /sˈeːvən/
[1/1] <#_z-<#_s / ∅-ˈeː / ˈiː-v / b-ə / n-n_#>

-------------------

/zˈiːç/ - /sˈik/
[1/1] <#_z-<#_s / ˈiː-ˈi / ç_#>-k_#>

-------------------

/zˈoːn/ - /sˈɪn/
[1/1] <#_z-<#_s / ˈoː_n-ˈɪ_n

-------------------

/zˈuːxn̩/ - /sˈik/
[1/1] <#_z-<#_s / ˈuː-ˈi / x-k / n-∅

-------------------

/zˈyːs/ - /swˈit/
[1/1] <#_z-<#_s / ∅-w / ˈyː-ˈi / s_#>-t_#>

-------------------

/zˈɔmɐ/ - /sˈɪmər/
[1/1] <#_z-<#_s / ˈɔ-ˈɪ / ∅-m / m-ə / ɐ_#>-r_#>

-------------------

/zˈɛks/ - /sˈaks/
[1/1] <#_z-<#_s / ˈɛ-ˈa / k-k / s_#>-s_#>

-------------------

/zˈɛlbɐ/ - /sˈɛl/
[1/1] <#_z-<#_s / ˈɛ-ˈɛ / l-l / b-∅ / ɐ_#>-#>

-------------------

/zˈɪŋən/ - /sˈɪŋ/
[1/1] <#_z-<#_s / ˈɪ-ˈɪ / ŋ_ə-ŋ_#> / n-∅

-------------------

/zˈɪʦn̩/ - /sˈɪt/
[1/1] <#_z-<#_s / ˈɪ-ˈɪ / ʦ-t / n-∅

-------------------

/ɡʁˈaːs/ - /ɡrˈɛs/
[1/1] <#_ɡ-<#_ɡ / ʁ-r / ˈaː-ˈɛ / s_#>-s_#>

-------------------

/ɡʁˈoːs/ - /ɡrˈɛt/
[1/1] <#_ɡ-<#_ɡ / ʁ-r / ˈoː-ˈɛ / s_#>-t_#>

-------------------

/ɡʁˈyːn/ - /ɡrˈin/
[1/1] <#_ɡ-<#_ɡ / ʁ-r / ˈyː-ˈi / n-n_#>

-------------------

/ɡˈans/ - /ɡˈøs/
[1/1] <#_ɡ-<#_ɡ / ˈa-∅ / n-ˈø / s_#>-s_#>

-------------------

/ɡˈast/ - /ɡˈɛst/
[1/1] <#_ɡ-<#_ɡ / ˈa_s-ˈɛ_s / t_#>-t_#>

-------------------

/ɡˈaɐn/ - /jˈeːrn/
[1/1] <#_ɡ-<#_j / ˈa_ɐ-ˈeː_r / n-n_#>

-------------------

/ɡˈaɪ̯s/ - /ɡˈeːt/
[1/1] <#_ɡ-<#_ɡ / ˈaɪ̯-ˈeː / s_#>-t_#>

-------------------

/ɡˈaɪ̯st/ - /ɡˈest/
[1/1] <#_ɡ-<#_ɡ / ˈaɪ̯-ˈe / s_t-s_t

-------------------

/ɡˈeːbn̩/ - /ɡˈiː/
[1/1] <#_ɡ-<#_ɡ / ˈeː-ˈiː / b-∅ / n-∅

-------------------

/ɡˈeːən/ - /ɡˈeː/
[1/1] <#_ɡ-<#_ɡ / ˈeː-ˈeː / ə-∅ / n-∅

-------------------

/ɡˈuːt/ - /ɡˈød/
[1/1] <#_ɡ-<#_ɡ / ˈuː-ˈø / t_#>-d_#>

-------------------

/ɡˈɔld̥/ - /ɡˈʌu̯d/
[1/1] <#_ɡ-<#_ɡ / ˈɔ_l-ˈʌu̯ / d̥_#>-d_#>

-------------------

/ɡˈɔt/ - /ɡˈod/
[1/1] <#_ɡ-<#_ɡ / ˈɔ-ˈo / t_#>-d_#>

-------------------

/ɡˈɛlb̥/ - /jˈɛlə/
[1/1] <#_ɡ-<#_j / ˈɛ-ˈɛ / l-l / b̥-ə

-------------------

/ʁˈaɪ̯ç/ - /rˈɪʧ/
[1/1] <#_ʁ-<#_r / ˈaɪ̯-ˈɪ / ç-ʧ

-------------------

/ʁˈaʊ̯x/ - /rˈik/
[1/1] <#_ʁ-<#_r / ˈaʊ̯-ˈi / x-k

-------------------

/ʁˈeːɡn̩/ - /rˈɛːn/
[1/1] <#_ʁ-<#_r / ˈeː-∅ / ɡ-ˈɛː / n-n_#>

-------------------

/ʁˈoːt/ - /rˈid/
[1/1] <#_ʁ-<#_r / ˈoː-ˈi / t_#>-d_#>

-------------------

/ʁˈɔs/ - /hˈors/
[1/1] ʁ-h / ˈɔ-ˈo / ∅-r / s_#>-s_#>

-------------------

/ʁˈɛçt/ - /rˈɪçt/
[1/1] <#_ʁ-<#_r / ˈɛ-ˈɪ / ç_t-ç_t

-------------------

/ʁˈɪŋ/ - /rˈɪŋ/
[1/1] <#_ʁ-<#_r / ˈɪ-ˈɪ / ŋ_#>-ŋ_#>

-------------------

/ʁˈʏkn̩/ - /rˈɪɡ/
[1/1] <#_ʁ-<#_r / ˈʏ_k-ˈɪ_ɡ / n-∅

-------------------

/ʃlˈaːfn̩/ - /slˈip/
[1/1] <#_ʃ-<#_s / l-l / ˈaː-ˈi / f_n-p

-------------------

/ʃlˈaːɡn̩/ - /slˈeː/
[1/1] <#_ʃ-<#_s / l-l / ˈaː-ˈeː / ɡ-∅ / n-∅

-------------------

/ʃnˈeː/ - /snˈɑː/
[1/1] <#_ʃ-<#_s / n-n / ˈeː-ˈɑː

-------------------

/ʃtˈaɪ̯n/ - /stˈen/
[1/1] <#_ʃ-<#_s / t-t / ˈaɪ̯-ˈe / n-n_#>

-------------------

/ʃtˈuːl/ - /stˈøl/
[1/1] <#_ʃ-<#_s / t-t / ˈuː-ˈø / l_#>-l_#>

-------------------

/ʃtˈɛɐn/ - /stˈarn/
[1/1] <#_ʃ-<#_s / t-t / ˈɛ-ˈa / ɐ_n-r_n

-------------------

/ʃtˈʊɐm/ - /stˈoːrm/
[1/1] <#_ʃ-<#_s / t-t / ˈʊ-ˈoː / ɐ-r / m_#>-m_#>

-------------------

/ʃvˈaɐʦ/ - /swˈart/
[1/1] <#_ʃ-<#_s / v-w / ˈa-ˈa / ɐ_ʦ-r_t

-------------------

/ʃvˈaɪ̯n/ - /swˈəi̯n/
[1/1] <#_ʃ-<#_s / v-w / ˈaɪ̯_n-ˈəi̯_n

-------------------

/ʃvˈaɪ̯s/ - /swˈet/
[1/1] <#_ʃ-<#_s / v-w / ˈaɪ̯-ˈe / s_#>-t_#>

-------------------

/ʃvˈeːɐt/ - /swˈʌrd/
[1/1] <#_ʃ-<#_s / v-w / ˈeː-ˈʌ / ɐ-r / t_#>-d_#>

-------------------

/ʃvˈɛstɐ/ - /sˈɪstər/
[1/1] <#_ʃ-<#_s / v-∅ / ˈɛ-ˈɪ / s_t-s_t / ∅-ə / ɐ_#>-r_#>

-------------------

/ʃvˈɛɐt/ - /swˈʌrd/
[1/1] <#_ʃ-<#_s / v-w / ˈɛ-ˈʌ / ɐ-r / t_#>-d_#>

-------------------

/ʃvˈɪmən/ - /sˈum/
[1/1] <#_ʃ-<#_s / v-∅ / ˈɪ-ˈu / m_ə-m_#> / n-∅

-------------------

/ʃˈaɐf/ - /ʃˈeːrp/
[1/1] <#_ʃ-<#_ʃ / ˈa_ɐ-ˈeː_r / f_#>-p_#>

-------------------

/ʃˈaɪ̯sə/ - /ʃˈəi̯t/
[1/1] <#_ʃ-<#_ʃ / ˈaɪ̯-ˈəi̯ / s_ə-t

-------------------

/ʃˈaːf/ - /ʃˈip/
[1/1] <#_ʃ-<#_ʃ / ˈaː-ˈi / f_#>-p_#>

-------------------

/ʃˈiːsn̩/ - /ʃˈøt/
[1/1] <#_ʃ-<#_ʃ / ˈiː-ˈø / s_n-t

-------------------

/ʃˈuː/ - /ʃˈøː/
[1/1] <#_ʃ-<#_ʃ / ˈuː-ˈøː

-------------------

/ʃˈøːn/ - /ʃˈin/
[1/1] <#_ʃ-<#_ʃ / ˈøː-ˈi / n-n_#>

-------------------

/ʃˈɪf/ - /ʃˈɪp/
[1/1] <#_ʃ-<#_ʃ / ˈɪ-ˈɪ / f_#>-p_#>

-------------------

/ʃˈɪld̥/ - /ʃˈild/
[1/1] <#_ʃ-<#_ʃ / ˈɪ-ˈi / l-l / d̥_#>-d_#>

-------------------

/ʦvˈanʦɪç/ - /tʰwˈɪnti/
[1/1] <#_ʦ-<#_tʰ / v-w / ˈa-ˈɪ / n-n / ʦ-t / ɪ_ç-i_#>

-------------------

/ʦvˈaɪ̯/ - /tʰwˈɑː/
[1/1] <#_ʦ-<#_tʰ / v-w / ˈaɪ̯-ˈɑː

-------------------

/ʦvˈœlf/ - /tʰwˈal/
[1/1] <#_ʦ-<#_tʰ / v-w / ˈœ-ˈa / l-l_#> / f-∅

-------------------

/ʦˈaɪ̯t/ - /tʰˈəi̯d/
[1/1] <#_ʦ-<#_tʰ / ˈaɪ̯-ˈəi̯ / t_#>-d_#>

-------------------

/ʦˈaɪ̯çn̩/ - /tʰˈekən/
[1/1] <#_ʦ-<#_tʰ / ˈaɪ̯-ˈe / ç-k / ∅-ə / n-n_#>

-------------------

/ʦˈaːn/ - /tʰˈøθ/
[1/1] <#_ʦ-<#_tʰ / ˈaː-ˈø / n-θ

-------------------

/ʦˈeː/ - /tʰˈeː/
[1/1] <#_ʦ-<#_tʰ / ˈeː-ˈeː

-------------------

/ʦˈeːn/ - /tʰˈɛn/
[1/1] <#_ʦ-<#_tʰ / ˈeː-ˈɛ / n-n_#>

-------------------

/ʦˈɛːʁə/ - /tʰˈiːr/
[1/1] <#_ʦ-<#_tʰ / ˈɛː-ˈiː / ʁ-r / ə-∅

-------------------

/ʦˈʊŋə/ - /tʰˈʌŋ/
[1/1] <#_ʦ-<#_tʰ / ˈʊ-ˈʌ / ŋ_ə-ŋ_#>

-------------------

/ˈafə/ - /ˈep/
[1/1] <#_ˈa-<#_ˈe / f-p_#> / ə-∅

-------------------

/ˈal/ - /ˈɑː/
[1/1] ˈa_l-ˈɑː

-------------------

/ˈalt/ - /ˈɑːld/
[1/1] ˈa-ˈɑː / l-l / t_#>-d_#>

-------------------

/ˈandəʁɐ/ - /ˈɪðɛr/
[1/1] ˈa-ˈɪ / n-∅ / d-ð / ə-ɛ / ʁ-r / ɐ_#>-#>

-------------------

/ˈap͡fl̩/ - /ˈepl̩/
[1/1] <#_ˈa-<#_ˈe / p͡f-p / l_#>-l_#>

-------------------

/ˈaxt/ - /ˈɛçt/
[1/1] <#_ˈa-<#_ˈɛ / x-ç / t_#>-t_#>

-------------------

/ˈaɐm/ - /ˈeːrm/
[1/1] ˈa_ɐ-ˈeː_r / m_#>-m_#>

-------------------

/ˈaɪ̯n/ - /ˈen/
[1/1] <#_ˈaɪ̯-<#_ˈe / n-n_#>

-------------------

/ˈaɪ̯s/ - /ˈəi̯s/
[1/1] ˈaɪ̯-ˈəi̯ / s_#>-s_#>

-------------------

/ˈaɪ̯çə/ - /ˈek/
[1/1] <#_ˈaɪ̯-<#_ˈe / ç-k / ə-∅

-------------------

/ˈaʃə/ - /ˈɛs/
[1/1] <#_ˈa-<#_ˈɛ / ʃ-s / ə-∅

-------------------

/ˈaʊ̯f/ - /ˈʌp/
[1/1] ˈaʊ̯-ˈʌ / f_#>-p_#>

-------------------

/ˈaʊ̯s/ - /ˈut/
[1/1] ˈaʊ̯-ˈu / s_#>-t_#>

-------------------

/ˈaːl/ - /ˈil/
[1/1] ˈaː-ˈi / l_#>-l_#>

-------------------

/ˈiːɐ/ - /jˈiː/
[1/1] <#-<#_j / ˈiː-ˈiː / ɐ_#>-#>

-------------------

/ˈoːɐ/ - /ˈiːr/
[1/1] ˈoː-ˈiː / ɐ_#>-r_#>

-------------------

/ˈyːbɐ/ - /ˈʌu̯ər/
[1/1] ˈyː-ˈʌu̯ / b-ə / ɐ_#>-r_#>

-------------------

/ˈɔʏ̯lə/ - /ˈul/
[1/1] ˈɔʏ̯-ˈu / l-l_#> / ə-∅

-------------------

/ˈɛkə/ - /ˈɛʤ/
[1/1] ˈɛ-ˈɛ / k-∅ / ə-ʤ

-------------------

/ˈɛsn̩/ - /ˈit/
[1/1] ˈɛ-ˈi / s_n-t

-------------------

/ˈɛɐdə/ - /jˈɪrd/
[1/1] <#-<#_j / ˈɛ-ˈɪ / ɐ-r / d-d / ə-∅

-------------------

/ˈɪn/ - /ˈɪn/
[1/1] ˈɪ_n-ˈɪ_n

-------------------

/ˈʊns/ - /ˈʌs/
[1/1] <#_ˈʊ-<#_ˈʌ / n-∅ / s_#>-s_#>

-------------------

/ˈʊntɐ/ - /ˈʌnər/
[1/1] <#_ˈʊ-<#_ˈʌ / n-n / t-ə / ɐ_#>-r_#>

-------------------

