Same meaning pairs: 214
****SAMPLE 1****
Iteration 1
	Qualified: 169
	Disqualified: 173
	Added: 0
	Removed: 2
		mond /mˈɔnt/ - Muul /mˈuːl/
		bij /bˈɛi̯/ - Im /ˈɪm/

Iteration 2
	Qualified: 168
	Disqualified: 174
	Added: 0
	Removed: 1
		ons /ˈɔns/ - us /ˈuːs/

Iteration 3
	Qualified: 170
	Disqualified: 172
	Added: 2
		mond /mˈɔnt/ - Muul /mˈuːl/
		ons /ˈɔns/ - us /ˈuːs/
	Removed: 0

Iteration 4
	Qualified: 170
	Disqualified: 172
	Added: 0
	Removed: 0

Final qualifying:
		bloem /bɫˈum/ - Blome /blˈoːmə/
		bloed /bɫˈut/ - Blood /blˈoːd/
		blad /bɫˈɑt/ - Blad /blˈad/
		brood /bɾˈoːt/ - Braud /brˈaʊ̯d/
		broeder /bɾˈudəɾ/ - Broer /brˈoːɐ/
		broer /bɾˈuɾ/ - Broer /brˈoːɐ/
		brug /bɾˈʏχ/ - Brügge /brˈʏɣə/
		been /bˈeːn/ - Been /bˈeːn/
		beter /bˈeːtəɾ/ - biäter /bˈɪɛ̯tɐ/
		beer /bˈeːɾ/ - Bäer /bˈɛːɐ/
		bieden /bˈidən/ - baiden /bˈaɪ̯dn̩/
		boom /bˈoːm/ - Baum /bˈaʊ̯m/
		borst /bˈɔɾst/ - Buorst /bˈuːə̯st/
		bijten /bˈɛi̯tən/ - biten /bˈiːtn̩/
		berg /bˈɛɾχ/ - Biärg /bˈɪɛ̯ɐx/
		droom /dɾˈoːm/ - Draum /drˈaʊ̯m/
		dromen /dɾˈoːmən/ - draimen /drˈaɪ̯mn̩/
		droog /dɾˈoːχ/ - drüüg /drˈyːç/
		drijven /dɾˈɛi̯vən/ - driwen /drˈiːvn̩/
		drinken /dɾˈɪŋkən/ - drinken /drˈɪŋkn̩/
		dief /dˈif/ - Daiw /dˈaɪ̯f/
		diep /dˈip/ - daip /dˈaɪ̯p/
		dier /dˈiɾ/ - Dier /dˈiːɐ/
		dood /dˈoːt/ - Daut /dˈaʊ̯t/
		doorn /dˈoːɾn/ - Däön /dˈœːn/
		duits /dˈœy̯ts/ - düütsk /dˈyːtʃk/
		danken /dˈɑŋkən/ - danken /dˈaŋkn̩/
		dik /dˈɪk/ - dik /dˈɪk/
		jaar /jˈaːɾ/ - Jaor /jˈɔːɐ/
		jong /jˈɔŋ/ - jung /jˈʊŋ/
		kaas /kˈaːs/ - Kaise /kˈaɪ̯zə/
		koe /kˈu/ - Kau /kˈaʊ̯/
		kuiken /kˈœy̯kən/ - Küken /kˈyːkn̩/
		koud /kˈɑu̯t/ - kolt /kˈɔlt/
		kalf /kˈɑɫf/ - Kalw /kˈalf/
		kop /kˈɔp/ - Kop /kˈɔp/
		kerk /kˈɛɾk/ - Kiärk /kˈɪɛ̯k/
		kind /kˈɪnt/ - Kind /kˈɪnd/
		kunnen /kˈʏnən/ - küënen /kˈyə̯n̩/
		lopen /lˈoːpən/ - laupen /lˈaʊ̯pn̩/
		maan /mˈaːn/ - Maond /mˈɔːnd/
		moeder /mˈudəɾ/ - Moder /mˈoːdɐ/
		muis /mˈœy̯s/ - Mus /mˈʊs/
		muil /mˈœy̯ɫ/ - Muul /mˈuːl/
		muil /mˈœy̯ɫ/ - Mund /mˈʊnd/
		man /mˈɑn/ - Man /mˈan/
		mond /mˈɔnt/ - Muul /mˈuːl/
		mond /mˈɔnt/ - Mund /mˈʊnd/
		mens /mˈɛns/ - Mensk /mˈɛnʃk/
		melk /mˈɛɫk/ - Miälk /mˈɪɛ̯lk/
		naam /nˈaːm/ - Naome /nˈɔːmə/
		nagel /nˈaːχəɫ/ - Nagel /nˈaːɡl̩/
		negen /nˈeːχən/ - niëgen /nˈɪə̯ɣn̩/
		nieuw /nˈiw/ - ni /nˈiː/
		neus /nˈøːs/ - Niërse /nˈɪə̯sə/
		nacht /nˈɑχt/ - Nacht /nˈax/
		sneeuw /snˈeːw/ - Snai /ʃnˈaɪ̯/
		spraak /spɾˈaːk/ - Spraok /ʃprˈɔːk/
		steen /stˈeːn/ - Steen /ʃtˈeːn/
		storm /stˈɔɾm/ - Stuorm /ʃtˈuːə̯m/
		ster /stˈɛɾ/ - Stään /ʃtˈɛːn/
		slang /sɫˈɑŋ/ - Slange /ʃlˈaŋə/
		schaap /sχˈaːp/ - Schaop /ʃˈɔːp/
		schijt /sχˈɛi̯t/ - Schiete /ʃˈiːtə/
		scherp /sχˈɛɾp/ - scharp /ʃˈaɐp/
		schip /sχˈɪp/ - Schip /ʃˈɪp/
		traan /tɾˈaːn/ - Träöne /trˈœːnə/
		twaalf /tʋˈaːləf/ - twiälw /tvˈiɛ̯lf/
		twintig /tʋˈɪntəχ/ - twintig /twˈɪntɪç/
		tien /tˈin/ - tain /tˈaɪ̯n/
		tand /tˈɑnt/ - Tan /tˈan/
		tong /tˈɔŋ/ - Tunge /tˈʊŋə/
		tijd /tˈɛi̯t/ - Tiet /tˈiːt/
		vlees /vɫˈeːs/ - Fleesk /flˈeːʃk/
		vlieg /vɫˈiχ/ - Flaige /flˈaɪ̯ɡə/
		vliegen /vɫˈiχən/ - flaigen /flˈaɪ̯ŋ/
		vriend /vɾˈint/ - Frönd /frˈønd/
		vriezen /vɾˈizən/ - fraisen /frˈaɪ̯zn̩/
		vrouw /vɾˈɑu̯/ - Frau /frˈaʊ̯/
		vader /vˈaːdəɾ/ - Vader /fˈaːdɐ/
		veer /vˈeːɾ/ - Fiädder /fˈɪɛ̯dɐ/
		vogel /vˈoːχəɫ/ - Vuëgel /fˈuə̯ɡl̩/
		voet /vˈut/ - Foot /fˈoːt/
		voeten /vˈutən/ - Fööte /fˈøːtə/
		voelen /vˈuɫən/ - fölen /fˈøːln̩/
		vuur /vˈyːɾ/ - Füer /fˈyːɐ/
		vos /vˈɔs/ - Fos /fˈɔs/
		vol /vˈɔɫ/ - vul /fˈʊl/
		vijf /vˈɛi̯f/ - fiew /fˈiːf/
		vis /vˈɪs/ - Fisk /fˈɪʃk/
		vinger /vˈɪŋəɾ/ - Finger /fˈɪŋɐ/
		zwart /zʋˈɑɾt/ - swat /ʃwˈat/
		zwijn /zʋˈɛi̯n/ - Swien /ʃwˈiːn/
		zwemmen /zʋˈɛmən/ - swemmen /ʃwˈɛm/
		zien /zˈin/ - sain /sˈaɪ̯n/
		ziel /zˈiɫ/ - Siäl /sˈɪɛ̯l/
		zoon /zˈoːn/ - Suon /sˈuːə̯n/
		zoet /zˈut/ - sööt /sˈøːt/
		zand /zˈɑnt/ - Sand /sˈand/
		zout /zˈɑu̯t/ - Solt /sˈɔlt/
		zijde /zˈɛi̯də/ - Siet /sˈiːt/
		zes /zˈɛs/ - ses /sˈɛs/
		zeggen /zˈɛχən/ - säggen /sˈɛɡn̩/
		zitten /zˈɪtən/ - sitten /sˈɪtn̩/
		zingen /zˈɪŋən/ - singen /sˈɪŋ/
		zuster /zˈʏstəɾ/ - Süster /sˈʏstɐ/
		hier /ɦˈiɾ/ - hier /hˈiːɐ/
		hoofd /ɦˈoːft/ - Kop /kˈɔp/
		honing /ɦˈoːnɪŋ/ - Hannig /hˈanɪç/
		horen /ɦˈoːɾən/ - häöern /hˈœːɐn/
		hoog /ɦˈoːχ/ - haug /hˈaʊ̯x/
		huis /ɦˈœy̯s/ - Hus /hˈʊs/
		huid /ɦˈœy̯t/ - Huut /hˈuːt/
		hand /ɦˈɑnt/ - Hand /hˈand/
		hart /ɦˈɑɾt/ - Hiärt /hˈɪɛ̯t/
		honderd /ɦˈɔndəɾt/ - hunnert /hˈʊnɐt/
		honger /ɦˈɔŋəɾ/ - Hunger /hˈʊŋɐ/
		hebben /ɦˈɛbən/ - häbben /hˈɛbn̩/
		heilig /ɦˈɛi̯ɫəχ/ - hillig /hˈɪlɪç/
		hen /ɦˈɛn/ - Hän /hˈɛn/
		lam /ɫˈɑm/ - Lamm /lˈam/
		land /ɫˈɑnt/ - Land /lˈand/
		lang /ɫˈɑŋ/ - lang /lˈaŋ/
		lachen /ɫˈɑχən/ - lachen /lˈaxn̩/
		licht /ɫˈɪχt/ - licht /lˈɪç/
		regen /ɾˈeːχən/ - Riängen /rˈɪɛ̯ŋn̩/
		rood /ɾˈoːt/ - raud /rˈaʊ̯d/
		recht /ɾˈɛχt/ - Rächt /rˈɛçt/
		ring /ɾˈɪŋ/ - Ring /rˈɪŋ/
		water /ʋˈaːtəɾ/ - Water /wˈaːtɐ/
		weten /ʋˈeːtən/ - wiëten /wˈiə̯tn̩/
		weer /ʋˈeːɾ/ - Wiär /wˈɪɛ̯ɐ/
		warm /ʋˈɑɾm/ - waam /wˈaːm/
		wolf /ʋˈɔɫf/ - Wulf /wˈʊlf/
		worm /ʋˈɔɾm/ - Wuorm /wˈuːə̯m/
		wij /ʋˈɛi̯/ - wi /vˈiː/
		wijf /ʋˈɛi̯f/ - Wief /wˈiːf/
		wensen /ʋˈɛnsən/ - wünsken /wˈʏnʃkn̩/
		wind /ʋˈɪnt/ - Wind /wˈɪnd/
		wit /ʋˈɪt/ - witt /wˈɪt/
		aap /ˈaːp/ - Ape /ˈaːpə/
		aal /ˈaːɫ/ - Aol /ˈɔːl/
		aarde /ˈaːɾdə/ - Äer /ˈɛːɐ/
		oor /ˈoːɾ/ - Aor /ˈɔːɐ/
		oog /ˈoːχ/ - Auge /ˈaʊ̯ɣə/
		uit /ˈœy̯t/ - uut /ˈuːt/
		uil /ˈœy̯ɫ/ - Uul /ˈuːl/
		ander /ˈɑndəɾ/ - änner /ˈɛnɐ/
		appel /ˈɑpəɫ/ - Appel /ˈapl̩/
		as /ˈɑs/ - Aʃke /ˈaʃkə/
		oud /ˈɑu̯t/ - olt /ˈɔlt/
		al /ˈɑɫ/ - alle /ˈalə/
		acht /ˈɑχt/ - acht /ˈaxt/
		ons /ˈɔns/ - us /ˈuːs/
		ei /ˈɛi̯/ - Ai /ˈaɪ̯/
		eik /ˈɛi̯k/ - Eke /ˈeːkə/
		ijs /ˈɛi̯s/ - Ies /ˈiːs/
		elf /ˈɛləf/ - elwe /ˈɛlvə/
		ik /ˈɪk/ - ik /ˈɪk/
		imme /ˈɪmə/ - Im /ˈɪm/
		in /ˈɪn/ - in /ˈɪn/
		groot /χɾˈoːt/ - graut /xrˈaʊ̯t/
		groen /χɾˈun/ - gröön /xrˈøːn/
		gras /χɾˈɑs/ - Gräs /xrˈɛːs/
		geest /χˈeːst/ - Geest /xˈeːst/
		geven /χˈeːvən/ - giëwen /xˈɪə̯vn̩/
		geel /χˈeːɫ/ - giäl /xˈɪɛ̯l/
		goed /χˈut/ - guët /xˈuə̯t/
		gans /χˈɑns/ - Gaus /xˈaʊ̯s/
		god /χˈɔt/ - Guod /xˈuːə̯d/

Final disqualified:
		bij /bˈɛi̯/ - Im /ˈɪm/


-------------------

****SAMPLE 2****
Iteration 1
	Qualified: 170
	Disqualified: 172
	Added: 0
	Removed: 1
		bij /bˈɛi̯/ - Im /ˈɪm/

Iteration 2
	Qualified: 170
	Disqualified: 172
	Added: 0
	Removed: 0

Final qualifying:
		bloem /bɫˈum/ - Blome /blˈoːmə/
		bloed /bɫˈut/ - Blood /blˈoːd/
		blad /bɫˈɑt/ - Blad /blˈad/
		brood /bɾˈoːt/ - Braud /brˈaʊ̯d/
		broeder /bɾˈudəɾ/ - Broer /brˈoːɐ/
		broer /bɾˈuɾ/ - Broer /brˈoːɐ/
		brug /bɾˈʏχ/ - Brügge /brˈʏɣə/
		been /bˈeːn/ - Been /bˈeːn/
		beter /bˈeːtəɾ/ - biäter /bˈɪɛ̯tɐ/
		beer /bˈeːɾ/ - Bäer /bˈɛːɐ/
		bieden /bˈidən/ - baiden /bˈaɪ̯dn̩/
		boek /bˈuk/ - Book /bˈoːk/
		bad /bˈɑt/ - Baad /bˈaːd/
		bijten /bˈɛi̯tən/ - biten /bˈiːtn̩/
		bidden /bˈɪdən/ - bidden /bˈɪdn̩/
		drie /dɾˈi/ - drai /drˈaɪ̯/
		droom /dɾˈoːm/ - Draum /drˈaʊ̯m/
		dromen /dɾˈoːmən/ - draimen /drˈaɪ̯mn̩/
		droog /dɾˈoːχ/ - drüüg /drˈyːç/
		drijven /dɾˈɛi̯vən/ - driwen /drˈiːvn̩/
		drinken /dɾˈɪŋkən/ - drinken /drˈɪŋkn̩/
		dief /dˈif/ - Daiw /dˈaɪ̯f/
		dier /dˈiɾ/ - Dier /dˈiːɐ/
		dood /dˈoːt/ - Daut /dˈaʊ̯t/
		doorn /dˈoːɾn/ - Däön /dˈœːn/
		duur /dˈyːɾ/ - düer /dˈyːɐ/
		duits /dˈœy̯ts/ - düütsk /dˈyːtʃk/
		danken /dˈɑŋkən/ - danken /dˈaŋkn̩/
		dag /dˈɑχ/ - Dag /dˈax/
		donder /dˈɔndəɾ/ - Dunner /dˈʊnɐ/
		dochter /dˈɔχtəɾ/ - Dochter /dˈɔxtɐ/
		dik /dˈɪk/ - dik /dˈɪk/
		ding /dˈɪŋ/ - Dingen /dˈɪŋn/
		jaar /jˈaːɾ/ - Jaor /jˈɔːɐ/
		jong /jˈɔŋ/ - jung /jˈʊŋ/
		knie /knˈi/ - Knai /knˈaɪ̯/
		kaas /kˈaːs/ - Kaise /kˈaɪ̯zə/
		koe /kˈu/ - Kau /kˈaʊ̯/
		kuiken /kˈœy̯kən/ - Küken /kˈyːkn̩/
		koud /kˈɑu̯t/ - kolt /kˈɔlt/
		kalf /kˈɑɫf/ - Kalw /kˈalf/
		kop /kˈɔp/ - Kop /kˈɔp/
		lopen /lˈoːpən/ - laupen /lˈaʊ̯pn̩/
		maan /mˈaːn/ - Maond /mˈɔːnd/
		muis /mˈœy̯s/ - Mus /mˈʊs/
		man /mˈɑn/ - Man /mˈan/
		macht /mˈɑχt/ - Macht /mˈaxt/
		mond /mˈɔnt/ - Mund /mˈʊnd/
		mij /mˈɛi̯/ - mi /mˈiː/
		mens /mˈɛns/ - Mensk /mˈɛnʃk/
		melk /mˈɛɫk/ - Miälk /mˈɪɛ̯lk/
		naam /nˈaːm/ - Naome /nˈɔːmə/
		nagel /nˈaːχəɫ/ - Nagel /nˈaːɡl̩/
		negen /nˈeːχən/ - niëgen /nˈɪə̯ɣn̩/
		nieuw /nˈiw/ - ni /nˈiː/
		neus /nˈøːs/ - Niërse /nˈɪə̯sə/
		nacht /nˈɑχt/ - Nacht /nˈax/
		sneeuw /snˈeːw/ - Snai /ʃnˈaɪ̯/
		steen /stˈeːn/ - Steen /ʃtˈeːn/
		stoel /stˈuɫ/ - Stool /ʃtˈoːl/
		storm /stˈɔɾm/ - Stuorm /ʃtˈuːə̯m/
		ster /stˈɛɾ/ - Stään /ʃtˈɛːn/
		slaan /sɫˈaːn/ - slaon /ʃlˈɔːn/
		slapen /sɫˈaːpən/ - slaopen /ʃlˈɔːbm̩/
		slang /sɫˈɑŋ/ - Slange /ʃlˈaŋə/
		schoon /sχˈoːn/ - schöön /ʃˈøːn/
		scherp /sχˈɛɾp/ - scharp /ʃˈaɐp/
		schip /sχˈɪp/ - Schip /ʃˈɪp/
		traan /tɾˈaːn/ - Träöne /trˈœːnə/
		twee /tʋˈeː/ - twe /twˈeː/
		twintig /tʋˈɪntəχ/ - twintig /twˈɪntɪç/
		tien /tˈin/ - tain /tˈaɪ̯n/
		tand /tˈɑnt/ - Tan /tˈan/
		tong /tˈɔŋ/ - Tunge /tˈʊŋə/
		tijd /tˈɛi̯t/ - Tiet /tˈiːt/
		vlees /vɫˈeːs/ - Fleesk /flˈeːʃk/
		vlieg /vɫˈiχ/ - Flaige /flˈaɪ̯ɡə/
		vliegen /vɫˈiχən/ - flaigen /flˈaɪ̯ŋ/
		vriezen /vɾˈizən/ - fraisen /frˈaɪ̯zn̩/
		vrouw /vɾˈɑu̯/ - Frau /frˈaʊ̯/
		vader /vˈaːdəɾ/ - Vader /fˈaːdɐ/
		vier /vˈiɾ/ - veer /fˈeːɐ/
		vogel /vˈoːχəɫ/ - Vuëgel /fˈuə̯ɡl̩/
		voet /vˈut/ - Foot /fˈoːt/
		voeten /vˈutən/ - Fööte /fˈøːtə/
		voelen /vˈuɫən/ - fölen /fˈøːln̩/
		vuur /vˈyːɾ/ - Füer /fˈyːɐ/
		vos /vˈɔs/ - Fos /fˈɔs/
		vijf /vˈɛi̯f/ - fiew /fˈiːf/
		vers /vˈɛɾs/ - frisch /frˈɪʃ/
		vis /vˈɪs/ - Fisk /fˈɪʃk/
		vinger /vˈɪŋəɾ/ - Finger /fˈɪŋɐ/
		zwart /zʋˈɑɾt/ - swat /ʃwˈat/
		zwijn /zʋˈɛi̯n/ - Swien /ʃwˈiːn/
		zwemmen /zʋˈɛmən/ - swemmen /ʃwˈɛm/
		zeven /zˈeːvən/ - siëwen /sˈɪə̯vn̩/
		ziel /zˈiɫ/ - Siäl /sˈɪɛ̯l/
		zoon /zˈoːn/ - Suon /sˈuːə̯n/
		zoet /zˈut/ - sööt /sˈøːt/
		zand /zˈɑnt/ - Sand /sˈand/
		zout /zˈɑu̯t/ - Solt /sˈɔlt/
		zes /zˈɛs/ - ses /sˈɛs/
		zeggen /zˈɛχən/ - säggen /sˈɛɡn̩/
		zitten /zˈɪtən/ - sitten /sˈɪtn̩/
		zingen /zˈɪŋən/ - singen /sˈɪŋ/
		zuster /zˈʏstəɾ/ - Süster /sˈʏstɐ/
		haar /ɦˈaːɾ/ - Haor /hˈɔːɐ/
		heet /ɦˈeːt/ - heet /hˈeːt/
		hier /ɦˈiɾ/ - hier /hˈiːɐ/
		hoofd /ɦˈoːft/ - Kop /kˈɔp/
		honing /ɦˈoːnɪŋ/ - Hannig /hˈanɪç/
		hoog /ɦˈoːχ/ - haug /hˈaʊ̯x/
		huid /ɦˈœy̯t/ - Huut /hˈuːt/
		hand /ɦˈɑnt/ - Hand /hˈand/
		hart /ɦˈɑɾt/ - Hiärt /hˈɪɛ̯t/
		honger /ɦˈɔŋəɾ/ - Hunger /hˈʊŋɐ/
		hebben /ɦˈɛbən/ - häbben /hˈɛbn̩/
		hen /ɦˈɛn/ - Hän /hˈɛn/
		lang /ɫˈɑŋ/ - lang /lˈaŋ/
		lachen /ɫˈɑχən/ - lachen /lˈaxn̩/
		regen /ɾˈeːχən/ - Riängen /rˈɪɛ̯ŋn̩/
		rook /ɾˈoːk/ - Rauk /rˈaʊ̯k/
		rood /ɾˈoːt/ - raud /rˈaʊ̯d/
		rijk /ɾˈɛi̯k/ - riek /rˈiːk/
		ring /ɾˈɪŋ/ - Ring /rˈɪŋ/
		weten /ʋˈeːtən/ - wiëten /wˈiə̯tn̩/
		weer /ʋˈeːɾ/ - Wiär /wˈɪɛ̯ɐ/
		woord /ʋˈoːɾt/ - Waod /wˈɔːd/
		wat /ʋˈɑt/ - wat /wˈat/
		warm /ʋˈɑɾm/ - waam /wˈaːm/
		wol /ʋˈɔɫ/ - Wulle /wˈʊlə/
		wolf /ʋˈɔɫf/ - Wulf /wˈʊlf/
		worm /ʋˈɔɾm/ - Wuorm /wˈuːə̯m/
		wij /ʋˈɛi̯/ - wi /vˈiː/
		wijf /ʋˈɛi̯f/ - Wief /wˈiːf/
		wensen /ʋˈɛnsən/ - wünsken /wˈʏnʃkn̩/
		weg /ʋˈɛχ/ - Wäg /wˈɛç/
		wind /ʋˈɪnt/ - Wind /wˈɪnd/
		aap /ˈaːp/ - Ape /ˈaːpə/
		aal /ˈaːɫ/ - Aol /ˈɔːl/
		aarde /ˈaːɾdə/ - Äer /ˈɛːɐ/
		één /ˈeːn/ - een /ˈeːn/
		oor /ˈoːɾ/ - Aor /ˈɔːɐ/
		oog /ˈoːχ/ - Auge /ˈaʊ̯ɣə/
		uit /ˈœy̯t/ - uut /ˈuːt/
		uil /ˈœy̯ɫ/ - Uul /ˈuːl/
		ander /ˈɑndəɾ/ - änner /ˈɛnɐ/
		appel /ˈɑpəɫ/ - Appel /ˈapl̩/
		oud /ˈɑu̯t/ - olt /ˈɔlt/
		al /ˈɑɫ/ - alle /ˈalə/
		arm /ˈɑɾm/ - Arm /ˈaɐm/
		acht /ˈɑχt/ - acht /ˈaxt/
		ons /ˈɔns/ - us /ˈuːs/
		ei /ˈɛi̯/ - Ai /ˈaɪ̯/
		eik /ˈɛi̯k/ - Eke /ˈeːkə/
		eg /ˈɛχ/ - Ek /ˈɛk/
		ik /ˈɪk/ - ik /ˈɪk/
		imme /ˈɪmə/ - Im /ˈɪm/
		in /ˈɪn/ - in /ˈɪn/
		groot /χɾˈoːt/ - graut /xrˈaʊ̯t/
		groen /χɾˈun/ - gröön /xrˈøːn/
		gras /χɾˈɑs/ - Gräs /xrˈɛːs/
		geest /χˈeːst/ - Geest /xˈeːst/
		geven /χˈeːvən/ - giëwen /xˈɪə̯vn̩/
		geel /χˈeːɫ/ - giäl /xˈɪɛ̯l/
		goed /χˈut/ - guët /xˈuə̯t/
		gans /χˈɑns/ - Gaus /xˈaʊ̯s/
		gast /χˈɑst/ - Gast /xˈas/
		goud /χˈɑu̯t/ - Güld /xˈʏld/
		god /χˈɔt/ - Guod /xˈuːə̯d/

Final disqualified:
		bij /bˈɛi̯/ - Im /ˈɪm/


-------------------

****SAMPLE 3****
Iteration 1
	Qualified: 169
	Disqualified: 173
	Added: 0
	Removed: 2
		oven /ˈoːvən/ - Uom /ˈuːə̯m/
		bij /bˈɛi̯/ - Im /ˈɪm/

Iteration 2
	Qualified: 168
	Disqualified: 174
	Added: 0
	Removed: 1
		oud /ˈɑu̯t/ - olt /ˈɔlt/

Iteration 3
	Qualified: 169
	Disqualified: 173
	Added: 1
		oud /ˈɑu̯t/ - olt /ˈɔlt/
	Removed: 0

Final qualifying:
		bloem /bɫˈum/ - Blome /blˈoːmə/
		bloed /bɫˈut/ - Blood /blˈoːd/
		blad /bɫˈɑt/ - Blad /blˈad/
		brood /bɾˈoːt/ - Braud /brˈaʊ̯d/
		broeder /bɾˈudəɾ/ - Broer /brˈoːɐ/
		broer /bɾˈuɾ/ - Broer /brˈoːɐ/
		been /bˈeːn/ - Been /bˈeːn/
		beer /bˈeːɾ/ - Bäer /bˈɛːɐ/
		bieden /bˈidən/ - baiden /bˈaɪ̯dn̩/
		boek /bˈuk/ - Book /bˈoːk/
		borst /bˈɔɾst/ - Buorst /bˈuːə̯st/
		bijten /bˈɛi̯tən/ - biten /bˈiːtn̩/
		bidden /bˈɪdən/ - bidden /bˈɪdn̩/
		droom /dɾˈoːm/ - Draum /drˈaʊ̯m/
		dromen /dɾˈoːmən/ - draimen /drˈaɪ̯mn̩/
		droog /dɾˈoːχ/ - drüüg /drˈyːç/
		drijven /dɾˈɛi̯vən/ - driwen /drˈiːvn̩/
		drinken /dɾˈɪŋkən/ - drinken /drˈɪŋkn̩/
		dief /dˈif/ - Daiw /dˈaɪ̯f/
		dood /dˈoːt/ - Daut /dˈaʊ̯t/
		doorn /dˈoːɾn/ - Däön /dˈœːn/
		duur /dˈyːɾ/ - düer /dˈyːɐ/
		duizend /dˈœy̯zənt/ - dusend /dˈuːzn̩d/
		danken /dˈɑŋkən/ - danken /dˈaŋkn̩/
		dag /dˈɑχ/ - Dag /dˈax/
		dor /dˈɔɾ/ - drüüg /drˈyːç/
		dochter /dˈɔχtəɾ/ - Dochter /dˈɔxtɐ/
		dik /dˈɪk/ - dik /dˈɪk/
		ding /dˈɪŋ/ - Dingen /dˈɪŋn/
		jaar /jˈaːɾ/ - Jaor /jˈɔːɐ/
		jong /jˈɔŋ/ - jung /jˈʊŋ/
		knie /knˈi/ - Knai /knˈaɪ̯/
		koe /kˈu/ - Kau /kˈaʊ̯/
		kuiken /kˈœy̯kən/ - Küken /kˈyːkn̩/
		koud /kˈɑu̯t/ - kolt /kˈɔlt/
		kalf /kˈɑɫf/ - Kalw /kˈalf/
		kop /kˈɔp/ - Kop /kˈɔp/
		kunnen /kˈʏnən/ - küënen /kˈyə̯n̩/
		lopen /lˈoːpən/ - laupen /lˈaʊ̯pn̩/
		maan /mˈaːn/ - Maond /mˈɔːnd/
		moeder /mˈudəɾ/ - Moder /mˈoːdɐ/
		muis /mˈœy̯s/ - Mus /mˈʊs/
		muil /mˈœy̯ɫ/ - Muul /mˈuːl/
		muil /mˈœy̯ɫ/ - Mund /mˈʊnd/
		man /mˈɑn/ - Man /mˈan/
		macht /mˈɑχt/ - Macht /mˈaxt/
		mond /mˈɔnt/ - Muul /mˈuːl/
		mond /mˈɔnt/ - Mund /mˈʊnd/
		mij /mˈɛi̯/ - mi /mˈiː/
		mens /mˈɛns/ - Mensk /mˈɛnʃk/
		naam /nˈaːm/ - Naome /nˈɔːmə/
		nagel /nˈaːχəɫ/ - Nagel /nˈaːɡl̩/
		negen /nˈeːχən/ - niëgen /nˈɪə̯ɣn̩/
		nieuw /nˈiw/ - ni /nˈiː/
		neus /nˈøːs/ - Niërse /nˈɪə̯sə/
		nacht /nˈɑχt/ - Nacht /nˈax/
		spraak /spɾˈaːk/ - Spraok /ʃprˈɔːk/
		steen /stˈeːn/ - Steen /ʃtˈeːn/
		stoel /stˈuɫ/ - Stool /ʃtˈoːl/
		storm /stˈɔɾm/ - Stuorm /ʃtˈuːə̯m/
		ster /stˈɛɾ/ - Stään /ʃtˈɛːn/
		slaan /sɫˈaːn/ - slaon /ʃlˈɔːn/
		slang /sɫˈɑŋ/ - Slange /ʃlˈaŋə/
		schaap /sχˈaːp/ - Schaop /ʃˈɔːp/
		schoon /sχˈoːn/ - schöön /ʃˈøːn/
		schijt /sχˈɛi̯t/ - Schiete /ʃˈiːtə/
		scherp /sχˈɛɾp/ - scharp /ʃˈaɐp/
		schip /sχˈɪp/ - Schip /ʃˈɪp/
		traan /tɾˈaːn/ - Träöne /trˈœːnə/
		twaalf /tʋˈaːləf/ - twiälw /tvˈiɛ̯lf/
		twee /tʋˈeː/ - twe /twˈeː/
		tien /tˈin/ - tain /tˈaɪ̯n/
		tand /tˈɑnt/ - Tan /tˈan/
		tong /tˈɔŋ/ - Tunge /tˈʊŋə/
		tijd /tˈɛi̯t/ - Tiet /tˈiːt/
		vlieg /vɫˈiχ/ - Flaige /flˈaɪ̯ɡə/
		vliegen /vɫˈiχən/ - flaigen /flˈaɪ̯ŋ/
		vriend /vɾˈint/ - Frönd /frˈønd/
		vriezen /vɾˈizən/ - fraisen /frˈaɪ̯zn̩/
		vrij /vɾˈɛi̯/ - fri /frˈiː/
		vader /vˈaːdəɾ/ - Vader /fˈaːdɐ/
		veer /vˈeːɾ/ - Fiädder /fˈɪɛ̯dɐ/
		vier /vˈiɾ/ - veer /fˈeːɐ/
		vogel /vˈoːχəɫ/ - Vuëgel /fˈuə̯ɡl̩/
		voeten /vˈutən/ - Fööte /fˈøːtə/
		voelen /vˈuɫən/ - fölen /fˈøːln̩/
		vuur /vˈyːɾ/ - Füer /fˈyːɐ/
		vos /vˈɔs/ - Fos /fˈɔs/
		vol /vˈɔɫ/ - vul /fˈʊl/
		vijf /vˈɛi̯f/ - fiew /fˈiːf/
		vers /vˈɛɾs/ - frisch /frˈɪʃ/
		vinger /vˈɪŋəɾ/ - Finger /fˈɪŋɐ/
		zwart /zʋˈɑɾt/ - swat /ʃwˈat/
		zwijn /zʋˈɛi̯n/ - Swien /ʃwˈiːn/
		zeven /zˈeːvən/ - siëwen /sˈɪə̯vn̩/
		zien /zˈin/ - sain /sˈaɪ̯n/
		ziel /zˈiɫ/ - Siäl /sˈɪɛ̯l/
		zoet /zˈut/ - sööt /sˈøːt/
		zand /zˈɑnt/ - Sand /sˈand/
		zout /zˈɑu̯t/ - Solt /sˈɔlt/
		zijde /zˈɛi̯də/ - Siet /sˈiːt/
		zes /zˈɛs/ - ses /sˈɛs/
		zeggen /zˈɛχən/ - säggen /sˈɛɡn̩/
		zitten /zˈɪtən/ - sitten /sˈɪtn̩/
		zuster /zˈʏstəɾ/ - Süster /sˈʏstɐ/
		haas /ɦˈaːs/ - Håås /hˈɒːs/
		haar /ɦˈaːɾ/ - Haor /hˈɔːɐ/
		hier /ɦˈiɾ/ - hier /hˈiːɐ/
		hoofd /ɦˈoːft/ - Kop /kˈɔp/
		honing /ɦˈoːnɪŋ/ - Hannig /hˈanɪç/
		horen /ɦˈoːɾən/ - häöern /hˈœːɐn/
		hoog /ɦˈoːχ/ - haug /hˈaʊ̯x/
		huis /ɦˈœy̯s/ - Hus /hˈʊs/
		huid /ɦˈœy̯t/ - Huut /hˈuːt/
		hart /ɦˈɑɾt/ - Hiärt /hˈɪɛ̯t/
		honger /ɦˈɔŋəɾ/ - Hunger /hˈʊŋɐ/
		hebben /ɦˈɛbən/ - häbben /hˈɛbn̩/
		heilig /ɦˈɛi̯ɫəχ/ - hillig /hˈɪlɪç/
		hen /ɦˈɛn/ - Hän /hˈɛn/
		lam /ɫˈɑm/ - Lamm /lˈam/
		land /ɫˈɑnt/ - Land /lˈand/
		lang /ɫˈɑŋ/ - lang /lˈaŋ/
		lachen /ɫˈɑχən/ - lachen /lˈaxn̩/
		licht /ɫˈɪχt/ - Lecht /lˈɛç/
		licht /ɫˈɪχt/ - licht /lˈɪç/
		regen /ɾˈeːχən/ - Riängen /rˈɪɛ̯ŋn̩/
		rook /ɾˈoːk/ - Rauk /rˈaʊ̯k/
		rijk /ɾˈɛi̯k/ - riek /rˈiːk/
		recht /ɾˈɛχt/ - Rächt /rˈɛçt/
		ring /ɾˈɪŋ/ - Ring /rˈɪŋ/
		water /ʋˈaːtəɾ/ - Water /wˈaːtɐ/
		weten /ʋˈeːtən/ - wiëten /wˈiə̯tn̩/
		weer /ʋˈeːɾ/ - Wiär /wˈɪɛ̯ɐ/
		woord /ʋˈoːɾt/ - Waod /wˈɔːd/
		wol /ʋˈɔɫ/ - Wulle /wˈʊlə/
		wijf /ʋˈɛi̯f/ - Wief /wˈiːf/
		weg /ʋˈɛχ/ - Wäg /wˈɛç/
		wind /ʋˈɪnt/ - Wind /wˈɪnd/
		wit /ʋˈɪt/ - witt /wˈɪt/
		aap /ˈaːp/ - Ape /ˈaːpə/
		aal /ˈaːɫ/ - Aol /ˈɔːl/
		één /ˈeːn/ - een /ˈeːn/
		eten /ˈeːtən/ - iäten /ˈɪɛ̯tn̩/
		over /ˈoːvəɾ/ - üöwer /ˈyːœ̯vɐ/
		oor /ˈoːɾ/ - Aor /ˈɔːɐ/
		oog /ˈoːχ/ - Auge /ˈaʊ̯ɣə/
		uit /ˈœy̯t/ - uut /ˈuːt/
		uil /ˈœy̯ɫ/ - Uul /ˈuːl/
		appel /ˈɑpəɫ/ - Appel /ˈapl̩/
		as /ˈɑs/ - Aʃke /ˈaʃkə/
		oud /ˈɑu̯t/ - olt /ˈɔlt/
		al /ˈɑɫ/ - alle /ˈalə/
		arm /ˈɑɾm/ - Arm /ˈaɐm/
		acht /ˈɑχt/ - acht /ˈaxt/
		ons /ˈɔns/ - us /ˈuːs/
		eik /ˈɛi̯k/ - Eke /ˈeːkə/
		ijs /ˈɛi̯s/ - Ies /ˈiːs/
		elf /ˈɛləf/ - elwe /ˈɛlvə/
		ik /ˈɪk/ - ik /ˈɪk/
		imme /ˈɪmə/ - Im /ˈɪm/
		in /ˈɪn/ - in /ˈɪn/
		groot /χɾˈoːt/ - graut /xrˈaʊ̯t/
		groen /χɾˈun/ - gröön /xrˈøːn/
		geest /χˈeːst/ - Geest /xˈeːst/
		geven /χˈeːvən/ - giëwen /xˈɪə̯vn̩/
		goed /χˈut/ - guët /xˈuə̯t/
		gans /χˈɑns/ - Gaus /xˈaʊ̯s/
		gast /χˈɑst/ - Gast /xˈas/
		goud /χˈɑu̯t/ - Güld /xˈʏld/

Final disqualified:
		bij /bˈɛi̯/ - Im /ˈɪm/
		oven /ˈoːvən/ - Uom /ˈuːə̯m/


-------------------

****SAMPLE 4****
Iteration 1
	Qualified: 170
	Disqualified: 172
	Added: 0
	Removed: 1
		oud /ˈɑu̯t/ - olt /ˈɔlt/

Iteration 2
	Qualified: 171
	Disqualified: 171
	Added: 1
		oud /ˈɑu̯t/ - olt /ˈɔlt/
	Removed: 0

Final qualifying:
		bloed /bɫˈut/ - Blood /blˈoːd/
		blad /bɫˈɑt/ - Blad /blˈad/
		brood /bɾˈoːt/ - Braud /brˈaʊ̯d/
		broer /bɾˈuɾ/ - Broer /brˈoːɐ/
		brug /bɾˈʏχ/ - Brügge /brˈʏɣə/
		been /bˈeːn/ - Been /bˈeːn/
		beer /bˈeːɾ/ - Bäer /bˈɛːɐ/
		bieden /bˈidən/ - baiden /bˈaɪ̯dn̩/
		boom /bˈoːm/ - Baum /bˈaʊ̯m/
		boot /bˈoːt/ - Boot /bˈoːt/
		bad /bˈɑt/ - Baad /bˈaːd/
		borst /bˈɔɾst/ - Buorst /bˈuːə̯st/
		bijten /bˈɛi̯tən/ - biten /bˈiːtn̩/
		berg /bˈɛɾχ/ - Biärg /bˈɪɛ̯ɐx/
		bidden /bˈɪdən/ - bidden /bˈɪdn̩/
		drie /dɾˈi/ - drai /drˈaɪ̯/
		droom /dɾˈoːm/ - Draum /drˈaʊ̯m/
		dromen /dɾˈoːmən/ - draimen /drˈaɪ̯mn̩/
		droog /dɾˈoːχ/ - drüüg /drˈyːç/
		drijven /dɾˈɛi̯vən/ - driwen /drˈiːvn̩/
		drinken /dɾˈɪŋkən/ - drinken /drˈɪŋkn̩/
		dief /dˈif/ - Daiw /dˈaɪ̯f/
		diep /dˈip/ - daip /dˈaɪ̯p/
		dood /dˈoːt/ - Daut /dˈaʊ̯t/
		doorn /dˈoːɾn/ - Däön /dˈœːn/
		duur /dˈyːɾ/ - düer /dˈyːɐ/
		duits /dˈœy̯ts/ - düütsk /dˈyːtʃk/
		duizend /dˈœy̯zənt/ - dusend /dˈuːzn̩d/
		danken /dˈɑŋkən/ - danken /dˈaŋkn̩/
		dag /dˈɑχ/ - Dag /dˈax/
		donder /dˈɔndəɾ/ - Dunner /dˈʊnɐ/
		dor /dˈɔɾ/ - drüüg /drˈyːç/
		dochter /dˈɔχtəɾ/ - Dochter /dˈɔxtɐ/
		dik /dˈɪk/ - dik /dˈɪk/
		jaar /jˈaːɾ/ - Jaor /jˈɔːɐ/
		jong /jˈɔŋ/ - jung /jˈʊŋ/
		knie /knˈi/ - Knai /knˈaɪ̯/
		kaas /kˈaːs/ - Kaise /kˈaɪ̯zə/
		koe /kˈu/ - Kau /kˈaʊ̯/
		kuiken /kˈœy̯kən/ - Küken /kˈyːkn̩/
		koud /kˈɑu̯t/ - kolt /kˈɔlt/
		kalf /kˈɑɫf/ - Kalw /kˈalf/
		kop /kˈɔp/ - Kop /kˈɔp/
		kerk /kˈɛɾk/ - Kiärk /kˈɪɛ̯k/
		kind /kˈɪnt/ - Kind /kˈɪnd/
		kunnen /kˈʏnən/ - küënen /kˈyə̯n̩/
		maan /mˈaːn/ - Maond /mˈɔːnd/
		muis /mˈœy̯s/ - Mus /mˈʊs/
		muil /mˈœy̯ɫ/ - Mund /mˈʊnd/
		man /mˈɑn/ - Man /mˈan/
		macht /mˈɑχt/ - Macht /mˈaxt/
		mond /mˈɔnt/ - Mund /mˈʊnd/
		mij /mˈɛi̯/ - mi /mˈiː/
		mens /mˈɛns/ - Mensk /mˈɛnʃk/
		melk /mˈɛɫk/ - Miälk /mˈɪɛ̯lk/
		naam /nˈaːm/ - Naome /nˈɔːmə/
		naald /nˈaːɫt/ - Naodel /nˈɔːdl̩/
		nagel /nˈaːχəɫ/ - Nagel /nˈaːɡl̩/
		negen /nˈeːχən/ - niëgen /nˈɪə̯ɣn̩/
		nieuw /nˈiw/ - ni /nˈiː/
		neus /nˈøːs/ - Niërse /nˈɪə̯sə/
		nacht /nˈɑχt/ - Nacht /nˈax/
		sneeuw /snˈeːw/ - Snai /ʃnˈaɪ̯/
		spraak /spɾˈaːk/ - Spraok /ʃprˈɔːk/
		steen /stˈeːn/ - Steen /ʃtˈeːn/
		stoel /stˈuɫ/ - Stool /ʃtˈoːl/
		storm /stˈɔɾm/ - Stuorm /ʃtˈuːə̯m/
		ster /stˈɛɾ/ - Stään /ʃtˈɛːn/
		slaan /sɫˈaːn/ - slaon /ʃlˈɔːn/
		slang /sɫˈɑŋ/ - Slange /ʃlˈaŋə/
		schaap /sχˈaːp/ - Schaop /ʃˈɔːp/
		schoon /sχˈoːn/ - schöön /ʃˈøːn/
		schijt /sχˈɛi̯t/ - Schiete /ʃˈiːtə/
		schip /sχˈɪp/ - Schip /ʃˈɪp/
		traan /tɾˈaːn/ - Träöne /trˈœːnə/
		twaalf /tʋˈaːləf/ - twiälw /tvˈiɛ̯lf/
		twee /tʋˈeː/ - twe /twˈeː/
		twintig /tʋˈɪntəχ/ - twintig /twˈɪntɪç/
		tien /tˈin/ - tain /tˈaɪ̯n/
		tand /tˈɑnt/ - Tan /tˈan/
		tong /tˈɔŋ/ - Tunge /tˈʊŋə/
		tijd /tˈɛi̯t/ - Tiet /tˈiːt/
		vlees /vɫˈeːs/ - Fleesk /flˈeːʃk/
		vliegen /vɫˈiχən/ - flaigen /flˈaɪ̯ŋ/
		vriezen /vɾˈizən/ - fraisen /frˈaɪ̯zn̩/
		vrij /vɾˈɛi̯/ - fri /frˈiː/
		vader /vˈaːdəɾ/ - Vader /fˈaːdɐ/
		veer /vˈeːɾ/ - Fiädder /fˈɪɛ̯dɐ/
		vogel /vˈoːχəɫ/ - Vuëgel /fˈuə̯ɡl̩/
		voet /vˈut/ - Foot /fˈoːt/
		voeten /vˈutən/ - Fööte /fˈøːtə/
		voelen /vˈuɫən/ - fölen /fˈøːln̩/
		vos /vˈɔs/ - Fos /fˈɔs/
		vol /vˈɔɫ/ - vul /fˈʊl/
		vijf /vˈɛi̯f/ - fiew /fˈiːf/
		vers /vˈɛɾs/ - frisch /frˈɪʃ/
		vinger /vˈɪŋəɾ/ - Finger /fˈɪŋɐ/
		zwart /zʋˈɑɾt/ - swat /ʃwˈat/
		zwijn /zʋˈɛi̯n/ - Swien /ʃwˈiːn/
		zwemmen /zʋˈɛmən/ - swemmen /ʃwˈɛm/
		zien /zˈin/ - sain /sˈaɪ̯n/
		ziel /zˈiɫ/ - Siäl /sˈɪɛ̯l/
		zoon /zˈoːn/ - Suon /sˈuːə̯n/
		zout /zˈɑu̯t/ - Solt /sˈɔlt/
		zitten /zˈɪtən/ - sitten /sˈɪtn̩/
		zingen /zˈɪŋən/ - singen /sˈɪŋ/
		haas /ɦˈaːs/ - Håås /hˈɒːs/
		haar /ɦˈaːɾ/ - Haor /hˈɔːɐ/
		heet /ɦˈeːt/ - heet /hˈeːt/
		hier /ɦˈiɾ/ - hier /hˈiːɐ/
		hoofd /ɦˈoːft/ - Kop /kˈɔp/
		honing /ɦˈoːnɪŋ/ - Hannig /hˈanɪç/
		horen /ɦˈoːɾən/ - häöern /hˈœːɐn/
		hoog /ɦˈoːχ/ - haug /hˈaʊ̯x/
		huis /ɦˈœy̯s/ - Hus /hˈʊs/
		huid /ɦˈœy̯t/ - Huut /hˈuːt/
		hand /ɦˈɑnt/ - Hand /hˈand/
		honderd /ɦˈɔndəɾt/ - hunnert /hˈʊnɐt/
		hebben /ɦˈɛbən/ - häbben /hˈɛbn̩/
		hen /ɦˈɛn/ - Hän /hˈɛn/
		lam /ɫˈɑm/ - Lamm /lˈam/
		land /ɫˈɑnt/ - Land /lˈand/
		lang /ɫˈɑŋ/ - lang /lˈaŋ/
		licht /ɫˈɪχt/ - Lecht /lˈɛç/
		licht /ɫˈɪχt/ - licht /lˈɪç/
		regen /ɾˈeːχən/ - Riängen /rˈɪɛ̯ŋn̩/
		rook /ɾˈoːk/ - Rauk /rˈaʊ̯k/
		rood /ɾˈoːt/ - raud /rˈaʊ̯d/
		rijk /ɾˈɛi̯k/ - riek /rˈiːk/
		recht /ɾˈɛχt/ - Rächt /rˈɛçt/
		ring /ɾˈɪŋ/ - Ring /rˈɪŋ/
		water /ʋˈaːtəɾ/ - Water /wˈaːtɐ/
		weten /ʋˈeːtən/ - wiëten /wˈiə̯tn̩/
		weer /ʋˈeːɾ/ - Wiär /wˈɪɛ̯ɐ/
		woord /ʋˈoːɾt/ - Waod /wˈɔːd/
		wat /ʋˈɑt/ - wat /wˈat/
		warm /ʋˈɑɾm/ - waam /wˈaːm/
		wol /ʋˈɔɫ/ - Wulle /wˈʊlə/
		wolf /ʋˈɔɫf/ - Wulf /wˈʊlf/
		worm /ʋˈɔɾm/ - Wuorm /wˈuːə̯m/
		wij /ʋˈɛi̯/ - wi /vˈiː/
		wijf /ʋˈɛi̯f/ - Wief /wˈiːf/
		wensen /ʋˈɛnsən/ - wünsken /wˈʏnʃkn̩/
		weg /ʋˈɛχ/ - Wäg /wˈɛç/
		wit /ʋˈɪt/ - witt /wˈɪt/
		aal /ˈaːɫ/ - Aol /ˈɔːl/
		aarde /ˈaːɾdə/ - Äer /ˈɛːɐ/
		één /ˈeːn/ - een /ˈeːn/
		eten /ˈeːtən/ - iäten /ˈɪɛ̯tn̩/
		over /ˈoːvəɾ/ - üöwer /ˈyːœ̯vɐ/
		oor /ˈoːɾ/ - Aor /ˈɔːɐ/
		oog /ˈoːχ/ - Auge /ˈaʊ̯ɣə/
		uit /ˈœy̯t/ - uut /ˈuːt/
		uil /ˈœy̯ɫ/ - Uul /ˈuːl/
		ander /ˈɑndəɾ/ - änner /ˈɛnɐ/
		appel /ˈɑpəɫ/ - Appel /ˈapl̩/
		oud /ˈɑu̯t/ - olt /ˈɔlt/
		ons /ˈɔns/ - us /ˈuːs/
		ei /ˈɛi̯/ - Ai /ˈaɪ̯/
		elf /ˈɛləf/ - elwe /ˈɛlvə/
		eg /ˈɛχ/ - Ek /ˈɛk/
		ik /ˈɪk/ - ik /ˈɪk/
		imme /ˈɪmə/ - Im /ˈɪm/
		in /ˈɪn/ - in /ˈɪn/
		groot /χɾˈoːt/ - graut /xrˈaʊ̯t/
		groen /χɾˈun/ - gröön /xrˈøːn/
		gras /χɾˈɑs/ - Gräs /xrˈɛːs/
		goed /χˈut/ - guët /xˈuə̯t/
		gans /χˈɑns/ - Gaus /xˈaʊ̯s/
		gast /χˈɑst/ - Gast /xˈas/
		goud /χˈɑu̯t/ - Güld /xˈʏld/

Final disqualified:


-------------------

****SAMPLE 5****
Iteration 1
	Qualified: 168
	Disqualified: 174
	Added: 0
	Removed: 3
		oven /ˈoːvən/ - Uom /ˈuːə̯m/
		mond /mˈɔnt/ - Muul /mˈuːl/
		bij /bˈɛi̯/ - Im /ˈɪm/

Iteration 2
	Qualified: 167
	Disqualified: 175
	Added: 0
	Removed: 1
		ons /ˈɔns/ - us /ˈuːs/

Iteration 3
	Qualified: 168
	Disqualified: 174
	Added: 1
		mond /mˈɔnt/ - Muul /mˈuːl/
	Removed: 0

Iteration 4
	Qualified: 169
	Disqualified: 173
	Added: 1
		ons /ˈɔns/ - us /ˈuːs/
	Removed: 0

Iteration 5
	Qualified: 169
	Disqualified: 173
	Added: 0
	Removed: 0

Final qualifying:
		bloem /bɫˈum/ - Blome /blˈoːmə/
		bloed /bɫˈut/ - Blood /blˈoːd/
		blad /bɫˈɑt/ - Blad /blˈad/
		brood /bɾˈoːt/ - Braud /brˈaʊ̯d/
		broeder /bɾˈudəɾ/ - Broer /brˈoːɐ/
		broer /bɾˈuɾ/ - Broer /brˈoːɐ/
		brug /bɾˈʏχ/ - Brügge /brˈʏɣə/
		been /bˈeːn/ - Been /bˈeːn/
		beter /bˈeːtəɾ/ - biäter /bˈɪɛ̯tɐ/
		beer /bˈeːɾ/ - Bäer /bˈɛːɐ/
		bieden /bˈidən/ - baiden /bˈaɪ̯dn̩/
		boom /bˈoːm/ - Baum /bˈaʊ̯m/
		boek /bˈuk/ - Book /bˈoːk/
		bad /bˈɑt/ - Baad /bˈaːd/
		borst /bˈɔɾst/ - Buorst /bˈuːə̯st/
		berg /bˈɛɾχ/ - Biärg /bˈɪɛ̯ɐx/
		bidden /bˈɪdən/ - bidden /bˈɪdn̩/
		drie /dɾˈi/ - drai /drˈaɪ̯/
		dromen /dɾˈoːmən/ - draimen /drˈaɪ̯mn̩/
		droog /dɾˈoːχ/ - drüüg /drˈyːç/
		drinken /dɾˈɪŋkən/ - drinken /drˈɪŋkn̩/
		dief /dˈif/ - Daiw /dˈaɪ̯f/
		diep /dˈip/ - daip /dˈaɪ̯p/
		dier /dˈiɾ/ - Dier /dˈiːɐ/
		dood /dˈoːt/ - Daut /dˈaʊ̯t/
		doorn /dˈoːɾn/ - Däön /dˈœːn/
		duur /dˈyːɾ/ - düer /dˈyːɐ/
		duits /dˈœy̯ts/ - düütsk /dˈyːtʃk/
		duizend /dˈœy̯zənt/ - dusend /dˈuːzn̩d/
		dag /dˈɑχ/ - Dag /dˈax/
		donder /dˈɔndəɾ/ - Dunner /dˈʊnɐ/
		dor /dˈɔɾ/ - drüüg /drˈyːç/
		dik /dˈɪk/ - dik /dˈɪk/
		ding /dˈɪŋ/ - Dingen /dˈɪŋn/
		jong /jˈɔŋ/ - jung /jˈʊŋ/
		knie /knˈi/ - Knai /knˈaɪ̯/
		kaas /kˈaːs/ - Kaise /kˈaɪ̯zə/
		koe /kˈu/ - Kau /kˈaʊ̯/
		kuiken /kˈœy̯kən/ - Küken /kˈyːkn̩/
		koud /kˈɑu̯t/ - kolt /kˈɔlt/
		kop /kˈɔp/ - Kop /kˈɔp/
		kerk /kˈɛɾk/ - Kiärk /kˈɪɛ̯k/
		kind /kˈɪnt/ - Kind /kˈɪnd/
		kunnen /kˈʏnən/ - küënen /kˈyə̯n̩/
		lopen /lˈoːpən/ - laupen /lˈaʊ̯pn̩/
		maan /mˈaːn/ - Maond /mˈɔːnd/
		moeder /mˈudəɾ/ - Moder /mˈoːdɐ/
		muil /mˈœy̯ɫ/ - Muul /mˈuːl/
		muil /mˈœy̯ɫ/ - Mund /mˈʊnd/
		man /mˈɑn/ - Man /mˈan/
		macht /mˈɑχt/ - Macht /mˈaxt/
		mond /mˈɔnt/ - Muul /mˈuːl/
		mij /mˈɛi̯/ - mi /mˈiː/
		melk /mˈɛɫk/ - Miälk /mˈɪɛ̯lk/
		naald /nˈaːɫt/ - Naodel /nˈɔːdl̩/
		nagel /nˈaːχəɫ/ - Nagel /nˈaːɡl̩/
		negen /nˈeːχən/ - niëgen /nˈɪə̯ɣn̩/
		neus /nˈøːs/ - Niërse /nˈɪə̯sə/
		sneeuw /snˈeːw/ - Snai /ʃnˈaɪ̯/
		spraak /spɾˈaːk/ - Spraok /ʃprˈɔːk/
		steen /stˈeːn/ - Steen /ʃtˈeːn/
		stoel /stˈuɫ/ - Stool /ʃtˈoːl/
		storm /stˈɔɾm/ - Stuorm /ʃtˈuːə̯m/
		ster /stˈɛɾ/ - Stään /ʃtˈɛːn/
		slaan /sɫˈaːn/ - slaon /ʃlˈɔːn/
		slapen /sɫˈaːpən/ - slaopen /ʃlˈɔːbm̩/
		schaap /sχˈaːp/ - Schaop /ʃˈɔːp/
		schoon /sχˈoːn/ - schöön /ʃˈøːn/
		schijt /sχˈɛi̯t/ - Schiete /ʃˈiːtə/
		scherp /sχˈɛɾp/ - scharp /ʃˈaɐp/
		schip /sχˈɪp/ - Schip /ʃˈɪp/
		traan /tɾˈaːn/ - Träöne /trˈœːnə/
		twee /tʋˈeː/ - twe /twˈeː/
		twintig /tʋˈɪntəχ/ - twintig /twˈɪntɪç/
		tien /tˈin/ - tain /tˈaɪ̯n/
		tand /tˈɑnt/ - Tan /tˈan/
		tong /tˈɔŋ/ - Tunge /tˈʊŋə/
		tijd /tˈɛi̯t/ - Tiet /tˈiːt/
		vlees /vɫˈeːs/ - Fleesk /flˈeːʃk/
		vlieg /vɫˈiχ/ - Flaige /flˈaɪ̯ɡə/
		vliegen /vɫˈiχən/ - flaigen /flˈaɪ̯ŋ/
		vriend /vɾˈint/ - Frönd /frˈønd/
		vriezen /vɾˈizən/ - fraisen /frˈaɪ̯zn̩/
		vrij /vɾˈɛi̯/ - fri /frˈiː/
		vader /vˈaːdəɾ/ - Vader /fˈaːdɐ/
		veer /vˈeːɾ/ - Fiädder /fˈɪɛ̯dɐ/
		vier /vˈiɾ/ - veer /fˈeːɐ/
		vogel /vˈoːχəɫ/ - Vuëgel /fˈuə̯ɡl̩/
		voet /vˈut/ - Foot /fˈoːt/
		voeten /vˈutən/ - Fööte /fˈøːtə/
		voelen /vˈuɫən/ - fölen /fˈøːln̩/
		vos /vˈɔs/ - Fos /fˈɔs/
		vol /vˈɔɫ/ - vul /fˈʊl/
		vijf /vˈɛi̯f/ - fiew /fˈiːf/
		vers /vˈɛɾs/ - frisch /frˈɪʃ/
		vis /vˈɪs/ - Fisk /fˈɪʃk/
		vinger /vˈɪŋəɾ/ - Finger /fˈɪŋɐ/
		zwart /zʋˈɑɾt/ - swat /ʃwˈat/
		zeven /zˈeːvən/ - siëwen /sˈɪə̯vn̩/
		zien /zˈin/ - sain /sˈaɪ̯n/
		zoet /zˈut/ - sööt /sˈøːt/
		zeggen /zˈɛχən/ - säggen /sˈɛɡn̩/
		zitten /zˈɪtən/ - sitten /sˈɪtn̩/
		zingen /zˈɪŋən/ - singen /sˈɪŋ/
		zuster /zˈʏstəɾ/ - Süster /sˈʏstɐ/
		heet /ɦˈeːt/ - heet /hˈeːt/
		hier /ɦˈiɾ/ - hier /hˈiːɐ/
		honing /ɦˈoːnɪŋ/ - Hannig /hˈanɪç/
		horen /ɦˈoːɾən/ - häöern /hˈœːɐn/
		hoog /ɦˈoːχ/ - haug /hˈaʊ̯x/
		huis /ɦˈœy̯s/ - Hus /hˈʊs/
		huid /ɦˈœy̯t/ - Huut /hˈuːt/
		hand /ɦˈɑnt/ - Hand /hˈand/
		hart /ɦˈɑɾt/ - Hiärt /hˈɪɛ̯t/
		honderd /ɦˈɔndəɾt/ - hunnert /hˈʊnɐt/
		honger /ɦˈɔŋəɾ/ - Hunger /hˈʊŋɐ/
		hebben /ɦˈɛbən/ - häbben /hˈɛbn̩/
		heilig /ɦˈɛi̯ɫəχ/ - hillig /hˈɪlɪç/
		lam /ɫˈɑm/ - Lamm /lˈam/
		lang /ɫˈɑŋ/ - lang /lˈaŋ/
		lachen /ɫˈɑχən/ - lachen /lˈaxn̩/
		licht /ɫˈɪχt/ - Lecht /lˈɛç/
		licht /ɫˈɪχt/ - licht /lˈɪç/
		rood /ɾˈoːt/ - raud /rˈaʊ̯d/
		rijk /ɾˈɛi̯k/ - riek /rˈiːk/
		recht /ɾˈɛχt/ - Rächt /rˈɛçt/
		ring /ɾˈɪŋ/ - Ring /rˈɪŋ/
		water /ʋˈaːtəɾ/ - Water /wˈaːtɐ/
		weer /ʋˈeːɾ/ - Wiär /wˈɪɛ̯ɐ/
		wat /ʋˈɑt/ - wat /wˈat/
		warm /ʋˈɑɾm/ - waam /wˈaːm/
		wolf /ʋˈɔɫf/ - Wulf /wˈʊlf/
		worm /ʋˈɔɾm/ - Wuorm /wˈuːə̯m/
		wij /ʋˈɛi̯/ - wi /vˈiː/
		wijf /ʋˈɛi̯f/ - Wief /wˈiːf/
		weg /ʋˈɛχ/ - Wäg /wˈɛç/
		wit /ʋˈɪt/ - witt /wˈɪt/
		aap /ˈaːp/ - Ape /ˈaːpə/
		aal /ˈaːɫ/ - Aol /ˈɔːl/
		aarde /ˈaːɾdə/ - Äer /ˈɛːɐ/
		één /ˈeːn/ - een /ˈeːn/
		eten /ˈeːtən/ - iäten /ˈɪɛ̯tn̩/
		over /ˈoːvəɾ/ - üöwer /ˈyːœ̯vɐ/
		oor /ˈoːɾ/ - Aor /ˈɔːɐ/
		uit /ˈœy̯t/ - uut /ˈuːt/
		uil /ˈœy̯ɫ/ - Uul /ˈuːl/
		ander /ˈɑndəɾ/ - änner /ˈɛnɐ/
		appel /ˈɑpəɫ/ - Appel /ˈapl̩/
		as /ˈɑs/ - Aʃke /ˈaʃkə/
		al /ˈɑɫ/ - alle /ˈalə/
		arm /ˈɑɾm/ - Arm /ˈaɐm/
		acht /ˈɑχt/ - acht /ˈaxt/
		ons /ˈɔns/ - us /ˈuːs/
		ei /ˈɛi̯/ - Ai /ˈaɪ̯/
		eik /ˈɛi̯k/ - Eke /ˈeːkə/
		elf /ˈɛləf/ - elwe /ˈɛlvə/
		eg /ˈɛχ/ - Ek /ˈɛk/
		ik /ˈɪk/ - ik /ˈɪk/
		imme /ˈɪmə/ - Im /ˈɪm/
		in /ˈɪn/ - in /ˈɪn/
		groot /χɾˈoːt/ - graut /xrˈaʊ̯t/
		groen /χɾˈun/ - gröön /xrˈøːn/
		gras /χɾˈɑs/ - Gräs /xrˈɛːs/
		geest /χˈeːst/ - Geest /xˈeːst/
		geven /χˈeːvən/ - giëwen /xˈɪə̯vn̩/
		gans /χˈɑns/ - Gaus /xˈaʊ̯s/
		gast /χˈɑst/ - Gast /xˈas/
		goud /χˈɑu̯t/ - Güld /xˈʏld/
		god /χˈɔt/ - Guod /xˈuːə̯d/

Final disqualified:
		bij /bˈɛi̯/ - Im /ˈɪm/
		oven /ˈoːvən/ - Uom /ˈuːə̯m/


-------------------

