/anˈɛl/ - /anˈɛl/
[1/1] a-a / n-n / ˈɛ-ˈɛ / l-l

-------------------

/aɲˈɛl/ - /aɲˈɛl/
[1/1] a-a / ɲ-ɲ / ˈɛ-ˈɛ / l-l

-------------------

/bjˈaŋk/ - /bjˈaŋk/
[1/1] b-b / j-j / ˈa-ˈa / ŋ-ŋ / k-k

-------------------

/bonˈiɡol/ - /bonˈiɡol/
[1/1] b-b / o-o / n-n / ˈi-ˈi / ɡ-ɡ / o-o / l-l

-------------------

/bruzˈar/ - /bruzˈar/
[1/1] b-b / r-r / u-u / z-z / ˈa-ˈa / r-r

-------------------

/bˈas/ - /bˈas/
[1/1] b-b / ˈa-ˈa / s-s

-------------------

/bˈever/ - /bˈever/
[1/1] b-b / ˈe-ˈe / v-v / e-e / r-r

-------------------

/bˈeŋ/ - /bˈeŋ/
[1/1] b-b / ˈe-ˈe / ŋ-ŋ

-------------------

/bˈoka/ - /bˈoka/
[1/1] b-b / ˈo-ˈo / k-k / a-a

-------------------

/bˈona/ - /bˈona/
[1/1] b-b / ˈo-ˈo / n-n / a-a

-------------------

/bˈone/ - /bˈone/
[1/1] b-b / ˈo-ˈo / n-n / e-e

-------------------

/bˈoni/ - /bˈoni/
[1/1] b-b / ˈo-ˈo / n-n / i-i

-------------------

/bˈoŋ/ - /bˈoŋ/
[1/1] b-b / ˈo-ˈo / ŋ-ŋ

-------------------

/bˈɔ/ - /bˈɔ/
[1/1] b-b / ˈɔ-ˈɔ

-------------------

/bˈɛl/ - /bˈɛl/
[1/1] b-b / ˈɛ-ˈɛ / l-l

-------------------

/bˈɛla/ - /bˈɛla/
[1/1] b-b / ˈɛ-ˈɛ / l-l / a-a

-------------------

/djˈes/ - /djˈes/
[1/1] d-d / j-j / ˈe_s-ˈe_s

-------------------

/djˈeze/ - /djˈeze/
[1/1] d-d / j-j / ˈe-ˈe / z-z / e-e

-------------------

/dormˈir/ - /dormˈir/
[1/1] d-d / o_r-o_r / m-m / ˈi-ˈi / r-r

-------------------

/draɡˈoŋ/ - /draɡˈoŋ/
[1/1] d-d / r-r / a-a / ɡ-ɡ / ˈo-ˈo / ŋ-ŋ

-------------------

/dˈar/ - /dˈar/
[1/1] d-d / ˈa-ˈa / r-r

-------------------

/dˈeo/ - /dˈeo/
[1/1] d-d / ˈe-ˈe / o-o

-------------------

/dˈeŋt/ - /dˈeŋt/
[1/1] d-d / ˈe-ˈe / ŋ-ŋ / t-t

-------------------

/dˈi/ - /dˈi/
[1/1] d-d / ˈi-ˈi

-------------------

/dˈio/ - /dˈio/
[1/1] d-d / ˈi-ˈi / o-o

-------------------

/dˈir/ - /dˈir/
[1/1] d-d / ˈi-ˈi / r-r

-------------------

/dˈo/ - /dˈo/
[1/1] d-d / ˈo-ˈo

-------------------

/dˈodes/ - /dˈodes/
[1/1] d-d / ˈo-ˈo / d-d / e-e / s-s

-------------------

/dˈodeze/ - /dˈodeze/
[1/1] d-d / ˈo-ˈo / d-d / e-e / z-z / e-e

-------------------

/dˈoj/ - /dˈoj/
[1/1] d-d / ˈo-ˈo / j-j

-------------------

/dˈolθ/ - /dˈolθ/
[1/1] d-d / ˈo-ˈo / l-l / θ-θ

-------------------

/farˈina/ - /farˈina/
[1/1] f-f / a-a / r-r / ˈi-ˈi / n-n / a-a

-------------------

/fiɡˈa/ - /fiɡˈa/
[1/1] f-f / i-i / ɡ-ɡ / ˈa-ˈa

-------------------

/fjˈama/ - /fjˈama/
[1/1] f-f / j-j / ˈa-ˈa / m-m / a-a

-------------------

/fjˈor/ - /fjˈor/
[1/1] f-f / j-j / ˈo-ˈo / r-r

-------------------

/frˈet/ - /frˈet/
[1/1] f-f / r_ˈe-r_ˈe / t-t

-------------------

/frˈuto/ - /frˈuto/
[1/1] f-f / r-r / ˈu-ˈu / t-t / o-o

-------------------

/fˈar/ - /fˈar/
[1/1] f-f / ˈa-ˈa / r-r

-------------------

/fˈemena/ - /fˈemena/
[1/1] f-f / ˈe-ˈe / m-m / e-e / n-n / a-a

-------------------

/fˈia/ - /fˈia/
[1/1] f-f / ˈi-ˈi / a-a

-------------------

/fˈil/ - /fˈil/
[1/1] f-f / ˈi-ˈi / l-l

-------------------

/fˈiŋ/ - /fˈiŋ/
[2/2] f-f / ˈi-ˈi / ŋ-ŋ

-------------------

/fˈoja/ - /fˈoja/
[1/1] f-f / ˈo-ˈo / j-j / a-a

-------------------

/fˈoɡo/ - /fˈoɡo/
[1/1] f-f / ˈo-ˈo / ɡ-ɡ / o-o

-------------------

/fˈuŋ/ - /fˈuŋ/
[1/1] f-f / ˈu-ˈu / ŋ-ŋ

-------------------

/fˈɔrt/ - /fˈɔrt/
[1/1] f-f / ˈɔ-ˈɔ / r-r / t-t

-------------------

/fˈɔrθa/ - /fˈɔrθa/
[1/1] f-f / ˈɔ-ˈɔ / r-r / θ-θ / a-a

-------------------

/fˈɛr/ - /fˈɛr/
[1/1] f-f / ˈɛ-ˈɛ / r-r

-------------------

/fˈɛsta/ - /fˈɛsta/
[1/1] f-f / ˈɛ-ˈɛ / s-s / t-t / a-a

-------------------

/istˈa/ - /istˈa/
[1/1] i-i / s-s / t-t / ˈa-ˈa

-------------------

/iŋvˈɛrn/ - /iŋvˈɛrn/
[1/1] i-i / ŋ-ŋ / v-v / ˈɛ-ˈɛ / r-r / n-n

-------------------

/jaθˈar/ - /jaθˈar/
[1/1] j-j / a-a / θ-θ / ˈa-ˈa / r-r

-------------------

/jutˈar/ - /jutˈar/
[1/1] j-j / u-u / t-t / ˈa-ˈa / r-r

-------------------

/jˈaθ/ - /jˈaθ/
[1/1] j-j / ˈa-ˈa / θ-θ

-------------------

/jˈoθa/ - /jˈoθa/
[1/1] j-j / ˈo-ˈo / θ-θ / a-a

-------------------

/kadˈena/ - /kadˈena/
[1/1] k-k / a-a / d-d / ˈe-ˈe / n-n / a-a

-------------------

/kastˈɛl/ - /kastˈɛl/
[1/1] k-k / a-a / s-s / t-t / ˈɛ-ˈɛ / l-l

-------------------

/kavˈal/ - /kavˈal/
[1/1] k-k / a-a / v-v / ˈa_l-ˈa_l

-------------------

/kavˈel/ - /kavˈel/
[1/1] k-k / a-a / v-v / ˈe-ˈe / l-l

-------------------

/kaŋtˈar/ - /kaŋtˈar/
[1/1] k-k / a-a / ŋ-ŋ / t-t / ˈa-ˈa / r-r

-------------------

/kaθˈar/ - /kaθˈar/
[1/1] k-k / a-a / θ-θ / ˈa-ˈa / r-r

-------------------

/kolˈor/ - /kolˈor/
[1/1] k-k / o-o / l-l / ˈo-ˈo / r-r

-------------------

/konˈoser/ - /konˈoser/
[1/1] k-k / o-o / n-n / ˈo-ˈo / s-s / e-e / r-r

-------------------

/krˈeder/ - /krˈeder/
[1/1] k-k / r_ˈe-r_ˈe / d-d / e-e / r-r

-------------------

/krˈos/ - /krˈos/
[1/1] k-k / r-r / ˈo-ˈo / s-s

-------------------

/krˈoze/ - /krˈoze/
[1/1] k-k / r-r / ˈo-ˈo / z-z / e-e

-------------------

/kwˈatro/ - /kwˈatro/
[1/1] k-k / w-w / ˈa-ˈa / t-t / r-r / o-o

-------------------

/kˈalt/ - /kˈalt/
[1/1] k-k / ˈa_l-ˈa_l / t-t

-------------------

/kˈao/ - /kˈao/
[1/1] k-k / ˈa-ˈa / o-o

-------------------

/kˈaro/ - /kˈaro/
[1/1] k-k / ˈa-ˈa / r-r / o-o

-------------------

/kˈavra/ - /kˈavra/
[1/1] k-k / ˈa-ˈa / v-v / r-r / a-a

-------------------

/kˈaza/ - /kˈaza/
[1/1] k-k / ˈa-ˈa / z-z / a-a

-------------------

/kˈaŋ/ - /kˈaŋ/
[1/1] k-k / ˈa-ˈa / ŋ-ŋ

-------------------

/kˈaŋbera/ - /kˈaŋbera/
[1/1] k-k / ˈa-ˈa / ŋ-ŋ / b-b / e-e / r-r / a-a

-------------------

/kˈoa/ - /kˈoa/
[1/1] k-k / ˈo-ˈo / a-a

-------------------

/kˈolpo/ - /kˈolpo/
[1/1] k-k / ˈo-ˈo / l-l / p-p / o-o

-------------------

/kˈor/ - /kˈor/
[1/1] k-k / ˈo-ˈo / r-r

-------------------

/kˈul/ - /kˈul/
[1/1] k-k / ˈu-ˈu / l-l

-------------------

/kˈurt/ - /kˈurt/
[1/1] k-k / ˈu-ˈu / r-r / t-t

-------------------

/kˈɔl/ - /kˈɔl/
[1/1] k-k / ˈɔ-ˈɔ / l-l

-------------------

/kˈɔrno/ - /kˈɔrno/
[1/1] k-k / ˈɔ-ˈɔ / r-r / n-n / o-o

-------------------

/kˈɔza/ - /kˈɔza/
[1/1] k-k / ˈɔ-ˈɔ / z-z / a-a

-------------------

/ljˈevro/ - /ljˈevro/
[1/1] l-l / j-j / ˈe-ˈe / v-v / r-r / o-o

-------------------

/lˈana/ - /lˈana/
[1/1] l-l / ˈa-ˈa / n-n / a-a

-------------------

/lˈat/ - /lˈat/
[1/1] l-l / ˈa-ˈa / t-t

-------------------

/lˈaɡrema/ - /lˈaɡrema/
[1/1] l-l / ˈa-ˈa / ɡ-ɡ / r-r / e-e / m-m / a-a

-------------------

/lˈetara/ - /lˈetara/
[1/1] l-l / ˈe-ˈe / t-t / a-a / r-r / a-a

-------------------

/lˈeŋ/ - /lˈeŋ/
[1/1] l-l / ˈe-ˈe / ŋ-ŋ

-------------------

/lˈeŋɡwa/ - /lˈeŋɡwa/
[1/1] l-l / ˈe-ˈe / ŋ-ŋ / ɡ-ɡ / w-w / a-a

-------------------

/lˈof/ - /lˈof/
[1/1] l-l / ˈo-ˈo / f-f

-------------------

/lˈoŋɡo/ - /lˈoŋɡo/
[1/1] l-l / ˈo-ˈo / ŋ-ŋ / ɡ-ɡ / o-o

-------------------

/lˈoɡo/ - /lˈoɡo/
[1/1] l-l / ˈo-ˈo / ɡ-ɡ / o-o

-------------------

/lˈuna/ - /lˈuna/
[1/1] l-l / ˈu-ˈu / n-n / a-a

-------------------

/lˈɛt/ - /lˈɛt/
[1/1] l-l / ˈɛ-ˈɛ / t-t

-------------------

/lˈɛðer/ - /lˈɛðer/
[1/1] l-l / ˈɛ-ˈɛ / ð-ð / e-e / r-r

-------------------

/madˈur/ - /madˈur/
[1/1] m-m / a-a / d-d / ˈu-ˈu / r-r

-------------------

/maɲˈar/ - /maɲˈar/
[1/1] m-m / a-a / ɲ-ɲ / ˈa-ˈa / r-r

-------------------

/mjˈel/ - /mjˈel/
[1/1] m-m / j-j / ˈe-ˈe / l-l

-------------------

/morseɡˈar/ - /morseɡˈar/
[1/1] m-m / o_r-o_r / s-s / e-e / ɡ-ɡ / ˈa-ˈa / r-r

-------------------

/morˈir/ - /morˈir/
[1/1] m-m / o_r-o_r / ˈi-ˈi / r-r

-------------------

/moŋtˈaɲa/ - /moŋtˈaɲa/
[1/1] m-m / o-o / ŋ-ŋ / t-t / ˈa-ˈa / ɲ-ɲ / a-a

-------------------

/mˈar/ - /mˈar/
[1/1] m-m / ˈa-ˈa / r-r

-------------------

/mˈare/ - /mˈare/
[1/1] m-m / ˈa-ˈa / r-r / e-e

-------------------

/mˈaŋ/ - /mˈaŋ/
[1/1] m-m / ˈa-ˈa / ŋ-ŋ

-------------------

/mˈoska/ - /mˈoska/
[1/1] m-m / ˈo-ˈo / s-s / k-k / a-a

-------------------

/mˈɔrt/ - /mˈɔrt/
[1/1] m-m / ˈɔ-ˈɔ / r-r / t-t

-------------------

/mˈɛdeɡo/ - /mˈɛdeɡo/
[1/1] m-m / ˈɛ-ˈɛ / d-d / e-e / ɡ-ɡ / o-o

-------------------

/mˈɛjo/ - /mˈɛjo/
[2/2] m-m / ˈɛ-ˈɛ / j-j / o-o

-------------------

/mˈɛðo/ - /mˈɛðo/
[1/1] m-m / ˈɛ-ˈɛ / ð-ð / o-o

-------------------

/neveɡˈar/ - /neveɡˈar/
[1/1] n-n / e-e / v-v / e-e / ɡ-ɡ / ˈa-ˈa / r-r

-------------------

/nodˈar/ - /nodˈar/
[1/1] n-n / o-o / d-d / ˈa-ˈa / r-r

-------------------

/nˈas/ - /nˈas/
[1/1] n-n / ˈa-ˈa / s-s

-------------------

/nˈaser/ - /nˈaser/
[1/1] n-n / ˈa-ˈa / s-s / e-e / r-r

-------------------

/nˈef/ - /nˈef/
[1/1] n-n / ˈe-ˈe / f-f

-------------------

/nˈeɡro/ - /nˈeɡro/
[1/1] n-n / ˈe-ˈe / ɡ-ɡ / r-r / o-o

-------------------

/nˈovo/ - /nˈovo/
[1/1] n-n / ˈo-ˈo / v-v / o-o

-------------------

/nˈɔt/ - /nˈɔt/
[1/1] n-n / ˈɔ-ˈɔ / t-t

-------------------

/nˈɛola/ - /nˈɛola/
[1/1] n-n / ˈɛ-ˈɛ / o-o / l-l / a-a

-------------------

/odˈor/ - /odˈor/
[1/1] o-o / d-d / ˈo-ˈo / r-r

-------------------

/otˈuno/ - /otˈuno/
[1/1] o-o / t-t / ˈu-ˈu / n-n / o-o

-------------------

/ozˈɛl/ - /ozˈɛl/
[1/1] o-o / z-z / ˈɛ-ˈɛ / l-l

-------------------

/pedˈɔʧo/ - /pedˈɔʧo/
[1/1] p-p / e-e / d-d / ˈɔ-ˈɔ / ʧ-ʧ / o-o

-------------------

/pjˈaŋðer/ - /pjˈaŋðer/
[1/1] p-p / j-j / ˈa-ˈa / ŋ-ŋ / ð-ð / e-e / r-r

-------------------

/pjˈe/ - /pjˈe/
[1/1] p-p / j-j / ˈe-ˈe

-------------------

/pjˈera/ - /pjˈera/
[1/1] p-p / j-j / ˈe_r-ˈe_r / a-a

-------------------

/pjˈeŋ/ - /pjˈeŋ/
[1/1] p-p / j-j / ˈe-ˈe / ŋ-ŋ

-------------------

/pjˈova/ - /pjˈova/
[1/1] p-p / j-j / ˈo-ˈo / v-v / a-a

-------------------

/pjˈɛɡora/ - /pjˈɛɡora/
[1/1] p-p / j-j / ˈɛ-ˈɛ / ɡ-ɡ / o_r-o_r / a-a

-------------------

/podˈer/ - /podˈer/
[1/1] p-p / o-o / d-d / ˈe_r-ˈe_r

-------------------

/pˈare/ - /pˈare/
[1/1] p-p / ˈa-ˈa / r-r / e-e

-------------------

/pˈaŋ/ - /pˈaŋ/
[1/1] p-p / ˈa-ˈa / ŋ-ŋ

-------------------

/pˈel/ - /pˈel/
[1/1] p-p / ˈe-ˈe / l-l

-------------------

/pˈena/ - /pˈena/
[2/2] p-p / ˈe-ˈe / n-n / a-a

-------------------

/pˈes/ - /pˈes/
[1/1] p-p / ˈe_s-ˈe_s

-------------------

/pˈiθol/ - /pˈiθol/
[1/1] p-p / ˈi-ˈi / θ-θ / o-o / l-l

-------------------

/pˈore/ - /pˈore/
[1/1] p-p / ˈo-ˈo / r-r / e-e

-------------------

/pˈos/ - /pˈos/
[1/1] p-p / ˈo-ˈo / s-s

-------------------

/pˈoŋt/ - /pˈoŋt/
[1/1] p-p / ˈo-ˈo / ŋ-ŋ / t-t

-------------------

/pˈɛl/ - /pˈɛl/
[1/1] p-p / ˈɛ-ˈɛ / l-l

-------------------

/pˈɛto/ - /pˈɛto/
[1/1] p-p / ˈɛ-ˈɛ / t-t / o-o

-------------------

/razˈoŋ/ - /razˈoŋ/
[1/1] r-r / a-a / z-z / ˈo-ˈo / ŋ-ŋ

-------------------

/raˈis/ - /raˈis/
[1/1] r-r / a-a / ˈi-ˈi / s-s

-------------------

/romˈaŋ/ - /romˈaŋ/
[1/1] r-r / o-o / m-m / ˈa-ˈa / ŋ-ŋ

-------------------

/rˈena/ - /rˈena/
[1/1] r_ˈe-r_ˈe / n-n / a-a

-------------------

/rˈeʧa/ - /rˈeʧa/
[1/1] r_ˈe-r_ˈe / ʧ-ʧ / a-a

-------------------

/rˈos/ - /rˈos/
[1/1] r-r / ˈo-ˈo / s-s

-------------------

/rˈɔda/ - /rˈɔda/
[1/1] r-r / ˈɔ-ˈɔ / d-d / a-a

-------------------

/rˈɛ/ - /rˈɛ/
[1/1] r-r / ˈɛ-ˈɛ

-------------------

/savˈer/ - /savˈer/
[1/1] s-s / a-a / v-v / ˈe_r-ˈe_r

-------------------

/semˈenθa/ - /semˈenθa/
[1/1] s-s / e-e / m-m / ˈe-ˈe / n-n / θ-θ / a-a

-------------------

/setemˈana/ - /setemˈana/
[1/1] s-s / e-e / t-t / e-e / m-m / ˈa-ˈa / n-n / a-a

-------------------

/siɡˈur/ - /siɡˈur/
[1/1] s-s / i-i / ɡ-ɡ / ˈu-ˈu / r-r

-------------------

/skoltˈar/ - /skoltˈar/
[1/1] s-s / k-k / o-o / l-l / t-t / ˈa-ˈa / r-r

-------------------

/skrˈiver/ - /skrˈiver/
[1/1] s-s / k-k / r-r / ˈi-ˈi / v-v / e-e / r-r

-------------------

/skˈur/ - /skˈur/
[1/1] s-s / k-k / ˈu-ˈu / r-r

-------------------

/skˈɔrθa/ - /skˈɔrθa/
[1/1] s-s / k-k / ˈɔ-ˈɔ / r-r / θ-θ / a-a

-------------------

/spˈaɲa/ - /spˈaɲa/
[1/1] s-s / p-p / ˈa-ˈa / ɲ-ɲ / a-a

-------------------

/spˈin/ - /spˈin/
[1/1] s-s / p-p / ˈi-ˈi / n-n

-------------------

/stemˈana/ - /stemˈana/
[1/1] s-s / t-t / e-e / m-m / ˈa-ˈa / n-n / a-a

-------------------

/stˈela/ - /stˈela/
[1/1] s-s / t-t / ˈe-ˈe / l-l / a-a

-------------------

/sˈal/ - /sˈal/
[1/1] s-s / ˈa_l-ˈa_l

-------------------

/sˈas/ - /sˈas/
[1/1] s-s / ˈa-ˈa / s-s

-------------------

/sˈaŋ/ - /sˈaŋ/
[1/1] s-s / ˈa-ˈa / ŋ-ŋ

-------------------

/sˈaŋɡwe/ - /sˈaŋɡwe/
[1/1] s-s / ˈa-ˈa / ŋ-ŋ / ɡ-ɡ / w-w / e-e

-------------------

/sˈeda/ - /sˈeda/
[1/1] s-s / ˈe-ˈe / d-d / a-a

-------------------

/sˈek/ - /sˈek/
[1/1] s-s / ˈe-ˈe / k-k

-------------------

/sˈera/ - /sˈera/
[1/1] s-s / ˈe_r-ˈe_r / a-a

-------------------

/sˈol/ - /sˈol/
[1/1] s-s / ˈo-ˈo / l-l

-------------------

/sˈora/ - /sˈora/
[1/1] s-s / ˈo-ˈo / r-r / a-a

-------------------

/sˈɛt/ - /sˈɛt/
[1/1] s-s / ˈɛ-ˈɛ / t-t

-------------------

/tosˈir/ - /tosˈir/
[1/1] t-t / o-o / s-s / ˈi-ˈi / r-r

-------------------

/tˈi/ - /tˈi/
[1/1] t-t / ˈi-ˈi

-------------------

/tˈut/ - /tˈut/
[1/1] t-t / ˈu-ˈu / t-t

-------------------

/tˈɔro/ - /tˈɔro/
[1/1] t-t / ˈɔ-ˈɔ / r-r / o-o

-------------------

/tˈɛra/ - /tˈɛra/
[1/1] t-t / ˈɛ-ˈɛ / r-r / a-a

-------------------

/tˈɛsta/ - /tˈɛsta/
[1/1] t-t / ˈɛ-ˈɛ / s-s / t-t / a-a

-------------------

/udˈor/ - /udˈor/
[1/1] u-u / d-d / ˈo-ˈo / r-r

-------------------

/vedˈɛl/ - /vedˈɛl/
[1/1] v-v / e-e / d-d / ˈɛ-ˈɛ / l-l

-------------------

/vezˈiŋ/ - /vezˈiŋ/
[1/1] v-v / e-e / z-z / ˈi-ˈi / ŋ-ŋ

-------------------

/vjˈajo/ - /vjˈajo/
[1/1] v-v / j-j / ˈa-ˈa / j-j / o-o

-------------------

/vˈaka/ - /vˈaka/
[1/1] v-v / ˈa-ˈa / k-k / a-a

-------------------

/vˈeder/ - /vˈeder/
[1/1] v-v / ˈe-ˈe / d-d / e-e / r-r

-------------------

/vˈerdo/ - /vˈerdo/
[1/1] v-v / ˈe_r-ˈe_r / d-d / o-o

-------------------

/vˈeŋt/ - /vˈeŋt/
[1/1] v-v / ˈe-ˈe / ŋ-ŋ / t-t

-------------------

/vˈeɲer/ - /vˈeɲer/
[1/1] v-v / ˈe-ˈe / ɲ-ɲ / e-e / r-r

-------------------

/vˈia/ - /vˈia/
[1/1] v-v / ˈi-ˈi / a-a

-------------------

/vˈita/ - /vˈita/
[1/1] v-v / ˈi-ˈi / t-t / a-a

-------------------

/vˈiŋ/ - /vˈiŋ/
[1/1] v-v / ˈi-ˈi / ŋ-ŋ

-------------------

/vˈiŋti/ - /vˈiŋti/
[1/1] v-v / ˈi-ˈi / ŋ-ŋ / t-t / i-i

-------------------

/vˈovo/ - /vˈovo/
[1/1] v-v / ˈo-ˈo / v-v / o-o

-------------------

/vˈoθe/ - /vˈoθe/
[1/1] v-v / ˈo-ˈo / θ-θ / e-e

-------------------

/vˈu/ - /vˈu/
[1/1] v-v / ˈu-ˈu

-------------------

/vˈɛrmo/ - /vˈɛrmo/
[1/1] v-v / ˈɛ-ˈɛ / r-r / m-m / o-o

-------------------

/vˈɛʧo/ - /vˈɛʧo/
[1/1] v-v / ˈɛ-ˈɛ / ʧ-ʧ / o-o

-------------------

/zolˈar/ - /zolˈar/
[1/1] z-z / o-o / l-l / ˈa-ˈa / r-r

-------------------

/ðenˈɔʧo/ - /ðenˈɔʧo/
[1/1] ð-ð / e-e / n-n / ˈɔ-ˈɔ / ʧ-ʧ / o-o

-------------------

/ðeŋðˈiva/ - /ðeŋðˈiva/
[1/1] ð-ð / e-e / ŋ-ŋ / ð-ð / ˈi-ˈi / v-v / a-a

-------------------

/ðˈeŋt/ - /ðˈeŋt/
[1/1] ð-ð / ˈe-ˈe / ŋ-ŋ / t-t

-------------------

/ðˈoven/ - /ðˈoven/
[1/1] ð-ð / ˈo-ˈo / v-v / e-e / n-n

-------------------

/ðˈoɡo/ - /ðˈoɡo/
[1/1] ð-ð / ˈo-ˈo / ɡ-ɡ / o-o

-------------------

/ðˈɛnero/ - /ðˈɛnero/
[1/1] ð-ð / ˈɛ-ˈɛ / n-n / e-e / r-r / o-o

-------------------

/ɡalˈivo/ - /ɡalˈivo/
[1/1] ɡ-ɡ / a-a / l-l / ˈi-ˈi / v-v / o-o

-------------------

/ɡrˈas/ - /ɡrˈas/
[1/1] ɡ-ɡ / r-r / ˈa-ˈa / s-s

-------------------

/ɡrˈaŋ/ - /ɡrˈaŋ/
[1/1] ɡ-ɡ / r-r / ˈa-ˈa / ŋ-ŋ

-------------------

/ɡrˈaŋt/ - /ɡrˈaŋt/
[1/1] ɡ-ɡ / r-r / ˈa-ˈa / ŋ-ŋ / t-t

-------------------

/ɡrˈɔs/ - /ɡrˈɔs/
[1/1] ɡ-ɡ / r-r / ˈɔ-ˈɔ / s-s

-------------------

/ɡuzˈɛla/ - /ɡuzˈɛla/
[1/1] ɡ-ɡ / u-u / z-z / ˈɛ-ˈɛ / l-l / a-a

-------------------

/ɡˈat/ - /ɡˈat/
[1/1] ɡ-ɡ / ˈa-ˈa / t-t

-------------------

/ɡˈola/ - /ɡˈola/
[1/1] ɡ-ɡ / ˈo-ˈo / l-l / a-a

-------------------

/ʧamˈar/ - /ʧamˈar/
[1/1] ʧ-ʧ / a-a / m-m / ˈa-ˈa / r-r

-------------------

/ʧˈave/ - /ʧˈave/
[1/1] ʧ-ʧ / ˈa-ˈa / v-v / e-e

-------------------

/ˈaj/ - /ˈaj/
[1/1] ˈa-ˈa / j-j

-------------------

/ˈakwa/ - /ˈakwa/
[1/1] ˈa-ˈa / k-k / w-w / a-a

-------------------

/ˈan/ - /ˈan/
[1/1] ˈa-ˈa / n-n

-------------------

/ˈanema/ - /ˈanema/
[1/1] ˈa-ˈa / n-n / e-e / m-m / a-a

-------------------

/ˈanzol/ - /ˈanzol/
[1/1] ˈa-ˈa / n-n / z-z / o-o / l-l

-------------------

/ˈarbol/ - /ˈarbol/
[1/1] ˈa-ˈa / r-r / b-b / o-o / l-l

-------------------

/ˈava/ - /ˈava/
[1/1] ˈa-ˈa / v-v / a-a

-------------------

/ˈawter/ - /ˈawter/
[1/1] ˈa-ˈa / w-w / t-t / e-e / r-r

-------------------

/ˈela/ - /ˈela/
[1/1] <#_ˈe-<#_ˈe / l-l / a-a

-------------------

/ˈelo/ - /ˈelo/
[1/1] <#_ˈe-<#_ˈe / l_o-l_o

-------------------

/ˈio/ - /ˈio/
[1/1] ˈi-ˈi / o-o

-------------------

/ˈoŋʤa/ - /ˈoŋʤa/
[1/1] ˈo-ˈo / ŋ-ŋ / ʤ-ʤ / a-a

-------------------

/ˈun/ - /ˈun/
[1/1] ˈu-ˈu / n-n

-------------------

/ˈɔka/ - /ˈɔka/
[1/1] ˈɔ-ˈɔ / k-k / a-a

-------------------

/ˈɔro/ - /ˈɔro/
[1/1] ˈɔ-ˈɔ / r-r / o-o

-------------------

/ˈɔs/ - /ˈɔs/
[1/1] ˈɔ-ˈɔ / s-s

-------------------

/ˈɔt/ - /ˈɔt/
[1/1] ˈɔ-ˈɔ / t-t

-------------------

/ˈɔŋ/ - /ˈɔŋ/
[1/1] ˈɔ-ˈɔ / ŋ-ŋ

-------------------

/ˈɔʧo/ - /ˈɔʧo/
[1/1] ˈɔ-ˈɔ / ʧ-ʧ / o-o

-------------------

/ˈɛrba/ - /ˈɛrba/
[1/1] ˈɛ-ˈɛ / r-r / b-b / a-a

-------------------

/θerkˈar/ - /θerkˈar/
[1/1] θ-θ / e-e / r-r / k-k / ˈa-ˈa / r-r

-------------------

/θitˈa/ - /θitˈa/
[1/1] θ-θ / i-i / t-t / ˈa-ˈa

-------------------

/θiŋkwˈaŋta/ - /θiŋkwˈaŋta/
[1/1] θ-θ / i-i / ŋ-ŋ / k-k / w-w / ˈa-ˈa / ŋ-ŋ / t-t / a-a

-------------------

/θjˈelo/ - /θjˈelo/
[1/1] θ-θ / j-j / ˈe-ˈe / l_o-l_o

-------------------

/θˈareza/ - /θˈareza/
[1/1] θ-θ / ˈa-ˈa / r-r / e-e / z-z / a-a

-------------------

/θˈendre/ - /θˈendre/
[1/1] θ-θ / ˈe-ˈe / n-n / d-d / r-r / e-e

-------------------

/θˈera/ - /θˈera/
[1/1] θ-θ / ˈe_r-ˈe_r / a-a

-------------------

/θˈima/ - /θˈima/
[1/1] θ-θ / ˈi-ˈi / m-m / a-a

-------------------

/θˈiŋkwe/ - /θˈiŋkwe/
[1/1] θ-θ / ˈi-ˈi / ŋ-ŋ / k-k / w-w / e-e

-------------------

/θˈɛnto/ - /θˈɛnto/
[1/1] θ-θ / ˈɛ-ˈɛ / n-n / t-t / o-o

-------------------

