/bjˈøːɳ/ - /bˈerɔːː/
[3/4] b-b / j-ˈe / ˈøː-r / ɳ-ɔːː
[1/4] b-b / j-ˈe / ˈøː-∅ / ɳ-r / ∅-ɔːː

-------------------

/blˈuː/ - /blˈɔːθɑ̃/
[4/4] b-b / l-l / ˈuː-ˈɔː / ∅-θ / ∅-ɑ̃

-------------------

/blˈuːm/ - /blˈɔːmɔːː/
[2/2] b-b / l-l / ˈuː-ˈɔː / m-m / ∅-ɔːː

-------------------

/blˈuːmə/ - /blˈɔːmɔːː/
[3/3] b-b / l-l / ˈuː-ˈɔː / m-m / ə-ɔːː

-------------------

/blˈøː/ - /blˈɔːθijɑnɑ̃/
[5/5] b-b / l-l / ˈøː-ˈɔː / ∅-θ / ∅-i / ∅-j / ∅-ɑ / ∅-n / ∅-ɑ̃

-------------------

/blˈɑːd/ - /blˈɑðɑ̃/
[4/4] b-b / l-l / ˈɑː-ˈɑ / d-ð / ∅-ɑ̃

-------------------

/bɾˈuːɾ/ - /brˈɔːθɛːr/
[5/5] b-b / ɾ-r / ˈuː-ˈɔː / ∅-θ / ∅-ɛː / ɾ-r

-------------------

/bɾˈøː/ - /brˈɑu̯ðɑ̃/
[4/4] b-b / ɾ-r / ˈøː-ˈɑu̯ / ∅-ð / ∅-ɑ̃

-------------------

/bɾˈʏst/ - /brˈeu̯stɑ̃/
[4/4] b-b / ɾ-r / ˈʏ-ˈeu̯ / s-s / t-t / ∅-ɑ̃

-------------------

/bɾˈʏɡːə/ - /brˈewːɑnɑ̃/
[5/5] b-b / ɾ-r / ˈʏ-ˈe / ɡː-wː / ə-ɑ / ∅-n / ∅-ɑ̃

-------------------

/bɾˈʏɡːə/ - /brˈuɣjɔ̃ː/
[4/4] b-b / ɾ-r / ˈʏ-ˈu / ɡː-ɣ / ∅-j / ə-ɔ̃ː

-------------------

/bˈeː/ - /bˈiðjɑnɑ̃/
[2/2] b-b / ˈeː-ˈi / ∅-ð / ∅-j / ∅-ɑ / ∅-n / ∅-ɑ̃

-------------------

/bˈeːdɾə/ - /bˈɑtizɔːː/
[3/3] b-b / ˈeː-ˈɑ / d-t / ɾ-∅ / ∅-i / ∅-z / ə-ɔːː

-------------------

/bˈiːtə/ - /bˈiːtɑnɑ̃/
[4/4] b-b / ˈiː-ˈiː / t-t / ə-ɑ / ∅-n / ∅-ɑ̃

-------------------

/bˈiːə/ - /bˈijɔ̃ː/
[4/4] b-b / ˈiː-ˈi / ∅-j / ə-ɔ̃ː

-------------------

/bˈiːə/ - /bˈiniz/
[1/1] b-b / ˈiː-ˈi / ∅-n / ə-i / ∅-z

-------------------

/bˈoːt/ - /bˈɑi̯tɑz/
[5/5] b-b / ˈoː-ˈɑi̯ / t-t / ∅-ɑ / ∅-z

-------------------

/bˈuːk/ - /bˈɔːks/
[2/4] b-b / ˈuː-ˈɔː / k-k / ∅-s
[2/4] b-b / ˈuː-ˈɔː / k-k / #>-s_#>

-------------------

/bˈyː/ - /bˈeu̯ðɑnɑ̃/
[5/5] b-b / ˈyː-ˈeu̯ / ∅-ð / ∅-ɑ / ∅-n / ∅-ɑ̃

-------------------

/bˈæɪ̯n/ - /bˈɑi̯nɑ̃/
[3/3] b-b / ˈæɪ̯-ˈɑi̯ / n-n / ∅-ɑ̃

-------------------

/bˈæɾɡ/ - /bˈerɣɑz/
[4/4] b-b / ˈæ-ˈe / ɾ-r / ɡ-ɣ / ∅-ɑ / ∅-z

-------------------

/bˈæːɾ/ - /bˈɑsjɑ̃/
[2/2] b-b / ˈæː-ˈɑ / ∅-s / ɾ-j / ∅-ɑ̃

-------------------

/bˈæːɾ/ - /bˈɑzjɑ̃/
[1/1] b-b / ˈæː-ˈɑ / ∅-z / ɾ-j / ∅-ɑ̃

-------------------

/bˈɑːd/ - /bˈɑθɑ̃/
[4/4] b-b / ˈɑː-ˈɑ / d-θ / ∅-ɑ̃

-------------------

/bˈɑːɳ/ - /bˈɑrnɑ̃/
[2/3] b-b / ˈɑː-ˈɑ / ɳ-r_n / ∅-ɑ̃
[1/3] b-b / ˈɑː-ˈɑ / ɳ-r / ∅-n / ∅-ɑ̃

-------------------

/bˈɪnːə/ - /bˈindɑnɑ̃/
[1/1] b-b / ˈɪ-ˈi / nː-n / ∅-d / ə-ɑ / ∅-n / ∅-ɑ̃

-------------------

/dɾˈiːʋə/ - /drˈiːβɑnɑ̃/
[5/5] d-d / ɾ-r / ˈiː-ˈiː / ʋ-β / ə-ɑ / ∅-n / ∅-ɑ̃

-------------------

/dɾˈœm/ - /drˈɑu̯mɑz/
[5/5] d-d / ɾ-r / ˈœ-ˈɑu̯ / m-m / ∅-ɑ / ∅-z

-------------------

/dɾˈœmːə/ - /drˈɑu̯mijɑnɑ̃/
[3/3] d-d / ɾ-r / ˈœ-ˈɑu̯ / mː-m / ə-i / ∅-j / ∅-ɑ / ∅-n / ∅-ɑ̃

-------------------

/dɾˈɪkːə/ - /drˈiŋkɑnɑ̃/
[1/2] d-d / ɾ-r / ˈɪ-ˈi / kː-ŋ_k / ə-ɑ / ∅-n / ∅-ɑ̃
[1/2] d-d / ɾ-r / ˈɪ-ˈi / kː-ŋ / ∅-k / ə-ɑ / ∅-n / ∅-ɑ̃

-------------------

/dʋˈɛɾɡ/ - /dwˈerɣɑz/
[4/4] d-d / ʋ-w / ˈɛ-ˈe / ɾ-r / ɡ-ɣ / ∅-ɑ / ∅-z

-------------------

/dˈyːp/ - /dˈeu̯pɑz/
[5/5] d-d / ˈyː-ˈeu̯ / p-p / ∅-ɑ / ∅-z

-------------------

/dˈyːɾ/ - /dˈeu̯zɑ̃/
[5/5] d-d / ˈyː-ˈeu̯ / ɾ-∅ / ∅-z / ∅-ɑ̃

-------------------

/dˈyːɾ/ - /dˈiu̯rijɑz/
[5/5] d-d / ˈyː-ˈiu̯ / ɾ-r / ∅-i / ∅-j / ∅-ɑ / ∅-z

-------------------

/dˈæɪ̯/ - /dˈɑi̯ɣɑz/
[4/4] d-d / ˈæɪ̯-ˈɑi̯ / ∅-ɣ / ∅-ɑ / ∅-z

-------------------

/dˈøː/ - /dˈɑu̯ðɑz/
[1/1] d-d / ˈøː-ˈɑu̯ / ∅-ð / ∅-ɑ / ∅-z

-------------------

/dˈøː/ - /dˈɑu̯θuz/
[4/4] d-d / ˈøː-ˈɑu̯ / ∅-θ / ∅-u / ∅-z

-------------------

/dˈɑtːəɾ/ - /dˈuxtɛːr/
[3/5] d-d / ˈɑ-ˈu / tː-x_t / ə-ɛː / ɾ-r
[2/5] d-d / ˈɑ-ˈu / ∅-x / tː-t / ə-ɛː / ɾ-r

-------------------

/dˈɑːɡ/ - /dˈɑɣɑz/
[5/5] d-d / ˈɑː-ˈɑ / ɡ-ɣ / ∅-ɑ / ∅-z

-------------------

/dˈʉː/ - /θˈuː/
[4/4] d-θ / ˈʉː-ˈuː

-------------------

/dˈʉːə/ - /dˈuːβɔ̃ː/
[5/5] d-d / ˈʉː-ˈuː / ∅-β / ə-ɔ̃ː

-------------------

/fjˈæːɾ/ - /ɸˈeθrɔː/
[2/4] f-ɸ / j-∅ / ˈæː-ˈe / ɾ-θ_r / #>-ɔː_#>
[1/4] f-ɸ / j-∅ / ˈæː-ˈe / ∅-θ / ɾ-r / #>-ɔː_#>
[1/4] f-ɸ / j-∅ / ˈæː-ˈe / ɾ-θ_r / ∅-ɔː

-------------------

/flˈyːɡə/ - /ɸlˈeu̯ɣɑnɑ̃/
[5/5] f-ɸ / l-l / ˈyː-ˈeu̯ / ɡ-ɣ / ə-ɑ / ∅-n / ∅-ɑ̃

-------------------

/flˈʉːə/ - /ɸlˈeu̯ɣɔ̃ː/
[5/5] f-ɸ / l-l / ˈʉː-ˈeu̯ / ∅-ɣ / ə-ɔ̃ː

-------------------

/fɾˈyːsə/ - /ɸrˈeu̯sɑnɑ̃/
[4/4] f-ɸ / ɾ-r / ˈyː-ˈeu̯ / s-s / ə-ɑ / ∅-n / ∅-ɑ̃

-------------------

/fɾˈɛnːə/ - /ɸrˈijɔːndz/
[2/4] f-ɸ / ɾ-r / ˈɛ-ˈi / ∅-j / ∅-ɔː / ∅-n / nː-d / ə-∅ / ∅-z
[2/4] f-ɸ / ɾ-r / ˈɛ-ˈi / nː-j / ə-ɔː / ∅-n / ∅-d / ∅-z

-------------------

/fɾˈɪsk/ - /ɸrˈiskɑz/
[5/5] f-ɸ / ɾ-r / ˈɪ-ˈi / s-s / k-k / ∅-ɑ / ∅-z

-------------------

/fˈiːɾə/ - /ɸˈeðwɔːr/
[3/4] f-ɸ / ˈiː-ˈe / ∅-ð / ∅-w / ∅-ɔː / ɾ-r / ə-∅
[1/4] f-ɸ / ˈiː-ˈe / ∅-ð / ∅-w / ɾ-ɔː_r / ə-∅

-------------------

/fˈoː/ - /ɸˈɑwɑz/
[4/4] f-ɸ / ˈoː-ˈɑ / ∅-w / ∅-ɑ / ∅-z

-------------------

/fˈoːɾ/ - /skˈɛːpɑ̃/
[1/1] ∅-s / f-k / ˈoː-ˈɛː / ɾ-p / ∅-ɑ̃

-------------------

/fˈoːɾ/ - /ɸˈɑxɑz/
[1/1] f-ɸ / ˈoː-ˈɑ / ɾ-∅ / ∅-x / ∅-ɑ / ∅-z

-------------------

/fˈuːt/ - /ɸˈɔːts/
[2/4] f-ɸ / ˈuː-ˈɔː / t-t / ∅-s
[2/4] f-ɸ / ˈuː-ˈɔː / t-t / #>-s_#>

-------------------

/fˈyːɾ/ - /ɸˈɔːr/
[5/5] f-ɸ / ˈyː-ˈɔː / ɾ-r

-------------------

/fˈœlɡə/ - /ɸˈulɣijɑnɑ̃/
[1/1] f-ɸ / ˈœ-ˈu / l-l / ɡ-ɣ / ə-i / ∅-j / ∅-ɑ / ∅-n / ∅-ɑ̃

-------------------

/fˈœlɡə/ - /ɸˈulɣɑːnɑ̃/
[3/3] f-ɸ / ˈœ-ˈu / l-l / ɡ-ɣ / ə-ɑː / ∅-n / ∅-ɑ̃

-------------------

/fˈœtːəɾ/ - /ɸˈɔːtiz/
[4/4] f-ɸ / ˈœ-ˈɔː / tː-t / ə-i / ɾ-∅ / ∅-z

-------------------

/fˈɑːɾ/ - /ɸˈɑðɛːr/
[3/3] f-ɸ / ˈɑː-ˈɑ / ∅-ð / ∅-ɛː / ɾ-r

-------------------

/fˈɔɾ/ - /ɸˈuri/
[3/4] f-ɸ / ˈɔ-ˈu / ɾ-r / ∅-i
[1/4] f-ɸ / ˈɔ-ˈu / ɾ-r / #>-i_#>

-------------------

/fˈɛm/ - /ɸˈimɸ/
[3/4] f-ɸ / ˈɛ-ˈi / m-m / ∅-ɸ
[1/4] f-ɸ / ˈɛ-ˈi / m-m / #>-ɸ_#>

-------------------

/fˈɪnːə/ - /ɸˈinθɑnɑ̃/
[2/2] f-ɸ / ˈɪ-ˈi / nː-n / ∅-θ / ə-ɑ / ∅-n / ∅-ɑ̃

-------------------

/fˈɪsk/ - /ɸˈiskɑz/
[3/3] f-ɸ / ˈɪ-ˈi / s-s / k-k / ∅-ɑ / ∅-z

-------------------

/fˈɪŋːəɾ/ - /ɸˈiŋɡrɑz/
[2/4] f-ɸ / ˈɪ-ˈi / ŋː-ŋ / ə-∅ / ∅-ɡ / ɾ-r / ∅-ɑ / ∅-z
[2/4] f-ɸ / ˈɪ-ˈi / ŋː-ŋ / ə-∅ / ɾ-ɡ_r / ∅-ɑ / ∅-z

-------------------

/fˈʉlː/ - /ɸˈulːɑz/
[4/4] f-ɸ / ˈʉ-ˈu / lː-lː / ∅-ɑ / ∅-z

-------------------

/fˈʉːl/ - /ɸˈuɣlɑz/
[3/3] f-ɸ / ˈʉː-ˈu / l-ɣ_l / ∅-ɑ / ∅-z

-------------------

/hˈeːt/ - /xˈɑi̯tɑz/
[4/4] h-x / ˈeː-ˈɑi̯ / t-t / ∅-ɑ / ∅-z

-------------------

/hˈoːɾ/ - /xˈɛːrɑ̃/
[5/5] h-x / ˈoː-ˈɛː / ɾ-r / ∅-ɑ̃

-------------------

/hˈuːdə/ - /kˈupːɑz/
[5/5] h-k / ˈuː-ˈu / d-pː / ə-ɑ / ∅-z

-------------------

/hˈuːɳ/ - /xˈurnɑ̃/
[2/3] h-x / ˈuː-ˈu / ɳ-r_n / ∅-ɑ̃
[1/3] h-x / ˈuː-ˈu / ɳ-r / ∅-n / ∅-ɑ̃

-------------------

/hˈæːɾ/ - /xˈeːr/
[5/5] h-x / ˈæː-ˈeː / ɾ-r

-------------------

/hˈøːj/ - /xˈɑu̯xɑz/
[1/1] h-x / ˈøː-ˈɑu̯ / j-x / ∅-ɑ / ∅-z

-------------------

/hˈøːj/ - /xˈɑu̯ɣɑz/
[4/4] h-x / ˈøː-ˈɑu̯ / j-ɣ / ∅-ɑ / ∅-z

-------------------

/hˈøːnə/ - /xˈɑnjɔː/
[1/1] h-x / ˈøː-ˈɑ / n-n / ∅-j / ə-ɔː

-------------------

/hˈøːnə/ - /xˈɔːnijɔ̃ː/
[4/4] h-x / ˈøː-ˈɔː / n-n / ∅-i / ∅-j / ə-ɔ̃ː

-------------------

/hˈøːɾə/ - /xˈɑu̯zijɑnɑ̃/
[1/1] h-x / ˈøː-ˈɑu̯ / ɾ-∅ / ∅-z / ə-i / ∅-j / ∅-ɑ / ∅-n / ∅-ɑ̃

-------------------

/hˈɑlː/ - /xˈɑlβɑz/
[4/4] h-x / ˈɑ-ˈɑ / lː-l / ∅-β / ∅-ɑ / ∅-z

-------------------

/hˈɑnː/ - /xˈɑnduz/
[2/4] h-x / ˈɑ-ˈɑ / ∅-n / nː-d / ∅-u / ∅-z
[2/4] h-x / ˈɑ-ˈɑ / nː-n / ∅-d / ∅-u / ∅-z

-------------------

/hˈɑː/ - /xˈɑβjɑnɑ̃/
[1/1] h-x / ˈɑː-ˈɑ / ∅-β / ∅-j / ∅-ɑ / ∅-n / ∅-ɑ̃

-------------------

/hˈɑːtə/ - /xˈɑtɑːnɑ̃/
[4/4] h-x / ˈɑː-ˈɑ / t-t / ə-ɑː / ∅-n / ∅-ɑ̃

-------------------

/hˈɑːɾə/ - /xˈɑsɔːː/
[2/4] h-x / ˈɑː-ˈɑ / ɾ-∅ / ∅-s / ə-ɔːː
[2/4] h-x / ˈɑː-ˈɑ / ɾ-∅ / ə-s_ɔːː

-------------------

/hˈɛlːi/ - /xˈɑi̯lɑɣɑz/
[3/3] h-x / ˈɛ-ˈɑi̯ / lː-l / i-ɑ / ∅-ɣ / ∅-ɑ / ∅-z

-------------------

/hˈʉndɾə/ - /xˈundɑrɑðɑ̃/
[4/4] h-x / ˈʉ-ˈu / n-n / d-d / ∅-ɑ / ɾ-r / ə-ɑ / ∅-ð / ∅-ɑ̃

-------------------

/hˈʉnː/ - /xˈundɑz/
[3/5] h-x / ˈʉ-ˈu / nː-n / ∅-d / ∅-ɑ / ∅-z
[2/5] h-x / ˈʉ-ˈu / ∅-n / nː-d / ∅-ɑ / ∅-z

-------------------

/hˈʉŋːəɾ/ - /xˈuŋɡruz/
[3/5] h-x / ˈʉ-ˈu / ŋː-ŋ / ə-∅ / ∅-ɡ / ɾ-r / ∅-u / ∅-z
[2/5] h-x / ˈʉ-ˈu / ŋː-ŋ / ə-∅ / ɾ-ɡ_r / ∅-u / ∅-z

-------------------

/hˈʉːd/ - /xˈuːðiz/
[5/5] h-x / ˈʉː-ˈuː / d-ð / ∅-i / ∅-z

-------------------

/hˈʉːs/ - /xˈuːsɑ̃/
[5/5] h-x / ˈʉː-ˈuː / s-s / ∅-ɑ̃

-------------------

/hˈʊnːɪŋ/ - /xˈunɑŋɡɑ̃/
[3/5] h-x / ˈʊ-ˈu / nː-n / ∅-ɑ / ɪ-ŋ / ŋ-ɡ / ∅-ɑ̃
[2/5] h-x / ˈʊ-ˈu / nː-n / ɪ-ɑ / ∅-ŋ / ŋ-ɡ / ∅-ɑ̃

-------------------

/jˈuːɾ/ - /ˈerθɔː/
[2/5] j-ˈe / ˈuː-∅ / ɾ-r / ∅-θ / ∅-ɔː
[2/5] j-ˈe / ˈuː-∅ / ɾ-r / ∅-θ / #>-ɔː_#>
[1/5] j-∅ / ˈuː-ˈe / ɾ-r / ∅-θ / #>-ɔː_#>

-------------------

/jˈæj/ - /ˈek/
[4/4] j-∅ / ˈæ-ˈe / j-k

-------------------

/jˈæɪ̯t/ - /ɣˈɑi̯ts/
[2/4] j-ɣ / ˈæɪ̯-ˈɑi̯ / t-t / ∅-s
[2/4] j-ɣ / ˈæɪ̯-ˈɑi̯ / t-t / #>-s_#>

-------------------

/jˈɛlpə/ - /xˈelpɑnɑ̃/
[3/4] j-x / ˈɛ-ˈe / l-l / p-p / ə-ɑ / ∅-n / ∅-ɑ̃
[1/4] ∅-x / j-ˈe / ˈɛ-∅ / l-l / p-p / ə-ɑ / ∅-n / ∅-ɑ̃

-------------------

/jˈɛm/ - /xˈɑi̯mɑz/
[3/3] j-x / ˈɛ-ˈɑi̯ / m-m / ∅-ɑ / ∅-z

-------------------

/jˈɛst/ - /ɣˈɑstiz/
[5/5] j-ɣ / ˈɛ-ˈɑ / s-s / t-t / ∅-i / ∅-z

-------------------

/jˈɛʈːə/ - /xˈertɔːː/
[4/5] j-x / ˈɛ-ˈe / ∅-r / ʈː-t / ə-ɔːː
[1/5] ∅-x / j-ˈe / ˈɛ-∅ / ∅-r / ʈː-t / ə-ɔːː

-------------------

/jˈʉːʋ/ - /lˈeu̯βɑz/
[5/5] j-l / ˈʉː-ˈeu̯ / ʋ-β / ∅-ɑ / ∅-z

-------------------

/kʰnˈeː/ - /knˈewɑ̃/
[4/4] kʰ-k / n-n / ˈeː-ˈe / ∅-w / ∅-ɑ̃

-------------------

/kʰnˈʉːtə/ - /knˈutːɔːː/
[3/3] kʰ-k / n-n / ˈʉː-ˈu / t-tː / ə-ɔːː

-------------------

/kʰʋˈɪnːə/ - /kʷˈenɔ̃ː/
[1/1] kʰ-kʷ / ʋ-∅ / ˈɪ-ˈe / nː-n / ə-ɔ̃ː

-------------------

/kʰˈuːnə/ - /kʷˈenɔ̃ː/
[4/4] kʰ-kʷ / ˈuː-ˈe / n-n / ə-ɔ̃ː

-------------------

/kʰˈuːɳ/ - /kˈurnɑ̃/
[2/3] kʰ-k / ˈuː-ˈu / ɳ-r_n / ∅-ɑ̃
[1/3] kʰ-k / ˈuː-ˈu / ɳ-r / ∅-n / ∅-ɑ̃

-------------------

/kʰˈɑlʋ/ - /kˈɑlβɑz/
[4/4] kʰ-k / ˈɑ-ˈɑ / l-l / ʋ-β / ∅-ɑ / ∅-z

-------------------

/kʰˈɑlː/ - /kˈɑldɑz/
[4/4] kʰ-k / ˈɑ-ˈɑ / lː-l / ∅-d / ∅-ɑ / ∅-z

-------------------

/kʰˈɑtː/ - /kˈɑtːuz/
[4/4] kʰ-k / ˈɑ-ˈɑ / tː-tː / ∅-u / ∅-z

-------------------

/kʰˈɔmːə/ - /kʷˈemɑnɑ̃/
[5/5] kʰ-kʷ / ˈɔ-ˈe / mː-m / ə-ɑ / ∅-n / ∅-ɑ̃

-------------------

/kʰˈʉnːə/ - /kˈunːɑnɑ̃/
[5/5] kʰ-k / ˈʉ-ˈu / nː-nː / ə-ɑ / ∅-n / ∅-ɑ̃

-------------------

/kʰˈʉː/ - /kˈuːz/
[2/2] kʰ-k / ˈʉː-ˈuː / ∅-z

-------------------

/kʰˈʊŋə/ - /kˈuniŋɡɑz/
[2/2] kʰ-k / ˈʊ-ˈu / ∅-n / ∅-i / ∅-ŋ / ŋ-ɡ / ə-ɑ / ∅-z

-------------------

/lˈeːʋəɾ/ - /lˈiβrɔː/
[3/4] l-l / ˈeː-ˈi / ʋ-β / ə-∅ / ɾ-r / #>-ɔː_#>
[1/4] l-l / ˈeː-ˈi / ʋ-β / ə-∅ / ɾ-r / ∅-ɔː

-------------------

/lˈyːs/ - /lˈeu̯xsɑ̃/
[4/4] l-l / ˈyː-ˈeu̯ / ∅-x / s-s / ∅-ɑ̃

-------------------

/lˈyːs/ - /lˈeu̯xtɑ̃/
[1/1] l-l / ˈyː-ˈeu̯ / s-x / ∅-t / ∅-ɑ̃

-------------------

/lˈyːʋə/ - /lˈeu̯ɣɑnɑ̃/
[3/3] l-l / ˈyː-ˈeu̯ / ʋ-∅ / ∅-ɣ / ə-ɑ / ∅-n / ∅-ɑ̃

-------------------

/lˈøːpə/ - /xlˈɑu̯pɑnɑ̃/
[4/4] ∅-x / l-l / ˈøː-ˈɑu̯ / p-p / ə-ɑ / ∅-n / ∅-ɑ̃

-------------------

/lˈøːʋ/ - /lˈɑu̯βɑ̃/
[2/2] l-l / ˈøː-ˈɑu̯ / ʋ-β / ∅-ɑ̃

-------------------

/lˈɑmː/ - /lˈɑmbɑz/
[4/4] l-l / ˈɑ-ˈɑ / mː-m / ∅-b / ∅-ɑ / ∅-z

-------------------

/lˈɑnː/ - /lˈɑndɑ̃/
[3/5] l-l / ˈɑ-ˈɑ / nː-n / ∅-d / ∅-ɑ̃
[2/5] l-l / ˈɑ-ˈɑ / ∅-n / nː-d / ∅-ɑ̃

-------------------

/lˈɑŋː/ - /lˈɑŋɡɑz/
[5/5] l-l / ˈɑ-ˈɑ / ŋː-ŋ / ∅-ɡ / ∅-ɑ / ∅-z

-------------------

/lˈɛtː/ - /lˈĩːxtɑz/
[3/5] l-l / ˈɛ-ˈĩː / tː-x_t / ∅-ɑ / ∅-z
[2/5] l-l / ˈɛ-ˈĩː / ∅-x / tː-t / ∅-ɑ / ∅-z

-------------------

/lˈɪɡːə/ - /lˈiɣjɑnɑ̃/
[3/4] l-l / ˈɪ-ˈi / ɡː-ɣ / ∅-j / ə-ɑ / ∅-n / ∅-ɑ̃
[1/4] l-l / ˈɪ-ˈi / ɡː-ɣ / ə-j / ∅-ɑ / ∅-n / ∅-ɑ̃

-------------------

/lˈʉːs/ - /lˈuːs/
[4/4] l-l / ˈʉː-ˈuː / s-s

-------------------

/mˈoːnə/ - /mˈɛːnɔːː/
[5/5] m-m / ˈoː-ˈɛː / n-n / ə-ɔːː

-------------------

/mˈoːnə/ - /mˈɛːnɔːθs/
[2/4] m-m / ˈoː-ˈɛː / n-n / ə-ɔː / ∅-θ / ∅-s
[2/4] m-m / ˈoː-ˈɛː / n-n / ə-ɔː / ∅-θ / #>-s_#>

-------------------

/mˈuːɾ/ - /mˈɔːðɛːr/
[4/4] m-m / ˈuː-ˈɔː / ∅-ð / ∅-ɛː / ɾ-r

-------------------

/mˈæɪ̯/ - /mˈiz/
[4/4] m-m / ˈæɪ̯-ˈi / ∅-z

-------------------

/mˈɑnː/ - /mˈɑnː/
[5/5] m-m / ˈɑ-ˈɑ / nː-nː

-------------------

/mˈɛlk/ - /mˈeluks/
[3/5] m-m / ˈɛ-ˈe / l-l / ∅-u / k-k / #>-s_#>
[2/5] m-m / ˈɛ-ˈe / l-l / ∅-u / k-k / ∅-s

-------------------

/mˈɛnː/ - /mˈɑnːiz/
[2/2] m-m / ˈɛ-ˈɑ / nː-nː / ∅-i / ∅-z

-------------------

/mˈɛnːəskə/ - /mˈɑnːiskɑz/
[5/5] m-m / ˈɛ-ˈɑ / nː-nː / ə-i / s-s / k-k / ə-ɑ / ∅-z

-------------------

/mˈʉnː/ - /mˈunθɑz/
[5/5] m-m / ˈʉ-ˈu / nː-n / ∅-θ / ∅-ɑ / ∅-z

-------------------

/mˈʉːs/ - /mˈuːs/
[4/4] m-m / ˈʉː-ˈuː / s-s

-------------------

/mˈʉːs/ - /mˈuːsiz/
[5/5] m-m / ˈʉː-ˈuː / s-s / ∅-i / ∅-z

-------------------

/mˈʏɡː/ - /mˈuɣjɔː/
[3/4] m-m / ˈʏ-ˈu / ɡː-ɣ / ∅-j / #>-ɔː_#>
[1/4] m-m / ˈʏ-ˈu / ɡː-ɣ / ∅-j / ∅-ɔː

-------------------

/nˈeːsə/ - /nˈɑsɔː/
[4/4] n-n / ˈeː-ˈɑ / s-s / ə-ɔː

-------------------

/nˈiː/ - /nˈewun/
[2/2] n-n / ˈiː-ˈe / ∅-w / ∅-u / #>-n_#>

-------------------

/nˈoːl/ - /nˈɛːθlɔː/
[3/5] n-n / ˈoː-ˈɛː / ∅-θ / l-l / #>-ɔː_#>
[2/5] n-n / ˈoː-ˈɛː / ∅-θ / l-l / ∅-ɔː

-------------------

/nˈuːɾ/ - /nˈurθrɑ̃/
[4/4] n-n / ˈuː-ˈu / ɾ-r / ∅-θ / ∅-r / ∅-ɑ̃

-------------------

/nˈyː/ - /nˈiu̯jɑz/
[4/4] n-n / ˈyː-ˈiu̯ / ∅-j / ∅-ɑ / ∅-z

-------------------

/nˈæɪ̯l/ - /nˈɑɣlɑz/
[3/5] n-n / ˈæɪ̯-ˈɑ / l-ɣ_l / ∅-ɑ / ∅-z
[2/5] n-n / ˈæɪ̯-ˈɑ / ∅-ɣ / l-l / ∅-ɑ / ∅-z

-------------------

/nˈœtː/ - /xnˈuts/
[2/5] ∅-x / n-n / ˈœ-ˈu / tː-t / ∅-s
[2/5] ∅-x / n-n / ˈœ-ˈu / tː-t / #>-s_#>
[1/5] n-x_n / ˈœ-ˈu / tː-t / #>-s_#>

-------------------

/nˈɑtː/ - /nˈɑxts/
[2/4] n-n / ˈɑ-ˈɑ / ∅-x / tː-t / ∅-s
[2/4] n-n / ˈɑ-ˈɑ / tː-x_t / #>-s_#>

-------------------

/nˈɑʋn/ - /nˈɑmɔːː/
[2/4] n-n / ˈɑ-ˈɑ / ∅-m / ʋ-ɔːː / n-∅
[2/4] n-n / ˈɑ-ˈɑ / ʋ-∅ / ∅-m / n-ɔːː

-------------------

/nˈɑːkən/ - /nˈɑkʷɑðɑz/
[4/5] n-n / ˈɑː-ˈɑ / k-kʷ / ə-ɑ / n-ð / ∅-ɑ / ∅-z
[1/5] n-n / ˈɑː-ˈɑ / k-kʷ / ə-ɑ / n-∅ / ∅-ð / ∅-ɑ / ∅-z

-------------------

/nˈɛstə/ - /nˈɛːxʷist/
[5/5] n-n / ˈɛ-ˈɛː / ∅-xʷ / ∅-i / s-s / t-t / ə-∅

-------------------

/pʰlˈuːɡ/ - /plˈɔːɣɑz/
[5/5] pʰ-p / l-l / ˈuː-ˈɔː / ɡ-ɣ / ∅-ɑ / ∅-z

-------------------

/skˈuː/ - /skˈɔːxɑz/
[5/5] s-s / k-k / ˈuː-ˈɔː / ∅-x / ∅-ɑ / ∅-z

-------------------

/skˈɑɾp/ - /skˈɑrpɑz/
[5/5] s-s / k-k / ˈɑ-ˈɑ / ɾ-r / p-p / ∅-ɑ / ∅-z

-------------------

/slˈoː/ - /slˈɑxɑnɑ̃/
[4/4] s-s / l-l / ˈoː-ˈɑ / ∅-x / ∅-ɑ / ∅-n / ∅-ɑ̃

-------------------

/slˈɑŋːə/ - /slˈɑŋɡɔːː/
[4/4] s-s / l-l / ˈɑ-ˈɑ / ŋː-ŋ / ∅-ɡ / ə-ɔːː

-------------------

/snˈøː/ - /snˈɑi̯wɑz/
[4/4] s-s / n-n / ˈøː-ˈɑi̯ / ∅-w / ∅-ɑ / ∅-z

-------------------

/stjˈæːɳə/ - /stˈernɔ̃ː/
[2/4] s-s / t-t / j-ˈe / ˈæː-r / ɳ-n / ə-ɔ̃ː
[1/4] s-s / t-t / j-∅ / ˈæː-ˈe / ɳ-r_n / ə-ɔ̃ː
[1/4] s-s / t-t / j-∅ / ˈæː-ˈe / ɳ-r / ∅-n / ə-ɔ̃ː

-------------------

/stˈuːl/ - /stˈɔːlɑz/
[4/4] s-s / t-t / ˈuː-ˈɔː / l-l / ∅-ɑ / ∅-z

-------------------

/stˈuːɾ/ - /stˈɔːrɑz/
[3/3] s-s / t-t / ˈuː-ˈɔː / ɾ-r / ∅-ɑ / ∅-z

-------------------

/stˈæɪ̯n/ - /stˈɑi̯nɑz/
[4/4] s-s / t-t / ˈæɪ̯-ˈɑi̯ / n-n / ∅-ɑ / ∅-z

-------------------

/stˈɔɾm/ - /stˈurmɑz/
[5/5] s-s / t-t / ˈɔ-ˈu / ɾ-r / m-m / ∅-ɑ / ∅-z

-------------------

/sʋˈiːn/ - /swˈiːnɑ̃/
[4/4] s-s / ʋ-w / ˈiː-ˈiː / n-n / ∅-ɑ̃

-------------------

/sʋˈæːɾ/ - /swˈerðɑ̃/
[3/3] s-s / ʋ-w / ˈæː-ˈe / ɾ-r / ∅-ð / ∅-ɑ̃

-------------------

/sʋˈœmːə/ - /swˈimːɑnɑ̃/
[4/4] s-s / ʋ-w / ˈœ-ˈi / mː-mː / ə-ɑ / ∅-n / ∅-ɑ̃

-------------------

/sʋˈɑʈ/ - /swˈɑrtɑz/
[3/3] s-s / ʋ-w / ˈɑ-ˈɑ / ∅-r / ʈ-t / ∅-ɑ / ∅-z

-------------------

/sʋˈɛtːə/ - /swˈɑi̯tɑz/
[1/1] s-s / ʋ-w / ˈɛ-ˈɑi̯ / tː-t / ə-ɑ / ∅-z

-------------------

/sʋˈɛtːə/ - /swˈɑi̯tɑ̃/
[1/1] s-s / ʋ-w / ˈɛ-ˈɑi̯ / tː-t / ə-∅ / ∅-ɑ̃

-------------------

/sʋˈɛtːə/ - /swˈɑi̯tɔːː/
[3/3] s-s / ʋ-w / ˈɛ-ˈɑi̯ / tː-t / ə-ɔːː

-------------------

/sˈeː/ - /sˈexʷɑnɑ̃/
[3/3] s-s / ˈeː-ˈe / ∅-xʷ / ∅-ɑ / ∅-n / ∅-ɑ̃

-------------------

/sˈiːə/ - /sˈiːðɔ̃ː/
[2/2] s-s / ˈiː-ˈiː / ∅-ð / ə-ɔ̃ː

-------------------

/sˈoːʋə/ - /slˈɛːpɑnɑ̃/
[2/2] s-s / ∅-l / ˈoː-ˈɛː / ʋ-∅ / ∅-p / ə-ɑ / ∅-n / ∅-ɑ̃

-------------------

/sˈoːʋə/ - /swˈeɸɑnɑ̃/
[1/1] s-s / ˈoː-∅ / ʋ-w / ∅-ˈe / ∅-ɸ / ə-ɑ / ∅-n / ∅-ɑ̃

-------------------

/sˈyːk/ - /sˈeu̯kɑz/
[4/4] s-s / ˈyː-ˈeu̯ / k-k / ∅-ɑ / ∅-z

-------------------

/sˈøːkə/ - /sˈɔːkijɑnɑ̃/
[3/5] s-s / ˈøː-ˈɔː / k-k / ə-i / ∅-j / ∅-ɑ / ∅-n / ∅-ɑ̃
[1/5] s-s / ˈøː-ˈɔː / k-k / ∅-i / ∅-j / ə-ɑ / ∅-n / ∅-ɑ̃
[1/5] s-s / ˈøː-ˈɔː / k-k / ∅-i / ə-j / ∅-ɑ / ∅-n / ∅-ɑ̃

-------------------

/sˈøːt/ - /swˈɔːtuz/
[3/3] s-s / ∅-w / ˈøː-ˈɔː / t-t / ∅-u / ∅-z

-------------------

/sˈœn/ - /sˈunuz/
[3/3] s-s / ˈœ-ˈu / n-n / ∅-u / ∅-z

-------------------

/sˈœstəɾ/ - /swˈestɛːr/
[4/5] s-s / ∅-w / ˈœ-ˈe / s-s / t-t / ə-ɛː / ɾ-r
[1/5] s-s / ˈœ-w / ∅-ˈe / s-s / t-t / ə-ɛː / ɾ-r

-------------------

/sˈɑlt/ - /sˈɑltɑ̃/
[5/5] s-s / ˈɑ-ˈɑ / l-l / t-t / ∅-ɑ̃

-------------------

/sˈɑnː/ - /sˈɑmdɑz/
[3/4] s-s / ˈɑ-ˈɑ / ∅-m / nː-d / ∅-ɑ / ∅-z
[1/4] s-s / ˈɑ-ˈɑ / nː-m / ∅-d / ∅-ɑ / ∅-z

-------------------

/sˈɔmːəɾ/ - /sˈumɑrɑz/
[4/4] s-s / ˈɔ-ˈu / mː-m / ə-ɑ / ɾ-r / ∅-ɑ / ∅-z

-------------------

/sˈɛks/ - /sˈexs/
[5/5] s-s / ˈɛ-ˈe / k-x / s-s

-------------------

/sˈɛlː/ - /sˈelβɑz/
[5/5] s-s / ˈɛ-ˈe / lː-l / ∅-β / ∅-ɑ / ∅-z

-------------------

/sˈɪtːə/ - /sˈitjɑnɑ̃/
[3/4] s-s / ˈɪ-ˈi / tː-t / ∅-j / ə-ɑ / ∅-n / ∅-ɑ̃
[1/4] s-s / ˈɪ-ˈi / tː-t / ə-j / ∅-ɑ / ∅-n / ∅-ɑ̃

-------------------

/sˈʉːɡə/ - /sˈuːkɑnɑ̃/
[2/2] s-s / ˈʉː-ˈuː / ɡ-k / ə-ɑ / ∅-n / ∅-ɑ̃

-------------------

/sˈʉːɡə/ - /sˈuːɣɑnɑ̃/
[3/3] s-s / ˈʉː-ˈuː / ɡ-ɣ / ə-ɑ / ∅-n / ∅-ɑ̃

-------------------

/sˈʉːɾ/ - /sˈuːrɑz/
[4/4] s-s / ˈʉː-ˈuː / ɾ-r / ∅-ɑ / ∅-z

-------------------

/sˈʏŋːə/ - /sˈiŋɡʷɑnɑ̃/
[3/5] s-s / ˈʏ-ˈi / ∅-ŋ / ŋː-ɡʷ / ə-ɑ / ∅-n / ∅-ɑ̃
[1/5] s-s / ∅-ˈi / ˈʏ-ŋ / ŋː-ɡʷ / ə-ɑ / ∅-n / ∅-ɑ̃
[1/5] s-s / ˈʏ-ˈi / ŋː-ŋ / ∅-ɡʷ / ə-ɑ / ∅-n / ∅-ɑ̃

-------------------

/tʰɾˈeː/ - /trˈewɑ̃/
[4/4] tʰ-t / ɾ-r / ˈeː-ˈe / ∅-w / ∅-ɑ̃

-------------------

/tʰɾˈeː/ - /θrˈiːz/
[4/4] tʰ-θ / ɾ-r / ˈeː-ˈiː / ∅-z

-------------------

/tʰɾˈɛtːən/ - /θrˈitexun/
[5/5] tʰ-θ / ɾ-r / ˈɛ-ˈi / tː-t / ə-e / ∅-x / ∅-u / n-n

-------------------

/tʰɾˈʏkːə/ - /θrˈukːijɑnɑ̃/
[3/5] tʰ-θ / ɾ-r / ˈʏ-ˈu / kː-kː / ə-i / ∅-j / ∅-ɑ / ∅-n / ∅-ɑ̃
[1/5] tʰ-θ / ɾ-r / ˈʏ-ˈu / kː-kː / ∅-i / ∅-j / ə-ɑ / ∅-n / ∅-ɑ̃
[1/5] tʰ-θ / ɾ-r / ˈʏ-ˈu / kː-kː / ∅-i / ə-j / ∅-ɑ / ∅-n / ∅-ɑ̃

-------------------

/tʰˈiː/ - /tˈexun/
[2/2] tʰ-t / ˈiː-ˈe / ∅-x / ∅-u / #>-n_#>

-------------------

/tʰˈiː/ - /tˈiːðiz/
[4/4] tʰ-t / ˈiː-ˈiː / ∅-ð / ∅-i / ∅-z

-------------------

/tʰˈoː/ - /tˈɑi̯xʷɔ̃ː/
[5/5] tʰ-t / ˈoː-ˈɑi̯ / ∅-xʷ / ∅-ɔ̃ː

-------------------

/tʰˈoːɾə/ - /tˈɑxrɑ̃/
[2/5] tʰ-t / ˈoː-ˈɑ / ∅-x / ɾ-r / ə-∅ / ∅-ɑ̃
[2/5] tʰ-t / ˈoː-ˈɑ / ɾ-x_r / ə-∅ / ∅-ɑ̃
[1/5] tʰ-t / ˈoː-ˈɑ / ∅-x / ɾ-r / ə-ɑ̃

-------------------

/tʰˈuː/ - /twˈɑi̯/
[2/3] tʰ-t / ˈuː-w / ∅-ˈɑi̯
[1/3] tʰ-t / ∅-w / ˈuː-ˈɑi̯

-------------------

/tʰˈuːɳ/ - /θˈurnɑz/
[2/4] tʰ-θ / ˈuː-ˈu / ɳ-r_n / ∅-ɑ / ∅-z
[1/4] tʰ-θ / ˈuː-ˈu / ∅-r / ɳ-n / ∅-ɑ / ∅-z
[1/4] tʰ-θ / ˈuː-ˈu / ɳ-r / ∅-n / ∅-ɑ / ∅-z

-------------------

/tʰˈyːʋ/ - /θˈeu̯βɑz/
[4/4] tʰ-θ / ˈyː-ˈeu̯ / ʋ-β / ∅-ɑ / ∅-z

-------------------

/tʰˈæɪ̯n/ - /tˈɑi̯knɑ̃/
[4/4] tʰ-t / ˈæɪ̯-ˈɑi̯ / ∅-k / n-n / ∅-ɑ̃

-------------------

/tʰˈœɾ/ - /θˈursuz/
[4/4] tʰ-θ / ˈœ-ˈu / ɾ-r / ∅-s / ∅-u / ∅-z

-------------------

/tʰˈœʂʈ/ - /θˈurstuz/
[4/4] tʰ-θ / ˈœ-ˈu / ∅-r / ʂ-s / ʈ-t / ∅-u / ∅-z

-------------------

/tʰˈɑkːə/ - /θˈɑŋkɔːnɑ̃/
[2/3] tʰ-θ / ˈɑ-ˈɑ / ∅-ŋ / kː-k / ə-ɔː / ∅-n / ∅-ɑ̃
[1/3] tʰ-θ / ˈɑ-ˈɑ / kː-ŋ_k / ə-ɔː / ∅-n / ∅-ɑ̃

-------------------

/tʰˈɑnː/ - /tˈɑnθs/
[2/4] tʰ-t / ˈɑ-ˈɑ / nː-n / ∅-θ / ∅-s
[2/4] tʰ-t / ˈɑ-ˈɑ / nː-n / ∅-θ / #>-s_#>

-------------------

/tʰˈɔlː/ - /twˈɑliɸ/
[2/4] tʰ-t / ∅-w / ˈɔ-ˈɑ / lː-l / ∅-i / ∅-ɸ
[1/4] tʰ-t / ˈɔ-w / ∅-ˈɑ / lː-l / ∅-i / ∅-ɸ
[1/4] tʰ-t / ˈɔ-w / ∅-ˈɑ / lː-l / ∅-i / #>-ɸ_#>

-------------------

/tʰˈɪŋː/ - /θˈiŋɡɑ̃/
[4/4] tʰ-θ / ˈɪ-ˈi / ŋː-ŋ / ∅-ɡ / ∅-ɑ̃

-------------------

/tʰˈʉŋːə/ - /tˈuŋɡɔ̃ː/
[4/4] tʰ-t / ˈʉ-ˈu / ŋː-ŋ / ∅-ɡ / ə-ɔ̃ː

-------------------

/tʰˈʉːsən/ - /θˈuːsundiː/
[5/5] tʰ-θ / ˈʉː-ˈuː / s-s / ə-u / n-n / ∅-d / ∅-iː

-------------------

/tʰˈʊmːə/ - /θˈuːmɔːː/
[3/3] tʰ-θ / ˈʊ-ˈuː / mː-m / ə-ɔːː

-------------------

/tʰˈʏnː/ - /θˈunːiz/
[1/1] tʰ-θ / ˈʏ-ˈu / nː-nː / ∅-i / ∅-z

-------------------

/tʰˈʏnː/ - /θˈunːuz/
[4/4] tʰ-θ / ˈʏ-ˈu / nː-nː / ∅-u / ∅-z

-------------------

/tʰˈʏsk/ - /θˈiu̯ðiskɑz/
[4/4] tʰ-θ / ˈʏ-ˈiu̯ / ∅-ð / ∅-i / s-s / k-k / ∅-ɑ / ∅-z

-------------------

/ɕˈœtː/ - /kˈetwɑ̃/
[4/4] ɕ-k / ˈœ-ˈe / tː-t / ∅-w / ∅-ɑ̃

-------------------

/ɕˈɛnːə/ - /kˈɑnːijɑnɑ̃/
[3/4] ɕ-k / ˈɛ-ˈɑ / nː-nː / ə-i / ∅-j / ∅-ɑ / ∅-n / ∅-ɑ̃
[1/4] ɕ-k / ˈɛ-ˈɑ / nː-nː / ∅-i / ə-j / ∅-ɑ / ∅-n / ∅-ɑ̃

-------------------

/ɕˈʉkː/ - /θˈekuz/
[3/3] ɕ-θ / ˈʉ-ˈe / kː-k / ∅-u / ∅-z

-------------------

/ɕˈʏlːɪŋ/ - /kˈiu̯kiːnɑ̃/
[3/3] ɕ-k / ˈʏ-ˈiu̯ / lː-k / ɪ-iː / ∅-n / ŋ-ɑ̃

-------------------

/ɕˈʏlːɪŋ/ - /kˈukːiliːŋɡaz/
[2/2] ɕ-k / ˈʏ-ˈu / lː-kː / ɪ-i / ∅-l / ŋ-iː / ∅-ŋ / ∅-ɡ / ∅-a / ∅-z

-------------------

/ɡɾˈœnː/ - /ɣrˈɔːniz/
[4/4] ɡ-ɣ / ɾ-r / ˈœ-ˈɔː / nː-n / ∅-i / ∅-z

-------------------

/ɡɾˈɛsː/ - /ɣrˈɑsɑ̃/
[2/2] ɡ-ɣ / ɾ-r / ˈɛ-ˈɑ / sː-s / ∅-ɑ̃

-------------------

/ɡˈoː/ - /ɣˈɑːnɑ̃/
[5/5] ɡ-ɣ / ˈoː-ˈɑː / ∅-n / ∅-ɑ̃

-------------------

/ɡˈoːs/ - /ɣˈɑns/
[4/4] ɡ-ɣ / ˈoː-ˈɑ / ∅-n / s-s

-------------------

/ɡˈuː/ - /ɣˈɔːðɑz/
[4/4] ɡ-ɣ / ˈuː-ˈɔː / ∅-ð / ∅-ɑ / ∅-z

-------------------

/ɡˈɑːɳ/ - /ɣˈɑrnɑ̃/
[3/5] ɡ-ɣ / ˈɑː-ˈɑ / ɳ-r_n / ∅-ɑ̃
[1/5] ɡ-ɣ / ˈɑː-ˈɑ / ∅-r / ɳ-n / ∅-ɑ̃
[1/5] ɡ-ɣ / ˈɑː-ˈɑ / ɳ-r / ∅-n / ∅-ɑ̃

-------------------

/ɡˈʉlː/ - /ɣˈulθɑ̃/
[4/4] ɡ-ɣ / ˈʉ-ˈu / lː-l / ∅-θ / ∅-ɑ̃

-------------------

/ɡˈʉːd/ - /ɣˈuðɑ̃/
[5/5] ɡ-ɣ / ˈʉː-ˈu / d-ð / ∅-ɑ̃

-------------------

/ɡˈʉːl/ - /ɣˈelwɑz/
[5/5] ɡ-ɣ / ˈʉː-ˈe / l-l / ∅-w / ∅-ɑ / ∅-z

-------------------

/ɾˈiːk/ - /rˈiːkijɑz/
[4/4] ɾ-r / ˈiː-ˈiː / k-k / ∅-i / ∅-j / ∅-ɑ / ∅-z

-------------------

/ɾˈuːt/ - /wrˈɔːts/
[2/4] ∅-w / ɾ-r / ˈuː-ˈɔː / t-t / ∅-s
[2/4] ∅-w / ɾ-r / ˈuː-ˈɔː / t-t / #>-s_#>

-------------------

/ɾˈæɪ̯n/ - /rˈeɣnɑ̃/
[4/4] ɾ-r / ˈæɪ̯-ˈe / ∅-ɣ / n-n / ∅-ɑ̃

-------------------

/ɾˈøː/ - /rˈɑu̯ðɑz/
[4/4] ɾ-r / ˈøː-ˈɑu̯ / ∅-ð / ∅-ɑ / ∅-z

-------------------

/ɾˈœʏ̯k/ - /rˈɑu̯kiz/
[5/5] ɾ-r / ˈœʏ̯-ˈɑu̯ / k-k / ∅-i / ∅-z

-------------------

/ɾˈɛtː/ - /rˈextɑz/
[3/3] ɾ-r / ˈɛ-ˈe / tː-x_t / ∅-ɑ / ∅-z

-------------------

/ɾˈɪŋː/ - /xrˈiŋɡɑz/
[3/5] ∅-x / ɾ-r / ˈɪ-ˈi / ŋː-ŋ / ∅-ɡ / ∅-ɑ / ∅-z
[2/5] ɾ-x_r / ˈɪ-ˈi / ŋː-ŋ / ∅-ɡ / ∅-ɑ / ∅-z

-------------------

/ɾˈʏɡː/ - /xrˈuɣjɑz/
[3/4] ∅-x / ɾ-r / ˈʏ-ˈu / ɡː-ɣ / ∅-j / ∅-ɑ / ∅-z
[1/4] ɾ-x_r / ˈʏ-ˈu / ɡː-ɣ / ∅-j / ∅-ɑ / ∅-z

-------------------

/ʂˈøː/ - /mˈɑri/
[1/2] ʂ-m / ˈøː-ˈɑ / ∅-r / ∅-i
[1/2] ʂ-m / ˈøː-ˈɑ / ∅-r / #>-i_#>

-------------------

/ʂˈøː/ - /sˈɑi̯wiz/
[2/2] ʂ-s / ˈøː-ˈɑi̯ / ∅-w / ∅-i / ∅-z

-------------------

/ʂˈʉː/ - /sˈeβun/
[1/1] ʂ-s / ˈʉː-ˈe / ∅-β / ∅-u / #>-n_#>

-------------------

/ʃˈiːp/ - /skˈipɑ̃/
[4/4] ʃ-s / ∅-k / ˈiː-ˈi / p-p / ∅-ɑ̃

-------------------

/ʃˈyːtə/ - /skˈeu̯tɑnɑ̃/
[3/3] ʃ-s / ∅-k / ˈyː-ˈeu̯ / t-t / ə-ɑ / ∅-n / ∅-ɑ̃

-------------------

/ʃˈɔlː/ - /skˈelduz/
[4/4] ʃ-s / ∅-k / ˈɔ-ˈe / lː-l / ∅-d / ∅-u / ∅-z

-------------------

/ʋˈiː/ - /wˈiːz/
[2/2] ʋ-w / ˈiː-ˈiː / ∅-z

-------------------

/ʋˈiːn/ - /wˈiːnɑ̃/
[4/4] ʋ-w / ˈiː-ˈiː / n-n / ∅-ɑ̃

-------------------

/ʋˈiːt/ - /xʷˈiːtɑz/
[2/2] ʋ-xʷ / ˈiː-ˈiː / t-t / ∅-ɑ / ∅-z

-------------------

/ʋˈiːtə/ - /wˈitɑnɑ̃/
[3/3] ʋ-w / ˈiː-ˈi / t-t / ə-ɑ / ∅-n / ∅-ɑ̃

-------------------

/ʋˈoːpən/ - /wˈɛːpnɑ̃/
[5/5] ʋ-w / ˈoː-ˈɛː / p-p / ə-∅ / n-n / ∅-ɑ̃

-------------------

/ʋˈæɪ̯/ - /wˈeɣɑz/
[2/2] ʋ-w / ˈæɪ̯-ˈe / ∅-ɣ / ∅-ɑ / ∅-z

-------------------

/ʋˈæɪ̯k/ - /wˈɑi̯kʷɑz/
[4/4] ʋ-w / ˈæɪ̯-ˈɑi̯ / k-kʷ / ∅-ɑ / ∅-z

-------------------

/ʋˈæːɾ/ - /wˈeðrɑ̃/
[5/5] ʋ-w / ˈæː-ˈe / ∅-ð / ɾ-r / ∅-ɑ̃

-------------------

/ʋˈɑ/ - /xʷˈɑt/
[3/3] ʋ-xʷ / ˈɑ-ˈɑ / ∅-t

-------------------

/ʋˈɑnː/ - /wˈɑtnɔː/
[3/3] ʋ-w / ˈɑ-ˈɑ / ∅-t / nː-n / #>-ɔː_#>

-------------------

/ʋˈɑnː/ - /wˈɑtɔːr/
[1/1] ʋ-w / ˈɑ-ˈɑ / ∅-t / nː-ɔː / ∅-r

-------------------

/ʋˈɑɾm/ - /wˈɑrmɑz/
[3/3] ʋ-w / ˈɑ-ˈɑ / ɾ-r / m-m / ∅-ɑ / ∅-z

-------------------

/ʋˈɑːl/ - /xʷˈɑlɑz/
[5/5] ʋ-xʷ / ˈɑː-ˈɑ / l-l / ∅-ɑ / ∅-z

-------------------

/ʋˈɪlː/ - /wˈilθijɑz/
[4/4] ʋ-w / ˈɪ-ˈi / lː-l / ∅-θ / ∅-i / ∅-j / ∅-ɑ / ∅-z

-------------------

/ʋˈɪntəɾ/ - /wˈintruz/
[4/4] ʋ-w / ˈɪ-ˈi / n-n / t-t / ə-∅ / ɾ-r / ∅-u / ∅-z

-------------------

/ʋˈɪnː/ - /wˈindɑz/
[3/5] ʋ-w / ˈɪ-ˈi / nː-n / ∅-d / ∅-ɑ / ∅-z
[2/5] ʋ-w / ˈɪ-ˈi / ∅-n / nː-d / ∅-ɑ / ∅-z

-------------------

/ˈeːn/ - /ˈɑi̯nɑz/
[3/3] ˈeː-ˈɑi̯ / n-n / ∅-ɑ / ∅-z

-------------------

/ˈeːtə/ - /ˈetɑnɑ̃/
[3/3] ˈeː-ˈe / t-t / ə-ɑ / ∅-n / ∅-ɑ̃

-------------------

/ˈiː/ - /ˈin/
[2/3] ˈiː-ˈi / #>-n_#>
[1/3] ˈiː-ˈi / ∅-n

-------------------

/ˈiːs/ - /ˈiːsɑ̃/
[5/5] ˈiː-ˈiː / s-s / ∅-ɑ̃

-------------------

/ˈoːl/ - /ˈɛːlɑz/
[3/3] ˈoː-ˈɛː / l-l / ∅-ɑ / ∅-z

-------------------

/ˈoːɾ/ - /jˈɛːrɑ̃/
[4/4] ∅-j / ˈoː-ˈɛː / ɾ-r / ∅-ɑ̃

-------------------

/ˈoːʋəɾ/ - /ˈuβer/
[5/5] ˈoː-ˈu / ʋ-β / ə-e / ɾ-r

-------------------

/ˈæɪ̯k/ - /ˈɑi̯ks/
[3/5] ˈæɪ̯-ˈɑi̯ / k-k / #>-s_#>
[2/5] ˈæɪ̯-ˈɑi̯ / k-k / ∅-s

-------------------

/ˈøːjə/ - /ˈɑu̯ɣɔːː/
[4/4] ˈøː-ˈɑu̯ / j-ɣ / ə-ɔːː

-------------------

/ˈøːɾə/ - /ˈɑu̯sɔːː/
[2/3] ˈøː-ˈɑu̯ / ɾ-∅ / ə-s_ɔːː
[1/3] ˈøː-ˈɑu̯ / ɾ-∅ / ∅-s / ə-ɔːː

-------------------

/ˈœnskə/ - /wˈunskijɑnɑ̃/
[2/4] ∅-w / ˈœ-ˈu / n-n / s-s / k-k / ə-i / ∅-j / ∅-ɑ / ∅-n / ∅-ɑ̃
[1/4] ∅-w / ˈœ-ˈu / n-n / s-s / k-k / ∅-i / ∅-j / ə-ɑ / ∅-n / ∅-ɑ̃
[1/4] ∅-w / ˈœ-ˈu / n-n / s-s / k-k / ∅-i / ə-j / ∅-ɑ / ∅-n / ∅-ɑ̃

-------------------

/ˈɑlː/ - /ˈɑlːɑz/
[5/5] ˈɑ-ˈɑ / lː-lː / ∅-ɑ / ∅-z

-------------------

/ˈɑnːən/ - /ˈɑnθerɑz/
[3/3] ˈɑ-ˈɑ / nː-n / ∅-θ / ə-e / n-∅ / ∅-r / ∅-ɑ / ∅-z

-------------------

/ˈɑskə/ - /ˈɑskɔ̃ː/
[4/4] ˈɑ-ˈɑ / s-s / k-k / ə-ɔ̃ː

-------------------

/ˈɑɾm/ - /ˈɑrmɑz/
[4/4] ˈɑ-ˈɑ / ɾ-r / m-m / ∅-ɑ / ∅-z

-------------------

/ˈɑːpə/ - /ˈɑpɔːː/
[3/3] ˈɑː-ˈɑ / p-p / ə-ɔːː

-------------------

/ˈɔpː/ - /ˈupː/
[4/4] ˈɔ-ˈu / pː-pː

-------------------

/ˈɔsː/ - /ˈuns/
[4/4] ˈɔ-ˈu / ∅-n / sː-s

-------------------

/ˈɔtːə/ - /ˈɑxtɔːu̯/
[2/3] ˈɔ-ˈɑ / tː-x_t / ə-ɔːu̯
[1/3] ˈɔ-ˈɑ / ∅-x / tː-t / ə-ɔːu̯

-------------------

/ˈɔʋn/ - /ˈuxnɑz/
[1/1] ˈɔ-ˈu / ʋ-∅ / n-x_n / ∅-ɑ / ∅-z

-------------------

/ˈɔʋn/ - /ˈuɸnɑz/
[2/2] ˈɔ-ˈu / ʋ-ɸ / n-n / ∅-ɑ / ∅-z

-------------------

/ˈɛlʋə/ - /ˈɑi̯nɑliɸ/
[2/3] ˈɛ-ˈɑi̯ / ∅-n / l-ɑ_l / ʋ-∅ / ə-i / ∅-ɸ
[1/3] ˈɛ-ˈɑi̯ / ∅-n / l-ɑ_l / ∅-i / ʋ-ɸ / ə-∅

-------------------

/ˈɛplə/ - /ˈɑpluz/
[3/3] ˈɛ-ˈɑ / p-p / l-l / ə-u / ∅-z

-------------------

/ˈɛplə/ - /ˈɑpɑlijɑ̃/
[1/2] ˈɛ-ˈɑ / p-p / l-ɑ_l / ∅-i / ə-j / ∅-ɑ̃
[1/2] ˈɛ-ˈɑ / p-p / l-ɑ_l / ə-i / ∅-j / ∅-ɑ̃

-------------------

/ˈɛɡː/ - /ˈɑjːɑ̃/
[5/5] ˈɛ-ˈɑ / ɡː-jː / ∅-ɑ̃

-------------------

/ˈɛɡː/ - /ˈɑɣjɔː/
[2/3] ˈɛ-ˈɑ / ɡː-ɣ / ∅-j / #>-ɔː_#>
[1/3] ˈɛ-ˈɑ / ɡː-ɣ / ∅-j / ∅-ɔː

-------------------

/ˈʉlʋ/ - /wˈulɸɑz/
[1/4] ∅-w / ˈʉ-ˈu / l-l / ʋ-ɸ / ∅-ɑ / ∅-z
[1/4] ˈʉ-w_ˈu / l-l / ∅-ɸ / ʋ-ɑ / ∅-z
[1/4] ˈʉ-w_ˈu / l-l / ʋ-∅ / ∅-ɸ / ∅-ɑ / ∅-z
[1/4] ˈʉ-w_ˈu / l-l / ʋ-ɸ / ∅-ɑ / ∅-z

-------------------

/ˈʉlː/ - /wˈulːɔː/
[2/4] ∅-w / ˈʉ-ˈu / lː-lː / ∅-ɔː
[2/4] ˈʉ-w_ˈu / lː-lː / #>-ɔː_#>

-------------------

/ˈʉnːəɾ/ - /wˈundrɑ̃/
[2/5] ˈʉ-w_ˈu / nː-n / ə-∅ / ∅-d / ɾ-r / ∅-ɑ̃
[1/5] ∅-w / ˈʉ-ˈu / ∅-n / nː-d / ə-∅ / ɾ-r / ∅-ɑ̃
[1/5] ∅-w / ˈʉ-ˈu / nː-n / ə-∅ / ∅-d / ɾ-r / ∅-ɑ̃
[1/5] ˈʉ-w_ˈu / ∅-n / nː-d / ə-∅ / ɾ-r / ∅-ɑ̃

-------------------

/ˈʉnːəɾ/ - /ˈunder/
[1/2] ˈʉ-ˈu / ∅-n / nː-d / ə-e / ɾ-r
[1/2] ˈʉ-ˈu / nː-n / ∅-d / ə-e / ɾ-r

-------------------

/ˈʉŋː/ - /jˈuŋɡɑz/
[4/4] ∅-j / ˈʉ-ˈu / ŋː-ŋ / ∅-ɡ / ∅-ɑ / ∅-z

-------------------

/ˈʉɡlə/ - /ˈuwːɑlɔ̃ː/
[4/4] ˈʉ-ˈu / ɡ-wː / l-ɑ_l / ə-ɔ̃ː

-------------------

/ˈʉːkə/ - /wˈikɔ̃ː/
[4/4] ∅-w / ˈʉː-ˈi / k-k / ə-ɔ̃ː

-------------------

/ˈʉːt/ - /ˈuːt/
[3/3] ˈʉː-ˈuː / t-t

-------------------

/ˈʊɾm/ - /wˈurmiz/
[4/4] ∅-w / ˈʊ-ˈu / ɾ-r / m-m / ∅-i / ∅-z

-------------------

