/anˈɛl/ - /anˈɛɖɖʊ/
a-a / n-n / ˈɛ-ˈɛ / l-ɖ / ∅-ɖ / ∅-ʊ

-------------------

/aɲˈɛl/ - /aɲɲˈɛɖɖʊ/
a-a / ɲ-ɲ / ∅-ɲ / ˈɛ-ˈɛ / l-ɖ / ∅-ɖ / ∅-ʊ
a-a / ∅-ɲ / ɲ-ɲ / ˈɛ-ˈɛ / l-ɖ / ∅-ɖ / ∅-ʊ

-------------------

/aʁˈaɲi/ - /rˈaɲɲʊ/
a-∅ / ʁ-r / ˈa-ˈa / ɲ-ɲ / i-ɲ / ∅-ʊ

-------------------

/aʒwˈa/ - /ajutˈaɾɪ/
a-a / ʒ-j / w-u / ˈa-t_ˈa / ∅-ɾ / ∅-ɪ
a-a / ʒ-j / w-u / ∅-t / ˈa-ˈa / ∅-ɾ / ∅-ɪ

-------------------

/bwˈef/ - /vˈɔɪ/
b-v / w-ˈɔ / ˈe-ɪ / f-∅

-------------------

/bˈa/ - /bˈaʃʃʊ/
b-b / ˈa-ˈa / ∅-ʃ / ∅-ʃ / ∅-ʊ

-------------------

/bˈeːðə/ - /bˈivɪɾɪ/
b-b / ˈeː-ˈi / ð-v / ə-ɪ / ∅-ɾ / ∅-ɪ

-------------------

/bˈɔna/ - /bˈɔna/
b-b / ˈɔ-ˈɔ / n-n / a-a

-------------------

/bˈɔnə/ - /bˈɔnɪ/
b-b / ˈɔ-ˈɔ / n-n / ə-ɪ

-------------------

/bˈɔʃi/ - /bˈukka/
b-b / ˈɔ-ˈu / ʃ-k / i-k_a
b-b / ˈɔ-ˈu / ʃ-k / ∅-k / i-a

-------------------

/bˈɔ̃/ - /bˈɔnɪ/
b-b / ˈɔ̃-ˈɔ / ∅-n / ∅-ɪ
b-b / ˈɔ̃-ˈɔ_n / ∅-ɪ

-------------------

/bˈɔ̃/ - /bˈɔnʊ/
b-b / ˈɔ̃-ˈɔ / ∅-n / ∅-ʊ
b-b / ˈɔ̃-ˈɔ_n / ∅-ʊ

-------------------

/bˈɛl/ - /bˈɛɖɖʊ/
b-b / ˈɛ-ˈɛ / l-ɖ / ∅-ɖ / ∅-ʊ
b-b / ˈɛ-ˈɛ / ∅-ɖ / l-ɖ / ∅-ʊ

-------------------

/bˈɛla/ - /bˈɛɖɖa/
b-b / ˈɛ-ˈɛ / l-ɖ / a-ɖ_a
b-b / ˈɛ-ˈɛ / ∅-ɖ / l-ɖ / a-a

-------------------

/bˈɛ̃/ - /bˈɛnɪ/
b-b / ˈɛ̃-ˈɛ_n / ∅-ɪ

-------------------

/djˈɛʃ/ - /dˈɛɕɪ/
d-d / j-∅ / ˈɛ-ˈɛ / ʃ-ɕ / ∅-ɪ
d-d / j-∅ / ˈɛ-ˈɛ / ʃ-ɕ_ɪ
d-d / j_ˈɛ-ˈɛ / ʃ-ɕ_ɪ

-------------------

/dˈama/ - /dˈɔnna/
d-d / ˈa-ˈɔ / m-n / ∅-n / a-a

-------------------

/dˈows/ - /dˈuɕɪ/
d-d / ˈo-ˈu / w-∅ / s-ɕ / ∅-ɪ

-------------------

/dˈozə/ - /dˈuɾɪɕɪ/
d-d / ˈo-ˈu / ∅-ɾ / ∅-ɪ / z-ɕ / ə-ɪ

-------------------

/dˈɛ̃/ - /dˈɛntɪ/
d-d / ˈɛ̃-ˈɛ_n / ∅-t / ∅-ɪ
d-d / ∅-ˈɛ / ˈɛ̃-n_t / ∅-ɪ

-------------------

/edjˈɛ/ - /ajutˈaɾɪ/
e-a / d-∅ / j-j / ˈɛ-u / ∅-t / ∅-ˈa / ∅-ɾ / ∅-ɪ

-------------------

/ekotˈa/ - /askutˈaɾɪ/
e-a / k-s_k / o-u / t-t / ˈa-ˈa / ∅-ɾ / ∅-ɪ
e-a / ∅-s / k-k / o-u / t-t / ˈa-ˈa / ∅-ɾ / ∅-ɪ

-------------------

/ekʁˈiʁə/ - /skɾˈiviɾɪ/
e-∅ / k-s_k / ʁ-ɾ / ˈi-ˈi / ∅-v / ∅-i / ʁ-ɾ / ə-ɪ

-------------------

/epˈena/ - /ʃpˈina/
e-∅ / ∅-ʃ / p-p / ˈe-ˈi / n-n / a-a

-------------------

/etˈɔ/ - /astˈatɪ/
e-a / t-s_t / ˈɔ-ˈa / ∅-t / ∅-ɪ
e-a_s / t-t / ˈɔ-ˈa / ∅-t / ∅-ɪ

-------------------

/eːtˈejla/ - /ʃtˈiɖɖa/
eː-∅ / ∅-ʃ / t-t / ˈe-ˈi / j-∅ / l-ɖ / a-ɖ_a

-------------------

/faʁˈena/ - /faɾˈina/
f-f / a-a / ʁ-ɾ / ˈe-ˈi / n-n / a-a

-------------------

/flˈama/ - /çˈamma/
f-ç / l-∅ / ˈa-ˈa / m-m / ∅-m / a-a
f_l-ç / ˈa-ˈa / m-m / ∅-m / a-a

-------------------

/flˈøʁ/ - /çˈuɾɪ/
f-ç / l-∅ / ˈø-ˈu / ʁ-ɾ / ∅-ɪ
f_l-ç / ˈø-ˈu / ʁ-ɾ / ∅-ɪ

-------------------

/fumjˈɛʁ/ - /fˈumʊ/
f-f / u-ˈu / m-m / j-ʊ / ˈɛ-∅ / ʁ-∅
f-f / u-ˈu / m-m / j-∅ / ˈɛ-ʊ / ʁ-∅
f-f / u-ˈu / m_j-m / ˈɛ-ʊ / ʁ-∅

-------------------

/fwˈa/ - /fˈɔkʊ/
f-f / w-ˈɔ / ˈa-k_ʊ
f-f / w-ˈɔ / ∅-k / ˈa-ʊ

-------------------

/fʁwˈi/ - /frˈuttʊ/
f-f / ʁ-r / w-ˈu / ∅-t / ∅-t / ˈi-ʊ

-------------------

/fʁˈeː/ - /fɾˈiddʊ/
f-f / ʁ-ɾ / ˈeː-ˈi / ∅-d / ∅-d / ∅-ʊ

-------------------

/fˈajə/ - /fˈata/
f-f / ˈa-ˈa / j-t / ə-a

-------------------

/fˈeta/ - /fˈɛsta/
f-f / ˈe-ˈɛ / t-s_t / a-a
f-f / ˈe-ˈɛ / ∅-s / t-t / a-a

-------------------

/fˈeʎə/ - /fˈiɟɟa/
f-f / ˈe-ˈi / ʎ-ɟ / ə-ɟ_a
f-f / ˈe-ˈi / ∅-ɟ / ʎ-ɟ / ə-a

-------------------

/fˈiʎ/ - /fˈiɟɟʊ/
f-f / ˈi-ˈi / ʎ-ɟ / ∅-ɟ / ∅-ʊ
f-f / ˈi-ˈi / ∅-ɟ / ʎ-ɟ / ∅-ʊ

-------------------

/fˈĩ/ - /fˈinɪ/
f-f / ˈĩ-ˈi_n / ∅-ɪ

-------------------

/fˈoː/ - /fˈarsʊ/
f-f / ˈoː-ˈa / ∅-r / ∅-s / ∅-ʊ
f-f / ∅-ˈa / ∅-r / ∅-s / ˈoː-ʊ

-------------------

/fˈoː/ - /fˈawsʊ/
f-f / ∅-ˈa / ˈoː-w / ∅-s / ∅-ʊ

-------------------

/fˈoːʁ/ - /fˈɔrtɪ/
f-f / ˈoː-ˈɔ / ʁ-r / ∅-t / ∅-ɪ

-------------------

/fˈoːʎə/ - /fˈɔɟɟa/
f-f / ˈoː-ˈɔ / ʎ-ɟ / ə-ɟ_a
f-f / ˈoː-ˈɔ / ʎ-ɟ / ∅-ɟ / ə-a
f-f / ˈoː-ˈɔ / ∅-ɟ / ʎ-ɟ / ə-a

-------------------

/fˈøʁsa/ - /fˈɔɾʦa/
f-f / ˈø-ˈɔ / ʁ-ɾ / s-ʦ / a-a

-------------------

/fˈɑ̃/ - /fˈamɪ/
f-f / ˈɑ̃-ˈa / ∅-m / ∅-ɪ

-------------------

/fˈɔðə/ - /fˈaɾɪ/
f-f / ˈɔ-ˈa / ð-ɾ / ə-ɪ

-------------------

/fˈɛna/ - /fˈimmɪna/
f-f / ˈɛ-ˈi / ∅-m / ∅-m / ∅-ɪ / n-n / a-a

-------------------

/fˈɛðo/ - /fˈikatʊ/
f-f / ˈɛ-ˈi / ð-k / ∅-a / o-t_ʊ
f-f / ˈɛ-ˈi / ð-k / ∅-a / ∅-t / o-ʊ

-------------------

/fˈɛʁ/ - /fˈɛʐʐʊ/
f-f / ˈɛ-ˈɛ / ʁ-ʐ / ∅-ʐ / ∅-ʊ
f-f / ˈɛ-ˈɛ / ∅-ʐ / ʁ-ʐ / ∅-ʊ

-------------------

/ivˈɛʁ/ - /mmˈɛɾnʊ/
i-m / v-m / ˈɛ-ˈɛ / ʁ-ɾ / ∅-n / ∅-ʊ
i-m / v-m / ˈɛ-ˈɛ / ʁ-ɾ_n / ∅-ʊ

-------------------

/ivˈɛʁ/ - /nvˈɛɾnʊ/
i-∅ / ∅-n / v-v / ˈɛ-ˈɛ / ʁ-ɾ / ∅-n / ∅-ʊ
i-∅ / ∅-n / v-v / ˈɛ-ˈɛ / ʁ-ɾ_n / ∅-ʊ

-------------------

/jˈɑ̃/ - /ˈannʊ/
j-∅ / ˈɑ̃-ˈa_n / ∅-n / ∅-ʊ

-------------------

/jˈɔ̃/ - /ˈunʊ/
j-∅ / ˈɔ̃-ˈu_n / ∅-ʊ

-------------------

/kwˈatʁo/ - /kwˈaʈʈɽʊ/
k-k / w-w / ˈa-ˈa / t-ʈ / ʁ-ʈ / o-ɽ / ∅-ʊ
k-k / w-w / ˈa-ˈa / ∅-ʈ / t-ʈ / ʁ-ɽ / o-ʊ

-------------------

/kʁwˈeːʃ/ - /kɾˈuɕɪ/
k-k / ʁ-ɾ / w-ˈu / ˈeː-∅ / ʃ-ɕ_ɪ
k-k / ʁ-ɾ / w-ˈu / ∅-ɕ / ˈeː-ɪ / ʃ-∅
k-k / ʁ-ɾ / w_ˈeː-ˈu / ʃ-ɕ / ∅-ɪ

-------------------

/kʁˈɛːʁə/ - /kɾˈiɾɪɾɪ/
k-k / ʁ-ɾ / ˈɛː-ˈi / ʁ-ɾ / ∅-ɪ / ∅-ɾ / ə-ɪ
k-k / ʁ-ɾ / ˈɛː-ˈi / ∅-ɾ / ∅-ɪ / ʁ-ɾ / ə-ɪ

-------------------

/kˈeː/ - /ci/
k-c / ˈeː-i

-------------------

/kˈi/ - /kˈuɪ/
k-k / ˈi-ˈu / ∅-ɪ
k-k / ∅-ˈu / ˈi-ɪ

-------------------

/kˈoː/ - /kˈoɾpʊ/
k-k / ˈoː-ˈo / ∅-ɾ / ∅-p / ∅-ʊ

-------------------

/kˈoː/ - /kˈɔɾɪ/
k-k / ˈoː-ˈɔ / ∅-ɾ / ∅-ɪ

-------------------

/kˈoːʁ/ - /kˈɔɾpʊ/
k-k / ˈoː-ˈɔ / ʁ-ɾ / ∅-p / ∅-ʊ

-------------------

/kˈu/ - /kˈɔɖɖʊ/
k-k / ˈu-ˈɔ / ∅-ɖ / ∅-ɖ / ∅-ʊ

-------------------

/kˈua/ - /kˈuɾa/
k-k / ˈu-ˈu / ∅-ɾ / a-a
k-k / ˈu-ˈu_ɾ / a-a

-------------------

/kˈul/ - /kˈulʊ/
k-k / ˈu-ˈu / l-l / ∅-ʊ
k-k / ˈu-ˈu / l-l_ʊ

-------------------

/lejˈɔ̃/ - /liˈunɪ/
l-l / e-i / j-∅ / ˈɔ̃-ˈu_n / ∅-ɪ

-------------------

/ljˈɛvʁa/ - /lˈɛpɾʊ/
l-l / j-∅ / ˈɛ-ˈɛ / v-p / ʁ-ɾ / a-ʊ
l-l / j_ˈɛ-ˈɛ / v-p / ʁ-ɾ / a-∅ / ∅-ʊ

-------------------

/lwˈa/ - /lˈɔkʊ/
l-l / w-ˈɔ / ˈa-k_ʊ
l-l / w-ˈɔ / ∅-k / ˈa-ʊ
l-l / w-ˈɔ_k / ˈa-ʊ

-------------------

/lwˈɛ/ - /lˈiʤʤɪ/
l-l / w-∅ / ˈɛ-ˈi / ∅-ʤ / ∅-ʤ / ∅-ɪ
l-l / w_ˈɛ-ˈi / ∅-ʤ / ∅-ʤ / ∅-ɪ

-------------------

/lˈa/ - /lˈattɪ/
l-l / ˈa-ˈa / ∅-t / ∅-t / ∅-ɪ
l-l / ˈa-ˈa_t / ∅-t / ∅-ɪ

-------------------

/lˈak/ - /lˈakʊ/
l-l / ˈa-ˈa / k-k / ∅-ʊ
l-l / ˈa-ˈa / k-k_ʊ

-------------------

/lˈana/ - /lˈana/
l-l / ˈa-ˈa / n-n / a-a

-------------------

/lˈena/ - /lˈuna/
l-l / ˈe-ˈu / n-n / a-a

-------------------

/lˈibʁo/ - /lˈibbɪɾʊ/
l-l / ˈi-ˈi / b-b / ∅-b / ∅-ɪ / ʁ-ɾ / o-ʊ
l-l / ˈi-ˈi / ∅-b / b-b / ∅-ɪ / ʁ-ɾ / o-ʊ

-------------------

/lˈiðə/ - /lˈɛjɪrɪ/
l-l / ˈi-ˈɛ / ð-j / ə-ɪ / ∅-r / ∅-ɪ

-------------------

/lˈo/ - /lˈupʊ/
l-l / ˈo-ˈu / ∅-p / ∅-ʊ

-------------------

/lˈuna/ - /lˈuna/
l-l / ˈu-ˈu / n-n / a-a

-------------------

/lˈɔʁma/ - /lˈakɾɪma/
l-l / ˈɔ-ˈa / ∅-k / ʁ-ɾ / ∅-ɪ / m-m / a-a

-------------------

/lˈɔ̃/ - /lˈoŋɡʊ/
l-l / ˈɔ̃-ˈo / ∅-ŋ / ∅-ɡ / ∅-ʊ

-------------------

/lˈɛtʁa/ - /lˈittɪɾa/
l-l / ˈɛ-ˈi / t-t / ∅-t / ∅-ɪ / ʁ-ɾ / a-a

-------------------

/lˈɛ̃ɡa/ - /lˈiŋɡwa/
l-l / ∅-ˈi / ˈɛ̃-ŋ / ɡ-ɡ / ∅-w / a-a

-------------------

/meːtjˈa/ - /mitˈa/
m-m / eː-i / t-t / j-∅ / ˈa-ˈa

-------------------

/mjˈøʃ/ - /mˈɛɟɟʊ/
m-m / j-∅ / ˈø-ˈɛ / ʃ-ɟ / ∅-ɟ / ∅-ʊ
m-m / j_ˈø-ˈɛ / ʃ-ɟ / ∅-ɟ / ∅-ʊ
m-m / j_ˈø-ˈɛ / ∅-ɟ / ʃ-ɟ / ∅-ʊ
m_j-m / ˈø-ˈɛ / ʃ-ɟ / ∅-ɟ / ∅-ʊ

-------------------

/mjˈɛl/ - /mˈɛlɪ/
m-m / j-∅ / ˈɛ-ˈɛ / l-l / ∅-ɪ
m-m / j-∅ / ˈɛ-ˈɛ / l-l_ɪ
m-m / j_ˈɛ-ˈɛ / l-l_ɪ

-------------------

/moʁˈi/ - /mˈɔrɪrɪ/
m-m / ∅-ˈɔ / ∅-r / o-ɪ / ʁ-r / ˈi-ɪ

-------------------

/mwˈeʃə/ - /mˈuska/
m-m / w-ˈu / ˈe-∅ / ∅-s / ʃ-k / ə-a

-------------------

/mɔ̃tˈaɲi/ - /muntˈaɲɲa/
m-m / ɔ̃-u / ∅-n / t-t / ˈa-ˈa / ɲ-ɲ / i-ɲ / ∅-a

-------------------

/mɛʎˈøʁ/ - /miɟɟˈuɾɪ/
m-m / ɛ-i / ʎ-ɟ / ∅-ɟ / ˈø-ˈu / ʁ-ɾ / ∅-ɪ
m-m / ɛ-i / ∅-ɟ / ʎ-ɟ / ˈø-ˈu / ʁ-ɾ / ∅-ɪ

-------------------

/mˈeːʁ/ - /mˈaɾɪ/
m-m / ˈeː-ˈa / ʁ-ɾ / ∅-ɪ

-------------------

/mˈil/ - /mˈillɪ/
m-m / ˈi-ˈi / l-l / ∅-l / ∅-ɪ
m-m / ˈi-ˈi / ∅-l / l-l / ∅-ɪ
m-m / ˈi-ˈi / ∅-l / l-l_ɪ

-------------------

/mˈoːʁ/ - /mˈɔɾtɪ/
m-m / ˈoː-ˈɔ / ʁ-ɾ / ∅-t / ∅-ɪ

-------------------

/mˈuʁdʁə/ - /muʦʦikˈaɾɪ/
m-m / ˈu-u / ʁ-ʦ / d-ʦ / ∅-i / ∅-k / ∅-ˈa / ʁ-ɾ / ə-ɪ

-------------------

/mˈøʁ/ - /matˈurʊ/
m-m / ∅-a / ∅-t / ˈø-ˈu / ʁ-r / ∅-ʊ
m-m / ∅-a / ∅-t / ˈø-ˈu / ʁ-r_ʊ

-------------------

/mˈɑ̃/ - /mˈanʊ/
m-m / ˈɑ̃-ˈa / ∅-n / ∅-ʊ
m-m / ˈɑ̃-ˈa_n / ∅-ʊ

-------------------

/mˈɔðə/ - /mˈaʈɽɪ/
m-m / ˈɔ-ˈa / ð-ʈ / ə-ɽ_ɪ
m-m / ˈɔ-ˈa / ð-ʈ / ∅-ɽ / ə-ɪ

-------------------

/mˈɛ/ - /mˈi/
m-m / ˈɛ-ˈi

-------------------

/njˈɔ̃/ - /niʃʃˈunʊ/
n-n / j-i / ∅-ʃ / ∅-ʃ / ˈɔ̃-ˈu_n / ∅-ʊ

-------------------

/nwˈɛ/ - /nˈuɕɪ/
n-n / w-ˈu / ˈɛ-∅ / ∅-ɕ / ∅-ɪ
n-n / w-ˈu / ∅-ɕ / ˈɛ-ɪ
n-n / w-ˈu_ɕ / ˈɛ-ɪ

-------------------

/nwˈɛ/ - /nˈɔttɪ/
n-n / w-ˈɔ / ∅-t / ∅-t / ˈɛ-ɪ
n-n / w-ˈɔ_t / ∅-t / ˈɛ-ɪ

-------------------

/nˈajtʁə/ - /nˈaʃʃɪɾɪ/
n-n / ˈa-ˈa / j-∅ / t-ʃ / ∅-ʃ / ∅-ɪ / ʁ-ɾ / ə-ɪ

-------------------

/nˈeːf/ - /nˈivɪ/
n-n / ˈeː-ˈi / f-v / ∅-ɪ
n-n / ˈeː-ˈi / f-v_ɪ

-------------------

/nˈeːʁ/ - /nˈiwɾʊ/
n-n / ˈeː-ˈi / ∅-w / ʁ-ɾ / ∅-ʊ

-------------------

/nˈo/ - /nˈuj/
n-n / ˈo-ˈu / ∅-j

-------------------

/nˈoːf/ - /nˈɔvɪ/
n-n / ˈoː-ˈɔ / f-v / ∅-ɪ
n-n / ˈoː-ˈɔ / f-v_ɪ

-------------------

/nˈoːtʁo/ - /nˈɔʃʃɽʊ/
n-n / ˈoː-ˈɔ / t-ʃ / ∅-ʃ / ʁ-ɽ / o-ʊ

-------------------

/nˈɔ/ - /nˈazʊ/
n-n / ˈɔ-ˈa / ∅-z / ∅-ʊ

-------------------

/nˈɔvo/ - /nˈɔvʊ/
n-n / ˈɔ-ˈɔ / v-v / o-ʊ

-------------------

/nˈɔ̃/ - /nˈomɪ/
n-n / ˈɔ̃-ˈo / ∅-m / ∅-ɪ

-------------------

/ovʁjˈɛ/ - /opiɾˈajʊ/
o-o / v-p / ∅-i / ʁ-ɾ / ∅-ˈa / j-j / ˈɛ-ʊ
o-o / v-p / ∅-i / ʁ-ɾ / ∅-ˈa / j-j / ˈɛ-∅ / ∅-ʊ

-------------------

/oʁˈiʎə/ - /awɾˈicca/
∅-a / o-w / ʁ-ɾ / ˈi-ˈi / ʎ-c / ∅-c / ə-a
∅-a / o-w / ʁ-ɾ / ˈi-ˈi / ∅-c / ʎ-c / ə-a

-------------------

/oːtˈɔn/ - /awtˈunnʊ/
∅-a / oː-w / t-t / ˈɔ-ˈu / n-n / ∅-n / ∅-ʊ
∅-a / oː-w / t-t / ˈɔ-ˈu / ∅-n / n-n / ∅-ʊ

-------------------

/palˈɛ/ - /palˈaʦʦʊ/
p-p / a-a / l-l / ˈɛ-ˈa / ∅-ʦ / ∅-ʦ / ∅-ʊ

-------------------

/paʁˈɔla/ - /paɾˈawla/
p-p / a-a / ʁ-ɾ / ˈɔ-ˈa / ∅-w / l-l / a-a

-------------------

/pjˈuʎ/ - /piɾˈɔccʊ/
p-p / j-i / ∅-ɾ / ˈu-ˈɔ / ʎ-c / ∅-c / ∅-ʊ
p-p / j-i / ∅-ɾ / ˈu-ˈɔ / ∅-c / ʎ-c / ∅-ʊ

-------------------

/pjˈɛʁa/ - /pˈɛʈɽa/
p-p / j-∅ / ˈɛ-ˈɛ / ʁ-ʈ / ∅-ɽ / a-a
p-p / j-∅ / ˈɛ-ˈɛ / ∅-ʈ / ʁ-ɽ / a-a
p-p / j_ˈɛ-ˈɛ / ∅-ʈ / ʁ-ɽ / a-a

-------------------

/ploʁˈa/ - /cˈanɕɪɾɪ/
p-c / ∅-ˈa / l-n / ∅-ɕ / o-ɪ / ʁ-ɾ / ˈa-ɪ

-------------------

/plˈoma/ - /pˈinna/
p-p / l-ˈi / ˈo-n / m-n / a-a
p-p / l-∅ / ˈo-ˈi / m-n / ∅-n / a-a
p-p / l-∅ / ˈo-ˈi / ∅-n / m-n / a-a

-------------------

/plˈɛ̃/ - /cˈinʊ/
p-c / l-ˈi / ˈɛ̃-n / ∅-ʊ

-------------------

/plˈɛ̃dʁə/ - /cˈanɕɪɾɪ/
p-c / l-∅ / ˈɛ̃-ˈa / ∅-n / d-ɕ / ∅-ɪ / ʁ-ɾ / ə-ɪ
p-c / l-∅ / ∅-ˈa / ˈɛ̃-n / d-ɕ / ∅-ɪ / ʁ-ɾ / ə-ɪ

-------------------

/povˈeːʁ/ - /putˈirɪ/
p-p / o-u / v-t / ˈeː-ˈi / ʁ-r / ∅-ɪ
p-p / o-u / v-∅ / ∅-t / ˈeː-ˈi / ʁ-r / ∅-ɪ

-------------------

/pwˈe/ - /pˈɔkʊ/
p-p / w-ˈɔ_k / ˈe-ʊ

-------------------

/pwˈeːʦ/ - /pˈuʦʦʊ/
p-p / w-ˈu / ˈeː-∅ / ʦ-ʦ / ∅-ʦ / ∅-ʊ
p-p / w_ˈeː-ˈu / ∅-ʦ / ʦ-ʦ / ∅-ʊ

-------------------

/pwˈɛʁk/ - /pˈɔrkʊ/
p-p / w-ˈɔ / ˈɛ-∅ / ʁ-r / k-k / ∅-ʊ
p-p / w-ˈɔ / ˈɛ-∅ / ʁ-r / k-k_ʊ

-------------------

/pwˈɛ̃/ - /pˈuntʊ/
p-p / w-ˈu / ˈɛ̃-n_t / ∅-ʊ
p-p / w-ˈu / ∅-n / ∅-t / ˈɛ̃-ʊ

-------------------

/pwˈɛ̃/ - /pˈuɲɲʊ/
p-p / w-ˈu / ˈɛ̃-ɲ / ∅-ɲ / ∅-ʊ

-------------------

/pʁˈiʃ/ - /pɾˈɛʦʦʊ/
p-p / ʁ-ɾ / ˈi-ˈɛ / ʃ-ʦ / ∅-ʦ / ∅-ʊ
p-p / ʁ-ɾ / ˈi-ˈɛ / ∅-ʦ / ʃ-ʦ / ∅-ʊ

-------------------

/pʎˈoʒə/ - /cˈɔva/
p-∅ / ʎ-c / ˈo-ˈɔ / ʒ-v / ə-a

-------------------

/pˈeːl/ - /kapˈiɖɖʊ/
∅-k / ∅-a / p-p / ˈeː-ˈi / l-ɖ / ∅-ɖ / ∅-ʊ

-------------------

/pˈeːl/ - /pˈilʊ/
p-p / ˈeː-ˈi / l-l / ∅-ʊ
p-p / ˈeː-ˈi / l-l_ʊ

-------------------

/pˈeːna/ - /pˈena/
p-p / ˈeː-ˈe / n-n / a-a

-------------------

/pˈeːsɔ̃/ - /pˈiʃʃɪ/
p-p / ˈeː-ˈi / s-ʃ / ∅-ʃ / ɔ̃-ɪ

-------------------

/pˈeːʁʃə/ - /pˈɛrsɪka/
p-p / ˈeː-ˈɛ / ʁ-r / ∅-s / ∅-ɪ / ʃ-k / ə-a

-------------------

/pˈi/ - /pˈɛɾɪ/
p-p / ˈi-ˈɛ / ∅-ɾ / ∅-ɪ

-------------------

/pˈɑ̃/ - /pˈanɪ/
p-p / ˈɑ̃-ˈa / ∅-n / ∅-ɪ
p-p / ˈɑ̃-ˈa_n / ∅-ɪ

-------------------

/pˈɔðə/ - /pˈaʈɽɪ/
p-p / ˈɔ-ˈa / ð-ʈ / ə-ɽ_ɪ
p-p / ˈɔ-ˈa / ð-ʈ / ∅-ɽ / ə-ɪ

-------------------

/pˈɔ̃/ - /pˈontɪ/
p-p / ˈɔ̃-ˈo / ∅-n / ∅-t / ∅-ɪ

-------------------

/pˈɔ̃dʁə/ - /pˈunɪɾɪ/
p-p / ˈɔ̃-ˈu / d-n / ∅-ɪ / ʁ-ɾ / ə-ɪ

-------------------

/pˈɛl/ - /pˈɛɖɖɪ/
p-p / ˈɛ-ˈɛ / l-ɖ / ∅-ɖ / ∅-ɪ

-------------------

/pˈɛtʁo/ - /pˈɛttʊ/
p-p / ˈɛ-ˈɛ / t-t / ʁ-t / o-ʊ
p-p / ˈɛ-ˈɛ / t-t / ʁ-∅ / ∅-t / o-ʊ

-------------------

/pˈɛʃ/ - /pˈaɕɪ/
p-p / ˈɛ-ˈa / ʃ-ɕ / ∅-ɪ
p-p / ˈɛ-ˈa / ʃ-ɕ_ɪ

-------------------

/salˈu/ - /salˈutɪ/
s-s / a-a / l-l / ˈu-ˈu / ∅-t / ∅-ɪ

-------------------

/savˈeːʁ/ - /sˈapɪɾɪ/
s-s / a-ˈa / v-p / ˈeː-ɪ / ʁ-ɾ / ∅-ɪ
s-s / a-∅ / ∅-ˈa / v-p / ˈeː-ɪ / ʁ-ɾ / ∅-ɪ

-------------------

/seʁˈizə/ - /ɕiɾˈaza/
s-ɕ / e-i / ʁ-ɾ / ˈi-ˈa / z-z / ə-a

-------------------

/sitˈɔ/ - /ɕitˈa/
s-ɕ / i-i / t-t / ˈɔ-ˈa

-------------------

/sĩkwˈɑ̃ta/ - /ɕiŋkwˈanta/
s-ɕ / ∅-i / ĩ-ŋ / k-k / w-w / ˈɑ̃-ˈa / ∅-n / t-t / a-a
s-ɕ / ∅-i / ĩ-ŋ / k-k / w-w / ˈɑ̃-ˈa_n / t-t / a-a

-------------------

/sjˈeːʃ/ - /sˈɛj/
s-s / j-ˈɛ / ˈeː-j / ʃ-∅

-------------------

/sjˈɛl/ - /ɕˈɛlʊ/
s-ɕ / j-∅ / ˈɛ-ˈɛ / l-l / ∅-ʊ
s-ɕ / j-∅ / ˈɛ-ˈɛ / l-l_ʊ
s-ɕ / j_ˈɛ-ˈɛ / l-l_ʊ

-------------------

/swˈɛ/ - /sˈita/
s-s / w-∅ / ˈɛ-ˈi / ∅-t / ∅-a
s-s / w_ˈɛ-ˈi / ∅-t / ∅-a

-------------------

/sˈal/ - /sˈalɪ/
s-s / ˈa-ˈa / l-l / ∅-ɪ
s-s / ˈa-ˈa / l-l_ɪ

-------------------

/sˈana/ - /sˈana/
s-s / ˈa-ˈa / n-n / a-a

-------------------

/sˈaðo/ - /sˈavjʊ/
s-s / ˈa-ˈa / ð-v / ∅-j / o-ʊ

-------------------

/sˈiʁa/ - /ɕˈiɾa/
s-ɕ / ˈi-ˈi / ʁ-ɾ / a-a

-------------------

/sˈiʃ/ - /sˈɛj/
s-s / ˈi-ˈɛ / ʃ-∅ / ∅-j

-------------------

/sˈĩ/ - /ɕˈiŋkʊ/
s-ɕ / ∅-ˈi / ˈĩ-ŋ / ∅-k / ∅-ʊ

-------------------

/sˈoːsa/ - /sˈarsa/
s-s / ˈoː-ˈa / ∅-r / s-s / a-a
s-s / ˈoː-ˈa_r / s-s / a-a

-------------------

/sˈoːsa/ - /sˈawsa/
s-s / ∅-ˈa / ˈoː-w / s-s / a-a

-------------------

/sˈy/ - /sˈupra/
s-s / ˈy-ˈu / ∅-p / ∅-r / ∅-a

-------------------

/sˈɑ̃/ - /kˈantʊ/
s-k / ˈɑ̃-ˈa_n / ∅-t / ∅-ʊ
s-∅ / ∅-k / ˈɑ̃-ˈa_n / ∅-t / ∅-ʊ

-------------------

/sˈɑ̃/ - /sˈantʊ/
s-s / ˈɑ̃-ˈa / ∅-n / ∅-t / ∅-ʊ
s-s / ˈɑ̃-ˈa_n / ∅-t / ∅-ʊ

-------------------

/sˈɑ̃/ - /sˈanʊ/
s-s / ˈɑ̃-ˈa_n / ∅-ʊ

-------------------

/sˈɑ̃/ - /sˈaŋɡʊ/
s-s / ∅-ˈa / ˈɑ̃-ŋ / ∅-ɡ / ∅-ʊ

-------------------

/sˈɔ/ - /sˈaj/
s-s / ˈɔ-ˈa / ∅-j

-------------------

/sˈɛt/ - /sˈikkʊ/
s-s / ˈɛ-ˈi / t-k_k / ∅-ʊ
s-s / ˈɛ-ˈi / ∅-k / t-k / ∅-ʊ

-------------------

/sˈɛt/ - /sˈɛttɪ/
s-s / ˈɛ-ˈɛ / t-t / ∅-t / ∅-ɪ
s-s / ˈɛ-ˈɛ / ∅-t / t-t / ∅-ɪ

-------------------

/sˈɛta/ - /sˈikka/
s-s / ˈɛ-ˈi / t-k_k / a-a
s-s / ˈɛ-ˈi / ∅-k / t-k / a-a

-------------------

/tʁˈeː/ - /ʈɽˈi/
t-ʈ / ʁ-ɽ / ˈeː-ˈi

-------------------

/tˈeːʁa/ - /tˈɛʐʐa/
t-t / ˈeː-ˈɛ / ʁ-ʐ / ∅-ʐ / a-a

-------------------

/tˈo/ - /tˈuttʊ/
t-t / ˈo-ˈu / ∅-t / ∅-t / ∅-ʊ

-------------------

/tˈɛ/ - /tˈu/
t-t / ˈɛ-ˈu

-------------------

/tˈɛta/ - /tˈɛʃta/
t-t / ˈɛ-ˈɛ / ∅-ʃ / t-t / a-a

-------------------

/tˈɛ̃/ - /tˈɛmpʊ/
t-t / ˈɛ̃-ˈɛ / ∅-m / ∅-p / ∅-ʊ

-------------------

/uzˈɛl/ - /aɕˈɛɖɖʊ/
u-a / z-ɕ / ˈɛ-ˈɛ / l-ɖ / ∅-ɖ / ∅-ʊ

-------------------

/vjˈøʎ/ - /vˈɛccʊ/
v-v / j-∅ / ˈø-ˈɛ / ʎ-c / ∅-c / ∅-ʊ
v-v / j_ˈø-ˈɛ / ʎ-c / ∅-c / ∅-ʊ
v-v / j_ˈø-ˈɛ / ∅-c / ʎ-c / ∅-ʊ

-------------------

/vwˈɛ/ - /vˈia/
v-v / w-∅ / ˈɛ-ˈi / ∅-a
v-v / w_ˈɛ-ˈi / ∅-a

-------------------

/vwˈɛʃ/ - /vˈuɕɪ/
v-v / w-ˈu / ˈɛ-∅ / ʃ-ɕ_ɪ

-------------------

/vɔlˈa/ - /vulˈarɪ/
v-v / ɔ-u / l-l / ˈa-ˈa / ∅-r / ∅-ɪ

-------------------

/vənˈi/ - /vˈɛnɪɾɪ/
v-v / ə-ˈɛ / n-n / ˈi-ɪ / ∅-ɾ / ∅-ɪ

-------------------

/vəzˈĩ/ - /viɕˈinʊ/
v-v / ə-i / z-ɕ / ˈĩ-ˈi_n / ∅-ʊ
v-v / ə-i / z-ɕ / ∅-ˈi / ˈĩ-n_ʊ

-------------------

/vˈaʃi/ - /vˈakka/
v-v / ˈa-ˈa / ʃ-k / i-k_a
v-v / ˈa-ˈa / ʃ-k / ∅-k / i-a
v-v / ˈa-ˈa / ∅-k / ʃ-k / i-a

-------------------

/vˈeːðə/ - /vˈiɾiɾɪ/
v-v / ˈeː-ˈi / ð-ɾ / ə-i / ∅-ɾ / ∅-ɪ
v-v / ˈeː-ˈi / ð-ɾ / ∅-i / ∅-ɾ / ə-ɪ

-------------------

/vˈia/ - /vˈita/
v-v / ˈi-ˈi / ∅-t / a-a

-------------------

/vˈila/ - /vˈiɖɖa/
v-v / ˈi-ˈi / l-ɖ / ∅-ɖ / a-a
v-v / ˈi-ˈi / ∅-ɖ / l-ɖ / a-a

-------------------

/vˈĩ/ - /vˈinʊ/
v-v / ˈĩ-ˈi_n / ∅-ʊ
v-v / ∅-ˈi / ˈĩ-n_ʊ

-------------------

/vˈo/ - /vˈuj/
v-v / ˈo-ˈu / ∅-j

-------------------

/vˈɛl/ - /vitˈɛɖɖʊ/
v-v / ∅-i / ∅-t / ˈɛ-ˈɛ / l-ɖ / ∅-ɖ / ∅-ʊ
v-v / ∅-i / ∅-t / ˈɛ-ˈɛ / ∅-ɖ / l-ɖ / ∅-ʊ

-------------------

/vˈɛʁ/ - /vˈiɾdɪ/
v-v / ˈɛ-ˈi / ʁ-ɾ / ∅-d / ∅-ɪ

-------------------

/vˈɛʁm/ - /vˈɛmmʊ/
v-v / ˈɛ-ˈɛ / ʁ-∅ / ∅-m / m-m / ∅-ʊ

-------------------

/vˈɛ̃/ - /vˈɛntʊ/
v-v / ˈɛ̃-ˈɛ_n / ∅-t / ∅-ʊ
v-v / ∅-ˈɛ / ˈɛ̃-n_t / ∅-ʊ

-------------------

/vˈɛ̃t/ - /vˈintɪ/
v-v / ˈɛ̃-ˈi / ∅-n / t-t / ∅-ɪ
v-v / ∅-ˈi / ˈɛ̃-n / t-t / ∅-ɪ

-------------------

/vˈɛ̃tʁo/ - /pˈanʦa/
v-p / ∅-ˈa / ˈɛ̃-n / t-∅ / ʁ-ʦ / o-a

-------------------

/wˈej/ - /ˈɔccʊ/
w_ˈe-ˈɔ / ∅-c / ∅-c / j-ʊ

-------------------

/wˈejə/ - /ˈɔka/
w-ˈɔ / ˈe-∅ / j-∅ / ∅-k / ə-a
w_ˈe-ˈɔ / j-∅ / ∅-k / ə-a

-------------------

/wˈevʁa/ - /ˈɔpɪɾa/
w-ˈɔ / ˈe-∅ / v-p / ∅-ɪ / ʁ-ɾ / a-a
w_ˈe-ˈɔ / v-p / ∅-ɪ / ʁ-ɾ / a-a

-------------------

/wˈɛ/ - /ˈɔttʊ/
w-ˈɔ_t / ∅-t / ˈɛ-ʊ

-------------------

/ðwˈɛ/ - /jˈɔkʊ/
ð-j / w-ˈɔ / ˈɛ-∅ / ∅-k / ∅-ʊ
ð-j / w-ˈɔ / ∅-k / ˈɛ-ʊ
ð-j / w-ˈɔ_k / ˈɛ-ʊ

-------------------

/ɡʁˈoː/ - /ɾˈɔssʊ/
ɡ-∅ / ʁ-ɾ / ˈoː-ˈɔ / ∅-s / ∅-s / ∅-ʊ

-------------------

/ɡʁˈɑ̃/ - /ɡɾˈannɪ/
ɡ-ɡ / ʁ-ɾ / ˈɑ̃-ˈa / ∅-n / ∅-n / ∅-ɪ
ɡ-ɡ / ʁ-ɾ / ˈɑ̃-ˈa_n / ∅-n / ∅-ɪ

-------------------

/ɡʁˈɛːna/ - /ɡrˈanʊ/
ɡ-ɡ / ʁ-r / ˈɛː-ˈa / n-n / a-ʊ
ɡ-ɡ / ʁ-r / ˈɛː-ˈa / n-n / a-∅ / ∅-ʊ

-------------------

/ɡˈota/ - /ɡˈuʧʧa/
ɡ-ɡ / ˈo-ˈu / t-ʧ / ∅-ʧ / a-a
ɡ-ɡ / ˈo-ˈu / ∅-ʧ / t-ʧ / a-a

-------------------

/ɡˈøla/ - /ɡˈula/
ɡ-ɡ / ˈø-ˈu / l-l / a-a

-------------------

/ɲˈol/ - /nˈuvʊla/
ɲ-n / ˈo-ˈu / ∅-v / l-ʊ_l / ∅-a
ɲ-n / ˈo-ˈu / ∅-v / ∅-ʊ / l-l / ∅-a

-------------------

/ʁeːzˈɔ̃/ - /ʐaʤˈunɪ/
ʁ-ʐ / eː-a / z-ʤ / ˈɔ̃-ˈu_n / ∅-ɪ

-------------------

/ʁjˈɔ̃/ - /tˈunnʊ/
ʁ-∅ / j-t / ˈɔ̃-ˈu_n / ∅-n / ∅-ʊ

-------------------

/ʁɔmˈɛ̃/ - /romˈanʊ/
ʁ-r / ɔ-o / m-m / ∅-ˈa / ˈɛ̃-n / ∅-ʊ
ʁ-r / ɔ-o / m-m / ∅-ˈa / ∅-n / ˈɛ̃-ʊ

-------------------

/ʁˈeː/ - /ʐˈe/
ʁ-ʐ / ˈeː-ˈe

-------------------

/ʁˈeː/ - /ʐˈejɪ/
ʁ-ʐ / ˈeː-ˈe / ∅-j / ∅-ɪ

-------------------

/ʁˈeːna/ - /riʤʤˈina/
ʁ-r / ∅-i / ∅-ʤ / ∅-ʤ / ˈeː-ˈi / n-n / a-a

-------------------

/ʁˈuʃ/ - /ʐˈussʊ/
ʁ-ʐ / ˈu-ˈu / ʃ-s / ∅-s / ∅-ʊ
ʁ-ʐ / ˈu-ˈu / ∅-s / ʃ-s / ∅-ʊ

-------------------

/ʃĩʒjˈɛ/ - /kanʤˈaɾɪ/
ʃ-k / ĩ-a / ∅-n / ʒ-ʤ / j-∅ / ˈɛ-ˈa / ∅-ɾ / ∅-ɪ
ʃ-k / ĩ-a / ∅-n / ʒ-ʤ / ∅-ˈa / j-ɾ / ˈɛ-ɪ

-------------------

/ʃjˈɛvʁa/ - /kɾˈapa/
ʃ-k / j-ɾ / ˈɛ-ˈa / v-p / ʁ-∅ / a-a

-------------------

/ʃɔtˈɛl/ - /kastˈɛɖɖʊ/
ʃ-k / ɔ-a / t-s_t / ˈɛ-ˈɛ / l-ɖ / ∅-ɖ / ∅-ʊ
ʃ-k / ɔ-a / ∅-s / t-t / ˈɛ-ˈɛ / l-ɖ / ∅-ɖ / ∅-ʊ

-------------------

/ʃəvˈal/ - /kavˈaɖɖʊ/
ʃ-k / ə-a / v-v / ˈa-ˈa / l-ɖ / ∅-ɖ / ∅-ʊ

-------------------

/ʃəvˈɛl/ - /kapˈiɖɖʊ/
ʃ-k / ə-a / v-p / ˈɛ-ˈi / l-ɖ / ∅-ɖ / ∅-ʊ
ʃ-k / ə-a / v-p / ˈɛ-ˈi / ∅-ɖ / l-ɖ / ∅-ʊ

-------------------

/ʃəvˈɛl/ - /pˈilʊ/
ʃ-∅ / ə-∅ / v-p / ˈɛ-ˈi / l-l / ∅-ʊ
ʃ-∅ / ə-∅ / v-p / ˈɛ-ˈi / l-l_ʊ

-------------------

/ʃˈa/ - /ɡˈattʊ/
ʃ-ɡ / ˈa-ˈa_t / ∅-t / ∅-ʊ

-------------------

/ʃˈeːʁ/ - /kˈaɾnɪ/
ʃ-k / ˈeː-ˈa / ʁ-ɾ / ∅-n / ∅-ɪ
ʃ-k / ˈeː-ˈa / ʁ-ɾ_n / ∅-ɪ

-------------------

/ʃˈĩ/ - /kˈanɪ/
ʃ-k / ∅-ˈa / ˈĩ-n / ∅-ɪ

-------------------

/ʃˈoː/ - /kˈawdʊ/
ʃ-k / ∅-ˈa / ˈoː-w / ∅-d / ∅-ʊ

-------------------

/ʃˈɔnə/ - /katˈina/
ʃ-k / ∅-a / ∅-t / ˈɔ-ˈi / n-n / ə-a

-------------------

/ʃˈɛf/ - /kˈapʊ/
ʃ-k / ˈɛ-ˈa / f-p / ∅-ʊ

-------------------

/ʃˈɛʁ/ - /kˈaɾʊ/
ʃ-k / ˈɛ-ˈa / ʁ-ɾ / ∅-ʊ

-------------------

/ʒwˈeno/ - /ʤˈuvɪnɪ/
ʒ-ʤ / w-ˈu / ∅-v / ˈe-ɪ / n-n / o-ɪ

-------------------

/ʒwˈɛ̃/ - /ʤˈuɲɲʊ/
ʒ-ʤ / w-ˈu / ˈɛ̃-ɲ / ∅-ɲ / ∅-ʊ
ʒ-ʤ / w-ˈu / ∅-ɲ / ˈɛ̃-ɲ / ∅-ʊ

-------------------

/ʒənˈuʎ/ - /dinˈɔccʊ/
ʒ-d / ə-i / n-n / ˈu-ˈɔ / ʎ-c / ∅-c / ∅-ʊ

-------------------

/ʒənˈuʎ/ - /jɪnˈɔccʊ/
ʒ-j / ə-ɪ / n-n / ˈu-ˈɔ / ʎ-c / ∅-c / ∅-ʊ

-------------------

/ʒənˈuʎ/ - /ʤinˈɔccʊ/
ʒ-ʤ / ə-i / n-n / ˈu-ˈɔ / ʎ-c / ∅-c / ∅-ʊ

-------------------

/ʒˈe/ - /ˈiʊ/
ʒ-∅ / ˈe-ˈi / ∅-ʊ

-------------------

/ʒˈuðo/ - /jˈuɾɪɕɪ/
ʒ-j / ˈu-ˈu / ∅-ɾ / ∅-ɪ / ð-ɕ / o-ɪ
ʒ-j / ˈu-ˈu_ɾ / ∅-ɪ / ð-ɕ / o-ɪ

-------------------

/ʒˈɔʁno/ - /jˈɔɾnʊ/
ʒ-j / ˈɔ-ˈɔ / ʁ-ɾ / n-n / o-ʊ

-------------------

/ʒˈɛ̃/ - /ʤˈɛntɪ/
ʒ-ʤ / ∅-ˈɛ / ˈɛ̃-n_t / ∅-ɪ

-------------------

/ˈila/ - /ˈizʊla/
ˈi-ˈi / ∅-z / l-ʊ_l / a-a
ˈi-ˈi / ∅-z / ∅-ʊ / l-l / a-a

-------------------

/ˈiʎ/ - /ˈaɟɟa/
ˈi-ˈa / ʎ-ɟ / ∅-ɟ / ∅-a

-------------------

/ˈof/ - /ˈɔvʊ/
ˈo-ˈɔ / f-v / ∅-ʊ

-------------------

/ˈomo/ - /ˈɔmʊ/
ˈo-ˈɔ / m-m / o-ʊ

-------------------

/ˈos/ - /ˈɔssʊ/
ˈo-ˈɔ / s-s / ∅-s / ∅-ʊ
ˈo-ˈɔ / ∅-s / s-s / ∅-ʊ

-------------------

/ˈoːtʁo/ - /ˈawʈɽʊ/
ˈoː-ˈa / ∅-w / t-ʈ / ʁ-ɽ / o-ʊ
∅-ˈa / ˈoː-w / t-ʈ / ʁ-ɽ / o-ʊ

-------------------

/ˈoːʁ/ - /ˈawrʊ/
ˈoː-ˈa / ∅-w / ʁ-r_ʊ
∅-ˈa / ˈoː-w / ʁ-r / ∅-ʊ
∅-ˈa / ˈoː-w / ʁ-r_ʊ

-------------------

/ˈoːʁ/ - /ˈɔrʊ/
ˈoː-ˈɔ / ʁ-r / ∅-ʊ
ˈoː-ˈɔ / ʁ-r_ʊ

-------------------

/ˈoːʁs/ - /ˈuɾsʊ/
ˈoː-ˈu / ʁ-ɾ / s-s / ∅-ʊ

-------------------

/ˈɑ̃ðə/ - /ˈanɕɪlʊ/
ˈɑ̃-ˈa / ∅-n / ð-ɕ / ə-ɪ / ∅-l / ∅-ʊ
ˈɑ̃-ˈa_n / ð-ɕ / ə-ɪ / ∅-l / ∅-ʊ

-------------------

/ˈɔʁba/ - /ˈalba/
ˈɔ-ˈa / ʁ-∅ / ∅-l / b-b / a-a

-------------------

/ˈɔʁbʁo/ - /ˈaɾbɪɾʊ/
ˈɔ-ˈa / ʁ-ɾ / b-b / ∅-ɪ / ʁ-ɾ / o-ʊ

-------------------

/ˈɔʁma/ - /ˈaɾma/
ˈɔ-ˈa / ʁ-ɾ / m-m / a-a

-------------------

/ˈɔ̃ɡʎə/ - /ˈuɲɲa/
ˈɔ̃-ˈu / ɡ-ɲ / ʎ-ɲ / ə-a

-------------------

/ˈɛɡa/ - /ˈakkwa/
ˈɛ-ˈa / ɡ-k / ∅-k / ∅-w / a-a

-------------------

/ˈɛɡal/ - /uɡwˈalɪ/
ˈɛ-u / ɡ-ɡ / a-w / ∅-ˈa / l-l / ∅-ɪ
ˈɛ-u / ɡ-ɡ / a-w / ∅-ˈa / l-l_ɪ

-------------------

/ˈɛʁba/ - /ˈɛɾva/
ˈɛ-ˈɛ / ʁ-ɾ / b-v / a-a

-------------------

