/abˈeʎɐ/ - /ˈaːf/
[1/1] <#_a-<# / b-∅ / ˈe-∅ / ʎ-ˈaː / ɐ-f

-------------------

/amaɾˈɛlu/ - /ʤˈaːl/
[1/1] <#_a-<# / m-ʤ / a_ɾ-ˈaː / ˈɛ-∅ / l-l / u_#>-#>

-------------------

/aɡˈuʎɐ/ - /ɡuzjˈɛle/
[1/1] <#_a-<# / ɡ-ɡ / ∅-u / ∅-z / ∅-j / ˈu-ˈɛ / ʎ-l / ɐ_#>-e_#>

-------------------

/aɦʒˈilɐ/ - /arʤˈile/
[1/1] a-a / ɦ-r / ʒ_ˈi-ʤ_ˈi / l-l / ɐ_#>-e_#>

-------------------

/aɾˈejɐ/ - /savalˈoŋ/
[1/1] <#-s / a-a / ɾ-v / ˈe-a / j-l / ɐ-ˈo / #>-ŋ_#>

-------------------

/aɾˈɐ̃j̃ɐ/ - /rˈaɲ/
[1/1] <#_a-<# / ɾ-r / ˈɐ̃_j̃-ˈa_ɲ / ɐ-∅

-------------------

/aʒudˈah/ - /judˈaː/
[1/1] <#_a-<# / ʒ-j / u-u / d-d / ˈa_h_#>-ˈaː_#>

-------------------

/bebˈeh/ - /bˈevi/
[1/1] <#_b-<#_b / e-ˈe / b-v / ˈe-∅ / h_#>-i_#>

-------------------

/bɾˈɐ̃ku/ - /blˈaŋk/
[1/1] <#_b-<#_b / ɾ-l / ˈɐ̃-ˈa / k_u-ŋ_k

-------------------

/bˈajʃu/ - /bˈas/
[1/1] <#_b-<#_b / ˈa-ˈa / j_ʃ-s / u_#>-#>

-------------------

/bˈẽj̃/ - /bˈɛŋ/
[1/1] <#_b-<#_b / ˈẽ_j̃-ˈɛ_ŋ

-------------------

/bˈoj/ - /bˈɔ/
[1/1] <#_b-<#_b / ˈo_j-ˈɔ

-------------------

/bˈokɐ/ - /bˈoce/
[1/1] <#_b-<#_b / ˈo-ˈo / k_ɐ-c_e

-------------------

/bˈoɐ/ - /bwˈine/
[1/1] <#_b-<#_b / ˈo-w_ˈi / ∅-n / ɐ_#>-e_#>

-------------------

/bˈoɐʃ/ - /bwˈinis/
[1/1] <#_b-<#_b / ˈo-w_ˈi / ∅-n / ɐ-i / ʃ_#>-s_#>

-------------------

/bˈõ/ - /bˈoŋ/
[1/1] <#_b-<#_b / ˈõ-ˈo / #>-ŋ_#>

-------------------

/bˈõʃ/ - /bˈons/
[1/1] <#_b-<#_b / ˈõ-ˈo_n / ʃ_#>-s_#>

-------------------

/bˈɐ̃j̃u/ - /bˈaɲ/
[1/1] <#_b-<#_b / ˈɐ̃_j̃-ˈa_ɲ / u_#>-#>

-------------------

/bˈɛlu/ - /bjˈɛl/
[1/1] <#_b-<#_b / ˈɛ-j_ˈɛ / l-l / u_#>-#>

-------------------

/bˈɛlɐ/ - /bjˈɛle/
[1/1] <#_b-<#_b / ˈɛ-j_ˈɛ / l-l / ɐ_#>-e_#>

-------------------

/doɦmˈih/ - /durmˈiː/
[1/1] <#_d-<#_d / o-u / ɦ-r / m-m / ˈi_h-ˈiː

-------------------

/dɾaɡˈɐ̃w̃/ - /draɡˈoŋ/
[1/1] <#_d-<#_d / ɾ-r / a-a / ɡ-ɡ / ˈɐ̃-ˈo / w̃_#>-ŋ_#>

-------------------

/dɾaɡˈɐ̃w̃/ - /drˈaːk/
[1/1] <#_d-<#_d / ɾ-r / a-∅ / ɡ-∅ / ˈɐ̃-ˈaː / w̃-k

-------------------

/dˈah/ - /dˈaː/
[1/1] <#_d-<#_d / ˈa_h_#>-ˈaː_#>

-------------------

/dˈedu/ - /dˈeːt/
[1/1] <#_d-<#_d / ˈe-ˈeː / d-t / u_#>-#>

-------------------

/dˈewʃ/ - /dˈiw/
[1/1] <#_d-<#_d / ˈe-ˈi / w-w / ʃ_#>-#>

-------------------

/dˈẽʧi/ - /dˈint/
[1/1] <#_d-<#_d / ˈẽ_ʧ-ˈi_n / i_#>-t_#>

-------------------

/dˈojʃ/ - /dˈoj/
[1/1] <#_d-<#_d / ˈo-ˈo / j-j / ʃ_#>-#>

-------------------

/dˈosi/ - /dˈolʧ/
[1/1] <#_d-<#_d / ˈo-ˈo / ∅-l / s-ʧ / i_#>-#>

-------------------

/dˈozi/ - /dˈodis/
[1/1] <#_d-<#_d / ˈo-ˈo / ∅-d / ∅-i / z-s / i_#>-#>

-------------------

/dˈõnɐ/ - /dˈɔne/
[1/1] <#_d-<#_d / ˈõ-ˈɔ / n-n / ɐ_#>-e_#>

-------------------

/dˈuɐʃ/ - /dˈoːs/
[1/1] <#_d-<#_d / ˈu-ˈoː / ɐ-∅ / ʃ_#>-s_#>

-------------------

/dˈɛjʃ/ - /dˈiːs/
[1/1] <#_d-<#_d / ˈɛ-ˈiː / j-∅ / ʃ_#>-s_#>

-------------------

/eskutˈah/ - /skoltˈaː/
[1/1] <#_e-<#_s / s_k-k / ∅-o / u-l / t-t / ˈa_h_#>-ˈaː_#>

-------------------

/eskɾevˈeh/ - /skrˈivi/
[1/1] <#_e-<#_s / s_k-k / ɾ-r / e-ˈi / v-v / ˈe-∅ / h_#>-i_#>

-------------------

/eʃpˈadɐ/ - /spˈade/
[1/1] <#_e-<#_s / ʃ_p-p / ˈa-ˈa / d-d / ɐ_#>-e_#>

-------------------

/eʃpˈiɡɐ/ - /spˈi/
[1/1] <#_e-<#_s / ʃ_p-p / ˈi-ˈi / ɡ-∅ / ɐ-∅

-------------------

/eʃpˈĩj̃ɐ/ - /spˈine/
[1/1] <#_e-<#_s / ʃ_p-p / ˈĩ_j̃-ˈi / ∅-n / ɐ_#>-e_#>

-------------------

/eʃpˈɐ̃j̃ɐ/ - /spˈaɲe/
[1/1] <#_e-<#_s / ʃ_p-p / ˈɐ̃_j̃-ˈa_ɲ / ɐ_#>-e_#>

-------------------

/eʃtɾˈelɐ/ - /stˈɛle/
[1/1] <#_e-<#_s / ʃ_t-t / ɾ-∅ / ˈe-∅ / l-ˈɛ_l / ɐ_#>-e_#>

-------------------

/eʃtˈadu/ - /stˈaːt/
[1/1] <#_e-<#_s / ʃ_t-t / ˈa-ˈaː / d-t / u_#>-#>

-------------------

/eʃʧˈiw/ - /istˈaːt/
[1/1] e-i / ʃ-s / ʧ-t / ˈi-ˈaː / w-t

-------------------

/fazˈeh/ - /fˈaː/
[1/1] <#_f-<#_f / a-∅ / z-∅ / ˈe-∅ / h-ˈaː

-------------------

/faɾˈĩj̃ɐ/ - /farˈine/
[1/1] <#_f-<#_f / a-a / ɾ-r / ˈĩ_j̃-ˈi / ∅-n / ɐ_#>-e_#>

-------------------

/fɾˈiu/ - /frˈeːt/
[1/1] <#_f-<#_f / ɾ-r / ˈi-ˈeː / u-t_#>

-------------------

/fɾˈujtu/ - /frˈut/
[1/1] <#_f-<#_f / ɾ-r / ˈu-ˈu / j-∅ / t-t / u_#>-#>

-------------------

/fˈadɐ/ - /fˈade/
[1/1] <#_f-<#_f / ˈa-ˈa / d-d / ɐ_#>-e_#>

-------------------

/fˈasu/ - /fˈaːs/
[1/1] <#_f-<#_f / ˈa-ˈaː / s-s / u_#>-#>

-------------------

/fˈawsu/ - /fˈals/
[1/1] <#_f-<#_f / ˈa-ˈa / w-l / s-s / u_#>-#>

-------------------

/fˈẽmeɐ/ - /fˈemine/
[1/1] <#_f-<#_f / ˈẽ-ˈe / m-m / e-i / ∅-n / ɐ_#>-e_#>

-------------------

/fˈiw/ - /fˈiːl/
[1/1] <#_f-<#_f / ˈi-ˈiː / w-l

-------------------

/fˈiɡɐdu/ - /fjˈaːt/
[1/1] <#_f-<#_f / ˈi-∅ / ɡ-j / ɐ-ˈaː / d-t / u_#>-#>

-------------------

/fˈiʎu/ - /fˈi/
[1/1] <#_f-<#_f / ˈi-ˈi / ʎ-∅ / u_#>-#>

-------------------

/fˈiʎɐ/ - /fˈie/
[1/1] <#_f-<#_f / ˈi-ˈi / ʎ-∅ / ɐ_#>-e_#>

-------------------

/fˈĩ/ - /fˈiŋ/
[1/1] <#_f-<#_f / ˈĩ-ˈi / #>-ŋ_#>

-------------------

/fˈĩnu/ - /fˈiŋ/
[1/1] <#_f-<#_f / ˈĩ-ˈi / n-ŋ / u_#>-#>

-------------------

/fˈoɡu/ - /fˈuːk/
[1/1] <#_f-<#_f / ˈo_ɡ-ˈuː_k / u_#>-#>

-------------------

/fˈoʎɐ/ - /fwˈɛe/
[1/1] <#_f-<#_f / ˈo-w_ˈɛ / ʎ-∅ / ɐ_#>-e_#>

-------------------

/fˈũmu/ - /fˈum/
[1/1] <#_f-<#_f / ˈũ-ˈu / m-m / u_#>-#>

-------------------

/fˈɔhʧi/ - /fwˈart/
[1/1] <#_f-<#_f / ˈɔ-w_ˈa / h-r / ʧ_i-t

-------------------

/fˈɔmi/ - /fˈam/
[1/1] <#_f-<#_f / ˈɔ-ˈa / m-m / i_#>-#>

-------------------

/fˈɛhu/ - /fjˈɛr/
[1/1] <#_f-<#_f / ˈɛ-j_ˈɛ / h-r / u_#>-#>

-------------------

/fˈɛʃtɐ/ - /fjˈɛste/
[1/1] <#_f-<#_f / ˈɛ-j_ˈɛ / ʃ_t-s_t / ɐ_#>-e_#>

-------------------

/hazˈɐ̃w̃/ - /rezˈoŋ/
[1/1] <#_h-<#_r / a-e / z-z / ˈɐ̃-ˈo / w̃_#>-ŋ_#>

-------------------

/haˈĩj̃ɐ/ - /reɟˈine/
[1/1] <#_h-<#_r / a-e / ∅-ɟ / ˈĩ_j̃-ˈi / ∅-n / ɐ_#>-e_#>

-------------------

/hedˈõdu/ - /tarˈont/
[1/1] h-t / e-a / d-r / ˈõ-ˈo_n / d-t / u_#>-#>

-------------------

/homˈɐ̃w̃/ - /romˈaŋ/
[1/1] <#_h-<#_r / o-o / m-m / ˈɐ̃-ˈa / w̃_#>-ŋ_#>

-------------------

/hˈej/ - /rˈe/
[1/1] <#_h-<#_r / ˈe_j-ˈe

-------------------

/hˈiu/ - /flˈum/
[1/1] <#-<#_f / ∅-l / h-ˈu / ˈi-m / u_#>-#>

-------------------

/hˈiu/ - /rˈiw/
[1/1] <#_h-<#_r / ˈi-ˈi / ∅-w / u_#>-#>

-------------------

/hˈoʃu/ - /rˈos/
[1/1] <#_h-<#_r / ˈo-ˈo / ʃ-s / u_#>-#>

-------------------

/hˈujvu/ - /rˈos/
[1/1] <#_h-<#_r / ˈu-ˈo / j-∅ / v-s / u_#>-#>

-------------------

/hˈɔdɐ/ - /rwˈɛde/
[1/1] <#_h-<#_r / ˈɔ-w_ˈɛ / d-d / ɐ_#>-e_#>

-------------------

/iɡwˈaw/ - /avwˈaːl/
[1/1] i-a / ɡ-v / w-w / ˈa_w-ˈaː_l

-------------------

/iɦmˈɐ̃w̃/ - /frˈadi/
[1/1] <#-<#_f / i-∅ / ɦ_m-r / ˈɐ̃-ˈa / w̃-d / #>-i_#>

-------------------

/ĩvˈɛɦnu/ - /invjˈɛr/
[1/1] ĩ-i / ∅-n / v-v / ˈɛ-j_ˈɛ / ɦ_n-r / u_#>-#>

-------------------

/kabˈelu/ - /cavˈel/
[1/1] <#_k-<#_c / a-a / b-v / ˈe-ˈe / l-l / u_#>-#>

-------------------

/kabˈelu/ - /pˈeːl/
[1/1] <#-<#_p / k-∅ / a-∅ / b-∅ / ˈe-ˈeː / l-l / u_#>-#>

-------------------

/kadˈejɐ/ - /cadˈene/
[1/1] <#_k-<#_c / a_d-a_d / ˈe_j-ˈe / ∅-n / ɐ_#>-e_#>

-------------------

/kasˈah/ - /caʧˈaː/
[1/1] <#_k-<#_c / a-a / s-ʧ / ˈa_h_#>-ˈaː_#>

-------------------

/kavˈalu/ - /cavˈal/
[1/1] <#_k-<#_c / a-a / v-v / ˈa-ˈa / l-l / u_#>-#>

-------------------

/kaʃtˈɛlu/ - /cistjˈɛl/
[1/1] <#_k-<#_c / a-i / ʃ_t-s_t / ˈɛ-j_ˈɛ / l-l / u_#>-#>

-------------------

/kejmˈah/ - /bruzˈaː/
[1/1] k-b / e-r / j-u / m-z / ˈa_h_#>-ˈaː_#>

-------------------

/komˈeh/ - /manɟˈaː/
[1/1] k-m / o-a / m-n / ˈe-ɟ / h-ˈaː

-------------------

/koɦdˈejɾu/ - /aɲˈɛl/
[1/1] k-∅ / o-∅ / ɦ-<# / d-a / ˈe-ɲ / j-ˈɛ / ɾ-l / u_#>-#>

-------------------

/kõj̃esˈeh/ - /koɲˈosi/
[1/1] <#_k-<#_k / õ-o / j̃-ɲ / e-ˈo / s-s / ˈe-∅ / h_#>-i_#>

-------------------

/kuhʧˈisɐ/ - /skwˈarʧe/
[1/1] <#-s / k_u-k / h-w / ʧ-ˈa / ˈi-r / s-ʧ / ɐ_#>-e_#>

-------------------

/kwˈatɾu/ - /kwˈatri/
[1/1] <#_k-<#_k / w-w / ˈa_t-ˈa_t / ɾ-r / u_#>-i_#>

-------------------

/kɐ̃bjˈah/ - /ɡambjˈaː/
[1/1] <#-<#_ɡ / k_ɐ̃-a / ∅-m / b-b / j-j / ˈa_h_#>-ˈaː_#>

-------------------

/kɐ̃tˈah/ - /cantˈaː/
[1/1] <#-<#_c / k_ɐ̃-a / t-n_t / ˈa_h_#>-ˈaː_#>

-------------------

/kɾˈeh/ - /krˈodi/
[1/1] <#_k-<#_k / ɾ-r / ∅-ˈo / ˈe-d / h_#>-i_#>

-------------------

/kɾˈujʃ/ - /krˈoːs/
[1/1] <#_k-<#_k / ɾ-r / ˈu-ˈoː / j-∅ / ʃ_#>-s_#>

-------------------

/kˈabɾɐ/ - /cˈavre/
[1/1] <#_k-<#_c / ˈa_b-ˈa_v / ɾ-r / ɐ_#>-e_#>

-------------------

/kˈawdu/ - /cˈalt/
[1/1] <#_k-<#_c / ˈa-ˈa / w-l / d-t / u_#>-#>

-------------------

/kˈazɐ/ - /cˈaze/
[1/1] <#_k-<#_c / ˈa-ˈa / z-z / ɐ_#>-e_#>

-------------------

/kˈaɦni/ - /cˈar/
[1/1] <#_k-<#_c / ˈa-ˈa / ɦ_n-r / i_#>-#>

-------------------

/kˈaɾu/ - /cˈaːr/
[1/1] <#_k-<#_c / ˈa-ˈaː / ɾ-r / u_#>-#>

-------------------

/kˈẽj̃/ - /kwˈi/
[1/1] <#_k-<#_k / ∅-w / ˈẽ-ˈi / j̃_#>-#>

-------------------

/kˈi/ - /ʧˈe/
[1/1] k-ʧ / ˈi-ˈe

-------------------

/kˈoh/ - /kolˈoːr/
[1/1] <#_k-<#_k / ∅-o / ∅-l / ˈo_h_#>-ˈoː_r

-------------------

/kˈohpu/ - /kwˈarp/
[1/1] <#_k-<#_k / ˈo-w / ∅-ˈa / h-r / p-p / u_#>-#>

-------------------

/kˈojzɐ/ - /cˈɔse/
[1/1] <#_k-<#_c / ˈo_j-ˈɔ / z-s / ɐ_#>-e_#>

-------------------

/kˈoɦnu/ - /kwˈar/
[1/1] <#_k-<#_k / ˈo-w / ∅-ˈa / ɦ_n-r / u_#>-#>

-------------------

/kˈoʃɐ/ - /kwˈɛse/
[1/1] <#_k-<#_k / ˈo-w_ˈɛ / ʃ-s / ɐ_#>-e_#>

-------------------

/kˈu/ - /kˈuːl/
[1/1] <#_k-<#_k / ˈu-ˈuː / ∅-l

-------------------

/kˈuhtu/ - /kˈurt/
[1/1] <#_k-<#_k / ˈu-ˈu / h-r / t-t / u_#>-#>

-------------------

/kˈũj̃u/ - /kˈuɲ/
[1/1] <#_k-<#_k / ˈũ-ˈu / j̃-ɲ / u_#>-#>

-------------------

/kˈɐ̃maɾɐ/ - /cˈamare/
[1/1] <#_k-<#_c / ˈɐ̃-ˈa / m-m / a-a / ɾ-r / ɐ_#>-e_#>

-------------------

/kˈɐ̃tu/ - /cˈant/
[1/1] <#_k-<#_c / ˈɐ̃-ˈa / t-n_t / u_#>-#>

-------------------

/kˈɐ̃w̃/ - /cˈaŋ/
[1/1] <#_k-<#_c / ˈɐ̃-ˈa / w̃_#>-ŋ_#>

-------------------

/kˈɔh/ - /kˈuːr/
[1/1] <#_k-<#_k / ˈɔ-ˈuː / h-r

-------------------

/kˈɔlu/ - /kwˈɛl/
[1/1] <#_k-<#_k / ˈɔ-w_ˈɛ / l-l / u_#>-#>

-------------------

/kˈɔlɐ/ - /kˈode/
[1/1] <#_k-<#_k / ˈɔ_l-ˈo / ∅-d / ɐ_#>-e_#>

-------------------

/kˈɔʃtɐ/ - /kwˈɛste/
[1/1] <#_k-<#_k / ˈɔ-w_ˈɛ / ʃ_t-s_t / ɐ_#>-e_#>

-------------------

/levˈah/ - /jevˈaː/
[1/1] <#_l-<#_j / e-e / v-v / ˈa_h_#>-ˈaː_#>

-------------------

/leˈɐ̃w̃/ - /ljˈoŋ/
[1/1] <#_l-<#_l / e-j / ˈɐ̃-ˈo / w̃_#>-ŋ_#>

-------------------

/lˈaɡu/ - /lˈaːt/
[1/1] <#_l-<#_l / ˈa-ˈaː / ɡ-t / u_#>-#>

-------------------

/lˈaɡɾimɐ/ - /lˈaɡrime/
[1/1] <#_l-<#_l / ˈa-ˈa / ɡ-ɡ / ɾ-r / i-i / m-m / ɐ_#>-e_#>

-------------------

/lˈej/ - /lˈeʧ/
[1/1] <#_l-<#_l / ˈe_j-ˈe / ∅-ʧ

-------------------

/lˈejtu/ - /jˈɛt/
[1/1] <#_l-<#_j / ˈe_j_t-ˈɛ_t / u_#>-#>

-------------------

/lˈejʧi/ - /lˈat/
[1/1] <#_l-<#_l / ˈe-∅ / j-ˈa / ʧ_i-t

-------------------

/lˈetɾɐ/ - /lˈetare/
[1/1] <#_l-<#_l / ˈe-ˈe / t-t / ɾ-a_r / ɐ_#>-e_#>

-------------------

/lˈeɾ/ - /lˈei/
[1/1] <#_l-<#_l / ˈe-ˈe / ɾ-∅ / #>-i_#>

-------------------

/lˈẽj̃ɐ/ - /lˈeŋ/
[1/1] <#_l-<#_l / ˈẽ-ˈe / j̃-∅ / ɐ-∅ / #>-ŋ_#>

-------------------

/lˈivɾi/ - /lˈibar/
[1/1] <#_l-<#_l / ˈi-ˈi / v-b / ɾ-a_r / i_#>-#>

-------------------

/lˈĩɡwɐ/ - /lˈeŋɡe/
[1/1] <#_l-<#_l / ∅-ˈe / ˈĩ-ŋ / ɡ_w-ɡ / ɐ_#>-e_#>

-------------------

/lˈobu/ - /lˈoːf/
[1/1] <#_l-<#_l / ˈo-ˈoː / b-f / u_#>-#>

-------------------

/lˈoɡu/ - /lˈuːk/
[1/1] <#_l-<#_l / ˈo_ɡ-ˈuː_k / u_#>-#>

-------------------

/lˈõɡu/ - /lˈuŋk/
[1/1] <#_l-<#_l / ˈõ-ˈu / ɡ-ŋ / u-k_#>

-------------------

/lˈujʃ/ - /lˈum/
[1/1] <#_l-<#_l / ˈu-ˈu / j-m / ʃ_#>-#>

-------------------

/lˈujʃ/ - /lˈuːs/
[1/1] <#_l-<#_l / ˈu-ˈuː / j-∅ / ʃ_#>-s_#>

-------------------

/lˈutɐ/ - /lˈote/
[1/1] <#_l-<#_l / ˈu-ˈo / t-t / ɐ_#>-e_#>

-------------------

/lˈuɐ/ - /lˈune/
[1/1] <#_l-<#_l / ˈu-ˈu / ∅-n / ɐ_#>-e_#>

-------------------

/lˈɐ̃/ - /lˈane/
[1/1] <#_l-<#_l / ˈɐ̃_#>-ˈa_n / ∅-e

-------------------

/lˈɛbɾi/ - /jˈɛwr/
[1/1] <#_l-<#_j / ˈɛ-ˈɛ / b-w / ɾ-r / i_#>-#>

-------------------

/madˈuɾu/ - /madˈuːr/
[1/1] <#_m-<#_m / a_d-a_d / ˈu-ˈuː / ɾ-r / u_#>-#>

-------------------

/metˈaʤi/ - /mitˈaːt/
[1/1] <#_m-<#_m / e-i / t_ˈa-t_ˈaː / ʤ_i-t

-------------------

/meʎˈɔh/ - /mjˈoːr/
[1/1] <#_m-<#_m / e-j / ʎ-∅ / ˈɔ-ˈoː / h-r

-------------------

/mohseɡˈah/ - /mwˈardi/
[1/1] <#_m-<#_m / ∅-w / o-ˈa / h-r / s-∅ / e-∅ / ɡ-∅ / ˈa-d / h_#>-i_#>

-------------------

/mohˈeh/ - /murˈiː/
[1/1] <#_m-<#_m / o-u / h-r / ˈe_h_#>-ˈiː_#>

-------------------

/moɦdˈeh/ - /mwˈardi/
[1/1] <#_m-<#_m / ∅-w / o-ˈa / ɦ-r / d-d / ˈe-∅ / h_#>-i_#>

-------------------

/mõtˈɐ̃j̃ɐ/ - /montˈaɲe/
[1/1] <#_m-<#_m / õ-o / t-n_t / ˈɐ̃_j̃-ˈa_ɲ / ɐ_#>-e_#>

-------------------

/mɐtˈah/ - /maʧˈaː/
[1/1] <#_m-<#_m / ɐ-a / t-ʧ / ˈa_h_#>-ˈaː_#>

-------------------

/mˈah/ - /mˈaːr/
[1/1] <#_m-<#_m / ˈa-ˈaː / h-r

-------------------

/mˈeju/ - /mjˈɛʧ/
[1/1] <#_m-<#_m / ˈe-j_ˈɛ / j-∅ / u_#>-ʧ_#>

-------------------

/mˈi/ - /mˈi/
[1/1] <#_m-<#_m / ˈi-ˈi

-------------------

/mˈiw/ - /mˈil/
[1/1] <#_m-<#_m / ˈi-ˈi / w-l

-------------------

/mˈiɡɐ/ - /mˈiɡe/
[1/1] <#_m-<#_m / ˈi-ˈi / ɡ-ɡ / ɐ_#>-e_#>

-------------------

/mˈoʃkɐ/ - /mˈosce/
[1/1] <#_m-<#_m / ˈo-ˈo / ʃ-s / k_ɐ-c_e

-------------------

/mˈɐ̃j̃/ - /mˈari/
[1/1] <#_m-<#_m / ˈɐ̃-ˈa / j̃-r / #>-i_#>

-------------------

/mˈɐ̃w̃/ - /mˈaŋ/
[1/1] <#_m-<#_m / ˈɐ̃-ˈa / w̃_#>-ŋ_#>

-------------------

/mˈɔhʧi/ - /mwˈart/
[1/1] <#_m-<#_m / ˈɔ-w_ˈa / h-r / ʧ_i-t

-------------------

/mˈɛw/ - /mˈiːl/
[1/1] <#_m-<#_m / ˈɛ_w-ˈiː_l

-------------------

/nadˈah/ - /nadˈaː/
[1/1] <#_n-<#_n / a_d-a_d / ˈa_h_#>-ˈaː_#>

-------------------

/nasˈeh/ - /nˈasi/
[1/1] <#_n-<#_n / a-ˈa / s-s / ˈe-∅ / h_#>-i_#>

-------------------

/naɾˈiʃ/ - /nˈaːs/
[1/1] <#_n-<#_n / a_ɾ-ˈaː / ˈi-∅ / ʃ_#>-s_#>

-------------------

/nẽj̃ˈũ/ - /nisˈuŋ/
[1/1] <#_n-<#_n / ẽ-i / j̃-s / ˈũ-ˈu / #>-ŋ_#>

-------------------

/nɐ̃w̃/ - /no/
[1/1] <#_n-<#_n / ɐ̃-∅ / w̃-o

-------------------

/nˈeɡɾu/ - /nˈeri/
[1/1] <#_n-<#_n / ˈe-ˈe / ɡ-∅ / ɾ-r / u_#>-i_#>

-------------------

/nˈojʧi/ - /ɲˈɔt/
[1/1] <#_n-<#_ɲ / ˈo_j-ˈɔ / ʧ_i-t

-------------------

/nˈovu/ - /ɲˈuːf/
[1/1] <#_n-<#_ɲ / ˈo_v_u-ˈuː_f

-------------------

/nˈõmi/ - /nˈɔŋ/
[1/1] <#_n-<#_n / ˈõ-ˈɔ / m-ŋ / i_#>-#>

-------------------

/nˈuvẽj̃/ - /nˈuːl/
[1/1] <#_n-<#_n / ˈu-ˈuː / v-∅ / ẽ-l / j̃_#>-#>

-------------------

/nˈɔjʃ/ - /noˈaltris/
[1/1] <#_n-<#_n / ˈɔ-o_ˈa / ∅-l / ∅-t / j-r_i / ʃ_#>-s_#>

-------------------

/nˈɔjʃ/ - /nˈoː/
[1/1] <#_n-<#_n / ˈɔ_j_ʃ-ˈoː_#>

-------------------

/nˈɔsu/ - /nˈestri/
[1/1] <#_n-<#_n / ˈɔ-ˈe / s-s / ∅-t / ∅-r / u_#>-i_#>

-------------------

/nˈɔvi/ - /nˈuːf/
[1/1] <#_n-<#_n / ˈɔ-ˈuː / v-f / i_#>-#>

-------------------

/nˈɛvi/ - /nˈeːf/
[1/1] <#_n-<#_n / ˈɛ-ˈeː / v-f / i_#>-#>

-------------------

/odˈoh/ - /odˈoːr/
[1/1] <#_o-<#_o / d-d / ˈo_h_#>-ˈoː_r

-------------------

/ovˈeʎɐ/ - /pjˈore/
[1/1] <#-<#_p / o-∅ / v_ˈe-j_ˈo / ʎ-r / ɐ_#>-e_#>

-------------------

/owtˈõnu/ - /awtˈun/
[1/1] o-a / w-w / t-t / ˈõ-ˈu / n-n / u_#>-#>

-------------------

/oɾˈeʎɐ/ - /orˈɛle/
[1/1] <#_o-<#_o / ɾ_ˈe-r_ˈɛ / ʎ-l / ɐ_#>-e_#>

-------------------

/palˈavɾɐ/ - /perˈawle/
[1/1] <#_p-<#_p / a-e / l-r / ˈa-ˈa / v-w / ɾ-l / ɐ_#>-e_#>

-------------------

/pekˈẽnu/ - /pˈiʧul/
[1/1] <#_p-<#_p / e-∅ / k-∅ / ˈẽ-ˈi / ∅-ʧ / n-u / u_#>-l_#>

-------------------

/piˈoʎu/ - /pedˈɔli/
[1/1] <#_p-<#_p / ∅-e / i-d / ˈo_ʎ-ˈɔ_l / u_#>-i_#>

-------------------

/podˈeh/ - /podˈeː/
[1/1] <#_p-<#_p / o-o / d-d / ˈe_h_#>-ˈeː_#>

-------------------

/pɾˈesu/ - /prˈɛzi/
[1/1] <#_p-<#_p / ɾ_ˈe-r_ˈɛ / s-z / u_#>-i_#>

-------------------

/pˈaj/ - /pˈari/
[1/1] <#_p-<#_p / ˈa-ˈa / j-r_i

-------------------

/pˈajʃ/ - /pˈaːs/
[1/1] <#_p-<#_p / ˈa-ˈaː / j-∅ / ʃ_#>-s_#>

-------------------

/pˈasu/ - /palˈaʧ/
[1/1] <#_p-<#_p / ∅-a / ∅-l / ˈa-ˈa / s-ʧ / u_#>-#>

-------------------

/pˈasɐɾu/ - /uʧjˈɛl/
[1/1] p-<# / ˈa-u / s-ʧ / ɐ-j / ɾ-ˈɛ / u_#>-l_#>

-------------------

/pˈejtu/ - /pˈɛt/
[1/1] <#_p-<#_p / ˈe_j_t-ˈɛ_t / u_#>-#>

-------------------

/pˈejʃi/ - /pˈes/
[1/1] <#_p-<#_p / ˈe-ˈe / j_ʃ-s / i_#>-#>

-------------------

/pˈelu/ - /cavˈel/
[1/1] <#-<#_c / ∅-a / p-v / ˈe-ˈe / l-l / u_#>-#>

-------------------

/pˈelu/ - /pˈeːl/
[1/1] <#_p-<#_p / ˈe-ˈeː / l-l / u_#>-#>

-------------------

/pˈenɐ/ - /pˈene/
[1/1] <#_p-<#_p / ˈe-ˈe / n-n / ɐ_#>-e_#>

-------------------

/pˈẽnɐ/ - /plˈume/
[1/1] <#_p-<#_p / ∅-l / ˈẽ-ˈu / n-m / ɐ_#>-e_#>

-------------------

/pˈẽnɐ/ - /pˈene/
[1/1] <#_p-<#_p / ˈẽ-ˈe / n-n / ɐ_#>-e_#>

-------------------

/pˈoh/ - /pˈoni/
[1/1] <#_p-<#_p / ˈo-ˈo / ∅-n / h_#>-i_#>

-------------------

/pˈosu/ - /pˈoʧ/
[1/1] <#_p-<#_p / ˈo-ˈo / s-ʧ / u_#>-#>

-------------------

/pˈowku/ - /pˈɔːk/
[1/1] <#_p-<#_p / ˈo-∅ / w-ˈɔː / k_u-k

-------------------

/pˈõtu/ - /pˈont/
[1/1] <#_p-<#_p / ˈõ-ˈo / t-n_t / u_#>-#>

-------------------

/pˈõʧi/ - /pwˈint/
[1/1] <#_p-<#_p / ∅-w / ˈõ-ˈi / ʧ-n / i_#>-t_#>

-------------------

/pˈũj̃u/ - /pˈuɲ/
[1/1] <#_p-<#_p / ˈũ-ˈu / j̃-ɲ / u_#>-#>

-------------------

/pˈɐ̃sɐ/ - /pˈanʤe/
[1/1] <#_p-<#_p / ˈɐ̃-ˈa_n / s-ʤ / ɐ_#>-e_#>

-------------------

/pˈɐ̃sɐ/ - /vˈintri/
[1/1] <#-<#_v / p-ˈi / ˈɐ̃-n / s-t / ɐ-r / #>-i_#>

-------------------

/pˈɐ̃w̃/ - /pˈaŋ/
[1/1] <#_p-<#_p / ˈɐ̃-ˈa / w̃_#>-ŋ_#>

-------------------

/pˈɔbɾi/ - /pwˈar/
[1/1] <#_p-<#_p / ˈɔ-w_ˈa / b_ɾ-r / i_#>-#>

-------------------

/pˈɛ/ - /pˈiːt/
[1/1] <#_p-<#_p / ˈɛ-ˈiː / ∅-t

-------------------

/pˈɛdɾɐ/ - /pjˈɛre/
[1/1] <#_p-<#_p / ˈɛ-j_ˈɛ / d-∅ / ɾ-r / ɐ_#>-e_#>

-------------------

/pˈɛli/ - /pjˈɛl/
[1/1] <#_p-<#_p / ˈɛ-j_ˈɛ / l-l / i_#>-#>

-------------------

/sabˈeh/ - /savˈeː/
[1/1] <#_s-<#_s / a-a / b-v / ˈe_h_#>-ˈeː_#>

-------------------

/saˈuʤi/ - /salˈuːt/
[1/1] <#_s-<#_s / a-a / ∅-l / ˈu-ˈuː / ʤ_i-t

-------------------

/sehkˈah/ - /ʧercˈaː/
[1/1] <#_s-<#_ʧ / e-e / h-r / k-c / ˈa_h_#>-ˈaː_#>

-------------------

/semˈẽʧi/ - /semˈɛnʧe/
[1/1] <#_s-<#_s / e-e / m-m / ˈẽ-ˈɛ / ʧ-n / ∅-ʧ / ∅-e / i_#>-#>

-------------------

/semˈɐ̃nɐ/ - /setemˈane/
[1/1] <#_s-<#_s / ∅-e / ∅-t / e-e / m-m / ˈɐ̃-ˈa / n-n / ɐ_#>-e_#>

-------------------

/seɡˈuɾu/ - /siɡˈuːr/
[1/1] <#_s-<#_s / e-i / ɡ-ɡ / ˈu-ˈuː / ɾ-r / u_#>-#>

-------------------

/seɾˈeʒɐ/ - /carjˈɛze/
[1/1] <#-<#_c / s-∅ / e-∅ / ɾ-a_r / ˈe-j_ˈɛ / ʒ-z / ɐ_#>-e_#>

-------------------

/sẽtˈah/ - /sentˈaː/
[1/1] <#_s-<#_s / ẽ-e_n / t-t / ˈa_h_#>-ˈaː_#>

-------------------

/sidˈaʤi/ - /ʧitˈaːt/
[1/1] <#_s-<#_ʧ / i-i / d-t / ˈa-ˈaː / ʤ_i-t

-------------------

/sĩkwˈẽtɐ/ - /ʧiŋkwˈante/
[1/1] <#_s-<#_ʧ / ĩ-i / ∅-ŋ / k-k / w-w / ˈẽ-ˈa / t-n_t / ɐ_#>-e_#>

-------------------

/sofɾˈeh/ - /sufrˈiː/
[1/1] <#_s-<#_s / o-u / f-f / ɾ-r / ˈe_h_#>-ˈiː_#>

-------------------

/sˈabiʃ/ - /sˈaːs/
[1/1] <#_s-<#_s / ˈa-ˈaː / b-∅ / i-∅ / ʃ_#>-s_#>

-------------------

/sˈabju/ - /sˈavi/
[1/1] <#_s-<#_s / ˈa_b-ˈa_v / j-∅ / u_#>-i_#>

-------------------

/sˈaw/ - /sˈaːl/
[1/1] <#_s-<#_s / ˈa_w-ˈaː_l

-------------------

/sˈawsɐ/ - /sˈalse/
[1/1] <#_s-<#_s / ˈa-ˈa / w-l / s-s / ɐ_#>-e_#>

-------------------

/sˈedɐ/ - /sˈede/
[1/1] <#_s-<#_s / ˈe-ˈe / d-d / ɐ_#>-e_#>

-------------------

/sˈejʃ/ - /sˈiːs/
[1/1] <#_s-<#_s / ˈe-∅ / j-ˈiː / ʃ_#>-s_#>

-------------------

/sˈeku/ - /sˈek/
[1/1] <#_s-<#_s / ˈe-ˈe / k_u-k

-------------------

/sˈekɐ/ - /sˈece/
[1/1] <#_s-<#_s / ˈe-ˈe / k_ɐ-c_e

-------------------

/sˈeɾɐ/ - /ʧˈere/
[1/1] <#_s-<#_ʧ / ˈe-ˈe / ɾ-r / ɐ_#>-e_#>

-------------------

/sˈẽtu/ - /ʧˈɛnt/
[1/1] <#_s-<#_ʧ / ˈẽ-ˈɛ / t-n_t / u_#>-#>

-------------------

/sˈĩku/ - /ʧˈiŋk/
[1/1] <#_s-<#_ʧ / ˈĩ-ˈi / k_u-ŋ_k

-------------------

/sˈĩmɐ/ - /ʧˈime/
[1/1] <#_s-<#_ʧ / ˈĩ-ˈi / m-m / ɐ_#>-e_#>

-------------------

/sˈĩzɐ/ - /ʧinˈize/
[1/1] <#_s-<#_ʧ / ∅-i / ∅-n / ˈĩ-ˈi / z-z / ɐ_#>-e_#>

-------------------

/sˈobɾi/ - /sˈore/
[1/1] <#_s-<#_s / ˈo-ˈo / b_ɾ-r / ∅-e / i_#>-#>

-------------------

/sˈɐ̃/ - /sˈane/
[1/1] <#_s-<#_s / ˈɐ̃_#>-ˈa_n / ∅-e

-------------------

/sˈɐ̃tu/ - /sˈant/
[1/1] <#_s-<#_s / ˈɐ̃-ˈa / t-n_t / u_#>-#>

-------------------

/sˈɐ̃w̃/ - /sˈaŋ/
[1/1] <#_s-<#_s / ˈɐ̃-ˈa / w̃_#>-ŋ_#>

-------------------

/sˈɐ̃ɡi/ - /sˈaŋk/
[1/1] <#_s-<#_s / ˈɐ̃-ˈa / ∅-ŋ / ɡ-k / i_#>-#>

-------------------

/sˈɔw/ - /sorˈeli/
[1/1] <#_s-<#_s / ∅-o / ∅-r / ˈɔ-ˈe / w-l / #>-i_#>

-------------------

/sˈɛw/ - /ʧˈiːl/
[1/1] <#_s-<#_ʧ / ˈɛ_w-ˈiː_l

-------------------

/sˈɛʧi/ - /sjˈɛt/
[1/1] <#_s-<#_s / ˈɛ-j_ˈɛ / ʧ_i-t

-------------------

/tosˈih/ - /tˈosi/
[1/1] <#_t-<#_t / o-ˈo / s-s / ˈi-∅ / h_#>-i_#>

-------------------

/tɾˈejʃ/ - /trˈeː/
[1/1] <#_t-<#_t / ɾ-r / ˈe-∅ / j-ˈeː / ʃ_#>-#>

-------------------

/tˈẽpu/ - /tˈimp/
[1/1] <#_t-<#_t / ˈẽ-ˈi / ∅-m / p-p / u_#>-#>

-------------------

/tˈodu/ - /dˈut/
[1/1] <#-<#_d / t-∅ / ˈo_d-ˈu_t / u_#>-#>

-------------------

/tˈoduʃ/ - /dˈuts/
[1/1] <#-<#_d / t-∅ / ˈo_d-ˈu_t / u-∅ / ʃ_#>-s_#>

-------------------

/tˈowɾu/ - /tˈawr/
[1/1] <#_t-<#_t / ˈo-ˈa / w-w / ɾ-r / u_#>-#>

-------------------

/tˈu/ - /tˈu/
[1/1] <#_t-<#_t / ˈu-ˈu

-------------------

/tˈɛhɐ/ - /tjˈɛre/
[1/1] <#_t-<#_t / ˈɛ-j_ˈɛ / h-r / ɐ_#>-e_#>

-------------------

/tˈɛʃtɐ/ - /tˈɛste/
[1/1] <#_t-<#_t / ˈɛ-ˈɛ / ʃ_t-s_t / ɐ_#>-e_#>

-------------------

/ũbˈiɡu/ - /umbriʧˈoŋ/
[1/1] ∅-u / <#-m / ũ-b / b-r / ˈi-i / ɡ-ʧ / u-ˈo / #>-ŋ_#>

-------------------

/veɦɡˈõj̃ɐ/ - /verɡˈoɲe/
[1/1] <#_v-<#_v / e-e / ɦ-r / ɡ-ɡ / ˈõ-ˈo / j̃-ɲ / ɐ_#>-e_#>

-------------------

/vilˈɐ̃w̃/ - /vilˈan/
[1/1] <#_v-<#_v / i-i / l-l / ˈɐ̃-ˈa_n / w̃-∅

-------------------

/vizˈĩj̃u/ - /viʧˈiŋ/
[1/1] <#_v-<#_v / i-i / z-ʧ / ˈĩ-ˈi / j̃-ŋ / u_#>-#>

-------------------

/voˈah/ - /zvolˈaː/
[1/1] <#-<#_z / v-v / o-o / ∅-l / ˈa_h_#>-ˈaː_#>

-------------------

/vˈakɐ/ - /vˈace/
[1/1] <#_v-<#_v / ˈa-ˈa / k_ɐ-c_e

-------------------

/vˈeh/ - /vjˈodi/
[1/1] <#-<#_v / v_ˈe-j_ˈo / ∅-d / h_#>-i_#>

-------------------

/vˈeɦʤi/ - /vˈert/
[1/1] <#_v-<#_v / ˈe-ˈe / ɦ-r / ʤ_i-t

-------------------

/vˈeʎu/ - /vjˈɛli/
[1/1] <#_v-<#_v / ˈe-j_ˈɛ / ʎ-l / u_#>-i_#>

-------------------

/vˈẽj̃u/ - /vˈɛŋ/
[1/1] <#_v-<#_v / ˈẽ_j̃-ˈɛ_ŋ / u_#>-#>

-------------------

/vˈẽtu/ - /vˈint/
[1/1] <#_v-<#_v / ˈẽ-ˈi_n / t-t / u_#>-#>

-------------------

/vˈẽtɾi/ - /pˈanʤe/
[1/1] <#-<#_p / v-ˈa / ˈẽ-n / t-ʤ / ɾ-e / i_#>-#>

-------------------

/vˈẽtɾi/ - /vˈintri/
[1/1] <#_v-<#_v / ˈẽ-ˈi_n / t-t / ɾ-r / ∅-i / i_#>-#>

-------------------

/vˈidɐ/ - /vˈite/
[1/1] <#_v-<#_v / ˈi-ˈi / d-t / ɐ_#>-e_#>

-------------------

/vˈih/ - /viɲˈiː/
[1/1] <#_v-<#_v / ∅-i / ˈi-ɲ / h_#>-ˈiː_#>

-------------------

/vˈilɐ/ - /vˈile/
[1/1] <#_v-<#_v / ˈi-ˈi / l-l / ɐ_#>-e_#>

-------------------

/vˈiɐ/ - /vˈie/
[1/1] <#_v-<#_v / ˈi-ˈi / ɐ_#>-e_#>

-------------------

/vˈĩj̃u/ - /vˈiŋ/
[1/1] <#_v-<#_v / ˈĩ-ˈi / j̃-ŋ / u_#>-#>

-------------------

/vˈĩʧi/ - /vˈinc/
[1/1] <#_v-<#_v / ˈĩ-ˈi / ʧ-n / ∅-c / i_#>-#>

-------------------

/vˈou/ - /zvˈɔl/
[1/1] <#-<#_z / v-v / ˈo-ˈɔ / u_#>-l_#>

-------------------

/vˈɔjʃ/ - /voˈaltris/
[1/1] <#_v-<#_v / ˈɔ-o_ˈa / ∅-l / ∅-t / j-r_i / ʃ_#>-s_#>

-------------------

/vˈɔjʃ/ - /vˈoː/
[1/1] <#_v-<#_v / ˈɔ_j_ʃ-ˈoː_#>

-------------------

/vˈɔjʃ/ - /vˈoːs/
[1/1] <#_v-<#_v / ˈɔ-∅ / j-ˈoː_s / ʃ_#>-#>

-------------------

/vˈɛɦmi/ - /vjˈɛr/
[1/1] <#_v-<#_v / ˈɛ-j_ˈɛ / ɦ_m-r / i_#>-#>

-------------------

/ɡɾˈaʃɐ/ - /ɡrˈas/
[1/1] <#_ɡ-<#_ɡ / ɾ-r / ˈa-ˈa / ʃ-s_#> / ɐ-∅

-------------------

/ɡɾˈosu/ - /ɡrwˈɛs/
[1/1] <#_ɡ-<#_ɡ / ɾ-r / ˈo-w_ˈɛ / s-s / u_#>-#>

-------------------

/ɡɾˈɐ̃w̃/ - /ɡrˈaŋ/
[1/1] <#_ɡ-<#_ɡ / ɾ_ˈɐ̃-r_ˈa / w̃_#>-ŋ_#>

-------------------

/ɡɾˈɐ̃ʤi/ - /ɡrˈant/
[1/1] <#_ɡ-<#_ɡ / ɾ-r / ˈɐ̃-ˈa_n / ʤ_i-t

-------------------

/ɡˈatu/ - /ɟˈat/
[1/1] ɡ-ɟ / ˈa_t-ˈa_t / u_#>-#>

-------------------

/ɡˈotɐ/ - /ɡˈote/
[1/1] <#_ɡ-<#_ɡ / ˈo-ˈo / t-t / ɐ_#>-e_#>

-------------------

/ɡˈɔlɐ/ - /ɡˈole/
[1/1] <#_ɡ-<#_ɡ / ˈɔ-ˈo / l-l / ɐ_#>-e_#>

-------------------

/ʃamˈah/ - /klamˈaː/
[1/1] <#-<#_k / ʃ-l / a-a / m-m / ˈa_h_#>-ˈaː_#>

-------------------

/ʃˈavi/ - /klˈaːf/
[1/1] <#-<#_k / ʃ-l / ˈa-ˈaː / v-f / i_#>-#>

-------------------

/ʃˈaɡɐ/ - /plˈaje/
[1/1] <#_ʃ-p_l / ˈa-ˈa / ɡ-j / ɐ_#>-e_#>

-------------------

/ʃˈeju/ - /plˈeŋ/
[1/1] <#_ʃ-p_l / ˈe_j-ˈe / u_#>-ŋ_#>

-------------------

/ʃˈoh/ - /flˈoːr/
[1/1] <#-<#_f / ʃ-l / ˈo_h_#>-ˈoː_r

-------------------

/ʃˈuvɐ/ - /plˈoje/
[1/1] <#_ʃ-p_l / ˈu-ˈo / v-j / ɐ_#>-e_#>

-------------------

/ʃˈɐ̃mɐ/ - /flˈame/
[1/1] <#-<#_f / ʃ-l / ˈɐ̃-ˈa / m-m / ɐ_#>-e_#>

-------------------

/ʒeˈah/ - /ɡlaʧˈaː/
[1/1] <#-<#_ɡ / ∅-l / ʒ-a / e-ʧ / ˈa_h_#>-ˈaː_#>

-------------------

/ʒẽʒˈivɐ/ - /ʤenʤˈie/
[1/1] <#_ʒ-<#_ʤ / ẽ-e_n / ʒ_ˈi-ʤ_ˈi / v-∅ / ɐ_#>-e_#>

-------------------

/ʒuˈeʎu/ - /ʤenˈɔli/
[1/1] <#_ʒ-<#_ʤ / ∅-e / u-n / ˈe-ˈɔ / ʎ-l / u_#>-i_#>

-------------------

/ʒuˈiʃ/ - /jˈudiʧ/
[1/1] ʒ-j / ∅-ˈu / ∅-d / u-i / ˈi-ʧ / ʃ_#>-#>

-------------------

/ʒˈẽhu/ - /ʤˈinar/
[1/1] <#_ʒ-<#_ʤ / ˈẽ-ˈi_n / ∅-a / h-r / u_#>-#>

-------------------

/ʒˈẽʧi/ - /ˈint/
[1/1] ʒ-<# / ˈẽ_ʧ-ˈi_n / i_#>-t_#>

-------------------

/ʒˈoɡu/ - /ʤˈuːk/
[1/1] <#_ʒ-<#_ʤ / ˈo_ɡ-ˈuː_k / u_#>-#>

-------------------

/ʒˈũj̃u/ - /jˈuɲ/
[1/1] ʒ-j / ˈũ-ˈu / j̃-ɲ / u_#>-#>

-------------------

/ʒˈũtu/ - /ʤˈonte/
[1/1] <#_ʒ-<#_ʤ / ˈũ-ˈo / t-n_t / ∅-e / u_#>-#>

-------------------

/ʒˈɔvẽj̃/ - /ʤˈoviŋ/
[1/1] <#_ʒ-<#_ʤ / ˈɔ-ˈo / v-v / ẽ-∅ / j̃-i / #>-ŋ_#>

-------------------

/ʤizˈeh/ - /dˈiː/
[1/1] <#-<#_d / ʤ-∅ / i-∅ / z-∅ / ˈe_h_#>-ˈiː_#>

-------------------

/ʤˈiɐ/ - /dˈi/
[1/1] <#-<#_d / ʤ-∅ / ˈi-ˈi / ɐ-∅

-------------------

/ʤˈiɡu/ - /dˈiːs/
[1/1] <#-<#_d / ʤ-∅ / ˈi-ˈiː / ɡ-s / u_#>-#>

-------------------

/ˈawvɐ/ - /ˈalbe/
[1/1] <#_ˈa-<#_ˈa / w-l / v-b / ɐ_#>-e_#>

-------------------

/ˈaɡwɐ/ - /ˈaɡe/
[1/1] <#_ˈa-<#_ˈa / ɡ_w-ɡ / ɐ_#>-e_#>

-------------------

/ˈaɦvoɾi/ - /ˈarbul/
[1/1] <#_ˈa-<#_ˈa / ɦ-r / v-b / o-u / ɾ-l / i_#>-#>

-------------------

/ˈaʎu/ - /ˈaj/
[1/1] <#_ˈa-<#_ˈa / ʎ-j / u_#>-#>

-------------------

/ˈeli/ - /lˈui/
[1/1] ˈe-<# / l-l / i-ˈu / #>-i_#>

-------------------

/ˈew/ - /jˈo/
[1/1] ˈe-j / w-ˈo

-------------------

/ˈiʎɐ/ - /ˈizule/
[1/1] ˈi-ˈi / ∅-z / ∅-u / ʎ-l / ɐ_#>-e_#>

-------------------

/ˈĩswɐ/ - /ˈizule/
[1/1] ˈĩ-ˈi / s-z / ∅-u / w-l / ɐ_#>-e_#>

-------------------

/ˈojtu/ - /vˈɔt/
[1/1] <#-<#_v / ˈo_j-ˈɔ / t-t / u_#>-#>

-------------------

/ˈosu/ - /vwˈɛs/
[1/1] <#-<#_v / ˈo-w_ˈɛ / s-s / u_#>-#>

-------------------

/ˈovu/ - /ˈuːf/
[1/1] ˈo_v_u-ˈuː_f

-------------------

/ˈowtɾu/ - /ˈaltri/
[1/1] <#_ˈo-<#_ˈa / w-l / t-t / ɾ-r / u_#>-i_#>

-------------------

/ˈowɾu/ - /ˈawr/
[1/1] <#_ˈo-<#_ˈa / w-w / ɾ-r / u_#>-#>

-------------------

/ˈoʎu/ - /vˈɔli/
[1/1] <#-<#_v / ˈo_ʎ-ˈɔ_l / u_#>-i_#>

-------------------

/ˈoʎuʃ/ - /vˈɔi/
[1/1] <#-<#_v / ˈo_ʎ-ˈɔ / u-i / ʃ_#>-#>

-------------------

/ˈõmẽj̃/ - /ˈom/
[1/1] ˈõ-ˈo / m-m / ẽ-∅ / j̃_#>-#>

-------------------

/ˈusu/ - /ˈors/
[1/1] ˈu-ˈo / ∅-r / s-s / u_#>-#>

-------------------

/ˈũ/ - /ˈuŋ/
[1/1] ˈũ-ˈu / #>-ŋ_#>

-------------------

/ˈũj̃ɐ/ - /ˈoŋɡule/
[1/1] ˈũ-ˈo / j̃-ŋ / ∅-ɡ / ∅-u / ∅-l / ɐ_#>-e_#>

-------------------

/ˈɐ̃nu/ - /ˈaŋ/
[1/1] ˈɐ̃-ˈa / n-ŋ / u_#>-#>

-------------------

/ˈɐ̃ʒu/ - /ˈaɲul/
[1/1] ˈɐ̃-ˈa / ∅-ɲ / ʒ-u / u_#>-l_#>

-------------------

/ˈɔbɾɐ/ - /vˈore/
[1/1] <#-<#_v / ˈɔ-ˈo / b_ɾ-r / ɐ_#>-e_#>

-------------------

/ˈɛlu/ - /anˈɛl/
[1/1] <#-a / ˈɛ-n / l-ˈɛ_l / u_#>-#>

-------------------

/ˈɛlɐ/ - /jˈeː/
[1/1] <#_ˈɛ-<#_j / l-∅ / ɐ-ˈeː

-------------------

/ˈɛɦvɐ/ - /jˈɛrbe/
[1/1] ˈɛ-j_ˈɛ / ɦ-r / v-b / ɐ_#>-e_#>

-------------------

