/anˈeɖːu/ - /anˈeʎ/
<#_a-<#_a / n-n / ˈe-ˈe / ɖː-ʎ / u_#>-#>
{0: [0], 1: [1], 2: [2], 3: [3], 4: [4]}
{0: [0], 1: [1], 2: [2], 3: [3], 4: None}
SCORE: 18.817

-------------------

/araʒˈɔni/ - /raˈo/
<#_a_r-<#_r / a-a / ʒ-∅ / ˈɔ-ˈo / n_i_#>-#>
{0: [0, 1], 1: [2], 2: [3], 3: [4], 4: [5, 6]}
{0: [0], 1: [1], 2: None, 3: [2], 4: None}
SCORE: 3.577

-------------------

/areˈina/ - /rˈejnɜ/
<#_a_r-<#_r / e-∅ / ˈi-ˈe_j / n-n / a-ɜ
{0: [0, 1], 1: [2], 2: [3], 3: [4], 4: [5]}
{0: [0], 1: None, 2: [1, 2], 3: [3], 4: [4]}
SCORE: 11.156

-------------------

/arɔmˈanu/ - /romˈa/
<#_a_r-<#_r / ɔ-o / m-m / ˈa_n_u_#>-ˈa_#>
{0: [0, 1], 1: [2], 2: [3], 3: [4, 5, 6]}
{0: [0], 1: [1], 2: [2], 3: [3]}
SCORE: 18.241

-------------------

/arˈiu/ - /rˈiw/
<#_a_r-<#_r / ˈi-ˈi / u-w
{0: [0, 1], 1: [2], 2: [3]}
{0: [0], 1: [1], 2: [2]}
SCORE: 13.81

-------------------

/arˈɔða/ - /rˈɒðɞ/
<#_a_r-<#_r / ˈɔ-ˈɒ / ð-ð / a-ɞ
{0: [0, 1], 1: [2], 2: [3], 3: [4]}
{0: [0], 1: [1], 2: [2], 3: [3]}
SCORE: 23.297

-------------------

/askuɾtˈai/ - /eskoltˈar/
a-e / s-s / k-k / u-o / ɾ-l / t-t / ˈa_i-ˈa_r
{0: [0], 1: [1], 2: [2], 3: [3], 4: [4], 5: [5], 6: [6, 7]}
{0: [0], 1: [1], 2: [2], 3: [3], 4: [4], 5: [5], 6: [6, 7]}
SCORE: 30.745

-------------------

/aɾanʤˈolu/ - /aɾˈaɲɐ/
<#_a-<#_a / ɾ_a-ɾ / n-ˈa / ʤ-ɲ / ∅-ɐ / ˈo-∅ / l_u_#>-#>
{0: [0], 1: [1, 2], 2: [3], 3: [4], 4: None, 5: [5], 6: [6, 7]}
{0: [0], 1: [1], 2: [2], 3: [3], 4: [4], 5: None, 6: None}
SCORE: -3.193

-------------------

/aɾʤˈiɖːa/ - /arʤˈilɐ/
<#_a-<#_a / ɾ-r / ʤ-ʤ / ˈi-ˈi / ɖː-l / a-ɐ
{0: [0], 1: [1], 2: [2], 3: [3], 4: [4], 5: [5]}
{0: [0], 1: [1], 2: [2], 3: [3], 4: [4], 5: [5]}
SCORE: 30.505

-------------------

/aʤuðˈai/ - /aʤuðˈar/
<#_a-<#_a / ʤ-ʤ / u-u / ð-ð / ˈa_i-ˈa_r
{0: [0], 1: [1], 2: [2], 3: [3], 4: [4, 5]}
{0: [0], 1: [1], 2: [2], 3: [3], 4: [4, 5]}
SCORE: 34.975

-------------------

/biɖːˈaju/ - /vilˈa/
b-v / i-i / ɖː-l / ˈa-ˈa / j-∅ / u_#>-#>
{0: [0], 1: [1], 2: [2], 3: [3], 4: [4], 5: [5]}
{0: [0], 1: [1], 2: [2], 3: [3], 4: None, 5: None}
SCORE: 9.649

-------------------

/biʒˈinu/ - /veˈi/
b-v / i-e / ʒ-∅ / ˈi-ˈi / n_u_#>-#>
{0: [0], 1: [1], 2: [2], 3: [3], 4: [4, 5]}
{0: [0], 1: [1], 2: None, 3: [2], 4: None}
SCORE: 5.381

-------------------

/bozˈatɛɾuzŭ/ - /vozˈaltɾes/
b-v / o-o / z-z / ˈa-ˈa / t_ɛ-l_t / ɾ_u-ɾ_e / z_ŭ_#>-s_#>
{0: [0], 1: [1], 2: [2], 3: [3], 4: [4, 5], 5: [6, 7], 6: [8, 9]}
{0: [0], 1: [1], 2: [2], 3: [3], 4: [4, 5], 5: [6, 7], 6: [8]}
SCORE: 32.424

-------------------

/bɔlˈai/ - /volˈar/
b-v / ɔ-o / l-l / ˈa_i-ˈa_r
{0: [0], 1: [1], 2: [2], 3: [3, 4]}
{0: [0], 1: [1], 2: [2], 3: [3, 4]}
SCORE: 27.054

-------------------

/bɾeɣˈunʤa/ - /verɡˈoɲɞ/
b-v / ɾ-e_r / ∅-ɡ / e-∅ / ɣ-∅ / ˈu-ˈo / n_ʤ-ɲ / a-ɞ
{0: [0], 1: [1], 2: None, 3: [2], 4: [3], 5: [4], 6: [5, 6], 7: [7]}
{0: [0], 1: [1, 2], 2: [3], 3: None, 4: None, 5: [4], 6: [5], 7: [6]}
SCORE: 8.081

-------------------

/bɾɛβˈɛi/ - /ovˈæʎɜ/
<#-<#_o / b-v / ɾ-∅ / ɛ-∅ / β-∅ / ˈɛ-ˈæ / ∅-ʎ / i-ɜ
{0: None, 1: [0], 2: [1], 3: [2], 4: [3], 5: [4], 6: None, 7: [5]}
{0: [0], 1: [1], 2: None, 3: None, 4: None, 5: [2], 6: [3], 7: [4]}
SCORE: -7.329

-------------------

/bɾˈɛmi/ - /vˈærm/
b-v / ɾ-∅ / ˈɛ-ˈæ / ∅-r / m-m / i_#>-#>
{0: [0], 1: [1], 2: [2], 3: None, 4: [3], 5: [4]}
{0: [0], 1: None, 2: [1], 3: [2], 4: [3], 5: None}
SCORE: 6.175

-------------------

/bˈabu/ - /pˈaɾe/
∅-p / b_ˈa-ˈa / b_u-ɾ_e
{0: None, 1: [0, 1], 2: [2, 3]}
{0: [0], 1: [1], 2: [2, 3]}
SCORE: 3.316

-------------------

/bˈaka/ - /vˈakɐ/
b-v / ˈa-ˈa / k-k / a-ɐ
{0: [0], 1: [1], 2: [2], 3: [3]}
{0: [0], 1: [1], 2: [2], 3: [3]}
SCORE: 23.319

-------------------

/bˈanʤu/ - /bˈaɲ/
b-b / ˈa-ˈa / n_ʤ-ɲ / u_#>-#>
{0: [0], 1: [1], 2: [2, 3], 3: [4]}
{0: [0], 1: [1], 2: [2], 3: None}
SCORE: 14.909

-------------------

/bˈaʃu/ - /bˈaʃ/
b-b / ˈa-ˈa / ʃ-ʃ / u_#>-#>
{0: [0], 1: [1], 2: [2], 3: [3]}
{0: [0], 1: [1], 2: [2], 3: None}
SCORE: 19.771

-------------------

/bˈeɭːu/ - /bˈeʎ/
b-b / ˈe-ˈe / ɭː-ʎ / u_#>-#>
{0: [0], 1: [1], 2: [2], 3: [3]}
{0: [0], 1: [1], 2: [2], 3: None}
SCORE: 15.129

-------------------

/bˈia/ - /vˈiɐ/
b-v / ˈi-ˈi / a-ɐ
{0: [0], 1: [1], 2: [2]}
{0: [0], 1: [1], 2: [2]}
SCORE: 18.627

-------------------

/bˈinti/ - /vˈin/
b-v / ˈi-ˈi / n-n / t_i_#>-#>
{0: [0], 1: [1], 2: [2], 3: [3, 4]}
{0: [0], 1: [1], 2: [2], 3: None}
SCORE: 12.533

-------------------

/bˈinu/ - /vˈi/
b-v / ˈi-ˈi / n_u_#>-#>
{0: [0], 1: [1], 2: [2, 3]}
{0: [0], 1: [1], 2: None}
SCORE: 8.169

-------------------

/bˈiða/ - /vˈiðɐ/
b-v / ˈi-ˈi / ð-ð / a-ɐ
{0: [0], 1: [1], 2: [2], 3: [3]}
{0: [0], 1: [1], 2: [2], 3: [3]}
SCORE: 25.014

-------------------

/bˈiɖːa/ - /vˈilɐ/
b-v / ˈi-ˈi / ɖː-l / a-ɐ
{0: [0], 1: [1], 2: [2], 3: [3]}
{0: [0], 1: [1], 2: [2], 3: [3]}
SCORE: 18.842

-------------------

/bˈiɖːiɣu/ - /ʎombɾˈiɡol/
<#-<#_ʎ / ∅-o / ∅-m / b-b / ˈi-ɾ / ɖː-∅ / i-ˈi / ∅-ɡ / ɣ-∅ / u-o / #>-l_#>
{0: None, 1: None, 2: None, 3: [0], 4: [1], 5: [2], 6: [3], 7: None, 8: [4], 9: [5], 10: None}
{0: [0], 1: [1], 2: [2], 3: [3], 4: [4], 5: None, 6: [5], 7: [6], 8: None, 9: [7], 10: [8]}
SCORE: -14.401

-------------------

/bˈiɣu/ - /veðˈeʎ/
b-v / ∅-e / ∅-ð / ˈi-ˈe / ɣ_u-ʎ
{0: [0], 1: None, 2: None, 3: [1], 4: [2, 3]}
{0: [0], 1: [1], 2: [2], 3: [3], 4: [4]}
SCORE: 1.76

-------------------

/bˈiɾdi/ - /vˈært/
b-v / ˈi-ˈæ / ɾ-r / d-∅ / i-∅ / #>-t_#>
{0: [0], 1: [1], 2: [2], 3: [3], 4: [4], 5: None}
{0: [0], 1: [1], 2: [2], 3: None, 4: None, 5: [3]}
SCORE: 3.543

-------------------

/bˈiɾi/ - /bˈæwɾɜ/
b-b / ˈi-ˈæ / ɾ-w_ɾ / i-ɜ
{0: [0], 1: [1], 2: [2], 3: [3]}
{0: [0], 1: [1], 2: [2, 3], 3: [4]}
SCORE: 14.194

-------------------

/bˈiɾi/ - /vˈæwɾɜ/
b-v / ˈi-ˈæ / ɾ-w_ɾ / i-ɜ
{0: [0], 1: [1], 2: [2], 3: [3]}
{0: [0], 1: [1], 2: [2, 3], 3: [4]}
SCORE: 13.479

-------------------

/bˈolu/ - /vˈɒl/
b-v / ˈo-ˈɒ / l_u_#>-l_#>
{0: [0], 1: [1], 2: [2, 3]}
{0: [0], 1: [1], 2: [2]}
SCORE: 17.621

-------------------

/bˈonu/ - /bˈɒ/
b-b / ˈo-ˈɒ / n_u_#>-#>
{0: [0], 1: [1], 2: [2, 3]}
{0: [0], 1: [1], 2: None}
SCORE: 9.308

-------------------

/bˈuka/ - /bˈokɞ/
b-b / ˈu-ˈo / k-k / a-ɞ
{0: [0], 1: [1], 2: [2], 3: [3]}
{0: [0], 1: [1], 2: [2], 3: [3]}
SCORE: 23.883

-------------------

/bˈɔi/ - /bˈɒw/
b-b / ˈɔ-ˈɒ / i-w
{0: [0], 1: [1], 2: [2]}
{0: [0], 1: [1], 2: [2]}
SCORE: 17.605

-------------------

/bˈɔna/ - /bˈɒnɞ/
b-b / ˈɔ-ˈɒ / n-n / a-ɞ
{0: [0], 1: [1], 2: [2], 3: [3]}
{0: [0], 1: [1], 2: [2], 3: [3]}
SCORE: 23.552

-------------------

/bˈɔnază/ - /bˈɒnes/
b-b / ˈɔ-ˈɒ / n-n / a-e / z-s / ă-∅
{0: [0], 1: [1], 2: [2], 3: [3], 4: [4], 5: [5]}
{0: [0], 1: [1], 2: [2], 3: [3], 4: [4], 5: None}
SCORE: 20.161

-------------------

/bˈɔnɔzɔ̆/ - /bˈɒns/
b-b / ˈɔ-ˈɒ / n-n / ɔ_z-s / ɔ̆-∅
{0: [0], 1: [1], 2: [2], 3: [3, 4], 4: [5]}
{0: [0], 1: [1], 2: [2], 3: [3], 4: None}
SCORE: 14.388

-------------------

/bˈɔʒi/ - /vˈæw/
b-v / ∅-ˈæ / ˈɔ-∅ / ʒ_i-w
{0: [0], 1: None, 2: [1], 3: [2, 3]}
{0: [0], 1: [1], 2: None, 3: [2]}
SCORE: 1.436

-------------------

/bˈɛni/ - /bˈe/
b-b / ˈɛ-ˈe / n_i_#>-#>
{0: [0], 1: [1], 2: [2, 3]}
{0: [0], 1: [1], 2: None}
SCORE: 7.979

-------------------

/bˈɛntu/ - /vˈent/
b-v / ˈɛ-ˈe / n-n / t-t / u_#>-#>
{0: [0], 1: [1], 2: [2], 3: [3], 4: [4]}
{0: [0], 1: [1], 2: [2], 3: [3], 4: None}
SCORE: 20.185

-------------------

/bˈɛnːi/ - /vˈindɾe/
b-v / ˈɛ-ˈi / nː-n_d / ∅-ɾ / i-e
{0: [0], 1: [1], 2: [2], 3: None, 4: [3]}
{0: [0], 1: [1], 2: [2, 3], 3: [4], 4: [5]}
SCORE: 8.66

-------------------

/bˈɛɭːa/ - /bˈeʎɜ/
b-b / ˈɛ-ˈe / ɭː-ʎ / a-ɜ
{0: [0], 1: [1], 2: [2], 3: [3]}
{0: [0], 1: [1], 2: [2], 3: [3]}
SCORE: 23.868

-------------------

/bˈɛʧu/ - /vˈeʎ/
b-v / ˈɛ-ˈe / ʧ-∅ / u-ʎ
{0: [0], 1: [1], 2: [2], 3: [3]}
{0: [0], 1: [1], 2: None, 3: [2]}
SCORE: 9.5

-------------------

/dɾomˈiɾi/ - /dormˈir/
d-d / ɾ-∅ / o-o / ∅-r / m-m / ˈi-ˈi / ɾ-r / i_#>-#>
{0: [0], 1: [1], 2: [2], 3: None, 4: [3], 5: [4], 6: [5], 7: [6]}
{0: [0], 1: None, 2: [1], 3: [2], 4: [3], 5: [4], 6: [5], 7: None}
SCORE: 18.27

-------------------

/dɾˈuʧi/ - /dˈols/
d-d / ɾ-∅ / ˈu-ˈo / ∅-l / ʧ-s / i_#>-#>
{0: [0], 1: [1], 2: [2], 3: None, 4: [3], 5: [4]}
{0: [0], 1: None, 2: [1], 3: [2], 4: [3], 5: None}
SCORE: 7.347

-------------------

/dˈi/ - /dˈiɐ/
d-d / ˈi-ˈi / ∅-ɐ
{0: [0], 1: [1], 2: None}
{0: [0], 1: [1], 2: [2]}
SCORE: 11.705

-------------------

/dˈiðu/ - /dˈit/
d-d / ˈi-ˈi / ð_u-t
{0: [0], 1: [1], 2: [2, 3]}
{0: [0], 1: [1], 2: [2]}
SCORE: 17.36

-------------------

/dˈonu/ - /dˈo/
d-d / ˈo-ˈo / n_u_#>-#>
{0: [0], 1: [1], 2: [2, 3]}
{0: [0], 1: [1], 2: None}
SCORE: 9.285

-------------------

/dˈuază/ - /dˈues/
d-d / ˈu-ˈu / a-e / z-s / ă-∅
{0: [0], 1: [1], 2: [2], 3: [3], 4: [4]}
{0: [0], 1: [1], 2: [2], 3: [3], 4: None}
SCORE: 17.558

-------------------

/dˈuuzŭ/ - /dˈos/
d-d / ˈu-ˈo / u-∅ / z_ŭ_#>-s_#>
{0: [0], 1: [1], 2: [2], 3: [3, 4]}
{0: [0], 1: [1], 2: None, 3: [2]}
SCORE: 13.075

-------------------

/dˈɔnːa/ - /dˈɒnɞ/
d-d / ˈɔ-ˈɒ / nː-n / a-ɞ
{0: [0], 1: [1], 2: [2], 3: [3]}
{0: [0], 1: [1], 2: [2], 3: [3]}
SCORE: 25.262

-------------------

/dˈɛnti/ - /dˈent/
d-d / ˈɛ-ˈe / n-n / t-t / i_#>-#>
{0: [0], 1: [1], 2: [2], 3: [3], 4: [4]}
{0: [0], 1: [1], 2: [2], 3: [3], 4: None}
SCORE: 22.246

-------------------

/dˈɛuzŭ/ - /dˈew/
d-d / ˈɛ-ˈe / u-w / z_ŭ_#>-#>
{0: [0], 1: [1], 2: [2], 3: [3, 4]}
{0: [0], 1: [1], 2: [2], 3: None}
SCORE: 10.054

-------------------

/dˈɛʒi/ - /dˈæw/
d-d / ˈɛ-ˈæ / ʒ_i-w
{0: [0], 1: [1], 2: [2, 3]}
{0: [0], 1: [1], 2: [2]}
SCORE: 17.698

-------------------

/foɾmˈozu/ - /foɾmˈos/
f-f / o-o / ɾ-ɾ / m-m / ˈo-ˈo / z-s / u_#>-#>
{0: [0], 1: [1], 2: [2], 3: [3], 4: [4], 5: [5], 6: [6]}
{0: [0], 1: [1], 2: [2], 3: [3], 4: [4], 5: [5], 6: None}
SCORE: 31.092

-------------------

/fɔɾmˈɔza/ - /foɾmˈozɐ/
f-f / ɔ-o / ɾ-ɾ / m-m / ˈɔ-ˈo / z-z / a-ɐ
{0: [0], 1: [1], 2: [2], 3: [3], 4: [4], 5: [5], 6: [6]}
{0: [0], 1: [1], 2: [2], 3: [3], 4: [4], 5: [5], 6: [6]}
SCORE: 37.84

-------------------

/fɾˈai/ - /ʤermˈa/
<#-<#_ʤ / f-∅ / ɾ-e / ˈa-r / ∅-m / i-ˈa
{0: None, 1: [0], 2: [1], 3: [2], 4: None, 5: [3]}
{0: [0], 1: None, 2: [1], 3: [2], 4: [3], 5: [4]}
SCORE: -2.598

-------------------

/fɾˈama/ - /flˈamɐ/
f-f / ɾ-l / ˈa-ˈa / m-m / a-ɐ
{0: [0], 1: [1], 2: [2], 3: [3], 4: [4]}
{0: [0], 1: [1], 2: [2], 3: [3], 4: [4]}
SCORE: 27.36

-------------------

/fɾˈasu/ - /fˈals/
f-f / ɾ-ˈa / ˈa-l / s-s / u_#>-#>
{0: [0], 1: [1], 2: [2], 3: [3], 4: [4]}
{0: [0], 1: [1], 2: [2], 3: [3], 4: None}
SCORE: 10.771

-------------------

/fɾˈiðu/ - /fɾˈæt/
f-f / ɾ_ˈi-ɾ_ˈæ / ð_u-t
{0: [0], 1: [1, 2], 2: [3, 4]}
{0: [0], 1: [1, 2], 2: [3]}
SCORE: 20.652

-------------------

/fɾˈutu/ - /fɾˈujt/
f-f / ɾ-ɾ / ˈu-ˈu_j / t-t / u_#>-#>
{0: [0], 1: [1], 2: [2], 3: [3], 4: [4]}
{0: [0], 1: [1], 2: [2, 3], 3: [4], 4: None}
SCORE: 18.432

-------------------

/fɾˈɔti/ - /fˈɒrt/
f-f / ɾ-ˈɒ / ˈɔ-r / t-t / i_#>-#>
{0: [0], 1: [1], 2: [2], 3: [3], 4: [4]}
{0: [0], 1: [1], 2: [2], 3: [3], 4: None}
SCORE: 13.231

-------------------

/fɾˈɔɾi/ - /flˈɒr/
f-f / ɾ-l / ˈɔ-ˈɒ / ɾ-r / i_#>-#>
{0: [0], 1: [1], 2: [2], 3: [3], 4: [4]}
{0: [0], 1: [1], 2: [2], 3: [3], 4: None}
SCORE: 17.78

-------------------

/fˈai/ - /fˈer/
f-f / ˈa-ˈe / i-r
{0: [0], 1: [1], 2: [2]}
{0: [0], 1: [1], 2: [2]}
SCORE: 14.037

-------------------

/fˈamini/ - /fˈam/
f-f / ˈa-ˈa / m_i_n_i_#>-m_#>
{0: [0], 1: [1], 2: [2, 3, 4, 5]}
{0: [0], 1: [1], 2: [2]}
SCORE: 10.34

-------------------

/fˈaða/ - /fˈaðɐ/
f-f / ˈa-ˈa / ð-ð / a-ɐ
{0: [0], 1: [1], 2: [2], 3: [3]}
{0: [0], 1: [1], 2: [2], 3: [3]}
SCORE: 26.064

-------------------

/fˈemina/ - /fˈæmbrɜ/
f-f / ˈe-ˈæ / m-m / ∅-b / i-r / n_a-ɜ
{0: [0], 1: [1], 2: [2], 3: None, 4: [3], 5: [4, 5]}
{0: [0], 1: [1], 2: [2], 3: [3], 4: [4], 5: [5]}
SCORE: 17.471

-------------------

/fˈeru/ - /fˈæro/
f-f / ˈe-ˈæ / r-r / u-o
{0: [0], 1: [1], 2: [2], 3: [3]}
{0: [0], 1: [1], 2: [2], 3: [3]}
SCORE: 20.828

-------------------

/fˈilu/ - /fˈil/
f-f / ˈi-ˈi / l_u_#>-l_#>
{0: [0], 1: [1], 2: [2, 3]}
{0: [0], 1: [1], 2: [2]}
SCORE: 18.474

-------------------

/fˈini/ - /fˈi/
f-f / ˈi_n_i_#>-ˈi_#>
{0: [0], 1: [1, 2, 3]}
{0: [0], 1: [1]}
SCORE: 11.353

-------------------

/fˈiɣau/ - /fˈeʤɜ/
f-f / ˈi-ˈe / ɣ-ʤ / a-ɜ / u_#>-#>
{0: [0], 1: [1], 2: [2], 3: [3], 4: [4]}
{0: [0], 1: [1], 2: [2], 3: [3], 4: None}
SCORE: 16.041

-------------------

/fˈiɭːa/ - /fˈiʎɐ/
f-f / ˈi-ˈi / ɭː-ʎ / a-ɐ
{0: [0], 1: [1], 2: [2], 3: [3]}
{0: [0], 1: [1], 2: [2], 3: [3]}
SCORE: 24.965

-------------------

/fˈiɭːu/ - /fˈiʎ/
f-f / ˈi-ˈi / ɭː-ʎ / u_#>-#>
{0: [0], 1: [1], 2: [2], 3: [3]}
{0: [0], 1: [1], 2: [2], 3: None}
SCORE: 17.381

-------------------

/fˈoɣu/ - /fˈɒk/
f-f / ˈo_ɣ-ˈɒ_k / u_#>-#>
{0: [0], 1: [1, 2], 2: [3]}
{0: [0], 1: [1, 2], 2: None}
SCORE: 16.942

-------------------

/fˈumu/ - /fˈum/
f-f / ˈu-ˈu / m_u-m
{0: [0], 1: [1], 2: [2, 3]}
{0: [0], 1: [1], 2: [2]}
SCORE: 18.549

-------------------

/fˈɔɭːa/ - /fˈuʎɐ/
f-f / ˈɔ-ˈu / ɭː-ʎ / a-ɐ
{0: [0], 1: [1], 2: [2], 3: [3]}
{0: [0], 1: [1], 2: [2], 3: [3]}
SCORE: 22.529

-------------------

/fˈɔɾʦa/ - /fˈɒrsɞ/
f-f / ˈɔ-ˈɒ / ɾ-r / ∅-s / ʦ-∅ / a-ɞ
{0: [0], 1: [1], 2: [2], 3: None, 4: [3], 5: [4]}
{0: [0], 1: [1], 2: [2], 3: [3], 4: None, 5: [4]}
SCORE: 12.906

-------------------

/fˈɛsta/ - /fˈestɜ/
f-f / ˈɛ-ˈe / s-s / t-t / a-ɜ
{0: [0], 1: [1], 2: [2], 3: [3], 4: [4]}
{0: [0], 1: [1], 2: [2], 3: [3], 4: [4]}
SCORE: 28.843

-------------------

/ispˈaɲa/ - /espˈaɲɐ/
<#_i-<#_e / s-s / p-p / ˈa-ˈa / ɲ-ɲ / a-ɐ
{0: [0], 1: [1], 2: [2], 3: [3], 4: [4], 5: [5]}
{0: [0], 1: [1], 2: [2], 3: [3], 4: [4], 5: [5]}
SCORE: 31.634

-------------------

/istˈaði/ - /estˈiw/
<#_i-<#_e / s-s / t-t / ˈa-∅ / ð-∅ / i-ˈi / #>-w_#>
{0: [0], 1: [1], 2: [2], 3: [3], 4: [4], 5: [5], 6: None}
{0: [0], 1: [1], 2: [2], 3: None, 4: None, 5: [3], 6: [4]}
SCORE: 5.007

-------------------

/iˈeru/ - /ivˈærn/
i-i / ∅-v / ˈe-ˈæ / r-r / u_#>-n_#>
{0: [0], 1: None, 2: [1], 3: [2], 4: [3]}
{0: [0], 1: [1], 2: [2], 3: [3], 4: [4]}
SCORE: 10.267

-------------------

/kambjˈai/ - /kamvjˈar/
k-k / a-a / m-m / b-v / ∅-j / j-∅ / ˈa_i-ˈa_r
{0: [0], 1: [1], 2: [2], 3: [3], 4: None, 5: [4], 6: [5, 6]}
{0: [0], 1: [1], 2: [2], 3: [3], 4: [4], 5: None, 6: [5, 6]}
SCORE: 20.927

-------------------

/kantˈai/ - /kantˈar/
k-k / a-a / n-n / t-t / ˈa_i-ˈa_r
{0: [0], 1: [1], 2: [2], 3: [3], 4: [4, 5]}
{0: [0], 1: [1], 2: [2], 3: [3], 4: [4, 5]}
SCORE: 29.92

-------------------

/kastˈɛɖːu/ - /kastˈeʎ/
k-k / a_s-a_s / t-t / ˈɛ-ˈe / ɖː-ʎ / u_#>-#>
{0: [0], 1: [1, 2], 2: [3], 3: [4], 4: [5], 5: [6]}
{0: [0], 1: [1, 2], 2: [3], 3: [4], 4: [5], 5: None}
SCORE: 29.539

-------------------

/kasˈai/ - /kasˈar/
k-k / a_s-a_s / ˈa_i-ˈa_r
{0: [0], 1: [1, 2], 2: [3, 4]}
{0: [0], 1: [1, 2], 2: [3, 4]}
SCORE: 27.612

-------------------

/kaðˈɛna/ - /kaðˈænɜ/
k-k / a-a / ð-ð / ˈɛ-ˈæ / n-n / a-ɜ
{0: [0], 1: [1], 2: [2], 3: [3], 4: [4], 5: [5]}
{0: [0], 1: [1], 2: [2], 3: [3], 4: [4], 5: [5]}
SCORE: 32.535

-------------------

/kinˈiʒa/ - /sˈændɾɜ/
k-s / i-ˈæ / n-n / ∅-d / ˈi-ɾ / ʒ-∅ / a-ɜ
{0: [0], 1: [1], 2: [2], 3: None, 4: [3], 5: [4], 6: [5]}
{0: [0], 1: [1], 2: [2], 3: [3], 4: [4], 5: None, 6: [5]}
SCORE: 3.393

-------------------

/kuˈaɖːu/ - /kavˈaʎ/
k-k / ∅-a / ∅-v / u-∅ / ˈa-ˈa / ɖː-ʎ / u_#>-#>
{0: [0], 1: None, 2: None, 3: [1], 4: [2], 5: [3], 6: [4]}
{0: [0], 1: [1], 2: [2], 3: None, 4: [3], 5: [4], 6: None}
SCORE: -1.267

-------------------

/kwˈatuɾŭ/ - /kwˈatɾe/
k-k / w_ˈa-w_ˈa / t-t / u-∅ / ɾ-ɾ / ŭ-e
{0: [0], 1: [1, 2], 2: [3], 3: [4], 4: [5], 5: [6]}
{0: [0], 1: [1, 2], 2: [3], 3: None, 4: [4], 5: [5]}
SCORE: 26.103

-------------------

/kɔlˈɔɾi/ - /kolˈor/
k-k / ɔ-o / l-l / ˈɔ-ˈo / ɾ-r / i_#>-#>
{0: [0], 1: [1], 2: [2], 3: [3], 4: [4], 5: [5]}
{0: [0], 1: [1], 2: [2], 3: [3], 4: [4], 5: None}
SCORE: 23.725

-------------------

/kɔnːˈɔʃi/ - /konˈæʃer/
k-k / ɔ-o / nː-n / ∅-ˈæ / ˈɔ-∅ / ʃ-ʃ / i-e_r
{0: [0], 1: [1], 2: [2], 3: None, 4: [3], 5: [4], 6: [5]}
{0: [0], 1: [1], 2: [2], 3: [3], 4: None, 5: [4], 6: [5, 6]}
SCORE: 20.141

-------------------

/kɾamˈai/ - /klamˈar/
k-k / ɾ-l / a-a / m-m / ˈa_i-ˈa_r
{0: [0], 1: [1], 2: [2], 3: [3], 4: [4, 5]}
{0: [0], 1: [1], 2: [2], 3: [3], 4: [4, 5]}
SCORE: 28.282

-------------------

/kɾˈai/ - /klˈaw/
k-k / ɾ-l / ˈa-ˈa / i-w
{0: [0], 1: [1], 2: [2], 3: [3]}
{0: [0], 1: [1], 2: [2], 3: [3]}
SCORE: 18.72

-------------------

/kɾˈaβa/ - /kˈaβɾɐ/
k_ɾ-k / ˈa-ˈa / β-β_ɾ / a-ɐ
{0: [0, 1], 1: [2], 2: [3], 3: [4]}
{0: [0], 1: [1], 2: [2, 3], 3: [4]}
SCORE: 16.708

-------------------

/kɾˈopu/ - /kˈɒp/
k-k / ɾ_ˈo-ˈɒ / p-p / u_#>-#>
{0: [0], 1: [1, 2], 2: [3], 3: [4]}
{0: [0], 1: [1], 2: [2], 3: None}
SCORE: 14.079

-------------------

/kɾˈuʦu/ - /kˈuɾt/
k_ɾ-k / ˈu-ˈu / ʦ-∅ / u-ɾ / #>-t_#>
{0: [0, 1], 1: [2], 2: [3], 3: [4], 4: None}
{0: [0], 1: [1], 2: None, 3: [2], 4: [3]}
SCORE: 2.709

-------------------

/kɾˈɛi/ - /kɾˈæwɾɜ/
k-k / ɾ-ɾ / ˈɛ-ˈæ / i-w_ɾ / ∅-ɜ
{0: [0], 1: [1], 2: [2], 3: [3], 4: None}
{0: [0], 1: [1], 2: [2], 3: [3, 4], 4: [5]}
SCORE: 12.2

-------------------

/kˈamaɾa/ - /kˈambɾɐ/
k-k / ˈa-ˈa / m-m / ∅-b / a-∅ / ɾ-ɾ / a-ɐ
{0: [0], 1: [1], 2: [2], 3: None, 4: [3], 5: [4], 6: [5]}
{0: [0], 1: [1], 2: [2], 3: [3], 4: None, 5: [4], 6: [5]}
SCORE: 17.98

-------------------

/kˈani/ - /kˈa/
k-k / ˈa-ˈa / n_i_#>-#>
{0: [0], 1: [1], 2: [2, 3]}
{0: [0], 1: [1], 2: None}
SCORE: 7.404

-------------------

/kˈantu/ - /kˈant/
k-k / ˈa-ˈa / n-n / t-t / u_#>-#>
{0: [0], 1: [1], 2: [2], 3: [3], 4: [4]}
{0: [0], 1: [1], 2: [2], 3: [3], 4: None}
SCORE: 20.325

-------------------

/kˈari/ - /kˈarn/
k-k / ˈa-ˈa / r-r / i-∅ / #>-n_#>
{0: [0], 1: [1], 2: [2], 3: [3], 4: None}
{0: [0], 1: [1], 2: [2], 3: None, 4: [3]}
SCORE: 11.576

-------------------

/kˈaɾu/ - /kˈar/
k-k / ˈa-ˈa / ɾ-r / u_#>-#>
{0: [0], 1: [1], 2: [2], 3: [3]}
{0: [0], 1: [1], 2: [2], 3: None}
SCORE: 14.161

-------------------

/kˈini/ - /kˈi/
k-k / ˈi_n_i_#>-ˈi_#>
{0: [0], 1: [1, 2, 3]}
{0: [0], 1: [1]}
SCORE: 10.264

-------------------

/kˈoru/ - /kˈɒrn/
k-k / ˈo-ˈɒ / r-r / u_#>-n_#>
{0: [0], 1: [1], 2: [2], 3: [3]}
{0: [0], 1: [1], 2: [2], 3: [3]}
SCORE: 17.978

-------------------

/kˈoɖːu/ - /kˈɒʎ/
k-k / ˈo-ˈɒ / ɖː-ʎ / u_#>-#>
{0: [0], 1: [1], 2: [2], 3: [3]}
{0: [0], 1: [1], 2: [2], 3: None}
SCORE: 14.383

-------------------

/kˈoɾpuzŭ/ - /kˈɒs/
k-k / ˈo-ˈɒ / ɾ-∅ / p-∅ / u-∅ / z_ŭ_#>-s_#>
{0: [0], 1: [1], 2: [2], 3: [3], 4: [4], 5: [5, 6]}
{0: [0], 1: [1], 2: None, 3: None, 4: None, 5: [2]}
SCORE: 1.631

-------------------

/kˈulu/ - /kˈul/
k-k / ˈu-ˈu / l_u_#>-l_#>
{0: [0], 1: [1], 2: [2, 3]}
{0: [0], 1: [1], 2: [2]}
SCORE: 18.017

-------------------

/kˈɔa/ - /kˈuɐ/
k-k / ˈɔ-ˈu / a-ɐ
{0: [0], 1: [1], 2: [2]}
{0: [0], 1: [1], 2: [2]}
SCORE: 16.378

-------------------

/kˈɔsta/ - /kˈɒstɞ/
k-k / ˈɔ-ˈɒ / s-s / t-t / a-ɞ
{0: [0], 1: [1], 2: [2], 3: [3], 4: [4]}
{0: [0], 1: [1], 2: [2], 3: [3], 4: [4]}
SCORE: 28.134

-------------------

/kˈɔŋka/ - /kˈap/
k-k / ˈɔ-ˈa / ŋ-∅ / k-∅ / a-∅ / #>-p_#>
{0: [0], 1: [1], 2: [2], 3: [3], 4: [4], 5: None}
{0: [0], 1: [1], 2: None, 3: None, 4: None, 5: [2]}
SCORE: -6.634

-------------------

/kˈɔɾu/ - /kˈɒr/
k-k / ˈɔ-ˈɒ / ɾ-r / u_#>-#>
{0: [0], 1: [1], 2: [2], 3: [3]}
{0: [0], 1: [1], 2: [2], 3: None}
SCORE: 14.605

-------------------

/kˈɔʃa/ - /kˈuʃɐ/
k-k / ˈɔ-ˈu / ʃ-ʃ / a-ɐ
{0: [0], 1: [1], 2: [2], 3: [3]}
{0: [0], 1: [1], 2: [2], 3: [3]}
SCORE: 24.618

-------------------

/liˈoni/ - /ʎeˈo/
<#_l-<#_ʎ / i-e / ˈo-ˈo / n_i_#>-#>
{0: [0], 1: [1], 2: [2], 3: [3, 4]}
{0: [0], 1: [1], 2: [2], 3: None}
SCORE: 9.12

-------------------

/lˈana/ - /ʎˈanɐ/
<#_l-<#_ʎ / ˈa-ˈa / n-n / a-ɐ
{0: [0], 1: [1], 2: [2], 3: [3]}
{0: [0], 1: [1], 2: [2], 3: [3]}
SCORE: 23.174

-------------------

/lˈati/ - /ʎˈet/
<#_l-<#_ʎ / ˈa-ˈe / t-t / i_#>-#>
{0: [0], 1: [1], 2: [2], 3: [3]}
{0: [0], 1: [1], 2: [2], 3: None}
SCORE: 13.339

-------------------

/lˈaɡɾima/ - /ʎˈaɣɾimɐ/
<#_l-<#_ʎ / ˈa-ˈa / ∅-ɣ / ɡ-∅ / ɾ-ɾ / i-i / m-m / a-ɐ
{0: [0], 1: [1], 2: None, 3: [2], 4: [3], 5: [4], 6: [5], 7: [6]}
{0: [0], 1: [1], 2: [2], 3: None, 4: [3], 5: [4], 6: [5], 7: [6]}
SCORE: 21.819

-------------------

/lˈaɣu/ - /ʎˈak/
<#_l-<#_ʎ / ˈa-ˈa / ɣ-k / u_#>-#>
{0: [0], 1: [1], 2: [2], 3: [3]}
{0: [0], 1: [1], 2: [2], 3: None}
SCORE: 13.635

-------------------

/lˈepoɾi/ - /ʎˈeβɾɜ/
<#_l-<#_ʎ / ˈe-ˈe / ∅-β / p-∅ / o-∅ / ɾ-ɾ / i-ɜ
{0: [0], 1: [1], 2: None, 3: [2], 4: [3], 5: [4], 6: [5]}
{0: [0], 1: [1], 2: [2], 3: None, 4: None, 5: [3], 6: [4]}
SCORE: 2.484

-------------------

/lˈetu/ - /ʎˈit/
<#_l-<#_ʎ / ˈe-ˈi / t-t / u_#>-#>
{0: [0], 1: [1], 2: [2], 3: [3]}
{0: [0], 1: [1], 2: [2], 3: None}
SCORE: 14.257

-------------------

/lˈinːa/ - /ʎˈeɲɜ/
<#_l-<#_ʎ / ˈi-ˈe / nː-ɲ / a-ɜ
{0: [0], 1: [1], 2: [2], 3: [3]}
{0: [0], 1: [1], 2: [2], 3: [3]}
SCORE: 18.625

-------------------

/lˈitɛɾa/ - /ʎˈetɾɜ/
<#_l-<#_ʎ / ˈi-ˈe / t_ɛ-t / ɾ_a-ɾ_ɜ
{0: [0], 1: [1], 2: [2, 3], 3: [4, 5]}
{0: [0], 1: [1], 2: [2], 3: [3, 4]}
SCORE: 22.371

-------------------

/lˈiŋɡwa/ - /ʎˈæŋɡwɜ/
<#_l-<#_ʎ / ˈi-ˈæ / ŋ-ŋ / ɡ-ɡ / w-w / a-ɜ
{0: [0], 1: [1], 2: [2], 3: [3], 4: [4], 5: [5]}
{0: [0], 1: [1], 2: [2], 3: [3], 4: [4], 5: [5]}
SCORE: 38.506

-------------------

/lˈiɛɾu/ - /ʎˈiwɾe/
<#_l-<#_ʎ / ˈi-ˈi / ∅-w / ɛ-ɾ / ɾ_u-e
{0: [0], 1: [1], 2: None, 3: [2], 4: [3, 4]}
{0: [0], 1: [1], 2: [2], 3: [3], 4: [4]}
SCORE: 11.063

-------------------

/lˈoŋɡu/ - /ʎˈoŋk/
<#_l-<#_ʎ / ˈo-ˈo / ŋ-ŋ / ɡ-∅ / u-k
{0: [0], 1: [1], 2: [2], 3: [3], 4: [4]}
{0: [0], 1: [1], 2: [2], 3: None, 4: [3]}
SCORE: 13.533

-------------------

/lˈoɣu/ - /ʎˈɒk/
<#_l-<#_ʎ / ˈo_ɣ-ˈɒ_k / u_#>-#>
{0: [0], 1: [1, 2], 2: [3]}
{0: [0], 1: [1, 2], 2: None}
SCORE: 16.075

-------------------

/lˈuna/ - /ʎˈunɐ/
<#_l-<#_ʎ / ˈu-ˈu / n-n / a-ɐ
{0: [0], 1: [1], 2: [2], 3: [3]}
{0: [0], 1: [1], 2: [2], 3: [3]}
SCORE: 24.033

-------------------

/lˈupu/ - /ʎˈop/
<#_l-<#_ʎ / ˈu-ˈo / p-p / u_#>-#>
{0: [0], 1: [1], 2: [2], 3: [3]}
{0: [0], 1: [1], 2: [2], 3: None}
SCORE: 17.082

-------------------

/lˈuta/ - /ʎˈujtɐ/
<#_l-<#_ʎ / ˈu-ˈu_j / t-t / a-ɐ
{0: [0], 1: [1], 2: [2], 3: [3]}
{0: [0], 1: [1, 2], 2: [3], 3: [4]}
SCORE: 21.353

-------------------

/lˈuɣɛ/ - /ʎˈum/
<#_l-<#_ʎ / ˈu-ˈu / ɣ-∅ / ɛ-∅ / #>-m_#>
{0: [0], 1: [1], 2: [2], 3: [3], 4: None}
{0: [0], 1: [1], 2: None, 3: None, 4: [2]}
SCORE: 2.382

-------------------

/lˈɛʤi/ - /ʎˈej/
<#_l-<#_ʎ / ˈɛ-ˈe / ∅-j / ʤ-∅ / i_#>-#>
{0: [0], 1: [1], 2: None, 3: [2], 4: [3]}
{0: [0], 1: [1], 2: [2], 3: None, 4: None}
SCORE: 1.274

-------------------

/mandiɣˈai/ - /meɲʤˈar/
m-m / a-e / n-ɲ / d-∅ / i_ɣ-ʤ / ˈa_i-ˈa_r
{0: [0], 1: [1], 2: [2], 3: [3], 4: [4, 5], 5: [6, 7]}
{0: [0], 1: [1], 2: [2], 3: None, 4: [3], 5: [4, 5]}
SCORE: 17.885

-------------------

/maðˈuɾu/ - /maðˈur/
m-m / a-a / ð-ð / ˈu-ˈu / ɾ-r / u_#>-#>
{0: [0], 1: [1], 2: [2], 3: [3], 4: [4], 5: [5]}
{0: [0], 1: [1], 2: [2], 3: [3], 4: [4], 5: None}
SCORE: 25.874

-------------------

/meziðˈaði/ - /mitˈat/
m-m / e-∅ / z-∅ / i-i / ð-t / ˈa-ˈa / ð_i-t
{0: [0], 1: [1], 2: [2], 3: [3], 4: [4], 5: [5], 6: [6, 7]}
{0: [0], 1: None, 2: None, 3: [1], 4: [2], 5: [3], 6: [4]}
SCORE: 10.754

-------------------

/mosiˈai/ - /moseɣˈar/
m-m / o-o / s_i-s_e / ∅-ɣ / ˈa_i-ˈa_r
{0: [0], 1: [1], 2: [2, 3], 3: None, 4: [4, 5]}
{0: [0], 1: [1], 2: [2, 3], 3: [4], 4: [5, 6]}
SCORE: 25.879

-------------------

/muntˈanʤa/ - /muntˈaɲɐ/
m_u-m_u / n-n / t-t / ˈa-ˈa / n_ʤ-ɲ / a-ɐ
{0: [0, 1], 1: [2], 2: [3], 3: [4], 4: [5, 6], 5: [7]}
{0: [0, 1], 1: [2], 2: [3], 3: [4], 4: [5], 5: [6]}
SCORE: 37.17

-------------------

/muɭːˈɛɾi/ - /muʎˈer/
m_u-m_u / ɭː-ʎ / ˈɛ-ˈe / ɾ-r / i_#>-#>
{0: [0, 1], 1: [2], 2: [3], 3: [4], 4: [5]}
{0: [0, 1], 1: [2], 2: [3], 3: [4], 4: None}
SCORE: 25.153

-------------------

/mˈanu/ - /mˈa/
m-m / ˈa_n_u_#>-ˈa_#>
{0: [0], 1: [1, 2, 3]}
{0: [0], 1: [1]}
SCORE: 9.04

-------------------

/mˈanːu/ - /ɡɾˈan/
<#-<#_ɡ / m-ɾ / ˈa-ˈa / nː-n / u_#>-#>
{0: None, 1: [0], 2: [1], 3: [2], 4: [3]}
{0: [0], 1: [1], 2: [2], 3: [3], 4: None}
SCORE: 7.793

-------------------

/mˈaɾi/ - /mˈar/
m-m / ˈa-ˈa / ɾ-r / i_#>-#>
{0: [0], 1: [1], 2: [2], 3: [3]}
{0: [0], 1: [1], 2: [2], 3: None}
SCORE: 14.839

-------------------

/mˈei/ - /me/
m-m / ˈe-∅ / i-e
{0: [0], 1: [1], 2: [2]}
{0: [0], 1: None, 2: [1]}
SCORE: 8.056

-------------------

/mˈeiɣu/ - /mˈeʤɜ/
m-m / ˈe-ˈe / i_ɣ-ʤ / ∅-ɜ / u_#>-#>
{0: [0], 1: [1], 2: [2, 3], 3: None, 4: [4]}
{0: [0], 1: [1], 2: [2], 3: [3], 4: None}
SCORE: 5.957

-------------------

/mˈezu/ - /mˈiʧ/
m-m / ˈe-ˈi / ∅-ʧ / z_u_#>-#>
{0: [0], 1: [1], 2: None, 3: [2, 3]}
{0: [0], 1: [1], 2: [2], 3: None}
SCORE: 1.882

-------------------

/mˈiɭːi/ - /mˈil/
m-m / ˈi_ɭː-ˈi / i-l
{0: [0], 1: [1, 2], 2: [3]}
{0: [0], 1: [1], 2: [2]}
SCORE: 9.918

-------------------

/mˈuska/ - /mˈoskɞ/
m-m / ˈu-ˈo / s-s / k-k / a-ɞ
{0: [0], 1: [1], 2: [2], 3: [3], 4: [4]}
{0: [0], 1: [1], 2: [2], 3: [3], 4: [4]}
SCORE: 28.55

-------------------

/mˈɔɾti/ - /mˈɒrt/
m-m / ˈɔ-ˈɒ / ɾ-r / t-t / i_#>-#>
{0: [0], 1: [1], 2: [2], 3: [3], 4: [4]}
{0: [0], 1: [1], 2: [2], 3: [3], 4: None}
SCORE: 20.239

-------------------

/mˈɛli/ - /mˈæl/
m-m / ˈɛ-ˈæ / l-l / i_#>-#>
{0: [0], 1: [1], 2: [2], 3: [3]}
{0: [0], 1: [1], 2: [2], 3: None}
SCORE: 15.845

-------------------

/naðˈai/ - /neðˈar/
<#_n-<#_n / a-e / ð-ð / ˈa_i-ˈa_r
{0: [0], 1: [1], 2: [2], 3: [3, 4]}
{0: [0], 1: [1], 2: [2], 3: [3, 4]}
SCORE: 25.142

-------------------

/naɾˈai/ - /dˈir/
<#_n-<# / ∅-d / a-∅ / ɾ-ˈi / ˈa_i-r
{0: [0], 1: None, 2: [1], 3: [2], 4: [3, 4]}
{0: None, 1: [0], 2: None, 3: [1], 4: [2]}
SCORE: -8.855

-------------------

/niʃˈunu/ - /niŋɡˈu/
<#_n-<#_n / i-i / ∅-ŋ / ∅-ɡ / ʃ-∅ / ˈu-ˈu / n_u_#>-#>
{0: [0], 1: [1], 2: None, 3: None, 4: [2], 5: [3], 6: [4, 5]}
{0: [0], 1: [1], 2: [2], 3: [3], 4: None, 5: [4], 6: None}
SCORE: -1.754

-------------------

/niˈeɖːu/ - /nˈæɣɾɜ/
<#_n-<#_n / i-∅ / ˈe-ˈæ / ∅-ɣ / ɖː-∅ / u-ɾ / ∅-ɜ
{0: [0], 1: [1], 2: [2], 3: None, 4: [3], 5: [4], 6: None}
{0: [0], 1: None, 2: [1], 3: [2], 4: None, 5: [3], 6: [4]}
SCORE: -5.792

-------------------

/nozˈatɛɾuzŭ/ - /nozˈaltɾes/
<#_n-<#_n / o-o / z-z / ˈa-ˈa / t_ɛ-l_t / ɾ_u-ɾ_e / z_ŭ_#>-s_#>
{0: [0], 1: [1], 2: [2], 3: [3], 4: [4, 5], 5: [6, 7], 6: [8, 9]}
{0: [0], 1: [1], 2: [2], 3: [3], 4: [4, 5], 5: [6, 7], 6: [8]}
SCORE: 33.252

-------------------

/nɔn/ - /nˈo/
<#_n-<#_n / ɔ-∅ / n-ˈo
{0: [0], 1: [1], 2: [2]}
{0: [0], 1: None, 2: [1]}
SCORE: 4.23

-------------------

/nˈazu/ - /nˈas/
<#_n-<#_n / ˈa-ˈa / z-s / u_#>-#>
{0: [0], 1: [1], 2: [2], 3: [3]}
{0: [0], 1: [1], 2: [2], 3: None}
SCORE: 15.56

-------------------

/nˈaʃiɾi/ - /nˈeʃer/
<#_n-<#_n / ˈa-ˈe / ʃ-ʃ / i_ɾ-e_r / i_#>-#>
{0: [0], 1: [1], 2: [2], 3: [3, 4], 4: [5]}
{0: [0], 1: [1], 2: [2], 3: [3, 4], 4: None}
SCORE: 26.5

-------------------

/nˈii/ - /nˈew/
<#_n-<#_n / ˈi-ˈe / i-w
{0: [0], 1: [1], 2: [2]}
{0: [0], 1: [1], 2: [2]}
SCORE: 15.597

-------------------

/nˈomini/ - /nˈɒm/
<#_n-<#_n / ˈo-ˈɒ / m_i_n_i_#>-m_#>
{0: [0], 1: [1], 2: [2, 3, 4, 5]}
{0: [0], 1: [1], 2: [2]}
SCORE: 10.541

-------------------

/nˈostu/ - /nˈɒstɾɞ/
<#_n-<#_n / ˈo-ˈɒ / s-s / t-t / u-ɾ / ∅-ɞ
{0: [0], 1: [1], 2: [2], 3: [3], 4: [4], 5: None}
{0: [0], 1: [1], 2: [2], 3: [3], 4: [4], 5: [5]}
SCORE: 20.092

-------------------

/nˈou/ - /nˈɒw/
<#_n-<#_n / ˈo-ˈɒ / u-w
{0: [0], 1: [1], 2: [2]}
{0: [0], 1: [1], 2: [2]}
SCORE: 16.624

-------------------

/nˈui/ - /nˈuvol/
<#_n-<#_n / ˈu-ˈu / ∅-v / ∅-o / i-l
{0: [0], 1: [1], 2: None, 3: None, 4: [2]}
{0: [0], 1: [1], 2: [2], 3: [3], 4: [4]}
SCORE: 5.372

-------------------

/nˈuʒi/ - /nˈɒw/
<#_n-<#_n / ˈu-ˈɒ / ʒ_i-w
{0: [0], 1: [1], 2: [2, 3]}
{0: [0], 1: [1], 2: [2]}
SCORE: 12.838

-------------------

/nˈɔi/ - /nˈɒw/
<#_n-<#_n / ˈɔ-ˈɒ / i-w
{0: [0], 1: [1], 2: [2]}
{0: [0], 1: [1], 2: [2]}
SCORE: 17.718

-------------------

/nˈɔti/ - /nˈit/
<#_n-<#_n / ˈɔ-∅ / t-ˈi_t / i_#>-#>
{0: [0], 1: [1], 2: [2], 3: [3]}
{0: [0], 1: None, 2: [1, 2], 3: None}
SCORE: 4.373

-------------------

/oɾˈiɣa/ - /oɾˈæʎɜ/
o-o / ɾ_ˈi-ɾ_ˈæ / ɣ-ʎ / a-ɜ
{0: [0], 1: [1, 2], 2: [3], 3: [4]}
{0: [0], 1: [1, 2], 2: [3], 3: [4]}
SCORE: 26.162

-------------------

/oʧˈiɾi/ - /oksˈir/
o-o / ∅-k / ʧ_ˈi-s_ˈi / ɾ-r / i_#>-#>
{0: [0], 1: None, 2: [1, 2], 3: [3], 4: [4]}
{0: [0], 1: [1], 2: [2, 3], 3: [4], 4: None}
SCORE: 15.72

-------------------

/palˈatu/ - /palˈaw/
p-p / a-a / l-l / ˈa-ˈa / t-∅ / u-w
{0: [0], 1: [1], 2: [2], 3: [3], 4: [4], 5: [5]}
{0: [0], 1: [1], 2: [2], 3: [3], 4: None, 5: [4]}
SCORE: 19.24

-------------------

/paɾˈaula/ - /paɾˈawlɐ/
p-p / a-a / ɾ-ɾ / ˈa-ˈa / u-w / l-l / a-ɐ
{0: [0], 1: [1], 2: [2], 3: [3], 4: [4], 5: [5], 6: [6]}
{0: [0], 1: [1], 2: [2], 3: [3], 4: [4], 5: [5], 6: [6]}
SCORE: 32.019

-------------------

/pjˈuma/ - /plˈomɞ/
p-p_l / j-∅ / ˈu-ˈo / m-m / a-ɞ
{0: [0], 1: [1], 2: [2], 3: [3], 4: [4]}
{0: [0, 1], 1: None, 2: [2], 3: [3], 4: [4]}
SCORE: 15.531

-------------------

/plˈanʤiɾi/ - /plˈaɲer/
p-p / l-l / ˈa-ˈa / n_ʤ-ɲ / i_ɾ-e_r / i_#>-#>
{0: [0], 1: [1], 2: [2], 3: [3, 4], 4: [5, 6], 5: [7]}
{0: [0], 1: [1], 2: [2], 3: [3], 4: [4, 5], 5: None}
SCORE: 28.958

-------------------

/pɾiˈuɣu/ - /pˈoʎ/
p_ɾ-p / i-∅ / ˈu-ˈo / ɣ_u-ʎ
{0: [0, 1], 1: [2], 2: [3], 3: [4, 5]}
{0: [0], 1: None, 2: [1], 3: [2]}
SCORE: 4.898

-------------------

/pɾˈesiu/ - /pɾˈesek/
p-p / ɾ-ɾ / ˈe-ˈe / s_i-s_e / u-k
{0: [0], 1: [1], 2: [2], 3: [3, 4], 4: [5]}
{0: [0], 1: [1], 2: [2], 3: [3, 4], 4: [5]}
SCORE: 21.208

-------------------

/pɾˈoku/ - /pˈɒrk/
p-p / ɾ_ˈo-ˈɒ_r / k-k / u_#>-#>
{0: [0], 1: [1, 2], 2: [3], 3: [4]}
{0: [0], 1: [1, 2], 2: [3], 3: None}
SCORE: 15.549

-------------------

/pɾˈɔja/ - /plˈuʤɐ/
p-p / ɾ-l / ˈɔ-ˈu / ∅-ʤ / j-∅ / a-ɐ
{0: [0], 1: [1], 2: [2], 3: None, 4: [3], 5: [4]}
{0: [0], 1: [1], 2: [2], 3: [3], 4: None, 5: [4]}
SCORE: 9.18

-------------------

/pɾˈɛnu/ - /plˈæ/
p-p / ɾ-l / ˈɛ-ˈæ / n_u_#>-#>
{0: [0], 1: [1], 2: [2], 3: [3, 4]}
{0: [0], 1: [1], 2: [2], 3: None}
SCORE: 10.693

-------------------

/pˈani/ - /pˈa/
p-p / ˈa-ˈa / n_i_#>-#>
{0: [0], 1: [1], 2: [2, 3]}
{0: [0], 1: [1], 2: None}
SCORE: 8.12

-------------------

/pˈaɣu/ - /pˈɒk/
p-p / ˈa-∅ / ɣ-ˈɒ_k / u_#>-#>
{0: [0], 1: [1], 2: [2], 3: [3]}
{0: [0], 1: None, 2: [1, 2], 3: None}
SCORE: 6.087

-------------------

/pˈaʒi/ - /pˈaw/
p-p / ˈa-ˈa / ʒ_i-w
{0: [0], 1: [1], 2: [2, 3]}
{0: [0], 1: [1], 2: [2]}
SCORE: 16.778

-------------------

/pˈetuzŭ/ - /pˈit/
p-p / ˈe-ˈi / t-t / u_z_ŭ_#>-#>
{0: [0], 1: [1], 2: [2], 3: [3, 4, 5]}
{0: [0], 1: [1], 2: [2], 3: None}
SCORE: 9.077

-------------------

/pˈilu/ - /pˈæl/
p-p / ˈi-ˈæ / l_u_#>-l_#>
{0: [0], 1: [1], 2: [2, 3]}
{0: [0], 1: [1], 2: [2]}
SCORE: 16.892

-------------------

/pˈiʃi/ - /pˈejʃ/
p-p / ˈi-ˈe_j / ʃ-ʃ / i_#>-#>
{0: [0], 1: [1], 2: [2], 3: [3]}
{0: [0], 1: [1, 2], 2: [3], 3: None}
SCORE: 15.269

-------------------

/pˈoniɾi/ - /pˈɒndɾɞ/
p-p / ˈo-ˈɒ / n-n / ∅-d / i-∅ / ɾ-ɾ / ∅-ɞ / i_#>-#>
{0: [0], 1: [1], 2: [2], 3: None, 4: [3], 5: [4], 6: None, 7: [5]}
{0: [0], 1: [1], 2: [2], 3: [3], 4: None, 5: [4], 6: [5], 7: None}
SCORE: 5.53

-------------------

/pˈoðiɾi/ - /poðˈær/
p-p / ∅-o / ˈo-∅ / ð-ð / i-ˈæ / ɾ-r / i_#>-#>
{0: [0], 1: None, 2: [1], 3: [2], 4: [3], 5: [4], 6: [5]}
{0: [0], 1: [1], 2: None, 3: [2], 4: [3], 5: [4], 6: None}
SCORE: 7.263

-------------------

/pˈuntu/ - /pˈunt/
p-p / ˈu-ˈu / n-n / t-t / u_#>-#>
{0: [0], 1: [1], 2: [2], 3: [3], 4: [4]}
{0: [0], 1: [1], 2: [2], 3: [3], 4: None}
SCORE: 21.9

-------------------

/pˈunʤu/ - /pˈuɲ/
p-p / ˈu-ˈu / n_ʤ-ɲ / u_#>-#>
{0: [0], 1: [1], 2: [2, 3], 3: [4]}
{0: [0], 1: [1], 2: [2], 3: None}
SCORE: 15.957

-------------------

/pˈuʦu/ - /pˈow/
p-p / ˈu-ˈo / ʦ-∅ / u-w
{0: [0], 1: [1], 2: [2], 3: [3]}
{0: [0], 1: [1], 2: None, 3: [2]}
SCORE: 11.27

-------------------

/pˈɔnti/ - /pˈɒnt/
p-p / ˈɔ-ˈɒ / n-n / t-t / i_#>-#>
{0: [0], 1: [1], 2: [2], 3: [3], 4: [4]}
{0: [0], 1: [1], 2: [2], 3: [3], 4: None}
SCORE: 21.485

-------------------

/pˈɛdɾa/ - /pˈeðɾɜ/
p-p / ˈɛ-ˈe / ∅-ð / d-∅ / ɾ_a-ɾ_ɜ
{0: [0], 1: [1], 2: None, 3: [2], 4: [3, 4]}
{0: [0], 1: [1], 2: [2], 3: None, 4: [3, 4]}
SCORE: 14.088

-------------------

/pˈɛi/ - /pˈæw/
p-p / ˈɛ-ˈæ / i-w
{0: [0], 1: [1], 2: [2]}
{0: [0], 1: [1], 2: [2]}
SCORE: 17.112

-------------------

/pˈɛna/ - /pˈænɜ/
p-p / ˈɛ-ˈæ / n-n / a-ɜ
{0: [0], 1: [1], 2: [2], 3: [3]}
{0: [0], 1: [1], 2: [2], 3: [3]}
SCORE: 23.074

-------------------

/pˈɛɖːi/ - /pˈeʎ/
p-p / ˈɛ-ˈe / ɖː-ʎ / i_#>-#>
{0: [0], 1: [1], 2: [2], 3: [3]}
{0: [0], 1: [1], 2: [2], 3: None}
SCORE: 14.496

-------------------

/salˈuði/ - /salˈut/
s-s / a-a / l-l / ˈu-ˈu / ð_i-t
{0: [0], 1: [1], 2: [2], 3: [3], 4: [4, 5]}
{0: [0], 1: [1], 2: [2], 3: [3], 4: [4]}
SCORE: 22.518

-------------------

/siɣˈuɾu/ - /seɣˈur/
s_i-s_e / ɣ-ɣ / ˈu-ˈu / ɾ-r / u_#>-#>
{0: [0, 1], 1: [2], 2: [3], 3: [4], 4: [5]}
{0: [0, 1], 1: [2], 2: [3], 3: [4], 4: None}
SCORE: 20.584

-------------------

/skɾˈiɾi/ - /eskɾˈiwɾe/
<#-<#_e / s-s / k-k / ɾ-ɾ / ˈi-ˈi / ɾ-w_ɾ / i-e
{0: None, 1: [0], 2: [1], 3: [2], 4: [3], 5: [4], 6: [5]}
{0: [0], 1: [1], 2: [2], 3: [3], 4: [4], 5: [5, 6], 6: [7]}
SCORE: 22.134

-------------------

/skɾˈoʒu/ - /eskˈɒrsɞ/
<#-<#_e / s-s / k-k / ɾ_ˈo-ˈɒ_r / ʒ-∅ / u-s / ∅-ɞ
{0: None, 1: [0], 2: [1], 3: [2, 3], 4: [4], 5: [5], 6: None}
{0: [0], 1: [1], 2: [2], 3: [3, 4], 4: None, 5: [5], 6: [6]}
SCORE: -0.083

-------------------

/spˈaða/ - /espˈazɐ/
<#-<#_e / s-s / p-p / ˈa-ˈa / ∅-z / ð-∅ / a-ɐ
{0: None, 1: [0], 2: [1], 3: [2], 4: None, 5: [3], 6: [4]}
{0: [0], 1: [1], 2: [2], 3: [3], 4: [4], 5: None, 6: [5]}
SCORE: 10.882

-------------------

/spˈina/ - /espˈinɐ/
<#-<#_e / s-s / p-p / ˈi-ˈi / n-n / a-ɐ
{0: None, 1: [0], 2: [1], 3: [2], 4: [3], 5: [4]}
{0: [0], 1: [1], 2: [2], 3: [3], 4: [4], 5: [5]}
SCORE: 25.473

-------------------

/spˈiɣa/ - /espˈiɣɐ/
<#-<#_e / s-s / p-p / ˈi-ˈi / ɣ-ɣ / a-ɐ
{0: None, 1: [0], 2: [1], 3: [2], 4: [3], 5: [4]}
{0: [0], 1: [1], 2: [2], 3: [3], 4: [4], 5: [5]}
SCORE: 24.611

-------------------

/stɾaɣˈɔni/ - /dɾaɣˈo/
∅-d / s-∅ / t-∅ / ɾ-ɾ / a-a / ɣ-ɣ / ˈɔ-ˈo / n_i_#>-#>
{0: None, 1: [0], 2: [1], 3: [2], 4: [3], 5: [4], 6: [5], 7: [6, 7]}
{0: [0], 1: None, 2: None, 3: [1], 4: [2], 5: [3], 6: [4], 7: None}
SCORE: -2.295

-------------------

/stˈaðu/ - /estɾˈeʎɜ/
<#-<#_e / s-s / t-t / ˈa-ɾ_ˈe / ð-∅ / u-ʎ / ∅-ɜ
{0: None, 1: [0], 2: [1], 3: [2], 4: [3], 5: [4], 6: None}
{0: [0], 1: [1], 2: [2], 3: [3, 4], 4: None, 5: [5], 6: [6]}
SCORE: 1.634

-------------------

/stˈaðu/ - /estˈat/
<#-<#_e / s-s / t-t / ˈa-ˈa / ð_u-t
{0: None, 1: [0], 2: [1], 3: [2], 4: [3, 4]}
{0: [0], 1: [1], 2: [2], 3: [3], 4: [4]}
SCORE: 16.875

-------------------

/sufɾˈiɾi/ - /sofɾˈir/
s-s / u-o / f-f / ɾ-ɾ / ˈi-ˈi / ɾ-r / i_#>-#>
{0: [0], 1: [1], 2: [2], 3: [3], 4: [4], 5: [5], 6: [6]}
{0: [0], 1: [1], 2: [2], 3: [3], 4: [4], 5: [5], 6: None}
SCORE: 24.86

-------------------

/sˈali/ - /sˈal/
s-s / ˈa-ˈa / l-l / i_#>-#>
{0: [0], 1: [1], 2: [2], 3: [3]}
{0: [0], 1: [1], 2: [2], 3: None}
SCORE: 15.003

-------------------

/sˈana/ - /sˈanɐ/
s-s / ˈa-ˈa / n-n / a-ɐ
{0: [0], 1: [1], 2: [2], 3: [3]}
{0: [0], 1: [1], 2: [2], 3: [3]}
SCORE: 22.551

-------------------

/sˈanu/ - /sˈa/
s-s / ˈa_n_u_#>-ˈa_#>
{0: [0], 1: [1, 2, 3]}
{0: [0], 1: [1]}
SCORE: 7.961

-------------------

/sˈaŋɡwini/ - /sˈaŋk/
s-s / ˈa-ˈa / ŋ-ŋ / ∅-k / ɡ-∅ / w-∅ / i-∅ / n_i_#>-#>
{0: [0], 1: [1], 2: [2], 3: None, 4: [3], 5: [4], 6: [5], 7: [6, 7]}
{0: [0], 1: [1], 2: [2], 3: [3], 4: None, 5: None, 6: None, 7: None}
SCORE: -5.148

-------------------

/sˈaɾʧa/ - /sˈalsɐ/
s-s / ˈa-ˈa / ɾ-l / ʧ-s / a-ɐ
{0: [0], 1: [1], 2: [2], 3: [3], 4: [4]}
{0: [0], 1: [1], 2: [2], 3: [3], 4: [4]}
SCORE: 24.52

-------------------

/sˈika/ - /sˈækɜ/
s-s / ˈi_k-ˈæ_k / a-ɜ
{0: [0], 1: [1, 2], 2: [3]}
{0: [0], 1: [1, 2], 2: [3]}
SCORE: 24.122

-------------------

/sˈiku/ - /sˈæk/
s-s / ˈi_k-ˈæ_k / u_#>-#>
{0: [0], 1: [1, 2], 2: [3]}
{0: [0], 1: [1, 2], 2: None}
SCORE: 16.894

-------------------

/sˈuβa/ - /sˈoβɾɞ/
s-s / ˈu-ˈo / β-β_ɾ / a-ɞ
{0: [0], 1: [1], 2: [2], 3: [3]}
{0: [0], 1: [1], 2: [2, 3], 3: [4]}
SCORE: 20.585

-------------------

/sˈɔli/ - /sˈɒl/
s-s / ˈɔ-ˈɒ / l-l / i_#>-#>
{0: [0], 1: [1], 2: [2], 3: [3]}
{0: [0], 1: [1], 2: [2], 3: None}
SCORE: 15.447

-------------------

/sˈɛi/ - /sˈæwɾɜ/
s-s / ˈɛ-ˈæ / i-w_ɾ / ∅-ɜ
{0: [0], 1: [1], 2: [2], 3: None}
{0: [0], 1: [1], 2: [2, 3], 3: [4]}
SCORE: 8.003

-------------------

/sˈɛti/ - /sˈæt/
s-s / ˈɛ-ˈæ / t-t / i_#>-#>
{0: [0], 1: [1], 2: [2], 3: [3]}
{0: [0], 1: [1], 2: [2], 3: None}
SCORE: 15.321

-------------------

/sˈɛzĭ/ - /sˈis/
s-s / ˈɛ-ˈi / z_ĭ_#>-s_#>
{0: [0], 1: [1], 2: [2, 3]}
{0: [0], 1: [1], 2: [2]}
SCORE: 11.689

-------------------

/sˈɛða/ - /sˈæðɜ/
s-s / ˈɛ-ˈæ / ð-ð / a-ɜ
{0: [0], 1: [1], 2: [2], 3: [3]}
{0: [0], 1: [1], 2: [2], 3: [3]}
SCORE: 23.979

-------------------

/tusˈiɾi/ - /tosˈir/
<#_t-<#_t / u-o / s-s / ˈi-ˈi / ɾ-r / i_#>-#>
{0: [0], 1: [1], 2: [2], 3: [3], 4: [4], 5: [5]}
{0: [0], 1: [1], 2: [2], 3: [3], 4: [4], 5: None}
SCORE: 21.845

-------------------

/tɾˈɛzĭ/ - /tɾˈæs/
<#_t-<#_t / ɾ-ɾ / ˈɛ-ˈæ / z_ĭ_#>-s_#>
{0: [0], 1: [1], 2: [2], 3: [3, 4]}
{0: [0], 1: [1], 2: [2], 3: [3]}
SCORE: 21.407

-------------------

/tˈempuzŭ/ - /tˈems/
<#_t-<#_t / ˈe-ˈe / m-m / p-∅ / u-∅ / z_ŭ_#>-s_#>
{0: [0], 1: [1], 2: [2], 3: [3], 4: [4], 5: [5, 6]}
{0: [0], 1: [1], 2: [2], 3: None, 4: None, 5: [3]}
SCORE: 11.983

-------------------

/tˈotu/ - /tˈot/
<#_t-<#_t / ˈo-ˈo / t-t / u_#>-#>
{0: [0], 1: [1], 2: [2], 3: [3]}
{0: [0], 1: [1], 2: [2], 3: None}
SCORE: 17.112

-------------------

/tˈui/ - /tˈu/
<#_t-<#_t / ˈu-ˈu / i_#>-#>
{0: [0], 1: [1], 2: [2]}
{0: [0], 1: [1], 2: None}
SCORE: 13.734

-------------------

/tˈɔtɔzɔ̆/ - /tˈots/
<#_t-<#_t / ˈɔ-ˈo / t-t / ɔ_z-s / ɔ̆-∅
{0: [0], 1: [1], 2: [2], 3: [3, 4], 4: [5]}
{0: [0], 1: [1], 2: [2], 3: [3], 4: None}
SCORE: 15.011

-------------------

/tˈɛra/ - /tˈærɜ/
<#_t-<#_t / ˈɛ-ˈæ / r-r / a-ɜ
{0: [0], 1: [1], 2: [2], 3: [3]}
{0: [0], 1: [1], 2: [2], 3: [3]}
SCORE: 24.688

-------------------

/urˈɛi/ - /rˈej/
u-∅ / r-r / ˈɛ-ˈe / ∅-j / i_#>-#>
{0: [0], 1: [1], 2: [2], 3: None, 4: [3]}
{0: None, 1: [0], 2: [1], 3: [2], 4: None}
SCORE: 0.957

-------------------

/ɔβɛɾˈaɾju/ - /oβɾˈer/
ɔ-o / β-β / ɛ_ɾ-ɾ / ˈa-ˈe / ɾ-r / j-∅ / u_#>-#>
{0: [0], 1: [1], 2: [2, 3], 3: [4], 4: [5], 5: [6], 6: [7]}
{0: [0], 1: [1], 2: [2], 3: [3], 4: [4], 5: None, 6: None}
SCORE: 12.053

-------------------

/ɡɾˈasu/ - /ɡrˈas/
ɡ-ɡ / ɾ-r / ˈa-ˈa / s-s / u_#>-#>
{0: [0], 1: [1], 2: [2], 3: [3], 4: [4]}
{0: [0], 1: [1], 2: [2], 3: [3], 4: None}
SCORE: 21.201

-------------------

/ɡɾˈusu/ - /ɡɾˈɒs/
ɡ-ɡ / ɾ-ɾ / ˈu-ˈɒ / s-s / u_#>-#>
{0: [0], 1: [1], 2: [2], 3: [3], 4: [4]}
{0: [0], 1: [1], 2: [2], 3: [3], 4: None}
SCORE: 17.975

-------------------

/ɡˈatu/ - /ɡˈat/
ɡ-ɡ / ˈa-ˈa / t-t / u_#>-#>
{0: [0], 1: [1], 2: [2], 3: [3]}
{0: [0], 1: [1], 2: [2], 3: None}
SCORE: 18.484

-------------------

/ɡˈula/ - /ɡˈolɞ/
ɡ-ɡ / ˈu-ˈo / l-l / a-ɞ
{0: [0], 1: [1], 2: [2], 3: [3]}
{0: [0], 1: [1], 2: [2], 3: [3]}
SCORE: 25.36

-------------------

/ɡˈuta/ - /ɡˈotɞ/
ɡ-ɡ / ˈu-ˈo / t-t / a-ɞ
{0: [0], 1: [1], 2: [2], 3: [3]}
{0: [0], 1: [1], 2: [2], 3: [3]}
SCORE: 25.916

-------------------

/ɾˈuʒi/ - /kɾˈæw/
∅-k / ɾ-ɾ_ˈæ / ˈu-∅ / ʒ_i-w
{0: None, 1: [0], 2: [1], 3: [2, 3]}
{0: [0], 1: [1, 2], 2: None, 3: [3]}
SCORE: -2.038

-------------------

/ʃˈiɾi/ - /saβˈær/
<#-<#_s / ∅-a / ∅-β / ʃ-∅ / ˈi-ˈæ / ɾ-r / i_#>-#>
{0: None, 1: None, 2: None, 3: [0], 4: [1], 5: [2], 6: [3]}
{0: [0], 1: [1], 2: [2], 3: None, 4: [3], 5: [4], 6: None}
SCORE: -9.937

-------------------

/ʤenˈuɣu/ - /ʤenˈoʎ/
<#_ʤ-<#_ʤ / e-e / n-n / ˈu-ˈo / ɣ_u-ʎ
{0: [0], 1: [1], 2: [2], 3: [3], 4: [4, 5]}
{0: [0], 1: [1], 2: [2], 3: [3], 4: [4]}
SCORE: 22.753

-------------------

/ʤɛlˈai/ - /ʤelˈar/
<#_ʤ-<#_ʤ / ∅-e / ɛ-∅ / l-l / ˈa_i-ˈa_r
{0: [0], 1: None, 2: [1], 3: [2], 4: [3, 4]}
{0: [0], 1: [1], 2: None, 3: [2], 4: [3, 4]}
SCORE: 12.737

-------------------

/ʤˈelu/ - /ʤˈɛl/
<#_ʤ-<#_ʤ / ˈe-ˈɛ / l_u_#>-l_#>
{0: [0], 1: [1], 2: [2, 3]}
{0: [0], 1: [1], 2: [2]}
SCORE: 19.291

-------------------

/ʤˈenːeɾu/ - /ʤˈændɾɜ/
<#_ʤ-<#_ʤ / ˈe-ˈæ / nː-n_d / e-∅ / ɾ-ɾ_ɜ / u_#>-#>
{0: [0], 1: [1], 2: [2], 3: [3], 4: [4], 5: [5]}
{0: [0], 1: [1], 2: [2, 3], 3: None, 4: [4, 5], 5: None}
SCORE: 8.213

-------------------

/ʤˈoɣu/ - /ʤˈɒk/
<#_ʤ-<#_ʤ / ˈo_ɣ-ˈɒ_k / u_#>-#>
{0: [0], 1: [1, 2], 2: [3]}
{0: [0], 1: [1, 2], 2: None}
SCORE: 17.38

-------------------

/ʤˈuʤi/ - /ʤˈuʤe/
<#_ʤ-<#_ʤ / ˈu-ˈu / ʤ-ʤ / i-e
{0: [0], 1: [1], 2: [2], 3: [3]}
{0: [0], 1: [1], 2: [2], 3: [3]}
SCORE: 25.337

-------------------

/ʤˈɔβanu/ - /ʤˈovɞ/
<#_ʤ-<#_ʤ / ˈɔ-ˈo / ∅-v / β-∅ / a-ɞ / n_u_#>-#>
{0: [0], 1: [1], 2: None, 3: [2], 4: [3], 5: [4, 5]}
{0: [0], 1: [1], 2: [2], 3: None, 4: [3], 5: None}
SCORE: 2.401

-------------------

/ʤˈɛnti/ - /ʤˈent/
<#_ʤ-<#_ʤ / ˈɛ-ˈe / n-n / t-t / i_#>-#>
{0: [0], 1: [1], 2: [2], 3: [3], 4: [4]}
{0: [0], 1: [1], 2: [2], 3: [3], 4: None}
SCORE: 21.899

-------------------

/ʧiŋkwˈanta/ - /siŋkwˈantɐ/
ʧ-s / i-i / ŋ-ŋ / k-k / w_ˈa-w_ˈa / n-n / t-t / a-ɐ
{0: [0], 1: [1], 2: [2], 3: [3], 4: [4, 5], 5: [6], 6: [7], 7: [8]}
{0: [0], 1: [1], 2: [2], 3: [3], 4: [4, 5], 5: [6], 6: [7], 7: [8]}
SCORE: 49.987

-------------------

/ʧiɾkˈai/ - /serkˈar/
ʧ-s / i_ɾ-e_r / k-k / ˈa_i-ˈa_r
{0: [0], 1: [1, 2], 2: [3], 3: [4, 5]}
{0: [0], 1: [1, 2], 2: [3], 3: [4, 5]}
SCORE: 30.517

-------------------

/ʧˈelu/ - /sˈæl/
ʧ-s / ˈe-ˈæ / l_u_#>-l_#>
{0: [0], 1: [1], 2: [2, 3]}
{0: [0], 1: [1], 2: [2]}
SCORE: 15.727

-------------------

/ʧˈima/ - /sˈimɐ/
ʧ_ˈi-s_ˈi / m-m / a-ɐ
{0: [0, 1], 1: [2], 2: [3]}
{0: [0, 1], 1: [2], 2: [3]}
SCORE: 24.333

-------------------

/ʧˈiŋku/ - /sˈiŋk/
ʧ_ˈi-s_ˈi / ŋ-ŋ / k-k / u_#>-#>
{0: [0, 1], 1: [2], 2: [3], 3: [4]}
{0: [0, 1], 1: [2], 2: [3], 3: None}
SCORE: 23.921

-------------------

/ʧˈɛntu/ - /sˈent/
ʧ-s / ˈɛ-ˈe / n-n / t-t / u_#>-#>
{0: [0], 1: [1], 2: [2], 3: [3], 4: [4]}
{0: [0], 1: [1], 2: [2], 3: [3], 4: None}
SCORE: 19.701

-------------------

/ʧˈɛɾa/ - /sˈeɾɜ/
ʧ-s / ˈɛ-ˈe / ɾ_a-ɾ_ɜ
{0: [0], 1: [1], 2: [2, 3]}
{0: [0], 1: [1], 2: [2, 3]}
SCORE: 22.702

-------------------

/ˈakwa/ - /ˈajɣwɐ/
<#_ˈa-<#_ˈa / ∅-j / ∅-ɣ / k-∅ / w-w / a-ɐ
{0: [0], 1: None, 2: None, 3: [1], 4: [2], 5: [3]}
{0: [0], 1: [1], 2: [2], 3: None, 4: [3], 5: [4]}
SCORE: 6.55

-------------------

/ˈanʤelu/ - /ˈaɲʤel/
<#_ˈa-<#_ˈa / n-ɲ / ʤ-ʤ / e-e / l_u_#>-l_#>
{0: [0], 1: [1], 2: [2], 3: [3], 4: [4, 5]}
{0: [0], 1: [1], 2: [2], 3: [3], 4: [4]}
SCORE: 26.88

-------------------

/ˈanːu/ - /ˈaɲ/
<#_ˈa-<#_ˈa / nː-ɲ / u_#>-#>
{0: [0], 1: [1], 2: [2]}
{0: [0], 1: [1], 2: None}
SCORE: 10.071

-------------------

/ˈatɛɾu/ - /ˈaltɾe/
<#_ˈa-<#_ˈa / t_ɛ-l_t / ɾ_u-ɾ_e
{0: [0], 1: [1, 2], 2: [3, 4]}
{0: [0], 1: [1, 2], 2: [3, 4]}
SCORE: 18.437

-------------------

/ˈaɣu/ - /aɣˈuʎɐ/
<#_ˈa-<#_a / ɣ-ɣ / ∅-ˈu / u-ʎ / ∅-ɐ
{0: [0], 1: [1], 2: None, 3: [2], 4: None}
{0: [0], 1: [1], 2: [2], 3: [3], 4: [4]}
SCORE: 1.19

-------------------

/ˈaɭːu/ - /ˈaʎ/
<#_ˈa-<#_ˈa / ɭː-ʎ / u_#>-#>
{0: [0], 1: [1], 2: [2]}
{0: [0], 1: [1], 2: None}
SCORE: 13.285

-------------------

/ˈaɾbuɾi/ - /ˈaβɾe/
<#_ˈa-<#_ˈa / ɾ-β / b_u-ɾ_e / ɾ_i_#>-#>
{0: [0], 1: [1], 2: [2, 3], 3: [4, 5]}
{0: [0], 1: [1], 2: [2, 3], 3: None}
SCORE: 9.181

-------------------

/ˈaβi/ - /aβˈæʎɜ/
<#_ˈa-<#_a / β-β / i-ˈæ / ∅-ʎ / ∅-ɜ
{0: [0], 1: [1], 2: [2], 3: None, 4: None}
{0: [0], 1: [1], 2: [2], 3: [3], 4: [4]}
SCORE: 2.984

-------------------

/ˈisa/ - /ˈeʎɜ/
ˈi-ˈe / s-ʎ / a-ɜ
{0: [0], 1: [1], 2: [2]}
{0: [0], 1: [1], 2: [2]}
SCORE: 10.807

-------------------

/ˈisu/ - /ˈeʎ/
ˈi_s-ˈe / u-ʎ
{0: [0, 1], 1: [2]}
{0: [0], 1: [1]}
SCORE: 5.174

-------------------

/ˈizula/ - /ˈiʎɐ/
ˈi-ˈi / z-∅ / u-∅ / l-ʎ / a-ɐ
{0: [0], 1: [1], 2: [2], 3: [3], 4: [4]}
{0: [0], 1: None, 2: None, 3: [1], 4: [2]}
SCORE: 8.004

-------------------

/ˈomini/ - /ˈɒmɞ/
ˈo-ˈɒ / m-m / ∅-ɞ / i-∅ / n_i_#>-#>
{0: [0], 1: [1], 2: None, 3: [2], 4: [3, 4]}
{0: [0], 1: [1], 2: [2], 3: None, 4: None}
SCORE: -1.267

-------------------

/ˈosu/ - /ˈɒs/
ˈo-ˈɒ / s-s / u_#>-#>
{0: [0], 1: [1], 2: [2]}
{0: [0], 1: [1], 2: None}
SCORE: 11.253

-------------------

/ˈou/ - /ˈɒw/
ˈo-ˈɒ / u-w
{0: [0], 1: [1]}
{0: [0], 1: [1]}
SCORE: 11.065

-------------------

/ˈoɣu/ - /ˈuʎ/
<#-<#_ˈu / ˈo-∅ / ɣ_u-ʎ
{0: None, 1: [0], 2: [1, 2]}
{0: [0], 1: None, 2: [1]}
SCORE: -3.542

-------------------

/ˈunu/ - /ˈu/
ˈu-ˈu / n_u_#>-#>
{0: [0], 1: [1, 2]}
{0: [0], 1: None}
SCORE: 4.07

-------------------

/ˈuŋɡa/ - /ˈuŋɡlɐ/
ˈu-ˈu / ŋ-ŋ / ɡ-ɡ / a-l_ɐ
{0: [0], 1: [1], 2: [2], 3: [3]}
{0: [0], 1: [1], 2: [2], 3: [3, 4]}
SCORE: 25.358

-------------------

/ˈuɾsu/ - /ˈos/
ˈu-ˈo / ɾ-∅ / s-s / u_#>-#>
{0: [0], 1: [1], 2: [2], 3: [3]}
{0: [0], 1: None, 2: [1], 3: None}
SCORE: 5.823

-------------------

/ˈɔtu/ - /wˈit/
ˈɔ-w / t-ˈi_t / u_#>-#>
{0: [0], 1: [1], 2: [2]}
{0: [0], 1: [1, 2], 2: None}
SCORE: 4.94

-------------------

/ˈɔɣɔzɔ̆/ - /ˈuʎs/
ˈɔ-ˈu / ɣ-ʎ / ɔ_z-s / ɔ̆-∅
{0: [0], 1: [1], 2: [2, 3], 3: [4]}
{0: [0], 1: [1], 2: [2], 3: None}
SCORE: 4.058

-------------------

/ˈɔβɛɾa/ - /ˈɒβɾɞ/
ˈɔ-ˈɒ / β-β / ɛ_ɾ-ɾ / a-ɞ
{0: [0], 1: [1], 2: [2, 3], 3: [4]}
{0: [0], 1: [1], 2: [2], 3: [3]}
SCORE: 18.364

-------------------

/ˈɛbɾa/ - /ˈerβɜ/
ˈɛ-ˈe / b-∅ / ɾ-r / ∅-β / a-ɜ
{0: [0], 1: [1], 2: [2], 3: None, 4: [3]}
{0: [0], 1: None, 2: [1], 3: [2], 4: [3]}
SCORE: 6.518
