/anˈɛl/ - /anjˈa/
[1/3] a-a / n-n / ∅-j / ˈɛ_l-ˈa
[1/3] a-a / n-n / ∅-j / ˈɛ-ˈa / l-∅
[1/3] a-a / n-n / ˈɛ-j_ˈa / l_#>-#>

-------------------

/bjˈaŋk/ - /blˈɑ̃/
[3/4] b-b / j-l / ˈa_ŋ-ˈɑ̃ / k-∅
[1/4] b-b / j-l / ˈa-ˈɑ̃ / ŋ-∅ / k-∅

-------------------

/bruzˈɛr/ - /bʀuːlˈe/
[2/3] b-b / r-ʀ / u-uː / z-∅ / ∅-l / ˈɛ_r-ˈe
[1/3] b-b / r-ʀ / u-uː / z-∅ / ∅-l / ˈɛ-ˈe / r-∅

-------------------

/bˈaver/ - /bwˈɛːʀ/
[2/2] b-b / ˈa-w / v-∅ / e-ˈɛː / r-ʀ

-------------------

/bˈaːs/ - /bˈa/
[2/4] b-b / ˈaː-ˈa / s_#>-#>
[2/4] b-b / ˈaː-ˈa / s-∅

-------------------

/bˈæŋ/ - /bˈẽ/
[1/3] b-b / ˈæ-∅ / ŋ-ˈẽ
[1/3] b-b / ˈæ-ˈẽ / ŋ_#>-#>
[1/3] b-b / ˈæ-ˈẽ / ŋ-∅

-------------------

/bˈɔka/ - /bˈuʧ/
[2/4] b-b / ˈɔ-ˈu / k-ʧ / a_#>-#>
[1/4] b-b / ˈɔ-ˈu / k_a-ʧ
[1/4] b-b / ˈɔ-ˈu / k-ʧ / a-∅

-------------------

/bˈɔːna/ - /bˈuːn/
[3/5] b-b / ˈɔː-ˈuː / n_a-n
[2/5] b-b / ˈɔː-ˈuː / n-n / a-∅

-------------------

/bˈɛl/ - /bjˈa/
[1/1] b-b / ∅-j / ˈɛ_l-ˈa

-------------------

/bˈɛla/ - /bˈɛl/
[2/2] b-b / ˈɛ-ˈɛ / l-l / a-∅

-------------------

/bˈʌ/ - /bˈuː/
[3/3] b-b / ˈʌ-ˈuː

-------------------

/bˈʌŋ/ - /bˈɔ̃/
[2/5] b-b / ˈʌ_ŋ-ˈɔ̃
[1/5] b-b / ˈʌ-∅ / ŋ-ˈɔ̃
[1/5] b-b / ˈʌ-ˈɔ̃ / ŋ_#>-#>
[1/5] b-b / ˈʌ-ˈɔ̃ / ŋ-∅

-------------------

/draɡˈʌŋ/ - /dʀaɡˈɔ̃/
[2/3] d-d / r-ʀ / a-a / ɡ-ɡ / ˈʌ_ŋ-ˈɔ̃
[1/3] d-d / r-ʀ / a-a / ɡ-ɡ / ˈʌ-ˈɔ̃ / ŋ-∅

-------------------

/durmˈiːr/ - /dwaʀmˈi/
[2/2] d-d / ∅-w / u-a / r-ʀ / m-m / ˈiː-ˈi / r-∅

-------------------

/dˈaːʤ/ - /dˈɔs/
[3/3] d-d / ˈaː-ˈɔ / ʤ-s

-------------------

/dˈio/ - /djˈu/
[3/3] d-d / ˈi-j / o-ˈu

-------------------

/dˈiːr/ - /dˈiːʀ/
[2/2] d-d / ˈiː-ˈiː / r-ʀ

-------------------

/dˈiːz/ - /dˈiʃ/
[3/3] d-d / ˈiː-ˈi / z-ʃ

-------------------

/dˈæŋt/ - /dˈɛ̃/
[2/2] d-d / ˈæ-∅ / ŋ-ˈɛ̃ / t-∅

-------------------

/dˈɔna/ - /dˈam/
[1/1] d-d / ˈɔ-ˈa / n-m / a_#>-#>

-------------------

/dˈʌu̯/ - /dˈøː/
[3/3] d-d / ˈʌu̯-ˈøː

-------------------

/dˈʌu̯lθ/ - /dˈuː/
[1/1] d-d / ˈʌu̯-ˈuː / l-∅ / θ-∅

-------------------

/estˈɛ/ - /ɛstˈe/
[3/3] e-ɛ / s-s / t-t / ˈɛ-ˈe

-------------------

/farˈeŋna/ - /faʀˈɛn/
[2/3] f-f / a-a / r-ʀ / ˈe-ˈɛ / ŋ_n-n / a-∅
[1/3] f-f / a-a / r-ʀ / ˈe-ˈɛ / ŋ-∅ / n-n / a-∅

-------------------

/fjˈama/ - /blˈam/
[1/1] f-b / j-l / ˈa-ˈa / m_a-m

-------------------

/fjˈama/ - /flˈam/
[2/4] f-f / j-l / ˈa-ˈa / m_a-m
[2/4] f-f / j-l / ˈa-ˈa / m-m / a-∅

-------------------

/fjˈʌu̯r/ - /flˈøːʀ/
[2/2] f-f / j-l / ˈʌu̯-ˈøː / r-ʀ

-------------------

/frˈad/ - /fʀwˈɛ/
[1/3] f-f / r-ʀ_w / ˈa-ˈɛ / d_#>-#>
[1/3] f-f / r-ʀ / ∅-w / ˈa_d-ˈɛ
[1/3] f-f / r-ʀ / ∅-w / ˈa-ˈɛ / d-∅

-------------------

/frˈuːt/ - /fʀˈy/
[1/2] f-f / r-ʀ / ˈuː-ˈy / t_#>-#>
[1/2] f-f / r-ʀ / ˈuː-ˈy / t-∅

-------------------

/frˈɛ/ - /fʀˈe/
[4/4] f-f / r-ʀ / ˈɛ-ˈe

-------------------

/fˈaːm/ - /fwˈɛ̃/
[1/2] f-f_w / ˈaː-ˈɛ̃ / m_#>-#>
[1/2] f-f / ˈaː-w / m-∅ / ∅-ˈɛ̃

-------------------

/fˈeŋ/ - /fˈẽ/
[3/3] f-f / ˈe_ŋ-ˈẽ

-------------------

/fˈil/ - /fˈi/
[1/1] f-f / ˈi-ˈi / l-∅

-------------------

/fˈoja/ - /fˈɔːj/
[2/4] f-f / ˈo-∅ / j-ˈɔː / a-j
[2/4] f-f / ˈo-ˈɔː / j-∅ / a-j

-------------------

/fˈuːɡ/ - /fˈøː/
[2/2] f-f / ˈuː-ˈøː / ɡ-∅

-------------------

/fˈɔːrt/ - /fwˈaʀ/
[2/3] f-f / ˈɔː-w_ˈa / r_t-ʀ
[1/3] f-f / ∅-w / ˈɔː-ˈa / r-ʀ / t-∅

-------------------

/fˈɔːrθa/ - /fwˈas/
[1/1] f-f / ˈɔː-w_ˈa / r-∅ / θ-s / a_#>-#>

-------------------

/fˈɛda/ - /fˈɛːj/
[1/2] f-f / ˈɛ_d-ˈɛː / a-j
[1/2] f-f / ˈɛ-ˈɛː / d-∅ / a-j

-------------------

/fˈɛls/ - /fˈɔː/
[2/2] f-f / ˈɛ-ˈɔː / l-∅ / s_#>-#>

-------------------

/fˈɛr/ - /fˈe/
[3/5] f-f / ˈɛ-ˈe / r-∅
[2/5] f-f / ˈɛ_r-ˈe

-------------------

/fˈɛsta/ - /fjˈɛs/
[1/2] f-f / ∅-j / ˈɛ-ˈɛ / s_t-s / a_#>-#>
[1/2] f-f / ˈɛ-j_ˈɛ / s_t-s / a_#>-#>

-------------------

/kastˈɛl/ - /ʧɛstjˈa/
[2/3] k-ʧ / a-ɛ / s-s / t-t / ∅-j / ˈɛ-ˈa / l-∅
[1/3] k-ʧ / a-ɛ / s-s / t-t / ∅-j / ˈɛ-ˈa / l_#>-#>

-------------------

/kaθjˈɛr/ - /ʧɛsˈiː/
[2/4] k-ʧ / a-ɛ / θ-s / j-∅ / ˈɛ-ˈiː / r-∅
[1/4] k-ʧ / a-ɛ / θ-s / j-∅ / ˈɛ_r-ˈiː
[1/4] k-ʧ / a-ɛ / θ-s / j-∅ / ˈɛ-ˈiː / r_#>-#>

-------------------

/krˈader/ - /kʀwˈɛːʀ/
[3/3] k-k / r-ʀ / ˈa-w / d-∅ / e-ˈɛː / r-ʀ

-------------------

/krˈʌu̯z/ - /kʀwˈɛ/
[1/2] k-k / r-ʀ / ˈʌu̯-w / z-∅ / ∅-ˈɛ
[1/2] k-k / r-ʀ / ˈʌu̯-w / z-∅ / #>-ˈɛ_#>

-------------------

/kulˈʌu̯r/ - /kɔlˈøːʀ/
[3/3] k-k / u-ɔ / l-l / ˈʌu̯-ˈøː / r-ʀ

-------------------

/kwˈaːja/ - /kwˈaj/
[1/1] k-k / w-w / ˈaː-ˈa / j_a-j

-------------------

/kwˈaːter/ - /kwˈat/
[2/4] k-k / w-w / ˈaː-ˈa / t_e-t / r_#>-#>
[2/4] k-k / w-w / ˈaː-ˈa / t-t / e-∅ / r-∅

-------------------

/kɲˈoser/ - /kinˈɔʃ/
[1/3] k-k / ∅-i / ɲ-n / ˈo-ˈɔ / s_e-ʃ / r_#>-#>
[1/3] k-k / ∅-i / ɲ-n / ˈo-ˈɔ / s-ʃ / e-∅ / r-∅
[1/3] k-k / ɲ-i_n / ˈo-ˈɔ / s_e-ʃ / r_#>-#>

-------------------

/kˈa/ - /ʧˈøː/
[3/3] k-ʧ / ˈa-ˈøː

-------------------

/kˈaŋ/ - /ʧˈẽ/
[1/1] k-ʧ / ˈa-∅ / ŋ-ˈẽ

-------------------

/kˈaŋt/ - /ʧˈɑ̃/
[1/1] k-ʧ / ˈa_ŋ-ˈɑ̃ / t_#>-#>

-------------------

/kˈi/ - /kˈiː/
[2/2] k-k / ˈi-ˈiː

-------------------

/kˈuːrt/ - /kˈuːʀ/
[2/3] k-k / ˈuː-ˈuː / r-ʀ / t-∅
[1/3] k-k / ˈuː-ˈuː / r_t-ʀ

-------------------

/kˈɔsta/ - /kɔstˈe/
[4/4] k-k / ˈɔ-ɔ / s-s / t-t / a-ˈe

-------------------

/kˈɔː/ - /kˈaw/
[2/2] k-k / ˈɔː-ˈa_w

-------------------

/kˈɔːr/ - /kˈuːʀ/
[3/3] k-k / ˈɔː-ˈuː / r-ʀ

-------------------

/kˈɔːren/ - /kwˈan/
[3/3] k-k / ˈɔː-w / r-∅ / e-ˈa / n-n

-------------------

/kˈɔːrp/ - /kwˈaʀ/
[3/3] k-k / ˈɔː-w_ˈa / r-ʀ / p-∅

-------------------

/kˈɛld/ - /ʧˈoː/
[2/2] k-ʧ / ˈɛ-ˈoː / l-∅ / d_#>-#>

-------------------

/kˈɛp/ - /ʧˈiːf/
[2/2] k-ʧ / ˈɛ-ˈiː / p-f

-------------------

/kˈɛro/ - /ʧˈiːʀ/
[3/3] k-ʧ / ˈɛ-ˈiː / r-ʀ / o-∅

-------------------

/kˈɛvra/ - /ʧˈiːf/
[1/2] k-ʧ / ˈɛ-ˈiː / v-f / r-∅ / a_#>-#>
[1/2] k-ʧ / ˈɛ-ˈiː / v-f / r-∅ / a-∅

-------------------

/leˈʌŋ/ - /lijˈɔ̃/
[1/2] l-l / e-i / ∅-j / ˈʌ_ŋ-ˈɔ̃
[1/2] l-l / e-i / ˈʌ-j / ŋ-ˈɔ̃

-------------------

/lˈað/ - /lwˈɛ/
[1/2] l-l / ∅-w / ˈa-ˈɛ / ð-∅
[1/2] l-l / ˈa-w / ð-∅ / ∅-ˈɛ

-------------------

/lˈeber/ - /lˈiːp/
[2/2] l-l / ˈe-ˈiː / b-p / e-∅ / r-∅

-------------------

/lˈetra/ - /lˈɛt/
[3/4] l-l / ˈe-ˈɛ / t_r-t / a_#>-#>
[1/4] l-l / ˈe-ˈɛ / t-t / r-∅ / a-∅

-------------------

/lˈoŋna/ - /lˈyn/
[2/3] l-l / ˈo-ˈy / ŋ_n-n / a-∅
[1/3] l-l / ˈo-ˈy / ŋ-∅ / n_a-n

-------------------

/lˈæŋɡwa/ - /lˈɛ̃w/
[1/2] l-l / ˈæ_ŋ-ˈɛ̃ / ɡ-∅ / w-w / a_#>-#>
[1/2] l-l / ˈæ-∅ / ŋ-ˈɛ̃ / ɡ-∅ / w-w / a-∅

-------------------

/lˈɛna/ - /lˈɛ̃ːn/
[1/2] l-l / ˈɛ-ˈɛ̃ː / n_a-n
[1/2] l-l / ˈɛ-ˈɛ̃ː / n-n / a-∅

-------------------

/lˈɛðer/ - /lˈeːʀ/
[1/1] l-l / ˈɛ-ˈeː / ð-∅ / e_r-ʀ

-------------------

/lˈɛɡ/ - /lˈak/
[2/2] l-l / ˈɛ-ˈa / ɡ-k

-------------------

/lˈɛɡerma/ - /lˈɔːm/
[1/2] l-l / ˈɛ_ɡ-ˈɔː / e-∅ / r-∅ / m_a-m
[1/2] l-l / ˈɛ-ˈɔː / ɡ-∅ / e-∅ / r-∅ / m_a-m

-------------------

/madˈuːr/ - /mˈøːʀ/
[2/3] m_a-m / d-∅ / ˈuː-ˈøː / r-ʀ
[1/3] m-m / a-∅ / d-∅ / ˈuː-ˈøː / r-ʀ

-------------------

/maɲˈɛr/ - /maɲˈiː/
[1/2] m-m / a-a / ɲ-ɲ / ˈɛ_r-ˈiː
[1/2] m-m / a-a / ɲ-ɲ / ˈɛ-ˈiː / r_#>-#>

-------------------

/metˈɛ/ - /mwɛtˈiː/
[1/1] m-m / ∅-w / e-ɛ / t-t / ˈɛ-ˈiː

-------------------

/mjˈʌu̯r/ - /mɛjˈøː/
[1/2] m-m / ∅-ɛ / j-j / ˈʌu̯-ˈøː / r_#>-#>
[1/2] m-m / ∅-ɛ / j-j / ˈʌu̯-ˈøː / r-∅

-------------------

/murˈiːr/ - /mɔʀˈi/
[1/1] m-m / u-ɔ / r-ʀ / ˈiː-ˈi / r-∅

-------------------

/muŋtˈaːɲa/ - /mɔ̃tˈaɲ/
[1/2] m-m / u-ɔ̃ / ŋ-∅ / t-t / ˈaː-ˈa / ɲ_a-ɲ
[1/2] m-m / u-ɔ̃ / ŋ-∅ / t-t / ˈaː-ˈa / ɲ-ɲ / a-∅

-------------------

/mˈaːŋ/ - /mwˈɛ̃/
[2/2] m-m / ˈaː-w / ŋ-ˈɛ̃

-------------------

/mˈej/ - /mˈiː/
[1/3] m-m / ˈe_j-ˈiː
[1/3] m-m / ˈe-ˈiː / j_#>-#>
[1/3] m-m / ˈe-ˈiː / j-∅

-------------------

/mˈel/ - /mˈɛj/
[2/2] m-m / ˈe-ˈɛ / l-j

-------------------

/mˈeɡa/ - /mˈiːj/
[2/3] m-m / ˈe-ˈiː / ɡ-∅ / a-j
[1/3] m-m / ˈe-ˈiː / ɡ_a-j

-------------------

/mˈɔːrt/ - /mwˈaʀ/
[2/3] m-m / ˈɔː-w_ˈa / r_t-ʀ
[1/3] m-m / ∅-w / ˈɔː-ˈa / r-ʀ / t-∅

-------------------

/mˈɛder/ - /mˈɛʀ/
[2/4] m-m / ˈɛ-ˈɛ / d-∅ / e-∅ / r-ʀ
[1/4] m-m / ˈɛ_d-ˈɛ / e_r-ʀ
[1/4] m-m / ˈɛ_d-ˈɛ / e-∅ / r-ʀ

-------------------

/mˈɛr/ - /mˈeʀ/
[2/2] m-m / ˈɛ-ˈe / r-ʀ

-------------------

/mˈɛːl/ - /mjˈɛl/
[2/2] m-m / ∅-j / ˈɛː-ˈɛ / l-l

-------------------

/mˈʌska/ - /mˈɔʃ/
[1/2] m-m / ˈʌ-ˈɔ / s_k-ʃ / a_#>-#>
[1/2] m-m / ˈʌ-ˈɔ / s-ʃ / k-∅ / a_#>-#>

-------------------

/nwˈɛter/ - /nɔzˈoːt/
[1/1] n-n / w-ɔ / ∅-z / ˈɛ-ˈoː / t_e-t / r_#>-#>

-------------------

/nˈajɡer/ - /nwˈɛːʀ/
[1/1] n-n / ˈa-w / j-∅ / ɡ-∅ / e-ˈɛː / r-ʀ

-------------------

/nˈaːser/ - /nˈɛʃ/
[2/3] n-n / ˈaː-ˈɛ / s_e-ʃ / r_#>-#>
[1/3] n-n / ˈaː-ˈɛ / s-ʃ / e-∅ / r-∅

-------------------

/nˈo/ - /nˈɔ/
[2/2] n-n / ˈo-ˈɔ

-------------------

/nˈom/ - /nˈɔ/
[2/3] n-n / ˈo-ˈɔ / m-∅
[1/3] n-n / ˈo-ˈɔ / m_#>-#>

-------------------

/nˈɔster/ - /nˈɔs/
[2/4] n-n / ˈɔ-ˈɔ / s_t-s / e-∅ / r_#>-#>
[1/4] n-n / ˈɔ-ˈɔ / s_t-s / e-∅ / r-∅
[1/4] n-n / ˈɔ-ˈɔ / s-s / t-∅ / e-∅ / r-∅

-------------------

/nˈɔt/ - /nˈyt/
[3/3] n-n / ˈɔ-ˈy / t-t

-------------------

/nˈɔːv/ - /nˈuː/
[1/2] n-n / ˈɔː-ˈuː / v_#>-#>
[1/2] n-n / ˈɔː-ˈuː / v-∅

-------------------

/nˈɔːv/ - /nˈuːf/
[4/4] n-n / ˈɔː-ˈuː / v-f

-------------------

/nˈɛz/ - /nˈe/
[4/4] n-n / ˈɛ-ˈe / z-∅

-------------------

/nˈʌu̯d/ - /nˈøː/
[2/3] n-n / ˈʌu̯-ˈøː / d_#>-#>
[1/3] n-n / ˈʌu̯-ˈøː / d-∅

-------------------

/palˈaːθ/ - /palˈɔː/
[2/2] p-p / a-a / l-l / ˈaː-ˈɔː / θ-∅

-------------------

/parˈola/ - /paʀˈɔl/
[2/4] p-p / a-a / r-ʀ / ˈo-ˈɔ / l_a-l
[2/4] p-p / a-a / r-ʀ / ˈo-ˈɔ / l-l / a-∅

-------------------

/pdˈɔʧ/ - /pjˈu/
[1/1] p-p / d-∅ / ˈɔ-∅ / ʧ-j / ∅-ˈu

-------------------

/pjˈaŋðer/ - /plˈɛ̃t/
[1/2] p-p / j-l / ˈa_ŋ-ˈɛ̃ / ð-t / e-∅ / r-∅
[1/2] p-p / j-l / ˈa-∅ / ŋ-ˈɛ̃ / ð-t / e-∅ / r_#>-#>

-------------------

/pjˈoma/ - /plˈɔm/
[2/3] p-p / j-l / ˈo-ˈɔ / m_a-m
[1/3] p-p / j-l / ˈo-ˈɔ / m-m / a-∅

-------------------

/pjˈɔːva/ - /plˈuːf/
[2/4] p-p / j-l / ˈɔː-ˈuː / v-f / a_#>-#>
[2/4] p-p / j-l / ˈɔː-ˈuː / v-f / a-∅

-------------------

/pjˈɛɡa/ - /plˈɔːj/
[2/4] p-p / j-l / ˈɛ-ˈɔː / ɡ-∅ / a-j
[1/4] p-p / ∅-l / j-ˈɔː / ˈɛ-∅ / ɡ_a-j
[1/4] p-p / j-l / ˈɛ_ɡ-ˈɔː / a-j

-------------------

/psˈajr/ - /pɔlˈøːʀ/
[4/5] p-p / s-∅ / ˈa-ɔ / j-l / ∅-ˈøː / r-ʀ
[1/5] p-p / s-∅ / ∅-ɔ / ∅-l / ˈa-ˈøː / j-∅ / r-ʀ

-------------------

/pˈa/ - /pˈiː/
[2/2] p-p / ˈa-ˈiː

-------------------

/pˈana/ - /pwˈɛ̃n/
[1/2] p-p / ∅-w / ˈa-ˈɛ̃ / n_a-n
[1/2] p-p / ∅-w / ˈa-ˈɛ̃ / n-n / a-∅

-------------------

/pˈas/ - /pɛʃˈɔ̃/
[3/3] p-p / ˈa-ɛ / s-ʃ / ∅-ˈɔ̃

-------------------

/pˈaŋ/ - /pˈɑ̃/
[1/1] p-p / ˈa_ŋ-ˈɑ̃

-------------------

/pˈaːŋt/ - /pˈɔ̃/
[1/1] p-p / ˈaː-∅ / ŋ-ˈɔ̃ / t-∅

-------------------

/pˈeŋ/ - /plˈɛ̃/
[2/2] p-p / ˈe-∅ / ∅-l / ŋ-ˈɛ̃

-------------------

/pˈɔːk/ - /pˈoː/
[2/2] p-p / ˈɔː-ˈoː / k-∅

-------------------

/pˈɛder/ - /pˈɛʀ/
[1/3] p-p / ˈɛ_d-ˈɛ / e_r-ʀ
[1/3] p-p / ˈɛ_d-ˈɛ / e-∅ / r-ʀ
[1/3] p-p / ˈɛ-ˈɛ / d-∅ / e-∅ / r-ʀ

-------------------

/pˈɛl/ - /pjˈa/
[1/1] p-p / ∅-j / ˈɛ_l-ˈa

-------------------

/pˈɛz/ - /pˈɔːj/
[1/1] p-p / ˈɛ-ˈɔː / z-∅ / ∅-j

-------------------

/radˈiːs/ - /ʀɛsˈɛn/
[1/1] r-ʀ / a-ɛ / d-∅ / ˈiː-∅ / s-s / ∅-ˈɛ / ∅-n

-------------------

/rˈaːɲ/ - /aʀˈɛɲ/
[1/2] ∅-a / r-ʀ / ˈaː-ˈɛ / ɲ-ɲ
[1/2] <#-<#_a / r-ʀ / ˈaː-ˈɛ / ɲ-ɲ

-------------------

/rˈʌs/ - /ʀˈɔʧ/
[3/3] r-ʀ / ˈʌ-ˈɔ / s-ʧ

-------------------

/savˈajr/ - /savˈøːʀ/
[4/4] s-s / a-a / v-v / ˈa-ˈøː / j-∅ / r-ʀ

-------------------

/skrˈiːver/ - /skʀˈiːʀ/
[2/2] s-s / k-k / r-ʀ / ˈiː-ˈiː / v-∅ / e-∅ / r-ʀ

-------------------

/skultˈɛr/ - /aʃuːtˈe/
[1/2] ∅-a / s-ʃ / k-∅ / u-uː / l-∅ / t-t / ˈɛ_r-ˈe
[1/2] <#-<#_a / s_k-ʃ / u-uː / l-∅ / t-t / ˈɛ_r-ˈe

-------------------

/skˈɔːrθa/ - /ʃwˈas/
[2/2] s-ʃ / k-∅ / ˈɔː-w_ˈa / r-∅ / θ-s / a_#>-#>

-------------------

/spˈaːɲa/ - /ɛspˈaɲ/
[1/2] ∅-ɛ / s-s / p-p / ˈaː-ˈa / ɲ-ɲ / a-∅
[1/2] <#-<#_ɛ / s-s / p-p / ˈaː-ˈa / ɲ_a-ɲ

-------------------

/spˈeŋ/ - /spˈɛn/
[3/3] s-s / p-p / ˈe-ˈɛ / ŋ-n

-------------------

/spˈɛda/ - /spˈɛːj/
[2/3] s-s / p-p / ˈɛ-ˈɛː / d-∅ / a-j
[1/3] s-s / p-p / ˈɛ_d-ˈɛː / a-j

-------------------

/stmˈɛna/ - /samwˈɛ̃n/
[1/3] s_t-s / ∅-a / m-m_w / ˈɛ-ˈɛ̃ / n_a-n
[1/3] s_t-s / ∅-a / m-m / ∅-w / ˈɛ-ˈɛ̃ / n-n / a-∅
[1/3] s-s / t-∅ / ∅-a / m-m / ∅-w / ˈɛ-ˈɛ̃ / n-n / a-∅

-------------------

/strˈɛla/ - /stwˈɛl/
[2/4] s-s / t_r-t / ∅-w / ˈɛ-ˈɛ / l_a-l
[1/4] s-s / t_r-t / ∅-w / ˈɛ-ˈɛ / l-l / a_#>-#>
[1/4] s-s / t-t / r-∅ / ∅-w / ˈɛ-ˈɛ / l-l / a-∅

-------------------

/stˈɛː/ - /ɛstˈa/
[1/1] <#-<#_ɛ / s-s / t-t / ˈɛː-ˈa

-------------------

/sˈajda/ - /sˈɔːj/
[1/2] s_ˈa-s / j-ˈɔː / d-∅ / a-j
[1/2] s-s / ˈa-∅ / j-ˈɔː / d-∅ / a-j

-------------------

/sˈak/ - /sˈɛʧ/
[3/3] s-s / ˈa-ˈɛ / k-ʧ

-------------------

/sˈaŋt/ - /sˈɛ̃/
[1/2] s-s / ˈa_ŋ-ˈɛ̃ / t-∅
[1/2] s-s / ˈa-ˈɛ̃ / ŋ-∅ / t_#>-#>

-------------------

/sˈaŋɡv/ - /sˈɔ̃k/
[1/1] s_ˈa-s / ŋ-ˈɔ̃ / ɡ-k / v_#>-#>

-------------------

/sˈiː/ - /ʃˈiːʃ/
[3/3] s-ʃ / ˈiː-ˈiː / ∅-ʃ

-------------------

/sˈɛl/ - /sˈe/
[2/2] s-s / ˈɛ-ˈe / l_#>-#>

-------------------

/sˈɛt/ - /sˈɛt/
[2/2] s-s / ˈɛ-ˈɛ / t-t

-------------------

/sˈʌu̯l/ - /sɔljˈa/
[3/3] s-s / ˈʌu̯-ɔ / l-l / ∅-j / #>-ˈa_#>

-------------------

/trˈiː/ - /tʀwˈɛ/
[1/2] t-t / r-ʀ_w / ˈiː-ˈɛ
[1/2] t-t / r-ʀ / ∅-w / ˈiː-ˈɛ

-------------------

/tˈot/ - /tˈɔ/
[2/4] t-t / ˈo-ˈɔ / t_#>-#>
[2/4] t-t / ˈo-ˈɔ / t-∅

-------------------

/tˈæŋp/ - /tˈɛ̃/
[1/1] t-t / ˈæ-∅ / ŋ-ˈɛ̃ / p-∅

-------------------

/tˈɔːr/ - /tɔʀjˈa/
[2/2] t-t / ˈɔː-ɔ / r-ʀ / ∅-j / #>-ˈa_#>

-------------------

/tˈɛra/ - /tˈɛːʀ/
[2/3] t-t / ˈɛ-ˈɛː / r_a-ʀ
[1/3] t-t / ˈɛ-ˈɛː / r-ʀ / a-∅

-------------------

/tˈɛsta/ - /tjˈɛs/
[1/2] t-t / ∅-j / ˈɛ-ˈɛ / s-s / t-∅ / a-∅
[1/2] t-t / ˈɛ-j_ˈɛ / s_t-s / a_#>-#>

-------------------

/tˈʌŋd/ - /ʀˈɔ̃/
[1/1] t-∅ / ∅-ʀ / ˈʌ-ˈɔ̃ / ŋ-∅ / d_#>-#>

-------------------

/urˈaʧa/ - /ɔʀˈaj/
[1/2] u-ɔ / r-ʀ / ˈa-ˈa / ʧ-∅ / a-j
[1/2] u-ɔ / r-ʀ / ˈa-ˈa / ʧ-j / a_#>-#>

-------------------

/uzˈɛl/ - /uːʒjˈa/
[1/1] u-uː / z-ʒ / ∅-j / ˈɛ_l-ˈa

-------------------

/varɡˈʌɲa/ - /vɛʀɡˈɔɲ/
[1/3] v-v / a-ɛ / r-ʀ / ɡ-ɡ / ˈʌ-ˈɔ / ɲ_a-ɲ
[1/3] v-v / a-ɛ / r-ʀ / ɡ-ɡ / ˈʌ-ˈɔ / ɲ-ɲ / a_#>-#>
[1/3] v-v / a-ɛ / r-ʀ / ɡ-ɡ / ˈʌ-ˈɔ / ɲ-ɲ / a-∅

-------------------

/vilˈaŋ/ - /vilˈɛ̃/
[1/1] v-v / i-i / l-l / ˈa_ŋ-ˈɛ̃

-------------------

/vjˈaːθ/ - /vɔːjˈɛʧ/
[1/1] v-v / ∅-ɔː / j-j / ˈaː-ˈɛ / θ-ʧ

-------------------

/vulˈɛr/ - /vɔlˈe/
[2/3] v-v / u-ɔ / l-l / ˈɛ_r-ˈe
[1/3] v-v / u-ɔ / l-l / ˈɛ-ˈe / r-∅

-------------------

/vzˈeŋ/ - /viʒˈẽ/
[1/4] v-v_i / z-ʒ / ˈe_ŋ-ˈẽ
[1/4] v-v / ∅-i / z-ʒ / ˈe_ŋ-ˈẽ
[1/4] v-v / ∅-i / z-ʒ / ˈe-ˈẽ / ŋ-∅
[1/4] v-v / z-∅ / ˈe-i / ∅-ʒ / ŋ-ˈẽ

-------------------

/vɲˈiːr/ - /vinˈi/
[1/1] v-v / ɲ-i_n / ˈiː-ˈi / r_#>-#>

-------------------

/vɲˈiːr/ - /vnˈi/
[1/1] v-v / ɲ-n / ˈiː-ˈi / r-∅

-------------------

/vˈader/ - /vˈɛj/
[2/3] v-v / ˈa_d-ˈɛ / e-j / r_#>-#>
[1/3] v-v / ˈa-ˈɛ / d-∅ / e-j / r-∅

-------------------

/vˈajrd/ - /vˈɛʀ/
[2/3] v-v / ˈa-ˈɛ / j-∅ / r-ʀ / d_#>-#>
[1/3] v-v / ˈa-ˈɛ / j-∅ / r-ʀ / d-∅

-------------------

/vˈaːka/ - /vˈaʧ/
[1/2] v-v / ˈaː-ˈa / k_a-ʧ
[1/2] v-v / ˈaː-ˈa / k-ʧ / a-∅

-------------------

/vˈaːŋt/ - /vˈɛ̃/
[1/1] v-v / ˈaː-∅ / ŋ_t-ˈɛ̃

-------------------

/vˈela/ - /vˈɛj/
[1/2] v-v / ˈe-ˈɛ / l_a-j
[1/2] v-v / ˈe-ˈɛ / l-∅ / a-j

-------------------

/vˈeta/ - /vˈɛj/
[3/3] v-v / ˈe-ˈɛ / t-∅ / a-j

-------------------

/vˈeŋ/ - /vˈẽ/
[1/2] v-v / ˈe_ŋ-ˈẽ
[1/2] v-v / ˈe-ˈẽ / ŋ-∅

-------------------

/vˈeŋt/ - /vˈɛ̃/
[1/2] v-v / ˈe-∅ / ŋ_t-ˈɛ̃
[1/2] v-v / ˈe-∅ / ŋ-ˈɛ̃ / t-∅

-------------------

/vˈɛrem/ - /vjˈɛʀ/
[1/2] v-v / ∅-j / ˈɛ-ˈɛ / r_e-ʀ / m_#>-#>
[1/2] v-v / ˈɛ-j_ˈɛ / r-ʀ / e-∅ / m-∅

-------------------

/vˈɛʧ/ - /vˈiː/
[3/3] v-v / ˈɛ-ˈiː / ʧ-∅

-------------------

/vˈʌu̯z/ - /vwˈɛ/
[1/1] v-v / ˈʌu̯-w / z-∅ / #>-ˈɛ_#>

-------------------

/zɡˈuːr/ - /sˈøːʀ/
[2/2] z-s / ɡ-∅ / ˈuː-ˈøː / r-ʀ

-------------------

/ðiŋðˈeja/ - /ʤɛ̃ʤˈiːf/
[2/3] ð-ʤ / i-ɛ̃ / ŋ-∅ / ð-ʤ / ˈe_j-ˈiː / a-∅ / ∅-f
[1/3] ð-ʤ / i-ɛ̃ / ŋ-∅ / ð-ʤ / ˈe-ˈiː / j-∅ / a-∅ / ∅-f

-------------------

/ðˈoɲ/ - /ʤˈœ̃/
[3/3] ð-ʤ / ˈo-ˈœ̃ / ɲ-∅

-------------------

/ðˈuːɡ/ - /ʤˈøː/
[1/2] ð-ʤ / ˈuː-ˈøː / ɡ_#>-#>
[1/2] ð-ʤ / ˈuː-ˈøː / ɡ-∅

-------------------

/ðˈæŋt/ - /ʤˈɛ̃/
[2/3] ð-ʤ / ˈæ-∅ / ŋ-ˈɛ̃ / t-∅
[1/3] ð-ʤ / ˈæ-∅ / ŋ_t-ˈɛ̃

-------------------

/ðˈʌu̯ven/ - /ʤˈɔ̃n/
[3/3] ð-ʤ / ˈʌu̯-∅ / v-∅ / e-ˈɔ̃ / n-n

-------------------

/ɡrˈaŋ/ - /ɡʀˈɛ̃n/
[2/3] ɡ-ɡ / r-ʀ / ˈa-ˈɛ̃ / ŋ-n
[1/3] ɡ-ɡ / r-ʀ / ˈa-∅ / ŋ-ˈɛ̃ / ∅-n

-------------------

/ɡrˈaŋd/ - /ɡʀˈɑ̃/
[3/3] ɡ-ɡ / r-ʀ / ˈa_ŋ-ˈɑ̃ / d_#>-#>

-------------------

/ɡrˈaːs/ - /kʀˈɔːʃ/
[4/4] ɡ-k / r-ʀ / ˈaː-ˈɔː / s-ʃ

-------------------

/ɡrˈɔs/ - /ɡʀˈɔ/
[1/2] ɡ-ɡ / r-ʀ / ˈɔ-ˈɔ / s_#>-#>
[1/2] ɡ-ɡ / r-ʀ / ˈɔ-ˈɔ / s-∅

-------------------

/ɡˈʌu̯la/ - /ɡˈøːj/
[1/2] ɡ-ɡ / ˈʌu̯-ˈøː / l_a-j
[1/2] ɡ-ɡ / ˈʌu̯-ˈøː / l-∅ / a-j

-------------------

/ɡˈʌθa/ - /ɡˈɔt/
[2/2] ɡ-ɡ / ˈʌ-ˈɔ / θ-t / a_#>-#>

-------------------

/ʤaθˈɛr/ - /ʤalˈe/
[3/3] ʤ-ʤ / a-a / θ-∅ / ∅-l / ˈɛ_r-ˈe

-------------------

/ʤˈaːθ/ - /ɡlˈɛs/
[1/1] ʤ-∅ / ∅-ɡ / ∅-l / ˈaː-ˈɛ / θ-s

-------------------

/ʧamˈɛr/ - /klamˈe/
[2/2] ʧ-∅ / ∅-k / ∅-l / a-a / m-m / ˈɛ-ˈe / r-∅

-------------------

/ˈaːj/ - /ˈa/
[1/2] ˈaː_j-ˈa
[1/2] ˈaː-ˈa / j_#>-#>

-------------------

/ˈiːzla/ - /ˈiːj/
[1/1] ˈiː-ˈiː / z-∅ / l-∅ / a-j

-------------------

/ˈoŋ/ - /ˈɔ̃/
[1/1] ˈo-∅ / ŋ-ˈɔ̃

-------------------

/ˈuːʧ/ - /ˈuːj/
[2/2] ˈuː-ˈuː / ʧ-j

-------------------

/ˈɔm/ - /ˈɔm/
[3/3] ˈɔ-ˈɔ / m-m

-------------------

/ˈɔs/ - /ɔʃjˈa/
[1/2] ˈɔ-ɔ / s-ʃ / ∅-j / ∅-ˈa
[1/2] ˈɔ-ɔ / s-ʃ / ∅-j / #>-ˈa_#>

-------------------

/ˈɔt/ - /ˈyːt/
[2/2] ˈɔ-ˈyː / t-t

-------------------

/ˈɔʧ/ - /ˈuːj/
[2/2] ˈɔ-ˈuː / ʧ-j

-------------------

/ˈɔːr/ - /ˈoːʀ/
[2/2] ˈɔː-ˈoː / r-ʀ

-------------------

/ˈɔːv/ - /ˈuː/
[2/4] ˈɔː-ˈuː / v_#>-#>
[2/4] ˈɔː-ˈuː / v-∅

-------------------

/ˈɔːvra/ - /ˈuːf/
[2/3] ˈɔː-ˈuː / v-f / r-∅ / a-∅
[1/3] ˈɔː-ˈuː / v-f / r-∅ / a_#>-#>

-------------------

/ˈɛter/ - /ˈoːt/
[2/2] ˈɛ-ˈoː / t_e-t / r_#>-#>

-------------------

/θiŋkwˈaŋta/ - /sẽkwˈɑ̃t/
[2/3] θ-s / i-ẽ / ŋ-∅ / k-k / w-w / ˈa_ŋ-ˈɑ̃ / t-t / a_#>-#>
[1/3] θ-s / i-ẽ / ŋ_k-k / w-w / ˈa-ˈɑ̃ / ŋ-∅ / t-t / a-∅

-------------------

/θrˈiːza/ - /sɛʀˈeːʃ/
[1/2] θ-s / ∅-ɛ / r-ʀ / ˈiː-ˈeː / z-ʃ / a_#>-#>
[1/2] θ-s / ∅-ɛ / r-ʀ / ˈiː-ˈeː / z-ʃ / a-∅

-------------------

/θˈeŋk/ - /sˈẽk/
[3/4] θ-s / ˈe_ŋ-ˈẽ / k-k
[1/4] θ-s / ˈe-ˈẽ / ŋ-∅ / k-k

-------------------

/θˈiːl/ - /sˈiːʀ/
[3/3] θ-s / ˈiː-ˈiː / l-ʀ

-------------------

/θˈiːra/ - /sˈeːʀ/
[2/2] θ-s / ˈiː-ˈeː / r_a-ʀ

-------------------

/θˈæŋt/ - /sˈɛ̃/
[2/3] θ-s / ˈæ-∅ / ŋ-ˈɛ̃ / t-∅
[1/3] θ-s / ˈæ_ŋ-ˈɛ̃ / t_#>-#>

-------------------

