Same meaning pairs: 251
****SAMPLE 1****
Iteration 1
	Qualified: 195
	Disqualified: 207
	Added: 0
	Removed: 6
		vojàutri /vujˈawtri/ - vus /vˈus/
		pansa /pˈaŋsa/ - venter /vˈɛntər/
		eva /ˈeva/ - aua /ˈawə/
		nen /nˈɛŋ/ - na /nˈa/
		bianc /bjˈaŋk/ - alv /ˈalf/
		aidé /ajdˈe/ - ɡidar /ʥidˈar/

Iteration 2
	Qualified: 193
	Disqualified: 209
	Added: 0
	Removed: 2
		òr /ˈɔr/ - aur /ˈawr/
		cò /kˈɔ/ - chau /ʨˈaw/

Iteration 3
	Qualified: 195
	Disqualified: 207
	Added: 2
		òr /ˈɔr/ - aur /ˈawr/
		cò /kˈɔ/ - chau /ʨˈaw/
	Removed: 0

Final qualifying:
		anel /anˈɛl/ - anè /ənˈɛ/
		araɡn /arˈaɲ/ - aroɡn /ərˈɔɲ/
		aɡnel /aɲˈɛl/ - aɡnè /əɲˈɛ/
		brusé /bryzˈe/ - brischar /briʃˈaːr/
		baɡn /bˈaɲ/ - baɡn /bˈaɲ/
		beive /bˈejve/ - baiver /bˈajvər/
		boca /bˈuka/ - bucca /bˈukə/
		bon /bˈuŋ/ - bun /bˈun/
		beu /bˈø/ - bov /bˈɔf/
		bel /bˈɛl/ - bel /bˈɛl/
		ben /bˈɛn/ - bain /bˈajn/
		dé /dˈe/ - dar /dˈaːr/
		des /dˈes/ - diesch /dˈiəʃ/
		dil /dˈil/ - det /dˈɛt/
		doe /dˈue/ - duas /dˈuəs/
		doi /dˈuj/ - dus /dˈus/
		doss /dˈus/ - dultsch /dˈulʧ/
		deurme /dˈørme/ - durmir /durmˈir/
		dòna /dˈɔna/ - dunna /dˈunə/
		dent /dˈɛŋt/ - dent /dˈɛnt/
		farin-a /farˈiŋa/ - farina /fərˈinə/
		fior /fjˈur/ - flur /flˈur/
		fium /fjˈym/ - flum /flˈum/
		freid /frˈejd/ - fraid /frˈajt/
		frut /frˈyt/ - fritɡ /frˈiʨ/
		fam /fˈam/ - fom /fˈɔm/
		fé /fˈe/ - far /fˈaːr/
		fij /fˈij/ - fiɡl /fˈiʎ/
		fija /fˈija/ - fiɡlia /fˈiʎə/
		fin /fˈin/ - fin /fˈin/
		fum /fˈym/ - fim /fˈim/
		feu /fˈø/ - fieu /fjˈɛw/
		fomna /fˈɔmna/ - femna /fˈemnə/
		fer /fˈɛr/ - fier /fjˈɛːr/
		festa /fˈɛsta/ - fiasta /fjˈastə/
		invern /invˈɛrn/ - enviern /ənvjˈeːrn/
		cambié /kambjˈe/ - chamɡiar /ʨəmʥˈaːr/
		castel /kastˈɛl/ - chastè /ʨəstˈɛ/
		cassé /kasˈe/ - chatschar /ʨəʧˈaːr/
		caval /kavˈal/ - chaval /ʨəvˈal/
		cavèj /kavˈɛj/ - chavel /ʨəvˈel/
		crava /krˈava/ - chaura /ʨˈawrə/
		cros /krˈus/ - crousch /krˈowʃ/
		cros /krˈus/ - crusch /krˈuʃ/
		color /kulˈɔr/ - colur /kolˈuːr/
		conòsse /kunˈɔse/ - conuscher /kənˈuʃər/
		coɡnòsse /kuɲˈɔse/ - conuscher /kənˈuʃər/
		quaja /kwˈaja/ - quaiɡlia /kwˈajʎə/
		quatr /kwˈatr/ - quatter /kuˈaːtər/
		chërde /kərdˈe/ - crair /krˈajr/
		ca /kˈa/ - chasa /ʨˈaːzə/
		car /kˈar/ - char /ʨˈaːr/
		carn /kˈarŋ/ - charn /ʨˈaːrn/
		càud /kˈawd/ - chaud /ʨˈawt/
		can /kˈaŋ/ - chaun /ʨˈawn/
		che /kˈe/ - tɡe /ʨˈeː/
		coa /kˈua/ - cua /kˈuə/
		cul /kˈyl/ - tɡil /ʨˈil/
		curt /kˈyrt/ - curt /kˈurt/
		cheur /kˈør/ - cor /kˈoːr/
		cheussa /kˈøsa/ - coissa /kˈojsə/
		cò /kˈɔ/ - chau /ʨˈaw/
		corn /kˈɔrn/ - corna /kˈɔrnə/
		còrp /kˈɔrp/ - corp /kˈɔːrp/
		còsta /kˈɔsta/ - costa /kˈɔstə/
		cosa /kˈɔza/ - chaussa /ʨˈawsə/
		lion /ljˈuŋ/ - liun /ljˈun/
		làit /lˈajt/ - latɡ /lˈaʨ/
		lana /lˈana/ - launa /lˈawnə/
		laɡh /lˈaɡ/ - laɡ /lˈak/
		lerma /lˈerma/ - larma /lˈarmə/
		lonɡh /lˈuŋɡ/ - lunɡ /lˈuŋ/
		lum /lˈym/ - ɡlisch /ʎˈiʃ/
		lun-a /lˈyŋa/ - ɡlina /ʎˈinə/
		leuɡh /lˈøɡ/ - lieu /ljˈɛw/
		let /lˈɛt/ - letɡ /lˈɛʨ/
		levr /lˈɛvr/ - lieur /ljˈɛwr/
		lese /lˈɛze/ - leɡer /lˈɛʥər/
		lenɡa /lˈɛŋɡa/ - lieunɡa /ljˈɛwŋɡə/
		massé /masˈe/ - mazzar /maʦʦˈaːr/
		manɡé /maŋʤˈe/ - manɡiar /mənʥˈaːr/
		mijor /mijˈur/ - meɡlier /məʎˈer/
		montaɡna /muŋtˈaɲa/ - muntaɡna /muntˈaɲə/
		man /mˈaŋ/ - maun /mˈawn/
		mosca /mˈuska/ - mustɡa /mˈuʃʨə/
		meuire /mˈøjre/ - murir /murˈiːr/
		mòrte /mˈɔrte/ - mort /mˈɔːrt/
		mel /mˈɛl/ - mel /mˈɛl/
		nué /nuˈe/ - nudar /nudˈaːr/
		nas /nˈas/ - nas /nˈas/
		nasse /nˈase/ - nascher /nˈaʃər/
		nebia /nˈebja/ - nível /nˈivəl/
		nivola /nˈivula/ - nível /nˈivəl/
		noi /nˈuj/ - nus /nˈus/
		neuit /nˈøjt/ - notɡ /nˈɔʨ/
		neuv /nˈøv/ - nov /nˈɔf/
		nom /nˈɔm/ - num /nˈum/
		nòst /nˈɔst/ - noss /nˈɔs/
		nòstr /nˈɔstr/ - noss /nˈɔs/
		palass /palˈas/ - palaz /pəlˈaʦ/
		piaɡa /pjˈaɡa/ - plaja /plˈajə/
		pien /pjˈeŋ/ - plain /plˈajn/
		piuma /pjˈyma/ - plima /plˈimə/
		piuma /pjˈyma/ - penna /pˈenə/
		pieuva /pjˈøva/ - plievɡia /plˈiəvʥə/
		pressi /prˈɛsi/ - predsch /prˈɛʧ/
		pan /pˈan/ - pawn /pˈawn/
		pas /pˈas/ - pasch /pˈaʃ/
		pess /pˈes/ - pesch /pˈeʃ/
		poss /pˈus/ - puoz /pwˈɔʦ/
		pont /pˈuŋt/ - punt /pˈunt/
		puɡn /pˈuɲ/ - puɡn /pˈuɲ/
		pòrs /pˈɔrs/ - portɡ /pˈɔːrʨ/
		pòver /pˈɔver/ - pover /pˈɔvər/
		pel /pˈɛl/ - pel /pˈɛl/
		pèt /pˈɛt/ - pèz /pˈɛʦ/
		rason /razˈun/ - raschun /raʃˈun/
		reɡin-a /reʤˈiŋa/ - reɡina /rəʥˈinə/
		roman /rumˈaŋ/ - roman /romˈan/
		rotond /rutˈuŋd/ - radund /rədˈunt/
		raɡn /rˈaɲ/ - aroɡn /ərˈɔɲ/
		re /rˈɛ/ - retɡ /rˈeʨ/
		rèj /rˈɛj/ - retɡ /rˈeʨ/
		seresa /serˈesa/ - tscharescha /ʧərˈeʃə/
		sità /sitˈa/ - sitad /sitˈat/
		sinquanta /siŋkwˈanta/ - tschuncanta /ʧuŋkˈantə/
		scrive /skrˈive/ - scriver /ʃkrˈivər/
		scorsa /skˈɔrsa/ - scorsa /ʃkˈɔrsə/
		spa /spˈa/ - spada /ʃpˈadə/
		spi /spˈi/ - spia /ʃpˈiə/
		spin-a /spˈiŋa/ - spina /ʃpˈinə/
		steila /stˈejla/ - staila /ʃtˈajlə/
		sabia /sˈabja/ - sablun /səblˈun/
		sal /sˈal/ - sal /sˈal/
		seda /sˈeda/ - saida /sˈajdə/
		ses /sˈes/ - sis /sˈis/
		sinner /sˈinər/ - tschendra /ʧˈɛndrə/
		sira /sˈira/ - tschaira /ʧˈajrə/
		sinch /sˈiŋk/ - tschintɡ /ʧˈinʨ/
		sol /sˈul/ - suleɡl /sulˈeʎ/
		sèira /sˈɛjra/ - saira /sˈajrə/
		sech /sˈɛk/ - setɡ /sˈeʨ/
		sech /sˈɛk/ - sitɡ /sˈiʨ/
		tre /trˈɛ/ - trais /trˈajs/
		ti /tˈi/ - ti /tˈi/
		tut /tˈyt/ - tut /tˈut/
		tòr /tˈɔr/ - taur /tˈawr/
		temp /tˈɛŋp/ - temp /tˈɛmp/
		osel /uzˈɛl/ - utschè /uʧˈɛ/
		vitel /vitˈɛl/ - vadè /vədˈɛ/
		viaɡi /vjˈaʤi/ - viadi /vjˈadi/
		volé /vulˈe/ - sɡular /ʒɡulˈar/
		vzin /vzˈin/ - vischin /viʃˈin/
		vërɡòɡna /vərɡˈɔɲa/ - verɡuoɡna /vərɡˈuɔ̯ɲə/
		vaca /vˈaka/ - vatɡa /vˈaʨə/
		via /vˈia/ - via /vˈiə/
		vila /vˈila/ - villa /vˈilə/
		vita /vˈita/ - vita /vˈitə/
		vin /vˈiŋ/ - vin /vˈin/
		vint /vˈiŋt/ - ventɡ /vˈɛnʨ/
		voi /vˈuj/ - vus /vˈus/
		vos /vˈus/ - vusch /vˈuʃ/
		vej /vˈɛj/ - veɡl /vˈɛʎ/
		verd /vˈɛrd/ - verd /vˈeːrt/
		verm /vˈɛrm/ - verm /vˈɛrm/
		vent /vˈɛŋt/ - vent /vˈɛnt/
		ɡrass /ɡrˈas/ - ɡrass /ɡrˈas/
		ɡrand /ɡrˈaŋt/ - ɡrond /ɡrˈɔnt/
		ɡròss /ɡrˈɔs/ - ɡross /ɡrˈɔs/
		ɡat /ɡˈat/ - ɡiat /ʥˈat/
		ɡossa /ɡˈusa/ - ɡut /ɡˈut/
		ɡënner /ʤənˈɛr/ - schender /ʃˈɛndər/
		ɡiassa /ʤˈasa/ - ɡlatsch /ɡlˈaʧ/
		ɡinoj /ʤˈinuj/ - schanuɡl /ʃənˈuʎ/
		ɡieuɡh /ʤˈøɡ/ - ɡieu /ʥjˈɛw/
		ciamé /ʧamˈe/ - clamar /kləmˈaːr/
		ceresa /ʧerˈeza/ - tscharescha /ʧərˈeʃə/
		cel /ʧˈel/ - tschiel /ʧˈiəl/
		cit /ʧˈit/ - pitschen /pˈiʧən/
		aj /ˈaj/ - aɡl /ˈaʎ/
		alba /ˈalba/ - alva /ˈalvə/
		ànɡel /ˈanʤel/ - anɡhel /ˈaŋɡəl/
		avija /ˈavija/ - avieul /avjˈewl/
		ann /ˈaŋ/ - onn /ˈɔːn/
		isla /ˈisla/ - insla /ˈinslə/
		ors /ˈurs/ - urs /ˈurs/
		un /ˈyŋ/ - in /ˈin/
		euj /ˈøj/ - eɡl /ˈɛʎ/
		eut /ˈøt/ - otɡ /ˈɔʨ/
		euvra /ˈøvra/ - ovra /ˈɔvrə/
		òca /ˈɔka/ - auca /ˈawkə/
		om /ˈɔm/ - um /ˈum/
		òr /ˈɔr/ - aur /ˈawr/
		oss /ˈɔs/ - oss /ˈɔs/
		erba /ˈɛrba/ - erva /ˈɛːrvə/

Final disqualified:
		aidé /ajdˈe/ - ɡidar /ʥidˈar/
		bianc /bjˈaŋk/ - alv /ˈalf/
		nen /nˈɛŋ/ - na /nˈa/
		pansa /pˈaŋsa/ - venter /vˈɛntər/
		vojàutri /vujˈawtri/ - vus /vˈus/
		eva /ˈeva/ - aua /ˈawə/


-------------------

****SAMPLE 2****
Iteration 1
	Qualified: 189
	Disqualified: 213
	Added: 0
	Removed: 12
		rais /rˈajs/ - raɡisch /rəʥˈiʃ/
		chërde /kərdˈe/ - crair /krˈajr/
		cavèj /kavˈɛj/ - pail /pˈajl/
		leu /lˈø/ - lieu /ljˈɛw/
		eva /ˈeva/ - aua /ˈawə/
		ɡiaun /ʤˈawŋ/ - mellen /mˈɛlən/
		dil /dˈil/ - det /dˈɛt/
		smens /smˈɛns/ - sem /sˈem/
		òr /ˈɔr/ - aur /ˈawr/
		aif /ˈajf/ - avieul /avjˈewl/
		bianc /bjˈaŋk/ - alv /ˈalf/
		pare /pˈare/ - bab /bˈaːp/

Iteration 2
	Qualified: 190
	Disqualified: 212
	Added: 2
		leu /lˈø/ - lieu /ljˈɛw/
		òr /ˈɔr/ - aur /ˈawr/
	Removed: 1
		sabia /sˈabja/ - sablun /səblˈun/

Iteration 3
	Qualified: 195
	Disqualified: 207
	Added: 5
		rais /rˈajs/ - raɡisch /rəʥˈiʃ/
		chërde /kərdˈe/ - crair /krˈajr/
		sabia /sˈabja/ - sablun /səblˈun/
		eva /ˈeva/ - aua /ˈawə/
		smens /smˈɛns/ - sem /sˈem/
	Removed: 0

Iteration 4
	Qualified: 195
	Disqualified: 207
	Added: 1
		dil /dˈil/ - det /dˈɛt/
	Removed: 1
		rais /rˈajs/ - raɡisch /rəʥˈiʃ/

Iteration 5
	Qualified: 196
	Disqualified: 206
	Added: 1
		rais /rˈajs/ - raɡisch /rəʥˈiʃ/
	Removed: 0

Iteration 6
	Qualified: 196
	Disqualified: 206
	Added: 0
	Removed: 0

Final qualifying:
		aidé /ajdˈe/ - ɡidar /ʥidˈar/
		anel /anˈɛl/ - anè /ənˈɛ/
		araɡn /arˈaɲ/ - aroɡn /ərˈɔɲ/
		aɡnel /aɲˈɛl/ - aɡnè /əɲˈɛ/
		brusé /bryzˈe/ - brischar /briʃˈaːr/
		baɡn /bˈaɲ/ - baɡn /bˈaɲ/
		beive /bˈejve/ - baiver /bˈajvər/
		boca /bˈuka/ - bucca /bˈukə/
		bon /bˈuŋ/ - bun /bˈun/
		beu /bˈø/ - bov /bˈɔf/
		bel /bˈɛl/ - bel /bˈɛl/
		ben /bˈɛn/ - bain /bˈajn/
		dé /dˈe/ - dar /dˈaːr/
		des /dˈes/ - diesch /dˈiəʃ/
		di /dˈi/ - di /dˈi/
		dil /dˈil/ - det /dˈɛt/
		dódes /dˈudes/ - dudesch /dˈudəʃ/
		doe /dˈue/ - duas /dˈuəs/
		doi /dˈuj/ - dus /dˈus/
		doss /dˈus/ - dultsch /dˈulʧ/
		deurme /dˈørme/ - durmir /durmˈir/
		dòna /dˈɔna/ - dunna /dˈunə/
		fior /fjˈur/ - flur /flˈur/
		fium /fjˈym/ - flum /flˈum/
		frar /frˈar/ - frar /frˈar/
		fam /fˈam/ - fom /fˈɔm/
		fé /fˈe/ - far /fˈaːr/
		fij /fˈij/ - fiɡl /fˈiʎ/
		fija /fˈija/ - fiɡlia /fˈiʎə/
		fin /fˈin/ - fin /fˈin/
		fin /fˈiŋ/ - fin /fˈin/
		feu /fˈø/ - fieu /fjˈɛw/
		feuja /fˈøja/ - feɡl /fˈeʎ/
		feuɡh /fˈøɡ/ - fieu /fjˈɛw/
		fomna /fˈɔmna/ - femna /fˈemnə/
		fer /fˈɛr/ - fier /fjˈɛːr/
		festa /fˈɛsta/ - fiasta /fjˈastə/
		invern /invˈɛrn/ - enviern /ənvjˈeːrn/
		cambié /kambjˈe/ - chamɡiar /ʨəmʥˈaːr/
		castel /kastˈɛl/ - chastè /ʨəstˈɛ/
		cassé /kasˈe/ - chatschar /ʨəʧˈaːr/
		caval /kavˈal/ - chaval /ʨəvˈal/
		cavèj /kavˈɛj/ - chavel /ʨəvˈel/
		crava /krˈava/ - chaura /ʨˈawrə/
		cros /krˈus/ - crusch /krˈuʃ/
		color /kulˈɔr/ - colur /kolˈuːr/
		conòsse /kunˈɔse/ - conuscher /kənˈuʃər/
		coɡnòsse /kuɲˈɔse/ - conuscher /kənˈuʃər/
		quaja /kwˈaja/ - quaiɡlia /kwˈajʎə/
		quatr /kwˈatr/ - quatter /kuˈaːtər/
		chërde /kərdˈe/ - crair /krˈajr/
		ca /kˈa/ - chasa /ʨˈaːzə/
		car /kˈar/ - char /ʨˈaːr/
		carn /kˈarŋ/ - charn /ʨˈaːrn/
		càud /kˈawd/ - chaud /ʨˈawt/
		can /kˈaŋ/ - chaun /ʨˈawn/
		chi /kˈi/ - tɡi /ʨˈi/
		cul /kˈyl/ - tɡil /ʨˈil/
		curt /kˈyrt/ - curt /kˈurt/
		cheur /kˈør/ - cor /kˈoːr/
		cheussa /kˈøsa/ - coissa /kˈojsə/
		còsta /kˈɔsta/ - costa /kˈɔstə/
		lion /ljˈuŋ/ - liun /ljˈun/
		làit /lˈajt/ - latɡ /lˈaʨ/
		lana /lˈana/ - launa /lˈawnə/
		lan-a /lˈaŋa/ - launa /lˈawnə/
		laɡh /lˈaɡ/ - laɡ /lˈak/
		lerma /lˈerma/ - larma /lˈarmə/
		leɡe /lˈeʤe/ - lescha /lˈeʃə/
		lìber /lˈiber/ - liber /lˈiber/
		lonɡh /lˈuŋɡ/ - lunɡ /lˈuŋ/
		lum /lˈym/ - ɡlisch /ʎˈiʃ/
		lus /lˈys/ - ɡlisch /ʎˈiʃ/
		lun-a /lˈyŋa/ - ɡlina /ʎˈinə/
		leu /lˈø/ - lieu /ljˈɛw/
		leuɡh /lˈøɡ/ - lieu /ljˈɛw/
		lëɡna /lˈəɲa/ - lain /lˈajn/
		let /lˈɛt/ - letɡ /lˈɛʨ/
		levr /lˈɛvr/ - lieur /ljˈɛwr/
		lese /lˈɛze/ - leɡer /lˈɛʥər/
		lenɡa /lˈɛŋɡa/ - lieunɡa /ljˈɛwŋɡə/
		madur /madˈyr/ - madir /mədˈiːr/
		massé /masˈe/ - mazzar /maʦʦˈaːr/
		mijor /mijˈur/ - meɡlier /məʎˈer/
		montaɡna /muŋtˈaɲa/ - muntaɡna /muntˈaɲə/
		man /mˈaŋ/ - maun /mˈawn/
		mila /mˈila/ - milli /mˈiːli/
		mosca /mˈuska/ - mustɡa /mˈuʃʨə/
		meuire /mˈøjre/ - murir /murˈiːr/
		mòrte /mˈɔrte/ - mort /mˈɔːrt/
		nué /nuˈe/ - nudar /nudˈaːr/
		nas /nˈas/ - nas /nˈas/
		nasse /nˈase/ - nascher /nˈaʃər/
		nebia /nˈebja/ - nível /nˈivəl/
		nef /nˈef/ - naiv /nˈajf/
		nivola /nˈivula/ - nível /nˈivəl/
		nos /nˈus/ - nusch /nˈuʃ/
		neuv /nˈøv/ - nov /nˈɔf/
		neuv /nˈøv/ - nov /nˈɔf/
		nòst /nˈɔst/ - noss /nˈɔs/
		nòstr /nˈɔstr/ - noss /nˈɔs/
		neir /nˈɛjr/ - nair /nˈajr/
		nen /nˈɛŋ/ - na /nˈa/
		palass /palˈas/ - palaz /pəlˈaʦ/
		piaɡa /pjˈaɡa/ - plaja /plˈajə/
		pien /pjˈeŋ/ - plain /plˈajn/
		piuma /pjˈyma/ - plima /plˈimə/
		piuma /pjˈyma/ - penna /pˈenə/
		pieuva /pjˈøva/ - plievɡia /plˈiəvʥə/
		pressi /prˈɛsi/ - predsch /prˈɛʧ/
		podèj /pudˈɛj/ - pudair /pudˈajr/
		pan /pˈan/ - pawn /pˈawn/
		pas /pˈas/ - pasch /pˈaʃ/
		pess /pˈes/ - pesch /pˈeʃ/
		poj /pˈuj/ - pluɡl /plˈuʎ/
		pont /pˈuŋt/ - punt /pˈunt/
		puɡn /pˈuɲ/ - puɡn /pˈuɲ/
		pòch /pˈɔk/ - pauc /pˈawk/
		pòrs /pˈɔrs/ - portɡ /pˈɔːrʨ/
		pòver /pˈɔver/ - pover /pˈɔvər/
		pel /pˈɛl/ - pel /pˈɛl/
		pèt /pˈɛt/ - pèz /pˈɛʦ/
		radis /radˈis/ - raɡisch /rəʥˈiʃ/
		rason /razˈun/ - raschun /raʃˈun/
		roman /rumˈaŋ/ - roman /romˈan/
		rotond /rutˈuŋd/ - radund /rədˈunt/
		rais /rˈajs/ - raɡisch /rəʥˈiʃ/
		raɡn /rˈaɲ/ - aroɡn /ərˈɔɲ/
		re /rˈɛ/ - retɡ /rˈeʨ/
		savèj /savˈɛj/ - savair /səvˈajr/
		seresa /serˈesa/ - tscharescha /ʧərˈeʃə/
		sità /sitˈa/ - sitad /sitˈat/
		smens /smˈɛns/ - sem /sˈem/
		spi /spˈi/ - spia /ʃpˈiə/
		steila /stˈejla/ - staila /ʃtˈajlə/
		sabia /sˈabja/ - sablun /səblˈun/
		sal /sˈal/ - sal /sˈal/
		seda /sˈeda/ - saida /sˈajdə/
		ses /sˈes/ - sis /sˈis/
		sira /sˈira/ - tschaira /ʧˈajrə/
		sinch /sˈiŋk/ - tschintɡ /ʧˈinʨ/
		sech /sˈɛk/ - setɡ /sˈeʨ/
		sech /sˈɛk/ - sitɡ /sˈiʨ/
		sent /sˈɛŋt/ - tschient /ʧˈiənt/
		tre /trˈɛ/ - trais /trˈajs/
		ti /tˈi/ - ti /tˈi/
		tut /tˈyt/ - tut /tˈut/
		tòr /tˈɔr/ - taur /tˈawr/
		temp /tˈɛŋp/ - temp /tˈɛmp/
		orija /urˈija/ - ureɡlia /urˈeʎə/
		osel /uzˈɛl/ - utschè /uʧˈɛ/
		vitel /vitˈɛl/ - vadè /vədˈɛ/
		viaɡi /vjˈaʤi/ - viadi /vjˈadi/
		volé /vulˈe/ - sɡular /ʒɡulˈar/
		vzin /vzˈin/ - vischin /viʃˈin/
		vërɡòɡna /vərɡˈɔɲa/ - verɡuoɡna /vərɡˈuɔ̯ɲə/
		vaca /vˈaka/ - vatɡa /vˈaʨə/
		ven-e /vˈeŋe/ - veɡnir /vəɲˈiːr/
		via /vˈia/ - via /vˈiə/
		vila /vˈila/ - villa /vˈilə/
		vint /vˈiŋt/ - ventɡ /vˈɛnʨ/
		voi /vˈuj/ - vus /vˈus/
		vos /vˈus/ - vusch /vˈuʃ/
		vòl /vˈɔl/ - sɡol /ʒɡˈɔl/
		vëdde /vˈədde/ - vesair /veːsˈajr/
		vej /vˈɛj/ - veɡl /vˈɛʎ/
		verd /vˈɛrd/ - verd /vˈeːrt/
		verm /vˈɛrm/ - verm /vˈɛrm/
		ɡrand /ɡrˈaŋt/ - ɡrond /ɡrˈɔnt/
		ɡròss /ɡrˈɔs/ - ɡross /ɡrˈɔs/
		ɡossa /ɡˈusa/ - ɡut /ɡˈut/
		ɡeilé /ʤejlˈe/ - schelar /ʃəlˈa/
		ɡënner /ʤənˈɛr/ - schender /ʃˈɛndər/
		ɡiassa /ʤˈasa/ - ɡlatsch /ɡlˈaʧ/
		ɡinoj /ʤˈinuj/ - schanuɡl /ʃənˈuʎ/
		ɡieuɡh /ʤˈøɡ/ - ɡieu /ʥjˈɛw/
		ceresa /ʧerˈeza/ - tscharescha /ʧərˈeʃə/
		cel /ʧˈel/ - tschiel /ʧˈiəl/
		alba /ˈalba/ - alva /ˈalvə/
		ànɡel /ˈanʤel/ - anɡhel /ˈaŋɡəl/
		avija /ˈavija/ - avieul /avjˈewl/
		ann /ˈaŋ/ - onn /ˈɔːn/
		eva /ˈeva/ - aua /ˈawə/
		isla /ˈisla/ - insla /ˈinslə/
		ors /ˈurs/ - urs /ˈurs/
		onɡia /ˈuŋʤa/ - unɡla /ˈunɡlə/
		un /ˈyŋ/ - in /ˈin/
		euj /ˈøj/ - eɡl /ˈɛʎ/
		eut /ˈøt/ - otɡ /ˈɔʨ/
		euv /ˈøv/ - ov /ˈɔf/
		euvra /ˈøvra/ - ovra /ˈɔvrə/
		òca /ˈɔka/ - auca /ˈawkə/
		om /ˈɔm/ - um /ˈum/
		òr /ˈɔr/ - aur /ˈawr/
		oss /ˈɔs/ - oss /ˈɔs/
		erba /ˈɛrba/ - erva /ˈɛːrvə/

Final disqualified:
		bianc /bjˈaŋk/ - alv /ˈalf/
		cavèj /kavˈɛj/ - pail /pˈajl/
		pare /pˈare/ - bab /bˈaːp/
		ɡiaun /ʤˈawŋ/ - mellen /mˈɛlən/
		aif /ˈajf/ - avieul /avjˈewl/


-------------------

****SAMPLE 3****
Iteration 1
	Qualified: 193
	Disqualified: 209
	Added: 0
	Removed: 8
		cavèj /kavˈɛj/ - pail /pˈajl/
		vojàutri /vujˈawtri/ - vus /vˈus/
		pansa /pˈaŋsa/ - venter /vˈɛntər/
		cò /kˈɔ/ - chau /ʨˈaw/
		ɡiaun /ʤˈawŋ/ - mellen /mˈɛlən/
		òr /ˈɔr/ - aur /ˈawr/
		aif /ˈajf/ - avieul /avjˈewl/
		pare /pˈare/ - bab /bˈaːp/

Iteration 2
	Qualified: 191
	Disqualified: 211
	Added: 2
		òr /ˈɔr/ - aur /ˈawr/
		cò /kˈɔ/ - chau /ʨˈaw/
	Removed: 4
		sabia /sˈabja/ - sablun /səblˈun/
		leu /lˈø/ - lieu /ljˈɛw/
		smens /smˈɛns/ - sem /sˈem/
		eva /ˈeva/ - aua /ˈawə/

Iteration 3
	Qualified: 194
	Disqualified: 208
	Added: 4
		sabia /sˈabja/ - sablun /səblˈun/
		leu /lˈø/ - lieu /ljˈɛw/
		smens /smˈɛns/ - sem /sˈem/
		eva /ˈeva/ - aua /ˈawə/
	Removed: 1
		òr /ˈɔr/ - aur /ˈawr/

Iteration 4
	Qualified: 195
	Disqualified: 207
	Added: 1
		òr /ˈɔr/ - aur /ˈawr/
	Removed: 0

Iteration 5
	Qualified: 195
	Disqualified: 207
	Added: 0
	Removed: 0

Final qualifying:
		anel /anˈɛl/ - anè /ənˈɛ/
		araɡn /arˈaɲ/ - aroɡn /ərˈɔɲ/
		aɡnel /aɲˈɛl/ - aɡnè /əɲˈɛ/
		brusé /bryzˈe/ - brischar /briʃˈaːr/
		baɡn /bˈaɲ/ - baɡn /bˈaɲ/
		beive /bˈejve/ - baiver /bˈajvər/
		boca /bˈuka/ - bucca /bˈukə/
		bon /bˈuŋ/ - bun /bˈun/
		beu /bˈø/ - bov /bˈɔf/
		bel /bˈɛl/ - bel /bˈɛl/
		dé /dˈe/ - dar /dˈaːr/
		dil /dˈil/ - det /dˈɛt/
		dio /dˈiw/ - dieu /djˈɛw/
		doe /dˈue/ - duas /dˈuəs/
		doi /dˈuj/ - dus /dˈus/
		deurme /dˈørme/ - durmir /durmˈir/
		dòna /dˈɔna/ - dunna /dˈunə/
		dent /dˈɛŋt/ - dent /dˈɛnt/
		fior /fjˈur/ - flur /flˈur/
		fium /fjˈym/ - flum /flˈum/
		frut /frˈyt/ - fritɡ /frˈiʨ/
		fam /fˈam/ - fom /fˈɔm/
		fé /fˈe/ - far /fˈaːr/
		fij /fˈij/ - fiɡl /fˈiʎ/
		fija /fˈija/ - fiɡlia /fˈiʎə/
		fin /fˈin/ - fin /fˈin/
		feu /fˈø/ - fieu /fjˈɛw/
		feuɡh /fˈøɡ/ - fieu /fjˈɛw/
		fomna /fˈɔmna/ - femna /fˈemnə/
		fer /fˈɛr/ - fier /fjˈɛːr/
		festa /fˈɛsta/ - fiasta /fjˈastə/
		cambié /kambjˈe/ - chamɡiar /ʨəmʥˈaːr/
		castel /kastˈɛl/ - chastè /ʨəstˈɛ/
		cassé /kasˈe/ - chatschar /ʨəʧˈaːr/
		caval /kavˈal/ - chaval /ʨəvˈal/
		cavèj /kavˈɛj/ - chavel /ʨəvˈel/
		cros /krˈus/ - crusch /krˈuʃ/
		color /kulˈɔr/ - colur /kolˈuːr/
		conòsse /kunˈɔse/ - conuscher /kənˈuʃər/
		quatr /kwˈatr/ - quatter /kuˈaːtər/
		chërde /kərdˈe/ - crair /krˈajr/
		ca /kˈa/ - chasa /ʨˈaːzə/
		carn /kˈarŋ/ - charn /ʨˈaːrn/
		can /kˈaŋ/ - chaun /ʨˈawn/
		che /kˈe/ - tɡe /ʨˈeː/
		chi /kˈi/ - tɡi /ʨˈi/
		cul /kˈyl/ - tɡil /ʨˈil/
		cheur /kˈør/ - cor /kˈoːr/
		cheussa /kˈøsa/ - coissa /kˈojsə/
		cò /kˈɔ/ - chau /ʨˈaw/
		còrp /kˈɔrp/ - corp /kˈɔːrp/
		còsta /kˈɔsta/ - costa /kˈɔstə/
		cosa /kˈɔza/ - chaussa /ʨˈawsə/
		lion /ljˈuŋ/ - liun /ljˈun/
		làit /lˈajt/ - latɡ /lˈaʨ/
		lana /lˈana/ - launa /lˈawnə/
		lan-a /lˈaŋa/ - launa /lˈawnə/
		laɡh /lˈaɡ/ - laɡ /lˈak/
		lerma /lˈerma/ - larma /lˈarmə/
		leɡe /lˈeʤe/ - lescha /lˈeʃə/
		lìber /lˈiber/ - liber /lˈiber/
		lonɡh /lˈuŋɡ/ - lunɡ /lˈuŋ/
		lum /lˈym/ - ɡlisch /ʎˈiʃ/
		lus /lˈys/ - ɡlisch /ʎˈiʃ/
		lun-a /lˈyŋa/ - ɡlina /ʎˈinə/
		leu /lˈø/ - lieu /ljˈɛw/
		lëɡna /lˈəɲa/ - lain /lˈajn/
		let /lˈɛt/ - letɡ /lˈɛʨ/
		levr /lˈɛvr/ - lieur /ljˈɛwr/
		lese /lˈɛze/ - leɡer /lˈɛʥər/
		lenɡa /lˈɛŋɡa/ - lieunɡa /ljˈɛwŋɡə/
		madur /madˈyr/ - madir /mədˈiːr/
		massé /masˈe/ - mazzar /maʦʦˈaːr/
		manɡé /maŋʤˈe/ - manɡiar /mənʥˈaːr/
		mijor /mijˈur/ - meɡlier /məʎˈer/
		montaɡna /muŋtˈaɲa/ - muntaɡna /muntˈaɲə/
		man /mˈaŋ/ - maun /mˈawn/
		meuire /mˈøjre/ - murir /murˈiːr/
		morde /mˈɔrde/ - morder /mˈɔrdər/
		mòrte /mˈɔrte/ - mort /mˈɔːrt/
		mel /mˈɛl/ - mel /mˈɛl/
		nué /nuˈe/ - nudar /nudˈaːr/
		noatè /nwatˈɛ/ - nudar /nudˈaːr/
		nas /nˈas/ - nas /nˈas/
		nasse /nˈase/ - nascher /nˈaʃər/
		nebia /nˈebja/ - nível /nˈivəl/
		nef /nˈef/ - naiv /nˈajf/
		nivola /nˈivula/ - nível /nˈivəl/
		noi /nˈuj/ - nus /nˈus/
		nos /nˈus/ - nusch /nˈuʃ/
		neuit /nˈøjt/ - notɡ /nˈɔʨ/
		neuv /nˈøv/ - nov /nˈɔf/
		nom /nˈɔm/ - num /nˈum/
		nòst /nˈɔst/ - noss /nˈɔs/
		neir /nˈɛjr/ - nair /nˈajr/
		nen /nˈɛŋ/ - na /nˈa/
		palass /palˈas/ - palaz /pəlˈaʦ/
		piaɡa /pjˈaɡa/ - plaja /plˈajə/
		pien /pjˈeŋ/ - plain /plˈajn/
		piuma /pjˈyma/ - penna /pˈenə/
		podèj /pudˈɛj/ - pudair /pudˈajr/
		pan /pˈan/ - pawn /pˈawn/
		pé /pˈe/ - pe /pˈeː/
		pess /pˈes/ - pesch /pˈeʃ/
		poj /pˈuj/ - pluɡl /plˈuʎ/
		poss /pˈus/ - puoz /pwˈɔʦ/
		pont /pˈuŋt/ - punt /pˈunt/
		puɡn /pˈuɲ/ - puɡn /pˈuɲ/
		pòch /pˈɔk/ - pauc /pˈawk/
		pòver /pˈɔver/ - pover /pˈɔvər/
		pel /pˈɛl/ - pel /pˈɛl/
		pèt /pˈɛt/ - pèz /pˈɛʦ/
		radis /radˈis/ - raɡisch /rəʥˈiʃ/
		rason /razˈun/ - raschun /raʃˈun/
		reɡin-a /reʤˈiŋa/ - reɡina /rəʥˈinə/
		roman /rumˈaŋ/ - roman /romˈan/
		rotond /rutˈuŋd/ - radund /rədˈunt/
		raɡn /rˈaɲ/ - aroɡn /ərˈɔɲ/
		re /rˈɛ/ - retɡ /rˈeʨ/
		savèj /savˈɛj/ - savair /səvˈajr/
		sità /sitˈa/ - sitad /sitˈat/
		sinquanta /siŋkwˈanta/ - tschuncanta /ʧuŋkˈantə/
		scorsa /skˈɔrsa/ - scorsa /ʃkˈɔrsə/
		smens /smˈɛns/ - sem /sˈem/
		spa /spˈa/ - spada /ʃpˈadə/
		spi /spˈi/ - spia /ʃpˈiə/
		steila /stˈejla/ - staila /ʃtˈajlə/
		sabia /sˈabja/ - sablun /səblˈun/
		sal /sˈal/ - sal /sˈal/
		seda /sˈeda/ - saida /sˈajdə/
		ses /sˈes/ - sis /sˈis/
		sinner /sˈinər/ - tschendra /ʧˈɛndrə/
		sira /sˈira/ - tschaira /ʧˈajrə/
		sèira /sˈɛjra/ - saira /sˈajrə/
		sech /sˈɛk/ - sitɡ /sˈiʨ/
		tre /trˈɛ/ - trais /trˈajs/
		testa /tˈesta/ - testa /tˈɛstə/
		ti /tˈi/ - ti /tˈi/
		tut /tˈyt/ - tut /tˈut/
		tòr /tˈɔr/ - taur /tˈawr/
		tèra /tˈɛra/ - terra /tˈɛːrə/
		temp /tˈɛŋp/ - temp /tˈɛmp/
		orija /urˈija/ - ureɡlia /urˈeʎə/
		osel /uzˈɛl/ - utschè /uʧˈɛ/
		viaɡi /vjˈaʤi/ - viadi /vjˈadi/
		volé /vulˈe/ - sɡular /ʒɡulˈar/
		vzin /vzˈin/ - vischin /viʃˈin/
		vaca /vˈaka/ - vatɡa /vˈaʨə/
		ven-e /vˈeŋe/ - veɡnir /vəɲˈiːr/
		via /vˈia/ - via /vˈiə/
		vila /vˈila/ - villa /vˈilə/
		vita /vˈita/ - vita /vˈitə/
		vin /vˈiŋ/ - vin /vˈin/
		vint /vˈiŋt/ - ventɡ /vˈɛnʨ/
		voi /vˈuj/ - vus /vˈus/
		vos /vˈus/ - vusch /vˈuʃ/
		vòl /vˈɔl/ - sɡol /ʒɡˈɔl/
		vej /vˈɛj/ - veɡl /vˈɛʎ/
		verd /vˈɛrd/ - verd /vˈeːrt/
		verm /vˈɛrm/ - verm /vˈɛrm/
		vent /vˈɛŋt/ - vent /vˈɛnt/
		ɡrass /ɡrˈas/ - ɡrass /ɡrˈas/
		ɡrand /ɡrˈaŋt/ - ɡrond /ɡrˈɔnt/
		ɡròss /ɡrˈɔs/ - ɡross /ɡrˈɔs/
		ɡat /ɡˈat/ - ɡiat /ʥˈat/
		ɡossa /ɡˈusa/ - ɡut /ɡˈut/
		ɡeilé /ʤejlˈe/ - schelar /ʃəlˈa/
		ɡënner /ʤənˈɛr/ - schender /ʃˈɛndər/
		ɡiassa /ʤˈasa/ - ɡlatsch /ɡlˈaʧ/
		ɡinoj /ʤˈinuj/ - schanuɡl /ʃənˈuʎ/
		ɡiovo /ʤˈuvu/ - ɡiuven /ʥˈuvən/
		ɡieu /ʤˈø/ - ɡieu /ʥjˈɛw/
		ɡieuɡh /ʤˈøɡ/ - ɡieu /ʥjˈɛw/
		ciamé /ʧamˈe/ - clamar /kləmˈaːr/
		cel /ʧˈel/ - tschiel /ʧˈiəl/
		cit /ʧˈit/ - pitschen /pˈiʧən/
		aj /ˈaj/ - aɡl /ˈaʎ/
		alba /ˈalba/ - alva /ˈalvə/
		anma /ˈanma/ - olma /ˈɔlmə/
		ànɡel /ˈanʤel/ - anɡhel /ˈaŋɡəl/
		avija /ˈavija/ - avieul /avjˈewl/
		ann /ˈaŋ/ - onn /ˈɔːn/
		eva /ˈeva/ - aua /ˈawə/
		isla /ˈisla/ - insla /ˈinslə/
		ors /ˈurs/ - urs /ˈurs/
		onɡia /ˈuŋʤa/ - unɡla /ˈunɡlə/
		un /ˈyŋ/ - in /ˈin/
		euj /ˈøj/ - eɡl /ˈɛʎ/
		eut /ˈøt/ - otɡ /ˈɔʨ/
		euv /ˈøv/ - ov /ˈɔf/
		euvra /ˈøvra/ - ovra /ˈɔvrə/
		om /ˈɔm/ - um /ˈum/
		òr /ˈɔr/ - aur /ˈawr/
		oss /ˈɔs/ - oss /ˈɔs/
		erba /ˈɛrba/ - erva /ˈɛːrvə/

Final disqualified:
		cavèj /kavˈɛj/ - pail /pˈajl/
		pare /pˈare/ - bab /bˈaːp/
		pansa /pˈaŋsa/ - venter /vˈɛntər/
		vojàutri /vujˈawtri/ - vus /vˈus/
		ɡiaun /ʤˈawŋ/ - mellen /mˈɛlən/
		aif /ˈajf/ - avieul /avjˈewl/


-------------------

****SAMPLE 4****
Iteration 1
	Qualified: 194
	Disqualified: 208
	Added: 0
	Removed: 7
		cavèj /kavˈɛj/ - pail /pˈajl/
		vojàutri /vujˈawtri/ - vus /vˈus/
		pansa /pˈaŋsa/ - venter /vˈɛntər/
		ɡiaun /ʤˈawŋ/ - mellen /mˈɛlən/
		aif /ˈajf/ - avieul /avjˈewl/
		bianc /bjˈaŋk/ - alv /ˈalf/
		pare /pˈare/ - bab /bˈaːp/

Iteration 2
	Qualified: 194
	Disqualified: 208
	Added: 0
	Removed: 0

Final qualifying:
		anel /anˈɛl/ - anè /ənˈɛ/
		araɡn /arˈaɲ/ - aroɡn /ərˈɔɲ/
		brusé /bryzˈe/ - brischar /briʃˈaːr/
		baɡn /bˈaɲ/ - baɡn /bˈaɲ/
		beive /bˈejve/ - baiver /bˈajvər/
		bon /bˈuŋ/ - bun /bˈun/
		beu /bˈø/ - bov /bˈɔf/
		bel /bˈɛl/ - bel /bˈɛl/
		ben /bˈɛn/ - bain /bˈajn/
		dé /dˈe/ - dar /dˈaːr/
		des /dˈes/ - diesch /dˈiəʃ/
		di /dˈi/ - di /dˈi/
		dil /dˈil/ - det /dˈɛt/
		dio /dˈiw/ - dieu /djˈɛw/
		doe /dˈue/ - duas /dˈuəs/
		doi /dˈuj/ - dus /dˈus/
		doss /dˈus/ - dultsch /dˈulʧ/
		deurme /dˈørme/ - durmir /durmˈir/
		dòna /dˈɔna/ - dunna /dˈunə/
		dent /dˈɛŋt/ - dent /dˈɛnt/
		farin-a /farˈiŋa/ - farina /fərˈinə/
		fior /fjˈur/ - flur /flˈur/
		fium /fjˈym/ - flum /flˈum/
		frar /frˈar/ - frar /frˈar/
		frut /frˈyt/ - fritɡ /frˈiʨ/
		fam /fˈam/ - fom /fˈɔm/
		fé /fˈe/ - far /fˈaːr/
		fij /fˈij/ - fiɡl /fˈiʎ/
		fum /fˈym/ - fim /fˈim/
		feuja /fˈøja/ - feɡl /fˈeʎ/
		fomna /fˈɔmna/ - femna /fˈemnə/
		fer /fˈɛr/ - fier /fjˈɛːr/
		invern /invˈɛrn/ - enviern /ənvjˈeːrn/
		cambié /kambjˈe/ - chamɡiar /ʨəmʥˈaːr/
		castel /kastˈɛl/ - chastè /ʨəstˈɛ/
		cassé /kasˈe/ - chatschar /ʨəʧˈaːr/
		caval /kavˈal/ - chaval /ʨəvˈal/
		cavèj /kavˈɛj/ - chavel /ʨəvˈel/
		crava /krˈava/ - chaura /ʨˈawrə/
		cros /krˈus/ - crousch /krˈowʃ/
		cros /krˈus/ - crusch /krˈuʃ/
		color /kulˈɔr/ - colur /kolˈuːr/
		coɡnòsse /kuɲˈɔse/ - conuscher /kənˈuʃər/
		quatr /kwˈatr/ - quatter /kuˈaːtər/
		chërde /kərdˈe/ - crair /krˈajr/
		ca /kˈa/ - chasa /ʨˈaːzə/
		car /kˈar/ - char /ʨˈaːr/
		carn /kˈarŋ/ - charn /ʨˈaːrn/
		càud /kˈawd/ - chaud /ʨˈawt/
		chi /kˈi/ - tɡi /ʨˈi/
		coa /kˈua/ - cua /kˈuə/
		curt /kˈyrt/ - curt /kˈurt/
		cheur /kˈør/ - cor /kˈoːr/
		cheussa /kˈøsa/ - coissa /kˈojsə/
		corn /kˈɔrn/ - corna /kˈɔrnə/
		còrp /kˈɔrp/ - corp /kˈɔːrp/
		còsta /kˈɔsta/ - costa /kˈɔstə/
		cosa /kˈɔza/ - chaussa /ʨˈawsə/
		lion /ljˈuŋ/ - liun /ljˈun/
		làit /lˈajt/ - latɡ /lˈaʨ/
		lana /lˈana/ - launa /lˈawnə/
		laɡh /lˈaɡ/ - laɡ /lˈak/
		lerma /lˈerma/ - larma /lˈarmə/
		leɡe /lˈeʤe/ - lescha /lˈeʃə/
		lìber /lˈiber/ - liber /lˈiber/
		lum /lˈym/ - ɡlisch /ʎˈiʃ/
		lus /lˈys/ - ɡlisch /ʎˈiʃ/
		leu /lˈø/ - lieu /ljˈɛw/
		lëɡna /lˈəɲa/ - lain /lˈajn/
		let /lˈɛt/ - letɡ /lˈɛʨ/
		lese /lˈɛze/ - leɡer /lˈɛʥər/
		lenɡa /lˈɛŋɡa/ - lieunɡa /ljˈɛwŋɡə/
		madur /madˈyr/ - madir /mədˈiːr/
		massé /masˈe/ - mazzar /maʦʦˈaːr/
		manɡé /maŋʤˈe/ - manɡiar /mənʥˈaːr/
		mijor /mijˈur/ - meɡlier /məʎˈer/
		montaɡna /muŋtˈaɲa/ - muntaɡna /muntˈaɲə/
		man /mˈaŋ/ - maun /mˈawn/
		mila /mˈila/ - milli /mˈiːli/
		mosca /mˈuska/ - mustɡa /mˈuʃʨə/
		meuire /mˈøjre/ - murir /murˈiːr/
		morde /mˈɔrde/ - morder /mˈɔrdər/
		mel /mˈɛl/ - mel /mˈɛl/
		nué /nuˈe/ - nudar /nudˈaːr/
		noatè /nwatˈɛ/ - nudar /nudˈaːr/
		nas /nˈas/ - nas /nˈas/
		nasse /nˈase/ - nascher /nˈaʃər/
		nebia /nˈebja/ - nível /nˈivəl/
		nef /nˈef/ - naiv /nˈajf/
		nivola /nˈivula/ - nível /nˈivəl/
		noi /nˈuj/ - nus /nˈus/
		neuit /nˈøjt/ - notɡ /nˈɔʨ/
		neuv /nˈøv/ - nov /nˈɔf/
		nom /nˈɔm/ - num /nˈum/
		nòst /nˈɔst/ - noss /nˈɔs/
		nòstr /nˈɔstr/ - noss /nˈɔs/
		neir /nˈɛjr/ - nair /nˈajr/
		piuma /pjˈyma/ - plima /plˈimə/
		piuma /pjˈyma/ - penna /pˈenə/
		pieuva /pjˈøva/ - plievɡia /plˈiəvʥə/
		pressi /prˈɛsi/ - predsch /prˈɛʧ/
		podèj /pudˈɛj/ - pudair /pudˈajr/
		pan /pˈan/ - pawn /pˈawn/
		pé /pˈe/ - pe /pˈeː/
		pess /pˈes/ - pesch /pˈeʃ/
		poss /pˈus/ - puoz /pwˈɔʦ/
		puɡn /pˈuɲ/ - puɡn /pˈuɲ/
		pòrs /pˈɔrs/ - portɡ /pˈɔːrʨ/
		pòver /pˈɔver/ - pover /pˈɔvər/
		pel /pˈɛl/ - pel /pˈɛl/
		radis /radˈis/ - raɡisch /rəʥˈiʃ/
		rason /razˈun/ - raschun /raʃˈun/
		reɡin-a /reʤˈiŋa/ - reɡina /rəʥˈinə/
		roman /rumˈaŋ/ - roman /romˈan/
		rais /rˈajs/ - raɡisch /rəʥˈiʃ/
		raɡn /rˈaɲ/ - aroɡn /ərˈɔɲ/
		re /rˈɛ/ - retɡ /rˈeʨ/
		rèj /rˈɛj/ - retɡ /rˈeʨ/
		savèj /savˈɛj/ - savair /səvˈajr/
		sinquanta /siŋkwˈanta/ - tschuncanta /ʧuŋkˈantə/
		scrive /skrˈive/ - scriver /ʃkrˈivər/
		smens /smˈɛns/ - sem /sˈem/
		spa /spˈa/ - spada /ʃpˈadə/
		spi /spˈi/ - spia /ʃpˈiə/
		spin-a /spˈiŋa/ - spina /ʃpˈinə/
		sal /sˈal/ - sal /sˈal/
		sanɡh /sˈaŋɡ/ - sanɡ /sˈaŋ/
		seda /sˈeda/ - saida /sˈajdə/
		ses /sˈes/ - sis /sˈis/
		sinner /sˈinər/ - tschendra /ʧˈɛndrə/
		sira /sˈira/ - tschaira /ʧˈajrə/
		sol /sˈul/ - suleɡl /sulˈeʎ/
		sèira /sˈɛjra/ - saira /sˈajrə/
		sech /sˈɛk/ - sitɡ /sˈiʨ/
		set /sˈɛt/ - set /sˈɛt/
		sent /sˈɛŋt/ - tschient /ʧˈiənt/
		tre /trˈɛ/ - trais /trˈajs/
		testa /tˈesta/ - testa /tˈɛstə/
		ti /tˈi/ - ti /tˈi/
		tut /tˈyt/ - tut /tˈut/
		tòr /tˈɔr/ - taur /tˈawr/
		tèra /tˈɛra/ - terra /tˈɛːrə/
		temp /tˈɛŋp/ - temp /tˈɛmp/
		osel /uzˈɛl/ - utschè /uʧˈɛ/
		vitel /vitˈɛl/ - vadè /vədˈɛ/
		volé /vulˈe/ - sɡular /ʒɡulˈar/
		vzin /vzˈin/ - vischin /viʃˈin/
		ven-e /vˈeŋe/ - veɡnir /vəɲˈiːr/
		via /vˈia/ - via /vˈiə/
		vila /vˈila/ - villa /vˈilə/
		vita /vˈita/ - vita /vˈitə/
		vin /vˈiŋ/ - vin /vˈin/
		vint /vˈiŋt/ - ventɡ /vˈɛnʨ/
		voi /vˈuj/ - vus /vˈus/
		vos /vˈus/ - vusch /vˈuʃ/
		vòl /vˈɔl/ - sɡol /ʒɡˈɔl/
		vëdde /vˈədde/ - vesair /veːsˈajr/
		vej /vˈɛj/ - veɡl /vˈɛʎ/
		verm /vˈɛrm/ - verm /vˈɛrm/
		vent /vˈɛŋt/ - vent /vˈɛnt/
		ɡrass /ɡrˈas/ - ɡrass /ɡrˈas/
		ɡrand /ɡrˈaŋt/ - ɡrond /ɡrˈɔnt/
		ɡròss /ɡrˈɔs/ - ɡross /ɡrˈɔs/
		ɡat /ɡˈat/ - ɡiat /ʥˈat/
		ɡossa /ɡˈusa/ - ɡut /ɡˈut/
		ɡeilé /ʤejlˈe/ - schelar /ʃəlˈa/
		ɡënner /ʤənˈɛr/ - schender /ʃˈɛndər/
		ɡiassa /ʤˈasa/ - ɡlatsch /ɡlˈaʧ/
		ɡinoj /ʤˈinuj/ - schanuɡl /ʃənˈuʎ/
		ɡiovo /ʤˈuvu/ - ɡiuven /ʥˈuvən/
		ɡieu /ʤˈø/ - ɡieu /ʥjˈɛw/
		ɡieuɡh /ʤˈøɡ/ - ɡieu /ʥjˈɛw/
		ciamé /ʧamˈe/ - clamar /kləmˈaːr/
		ceresa /ʧerˈeza/ - tscharescha /ʧərˈeʃə/
		cit /ʧˈit/ - pitschen /pˈiʧən/
		aj /ˈaj/ - aɡl /ˈaʎ/
		alba /ˈalba/ - alva /ˈalvə/
		anma /ˈanma/ - olma /ˈɔlmə/
		ànɡel /ˈanʤel/ - anɡhel /ˈaŋɡəl/
		avija /ˈavija/ - avieul /avjˈewl/
		ann /ˈaŋ/ - onn /ˈɔːn/
		eva /ˈeva/ - aua /ˈawə/
		isla /ˈisla/ - insla /ˈinslə/
		ors /ˈurs/ - urs /ˈurs/
		onɡia /ˈuŋʤa/ - unɡla /ˈunɡlə/
		un /ˈyŋ/ - in /ˈin/
		euj /ˈøj/ - eɡl /ˈɛʎ/
		euv /ˈøv/ - ov /ˈɔf/
		euvra /ˈøvra/ - ovra /ˈɔvrə/
		òca /ˈɔka/ - auca /ˈawkə/
		om /ˈɔm/ - um /ˈum/
		òr /ˈɔr/ - aur /ˈawr/
		oss /ˈɔs/ - oss /ˈɔs/
		erba /ˈɛrba/ - erva /ˈɛːrvə/

Final disqualified:
		bianc /bjˈaŋk/ - alv /ˈalf/
		cavèj /kavˈɛj/ - pail /pˈajl/
		pare /pˈare/ - bab /bˈaːp/
		pansa /pˈaŋsa/ - venter /vˈɛntər/
		vojàutri /vujˈawtri/ - vus /vˈus/
		ɡiaun /ʤˈawŋ/ - mellen /mˈɛlən/
		aif /ˈajf/ - avieul /avjˈewl/


-------------------

****SAMPLE 5****
Iteration 1
	Qualified: 189
	Disqualified: 213
	Added: 0
	Removed: 12
		rais /rˈajs/ - raɡisch /rəʥˈiʃ/
		chërde /kərdˈe/ - crair /krˈajr/
		vojàutri /vujˈawtri/ - vus /vˈus/
		pansa /pˈaŋsa/ - venter /vˈɛntər/
		leu /lˈø/ - lieu /ljˈɛw/
		ven-e /vˈeŋe/ - veɡnir /vəɲˈiːr/
		ɡiaun /ʤˈawŋ/ - mellen /mˈɛlən/
		smens /smˈɛns/ - sem /sˈem/
		aif /ˈajf/ - avieul /avjˈewl/
		bianc /bjˈaŋk/ - alv /ˈalf/
		pare /pˈare/ - bab /bˈaːp/
		aidé /ajdˈe/ - ɡidar /ʥidˈar/

Iteration 2
	Qualified: 190
	Disqualified: 212
	Added: 2
		leu /lˈø/ - lieu /ljˈɛw/
		smens /smˈɛns/ - sem /sˈem/
	Removed: 1
		ciamé /ʧamˈe/ - clamar /kləmˈaːr/

Iteration 3
	Qualified: 193
	Disqualified: 209
	Added: 4
		rais /rˈajs/ - raɡisch /rəʥˈiʃ/
		chërde /kərdˈe/ - crair /krˈajr/
		ciamé /ʧamˈe/ - clamar /kləmˈaːr/
		ven-e /vˈeŋe/ - veɡnir /vəɲˈiːr/
	Removed: 1
		òr /ˈɔr/ - aur /ˈawr/

Iteration 4
	Qualified: 194
	Disqualified: 208
	Added: 2
		òr /ˈɔr/ - aur /ˈawr/
		aidé /ajdˈe/ - ɡidar /ʥidˈar/
	Removed: 1
		rais /rˈajs/ - raɡisch /rəʥˈiʃ/

Iteration 5
	Qualified: 195
	Disqualified: 207
	Added: 1
		rais /rˈajs/ - raɡisch /rəʥˈiʃ/
	Removed: 0

Iteration 6
	Qualified: 195
	Disqualified: 207
	Added: 0
	Removed: 0

Final qualifying:
		aidé /ajdˈe/ - ɡidar /ʥidˈar/
		anel /anˈɛl/ - anè /ənˈɛ/
		araɡn /arˈaɲ/ - aroɡn /ərˈɔɲ/
		aɡnel /aɲˈɛl/ - aɡnè /əɲˈɛ/
		brusé /bryzˈe/ - brischar /briʃˈaːr/
		baɡn /bˈaɲ/ - baɡn /bˈaɲ/
		beive /bˈejve/ - baiver /bˈajvər/
		bon /bˈuŋ/ - bun /bˈun/
		beu /bˈø/ - bov /bˈɔf/
		bel /bˈɛl/ - bel /bˈɛl/
		dé /dˈe/ - dar /dˈaːr/
		des /dˈes/ - diesch /dˈiəʃ/
		dil /dˈil/ - det /dˈɛt/
		dio /dˈiw/ - dieu /djˈɛw/
		dódes /dˈudes/ - dudesch /dˈudəʃ/
		doe /dˈue/ - duas /dˈuəs/
		doi /dˈuj/ - dus /dˈus/
		doss /dˈus/ - dultsch /dˈulʧ/
		deurme /dˈørme/ - durmir /durmˈir/
		dòna /dˈɔna/ - dunna /dˈunə/
		dent /dˈɛŋt/ - dent /dˈɛnt/
		farin-a /farˈiŋa/ - farina /fərˈinə/
		fior /fjˈur/ - flur /flˈur/
		fium /fjˈym/ - flum /flˈum/
		frar /frˈar/ - frar /frˈar/
		frut /frˈyt/ - fritɡ /frˈiʨ/
		fé /fˈe/ - far /fˈaːr/
		fij /fˈij/ - fiɡl /fˈiʎ/
		fija /fˈija/ - fiɡlia /fˈiʎə/
		fin /fˈin/ - fin /fˈin/
		fum /fˈym/ - fim /fˈim/
		feuja /fˈøja/ - feɡl /fˈeʎ/
		feuɡh /fˈøɡ/ - fieu /fjˈɛw/
		fer /fˈɛr/ - fier /fjˈɛːr/
		festa /fˈɛsta/ - fiasta /fjˈastə/
		invern /invˈɛrn/ - enviern /ənvjˈeːrn/
		cambié /kambjˈe/ - chamɡiar /ʨəmʥˈaːr/
		castel /kastˈɛl/ - chastè /ʨəstˈɛ/
		cassé /kasˈe/ - chatschar /ʨəʧˈaːr/
		cavèj /kavˈɛj/ - chavel /ʨəvˈel/
		crava /krˈava/ - chaura /ʨˈawrə/
		cros /krˈus/ - crousch /krˈowʃ/
		cros /krˈus/ - crusch /krˈuʃ/
		conòsse /kunˈɔse/ - conuscher /kənˈuʃər/
		quatr /kwˈatr/ - quatter /kuˈaːtər/
		chërde /kərdˈe/ - crair /krˈajr/
		car /kˈar/ - char /ʨˈaːr/
		carn /kˈarŋ/ - charn /ʨˈaːrn/
		càud /kˈawd/ - chaud /ʨˈawt/
		can /kˈaŋ/ - chaun /ʨˈawn/
		che /kˈe/ - tɡe /ʨˈeː/
		chi /kˈi/ - tɡi /ʨˈi/
		coa /kˈua/ - cua /kˈuə/
		cul /kˈyl/ - tɡil /ʨˈil/
		curt /kˈyrt/ - curt /kˈurt/
		cheur /kˈør/ - cor /kˈoːr/
		cheussa /kˈøsa/ - coissa /kˈojsə/
		cò /kˈɔ/ - chau /ʨˈaw/
		còrp /kˈɔrp/ - corp /kˈɔːrp/
		còsta /kˈɔsta/ - costa /kˈɔstə/
		cosa /kˈɔza/ - chaussa /ʨˈawsə/
		lion /ljˈuŋ/ - liun /ljˈun/
		làit /lˈajt/ - latɡ /lˈaʨ/
		lana /lˈana/ - launa /lˈawnə/
		lan-a /lˈaŋa/ - launa /lˈawnə/
		laɡh /lˈaɡ/ - laɡ /lˈak/
		leɡe /lˈeʤe/ - lescha /lˈeʃə/
		lìber /lˈiber/ - liber /lˈiber/
		lonɡh /lˈuŋɡ/ - lunɡ /lˈuŋ/
		lum /lˈym/ - ɡlisch /ʎˈiʃ/
		lus /lˈys/ - ɡlisch /ʎˈiʃ/
		lun-a /lˈyŋa/ - ɡlina /ʎˈinə/
		leu /lˈø/ - lieu /ljˈɛw/
		leuɡh /lˈøɡ/ - lieu /ljˈɛw/
		lëɡna /lˈəɲa/ - lain /lˈajn/
		let /lˈɛt/ - letɡ /lˈɛʨ/
		levr /lˈɛvr/ - lieur /ljˈɛwr/
		lese /lˈɛze/ - leɡer /lˈɛʥər/
		lenɡa /lˈɛŋɡa/ - lieunɡa /ljˈɛwŋɡə/
		madur /madˈyr/ - madir /mədˈiːr/
		massé /masˈe/ - mazzar /maʦʦˈaːr/
		manɡé /maŋʤˈe/ - manɡiar /mənʥˈaːr/
		mijor /mijˈur/ - meɡlier /məʎˈer/
		man /mˈaŋ/ - maun /mˈawn/
		mila /mˈila/ - milli /mˈiːli/
		mosca /mˈuska/ - mustɡa /mˈuʃʨə/
		meuire /mˈøjre/ - murir /murˈiːr/
		morde /mˈɔrde/ - morder /mˈɔrdər/
		mòrte /mˈɔrte/ - mort /mˈɔːrt/
		mel /mˈɛl/ - mel /mˈɛl/
		nué /nuˈe/ - nudar /nudˈaːr/
		nas /nˈas/ - nas /nˈas/
		nasse /nˈase/ - nascher /nˈaʃər/
		nef /nˈef/ - naiv /nˈajf/
		nivola /nˈivula/ - nível /nˈivəl/
		noi /nˈuj/ - nus /nˈus/
		neuit /nˈøjt/ - notɡ /nˈɔʨ/
		neuv /nˈøv/ - nov /nˈɔf/
		neuv /nˈøv/ - nov /nˈɔf/
		nom /nˈɔm/ - num /nˈum/
		nòst /nˈɔst/ - noss /nˈɔs/
		nòstr /nˈɔstr/ - noss /nˈɔs/
		neir /nˈɛjr/ - nair /nˈajr/
		piaɡa /pjˈaɡa/ - plaja /plˈajə/
		pien /pjˈeŋ/ - plain /plˈajn/
		pieuva /pjˈøva/ - plievɡia /plˈiəvʥə/
		pressi /prˈɛsi/ - predsch /prˈɛʧ/
		podèj /pudˈɛj/ - pudair /pudˈajr/
		pas /pˈas/ - pasch /pˈaʃ/
		pess /pˈes/ - pesch /pˈeʃ/
		poj /pˈuj/ - pluɡl /plˈuʎ/
		poss /pˈus/ - puoz /pwˈɔʦ/
		pont /pˈuŋt/ - punt /pˈunt/
		puɡn /pˈuɲ/ - puɡn /pˈuɲ/
		pòrs /pˈɔrs/ - portɡ /pˈɔːrʨ/
		pòver /pˈɔver/ - pover /pˈɔvər/
		pel /pˈɛl/ - pel /pˈɛl/
		radis /radˈis/ - raɡisch /rəʥˈiʃ/
		reɡin-a /reʤˈiŋa/ - reɡina /rəʥˈinə/
		rotond /rutˈuŋd/ - radund /rədˈunt/
		rais /rˈajs/ - raɡisch /rəʥˈiʃ/
		raɡn /rˈaɲ/ - aroɡn /ərˈɔɲ/
		re /rˈɛ/ - retɡ /rˈeʨ/
		savèj /savˈɛj/ - savair /səvˈajr/
		seresa /serˈesa/ - tscharescha /ʧərˈeʃə/
		sità /sitˈa/ - sitad /sitˈat/
		sinquanta /siŋkwˈanta/ - tschuncanta /ʧuŋkˈantə/
		scrive /skrˈive/ - scriver /ʃkrˈivər/
		scorsa /skˈɔrsa/ - scorsa /ʃkˈɔrsə/
		smens /smˈɛns/ - sem /sˈem/
		spa /spˈa/ - spada /ʃpˈadə/
		spi /spˈi/ - spia /ʃpˈiə/
		spin-a /spˈiŋa/ - spina /ʃpˈinə/
		steila /stˈejla/ - staila /ʃtˈajlə/
		sabia /sˈabja/ - sablun /səblˈun/
		sal /sˈal/ - sal /sˈal/
		sanɡh /sˈaŋɡ/ - sanɡ /sˈaŋ/
		ses /sˈes/ - sis /sˈis/
		sinner /sˈinər/ - tschendra /ʧˈɛndrə/
		sol /sˈul/ - suleɡl /sulˈeʎ/
		sèira /sˈɛjra/ - saira /sˈajrə/
		sech /sˈɛk/ - setɡ /sˈeʨ/
		sech /sˈɛk/ - sitɡ /sˈiʨ/
		set /sˈɛt/ - set /sˈɛt/
		sent /sˈɛŋt/ - tschient /ʧˈiənt/
		tre /trˈɛ/ - trais /trˈajs/
		testa /tˈesta/ - testa /tˈɛstə/
		tut /tˈyt/ - tut /tˈut/
		tòr /tˈɔr/ - taur /tˈawr/
		tèra /tˈɛra/ - terra /tˈɛːrə/
		temp /tˈɛŋp/ - temp /tˈɛmp/
		orija /urˈija/ - ureɡlia /urˈeʎə/
		viaɡi /vjˈaʤi/ - viadi /vjˈadi/
		volé /vulˈe/ - sɡular /ʒɡulˈar/
		vzin /vzˈin/ - vischin /viʃˈin/
		vërɡòɡna /vərɡˈɔɲa/ - verɡuoɡna /vərɡˈuɔ̯ɲə/
		vaca /vˈaka/ - vatɡa /vˈaʨə/
		ven-e /vˈeŋe/ - veɡnir /vəɲˈiːr/
		via /vˈia/ - via /vˈiə/
		vita /vˈita/ - vita /vˈitə/
		vint /vˈiŋt/ - ventɡ /vˈɛnʨ/
		voi /vˈuj/ - vus /vˈus/
		vòl /vˈɔl/ - sɡol /ʒɡˈɔl/
		vëdde /vˈədde/ - vesair /veːsˈajr/
		vej /vˈɛj/ - veɡl /vˈɛʎ/
		verd /vˈɛrd/ - verd /vˈeːrt/
		verm /vˈɛrm/ - verm /vˈɛrm/
		vent /vˈɛŋt/ - vent /vˈɛnt/
		ɡrand /ɡrˈaŋt/ - ɡrond /ɡrˈɔnt/
		ɡròss /ɡrˈɔs/ - ɡross /ɡrˈɔs/
		ɡat /ɡˈat/ - ɡiat /ʥˈat/
		ɡeilé /ʤejlˈe/ - schelar /ʃəlˈa/
		ɡënner /ʤənˈɛr/ - schender /ʃˈɛndər/
		ɡinoj /ʤˈinuj/ - schanuɡl /ʃənˈuʎ/
		ɡiovo /ʤˈuvu/ - ɡiuven /ʥˈuvən/
		ɡieu /ʤˈø/ - ɡieu /ʥjˈɛw/
		ɡieuɡh /ʤˈøɡ/ - ɡieu /ʥjˈɛw/
		ciamé /ʧamˈe/ - clamar /kləmˈaːr/
		ceresa /ʧerˈeza/ - tscharescha /ʧərˈeʃə/
		ciav /ʧˈav/ - clav /klˈaf/
		aj /ˈaj/ - aɡl /ˈaʎ/
		alba /ˈalba/ - alva /ˈalvə/
		anma /ˈanma/ - olma /ˈɔlmə/
		ànɡel /ˈanʤel/ - anɡhel /ˈaŋɡəl/
		avija /ˈavija/ - avieul /avjˈewl/
		ann /ˈaŋ/ - onn /ˈɔːn/
		isla /ˈisla/ - insla /ˈinslə/
		un /ˈyŋ/ - in /ˈin/
		eut /ˈøt/ - otɡ /ˈɔʨ/
		euv /ˈøv/ - ov /ˈɔf/
		euvra /ˈøvra/ - ovra /ˈɔvrə/
		òca /ˈɔka/ - auca /ˈawkə/
		om /ˈɔm/ - um /ˈum/
		òr /ˈɔr/ - aur /ˈawr/
		oss /ˈɔs/ - oss /ˈɔs/

Final disqualified:
		bianc /bjˈaŋk/ - alv /ˈalf/
		pare /pˈare/ - bab /bˈaːp/
		pansa /pˈaŋsa/ - venter /vˈɛntər/
		vojàutri /vujˈawtri/ - vus /vˈus/
		ɡiaun /ʤˈawŋ/ - mellen /mˈɛlən/
		aif /ˈajf/ - avieul /avjˈewl/


-------------------

