VOWELS
/ʊ̃ː/ (0.061)
	<aestīvum> /ae̯stˈiːwʊ̃ː/ "SUMMER_NOUN"
	<vīllānum> /wiːlʲlʲˈaːnʊ̃ː/ "VILLAIN_NOUN"
	<amārellum> /amaːrˈɛlʲlʲʊ̃ː/ "YELLOW_ADJ"

/ãː/ (0.043)
	<catēnam> /katˈeːnãː/ "CHAIN_NOUN"
	<verēkundiam> /wɛreːkˈʊndiãː/ "SHAME_NOUN"
	<linɡuam> /lˈɪŋɡʷãː/ "TONGUE_NOUN"

/ɛ/ (0.041)
	<mīlle> /mˈiːlʲlʲɛ/ "THOUSAND_NUM"
	<morīre> /mɔrˈiːrɛ/ "DIE_VERB"
	<leɡere> /ɫˈɛɡɛrɛ/ "READ_VERB"

/ɛ̃ː/ (0.032)
	<dentem> /dˈɛntɛ̃ː/ "TOOTH_NOUN"
	<sōlem> /sˈoːɫɛ̃ː/ "SUN_NOUN"
	<pedem> /pˈɛdɛ̃ː/ "FOOT_NOUN"

/ˈa/ (0.03)
	<babbum> /bˈabbʊ̃ː/ "FATHER_NOUN"
	<sabulum> /sˈabʊɫʊ̃ː/ "SAND_NOUN"
	<mare> /mˈarɛ/ "SEA_NOUN"

/ˈɛ/ (0.023)
	<pennam> /pˈɛnnãː/ "FEATHER_NOUN"
	<terram> /tˈɛrrãː/ "EARTH_NOUN"
	<testam> /tˈɛstãː/ "SKULL_NOUN"

/ˈaː/ (0.022)
	<brusiāre> /brʊsiˈaːrɛ/ "BURN_VERB"
	<plāɡam> /plˈaːɡãː/ "PLAGUE_NOUN"
	<frātrem> /frˈaːtrɛ̃ː/ "BROTHER_NOUN"

/i/ (0.019)
	<captiāre> /kaptiˈaːrɛ/ "HUNT_VERB"
	<adiūtō> /adiˈuːtoː/ "HELP-1SG_VERB"
	<petiolum> /pɛtiˈolʊ̃ː/ "FOOT_NOUN"

/ˈɔ/ (0.019)
	<hominem> /hˈɔmɪnɛ̃ː/ "MAN_NOUN"
	<coxam> /kˈɔksãː/ "THIGH_NOUN"
	<volum> /wˈɔɫʊ̃ː/ "FLIGHT_NOUN"

/a/ (0.018)
	<apiculam> /apˈɪkʊɫãː/ "BEE_NOUN"
	<ratiōnem> /ratiˈoːnɛ̃ː/ "REASON_NOUN"
	<lūmina> /ɫˈuːmɪna/ "LIGHT_NOUN"

/ˈiː/ (0.018)
	<alvīnam> /aɫwˈiːnãː/ "BEE_NOUN"
	<mīlle> /mˈiːlʲlʲɛ/ "THOUSAND_NUM"
	<vītam> /wˈiːtãː/ "LIFE_NOUN"

/ɪ/ (0.017)
	<dominam> /dˈɔmɪnãː/ "LADY_NOUN"
	<persicum> /pˈɛrsɪkʊ̃ː/ "PEACH_NOUN"
	<cinusia> /kɪnˈusia/ "ASH_NOUN"

/ˈɪ/ (0.013)
	<capillum> /kapˈɪlʲlʲʊ̃ː/ "HAIR_NOUN"
	<siccam> /sˈɪkkãː/ "DRY (F)_ADJ"
	<viridem> /wˈɪrɪdɛ̃ː/ "GREEN_ADJ"

/ˈʊ/ (0.013)
	<crucem> /krˈʊkɛ̃ː/ "CROSS_NOUN"
	<lupum> /ɫˈʊpʊ̃ː/ "WOLF_NOUN"
	<studium> /stˈʊdiʊ̃ː/ "STUDY_NOUN"

/ʊ/ (0.012)
	<deus> /dˈeʊs/ "GOD_NOUN"
	<apiculam> /apˈɪkʊɫãː/ "BEE_NOUN"
	<sabulum> /sˈabʊɫʊ̃ː/ "SAND_NOUN"

/ˈoː/ (0.012)
	<ratiōnem> /ratiˈoːnɛ̃ː/ "REASON_NOUN"
	<meliōrem> /mɛlʲiˈoːrɛ̃ː/ "BETTER_ADJ"
	<odōrem> /ɔdˈoːrɛ̃ː/ "ODOR_NOUN"

/ˈuː/ (0.011)
	<flūmen> /fɫˈuːmɛ̃ː/ "RIVER_NOUN"
	<fūmum> /fˈuːmʊ̃ː/ "SMOKE_NOUN"
	<nūbilam> /nˈuːbɪɫãː/ "CLOUD_NOUN"

/oː/ (0.009)
	<dīcō> /dˈiːkoː/ "SAY-1SG_VERB"
	<tōtōs> /tˈoːtoːs/ "ALL (PL)_ADJ"
	<dracō> /drˈakoː/ "DRAGON_NOUN"

/ɔ/ (0.008)
	<parabolam> /parˈabɔɫãː/ "WORD_NOUN"
	<olōrem> /ɔɫˈoːrɛ̃ː/ "ODOR_NOUN"
	<volāre> /wɔɫˈaːrɛ/ "FLY_VERB"

/ˈeː/ (0.008)
	<crēdere> /krˈeːdɛrɛ/ "BELIEVE_VERB"
	<lēɡem> /lˈeːɡɛ̃/ "LAW_NOUN"
	<trēs> /trˈeːs/ "THREE_NUM"

/aː/ (0.007)
	<tūtārī> /tˈuːtaːriː/ "KILL_VERB"
	<fābulāre> /faːbʊɫˈaːrɛ/ "SPEAK_VERB"
	<fīcātum> /fˈiːkaːtʊ̃ː/ "LIVER_NOUN"

/e/ (0.006)
	<scorteam> /skˈɔrteãː/ "BARK_NOUN"
	<līneam> /lˈiːneãː/ "LINE_NOUN"
	<illei> /ˈɪlʲlʲei/ "SHE_PRON"

/eː/ (0.004)
	<sēcūrum> /seːkˈuːrʊ̃ː/ "SAFE_ADJ"
	<mordēre> /mˈɔrdeːrɛ/ "BITE_VERB"
	<pēduculum> /peːdˈukʊɫʊ̃ː/ "LOUSE_NOUN"

/iː/ (0.003)
	<vīllānum> /wiːlʲlʲˈaːnʊ̃ː/ "VILLAIN_NOUN"
	<quīnquāɡintā> /kʷiːŋkʷaːɡˈɪntaː/ "FIFTY_NUM"
	<vīɡintī> /wiːɡˈɪntiː/ "TWENTY_NUM"

/ˈi/ (0.003)
	<sciam> /skˈiãː/ "KNOW-SBJ-1SG_VERB"
	<dia> /dˈia/ "DAY_NOUN"
	<isula> /ˈisʊla/ "ISLAND_NOUN"

/ˈu/ (0.002)
	<iuvenem> /jˈuwɛnɛ̃ː/ "YOUNG_ADJ"
	<duae> /dˈuae̯/ "TWO (F)_NUM"
	<cinusia> /kɪnˈusia/ "ASH_NOUN"

/ˈau̯/ (0.002)
	<paucum> /pˈau̯kʊ̃ː/ "LITTLE_ADJ"
	<pauperem> /pˈau̯pɛrɛ̃ː/ "POOR_ADJ"
	<aurum> /ˈau̯rʊ̃ː/ "GOLD_NOUN"

/ae̯/ (0.002)
	<aestātem> /ae̯stˈaːtɛ̃ː/ "SUMMER_NOUN"
	<casae> /kˈasae̯/ "HOUSE_NOUN"
	<duae> /dˈuae̯/ "TWO (F)_NUM"

/ɛ̃/ (0.002)
	<novem> /nˈowɛ̃/ "NINE_NUM"
	<aequālem> /ae̯kʷˈaːlɛ̃/ "EQUAL_ADJ"
	<lēɡem> /lˈeːɡɛ̃/ "LAW_NOUN"

/uː/ (0.002)
	<adiūtāre> /adiuːtˈaːrɛ/ "HELP_VERB"
	<cornū> /kˈɔrnuː/ "HORN_NOUN"
	<fūmātam> /fuːmˈaːtãː/ "SMOKE_NOUN"

/au̯/ (0.002)
	<auscultāre> /au̯skʊɫtˈaːrɛ/ "LISTEN_VERB"
	<auriculam> /au̯rˈɪkʊɫãː/ "EAR_NOUN"
	<autumnam> /au̯tˈʊmnãː/ "AUTUMN_NOUN"

/u/ (0.001)
	<illui> /ˈɪlʲlʲuɪ/ "HE_PRON"
	<quattuor> /kʷˈattuɔr/ "FOUR_NUM"
	<duodecim> /duˈɔdɛkɪ̃/ "TWELVE_NUM"

/o/ (0.001)
	<obscūrum> /opskˈuːrʊ̃ː/ "DARK_ADJ"
	<oviculam> /owˈɪkʊɫãː/ "SHEEP_NOUN"
	<colōrem> /koɫˈoːrɛ̃ː/ "COLOR_NOUN"

/ˈo/ (0.001)
	<ovem> /ˈowɛ̃ː/ "SHEEP_NOUN"
	<petiolum> /pɛtiˈolʊ̃ː/ "FOOT_NOUN"
	<novem> /nˈowɛ̃/ "NINE_NUM"

/ˈae̯/ (0.001)
	<saeculum> /sˈae̯kʊɫʊ̃ː/ "CENTURY_NOUN"
	<caelum> /kˈae̯ɫʊ̃ː/ "SKY_NOUN"

/ĩː/ (0.0)
	<invernum> /ĩːwˈɛrnʊ̃ː/ "WINTER_NOUN"

/ˈĩː/ (0.0)
	<īnsulam> /ˈĩːsʊɫãː/ "ISLAND_NOUN"

/ˈyː/ (0.0)
	<cȳmam> /kˈyːmãː/ "SUMMIT_NOUN"

/ˈe/ (0.0)
	<deus> /dˈeʊs/ "GOD_NOUN"

/ɪ̃/ (0.0)
	<duodecim> /duˈɔdɛkɪ̃/ "TWELVE_NUM"

/ˈoe̯/ (0.0)
	<poenam> /pˈoe̯nãː/ "PAIN_NOUN"

/ˈɛ̃ː/ (0.0)
	<quem> /kʷˈɛ̃ː/ "WHO_PRON"



CONSONANTS
/r/ (0.071)
	<persicum> /pˈɛrsɪkʊ̃ː/ "PEACH_NOUN"
	<herbam> /hˈɛrbãː/ "GRASS_NOUN"
	<meliōrem> /mɛlʲiˈoːrɛ̃ː/ "BETTER_ADJ"

/k/ (0.067)
	<ɡenuculum> /ɡɛnˈʊkʊɫʊ̃ː/ "KNEE_NOUN"
	<apiculam> /apˈɪkʊɫãː/ "BEE_NOUN"
	<scīre> /skˈiːrɛ/ "KNOW_VERB"

/n/ (0.056)
	<nē ipse ūnum> /neː‿ipse‿ˈuːnʊ̃ː/ "NONE_PRON"
	<sānum> /sˈaːnʊ̃ː/ "HEALTHY (M)_ADJ"
	<ɡrāna> /ɡrˈaːna/ "GRAIN_NOUN"

/s/ (0.052)
	<spīcum> /spˈiːkʊ̃ː/ "EAR OF GRAIN_NOUN"
	<aestīvum> /ae̯stˈiːwʊ̃ː/ "SUMMER_NOUN"
	<scīre> /skˈiːrɛ/ "KNOW_VERB"

/t/ (0.05)
	<alterum> /ˈaɫtɛrʊ̃ː/ "OTHER_ADJ"
	<pectus> /pˈɛktʊs/ "BREAST_NOUN"
	<pōtēre> /poːtˈeːrɛ/ "CAN_VERB"

/ɫ/ (0.032)
	<pilum> /pˈɪɫʊ̃ː/ "HAIR_NOUN"
	<ɡalbinum> /ɡˈaɫbɪnʊ̃ː/ "YELLOW_ADJ"
	<saeculum> /sˈae̯kʊɫʊ̃ː/ "CENTURY_NOUN"

/p/ (0.031)
	<pectus> /pˈɛktʊs/ "BREAST_NOUN"
	<ipsam> /ˈɪpsãː/ "SHE_PRON"
	<capillum> /kapˈɪlʲlʲʊ̃ː/ "HAIR_NOUN"

/m/ (0.026)
	<nōmen> /nˈoːmɛ̃ː/ "NAME_NOUN"
	<rōmānum> /roːmˈaːnʊ̃ː/ "ROMAN_ADJ"
	<melem> /mˈɛlɛ̃ː/ "HONEY_NOUN"

/lʲ/ (0.024)
	<pellem> /pˈɛlʲlʲɛ̃ː/ "SKIN_NOUN"
	<arɡillam> /arɡˈiːlʲlʲãː/ "CLAY_NOUN"
	<collum> /kˈɔlʲlʲʊ̃ː/ "NECK_NOUN"

/d/ (0.023)
	<dentem> /dˈɛntɛ̃ː/ "TOOTH_NOUN"
	<dīre> /dˈiːrɛ/ "SAY-INF_VERB"
	<verēkundiam> /wɛreːkˈʊndiãː/ "SHAME_NOUN"

/w/ (0.02)
	<vīllam> /wˈiːlʲlʲãː/ "TOWN_NOUN"
	<vēram> /wˈeːrãː/ "SUMMER_NOUN"
	<novum> /nˈɔwʊ̃ː/ "NEW_ADJ"

/ɡ/ (0.017)
	<ɡenerum> /ɡˈɛnɛrʊ̃ː/ "SON-IN-LAW_NOUN"
	<ɡlacium> /ɡɫˈakiʊ̃ː/ "ICE_NOUN"
	<inɡlaciāre> /ɪŋɡɫakjˈaːrɛ/ "FREEZE_VERB"

/b/ (0.017)
	<arborem> /ˈarbɔrɛ̃ː/ "TREE_NOUN"
	<bibere> /bˈɪbɛrɛ/ "DRINK_VERB"
	<nūbilam> /nˈuːbɪɫãː/ "CLOUD_NOUN"

/f/ (0.016)
	<falsum> /fˈaɫsʊ̃ː/ "FALSE_ADJ"
	<ferrum> /fˈɛrrʊ̃ː/ "IRON_NOUN"
	<fīcātum> /fˈiːkaːtʊ̃ː/ "LIVER_NOUN"

/l/ (0.008)
	<liɡnam> /lˈɪɡnãː/ "WOOD_NOUN"
	<lacum> /lˈakʊ̃ː/ "LAKE_NOUN"
	<līneam> /lˈiːneãː/ "LINE_NOUN"

/ŋ/ (0.007)
	<sanɡuem> /sˈaŋɡʷɛ̃ː/ "BLOOD_NOUN"
	<anɡelum> /ˈaŋɡɛɫʊ̃ː/ "ANGEL_NOUN"
	<inɡlaciāre> /ɪŋɡɫakjˈaːrɛ/ "FREEZE_VERB"

/kʷ/ (0.004)
	<quī> /kʷˈiː/ "WHO_PRON"
	<quid> /kʷˈɪd/ "WHAT_PRON"
	<aquam> /ˈakʷãː/ "WATER_NOUN"

/j/ (0.003)
	<iūnium> /jˈuːniʊ̃ː/ "JUNE_PROPN"
	<iuvenem> /jˈuwɛnɛ̃ː/ "YOUNG_ADJ"
	<inɡlaciāre> /ɪŋɡɫakjˈaːrɛ/ "FREEZE_VERB"

/h/ (0.003)
	<hominem> /hˈɔmɪnɛ̃ː/ "MAN_NOUN"
	<hībernum> /hiːbˈɛrnʊ̃ː/ "WINTER_NOUN"
	<humerum> /hˈʊmɛrʊ̃ː/ "SHOULDER_NOUN"

/ɡʷ/ (0.001)
	<sanɡuem> /sˈaŋɡʷɛ̃ː/ "BLOOD_NOUN"
	<linɡuam> /lˈɪŋɡʷãː/ "TONGUE_NOUN"
	<sanɡuinem> /sˈaŋɡʷɪnɛ̃ː/ "BLOOD_NOUN"

/tʰ/ (0.0)
	<spatham> /spˈatʰãː/ "SWORD_NOUN"



