/anhˈiβɔ/ - /ʒãsiv/
[1/1] <#_a-<# / ∅-ʒ / n-ã / h-s / ˈi-i / β-v / ɔ_#>-#>

-------------------

/anˈɛt/ - /anoʊ̯/
[1/1] <#_a-<#_a / n-n / ˈɛ_t-oʊ̯

-------------------

/arazˈim/ - /ʁæɛ̯zẽɪ̯̃/
[1/1] <#_a-<#_ʁ / r_a-æɛ̯ / z-z / ˈi-∅ / m-ẽɪ̯̃

-------------------

/arazˈuŋ/ - /ʁæɛ̯zɒ̃ʊ̯̃/
[1/1] <#_a-<#_ʁ / r_a-æɛ̯ / z-z / ˈu_ŋ-ɒ̃ʊ̯̃

-------------------

/araˈiʦ/ - /ʁasɪn/
[1/1] <#_a_r-<#_ʁ / a-a / ∅-s / ˈi-ɪ / ʦ-n

-------------------

/arumˈaŋ/ - /ʁɔmẽɪ̯̃/
[1/1] <#_a_r-<#_ʁ / u-ɔ / m-m / ˈa-∅ / ŋ_#>-ẽɪ̯̃_#>

-------------------

/arʒˈɛlɔ/ - /aʁʒɪl/
[1/1] <#_a-<#_a / r-ʁ / ʒ-ʒ / ˈɛ-ɪ / l-l / ɔ_#>-#>

-------------------

/arˈej/ - /ʁwɛ/
[1/1] <#_a_r-<#_ʁ / ˈe-w / j_#>-ɛ_#>

-------------------

/arˈejnɔ/ - /ʁæɛ̯n/
[1/1] <#_a_r-<#_ʁ / ˈe-æɛ̯ / j-∅ / n-n / ɔ_#>-#>

-------------------

/arˈiw/ - /ʁy/
[1/1] <#_a_r-<#_ʁ / ˈi-∅ / w-y

-------------------

/arˈuj/ - /ʁuʒ/
[1/1] <#_a_r-<#_ʁ / ˈu-u / j-ʒ

-------------------

/arˈɔw/ - /ʁɒ̃ʊ̯̃/
[1/1] <#_a_r-<#_ʁ / ˈɔ-∅ / w-∅ / #>-ɒ̃ʊ̯̃_#>

-------------------

/arˈɔðɔ/ - /ʁu/
[1/1] <#_a_r-<#_ʁ / ˈɔ-∅ / ð-u / ɔ_#>-#>

-------------------

/asˈɛðe/ - /aswɛʁ/
[1/1] <#_a-<#_a / s-s / ˈɛ-w / ð-ɛ / e_#>-ʁ_#>

-------------------

/asˈɛðe/ - /swɛʁ/
[1/1] <#_a-<# / s-s / ˈɛ-w / ð-ɛ / e_#>-ʁ_#>

-------------------

/awlˈu/ - /ɔdaœ̯ʁ/
[1/1] <#_a-<#_ɔ / w-d / l_ˈu_#>-aœ̯_ʁ

-------------------

/awsˈi/ - /mate/
[1/1] <#_a-<# / ∅-m / w-a / s-t / ˈi-e

-------------------

/awsˈi/ - /ɔksiʁ/
[1/1] <#_a-<#_ɔ / w-k / s-s / ˈi_#>-i_ʁ

-------------------

/awsˈi/ - /ʦɥe/
[1/1] <#_a-<# / ∅-ʦ / w-ɥ / s-∅ / ˈi-e

-------------------

/awsˈɛt/ - /wɛzoʊ̯/
[1/1] <#_a-<# / ∅-w / w-ɛ / s-z / ˈɛ_t-oʊ̯

-------------------

/awɾˈeʎɔ/ - /ɑɔ̯ʁæɛ̯j/
[1/1] <#_a-<# / w-ɑɔ̯ / ɾ-ʁ / ˈe-æɛ̯ / ʎ_ɔ_#>-j_#>

-------------------

/aɣˈyʎɔ/ - /æɛ̯ɡɥɪj/
[1/1] <#_a-<#_æɛ̯ / ɣ-ɡ / ˈy-ɥ / ∅-ɪ / ʎ_ɔ_#>-j_#>

-------------------

/aɲˈɛt/ - /aɲoʊ̯/
[1/1] <#_a-<#_a / ɲ-ɲ / ˈɛ_t-oʊ̯

-------------------

/aɾˈaɲɔ/ - /aʁæɛ̯ɲe/
[1/1] <#_a-<#_a / ɾ-ʁ / ˈa-æɛ̯ / ɲ-ɲ / ∅-e / ɔ_#>-#>

-------------------

/aʒyðˈa/ - /æɛ̯de/
[1/1] <#_a-<#_æɛ̯ / ʒ-∅ / y-∅ / ð-d / ˈa_#>-e_#>

-------------------

/berɣˈuɲɔ/ - /væɛ̯ʁɡɔɲ/
[1/1] <#_b-<#_v / e-æɛ̯ / r-ʁ / ɣ-ɡ / ˈu-ɔ / ɲ_ɔ_#>-ɲ_#>

-------------------

/bezˈiŋ/ - /vwɛzẽɪ̯̃/
[1/1] <#_b-<#_v / e-w_ɛ / z-z / ˈi-∅ / ŋ_#>-ẽɪ̯̃_#>

-------------------

/beðˈɛt/ - /voʊ̯/
[1/1] <#_b-<#_v / e-∅ / ð-∅ / ˈɛ_t-oʊ̯

-------------------

/bilˈaŋ/ - /vilẽɪ̯̃/
[1/1] <#_b-<#_v / i-i / l-l / ˈa-∅ / ŋ_#>-ẽɪ̯̃_#>

-------------------

/biˈaʤe/ - /vwɛjaʒ/
[1/1] <#_b-<#_v / ∅-w / ∅-ɛ / i-j / ˈa-a / ʤ-∅ / e-ʒ

-------------------

/bjˈene/ - /vœniʁ/
[1/1] <#_b-<#_v / j-∅ / ˈe-œ / n-n / ∅-i / e_#>-ʁ_#>

-------------------

/bjˈeʎ/ - /vjæɛ̯j/
[1/1] <#_b-<#_v / j-j / ˈe-æɛ̯ / ʎ_#>-j_#>

-------------------

/bjˈeʎ/ - /vjøʏ̯/
[1/1] <#_b-<#_v / j-∅ / ˈe_ʎ-j / ∅-øʏ̯

-------------------

/blˈaŋk/ - /blã/
[1/1] <#_b-<#_b / l-l / ˈa_ŋ-ã / k_#>-#>

-------------------

/bulˈa/ - /vɔle/
[1/1] <#_b-<#_v / u-ɔ / l-l / ˈa_#>-e_#>

-------------------

/buzˈawtes/ - /vu/
[1/1] <#_b-<#_v / u_z-u / ˈa-∅ / w-∅ / t-∅ / e-∅ / s_#>-#>

-------------------

/bwˈew/ - /bœf/
[1/1] <#_b-<#_b / w_ˈe-œ / w_#>-f_#>

-------------------

/bɾylːˈa/ - /bʁyle/
[1/1] <#_b-<#_b / ɾ-ʁ / y-y / lː-l / ˈa_#>-e_#>

-------------------

/bɾˈente/ - /vãtʁ/
[1/1] <#_b-<#_v / ɾ-∅ / ˈe_n-ã / t-t / e_#>-ʁ_#>

-------------------

/bˈajʃ/ - /bɑ/
[1/1] <#_b-<#_b / ˈa-ɑ_#> / j-∅ / ʃ-∅

-------------------

/bˈakɔ/ - /vaʃ/
[1/1] <#_b-<#_v / ˈa-a / k_ɔ-ʃ

-------------------

/bˈaɲ/ - /bẽɪ̯̃/
[1/1] <#_b-<#_b / ˈa-∅ / ɲ_#>-ẽɪ̯̃

-------------------

/bˈen/ - /vã/
[1/1] <#_b-<#_v / ˈe_n-ã

-------------------

/bˈente/ - /vãtʁ/
[1/1] <#_b-<#_v / ˈe_n-ã / t-t / e_#>-ʁ_#>

-------------------

/bˈert/ - /væɛ̯ʁ/
[1/1] <#_b-<#_v / ˈe-æɛ̯ / r-ʁ / t_#>-#>

-------------------

/bˈeðe/ - /vwɛʁ/
[1/1] <#_b-<#_v / ˈe-w / ð-ɛ / e_#>-ʁ_#>

-------------------

/bˈeŋ/ - /bjẽɪ̯̃/
[1/1] <#_b-<#_b / ˈe-j / ŋ_#>-ẽɪ̯̃_#>

-------------------

/bˈeβe/ - /bwɛʁ/
[1/1] <#_b-<#_b / ˈe-w_ɛ / β-∅ / e_#>-ʁ_#>

-------------------

/bˈilɔ/ - /vɪl/
[1/1] <#_b-<#_v / ˈi-ɪ / l-l / ɔ_#>-#>

-------------------

/bˈin/ - /vẽɪ̯̃/
[1/1] <#_b-<#_v / ˈi-∅ / n-ẽɪ̯̃

-------------------

/bˈitɔ/ - /vi/
[1/1] <#_b-<#_v / ˈi_t-i / ɔ_#>-#>

-------------------

/bˈiŋ/ - /vẽɪ̯̃/
[1/1] <#_b-<#_v / ˈi-∅ / ŋ_#>-ẽɪ̯̃_#>

-------------------

/bˈiɔ/ - /vwɛ/
[1/1] <#_b-<#_v / ˈi-w / ∅-ɛ / ɔ_#>-#>

-------------------

/bˈukɔ/ - /bʊʃ/
[1/1] <#_b-<#_b / ˈu-ʊ / k_ɔ-ʃ

-------------------

/bˈunas/ - /bɔn/
[1/1] <#_b-<#_b / ˈu-ɔ / n-n / a-∅ / s_#>-#>

-------------------

/bˈuns/ - /bɒ̃ʊ̯̃/
[1/1] <#_b-<#_b / ˈu_n-ɒ̃ʊ̯̃ / s_#>-#>

-------------------

/bˈunɔ/ - /bɔn/
[1/1] <#_b-<#_b / ˈu-ɔ / n-n / ɔ_#>-#>

-------------------

/bˈuŋ/ - /bɒ̃ʊ̯̃/
[1/1] <#_b-<#_b / ˈu_ŋ-ɒ̃ʊ̯̃

-------------------

/bˈuʦ/ - /vwɛ/
[1/1] <#_b-<#_v / ˈu-w / ʦ_#>-ɛ_#>

-------------------

/bˈɔl/ - /vɔl/
[1/1] <#_b-<#_v / ˈɔ-ɔ / l-l

-------------------

/bˈɛrmi/ - /væɛ̯ʁ/
[1/1] <#_b-<#_v / ˈɛ_r-æɛ̯_ʁ / m-∅ / i-∅

-------------------

/bˈɛt/ - /boʊ̯/
[1/1] <#_b-<#_b / ˈɛ_t-oʊ̯

-------------------

/bˈɛɾɔ/ - /bɛl/
[1/1] <#_b-<#_b / ˈɛ-ɛ / ɾ-l / ɔ_#>-#>

-------------------

/dɾaɣˈuŋ/ - /dʁaɡɒ̃ʊ̯̃/
[1/1] <#_d-<#_d / ɾ-ʁ / a-a / ɣ-ɡ / ˈu_ŋ-ɒ̃ʊ̯̃

-------------------

/dɾumˈi/ - /dɑɔ̯ʁmiʁ/
[1/1] <#_d-<#_d / ∅-ɑɔ̯ / ɾ-ʁ / u-∅ / m-m / ˈi_#>-i_ʁ

-------------------

/dɾˈak/ - /dʁaɡɒ̃ʊ̯̃/
[1/1] <#_d-<#_d / ɾ-ʁ / ˈa-a / k-ɡ / #>-ɒ̃ʊ̯̃_#>

-------------------

/dˈawnɔ/ - /dam/
[1/1] <#_d-<#_d / ˈa_w-a / n-m / ɔ_#>-#>

-------------------

/dˈen/ - /dã/
[1/1] <#_d-<#_d / ˈe_n-ã

-------------------

/dˈit/ - /dwɛ/
[1/1] <#_d-<#_d / ˈi-w / t_#>-ɛ_#>

-------------------

/dˈiw/ - /ʣjøʏ̯/
[1/1] <#_d-<#_ʣ / ˈi-j / w-øʏ̯

-------------------

/dˈize/ - /ʣiʁ/
[1/1] <#_d-<#_ʣ / ˈi-i / z-∅ / e_#>-ʁ_#>

-------------------

/dˈiɔ/ - /ʒuʁ/
[1/1] <#-ʒ / d-u / ˈi-ʁ / ɔ_#>-#>

-------------------

/dˈudze/ - /duz/
[1/1] <#_d-<#_d / ˈu-u / d-∅ / z-z / e-∅

-------------------

/dˈus/ - /du/
[1/1] <#_d-<#_d / ˈu-u / s_#>-#>

-------------------

/dˈuŋ/ - /dɒ̃ʊ̯̃/
[1/1] <#_d-<#_d / ˈu_ŋ-ɒ̃ʊ̯̃

-------------------

/dˈyas/ - /døʏ̯/
[1/1] <#_d-<#_d / ˈy-∅ / a-øʏ̯ / s_#>-#>

-------------------

/dˈɛʦ/ - /ʣi/
[1/1] <#_d-<#_ʣ / ˈɛ_ʦ-i

-------------------

/dˈɛʦ/ - /ʣɪs/
[1/1] <#_d-<#_ʣ / ˈɛ-ɪ / ʦ-∅ / #>-s_#>

-------------------

/ehlˈamɔ/ - /flam/
[1/1] e-<# / h-f / l-l / ˈa-a / m_ɔ_#>-m_#>

-------------------

/ehlˈu/ - /flaœ̯ʁ/
[1/1] e-f / h-l / l_ˈu_#>-aœ̯_ʁ

-------------------

/eskutˈa/ - /ekute/
[1/1] <#_e-<#_e / s-∅ / k-k / u-u / t-t / ˈa_#>-e_#>

-------------------

/eskɾˈiβe/ - /ekʁiʁ/
[1/1] <#_e-<#_e / s-∅ / k-k / ɾ-ʁ / ˈi-i / β-∅ / e_#>-ʁ_#>

-------------------

/espˈaðɔ/ - /e/
[1/1] <#_e-<#_e / s-∅ / p-∅ / ˈa-∅ / ð-∅ / ɔ_#>-#>

-------------------

/espˈik/ - /epi/
[1/1] <#_e-<#_e / s_p-p / ˈi-i / k_#>-#>

-------------------

/espˈiɔ/ - /epɪn/
[1/1] <#_e-<#_e / s_p-p / ˈi-ɪ / ɔ_#>-n_#>

-------------------

/estˈelɔ/ - /etwɛl/
[1/1] <#_e-<#_e / s_t-t / ˈe-w_ɛ / l-l / ɔ_#>-#>

-------------------

/estˈiw/ - /ete/
[1/1] <#_e-<#_e / s_t-t / ˈi-∅ / w-e

-------------------

/eɡˈaw/ - /eɡal/
[1/1] <#_e-<#_e / ɡ-ɡ / ˈa-a / w_#>-l

-------------------

/haɾˈiɔ/ - /faʁɪn/
[1/1] <#_h-<#_f / a-a / ɾ-ʁ / ˈi-ɪ / ɔ_#>-n_#>

-------------------

/hwˈeʎɔ/ - /fœj/
[1/1] <#_h-<#_f / w_ˈe-œ / ʎ_ɔ_#>-j_#>

-------------------

/hwˈɛk/ - /føʏ̯/
[1/1] <#_h-<#_f / w-∅ / ˈɛ-∅ / k_#>-øʏ̯_#>

-------------------

/hɾˈajr/ - /fʁæɛ̯ʁ/
[1/1] <#_h-<#_f / ɾ-ʁ / ˈa-æɛ̯ / j-∅ / r-ʁ

-------------------

/hɾˈet/ - /fʁwɛ/
[1/1] <#_h-<#_f / ɾ-ʁ / ˈe-w / t_#>-ɛ_#>

-------------------

/hɾˈyt/ - /fʁɥi/
[1/1] <#_h-<#_f / ɾ-ʁ / ˈy-ɥ / t_#>-i_#>

-------------------

/hˈa/ - /fæɛ̯ʁ/
[1/1] <#_h-<#_f / ˈa-æɛ̯_ʁ

-------------------

/hˈami/ - /fẽɪ̯̃/
[1/1] <#_h-<#_f / ˈa-∅ / m-∅ / i-ẽɪ̯̃

-------------------

/hˈaðɔ/ - /fe/
[1/1] <#_h-<#_f / ˈa-∅ / ð-e / ɔ_#>-#>

-------------------

/hˈenːɔ/ - /fam/
[1/1] <#_h-<#_f / ˈe-a / nː-m / ɔ_#>-#>

-------------------

/hˈiw/ - /fisɛl/
[1/1] <#_h-<#_f / ˈi-i / ∅-s / w_#>-ɛ_l

-------------------

/hˈiw/ - /fɪl/
[1/1] <#_h-<#_f / ˈi-ɪ / w_#>-l

-------------------

/hˈiʎ/ - /fɪs/
[1/1] <#_h-<#_f / ˈi_ʎ-ɪ / #>-s_#>

-------------------

/hˈiʎɔ/ - /fɪj/
[1/1] <#_h-<#_f / ˈi_ʎ-ɪ / ɔ_#>-j_#>

-------------------

/hˈiʤe/ - /fwɛ/
[1/1] <#_h-<#_f / ˈi-∅ / ʤ-∅ / e-w_ɛ

-------------------

/hˈym/ - /fyme/
[1/1] <#_h-<#_f / ˈy-y / m-m / ∅-e

-------------------

/hˈɔrt/ - /fɑɔ̯ʁ/
[1/1] <#_h-<#_f / ˈɔ_r-ɑɔ̯_ʁ / t_#>-#>

-------------------

/hˈɛ/ - /fæɛ̯ʁ/
[1/1] <#_h-<#_f / ˈɛ-æɛ̯ / ∅-ʁ

-------------------

/hˈɛstɔ/ - /fɛɪ̯t/
[1/1] <#_h-<#_f / ˈɛ_s-ɛɪ̯ / t-t / ɔ_#>-#>

-------------------

/iβˈɛr/ - /ivæɛ̯ʁ/
[1/1] i-i / β-v / ˈɛ_r-æɛ̯_ʁ

-------------------

/kambjˈa/ - /ʃãʒe/
[1/1] <#_k-<#_ʃ / a-∅ / m-ã / b-∅ / j-ʒ / ˈa_#>-e_#>

-------------------

/kantˈa/ - /ʃãte/
[1/1] <#_k-<#_ʃ / a-∅ / n_t-ã_t / ˈa_#>-e_#>

-------------------

/kastˈɛt/ - /ʃɑtoʊ̯/
[1/1] <#_k-<#_ʃ / a-ɑ / s_t-t / ˈɛ_t-oʊ̯

-------------------

/kasˈa/ - /ʃase/
[1/1] <#_k-<#_ʃ / a-a / s-s / ˈa_#>-e_#>

-------------------

/kaðˈeɔ/ - /ʃæɛ̯n/
[1/1] <#_k-<#_ʃ / a-∅ / ð-∅ / ˈe-æɛ̯ / ɔ_#>-n_#>

-------------------

/kaβˈat/ - /ʃœval/
[1/1] <#_k-<#_ʃ / a-œ / β-v / ˈa-a / ∅-l / t_#>-#>

-------------------

/klamˈa/ - /klame/
[1/1] <#_k-<#_k / l-l / a-a / m-m / ˈa_#>-e_#>

-------------------

/klˈaw/ - /kle/
[1/1] <#_k-<#_k / l-l / ˈa-∅ / w-e

-------------------

/kulˈu/ - /kulaœ̯ʁ/
[1/1] <#_k-<#_k / u-u / ∅-l / l_ˈu_#>-aœ̯_ʁ

-------------------

/kunˈejʃe/ - /kɔnæɛ̯tʁ/
[1/1] <#_k-<#_k / u-ɔ / n-n / ˈe-æɛ̯ / j-∅ / ʃ-t / e_#>-ʁ_#>

-------------------

/kwˈate/ - /katʁ/
[1/1] <#_k-<#_k / w-∅ / ˈa-a / t-t / e_#>-ʁ_#>

-------------------

/kwˈejʃɔ/ - /kɥɪs/
[1/1] <#_k-<#_k / w_ˈe-ɥ / j-ɪ / ʃ-s / ɔ_#>-#>

-------------------

/kɾemˈa/ - /bʁyle/
[1/1] k-b / ɾ-ʁ / e-y / m-l / ˈa_#>-e_#>

-------------------

/kɾˈaβɔ/ - /ʃɛvʁ/
[1/1] <#_k-<#_ʃ / ɾ-∅ / ˈa-ɛ / β-v_ʁ / ɔ_#>-#>

-------------------

/kɾˈeðe/ - /kʁwɛʁ/
[1/1] <#_k-<#_k / ɾ-ʁ / ˈe-w / ð-ɛ / e_#>-ʁ_#>

-------------------

/kɾˈuʦ/ - /kʁwɛ/
[1/1] <#_k-<#_k / ɾ-ʁ / ˈu-w / ʦ_#>-ɛ_#>

-------------------

/kˈalːɔ/ - /kæɛ̯j/
[1/1] <#_k-<#_k / ˈa-æɛ̯ / lː-j / ɔ_#>-#>

-------------------

/kˈambɾɔ/ - /ʃãbʁ/
[1/1] <#_k-<#_ʃ / ˈa-∅ / m-ã / b-b / ɾ-ʁ / ɔ_#>-#>

-------------------

/kˈan/ - /ʃã/
[1/1] <#_k-<#_ʃ / ˈa-∅ / n-ã

-------------------

/kˈap/ - /ʃɛf/
[1/1] <#_k-<#_ʃ / ˈa-ɛ / p-f

-------------------

/kˈar/ - /ʃæɛ̯ʁ/
[2/2] <#_k-<#_ʃ / ˈa-æɛ̯ / r-ʁ

-------------------

/kˈawt/ - /ʃoʊ̯/
[1/1] <#_k-<#_ʃ / ˈa_w-oʊ̯ / t_#>-#>

-------------------

/kˈawzɔ/ - /ʃoz/
[1/1] <#_k-<#_ʃ / ˈa-∅ / w-o / z-z / ɔ_#>-#>

-------------------

/kˈazɔ/ - /ʃe/
[1/1] <#_k-<#_ʃ / ˈa-∅ / z-e / ɔ_#>-#>

-------------------

/kˈaŋ/ - /ʃjẽɪ̯̃/
[1/1] <#_k-<#_ʃ / ˈa-j / ŋ_#>-ẽɪ̯̃_#>

-------------------

/kˈe/ - /kwɛ/
[1/1] <#_k-<#_k / ˈe-w_ɛ

-------------------

/kˈe/ - /kœ/
[1/1] <#_k-<#_k / ˈe-œ

-------------------

/kˈi/ - /ki/
[1/1] <#_k-<#_k / ˈi-i

-------------------

/kˈuɔ/ - /køʏ̯/
[1/1] <#_k-<#_k / ˈu-øʏ̯ / ɔ_#>-#>

-------------------

/kˈuɾt/ - /kuʁ/
[1/1] <#_k-<#_k / ˈu-u / ɾ-ʁ / t_#>-#>

-------------------

/kˈyw/ - /ky/
[1/1] <#_k-<#_k / ˈy-y / w-∅

-------------------

/kˈyɲ/ - /kwẽɪ̯̃/
[1/1] <#_k-<#_k / ˈy-w / ɲ_#>-ẽɪ̯̃

-------------------

/kˈɔ/ - /kaœ̯ʁ/
[1/1] <#_k-<#_k / ∅-aœ̯ / ˈɔ-ʁ

-------------------

/kˈɔp/ - /ku/
[1/1] <#_k-<#_k / ˈɔ-∅ / p-u

-------------------

/kˈɔr/ - /kɑɔ̯ʁn/
[1/1] <#_k-<#_k / ˈɔ_r-ɑɔ̯_ʁ / ∅-n

-------------------

/kˈɔs/ - /kɑɔ̯ʁ/
[1/1] <#_k-<#_k / ∅-ɑɔ̯ / ˈɔ-ʁ / s_#>-#>

-------------------

/kˈɔstɔ/ - /kot/
[1/1] <#_k-<#_k / ˈɔ_s-o / t-t / ɔ_#>-#>

-------------------

/kˈɔt/ - /ku/
[1/1] <#_k-<#_k / ˈɔ-u / t_#>-#>

-------------------

/leˈuŋ/ - /ljɒ̃ʊ̯̃/
[1/1] <#_l-<#_l / e-j / ˈu_ŋ-ɒ̃ʊ̯̃

-------------------

/lˈaŋ/ - /læɛ̯n/
[1/1] <#_l-<#_l / ˈa-æɛ̯ / ŋ_#>-n_#>

-------------------

/lˈaɣɾemɔ/ - /laʁm/
[1/1] <#_l-<#_l / ˈa-a / ɣ-∅ / ɾ-ʁ / e-∅ / m_ɔ_#>-m_#>

-------------------

/lˈej/ - /lwɛ/
[1/1] <#_l-<#_l / ˈe-w / j_#>-ɛ_#>

-------------------

/lˈetɾɔ/ - /lɛtʁ/
[1/1] <#_l-<#_l / ˈe-ɛ / t-t / ɾ-ʁ / ɔ_#>-#>

-------------------

/lˈeŋɡɔ/ - /lãɡ/
[1/1] <#_l-<#_l / ˈe-∅ / ŋ-ã / ɡ-ɡ / ɔ_#>-#>

-------------------

/lˈeʒe/ - /liʁ/
[1/1] <#_l-<#_l / ˈe-∅ / ʒ-i / e_#>-ʁ_#>

-------------------

/lˈiwɾe/ - /livʁ/
[1/1] <#_l-<#_l / ˈi-i / w-∅ / ɾ-v / e_#>-ʁ_#>

-------------------

/lˈiɲɔ/ - /lɪɲ/
[1/1] <#_l-<#_l / ˈi-ɪ / ɲ_ɔ_#>-ɲ_#>

-------------------

/lˈup/ - /lu/
[1/1] <#_l-<#_l / ˈu-u / p-∅

-------------------

/lˈuŋk/ - /lɒ̃ʊ̯̃/
[1/1] <#_l-<#_l / ˈu_ŋ-ɒ̃ʊ̯̃ / k_#>-#>

-------------------

/lˈya/ - /lʏn/
[1/1] <#_l-<#_l / ˈy-ʏ / a-n

-------------------

/lˈytɔ/ - /lʏt/
[1/1] <#_l-<#_l / ˈy-ʏ / t-t / ɔ_#>-#>

-------------------

/lˈɔk/ - /ljøʏ̯/
[1/1] <#_l-<#_l / ˈɔ-j / k_#>-øʏ̯_#>

-------------------

/lˈɛjt/ - /læɛ̯/
[1/1] <#_l-<#_l / ˈɛ_j-æɛ̯ / t_#>-#>

-------------------

/lˈɛβe/ - /ljɛvʁ/
[1/1] <#_l-<#_l / ˈɛ-j / ∅-ɛ / β-v / e_#>-ʁ_#>

-------------------

/maðˈy/ - /myʁ/
[1/1] <#_m-<#_m / a-∅ / ð-∅ / ˈy-y / ∅-ʁ

-------------------

/me/ - /mwɛ/
[1/1] <#_m-<#_m / e-w_ɛ

-------------------

/melˈik/ - /nɒ̃ʊ̯̃bʁɪl/
[1/1] <#-n / m-ɒ̃ʊ̯̃ / e-b / l-ʁ / ˈi-ɪ / ∅-l / k_#>-#>

-------------------

/minʒˈa/ - /mãʒe/
[1/1] <#_m-<#_m / i-∅ / n-ã / ʒ-ʒ / ˈa_#>-e_#>

-------------------

/mjejtˈat/ - /mwɛʦje/
[1/1] <#_m-<#_m / j-∅ / e-w_ɛ / j-ʦ / t-j / ˈa-e / t_#>-#>

-------------------

/mjˈej/ - /mi/
[1/1] <#_m-<#_m / j-∅ / ˈe_j-i_#>

-------------------

/mjˈeʎe/ - /mæɛ̯jaœ̯ʁ/
[1/1] <#_m-<#_m / j-æɛ̯ / ˈe_ʎ-j / ∅-aœ̯ / e_#>-ʁ_#>

-------------------

/muntˈaɲɔ/ - /mɒ̃ʊ̯̃taɲ/
[1/1] <#_m-<#_m / u-∅ / n-ɒ̃ʊ̯̃ / t-t / ˈa-a / ɲ_ɔ_#>-ɲ_#>

-------------------

/museɣˈa/ - /mɑɔ̯ʁdʁ/
[1/1] <#_m-<#_m / u-∅ / s-ɑɔ̯ / e-ʁ / ɣ-d / ˈa-ʁ

-------------------

/muɾˈi/ - /muʁiʁ/
[1/1] <#_m-<#_m / u-u / ɾ-ʁ / ˈi_#>-i_ʁ

-------------------

/mˈa/ - /mæɛ̯ʁ/
[1/1] <#_m-<#_m / ˈa-æɛ̯_ʁ

-------------------

/mˈajr/ - /mæɛ̯ʁ/
[1/1] <#_m-<#_m / ˈa-æɛ̯ / j-∅ / r-ʁ

-------------------

/mˈaŋ/ - /mẽɪ̯̃/
[1/1] <#_m-<#_m / ˈa-∅ / ŋ_#>-ẽɪ̯̃_#>

-------------------

/mˈej/ - /mjøʏ̯/
[1/1] <#_m-<#_m / ˈe-j / j-øʏ̯

-------------------

/mˈikɔ/ - /mi/
[1/1] <#_m-<#_m / ˈi_k-i / ɔ_#>-#>

-------------------

/mˈil/ - /mɪl/
[1/1] <#_m-<#_m / ˈi-ɪ / l-l

-------------------

/mˈorde/ - /mɑɔ̯ʁdʁ/
[1/1] <#_m-<#_m / ˈo-ɑɔ̯ / r-ʁ / d-d / e_#>-ʁ_#>

-------------------

/mˈuskɔ/ - /mʊʃ/
[1/1] <#_m-<#_m / ˈu-ʊ / s-∅ / k_ɔ-ʃ

-------------------

/mˈɔrt/ - /mɑɔ̯ʁ/
[1/1] <#_m-<#_m / ˈɔ_r-ɑɔ̯_ʁ / t_#>-#>

-------------------

/mˈɛw/ - /mjɛl/
[1/1] <#_m-<#_m / ˈɛ-j / w_#>-ɛ_l

-------------------

/nuzˈawtes/ - /nu/
[1/1] <#_n-<#_n / u_z-u / ˈa-∅ / w-∅ / t-∅ / e-∅ / s_#>-#>

-------------------

/nuŋ/ - /nɒ̃ʊ̯̃/
[1/1] <#_n-<#_n / u-∅ / ŋ-∅ / #>-ɒ̃ʊ̯̃_#>

-------------------

/nwˈejt/ - /nɥi/
[1/1] <#_n-<#_n / w_ˈe-ɥ / j-∅ / t_#>-i_#>

-------------------

/nˈas/ - /ne/
[1/1] <#_n-<#_n / ˈa-e / s_#>-#>

-------------------

/nˈaw/ - /nœf/
[2/2] <#_n-<#_n / ˈa-œ / w_#>-f_#>

-------------------

/nˈeɣɾe/ - /nwɛʁ/
[1/1] <#_n-<#_n / ˈe-w_ɛ / ɣ-∅ / ɾ-∅ / e_#>-ʁ_#>

-------------------

/nˈum/ - /nɒ̃ʊ̯̃/
[1/1] <#_n-<#_n / ˈu-∅ / m-∅ / #>-ɒ̃ʊ̯̃_#>

-------------------

/nˈut/ - /nøʏ̯/
[1/1] <#_n-<#_n / ˈu-øʏ̯ / t_#>-#>

-------------------

/nˈuʦ/ - /nwɛ/
[1/1] <#_n-<#_n / ˈu-w / ʦ_#>-ɛ_#>

-------------------

/nˈyβlɔ/ - /ny/
[1/1] <#_n-<#_n / ˈy_β-y / l-∅ / ɔ_#>-#>

-------------------

/nˈyβlɔ/ - /nɥaʒ/
[1/1] <#_n-<#_n / ˈy-ɥ / β-a / l-ʒ / ɔ_#>-#>

-------------------

/nˈɔste/ - /notʁ/
[1/1] <#_n-<#_n / ˈɔ_s-o / t-t / e_#>-ʁ_#>

-------------------

/nˈɛjʃe/ - /næɛ̯tʁ/
[1/1] <#_n-<#_n / ˈɛ_j-æɛ̯ / ʃ-t / e_#>-ʁ_#>

-------------------

/paɾˈawlɔ/ - /paʁɔl/
[1/1] <#_p-<#_p / a-a / ɾ-ʁ / ˈa-∅ / w-ɔ / l-l / ɔ_#>-#>

-------------------

/petˈit/ - /pœʦi/
[1/1] <#_p-<#_p / e-œ / t-ʦ / ˈi-i / t_#>-#>

-------------------

/peðˈuʎ/ - /pu/
[1/1] <#_p-<#_p / e-∅ / ð-∅ / ˈu_ʎ-u

-------------------

/pluɾˈa/ - /plẽɪ̯̃dʁ/
[1/1] <#_p-<#_p / l-l / ∅-ẽɪ̯̃ / u-d / ɾ-ʁ / ˈa-∅

-------------------

/pluɾˈa/ - /plœʁe/
[1/1] <#_p-<#_p / l-l / u-œ / ɾ-ʁ / ˈa_#>-e_#>

-------------------

/plˈaɣɔ/ - /plæɛ̯/
[1/1] <#_p-<#_p / l-l / ˈa-æɛ̯ / ɣ-∅ / ɔ_#>-#>

-------------------

/plˈaɲe/ - /plẽɪ̯̃dʁ/
[1/1] <#_p-<#_p / l-l / ˈa-∅ / ɲ-ẽɪ̯̃ / ∅-d / e_#>-ʁ_#>

-------------------

/plˈaɲe/ - /plœʁe/
[1/1] <#_p-<#_p / l-l / ˈa-œ / ɲ-ʁ / e-e

-------------------

/plˈeŋ/ - /plẽɪ̯̃/
[1/1] <#_p-<#_p / l-l / ˈe-∅ / ŋ_#>-ẽɪ̯̃_#>

-------------------

/plˈuʒɔ/ - /plɥi/
[1/1] <#_p-<#_p / l-l / ˈu-ɥ / ʒ-i / ɔ_#>-#>

-------------------

/plˈymɔ/ - /plʏm/
[1/1] <#_p-<#_p / l-l / ˈy-ʏ / m_ɔ_#>-m_#>

-------------------

/plˈymɔ/ - /pɛn/
[1/1] <#_p-<#_p / l-∅ / ˈy-ɛ / m-n / ɔ_#>-#>

-------------------

/pwˈej/ - /pɥi/
[1/1] <#_p-<#_p / w_ˈe-ɥ / j_#>-i_#>

-------------------

/pɾˈawβe/ - /poʊ̯vʁ/
[1/1] <#_p-<#_p / ɾ-∅ / ˈa_w-oʊ̯ / β-v / e_#>-ʁ_#>

-------------------

/pɾˈɛʦ/ - /pʁi/
[1/1] <#_p-<#_p / ɾ-ʁ / ˈɛ_ʦ-i

-------------------

/pˈajr/ - /pæɛ̯ʁ/
[1/1] <#_p-<#_p / ˈa-æɛ̯ / j-∅ / r-ʁ

-------------------

/pˈawk/ - /pøʏ̯/
[1/1] <#_p-<#_p / ˈa-∅ / w-∅ / k_#>-øʏ̯_#>

-------------------

/pˈaŋ/ - /pẽɪ̯̃/
[1/1] <#_p-<#_p / ˈa-∅ / ŋ_#>-ẽɪ̯̃_#>

-------------------

/pˈaʦ/ - /pæɛ̯/
[1/1] <#_p-<#_p / ˈa-æɛ̯ / ʦ-∅

-------------------

/pˈejʃ/ - /pwɛsɒ̃ʊ̯̃/
[1/1] <#_p-<#_p / ˈe-w_ɛ / j-∅ / ʃ-s / #>-ɒ̃ʊ̯̃_#>

-------------------

/pˈenɔ/ - /pæɛ̯n/
[1/1] <#_p-<#_p / ˈe-æɛ̯ / n-n / ɔ_#>-#>

-------------------

/pˈersek/ - /pɛɪ̯ʃ/
[1/1] <#_p-<#_p / ˈe-∅ / r-∅ / s-ɛɪ̯ / e-ʃ / k_#>-#>

-------------------

/pˈew/ - /pwɛl/
[1/1] <#_p-<#_p / ˈe-w / w_#>-ɛ_l

-------------------

/pˈew/ - /ʃœvøʏ̯/
[1/1] <#-<#_ʃ / p-œ / ˈe-v / w-øʏ̯

-------------------

/pˈun/ - /pɒ̃ʊ̯̃/
[1/1] <#_p-<#_p / ˈu_n-ɒ̃ʊ̯̃

-------------------

/pˈundɾe/ - /pɒ̃ʊ̯̃dʁ/
[1/1] <#_p-<#_p / ˈu_n-ɒ̃ʊ̯̃ / d_ɾ-d_ʁ / e-∅

-------------------

/pˈuðe/ - /puvwɛʁ/
[1/1] <#_p-<#_p / ˈu-u / ∅-v / ∅-w / ð-ɛ / e_#>-ʁ_#>

-------------------

/pˈyn/ - /pwẽɪ̯̃/
[1/1] <#_p-<#_p / ˈy_n-w_ẽɪ̯̃

-------------------

/pˈyɲ/ - /pwẽɪ̯̃/
[1/1] <#_p-<#_p / ˈy-w / ɲ_#>-ẽɪ̯̃

-------------------

/pˈyʦ/ - /pɥi/
[1/1] <#_p-<#_p / ˈy-ɥ / ʦ-i

-------------------

/pˈɔrk/ - /pɑɔ̯ʁ/
[1/1] <#_p-<#_p / ˈɔ_r-ɑɔ̯_ʁ / k_#>-#>

-------------------

/pˈɛ/ - /pje/
[1/1] <#_p-<#_p / ˈɛ_#>-j_e

-------------------

/pˈɛjɾɔ/ - /pjæɛ̯ʁ/
[1/1] <#_p-<#_p / ∅-j / ˈɛ_j-æɛ̯ / ɾ-ʁ / ɔ_#>-#>

-------------------

/pˈɛt/ - /poʊ̯/
[1/1] <#_p-<#_p / ˈɛ_t-oʊ̯

-------------------

/salˈyt/ - /saly/
[1/1] <#_s-<#_s / a-a / l-l / ˈy-y / t_#>-#>

-------------------

/saβˈe/ - /savwɛʁ/
[1/1] <#_s-<#_s / a-a / β-v / ˈe-w_ɛ / ∅-ʁ

-------------------

/semːˈanɔ/ - /sœmæɛ̯n/
[1/1] <#_s-<#_s / e-œ / mː-m / ˈa-æɛ̯ / n-n / ɔ_#>-#>

-------------------

/serjˈezɔ/ - /sœʁiz/
[1/1] <#_s-<#_s / e-œ / r-ʁ / j-∅ / ˈe-i / z-z / ɔ_#>-#>

-------------------

/serkˈa/ - /ʃæɛ̯ʁʃe/
[1/1] <#-<#_ʃ / s-∅ / e-æɛ̯ / r-ʁ / k-ʃ / ˈa_#>-e_#>

-------------------

/seɣˈy/ - /syʁ/
[1/1] <#_s-<#_s / e-∅ / ɣ-∅ / ˈy-y / ∅-ʁ

-------------------

/seɾˈizɔ/ - /sœʁiz/
[1/1] <#_s-<#_s / e-œ / ɾ-ʁ / ˈi-i / z-z / ɔ_#>-#>

-------------------

/siwtˈat/ - /site/
[1/1] <#_s-<#_s / i-∅ / w-i / t_ˈa-t_e / t_#>-#>

-------------------

/siŋkwˈantɔ/ - /sẽɪ̯̃kãt/
[1/1] <#_s-<#_s / i-∅ / ŋ-ẽɪ̯̃ / k-k / w-∅ / ˈa-∅ / n_t-ã_t / ɔ_#>-#>

-------------------

/sjˈɛs/ - /si/
[1/1] <#_s-<#_s / j-∅ / ˈɛ-i / s_#>-#>

-------------------

/sjˈɛs/ - /sɪs/
[1/1] <#_s-<#_s / j-∅ / ˈɛ-ɪ / s_#>-s_#>

-------------------

/sufɾˈi/ - /sufʁiʁ/
[1/1] <#_s-<#_s / u-u / f-f / ɾ-ʁ / ˈi_#>-i_ʁ

-------------------

/suɾˈɛʎ/ - /sɔlæɛ̯j/
[1/1] <#_s-<#_s / u-ɔ / ɾ-l / ˈɛ-æɛ̯ / ʎ_#>-j_#>

-------------------

/sˈan/ - /sẽɪ̯̃/
[1/1] <#_s-<#_s / ˈa-∅ / n-ẽɪ̯̃

-------------------

/sˈanɔ/ - /sæɛ̯n/
[1/1] <#_s-<#_s / ˈa-æɛ̯ / n-n / ɔ_#>-#>

-------------------

/sˈaw/ - /sɛl/
[1/1] <#_s-<#_s / ˈa-∅ / w_#>-ɛ_l

-------------------

/sˈawsɔ/ - /soʊ̯s/
[1/1] <#_s-<#_s / ˈa_w-oʊ̯ / s-s / ɔ_#>-#>

-------------------

/sˈaŋ/ - /sẽɪ̯̃/
[1/1] <#_s-<#_s / ˈa-∅ / ŋ_#>-ẽɪ̯̃_#>

-------------------

/sˈaŋk/ - /sã/
[1/1] <#_s-<#_s / ˈa_ŋ-ã / k_#>-#>

-------------------

/sˈaβi/ - /saʒ/
[1/1] <#_s-<#_s / ˈa-a / β-∅ / i-ʒ

-------------------

/sˈaβle/ - /sabl/
[1/1] <#_s-<#_s / ˈa-a / β-b / l-l / e-∅

-------------------

/sˈek/ - /sɛk/
[1/1] <#_s-<#_s / ˈe-ɛ / k-k

-------------------

/sˈekɔ/ - /sɛʃ/
[1/1] <#_s-<#_s / ˈe-ɛ / k_ɔ-ʃ

-------------------

/sˈen/ - /sã/
[1/1] <#_s-<#_s / ˈe_n-ã

-------------------

/sˈendɾe/ - /sãdʁ/
[1/1] <#_s-<#_s / ˈe_n-ã / d_ɾ-d_ʁ / e-∅

-------------------

/sˈer/ - /swɛʁ/
[1/1] <#_s-<#_s / ˈe-w_ɛ / r-ʁ

-------------------

/sˈeðɔ/ - /swɛ/
[1/1] <#_s-<#_s / ˈe-w / ð-ɛ / ɔ_#>-#>

-------------------

/sˈeɾɔ/ - /siʁ/
[1/1] <#_s-<#_s / ˈe-i / ɾ-ʁ / ɔ_#>-#>

-------------------

/sˈiŋk/ - /sẽɪ̯̃k/
[1/1] <#_s-<#_s / ˈi_ŋ-ẽɪ̯̃ / k-k

-------------------

/sˈo/ - /sɔlæɛ̯j/
[1/1] <#_s-<#_s / ∅-ɔ / ∅-l / ∅-æɛ̯ / ˈo-j

-------------------

/sˈyβɾe/ - /syʁ/
[1/1] <#_s-<#_s / ˈy_β-y / ɾ-∅ / e_#>-ʁ_#>

-------------------

/sˈɛt/ - /sɛt/
[1/1] <#_s-<#_s / ˈɛ-ɛ / t-t

-------------------

/sˈɛw/ - /sjɛl/
[1/1] <#_s-<#_s / ˈɛ-j / w_#>-ɛ_l

-------------------

/tusˈi/ - /tuse/
[1/1] <#_t-<#_t / u-u / s-s / ˈi-e

-------------------

/twˈa/ - /mate/
[1/1] ∅-m / <#-a / t-t / w-∅ / ˈa_#>-e_#>

-------------------

/twˈa/ - /ɔksiʁ/
[1/1] ∅-ɔ / <#-k / t-s / w-i / ˈa-ʁ

-------------------

/twˈa/ - /ʦɥe/
[1/1] <#_t-<#_ʦ / w-ɥ / ˈa_#>-e_#>

-------------------

/tɾˈes/ - /tʁwɛ/
[1/1] <#_t-<#_t / ɾ-ʁ / ˈe-w_ɛ / s_#>-#>

-------------------

/tˈawr/ - /toʊ̯ʁoʊ̯/
[1/1] <#_t-<#_t / ˈa_w-oʊ̯ / r-ʁ / ∅-oʊ̯

-------------------

/tˈems/ - /tã/
[1/1] <#_t-<#_t / ˈe-∅ / m-ã / s_#>-#>

-------------------

/tˈut/ - /tu/
[1/1] <#_t-<#_t / ˈu-u / t_#>-#>

-------------------

/tˈuts/ - /tu/
[1/1] <#_t-<#_t / ˈu-u / t-∅ / s_#>-#>

-------------------

/tˈuts/ - /tʊs/
[1/1] <#_t-<#_t / ˈu-ʊ / t-∅ / s_#>-s_#>

-------------------

/tˈy/ - /ʦy/
[1/1] <#_t-<#_ʦ / ˈy-y

-------------------

/tˈɛra/ - /tæɛ̯ʁ/
[1/1] <#_t-<#_t / ˈɛ_r-æɛ̯_ʁ / a-∅

-------------------

/tˈɛstɔ/ - /tɛɪ̯t/
[1/1] <#_t-<#_t / ˈɛ_s-ɛɪ̯ / t-t / ɔ_#>-#>

-------------------

/uβɾˈɛ/ - /uvʁije/
[1/1] u-u / β-v / ɾ-ʁ / ∅-i / ˈɛ_#>-j_e

-------------------

/wˈejt/ - /ɥi/
[1/1] w_ˈe-ɥ / j-∅ / t_#>-i_#>

-------------------

/wˈew/ - /œf/
[1/1] <#_w-<#_œ / ˈe-∅ / w_#>-f_#>

-------------------

/wˈeʎ/ - /œj/
[1/1] <#_w-<#_œ / ˈe-∅ / ʎ_#>-j_#>

-------------------

/wˈeʎs/ - /jøʏ̯/
[1/1] w-<# / ˈe_ʎ-j / ∅-øʏ̯ / s_#>-#>

-------------------

/wˈeʎɔ/ - /waj/
[1/1] w-<# / ˈe-w / ∅-a / ʎ_ɔ_#>-j_#>

-------------------

/ɡlasˈa/ - /ɡlase/
[1/1] <#_ɡ-<#_ɡ / l-l / a-a / s-s / ˈa_#>-e_#>

-------------------

/ɡlasˈa/ - /ʒœle/
[1/1] <#-ʒ / ɡ-œ / l-l / a-∅ / s-∅ / ˈa_#>-e_#>

-------------------

/ɡlˈas/ - /ɡlas/
[1/1] <#_ɡ-<#_ɡ / l-l / ˈa-a / s_#>-s_#>

-------------------

/ɡlˈas/ - /ʒɛl/
[1/1] <#-ʒ / ɡ-ɛ / l-l / ˈa-∅ / s_#>-#>

-------------------

/ɡrˈaŋ/ - /ɡʁã/
[1/1] <#_ɡ-<#_ɡ / r-ʁ / ˈa_ŋ-ã

-------------------

/ɡrˈaŋ/ - /ɡʁẽɪ̯̃/
[1/1] <#_ɡ-<#_ɡ / r-ʁ / ˈa-∅ / ŋ_#>-ẽɪ̯̃_#>

-------------------

/ɡrˈaŋ/ - /ɡʁæɛ̯n/
[1/1] <#_ɡ-<#_ɡ / r-ʁ / ˈa-æɛ̯ / ŋ_#>-n_#>

-------------------

/ɡɾˈɔk/ - /ʒoʊ̯n/
[1/1] ɡ-ʒ / ɾ-oʊ̯ / ˈɔ-n / k_#>-#>

-------------------

/ɡɾˈɔs/ - /ɡʁo/
[1/1] <#_ɡ-<#_ɡ / ɾ-ʁ / ˈɔ_s-o

-------------------

/ɡɾˈɛjʃ/ - /ɡʁæɛ̯s/
[1/1] <#_ɡ-<#_ɡ / ɾ-ʁ / ˈɛ-æɛ̯ / j_ʃ_#>-s

-------------------

/ɡˈaj/ - /ʒwɛ/
[1/1] ɡ-ʒ / ˈa-w / j_#>-ɛ_#>

-------------------

/ɡˈat/ - /ʃɑ/
[1/1] <#-<#_ʃ / ɡ-∅ / ˈa-ɑ / t_#>-#>

-------------------

/ɡˈulɔ/ - /ɡœl/
[1/1] <#_ɡ-<#_ɡ / ˈu-œ / l-l / ɔ_#>-#>

-------------------

/ɡˈutɔ/ - /ɡʊt/
[1/1] <#_ɡ-<#_ɡ / ˈu-ʊ / t-t / ɔ_#>-#>

-------------------

/ʃˈejs/ - /si/
[1/1] ʃ-s / ˈe_j-i_#> / s-∅

-------------------

/ʃˈejs/ - /sɪs/
[1/1] ʃ-s / ˈe-∅ / j-ɪ / s_#>-s_#>

-------------------

/ʎeβˈa/ - /lœve/
[1/1] <#_ʎ-l / e-œ / β-v / ˈa_#>-e_#>

-------------------

/ʎˈejt/ - /li/
[1/1] <#_ʎ-l / ˈe_j-i_#> / t-∅

-------------------

/ʒelˈa/ - /ɡlase/
[1/1] ʒ-<# / e-ɡ / l-l / ∅-a / ∅-s / ˈa_#>-e_#>

-------------------

/ʒelˈa/ - /ʒœle/
[1/1] <#_ʒ-<#_ʒ / e-œ / l-l / ˈa_#>-e_#>

-------------------

/ʒwˈeŋ/ - /ʒœn/
[1/1] <#_ʒ-<#_ʒ / w_ˈe-œ / ŋ_#>-n_#>

-------------------

/ʒˈendɾe/ - /ʒãdʁ/
[1/1] <#_ʒ-<#_ʒ / ˈe_n-ã / d_ɾ-d_ʁ / e-∅

-------------------

/ʒˈur/ - /ʒuʁ/
[1/1] <#_ʒ-<#_ʒ / ˈu-u / r-ʁ

-------------------

/ʒˈuʎ/ - /ʒœnu/
[1/1] <#_ʒ-<#_ʒ / ∅-œ / ∅-n / ˈu_ʎ-u

-------------------

/ʒˈyn/ - /ʒwẽɪ̯̃/
[1/1] <#_ʒ-<#_ʒ / ˈy_n-w_ẽɪ̯̃

-------------------

/ʒˈyɲ/ - /ʒɥẽɪ̯̃/
[1/1] <#_ʒ-<#_ʒ / ˈy-ɥ / ɲ_#>-ẽɪ̯̃

-------------------

/ʒˈyʤe/ - /ʒyʒ/
[1/1] <#_ʒ-<#_ʒ / ˈy-y / ʤ-∅ / e-ʒ

-------------------

/ʒˈɔ/ - /ʒœ/
[1/1] <#_ʒ-<#_ʒ / ˈɔ-œ

-------------------

/ʒˈɔk/ - /ʒøʏ̯/
[1/1] <#_ʒ-<#_ʒ / ˈɔ-∅ / k_#>-øʏ̯_#>

-------------------

/ʒˈɛw/ - /ɡlas/
[1/1] ʒ-ɡ / ˈɛ-l / w-a / #>-s_#>

-------------------

/ʒˈɛw/ - /ʒɛl/
[1/1] <#_ʒ-<#_ʒ / ˈɛ-∅ / w_#>-ɛ_l

-------------------

/ˈajɣɔ/ - /oʊ̯/
[1/1] <#_ˈa-<#_oʊ̯ / j-∅ / ɣ-∅ / ɔ_#>-#>

-------------------

/ˈanʒu/ - /ãʒ/
[1/1] <#_ˈa-<# / n-∅ / ʒ-ã / u-ʒ

-------------------

/ˈanːɔ/ - /ɑm/
[1/1] <#_ˈa-<# / ∅-ɑ / nː-m / ɔ_#>-#>

-------------------

/ˈawkɔ/ - /wɛ/
[1/1] <#_ˈa-<# / w-w / k-ɛ / ɔ_#>-#>

-------------------

/ˈawr/ - /ɑɔ̯ʁ/
[1/1] <#_ˈa-<# / w-ɑɔ̯ / r-ʁ

-------------------

/ˈawte/ - /oʊ̯tʁ/
[1/1] ˈa_w-oʊ̯ / t-t / e_#>-ʁ_#>

-------------------

/ˈawβɔ/ - /oʊ̯b/
[1/1] ˈa_w-oʊ̯ / β-b / ɔ_#>-#>

-------------------

/ˈaŋ/ - /ã/
[1/1] ˈa_ŋ-ã

-------------------

/ˈaɾβe/ - /aʁbʁ/
[1/1] <#_ˈa-<# / ɾ-a_ʁ / β-b / e_#>-ʁ_#>

-------------------

/ˈaʎ/ - /æɛ̯j/
[1/1] ˈa-æɛ̯ / ʎ_#>-j_#>

-------------------

/ˈet/ - /ɪl/
[1/1] <#-ɪ / ˈe-l / t_#>-#>

-------------------

/ˈeɾɔ/ - /ɛl/
[1/1] ˈe-ɛ / ɾ-l / ɔ_#>-#>

-------------------

/ˈizlɔ/ - /ɪl/
[1/1] ˈi-ɪ / z-∅ / l-l / ɔ_#>-#>

-------------------

/ˈus/ - /uʁs/
[1/1] ˈu-u / ∅-ʁ / s_#>-s_#>

-------------------

/ˈyŋ/ - /œ̃ʏ̯̃/
[1/1] ˈy-<# / ŋ-œ̃ʏ̯̃

-------------------

/ˈyŋɡlɔ/ - /ɒ̃ʊ̯̃ɡl/
[1/1] ˈy-<# / ŋ-ɒ̃ʊ̯̃ / ɡ-ɡ / l-l / ɔ_#>-#>

-------------------

/ˈɔmi/ - /ɔm/
[1/1] ˈɔ-ɔ / m-m / i-∅

-------------------

/ˈɔs/ - /o/
[1/1] ˈɔ_s-o

-------------------

/ˈɔs/ - /ɔs/
[1/1] ˈɔ-ɔ / s_#>-s_#>

-------------------

/ˈɔβɾɔ/ - /œvʁ/
[1/1] ˈɔ-œ / β-v / ɾ-ʁ / ɔ_#>-#>

-------------------

/ˈɛrβɔ/ - /æɛ̯ʁb/
[1/1] ˈɛ_r-æɛ̯_ʁ / β-b / ɔ_#>-#>

-------------------

