/b̥lˈum/ - /blˈɔːmɔːː/
b̥-b / l-l / ˈu-ˈɔː / m-m / ∅-ɔːː
{0: [0], 1: [1], 2: [2], 3: [3], 4: None}
{0: [0], 1: [1], 2: [2], 3: [3], 4: [4]}
SCORE: 22.027

-------------------

/b̥lˈuːd̥/ - /blˈɔːθɑ̃/
b̥-b / l-l / ˈuː-ˈɔː / d̥-θ / #>-ɑ̃_#>
{0: [0], 1: [1], 2: [2], 3: [3], 4: None}
{0: [0], 1: [1], 2: [2], 3: [3], 4: [4]}
SCORE: 25.543

-------------------

/b̥lˈuːrə/ - /blˈɔːθijɑnɑ̃/
b̥-b / l-l / ˈuː-ˈɔː / ∅-θ / ∅-i / r-j / ə-ɑ_n / #>-ɑ̃_#>
{0: [0], 1: [1], 2: [2], 3: None, 4: None, 5: [3], 6: [4], 7: None}
{0: [0], 1: [1], 2: [2], 3: [3], 4: [4], 5: [5], 6: [6, 7], 7: [8]}
SCORE: 15.629

-------------------

/b̥lˈuːɡ̊/ - /plˈɔːɣɑz/
b̥-p / l-l / ˈuː-ˈɔː / ɡ̊-ɣ / #>-ɑ_z_#>
{0: [0], 1: [1], 2: [2], 3: [3], 4: None}
{0: [0], 1: [1], 2: [2], 3: [3], 4: [4, 5]}
SCORE: 19.992

-------------------

/b̥lˈɑːd̥/ - /blˈɑðɑ̃/
b̥-b / l-l / ˈɑː-ˈɑ / d̥-ð / #>-ɑ̃_#>
{0: [0], 1: [1], 2: [2], 3: [3], 4: None}
{0: [0], 1: [1], 2: [2], 3: [3], 4: [4]}
SCORE: 23.073

-------------------

/b̥rˈoːd̥/ - /brˈɑu̯ðɑ̃/
b̥-b / r-r / ˈoː-ˈɑu̯ / d̥-ð / #>-ɑ̃_#>
{0: [0], 1: [1], 2: [2], 3: [3], 4: None}
{0: [0], 1: [1], 2: [2], 3: [3], 4: [4]}
SCORE: 22.696

-------------------

/b̥rˈuːrɐ/ - /brˈɔːθɛːr/
b̥-b / r-r / ˈuː-ˈɔː / ∅-θ / r-ɛː / ɐ_#>-r_#>
{0: [0], 1: [1], 2: [2], 3: None, 4: [3], 5: [4]}
{0: [0], 1: [1], 2: [2], 3: [3], 4: [4], 5: [5]}
SCORE: 24.947

-------------------

/b̥rˈɔʃd̥/ - /brˈusts/
b̥-b / r-r / ˈɔ-ˈu / ʃ_d̥-s_t / #>-s_#>
{0: [0], 1: [1], 2: [2], 3: [3, 4], 4: None}
{0: [0], 1: [1], 2: [2], 3: [3, 4], 4: [5]}
SCORE: 27.423

-------------------

/b̥rˈɪɡ̊/ - /brˈuɣjɔ̃ː/
b̥-b / r-r / ˈɪ-ˈu / ɡ̊-ɣ / ∅-j / ∅-ɔ̃ː
{0: [0], 1: [1], 2: [2], 3: [3], 4: None, 5: None}
{0: [0], 1: [1], 2: [2], 3: [3], 4: [4], 5: [5]}
SCORE: 13.891

-------------------

/b̥ˈaɪ̯sə/ - /bˈiːtɑnɑ̃/
b̥-b / ˈaɪ̯-ˈiː / s-t / ə-ɑ_n / #>-ɑ̃_#>
{0: [0], 1: [1], 2: [2], 3: [3], 4: None}
{0: [0], 1: [1], 2: [2], 3: [3, 4], 4: [5]}
SCORE: 22.877

-------------------

/b̥ˈiːrə/ - /bˈeu̯ðɑnɑ̃/
b̥-b / ˈiː-ˈeu̯ / r-ð / ə-ɑ_n / #>-ɑ̃_#>
{0: [0], 1: [1], 2: [2], 3: [3], 4: None}
{0: [0], 1: [1], 2: [2], 3: [3, 4], 4: [5]}
SCORE: 22.321

-------------------

/b̥ˈuːx/ - /bˈɔːks/
b̥-b / ˈuː-ˈɔː / x-k / #>-s_#>
{0: [0], 1: [1], 2: [2], 3: None}
{0: [0], 1: [1], 2: [2], 3: [3]}
SCORE: 17.972

-------------------

/b̥ˈɑːd̥/ - /bˈɑθɑ̃/
b̥-b / ˈɑː-ˈɑ / d̥-θ / #>-ɑ̃_#>
{0: [0], 1: [1], 2: [2], 3: None}
{0: [0], 1: [1], 2: [2], 3: [3]}
SCORE: 18.242

-------------------

/b̥ˈɑːm/ - /bˈɑu̯mɑz/
b̥-b / ˈɑː-ˈɑu̯ / m-m / #>-ɑ_z_#>
{0: [0], 1: [1], 2: [2], 3: None}
{0: [0], 1: [1], 2: [2], 3: [3, 4]}
SCORE: 18.099

-------------------

/b̥ˈɑ̃ː/ - /bˈɑi̯nɑ̃/
b̥-b / ∅-ˈɑi̯ / ∅-n / ˈɑ̃ː-∅ / #>-ɑ̃_#>
{0: [0], 1: None, 2: None, 3: [1], 4: None}
{0: [0], 1: [1], 2: [2], 3: None, 4: [3]}
SCORE: -4.931

-------------------

/b̥ˈɛsɐ/ - /bˈɑtizɔːː/
b̥-b / ˈɛ-ˈɑ / s-t / ɐ-i_z / ∅-ɔːː
{0: [0], 1: [1], 2: [2], 3: [3], 4: None}
{0: [0], 1: [1], 2: [2], 3: [3, 4], 4: [5]}
SCORE: 12.559

-------------------

/b̥ˈɛɐʃ/ - /bˈerɣɑz/
b̥-b / ˈɛ-ˈe / ɐ-r / ʃ-ɣ_ɑ / #>-z_#>
{0: [0], 1: [1], 2: [2], 3: [3], 4: None}
{0: [0], 1: [1], 2: [2], 3: [3, 4], 4: [5]}
SCORE: 19.024

-------------------

/b̥ˈɛːɐ/ - /bˈerɔːː/
b̥-b / ˈɛː-ˈe / ɐ-r / ∅-ɔːː
{0: [0], 1: [1], 2: [2], 3: None}
{0: [0], 1: [1], 2: [2], 3: [3]}
SCORE: 14.259

-------------------

/b̥ˈɪnə/ - /bˈindɑnɑ̃/
b̥-b / ˈɪ-ˈi / n-n_d / ə-ɑ_n / #>-ɑ̃_#>
{0: [0], 1: [1], 2: [2], 3: [3], 4: None}
{0: [0], 1: [1], 2: [2, 3], 3: [4, 5], 4: [6]}
SCORE: 21.817

-------------------

/b̥ˈɪrə/ - /bˈiðjɑnɑ̃/
b̥-b / ˈɪ-ˈi / r-ð / ∅-j / ə-ɑ_n / #>-ɑ̃_#>
{0: [0], 1: [1], 2: [2], 3: None, 4: [3], 5: None}
{0: [0], 1: [1], 2: [2], 3: [3], 4: [4, 5], 5: [6]}
SCORE: 16.471

-------------------

/d̥rˈaɪ̯/ - /θrˈiːz/
<#_d̥-<#_θ / r-r / ˈaɪ̯-ˈiː / #>-z_#>
{0: [0], 1: [1], 2: [2], 3: None}
{0: [0], 1: [1], 2: [2], 3: [3]}
SCORE: 18.54

-------------------

/d̥rˈaɪ̯ʣ̥eː/ - /θrˈitexun/
<#_d̥-<#_θ / r-r / ˈaɪ̯-ˈi / ʣ̥-t / eː-e_x_u / ∅-n
{0: [0], 1: [1], 2: [2], 3: [3], 4: [4], 5: None}
{0: [0], 1: [1], 2: [2], 3: [3], 4: [4, 5, 6], 5: [7]}
SCORE: 17.957

-------------------

/d̥rˈaɪ̯βə/ - /drˈiːβɑnɑ̃/
<#_d̥-<#_d / r-r / ˈaɪ̯-ˈiː / β-β / ə-ɑ_n / #>-ɑ̃_#>
{0: [0], 1: [1], 2: [2], 3: [3], 4: [4], 5: None}
{0: [0], 1: [1], 2: [2], 3: [3], 4: [4, 5], 5: [6]}
SCORE: 27.207

-------------------

/d̥rˈuɡ̊ə/ - /drˈuknɑz/
<#_d̥-<#_d / r-r / ˈu-ˈu / ɡ̊-k_n / ə-ɑ / #>-z_#>
{0: [0], 1: [1], 2: [2], 3: [3], 4: [4], 5: None}
{0: [0], 1: [1], 2: [2], 3: [3, 4], 4: [5], 5: [6]}
SCORE: 23.466

-------------------

/d̥rˈɑːm/ - /drˈɑu̯mɑz/
<#_d̥-<#_d / r-r / ˈɑː-ˈɑu̯ / m-m / #>-ɑ_z_#>
{0: [0], 1: [1], 2: [2], 3: [3], 4: None}
{0: [0], 1: [1], 2: [2], 3: [3], 4: [4, 5]}
SCORE: 21.243

-------------------

/d̥rˈɛːmə/ - /drˈɑu̯mijɑnɑ̃/
<#_d̥-<#_d / r-r / ∅-ˈɑu̯ / ˈɛː-∅ / m-m / ∅-i / ∅-j / ə-ɑ_n / #>-ɑ̃_#>
{0: [0], 1: [1], 2: None, 3: [2], 4: [3], 5: None, 6: None, 7: [4], 8: None}
{0: [0], 1: [1], 2: [2], 3: None, 4: [3], 5: [4], 6: [5], 7: [6, 7], 8: [8]}
SCORE: 2.819

-------------------

/d̥rˈɛːn/ - /trˈɑxnuz/
d̥-t / r-r_ˈɑ / ∅-x / ˈɛː-∅ / n-n / ∅-u / #>-z_#>
{0: [0], 1: [1], 2: None, 3: [2], 4: [3], 5: None, 6: None}
{0: [0], 1: [1, 2], 2: [3], 3: None, 4: [4], 5: [5], 6: [6]}
SCORE: -3.809

-------------------

/d̥rˈɪŋɡ̊ə/ - /drˈiŋkɑnɑ̃/
<#_d̥-<#_d / r-r / ˈɪ-ˈi / ŋ-ŋ / ɡ̊-k / ə-ɑ_n / #>-ɑ̃_#>
{0: [0], 1: [1], 2: [2], 3: [3], 4: [4], 5: [5], 6: None}
{0: [0], 1: [1], 2: [2], 3: [3], 4: [4], 5: [5, 6], 6: [7]}
SCORE: 29.244

-------------------

/d̥rˈɪɡ̊ə/ - /θrˈukːijɑnɑ̃/
<#_d̥-<#_θ / r-r / ˈɪ_ɡ̊-ˈu / ∅-kː / ∅-i / ∅-j / ə-ɑ_n / #>-ɑ̃_#>
{0: [0], 1: [1], 2: [2, 3], 3: None, 4: None, 5: None, 6: [4], 7: None}
{0: [0], 1: [1], 2: [2], 3: [3], 4: [4], 5: [5], 6: [6, 7], 7: [8]}
SCORE: 2.188

-------------------

/d̥ˈau̯b̥/ - /dˈuːβɔ̃ː/
<#_d̥-<#_d / ˈau̯-ˈuː / b̥-β / ∅-ɔ̃ː
{0: [0], 1: [1], 2: [2], 3: None}
{0: [0], 1: [1], 2: [2], 3: [3]}
SCORE: 16.12

-------------------

/d̥ˈau̯mə/ - /θˈuːmɔːː/
<#_d̥-<#_θ / ˈau̯-ˈuː / m-m / ə-ɔːː
{0: [0], 1: [1], 2: [2], 3: [3]}
{0: [0], 1: [1], 2: [2], 3: [3]}
SCORE: 24.473

-------------------

/d̥ˈau̯sənd̥/ - /θˈuːsundiː/
<#_d̥-<#_θ / ˈau̯-ˈuː / s-s / ∅-u / ə-∅ / n-n / d̥-d / ∅-iː
{0: [0], 1: [1], 2: [2], 3: None, 4: [3], 5: [4], 6: [5], 7: None}
{0: [0], 1: [1], 2: [2], 3: [3], 4: None, 5: [4], 6: [5], 7: [6]}
SCORE: 13.947

-------------------

/d̥ˈaɪ̯d̥ʃ/ - /θˈiu̯ðiskɑz/
<#_d̥-<#_θ / ˈaɪ̯-ˈiu̯ / d̥-ð / ∅-i / ʃ-s_k / #>-ɑ_z_#>
{0: [0], 1: [1], 2: [2], 3: None, 4: [3], 5: None}
{0: [0], 1: [1], 2: [2], 3: [3], 4: [4, 5], 5: [6, 7]}
SCORE: 11.583

-------------------

/d̥ˈaɪ̯ɐ/ - /dˈiu̯rijɑz/
<#_d̥-<#_d / ˈaɪ̯-ˈiu̯ / ɐ-r_i / ∅-j / #>-ɑ_z_#>
{0: [0], 1: [1], 2: [2], 3: None, 4: None}
{0: [0], 1: [1], 2: [2, 3], 3: [4], 4: [5, 6]}
SCORE: 7.173

-------------------

/d̥ˈiːb̥/ - /θˈeu̯βɑz/
<#_d̥-<#_θ / ˈiː-ˈeu̯ / b̥-β / #>-ɑ_z_#>
{0: [0], 1: [1], 2: [2], 3: None}
{0: [0], 1: [1], 2: [2], 3: [3, 4]}
SCORE: 16.293

-------------------

/d̥ˈiːf/ - /dˈeu̯pɑz/
<#_d̥-<#_d / ˈiː-ˈeu̯ / f-p / #>-ɑ_z_#>
{0: [0], 1: [1], 2: [2], 3: None}
{0: [0], 1: [1], 2: [2], 3: [3, 4]}
SCORE: 16.366

-------------------

/d̥ˈiːɐ/ - /dˈeu̯zɑ̃/
<#_d̥-<#_d / ˈiː-ˈeu̯ / ∅-z / ɐ-ɑ̃
{0: [0], 1: [1], 2: None, 3: [2]}
{0: [0], 1: [1], 2: [2], 3: [3]}
SCORE: 12.475

-------------------

/d̥ˈoːd̥/ - /dˈɑu̯ðɑz/
<#_d̥-<#_d / ˈoː-ˈɑu̯ / d̥-ð_ɑ / #>-z_#>
{0: [0], 1: [1], 2: [2], 3: None}
{0: [0], 1: [1], 2: [2, 3], 3: [4]}
SCORE: 14.339

-------------------

/d̥ˈoːd̥/ - /dˈɑu̯θuz/
<#_d̥-<#_d / ˈoː-ˈɑu̯ / d̥-θ / ∅-u / #>-z_#>
{0: [0], 1: [1], 2: [2], 3: None, 4: None}
{0: [0], 1: [1], 2: [2], 3: [3], 4: [4]}
SCORE: 11.59

-------------------

/d̥ˈunɐ/ - /θˈunrɑz/
<#_d̥-<#_θ / ˈu-ˈu / n-n / ɐ-r_ɑ / #>-z_#>
{0: [0], 1: [1], 2: [2], 3: [3], 4: None}
{0: [0], 1: [1], 2: [2], 3: [3, 4], 4: [5]}
SCORE: 20.564

-------------------

/d̥ˈuː/ - /θˈuː/
<#_d̥-<#_θ / ˈuː-ˈuː
{0: [0], 1: [1]}
{0: [0], 1: [1]}
SCORE: 11.753

-------------------

/d̥ˈɑŋɡ̊ə/ - /θˈɑŋkɔːnɑ̃/
<#_d̥-<#_θ / ˈɑ-ˈɑ / ŋ-ŋ / ɡ̊-k / ∅-ɔː / ə-n_ɑ̃
{0: [0], 1: [1], 2: [2], 3: [3], 4: None, 5: [4]}
{0: [0], 1: [1], 2: [2], 3: [3], 4: [4], 5: [5, 6]}
SCORE: 16.35

-------------------

/d̥ˈɑːɡ̊/ - /dˈɑɣɑz/
<#_d̥-<#_d / ˈɑː-ˈɑ / ɡ̊-ɣ / #>-ɑ_z_#>
{0: [0], 1: [1], 2: [2], 3: None}
{0: [0], 1: [1], 2: [2], 3: [3, 4]}
SCORE: 14.926

-------------------

/d̥ˈɔxd̥ɐ/ - /dˈuxtɛːr/
<#_d̥-<#_d / ˈɔ-ˈu / x_d̥-x_t / ɐ-ɛː / #>-r_#>
{0: [0], 1: [1], 2: [2, 3], 3: [4], 4: None}
{0: [0], 1: [1], 2: [2, 3], 3: [4], 4: [5]}
SCORE: 23.317

-------------------

/d̥ˈɔɐn/ - /θˈurnɑz/
<#_d̥-<#_θ / ˈɔ-ˈu / ɐ_n-r_n / #>-ɑ_z_#>
{0: [0], 1: [1], 2: [2, 3], 3: None}
{0: [0], 1: [1], 2: [2, 3], 3: [4, 5]}
SCORE: 19.72

-------------------

/d̥ˈɔɐʃd̥/ - /θˈurstuz/
<#_d̥-<#_θ / ˈɔ-ˈu / ɐ-r / ʃ_d̥-s_t / ∅-u / #>-z_#>
{0: [0], 1: [1], 2: [2], 3: [3, 4], 4: None, 5: None}
{0: [0], 1: [1], 2: [2], 3: [3, 4], 4: [5], 5: [6]}
SCORE: 19.948

-------------------

/d̥ˈɛɐ/ - /θˈursuz/
<#_d̥-<#_θ / ∅-ˈu / ∅-r / ˈɛ-s / ɐ-u / #>-z_#>
{0: [0], 1: None, 2: None, 3: [1], 4: [2], 5: None}
{0: [0], 1: [1], 2: [2], 3: [3], 4: [4], 5: [5]}
SCORE: -4.086

-------------------

/d̥ˈɛːʃ/ - /dˈɑi̯ɣɑz/
<#_d̥-<#_d / ˈɛː-ˈɑi̯ / ʃ-ɣ_ɑ / #>-z_#>
{0: [0], 1: [1], 2: [2], 3: None}
{0: [0], 1: [1], 2: [2, 3], 3: [4]}
SCORE: 14.797

-------------------

/d̥ˈɪn/ - /θˈunːiz/
<#_d̥-<#_θ / ˈɪ-ˈu / n-nː / ∅-i / #>-z_#>
{0: [0], 1: [1], 2: [2], 3: None, 4: None}
{0: [0], 1: [1], 2: [2], 3: [3], 4: [4]}
SCORE: 10.461

-------------------

/d̥ˈɪn/ - /θˈunːuz/
<#_d̥-<#_θ / ˈɪ-ˈu / n-nː / ∅-u / #>-z_#>
{0: [0], 1: [1], 2: [2], 3: None, 4: None}
{0: [0], 1: [1], 2: [2], 3: [3], 4: [4]}
SCORE: 10.461

-------------------

/d̥ˈɪŋ/ - /θˈiŋɡɑ̃/
<#_d̥-<#_θ / ˈɪ-ˈi_ŋ / ŋ-ɡ / #>-ɑ̃_#>
{0: [0], 1: [1], 2: [2], 3: None}
{0: [0], 1: [1, 2], 2: [3], 3: [4]}
SCORE: 16.138

-------------------

/d̥ˈɪɡ̊/ - /θˈekuz/
<#_d̥-<#_θ / ˈɪ-ˈe / ɡ̊-k / ∅-u / #>-z_#>
{0: [0], 1: [1], 2: [2], 3: None, 4: None}
{0: [0], 1: [1], 2: [2], 3: [3], 4: [4]}
SCORE: 9.315

-------------------

/flˈiːjə/ - /ɸlˈeu̯ɣɑnɑ̃/
f-ɸ / l-l / ˈiː-ˈeu̯ / j-ɣ / ə-ɑ_n / #>-ɑ̃_#>
{0: [0], 1: [1], 2: [2], 3: [3], 4: [4], 5: None}
{0: [0], 1: [1], 2: [2], 3: [3], 4: [4, 5], 5: [6]}
SCORE: 25.76

-------------------

/flˈiːʃ/ - /ɸlˈeu̯ɣɔ̃ː/
f-ɸ / l-l / ˈiː-ˈeu̯ / ʃ-ɣ / ∅-ɔ̃ː
{0: [0], 1: [1], 2: [2], 3: [3], 4: None}
{0: [0], 1: [1], 2: [2], 3: [3], 4: [4]}
SCORE: 19.299

-------------------

/flˈɛːʃ/ - /ɸlˈɑi̯ski/
f-ɸ / l-l / ˈɛː-ˈɑi̯ / ʃ-s_k / ∅-i
{0: [0], 1: [1], 2: [2], 3: [3], 4: None}
{0: [0], 1: [1], 2: [2], 3: [3, 4], 4: [5]}
SCORE: 20.338

-------------------

/flˈɪʃd̥/ - /plˈixti/
f-p / l-l / ˈɪ-ˈi / ʃ_d̥-x_t / ∅-i
{0: [0], 1: [1], 2: [2], 3: [3, 4], 4: None}
{0: [0], 1: [1], 2: [2], 3: [3, 4], 4: [5]}
SCORE: 23.184

-------------------

/frˈaɪ̯/ - /ɸrˈijɑz/
f-ɸ / r-r / ˈaɪ̯-ˈi_j / #>-ɑ_z_#>
{0: [0], 1: [1], 2: [2], 3: None}
{0: [0], 1: [1], 2: [2, 3], 3: [4, 5]}
SCORE: 16.106

-------------------

/frˈaɪ̯nd̥/ - /ɸrˈijɔːndz/
f-ɸ / r-r / ˈaɪ̯-ˈi_j / ∅-ɔː / n-n / d̥-d / #>-z_#>
{0: [0], 1: [1], 2: [2], 3: None, 4: [3], 5: [4], 6: None}
{0: [0], 1: [1], 2: [2, 3], 3: [4], 4: [5], 5: [6], 6: [7]}
SCORE: 22.027

-------------------

/frˈeːrə/ - /ɸrˈeu̯sɑnɑ̃/
f-ɸ / r-r / ∅-ˈeu̯ / ∅-s / ˈeː-∅ / r-∅ / ə-ɑ_n / #>-ɑ̃_#>
{0: [0], 1: [1], 2: None, 3: None, 4: [2], 5: [3], 6: [4], 7: None}
{0: [0], 1: [1], 2: [2], 3: [3], 4: None, 5: None, 6: [4, 5], 7: [6]}
SCORE: -2.287

-------------------

/frˈɑː/ - /ɸrˈɑwjɔ̃ː/
f-ɸ / r-r / ˈɑː-ˈɑ / ∅-w / ∅-j / ∅-ɔ̃ː
{0: [0], 1: [1], 2: [2], 3: None, 4: None, 5: None}
{0: [0], 1: [1], 2: [2], 3: [3], 4: [4], 5: [5]}
SCORE: 5.314

-------------------

/frˈɪʃ/ - /ɸrˈiskɑz/
f-ɸ / r-r / ˈɪ-ˈi / ʃ-s_k / #>-ɑ_z_#>
{0: [0], 1: [1], 2: [2], 3: [3], 4: None}
{0: [0], 1: [1], 2: [2], 3: [3, 4], 4: [5, 6]}
SCORE: 19.838

-------------------

/fˈaɪ̯ɐ/ - /ɸˈɔːr/
f-ɸ / ∅-ˈɔː / ˈaɪ̯-∅ / ɐ_#>-r_#>
{0: [0], 1: None, 2: [1], 3: [2]}
{0: [0], 1: [1], 2: None, 3: [2]}
SCORE: 6.406

-------------------

/fˈiːlə/ - /ɸˈɔːlijɑnɑ̃/
f-ɸ / ˈiː-ˈɔː / l-l / ∅-i / ∅-j / ə-ɑ_n / #>-ɑ̃_#>
{0: [0], 1: [1], 2: [2], 3: None, 4: None, 5: [3], 6: None}
{0: [0], 1: [1], 2: [2], 3: [3], 4: [4], 5: [5, 6], 6: [7]}
SCORE: 11.205

-------------------

/fˈiːs/ - /ɸˈɔːtiz/
f-ɸ / ˈiː-ˈɔː / s-t / ∅-i / #>-z_#>
{0: [0], 1: [1], 2: [2], 3: None, 4: None}
{0: [0], 1: [1], 2: [2], 3: [3], 4: [4]}
SCORE: 9.956

-------------------

/fˈoːxl̩/ - /ɸˈuɣlɑz/
f-ɸ / ˈoː-ˈu / x-ɣ / l-l / #>-ɑ_z_#>
{0: [0], 1: [1], 2: [2], 3: [3], 4: None}
{0: [0], 1: [1], 2: [2], 3: [3], 4: [4, 5]}
SCORE: 19.065

-------------------

/fˈuɡ̊s/ - /ɸˈuxsɑz/
f-ɸ / ˈu-ˈu / ɡ̊_s-x_s / #>-ɑ_z_#>
{0: [0], 1: [1], 2: [2, 3], 3: None}
{0: [0], 1: [1], 2: [2, 3], 3: [4, 5]}
SCORE: 19.106

-------------------

/fˈuːs/ - /ɸˈɔːts/
f-ɸ / ˈuː-ˈɔː / s-t / #>-s_#>
{0: [0], 1: [1], 2: [2], 3: None}
{0: [0], 1: [1], 2: [2], 3: [3]}
SCORE: 18.176

-------------------

/fˈɑrɐ/ - /ɸˈɑðɛːr/
f-ɸ / ˈɑ-ˈɑ / r-ð_ɛː / ɐ_#>-r_#>
{0: [0], 1: [1], 2: [2], 3: [3]}
{0: [0], 1: [1], 2: [2, 3], 3: [4]}
SCORE: 22.603

-------------------

/fˈɔl/ - /ɸˈulːɑz/
f-ɸ / ˈɔ-ˈu / l-lː / #>-ɑ_z_#>
{0: [0], 1: [1], 2: [2], 3: None}
{0: [0], 1: [1], 2: [2], 3: [3, 4]}
SCORE: 17.131

-------------------

/fˈɔljə/ - /ɸˈulɣɑːnɑ̃/
f-ɸ / ˈɔ-ˈu / l-l / j-ɣ / ə-ɑː_n / #>-ɑ̃_#>
{0: [0], 1: [1], 2: [2], 3: [3], 4: [4], 5: None}
{0: [0], 1: [1], 2: [2], 3: [3], 4: [4, 5], 5: [6]}
SCORE: 21.758

-------------------

/fˈɔlɡ̊/ - /ɸˈulkɑ̃/
f-ɸ / ˈɔ-ˈu / l-l / ɡ̊-k / #>-ɑ̃_#>
{0: [0], 1: [1], 2: [2], 3: [3], 4: None}
{0: [0], 1: [1], 2: [2], 3: [3], 4: [4]}
SCORE: 23.352

-------------------

/fˈɛrɐ/ - /ɸˈeθrɔː/
f-ɸ / ˈɛ-ˈe / ∅-θ / r-r / ɐ-ɔː
{0: [0], 1: [1], 2: None, 3: [2], 4: [3]}
{0: [0], 1: [1], 2: [2], 3: [3], 4: [4]}
SCORE: 17.405

-------------------

/fˈɛɐ/ - /ɸˈuri/
f-ɸ / ∅-ˈu / ˈɛ-∅ / ɐ-r_i
{0: [0], 1: None, 2: [1], 3: [2]}
{0: [0], 1: [1], 2: None, 3: [2, 3]}
SCORE: 3.364

-------------------

/fˈɛʃd̥/ - /ɸˈɑstuz/
f-ɸ / ˈɛ-ˈɑ / ʃ_d̥-s_t / ∅-u / #>-z_#>
{0: [0], 1: [1], 2: [2, 3], 3: None, 4: None}
{0: [0], 1: [1], 2: [2, 3], 3: [4], 4: [5]}
SCORE: 16.076

-------------------

/fˈɪnf/ - /ɸˈimɸ/
f-ɸ / ˈɪ-ˈi / n-m / f-ɸ
{0: [0], 1: [1], 2: [2], 3: [3]}
{0: [0], 1: [1], 2: [2], 3: [3]}
SCORE: 22.793

-------------------

/fˈɪnə/ - /ɸˈinθɑnɑ̃/
f-ɸ / ˈɪ-ˈi / n-n_θ / ə-ɑ_n / #>-ɑ̃_#>
{0: [0], 1: [1], 2: [2], 3: [3], 4: None}
{0: [0], 1: [1], 2: [2, 3], 3: [4, 5], 4: [6]}
SCORE: 21.417

-------------------

/fˈɪŋɐ/ - /ɸˈiŋɡrɑz/
f-ɸ / ˈɪ-ˈi_ŋ / ŋ-ɡ / ɐ-r_ɑ / #>-z_#>
{0: [0], 1: [1], 2: [2], 3: [3], 4: None}
{0: [0], 1: [1, 2], 2: [3], 3: [4, 5], 4: [6]}
SCORE: 20.04

-------------------

/fˈɪʃ/ - /ɸˈiskɑz/
f-ɸ / ˈɪ-ˈi / ʃ-s_k / #>-ɑ_z_#>
{0: [0], 1: [1], 2: [2], 3: None}
{0: [0], 1: [1], 2: [2, 3], 3: [4, 5]}
SCORE: 15.371

-------------------

/hˈau̯s/ - /xˈuːsɑ̃/
h-x / ˈau̯-ˈuː / s-s_ɑ̃
{0: [0], 1: [1], 2: [2]}
{0: [0], 1: [1], 2: [2, 3]}
SCORE: 17.977

-------------------

/hˈau̯̯d̥/ - /xˈuːðiz/
h-x / ˈau̯̯-ˈuː / d̥-ð / ∅-i / #>-z_#>
{0: [0], 1: [1], 2: [2], 3: None, 4: None}
{0: [0], 1: [1], 2: [2], 3: [3], 4: [4]}
SCORE: 8.936

-------------------

/hˈaɪ̯lɪʃ/ - /xˈɑi̯lɑɣɑz/
h-x / ∅-ˈɑi̯ / ˈaɪ̯-∅ / l-l / ɪ-ɑ / ʃ-ɣ_ɑ / #>-z_#>
{0: [0], 1: None, 2: [1], 3: [2], 4: [3], 5: [4], 6: None}
{0: [0], 1: [1], 2: None, 3: [2], 4: [3], 5: [4, 5], 6: [6]}
SCORE: 6.193

-------------------

/hˈeːm/ - /xˈɑi̯mɑz/
h-x / ˈeː-ˈɑi̯ / m-m / #>-ɑ_z_#>
{0: [0], 1: [1], 2: [2], 3: None}
{0: [0], 1: [1], 2: [2], 3: [3, 4]}
SCORE: 13.961

-------------------

/hˈeːrə/ - /xˈɑu̯zijɑnɑ̃/
h-x / ∅-ˈɑu̯ / ∅-z / ∅-i / ˈeː-∅ / r-j / ə-ɑ_n / #>-ɑ̃_#>
{0: [0], 1: None, 2: None, 3: None, 4: [1], 5: [2], 6: [3], 7: None}
{0: [0], 1: [1], 2: [2], 3: [3], 4: None, 5: [4], 6: [5, 6], 7: [7]}
SCORE: -9.173

-------------------

/hˈiːɐ/ - /xˈeːr/
h-x / ˈiː-ˈeː / ɐ_#>-r_#>
{0: [0], 1: [1], 2: [2]}
{0: [0], 1: [1], 2: [2]}
SCORE: 20.899

-------------------

/hˈoːnɪʃ/ - /xˈunɑɣɑ̃/
h-x / ˈoː-ˈu / n-n / ɪ_ʃ-ɑ_ɣ / #>-ɑ̃_#>
{0: [0], 1: [1], 2: [2], 3: [3, 4], 4: None}
{0: [0], 1: [1], 2: [2], 3: [3, 4], 4: [5]}
SCORE: 21.232

-------------------

/hˈoːx/ - /xˈɑu̯ɣɑz/
h-x / ˈoː-ˈɑu̯ / x-ɣ / #>-ɑ_z_#>
{0: [0], 1: [1], 2: [2], 3: None}
{0: [0], 1: [1], 2: [2], 3: [3, 4]}
SCORE: 13.028

-------------------

/hˈoːɐ/ - /xˈɛːrɑ̃/
h-x / ˈoː-ˈɛː / ɐ-r_ɑ̃
{0: [0], 1: [1], 2: [2]}
{0: [0], 1: [1], 2: [2, 3]}
SCORE: 18.593

-------------------

/hˈund̥/ - /xˈundɑz/
h-x / ˈu-ˈu / n-n / d̥-d / #>-ɑ_z_#>
{0: [0], 1: [1], 2: [2], 3: [3], 4: None}
{0: [0], 1: [1], 2: [2], 3: [3], 4: [4, 5]}
SCORE: 17.844

-------------------

/hˈunɐd̥/ - /xˈundɑrɑðɑ̃/
h-x / ˈu-ˈu / n-n_d / ∅-ɑ / ɐ-r_ɑ / d̥-ð / #>-ɑ̃_#>
{0: [0], 1: [1], 2: [2], 3: None, 4: [3], 5: [4], 6: None}
{0: [0], 1: [1], 2: [2, 3], 3: [4], 4: [5, 6], 5: [7], 6: [8]}
SCORE: 16.719

-------------------

/hˈuŋɐ/ - /xˈuŋɡruz/
h-x / ˈu-ˈu_ŋ / ŋ-ɡ / ɐ-r_u / #>-z_#>
{0: [0], 1: [1], 2: [2], 3: [3], 4: None}
{0: [0], 1: [1, 2], 2: [3], 3: [4, 5], 4: [6]}
SCORE: 16.332

-------------------

/hˈɑlb̥/ - /xˈɑlβɑz/
h-x / ˈɑ-ˈɑ / l-l / b̥-β / #>-ɑ_z_#>
{0: [0], 1: [1], 2: [2], 3: [3], 4: None}
{0: [0], 1: [1], 2: [2], 3: [3], 4: [4, 5]}
SCORE: 18.8

-------------------

/hˈɑn/ - /xˈɑβjɑnɑ̃/
h-x / ˈɑ-ˈɑ / ∅-β / ∅-j / ∅-ɑ / n-n / #>-ɑ̃_#>
{0: [0], 1: [1], 2: None, 3: None, 4: None, 5: [2], 6: None}
{0: [0], 1: [1], 2: [2], 3: [3], 4: [4], 5: [5], 6: [6]}
SCORE: 1.327

-------------------

/hˈɑnd̥/ - /xˈɑnduz/
h-x / ˈɑ-ˈɑ / n-n / d̥-d / ∅-u / #>-z_#>
{0: [0], 1: [1], 2: [2], 3: [3], 4: None, 5: None}
{0: [0], 1: [1], 2: [2], 3: [3], 4: [4], 5: [5]}
SCORE: 15.063

-------------------

/hˈɑsə/ - /xˈɑtɑːnɑ̃/
h-x / ˈɑ_s-ˈɑ_t / ə-ɑː_n / #>-ɑ̃_#>
{0: [0], 1: [1, 2], 2: [3], 3: None}
{0: [0], 1: [1, 2], 2: [3, 4], 3: [5]}
SCORE: 17.689

-------------------

/hˈɑːb̥d̥/ - /xˈɑu̯βuðɑ̃/
h-x / ˈɑː-ˈɑu̯ / b̥-β / ∅-u / d̥-ð / #>-ɑ̃_#>
{0: [0], 1: [1], 2: [2], 3: None, 4: [3], 5: None}
{0: [0], 1: [1], 2: [2], 3: [3], 4: [4], 5: [5]}
SCORE: 14.975

-------------------

/hˈɑːs/ - /xˈɑsɔːː/
h-x / ˈɑː_s-ˈɑ_s / ∅-ɔːː
{0: [0], 1: [1, 2], 2: None}
{0: [0], 1: [1, 2], 2: [3]}
SCORE: 13.791

-------------------

/hˈɔɐn/ - /xˈurnɑ̃/
h-x / ˈɔ-ˈu / ɐ_n-r_n / #>-ɑ̃_#>
{0: [0], 1: [1], 2: [2, 3], 3: None}
{0: [0], 1: [1], 2: [2, 3], 3: [4]}
SCORE: 21.259

-------------------

/hˈɛlfə/ - /xˈelpɑnɑ̃/
h-x / ˈɛ-ˈe / l-l / f-p / ə-ɑ_n / #>-ɑ̃_#>
{0: [0], 1: [1], 2: [2], 3: [3], 4: [4], 5: None}
{0: [0], 1: [1], 2: [2], 3: [3], 4: [4, 5], 5: [6]}
SCORE: 25.537

-------------------

/hˈɛnə/ - /xˈɑnjɔː/
h-x / ˈɛ-ˈɑ / n-n / ∅-j / ∅-ɔː / ə_#>-#>
{0: [0], 1: [1], 2: [2], 3: None, 4: None, 5: [3]}
{0: [0], 1: [1], 2: [2], 3: [3], 4: [4], 5: None}
SCORE: 2.379

-------------------

/hˈɛɐʣ̥/ - /xˈertɔːː/
h-x / ˈɛ-ˈe / ɐ-r / ʣ̥-t / ∅-ɔːː
{0: [0], 1: [1], 2: [2], 3: [3], 4: None}
{0: [0], 1: [1], 2: [2], 3: [3], 4: [4]}
SCORE: 17.147

-------------------

/hˈɛːs/ - /xˈɑi̯tɑz/
h-x / ˈɛː-ˈɑi̯ / s-t_ɑ / #>-z_#>
{0: [0], 1: [1], 2: [2], 3: None}
{0: [0], 1: [1], 2: [2, 3], 3: [4]}
SCORE: 13.206

-------------------

/jˈoːɐ/ - /jˈɛːrɑ̃/
<#_j-<#_j / ˈoː-ˈɛː / ɐ-r_ɑ̃
{0: [0], 1: [1], 2: [2]}
{0: [0], 1: [1], 2: [2, 3]}
SCORE: 24.14

-------------------

/jˈunɡ̊/ - /jˈuŋɡɑz/
<#_j-<#_j / ˈu-ˈu / n-∅ / ɡ̊-ŋ / ∅-ɡ / #>-ɑ_z_#>
{0: [0], 1: [1], 2: [2], 3: [3], 4: None, 5: None}
{0: [0], 1: [1], 2: None, 3: [2], 4: [3], 5: [4, 5]}
SCORE: 5.201

-------------------

/kʰˈeːnɪʃ/ - /kˈuniŋɡɑz/
<#_kʰ-<#_k / ∅-ˈu / ˈeː-∅ / n-n / ∅-i / ∅-ŋ / ∅-ɡ / ɪ-ɑ / ʃ-z
{0: [0], 1: None, 2: [1], 3: [2], 4: None, 5: None, 6: None, 7: [3], 8: [4]}
{0: [0], 1: [1], 2: None, 3: [2], 4: [3], 5: [4], 6: [5], 7: [6], 8: [7]}
SCORE: -5.239

-------------------

/kʰˈeːs/ - /kˈɑːsiː/
<#_kʰ-<#_k / ∅-ˈɑː / ˈeː-∅ / s-s / ∅-iː
{0: [0], 1: None, 2: [1], 3: [2], 4: None}
{0: [0], 1: [1], 2: None, 3: [2], 4: [3]}
SCORE: 0.996

-------------------

/kʰˈuː/ - /kˈuːz/
<#_kʰ-<#_k / ˈuː-ˈuː / #>-z_#>
{0: [0], 1: [1], 2: None}
{0: [0], 1: [1], 2: [2]}
SCORE: 11.183

-------------------

/kʰˈɑlb̥/ - /kˈɑlβɑz/
<#_kʰ-<#_k / ˈɑ-ˈɑ / l-l / b̥-β / #>-ɑ_z_#>
{0: [0], 1: [1], 2: [2], 3: [3], 4: None}
{0: [0], 1: [1], 2: [2], 3: [3], 4: [4, 5]}
SCORE: 21.934

-------------------

/kʰˈɑld̥/ - /kˈɑldɑz/
<#_kʰ-<#_k / ˈɑ-ˈɑ / l_d̥-l_d / #>-ɑ_z_#>
{0: [0], 1: [1], 2: [2, 3], 3: None}
{0: [0], 1: [1], 2: [2, 3], 3: [4, 5]}
SCORE: 23.185

-------------------

/kʰˈɑʣ̥/ - /kˈɑtːuz/
<#_kʰ-<#_k / ˈɑ-ˈɑ / ∅-tː / ∅-u / ʣ̥-∅ / #>-z_#>
{0: [0], 1: [1], 2: None, 3: None, 4: [2], 5: None}
{0: [0], 1: [1], 2: [2], 3: [3], 4: None, 5: [4]}
SCORE: -0.364

-------------------

/kʰˈɔb̥/ - /kˈupːɑz/
<#_kʰ-<#_k / ˈɔ-ˈu / ∅-pː / b̥-∅ / #>-ɑ_z_#>
{0: [0], 1: [1], 2: None, 3: [2], 4: None}
{0: [0], 1: [1], 2: [2], 3: None, 4: [3, 4]}
SCORE: 2.627

-------------------

/kʰˈɔmə/ - /kʷˈemɑnɑ̃/
<#_kʰ-<# / ∅-kʷ / ∅-ˈe / ˈɔ-∅ / m-m / ə-ɑ_n / #>-ɑ̃_#>
{0: [0], 1: None, 2: None, 3: [1], 4: [2], 5: [3], 6: None}
{0: None, 1: [0], 2: [1], 3: None, 4: [2], 5: [3, 4], 6: [5]}
SCORE: -4.901

-------------------

/kʰˈɔɐn/ - /kˈurnɑ̃/
<#_kʰ-<#_k / ˈɔ-ˈu / ɐ_n-r_n / #>-ɑ̃_#>
{0: [0], 1: [1], 2: [2, 3], 3: None}
{0: [0], 1: [1], 2: [2, 3], 3: [4]}
SCORE: 24.393

-------------------

/kʰˈɛnə/ - /kˈunːɑnɑ̃/
<#_kʰ-<#_k / ∅-ˈu / ˈɛ_n-nː / ə-ɑ_n / #>-ɑ̃_#>
{0: [0], 1: None, 2: [1, 2], 3: [3], 4: None}
{0: [0], 1: [1], 2: [2], 3: [3, 4], 4: [5]}
SCORE: 11.384

-------------------

/kʰˈɛnə/ - /kˈɑnːijɑnɑ̃/
<#_kʰ-<#_k / ˈɛ-ˈɑ / n-nː / ∅-i / ∅-j / ə-ɑ_n / #>-ɑ̃_#>
{0: [0], 1: [1], 2: [2], 3: None, 4: None, 5: [3], 6: None}
{0: [0], 1: [1], 2: [2], 3: [3], 4: [4], 5: [5, 6], 6: [7]}
SCORE: 11.684

-------------------

/kʰˈɛɐʃ/ - /kˈirikɑː/
<#_kʰ-<#_k / ∅-ˈi / ˈɛ-∅ / ɐ-r_i / ʃ-k / ∅-ɑː
{0: [0], 1: None, 2: [1], 3: [2], 4: [3], 5: None}
{0: [0], 1: [1], 2: None, 3: [2, 3], 4: [4], 5: [5]}
SCORE: 1.482

-------------------

/kʰˈɪnd̥/ - /kˈinθɑ̃/
<#_kʰ-<#_k / ˈɪ-ˈi / n-n / d̥-θ / #>-ɑ̃_#>
{0: [0], 1: [1], 2: [2], 3: [3], 4: None}
{0: [0], 1: [1], 2: [2], 3: [3], 4: [4]}
SCORE: 23.497

-------------------

/lˈau̯s/ - /lˈuːs/
<#_l-<#_l / ˈau̯-ˈuː / s-s
{0: [0], 1: [1], 2: [2]}
{0: [0], 1: [1], 2: [2]}
SCORE: 22.48

-------------------

/lˈaɪ̯ə/ - /lˈiɣjɑnɑ̃/
<#_l-<#_l / ∅-ˈi / ∅-ɣ / ˈaɪ̯-j / ə-ɑ_n / #>-ɑ̃_#>
{0: [0], 1: None, 2: None, 3: [1], 4: [2], 5: None}
{0: [0], 1: [1], 2: [2], 3: [3], 4: [4, 5], 5: [6]}
SCORE: 7.388

-------------------

/lˈaɪ̯ʃd̥/ - /lˈĩːxtɑz/
<#_l-<#_l / ˈaɪ̯-ˈĩː / ʃ_d̥-x_t / #>-ɑ_z_#>
{0: [0], 1: [1], 2: [2, 3], 3: None}
{0: [0], 1: [1], 2: [2, 3], 3: [4, 5]}
SCORE: 18.94

-------------------

/lˈijə/ - /lˈeu̯ɣɑnɑ̃/
<#_l-<#_l / ˈi-ˈeu̯ / j-ɣ / ə-ɑ_n / #>-ɑ̃_#>
{0: [0], 1: [1], 2: [2], 3: [3], 4: None}
{0: [0], 1: [1], 2: [2], 3: [3, 4], 4: [5]}
SCORE: 19.596

-------------------

/lˈiːb̥/ - /lˈeu̯βɑz/
<#_l-<#_l / ˈiː-ˈeu̯ / b̥-β / #>-ɑ_z_#>
{0: [0], 1: [1], 2: [2], 3: None}
{0: [0], 1: [1], 2: [2], 3: [3, 4]}
SCORE: 18.387

-------------------

/lˈiːʃd̥/ - /lˈeu̯xtɑ̃/
<#_l-<#_l / ˈiː-ˈeu̯ / ʃ_d̥-x_t / #>-ɑ̃_#>
{0: [0], 1: [1], 2: [2, 3], 3: None}
{0: [0], 1: [1], 2: [2, 3], 3: [4]}
SCORE: 24.343

-------------------

/lˈɑm/ - /lˈɑmbɑz/
<#_l-<#_l / ˈɑ-ˈɑ / m-m / ∅-b / #>-ɑ_z_#>
{0: [0], 1: [1], 2: [2], 3: None, 4: None}
{0: [0], 1: [1], 2: [2], 3: [3], 4: [4, 5]}
SCORE: 13.674

-------------------

/lˈɑnd̥/ - /lˈɑndɑ̃/
<#_l-<#_l / ˈɑ-ˈɑ / n-n / d̥-d / #>-ɑ̃_#>
{0: [0], 1: [1], 2: [2], 3: [3], 4: None}
{0: [0], 1: [1], 2: [2], 3: [3], 4: [4]}
SCORE: 24.156

-------------------

/lˈɑxə/ - /xlˈɑxjɑnɑ̃/
<#-<#_x / l-l / ˈɑ-ˈɑ / x-x / ∅-j / ə-ɑ_n / #>-ɑ̃_#>
{0: None, 1: [0], 2: [1], 3: [2], 4: None, 5: [3], 6: None}
{0: [0], 1: [1], 2: [2], 3: [3], 4: [4], 5: [5, 6], 6: [7]}
SCORE: 11.508

-------------------

/lˈɑŋ/ - /lˈɑŋɡɑz/
<#_l-<#_l / ˈɑ-ˈɑ_ŋ / ŋ-ɡ / #>-ɑ_z_#>
{0: [0], 1: [1], 2: [2], 3: None}
{0: [0], 1: [1, 2], 2: [3], 3: [4, 5]}
SCORE: 15.256

-------------------

/lˈɑːb̥/ - /lˈɑu̯βɑ̃/
<#_l-<#_l / ˈɑː-ˈɑu̯ / b̥-β / #>-ɑ̃_#>
{0: [0], 1: [1], 2: [2], 3: None}
{0: [0], 1: [1], 2: [2], 3: [3]}
SCORE: 20.051

-------------------

/lˈɑːfə/ - /xlˈɑu̯pɑnɑ̃/
<#-<#_x / l-l / ˈɑː-ˈɑu̯ / f-p / ə-ɑ_n / #>-ɑ̃_#>
{0: None, 1: [0], 2: [1], 3: [2], 4: [3], 5: None}
{0: [0], 1: [1], 2: [2], 3: [3], 4: [4, 5], 5: [6]}
SCORE: 18.206

-------------------

/lˈɛβɐ/ - /lˈiβrɔː/
<#_l-<#_l / ∅-ˈi / ˈɛ-∅ / β-β / ɐ-r / ∅-ɔː
{0: [0], 1: None, 2: [1], 3: [2], 4: [3], 5: None}
{0: [0], 1: [1], 2: None, 3: [2], 4: [3], 5: [4]}
SCORE: 4.471

-------------------

/mˈau̯l/ - /mˈuːlɑ̃/
m-m / ˈau̯-ˈuː / l-l / #>-ɑ̃_#>
{0: [0], 1: [1], 2: [2], 3: None}
{0: [0], 1: [1], 2: [2], 3: [3]}
SCORE: 21.34

-------------------

/mˈau̯s/ - /mˈuːs/
m-m / ˈau̯-ˈuː / s-s
{0: [0], 1: [1], 2: [2]}
{0: [0], 1: [1], 2: [2]}
SCORE: 22.058

-------------------

/mˈaɪ̯s/ - /mˈuːsiz/
m-m / ∅-ˈuː / ˈaɪ̯-∅ / s-s / ∅-i / #>-z_#>
{0: [0], 1: None, 2: [1], 3: [2], 4: None, 5: None}
{0: [0], 1: [1], 2: None, 3: [2], 4: [3], 5: [4]}
SCORE: -1.35

-------------------

/mˈeːɐ/ - /mˈɑri/
m-m / ˈeː-∅ / ɐ-ˈɑ_r / ∅-i
{0: [0], 1: [1], 2: [2], 3: None}
{0: [0], 1: None, 2: [1, 2], 3: [3]}
SCORE: 4.608

-------------------

/mˈoːnd̥/ - /mˈɛːnɔːː/
m-m / ˈoː-ˈɛː / n_d̥-n / ∅-ɔːː
{0: [0], 1: [1], 2: [2, 3], 3: None}
{0: [0], 1: [1], 2: [2], 3: [3]}
SCORE: 12.878

-------------------

/mˈoːnɑd̥/ - /mˈɛːnɔːθs/
m-m / ˈoː-ˈɛː / n-n / ɑ-ɔː / d̥-θ / #>-s_#>
{0: [0], 1: [1], 2: [2], 3: [3], 4: [4], 5: None}
{0: [0], 1: [1], 2: [2], 3: [3], 4: [4], 5: [5]}
SCORE: 30.551

-------------------

/mˈund̥/ - /mˈunθɑz/
m-m / ˈu-ˈu / n-n / d̥-θ / #>-ɑ_z_#>
{0: [0], 1: [1], 2: [2], 3: [3], 4: None}
{0: [0], 1: [1], 2: [2], 3: [3], 4: [4, 5]}
SCORE: 20.303

-------------------

/mˈurɐ/ - /mˈɔːðɛːr/
m-m / ˈu-ˈɔː / r-ð_ɛː / ɐ_#>-r_#>
{0: [0], 1: [1], 2: [2], 3: [3]}
{0: [0], 1: [1], 2: [2, 3], 3: [4]}
SCORE: 22.128

-------------------

/mˈɑn/ - /mˈɑnː/
m-m / ˈɑ-ˈɑ / n-nː
{0: [0], 1: [1], 2: [2]}
{0: [0], 1: [1], 2: [2]}
SCORE: 21.483

-------------------

/mˈɑxd̥/ - /mˈɑxtiz/
m-m / ˈɑ-ˈɑ / x_d̥-x_t / ∅-i / #>-z_#>
{0: [0], 1: [1], 2: [2, 3], 3: None, 4: None}
{0: [0], 1: [1], 2: [2, 3], 3: [4], 4: [5]}
SCORE: 16.067

-------------------

/mˈɛnɐ/ - /mˈɑnːiz/
m-m / ˈɛ-ˈɑ / n-nː / ɐ-i / #>-z_#>
{0: [0], 1: [1], 2: [2], 3: [3], 4: None}
{0: [0], 1: [1], 2: [2], 3: [3], 4: [4]}
SCORE: 19.654

-------------------

/mˈɛnʃ/ - /mˈɑnːiskɑz/
m-m / ˈɛ-ˈɑ / n-nː / ∅-i / ʃ-s_k / #>-ɑ_z_#>
{0: [0], 1: [1], 2: [2], 3: None, 4: [3], 5: None}
{0: [0], 1: [1], 2: [2], 3: [3], 4: [4, 5], 5: [6, 7]}
SCORE: 13.373

-------------------

/mˈɪlɪʃ/ - /mˈeluks/
m-m / ˈɪ-ˈe / l-l / ∅-u / ɪ-∅ / ʃ-k_s
{0: [0], 1: [1], 2: [2], 3: None, 4: [3], 5: [4]}
{0: [0], 1: [1], 2: [2], 3: [3], 4: None, 5: [4, 5]}
SCORE: 11.644

-------------------

/mˈɪɡ̊/ - /mˈuɣjɔː/
m-m / ˈɪ-ˈu / ɡ̊-ɣ / ∅-j / ∅-ɔː
{0: [0], 1: [1], 2: [2], 3: None, 4: None}
{0: [0], 1: [1], 2: [2], 3: [3], 4: [4]}
SCORE: 9.478

-------------------

/mˈɪʃ/ - /mˈek/
m-m / ˈɪ-ˈe / ʃ-k
{0: [0], 1: [1], 2: [2]}
{0: [0], 1: [1], 2: [2]}
SCORE: 17.716

-------------------

/nˈaɪ̯/ - /nˈiu̯jɑz/
<#_n-<#_n / ˈaɪ̯-ˈiu̯ / ∅-j / #>-ɑ_z_#>
{0: [0], 1: [1], 2: None, 3: None}
{0: [0], 1: [1], 2: [2], 3: [3, 4]}
SCORE: 7.616

-------------------

/nˈorl̩/ - /nˈɛːθlɔː/
<#_n-<#_n / ˈo-ˈɛː / ∅-θ / r-∅ / l-l / ∅-ɔː
{0: [0], 1: [1], 2: None, 3: [2], 4: [3], 5: None}
{0: [0], 1: [1], 2: [2], 3: None, 4: [3], 5: [4]}
SCORE: 5.345

-------------------

/nˈus/ - /xnˈuts/
<#-<#_x / n-n / ˈu-ˈu / s-t / #>-s_#>
{0: None, 1: [0], 2: [1], 3: [2], 4: None}
{0: [0], 1: [1], 2: [2], 3: [3], 4: [4]}
SCORE: 11.506

-------------------

/nˈɑxd̥/ - /nˈɑxts/
<#_n-<#_n / ˈɑ-ˈɑ / x_d̥-x_t / #>-s_#>
{0: [0], 1: [1], 2: [2, 3], 3: None}
{0: [0], 1: [1], 2: [2, 3], 3: [4]}
SCORE: 21.527

-------------------

/nˈɑɡ̊əd̥/ - /nˈɑkʷɑðɑz/
<#_n-<#_n / ˈɑ-ˈɑ / ∅-kʷ / ɡ̊-∅ / ə-ɑ / d̥-ð_ɑ / #>-z_#>
{0: [0], 1: [1], 2: None, 3: [2], 4: [3], 5: [4], 6: None}
{0: [0], 1: [1], 2: [2], 3: None, 4: [3], 5: [4, 5], 6: [6]}
SCORE: 10.813

-------------------

/nˈɑːmə/ - /nˈɑmɔːː/
<#_n-<#_n / ˈɑː-ˈɑ / m-m / ə-ɔːː
{0: [0], 1: [1], 2: [2], 3: [3]}
{0: [0], 1: [1], 2: [2], 3: [3]}
SCORE: 25.56

-------------------

/nˈɑːs/ - /nˈɑsɔː/
<#_n-<#_n / ˈɑː_s-ˈɑ_s / ∅-ɔː
{0: [0], 1: [1, 2], 2: None}
{0: [0], 1: [1, 2], 2: [3]}
SCORE: 17.929

-------------------

/nˈɑːxl̩/ - /nˈɑɣlɑz/
<#_n-<#_n / ˈɑː-ˈɑ / x-ɣ / l-l / #>-ɑ_z_#>
{0: [0], 1: [1], 2: [2], 3: [3], 4: None}
{0: [0], 1: [1], 2: [2], 3: [3], 4: [4, 5]}
SCORE: 22.01

-------------------

/pʰˈɑːd̥/ - /pˈɑθɑz/
∅-p / pʰ-∅ / ˈɑː-ˈɑ / d̥-θ / #>-ɑ_z_#>
{0: None, 1: [0], 2: [1], 3: [2], 4: None}
{0: [0], 1: None, 2: [1], 3: [2], 4: [3, 4]}
SCORE: -0.683

-------------------

/rˈaɪ̯ʃ/ - /rˈiːkijɑz/
<#_r-<#_r / ˈaɪ̯-ˈiː / ʃ-k / ∅-i / ∅-j / #>-ɑ_z_#>
{0: [0], 1: [1], 2: [2], 3: None, 4: None, 5: None}
{0: [0], 1: [1], 2: [2], 3: [3], 4: [4], 5: [5, 6]}
SCORE: 7.355

-------------------

/rˈoːd̥/ - /rˈɑu̯ðɑz/
<#_r-<#_r / ˈoː-ˈɑu̯ / d̥-ð_ɑ / #>-z_#>
{0: [0], 1: [1], 2: [2], 3: None}
{0: [0], 1: [1], 2: [2, 3], 3: [4]}
SCORE: 17.073

-------------------

/rˈɑːx/ - /rˈɑu̯kiz/
<#_r-<#_r / ˈɑː-ˈɑu̯ / x-k_i / #>-z_#>
{0: [0], 1: [1], 2: [2], 3: None}
{0: [0], 1: [1], 2: [2, 3], 3: [4]}
SCORE: 18.111

-------------------

/rˈɛʃd̥/ - /rˈextɑz/
<#_r-<#_r / ˈɛ-ˈe / ʃ_d̥-x_t / #>-ɑ_z_#>
{0: [0], 1: [1], 2: [2, 3], 3: None}
{0: [0], 1: [1], 2: [2, 3], 3: [4, 5]}
SCORE: 21.576

-------------------

/rˈɛːn/ - /rˈeɣnɑ̃/
<#_r-<#_r / ˈɛː-ˈe / ∅-ɣ / n-n / #>-ɑ̃_#>
{0: [0], 1: [1], 2: None, 3: [2], 4: None}
{0: [0], 1: [1], 2: [2], 3: [3], 4: [4]}
SCORE: 15.187

-------------------

/rˈɪŋ/ - /xrˈiŋɡɑz/
<#-<#_x / r-r / ˈɪ-ˈi_ŋ / ŋ-ɡ / #>-ɑ_z_#>
{0: None, 1: [0], 2: [1], 3: [2], 4: None}
{0: [0], 1: [1], 2: [2, 3], 3: [4], 4: [5, 6]}
SCORE: 9.445

-------------------

/rˈɪɡ̊/ - /xrˈuɣjɑz/
<#-<#_x / r-r / ˈɪ-ˈu / ɡ̊-ɣ / ∅-j / #>-ɑ_z_#>
{0: None, 1: [0], 2: [1], 3: [2], 4: None, 5: None}
{0: [0], 1: [1], 2: [2], 3: [3], 4: [4], 5: [5, 6]}
SCORE: 4.408

-------------------

/sˈau̯/ - /sˈuːz/
s-s / ˈau̯-ˈuː / #>-z_#>
{0: [0], 1: [1], 2: None}
{0: [0], 1: [1], 2: [2]}
SCORE: 13.735

-------------------

/sˈau̯xə/ - /sˈuːɣɑnɑ̃/
s-s / ˈau̯-ˈuː / x-ɣ / ə-ɑ_n / #>-ɑ̃_#>
{0: [0], 1: [1], 2: [2], 3: [3], 4: None}
{0: [0], 1: [1], 2: [2], 3: [3, 4], 4: [5]}
SCORE: 22.105

-------------------

/sˈau̯ɐ/ - /sˈuːrɑz/
s-s / ˈau̯-ˈuː / ɐ-r_ɑ / #>-z_#>
{0: [0], 1: [1], 2: [2], 3: None}
{0: [0], 1: [1], 2: [2, 3], 3: [4]}
SCORE: 17.008

-------------------

/sˈaɪ̯d̥/ - /sˈiːðɔ̃ː/
s-s / ˈaɪ̯-ˈiː / d̥-ð / ∅-ɔ̃ː
{0: [0], 1: [1], 2: [2], 3: None}
{0: [0], 1: [1], 2: [2], 3: [3]}
SCORE: 14.554

-------------------

/sˈeː/ - /sˈɑi̯wiz/
s-s / ˈeː-ˈɑi̯_w / ∅-i / #>-z_#>
{0: [0], 1: [1], 2: None, 3: None}
{0: [0], 1: [1, 2], 2: [3], 3: [4]}
SCORE: 5.882

-------------------

/sˈeːl/ - /sˈɑi̯wɑlu/
s-s / ˈeː-ˈɑi̯_w / ∅-ɑ / l-l / ∅-u
{0: [0], 1: [1], 2: None, 3: [2], 4: None}
{0: [0], 1: [1, 2], 2: [3], 3: [4], 4: [5]}
SCORE: 8.279

-------------------

/sˈiːn/ - /sˈexʷɑnɑ̃/
s-s_ˈe / ∅-xʷ / ∅-ɑ / ˈiː-∅ / n-n / #>-ɑ̃_#>
{0: [0], 1: None, 2: None, 3: [1], 4: [2], 5: None}
{0: [0, 1], 1: [2], 2: [3], 3: None, 4: [4], 5: [5]}
SCORE: -5.051

-------------------

/sˈiːs/ - /swˈɔːtuz/
s-s / ∅-w / ˈiː-ˈɔː / s-t / ∅-u / #>-z_#>
{0: [0], 1: None, 2: [1], 3: [2], 4: None, 5: None}
{0: [0], 1: [1], 2: [2], 3: [3], 4: [4], 5: [5]}
SCORE: 3.497

-------------------

/sˈiːʃ/ - /sˈeu̯kɑz/
s-s / ˈiː-ˈeu̯ / ʃ-k / #>-ɑ_z_#>
{0: [0], 1: [1], 2: [2], 3: None}
{0: [0], 1: [1], 2: [2], 3: [3, 4]}
SCORE: 14.109

-------------------

/sˈõː/ - /sˈunuz/
s-s / ∅-ˈu / ˈõː-n_u / #>-z_#>
{0: [0], 1: None, 2: [1], 3: None}
{0: [0], 1: [1], 2: [2, 3], 3: [4]}
SCORE: 4.199

-------------------

/sˈumɐ/ - /sˈumɑrɑz/
s-s / ˈu-ˈu / m-m / ∅-ɑ / ɐ-r_ɑ / #>-z_#>
{0: [0], 1: [1], 2: [2], 3: None, 4: [3], 5: None}
{0: [0], 1: [1], 2: [2], 3: [3], 4: [4, 5], 5: [6]}
SCORE: 17.115

-------------------

/sˈuːxə/ - /sˈɔːkijɑnɑ̃/
s-s / ˈuː-ˈɔː / x-k_i / ∅-j / ə-ɑ_n / #>-ɑ̃_#>
{0: [0], 1: [1], 2: [2], 3: None, 4: [3], 5: None}
{0: [0], 1: [1], 2: [2, 3], 3: [4], 4: [5, 6], 5: [7]}
SCORE: 15.725

-------------------

/sˈɑlʣ̥/ - /sˈɑltɑ̃/
s-s / ˈɑ-ˈɑ / l-l / ʣ̥-t / #>-ɑ̃_#>
{0: [0], 1: [1], 2: [2], 3: [3], 4: None}
{0: [0], 1: [1], 2: [2], 3: [3], 4: [4]}
SCORE: 23.267

-------------------

/sˈɑnd̥/ - /sˈɑmdɑz/
s-s / ˈɑ-ˈɑ / n-m / d̥-d / #>-ɑ_z_#>
{0: [0], 1: [1], 2: [2], 3: [3], 4: None}
{0: [0], 1: [1], 2: [2], 3: [3], 4: [4, 5]}
SCORE: 15.093

-------------------

/sˈɑːn/ - /sˈɑɣjɑnɑ̃/
s-s / ˈɑː-ˈɑ / ∅-ɣ / ∅-j / ∅-ɑ / n-n / #>-ɑ̃_#>
{0: [0], 1: [1], 2: None, 3: None, 4: None, 5: [2], 6: None}
{0: [0], 1: [1], 2: [2], 3: [3], 4: [4], 5: [5], 6: [6]}
SCORE: 1.919

-------------------

/sˈɛlɐ/ - /sˈelβɑz/
s-s / ˈɛ-ˈe / l-l_β / ɐ-ɑ / #>-z_#>
{0: [0], 1: [1], 2: [2], 3: [3], 4: None}
{0: [0], 1: [1], 2: [2, 3], 3: [4], 4: [5]}
SCORE: 13.952

-------------------

/sˈɛɡ̊s/ - /sˈexs/
s-s / ˈɛ-ˈe / ɡ̊_s-x_s
{0: [0], 1: [1], 2: [2, 3]}
{0: [0], 1: [1], 2: [2, 3]}
SCORE: 22.591

-------------------

/sˈɪŋə/ - /sˈiŋɡʷɑnɑ̃/
s-s / ˈɪ-ˈi_ŋ / ŋ-ɡʷ / ə-ɑ_n / #>-ɑ̃_#>
{0: [0], 1: [1], 2: [2], 3: [3], 4: None}
{0: [0], 1: [1, 2], 2: [3], 3: [4, 5], 4: [6]}
SCORE: 18.137

-------------------

/sˈɪʣ̥ə/ - /sˈitjɑnɑ̃/
s-s / ˈɪ-ˈi / ʣ̥-t / ∅-j / ə-ɑ_n / #>-ɑ̃_#>
{0: [0], 1: [1], 2: [2], 3: None, 4: [3], 5: None}
{0: [0], 1: [1], 2: [2], 3: [3], 4: [4, 5], 5: [6]}
SCORE: 17.075

-------------------

/sˈɪβə/ - /sˈeβun/
s-s / ˈɪ-ˈe / β-β / ∅-u / ə-n
{0: [0], 1: [1], 2: [2], 3: None, 4: [3]}
{0: [0], 1: [1], 2: [2], 3: [3], 4: [4]}
SCORE: 13.106

-------------------

/ɡ̊nˈiː/ - /knˈewɑ̃/
ɡ̊-k / n-n / ∅-ˈe / ∅-w / ˈiː-∅ / #>-ɑ̃_#>
{0: [0], 1: [1], 2: None, 3: None, 4: [2], 5: None}
{0: [0], 1: [1], 2: [2], 3: [3], 4: None, 5: [4]}
SCORE: -3.493

-------------------

/ɡ̊nˈoːrə/ - /knˈutːɔːː/
ɡ̊-k / n-n / ˈoː-ˈu / ∅-tː / r-∅ / ə-ɔːː
{0: [0], 1: [1], 2: [2], 3: None, 4: [3], 5: [4]}
{0: [0], 1: [1], 2: [2], 3: [3], 4: None, 5: [4]}
SCORE: 8.423

-------------------

/ɡ̊rˈĩː/ - /ɣrˈɔːniz/
<#_ɡ̊-<#_ɣ / r-r / ∅-ˈɔː / ˈĩː-n_i / #>-z_#>
{0: [0], 1: [1], 2: None, 3: [2], 4: None}
{0: [0], 1: [1], 2: [2], 3: [3, 4], 4: [5]}
SCORE: 10.369

-------------------

/ɡ̊rˈoːs/ - /ɣrˈɑu̯tɑz/
<#_ɡ̊-<#_ɣ / r-r / ˈoː-ˈɑu̯ / s-t_ɑ / #>-z_#>
{0: [0], 1: [1], 2: [2], 3: [3], 4: None}
{0: [0], 1: [1], 2: [2], 3: [3, 4], 4: [5]}
SCORE: 19.352

-------------------

/ɡ̊rˈɑːs/ - /ɣrˈɑsɑ̃/
<#_ɡ̊-<#_ɣ / r-r / ˈɑː_s-ˈɑ_s / #>-ɑ̃_#>
{0: [0], 1: [1], 2: [2, 3], 3: None}
{0: [0], 1: [1], 2: [2, 3], 3: [4]}
SCORE: 24.094

-------------------

/ɡ̊ˈuːd̥/ - /ɣˈɔːðɑz/
<#_ɡ̊-<#_ɣ / ˈuː-ˈɔː / d̥-ð_ɑ / #>-z_#>
{0: [0], 1: [1], 2: [2], 3: None}
{0: [0], 1: [1], 2: [2, 3], 3: [4]}
SCORE: 17.112

-------------------

/ɡ̊ˈɑns/ - /ɣˈɑns/
<#_ɡ̊-<#_ɣ / ˈɑ-ˈɑ / n-n / s-s
{0: [0], 1: [1], 2: [2], 3: [3]}
{0: [0], 1: [1], 2: [2], 3: [3]}
SCORE: 24.689

-------------------

/ɡ̊ˈɑʃd̥/ - /ɣˈɑstiz/
<#_ɡ̊-<#_ɣ / ˈɑ-ˈɑ / ʃ_d̥-s_t / ∅-i / #>-z_#>
{0: [0], 1: [1], 2: [2, 3], 3: None, 4: None}
{0: [0], 1: [1], 2: [2, 3], 3: [4], 4: [5]}
SCORE: 17.711

-------------------

/ɡ̊ˈɑːɐn/ - /ɣˈɑrnɑ̃/
<#_ɡ̊-<#_ɣ / ˈɑː-ˈɑ / ɐ_n-r_n / #>-ɑ̃_#>
{0: [0], 1: [1], 2: [2, 3], 3: None}
{0: [0], 1: [1], 2: [2, 3], 3: [4]}
SCORE: 22.87

-------------------

/ɡ̊ˈɔd̥/ - /ɣˈuðɑ̃/
<#_ɡ̊-<#_ɣ / ˈɔ-ˈu / d̥-ð / #>-ɑ̃_#>
{0: [0], 1: [1], 2: [2], 3: None}
{0: [0], 1: [1], 2: [2], 3: [3]}
SCORE: 18.412

-------------------

/ɡ̊ˈɔld̥/ - /ɣˈulθɑ̃/
<#_ɡ̊-<#_ɣ / ˈɔ-ˈu / l-l / d̥-θ / #>-ɑ̃_#>
{0: [0], 1: [1], 2: [2], 3: [3], 4: None}
{0: [0], 1: [1], 2: [2], 3: [3], 4: [4]}
SCORE: 23.788

-------------------

/ɡ̊ˈɛːl/ - /ɣˈelwɑz/
<#_ɡ̊-<#_ɣ / ˈɛː-ˈe / l-l / ∅-w / #>-ɑ_z_#>
{0: [0], 1: [1], 2: [2], 3: None, 4: None}
{0: [0], 1: [1], 2: [2], 3: [3], 4: [4, 5]}
SCORE: 11.205

-------------------

/ɡ̊ˈɛːs/ - /ɣˈɑi̯ts/
<#_ɡ̊-<#_ɣ / ˈɛː-ˈɑi̯ / s-t / #>-s_#>
{0: [0], 1: [1], 2: [2], 3: None}
{0: [0], 1: [1], 2: [2], 3: [3]}
SCORE: 17.012

-------------------

/ɡ̊ˈɛːʃd̥/ - /ɣˈɑi̯stɑz/
<#_ɡ̊-<#_ɣ / ˈɛː-ˈɑi̯ / ʃ_d̥-s_t / #>-ɑ_z_#>
{0: [0], 1: [1], 2: [2, 3], 3: None}
{0: [0], 1: [1], 2: [2, 3], 3: [4, 5]}
SCORE: 20.895

-------------------

/ɡ̊ˈɛ̃ː/ - /ɣˈɑːnɑ̃/
<#_ɡ̊-<#_ɣ / ∅-ˈɑː / ∅-n / ˈɛ̃ː-∅ / #>-ɑ̃_#>
{0: [0], 1: None, 2: None, 3: [1], 4: None}
{0: [0], 1: [1], 2: [2], 3: None, 4: [3]}
SCORE: -5.419

-------------------

/ɡ̊ˈɛβə/ - /ɣˈeβɑnɑ̃/
<#_ɡ̊-<#_ɣ / ˈɛ-ˈe / β-β / ə-ɑ_n / #>-ɑ̃_#>
{0: [0], 1: [1], 2: [2], 3: [3], 4: None}
{0: [0], 1: [1], 2: [2], 3: [3, 4], 4: [5]}
SCORE: 22.847

-------------------

/ʃb̥rˈoːx/ - /sprˈɑːku/
ʃ-s / b̥-p / r-r / ∅-ˈɑː / ˈoː-∅ / x-k / ∅-u
{0: [0], 1: [1], 2: [2], 3: None, 4: [3], 5: [4], 6: None}
{0: [0], 1: [1], 2: [2], 3: [3], 4: None, 5: [4], 6: [5]}
SCORE: 4.059

-------------------

/ʃd̥ˈuɐm/ - /stˈurmɑz/
ʃ_d̥-s_t / ˈu-ˈu / ɐ-r / m-m / #>-ɑ_z_#>
{0: [0, 1], 1: [2], 2: [3], 3: [4], 4: None}
{0: [0, 1], 1: [2], 2: [3], 3: [4], 4: [5, 6]}
SCORE: 24.049

-------------------

/ʃd̥ˈuːl/ - /stˈɔːlɑz/
ʃ_d̥-s_t / ˈuː-ˈɔː / l-l / #>-ɑ_z_#>
{0: [0, 1], 1: [2], 2: [3], 3: None}
{0: [0, 1], 1: [2], 2: [3], 3: [4, 5]}
SCORE: 21.587

-------------------

/ʃd̥ˈɛɐn/ - /stˈernɔ̃ː/
ʃ_d̥-s_t / ˈɛ-ˈe / ɐ_n-r_n / ∅-ɔ̃ː
{0: [0, 1], 1: [2], 2: [3, 4], 3: None}
{0: [0, 1], 1: [2], 2: [3, 4], 3: [5]}
SCORE: 23.766

-------------------

/ʃd̥ˈɛ̃ː/ - /stˈɑi̯nɑz/
ʃ_d̥-s_t / ∅-ˈɑi̯ / ∅-n / ˈɛ̃ː-∅ / #>-ɑ_z_#>
{0: [0, 1], 1: None, 2: None, 3: [2], 4: None}
{0: [0, 1], 1: [2], 2: [3], 3: None, 4: [4, 5]}
SCORE: -5.187

-------------------

/ʃlˈoːfə/ - /slˈɛːpɑnɑ̃/
ʃ-s / l-l / ˈoː-ˈɛː / f-p / ə-ɑ_n / #>-ɑ̃_#>
{0: [0], 1: [1], 2: [2], 3: [3], 4: [4], 5: None}
{0: [0], 1: [1], 2: [2], 3: [3], 4: [4, 5], 5: [6]}
SCORE: 27.637

-------------------

/ʃlˈɑŋ/ - /slˈɑŋɡɔːː/
ʃ-s / l-l / ˈɑ-ˈɑ_ŋ / ŋ-ɡ / ∅-ɔːː
{0: [0], 1: [1], 2: [2], 3: [3], 4: None}
{0: [0], 1: [1], 2: [2, 3], 3: [4], 4: [5]}
SCORE: 17.523

-------------------

/ʃnˈeː/ - /snˈɑi̯wɑz/
ʃ-s / n-n / ˈeː-ˈɑi̯_w / #>-ɑ_z_#>
{0: [0], 1: [1], 2: [2], 3: None}
{0: [0], 1: [1], 2: [2, 3], 3: [4, 5]}
SCORE: 12.602

-------------------

/ʃˈaɪ̯s/ - /skˈitɑz/
ʃ-s_k / ˈaɪ̯-ˈi / s-t_ɑ / #>-z_#>
{0: [0], 1: [1], 2: [2], 3: None}
{0: [0, 1], 1: [2], 2: [3, 4], 3: [5]}
SCORE: 10.903

-------------------

/ʃˈiːsə/ - /skˈeu̯tɑnɑ̃/
ʃ-s_k / ˈiː-ˈeu̯ / s-t / ə-ɑ_n / #>-ɑ̃_#>
{0: [0], 1: [1], 2: [2], 3: [3], 4: None}
{0: [0, 1], 1: [2], 2: [3], 3: [4, 5], 4: [6]}
SCORE: 20.192

-------------------

/ʃˈoːf/ - /skˈɛːpɑ̃/
ʃ-s_k / ˈoː-ˈɛː / f-p / #>-ɑ̃_#>
{0: [0], 1: [1], 2: [2], 3: None}
{0: [0, 1], 1: [2], 2: [3], 3: [4]}
SCORE: 18.262

-------------------

/ʃˈuː/ - /skˈɔːxɑz/
ʃ-s_k / ˈuː-ˈɔː / ∅-x / #>-ɑ_z_#>
{0: [0], 1: [1], 2: None, 3: None}
{0: [0, 1], 1: [2], 2: [3], 3: [4, 5]}
SCORE: 6.081

-------------------

/ʃˈɑɐf/ - /skˈɑrpɑz/
ʃ-s_k / ˈɑ-ˈɑ / ɐ-r / f-p / #>-ɑ_z_#>
{0: [0], 1: [1], 2: [2], 3: [3], 4: None}
{0: [0, 1], 1: [2], 2: [3], 3: [4], 4: [5, 6]}
SCORE: 16.81

-------------------

/ʃˈɪf/ - /skˈipɑ̃/
ʃ-s_k / ˈɪ-ˈi / f-p / #>-ɑ̃_#>
{0: [0], 1: [1], 2: [2], 3: None}
{0: [0, 1], 1: [2], 2: [3], 3: [4]}
SCORE: 17.079

-------------------

/ʃˈɪld̥/ - /skˈelduz/
ʃ-s_k / ˈɪ-ˈe / l_d̥-l_d / ∅-u / #>-z_#>
{0: [0], 1: [1], 2: [2, 3], 3: None, 4: None}
{0: [0, 1], 1: [2], 2: [3, 4], 3: [5], 4: [6]}
SCORE: 15.957

-------------------

/ʃβˈaɪ̯n/ - /swˈiːnɑ̃/
ʃ-s / β-w / ˈaɪ̯-ˈiː / n-n / #>-ɑ̃_#>
{0: [0], 1: [1], 2: [2], 3: [3], 4: None}
{0: [0], 1: [1], 2: [2], 3: [3], 4: [4]}
SCORE: 19.677

-------------------

/ʃβˈɑɐʣ̥/ - /swˈɑrtɑz/
ʃ-s / β-w / ˈɑ-ˈɑ / ɐ-r / ʣ̥-t / #>-ɑ_z_#>
{0: [0], 1: [1], 2: [2], 3: [3], 4: [4], 5: None}
{0: [0], 1: [1], 2: [2], 3: [3], 4: [4], 5: [5, 6]}
SCORE: 19.248

-------------------

/ʃβˈɛʃd̥ɐ/ - /swˈestɛːr/
ʃ-s / β-w / ˈɛ-ˈe / ʃ_d̥-s_t / ɐ-ɛː / #>-r_#>
{0: [0], 1: [1], 2: [2], 3: [3, 4], 4: [5], 5: None}
{0: [0], 1: [1], 2: [2], 3: [3, 4], 4: [5], 5: [6]}
SCORE: 26.066

-------------------

/ʃβˈɛːs/ - /swˈɑi̯tɑ̃/
ʃ-s / β-w / ˈɛː-ˈɑi̯ / s-t / #>-ɑ̃_#>
{0: [0], 1: [1], 2: [2], 3: [3], 4: None}
{0: [0], 1: [1], 2: [2], 3: [3], 4: [4]}
SCORE: 17.843

-------------------

/ʃβˈɛːɐd̥/ - /swˈerðɑ̃/
ʃ-s / β-w / ˈɛː-ˈe / ɐ-r / d̥-ð / #>-ɑ̃_#>
{0: [0], 1: [1], 2: [2], 3: [3], 4: [4], 5: None}
{0: [0], 1: [1], 2: [2], 3: [3], 4: [4], 5: [5]}
SCORE: 20.141

-------------------

/ʃβˈɪmə/ - /swˈimːɑnɑ̃/
ʃ-s / β-w / ˈɪ-ˈi / m-mː / ə-ɑ_n / #>-ɑ̃_#>
{0: [0], 1: [1], 2: [2], 3: [3], 4: [4], 5: None}
{0: [0], 1: [1], 2: [2], 3: [3], 4: [4, 5], 5: [6]}
SCORE: 24.41

-------------------

/ʣ̥ˈaɪ̯d̥/ - /tˈiːðiz/
<#_ʣ̥-<#_t / ˈaɪ̯-ˈiː / d̥-ð / ∅-i / #>-z_#>
{0: [0], 1: [1], 2: [2], 3: None, 4: None}
{0: [0], 1: [1], 2: [2], 3: [3], 4: [4]}
SCORE: 14.729

-------------------

/ʣ̥ˈeː/ - /tˈɑi̯xʷɔ̃ː/
<#_ʣ̥-<#_t / ˈeː-ˈɑi̯ / ∅-xʷ / ∅-ɔ̃ː
{0: [0], 1: [1], 2: None, 3: None}
{0: [0], 1: [1], 2: [2], 3: [3]}
SCORE: 6.224

-------------------

/ʣ̥ˈeːʃə/ - /tˈɑi̯knɑ̃/
<#_ʣ̥-<#_t / ˈeː-ˈɑi̯ / ʃ-k / ə-n_ɑ̃
{0: [0], 1: [1], 2: [2], 3: [3]}
{0: [0], 1: [1], 2: [2], 3: [3, 4]}
SCORE: 17.911

-------------------

/ʣ̥ˈuŋ/ - /tˈuŋɡɔ̃ː/
<#_ʣ̥-<#_t / ˈu-ˈu_ŋ / ŋ-ɡ / ∅-ɔ̃ː
{0: [0], 1: [1], 2: [2], 3: None}
{0: [0], 1: [1, 2], 2: [3], 3: [4]}
SCORE: 13.57

-------------------

/ʣ̥βˈɑnʣ̥ɪʃ/ - /twɑi̯tˈiɣiwiz/
<#_ʣ̥-<#_t / β-w / ˈɑ_n-ɑi̯ / ʣ̥-t / ∅-ˈi / ɪ-ɣ / ∅-i / ∅-w / ∅-i / ʃ-z
{0: [0], 1: [1], 2: [2, 3], 3: [4], 4: None, 5: [5], 6: None, 7: None, 8: None, 9: [6]}
{0: [0], 1: [1], 2: [2], 3: [3], 4: [4], 5: [5], 6: [6], 7: [7], 8: [8], 9: [9]}
SCORE: 4.534

-------------------

/ʣ̥βˈɛlf/ - /twˈɑliɸ/
<#_ʣ̥-<#_t / β-w / ˈɛ-ˈɑ / l-l / ∅-i / f-ɸ
{0: [0], 1: [1], 2: [2], 3: [3], 4: None, 5: [4]}
{0: [0], 1: [1], 2: [2], 3: [3], 4: [4], 5: [5]}
SCORE: 22.565

-------------------

/ʣ̥βˈɛrɪʃ/ - /dwˈerɣɑz/
<#-<#_d / ʣ̥-∅ / β-w / ˈɛ-ˈe / r-r / ∅-ɣ / ɪ-ɑ / ʃ-z
{0: None, 1: [0], 2: [1], 3: [2], 4: [3], 5: None, 6: [4], 7: [5]}
{0: [0], 1: None, 2: [1], 3: [2], 4: [3], 5: [4], 6: [5], 7: [6]}
SCORE: 9.614

-------------------

/ʣ̥βˈɛː/ - /twˈɑi̯/
<#_ʣ̥-<#_t / β-w / ˈɛː-ˈɑi̯
{0: [0], 1: [1], 2: [2]}
{0: [0], 1: [1], 2: [2]}
SCORE: 19.152

-------------------

/ˈau̯s/ - /ˈuːt/
ˈau̯-ˈuː / s-t
{0: [0], 1: [1]}
{0: [0], 1: [1]}
SCORE: 14.932

-------------------

/ˈaɪ̯s/ - /ˈiːsɑ̃/
ˈaɪ̯-ˈiː / s-s_ɑ̃
{0: [0], 1: [1]}
{0: [0], 1: [1, 2]}
SCORE: 15.128

-------------------

/ˈoːl/ - /ˈɛːlɑz/
ˈoː-ˈɛː / l-l / #>-ɑ_z_#>
{0: [0], 1: [1], 2: None}
{0: [0], 1: [1], 2: [2, 3]}
SCORE: 12.816

-------------------

/ˈoːɐ/ - /ˈɑu̯sɔːː/
ˈoː-ˈɑu̯ / ∅-s / ∅-ɔːː / ɐ_#>-#>
{0: [0], 1: None, 2: None, 3: [1]}
{0: [0], 1: [1], 2: [2], 3: None}
SCORE: -3.069

-------------------

/ˈoːβə/ - /ˈuxnɑz/
ˈoː-ˈu / ∅-x / ∅-n / β-∅ / ə-ɑ / #>-z_#>
{0: [0], 1: None, 2: None, 3: [1], 4: [2], 5: None}
{0: [0], 1: [1], 2: [2], 3: None, 4: [3], 5: [4]}
SCORE: -4.734

-------------------

/ˈoːβə/ - /ˈuɸnɑz/
ˈoː-ˈu / ∅-ɸ / ∅-n / β-∅ / ə-ɑ / #>-z_#>
{0: [0], 1: None, 2: None, 3: [1], 4: [2], 5: None}
{0: [0], 1: [1], 2: [2], 3: None, 4: [3], 5: [4]}
SCORE: -4.734

-------------------

/ˈuf/ - /ˈupː/
ˈu-ˈu / ∅-pː / f_#>-#>
{0: [0], 1: None, 2: [1]}
{0: [0], 1: [1], 2: None}
SCORE: 2.39

-------------------

/ˈuns/ - /ˈuns/
ˈu-ˈu / n-n / s-s
{0: [0], 1: [1], 2: [2]}
{0: [0], 1: [1], 2: [2]}
SCORE: 19.343

-------------------

/ˈunɐ/ - /ˈunder/
ˈu-ˈu / n-n_d / ɐ-e / #>-r_#>
{0: [0], 1: [1], 2: [2], 3: None}
{0: [0], 1: [1, 2], 2: [3], 3: [4]}
SCORE: 14.867

-------------------

/ˈɑb̥l̩/ - /ˈɑpluz/
<#_ˈɑ-<#_ˈɑ / b̥-p / l-l / ∅-u / #>-z_#>
{0: [0], 1: [1], 2: [2], 3: None, 4: None}
{0: [0], 1: [1], 2: [2], 3: [3], 4: [4]}
SCORE: 12.601

-------------------

/ˈɑf/ - /ˈɑpɔːː/
<#_ˈɑ-<#_ˈɑ / f-p / ∅-ɔːː
{0: [0], 1: [1], 2: None}
{0: [0], 1: [1], 2: [2]}
SCORE: 11.709

-------------------

/ˈɑl/ - /ˈɑlːɑz/
<#_ˈɑ-<#_ˈɑ / l-lː / #>-ɑ_z_#>
{0: [0], 1: [1], 2: None}
{0: [0], 1: [1], 2: [2, 3]}
SCORE: 12.729

-------------------

/ˈɑld̥/ - /ˈɑldɑz/
<#_ˈɑ-<#_ˈɑ / l_d̥-l_d / #>-ɑ_z_#>
{0: [0], 1: [1, 2], 2: None}
{0: [0], 1: [1, 2], 2: [3, 4]}
SCORE: 18.63

-------------------

/ˈɑnɐ/ - /ˈɑnθerɑz/
<#_ˈɑ-<#_ˈɑ / n-n_θ / ∅-e / ɐ-r_ɑ / #>-z_#>
{0: [0], 1: [1], 2: None, 3: [2], 4: None}
{0: [0], 1: [1, 2], 2: [3], 3: [4, 5], 4: [6]}
SCORE: 11.14

-------------------

/ˈɑxd̥/ - /ˈɑxtɔːu̯/
<#_ˈɑ-<#_ˈɑ / x_d̥-x_t / ∅-ɔːu̯
{0: [0], 1: [1, 2], 2: None}
{0: [0], 1: [1, 2], 2: [3]}
SCORE: 13.857

-------------------

/ˈɑːɐm/ - /ˈɑrmɑz/
ˈɑː-ˈɑ / ɐ-r / m-m / #>-ɑ_z_#>
{0: [0], 1: [1], 2: [2], 3: None}
{0: [0], 1: [1], 2: [2], 3: [3, 4]}
SCORE: 14.661

-------------------

/ˈɑːɡ̊/ - /ˈɑu̯ɣɔːː/
ˈɑː-ˈɑu̯ / ɡ̊-ɣ / ∅-ɔːː
{0: [0], 1: [1], 2: None}
{0: [0], 1: [1], 2: [2]}
SCORE: 10.407

-------------------

/ˈɑːɪ̯/ - /ˈɑjːɑ̃/
<#-<#_ˈɑ / ˈɑːɪ̯-jː / #>-ɑ̃_#>
{0: None, 1: [0], 2: None}
{0: [0], 1: [1], 2: [2]}
SCORE: 13.217

-------------------

/ˈɛlf/ - /ˈɑi̯nɑliɸ/
<#-<#_ˈɑi̯ / ∅-n / ∅-ɑ / ˈɛ-∅ / l-l / ∅-i / f-ɸ
{0: None, 1: None, 2: None, 3: [0], 4: [1], 5: None, 6: [2]}
{0: [0], 1: [1], 2: [2], 3: None, 4: [3], 5: [4], 6: [5]}
SCORE: -5.717

-------------------

/ˈɛsə/ - /ˈetɑnɑ̃/
ˈɛ-ˈe / s-t / ə-ɑ_n / #>-ɑ̃_#>
{0: [0], 1: [1], 2: [2], 3: None}
{0: [0], 1: [1], 2: [2, 3], 3: [4]}
SCORE: 16.173

-------------------

/ˈɛɐd̥/ - /ˈerθɔː/
ˈɛ-ˈe / ɐ-r / d̥-θ / ∅-ɔː
{0: [0], 1: [1], 2: [2], 3: None}
{0: [0], 1: [1], 2: [2], 3: [3]}
SCORE: 12.997

-------------------

/ˈɛɡ̊/ - /ˈɑɣjɔː/
ˈɛ-ˈɑ / ɡ̊-ɣ / ∅-j / ∅-ɔː
{0: [0], 1: [1], 2: None, 3: None}
{0: [0], 1: [1], 2: [2], 3: [3]}
SCORE: 3.783

-------------------

/ˈɛʃ/ - /ˈɑskɔ̃ː/
ˈɛ-ˈɑ / ʃ-s_k / ∅-ɔ̃ː
{0: [0], 1: [1], 2: None}
{0: [0], 1: [1, 2], 2: [3]}
SCORE: 7.392

-------------------

/ˈɛːn/ - /ˈɑi̯nɑz/
ˈɛː-ˈɑi̯ / n-n / #>-ɑ_z_#>
{0: [0], 1: [1], 2: None}
{0: [0], 1: [1], 2: [2, 3]}
SCORE: 10.975

-------------------

/ˈɛːʃ/ - /ˈɑi̯ks/
ˈɛː-ˈɑi̯ / ʃ-k_s
{0: [0], 1: [1]}
{0: [0], 1: [1, 2]}
SCORE: 12.829

-------------------

/ˈɪn/ - /ˈin/
ˈɪ-ˈi / n-n
{0: [0], 1: [1]}
{0: [0], 1: [1]}
SCORE: 15.42

-------------------

/ˈɪʃ/ - /ˈek/
ˈɪ-ˈe / ʃ-k
{0: [0], 1: [1]}
{0: [0], 1: [1]}
SCORE: 11.687

-------------------

/ˈɪβɐ/ - /ˈuβer/
ˈɪ-ˈu / β-β / ɐ-e / #>-r_#>
{0: [0], 1: [1], 2: [2], 3: None}
{0: [0], 1: [1], 2: [2], 3: [3]}
SCORE: 14.088

-------------------

/βˈaɪ̯b̥/ - /wˈiːβɑ̃/
β-w / ˈaɪ̯-ˈiː / b̥-β / #>-ɑ̃_#>
{0: [0], 1: [1], 2: [2], 3: None}
{0: [0], 1: [1], 2: [2], 3: [3]}
SCORE: 16.035

-------------------

/βˈaɪ̯s/ - /xʷˈiːtɑz/
β-xʷ / ˈaɪ̯-ˈiː / s-t_ɑ / #>-z_#>
{0: [0], 1: [1], 2: [2], 3: None}
{0: [0], 1: [1], 2: [2, 3], 3: [4]}
SCORE: 14.025

-------------------

/βˈeːʃ/ - /wˈɑi̯kʷɑz/
β-w / ˈeː-ˈɑi̯ / ∅-kʷ / ∅-ɑ / ʃ-z
{0: [0], 1: [1], 2: None, 3: None, 4: [2]}
{0: [0], 1: [1], 2: [2], 3: [3], 4: [4]}
SCORE: 0.866

-------------------

/βˈunɐ/ - /wˈundrɑ̃/
β-w / ˈu-ˈu / n-n_d / ɐ-r_ɑ̃
{0: [0], 1: [1], 2: [2], 3: [3]}
{0: [0], 1: [1], 2: [2, 3], 3: [4, 5]}
SCORE: 18.23

-------------------

/βˈɑf/ - /wˈɛːpnɑ̃/
β-w / ∅-ˈɛː / ˈɑ-∅ / f-p / ∅-n / #>-ɑ̃_#>
{0: [0], 1: None, 2: [1], 3: [2], 4: None, 5: None}
{0: [0], 1: [1], 2: None, 3: [2], 4: [3], 5: [4]}
SCORE: -5.398

-------------------

/βˈɑs/ - /xʷˈɑt/
β-xʷ / ˈɑ_s-ˈɑ_t
{0: [0], 1: [1, 2]}
{0: [0], 1: [1, 2]}
SCORE: 19.188

-------------------

/βˈɑsɐ/ - /wˈɑtɔːr/
β-w / ˈɑ_s-ˈɑ_t / ∅-ɔː / ɐ_#>-r_#>
{0: [0], 1: [1, 2], 2: None, 3: [3]}
{0: [0], 1: [1, 2], 2: [3], 3: [4]}
SCORE: 17.245

-------------------

/βˈɑːl/ - /xʷˈɑlɑz/
β-xʷ / ˈɑː-ˈɑ / l-l / #>-ɑ_z_#>
{0: [0], 1: [1], 2: [2], 3: None}
{0: [0], 1: [1], 2: [2], 3: [3, 4]}
SCORE: 13.87

-------------------

/βˈɑːɐm/ - /wˈɑrmɑz/
β-w / ˈɑː-ˈɑ / ɐ-r / m-m / #>-ɑ_z_#>
{0: [0], 1: [1], 2: [2], 3: [3], 4: None}
{0: [0], 1: [1], 2: [2], 3: [3], 4: [4, 5]}
SCORE: 15.836

-------------------

/βˈɔl/ - /wˈulːɔː/
β-w / ˈɔ-ˈu / l-lː / ∅-ɔː
{0: [0], 1: [1], 2: [2], 3: None}
{0: [0], 1: [1], 2: [2], 3: [3]}
SCORE: 12.384

-------------------

/βˈɔlf/ - /wˈulɸɑz/
β-w / ˈɔ-ˈu / l-l / f-ɸ / #>-ɑ_z_#>
{0: [0], 1: [1], 2: [2], 3: [3], 4: None}
{0: [0], 1: [1], 2: [2], 3: [3], 4: [4, 5]}
SCORE: 18.4

-------------------

/βˈɔx/ - /wˈikɔ̃ː/
β-w / ∅-ˈi / ˈɔ-∅ / x-k / ∅-ɔ̃ː
{0: [0], 1: None, 2: [1], 3: [2], 4: None}
{0: [0], 1: [1], 2: None, 3: [2], 4: [3]}
SCORE: -5.611

-------------------

/βˈɔɐd̥/ - /wˈurðɑ̃/
β-w / ˈɔ-ˈu / ɐ-r / d̥-ð / #>-ɑ̃_#>
{0: [0], 1: [1], 2: [2], 3: [3], 4: None}
{0: [0], 1: [1], 2: [2], 3: [3], 4: [4]}
SCORE: 17.114

-------------------

/βˈɔɐm/ - /wˈurmiz/
β-w / ˈɔ-ˈu / ɐ-r / m-m / ∅-i / #>-z_#>
{0: [0], 1: [1], 2: [2], 3: [3], 4: None, 5: None}
{0: [0], 1: [1], 2: [2], 3: [3], 4: [4], 5: [5]}
SCORE: 14.126

-------------------

/βˈɛrɐ/ - /wˈeðrɑ̃/
β-w / ˈɛ-ˈe / r-ð / ɐ-r_ɑ̃
{0: [0], 1: [1], 2: [2], 3: [3]}
{0: [0], 1: [1], 2: [2], 3: [3, 4]}
SCORE: 18.175

-------------------

/βˈɛːʃ/ - /wˈeɣɑz/
β-w / ˈɛː-ˈe / ʃ-ɣ_ɑ / #>-z_#>
{0: [0], 1: [1], 2: [2], 3: None}
{0: [0], 1: [1], 2: [2, 3], 3: [4]}
SCORE: 10.195

-------------------

/βˈɪld̥/ - /wˈilθijɑz/
β-w / ˈɪ-ˈi / l-l / d̥-θ / ∅-i / ∅-j / #>-ɑ_z_#>
{0: [0], 1: [1], 2: [2], 3: [3], 4: None, 5: None, 6: None}
{0: [0], 1: [1], 2: [2], 3: [3], 4: [4], 5: [5], 6: [6, 7]}
SCORE: 6.508

-------------------

/βˈɪnd̥/ - /wˈindɑz/
β-w / ˈɪ-ˈi / n-n / d̥-d / #>-ɑ_z_#>
{0: [0], 1: [1], 2: [2], 3: [3], 4: None}
{0: [0], 1: [1], 2: [2], 3: [3], 4: [4, 5]}
SCORE: 16.265

-------------------

/βˈɪnd̥ɐ/ - /wˈintruz/
β-w / ˈɪ-ˈi / n-n / d̥-t / ɐ-r_u / #>-z_#>
{0: [0], 1: [1], 2: [2], 3: [3], 4: [4], 5: None}
{0: [0], 1: [1], 2: [2], 3: [3], 4: [4, 5], 5: [6]}
SCORE: 21.049

-------------------

/βˈɪnʃə/ - /wˈunskijɑnɑ̃/
β-w / ˈɪ-ˈu / n-n / ʃ-s_k / ∅-i / ∅-j / ə-ɑ_n / #>-ɑ̃_#>
{0: [0], 1: [1], 2: [2], 3: [3], 4: None, 5: None, 6: [4], 7: None}
{0: [0], 1: [1], 2: [2], 3: [3, 4], 4: [5], 5: [6], 6: [7, 8], 7: [9]}
SCORE: 9.341

-------------------

/βˈɪsə/ - /wˈitɑnɑ̃/
β-w / ˈɪ-ˈi / s-t / ə-ɑ_n / #>-ɑ̃_#>
{0: [0], 1: [1], 2: [2], 3: [3], 4: None}
{0: [0], 1: [1], 2: [2], 3: [3, 4], 4: [5]}
SCORE: 17.25
