/fan¹¹/ - /ɸan²¹/
f-ɸ / a-a / n-n / ¹¹-²¹
{0: [0], 1: [1], 2: [2], 3: [3]}
{0: [0], 1: [1], 2: [2], 3: [3]}
SCORE: 11.095

-------------------

/fat̚⁵/ - /ɸa²⁴/
f-ɸ / a_t̚-a / ⁵-²⁴
{0: [0], 1: [1, 2], 2: [3]}
{0: [0], 1: [1], 2: [2]}
SCORE: 3.822

-------------------

/fa¹¹/ - /ɸa²¹/
f-ɸ / a-a / ¹¹-²¹
{0: [0], 1: [1], 2: [2]}
{0: [0], 1: [1], 2: [2]}
SCORE: 7.325

-------------------

/fa⁴²/ - /ɸa³³/
f-ɸ / a-a / ⁴²-³³
{0: [0], 1: [1], 2: [2]}
{0: [0], 1: [1], 2: [2]}
SCORE: 6.185

-------------------

/fo²¹³/ - /xo⁴¹/
f-x / o-o / ²¹³-⁴¹
{0: [0], 1: [1], 2: [2]}
{0: [0], 1: [1], 2: [2]}
SCORE: 3.701

-------------------

/fu¹¹/ - /ɸu⁴⁵/
f-ɸ / u-u / ¹¹-⁴⁵
{0: [0], 1: [1], 2: [2]}
{0: [0], 1: [1], 2: [2]}
SCORE: 5.858

-------------------

/fuŋ³⁵/ - /xən¹³/
f-x / u-ə / ŋ-n / ³⁵-¹³
{0: [0], 1: [1], 2: [2], 3: [3]}
{0: [0], 1: [1], 2: [2], 3: [3]}
SCORE: 6.488

-------------------

/fuŋ⁴²/ - /xən³³/
f-x / u-ə / ŋ-n / ⁴²-³³
{0: [0], 1: [1], 2: [2], 3: [3]}
{0: [0], 1: [1], 2: [2], 3: [3]}
SCORE: 5.743

-------------------

/fɔŋ⁴²/ - /ɸan³³/
f-ɸ / ɔ-a / ŋ-n / ⁴²-³³
{0: [0], 1: [1], 2: [2], 3: [3]}
{0: [0], 1: [1], 2: [2], 3: [3]}
SCORE: 9.442

-------------------

/fɨj³⁵/ - /ɸej¹³/
f-ɸ / ∅-e / ɨ-∅ / j-j / ³⁵-¹³
{0: [0], 1: None, 2: [1], 3: [2], 4: [3]}
{0: [0], 1: [1], 2: None, 3: [2], 4: [3]}
SCORE: -2.748

-------------------

/fɨj⁴²/ - /ɸej³³/
f-ɸ / ∅-e / ɨ-∅ / j-j / ⁴²-³³
{0: [0], 1: None, 2: [1], 3: [2], 4: [3]}
{0: [0], 1: [1], 2: None, 3: [2], 4: [3]}
SCORE: -3.493

-------------------

/fɨn⁴²/ - /ɸən³³/
f-ɸ / ɨ-ə / n-n / ⁴²-³³
{0: [0], 1: [1], 2: [2], 3: [3]}
{0: [0], 1: [1], 2: [2], 3: [3]}
SCORE: 10.693

-------------------

/haj²¹³/ - /xaj⁴¹/
h-x / a-a / j-j / ²¹³-⁴¹
{0: [0], 1: [1], 2: [2], 3: [3]}
{0: [0], 1: [1], 2: [2], 3: [3]}
SCORE: 9.24

-------------------

/haw²¹³/ - /xɒw⁴¹/
h-x / a-ɒ / w-w / ²¹³-⁴¹
{0: [0], 1: [1], 2: [2], 3: [3]}
{0: [0], 1: [1], 2: [2], 3: [3]}
SCORE: 8.79

-------------------

/hɔŋ²⁴/ - /xan¹³/
h-x / ɔ-a / ŋ-n / ²⁴-¹³
{0: [0], 1: [1], 2: [2], 3: [3]}
{0: [0], 1: [1], 2: [2], 3: [3]}
SCORE: 8.271

-------------------

/hɔʔ²/ - /ɕjo²⁴/
<#-<#_ɕ / ∅-j / h-∅ / ɔ_ʔ-o / ²-²⁴
{0: None, 1: None, 2: [0], 3: [1, 2], 4: [3]}
{0: [0], 1: [1], 2: None, 3: [2], 4: [3]}
SCORE: -15.85

-------------------

/hɛt̚⁵/ - /xɤ²⁴/
h-x / ɛ_t̚-ɤ / ⁵-²⁴
{0: [0], 1: [1, 2], 2: [3]}
{0: [0], 1: [1], 2: [2]}
SCORE: 3.577

-------------------

/hɛw²⁴/ - /xəw¹³/
h-x / ɛ-ə / w-w / ²⁴-¹³
{0: [0], 1: [1], 2: [2], 3: [3]}
{0: [0], 1: [1], 2: [2], 3: [3]}
SCORE: 8.084

-------------------

/in⁴²/ - /in³³/
i-i / n-n / ⁴²-³³
{0: [0], 1: [1], 2: [2]}
{0: [0], 1: [1], 2: [2]}
SCORE: 4.803

-------------------

/it̚⁵/ - /i²⁴/
i_t̚-i / ⁵-²⁴
{0: [0, 1], 1: [2]}
{0: [0], 1: [1]}
SCORE: -2.495

-------------------

/jɔŋ³⁵/ - /jæn¹³/
j-j / ɔ-æ / ŋ-n / ³⁵-¹³
{0: [0], 1: [1], 2: [2], 3: [3]}
{0: [0], 1: [1], 2: [2], 3: [3]}
SCORE: 8.478

-------------------

/kaw⁴²/ - /kɒw³³/
k-k / a-ɒ / w-w / ⁴²-³³
{0: [0], 1: [1], 2: [2], 3: [3]}
{0: [0], 1: [1], 2: [2], 3: [3]}
SCORE: 11.043

-------------------

/ka⁴²/ - /ʨja³³/
∅-ʨ / ∅-j / k-∅ / a-a / ⁴²-³³
{0: None, 1: None, 2: [0], 3: [1], 4: [2]}
{0: [0], 1: [1], 2: None, 3: [2], 4: [3]}
SCORE: -15.144

-------------------

/kuŋ⁴²/ - /kən³³/
k-k / u-ə / ŋ-n / ⁴²-³³
{0: [0], 1: [1], 2: [2], 3: [3]}
{0: [0], 1: [1], 2: [2], 3: [3]}
SCORE: 10.351

-------------------

/kwɛt̚⁵/ - /kwɤ²⁴/
k-k / w-w / ɛ_t̚-ɤ / ⁵-²⁴
{0: [0], 1: [1], 2: [2, 3], 3: [4]}
{0: [0], 1: [1], 2: [2], 3: [3]}
SCORE: 11.3

-------------------

/kɵn²¹³/ - /kan⁴¹/
k-k / ɵ-a / n-n / ²¹³-⁴¹
{0: [0], 1: [1], 2: [2], 3: [3]}
{0: [0], 1: [1], 2: [2], 3: [3]}
SCORE: 10.211

-------------------

/kʰaj⁴²/ - /kʰaj³³/
kʰ-kʰ / a-a / j-j / ⁴²-³³
{0: [0], 1: [1], 2: [2], 3: [3]}
{0: [0], 1: [1], 2: [2], 3: [3]}
SCORE: 11.016

-------------------

/kʰaʔ⁵/ - /kʰɤ²⁴/
kʰ-kʰ / a-ɤ / ʔ-∅ / ⁵-²⁴
{0: [0], 1: [1], 2: [2], 3: [3]}
{0: [0], 1: [1], 2: None, 3: [2]}
SCORE: -0.565

-------------------

/kʰjɛw²¹³/ - /kʰəw⁴¹/
kʰ-kʰ / j_ɛ-ə / w-w / ²¹³-⁴¹
{0: [0], 1: [1, 2], 2: [3], 3: [4]}
{0: [0], 1: [1], 2: [2], 3: [3]}
SCORE: 7.658

-------------------

/kʰu²¹³/ - /kʰu⁴¹/
kʰ-kʰ / u-u / ²¹³-⁴¹
{0: [0], 1: [1], 2: [2]}
{0: [0], 1: [1], 2: [2]}
SCORE: 8.323

-------------------

/kʰwaj²¹³/ - /kʰwaj⁴⁵/
kʰ-kʰ / w-w / a-a / j_²¹³-j_⁴⁵
{0: [0], 1: [1], 2: [2], 3: [3, 4]}
{0: [0], 1: [1], 2: [2], 3: [3, 4]}
SCORE: 16.801

-------------------

/kʰɵn²¹³/ - /kʰan⁴⁵/
kʰ-kʰ / ɵ-a / n-n / ²¹³-⁴⁵
{0: [0], 1: [1], 2: [2], 3: [3]}
{0: [0], 1: [1], 2: [2], 3: [3]}
SCORE: 8.266

-------------------

/laj³⁵/ - /laj¹³/
l-l / a-a / j-j / ³⁵-¹³
{0: [0], 1: [1], 2: [2], 3: [3]}
{0: [0], 1: [1], 2: [2], 3: [3]}
SCORE: 11.492

-------------------

/lan³⁵/ - /l̃an¹³/
l-l̃ / a-a / n-n / ³⁵-¹³
{0: [0], 1: [1], 2: [2], 3: [3]}
{0: [0], 1: [1], 2: [2], 3: [3]}
SCORE: 8.419

-------------------

/law²¹³/ - /lɒw⁴¹/
l-l / a-ɒ / w-w / ²¹³-⁴¹
{0: [0], 1: [1], 2: [2], 3: [3]}
{0: [0], 1: [1], 2: [2], 3: [3]}
SCORE: 11.103

-------------------

/laŋ²¹³/ - /lən⁴¹/
l-l / a-ə / ŋ-n / ²¹³-⁴¹
{0: [0], 1: [1], 2: [2], 3: [3]}
{0: [0], 1: [1], 2: [2], 3: [3]}
SCORE: 7.384

-------------------

/ljuʔ⁵/ - /ləw²⁴/
l-l / j-ə / u_ʔ-w / ⁵-²⁴
{0: [0], 1: [1], 2: [2, 3], 3: [4]}
{0: [0], 1: [1], 2: [2], 3: [3]}
SCORE: 5.877

-------------------

/ljɛw²¹³/ - /ljɒw⁴¹/
l-l / j-j / ɛ-ɒ / w-w / ²¹³-⁴¹
{0: [0], 1: [1], 2: [2], 3: [3], 4: [4]}
{0: [0], 1: [1], 2: [2], 3: [3], 4: [4]}
SCORE: 16.82

-------------------

/lɵn²¹³/ - /lõ⁴¹/
l-l / ɵ_n-õ / ²¹³-⁴¹
{0: [0], 1: [1, 2], 2: [3]}
{0: [0], 1: [1], 2: [2]}
SCORE: 4.985

-------------------

/ma²¹³/ - /ma⁴¹/
m-m / a-a / ²¹³-⁴¹
{0: [0], 1: [1], 2: [2]}
{0: [0], 1: [1], 2: [2]}
SCORE: 7.933

-------------------

/min³⁵/ - /min¹³/
m-m / i-i / n-n / ³⁵-¹³
{0: [0], 1: [1], 2: [2], 3: [3]}
{0: [0], 1: [1], 2: [2], 3: [3]}
SCORE: 12.819

-------------------

/mi²¹³/ - /mej⁴¹/
m-m / ∅-e / i-j / ²¹³-⁴¹
{0: [0], 1: None, 2: [1], 3: [2]}
{0: [0], 1: [1], 2: [2], 3: [3]}
SCORE: 0.796

-------------------

/mo³⁵/ - /mo¹³/
m-m / o-o / ³⁵-¹³
{0: [0], 1: [1], 2: [2]}
{0: [0], 1: [1], 2: [2]}
SCORE: 8.247

-------------------

/mu²¹³/ - /mo⁴¹/
m-m / ∅-o / u-∅ / ²¹³-⁴¹
{0: [0], 1: None, 2: [1], 3: [2]}
{0: [0], 1: [1], 2: None, 3: [2]}
SCORE: -6.111

-------------------

/mwʔ⁵/ - /mo²⁴/
m-m / ∅-o / w-∅ / ʔ-∅ / ⁵-²⁴
{0: [0], 1: None, 2: [1], 3: [2], 4: [3]}
{0: [0], 1: [1], 2: None, 3: None, 4: [2]}
SCORE: -11.096

-------------------

/nʲin³⁵/ - /ʐən¹³/
nʲ-ʐ / i-ə / n-n / ³⁵-¹³
{0: [0], 1: [1], 2: [2], 3: [3]}
{0: [0], 1: [1], 2: [2], 3: [3]}
SCORE: 5.066

-------------------

/nʲit̚⁵/ - /nʲi²⁴/
nʲ-nʲ / i_t̚-i / ⁵-²⁴
{0: [0], 1: [1, 2], 2: [3]}
{0: [0], 1: [1], 2: [2]}
SCORE: 4.775

-------------------

/nʲiw³⁵/ - /nʲjəw¹³/
nʲ-nʲ / i-j_ə / w-w / ³⁵-¹³
{0: [0], 1: [1], 2: [2], 3: [3]}
{0: [0], 1: [1, 2], 2: [3], 3: [4]}
SCORE: 10.073

-------------------

/nʲje³⁵/ - /y¹³/
nʲ-∅ / j_e-y / ³⁵-¹³
{0: [0], 1: [1, 2], 2: [3]}
{0: None, 1: [0], 2: [1]}
SCORE: -8.389

-------------------

/nʲjuʔ⁵/ - /ʐəw²⁴/
nʲ-ʐ / j-ə / u_ʔ-w / ⁵-²⁴
{0: [0], 1: [1], 2: [2, 3], 3: [4]}
{0: [0], 1: [1], 2: [2], 3: [3]}
SCORE: 2.505

-------------------

/nʲjɛn³⁵/ - /nʲjẽ¹³/
nʲ-nʲ / j-j / ɛ_n-ẽ / ³⁵-¹³
{0: [0], 1: [1], 2: [2, 3], 3: [4]}
{0: [0], 1: [1], 2: [2], 3: [3]}
SCORE: 11.165

-------------------

/nʲy²¹³/ - /nʲy⁴¹/
nʲ-nʲ / y-y / ²¹³-⁴¹
{0: [0], 1: [1], 2: [2]}
{0: [0], 1: [1], 2: [2]}
SCORE: 10.557

-------------------

/nʲɥɵt̚²/ - /ɥe²⁴/
nʲ-∅ / ɥ-ɥ / ɵ_t̚-e / ²-²⁴
{0: [0], 1: [1], 2: [2, 3], 3: [4]}
{0: None, 1: [0], 2: [1], 3: [2]}
SCORE: -8.885

-------------------

/pat̚⁵/ - /pa²⁴/
p-p / a_t̚-a / ⁵-²⁴
{0: [0], 1: [1, 2], 2: [3]}
{0: [0], 1: [1], 2: [2]}
SCORE: 4.226

-------------------

/pɛt̚⁵/ - /pɤ²⁴/
p-p / ɛ_t̚-ɤ / ⁵-²⁴
{0: [0], 1: [1, 2], 2: [3]}
{0: [0], 1: [1], 2: [2]}
SCORE: 6.1

-------------------

/pɨn²¹³/ - /pən⁴¹/
p-p / ɨ-ə / n-n / ²¹³-⁴¹
{0: [0], 1: [1], 2: [2], 3: [3]}
{0: [0], 1: [1], 2: [2], 3: [3]}
SCORE: 11.903

-------------------

/pɨt̚⁵/ - /pu²⁴/
p-p / ∅-u / ɨ-∅ / t̚-∅ / ⁵-²⁴
{0: [0], 1: None, 2: [1], 3: [2], 4: [3]}
{0: [0], 1: [1], 2: None, 3: None, 4: [2]}
SCORE: -11.634

-------------------

/pʰin²¹³/ - /pʰin⁴¹/
pʰ-pʰ / i-i / n-n / ²¹³-⁴¹
{0: [0], 1: [1], 2: [2], 3: [3]}
{0: [0], 1: [1], 2: [2], 3: [3]}
SCORE: 13.127

-------------------

/pʰin²⁴/ - /pin¹³/
pʰ-p / i-i / n-n / ²⁴-¹³
{0: [0], 1: [1], 2: [2], 3: [3]}
{0: [0], 1: [1], 2: [2], 3: [3]}
SCORE: 11.91

-------------------

/pʰi²⁴/ - /pi¹³/
pʰ-p / i-i / ²⁴-¹³
{0: [0], 1: [1], 2: [2]}
{0: [0], 1: [1], 2: [2]}
SCORE: 8.141

-------------------

/pʰɵn²⁴/ - /põ¹³/
pʰ-p / ɵ_n-õ / ²⁴-¹³
{0: [0], 1: [1, 2], 2: [3]}
{0: [0], 1: [1], 2: [2]}
SCORE: 4.761

-------------------

/san⁴²/ - /san³³/
s-s / a-a / n-n / ⁴²-³³
{0: [0], 1: [1], 2: [2], 3: [3]}
{0: [0], 1: [1], 2: [2], 3: [3]}
SCORE: 9.826

-------------------

/sa³⁵/ - /ʂa¹³/
s-ʂ / a_³⁵-a_¹³
{0: [0], 1: [1, 2]}
{0: [0], 1: [1, 2]}
SCORE: 7.441

-------------------

/saʔ²/ - /sz̩²⁴/
s-s / ∅-z̩ / a-∅ / ʔ-∅ / ²-²⁴
{0: [0], 1: None, 2: [1], 3: [2], 4: [3]}
{0: [0], 1: [1], 2: None, 3: None, 4: [2]}
SCORE: -15.189

-------------------

/suj²¹³/ - /ɕɥej⁴¹/
<#-<#_ɕ / ∅-ɥ / ∅-e / s-∅ / u-∅ / j-j / ²¹³-⁴¹
{0: None, 1: None, 2: None, 3: [0], 4: [1], 5: [2], 6: [3]}
{0: [0], 1: [1], 2: [2], 3: None, 4: None, 5: [3], 6: [4]}
SCORE: -21.464

-------------------

/sz̩²¹³/ - /sz̩⁴¹/
s-s / z̩-z̩ / ²¹³-⁴¹
{0: [0], 1: [1], 2: [2]}
{0: [0], 1: [1], 2: [2]}
SCORE: 9.625

-------------------

/sz̩¹¹/ - /sz̩²¹/
s-s / z̩-z̩ / ¹¹-²¹
{0: [0], 1: [1], 2: [2]}
{0: [0], 1: [1], 2: [2]}
SCORE: 9.958

-------------------

/sz̩⁴²/ - /sz̩³³/
s-s / z̩-z̩ / ⁴²-³³
{0: [0], 1: [1], 2: [2]}
{0: [0], 1: [1], 2: [2]}
SCORE: 8.818

-------------------

/sɔŋ¹¹/ - /san²¹/
s-s / ɔ-a / ŋ-n / ¹¹-²¹
{0: [0], 1: [1], 2: [2], 3: [3]}
{0: [0], 1: [1], 2: [2], 3: [3]}
SCORE: 10.454

-------------------

/sɛt̚⁵/ - /sɤ²⁴/
s-s / ɛ_t̚-ɤ / ⁵-²⁴
{0: [0], 1: [1, 2], 2: [3]}
{0: [0], 1: [1], 2: [2]}
SCORE: 5.568

-------------------

/sɛw²¹³/ - /sɒw⁴¹/
s-s / ɛ-ɒ / w-w / ²¹³-⁴¹
{0: [0], 1: [1], 2: [2], 3: [3]}
{0: [0], 1: [1], 2: [2], 3: [3]}
SCORE: 12.129

-------------------

/sɨw²¹³/ - /səw⁴¹/
s-s / ɨ-ə / w-w / ²¹³-⁴¹
{0: [0], 1: [1], 2: [2], 3: [3]}
{0: [0], 1: [1], 2: [2], 3: [3]}
SCORE: 12.264

-------------------

/to⁴²/ - /to³³/
t-t / o-o / ⁴²-³³
{0: [0], 1: [1], 2: [2]}
{0: [0], 1: [1], 2: [2]}
SCORE: 4.602

-------------------

/tuŋ⁴²/ - /tən³³/
t-t / u-ə / ŋ-n / ⁴²-³³
{0: [0], 1: [1], 2: [2], 3: [3]}
{0: [0], 1: [1], 2: [2], 3: [3]}
SCORE: 7.451

-------------------

/tʰaj¹¹/ - /taj²¹/
tʰ-t / a-a / j-j / ¹¹-²¹
{0: [0], 1: [1], 2: [2], 3: [3]}
{0: [0], 1: [1], 2: [2], 3: [3]}
SCORE: 11.236

-------------------

/tʰin⁴²/ - /tʰin³³/
tʰ-tʰ / i-i / n-n / ⁴²-³³
{0: [0], 1: [1], 2: [2], 3: [3]}
{0: [0], 1: [1], 2: [2], 3: [3]}
SCORE: 11.181

-------------------

/tʰi²¹³/ - /tʰi⁴¹/
tʰ-tʰ / i-i / ²¹³-⁴¹
{0: [0], 1: [1], 2: [2]}
{0: [0], 1: [1], 2: [2]}
SCORE: 8.219

-------------------

/tʰi¹¹/ - /ti²¹/
tʰ-t / i-i / ¹¹-²¹
{0: [0], 1: [1], 2: [2]}
{0: [0], 1: [1], 2: [2]}
SCORE: 8.047

-------------------

/tʰjɛn⁴²/ - /tʰjẽ³³/
tʰ-tʰ / j-j / ɛ_n-ẽ / ⁴²-³³
{0: [0], 1: [1], 2: [2, 3], 3: [4]}
{0: [0], 1: [1], 2: [2], 3: [3]}
SCORE: 9.527

-------------------

/tʰuŋ¹¹/ - /tən²¹/
tʰ-t / u-ə / ŋ-n / ¹¹-²¹
{0: [0], 1: [1], 2: [2], 3: [3]}
{0: [0], 1: [1], 2: [2], 3: [3]}
SCORE: 10.094

-------------------

/tʰɔŋ²⁴/ - /tan¹³/
tʰ-t / ɔ-a / ŋ-n / ²⁴-¹³
{0: [0], 1: [1], 2: [2], 3: [3]}
{0: [0], 1: [1], 2: [2], 3: [3]}
SCORE: 9.934

-------------------

/tʰɔŋ⁴²/ - /tʰan³³/
tʰ-tʰ / ɔ-a / ŋ-n / ⁴²-³³
{0: [0], 1: [1], 2: [2], 3: [3]}
{0: [0], 1: [1], 2: [2], 3: [3]}
SCORE: 9.491

-------------------

/tʰɛw²⁴/ - /təw¹³/
tʰ-t / ɛ-ə / w-w / ²⁴-¹³
{0: [0], 1: [1], 2: [2], 3: [3]}
{0: [0], 1: [1], 2: [2], 3: [3]}
SCORE: 9.747

-------------------

/un³⁵/ - /wən¹³/
<#_u-<#_w_ə / n-n / ³⁵-¹³
{0: [0], 1: [1], 2: [2]}
{0: [0, 1], 1: [2], 2: [3]}
SCORE: 1.514

-------------------

/un¹¹/ - /wən²¹/
<#_u-<#_w_ə / n-n / ¹¹-²¹
{0: [0], 1: [1], 2: [2]}
{0: [0, 1], 1: [2], 2: [3]}
SCORE: 1.909

-------------------

/ut̚⁵/ - /u²⁴/
u-u / t̚-∅ / ⁵-²⁴
{0: [0], 1: [1], 2: [2]}
{0: [0], 1: None, 2: [1]}
SCORE: -3.455

-------------------

/waj¹¹/ - /waj²¹/
w-w / a-a / j-j / ¹¹-²¹
{0: [0], 1: [1], 2: [2], 3: [3]}
{0: [0], 1: [1], 2: [2], 3: [3]}
SCORE: 10.026

-------------------

/wan²¹³/ - /wan⁴¹/
w-w / a-a / n-n / ²¹³-⁴¹
{0: [0], 1: [1], 2: [2], 3: [3]}
{0: [0], 1: [1], 2: [2], 3: [3]}
SCORE: 9.095

-------------------

/wo³⁵/ - /o¹³/
w-∅ / o-o / ³⁵-¹³
{0: [0], 1: [1], 2: [2]}
{0: None, 1: [0], 2: [1]}
SCORE: -4.023

-------------------

/wɔŋ³⁵/ - /wan¹³/
w-w / ɔ-a / ŋ-n / ³⁵-¹³
{0: [0], 1: [1], 2: [2], 3: [3]}
{0: [0], 1: [1], 2: [2], 3: [3]}
SCORE: 8.521

-------------------

/yn³⁵/ - /yn¹³/
y-y / n-n / ³⁵-¹³
{0: [0], 1: [1], 2: [2]}
{0: [0], 1: [1], 2: [2]}
SCORE: 6.994

-------------------

/y²¹³/ - /y⁴¹/
y-y / ²¹³-⁴¹
{0: [0], 1: [1]}
{0: [0], 1: [1]}
SCORE: 3.286

-------------------

/ŋaj³⁵/ - /ŋaj⁴⁵/
<#_ŋ-<#_ŋ / a-a / j-j / ³⁵-⁴⁵
{0: [0], 1: [1], 2: [2], 3: [3]}
{0: [0], 1: [1], 2: [2], 3: [3]}
SCORE: 10.091

-------------------

/ŋa³⁵/ - /ŋa¹³/
<#_ŋ-<#_ŋ / a_³⁵-a_¹³
{0: [0], 1: [1, 2]}
{0: [0], 1: [1, 2]}
SCORE: 7.394

-------------------

/ŋjɛn⁴²/ - /ŋən³³/
<#_ŋ-<#_ŋ / j_ɛ-ə / n-n / ⁴²-³³
{0: [0], 1: [1, 2], 2: [3], 3: [4]}
{0: [0], 1: [1], 2: [2], 3: [3]}
SCORE: 5.316

-------------------

/ŋo²¹³/ - /ŋo⁴¹/
<#_ŋ-<#_ŋ / o-o / ²¹³-⁴¹
{0: [0], 1: [1], 2: [2]}
{0: [0], 1: [1], 2: [2]}
SCORE: 7.19

-------------------

/ŋɵn⁴²/ - /ŋan³³/
<#_ŋ-<#_ŋ / ɵ-a / n-n / ⁴²-³³
{0: [0], 1: [1], 2: [2], 3: [3]}
{0: [0], 1: [1], 2: [2], 3: [3]}
SCORE: 8.284

-------------------

/ŋ̍²¹³/ - /u⁴¹/
ŋ̍-u / ²¹³-⁴¹
{0: [0], 1: [1]}
{0: [0], 1: [1]}
SCORE: 2.352

-------------------

/ɕin⁴²/ - /ɕin³³/
ɕ-ɕ / i-i / n-n / ⁴²-³³
{0: [0], 1: [1], 2: [2], 3: [3]}
{0: [0], 1: [1], 2: [2], 3: [3]}
SCORE: 11.684

-------------------

/ɕi⁴²/ - /ɕi³³/
ɕ-ɕ / i-i / ⁴²-³³
{0: [0], 1: [1], 2: [2]}
{0: [0], 1: [1], 2: [2]}
SCORE: 7.914

-------------------

/ɕjɛw²¹³/ - /ɕjɒw⁴¹/
ɕ-ɕ / j-j / ɛ-ɒ / w-w / ²¹³-⁴¹
{0: [0], 1: [1], 2: [2], 3: [3], 4: [4]}
{0: [0], 1: [1], 2: [2], 3: [3], 4: [4]}
SCORE: 17.177

-------------------

/ɕjɛw³⁵/ - /ɕjɒw⁴⁵/
ɕ-ɕ / j-j / ɛ-ɒ / w-w / ³⁵-⁴⁵
{0: [0], 1: [1], 2: [2], 3: [3], 4: [4]}
{0: [0], 1: [1], 2: [2], 3: [3], 4: [4]}
SCORE: 16.087

-------------------

/ɕy²¹³/ - /ɕy⁴¹/
ɕ-ɕ / y-y / ²¹³-⁴¹
{0: [0], 1: [1], 2: [2]}
{0: [0], 1: [1], 2: [2]}
SCORE: 10.167

-------------------

/ɕɥɵt̚⁵/ - /ɕje²⁴/
ɕ-ɕ / ɥ-j / ɵ_t̚-e / ⁵-²⁴
{0: [0], 1: [1], 2: [2, 3], 3: [4]}
{0: [0], 1: [1], 2: [2], 3: [3]}
SCORE: 8.3

-------------------

/ɥɵn³⁵/ - /ɥẽ¹³/
ɥ-ɥ / ɵ_n-ẽ / ³⁵-¹³
{0: [0], 1: [1, 2], 2: [3]}
{0: [0], 1: [1], 2: [2]}
SCORE: 0.878

-------------------

/ɵ³⁵/ - /ɤ¹³/
ɵ-ɤ / ³⁵-¹³
{0: [0], 1: [1]}
{0: [0], 1: [1]}
SCORE: 0.695

-------------------

/ɵ¹¹/ - /ɤ²¹/
ɵ-ɤ / ¹¹-²¹
{0: [0], 1: [1]}
{0: [0], 1: [1]}
SCORE: 1.09

-------------------

/ʦaj⁴²/ - /ʦaj³³/
ʦ-ʦ / a-a / j-j / ⁴²-³³
{0: [0], 1: [1], 2: [2], 3: [3]}
{0: [0], 1: [1], 2: [2], 3: [3]}
SCORE: 10.242

-------------------

/ʦuŋ⁴²/ - /ʦən³³/
ʦ-ʦ / u-ə / ŋ-n / ⁴²-³³
{0: [0], 1: [1], 2: [2], 3: [3]}
{0: [0], 1: [1], 2: [2], 3: [3]}
SCORE: 9.099

-------------------

/ʦz̩²¹³/ - /ʦz̩⁴¹/
ʦ-ʦ / z̩-z̩ / ²¹³-⁴¹
{0: [0], 1: [1], 2: [2]}
{0: [0], 1: [1], 2: [2]}
SCORE: 9.443

-------------------

/ʦz̩⁴²/ - /ʦz̩³³/
ʦ-ʦ / z̩-z̩ / ⁴²-³³
{0: [0], 1: [1], 2: [2]}
{0: [0], 1: [1], 2: [2]}
SCORE: 8.636

-------------------

/ʦɔʔ⁵/ - /ʦo²⁴/
ʦ-ʦ / ɔ_ʔ-o / ⁵-²⁴
{0: [0], 1: [1, 2], 2: [3]}
{0: [0], 1: [1], 2: [2]}
SCORE: 5.641

-------------------

/ʦɨw⁴²/ - /ʦəw³³/
ʦ-ʦ / ɨ-ə / w-w / ⁴²-³³
{0: [0], 1: [1], 2: [2], 3: [3]}
{0: [0], 1: [1], 2: [2], 3: [3]}
SCORE: 11.276

-------------------

/ʦʰaj²¹³/ - /ʦʰaj⁴⁵/
ʦʰ-ʦʰ / a-a / j_²¹³-j_⁴⁵
{0: [0], 1: [1], 2: [2, 3]}
{0: [0], 1: [1], 2: [2, 3]}
SCORE: 11.731

-------------------

/ʦʰaw²¹³/ - /ʦʰɒw⁴¹/
ʦʰ-ʦʰ / a-ɒ / w-w / ²¹³-⁴¹
{0: [0], 1: [1], 2: [2], 3: [3]}
{0: [0], 1: [1], 2: [2], 3: [3]}
SCORE: 10.965

-------------------

/ʦʰa²⁴/ - /ʦa¹³/
ʦʰ-ʦ / a-a / ²⁴-¹³
{0: [0], 1: [1], 2: [2]}
{0: [0], 1: [1], 2: [2]}
SCORE: 5.341

-------------------

/ʦʰaŋ²⁴/ - /ʦʰən¹³/
ʦʰ-ʦʰ / a-ə / ŋ-n / ²⁴-¹³
{0: [0], 1: [1], 2: [2], 3: [3]}
{0: [0], 1: [1], 2: [2], 3: [3]}
SCORE: 7.386

-------------------

/ʦʰa⁴²/ - /ʦʰɤ³³/
ʦʰ-ʦʰ / a-ɤ / ⁴²-³³
{0: [0], 1: [1], 2: [2]}
{0: [0], 1: [1], 2: [2]}
SCORE: 3.205

-------------------

/ʦʰun⁴²/ - /ʨʰyn³³/
∅-ʨʰ / ∅-y / ʦʰ-∅ / u-∅ / n-n / ⁴²-³³
{0: None, 1: None, 2: [0], 3: [1], 4: [2], 5: [3]}
{0: [0], 1: [1], 2: None, 3: None, 4: [2], 5: [3]}
SCORE: -20.419

-------------------

/ʦʰu²¹³/ - /ʦʰəw⁴⁵/
ʦʰ-ʦʰ / u-ə / ∅-w / ²¹³-⁴⁵
{0: [0], 1: [1], 2: None, 3: [2]}
{0: [0], 1: [1], 2: [2], 3: [3]}
SCORE: 0.259

-------------------

/ʦʰuŋ²⁴/ - /ʦən¹³/
ʦʰ-ʦ / u-ə / ŋ-n / ²⁴-¹³
{0: [0], 1: [1], 2: [2], 3: [3]}
{0: [0], 1: [1], 2: [2], 3: [3]}
SCORE: 8.566

-------------------

/ʦʰz̩²⁴/ - /ʦz̩⁴⁵/
ʦʰ-ʦ / z̩-z̩ / ∅-⁴⁵ / ²⁴-∅
{0: [0], 1: [1], 2: None, 3: [2]}
{0: [0], 1: [1], 2: [2], 3: None}
SCORE: -6.169

-------------------

/ʦʰɔŋ²⁴/ - /ʦan¹³/
ʦʰ-ʦ / ɔ-a / ŋ-n / ²⁴-¹³
{0: [0], 1: [1], 2: [2], 3: [3]}
{0: [0], 1: [1], 2: [2], 3: [3]}
SCORE: 8.598

-------------------

/ʦʰɨt̚⁵/ - /ʦʰy²⁴/
ʦʰ-ʦʰ / ∅-y / ɨ-∅ / t̚-∅ / ⁵-²⁴
{0: [0], 1: None, 2: [1], 3: [2], 4: [3]}
{0: [0], 1: [1], 2: None, 3: None, 4: [2]}
SCORE: -11.981

-------------------

/ʦʰɵn⁴²/ - /ʨʰɥẽ³³/
∅-ʨʰ / ʦʰ-∅ / ɵ-ɥ / n-ẽ / ⁴²-³³
{0: None, 1: [0], 2: [1], 3: [2], 4: [3]}
{0: [0], 1: None, 2: [1], 3: [2], 4: [3]}
SCORE: -9.813

-------------------

/ʨin⁴²/ - /ʨin³³/
ʨ-ʨ / i-i / n-n / ⁴²-³³
{0: [0], 1: [1], 2: [2], 3: [3]}
{0: [0], 1: [1], 2: [2], 3: [3]}
SCORE: 10.61

-------------------

/ʨiw²¹³/ - /ʨjəw⁴¹/
ʨ-ʨ / i-j_ə / w-w / ²¹³-⁴¹
{0: [0], 1: [1], 2: [2], 3: [3]}
{0: [0], 1: [1, 2], 2: [3], 3: [4]}
SCORE: 8.671

-------------------

/ʨi⁴²/ - /ʨi³³/
ʨ-ʨ / i-i / ⁴²-³³
{0: [0], 1: [1], 2: [2]}
{0: [0], 1: [1], 2: [2]}
SCORE: 6.84

-------------------

/ʨjuŋ¹¹/ - /kən²¹/
∅-k / ʨ-∅ / j-∅ / u-ə / ŋ-n / ¹¹-²¹
{0: None, 1: [0], 2: [1], 3: [2], 4: [3], 5: [4]}
{0: [0], 1: None, 2: None, 3: [1], 4: [2], 5: [3]}
SCORE: -10.779

-------------------

/ʨjuʔ⁵/ - /ʦəw²⁴/
∅-ʦ / ʨ-∅ / j-ə / u_ʔ-w / ⁵-²⁴
{0: None, 1: [0], 2: [1], 3: [2, 3], 4: [4]}
{0: [0], 1: None, 2: [1], 3: [2], 4: [3]}
SCORE: -10.646

-------------------

/ʨjɛn³⁵/ - /ʨjẽ⁴⁵/
ʨ-ʨ / j-j / ɛ_n-ẽ / ³⁵-⁴⁵
{0: [0], 1: [1], 2: [2, 3], 3: [4]}
{0: [0], 1: [1], 2: [2], 3: [3]}
SCORE: 8.673

-------------------

/ʨy⁴²/ - /ʨy³³/
ʨ-ʨ / y-y / ⁴²-³³
{0: [0], 1: [1], 2: [2]}
{0: [0], 1: [1], 2: [2]}
SCORE: 8.285

-------------------

/ʨʰiw⁴²/ - /ʨʰjəw³³/
ʨʰ-ʨʰ / i-j_ə / w-w / ⁴²-³³
{0: [0], 1: [1], 2: [2], 3: [3]}
{0: [0], 1: [1, 2], 2: [3], 3: [4]}
SCORE: 8.216

-------------------

/ʨʰi²¹³/ - /ʨʰi⁴⁵/
ʨʰ-ʨʰ / i-i / ²¹³-⁴⁵
{0: [0], 1: [1], 2: [2]}
{0: [0], 1: [1], 2: [2]}
SCORE: 6.533

-------------------

/ʨʰjaŋ⁴²/ - /ʨʰin³³/
ʨʰ-ʨʰ / j_a-i / ŋ-n / ⁴²-³³
{0: [0], 1: [1, 2], 2: [3], 3: [4]}
{0: [0], 1: [1], 2: [2], 3: [3]}
SCORE: 6.286

-------------------

/ʨʰje²¹³/ - /ʨʰy⁴⁵/
ʨʰ-ʨʰ / j_e-y / ²¹³-⁴⁵
{0: [0], 1: [1, 2], 2: [3]}
{0: [0], 1: [1], 2: [2]}
SCORE: 1.365

-------------------

/ʨʰjuŋ²⁴/ - /ʨin¹³/
ʨʰ-ʨ / j-i / u-∅ / ŋ-n / ²⁴-¹³
{0: [0], 1: [1], 2: [2], 3: [3], 4: [4]}
{0: [0], 1: [1], 2: None, 3: [2], 4: [3]}
SCORE: 1.392

-------------------

/ʨʰjɛw²⁴/ - /ʨjɒw¹³/
ʨʰ-ʨ / j-j / ɛ-ɒ / w-w / ²⁴-¹³
{0: [0], 1: [1], 2: [2], 3: [3], 4: [4]}
{0: [0], 1: [1], 2: [2], 3: [3], 4: [4]}
SCORE: 15.658

-------------------

/ʨʰy¹¹/ - /ʨy⁴⁵/
ʨʰ-ʨ / y-y / ¹¹-⁴⁵
{0: [0], 1: [1], 2: [2]}
{0: [0], 1: [1], 2: [2]}
SCORE: 6.507

-------------------

/ʨʰɥɵn²¹³/ - /ʨjẽ¹³/
ʨʰ-ʨ / ɥ-j / ɵ_n-ẽ / ∅-¹³ / ²¹³-∅
{0: [0], 1: [1], 2: [2, 3], 3: None, 4: [4]}
{0: [0], 1: [1], 2: [2], 3: [3], 4: None}
SCORE: -5.688

-------------------

/ʨʰɥɵn²⁴/ - /ʨʰjẽ¹³/
ʨʰ-ʨʰ / ɥ-j / ɵ_n-ẽ / ²⁴-¹³
{0: [0], 1: [1], 2: [2, 3], 3: [4]}
{0: [0], 1: [1], 2: [2], 3: [3]}
SCORE: 9.521
