/b̥ˈai̯z̥ə/ - /bˈæːɪ̯sən/
b̥-b / ˈai̯-ˈæːɪ̯ / z̥-s / ə-ə_n
{0: [0], 1: [1], 2: [2], 3: [3]}
{0: [0], 1: [1], 2: [2], 3: [3, 4]}
SCORE: 27.356

-------------------

/b̥ˈaːm/ - /bˈaːm/
b̥-b / ˈaː-ˈaː / m-m
{0: [0], 1: [1], 2: [2]}
{0: [0], 1: [1], 2: [2]}
SCORE: 20.569

-------------------

/b̥ˈãː/ - /bˈeːn/
b̥-b / ˈãː-ˈeː_n
{0: [0], 1: [1]}
{0: [0], 1: [1, 2]}
SCORE: 14.657

-------------------

/b̥ˈez̥æ̆/ - /bˈɛsɐ/
b̥-b / ˈe-ˈɛ / z̥-s / æ̆-ɐ
{0: [0], 1: [1], 2: [2], 3: [3]}
{0: [0], 1: [1], 2: [2], 3: [3]}
SCORE: 26.226

-------------------

/b̥ˈinə/ - /bˈɑnən/
b̥-b / ˈi-ˈɑ / n-n / ə-ə_n
{0: [0], 1: [1], 2: [2], 3: [3]}
{0: [0], 1: [1], 2: [2], 3: [3, 4]}
SCORE: 21.874

-------------------

/b̥ˈiːd̥ə/ - /bˈidən/
b̥-b / ˈiː-ˈi / d̥-d / ə-ə_n
{0: [0], 1: [1], 2: [2], 3: [3]}
{0: [0], 1: [1], 2: [2], 3: [3, 4]}
SCORE: 20.025

-------------------

/b̥ˈuːx/ - /bˈuχ/
b̥-b / ˈuː-ˈu / x-χ
{0: [0], 1: [1], 2: [2]}
{0: [0], 1: [1], 2: [2]}
SCORE: 23.416

-------------------

/b̥ˈæɐʃ/ - /bˈiːɐɕ/
b̥-b / ˈæ-ˈiː / ɐ-ɐ / ʃ-ɕ
{0: [0], 1: [1], 2: [2], 3: [3]}
{0: [0], 1: [1], 2: [2], 3: [3]}
SCORE: 25.752

-------------------

/b̥ˈæːɐ/ - /bˈiːɐ/
b̥-b / ˈæː-ˈiː / ɐ-ɐ
{0: [0], 1: [1], 2: [2]}
{0: [0], 1: [1], 2: [2]}
SCORE: 21.588

-------------------

/b̥ˈɑːd̥/ - /bˈaːd̥/
b̥-b / ˈɑː-ˈaː / d̥-d̥
{0: [0], 1: [1], 2: [2]}
{0: [0], 1: [1], 2: [2]}
SCORE: 18.713

-------------------

/d̥oːd̥/ - /dˈəʊ̯d̥/
d̥-d / oː-ˈəʊ̯ / d̥-d̥
{0: [0], 1: [1], 2: [2]}
{0: [0], 1: [1], 2: [2]}
SCORE: 20.662

-------------------

/d̥ˈau̯b̥/ - /dˈɑʊ̯v̥/
d̥-d / ˈau̯-ˈɑʊ̯ / b̥-v̥
{0: [0], 1: [1], 2: [2]}
{0: [0], 1: [1], 2: [2]}
SCORE: 22.36

-------------------

/d̥ˈau̯mə/ - /dˈɑʊ̯m/
d̥-d / ˈau̯-ˈɑʊ̯ / m-m / ə-∅
{0: [0], 1: [1], 2: [2], 3: [3]}
{0: [0], 1: [1], 2: [2], 3: None}
SCORE: 17.071

-------------------

/d̥ˈaːʃ/ - /dˈeːɕ/
d̥-d / ˈaː-ˈeː / ʃ-ɕ
{0: [0], 1: [1], 2: [2]}
{0: [0], 1: [1], 2: [2]}
SCORE: 19.538

-------------------

/d̥ˈik/ - /dˈek/
d̥-d / ˈi-ˈe / k-k
{0: [0], 1: [1], 2: [2]}
{0: [0], 1: [1], 2: [2]}
SCORE: 20.536

-------------------

/d̥ˈin/ - /dˈən/
d̥-d / ˈi-ˈə / n-n
{0: [0], 1: [1], 2: [2]}
{0: [0], 1: [1], 2: [2]}
SCORE: 18.016

-------------------

/d̥ˈiŋ/ - /dˈeŋən/
d̥-d / ˈi-ˈe / ŋ-ŋ / ∅-ə / ∅-n
{0: [0], 1: [1], 2: [2], 3: None, 4: None}
{0: [0], 1: [1], 2: [2], 3: [3], 4: [4]}
SCORE: 10.737

-------------------

/d̥ˈiːb̥/ - /dˈɜɪ̯v̥/
d̥-d / ˈiː-ˈɜɪ̯ / b̥-v̥
{0: [0], 1: [1], 2: [2]}
{0: [0], 1: [1], 2: [2]}
SCORE: 20.626

-------------------

/d̥ˈiːf/ - /dˈɜɪ̯f/
d̥-d / ˈiː-ˈɜɪ̯ / f-f
{0: [0], 1: [1], 2: [2]}
{0: [0], 1: [1], 2: [2]}
SCORE: 19.885

-------------------

/d̥ˈiːɐ/ - /dˈɜɪ̯ɐ/
d̥-d / ˈiː-ˈɜɪ̯ / ɐ-ɐ
{0: [0], 1: [1], 2: [2]}
{0: [0], 1: [1], 2: [2]}
SCORE: 19.406

-------------------

/d̥ˈoi̯tʃ/ - /dˈæːɪ̯tʃ/
d̥-d / ∅-ˈæːɪ̯ / ˈoi̯-∅ / t-t / ʃ-ʃ
{0: [0], 1: None, 2: [1], 3: [2], 4: [3]}
{0: [0], 1: [1], 2: None, 3: [2], 4: [3]}
SCORE: 9.739

-------------------

/d̥ˈoi̯æ̆/ - /dˈɑɪ̯ɐ/
d̥-d / ˈoi̯-ˈɑɪ̯ / æ̆-ɐ
{0: [0], 1: [1], 2: [2]}
{0: [0], 1: [1], 2: [2]}
SCORE: 21.31

-------------------

/d̥ˈonæ̆/ - /dˈonɐ/
d̥-d / ˈo-ˈo / n_æ̆-n_ɐ
{0: [0], 1: [1], 2: [2, 3]}
{0: [0], 1: [1], 2: [2, 3]}
SCORE: 24.875

-------------------

/d̥ˈuː/ - /dˈu/
d̥-d / ˈuː-ˈu
{0: [0], 1: [1]}
{0: [0], 1: [1]}
SCORE: 15.754

-------------------

/d̥ˈæɐ/ - /dˈiːɐ/
d̥-d / ˈæ-ˈiː / ɐ-ɐ
{0: [0], 1: [1], 2: [2]}
{0: [0], 1: [1], 2: [2]}
SCORE: 20.167

-------------------

/d̥ˈɑŋɡ̊ə/ - /dˈɑŋkən/
d̥-d / ˈɑ-ˈɑ / ŋ-ŋ / ɡ̊-k / ə-ə_n
{0: [0], 1: [1], 2: [2], 3: [3], 4: [4]}
{0: [0], 1: [1], 2: [2], 3: [3], 4: [4, 5]}
SCORE: 27.425

-------------------

/d̥ˈɑːɣ̊/ - /dˈaːɣ̊/
d̥-d / ˈɑː-ˈaː / ∅-ɣ̊ / ɣ̊-∅
{0: [0], 1: [1], 2: None, 3: [2]}
{0: [0], 1: [1], 2: [2], 3: None}
SCORE: 3.161

-------------------

/d̥ˈɔɐn/ - /dˈaːʀ/
d̥-d / ˈɔ-ˈaː / ɐ_n_#>-ʀ_#>
{0: [0], 1: [1], 2: [2, 3]}
{0: [0], 1: [1], 2: [2]}
SCORE: 17.599

-------------------

/d̥ˈɔɐʃd̥/ - /dˈuːʃt/
d̥-d / ˈɔ-ˈuː / ɐ-∅ / ʃ_d̥-ʃ_t
{0: [0], 1: [1], 2: [2], 3: [3, 4]}
{0: [0], 1: [1], 2: None, 3: [2, 3]}
SCORE: 20.487

-------------------

/flˈaːʃ/ - /flˈeːʃ/
f-f / l-l / ˈaː-ˈeː / ʃ-ʃ
{0: [0], 1: [1], 2: [2], 3: [3]}
{0: [0], 1: [1], 2: [2], 3: [3]}
SCORE: 25.436

-------------------

/flˈiʃt/ - /flˈiɕt/
f-f / l-l / ˈi-ˈi / ʃ-ɕ / t-t
{0: [0], 1: [1], 2: [2], 3: [3], 4: [4]}
{0: [0], 1: [1], 2: [2], 3: [3], 4: [4]}
SCORE: 27.328

-------------------

/flˈiːjə/ - /flˈɜɪ̯ən/
f-f / l-l / ˈiː-ˈɜɪ̯ / j-∅ / ə-ə_n
{0: [0], 1: [1], 2: [2], 3: [3], 4: [4]}
{0: [0], 1: [1], 2: [2], 3: None, 4: [3, 4]}
SCORE: 18.925

-------------------

/flˈuːx/ - /pʰlˈəʊ̯/
f-pʰ / l-l / ˈuː-ˈəʊ̯ / x-∅
{0: [0], 1: [1], 2: [2], 3: [3]}
{0: [0], 1: [1], 2: [2], 3: None}
SCORE: 9.621

-------------------

/fæ̆/ - /fˈiːɐ/
f-f / æ̆-ˈiː_ɐ
{0: [0], 1: [1]}
{0: [0], 1: [1, 2]}
SCORE: 11.738

-------------------

/fʀˈai̯/ - /fʀˈæːɪ̯/
f-f / ʀ-ʀ / ˈai̯-ˈæːɪ̯
{0: [0], 1: [1], 2: [2]}
{0: [0], 1: [1], 2: [2]}
SCORE: 22.43

-------------------

/fʀˈaː/ - /fʀˈaː/
f-f / ʀ-ʀ / ˈaː-ˈaː
{0: [0], 1: [1], 2: [2]}
{0: [0], 1: [1], 2: [2]}
SCORE: 20.082

-------------------

/fʀˈiʃ/ - /fʀˈəʃ/
f-f / ʀ-ʀ / ˈi-ˈə / ʃ-ʃ
{0: [0], 1: [1], 2: [2], 3: [3]}
{0: [0], 1: [1], 2: [2], 3: [3]}
SCORE: 25.234

-------------------

/fʀˈiːɐn/ - /fʀˈɜɪ̯əʀən/
f-f / ʀ-ʀ / ˈiː-ˈɜɪ̯ / ɐ-ə_ʀ / ∅-ə / n-n
{0: [0], 1: [1], 2: [2], 3: [3], 4: None, 5: [4]}
{0: [0], 1: [1], 2: [2], 3: [3, 4], 4: [5], 5: [6]}
SCORE: 20.398

-------------------

/fʀˈoi̯nd̥/ - /fʀˈənd̥/
f-f / ʀ-ʀ / ˈoi̯-∅ / n-ˈə_n / d̥-d̥
{0: [0], 1: [1], 2: [2], 3: [3], 4: [4]}
{0: [0], 1: [1], 2: None, 3: [2, 3], 4: [4]}
SCORE: 15.005

-------------------

/fˈimf/ - /fˈənəf/
f-f / ˈi-ˈə / ∅-n / m-∅ / f-ə_f
{0: [0], 1: [1], 2: None, 3: [2], 4: [3]}
{0: [0], 1: [1], 2: [2], 3: None, 4: [3, 4]}
SCORE: 5.629

-------------------

/fˈinə/ - /fˈɑnən/
f-f / ˈi-ˈɑ / n-n / ə-ə_n
{0: [0], 1: [1], 2: [2], 3: [3]}
{0: [0], 1: [1], 2: [2], 3: [3, 4]}
SCORE: 21.732

-------------------

/fˈiŋæ̆/ - /fˈɑŋɐ/
f-f / ˈi-ˈɑ / ŋ-ŋ / æ̆-ɐ
{0: [0], 1: [1], 2: [2], 3: [3]}
{0: [0], 1: [1], 2: [2], 3: [3]}
SCORE: 25.884

-------------------

/fˈiʃ/ - /fˈəʃ/
f-f / ˈi-ˈə / ʃ-ʃ
{0: [0], 1: [1], 2: [2]}
{0: [0], 1: [1], 2: [2]}
SCORE: 19.914

-------------------

/fˈiːlə/ - /fˈilən/
f-f / ˈiː-ˈi / l-l / ə-ə_n
{0: [0], 1: [1], 2: [2], 3: [3]}
{0: [0], 1: [1], 2: [2], 3: [3, 4]}
SCORE: 20.266

-------------------

/fˈiːɐ/ - /fˈɜɪ̯ɐ/
f-f / ˈiː-ˈɜɪ̯ / ɐ-ɐ
{0: [0], 1: [1], 2: [2]}
{0: [0], 1: [1], 2: [2]}
SCORE: 20.227

-------------------

/fˈoi̯s/ - /fˈɜɪ̯s/
f-f / ∅-ˈɜɪ̯ / ˈoi̯-∅ / s-s
{0: [0], 1: None, 2: [1], 3: [2]}
{0: [0], 1: [1], 2: None, 3: [2]}
SCORE: 4.54

-------------------

/fˈoi̯æ̆/ - /fˈɑɪ̯ɐ/
f-f / ˈoi̯-ˈɑɪ̯ / æ̆-ɐ
{0: [0], 1: [1], 2: [2]}
{0: [0], 1: [1], 2: [2]}
SCORE: 22.131

-------------------

/fˈol/ - /fˈol/
f-f / ˈo-ˈo / l-l
{0: [0], 1: [1], 2: [2]}
{0: [0], 1: [1], 2: [2]}
SCORE: 21.088

-------------------

/fˈoːɣ̊l̩/ - /fˈul/
f-f / ˈoː-ˈu / ɣ̊_l-l
{0: [0], 1: [1], 2: [2, 3]}
{0: [0], 1: [1], 2: [2]}
SCORE: 14.696

-------------------

/fˈuks/ - /fˈuːs/
f-f / ∅-ˈuː / ˈu-∅ / k-∅ / s-s
{0: [0], 1: None, 2: [1], 3: [2], 4: [3]}
{0: [0], 1: [1], 2: None, 3: None, 4: [2]}
SCORE: -0.46

-------------------

/fˈuːs/ - /fˈəʊ̯s/
f-f / ˈuː-ˈəʊ̯ / s-s
{0: [0], 1: [1], 2: [2]}
{0: [0], 1: [1], 2: [2]}
SCORE: 17.929

-------------------

/fˈɛd̥æ̆/ - /fˈiə̯dɐ/
f-f / ˈɛ-ˈiə̯ / d̥-d / æ̆-ɐ
{0: [0], 1: [1], 2: [2], 3: [3]}
{0: [0], 1: [1], 2: [2], 3: [3]}
SCORE: 25.54

-------------------

/hˈai̯liʃ/ - /hˈɛləɕ/
h-h / ∅-ˈɛ / ˈai̯-∅ / l-l / i-ə / ʃ-ɕ
{0: [0], 1: None, 2: [1], 3: [2], 4: [3], 5: [4]}
{0: [0], 1: [1], 2: None, 3: [2], 4: [3], 5: [4]}
SCORE: 15.266

-------------------

/hˈalb̥/ - /hˈɑləv̥/
h-h / ˈa-ˈɑ / l-l / ∅-ə / b̥-v̥
{0: [0], 1: [1], 2: [2], 3: None, 4: [3]}
{0: [0], 1: [1], 2: [2], 3: [3], 4: [4]}
SCORE: 21.582

-------------------

/hˈau̯d̥/ - /hˈæːʊ̯d̥/
h-h / ˈau̯-ˈæːʊ̯ / d̥-d̥
{0: [0], 1: [1], 2: [2]}
{0: [0], 1: [1], 2: [2]}
SCORE: 22.959

-------------------

/hˈau̯s/ - /hˈæːʊ̯z̥/
h-h / ˈau̯-ˈæːʊ̯ / s-z̥
{0: [0], 1: [1], 2: [2]}
{0: [0], 1: [1], 2: [2]}
SCORE: 23.313

-------------------

/hˈaːm/ - /hˈeːm/
h-h / ˈaː-ˈeː / m-m
{0: [0], 1: [1], 2: [2]}
{0: [0], 1: [1], 2: [2]}
SCORE: 22.547

-------------------

/hˈoːniʃ/ - /hˈunəɕ/
h-h / ˈoː-ˈu / n-n / i-ə / ʃ-ɕ
{0: [0], 1: [1], 2: [2], 3: [3], 4: [4]}
{0: [0], 1: [1], 2: [2], 3: [3], 4: [4]}
SCORE: 27.647

-------------------

/hˈoːx/ - /hˈɜɪ̯ɕ/
h-h / ∅-ˈɜɪ̯ / ˈoː-∅ / x-ɕ
{0: [0], 1: None, 2: [1], 3: [2]}
{0: [0], 1: [1], 2: None, 3: [2]}
SCORE: 4.174

-------------------

/hˈund̥/ - /hˈond̥/
h-h / ˈu-ˈo / n-n / d̥-d̥
{0: [0], 1: [1], 2: [2], 3: [3]}
{0: [0], 1: [1], 2: [2], 3: [3]}
SCORE: 25.091

-------------------

/hˈunæ̆t/ - /hˈɔnɐt/
h-h / ˈu-ˈɔ / n_æ̆-n_ɐ / t-t
{0: [0], 1: [1], 2: [2, 3], 3: [4]}
{0: [0], 1: [1], 2: [2, 3], 3: [4]}
SCORE: 32.839

-------------------

/hˈæɐʦ/ - /hˈɛːɐʦ/
h-h / ˈæ-ˈɛː / ɐ-ɐ / ʦ-ʦ
{0: [0], 1: [1], 2: [2], 3: [3]}
{0: [0], 1: [1], 2: [2], 3: [3]}
SCORE: 30.524

-------------------

/hˈæːɐn/ - /hˈɜɪ̯əʀən/
h-h / ∅-ˈɜɪ̯ / ˈæː-∅ / ɐ-ə_ʀ / ∅-ə / n-n
{0: [0], 1: None, 2: [1], 3: [2], 4: None, 5: [3]}
{0: [0], 1: [1], 2: None, 3: [2, 3], 4: [4], 5: [5]}
SCORE: 0.968

-------------------

/hˈɑnd̥/ - /hˈɑnd̥/
h-h / ˈɑ-ˈɑ / n-n / d̥-d̥
{0: [0], 1: [1], 2: [2], 3: [3]}
{0: [0], 1: [1], 2: [2], 3: [3]}
SCORE: 23.969

-------------------

/hˈɑvə/ - /hˈun/
h-h / ∅-ˈu / ˈɑ-∅ / v-∅ / ə-n
{0: [0], 1: None, 2: [1], 3: [2], 4: [3]}
{0: [0], 1: [1], 2: None, 3: None, 4: [2]}
SCORE: -2.17

-------------------

/hˈɑː/ - /hˈoːɐ/
h-h / ˈɑː_#>-ˈoː_ɐ_#>
{0: [0], 1: [1]}
{0: [0], 1: [1, 2]}
SCORE: 17.188

-------------------

/hˈɑːs/ - /hˈuə̯z̥/
h-h / ˈɑː-ˈuə̯ / s-z̥
{0: [0], 1: [1], 2: [2]}
{0: [0], 1: [1], 2: [2]}
SCORE: 19.34

-------------------

/hˈɔɐn/ - /hˈaːʀ/
h-h / ˈɔ-ˈaː / ɐ_n_#>-ʀ_#>
{0: [0], 1: [1], 2: [2, 3]}
{0: [0], 1: [1], 2: [2]}
SCORE: 19.565

-------------------

/hˈɛlv̥ə/ - /hˈələfən/
h-h / ˈɛ-∅ / l-ˈə_l / ∅-ə / v̥-f_ə / ə-n
{0: [0], 1: [1], 2: [2], 3: None, 4: [3], 5: [4]}
{0: [0], 1: None, 2: [1, 2], 3: [3], 4: [4, 5], 5: [6]}
SCORE: 10.802

-------------------

/jˈuŋ/ - /jˈoŋɡ̊/
j-j / ˈu-ˈo / ŋ-ŋ / ∅-ɡ̊
{0: [0], 1: [1], 2: [2], 3: None}
{0: [0], 1: [1], 2: [2], 3: [3]}
SCORE: 19.942

-------------------

/jˈɑː/ - /jˈoːɐ/
j-j / ˈɑː_#>-ˈoː_ɐ_#>
{0: [0], 1: [1]}
{0: [0], 1: [1, 2]}
SCORE: 18.792

-------------------

/knˈiː/ - /kʰnˈɜɪ̯/
∅-kʰ / k-∅ / n-n / ˈiː-ˈɜɪ̯
{0: None, 1: [0], 2: [1], 3: [2]}
{0: [0], 1: None, 2: [1], 3: [2]}
SCORE: 4.124

-------------------

/kʀˈĩː/ - /ɡʀˈeŋ/
k-ɡ / ʀ-ʀ / ˈĩː-ˈe_ŋ
{0: [0], 1: [1], 2: [2]}
{0: [0], 1: [1], 2: [2, 3]}
SCORE: 17.775

-------------------

/kʀˈoːs/ - /ɡʀˈəʊ̯s/
k-ɡ / ʀ-ʀ / ˈoː-ˈəʊ̯ / s-s
{0: [0], 1: [1], 2: [2], 3: [3]}
{0: [0], 1: [1], 2: [2], 3: [3]}
SCORE: 24.046

-------------------

/kʀˈɑːs/ - /ɡʀˈaːz̥/
k-ɡ / ʀ-ʀ / ˈɑː-ˈaː / s-z̥
{0: [0], 1: [1], 2: [2], 3: [3]}
{0: [0], 1: [1], 2: [2], 3: [3]}
SCORE: 22.565

-------------------

/kʰˈalb̥/ - /kʰˈɑləv̥/
kʰ-kʰ / ˈa-ˈɑ / l-l / ∅-ə / b̥-v̥
{0: [0], 1: [1], 2: [2], 3: None, 4: [3]}
{0: [0], 1: [1], 2: [2], 3: [3], 4: [4]}
SCORE: 21.711

-------------------

/kʰˈaʦ/ - /kʰˈaːʦ/
kʰ-kʰ / ˈa-ˈaː / ʦ-ʦ
{0: [0], 1: [1], 2: [2]}
{0: [0], 1: [1], 2: [2]}
SCORE: 22.735

-------------------

/kʰˈaːl/ - /kʰˈaːl/
kʰ-kʰ / ˈaː-ˈaː / l-l
{0: [0], 1: [1], 2: [2]}
{0: [0], 1: [1], 2: [2]}
SCORE: 20.814

-------------------

/kʰˈenə/ - /kʰˈenən/
kʰ-kʰ / ∅-ˈe / ˈe-∅ / n-n / ə-ə_n
{0: [0], 1: None, 2: [1], 3: [2], 4: [3]}
{0: [0], 1: [1], 2: None, 3: [2], 4: [3, 4]}
SCORE: 9.013

-------------------

/kʰˈenə/ - /kʰˈənən/
kʰ-kʰ / ˈe-ˈə / n-n / ə-ə_n
{0: [0], 1: [1], 2: [2], 3: [3]}
{0: [0], 1: [1], 2: [2], 3: [3, 4]}
SCORE: 22.505

-------------------

/kʰˈeːniʃ/ - /kʰˈinek/
kʰ-kʰ / ˈeː-ˈi / n-n / i-e / ∅-k / ʃ-∅
{0: [0], 1: [1], 2: [2], 3: [3], 4: None, 5: [4]}
{0: [0], 1: [1], 2: [2], 3: [3], 4: [4], 5: None}
SCORE: 12.033

-------------------

/kʰˈeːs/ - /kʰˈɜɪ̯z̥/
kʰ-kʰ / ˈeː-ˈɜɪ̯ / s-z̥
{0: [0], 1: [1], 2: [2]}
{0: [0], 1: [1], 2: [2]}
SCORE: 21.733

-------------------

/kʰˈind̥/ - /kʰˈɑnd̥/
kʰ-kʰ / ˈi-ˈɑ / n-n / d̥-d̥
{0: [0], 1: [1], 2: [2], 3: [3]}
{0: [0], 1: [1], 2: [2], 3: [3]}
SCORE: 23.939

-------------------

/kʰˈomə/ - /kʰˈomən/
kʰ-kʰ / ˈo-ˈo / m-m / ə-ə_n
{0: [0], 1: [1], 2: [2], 3: [3]}
{0: [0], 1: [1], 2: [2], 3: [3, 4]}
SCORE: 26.907

-------------------

/kʰˈop/ - /kʰˈɑp/
kʰ-kʰ / ∅-ˈɑ / ˈo-∅ / p-p
{0: [0], 1: None, 2: [1], 3: [2]}
{0: [0], 1: [1], 2: None, 3: [2]}
SCORE: 5.641

-------------------

/kʰˈuː/ - /kʰˈəʊ̯/
kʰ-kʰ / ˈuː-ˈəʊ̯
{0: [0], 1: [1]}
{0: [0], 1: [1]}
SCORE: 14.899

-------------------

/kʰˈæɐʃ/ - /kʰˈiːɐɕ/
kʰ-kʰ / ˈæ-ˈiː / ɐ-ɐ / ʃ-ɕ
{0: [0], 1: [1], 2: [2], 3: [3]}
{0: [0], 1: [1], 2: [2], 3: [3]}
SCORE: 26.884

-------------------

/kʰˈɔɐn/ - /kʰˈaːʀ/
kʰ-kʰ / ˈɔ-ˈaː / ɐ_n_#>-ʀ_#>
{0: [0], 1: [1], 2: [2, 3]}
{0: [0], 1: [1], 2: [2]}
SCORE: 19.694

-------------------

/lˈai̯ʃt/ - /lˈiːɕt/
l-l / ˈai̯-∅ / ʃ-ˈiː_ɕ / t-t
{0: [0], 1: [1], 2: [2], 3: [3]}
{0: [0], 1: None, 2: [1, 2], 3: [3]}
SCORE: 10.659

-------------------

/lˈau̯s/ - /lˈæːʊ̯z̥/
l-l / ˈau̯-ˈæːʊ̯ / s-z̥
{0: [0], 1: [1], 2: [2]}
{0: [0], 1: [1], 2: [2]}
SCORE: 21.73

-------------------

/lˈaɣ̊ə/ - /lˈaːχən/
l-l / ˈa-ˈaː / ∅-χ / ɣ̊-∅ / ə-ə_n
{0: [0], 1: [1], 2: None, 3: [2], 4: [3]}
{0: [0], 1: [1], 2: [2], 3: None, 4: [3, 4]}
SCORE: 8.145

-------------------

/lˈaːb̥/ - /lˈaːv̥/
l-l / ˈaː-ˈaː / b̥-v̥
{0: [0], 1: [1], 2: [2]}
{0: [0], 1: [1], 2: [2]}
SCORE: 20.279

-------------------

/lˈaːv̥ə/ - /lˈaːfən/
l-l / ˈaː-ˈaː / v̥-f_ə / ə-n
{0: [0], 1: [1], 2: [2], 3: [3]}
{0: [0], 1: [1], 2: [2, 3], 3: [4]}
SCORE: 23.541

-------------------

/lˈiʃt/ - /lˈiːɕt/
l-l / ˈi-ˈiː / ʃ-ɕ / t-t
{0: [0], 1: [1], 2: [2], 3: [3]}
{0: [0], 1: [1], 2: [2], 3: [3]}
SCORE: 21.864

-------------------

/lˈiʒ̊ə/ - /lˈɜɪ̯ən/
l-l / ∅-ˈɜɪ̯ / ˈi-∅ / ʒ̊-∅ / ə-ə_n
{0: [0], 1: None, 2: [1], 3: [2], 4: [3]}
{0: [0], 1: [1], 2: None, 3: None, 4: [2, 3]}
SCORE: -1.546

-------------------

/lˈiːb̥/ - /lˈɜɪ̯v̥/
l-l / ˈiː-ˈɜɪ̯ / b̥-v̥
{0: [0], 1: [1], 2: [2]}
{0: [0], 1: [1], 2: [2]}
SCORE: 21.009

-------------------

/lˈiːjə/ - /lˈɑɪ̯ən/
l-l / ∅-ˈɑɪ̯ / ˈiː-∅ / j-∅ / ə-ə_n
{0: [0], 1: None, 2: [1], 3: [2], 4: [3]}
{0: [0], 1: [1], 2: None, 3: None, 4: [2, 3]}
SCORE: -1.546

-------------------

/lˈɑnd̥/ - /lˈɑnd̥/
l-l / ˈɑ-ˈɑ / n-n / d̥-d̥
{0: [0], 1: [1], 2: [2], 3: [3]}
{0: [0], 1: [1], 2: [2], 3: [3]}
SCORE: 22.386

-------------------

/lˈɑŋ/ - /lˈaːŋ/
l-l / ˈɑ-ˈaː / ŋ-ŋ
{0: [0], 1: [1], 2: [2]}
{0: [0], 1: [1], 2: [2]}
SCORE: 20.694

-------------------

/lˈɛvæ̆/ - /lˈiə̯vɐ/
l-l / ˈɛ-ˈiə̯ / v-v / æ̆-ɐ
{0: [0], 1: [1], 2: [2], 3: [3]}
{0: [0], 1: [1], 2: [2], 3: [3]}
SCORE: 26.043

-------------------

/mæ̆/ - /mˈiːɐ/
m-m / æ̆-ˈiː_ɐ
{0: [0], 1: [1]}
{0: [0], 1: [1, 2]}
SCORE: 12.188

-------------------

/mˈau̯l/ - /mˈond̥/
m-m / ∅-ˈo / ∅-n / ˈau̯-∅ / l-d̥
{0: [0], 1: None, 2: None, 3: [1], 4: [2]}
{0: [0], 1: [1], 2: [2], 3: None, 4: [3]}
SCORE: -4.434

-------------------

/mˈau̯s/ - /mˈæːʊ̯z̥/
m-m / ˈau̯-ˈæːʊ̯ / s-z̥
{0: [0], 1: [1], 2: [2]}
{0: [0], 1: [1], 2: [2]}
SCORE: 22.618

-------------------

/mˈenʤ̥/ - /mˈənʃ/
m-m / ˈe-ˈə / n-n / ∅-ʃ / ʤ̥-∅
{0: [0], 1: [1], 2: [2], 3: None, 4: [3]}
{0: [0], 1: [1], 2: [2], 3: [3], 4: None}
SCORE: 8.024

-------------------

/mˈik/ - /mˈek/
m-m / ˈi-ˈe / k-k
{0: [0], 1: [1], 2: [2]}
{0: [0], 1: [1], 2: [2]}
SCORE: 21.807

-------------------

/mˈilʤ̥/ - /mˈələɕ/
m-m / ˈi-ˈə / l-l / ʤ̥-ə_ɕ
{0: [0], 1: [1], 2: [2], 3: [3]}
{0: [0], 1: [1], 2: [2], 3: [3, 4]}
SCORE: 21.64

-------------------

/mˈiʃ/ - /mˈəɕ/
m-m / ˈi-ˈə / ʃ-ɕ
{0: [0], 1: [1], 2: [2]}
{0: [0], 1: [1], 2: [2]}
SCORE: 20.063

-------------------

/mˈiːɐ/ - /mˈiːɐ/
m-m / ∅-ˈiː / ˈiː-∅ / ɐ-ɐ
{0: [0], 1: None, 2: [1], 3: [2]}
{0: [0], 1: [1], 2: None, 3: [2]}
SCORE: 5.422

-------------------

/mˈoi̯s/ - /mˈɑɪ̯z̥/
m-m / ˈoi̯-ˈɑɪ̯ / s-z̥
{0: [0], 1: [1], 2: [2]}
{0: [0], 1: [1], 2: [2]}
SCORE: 22.554

-------------------

/mˈoːnd̥/ - /mˈəʊ̯nd̥/
m-m / ˈoː-ˈəʊ̯ / n-n / d̥-d̥
{0: [0], 1: [1], 2: [2], 3: [3]}
{0: [0], 1: [1], 2: [2], 3: [3]}
SCORE: 24.988

-------------------

/mˈoːnɑt/ - /mˈəʊ̯nd̥/
m-m / ˈoː-ˈəʊ̯ / n-n / ɑ-∅ / t-d̥
{0: [0], 1: [1], 2: [2], 3: [3], 4: [4]}
{0: [0], 1: [1], 2: [2], 3: None, 4: [3]}
SCORE: 16.256

-------------------

/mˈɑn/ - /mˈɑn/
m-m / ˈɑ-ˈɑ / n-n
{0: [0], 1: [1], 2: [2]}
{0: [0], 1: [1], 2: [2]}
SCORE: 18.685

-------------------

/mˈɑxt/ - /mˈuə̯ɕt/
m-m / ˈɑ-ˈuə̯ / x-ɕ / t-t
{0: [0], 1: [1], 2: [2], 3: [3]}
{0: [0], 1: [1], 2: [2], 3: [3]}
SCORE: 22.128

-------------------

/nˈoĩ̯/ - /nˈeŋ/
<#_n-<#_n / ˈoĩ̯-ˈe_ŋ
{0: [0], 1: [1]}
{0: [0], 1: [1, 2]}
SCORE: 12.764

-------------------

/nˈoi̯/ - /nˈɑɪ̯/
<#_n-<#_n / ˈoi̯-ˈɑɪ̯
{0: [0], 1: [1]}
{0: [0], 1: [1]}
SCORE: 18.269

-------------------

/nˈus/ - /nˈos/
<#_n-<#_n / ˈu-ˈo / s-s
{0: [0], 1: [1], 2: [2]}
{0: [0], 1: [1], 2: [2]}
SCORE: 20.923

-------------------

/nˈɑmə/ - /nˈum/
<#_n-<#_n / ˈɑ-∅ / m-ˈu_m / ə-∅
{0: [0], 1: [1], 2: [2], 3: [3]}
{0: [0], 1: None, 2: [1, 2], 3: None}
SCORE: 2.023

-------------------

/nˈɑxt/ - /nˈuə̯ɕt/
<#_n-<#_n / ˈɑ-ˈuə̯ / x-ɕ / t-t
{0: [0], 1: [1], 2: [2], 3: [3]}
{0: [0], 1: [1], 2: [2], 3: [3]}
SCORE: 22.786

-------------------

/nˈɑːd̥l̩/ - /nˈoːl/
<#_n-<#_n / ˈɑː-ˈoː / d̥-∅ / l-l
{0: [0], 1: [1], 2: [2], 3: [3]}
{0: [0], 1: [1], 2: None, 3: [2]}
SCORE: 17.207

-------------------

/nˈɑːs/ - /nˈuə̯z̥/
<#_n-<#_n / ˈɑː-ˈuə̯ / s-z̥
{0: [0], 1: [1], 2: [2]}
{0: [0], 1: [1], 2: [2]}
SCORE: 19.304

-------------------

/nˈɑːɣ̊l̩/ - /nˈoːl/
<#_n-<#_n / ˈɑː-ˈoː / ɣ̊_l-l
{0: [0], 1: [1], 2: [2, 3]}
{0: [0], 1: [1], 2: [2]}
SCORE: 18.579

-------------------

/plˈad̥/ - /blˈaːd̥/
p-b / l-l / ˈa-ˈaː / d̥-d̥
{0: [0], 1: [1], 2: [2], 3: [3]}
{0: [0], 1: [1], 2: [2], 3: [3]}
SCORE: 24.972

-------------------

/plˈum/ - /blˈum/
p-b / l-l / ˈu-∅ / m-ˈu_m
{0: [0], 1: [1], 2: [2], 3: [3]}
{0: [0], 1: [1], 2: None, 3: [2, 3]}
SCORE: 11.371

-------------------

/plˈuːd̥/ - /blˈud̥/
p-b / l-l / ˈuː-ˈu / d̥-d̥
{0: [0], 1: [1], 2: [2], 3: [3]}
{0: [0], 1: [1], 2: [2], 3: [3]}
SCORE: 26.621

-------------------

/pʀˈau̯ə/ - /bʀˈɑʊ̯ən/
p-b / ʀ-ʀ / ˈau̯-ˈɑʊ̯ / ə-ə_n
{0: [0], 1: [1], 2: [2], 3: [3]}
{0: [0], 1: [1], 2: [2], 3: [3, 4]}
SCORE: 26.883

-------------------

/pʀˈik/ - /bʀˈek/
p-b / ʀ-ʀ / ˈi-ˈe / k-k
{0: [0], 1: [1], 2: [2], 3: [3]}
{0: [0], 1: [1], 2: [2], 3: [3]}
SCORE: 27.357

-------------------

/pʀˈoːd̥/ - /bʀˈəʊ̯d̥/
p-b / ʀ-ʀ / ˈoː-ˈəʊ̯ / d̥-d̥
{0: [0], 1: [1], 2: [2], 3: [3]}
{0: [0], 1: [1], 2: [2], 3: [3]}
SCORE: 26.691

-------------------

/pʀˈust/ - /bʀˈoʃt/
p-b / ʀ-ʀ / ˈu-ˈo / s-ʃ / t-t
{0: [0], 1: [1], 2: [2], 3: [3], 4: [4]}
{0: [0], 1: [1], 2: [2], 3: [3], 4: [4]}
SCORE: 27.98

-------------------

/pʀˈuːd̥æ̆/ - /bʀˈudɐ/
p-b / ʀ-ʀ / ˈuː-ˈu / d̥-d / æ̆-ɐ
{0: [0], 1: [1], 2: [2], 3: [3], 4: [4]}
{0: [0], 1: [1], 2: [2], 3: [3], 4: [4]}
SCORE: 31.939

-------------------

/pʰˈɑːd̥/ - /pʰˈaːd̥/
pʰ-pʰ / ˈɑː-ˈaː / d̥-d̥
{0: [0], 1: [1], 2: [2]}
{0: [0], 1: [1], 2: [2]}
SCORE: 20.062

-------------------

/svˈesd̥æ̆/ - /zˈəʃtɐ/
s-z / v-∅ / ˈe-ˈə / s-ʃ / d̥-t / æ̆-ɐ
{0: [0], 1: [1], 2: [2], 3: [3], 4: [4], 5: [5]}
{0: [0], 1: None, 2: [1], 3: [2], 4: [3], 5: [4]}
SCORE: 17.611

-------------------

/sˈalʣ̥/ - /zˈɑlʦ/
s-z / ˈa-ˈɑ / l-l / ʣ̥-ʦ
{0: [0], 1: [1], 2: [2], 3: [3]}
{0: [0], 1: [1], 2: [2], 3: [3]}
SCORE: 21.538

-------------------

/sˈau̯/ - /zˈæːʊ̯/
s-z / ˈau̯-ˈæːʊ̯
{0: [0], 1: [1]}
{0: [0], 1: [1]}
SCORE: 17.024

-------------------

/sˈau̯æ̆/ - /zˈɑʊ̯ɐ/
s-z / ˈau̯-ˈɑʊ̯ / æ̆-ɐ
{0: [0], 1: [1], 2: [2]}
{0: [0], 1: [1], 2: [2]}
SCORE: 21.996

-------------------

/sˈeː/ - /zˈɜɪ̯/
s-z / ˈeː-ˈɜɪ̯
{0: [0], 1: [1]}
{0: [0], 1: [1]}
SCORE: 15.315

-------------------

/sˈeːjə/ - /ɡəzˈin/
∅-ɡ / ∅-ə / s-z / ˈeː-ˈi / j-∅ / ə-n
{0: None, 1: None, 2: [0], 3: [1], 4: [2], 5: [3]}
{0: [0], 1: [1], 2: [2], 3: [3], 4: None, 5: [4]}
SCORE: 0.335

-------------------

/sˈeːl/ - /zˈɜɪ̯l/
s-z / ˈeː-ˈɜɪ̯ / l-l
{0: [0], 1: [1], 2: [2]}
{0: [0], 1: [1], 2: [2]}
SCORE: 20.091

-------------------

/sˈivə/ - /zˈiːvən/
s-z / ˈi-ˈiː / v-v / ə-ə_n
{0: [0], 1: [1], 2: [2], 3: [3]}
{0: [0], 1: [1], 2: [2], 3: [3, 4]}
SCORE: 21.068

-------------------

/sˈiŋə/ - /zˈɑŋən/
s-z / ˈi-ˈɑ / ŋ-ŋ / ə-ə_n
{0: [0], 1: [1], 2: [2], 3: [3]}
{0: [0], 1: [1], 2: [2], 3: [3, 4]}
SCORE: 24.368

-------------------

/sˈiʦə/ - /zˈəʦən/
s-z / ˈi-ˈə / ʦ-ʦ / ə-ə_n
{0: [0], 1: [1], 2: [2], 3: [3]}
{0: [0], 1: [1], 2: [2], 3: [3, 4]}
SCORE: 24.98

-------------------

/sˈiːs/ - /zˈɜɪ̯s/
s-z / ˈiː-ˈɜɪ̯ / s-s
{0: [0], 1: [1], 2: [2]}
{0: [0], 1: [1], 2: [2]}
SCORE: 19.595

-------------------

/sˈomæ̆/ - /zˈumɐ/
s-z / ˈo-∅ / m-ˈu_m / æ̆-ɐ
{0: [0], 1: [1], 2: [2], 3: [3]}
{0: [0], 1: None, 2: [1, 2], 3: [3]}
SCORE: 10.684

-------------------

/sˈuɣ̊ə/ - /zˈiɕən/
s-z / ∅-ˈi / ∅-ɕ / ˈu-∅ / ɣ̊-∅ / ə-ə_n
{0: [0], 1: None, 2: None, 3: [1], 4: [2], 5: [3]}
{0: [0], 1: [1], 2: [2], 3: None, 4: None, 5: [3, 4]}
SCORE: -6.309

-------------------

/sˈɑnd̥/ - /zˈɑnd̥/
s-z / ˈɑ-ˈɑ / n-n / d̥-d̥
{0: [0], 1: [1], 2: [2], 3: [3]}
{0: [0], 1: [1], 2: [2], 3: [3]}
SCORE: 22.622

-------------------

/sˈɑːɣ̊ə/ - /zˈoːən/
s-z / ˈɑː-ˈoː / ɣ̊-∅ / ə-ə_n
{0: [0], 1: [1], 2: [2], 3: [3]}
{0: [0], 1: [1], 2: None, 3: [2, 3]}
SCORE: 14.776

-------------------

/sˈɛks/ - /zˈɛks/
s-z / ˈɛ-ˈɛ / k-k / s-s
{0: [0], 1: [1], 2: [2], 3: [3]}
{0: [0], 1: [1], 2: [2], 3: [3]}
SCORE: 24.742

-------------------

/sˈɛlvæ̆/ - /zˈɛlvɐ/
s-z / ˈɛ-ˈɛ / l-l / v-v / æ̆-ɐ
{0: [0], 1: [1], 2: [2], 3: [3], 4: [4]}
{0: [0], 1: [1], 2: [2], 3: [3], 4: [4]}
SCORE: 29.036

-------------------

/tʀˈai̯/ - /dʀˈæːɪ̯/
t-d / ʀ-ʀ / ˈai̯-ˈæːɪ̯
{0: [0], 1: [1], 2: [2]}
{0: [0], 1: [1], 2: [2]}
SCORE: 21.148

-------------------

/tʀˈai̯və/ - /dʀˈɑɪ̯vən/
t-d / ʀ-ʀ / ∅-ˈɑɪ̯ / ˈai̯-∅ / v-v / ə-ə_n
{0: [0], 1: [1], 2: None, 3: [2], 4: [3], 5: [4]}
{0: [0], 1: [1], 2: [2], 3: None, 4: [3], 5: [4, 5]}
SCORE: 13.264

-------------------

/tʀˈai̯ʦɛː/ - /dʀˈæːɪ̯ʦeŋ/
t-d / ʀ-ʀ / ˈai̯-ˈæːɪ̯ / ʦ-ʦ / ɛː-e_ŋ
{0: [0], 1: [1], 2: [2], 3: [3], 4: [4]}
{0: [0], 1: [1], 2: [2], 3: [3], 4: [4, 5]}
SCORE: 33.219

-------------------

/tʀˈaːm/ - /dʀˈaːm/
t-d / ʀ-ʀ / ˈaː-ˈaː / m-m
{0: [0], 1: [1], 2: [2], 3: [3]}
{0: [0], 1: [1], 2: [2], 3: [3]}
SCORE: 24.465

-------------------

/tʀˈaːmə/ - /dʀˈeːmən/
t-d / ʀ-ʀ / ˈaː-ˈeː / m-m / ə-ə_n
{0: [0], 1: [1], 2: [2], 3: [3], 4: [4]}
{0: [0], 1: [1], 2: [2], 3: [3], 4: [4, 5]}
SCORE: 29.095

-------------------

/tʀˈiŋɡ̊ə/ - /dʀˈeŋkən/
t-d / ʀ-ʀ / ˈi-ˈe / ŋ-ŋ / ɡ̊-k / ə-ə_n
{0: [0], 1: [1], 2: [2], 3: [3], 4: [4], 5: [5]}
{0: [0], 1: [1], 2: [2], 3: [3], 4: [4], 5: [5, 6]}
SCORE: 32.769

-------------------

/tʀˈiɡ̊ə/ - /dʀˈekən/
t-d / ʀ-ʀ / ˈi-ˈe / ɡ̊-k / ə-ə_n
{0: [0], 1: [1], 2: [2], 3: [3], 4: [4]}
{0: [0], 1: [1], 2: [2], 3: [3], 4: [4, 5]}
SCORE: 26.085

-------------------

/tʀˈɛːnə/ - /tʰʀˈɜɪ̯n/
t-tʰ / ʀ-ʀ / ∅-ˈɜɪ̯ / ˈɛː-∅ / n-n / ə-∅
{0: [0], 1: [1], 2: None, 3: [2], 4: [3], 5: [4]}
{0: [0], 1: [1], 2: [2], 3: None, 4: [3], 5: None}
SCORE: 3.155

-------------------

/vˈai̯s/ - /vˈæːɪ̯s/
v-v / ˈai̯-ˈæːɪ̯ / s-s
{0: [0], 1: [1], 2: [2]}
{0: [0], 1: [1], 2: [2]}
SCORE: 21.534

-------------------

/vˈaz̥æ̆/ - /vˈaːsɐ/
v-v / ˈa-ˈaː / z̥-s / æ̆-ɐ
{0: [0], 1: [1], 2: [2], 3: [3]}
{0: [0], 1: [1], 2: [2], 3: [3]}
SCORE: 26.463

-------------------

/vˈaːʃ/ - /vˈeːɕ/
v-v / ˈaː-ˈeː / ʃ-ɕ
{0: [0], 1: [1], 2: [2]}
{0: [0], 1: [1], 2: [2]}
SCORE: 20.478

-------------------

/vˈil/ - /vˈəl/
v-v / ˈi-ˈə / l-l
{0: [0], 1: [1], 2: [2]}
{0: [0], 1: [1], 2: [2]}
SCORE: 19.887

-------------------

/vˈind̥/ - /vˈɑnd̥/
v-v / ˈi-ˈɑ / n-n / d̥-d̥
{0: [0], 1: [1], 2: [2], 3: [3]}
{0: [0], 1: [1], 2: [2], 3: [3]}
SCORE: 22.784

-------------------

/vˈind̥æ̆/ - /vˈɑntɐ/
v-v / ˈi-ˈɑ / n-n / d̥-t / æ̆-ɐ
{0: [0], 1: [1], 2: [2], 3: [3], 4: [4]}
{0: [0], 1: [1], 2: [2], 3: [3], 4: [4]}
SCORE: 26.21

-------------------

/vˈinʒ̊ə/ - /vˈənʃən/
v-v / ˈi-ˈə / n-n / ʒ̊-ʃ / ə-ə_n
{0: [0], 1: [1], 2: [2], 3: [3], 4: [4]}
{0: [0], 1: [1], 2: [2], 3: [3], 4: [4, 5]}
SCORE: 25.804

-------------------

/vˈiz̥ə/ - /vˈəsən/
v-v / ˈi-ˈə / z̥-s / ə-ə_n
{0: [0], 1: [1], 2: [2], 3: [3]}
{0: [0], 1: [1], 2: [2], 3: [3, 4]}
SCORE: 25.213

-------------------

/vˈol/ - /vˈol/
v-v / ˈo-ˈo / l-l
{0: [0], 1: [1], 2: [2]}
{0: [0], 1: [1], 2: [2]}
SCORE: 21.207

-------------------

/vˈolf/ - /vˈoləf/
v-v / ˈo-ˈo / l-l / f-ə_f
{0: [0], 1: [1], 2: [2], 3: [3]}
{0: [0], 1: [1], 2: [2], 3: [3, 4]}
SCORE: 21.845

-------------------

/vˈunæ̆/ - /vˈonɐ/
v-v / ˈu-ˈo / n_æ̆-n_ɐ
{0: [0], 1: [1], 2: [2, 3]}
{0: [0], 1: [1], 2: [2, 3]}
SCORE: 25.014

-------------------

/vˈɑs/ - /vˈaːt/
v-v / ˈɑ-ˈaː / s-t
{0: [0], 1: [1], 2: [2]}
{0: [0], 1: [1], 2: [2]}
SCORE: 15.608

-------------------

/vˈɑːm/ - /vˈaːm/
v-v / ˈɑː-ˈaː / m-m
{0: [0], 1: [1], 2: [2]}
{0: [0], 1: [1], 2: [2]}
SCORE: 19.766

-------------------

/vˈɑ̃i̯/ - /vˈæːɪ̯n/
v-v / ˈɑ̃i̯-ˈæːɪ̯_n
{0: [0], 1: [1]}
{0: [0], 1: [1, 2]}
SCORE: 12.509

-------------------

/vˈɔxə/ - /vˈoχ/
v-v / ∅-ˈo / ˈɔ-∅ / x-χ / ə-∅
{0: [0], 1: None, 2: [1], 3: [2], 4: [3]}
{0: [0], 1: [1], 2: None, 3: [2], 4: None}
SCORE: 2.054

-------------------

/vˈɔɐd̥/ - /vˈuːɐd̥/
v-v / ˈɔ-ˈuː / ɐ-ɐ / d̥-d̥
{0: [0], 1: [1], 2: [2], 3: [3]}
{0: [0], 1: [1], 2: [2], 3: [3]}
SCORE: 26.887

-------------------

/vˈɔɐm/ - /vˈuːɐm/
v-v / ˈɔ-ˈuː / ɐ-ɐ / m-m
{0: [0], 1: [1], 2: [2], 3: [3]}
{0: [0], 1: [1], 2: [2], 3: [3]}
SCORE: 27.963

-------------------

/vˈɔɐʦl̩/ - /vˈuːɐʦl̩/
v-v / ˈɔ-ˈuː / ɐ-ɐ / ʦ-ʦ / l-l
{0: [0], 1: [1], 2: [2], 3: [3], 4: [4]}
{0: [0], 1: [1], 2: [2], 3: [3], 4: [4]}
SCORE: 33.609

-------------------

/vˈɛd̥æ̆/ - /vˈiə̯dɐ/
v-v / ˈɛ-ˈiə̯ / d̥-d / æ̆-ɐ
{0: [0], 1: [1], 2: [2], 3: [3]}
{0: [0], 1: [1], 2: [2], 3: [3]}
SCORE: 25.66

-------------------

/vˈɛːʃ/ - /vˈeː/
v-v / ˈɛː-ˈeː / ʃ-∅
{0: [0], 1: [1], 2: [2]}
{0: [0], 1: [1], 2: None}
SCORE: 7.268

-------------------

/ɡ̊ˈast/ - /ɡˈaːʃt/
ɡ̊-ɡ / ˈa-ˈaː / s-ʃ / t-t
{0: [0], 1: [1], 2: [2], 3: [3]}
{0: [0], 1: [1], 2: [2], 3: [3]}
SCORE: 22.44

-------------------

/ɡ̊ˈaːs/ - /ɡˈeːs/
ɡ̊-ɡ / ˈaː-ˈeː / s-s
{0: [0], 1: [1], 2: [2]}
{0: [0], 1: [1], 2: [2]}
SCORE: 21.084

-------------------

/ɡ̊ˈold̥/ - /ɡˈold̥/
ɡ̊-ɡ / ˈo-ˈo / l-l / d̥-d̥
{0: [0], 1: [1], 2: [2], 3: [3]}
{0: [0], 1: [1], 2: [2], 3: [3]}
SCORE: 26.72

-------------------

/ɡ̊ˈot/ - /ɡˈod̥/
ɡ̊-ɡ / ˈo-ˈo / t-d̥
{0: [0], 1: [1], 2: [2]}
{0: [0], 1: [1], 2: [2]}
SCORE: 18.213

-------------------

/ɡ̊ˈuːd̥/ - /ɡˈud̥/
ɡ̊-ɡ / ˈuː-ˈu / d̥-d̥
{0: [0], 1: [1], 2: [2]}
{0: [0], 1: [1], 2: [2]}
SCORE: 22.207

-------------------

/ɡ̊ˈɑnʣ̥/ - /ɡˈænz̥/
ɡ̊-ɡ / ∅-ˈæ / ˈɑ_n-n / ʣ̥-z̥
{0: [0], 1: None, 2: [1, 2], 3: [3]}
{0: [0], 1: [1], 2: [2], 3: [3]}
SCORE: 8.205

-------------------

/ɡ̊ˈɑːn/ - /ɡˈaːʀ/
ɡ̊-ɡ / ˈɑː-ˈaː / n-ʀ
{0: [0], 1: [1], 2: [2]}
{0: [0], 1: [1], 2: [2]}
SCORE: 15.485

-------------------

/ɡ̊ˈɛvə/ - /ɡˈin/
ɡ̊-ɡ / ∅-ˈi / ˈɛ-∅ / v-∅ / ə-n
{0: [0], 1: None, 2: [1], 3: [2], 4: [3]}
{0: [0], 1: [1], 2: None, 3: None, 4: [2]}
SCORE: -2.271

-------------------

/ɡ̊ˈɛːl/ - /ɡˈiə̯l/
ɡ̊-ɡ / ∅-ˈiə̯ / ˈɛː-∅ / l-l
{0: [0], 1: None, 2: [1], 3: [2]}
{0: [0], 1: [1], 2: None, 3: [2]}
SCORE: 6.056

-------------------

/ɡ̊ˈɛ̃ː/ - /ɡˈoːən/
ɡ̊-ɡ / ˈɛ̃ː-ˈoː_ə / ∅-n
{0: [0], 1: [1], 2: None}
{0: [0], 1: [1, 2], 2: [3]}
SCORE: 10.938

-------------------

/ʀˈai̯ʃ/ - /ʀˈæːɪ̯ɕ/
ʀ-ʀ / ˈai̯-ˈæːɪ̯ / ʃ-ɕ
{0: [0], 1: [1], 2: [2]}
{0: [0], 1: [1], 2: [2]}
SCORE: 21.838

-------------------

/ʀˈaːx/ - /ʀˈaːχ/
ʀ-ʀ / ˈaː-ˈaː / x-χ
{0: [0], 1: [1], 2: [2]}
{0: [0], 1: [1], 2: [2]}
SCORE: 21.567

-------------------

/ʀˈiŋ/ - /ʀˈɑŋɡ̊/
ʀ-ʀ / ˈi-ˈɑ / ŋ-ŋ / ∅-ɡ̊
{0: [0], 1: [1], 2: [2], 3: None}
{0: [0], 1: [1], 2: [2], 3: [3]}
SCORE: 16.019

-------------------

/ʀˈiɡ̊ə/ - /ʀˈek/
ʀ-ʀ / ˈi-ˈe / ɡ̊-k / ə-∅
{0: [0], 1: [1], 2: [2], 3: [3]}
{0: [0], 1: [1], 2: [2], 3: None}
SCORE: 13.497

-------------------

/ʀˈoːd̥/ - /ʀˈəʊ̯d̥/
ʀ-ʀ / ˈoː-ˈəʊ̯ / d̥-d̥
{0: [0], 1: [1], 2: [2]}
{0: [0], 1: [1], 2: [2]}
SCORE: 20.797

-------------------

/ʀˈɛʃt/ - /ʀˈiːɕt/
ʀ-ʀ / ˈɛ-∅ / ʃ-ˈiː_ɕ / t-t
{0: [0], 1: [1], 2: [2], 3: [3]}
{0: [0], 1: None, 2: [1, 2], 3: [3]}
SCORE: 11.202

-------------------

/ʀˈɛːʒ̊ə/ - /ʀˈeːn/
ʀ-ʀ / ˈɛː-ˈeː / ʒ̊-∅ / ə-n
{0: [0], 1: [1], 2: [2], 3: [3]}
{0: [0], 1: [1], 2: None, 3: [2]}
SCORE: 8.704

-------------------

/ʃd̥ˈãː/ - /ʃtˈeːn/
ʃ_d̥-ʃ_t / ˈãː-ˈeː_n
{0: [0, 1], 1: [2]}
{0: [0, 1], 1: [2, 3]}
SCORE: 18.166

-------------------

/ʃd̥ˈuːl/ - /ʃtˈul/
ʃ_d̥-ʃ_t / ˈuː-ˈu / l-l
{0: [0, 1], 1: [2], 2: [3]}
{0: [0, 1], 1: [2], 2: [3]}
SCORE: 25.002

-------------------

/ʃd̥ˈæɐn/ - /ʃtˈɛːɐ/
ʃ_d̥-ʃ_t / ˈæ-ˈɛː / ɐ-ɐ / n-∅
{0: [0, 1], 1: [2], 2: [3], 3: [4]}
{0: [0, 1], 1: [2], 2: [3], 3: None}
SCORE: 21.494

-------------------

/ʃlˈɑːv̥ə/ - /ʃlˈoːfən/
ʃ-ʃ / l-l / ˈɑː-ˈoː / v̥-f_ə / ə-n
{0: [0], 1: [1], 2: [2], 3: [3], 4: [4]}
{0: [0], 1: [1], 2: [2], 3: [3, 4], 4: [5]}
SCORE: 30.023

-------------------

/ʃnˈeː/ - /ʃnˈɜɪ̯/
ʃ-ʃ / n-n / ˈeː-ˈɜɪ̯
{0: [0], 1: [1], 2: [2]}
{0: [0], 1: [1], 2: [2]}
SCORE: 19.071

-------------------

/ʃvˈimə/ - /ʃwˈɑmən/
ʃ-ʃ / v-w / ˈi-ˈɑ / m-m / ə-ə_n
{0: [0], 1: [1], 2: [2], 3: [3], 4: [4]}
{0: [0], 1: [1], 2: [2], 3: [3], 4: [4, 5]}
SCORE: 25.707

-------------------

/ʃvˈɑʦ/ - /ʃwˈaːʦ/
ʃ-ʃ / v-w / ˈɑ-ˈaː / ʦ-ʦ
{0: [0], 1: [1], 2: [2], 3: [3]}
{0: [0], 1: [1], 2: [2], 3: [3]}
SCORE: 23.139

-------------------

/ʃˈẽː/ - /ʃˈɜɪ̯n/
ʃ-ʃ / ˈẽː-ˈɜɪ̯_n
{0: [0], 1: [1]}
{0: [0], 1: [1, 2]}
SCORE: 11.324

-------------------

/ʃˈif/ - /ʃˈəf/
ʃ-ʃ / ˈi-ˈə / f-f
{0: [0], 1: [1], 2: [2]}
{0: [0], 1: [1], 2: [2]}
SCORE: 19.914

-------------------

/ʃˈild̥/ - /ʃˈəld̥/
ʃ-ʃ / ˈi-ˈə / l-l / d̥-d̥
{0: [0], 1: [1], 2: [2], 3: [3]}
{0: [0], 1: [1], 2: [2], 3: [3]}
SCORE: 24.066

-------------------

/ʃˈiːʒ̊ə/ - /ʃˈɜɪ̯sən/
ʃ-ʃ / ˈiː-ˈɜɪ̯ / ∅-s / ʒ̊-∅ / ə-ə_n
{0: [0], 1: [1], 2: None, 3: [2], 4: [3]}
{0: [0], 1: [1], 2: [2], 3: None, 4: [3, 4]}
SCORE: 8.858

-------------------

/ʃˈuː/ - /ʃˈoŋ/
ʃ-ʃ / ∅-ˈo / ∅-ŋ / ˈuː-∅
{0: [0], 1: None, 2: None, 3: [1]}
{0: [0], 1: [1], 2: [2], 3: None}
SCORE: -5.055

-------------------

/ʃˈɑf/ - /ʃˈaːf/
ʃ-ʃ / ˈɑ-ˈaː / f-f
{0: [0], 1: [1], 2: [2]}
{0: [0], 1: [1], 2: [2]}
SCORE: 19.372

-------------------

/ʃˈɑːf/ - /ʃˈoːf/
ʃ-ʃ / ˈɑː-ˈoː / f-f
{0: [0], 1: [1], 2: [2]}
{0: [0], 1: [1], 2: [2]}
SCORE: 21.245

-------------------

/ʒ̊pʀˈɑːx/ - /ʃpʀˈoːχ/
ʒ̊-ʃ / p-p / ʀ-ʀ / ˈɑː-ˈoː / x-χ
{0: [0], 1: [1], 2: [2], 3: [3], 4: [4]}
{0: [0], 1: [1], 2: [2], 3: [3], 4: [4]}
SCORE: 30.448

-------------------

/ʦvˈansiʃ/ - /ʦwˈɑnʦəɕ/
ʦ-ʦ / v-w / ˈa-ˈɑ / n-n / s-∅ / i-ʦ_ə / ʃ-ɕ
{0: [0], 1: [1], 2: [2], 3: [3], 4: [4], 5: [5], 6: [6]}
{0: [0], 1: [1], 2: [2], 3: [3], 4: None, 5: [4, 5], 6: [6]}
SCORE: 23.754

-------------------

/ʦvˈaː/ - /ʦwˈeː/
ʦ-ʦ / v-w / ˈaː-ˈeː
{0: [0], 1: [1], 2: [2]}
{0: [0], 1: [1], 2: [2]}
SCORE: 19.504

-------------------

/ʦvˈelf/ - /ʦwˈiə̯ləf/
ʦ-ʦ / v-w / ∅-ˈiə̯ / ˈe-∅ / l-l / f-ə_f
{0: [0], 1: [1], 2: None, 3: [2], 4: [3], 5: [4]}
{0: [0], 1: [1], 2: [2], 3: None, 4: [3], 5: [4, 5]}
SCORE: 9.418

-------------------

/ʦˈãː/ - /ʦˈɑnd̥/
ʦ-ʦ / ∅-ˈɑ / ˈãː-n / ∅-d̥
{0: [0], 1: None, 2: [1], 3: None}
{0: [0], 1: [1], 2: [2], 3: [3]}
SCORE: 4.17

-------------------

/ʦˈẽː/ - /ʦˈɜɪ̯f/
ʦ-ʦ / ˈẽː-ˈɜɪ̯_f
{0: [0], 1: [1]}
{0: [0], 1: [1, 2]}
SCORE: 13.275

-------------------

/ʦˈuŋ/ - /ʦˈɔŋ/
ʦ-ʦ / ˈu-ˈɔ / ŋ-ŋ
{0: [0], 1: [1], 2: [2]}
{0: [0], 1: [1], 2: [2]}
SCORE: 24.913

-------------------

/ʦˈɛː/ - /ʦˈeŋ/
ʦ-ʦ / ∅-ˈe / ∅-ŋ / ˈɛː-∅
{0: [0], 1: None, 2: None, 3: [1]}
{0: [0], 1: [1], 2: [2], 3: None}
SCORE: -3.444

-------------------

/ˈab̥l̩/ - /ˈaːpəl/
ˈa-ˈaː / ∅-p / ∅-ə / b̥-∅ / l-l
{0: [0], 1: None, 2: None, 3: [1], 4: [2]}
{0: [0], 1: [1], 2: [2], 3: None, 4: [3]}
SCORE: -0.511

-------------------

/ˈaf/ - /ˈaːf/
ˈa-ˈaː / f-f
{0: [0], 1: [1]}
{0: [0], 1: [1]}
SCORE: 14.926

-------------------

/ˈai̯s/ - /ˈæːɪ̯z̥/
ˈai̯-ˈæːɪ̯ / s-z̥
{0: [0], 1: [1]}
{0: [0], 1: [1]}
SCORE: 16.839

-------------------

/ˈal/ - /ˈɑl/
ˈa-ˈɑ / l-l
{0: [0], 1: [1]}
{0: [0], 1: [1]}
SCORE: 14.268

-------------------

/ˈaːl/ - /ˈaːl/
ˈaː-ˈaː / l-l
{0: [0], 1: [1]}
{0: [0], 1: [1]}
SCORE: 14.325

-------------------

/ˈaːx/ - /ˈaː/
ˈaː-ˈaː / x-∅
{0: [0], 1: [1]}
{0: [0], 1: None}
SCORE: 4.548

-------------------

/ˈek/ - /ˈɛk/
ˈe-ˈɛ / k-k
{0: [0], 1: [1]}
{0: [0], 1: [1]}
SCORE: 15.935

-------------------

/ˈin/ - /ˈɑn/
ˈi-ˈɑ / n-n
{0: [0], 1: [1]}
{0: [0], 1: [1]}
SCORE: 12.861

-------------------

/ˈivæ̆/ - /ˈivɐ/
ˈi-ˈi / v-v / æ̆-ɐ
{0: [0], 1: [1], 2: [2]}
{0: [0], 1: [1], 2: [2]}
SCORE: 17.619

-------------------

/ˈiʃ/ - /ˈəɕ/
ˈi-ˈə / ʃ-ɕ
{0: [0], 1: [1]}
{0: [0], 1: [1]}
SCORE: 14.399

-------------------

/ˈoi̯l/ - /ˈɑɪ̯l/
ˈoi̯-ˈɑɪ̯ / l-l
{0: [0], 1: [1]}
{0: [0], 1: [1]}
SCORE: 16.722

-------------------

/ˈoːvə/ - /ˈuə̯vən/
∅-ˈuə̯ / ˈoː-∅ / v-v / ə-ə_n
{0: None, 1: [0], 2: [1], 3: [2]}
{0: [0], 1: None, 2: [1], 3: [2, 3]}
SCORE: 4.012

-------------------

/ˈoːɐ/ - /ˈəʊ̯ɐ/
ˈoː-ˈəʊ̯ / ɐ-ɐ
{0: [0], 1: [1]}
{0: [0], 1: [1]}
SCORE: 15.623

-------------------

/ˈuf/ - /ˈop/
ˈu-ˈo / ∅-p / f-∅
{0: [0], 1: None, 2: [1]}
{0: [0], 1: [1], 2: None}
SCORE: 0.295

-------------------

/ˈuns/ - /ˈɑɪ̯z̥/
∅-ˈɑɪ̯ / ˈu-∅ / n-∅ / s-z̥
{0: None, 1: [0], 2: [1], 3: [2]}
{0: [0], 1: None, 2: None, 3: [1]}
SCORE: -5.035

-------------------

/ˈunæ̆/ - /ˈənɐ/
ˈu-∅ / n-ˈə_n / æ̆-ɐ
{0: [0], 1: [1], 2: [2]}
{0: None, 1: [0, 1], 2: [2]}
SCORE: 4.853

-------------------

/ˈæːɐd̥/ - /ˈɛːɐd̥/
∅-ˈɛː / ˈæː-∅ / ɐ-ɐ / d̥-d̥
{0: None, 1: [0], 2: [1], 3: [2]}
{0: [0], 1: None, 2: [1], 3: [2]}
SCORE: 4.346

-------------------

/ˈɑnæ̆/ - /ˈaːnɐ/
ˈɑ-ˈaː / n_æ̆-n_ɐ
{0: [0], 1: [1, 2]}
{0: [0], 1: [1, 2]}
SCORE: 18.618

-------------------

/ˈɑxt/ - /ˈaːχt/
ˈɑ-ˈaː / x-χ / t-t
{0: [0], 1: [1], 2: [2]}
{0: [0], 1: [1], 2: [2]}
SCORE: 21.333

-------------------

/ˈɑːl/ - /ˈɜɪ̯l/
∅-ˈɜɪ̯ / ˈɑː-∅ / l-l
{0: None, 1: [0], 2: [1]}
{0: [0], 1: None, 2: [1]}
SCORE: -0.202

-------------------

/ˈɑːm/ - /ˈaːm/
ˈɑː-ˈaː / m-m
{0: [0], 1: [1]}
{0: [0], 1: [1]}
SCORE: 14.432

-------------------

/ˈɛlf/ - /ˈeːləf/
<#_ˈɛ-<# / ∅-ˈeː / l-l / f-ə_f
{0: [0], 1: None, 2: [1], 3: [2]}
{0: None, 1: [0], 2: [1], 3: [2, 3]}
SCORE: 2.161

-------------------

/ˈɛz̥ə/ - /ˈiə̯sən/
ˈɛ-ˈiə̯ / z̥-s / ə-ə_n
{0: [0], 1: [1], 2: [2]}
{0: [0], 1: [1], 2: [2, 3]}
SCORE: 21.065

-------------------

/ˈɛʃ/ - /ˈæʃ/
ˈɛ-ˈæ / ʃ-ʃ
{0: [0], 1: [1]}
{0: [0], 1: [1]}
SCORE: 12.242
