/anˈɛl/ - /anˈɛw/
[1/1] <#_a-<#_a / n-n / ˈɛ-ˈɛ / l_#>-w_#>

-------------------

/awsˈɛl/ - /ɔwsˈɛw/
[1/1] a-ɔ / w-w / s_ˈɛ-s_ˈɛ / l_#>-w_#>

-------------------

/awɾˈeʎɔ/ - /awɾˈejɔ/
[1/1] <#_a-<#_a / w_ɾ-w_ɾ / ˈe-ˈe / ʎ_ɔ-j_ɔ

-------------------

/aɲˈɛl/ - /aɲˈɛw/
[1/1] <#_a-<#_a / ɲ-ɲ / ˈɛ-ˈɛ / l_#>-w_#>

-------------------

/aɾˈaɲɔ/ - /aɾˈaɲɔ/
[1/1] <#_a-<#_a / ɾ_ˈa-ɾ_ˈa / ɲ-ɲ / ɔ-ɔ_#>

-------------------

/aʤyðˈa/ - /aʤydˈa/
[1/1] <#_a-<#_a / ʤ-ʤ / y-y / ð-d / ˈa_#>-ˈa_#>

-------------------

/aβˈeʎɔ/ - /abˈejɔ/
[1/1] <#_a-<#_a / β-b / ˈe-ˈe / ʎ_ɔ-j_ɔ

-------------------

/benˈi/ - /venˈi/
[1/1] <#_b-<#_v / e-e / n-n / ˈi_#>-ˈi_#>

-------------------

/beðˈɛl/ - /vedˈɛw/
[1/1] <#_b-<#_v / e-e / ð-d / ˈɛ-ˈɛ / l_#>-w_#>

-------------------

/bilˈa/ - /vilˈãŋ/
[1/1] <#_b-<#_v / i-i / l-l / ˈa-ˈã_ŋ

-------------------

/biˈaʤe/ - /viˈaʤe/
[1/1] <#_b-<#_v / i-i / ˈa-ˈa / ʤ-ʤ / e_#>-e_#>

-------------------

/bjˈɛl/ - /vjˈɛj/
[1/1] <#_b-<#_v / j-j / ˈɛ-ˈɛ / l-j

-------------------

/blˈaŋk/ - /blˈãŋk/
[1/1] <#_b-<#_b / l-l / ˈa-ˈã_ŋ / ŋ-∅ / k_#>-k_#>

-------------------

/bulˈa/ - /vulˈa/
[1/1] <#_b-<#_v / u-u / l-l / ˈa_#>-ˈa_#>

-------------------

/buzˈawtɾes/ - /vuzˈawtɾe/
[1/1] <#_b-<#_v / u-u / z-z / ˈa_w-ˈa_w / t_ɾ-t_ɾ / e-e_#> / s-∅

-------------------

/buzˈawtɾes/ - /vˈawtɾe/
[1/1] <#_b-<#_v / u-∅ / z-∅ / ˈa_w-ˈa_w / t_ɾ-t_ɾ / e-e_#> / s-∅

-------------------

/bɥˈɔw/ - /bɥˈɔw/
[1/1] <#_b-<#_b / ɥ-ɥ / ˈɔ_w-ˈɔ_w

-------------------

/bɾylːˈa/ - /bɾylːˈa/
[1/1] <#_b-<#_b / ɾ-ɾ / y-y / lː-lː / ˈa_#>-ˈa_#>

-------------------

/bˈakɔ/ - /vˈakɔ/
[1/1] <#_b-<#_v / ˈa-ˈa / k_ɔ-k_ɔ

-------------------

/bˈas/ - /bˈa/
[1/1] <#_b-<#_b / ˈa-ˈa / s-∅

-------------------

/bˈaɲ/ - /bˈãɲ/
[1/1] <#_b-<#_b / ˈa-ˈã / ɲ-ɲ_#>

-------------------

/bˈe/ - /bˈẽŋ/
[1/1] <#_b-<#_b / ˈe-ˈẽ_ŋ

-------------------

/bˈejɾe/ - /vˈejɾe/
[1/1] <#_b-<#_v / ˈe-ˈe / j-j / ɾ-ɾ / e_#>-e_#>

-------------------

/bˈewɾe/ - /bˈewɾe/
[1/1] <#_b-<#_b / ˈe-ˈe / w_ɾ-w_ɾ / e_#>-e_#>

-------------------

/bˈeʀt/ - /vˈeʀ/
[1/1] <#_b-<#_v / ˈe-ˈe / ʀ-ʀ / t_#>-#>

-------------------

/bˈi/ - /vˈĩŋ/
[1/1] <#_b-<#_v / ˈi-ˈĩ_ŋ

-------------------

/bˈilɔ/ - /vˈilɔ/
[1/1] <#_b-<#_v / ˈi-ˈi / l-l / ɔ-ɔ_#>

-------------------

/bˈin/ - /vˈĩŋ/
[1/1] <#_b-<#_v / ˈi-ˈĩ / n_#>-ŋ_#>

-------------------

/bˈiðɔ/ - /vˈidɔ/
[1/1] <#_b-<#_v / ˈi-ˈi / ð-d / ɔ-ɔ_#>

-------------------

/bˈiɔ/ - /vˈiɔ/
[1/1] <#_b-<#_v / ˈi-ˈi / ɔ-ɔ_#>

-------------------

/bˈu/ - /bwˈẽŋ/
[1/1] <#_b-<#_b / ˈu-w_ˈẽ / ∅-ŋ

-------------------

/bˈukɔ/ - /bˈukɔ/
[1/1] <#_b-<#_b / ˈu-ˈu / k_ɔ-k_ɔ

-------------------

/bˈunɔ/ - /bwˈenɔ/
[1/1] <#_b-<#_b / ∅-w / ˈu-ˈe / n_ɔ-n_ɔ

-------------------

/bˈuʦ/ - /vˈus/
[1/1] <#_b-<#_v / ˈu-ˈu / ʦ_#>-s_#>

-------------------

/bˈɛl/ - /bˈɛw/
[1/1] <#_b-<#_b / ˈɛ-ˈɛ / l_#>-w_#>

-------------------

/bˈɛlɔ/ - /bˈɛlɔ/
[1/1] <#_b-<#_b / ˈɛ-ˈɛ / l-l / ɔ-ɔ_#>

-------------------

/bˈɛn/ - /vˈẽŋ/
[1/1] <#_b-<#_v / ˈɛ-ˈẽ / n_#>-ŋ_#>

-------------------

/bˈɛni/ - /vˈɛni/
[1/1] <#_b-<#_v / ˈɛ-ˈɛ / n-n / i-i

-------------------

/bˈɛntɾe/ - /vˈẽŋtɾe/
[1/1] <#_b-<#_v / ˈɛ_n-ˈẽ_ŋ / t_ɾ-t_ɾ / e_#>-e_#>

-------------------

/bˈɛʀm/ - /vˈɛʀme/
[1/1] <#_b-<#_v / ˈɛ-ˈɛ / ʀ-ʀ / m-m_e

-------------------

/djˈew/ - /djˈew/
[1/1] <#_d-<#_d / j-j / ˈe-ˈe / w_#>-w_#>

-------------------

/duʀmˈi/ - /duʀmˈi/
[1/1] <#_d-<#_d / u-u / ʀ-ʀ / m-m / ˈi_#>-ˈi_#>

-------------------

/dɾaɣˈu/ - /dɾaɡˈũŋ/
[1/1] <#_d-<#_d / ɾ-ɾ / a-a / ɣ-ɡ / ˈu_#>-ˈũ_ŋ

-------------------

/dɾˈak/ - /dɾˈak/
[1/1] <#_d-<#_d / ɾ_ˈa-ɾ_ˈa / k_#>-k_#>

-------------------

/dˈet/ - /dˈe/
[1/1] <#_d-<#_d / ˈe-ˈe / t_#>-#>

-------------------

/dˈiɾe/ - /dˈiɾe/
[1/1] <#_d-<#_d / ˈi-ˈi / ɾ-ɾ / e_#>-e_#>

-------------------

/dˈu/ - /dˈũŋ/
[1/1] <#_d-<#_d / ˈu_#>-ˈũ_ŋ

-------------------

/dˈudze/ - /dˈudze/
[1/1] <#_d-<#_d / ˈu-ˈu / d-d / z-z / e_#>-e_#>

-------------------

/dˈus/ - /dˈus/
[2/2] <#_d-<#_d / ˈu-ˈu / s_#>-s_#>

-------------------

/dˈuɔs/ - /dˈuɔs/
[1/1] <#_d-<#_d / ˈu_ɔ-ˈu_ɔ / s_#>-s_#>

-------------------

/dˈɔnɔ/ - /dwˈenɔ/
[1/1] <#_d-<#_d / ˈɔ-w_ˈe / n_ɔ-n_ɔ

-------------------

/dˈɛn/ - /dˈẽŋ/
[1/1] <#_d-<#_d / ˈɛ-ˈẽ / n_#>-ŋ_#>

-------------------

/dˈɛʦ/ - /dˈɛs/
[1/1] <#_d-<#_d / ˈɛ-ˈɛ / ʦ_#>-s_#>

-------------------

/embunˈil/ - /ẽmbuʀˈiɡul/
[1/1] e-ẽ / m_b-m_b / u-u / n-ʀ / ˈi-ˈi / ∅-ɡ / ∅-u / l_#>-l_#>

-------------------

/eskutˈa/ - /eskutˈa/
[1/1] <#_e-<#_e / s_k-s_k / u-u / t-t / ˈa_#>-ˈa_#>

-------------------

/eskɾˈiwɾe/ - /eskɾˈiwɾe/
[1/1] <#_e-<#_e / s_k-s_k / ɾ-ɾ / ˈi-ˈi / w_ɾ-w_ɾ / e_#>-e_#>

-------------------

/espˈazɔ/ - /espˈazɔ/
[1/1] <#_e-<#_e / s_p-s_p / ˈa-ˈa / z-z / ɔ-ɔ_#>

-------------------

/espˈaɲɔ/ - /espˈaɲɔ/
[1/1] <#_e-<#_e / s_p-s_p / ˈa-ˈa / ɲ-ɲ / ɔ-ɔ_#>

-------------------

/espˈinɔ/ - /espˈinɔ/
[1/1] <#_e-<#_e / s_p-s_p / ˈi-ˈi / n_ɔ-n_ɔ

-------------------

/espˈiɣɔ/ - /espˈiɡɔ/
[1/1] <#_e-<#_e / s_p-s_p / ˈi-ˈi / ɣ-ɡ / ɔ-ɔ_#>

-------------------

/estˈat/ - /estˈa/
[1/1] <#_e-<#_e / s_t-s_t / ˈa-ˈa / t_#>-#>

-------------------

/estˈelɔ/ - /estˈɛlɔ/
[1/1] <#_e-<#_e / s_t-s_t / ˈe-ˈɛ / l-l / ɔ-ɔ_#>

-------------------

/eɣˈal/ - /eɡˈaw/
[1/1] <#_e-<#_e / ɣ-ɡ / ˈa-ˈa / l_#>-w_#>

-------------------

/faɾˈinɔ/ - /faɾˈinɔ/
[1/1] <#_f-<#_f / a-a / ɾ-ɾ / ˈi-ˈi / n_ɔ-n_ɔ

-------------------

/flˈambɔ/ - /flˈamɔ/
[1/1] <#_f-<#_f / l_ˈa-l_ˈa / m-m / b-∅ / ɔ-ɔ_#>

-------------------

/flˈu/ - /flˈu/
[1/1] <#_f-<#_f / l-l / ˈu_#>-ˈu_#>

-------------------

/fɥˈɔk/ - /fɥˈɔk/
[1/1] <#_f-<#_f / ɥ-ɥ / ˈɔ-ˈɔ / k_#>-k_#>

-------------------

/fɥˈɛʎɔ/ - /fɥˈejɔ/
[1/1] <#_f-<#_f / ɥ_ˈɛ-ɥ_ˈe / ʎ_ɔ-j_ɔ

-------------------

/fɾˈajɾe/ - /fɾˈajɾe/
[1/1] <#_f-<#_f / ɾ_ˈa-ɾ_ˈa / j-j / ɾ-ɾ / e_#>-e_#>

-------------------

/fɾˈet/ - /fɾˈe/
[1/1] <#_f-<#_f / ɾ-ɾ / ˈe-ˈe / t_#>-#>

-------------------

/fɾˈyʧ/ - /fɾˈyʧ/
[1/1] <#_f-<#_f / ɾ-ɾ / ˈy-ˈy / ʧ_#>-ʧ_#>

-------------------

/fˈajɾe/ - /fˈajɾe/
[1/1] <#_f-<#_f / ˈa-ˈa / j-j / ɾ-ɾ / e_#>-e_#>

-------------------

/fˈals/ - /fˈaw/
[1/1] <#_f-<#_f / ˈa_l-ˈa_w / s-∅

-------------------

/fˈam/ - /fˈãm/
[1/1] <#_f-<#_f / ˈa_m-ˈã_m

-------------------

/fˈaðɔ/ - /fˈadɔ/
[1/1] <#_f-<#_f / ˈa-ˈa / ð-d / ɔ-ɔ_#>

-------------------

/fˈenːɔ/ - /fˈẽŋnɔ/
[1/1] <#_f-<#_f / ˈe-ˈẽ_ŋ / nː-n / ɔ-ɔ_#>

-------------------

/fˈeʤe/ - /fˈeʤe/
[1/1] <#_f-<#_f / ˈe-ˈe / ʤ-ʤ / e_#>-e_#>

-------------------

/fˈi/ - /fˈĩŋ/
[1/1] <#_f-<#_f / ˈi-ˈĩ_ŋ

-------------------

/fˈil/ - /fjˈew/
[1/1] <#_f-<#_f / ∅-j / ˈi-ˈe / l_#>-w_#>

-------------------

/fˈil/ - /fˈiw/
[1/1] <#_f-<#_f / ˈi-ˈi / l_#>-w_#>

-------------------

/fˈiʎɔ/ - /fˈijɔ/
[1/1] <#_f-<#_f / ˈi-ˈi / ʎ_ɔ-j_ɔ

-------------------

/fˈym/ - /fˈỹm/
[1/1] <#_f-<#_f / ˈy-ˈỹ / m-m_#>

-------------------

/fˈɔʀt/ - /fwˈeʀ/
[1/1] <#_f-<#_f / ˈɔ-w_ˈe / ʀ-ʀ / t_#>-#>

-------------------

/fˈɛstɔ/ - /fˈɛstɔ/
[1/1] <#_f-<#_f / ˈɛ-ˈɛ / s_t-s_t / ɔ-ɔ_#>

-------------------

/fˈɛʀe/ - /fˈɛʀe/
[1/1] <#_f-<#_f / ˈɛ-ˈɛ / ʀ-ʀ / e_#>-e_#>

-------------------

/iβˈɛʀ/ - /ivˈɛʀ/
[1/1] i-i / β-v / ˈɛ-ˈɛ / ʀ-ʀ_#>

-------------------

/kambjˈa/ - /kãmbjˈa/
[1/1] <#_k-<#_k / a-ã / m_b-m_b / j-j / ˈa_#>-ˈa_#>

-------------------

/kantˈa/ - /kãŋtˈa/
[1/1] <#_k-<#_k / a_n-ã_ŋ / t-t / ˈa_#>-ˈa_#>

-------------------

/kastˈɛl/ - /kastˈɛw/
[1/1] <#_k-<#_k / a-a / s_t-s_t / ˈɛ-ˈɛ / l_#>-w_#>

-------------------

/kasˈa/ - /kasˈa/
[1/1] <#_k-<#_k / a-a / s-s / ˈa_#>-ˈa_#>

-------------------

/kaðˈenɔ/ - /kadˈenɔ/
[1/1] <#_k-<#_k / a-a / ð-d / ˈe-ˈe / n_ɔ-n_ɔ

-------------------

/kaβˈal/ - /kavˈaw/
[1/1] <#_k-<#_k / a-a / β-v / ˈa-ˈa / l_#>-w_#>

-------------------

/kaβˈɛl/ - /kabˈɛw/
[1/1] <#_k-<#_k / a-a / β-b / ˈɛ-ˈɛ / l_#>-w_#>

-------------------

/klamˈa/ - /klamˈa/
[1/1] <#_k-<#_k / l_a-l_a / m-m / ˈa_#>-ˈa_#>

-------------------

/klˈaw/ - /klˈaw/
[1/1] <#_k-<#_k / l_ˈa-l_ˈa / w_#>-w_#>

-------------------

/kulˈu/ - /kulˈu/
[1/1] <#_k-<#_k / u-u / l-l / ˈu_#>-ˈu_#>

-------------------

/kunˈejse/ - /kunˈujse/
[1/1] <#_k-<#_k / u-u / n-n / ˈe-ˈu / j-j / s-s / e_#>-e_#>

-------------------

/kɥˈul/ - /kɥˈuw/
[1/1] <#_k-<#_k / ɥ-ɥ / ˈu-ˈu / l_#>-w_#>

-------------------

/kɥˈɛjsɔ/ - /kɥˈejsɔ/
[1/1] <#_k-<#_k / ɥ_ˈɛ-ɥ_ˈe / j-j / s-s / ɔ-ɔ_#>

-------------------

/kɾˈejʀe/ - /kɾˈɛjʀe/
[1/1] <#_k-<#_k / ɾ-ɾ / ˈe-ˈɛ / j-j / ʀ-ʀ / e_#>-e_#>

-------------------

/kɾˈuʦ/ - /kɾˈus/
[1/1] <#_k-<#_k / ɾ-ɾ / ˈu-ˈu / ʦ_#>-s_#>

-------------------

/kˈa/ - /kˈãŋ/
[1/1] <#_k-<#_k / ˈa-ˈã_ŋ

-------------------

/kˈambɾɔ/ - /kˈãmbɾɔ/
[1/1] <#_k-<#_k / ˈa_m-ˈã_m / b-b / ɾ_ɔ-ɾ_ɔ

-------------------

/kˈan/ - /kˈãŋ/
[1/1] <#_k-<#_k / ˈa-ˈã / n_#>-ŋ_#>

-------------------

/kˈap/ - /kˈaw/
[1/1] <#_k-<#_k / ˈa-ˈa / ∅-w / p_#>-#>

-------------------

/kˈawt/ - /kˈaw/
[1/1] <#_k-<#_k / ˈa_w-ˈa_w / t_#>-#>

-------------------

/kˈawzɔ/ - /kˈawzɔ/
[1/1] <#_k-<#_k / ˈa_w-ˈa_w / z-z / ɔ-ɔ_#>

-------------------

/kˈaʀ/ - /kˈaʀ/
[2/2] <#_k-<#_k / ˈa-ˈa / ʀ-ʀ_#>

-------------------

/kˈaβɾɔ/ - /kˈabɾɔ/
[1/1] <#_k-<#_k / ˈa-ˈa / β-b / ɾ_ɔ-ɾ_ɔ

-------------------

/kˈuɔ/ - /kˈuɔ/
[1/1] <#_k-<#_k / ˈu-ˈu / ɔ-ɔ_#>

-------------------

/kˈuʀt/ - /kˈuʀ/
[1/1] <#_k-<#_k / ˈu-ˈu / ʀ-ʀ / t_#>-#>

-------------------

/kˈɔl/ - /kwˈel/
[1/1] <#_k-<#_k / ˈɔ-w_ˈe / l_#>-l_#>

-------------------

/kˈɔs/ - /kwˈes/
[1/1] <#_k-<#_k / ˈɔ-w_ˈe / s_#>-s_#>

-------------------

/kˈɔstɔ/ - /kwˈestɔ/
[1/1] <#_k-<#_k / ˈɔ-w_ˈe / s_t-s_t / ɔ-ɔ_#>

-------------------

/kˈɔʀ/ - /kwˈeʀ/
[1/1] <#_k-<#_k / ˈɔ-w_ˈe / ʀ-ʀ_#>

-------------------

/kˈɔʀ/ - /kwˈeʀnɔ/
[1/1] <#_k-<#_k / ˈɔ-w_ˈe / ʀ-ʀ / ∅-n / ∅-ɔ

-------------------

/ljˈɛʧ/ - /ljˈeʧ/
[1/1] <#_l-<#_l / j-j / ˈɛ-ˈe / ʧ_#>-ʧ_#>

-------------------

/lɥˈɔk/ - /lwˈek/
[1/1] <#_l-<#_l / ɥ-∅ / ˈɔ-w_ˈe / k_#>-k_#>

-------------------

/lˈak/ - /lˈak/
[1/1] <#_l-<#_l / ˈa-ˈa / k_#>-k_#>

-------------------

/lˈanɔ/ - /lˈanɔ/
[1/1] <#_l-<#_l / ˈa-ˈa / n_ɔ-n_ɔ

-------------------

/lˈaʧ/ - /lˈaʧ/
[1/1] <#_l-<#_l / ˈa-ˈa / ʧ_#>-ʧ_#>

-------------------

/lˈej/ - /lˈɛj/
[1/1] <#_l-<#_l / ˈe-ˈɛ / j-j

-------------------

/lˈetɾɔ/ - /lˈetɾɔ/
[1/1] <#_l-<#_l / ˈe-ˈe / t-t / ɾ_ɔ-ɾ_ɔ

-------------------

/lˈeŋɡɔ/ - /lˈẽŋɡɔ/
[1/1] <#_l-<#_l / ˈe-ˈẽ / ŋ_ɡ-ŋ_ɡ / ɔ-ɔ_#>

-------------------

/lˈup/ - /lˈu/
[1/1] <#_l-<#_l / ˈu-ˈu / p_#>-#>

-------------------

/lˈuŋk/ - /lwˈẽŋk/
[1/1] <#_l-<#_l / ˈu-w_ˈẽ / ŋ-ŋ / k_#>-k_#>

-------------------

/lˈym/ - /lˈyme/
[1/1] <#_l-<#_l / ˈy-ˈy / m-m_e

-------------------

/lˈynɔ/ - /lˈynɔ/
[1/1] <#_l-<#_l / ˈy-ˈy / n_ɔ-n_ɔ

-------------------

/lˈyʦ/ - /lˈys/
[1/1] <#_l-<#_l / ˈy-ˈy / ʦ_#>-s_#>

-------------------

/manʤˈa/ - /mãŋʤˈa/
[1/1] <#_m-<#_m / a_n-ã_ŋ / ʤ-ʤ / ˈa_#>-ˈa_#>

-------------------

/meʎˈu/ - /mejˈu/
[1/1] <#_m-<#_m / e-e / ʎ-j / ˈu_#>-ˈu_#>

-------------------

/mˈa/ - /mˈa/
[1/1] <#_m-<#_m / ˈa_#>-ˈa_#>

-------------------

/mˈa/ - /mˈãŋ/
[1/1] <#_m-<#_m / ˈa-ˈã_ŋ

-------------------

/mˈajɾe/ - /mˈajɾe/
[1/1] <#_m-<#_m / ˈa-ˈa / j-j / ɾ-ɾ / e_#>-e_#>

-------------------

/nuzˈawtɾes/ - /nuzˈawtɾe/
[1/1] <#_n-<#_n / u-u / z-z / ˈa_w-ˈa_w / t_ɾ-t_ɾ / e-e_#> / s-∅

-------------------

/nuzˈawtɾes/ - /nˈawtɾe/
[1/1] <#_n-<#_n / u-∅ / z-∅ / ˈa_w-ˈa_w / t_ɾ-t_ɾ / e-e_#> / s-∅

-------------------

/nɥˈɛʧ/ - /nɥˈeʧ/
[1/1] <#_n-<#_n / ɥ_ˈɛ-ɥ_ˈe / ʧ_#>-ʧ_#>

-------------------

/nˈeɣɾe/ - /nˈeɡɾe/
[1/1] <#_n-<#_n / ˈe-ˈe / ɣ-ɡ / ɾ-ɾ / e_#>-e_#>

-------------------

/nˈum/ - /nˈũm/
[1/1] <#_n-<#_n / ˈu-ˈũ / m-m_#>

-------------------

/nˈɔstɾe/ - /nwˈestɾe/
[1/1] <#_n-<#_n / ˈɔ-w_ˈe / s_t-s_t / ɾ-ɾ / e_#>-e_#>

-------------------

/nˈɔw/ - /nwˈew/
[2/2] <#_n-<#_n / ˈɔ-w_ˈe / w_#>-w_#>

-------------------

/palˈaʦ/ - /palˈaj/
[1/1] <#_p-<#_p / a-a / l_ˈa-l_ˈa / ʦ-j

-------------------

/paɾˈawlɔ/ - /paɾˈawlɔ/
[1/1] <#_p-<#_p / a-a / ɾ_ˈa-ɾ_ˈa / w-w / l-l / ɔ-ɔ_#>

-------------------

/pezˈul/ - /pezˈuj/
[1/1] <#_p-<#_p / e-e / z-z / ˈu_l-ˈu_j

-------------------

/peʀsˈɛk/ - /peʀsˈɛɡe/
[1/1] <#_p-<#_p / e-e / ʀ-ʀ / s_ˈɛ-s_ˈɛ / ∅-ɡ / k-e

-------------------

/piʧˈu/ - /piʧˈũŋ/
[1/1] <#_p-<#_p / i-i / ʧ-ʧ / ˈu_#>-ˈũ_ŋ

-------------------

/pluɾˈa/ - /pluɾˈa/
[1/1] <#_p-<#_p / l-l / u-u / ɾ-ɾ / ˈa_#>-ˈa_#>

-------------------

/plɥˈɛʤɔ/ - /plɥˈeʤɔ/
[1/1] <#_p-<#_p / l-l / ɥ_ˈɛ-ɥ_ˈe / ʤ-ʤ / ɔ-ɔ_#>

-------------------

/plˈaɣɔ/ - /plˈaɡɔ/
[1/1] <#_p-<#_p / l_ˈa-l_ˈa / ɣ-ɡ / ɔ-ɔ_#>

-------------------

/plˈaɲe/ - /plˈaɲe/
[1/1] <#_p-<#_p / l_ˈa-l_ˈa / ɲ-ɲ / e_#>-e_#>

-------------------

/plˈe/ - /plˈẽŋ/
[1/1] <#_p-<#_p / l-l / ˈe-ˈẽ_ŋ

-------------------

/plˈymɔ/ - /plˈymɔ/
[1/1] <#_p-<#_p / l-l / ˈy-ˈy / m_ɔ-m_ɔ

-------------------

/pˈa/ - /pˈãŋ/
[1/1] <#_p-<#_p / ˈa-ˈã_ŋ

-------------------

/pˈajɾe/ - /pˈajɾe/
[1/1] <#_p-<#_p / ˈa-ˈa / j-j / ɾ-ɾ / e_#>-e_#>

-------------------

/pˈawk/ - /pˈawk/
[1/1] <#_p-<#_p / ˈa_w-ˈa_w / k_#>-k_#>

-------------------

/pˈawɾe/ - /pˈawɾe/
[1/1] <#_p-<#_p / ˈa-ˈa / w_ɾ-w_ɾ / e_#>-e_#>

-------------------

/pˈaʦ/ - /pˈas/
[1/1] <#_p-<#_p / ˈa-ˈa / ʦ_#>-s_#>

-------------------

/pˈejs/ - /pˈejs/
[1/1] <#_p-<#_p / ˈe-ˈe / j-j / s_#>-s_#>

-------------------

/pˈel/ - /pˈew/
[1/1] <#_p-<#_p / ˈe-ˈe / l_#>-w_#>

-------------------

/pˈɛ/ - /pˈɛ/
[1/1] <#_p-<#_p / ˈɛ-ˈɛ

-------------------

/pˈɛjɾɔ/ - /pˈɛjɾɔ/
[1/1] <#_p-<#_p / ˈɛ-ˈɛ / j-j / ɾ_ɔ-ɾ_ɔ

-------------------

/pˈɛl/ - /pˈɛw/
[1/1] <#_p-<#_p / ˈɛ-ˈɛ / l_#>-w_#>

-------------------

/semːˈanɔ/ - /semːˈanɔ/
[1/1] <#_s-<#_s / e-e / mː-mː / ˈa-ˈa / n_ɔ-n_ɔ

-------------------

/seɣˈy/ - /seɡˈy/
[1/1] <#_s-<#_s / e-e / ɣ-ɡ / ˈy_#>-ˈy_#>

-------------------

/seɾjˈɛɾɔ/ - /seɾjˈejzɔ/
[1/1] <#_s-<#_s / e-e / ɾ-ɾ / j-j / ˈɛ-ˈe / ∅-j / ɾ-z / ɔ-ɔ_#>

-------------------

/seʀkˈa/ - /seʀkˈa/
[1/1] <#_s-<#_s / e-e / ʀ-ʀ / k-k / ˈa_#>-ˈa_#>

-------------------

/siwtˈat/ - /siwtˈa/
[1/1] <#_s-<#_s / i-i / w-w / t_ˈa-t_ˈa / t_#>-#>

-------------------

/sjˈɛjs/ - /sjˈɛj/
[1/1] <#_s-<#_s / j-j / ˈɛ-ˈɛ / j-j / s-∅

-------------------

/sulˈɛl/ - /sulˈew/
[1/1] <#_s-<#_s / u-u / l-l / ˈɛ-ˈe / l_#>-w_#>

-------------------

/sˈek/ - /sˈek/
[1/1] <#_s-<#_s / ˈe-ˈe / k_#>-k_#>

-------------------

/sˈekɔ/ - /sˈekɔ/
[1/1] <#_s-<#_s / ˈe-ˈe / k_ɔ-k_ɔ

-------------------

/sˈeðɔ/ - /sˈedɔ/
[1/1] <#_s-<#_s / ˈe-ˈe / ð-d / ɔ-ɔ_#>

-------------------

/sˈeɾɔ/ - /sjˈeɾɔ/
[1/1] <#_s-<#_s / ∅-j / ˈe-ˈe / ɾ_ɔ-ɾ_ɔ

-------------------

/sˈeʀ/ - /sˈeʀɔ/
[1/1] <#_s-<#_s / ˈe-ˈe / ʀ-ʀ / ∅-ɔ

-------------------

/sˈimɔ/ - /sˈimɔ/
[1/1] <#_s-<#_s / ˈi-ˈi / m_ɔ-m_ɔ

-------------------

/sˈul/ - /sulˈew/
[1/1] <#_s-<#_s / ∅-u / ∅-l / ˈu-ˈe / l_#>-w_#>

-------------------

/sˈyβɾe/ - /sˈybɾe/
[1/1] <#_s-<#_s / ˈy-ˈy / β-b / ɾ-ɾ / e_#>-e_#>

-------------------

/sˈɛl/ - /sˈɛw/
[1/1] <#_s-<#_s / ˈɛ-ˈɛ / l_#>-w_#>

-------------------

/sˈɛn/ - /sˈẽŋ/
[1/1] <#_s-<#_s / ˈɛ-ˈẽ / n_#>-ŋ_#>

-------------------

/sˈɛndɾe/ - /sˈẽŋdɾe/
[1/1] <#_s-<#_s / ˈɛ_n-ˈẽ_ŋ / d_ɾ-d_ɾ / e_#>-e_#>

-------------------

/sˈɛt/ - /sˈɛt/
[1/1] <#_s-<#_s / ˈɛ-ˈɛ / t-t

-------------------

/tusˈi/ - /tysˈi/
[1/1] <#_t-<#_t / u-y / s-s / ˈi_#>-ˈi_#>

-------------------

/tɥˈa/ - /tɥˈa/
[1/1] <#_t-<#_t / ɥ-ɥ / ˈa_#>-ˈa_#>

-------------------

/tɾˈes/ - /tɾˈe/
[1/1] <#_t-<#_t / ɾ-ɾ / ˈe-ˈe / s-∅

-------------------

/tˈawʀ/ - /tˈawʀ/
[1/1] <#_t-<#_t / ˈa_w-ˈa_w / ʀ-ʀ_#>

-------------------

/tˈy/ - /tˈy/
[1/1] <#_t-<#_t / ˈy_#>-ˈy_#>

-------------------

/tˈɛms/ - /tˈẽm/
[1/1] <#_t-<#_t / ˈɛ-ˈẽ / m-m_#> / s-∅

-------------------

/tˈɛstɔ/ - /tˈɛstɔ/
[1/1] <#_t-<#_t / ˈɛ-ˈɛ / s_t-s_t / ɔ-ɔ_#>

-------------------

/tˈɛʀɔ/ - /tˈɛʀɔ/
[1/1] <#_t-<#_t / ˈɛ-ˈɛ / ʀ-ʀ / ɔ-ɔ_#>

-------------------

/ɡlasˈa/ - /ɡlasˈa/
[1/1] <#_ɡ-<#_ɡ / l_a-l_a / s-s / ˈa_#>-ˈa_#>

-------------------

/ɡɾˈa/ - /ɡɾˈãŋ/
[2/2] <#_ɡ-<#_ɡ / ɾ-ɾ / ˈa-ˈã_ŋ

-------------------

/ɡɾˈɔs/ - /ɡɾwˈes/
[1/1] <#_ɡ-<#_ɡ / ɾ-ɾ / ˈɔ-w_ˈe / s_#>-s_#>

-------------------

/ɡˈawk/ - /ɡˈaw/
[1/1] <#_ɡ-<#_ɡ / ˈa_w-ˈa_w / k-∅

-------------------

/ɡˈulɔ/ - /ɡˈulɔ/
[1/1] <#_ɡ-<#_ɡ / ˈu-ˈu / l-l / ɔ-ɔ_#>

-------------------

/ɡˈutɔ/ - /ɡˈutɔ/
[1/1] <#_ɡ-<#_ɡ / ˈu-ˈu / t-t / ɔ-ɔ_#>

-------------------

/ɥˈɔw/ - /ɥˈɔw/
[1/1] <#_ɥ-<#_ɥ / ˈɔ_w-ˈɔ_w

-------------------

/ɥˈɛl/ - /ɥˈej/
[1/1] <#_ɥ-<#_ɥ / ˈɛ_l-ˈe_j

-------------------

/ɥˈɛls/ - /ɥˈej/
[1/1] <#_ɥ-<#_ɥ / ˈɛ_l-ˈe_j / s-∅

-------------------

/ɥˈɛʧ/ - /ɥˈeʧ/
[1/1] <#_ɥ-<#_ɥ / ˈɛ-ˈe / ʧ_#>-ʧ_#>

-------------------

/ʀasˈinɔ/ - /ʀasˈinɔ/
[1/1] <#_ʀ-<#_ʀ / a-a / s-s / ˈi-ˈi / n_ɔ-n_ɔ

-------------------

/ʀaˈis/ - /ʀaˈis/
[1/1] <#_ʀ-<#_ʀ / a-a / ˈi-ˈi / s_#>-s_#>

-------------------

/ʤelˈa/ - /ʤelˈa/
[1/1] <#_ʤ-<#_ʤ / e-e / l-l / ˈa_#>-ˈa_#>

-------------------

/ʤenˈiβɔ/ - /ʤẽŋʤˈivɔ/
[1/1] <#_ʤ-<#_ʤ / e-ẽ / ∅-ŋ / n-ʤ / ˈi-ˈi / β-v / ɔ-ɔ_#>

-------------------

/ʤenˈul/ - /ʤinˈuj/
[1/1] <#_ʤ-<#_ʤ / e-i / n-n / ˈu_l-ˈu_j

-------------------

/ʤˈuʀ/ - /ʤˈuʀ/
[1/1] <#_ʤ-<#_ʤ / ˈu-ˈu / ʀ-ʀ_#>

-------------------

/ʤˈuβe/ - /ʤˈuve/
[1/1] <#_ʤ-<#_ʤ / ˈu-ˈu / β-v / e_#>-e_#>

-------------------

/ʤˈyn/ - /ʤˈũŋʧ/
[1/1] <#_ʤ-<#_ʤ / ˈy-ˈũ / ∅-ŋ / n-ʧ

-------------------

/ʤˈyɲ/ - /ʤˈỹɲ/
[1/1] <#_ʤ-<#_ʤ / ˈy-ˈỹ / ɲ-ɲ_#>

-------------------

/ʤˈyʤe/ - /ʤˈyʤe/
[1/1] <#_ʤ-<#_ʤ / ˈy-ˈy / ʤ-ʤ / e_#>-e_#>

-------------------

/ʤˈɔk/ - /ʤwˈek/
[1/1] <#_ʤ-<#_ʤ / ˈɔ-w_ˈe / k_#>-k_#>

-------------------

/ʤˈɛn/ - /ʤˈẽŋ/
[1/1] <#_ʤ-<#_ʤ / ˈɛ-ˈẽ / n_#>-ŋ_#>

-------------------

/ʤˈɛndɾe/ - /ʤˈẽŋdɾe/
[1/1] <#_ʤ-<#_ʤ / ˈɛ_n-ˈẽ_ŋ / d_ɾ-d_ɾ / e_#>-e_#>

-------------------

/ˈajɣɔ/ - /ˈajɡɔ/
[1/1] <#_ˈa-<#_ˈa / j-j / ɣ-ɡ / ɔ-ɔ_#>

-------------------

/ˈan/ - /ˈãŋ/
[1/1] <#_ˈa-<#_ˈã / n_#>-ŋ_#>

-------------------

/ˈanmɔ/ - /ˈaʀmɔ/
[1/1] <#_ˈa-<#_ˈa / n-ʀ / m_ɔ-m_ɔ

-------------------

/ˈanʤel/ - /ˈãŋʤew/
[1/1] <#_ˈa-<#_ˈã / n_ʤ-ŋ_ʤ / e-e / l_#>-w_#>

-------------------

/ˈawkɔ/ - /ˈawkɔ/
[1/1] <#_ˈa-<#_ˈa / w-w / k_ɔ-k_ɔ

-------------------

/ˈawtɾe/ - /ˈawtɾe/
[1/1] <#_ˈa-<#_ˈa / w-w / t_ɾ-t_ɾ / e_#>-e_#>

-------------------

/ˈawʀ/ - /wˈeʀ/
[1/1] ˈa-<# / w-w / ∅-ˈe / ʀ-ʀ_#>

-------------------

/ˈawβɔ/ - /ˈawbɔ/
[1/1] <#_ˈa-<#_ˈa / w-w / β-b / ɔ-ɔ_#>

-------------------

/ˈaɾβe/ - /ˈawbɾe/
[1/1] <#_ˈa-<#_ˈa / ɾ-w / β-b / ∅-ɾ / e_#>-e_#>

-------------------

/ˈelɔ/ - /ˈelɔ/
[1/1] ˈe-ˈe / l-l / ɔ-ɔ_#>

-------------------

/ˈuʀs/ - /ˈuʀ/
[1/1] ˈu-ˈu / ʀ-ʀ_#> / s-∅

-------------------

/ˈyn/ - /ˈỹŋ/
[1/1] ˈy-ˈỹ / n_#>-ŋ_#>

-------------------

/ˈyŋɡlɔ/ - /ˈũŋɡlɔ/
[1/1] ˈy-ˈũ / ŋ_ɡ-ŋ_ɡ / l-l / ɔ-ɔ_#>

-------------------

/ˈɔme/ - /wˈeme/
[1/1] ˈɔ-w_ˈe / m-m / e_#>-e_#>

-------------------

/ˈɔs/ - /wˈes/
[1/1] ˈɔ-w_ˈe / s_#>-s_#>

-------------------

/ˈɔβɾɔ/ - /wˈeβɾɔ/
[1/1] ˈɔ-w_ˈe / β-β / ɾ_ɔ-ɾ_ɔ

-------------------

/ˈɛʀβɔ/ - /ˈɛʀbɔ/
[1/1] ˈɛ-ˈɛ / ʀ-ʀ / β-b / ɔ-ɔ_#>

-------------------

