/b̥lˈad̥l̩/ - /blˈat/
[4/4] b̥-b / l-l / ˈa-ˈa / d̥-t / l-∅

-------------------

/b̥lˈeɐ̯mə/ - /blˈoːm/
[5/5] b̥-b / l-l / ˈeɐ̯-ˈoː / m-m / ə-∅

-------------------

/b̥lˈuɐ̯d̥/ - /blˈoːt/
[5/5] b̥-b / l-l / ˈuɐ̯-ˈoː / d̥-t

-------------------

/b̥lˈuɐ̯d̥n̩/ - /blˈoːdə/
[4/4] b̥-b / l-l / ˈuɐ̯-ˈoː / d̥-d / n-ə

-------------------

/b̥rˈoɐ̯t/ - /bʀˈuːt/
[5/5] b̥-b / r-ʀ / ˈoɐ̯-ˈuː / t-t

-------------------

/b̥rˈust/ - /bʀˈos/
[5/5] b̥-b / r-ʀ / ˈu-ˈo / s-s / t-∅

-------------------

/b̥rˈuɐ̯d̥a/ - /bʀˈoːdɐ/
[4/4] b̥-b / r-ʀ / ˈuɐ̯-ˈoː / d̥-d / a-ɐ

-------------------

/b̥rˈuɡ̊/ - /bʀˈœk/
[5/5] b̥-b / r-ʀ / ˈu-ˈœ / ɡ̊-k

-------------------

/b̥ˈaːm/ - /bˈoːm/
[2/2] b̥-b / ˈaː-ˈoː / m-m

-------------------

/b̥ˈeɐ̯nə/ - /bˈiːn/
[5/5] b̥-b / ˈeɐ̯-ˈiː / n-n / ə-∅

-------------------

/b̥ˈeːɐ/ - /bˈeːɐ/
[1/1] b̥-b / ˈeː-ˈeː / ɐ-ɐ

-------------------

/b̥ˈid̥n̩/ - /bˈɛdə/
[4/4] b̥-b / ˈi-ˈɛ / d̥-d / n-ə

-------------------

/b̥ˈind̥n̩/ - /bˈɪŋə/
[2/3] b̥-b / ˈi-ˈɪ / n-ŋ / d̥_n-ə
[1/3] b̥-b / ˈi-ˈɪ / n-ŋ / d̥-∅ / n-ə

-------------------

/b̥ˈiːd̥n̩/ - /bˈeːdə/
[3/3] b̥-b / ˈiː-ˈeː / d̥-d / n-ə

-------------------

/b̥ˈoɐ̯/ - /bˈeːn/
[4/4] b̥-b / ˈoɐ̯-ˈeː / ∅-n

-------------------

/b̥ˈoɐ̯sn̩/ - /bˈiːsə/
[4/4] b̥-b / ˈoɐ̯-ˈiː / s-s / n-ə

-------------------

/b̥ˈuɐ̯x/ - /bˈoːx/
[2/2] b̥-b / ˈuɐ̯-ˈoː / x-x

-------------------

/b̥ˈɒːd̥/ - /bˈat/
[4/4] b̥-b / ˈɒː-ˈa / d̥-t

-------------------

/b̥ˈɛsa/ - /bˈɛsɐ/
[4/4] b̥-b / ˈɛ-ˈɛ / s-s / a-ɐ

-------------------

/b̥ˈɛɐ/ - /bˈɛːɐ/
[3/3] b̥-b / ˈɛ-ˈɛː / ɐ-ɐ

-------------------

/b̥ˈɛɐɡ̊/ - /bˈɛːɐɕ/
[5/5] b̥-b / ˈɛ-ˈɛː / ɐ-ɐ / ɡ̊-ɕ

-------------------

/d̥rˈai̯/ - /dʀˈeɪ̯/
[4/4] d̥-d / r-ʀ / ˈai̯-ˈeɪ̯

-------------------

/d̥rˈai̯b̥n̩/ - /dʀˈiːvə/
[3/3] d̥-d / r-ʀ / ˈai̯-ˈiː / b̥-v / n-ə

-------------------

/d̥rˈai̯ʦeɐ̯/ - /dʀˈøːʦeŋ/
[4/4] d̥-d / r-ʀ / ˈai̯-ˈøː / ʦ-ʦ / eɐ̯-e / ∅-ŋ

-------------------

/d̥rˈaːm/ - /dʀˈoːm/
[5/5] d̥-d / r-ʀ / ˈaː-ˈoː / m-m

-------------------

/d̥rˈiŋa/ - /dʀˈeŋkə/
[3/3] d̥-d / r-ʀ / ˈi-ˈe / ŋ-ŋ / ∅-k / a-ə

-------------------

/d̥rˈukn̩/ - /dʀˈœkə/
[3/3] d̥-d / r-ʀ / ˈu-ˈœ / k-k / n-ə

-------------------

/d̥rˈɛːnə/ - /tʀˈoːn/
[4/4] d̥-t / r-ʀ / ˈɛː-ˈoː / n-n / ə-∅

-------------------

/d̥ˈai̯a/ - /dˈyːɐ/
[2/2] d̥-d / ˈai̯-ˈyː / a-ɐ

-------------------

/d̥ˈai̯a/ - /dˈøːɐ/
[3/3] d̥-d / ˈai̯-ˈøː / a-ɐ

-------------------

/d̥ˈai̯tʃ/ - /dˈʏtʃ/
[4/4] d̥-d / ˈai̯-ˈʏ / t-t / ʃ-ʃ

-------------------

/d̥ˈaŋkn̩/ - /dˈaŋkə/
[4/4] d̥-d / ˈa-ˈa / ŋ-ŋ / k-k / n-ə

-------------------

/d̥ˈeb̥/ - /dˈeːf/
[3/3] d̥-d / ˈe-ˈeː / b̥-f

-------------------

/d̥ˈiɐ̯f/ - /dˈeːf/
[2/2] d̥-d / ˈiɐ̯-ˈeː / f-f

-------------------

/d̥ˈonɐ/ - /dˈonɐ/
[2/2] d̥-d / ˈo-ˈo / n-n / ɐ-ɐ

-------------------

/d̥ˈorn/ - /dˈoːn/
[3/4] d̥-d / ˈo-∅ / r-ˈoː / n-n
[1/4] d̥-d / ˈo-ˈoː / r-∅ / n-n

-------------------

/d̥ˈou̯d̥/ - /dˈuːt/
[1/1] d̥-d / ˈou̯-ˈuː / d̥-t

-------------------

/d̥ˈoːɡ̊/ - /dˈaːx/
[5/5] d̥-d / ˈoː-ˈaː / ɡ̊-x

-------------------

/d̥ˈu/ - /dˈoː/
[3/3] d̥-d / ˈu-ˈoː

-------------------

/d̥ˈuɐ̯ʃt/ - /dˈoːʃ/
[4/4] d̥-d / ˈuɐ̯-ˈoː / ʃ-ʃ / t-∅

-------------------

/d̥ˈʏn/ - /dˈœn/
[5/5] d̥-d / ˈʏ-ˈœ / n-n

-------------------

/flˈai̯ʃ/ - /flˈeːʃ/
[4/4] f-f / l-l / ˈai̯-ˈeː / ʃ-ʃ

-------------------

/flˈiɐ̯ŋn̩/ - /flˈeːjə/
[4/4] f-f / l-l / ˈiɐ̯-ˈeː / ŋ-j / n-ə

-------------------

/flˈujɡ̊/ - /flˈeːɕ/
[5/5] f-f / l-l / ˈu-ˈeː / j-∅ / ɡ̊-ɕ

-------------------

/frˈai̯/ - /fʀˈeɪ̯/
[5/5] f-f / r-ʀ / ˈai̯-ˈeɪ̯

-------------------

/frˈai̯nd̥/ - /fʀˈœŋk/
[4/4] f-f / r-ʀ / ˈai̯-ˈœ / n-ŋ / d̥-k

-------------------

/frˈau̯/ - /fʀˈaʊ̯/
[4/4] f-f / r-ʀ / ˈau̯-ˈaʊ̯

-------------------

/frˈiːrn̩/ - /fʀˈeːʀə/
[4/4] f-f / r-ʀ / ˈiː-ˈeː / r-ʀ / n-ə

-------------------

/fˈai̯a/ - /fˈyːɐ/
[5/5] f-f / ˈai̯-ˈyː / a-ɐ

-------------------

/fˈeːd̥a/ - /fˈɛdɐ/
[5/5] f-f / ˈeː-ˈɛ / d̥-d / a-ɐ

-------------------

/fˈimf/ - /fˈœnəf/
[3/4] f-f / ˈi-ˈœ / m-n / f-ə_f
[1/4] f-f / ˈi-ˈœ / m-∅ / ∅-n / f-ə_f

-------------------

/fˈind̥n̩/ - /fˈeŋə/
[2/4] f-f / ˈi-ˈe / n-ŋ / d̥_n-ə
[2/4] f-f / ˈi-ˈe / n-ŋ / d̥-∅ / n-ə

-------------------

/fˈiŋa/ - /fˈɪŋɐ/
[5/5] f-f / ˈi-ˈɪ / ŋ-ŋ / a-ɐ

-------------------

/fˈiɐ/ - /fˈiːɐ/
[4/4] f-f / ˈi-ˈiː / ɐ-ɐ

-------------------

/fˈiɐ/ - /fˈyːɐ/
[3/3] f-f / ˈi-ˈyː / ɐ-ɐ

-------------------

/fˈiɐ̯s/ - /fˈøːs/
[3/3] f-f / ˈiɐ̯-ˈøː / s-s

-------------------

/fˈiːʃ/ - /fˈeʃ/
[4/4] f-f / ˈiː-ˈe / ʃ-ʃ

-------------------

/fˈojk/ - /fˈɔlk/
[5/5] f-f / ˈo-ˈɔ / j-l / k-k

-------------------

/fˈojɡ̊n̩/ - /fˈɔlɣə/
[5/5] f-f / ˈo-ˈɔ / j-l / ɡ̊-ɣ / n-ə

-------------------

/fˈoːd̥a/ - /fˈaːdɐ/
[3/3] f-f / ˈoː-ˈaː / d̥-d / a-ɐ

-------------------

/fˈoːɡ̊l̩/ - /fˈoʊ̯əl/
[5/5] f-f / ˈoː-ˈoʊ̯ / ɡ̊-∅ / ∅-ə / l-l

-------------------

/fˈujn/ - /fˈøːlə/
[3/3] f-f / ˈu-ˈøː / j-l / n-ə

-------------------

/fˈuks/ - /fˈus/
[3/3] f-f / ˈu-ˈu / k-∅ / s-s

-------------------

/fˈuɐ̯s/ - /fˈoːs/
[2/2] f-f / ˈuɐ̯-ˈoː / s-s

-------------------

/hˈai̯liɡ̊/ - /hˈɛləɕ/
[4/4] h-h / ˈai̯-ˈɛ / l-l / i-ə / ɡ̊-ɕ

-------------------

/hˈau̯d̥/ - /hˈuːt/
[4/4] h-h / ˈau̯-ˈuː / d̥-t

-------------------

/hˈau̯s/ - /hˈuːs/
[5/5] h-h / ˈau̯-ˈuː / s-s

-------------------

/hˈaːpt/ - /hˈaʊ̯p/
[3/3] h-h / ˈaː-ˈaʊ̯ / p-p / t-∅

-------------------

/hˈeɐn/ - /hˈyːʀə/
[2/5] h-h / ˈe-∅ / ɐ-ˈyː / ∅-ʀ / n-ə
[2/5] h-h / ˈe-ˈyː / ɐ-∅ / ∅-ʀ / n-ə
[1/5] h-h / ˈe-ˈyː / ɐ-ʀ / n-ə

-------------------

/hˈeɐʦ/ - /hˈɛʦ/
[3/3] h-h / ˈe-ˈɛ / ɐ-∅ / ʦ-ʦ

-------------------

/hˈiɐ/ - /hˈeː/
[4/4] h-h / ˈi-∅ / ɐ-ˈeː

-------------------

/hˈojb̥/ - /hˈalf/
[4/4] h-h / ˈo-ˈa / j-l / b̥-f

-------------------

/hˈojfn̩/ - /hˈɛlfə/
[4/4] h-h / ˈo-ˈɛ / j-l / f-f / n-ə

-------------------

/hˈou̯x/ - /hˈuː/
[4/4] h-h / ˈou̯-ˈuː / x-∅

-------------------

/hˈoɐ̯/ - /hˈoːɐ/
[4/5] h-h / ∅-ˈoː / ˈoɐ̯-ɐ
[1/5] h-h / ˈoɐ̯-ˈoː / ∅-ɐ

-------------------

/hˈoɐ̯n/ - /hˈɔɐn/
[5/5] h-h / ∅-ˈɔ / ˈoɐ̯-ɐ / n-n

-------------------

/hˈoɐ̯s/ - /hˈeːs/
[5/5] h-h / ˈoɐ̯-ˈeː / s-s

-------------------

/hˈoːm/ - /hˈan/
[3/4] h-h / ˈoː-ˈa / m-n
[1/4] h-h / ˈoː-ˈa / m-∅ / ∅-n

-------------------

/hˈoːs/ - /hˈaːs/
[5/5] h-h / ˈoː-ˈaː / s-s

-------------------

/hˈund̥/ - /hˈoŋk/
[4/4] h-h / ˈu-ˈo / n-ŋ / d̥-k

-------------------

/hˈɔnd̥/ - /hˈaŋk/
[3/3] h-h / ˈɔ-ˈa / n-ŋ / d̥-k

-------------------

/hˈɛŋ/ - /hˈunəɕ/
[5/5] h-h / ˈɛ-ˈu / ŋ-n / ∅-ə / ∅-ɕ

-------------------

/jˈuŋɡ̊/ - /jˈoŋk/
[3/3] j-j / ˈu-ˈo / ŋ-ŋ / ɡ̊-k

-------------------

/jˈɒːɐ/ - /jˈoːɐ/
[4/4] j-j / ˈɒː-ˈoː / ɐ-ɐ

-------------------

/kʰnˈiɐ̯/ - /knˈeː/
[5/5] kʰ-k / n-n / ˈiɐ̯-ˈeː

-------------------

/kʰˈajb̥ə/ - /kˈalf/
[3/3] kʰ-k / ˈa-ˈa / j-l / b̥-f / ə-∅

-------------------

/kʰˈind̥/ - /kˈeŋk/
[4/4] kʰ-k / ˈi-ˈe / n-ŋ / d̥-k

-------------------

/kʰˈini/ - /kˈʏnɪŋ/
[3/3] kʰ-k / ˈi-ˈʏ / n-n / i-ɪ / ∅-ŋ

-------------------

/kʰˈiɐç/ - /kˈiːɐɕ/
[4/4] kʰ-k / ˈi-ˈiː / ɐ-ɐ / ç-ɕ

-------------------

/kʰˈoid̥/ - /kˈalt/
[4/4] kʰ-k / ˈo-ˈa / i-l / d̥-t

-------------------

/kʰˈoma/ - /kˈumə/
[5/5] kʰ-k / ˈo-ˈu / m-m / a-ə

-------------------

/kʰˈoɐ̯n/ - /kˈoːn/
[5/5] kʰ-k / ˈoɐ̯-ˈoː / n-n

-------------------

/kʰˈoʦ/ - /kˈaʦ/
[4/4] kʰ-k / ˈo-ˈa / ʦ-ʦ

-------------------

/kʰˈuɐ̯/ - /kˈoː/
[3/3] kʰ-k / ˈuɐ̯-ˈoː

-------------------

/kʰˈɑːs/ - /kˈiːs/
[4/4] kʰ-k / ˈɑː-ˈiː / s-s

-------------------

/kʰˈɔp͡f/ - /kˈɔp/
[5/5] kʰ-k / ˈɔ-ˈɔ / p͡f-p

-------------------

/lˈafa/ - /lˈaʊ̯fə/
[3/3] l-l / ˈa-ˈaʊ̯ / f-f / a-ə

-------------------

/lˈau̯s/ - /lˈuːs/
[3/3] l-l / ˈau̯-ˈuː / s-s

-------------------

/lˈaːb̥/ - /lˈaʊ̯f/
[3/3] l-l / ˈaː-ˈaʊ̯ / b̥-f

-------------------

/lˈeːb̥a/ - /lˈɛvɐ/
[4/4] l-l / ˈeː-ˈɛ / b̥-v / a-ɐ

-------------------

/lˈiɐ̯xd̥/ - /lˈeːɕ/
[5/5] l-l / ˈiɐ̯-ˈeː / x-ɕ / d̥-∅

-------------------

/lˈiɐ̯ɡ̊n̩/ - /lˈʏjə/
[5/5] l-l / ˈiɐ̯-ˈʏ / ɡ̊-j / n-ə

-------------------

/lˈiːɡ̊n̩/ - /lˈɪjə/
[5/5] l-l / ˈiː-ˈɪ / ɡ̊-j / n-ə

-------------------

/mˈai̯s/ - /mˈyːs/
[2/2] m-m / ˈai̯-ˈyː / s-s

-------------------

/mˈau̯l/ - /mˈuːl/
[4/4] m-m / ˈau̯-ˈuː / l-l

-------------------

/mˈau̯l/ - /mˈɔnt/
[1/1] m-m / ˈau̯-ˈɔ / ∅-n / l-t

-------------------

/mˈau̯s/ - /mˈuːs/
[5/5] m-m / ˈau̯-ˈuː / s-s

-------------------

/mˈeːɐ/ - /mˈeːɐ/
[5/5] m-m / ˈeː-ˈeː / ɐ-ɐ

-------------------

/mˈi/ - /mˈɪɕ/
[5/5] m-m / ˈi-ˈɪ / ∅-ɕ

-------------------

/mˈiɐ/ - /mˈiːɐ/
[4/4] m-m / ˈi-ˈiː / ɐ-ɐ

-------------------

/mˈoːnat/ - /mˈont/
[5/5] m-m / ˈoː-ˈo / n-n / a-∅ / t-t

-------------------

/mˈujç/ - /mˈeːlɪɕ/
[3/5] m-m / ˈu-ˈeː / ∅-l / j-ɪ / ç-ɕ
[2/5] m-m / ˈu-ˈeː / j-l / ∅-ɪ / ç-ɕ

-------------------

/mˈuɐ̯d̥a/ - /mˈoːdɐ/
[3/3] m-m / ˈuɐ̯-ˈoː / d̥-d / a-ɐ

-------------------

/mˈuɡ̊/ - /mˈœk/
[5/5] m-m / ˈu-ˈœ / ɡ̊-k

-------------------

/mˈɒː/ - /mˈan/
[4/4] m-m / ˈɒː-ˈa / ∅-n

-------------------

/mˈɔnd̥/ - /mˈɔnt/
[5/5] m-m / ˈɔ-ˈɔ / n-n / d̥-t

-------------------

/mˈɔxt/ - /mˈaːx/
[4/4] m-m / ˈɔ-ˈaː / x-x / t-∅

-------------------

/mˈɛnʃ/ - /mˈɪnʃ/
[4/4] m-m / ˈɛ-ˈɪ / n-n / ʃ-ʃ

-------------------

/nˈai̯/ - /nˈøʏ̯/
[5/5] n-n / ˈai̯-ˈøʏ̯

-------------------

/nˈai̯n/ - /nˈʏŋ/
[3/3] n-n / ˈai̯-ˈʏ / n-ŋ

-------------------

/nˈakad̥/ - /nˈak/
[3/3] n-n / ˈa-ˈa / k-k / a-∅ / d̥-∅

-------------------

/nˈaːma/ - /nˈaːmə/
[3/3] n-n / ˈaː-ˈaː / m-m / a-ə

-------------------

/nˈus/ - /nˈos/
[5/5] n-n / ˈu-ˈo / s-s

-------------------

/nˈɔxt/ - /nˈaːx/
[5/5] n-n / ˈɔ-ˈaː / x-x / t-∅

-------------------

/nˈɛkʃt/ - /nˈiːkstə/
[5/5] n-n / ˈɛ-ˈiː / k-k / ʃ-s / t-t / ∅-ə

-------------------

/p͡fˈaːd̥/ - /pˈat/
[5/5] p͡f-p / ˈaː-ˈa / d̥-t

-------------------

/rˈai̯ç/ - /ʀˈiːɕ/
[4/4] r-ʀ / ˈai̯-ˈiː / ç-ɕ

-------------------

/rˈaːx/ - /ʀˈoʊ̯x/
[3/3] r-ʀ / ˈaː-ˈoʊ̯ / x-x

-------------------

/rˈeːŋ/ - /ʀˈɛːn/
[5/5] r-ʀ / ˈeː-ˈɛː / ŋ-n

-------------------

/rˈiŋ/ - /ʀˈeŋk/
[3/3] r-ʀ / ˈi-ˈe / ŋ-ŋ / ∅-k

-------------------

/rˈou̯d̥/ - /ʀˈuːt/
[5/5] r-ʀ / ˈou̯-ˈuː / d̥-t

-------------------

/rˈukn̩/ - /ʀˈœk/
[4/4] r-ʀ / ˈu-ˈœ / k-k / n-∅

-------------------

/sˈai̯tn̩/ - /zˈɪk/
[4/4] s-z / ˈai̯-ˈɪ / t-k / n-∅

-------------------

/sˈau̯/ - /zˈaʊ̯/
[5/5] s-z / ˈau̯-ˈaʊ̯

-------------------

/sˈau̯a/ - /zˈuːɐ/
[5/5] s-z / ˈau̯-ˈuː / a-ɐ

-------------------

/sˈau̯ɡ̊n̩/ - /zˈaʊ̯ɣə/
[5/5] s-z / ˈau̯-ˈaʊ̯ / ɡ̊-ɣ / n-ə

-------------------

/sˈelb̥a/ - /zˈɛlvɐ/
[4/4] s-z / ˈe-ˈɛ / l-l / b̥-v / a-ɐ

-------------------

/sˈeɡ̊s/ - /zˈɛks/
[4/4] s-z / ˈe-ˈɛ / ɡ̊-k / s-s

-------------------

/sˈiŋn̩/ - /zˈɪŋə/
[4/4] s-z / ˈi-ˈɪ / ŋ-ŋ / n-ə

-------------------

/sˈiɐ̯s/ - /zˈøːs/
[3/3] s-z / ˈiɐ̯-ˈøː / s-s

-------------------

/sˈiʦn̩/ - /zˈeʦə/
[5/5] s-z / ˈi-ˈe / ʦ-ʦ / n-ə

-------------------

/sˈiːm/ - /zˈɪvə/
[4/4] s-z / ˈiː-ˈɪ / m-v / ∅-ə

-------------------

/sˈojʦ/ - /zˈalʦ/
[4/4] s-z / ˈo-ˈa / j-l / ʦ-ʦ

-------------------

/sˈond̥/ - /zˈaŋk/
[5/5] s-z / ˈo-ˈa / n-ŋ / d̥-k

-------------------

/sˈoŋ/ - /zˈaːɣə/
[4/4] s-z / ˈo-ˈaː / ŋ-ɣ / ∅-ə

-------------------

/sˈuma/ - /zˈɔmɐ/
[2/2] s-z / ˈu-ˈɔ / m-m / a-ɐ

-------------------

/sˈun/ - /zˈoːn/
[5/5] s-z / ˈu-ˈoː / n-n

-------------------

/sˈuɐ̯xn̩/ - /zˈøːkə/
[5/5] s-z / ˈuɐ̯-ˈøː / x-k / n-ə

-------------------

/sˈɛː/ - /zˈiː/
[4/4] s-z / ˈɛː-ˈiː

-------------------

/tˈau̯sn̩d̥/ - /dˈaʊ̯zənt/
[5/5] t-d / ˈau̯-ˈaʊ̯ / s-z / ∅-ə / n-n / d̥-t

-------------------

/tˈɔxta/ - /dˈɔxtɐ/
[3/3] t-d / ˈɔ-ˈɔ / x-x / t-t / a-ɐ

-------------------

/ɡ̊rˈeɐ̯/ - /jʀˈøːn/
[5/5] ɡ̊-j / r-ʀ / ˈeɐ̯-ˈøː / ∅-n

-------------------

/ɡ̊rˈou̯s/ - /jʀˈuːs/
[2/2] ɡ̊-j / r-ʀ / ˈou̯-ˈuː / s-s

-------------------

/ɡ̊rˈoːs/ - /jʀˈaːs/
[4/4] ɡ̊-j / r-ʀ / ˈoː-ˈaː / s-s

-------------------

/ɡ̊ˈarn/ - /jˈaːn/
[4/4] ɡ̊-j / ˈa-ˈaː / r-∅ / n-n

-------------------

/ɡ̊ˈejb̥/ - /jˈɛːl/
[5/5] ɡ̊-j / ˈe-ˈɛː / j-l / b̥-∅

-------------------

/ɡ̊ˈeŋan/ - /jˈoːn/
[3/3] ɡ̊-j / ˈe-ˈoː / ŋ-∅ / a-∅ / n-n

-------------------

/ɡ̊ˈeːm/ - /jˈɛvə/
[4/4] ɡ̊-j / ˈeː-ˈɛ / m-v / ∅-ə

-------------------

/ɡ̊ˈojd̥/ - /jˈolt/
[5/5] ɡ̊-j / ˈo-ˈo / j-l / d̥-t

-------------------

/ɡ̊ˈuɐ̯d̥/ - /jˈoːt/
[3/3] ɡ̊-j / ˈuɐ̯-ˈoː / d̥-t

-------------------

/ɡ̊ˈɔt/ - /jˈɔt/
[4/4] ɡ̊-j / ˈɔ-ˈɔ / t-t

-------------------

/ʃlˈɔfa/ - /ʃlˈoːfə/
[3/3] ʃ-ʃ / l-l / ˈɔ-ˈoː / f-f / a-ə

-------------------

/ʃlˈɔɡ̊n̩/ - /ʃlˈoːn/
[5/5] ʃ-ʃ / l-l / ˈɔ-ˈoː / ɡ̊-∅ / n-n

-------------------

/ʃnˈɛː/ - /ʃnˈiː/
[3/3] ʃ-ʃ / n-n / ˈɛː-ˈiː

-------------------

/ʃprˈɒːx/ - /ʃpʀˈoːx/
[3/3] ʃ-ʃ / p-p / r-ʀ / ˈɒː-ˈoː / x-x

-------------------

/ʃtˈeɐn/ - /ʃtˈɛːn/
[4/5] ʃ-ʃ / t-t / ˈe-ˈɛː / ɐ-∅ / n-n
[1/5] ʃ-ʃ / t-t / ˈe-∅ / ɐ-ˈɛː / n-n

-------------------

/ʃtˈoɐ̯/ - /ʃtˈeːn/
[4/4] ʃ-ʃ / t-t / ˈoɐ̯-ˈeː / ∅-n

-------------------

/ʃtˈuɐm/ - /ʃtˈɔɐm/
[3/3] ʃ-ʃ / t-t / ˈu-ˈɔ / ɐ-ɐ / m-m

-------------------

/ʃʋˈima/ - /ʃʋˈɛmə/
[4/4] ʃ-ʃ / ʋ-ʋ / ˈi-ˈɛ / m-m / a-ə

-------------------

/ʃʋˈoɐ̯ʦ/ - /ʃʋˈaʦ/
[4/4] ʃ-ʃ / ʋ-ʋ / ˈoɐ̯-ˈa / ʦ-ʦ

-------------------

/ʃʋˈɛrt/ - /ʃʋˈɛːt/
[4/4] ʃ-ʃ / ʋ-ʋ / ˈɛ-ˈɛː / r-∅ / t-t

-------------------

/ʃʋˈɛsta/ - /zˈœstɐ/
[2/2] ʃ-z / ʋ-∅ / ˈɛ-ˈœ / s-s / t-t / a-ɐ

-------------------

/ʃʋˈɛsta/ - /zˈɛstɐ/
[3/3] ʃ-z / ʋ-∅ / ˈɛ-ˈɛ / s-s / t-t / a-ɐ

-------------------

/ʃˈarf/ - /ʃˈɛːɐp/
[3/4] ʃ-ʃ / ˈa-ˈɛː / r-ɐ / f-p
[1/4] ʃ-ʃ / ˈa-ˈɛː / r-∅ / ∅-ɐ / f-p

-------------------

/ʃˈeː/ - /ʃˈyːn/
[4/4] ʃ-ʃ / ˈeː-ˈyː / ∅-n

-------------------

/ʃˈif/ - /ʃˈef/
[3/3] ʃ-ʃ / ˈi-ˈe / f-f

-------------------

/ʃˈiɐ̯sn̩/ - /ʃˈesə/
[4/4] ʃ-ʃ / ˈiɐ̯-ˈe / s-s / n-ə

-------------------

/ʃˈoːf/ - /ʃˈoːf/
[4/4] ʃ-ʃ / ˈoː-ˈoː / f-f

-------------------

/ʃˈuɐ̯/ - /ʃˈoŋ/
[5/5] ʃ-ʃ / ˈuɐ̯-ˈo / ∅-ŋ

-------------------

/ʋˈai̯/ - /ʋˈiːf/
[4/4] ʋ-ʋ / ˈai̯-ˈiː / ∅-f

-------------------

/ʋˈai̯n/ - /ʋˈeŋ/
[4/4] ʋ-ʋ / ˈai̯-ˈe / n-ŋ

-------------------

/ʋˈai̯s/ - /ʋˈiːs/
[5/5] ʋ-ʋ / ˈai̯-ˈiː / s-s

-------------------

/ʋˈeta/ - /ʋˈɛdɐ/
[5/5] ʋ-ʋ / ˈe-ˈɛ / t-d / a-ɐ

-------------------

/ʋˈind̥/ - /ʋˈaŋk/
[4/4] ʋ-ʋ / ˈi-ˈa / n-ŋ / d̥-k

-------------------

/ʋˈinta/ - /ʋˈeŋktɐ/
[4/4] ʋ-ʋ / ˈi-ˈe / n-ŋ / ∅-k / t-t / a-ɐ

-------------------

/ʋˈisn̩/ - /ʋˈesə/
[4/4] ʋ-ʋ / ˈi-ˈe / s-s / n-ə

-------------------

/ʋˈoj/ - /vˈaːl/
[4/4] ʋ-v / ˈo-ˈaː / j-l

-------------------

/ʋˈojf/ - /ʋˈɔlf/
[4/4] ʋ-ʋ / ˈo-ˈɔ / j-l / f-f

-------------------

/ʋˈojə/ - /ʋˈɔl/
[4/5] ʋ-ʋ / ˈo-ˈɔ / j-l / ə-∅
[1/5] ʋ-ʋ / ˈo-ˈɔ / j-∅ / ə-l

-------------------

/ʋˈoxa/ - /ʋˈɛːɕ/
[5/5] ʋ-ʋ / ˈo-ˈɛː / x-ɕ / a-∅

-------------------

/ʋˈɒs/ - /ʋˈat/
[4/4] ʋ-ʋ / ˈɒ-ˈa / s-t

-------------------

/ʋˈɒsa/ - /ʋˈaːsɐ/
[5/5] ʋ-ʋ / ˈɒ-ˈaː / s-s / a-ɐ

-------------------

/ʋˈɒɐm/ - /ʋˈɛɐm/
[4/4] ʋ-ʋ / ˈɒ-ˈɛ / ɐ-ɐ / m-m

-------------------

/ʋˈʏnʃn̩/ - /ʋˈʏnʃə/
[3/3] ʋ-ʋ / ˈʏ-ˈʏ / n-n / ʃ-ʃ / n-ə

-------------------

/ʦʋˈanʦɡ̊/ - /ʦʋˈanʦɪɕ/
[4/4] ʦ-ʦ / ʋ-ʋ / ˈa-ˈa / n-n / ʦ-ʦ / ∅-ɪ / ɡ̊-ɕ

-------------------

/ʦʋˈoɐ̯/ - /ʦʋˈeː/
[4/4] ʦ-ʦ / ʋ-ʋ / ˈoɐ̯-ˈeː

-------------------

/ʦʋˈɛjf/ - /ʦʋˈɛləf/
[4/4] ʦ-ʦ / ʋ-ʋ / ˈɛ-ˈɛ / j-l / f-ə_f

-------------------

/ʦˈai̯t/ - /ʦˈɛk/
[4/4] ʦ-ʦ / ˈai̯-ˈɛ / t-k

-------------------

/ʦˈant/ - /ʦˈaŋk/
[5/5] ʦ-ʦ / ˈa-ˈa / n-ŋ / t-k

-------------------

/ʦˈeɐ̯/ - /ʦˈeːn/
[5/5] ʦ-ʦ / ˈeɐ̯-ˈeː / ∅-n

-------------------

/ʦˈeː/ - /ʦˈiː/
[3/3] ʦ-ʦ / ˈeː-ˈiː

-------------------

/ʦˈuŋa/ - /ʦˈoŋ/
[5/5] ʦ-ʦ / ˈu-ˈo / ŋ-ŋ / a-∅

-------------------

/ˈai̯s/ - /ˈiːs/
[2/2] ˈai̯-ˈiː / s-s

-------------------

/ˈau̯s/ - /ˈuːs/
[2/2] ˈau̯-ˈuː / s-s

-------------------

/ˈau̯ɡ̊/ - /ˈoːx/
[4/4] ˈau̯-ˈoː / ɡ̊-x

-------------------

/ˈaːf/ - /ˈɔp/
[4/4] ˈaː-ˈɔ / f-p

-------------------

/ˈejf/ - /ˈeləf/
[4/5] ˈe-ˈe / j-l / f-ə_f
[1/5] ˈe-ˈe / j-l / ∅-ə / f-f

-------------------

/ˈeɐd̥/ - /ˈɛːt/
[3/4] ˈe-ˈɛː / ɐ-∅ / d̥-t
[1/4] ˈe-∅ / ɐ-ˈɛː / d̥-t

-------------------

/ˈeːs/ - /ˈyːɐ/
[2/2] ˈeː-ˈyː / s-∅ / ∅-ɐ

-------------------

/ˈi/ - /ˈɪɕ/
[4/4] ˈi-ˈɪ / ∅-ɕ

-------------------

/ˈin/ - /ˈen/
[5/5] ˈi-ˈe / n-n

-------------------

/ˈoj/ - /ˈal/
[5/5] ˈo-ˈa / j-l

-------------------

/ˈojd̥/ - /ˈalt/
[5/5] ˈo-ˈa / j-l / d̥-t

-------------------

/ˈop͡fə/ - /ˈapəl/
[2/3] ˈo-ˈa / p͡f-p / ∅-ə / ə-l
[1/3] ˈo-ˈa / p͡f-p / ə-ə / ∅-l

-------------------

/ˈoɐ̯/ - /ˈeɪ̯/
[5/5] ˈoɐ̯-ˈeɪ̯

-------------------

/ˈoɐ̯/ - /ˈeːn/
[5/5] ˈoɐ̯-ˈeː / ∅-n

-------------------

/ˈoɐ̯r/ - /ˈuːɐ/
[3/3] ˈoɐ̯-ˈuː / r-ɐ

-------------------

/ˈoɐ̯rm/ - /ˈɛːɐm/
[4/4] ∅-ˈɛː / ˈoɐ̯-ɐ / r-∅ / m-m

-------------------

/ˈoɐ̯x/ - /ˈeːɕ/
[4/4] ˈoɐ̯-ˈeː / x-ɕ

-------------------

/ˈoːfa/ - /ˈɔvə/
[3/3] ˈoː-ˈɔ / f-v / a-ə

-------------------

/ˈuns/ - /ˈʊns/
[4/4] ˈu-ˈʊ / n-n / s-s

-------------------

/ˈunta/ - /ˈʊŋɐ/
[2/2] ˈu-ˈʊ / n-ŋ / t-∅ / a-ɐ

-------------------

/ˈyb̥a/ - /ˈʏvɐ/
[5/5] ˈy-ˈʏ / b̥-v / a-ɐ

-------------------

/ˈɒxt/ - /ˈaːx/
[5/5] ˈɒ-ˈaː / x-x / t-∅

-------------------

/ˈɛsn̩/ - /ˈɛːsə/
[4/4] ˈɛ-ˈɛː / s-s / n-ə

-------------------

/ˈɛɡ̊/ - /ˈɛk/
[2/2] ˈɛ-ˈɛ / ɡ̊-k

-------------------

