/blˈuːd/ - /bwˈʏt/
b-b / l-w / ˈuː-ˈʏ / d-t
{0: [0], 1: [1], 2: [2], 3: [3]}
{0: [0], 1: [1], 2: [2], 3: [3]}
SCORE: 25.119

-------------------

/blˈɑːd/ - /bwˈɔt/
b-b / l-w / ˈɑː-ˈɔ / d-t
{0: [0], 1: [1], 2: [2], 3: [3]}
{0: [0], 1: [1], 2: [2], 3: [3]}
SCORE: 24.289

-------------------

/blˈʊmːa/ - /bwˈimwa/
b-b / l-w / ∅-ˈi / ˈʊ-∅ / mː-m / ∅-w / a-a
{0: [0], 1: [1], 2: None, 3: [2], 4: [3], 5: None, 6: [4]}
{0: [0], 1: [1], 2: [2], 3: None, 4: [3], 5: [4], 6: [5]}
SCORE: 10.275

-------------------

/brˈuːr/ - /brˈʏdɛr/
b-b / r-r / ˈuː-ˈʏ / ∅-d / r-ɛ_r
{0: [0], 1: [1], 2: [2], 3: None, 4: [3]}
{0: [0], 1: [1], 2: [2], 3: [3], 4: [4, 5]}
SCORE: 17.64

-------------------

/brˈøːd/ - /brˈut/
b-b / r-r / ˈøː-ˈu / d-t
{0: [0], 1: [1], 2: [2], 3: [3]}
{0: [0], 1: [1], 2: [2], 3: [3]}
SCORE: 24.02

-------------------

/brˈœst/ - /brˈust/
b-b / r-r / ˈœ-ˈu / s-s / t-t
{0: [0], 1: [1], 2: [2], 3: [3], 4: [4]}
{0: [0], 1: [1], 2: [2], 3: [3], 4: [4]}
SCORE: 26.531

-------------------

/brˈʏɡːa/ - /brˈɘ̟k/
b-b / r-r / ˈʏ-ˈɘ̟ / ɡː-k / a-∅
{0: [0], 1: [1], 2: [2], 3: [3], 4: [4]}
{0: [0], 1: [1], 2: [2], 3: [3], 4: None}
SCORE: 18.395

-------------------

/bˈiː/ - /bˈɘ̟n/
b-b / ∅-ˈɘ̟ / ˈiː-∅ / #>-n_#>
{0: [0], 1: None, 2: [1], 3: None}
{0: [0], 1: [1], 2: None, 3: [2]}
SCORE: -1.036

-------------------

/bˈiːta/ - /bˈai̯sa/
b-b / ˈiː-ˈai̯ / t-s / a-a
{0: [0], 1: [1], 2: [2], 3: [3]}
{0: [0], 1: [1], 2: [2], 3: [3]}
SCORE: 26.183

-------------------

/bˈuːk/ - /bˈʏx/
b-b / ˈuː-ˈʏ / k-x
{0: [0], 1: [1], 2: [2]}
{0: [0], 1: [1], 2: [2]}
SCORE: 22.026

-------------------

/bˈæːr/ - /bˈir/
b-b / ∅-ˈi / ˈæː-∅ / r-r
{0: [0], 1: None, 2: [1], 3: [2]}
{0: [0], 1: [1], 2: None, 3: [2]}
SCORE: 6.019

-------------------

/bˈɛtːrɛ/ - /bˈɛsɛr/
b-b / ˈɛ-ˈɛ / tː-s_ɛ / r-r / ɛ_#>-#>
{0: [0], 1: [1], 2: [2], 3: [3], 4: [4]}
{0: [0], 1: [1], 2: [2, 3], 3: [4], 4: None}
SCORE: 18.219

-------------------

/bˈɪnda/ - /bˈɘ̟nda/
b-b / ˈɪ-ˈɘ̟ / n-n / d-d / a-a
{0: [0], 1: [1], 2: [2], 3: [3], 4: [4]}
{0: [0], 1: [1], 2: [2], 3: [3], 4: [4]}
SCORE: 28.653

-------------------

/drˈiːva/ - /trˈai̯n/
d-t / r-r / ˈiː-ˈai̯ / v-∅ / a-n
{0: [0], 1: [1], 2: [2], 3: [3], 4: [4]}
{0: [0], 1: [1], 2: [2], 3: None, 4: [3]}
SCORE: 12.269

-------------------

/drˈœmːa/ - /trˈɑi̯ma/
d-t / r-r / ∅-ˈɑi̯ / ˈœ-∅ / mː-m / a-a
{0: [0], 1: [1], 2: None, 3: [2], 4: [3], 5: [4]}
{0: [0], 1: [1], 2: [2], 3: None, 4: [3], 5: [4]}
SCORE: 13.945

-------------------

/drˈɪkːa/ - /trˈɘ̟ŋca/
d-t / r-r / ˈɪ-ˈɘ̟ / ∅-ŋ / kː-c / a-a
{0: [0], 1: [1], 2: [2], 3: None, 4: [3], 5: [4]}
{0: [0], 1: [1], 2: [2], 3: [3], 4: [4], 5: [5]}
SCORE: 24.546

-------------------

/dˈeːɡ/ - /tˈaɡ̊/
d-t / ˈeː-ˈa / ɡ-ɡ̊
{0: [0], 1: [1], 2: [2]}
{0: [0], 1: [1], 2: [2]}
SCORE: 19.758

-------------------

/dˈyːr/ - /tˈɑi̯ɛr/
d-t / ˈyː-ˈɑi̯_ɛ / r-r
{0: [0], 1: [1], 2: [2]}
{0: [0], 1: [1, 2], 2: [3]}
SCORE: 18.92

-------------------

/dˈøːd/ - /tˈut/
d-t / ˈøː-ˈu / d-t
{0: [0], 1: [1], 2: [2]}
{0: [0], 1: [1], 2: [2]}
SCORE: 16.95

-------------------

/dˈɑːɡ/ - /tˈɑɡ̊/
d-t / ∅-ˈɑ / ˈɑː-∅ / ɡ-ɡ̊
{0: [0], 1: None, 2: [1], 3: [2]}
{0: [0], 1: [1], 2: None, 3: [2]}
SCORE: 3.912

-------------------

/dˈɔtːɛr/ - /tˈɔxtɛr/
d-t / ∅-ˈɔ / ˈɔ-x / tː-t / ɛ-ɛ / r-r
{0: [0], 1: None, 2: [1], 3: [2], 4: [3], 5: [4]}
{0: [0], 1: [1], 2: [2], 3: [3], 4: [4], 5: [5]}
SCORE: 16.595

-------------------

/dˈʉːva/ - /tˈɑi̯/
d-t / ˈʉː-ˈɑi̯ / v-∅ / a-∅
{0: [0], 1: [1], 2: [2], 3: [3]}
{0: [0], 1: [1], 2: None, 3: None}
SCORE: 3.443

-------------------

/fjˈɛːdɛr/ - /fˈɑdɛr/
f-f / j-∅ / ˈɛː-ˈɑ / d-d / ɛ-ɛ / r-r
{0: [0], 1: [1], 2: [2], 3: [3], 4: [4], 5: [5]}
{0: [0], 1: None, 2: [1], 3: [2], 4: [3], 5: [4]}
SCORE: 20.983

-------------------

/flˈyːɡa/ - /fwˈiɟa/
f-f / l-w / ˈyː-ˈi / ∅-ɟ / ɡ-∅ / a-a
{0: [0], 1: [1], 2: [2], 3: None, 4: [3], 5: [4]}
{0: [0], 1: [1], 2: [2], 3: [3], 4: None, 5: [4]}
SCORE: 11.667

-------------------

/flˈʉːɡa/ - /fwˈiɡ̊/
f-f / l-w / ˈʉː-ˈi / ɡ_a-ɡ̊
{0: [0], 1: [1], 2: [2], 3: [3, 4]}
{0: [0], 1: [1], 2: [2], 3: [3]}
SCORE: 17.901

-------------------

/frˈyːsa/ - /frˈiən/
f-f / r-r / ˈyː-ˈi / ∅-ə / s-∅ / a-n
{0: [0], 1: [1], 2: [2], 3: None, 4: [3], 5: [4]}
{0: [0], 1: [1], 2: [2], 3: [3], 4: None, 5: [4]}
SCORE: 6.401

-------------------

/frˈɛndɛ/ - /frˈai̯nd̥/
f-f / r-r / ˈɛ-ˈai̯ / n-n / d-d̥ / ɛ_#>-#>
{0: [0], 1: [1], 2: [2], 3: [3], 4: [4], 5: [5]}
{0: [0], 1: [1], 2: [2], 3: [3], 4: [4], 5: None}
SCORE: 22.398

-------------------

/frˈɪsk/ - /frˈɘ̟ʃ/
f-f / r-r / ˈɪ-ˈɘ̟ / s_k-ʃ
{0: [0], 1: [1], 2: [2], 3: [3, 4]}
{0: [0], 1: [1], 2: [2], 3: [3]}
SCORE: 20.965

-------------------

/fˈoːr/ - /ʃˈi̯øf/
<#-<#_ʃ / ∅-ˈi̯ø / f-f / ˈoː-∅ / r-∅
{0: None, 1: None, 2: [0], 3: [1], 4: [2]}
{0: [0], 1: [1], 2: [2], 3: None, 4: None}
SCORE: -7.75

-------------------

/fˈoːɡɛl/ - /fˈøɡuw/
f-f / ˈoː-ˈø / ɡ-ɡ / ∅-u / ɛ-∅ / l-w
{0: [0], 1: [1], 2: [2], 3: None, 4: [3], 5: [4]}
{0: [0], 1: [1], 2: [2], 3: [3], 4: None, 5: [4]}
SCORE: 16.368

-------------------

/fˈuːt/ - /fˈʏs/
f-f / ˈuː-ˈʏ / t-s
{0: [0], 1: [1], 2: [2]}
{0: [0], 1: [1], 2: [2]}
SCORE: 21.106

-------------------

/fˈyːr/ - /fˈɑi̯ɛr/
f-f / ˈyː-ˈɑi̯_ɛ / r-r
{0: [0], 1: [1], 2: [2]}
{0: [0], 1: [1, 2], 2: [3]}
SCORE: 20.198

-------------------

/fˈyːra/ - /fˈiər/
f-f / ˈyː-ˈi / ∅-ə / r-r / a-∅
{0: [0], 1: [1], 2: None, 3: [2], 4: [3]}
{0: [0], 1: [1], 2: [2], 3: [3], 4: None}
SCORE: 8.225

-------------------

/fˈœlja/ - /fˈulɟa/
f-f / ˈœ-ˈu / l-l / ∅-ɟ / j-∅ / a-a
{0: [0], 1: [1], 2: [2], 3: None, 4: [3], 5: [4]}
{0: [0], 1: [1], 2: [2], 3: [3], 4: None, 5: [4]}
SCORE: 13.592

-------------------

/fˈœːr/ - /fˈir/
f-f / ∅-ˈi / ˈœː-∅ / r-r
{0: [0], 1: None, 2: [1], 3: [2]}
{0: [0], 1: [1], 2: None, 3: [2]}
SCORE: 4.755

-------------------

/fˈɑːr/ - /fˈɔtɛr/
f-f / ˈɑː-ˈɔ / ∅-t / r-ɛ_r
{0: [0], 1: [1], 2: None, 3: [2]}
{0: [0], 1: [1], 2: [2], 3: [3, 4]}
SCORE: 11.017

-------------------

/fˈɔlk/ - /fˈulk/
f-f / ˈɔ-ˈu / l-l / k-k
{0: [0], 1: [1], 2: [2], 3: [3]}
{0: [0], 1: [1], 2: [2], 3: [3]}
SCORE: 22.485

-------------------

/fˈɪnːa/ - /fˈɘ̟nda/
f-f / ˈɪ-ˈɘ̟ / nː-n_d / a-a
{0: [0], 1: [1], 2: [2], 3: [3]}
{0: [0], 1: [1], 2: [2, 3], 3: [4]}
SCORE: 22.158

-------------------

/fˈɪsk/ - /fˈei̯ʃ/
f-f / ˈɪ-ˈei̯ / s_k-ʃ
{0: [0], 1: [1], 2: [2, 3]}
{0: [0], 1: [1], 2: [2]}
SCORE: 13.798

-------------------

/fˈɪŋːɛr/ - /fˈɘ̟ŋɟɛr/
f-f / ˈɪ-ˈɘ̟ / ŋː-ŋ_ɟ / ɛ-ɛ / r-r
{0: [0], 1: [1], 2: [2], 3: [3], 4: [4]}
{0: [0], 1: [1], 2: [2, 3], 3: [4], 4: [5]}
SCORE: 26.353

-------------------

/fˈɵlː/ - /fˈuw/
f-f / ˈɵ-ˈu / lː-w
{0: [0], 1: [1], 2: [2]}
{0: [0], 1: [1], 2: [2]}
SCORE: 16.194

-------------------

/hˈalv/ - /hˈɔwvə/
h-h / ˈa-ˈɔ / l-w / v-v / #>-ə_#>
{0: [0], 1: [1], 2: [2], 3: [3], 4: None}
{0: [0], 1: [1], 2: [2], 3: [3], 4: [4]}
SCORE: 23.407

-------------------

/hˈand/ - /hˈɑnd̥/
h-h / ˈa-ˈɑ / n-n / d-d̥
{0: [0], 1: [1], 2: [2], 3: [3]}
{0: [0], 1: [1], 2: [2], 3: [3]}
SCORE: 24.724

-------------------

/hˈeːlɪɡ/ - /hˈalɪkə/
h-h / ˈeː-ˈa / l-l / ∅-ɪ / ∅-k / ɪ-∅ / ɡ-∅ / #>-ə_#>
{0: [0], 1: [1], 2: [2], 3: None, 4: None, 5: [3], 6: [4], 7: None}
{0: [0], 1: [1], 2: [2], 3: [3], 4: [4], 5: None, 6: None, 7: [5]}
SCORE: 1.312

-------------------

/hˈeːt/ - /hˈas/
h-h / ˈeː-ˈa / t-s
{0: [0], 1: [1], 2: [2]}
{0: [0], 1: [1], 2: [2]}
SCORE: 21.758

-------------------

/hˈoːnɵŋ/ - /hˈuŋɡ̊/
h-h / ∅-ˈu / ˈoː-∅ / n-∅ / ɵ-∅ / ŋ-ŋ_ɡ̊
{0: [0], 1: None, 2: [1], 3: [2], 4: [3], 5: [4]}
{0: [0], 1: [1], 2: None, 3: None, 4: None, 5: [2, 3]}
SCORE: -5.373

-------------------

/hˈøːɡ/ - /hˈux/
h-h / ˈøː-ˈu / ∅-x / ɡ_#>-#>
{0: [0], 1: [1], 2: None, 3: [2]}
{0: [0], 1: [1], 2: [2], 3: None}
SCORE: 6.988

-------------------

/hˈɑː/ - /hˈɔn/
h-h / ˈɑː-ˈɔ / #>-n_#>
{0: [0], 1: [1], 2: None}
{0: [0], 1: [1], 2: [2]}
SCORE: 14.591

-------------------

/hˈɑːrɛ/ - /hˈɔza/
h-h / ˈɑː-ˈɔ / ∅-z / ∅-a / r-∅ / ɛ_#>-#>
{0: [0], 1: [1], 2: None, 3: None, 4: [2], 5: [3]}
{0: [0], 1: [1], 2: [2], 3: [3], 4: None, 5: None}
SCORE: -1.531

-------------------

/hˈɛːm/ - /hˈɑm/
h-h / ˈɛː-ˈɑ / m-m
{0: [0], 1: [1], 2: [2]}
{0: [0], 1: [1], 2: [2]}
SCORE: 20.328

-------------------

/hˈɵnd/ - /hˈund̥/
h-h / ˈɵ-ˈu / n-n / d-d̥
{0: [0], 1: [1], 2: [2], 3: [3]}
{0: [0], 1: [1], 2: [2], 3: [3]}
SCORE: 25.338

-------------------

/hˈʉːs/ - /hˈɑi̯s/
h-h / ˈʉː-ˈɑi̯ / s_#>-s_#>
{0: [0], 1: [1], 2: [2]}
{0: [0], 1: [1], 2: [2]}
SCORE: 20.962

-------------------

/hˈʊndra/ - /hˈundət/
h-h / ˈʊ-ˈu / n-n / d-d / ∅-ə / r-t / a-∅
{0: [0], 1: [1], 2: [2], 3: [3], 4: None, 5: [4], 6: [5]}
{0: [0], 1: [1], 2: [2], 3: [3], 4: [4], 5: [5], 6: None}
SCORE: 9.61

-------------------

/jˈeː/ - /ɡˈɑn/
j-ɡ / ˈeː-ˈɑ / #>-n_#>
{0: [0], 1: [1], 2: None}
{0: [0], 1: [1], 2: [2]}
SCORE: 5.218

-------------------

/jˈɑːɡ/ - /ˈɘ̟x/
j-ˈɘ̟ / ∅-x / ˈɑː-∅ / ɡ_#>-#>
{0: [0], 1: None, 2: [1], 3: [2]}
{0: [0], 1: [1], 2: None, 3: None}
SCORE: -7.069

-------------------

/jˈɛlpa/ - /hˈɘ̟wfa/
∅-h / j-ˈɘ̟ / ˈɛ-∅ / l-w / p-f / a-a
{0: None, 1: [0], 2: [1], 3: [2], 4: [3], 5: [4]}
{0: [0], 1: [1], 2: None, 3: [2], 4: [3], 5: [4]}
SCORE: 7.427

-------------------

/jˈɛst/ - /ɡˈɔst/
j-ɡ / ˈɛ-ˈɔ / s-s / t-t
{0: [0], 1: [1], 2: [2], 3: [3]}
{0: [0], 1: [1], 2: [2], 3: [3]}
SCORE: 12.418

-------------------

/jˈʉːp/ - /tˈif/
<#-<#_t / j-∅ / ˈʉː-ˈi / p-f
{0: None, 1: [0], 2: [1], 3: [2]}
{0: [0], 1: None, 2: [1], 3: [2]}
SCORE: 6.049

-------------------

/jˈʉːs/ - /wˈɪxt/
j-w / ˈʉː-ˈɪ / ∅-x / s-t
{0: [0], 1: [1], 2: None, 3: [2]}
{0: [0], 1: [1], 2: [2], 3: [3]}
SCORE: 3.615

-------------------

/jˈʉːɡa/ - /wˈɑi̯ɡən/
j-w / ˈʉː-ˈɑi̯ / ɡ-ɡ / ∅-ə / a-n
{0: [0], 1: [1], 2: [2], 3: None, 4: [3]}
{0: [0], 1: [1], 2: [2], 3: [3], 4: [4]}
SCORE: 9.886

-------------------

/kʰnˈɛː/ - /knˈi/
kʰ-k / n_ˈɛː-n / ∅-ˈi
{0: [0], 1: [1, 2], 2: None}
{0: [0], 1: [1], 2: [2]}
SCORE: 5.489

-------------------

/kʰˈalv/ - /kˈɔwb̥/
kʰ-k / ˈa-ˈɔ / l-w / v_#>-b̥_#>
{0: [0], 1: [1], 2: [2], 3: [3]}
{0: [0], 1: [1], 2: [2], 3: [3]}
SCORE: 22.3

-------------------

/kʰˈalː/ - /kˈɑwt/
kʰ-k / ˈa-ˈɑ / lː-w / ∅-t
{0: [0], 1: [1], 2: [2], 3: None}
{0: [0], 1: [1], 2: [2], 3: [3]}
SCORE: 11.37

-------------------

/kʰˈatː/ - /kˈɔʦ/
kʰ-k / ˈa-ˈɔ / tː-ʦ
{0: [0], 1: [1], 2: [2]}
{0: [0], 1: [1], 2: [2]}
SCORE: 20.45

-------------------

/kʰˈuː/ - /kˈʏ/
kʰ-k / ˈuː-ˈʏ
{0: [0], 1: [1]}
{0: [0], 1: [1]}
SCORE: 17.477

-------------------

/kʰˈɔmːa/ - /kˈuma/
kʰ-k / ˈɔ-ˈu / mː-m / a-a
{0: [0], 1: [1], 2: [2], 3: [3]}
{0: [0], 1: [1], 2: [2], 3: [3]}
SCORE: 26.282

-------------------

/kʰˈɵnːa/ - /kˈɘ̟na/
kʰ-k / ˈɵ-ˈɘ̟ / nː-n / a-a
{0: [0], 1: [1], 2: [2], 3: [3]}
{0: [0], 1: [1], 2: [2], 3: [3]}
SCORE: 24.013

-------------------

/kʰˈɵŋ/ - /kˈɘ̟ŋɡ̊/
kʰ-k / ˈɵ-ˈɘ̟ / ŋ-ŋ_ɡ̊
{0: [0], 1: [1], 2: [2]}
{0: [0], 1: [1], 2: [2, 3]}
SCORE: 18.115

-------------------

/lˈand/ - /wˈɑnd̥/
l-w / ˈa-ˈɑ / n-n / d-d̥
{0: [0], 1: [1], 2: [2], 3: [3]}
{0: [0], 1: [1], 2: [2], 3: [3]}
SCORE: 21.641

-------------------

/lˈeː/ - /wˈɑxa/
l-w / ˈeː-ˈɑ / ∅-x / ∅-a
{0: [0], 1: [1], 2: None, 3: None}
{0: [0], 1: [1], 2: [2], 3: [3]}
SCORE: 1.763

-------------------

/lˈeːvɛr/ - /wˈɑvɛr/
l-w / ˈeː-ˈɑ / v-v / ɛ-ɛ / r-r
{0: [0], 1: [1], 2: [2], 3: [3], 4: [4]}
{0: [0], 1: [1], 2: [2], 3: [3], 4: [4]}
SCORE: 26.483

-------------------

/lˈoːŋ/ - /wˈɑŋɡ̊/
l-w_ˈɑ / ˈoː-∅ / ŋ-ŋ_ɡ̊
{0: [0], 1: [1], 2: [2]}
{0: [0, 1], 1: None, 2: [2, 3]}
SCORE: 3.11

-------------------

/lˈøːpa/ - /wˈɑjfa/
l-w_ˈɑ / ∅-j / ˈøː-∅ / p-f / a-a
{0: [0], 1: None, 2: [1], 3: [2], 4: [3]}
{0: [0, 1], 1: [2], 2: None, 3: [3], 4: [4]}
SCORE: 2.505

-------------------

/lˈɛtː/ - /wˈai̯xt/
l-w / ˈɛ-ˈai̯ / tː-x_t
{0: [0], 1: [1], 2: [2]}
{0: [0], 1: [1], 2: [2, 3]}
SCORE: 14.261

-------------------

/lˈɪɡːa/ - /wˈei̯ɟa/
l-w / ˈɪ-ˈei̯ / ∅-ɟ / ɡː-∅ / a-a
{0: [0], 1: [1], 2: None, 3: [2], 4: [3]}
{0: [0], 1: [1], 2: [2], 3: None, 4: [3]}
SCORE: 5.753

-------------------

/lˈʉːs/ - /wˈɑi̯s/
l-w / ˈʉː-ˈɑi̯ / s_#>-s_#>
{0: [0], 1: [1], 2: [2]}
{0: [0], 1: [1], 2: [2]}
SCORE: 17.879

-------------------

/mjˈœlk/ - /mˈɘ̟wɪç/
m-m / j-ˈɘ̟ / ˈœ-∅ / l-w / ∅-ɪ / k-ç
{0: [0], 1: [1], 2: [2], 3: [3], 4: None, 5: [4]}
{0: [0], 1: [1], 2: None, 3: [2], 4: [3], 5: [4]}
SCORE: 11.073

-------------------

/mˈakt/ - /mˈɑxt/
m-m / ˈa-ˈɑ / k-x / t-t
{0: [0], 1: [1], 2: [2], 3: [3]}
{0: [0], 1: [1], 2: [2], 3: [3]}
SCORE: 22.821

-------------------

/mˈan/ - /mˈɑn/
m-m / ˈa-ˈɑ / n-n
{0: [0], 1: [1], 2: [2]}
{0: [0], 1: [1], 2: [2]}
SCORE: 19.541

-------------------

/mˈoːnad/ - /mˈønda/
m-m / ˈoː-ˈø / n-n / ∅-d / a-a / d-∅
{0: [0], 1: [1], 2: [2], 3: None, 4: [3], 5: [4]}
{0: [0], 1: [1], 2: [2], 3: [3], 4: [4], 5: None}
SCORE: 16.704

-------------------

/mˈoːnɛ/ - /mˈønd̥/
m-m / ˈoː-ˈø / n-n / ∅-d̥ / ɛ_#>-#>
{0: [0], 1: [1], 2: [2], 3: None, 4: [3]}
{0: [0], 1: [1], 2: [2], 3: [3], 4: None}
SCORE: 13.399

-------------------

/mˈuːr/ - /mˈʏtɛr/
m-m / ˈuː-ˈʏ / ∅-t / r-ɛ_r
{0: [0], 1: [1], 2: None, 3: [2]}
{0: [0], 1: [1], 2: [2], 3: [3, 4]}
SCORE: 12.561

-------------------

/mˈœsː/ - /mˈoi̯s/
m-m / ∅-ˈoi̯ / ˈœ-∅ / sː-∅ / #>-s_#>
{0: [0], 1: None, 2: [1], 3: [2], 4: None}
{0: [0], 1: [1], 2: None, 3: None, 4: [2]}
SCORE: -4.74

-------------------

/mˈɛnːɪɧa/ - /mˈɛnʃ/
m-m / ˈɛ-ˈɛ / nː-n / ɪ-∅ / ɧ-ʃ / a-∅
{0: [0], 1: [1], 2: [2], 3: [3], 4: [4], 5: [5]}
{0: [0], 1: [1], 2: [2], 3: None, 4: [3], 5: None}
SCORE: 14.129

-------------------

/mˈɵnː/ - /mˈɑi̯w/
m-m / ∅-ˈɑi̯ / ˈɵ-∅ / nː-∅ / #>-w_#>
{0: [0], 1: None, 2: [1], 3: [2], 4: None}
{0: [0], 1: [1], 2: None, 3: None, 4: [2]}
SCORE: -5.509

-------------------

/mˈʉːs/ - /mˈɑi̯s/
m-m / ˈʉː-ˈɑi̯ / s_#>-s_#>
{0: [0], 1: [1], 2: [2]}
{0: [0], 1: [1], 2: [2]}
SCORE: 20.41

-------------------

/mˈʏɡː/ - /mˈɘ̟k/
m-m / ˈʏ-ˈɘ̟ / ɡː-k
{0: [0], 1: [1], 2: [2]}
{0: [0], 1: [1], 2: [2]}
SCORE: 18.316

-------------------

/nˈamn/ - /nˈɔma/
<#_n-<#_n / ˈa-ˈɔ / m-m / ∅-a / n-∅
{0: [0], 1: [1], 2: [2], 3: None, 4: [3]}
{0: [0], 1: [1], 2: [2], 3: [3], 4: None}
SCORE: 11.721

-------------------

/nˈatː/ - /nˈɑxt/
<#_n-<#_n / ˈa-ˈɑ / tː-x_t
{0: [0], 1: [1], 2: [2]}
{0: [0], 1: [1], 2: [2, 3]}
SCORE: 18.936

-------------------

/nˈiː/ - /ˈir/
<#_n-<# / ˈiː_#>-ˈi_r_#>
{0: [0], 1: [1]}
{0: None, 1: [0, 1]}
SCORE: 0.086

-------------------

/nˈiːʊ/ - /nˈɑi̯n/
<#-<#_n / ∅-ˈɑi̯ / n-n / ˈiː-∅ / ʊ-∅
{0: None, 1: None, 2: [0], 3: [1], 4: [2]}
{0: [0], 1: [1], 2: [2], 3: None, 4: None}
SCORE: -5.196

-------------------

/nˈoːl/ - /nˈøwd̥/
<#_n-<#_n / ˈoː-ˈø / l-w / ∅-d̥
{0: [0], 1: [1], 2: [2], 3: None}
{0: [0], 1: [1], 2: [2], 3: [3]}
SCORE: 16.373

-------------------

/nˈyː/ - /nˈɑi̯ə/
<#_n-<#_n / ˈyː-ˈɑi̯ / #>-ə_#>
{0: [0], 1: [1], 2: None}
{0: [0], 1: [1], 2: [2]}
SCORE: 14.504

-------------------

/nˈɑːkɛn/ - /nˈɑkət/
<#_n-<#_n / ∅-ˈɑ / ˈɑː-∅ / k-k / ɛ_n-ə_t
{0: [0], 1: None, 2: [1], 3: [2], 4: [3, 4]}
{0: [0], 1: [1], 2: None, 3: [2], 4: [3, 4]}
SCORE: 5.774

-------------------

/nˈɑːɡɛl/ - /nˈi̯øl/
<#_n-<#_n / ∅-ˈi̯ø / ˈɑː-∅ / ɡ-∅ / ɛ-∅ / l-l
{0: [0], 1: None, 2: [1], 3: [2], 4: [3], 5: [4]}
{0: [0], 1: [1], 2: None, 3: None, 4: None, 5: [2]}
SCORE: -3.813

-------------------

/nˈɛːsa/ - /nˈɔs/
<#_n-<#_n / ˈɛː-ˈɔ / s-s / a-∅
{0: [0], 1: [1], 2: [2], 3: [3]}
{0: [0], 1: [1], 2: [2], 3: None}
SCORE: 11.14

-------------------

/pʰlˈuːɡ/ - /fwˈʏɡ̊/
∅-f / pʰ-∅ / l-w / ˈuː-ˈʏ / ɡ-ɡ̊
{0: None, 1: [0], 2: [1], 3: [2], 4: [3]}
{0: [0], 1: None, 2: [1], 3: [2], 4: [3]}
SCORE: 9.831

-------------------

/rˈiːk/ - /rˈai̯ç/
<#_r-<#_r / ˈiː-ˈai̯ / k-ç
{0: [0], 1: [1], 2: [2]}
{0: [0], 1: [1], 2: [2]}
SCORE: 22.706

-------------------

/rˈøːd/ - /rˈut/
<#_r-<#_r / ˈøː-ˈu / d-t
{0: [0], 1: [1], 2: [2]}
{0: [0], 1: [1], 2: [2]}
SCORE: 19.758

-------------------

/rˈøːk/ - /rˈɑi̯ç/
<#_r-<#_r / ∅-ˈɑi̯ / ˈøː-∅ / k-ç
{0: [0], 1: None, 2: [1], 3: [2]}
{0: [0], 1: [1], 2: None, 3: [2]}
SCORE: 7.089

-------------------

/rˈɛtː/ - /rˈaxt/
<#_r-<#_r / ˈɛ-ˈa / tː-x_t
{0: [0], 1: [1], 2: [2]}
{0: [0], 1: [1], 2: [2, 3]}
SCORE: 18.309

-------------------

/rˈɛŋn/ - /rˈan/
<#_r-<#_r / ˈɛ-ˈa / ŋ-∅ / n-n
{0: [0], 1: [1], 2: [2], 3: [3]}
{0: [0], 1: [1], 2: None, 3: [2]}
SCORE: 14.122

-------------------

/skˈarp/ - /ʃˈi̯øf/
s_k-ʃ / ˈa_r-ˈi̯ø / p-f
{0: [0, 1], 1: [2, 3], 2: [4]}
{0: [0], 1: [1], 2: [2]}
SCORE: 9.067

-------------------

/skˈuː/ - /ʃˈʏx/
s_k-ʃ / ˈuː-ˈʏ / ∅-x
{0: [0, 1], 1: [2], 2: None}
{0: [0], 1: [1], 2: [2]}
SCORE: 7.436

-------------------

/slˈoː/ - /ʃwˈøn/
s-ʃ / l-w / ˈoː-ˈø / #>-n_#>
{0: [0], 1: [1], 2: [2], 3: None}
{0: [0], 1: [1], 2: [2], 3: [3]}
SCORE: 17.07

-------------------

/snˈøː/ - /ʃnˈei̯/
s-ʃ / n-n / ˈøː-ˈei̯
{0: [0], 1: [1], 2: [2]}
{0: [0], 1: [1], 2: [2]}
SCORE: 15.049

-------------------

/sprˈoːk/ - /ʃprˈøx/
s-ʃ / ∅-p / p-∅ / r-r / ˈoː-ˈø / k-x
{0: [0], 1: None, 2: [1], 3: [2], 4: [3], 5: [4]}
{0: [0], 1: [1], 2: None, 3: [2], 4: [3], 5: [4]}
SCORE: 14.886

-------------------

/stˈeːn/ - /ʃtˈan/
s-ʃ / t-t / ˈeː-ˈa / n-n
{0: [0], 1: [1], 2: [2], 3: [3]}
{0: [0], 1: [1], 2: [2], 3: [3]}
SCORE: 22.819

-------------------

/stˈuːl/ - /ʃtˈʏl/
s-ʃ / t-t / ˈuː-ˈʏ / l-l
{0: [0], 1: [1], 2: [2], 3: [3]}
{0: [0], 1: [1], 2: [2], 3: [3]}
SCORE: 24.274

-------------------

/svˈaʈː/ - /ʃvˈi̯øʦ/
s-ʃ / v-v / ˈa-ˈi̯ø / ∅-ʦ / ʈː-∅
{0: [0], 1: [1], 2: [2], 3: None, 4: [3]}
{0: [0], 1: [1], 2: [2], 3: [3], 4: None}
SCORE: 5.494

-------------------

/svˈiːn/ - /ʃvˈai̯n/
s-ʃ / v-v / ˈiː-ˈai̯ / n-n
{0: [0], 1: [1], 2: [2], 3: [3]}
{0: [0], 1: [1], 2: [2], 3: [3]}
SCORE: 24.124

-------------------

/svˈæːɖ/ - /ʃvjˈɛrt/
s-ʃ / v-v / ∅-j / ∅-ˈɛ / ∅-r / ˈæː-∅ / ɖ-t
{0: [0], 1: [1], 2: None, 3: None, 4: None, 5: [2], 6: [3]}
{0: [0], 1: [1], 2: [2], 3: [3], 4: [4], 5: None, 6: [5]}
SCORE: -2.765

-------------------

/sˈalt/ - /zˈɑwʦ/
s-z / ˈa-ˈɑ / l-w / ∅-ʦ / t-∅
{0: [0], 1: [1], 2: [2], 3: None, 4: [3]}
{0: [0], 1: [1], 2: [2], 3: [3], 4: None}
SCORE: 7.218

-------------------

/sˈand/ - /zˈɑnd̥/
s-z / ˈa-ˈɑ / n-n / d-d̥
{0: [0], 1: [1], 2: [2], 3: [3]}
{0: [0], 1: [1], 2: [2], 3: [3]}
SCORE: 22.733

-------------------

/sˈeː/ - /zˈɑn/
s-z / ˈeː-ˈɑ / #>-n_#>
{0: [0], 1: [1], 2: None}
{0: [0], 1: [1], 2: [2]}
SCORE: 10.326

-------------------

/sˈiːda/ - /zˈai̯t/
s-z / ˈiː-ˈai̯ / d-t / a-∅
{0: [0], 1: [1], 2: [2], 3: [3]}
{0: [0], 1: [1], 2: [2], 3: None}
SCORE: 13.971

-------------------

/sˈoːn/ - /zˈun/
s-z / ∅-ˈu / ˈoː-∅ / n-n
{0: [0], 1: None, 2: [1], 3: [2]}
{0: [0], 1: [1], 2: None, 3: [2]}
SCORE: 3.699

-------------------

/sˈoːva/ - /ʃwˈøfa/
s-ʃ / ∅-w / ˈoː-ˈø / v-f / a-a
{0: [0], 1: None, 2: [1], 3: [2], 4: [3]}
{0: [0], 1: [1], 2: [2], 3: [3], 4: [4]}
SCORE: 18.086

-------------------

/sˈøːka/ - /zˈixa/
s-z / ˈøː-ˈi / k-x / a-a
{0: [0], 1: [1], 2: [2], 3: [3]}
{0: [0], 1: [1], 2: [2], 3: [3]}
SCORE: 21.052

-------------------

/sˈøːt/ - /zˈis/
s-z / ˈøː-ˈi / t-s
{0: [0], 1: [1], 2: [2]}
{0: [0], 1: [1], 2: [2]}
SCORE: 16.743

-------------------

/sˈɔmːar/ - /zˈumɛr/
s-z / ˈɔ-ˈu / mː-m / a-∅ / r-ɛ_r
{0: [0], 1: [1], 2: [2], 3: [3], 4: [4]}
{0: [0], 1: [1], 2: [2], 3: None, 4: [3, 4]}
SCORE: 15.272

-------------------

/sˈɛjːa/ - /zˈi̯øn/
s_ˈɛ-z / jː-ˈi̯ø / a-n
{0: [0, 1], 1: [2], 2: [3]}
{0: [0], 1: [1], 2: [2]}
SCORE: 8.527

-------------------

/sˈɛks/ - /zˈaks/
s-z / ˈɛ-ˈa / k-k / s_#>-s_#>
{0: [0], 1: [1], 2: [2], 3: [3]}
{0: [0], 1: [1], 2: [2], 3: [3]}
SCORE: 20.066

-------------------

/sˈɪmːa/ - /ʃvˈɘ̟ma/
s-ʃ_v / ˈɪ-ˈɘ̟ / mː-m / a-a
{0: [0], 1: [1], 2: [2], 3: [3]}
{0: [0, 1], 1: [2], 2: [3], 3: [4]}
SCORE: 20.545

-------------------

/sˈɪtːa/ - /zˈɘ̟ʦa/
s-z / ˈɪ-ˈɘ̟ / tː-ʦ / a-a
{0: [0], 1: [1], 2: [2], 3: [3]}
{0: [0], 1: [1], 2: [2], 3: [3]}
SCORE: 24.187

-------------------

/sˈʉːr/ - /zˈɑi̯vɛr/
s-z / ˈʉː-ˈɑi̯ / ∅-v / r-ɛ_r
{0: [0], 1: [1], 2: None, 3: [2]}
{0: [0], 1: [1], 2: [2], 3: [3, 4]}
SCORE: 9.156

-------------------

/sˈʏstɛr/ - /ʃvˈɑstɛr/
s-ʃ / ˈʏ-∅ / s-v / ∅-ˈɑ / t-s_t / ɛ-ɛ / r-r
{0: [0], 1: [1], 2: [2], 3: None, 4: [3], 5: [4], 6: [5]}
{0: [0], 1: None, 2: [1], 3: [2], 4: [3, 4], 5: [5], 6: [6]}
SCORE: 11.506

-------------------

/tʰrˈeː/ - /drˈai̯/
tʰ-d / r-r / ∅-ˈai̯ / ˈeː-∅
{0: [0], 1: [1], 2: None, 3: [2]}
{0: [0], 1: [1], 2: [2], 3: None}
SCORE: 4.514

-------------------

/tʰrˈɛtːɔn/ - /drˈɛʦɑ/
tʰ-d / r-r / ˈɛ-ˈɛ / tː-ʦ / ɔ-ɑ / n-∅
{0: [0], 1: [1], 2: [2], 3: [3], 4: [4], 5: [5]}
{0: [0], 1: [1], 2: [2], 3: [3], 4: [4], 5: None}
SCORE: 29.407

-------------------

/tʰvˈoː/ - /ʦvˈɛ/
tʰ-ʦ / v-v / ∅-ˈɛ / ˈoː-∅
{0: [0], 1: [1], 2: None, 3: [2]}
{0: [0], 1: [1], 2: [2], 3: None}
SCORE: 5.209

-------------------

/tʰˈakːa/ - /dˈɑŋka/
tʰ-d / ˈa-ˈɑ / ∅-ŋ / ∅-k / kː-∅ / a-a
{0: [0], 1: [1], 2: None, 3: None, 4: [2], 5: [3]}
{0: [0], 1: [1], 2: [2], 3: [3], 4: None, 5: [4]}
SCORE: 4.045

-------------------

/tʰˈand/ - /ʦˈɔn/
tʰ-ʦ / ˈa-ˈɔ / n-n / d-∅
{0: [0], 1: [1], 2: [2], 3: [3]}
{0: [0], 1: [1], 2: [2], 3: None}
SCORE: 14.2

-------------------

/tʰˈiːd/ - /ʦˈai̯t/
tʰ-ʦ / ˈiː-ˈai̯ / d-t
{0: [0], 1: [1], 2: [2]}
{0: [0], 1: [1], 2: [2]}
SCORE: 19.744

-------------------

/tʰˈiːʊ/ - /ʦˈɑn/
tʰ-ʦ / ∅-ˈɑ / ˈiː-∅ / ʊ-∅ / #>-n_#>
{0: [0], 1: None, 2: [1], 3: [2], 4: None}
{0: [0], 1: [1], 2: None, 3: None, 4: [2]}
SCORE: -7.255

-------------------

/tʰˈɔlv/ - /ʦvˈɛwf/
tʰ-ʦ / ∅-v / ∅-ˈɛ / ˈɔ-∅ / l-w / v_#>-f_#>
{0: [0], 1: None, 2: None, 3: [1], 4: [2], 5: [3]}
{0: [0], 1: [1], 2: [2], 3: None, 4: [3], 5: [4]}
SCORE: 1.47

-------------------

/tʰˈɛkːɛn/ - /ʦˈaxa/
tʰ-ʦ / ˈɛ-ˈa / kː-x / ∅-a / ɛ-∅ / n-∅
{0: [0], 1: [1], 2: [2], 3: None, 4: [3], 5: [4]}
{0: [0], 1: [1], 2: [2], 3: [3], 4: None, 5: None}
SCORE: 0.208

-------------------

/tʰˈɵnː/ - /dˈɘ̟n/
tʰ-d / ˈɵ-ˈɘ̟ / nː-n
{0: [0], 1: [1], 2: [2]}
{0: [0], 1: [1], 2: [2]}
SCORE: 18.327

-------------------

/tʰˈʉːsɛn/ - /tˈɑi̯zət/
<#-<#_t / tʰ-∅ / ˈʉː-ˈɑi̯ / s-z / ɛ_n-ə_t
{0: None, 1: [0], 2: [1], 3: [2], 4: [3, 4]}
{0: [0], 1: None, 2: [1], 3: [2], 4: [3, 4]}
SCORE: 9.964

-------------------

/tʰˈʊŋːa/ - /ʦˈuŋɡ̊/
tʰ-ʦ / ˈʊ-ˈu / ŋː-ŋ / a-ɡ̊
{0: [0], 1: [1], 2: [2], 3: [3]}
{0: [0], 1: [1], 2: [2], 3: [3]}
SCORE: 11.733

-------------------

/tʰˈʏsk/ - /dˈɑi̯tʃ/
tʰ-d / ∅-ˈɑi̯ / ˈʏ-∅ / s-t / k-ʃ
{0: [0], 1: None, 2: [1], 3: [2], 4: [3]}
{0: [0], 1: [1], 2: None, 3: [2], 4: [3]}
SCORE: 2.639

-------------------

/vˈarm/ - /vˈi̯øm/
v-v / ˈa_r-ˈi̯ø / m-m
{0: [0], 1: [1, 2], 2: [3]}
{0: [0], 1: [1], 2: [2]}
SCORE: 16.09

-------------------

/vˈatːɛn/ - /vˈɔsɛr/
v-v / ˈa-ˈɔ / tː-s / ɛ-ɛ / n-∅ / #>-r_#>
{0: [0], 1: [1], 2: [2], 3: [3], 4: [4], 5: None}
{0: [0], 1: [1], 2: [2], 3: [3], 4: None, 5: [4]}
SCORE: 13.442

-------------------

/vˈeːk/ - /vˈax/
v-v / ˈeː-ˈa / k-x
{0: [0], 1: [1], 2: [2]}
{0: [0], 1: [1], 2: [2]}
SCORE: 19.951

-------------------

/vˈeːta/ - /vˈɘ̟sa/
v-v / ∅-ˈɘ̟ / ˈeː-∅ / t-s / a-a
{0: [0], 1: None, 2: [1], 3: [2], 4: [3]}
{0: [0], 1: [1], 2: None, 3: [2], 4: [3]}
SCORE: 9.106

-------------------

/vˈiː/ - /vˈir/
v-v / ˈiː_#>-ˈi_r_#>
{0: [0], 1: [1]}
{0: [0], 1: [1, 2]}
SCORE: 8.623

-------------------

/vˈiːn/ - /vˈai̯n/
v-v / ˈiː-ˈai̯ / n-n
{0: [0], 1: [1], 2: [2]}
{0: [0], 1: [1], 2: [2]}
SCORE: 19.846

-------------------

/vˈiːt/ - /wˈai̯s/
<#-<#_w / v-∅ / ˈiː-ˈai̯ / t-s
{0: None, 1: [0], 2: [1], 3: [2]}
{0: [0], 1: None, 2: [1], 3: [2]}
SCORE: 7.075

-------------------

/vˈɑːd/ - /vˈɑs/
v-v / ∅-ˈɑ / ˈɑː-∅ / d-∅ / #>-s_#>
{0: [0], 1: None, 2: [1], 3: [2], 4: None}
{0: [0], 1: [1], 2: None, 3: None, 4: [2]}
SCORE: -5.648

-------------------

/vˈɛkːa/ - /vˈɔx/
v-v / ˈɛ-ˈɔ / kː-x / a-∅
{0: [0], 1: [1], 2: [2], 3: [3]}
{0: [0], 1: [1], 2: [2], 3: None}
SCORE: 7.982

-------------------

/vˈɛːɡ/ - /vˈaɡ̊/
v-v / ∅-ˈa / ˈɛː-∅ / ɡ-ɡ̊
{0: [0], 1: None, 2: [1], 3: [2]}
{0: [0], 1: [1], 2: None, 3: [2]}
SCORE: 4.994

-------------------

/vˈɪld/ - /vˈɘ̟wd̥/
v-v / ˈɪ-ˈɘ̟ / l-w / d-d̥
{0: [0], 1: [1], 2: [2], 3: [3]}
{0: [0], 1: [1], 2: [2], 3: [3]}
SCORE: 23.304

-------------------

/vˈɪnd/ - /vˈɘ̟nd̥/
v-v / ˈɪ-ˈɘ̟ / n-n / d-d̥
{0: [0], 1: [1], 2: [2], 3: [3]}
{0: [0], 1: [1], 2: [2], 3: [3]}
SCORE: 24.188

-------------------

/vˈɪntɛr/ - /vˈɘ̟ntɛr/
v-v / ˈɪ-ˈɘ̟ / n-n / t-t / ɛ-ɛ / r-r
{0: [0], 1: [1], 2: [2], 3: [3], 4: [4], 5: [5]}
{0: [0], 1: [1], 2: [2], 3: [3], 4: [4], 5: [5]}
SCORE: 32.745

-------------------

/ɕˈɛnːa/ - /kˈɛna/
∅-k / ɕ-∅ / ˈɛ-ˈɛ / nː-n / a-a
{0: None, 1: [0], 2: [1], 3: [2], 4: [3]}
{0: [0], 1: None, 2: [1], 3: [2], 4: [3]}
SCORE: 9.751

-------------------

/ɕˈʉːv/ - /dˈib̥/
<#-<#_d / ɕ-∅ / ˈʉː-ˈi / v_#>-b̥_#>
{0: None, 1: [0], 2: [1], 3: [2]}
{0: [0], 1: None, 2: [1], 3: [2]}
SCORE: 5.085

-------------------

/ɡrˈøːn/ - /ɡrˈin/
ɡ-ɡ / r-r / ˈøː-ˈi / n-n
{0: [0], 1: [1], 2: [2], 3: [3]}
{0: [0], 1: [1], 2: [2], 3: [3]}
SCORE: 22.556

-------------------

/ɡrˈɛːs/ - /ɡrˈɔs/
ɡ-ɡ / r-r / ˈɛː-ˈɔ / s_#>-s_#>
{0: [0], 1: [1], 2: [2], 3: [3]}
{0: [0], 1: [1], 2: [2], 3: [3]}
SCORE: 22.066

-------------------

/ɡˈoː/ - /ɡˈei̯n/
ɡ-ɡ / ∅-ˈei̯ / ˈoː-∅ / #>-n_#>
{0: [0], 1: None, 2: [1], 3: None}
{0: [0], 1: [1], 2: None, 3: [2]}
SCORE: -1.519

-------------------

/ɡˈoːs/ - /ɡˈɑns/
ɡ-ɡ / ∅-ˈɑ / ∅-n / ˈoː-∅ / s_#>-s_#>
{0: [0], 1: None, 2: None, 3: [1], 4: [2]}
{0: [0], 1: [1], 2: [2], 3: None, 4: [3]}
SCORE: 0.986

-------------------

/ɡˈuːd/ - /ɡˈʏt/
ɡ-ɡ / ˈuː-ˈʏ / d-t
{0: [0], 1: [1], 2: [2]}
{0: [0], 1: [1], 2: [2]}
SCORE: 21.323

-------------------

/ɡˈɵld/ - /ɡˈuwd̥/
ɡ-ɡ / ˈɵ-ˈu / l-w / d-d̥
{0: [0], 1: [1], 2: [2], 3: [3]}
{0: [0], 1: [1], 2: [2], 3: [3]}
SCORE: 23.972

-------------------

/ɡˈʉːd/ - /ɡˈøt/
ɡ-ɡ / ∅-ˈø / ˈʉː-∅ / d-t
{0: [0], 1: None, 2: [1], 3: [2]}
{0: [0], 1: [1], 2: None, 3: [2]}
SCORE: 4.864

-------------------

/ɡˈʉːl/ - /ɡˈɑw/
ɡ-ɡ / ˈʉː-∅ / l-ˈɑ / #>-w_#>
{0: [0], 1: [1], 2: [2], 3: None}
{0: [0], 1: None, 2: [1], 3: [2]}
SCORE: 4.53

-------------------

/ɧˈøː/ - /mˈir/
∅-m / ɧ-∅ / ˈøː-ˈi / #>-r_#>
{0: None, 1: [0], 2: [1], 3: None}
{0: [0], 1: None, 2: [1], 3: [2]}
SCORE: -5.237

-------------------

/ɧˈøːn/ - /ʃˈei̯nə/
ɧ-ʃ / ˈøː-ˈei̯ / n-n / #>-ə_#>
{0: [0], 1: [1], 2: [2], 3: None}
{0: [0], 1: [1], 2: [2], 3: [3]}
SCORE: 12.894

-------------------

/ɧˈɛlv/ - /zˈɑi̯vɛr/
ɧ-z / ∅-ˈɑi̯ / ˈɛ-∅ / l-∅ / v-v / ∅-ɛ / #>-r_#>
{0: [0], 1: None, 2: [1], 3: [2], 4: [3], 5: None, 6: None}
{0: [0], 1: [1], 2: None, 3: None, 4: [2], 5: [3], 6: [4]}
SCORE: -10.07

-------------------

/ɧˈɛːl/ - /zˈei̯w/
ɧ-z_ˈei̯ / ˈɛː-∅ / l-w
{0: [0], 1: [1], 2: [2]}
{0: [0, 1], 1: None, 2: [2]}
SCORE: 3.905

-------------------

/ɧˈɵŋːa/ - /zˈɘ̟ŋɟa/
ɧ-z / ˈɵ-ˈɘ̟ / ŋː-ŋ_ɟ / a-a
{0: [0], 1: [1], 2: [2], 3: [3]}
{0: [0], 1: [1], 2: [2, 3], 3: [4]}
SCORE: 17.778

-------------------

/ɧˈʉː/ - /zˈei̯va/
ɧ-z_ˈei̯ / ∅-v / ∅-a / ˈʉː-∅
{0: [0], 1: None, 2: None, 3: [1]}
{0: [0, 1], 1: [2], 2: [3], 3: None}
SCORE: -9.41

-------------------

/ɧˈʉːta/ - /ʃˈisa/
ɧ-ʃ / ˈʉː-ˈi / t-s / a-a
{0: [0], 1: [1], 2: [2], 3: [3]}
{0: [0], 1: [1], 2: [2], 3: [3]}
SCORE: 21.67

-------------------

/ˈanːan/ - /ˈɑndɛr/
ˈa-ˈɑ / nː-n_d / ∅-ɛ / a-∅ / n-∅ / #>-r_#>
{0: [0], 1: [1], 2: None, 3: [2], 4: [3], 5: None}
{0: [0], 1: [1, 2], 2: [3], 3: None, 4: None, 5: [4]}
SCORE: -6.708

-------------------

/ˈaska/ - /ˈɔʃ/
ˈa-ˈɔ / s_k-ʃ / a-∅
{0: [0], 1: [1, 2], 2: [3]}
{0: [0], 1: [1], 2: None}
SCORE: 5.706

-------------------

/ˈeːk/ - /ˈax/
ˈeː-ˈa / k-x
{0: [0], 1: [1]}
{0: [0], 1: [1]}
SCORE: 15.015

-------------------

/ˈiːs/ - /ˈai̯s/
ˈiː-ˈai̯ / s_#>-s_#>
{0: [0], 1: [1]}
{0: [0], 1: [1]}
SCORE: 15.688

-------------------

/ˈuːɖ/ - /vjˈʏt/
∅-v / ∅-j / ˈuː-ˈʏ / ɖ-t
{0: None, 1: None, 2: [0], 3: [1]}
{0: [0], 1: [1], 2: [2], 3: [3]}
SCORE: 4.481

-------------------

/ˈøːvɛr/ - /ˈei̯vɛr/
ˈøː-ˈei̯ / v-v / ɛ-ɛ / r-r
{0: [0], 1: [1], 2: [2], 3: [3]}
{0: [0], 1: [1], 2: [2], 3: [3]}
SCORE: 21.294

-------------------

/ˈøːɡa/ - /ˈɑi̯ɡ̊/
<#_ˈøː-<# / ∅-ˈɑi̯ / ɡ_a-ɡ̊
{0: [0], 1: None, 2: [1, 2]}
{0: None, 1: [0], 2: [1]}
SCORE: -3.562

-------------------

/ˈœnska/ - /vˈɘ̟nʧa/
∅-v / ∅-ˈɘ̟ / ˈœ-∅ / n-n / s_k-ʧ / a-a
{0: None, 1: None, 2: [0], 3: [1], 4: [2, 3], 5: [4]}
{0: [0], 1: [1], 2: None, 3: [2], 4: [3], 5: [4]}
SCORE: 0.016

-------------------

/ˈɔtːa/ - /ˈɑxt/
∅-ˈɑ / ˈɔ-x / tː-t / a-∅
{0: None, 1: [0], 2: [1], 3: [2]}
{0: [0], 1: [1], 2: [2], 3: None}
SCORE: -2.044

-------------------

/ˈɛlva/ - /ˈalf/
<#_ˈɛ-<#_ˈa / l-l / v-f / a-∅
{0: [0], 1: [1], 2: [2], 3: [3]}
{0: [0], 1: [1], 2: [2], 3: None}
SCORE: 11.209

-------------------

/ˈɛnː/ - /ˈan/
<#_ˈɛ-<#_ˈa / nː-n
{0: [0], 1: [1]}
{0: [0], 1: [1]}
SCORE: 13.4

-------------------

/ˈɛpːlɛ/ - /ˈɛpuw/
ˈɛ-ˈɛ / ∅-p / ∅-u / pː-∅ / l-w / ɛ_#>-#>
{0: [0], 1: None, 2: None, 3: [1], 4: [2], 5: [3]}
{0: [0], 1: [1], 2: [2], 3: None, 4: [3], 5: None}
SCORE: -4.618

-------------------

/ˈɛɡː/ - /ˈai̯/
ˈɛ-ˈai̯ / ɡː-∅
{0: [0], 1: [1]}
{0: [0], 1: None}
SCORE: 2.561

-------------------

/ˈɛːta/ - /ˈɑsa/
ˈɛː-ˈɑ / t-s / a-a
{0: [0], 1: [1], 2: [2]}
{0: [0], 1: [1], 2: [2]}
SCORE: 17.161

-------------------

/ˈɵlv/ - /vˈuf/
ˈɵ-v_ˈu / l-∅ / v_#>-f_#>
{0: [0], 1: [1], 2: [2]}
{0: [0, 1], 1: None, 2: [2]}
SCORE: 3.592

-------------------

/ˈɵndɛr/ - /vˈundɛr/
ˈɵ-v_ˈu / n-n / d-d / ɛ-ɛ / r-r
{0: [0], 1: [1], 2: [2], 3: [3], 4: [4]}
{0: [0, 1], 1: [2], 2: [3], 3: [4], 4: [5]}
SCORE: 22.672

-------------------

/ˈɵndɛr/ - /ˈundɛr/
ˈɵ-ˈu / n-n / d-d / ɛ-ɛ / r-r
{0: [0], 1: [1], 2: [2], 3: [3], 4: [4]}
{0: [0], 1: [1], 2: [2], 3: [3], 4: [4]}
SCORE: 27.075

-------------------

/ˈɵpː/ - /ˈuf/
ˈɵ-ˈu / pː-∅ / #>-f_#>
{0: [0], 1: [1], 2: None}
{0: [0], 1: None, 2: [1]}
SCORE: 3.526

-------------------

/ˈɵŋː/ - /jˈuŋɡ̊/
∅-j / ˈɵ-ˈu / ŋː-ŋ / #>-ɡ̊_#>
{0: None, 1: [0], 2: [1], 3: None}
{0: [0], 1: [1], 2: [2], 3: [3]}
SCORE: 5.491

-------------------

/ˈʉːt/ - /ˈɑi̯s/
ˈʉː-ˈɑi̯ / t-s
{0: [0], 1: [1]}
{0: [0], 1: [1]}
SCORE: 14.009
