/bɫˈeɪ̯d/ - /blˈat/
[1/1] <#_b-<#_b / ɫ-l / ˈeɪ̯-ˈa / d_#>-t_#>

-------------------

/bɫˈid/ - /blˈɔʏ̯dn̩/
[1/1] <#_b-<#_b / ɫ-l / ˈi-ˈɔʏ̯ / d-d_n

-------------------

/bɫˈum/ - /blˈaʊ̯m/
[1/1] <#_b-<#_b / ɫ-l / ˈu-ˈaʊ̯ / m_#>-m_#>

-------------------

/bɫˈʌd/ - /blˈaʊ̯t/
[1/1] <#_b-<#_b / ɫ-l / ˈʌ-ˈaʊ̯ / d_#>-t_#>

-------------------

/bɹˈu/ - /brˈuːɡn̩/
[1/1] <#_b-<#_b / ɹ-r / ∅-ˈuː / ∅-ɡ / ˈu-n

-------------------

/bɹˈɛd/ - /brˈaʊ̯t/
[1/1] <#_b-<#_b / ɹ-r / ˈɛ-ˈaʊ̯ / d_#>-t_#>

-------------------

/bɹˈɛst/ - /bˈɔst/
[1/1] <#_b-<#_b / ɹ-ˈɔ / ˈɛ_s-s / t-t

-------------------

/bɹˈɪʤ/ - /brˈʏç/
[1/1] <#_b-<#_b / ɹ-r / ˈɪ-ˈʏ / ʤ-ç

-------------------

/bɹˈʌðɚ/ - /brˈaʊ̯ɾæ/
[1/1] <#_b-<#_b / ɹ-r / ˈʌ_ð-ˈaʊ̯_ɾ / ɚ_#>-æ_#>

-------------------

/bˈaɪ̯nd/ - /bˈɪn̩/
[1/1] <#_b-<#_b / ˈaɪ̯-ˈɪ / n_d-n

-------------------

/bˈim/ - /bˈaʊ̯m/
[1/1] <#_b-<#_b / ˈi-ˈaʊ̯ / m_#>-m_#>

-------------------

/bˈoʊ̯n/ - /bˈae̯n/
[1/1] <#_b-<#_b / ˈoʊ̯-ˈae̯ / n_#>-n_#>

-------------------

/bˈoʊ̯ʔ/ - /bˈaʊ̯t/
[1/1] <#_b-<#_b / ˈoʊ̯-ˈaʊ̯ / ʔ_#>-t_#>

-------------------

/bˈæɹoʊ̯/ - /bˈaːx/
[1/1] <#_b-<#_b / ˈæ-ˈaː / ɹ-∅ / oʊ̯-x

-------------------

/bˈæθ/ - /bˈaːd/
[1/1] <#_b-<#_b / ˈæ-ˈaː / θ_#>-d_#>

-------------------

/bˈɛɚ/ - /bˈoːæ/
[1/1] <#_b-<#_b / ˈɛ-ˈoː / ɚ_#>-æ_#>

-------------------

/bˈɛɹi/ - /bˈaɪ̯æ/
[1/1] <#_b-<#_b / ˈɛ-ˈaɪ̯ / ɹ-æ / i-∅

-------------------

/bˈɛɾɚ/ - /bˈɛːɾæ/
[1/1] <#_b-<#_b / ˈɛ-ˈɛː / ɾ-ɾ / ɚ_#>-æ_#>

-------------------

/bˈɪd/ - /bˈae̯dn̩/
[1/1] <#_b-<#_b / ˈɪ-ˈae̯ / d-d_n

-------------------

/bˈɪd/ - /bˈɪɾn̩/
[1/1] <#_b-<#_b / ˈɪ-ˈɪ / ∅-ɾ / d-n

-------------------

/bˈʊk/ - /bˈaʊ̯k/
[1/1] <#_b-<#_b / ˈʊ-ˈaʊ̯ / k_#>-k_#>

-------------------

/bˈʌɪ̯ʔ/ - /bˈiːtn̩/
[1/1] <#_b-<#_b / ˈʌɪ̯-ˈiː / ʔ-t_n

-------------------

/dɹˈaɪ̯/ - /drˈɔʏ̯ç/
[1/1] <#_d-<#_d / ɹ-r / ∅-ˈɔʏ̯ / ˈaɪ̯-ç

-------------------

/dɹˈaɪ̯v/ - /drˈiːm/
[1/1] <#_d-<#_d / ɹ-r / ˈaɪ̯-ˈiː / v-m

-------------------

/dɹˈim/ - /drˈaʊ̯m/
[1/1] <#_d-<#_d / ɹ-r / ˈi-ˈaʊ̯ / m_#>-m_#>

-------------------

/dɹˈim/ - /drˈɔʏ̯m/
[1/1] <#_d-<#_d / ɹ-r / ˈi-ˈɔʏ̯ / m_#>-m_#>

-------------------

/dɹˈɪŋk/ - /drˈɪŋkn̩/
[1/1] <#_d-<#_d / ɹ-r / ˈɪ_ŋ-ˈɪ_ŋ / k-k_n

-------------------

/dˈeɪ̯/ - /dˈax/
[1/1] <#_d-<#_d / ˈeɪ̯-ˈa_x

-------------------

/dˈip/ - /dˈae̯p/
[1/1] <#_d-<#_d / ˈi-ˈae̯ / p_#>-p_#>

-------------------

/dˈiɚ/ - /dˈiːæt/
[1/1] <#_d-<#_d / ˈi_ɚ-ˈiː_æ / #>-t_#>

-------------------

/dˈiɚ/ - /dˈyːæ/
[1/1] <#_d-<#_d / ˈi-ˈyː / ɚ_#>-æ_#>

-------------------

/dˈoʊ̯/ - /dˈae̯ç/
[1/1] <#_d-<#_d / ˈoʊ̯-ˈae̯ / ∅-ç

-------------------

/dˈɑɾɚ/ - /dˈɔxtæ/
[1/1] <#_d-<#_d / ˈɑ-ˈɔ / ∅-x / ɾ-t / ɚ_#>-æ_#>

-------------------

/dˈɛd/ - /dˈoːd/
[1/1] <#_d-<#_d / ˈɛ-ˈoː / d_#>-d_#>

-------------------

/dˈɛθ/ - /dˈaʊ̯d/
[1/1] <#_d-<#_d / ˈɛ-ˈaʊ̯ / θ_#>-d_#>

-------------------

/dˈʌv/ - /dˈuːf/
[1/1] <#_d-<#_d / ˈʌ-ˈuː / v_#>-f_#>

-------------------

/fɫˈaɪ̯/ - /flˈae̯ç/
[1/1] <#_f-<#_f / ɫ-l / ∅-ˈae̯ / ˈaɪ̯-ç

-------------------

/fɫˈaɪ̯/ - /flˈae̯ŋ/
[1/1] <#_f-<#_f / ɫ-l / ˈaɪ̯-ˈae̯ / #>-ŋ_#>

-------------------

/fɫˈɛʃ/ - /flˈae̯ʃ/
[1/1] <#_f-<#_f / ɫ-l / ˈɛ-ˈae̯ / ʃ_#>-ʃ_#>

-------------------

/fɹˈi/ - /frˈiː/
[1/1] <#_f-<#_f / ɹ-r / ˈi_#>-ˈiː_#>

-------------------

/fɹˈiz/ - /frˈaɪ̯æn/
[1/1] <#_f-<#_f / ɹ-r / ∅-ˈaɪ̯ / ˈi-æ / z-n

-------------------

/fɹˈɛnd/ - /frˈʏnd/
[1/1] <#_f-<#_f / ɹ-r / ˈɛ-ˈʏ / n-n / d_#>-d_#>

-------------------

/fɹˈɛʃ/ - /frˈɪʃ/
[1/1] <#_f-<#_f / ɹ-r / ˈɛ-ˈɪ / ʃ_#>-ʃ_#>

-------------------

/fˈaɪ̯nd/ - /fˈɪn̩/
[1/1] <#_f-<#_f / ˈaɪ̯-ˈɪ / n_d-n

-------------------

/fˈaɪ̯v/ - /fˈiːf/
[1/1] <#_f-<#_f / ˈaɪ̯-ˈiː / v_#>-f_#>

-------------------

/fˈaɪ̯ɚ/ - /fˈyːæ/
[1/1] <#_f-<#_f / ˈaɪ̯-ˈyː / ɚ_#>-æ_#>

-------------------

/fˈaʊ̯ɫ/ - /fˈɒːɡl̩/
[1/1] <#_f-<#_f / ˈaʊ̯-ˈɒː / ɫ_#>-ɡ_l_#>

-------------------

/fˈiɫ/ - /fˈɔʏ̯ln̩/
[1/1] <#_f-<#_f / ˈi-ˈɔʏ̯ / ɫ-l / ∅-n

-------------------

/fˈiʔ/ - /fˈɔʏ̯t/
[1/1] <#_f-<#_f / ˈi-ˈɔʏ̯ / ʔ_#>-t_#>

-------------------

/fˈɑks/ - /fˈɔs/
[1/1] <#_f-<#_f / ˈɑ-ˈɔ / k-∅ / s_#>-s_#>

-------------------

/fˈɑðɚ/ - /fˈaɾæ/
[1/1] <#_f-<#_f / ˈɑ-ˈa / ð-ɾ / ɚ_#>-æ_#>

-------------------

/fˈɑɫoʊ̯/ - /fˈɔlɡn̩/
[1/1] <#_f-<#_f / ˈɑ-ˈɔ / ɫ-l / ∅-ɡ / oʊ̯-n

-------------------

/fˈɔɹ/ - /fˈiːæ/
[1/1] <#_f-<#_f / ˈɔ-ˈiː / ɹ_#>-æ_#>

-------------------

/fˈɔɹ/ - /fˈœːæ/
[1/1] <#_f-<#_f / ˈɔ-ˈœː / ɹ_#>-æ_#>

-------------------

/fˈɛðɚ/ - /fˈɛɾæ/
[1/1] <#_f-<#_f / ˈɛ-ˈɛ / ð-ɾ / ɚ_#>-æ_#>

-------------------

/fˈɪŋɡɚ/ - /fˈɪŋæ/
[1/1] <#_f-<#_f / ˈɪ-ˈɪ / ŋ_ɡ-ŋ / ɚ_#>-æ_#>

-------------------

/fˈɪʃ/ - /fˈɪʃ/
[1/1] <#_f-<#_f / ˈɪ-ˈɪ / ʃ_#>-ʃ_#>

-------------------

/fˈʊɫ/ - /fˈʊl/
[1/1] <#_f-<#_f / ˈʊ_ɫ-ˈʊ_l

-------------------

/fˈʊʔ/ - /fˈaʊ̯t/
[1/1] <#_f-<#_f / ˈʊ-ˈaʊ̯ / ʔ_#>-t_#>

-------------------

/hˈaɪ̯/ - /hˈaʊ̯x/
[1/1] <#_h-<#_h / ˈaɪ̯_#>-ˈaʊ̯_x_#>

-------------------

/hˈaɪ̯d/ - /hˈuːt/
[1/1] <#_h-<#_h / ˈaɪ̯-ˈuː / d_#>-t_#>

-------------------

/hˈaʊ̯nd/ - /hˈʊnd/
[1/1] <#_h-<#_h / ˈaʊ̯-ˈʊ / n-n / d_#>-d_#>

-------------------

/hˈaʊ̯s/ - /hˈuːs/
[1/1] <#_h-<#_h / ˈaʊ̯-ˈuː / s_#>-s_#>

-------------------

/hˈeɪ̯ʔ/ - /hˈaːtn̩/
[1/1] <#_h-<#_h / ˈeɪ̯-ˈaː / ʔ-t_n

-------------------

/hˈiɚ/ - /hˈiːæ/
[1/1] <#_h-<#_h / ˈi_ɚ-ˈiː_æ

-------------------

/hˈiɚ/ - /hˈyːæn/
[1/1] <#_h-<#_h / ˈi_ɚ-ˈyː_æ / ∅-n

-------------------

/hˈoʊ̯ɫi/ - /hˈɪlɪç/
[1/1] <#_h-<#_h / ˈoʊ̯-ˈɪ / ɫ-l / i-ɪ_ç

-------------------

/hˈæf/ - /hˈalf/
[1/1] <#_h-<#_h / ˈæ-ˈa_l / f_#>-f_#>

-------------------

/hˈænd/ - /hˈand/
[1/1] <#_h-<#_h / ˈæ-ˈa / n-n / d_#>-d_#>

-------------------

/hˈæv/ - /hˈɛbm̩/
[1/1] <#_h-<#_h / ˈæ-ˈɛ / v-b_m

-------------------

/hˈɑɹʔ/ - /hˈaːt/
[1/1] <#_h-<#_h / ˈɑ_ɹ-ˈaː / ʔ_#>-t_#>

-------------------

/hˈɑʔ/ - /hˈae̯t/
[1/1] <#_h-<#_h / ˈɑ-ˈae̯ / ʔ_#>-t_#>

-------------------

/hˈɔɹn/ - /hˈuːæn/
[1/1] <#_h-<#_h / ˈɔ_ɹ-ˈuː_æ / n_#>-n_#>

-------------------

/hˈɛd/ - /hˈœft/
[1/1] <#_h-<#_h / ∅-ˈœ / ˈɛ-f / d_#>-t_#>

-------------------

/hˈɛn/ - /hˈɛn/
[1/1] <#_h-<#_h / ˈɛ-ˈɛ / n_#>-n_#>

-------------------

/hˈɛɚ/ - /hˈoːæ/
[1/1] <#_h-<#_h / ˈɛ-ˈoː / ɚ_#>-æ_#>

-------------------

/hˈɛɚ/ - /hˈɒːs/
[1/1] <#_h-<#_h / ˈɛ-ˈɒː / ɚ-s

-------------------

/hˈɛɫp/ - /hˈɛlpn̩/
[1/1] <#_h-<#_h / ˈɛ-ˈɛ / ɫ-l / p-p_n

-------------------

/hˈʌndɹəd/ - /hˈʊnæt/
[1/1] <#_h-<#_h / ˈʌ-ˈʊ / n_d-n / ɹ-æ / ə-∅ / d_#>-t_#>

-------------------

/hˈʌni/ - /hˈɔnɪç/
[1/1] <#_h-<#_h / ˈʌ-ˈɔ / n-n / i-ɪ_ç

-------------------

/hˈʌŋɡɚ/ - /hˈʊŋæ/
[1/1] <#_h-<#_h / ˈʌ-ˈʊ / ŋ_ɡ-ŋ / ɚ_#>-æ_#>

-------------------

/jˈiɚ/ - /jˈoːæ/
[1/1] <#_j-<#_j / ˈi-ˈoː / ɚ_#>-æ_#>

-------------------

/jˈɑɹn/ - /ɡˈoːæn/
[1/1] j-ɡ / ˈɑ-ˈoː / ɹ-æ / n_#>-n_#>

-------------------

/jˈɛɫoʊ̯/ - /jˈɛl/
[1/1] <#_j-<#_j / ˈɛ-ˈɛ / ɫ_oʊ̯-l

-------------------

/jˈʌŋ/ - /jˈʊŋk/
[1/1] <#_j-<#_j / ˈʌ-ˈʊ / ŋ-ŋ_k

-------------------

/kʰˈaʊ̯/ - /kʰˈaʊ̯/
[1/1] <#_kʰ-<#_kʰ / ˈaʊ̯-ˈaʊ̯

-------------------

/kʰˈoʊ̯ɫd/ - /kʰˈaʊ̯lt/
[1/1] <#_kʰ-<#_kʰ / ˈoʊ̯-ˈaʊ̯ / ɫ-l / d_#>-t_#>

-------------------

/kʰˈæf/ - /kʰˈalf/
[1/1] <#_kʰ-<#_kʰ / ˈæ-ˈa_l / f_#>-f_#>

-------------------

/kʰˈæn/ - /kʰˈœːn̩/
[1/1] <#_kʰ-<#_kʰ / ˈæ-ˈœː / n_#>-n_#>

-------------------

/kʰˈæʔ/ - /kʰˈat/
[1/1] <#_kʰ-<#_kʰ / ˈæ-ˈa / ʔ_#>-t_#>

-------------------

/kʰˈɛn/ - /kʰˈɛn̩/
[1/1] <#_kʰ-<#_kʰ / ˈɛ-ˈɛ / n_#>-n_#>

-------------------

/kʰˈʌm/ - /kʰˈɒːm/
[1/1] <#_kʰ-<#_kʰ / ˈʌ-ˈɒː / m_#>-m_#>

-------------------

/mˈaʊ̯s/ - /mˈuːs/
[1/1] <#_m-<#_m / ˈaʊ̯-ˈuː / s_#>-s_#>

-------------------

/mˈaʊ̯θ/ - /mˈuːl/
[1/1] <#_m-<#_m / ˈaʊ̯-ˈuː / θ-l

-------------------

/mˈi/ - /mˈiː/
[1/1] <#_m-<#_m / ˈi_#>-ˈiː_#>

-------------------

/mˈun/ - /mˈɒːn/
[1/1] <#_m-<#_m / ˈu-ˈɒː / n_#>-n_#>

-------------------

/mˈæn/ - /mˈan/
[1/1] <#_m-<#_m / ˈæ-ˈa / n_#>-n_#>

-------------------

/mˈɪɫk/ - /mˈɛlk/
[1/1] <#_m-<#_m / ˈɪ-ˈɛ / ɫ-l / k_#>-k_#>

-------------------

/mˈɪʤ/ - /mˈʏç/
[1/1] <#_m-<#_m / ˈɪ-ˈʏ / ʤ-ç

-------------------

/mˈʌnθ/ - /mˈɒːnd/
[1/1] <#_m-<#_m / ˈʌ-ˈɒː / n-n / θ_#>-d_#>

-------------------

/mˈʌðɚ/ - /mˈaʊ̯ɾæ/
[1/1] <#_m-<#_m / ˈʌ_ð-ˈaʊ̯_ɾ / ɚ_#>-æ_#>

-------------------

/mˈʌðɚ/ - /mˈʊɾæ/
[1/1] <#_m-<#_m / ˈʌ-ˈʊ / ð-ɾ / ɚ_#>-æ_#>

-------------------

/mˈʌɪ̯ʔ/ - /mˈaxt/
[1/1] <#_m-<#_m / ˈʌɪ̯_ʔ-ˈa_x / #>-t_#>

-------------------

/nˈaɪ̯n/ - /nˈɛːɣn̩/
[1/1] <#_n-<#_n / ∅-ˈɛː / ˈaɪ̯-ɣ / n_#>-n_#>

-------------------

/nˈeɪ̯kɪd/ - /nˈɒːkt/
[1/1] <#_n-<#_n / ˈeɪ̯-ˈɒː / k_ɪ-k / d_#>-t_#>

-------------------

/nˈeɪ̯m/ - /nˈɒːm/
[1/1] <#_n-<#_n / ˈeɪ̯-ˈɒː / m_#>-m_#>

-------------------

/nˈeɪ̯ɫ/ - /nˈɒːɡl̩/
[1/1] <#_n-<#_n / ˈeɪ̯-ˈɒː / ɫ_#>-ɡ_l_#>

-------------------

/nˈi/ - /kʰnˈae̯/
[1/1] <#-<#_kʰ / n-n / ˈi_#>-ˈae̯_#>

-------------------

/nˈidɫ̩/ - /nˈɒːdl̩/
[1/1] <#_n-<#_n / ˈi-ˈɒː / d-d / ɫ_#>-l_#>

-------------------

/nˈoʊ̯z/ - /nˈɛːs/
[1/1] <#_n-<#_n / ˈoʊ̯-ˈɛː / z-s

-------------------

/nˈu/ - /nˈiːç/
[1/1] <#_n-<#_n / ∅-ˈiː / ˈu-ç

-------------------

/nˈɑʔ/ - /kʰnˈʊt/
[1/1] <#-<#_kʰ / n-n / ˈɑ-ˈʊ / ʔ_#>-t_#>

-------------------

/nˈɔɹθ/ - /nˈuːæd/
[1/1] <#_n-<#_n / ˈɔ_ɹ-ˈuː_æ / θ_#>-d_#>

-------------------

/nˈʌɪ̯ʔ/ - /nˈax/
[1/1] <#_n-<#_n / ˈʌɪ̯_ʔ-ˈa_x

-------------------

/nˈʌʔ/ - /nˈœːt/
[1/1] <#_n-<#_n / ˈʌ-ˈœː / ʔ_#>-t_#>

-------------------

/pʰɫˈaʊ̯/ - /pʰlˈaʊ̯ç/
[1/1] pʰ-pʰ / ɫ-l / ∅-ˈaʊ̯ / ˈaʊ̯_#>-ç_#>

-------------------

/snˈoʊ̯/ - /ʃnˈae̯/
[1/1] <#_s-<#_ʃ / n-n / ˈoʊ̯-ˈae̯

-------------------

/spˈiʧ/ - /ʃprˈɒːk/
[1/1] <#_s-<#_ʃ / p-p / ∅-r / ˈi-ˈɒː / ʧ_#>-k_#>

-------------------

/stˈoʊ̯n/ - /ʃtˈae̯n/
[1/1] <#_s-<#_ʃ / t-t / ˈoʊ̯-ˈae̯ / n_#>-n_#>

-------------------

/stˈuɫ/ - /ʃtˈaʊ̯l/
[1/1] <#_s-<#_ʃ / t-t / ˈu-ˈaʊ̯ / ɫ_#>-l_#>

-------------------

/stˈɑɹ/ - /ʃtˈiːæn/
[1/1] <#_s-<#_ʃ / t-t / ˈɑ-ˈiː / ɹ-æ / ∅-n

-------------------

/stˈɔɹm/ - /ʃtˈuːæm/
[1/1] <#_s-<#_ʃ / t-t / ˈɔ_ɹ-ˈuː_æ / m_#>-m_#>

-------------------

/swˈaɪ̯n/ - /ʃwˈiːn/
[1/1] <#_s-<#_ʃ / w-w / ˈaɪ̯-ˈiː / n_#>-n_#>

-------------------

/swˈiʔ/ - /zˈɔʏ̯t/
[1/1] <#_s-<#_z / w-∅ / ˈi-ˈɔʏ̯ / ʔ_#>-t_#>

-------------------

/swˈɔɹʔ/ - /ʃwˈat/
[1/1] <#_s-<#_ʃ / w-w / ˈɔ-∅ / ɹ-ˈa / ʔ_#>-t_#>

-------------------

/swˈɛt/ - /ʃwˈae̯t/
[1/1] <#_s-<#_ʃ / w-w / ˈɛ-ˈae̯ / t-t

-------------------

/swˈɪm/ - /ʃwˈɛm/
[1/1] <#_s-<#_ʃ / w-w / ˈɪ-ˈɛ / m_#>-m_#>

-------------------

/sɫˈeɪ̯/ - /ʃlˈɒːn/
[1/1] <#_s-<#_ʃ / ɫ-l / ˈeɪ̯-ˈɒː / ∅-n

-------------------

/sɫˈip/ - /ʃlˈɒːbm̩/
[1/1] <#_s-<#_ʃ / ɫ-l / ˈi-ˈɒː / p-b / #>-m_#>

-------------------

/sˈaɪ̯d/ - /zˈiːt/
[1/1] <#_s-<#_z / ˈaɪ̯-ˈiː / d_#>-t_#>

-------------------

/sˈaʊ̯/ - /zˈœːç/
[1/1] <#_s-<#_z / ∅-ˈœː / ˈaʊ̯_#>-ç_#>

-------------------

/sˈaʊ̯ɚ/ - /zˈuːæ/
[1/1] <#_s-<#_z / ˈaʊ̯-ˈuː / ɚ_#>-æ_#>

-------------------

/sˈeɪ̯/ - /zˈɛŋ/
[1/1] <#_s-<#_z / ˈeɪ̯-ˈɛ / #>-ŋ_#>

-------------------

/sˈi/ - /zˈae̯n/
[1/1] <#_s-<#_z / ˈi-ˈae̯ / ∅-n

-------------------

/sˈi/ - /zˈeː/
[1/1] <#_s-<#_z / ˈi-ˈeː

-------------------

/sˈik/ - /zˈɔʏ̯kn̩/
[1/1] <#_s-<#_z / ˈi-ˈɔʏ̯ / k-k_n

-------------------

/sˈoʊ̯ɫ/ - /zˈeːl/
[1/1] <#_s-<#_z / ˈoʊ̯-ˈeː / ɫ_#>-l_#>

-------------------

/sˈænd/ - /zˈand/
[1/1] <#_s-<#_z / ˈæ-ˈa / n-n / d_#>-d_#>

-------------------

/sˈɑɫʔ/ - /zˈɔlt/
[1/1] <#_s-<#_z / ˈɑ-ˈɔ / ɫ-l / ʔ_#>-t_#>

-------------------

/sˈɛvən/ - /zˈœːm/
[1/1] <#_s-<#_z / ˈɛ-ˈœː / v-m / ə-∅ / n_#>-#>

-------------------

/sˈɛɫf/ - /zˈʏlm/
[1/1] <#_s-<#_z / ˈɛ-ˈʏ / ɫ-l / f-∅ / #>-m_#>

-------------------

/sˈɪks/ - /zˈœs/
[1/1] <#_s-<#_z / ˈɪ-∅ / k-ˈœ / s_#>-s_#>

-------------------

/sˈɪstɚ/ - /sˈʏstæ/
[1/1] s-s / ˈɪ-ˈʏ / s-s / t-t / ɚ_#>-æ_#>

-------------------

/sˈɪŋ/ - /zˈɪŋ/
[1/1] <#_s-<#_z / ˈɪ-ˈɪ / ŋ_#>-ŋ_#>

-------------------

/sˈɪʔ/ - /zˈɪtn̩/
[1/1] <#_s-<#_z / ˈɪ-ˈɪ / ʔ-t_n

-------------------

/sˈʌk/ - /zˈuːɡn̩/
[1/1] <#_s-<#_z / ˈʌ-ˈuː / ∅-ɡ / k-n

-------------------

/sˈʌmɚ/ - /zˈɔmæ/
[1/1] <#_s-<#_z / ˈʌ-ˈɔ / m-m / ɚ_#>-æ_#>

-------------------

/sˈʌn/ - /zˈœːn/
[1/1] <#_s-<#_z / ˈʌ-ˈœː / n_#>-n_#>

-------------------

/tʰwˈɛnti/ - /tʰvˈɪntɪç/
[1/1] <#_tʰ-<#_tʰ / w-v / ˈɛ-ˈɪ / n-n / t-t / i-ɪ_ç

-------------------

/tʰwˈɛɫv/ - /tʰvˈœlf/
[1/1] <#_tʰ-<#_tʰ / w-v / ˈɛ-ˈœ / ɫ-l / v_#>-f_#>

-------------------

/tʰˈaɪ̯d/ - /tʰˈiːt/
[1/1] <#_tʰ-<#_tʰ / ˈaɪ̯-ˈiː / d_#>-t_#>

-------------------

/tʰˈoʊ̯/ - /tʰˈeːn/
[1/1] <#_tʰ-<#_tʰ / ˈoʊ̯-ˈeː / ∅-n

-------------------

/tʰˈoʊ̯kən/ - /tʰˈae̯kn̩/
[1/1] <#_tʰ-<#_tʰ / ˈoʊ̯-ˈae̯ / k-k_n / ə-∅ / n_#>-#>

-------------------

/tʰˈu/ - /tʰvˈae̯/
[1/1] <#_tʰ-<#_tʰ / ∅-v / ˈu-ˈae̯

-------------------

/tʰˈuθ/ - /tʰˈɛːn/
[1/1] <#_tʰ-<#_tʰ / ˈu-ˈɛː / θ-n

-------------------

/tʰˈɛn/ - /tʰˈae̯n/
[1/1] <#_tʰ-<#_tʰ / ˈɛ-ˈae̯ / n_#>-n_#>

-------------------

/tʰˈʌŋ/ - /tʰˈʊŋ/
[1/1] <#_tʰ-<#_tʰ / ˈʌ-ˈʊ / ŋ_#>-ŋ_#>

-------------------

/wˈaɪ̯n/ - /vˈiːn/
[1/1] <#_w-<#_v / ˈaɪ̯-ˈiː / n_#>-n_#>

-------------------

/wˈaɪ̯ɫd/ - /vˈɪld/
[1/1] <#_w-<#_v / ˈaɪ̯-ˈɪ / ɫ-l / d_#>-d_#>

-------------------

/wˈeɪ̯/ - /vˈɛç/
[1/1] <#_w-<#_v / ˈeɪ̯-ˈɛ / ∅-ç

-------------------

/wˈeɪ̯ɫ/ - /vˈal/
[1/1] <#_w-<#_v / ˈeɪ̯-ˈa / ɫ_#>-l_#>

-------------------

/wˈi/ - /vˈiː/
[1/1] <#_w-<#_v / ˈi_#>-ˈiː_#>

-------------------

/wˈik/ - /vˈae̯k/
[1/1] <#_w-<#_v / ˈi-ˈae̯ / k_#>-k_#>

-------------------

/wˈik/ - /vˈɛːk/
[1/1] <#_w-<#_v / ˈi-ˈɛː / k_#>-k_#>

-------------------

/wˈɑɾɚ/ - /vˈɒːtæ/
[1/1] <#_w-<#_v / ˈɑ-ˈɒː / ɾ-t / ɚ_#>-æ_#>

-------------------

/wˈɔɹm/ - /vˈaːm/
[1/1] <#_w-<#_v / ˈɔ-∅ / ɹ-ˈaː / m_#>-m_#>

-------------------

/wˈɛðɚ/ - /vˈɛːɾæ/
[1/1] <#_w-<#_v / ˈɛ-ˈɛː / ð-ɾ / ɚ_#>-æ_#>

-------------------

/wˈɝd/ - /vˈuːæt/
[1/1] <#_w-<#_v / ∅-ˈuː / ˈɝ-æ / d_#>-t_#>

-------------------

/wˈɝm/ - /vˈoːæm/
[1/1] <#_w-<#_v / ∅-ˈoː / ˈɝ-æ / m_#>-m_#>

-------------------

/wˈɪnd/ - /vˈɪnd/
[1/1] <#_w-<#_v / ˈɪ-ˈɪ / n-n / d_#>-d_#>

-------------------

/wˈɪntɚ/ - /vˈɪntæ/
[1/1] <#_w-<#_v / ˈɪ-ˈɪ / n-n / t-t / ɚ_#>-æ_#>

-------------------

/wˈɪʃ/ - /vˈʏnʃn̩/
[1/1] <#_w-<#_v / ˈɪ-ˈʏ / ∅-n / ∅-ʃ / ʃ-n

-------------------

/wˈɪʔ/ - /vˈae̯tn̩/
[1/1] <#_w-<#_v / ˈɪ-ˈae̯ / ʔ-t_n

-------------------

/wˈʊɫ/ - /vˈʊl/
[1/1] <#_w-<#_v / ˈʊ_ɫ-ˈʊ_l

-------------------

/wˈʊɫf/ - /vˈʊlf/
[1/1] <#_w-<#_v / ˈʊ_ɫ-ˈʊ_l / f_#>-f_#>

-------------------

/wˈʌn/ - /ˈae̯n/
[1/1] w_<#-<# / ˈʌ-ˈae̯ / n_#>-n_#>

-------------------

/wˈʌndɚ/ - /vˈʊnæ/
[1/1] <#_w-<#_v / ˈʌ-ˈʊ / n_d-n / ɚ_#>-æ_#>

-------------------

/wˈʌɪ̯f/ - /vˈiːf/
[1/1] <#_w-<#_v / ˈʌɪ̯-ˈiː / f_#>-f_#>

-------------------

/wˈʌɪ̯ʔ/ - /vˈɪt/
[1/1] <#_w-<#_v / ˈʌɪ̯-ˈɪ / ʔ_#>-t_#>

-------------------

/wˈʌʔ/ - /vˈat/
[1/1] <#_w-<#_v / ˈʌ-ˈa / ʔ_#>-t_#>

-------------------

/ðˈaʊ̯/ - /dˈuː/
[1/1] ð-d / ˈaʊ̯-ˈuː

-------------------

/ɡɹˈeɪ̯ʔ/ - /ɡrˈaʊ̯t/
[1/1] <#_ɡ-<#_ɡ / ɹ-r / ˈeɪ̯-ˈaʊ̯ / ʔ_#>-t_#>

-------------------

/ɡɹˈin/ - /jrˈɔʏ̯n/
[1/1] <#_ɡ-<#_j / ɹ-r / ˈi-ˈɔʏ̯ / n_#>-n_#>

-------------------

/ɡɹˈæs/ - /ɡrˈaːs/
[1/1] <#_ɡ-<#_ɡ / ɹ-r / ˈæ-ˈaː / s_#>-s_#>

-------------------

/ɡˈoʊ̯/ - /ɡˈɒːn/
[1/1] <#_ɡ-<#_ɡ / ∅-ˈɒː / ˈoʊ̯-n

-------------------

/ɡˈoʊ̯st/ - /jˈae̯st/
[1/1] <#_ɡ-<#_j / ˈoʊ̯-ˈae̯ / s-s / t-t

-------------------

/ɡˈoʊ̯ɫd/ - /ɡˈɔld/
[1/1] <#_ɡ-<#_ɡ / ˈoʊ̯_ɫ-ˈɔ_l / d_#>-d_#>

-------------------

/ɡˈoʊ̯ʔ/ - /jˈɪt/
[1/1] <#_ɡ-<#_j / ˈoʊ̯-ˈɪ / ʔ_#>-t_#>

-------------------

/ɡˈus/ - /ɡˈaʊ̯s/
[1/1] <#_ɡ-<#_ɡ / ˈu-ˈaʊ̯ / s_#>-s_#>

-------------------

/ɡˈɑd/ - /ɡˈɔt/
[1/1] <#_ɡ-<#_ɡ / ˈɑ-ˈɔ / d_#>-t_#>

-------------------

/ɡˈɛst/ - /ɡˈas/
[1/1] <#_ɡ-<#_ɡ / ∅-ˈa / ˈɛ_s-s / t-∅

-------------------

/ɡˈɪv/ - /jˈɛːbm̩/
[1/1] <#_ɡ-<#_j / ˈɪ-ˈɛː / v-b_m

-------------------

/ɡˈʊd/ - /ɡˈaʊ̯t/
[1/1] <#_ɡ-<#_ɡ / ˈʊ-ˈaʊ̯ / d_#>-t_#>

-------------------

/ɫˈaɪ̯/ - /lˈae̯ŋ/
[1/1] <#_ɫ-<#_l / ˈaɪ̯-ˈae̯ / #>-ŋ_#>

-------------------

/ɫˈaɪ̯/ - /lˈɪŋ/
[1/1] <#_ɫ-<#_l / ˈaɪ̯-ˈɪ / #>-ŋ_#>

-------------------

/ɫˈaʊ̯s/ - /lˈuːs/
[1/1] <#_ɫ-<#_l / ˈaʊ̯-ˈuː / s_#>-s_#>

-------------------

/ɫˈif/ - /lˈoːf/
[1/1] <#_ɫ-<#_l / ˈi-ˈoː / f_#>-f_#>

-------------------

/ɫˈip/ - /lˈaʊ̯pn̩/
[1/1] <#_ɫ-<#_l / ˈi-ˈaʊ̯ / p-p_n

-------------------

/ɫˈæf/ - /lˈaxn̩/
[1/1] <#_ɫ-<#_l / ˈæ-ˈa / ∅-x / f-n

-------------------

/ɫˈæm/ - /lˈam/
[1/1] <#_ɫ-<#_l / ˈæ-ˈa / m_#>-m_#>

-------------------

/ɫˈænd/ - /lˈand/
[1/1] <#_ɫ-<#_l / ˈæ-ˈa / n-n / d_#>-d_#>

-------------------

/ɫˈɑŋ/ - /lˈaŋk/
[1/1] <#_ɫ-<#_l / ˈɑ-ˈa / ŋ-ŋ_k

-------------------

/ɫˈʌɪ̯ʔ/ - /lˈɪç/
[2/2] <#_ɫ-<#_l / ˈʌɪ̯_ʔ_#>-ˈɪ_ç_#>

-------------------

/ɹˈeɪ̯n/ - /rˈɛŋ/
[1/1] <#_ɹ-<#_r / ˈeɪ̯-ˈɛ / n-∅ / #>-ŋ_#>

-------------------

/ɹˈik/ - /rˈaʊ̯k/
[1/1] <#_ɹ-<#_r / ˈi-ˈaʊ̯ / k_#>-k_#>

-------------------

/ɹˈɛd/ - /rˈaʊ̯t/
[1/1] <#_ɹ-<#_r / ˈɛ-ˈaʊ̯ / d_#>-t_#>

-------------------

/ɹˈɪŋ/ - /rˈɪŋ/
[1/1] <#_ɹ-<#_r / ˈɪ-ˈɪ / ŋ_#>-ŋ_#>

-------------------

/ɹˈɪʤ/ - /rˈʏç/
[1/1] <#_ɹ-<#_r / ˈɪ-ˈʏ / ʤ-ç

-------------------

/ɹˈɪʧ/ - /rˈiːk/
[1/1] <#_ɹ-<#_r / ˈɪ-ˈiː / ʧ_#>-k_#>

-------------------

/ɹˈʌɪ̯ʔ/ - /rˈɛçt/
[1/1] <#_ɹ-<#_r / ∅-ˈɛ / ˈʌɪ̯-ç / ʔ_#>-t_#>

-------------------

/ʃˈin/ - /ʃˈɔʏ̯n/
[1/1] <#_ʃ-<#_ʃ / ˈi-ˈɔʏ̯ / n_#>-n_#>

-------------------

/ʃˈip/ - /ʃˈɒːp/
[1/1] <#_ʃ-<#_ʃ / ˈi-ˈɒː / p_#>-p_#>

-------------------

/ʃˈiɫ̩d/ - /ʃˈɪld/
[1/1] <#_ʃ-<#_ʃ / ˈi-ˈɪ / ɫ-l / d_#>-d_#>

-------------------

/ʃˈu/ - /ʃˈaʊ̯/
[1/1] <#_ʃ-<#_ʃ / ˈu-ˈaʊ̯

-------------------

/ʃˈuʔ/ - /ʃˈae̯tn̩/
[1/1] <#_ʃ-<#_ʃ / ˈu-ˈae̯ / ʔ-t_n

-------------------

/ʃˈɑɹp/ - /ʃˈaːp/
[1/1] <#_ʃ-<#_ʃ / ˈɑ_ɹ-ˈaː / p_#>-p_#>

-------------------

/ʃˈɪp/ - /ʃˈɪp/
[1/1] <#_ʃ-<#_ʃ / ˈɪ-ˈɪ / p_#>-p_#>

-------------------

/ʃˈɪʔ/ - /ʃˈiːt/
[1/1] <#_ʃ-<#_ʃ / ˈɪ-ˈiː / ʔ_#>-t_#>

-------------------

/ʧˈaɪ̯ɫd/ - /kʰˈɪnd/
[1/1] <#_ʧ-<#_kʰ / ˈaɪ̯-ˈɪ / ɫ-n / d_#>-d_#>

-------------------

/ʧˈiz/ - /kʰˈɛɪ̯s/
[1/1] <#_ʧ-<#_kʰ / ˈi-ˈɛɪ̯ / z-s

-------------------

/ʧˈɝʧ/ - /kʰˈiːæç/
[1/1] <#_ʧ-<#_kʰ / ∅-ˈiː / ˈɝ-æ / ʧ-ç

-------------------

/ʧˈɪkɪn/ - /kʰˈyːkn̩/
[1/1] <#_ʧ-<#_kʰ / ˈɪ-ˈyː / k_ɪ-k / n_#>-n_#>

-------------------

/ˈaɪ̯/ - /ˈaʊ̯x/
[1/1] ˈaɪ̯_#>-ˈaʊ̯_x_#>

-------------------

/ˈaɪ̯/ - /ˈɪk/
[1/1] ˈaɪ̯-ˈɪ / #>-k_#>

-------------------

/ˈaʊ̯ɫ/ - /ˈuːl/
[1/1] <#_ˈaʊ̯-<#_ˈuː / ɫ_#>-l_#>

-------------------

/ˈaʊ̯ʔ/ - /ˈuːt/
[1/1] <#_ˈaʊ̯-<#_ˈuː / ʔ_#>-t_#>

-------------------

/ˈeɪ̯p/ - /ˈɒːp/
[1/1] ˈeɪ̯-ˈɒː / p_#>-p_#>

-------------------

/ˈeɪ̯ʔ/ - /ˈaxt/
[1/1] ˈeɪ̯-ˈa_x / ʔ_#>-t_#>

-------------------

/ˈiɚ/ - /ˈuːæ/
[1/1] ˈi-ˈuː / ɚ_#>-æ_#>

-------------------

/ˈiɫ/ - /ˈɒːl/
[1/1] ˈi-ˈɒː / ɫ_#>-l_#>

-------------------

/ˈiʔ/ - /ˈɛːtn̩/
[1/1] ˈi-ˈɛː / ʔ-t_n

-------------------

/ˈoʊ̯k/ - /ˈae̯k/
[1/1] ˈoʊ̯-ˈae̯ / k_#>-k_#>

-------------------

/ˈoʊ̯vɚ/ - /ˈœːvæ/
[1/1] ˈoʊ̯-ˈœː / v-v / ɚ_#>-æ_#>

-------------------

/ˈoʊ̯ɫd/ - /ˈɔlt/
[1/1] ˈoʊ̯_ɫ-ˈɔ_l / d_#>-t_#>

-------------------

/ˈæpɫ̩/ - /ˈapl̩/
[1/1] <#_ˈæ-<#_ˈa / p-p / ɫ_#>-l_#>

-------------------

/ˈæʃ/ - /ˈaʃ/
[1/1] <#_ˈæ-<#_ˈa / ʃ_#>-ʃ_#>

-------------------

/ˈɑɫ/ - /ˈal/
[1/1] ˈɑ-ˈa / ɫ_#>-l_#>

-------------------

/ˈɑɹm/ - /ˈaːm/
[1/1] ˈɑ_ɹ-ˈaː / m_#>-m_#>

-------------------

/ˈɛʤ/ - /ˈɛk/
[1/1] ˈɛ-ˈɛ / ʤ-∅ / #>-k_#>

-------------------

/ˈɪn/ - /ˈɪn/
[1/1] ˈɪ-ˈɪ / n_#>-n_#>

-------------------

/ˈʌndɚ/ - /ˈʏnæ/
[1/1] ˈʌ-ˈʏ / n_d-n / ɚ_#>-æ_#>

-------------------

/ˈʌp/ - /ˈʊp/
[1/1] <#_ˈʌ-<#_ˈʊ / p_#>-p_#>

-------------------

/ˈʌs/ - /ˈʊns/
[1/1] <#_ˈʌ-<#_ˈʊ / ∅-n / s_#>-s_#>

-------------------

/ˈʌvn̩/ - /ˈɒːm/
[1/1] ˈʌ-ˈɒː / v-m / n_#>-#>

-------------------

/ˈʌðɚ/ - /ˈanæ/
[1/1] ˈʌ-ˈa / ð-n / ɚ_#>-æ_#>

-------------------

/ˈʌɪ̯s/ - /ˈiːs/
[1/1] ˈʌɪ̯-ˈiː / s_#>-s_#>

-------------------

/θɹˈi/ - /drˈae̯/
[1/1] <#_θ-<#_d / ɹ-r / ˈi_#>-ˈae̯_#>

-------------------

/θɹˈʌʧ/ - /drˈʏkn̩/
[1/1] <#_θ-<#_d / ɹ-r / ˈʌ-ˈʏ / ʧ-k / ∅-n

-------------------

/θˈaʊ̯zn̩d/ - /dˈuːzn̩d/
[1/1] <#_θ-<#_d / ˈaʊ̯-ˈuː / z-z / n-n / d_#>-d_#>

-------------------

/θˈeɪ̯ŋk/ - /dˈaŋkn̩/
[1/1] <#_θ-<#_d / ˈeɪ̯-ˈa / ŋ-ŋ_k / k-n

-------------------

/θˈif/ - /dˈae̯f/
[1/1] <#_θ-<#_d / ˈi-ˈae̯ / f_#>-f_#>

-------------------

/θˈɔɹn/ - /dˈuːæn/
[1/1] <#_θ-<#_d / ˈɔ_ɹ-ˈuː_æ / n_#>-n_#>

-------------------

/θˈɝst/ - /dˈœst/
[1/1] <#_θ-<#_d / ˈɝ-ˈœ / s-s / t-t

-------------------

/θˈɝtːin/ - /drˈʏtae̯n/
[1/1] <#_θ-<#_d / ∅-r / ˈɝ-ˈʏ / tː-t / i-ae̯ / n_#>-n_#>

-------------------

/θˈɪk/ - /dˈɪk/
[1/1] <#_θ-<#_d / ˈɪ-ˈɪ / k_#>-k_#>

-------------------

/θˈɪn/ - /dˈʏn/
[1/1] <#_θ-<#_d / ˈɪ-ˈʏ / n_#>-n_#>

-------------------

/θˈɪŋ/ - /dˈɪŋ/
[1/1] <#_θ-<#_d / ˈɪ-ˈɪ / ŋ_#>-ŋ_#>

-------------------

/θˈʌm/ - /dˈuːm/
[1/1] <#_θ-<#_d / ˈʌ-ˈuː / m_#>-m_#>

-------------------

/θˈʌndɚ/ - /dˈʊnæ/
[1/1] <#_θ-<#_d / ˈʌ-ˈʊ / n_d-n / ɚ_#>-æ_#>

-------------------

