/abˈeʎɐ/ - /avˈeʎə/
<#_a-<#_a / b_ˈe-v_ˈe / ʎ-ʎ / ɐ-ə
{0: [0], 1: [1, 2], 2: [3], 3: [4]}
{0: [0], 1: [1, 2], 2: [3], 3: [4]}
COST: 27.97

-------------------

/aɡˈuʎɐ/ - /avˈuʎə/
<#_a-<#_a / ∅-v / ɡ-∅ / ˈu-ˈu / ʎ-ʎ / ɐ-ə
{0: [0], 1: None, 2: [1], 3: [2], 4: [3], 5: [4]}
{0: [0], 1: [1], 2: None, 3: [2], 4: [3], 5: [4]}
COST: 18.037

-------------------

/aɾˈɐ̃j̃ɐ/ - /aðˈaɲi/
<#_a-<#_a / ɾ-ð / ˈɐ̃-ˈa / j̃-ɲ / ɐ-i
{0: [0], 1: [1], 2: [2], 3: [3], 4: [4]}
{0: [0], 1: [1], 2: [2], 3: [3], 4: [4]}
COST: 27.571

-------------------

/aʒudˈah/ - /ajdˈa/
<#_a-<#_a / ∅-j / ʒ-∅ / u-∅ / d-d / ˈa-ˈa / h_#>-#>
{0: [0], 1: None, 2: [1], 3: [2], 4: [3], 5: [4], 6: [5]}
{0: [0], 1: [1], 2: None, 3: None, 4: [2], 5: [3], 6: None}
COST: 3.847

-------------------

/bebˈeh/ - /bˈɛːðə/
<#_b-<# / e-∅ / b-b / ˈe_h-ˈɛː_ð / #>-ə_#>
{0: [0], 1: [1], 2: [2], 3: [3, 4], 4: None}
{0: None, 1: None, 2: [0], 3: [1, 2], 4: [3]}
COST: 3.073

-------------------

/bɾˈɐ̃ku/ - /blˈɑ̃/
<#_b-<#_b / ∅-l / ɾ-∅ / ˈɐ̃-ˈɑ̃ / k_u_#>-#>
{0: [0], 1: None, 2: [1], 3: [2], 4: [3, 4]}
{0: [0], 1: [1], 2: None, 3: [2], 4: None}
COST: 1.083

-------------------

/bˈajʃu/ - /bˈa/
<#_b-<#_b / ˈa-ˈa / j-∅ / ʃ-∅ / u_#>-#>
{0: [0], 1: [1], 2: [2], 3: [3], 4: [4]}
{0: [0], 1: [1], 2: None, 3: None, 4: None}
COST: 2.022

-------------------

/bˈẽj̃/ - /bˈɛ̃/
<#_b-<#_b / ˈẽ-ˈɛ̃ / j̃-∅
{0: [0], 1: [1], 2: [2]}
{0: [0], 1: [1], 2: None}
COST: 12.527

-------------------

/bˈoj/ - /bwˈef/
<#_b-<#_b / ˈo-w / j-ˈe / ∅-f
{0: [0], 1: [1], 2: [2], 3: None}
{0: [0], 1: [1], 2: [2], 3: [3]}
COST: 12.731

-------------------

/bˈokɐ/ - /bˈɔʃi/
<#_b-<#_b / ˈo-ˈɔ / k-ʃ / ɐ-i
{0: [0], 1: [1], 2: [2], 3: [3]}
{0: [0], 1: [1], 2: [2], 3: [3]}
COST: 21.119

-------------------

/bˈoɐ/ - /bˈɔna/
<#_b-<#_b / ˈo-ˈɔ / ɐ-n_a
{0: [0], 1: [1], 2: [2]}
{0: [0], 1: [1], 2: [2, 3]}
COST: 13.275

-------------------

/bˈoɐʃ/ - /bˈɔnə/
<#_b-<#_b / ˈo-ˈɔ / ∅-n / ɐ-ə / ʃ_#>-#>
{0: [0], 1: [1], 2: None, 3: [2], 4: [3]}
{0: [0], 1: [1], 2: [2], 3: [3], 4: None}
COST: 8.767

-------------------

/bˈõ/ - /bˈɔ̃/
<#_b-<#_b / ˈõ-ˈɔ̃
{0: [0], 1: [1]}
{0: [0], 1: [1]}
COST: 17.661

-------------------

/bˈõʃ/ - /bˈɔ̃/
<#_b-<#_b / ˈõ-ˈɔ̃ / ʃ_#>-#>
{0: [0], 1: [1], 2: [2]}
{0: [0], 1: [1], 2: None}
COST: 14.061

-------------------

/bˈɛlu/ - /bˈel/
<#_b-<#_b / ˈɛ-ˈe / l-l / u_#>-#>
{0: [0], 1: [1], 2: [2], 3: [3]}
{0: [0], 1: [1], 2: [2], 3: None}
COST: 16.409

-------------------

/bˈɛlɐ/ - /bˈɛla/
<#_b-<#_b / ˈɛ-ˈɛ / l-l / ɐ-a
{0: [0], 1: [1], 2: [2], 3: [3]}
{0: [0], 1: [1], 2: [2], 3: [3]}
COST: 23.975

-------------------

/doɦmˈih/ - /dʁɔmˈi/
d-d / ∅-ʁ / o-ɔ / ɦ-∅ / m-m / ˈi-ˈi / h_#>-#>
{0: [0], 1: None, 2: [1], 3: [2], 4: [3], 5: [4], 6: [5]}
{0: [0], 1: [1], 2: [2], 3: None, 4: [3], 5: [4], 6: None}
COST: 10.76

-------------------

/dɾaɡˈɐ̃w̃/ - /dʁaɡˈɔ̃/
d-d / ɾ-ʁ / a-a / ɡ-ɡ / ˈɐ̃_w̃-ˈɔ̃
{0: [0], 1: [1], 2: [2], 3: [3], 4: [4, 5]}
{0: [0], 1: [1], 2: [2], 3: [3], 4: [4]}
COST: 24.663

-------------------

/dˈedu/ - /dˈɛː/
d-d / ˈe-ˈɛː / d-∅ / u_#>-#>
{0: [0], 1: [1], 2: [2], 3: [3]}
{0: [0], 1: [1], 2: None, 3: None}
COST: 6.736

-------------------

/dˈewʃ/ - /dˈiw/
d-d / ˈe-ˈi / w-w / ʃ_#>-#>
{0: [0], 1: [1], 2: [2], 3: [3]}
{0: [0], 1: [1], 2: [2], 3: None}
COST: 13.522

-------------------

/dˈẽʧi/ - /dˈɛ̃/
d-d / ˈẽ-ˈɛ̃ / ʧ_i_#>-#>
{0: [0], 1: [1], 2: [2, 3]}
{0: [0], 1: [1], 2: None}
COST: 11.685

-------------------

/dˈosi/ - /dˈows/
d-d / ˈo-ˈo / ∅-w / s-s / i_#>-#>
{0: [0], 1: [1], 2: None, 3: [2], 4: [3]}
{0: [0], 1: [1], 2: [2], 3: [3], 4: None}
COST: 12.12

-------------------

/dˈozi/ - /dˈozə/
d-d / ˈo-ˈo / z-z / i-ə
{0: [0], 1: [1], 2: [2], 3: [3]}
{0: [0], 1: [1], 2: [2], 3: [3]}
COST: 24.545

-------------------

/dˈõnɐ/ - /dˈama/
d-d / ∅-ˈa / ∅-m / ˈõ-∅ / n-∅ / ɐ-a
{0: [0], 1: None, 2: None, 3: [1], 4: [2], 5: [3]}
{0: [0], 1: [1], 2: [2], 3: None, 4: None, 5: [3]}
COST: -5.441

-------------------

/dˈuɐʃ/ - /dˈuʃ/
d-d / ˈu-ˈu / ɐ-∅ / ʃ-ʃ
{0: [0], 1: [1], 2: [2], 3: [3]}
{0: [0], 1: [1], 2: None, 3: [2]}
COST: 15.798

-------------------

/dˈɛjʃ/ - /djˈeʃ/
d-d / ˈɛ-j / j-ˈe / ʃ-ʃ
{0: [0], 1: [1], 2: [2], 3: [3]}
{0: [0], 1: [1], 2: [2], 3: [3]}
COST: 19.618

-------------------

/eskutˈah/ - /ekotˈa/
e_s-e / k-k / u-o / t-t / ˈa-ˈa / h_#>-#>
{0: [0, 1], 1: [2], 2: [3], 3: [4], 4: [5], 5: [6]}
{0: [0], 1: [1], 2: [2], 3: [3], 4: [4], 5: None}
COST: 20.555

-------------------

/eskɾevˈeh/ - /ekʁˈiʁə/
e_s-e / k-k / ɾ-ʁ / e-∅ / v-∅ / ˈe-ˈi / h-ʁ_ə
{0: [0, 1], 1: [2], 2: [3], 3: [4], 4: [5], 5: [6], 6: [7]}
{0: [0], 1: [1], 2: [2], 3: None, 4: None, 5: [3], 6: [4, 5]}
COST: 6.331

-------------------

/eʃpˈiɡɐ/ - /epjˈa/
e_ʃ-e / p-p / ∅-j / ˈi-∅ / ɡ-ˈa / ɐ_#>-#>
{0: [0, 1], 1: [2], 2: None, 3: [3], 4: [4], 5: [5]}
{0: [0], 1: [1], 2: [2], 3: None, 4: [3], 5: None}
COST: -1.27

-------------------

/eʃpˈĩj̃ɐ/ - /epˈena/
e_ʃ-e / p-p / ˈĩ-ˈe / j̃-n / ɐ-a
{0: [0, 1], 1: [2], 2: [3], 3: [4], 4: [5]}
{0: [0], 1: [1], 2: [2], 3: [3], 4: [4]}
COST: 22.312

-------------------

/eʃtɾˈelɐ/ - /etˈɛːla/
e_ʃ-e / t-t / ɾ-∅ / ˈe-ˈɛː / l-l / ɐ-a
{0: [0, 1], 1: [2], 2: [3], 3: [4], 4: [5], 5: [6]}
{0: [0], 1: [1], 2: None, 3: [2], 4: [3], 5: [4]}
COST: 22.509

-------------------

/eʃʧˈiw/ - /etˈaː/
e_ʃ-e / ʧ-t / ∅-ˈaː / ˈi-∅ / w_#>-#>
{0: [0, 1], 1: [2], 2: None, 3: [3], 4: [4]}
{0: [0], 1: [1], 2: [2], 3: None, 4: None}
COST: -2.41

-------------------

/faɾˈĩj̃ɐ/ - /faðˈena/
f-f / a-a / ɾ-ð / ˈĩ-ˈe / j̃-n / ɐ-a
{0: [0], 1: [1], 2: [2], 3: [3], 4: [4], 5: [5]}
{0: [0], 1: [1], 2: [2], 3: [3], 4: [4], 5: [5]}
COST: 24.869

-------------------

/fɾˈiu/ - /fʁˈɛː/
f-f / ɾ-ʁ / ˈi-ˈɛː / u_#>-#>
{0: [0], 1: [1], 2: [2], 3: [3]}
{0: [0], 1: [1], 2: [2], 3: None}
COST: 10.016

-------------------

/fɾˈujtu/ - /fʁwˈi/
f-f / ɾ_ˈu-ʁ_w / ∅-ˈi / j-∅ / t-∅ / u_#>-#>
{0: [0], 1: [1, 2], 2: None, 3: [3], 4: [4], 5: [5]}
{0: [0], 1: [1, 2], 2: [3], 3: None, 4: None, 5: None}
COST: -2.909

-------------------

/fˈadɐ/ - /fˈajə/
f-f / ˈa-ˈa / ∅-j / d-∅ / ɐ-ə
{0: [0], 1: [1], 2: None, 3: [2], 4: [3]}
{0: [0], 1: [1], 2: [2], 3: None, 4: [3]}
COST: 9.019

-------------------

/fˈasu/ - /fˈajzo/
f-f / ˈa-ˈa / s-j / ∅-z / u_#>-o_#>
{0: [0], 1: [1], 2: [2], 3: None, 4: [3]}
{0: [0], 1: [1], 2: [2], 3: [3], 4: [4]}
COST: 9.359

-------------------

/fˈẽmeɐ/ - /fˈɛna/
f-f / ˈẽ-ˈɛ / m-∅ / e-∅ / ɐ-n_a
{0: [0], 1: [1], 2: [2], 3: [3], 4: [4]}
{0: [0], 1: [1], 2: None, 3: None, 4: [2, 3]}
COST: 1.369

-------------------

/fˈiɡɐdu/ - /fˈɛðo/
f-f / ∅-ˈɛ / ∅-ð / ˈi-∅ / ɡ-∅ / ɐ-∅ / d-∅ / u_#>-o_#>
{0: [0], 1: None, 2: None, 3: [1], 4: [2], 5: [3], 6: [4], 7: [5]}
{0: [0], 1: [1], 2: [2], 3: None, 4: None, 5: None, 6: None, 7: [3]}
COST: -16.67

-------------------

/fˈiʎu/ - /fˈiʎ/
f-f / ˈi-ˈi / ʎ-ʎ / u_#>-#>
{0: [0], 1: [1], 2: [2], 3: [3]}
{0: [0], 1: [1], 2: [2], 3: None}
COST: 19.164

-------------------

/fˈiʎɐ/ - /fˈeʎə/
f-f / ˈi-ˈe / ʎ-ʎ / ɐ-ə
{0: [0], 1: [1], 2: [2], 3: [3]}
{0: [0], 1: [1], 2: [2], 3: [3]}
COST: 21.515

-------------------

/fˈĩ/ - /fˈĩ/
f-f / ˈĩ-ˈĩ
{0: [0], 1: [1]}
{0: [0], 1: [1]}
COST: 18.028

-------------------

/fˈĩnu/ - /fˈĩ/
f-f / ˈĩ-ˈĩ / n-∅ / u_#>-#>
{0: [0], 1: [1], 2: [2], 3: [3]}
{0: [0], 1: [1], 2: None, 3: None}
COST: 9.428

-------------------

/fˈohsɐ/ - /fˈøʁsa/
f-f / ˈo-ˈø / h-ʁ / s-s / ɐ-a
{0: [0], 1: [1], 2: [2], 3: [3], 4: [4]}
{0: [0], 1: [1], 2: [2], 3: [3], 4: [4]}
COST: 23.726

-------------------

/fˈoɡu/ - /fwˈa/
f-f / ˈo-w / ɡ_u-ˈa
{0: [0], 1: [1], 2: [2, 3]}
{0: [0], 1: [1], 2: [2]}
COST: 16.484

-------------------

/fˈoʎɐ/ - /fˈoːʎə/
f-f / ˈo-ˈoː / ʎ-ʎ / ɐ-ə
{0: [0], 1: [1], 2: [2], 3: [3]}
{0: [0], 1: [1], 2: [2], 3: [3]}
COST: 24.601

-------------------

/fˈũmu/ - /fumjˈeʁ/
f-f / ∅-u / ˈũ-∅ / m-m / ∅-j / ∅-ˈe / u-∅ / #>-ʁ_#>
{0: [0], 1: None, 2: [1], 3: [2], 4: None, 5: None, 6: [3], 7: None}
{0: [0], 1: [1], 2: None, 3: [2], 4: [3], 5: [4], 6: None, 7: [5]}
COST: -10.637

-------------------

/fˈɔhʧi/ - /fˈoːʁ/
f-f / ˈɔ-ˈoː / h_ʧ-ʁ / i_#>-#>
{0: [0], 1: [1], 2: [2, 3], 3: [4]}
{0: [0], 1: [1], 2: [2], 3: None}
COST: 11.556

-------------------

/fˈɛhu/ - /fˈeʁ/
f-f / ˈɛ_h-ˈe_ʁ / u_#>-#>
{0: [0], 1: [1, 2], 2: [3]}
{0: [0], 1: [1, 2], 2: None}
COST: 14.029

-------------------

/fˈɛʃtɐ/ - /fˈeta/
f-f / ˈɛ_ʃ-ˈe / t-t / ɐ-a
{0: [0], 1: [1, 2], 2: [3], 3: [4]}
{0: [0], 1: [1], 2: [2], 3: [3]}
COST: 19.682

-------------------

/hazˈɐ̃w̃/ - /ʁɛːzˈɔ̃/
<#_h-<#_ʁ / ∅-ɛː / a-∅ / z-z / ˈɐ̃_w̃-ˈɔ̃
{0: [0], 1: None, 2: [1], 3: [2], 4: [3, 4]}
{0: [0], 1: [1], 2: None, 3: [2], 4: [3]}
COST: 8.637

-------------------

/haˈiʃ/ - /ʁasˈena/
<#_h-<#_ʁ / a-a / ∅-s / ˈi-ˈe / ∅-n / ∅-a / ʃ_#>-#>
{0: [0], 1: [1], 2: None, 3: [2], 4: None, 5: None, 6: [3]}
{0: [0], 1: [1], 2: [2], 3: [3], 4: [4], 5: [5], 6: None}
COST: -4.878

-------------------

/haˈĩj̃ɐ/ - /ʁˈɛːna/
<#_h-<#_ʁ / ∅-ˈɛː / a-∅ / ˈĩ_j̃-n / ɐ-a
{0: [0], 1: None, 2: [1], 3: [2, 3], 4: [4]}
{0: [0], 1: [1], 2: None, 3: [2], 4: [3]}
COST: 1.249

-------------------

/hedˈõdu/ - /ʁjˈɔ̃/
<#_h-<#_ʁ / ∅-j / e-∅ / d-∅ / ˈõ-ˈɔ̃ / d-∅ / u_#>-#>
{0: [0], 1: None, 2: [1], 3: [2], 4: [3], 5: [4], 6: [5]}
{0: [0], 1: [1], 2: None, 3: None, 4: [2], 5: None, 6: None}
COST: -8.07

-------------------

/homˈɐ̃w̃/ - /ʁɔmˈɛ̃/
<#_h-<#_ʁ / o-ɔ / m-m / ∅-ˈɛ̃ / ˈɐ̃-∅ / w̃_#>-#>
{0: [0], 1: [1], 2: [2], 3: None, 4: [3], 5: [4]}
{0: [0], 1: [1], 2: [2], 3: [3], 4: None, 5: None}
COST: 3.356

-------------------

/hˈej/ - /ʁˈɛː/
<#_h-<#_ʁ / ˈe_j-ˈɛː
{0: [0], 1: [1, 2]}
{0: [0], 1: [1]}
COST: 10.93

-------------------

/hˈujvu/ - /ʁˈuʃ/
<#_h-<#_ʁ / ˈu-ˈu / j-ʃ / v-∅ / u_#>-#>
{0: [0], 1: [1], 2: [2], 3: [3], 4: [4]}
{0: [0], 1: [1], 2: [2], 3: None, 4: None}
COST: 3.994

-------------------

/hˈɔdɐ/ - /ʁˈua/
<#_h-<#_ʁ / ˈɔ-ˈu / d_ɐ-a
{0: [0], 1: [1], 2: [2, 3]}
{0: [0], 1: [1], 2: [2]}
COST: 11.776

-------------------

/ĩvˈɛɦnu/ - /ivˈɛʁ/
∅-i / ĩ-∅ / v-v / ˈɛ-ˈɛ / ɦ-ʁ / n-∅ / u_#>-#>
{0: None, 1: [0], 2: [1], 3: [2], 4: [3], 5: [4], 6: [5]}
{0: [0], 1: None, 2: [1], 3: [2], 4: [3], 5: None, 6: None}
COST: -2.107

-------------------

/kabˈelu/ - /ʃəvˈel/
k_a-ʃ_ə / b_ˈe-v_ˈe / l-l / u_#>-#>
{0: [0, 1], 1: [2, 3], 2: [4], 3: [5]}
{0: [0, 1], 1: [2, 3], 2: [4], 3: None}
COST: 20.584

-------------------

/kasˈah/ - /ʃasjˈe/
k-ʃ / a-a / s-s / ˈa-j / h_#>-ˈe_#>
{0: [0], 1: [1], 2: [2], 3: [3], 4: [4]}
{0: [0], 1: [1], 2: [2], 3: [3], 4: [4]}
COST: 14.605

-------------------

/kavˈalu/ - /ʃəvˈal/
k_a-ʃ_ə / v-v / ˈa-ˈa / l-l / u_#>-#>
{0: [0, 1], 1: [2], 2: [3], 3: [4], 4: [5]}
{0: [0, 1], 1: [2], 2: [3], 3: [4], 4: None}
COST: 24.308

-------------------

/kaʃtˈɛlu/ - /ʃɑːtˈel/
k_a-ʃ / ∅-ɑː / ʃ-∅ / t-t / ˈɛ-ˈe / l-l / u_#>-#>
{0: [0, 1], 1: None, 2: [2], 3: [3], 4: [4], 5: [5], 6: [6]}
{0: [0], 1: [1], 2: None, 3: [2], 4: [3], 5: [4], 6: None}
COST: 6.503

-------------------

/kejmˈah/ - /byʁlˈaʁ/
<#-<#_b / ∅-y / k-ʁ / ∅-l / e-∅ / j-∅ / m-∅ / ˈa-ˈa / h-ʁ
{0: None, 1: None, 2: [0], 3: None, 4: [1], 5: [2], 6: [3], 7: [4], 8: [5]}
{0: [0], 1: [1], 2: [2], 3: [3], 4: None, 5: None, 6: None, 7: [4], 8: [5]}
COST: -15.371

-------------------

/kuhʧˈisɐ/ - /ekˈøʁsə/
∅-e / k-k / ∅-ˈø / u-∅ / h_ʧ-ʁ / ˈi-∅ / s-s / ɐ-ə
{0: None, 1: [0], 2: None, 3: [1], 4: [2, 3], 5: [4], 6: [5], 7: [6]}
{0: [0], 1: [1], 2: [2], 3: None, 4: [3], 5: None, 6: [4], 7: [5]}
COST: -2.469

-------------------

/kwˈatɾu/ - /kwˈatʁo/
k-k / w-w / ˈa-ˈa / t-t / ɾ-ʁ / u_#>-o_#>
{0: [0], 1: [1], 2: [2], 3: [3], 4: [4], 5: [5]}
{0: [0], 1: [1], 2: [2], 3: [3], 4: [4], 5: [5]}
COST: 26.346

-------------------

/kɐ̃tˈah/ - /ʃɑ̃tˈa/
k-ʃ / ∅-ɑ̃ / ɐ̃-∅ / t-t / ˈa-ˈa / h_#>-#>
{0: [0], 1: None, 2: [1], 3: [2], 4: [3], 5: [4]}
{0: [0], 1: [1], 2: None, 3: [2], 4: [3], 5: None}
COST: 4.543

-------------------

/kɾˈeh/ - /kʁˈɛːðe/
k-k / ɾ-ʁ / ˈe_h-ˈɛː_ð / ∅-e
{0: [0], 1: [1], 2: [2, 3], 3: None}
{0: [0], 1: [1], 2: [2, 3], 3: [4]}
COST: 10.602

-------------------

/kɾˈujʃ/ - /kʁwˈɛːʃ/
k-k / ɾ_ˈu-ʁ_w / j-ˈɛː / ʃ-ʃ
{0: [0], 1: [1, 2], 2: [3], 3: [4]}
{0: [0], 1: [1, 2], 2: [3], 3: [4]}
COST: 21.633

-------------------

/kˈabɾɐ/ - /ʃjˈevʁa/
k-ʃ / ˈa-j / b-ˈe_v / ɾ_ɐ-ʁ_a
{0: [0], 1: [1], 2: [2], 3: [3, 4]}
{0: [0], 1: [1], 2: [2, 3], 3: [4, 5]}
COST: 17.719

-------------------

/kˈaɦni/ - /ʃˈɛːʁ/
k-ʃ / ˈa-ˈɛː / ɦ-ʁ / n-∅ / i_#>-#>
{0: [0], 1: [1], 2: [2], 3: [3], 4: [4]}
{0: [0], 1: [1], 2: [2], 3: None, 4: None}
COST: 2.1

-------------------

/kˈaɾu/ - /ʃˈeʁ/
k-ʃ / ˈa-ˈe / ɾ-ʁ / u_#>-#>
{0: [0], 1: [1], 2: [2], 3: [3]}
{0: [0], 1: [1], 2: [2], 3: None}
COST: 6.812

-------------------

/kˈi/ - /kˈɛː/
k-k / ˈi-ˈɛː
{0: [0], 1: [1]}
{0: [0], 1: [1]}
COST: 11.335

-------------------

/kˈoh/ - /kulˈɔʁ/
k-k / ∅-u / ∅-l / ˈo-ˈɔ / h-ʁ
{0: [0], 1: None, 2: None, 3: [1], 4: [2]}
{0: [0], 1: [1], 2: [2], 3: [3], 4: [4]}
COST: 4.168

-------------------

/kˈohpu/ - /kˈoːʁ/
k-k / ˈo-ˈoː / h-ʁ / p-∅ / u_#>-#>
{0: [0], 1: [1], 2: [2], 3: [3], 4: [4]}
{0: [0], 1: [1], 2: [2], 3: None, 4: None}
COST: 6.267

-------------------

/kˈojzɐ/ - /ʃwˈeza/
k-ʃ / ˈo-w / j-ˈe / z-z / ɐ-a
{0: [0], 1: [1], 2: [2], 3: [3], 4: [4]}
{0: [0], 1: [1], 2: [2], 3: [3], 4: [4]}
COST: 26.845

-------------------

/kˈoɦnu/ - /kˈøʁna/
k-k / ˈo-ˈø / ɦ-ʁ / n-n / ∅-a / u_#>-#>
{0: [0], 1: [1], 2: [2], 3: [3], 4: None, 5: [4]}
{0: [0], 1: [1], 2: [2], 3: [3], 4: [4], 5: None}
COST: 11.996

-------------------

/kˈoʃɐ/ - /kwˈesə/
k-k / ˈo-w / ∅-ˈe / ʃ-s / ɐ-ə
{0: [0], 1: [1], 2: None, 3: [2], 4: [3]}
{0: [0], 1: [1], 2: [2], 3: [3], 4: [4]}
COST: 12.68

-------------------

/kˈu/ - /kˈul/
k-k / ˈu-ˈu / #>-l_#>
{0: [0], 1: [1], 2: None}
{0: [0], 1: [1], 2: [2]}
COST: 13.627

-------------------

/kˈuhtu/ - /kˈoːʁ/
k-k / ˈu-∅ / h-ˈoː_ʁ / t-∅ / u_#>-#>
{0: [0], 1: [1], 2: [2], 3: [3], 4: [4]}
{0: [0], 1: None, 2: [1, 2], 3: None, 4: None}
COST: -5.032

-------------------

/kˈũj̃u/ - /kwˈɛ̃/
k-k / ˈũ-w / j̃_u-ˈɛ̃
{0: [0], 1: [1], 2: [2, 3]}
{0: [0], 1: [1], 2: [2]}
COST: 14.413

-------------------

/kˈɐ̃maɾɐ/ - /ʃˈɑ̃bʁa/
k-ʃ / ˈɐ̃-ˈɑ̃ / ∅-b / m-∅ / a-∅ / ɾ_ɐ-ʁ_a
{0: [0], 1: [1], 2: None, 3: [2], 4: [3], 5: [4, 5]}
{0: [0], 1: [1], 2: [2], 3: None, 4: None, 5: [3, 4]}
COST: 5.558

-------------------

/kˈɐ̃tu/ - /ʃˈɑ̃/
k-ʃ / ˈɐ̃_t-ˈɑ̃ / u_#>-#>
{0: [0], 1: [1, 2], 2: [3]}
{0: [0], 1: [1], 2: None}
COST: 7.61

-------------------

/kˈɔh/ - /kˈoː/
k-k / ˈɔ-ˈoː / h_#>-#>
{0: [0], 1: [1], 2: [2]}
{0: [0], 1: [1], 2: None}
COST: 11.653

-------------------

/kˈɔlu/ - /kˈu/
k-k / ˈɔ-ˈu / l_u_#>-#>
{0: [0], 1: [1], 2: [2, 3]}
{0: [0], 1: [1], 2: None}
COST: 7.852

-------------------

/kˈɔlɐ/ - /kˈua/
k-k / ˈɔ_l-ˈu / ɐ-a
{0: [0], 1: [1, 2], 2: [3]}
{0: [0], 1: [1], 2: [2]}
COST: 14.108

-------------------

/levˈah/ - /lɛvˈa/
<#_l-<#_l / e-ɛ / v-v / ˈa-ˈa / h_#>-#>
{0: [0], 1: [1], 2: [2], 3: [3], 4: [4]}
{0: [0], 1: [1], 2: [2], 3: [3], 4: None}
COST: 23.446

-------------------

/leˈɐ̃w̃/ - /lejˈɔ̃/
<#_l-<#_l / e-e / ∅-j / ˈɐ̃_w̃-ˈɔ̃
{0: [0], 1: [1], 2: None, 3: [2, 3]}
{0: [0], 1: [1], 2: [2], 3: [3]}
COST: 13.275

-------------------

/lˈaɡu/ - /lˈak/
<#_l-<#_l / ˈa-ˈa / ɡ-k / u_#>-#>
{0: [0], 1: [1], 2: [2], 3: [3]}
{0: [0], 1: [1], 2: [2], 3: None}
COST: 12.386

-------------------

/lˈaɡɾimɐ/ - /lˈɑːʁma/
<#_l-<#_l / ˈa-ˈɑː / ɡ_ɾ-ʁ / i-∅ / m-m / ɐ-a
{0: [0], 1: [1], 2: [2, 3], 3: [4], 4: [5], 5: [6]}
{0: [0], 1: [1], 2: [2], 3: None, 4: [3], 5: [4]}
COST: 19.119

-------------------

/lˈej/ - /lwˈe/
<#_l-<#_l / ∅-w / ˈe-∅ / j-ˈe
{0: [0], 1: None, 2: [1], 3: [2]}
{0: [0], 1: [1], 2: None, 3: [2]}
COST: 3.321

-------------------

/lˈejʧi/ - /lˈa/
<#_l-<#_l / ∅-ˈa / ˈe-∅ / j-∅ / ʧ_i_#>-#>
{0: [0], 1: None, 2: [1], 3: [2], 4: [3, 4]}
{0: [0], 1: [1], 2: None, 3: None, 4: None}
COST: -10.484

-------------------

/lˈetɾɐ/ - /lˈɛtʁa/
<#_l-<#_l / ˈe-ˈɛ / t-t / ɾ_ɐ-ʁ_a
{0: [0], 1: [1], 2: [2], 3: [3, 4]}
{0: [0], 1: [1], 2: [2], 3: [3, 4]}
COST: 25.495

-------------------

/lˈeɾ/ - /lˈiðə/
<#_l-<#_l / ˈe_ɾ-ˈi_ð / #>-ə_#>
{0: [0], 1: [1, 2], 2: None}
{0: [0], 1: [1, 2], 2: [3]}
COST: 15.654

-------------------

/lˈivɾi/ - /lˈibʁo/
<#_l-<#_l / ˈi-ˈi / v-b / ɾ-ʁ / i-o
{0: [0], 1: [1], 2: [2], 3: [3], 4: [4]}
{0: [0], 1: [1], 2: [2], 3: [3], 4: [4]}
COST: 20.344

-------------------

/lˈĩj̃ɐ/ - /lˈeɲə/
<#_l-<#_l / ˈĩ-ˈe / j̃-ɲ / ɐ-ə
{0: [0], 1: [1], 2: [2], 3: [3]}
{0: [0], 1: [1], 2: [2], 3: [3]}
COST: 22.338

-------------------

/lˈĩɡwɐ/ - /lˈɛ̃ɡa/
<#_l-<#_l / ˈĩ-ˈɛ̃ / ɡ-ɡ / w-∅ / ɐ-a
{0: [0], 1: [1], 2: [2], 3: [3], 4: [4]}
{0: [0], 1: [1], 2: [2], 3: None, 4: [3]}
COST: 17.254

-------------------

/lˈobu/ - /lˈo/
<#_l-<#_l / ˈo-ˈo / b-∅ / u_#>-#>
{0: [0], 1: [1], 2: [2], 3: [3]}
{0: [0], 1: [1], 2: None, 3: None}
COST: 6.668

-------------------

/lˈoɡu/ - /lwˈa/
<#_l-<#_l / ˈo-w / ɡ_u-ˈa
{0: [0], 1: [1], 2: [2, 3]}
{0: [0], 1: [1], 2: [2]}
COST: 15.753

-------------------

/lˈõɡu/ - /lˈɔ̃/
<#_l-<#_l / ˈõ-ˈɔ̃ / ɡ-∅ / u_#>-#>
{0: [0], 1: [1], 2: [2], 3: [3]}
{0: [0], 1: [1], 2: None, 3: None}
COST: 8.379

-------------------

/lˈuɐ/ - /lˈuna/
<#_l-<#_l / ˈu-ˈu / ɐ-n_a
{0: [0], 1: [1], 2: [2]}
{0: [0], 1: [1], 2: [2, 3]}
COST: 15.623

-------------------

/lˈɐ̃/ - /lˈana/
<#_l-<#_l / ˈɐ̃_#>-ˈa_n_a_#>
{0: [0], 1: [1]}
{0: [0], 1: [1, 2, 3]}
COST: 6.851

-------------------

/lˈɛbɾi/ - /ljˈevʁa/
<#_l-<#_l / ˈɛ-j_ˈe / b-v / ɾ-ʁ_a / i_#>-#>
{0: [0], 1: [1], 2: [2], 3: [3], 4: [4]}
{0: [0], 1: [1, 2], 2: [3], 3: [4, 5], 4: None}
COST: 11.664

-------------------

/metˈaʤi/ - /mɛːtjˈa/
m-m / ∅-ɛː / e-∅ / t-t / ∅-j / ˈa-ˈa / ʤ-∅ / i_#>-#>
{0: [0], 1: None, 2: [1], 3: [2], 4: None, 5: [3], 6: [4], 7: [5]}
{0: [0], 1: [1], 2: None, 3: [2], 4: [3], 5: [4], 6: None, 7: None}
COST: -2.746

-------------------

/meʎˈɔh/ - /mɛʎˈøʁ/
m-m / e-ɛ / ʎ-ʎ / ˈɔ-ˈø / h-ʁ
{0: [0], 1: [1], 2: [2], 3: [3], 4: [4]}
{0: [0], 1: [1], 2: [2], 3: [3], 4: [4]}
COST: 26.863

-------------------

/mohˈeh/ - /moðˈi/
m-m / o-o / h-ð / ˈe-ˈi / h_#>-#>
{0: [0], 1: [1], 2: [2], 3: [3], 4: [4]}
{0: [0], 1: [1], 2: [2], 3: [3], 4: None}
COST: 16.126

-------------------

/moɦdˈeh/ - /mˈuʁdʁə/
m-m / ∅-ˈu / o-∅ / ɦ-ʁ / d-d / ˈe_h-ʁ_ə
{0: [0], 1: None, 2: [1], 3: [2], 4: [3], 5: [4, 5]}
{0: [0], 1: [1], 2: None, 3: [2], 4: [3], 5: [4, 5]}
COST: 7.564

-------------------

/mõtˈɐ̃j̃ɐ/ - /mɔ̃tˈaɲi/
m-m / ∅-ɔ̃ / õ-∅ / t-t / ˈɐ̃-ˈa / j̃-ɲ / ɐ-i
{0: [0], 1: None, 2: [1], 3: [2], 4: [3], 5: [4], 6: [5]}
{0: [0], 1: [1], 2: None, 3: [2], 4: [3], 5: [4], 6: [5]}
COST: 19.745

-------------------

/muʎˈɛh/ - /muʎˈeʁ/
m-m / ∅-u / u-∅ / ʎ-ʎ / ˈɛ_h-ˈe_ʁ
{0: [0], 1: None, 2: [1], 3: [2], 4: [3, 4]}
{0: [0], 1: [1], 2: None, 3: [2], 4: [3, 4]}
COST: 14.073

-------------------

/mˈah/ - /mˈɛːʁ/
m-m / ˈa-ˈɛː / h-ʁ
{0: [0], 1: [1], 2: [2]}
{0: [0], 1: [1], 2: [2]}
COST: 12.581

-------------------

/mˈi/ - /mˈɛ/
m-m / ˈi-∅ / #>-ˈɛ_#>
{0: [0], 1: [1], 2: None}
{0: [0], 1: None, 2: [1]}
COST: 2.746

-------------------

/mˈiw/ - /mˈil/
m-m / ˈi-ˈi / w-l
{0: [0], 1: [1], 2: [2]}
{0: [0], 1: [1], 2: [2]}
COST: 18.708

-------------------

/mˈoʃkɐ/ - /mwˈeʃə/
m-m / ˈo-w / ʃ-ˈe / k-ʃ / ɐ-ə
{0: [0], 1: [1], 2: [2], 3: [3], 4: [4]}
{0: [0], 1: [1], 2: [2], 3: [3], 4: [4]}
COST: 18.019

-------------------

/mˈɐ̃w̃/ - /mˈɑ̃/
m-m / ˈɐ̃-ˈɑ̃ / w̃_#>-#>
{0: [0], 1: [1], 2: [2]}
{0: [0], 1: [1], 2: None}
COST: 13.091

-------------------

/mˈɔhʧi/ - /mˈoːʁ/
m-m / ˈɔ-ˈoː / h_ʧ-ʁ / i_#>-#>
{0: [0], 1: [1], 2: [2, 3], 3: [4]}
{0: [0], 1: [1], 2: [2], 3: None}
COST: 11.515

-------------------

/mˈɛw/ - /mjˈel/
m-m / ˈɛ-j_ˈe / w-l
{0: [0], 1: [1], 2: [2]}
{0: [0], 1: [1, 2], 2: [3]}
COST: 14.281

-------------------

/nasˈeh/ - /nˈajtʁə/
n-n / ∅-ˈa / ∅-j / a-∅ / s-t / ˈe_h-ʁ_ə
{0: [0], 1: None, 2: None, 3: [1], 4: [2], 5: [3, 4]}
{0: [0], 1: [1], 2: [2], 3: None, 4: [3], 5: [4, 5]}
COST: -5.112

-------------------

/naɾˈiʃ/ - /nˈɑː/
n-n / ∅-ˈɑː / a-∅ / ɾ-∅ / ˈi-∅ / ʃ_#>-#>
{0: [0], 1: None, 2: [1], 3: [2], 4: [3], 5: [4]}
{0: [0], 1: [1], 2: None, 3: None, 4: None, 5: None}
COST: -12.958

-------------------

/nˈeɡɾu/ - /nˈɛːʁ/
n-n / ˈe-ˈɛː / ɡ_ɾ-ʁ / u_#>-#>
{0: [0], 1: [1], 2: [2, 3], 3: [4]}
{0: [0], 1: [1], 2: [2], 3: None}
COST: 10.714

-------------------

/nˈojʧi/ - /nwˈɛ/
n-n / ˈo-w / ∅-ˈɛ / j-∅ / ʧ_i_#>-#>
{0: [0], 1: [1], 2: None, 3: [2], 4: [3, 4]}
{0: [0], 1: [1], 2: [2], 3: None, 4: None}
COST: -1.316

-------------------

/nˈovu/ - /nˈɔvo/
n-n / ˈo-ˈɔ / v-v / u_#>-o_#>
{0: [0], 1: [1], 2: [2], 3: [3]}
{0: [0], 1: [1], 2: [2], 3: [3]}
COST: 21.256

-------------------

/nˈõmi/ - /nˈɔ̃/
n-n / ˈõ-ˈɔ̃ / m-∅ / i_#>-#>
{0: [0], 1: [1], 2: [2], 3: [3]}
{0: [0], 1: [1], 2: None, 3: None}
COST: 8.735

-------------------

/nˈuvẽj̃/ - /ɲˈol/
<#_n-<# / ˈu-∅ / v-∅ / ẽ-∅ / j̃-ɲ / ∅-ˈo / #>-l_#>
{0: [0], 1: [1], 2: [2], 3: [3], 4: [4], 5: None, 6: None}
{0: None, 1: None, 2: None, 3: None, 4: [0], 5: [1], 6: [2]}
COST: -15.246

-------------------

/nˈɔjʃ/ - /nwˈɛ/
n-n / ˈɔ-w / j-∅ / ʃ-∅ / #>-ˈɛ_#>
{0: [0], 1: [1], 2: [2], 3: [3], 4: None}
{0: [0], 1: [1], 2: None, 3: None, 4: [2]}
COST: -0.682

-------------------

/nˈɔjʃ/ - /nˈo/
n-n / ˈɔ_j-ˈo / ʃ_#>-#>
{0: [0], 1: [1, 2], 2: [3]}
{0: [0], 1: [1], 2: None}
COST: 8.98

-------------------

/nˈɔsu/ - /nˈoːtʁo/
n-n / ˈɔ-ˈoː / s-t / ∅-ʁ / u_#>-o_#>
{0: [0], 1: [1], 2: [2], 3: None, 4: [3]}
{0: [0], 1: [1], 2: [2], 3: [3], 4: [4]}
COST: 13.452

-------------------

/nˈɔvi/ - /nˈoːf/
n-n / ˈɔ-ˈoː / v_i-f
{0: [0], 1: [1], 2: [2, 3]}
{0: [0], 1: [1], 2: [2]}
COST: 16.853

-------------------

/nˈɛvi/ - /nˈɛːf/
n-n / ˈɛ-ˈɛː / v_i-f
{0: [0], 1: [1], 2: [2, 3]}
{0: [0], 1: [1], 2: [2]}
COST: 13.662

-------------------

/obɾˈejɾu/ - /ovʁjˈe/
<#_o-<#_o / b-v / ɾ-ʁ / ˈe-j / j-ˈe / ɾ-∅ / u_#>-#>
{0: [0], 1: [1], 2: [2], 3: [3], 4: [4], 5: [5], 6: [6]}
{0: [0], 1: [1], 2: [2], 3: [3], 4: [4], 5: None, 6: None}
COST: 12.445

-------------------

/oɾˈeʎɐ/ - /oðˈiʎə/
<#_o-<#_o / ɾ-ð / ˈe-ˈi / ʎ-ʎ / ɐ-ə
{0: [0], 1: [1], 2: [2], 3: [3], 4: [4]}
{0: [0], 1: [1], 2: [2], 3: [3], 4: [4]}
COST: 28.79

-------------------

/palˈavɾɐ/ - /paðˈɔla/
p-p / a-a / ∅-ð / ∅-ˈɔ / l-l / ˈa-∅ / v-∅ / ɾ_ɐ-a
{0: [0], 1: [1], 2: None, 3: None, 4: [2], 5: [3], 6: [4], 7: [5, 6]}
{0: [0], 1: [1], 2: [2], 3: [3], 4: [4], 5: None, 6: None, 7: [5]}
COST: 0.822

-------------------

/pekˈẽnu/ - /pətjˈoː/
p-p / e-ə / k-t / ∅-j / ∅-ˈoː / ˈẽ-∅ / n-∅ / u_#>-#>
{0: [0], 1: [1], 2: [2], 3: None, 4: None, 5: [3], 6: [4], 7: [5]}
{0: [0], 1: [1], 2: [2], 3: [3], 4: [4], 5: None, 6: None, 7: None}
COST: -10.406

-------------------

/piˈoʎu/ - /pjˈuʎ/
p-p / ∅-j / ∅-ˈu / i-∅ / ˈo-∅ / ʎ-ʎ / u_#>-#>
{0: [0], 1: None, 2: None, 3: [1], 4: [2], 5: [3], 6: [4]}
{0: [0], 1: [1], 2: [2], 3: None, 4: None, 5: [3], 6: None}
COST: -6.353

-------------------

/podˈeh/ - /povˈɛːʁ/
p-p / o-o / ∅-v / d-∅ / ˈe-ˈɛː / h-ʁ
{0: [0], 1: [1], 2: None, 3: [2], 4: [3], 5: [4]}
{0: [0], 1: [1], 2: [2], 3: None, 4: [3], 5: [4]}
COST: 11.962

-------------------

/pɾˈesu/ - /pʁˈiʃ/
p-p / ɾ-ʁ / ˈe-ˈi / s-∅ / u-∅ / #>-ʃ_#>
{0: [0], 1: [1], 2: [2], 3: [3], 4: [4], 5: None}
{0: [0], 1: [1], 2: [2], 3: None, 4: None, 5: [3]}
COST: 4.423

-------------------

/pˈaj/ - /pˈaːðə/
p-p / ˈa_j-ˈaː / ∅-ð / #>-ə_#>
{0: [0], 1: [1, 2], 2: None, 3: None}
{0: [0], 1: [1], 2: [2], 3: [3]}
COST: 2.941

-------------------

/pˈajʃ/ - /pˈeʃ/
p-p / ˈa-∅ / j-ˈe / ʃ-ʃ
{0: [0], 1: [1], 2: [2], 3: [3]}
{0: [0], 1: None, 2: [1], 3: [2]}
COST: 12.786

-------------------

/pˈejtu/ - /pˈɛtʁo/
p-p / ˈe-ˈɛ / j-∅ / t-t / ∅-ʁ / u_#>-o_#>
{0: [0], 1: [1], 2: [2], 3: [3], 4: None, 5: [4]}
{0: [0], 1: [1], 2: None, 3: [2], 4: [3], 5: [4]}
COST: 11.873

-------------------

/pˈejʃi/ - /pˈɛːsɔ̃/
p-p / ˈe_j-ˈɛː / ʃ-s / ∅-ɔ̃ / i_#>-#>
{0: [0], 1: [1, 2], 2: [3], 3: None, 4: [4]}
{0: [0], 1: [1], 2: [2], 3: [3], 4: None}
COST: 4.797

-------------------

/pˈelu/ - /pˈɛːl/
p-p / ˈe-ˈɛː / l-l / u_#>-#>
{0: [0], 1: [1], 2: [2], 3: [3]}
{0: [0], 1: [1], 2: [2], 3: None}
COST: 16.648

-------------------

/pˈenɐ/ - /pˈɛːna/
p-p / ˈe-ˈɛː / n-n / ɐ-a
{0: [0], 1: [1], 2: [2], 3: [3]}
{0: [0], 1: [1], 2: [2], 3: [3]}
COST: 24.786

-------------------

/pˈeseɡu/ - /pˈɛːʁʃə/
p-p / ˈe-ˈɛː / s-∅ / e-∅ / ɡ-ʁ / ∅-ʃ / u-ə
{0: [0], 1: [1], 2: [2], 3: [3], 4: [4], 5: None, 6: [5]}
{0: [0], 1: [1], 2: None, 3: None, 4: [2], 5: [3], 6: [4]}
COST: 0.825

-------------------

/pˈẽnɐ/ - /plˈoma/
p-p / ∅-l / ∅-ˈo / ∅-m / ˈẽ-∅ / n-∅ / ɐ-a
{0: [0], 1: None, 2: None, 3: None, 4: [1], 5: [2], 6: [3]}
{0: [0], 1: [1], 2: [2], 3: [3], 4: None, 5: None, 6: [4]}
COST: -10.408

-------------------

/pˈoh/ - /pˈɔ̃dʁə/
p-p / ∅-ˈɔ̃ / ˈo-d / h-ʁ_ə
{0: [0], 1: None, 2: [1], 3: [2]}
{0: [0], 1: [1], 2: [2], 3: [3, 4]}
COST: -0.063

-------------------

/pˈohku/ - /pwˈɛʁk/
p-p / ˈo-w / ∅-ˈɛ / h-ʁ / k-k / u_#>-#>
{0: [0], 1: [1], 2: None, 3: [2], 4: [3], 5: [4]}
{0: [0], 1: [1], 2: [2], 3: [3], 4: [4], 5: None}
COST: 11.867

-------------------

/pˈosu/ - /pwˈɛːʦ/
p-p / ˈo-w / ∅-ˈɛː / ∅-ʦ / s-∅ / u_#>-#>
{0: [0], 1: [1], 2: None, 3: None, 4: [2], 5: [3]}
{0: [0], 1: [1], 2: [2], 3: [3], 4: None, 5: None}
COST: -4.112

-------------------

/pˈowku/ - /pwˈe/
p-p / ˈo-w / ∅-ˈe / w-∅ / k_u_#>-#>
{0: [0], 1: [1], 2: None, 3: [2], 4: [3, 4]}
{0: [0], 1: [1], 2: [2], 3: None, 4: None}
COST: -1.197

-------------------

/pˈõtu/ - /pwˈɛ̃/
p-p / ∅-w / ˈõ-∅ / t-∅ / u-ˈɛ̃
{0: [0], 1: None, 2: [1], 3: [2], 4: [3]}
{0: [0], 1: [1], 2: None, 3: None, 4: [2]}
COST: -3.283

-------------------

/pˈõʧi/ - /pˈɔ̃/
p-p / ˈõ-ˈɔ̃ / ʧ_i_#>-#>
{0: [0], 1: [1], 2: [2, 3]}
{0: [0], 1: [1], 2: None}
COST: 11.853

-------------------

/pˈũj̃u/ - /pwˈɛ̃/
p-p / ˈũ-w / j̃_u-ˈɛ̃
{0: [0], 1: [1], 2: [2, 3]}
{0: [0], 1: [1], 2: [2]}
COST: 15.115

-------------------

/pˈɐ̃w̃/ - /pˈɑ̃/
p-p / ˈɐ̃-ˈɑ̃ / w̃_#>-#>
{0: [0], 1: [1], 2: [2]}
{0: [0], 1: [1], 2: None}
COST: 12.96

-------------------

/pˈɔbɾi/ - /pˈuvʁo/
p-p / ˈɔ-ˈu / b-v / ɾ-ʁ / i-o
{0: [0], 1: [1], 2: [2], 3: [3], 4: [4]}
{0: [0], 1: [1], 2: [2], 3: [3], 4: [4]}
COST: 20.422

-------------------

/pˈɛ/ - /pˈi/
p-p / ∅-ˈi / ˈɛ-∅
{0: [0], 1: None, 2: [1]}
{0: [0], 1: [1], 2: None}
COST: 0.761

-------------------

/pˈɛdɾɐ/ - /pjˈeða/
p-p / ˈɛ-j_ˈe / d-∅ / ɾ-ð / ɐ-a
{0: [0], 1: [1], 2: [2], 3: [3], 4: [4]}
{0: [0], 1: [1, 2], 2: None, 3: [3], 4: [4]}
COST: 12.498

-------------------

/pˈɛli/ - /pˈel/
p-p / ˈɛ-ˈe / l-l / i_#>-#>
{0: [0], 1: [1], 2: [2], 3: [3]}
{0: [0], 1: [1], 2: [2], 3: None}
COST: 16.202

-------------------

/sabˈeh/ - /savˈɛːʁ/
s-s / a-a / b-v / ˈe-ˈɛː / h-ʁ
{0: [0], 1: [1], 2: [2], 3: [3], 4: [4]}
{0: [0], 1: [1], 2: [2], 3: [3], 4: [4]}
COST: 22.974

-------------------

/saˈuʤi/ - /salˈu/
s-s / a-a / ∅-l / ˈu-ˈu / ʤ-∅ / i_#>-#>
{0: [0], 1: [1], 2: None, 3: [2], 4: [3], 5: [4]}
{0: [0], 1: [1], 2: [2], 3: [3], 4: None, 5: None}
COST: 6.767

-------------------

/sehkˈah/ - /ʃɛʁʃjˈe/
∅-ʃ / s-∅ / e-ɛ / h-ʁ / k-ʃ / ˈa-j / h_#>-ˈe_#>
{0: None, 1: [0], 2: [1], 3: [2], 4: [3], 5: [4], 6: [5]}
{0: [0], 1: None, 2: [1], 3: [2], 4: [3], 5: [4], 6: [5]}
COST: 3.373

-------------------

/semˈɐ̃nɐ/ - /səmˈana/
s-s / e-ə / m-m / ˈɐ̃-ˈa / n-n / ɐ-a
{0: [0], 1: [1], 2: [2], 3: [3], 4: [4], 5: [5]}
{0: [0], 1: [1], 2: [2], 3: [3], 4: [4], 5: [5]}
COST: 30.734

-------------------

/seɾˈeʒɐ/ - /seðˈizə/
s-s / e-e / ɾ-ð / ˈe-ˈi / ∅-z / ʒ-∅ / ɐ-ə
{0: [0], 1: [1], 2: [2], 3: [3], 4: None, 5: [4], 6: [5]}
{0: [0], 1: [1], 2: [2], 3: [3], 4: [4], 5: None, 6: [5]}
COST: 15.624

-------------------

/sĩkwˈẽtɐ/ - /sĩkwˈɑ̃ta/
s-s / ∅-ĩ / ĩ-∅ / k-k / w-w / ∅-ˈɑ̃ / ˈẽ-∅ / t-t / ɐ-a
{0: [0], 1: None, 2: [1], 3: [2], 4: [3], 5: None, 6: [4], 7: [5], 8: [6]}
{0: [0], 1: [1], 2: None, 3: [2], 4: [3], 5: [4], 6: None, 7: [5], 8: [6]}
COST: 6.644

-------------------

/sofɾˈeh/ - /sofʁˈiʁ/
s-s / o-o / f-f / ɾ-ʁ / ˈe-ˈi / h-ʁ
{0: [0], 1: [1], 2: [2], 3: [3], 4: [4], 5: [5]}
{0: [0], 1: [1], 2: [2], 3: [3], 4: [4], 5: [5]}
COST: 27.902

-------------------

/sˈabiʃ/ - /sˈɑː/
s-s / ˈa-ˈɑː / b-∅ / i-∅ / ʃ_#>-#>
{0: [0], 1: [1], 2: [2], 3: [3], 4: [4]}
{0: [0], 1: [1], 2: None, 3: None, 4: None}
COST: 1.653

-------------------

/sˈabju/ - /sˈaðo/
s-s / ˈa-ˈa / ∅-ð / b-∅ / j-∅ / u_#>-o_#>
{0: [0], 1: [1], 2: None, 3: [2], 4: [3], 5: [4]}
{0: [0], 1: [1], 2: [2], 3: None, 4: None, 5: [3]}
COST: 2.2

-------------------

/sˈajbɐ/ - /sˈaːbjo/
s-s / ˈa_j-ˈaː / b-b / ∅-j / ɐ-∅ / #>-o_#>
{0: [0], 1: [1, 2], 2: [3], 3: None, 4: [4], 5: None}
{0: [0], 1: [1], 2: [2], 3: [3], 4: None, 5: [4]}
COST: 3.864

-------------------

/sˈaw/ - /sˈal/
s-s / ˈa-ˈa / w-l
{0: [0], 1: [1], 2: [2]}
{0: [0], 1: [1], 2: [2]}
COST: 17.275

-------------------

/sˈawsɐ/ - /sˈoːsa/
s-s / ∅-ˈoː / ˈa-∅ / w-∅ / s-s / ɐ-a
{0: [0], 1: None, 2: [1], 3: [2], 4: [3], 5: [4]}
{0: [0], 1: [1], 2: None, 3: None, 4: [2], 5: [3]}
COST: 3.905

-------------------

/sˈedɐ/ - /swˈe/
s-s / ∅-w / ˈe-ˈe / d-∅ / ɐ_#>-#>
{0: [0], 1: None, 2: [1], 3: [2], 4: [3]}
{0: [0], 1: [1], 2: [2], 3: None, 4: None}
COST: -2.62

-------------------

/sˈejʃ/ - /sjˈɛːʃ/
s-s / ˈe-j / j-ˈɛː / ʃ-ʃ
{0: [0], 1: [1], 2: [2], 3: [3]}
{0: [0], 1: [1], 2: [2], 3: [3]}
COST: 17.289

-------------------

/sˈeku/ - /sˈɛt/
s-s / ˈe_k-ˈɛ_t / u_#>-#>
{0: [0], 1: [1, 2], 2: [3]}
{0: [0], 1: [1, 2], 2: None}
COST: 12.0

-------------------

/sˈekɐ/ - /sˈɛta/
s-s / ˈe_k-ˈɛ_t / ɐ-a
{0: [0], 1: [1, 2], 2: [3]}
{0: [0], 1: [1, 2], 2: [3]}
COST: 19.431

-------------------

/sˈeɾɐ/ - /sˈiðə/
s-s / ˈe_ɾ-ˈi_ð / ɐ-ə
{0: [0], 1: [1, 2], 2: [3]}
{0: [0], 1: [1, 2], 2: [3]}
COST: 22.161

-------------------

/sˈẽtu/ - /sˈɛ̃/
s-s / ˈẽ-ˈɛ̃ / t-∅ / u_#>-#>
{0: [0], 1: [1], 2: [2], 3: [3]}
{0: [0], 1: [1], 2: None, 3: None}
COST: 8.107

-------------------

/sˈĩku/ - /sˈĩ/
s-s / ˈĩ-ˈĩ / k_u_#>-#>
{0: [0], 1: [1], 2: [2, 3]}
{0: [0], 1: [1], 2: None}
COST: 11.475

-------------------

/sˈĩzɐ/ - /sˈĩdʁə/
s-s / ˈĩ-ˈĩ / ∅-d / ∅-ʁ / z-∅ / ɐ-ə
{0: [0], 1: [1], 2: None, 3: None, 4: [2], 5: [3]}
{0: [0], 1: [1], 2: [2], 3: [3], 4: None, 5: [4]}
COST: 5.509

-------------------

/sˈɐ̃/ - /sˈana/
s-s / ˈɐ̃_#>-ˈa_n_a_#>
{0: [0], 1: [1]}
{0: [0], 1: [1, 2, 3]}
COST: 6.715

-------------------

/sˈɐ̃tu/ - /sˈɑ̃/
s-s / ˈɐ̃_t-ˈɑ̃ / u_#>-#>
{0: [0], 1: [1, 2], 2: [3]}
{0: [0], 1: [1], 2: None}
COST: 9.58

-------------------

/sˈɐ̃w̃/ - /sˈɑ̃/
s-s / ˈɐ̃-ˈɑ̃ / w̃_#>-#>
{0: [0], 1: [1], 2: [2]}
{0: [0], 1: [1], 2: None}
COST: 12.265

-------------------

/sˈɐ̃ɡi/ - /sˈɑ̃/
s-s / ˈɐ̃-ˈɑ̃ / ɡ-∅ / i_#>-#>
{0: [0], 1: [1], 2: [2], 3: [3]}
{0: [0], 1: [1], 2: None, 3: None}
COST: 7.265

-------------------

/sˈɔw/ - /sɔlwˈɛː/
s-s / ∅-ɔ / ∅-l / ˈɔ-w / ∅-ˈɛː / w_#>-#>
{0: [0], 1: None, 2: None, 3: [1], 4: None, 5: [2]}
{0: [0], 1: [1], 2: [2], 3: [3], 4: [4], 5: None}
COST: -6.801

-------------------

/sˈɛw/ - /sjˈɛl/
s-s_j / ˈɛ-ˈɛ / w-l
{0: [0], 1: [1], 2: [2]}
{0: [0, 1], 1: [2], 2: [3]}
COST: 13.201

-------------------

/sˈɛʧi/ - /sˈɛt/
s-s / ˈɛ-ˈɛ / ʧ-t / i_#>-#>
{0: [0], 1: [1], 2: [2], 3: [3]}
{0: [0], 1: [1], 2: [2], 3: None}
COST: 13.157

-------------------

/tosˈih/ - /tosjˈe/
<#_t-<#_t / o-o / s-s_j / ˈi-ˈe / h_#>-#>
{0: [0], 1: [1], 2: [2], 3: [3], 4: [4]}
{0: [0], 1: [1], 2: [2, 3], 3: [4], 4: None}
COST: 15.135

-------------------

/tɾˈejʃ/ - /tʁˈɛː/
<#_t-<#_t / ɾ-ʁ / ˈe_j-ˈɛː / ʃ_#>-#>
{0: [0], 1: [1], 2: [2, 3], 3: [4]}
{0: [0], 1: [1], 2: [2], 3: None}
COST: 11.062

-------------------

/tˈẽpu/ - /tˈɛ̃/
<#_t-<#_t / ˈẽ-ˈɛ̃ / p-∅ / u_#>-#>
{0: [0], 1: [1], 2: [2], 3: [3]}
{0: [0], 1: [1], 2: None, 3: None}
COST: 9.12

-------------------

/tˈodu/ - /tˈo/
<#_t-<#_t / ˈo-ˈo / d-∅ / u_#>-#>
{0: [0], 1: [1], 2: [2], 3: [3]}
{0: [0], 1: [1], 2: None, 3: None}
COST: 7.545

-------------------

/tˈoduʃ/ - /tˈoːs/
<#_t-<#_t / ˈo-ˈoː / d-∅ / u-∅ / ʃ-s
{0: [0], 1: [1], 2: [2], 3: [3], 4: [4]}
{0: [0], 1: [1], 2: None, 3: None, 4: [2]}
COST: 5.455

-------------------

/tˈowɾu/ - /toʁˈel/
<#_t-<#_t / ∅-o / ˈo-∅ / w-∅ / ɾ-ʁ / ∅-ˈe / u-l
{0: [0], 1: None, 2: [1], 3: [2], 4: [3], 5: None, 6: [4]}
{0: [0], 1: [1], 2: None, 3: None, 4: [2], 5: [3], 6: [4]}
COST: -7.986

-------------------

/tˈu/ - /tˈɛ/
<#_t-<#_t / ˈu-∅ / #>-ˈɛ_#>
{0: [0], 1: [1], 2: None}
{0: [0], 1: None, 2: [1]}
COST: 2.933

-------------------

/tˈɛhɐ/ - /tˈɛːða/
<#_t-<#_t / ˈɛ-ˈɛː / h-ð / ɐ-a
{0: [0], 1: [1], 2: [2], 3: [3]}
{0: [0], 1: [1], 2: [2], 3: [3]}
COST: 16.17

-------------------

/tˈɛʃtɐ/ - /tˈeta/
<#_t-<#_t / ˈɛ_ʃ-ˈe / t-t / ɐ-a
{0: [0], 1: [1, 2], 2: [3], 3: [4]}
{0: [0], 1: [1], 2: [2], 3: [3]}
COST: 19.828

-------------------

/veɦɡˈõj̃ɐ/ - /vɛʁɡˈɔɲə/
v-v / e-ɛ / ɦ-ʁ / ɡ-ɡ / ∅-ˈɔ / ˈõ-∅ / j̃-ɲ / ɐ-ə
{0: [0], 1: [1], 2: [2], 3: [3], 4: None, 5: [4], 6: [5], 7: [6]}
{0: [0], 1: [1], 2: [2], 3: [3], 4: [4], 5: None, 6: [5], 7: [6]}
COST: 24.96

-------------------

/vizˈĩj̃u/ - /vəzˈĩ/
v-v / i-ə / z-z / ˈĩ-ˈĩ / j̃-∅ / u_#>-#>
{0: [0], 1: [1], 2: [2], 3: [3], 4: [4], 5: [5]}
{0: [0], 1: [1], 2: [2], 3: [3], 4: None, 5: None}
COST: 17.384

-------------------

/voˈah/ - /vɔlˈa/
v-v / o-ɔ / ∅-l / ˈa-ˈa / h_#>-#>
{0: [0], 1: [1], 2: None, 3: [2], 4: [3]}
{0: [0], 1: [1], 2: [2], 3: [3], 4: None}
COST: 8.728

-------------------

/vˈakɐ/ - /vˈaʃi/
v-v / ˈa-ˈa / k-ʃ / ɐ-i
{0: [0], 1: [1], 2: [2], 3: [3]}
{0: [0], 1: [1], 2: [2], 3: [3]}
COST: 21.978

-------------------

/vˈeh/ - /vˈɛːðə/
v-v / ˈe_h-ˈɛː_ð / #>-ə_#>
{0: [0], 1: [1, 2], 2: None}
{0: [0], 1: [1, 2], 2: [3]}
COST: 10.979

-------------------

/vˈeɦʤi/ - /vˈɛʁ/
v-v / ˈe-ˈɛ / ɦ-ʁ / ʤ-∅ / i_#>-#>
{0: [0], 1: [1], 2: [2], 3: [3], 4: [4]}
{0: [0], 1: [1], 2: [2], 3: None, 4: None}
COST: 6.834

-------------------

/vˈeʎu/ - /vjˈøʎ/
v-v / ˈe-j / ∅-ˈø / ʎ-ʎ / u_#>-#>
{0: [0], 1: [1], 2: None, 3: [2], 4: [3]}
{0: [0], 1: [1], 2: [2], 3: [3], 4: None}
COST: 8.434

-------------------

/vˈẽj̃u/ - /vˈɛno/
v-v / ˈẽ-ˈɛ / j̃-n / u_#>-o_#>
{0: [0], 1: [1], 2: [2], 3: [3]}
{0: [0], 1: [1], 2: [2], 3: [3]}
COST: 14.805

-------------------

/vˈẽtu/ - /vˈɛ̃/
v-v / ˈẽ-ˈɛ̃ / t-∅ / u_#>-#>
{0: [0], 1: [1], 2: [2], 3: [3]}
{0: [0], 1: [1], 2: None, 3: None}
COST: 8.181

-------------------

/vˈẽtɾi/ - /vˈɛ̃tʁo/
v-v / ˈẽ-ˈɛ̃ / t-t / ɾ-ʁ / i-o
{0: [0], 1: [1], 2: [2], 3: [3], 4: [4]}
{0: [0], 1: [1], 2: [2], 3: [3], 4: [4]}
COST: 25.172

-------------------

/vˈidɐ/ - /vˈia/
v-v / ˈi-ˈi / d_ɐ-a
{0: [0], 1: [1], 2: [2, 3]}
{0: [0], 1: [1], 2: [2]}
COST: 15.029

-------------------

/vˈih/ - /vənˈi/
v-v / ∅-ə / ∅-n / ˈi-ˈi / h_#>-#>
{0: [0], 1: None, 2: None, 3: [1], 4: [2]}
{0: [0], 1: [1], 2: [2], 3: [3], 4: None}
COST: 1.884

-------------------

/vˈilɐ/ - /vˈila/
v-v / ˈi-ˈi / l-l / ɐ-a
{0: [0], 1: [1], 2: [2], 3: [3]}
{0: [0], 1: [1], 2: [2], 3: [3]}
COST: 24.194

-------------------

/vˈiɐ/ - /vwˈe/
v-v / ∅-w / ˈi-ˈe / ɐ_#>-#>
{0: [0], 1: None, 2: [1], 3: [2]}
{0: [0], 1: [1], 2: [2], 3: None}
COST: 2.242

-------------------

/vˈĩj̃u/ - /vˈĩ/
v-v / ˈĩ-ˈĩ / j̃-∅ / u_#>-#>
{0: [0], 1: [1], 2: [2], 3: [3]}
{0: [0], 1: [1], 2: None, 3: None}
COST: 8.634

-------------------

/vˈĩʧi/ - /vˈɛ̃t/
v-v / ˈĩ-ˈɛ̃ / ʧ-t / i_#>-#>
{0: [0], 1: [1], 2: [2], 3: [3]}
{0: [0], 1: [1], 2: [2], 3: None}
COST: 10.579

-------------------

/vˈɔjʃ/ - /vwˈeʃ/
v-v / ˈɔ-w / j-ˈe / ʃ-ʃ
{0: [0], 1: [1], 2: [2], 3: [3]}
{0: [0], 1: [1], 2: [2], 3: [3]}
COST: 18.985

-------------------

/vˈɔjʃ/ - /vˈo/
v-v / ˈɔ_j-ˈo / ʃ_#>-#>
{0: [0], 1: [1, 2], 2: [3]}
{0: [0], 1: [1], 2: None}
COST: 8.477

-------------------

/vˈɛɦmi/ - /vˈeʁm/
v-v / ˈɛ-ˈe / ɦ-ʁ / m-m / i_#>-#>
{0: [0], 1: [1], 2: [2], 3: [3], 4: [4]}
{0: [0], 1: [1], 2: [2], 3: [3], 4: None}
COST: 18.51

-------------------

/ɡɾˈaʃɐ/ - /ɡʁˈesə/
<#_ɡ-<#_ɡ / ɾ-ʁ / ˈa-ˈe / ʃ-s / ɐ-ə
{0: [0], 1: [1], 2: [2], 3: [3], 4: [4]}
{0: [0], 1: [1], 2: [2], 3: [3], 4: [4]}
COST: 17.964

-------------------

/ɡɾˈosu/ - /ɡʁˈoː/
<#_ɡ-<#_ɡ / ɾ-ʁ / ˈo-ˈoː / s-∅ / u_#>-#>
{0: [0], 1: [1], 2: [2], 3: [3], 4: [4]}
{0: [0], 1: [1], 2: [2], 3: None, 4: None}
COST: 8.395

-------------------

/ɡɾˈɐ̃w̃/ - /ɡʁˈɛːna/
<#_ɡ-<#_ɡ / ɾ-ʁ / ∅-ˈɛː / ∅-n / ˈɐ̃-a / w̃_#>-#>
{0: [0], 1: [1], 2: None, 3: None, 4: [2], 5: [3]}
{0: [0], 1: [1], 2: [2], 3: [3], 4: [4], 5: None}
COST: -0.16

-------------------

/ɡɾˈɐ̃ʤi/ - /ɡʁˈɑ̃/
<#_ɡ-<#_ɡ / ɾ-ʁ / ˈɐ̃-ˈɑ̃ / ʤ-∅ / i_#>-#>
{0: [0], 1: [1], 2: [2], 3: [3], 4: [4]}
{0: [0], 1: [1], 2: [2], 3: None, 4: None}
COST: 10.362

-------------------

/ɡˈotɐ/ - /ɡˈota/
<#_ɡ-<#_ɡ / ˈo-ˈo / t-t / ɐ-a
{0: [0], 1: [1], 2: [2], 3: [3]}
{0: [0], 1: [1], 2: [2], 3: [3]}
COST: 25.963

-------------------

/ɡˈɔlɐ/ - /ɡˈøla/
<#_ɡ-<#_ɡ / ˈɔ-ˈø / l-l / ɐ-a
{0: [0], 1: [1], 2: [2], 3: [3]}
{0: [0], 1: [1], 2: [2], 3: [3]}
COST: 21.951

-------------------

/ɡˈɔwpi/ - /kˈoː/
ɡ-k / ˈɔ-ˈoː / w-∅ / p-∅ / i_#>-#>
{0: [0], 1: [1], 2: [2], 3: [3], 4: [4]}
{0: [0], 1: [1], 2: None, 3: None, 4: None}
COST: -2.387

-------------------

/ʃamˈah/ - /klamˈaː/
<#-<#_k / ʃ-l / a-a / m-m / ˈa-ˈaː / h_#>-#>
{0: None, 1: [0], 2: [1], 3: [2], 4: [3], 5: [4]}
{0: [0], 1: [1], 2: [2], 3: [3], 4: [4], 5: None}
COST: 11.134

-------------------

/ʃoɾˈah/ - /ploðˈa/
<#-<#_p / ʃ-l / o-o / ɾ-ð / ˈa-ˈa / h_#>-#>
{0: None, 1: [0], 2: [1], 3: [2], 4: [3], 5: [4]}
{0: [0], 1: [1], 2: [2], 3: [3], 4: [4], 5: None}
COST: 9.553

-------------------

/ʃˈavi/ - /kjˈaː/
ʃ-k / ∅-j / ˈa-ˈaː / v-∅ / i_#>-#>
{0: [0], 1: None, 2: [1], 3: [2], 4: [3]}
{0: [0], 1: [1], 2: [2], 3: None, 4: None}
COST: -4.87

-------------------

/ʃˈoh/ - /flˈøʁ/
ʃ-f_l / ˈo-ˈø / h-ʁ
{0: [0], 1: [1], 2: [2]}
{0: [0, 1], 1: [2], 2: [3]}
COST: 10.598

-------------------

/ʃˈuvɐ/ - /pʎˈoʒə/
ʃ-p / ∅-ʎ / ∅-ˈo / ∅-ʒ / ˈu-∅ / v-∅ / ɐ-ə
{0: [0], 1: None, 2: None, 3: None, 4: [1], 5: [2], 6: [3]}
{0: [0], 1: [1], 2: [2], 3: [3], 4: None, 5: None, 6: [4]}
COST: -16.593

-------------------

/ʃˈɐ̃mɐ/ - /flˈama/
ʃ-f_l / ˈɐ̃-ˈa / m-m / ɐ-a
{0: [0], 1: [1], 2: [2], 3: [3]}
{0: [0, 1], 1: [2], 2: [3], 3: [4]}
COST: 19.813

-------------------

/ʒeˈah/ - /ðəlˈa/
<#_ʒ-<#_ð / e-ə / ∅-l / ˈa-ˈa / h_#>-#>
{0: [0], 1: [1], 2: None, 3: [2], 4: [3]}
{0: [0], 1: [1], 2: [2], 3: [3], 4: None}
COST: 9.542

-------------------

/ʒẽʒˈivɐ/ - /ðɛ̃sˈiva/
<#_ʒ-<# / ẽ-∅ / ʒ-ð / ∅-ɛ̃ / ∅-s / ˈi-ˈi / v-v / ɐ-a
{0: [0], 1: [1], 2: [2], 3: None, 4: None, 5: [3], 6: [4], 7: [5]}
{0: None, 1: None, 2: [0], 3: [1], 4: [2], 5: [3], 6: [4], 7: [5]}
COST: 6.206

-------------------

/ʒuˈeʎu/ - /ðənwˈɛːʎ/
<#_ʒ-<#_ð / u-ə / ∅-n / ∅-w / ˈe-ˈɛː / ʎ-ʎ / u_#>-#>
{0: [0], 1: [1], 2: None, 3: None, 4: [2], 5: [3], 6: [4]}
{0: [0], 1: [1], 2: [2], 3: [3], 4: [4], 5: [5], 6: None}
COST: 8.979

-------------------

/ʒuˈiʃ/ - /ʒˈuðo/
∅-ʒ / ∅-ˈu / ʒ-ð / u-o / ˈi-∅ / ʃ_#>-#>
{0: None, 1: None, 2: [0], 3: [1], 4: [2], 5: [3]}
{0: [0], 1: [1], 2: [2], 3: [3], 4: None, 5: None}
COST: -5.9

-------------------

/ʒˈẽʧi/ - /ðˈɛ̃/
<#_ʒ-<#_ð / ˈẽ-ˈɛ̃ / ʧ_i_#>-#>
{0: [0], 1: [1], 2: [2, 3]}
{0: [0], 1: [1], 2: None}
COST: 12.447

-------------------

/ʒˈoɡu/ - /ðwˈe/
<#_ʒ-<#_ð / ˈo-w / ɡ-∅ / u-∅ / #>-ˈe_#>
{0: [0], 1: [1], 2: [2], 3: [3], 4: None}
{0: [0], 1: [1], 2: None, 3: None, 4: [2]}
COST: 1.976

-------------------

/ʒˈũj̃u/ - /ʒwˈɛ̃/
ʒ-ʒ / ˈũ-w / j̃_u-ˈɛ̃
{0: [0], 1: [1], 2: [2, 3]}
{0: [0], 1: [1], 2: [2]}
COST: 11.806

-------------------

/ʒˈɔvẽj̃/ - /ðwˈɛːno/
<#_ʒ-<#_ð / ˈɔ-w / ∅-ˈɛː / v-∅ / ẽ-∅ / j̃-n_o
{0: [0], 1: [1], 2: None, 3: [2], 4: [3], 5: [4]}
{0: [0], 1: [1], 2: [2], 3: None, 4: None, 5: [3, 4]}
COST: -1.412

-------------------

/ʤizˈeh/ - /dˈeðə/
ʤ-d / i-∅ / z-∅ / ˈe-ˈe / h-ð / #>-ə_#>
{0: [0], 1: [1], 2: [2], 3: [3], 4: [4], 5: None}
{0: [0], 1: None, 2: None, 3: [1], 4: [2], 5: [3]}
COST: -6.166

-------------------

/ʤˈiɡu/ - /dˈio/
ʤ-d / ˈi-ˈi / ɡ-∅ / u_#>-o_#>
{0: [0], 1: [1], 2: [2], 3: [3]}
{0: [0], 1: [1], 2: None, 3: [2]}
COST: 9.653

-------------------

/ˈawmɐ/ - /ˈɑːma/
<#_ˈa-<#_ˈɑː / w-∅ / m-m / ɐ-a
{0: [0], 1: [1], 2: [2], 3: [3]}
{0: [0], 1: None, 2: [1], 3: [2]}
COST: 17.232

-------------------

/ˈawvɐ/ - /ˈɑːba/
<#_ˈa-<#_ˈɑː / w-∅ / v-b / ɐ-a
{0: [0], 1: [1], 2: [2], 3: [3]}
{0: [0], 1: None, 2: [1], 3: [2]}
COST: 13.114

-------------------

/ˈaɡwɐ/ - /ˈeɡa/
ˈa-ˈe / ɡ-ɡ / w-∅ / ɐ-a
{0: [0], 1: [1], 2: [2], 3: [3]}
{0: [0], 1: [1], 2: None, 3: [2]}
COST: 11.29

-------------------

/ˈaɦvoɾi/ - /ˈaːʁbʁo/
ˈa-ˈaː / ɦ_v-ʁ_b / o-∅ / ɾ-ʁ / i-o
{0: [0], 1: [1, 2], 2: [3], 3: [4], 4: [5]}
{0: [0], 1: [1, 2], 2: None, 3: [3], 4: [4]}
COST: 11.299

-------------------

/ˈaʎu/ - /ˈɑːʎ/
<#_ˈa-<#_ˈɑː / ʎ-ʎ / u_#>-#>
{0: [0], 1: [1], 2: [2]}
{0: [0], 1: [1], 2: None}
COST: 15.452

-------------------

/ˈeli/ - /ˈi/
ˈe-ˈi / l-∅ / i_#>-#>
{0: [0], 1: [1], 2: [2]}
{0: [0], 1: None, 2: None}
COST: 0.332

-------------------

/ˈiʎɐ/ - /ˈila/
ˈi-ˈi / ʎ-∅ / ɐ-l_a
{0: [0], 1: [1], 2: [2]}
{0: [0], 1: None, 2: [1, 2]}
COST: 4.867

-------------------

/ˈojtu/ - /wˈe/
ˈo-w / j-ˈe / t-∅ / u_#>-#>
{0: [0], 1: [1], 2: [2], 3: [3]}
{0: [0], 1: [1], 2: None, 3: None}
COST: 3.302

-------------------

/ˈosu/ - /ˈos/
ˈo-ˈo / s-s / u_#>-#>
{0: [0], 1: [1], 2: [2]}
{0: [0], 1: [1], 2: None}
COST: 11.532

-------------------

/ˈovu/ - /ˈof/
ˈo-ˈo / v-f / u_#>-#>
{0: [0], 1: [1], 2: [2]}
{0: [0], 1: [1], 2: None}
COST: 7.95

-------------------

/ˈowtɾu/ - /ˈoːtʁo/
ˈo-ˈoː / w-∅ / t-t / ɾ-ʁ / u_#>-o_#>
{0: [0], 1: [1], 2: [2], 3: [3], 4: [4]}
{0: [0], 1: None, 2: [1], 3: [2], 4: [3]}
COST: 13.003

-------------------

/ˈowɾu/ - /ˈoːʁ/
ˈo-ˈoː / w-∅ / ɾ-ʁ / u_#>-#>
{0: [0], 1: [1], 2: [2], 3: [3]}
{0: [0], 1: None, 2: [1], 3: None}
COST: 1.696

-------------------

/ˈoʎu/ - /wˈeʎ/
ˈo-w / ∅-ˈe / ʎ-ʎ / u_#>-#>
{0: [0], 1: None, 2: [1], 3: [2]}
{0: [0], 1: [1], 2: [2], 3: None}
COST: 6.669

-------------------

/ˈõmẽj̃/ - /ˈomo/
<#-<#_ˈo / ˈõ-∅ / m-m / ẽ-∅ / j̃-o
{0: None, 1: [0], 2: [1], 3: [2], 4: [3]}
{0: [0], 1: None, 2: [1], 3: None, 4: [2]}
COST: -1.236

-------------------

/ˈusu/ - /ˈoːʁs/
∅-ˈoː / ˈu-ʁ / s-s / u_#>-#>
{0: None, 1: [0], 2: [1], 3: [2]}
{0: [0], 1: [1], 2: [2], 3: None}
COST: 0.13

-------------------

/ˈɐ̃nu/ - /jˈɑ̃/
∅-j / ˈɐ̃-ˈɑ̃ / n-∅ / u_#>-#>
{0: None, 1: [0], 2: [1], 3: [2]}
{0: [0], 1: [1], 2: None, 3: None}
COST: -2.661

-------------------

/ˈɐ̃ʒu/ - /ˈɑ̃ðə/
ˈɐ̃-ˈɑ̃ / ʒ-ð / u-ə
{0: [0], 1: [1], 2: [2]}
{0: [0], 1: [1], 2: [2]}
COST: 16.426

-------------------

/ˈɔbɾɐ/ - /wˈevʁa/
ˈɔ-w / b-ˈe_v / ɾ_ɐ-ʁ_a
{0: [0], 1: [1], 2: [2, 3]}
{0: [0], 1: [1, 2], 2: [3, 4]}
COST: 15.285

-------------------

/ˈɛlu/ - /anˈel/
<#-<#_a / ∅-n / ˈɛ-ˈe / l-l / u_#>-#>
{0: None, 1: None, 2: [0], 3: [1], 4: [2]}
{0: [0], 1: [1], 2: [2], 3: [3], 4: None}
COST: 4.625

-------------------

/ˈɛlɐ/ - /lˈɛ/
<#-<#_l / ˈɛ-ˈɛ / l-∅ / ɐ_#>-#>
{0: None, 1: [0], 2: [1], 3: [2]}
{0: [0], 1: [1], 2: None, 3: None}
COST: -0.099

-------------------

/ˈɛɦvɐ/ - /ˈɛʁba/
ˈɛ-ˈɛ / ɦ_v-ʁ_b / ɐ-a
{0: [0], 1: [1, 2], 2: [3]}
{0: [0], 1: [1, 2], 2: [3]}
COST: 17.943
