/bʲˈaɫ/ - /bʲˈewɪ/
[1/3] bʲ-bʲ / ˈa-ˈe / ɫ-w_ɪ
[1/3] bʲ-bʲ / ˈa-ˈe / ɫ-w / ∅-ɪ
[1/3] bʲ-bʲ / ˈa-ˈe / ɫ-w / #>-ɪ_#>

-------------------

/bˈɔk/ - /bˈox/
[3/3] b-b / ˈɔ-ˈo / k-x

-------------------

/dobˈɤr/ - /dˈɔbʀɪ/
[1/3] d-d / o-ˈɔ / b-b / ˈɤ-∅ / r-ʀ_ɪ
[1/3] d-d / o-ˈɔ / b-b / ˈɤ-∅ / r-ʀ / ∅-ɪ
[1/3] d-d / o-ˈɔ / b-b / ˈɤ-∅ / r-ʀ / #>-ɪ_#>

-------------------

/dvˈa/ - /dβˈaj/
[5/5] d-d / v-β / ˈa-ˈa / ∅-j

-------------------

/dɐrvˈɔ/ - /dʀʲˈɛβɔ/
[4/4] d-d / ɐ-∅ / r-ʀʲ / ∅-ˈɛ / v-β / ˈɔ-ɔ

-------------------

/dˈim/ - /dˈɪm/
[4/4] d-d / ˈi-ˈɪ / m-m

-------------------

/dˈɛn/ - /ʤˈɛɲ/
[3/3] d-ʤ / ˈɛ-ˈɛ / n-ɲ

-------------------

/dˈɛsɛt/ - /ʤesˈaʧ/
[4/4] d-ʤ / ˈɛ-e / s-s / ɛ-ˈa / t-ʧ

-------------------

/dˈɛvɛt/ - /ʤeɥˈɛʧ/
[4/4] d-ʤ / ˈɛ-e / v-ɥ / ɛ-ˈɛ / t-ʧ

-------------------

/dˈɤɫɐk/ - /dˈɔwɦɪ/
[2/2] d-d / ˈɤ-ˈɔ / ɫ-w / ∅-ɦ / ɐ-ɪ / k-∅

-------------------

/dˈɤʃt/ - /dˈɛʃʧ/
[4/4] d-d / ˈɤ-ˈɛ / ʃ-ʃ / t-ʧ

-------------------

/jˈaɡodɐ/ - /jˈaɦɔda/
[5/5] j-j / ˈa-ˈa / ɡ-ɦ / o-ɔ / d-d / ɐ-a

-------------------

/kolʲˈano/ - /kɔlˈɛnɔ/
[4/4] k-k / o-ɔ / lʲ-l / ˈa-ˈɛ / n-n / o-ɔ

-------------------

/kriɫˈɔ/ - /kʃˈidwɔ/
[2/3] k-k / r-∅ / ∅-ʃ / i-ˈi / ∅-d / ɫ-w / ˈɔ-ɔ
[1/3] k-k / r-∅ / ∅-ʃ / i-ˈi / ɫ-d_w / ˈɔ-ɔ

-------------------

/krˈavɐ/ - /kʀˈuβa/
[4/4] k-k / r-ʀ / ˈa-ˈu / v-β / ɐ-a

-------------------

/krˈaɫ/ - /kʀˈal/
[3/3] k-k / r-ʀ / ˈa-ˈa / ɫ-l

-------------------

/krˈɤf/ - /kʀˈej/
[4/4] k-k / r-ʀ / ˈɤ-ˈe / f-∅ / ∅-j

-------------------

/kˈɔn/ - /kˈoɲ/
[5/5] k-k / ˈɔ-ˈo / n-ɲ

-------------------

/kˈɔrɛn/ - /kˈɔʀʲɛɲ/
[3/3] k-k / ˈɔ-ˈɔ / r-ʀʲ / ɛ-ɛ / n-ɲ

-------------------

/kˈɔst/ - /kˈosʧ/
[5/5] k-k / ˈɔ-ˈo / s-s / t-ʧ

-------------------

/kˈɔʒɐ/ - /kˈɔʒa/
[4/4] k-k / ˈɔ-ˈɔ / ʒ-ʒ / ɐ-a

-------------------

/lʲˈato/ - /lˈetɔ/
[5/5] lʲ-l / ˈa-ˈe / t-t / o-ɔ

-------------------

/lʲˈɛs/ - /lˈes/
[4/4] lʲ-l / ˈɛ-ˈe / s-s

-------------------

/lˈist/ - /lˈist/
[4/4] l-l / ˈi-ˈi / s-s / t-t

-------------------

/lˈɛt/ - /lˈot/
[3/3] l-l / ˈɛ-ˈo / t-t

-------------------

/mlʲˈako/ - /mlˈɔkɔ/
[3/3] m-m / lʲ-l / ˈa-ˈɔ / k-k / o-ɔ

-------------------

/morˈɛ/ - /mˈɔʀʲɔ/
[5/5] m-m / o-ˈɔ / r-ʀʲ / ˈɛ-ɔ

-------------------

/mɐɡɫˈa/ - /mɦwˈa/
[5/5] m-m / ɐ-∅ / ɡ-ɦ / ɫ-w / ˈa-ˈa

-------------------

/mɛsˈɔ/ - /mʲˈasɔ/
[3/3] m-mʲ / ɛ-ˈa / s-s / ˈɔ-ɔ

-------------------

/mʲˈasto/ - /mʲˈestɔ/
[5/5] mʲ-mʲ / ˈa-ˈe / s-s / t-t / o-ɔ

-------------------

/mˈisɐɫ/ - /mˈɪsl/
[3/5] m-m / ˈi-ˈɪ / s_ɐ-s / ɫ-l
[2/5] m-m / ˈi-ˈɪ / s-s / ɐ-∅ / ɫ-l

-------------------

/mˈɛsɛʦ/ - /mʲˈesaʦ/
[4/4] m-mʲ / ˈɛ-ˈe / s-s / ɛ-a / ʦ-ʦ

-------------------

/mˈɤrtɐf/ - /mˈɔʀtβɪ/
[2/4] m-m / ˈɤ-ˈɔ / r-ʀ / t-t / ɐ-∅ / f-β / #>-ɪ_#>
[1/4] m-m / ˈɤ-ˈɔ / r-ʀ / t_ɐ-t / f-β / ∅-ɪ
[1/4] m-m / ˈɤ-ˈɔ / r-ʀ / t_ɐ-t / f-β / #>-ɪ_#>

-------------------

/mˈɤʃ/ - /mˈuʃ/
[3/3] m-m / ˈɤ-ˈu / ʃ-ʃ

-------------------

/noɡˈa/ - /nˈɔɦa/
[4/4] n-n / o-ˈɔ / ɡ-ɦ / ˈa-a

-------------------

/nɛvˈɛstɐ/ - /ɲɛɥˈɛsta/
[5/5] n-ɲ / ɛ-ɛ / v-ɥ / ˈɛ-ˈɛ / s-s / t-t / ɐ-a

-------------------

/nˈɔkɐt/ - /nˈɔxʧ/
[1/2] n-n / ˈɔ-ˈɔ / k_ɐ-x / t-ʧ
[1/2] n-n / ˈɔ-ˈɔ / k-x / ɐ-∅ / t-ʧ

-------------------

/nˈɔs/ - /nˈos/
[5/5] n-n / ˈɔ-ˈo / s-s

-------------------

/nˈɔʃt/ - /nˈoʦ/
[3/3] n-n / ˈɔ-ˈo / ʃ-∅ / t-ʦ

-------------------

/okˈɔ/ - /βˈɔkɔ/
[2/2] ∅-β / o-ˈɔ / k-k / ˈɔ-ɔ

-------------------

/prˈɤst/ - /pˈɔʀst/
[5/5] p-p / ∅-ˈɔ / r-ʀ / ˈɤ-∅ / s-s / t-t

-------------------

/ptˈiʦɐ/ - /ptˈaʃk/
[2/2] p-p / t-t / ˈi-ˈa / ∅-ʃ / ʦ-k / ɐ-∅

-------------------

/pʧɛɫˈa/ - /pʧˈɔwa/
[4/4] p-p / ʧ-ʧ / ɛ-ˈɔ / ɫ-w / ˈa-a

-------------------

/pʲˈasɐk/ - /pʲˈesk/
[3/4] pʲ-pʲ / ˈa-ˈe / s_ɐ-s / k-k
[1/4] pʲ-pʲ / ˈa-ˈe / s-s / ɐ-∅ / k-k

-------------------

/pˈijɐ/ - /pʲˈiʧ/
[3/3] p-pʲ / ˈi-ˈi / j-ʧ / ɐ-∅

-------------------

/pˈɛpɛɫ/ - /pˈɔpʲɛw/
[3/3] p-p / ˈɛ-ˈɔ / p-pʲ / ɛ-ɛ / ɫ-w

-------------------

/pˈɛt/ - /pʲˈeʧ/
[4/4] p-pʲ / ˈɛ-ˈe / t-ʧ

-------------------

/pˈɤlɛn/ - /pˈɔwnɪ/
[3/5] p-p / ˈɤ-ˈɔ / l-∅ / ɛ-w / n-n_ɪ
[2/5] p-p / ˈɤ-ˈɔ / l-∅ / ɛ-w / n-n / ∅-ɪ

-------------------

/pˈɤt/ - /pˈuʧ/
[3/3] p-p / ˈɤ-ˈu / t-ʧ

-------------------

/rɐkˈa/ - /ʀˈuka/
[4/4] r-ʀ / ɐ-ˈu / k-k / ˈa-a

-------------------

/rɛkˈa/ - /ʀʲˈeka/
[5/5] r-ʀʲ / ɛ-ˈe / k-k / ˈa-a

-------------------

/rˈaɫo/ - /ʀˈadwɔ/
[3/4] r-ʀ / ˈa-ˈa / ∅-d / ɫ-w / o-ɔ
[1/4] r-ʀ / ˈa-ˈa / ɫ-d_w / o-ɔ

-------------------

/rˈibɐ/ - /ʀˈɪba/
[4/4] r-ʀ / ˈi-ˈɪ / b-b / ɐ-a

-------------------

/rˈɔk/ - /ʀˈox/
[5/5] r-ʀ / ˈɔ-ˈo / k-x

-------------------

/rˈɤst/ - /ʀˈɔsʧ/
[4/4] r-ʀ / ˈɤ-ˈɔ / s-s / t-ʧ

-------------------

/smˈɤrt/ - /smʲˈeʀʧ/
[4/4] s-s / m-mʲ / ˈɤ-ˈe / r-ʀ / t-ʧ

-------------------

/snʲˈak/ - /sɲˈex/
[4/4] s-s / nʲ-ɲ / ˈa-ˈe / k-x

-------------------

/stˈar/ - /stˈaʀɪ/
[2/3] s-s / t-t / ˈa-ˈa / r-ʀ / ∅-ɪ
[1/3] s-s / t-t / ˈa-ˈa / r-ʀ_ɪ

-------------------

/sɫˈɤnʦɛ/ - /swˈonʦɔ/
[4/4] s-s / ɫ-w / ˈɤ-ˈo / n-n / ʦ-ʦ / ɛ-ɔ

-------------------

/sˈux/ - /sˈuxʲi/
[1/3] s-s / ˈu-ˈu / x-xʲ_i
[1/3] s-s / ˈu-ˈu / x-xʲ / ∅-i
[1/3] s-s / ˈu-ˈu / x-xʲ / #>-i_#>

-------------------

/sˈɔɫ/ - /sˈol/
[4/4] s-s / ˈɔ-ˈo / ɫ-l

-------------------

/sˈɛdɛm/ - /sɪdˈɔm/
[4/4] s-s / ˈɛ-ɪ / d-d / ɛ-ˈɔ / m-m

-------------------

/trɛvˈa/ - /tʀˈaβa/
[4/4] t-t / r-ʀ / ɛ-ˈa / v-β / ˈa-a

-------------------

/trˈi/ - /tʃˈi/
[5/5] t-t / r-∅ / ∅-ʃ / ˈi-ˈi

-------------------

/tvˈɤrt/ - /tɥˈeʀdɪ/
[2/4] t-t / v-ɥ / ˈɤ-ˈe / r-ʀ / t-d / ∅-ɪ
[2/4] t-t / v-ɥ / ˈɤ-ˈe / r-ʀ / t-d / #>-ɪ_#>

-------------------

/tɛlˈɛ/ - /ʧˈɛlɔ/
[5/5] t-ʧ / ɛ-ˈɛ / l-l / ˈɛ-ɔ

-------------------

/tʲˈaɫo/ - /ʧˈelɔ/
[5/5] tʲ-ʧ / ˈa-ˈe / ɫ-l / o-ɔ

-------------------

/tˈix/ - /ʧˈixʲi/
[2/4] t-ʧ / ˈi-ˈi / x-xʲ / #>-i_#>
[1/4] t-ʧ / ˈi-ˈi / x-xʲ_i
[1/4] t-ʧ / ˈi-ˈi / x-xʲ / ∅-i

-------------------

/tˈɔpɐɫ/ - /ʧˈɔpwɪ/
[2/5] t-ʧ / ˈɔ-ˈɔ / p-p / ɐ-∅ / ɫ-w / ∅-ɪ
[2/5] t-ʧ / ˈɔ-ˈɔ / p-p / ɐ-∅ / ɫ-w / #>-ɪ_#>
[1/5] t-ʧ / ˈɔ-ˈɔ / p-p / ɐ-∅ / ɫ-w_ɪ

-------------------

/uxˈɔ/ - /βˈuxɔ/
[3/5] <#-<#_β / u-ˈu / x-x / ˈɔ-ɔ
[2/5] ∅-β / u-ˈu / x-x / ˈɔ-ɔ

-------------------

/vlɛkˈɤ/ - /βlˈɛʦ/
[5/5] v-β / l-l / ɛ-ˈɛ / k-∅ / ˈɤ-∅ / ∅-ʦ

-------------------

/vodˈa/ - /βˈɔda/
[3/3] v-β / o-ˈɔ / d-d / ˈa-a

-------------------

/vɛlˈik/ - /βˈulkʲi/
[1/1] v-β / ɛ-ˈu / l-l / ∅-kʲ / ˈi-i / k-∅

-------------------

/vʲˈatɐr/ - /ɥˈetʀ/
[2/4] vʲ-ɥ / ˈa-ˈe / t_ɐ-t / r-ʀ
[2/4] vʲ-ɥ / ˈa-ˈe / t-t / ɐ-∅ / r-ʀ

-------------------

/vˈidʲɐ/ - /ɥˈiʤɛʧ/
[3/5] v-ɥ / ˈi-ˈi / dʲ-ʤ / ɐ-ɛ / ∅-ʧ
[2/5] v-ɥ / ˈi-ˈi / dʲ-ʤ / ɐ-ɛ / #>-ʧ_#>

-------------------

/vˈɔɫ/ - /βˈɔw/
[4/4] v-β / ˈɔ-ˈɔ / ɫ-w

-------------------

/vˈɛzɐ/ - /ɥˈazaʧ/
[3/5] v-ɥ / ˈɛ-ˈa / z-z / ɐ-a / ∅-ʧ
[2/5] v-ɥ / ˈɛ-ˈa / z-z / ɐ-a / #>-ʧ_#>

-------------------

/vˈɤɫk/ - /ɥˈelk/
[3/3] v-ɥ / ˈɤ-ˈe / ɫ-l / k-k

-------------------

/xlʲˈap/ - /xlˈep/
[3/3] x-x / lʲ-l / ˈa-ˈe / p-p

-------------------

/xrɐbˈɛt/ - /xʀʲˈibʲet/
[5/5] x-x / r-ʀʲ / ɐ-ˈi / b-bʲ / ˈɛ-e / t-t

-------------------

/xɫˈadɛn/ - /xwˈodnɪ/
[2/3] x-x / ɫ-w / ˈa-ˈo / d-d / ɛ-∅ / n-n_ɪ
[1/3] x-x / ɫ-w / ˈa-ˈo / d-d / ɛ-∅ / n-n / ∅-ɪ

-------------------

/zvɛzdˈa/ - /ɦɥˈezda/
[5/5] z-∅ / ∅-ɦ / v-ɥ / ɛ-ˈe / z-z / d-d / ˈa-a

-------------------

/zvʲˈar/ - /zɥˈeʀʲɔ/
[4/4] z-z / vʲ-ɥ / ˈa-ˈe / r-ʀʲ / ∅-ɔ

-------------------

/zɛlˈɛn/ - /zˈɛlɛnɪ/
[3/5] z-z / ɛ-ˈɛ / l-l / ˈɛ-ɛ / n-n_ɪ
[2/5] z-z / ɛ-ˈɛ / l-l / ˈɛ-ɛ / n-n / ∅-ɪ

-------------------

/zɛmʲˈa/ - /zˈɛmʲa/
[5/5] z-z / ɛ-ˈɛ / mʲ-mʲ / ˈa-a

-------------------

/zˈɤp/ - /zˈup/
[3/3] z-z / ˈɤ-ˈu / p-p

-------------------

/ɛdˈin/ - /jɛdˈɪn/
[3/5] ∅-j / ɛ-ɛ / d-d / ˈi-ˈɪ / n-n
[2/5] <#-<#_j / ɛ-ɛ / d-d / ˈi-ˈɪ / n-n

-------------------

/ɛzˈik/ - /jˈazɪk/
[3/4] ∅-j / ɛ-ˈa / z-z / ˈi-ɪ / k-k
[1/4] <#-<#_j / ɛ-ˈa / z-z / ˈi-ɪ / k-k

-------------------

/ɡodˈinɐ/ - /ɦˈɔʤina/
[3/3] ɡ-ɦ / o-ˈɔ / d-ʤ / ˈi-i / n-n / ɐ-a

-------------------

/ɡorˈa/ - /ɦˈɔʀa/
[4/4] ɡ-ɦ / o-ˈɔ / r-ʀ / ˈa-a

-------------------

/ɡrˈat/ - /ɦʀˈot/
[5/5] ɡ-ɦ / r-ʀ / ˈa-ˈo / t-t

-------------------

/ɡɫɐvˈa/ - /ɦwˈɔβa/
[3/3] ɡ-ɦ / ɫ-w / ɐ-ˈɔ / v-β / ˈa-a

-------------------

/ɡɫˈadɐk/ - /ɦwˈatkʲi/
[3/5] ɡ-ɦ / ɫ-w / ˈa-ˈa / d-t / ɐ-∅ / k-kʲ / #>-i_#>
[2/5] ɡ-ɦ / ɫ-w / ˈa-ˈa / d-t / ɐ-∅ / k-kʲ / ∅-i

-------------------

/ɡɫˈas/ - /ɦwˈos/
[5/5] ɡ-ɦ / ɫ-w / ˈa-ˈo / s-s

-------------------

/ɡɫˈup/ - /ɦwˈupɪ/
[1/2] ɡ-ɦ / ɫ-w / ˈu-ˈu / p-p / ∅-ɪ
[1/2] ɡ-ɦ / ɫ-w / ˈu-ˈu / p-p / #>-ɪ_#>

-------------------

/ɡˈɤɫɐp/ - /ɦˈɔwp/
[5/5] ɡ-ɦ / ˈɤ-ˈɔ / ɫ-w / ɐ-∅ / p-p

-------------------

/ɫˈakɐt/ - /wˈɔxʧ/
[3/4] ɫ-w / ˈa-ˈɔ / k-x / ɐ-∅ / t-ʧ
[1/4] ɫ-w / ˈa-ˈɔ / k_ɐ-x / t-ʧ

-------------------

/ʃˈɛst/ - /ʃˈesʧ/
[2/2] ʃ-ʃ / ˈɛ-ˈe / s-s / t-ʧ

-------------------

/ʒivˈɛjɐ/ - /ʒˈiʧ/
[1/1] ʒ-ʒ / i-ˈi / v-∅ / ˈɛ-∅ / j-ʧ / ɐ-∅

-------------------

/ʒɛnˈa/ - /ʒˈɔna/
[5/5] ʒ-ʒ / ɛ-ˈɔ / n-n / ˈa-a

-------------------

/ʒˈɤɫt/ - /ʒˈɔwtɪ/
[3/5] ʒ-ʒ / ˈɤ-ˈɔ / ɫ-w / t-t / #>-ɪ_#>
[2/5] ʒ-ʒ / ˈɤ-ˈɔ / ɫ-w / t-t / ∅-ɪ

-------------------

/ʦvʲˈat/ - /kɥˈet/
[2/4] ʦ-∅ / ∅-k / vʲ-ɥ / ˈa-ˈe / t-t
[2/4] ʦ-k / vʲ-ɥ / ˈa-ˈe / t-t

-------------------

/ʦʲˈaɫ/ - /ʦˈɪwɪ/
[1/1] ʦʲ-ʦ / ˈa-ˈɪ / ɫ-w_ɪ

-------------------

/ʧovˈɛk/ - /ʧwˈɔɥɛk/
[5/5] ʧ-ʧ / ∅-w / o-ˈɔ / v-ɥ / ˈɛ-ɛ / k-k

-------------------

/ʧˈɛrɛn/ - /ʧˈɔʀnɪ/
[3/4] ʧ-ʧ / ˈɛ-ˈɔ / r-ʀ / ɛ-∅ / n-n_ɪ
[1/4] ʧ-ʧ / ˈɛ-ˈɔ / r-ʀ / ɛ-∅ / n-n / ∅-ɪ

-------------------

/ʧˈɛtiri/ - /ʃtˈɪʀʲi/
[1/1] ʧ-ʃ / ˈɛ-∅ / t-t / i-ˈɪ / r-ʀʲ / i-i

-------------------

/ˈimɛ/ - /mʲˈɛ/
[1/1] ˈi-∅ / m-mʲ / ɛ-ˈɛ

-------------------

/ˈimɛ/ - /ˈimʲɛ/
[3/3] ˈi-ˈi / m-mʲ / ɛ-ɛ

-------------------

/ˈɔrɛx/ - /βˈɔrʲɛx/
[2/3] <#-<#_β / ˈɔ-ˈɔ / r-rʲ / ɛ-ɛ / x-x
[1/3] ∅-β / ˈɔ-ˈɔ / r-rʲ / ɛ-ɛ / x-x

-------------------

/ˈɔsɛm/ - /βosˈɔm/
[3/4] <#-<#_β / ˈɔ-o / s-s / ɛ-ˈɔ / m-m
[1/4] ∅-β / ˈɔ-o / s-s / ɛ-ˈɔ / m-m

-------------------

/ˈɔɡɐn/ - /βɔɦˈɛɲ/
[2/3] ∅-β / ˈɔ-ɔ / ɡ-ɦ / ɐ-ˈɛ / n-ɲ
[1/3] <#-<#_β / ˈɔ-ɔ / ɡ-ɦ / ɐ-ˈɛ / n-ɲ

-------------------

/ˈɛzɛro/ - /jˈezɔʀ/
[3/4] ∅-j / ˈɛ-ˈe / z-z / ɛ-ɔ / r-ʀ / o-∅
[1/4] <#-<#_j / ˈɛ-ˈe / z-z / ɛ-ɔ / r-ʀ / o-∅

-------------------

