/b̥lˈum/ - /bwˈimwa/
b̥-b / l-w / ∅-ˈi / ˈu-∅ / m-m / #>-w_a_#>
{0: [0], 1: [1], 2: None, 3: [2], 4: [3], 5: None}
{0: [0], 1: [1], 2: [2], 3: None, 4: [3], 5: [4, 5]}
SCORE: 6.519

-------------------

/b̥lˈuːd̥/ - /bwˈʏt/
b̥-b / l-w / ˈuː-ˈʏ / d̥-t
{0: [0], 1: [1], 2: [2], 3: [3]}
{0: [0], 1: [1], 2: [2], 3: [3]}
SCORE: 25.383

-------------------

/b̥lˈuːɡ̊/ - /fwˈʏɡ̊/
∅-f / b̥-∅ / l-w / ˈuː-ˈʏ / ɡ̊-ɡ̊
{0: None, 1: [0], 2: [1], 3: [2], 4: [3]}
{0: [0], 1: None, 2: [1], 3: [2], 4: [3]}
SCORE: 9.433

-------------------

/b̥lˈɑːd̥/ - /bwˈɔt/
b̥-b / l-w / ˈɑː-ˈɔ / d̥-t
{0: [0], 1: [1], 2: [2], 3: [3]}
{0: [0], 1: [1], 2: [2], 3: [3]}
SCORE: 23.986

-------------------

/b̥rˈoːd̥/ - /brˈut/
b̥-b / r-r / ˈoː-ˈu / d̥-t
{0: [0], 1: [1], 2: [2], 3: [3]}
{0: [0], 1: [1], 2: [2], 3: [3]}
SCORE: 24.486

-------------------

/b̥rˈuːrɐ/ - /brˈʏdɛr/
b̥-b / r-r / ˈuː-ˈʏ / r-d / ɐ-ɛ_r
{0: [0], 1: [1], 2: [2], 3: [3], 4: [4]}
{0: [0], 1: [1], 2: [2], 3: [3], 4: [4, 5]}
SCORE: 25.221

-------------------

/b̥rˈɔʃd̥/ - /brˈust/
b̥-b / r-r / ˈɔ-ˈu / ʃ_d̥-s_t
{0: [0], 1: [1], 2: [2], 3: [3, 4]}
{0: [0], 1: [1], 2: [2], 3: [3, 4]}
SCORE: 30.398

-------------------

/b̥rˈɪɡ̊/ - /brˈɘ̟k/
b̥-b / r-r / ˈɪ-ˈɘ̟ / ɡ̊-k
{0: [0], 1: [1], 2: [2], 3: [3]}
{0: [0], 1: [1], 2: [2], 3: [3]}
SCORE: 24.942

-------------------

/b̥ˈaɪ̯sə/ - /bˈai̯sa/
b̥-b / ˈaɪ̯-ˈai̯ / s-s / ə-a
{0: [0], 1: [1], 2: [2], 3: [3]}
{0: [0], 1: [1], 2: [2], 3: [3]}
SCORE: 26.941

-------------------

/b̥ˈuːx/ - /bˈʏx/
b̥-b / ˈuː-ˈʏ / x-x
{0: [0], 1: [1], 2: [2]}
{0: [0], 1: [1], 2: [2]}
SCORE: 23.759

-------------------

/b̥ˈɑːm/ - /bˈɑi̯m/
b̥-b / ˈɑː-ˈɑi̯ / m-m
{0: [0], 1: [1], 2: [2]}
{0: [0], 1: [1], 2: [2]}
SCORE: 20.255

-------------------

/b̥ˈɛsɐ/ - /bˈɛsɛr/
b̥-b / ˈɛ-ˈɛ / s-s / ɐ-ɛ_r
{0: [0], 1: [1], 2: [2], 3: [3]}
{0: [0], 1: [1], 2: [2], 3: [3, 4]}
SCORE: 23.231

-------------------

/b̥ˈɛːɐ/ - /bˈɑr/
b̥-b / ˈɛː-ˈɑ / ɐ-r
{0: [0], 1: [1], 2: [2]}
{0: [0], 1: [1], 2: [2]}
SCORE: 14.975

-------------------

/b̥ˈɪnə/ - /bˈɘ̟nda/
b̥-b / ˈɪ-ˈɘ̟ / n-n_d / ə-a
{0: [0], 1: [1], 2: [2], 3: [3]}
{0: [0], 1: [1], 2: [2, 3], 3: [4]}
SCORE: 23.917

-------------------

/b̥ˈɪrə/ - /bˈɘ̟ta/
b̥-b / ˈɪ-ˈɘ̟ / r-t / ə-a
{0: [0], 1: [1], 2: [2], 3: [3]}
{0: [0], 1: [1], 2: [2], 3: [3]}
SCORE: 20.886

-------------------

/d̥rˈaɪ̯/ - /drˈai̯/
<#_d̥-<#_d / r-r / ˈaɪ̯-ˈai̯
{0: [0], 1: [1], 2: [2]}
{0: [0], 1: [1], 2: [2]}
SCORE: 18.714

-------------------

/d̥rˈaɪ̯ʣ̥eː/ - /drˈɛʦɑ/
<#_d̥-<#_d / r-r / ∅-ˈɛ / ˈaɪ̯-∅ / ʣ̥-ʦ / eː-ɑ
{0: [0], 1: [1], 2: None, 3: [2], 4: [3], 5: [4]}
{0: [0], 1: [1], 2: [2], 3: None, 4: [3], 5: [4]}
SCORE: 18.808

-------------------

/d̥rˈaɪ̯βə/ - /trˈai̯n/
d̥-t / r-r / ˈaɪ̯-ˈai̯ / β_ə_#>-n_#>
{0: [0], 1: [1], 2: [2], 3: [3, 4]}
{0: [0], 1: [1], 2: [2], 3: [3]}
SCORE: 18.171

-------------------

/d̥rˈuɡ̊ə/ - /trˈɑi̯ɡ̊/
d̥-t / r-r_ˈɑi̯ / ˈu-∅ / ɡ̊-ɡ̊ / ə-∅
{0: [0], 1: [1], 2: [2], 3: [3], 4: [4]}
{0: [0], 1: [1, 2], 2: None, 3: [3], 4: None}
SCORE: 3.83

-------------------

/d̥rˈɛːmə/ - /trˈɑi̯ma/
d̥-t / r-r_ˈɑi̯ / ˈɛː-∅ / m-m / ə-a
{0: [0], 1: [1], 2: [2], 3: [3], 4: [4]}
{0: [0], 1: [1, 2], 2: None, 3: [3], 4: [4]}
SCORE: 15.362

-------------------

/d̥rˈɪŋɡ̊ə/ - /trˈɘ̟ŋca/
d̥-t / r-r / ˈɪ-ˈɘ̟ / ŋ-ŋ / ɡ̊-c / ə-a
{0: [0], 1: [1], 2: [2], 3: [3], 4: [4], 5: [5]}
{0: [0], 1: [1], 2: [2], 3: [3], 4: [4], 5: [5]}
SCORE: 34.617

-------------------

/d̥ˈau̯b̥/ - /tˈɑi̯/
d̥-t / ˈau̯-ˈɑi̯ / b̥_#>-#>
{0: [0], 1: [1], 2: [2]}
{0: [0], 1: [1], 2: None}
SCORE: 11.511

-------------------

/d̥ˈau̯sənd̥/ - /tˈɑi̯zət/
d̥-t / ˈau̯-ˈɑi̯ / s-z / ∅-ə / ə-∅ / n-∅ / d̥-t
{0: [0], 1: [1], 2: [2], 3: None, 4: [3], 5: [4], 6: [5]}
{0: [0], 1: [1], 2: [2], 3: [3], 4: None, 5: None, 6: [4]}
SCORE: 9.134

-------------------

/d̥ˈaɪ̯d̥ʃ/ - /dˈɑi̯tʃ/
<#_d̥-<#_d / ˈaɪ̯-ˈɑi̯ / d̥-t / ʃ-ʃ
{0: [0], 1: [1], 2: [2], 3: [3]}
{0: [0], 1: [1], 2: [2], 3: [3]}
SCORE: 21.32

-------------------

/d̥ˈaɪ̯ɐ/ - /tˈɑi̯ɛr/
d̥-t / ˈaɪ̯-ˈɑi̯ / ɐ-ɛ_r
{0: [0], 1: [1], 2: [2]}
{0: [0], 1: [1], 2: [2, 3]}
SCORE: 15.855

-------------------

/d̥ˈiːb̥/ - /dˈib̥/
<#_d̥-<#_d / ˈiː-ˈi / b̥_#>-b̥_#>
{0: [0], 1: [1], 2: [2]}
{0: [0], 1: [1], 2: [2]}
SCORE: 18.711

-------------------

/d̥ˈiːf/ - /tˈif/
d̥-t / ˈiː-ˈi / f-f
{0: [0], 1: [1], 2: [2]}
{0: [0], 1: [1], 2: [2]}
SCORE: 20.549

-------------------

/d̥ˈoːd̥/ - /tˈut/
d̥-t / ˈoː-ˈu / d̥-t
{0: [0], 1: [1], 2: [2]}
{0: [0], 1: [1], 2: [2]}
SCORE: 18.321

-------------------

/d̥ˈunɐ/ - /dˈunən/
<#_d̥-<#_d / ˈu-ˈu / n-n / ɐ-ə / #>-n_#>
{0: [0], 1: [1], 2: [2], 3: [3], 4: None}
{0: [0], 1: [1], 2: [2], 3: [3], 4: [4]}
SCORE: 19.644

-------------------

/d̥ˈɑŋɡ̊ə/ - /dˈɑŋka/
<#_d̥-<#_d / ˈɑ-ˈɑ / ŋ-ŋ / ɡ̊-k / ə-a
{0: [0], 1: [1], 2: [2], 3: [3], 4: [4]}
{0: [0], 1: [1], 2: [2], 3: [3], 4: [4]}
SCORE: 29.304

-------------------

/d̥ˈɑːɡ̊/ - /tˈɑɡ̊/
d̥-t / ∅-ˈɑ / ˈɑː-∅ / ɡ̊-ɡ̊
{0: [0], 1: None, 2: [1], 3: [2]}
{0: [0], 1: [1], 2: None, 3: [2]}
SCORE: 3.625

-------------------

/d̥ˈɔxd̥ɐ/ - /tˈɔxtɛr/
d̥-t / ˈɔ-ˈɔ / x-x / d̥-t / ɐ-ɛ_r
{0: [0], 1: [1], 2: [2], 3: [3], 4: [4]}
{0: [0], 1: [1], 2: [2], 3: [3], 4: [4, 5]}
SCORE: 25.466

-------------------

/d̥ˈɛːʃ/ - /tˈaɡ̊/
d̥-t / ˈɛː-ˈa / ʃ-ɡ̊
{0: [0], 1: [1], 2: [2]}
{0: [0], 1: [1], 2: [2]}
SCORE: 17.173

-------------------

/d̥ˈɪn/ - /dˈɘ̟n/
<#_d̥-<#_d / ˈɪ-ˈɘ̟ / n-n
{0: [0], 1: [1], 2: [2]}
{0: [0], 1: [1], 2: [2]}
SCORE: 17.992

-------------------

/flˈiːjə/ - /fwˈiɟa/
f-f / l-w / ˈiː-ˈi / j-ɟ / ə-a
{0: [0], 1: [1], 2: [2], 3: [3], 4: [4]}
{0: [0], 1: [1], 2: [2], 3: [3], 4: [4]}
SCORE: 26.397

-------------------

/flˈiːʃ/ - /fwˈiɡ̊/
f-f / l-w / ˈiː-ˈi / ʃ-ɡ̊
{0: [0], 1: [1], 2: [2], 3: [3]}
{0: [0], 1: [1], 2: [2], 3: [3]}
SCORE: 21.668

-------------------

/flˈɛːʃ/ - /fwˈaʃ/
f-f / l-w / ˈɛː-ˈa / ʃ-ʃ
{0: [0], 1: [1], 2: [2], 3: [3]}
{0: [0], 1: [1], 2: [2], 3: [3]}
SCORE: 24.635

-------------------

/frˈaɪ̯/ - /frˈai̯/
f-f / r-r / ˈaɪ̯-ˈai̯
{0: [0], 1: [1], 2: [2]}
{0: [0], 1: [1], 2: [2]}
SCORE: 20.628

-------------------

/frˈaɪ̯nd̥/ - /frˈai̯nd̥/
f-f / r-r / ˈaɪ̯-ˈai̯ / n-n / d̥-d̥
{0: [0], 1: [1], 2: [2], 3: [3], 4: [4]}
{0: [0], 1: [1], 2: [2], 3: [3], 4: [4]}
SCORE: 29.353

-------------------

/frˈeːrə/ - /frˈiən/
f-f / r-r / ˈeː-ˈi / ∅-ə / r-∅ / ə-n
{0: [0], 1: [1], 2: [2], 3: None, 4: [3], 5: [4]}
{0: [0], 1: [1], 2: [2], 3: [3], 4: None, 5: [4]}
SCORE: 5.022

-------------------

/frˈɑː/ - /frˈɑi̯/
f-f / r-r / ˈɑː-ˈɑi̯
{0: [0], 1: [1], 2: [2]}
{0: [0], 1: [1], 2: [2]}
SCORE: 18.022

-------------------

/frˈɪʃ/ - /frˈɘ̟ʃ/
f-f / r-r / ˈɪ-ˈɘ̟ / ʃ-ʃ
{0: [0], 1: [1], 2: [2], 3: [3]}
{0: [0], 1: [1], 2: [2], 3: [3]}
SCORE: 24.711

-------------------

/fˈaɪ̯ɐ/ - /fˈɑi̯ɛr/
f-f / ˈaɪ̯-ˈɑi̯ / ɐ-ɛ_r
{0: [0], 1: [1], 2: [2]}
{0: [0], 1: [1], 2: [2, 3]}
SCORE: 16.741

-------------------

/fˈiːs/ - /fˈisa/
f-f / ˈiː-ˈi / s-s / #>-a_#>
{0: [0], 1: [1], 2: [2], 3: None}
{0: [0], 1: [1], 2: [2], 3: [3]}
SCORE: 17.74

-------------------

/fˈiːɐ/ - /fˈiər/
f-f / ˈiː-ˈi / ∅-ə / ɐ-r
{0: [0], 1: [1], 2: None, 3: [2]}
{0: [0], 1: [1], 2: [2], 3: [3]}
SCORE: 14.025

-------------------

/fˈoːxl̩/ - /fˈøɡuw/
f-f / ˈoː-ˈø / ∅-ɡ / x-∅ / l-u_w
{0: [0], 1: [1], 2: None, 3: [2], 4: [3]}
{0: [0], 1: [1], 2: [2], 3: None, 4: [3, 4]}
SCORE: 5.496

-------------------

/fˈuɡ̊s/ - /fˈʏks/
f-f / ∅-ˈʏ / ˈu-∅ / ɡ̊-k / s-s
{0: [0], 1: None, 2: [1], 3: [2], 4: [3]}
{0: [0], 1: [1], 2: None, 3: [2], 4: [3]}
SCORE: 9.048

-------------------

/fˈuːs/ - /fˈʏs/
f-f / ˈuː-ˈʏ / s-s
{0: [0], 1: [1], 2: [2]}
{0: [0], 1: [1], 2: [2]}
SCORE: 21.371

-------------------

/fˈɑrɐ/ - /fˈɔtɛr/
f-f / ˈɑ-ˈɔ / r-t / ɐ-ɛ_r
{0: [0], 1: [1], 2: [2], 3: [3]}
{0: [0], 1: [1], 2: [2], 3: [3, 4]}
SCORE: 16.357

-------------------

/fˈɔl/ - /fˈuw/
f-f / ˈɔ-ˈu / l-w
{0: [0], 1: [1], 2: [2]}
{0: [0], 1: [1], 2: [2]}
SCORE: 18.902

-------------------

/fˈɔljə/ - /fˈulɟa/
f-f / ˈɔ-ˈu / l-l / j-ɟ / ə-a
{0: [0], 1: [1], 2: [2], 3: [3], 4: [4]}
{0: [0], 1: [1], 2: [2], 3: [3], 4: [4]}
SCORE: 26.696

-------------------

/fˈɔlɡ̊/ - /fˈulk/
f-f / ˈɔ-ˈu / l-l / ɡ̊-k
{0: [0], 1: [1], 2: [2], 3: [3]}
{0: [0], 1: [1], 2: [2], 3: [3]}
SCORE: 24.333

-------------------

/fˈɛrɐ/ - /fˈɑdɛr/
f-f / ˈɛ-ˈɑ / r-d / ɐ-ɛ_r
{0: [0], 1: [1], 2: [2], 3: [3]}
{0: [0], 1: [1], 2: [2], 3: [3, 4]}
SCORE: 17.435

-------------------

/fˈɛɐ/ - /fˈir/
f-f / ˈɛ-ˈi / ɐ-r
{0: [0], 1: [1], 2: [2]}
{0: [0], 1: [1], 2: [2]}
SCORE: 13.879

-------------------

/fˈɪnf/ - /fˈɘ̟nf/
f-f / ˈɪ-ˈɘ̟ / n-n / f-f
{0: [0], 1: [1], 2: [2], 3: [3]}
{0: [0], 1: [1], 2: [2], 3: [3]}
SCORE: 25.03

-------------------

/fˈɪnə/ - /fˈɘ̟nda/
f-f / ˈɪ-ˈɘ̟ / n-n_d / ə-a
{0: [0], 1: [1], 2: [2], 3: [3]}
{0: [0], 1: [1], 2: [2, 3], 3: [4]}
SCORE: 23.018

-------------------

/fˈɪŋɐ/ - /fˈɘ̟ŋɟɛr/
f-f / ˈɪ-ˈɘ̟ / ŋ-ŋ_ɟ / ɐ-ɛ_r
{0: [0], 1: [1], 2: [2], 3: [3]}
{0: [0], 1: [1], 2: [2, 3], 3: [4, 5]}
SCORE: 23.563

-------------------

/fˈɪʃ/ - /fˈei̯ʃ/
f-f / ˈɪ-ˈei̯ / ʃ-ʃ
{0: [0], 1: [1], 2: [2]}
{0: [0], 1: [1], 2: [2]}
SCORE: 18.639

-------------------

/hˈau̯s/ - /hˈɑi̯s/
h-h / ˈau̯-ˈɑi̯ / s-s
{0: [0], 1: [1], 2: [2]}
{0: [0], 1: [1], 2: [2]}
SCORE: 21.885

-------------------

/hˈaɪ̯lɪʃ/ - /hˈalɪkə/
h-h / ∅-ˈa / ˈaɪ̯-∅ / l-l / ɪ-ɪ / ʃ-k / #>-ə_#>
{0: [0], 1: None, 2: [1], 3: [2], 4: [3], 5: [4], 6: None}
{0: [0], 1: [1], 2: None, 3: [2], 4: [3], 5: [4], 6: [5]}
SCORE: 13.117

-------------------

/hˈeːm/ - /hˈɑm/
h-h / ∅-ˈɑ / ˈeː-∅ / m-m
{0: [0], 1: None, 2: [1], 3: [2]}
{0: [0], 1: [1], 2: None, 3: [2]}
SCORE: 7.135

-------------------

/hˈoːnɪʃ/ - /hˈuŋɡ̊/
h-h / ˈoː-ˈu / ∅-ŋ / n-∅ / ɪ-∅ / ʃ-ɡ̊
{0: [0], 1: [1], 2: None, 3: [2], 4: [3], 5: [4]}
{0: [0], 1: [1], 2: [2], 3: None, 4: None, 5: [3]}
SCORE: 3.005

-------------------

/hˈoːx/ - /hˈux/
h-h / ˈoː-ˈu / x-x
{0: [0], 1: [1], 2: [2]}
{0: [0], 1: [1], 2: [2]}
SCORE: 22.347

-------------------

/hˈund̥/ - /hˈund̥/
h-h / ˈu-ˈu / n-n / d̥-d̥
{0: [0], 1: [1], 2: [2], 3: [3]}
{0: [0], 1: [1], 2: [2], 3: [3]}
SCORE: 25.79

-------------------

/hˈunɐd̥/ - /hˈundət/
h-h / ˈu-ˈu / n-n_d / ɐ-ə / d̥-t
{0: [0], 1: [1], 2: [2], 3: [3], 4: [4]}
{0: [0], 1: [1], 2: [2, 3], 3: [4], 4: [5]}
SCORE: 25.914

-------------------

/hˈɑlb̥/ - /hˈɔwvə/
h-h / ˈɑ-ˈɔ / l-w / ∅-v / b̥-∅ / #>-ə_#>
{0: [0], 1: [1], 2: [2], 3: None, 4: [3], 5: None}
{0: [0], 1: [1], 2: [2], 3: [3], 4: None, 5: [4]}
SCORE: 7.293

-------------------

/hˈɑn/ - /hˈɔn/
h-h / ˈɑ-ˈɔ / n-n
{0: [0], 1: [1], 2: [2]}
{0: [0], 1: [1], 2: [2]}
SCORE: 20.033

-------------------

/hˈɑnd̥/ - /hˈɑnd̥/
h-h / ˈɑ-ˈɑ / n-n / d̥-d̥
{0: [0], 1: [1], 2: [2], 3: [3]}
{0: [0], 1: [1], 2: [2], 3: [3]}
SCORE: 24.823

-------------------

/hˈɑːb̥d̥/ - /hˈoi̯pt/
h-h / ∅-ˈoi̯ / ˈɑː-∅ / b̥-p / d̥-t
{0: [0], 1: None, 2: [1], 3: [2], 4: [3]}
{0: [0], 1: [1], 2: None, 3: [2], 4: [3]}
SCORE: 9.509

-------------------

/hˈɑːs/ - /hˈɔza/
h-h / ˈɑː-ˈɔ / s-z / #>-a_#>
{0: [0], 1: [1], 2: [2], 3: None}
{0: [0], 1: [1], 2: [2], 3: [3]}
SCORE: 18.074

-------------------

/hˈɛlfə/ - /hˈɘ̟wfa/
h-h / ˈɛ-ˈɘ̟ / l-w / f-f / ə-a
{0: [0], 1: [1], 2: [2], 3: [3], 4: [4]}
{0: [0], 1: [1], 2: [2], 3: [3], 4: [4]}
SCORE: 27.162

-------------------

/hˈɛɐʣ̥/ - /hˈɑʦ/
h-h / ˈɛ_ɐ-ˈɑ / ʣ̥-ʦ
{0: [0], 1: [1, 2], 2: [3]}
{0: [0], 1: [1], 2: [2]}
SCORE: 17.503

-------------------

/hˈɛːs/ - /hˈas/
h-h / ˈɛː-ˈa / s-s
{0: [0], 1: [1], 2: [2]}
{0: [0], 1: [1], 2: [2]}
SCORE: 22.133

-------------------

/jˈoːɐ/ - /jˈʏr/
j-j / ˈoː-ˈʏ / ɐ-r
{0: [0], 1: [1], 2: [2]}
{0: [0], 1: [1], 2: [2]}
SCORE: 14.293

-------------------

/jˈunɡ̊/ - /jˈuŋɡ̊/
j-j / ˈu-ˈu / ∅-ŋ / n-∅ / ɡ̊-ɡ̊
{0: [0], 1: [1], 2: None, 3: [2], 4: [3]}
{0: [0], 1: [1], 2: [2], 3: None, 4: [3]}
SCORE: 10.152

-------------------

/kʰˈeːnɪʃ/ - /kˈɘ̟ŋɡ̊/
kʰ-k / ˈeː-ˈɘ̟ / ∅-ŋ / n-∅ / ɪ-∅ / ʃ-ɡ̊
{0: [0], 1: [1], 2: None, 3: [2], 4: [3], 5: [4]}
{0: [0], 1: [1], 2: [2], 3: None, 4: None, 5: [3]}
SCORE: -1.186

-------------------

/kʰˈeːs/ - /kˈɘ̟s/
kʰ-k / ˈeː-ˈɘ̟ / s-s
{0: [0], 1: [1], 2: [2]}
{0: [0], 1: [1], 2: [2]}
SCORE: 16.666

-------------------

/kʰˈuː/ - /kˈʏ/
kʰ-k / ˈuː-ˈʏ
{0: [0], 1: [1]}
{0: [0], 1: [1]}
SCORE: 17.37

-------------------

/kʰˈɑlb̥/ - /kˈɔwb̥/
kʰ-k / ˈɑ-ˈɔ / l-w / b̥_#>-b̥_#>
{0: [0], 1: [1], 2: [2], 3: [3]}
{0: [0], 1: [1], 2: [2], 3: [3]}
SCORE: 22.914

-------------------

/kʰˈɑld̥/ - /kˈɑwt/
kʰ-k / ˈɑ-ˈɑ / l-w / d̥-t
{0: [0], 1: [1], 2: [2], 3: [3]}
{0: [0], 1: [1], 2: [2], 3: [3]}
SCORE: 23.325

-------------------

/kʰˈɑʣ̥/ - /kˈɔʦ/
kʰ-k / ˈɑ-ˈɔ / ʣ̥-ʦ
{0: [0], 1: [1], 2: [2]}
{0: [0], 1: [1], 2: [2]}
SCORE: 21.361

-------------------

/kʰˈɔmə/ - /kˈuma/
kʰ-k / ˈɔ-ˈu / m-m / ə-a
{0: [0], 1: [1], 2: [2], 3: [3]}
{0: [0], 1: [1], 2: [2], 3: [3]}
SCORE: 26.867

-------------------

/kʰˈɛnə/ - /kˈɘ̟na/
kʰ-k / ˈɛ-ˈɘ̟ / n-n / ə-a
{0: [0], 1: [1], 2: [2], 3: [3]}
{0: [0], 1: [1], 2: [2], 3: [3]}
SCORE: 22.363

-------------------

/kʰˈɛnə/ - /kˈɛna/
kʰ-k / ˈɛ-ˈɛ / n-n / ə-a
{0: [0], 1: [1], 2: [2], 3: [3]}
{0: [0], 1: [1], 2: [2], 3: [3]}
SCORE: 25.291

-------------------

/kʰˈɛɐʃ/ - /kˈiəç/
kʰ-k / ˈɛ-ˈi / ɐ-ə / ʃ-ç
{0: [0], 1: [1], 2: [2], 3: [3]}
{0: [0], 1: [1], 2: [2], 3: [3]}
SCORE: 18.09

-------------------

/kʰˈɪnd̥/ - /kˈɘ̟nd̥/
kʰ-k / ˈɪ-ˈɘ̟ / n-n / d̥-d̥
{0: [0], 1: [1], 2: [2], 3: [3]}
{0: [0], 1: [1], 2: [2], 3: [3]}
SCORE: 24.875

-------------------

/lˈau̯s/ - /wˈɑi̯s/
l-w / ˈau̯-ˈɑi̯ / s-s
{0: [0], 1: [1], 2: [2]}
{0: [0], 1: [1], 2: [2]}
SCORE: 19.084

-------------------

/lˈaɪ̯ə/ - /wˈei̯ɟa/
l-w / ∅-ˈei̯ / ∅-ɟ / ˈaɪ̯-∅ / ə-a
{0: [0], 1: None, 2: None, 3: [1], 4: [2]}
{0: [0], 1: [1], 2: [2], 3: None, 4: [3]}
SCORE: -1.252

-------------------

/lˈaɪ̯ʃd̥/ - /wˈai̯xt/
l-w / ˈaɪ̯-ˈai̯ / ʃ-x / d̥-t
{0: [0], 1: [1], 2: [2], 3: [3]}
{0: [0], 1: [1], 2: [2], 3: [3]}
SCORE: 21.439

-------------------

/lˈijə/ - /wˈɑi̯ɡən/
l-w / ˈi-ˈɑi̯_ɡ / ∅-ə / j-∅ / ə-n
{0: [0], 1: [1], 2: None, 3: [2], 4: [3]}
{0: [0], 1: [1, 2], 2: [3], 3: None, 4: [4]}
SCORE: -2.338

-------------------

/lˈiːʃd̥/ - /wˈɪxt/
l-w / ˈiː-ˈɪ / ʃ-x / d̥-t
{0: [0], 1: [1], 2: [2], 3: [3]}
{0: [0], 1: [1], 2: [2], 3: [3]}
SCORE: 17.689

-------------------

/lˈɑnd̥/ - /wˈɑnd̥/
l-w / ˈɑ-ˈɑ / n-n / d̥-d̥
{0: [0], 1: [1], 2: [2], 3: [3]}
{0: [0], 1: [1], 2: [2], 3: [3]}
SCORE: 22.022

-------------------

/lˈɑxə/ - /wˈɑxa/
l-w / ˈɑ-ˈɑ / x-x / ə-a
{0: [0], 1: [1], 2: [2], 3: [3]}
{0: [0], 1: [1], 2: [2], 3: [3]}
SCORE: 24.581

-------------------

/lˈɑŋ/ - /wˈɑŋɡ̊/
l-w / ˈɑ-ˈɑ / ŋ-ŋ / #>-ɡ̊_#>
{0: [0], 1: [1], 2: [2], 3: None}
{0: [0], 1: [1], 2: [2], 3: [3]}
SCORE: 17.797

-------------------

/lˈɑːfə/ - /wˈɑjfa/
l-w / ∅-ˈɑ / ∅-j / ˈɑː-∅ / f-f / ə-a
{0: [0], 1: None, 2: None, 3: [1], 4: [2], 5: [3]}
{0: [0], 1: [1], 2: [2], 3: None, 4: [3], 5: [4]}
SCORE: 3.871

-------------------

/lˈɛβɐ/ - /wˈɑvɛr/
l-w / ˈɛ-ˈɑ / β-v / ɐ-ɛ_r
{0: [0], 1: [1], 2: [2], 3: [3]}
{0: [0], 1: [1], 2: [2], 3: [3, 4]}
SCORE: 20.345

-------------------

/mˈau̯l/ - /mˈɑi̯w/
m-m / ˈau̯-ˈɑi̯ / l-w
{0: [0], 1: [1], 2: [2]}
{0: [0], 1: [1], 2: [2]}
SCORE: 20.13

-------------------

/mˈau̯s/ - /mˈɑi̯s/
m-m / ˈau̯-ˈɑi̯ / s-s
{0: [0], 1: [1], 2: [2]}
{0: [0], 1: [1], 2: [2]}
SCORE: 21.254

-------------------

/mˈaɪ̯s/ - /mˈoi̯s/
m-m / ∅-ˈoi̯ / ˈaɪ̯-∅ / s-s
{0: [0], 1: None, 2: [1], 3: [2]}
{0: [0], 1: [1], 2: None, 3: [2]}
SCORE: 5.458

-------------------

/mˈeːɐ/ - /mˈir/
m-m / ˈeː-ˈi / ɐ-r
{0: [0], 1: [1], 2: [2]}
{0: [0], 1: [1], 2: [2]}
SCORE: 16.323

-------------------

/mˈiːɐ/ - /vˈir/
∅-v / m-∅ / ˈiː-ˈi / ɐ-r
{0: None, 1: [0], 2: [1], 3: [2]}
{0: [0], 1: None, 2: [1], 3: [2]}
SCORE: 3.902

-------------------

/mˈoːnd̥/ - /mˈønd̥/
m-m / ˈoː-ˈø / n-n / d̥-d̥
{0: [0], 1: [1], 2: [2], 3: [3]}
{0: [0], 1: [1], 2: [2], 3: [3]}
SCORE: 25.412

-------------------

/mˈoːnɑd̥/ - /mˈønda/
m-m / ˈoː-ˈø / n-n / ɑ-∅ / d̥-d / #>-a_#>
{0: [0], 1: [1], 2: [2], 3: [3], 4: [4], 5: None}
{0: [0], 1: [1], 2: [2], 3: None, 4: [3], 5: [4]}
SCORE: 15.663

-------------------

/mˈurɐ/ - /mˈʏtɛr/
m-m / ∅-ˈʏ / ˈu-∅ / r-t / ɐ-ɛ_r
{0: [0], 1: None, 2: [1], 3: [2], 4: [3]}
{0: [0], 1: [1], 2: None, 3: [2], 4: [3, 4]}
SCORE: 2.759

-------------------

/mˈɑn/ - /mˈɑn/
m-m / ˈɑ-ˈɑ / n-n
{0: [0], 1: [1], 2: [2]}
{0: [0], 1: [1], 2: [2]}
SCORE: 19.89

-------------------

/mˈɑxd̥/ - /mˈɑxt/
m-m / ˈɑ-ˈɑ / x-x / d̥-t
{0: [0], 1: [1], 2: [2], 3: [3]}
{0: [0], 1: [1], 2: [2], 3: [3]}
SCORE: 25.862

-------------------

/mˈɛnʃ/ - /mˈɛnʃ/
m-m / ˈɛ-ˈɛ / n-n / ʃ-ʃ
{0: [0], 1: [1], 2: [2], 3: [3]}
{0: [0], 1: [1], 2: [2], 3: [3]}
SCORE: 24.934

-------------------

/mˈɪlɪʃ/ - /mˈɘ̟wɪç/
m-m / ˈɪ-ˈɘ̟ / l-w / ɪ-ɪ / ʃ-ç
{0: [0], 1: [1], 2: [2], 3: [3], 4: [4]}
{0: [0], 1: [1], 2: [2], 3: [3], 4: [4]}
SCORE: 32.244

-------------------

/mˈɪɡ̊/ - /mˈɘ̟k/
m-m / ˈɪ-ˈɘ̟ / ɡ̊-k
{0: [0], 1: [1], 2: [2]}
{0: [0], 1: [1], 2: [2]}
SCORE: 20.254

-------------------

/mˈɪʃ/ - /mˈei̯ç/
m-m / ˈɪ-ˈei̯ / ʃ-ç
{0: [0], 1: [1], 2: [2]}
{0: [0], 1: [1], 2: [2]}
SCORE: 18.437

-------------------

/nˈaɪ̯/ - /nˈɑi̯ə/
n-n / ˈaɪ̯-ˈɑi̯ / #>-ə_#>
{0: [0], 1: [1], 2: None}
{0: [0], 1: [1], 2: [2]}
SCORE: 11.588

-------------------

/nˈorl̩/ - /nˈøwd̥/
n-n / ˈo-ˈø / r-∅ / l-w / ∅-d̥
{0: [0], 1: [1], 2: [2], 3: [3], 4: None}
{0: [0], 1: [1], 2: None, 3: [2], 4: [3]}
SCORE: 5.343

-------------------

/nˈɑxd̥/ - /nˈɑxt/
n-n / ˈɑ-ˈɑ / x-x / d̥-t
{0: [0], 1: [1], 2: [2], 3: [3]}
{0: [0], 1: [1], 2: [2], 3: [3]}
SCORE: 24.571

-------------------

/nˈɑɡ̊əd̥/ - /nˈɑkət/
n-n / ˈɑ-ˈɑ / ɡ̊-k / ∅-ə / ə-∅ / d̥-t
{0: [0], 1: [1], 2: [2], 3: None, 4: [3], 5: [4]}
{0: [0], 1: [1], 2: [2], 3: [3], 4: None, 5: [4]}
SCORE: 12.594

-------------------

/nˈɑːmə/ - /nˈɔma/
n-n / ˈɑː-ˈɔ / m-m / ə-a
{0: [0], 1: [1], 2: [2], 3: [3]}
{0: [0], 1: [1], 2: [2], 3: [3]}
SCORE: 25.447

-------------------

/nˈɑːs/ - /nˈɔs/
n-n / ˈɑː-ˈɔ / s-s
{0: [0], 1: [1], 2: [2]}
{0: [0], 1: [1], 2: [2]}
SCORE: 19.273

-------------------

/nˈɑːxl̩/ - /nˈi̯øl/
n-n / ˈɑː-ˈi̯ø / x-∅ / l-l
{0: [0], 1: [1], 2: [2], 3: [3]}
{0: [0], 1: [1], 2: None, 3: [2]}
SCORE: 12.459

-------------------

/nˈɑ̃ɪ̯/ - /nˈɑi̯n/
<#-<#_n / ∅-ˈɑi̯ / n-n / ˈɑ̃ɪ̯-∅
{0: None, 1: None, 2: [0], 3: [1]}
{0: [0], 1: [1], 2: [2], 3: None}
SCORE: -1.246

-------------------

/rˈaɪ̯ʃ/ - /rˈai̯ç/
<#_r-<#_r / ˈaɪ̯-ˈai̯ / ʃ-ç
{0: [0], 1: [1], 2: [2]}
{0: [0], 1: [1], 2: [2]}
SCORE: 21.954

-------------------

/rˈoːd̥/ - /rˈut/
<#_r-<#_r / ˈoː-ˈu / d̥-t
{0: [0], 1: [1], 2: [2]}
{0: [0], 1: [1], 2: [2]}
SCORE: 20.859

-------------------

/rˈɑːx/ - /rˈɑi̯ç/
<#_r-<#_r / ˈɑː-ˈɑi̯ / ∅-ç / x-∅
{0: [0], 1: [1], 2: None, 3: [2]}
{0: [0], 1: [1], 2: [2], 3: None}
SCORE: 5.294

-------------------

/rˈɛʃd̥/ - /rˈaxt/
<#_r-<#_r / ˈɛ-ˈa / ʃ-x / d̥-t
{0: [0], 1: [1], 2: [2], 3: [3]}
{0: [0], 1: [1], 2: [2], 3: [3]}
SCORE: 21.183

-------------------

/rˈɛːn/ - /rˈan/
<#_r-<#_r / ˈɛː-ˈa / n-n
{0: [0], 1: [1], 2: [2]}
{0: [0], 1: [1], 2: [2]}
SCORE: 22.319

-------------------

/sˈau̯/ - /zˈɑi̯wa/
s-z / ˈau̯-ˈɑi̯ / #>-w_a_#>
{0: [0], 1: [1], 2: None}
{0: [0], 1: [1], 2: [2, 3]}
SCORE: 11.821

-------------------

/sˈau̯ɐ/ - /zˈɑi̯vɛr/
s-z / ˈau̯-ˈɑi̯ / ∅-v / ɐ-ɛ_r
{0: [0], 1: [1], 2: None, 3: [2]}
{0: [0], 1: [1], 2: [2], 3: [3, 4]}
SCORE: 13.25

-------------------

/sˈaɪ̯d̥/ - /zˈai̯t/
s-z / ˈaɪ̯-ˈai̯ / d̥-t
{0: [0], 1: [1], 2: [2]}
{0: [0], 1: [1], 2: [2]}
SCORE: 20.147

-------------------

/sˈeːl/ - /zˈei̯w/
s-z / ∅-ˈei̯ / ˈeː-∅ / l-w
{0: [0], 1: None, 2: [1], 3: [2]}
{0: [0], 1: [1], 2: None, 3: [2]}
SCORE: 3.405

-------------------

/sˈiːn/ - /zˈɑn/
s-z / ∅-ˈɑ / ˈiː-∅ / n-n
{0: [0], 1: None, 2: [1], 3: [2]}
{0: [0], 1: [1], 2: None, 3: [2]}
SCORE: 4.285

-------------------

/sˈiːs/ - /zˈis/
s-z / ˈiː-ˈi / s-s
{0: [0], 1: [1], 2: [2]}
{0: [0], 1: [1], 2: [2]}
SCORE: 20.639

-------------------

/sˈõː/ - /zˈun/
s-z / ˈõː-ˈu / #>-n_#>
{0: [0], 1: [1], 2: None}
{0: [0], 1: [1], 2: [2]}
SCORE: 12.375

-------------------

/sˈumɐ/ - /zˈumɛr/
s-z / ˈu-ˈu / m-m / ɐ-ɛ_r
{0: [0], 1: [1], 2: [2], 3: [3]}
{0: [0], 1: [1], 2: [2], 3: [3, 4]}
SCORE: 23.811

-------------------

/sˈuːxə/ - /zˈixa/
s-z / ∅-ˈi / ˈuː-∅ / x-x / ə-a
{0: [0], 1: None, 2: [1], 3: [2], 4: [3]}
{0: [0], 1: [1], 2: None, 3: [2], 4: [3]}
SCORE: 11.146

-------------------

/sˈɑlʣ̥/ - /zˈɑwʦ/
s-z / ˈɑ-ˈɑ / l-w / ʣ̥-ʦ
{0: [0], 1: [1], 2: [2], 3: [3]}
{0: [0], 1: [1], 2: [2], 3: [3]}
SCORE: 24.387

-------------------

/sˈɑnd̥/ - /zˈɑnd̥/
s-z / ˈɑ-ˈɑ / n-n / d̥-d̥
{0: [0], 1: [1], 2: [2], 3: [3]}
{0: [0], 1: [1], 2: [2], 3: [3]}
SCORE: 23.263

-------------------

/sˈɑːn/ - /zˈi̯øn/
s-z / ˈɑː-ˈi̯ø / n-n
{0: [0], 1: [1], 2: [2]}
{0: [0], 1: [1], 2: [2]}
SCORE: 17.449

-------------------

/sˈɛlɐ/ - /zˈɑi̯vɛr/
s-z / ∅-ˈɑi̯ / ∅-v / ˈɛ-∅ / l-∅ / ɐ-ɛ_r
{0: [0], 1: None, 2: None, 3: [1], 4: [2], 5: [3]}
{0: [0], 1: [1], 2: [2], 3: None, 4: None, 5: [3, 4]}
SCORE: -7.546

-------------------

/sˈɛɡ̊s/ - /zˈaks/
s-z / ˈɛ-ˈa / ɡ̊-k / s-s
{0: [0], 1: [1], 2: [2], 3: [3]}
{0: [0], 1: [1], 2: [2], 3: [3]}
SCORE: 21.267

-------------------

/sˈɪŋə/ - /zˈɘ̟ŋɟa/
s-z / ˈɪ-ˈɘ̟ / ŋ-ŋ_ɟ / ə-a
{0: [0], 1: [1], 2: [2], 3: [3]}
{0: [0], 1: [1], 2: [2, 3], 3: [4]}
SCORE: 25.76

-------------------

/sˈɪʣ̥ə/ - /zˈɘ̟ʦa/
s-z / ˈɪ-ˈɘ̟ / ʣ̥-ʦ / ə-a
{0: [0], 1: [1], 2: [2], 3: [3]}
{0: [0], 1: [1], 2: [2], 3: [3]}
SCORE: 26.578

-------------------

/sˈɪβə/ - /zˈei̯va/
s-z / ˈɪ-ˈei̯ / β-v / ə-a
{0: [0], 1: [1], 2: [2], 3: [3]}
{0: [0], 1: [1], 2: [2], 3: [3]}
SCORE: 23.717

-------------------

/ɡ̊nˈiː/ - /knˈi/
ɡ̊-k / n-n / ˈiː-ˈi
{0: [0], 1: [1], 2: [2]}
{0: [0], 1: [1], 2: [2]}
SCORE: 19.79

-------------------

/ɡ̊rˈĩː/ - /ɡrˈin/
ɡ̊-ɡ / r-r / ˈĩː-ˈi_n
{0: [0], 1: [1], 2: [2]}
{0: [0], 1: [1], 2: [2, 3]}
SCORE: 19.306

-------------------

/ɡ̊rˈoːs/ - /ɡrˈus/
ɡ̊-ɡ / r-r / ˈoː-ˈu / s-s
{0: [0], 1: [1], 2: [2], 3: [3]}
{0: [0], 1: [1], 2: [2], 3: [3]}
SCORE: 24.307

-------------------

/ɡ̊rˈɑːs/ - /ɡrˈɔs/
ɡ̊-ɡ / r-r / ˈɑː-ˈɔ / s-s
{0: [0], 1: [1], 2: [2], 3: [3]}
{0: [0], 1: [1], 2: [2], 3: [3]}
SCORE: 24.644

-------------------

/ɡ̊ˈuːd̥/ - /ɡˈʏt/
ɡ̊-ɡ / ˈuː-ˈʏ / d̥-t
{0: [0], 1: [1], 2: [2]}
{0: [0], 1: [1], 2: [2]}
SCORE: 21.232

-------------------

/ɡ̊ˈɑns/ - /ɡˈɑns/
ɡ̊-ɡ / ˈɑ-ˈɑ / n-n / s-s
{0: [0], 1: [1], 2: [2], 3: [3]}
{0: [0], 1: [1], 2: [2], 3: [3]}
SCORE: 24.258

-------------------

/ɡ̊ˈɑʃd̥/ - /ɡˈɔst/
ɡ̊-ɡ / ˈɑ-ˈɔ / ʃ_d̥-s_t
{0: [0], 1: [1], 2: [2, 3]}
{0: [0], 1: [1], 2: [2, 3]}
SCORE: 24.44

-------------------

/ɡ̊ˈɔd̥/ - /ɡˈøt/
ɡ̊-ɡ / ∅-ˈø / ˈɔ-∅ / d̥-t
{0: [0], 1: None, 2: [1], 3: [2]}
{0: [0], 1: [1], 2: None, 3: [2]}
SCORE: 4.729

-------------------

/ɡ̊ˈɔld̥/ - /ɡˈuwd̥/
ɡ̊-ɡ / ˈɔ-ˈu / l-w / d̥-d̥
{0: [0], 1: [1], 2: [2], 3: [3]}
{0: [0], 1: [1], 2: [2], 3: [3]}
SCORE: 23.494

-------------------

/ɡ̊ˈɛːl/ - /ɡˈɑw/
ɡ̊-ɡ / ˈɛː-ˈɑ / l-w
{0: [0], 1: [1], 2: [2]}
{0: [0], 1: [1], 2: [2]}
SCORE: 15.196

-------------------

/ɡ̊ˈɛ̃ː/ - /ɡˈei̯n/
ɡ̊-ɡ / ∅-ˈei̯ / ˈɛ̃ː-∅ / #>-n_#>
{0: [0], 1: None, 2: [1], 3: None}
{0: [0], 1: [1], 2: None, 3: [2]}
SCORE: -0.422

-------------------

/ɡ̊ˈɛβə/ - /ɡˈɑn/
ɡ̊-ɡ / ˈɛ-ˈɑ / β_ə_#>-n_#>
{0: [0], 1: [1], 2: [2, 3]}
{0: [0], 1: [1], 2: [2]}
SCORE: 12.916

-------------------

/ʃb̥rˈoːx/ - /ʃprˈøx/
ʃ-ʃ / b̥-p / r-r / ˈoː-ˈø / x-x
{0: [0], 1: [1], 2: [2], 3: [3], 4: [4]}
{0: [0], 1: [1], 2: [2], 3: [3], 4: [4]}
SCORE: 30.208

-------------------

/ʃd̥ˈuːl/ - /ʃtˈʏl/
ʃ-ʃ / d̥-t / ˈuː-ˈʏ / l-l
{0: [0], 1: [1], 2: [2], 3: [3]}
{0: [0], 1: [1], 2: [2], 3: [3]}
SCORE: 25.459

-------------------

/ʃd̥ˈɛɐn/ - /ʃtˈɑm/
ʃ-ʃ / d̥-t / ˈɛ_ɐ-ˈɑ / ∅-m / n-∅
{0: [0], 1: [1], 2: [2, 3], 3: None, 4: [4]}
{0: [0], 1: [1], 2: [2], 3: [3], 4: None}
SCORE: 3.938

-------------------

/ʃd̥ˈɛ̃ː/ - /ʃtˈan/
ʃ-ʃ / d̥-t / ∅-ˈa / ˈɛ̃ː-∅ / #>-n_#>
{0: [0], 1: [1], 2: None, 3: [2], 4: None}
{0: [0], 1: [1], 2: [2], 3: None, 4: [3]}
SCORE: 3.249

-------------------

/ʃlˈoːfə/ - /ʃwˈøfa/
ʃ-ʃ / l-w / ˈoː-ˈø / f-f / ə-a
{0: [0], 1: [1], 2: [2], 3: [3], 4: [4]}
{0: [0], 1: [1], 2: [2], 3: [3], 4: [4]}
SCORE: 29.615

-------------------

/ʃlˈɑ̃ː/ - /ʃwˈøn/
ʃ-ʃ / l-w / ∅-ˈø / ˈɑ̃ː-∅ / #>-n_#>
{0: [0], 1: [1], 2: None, 3: [2], 4: None}
{0: [0], 1: [1], 2: [2], 3: None, 4: [3]}
SCORE: 2.554

-------------------

/ʃnˈeː/ - /ʃnˈei̯/
ʃ-ʃ / n-n / ∅-ˈei̯ / ˈeː-∅
{0: [0], 1: [1], 2: None, 3: [2]}
{0: [0], 1: [1], 2: [2], 3: None}
SCORE: 4.347

-------------------

/ʃˈẽː/ - /ʃˈei̯nə/
ʃ-ʃ / ∅-ˈei̯ / ∅-n / ˈẽː-∅ / #>-ə_#>
{0: [0], 1: None, 2: None, 3: [1], 4: None}
{0: [0], 1: [1], 2: [2], 3: None, 4: [3]}
SCORE: -6.936

-------------------

/ʃˈiːsə/ - /ʃˈisa/
ʃ-ʃ / ˈiː-ˈi / s-s / ə-a
{0: [0], 1: [1], 2: [2], 3: [3]}
{0: [0], 1: [1], 2: [2], 3: [3]}
SCORE: 25.829

-------------------

/ʃˈoːf/ - /ʃˈi̯øf/
ʃ-ʃ / ∅-ˈi̯ø / ˈoː-∅ / f-f
{0: [0], 1: None, 2: [1], 3: [2]}
{0: [0], 1: [1], 2: None, 3: [2]}
SCORE: 5.048

-------------------

/ʃˈuː/ - /ʃˈʏx/
ʃ-ʃ / ˈuː-ˈʏ / ∅-x
{0: [0], 1: [1], 2: None}
{0: [0], 1: [1], 2: [2]}
SCORE: 11.427

-------------------

/ʃˈɑɐf/ - /ʃˈi̯øf/
ʃ-ʃ / ˈɑ_ɐ-ˈi̯ø / f-f
{0: [0], 1: [1, 2], 2: [3]}
{0: [0], 1: [1], 2: [2]}
SCORE: 15.221

-------------------

/ʃβˈaɪ̯n/ - /ʃvˈai̯n/
ʃ-ʃ / β-v / ˈaɪ̯-ˈai̯ / n-n
{0: [0], 1: [1], 2: [2], 3: [3]}
{0: [0], 1: [1], 2: [2], 3: [3]}
SCORE: 25.531

-------------------

/ʃβˈɑɐʣ̥/ - /ʃvˈi̯øʦ/
ʃ-ʃ / β-v / ˈɑ_ɐ-ˈi̯ø / ʣ̥-ʦ
{0: [0], 1: [1], 2: [2, 3], 3: [4]}
{0: [0], 1: [1], 2: [2], 3: [3]}
SCORE: 21.54

-------------------

/ʃβˈɛʃd̥ɐ/ - /ʃvˈɑstɛr/
ʃ-ʃ / β-v / ˈɛ-ˈɑ / ʃ_d̥-s_t / ɐ-ɛ_r
{0: [0], 1: [1], 2: [2], 3: [3, 4], 4: [5]}
{0: [0], 1: [1], 2: [2], 3: [3, 4], 4: [5, 6]}
SCORE: 31.409

-------------------

/ʃβˈɛːɐd̥/ - /ʃvjˈɛrt/
ʃ-ʃ / β-v / ∅-j / ∅-ˈɛ / ˈɛː-∅ / ɐ-r / d̥-t
{0: [0], 1: [1], 2: None, 3: None, 4: [2], 5: [3], 6: [4]}
{0: [0], 1: [1], 2: [2], 3: [3], 4: None, 5: [4], 6: [5]}
SCORE: 7.014

-------------------

/ʃβˈɪmə/ - /ʃvˈɘ̟ma/
ʃ-ʃ / β-v / ˈɪ-ˈɘ̟ / m-m / ə-a
{0: [0], 1: [1], 2: [2], 3: [3], 4: [4]}
{0: [0], 1: [1], 2: [2], 3: [3], 4: [4]}
SCORE: 31.185

-------------------

/ʣ̥ˈaɪ̯d̥/ - /ʦˈai̯t/
ʣ̥-ʦ / ˈaɪ̯-ˈai̯ / d̥-t
{0: [0], 1: [1], 2: [2]}
{0: [0], 1: [1], 2: [2]}
SCORE: 21.668

-------------------

/ʣ̥ˈeːʃə/ - /ʦˈaxa/
ʣ̥-ʦ / ˈeː_ʃ-ˈa_x / ə-a
{0: [0], 1: [1, 2], 2: [3]}
{0: [0], 1: [1, 2], 2: [3]}
SCORE: 25.247

-------------------

/ʣ̥ˈẽː/ - /ʦˈɑn/
ʣ̥-ʦ / ∅-ˈɑ / ˈẽː-∅ / #>-n_#>
{0: [0], 1: None, 2: [1], 3: None}
{0: [0], 1: [1], 2: None, 3: [2]}
SCORE: 0.47

-------------------

/ʣ̥ˈuŋ/ - /ʦˈuŋɡ̊/
ʣ̥-ʦ / ˈu-ˈu / ŋ-ŋ / #>-ɡ̊_#>
{0: [0], 1: [1], 2: [2], 3: None}
{0: [0], 1: [1], 2: [2], 3: [3]}
SCORE: 21.528

-------------------

/ʣ̥ˈɑ̃ː/ - /ʦˈɔn/
ʣ̥-ʦ / ∅-ˈɔ / ˈɑ̃ː-∅ / #>-n_#>
{0: [0], 1: None, 2: [1], 3: None}
{0: [0], 1: [1], 2: None, 3: [2]}
SCORE: 0.47

-------------------

/ʣ̥βˈɑnʣ̥ɪʃ/ - /ʦvˈɛnʦɪk/
ʣ̥-ʦ / β-v / ˈɑ-ˈɛ / n-n / ʣ̥-ʦ / ɪ-ɪ / ʃ-k
{0: [0], 1: [1], 2: [2], 3: [3], 4: [4], 5: [5], 6: [6]}
{0: [0], 1: [1], 2: [2], 3: [3], 4: [4], 5: [5], 6: [6]}
SCORE: 37.211

-------------------

/ʣ̥βˈɛlf/ - /ʦvˈɛwf/
ʣ̥-ʦ / β-v / ˈɛ-ˈɛ / l-w / f-f
{0: [0], 1: [1], 2: [2], 3: [3], 4: [4]}
{0: [0], 1: [1], 2: [2], 3: [3], 4: [4]}
SCORE: 30.06

-------------------

/ʣ̥βˈɛː/ - /ʦvˈɛ/
ʣ̥-ʦ / β-v / ∅-ˈɛ / ˈɛː-∅
{0: [0], 1: [1], 2: None, 3: [2]}
{0: [0], 1: [1], 2: [2], 3: None}
SCORE: 6.52

-------------------

/ˈau̯s/ - /ˈɑi̯s/
ˈau̯-ˈɑi̯ / s-s
{0: [0], 1: [1]}
{0: [0], 1: [1]}
SCORE: 15.54

-------------------

/ˈaɪ̯l/ - /ˈɑi̯w/
ˈaɪ̯-ˈɑi̯ / l-w
{0: [0], 1: [1]}
{0: [0], 1: [1]}
SCORE: 12.568

-------------------

/ˈaɪ̯s/ - /ˈai̯s/
ˈaɪ̯-ˈai̯ / s-s
{0: [0], 1: [1]}
{0: [0], 1: [1]}
SCORE: 15.791

-------------------

/ˈeːɐ/ - /ˈir/
ˈeː-ˈi / ɐ-r
{0: [0], 1: [1]}
{0: [0], 1: [1]}
SCORE: 10.609

-------------------

/ˈoːɐ/ - /ˈʏr/
ˈoː-ˈʏ / ɐ-r
{0: [0], 1: [1]}
{0: [0], 1: [1]}
SCORE: 9.172

-------------------

/ˈoːβə/ - /ˈuva/
ˈoː-ˈu / β-v / ə-a
{0: [0], 1: [1], 2: [2]}
{0: [0], 1: [1], 2: [2]}
SCORE: 20.11

-------------------

/ˈuf/ - /ˈuf/
ˈu-ˈu / f-f
{0: [0], 1: [1]}
{0: [0], 1: [1]}
SCORE: 15.844

-------------------

/ˈuns/ - /ˈɘ̟ns/
<#_ˈu-<# / ∅-ˈɘ̟ / n-n / s-s
{0: [0], 1: None, 2: [1], 3: [2]}
{0: None, 1: [0], 2: [1], 3: [2]}
SCORE: 5.522

-------------------

/ˈunɐ/ - /ˈundɛr/
ˈu-ˈu / n-n_d / ɐ-ɛ_r
{0: [0], 1: [1], 2: [2]}
{0: [0], 1: [1, 2], 2: [3, 4]}
SCORE: 15.719

-------------------

/ˈɑb̥l̩/ - /ˈɛpuw/
ˈɑ-ˈɛ / b̥-p / l-u_w
{0: [0], 1: [1], 2: [2]}
{0: [0], 1: [1], 2: [2, 3]}
SCORE: 9.527

-------------------

/ˈɑld̥/ - /ˈɑwd̥/
ˈɑ-ˈɑ / l-w / d̥-d̥
{0: [0], 1: [1], 2: [2]}
{0: [0], 1: [1], 2: [2]}
SCORE: 17.599

-------------------

/ˈɑnɐ/ - /ˈɑndɛr/
ˈɑ-ˈɑ / n-n_d / ɐ-ɛ_r
{0: [0], 1: [1], 2: [2]}
{0: [0], 1: [1, 2], 2: [3, 4]}
SCORE: 14.752

-------------------

/ˈɑxd̥/ - /ˈɑxt/
ˈɑ-ˈɑ / x-x / d̥-t
{0: [0], 1: [1], 2: [2]}
{0: [0], 1: [1], 2: [2]}
SCORE: 20.148

-------------------

/ˈɑːɡ̊/ - /ˈɑi̯ɡ̊/
ˈɑː-ˈɑi̯ / ɡ̊-ɡ̊
{0: [0], 1: [1]}
{0: [0], 1: [1]}
SCORE: 12.828

-------------------

/ˈɑːɪ̯/ - /ˈai̯/
ˈɑːɪ̯-ˈai̯
{0: [0]}
{0: [0]}
SCORE: 7.324

-------------------

/ˈɛlf/ - /ˈalf/
ˈɛ-ˈa / l-l / f-f
{0: [0], 1: [1], 2: [2]}
{0: [0], 1: [1], 2: [2]}
SCORE: 17.553

-------------------

/ˈɛsə/ - /ˈɑsa/
ˈɛ-ˈɑ / s-s / ə-a
{0: [0], 1: [1], 2: [2]}
{0: [0], 1: [1], 2: [2]}
SCORE: 18.868

-------------------

/ˈɛɐd̥/ - /ˈɑd̥/
ˈɛ_ɐ-ˈɑ / d̥-d̥
{0: [0, 1], 1: [2]}
{0: [0], 1: [1]}
SCORE: 9.154

-------------------

/ˈɛʃ/ - /ˈɔʃ/
∅-ˈɔ / ˈɛ-∅ / ʃ-ʃ
{0: None, 1: [0], 2: [1]}
{0: [0], 1: None, 2: [1]}
SCORE: -0.076

-------------------

/ˈɛːn/ - /ˈan/
ˈɛː-ˈa / n-n
{0: [0], 1: [1]}
{0: [0], 1: [1]}
SCORE: 15.544

-------------------

/ˈɛːʃ/ - /ˈax/
ˈɛː-ˈa / ʃ-x
{0: [0], 1: [1]}
{0: [0], 1: [1]}
SCORE: 13.655

-------------------

/ˈɪʃ/ - /ˈɘ̟x/
ˈɪ-ˈɘ̟ / ʃ-x
{0: [0], 1: [1]}
{0: [0], 1: [1]}
SCORE: 12.894

-------------------

/ˈɪβɐ/ - /ˈei̯vɛr/
ˈɪ-ˈei̯ / β-v / ɐ-ɛ_r
{0: [0], 1: [1], 2: [2]}
{0: [0], 1: [1], 2: [2, 3]}
SCORE: 16.397

-------------------

/βˈaɪ̯s/ - /wˈai̯s/
∅-w / β-∅ / ˈaɪ̯-ˈai̯ / s-s
{0: None, 1: [0], 2: [1], 3: [2]}
{0: [0], 1: None, 2: [1], 3: [2]}
SCORE: 5.791

-------------------

/βˈeːʃ/ - /vˈax/
β-v / ˈeː_ʃ-ˈa_x
{0: [0], 1: [1, 2]}
{0: [0], 1: [1, 2]}
SCORE: 18.95

-------------------

/βˈunɐ/ - /vˈundɛr/
β-v / ˈu-ˈu / n-n_d / ɐ-ɛ_r
{0: [0], 1: [1], 2: [2], 3: [3]}
{0: [0], 1: [1], 2: [2, 3], 3: [4, 5]}
SCORE: 20.856

-------------------

/βˈɑs/ - /vˈɑs/
β-v / ˈɑ-ˈɑ / s-s
{0: [0], 1: [1], 2: [2]}
{0: [0], 1: [1], 2: [2]}
SCORE: 19.557

-------------------

/βˈɑsɐ/ - /vˈɔsɛr/
β-v / ˈɑ-ˈɔ / s-s / ɐ-ɛ_r
{0: [0], 1: [1], 2: [2], 3: [3]}
{0: [0], 1: [1], 2: [2], 3: [3, 4]}
SCORE: 21.661

-------------------

/βˈɑːɐm/ - /vˈi̯øm/
β-v / ˈɑː-ˈi̯ø / ɐ-∅ / m-m
{0: [0], 1: [1], 2: [2], 3: [3]}
{0: [0], 1: [1], 2: None, 3: [2]}
SCORE: 14.092

-------------------

/βˈɑ̃ɪ̯/ - /vˈai̯n/
β-v / ∅-ˈai̯ / ˈɑ̃ɪ̯-∅ / #>-n_#>
{0: [0], 1: None, 2: [1], 3: None}
{0: [0], 1: [1], 2: None, 3: [2]}
SCORE: -0.7

-------------------

/βˈɔlf/ - /vˈuf/
β-v / ˈɔ-ˈu / l-∅ / f-f
{0: [0], 1: [1], 2: [2], 3: [3]}
{0: [0], 1: [1], 2: None, 3: [2]}
SCORE: 15.495

-------------------

/βˈɔx/ - /vˈɔx/
β-v / ˈɔ-ˈɔ / x-x
{0: [0], 1: [1], 2: [2]}
{0: [0], 1: [1], 2: [2]}
SCORE: 19.536

-------------------

/βˈɔɐm/ - /vˈʏm/
β-v / ˈɔ-∅ / ɐ-ˈʏ / m-m
{0: [0], 1: [1], 2: [2], 3: [3]}
{0: [0], 1: None, 2: [1], 3: [2]}
SCORE: 11.86

-------------------

/βˈɛːʃ/ - /vˈaɡ̊/
β-v / ˈɛː-ˈa / ʃ-ɡ̊
{0: [0], 1: [1], 2: [2]}
{0: [0], 1: [1], 2: [2]}
SCORE: 18.072

-------------------

/βˈɪld̥/ - /vˈɘ̟wd̥/
β-v / ˈɪ-ˈɘ̟ / l-w / d̥-d̥
{0: [0], 1: [1], 2: [2], 3: [3]}
{0: [0], 1: [1], 2: [2], 3: [3]}
SCORE: 23.342

-------------------

/βˈɪnd̥/ - /vˈɘ̟nd̥/
β-v / ˈɪ-ˈɘ̟ / n-n / d̥-d̥
{0: [0], 1: [1], 2: [2], 3: [3]}
{0: [0], 1: [1], 2: [2], 3: [3]}
SCORE: 24.222

-------------------

/βˈɪnd̥ɐ/ - /vˈɘ̟ntɛr/
β-v / ˈɪ-ˈɘ̟ / n-n / d̥-t / ɐ-ɛ_r
{0: [0], 1: [1], 2: [2], 3: [3], 4: [4]}
{0: [0], 1: [1], 2: [2], 3: [3], 4: [4, 5]}
SCORE: 26.749

-------------------

/βˈɪnʃə/ - /vˈɘ̟nʧa/
β-v / ˈɪ-ˈɘ̟ / n-n / ʃ-ʧ / ə-a
{0: [0], 1: [1], 2: [2], 3: [3], 4: [4]}
{0: [0], 1: [1], 2: [2], 3: [3], 4: [4]}
SCORE: 29.597

-------------------

/βˈɪsə/ - /vˈɘ̟sa/
β-v / ˈɪ-ˈɘ̟ / s-s / ə-a
{0: [0], 1: [1], 2: [2], 3: [3]}
{0: [0], 1: [1], 2: [2], 3: [3]}
SCORE: 25.291
