/anˈeɖːu/ - /anˈɛɖːʊ/
[1/1] <#_a-<#_a / n-n / ˈe_ɖː-ˈɛ_ɖː / u_#>-ʊ_#>

-------------------

/arˈanʤa/ - /rˈaɲːʊ/
[1/1] a_r-r / ˈa-ˈa / n_ʤ-ɲː_ʊ / a-∅

-------------------

/arˈiu/ - /çˈumɪ/
[1/1] <#-ç / a-ˈu / r-m / ˈi-ɪ / u_#>-#>

-------------------

/arˈiu/ - /ʐˈiʊ/
[1/1] a-<# / r-ʐ / ˈi-ˈi / u_#>-ʊ_#>

-------------------

/askurtˈari/ - /askutˈaɾɪ/
[1/1] <#_a-<#_a / s_k-s_k / u-u / r-∅ / t-t / ˈa_r-ˈa_ɾ / i_#>-ɪ_#>

-------------------

/atˈoɲu/ - /awtˈunːʊ/
[1/1] <#_a-<#_a / ∅-w / t-t / ˈo-ˈu / ɲ-nː / u_#>-ʊ_#>

-------------------

/aɡwˈali/ - /uɡwˈalɪ/
[1/1] a-u / ɡ-ɡ / w_ˈa-w_ˈa / l-l / i_#>-ɪ_#>

-------------------

/aʤuðˈare/ - /ajutˈaɾɪ/
[1/1] <#_a-<#_a / ʤ-j / u-u / ð-t / ˈa_r-ˈa_ɾ / e_#>-ɪ_#>

-------------------

/belˈari/ - /jilˈarɪ/
[1/1] <#_b-<#_j / e-i / l_ˈa-l_ˈa / r-r / i_#>-ɪ_#>

-------------------

/benˈuju/ - /dinˈɔcːʊ/
[1/1] b-d / e-i / n-n / ˈu-ˈɔ / j-cː / u_#>-ʊ_#>

-------------------

/benˈuju/ - /jɪnˈɔcːʊ/
[1/1] <#_b-<#_j / e-ɪ / n-n / ˈu-ˈɔ / j-cː / u_#>-ʊ_#>

-------------------

/benˈuju/ - /ʤinˈɔcːʊ/
[1/1] b-ʤ / e-i / n-n / ˈu-ˈɔ / j-cː / u_#>-ʊ_#>

-------------------

/bitˈeɖːu/ - /vitˈɛɖːʊ/
[1/1] <#_b-<#_v / i_t-i_t / ˈe_ɖː-ˈɛ_ɖː / u_#>-ʊ_#>

-------------------

/biʒˈinu/ - /viɕˈinʊ/
[1/1] <#_b-<#_v / i-i / ʒ-ɕ / ˈi_n-ˈi_n / u_#>-ʊ_#>

-------------------

/bolˈai/ - /vulˈarɪ/
[1/1] <#_b-<#_v / o-u / l_ˈa-l_ˈa / ∅-r / i_#>-ɪ_#>

-------------------

/bozˈatruzŭ/ - /vˈuj/
[1/1] <#_b-<#_v / o-∅ / z-∅ / ˈa-∅ / t-∅ / r-∅ / u-∅ / z-ˈu / ŭ-j

-------------------

/boʧˈiere/ - /aʧːˈidɪɾɪ/
[1/1] <#-<#_a / b-∅ / o-∅ / ʧ-ʧː / ˈi-ˈi / ∅-d / e_r-ɪ_ɾ / e_#>-ɪ_#>

-------------------

/breɣˈunʤa/ - /viɾiɡˈɔɲːa/
[1/1] <#_b-<#_v / r-i_ɾ / e-i / ɣ-ɡ / ˈu-ˈɔ / n_ʤ-ɲː / a_#>-a_#>

-------------------

/bˈabu/ - /pˈaʈɽɪ/
[1/1] b-p / ˈa-ˈa / ∅-ʈ / ∅-ɽ / b-ɪ / u_#>-#>

-------------------

/bˈaka/ - /vˈakːa/
[1/1] <#_b-<#_v / ˈa-ˈa / k-kː / a_#>-a_#>

-------------------

/bˈaɲu/ - /bˈaɲʊ/
[1/1] <#_b-<#_b / ˈa-ˈa / ɲ-ɲ / u_#>-ʊ_#>

-------------------

/bˈaʃːu/ - /bˈaʃːʊ/
[1/1] <#_b-<#_b / ˈa_ʃː-ˈa_ʃː / u_#>-ʊ_#>

-------------------

/bˈeju/ - /vˈɛcːʊ/
[1/1] <#_b-<#_v / ˈe-ˈɛ / j-cː / u_#>-ʊ_#>

-------------------

/bˈelu/ - /jˈelʊ/
[1/1] <#_b-<#_j / ˈe-ˈe / l-l / u_#>-ʊ_#>

-------------------

/bˈelu/ - /ɟˈaʧːʊ/
[1/1] b-ɟ / ˈe-ˈa / l-ʧː / u_#>-ʊ_#>

-------------------

/bˈeneru/ - /jˈɛnːɪɾʊ/
[1/1] <#_b-<#_j / ˈe-ˈɛ / n-nː / e_r-ɪ_ɾ / u_#>-ʊ_#>

-------------------

/bˈeni/ - /bˈɛnɪ/
[1/1] <#_b-<#_b / ˈe-ˈɛ / n-n / i_#>-ɪ_#>

-------------------

/bˈentri/ - /pˈanʦa/
[1/1] b-p / ˈe-ˈa / n-n / t-∅ / r-ʦ / i-a

-------------------

/bˈentu/ - /vˈɛntʊ/
[1/1] <#_b-<#_v / ˈe-ˈɛ / n_t-n_t / u_#>-ʊ_#>

-------------------

/bˈenːiri/ - /vˈɛnɪɾɪ/
[1/1] <#_b-<#_v / ˈe-ˈɛ / nː-n / i-ɪ / r-ɾ / i_#>-ɪ_#>

-------------------

/bˈermi/ - /vˈɛmːʊ/
[1/1] <#_b-<#_v / ˈe-ˈɛ / r-∅ / m-mː / i-ʊ

-------------------

/bˈinti/ - /vˈintɪ/
[1/1] <#_b-<#_v / ˈi-ˈi / n_t-n_t / i_#>-ɪ_#>

-------------------

/bˈinu/ - /vˈinʊ/
[1/1] <#_b-<#_v / ˈi_n-ˈi_n / u_#>-ʊ_#>

-------------------

/bˈirdi/ - /vˈiɾdɪ/
[1/1] <#_b-<#_v / ˈi-ˈi / r-ɾ / d-d / i_#>-ɪ_#>

-------------------

/bˈiða/ - /vˈita/
[1/1] <#_b-<#_v / ˈi-ˈi / ð-t / a_#>-a_#>

-------------------

/bˈiðerĕ/ - /vˈiɾiɾɪ/
[1/1] <#_b-<#_v / ˈi-ˈi / ð-ɾ / e-i / r-ɾ / ĕ-ɪ

-------------------

/bˈiɖːa/ - /vˈiɖːa/
[1/1] <#_b-<#_v / ˈi-ˈi / ɖː-ɖː / a_#>-a_#>

-------------------

/bˈoj/ - /vˈɔɪ/
[1/1] <#_b-<#_v / ˈo-ˈɔ / j_#>-ɪ

-------------------

/bˈona/ - /bˈɔna/
[1/1] <#_b-<#_b / ˈo-ˈɔ / n-n / a_#>-a_#>

-------------------

/bˈonază/ - /bˈɔnɪ/
[1/1] <#_b-<#_b / ˈo-ˈɔ / n-n / a_z-ɪ / ă-∅

-------------------

/bˈonozŏ/ - /bˈɔnɪ/
[1/1] <#_b-<#_b / ˈo-ˈɔ / n-n / o-∅ / z-∅ / ŏ-ɪ

-------------------

/bˈonu/ - /bˈɔnʊ/
[1/1] <#_b-<#_b / ˈo-ˈɔ / n-n / u_#>-ʊ_#>

-------------------

/bˈoʒi/ - /vˈuɕɪ/
[1/1] <#_b-<#_v / ˈo-ˈu / ʒ_i-ɕ_ɪ

-------------------

/bˈuka/ - /bˈukːa/
[1/1] <#_b-<#_b / ˈu-ˈu / k-kː / a_#>-a_#>

-------------------

/bˈula/ - /ɡˈula/
[1/1] <#_b-<#_ɡ / ˈu_l-ˈu_l / a_#>-a_#>

-------------------

/bˈutju/ - /ɡˈuʧːa/
[1/1] <#_b-<#_ɡ / ˈu-ˈu / t-ʧː / j-a / u_#>-#>

-------------------

/dˈai/ - /dˈarɪ/
[1/1] <#_d-<#_d / ˈa-ˈa_r / i_#>-ɪ_#>

-------------------

/dˈenti/ - /dˈɛntɪ/
[1/1] <#_d-<#_d / ˈe-ˈɛ / n_t-n_t / i_#>-ɪ_#>

-------------------

/dˈeu/ - /ˈiʊ/
[1/1] d-<# / ˈe-ˈi / u_#>-ʊ_#>

-------------------

/dˈeʒi/ - /dˈɛɕɪ/
[1/1] <#_d-<#_d / ˈe-ˈɛ / ʒ_i-ɕ_ɪ

-------------------

/dˈi/ - /jˈɔɾnʊ/
[1/1] <#-<#_j / ∅-ˈɔ / ∅-ɾ / d-n / ˈi-ʊ

-------------------

/dˈiðu/ - /jˈitʊ/
[1/1] <#-<#_j / d-∅ / ˈi-ˈi / ð-t / u_#>-ʊ_#>

-------------------

/dˈiðu/ - /jˈiɾitʊ/
[1/1] <#-<#_j / d-∅ / ˈi-ˈi / ∅-ɾ / ∅-i / ð-t / u_#>-ʊ_#>

-------------------

/dˈoiʒi/ - /dˈuɾɪɕɪ/
[1/1] <#_d-<#_d / ˈo-ˈu / ∅-ɾ / i-ɪ / ʒ_i-ɕ_ɪ

-------------------

/dˈona/ - /dˈɔnːa/
[1/1] <#_d-<#_d / ˈo-ˈɔ / n-nː / a_#>-a_#>

-------------------

/dˈuază/ - /dˈuɪ/
[1/1] <#_d-<#_d / ˈu-ˈu / a_z-ɪ / ă-∅

-------------------

/farsu/ - /fˈarsʊ/
[1/1] <#_f-<#_f / a-ˈa / r-r / s_u-s_ʊ

-------------------

/farsu/ - /fˈawsʊ/
[1/1] <#_f-<#_f / a-ˈa / r-w / s_u-s_ʊ

-------------------

/farˈina/ - /faɾˈina/
[1/1] <#_f-<#_f / a-a / r-ɾ / ˈi_n-ˈi_n / a_#>-a_#>

-------------------

/frˈamːa/ - /çˈamːa/
[1/1] <#_f_r-<#_ç / ˈa-ˈa / mː-mː / a_#>-a_#>

-------------------

/frˈiðu/ - /fɾˈidːʊ/
[1/1] <#_f-<#_f / r_ˈi-ɾ_ˈi / ð-dː / u_#>-ʊ_#>

-------------------

/frˈori/ - /çˈuɾɪ/
[1/1] <#_f_r-<#_ç / ˈo-ˈu / r-ɾ / i_#>-ɪ_#>

-------------------

/frˈumini/ - /çˈumɪ/
[1/1] <#_f_r-<#_ç / ˈu-ˈu / m_i_n-m / i_#>-ɪ_#>

-------------------

/frˈumini/ - /ʐˈiʊ/
[1/1] f-∅ / r-∅ / ˈu-∅ / m-<# / i-ʐ / n-ˈi / i-ʊ

-------------------

/frˈutu/ - /frˈutːʊ/
[1/1] <#_f-<#_f / r-r / ˈu-ˈu / t_u-tː_ʊ

-------------------

/fˈaere/ - /fˈaɾɪ/
[1/1] <#_f-<#_f / ˈa-ˈa / e-∅ / r-ɾ / e_#>-ɪ_#>

-------------------

/fˈalsu/ - /fˈarsʊ/
[1/1] <#_f-<#_f / ˈa-ˈa / l-r / s_u-s_ʊ

-------------------

/fˈalsu/ - /fˈawsʊ/
[1/1] <#_f-<#_f / ˈa_l-ˈa_w / s_u-s_ʊ

-------------------

/fˈamini/ - /fˈamɪ/
[1/1] <#_f-<#_f / ˈa-ˈa / m_i_n-m / i_#>-ɪ_#>

-------------------

/fˈaða/ - /fˈata/
[1/1] <#_f-<#_f / ˈa_ð-ˈa_t / a_#>-a_#>

-------------------

/fˈemina/ - /fˈimːɪna/
[1/1] <#_f-<#_f / ˈe-ˈi / m-mː / i-ɪ / n-n / a_#>-a_#>

-------------------

/fˈerːu/ - /fˈɛʐːʊ/
[1/1] <#_f-<#_f / ˈe_rː-ˈɛ_ʐː / u_#>-ʊ_#>

-------------------

/fˈesta/ - /fˈɛsta/
[1/1] <#_f-<#_f / ˈe-ˈɛ / s-s / t-t / a_#>-a_#>

-------------------

/fˈilu/ - /fˈilʊ/
[1/1] <#_f-<#_f / ˈi_l-ˈi_l / u_#>-ʊ_#>

-------------------

/fˈilːa/ - /fˈiɟːa/
[1/1] <#_f-<#_f / ˈi_lː-ˈi_ɟː / a_#>-a_#>

-------------------

/fˈilːu/ - /fˈiɟːʊ/
[1/1] <#_f-<#_f / ˈi_lː-ˈi_ɟː / u_#>-ʊ_#>

-------------------

/fˈini/ - /fˈinɪ/
[1/1] <#_f-<#_f / ˈi_n-ˈi_n / i_#>-ɪ_#>

-------------------

/fˈiɣaðu/ - /fˈikatʊ/
[1/1] <#_f-<#_f / ˈi_ɣ-ˈi_k / a_ð-a_t / u_#>-ʊ_#>

-------------------

/fˈolːa/ - /fˈɔɟːa/
[1/1] <#_f-<#_f / ˈo-ˈɔ / lː-ɟː / a_#>-a_#>

-------------------

/fˈorti/ - /fˈɔrtɪ/
[1/1] <#_f-<#_f / ˈo-ˈɔ / r-r / t-t / i_#>-ɪ_#>

-------------------

/fˈorʦa/ - /fˈɔɾʦa/
[1/1] <#_f-<#_f / ˈo_r-ˈɔ_ɾ / ʦ-ʦ / a_#>-a_#>

-------------------

/fˈoɣu/ - /fˈɔkʊ/
[1/1] <#_f-<#_f / ˈo_ɣ-ˈɔ_k / u_#>-ʊ_#>

-------------------

/fˈumu/ - /fˈumʊ/
[1/1] <#_f-<#_f / ˈu-ˈu / m-m / u_#>-ʊ_#>

-------------------

/imbˈiliɣu/ - /viɖːˈikʊ/
[1/1] <#_i-<# / m-∅ / b-v / ˈi-i / l-ɖː / i-ˈi / ɣ-k / u_#>-ʊ_#>

-------------------

/iskrˈivere/ - /skɾˈiviɾɪ/
[1/1] <#_i-<# / s_k-s_k / r_ˈi-ɾ_ˈi / v-v / e-i / r-ɾ / e_#>-ɪ_#>

-------------------

/iskˈiri/ - /sˈapɪɾɪ/
[1/1] <#_i-<#_s / s-∅ / k-ˈa / ∅-p / ˈi-ɪ / r-ɾ / i_#>-ɪ_#>

-------------------

/iskˈis/ - /sˈaj/
[1/1] <#_i-<#_s / s-∅ / k-ˈa / ˈi-∅ / s_#>-j_#>

-------------------

/ispˈaða/ - /ʃpˈata/
[1/1] <#_i_s-<#_ʃ / p-p / ˈa_ð-ˈa_t / a_#>-a_#>

-------------------

/ispˈaɲa/ - /ʃpˈaɲːa/
[1/1] <#_i_s-<#_ʃ / p-p / ˈa-ˈa / ɲ-ɲː / a_#>-a_#>

-------------------

/ispˈiɣa/ - /ʃpˈika/
[1/1] <#_i_s-<#_ʃ / p-p / ˈi_ɣ-ˈi_k / a_#>-a_#>

-------------------

/istˈaði/ - /astˈatɪ/
[1/1] <#-<#_a / i-∅ / s-s / t-t / ˈa_ð-ˈa_t / i_#>-ɪ_#>

-------------------

/istˈaðu/ - /ʃtˈatʊ/
[1/1] <#_i_s-<#_ʃ / t-t / ˈa_ð-ˈa_t / u_#>-ʊ_#>

-------------------

/istˈeɖːu/ - /ʃtˈiɖːa/
[1/1] <#_i_s-<#_ʃ / t-t / ˈe-ˈi / ɖː-ɖː_a / u_#>-#>

-------------------

/jˈerːu/ - /mːˈɛɾnʊ/
[1/1] j-mː / ˈe-ˈɛ_ɾ / rː-n / u_#>-ʊ_#>

-------------------

/jˈerːu/ - /nvˈɛɾnʊ/
[1/1] <#-n / j-v / ˈe-ˈɛ_ɾ / rː-n / u_#>-ʊ_#>

-------------------

/jˈoɣu/ - /jˈɔkʊ/
[1/1] <#-<#_j / j-∅ / ˈo_ɣ-ˈɔ_k / u_#>-ʊ_#>

-------------------

/kambjˈari/ - /kanʤˈaɾɪ/
[1/1] <#_k-<#_k / a-a / m-∅ / b-n / j-ʤ / ˈa_r-ˈa_ɾ / i_#>-ɪ_#>

-------------------

/kantˈai/ - /kantˈarɪ/
[1/1] <#_k-<#_k / a-a / n_t-n_t / ˈa-ˈa_r / i_#>-ɪ_#>

-------------------

/kastˈeɖːu/ - /kastˈɛɖːʊ/
[1/1] <#_k-<#_k / a-a / s-s / t-t / ˈe_ɖː-ˈɛ_ɖː / u_#>-ʊ_#>

-------------------

/kaðˈena/ - /katˈina/
[1/1] <#_k-<#_k / a_ð-a_t / ˈe-ˈi / n-n / a_#>-a_#>

-------------------

/krˈaβa/ - /kɾˈapa/
[1/1] <#_k-<#_k / r_ˈa-ɾ_ˈa / β-p / a_#>-a_#>

-------------------

/krˈeiri/ - /kɾˈiɾɪɾɪ/
[1/1] <#_k-<#_k / r-ɾ / ˈe-ˈi / ∅-ɾ / i-ɪ / r-ɾ / i_#>-ɪ_#>

-------------------

/krˈuʒi/ - /kɾˈuɕɪ/
[1/1] <#_k-<#_k / r-ɾ / ˈu-ˈu / ʒ_i-ɕ_ɪ

-------------------

/kwˈatru/ - /kwˈaʈːɽʊ/
[1/1] <#_k-<#_k / w_ˈa-w_ˈa / ∅-ʈː / t_r-ɽ / u_#>-ʊ_#>

-------------------

/kˈaldu/ - /kˈavʊɾʊ/
[1/1] <#_k-<#_k / ˈa-ˈa / ∅-v / l-ʊ / d-ɾ / u_#>-ʊ_#>

-------------------

/kˈaldu/ - /kˈawdʊ/
[1/1] <#_k-<#_k / ˈa_l-ˈa_w / d-d / u_#>-ʊ_#>

-------------------

/kˈani/ - /kˈanɪ/
[1/1] <#_k-<#_k / ˈa_n-ˈa_n / i_#>-ɪ_#>

-------------------

/kˈaru/ - /kˈaɾʊ/
[1/1] <#_k-<#_k / ˈa_r-ˈa_ɾ / u_#>-ʊ_#>

-------------------

/kˈarːi/ - /kˈaɾnɪ/
[1/1] <#_k-<#_k / ˈa-ˈa_ɾ / rː-n / i_#>-ɪ_#>

-------------------

/kˈaɖːu/ - /kavˈaɖːʊ/
[1/1] <#_k-<#_k / ∅-a / ˈa-v_ˈa / ɖː_u-ɖː_ʊ

-------------------

/kˈini/ - /kˈuɪ/
[1/1] <#_k-<#_k / ˈi-∅ / n-ˈu / i_#>-ɪ_#>

-------------------

/kˈinisa/ - /ɕˈinːɪɾɪ/
[1/1] k-ɕ / ˈi-ˈi / n-nː / i-ɪ / s-ɾ / a-ɪ

-------------------

/kˈisina/ - /ɕˈinːɪɾɪ/
[1/1] k-ɕ / ˈi-ˈi / s-nː / i-ɪ / n-ɾ / a-ɪ

-------------------

/kˈoa/ - /kˈuɾa/
[1/1] <#_k-<#_k / ˈo-ˈu / ∅-ɾ / a_#>-a_#>

-------------------

/kˈolpu/ - /kˈoɾpʊ/
[1/1] <#_k-<#_k / ˈo-ˈo / l-ɾ / p-p / u_#>-ʊ_#>

-------------------

/kˈorpuzŭ/ - /kˈɔɾpʊ/
[1/1] <#_k-<#_k / ˈo_r-ˈɔ_ɾ / p-p / u-ʊ_#> / z-∅ / ŭ-∅

-------------------

/kˈoru/ - /kˈɔɾɪ/
[1/1] <#_k-<#_k / ˈo_r-ˈɔ_ɾ / ∅-ɪ / u_#>-#>

-------------------

/kˈoŋka/ - /kˈapʊ/
[1/1] <#_k-<#_k / ˈo-∅ / ŋ-∅ / k-ˈa / ∅-p / a-ʊ

-------------------

/kˈoɖːu/ - /kˈɔɖːʊ/
[1/1] <#_k-<#_k / ˈo-ˈɔ / ɖː_u-ɖː_ʊ

-------------------

/kˈulu/ - /kˈulʊ/
[1/1] <#_k-<#_k / ˈu_l-ˈu_l / u_#>-ʊ_#>

-------------------

/leˈaj/ - /livˈarɪ/
[1/1] <#_l-<#_l / e-i / ˈa-v_ˈa / j_#>-r_ɪ

-------------------

/leˈoni/ - /liˈunɪ/
[1/1] <#_l-<#_l / e-i / ˈo-ˈu / n-n / i_#>-ɪ_#>

-------------------

/lˈakrima/ - /lˈakɾɪma/
[1/1] <#_l-<#_l / ˈa-ˈa / k-k / r-ɾ / i-ɪ / m-m / a_#>-a_#>

-------------------

/lˈana/ - /lˈana/
[1/1] <#_l-<#_l / ˈa_n-ˈa_n / a_#>-a_#>

-------------------

/lˈati/ - /lˈatːɪ/
[1/1] <#_l-<#_l / ˈa_t-ˈa_tː / i_#>-ɪ_#>

-------------------

/lˈaɣu/ - /lˈakʊ/
[1/1] <#_l-<#_l / ˈa-ˈa / ɣ-k / u_#>-ʊ_#>

-------------------

/lˈepori/ - /lˈɛpɾʊ/
[1/1] <#_l-<#_l / ˈe-ˈɛ / p-p / o-∅ / r_i-ɾ_ʊ

-------------------

/lˈezere/ - /lˈɛjɪrɪ/
[1/1] <#_l-<#_l / ˈe-ˈɛ / z-j / e-ɪ / r-r / e_#>-ɪ_#>

-------------------

/lˈeʤe/ - /lˈiʤːɪ/
[1/1] <#_l-<#_l / ˈe-ˈi / ʤ-ʤː / e_#>-ɪ_#>

-------------------

/lˈibːeru/ - /lˈibːɪɾʊ/
[1/1] <#_l-<#_l / ˈi-ˈi / bː-bː / e_r-ɪ_ɾ / u_#>-ʊ_#>

-------------------

/lˈinːa/ - /lˈiɲːa/
[1/1] <#_l-<#_l / ˈi-ˈi / nː-ɲː / a_#>-a_#>

-------------------

/lˈinːa/ - /lˈiɲːʊ/
[1/1] <#_l-<#_l / ˈi-ˈi / nː-ɲː / a-ʊ

-------------------

/lˈitera/ - /lˈitːɪɾa/
[1/1] <#_l-<#_l / ˈi-ˈi / t_e-tː_ɪ / r-ɾ / a_#>-a_#>

-------------------

/lˈiveru/ - /lˈibːɪɾʊ/
[1/1] <#_l-<#_l / ˈi-ˈi / v-bː / e_r-ɪ_ɾ / u_#>-ʊ_#>

-------------------

/lˈiŋɡwa/ - /lˈiŋɡwa/
[1/1] <#_l-<#_l / ˈi-ˈi / ŋ-ŋ / ɡ-ɡ / w-w / a_#>-a_#>

-------------------

/lˈoŋɡu/ - /lˈoŋɡʊ/
[1/1] <#_l-<#_l / ˈo-ˈo / ŋ-ŋ / ɡ-ɡ / u_#>-ʊ_#>

-------------------

/lˈoɣu/ - /lˈɔkʊ/
[1/1] <#_l-<#_l / ˈo_ɣ-ˈɔ_k / u_#>-ʊ_#>

-------------------

/lˈuna/ - /lˈuna/
[1/1] <#_l-<#_l / ˈu-ˈu / n-n / a_#>-a_#>

-------------------

/lˈuɣe/ - /lˈumɪ/
[1/1] <#_l-<#_l / ˈu-ˈu / ɣ-m / e_#>-ɪ_#>

-------------------

/lˈuɣe/ - /lˈuɕɪ/
[1/1] <#_l-<#_l / ˈu-ˈu / ɣ-ɕ / e_#>-ɪ_#>

-------------------

/lˈuβu/ - /lˈupʊ/
[1/1] <#_l-<#_l / ˈu-ˈu / β-p / u_#>-ʊ_#>

-------------------

/mulːˈeri/ - /muɟːˈɛrɪ/
[1/1] <#_m-<#_m / u-u / lː-ɟː / ˈe-ˈɛ / r-r / i_#>-ɪ_#>

-------------------

/mˈanu/ - /mˈanʊ/
[1/1] <#_m-<#_m / ˈa_n-ˈa_n / u_#>-ʊ_#>

-------------------

/mˈari/ - /mˈaɾɪ/
[1/1] <#_m-<#_m / ˈa_r-ˈa_ɾ / i_#>-ɪ_#>

-------------------

/mˈe/ - /mˈi/
[1/1] <#_m-<#_m / ˈe-ˈi_#>

-------------------

/mˈeli/ - /mˈɛlɪ/
[1/1] <#_m-<#_m / ˈe_l-ˈɛ_l / i_#>-ɪ_#>

-------------------

/mˈelːuzŭ/ - /mˈɛɟːʊ/
[1/1] <#_m-<#_m / ˈe-ˈɛ / lː-ɟː / u-ʊ_#> / z-∅ / ŭ-∅

-------------------

/mˈezu/ - /mˈɛʦːʊ/
[1/1] <#_m-<#_m / ˈe-ˈɛ / z-ʦː / u_#>-ʊ_#>

-------------------

/mˈilːi/ - /mˈilːɪ/
[1/1] <#_m-<#_m / ˈi-ˈi / lː-lː / i_#>-ɪ_#>

-------------------

/mˈoriri/ - /mˈɔrɪrɪ/
[1/1] <#_m-<#_m / ˈo-ˈɔ / r-r / i-ɪ / r-r / i_#>-ɪ_#>

-------------------

/mˈorti/ - /mˈɔɾtɪ/
[1/1] <#_m-<#_m / ˈo_r-ˈɔ_ɾ / t-t / i_#>-ɪ_#>

-------------------

/mˈosere/ - /muʦːikˈaɾɪ/
[1/1] <#_m-<#_m / ˈo-u / s-ʦː / e-i / ∅-k / ∅-ˈa / r-ɾ / e_#>-ɪ_#>

-------------------

/mˈuska/ - /mˈuska/
[1/1] <#_m-<#_m / ˈu-ˈu / s_k-s_k / a_#>-a_#>

-------------------

/naðˈaj/ - /natˈarɪ/
[1/1] <#_n-<#_n / a_ð-a_t / ˈa-ˈa / j_#>-r_ɪ

-------------------

/neʃːˈuni/ - /niʃːˈunʊ/
[1/1] <#_n-<#_n / e-i / ʃː-ʃː / ˈu-ˈu / n-n / i-ʊ

-------------------

/niˈai/ - /nivikˈarɪ/
[1/1] <#_n-<#_n / ∅-i / ∅-v / i-i / ∅-k / ˈa-ˈa_r / i_#>-ɪ_#>

-------------------

/nˈazu/ - /nˈazʊ/
[1/1] <#_n-<#_n / ˈa-ˈa / z_u-z_ʊ

-------------------

/nˈaʃːiri/ - /nˈaʃːɪɾɪ/
[1/1] <#_n-<#_n / ˈa_ʃː-ˈa_ʃː / i-ɪ / r-ɾ / i_#>-ɪ_#>

-------------------

/nˈeβiða/ - /nˈeɟːa/
[1/1] <#_n-<#_n / ˈe-ˈe / β-∅ / i-∅ / ð-ɟː / a_#>-a_#>

-------------------

/nˈi/ - /nˈivɪ/
[1/1] <#_n-<#_n / ˈi-ˈi / ∅-v / ∅-ɪ

-------------------

/nˈia/ - /nˈivɪ/
[1/1] <#_n-<#_n / ˈi-ˈi / ∅-v / a-ɪ

-------------------

/nˈiɡru/ - /nˈiwɾʊ/
[1/1] <#_n-<#_n / ˈi-ˈi / ɡ-w / r-ɾ / u_#>-ʊ_#>

-------------------

/nˈoj/ - /nˈɔvɪ/
[1/1] <#_n-<#_n / ˈo-ˈɔ / ∅-v / j_#>-ɪ

-------------------

/nˈomene/ - /nˈomɪ/
[1/1] <#_n-<#_n / ˈo-ˈo / m-m / e-∅ / n-∅ / e_#>-ɪ_#>

-------------------

/nˈos/ - /nˈuj/
[1/1] <#_n-<#_n / ˈo-ˈu / s_#>-j_#>

-------------------

/nˈostru/ - /nˈɔʃːɽʊ/
[1/1] <#_n-<#_n / ˈo-ˈɔ / s-ʃː / t_r-ɽ / u_#>-ʊ_#>

-------------------

/nˈoti/ - /nˈɔtːɪ/
[1/1] <#_n-<#_n / ˈo-ˈɔ / t-tː / i_#>-ɪ_#>

-------------------

/nˈoβu/ - /nˈɔvʊ/
[1/1] <#_n-<#_n / ˈo-ˈɔ / β-v / u_#>-ʊ_#>

-------------------

/nˈue/ - /nˈuvʊla/
[1/1] <#_n-<#_n / ˈu-ˈu / ∅-v / ∅-ʊ / ∅-l / e-a

-------------------

/nˈuʒi/ - /nˈuɕɪ/
[1/1] <#_n-<#_n / ˈu-ˈu / ʒ_i-ɕ_ɪ

-------------------

/nˈuβe/ - /nˈuvʊla/
[1/1] <#_n-<#_n / ˈu-ˈu / ∅-v / ∅-ʊ / β-l / e-a

-------------------

/orˈija/ - /awɾˈicːa/
[1/1] <#-<#_a / o-w / r_ˈi-ɾ_ˈi / j-cː / a_#>-a_#>

-------------------

/palˈaʦu/ - /palˈaʦːʊ/
[1/1] <#_p-<#_p / a-a / l_ˈa-l_ˈa / ʦ_u-ʦː_ʊ

-------------------

/parˈaɣula/ - /paɾˈawla/
[1/1] <#_p-<#_p / a-a / r_ˈa-ɾ_ˈa / ɣ-∅ / u-w / l_a-l_a

-------------------

/perˈawla/ - /paɾˈawla/
[1/1] <#_p-<#_p / e-a / r_ˈa-ɾ_ˈa / w-w / l_a-l_a

-------------------

/pilːˈoni/ - /aɕˈɛɖːʊ/
[1/1] <#-<#_a / p-∅ / i-∅ / lː-ɕ / ˈo-ˈɛ / n-ɖː / i-ʊ

-------------------

/priˈoɣu/ - /piɾˈɔcːʊ/
[1/1] <#_p-<#_p / r-i_ɾ / i-∅ / ˈo-ˈɔ / ɣ-cː / u_#>-ʊ_#>

-------------------

/prˈai/ - /cˈaɡa/
[1/1] <#_p_r-<#_c / ˈa-ˈa / ∅-ɡ / i-a

-------------------

/prˈanʤiri/ - /cˈanɕɪɾɪ/
[1/1] <#_p_r-<#_c / ˈa_n-ˈa_n / ʤ-ɕ / i-ɪ / r-ɾ / i_#>-ɪ_#>

-------------------

/prˈenu/ - /cˈinʊ/
[1/1] <#_p_r-<#_c / ˈe-ˈi / n-n / u_#>-ʊ_#>

-------------------

/prˈeða/ - /pˈɛʈɽa/
[1/1] <#_p-<#_p / r-∅ / ˈe-ˈɛ / ∅-ʈ / ð-ɽ / a_#>-a_#>

-------------------

/prˈoja/ - /cˈɔva/
[1/1] <#_p_r-<#_c / ˈo_j-ˈɔ_v / a_#>-a_#>

-------------------

/pˈani/ - /pˈanɪ/
[1/1] <#_p-<#_p / ˈa_n-ˈa_n / i_#>-ɪ_#>

-------------------

/pˈaɣu/ - /pˈɔkʊ/
[1/1] <#_p-<#_p / ˈa-ˈɔ / ɣ-k / u_#>-ʊ_#>

-------------------

/pˈaʒi/ - /pˈaɕɪ/
[1/1] <#_p-<#_p / ˈa-ˈa / ʒ_i-ɕ_ɪ

-------------------

/pˈei/ - /pˈɛɾɪ/
[1/1] <#_p-<#_p / ˈe-ˈɛ_ɾ / i_#>-ɪ_#>

-------------------

/pˈetuzŭ/ - /pˈɛtːʊ/
[1/1] <#_p-<#_p / ˈe-ˈɛ / t_u-tː_ʊ / z-∅ / ŭ-∅

-------------------

/pˈeɖːi/ - /pˈɛɖːɪ/
[1/1] <#_p-<#_p / ˈe_ɖː-ˈɛ_ɖː / i_#>-ɪ_#>

-------------------

/pˈilu/ - /kapˈiɖːʊ/
[1/1] ∅-k / <#-a / p-p / ˈi-ˈi / l-ɖː / u_#>-ʊ_#>

-------------------

/pˈilu/ - /pˈilʊ/
[1/1] <#_p-<#_p / ˈi_l-ˈi_l / u_#>-ʊ_#>

-------------------

/pˈinːa/ - /pˈinːa/
[2/2] <#_p-<#_p / ˈi-ˈi / nː-nː / a_#>-a_#>

-------------------

/pˈiʃːi/ - /pˈiʃːɪ/
[1/1] <#_p-<#_p / ˈi-ˈi / ʃː-ʃː / i_#>-ɪ_#>

-------------------

/pˈonti/ - /pˈontɪ/
[1/1] <#_p-<#_p / ˈo-ˈo / n_t-n_t / i_#>-ɪ_#>

-------------------

/pˈonːiri/ - /pˈunɪɾɪ/
[1/1] <#_p-<#_p / ˈo-ˈu / nː-n / i-ɪ / r-ɾ / i_#>-ɪ_#>

-------------------

/pˈorku/ - /pˈɔrkʊ/
[1/1] <#_p-<#_p / ˈo-ˈɔ / r-r / k-k / u_#>-ʊ_#>

-------------------

/pˈorːi/ - /putˈirɪ/
[1/1] <#_p-<#_p / ∅-u / ∅-t / ˈo-ˈi / rː-r / i_#>-ɪ_#>

-------------------

/pˈunʤu/ - /pˈuɲːʊ/
[1/1] <#_p-<#_p / ˈu-ˈu / n_ʤ-ɲː / u_#>-ʊ_#>

-------------------

/pˈuʦu/ - /pˈuʦːʊ/
[1/1] <#_p-<#_p / ˈu-ˈu / ʦ_u-ʦː_ʊ

-------------------

/reˈina/ - /ʐiʤːˈina/
[1/1] <#_r-<#_ʐ / e-i / ∅-ʤː / ˈi_n-ˈi_n / a_#>-a_#>

-------------------

/romˈanu/ - /ʐomˈanʊ/
[1/1] <#_r-<#_ʐ / o-o / m-m / ˈa_n-ˈa_n / u_#>-ʊ_#>

-------------------

/rˈe/ - /ʐˈe/
[1/1] <#_r-<#_ʐ / ˈe-ˈe

-------------------

/rˈe/ - /ʐˈejɪ/
[1/1] <#_r-<#_ʐ / ˈe-ˈe / ∅-j / ∅-ɪ

-------------------

/rˈoða/ - /ʐˈɔta/
[1/1] <#_r-<#_ʐ / ˈo-ˈɔ / ð-t / a_#>-a_#>

-------------------

/salˈuðu/ - /salˈutɪ/
[1/1] <#_s-<#_s / a-a / l-l / ˈu-ˈu / ð-t / ∅-ɪ / u_#>-#>

-------------------

/spˈina/ - /ʃpˈina/
[1/1] s-ʃ / p-p / ˈi_n-ˈi_n / a_#>-a_#>

-------------------

/sufrˈiri/ - /sufːrˈirɪ/
[1/1] <#_s-<#_s / u-u / f-fː / r-r / ˈi-ˈi / r-r / i_#>-ɪ_#>

-------------------

/sˈali/ - /sˈalɪ/
[1/1] <#_s-<#_s / ˈa-ˈa / l-l / i_#>-ɪ_#>

-------------------

/sˈana/ - /sˈana/
[1/1] <#_s-<#_s / ˈa_n-ˈa_n / a_#>-a_#>

-------------------

/sˈantu/ - /sˈantʊ/
[1/1] <#_s-<#_s / ˈa_n-ˈa_n / t-t / u_#>-ʊ_#>

-------------------

/sˈanu/ - /sˈanʊ/
[1/1] <#_s-<#_s / ˈa_n-ˈa_n / u_#>-ʊ_#>

-------------------

/sˈaŋɡwini/ - /sˈaŋɡʊ/
[1/1] <#_s-<#_s / ˈa-ˈa / ŋ-ŋ / ɡ-ɡ / w-∅ / i-∅ / n-∅ / i-ʊ

-------------------

/sˈera/ - /sˈiɾa/
[1/1] <#_s-<#_s / ˈe-ˈi / r-ɾ / a_#>-a_#>

-------------------

/sˈete/ - /sˈɛtːɪ/
[1/1] <#_s-<#_s / ˈe-ˈɛ / t-tː / e_#>-ɪ_#>

-------------------

/sˈezĕ/ - /sˈɛj/
[1/1] <#_s-<#_s / ˈe_z-ˈɛ / ĕ-j

-------------------

/sˈeða/ - /sˈita/
[1/1] <#_s-<#_s / ˈe-ˈi / ð-t / a_#>-a_#>

-------------------

/sˈika/ - /sˈikːa/
[1/1] <#_s-<#_s / ˈi-ˈi / k-kː / a_#>-a_#>

-------------------

/sˈiku/ - /sˈikːʊ/
[1/1] <#_s-<#_s / ˈi-ˈi / k-kː / u_#>-ʊ_#>

-------------------

/sˈuβra/ - /sˈupra/
[1/1] <#_s-<#_s / ˈu-ˈu / β-p / r-r / a_#>-a_#>

-------------------

/trˈaβu/ - /tˈawrʊ/
[1/1] <#_t-<#_t / r-∅ / ˈa-ˈa / ∅-w / β-r / u_#>-ʊ_#>

-------------------

/trˈezĕ/ - /ʈɽˈi/
[1/1] <#-ʈ / t_r-ɽ / ˈe-ˈi_#> / z-∅ / ĕ-∅

-------------------

/tusˈiri/ - /tˈusːiɾɪ/
[1/1] <#_t-<#_t / u-ˈu / s-sː / ˈi-i / r-ɾ / i_#>-ɪ_#>

-------------------

/tˈempuzŭ/ - /tˈɛmpʊ/
[1/1] <#_t-<#_t / ˈe-ˈɛ / m-m / p-p / u-ʊ_#> / z-∅ / ŭ-∅

-------------------

/tˈerːa/ - /tˈɛʐːa/
[1/1] <#_t-<#_t / ˈe_rː-ˈɛ_ʐː / a_#>-a_#>

-------------------

/tˈotu/ - /tˈutːʊ/
[1/1] <#_t-<#_t / ˈo-ˈu / t_u-tː_ʊ

-------------------

/tˈui/ - /tˈu/
[1/1] <#_t-<#_t / ˈu-ˈu / i-∅

-------------------

/tˈundu/ - /tˈunːʊ/
[1/1] <#_t-<#_t / ˈu-ˈu / n-nː / d-∅ / u_#>-ʊ_#>

-------------------

/ɡrˈanɖe/ - /ɡɾˈanːɪ/
[1/1] <#_ɡ-<#_ɡ / r_ˈa-ɾ_ˈa / n-nː / ɖ-∅ / e_#>-ɪ_#>

-------------------

/ɡˈatu/ - /ɡˈatːʊ/
[1/1] <#_ɡ-<#_ɡ / ˈa_t-ˈa_tː / u_#>-ʊ_#>

-------------------

/ʧerˈeʒja/ - /ɕiɾˈaza/
[1/1] <#_ʧ-<#_ɕ / e-i / r-ɾ / ˈe-∅ / ʒ-ˈa / j-z / a_#>-a_#>

-------------------

/ʧirkˈai/ - /ɕirkˈaɾɪ/
[1/1] <#_ʧ-<#_ɕ / i-i / r-r / k-k / ˈa-ˈa_ɾ / i_#>-ɪ_#>

-------------------

/ʧitˈadi/ - /ɕitˈa/
[1/1] <#_ʧ-<#_ɕ / i_t-i_t / ˈa-ˈa / d-∅ / i-∅

-------------------

/ʧiŋkwˈanta/ - /ɕiŋkwˈanta/
[1/1] <#_ʧ-<#_ɕ / i-i / ŋ-ŋ / k-k / w_ˈa-w_ˈa / n_t-n_t / a_#>-a_#>

-------------------

/ʧˈelu/ - /ɕˈɛlʊ/
[1/1] <#_ʧ-<#_ɕ / ˈe_l-ˈɛ_l / u_#>-ʊ_#>

-------------------

/ʧˈera/ - /ɕˈiɾa/
[1/1] <#_ʧ-<#_ɕ / ˈe-ˈi / r-ɾ / a_#>-a_#>

-------------------

/ʧˈiŋku/ - /ɕˈiŋkʊ/
[1/1] <#_ʧ-<#_ɕ / ˈi-ˈi / ŋ-ŋ / k-k / u_#>-ʊ_#>

-------------------

/ˈakwa/ - /ˈakːwa/
[1/1] <#_ˈa-<#_ˈa / k-kː / w-w / a_#>-a_#>

-------------------

/ˈalvu/ - /jˈaŋkʊ/
[1/1] <#-<#_j / ˈa-ˈa / l-ŋ / v-k / u_#>-ʊ_#>

-------------------

/ˈalːu/ - /ˈaɟːa/
[1/1] <#_ˈa-<#_ˈa / lː-ɟː_a / u_#>-#>

-------------------

/ˈanima/ - /ˈaɾma/
[1/1] <#_ˈa-<#_ˈa / n-∅ / i-ɾ / m-m / a_#>-a_#>

-------------------

/ˈanʤelu/ - /ˈanɕɪlʊ/
[1/1] <#_ˈa-<#_ˈa / n-n / ʤ-ɕ / e-ɪ / l-l / u_#>-ʊ_#>

-------------------

/ˈanːu/ - /ˈanːʊ/
[1/1] <#_ˈa-<#_ˈa / nː-nː / u_#>-ʊ_#>

-------------------

/ˈarbori/ - /ˈaɾbɪɾʊ/
[1/1] <#_ˈa-<#_ˈa / r-ɾ / b-b / o-ɪ / r_i-ɾ_ʊ

-------------------

/ˈarvu/ - /jˈaŋkʊ/
[1/1] <#-<#_j / ˈa-ˈa / r-ŋ / v-k / u_#>-ʊ_#>

-------------------

/ˈateru/ - /ˈawʈɽʊ/
[1/1] <#_ˈa-<#_ˈa / t-w / e-ʈ / r_u-ɽ_ʊ

-------------------

/ˈaɣu/ - /aɡˈuɟːa/
[1/1] <#-<#_a / ∅-ɡ / ∅-ˈu / ˈa-ɟː / ɣ-a / u_#>-#>

-------------------

/ˈaβi/ - /lˈapa/
[1/1] <#-l / ˈa-ˈa / β-p / i-a

-------------------

/ˈerba/ - /ˈɛɾva/
[1/1] ˈe-ˈɛ / r-ɾ / b-v / a_#>-a_#>

-------------------

/ˈisa/ - /ˈiɖːa/
[1/1] <#_ˈi-<#_ˈi / s-ɖː / a_#>-a_#>

-------------------

/ˈisu/ - /ˈiɖːʊ/
[1/1] <#_ˈi-<#_ˈi / s-ɖː / u_#>-ʊ_#>

-------------------

/ˈite/ - /ci/
[1/1] ˈi-<# / t-c / e-i

-------------------

/ˈizula/ - /ˈizʊla/
[1/1] <#_ˈi-<#_ˈi / z_u-z_ʊ / l_a-l_a

-------------------

/ˈojozŏ/ - /ˈɔcːɪ/
[1/1] <#_ˈo-<#_ˈɔ / j-cː / o-∅ / z-∅ / ŏ-ɪ

-------------------

/ˈoju/ - /ˈɔcːʊ/
[1/1] <#_ˈo-<#_ˈɔ / j-cː / u_#>-ʊ_#>

-------------------

/ˈomini/ - /ˈɔmʊ/
[1/1] <#_ˈo-<#_ˈɔ / m_i_n-m / i-ʊ

-------------------

/ˈoro/ - /ˈawrʊ/
[1/1] <#-ˈa / ˈo-w / r-r / o-ʊ

-------------------

/ˈoro/ - /ˈɔrʊ/
[1/1] <#_ˈo-<#_ˈɔ / r-r / o-ʊ

-------------------

/ˈoru/ - /ˈawrʊ/
[1/1] <#-ˈa / ˈo-w / r-r / u_#>-ʊ_#>

-------------------

/ˈoru/ - /ˈɔrʊ/
[1/1] <#_ˈo-<#_ˈɔ / r-r / u_#>-ʊ_#>

-------------------

/ˈosu/ - /ˈɔsːʊ/
[1/1] <#_ˈo-<#_ˈɔ / s-sː / u_#>-ʊ_#>

-------------------

/ˈotu/ - /ˈɔtːʊ/
[1/1] <#_ˈo-<#_ˈɔ / t_u-tː_ʊ

-------------------

/ˈoβera/ - /ˈɔpɪɾa/
[1/1] <#_ˈo-<#_ˈɔ / β-p / e_r-ɪ_ɾ / a_#>-a_#>

-------------------

/ˈoβu/ - /ˈɔvʊ/
[1/1] <#_ˈo-<#_ˈɔ / β-v / u_#>-ʊ_#>

-------------------

/ˈunu/ - /ˈunʊ/
[1/1] <#_ˈu-<#_ˈu / n-n / u_#>-ʊ_#>

-------------------

/ˈursu/ - /ˈuɾsʊ/
[1/1] <#_ˈu-<#_ˈu / r-ɾ / s_u-s_ʊ

-------------------

/ˈuŋɡa/ - /ˈuɲːa/
[1/1] <#_ˈu-<#_ˈu / ŋ-∅ / ɡ-ɲː / a_#>-a_#>

-------------------

