/blˈoːu̯d/ - /blˈuə̯d̥/
b-b / l-l / ˈoːu̯-ˈuə̯ / d-d̥
{0: [0], 1: [1], 2: [2], 3: [3]}
{0: [0], 1: [1], 2: [2], 3: [3]}
SCORE: 25.851

-------------------

/blˈoːu̯mə/ - /blˈuə̯mə/
b-b / l-l / ˈoːu̯-ˈuə̯ / m-m / ə-ə
{0: [0], 1: [1], 2: [2], 3: [3], 4: [4]}
{0: [0], 1: [1], 2: [2], 3: [3], 4: [4]}
SCORE: 30.193

-------------------

/blˈɛːd/ - /blˈɒːɾ/
b-b / l-l / ∅-ˈɒː / ˈɛː-∅ / d-ɾ
{0: [0], 1: [1], 2: None, 3: [2], 4: [3]}
{0: [0], 1: [1], 2: [2], 3: None, 4: [3]}
SCORE: 5.472

-------------------

/brjˈoːu̯ə/ - /bɾˈuʋn̩/
b-b / r_j-ɾ / ∅-ˈu / ∅-ʋ / ˈoːu̯-n / ə_#>-#>
{0: [0], 1: [1, 2], 2: None, 3: None, 4: [3], 5: [4]}
{0: [0], 1: [1], 2: [2], 3: [3], 4: [4], 5: None}
SCORE: -1.994

-------------------

/brˈoːd/ - /bɾˈoːd̥/
b-b / r-ɾ / ˈoː-ˈoː / d-d̥
{0: [0], 1: [1], 2: [2], 3: [3]}
{0: [0], 1: [1], 2: [2], 3: [3]}
SCORE: 24.652

-------------------

/brˈuːr/ - /bɾˈuə̯ɾ/
b-b / r-ɾ / ˈuː-ˈuə̯ / r-ɾ
{0: [0], 1: [1], 2: [2], 3: [3]}
{0: [0], 1: [1], 2: [2], 3: [3]}
SCORE: 21.32

-------------------

/brˈʊst/ - /bˈɔɾst/
b-b / ∅-ˈɔ / r-ɾ / ˈʊ-∅ / s-s / t-t
{0: [0], 1: None, 2: [1], 3: [2], 4: [3], 5: [4]}
{0: [0], 1: [1], 2: [2], 3: None, 4: [3], 5: [4]}
SCORE: 14.294

-------------------

/bˈeːn/ - /bˈɛːn/
b-b / ˈeː-ˈɛː / n-n
{0: [0], 1: [1], 2: [2]}
{0: [0], 1: [1], 2: [2]}
SCORE: 20.783

-------------------

/bˈeːtər/ - /bˈeːtəɾ/
b-b / ˈeː-ˈeː / t-t / ə-ə / r-ɾ
{0: [0], 1: [1], 2: [2], 3: [3], 4: [4]}
{0: [0], 1: [1], 2: [2], 3: [3], 4: [4]}
SCORE: 28.263

-------------------

/bˈitə/ - /bˈitn̩/
b-b / ˈi-ˈi / t-t / ə-n
{0: [0], 1: [1], 2: [2], 3: [3]}
{0: [0], 1: [1], 2: [2], 3: [3]}
SCORE: 22.582

-------------------

/bˈiːndə/ - /bˈɪndn̩/
b-b / ˈiː-ˈɪ / n-n / d_ə-d_n
{0: [0], 1: [1], 2: [2], 3: [3, 4]}
{0: [0], 1: [1], 2: [2], 3: [3, 4]}
SCORE: 27.354

-------------------

/bˈiːrɪx/ - /bˈæɾɦ̥/
b-b / ˈiː-ˈæ / r-ɾ / ɪ-∅ / x-ɦ̥
{0: [0], 1: [1], 2: [2], 3: [3], 4: [4]}
{0: [0], 1: [1], 2: [2], 3: None, 4: [3]}
SCORE: 17.219

-------------------

/bˈoːm/ - /bˈoːm/
b-b / ˈoː-ˈoː / m-m
{0: [0], 1: [1], 2: [2]}
{0: [0], 1: [1], 2: [2]}
SCORE: 21.827

-------------------

/bˈoːu̯k/ - /bˈuə̯k/
b-b / ˈoːu̯-ˈuə̯ / k-k
{0: [0], 1: [1], 2: [2]}
{0: [0], 1: [1], 2: [2]}
SCORE: 20.957

-------------------

/bˈɛd/ - /bˈɑd̥/
b-b / ˈɛ-ˈɑ / d-d̥
{0: [0], 1: [1], 2: [2]}
{0: [0], 1: [1], 2: [2]}
SCORE: 18.988

-------------------

/drˈoːm/ - /dɾˈoːm/
<#_d-<#_d / r-ɾ / ˈoː-ˈoː / m-m
{0: [0], 1: [1], 2: [2], 3: [3]}
{0: [0], 1: [1], 2: [2], 3: [3]}
SCORE: 24.196

-------------------

/drˈuːx/ - /dɾˈoːɦ̥/
<#_d-<#_d / r-ɾ / ˈuː-ˈoː / x-ɦ̥
{0: [0], 1: [1], 2: [2], 3: [3]}
{0: [0], 1: [1], 2: [2], 3: [3]}
SCORE: 19.856

-------------------

/drˈɪŋkə/ - /dɾˈɪŋkn̩/
<#_d-<#_d / r-ɾ / ˈɪ-ˈɪ / ŋ-ŋ / k-k / ə-n
{0: [0], 1: [1], 2: [2], 3: [3], 4: [4], 5: [5]}
{0: [0], 1: [1], 2: [2], 3: [3], 4: [4], 5: [5]}
SCORE: 30.631

-------------------

/dˈeː/ - /dˈeːɦ̥/
<#_d-<#_d / ˈeː-ˈeː / ∅-ɦ̥
{0: [0], 1: [1], 2: None}
{0: [0], 1: [1], 2: [2]}
SCORE: 9.845

-------------------

/dˈiːrt/ - /dˈiə̯ɾ/
<#_d-<#_d / ∅-ˈiə̯ / ˈiː-∅ / r-ɾ / t_#>-#>
{0: [0], 1: None, 2: [1], 3: [2], 4: [3]}
{0: [0], 1: [1], 2: None, 3: [2], 4: None}
SCORE: 1.009

-------------------

/dˈoːd/ - /dˈoːd̥/
<#_d-<#_d / ˈoː-ˈoː / d-d̥
{0: [0], 1: [1], 2: [2]}
{0: [0], 1: [1], 2: [2]}
SCORE: 18.907

-------------------

/dˈuːvə/ - /dˈyːvə/
<#_d-<#_d / ˈuː-ˈyː / v-v / ə-ə
{0: [0], 1: [1], 2: [2], 3: [3]}
{0: [0], 1: [1], 2: [2], 3: [3]}
SCORE: 20.413

-------------------

/dˈuːzənd/ - /dˈyːsd̥/
<#_d-<#_d / ˈuː-ˈyː / ∅-s / z-∅ / ə-∅ / n-∅ / d-d̥
{0: [0], 1: [1], 2: None, 3: [2], 4: [3], 5: [4], 6: [5]}
{0: [0], 1: [1], 2: [2], 3: None, 4: None, 5: None, 6: [3]}
SCORE: 0.374

-------------------

/dˈɔnər/ - /dˈœndɾ̩/
<#_d-<#_d / ∅-ˈœ / ˈɔ-∅ / n-n / ə-d / r-ɾ
{0: [0], 1: None, 2: [1], 3: [2], 4: [3], 5: [4]}
{0: [0], 1: [1], 2: None, 3: [2], 4: [3], 5: [4]}
SCORE: 1.809

-------------------

/dˈɔxtər/ - /dˈɔhtɾ̩/
<#_d-<#_d / ˈɔ-ˈɔ / x-h / t-t / ə_r-ɾ
{0: [0], 1: [1], 2: [2], 3: [3], 4: [4, 5]}
{0: [0], 1: [1], 2: [2], 3: [3], 4: [4]}
SCORE: 24.852

-------------------

/dˈɪŋ/ - /dˈɪŋk/
<#_d-<#_d / ˈɪ-ˈɪ / ŋ-ŋ / #>-k_#>
{0: [0], 1: [1], 2: [2], 3: None}
{0: [0], 1: [1], 2: [2], 3: [3]}
SCORE: 21.607

-------------------

/fjˈaːu̯ər/ - /vˈiə̯ɾə/
f-v / j-ˈiə̯ / ˈaːu̯-∅ / ə-ɾ / r-ə
{0: [0], 1: [1], 2: [2], 3: [3], 4: [4]}
{0: [0], 1: [1], 2: None, 3: [2], 4: [3]}
SCORE: 10.073

-------------------

/fjˈuːr/ - /vˈiə̯ɾ/
f-v / j_ˈuː-ˈiə̯ / r-ɾ
{0: [0], 1: [1, 2], 2: [3]}
{0: [0], 1: [1], 2: [2]}
SCORE: 16.148

-------------------

/fljˈoːɣə/ - /vlˈiə̯ɦn̩/
f-v / l-l / j_ˈoː-ˈiə̯ / ɣ-ɦ / ə-n
{0: [0], 1: [1], 2: [2, 3], 3: [4], 4: [5]}
{0: [0], 1: [1], 2: [2], 3: [3], 4: [4]}
SCORE: 22.89

-------------------

/fljˈoːɣə/ - /vlˈiə̯ɦə/
f-v / l-l / j_ˈoː-ˈiə̯ / ɣ-ɦ / ə-ə
{0: [0], 1: [1], 2: [2, 3], 3: [4], 4: [5]}
{0: [0], 1: [1], 2: [2], 3: [3], 4: [4]}
SCORE: 25.792

-------------------

/flˈaːsk/ - /vlˈeːs/
f-v / l_ˈaː-l / ∅-ˈeː / s-s / k_#>-#>
{0: [0], 1: [1, 2], 2: None, 3: [3], 4: [4]}
{0: [0], 1: [1], 2: [2], 3: [3], 4: None}
SCORE: 7.104

-------------------

/frjˈoːzə/ - /vɾˈiə̯zn̩/
f-v / r-ɾ / j_ˈoː-ˈiə̯ / ∅-z / z-∅ / ə-n
{0: [0], 1: [1], 2: [2, 3], 3: None, 4: [4], 5: [5]}
{0: [0], 1: [1], 2: [2], 3: [3], 4: None, 5: [4]}
SCORE: 7.985

-------------------

/frˈyːnd/ - /vɾˈiə̯nd̥/
f-v / r-ɾ / ˈyː-ˈiə̯ / n-n / d-d̥
{0: [0], 1: [1], 2: [2], 3: [3], 4: [4]}
{0: [0], 1: [1], 2: [2], 3: [3], 4: [4]}
SCORE: 28.3

-------------------

/frˈɛɪ̯/ - /vɾˈi/
f-v / r-ɾ / ∅-ˈi / ˈɛɪ̯-∅
{0: [0], 1: [1], 2: None, 3: [2]}
{0: [0], 1: [1], 2: [2], 3: None}
SCORE: 4.234

-------------------

/frˈɪsk/ - /vˈæɾs/
f-v / ∅-ˈæ / r-ɾ / ˈɪ-∅ / s-s / k_#>-#>
{0: [0], 1: None, 2: [1], 3: [2], 4: [3], 5: [4]}
{0: [0], 1: [1], 2: [2], 3: None, 4: [3], 5: None}
SCORE: 6.02

-------------------

/fˈiːndə/ - /vˈɪndn̩/
f-v / ˈiː-ˈɪ / n-n / d_ə-d_n
{0: [0], 1: [1], 2: [2], 3: [3, 4]}
{0: [0], 1: [1], 2: [2], 3: [3, 4]}
SCORE: 26.042

-------------------

/fˈoːu̯lk/ - /vˈɔwk/
f-v / ˈoːu̯-ˈɔ / l-w / k-k
{0: [0], 1: [1], 2: [2], 3: [3]}
{0: [0], 1: [1], 2: [2], 3: [3]}
SCORE: 19.834

-------------------

/fˈoːu̯lɣjə/ - /vˈɔwɦn̩/
f-v / ˈoːu̯-ˈɔ / l-w / ɣ-ɦ / j_ə-n
{0: [0], 1: [1], 2: [2], 3: [3], 4: [4, 5]}
{0: [0], 1: [1], 2: [2], 3: [3], 4: [4]}
SCORE: 18.855

-------------------

/fˈoːu̯t/ - /vˈuə̯t/
f-v / ˈoːu̯-ˈuə̯ / t-t
{0: [0], 1: [1], 2: [2]}
{0: [0], 1: [1], 2: [2]}
SCORE: 19.573

-------------------

/fˈuːɣəl/ - /vˈøːɦəl/
f-v / ˈuː-ˈøː / ɣ-ɦ / ə-ə / l_#>-l_#>
{0: [0], 1: [1], 2: [2], 3: [3], 4: [4]}
{0: [0], 1: [1], 2: [2], 3: [3], 4: [4]}
SCORE: 29.154

-------------------

/fˈɔːks/ - /vˈɔs/
f-v / ˈɔː-ˈɔ / k_s-s
{0: [0], 1: [1], 2: [2, 3]}
{0: [0], 1: [1], 2: [2]}
SCORE: 15.931

-------------------

/fˈɔːr/ - /vˈøːɾ/
f-v / ∅-ˈøː / ˈɔː-∅ / r-ɾ
{0: [0], 1: None, 2: [1], 3: [2]}
{0: [0], 1: [1], 2: None, 3: [2]}
SCORE: 4.234

-------------------

/fˈɔːr/ - /vˈɒːdɾ̩/
f-v / ˈɔː-ˈɒː / r-d_ɾ
{0: [0], 1: [1], 2: [2]}
{0: [0], 1: [1], 2: [2, 3]}
SCORE: 15.857

-------------------

/fˈɛɪ̯lə/ - /vˈuə̯ln̩/
f-v / ˈɛɪ̯-ˈuə̯ / l-l / ə-n
{0: [0], 1: [1], 2: [2], 3: [3]}
{0: [0], 1: [1], 2: [2], 3: [3]}
SCORE: 20.225

-------------------

/fˈɛɪ̯tə/ - /vˈuə̯tn̩/
f-v / ˈɛɪ̯-ˈuə̯ / t-t / ə-n
{0: [0], 1: [1], 2: [2], 3: [3]}
{0: [0], 1: [1], 2: [2], 3: [3]}
SCORE: 19.976

-------------------

/fˈɛːst/ - /vˈɑst/
f-v / ˈɛː-ˈɑ / s-s / t-t
{0: [0], 1: [1], 2: [2], 3: [3]}
{0: [0], 1: [1], 2: [2], 3: [3]}
SCORE: 23.12

-------------------

/fˈɪsk/ - /vˈɛs/
f-v / ˈɪ-ˈɛ / s-s / k_#>-#>
{0: [0], 1: [1], 2: [2], 3: [3]}
{0: [0], 1: [1], 2: [2], 3: None}
SCORE: 17.193

-------------------

/fˈɪŋər/ - /vˈɪŋɾ̩/
f-v / ˈɪ-ˈɪ / ŋ-ŋ / ə_r-ɾ
{0: [0], 1: [1], 2: [2], 3: [3, 4]}
{0: [0], 1: [1], 2: [2], 3: [3]}
SCORE: 22.77

-------------------

/fˈʊl/ - /vˈœl/
f-v / ˈʊ-ˈœ / l_#>-l_#>
{0: [0], 1: [1], 2: [2]}
{0: [0], 1: [1], 2: [2]}
SCORE: 22.35

-------------------

/hˈeːm/ - /ˈeːm/
<#_h-<# / ˈeː-ˈeː / m-m
{0: [0], 1: [1], 2: [2]}
{0: None, 1: [0], 2: [1]}
SCORE: 13.664

-------------------

/hˈeːrə/ - /ˈoːɾn̩/
<#_h-<# / ˈeː-ˈoː / r-ɾ / ə-n
{0: [0], 1: [1], 2: [2], 3: [3]}
{0: None, 1: [0], 2: [1], 3: [2]}
SCORE: 8.952

-------------------

/hˈiːr/ - /ˈɒːɾ/
<#_h-<# / ˈiː-ˈɒː / r-ɾ
{0: [0], 1: [1], 2: [2]}
{0: None, 1: [0], 2: [1]}
SCORE: 10.68

-------------------

/hˈoːlv/ - /ˈɑwv̥/
<#_h-<# / ˈoː-ˈɑ / l-w / v-∅ / #>-v̥_#>
{0: [0], 1: [1], 2: [2], 3: [3], 4: None}
{0: None, 1: [0], 2: [1], 3: None, 4: [2]}
SCORE: -0.197

-------------------

/hˈoːu̯dən/ - /ˈoːɾn/
<#_h-<# / ˈoːu̯_d-ˈoː / ə-ɾ / n-n
{0: [0], 1: [1, 2], 2: [3], 3: [4]}
{0: None, 1: [0], 2: [1], 3: [2]}
SCORE: 6.709

-------------------

/hˈoːu̯ndə/ - /ˈɑnd̥/
<#_h-<# / ˈoːu̯_n-ˈɑ_n / d-d̥ / ə_#>-#>
{0: [0], 1: [1, 2], 2: [3], 3: [4]}
{0: None, 1: [0, 1], 2: [2], 3: None}
SCORE: 13.986

-------------------

/hˈoːx/ - /ˈoːɦ̥/
<#_h-<# / ˈoː-ˈoː / x-ɦ̥
{0: [0], 1: [1], 2: [2]}
{0: None, 1: [0], 2: [1]}
SCORE: 11.203

-------------------

/hˈuːnd/ - /ˈund̥/
<#_h-<# / ∅-ˈu / ˈuː-∅ / n-n / d-d̥
{0: [0], 1: None, 2: [1], 3: [2], 4: [3]}
{0: None, 1: [0], 2: None, 3: [1], 4: [2]}
SCORE: 1.257

-------------------

/hˈuːs/ - /ˈyːz̥/
<#_h-<# / ˈuː-ˈyː / s_#>-z̥_#>
{0: [0], 1: [1], 2: [2]}
{0: None, 1: [0], 2: [1]}
SCORE: 14.897

-------------------

/hˈɔːtjə/ - /ˈɒːtn̩/
<#_h-<# / ˈɔː-ˈɒː / t-t / j_ə-n
{0: [0], 1: [1], 2: [2], 3: [3, 4]}
{0: None, 1: [0], 2: [1], 3: [2]}
SCORE: 11.39

-------------------

/hˈɔːzə/ - /ˈɒːz̥/
<#_h-<# / ˈɔː-ˈɒː / z-z̥ / ə_#>-#>
{0: [0], 1: [1], 2: [2], 3: [3]}
{0: None, 1: [0], 2: [1], 3: None}
SCORE: 7.096

-------------------

/hˈɛlpə/ - /ˈæwpn̩/
<#_h-<# / ˈɛ-ˈæ / l-w / p-p / ə-n
{0: [0], 1: [1], 2: [2], 3: [3], 4: [4]}
{0: None, 1: [0], 2: [1], 3: [2], 4: [3]}
SCORE: 16.944

-------------------

/hˈɛlɪx/ - /ˈɛləç/
<#_h-<# / ˈɛ-ˈɛ / l-l / ɪ-ə / x-ç
{0: [0], 1: [1], 2: [2], 3: [3], 4: [4]}
{0: None, 1: [0], 2: [1], 3: [2], 4: [3]}
SCORE: 21.638

-------------------

/hˈʊŋər/ - /ˈuŋɾ̩/
<#_h-<# / ˈʊ-ˈu / ŋ-ŋ / ə_r-ɾ
{0: [0], 1: [1], 2: [2], 3: [3, 4]}
{0: None, 1: [0], 2: [1], 3: [2]}
SCORE: 15.506

-------------------

/jˈeːl/ - /ɦˈeːl/
j-ɦ / ˈeː-ˈeː / l_#>-l_#>
{0: [0], 1: [1], 2: [2]}
{0: [0], 1: [1], 2: [2]}
SCORE: 15.68

-------------------

/jˈeːu̯və/ - /ɦˈeːvn̩/
j-ɦ / ˈeːu̯-ˈeː / v-v / ə-n
{0: [0], 1: [1], 2: [2], 3: [3]}
{0: [0], 1: [1], 2: [2], 3: [3]}
SCORE: 10.187

-------------------

/jˈi/ - /ɦˈi/
j-ɦ / ˈi-ˈi
{0: [0], 1: [1]}
{0: [0], 1: [1]}
SCORE: 10.642

-------------------

/jˈiːr/ - /jˈɒːɾ/
<#_j-<#_j / ˈiː-ˈɒː / r-ɾ
{0: [0], 1: [1], 2: [2]}
{0: [0], 1: [1], 2: [2]}
SCORE: 17.369

-------------------

/jˈoːp/ - /dˈiə̯p/
<#-<#_d / j_ˈoː-ˈiə̯ / p-p
{0: None, 1: [0, 1], 2: [2]}
{0: [0], 1: [1], 2: [2]}
SCORE: 15.438

-------------------

/jˈuːr/ - /dˈiə̯ɾə/
<#-<#_d / j_ˈuː-ˈiə̯ / r-ɾ / #>-ə_#>
{0: None, 1: [0, 1], 2: [2], 3: None}
{0: [0], 1: [1], 2: [2], 3: [3]}
SCORE: 8.176

-------------------

/jˈʊŋk/ - /jˈuŋk/
<#_j-<#_j / ˈʊ-ˈu / ŋ-ŋ / k-k
{0: [0], 1: [1], 2: [2], 3: [3]}
{0: [0], 1: [1], 2: [2], 3: [3]}
SCORE: 26.168

-------------------

/kˈanə/ - /kˈænən/
<#_k-<#_k / ˈa-ˈæ / n-n / ə-ə / #>-n_#>
{0: [0], 1: [1], 2: [2], 3: [3], 4: None}
{0: [0], 1: [1], 2: [2], 3: [3], 4: [4]}
SCORE: 18.862

-------------------

/kˈat/ - /kˈɑtə/
<#_k-<#_k / ˈa-ˈɑ / t-t / #>-ə_#>
{0: [0], 1: [1], 2: [2], 3: None}
{0: [0], 1: [1], 2: [2], 3: [3]}
SCORE: 15.645

-------------------

/kˈoːld/ - /kˈud̥/
<#_k-<#_k / ˈoː_l-ˈu / d-d̥
{0: [0], 1: [1, 2], 2: [3]}
{0: [0], 1: [1], 2: [2]}
SCORE: 19.945

-------------------

/kˈu/ - /kˈuə̯/
<#_k-<#_k / ∅-ˈuə̯ / ˈu-∅
{0: [0], 1: None, 2: [1]}
{0: [0], 1: [1], 2: None}
SCORE: 0.712

-------------------

/kˈuːmə/ - /kˈoːmn̩/
<#_k-<#_k / ˈuː-ˈoː / m-m / ə-n
{0: [0], 1: [1], 2: [2], 3: [3]}
{0: [0], 1: [1], 2: [2], 3: [3]}
SCORE: 18.726

-------------------

/kˈœːnɪx/ - /kˈoːnɪŋk/
<#_k-<#_k / ˈœː-ˈoː / n-n / ∅-ɪ / ∅-ŋ / ɪ-∅ / x-∅ / #>-k_#>
{0: [0], 1: [1], 2: [2], 3: None, 4: None, 5: [3], 6: [4], 7: None}
{0: [0], 1: [1], 2: [2], 3: [3], 4: [4], 5: None, 6: None, 7: [5]}
SCORE: 0.01

-------------------

/kˈɔp/ - /kˈɔp/
<#_k-<#_k / ˈɔ-ˈɔ / p-p
{0: [0], 1: [1], 2: [2]}
{0: [0], 1: [1], 2: [2]}
SCORE: 23.561

-------------------

/ljˈoːf/ - /lˈiə̯v̥/
<#_l-<#_l / j-ˈiə̯ / ˈoː_f-v̥
{0: [0], 1: [1], 2: [2, 3]}
{0: [0], 1: [1], 2: [2]}
SCORE: 19.328

-------------------

/lˈaːxjə/ - /lˈɑhn̩/
<#_l-<#_l / ˈaː-ˈɑ / x-h / j_ə-n
{0: [0], 1: [1], 2: [2], 3: [3, 4]}
{0: [0], 1: [1], 2: [2], 3: [3]}
SCORE: 15.856

-------------------

/lˈiːu̯vər/ - /lˈeːvɾ̩/
<#_l-<#_l / ˈiːu̯-ˈeː / v_ə-v / r-ɾ
{0: [0], 1: [1], 2: [2, 3], 3: [4]}
{0: [0], 1: [1], 2: [2], 3: [3]}
SCORE: 19.133

-------------------

/lˈoːf/ - /lˈoːv̥/
<#_l-<#_l / ˈoː-ˈoː / f-v̥
{0: [0], 1: [1], 2: [2]}
{0: [0], 1: [1], 2: [2]}
SCORE: 19.967

-------------------

/lˈoːu̯m/ - /lˈɑm/
<#_l-<#_l / ˈoːu̯-ˈɑ / m-m
{0: [0], 1: [1], 2: [2]}
{0: [0], 1: [1], 2: [2]}
SCORE: 19.622

-------------------

/lˈoːu̯nd/ - /lˈɑnd̥/
<#_l-<#_l / ˈoːu̯_n-ˈɑ_n / d-d̥
{0: [0], 1: [1, 2], 2: [3]}
{0: [0], 1: [1, 2], 2: [3]}
SCORE: 24.623

-------------------

/lˈuːs/ - /lˈyːz̥/
<#_l-<#_l / ˈuː-ˈyː / s_#>-z̥_#>
{0: [0], 1: [1], 2: [2]}
{0: [0], 1: [1], 2: [2]}
SCORE: 23.134

-------------------

/lˈɔːŋ/ - /lˈɑŋk/
<#_l-<#_l / ˈɔː-ˈɑ / ŋ-ŋ / #>-k_#>
{0: [0], 1: [1], 2: [2], 3: None}
{0: [0], 1: [1], 2: [2], 3: [3]}
SCORE: 20.784

-------------------

/lˈɪxt/ - /lˈœht/
<#_l-<#_l / ∅-ˈœ / ˈɪ-∅ / x-h / t-t
{0: [0], 1: None, 2: [1], 3: [2], 4: [3]}
{0: [0], 1: [1], 2: None, 3: [2], 4: [3]}
SCORE: 9.043

-------------------

/mˈaxt/ - /mˈɑht/
m-m / ˈa-ˈɑ / x-h / t-t
{0: [0], 1: [1], 2: [2], 3: [3]}
{0: [0], 1: [1], 2: [2], 3: [3]}
SCORE: 22.621

-------------------

/mˈoːu̯nə/ - /mˈɒːnə/
m-m / ∅-ˈɒː / ˈoːu̯_n-n / ə-ə
{0: [0], 1: None, 2: [1, 2], 3: [3]}
{0: [0], 1: [1], 2: [2], 3: [3]}
SCORE: 10.771

-------------------

/mˈund/ - /mˈund̥/
m-m / ˈu-ˈu / n-n / d-d̥
{0: [0], 1: [1], 2: [2], 3: [3]}
{0: [0], 1: [1], 2: [2], 3: [3]}
SCORE: 21.905

-------------------

/mˈuːr/ - /mˈuə̯dɾ̩/
m-m / ˈuː-ˈuə̯ / r-d_ɾ
{0: [0], 1: [1], 2: [2]}
{0: [0], 1: [1], 2: [2, 3]}
SCORE: 13.762

-------------------

/mˈuːs/ - /mˈyːz̥/
m-m / ˈuː-ˈyː / s_#>-z̥_#>
{0: [0], 1: [1], 2: [2]}
{0: [0], 1: [1], 2: [2]}
SCORE: 23.246

-------------------

/mˈɔːlk/ - /mˈæwk/
m_ˈɔː-m / l-ˈæ_w / k-k
{0: [0, 1], 1: [2], 2: [3]}
{0: [0], 1: [1, 2], 2: [3]}
SCORE: 11.199

-------------------

/mˈɔːnskə/ - /mˈɪns/
m_ˈɔː-m / n-ˈɪ_n / s-s / k-∅ / ə_#>-#>
{0: [0, 1], 1: [2], 2: [3], 3: [4], 4: [5]}
{0: [0], 1: [1, 2], 2: [3], 3: None, 4: None}
SCORE: 4.971

-------------------

/mˈɛːɣə/ - /mˈœɦə/
m-m / ∅-ˈœ / ˈɛː-∅ / ɣ-ɦ / ə-ə
{0: [0], 1: None, 2: [1], 3: [2], 4: [3]}
{0: [0], 1: [1], 2: None, 3: [2], 4: [3]}
SCORE: 8.279

-------------------

/njˈuːɣən/ - /nˈeːɦn̩/
n-n / ∅-ˈeː / j-∅ / ˈuː-∅ / ɣ-ɦ / ə_n-n
{0: [0], 1: None, 2: [1], 3: [2], 4: [3], 5: [4, 5]}
{0: [0], 1: [1], 2: None, 3: None, 4: [2], 5: [3]}
SCORE: -2.187

-------------------

/nˈaːi̯l/ - /nˈɒːɦəl/
n-n / ∅-ˈɒː / ∅-ɦ / ∅-ə / ˈaːi̯-∅ / l_#>-l_#>
{0: [0], 1: None, 2: None, 3: None, 4: [1], 5: [2]}
{0: [0], 1: [1], 2: [2], 3: [3], 4: None, 5: [4]}
SCORE: -4.745

-------------------

/nˈoːmə/ - /nˈɒːmə/
n-n / ˈoː-ˈɒː / m-m / ə-ə
{0: [0], 1: [1], 2: [2], 3: [3]}
{0: [0], 1: [1], 2: [2], 3: [3]}
SCORE: 19.778

-------------------

/nˈoːu̯d/ - /nˈoːɾd̥/
n-n / ˈoːu̯-ˈoː_ɾ / d-d̥
{0: [0], 1: [1], 2: [2]}
{0: [0], 1: [1, 2], 2: [3]}
SCORE: 17.397

-------------------

/nˈoːzə/ - /nˈøːz̥/
n-n / ∅-ˈøː / ˈoː-∅ / z-z̥ / ə_#>-#>
{0: [0], 1: None, 2: [1], 3: [2], 4: [3]}
{0: [0], 1: [1], 2: None, 3: [2], 4: None}
SCORE: -1.287

-------------------

/nˈuːtə/ - /nˈøːt/
n-n / ˈuː-ˈøː / t-t / ə_#>-#>
{0: [0], 1: [1], 2: [2], 3: [3]}
{0: [0], 1: [1], 2: [2], 3: None}
SCORE: 16.504

-------------------

/nˈɔːxt/ - /nˈɑht/
n-n / ˈɔː-ˈɑ / x-h / t-t
{0: [0], 1: [1], 2: [2], 3: [3]}
{0: [0], 1: [1], 2: [2], 3: [3]}
SCORE: 20.426

-------------------

/plˈoːu̯x/ - /plˈuə̯ɦ̥/
p-p / l-l / ˈoːu̯-ˈuə̯ / x-ɦ̥
{0: [0], 1: [1], 2: [2], 3: [3]}
{0: [0], 1: [1], 2: [2], 3: [3]}
SCORE: 25.453

-------------------

/plˈɪxt/ - /plˈɛht/
p-p / l-l / ˈɪ-ˈɛ / x-h / t-t
{0: [0], 1: [1], 2: [2], 3: [3], 4: [4]}
{0: [0], 1: [1], 2: [2], 3: [3], 4: [4]}
SCORE: 29.841

-------------------

/rjˈʊxt/ - /ɾˈæht/
<#_r-<#_ɾ / ∅-ˈæ / j-∅ / ˈʊ-∅ / x-h / t-t
{0: [0], 1: None, 2: [1], 3: [2], 4: [3], 5: [4]}
{0: [0], 1: [1], 2: None, 3: None, 4: [2], 5: [3]}
SCORE: 4.454

-------------------

/rˈik/ - /ɾˈik/
<#_r-<#_ɾ / ˈi-ˈi / k-k
{0: [0], 1: [1], 2: [2]}
{0: [0], 1: [1], 2: [2]}
SCORE: 22.275

-------------------

/rˈin/ - /ɾˈeːɦn̩/
<#_r-<#_ɾ / ∅-ˈeː / ∅-ɦ / ˈi-∅ / n-n
{0: [0], 1: None, 2: None, 3: [1], 4: [2]}
{0: [0], 1: [1], 2: [2], 3: None, 4: [3]}
SCORE: 0.188

-------------------

/rˈoːd/ - /ɾˈoːd̥/
<#_r-<#_ɾ / ˈoː-ˈoː / d-d̥
{0: [0], 1: [1], 2: [2]}
{0: [0], 1: [1], 2: [2]}
SCORE: 20.425

-------------------

/rˈoːk/ - /ɾˈoːk/
<#_r-<#_ɾ / ˈoː-ˈoː / k-k
{0: [0], 1: [1], 2: [2]}
{0: [0], 1: [1], 2: [2]}
SCORE: 20.343

-------------------

/rˈɛːx/ - /ɾˈɪk/
<#_r-<#_ɾ / ∅-ˈɪ / ˈɛː-∅ / x-∅ / #>-k_#>
{0: [0], 1: None, 2: [1], 3: [2], 4: None}
{0: [0], 1: [1], 2: None, 3: None, 4: [2]}
SCORE: -3.805

-------------------

/rˈɪŋ/ - /ɾˈɪŋk/
<#_r-<#_ɾ / ˈɪ-ˈɪ / ŋ-ŋ / #>-k_#>
{0: [0], 1: [1], 2: [2], 3: None}
{0: [0], 1: [1], 2: [2], 3: [3]}
SCORE: 23.125

-------------------

/sjˈoː/ - /zˈiə̯n/
s-z / j_ˈoː-ˈiə̯ / #>-n_#>
{0: [0], 1: [1, 2], 2: None}
{0: [0], 1: [1], 2: [2]}
SCORE: 10.07

-------------------

/sjˈuːkən/ - /kˈiə̯kn̩/
s-k / j_ˈuː-ˈiə̯ / k_ə-k / n-n
{0: [0], 1: [1, 2], 2: [3, 4], 3: [5]}
{0: [0], 1: [1], 2: [2], 3: [3]}
SCORE: 13.521

-------------------

/sjˈʊŋə/ - /zˈɪŋn̩/
s-z / ∅-ˈɪ / j-∅ / ˈʊ-∅ / ŋ-ŋ / ə-n
{0: [0], 1: None, 2: [1], 3: [2], 4: [3], 5: [4]}
{0: [0], 1: [1], 2: None, 3: None, 4: [2], 5: [3]}
SCORE: 1.11

-------------------

/skjˈoːtə/ - /ʃhˈiə̯tn̩/
s_k-ʃ_h / j_ˈoː-ˈiə̯ / t-t / ə-n
{0: [0, 1], 1: [2, 3], 2: [4], 3: [5]}
{0: [0, 1], 1: [2], 2: [3], 3: [4]}
SCORE: 17.224

-------------------

/skˈeːn/ - /ʃhˈoːn/
s_k-ʃ_h / ˈeː-ˈoː / n-n
{0: [0, 1], 1: [2], 2: [3]}
{0: [0, 1], 1: [2], 2: [3]}
SCORE: 14.797

-------------------

/skˈit/ - /ʃhˈit/
s_k-ʃ_h / ˈi-ˈi / t-t
{0: [0, 1], 1: [2], 2: [3]}
{0: [0, 1], 1: [2], 2: [3]}
SCORE: 19.795

-------------------

/skˈiːld/ - /ʃhˈɪwd̥/
s_k-ʃ_h / ˈiː-ˈɪ / l-w / d-d̥
{0: [0, 1], 1: [2], 2: [3], 3: [4]}
{0: [0, 1], 1: [2], 2: [3], 3: [4]}
SCORE: 21.936

-------------------

/skˈoːu̯/ - /ʃhˈuə̯/
s_k-ʃ_h / ˈoːu̯-ˈuə̯
{0: [0, 1], 1: [2]}
{0: [0, 1], 1: [2]}
SCORE: 13.744

-------------------

/skˈɛɪ̯p/ - /ʃhˈɒːp/
s_k-ʃ_h / ˈɛɪ̯-ˈɒː / p-p
{0: [0, 1], 1: [2], 2: [3]}
{0: [0, 1], 1: [2], 2: [3]}
SCORE: 19.051

-------------------

/skˈɛːrp/ - /ʃhˈæɾp/
s_k-ʃ_h / ˈɛː-ˈæ / r-ɾ / p-p
{0: [0, 1], 1: [2], 2: [3], 3: [4]}
{0: [0, 1], 1: [2], 2: [3], 3: [4]}
SCORE: 21.026

-------------------

/slˈoː/ - /slˈɒːn/
s_l-s_l / ˈoː-ˈɒː / #>-n_#>
{0: [0, 1], 1: [2], 2: None}
{0: [0, 1], 1: [2], 2: [3]}
SCORE: 14.156

-------------------

/slˈɔːŋə/ - /slˈɑŋ/
s_l-s_l / ˈɔː-ˈɑ / ŋ-ŋ / ə_#>-#>
{0: [0, 1], 1: [2], 2: [3], 3: [4]}
{0: [0, 1], 1: [2], 2: [3], 3: None}
SCORE: 22.701

-------------------

/slˈɛɪ̯pə/ - /slˈɒːpn̩/
s_l-s_l / ˈɛɪ̯-ˈɒː / p-p / ə-n
{0: [0, 1], 1: [2], 2: [3], 3: [4]}
{0: [0, 1], 1: [2], 2: [3], 3: [4]}
SCORE: 25.451

-------------------

/snˈeː/ - /snˈɛːw/
s-s / n-n / ˈeː-ˈɛː / ∅-w
{0: [0], 1: [1], 2: [2], 3: None}
{0: [0], 1: [1], 2: [2], 3: [3]}
SCORE: 13.551

-------------------

/sprˈɔːkə/ - /spɾˈɒːkə/
s-s / p-p / r-ɾ / ˈɔː-ˈɒː / k_ə-k_ə
{0: [0], 1: [1], 2: [2], 3: [3], 4: [4, 5]}
{0: [0], 1: [1], 2: [2], 3: [3], 4: [4, 5]}
SCORE: 33.1

-------------------

/stˈeːn/ - /stˈɛːn/
s-s / t-t / ˈeː-ˈɛː / n-n
{0: [0], 1: [1], 2: [2], 3: [3]}
{0: [0], 1: [1], 2: [2], 3: [3]}
SCORE: 23.113

-------------------

/stˈiːrn/ - /stˈæɾə/
s-s / t-t / ˈiː-ˈæ / r-ɾ / n-ə
{0: [0], 1: [1], 2: [2], 3: [3], 4: [4]}
{0: [0], 1: [1], 2: [2], 3: [3], 4: [4]}
SCORE: 19.69

-------------------

/stˈoːu̯l/ - /stˈuə̯l/
s-s / t-t / ˈoːu̯-ˈuə̯ / l_#>-l_#>
{0: [0], 1: [1], 2: [2], 3: [3]}
{0: [0], 1: [1], 2: [2], 3: [3]}
SCORE: 24.967

-------------------

/stˈɔːrm/ - /stˈɔɾm/
s-s / t-t / ˈɔː-ˈɔ / r-ɾ / m-m
{0: [0], 1: [1], 2: [2], 3: [3], 4: [4]}
{0: [0], 1: [1], 2: [2], 3: [3], 4: [4]}
SCORE: 27.82

-------------------

/svˈɔt/ - /zʋˈɑɾt/
s-z / v-ʋ / ∅-ˈɑ / ∅-ɾ / ˈɔ-∅ / t-t
{0: [0], 1: [1], 2: None, 3: None, 4: [2], 5: [3]}
{0: [0], 1: [1], 2: [2], 3: [3], 4: None, 5: [4]}
SCORE: 2.001

-------------------

/svˈɛɪ̯d/ - /zʋˈɒːɾd̥/
s-z / v-ʋ / ˈɛɪ̯-ˈɒː / ∅-ɾ / d-d̥
{0: [0], 1: [1], 2: [2], 3: None, 4: [3]}
{0: [0], 1: [1], 2: [2], 3: [3], 4: [4]}
SCORE: 15.702

-------------------

/svˈɛɪ̯t/ - /zˈuə̯t/
s-z / v-∅ / ˈɛɪ̯-ˈuə̯ / t-t
{0: [0], 1: [1], 2: [2], 3: [3]}
{0: [0], 1: None, 2: [1], 3: [2]}
SCORE: 13.842

-------------------

/svˈɪmə/ - /zʋˈæmn̩/
s-z / v-ʋ / ∅-ˈæ / ˈɪ-∅ / m-m / ə-n
{0: [0], 1: [1], 2: None, 3: [2], 4: [3], 5: [4]}
{0: [0], 1: [1], 2: [2], 3: None, 4: [3], 5: [4]}
SCORE: 8.596

-------------------

/swˈin/ - /zʋˈin/
s-z / w-ʋ / ˈi-ˈi / n-n
{0: [0], 1: [1], 2: [2], 3: [3]}
{0: [0], 1: [1], 2: [2], 3: [3]}
SCORE: 21.324

-------------------

/sˈeː/ - /zˈɛː/
s-z / ˈeː-ˈɛː
{0: [0], 1: [1]}
{0: [0], 1: [1]}
SCORE: 14.677

-------------------

/sˈeːlə/ - /zˈiə̯lə/
s-z / ∅-ˈiə̯ / ˈeː-∅ / l-l / ə-ə
{0: [0], 1: None, 2: [1], 3: [2], 4: [3]}
{0: [0], 1: [1], 2: None, 3: [2], 4: [3]}
SCORE: 7.174

-------------------

/sˈiːdə/ - /zˈidə/
s-z / ˈiː-ˈi / d-d / ə-ə
{0: [0], 1: [1], 2: [2], 3: [3]}
{0: [0], 1: [1], 2: [2], 3: [3]}
SCORE: 20.421

-------------------

/sˈiːs/ - /kˈɒːz̥/
s-k / ˈiː-ˈɒː / s_#>-z̥_#>
{0: [0], 1: [1], 2: [2]}
{0: [0], 1: [1], 2: [2]}
SCORE: 15.219

-------------------

/sˈoːu̯nd/ - /zˈɑnd̥/
s-z / ˈoːu̯_n-ˈɑ_n / d-d̥
{0: [0], 1: [1, 2], 2: [3]}
{0: [0], 1: [1, 2], 2: [3]}
SCORE: 22.967

-------------------

/sˈoːɣən/ - /zˈeːvn̩/
s-z / ˈoː-ˈeː / ɣ_ə-v / n-n
{0: [0], 1: [1], 2: [2, 3], 3: [4]}
{0: [0], 1: [1], 2: [2], 3: [3]}
SCORE: 13.855

-------------------

/sˈuːmər/ - /zˈoːməɾ/
s-z / ˈuː-ˈoː / m-m / ə-ə / r-ɾ
{0: [0], 1: [1], 2: [2], 3: [3], 4: [4]}
{0: [0], 1: [1], 2: [2], 3: [3], 4: [4]}
SCORE: 24.224

-------------------

/sˈuːn/ - /zˈøːnə/
s-z / ˈuː-ˈøː / n-n_ə
{0: [0], 1: [1], 2: [2]}
{0: [0], 1: [1], 2: [2, 3]}
SCORE: 16.471

-------------------

/sˈuːr/ - /zˈyːɾ/
s-z / ˈuː-ˈyː / r-ɾ
{0: [0], 1: [1], 2: [2]}
{0: [0], 1: [1], 2: [2]}
SCORE: 19.167

-------------------

/sˈyːk/ - /zˈiə̯k/
s-z / ˈyː-ˈiə̯ / k-k
{0: [0], 1: [1], 2: [2]}
{0: [0], 1: [1], 2: [2]}
SCORE: 19.366

-------------------

/sˈøːɣjə/ - /zˈoːɦn̩/
s-z / ˈøː-ˈoː / ɣ-ɦ / j_ə-n
{0: [0], 1: [1], 2: [2], 3: [3, 4]}
{0: [0], 1: [1], 2: [2], 3: [3]}
SCORE: 16.585

-------------------

/sˈɔːlt/ - /zˈut/
s_ˈɔː-z / l-ˈu / t-t
{0: [0, 1], 1: [2], 2: [3]}
{0: [0], 1: [1], 2: [2]}
SCORE: 11.966

-------------------

/sˈɔːɣjə/ - /zˈɛɦn̩/
s_ˈɔː-z / ∅-ˈɛ / ɣ-ɦ / j_ə-n
{0: [0, 1], 1: None, 2: [2], 3: [3, 4]}
{0: [0], 1: [1], 2: [2], 3: [3]}
SCORE: 3.941

-------------------

/sˈɛks/ - /zˈɛsə/
s-z / ˈɛ-ˈɛ / k_s-s / #>-ə_#>
{0: [0], 1: [1], 2: [2, 3], 3: None}
{0: [0], 1: [1], 2: [2], 3: [3]}
SCORE: 11.949

-------------------

/sˈɛlvən/ - /zˈæwv̥/
s-z / ˈɛ-ˈæ / l-w / v-∅ / ə-∅ / n-∅ / #>-v̥_#>
{0: [0], 1: [1], 2: [2], 3: [3], 4: [4], 5: [5], 6: None}
{0: [0], 1: [1], 2: [2], 3: None, 4: None, 5: None, 6: [3]}
SCORE: -0.545

-------------------

/sˈɛɪ̯kə/ - /zˈuə̯kn̩/
s-z / ˈɛɪ̯-ˈuə̯ / k-k / ə-n
{0: [0], 1: [1], 2: [2], 3: [3]}
{0: [0], 1: [1], 2: [2], 3: [3]}
SCORE: 19.123

-------------------

/sˈɛːrkə/ - /kˈæɾkə/
s-k / ˈɛː-ˈæ / r-ɾ / k_ə-k_ə
{0: [0], 1: [1], 2: [2], 3: [3, 4]}
{0: [0], 1: [1], 2: [2], 3: [3, 4]}
SCORE: 18.959

-------------------

/sˈɪtə/ - /zˈɛtn̩/
s-z / ˈɪ-ˈɛ / t-t / ə-n
{0: [0], 1: [1], 2: [2], 3: [3]}
{0: [0], 1: [1], 2: [2], 3: [3]}
SCORE: 19.252

-------------------

/sˈʊstər/ - /zˈœstɾ̩/
s-z / ˈʊ-ˈœ / s-s / t-t / ə_r-ɾ
{0: [0], 1: [1], 2: [2], 3: [3], 4: [4, 5]}
{0: [0], 1: [1], 2: [2], 3: [3], 4: [4]}
SCORE: 24.521

-------------------

/tjˈoːf/ - /dˈiə̯v̥/
<#_t-<#_d / j-ˈiə̯ / ˈoː_f-v̥
{0: [0], 1: [1], 2: [2, 3]}
{0: [0], 1: [1], 2: [2]}
SCORE: 16.963

-------------------

/tjˈoːn/ - /tˈiə̯nə/
t-t / j_ˈoː-ˈiə̯ / n-n_ə
{0: [0], 1: [1, 2], 2: [3]}
{0: [0], 1: [1], 2: [2, 3]}
SCORE: 14.992

-------------------

/trˈoːnə/ - /tɾˈɒːn/
t-t / r-ɾ / ˈoː-ˈɒː / n-n / ə_#>-#>
{0: [0], 1: [1], 2: [2], 3: [3], 4: [4]}
{0: [0], 1: [1], 2: [2], 3: [3], 4: None}
SCORE: 16.939

-------------------

/trˈɛtin/ - /dˈæɾtiə̯nə/
<#_t-<#_d / ∅-ˈæ / r-ɾ / ˈɛ-∅ / t-t / i-iə̯ / n-n_ə
{0: [0], 1: None, 2: [1], 3: [2], 4: [3], 5: [4], 6: [5]}
{0: [0], 1: [1], 2: [2], 3: None, 4: [3], 5: [4], 6: [5, 6]}
SCORE: 18.496

-------------------

/tvˈeːlɪx/ - /tʋˈɔwvə/
t-t / v-ʋ / ˈeː-∅ / l-ˈɔ_w / ∅-v / ɪ-ə / x-∅
{0: [0], 1: [1], 2: [2], 3: [3], 4: None, 5: [4], 6: [5]}
{0: [0], 1: [1], 2: None, 3: [2, 3], 4: [4], 5: [5], 6: None}
SCORE: 1.849

-------------------

/tvˈɛɪ̯n/ - /tʋˈɛː/
t-t / v-ʋ / ˈɛɪ̯-ˈɛː / n-∅
{0: [0], 1: [1], 2: [2], 3: [3]}
{0: [0], 1: [1], 2: [2], 3: None}
SCORE: 12.815

-------------------

/tvˈɪntɪx/ - /tʋˈiə̯ntəɦ̥/
t-t / v-ʋ / ∅-ˈiə̯ / ˈɪ-∅ / n-n / t-t / ɪ-ə / x-ɦ̥
{0: [0], 1: [1], 2: None, 3: [2], 4: [3], 5: [4], 6: [5], 7: [6]}
{0: [0], 1: [1], 2: [2], 3: None, 4: [3], 5: [4], 6: [5], 7: [6]}
SCORE: 19.502

-------------------

/tˈeːkən/ - /tˈeːkən/
t-t / ˈeː-ˈeː / k_ə-k_ə / n-n
{0: [0], 1: [1], 2: [2, 3], 3: [4]}
{0: [0], 1: [1], 2: [2, 3], 3: [4]}
SCORE: 27.088

-------------------

/tˈiːd/ - /tˈid̥/
t-t / ˈiː-ˈi / d-d̥
{0: [0], 1: [1], 2: [2]}
{0: [0], 1: [1], 2: [2]}
SCORE: 18.409

-------------------

/tˈoːnə/ - /tˈeːn/
t-t / ˈoː-ˈeː / n-n / ə_#>-#>
{0: [0], 1: [1], 2: [2], 3: [3]}
{0: [0], 1: [1], 2: [2], 3: None}
SCORE: 11.995

-------------------

/tˈoːu̯dən/ - /dˈoːɾn/
<#_t-<#_d / ˈoːu̯_d-ˈoː / ə-ɾ / n-n
{0: [0], 1: [1, 2], 2: [3], 3: [4]}
{0: [0], 1: [1], 2: [2], 3: [3]}
SCORE: 12.582

-------------------

/tˈuːmə/ - /dˈyːmə/
<#_t-<#_d / ˈuː-ˈyː / m-m / ə-ə
{0: [0], 1: [1], 2: [2], 3: [3]}
{0: [0], 1: [1], 2: [2], 3: [3]}
SCORE: 23.459

-------------------

/tˈɛːn/ - /dˈɪnə/
<#_t-<#_d / ˈɛː-∅ / n-ˈɪ_n / #>-ə_#>
{0: [0], 1: [1], 2: [2], 3: None}
{0: [0], 1: None, 2: [1, 2], 3: [3]}
SCORE: 1.619

-------------------

/tˈʊŋə/ - /tˈuŋə/
t-t / ˈʊ-ˈu / ŋ-ŋ / ə-ə
{0: [0], 1: [1], 2: [2], 3: [3]}
{0: [0], 1: [1], 2: [2], 3: [3]}
SCORE: 24.916

-------------------

/vˈeːdər/ - /ʋˈeːɾ/
v-ʋ / ˈeː-ˈeː / d-∅ / ə_r-ɾ
{0: [0], 1: [1], 2: [2], 3: [3, 4]}
{0: [0], 1: [1], 2: None, 3: [2]}
SCORE: 8.964

-------------------

/vˈi/ - /ʋˈidəɾ/
v-ʋ / ˈi-ˈi / ∅-d / ∅-ə / #>-ɾ_#>
{0: [0], 1: [1], 2: None, 3: None, 4: None}
{0: [0], 1: [1], 2: [2], 3: [3], 4: [4]}
SCORE: 3.25

-------------------

/vˈin/ - /ʋˈin/
v-ʋ / ˈi-ˈi / n-n
{0: [0], 1: [1], 2: [2]}
{0: [0], 1: [1], 2: [2]}
SCORE: 18.449

-------------------

/vˈit/ - /ʋˈɛt/
v-ʋ / ∅-ˈɛ / ˈi-∅ / t-t
{0: [0], 1: None, 2: [1], 3: [2]}
{0: [0], 1: [1], 2: None, 3: [2]}
SCORE: 2.819

-------------------

/vˈiːk/ - /ʋˈeːkə/
v-ʋ / ∅-ˈeː / ˈiː-∅ / k-k_ə
{0: [0], 1: None, 2: [1], 3: [2]}
{0: [0], 1: [1], 2: None, 3: [2, 3]}
SCORE: 1.894

-------------------

/vˈiːnd/ - /ʋˈɪnd̥/
v-ʋ / ˈiː-ˈɪ / n-n / d-d̥
{0: [0], 1: [1], 2: [2], 3: [3]}
{0: [0], 1: [1], 2: [2], 3: [3]}
SCORE: 21.325

-------------------

/vˈoːrm/ - /ʋˈɑɾm/
v-ʋ / ˈoː-ˈɑ / r-ɾ / m-m
{0: [0], 1: [1], 2: [2], 3: [3]}
{0: [0], 1: [1], 2: [2], 3: [3]}
SCORE: 18.835

-------------------

/vˈoːu̯d/ - /ʋˈoːɾd̥/
v-ʋ / ˈoːu̯-ˈoː_ɾ / d-d̥
{0: [0], 1: [1], 2: [2]}
{0: [0], 1: [1, 2], 2: [3]}
SCORE: 16.714

-------------------

/vˈɔːtər/ - /ʋˈɒːtɾ̩/
v-ʋ / ˈɔː-ˈɒː / t-t / ə_r-ɾ
{0: [0], 1: [1], 2: [2], 3: [3, 4]}
{0: [0], 1: [1], 2: [2], 3: [3]}
SCORE: 18.134

-------------------

/vˈɛt/ - /ʋˈɑt/
v-ʋ / ˈɛ-ˈɑ / t-t
{0: [0], 1: [1], 2: [2]}
{0: [0], 1: [1], 2: [2]}
SCORE: 15.601

-------------------

/vˈɪntər/ - /ʋˈɪntəɾ/
v-ʋ / ˈɪ-ˈɪ / n-n / t-t / ə-ə / r-ɾ
{0: [0], 1: [1], 2: [2], 3: [3], 4: [4], 5: [5]}
{0: [0], 1: [1], 2: [2], 3: [3], 4: [4], 5: [5]}
SCORE: 29.137

-------------------

/vˈʊlə/ - /ʋˈœlə/
v-ʋ / ˈʊ-ˈœ / l-l / ə-ə
{0: [0], 1: [1], 2: [2], 3: [3]}
{0: [0], 1: [1], 2: [2], 3: [3]}
SCORE: 22.037

-------------------

/ɣrˈoːt/ - /ɦɾˈoːt/
ɣ-ɦ / r-ɾ / ˈoː-ˈoː / t-t
{0: [0], 1: [1], 2: [2], 3: [3]}
{0: [0], 1: [1], 2: [2], 3: [3]}
SCORE: 22.229

-------------------

/ɣrˈɛɪ̯n/ - /ɦɾˈuə̯nə/
ɣ-ɦ / r-ɾ / ˈɛɪ̯-ˈuə̯ / n-n_ə
{0: [0], 1: [1], 2: [2], 3: [3]}
{0: [0], 1: [1], 2: [2], 3: [3, 4]}
SCORE: 20.122

-------------------

/ɣˈaːst/ - /ɦˈɑst/
ɣ-ɦ / ˈaː-ˈɑ / s-s / t-t
{0: [0], 1: [1], 2: [2], 3: [3]}
{0: [0], 1: [1], 2: [2], 3: [3]}
SCORE: 19.839

-------------------

/ɣˈoːu̯d/ - /ɦˈuə̯d̥/
ɣ-ɦ / ˈoːu̯-ˈuə̯ / d-d̥
{0: [0], 1: [1], 2: [2]}
{0: [0], 1: [1], 2: [2]}
SCORE: 18.77

-------------------

/ɣˈoːu̯ld/ - /ɦˈud̥/
ɣ-ɦ / ˈoːu̯-∅ / l-ˈu / d-d̥
{0: [0], 1: [1], 2: [2], 3: [3]}
{0: [0], 1: None, 2: [1], 3: [2]}
SCORE: 11.054

-------------------

/ɣˈoːu̯s/ - /ɦˈɑnzə/
ɣ-ɦ / ˈoːu̯-ˈɑ_n / s-z / #>-ə_#>
{0: [0], 1: [1], 2: [2], 3: None}
{0: [0], 1: [1, 2], 2: [3], 3: [4]}
SCORE: 14.311

-------------------

/ɣˈɔd/ - /ɦˈɔd̥/
ɣ-ɦ / ˈɔ-ˈɔ / d-d̥
{0: [0], 1: [1], 2: [2]}
{0: [0], 1: [1], 2: [2]}
SCORE: 20.191

-------------------

/ɣˈɛɪ̯st/ - /ɦˈɛːst/
ɣ-ɦ / ˈɛɪ̯-ˈɛː / s-s / t-t
{0: [0], 1: [1], 2: [2], 3: [3]}
{0: [0], 1: [1], 2: [2], 3: [3]}
SCORE: 22.965

-------------------

/ɣˈɛːrs/ - /ɦɾˈɑs/
ɣ-ɦ / ˈɛː-∅ / r-ɾ / s-ˈɑ_s
{0: [0], 1: [1], 2: [2], 3: [3]}
{0: [0], 1: None, 2: [1], 3: [2, 3]}
SCORE: 9.518

-------------------

/ˈalvən/ - /ˈæwvə/
ˈa-ˈæ / l-w / v-v / ə-ə / n-∅
{0: [0], 1: [1], 2: [2], 3: [3], 4: [4]}
{0: [0], 1: [1], 2: [2], 3: [3], 4: None}
SCORE: 12.548

-------------------

/ˈap/ - /ˈɔp/
∅-ˈɔ / ˈa-∅ / p-p
{0: None, 1: [0], 2: [1]}
{0: [0], 1: None, 2: [1]}
SCORE: 1.664

-------------------

/ˈapəl/ - /ˈɑpəl/
ˈa-ˈɑ / p-p / ə-ə / l_#>-l_#>
{0: [0], 1: [1], 2: [2], 3: [3]}
{0: [0], 1: [1], 2: [2], 3: [3]}
SCORE: 24.555

-------------------

/ˈaːn/ - /ˈɛːn/
∅-ˈɛː / ˈaː-∅ / n-n
{0: None, 1: [0], 2: [1]}
{0: [0], 1: None, 2: [1]}
SCORE: -1.06

-------------------

/ˈeːkə/ - /ˈɛːk/
ˈeː-ˈɛː / k_ə-k
{0: [0], 1: [1, 2]}
{0: [0], 1: [1]}
SCORE: 13.333

-------------------

/ˈik/ - /ək/
∅-ə / ˈi-∅ / k-k
{0: None, 1: [0], 2: [1]}
{0: [0], 1: None, 2: [1]}
SCORE: -0.295

-------------------

/ˈis/ - /ˈiz̥/
ˈi-ˈi / s_#>-z̥_#>
{0: [0], 1: [1]}
{0: [0], 1: [1]}
SCORE: 17.761

-------------------

/ˈitə/ - /ˈeːtn̩/
∅-ˈeː / ˈi-∅ / t-t / ə-n
{0: None, 1: [0], 2: [1], 3: [2]}
{0: [0], 1: None, 2: [1], 3: [2]}
SCORE: -0.159

-------------------

/ˈiːrm/ - /ˈɒːɾm/
ˈiː-ˈɒː / r-ɾ / m-m
{0: [0], 1: [1], 2: [2]}
{0: [0], 1: [1], 2: [2]}
SCORE: 19.029

-------------------

/ˈoːld/ - /ˈud̥/
ˈoː_l-ˈu / d-d̥
{0: [0, 1], 1: [2]}
{0: [0], 1: [1]}
SCORE: 14.303

-------------------

/ˈoːr/ - /ˈoːɾə/
ˈoː-ˈoː / r-ɾ / #>-ə_#>
{0: [0], 1: [1], 2: None}
{0: [0], 1: [1], 2: [2]}
SCORE: 10.421

-------------------

/ˈoːu̯ɣənd/ - /ˈoːvn̩/
ˈoːu̯-ˈoː / ɣ_ə-v / n-n / d-∅
{0: [0], 1: [1, 2], 2: [3], 3: [4]}
{0: [0], 1: [1], 2: [2], 3: None}
SCORE: 6.945

-------------------

/ˈoːɣə/ - /ˈoːɦə/
ˈoː-ˈoː / ɣ-ɦ / ə-ə
{0: [0], 1: [1], 2: [2]}
{0: [0], 1: [1], 2: [2]}
SCORE: 16.72

-------------------

/ˈuːlə/ - /ˈyːl/
ˈuː-ˈyː / l-l / ə_#>-#>
{0: [0], 1: [1], 2: [2]}
{0: [0], 1: [1], 2: None}
SCORE: 13.34

-------------------

/ˈuːr/ - /ˈoːvɾ̩/
ˈuː-ˈoː / ∅-v / r-ɾ
{0: [0], 1: None, 2: [1]}
{0: [0], 1: [1], 2: [2]}
SCORE: 5.983

-------------------

/ˈuːt/ - /ˈyːt/
ˈuː-ˈyː / t-t
{0: [0], 1: [1]}
{0: [0], 1: [1]}
SCORE: 15.49

-------------------

/ˈɔːpə/ - /ˈɒːp/
ˈɔː-ˈɒː / p-p / ə_#>-#>
{0: [0], 1: [1], 2: [2]}
{0: [0], 1: [1], 2: None}
SCORE: 13.917

-------------------

/ˈɔːxtə/ - /ˈɑhtə/
ˈɔː-ˈɑ / x-h / t-t / ə-ə
{0: [0], 1: [1], 2: [2], 3: [3]}
{0: [0], 1: [1], 2: [2], 3: [3]}
SCORE: 19.666

-------------------

/ˈɛɪ̯də/ - /ˈɛːɾdə/
ˈɛɪ̯-ˈɛː / ∅-ɾ / d-d / ə-ə
{0: [0], 1: None, 2: [1], 3: [2]}
{0: [0], 1: [1], 2: [2], 3: [3]}
SCORE: 12.175

-------------------

/ˈɛːskə/ - /ˈɑsə/
ˈɛː-ˈɑ / s-s / k_ə-ə
{0: [0], 1: [1], 2: [2, 3]}
{0: [0], 1: [1], 2: [2]}
SCORE: 14.946

-------------------

/ˈɪn/ - /ˈɪn/
ˈɪ-ˈɪ / n-n
{0: [0], 1: [1]}
{0: [0], 1: [1]}
SCORE: 14.221

-------------------

/ˈʊnər/ - /ˈɔndəɾ/
∅-ˈɔ / ˈʊ-∅ / n-n / ə-d_ə / r-ɾ
{0: None, 1: [0], 2: [1], 3: [2], 4: [3]}
{0: [0], 1: None, 2: [1], 3: [2, 3], 4: [4]}
SCORE: 2.977
