/blˈoːma/ - /blˈoːu̯mə/
b-b / l-l / ˈoː-ˈoːu̯ / m-m / a-ə

-------------------

/blˈoːθ/ - /blˈoːu̯d/
b-b / l-l / ˈoː-ˈoːu̯ / θ-d

-------------------

/brˈoːθar/ - /brˈuːr/
b-b / r-r / ˈoː-ˈuː / θ-∅ / a-∅ / r-r

-------------------

/brˈusts/ - /brˈʊst/
b-b / r-r / ˈu-ˈʊ / s-s / t-t / s-∅
b-b / r-r / ˈu-ˈʊ / s-s / t_s-t

-------------------

/brˈɔθ/ - /brˈoːd/
b-b / r-r / ˈɔ-ˈoː / θ-d

-------------------

/bˈarn/ - /bˈɛɪ̯dən/
b-b / ˈa-∅ / r-ˈɛɪ̯ / ∅-d / ∅-ə / n-n

-------------------

/bˈatiza/ - /bˈeːtər/
b-b / ˈa-ˈeː / t-t / i-ə / z-r / a-∅

-------------------

/bˈaɡms/ - /bˈoːm/
b-b / ˈa-ˈoː / ɡ-∅ / m-m / s-∅
b-b / ˈa-ˈoː / ɡ-∅ / m_s-m

-------------------

/bˈiðjan/ - /bˈɪdə/
b-b / ˈi-ˈɪ / ð-d / j-∅ / a-ə / n-∅
b-b / ˈi-ˈɪ / ð-d / j-∅ / a_n-ə

-------------------

/bˈiːtan/ - /bˈitə/
b-b / ˈiː-ˈi / t-t / a-ə / n-∅
b-b / ˈiː-ˈi / t-t / a_n-ə

-------------------

/bˈɛra/ - /bˈɔːr/
b-b / ˈɛ-ˈɔː / r-r / a-∅

-------------------

/bˈɛra/ - /bˈɔːrə/
b-b / ˈɛ-ˈɔː / r-r / a-ə

-------------------

/bˈɛrɡs/ - /bˈiːrɪx/
b-b / ˈɛ-ˈiː / r-r / ∅-ɪ / ɡ-x / s-∅

-------------------

/drˈiŋkan/ - /drˈɪŋkə/
d-d / r-r / ˈi-ˈɪ / ŋ-ŋ / k-k / a-ə / n-∅
d-d / r-r / ˈi-ˈɪ / ŋ-ŋ / k-k / a_n-ə

-------------------

/drˈiːβan/ - /drˈiːwə/
d-d / r-r / ˈiː-ˈiː / β-w / a-ə / n-∅
d-d / r-r / ˈiː-ˈiː / β-w / a_n-ə

-------------------

/dˈaxs/ - /dˈaːi̯/
d-d / ˈa-ˈaːi̯ / x-∅ / s-∅

-------------------

/dˈiu̯ps/ - /jˈoːp/
d-∅ / ˈiu̯-j / ∅-ˈoː / p-p / s-∅

-------------------

/dˈiu̯s/ - /dˈiːrt/
d-d / ˈiu̯-ˈiː / ∅-r / s-t

-------------------

/dˈɔːhtar/ - /dˈɔxtər/
d-d / ˈɔː-ˈɔ / h-x / t-t / a-ə / r-r

-------------------

/dˈɔːθus/ - /dˈoːt/
d-d / ˈɔː-ˈoː / θ-t / u-∅ / s-∅

-------------------

/frˈijoːnds/ - /frˈyːnd/
f-f / r-r / ˈi-∅ / j-ˈyː / oː-∅ / n-n / d-d / s-∅

-------------------

/frˈiːs/ - /frˈɛɪ̯/
f-f / r-r / ˈiː-ˈɛɪ̯ / s-∅
f-f / r-r / ˈiː_s-ˈɛɪ̯

-------------------

/fˈaðar/ - /fˈɔːr/
f-f / ˈa-ˈɔː / ð-∅ / a-∅ / r-r

-------------------

/fˈimf/ - /fˈiːw/
f-f / ˈi-ˈiː / m-w / f-∅

-------------------

/fˈisks/ - /fˈɪsk/
f-f / ˈi-ˈɪ / s-s / k-k / s-∅

-------------------

/fˈiðwoːr/ - /fjˈaːu̯ər/
f-f / ˈi-j / ð-∅ / w-ˈaːu̯ / oː-ə / r-r

-------------------

/fˈiŋɡrs/ - /fˈɪŋər/
f-f / ˈi-ˈɪ / ŋ-ŋ / ɡ-∅ / ∅-ə / r-r / s-∅
f-f / ˈi-ˈɪ / ŋ_ɡ-ŋ / ∅-ə / r-r / s-∅

-------------------

/fˈoːn/ - /fjˈuːr/
f-f / ∅-j / ˈoː-ˈuː / n-r
f-f / ∅-j / ˈoː-ˈuː / n-∅ / ∅-r

-------------------

/fˈoːtus/ - /fˈoːu̯t/
f-f / ˈoː-ˈoːu̯ / t-t / u-∅ / s-∅

-------------------

/fˈulːs/ - /fˈʊl/
f-f / ˈu-ˈʊ / lː-l / s-∅

-------------------

/fˈuɡls/ - /fˈuːɣəl/
f-f / ˈu-ˈuː / ɡ-ɣ / ∅-ə / l-l / s-∅

-------------------

/hlˈahjan/ - /lˈaːxjə/
h-∅ / l-l / ˈa-ˈaː / h-x / j-j / a-ə / n-∅
h-∅ / l-l / ˈa-ˈaː / h-x / j-j / a_n-ə

-------------------

/hlˈɔːpan/ - /lˈoːpə/
h-∅ / l-l / ˈɔː-ˈoː / p-p / a-ə / n-∅
h-∅ / l-l / ˈɔː-ˈoː / p-p / a_n-ə

-------------------

/hrˈiŋɡs/ - /rˈɪŋ/
h-∅ / r-r / ˈi-ˈɪ / ŋ-ŋ / ɡ-∅ / s-∅
h-∅ / r-r / ˈi-ˈɪ / ŋ_ɡ-ŋ / s-∅

-------------------

/hˈandus/ - /hˈoːu̯ndə/
h-h / ˈa-ˈoːu̯ / n-n / d-d / u-ə / s-∅

-------------------

/hˈaβaːn/ - /hˈɛbə/
h-h / ˈa-ˈɛ / β-b / aː-ə / n-∅

-------------------

/hˈeːr/ - /hˈir/
h-h / ˈeː-ˈi / r-r

-------------------

/hˈund/ - /hˈʊndərt/
h-h / ˈu-ˈʊ / n-n / d-d / ∅-ə / ∅-r / ∅-t

-------------------

/hˈunds/ - /hˈuːnd/
h-h / ˈu-ˈuː / n-n / d-d / s-∅

-------------------

/hˈuːhrus/ - /hˈʊŋər/
h-h / ˈuː-ˈʊ / h-ŋ / ∅-ə / r-r / u-∅ / s-∅

-------------------

/hˈuːs/ - /hˈuːs/
h-h / ˈuː-ˈuː / s-s

-------------------

/hˈɔrn/ - /hˈoːu̯dən/
h-h / ˈɔ-ˈoːu̯ / ∅-d / r-ə / n-n

-------------------

/hˈɔːhs/ - /hˈoːx/
h-h / ˈɔː-ˈoː / h-x / s-∅

-------------------

/hˈɔːsjan/ - /hˈeːrə/
h-h / ˈɔː-ˈeː / s-∅ / j-r / a-ə / n-∅
h-h / ˈɔː-ˈeː / s-∅ / j-r / a_n-ə

-------------------

/hˈɔβiθ/ - /hˈaːu̯d/
h-h / ˈɔ-ˈaːu̯ / β-∅ / i-∅ / θ-d

-------------------

/hˈɔβiθ/ - /kˈɔp/
h-k / ˈɔ-ˈɔ / β-p / i-∅ / θ-∅

-------------------

/hˈɛrtoː/ - /hˈaːt/
h-h / ˈɛ-ˈaː / r-∅ / t-t / oː-∅

-------------------

/hˈɛːlaxs/ - /hˈɛlɪx/
h-h / ˈɛː-ˈɛ / l-l / a-ɪ / x-x / s-∅

-------------------

/hˈɛːms/ - /hˈeːm/
h-h / ˈɛː-ˈeː / m-m / s-∅
h-h / ˈɛː-ˈeː / m_s-m

-------------------

/jˈeːr/ - /jˈiːr/
j-j / ˈeː-ˈiː / r-r

-------------------

/jˈuŋɡs/ - /jˈʊŋk/
j-j / ˈu-ˈʊ / ŋ-ŋ / ɡ-k / s-∅

-------------------

/knˈiu̯/ - /knˈibəl/
k-k / n-n / ˈiu̯-ˈi / ∅-b / ∅-ə / ∅-l

-------------------

/kˈalboː/ - /kˈoːləx/
k-k / ˈa-ˈoː / l-l / b-∅ / oː-ə / ∅-x

-------------------

/kˈalds/ - /kˈoːld/
k-k / ˈa-ˈoː / l-l / d-d / s-∅

-------------------

/kˈunːan/ - /kˈɔnə/
k-k / ˈu-ˈɔ / nː-n / a-ə / n-∅
k-k / ˈu-ˈɔ / nː-n / a_n-ə

-------------------

/lˈamb/ - /lˈoːu̯m/
l-l / ˈa-ˈoːu̯ / m-m / b-∅

-------------------

/lˈant/ - /lˈoːu̯nd/
l-l / ˈa-ˈoːu̯ / n-n / t-d

-------------------

/lˈaŋɡs/ - /lˈɔːŋ/
l-l / ˈa-ˈɔː / ŋ-ŋ / ɡ-∅ / s-∅
l-l / ˈa-ˈɔː / ŋ_ɡ-ŋ / s-∅

-------------------

/lˈɔːfs/ - /lˈoːf/
l-l / ˈɔː-ˈoː / f-f / s-∅
l-l / ˈɔː-ˈoː / f_s-f

-------------------

/mˈanːa/ - /mˈɔn/
m-m / ˈa-ˈɔ / nː-n / a-∅

-------------------

/mˈanːisks/ - /mˈɔːnskə/
m-m / ˈa-ˈɔː / nː-n / i-∅ / s-s / k-k / s-∅ / ∅-ə
m-m / ˈa-ˈɔː / nː-n / i_s-s / k-k / s-∅ / ∅-ə
m-m / ˈa-ˈɔː / nː-n / i_s-s / k_s-k / ∅-ə

-------------------

/mˈeːna/ - /mˈoːu̯nə/
m-m / ˈeː-ˈoːu̯ / n-n / a-ə

-------------------

/mˈik/ - /mˈi/
m-m / ˈi-ˈi / k-∅

-------------------

/mˈiluks/ - /mˈɔːlk/
m-m / ˈi-ˈɔː / l-l / u-∅ / k-k / s-∅
m-m / ˈi-ˈɔː / l-l / u-∅ / k_s-k

-------------------

/mˈunθs/ - /mˈunt/
m-m / ˈu-ˈu / n-n / θ-t / s-∅

-------------------

/nˈahts/ - /nˈɔːxt/
n-n / ˈa-ˈɔː / h-x / t-t / s-∅
n-n / ˈa-ˈɔː / h-x / t_s-t

-------------------

/nˈamoː/ - /nˈoːmə/
n-n / ˈa-ˈoː / m-m / oː-ə

-------------------

/nˈaɡls/ - /nˈaːi̯l/
n-n / ˈa-ˈaːi̯ / ɡ-∅ / l-l / s-∅

-------------------

/nˈeːθla/ - /nˈɛdəl/
n-n / ˈeː-ˈɛ / θ-d / ∅-ə / l-l / a-∅

-------------------

/nˈiu̯jis/ - /nˈɛɪ̯/
n-n / ˈiu̯-ˈɛɪ̯ / j-∅ / i-∅ / s-∅

-------------------

/nˈiu̯n/ - /njˈuːɣən/
n-n / ˈiu̯-j / ∅-ˈuː / ∅-ɣ / ∅-ə / n-n

-------------------

/rˈiɡn/ - /rˈin/
r-r / ˈi-ˈi / ɡ-∅ / n-n

-------------------

/rˈiːkiːs/ - /rˈik/
r-r / ˈiː-ˈi / k-k / iː-∅ / s-∅

-------------------

/rˈɔθs/ - /rˈoːd/
r-r / ˈɔ-ˈoː / θ-d / s-∅

-------------------

/rˈɛhts/ - /rjˈʊxt/
r-r / ˈɛ-j / ∅-ˈʊ / h-x / t-t / s-∅
r-r / ˈɛ-j / ∅-ˈʊ / h-x / t_s-t

-------------------

/skˈarps/ - /skˈɛːrp/
s-s / k-k / ˈa-ˈɛː / r-r / p-p / s-∅

-------------------

/skˈip/ - /skˈɪp/
s-s / k-k / ˈi-ˈɪ / p-p

-------------------

/skˈɔːns/ - /skˈeːn/
s-s / k-k / ˈɔː-ˈeː / n-n / s-∅

-------------------

/slˈahan/ - /slˈoː/
s-s / l-l / ˈa-ˈoː / h-∅ / a-∅ / n-∅

-------------------

/slˈeːpan/ - /slˈɛɪ̯pə/
s-s / l-l / ˈeː-ˈɛɪ̯ / p-p / a-ə / n-∅
s-s / l-l / ˈeː-ˈɛɪ̯ / p-p / a_n-ə

-------------------

/snˈɛːws/ - /snˈeː/
s-s / n-n / ˈɛː_w-ˈeː / s-∅

-------------------

/stˈoːls/ - /stˈoːu̯l/
s-s / t-t / ˈoː-ˈoːu̯ / l-l / s-∅

-------------------

/stˈɛrnoː/ - /stˈiːrn/
s-s / t-t / ˈɛ-ˈiː / r-r / n-n / oː-∅

-------------------

/stˈɛːns/ - /stˈeːn/
s-s / t-t / ˈɛː-ˈeː / n-n / s-∅

-------------------

/swˈarts/ - /svˈɔt/
s-s / w-v / ˈa-ˈɔ / r-∅ / t-t / s-∅
s-s / w-v / ˈa-ˈɔ / r-∅ / t_s-t

-------------------

/swˈistar/ - /sˈʊstər/
s-s / w-ˈʊ / ˈi-∅ / s-s / t-t / a-ə / r-r

-------------------

/swˈiːn/ - /swˈin/
s-s / w-w / ˈiː-ˈi / n-n

-------------------

/sˈalt/ - /sˈɔːlt/
s-s / ˈa-ˈɔː / l-l / t-t

-------------------

/sˈitan/ - /sˈɪtə/
s-s / ˈi-ˈɪ / t-t / a-ə / n-∅
s-s / ˈi-ˈɪ / t-t / a_n-ə

-------------------

/sˈiŋɡʷan/ - /sjˈʊŋə/
s-s / ˈi-j / ŋ-ˈʊ / ɡʷ-ŋ / a-ə / n-∅
s-s / ˈi-j / ŋ-ˈʊ / ɡʷ-ŋ / a_n-ə

-------------------

/sˈiβun/ - /sˈoːɣən/
s-s / ˈi-ˈoː / β-ɣ / u-ə / n-n

-------------------

/sˈunus/ - /sˈuːn/
s-s / ˈu-ˈuː / n-n / u-∅ / s-∅

-------------------

/sˈɛhs/ - /sˈɛks/
s-s / ˈɛ-ˈɛ / h-k / s-s

-------------------

/sˈɛʍan/ - /sjˈoː/
s-s / ˈɛ-j / ʍ-ˈoː / a-∅ / n-∅

-------------------

/sˈɛːws/ - /sˈeː/
s-s / ˈɛː_w-ˈeː / s-∅

-------------------

/twˈalif/ - /tvˈeːlɪx/
t-t / w-v / ˈa-ˈeː / l-l / i-ɪ / f-x

-------------------

/twˈɛː/ - /tvˈoː/
t-t / w-v / ˈɛː-ˈoː

-------------------

/twˈɛː/ - /tvˈɛɪ̯n/
t-t / w-v / ˈɛː-ˈɛɪ̯ / ∅-n

-------------------

/twˈɛːtˈiɣjus/ - /tvˈɪntɪx/
t-t / w-v / ˈɛː-ˈɪ / ∅-n / t-t / ˈi-ɪ / ɣ-x / j-∅ / u-∅ / s-∅

-------------------

/tˈuŋɡoː/ - /tˈʊŋə/
t-t / ˈu-ˈʊ / ŋ-ŋ / ɡ-∅ / oː-ə
t-t / ˈu-ˈʊ / ŋ_ɡ-ŋ / oː-ə

-------------------

/tˈɛhun/ - /tjˈoːn/
t-t / ˈɛ-j / h-∅ / u-ˈoː / n-n

-------------------

/wˈatoː/ - /vˈɔːtər/
w-v / ˈa-ˈɔː / t-t / oː-ə / ∅-r

-------------------

/wˈeːpn/ - /vˈɛɪ̯pən/
w-v / ˈeː-ˈɛɪ̯ / p-p / ∅-ə / n-n

-------------------

/wˈinds/ - /vˈiːnd/
w-v / ˈi-ˈiː / n-n / d-d / s-∅

-------------------

/wˈitan/ - /vˈiːtə/
w-v / ˈi-ˈiː / t-t / a-ə / n-∅
w-v / ˈi-ˈiː / t-t / a_n-ə

-------------------

/wˈiɡs/ - /vˈaːi̯/
w-v / ˈi-ˈaːi̯ / ɡ-∅ / s-∅

-------------------

/wˈiːs/ - /vˈi/
w-v / ˈiː-ˈi / s-∅

-------------------

/wˈulfs/ - /vˈʊlf/
w-v / ˈu-ˈʊ / l-l / f-f / s-∅
w-v / ˈu-ˈʊ / l-l / f_s-f

-------------------

/wˈulːa/ - /vˈʊɫə/
w-v / ˈu-ˈʊ / lː-ɫ / a-ə

-------------------

/wˈɔrms/ - /vˈʊrm/
w-v / ˈɔ-ˈʊ / r-r / m-m / s-∅
w-v / ˈɔ-ˈʊ / r-r / m_s-m

-------------------

/wˈɔrt/ - /vˈoːu̯d/
w-v / ˈɔ-ˈoːu̯ / r-∅ / t-d

-------------------

/ɡˈans/ - /ɣˈoːu̯s/
ɡ-ɣ / ˈa-ˈoːu̯ / n-∅ / s-s

-------------------

/ɡˈiβan/ - /jˈeːu̯və/
ɡ-∅ / ∅-j / ˈi-ˈeːu̯ / β-v / a-ə / n-∅
ɡ-∅ / ∅-j / ˈi-ˈeːu̯ / β-v / a_n-ə

-------------------

/ɡˈoːθs/ - /ɣˈoːu̯d/
ɡ-ɣ / ˈoː-ˈoːu̯ / θ-d / s-∅

-------------------

/ɡˈulθ/ - /ɣˈoːu̯ld/
ɡ-ɣ / ˈu-ˈoːu̯ / l-l / θ-d

-------------------

/ɡˈuθ/ - /ɣˈɔd/
ɡ-ɣ / ˈu-ˈɔ / θ-d

-------------------

/ʍˈa/ - /vˈɛt/
ʍ-v / ˈa-ˈɛ / ∅-t

-------------------

/ʍˈiːts/ - /vˈit/
ʍ-v / ˈiː-ˈi / t-t / s-∅
ʍ-v / ˈiː-ˈi / t_s-t

-------------------

/ˈada/ - /ˈɔːɪ̯/
ˈa-ˈɔːɪ̯ / d-∅ / a-∅

-------------------

/ˈahtɔː/ - /ˈɔːxtə/
ˈa-ˈɔː / h-x / t-t / ɔː-ə

-------------------

/ˈalːs/ - /ˈaːl/
ˈa-ˈaː / lː-l / s-∅

-------------------

/ˈalθiːs/ - /ˈoːld/
ˈa-ˈoː / l-l / θ-d / iː-∅ / s-∅

-------------------

/ˈapel/ - /ˈapəl/
ˈa-ˈa / p-p / e-ə / l-l

-------------------

/ˈarms/ - /ˈiːrm/
ˈa-ˈiː / r-r / m-m / s-∅
ˈa-ˈiː / r-r / m_s-m

-------------------

/ˈazɡoː/ - /ˈɛːskə/
ˈa-ˈɛː / z-s / ɡ-k / oː-ə

-------------------

/ˈik/ - /ˈik/
ˈi-ˈi / k-k

-------------------

/ˈin/ - /ˈɪn/
ˈi-ˈɪ / n-n

-------------------

/ˈufar/ - /ˈuːr/
ˈu-ˈuː / f-∅ / a-∅ / r-r

-------------------

/ˈuŋkis/ - /ˈuːs/
ˈu-ˈuː / ŋ-∅ / k-∅ / i-∅ / s-s
ˈu-ˈuː / ŋ-∅ / k-∅ / i_s-s

-------------------

/ˈuɡːʷiloː/ - /ˈuːlə/
ˈu-ˈuː / ɡːʷ-∅ / i-∅ / l-l / oː-ə

-------------------

/ˈuːt/ - /ˈuːt/
ˈuː-ˈuː / t-t

-------------------

/ˈɔːhns/ - /ˈoːu̯ɣənt/
ˈɔː-ˈoːu̯ / h-ɣ / ∅-ə / n-n / s-t

-------------------

/ˈɔːsoː/ - /ˈoːr/
ˈɔː-ˈoː / s-∅ / oː-r

-------------------

/ˈɔːɣoː/ - /ˈoːɣə/
ˈɔː-ˈoː / ɣ-ɣ / oː-ə

-------------------

/ˈɛrθa/ - /ˈɛɪ̯də/
ˈɛ-ˈɛɪ̯ / r-∅ / θ-d / a-ə

-------------------

/ˈɛːnlif/ - /ˈalvən/
ˈɛː-ˈa / n-∅ / l-l / ∅-v / i-ə / f-∅ / ∅-n

-------------------

/ˈɛːns/ - /ˈaːn/
ˈɛː-ˈaː / n-n / s-∅

-------------------

/θrˈiːs/ - /trˈɛɪ̯/
θ-t / r-r / ˈiː-ˈɛɪ̯ / s-∅
θ-t / r-r / ˈiː_s-ˈɛɪ̯

-------------------

/θˈiu̯fs/ - /dˈɛɪ̯f/
θ-d / ˈiu̯-ˈɛɪ̯ / f-f / s-∅
θ-d / ˈiu̯-ˈɛɪ̯ / f_s-f

-------------------

/θˈiu̯ðisks/ - /dˈyːtsk/
θ-d / ˈiu̯-ˈyː / ð-t / i-∅ / s-s / k-k / s-∅
θ-d / ˈiu̯-ˈyː / ð-t / i_s-s / k-k / s-∅
θ-d / ˈiu̯-ˈyː / ð-t / i_s-s / k_s-k

-------------------

/θˈiːhs/ - /dˈɪŋ/
θ-d / ˈiː-ˈɪ / h-ŋ / s-∅

-------------------

/θˈuː/ - /dˈuː/
θ-d / ˈuː-ˈuː

-------------------

/θˈuːsundi/ - /dˈuːzənd/
θ-d / ˈuː-ˈuː / s-z / u-ə / n-n / d-d / i-∅

-------------------

