/blˈat/ - /blˈɑðɑ̃/
b-b / l-l / ˈa-ˈɑ / t-ð / ∅-ɑ̃
b-b / l-l / ˈa-ˈɑ / t-ð_ɑ̃

-------------------

/blˈuːmə/ - /blˈɔːmɔːː/
b-b / l-l / ˈuː-ˈɔː / m-m / ə-ɔːː

-------------------

/blˈuːt/ - /blˈɔːθɑ̃/
b-b / l-l / ˈuː-ˈɔː / t-θ / ∅-ɑ̃
b-b / l-l / ˈuː-ˈɔː / t-θ_ɑ̃

-------------------

/bʁˈoːt/ - /brˈɑu̯ðɑ̃/
b-b / ʁ-r / ˈoː-ˈɑu̯ / t-ð / ∅-ɑ̃
b-b / ʁ-r / ˈoː-ˈɑu̯ / t-ð_ɑ̃

-------------------

/bʁˈuːdɐ/ - /brˈɔːθɛːr/
b-b / ʁ-r / ˈuː-ˈɔː / d-θ / ɐ-ɛː / ∅-r

-------------------

/bʁˈʊst/ - /brˈeu̯stɑ̃/
b-b / ʁ-r / ˈʊ-ˈeu̯ / s-s / t-t / ∅-ɑ̃

-------------------

/bʁˈʏkə/ - /brˈuɣjɔ̃ː/
b-b / ʁ-r / ˈʏ-ˈu / k-ɣ / ə-j_ɔ̃ː
b-b / ʁ-r / ˈʏ-ˈu / k-ɣ / ∅-j / ə-ɔ̃ː

-------------------

/bˈaɪ̯n/ - /bˈɑi̯nɑ̃/
b-b / ˈaɪ̯-ˈɑi̯ / n-n / ∅-ɑ̃

-------------------

/bˈaɪ̯sən/ - /bˈiːtɑnɑ̃/
b-b / ˈaɪ̯-ˈiː / s-t / ə-ɑ / n-n / ∅-ɑ̃

-------------------

/bˈaʊ̯m/ - /bˈɑu̯mɑz/
b-b / ˈaʊ̯-ˈɑu̯ / m-m / ∅-ɑ / ∅-z
b-b / ˈaʊ̯-ˈɑu̯ / m-m_ɑ / ∅-z

-------------------

/bˈaːt/ - /bˈɑθɑ̃/
b-b / ˈaː-ˈɑ / t-θ / ∅-ɑ̃
b-b / ˈaː-ˈɑ / t-θ_ɑ̃

-------------------

/bˈiːnə/ - /bˈijɔ̃ː/
b-b / ˈiː-ˈi / n-∅ / ə-j_ɔ̃ː
b-b / ˈiː-ˈi / n-∅ / ∅-j / ə-ɔ̃ː

-------------------

/bˈiːnə/ - /bˈiniz/
b-b / ˈiː-ˈi / n-n / ə-i / ∅-z
b-b / ˈiː-ˈi / n-n / ə-i_z

-------------------

/bˈiːtn̩/ - /bˈeu̯ðɑnɑ̃/
b-b / ˈiː-ˈeu̯ / t-ð / ∅-ɑ / n-n / ∅-ɑ̃
b-b / ˈiː-ˈeu̯ / t-ð_ɑ / n-n / ∅-ɑ̃

-------------------

/bˈoːt/ - /bˈɑi̯tɑz/
b-b / ˈoː-ˈɑi̯ / t-t / ∅-ɑ / ∅-z

-------------------

/bˈuːx/ - /bˈɔːks/
b-b / ˈuː-ˈɔː / x-k / ∅-s

-------------------

/bˈɛsɐ/ - /bˈɑtizɔːː/
b-b / ˈɛ-ˈɑ / s-t / ∅-i / ∅-z / ɐ-ɔːː

-------------------

/bˈɛɐk/ - /bˈerɣɑz/
b-b / ˈɛ-ˈe / ɐ-r / k-ɣ_ɑ / ∅-z

-------------------

/bˈɛːɐ/ - /bˈerɔːː/
b-b / ˈɛː-ˈe / ɐ-r / ∅-ɔːː
b-b / ˈɛː-ˈe / ∅-r / ɐ-ɔːː

-------------------

/bˈɪtn̩/ - /bˈiðjɑnɑ̃/
b-b / ˈɪ-ˈi / t-ð / ∅-j / ∅-ɑ / n-n / ∅-ɑ̃

-------------------

/dʁˈaɪ̯/ - /θrˈiːz/
d-θ / ʁ-r / ˈaɪ̯-ˈiː / ∅-z

-------------------

/dˈaŋkən/ - /θˈɑŋkɔːnɑ̃/
d-θ / ˈa-ˈɑ / ŋ-ŋ / k-k / ə-ɔː / n-n / ∅-ɑ̃

-------------------

/dˈiːp/ - /θˈeu̯βɑz/
d-θ / ˈiː-ˈeu̯ / p-β / ∅-ɑ / ∅-z
d-θ / ˈiː-ˈeu̯ / p-β_ɑ / ∅-z
d-θ / ˈiː-ˈeu̯ / ∅-β / ∅-ɑ / p-z

-------------------

/dˈuː/ - /θˈuː/
d-θ / ˈuː-ˈuː

-------------------

/dˈɔnɐ/ - /θˈunrɑz/
d-θ / ˈɔ-ˈu / n-n / ɐ-r_ɑ / ∅-z

-------------------

/dˈɔɐn/ - /θˈurnɑz/
d-θ / ˈɔ-ˈu / ɐ-r / n-n / ∅-ɑ / ∅-z

-------------------

/dˈɔʏ̯tʃ/ - /θˈiu̯ðiskɑz/
d-θ / ˈɔʏ̯-ˈiu̯ / t-ð / ∅-i / ʃ-s_k / ∅-ɑ / ∅-z
d-θ / ˈɔʏ̯-ˈiu̯ / t-ð_i / ʃ-s_k / ∅-ɑ / ∅-z

-------------------

/dˈɪk/ - /θˈekuz/
d-θ / ˈɪ-ˈe / k-k / ∅-u / ∅-z

-------------------

/dˈɪŋ/ - /θˈinxsɑ̃/
d-θ / ˈɪ-ˈi / ŋ-n / ∅-x / ∅-s / ∅-ɑ̃
d-θ / ˈɪ-ˈi / ŋ-n_x / ∅-s / ∅-ɑ̃
d-θ / ˈɪ-ˈi / ∅-n / ŋ-x / ∅-s / ∅-ɑ̃

-------------------

/dˈɪŋ/ - /θˈiŋɡɑ̃/
d-θ / ˈɪ-ˈi / ŋ-ŋ / ∅-ɡ / ∅-ɑ̃

-------------------

/dˈʏn/ - /θˈunːiz/
d-θ / ˈʏ-ˈu / n-nː / ∅-i / ∅-z

-------------------

/dˈʏn/ - /θˈunːuz/
d-θ / ˈʏ-ˈu / n-nː / ∅-u / ∅-z

-------------------

/dˈʏɐ/ - /θˈursuz/
d-θ / ˈʏ-ˈu / ɐ-r / ∅-s / ∅-u / ∅-z

-------------------

/flˈaɪ̯ʃ/ - /ɸlˈɑi̯ski/
f-ɸ / l-l / ˈaɪ̯-ˈɑi̯ / ʃ-s_k / ∅-i

-------------------

/flˈiːɡə/ - /ɸlˈeu̯ɣɔ̃ː/
f-ɸ / l-l / ˈiː-ˈeu̯ / ɡ-ɣ / ə-ɔ̃ː

-------------------

/flˈiːɡən/ - /ɸlˈeu̯ɣɑnɑ̃/
f-ɸ / l-l / ˈiː-ˈeu̯ / ɡ-ɣ / ə-ɑ / n-n / ∅-ɑ̃

-------------------

/fʁˈaɪ̯/ - /ɸrˈijɑz/
f-ɸ / ʁ-r / ˈaɪ̯-ˈi / ∅-j / ∅-ɑ / ∅-z

-------------------

/fʁˈaʊ̯/ - /kʷˈenɔ̃ː/
f-∅ / ʁ-kʷ / ∅-ˈe / ∅-n / ˈaʊ̯-ɔ̃ː

-------------------

/fʁˈaʊ̯/ - /ɸrˈɑwjɔ̃ː/
f-ɸ / ʁ-r / ∅-ˈɑ / ∅-w / ∅-j / ˈaʊ̯-ɔ̃ː

-------------------

/fʁˈiːʁən/ - /ɸrˈeu̯sɑnɑ̃/
f-ɸ / ʁ-r / ˈiː-ˈeu̯ / ʁ-s / ə-ɑ / n-n / ∅-ɑ̃
f-ɸ / ʁ-r / ˈiː-ˈeu̯ / ʁ-∅ / ∅-s / ə-ɑ / n-n / ∅-ɑ̃

-------------------

/fʁˈɔʏ̯nt/ - /ɸrˈijɔːndz/
f-ɸ / ʁ-r / ∅-ˈi / ˈɔʏ̯-j / ∅-ɔː / n-n / t-d / ∅-z

-------------------

/fʁˈɪʃ/ - /ɸrˈiskɑz/
f-ɸ / ʁ-r / ˈɪ-ˈi / ʃ-s_k / ∅-ɑ / ∅-z

-------------------

/fˈast/ - /ɸˈɑstuz/
f-ɸ / ˈa-ˈɑ / s-s / t-t / ∅-u / ∅-z

-------------------

/fˈaːtɐ/ - /ɸˈɑðɛːr/
f-ɸ / ˈaː-ˈɑ / t-ð / ɐ-ɛː / ∅-r

-------------------

/fˈeːdɐ/ - /ɸˈeθrɔː/
f-ɸ / ˈeː-ˈe / d-θ / ∅-r / ɐ-ɔː

-------------------

/fˈiːɐ/ - /ɸˈeðwɔːr/
f-ɸ / ˈiː-ˈe / ∅-ð / ∅-w / ɐ-ɔː / ∅-r

-------------------

/fˈoːɡl̩/ - /ɸˈuɣlɑz/
f-ɸ / ˈoː-ˈu / ɡ-ɣ / l-l / ∅-ɑ / ∅-z
f-ɸ / ˈoː-ˈu / ɡ-ɣ / l-l_ɑ / ∅-z

-------------------

/fˈuːs/ - /ɸˈɔːts/
f-ɸ / ˈuː-ˈɔː / s-t / ∅-s

-------------------

/fˈyːlən/ - /ɸˈɔlijɑnɑ̃/
f-ɸ / ˈyː-ˈɔ / l-l / ∅-i / ∅-j / ə-ɑ / n-n / ∅-ɑ̃
f-ɸ / ˈyː-ˈɔ / l-l_i / ə-j_ɑ / n-n / ∅-ɑ̃

-------------------

/fˈyːsə/ - /ɸˈɔːtiz/
f-ɸ / ˈyː-ˈɔː / s-t / ə-i / ∅-z
f-ɸ / ˈyː-ˈɔː / s-t / ə-i_z

-------------------

/fˈɔl/ - /ɸˈulːɑz/
f-ɸ / ˈɔ-ˈu / l-lː / ∅-ɑ / ∅-z

-------------------

/fˈɔlk/ - /ɸˈulkɑ̃/
f-ɸ / ˈɔ-ˈu / l-l / k-k / ∅-ɑ̃

-------------------

/fˈɔlɡən/ - /ɸˈulɣijɑnɑ̃/
f-ɸ / ˈɔ-ˈu / l-l / ɡ-ɣ / ∅-i / ə-j_ɑ / n-n / ∅-ɑ̃
f-ɸ / ˈɔ-ˈu / l-l / ɡ-ɣ / ∅-i / ∅-j / ə-ɑ / n-n / ∅-ɑ̃

-------------------

/fˈɔlɡən/ - /ɸˈulɣɑːnɑ̃/
f-ɸ / ˈɔ-ˈu / l-l / ɡ-ɣ / ə-ɑː / n-n / ∅-ɑ̃

-------------------

/fˈɔʏ̯ɐ/ - /ɸˈɔːr/
f-ɸ / ˈɔʏ̯-ˈɔː / ɐ-r

-------------------

/fˈɛst/ - /ɸˈɑstuz/
f-ɸ / ˈɛ-ˈɑ / s-s / t-t / ∅-u / ∅-z

-------------------

/fˈɪŋɐ/ - /ɸˈiŋɡrɑz/
f-ɸ / ˈɪ-ˈi / ŋ-ŋ / ∅-ɡ / ɐ-r / ∅-ɑ / ∅-z
f-ɸ / ˈɪ-ˈi / ŋ-ŋ / ∅-ɡ / ɐ-r_ɑ / ∅-z

-------------------

/fˈɪʃ/ - /ɸˈiskɑz/
f-ɸ / ˈɪ-ˈi / ʃ-s_k / ∅-ɑ / ∅-z

-------------------

/fˈʊks/ - /ɸˈuxsɑz/
f-ɸ / ˈʊ-ˈu / k-x / s-s / ∅-ɑ / ∅-z

-------------------

/fˈʏnf/ - /ɸˈimɸ/
f-ɸ / ˈʏ-ˈi / n-m / f-ɸ

-------------------

/hˈant/ - /xˈɑnduz/
h-x / ˈa-ˈɑ / n-n / t-d / ∅-u / ∅-z

-------------------

/hˈaɪ̯lɪç/ - /xˈɑi̯lɑɣɑz/
h-x / ˈaɪ̯-ˈɑi̯ / l-l / ɪ-ɑ / ç-ɣ / ∅-ɑ / ∅-z

-------------------

/hˈaɪ̯m/ - /xˈɑi̯mɑz/
h-x / ˈaɪ̯-ˈɑi̯ / m-m / ∅-ɑ / ∅-z

-------------------

/hˈaɪ̯s/ - /xˈɑi̯tɑz/
h-x / ˈaɪ̯-ˈɑi̯ / s-t / ∅-ɑ / ∅-z

-------------------

/hˈaʊ̯pt/ - /kˈupːɑz/
h-k / ˈaʊ̯-ˈu / p-pː / t-∅ / ∅-ɑ / ∅-z
h-k / ˈaʊ̯-ˈu / p-pː / ∅-ɑ / t-z

-------------------

/hˈaʊ̯pt/ - /xˈɑu̯βuðɑ̃/
h-x / ˈaʊ̯-ˈɑu̯ / p-β / ∅-u / t-ð / ∅-ɑ̃
h-x / ˈaʊ̯-ˈɑu̯ / p-β / ∅-u / t-ð_ɑ̃

-------------------

/hˈaʊ̯s/ - /xˈuːsɑ̃/
h-x / ˈaʊ̯-ˈuː / s-s / ∅-ɑ̃
h-x / ˈaʊ̯-ˈuː / s-s_ɑ̃

-------------------

/hˈaʊ̯t/ - /xˈuːðiz/
h-x / ˈaʊ̯-ˈuː / t-ð / ∅-i / ∅-z
h-x / ˈaʊ̯-ˈuː / t-ð_i / ∅-z

-------------------

/hˈaːbn̩/ - /xˈɑβjɑnɑ̃/
h-x / ˈaː-ˈɑ / b-β / ∅-j / ∅-ɑ / n-n / ∅-ɑ̃

-------------------

/hˈaːzə/ - /xˈɑsɔːː/
h-x / ˈaː-ˈɑ / z-s / ə-ɔːː

-------------------

/hˈaːɐ/ - /xˈɛːrɑ̃/
h-x / ˈaː-ˈɛː / ɐ-r / ∅-ɑ̃
h-x / ˈaː-ˈɛː / ɐ-r_ɑ̃

-------------------

/hˈiːɐ/ - /xˈeːr/
h-x / ˈiː-ˈeː / ɐ-r

-------------------

/hˈoːnɪç/ - /sˈɑi̯mɑz/
h-∅ / ∅-s / ˈoː-ˈɑi̯ / n-m / ɪ-ɑ / ç-z

-------------------

/hˈoːnɪç/ - /xˈunɑŋɡɑ̃/
h-x / ˈoː-ˈu / n-n / ɪ-ɑ / ∅-ŋ / ç-ɡ / ∅-ɑ̃

-------------------

/hˈoːnɪç/ - /xˈunɑɣɑ̃/
h-x / ˈoː-ˈu / n-n / ɪ-ɑ / ç-ɣ / ∅-ɑ̃

-------------------

/hˈoːx/ - /xˈɑu̯xɑz/
h-x / ˈoː-ˈɑu̯ / x-x / ∅-ɑ / ∅-z

-------------------

/hˈoːx/ - /xˈɑu̯ɣɑz/
h-x / ˈoː-ˈɑu̯ / x-ɣ / ∅-ɑ / ∅-z

-------------------

/hˈøːʁən/ - /xˈɑu̯zijɑnɑ̃/
h-x / ˈøː-ˈɑu̯ / ʁ-z / ∅-i / ∅-j / ə-ɑ / n-n / ∅-ɑ̃
h-x / ˈøː-ˈɑu̯ / ʁ-∅ / ∅-z / ∅-i / ∅-j / ə-ɑ / n-n / ∅-ɑ̃

-------------------

/hˈɔɐn/ - /xˈurnɑ̃/
h-x / ˈɔ-ˈu / ɐ-r / n-n / ∅-ɑ̃

-------------------

/hˈɛnə/ - /xˈɑnjɔː/
h-x / ˈɛ-ˈɑ / n-n / ə-j_ɔː
h-x / ˈɛ-ˈɑ / n-n / ∅-j / ə-ɔː

-------------------

/hˈɛnə/ - /xˈɔːnijɔ̃ː/
h-x / ˈɛ-ˈɔː / n-n / ∅-i / ə-j_ɔ̃ː
h-x / ˈɛ-ˈɔː / n-n / ∅-i / ∅-j / ə-ɔ̃ː

-------------------

/hˈɛɐʦ/ - /xˈertɔːː/
h-x / ˈɛ-ˈe / ɐ-r / ʦ-t / ∅-ɔːː

-------------------

/hˈʊnt/ - /xˈundɑz/
h-x / ˈʊ-ˈu / n-n / t-d_ɑ / ∅-z

-------------------

/hˈʊŋɐ/ - /xˈunxruz/
h-x / ˈʊ-ˈu / ŋ-n / ∅-x / ɐ-r_u / ∅-z
h-x / ˈʊ-ˈu / ŋ-n_x / ɐ-r_u / ∅-z
h-x / ˈʊ-ˈu / ∅-n / ŋ-x / ɐ-r_u / ∅-z

-------------------

/hˈʊŋɐ/ - /xˈuŋɡruz/
h-x / ˈʊ-ˈu / ŋ-ŋ / ∅-ɡ / ɐ-r / ∅-u / ∅-z
h-x / ˈʊ-ˈu / ŋ-ŋ / ∅-ɡ / ɐ-r_u / ∅-z

-------------------

/jˈaːɐ/ - /jˈɛːrɑ̃/
j-j / ˈaː-ˈɛː / ɐ-r / ∅-ɑ̃
j-j / ˈaː-ˈɛː / ɐ-r_ɑ̃

-------------------

/jˈʊŋ/ - /jˈuŋɡɑz/
j-j / ˈʊ-ˈu / ŋ-ŋ / ∅-ɡ / ∅-ɑ / ∅-z

-------------------

/kʰnˈiː/ - /knˈewɑ̃/
kʰ-k / n-n / ˈiː-ˈe / ∅-w / ∅-ɑ̃

-------------------

/kʰˈalp/ - /kˈɑlβɑz/
kʰ-k / ˈa-ˈɑ / l-l / p-β / ∅-ɑ / ∅-z
kʰ-k / ˈa-ˈɑ / l-l / p-β_ɑ / ∅-z
kʰ-k / ˈa-ˈɑ / l-l / ∅-β / ∅-ɑ / p-z

-------------------

/kʰˈalt/ - /kˈɑldɑz/
kʰ-k / ˈa-ˈɑ / l-l / t-d_ɑ / ∅-z

-------------------

/kʰˈuː/ - /kˈuːz/
kʰ-k / ˈuː-ˈuː / ∅-z

-------------------

/kʰˈøːnɪç/ - /kˈuniŋɡɑz/
kʰ-k / ˈøː-ˈu / n-n / ɪ-i / ∅-ŋ / ç-ɡ / ∅-ɑ / ∅-z
kʰ-k / ˈøː-ˈu / n-n / ∅-i / ∅-ŋ / ∅-ɡ / ɪ-ɑ / ç-z

-------------------

/kʰˈœnən/ - /kˈunːɑnɑ̃/
kʰ-k / ˈœ-ˈu / n-nː / ə-ɑ / n-n / ∅-ɑ̃

-------------------

/kʰˈɔp͡f/ - /kˈupːɑz/
kʰ-k / ˈɔ-ˈu / p͡f-pː / ∅-ɑ / ∅-z

-------------------

/kʰˈɔp͡f/ - /xˈɑu̯βuðɑ̃/
kʰ-x / ˈɔ-ˈɑu̯ / p͡f-β / ∅-u / ∅-ð / ∅-ɑ̃

-------------------

/kʰˈɔɐn/ - /kˈurnɑ̃/
kʰ-k / ˈɔ-ˈu / ɐ-r / n-n / ∅-ɑ̃

-------------------

/kʰˈɪnt/ - /kˈelθɑz/
kʰ-k / ˈɪ-ˈe / n-l / t-θ / ∅-ɑ / ∅-z
kʰ-k / ˈɪ-ˈe / n-l / t-θ_ɑ / ∅-z
kʰ-k / ˈɪ-ˈe / n-∅ / ∅-l / t-θ_ɑ / ∅-z

-------------------

/kʰˈɪnt/ - /kˈinθɑ̃/
kʰ-k / ˈɪ-ˈi / n-n / t-θ / ∅-ɑ̃
kʰ-k / ˈɪ-ˈi / n-n / t-θ_ɑ̃

-------------------

/lˈam/ - /lˈɑmbɑz/
l-l / ˈa-ˈɑ / m-m / ∅-b / ∅-ɑ / ∅-z

-------------------

/lˈant/ - /lˈɑndɑ̃/
l-l / ˈa-ˈɑ / n-n / t-d / ∅-ɑ̃

-------------------

/lˈaxən/ - /xlˈɑxjɑnɑ̃/
l-x_l / ˈa-ˈɑ / x-x / ∅-j / ə-ɑ / n-n / ∅-ɑ̃
∅-x / l-l / ˈa-ˈɑ / x-x / ə-j_ɑ / n-n / ∅-ɑ̃
∅-x / l-l / ˈa-ˈɑ / x-x / ∅-j / ə-ɑ / n-n / ∅-ɑ̃

-------------------

/lˈaŋ/ - /lˈɑŋɡɑz/
l-l / ˈa-ˈɑ / ŋ-ŋ / ∅-ɡ / ∅-ɑ / ∅-z

-------------------

/lˈaɪ̯çt/ - /lˈĩːxtɑz/
l-l / ˈaɪ̯-ˈĩː / ç-x / t-t / ∅-ɑ / ∅-z

-------------------

/lˈaʊ̯fn̩/ - /xlˈɑu̯pɑnɑ̃/
l-x_l / ˈaʊ̯-ˈɑu̯ / f-p / ∅-ɑ / n-n / ∅-ɑ̃
∅-x / l-l / ˈaʊ̯-ˈɑu̯ / f-p / ∅-ɑ / n-n / ∅-ɑ̃
∅-x / l-l / ˈaʊ̯-ˈɑu̯ / f-p_ɑ / n-n / ∅-ɑ̃

-------------------

/lˈaʊ̯p/ - /lˈɑu̯βɑ̃/
l-l / ˈaʊ̯-ˈɑu̯ / p-β / ∅-ɑ̃
l-l / ˈaʊ̯-ˈɑu̯ / p-β_ɑ̃

-------------------

/lˈaʊ̯s/ - /lˈuːs/
l-l / ˈaʊ̯-ˈuː / s-s

-------------------

/lˈeːbɐ/ - /lˈiβrɔː/
l-l / ˈeː-ˈi / b-β / ∅-r / ɐ-ɔː

-------------------

/lˈɪçt/ - /lˈeu̯xsɑ̃/
l-l / ˈɪ-ˈeu̯ / ç-x / t-s / ∅-ɑ̃
l-l / ˈɪ-ˈeu̯ / ç-x / t-∅ / ∅-s / ∅-ɑ̃

-------------------

/lˈɪçt/ - /lˈeu̯xtɑ̃/
l-l / ˈɪ-ˈeu̯ / ç-x / t-t / ∅-ɑ̃

-------------------

/mˈan/ - /mˈɑnː/
m-m / ˈa-ˈɑ / n-nː

-------------------

/mˈaxt/ - /mˈɑxtiz/
m-m / ˈa-ˈɑ / x-x / t-t / ∅-i / ∅-z

-------------------

/mˈaʊ̯l/ - /mˈunθɑz/
m-m / ˈaʊ̯-ˈu / l-n / ∅-θ / ∅-ɑ / ∅-z

-------------------

/mˈaʊ̯l/ - /mˈuːlɑ̃/
m-m / ˈaʊ̯-ˈuː / l-l / ∅-ɑ̃

-------------------

/mˈaʊ̯s/ - /mˈuːs/
m-m / ˈaʊ̯-ˈuː / s-s

-------------------

/mˈeːɐ/ - /mˈɑri/
m-m / ˈeː-ˈɑ / ɐ-r / ∅-i
m-m / ˈeː-ˈɑ / ɐ-r_i

-------------------

/mˈoːnt/ - /mˈɛːnɔːː/
m-m / ˈoː-ˈɛː / n-n / t-∅ / ∅-ɔːː

-------------------

/mˈɔʏ̯zə/ - /mˈuːsiz/
m-m / ˈɔʏ̯-ˈuː / z-s / ə-i_z

-------------------

/mˈɛnɐ/ - /mˈɑnːiz/
m-m / ˈɛ-ˈɑ / n-nː / ɐ-i / ∅-z

-------------------

/mˈɛnʃ/ - /mˈɑnːiskɑz/
m-m / ˈɛ-ˈɑ / n-nː / ∅-i / ʃ-s_k / ∅-ɑ / ∅-z

-------------------

/mˈɪlç/ - /mˈeluks/
m-m / ˈɪ-ˈe / l-l / ∅-u / ç-k / ∅-s

-------------------

/mˈɪç/ - /mˈiz/
m-m / ˈɪ-ˈi / ç-z

-------------------

/mˈʊnt/ - /mˈunθɑz/
m-m / ˈʊ-ˈu / n-n / t-θ_ɑ / ∅-z

-------------------

/mˈʊnt/ - /mˈuːlɑ̃/
m-m / ˈʊ-ˈuː / n-l / t-∅ / ∅-ɑ̃
m-m / ˈʊ-ˈuː / n-∅ / t-∅ / ∅-l / ∅-ɑ̃

-------------------

/mˈʊtɐ/ - /mˈɔːðɛːr/
m-m / ˈʊ-ˈɔː / t-ð / ɐ-ɛː / ∅-r

-------------------

/mˈʏkə/ - /mˈuɣjɔː/
m-m / ˈʏ-ˈu / k-ɣ / ə-j_ɔː
m-m / ˈʏ-ˈu / k-ɣ / ∅-j / ə-ɔː

-------------------

/nˈakt/ - /nˈɑkʷɑðɑz/
n-n / ˈa-ˈɑ / k-kʷ / ∅-ɑ / t-ð / ∅-ɑ / ∅-z
n-n / ˈa-ˈɑ / k-kʷ / ∅-ɑ / t-ð_ɑ / ∅-z

-------------------

/nˈaxt/ - /nˈɑxts/
n-n / ˈa-ˈɑ / x-x / t-t / ∅-s

-------------------

/nˈaːdl̩/ - /nˈɛːθlɔː/
n-n / ˈaː-ˈɛː / d-θ / l-l / ∅-ɔː

-------------------

/nˈaːmə/ - /nˈɑmɔːː/
n-n / ˈaː-ˈɑ / m-m / ə-ɔːː

-------------------

/nˈaːzə/ - /nˈɑsɔː/
n-n / ˈaː-ˈɑ / z-s / ə-ɔː

-------------------

/nˈaːɡl̩/ - /nˈɑɣlɑz/
n-n / ˈaː-ˈɑ / ɡ-ɣ / l-l / ∅-ɑ / ∅-z
n-n / ˈaː-ˈɑ / ɡ-ɣ / l-l_ɑ / ∅-z

-------------------

/nˈɔɐt/ - /nˈurθrɑ̃/
n-n / ˈɔ-ˈu / ɐ-r / t-θ / ∅-r / ∅-ɑ̃

-------------------

/nˈɔʏ̯/ - /nˈiu̯jɑz/
n-n / ˈɔʏ̯-ˈiu̯ / ∅-j / ∅-ɑ / ∅-z

-------------------

/nˈɔʏ̯n/ - /nˈewun/
n-n / ˈɔʏ̯-ˈe / ∅-w / ∅-u / n-n

-------------------

/tʰʁˈaɪ̯bn̩/ - /drˈiːβɑnɑ̃/
tʰ-d / ʁ-r / ˈaɪ̯-ˈiː / b-β / ∅-ɑ / n-n / ∅-ɑ̃

-------------------

/tʰʁˈaʊ̯m/ - /drˈɑu̯mɑz/
tʰ-d / ʁ-r / ˈaʊ̯-ˈɑu̯ / m-m / ∅-ɑ / ∅-z
tʰ-d / ʁ-r / ˈaʊ̯-ˈɑu̯ / m-m_ɑ / ∅-z

-------------------

/tʰʁˈɔkən/ - /drˈuknɑz/
tʰ-d / ʁ-r / ˈɔ-ˈu / k-k / ə-∅ / n-n / ∅-ɑ / ∅-z

-------------------

/tʰʁˈɔkən/ - /drˈɑu̯ɣiz/
tʰ-d / ʁ-r / ˈɔ-ˈɑu̯ / k-ɣ / ə-i / n-∅ / ∅-z

-------------------

/tʰʁˈɔkən/ - /θˈursuz/
tʰ-θ / ʁ-∅ / ˈɔ-ˈu / ∅-r / k-s / ə-u / n-∅ / ∅-z

-------------------

/tʰʁˈɔɪ̯mn̩/ - /drˈɑu̯mijɑnɑ̃/
tʰ-d / ʁ-r / ˈɔɪ̯-ˈɑu̯ / m-m / ∅-i / ∅-j / ∅-ɑ / n-n / ∅-ɑ̃
tʰ-d / ʁ-r / ˈɔɪ̯-ˈɑu̯ / m-m_i / ∅-j / ∅-ɑ / n-n / ∅-ɑ̃

-------------------

/tʰʁˈɛːnə/ - /trˈɑxnuz/
tʰ-t / ʁ-r / ˈɛː-ˈɑ / ∅-x / n-n / ə-u / ∅-z
tʰ-t / ʁ-r / ˈɛː-ˈɑ_x / n-n / ə-u / ∅-z

-------------------

/tʰʁˈɪŋkən/ - /drˈiŋkɑnɑ̃/
tʰ-d / ʁ-r / ˈɪ-ˈi / ŋ-ŋ / k-k / ə-ɑ / n-n / ∅-ɑ̃

-------------------

/tʰˈaʊ̯zənt/ - /θˈuːsundiː/
tʰ-θ / ˈaʊ̯-ˈuː / z-s / ə-u / n-n / t-d / ∅-iː

-------------------

/tʰˈaːk/ - /dˈɑɣɑz/
tʰ-d / ˈaː-ˈɑ / k-ɣ_ɑ / ∅-z

-------------------

/tʰˈiːf/ - /dˈeu̯pɑz/
tʰ-d / ˈiː-ˈeu̯ / f-p / ∅-ɑ / ∅-z
tʰ-d / ˈiː-ˈeu̯ / f-p_ɑ / ∅-z

-------------------

/tʰˈiːɐ/ - /dˈeu̯zɑ̃/
tʰ-d / ˈiː-ˈeu̯ / ɐ-∅ / ∅-z / ∅-ɑ̃
tʰ-d / ˈiː-ˈeu̯ / ∅-z / ɐ-ɑ̃

-------------------

/tʰˈoːt/ - /dˈɑu̯θuz/
tʰ-d / ˈoː-ˈɑu̯ / t-θ / ∅-u / ∅-z

-------------------

/tʰˈɔxtɐ/ - /dˈuxtɛːr/
tʰ-d / ˈɔ-ˈu / x-x / t-t / ɐ-ɛː / ∅-r

-------------------

/tʰˈɔʏ̯ɐ/ - /dˈiu̯rijɑz/
tʰ-d / ˈɔʏ̯-ˈiu̯ / ɐ-r / ∅-i / ∅-j / ∅-ɑ / ∅-z
tʰ-d / ˈɔʏ̯-ˈiu̯ / ɐ-r_i / ∅-j / ∅-ɑ / ∅-z

-------------------

/vˈafə/ - /wˈɛːpnɑ̃/
v-w / ˈa-ˈɛː / f-p / ə-∅ / ∅-n / ∅-ɑ̃
v-w / ˈa-ˈɛː / f-p / ∅-n / ə-ɑ̃

-------------------

/vˈas/ - /xʷˈɑt/
v-xʷ / ˈa-ˈɑ / s-t

-------------------

/vˈasɐ/ - /wˈɑtnɔː/
v-w / ˈa-ˈɑ / s-t / ∅-n / ɐ-ɔː

-------------------

/vˈasɐ/ - /wˈɑtɔːr/
v-w / ˈa-ˈɑ / s-t / ɐ-ɔː / ∅-r

-------------------

/vˈaɐm/ - /wˈɑrmɑz/
v-w / ˈa-ˈɑ / ɐ-r / m-m / ∅-ɑ / ∅-z
v-w / ˈa-ˈɑ / ɐ-r / m-m_ɑ / ∅-z

-------------------

/vˈaɪ̯p/ - /wˈiːβɑ̃/
v-w / ˈaɪ̯-ˈiː / p-β / ∅-ɑ̃
v-w / ˈaɪ̯-ˈiː / p-β_ɑ̃

-------------------

/vˈaɪ̯s/ - /xʷˈiːtɑz/
v-xʷ / ˈaɪ̯-ˈiː / s-t / ∅-ɑ / ∅-z

-------------------

/vˈaːl/ - /xʷˈɑlɑz/
v-xʷ / ˈaː-ˈɑ / l-l_ɑ / ∅-z

-------------------

/vˈeːk/ - /wˈeɣɑz/
v-w / ˈeː-ˈe / k-ɣ_ɑ / ∅-z

-------------------

/vˈiːɐ/ - /wˈiːz/
v-w / ˈiː-ˈiː / ɐ-∅ / ∅-z

-------------------

/vˈɔlf/ - /wˈulɸɑz/
v-w / ˈɔ-ˈu / l-l / f-ɸ / ∅-ɑ / ∅-z

-------------------

/vˈɔlə/ - /wˈulːɔː/
v-w / ˈɔ-ˈu / l-lː / ə-ɔː

-------------------

/vˈɔɐt/ - /wˈurðɑ̃/
v-w / ˈɔ-ˈu / ɐ-r / t-ð / ∅-ɑ̃
v-w / ˈɔ-ˈu / ɐ-r / t-ð_ɑ̃

-------------------

/vˈɛtɐ/ - /wˈeðrɑ̃/
v-w / ˈɛ-ˈe / t-ð / ɐ-r / ∅-ɑ̃
v-w / ˈɛ-ˈe / t-ð / ɐ-r_ɑ̃

-------------------

/vˈɪnt/ - /wˈindɑz/
v-w / ˈɪ-ˈi / n-n / t-d_ɑ / ∅-z

-------------------

/vˈɪsən/ - /wˈitɑnɑ̃/
v-w / ˈɪ-ˈi / s-t / ə-ɑ / n-n / ∅-ɑ̃

-------------------

/vˈʊɐm/ - /wˈurmiz/
v-w / ˈʊ-ˈu / ɐ-r / m-m / ∅-i / ∅-z
v-w / ˈʊ-ˈu / ɐ-r / m-m_i / ∅-z

-------------------

/vˈʏnʃən/ - /wˈunskijɑnɑ̃/
v-w / ˈʏ-ˈu / n-n / ʃ-s_k / ∅-i / ə-j_ɑ / n-n / ∅-ɑ̃
v-w / ˈʏ-ˈu / n-n / ʃ-s_k / ∅-i / ∅-j / ə-ɑ / n-n / ∅-ɑ̃

-------------------

/zˈalʦ/ - /sˈɑltɑ̃/
z-s / ˈa-ˈɑ / l-l / ʦ-t / ∅-ɑ̃

-------------------

/zˈant/ - /sˈɑmdɑz/
z-s / ˈa-ˈɑ / n-m / t-d_ɑ / ∅-z

-------------------

/zˈaɪ̯tə/ - /sˈiːðɔ̃ː/
z-s / ˈaɪ̯-ˈiː / t-ð / ə-ɔ̃ː

-------------------

/zˈaʊ̯/ - /sˈuːz/
z-s / ˈaʊ̯-ˈuː / ∅-z

-------------------

/zˈaːɡən/ - /sˈɑɣjɑnɑ̃/
z-s / ˈaː-ˈɑ / ɡ-ɣ / ∅-j / ə-ɑ / n-n / ∅-ɑ̃

-------------------

/zˈeːlə/ - /sˈɑi̯wɑlu/
z-s / ∅-ˈɑi̯ / ∅-w / ˈeː-ɑ / l-l / ə-u

-------------------

/zˈeːən/ - /sˈexʷɑnɑ̃/
z-s / ˈeː-ˈe / ∅-xʷ / ə-ɑ / n-n / ∅-ɑ̃

-------------------

/zˈiːbən/ - /sˈeβun/
z-s / ˈiː-ˈe / b-β / ə-u / n-n

-------------------

/zˈoːn/ - /sˈunuz/
z-s / ˈoː-ˈu / n-n / ∅-u / ∅-z

-------------------

/zˈyːs/ - /swˈɔːtuz/
z-s / ∅-w / ˈyː-ˈɔː / s-t / ∅-u / ∅-z

-------------------

/zˈɛks/ - /sˈexs/
z-s / ˈɛ-ˈe / k-x / s-s

-------------------

/zˈɪŋən/ - /sˈiŋɡʷɑnɑ̃/
z-s / ˈɪ-ˈi / ŋ-ŋ / ∅-ɡʷ / ə-ɑ / n-n / ∅-ɑ̃

-------------------

/zˈɪʦən/ - /sˈitjɑnɑ̃/
z-s / ˈɪ-ˈi / ʦ-t / ∅-j / ə-ɑ / n-n / ∅-ɑ̃

-------------------

/ɡʁˈaːs/ - /ɣrˈɑsɑ̃/
ɡ-ɣ / ʁ-r / ˈaː-ˈɑ / s-s / ∅-ɑ̃
ɡ-ɣ / ʁ-r / ˈaː-ˈɑ / s-s_ɑ̃

-------------------

/ɡʁˈoːs/ - /ɣrˈɑu̯tɑz/
ɡ-ɣ / ʁ-r / ˈoː-ˈɑu̯ / s-t / ∅-ɑ / ∅-z

-------------------

/ɡʁˈyːn/ - /ɣrˈɔːniz/
ɡ-ɣ / ʁ-r / ˈyː-ˈɔː / n-n / ∅-i / ∅-z

-------------------

/ɡˈans/ - /ɣˈɑns/
ɡ-ɣ / ˈa-ˈɑ / n-n / s-s

-------------------

/ɡˈast/ - /ɣˈɑstiz/
ɡ-ɣ / ˈa-ˈɑ / s-s / t-t / ∅-i / ∅-z

-------------------

/ɡˈaɪ̯s/ - /ɣˈɑi̯ts/
ɡ-ɣ / ˈaɪ̯-ˈɑi̯ / s-t / ∅-s

-------------------

/ɡˈaɪ̯st/ - /ɣˈɑi̯stɑz/
ɡ-ɣ / ˈaɪ̯-ˈɑi̯ / s-s / t-t / ∅-ɑ / ∅-z

-------------------

/ɡˈeːbən/ - /ɣˈeβɑnɑ̃/
ɡ-ɣ / ˈeː-ˈe / b-β / ə-ɑ / n-n / ∅-ɑ̃

-------------------

/ɡˈuːt/ - /ɣˈɔːðɑz/
ɡ-ɣ / ˈuː-ˈɔː / t-ð / ∅-ɑ / ∅-z
ɡ-ɣ / ˈuː-ˈɔː / t-ð_ɑ / ∅-z

-------------------

/ɡˈɔlt/ - /ɣˈulθɑ̃/
ɡ-ɣ / ˈɔ-ˈu / l-l / t-θ / ∅-ɑ̃
ɡ-ɣ / ˈɔ-ˈu / l-l / t-θ_ɑ̃

-------------------

/ɡˈɔt/ - /ɣˈuðɑ̃/
ɡ-ɣ / ˈɔ-ˈu / t-ð / ∅-ɑ̃
ɡ-ɣ / ˈɔ-ˈu / t-ð_ɑ̃

-------------------

/ɡˈɛlp/ - /ɣˈelwɑz/
ɡ-ɣ / ˈɛ-ˈe / l-l / ∅-w / ∅-ɑ / p-z

-------------------

/ʁˈaɪ̯ç/ - /rˈiːkijɑz/
ʁ-r / ˈaɪ̯-ˈiː / ç-k / ∅-i / ∅-j / ∅-ɑ / ∅-z

-------------------

/ʁˈaʊ̯x/ - /rˈɑu̯kiz/
ʁ-r / ˈaʊ̯-ˈɑu̯ / x-k / ∅-i / ∅-z

-------------------

/ʁˈeːɡn̩/ - /rˈeɣnɑ̃/
ʁ-r / ˈeː-ˈe / ɡ-ɣ / n-n / ∅-ɑ̃

-------------------

/ʁˈoːt/ - /rˈɑu̯ðɑz/
ʁ-r / ˈoː-ˈɑu̯ / t-ð / ∅-ɑ / ∅-z
ʁ-r / ˈoː-ˈɑu̯ / t-ð_ɑ / ∅-z

-------------------

/ʁˈɔs/ - /xrˈusːɑ̃/
ʁ-x_r / ˈɔ-ˈu / s-sː / ∅-ɑ̃
∅-x / ʁ-r / ˈɔ-ˈu / s-sː / ∅-ɑ̃

-------------------

/ʁˈɛçt/ - /rˈextɑz/
ʁ-r / ˈɛ-ˈe / ç-x / t-t / ∅-ɑ / ∅-z

-------------------

/ʁˈɪŋ/ - /xrˈiŋɡɑz/
ʁ-x_r / ˈɪ-ˈi / ŋ-ŋ / ∅-ɡ / ∅-ɑ / ∅-z
∅-x / ʁ-r / ˈɪ-ˈi / ŋ-ŋ / ∅-ɡ / ∅-ɑ / ∅-z

-------------------

/ʃlˈaŋə/ - /slˈɑŋɡɔːː/
ʃ-s / l-l / ˈa-ˈɑ / ŋ-ŋ / ∅-ɡ / ə-ɔːː

-------------------

/ʃlˈaːfən/ - /slˈɛːpɑnɑ̃/
ʃ-s / l-l / ˈaː-ˈɛː / f-p / ə-ɑ / n-n / ∅-ɑ̃

-------------------

/ʃlˈaːfən/ - /swˈeɸɑnɑ̃/
ʃ-s / l-w / ˈaː-ˈe / f-ɸ / ə-ɑ / n-n / ∅-ɑ̃

-------------------

/ʃlˈaːɡən/ - /slˈɑxɑnɑ̃/
ʃ-s / l-l / ˈaː-ˈɑ / ɡ-x / ə-ɑ / n-n / ∅-ɑ̃

-------------------

/ʃnˈeː/ - /snˈɑi̯wɑz/
ʃ-s / n-n / ∅-ˈɑi̯ / ∅-w / ˈeː-ɑ / ∅-z

-------------------

/ʃtˈaɪ̯n/ - /stˈɑi̯nɑz/
ʃ-s / t-t / ˈaɪ̯-ˈɑi̯ / n-n / ∅-ɑ / ∅-z

-------------------

/ʃtˈuːl/ - /stˈɔːlɑz/
ʃ-s / t-t / ˈuː-ˈɔː / l-l / ∅-ɑ / ∅-z
ʃ-s / t-t / ˈuː-ˈɔː / l-l_ɑ / ∅-z

-------------------

/ʃtˈɛɐn/ - /stˈernɔ̃ː/
ʃ-s / t-t / ˈɛ-ˈe / ɐ-r / n-n / ∅-ɔ̃ː

-------------------

/ʃtˈʊɐm/ - /stˈurmɑz/
ʃ-s / t-t / ˈʊ-ˈu / ɐ-r / m-m / ∅-ɑ / ∅-z

-------------------

/ʃvˈaɐʦ/ - /swˈɑrtɑz/
ʃ-s / v-w / ˈa-ˈɑ / ɐ-r / ʦ-t / ∅-ɑ / ∅-z

-------------------

/ʃvˈaɪ̯n/ - /swˈiːnɑ̃/
ʃ-s / v-w / ˈaɪ̯-ˈiː / n-n / ∅-ɑ̃

-------------------

/ʃvˈeːɐt/ - /swˈerðɑ̃/
ʃ-s / v-w / ˈeː-ˈe / ɐ-r / t-ð / ∅-ɑ̃
ʃ-s / v-w / ˈeː-ˈe / ɐ-r / t-ð_ɑ̃

-------------------

/ʃvˈɛstɐ/ - /swˈestɛːr/
ʃ-s / v-w / ˈɛ-ˈe / s-s / t-t / ɐ-ɛː / ∅-r

-------------------

/ʃvˈɛɐt/ - /swˈerðɑ̃/
ʃ-s / v-w / ˈɛ-ˈe / ɐ-r / t-ð / ∅-ɑ̃
ʃ-s / v-w / ˈɛ-ˈe / ɐ-r / t-ð_ɑ̃

-------------------

/ʃvˈɪmən/ - /swˈimːɑnɑ̃/
ʃ-s / v-w / ˈɪ-ˈi / m-mː / ə-ɑ / n-n / ∅-ɑ̃

-------------------

/ʃˈaɐf/ - /skˈɑrpɑz/
ʃ-s_k / ˈa-ˈɑ / ɐ-r / f-p / ∅-ɑ / ∅-z
ʃ-s_k / ˈa-ˈɑ / ɐ-r / f-p_ɑ / ∅-z

-------------------

/ʃˈaɪ̯sə/ - /skˈitɑz/
ʃ-s_k / ˈaɪ̯-ˈi / s-t / ə-ɑ / ∅-z

-------------------

/ʃˈaːf/ - /skˈɛːpɑ̃/
ʃ-s_k / ˈaː-ˈɛː / f-p / ∅-ɑ̃
ʃ-s_k / ˈaː-ˈɛː / f-p_ɑ̃

-------------------

/ʃˈøːn/ - /skˈɑu̯niz/
ʃ-s_k / ˈøː-ˈɑu̯ / n-n / ∅-i / ∅-z

-------------------

/ʃˈɪf/ - /skˈipɑ̃/
ʃ-s_k / ˈɪ-ˈi / f-p / ∅-ɑ̃
ʃ-s_k / ˈɪ-ˈi / f-p_ɑ̃

-------------------

/ʦvˈanʦɪç/ - /twɑi̯tˈiɣiwiz/
ʦ-t / v-w / ˈa-ɑi̯ / n-∅ / ʦ-t / ∅-ˈi / ∅-ɣ / ɪ-i / ∅-w / ∅-i / ç-z

-------------------

/ʦvˈaɪ̯/ - /twˈɑi̯/
ʦ-t / v-w / ˈaɪ̯-ˈɑi̯

-------------------

/ʦvˈœlf/ - /twˈɑliɸ/
ʦ-t / v-w / ˈœ-ˈɑ / l-l / ∅-i / f-ɸ
ʦ-t / v-w / ˈœ-ˈɑ / l-l_i / f-ɸ

-------------------

/ʦvˈɛɐk/ - /dwˈerɣɑz/
ʦ-d / v-w / ˈɛ-ˈe / ɐ-r / k-ɣ_ɑ / ∅-z

-------------------

/ʦˈaɪ̯t/ - /tˈiːðiz/
ʦ-t / ˈaɪ̯-ˈiː / t-ð / ∅-i / ∅-z
ʦ-t / ˈaɪ̯-ˈiː / t-ð_i / ∅-z

-------------------

/ʦˈaːn/ - /tˈɑnθs/
ʦ-t / ˈaː-ˈɑ / n-n / ∅-θ / ∅-s

-------------------

/ʦˈeːn/ - /tˈexun/
ʦ-t / ˈeː-ˈe / ∅-x / ∅-u / n-n

-------------------

/ʦˈɛːʁə/ - /tˈɑxrɑ̃/
ʦ-t / ˈɛː-ˈɑ / ʁ-x_r / ə-ɑ̃
ʦ-t / ˈɛː-ˈɑ / ∅-x / ʁ-r / ə-ɑ̃
ʦ-t / ˈɛː-ˈɑ_x / ʁ-r / ə-ɑ̃

-------------------

/ʦˈʊŋə/ - /tˈuŋɡɔ̃ː/
ʦ-t / ˈʊ-ˈu / ŋ-ŋ / ∅-ɡ / ə-ɔ̃ː

-------------------

/ˈafə/ - /ˈɑpɔːː/
ˈa-ˈɑ / f-p / ə-ɔːː

-------------------

/ˈal/ - /ˈɑlːɑz/
ˈa-ˈɑ / l-lː / ∅-ɑ / ∅-z

-------------------

/ˈalt/ - /ˈɑldɑz/
ˈa-ˈɑ / l-l / t-d_ɑ / ∅-z

-------------------

/ˈandəʁɐ/ - /ˈɑnθerɑz/
ˈa-ˈɑ / n-n / d-θ / ə-e / ʁ-r / ɐ-ɑ_z
ˈa-ˈɑ / n-n / d-θ / ə-e / ʁ-r / ɐ-∅ / ∅-ɑ / ∅-z

-------------------

/ˈap͡fəl/ - /ˈɑpluz/
ˈa-ˈɑ / p͡f-p / ə-∅ / l-l / ∅-u / ∅-z

-------------------

/ˈap͡fəl/ - /ˈɑpɑlijɑ̃/
ˈa-ˈɑ / p͡f-p / ə-ɑ / l-l / ∅-i / ∅-j / ∅-ɑ̃
ˈa-ˈɑ / p͡f-p / ə-ɑ / l-l_i / ∅-j / ∅-ɑ̃

-------------------

/ˈaxt/ - /ˈɑxtɔːu̯/
ˈa-ˈɑ / x-x / t-t / ∅-ɔːu̯

-------------------

/ˈaɐm/ - /ˈɑrmɑz/
ˈa-ˈɑ / ɐ-r / m-m / ∅-ɑ / ∅-z
ˈa-ˈɑ / ɐ-r / m-m_ɑ / ∅-z

-------------------

/ˈaɪ̯/ - /ˈɑjːɑ̃/
∅-ˈɑ / ˈaɪ̯-jː / ∅-ɑ̃

-------------------

/ˈaɪ̯n/ - /ˈɑi̯nɑz/
ˈaɪ̯-ˈɑi̯ / n-n / ∅-ɑ / ∅-z

-------------------

/ˈaɪ̯s/ - /ˈiːsɑ̃/
ˈaɪ̯-ˈiː / s-s / ∅-ɑ̃
ˈaɪ̯-ˈiː / s-s_ɑ̃

-------------------

/ˈaɪ̯çə/ - /ˈɑi̯ks/
ˈaɪ̯-ˈɑi̯ / ç-k / ə-∅ / ∅-s

-------------------

/ˈaʃə/ - /ˈɑskɔ̃ː/
ˈa-ˈɑ / ʃ-s_k / ə-ɔ̃ː

-------------------

/ˈaʊ̯s/ - /ˈuːt/
ˈaʊ̯-ˈuː / s-t

-------------------

/ˈaʊ̯ɡə/ - /ˈɑu̯ɣɔːː/
ˈaʊ̯-ˈɑu̯ / ɡ-ɣ / ə-ɔːː

-------------------

/ˈaːl/ - /ˈɛːlɑz/
ˈaː-ˈɛː / l-l / ∅-ɑ / ∅-z
ˈaː-ˈɛː / l-l_ɑ / ∅-z

-------------------

/ˈoːfn̩/ - /ˈuxnɑz/
ˈoː-ˈu / f-x / n-n / ∅-ɑ / ∅-z

-------------------

/ˈoːfn̩/ - /ˈuɸnɑz/
ˈoː-ˈu / f-ɸ / n-n / ∅-ɑ / ∅-z

-------------------

/ˈoːɐ/ - /ˈɑu̯sɔːː/
ˈoː-ˈɑu̯ / ∅-s / ɐ-ɔːː

-------------------

/ˈyːbɐ/ - /ˈuβer/
ˈyː-ˈu / b-β / ɐ-e / ∅-r

-------------------

/ˈyːbɐ/ - /ˈuβiri/
ˈyː-ˈu / b-β / ∅-i / ɐ-r / ∅-i
ˈyː-ˈu / b-β / ∅-i / ɐ-r_i

-------------------

/ˈɔʏ̯lə/ - /ˈuwːɑlɔ̃ː/
∅-ˈu / ˈɔʏ̯-wː / l-ɑ_l / ə-ɔ̃ː
∅-ˈu / ˈɔʏ̯-wː / ∅-ɑ / l-l / ə-ɔ̃ː

-------------------

/ˈɛkə/ - /ˈɑɣjɔː/
ˈɛ-ˈɑ / k-ɣ / ə-j_ɔː
ˈɛ-ˈɑ / k-ɣ / ∅-j / ə-ɔː

-------------------

/ˈɛlf/ - /ˈɑi̯nɑliɸ/
ˈɛ-ˈɑi̯ / ∅-n / l-ɑ_l / ∅-i / f-ɸ
ˈɛ-ˈɑi̯ / ∅-n / ∅-ɑ / l-l_i / f-ɸ

-------------------

/ˈɛsən/ - /ˈetɑnɑ̃/
ˈɛ-ˈe / s-t / ə-ɑ / n-n / ∅-ɑ̃

-------------------

/ˈɛɐdə/ - /ˈerθɔː/
ˈɛ-ˈe / ɐ-r / d-θ / ə-ɔː

-------------------

/ˈɪmə/ - /bˈijɔ̃ː/
∅-b / ˈɪ-ˈi / m-∅ / ∅-j / ə-ɔ̃ː

-------------------

/ˈɪmə/ - /bˈiniz/
∅-b / ˈɪ-ˈi / m-n / ə-i_z

-------------------

/ˈɪn/ - /ˈin/
ˈɪ-ˈi / n-n

-------------------

/ˈɪç/ - /ˈek/
ˈɪ-ˈe / ç-k

-------------------

/ˈʊns/ - /ˈuns/
ˈʊ-ˈu / n-n / s-s

-------------------

