/b̥lˈeɐ̯mə/ - /blˈoːm/
b̥-b / l-l / ˈeɐ̯-ˈoː / m-m / ə-∅
{0: [0], 1: [1], 2: [2], 3: [3], 4: [4]}
{0: [0], 1: [1], 2: [2], 3: [3], 4: None}
SCORE: 18.818

-------------------

/b̥lˈuɐ̯d̥/ - /blˈuə̯d̥/
b̥-b / l-l / ˈuɐ̯-ˈuə̯ / d̥-d̥
{0: [0], 1: [1], 2: [2], 3: [3]}
{0: [0], 1: [1], 2: [2], 3: [3]}
SCORE: 25.47

-------------------

/b̥lˈuɐ̯d̥n̩/ - /blˈiə̯də/
b̥-b / l-l / ∅-ˈiə̯ / ˈuɐ̯-∅ / d̥_n-d_ə
{0: [0], 1: [1], 2: None, 3: [2], 4: [3, 4]}
{0: [0], 1: [1], 2: [2], 3: None, 4: [3, 4]}
SCORE: 11.496

-------------------

/b̥lˈɑd̥l̩/ - /blˈɛːd̥/
b̥-b / l_ˈɑ-l / ∅-ˈɛː / d̥-d̥ / l-∅
{0: [0], 1: [1, 2], 2: None, 3: [3], 4: [4]}
{0: [0], 1: [1], 2: [2], 3: [3], 4: None}
SCORE: 5.985

-------------------

/b̥rˈoːd̥/ - /brˈɪə̯/
b̥-b / r-r / ∅-ˈɪə̯ / ˈoː-∅ / d̥_#>-#>
{0: [0], 1: [1], 2: None, 3: [2], 4: [3]}
{0: [0], 1: [1], 2: [2], 3: None, 4: None}
SCORE: 2.239

-------------------

/b̥rˈuɐ̯d̥a/ - /brˈuə̯r/
b̥-b / r-r / ˈuɐ̯-ˈuə̯ / d̥_a-r
{0: [0], 1: [1], 2: [2], 3: [3, 4]}
{0: [0], 1: [1], 2: [2], 3: [3]}
SCORE: 22.153

-------------------

/b̥rˈuɡ̊n̩/ - /brˈɛːɣə/
b̥-b / r-r / ∅-ˈɛː / ˈu-∅ / ɡ̊-ɣ / n-ə
{0: [0], 1: [1], 2: None, 3: [2], 4: [3], 5: [4]}
{0: [0], 1: [1], 2: [2], 3: None, 4: [3], 5: [4]}
SCORE: 8.665

-------------------

/b̥rˈuʃd̥/ - /bˈoə̯st/
b̥-b / ∅-ˈoə̯ / r-∅ / ˈu-∅ / ʃ_d̥-s_t
{0: [0], 1: None, 2: [1], 3: [2], 4: [3, 4]}
{0: [0], 1: [1], 2: None, 3: None, 4: [2, 3]}
SCORE: 3.919

-------------------

/b̥ˈai̯sn̩/ - /bˈiːtə/
b̥-b / ˈai̯-ˈiː / s_n-t_ə
{0: [0], 1: [1], 2: [2, 3]}
{0: [0], 1: [1], 2: [2, 3]}
SCORE: 17.622

-------------------

/b̥ˈaːm/ - /bˈɪə̯m/
b̥-b / ˈaː-ˈɪə̯ / m-m
{0: [0], 1: [1], 2: [2]}
{0: [0], 1: [1], 2: [2]}
SCORE: 21.538

-------------------

/b̥ˈesa/ - /bˈɛtər/
b̥-b / ˈe-ˈɛ / s-t / a-ə_r
{0: [0], 1: [1], 2: [2], 3: [3]}
{0: [0], 1: [1], 2: [2], 3: [3, 4]}
SCORE: 21.922

-------------------

/b̥ˈeɐ/ - /bˈɪə̯r/
b̥-b / ∅-ˈɪə̯ / ˈe-∅ / ɐ-r
{0: [0], 1: None, 2: [1], 3: [2]}
{0: [0], 1: [1], 2: None, 3: [2]}
SCORE: 3.019

-------------------

/b̥ˈeɐɡ̊/ - /bˈɛrχ/
b̥-b / ˈe-ˈɛ / ɐ-r / ɡ̊-χ
{0: [0], 1: [1], 2: [2], 3: [3]}
{0: [0], 1: [1], 2: [2], 3: [3]}
SCORE: 19.999

-------------------

/b̥ˈeːɐ/ - /bˈɛi̯/
b̥-b / ˈeː-ˈɛi̯ / ɐ-∅
{0: [0], 1: [1], 2: [2]}
{0: [0], 1: [1], 2: None}
SCORE: 10.548

-------------------

/b̥ˈid̥n̩/ - /bˈɪdə/
b̥-b / ˈi-ˈɪ / d̥_n-d_ə
{0: [0], 1: [1], 2: [2, 3]}
{0: [0], 1: [1], 2: [2, 3]}
SCORE: 21.197

-------------------

/b̥ˈind̥n̩/ - /bˈiːnə/
b̥-b / ˈi_n-ˈiː_n / d̥_n-ə
{0: [0], 1: [1, 2], 2: [3, 4]}
{0: [0], 1: [1, 2], 2: [3]}
SCORE: 16.346

-------------------

/b̥ˈiːd̥n̩/ - /bˈiə̯də/
b̥-b / ∅-ˈiə̯ / ˈiː-∅ / d̥_n-d_ə
{0: [0], 1: None, 2: [1], 3: [2, 3]}
{0: [0], 1: [1], 2: None, 3: [2, 3]}
SCORE: 6.435

-------------------

/b̥ˈoɐ̯/ - /bˈiə̯n/
b̥-b / ˈoɐ̯-ˈiə̯_n
{0: [0], 1: [1]}
{0: [0], 1: [1, 2]}
SCORE: 11.379

-------------------

/b̥ˈuɐ̯x/ - /bˈuə̯k/
b̥-b / ˈuɐ̯-ˈuə̯ / x_#>-k_#>
{0: [0], 1: [1], 2: [2]}
{0: [0], 1: [1], 2: [2]}
SCORE: 21.633

-------------------

/b̥ˈɒːd̥/ - /bˈad̥/
b̥-b / ˈɒː-ˈa / d̥-d̥
{0: [0], 1: [1], 2: [2]}
{0: [0], 1: [1], 2: [2]}
SCORE: 19.879

-------------------

/b̥͡v̥lˈuɐ̯ɡ̊/ - /plˈuə̯ɣə/
b̥͡v̥-p / l-l / ˈuɐ̯-ˈuə̯ / ɡ̊-ɣ_ə
{0: [0], 1: [1], 2: [2], 3: [3]}
{0: [0], 1: [1], 2: [2], 3: [3, 4]}
SCORE: 23.094

-------------------

/b̥͡v̥ˈaːd̥/ - /pˈaːd̥/
b̥͡v̥-p / ˈaː-ˈaː / d̥-d̥
{0: [0], 1: [1], 2: [2]}
{0: [0], 1: [1], 2: [2]}
SCORE: 14.894

-------------------

/d̥rˈai̯/ - /trˈɛjə/
d̥-t / r-r / ∅-ˈɛ / ˈai̯-j / #>-ə_#>
{0: [0], 1: [1], 2: None, 3: [2], 4: None}
{0: [0], 1: [1], 2: [2], 3: [3], 4: [4]}
SCORE: 9.133

-------------------

/d̥rˈai̯m/ - /drjˈuːvə/
<#_d̥-<#_d / r-r / ˈai̯-j / ∅-ˈuː / ∅-v / m-ə
{0: [0], 1: [1], 2: [2], 3: None, 4: None, 5: [3]}
{0: [0], 1: [1], 2: [2], 3: [3], 4: [4], 5: [5]}
SCORE: 7.266

-------------------

/d̥rˈai̯ʦeɐ̯/ - /trˈɛtjɪn/
d̥-t / r-r / ˈai̯-ˈɛ / ʦ-t / eɐ̯-j_ɪ / ∅-n
{0: [0], 1: [1], 2: [2], 3: [3], 4: [4], 5: None}
{0: [0], 1: [1], 2: [2], 3: [3], 4: [4, 5], 5: [6]}
SCORE: 19.605

-------------------

/d̥rˈaːm/ - /drˈɪə̯m/
<#_d̥-<#_d / r-r / ˈaː-ˈɪə̯ / m-m
{0: [0], 1: [1], 2: [2], 3: [3]}
{0: [0], 1: [1], 2: [2], 3: [3]}
SCORE: 25.506

-------------------

/d̥rˈiŋɡ̊a/ - /drˈɪŋkə/
<#_d̥-<#_d / r-r / ˈi-ˈɪ / ŋ-ŋ / ɡ̊-k / a-ə
{0: [0], 1: [1], 2: [2], 3: [3], 4: [4], 5: [5]}
{0: [0], 1: [1], 2: [2], 3: [3], 4: [4], 5: [5]}
SCORE: 31.512

-------------------

/d̥rˈuɡ̊a/ - /drˈykə/
<#_d̥-<#_d / r-r / ˈu-ˈy / ɡ̊-k / a-ə
{0: [0], 1: [1], 2: [2], 3: [3], 4: [4]}
{0: [0], 1: [1], 2: [2], 3: [3], 4: [4]}
SCORE: 26.685

-------------------

/d̥ˈai̯a/ - /djˈuə̯r/
<#_d̥-<#_d / ˈai̯-j_ˈuə̯ / a-r
{0: [0], 1: [1], 2: [2]}
{0: [0], 1: [1, 2], 2: [3]}
SCORE: 15.307

-------------------

/d̥ˈai̯d̥ʃ/ - /dˈyːtsk/
<#_d̥-<#_d / ∅-ˈyː / ˈai̯-∅ / d̥-t / ʃ-s / #>-k_#>
{0: [0], 1: None, 2: [1], 3: [2], 4: [3], 5: None}
{0: [0], 1: [1], 2: None, 3: [2], 4: [3], 5: [4]}
SCORE: 8.23

-------------------

/d̥ˈau̯sad̥/ - /tˈuːzən/
d̥-t / ˈau̯-ˈuː / ∅-z / s-∅ / a-ə / d̥-n
{0: [0], 1: [1], 2: None, 3: [2], 4: [3], 5: [4]}
{0: [0], 1: [1], 2: [2], 3: None, 4: [3], 5: [4]}
SCORE: 7.628

-------------------

/d̥ˈaŋɡ̊n̩/ - /tˈankjə/
d̥-t / ∅-ˈa / ˈa-∅ / ŋ-n / ɡ̊-k / ∅-j / n-ə
{0: [0], 1: None, 2: [1], 3: [2], 4: [3], 5: None, 6: [4]}
{0: [0], 1: [1], 2: None, 3: [2], 4: [3], 5: [4], 6: [5]}
SCORE: -2.529

-------------------

/d̥ˈaːm/ - /tˈɔmə/
d̥-t / ∅-ˈɔ / ˈaː-∅ / m-m / #>-ə_#>
{0: [0], 1: None, 2: [1], 3: [2], 4: None}
{0: [0], 1: [1], 2: None, 3: [2], 4: [3]}
SCORE: 1.592

-------------------

/d̥ˈeːd̥li/ - /dˈɪə̯dlɪk/
<#_d̥-<#_d / ˈeː-ˈɪə̯ / d̥-d / l-l / i-ɪ / #>-k_#>
{0: [0], 1: [1], 2: [2], 3: [3], 4: [4], 5: None}
{0: [0], 1: [1], 2: [2], 3: [3], 4: [4], 5: [5]}
SCORE: 25.028

-------------------

/d̥ˈin/ - /tˈɪn/
d̥-t / ˈi-ˈɪ / n-n
{0: [0], 1: [1], 2: [2]}
{0: [0], 1: [1], 2: [2]}
SCORE: 16.596

-------------------

/d̥ˈiɐ̯/ - /dˈiə̯r/
<#_d̥-<#_d / ∅-ˈiə̯ / ˈiɐ̯-∅ / #>-r_#>
{0: [0], 1: None, 2: [1], 3: None}
{0: [0], 1: [1], 2: None, 3: [2]}
SCORE: -1.689

-------------------

/d̥ˈiɐ̯b̥/ - /ʦjˈɪə̯f/
<#_d̥-<# / ∅-ʦ / ˈiɐ̯-j / ∅-ˈɪə̯ / b̥_#>-f_#>
{0: [0], 1: None, 2: [1], 3: None, 4: [2]}
{0: None, 1: [0], 2: [1], 3: [2], 4: [3]}
SCORE: 0.677

-------------------

/d̥ˈiɐ̯f/ - /djˈɪp/
<#_d̥-<#_d / ˈiɐ̯-j_ˈɪ / f_#>-p_#>
{0: [0], 1: [1], 2: [2]}
{0: [0], 1: [1, 2], 2: [3]}
SCORE: 19.849

-------------------

/d̥ˈona/ - /tˈɔŋər/
d̥-t / ˈo-ˈɔ / ∅-ŋ / n-ə / a-r
{0: [0], 1: [1], 2: None, 3: [2], 4: [3]}
{0: [0], 1: [1], 2: [2], 3: [3], 4: [4]}
SCORE: 9.988

-------------------

/d̥ˈorn/ - /tˈoə̯n/
d̥-t / ˈo-ˈoə̯ / r-∅ / n-n
{0: [0], 1: [1], 2: [2], 3: [3]}
{0: [0], 1: [1], 2: None, 3: [2]}
SCORE: 11.402

-------------------

/d̥ˈou̯d̥/ - /dˈɪə̯/
<#_d̥-<#_d / ˈou̯-ˈɪə̯ / d̥_#>-#>
{0: [0], 1: [1], 2: [2]}
{0: [0], 1: [1], 2: None}
SCORE: 10.644

-------------------

/d̥ˈoxd̥a/ - /dˈɔχtər/
<#_d̥-<#_d / ˈo-ˈɔ / x_d̥-χ_t / a-ə_r
{0: [0], 1: [1], 2: [2, 3], 3: [4]}
{0: [0], 1: [1], 2: [2, 3], 3: [4, 5]}
SCORE: 27.353

-------------------

/d̥ˈoɐ̯ɡ̊/ - /dˈaːj/
<#_d̥-<#_d / ˈoɐ̯-ˈaː_j / ɡ̊_#>-#>
{0: [0], 1: [1], 2: [2]}
{0: [0], 1: [1, 2], 2: None}
SCORE: 7.663

-------------------

/d̥ˈu/ - /dˈoː/
<#_d̥-<#_d / ˈu-∅ / #>-ˈoː_#>
{0: [0], 1: [1], 2: None}
{0: [0], 1: None, 2: [1]}
SCORE: 5.843

-------------------

/d̥ˈuɐʃd̥/ - /tˈoə̯st/
d̥-t / ˈu-∅ / ɐ-ˈoə̯ / ʃ_d̥-s_t
{0: [0], 1: [1], 2: [2], 3: [3, 4]}
{0: [0], 1: None, 2: [1], 3: [2, 3]}
SCORE: 15.573

-------------------

/d̥ˈɒːɡ̊/ - /dˈɛi̯/
<#_d̥-<#_d / ˈɒː-∅ / ɡ̊-ˈɛi̯
{0: [0], 1: [1], 2: [2]}
{0: [0], 1: None, 2: [1]}
SCORE: 4.951

-------------------

/flˈai̯ʃ/ - /flˈɛːsk/
f-f / l-l / ∅-ˈɛː / ˈai̯-∅ / ʃ-s / #>-k_#>
{0: [0], 1: [1], 2: None, 3: [2], 4: [3], 5: None}
{0: [0], 1: [1], 2: [2], 3: None, 4: [3], 5: [4]}
SCORE: 10.294

-------------------

/flˈiɐ̯ŋ/ - /flˈɪə̯nə/
f-f / l-l / ˈiɐ̯-ˈɪə̯ / ŋ-n_ə
{0: [0], 1: [1], 2: [2], 3: [3]}
{0: [0], 1: [1], 2: [2], 3: [3, 4]}
SCORE: 17.905

-------------------

/frˈai̯/ - /frˈɛj/
f-f / r-r / ˈai̯_#>-ˈɛ_j_#>
{0: [0], 1: [1], 2: [2]}
{0: [0], 1: [1], 2: [2, 3]}
SCORE: 17.061

-------------------

/frˈai̯nd̥/ - /frˈøə̯n/
f-f / r-r / ˈai̯-ˈøə̯ / n_d̥-n
{0: [0], 1: [1], 2: [2], 3: [3, 4]}
{0: [0], 1: [1], 2: [2], 3: [3]}
SCORE: 22.578

-------------------

/frˈiʃ/ - /fˈask/
f_r-f / ∅-ˈa / ˈi-∅ / ʃ-s / #>-k_#>
{0: [0, 1], 1: None, 2: [2], 3: [3], 4: None}
{0: [0], 1: [1], 2: None, 3: [2], 4: [3]}
SCORE: 1.908

-------------------

/fˈai̯a/ - /fjˈuə̯r/
f-f / ˈai̯-j_ˈuə̯ / a-r
{0: [0], 1: [1], 2: [2]}
{0: [0], 1: [1, 2], 2: [3]}
SCORE: 15.224

-------------------

/fˈeʃd̥/ - /fˈɛːst/
f-f / ˈe-ˈɛː / ʃ_d̥-s_t
{0: [0], 1: [1], 2: [2, 3]}
{0: [0], 1: [1], 2: [2, 3]}
SCORE: 19.896

-------------------

/fˈeːd̥a/ - /fˈɪə̯r/
f-f / ˈeː-ˈɪə̯ / d̥_a-r
{0: [0], 1: [1], 2: [2, 3]}
{0: [0], 1: [1], 2: [2]}
SCORE: 13.523

-------------------

/fˈimf/ - /fˈiːf/
f-f / ˈi-ˈiː / m-∅ / f-f
{0: [0], 1: [1], 2: [2], 3: [3]}
{0: [0], 1: [1], 2: None, 3: [2]}
SCORE: 12.242

-------------------

/fˈind̥n̩/ - /fˈiːnə/
f-f / ˈi_n-ˈiː_n / d̥_n-ə
{0: [0], 1: [1, 2], 2: [3, 4]}
{0: [0], 1: [1, 2], 2: [3]}
SCORE: 15.734

-------------------

/fˈiŋa/ - /fˈɪŋər/
f-f / ˈi-ˈɪ / ŋ-ŋ / a-ə_r
{0: [0], 1: [1], 2: [2], 3: [3]}
{0: [0], 1: [1], 2: [2], 3: [3, 4]}
SCORE: 24.471

-------------------

/fˈiɐ/ - /fˈoə̯r/
f-f / ˈi-∅ / ɐ-ˈoə̯ / #>-r_#>
{0: [0], 1: [1], 2: [2], 3: None}
{0: [0], 1: None, 2: [1], 3: [2]}
SCORE: 7.504

-------------------

/fˈiɐ̯rə/ - /fjˈɔu̯ər/
f-f / ˈiɐ̯-j / r-ˈɔu̯ / ə-ə / #>-r_#>
{0: [0], 1: [1], 2: [2], 3: [3], 4: None}
{0: [0], 1: [1], 2: [2], 3: [3], 4: [4]}
SCORE: 16.446

-------------------

/fˈiɐ̯s/ - /fˈu̯otən/
f-f / ˈiɐ̯-ˈu̯o / s-t_ə / ∅-n
{0: [0], 1: [1], 2: [2], 3: None}
{0: [0], 1: [1], 2: [2, 3], 3: [4]}
SCORE: 13.428

-------------------

/fˈiːʃ/ - /fˈɪsk/
f-f / ˈiː-ˈɪ / ʃ-s / #>-k_#>
{0: [0], 1: [1], 2: [2], 3: None}
{0: [0], 1: [1], 2: [2], 3: [3]}
SCORE: 19.004

-------------------

/fˈoj/ - /fˈɔl/
f-f / ˈo-ˈɔ / j-l
{0: [0], 1: [1], 2: [2]}
{0: [0], 1: [1], 2: [2]}
SCORE: 18.449

-------------------

/fˈojŋ/ - /fˈɔlɣjə/
f-f / ˈo-ˈɔ / j-l / ŋ-ɣ_j / #>-ə_#>
{0: [0], 1: [1], 2: [2], 3: [3], 4: None}
{0: [0], 1: [1], 2: [2], 3: [3, 4], 4: [5]}
SCORE: 18.512

-------------------

/fˈojɡ̊/ - /fˈɔlk/
f-f / ˈo-ˈɔ / j-l / ɡ̊-k
{0: [0], 1: [1], 2: [2], 3: [3]}
{0: [0], 1: [1], 2: [2], 3: [3]}
SCORE: 20.984

-------------------

/fˈoːɡ̊l̩/ - /fˈuɣəl/
f-f / ∅-ˈu / ˈoː-∅ / ɡ̊-ɣ_ə / l-l
{0: [0], 1: None, 2: [1], 3: [2], 4: [3]}
{0: [0], 1: [1], 2: None, 3: [2, 3], 4: [4]}
SCORE: 7.938

-------------------

/fˈujn/ - /fˈiə̯lə/
f-f / ∅-ˈiə̯ / ˈu-∅ / j-l / n-ə
{0: [0], 1: None, 2: [1], 3: [2], 4: [3]}
{0: [0], 1: [1], 2: None, 3: [2], 4: [3]}
SCORE: 4.008

-------------------

/fˈuɐ̯s/ - /fˈuə̯t/
f-f / ˈuɐ̯-ˈuə̯ / s-t
{0: [0], 1: [1], 2: [2]}
{0: [0], 1: [1], 2: [2]}
SCORE: 18.665

-------------------

/fˈuɡ̊s/ - /fˈɔks/
f-f / ˈu-ˈɔ / ɡ̊-k / s-s
{0: [0], 1: [1], 2: [2], 3: [3]}
{0: [0], 1: [1], 2: [2], 3: [3]}
SCORE: 19.972

-------------------

/fˈɒːd̥a/ - /fˈaːdər/
f-f / ˈɒː-ˈaː / d̥-d / a-ə_r
{0: [0], 1: [1], 2: [2], 3: [3]}
{0: [0], 1: [1], 2: [2], 3: [3, 4]}
SCORE: 23.206

-------------------

/hˈau̯d̥/ - /hˈuːd̥/
h-h / ˈau̯-ˈuː / d̥-d̥
{0: [0], 1: [1], 2: [2]}
{0: [0], 1: [1], 2: [2]}
SCORE: 21.039

-------------------

/hˈau̯s/ - /hˈuːs/
h-h / ˈau̯-ˈuː / s-s
{0: [0], 1: [1], 2: [2]}
{0: [0], 1: [1], 2: [2]}
SCORE: 20.661

-------------------

/hˈaːb̥d̥/ - /hˈaːt/
h-h / ˈaː-ˈaː / b̥-∅ / d̥-t
{0: [0], 1: [1], 2: [2], 3: [3]}
{0: [0], 1: [1], 2: None, 3: [2]}
SCORE: 10.647

-------------------

/hˈejfa/ - /hˈɛlpə/
h-h / ˈe-ˈɛ / j-l / f_a-p_ə
{0: [0], 1: [1], 2: [2], 3: [3, 4]}
{0: [0], 1: [1], 2: [2], 3: [3, 4]}
SCORE: 29.014

-------------------

/hˈeɐʦ/ - /hˈɛːt/
h-h / ˈe-ˈɛː / ɐ-∅ / ʦ-t
{0: [0], 1: [1], 2: [2], 3: [3]}
{0: [0], 1: [1], 2: None, 3: [2]}
SCORE: 11.914

-------------------

/hˈeːna/ - /hˈɪn/
h-h / ˈeː-ˈɪ / n-n / a-∅
{0: [0], 1: [1], 2: [2], 3: [3]}
{0: [0], 1: [1], 2: [2], 3: None}
SCORE: 10.936

-------------------

/hˈeːɐn/ - /hˈɪə̯rə/
h-h / ˈeː-ˈɪə̯ / ɐ-r / n-ə
{0: [0], 1: [1], 2: [2], 3: [3]}
{0: [0], 1: [1], 2: [2], 3: [3]}
SCORE: 15.905

-------------------

/hˈiɐ/ - /hjˈɪr/
h-h / ∅-j / ˈi-ˈɪ / ɐ-r
{0: [0], 1: None, 2: [1], 3: [2]}
{0: [0], 1: [1], 2: [2], 3: [3]}
SCORE: 13.283

-------------------

/hˈojb̥/ - /hˈɪə̯l/
h-h / ˈo-ˈɪə̯ / j-l / b̥_#>-#>
{0: [0], 1: [1], 2: [2], 3: [3]}
{0: [0], 1: [1], 2: [2], 3: None}
SCORE: 14.513

-------------------

/hˈou̯x/ - /hˈeːχ/
h-h / ∅-ˈeː / ˈou̯-∅ / x-χ
{0: [0], 1: None, 2: [1], 3: [2]}
{0: [0], 1: [1], 2: None, 3: [2]}
SCORE: 6.29

-------------------

/hˈoɐn/ - /hˈoə̯n/
h-h / ˈo_ɐ-ˈoə̯ / n-n
{0: [0], 1: [1, 2], 2: [3]}
{0: [0], 1: [1], 2: [2]}
SCORE: 19.143

-------------------

/hˈoɐ̯/ - /hˈiə̯r/
h-h / ˈoɐ̯-ˈiə̯ / #>-r_#>
{0: [0], 1: [1], 2: None}
{0: [0], 1: [1], 2: [2]}
SCORE: 13.911

-------------------

/hˈoɐ̯m/ - /hˈiə̯m/
h-h / ˈoɐ̯-ˈiə̯ / m-m
{0: [0], 1: [1], 2: [2]}
{0: [0], 1: [1], 2: [2]}
SCORE: 21.371

-------------------

/hˈoɐ̯s/ - /hˈit/
h-h / ∅-ˈi / ˈoɐ̯-∅ / s-t
{0: [0], 1: None, 2: [1], 3: [2]}
{0: [0], 1: [1], 2: None, 3: [2]}
SCORE: 3.927

-------------------

/hˈund̥/ - /hˈuːn/
h-h / ∅-ˈuː / ˈu-∅ / n_d̥-n
{0: [0], 1: None, 2: [1], 3: [2, 3]}
{0: [0], 1: [1], 2: None, 3: [2]}
SCORE: 3.204

-------------------

/hˈund̥/ - /hˈɔːn/
h-h / ˈu-∅ / n_d̥-ˈɔː_n
{0: [0], 1: [1], 2: [2, 3]}
{0: [0], 1: None, 2: [1, 2]}
SCORE: 8.502

-------------------

/hˈund̥ad̥/ - /hˈundət/
h-h / ˈu-ˈu / n-n / d̥-d / a-ə / d̥-t
{0: [0], 1: [1], 2: [2], 3: [3], 4: [4], 5: [5]}
{0: [0], 1: [1], 2: [2], 3: [3], 4: [4], 5: [5]}
SCORE: 29.249

-------------------

/hˈuŋa/ - /hˈɔŋər/
h-h / ˈu-ˈɔ / ŋ-ŋ / a-ə_r
{0: [0], 1: [1], 2: [2], 3: [3]}
{0: [0], 1: [1], 2: [2], 3: [3, 4]}
SCORE: 24.695

-------------------

/hˈuŋɡ̊/ - /hˈynəχ/
h-h / ˈu-ˈy / ŋ-n_ə / ɡ̊-χ
{0: [0], 1: [1], 2: [2], 3: [3]}
{0: [0], 1: [1], 2: [2, 3], 3: [4]}
SCORE: 19.281

-------------------

/hˈɑːm/ - /hˈavə/
h-h / ˈɑː-ˈa / ∅-v / m-ə
{0: [0], 1: [1], 2: None, 3: [2]}
{0: [0], 1: [1], 2: [2], 3: [3]}
SCORE: 10.907

-------------------

/hˈɒːs/ - /hˈazə/
h-h / ˈɒː-ˈa / ∅-z / s-ə
{0: [0], 1: [1], 2: None, 3: [2]}
{0: [0], 1: [1], 2: [2], 3: [3]}
SCORE: 8.448

-------------------

/jˈuŋɡ̊/ - /jˈɔŋ/
j-j / ˈu-ˈɔ / ŋ_ɡ̊-ŋ
{0: [0], 1: [1], 2: [2, 3]}
{0: [0], 1: [1], 2: [2]}
SCORE: 14.409

-------------------

/jˈɒːɐ/ - /jˈiə̯r/
j-j / ∅-ˈiə̯ / ˈɒː-∅ / ɐ-r
{0: [0], 1: None, 2: [1], 3: [2]}
{0: [0], 1: [1], 2: None, 3: [2]}
SCORE: -1.548

-------------------

/kʰˈena/ - /kˈɛnə/
<#_kʰ-<#_k / ˈe-ˈɛ / n-n / a-ə
{0: [0], 1: [1], 2: [2], 3: [3]}
{0: [0], 1: [1], 2: [2], 3: [3]}
SCORE: 23.173

-------------------

/kʰˈena/ - /kˈɪnə/
<#_kʰ-<#_k / ˈe_n-ˈɪ_n / a-ə
{0: [0], 1: [1, 2], 2: [3]}
{0: [0], 1: [1, 2], 2: [3]}
SCORE: 23.309

-------------------

/kʰˈini/ - /kˈeːnɪŋ/
<#_kʰ-<#_k / ∅-ˈeː / ˈi_n-n / i-ɪ / ∅-ŋ
{0: [0], 1: None, 2: [1, 2], 3: [3], 4: None}
{0: [0], 1: [1], 2: [2], 3: [3], 4: [4]}
SCORE: 4.87

-------------------

/kʰˈojd̥/ - /kˈɔːd̥/
<#_kʰ-<#_k / ˈo-ˈɔː / j_d̥-d̥
{0: [0], 1: [1], 2: [2, 3]}
{0: [0], 1: [1], 2: [2]}
SCORE: 16.608

-------------------

/kʰˈoɐn/ - /kˈoə̯n/
<#_kʰ-<#_k / ˈo_ɐ-ˈoə̯ / n-n
{0: [0], 1: [1, 2], 2: [3]}
{0: [0], 1: [1], 2: [2]}
SCORE: 18.934

-------------------

/kʰˈuma/ - /kˈɔmə/
<#_kʰ-<#_k / ˈu-ˈɔ / m-m / a-ə
{0: [0], 1: [1], 2: [2], 3: [3]}
{0: [0], 1: [1], 2: [2], 3: [3]}
SCORE: 24.054

-------------------

/kʰˈuɐ̯/ - /kˈoː/
<#_kʰ-<#_k / ˈuɐ̯-∅ / #>-ˈoː_#>
{0: [0], 1: [1], 2: None}
{0: [0], 1: None, 2: [1]}
SCORE: 6.665

-------------------

/kʰˈɑʦ/ - /kˈat/
<#_kʰ-<#_k / ˈɑ-ˈa / ʦ-t
{0: [0], 1: [1], 2: [2]}
{0: [0], 1: [1], 2: [2]}
SCORE: 17.926

-------------------

/lˈafa/ - /ljˈɛpə/
l-l / ∅-j / ∅-ˈɛ / ˈa-∅ / f_a-p_ə
{0: [0], 1: None, 2: None, 3: [1], 4: [2, 3]}
{0: [0], 1: [1], 2: [2], 3: None, 4: [3, 4]}
SCORE: 4.215

-------------------

/lˈau̯s/ - /lˈuːs/
l-l / ˈau̯-ˈuː / s-s
{0: [0], 1: [1], 2: [2]}
{0: [0], 1: [1], 2: [2]}
SCORE: 19.683

-------------------

/lˈaːb̥/ - /lˈɪə̯f/
l-l / ˈaː-ˈɪə̯ / b̥_#>-f_#>
{0: [0], 1: [1], 2: [2]}
{0: [0], 1: [1], 2: [2]}
SCORE: 18.591

-------------------

/lˈeːβa/ - /lˈeːvər/
l-l / ˈeː-ˈeː / ∅-v / β-∅ / a-ə_r
{0: [0], 1: [1], 2: None, 3: [2], 4: [3]}
{0: [0], 1: [1], 2: [2], 3: None, 4: [3, 4]}
SCORE: 9.234

-------------------

/lˈiŋ/ - /lˈɪzə/
l-l / ˈi-ˈɪ / ∅-z / ŋ-ə
{0: [0], 1: [1], 2: None, 3: [2]}
{0: [0], 1: [1], 2: [2], 3: [3]}
SCORE: 9.342

-------------------

/lˈiɐ̯b̥/ - /lˈɪə̯f/
l-l / ˈiɐ̯-ˈɪə̯ / b̥_#>-f_#>
{0: [0], 1: [1], 2: [2]}
{0: [0], 1: [1], 2: [2]}
SCORE: 16.185

-------------------

/lˈiɐ̯xd̥/ - /ljˈɔχt/
l-l / ˈiɐ̯-j / ∅-ˈɔ / x_d̥-χ_t
{0: [0], 1: [1], 2: None, 3: [2, 3]}
{0: [0], 1: [1], 2: [2], 3: [3, 4]}
SCORE: 19.036

-------------------

/lˈiɐ̯ŋ/ - /lˈiːɣə/
l_ˈiɐ̯-l / ∅-ˈiː / ŋ-ɣ / #>-ə_#>
{0: [0, 1], 1: None, 2: [2], 3: None}
{0: [0], 1: [1], 2: [2], 3: [3]}
SCORE: 0.198

-------------------

/lˈoɐ̯xd̥/ - /lˈɪχt/
l-l / ˈoɐ̯-ˈɪ / x_d̥-χ_t
{0: [0], 1: [1], 2: [2, 3]}
{0: [0], 1: [1], 2: [2, 3]}
SCORE: 19.937

-------------------

/lˈɑnd̥/ - /lˈɔːn/
l_ˈɑ-l / n_d̥-ˈɔː_n
{0: [0, 1], 1: [2, 3]}
{0: [0], 1: [1, 2]}
SCORE: 8.892

-------------------

/lˈɑŋɡ̊/ - /lˈaŋ/
l-l / ˈɑ-ˈa / ŋ_ɡ̊-ŋ
{0: [0], 1: [1], 2: [2, 3]}
{0: [0], 1: [1], 2: [2]}
SCORE: 17.439

-------------------

/mˈaj/ - /mˈuːlə/
m-m / ∅-ˈuː / ˈa-∅ / j-l / #>-ə_#>
{0: [0], 1: None, 2: [1], 3: [2], 4: None}
{0: [0], 1: [1], 2: None, 3: [2], 4: [3]}
SCORE: 2.663

-------------------

/mˈau̯s/ - /mˈuːs/
m-m / ˈau̯-ˈuː / s-s
{0: [0], 1: [1], 2: [2]}
{0: [0], 1: [1], 2: [2]}
SCORE: 20.339

-------------------

/mˈenʃ/ - /mˈɪnskə/
m-m / ˈe_n-ˈɪ_n / ʃ-s_k / #>-ə_#>
{0: [0], 1: [1, 2], 2: [3], 3: None}
{0: [0], 1: [1, 2], 2: [3, 4], 3: [5]}
SCORE: 21.152

-------------------

/mˈeːɐ/ - /mˈar/
m-m / ∅-ˈa / ˈeː-∅ / ɐ-r
{0: [0], 1: None, 2: [1], 3: [2]}
{0: [0], 1: [1], 2: None, 3: [2]}
SCORE: 3.199

-------------------

/mˈi/ - /mˈi/
m-m / ˈi-ˈi
{0: [0], 1: [1]}
{0: [0], 1: [1]}
SCORE: 13.449

-------------------

/mˈili/ - /mˈɔlkə/
m-m / ˈi-ˈɔ / l-l / ∅-k / i-∅ / #>-ə_#>
{0: [0], 1: [1], 2: [2], 3: None, 4: [3], 5: None}
{0: [0], 1: [1], 2: [2], 3: [3], 4: None, 5: [4]}
SCORE: 6.546

-------------------

/mˈond̥/ - /mˈoə̯nə/
m-m / ˈo-ˈoə̯ / n_d̥-n / #>-ə_#>
{0: [0], 1: [1], 2: [2, 3], 3: None}
{0: [0], 1: [1], 2: [2], 3: [3]}
SCORE: 15.363

-------------------

/mˈoxd̥/ - /mˈaχt/
m-m / ˈo-ˈa / x_d̥-χ_t
{0: [0], 1: [1], 2: [2, 3]}
{0: [0], 1: [1], 2: [2, 3]}
SCORE: 21.006

-------------------

/mˈoːnad̥/ - /mˈoə̯nə/
m-m / ∅-ˈoə̯ / ˈoː-∅ / n-n / a-ə / d̥_#>-#>
{0: [0], 1: None, 2: [1], 3: [2], 4: [3], 5: [4]}
{0: [0], 1: [1], 2: None, 3: [2], 4: [3], 5: None}
SCORE: 5.384

-------------------

/mˈuɐ̯d̥a/ - /mˈuə̯r/
m-m / ˈuɐ̯-ˈuə̯ / d̥_a-r
{0: [0], 1: [1], 2: [2, 3]}
{0: [0], 1: [1], 2: [2]}
SCORE: 17.836

-------------------

/mˈuɡ̊a/ - /mˈɪχ/
m-m / ∅-ˈɪ / ˈu-∅ / ɡ̊_a-χ
{0: [0], 1: None, 2: [1], 3: [2, 3]}
{0: [0], 1: [1], 2: None, 3: [2]}
SCORE: 0.659

-------------------

/mˈɒː/ - /mˈan/
m-m / ˈɒː-ˈa / ∅-n
{0: [0], 1: [1], 2: None}
{0: [0], 1: [1], 2: [2]}
SCORE: 11.086

-------------------

/nˈai̯/ - /nˈɛj/
<#_n-<#_n / ˈai̯_#>-ˈɛ_j_#>
{0: [0], 1: [1]}
{0: [0], 1: [1, 2]}
SCORE: 13.83

-------------------

/nˈai̯n/ - /njˈɔɣən/
<#_n-<#_n / ˈai̯-j / ∅-ˈɔ / ∅-ɣ / ∅-ə / n-n
{0: [0], 1: [1], 2: None, 3: None, 4: None, 5: [2]}
{0: [0], 1: [1], 2: [2], 3: [3], 4: [4], 5: [5]}
SCORE: 3.87

-------------------

/nˈeɡ̊ʃd̥/ - /nˈɛi̯st/
<#_n-<#_n / ˈe_ɡ̊-ˈɛi̯ / ʃ_d̥-s_t
{0: [0], 1: [1, 2], 2: [3, 4]}
{0: [0], 1: [1], 2: [2, 3]}
SCORE: 20.116

-------------------

/nˈoɐd̥n̩/ - /nˈoə̯d̥/
<#_n-<#_n / ˈo_ɐ-ˈoə̯ / d̥-d̥ / n_#>-#>
{0: [0], 1: [1, 2], 2: [3], 3: [4]}
{0: [0], 1: [1], 2: [2], 3: None}
SCORE: 16.113

-------------------

/nˈus/ - /nˈyːt/
<#_n-<#_n / ˈu-ˈyː / s-t
{0: [0], 1: [1], 2: [2]}
{0: [0], 1: [1], 2: [2]}
SCORE: 15.739

-------------------

/nˈɑːmɑ/ - /nˈamə/
<#_n-<#_n / ˈɑː-ˈa / m-m / ɑ-∅ / #>-ə_#>
{0: [0], 1: [1], 2: [2], 3: [3], 4: None}
{0: [0], 1: [1], 2: [2], 3: None, 4: [3]}
SCORE: 15.735

-------------------

/nˈɑːxd̥/ - /nˈaχt/
<#_n-<#_n / ˈɑː-ˈa / x_d̥-χ_t
{0: [0], 1: [1], 2: [2, 3]}
{0: [0], 1: [1], 2: [2, 3]}
SCORE: 26.248

-------------------

/nˈɑːɡ̊l/ - /nˈɛi̯l/
<#_n-<#_n / ˈɑː-∅ / ɡ̊-ˈɛi̯ / l-l
{0: [0], 1: [1], 2: [2], 3: [3]}
{0: [0], 1: None, 2: [1], 3: [2]}
SCORE: 11.196

-------------------

/rˈai̯ç/ - /rˈik/
<#_r-<#_r / ˈai̯-ˈi / ç-∅ / #>-k_#>
{0: [0], 1: [1], 2: [2], 3: None}
{0: [0], 1: [1], 2: None, 3: [2]}
SCORE: 11.57

-------------------

/rˈaːx/ - /rˈɪə̯k/
<#_r-<#_r / ˈaː-ˈɪə̯ / x_#>-k_#>
{0: [0], 1: [1], 2: [2]}
{0: [0], 1: [1], 2: [2]}
SCORE: 22.048

-------------------

/rˈeːŋ/ - /rˈɛi̯n/
<#_r-<#_r / ˈeː-ˈɛi̯ / ŋ-n
{0: [0], 1: [1], 2: [2]}
{0: [0], 1: [1], 2: [2]}
SCORE: 18.502

-------------------

/rˈiŋɡ̊/ - /rˈɪŋ/
<#_r-<#_r / ˈi-ˈɪ / ŋ_ɡ̊-ŋ
{0: [0], 1: [1], 2: [2, 3]}
{0: [0], 1: [1], 2: [2]}
SCORE: 20.896

-------------------

/rˈou̯d̥/ - /rˈɪə̯d̥/
<#_r-<#_r / ˈou̯-ˈɪə̯ / d̥-d̥
{0: [0], 1: [1], 2: [2]}
{0: [0], 1: [1], 2: [2]}
SCORE: 19.018

-------------------

/rˈuɡ̊a/ - /rˈɛːχ/
<#_r-<#_r / ∅-ˈɛː / ˈu-∅ / ɡ̊_a-χ
{0: [0], 1: None, 2: [1], 3: [2, 3]}
{0: [0], 1: [1], 2: None, 3: [2]}
SCORE: 1.509

-------------------

/sˈai̯d̥n̩/ - /sˈiːdə/
s-s / ˈai̯-ˈiː / d̥_n-d_ə
{0: [0], 1: [1], 2: [2, 3]}
{0: [0], 1: [1], 2: [2, 3]}
SCORE: 18.6

-------------------

/sˈau̯a/ - /sˈuə̯r/
s-s / ˈau̯-∅ / a-ˈuə̯ / #>-r_#>
{0: [0], 1: [1], 2: [2], 3: None}
{0: [0], 1: None, 2: [1], 3: [2]}
SCORE: 4.043

-------------------

/sˈau̯ŋ/ - /sˈuːɣjə/
s-s / ˈau̯-ˈuː / ŋ-ɣ_j / #>-ə_#>
{0: [0], 1: [1], 2: [2], 3: None}
{0: [0], 1: [1], 2: [2, 3], 3: [4]}
SCORE: 14.685

-------------------

/sˈejβa/ - /sˈɛls/
s-s / ˈe-ˈɛ / j-l / β-∅ / a-∅ / #>-s_#>
{0: [0], 1: [1], 2: [2], 3: [3], 4: [4], 5: None}
{0: [0], 1: [1], 2: [2], 3: None, 4: None, 5: [3]}
SCORE: 6.495

-------------------

/sˈeɡ̊sə/ - /sˈɛi̯s/
s-s / ˈe_ɡ̊-ˈɛi̯ / s-s / ə-∅
{0: [0], 1: [1, 2], 2: [3], 3: [4]}
{0: [0], 1: [1], 2: [2], 3: None}
SCORE: 7.779

-------------------

/sˈeː/ - /sˈeː/
s-s / ˈeː-ˈeː
{0: [0], 1: [1]}
{0: [0], 1: [1]}
SCORE: 14.105

-------------------

/sˈeːŋ/ - /ɕˈeːn/
s-ɕ / ˈeː-ˈeː / ŋ-n
{0: [0], 1: [1], 2: [2]}
{0: [0], 1: [1], 2: [2]}
SCORE: 17.224

-------------------

/sˈiŋa/ - /ɕˈɔŋə/
s-ɕ / ˈi-ˈɔ / ŋ-ŋ / a-ə
{0: [0], 1: [1], 2: [2], 3: [3]}
{0: [0], 1: [1], 2: [2], 3: [3]}
SCORE: 22.309

-------------------

/sˈiʦn̩/ - /sˈɪtə/
s-s / ˈi-ˈɪ / ʦ-t / n-ə
{0: [0], 1: [1], 2: [2], 3: [3]}
{0: [0], 1: [1], 2: [2], 3: [3]}
SCORE: 17.693

-------------------

/sˈojʦ/ - /sˈɔːt/
s-s / ˈo_j-ˈɔː / ʦ-t
{0: [0], 1: [1, 2], 2: [3]}
{0: [0], 1: [1], 2: [2]}
SCORE: 14.059

-------------------

/sˈond̥/ - /sˈɔːn/
s-s / ˈo-ˈɔː / n_d̥-n
{0: [0], 1: [1], 2: [2, 3]}
{0: [0], 1: [1], 2: [2]}
SCORE: 14.19

-------------------

/sˈuma/ - /sˈɪmər/
s-s / ∅-ˈɪ / ˈu-∅ / m-m / a-ə_r
{0: [0], 1: None, 2: [1], 3: [2], 4: [3]}
{0: [0], 1: [1], 2: None, 3: [2], 4: [3, 4]}
SCORE: 8.021

-------------------

/sˈuɐ̯xa/ - /sˈikjə/
s-s / ∅-ˈi / ˈuɐ̯-∅ / x-k / a-j / #>-ə_#>
{0: [0], 1: None, 2: [1], 3: [2], 4: [3], 5: None}
{0: [0], 1: [1], 2: None, 3: [2], 4: [3], 5: [4]}
SCORE: 1.371

-------------------

/ɡ̊nˈiɐ̯/ - /knˈɪbəl/
ɡ̊-k / n-n / ˈiɐ̯-ˈɪ / ∅-b / ∅-ə / #>-l_#>
{0: [0], 1: [1], 2: [2], 3: None, 4: None, 5: None}
{0: [0], 1: [1], 2: [2], 3: [3], 4: [4], 5: [5]}
SCORE: 1.509

-------------------

/ɡ̊rˈeɐ̯/ - /ɡrˈiə̯n/
<#_ɡ̊-<#_ɡ / r-r / ˈeɐ̯-ˈiə̯_n
{0: [0], 1: [1], 2: [2]}
{0: [0], 1: [1], 2: [2, 3]}
SCORE: 16.82

-------------------

/ɡ̊rˈou̯s/ - /ɡrˈuːt/
<#_ɡ̊-<#_ɡ / r-r / ∅-ˈuː / ˈou̯-∅ / s-t
{0: [0], 1: [1], 2: None, 3: [2], 4: [3]}
{0: [0], 1: [1], 2: [2], 3: None, 4: [3]}
SCORE: 8.029

-------------------

/ɡ̊rˈɒːs/ - /ɡˈɛːs/
<#_ɡ̊-<#_ɡ / ∅-ˈɛː / r-∅ / ˈɒː-∅ / s-s
{0: [0], 1: None, 2: [1], 3: [2], 4: [3]}
{0: [0], 1: [1], 2: None, 3: None, 4: [2]}
SCORE: -0.714

-------------------

/ɡ̊ˈai̯ʃd̥/ - /ɡˈɪə̯st/
<#_ɡ̊-<#_ɡ / ∅-ˈɪə̯ / ˈai̯-∅ / ʃ_d̥-s_t
{0: [0], 1: None, 2: [1], 3: [2, 3]}
{0: [0], 1: [1], 2: None, 3: [2, 3]}
SCORE: 9.026

-------------------

/ɡ̊ˈejb̥/ - /ɡˈiə̯l/
<#_ɡ̊-<#_ɡ / ˈe-ˈiə̯ / j-l / b̥_#>-#>
{0: [0], 1: [1], 2: [2], 3: [3]}
{0: [0], 1: [1], 2: [2], 3: None}
SCORE: 13.703

-------------------

/ɡ̊ˈeː/ - /ɡˈɪə̯n/
<#_ɡ̊-<#_ɡ / ˈeː-ˈɪə̯ / ∅-n
{0: [0], 1: [1], 2: None}
{0: [0], 1: [1], 2: [2]}
SCORE: 8.024

-------------------

/ɡ̊ˈojd̥/ - /ɡˈɔu̯d̥/
<#_ɡ̊-<#_ɡ / ˈo-ˈɔu̯ / j_d̥-d̥
{0: [0], 1: [1], 2: [2, 3]}
{0: [0], 1: [1], 2: [2]}
SCORE: 14.704

-------------------

/ɡ̊ˈoɐ̯s/ - /ɡˈɛi̯t/
<#_ɡ̊-<#_ɡ / ∅-ˈɛi̯ / ˈoɐ̯-∅ / s-t
{0: [0], 1: None, 2: [1], 3: [2]}
{0: [0], 1: [1], 2: None, 3: [2]}
SCORE: 3.532

-------------------

/ɡ̊ˈoːd̥/ - /ɡˈɔd̥/
<#_ɡ̊-<#_ɡ / ∅-ˈɔ / ˈoː-∅ / d̥-d̥
{0: [0], 1: None, 2: [1], 3: [2]}
{0: [0], 1: [1], 2: None, 3: [2]}
SCORE: 4.664

-------------------

/ɡ̊ˈuɐ̯d̥/ - /ɡˈuə̯d̥/
<#_ɡ̊-<#_ɡ / ˈuɐ̯-ˈuə̯ / d̥-d̥
{0: [0], 1: [1], 2: [2]}
{0: [0], 1: [1], 2: [2]}
SCORE: 20.517

-------------------

/ɡ̊ˈɑns/ - /ɡˈuə̯s/
<#_ɡ̊-<#_ɡ / ∅-ˈuə̯ / ˈɑ-∅ / n-∅ / s-s
{0: [0], 1: None, 2: [1], 3: [2], 4: [3]}
{0: [0], 1: [1], 2: None, 3: None, 4: [2]}
SCORE: -0.714

-------------------

/ʃb̥rˈɒːx/ - /sprˈaːkə/
ʃ-s / ∅-p / b̥-∅ / r-r / ˈɒː-ˈaː / x-k / #>-ə_#>
{0: [0], 1: None, 2: [1], 3: [2], 4: [3], 5: [4], 6: None}
{0: [0], 1: [1], 2: None, 3: [2], 4: [3], 5: [4], 6: [5]}
SCORE: 11.701

-------------------

/ʃd̥ˈean/ - /stjˈɛr/
ʃ_d̥-s_t / ∅-j / ˈe-ˈɛ / a-r / n_#>-#>
{0: [0, 1], 1: None, 2: [2], 3: [3], 4: [4]}
{0: [0, 1], 1: [2], 2: [3], 3: [4], 4: None}
SCORE: 12.418

-------------------

/ʃd̥ˈoɐ̯/ - /stˈiə̯n/
ʃ_d̥-s_t / ˈoɐ̯-ˈiə̯_n
{0: [0, 1], 1: [2]}
{0: [0, 1], 1: [2, 3]}
SCORE: 14.177

-------------------

/ʃd̥ˈuam/ - /stˈoə̯rm/
ʃ_d̥-s_t / ∅-ˈoə̯ / ˈu-∅ / a-r / m-m
{0: [0, 1], 1: None, 2: [2], 3: [3], 4: [4]}
{0: [0, 1], 1: [2], 2: None, 3: [3], 4: [4]}
SCORE: 11.582

-------------------

/ʃd̥ˈuj/ - /stˈuə̯l/
ʃ_d̥-s_t / ∅-ˈuə̯ / ˈu-∅ / j-l
{0: [0, 1], 1: None, 2: [2], 3: [3]}
{0: [0, 1], 1: [2], 2: None, 3: [3]}
SCORE: 7.367

-------------------

/ʃlˈɑfa/ - /slˈiə̯pə/
ʃ-s / l_ˈɑ-l / ∅-ˈiə̯ / f_a-p_ə
{0: [0], 1: [1, 2], 2: None, 3: [3, 4]}
{0: [0], 1: [1], 2: [2], 3: [3, 4]}
SCORE: 15.158

-------------------

/ʃlˈɒːŋ/ - /slˈaːn/
ʃ-s / l-l / ˈɒː-ˈaː / ŋ-n
{0: [0], 1: [1], 2: [2], 3: [3]}
{0: [0], 1: [1], 2: [2], 3: [3]}
SCORE: 22.268

-------------------

/ʃnˈeː/ - /snˈiə̯/
ʃ-s / n-n / ˈeː-ˈiə̯
{0: [0], 1: [1], 2: [2]}
{0: [0], 1: [1], 2: [2]}
SCORE: 16.933

-------------------

/ʃʋˈeɐd̥/ - /svˈød̥/
ʃ-s / ʋ-v / ˈe-ˈø / ɐ_d̥-d̥
{0: [0], 1: [1], 2: [2], 3: [3, 4]}
{0: [0], 1: [1], 2: [2], 3: [3]}
SCORE: 18.569

-------------------

/ʃʋˈeʃd̥a/ - /sˈøstər/
ʃ-s / ʋ-∅ / ˈe-ˈø / ʃ_d̥-s_t / a-ə_r
{0: [0], 1: [1], 2: [2], 3: [3, 4], 4: [5]}
{0: [0], 1: None, 2: [1], 3: [2, 3], 4: [4, 5]}
SCORE: 20.6

-------------------

/ʃʋˈima/ - /svˈɪmə/
ʃ-s / ʋ-v / ˈi-ˈɪ / m-m / a-ə
{0: [0], 1: [1], 2: [2], 3: [3], 4: [4]}
{0: [0], 1: [1], 2: [2], 3: [3], 4: [4]}
SCORE: 26.308

-------------------

/ʃʋˈoɐʦ/ - /svˈat/
ʃ-s / ʋ-v / ˈo-ˈa / ɐ-∅ / ʦ-t
{0: [0], 1: [1], 2: [2], 3: [3], 4: [4]}
{0: [0], 1: [1], 2: [2], 3: None, 4: [3]}
SCORE: 12.577

-------------------

/ʃʋˈoɐ̯s/ - /svˈɪt/
ʃ-s / ʋ-v / ˈoɐ̯-ˈɪ / s-t
{0: [0], 1: [1], 2: [2], 3: [3]}
{0: [0], 1: [1], 2: [2], 3: [3]}
SCORE: 15.766

-------------------

/ʃˈai̯s/ - /skˈit/
ʃ-s_k / ˈai̯-ˈi / s-t
{0: [0], 1: [1], 2: [2]}
{0: [0, 1], 1: [2], 2: [3]}
SCORE: 15.789

-------------------

/ʃˈarf/ - /skˈɛrp/
ʃ-s_k / ∅-ˈɛ / ˈa-∅ / r-r / f_#>-p_#>
{0: [0], 1: None, 2: [1], 3: [2], 4: [3]}
{0: [0, 1], 1: [2], 2: None, 3: [3], 4: [4]}
SCORE: 9.336

-------------------

/ʃˈeː/ - /skjˈɪn/
ʃ-s_k / ˈeː-j_ˈɪ / ∅-n
{0: [0], 1: [1], 2: None}
{0: [0, 1], 1: [2, 3], 2: [4]}
SCORE: 4.238

-------------------

/ʃˈiɐ̯sn̩/ - /sjˈɪtə/
ʃ-s / ˈiɐ̯-j_ˈɪ / s_n-t_ə
{0: [0], 1: [1], 2: [2, 3]}
{0: [0], 1: [1, 2], 2: [3, 4]}
SCORE: 16.188

-------------------

/ʃˈiːf/ - /skˈɪp/
ʃ-s_k / ˈiː-ˈɪ / f_#>-p_#>
{0: [0], 1: [1], 2: [2]}
{0: [0, 1], 1: [2], 2: [3]}
SCORE: 18.61

-------------------

/ʃˈoːf/ - /skˈiə̯p/
ʃ-s_k / ∅-ˈiə̯ / ˈoː-∅ / f_#>-p_#>
{0: [0], 1: None, 2: [1], 3: [2]}
{0: [0, 1], 1: [2], 2: None, 3: [3]}
SCORE: 4.839

-------------------

/ʃˈuɐ̯/ - /skˈuə̯χ/
ʃ-s_k / ˈuɐ̯-ˈuə̯ / #>-χ_#>
{0: [0], 1: [1], 2: None}
{0: [0, 1], 1: [2], 2: [3]}
SCORE: 12.034

-------------------

/ʋˈai̯/ - /ʋˈiːf/
ʋ-ʋ / ˈai̯-ˈiː / #>-f_#>
{0: [0], 1: [1], 2: None}
{0: [0], 1: [1], 2: [2]}
SCORE: 13.927

-------------------

/ʋˈai̯n/ - /ʋˈin/
ʋ-ʋ / ˈai̯-ˈi / n-n
{0: [0], 1: [1], 2: [2]}
{0: [0], 1: [1], 2: [2]}
SCORE: 19.017

-------------------

/ʋˈai̯s/ - /ʋˈit/
ʋ-ʋ / ˈai̯-ˈi / s-t
{0: [0], 1: [1], 2: [2]}
{0: [0], 1: [1], 2: [2]}
SCORE: 17.985

-------------------

/ʋˈed̥a/ - /ʋˈaːr/
ʋ-ʋ / ∅-ˈaː / ˈe-∅ / d̥_a-r
{0: [0], 1: None, 2: [1], 3: [2, 3]}
{0: [0], 1: [1], 2: None, 3: [2]}
SCORE: 2.094

-------------------

/ʋˈeːɡ̊/ - /ʋˈɛi̯/
ʋ-ʋ / ˈeː-ˈɛi̯ / ɡ̊_#>-#>
{0: [0], 1: [1], 2: [2]}
{0: [0], 1: [1], 2: None}
SCORE: 12.558

-------------------

/ʋˈind̥/ - /ʋˈin/
ʋ-ʋ / ˈi-ˈi / n_d̥-n
{0: [0], 1: [1], 2: [2, 3]}
{0: [0], 1: [1], 2: [2]}
SCORE: 15.678

-------------------

/ʋˈind̥a/ - /ʋˈɪntər/
ʋ-ʋ / ˈi-ˈɪ / n-n / d̥-t / a-ə_r
{0: [0], 1: [1], 2: [2], 3: [3], 4: [4]}
{0: [0], 1: [1], 2: [2], 3: [3], 4: [4, 5]}
SCORE: 26.087

-------------------

/ʋˈinʃn̩/ - /ʋˈɪnskjə/
ʋ-ʋ / ˈi-ˈɪ / n-n / ʃ-s_k / ∅-j / n-ə
{0: [0], 1: [1], 2: [2], 3: [3], 4: None, 5: [4]}
{0: [0], 1: [1], 2: [2], 3: [3, 4], 4: [5], 5: [6]}
SCORE: 18.192

-------------------

/ʋˈisn̩/ - /ʋˈɪtə/
ʋ-ʋ / ˈi-ˈɪ / s_n-t_ə
{0: [0], 1: [1], 2: [2, 3]}
{0: [0], 1: [1], 2: [2, 3]}
SCORE: 18.569

-------------------

/ʋˈoj/ - /ʋˈɔlə/
ʋ-ʋ / ˈo-ˈɔ / j-l / #>-ə_#>
{0: [0], 1: [1], 2: [2], 3: None}
{0: [0], 1: [1], 2: [2], 3: [3]}
SCORE: 17.267

-------------------

/ʋˈojf/ - /ʋˈɔlf/
ʋ-ʋ / ˈo-ˈɔ / j-l / f-f
{0: [0], 1: [1], 2: [2], 3: [3]}
{0: [0], 1: [1], 2: [2], 3: [3]}
SCORE: 24.277

-------------------

/ʋˈoxa/ - /ʋˈiːkə/
ʋ-ʋ / ∅-ˈiː / ˈo-∅ / x-k / a-ə
{0: [0], 1: None, 2: [1], 3: [2], 4: [3]}
{0: [0], 1: [1], 2: None, 3: [2], 4: [3]}
SCORE: 8.471

-------------------

/ʋˈoɐ̯x/ - /vˈɪə̯k/
ʋ-v / ∅-ˈɪə̯ / ˈoɐ̯-∅ / x_#>-k_#>
{0: [0], 1: None, 2: [1], 3: [2]}
{0: [0], 1: [1], 2: None, 3: [2]}
SCORE: 2.861

-------------------

/ʋˈɑsa/ - /ʋˈɛtər/
ʋ-ʋ / ∅-ˈɛ / ˈɑ-∅ / s-t / a-ə_r
{0: [0], 1: None, 2: [1], 3: [2], 4: [3]}
{0: [0], 1: [1], 2: None, 3: [2], 4: [3, 4]}
SCORE: 7.378

-------------------

/ʋˈɒːs/ - /ʋˈat/
ʋ-ʋ / ˈɒː-ˈa / s-t
{0: [0], 1: [1], 2: [2]}
{0: [0], 1: [1], 2: [2]}
SCORE: 19.038

-------------------

/ʋˈɒːɐm/ - /ʋˈaːrm/
ʋ-ʋ / ˈɒː-ˈaː / ɐ-r / m-m
{0: [0], 1: [1], 2: [2], 3: [3]}
{0: [0], 1: [1], 2: [2], 3: [3]}
SCORE: 24.689

-------------------

/ʦʋˈanʦɡ̊ə/ - /tvˈɛi̯ntəχ/
<#_ʦ-<#_t / ʋ-v / ∅-ˈɛi̯ / ˈa-∅ / n-n / ʦ-t / ɡ̊-∅ / ə-ə / #>-χ_#>
{0: [0], 1: [1], 2: None, 3: [2], 4: [3], 5: [4], 6: [5], 7: [6], 8: None}
{0: [0], 1: [1], 2: [2], 3: None, 4: [3], 5: [4], 6: None, 7: [5], 8: [6]}
SCORE: 5.155

-------------------

/ʦʋˈejfə/ - /tˈɔlvə/
ʦ_ʋ-t / ˈe-ˈɔ / j-l / f_ə-v_ə
{0: [0, 1], 1: [2], 2: [3], 3: [4, 5]}
{0: [0], 1: [1], 2: [2], 3: [3, 4]}
SCORE: 16.902

-------------------

/ʦʋˈoɐ̯/ - /tvˈaː/
<#_ʦ-<#_t / ʋ-v / ˈoɐ̯-ˈaː
{0: [0], 1: [1], 2: [2]}
{0: [0], 1: [1], 2: [2]}
SCORE: 15.147

-------------------

/ʦˈai̯d̥/ - /tˈiːd̥/
<#_ʦ-<#_t / ˈai̯-ˈiː / d̥-d̥
{0: [0], 1: [1], 2: [2]}
{0: [0], 1: [1], 2: [2]}
SCORE: 17.943

-------------------

/ʦˈand̥/ - /tˈiːnə/
<#_ʦ-<#_t / ˈa-∅ / n-ˈiː / d̥-n_ə
{0: [0], 1: [1], 2: [2], 3: [3]}
{0: [0], 1: None, 2: [1], 3: [2, 3]}
SCORE: 3.018

-------------------

/ʦˈeːnə/ - /ʦˈiə̯n/
<#_ʦ-<# / ∅-ʦ / ˈeː-ˈiə̯ / n-n / ə-∅
{0: [0], 1: None, 2: [1], 3: [2], 4: [3]}
{0: None, 1: [0], 2: [1], 3: [2], 4: None}
SCORE: -0.042

-------------------

/ʦˈoɐ̯xn̩/ - /tˈeːkən/
<#_ʦ-<#_t / ∅-ˈeː / ˈoɐ̯-∅ / x-k_ə / n-n
{0: [0], 1: None, 2: [1], 3: [2], 4: [3]}
{0: [0], 1: [1], 2: None, 3: [2, 3], 4: [4]}
SCORE: 3.826

-------------------

/ʦˈuŋa/ - /tˈuŋə/
<#_ʦ-<#_t / ˈu-ˈu / ŋ-ŋ / a-ə
{0: [0], 1: [1], 2: [2], 3: [3]}
{0: [0], 1: [1], 2: [2], 3: [3]}
SCORE: 23.404

-------------------

/ˈai̯s/ - /ˈiːs/
ˈai̯-ˈiː / s-s
{0: [0], 1: [1]}
{0: [0], 1: [1]}
SCORE: 12.748

-------------------

/ˈau̯s/ - /ˈyːt/
ˈau̯-∅ / s-ˈyː_t
{0: [0], 1: [1]}
{0: None, 1: [0, 1]}
SCORE: 0.236

-------------------

/ˈau̯ɡ̊/ - /ˈɪə̯χ/
<#-<#_ˈɪə̯ / ˈau̯-∅ / ɡ̊-χ
{0: None, 1: [0], 2: [1]}
{0: [0], 1: None, 2: [1]}
SCORE: 2.496

-------------------

/ˈaːf/ - /ˈɔp/
∅-ˈɔ / ˈaː-∅ / f_#>-p_#>
{0: None, 1: [0], 2: [1]}
{0: [0], 1: None, 2: [1]}
SCORE: 1.207

-------------------

/ˈejfə/ - /ˈalvə/
∅-ˈa / ˈe_j-l / f_ə-v_ə
{0: None, 1: [0, 1], 2: [2, 3]}
{0: [0], 1: [1], 2: [2, 3]}
SCORE: 6.941

-------------------

/ˈesn̩/ - /ˈitə/
∅-ˈi / ˈe-∅ / s_n-t_ə
{0: None, 1: [0], 2: [1, 2]}
{0: [0], 1: None, 2: [1, 2]}
SCORE: -2.021

-------------------

/ˈeɐd̥n̩/ - /ˈiə̯də/
ˈe-ˈiə̯ / ɐ-∅ / d̥_n-d_ə
{0: [0], 1: [1], 2: [2, 3]}
{0: [0], 1: None, 2: [1, 2]}
SCORE: 7.768

-------------------

/ˈeɡ̊/ - /ˈɪɣə/
ˈe-ˈɪ / ɡ̊-ɣ_ə
{0: [0], 1: [1]}
{0: [0], 1: [1, 2]}
SCORE: 10.536

-------------------

/ˈeːs/ - /jˈɪmə/
ˈeː-j_ˈɪ / ∅-m / s-ə
{0: [0], 1: None, 2: [1]}
{0: [0, 1], 1: [2], 2: [3]}
SCORE: -2.354

-------------------

/ˈi/ - /ˈɪk/
ˈi-ˈɪ / #>-k_#>
{0: [0], 1: None}
{0: [0], 1: [1]}
SCORE: 10.495

-------------------

/ˈin/ - /ˈin/
ˈi-ˈi / n-n
{0: [0], 1: [1]}
{0: [0], 1: [1]}
SCORE: 11.604

-------------------

/ˈoj/ - /ˈal/
ˈo-ˈa / j-l
{0: [0], 1: [1]}
{0: [0], 1: [1]}
SCORE: 10.131

-------------------

/ˈoɐ/ - /ˈɪə̯r/
<#_ˈo-<#_ˈɪə̯ / ɐ-r
{0: [0], 1: [1]}
{0: [0], 1: [1]}
SCORE: 14.359

-------------------

/ˈoɐm/ - /ˈɪə̯rm/
<#_ˈo-<#_ˈɪə̯ / ɐ-r / m-m
{0: [0], 1: [1], 2: [2]}
{0: [0], 1: [1], 2: [2]}
SCORE: 20.076

-------------------

/ˈoɐ̯/ - /ˈaːj/
ˈoɐ̯-ˈaː_j
{0: [0]}
{0: [0, 1]}
SCORE: 5.937

-------------------

/ˈoɐ̯/ - /ˈiə̯n/
ˈoɐ̯-ˈiə̯_n
{0: [0]}
{0: [0, 1]}
SCORE: 5.842

-------------------

/ˈoɐ̯x/ - /ˈiːk/
∅-ˈiː / ˈoɐ̯-∅ / x_#>-k_#>
{0: None, 1: [0], 2: [1]}
{0: [0], 1: None, 2: [1]}
SCORE: 0.244

-------------------

/ˈund̥a/ - /ˈundər/
ˈu-ˈu / n-n / d̥-d / a-ə_r
{0: [0], 1: [1], 2: [2], 3: [3]}
{0: [0], 1: [1], 2: [2], 3: [3, 4]}
SCORE: 20.368

-------------------

/ˈuns/ - /ˈyːs/
ˈu-ˈyː / n-∅ / s-s
{0: [0], 1: [1], 2: [2]}
{0: [0], 1: None, 2: [1]}
SCORE: 5.302

-------------------

/ˈɑb̥͡v̥ə/ - /ˈaːpəl/
ˈɑ-ˈaː / b̥͡v̥-p / ə-ə / #>-l_#>
{0: [0], 1: [1], 2: [2], 3: None}
{0: [0], 1: [1], 2: [2], 3: [3]}
SCORE: 12.055

-------------------

/ˈɑf/ - /ˈaːp/
ˈɑ-ˈaː / f_#>-p_#>
{0: [0], 1: [1]}
{0: [0], 1: [1]}
SCORE: 14.65

-------------------

/ˈɑxd̥ə/ - /ˈaχt/
ˈɑ-ˈa / x_d̥-χ_t / ə-∅
{0: [0], 1: [1, 2], 2: [3]}
{0: [0], 1: [1, 2], 2: None}
SCORE: 12.001
