/anˈel/ - /anjˈa/
a-a / n-n / ˈe-j / l-ˈa
{0: [0], 1: [1], 2: [2], 3: [3]}
{0: [0], 1: [1], 2: [2], 3: [3]}
COST: 19.525

-------------------

/avˈeʎə/ - /awijˈiː/
a-a / v-∅ / ˈe-w / ∅-i / ʎ_ə-j / ∅-ˈiː
{0: [0], 1: [1], 2: [2], 3: None, 4: [3, 4], 5: None}
{0: [0], 1: None, 2: [1], 3: [2], 4: [3], 5: [4]}
COST: -5.265

-------------------

/aðˈaɲi/ - /aʀˈɛɲ/
a_ð-a_ʀ / ˈa-ˈɛ / ɲ-ɲ / i-∅
{0: [0, 1], 1: [2], 2: [3], 3: [4]}
{0: [0, 1], 1: [2], 2: [3], 3: None}
COST: 14.657

-------------------

/aɲˈel/ - /aɲjˈa/
a-a / ɲ-ɲ / ˈe-j / l-ˈa
{0: [0], 1: [1], 2: [2], 3: [3]}
{0: [0], 1: [1], 2: [2], 3: [3]}
COST: 21.412

-------------------

/blˈɑ̃/ - /blˈɑ̃/
b-b / l-l / ˈɑ̃-ˈɑ̃
{0: [0], 1: [1], 2: [2]}
{0: [0], 1: [1], 2: [2]}
COST: 22.808

-------------------

/byʁlˈaʁ/ - /bʀuːlˈe/
b-b / y-∅ / ʁ-ʀ / ∅-uː / l-l / ˈa-ˈe / ʁ-∅
{0: [0], 1: [1], 2: [2], 3: None, 4: [3], 5: [4], 6: [5]}
{0: [0], 1: None, 2: [1], 3: [2], 4: [3], 5: [4], 6: None}
COST: 7.822

-------------------

/bˈa/ - /bˈa/
b-b / ˈa-ˈa
{0: [0], 1: [1]}
{0: [0], 1: [1]}
COST: 15.306

-------------------

/bˈel/ - /bjˈa/
b-b / ˈe-j / l-ˈa
{0: [0], 1: [1], 2: [2]}
{0: [0], 1: [1], 2: [2]}
COST: 16.574

-------------------

/bˈɔna/ - /bˈuːn/
b-b / ˈɔ-ˈuː / n-n / a-∅
{0: [0], 1: [1], 2: [2], 3: [3]}
{0: [0], 1: [1], 2: [2], 3: None}
COST: 13.721

-------------------

/bˈɔnə/ - /bˈuːn/
b-b / ˈɔ-ˈuː / n-n / ə-∅
{0: [0], 1: [1], 2: [2], 3: [3]}
{0: [0], 1: [1], 2: [2], 3: None}
COST: 13.721

-------------------

/bˈɔʃi/ - /bˈuʧ/
b-b / ∅-ˈu / ˈɔ-∅ / ʃ-ʧ / i-∅
{0: [0], 1: None, 2: [1], 3: [2], 4: [3]}
{0: [0], 1: [1], 2: None, 3: [2], 4: None}
COST: 1.413

-------------------

/bˈɔ̃/ - /bˈɔ̃/
b-b / ˈɔ̃-ˈɔ̃
{0: [0], 1: [1]}
{0: [0], 1: [1]}
COST: 17.872

-------------------

/bˈɛla/ - /bˈɛl/
b-b / ˈɛ-ˈɛ / l_a_#>-l_#>
{0: [0], 1: [1], 2: [2, 3]}
{0: [0], 1: [1], 2: [2]}
COST: 17.28

-------------------

/bˈɛːðə/ - /bwˈɛːʀ/
b-b / ˈɛː-w / ∅-ˈɛː / ð-ʀ / ə-∅
{0: [0], 1: [1], 2: None, 3: [2], 4: [3]}
{0: [0], 1: [1], 2: [2], 3: [3], 4: None}
COST: 5.925

-------------------

/bˈɛ̃/ - /bˈẽ/
b-b / ∅-ˈẽ / ˈɛ̃-∅
{0: [0], 1: None, 2: [1]}
{0: [0], 1: [1], 2: None}
COST: 1.329

-------------------

/djˈeʃ/ - /dˈiʃ/
d-d / j-ˈi / ˈe_ʃ-ʃ
{0: [0], 1: [1], 2: [2, 3]}
{0: [0], 1: [1], 2: [2]}
COST: 14.446

-------------------

/dʁaɡˈɔ̃/ - /dʀaɡˈɔ̃/
d-d / ʁ-ʀ / a-a / ɡ-ɡ / ˈɔ̃-ˈɔ̃
{0: [0], 1: [1], 2: [2], 3: [3], 4: [4]}
{0: [0], 1: [1], 2: [2], 3: [3], 4: [4]}
COST: 31.449

-------------------

/dʁɔmˈi/ - /dwaʀmˈi/
d-d / ∅-w / ∅-a / ʁ-ʀ / ɔ-∅ / m-m / ˈi_#>-ˈi_#>
{0: [0], 1: None, 2: None, 3: [1], 4: [2], 5: [3], 6: [4]}
{0: [0], 1: [1], 2: [2], 3: [3], 4: None, 5: [4], 6: [5]}
COST: 9.857

-------------------

/dˈama/ - /dˈam/
d-d / ˈa-ˈa / m-m / a-∅
{0: [0], 1: [1], 2: [2], 3: [3]}
{0: [0], 1: [1], 2: [2], 3: None}
COST: 16.294

-------------------

/dˈeðə/ - /dˈiːʀ/
d-d / ˈe-ˈiː / ð-ʀ / ə-∅
{0: [0], 1: [1], 2: [2], 3: [3]}
{0: [0], 1: [1], 2: [2], 3: None}
COST: 10.593

-------------------

/dˈio/ - /dˈi/
d-d / ˈi-ˈi / o-∅
{0: [0], 1: [1], 2: [2]}
{0: [0], 1: [1], 2: None}
COST: 11.971

-------------------

/dˈiw/ - /djˈu/
d-d / ˈi-j / w-ˈu
{0: [0], 1: [1], 2: [2]}
{0: [0], 1: [1], 2: [2]}
COST: 18.618

-------------------

/dˈows/ - /dˈuː/
d-d / ∅-ˈuː / ˈo-∅ / w-∅ / s-∅
{0: [0], 1: None, 2: [1], 3: [2], 4: [3]}
{0: [0], 1: [1], 2: None, 3: None, 4: None}
COST: -8.387

-------------------

/dˈozə/ - /dˈɔs/
d-d / ˈo-ˈɔ / ∅-s / z-∅ / ə-∅
{0: [0], 1: [1], 2: None, 3: [2], 4: [3]}
{0: [0], 1: [1], 2: [2], 3: None, 4: None}
COST: 2.856

-------------------

/dˈuʃ/ - /dˈøː/
d-d / ∅-ˈøː / ˈu-∅ / ʃ_#>-#>
{0: [0], 1: None, 2: [1], 3: [2]}
{0: [0], 1: [1], 2: None, 3: None}
COST: -1.987

-------------------

/dˈɛː/ - /dwˈɛ/
d-d / ˈɛː-w_ˈɛ
{0: [0], 1: [1]}
{0: [0], 1: [1, 2]}
COST: 13.301

-------------------

/dˈɛ̃/ - /dˈɛ̃/
d-d / ˈɛ̃-ˈɛ̃
{0: [0], 1: [1]}
{0: [0], 1: [1]}
COST: 17.566

-------------------

/edˈa/ - /ɛːdˈiː/
<#_e-<# / ∅-ɛː / d-d / ∅-ˈiː / ˈa_#>-#>
{0: [0], 1: None, 2: [1], 3: None, 4: [2]}
{0: None, 1: [0], 2: [1], 3: [2], 4: None}
COST: -5.577

-------------------

/ekotˈa/ - /aʃuːtˈe/
<#-<#_a / ∅-ʃ_uː / e-∅ / k-∅ / o-∅ / t-t / ˈa-ˈe
{0: None, 1: None, 2: [0], 3: [1], 4: [2], 5: [3], 6: [4]}
{0: [0], 1: [1, 2], 2: None, 3: None, 4: None, 5: [3], 6: [4]}
COST: -10.823

-------------------

/ekʁˈiʁə/ - /skʀˈiːʀ/
e-s / k-k / ʁ-ʀ / ˈi-ˈiː / ʁ-ʀ / ə-∅
{0: [0], 1: [1], 2: [2], 3: [3], 4: [4], 5: [5]}
{0: [0], 1: [1], 2: [2], 3: [3], 4: [4], 5: None}
COST: 10.795

-------------------

/ekˈøʁsə/ - /ʃwˈas/
<#_e-<# / ∅-ʃ / k-∅ / ˈø-w / ʁ_s-ˈa_s / ə-∅
{0: [0], 1: None, 2: [1], 3: [2], 4: [3, 4], 5: [5]}
{0: None, 1: [0], 2: None, 3: [1], 4: [2, 3], 5: None}
COST: -8.322

-------------------

/epjˈa/ - /spˈi/
e-s / p-p / j-ˈi / ˈa_#>-#>
{0: [0], 1: [1], 2: [2], 3: [3]}
{0: [0], 1: [1], 2: [2], 3: None}
COST: 6.201

-------------------

/epˈena/ - /spˈɛn/
e-s / p-p / ˈe_n-ˈɛ_n / a-∅
{0: [0], 1: [1], 2: [2, 3], 3: [4]}
{0: [0], 1: [1], 2: [2, 3], 3: None}
COST: 11.69

-------------------

/etˈaː/ - /ɛstˈe/
e-ɛ / ∅-s / t-t / ˈaː-ˈe
{0: [0], 1: None, 2: [1], 3: [2]}
{0: [0], 1: [1], 2: [2], 3: [3]}
COST: 12.755

-------------------

/etˈɛːla/ - /stwˈɛl/
e-s / t-t / ˈɛː-w_ˈɛ / l_a_#>-l_#>
{0: [0], 1: [1], 2: [2], 3: [3, 4]}
{0: [0], 1: [1], 2: [2, 3], 3: [4]}
COST: 9.713

-------------------

/faðˈena/ - /faʀˈɛn/
f-f / a_ð-a_ʀ / ˈe_n-ˈɛ_n / a-∅
{0: [0], 1: [1, 2], 2: [3, 4], 3: [5]}
{0: [0], 1: [1, 2], 2: [3, 4], 3: None}
COST: 21.608

-------------------

/flˈama/ - /flˈam/
f-f / l-l / ˈa-ˈa / m-m / a-∅
{0: [0], 1: [1], 2: [2], 3: [3], 4: [4]}
{0: [0], 1: [1], 2: [2], 3: [3], 4: None}
COST: 19.233

-------------------

/flˈøʁ/ - /flˈøːʀ/
f-f / l-l / ˈø-ˈøː / ʁ-ʀ
{0: [0], 1: [1], 2: [2], 3: [3]}
{0: [0], 1: [1], 2: [2], 3: [3]}
COST: 22.565

-------------------

/fwˈa/ - /fˈøː/
f-f / ∅-ˈøː / w-∅ / ˈa_#>-#>
{0: [0], 1: None, 2: [1], 3: [2]}
{0: [0], 1: [1], 2: None, 3: None}
COST: -3.426

-------------------

/fʁwˈi/ - /fʀˈy/
f-f / ʁ-ʀ / ∅-ˈy / w-∅ / ˈi_#>-#>
{0: [0], 1: [1], 2: None, 3: [2], 4: [3]}
{0: [0], 1: [1], 2: [2], 3: None, 4: None}
COST: -1.301

-------------------

/fʁˈaːðə/ - /fʀˈe/
f-f / ʁ-ʀ / ˈaː-ˈe / ð-∅ / ə-∅
{0: [0], 1: [1], 2: [2], 3: [3], 4: [4]}
{0: [0], 1: [1], 2: [2], 3: None, 4: None}
COST: 8.18

-------------------

/fʁˈɛː/ - /fʀwˈɛ/
f-f / ʁ-ʀ / ˈɛː-w_ˈɛ
{0: [0], 1: [1], 2: [2]}
{0: [0], 1: [1], 2: [2, 3]}
COST: 13.987

-------------------

/fˈajə/ - /fˈɛːj/
f-f / ∅-ˈɛː / ˈa-∅ / j-j / ə-∅
{0: [0], 1: None, 2: [1], 3: [2], 4: [3]}
{0: [0], 1: [1], 2: None, 3: [2], 4: None}
COST: -3.048

-------------------

/fˈaːðə/ - /fˈe/
f-f / ˈaː-ˈe / ð-∅ / ə-∅
{0: [0], 1: [1], 2: [2], 3: [3]}
{0: [0], 1: [1], 2: None, 3: None}
COST: 6.048

-------------------

/fˈeta/ - /fjˈɛs/
f-f / ˈe-j / t_a-ˈɛ_s
{0: [0], 1: [1], 2: [2, 3]}
{0: [0], 1: [1], 2: [2, 3]}
COST: 15.765

-------------------

/fˈeʁ/ - /fˈe/
f-f / ˈe-∅ / ʁ-∅ / #>-ˈe_#>
{0: [0], 1: [1], 2: [2], 3: None}
{0: [0], 1: None, 2: None, 3: [1]}
COST: -2.101

-------------------

/fˈeʎə/ - /fˈɛj/
f-f / ˈe-ˈɛ / ʎ_ə-j
{0: [0], 1: [1], 2: [2, 3]}
{0: [0], 1: [1], 2: [2]}
COST: 13.851

-------------------

/fˈiʎ/ - /fˈi/
f-f / ˈi-ˈi / ʎ_#>-#>
{0: [0], 1: [1], 2: [2]}
{0: [0], 1: [1], 2: None}
COST: 11.936

-------------------

/fˈĩ/ - /fˈẽ/
f-f / ˈĩ-ˈẽ
{0: [0], 1: [1]}
{0: [0], 1: [1]}
COST: 17.372

-------------------

/fˈoː/ - /fˈɔː/
f-f / ˈoː-ˈɔː
{0: [0], 1: [1]}
{0: [0], 1: [1]}
COST: 13.478

-------------------

/fˈoːʁ/ - /fwˈaʀ/
f-f / ˈoː-w_ˈa / ʁ-ʀ
{0: [0], 1: [1], 2: [2]}
{0: [0], 1: [1, 2], 2: [3]}
COST: 13.778

-------------------

/fˈoːʎə/ - /fˈɔːj/
f-f / ˈoː-ˈɔː / ʎ_ə-j
{0: [0], 1: [1], 2: [2, 3]}
{0: [0], 1: [1], 2: [2]}
COST: 14.403

-------------------

/fˈul/ - /fˈoː/
f-f / ˈu-ˈoː / l_#>-#>
{0: [0], 1: [1], 2: [2]}
{0: [0], 1: [1], 2: None}
COST: 10.589

-------------------

/fˈøʁsa/ - /fwˈas/
f-f / ˈø-w / ʁ_s-ˈa_s / a-∅
{0: [0], 1: [1], 2: [2, 3], 3: [4]}
{0: [0], 1: [1], 2: [2, 3], 3: None}
COST: 10.663

-------------------

/fˈɑ̃/ - /fwˈɛ̃/
f-f / ˈɑ̃-w_ˈɛ̃
{0: [0], 1: [1]}
{0: [0], 1: [1, 2]}
COST: 10.473

-------------------

/fˈɛna/ - /fˈɛm/
f-f / ˈɛ-ˈɛ / n-∅ / a-m
{0: [0], 1: [1], 2: [2], 3: [3]}
{0: [0], 1: [1], 2: None, 3: [2]}
COST: 8.968

-------------------

/fˈɛðo/ - /fwˈɛt/
f-f / ∅-w / ˈɛ-ˈɛ / ∅-t / ð-∅ / o-∅
{0: [0], 1: None, 2: [1], 3: None, 4: [2], 5: [3]}
{0: [0], 1: [1], 2: [2], 3: [3], 4: None, 5: None}
COST: -4.87

-------------------

/jˈɑ̃/ - /ˈɑ̃/
j-∅ / ˈɑ̃-ˈɑ̃
{0: [0], 1: [1]}
{0: None, 1: [0]}
COST: 6.872

-------------------

/jˈɔ̃/ - /ˈɔ̃/
j_ˈɔ̃-ˈɔ̃
{0: [0, 1]}
{0: [0]}
COST: 6.33

-------------------

/kjˈaː/ - /klˈe/
k-k / ∅-l / j-∅ / ˈaː-ˈe
{0: [0], 1: None, 2: [1], 3: [2]}
{0: [0], 1: [1], 2: None, 3: [2]}
COST: 6.363

-------------------

/klamˈaː/ - /klamˈe/
k-k / l-l / a-a / m-m / ˈaː-ˈe
{0: [0], 1: [1], 2: [2], 3: [3], 4: [4]}
{0: [0], 1: [1], 2: [2], 3: [3], 4: [4]}
COST: 30.464

-------------------

/kulˈɔʁ/ - /kɔlˈøːʀ/
k-k / ∅-ɔ / u-∅ / l-l / ∅-ˈøː / ˈɔ-∅ / ʁ-ʀ
{0: [0], 1: None, 2: [1], 3: [2], 4: None, 5: [3], 6: [4]}
{0: [0], 1: [1], 2: None, 3: [2], 4: [3], 5: None, 6: [4]}
COST: -3.0

-------------------

/kwˈatʁo/ - /kwˈat/
k-k / w-w / ˈa-ˈa / t-t / ʁ-∅ / o-∅
{0: [0], 1: [1], 2: [2], 3: [3], 4: [4], 5: [5]}
{0: [0], 1: [1], 2: [2], 3: [3], 4: None, 5: None}
COST: 13.59

-------------------

/kwˈesə/ - /kˈɔʃ/
k-k / w_ˈe-ˈɔ / s_ə-ʃ
{0: [0], 1: [1, 2], 2: [3, 4]}
{0: [0], 1: [1], 2: [2]}
COST: 10.118

-------------------

/kwˈɛ̃/ - /kˈuɲ/
k-k / w-ˈu / ˈɛ̃-ɲ
{0: [0], 1: [1], 2: [2]}
{0: [0], 1: [1], 2: [2]}
COST: 19.266

-------------------

/kʁwˈɛːʃ/ - /kʀwˈɛ/
k-k / ʁ-ʀ / w-w / ˈɛː-ˈɛ / ʃ_#>-#>
{0: [0], 1: [1], 2: [2], 3: [3], 4: [4]}
{0: [0], 1: [1], 2: [2], 3: [3], 4: None}
COST: 17.14

-------------------

/kʁˈɛːðe/ - /kʀwˈɛːʀ/
k-k / ʁ-ʀ / ˈɛː-w / ∅-ˈɛː / ð-ʀ / e-∅
{0: [0], 1: [1], 2: [2], 3: None, 4: [3], 5: [4]}
{0: [0], 1: [1], 2: [2], 3: [3], 4: [4], 5: None}
COST: 7.21

-------------------

/kˈi/ - /kˈiː/
k-k / ˈi-ˈiː
{0: [0], 1: [1]}
{0: [0], 1: [1]}
COST: 14.566

-------------------

/kˈoː/ - /kˈoː/
k-k / ˈoː_#>-ˈoː_#>
{0: [0], 1: [1]}
{0: [0], 1: [1]}
COST: 16.979

-------------------

/kˈoː/ - /kˈuːʀ/
k-k / ˈoː-ˈuː / ∅-ʀ
{0: [0], 1: [1], 2: None}
{0: [0], 1: [1], 2: [2]}
COST: 11.248

-------------------

/kˈoːʁ/ - /kwˈaʀ/
k-k / ˈoː-w_ˈa / ʁ-ʀ
{0: [0], 1: [1], 2: [2]}
{0: [0], 1: [1, 2], 2: [3]}
COST: 14.093

-------------------

/kˈoːʁ/ - /kˈuːʀ/
k-k / ˈoː-ˈuː / ʁ-ʀ
{0: [0], 1: [1], 2: [2]}
{0: [0], 1: [1], 2: [2]}
COST: 18.38

-------------------

/kˈu/ - /kˈoː/
k-k / ˈu-ˈoː
{0: [0], 1: [1]}
{0: [0], 1: [1]}
COST: 14.504

-------------------

/kˈua/ - /kˈaw/
k-k / ∅-ˈa / ∅-w / ˈu-∅ / a-∅
{0: [0], 1: None, 2: None, 3: [1], 4: [2]}
{0: [0], 1: [1], 2: [2], 3: None, 4: None}
COST: -9.518

-------------------

/kˈul/ - /kˈu/
k-k / ˈu-ˈu / l_#>-#>
{0: [0], 1: [1], 2: [2]}
{0: [0], 1: [1], 2: None}
COST: 9.032

-------------------

/kˈøʁna/ - /kwˈan/
k-k / ˈø-w / ʁ-ˈa / n-n / a-∅
{0: [0], 1: [1], 2: [2], 3: [3], 4: [4]}
{0: [0], 1: [1], 2: [2], 3: [3], 4: None}
COST: 10.567

-------------------

/kˈɛː/ - /kwˈɛ/
k-k / ˈɛː-w_ˈɛ
{0: [0], 1: [1]}
{0: [0], 1: [1, 2]}
COST: 12.17

-------------------

/lejˈɔ̃/ - /lijˈɔ̃/
l-l / ∅-i / e-∅ / j-j / ˈɔ̃-ˈɔ̃
{0: [0], 1: None, 2: [1], 3: [2], 4: [3]}
{0: [0], 1: [1], 2: None, 3: [2], 4: [3]}
COST: 7.492

-------------------

/ljˈevʁa/ - /lˈiːf/
l-l / j_ˈe-ˈiː / v_ʁ_a_#>-f_#>
{0: [0], 1: [1, 2], 2: [3, 4, 5]}
{0: [0], 1: [1], 2: [2]}
COST: 9.476

-------------------

/lwˈa/ - /luwˈe/
l-l / ∅-u / w-w / ˈa-ˈe
{0: [0], 1: None, 2: [1], 3: [2]}
{0: [0], 1: [1], 2: [2], 3: [3]}
COST: 12.976

-------------------

/lwˈe/ - /lwˈɛ/
l-l / w-w / ˈe-ˈɛ
{0: [0], 1: [1], 2: [2]}
{0: [0], 1: [1], 2: [2]}
COST: 15.761

-------------------

/lɛvˈa/ - /lɛvˈe/
l-l / ɛ-ɛ / v-v / ˈa-ˈe
{0: [0], 1: [1], 2: [2], 3: [3]}
{0: [0], 1: [1], 2: [2], 3: [3]}
COST: 26.415

-------------------

/lˈa/ - /lɛsjˈa/
l-l / ∅-ɛ / ∅-s / ∅-j / ˈa-ˈa
{0: [0], 1: None, 2: None, 3: None, 4: [1]}
{0: [0], 1: [1], 2: [2], 3: [3], 4: [4]}
COST: -1.858

-------------------

/lˈak/ - /lˈak/
l-l / ˈa-ˈa / k-k
{0: [0], 1: [1], 2: [2]}
{0: [0], 1: [1], 2: [2]}
COST: 18.846

-------------------

/lˈana/ - /lˈɛ̃ːn/
l_ˈa-l / n-ˈɛ̃ː / a-n
{0: [0, 1], 1: [2], 2: [3]}
{0: [0], 1: [1], 2: [2]}
COST: 5.378

-------------------

/lˈeɲə/ - /lˈɛɲ/
l-l / ˈe-ˈɛ / ɲ-ɲ / ə-∅
{0: [0], 1: [1], 2: [2], 3: [3]}
{0: [0], 1: [1], 2: [2], 3: None}
COST: 14.3

-------------------

/lˈibʁo/ - /lˈiːp/
l-l / ˈi-ˈiː / ∅-p / b-∅ / ʁ-∅ / o-∅
{0: [0], 1: [1], 2: None, 3: [2], 4: [3], 5: [4]}
{0: [0], 1: [1], 2: [2], 3: None, 4: None, 5: None}
COST: -6.752

-------------------

/lˈiðə/ - /lˈeːʀ/
l-l / ˈi_ð-ˈeː / ə-ʀ
{0: [0], 1: [1, 2], 2: [3]}
{0: [0], 1: [1], 2: [2]}
COST: 11.778

-------------------

/lˈuna/ - /lˈyn/
l-l / ˈu-ˈy / n-n / a-∅
{0: [0], 1: [1], 2: [2], 3: [3]}
{0: [0], 1: [1], 2: [2], 3: None}
COST: 14.223

-------------------

/lˈɑːʁma/ - /lˈɔːm/
l-l / ˈɑː-ˈɔː / ʁ-∅ / m-m / a-∅
{0: [0], 1: [1], 2: [2], 3: [3], 4: [4]}
{0: [0], 1: [1], 2: None, 3: [2], 4: None}
COST: 8.842

-------------------

/lˈɔ̃/ - /lˈɔ̃/
l-l / ˈɔ̃-ˈɔ̃
{0: [0], 1: [1]}
{0: [0], 1: [1]}
COST: 15.707

-------------------

/lˈɛtʁa/ - /lˈɛt/
l-l / ˈɛ-ˈɛ / t-t / ʁ-∅ / a-∅
{0: [0], 1: [1], 2: [2], 3: [3], 4: [4]}
{0: [0], 1: [1], 2: [2], 3: None, 4: None}
COST: 9.421

-------------------

/lˈɛ̃ɡa/ - /lˈɛ̃w/
l-l / ˈɛ̃-ˈɛ̃ / ∅-w / ɡ-∅ / a-∅
{0: [0], 1: [1], 2: None, 3: [2], 4: [3]}
{0: [0], 1: [1], 2: [2], 3: None, 4: None}
COST: 0.117

-------------------

/mjˈel/ - /mjˈɛl/
m-m / j-j / ˈe-ˈɛ / l-l
{0: [0], 1: [1], 2: [2], 3: [3]}
{0: [0], 1: [1], 2: [2], 3: [3]}
COST: 19.413

-------------------

/mjˈøʃ/ - /mˈiː/
m-m / j_ˈø-ˈiː / ʃ_#>-#>
{0: [0], 1: [1, 2], 2: [3]}
{0: [0], 1: [1], 2: None}
COST: 7.979

-------------------

/moðˈi/ - /mɔʀˈi/
m-m / o-ɔ / ð-ʀ / ˈi_#>-ˈi_#>
{0: [0], 1: [1], 2: [2], 3: [3]}
{0: [0], 1: [1], 2: [2], 3: [3]}
COST: 22.21

-------------------

/mwˈeʃə/ - /mˈɔʃ/
m-m / w_ˈe-ˈɔ / ʃ_ə-ʃ
{0: [0], 1: [1, 2], 2: [3, 4]}
{0: [0], 1: [1], 2: [2]}
COST: 10.191

-------------------

/mɔ̃tˈaɲi/ - /mɔ̃tˈaɲ/
m-m / ∅-ɔ̃ / ɔ̃-∅ / t-t / ˈa-ˈa / ɲ-ɲ / i-∅
{0: [0], 1: None, 2: [1], 3: [2], 4: [3], 5: [4], 6: [5]}
{0: [0], 1: [1], 2: None, 3: [2], 4: [3], 5: [4], 6: None}
COST: 12.129

-------------------

/mɛʎˈøʁ/ - /mɛjˈøː/
m-m / ɛ-ɛ / ʎ-j / ˈø-ˈøː / ʁ-∅
{0: [0], 1: [1], 2: [2], 3: [3], 4: [4]}
{0: [0], 1: [1], 2: [2], 3: [3], 4: None}
COST: 21.536

-------------------

/mɛːtjˈa/ - /mwɛtˈiː/
m-m / ∅-w / ∅-ɛ / ɛː-∅ / t-t / j-ˈiː / ˈa_#>-#>
{0: [0], 1: None, 2: None, 3: [1], 4: [2], 5: [3], 6: [4]}
{0: [0], 1: [1], 2: [2], 3: None, 4: [3], 5: [4], 6: None}
COST: 1.82

-------------------

/mˈaːðə/ - /mˈɛʀ/
m-m / ˈaː_ð-ˈɛ / ə-ʀ
{0: [0], 1: [1, 2], 2: [3]}
{0: [0], 1: [1], 2: [2]}
COST: 9.928

-------------------

/mˈil/ - /mˈɛj/
m-m / ˈi_l-ˈɛ_j
{0: [0], 1: [1, 2]}
{0: [0], 1: [1, 2]}
COST: 18.085

-------------------

/mˈĩʒi/ - /maɲˈiː/
m-m / ∅-a / ˈĩ-∅ / ʒ-∅ / i-ɲ / ∅-ˈiː
{0: [0], 1: None, 2: [1], 3: [2], 4: [3], 5: None}
{0: [0], 1: [1], 2: None, 3: None, 4: [2], 5: [3]}
COST: -8.648

-------------------

/mˈoːʁ/ - /mwˈaʀ/
m-m / ˈoː-w_ˈa / ʁ-ʀ
{0: [0], 1: [1], 2: [2]}
{0: [0], 1: [1, 2], 2: [3]}
COST: 14.093

-------------------

/mˈøʁ/ - /mˈøːʀ/
m-m / ˈø-ˈøː / ʁ-ʀ
{0: [0], 1: [1], 2: [2]}
{0: [0], 1: [1], 2: [2]}
COST: 18.494

-------------------

/mˈɑ̃/ - /mwˈɛ̃/
m-m / ˈɑ̃-w_ˈɛ̃
{0: [0], 1: [1]}
{0: [0], 1: [1, 2]}
COST: 10.788

-------------------

/mˈɛ/ - /mˈi/
m-m / ˈɛ-∅ / #>-ˈi_#>
{0: [0], 1: [1], 2: None}
{0: [0], 1: None, 2: [1]}
COST: 4.312

-------------------

/mˈɛːʁ/ - /mˈeʀ/
m-m / ∅-ˈe / ˈɛː-∅ / ʁ-ʀ
{0: [0], 1: None, 2: [1], 3: [2]}
{0: [0], 1: [1], 2: None, 3: [2]}
COST: 2.614

-------------------

/nwˈɛ/ - /nwˈɛʃ/
n-n / w-w / ˈɛ-ˈɛ / #>-ʃ_#>
{0: [0], 1: [1], 2: [2], 3: None}
{0: [0], 1: [1], 2: [2], 3: [3]}
COST: 16.374

-------------------

/nˈo/ - /nˈɔ/
n-n / ˈo-ˈɔ
{0: [0], 1: [1]}
{0: [0], 1: [1]}
COST: 16.511

-------------------

/nˈoːf/ - /nˈuːf/
n-n / ˈoː-ˈuː / f-f
{0: [0], 1: [1], 2: [2]}
{0: [0], 1: [1], 2: [2]}
COST: 21.422

-------------------

/nˈoːtʁo/ - /nˈɔs/
n-n / ˈoː-ˈɔ / t-s / ʁ-∅ / o-∅
{0: [0], 1: [1], 2: [2], 3: [3], 4: [4]}
{0: [0], 1: [1], 2: [2], 3: None, 4: None}
COST: 2.633

-------------------

/nˈɑː/ - /nˈe/
n-n / ˈɑː-∅ / #>-ˈe_#>
{0: [0], 1: [1], 2: None}
{0: [0], 1: None, 2: [1]}
COST: 3.0

-------------------

/nˈɔvo/ - /nˈuː/
n-n / ˈɔ-ˈuː / v-∅ / o-∅
{0: [0], 1: [1], 2: [2], 3: [3]}
{0: [0], 1: [1], 2: None, 3: None}
COST: 2.171

-------------------

/nˈɔ̃/ - /nˈɔ/
n-n / ˈɔ̃-∅ / #>-ˈɔ_#>
{0: [0], 1: [1], 2: None}
{0: [0], 1: None, 2: [1]}
COST: 2.65

-------------------

/nˈɛːʁ/ - /nwˈɛːʀ/
n-n / ˈɛː-w / ∅-ˈɛː / ʁ-ʀ
{0: [0], 1: [1], 2: None, 3: [2]}
{0: [0], 1: [1], 2: [2], 3: [3]}
COST: 11.144

-------------------

/ovʁjˈe/ - /ɔvʀˈiː/
o-ɔ / v-v / ʁ-ʀ / j_ˈe-ˈiː
{0: [0], 1: [1], 2: [2], 3: [3, 4]}
{0: [0], 1: [1], 2: [2], 3: [3]}
COST: 20.326

-------------------

/oðˈiʎə/ - /ɔʀˈaj/
o-ɔ / ð-ʀ / ∅-ˈa / ˈi-∅ / ʎ_ə-j
{0: [0], 1: [1], 2: None, 3: [2], 4: [3, 4]}
{0: [0], 1: [1], 2: [2], 3: None, 4: [3]}
COST: 2.023

-------------------

/palˈe/ - /palˈɔː/
p-p / a-a / l-l / ˈe-ˈɔː
{0: [0], 1: [1], 2: [2], 3: [3]}
{0: [0], 1: [1], 2: [2], 3: [3]}
COST: 20.35

-------------------

/paðˈɔla/ - /paʀˈɔl/
p-p / a_ð-a_ʀ / ˈɔ-ˈɔ / l_a_#>-l_#>
{0: [0], 1: [1, 2], 2: [3], 3: [4, 5]}
{0: [0], 1: [1, 2], 2: [3], 3: [4]}
COST: 21.311

-------------------

/pjˈeða/ - /pˈiːʀ/
p-p / j_ˈe-ˈiː / ð-ʀ / a-∅
{0: [0], 1: [1, 2], 2: [3], 3: [4]}
{0: [0], 1: [1], 2: [2], 3: None}
COST: 8.446

-------------------

/pjˈuʎ/ - /pjˈu/
p-p / j-j / ˈu-ˈu / ʎ_#>-#>
{0: [0], 1: [1], 2: [2], 3: [3]}
{0: [0], 1: [1], 2: [2], 3: None}
COST: 10.58

-------------------

/ploðˈa/ - /plɔʀˈe/
p-p / l-l / o-ɔ / ð-ʀ / ˈa-ˈe
{0: [0], 1: [1], 2: [2], 3: [3], 4: [4]}
{0: [0], 1: [1], 2: [2], 3: [3], 4: [4]}
COST: 25.914

-------------------

/plˈoma/ - /plˈɔm/
p-p / l-l / ˈo-ˈɔ / m-m / a-∅
{0: [0], 1: [1], 2: [2], 3: [3], 4: [4]}
{0: [0], 1: [1], 2: [2], 3: [3], 4: None}
COST: 21.567

-------------------

/plˈɛ̃/ - /plˈɛ̃/
p-p / l-l / ˈɛ̃-ˈɛ̃
{0: [0], 1: [1], 2: [2]}
{0: [0], 1: [1], 2: [2]}
COST: 20.573

-------------------

/plˈɛ̃dʁə/ - /plˈɛ̃t/
p-p / l-l / ˈɛ̃-ˈɛ̃ / d-∅ / ʁ-t / ə-∅
{0: [0], 1: [1], 2: [2], 3: [3], 4: [4], 5: [5]}
{0: [0], 1: [1], 2: [2], 3: None, 4: [3], 5: None}
COST: 10.287

-------------------

/povˈɛːʁ/ - /pɔlˈøːʀ/
p-p / o-ɔ / ∅-l / v-∅ / ˈɛː-ˈøː / ʁ-ʀ
{0: [0], 1: [1], 2: None, 3: [2], 4: [3], 5: [4]}
{0: [0], 1: [1], 2: [2], 3: None, 4: [3], 5: [4]}
COST: 10.628

-------------------

/pwˈe/ - /pˈoː/
p-p / w_ˈe-ˈoː
{0: [0], 1: [1, 2]}
{0: [0], 1: [1]}
COST: 10.25

-------------------

/pwˈɛːʦ/ - /pˈus/
p-p / w-ˈu / ∅-s / ˈɛː-∅ / ʦ-∅
{0: [0], 1: [1], 2: None, 3: [2], 4: [3]}
{0: [0], 1: [1], 2: [2], 3: None, 4: None}
COST: 0.496

-------------------

/pwˈɛ̃/ - /pˈuɲ/
p-p / w-ˈu / ˈɛ̃-ɲ
{0: [0], 1: [1], 2: [2]}
{0: [0], 1: [1], 2: [2]}
COST: 19.017

-------------------

/pwˈɛ̃/ - /pˈɔ̃/
p-p / ∅-ˈɔ̃ / w-∅ / ˈɛ̃-∅
{0: [0], 1: None, 2: [1], 3: [2]}
{0: [0], 1: [1], 2: None, 3: None}
COST: -4.766

-------------------

/pətjˈoː/ - /ptˈi/
p-p / ə-∅ / t-t / j-ˈi / ˈoː_#>-#>
{0: [0], 1: [1], 2: [2], 3: [3], 4: [4]}
{0: [0], 1: None, 2: [1], 3: [2], 4: None}
COST: 9.523

-------------------

/pʁˈiʃ/ - /pʀˈi/
p-p / ʁ-ʀ / ˈi-ˈi / ʃ_#>-#>
{0: [0], 1: [1], 2: [2], 3: [3]}
{0: [0], 1: [1], 2: [2], 3: None}
COST: 14.125

-------------------

/pˈaːðə/ - /pˈɛʀ/
p-p / ˈaː_ð-ˈɛ / ə-ʀ
{0: [0], 1: [1, 2], 2: [3]}
{0: [0], 1: [1], 2: [2]}
COST: 9.68

-------------------

/pˈel/ - /pjˈa/
p-p / ˈe-j / l-ˈa
{0: [0], 1: [1], 2: [2]}
{0: [0], 1: [1], 2: [2]}
COST: 15.479

-------------------

/pˈeʃ/ - /pˈɔːj/
p-p / ∅-ˈɔː / ˈe-j / ʃ_#>-#>
{0: [0], 1: None, 2: [1], 3: [2]}
{0: [0], 1: [1], 2: [2], 3: None}
COST: 4.994

-------------------

/pˈi/ - /pˈiː/
p-p / ˈi-ˈiː
{0: [0], 1: [1]}
{0: [0], 1: [1]}
COST: 14.318

-------------------

/pˈuvʁo/ - /pˈoːf/
p-p / ˈu-ˈoː / v-f / ʁ-∅ / o-∅
{0: [0], 1: [1], 2: [2], 3: [3], 4: [4]}
{0: [0], 1: [1], 2: [2], 3: None, 4: None}
COST: 6.55

-------------------

/pˈɑ̃/ - /pˈɑ̃/
p-p / ˈɑ̃-ˈɑ̃
{0: [0], 1: [1]}
{0: [0], 1: [1]}
COST: 17.327

-------------------

/pˈɔ̃/ - /pˈɔ̃/
p-p / ˈɔ̃-ˈɔ̃
{0: [0], 1: [1]}
{0: [0], 1: [1]}
COST: 16.777

-------------------

/pˈɔ̃dʁə/ - /pˈɔ̃ʀ/
p-p / ˈɔ̃-ˈɔ̃ / d-∅ / ʁ-ʀ / ə-∅
{0: [0], 1: [1], 2: [2], 3: [3], 4: [4]}
{0: [0], 1: [1], 2: None, 3: [2], 4: None}
COST: 8.909

-------------------

/pˈɛːl/ - /pˈɔj/
p-p / ∅-ˈɔ / ˈɛː-∅ / l-j
{0: [0], 1: None, 2: [1], 3: [2]}
{0: [0], 1: [1], 2: None, 3: [2]}
COST: 0.327

-------------------

/pˈɛːna/ - /pwˈɛ̃n/
p-p / ˈɛː-w / n_a-ˈɛ̃_n
{0: [0], 1: [1], 2: [2, 3]}
{0: [0], 1: [1], 2: [2, 3]}
COST: 14.02

-------------------

/pˈɛːsɔ̃/ - /pɛʃˈɔ̃/
p-p / ∅-ɛ / ˈɛː-∅ / s-ʃ / ∅-ˈɔ̃ / ɔ̃-∅
{0: [0], 1: None, 2: [1], 3: [2], 4: None, 5: [3]}
{0: [0], 1: [1], 2: None, 3: [2], 4: [3], 5: None}
COST: -7.816

-------------------

/pˈɛːʁʃə/ - /pˈɛʃ/
p-p / ˈɛː-ˈɛ / ʁ-∅ / ʃ_ə-ʃ
{0: [0], 1: [1], 2: [2], 3: [3, 4]}
{0: [0], 1: [1], 2: None, 3: [2]}
COST: 9.688

-------------------

/savˈɛːʁ/ - /savˈøːʀ/
s-s / a-a / v-v / ˈɛː-ˈøː / ʁ-ʀ
{0: [0], 1: [1], 2: [2], 3: [3], 4: [4]}
{0: [0], 1: [1], 2: [2], 3: [3], 4: [4]}
COST: 24.152

-------------------

/seðˈizə/ - /sɛʀˈeːʃ/
s-s / e-ɛ / ð-ʀ / ˈi-ˈeː / z-∅ / ə-ʃ
{0: [0], 1: [1], 2: [2], 3: [3], 4: [4], 5: [5]}
{0: [0], 1: [1], 2: [2], 3: [3], 4: None, 5: [4]}
COST: 10.475

-------------------

/sĩkwˈɑ̃ta/ - /sẽkwˈɑ̃t/
s-s / ∅-ẽ / ĩ-∅ / k-k / w-w / ˈɑ̃-ˈɑ̃ / t-t / a-∅
{0: [0], 1: None, 2: [1], 3: [2], 4: [3], 5: [4], 6: [5], 7: [6]}
{0: [0], 1: [1], 2: None, 3: [2], 4: [3], 5: [4], 6: [5], 7: None}
COST: 16.552

-------------------

/sjˈɛl/ - /sˈiːʀ/
s-s / j-ˈiː / ∅-ʀ / ˈɛ-∅ / l_#>-#>
{0: [0], 1: [1], 2: None, 3: [2], 4: [3]}
{0: [0], 1: [1], 2: [2], 3: None, 4: None}
COST: 0.662

-------------------

/sofʁˈiʁ/ - /sɔfʀˈi/
s-s / o-ɔ / f-f / ʁ-ʀ / ˈi-ˈi / ʁ-∅
{0: [0], 1: [1], 2: [2], 3: [3], 4: [4], 5: [5]}
{0: [0], 1: [1], 2: [2], 3: [3], 4: [4], 5: None}
COST: 22.971

-------------------

/swˈe/ - /sˈɔːj/
s-s / w-ˈɔː / ˈe-j
{0: [0], 1: [1], 2: [2]}
{0: [0], 1: [1], 2: [2]}
COST: 16.65

-------------------

/sɔlwˈɛː/ - /sɔljˈa/
s-s / ɔ-ɔ / l-l / ∅-j / w-∅ / ˈɛː-∅ / #>-ˈa_#>
{0: [0], 1: [1], 2: [2], 3: None, 4: [3], 5: [4], 6: None}
{0: [0], 1: [1], 2: [2], 3: [3], 4: None, 5: None, 6: [4]}
COST: 2.112

-------------------

/səmˈana/ - /samwˈɛ̃n/
s-s / ə-a / m-m / ∅-w / ˈa-∅ / n_a-ˈɛ̃_n
{0: [0], 1: [1], 2: [2], 3: None, 4: [3], 5: [4, 5]}
{0: [0], 1: [1], 2: [2], 3: [3], 4: None, 5: [4, 5]}
COST: 6.451

-------------------

/sˈal/ - /sˈe/
s-s / ˈa-ˈe / l_#>-#>
{0: [0], 1: [1], 2: [2]}
{0: [0], 1: [1], 2: None}
COST: 11.0

-------------------

/sˈiðə/ - /sˈeːʀ/
s-s / ˈi_ð-ˈeː / ə-ʀ
{0: [0], 1: [1, 2], 2: [3]}
{0: [0], 1: [1], 2: [2]}
COST: 12.238

-------------------

/sˈiʃ/ - /ʃˈiːʃ/
s-ʃ / ˈi-ˈiː / ʃ-ʃ
{0: [0], 1: [1], 2: [2]}
{0: [0], 1: [1], 2: [2]}
COST: 14.832

-------------------

/sˈĩ/ - /sˈẽk/
s-s / ˈĩ-ˈẽ / ∅-k
{0: [0], 1: [1], 2: None}
{0: [0], 1: [1], 2: [2]}
COST: 11.83

-------------------

/sˈoːsa/ - /sˈɔːs/
s-s / ˈoː-ˈɔː / s-s / a-∅
{0: [0], 1: [1], 2: [2], 3: [3]}
{0: [0], 1: [1], 2: [2], 3: None}
COST: 12.782

-------------------

/sˈɑː/ - /sˈɛ/
s-s / ∅-ˈɛ / ˈɑː-∅
{0: [0], 1: None, 2: [1]}
{0: [0], 1: [1], 2: None}
COST: -0.375

-------------------

/sˈɑ̃/ - /sˈɛ̃/
s-s / ˈɑ̃-ˈɛ̃
{0: [0], 1: [1]}
{0: [0], 1: [1]}
COST: 10.911

-------------------

/sˈɛt/ - /sˈɛt/
s-s / ˈɛ-ˈɛ / t-t
{0: [0], 1: [1], 2: [2]}
{0: [0], 1: [1], 2: [2]}
COST: 19.881

-------------------

/sˈɛt/ - /sˈɛʧ/
s-s / ˈɛ_t-ˈɛ_ʧ
{0: [0], 1: [1, 2]}
{0: [0], 1: [1, 2]}
COST: 15.978

-------------------

/sˈɛta/ - /sˈɛʧ/
s-s / ˈɛ_t-ˈɛ_ʧ / a-∅
{0: [0], 1: [1, 2], 2: [3]}
{0: [0], 1: [1, 2], 2: None}
COST: 10.978

-------------------

/sˈɛ̃/ - /sˈɛ̃/
s-s / ˈɛ̃-ˈɛ̃
{0: [0], 1: [1]}
{0: [0], 1: [1]}
COST: 15.578

-------------------

/tosjˈe/ - /tɔsˈe/
t-t / o-ɔ / s-s / j-∅ / ˈe-∅ / #>-ˈe_#>
{0: [0], 1: [1], 2: [2], 3: [3], 4: [4], 5: None}
{0: [0], 1: [1], 2: [2], 3: None, 4: None, 5: [3]}
COST: 8.118

-------------------

/toʁˈel/ - /tɔʀjˈa/
t-t / o-ɔ / ʁ-ʀ / ˈe-j / l-ˈa
{0: [0], 1: [1], 2: [2], 3: [3], 4: [4]}
{0: [0], 1: [1], 2: [2], 3: [3], 4: [4]}
COST: 22.917

-------------------

/tʁˈɛː/ - /tʀwˈɛ/
t-t / ʁ-ʀ / ˈɛː-w_ˈɛ
{0: [0], 1: [1], 2: [2]}
{0: [0], 1: [1], 2: [2, 3]}
COST: 13.892

-------------------

/tˈeta/ - /tjˈɛs/
t-t / ˈe-j / t_a-ˈɛ_s
{0: [0], 1: [1], 2: [2, 3]}
{0: [0], 1: [1], 2: [2, 3]}
COST: 15.67

-------------------

/tˈo/ - /tˈɔ/
t-t / ˈo-ˈɔ
{0: [0], 1: [1]}
{0: [0], 1: [1]}
COST: 16.316

-------------------

/tˈoːs/ - /tˈɔ/
t-t / ˈoː-ˈɔ / s-∅
{0: [0], 1: [1], 2: [2]}
{0: [0], 1: [1], 2: None}
COST: 6.2

-------------------

/tˈɛːða/ - /tˈɛːʀ/
t-t / ˈɛː-ˈɛː / ð-ʀ / a-∅
{0: [0], 1: [1], 2: [2], 3: [3]}
{0: [0], 1: [1], 2: [2], 3: None}
COST: 7.633

-------------------

/tˈɛ̃/ - /tˈɛ̃/
t-t / ˈɛ̃-ˈɛ̃
{0: [0], 1: [1]}
{0: [0], 1: [1]}
COST: 16.025

-------------------

/uzˈel/ - /uːʒjˈa/
∅-uː / u-∅ / z-ʒ / ˈe-j / l-ˈa
{0: None, 1: [0], 2: [1], 3: [2], 4: [3]}
{0: [0], 1: None, 2: [1], 3: [2], 4: [3]}
COST: 8.121

-------------------

/vjˈaːðo/ - /vɔːjˈɛʧ/
v-v / ∅-ɔː / j-j / ˈaː-ˈɛ / ð_o-ʧ
{0: [0], 1: None, 2: [1], 3: [2], 4: [3, 4]}
{0: [0], 1: [1], 2: [2], 3: [3], 4: [4]}
COST: 7.942

-------------------

/vjˈøʎ/ - /vˈiː/
v-v / j_ˈø-ˈiː / ʎ_#>-#>
{0: [0], 1: [1, 2], 2: [3]}
{0: [0], 1: [1], 2: None}
COST: 7.875

-------------------

/vwˈe/ - /vˈɔːj/
v-v / w-ˈɔː / ˈe-j
{0: [0], 1: [1], 2: [2]}
{0: [0], 1: [1], 2: [2]}
COST: 17.392

-------------------

/vwˈeʃ/ - /vwˈɛ/
v-v / w-w / ˈe-ˈɛ / ʃ_#>-#>
{0: [0], 1: [1], 2: [2], 3: [3]}
{0: [0], 1: [1], 2: [2], 3: None}
COST: 13.363

-------------------

/vɔlˈa/ - /vɔlˈe/
v-v / ɔ-ɔ / l-l / ˈa-ˈe
{0: [0], 1: [1], 2: [2], 3: [3]}
{0: [0], 1: [1], 2: [2], 3: [3]}
COST: 24.177

-------------------

/vənˈi/ - /vinˈi/
v-v / ə-i / n-n / ˈi_#>-ˈi_#>
{0: [0], 1: [1], 2: [2], 3: [3]}
{0: [0], 1: [1], 2: [2], 3: [3]}
COST: 25.808

-------------------

/vəzˈĩ/ - /viʒˈẽ/
v-v / ə-i / z-ʒ / ˈĩ-ˈẽ
{0: [0], 1: [1], 2: [2], 3: [3]}
{0: [0], 1: [1], 2: [2], 3: [3]}
COST: 30.212

-------------------

/vɛʁɡˈɔɲə/ - /vɛʀɡˈɔɲ/
v-v / ɛ-ɛ / ʁ-ʀ / ɡ-ɡ / ˈɔ-ˈɔ / ɲ-ɲ / ə-∅
{0: [0], 1: [1], 2: [2], 3: [3], 4: [4], 5: [5], 6: [6]}
{0: [0], 1: [1], 2: [2], 3: [3], 4: [4], 5: [5], 6: None}
COST: 31.851

-------------------

/vˈaʃi/ - /vˈaʧ/
v-v / ˈa-ˈa / ʃ-ʧ / i-∅
{0: [0], 1: [1], 2: [2], 3: [3]}
{0: [0], 1: [1], 2: [2], 3: None}
COST: 14.429

-------------------

/vˈel/ - /vjˈa/
v-v / ˈe-j / l-ˈa
{0: [0], 1: [1], 2: [2]}
{0: [0], 1: [1], 2: [2]}
COST: 15.613

-------------------

/vˈeʁm/ - /vjˈɛʀ/
v-v / ˈe-j / ∅-ˈɛ / ʁ-ʀ / m-∅
{0: [0], 1: [1], 2: None, 3: [2], 4: [3]}
{0: [0], 1: [1], 2: [2], 3: [3], 4: None}
COST: 5.859

-------------------

/vˈia/ - /vˈɛj/
v-v / ˈi-ˈɛ / a-j
{0: [0], 1: [1], 2: [2]}
{0: [0], 1: [1], 2: [2]}
COST: 12.307

-------------------

/vˈila/ - /vˈɛj/
v-v / ˈi_l-ˈɛ_j / a-∅
{0: [0], 1: [1, 2], 2: [3]}
{0: [0], 1: [1, 2], 2: None}
COST: 12.97

-------------------

/vˈĩ/ - /vˈẽ/
v-v / ˈĩ-ˈẽ
{0: [0], 1: [1]}
{0: [0], 1: [1]}
COST: 17.572

-------------------

/vˈo/ - /vˈɔ/
v-v / ˈo-ˈɔ
{0: [0], 1: [1]}
{0: [0], 1: [1]}
COST: 16.611

-------------------

/vˈɛʁ/ - /vˈɛʀ/
v-v / ˈɛ-ˈɛ / ʁ-ʀ
{0: [0], 1: [1], 2: [2]}
{0: [0], 1: [1], 2: [2]}
COST: 17.462

-------------------

/vˈɛːðə/ - /vˈɛj/
v-v / ˈɛː-ˈɛ / ð-∅ / ə-j
{0: [0], 1: [1], 2: [2], 3: [3]}
{0: [0], 1: [1], 2: None, 3: [2]}
COST: 11.103

-------------------

/vˈɛ̃/ - /vˈɛ̃/
v-v / ˈɛ̃-ˈɛ̃
{0: [0], 1: [1]}
{0: [0], 1: [1]}
COST: 16.32

-------------------

/vˈɛ̃t/ - /vˈɛ̃/
v-v / ˈɛ̃-ˈɛ̃ / t-∅
{0: [0], 1: [1], 2: [2]}
{0: [0], 1: [1], 2: None}
COST: 11.32

-------------------

/vˈɛ̃tʁo/ - /vˈɛ̃t/
v-v / ˈɛ̃-ˈɛ̃ / t-t / ʁ-∅ / o-∅
{0: [0], 1: [1], 2: [2], 3: [3], 4: [4]}
{0: [0], 1: [1], 2: [2], 3: None, 4: None}
COST: 11.614

-------------------

/ðwˈe/ - /ʤˈøː/
<#_ð-<#_ʤ / ∅-ˈøː / w-∅ / ˈe_#>-#>
{0: [0], 1: None, 2: [1], 3: [2]}
{0: [0], 1: [1], 2: None, 3: None}
COST: -3.361

-------------------

/ðwˈɛːno/ - /ʤˈɔ̃n/
<#_ð-<#_ʤ / ∅-ˈɔ̃ / w-∅ / ˈɛː-∅ / n-n / o-∅
{0: [0], 1: None, 2: [1], 3: [2], 4: [3], 5: [4]}
{0: [0], 1: [1], 2: None, 3: None, 4: [2], 5: None}
COST: -4.279

-------------------

/ðəlˈa/ - /ʤalˈe/
<#_ð-<#_ʤ / ə-a / l-l / ˈa-ˈe
{0: [0], 1: [1], 2: [2], 3: [3]}
{0: [0], 1: [1], 2: [2], 3: [3]}
COST: 20.673

-------------------

/ðɛ̃sˈiva/ - /ʤɛ̃sˈiːf/
<#_ð-<#_ʤ / ∅-ɛ̃ / ɛ̃-∅ / s-s / ˈi-ˈiː / v-f / a-∅
{0: [0], 1: None, 2: [1], 3: [2], 4: [3], 5: [4], 6: [5]}
{0: [0], 1: [1], 2: None, 3: [2], 4: [3], 5: [4], 6: None}
COST: 6.455

-------------------

/ðˈoːno/ - /ʤˈɛn/
<#_ð-<#_ʤ / ˈoː-∅ / n-ˈɛ_n / o-∅
{0: [0], 1: [1], 2: [2], 3: [3]}
{0: [0], 1: None, 2: [1, 2], 3: None}
COST: 3.256

-------------------

/ðˈɛ̃/ - /ʤˈɛ̃/
<#_ð-<#_ʤ / ˈɛ̃-ˈɛ̃
{0: [0], 1: [1]}
{0: [0], 1: [1]}
COST: 16.184

-------------------

/ɡʁˈesə/ - /kʀˈɔːʃ/
<#-<#_k / ɡ-∅ / ʁ-ʀ / ˈe-ˈɔː / s_ə-ʃ
{0: None, 1: [0], 2: [1], 3: [2], 4: [3, 4]}
{0: [0], 1: None, 2: [1], 3: [2], 4: [3]}
COST: 0.547

-------------------

/ɡʁˈoː/ - /ɡʀˈɔ/
ɡ-ɡ / ʁ-ʀ / ˈoː-ˈɔ
{0: [0], 1: [1], 2: [2]}
{0: [0], 1: [1], 2: [2]}
COST: 15.189

-------------------

/ɡʁˈɑ̃/ - /ɡʀˈɑ̃/
ɡ-ɡ / ʁ-ʀ / ˈɑ̃-ˈɑ̃
{0: [0], 1: [1], 2: [2]}
{0: [0], 1: [1], 2: [2]}
COST: 21.154

-------------------

/ɡʁˈɛːna/ - /ɡʀˈɛ̃n/
ɡ-ɡ / ʁ-ʀ / ˈɛː-∅ / n_a-ˈɛ̃_n
{0: [0], 1: [1], 2: [2], 3: [3, 4]}
{0: [0], 1: [1], 2: None, 3: [2, 3]}
COST: 9.104

-------------------

/ɡʎˈasə/ - /ɡlˈɛs/
ɡ-ɡ / ∅-l / ʎ-∅ / ˈa-ˈɛ / s-s / ə-∅
{0: [0], 1: None, 2: [1], 3: [2], 4: [3], 5: [4]}
{0: [0], 1: [1], 2: None, 3: [2], 4: [3], 5: None}
COST: 2.328

-------------------

/ɡˈota/ - /ɡˈɔt/
ɡ-ɡ / ˈo-ˈɔ / t-t / a-∅
{0: [0], 1: [1], 2: [2], 3: [3]}
{0: [0], 1: [1], 2: [2], 3: None}
COST: 18.466

-------------------

/ɡˈøla/ - /ɡˈøːj/
ɡ-ɡ / ˈø-ˈøː / l_a-j
{0: [0], 1: [1], 2: [2, 3]}
{0: [0], 1: [1], 2: [2]}
COST: 17.144

-------------------

/ʁasˈena/ - /ʀɛsˈɛn/
<#_ʁ-<#_ʀ / a-ɛ / s-s / ˈe_n-ˈɛ_n / a-∅
{0: [0], 1: [1], 2: [2], 3: [3, 4], 4: [5]}
{0: [0], 1: [1], 2: [2], 3: [3, 4], 4: None}
COST: 20.166

-------------------

/ʁjˈɔ̃/ - /ʀˈɔ̃/
<#_ʁ-<#_ʀ / j_ˈɔ̃-ˈɔ̃
{0: [0], 1: [1, 2]}
{0: [0], 1: [1]}
COST: 10.835

-------------------

/ʁɛzˈĩ/ - /ʀwɛʒˈẽ/
<#_ʁ-<#_ʀ / ∅-w / ɛ-ɛ / z-ʒ / ˈĩ-ˈẽ
{0: [0], 1: None, 2: [1], 3: [2], 4: [3]}
{0: [0], 1: [1], 2: [2], 3: [3], 4: [4]}
COST: 26.273

-------------------

/ʁɛːzˈɔ̃/ - /ʀɔːʒˈɔ̃/
<#_ʁ-<#_ʀ / ∅-ɔː / ɛː-∅ / z-ʒ / ˈɔ̃-ˈɔ̃
{0: [0], 1: None, 2: [1], 3: [2], 4: [3]}
{0: [0], 1: [1], 2: None, 3: [2], 4: [3]}
COST: 13.923

-------------------

/ʁˈua/ - /ʀˈɔw/
<#_ʁ-<#_ʀ / ∅-ˈɔ / ∅-w / ˈu-∅ / a-∅
{0: [0], 1: None, 2: None, 3: [1], 4: [2]}
{0: [0], 1: [1], 2: [2], 3: None, 4: None}
COST: -10.716

-------------------

/ʁˈuʃ/ - /ʀˈɔʧ/
<#_ʁ-<#_ʀ / ∅-ˈɔ / ˈu-∅ / ʃ-ʧ
{0: [0], 1: None, 2: [1], 3: [2]}
{0: [0], 1: [1], 2: None, 3: [2]}
COST: 4.367

-------------------

/ʁˈɛː/ - /ʀwˈɛ/
<#_ʁ-<#_ʀ / ˈɛː-w_ˈɛ
{0: [0], 1: [1]}
{0: [0], 1: [1, 2]}
COST: 10.971

-------------------

/ʁˈɛːna/ - /ʀˈɛ̃ːn/
<#_ʁ-<#_ʀ / ˈɛː-∅ / n-ˈɛ̃ː / a-n
{0: [0], 1: [1], 2: [2], 3: [3]}
{0: [0], 1: None, 2: [1], 3: [2]}
COST: 5.218

-------------------

/ʃasjˈe/ - /ʧɛsˈiː/
ʃ-ʧ / a-ɛ / s-s / j_ˈe-ˈiː
{0: [0], 1: [1], 2: [2], 3: [3, 4]}
{0: [0], 1: [1], 2: [2], 3: [3]}
COST: 18.613

-------------------

/ʃĩʒjˈe/ - /kɑ̃ʤˈiː/
<#-<#_k / ∅-ɑ̃ / ʃ-∅ / ĩ-∅ / ʒ-ʤ / j_ˈe-ˈiː
{0: None, 1: None, 2: [0], 3: [1], 4: [2], 5: [3, 4]}
{0: [0], 1: [1], 2: None, 3: None, 4: [2], 5: [3]}
COST: -4.524

-------------------

/ʃjˈevʁa/ - /ʧˈiːf/
ʃ-ʧ / j_ˈe-ˈiː / v_ʁ_a_#>-f_#>
{0: [0], 1: [1, 2], 2: [3, 4, 5]}
{0: [0], 1: [1], 2: [2]}
COST: 10.175

-------------------

/ʃwˈeza/ - /ʧˈoːs/
ʃ-ʧ / w_ˈe-ˈoː / z-∅ / a-s
{0: [0], 1: [1, 2], 2: [3], 3: [4]}
{0: [0], 1: [1], 2: None, 3: [2]}
COST: -0.758

-------------------

/ʃɑːtˈel/ - /ʧɛstjˈa/
ʃ-ʧ / ∅-ɛ / ∅-s / ɑː-∅ / t-t / ˈe-j / l-ˈa
{0: [0], 1: None, 2: None, 3: [1], 4: [2], 5: [3], 6: [4]}
{0: [0], 1: [1], 2: [2], 3: None, 4: [3], 5: [4], 6: [5]}
COST: 5.402

-------------------

/ʃɑ̃tˈa/ - /ʧɑ̃tˈe/
ʃ-ʧ / ∅-ɑ̃ / ɑ̃-∅ / t-t / ˈa-ˈe
{0: [0], 1: None, 2: [1], 3: [2], 4: [3]}
{0: [0], 1: [1], 2: None, 3: [2], 4: [3]}
COST: 10.132

-------------------

/ʃəvˈal/ - /ʧfˈɔː/
ʃ-ʧ / ə_v-f / ∅-ˈɔː / ˈa-∅ / l_#>-#>
{0: [0], 1: [1, 2], 2: None, 3: [3], 4: [4]}
{0: [0], 1: [1], 2: [2], 3: None, 4: None}
COST: -3.057

-------------------

/ʃəvˈel/ - /ʧfjˈa/
ʃ-ʧ / ə_v-f / ˈe-j / l-ˈa
{0: [0], 1: [1, 2], 2: [3], 3: [4]}
{0: [0], 1: [1], 2: [2], 3: [3]}
COST: 15.789

-------------------

/ʃˈa/ - /ʧˈɛ/
ʃ-ʧ / ˈa-ˈɛ
{0: [0], 1: [1]}
{0: [0], 1: [1]}
COST: 10.416

-------------------

/ʃˈeʁ/ - /ʧˈiːʀ/
ʃ-ʧ / ˈe-ˈiː / ʁ-ʀ
{0: [0], 1: [1], 2: [2]}
{0: [0], 1: [1], 2: [2]}
COST: 15.122

-------------------

/ʃˈĩ/ - /ʧˈẽ/
ʃ-ʧ / ˈĩ-ˈẽ
{0: [0], 1: [1]}
{0: [0], 1: [1]}
COST: 17.068

-------------------

/ʃˈoː/ - /ʧˈoː/
ʃ-ʧ / ˈoː_#>-ˈoː_#>
{0: [0], 1: [1]}
{0: [0], 1: [1]}
COST: 16.359

-------------------

/ʃˈɑːnə/ - /ʧˈɛ̃ːn/
ʃ-ʧ / ∅-ˈɛ̃ː / ˈɑː-∅ / n-n / ə-∅
{0: [0], 1: None, 2: [1], 3: [2], 4: [3]}
{0: [0], 1: [1], 2: None, 3: [2], 4: None}
COST: 0.352

-------------------

/ʃˈɑ̃/ - /ʧˈɑ̃/
ʃ-ʧ / ˈɑ̃-ˈɑ̃
{0: [0], 1: [1]}
{0: [0], 1: [1]}
COST: 16.956

-------------------

/ʃˈɑ̃bʁa/ - /ʧˈɑ̃b/
ʃ-ʧ / ˈɑ̃-ˈɑ̃ / b-b / ʁ-∅ / a-∅
{0: [0], 1: [1], 2: [2], 3: [3], 4: [4]}
{0: [0], 1: [1], 2: [2], 3: None, 4: None}
COST: 13.506

-------------------

/ʃˈɛf/ - /ʧˈiːf/
ʃ-ʧ / ∅-ˈiː / ˈɛ-∅ / f-f
{0: [0], 1: None, 2: [1], 3: [2]}
{0: [0], 1: [1], 2: None, 3: [2]}
COST: 5.251

-------------------

/ʒwˈɛ̃/ - /ʤˈœ̃/
ʒ-ʤ / ∅-ˈœ̃ / w-∅ / ˈɛ̃-∅
{0: [0], 1: None, 2: [1], 3: [2]}
{0: [0], 1: [1], 2: None, 3: None}
COST: -3.708

-------------------

/ʒˈe/ - /ʤˈi/
ʒ-ʤ / ˈe-∅ / #>-ˈi_#>
{0: [0], 1: [1], 2: None}
{0: [0], 1: None, 2: [1]}
COST: 5.122

-------------------

/ʒˈuðo/ - /ʤˈyʧ/
ʒ-ʤ / ˈu-ˈy / ð_o-ʧ
{0: [0], 1: [1], 2: [2, 3]}
{0: [0], 1: [1], 2: [2]}
COST: 15.613

-------------------

/ʒˈɔʁno/ - /ʤˈuː/
ʒ-ʤ / ˈɔ-ˈuː / ʁ-∅ / n-∅ / o-∅
{0: [0], 1: [1], 2: [2], 3: [3], 4: [4]}
{0: [0], 1: [1], 2: None, 3: None, 4: None}
COST: -1.805

-------------------

/ˈi/ - /ˈi/
ˈi_#>-ˈi_#>
{0: [0]}
{0: [0]}
COST: 10.188

-------------------

/ˈila/ - /ˈiːj/
ˈi-ˈiː / l_a-j
{0: [0], 1: [1, 2]}
{0: [0], 1: [1]}
COST: 8.197

-------------------

/ˈomo/ - /ˈɔm/
ˈo-ˈɔ / m-m / o-∅
{0: [0], 1: [1], 2: [2]}
{0: [0], 1: [1], 2: None}
COST: 11.726

-------------------

/ˈoːtʁo/ - /ˈoːt/
ˈoː-ˈoː / t-t / ʁ-∅ / o-∅
{0: [0], 1: [1], 2: [2], 3: [3]}
{0: [0], 1: [1], 2: None, 3: None}
COST: 5.049

-------------------

/ˈoːʁ/ - /ˈoːʀ/
ˈoː-ˈoː / ʁ-ʀ
{0: [0], 1: [1]}
{0: [0], 1: [1]}
COST: 11.887

-------------------

/ˈoːʁs/ - /ˈuːs/
ˈoː-ˈuː / ʁ_s-s
{0: [0], 1: [1, 2]}
{0: [0], 1: [1]}
COST: 11.055

-------------------

/ˈɑːma/ - /ˈɔːm/
ˈɑː-ˈɔː / m-m / a-∅
{0: [0], 1: [1], 2: [2]}
{0: [0], 1: [1], 2: None}
COST: 9.457

-------------------

/ˈɑ̃ðə/ - /ˈɑ̃ʧ/
ˈɑ̃-ˈɑ̃ / ð-ʧ / ə-∅
{0: [0], 1: [1], 2: [2]}
{0: [0], 1: [1], 2: None}
COST: 7.471

-------------------

/ˈɔ̃ɡʎə/ - /ˈɔ̃k/
ˈɔ̃-ˈɔ̃ / ∅-k / ɡ-∅ / ʎ-∅ / ə-∅
{0: [0], 1: None, 2: [1], 3: [2], 4: [3]}
{0: [0], 1: [1], 2: None, 3: None, 4: None}
COST: -8.679
