/bilˈa/ - /vilˈaŋ/
<#_b-<#_v / i-i / l-l / ˈa-ˈa / #>-ŋ_#>
{0: [0], 1: [1], 2: [2], 3: [3], 4: None}
{0: [0], 1: [1], 2: [2], 3: [3], 4: [4]}
SCORE: 21.542

-------------------

/blˈaŋ/ - /ʤˈaŋku/
<#_b-<# / l-ʤ / ˈa-ˈa / ŋ-ŋ_k / #>-u_#>
{0: [0], 1: [1], 2: [2], 3: [3], 4: None}
{0: None, 1: [0], 2: [1], 3: [2, 3], 4: [4]}
SCORE: 11.01

-------------------

/bulˈa/ - /ʒwˈaː/
b-ʒ / u-w / l-∅ / ˈa_#>-ˈaː_#>
{0: [0], 1: [1], 2: [2], 3: [3]}
{0: [0], 1: [1], 2: None, 3: [2]}
SCORE: 10.089

-------------------

/buzˈaltɾəs/ - /vjˈaːtri/
<#_b-<#_v / u-j / z-∅ / ˈa_l-ˈaː / t-t / ɾ_ə-r / s_#>-i_#>
{0: [0], 1: [1], 2: [2], 3: [3, 4], 4: [5], 5: [6, 7], 6: [8]}
{0: [0], 1: [1], 2: None, 3: [2], 4: [3], 5: [4], 6: [5]}
SCORE: 17.649

-------------------

/bənˈi/ - /veɲˈiː/
<#_b-<#_v / ə_n-e / ∅-ɲ / ˈi_#>-ˈiː_#>
{0: [0], 1: [1, 2], 2: None, 3: [3]}
{0: [0], 1: [1], 2: [2], 3: [3]}
SCORE: 14.034

-------------------

/bərɡˈoɲə/ - /verɡˈøɲa/
<#_b-<#_v / ə-e / r-r / ɡ-ɡ / ∅-ˈø / ˈo-∅ / ɲ-ɲ / ə-a
{0: [0], 1: [1], 2: [2], 3: [3], 4: None, 5: [4], 6: [5], 7: [6]}
{0: [0], 1: [1], 2: [2], 3: [3], 4: [4], 5: None, 6: [5], 7: [6]}
SCORE: 23.75

-------------------

/bəðˈeʎ/ - /vitˈelu/
<#_b-<#_v / ∅-i / ə-∅ / ð-t / ˈe-ˈe / ʎ-l / #>-u_#>
{0: [0], 1: None, 2: [1], 3: [2], 4: [3], 5: [4], 6: None}
{0: [0], 1: [1], 2: None, 3: [2], 4: [3], 5: [4], 6: [5]}
SCORE: 9.989

-------------------

/bəˈi/ - /veʒˈiŋ/
<#_b-<#_v / ə-e / ∅-ʒ / ˈi-ˈi / #>-ŋ_#>
{0: [0], 1: [1], 2: None, 3: [2], 4: None}
{0: [0], 1: [1], 2: [2], 3: [3], 4: [4]}
SCORE: 10.475

-------------------

/bˈakə/ - /vˈaka/
<#_b-<#_v / ˈa-ˈa / k-k / ə-a
{0: [0], 1: [1], 2: [2], 3: [3]}
{0: [0], 1: [1], 2: [2], 3: [3]}
SCORE: 23.227

-------------------

/bˈaʃ/ - /bˈasu/
b-b / ˈa-ˈa / ʃ-s / #>-u_#>
{0: [0], 1: [1], 2: [2], 3: None}
{0: [0], 1: [1], 2: [2], 3: [3]}
SCORE: 15.631

-------------------

/bˈe/ - /bˈeŋ/
b-b / ˈe-ˈe / #>-ŋ_#>
{0: [0], 1: [1], 2: None}
{0: [0], 1: [1], 2: [2]}
SCORE: 12.581

-------------------

/bˈen/ - /vˈeŋtu/
<#_b-<#_v / ˈe-ˈe / n-ŋ_t / #>-u_#>
{0: [0], 1: [1], 2: [2], 3: None}
{0: [0], 1: [1], 2: [2, 3], 3: [4]}
SCORE: 15.774

-------------------

/bˈeʎ/ - /bˈɛlu/
b-b / ˈe-ˈɛ / ʎ-l / #>-u_#>
{0: [0], 1: [1], 2: [2], 3: None}
{0: [0], 1: [1], 2: [2], 3: [3]}
SCORE: 18.684

-------------------

/bˈeʎ/ - /vˈeːʤu/
<#_b-<#_v / ˈe-ˈeː / ʎ_#>-ʤ_u_#>
{0: [0], 1: [1], 2: [2]}
{0: [0], 1: [1], 2: [2, 3]}
SCORE: 18.605

-------------------

/bˈeʎə/ - /bˈɛla/
b-b / ˈe-ˈɛ / ʎ-l / ə-a
{0: [0], 1: [1], 2: [2], 3: [3]}
{0: [0], 1: [1], 2: [2], 3: [3]}
SCORE: 22.773

-------------------

/bˈi/ - /vˈiŋ/
<#_b-<#_v / ˈi-ˈi / #>-ŋ_#>
{0: [0], 1: [1], 2: None}
{0: [0], 1: [1], 2: [2]}
SCORE: 13.061

-------------------

/bˈilə/ - /vˈila/
<#_b-<#_v / ˈi-ˈi / l-l / ə-a
{0: [0], 1: [1], 2: [2], 3: [3]}
{0: [0], 1: [1], 2: [2], 3: [3]}
SCORE: 22.216

-------------------

/bˈin/ - /vˈiŋti/
<#_b-<#_v / ˈi-ˈi / n-ŋ_t / #>-i_#>
{0: [0], 1: [1], 2: [2], 3: None}
{0: [0], 1: [1], 2: [2, 3], 3: [4]}
SCORE: 17.216

-------------------

/bˈiðə/ - /vˈita/
<#_b-<#_v / ˈi-ˈi / ð-t / ə-a
{0: [0], 1: [1], 2: [2], 3: [3]}
{0: [0], 1: [1], 2: [2], 3: [3]}
SCORE: 20.128

-------------------

/bˈiə/ - /vˈiːa/
<#_b-<#_v / ˈi-ˈiː / ə-a
{0: [0], 1: [1], 2: [2]}
{0: [0], 1: [1], 2: [2]}
SCORE: 19.32

-------------------

/bˈokə/ - /bˈuka/
b-b / ˈo-ˈu / k-k / ə-a
{0: [0], 1: [1], 2: [2], 3: [3]}
{0: [0], 1: [1], 2: [2], 3: [3]}
SCORE: 24.357

-------------------

/bˈujt/ - /ˈøtu/
<#_b-<# / ˈu-ˈø / j_t-t / #>-u_#>
{0: [0], 1: [1], 2: [2, 3], 3: None}
{0: None, 1: [0], 2: [1], 3: [2]}
SCORE: 9.25

-------------------

/bˈɔ/ - /bˈuŋ/
b-b / ˈɔ-ˈu / #>-ŋ_#>
{0: [0], 1: [1], 2: None}
{0: [0], 1: [1], 2: [2]}
SCORE: 11.842

-------------------

/bˈɔl/ - /ʒˈøːu/
b-ʒ / ˈɔ-ˈøː / l-∅ / #>-u_#>
{0: [0], 1: [1], 2: [2], 3: None}
{0: [0], 1: [1], 2: None, 3: [2]}
SCORE: 5.358

-------------------

/bˈɔns/ - /bˈujŋ/
b-b / ˈɔ-ˈu / ∅-j / n-ŋ / s_#>-#>
{0: [0], 1: [1], 2: None, 3: [2], 4: [3]}
{0: [0], 1: [1], 2: [2], 3: [3], 4: None}
SCORE: 10.852

-------------------

/bˈɔnə/ - /bˈuŋa/
b-b / ˈɔ-ˈu / n_ə-ŋ_a
{0: [0], 1: [1], 2: [2, 3]}
{0: [0], 1: [1], 2: [2, 3]}
SCORE: 23.37

-------------------

/bˈɔnəs/ - /bˈuŋe/
b-b / ˈɔ-ˈu / n-ŋ / ə_s-e
{0: [0], 1: [1], 2: [2], 3: [3, 4]}
{0: [0], 1: [1], 2: [2], 3: [3]}
SCORE: 19.463

-------------------

/bˈɔw/ - /bˈøː/
b-b / ˈɔ-ˈøː / w_#>-#>
{0: [0], 1: [1], 2: [2]}
{0: [0], 1: [1], 2: None}
SCORE: 12.559

-------------------

/bˈɛrm/ - /vˈɛːrme/
<#_b-<#_v / ˈɛ-ˈɛː / r-r / m_#>-m_e_#>
{0: [0], 1: [1], 2: [2], 3: [3]}
{0: [0], 1: [1], 2: [2], 3: [3, 4]}
SCORE: 24.932

-------------------

/bˈɛrt/ - /vˈɛːrde/
<#_b-<#_v / ˈɛ-ˈɛː / r-r / t-d / #>-e_#>
{0: [0], 1: [1], 2: [2], 3: [3], 4: None}
{0: [0], 1: [1], 2: [2], 3: [3], 4: [4]}
SCORE: 17.155

-------------------

/bˈɛw/ - /vˈuːʒe/
<#_b-<#_v / ˈɛ-ˈuː / w-ʒ_e
{0: [0], 1: [1], 2: [2]}
{0: [0], 1: [1], 2: [2, 3]}
SCORE: 15.897

-------------------

/bˈɛwɾə/ - /bˈejve/
b-b / ˈɛ-ˈe / w-j_v / ɾ_ə-e
{0: [0], 1: [1], 2: [2], 3: [3, 4]}
{0: [0], 1: [1], 2: [2, 3], 3: [4]}
SCORE: 18.225

-------------------

/bˈɛwɾə/ - /vˈede/
<#_b-<#_v / ˈɛ-ˈe / w_ɾ-d / ə-e
{0: [0], 1: [1], 2: [2, 3], 3: [4]}
{0: [0], 1: [1], 2: [2], 3: [3]}
SCORE: 16.712

-------------------

/durmˈi/ - /durmˈiː/
d-d / u-u / r-r / m-m / ˈi_#>-ˈiː_#>
{0: [0], 1: [1], 2: [2], 3: [3], 4: [4]}
{0: [0], 1: [1], 2: [2], 3: [3], 4: [4]}
SCORE: 31.368

-------------------

/dɾəɣˈo/ - /draɡˈuŋ/
d-d / ɾ-r / ə-a / ɣ-ɡ / ˈo-ˈu / #>-ŋ_#>
{0: [0], 1: [1], 2: [2], 3: [3], 4: [4], 5: None}
{0: [0], 1: [1], 2: [2], 3: [3], 4: [4], 5: [5]}
SCORE: 26.768

-------------------

/dˈa/ - /dˈaː/
d-d / ˈa_#>-ˈaː_#>
{0: [0], 1: [1]}
{0: [0], 1: [1]}
SCORE: 16.523

-------------------

/dˈen/ - /dˈeŋte/
d-d / ˈe-ˈe / n_#>-ŋ_t_e_#>
{0: [0], 1: [1], 2: [2]}
{0: [0], 1: [1], 2: [2, 3, 4]}
SCORE: 16.706

-------------------

/dˈi/ - /dˈiː/
d-d / ˈi_#>-ˈiː_#>
{0: [0], 1: [1]}
{0: [0], 1: [1]}
SCORE: 17.519

-------------------

/dˈik/ - /dˈiɡu/
d-d / ˈi-ˈi / k_#>-ɡ_u_#>
{0: [0], 1: [1], 2: [2]}
{0: [0], 1: [1], 2: [2, 3]}
SCORE: 21.457

-------------------

/dˈit/ - /dˈiːu/
d-d / ˈi-ˈiː / t-∅ / #>-u_#>
{0: [0], 1: [1], 2: [2], 3: None}
{0: [0], 1: [1], 2: None, 3: [2]}
SCORE: 11.164

-------------------

/dˈo/ - /dˈuŋ/
d-d / ˈo-ˈu / #>-ŋ_#>
{0: [0], 1: [1], 2: None}
{0: [0], 1: [1], 2: [2]}
SCORE: 13.686

-------------------

/dˈodzə/ - /dˈuze/
d-d / ˈo-ˈu / d-∅ / z-z / ə-e
{0: [0], 1: [1], 2: [2], 3: [3], 4: [4]}
{0: [0], 1: [1], 2: None, 3: [2], 4: [3]}
SCORE: 20.017

-------------------

/dˈols/ - /dˈuːse/
d-d / ˈo_l-ˈuː / s-s / #>-e_#>
{0: [0], 1: [1, 2], 2: [3], 3: None}
{0: [0], 1: [1], 2: [2], 3: [3]}
SCORE: 13.419

-------------------

/dˈuəs/ - /dˈuːe/
d-d / ˈu-ˈuː / ə_s-e
{0: [0], 1: [1], 2: [2, 3]}
{0: [0], 1: [1], 2: [2]}
SCORE: 13.78

-------------------

/dˈɔnə/ - /dˈɔna/
d-d / ˈɔ-ˈɔ / n-n / ə-a
{0: [0], 1: [1], 2: [2], 3: [3]}
{0: [0], 1: [1], 2: [2], 3: [3]}
SCORE: 24.515

-------------------

/dˈɛw/ - /dˈeːʒe/
d-d / ˈɛ-ˈeː / w-ʒ_e
{0: [0], 1: [1], 2: [2]}
{0: [0], 1: [1], 2: [2, 3]}
SCORE: 18.04

-------------------

/flˈamə/ - /ʃˈama/
f_l-ʃ / ˈa-ˈa / m-m / ə-a
{0: [0, 1], 1: [2], 2: [3], 3: [4]}
{0: [0], 1: [1], 2: [2], 3: [3]}
SCORE: 19.629

-------------------

/flˈɔ/ - /ʃˈuː/
f_l-ʃ / ˈɔ-ˈuː
{0: [0, 1], 1: [2]}
{0: [0], 1: [1]}
SCORE: 7.074

-------------------

/fəɾˈinə/ - /fˈɛŋa/
f-f / ∅-ˈɛ / ə-∅ / ɾ-∅ / ˈi-∅ / n_ə-ŋ_a
{0: [0], 1: None, 2: [1], 3: [2], 4: [3], 5: [4, 5]}
{0: [0], 1: [1], 2: None, 3: None, 4: None, 5: [2, 3]}
SCORE: 0.495

-------------------

/fɾˈujt/ - /frˈyːtu/
f-f / ɾ-r / ˈu-ˈyː / j_t-t / #>-u_#>
{0: [0], 1: [1], 2: [2], 3: [3, 4], 4: None}
{0: [0], 1: [1], 2: [2], 3: [3], 4: [4]}
SCORE: 22.378

-------------------

/fɾˈɛt/ - /frˈejdu/
f-f / ɾ-r_ˈe / ˈɛ-j / t-d_u
{0: [0], 1: [1], 2: [2], 3: [3]}
{0: [0], 1: [1, 2], 2: [3], 3: [4, 5]}
SCORE: 18.065

-------------------

/fˈals/ - /fˈaːsu/
f-f / ˈa_l-ˈaː / s-s / #>-u_#>
{0: [0], 1: [1, 2], 2: [3], 3: None}
{0: [0], 1: [1], 2: [2], 3: [3]}
SCORE: 18.749

-------------------

/fˈam/ - /fˈame/
f-f / ˈa-ˈa / m_#>-m_e_#>
{0: [0], 1: [1], 2: [2]}
{0: [0], 1: [1], 2: [2, 3]}
SCORE: 22.307

-------------------

/fˈaðə/ - /fwˈɛː/
f-f / ˈa-w_ˈɛː / ð-∅ / ə_#>-#>
{0: [0], 1: [1], 2: [2], 3: [3]}
{0: [0], 1: [1, 2], 2: None, 3: None}
SCORE: 5.519

-------------------

/fˈaʧ/ - /fˈasu/
f-f / ˈa-ˈa / ʧ-∅ / #>-s_u_#>
{0: [0], 1: [1], 2: [2], 3: None}
{0: [0], 1: [1], 2: None, 3: [2, 3]}
SCORE: 7.647

-------------------

/fˈe/ - /fˈaː/
f-f / ˈe-∅ / #>-ˈaː_#>
{0: [0], 1: [1], 2: None}
{0: [0], 1: None, 2: [1]}
SCORE: 6.251

-------------------

/fˈestə/ - /fˈɛsta/
f-f / ˈe-ˈɛ / s-s / t_ə-t_a
{0: [0], 1: [1], 2: [2], 3: [3, 4]}
{0: [0], 1: [1], 2: [2], 3: [3, 4]}
SCORE: 29.485

-------------------

/fˈi/ - /fˈiŋ/
f-f / ˈi-ˈi / #>-ŋ_#>
{0: [0], 1: [1], 2: None}
{0: [0], 1: [1], 2: [2]}
SCORE: 14.462

-------------------

/fˈil/ - /fˈiː/
f-f / ˈi-ˈiː / l_#>-#>
{0: [0], 1: [1], 2: [2]}
{0: [0], 1: [1], 2: None}
SCORE: 13.866

-------------------

/fˈiʎ/ - /fˈiʤu/
f-f / ˈi-ˈi / ʎ_#>-ʤ_u_#>
{0: [0], 1: [1], 2: [2]}
{0: [0], 1: [1], 2: [2, 3]}
SCORE: 21.506

-------------------

/fˈiʎə/ - /fˈiʤa/
f-f / ˈi-ˈi / ʎ_ə-ʤ_a
{0: [0], 1: [1], 2: [2, 3]}
{0: [0], 1: [1], 2: [2, 3]}
SCORE: 24.565

-------------------

/fˈum/ - /fˈyme/
f-f / ˈu-ˈy / m_#>-m_e_#>
{0: [0], 1: [1], 2: [2]}
{0: [0], 1: [1], 2: [2, 3]}
SCORE: 23.235

-------------------

/fˈuʎə/ - /fˈøʤa/
f-f / ˈu-ˈø / ʎ_ə-ʤ_a
{0: [0], 1: [1], 2: [2, 3]}
{0: [0], 1: [1], 2: [2, 3]}
SCORE: 24.659

-------------------

/fˈɔk/ - /fˈøːɡu/
f-f / ˈɔ-ˈøː / k_#>-ɡ_u_#>
{0: [0], 1: [1], 2: [2]}
{0: [0], 1: [1], 2: [2, 3]}
SCORE: 21.665

-------------------

/fˈɔrsə/ - /fˈɔːrsa/
f-f / ˈɔ-ˈɔː / r-r / s-s / ə-a
{0: [0], 1: [1], 2: [2], 3: [3], 4: [4]}
{0: [0], 1: [1], 2: [2], 3: [3], 4: [4]}
SCORE: 29.735

-------------------

/fˈɔrt/ - /fˈɔːrte/
f-f / ˈɔ-ˈɔː / r-r / t_#>-t_e_#>
{0: [0], 1: [1], 2: [2], 3: [3]}
{0: [0], 1: [1], 2: [2], 3: [3, 4]}
SCORE: 23.715

-------------------

/fˈɛmbrə/ - /fˈemina/
f-f / ˈɛ-ˈe / m-m / ∅-i / b-∅ / r-n / ə-a
{0: [0], 1: [1], 2: [2], 3: None, 4: [3], 5: [4], 6: [5]}
{0: [0], 1: [1], 2: [2], 3: [3], 4: None, 5: [4], 6: [5]}
SCORE: 16.429

-------------------

/fˈɛru/ - /fˈɛːru/
f-f / ˈɛ-ˈɛː / r-r / u-u
{0: [0], 1: [1], 2: [2], 3: [3]}
{0: [0], 1: [1], 2: [2], 3: [3]}
SCORE: 23.541

-------------------

/iβˈɛrn/ - /iŋvˈɛːrnu/
i-i / ∅-ŋ / β-v / ˈɛ-ˈɛː / r-r / n-n / #>-u_#>
{0: [0], 1: None, 2: [1], 3: [2], 4: [3], 5: [4], 6: None}
{0: [0], 1: [1], 2: [2], 3: [3], 4: [4], 5: [5], 6: [6]}
SCORE: 24.855

-------------------

/kləmˈa/ - /ʧamˈaː/
k_l-ʧ / ə-a / m-m / ˈa_#>-ˈaː_#>
{0: [0, 1], 1: [2], 2: [3], 3: [4]}
{0: [0], 1: [1], 2: [2], 3: [3]}
SCORE: 20.361

-------------------

/klˈaw/ - /ʧˈaːve/
k_l-ʧ / ˈa-ˈaː / w-v_e
{0: [0, 1], 1: [2], 2: [3]}
{0: [0], 1: [1], 2: [2, 3]}
SCORE: 11.593

-------------------

/kulˈo/ - /kˈuː/
k-k / u-∅ / l-∅ / ˈo-ˈuː
{0: [0], 1: [1], 2: [2], 3: [3]}
{0: [0], 1: None, 2: None, 3: [1]}
SCORE: 5.313

-------------------

/kunˈɛʃə/ - /kunˈuʃe/
k-k / u-u / n-n / ∅-ˈu / ˈɛ-∅ / ʃ_ə-ʃ_e
{0: [0], 1: [1], 2: [2], 3: None, 4: [3], 5: [4, 5]}
{0: [0], 1: [1], 2: [2], 3: [3], 4: None, 5: [4, 5]}
SCORE: 19.353

-------------------

/kwˈatɾə/ - /kwˈatru/
k-k / w-w / ˈa-ˈa / t-t / ɾ_ə-r_u
{0: [0], 1: [1], 2: [2], 3: [3], 4: [4, 5]}
{0: [0], 1: [1], 2: [2], 3: [3], 4: [4, 5]}
SCORE: 32.65

-------------------

/kəmbjˈa/ - /kaŋʤˈaː/
k-k / ə-a / m-ŋ / ∅-ʤ / b-∅ / j-∅ / ˈa_#>-ˈaː_#>
{0: [0], 1: [1], 2: [2], 3: None, 4: [3], 5: [4], 6: [5]}
{0: [0], 1: [1], 2: [2], 3: [3], 4: None, 5: None, 6: [4]}
SCORE: 4.352

-------------------

/kəntˈa/ - /kaŋtˈaː/
k-k / ə-a / n-ŋ / t-t / ˈa_#>-ˈaː_#>
{0: [0], 1: [1], 2: [2], 3: [3], 4: [4]}
{0: [0], 1: [1], 2: [2], 3: [3], 4: [4]}
SCORE: 27.685

-------------------

/kəstˈeʎ/ - /kastˈelu/
k-k / ə-a / s-s / t-t / ˈe-ˈe / ʎ-l / #>-u_#>
{0: [0], 1: [1], 2: [2], 3: [3], 4: [4], 5: [5], 6: None}
{0: [0], 1: [1], 2: [2], 3: [3], 4: [4], 5: [5], 6: [6]}
SCORE: 31.971

-------------------

/kəsˈa/ - /kaʧˈaː/
k-k / ə-a / ∅-ʧ / s-∅ / ˈa_#>-ˈaː_#>
{0: [0], 1: [1], 2: None, 3: [2], 4: [3]}
{0: [0], 1: [1], 2: [2], 3: None, 4: [3]}
SCORE: 9.096

-------------------

/kəðˈɛnə/ - /kadˈeŋa/
k-k / ə-a / ∅-d / ð-∅ / ˈɛ-ˈe / n_ə-ŋ_a
{0: [0], 1: [1], 2: None, 3: [2], 4: [3], 5: [4, 5]}
{0: [0], 1: [1], 2: [2], 3: None, 4: [3], 5: [4, 5]}
SCORE: 17.004

-------------------

/kəβˈaʎ/ - /kavˈalu/
k-k / ə-a / β-v / ˈa-ˈa / ʎ-l / #>-u_#>
{0: [0], 1: [1], 2: [2], 3: [3], 4: [4], 5: None}
{0: [0], 1: [1], 2: [2], 3: [3], 4: [4], 5: [5]}
SCORE: 27.822

-------------------

/kəβˈɛʎ/ - /kavˈelu/
k-k / ə-a / β-v / ˈɛ-ˈe / ʎ-l / #>-u_#>
{0: [0], 1: [1], 2: [2], 3: [3], 4: [4], 5: None}
{0: [0], 1: [1], 2: [2], 3: [3], 4: [4], 5: [5]}
SCORE: 27.742

-------------------

/kɾˈɛw/ - /krˈuːʒe/
k-k / ɾ-r / ˈɛ-ˈuː / w-ʒ_e
{0: [0], 1: [1], 2: [2], 3: [3]}
{0: [0], 1: [1], 2: [2], 3: [3, 4]}
SCORE: 19.874

-------------------

/kɾˈɛwɾə/ - /krˈede/
k-k / ɾ-r / ˈɛ-ˈe / w_ɾ-d / ə-e
{0: [0], 1: [1], 2: [2], 3: [3, 4], 4: [5]}
{0: [0], 1: [1], 2: [2], 3: [3], 4: [4]}
SCORE: 20.688

-------------------

/kˈa/ - /kˈaŋ/
k-k / ˈa-ˈa / #>-ŋ_#>
{0: [0], 1: [1], 2: None}
{0: [0], 1: [1], 2: [2]}
SCORE: 12.061

-------------------

/kˈalt/ - /kˈaːdu/
k-k / ˈa_l-ˈaː / t-d_u
{0: [0], 1: [1, 2], 2: [3]}
{0: [0], 1: [1], 2: [2, 3]}
SCORE: 15.351

-------------------

/kˈambɾə/ - /kˈamja/
k-k / ˈa-ˈa / m-m / b-∅ / ɾ-j / ə-a
{0: [0], 1: [1], 2: [2], 3: [3], 4: [4], 5: [5]}
{0: [0], 1: [1], 2: [2], 3: None, 4: [3], 5: [4]}
SCORE: 21.579

-------------------

/kˈan/ - /kˈaŋtu/
k-k / ˈa-ˈa / n-ŋ_t / #>-u_#>
{0: [0], 1: [1], 2: [2], 3: None}
{0: [0], 1: [1], 2: [2, 3], 3: [4]}
SCORE: 15.679

-------------------

/kˈap/ - /kˈapu/
k-k / ˈa-ˈa / p-p / #>-u_#>
{0: [0], 1: [1], 2: [2], 3: None}
{0: [0], 1: [1], 2: [2], 3: [3]}
SCORE: 19.68

-------------------

/kˈar/ - /kˈaːu/
k-k / ˈa-ˈaː / r-u
{0: [0], 1: [1], 2: [2]}
{0: [0], 1: [1], 2: [2]}
SCORE: 14.216

-------------------

/kˈarn/ - /kˈaːrne/
k-k / ˈa-ˈaː / r-r / n-n / #>-e_#>
{0: [0], 1: [1], 2: [2], 3: [3], 4: None}
{0: [0], 1: [1], 2: [2], 3: [3], 4: [4]}
SCORE: 21.247

-------------------

/kˈazə/ - /kˈaːza/
k-k / ˈa-ˈaː / z-z / ə-a
{0: [0], 1: [1], 2: [2], 3: [3]}
{0: [0], 1: [1], 2: [2], 3: [3]}
SCORE: 24.357

-------------------

/kˈaβɾə/ - /krˈaːva/
k-k / ∅-r / ˈa-ˈaː / β-v / ɾ_ə-a
{0: [0], 1: None, 2: [1], 3: [2], 4: [3, 4]}
{0: [0], 1: [1], 2: [2], 3: [3], 4: [4]}
SCORE: 14.182

-------------------

/kˈi/ - /kˈi/
k-k / ˈi-ˈi
{0: [0], 1: [1]}
{0: [0], 1: [1]}
SCORE: 15.771

-------------------

/kˈul/ - /kˈyː/
k-k / ˈu-ˈyː / l_#>-#>
{0: [0], 1: [1], 2: [2]}
{0: [0], 1: [1], 2: None}
SCORE: 12.893

-------------------

/kˈuə/ - /kˈuːa/
k-k / ˈu-ˈuː / ə-a
{0: [0], 1: [1], 2: [2]}
{0: [0], 1: [1], 2: [2]}
SCORE: 15.142

-------------------

/kˈuɾt/ - /kˈyːrtu/
k-k / ˈu-ˈyː / ɾ-r / t-t / #>-u_#>
{0: [0], 1: [1], 2: [2], 3: [3], 4: None}
{0: [0], 1: [1], 2: [2], 3: [3], 4: [4]}
SCORE: 24.501

-------------------

/kˈuʃə/ - /kˈøʃa/
k-k / ˈu-ˈø / ʃ-ʃ / ə-a
{0: [0], 1: [1], 2: [2], 3: [3]}
{0: [0], 1: [1], 2: [2], 3: [3]}
SCORE: 26.843

-------------------

/kˈɔp/ - /kˈuːrpu/
k-k / ˈɔ-ˈuː / ∅-r / p-p / #>-u_#>
{0: [0], 1: [1], 2: None, 3: [2], 4: None}
{0: [0], 1: [1], 2: [2], 3: [3], 4: [4]}
SCORE: 11.382

-------------------

/kˈɔr/ - /kˈøː/
k-k / ˈɔ-ˈøː / r_#>-#>
{0: [0], 1: [1], 2: [2]}
{0: [0], 1: [1], 2: None}
SCORE: 12.148

-------------------

/kˈɔrn/ - /kˈɔːrnu/
k-k / ˈɔ-ˈɔː / r-r / n-n / #>-u_#>
{0: [0], 1: [1], 2: [2], 3: [3], 4: None}
{0: [0], 1: [1], 2: [2], 3: [3], 4: [4]}
SCORE: 24.596

-------------------

/kˈɔs/ - /kˈɔːrpu/
k-k / ˈɔ-ˈɔː / s-r / #>-p_u_#>
{0: [0], 1: [1], 2: [2], 3: None}
{0: [0], 1: [1], 2: [2], 3: [3, 4]}
SCORE: 10.829

-------------------

/kˈɔstə/ - /kˈɔsta/
k-k / ˈɔ-ˈɔ / s-s / t_ə-t_a
{0: [0], 1: [1], 2: [2], 3: [3, 4]}
{0: [0], 1: [1], 2: [2], 3: [3, 4]}
SCORE: 29.372

-------------------

/kˈɔza/ - /kˈɔːza/
k-k / ˈɔ-ˈɔː / z-z / a-a
{0: [0], 1: [1], 2: [2], 3: [3]}
{0: [0], 1: [1], 2: [2], 3: [3]}
SCORE: 24.732

-------------------

/kˈɔʎ/ - /kˈɔlu/
k-k / ˈɔ-ˈɔ / ʎ-l / #>-u_#>
{0: [0], 1: [1], 2: [2], 3: None}
{0: [0], 1: [1], 2: [2], 3: [3]}
SCORE: 19.547

-------------------

/kˈɛ/ - /kˈe/
k-k / ˈɛ-ˈe
{0: [0], 1: [1]}
{0: [0], 1: [1]}
SCORE: 14.68

-------------------

/miʎˈo/ - /mˈeːʤu/
m-m / i-∅ / ʎ-ˈeː / ˈo-∅ / #>-ʤ_u_#>
{0: [0], 1: [1], 2: [2], 3: [3], 4: None}
{0: [0], 1: None, 2: [1], 3: None, 4: [2, 3]}
SCORE: -0.532

-------------------

/muntˈaɲə/ - /muŋtˈaɲa/
m-m / u-u / n-ŋ / t-t / ˈa-ˈa / ɲ-ɲ / ə-a
{0: [0], 1: [1], 2: [2], 3: [3], 4: [4], 5: [5], 6: [6]}
{0: [0], 1: [1], 2: [2], 3: [3], 4: [4], 5: [5], 6: [6]}
SCORE: 38.127

-------------------

/muɾˈi/ - /mwˈiː/
m-m / u_ɾ-w / ˈi_#>-ˈiː_#>
{0: [0], 1: [1, 2], 2: [3]}
{0: [0], 1: [1], 2: [2]}
SCORE: 19.579

-------------------

/muʎˈe/ - /muʤˈeː/
m-m / u-u / ʎ-ʤ / ˈe-ˈeː
{0: [0], 1: [1], 2: [2], 3: [3]}
{0: [0], 1: [1], 2: [2], 3: [3]}
SCORE: 21.257

-------------------

/mə/ - /mˈi/
m-m / ∅-ˈi / ə_#>-#>
{0: [0], 1: None, 2: [1]}
{0: [0], 1: [1], 2: None}
SCORE: 3.169

-------------------

/məjtˈat/ - /mejtˈɛː/
m-m / ə-e / ∅-j / j_t-t / ˈa_t-ˈɛː
{0: [0], 1: [1], 2: None, 3: [2, 3], 4: [4, 5]}
{0: [0], 1: [1], 2: [2], 3: [3], 4: [4]}
SCORE: 11.875

-------------------

/məðˈu/ - /mˈøju/
m-m / ə-∅ / ð-∅ / ˈu-ˈø / ∅-j / #>-u_#>
{0: [0], 1: [1], 2: [2], 3: [3], 4: None, 5: None}
{0: [0], 1: None, 2: None, 3: [1], 4: [2], 5: [3]}
SCORE: 1.047

-------------------

/məɲʒˈa/ - /maŋʤˈaː/
m-m / ə-a / ∅-ŋ / ɲ-∅ / ʒ-ʤ / ˈa_#>-ˈaː_#>
{0: [0], 1: [1], 2: None, 3: [2], 4: [3], 5: [4]}
{0: [0], 1: [1], 2: [2], 3: None, 4: [3], 5: [4]}
SCORE: 14.731

-------------------

/mˈa/ - /mˈaŋ/
m-m / ˈa-ˈa / #>-ŋ_#>
{0: [0], 1: [1], 2: None}
{0: [0], 1: [1], 2: [2]}
SCORE: 12.837

-------------------

/mˈar/ - /mˈaː/
m-m / ˈa-ˈaː / r_#>-#>
{0: [0], 1: [1], 2: [2]}
{0: [0], 1: [1], 2: None}
SCORE: 12.057

-------------------

/mˈaɾə/ - /mwˈɛː/
m-m / ˈa_ɾ-w_ˈɛː / ə_#>-#>
{0: [0], 1: [1, 2], 2: [3]}
{0: [0], 1: [1, 2], 2: None}
SCORE: 13.962

-------------------

/mˈeʤə/ - /mˈeːɡu/
m-m / ˈe-ˈeː / ʤ-ɡ / ə-u
{0: [0], 1: [1], 2: [2], 3: [3]}
{0: [0], 1: [1], 2: [2], 3: [3]}
SCORE: 16.894

-------------------

/mˈikə/ - /mˈiːɡa/
m-m / ˈi-ˈiː / k-ɡ / ə-a
{0: [0], 1: [1], 2: [2], 3: [3]}
{0: [0], 1: [1], 2: [2], 3: [3]}
SCORE: 22.802

-------------------

/mˈil/ - /mˈile/
m-m / ˈi-ˈi / l-l / #>-e_#>
{0: [0], 1: [1], 2: [2], 3: None}
{0: [0], 1: [1], 2: [2], 3: [3]}
SCORE: 16.579

-------------------

/mˈiʧ/ - /mˈeːzu/
m-m / ˈi-ˈeː / ʧ-z_u
{0: [0], 1: [1], 2: [2]}
{0: [0], 1: [1], 2: [2, 3]}
SCORE: 16.627

-------------------

/mˈoskə/ - /mˈuska/
m-m / ˈo-ˈu / s-s / k-k / ə-a
{0: [0], 1: [1], 2: [2], 3: [3], 4: [4]}
{0: [0], 1: [1], 2: [2], 3: [3], 4: [4]}
SCORE: 29.193

-------------------

/mˈɔrt/ - /mˈɔːrte/
m-m / ˈɔ-ˈɔː / r-r / t_#>-t_e_#>
{0: [0], 1: [1], 2: [2], 3: [3]}
{0: [0], 1: [1], 2: [2], 3: [3, 4]}
SCORE: 23.102

-------------------

/mˈɛl/ - /amˈeː/
<#-<#_a / m-m / ˈɛ-ˈeː / l_#>-#>
{0: None, 1: [0], 2: [1], 3: [2]}
{0: [0], 1: [1], 2: [2], 3: None}
SCORE: 12.353

-------------------

/niŋɡˈu/ - /niʃˈyŋ/
<#_n-<#_n / i-i / ∅-ʃ / ŋ-∅ / ɡ-∅ / ˈu-ˈy_ŋ
{0: [0], 1: [1], 2: None, 3: [2], 4: [3], 5: [4]}
{0: [0], 1: [1], 2: [2], 3: None, 4: None, 5: [3, 4]}
SCORE: 5.253

-------------------

/nuzˈaltɾəs/ - /njˈaːtri/
<#_n-<#_n / u-j / z-∅ / ˈa_l-ˈaː / t-t / ɾ_ə-r / s_#>-i_#>
{0: [0], 1: [1], 2: [2], 3: [3, 4], 4: [5], 5: [6, 7], 6: [8]}
{0: [0], 1: [1], 2: None, 3: [2], 4: [3], 5: [4], 6: [5]}
SCORE: 18.38

-------------------

/nəðˈa/ - /nɥˈaː/
<#_n-<#_n / ə_ð-ɥ / ˈa_#>-ˈaː_#>
{0: [0], 1: [1, 2], 2: [3]}
{0: [0], 1: [1], 2: [2]}
SCORE: 23.903

-------------------

/nˈas/ - /nˈaːzu/
<#_n-<#_n / ˈa-ˈaː / ∅-z / s-∅ / #>-u_#>
{0: [0], 1: [1], 2: None, 3: [2], 4: None}
{0: [0], 1: [1], 2: [2], 3: None, 4: [3]}
SCORE: 4.768

-------------------

/nˈew/ - /nˈejve/
<#_n-<#_n / ˈe-ˈe / w-j_v / #>-e_#>
{0: [0], 1: [1], 2: [2], 3: None}
{0: [0], 1: [1], 2: [2, 3], 3: [4]}
SCORE: 15.585

-------------------

/nˈeʃə/ - /nˈaʃe/
<#_n-<#_n / ∅-ˈa / ˈe-∅ / ʃ_ə-ʃ_e
{0: [0], 1: None, 2: [1], 3: [2, 3]}
{0: [0], 1: [1], 2: None, 3: [2, 3]}
SCORE: 11.892

-------------------

/nˈit/ - /nˈøte/
<#_n-<#_n / ∅-ˈø / ˈi-∅ / t_#>-t_e_#>
{0: [0], 1: None, 2: [1], 3: [2]}
{0: [0], 1: [1], 2: None, 3: [2, 3]}
SCORE: 2.942

-------------------

/nˈo/ - /nu/
<#_n-<#_n / ˈo-∅ / #>-u_#>
{0: [0], 1: [1], 2: None}
{0: [0], 1: None, 2: [1]}
SCORE: 5.4

-------------------

/nˈuβul/ - /nˈyːvja/
<#_n-<#_n / ˈu-ˈyː / β-v / u-j / l-a
{0: [0], 1: [1], 2: [2], 3: [3], 4: [4]}
{0: [0], 1: [1], 2: [2], 3: [3], 4: [4]}
SCORE: 22.641

-------------------

/nˈɔm/ - /nˈume/
<#_n-<#_n / ˈɔ-ˈu / m_#>-m_e_#>
{0: [0], 1: [1], 2: [2]}
{0: [0], 1: [1], 2: [2, 3]}
SCORE: 21.004

-------------------

/nˈɔstɾə/ - /nˈɔstru/
<#_n-<#_n / ˈɔ-ˈɔ / s-s / t-t / ɾ_ə-r_u
{0: [0], 1: [1], 2: [2], 3: [3], 4: [4, 5]}
{0: [0], 1: [1], 2: [2], 3: [3], 4: [4, 5]}
SCORE: 33.644

-------------------

/nˈɔw/ - /nˈuːʒe/
<#_n-<#_n / ˈɔ-ˈuː / w-ʒ_e
{0: [0], 1: [1], 2: [2]}
{0: [0], 1: [1], 2: [2, 3]}
SCORE: 14.659

-------------------

/nˈɔw/ - /nˈøːve/
<#_n-<#_n / ˈɔ-ˈøː / w-v_e
{0: [0], 1: [1], 2: [2]}
{0: [0], 1: [1], 2: [2, 3]}
SCORE: 17.676

-------------------

/nˈɔw/ - /nˈøːvu/
<#_n-<#_n / ˈɔ-ˈøː / w-v / #>-u_#>
{0: [0], 1: [1], 2: [2], 3: None}
{0: [0], 1: [1], 2: [2], 3: [3]}
SCORE: 15.931

-------------------

/nˈɛɣɾə/ - /nˈejɡru/
<#_n-<#_n / ˈɛ-ˈe_j / ɣ-ɡ / ɾ_ə-r_u
{0: [0], 1: [1], 2: [2], 3: [3, 4]}
{0: [0], 1: [1, 2], 2: [3], 3: [4, 5]}
SCORE: 25.434

-------------------

/plˈaɣə/ - /ʧˈaːɡa/
p_l-ʧ / ˈa-ˈaː / ɣ-ɡ / ə-a
{0: [0, 1], 1: [2], 2: [3], 3: [4]}
{0: [0], 1: [1], 2: [2], 3: [3]}
SCORE: 23.794

-------------------

/plˈaɲə/ - /ʧˈaŋze/
p_l-ʧ / ˈa-ˈa_ŋ / ∅-z / ɲ-∅ / ə-e
{0: [0, 1], 1: [2], 2: None, 3: [3], 4: [4]}
{0: [0], 1: [1, 2], 2: [3], 3: None, 4: [4]}
SCORE: 2.741

-------------------

/plˈomə/ - /ʧˈyma/
p_l-ʧ / ˈo-ˈy / m-m / ə-a
{0: [0, 1], 1: [2], 2: [3], 3: [4]}
{0: [0], 1: [1], 2: [2], 3: [3]}
SCORE: 23.907

-------------------

/puðˈɛ/ - /pwˈej/
p-p / u-w / ð-∅ / ˈɛ-ˈe / #>-j_#>
{0: [0], 1: [1], 2: [2], 3: [3], 4: None}
{0: [0], 1: [1], 2: None, 3: [2], 4: [3]}
SCORE: 12.754

-------------------

/pəlˈaw/ - /palˈasjo/
p-p / ə-a / l-l / ˈa-ˈa / ∅-s / ∅-j / w-o
{0: [0], 1: [1], 2: [2], 3: [3], 4: None, 5: None, 6: [4]}
{0: [0], 1: [1], 2: [2], 3: [3], 4: [4], 5: [5], 6: [6]}
SCORE: 15.545

-------------------

/pəɾˈawlə/ - /pˈɔwla/
p-p / ∅-ˈɔ / ə-∅ / ɾ-∅ / ˈa-∅ / w-w / l-l / ə-a
{0: [0], 1: None, 2: [1], 3: [2], 4: [3], 5: [4], 6: [5], 7: [6]}
{0: [0], 1: [1], 2: None, 3: None, 4: None, 5: [2], 6: [3], 7: [4]}
SCORE: 1.989

-------------------

/pɾˈesək/ - /pˈɛːrseɡu/
p-p / ∅-ˈɛː / ɾ-r / ˈe-∅ / s-s / ə-e / k_#>-ɡ_u_#>
{0: [0], 1: None, 2: [1], 3: [2], 4: [3], 5: [4], 6: [5]}
{0: [0], 1: [1], 2: [2], 3: None, 4: [3], 5: [4], 6: [5, 6]}
SCORE: 16.423

-------------------

/pɾˈɛw/ - /prˈeːʒu/
p-p / ɾ-r / ˈɛ-ˈeː / w-ʒ / #>-u_#>
{0: [0], 1: [1], 2: [2], 3: [3], 4: None}
{0: [0], 1: [1], 2: [2], 3: [3], 4: [4]}
SCORE: 19.628

-------------------

/pˈa/ - /pˈaŋ/
p-p / ˈa-ˈa / #>-ŋ_#>
{0: [0], 1: [1], 2: None}
{0: [0], 1: [1], 2: [2]}
SCORE: 12.591

-------------------

/pˈaw/ - /pˈaːʒe/
p-p / ˈa-ˈaː / w-ʒ_e
{0: [0], 1: [1], 2: [2]}
{0: [0], 1: [1], 2: [2, 3]}
SCORE: 17.654

-------------------

/pˈaɾə/ - /pwˈɛː/
p-p / ˈa_ɾ-w_ˈɛː / ə_#>-#>
{0: [0], 1: [1, 2], 2: [3]}
{0: [0], 1: [1, 2], 2: None}
SCORE: 13.715

-------------------

/pˈeðɾə/ - /prˈiːa/
p-p / ˈe-∅ / ð-∅ / ɾ-r_ˈiː / ə-a
{0: [0], 1: [1], 2: [2], 3: [3], 4: [4]}
{0: [0], 1: None, 2: None, 3: [1, 2], 4: [3]}
SCORE: 4.668

-------------------

/pˈeʃ/ - /pˈeʃu/
p-p / ˈe-ˈe / ʃ-ʃ / #>-u_#>
{0: [0], 1: [1], 2: [2], 3: None}
{0: [0], 1: [1], 2: [2], 3: [3]}
SCORE: 22.285

-------------------

/pˈeʎ/ - /pˈele/
p-p / ˈe-ˈe / ʎ-l / #>-e_#>
{0: [0], 1: [1], 2: [2], 3: None}
{0: [0], 1: [1], 2: [2], 3: [3]}
SCORE: 17.32

-------------------

/pˈit/ - /pˈeːtu/
p-p / ˈi-ˈeː / t-t / #>-u_#>
{0: [0], 1: [1], 2: [2], 3: None}
{0: [0], 1: [1], 2: [2], 3: [3]}
SCORE: 16.166

-------------------

/pˈow/ - /pˈusu/
p-p / ˈo-ˈu / w-∅ / #>-s_u_#>
{0: [0], 1: [1], 2: [2], 3: None}
{0: [0], 1: [1], 2: None, 3: [2, 3]}
SCORE: 7.492

-------------------

/pˈun/ - /pˈuŋtu/
p-p / ˈu-ˈu / n-ŋ_t / #>-u_#>
{0: [0], 1: [1], 2: [2], 3: None}
{0: [0], 1: [1], 2: [2, 3], 3: [4]}
SCORE: 15.084

-------------------

/pˈuɲ/ - /pˈyɲu/
p-p / ˈu-ˈy / ɲ-ɲ / #>-u_#>
{0: [0], 1: [1], 2: [2], 3: None}
{0: [0], 1: [1], 2: [2], 3: [3]}
SCORE: 22.764

-------------------

/pˈuʧ/ - /pˈøːzu/
p-p / ∅-ˈøː / ˈu-∅ / ʧ-z_u
{0: [0], 1: None, 2: [1], 3: [2]}
{0: [0], 1: [1], 2: None, 3: [2, 3]}
SCORE: 5.303

-------------------

/pˈɔk/ - /pˈɔːku/
p-p / ˈɔ-ˈɔː / k-k / #>-u_#>
{0: [0], 1: [1], 2: [2], 3: None}
{0: [0], 1: [1], 2: [2], 3: [3]}
SCORE: 20.579

-------------------

/pˈɔn/ - /pˈuŋte/
p-p / ˈɔ-ˈu / n_#>-ŋ_t_e_#>
{0: [0], 1: [1], 2: [2]}
{0: [0], 1: [1], 2: [2, 3, 4]}
SCORE: 15.575

-------------------

/pˈɔndɾə/ - /pˈuŋe/
p-p / ˈɔ-ˈu / n-ŋ / d-∅ / ɾ_ə-e
{0: [0], 1: [1], 2: [2], 3: [3], 4: [4, 5]}
{0: [0], 1: [1], 2: [2], 3: None, 4: [3]}
SCORE: 13.57

-------------------

/pˈɔns/ - /pˈuŋi/
p-p / ˈɔ-ˈu / n-ŋ / s_#>-i_#>
{0: [0], 1: [1], 2: [2], 3: [3]}
{0: [0], 1: [1], 2: [2], 3: [3]}
SCORE: 20.034

-------------------

/pˈɔrk/ - /pˈɔːrku/
p-p / ˈɔ-ˈɔː / r_k-r_k / #>-u_#>
{0: [0], 1: [1], 2: [2, 3], 3: None}
{0: [0], 1: [1], 2: [2, 3], 3: [4]}
SCORE: 26.134

-------------------

/pˈɔrkə/ - /pˈɔːrka/
p-p / ˈɔ-ˈɔː / r_k-r_k / ə-a
{0: [0], 1: [1], 2: [2, 3], 3: [4]}
{0: [0], 1: [1], 2: [2, 3], 3: [4]}
SCORE: 30.224

-------------------

/pˈɔβɾə/ - /pˈɔːvju/
p-p / ˈɔ-ˈɔː / β-v / ɾ-j / ə-u
{0: [0], 1: [1], 2: [2], 3: [3], 4: [4]}
{0: [0], 1: [1], 2: [2], 3: [3], 4: [4]}
SCORE: 24.438

-------------------

/pˈɛl/ - /pˈej/
p-p / ˈɛ-ˈe / l-j
{0: [0], 1: [1], 2: [2]}
{0: [0], 1: [1], 2: [2]}
SCORE: 16.324

-------------------

/pˈɛnə/ - /pˈeŋa/
p-p / ˈɛ-ˈe / n_ə-ŋ_a
{0: [0], 1: [1], 2: [2, 3]}
{0: [0], 1: [1], 2: [2, 3]}
SCORE: 24.039

-------------------

/pˈɛw/ - /pˈeː/
p-p / ˈɛ-ˈeː / w_#>-#>
{0: [0], 1: [1], 2: [2]}
{0: [0], 1: [1], 2: None}
SCORE: 11.804

-------------------

/pˈɛɲə/ - /pˈeːna/
p-p / ˈɛ-ˈeː / ɲ-n / ə-a
{0: [0], 1: [1], 2: [2], 3: [3]}
{0: [0], 1: [1], 2: [2], 3: [3]}
SCORE: 22.622

-------------------

/rumˈa/ - /rumˈaŋ/
<#_r-<#_r / u-u / m-m / ˈa-ˈa / #>-ŋ_#>
{0: [0], 1: [1], 2: [2], 3: [3], 4: None}
{0: [0], 1: [1], 2: [2], 3: [3], 4: [4]}
SCORE: 23.433

-------------------

/ruðˈo/ - /rjˈuŋdu/
<#_r-<#_r / u-j / ð-∅ / ˈo-ˈu / ∅-ŋ / ∅-d / #>-u_#>
{0: [0], 1: [1], 2: [2], 3: [3], 4: None, 5: None, 6: None}
{0: [0], 1: [1], 2: None, 3: [2], 4: [3], 5: [4], 6: [5]}
SCORE: 2.979

-------------------

/rəˈo/ - /raʒˈuŋ/
<#_r-<#_r / ə-a / ∅-ʒ / ˈo-ˈu / #>-ŋ_#>
{0: [0], 1: [1], 2: None, 3: [2], 4: None}
{0: [0], 1: [1], 2: [2], 3: [3], 4: [4]}
SCORE: 13.502

-------------------

/rˈej/ - /rˈɛ/
<#_r-<#_r / ˈe_j-ˈɛ
{0: [0], 1: [1, 2]}
{0: [0], 1: [1]}
SCORE: 15.961

-------------------

/rˈejnə/ - /rˈɛŋa/
<#_r-<#_r / ˈe_j-ˈɛ / n_ə-ŋ_a
{0: [0], 1: [1, 2], 2: [3, 4]}
{0: [0], 1: [1], 2: [2, 3]}
SCORE: 24.791

-------------------

/rˈɔðə/ - /rˈøːa/
<#_r-<#_r / ˈɔ-ˈøː / ð_ə-a
{0: [0], 1: [1], 2: [2, 3]}
{0: [0], 1: [1], 2: [2]}
SCORE: 17.555

-------------------

/rˈɔʧ/ - /rˈusːu/
<#_r-<#_r / ˈɔ-ˈu / ʧ-sː / #>-u_#>
{0: [0], 1: [1], 2: [2], 3: None}
{0: [0], 1: [1], 2: [2], 3: [3]}
SCORE: 22.039

-------------------

/siwtˈat/ - /sitˈɛː/
s-s / i-i / w-∅ / t-t / ˈa_t-ˈɛː
{0: [0], 1: [1], 2: [2], 3: [3], 4: [4, 5]}
{0: [0], 1: [1], 2: None, 3: [2], 4: [3]}
SCORE: 18.212

-------------------

/siŋkwˈantə/ - /siŋkwˈaŋta/
s-s / i-i / ŋ-ŋ / k-k / w-w / ˈa-ˈa / n-ŋ / t_ə-t_a
{0: [0], 1: [1], 2: [2], 3: [3], 4: [4], 5: [5], 6: [6], 7: [7, 8]}
{0: [0], 1: [1], 2: [2], 3: [3], 4: [4], 5: [5], 6: [6], 7: [7, 8]}
SCORE: 48.754

-------------------

/siɾˈeɾə/ - /sˈeːʒa/
s-s / i-∅ / ɾ-∅ / ˈe-ˈeː / ∅-ʒ / ɾ_ə-a
{0: [0], 1: [1], 2: [2], 3: [3], 4: None, 5: [4, 5]}
{0: [0], 1: None, 2: None, 3: [1], 4: [2], 5: [3]}
SCORE: -2.012

-------------------

/sufɾˈi/ - /sufrˈiː/
s-s / u-u / f-f / ɾ-r / ˈi_#>-ˈiː_#>
{0: [0], 1: [1], 2: [2], 3: [3], 4: [4]}
{0: [0], 1: [1], 2: [2], 3: [3], 4: [4]}
SCORE: 29.79

-------------------

/səlˈut/ - /salˈyːte/
s-s / ə-a / l-l / ˈu-ˈyː / t_#>-t_e_#>
{0: [0], 1: [1], 2: [2], 3: [3], 4: [4]}
{0: [0], 1: [1], 2: [2], 3: [3], 4: [4, 5]}
SCORE: 24.146

-------------------

/səmːˈanə/ - /setemˈaŋa/
s-s / ə-e / ∅-t / mː-e_m / ˈa-ˈa / n_ə-ŋ_a
{0: [0], 1: [1], 2: None, 3: [2], 4: [3], 5: [4, 5]}
{0: [0], 1: [1], 2: [2], 3: [3, 4], 4: [5], 5: [6, 7]}
SCORE: 26.425

-------------------

/sərkˈa/ - /serkˈaː/
s-s / ə-e / r_k-r_k / ˈa_#>-ˈaː_#>
{0: [0], 1: [1], 2: [2, 3], 3: [4]}
{0: [0], 1: [1], 2: [2, 3], 3: [4]}
SCORE: 28.044

-------------------

/səɣˈu/ - /seɡˈyːu/
s-s / ə-e / ɣ-ɡ / ˈu-ˈyː / #>-u_#>
{0: [0], 1: [1], 2: [2], 3: [3], 4: None}
{0: [0], 1: [1], 2: [2], 3: [3], 4: [4]}
SCORE: 23.185

-------------------

/səβˈɛ/ - /savˈej/
s-s / ə-a / β-v / ˈɛ-ˈe / #>-j_#>
{0: [0], 1: [1], 2: [2], 3: [3], 4: None}
{0: [0], 1: [1], 2: [2], 3: [3], 4: [4]}
SCORE: 21.469

-------------------

/sˈa/ - /sˈaŋ/
s-s / ˈa-ˈa / #>-ŋ_#>
{0: [0], 1: [1], 2: None}
{0: [0], 1: [1], 2: [2]}
SCORE: 11.548

-------------------

/sˈal/ - /sˈaː/
s-s / ˈa_l-ˈaː
{0: [0], 1: [1, 2]}
{0: [0], 1: [1]}
SCORE: 12.969

-------------------

/sˈalsə/ - /sˈaːrsa/
s-s / ˈa_l-ˈaː_r / s-s / ə-a
{0: [0], 1: [1, 2], 2: [3], 3: [4]}
{0: [0], 1: [1, 2], 2: [3], 3: [4]}
SCORE: 23.524

-------------------

/sˈan/ - /sˈaŋtu/
s-s / ˈa-ˈa / n-ŋ_t / #>-u_#>
{0: [0], 1: [1], 2: [2], 3: None}
{0: [0], 1: [1], 2: [2, 3], 3: [4]}
SCORE: 15.166

-------------------

/sˈanə/ - /sˈaŋa/
s-s / ˈa-ˈa / n_ə-ŋ_a
{0: [0], 1: [1], 2: [2, 3]}
{0: [0], 1: [1], 2: [2, 3]}
SCORE: 23.076

-------------------

/sˈapiɣə/ - /sˈaʧe/
s-s / ˈa-ˈa / p-ʧ / i-∅ / ɣ-∅ / ə-e
{0: [0], 1: [1], 2: [2], 3: [3], 4: [4], 5: [5]}
{0: [0], 1: [1], 2: [2], 3: None, 4: None, 5: [3]}
SCORE: 10.203

-------------------

/sˈaŋ/ - /sˈaŋɡwe/
s-s / ˈa-ˈa / ŋ-ŋ_ɡ / #>-w_e_#>
{0: [0], 1: [1], 2: [2], 3: None}
{0: [0], 1: [1], 2: [2, 3], 3: [4, 5]}
SCORE: 17.689

-------------------

/sˈaβi/ - /sˈaːvju/
s-s / ˈa-ˈaː / β-v / ∅-j / i-∅ / #>-u_#>
{0: [0], 1: [1], 2: [2], 3: None, 4: [3], 5: None}
{0: [0], 1: [1], 2: [2], 3: [3], 4: None, 5: [4]}
SCORE: 8.845

-------------------

/sˈen/ - /sˈeŋtu/
s-s / ˈe-ˈe / n-ŋ_t / #>-u_#>
{0: [0], 1: [1], 2: [2], 3: None}
{0: [0], 1: [1], 2: [2, 3], 3: [4]}
SCORE: 15.273

-------------------

/sˈeɾə/ - /sˈeja/
s-s / ˈe-ˈe / ɾ-j / ə-a
{0: [0], 1: [1], 2: [2], 3: [3]}
{0: [0], 1: [1], 2: [2], 3: [3]}
SCORE: 20.411

-------------------

/sˈimə/ - /sˈima/
s-s / ˈi-ˈi / m-m / ə-a
{0: [0], 1: [1], 2: [2], 3: [3]}
{0: [0], 1: [1], 2: [2], 3: [3]}
SCORE: 24.515

-------------------

/sˈis/ - /sˈeːj/
s-s / ˈi-ˈeː / s-∅ / #>-j_#>
{0: [0], 1: [1], 2: [2], 3: None}
{0: [0], 1: [1], 2: None, 3: [2]}
SCORE: 4.341

-------------------

/sˈiŋ/ - /sˈiŋkwe/
s-s / ˈi-ˈi / ŋ-ŋ_k / #>-w_e_#>
{0: [0], 1: [1], 2: [2], 3: None}
{0: [0], 1: [1], 2: [2, 3], 3: [4, 5]}
SCORE: 16.177

-------------------

/sˈoβɾə/ - /sˈuːrvja/
s-s / ˈo-ˈuː / ∅-r / β-v / ɾ-j / ə-a
{0: [0], 1: [1], 2: None, 3: [2], 4: [3], 5: [4]}
{0: [0], 1: [1], 2: [2], 3: [3], 4: [4], 5: [5]}
SCORE: 21.165

-------------------

/sˈɔl/ - /sˈuː/
s-s / ˈɔ-ˈuː / l_#>-#>
{0: [0], 1: [1], 2: [2]}
{0: [0], 1: [1], 2: None}
SCORE: 7.587

-------------------

/sˈɛk/ - /sˈeku/
s-s / ˈɛ-ˈe / k-k / #>-u_#>
{0: [0], 1: [1], 2: [2], 3: None}
{0: [0], 1: [1], 2: [2], 3: [3]}
SCORE: 18.558

-------------------

/sˈɛkə/ - /sˈeka/
s-s / ˈɛ-ˈe / k-k / ə-a
{0: [0], 1: [1], 2: [2], 3: [3]}
{0: [0], 1: [1], 2: [2], 3: [3]}
SCORE: 22.647

-------------------

/sˈɛl/ - /sˈeː/
s-s / ˈɛ-ˈeː / l_#>-#>
{0: [0], 1: [1], 2: [2]}
{0: [0], 1: [1], 2: None}
SCORE: 10.765

-------------------

/sˈɛndɾə/ - /sˈenje/
s-s / ˈɛ-ˈe / n-n / d_ɾ-j / ə-e
{0: [0], 1: [1], 2: [2], 3: [3, 4], 4: [5]}
{0: [0], 1: [1], 2: [2], 3: [3], 4: [4]}
SCORE: 22.713

-------------------

/sˈɛt/ - /sˈɛte/
s-s / ∅-ˈɛ / ˈɛ-∅ / t_#>-t_e_#>
{0: [0], 1: None, 2: [1], 3: [2]}
{0: [0], 1: [1], 2: None, 3: [2, 3]}
SCORE: 1.711

-------------------

/sˈɛðə/ - /sˈɛːa/
s-s / ˈɛ-ˈɛː / ð_ə-a
{0: [0], 1: [1], 2: [2, 3]}
{0: [0], 1: [1], 2: [2]}
SCORE: 13.353

-------------------

/tusˈi/ - /tuʃˈiː/
<#_t-<#_t / u-u / ∅-ʃ / s-∅ / ˈi_#>-ˈiː_#>
{0: [0], 1: [1], 2: None, 3: [2], 4: [3]}
{0: [0], 1: [1], 2: [2], 3: None, 4: [3]}
SCORE: 11.271

-------------------

/tɾˈɛs/ - /trˈej/
<#_t-<#_t / ɾ-r_ˈe / ˈɛ-j / s_#>-#>
{0: [0], 1: [1], 2: [2], 3: [3]}
{0: [0], 1: [1, 2], 2: [3], 3: None}
SCORE: 13.715

-------------------

/tˈems/ - /tˈeŋpu/
<#_t-<#_t / ˈe-ˈe / m-ŋ / s-∅ / #>-p_u_#>
{0: [0], 1: [1], 2: [2], 3: [3], 4: None}
{0: [0], 1: [1], 2: [2], 3: None, 4: [3, 4]}
SCORE: 7.222

-------------------

/tˈestə/ - /tˈesta/
<#_t-<#_t / ˈe-ˈe / s-s / t_ə-t_a
{0: [0], 1: [1], 2: [2], 3: [3, 4]}
{0: [0], 1: [1], 2: [2], 3: [3, 4]}
SCORE: 30.259

-------------------

/tˈot/ - /tˈytu/
<#_t-<#_t / ˈo_t-ˈy_t / #>-u_#>
{0: [0], 1: [1, 2], 2: None}
{0: [0], 1: [1, 2], 2: [3]}
SCORE: 21.875

-------------------

/tˈots/ - /tˈyti/
<#_t-<#_t / ˈo_t-ˈy_t / s_#>-i_#>
{0: [0], 1: [1, 2], 2: [3]}
{0: [0], 1: [1, 2], 2: [3]}
SCORE: 24.135

-------------------

/tˈu/ - /tˈi/
<#_t-<#_t / ∅-ˈi / ˈu-∅
{0: [0], 1: None, 2: [1]}
{0: [0], 1: [1], 2: None}
SCORE: 1.584

-------------------

/tˈɔr/ - /tˈɔːu/
<#_t-<#_t / ˈɔ-ˈɔː / r-u
{0: [0], 1: [1], 2: [2]}
{0: [0], 1: [1], 2: [2]}
SCORE: 16.537

-------------------

/tˈɛrə/ - /tˈɛːra/
<#_t-<#_t / ˈɛ-ˈɛː / r-r / ə-a
{0: [0], 1: [1], 2: [2], 3: [3]}
{0: [0], 1: [1], 2: [2], 3: [3]}
SCORE: 23.587

-------------------

/ulˈo/ - /ɔːdˈuː/
u-ɔː / ∅-d / l-∅ / ˈo-ˈuː
{0: [0], 1: None, 2: [1], 3: [2]}
{0: [0], 1: [1], 2: None, 3: [2]}
SCORE: 2.455

-------------------

/usˈeʎ/ - /ɔːʒˈelu/
u-ɔː / ∅-ʒ / s_ˈe-ˈe / ʎ-l / #>-u_#>
{0: [0], 1: None, 2: [1, 2], 3: [3], 4: None}
{0: [0], 1: [1], 2: [2], 3: [3], 4: [4]}
SCORE: 6.922

-------------------

/uɾˈɛʎə/ - /wˈeːʤa/
u_ɾ-w / ˈɛ-ˈeː / ʎ_ə-ʤ_a
{0: [0, 1], 1: [2], 2: [3, 4]}
{0: [0], 1: [1], 2: [2, 3]}
SCORE: 19.263

-------------------

/ənˈeʎ/ - /anˈelu/
<#_ə-<#_a / n-n / ˈe-ˈe / ʎ-l / #>-u_#>
{0: [0], 1: [1], 2: [2], 3: [3], 4: None}
{0: [0], 1: [1], 2: [2], 3: [3], 4: [4]}
SCORE: 24.725

-------------------

/əskɾˈiwɾə/ - /skrˈiːve/
<#_ə-<# / s-s / k-k / ɾ-r / ˈi-ˈiː / w-v / ɾ_ə-e
{0: [0], 1: [1], 2: [2], 3: [3], 4: [4], 5: [5], 6: [6, 7]}
{0: None, 1: [0], 2: [1], 3: [2], 4: [3], 5: [4], 6: [5]}
SCORE: 22.374

-------------------

/əskˈɔrsə/ - /skˈɔːrsa/
<#_ə-<# / s-s / k-k / ˈɔ-ˈɔː / r-r / s-s / ə-a
{0: [0], 1: [1], 2: [2], 3: [3], 4: [4], 5: [5], 6: [6]}
{0: None, 1: [0], 2: [1], 3: [2], 4: [3], 5: [4], 6: [5]}
SCORE: 30.42

-------------------

/əspˈazə/ - /spˈaː/
<#_ə-<# / s-s / p-p / ˈa-ˈaː / z-∅ / ə_#>-#>
{0: [0], 1: [1], 2: [2], 3: [3], 4: [4], 5: [5]}
{0: None, 1: [0], 2: [1], 3: [2], 4: None, 5: None}
SCORE: 9.364

-------------------

/əspˈaɲə/ - /spˈaɲa/
<#_ə-<# / s-s / p-p / ˈa-ˈa / ɲ-ɲ / ə-a
{0: [0], 1: [1], 2: [2], 3: [3], 4: [4], 5: [5]}
{0: None, 1: [0], 2: [1], 3: [2], 4: [3], 5: [4]}
SCORE: 27.998

-------------------

/əspˈinə/ - /spˈiŋa/
<#_ə-<# / s-s / p-p / ˈi-ˈi / n_ə-ŋ_a
{0: [0], 1: [1], 2: [2], 3: [3], 4: [4, 5]}
{0: None, 1: [0], 2: [1], 3: [2], 4: [3, 4]}
SCORE: 27.204

-------------------

/əspˈiɣə/ - /spˈiːɡa/
<#_ə-<# / s-s / p-p / ˈi-ˈiː / ɣ-ɡ / ə-a
{0: [0], 1: [1], 2: [2], 3: [3], 4: [4], 5: [5]}
{0: None, 1: [0], 2: [1], 3: [2], 4: [3], 5: [4]}
SCORE: 27.561

-------------------

/əstɾˈeʎə/ - /stˈela/
<#_ə-<# / s-s / t-t / ɾ-∅ / ˈe-ˈe / ʎ-l / ə-a
{0: [0], 1: [1], 2: [2], 3: [3], 4: [4], 5: [5], 6: [6]}
{0: None, 1: [0], 2: [1], 3: None, 4: [2], 5: [3], 6: [4]}
SCORE: 20.18

-------------------

/əstˈiw/ - /estˈɛː/
ə-e / s-s / t-t / ∅-ˈɛː / ˈi-∅ / w_#>-#>
{0: [0], 1: [1], 2: [2], 3: None, 4: [3], 5: [4]}
{0: [0], 1: [1], 2: [2], 3: [3], 4: None, 5: None}
SCORE: 3.69

-------------------

/əɣˈuʎə/ - /aɡˈuʤa/
<#_ə-<#_a / ɣ-ɡ / ˈu-ˈu / ʎ_ə-ʤ_a
{0: [0], 1: [1], 2: [2], 3: [3, 4]}
{0: [0], 1: [1], 2: [2], 3: [3, 4]}
SCORE: 27.45

-------------------

/əɾˈaɲə/ - /ˈaːɲu/
<#_ə-<# / ɾ-∅ / ˈa-ˈaː / ɲ-ɲ / ə-u
{0: [0], 1: [1], 2: [2], 3: [3], 4: [4]}
{0: None, 1: None, 2: [0], 3: [1], 4: [2]}
SCORE: 9.779

-------------------

/əʒuðˈa/ - /aʤutˈaː/
<#_ə-<#_a / ʒ-ʤ / u-u / ð-t / ˈa_#>-ˈaː_#>
{0: [0], 1: [1], 2: [2], 3: [3], 4: [4]}
{0: [0], 1: [1], 2: [2], 3: [3], 4: [4]}
SCORE: 25.487

-------------------

/əʒˈuðu/ - /aʤˈutu/
<#_ə-<#_a / ʒ-ʤ / ˈu-ˈu / ð-t / u-u
{0: [0], 1: [1], 2: [2], 3: [3], 4: [4]}
{0: [0], 1: [1], 2: [2], 3: [3], 4: [4]}
SCORE: 23.519

-------------------

/əβˈɛʎə/ - /ˈaːvja/
<#_ə-<# / ∅-ˈaː / β-v / ˈɛ-j / ʎ_ə-a
{0: [0], 1: None, 2: [1], 3: [2], 4: [3, 4]}
{0: None, 1: [0], 2: [1], 3: [2], 4: [3]}
SCORE: 7.169

-------------------

/ɡlˈas/ - /ʤˈasa/
ɡ_l-ʤ / ˈa-ˈa / s-s_a
{0: [0, 1], 1: [2], 2: [3]}
{0: [0], 1: [1], 2: [2, 3]}
SCORE: 11.545

-------------------

/ɡrˈas/ - /ɡrˈasu/
<#_ɡ-<#_ɡ / r-r / ˈa-ˈa / s-s / #>-u_#>
{0: [0], 1: [1], 2: [2], 3: [3], 4: None}
{0: [0], 1: [1], 2: [2], 3: [3], 4: [4]}
SCORE: 25.194

-------------------

/ɡwˈaʎːə/ - /kwˈaːʤa/
<#_ɡ-<# / ∅-k / w-w / ˈa-ˈaː / ʎː-ʤ / ə-a
{0: [0], 1: None, 2: [1], 3: [2], 4: [3], 5: [4]}
{0: None, 1: [0], 2: [1], 3: [2], 4: [3], 5: [4]}
SCORE: 13.465

-------------------

/ɡɾˈa/ - /ɡrˈaŋ/
<#_ɡ-<#_ɡ / ɾ-r / ˈa-ˈa / #>-ŋ_#>
{0: [0], 1: [1], 2: [2], 3: None}
{0: [0], 1: [1], 2: [2], 3: [3]}
SCORE: 17.86

-------------------

/ɡɾˈan/ - /ɡrˈaŋde/
<#_ɡ-<#_ɡ / ɾ-r / ˈa-ˈa / n-ŋ / ∅-d / #>-e_#>
{0: [0], 1: [1], 2: [2], 3: [3], 4: None, 5: None}
{0: [0], 1: [1], 2: [2], 3: [3], 4: [4], 5: [5]}
SCORE: 16.34

-------------------

/ɡɾˈeʃ/ - /ɡrˈaʃa/
<#_ɡ-<#_ɡ / ɾ-r_ˈa / ˈe-∅ / ʃ-ʃ / ∅-a
{0: [0], 1: [1], 2: [2], 3: [3], 4: None}
{0: [0], 1: [1, 2], 2: None, 3: [3], 4: [4]}
SCORE: 9.904

-------------------

/ɡɾˈɔs/ - /ɡrˈɔsu/
<#_ɡ-<#_ɡ / ɾ-r / ˈɔ-ˈɔ / s-s / #>-u_#>
{0: [0], 1: [1], 2: [2], 3: [3], 4: None}
{0: [0], 1: [1], 2: [2], 3: [3], 4: [4]}
SCORE: 24.964

-------------------

/ɡˈat/ - /ɡˈatu/
<#_ɡ-<#_ɡ / ˈa-ˈa / t-t / #>-u_#>
{0: [0], 1: [1], 2: [2], 3: None}
{0: [0], 1: [1], 2: [2], 3: [3]}
SCORE: 20.877

-------------------

/ɡˈolə/ - /ɡˈuːa/
<#_ɡ-<#_ɡ / ˈo-ˈuː / l_ə-a
{0: [0], 1: [1], 2: [2, 3]}
{0: [0], 1: [1], 2: [2]}
SCORE: 16.98

-------------------

/ɡˈotə/ - /ɡˈusa/
<#_ɡ-<#_ɡ / ˈo-ˈu / ∅-s / t_ə-a
{0: [0], 1: [1], 2: None, 3: [2, 3]}
{0: [0], 1: [1], 2: [2], 3: [3]}
SCORE: 14.149

-------------------

/ʎəʒˈi/ - /lˈeːze/
<#_ʎ-<#_l / ə-ˈeː / ʒ-z / ∅-e / ˈi_#>-#>
{0: [0], 1: [1], 2: [2], 3: None, 4: [3]}
{0: [0], 1: [1], 2: [2], 3: [3], 4: None}
SCORE: 9.0

-------------------

/ʎəˈo/ - /ljˈuŋ/
<#_ʎ-<#_l / ə-j / ˈo-ˈu / #>-ŋ_#>
{0: [0], 1: [1], 2: [2], 3: None}
{0: [0], 1: [1], 2: [2], 3: [3]}
SCORE: 13.029

-------------------

/ʎəβˈa/ - /levˈaː/
<#_ʎ-<#_l / ə-e / β-v / ˈa_#>-ˈaː_#>
{0: [0], 1: [1], 2: [2], 3: [3]}
{0: [0], 1: [1], 2: [2], 3: [3]}
SCORE: 23.327

-------------------

/ʎˈak/ - /lˈaːɡu/
<#_ʎ-<#_l / ˈa-ˈaː / k_#>-ɡ_u_#>
{0: [0], 1: [1], 2: [2]}
{0: [0], 1: [1], 2: [2, 3]}
SCORE: 19.413

-------------------

/ʎˈanə/ - /lˈaŋa/
<#_ʎ-<#_l / ˈa-ˈa / n_ə-ŋ_a
{0: [0], 1: [1], 2: [2, 3]}
{0: [0], 1: [1], 2: [2, 3]}
SCORE: 23.592

-------------------

/ʎˈaɣɾimə/ - /lˈaɡrima/
<#_ʎ-<#_l / ˈa-ˈa / ɣ-ɡ / ɾ-r / i-i / m-m / ə-a
{0: [0], 1: [1], 2: [2], 3: [3], 4: [4], 5: [5], 6: [6]}
{0: [0], 1: [1], 2: [2], 3: [3], 4: [4], 5: [5], 6: [6]}
SCORE: 40.138

-------------------

/ʎˈej/ - /lˈeze/
<#_ʎ-<#_l / ˈe-ˈe / ∅-z / j-∅ / #>-e_#>
{0: [0], 1: [1], 2: None, 3: [2], 4: None}
{0: [0], 1: [1], 2: [2], 3: None, 4: [3]}
SCORE: 1.938

-------------------

/ʎˈet/ - /lˈɛːte/
<#_ʎ-<#_l / ∅-ˈɛː / ˈe-∅ / t_#>-t_e_#>
{0: [0], 1: None, 2: [1], 3: [2]}
{0: [0], 1: [1], 2: None, 3: [2, 3]}
SCORE: 2.227

-------------------

/ʎˈetɾə/ - /lˈetja/
<#_ʎ-<#_l / ˈe-ˈe / t-t / ɾ-j / ə-a
{0: [0], 1: [1], 2: [2], 3: [3], 4: [4]}
{0: [0], 1: [1], 2: [2], 3: [3], 4: [4]}
SCORE: 25.804

-------------------

/ʎˈeɲə/ - /lˈeɲu/
<#_ʎ-<#_l / ˈe-ˈe / ɲ-ɲ / ə-u
{0: [0], 1: [1], 2: [2], 3: [3]}
{0: [0], 1: [1], 2: [2], 3: [3]}
SCORE: 22.39

-------------------

/ʎˈeβɾə/ - /lˈeːvre/
<#_ʎ-<#_l / ˈe-ˈeː / β-v / ɾ-r / ə-e
{0: [0], 1: [1], 2: [2], 3: [3], 4: [4]}
{0: [0], 1: [1], 2: [2], 3: [3], 4: [4]}
SCORE: 25.961

-------------------

/ʎˈit/ - /lˈetu/
<#_ʎ-<#_l / ∅-ˈe / ˈi-∅ / t-t / #>-u_#>
{0: [0], 1: None, 2: [1], 3: [2], 4: None}
{0: [0], 1: [1], 2: None, 3: [2], 4: [3]}
SCORE: 4.562

-------------------

/ʎˈiwɾə/ - /lˈiberu/
<#_ʎ-<#_l / ˈi-ˈi / ∅-b / w-e / ɾ_ə-r_u
{0: [0], 1: [1], 2: None, 3: [2], 4: [3, 4]}
{0: [0], 1: [1], 2: [2], 3: [3], 4: [4, 5]}
SCORE: 21.785

-------------------

/ʎˈop/ - /lˈuː/
<#_ʎ-<#_l / ˈo-ˈuː / p_#>-#>
{0: [0], 1: [1], 2: [2]}
{0: [0], 1: [1], 2: None}
SCORE: 11.954

-------------------

/ʎˈoŋ/ - /lˈuŋɡu/
<#_ʎ-<#_l / ˈo-ˈu / ŋ-ŋ_ɡ / #>-u_#>
{0: [0], 1: [1], 2: [2], 3: None}
{0: [0], 1: [1], 2: [2, 3], 3: [4]}
SCORE: 21.084

-------------------

/ʎˈujtə/ - /lˈɔta/
<#_ʎ-<#_l / ∅-ˈɔ / ˈu-∅ / j_t-t / ə-a
{0: [0], 1: None, 2: [1], 3: [2, 3], 4: [4]}
{0: [0], 1: [1], 2: None, 3: [2], 4: [3]}
SCORE: 5.14

-------------------

/ʎˈum/ - /lˈyːʒe/
<#_ʎ-<#_l / ˈu-ˈyː / ∅-ʒ / m-e
{0: [0], 1: [1], 2: None, 3: [2]}
{0: [0], 1: [1], 2: [2], 3: [3]}
SCORE: 10.469

-------------------

/ʎˈunə/ - /lˈyŋa/
<#_ʎ-<#_l / ˈu-ˈy / n_ə-ŋ_a
{0: [0], 1: [1], 2: [2, 3]}
{0: [0], 1: [1], 2: [2, 3]}
SCORE: 24.52

-------------------

/ʎˈɔk/ - /lˈøːɡu/
<#_ʎ-<#_l / ˈɔ-ˈøː / k_#>-ɡ_u_#>
{0: [0], 1: [1], 2: [2]}
{0: [0], 1: [1], 2: [2, 3]}
SCORE: 20.279

-------------------

/ʎˈɛŋɡwə/ - /lˈeŋɡwa/
<#_ʎ-<#_l / ˈɛ-ˈe / ŋ-ŋ / ɡ-ɡ / w-w / ə-a
{0: [0], 1: [1], 2: [2], 3: [3], 4: [4], 5: [5]}
{0: [0], 1: [1], 2: [2], 3: [3], 4: [4], 5: [5]}
SCORE: 33.56

-------------------

/ʒəlˈa/ - /zjˈaː/
ʒ-z / ə_l-j / ˈa_#>-ˈaː_#>
{0: [0], 1: [1, 2], 2: [3]}
{0: [0], 1: [1], 2: [2]}
SCORE: 18.172

-------------------

/ʒənˈiβə/ - /zenzˈiːa/
ʒ-z / ə_n-e_n / ∅-z / ˈi-ˈiː / β-∅ / ə-a
{0: [0], 1: [1, 2], 2: None, 3: [3], 4: [4], 5: [5]}
{0: [0], 1: [1, 2], 2: [3], 3: [4], 4: None, 5: [5]}
SCORE: 21.188

-------------------

/ʒənˈoʎ/ - /zenˈuʤu/
ʒ-z / ə_n-e_n / ˈo-ˈu / ʎ_#>-ʤ_u_#>
{0: [0], 1: [1, 2], 2: [3], 3: [4]}
{0: [0], 1: [1, 2], 2: [3], 3: [4, 5]}
SCORE: 31.663

-------------------

/ʒərmˈa/ - /frˈɛː/
<#_ʒ-<# / ∅-f / ə_r-r / m-∅ / ˈa-ˈɛː
{0: [0], 1: None, 2: [1, 2], 3: [3], 4: [4]}
{0: None, 1: [0], 2: [1], 3: None, 4: [2]}
SCORE: -5.145

-------------------

/ʒˈuɲ/ - /zˈyɲu/
ʒ-z / ˈu-ˈy / ɲ-ɲ / #>-u_#>
{0: [0], 1: [1], 2: [2], 3: None}
{0: [0], 1: [1], 2: [2], 3: [3]}
SCORE: 23.191

-------------------

/ʒˈuʤə/ - /ʤˈydise/
ʒ-ʤ / ˈu-ˈy / ∅-d / ∅-i / ʤ-∅ / ə-s_e
{0: [0], 1: [1], 2: None, 3: None, 4: [2], 5: [3]}
{0: [0], 1: [1], 2: [2], 3: [3], 4: None, 5: [4, 5]}
SCORE: 1.264

-------------------

/ʒˈɔk/ - /zˈøːɡu/
ʒ-z / ˈɔ-ˈøː / k_#>-ɡ_u_#>
{0: [0], 1: [1], 2: [2]}
{0: [0], 1: [1], 2: [2, 3]}
SCORE: 21.233

-------------------

/ʒˈɛl/ - /zˈeːu/
ʒ-z / ˈɛ_l-ˈeː / #>-u_#>
{0: [0], 1: [1, 2], 2: None}
{0: [0], 1: [1], 2: [2]}
SCORE: 11.271

-------------------

/ʒˈɛndɾə/ - /zˈenju/
ʒ-z / ˈɛ-ˈe / n-n / d_ɾ-j / ə-u
{0: [0], 1: [1], 2: [2], 3: [3, 4], 4: [5]}
{0: [0], 1: [1], 2: [2], 3: [3], 4: [4]}
SCORE: 22.148

-------------------

/ˈajɣwə/ - /ˈɛːɡwa/
<#_ˈa-<#_ˈɛː / j-∅ / ɣ-ɡ / w-w / ə-a
{0: [0], 1: [1], 2: [2], 3: [3], 4: [4]}
{0: [0], 1: None, 2: [1], 3: [2], 4: [3]}
SCORE: 17.957

-------------------

/ˈaltɾə/ - /ˈaːtru/
ˈa_l-ˈaː / t-t / ɾ_ə-r_u
{0: [0, 1], 1: [2], 2: [3, 4]}
{0: [0], 1: [1], 2: [2, 3]}
SCORE: 21.662

-------------------

/ˈalβə/ - /ˈaːrba/
ˈa_l-ˈaː_r / β-b / ə-a
{0: [0, 1], 1: [2], 2: [3]}
{0: [0, 1], 1: [2], 2: [3]}
SCORE: 15.656

-------------------

/ˈaɲ/ - /ˈanu/
<#_ˈa-<#_ˈa / ɲ-n / #>-u_#>
{0: [0], 1: [1], 2: None}
{0: [0], 1: [1], 2: [2]}
SCORE: 15.97

-------------------

/ˈaɲʒəl/ - /ˈanʤju/
<#_ˈa-<#_ˈa / ɲ-n / ʒ-ʤ / ə_l-j / #>-u_#>
{0: [0], 1: [1], 2: [2], 3: [3, 4], 4: None}
{0: [0], 1: [1], 2: [2], 3: [3], 4: [4]}
SCORE: 22.442

-------------------

/ˈaʎ/ - /ˈaʤu/
<#_ˈa-<#_ˈa / ʎ_#>-ʤ_u_#>
{0: [0], 1: [1]}
{0: [0], 1: [1, 2]}
SCORE: 16.953

-------------------

/ˈaβɾə/ - /ˈɛːrbu/
<#_ˈa-<#_ˈɛː / β-r_b / ɾ_ə-u
{0: [0], 1: [1], 2: [2, 3]}
{0: [0], 1: [1, 2], 2: [3]}
SCORE: 10.771

-------------------

/ˈeʎ/ - /lˈeː/
<#-<#_l / ˈe-ˈeː / ʎ_#>-#>
{0: None, 1: [0], 2: [1]}
{0: [0], 1: [1], 2: None}
SCORE: 7.305

-------------------

/ˈeʎə/ - /lˈeː/
ˈe-∅ / ʎ-l / ə-ˈeː
{0: [0], 1: [1], 2: [2]}
{0: None, 1: [0], 2: [1]}
SCORE: 5.323

-------------------

/ˈiʎə/ - /ˈiswa/
ˈi-ˈi / ∅-s / ∅-w / ʎ_ə-a
{0: [0], 1: None, 2: None, 3: [1, 2]}
{0: [0], 1: [1], 2: [2], 3: [3]}
SCORE: 2.497

-------------------

/ˈos/ - /ˈuːrsu/
ˈo-ˈuː / s-r_s / #>-u_#>
{0: [0], 1: [1], 2: None}
{0: [0], 1: [1, 2], 2: [3]}
SCORE: 11.384

-------------------

/ˈu/ - /ˈyŋ/
ˈu-ˈy_ŋ
{0: [0]}
{0: [0, 1]}
SCORE: 8.019

-------------------

/ˈuŋɡlə/ - /ˈuŋʤa/
ˈu-ˈu / ŋ-ŋ / ɡ_l-ʤ / ə-a
{0: [0], 1: [1], 2: [2, 3], 3: [4]}
{0: [0], 1: [1], 2: [2], 3: [3]}
SCORE: 18.617

-------------------

/ˈuʎ/ - /ˈøʤu/
ˈu-ˈø / ʎ_#>-ʤ_u_#>
{0: [0], 1: [1]}
{0: [0], 1: [1, 2]}
SCORE: 15.225

-------------------

/ˈuʎs/ - /ˈøʤi/
ˈu-ˈø / ʎ-ʤ / s_#>-i_#>
{0: [0], 1: [1], 2: [2]}
{0: [0], 1: [1], 2: [2]}
SCORE: 15.386

-------------------

/ˈɔkə/ - /ˈɔːka/
ˈɔ-ˈɔː / k-k / ə-a
{0: [0], 1: [1], 2: [2]}
{0: [0], 1: [1], 2: [2]}
SCORE: 19.152

-------------------

/ˈɔmə/ - /ˈɔmu/
ˈɔ-ˈɔ / m-m / ə-u
{0: [0], 1: [1], 2: [2]}
{0: [0], 1: [1], 2: [2]}
SCORE: 16.442

-------------------

/ˈɔr/ - /ˈɔːu/
ˈɔ-ˈɔː / r-u
{0: [0], 1: [1]}
{0: [0], 1: [1]}
SCORE: 10.243

-------------------

/ˈɔs/ - /ˈɔsu/
ˈɔ-ˈɔ / s-s / #>-u_#>
{0: [0], 1: [1], 2: None}
{0: [0], 1: [1], 2: [2]}
SCORE: 14.179

-------------------

/ˈɔw/ - /ˈøːvu/
ˈɔ-ˈøː / w-v / #>-u_#>
{0: [0], 1: [1], 2: None}
{0: [0], 1: [1], 2: [2]}
SCORE: 10.227

-------------------

/ˈɔβɾə/ - /ˈøːvja/
ˈɔ-ˈøː / β-v / ɾ-j / ə-a
{0: [0], 1: [1], 2: [2], 3: [3]}
{0: [0], 1: [1], 2: [2], 3: [3]}
SCORE: 21.891
