/anˈɛl/ - /anˈɛlːu/
a-a / n-n / ˈɛ-ˈɛ / l_#>-lː_u_#>
{0: [0], 1: [1], 2: [2], 3: [3]}
{0: [0], 1: [1], 2: [2], 3: [3, 4]}
SCORE: 22.346

-------------------

/aɲˈɛl/ - /aɲˈɛlːu/
a-a / ɲ-ɲ / ˈɛ-ˈɛ / l_#>-lː_u_#>
{0: [0], 1: [1], 2: [2], 3: [3]}
{0: [0], 1: [1], 2: [2], 3: [3, 4]}
SCORE: 25.758

-------------------

/bjˈaŋk/ - /bjˈaŋku/
b-b / j-j / ˈa-ˈa / ŋ-ŋ / k-k / #>-u_#>
{0: [0], 1: [1], 2: [2], 3: [3], 4: [4], 5: None}
{0: [0], 1: [1], 2: [2], 3: [3], 4: [4], 5: [5]}
SCORE: 31.213

-------------------

/bonˈiɡol/ - /bˈilːiku/
b-b / o-∅ / n-∅ / ˈi-ˈi / ∅-lː / ɡ-i_k / o_l-u
{0: [0], 1: [1], 2: [2], 3: [3], 4: None, 5: [4], 6: [5, 6]}
{0: [0], 1: None, 2: None, 3: [1], 4: [2], 5: [3, 4], 6: [5]}
SCORE: 7.029

-------------------

/bruzˈar/ - /bruʒˈa/
b-b / r-r / u-u / z-ʒ / ˈa-ˈa / r_#>-#>
{0: [0], 1: [1], 2: [2], 3: [3], 4: [4], 5: [5]}
{0: [0], 1: [1], 2: [2], 3: [3], 4: [4], 5: None}
SCORE: 24.58

-------------------

/bˈas/ - /bˈasːu/
b-b / ˈa-ˈa / s_#>-sː_u_#>
{0: [0], 1: [1], 2: [2]}
{0: [0], 1: [1], 2: [2, 3]}
SCORE: 21.517

-------------------

/bˈever/ - /bˈɛje/
b-b / ˈe-ˈɛ / ∅-j / v-∅ / e_r-e
{0: [0], 1: [1], 2: None, 3: [2], 4: [3, 4]}
{0: [0], 1: [1], 2: [2], 3: None, 4: [3]}
SCORE: 7.785

-------------------

/bˈeŋ/ - /bˈɛ/
b-b / ˈe-ˈɛ / ŋ_#>-#>
{0: [0], 1: [1], 2: [2]}
{0: [0], 1: [1], 2: None}
SCORE: 14.317

-------------------

/bˈoka/ - /bˈɔkːa/
b-b / ˈo-ˈɔ / k-kː / a-a
{0: [0], 1: [1], 2: [2], 3: [3]}
{0: [0], 1: [1], 2: [2], 3: [3]}
SCORE: 26.24

-------------------

/bˈona/ - /bˈɔna/
b-b / ˈo-ˈɔ / n-n / a-a
{0: [0], 1: [1], 2: [2], 3: [3]}
{0: [0], 1: [1], 2: [2], 3: [3]}
SCORE: 25.52

-------------------

/bˈone/ - /bˈɔne/
b-b / ˈo-ˈɔ / n-n / e-e
{0: [0], 1: [1], 2: [2], 3: [3]}
{0: [0], 1: [1], 2: [2], 3: [3]}
SCORE: 24.852

-------------------

/bˈoni/ - /bˈɔni/
b-b / ˈo-ˈɔ / n-n / i-i
{0: [0], 1: [1], 2: [2], 3: [3]}
{0: [0], 1: [1], 2: [2], 3: [3]}
SCORE: 27.536

-------------------

/bˈoŋ/ - /bˈɔnu/
b-b / ˈo-ˈɔ / ŋ_#>-n_u_#>
{0: [0], 1: [1], 2: [2]}
{0: [0], 1: [1], 2: [2, 3]}
SCORE: 20.66

-------------------

/bˈɔ/ - /bˈɔje/
b-b / ˈɔ-ˈɔ / ∅-j / #>-e_#>
{0: [0], 1: [1], 2: None, 3: None}
{0: [0], 1: [1], 2: [2], 3: [3]}
SCORE: 11.281

-------------------

/bˈɛl/ - /bˈɛlːu/
b-b / ˈɛ-ˈɛ / l_#>-lː_u_#>
{0: [0], 1: [1], 2: [2]}
{0: [0], 1: [1], 2: [2, 3]}
SCORE: 20.326

-------------------

/bˈɛla/ - /bˈɛlːa/
b-b / ˈɛ-ˈɛ / l-lː / a-a
{0: [0], 1: [1], 2: [2], 3: [3]}
{0: [0], 1: [1], 2: [2], 3: [3]}
SCORE: 25.08

-------------------

/djˈeze/ - /dˈeʧe/
d-d / j_ˈe-ˈe / z-ʧ / e-e
{0: [0], 1: [1, 2], 2: [3], 3: [4]}
{0: [0], 1: [1], 2: [2], 3: [3]}
SCORE: 21.131

-------------------

/dormˈir/ - /dˈɔrme/
d-d / o_r-ˈɔ_r / m-m / ˈi_r-e
{0: [0], 1: [1, 2], 2: [3], 3: [4, 5]}
{0: [0], 1: [1, 2], 2: [3], 3: [4]}
SCORE: 23.401

-------------------

/draɡˈoŋ/ - /drakˈɔne/
d-d / r_a-r_a / ɡ-k / ˈo-ˈɔ / ŋ-n / #>-e_#>
{0: [0], 1: [1, 2], 2: [3], 3: [4], 4: [5], 5: None}
{0: [0], 1: [1, 2], 2: [3], 3: [4], 4: [5], 5: [6]}
SCORE: 31.688

-------------------

/dˈar/ - /dˈa/
d-d / ˈa-ˈa / r_#>-#>
{0: [0], 1: [1], 2: [2]}
{0: [0], 1: [1], 2: None}
SCORE: 12.072

-------------------

/dˈeo/ - /dˈitu/
d-d / ∅-ˈi / ∅-t / ˈe-∅ / o-u
{0: [0], 1: None, 2: None, 3: [1], 4: [2]}
{0: [0], 1: [1], 2: [2], 3: None, 4: [3]}
SCORE: -0.43

-------------------

/dˈeŋt/ - /dˈɛnte/
d-d / ˈe-ˈɛ / ŋ-n / t_#>-t_e_#>
{0: [0], 1: [1], 2: [2], 3: [3]}
{0: [0], 1: [1], 2: [2], 3: [3, 4]}
SCORE: 24.775

-------------------

/dˈi/ - /dˈi/
d-d / ˈi-ˈi
{0: [0], 1: [1]}
{0: [0], 1: [1]}
SCORE: 16.919

-------------------

/dˈio/ - /dˈiu/
d-d / ˈi-ˈi / o-u
{0: [0], 1: [1], 2: [2]}
{0: [0], 1: [1], 2: [2]}
SCORE: 20.48

-------------------

/dˈir/ - /dˈi/
d-d / ˈi-ˈi / r_#>-#>
{0: [0], 1: [1], 2: [2]}
{0: [0], 1: [1], 2: None}
SCORE: 13.493

-------------------

/dˈodeze/ - /dˈɔdeʧi/
d-d / ˈo-ˈɔ / d-d / e-e / z-ʧ / e-i
{0: [0], 1: [1], 2: [2], 3: [3], 4: [4], 5: [5]}
{0: [0], 1: [1], 2: [2], 3: [3], 4: [4], 5: [5]}
SCORE: 32.447

-------------------

/dˈolθ/ - /dˈɔlku/
d-d / ˈo-ˈɔ / l-l / ∅-k / θ-∅ / #>-u_#>
{0: [0], 1: [1], 2: [2], 3: None, 4: [3], 5: None}
{0: [0], 1: [1], 2: [2], 3: [3], 4: None, 5: [4]}
SCORE: 9.495

-------------------

/farˈina/ - /farˈina/
f-f / a-a / r-r / ˈi-ˈi / n-n / a-a
{0: [0], 1: [1], 2: [2], 3: [3], 4: [4], 5: [5]}
{0: [0], 1: [1], 2: [2], 3: [3], 4: [4], 5: [5]}
SCORE: 34.459

-------------------

/fjˈama/ - /fjˈamːa/
f-f / j-j / ˈa-ˈa / m-mː / a-a
{0: [0], 1: [1], 2: [2], 3: [3], 4: [4]}
{0: [0], 1: [1], 2: [2], 3: [3], 4: [4]}
SCORE: 32.346

-------------------

/fjˈor/ - /fjˈɔre/
f-f / j-j / ˈo-ˈɔ / r-r / #>-e_#>
{0: [0], 1: [1], 2: [2], 3: [3], 4: None}
{0: [0], 1: [1], 2: [2], 3: [3], 4: [4]}
SCORE: 25.737

-------------------

/frˈet/ - /frˈɛdːu/
f-f / r-r / ˈe-ˈɛ / t-dː / #>-u_#>
{0: [0], 1: [1], 2: [2], 3: [3], 4: None}
{0: [0], 1: [1], 2: [2], 3: [3], 4: [4]}
SCORE: 23.982

-------------------

/frˈuto/ - /frˈutːu/
f-f / r-r / ˈu-ˈu / t-tː / o-u
{0: [0], 1: [1], 2: [2], 3: [3], 4: [4]}
{0: [0], 1: [1], 2: [2], 3: [3], 4: [4]}
SCORE: 31.294

-------------------

/fˈar/ - /fˈa/
f-f / ˈa-ˈa / r_#>-#>
{0: [0], 1: [1], 2: [2]}
{0: [0], 1: [1], 2: None}
SCORE: 12.852

-------------------

/fˈemena/ - /fˈɛmina/
f-f / ˈe-ˈɛ / m-m / e-i / n-n / a-a
{0: [0], 1: [1], 2: [2], 3: [3], 4: [4], 5: [5]}
{0: [0], 1: [1], 2: [2], 3: [3], 4: [4], 5: [5]}
SCORE: 35.215

-------------------

/fˈia/ - /fˈiʎa/
f-f / ˈi-ˈi / ∅-ʎ / a-a
{0: [0], 1: [1], 2: None, 3: [2]}
{0: [0], 1: [1], 2: [2], 3: [3]}
SCORE: 16.894

-------------------

/fˈil/ - /fˈilu/
f-f / ˈi-ˈi / l-l / #>-u_#>
{0: [0], 1: [1], 2: [2], 3: None}
{0: [0], 1: [1], 2: [2], 3: [3]}
SCORE: 21.473

-------------------

/fˈiŋ/ - /fˈine/
f-f / ˈi-ˈi / ŋ-n / #>-e_#>
{0: [0], 1: [1], 2: [2], 3: None}
{0: [0], 1: [1], 2: [2], 3: [3]}
SCORE: 20.937

-------------------

/fˈiŋ/ - /fˈinu/
f-f / ˈi-ˈi / ŋ_#>-n_u_#>
{0: [0], 1: [1], 2: [2]}
{0: [0], 1: [1], 2: [2, 3]}
SCORE: 21.519

-------------------

/fˈoja/ - /fˈɔʎa/
f-f / ˈo-ˈɔ / j-ʎ / a-a
{0: [0], 1: [1], 2: [2], 3: [3]}
{0: [0], 1: [1], 2: [2], 3: [3]}
SCORE: 26.357

-------------------

/fˈoɡo/ - /fˈɔku/
f-f / ˈo-ˈɔ / ɡ-k / o-u
{0: [0], 1: [1], 2: [2], 3: [3]}
{0: [0], 1: [1], 2: [2], 3: [3]}
SCORE: 24.016

-------------------

/fˈuŋ/ - /fˈume/
f-f / ˈu-ˈu / ŋ-m / #>-e_#>
{0: [0], 1: [1], 2: [2], 3: None}
{0: [0], 1: [1], 2: [2], 3: [3]}
SCORE: 20.603

-------------------

/fˈɔrt/ - /fˈɔrte/
f-f / ˈɔ-ˈɔ / r-r / t_#>-t_e_#>
{0: [0], 1: [1], 2: [2], 3: [3]}
{0: [0], 1: [1], 2: [2], 3: [3, 4]}
SCORE: 25.767

-------------------

/fˈɔrθa/ - /fˈɔrʦa/
f-f / ˈɔ-ˈɔ / r-r / θ-ʦ / a-a
{0: [0], 1: [1], 2: [2], 3: [3], 4: [4]}
{0: [0], 1: [1], 2: [2], 3: [3], 4: [4]}
SCORE: 30.734

-------------------

/fˈɛr/ - /fˈɛrːu/
f-f / ˈɛ-ˈɛ / r-rː / #>-u_#>
{0: [0], 1: [1], 2: [2], 3: None}
{0: [0], 1: [1], 2: [2], 3: [3]}
SCORE: 18.319

-------------------

/fˈɛsta/ - /fˈesta/
f-f / ˈɛ-ˈe / s-s / t-t / a-a
{0: [0], 1: [1], 2: [2], 3: [3], 4: [4]}
{0: [0], 1: [1], 2: [2], 3: [3], 4: [4]}
SCORE: 30.718

-------------------

/istˈa/ - /estˈate/
∅-e / i-∅ / s-s / t-t / ˈa-ˈa / #>-t_e_#>
{0: None, 1: [0], 2: [1], 3: [2], 4: [3], 5: None}
{0: [0], 1: None, 2: [1], 3: [2], 4: [3], 5: [4, 5]}
SCORE: 7.866

-------------------

/iŋvˈɛrn/ - /imvˈɛrnu/
i-i / ŋ-m / v-v / ˈɛ-ˈɛ / r-r / n-n / #>-u_#>
{0: [0], 1: [1], 2: [2], 3: [3], 4: [4], 5: [5], 6: None}
{0: [0], 1: [1], 2: [2], 3: [3], 4: [4], 5: [5], 6: [6]}
SCORE: 30.382

-------------------

/jaθˈar/ - /ɟalˈa/
<#_j-<#_ɟ / a-a / θ-∅ / ˈa-l / r-ˈa
{0: [0], 1: [1], 2: [2], 3: [3], 4: [4]}
{0: [0], 1: [1], 2: None, 3: [2], 4: [3]}
SCORE: 6.988

-------------------

/jutˈar/ - /ajutˈa/
<#-<#_a / j-j / u-u / t-t / ˈa-ˈa / r_#>-#>
{0: None, 1: [0], 2: [1], 3: [2], 4: [3], 5: [4]}
{0: [0], 1: [1], 2: [2], 3: [3], 4: [4], 5: None}
SCORE: 19.294

-------------------

/jˈaθ/ - /ɟˈaʧːu/
<#_j-<#_ɟ / ˈa-ˈa / θ-ʧː / #>-u_#>
{0: [0], 1: [1], 2: [2], 3: None}
{0: [0], 1: [1], 2: [2], 3: [3]}
SCORE: 15.909

-------------------

/jˈoθa/ - /ɡˈɔʧːa/
<#_j-<# / ∅-ɡ / ˈo-ˈɔ / θ-ʧː / a-a
{0: [0], 1: None, 2: [1], 3: [2], 4: [3]}
{0: None, 1: [0], 2: [1], 3: [2], 4: [3]}
SCORE: 12.582

-------------------

/kadˈena/ - /katˈɛna/
k-k / a_d-a_t / ˈe-ˈɛ / n-n / a-a
{0: [0], 1: [1, 2], 2: [3], 3: [4], 4: [5]}
{0: [0], 1: [1, 2], 2: [3], 3: [4], 4: [5]}
SCORE: 30.752

-------------------

/kastˈɛl/ - /kastˈelːu/
k-k / a-a / s-s / t-t / ˈɛ-ˈe / l_#>-lː_u_#>
{0: [0], 1: [1], 2: [2], 3: [3], 4: [4], 5: [5]}
{0: [0], 1: [1], 2: [2], 3: [3], 4: [4], 5: [5, 6]}
SCORE: 33.729

-------------------

/kavˈal/ - /kavˈalːu/
k-k / a-a / v-v / ˈa-ˈa / l_#>-lː_u_#>
{0: [0], 1: [1], 2: [2], 3: [3], 4: [4]}
{0: [0], 1: [1], 2: [2], 3: [3], 4: [4, 5]}
SCORE: 28.918

-------------------

/kavˈel/ - /kapˈelːu/
k-k / a_v-a_p / ˈe-ˈe / l_#>-lː_u_#>
{0: [0], 1: [1, 2], 2: [3], 3: [4]}
{0: [0], 1: [1, 2], 2: [3], 3: [4, 5]}
SCORE: 25.323

-------------------

/kaŋtˈar/ - /kantˈare/
k-k / a-a / ŋ-n / t-t / ˈa-ˈa / r-r / #>-e_#>
{0: [0], 1: [1], 2: [2], 3: [3], 4: [4], 5: [5], 6: None}
{0: [0], 1: [1], 2: [2], 3: [3], 4: [4], 5: [5], 6: [6]}
SCORE: 30.643

-------------------

/kaθˈar/ - /kaʧːˈa/
k-k / a-a / θ-ʧː / ˈa-ˈa / r_#>-#>
{0: [0], 1: [1], 2: [2], 3: [3], 4: [4]}
{0: [0], 1: [1], 2: [2], 3: [3], 4: None}
SCORE: 21.72

-------------------

/kolˈor/ - /kulˈɔre/
k-k / o_l-u_l / ˈo-ˈɔ / r-r / #>-e_#>
{0: [0], 1: [1, 2], 2: [3], 3: [4], 4: None}
{0: [0], 1: [1, 2], 2: [3], 3: [4], 4: [5]}
SCORE: 27.866

-------------------

/konˈoser/ - /kunːˈɔʃe/
k-k / o-u / n-nː / ˈo-ˈɔ / s-ʃ / e_r-e
{0: [0], 1: [1], 2: [2], 3: [3], 4: [4], 5: [5, 6]}
{0: [0], 1: [1], 2: [2], 3: [3], 4: [4], 5: [5]}
SCORE: 30.248

-------------------

/krˈeder/ - /krˈɛde/
k-k / r-r / ˈe-ˈɛ / d-d / e_r-e
{0: [0], 1: [1], 2: [2], 3: [3], 4: [4, 5]}
{0: [0], 1: [1], 2: [2], 3: [3], 4: [4]}
SCORE: 25.429

-------------------

/krˈoze/ - /krˈɔʧe/
k-k / r-r / ˈo-ˈɔ / z-ʧ / e-e
{0: [0], 1: [1], 2: [2], 3: [3], 4: [4]}
{0: [0], 1: [1], 2: [2], 3: [3], 4: [4]}
SCORE: 25.637

-------------------

/kwˈatro/ - /kwˈatːru/
k-k / w-w / ˈa-ˈa / t-tː / r_o-r_u
{0: [0], 1: [1], 2: [2], 3: [3], 4: [4, 5]}
{0: [0], 1: [1], 2: [2], 3: [3], 4: [4, 5]}
SCORE: 36.013

-------------------

/kˈalt/ - /kˈaldu/
k-k / ˈa-ˈa / l-l / ∅-d / t-∅ / #>-u_#>
{0: [0], 1: [1], 2: [2], 3: None, 4: [3], 5: None}
{0: [0], 1: [1], 2: [2], 3: [3], 4: None, 5: [4]}
SCORE: 8.61

-------------------

/kˈao/ - /kˈapu/
k-k / ˈa-ˈa_p / o-u
{0: [0], 1: [1], 2: [2]}
{0: [0], 1: [1, 2], 2: [3]}
SCORE: 15.777

-------------------

/kˈaro/ - /kˈaru/
k-k / ˈa-ˈa / r_o-r_u
{0: [0], 1: [1], 2: [2, 3]}
{0: [0], 1: [1], 2: [2, 3]}
SCORE: 23.272

-------------------

/kˈavra/ - /kˈapra/
k-k / ˈa-ˈa / v-p / r_a-r_a
{0: [0], 1: [1], 2: [2], 3: [3, 4]}
{0: [0], 1: [1], 2: [2], 3: [3, 4]}
SCORE: 26.1

-------------------

/kˈaza/ - /kˈaza/
k-k / ˈa-ˈa / z-z / a-a
{0: [0], 1: [1], 2: [2], 3: [3]}
{0: [0], 1: [1], 2: [2], 3: [3]}
SCORE: 23.784

-------------------

/kˈaŋ/ - /kˈane/
k-k / ˈa-ˈa / ŋ-n / #>-e_#>
{0: [0], 1: [1], 2: [2], 3: None}
{0: [0], 1: [1], 2: [2], 3: [3]}
SCORE: 18.073

-------------------

/kˈaŋbera/ - /kˈamera/
k-k / ˈa-ˈa / ŋ-m / b-∅ / e-e / r_a-r_a
{0: [0], 1: [1], 2: [2], 3: [3], 4: [4], 5: [5, 6]}
{0: [0], 1: [1], 2: [2], 3: None, 4: [3], 5: [4, 5]}
SCORE: 24.573

-------------------

/kˈoa/ - /kˈɔda/
k-k / ˈo-ˈɔ / ∅-d / a-a
{0: [0], 1: [1], 2: None, 3: [2]}
{0: [0], 1: [1], 2: [2], 3: [3]}
SCORE: 14.254

-------------------

/kˈolpo/ - /kˈɔlpu/
k-k / ˈo-ˈɔ / l-l / p-p / o-u
{0: [0], 1: [1], 2: [2], 3: [3], 4: [4]}
{0: [0], 1: [1], 2: [2], 3: [3], 4: [4]}
SCORE: 29.532

-------------------

/kˈor/ - /kˈɔre/
k-k / ˈo-ˈɔ / r-r / #>-e_#>
{0: [0], 1: [1], 2: [2], 3: None}
{0: [0], 1: [1], 2: [2], 3: [3]}
SCORE: 18.327

-------------------

/kˈul/ - /kˈulu/
k-k / ˈu-ˈu / l-l / #>-u_#>
{0: [0], 1: [1], 2: [2], 3: None}
{0: [0], 1: [1], 2: [2], 3: [3]}
SCORE: 21.119

-------------------

/kˈurt/ - /kˈortu/
k-k / ∅-ˈo / ˈu-∅ / r-r / t-t / #>-u_#>
{0: [0], 1: None, 2: [1], 3: [2], 4: [3], 5: None}
{0: [0], 1: [1], 2: None, 3: [2], 4: [3], 5: [4]}
SCORE: 7.44

-------------------

/kˈɔl/ - /kˈɔlːu/
k-k / ˈɔ-ˈɔ / l_#>-lː_u_#>
{0: [0], 1: [1], 2: [2]}
{0: [0], 1: [1], 2: [2, 3]}
SCORE: 19.571

-------------------

/kˈɔrno/ - /kˈɔrna/
k-k / ˈɔ-ˈɔ / r-r / n-n / o-∅ / #>-a_#>
{0: [0], 1: [1], 2: [2], 3: [3], 4: [4], 5: None}
{0: [0], 1: [1], 2: [2], 3: [3], 4: None, 5: [4]}
SCORE: 14.639

-------------------

/kˈɔza/ - /kˈɔza/
k-k / ˈɔ-ˈɔ / z-z / a-a
{0: [0], 1: [1], 2: [2], 3: [3]}
{0: [0], 1: [1], 2: [2], 3: [3]}
SCORE: 24.066

-------------------

/lˈana/ - /lˈana/
l-l / ˈa-ˈa / n-n / a-a
{0: [0], 1: [1], 2: [2], 3: [3]}
{0: [0], 1: [1], 2: [2], 3: [3]}
SCORE: 23.693

-------------------

/lˈat/ - /lˈatːe/
l-l / ˈa-ˈa / t-tː / #>-e_#>
{0: [0], 1: [1], 2: [2], 3: None}
{0: [0], 1: [1], 2: [2], 3: [3]}
SCORE: 19.456

-------------------

/lˈaɡrema/ - /lˈakrima/
l-l / ˈa-ˈa / ɡ-k / r-r / e-i / m-m / a-a
{0: [0], 1: [1], 2: [2], 3: [3], 4: [4], 5: [5], 6: [6]}
{0: [0], 1: [1], 2: [2], 3: [3], 4: [4], 5: [5], 6: [6]}
SCORE: 37.204

-------------------

/lˈetara/ - /lˈetːera/
l-l / ˈe-ˈe / t-tː / ∅-e / a-∅ / r_a-r_a
{0: [0], 1: [1], 2: [2], 3: None, 4: [3], 5: [4, 5]}
{0: [0], 1: [1], 2: [2], 3: [3], 4: None, 5: [4, 5]}
SCORE: 18.105

-------------------

/lˈeŋ/ - /lˈɛɲu/
l-l / ˈe-ˈɛ / ŋ-ɲ / #>-u_#>
{0: [0], 1: [1], 2: [2], 3: None}
{0: [0], 1: [1], 2: [2], 3: [3]}
SCORE: 17.644

-------------------

/lˈeŋɡwa/ - /lˈiŋɡwa/
l-l / ∅-ˈi / ˈe-∅ / ŋ-ŋ / ɡ-ɡ / w-w / a-a
{0: [0], 1: None, 2: [1], 3: [2], 4: [3], 5: [4], 6: [5]}
{0: [0], 1: [1], 2: None, 3: [2], 4: [3], 5: [4], 6: [5]}
SCORE: 23.704

-------------------

/lˈoŋɡo/ - /lˈoŋɡu/
l-l / ˈo-ˈo / ŋ-ŋ / ɡ-ɡ / o-u
{0: [0], 1: [1], 2: [2], 3: [3], 4: [4]}
{0: [0], 1: [1], 2: [2], 3: [3], 4: [4]}
SCORE: 30.072

-------------------

/lˈoɡo/ - /lˈɔku/
l-l / ˈo-ˈɔ / ɡ-k / o-u
{0: [0], 1: [1], 2: [2], 3: [3]}
{0: [0], 1: [1], 2: [2], 3: [3]}
SCORE: 22.751

-------------------

/lˈuna/ - /lˈuna/
l-l / ˈu-ˈu / n-n / a-a
{0: [0], 1: [1], 2: [2], 3: [3]}
{0: [0], 1: [1], 2: [2], 3: [3]}
SCORE: 26.202

-------------------

/lˈɛt/ - /lˈetːu/
l_ˈɛ-l_ˈe / t-tː / #>-u_#>
{0: [0, 1], 1: [2], 2: None}
{0: [0, 1], 1: [2], 2: [3]}
SCORE: 19.416

-------------------

/lˈɛðer/ - /lˈeɟe/
l_ˈɛ-l_ˈe / ð-ɟ / e_r-e
{0: [0, 1], 1: [2], 2: [3, 4]}
{0: [0, 1], 1: [2], 2: [3]}
SCORE: 22.689

-------------------

/madˈur/ - /matˈuru/
m-m / a_d-a_t / ˈu-ˈu / r-r / #>-u_#>
{0: [0], 1: [1, 2], 2: [3], 3: [4], 4: None}
{0: [0], 1: [1, 2], 2: [3], 3: [4], 4: [5]}
SCORE: 27.871

-------------------

/mjˈel/ - /mˈele/
m-m / j_ˈe-ˈe / l-l / #>-e_#>
{0: [0], 1: [1, 2], 2: [3], 3: None}
{0: [0], 1: [1], 2: [2], 3: [3]}
SCORE: 19.001

-------------------

/morseɡˈar/ - /mursikˈa/
m-m / o-u / r-r / s-s / e-i / ɡ-k / ˈa-ˈa / r_#>-#>
{0: [0], 1: [1], 2: [2], 3: [3], 4: [4], 5: [5], 6: [6], 7: [7]}
{0: [0], 1: [1], 2: [2], 3: [3], 4: [4], 5: [5], 6: [6], 7: None}
SCORE: 33.349

-------------------

/morˈir/ - /mˈɔre/
m-m / o_r-ˈɔ_r / ˈi_r-e
{0: [0], 1: [1, 2], 2: [3, 4]}
{0: [0], 1: [1, 2], 2: [3]}
SCORE: 17.861

-------------------

/moŋtˈaɲa/ - /muntˈaɲa/
m-m / o-u / ŋ-n / t-t / ˈa-ˈa / ɲ-ɲ / a-a
{0: [0], 1: [1], 2: [2], 3: [3], 4: [4], 5: [5], 6: [6]}
{0: [0], 1: [1], 2: [2], 3: [3], 4: [4], 5: [5], 6: [6]}
SCORE: 39.618

-------------------

/mˈar/ - /mˈare/
m-m / ˈa-ˈa / r-r / #>-e_#>
{0: [0], 1: [1], 2: [2], 3: None}
{0: [0], 1: [1], 2: [2], 3: [3]}
SCORE: 18.889

-------------------

/mˈare/ - /mˈatre/
m-m / ˈa-ˈa / r-t_r / e-e
{0: [0], 1: [1], 2: [2], 3: [3]}
{0: [0], 1: [1], 2: [2, 3], 3: [4]}
SCORE: 20.37

-------------------

/mˈaŋ/ - /mˈanu/
m-m / ˈa-ˈa / ŋ_#>-n_u_#>
{0: [0], 1: [1], 2: [2]}
{0: [0], 1: [1], 2: [2, 3]}
SCORE: 19.441

-------------------

/mˈoska/ - /mˈɔska/
m-m / ˈo-ˈɔ / s-s / k-k / a-a
{0: [0], 1: [1], 2: [2], 3: [3], 4: [4]}
{0: [0], 1: [1], 2: [2], 3: [3], 4: [4]}
SCORE: 30.176

-------------------

/mˈɔrt/ - /mˈɔrte/
m-m / ˈɔ-ˈɔ / r-r / t_#>-t_e_#>
{0: [0], 1: [1], 2: [2], 3: [3]}
{0: [0], 1: [1], 2: [2], 3: [3, 4]}
SCORE: 25.111

-------------------

/mˈɛdeɡo/ - /mˈediku/
m-m / ˈɛ-ˈe / d-d / e-i / ɡ-k / o-u
{0: [0], 1: [1], 2: [2], 3: [3], 4: [4], 5: [5]}
{0: [0], 1: [1], 2: [2], 3: [3], 4: [4], 5: [5]}
SCORE: 33.666

-------------------

/mˈɛjo/ - /miʎˈore/
m-m / ∅-i / ˈɛ-∅ / j-ʎ / ∅-ˈo / o-r / #>-e_#>
{0: [0], 1: None, 2: [1], 3: [2], 4: None, 5: [3], 6: None}
{0: [0], 1: [1], 2: None, 3: [2], 4: [3], 5: [4], 6: [5]}
SCORE: 1.418

-------------------

/mˈɛjo/ - /mˈeʎu/
m-m / ˈɛ-ˈe / j-ʎ / o-u
{0: [0], 1: [1], 2: [2], 3: [3]}
{0: [0], 1: [1], 2: [2], 3: [3]}
SCORE: 25.34

-------------------

/mˈɛðo/ - /mˈeʣu/
m-m / ˈɛ-ˈe / ð-ʣ / o-u
{0: [0], 1: [1], 2: [2], 3: [3]}
{0: [0], 1: [1], 2: [2], 3: [3]}
SCORE: 21.993

-------------------

/neveɡˈar/ - /nivikˈa/
<#_n-<#_n / e-i / v-v / e-i / ɡ-k / ˈa-ˈa / r_#>-#>
{0: [0], 1: [1], 2: [2], 3: [3], 4: [4], 5: [5], 6: [6]}
{0: [0], 1: [1], 2: [2], 3: [3], 4: [4], 5: [5], 6: None}
SCORE: 31.145

-------------------

/nodˈar/ - /nutˈa/
<#_n-<#_n / o_d-u_t / ˈa-ˈa / r_#>-#>
{0: [0], 1: [1, 2], 2: [3], 3: [4]}
{0: [0], 1: [1, 2], 2: [3], 3: None}
SCORE: 19.503

-------------------

/nˈas/ - /nˈazu/
<#_n-<#_n / ˈa-ˈa / ∅-z / s-u
{0: [0], 1: [1], 2: None, 3: [2]}
{0: [0], 1: [1], 2: [2], 3: [3]}
SCORE: 7.096

-------------------

/nˈaser/ - /nˈaʃːe/
<#_n-<#_n / ˈa-ˈa / s-ʃː / e_r-e
{0: [0], 1: [1], 2: [2], 3: [3, 4]}
{0: [0], 1: [1], 2: [2], 3: [3]}
SCORE: 22.425

-------------------

/nˈef/ - /nˈɛve/
<#_n-<#_n / ˈe-ˈɛ / ∅-v / f-∅ / #>-e_#>
{0: [0], 1: [1], 2: None, 3: [2], 4: None}
{0: [0], 1: [1], 2: [2], 3: None, 4: [3]}
SCORE: 5.677

-------------------

/nˈeɡro/ - /nˈɛro/
<#_n-<#_n / ˈe-ˈɛ / ɡ-∅ / r-r / o-o
{0: [0], 1: [1], 2: [2], 3: [3], 4: [4]}
{0: [0], 1: [1], 2: None, 3: [2], 4: [3]}
SCORE: 17.912

-------------------

/nˈovo/ - /nˈɔvu/
<#_n-<#_n / ˈo-ˈɔ / v-v / o-u
{0: [0], 1: [1], 2: [2], 3: [3]}
{0: [0], 1: [1], 2: [2], 3: [3]}
SCORE: 25.413

-------------------

/nˈɔt/ - /nˈɔtːe/
<#_n-<#_n / ˈɔ-ˈɔ / t-tː / #>-e_#>
{0: [0], 1: [1], 2: [2], 3: None}
{0: [0], 1: [1], 2: [2], 3: [3]}
SCORE: 20.919

-------------------

/nˈɛola/ - /nˈuvulu/
<#_n-<#_n / ∅-ˈu / ˈɛ-∅ / o-v_u / l-l / a-∅ / #>-u_#>
{0: [0], 1: None, 2: [1], 3: [2], 4: [3], 5: [4], 6: None}
{0: [0], 1: [1], 2: None, 3: [2, 3], 4: [4], 5: None, 6: [5]}
SCORE: 0.676

-------------------

/odˈor/ - /odˈore/
o-o / d-d / ˈo-ˈo / r-r / #>-e_#>
{0: [0], 1: [1], 2: [2], 3: [3], 4: None}
{0: [0], 1: [1], 2: [2], 3: [3], 4: [4]}
SCORE: 21.69

-------------------

/otˈuno/ - /awtˈunːu/
<#-<#_a / ∅-w / o-∅ / t-t / ˈu-ˈu / n-nː / o-u
{0: None, 1: None, 2: [0], 3: [1], 4: [2], 5: [3], 6: [4]}
{0: [0], 1: [1], 2: None, 3: [2], 4: [3], 5: [4], 6: [5]}
SCORE: 15.634

-------------------

/ozˈɛl/ - /oʧˈelːu/
o-o / z-ʧ / ˈɛ-ˈe / l_#>-lː_u_#>
{0: [0], 1: [1], 2: [2], 3: [3]}
{0: [0], 1: [1], 2: [2], 3: [3, 4]}
SCORE: 20.805

-------------------

/pedˈɔʧo/ - /pidˈɔcu/
p-p / e-i / d-d / ˈɔ-ˈɔ / ʧ-c / o-u
{0: [0], 1: [1], 2: [2], 3: [3], 4: [4], 5: [5]}
{0: [0], 1: [1], 2: [2], 3: [3], 4: [4], 5: [5]}
SCORE: 36.851

-------------------

/pjˈaŋðer/ - /pjˈɛŋɟe/
p-p / j-j / ∅-ˈɛ / ˈa-∅ / ŋ-ŋ / ð-ɟ / e_r-e
{0: [0], 1: [1], 2: None, 3: [2], 4: [3], 5: [4], 6: [5, 6]}
{0: [0], 1: [1], 2: [2], 3: None, 4: [3], 5: [4], 6: [5]}
SCORE: 19.377

-------------------

/pjˈe/ - /pˈede/
p-p / j_ˈe-ˈe / ∅-d / #>-e_#>
{0: [0], 1: [1, 2], 2: None, 3: None}
{0: [0], 1: [1], 2: [2], 3: [3]}
SCORE: 9.138

-------------------

/pjˈera/ - /pˈetra/
p-p / j_ˈe-ˈe / r-t_r / a-a
{0: [0], 1: [1, 2], 2: [3], 3: [4]}
{0: [0], 1: [1], 2: [2, 3], 3: [4]}
SCORE: 20.172

-------------------

/pjˈeŋ/ - /pjˈɛnu/
p-p / j-j / ˈe-ˈɛ / ŋ_#>-n_u_#>
{0: [0], 1: [1], 2: [2], 3: [3]}
{0: [0], 1: [1], 2: [2], 3: [3, 4]}
SCORE: 25.702

-------------------

/pjˈova/ - /pjˈoʤa/
p-p / j-j / ˈo-ˈo / ∅-ʤ / v-∅ / a-a
{0: [0], 1: [1], 2: [2], 3: None, 4: [3], 5: [4]}
{0: [0], 1: [1], 2: [2], 3: [3], 4: None, 5: [4]}
SCORE: 16.169

-------------------

/pjˈɛɡora/ - /pˈekura/
p-p / j-∅ / ˈɛ-ˈe / ɡ-k / o-u / r_a-r_a
{0: [0], 1: [1], 2: [2], 3: [3], 4: [4], 5: [5, 6]}
{0: [0], 1: None, 2: [1], 3: [2], 4: [3], 5: [4, 5]}
SCORE: 27.602

-------------------

/podˈer/ - /putˈɛre/
p-p / o_d-u_t / ˈe-ˈɛ / r-r / #>-e_#>
{0: [0], 1: [1, 2], 2: [3], 3: [4], 4: None}
{0: [0], 1: [1, 2], 2: [3], 3: [4], 4: [5]}
SCORE: 25.917

-------------------

/pˈare/ - /pˈatre/
p-p / ˈa-ˈa / r-t_r / e-e
{0: [0], 1: [1], 2: [2], 3: [3]}
{0: [0], 1: [1], 2: [2, 3], 3: [4]}
SCORE: 20.563

-------------------

/pˈaŋ/ - /pˈane/
p-p / ˈa-ˈa / ŋ-n / #>-e_#>
{0: [0], 1: [1], 2: [2], 3: None}
{0: [0], 1: [1], 2: [2], 3: [3]}
SCORE: 19.052

-------------------

/pˈel/ - /pˈɛlu/
p-p / ˈe-ˈɛ / l-l / #>-u_#>
{0: [0], 1: [1], 2: [2], 3: None}
{0: [0], 1: [1], 2: [2], 3: [3]}
SCORE: 19.689

-------------------

/pˈena/ - /pˈɛna/
p-p / ˈe-ˈɛ / n-n / a-a
{0: [0], 1: [1], 2: [2], 3: [3]}
{0: [0], 1: [1], 2: [2], 3: [3]}
SCORE: 24.594

-------------------

/pˈes/ - /pˈɛʃːu/
p-p / ˈe-ˈɛ / s-ʃː / #>-u_#>
{0: [0], 1: [1], 2: [2], 3: None}
{0: [0], 1: [1], 2: [2], 3: [3]}
SCORE: 19.796

-------------------

/pˈore/ - /pˈɔveru/
p-p / ˈo-ˈɔ / ∅-v / r-e / e-r / #>-u_#>
{0: [0], 1: [1], 2: None, 3: [2], 4: [3], 5: None}
{0: [0], 1: [1], 2: [2], 3: [3], 4: [4], 5: [5]}
SCORE: 9.659

-------------------

/pˈos/ - /pˈoʦːu/
p-p / ˈo-ˈo / s-ʦː / #>-u_#>
{0: [0], 1: [1], 2: [2], 3: None}
{0: [0], 1: [1], 2: [2], 3: [3]}
SCORE: 19.822

-------------------

/pˈoŋt/ - /pˈonte/
p-p / ˈo-ˈo / ŋ-n / t_#>-t_e_#>
{0: [0], 1: [1], 2: [2], 3: [3]}
{0: [0], 1: [1], 2: [2], 3: [3, 4]}
SCORE: 25.184

-------------------

/pˈɛl/ - /pˈelːe/
p-p / ˈɛ-ˈe / l-lː / #>-e_#>
{0: [0], 1: [1], 2: [2], 3: None}
{0: [0], 1: [1], 2: [2], 3: [3]}
SCORE: 20.706

-------------------

/pˈɛto/ - /pˈetːu/
p-p / ˈɛ-ˈe / t-tː / o-u
{0: [0], 1: [1], 2: [2], 3: [3]}
{0: [0], 1: [1], 2: [2], 3: [3]}
SCORE: 24.933

-------------------

/razˈoŋ/ - /raɟˈone/
<#_r-<#_r / a-a / z-ɟ / ˈo-ˈo / ŋ-n / #>-e_#>
{0: [0], 1: [1], 2: [2], 3: [3], 4: [4], 5: None}
{0: [0], 1: [1], 2: [2], 3: [3], 4: [4], 5: [5]}
SCORE: 25.342

-------------------

/raˈis/ - /radˈiʧe/
<#_r-<#_r / a-a / ∅-d / ˈi-ˈi / s_#>-ʧ_e_#>
{0: [0], 1: [1], 2: None, 3: [2], 4: [3]}
{0: [0], 1: [1], 2: [2], 3: [3], 4: [4, 5]}
SCORE: 18.54

-------------------

/romˈaŋ/ - /rumˈanu/
<#_r-<#_r / o-u / m-m / ˈa-ˈa / ŋ_#>-n_u_#>
{0: [0], 1: [1], 2: [2], 3: [3], 4: [4]}
{0: [0], 1: [1], 2: [2], 3: [3], 4: [4, 5]}
SCORE: 29.572

-------------------

/rˈena/ - /rˈɛna/
<#_r-<#_r / ˈe-ˈɛ / n-n / a-a
{0: [0], 1: [1], 2: [2], 3: [3]}
{0: [0], 1: [1], 2: [2], 3: [3]}
SCORE: 25.308

-------------------

/rˈeʧa/ - /orˈɛca/
<#-<#_o / r-r / ˈe-ˈɛ / ʧ-c / a-a
{0: None, 1: [0], 2: [1], 3: [2], 4: [3]}
{0: [0], 1: [1], 2: [2], 3: [3], 4: [4]}
SCORE: 23.032

-------------------

/rˈos/ - /rˈosːu/
<#_r-<#_r / ˈo-ˈo / s_#>-sː_u_#>
{0: [0], 1: [1], 2: [2]}
{0: [0], 1: [1], 2: [2, 3]}
SCORE: 21.621

-------------------

/rˈɔda/ - /rˈɔta/
<#_r-<#_r / ˈɔ-ˈɔ / d-t / a-a
{0: [0], 1: [1], 2: [2], 3: [3]}
{0: [0], 1: [1], 2: [2], 3: [3]}
SCORE: 23.142

-------------------

/rˈɛ/ - /rˈɛ/
<#_r-<#_r / ˈɛ-ˈɛ
{0: [0], 1: [1]}
{0: [0], 1: [1]}
SCORE: 15.784

-------------------

/savˈer/ - /sapˈɛ/
s-s / a_v-a_p / ˈe-ˈɛ / r_#>-#>
{0: [0], 1: [1, 2], 2: [3], 3: [4]}
{0: [0], 1: [1, 2], 2: [3], 3: None}
SCORE: 18.671

-------------------

/semˈenθa/ - /sumˈɛnta/
s-s / ∅-u / e-∅ / m-m / ˈe-ˈɛ / n-n / θ-∅ / a-t_a
{0: [0], 1: None, 2: [1], 3: [2], 4: [3], 5: [4], 6: [5], 7: [6]}
{0: [0], 1: [1], 2: None, 3: [2], 4: [3], 5: [4], 6: None, 7: [5, 6]}
SCORE: 11.75

-------------------

/setemˈana/ - /setːimˈana/
s-s / e-e / t-tː / e-i / m-m / ˈa-ˈa / n-n / a-a
{0: [0], 1: [1], 2: [2], 3: [3], 4: [4], 5: [5], 6: [6], 7: [7]}
{0: [0], 1: [1], 2: [2], 3: [3], 4: [4], 5: [5], 6: [6], 7: [7]}
SCORE: 42.641

-------------------

/siɡˈur/ - /sikˈuru/
s-s / i-i / ɡ-k / ˈu-ˈu / r-r / #>-u_#>
{0: [0], 1: [1], 2: [2], 3: [3], 4: [4], 5: None}
{0: [0], 1: [1], 2: [2], 3: [3], 4: [4], 5: [5]}
SCORE: 30.495

-------------------

/skoltˈar/ - /askultˈa/
<#-<#_a / s-s / k-k / o_l-u_l / t-t / ˈa-ˈa / r_#>-#>
{0: None, 1: [0], 2: [1], 3: [2, 3], 4: [4], 5: [5], 6: [6]}
{0: [0], 1: [1], 2: [2], 3: [3, 4], 4: [5], 5: [6], 6: None}
SCORE: 30.45

-------------------

/skrˈiver/ - /skrˈive/
s-s / k-k / r-r / ˈi-ˈi / v-v / e_r-e
{0: [0], 1: [1], 2: [2], 3: [3], 4: [4], 5: [5, 6]}
{0: [0], 1: [1], 2: [2], 3: [3], 4: [4], 5: [5]}
SCORE: 31.903

-------------------

/skˈɔrθa/ - /skˈɔrʦa/
s-s / k-k / ˈɔ-ˈɔ / r-r / θ-ʦ / a-a
{0: [0], 1: [1], 2: [2], 3: [3], 4: [4], 5: [5]}
{0: [0], 1: [1], 2: [2], 3: [3], 4: [4], 5: [5]}
SCORE: 34.551

-------------------

/spˈaɲa/ - /spˈaɲa/
s-s / p-p / ˈa-ˈa / ɲ-ɲ / a-a
{0: [0], 1: [1], 2: [2], 3: [3], 4: [4]}
{0: [0], 1: [1], 2: [2], 3: [3], 4: [4]}
SCORE: 33.164

-------------------

/spˈin/ - /spˈina/
s-s / p-p / ˈi-ˈi / n-n / #>-a_#>
{0: [0], 1: [1], 2: [2], 3: [3], 4: None}
{0: [0], 1: [1], 2: [2], 3: [3], 4: [4]}
SCORE: 23.131

-------------------

/stˈela/ - /ʃtˈelːa/
s-ʃ / t-t / ˈe-ˈe / l-lː / a-a
{0: [0], 1: [1], 2: [2], 3: [3], 4: [4]}
{0: [0], 1: [1], 2: [2], 3: [3], 4: [4]}
SCORE: 28.107

-------------------

/sˈal/ - /sˈale/
s-s / ˈa-ˈa / l-l / #>-e_#>
{0: [0], 1: [1], 2: [2], 3: None}
{0: [0], 1: [1], 2: [2], 3: [3]}
SCORE: 19.655

-------------------

/sˈas/ - /sˈasːu/
s-s / ˈa-ˈa / s_#>-sː_u_#>
{0: [0], 1: [1], 2: [2]}
{0: [0], 1: [1], 2: [2, 3]}
SCORE: 20.117

-------------------

/sˈaŋ/ - /sˈanu/
s-s / ˈa-ˈa / ŋ_#>-n_u_#>
{0: [0], 1: [1], 2: [2]}
{0: [0], 1: [1], 2: [2, 3]}
SCORE: 19.037

-------------------

/sˈaŋɡwe/ - /sˈaŋɡwe/
s-s / ˈa-ˈa / ŋ-ŋ / ɡ-ɡ / w-w / e-e
{0: [0], 1: [1], 2: [2], 3: [3], 4: [4], 5: [5]}
{0: [0], 1: [1], 2: [2], 3: [3], 4: [4], 5: [5]}
SCORE: 37.729

-------------------

/sˈeda/ - /sˈɛta/
s-s / ˈe-ˈɛ / d-t / a-a
{0: [0], 1: [1], 2: [2], 3: [3]}
{0: [0], 1: [1], 2: [2], 3: [3]}
SCORE: 21.65

-------------------

/sˈek/ - /sˈɛkːu/
s-s / ˈe-ˈɛ / k-kː / #>-u_#>
{0: [0], 1: [1], 2: [2], 3: None}
{0: [0], 1: [1], 2: [2], 3: [3]}
SCORE: 19.241

-------------------

/sˈera/ - /sˈɛra/
s-s / ˈe-ˈɛ / r_a-r_a
{0: [0], 1: [1], 2: [2, 3]}
{0: [0], 1: [1], 2: [2, 3]}
SCORE: 24.094

-------------------

/sˈol/ - /sˈole/
s-s / ˈo-ˈo / l-l / #>-e_#>
{0: [0], 1: [1], 2: [2], 3: None}
{0: [0], 1: [1], 2: [2], 3: [3]}
SCORE: 19.847

-------------------

/sˈora/ - /sˈopra/
s-s / ˈo-ˈo / ∅-p / r_a-r_a
{0: [0], 1: [1], 2: None, 3: [2, 3]}
{0: [0], 1: [1], 2: [2], 3: [3, 4]}
SCORE: 19.186

-------------------

/sˈɛt/ - /sˈetːe/
s-s / ˈɛ-ˈe / t-tː / #>-e_#>
{0: [0], 1: [1], 2: [2], 3: None}
{0: [0], 1: [1], 2: [2], 3: [3]}
SCORE: 20.157

-------------------

/tˈi/ - /tˈu/
<#_t-<#_t / ∅-ˈu / ˈi-∅
{0: [0], 1: None, 2: [1]}
{0: [0], 1: [1], 2: None}
SCORE: 2.836

-------------------

/tˈut/ - /tˈutːu/
<#_t-<#_t / ˈu-ˈu / t-tː / #>-u_#>
{0: [0], 1: [1], 2: [2], 3: None}
{0: [0], 1: [1], 2: [2], 3: [3]}
SCORE: 23.613

-------------------

/tˈɔro/ - /tˈɔru/
<#_t-<#_t / ˈɔ-ˈɔ / r_o-r_u
{0: [0], 1: [1], 2: [2, 3]}
{0: [0], 1: [1], 2: [2, 3]}
SCORE: 26.044

-------------------

/tˈɛra/ - /tˈɛrːa/
<#_t-<#_t / ˈɛ-ˈɛ / r-rː / a-a
{0: [0], 1: [1], 2: [2], 3: [3]}
{0: [0], 1: [1], 2: [2], 3: [3]}
SCORE: 24.842

-------------------

/tˈɛsta/ - /tˈesta/
<#_t-<#_t / ˈɛ-ˈe / s-s / t-t / a-a
{0: [0], 1: [1], 2: [2], 3: [3], 4: [4]}
{0: [0], 1: [1], 2: [2], 3: [3], 4: [4]}
SCORE: 31.765

-------------------

/vedˈɛl/ - /vitˈelːu/
v-v / e-i / d-t / ˈɛ-ˈe / l_#>-lː_u_#>
{0: [0], 1: [1], 2: [2], 3: [3], 4: [4]}
{0: [0], 1: [1], 2: [2], 3: [3], 4: [4, 5]}
SCORE: 26.973

-------------------

/vezˈiŋ/ - /viʧˈinu/
v-v / e-i / z-ʧ / ˈi-ˈi / ŋ_#>-n_u_#>
{0: [0], 1: [1], 2: [2], 3: [3], 4: [4]}
{0: [0], 1: [1], 2: [2], 3: [3], 4: [4, 5]}
SCORE: 28.293

-------------------

/vˈaka/ - /vˈakːa/
v-v / ˈa-ˈa / k-kː / a-a
{0: [0], 1: [1], 2: [2], 3: [3]}
{0: [0], 1: [1], 2: [2], 3: [3]}
SCORE: 24.792

-------------------

/vˈeder/ - /vidˈɛre/
v-v / ∅-i / ˈe-∅ / d-d / ∅-ˈɛ / e-r / r-e
{0: [0], 1: None, 2: [1], 3: [2], 4: None, 5: [3], 6: [4]}
{0: [0], 1: [1], 2: None, 3: [2], 4: [3], 5: [4], 6: [5]}
SCORE: 1.345

-------------------

/vˈerdo/ - /vˈerde/
v-v / ˈe-ˈe / r-r / d-d / o-∅ / #>-e_#>
{0: [0], 1: [1], 2: [2], 3: [3], 4: [4], 5: None}
{0: [0], 1: [1], 2: [2], 3: [3], 4: None, 5: [4]}
SCORE: 18.455

-------------------

/vˈeŋt/ - /vˈɛntu/
v-v / ˈe-ˈɛ / ŋ-n / t-t / #>-u_#>
{0: [0], 1: [1], 2: [2], 3: [3], 4: None}
{0: [0], 1: [1], 2: [2], 3: [3], 4: [4]}
SCORE: 22.556

-------------------

/vˈeɲer/ - /vˈɛne/
v-v / ˈe-ˈɛ / ∅-n / ɲ-∅ / e_r-e
{0: [0], 1: [1], 2: None, 3: [2], 4: [3, 4]}
{0: [0], 1: [1], 2: [2], 3: None, 4: [3]}
SCORE: 6.56

-------------------

/vˈia/ - /vˈia/
v-v / ˈi-ˈi / a-a
{0: [0], 1: [1], 2: [2]}
{0: [0], 1: [1], 2: [2]}
SCORE: 21.008

-------------------

/vˈita/ - /vˈita/
v-v / ˈi-ˈi / t-t / a-a
{0: [0], 1: [1], 2: [2], 3: [3]}
{0: [0], 1: [1], 2: [2], 3: [3]}
SCORE: 25.498

-------------------

/vˈiŋ/ - /vˈinu/
v-v / ˈi-ˈi / ŋ_#>-n_u_#>
{0: [0], 1: [1], 2: [2]}
{0: [0], 1: [1], 2: [2, 3]}
SCORE: 20.633

-------------------

/vˈiŋti/ - /vˈinti/
v-v / ˈi-ˈi / ŋ-n / t-t / i-i
{0: [0], 1: [1], 2: [2], 3: [3], 4: [4]}
{0: [0], 1: [1], 2: [2], 3: [3], 4: [4]}
SCORE: 31.369

-------------------

/vˈovo/ - /ˈovu/
v-∅ / ˈo-ˈo / v-v / o-u
{0: [0], 1: [1], 2: [2], 3: [3]}
{0: None, 1: [0], 2: [1], 3: [2]}
SCORE: 14.146

-------------------

/vˈoθe/ - /vˈɔʧe/
v-v / ˈo-ˈɔ / θ-ʧ / e-e
{0: [0], 1: [1], 2: [2], 3: [3]}
{0: [0], 1: [1], 2: [2], 3: [3]}
SCORE: 24.63

-------------------

/vˈɛrmo/ - /vˈɛrmu/
v-v / ˈɛ-ˈɛ / r-r / m-m / o-u
{0: [0], 1: [1], 2: [2], 3: [3], 4: [4]}
{0: [0], 1: [1], 2: [2], 3: [3], 4: [4]}
SCORE: 27.758

-------------------

/vˈɛʧo/ - /vˈecu/
v-v / ˈɛ-ˈe / ʧ-c / o-u
{0: [0], 1: [1], 2: [2], 3: [3]}
{0: [0], 1: [1], 2: [2], 3: [3]}
SCORE: 26.61

-------------------

/zolˈar/ - /vulˈa/
z-∅ / o-v_u / l-l / ˈa-ˈa / r_#>-#>
{0: [0], 1: [1], 2: [2], 3: [3], 4: [4]}
{0: None, 1: [0, 1], 2: [2], 3: [3], 4: None}
SCORE: 6.783

-------------------

/ðenˈɔʧo/ - /ɟinˈɔcu/
ð-ɟ / e-i / n-n / ˈɔ-ˈɔ / ʧ-c / o-u
{0: [0], 1: [1], 2: [2], 3: [3], 4: [4], 5: [5]}
{0: [0], 1: [1], 2: [2], 3: [3], 4: [4], 5: [5]}
SCORE: 35.925

-------------------

/ðeŋðˈiva/ - /ʤiɲɟˈiva/
ð-ʤ / e-i / ŋ-ɲ / ð-ɟ / ˈi-ˈi / v-v / a-a
{0: [0], 1: [1], 2: [2], 3: [3], 4: [4], 5: [5], 6: [6]}
{0: [0], 1: [1], 2: [2], 3: [3], 4: [4], 5: [5], 6: [6]}
SCORE: 40.086

-------------------

/ðˈeŋt/ - /ɟˈɛnte/
ð-ɟ / ˈe-ˈɛ / ŋ-n / t_#>-t_e_#>
{0: [0], 1: [1], 2: [2], 3: [3]}
{0: [0], 1: [1], 2: [2], 3: [3, 4]}
SCORE: 25.22

-------------------

/ðˈoven/ - /ɟˈɔvanu/
ð-ɟ / ˈo-ˈɔ / v-v / ∅-a / e-∅ / n-n / #>-u_#>
{0: [0], 1: [1], 2: [2], 3: None, 4: [3], 5: [4], 6: None}
{0: [0], 1: [1], 2: [2], 3: [3], 4: None, 5: [4], 6: [5]}
SCORE: 14.804

-------------------

/ðˈoɡo/ - /ɟˈoku/
ð-ɟ / ˈo-ˈo / ɡ-k / o-u
{0: [0], 1: [1], 2: [2], 3: [3]}
{0: [0], 1: [1], 2: [2], 3: [3]}
SCORE: 23.649

-------------------

/ðˈɛnero/ - /ɟˈenaru/
ð-ɟ / ˈɛ-ˈe / n-n / ∅-a / e-∅ / r_o-r_u
{0: [0], 1: [1], 2: [2], 3: None, 4: [3], 5: [4, 5]}
{0: [0], 1: [1], 2: [2], 3: [3], 4: None, 5: [4, 5]}
SCORE: 19.361

-------------------

/ɡrˈas/ - /ɡrˈasːa/
ɡ-ɡ / r-r / ˈa-ˈa / s-sː / #>-a_#>
{0: [0], 1: [1], 2: [2], 3: [3], 4: None}
{0: [0], 1: [1], 2: [2], 3: [3], 4: [4]}
SCORE: 21.273

-------------------

/ɡrˈaŋ/ - /ɡrˈana/
ɡ-ɡ / r-r / ˈa-ˈa / ŋ-n / #>-a_#>
{0: [0], 1: [1], 2: [2], 3: [3], 4: None}
{0: [0], 1: [1], 2: [2], 3: [3], 4: [4]}
SCORE: 20.122

-------------------

/ɡrˈaŋt/ - /ɡrˈande/
ɡ-ɡ / r-r / ˈa-ˈa / ŋ-n / ∅-d / t-∅ / #>-e_#>
{0: [0], 1: [1], 2: [2], 3: [3], 4: None, 5: [4], 6: None}
{0: [0], 1: [1], 2: [2], 3: [3], 4: [4], 5: None, 6: [5]}
SCORE: 13.353

-------------------

/ɡrˈɔs/ - /ɡrˈɔsːu/
ɡ-ɡ / r-r / ˈɔ-ˈɔ / s_#>-sː_u_#>
{0: [0], 1: [1], 2: [2], 3: [3]}
{0: [0], 1: [1], 2: [2], 3: [3, 4]}
SCORE: 25.298

-------------------

/ɡuzˈɛla/ - /ˈaku/
<#-<#_ˈa / ɡ-k / u-u / z-∅ / ˈɛ-∅ / l-∅ / a_#>-#>
{0: None, 1: [0], 2: [1], 3: [2], 4: [3], 5: [4], 6: [5]}
{0: [0], 1: [1], 2: [2], 3: None, 4: None, 5: None, 6: None}
SCORE: -4.966

-------------------

/ɡˈat/ - /ɡˈatːu/
ɡ-ɡ / ˈa-ˈa / t-tː / #>-u_#>
{0: [0], 1: [1], 2: [2], 3: None}
{0: [0], 1: [1], 2: [2], 3: [3]}
SCORE: 20.01

-------------------

/ʧamˈar/ - /camˈa/
ʧ-c / a-a / m-m / ˈa-ˈa / r_#>-#>
{0: [0], 1: [1], 2: [2], 3: [3], 4: [4]}
{0: [0], 1: [1], 2: [2], 3: [3], 4: None}
SCORE: 23.551

-------------------

/ʧˈave/ - /cˈave/
ʧ-c / ˈa-ˈa / v-v / e-e
{0: [0], 1: [1], 2: [2], 3: [3]}
{0: [0], 1: [1], 2: [2], 3: [3]}
SCORE: 26.079

-------------------

/ˈaj/ - /ˈaʎu/
<#_ˈa-<#_ˈa / j-ʎ / #>-u_#>
{0: [0], 1: [1], 2: None}
{0: [0], 1: [1], 2: [2]}
SCORE: 16.117

-------------------

/ˈakwa/ - /ˈakːwa/
<#_ˈa-<#_ˈa / k-kː / w-w / a-a
{0: [0], 1: [1], 2: [2], 3: [3]}
{0: [0], 1: [1], 2: [2], 3: [3]}
SCORE: 28.816

-------------------

/ˈan/ - /ˈanːu/
<#_ˈa-<#_ˈa / n-nː / #>-u_#>
{0: [0], 1: [1], 2: None}
{0: [0], 1: [1], 2: [2]}
SCORE: 15.819

-------------------

/ˈanema/ - /ˈalma/
<#-<#_ˈa / ˈa-l / n-∅ / e-∅ / m-m / a-a
{0: None, 1: [0], 2: [1], 3: [2], 4: [3], 5: [4]}
{0: [0], 1: [1], 2: None, 3: None, 4: [2], 5: [3]}
SCORE: 7.041

-------------------

/ˈanzol/ - /ˈaŋɟulu/
<#_ˈa-<#_ˈa / ∅-ŋ / n-∅ / z-ɟ / o_l-u_l / #>-u_#>
{0: [0], 1: None, 2: [1], 3: [2], 4: [3, 4], 5: None}
{0: [0], 1: [1], 2: None, 3: [2], 4: [3, 4], 5: [5]}
SCORE: 11.184

-------------------

/ˈarbol/ - /ˈarburu/
<#_ˈa-<#_ˈa / r-r / b-b / o-u / ∅-r / l-u
{0: [0], 1: [1], 2: [2], 3: [3], 4: None, 5: [4]}
{0: [0], 1: [1], 2: [2], 3: [3], 4: [4], 5: [5]}
SCORE: 22.048

-------------------

/ˈava/ - /ˈapa/
<#_ˈa-<#_ˈa / v-p / a-a
{0: [0], 1: [1], 2: [2]}
{0: [0], 1: [1], 2: [2]}
SCORE: 18.419

-------------------

/ˈawter/ - /ˈaltru/
<#-<#_ˈa / ˈa-l / w-∅ / t-t / e-r / r-u
{0: None, 1: [0], 2: [1], 3: [2], 4: [3], 5: [4]}
{0: [0], 1: [1], 2: None, 3: [2], 4: [3], 5: [4]}
SCORE: 5.0

-------------------

/ˈela/ - /ˈɛlːa/
ˈe-ˈɛ / l-lː / a-a
{0: [0], 1: [1], 2: [2]}
{0: [0], 1: [1], 2: [2]}
SCORE: 19.266

-------------------

/ˈelo/ - /ˈɛlːu/
ˈe-ˈɛ / l-lː / o-u
{0: [0], 1: [1], 2: [2]}
{0: [0], 1: [1], 2: [2]}
SCORE: 18.632

-------------------

/ˈoŋʤa/ - /ˈuŋɟa/
∅-ˈu / ˈo-∅ / ŋ-ŋ / ʤ-ɟ / a-a
{0: None, 1: [0], 2: [1], 3: [2], 4: [3]}
{0: [0], 1: None, 2: [1], 3: [2], 4: [3]}
SCORE: 11.002

-------------------

/ˈun/ - /ˈunu/
ˈu-ˈu / n-n / #>-u_#>
{0: [0], 1: [1], 2: None}
{0: [0], 1: [1], 2: [2]}
SCORE: 15.671

-------------------

/ˈɔka/ - /ˈoka/
<#_ˈɔ-<#_ˈo / k-k / a-a
{0: [0], 1: [1], 2: [2]}
{0: [0], 1: [1], 2: [2]}
SCORE: 20.975

-------------------

/ˈɔro/ - /ˈoru/
<#_ˈɔ-<#_ˈo / r_o-r_u
{0: [0], 1: [1, 2]}
{0: [0], 1: [1, 2]}
SCORE: 20.34

-------------------

/ˈɔs/ - /ˈɔsːu/
ˈɔ-ˈɔ / s_#>-sː_u_#>
{0: [0], 1: [1]}
{0: [0], 1: [1, 2]}
SCORE: 15.14

-------------------

/ˈɔt/ - /ˈotːu/
<#_ˈɔ-<#_ˈo / t-tː / #>-u_#>
{0: [0], 1: [1], 2: None}
{0: [0], 1: [1], 2: [2]}
SCORE: 15.682

-------------------

/ˈɔŋ/ - /ˈomu/
<#_ˈɔ-<#_ˈo / ŋ-m / #>-u_#>
{0: [0], 1: [1], 2: None}
{0: [0], 1: [1], 2: [2]}
SCORE: 13.056

-------------------

/ˈɔʧo/ - /ˈocu/
<#_ˈɔ-<#_ˈo / ʧ-c / o-u
{0: [0], 1: [1], 2: [2]}
{0: [0], 1: [1], 2: [2]}
SCORE: 22.624

-------------------

/ˈɛrba/ - /ˈɛrba/
ˈɛ-ˈɛ / r-r / b-b / a-a
{0: [0], 1: [1], 2: [2], 3: [3]}
{0: [0], 1: [1], 2: [2], 3: [3]}
SCORE: 23.953

-------------------

/θerkˈar/ - /ʧirkˈa/
θ-ʧ / e-i / r-r / k-k / ˈa-ˈa / r_#>-#>
{0: [0], 1: [1], 2: [2], 3: [3], 4: [4], 5: [5]}
{0: [0], 1: [1], 2: [2], 3: [3], 4: [4], 5: None}
SCORE: 25.277

-------------------

/θitˈa/ - /ʧitˈa/
θ-ʧ / i-i / t-t / ˈa-ˈa
{0: [0], 1: [1], 2: [2], 3: [3]}
{0: [0], 1: [1], 2: [2], 3: [3]}
SCORE: 26.146

-------------------

/θiŋkwˈaŋta/ - /ʧiŋkwˈanta/
θ-ʧ / i-i / ŋ-ŋ / k-k / w-w / ˈa-ˈa / ŋ-n / t-t / a-a
{0: [0], 1: [1], 2: [2], 3: [3], 4: [4], 5: [5], 6: [6], 7: [7], 8: [8]}
{0: [0], 1: [1], 2: [2], 3: [3], 4: [4], 5: [5], 6: [6], 7: [7], 8: [8]}
SCORE: 51.786

-------------------

/θjˈelo/ - /ʧˈelu/
θ-ʧ / j_ˈe-ˈe / l-l / o-u
{0: [0], 1: [1, 2], 2: [3], 3: [4]}
{0: [0], 1: [1], 2: [2], 3: [3]}
SCORE: 23.003

-------------------

/θˈareza/ - /carˈaʒa/
∅-c / ∅-a / θ-∅ / ˈa-r / r-ˈa / e-∅ / z-ʒ / a-a
{0: None, 1: None, 2: [0], 3: [1], 4: [2], 5: [3], 6: [4], 7: [5]}
{0: [0], 1: [1], 2: None, 3: [2], 4: [3], 5: None, 6: [4], 7: [5]}
SCORE: -5.035

-------------------

/θˈendre/ - /ʧˈɛnere/
θ-ʧ / ˈe-ˈɛ / n-n / ∅-e / d-∅ / r-r / e-e
{0: [0], 1: [1], 2: [2], 3: None, 4: [3], 5: [4], 6: [5]}
{0: [0], 1: [1], 2: [2], 3: [3], 4: None, 5: [4], 6: [5]}
SCORE: 17.443

-------------------

/θˈera/ - /ʧˈɛra/
θ-ʧ / ˈe-ˈɛ / r_a-r_a
{0: [0], 1: [1], 2: [2, 3]}
{0: [0], 1: [1], 2: [2, 3]}
SCORE: 24.322

-------------------

/θˈima/ - /ʧˈima/
θ-ʧ / ˈi-ˈi / m-m / a-a
{0: [0], 1: [1], 2: [2], 3: [3]}
{0: [0], 1: [1], 2: [2], 3: [3]}
SCORE: 26.725

-------------------

/θˈiŋkwe/ - /ʧˈiŋkwe/
θ-ʧ / ˈi-ˈi / ŋ-ŋ / k-k / w-w / e-e
{0: [0], 1: [1], 2: [2], 3: [3], 4: [4], 5: [5]}
{0: [0], 1: [1], 2: [2], 3: [3], 4: [4], 5: [5]}
SCORE: 37.983

-------------------

/θˈɛnto/ - /ʧˈɛntu/
θ-ʧ / ˈɛ-ˈɛ / n-n / t-t / o-u
{0: [0], 1: [1], 2: [2], 3: [3], 4: [4]}
{0: [0], 1: [1], 2: [2], 3: [3], 4: [4]}
SCORE: 27.236
