Same meaning pairs: 331
****SAMPLE 1****
Iteration 1
	Qualified: 245
	Disqualified: 285
	Added: 0
	Removed: 20
		savair /savˈajr/ - sapere /sˈapɛrɛ/
		òmen /ˈɔmen/ - barbātum /barbˈaːtʊ̃ː/
		pèder /pˈɛder/ - tatam /tˈatãː/
		vècˈ /vˈɛʧ/ - vetulus /wˈɛtʊɫʊs/
		dîr /dˈiːr/ - nārrāre /naːrrˈaːrɛ/
		pêɡra /pˈɛːɡra/ - ovem /ˈowɛ̃ː/
		aɡåccia /aɡˈʌʧa/ - acum /ˈakʊ̃ː/
		fiómm /fjˈom/ - rīvum /rˈiːwʊ̃ː/
		savair /savˈajr/ - scīre /skˈiːrɛ/
		bèl /bˈɛl/ - fōrmōsam /foːrmˈoːsãː/
		psair /psˈajr/ - pōtēre /poːtˈeːrɛ/
		estè /estˈɛ/ - vēram /wˈeːrãː/
		żâl /ðˈaːl/ - amārellum /amaːrˈɛlʲlʲʊ̃ː/
		bèl /bˈɛl/ - fōrmōsum /foːrmˈoːsʊ̃ː/
		dé /dˈe/ - diurnum /diˈʊrnʊ̃ː/
		bianc /bjˈaŋk/ - album /ˈaɫbʊ̃ː/
		znîṡa /θnˈiːza/ - cinerem /kˈɪnɛrɛ̃ː/
		òm /ˈɔm/ - barbātum /barbˈaːtʊ̃ː/
		fradèl /fradˈɛl/ - ɡermānum /ɡɛrmˈaːnʊ̃ː/
		nèṡ /nˈɛz/ - nārīcem /naːrˈiːkɛ̃ː/

Iteration 2
	Qualified: 247
	Disqualified: 283
	Added: 3
		psair /psˈajr/ - pōtēre /poːtˈeːrɛ/
		pèder /pˈɛder/ - tatam /tˈatãː/
		savair /savˈajr/ - sapere /sˈapɛrɛ/
	Removed: 1
		frè /frˈɛ/ - ɡermānum /ɡɛrmˈaːnʊ̃ː/

Iteration 3
	Qualified: 247
	Disqualified: 283
	Added: 1
		vècˈ /vˈɛʧ/ - vetulus /wˈɛtʊɫʊs/
	Removed: 1
		pèder /pˈɛder/ - tatam /tˈatãː/

Iteration 4
	Qualified: 250
	Disqualified: 280
	Added: 3
		frè /frˈɛ/ - ɡermānum /ɡɛrmˈaːnʊ̃ː/
		pèder /pˈɛder/ - tatam /tˈatãː/
		savair /savˈajr/ - scīre /skˈiːrɛ/
	Removed: 0

Iteration 5
	Qualified: 249
	Disqualified: 281
	Added: 1
		znîṡa /θnˈiːza/ - cinerem /kˈɪnɛrɛ̃ː/
	Removed: 2
		pèder /pˈɛder/ - tatam /tˈatãː/
		ûcˈ /ˈuːʧ/ - oculōs /ˈɔkʊɫoːs/

Iteration 6
	Qualified: 251
	Disqualified: 279
	Added: 2
		pèder /pˈɛder/ - tatam /tˈatãː/
		fradèl /fradˈɛl/ - ɡermānum /ɡɛrmˈaːnʊ̃ː/
	Removed: 0

Iteration 7
	Qualified: 251
	Disqualified: 279
	Added: 0
	Removed: 0

Final qualifying:
		ajutèr /ajutˈɛr/ - adiūtāre /adiuːtˈaːrɛ/
		anèl /anˈɛl/ - ānellum /aːnˈɛlʲlʲʊ̃ː/
		bianc /bjˈaŋk/ - blancum /blˈaŋkʊ̃ː/
		bavver /bˈaver/ - bibere /bˈɪbɛrɛ/
		bâs /bˈaːs/ - bassum /bˈassʊ̃ː/
		bän /bˈæŋ/ - bene /bˈɛnɛ/
		bòca /bˈɔka/ - bucca /bˈʊkkãː/
		bèl /bˈɛl/ - bellum /bˈɛlʲlʲʊ̃ː/
		bèla /bˈɛla/ - bellam /bˈɛlʲlʲãː/
		bå /bˈʌ/ - bovem /bˈɔwɛ̃ː/
		bån /bˈʌŋ/ - bonum /bˈɔnʊ̃ː/
		draɡån /draɡˈʌŋ/ - dracōnem /drakˈoːnɛ̃ː/
		draɡån /draɡˈʌŋ/ - dracō /drˈakoː/
		dâɡɡˈ /dˈaːʤ/ - duodecim /duˈɔdɛkɪ̃/
		dio /dˈio/ - deus /dˈeʊs/
		dîd /dˈiːd/ - diɡitum /dˈɪɡɪtʊ̃ː/
		dîr /dˈiːr/ - dīcere /dˈiːkɛrɛ/
		dîr /dˈiːr/ - dīre /dˈiːrɛ/
		dîṡ /dˈiːz/ - decem /dˈɛkɛ̃ː/
		dû /dˈuː/ - duōs /dˈuoːs/
		dèr /dˈɛr/ - dare /dˈarɛ/
		dåu /dˈʌu̯/ - duae /dˈuae̯/
		estè /estˈɛ/ - aestīvum /ae̯stˈiːwʊ̃ː/
		faréṅna /farˈeŋna/ - farīnam /farˈiːnãː/
		felîz /felˈiːθ/ - fēlīcem /feːlˈiːkɛ̃ː/
		fiàma /fjˈama/ - flammam /fɫˈammãː/
		fiómm /fjˈom/ - flūmen /fɫˈuːmɛ̃ː/
		fiôl /fjˈɔːl/ - filius /fˈiːlʲiʊs/
		fiôl /fjˈɔːl/ - filium /fˈiːlʲiʊ̃ː/
		fiôla /fjˈɔːla/ - fīliam /fˈiːlʲiãː/
		fiåur /fjˈʌu̯r/ - flōrem /fɫˈoːrɛ̃ː/
		fradèl /fradˈɛl/ - frātrem /frˈaːtrɛ̃ː/
		fradèl /fradˈɛl/ - ɡermānum /ɡɛrmˈaːnʊ̃ː/
		fradd /frˈad/ - frīɡidum /frˈiːɡɪdʊ̃ː/
		frût /frˈuːt/ - frūctum /frˈuːktʊ̃ː/
		frè /frˈɛ/ - frātrem /frˈaːtrɛ̃ː/
		frè /frˈɛ/ - ɡermānum /ɡɛrmˈaːnʊ̃ː/
		fâm /fˈaːm/ - faminem /fˈaminɛ̃ː/
		fâm /fˈaːm/ - famem /fˈamɛ̃ː/
		féddiɡ /fˈediɡ/ - fīcātum /fˈiːkaːtʊ̃ː/
		fén /fˈeŋ/ - fīnem /fˈiːnɛ̃ː/
		fil /fˈil/ - filicellam /filʲikˈɛlʲlʲãː/
		fil /fˈil/ - filum /fˈiːɫʊ̃ː/
		fójja /fˈoja/ - frondeam /frˈɔndɛãː/
		fójja /fˈoja/ - foliam /fˈɔlʲiãː/
		fómm /fˈom/ - fūmum /fˈuːmʊ̃ː/
		fûɡ /fˈuːɡ/ - focum /fˈɔkʊ̃ː/
		fôrt /fˈɔːrt/ - fortem /fˈɔrtɛ̃ː/
		fèda /fˈɛda/ - fātam /fˈaːtãː/
		fèls /fˈɛls/ - falsum /fˈaɫsʊ̃ː/
		fèr /fˈɛr/ - facere /fˈakɛrɛ/
		fèr /fˈɛr/ - fare /fˈarɛ/
		fèsta /fˈɛsta/ - festam /fˈɛstãː/
		invêren /invˈɛːren/ - hībernum /hiːbˈɛrnʊ̃ː/
		cadäṅna /kadˈæŋna/ - catēnam /katˈeːnãː/
		castèl /kastˈɛl/ - castellum /kastˈɛlʲlʲʊ̃ː/
		cavail /kavˈajl/ - capillum /kapˈɪlʲlʲʊ̃ː/
		cazièr /kaθjˈɛr/ - captiāre /kaptiˈaːrɛ/
		cràdder /krˈader/ - crēdere /krˈeːdɛrɛ/
		cråuṡ /krˈʌu̯z/ - crucem /krˈʊkɛ̃ː/
		quâter /kwˈaːter/ - quattuor /kʷˈattuɔr/
		cɡnósser /kɲˈoser/ - coɡnōscere /kɔɡnˈoːskɛrɛ/
		cà /kˈa/ - casae /kˈasae̯/
		can /kˈaŋ/ - canem /kˈanɛ̃ː/
		cant /kˈaŋt/ - cantum /kˈantʊ̃ː/
		câmra /kˈaːmra/ - cameram /kˈamɛrãː/
		chi /kˈi/ - quī /kʷˈiː/
		chi /kˈi/ - quem /kʷˈɛ̃ː/
		cûl /kˈuːl/ - cūlum /kˈuːɫʊ̃ː/
		còl /kˈɔl/ - collum /kˈɔlʲlʲʊ̃ː/
		còsta /kˈɔsta/ - costam /kˈɔstãː/
		cô /kˈɔː/ - codam /kˈoːdãː/
		côren /kˈɔːren/ - cornū /kˈɔrnuː/
		côrp /kˈɔːrp/ - corpus /kˈɔrpʊs/
		chèld /kˈɛld/ - caldum /kˈaɫdʊ̃ː/
		chèp /kˈɛp/ - capum /kˈapʊ̃ː/
		chèren /kˈɛren/ - carnem /kˈarnɛ̃ː/
		chèro /kˈɛro/ - cārum /kˈaːrʊ̃ː/
		chèvra /kˈɛvra/ - capram /kˈaprãː/
		leån /leˈʌŋ/ - leōnem /ɫeˈoːnɛ̃ː/
		lażż /lˈað/ - lēɡem /lˈeːɡɛ̃/
		laɡɡn /lˈaɲ/ - liɡnam /lˈɪɡnãː/
		laɡɡna /lˈaɲa/ - liɡnam /lˈɪɡnãː/
		laɡɡna /lˈaɲa/ - liɡnum /lˈɪɡnʊ̃ː/
		lébber /lˈeber/ - līberum /lˈibɛrʊ̃ː/
		léttra /lˈetra/ - litteram /lʲˈɪttɛrãː/
		lómm /lˈom/ - lūcem /lˈuːkɛ̃ː/
		lómm /lˈom/ - lūmen /ɫˈuːmɛ̃ː/
		lómm /lˈom/ - lūmina /ɫˈuːmɪna/
		lóṅna /lˈoŋna/ - lunam /ɫˈuːnãː/
		lónɡ /lˈoŋɡ/ - lonɡum /ɫˈɔŋɡʊ̃ː/
		lûṡ /lˈuːz/ - lūcem /lˈuːkɛ̃ː/
		lûṡ /lˈuːz/ - lūmen /ɫˈuːmɛ̃ː/
		lûṡ /lˈuːz/ - lūmina /ɫˈuːmɪna/
		lûɡ /lˈuːɡ/ - locus /ɫˈɔkʊs/
		lûɡ /lˈuːɡ/ - locum /ɫˈɔkʊ̃ː/
		länɡua /lˈæŋɡwa/ - linɡuam /lˈɪŋɡʷãː/
		lèna /lˈɛna/ - lānam /ɫˈaːnãː/
		lèt /lˈɛt/ - lectum /ɫˈɛktʊ̃ː/
		lèżer /lˈɛðer/ - leɡere /ɫˈɛɡɛrɛ/
		lèɡ /lˈɛɡ/ - lacum /lˈakʊ̃ː/
		lèɡherma /lˈɛɡerma/ - lacrimam /ɫˈakrɪmãː/
		låuv /lˈʌu̯v/ - lupum /ɫˈʊpʊ̃ː/
		madûr /madˈuːr/ - mātūrum /maːtˈuːrʊ̃ː/
		maɡnèr /maɲˈɛr/ - mandūcāre /manduːkˈaːrɛ/
		metè /metˈɛ/ - medietātem /medietˈaːtɛ̃/
		miåur /mjˈʌu̯r/ - meliōrem /mɛlʲiˈoːrɛ̃ː/
		murîr /murˈiːr/ - morīre /mɔrˈiːrɛ/
		muṡɡhèr /muzɡˈɛr/ - morsicāre /mɔrsɪkˈaːrɛ/
		muṡɡhèr /muzɡˈɛr/ - mordēre /mˈɔrdeːrɛ/
		muntâɡna /muŋtˈaːɲa/ - montaniam /mɔntˈaniãː/
		mân /mˈaːŋ/ - manum /mˈanʊ̃ː/
		méi /mˈej/ - melius /mˈɛlʲiʊs/
		méll /mˈel/ - mīlle /mˈiːlʲlʲɛ/
		méɡɡa /mˈeɡa/ - mīcam /mˈiːkãː/
		môrt /mˈɔːrt/ - mortem /mˈɔrtɛ̃ː/
		mèr /mˈɛr/ - mare /mˈarɛ/
		måssca /mˈʌska/ - muscam /mˈʊskãː/
		nudèr /nudˈɛr/ - natāre /natˈaːrɛ/
		nuèter /nwˈɛter/ - nōs /nˈoːs/
		naiv /nˈajv/ - nivem /nˈɪwɛ̃ː/
		nó /nˈo/ - nōs /nˈoːs/
		nómm /nˈom/ - nōmen /nˈoːmɛ̃ː/
		nóvvla /nˈovla/ - nūbem /nˈuːbɛ̃ː/
		nóvvla /nˈovla/ - nūbilam /nˈuːbɪɫãː/
		nóvvla /nˈovla/ - nūbilum /nˈuːbɪɫʊ̃ː/
		nûṡ /nˈuːz/ - nucem /nˈʊkɛ̃ː/
		nòster /nˈɔster/ - nostrum /nˈɔstrʊ̃ː/
		nôv /nˈɔːv/ - novem /nˈowɛ̃/
		nåud /nˈʌu̯d/ - nōdum /nˈoːdʊ̃ː/
		operèri /operˈɛri/ - operārium /ɔpɛrˈaːriʊ̃ː/
		paróla /parˈola/ - parabolam /parˈabɔɫãː/
		pdòcˈ /pdˈɔʧ/ - pēduculum /peːdˈukʊɫʊ̃ː/
		piànżer /pjˈaŋðer/ - plōrāre /pɫoːrˈaːrɛ/
		piómma /pjˈoma/ - plūmam /pɫˈuːmãː/
		piómma /pjˈoma/ - pennam /pˈɛnnãː/
		piôva /pjˈɔːva/ - pluviam /pɫˈʊwiãː/
		pièɡa /pjˈɛɡa/ - plāɡam /plˈaːɡãː/
		prêda /prˈɛːda/ - petram /pˈɛtrãː/
		psair /psˈajr/ - pōtēre /poːtˈeːrɛ/
		pà /pˈa/ - pedem /pˈɛdɛ̃ː/
		pail /pˈajl/ - pilum /pˈɪɫʊ̃ː/
		pass /pˈas/ - piscem /pˈɪskɛ̃ː/
		pan /pˈaŋ/ - pānem /pˈaːnɛ̃ː/
		panza /pˈaŋθa/ - panticem /pˈantɪkɛ̃ː/
		pânt /pˈaːŋt/ - pontem /pˈɔntɛ̃ː/
		pórch /pˈork/ - porcum /pˈɔrkʊ̃ː/
		pónt /pˈoŋt/ - punctum /pˈʊŋktʊ̃ː/
		pèder /pˈɛder/ - patrem /pˈatrɛ̃ː/
		pèder /pˈɛder/ - tatam /tˈatãː/
		pèt /pˈɛt/ - pectus /pˈɛktʊs/
		pèt /pˈɛt/ - pectum /pˈɛktʊ̃ː/
		pèṡ /pˈɛz/ - pācem /pˈaːkɛ̃ː/
		pêɡra /pˈɛːɡra/ - oviculam /owˈɪkʊɫãː/
		pêɡra /pˈɛːɡra/ - pecora /pˈɛkɔra/
		radîs /radˈiːs/ - rādīcem /raːdˈiːkɛ̃ː/
		rumàn /rumˈaŋ/ - rōmānum /roːmˈaːnʊ̃ː/
		râɡn /rˈaːɲ/ - arāneam /arˈaːneãː/
		râɡn /rˈaːɲ/ - arāneum /arˈaːneʊ̃ː/
		råss /rˈʌs/ - russum /rˈʊssʊ̃ː/
		salût /salˈuːt/ - salūtem /saɫˈuːtɛ̃ː/
		savair /savˈajr/ - scīre /skˈiːrɛ/
		savair /savˈajr/ - sapere /sˈapɛrɛ/
		scrîver /skrˈiːver/ - scrībere /skrˈiːbɛrɛ/
		scultèr /skultˈɛr/ - auscultāre /au̯skʊɫtˈaːrɛ/
		scôrza /skˈɔːrθa/ - corticeam /kɔrtˈɪkɛãː/
		scôrza /skˈɔːrθa/ - corticem /kˈɔrtɪkɛ̃ː/
		scôrza /skˈɔːrθa/ - scorteam /skˈɔrteãː/
		smänt /smˈæŋt/ - sementem /seːmˈɛntɛ̃ː/
		smänt /smˈæŋt/ - sēmen /sˈeːmɛ̃ː/
		Spâɡna /spˈaːɲa/ - ʜispāniam /hɪspˈaːniãː/
		spén /spˈeŋ/ - spīnam /spˈiːnãː/
		spèda /spˈɛda/ - spatham /spˈatʰãː/
		stmèna /stmˈɛna/ - septimānam /sɛptɪmˈaːnãː/
		strèla /strˈɛla/ - stēllam /stˈeːlʲlʲãː/
		stê /stˈɛː/ - statum /stˈatʊ̃ː/
		sacc /sˈak/ - siccum /sˈɪkkʊ̃ː/
		san /sˈaŋ/ - sānum /sˈaːnʊ̃ː/
		sant /sˈaŋt/ - sānctum /sˈaːŋktʊ̃ː/
		sanɡv /sˈaŋɡv/ - sanɡuem /sˈaŋɡʷɛ̃ː/
		sanɡv /sˈaŋɡv/ - sanɡuinem /sˈaŋɡʷɪnɛ̃ː/
		sâbia /sˈaːbja/ - sabula /sˈabʊɫa/
		sâbia /sˈaːbja/ - sabulum /sˈabʊɫʊ̃ː/
		sévi /sˈevi/ - sapidum /sˈapɪdʊ̃ː/
		sî /sˈiː/ - sex /sˈɛks/
		sèl /sˈɛl/ - salem /sˈaɫɛ̃ː/
		sèt /sˈɛt/ - septem /sˈɛptɛ̃/
		såuver /sˈʌu̯ver/ - super /sˈʊpɛr/
		trî /trˈiː/ - trēs /trˈeːs/
		tótt /tˈot/ - tōtum /tˈoːtʊ̃ː/
		tänp /tˈæŋp/ - tempus /tˈɛmpʊs/
		tèra /tˈɛra/ - terram /tˈɛrrãː/
		tånnd /tˈʌŋd/ - rotundum /rɔtˈʊndʊ̃ː/
		uraccia /urˈaʧa/ - auriculam /au̯rˈɪkʊɫãː/
		varɡåɡɡna /varɡˈʌɲa/ - verēkundiam /wɛreːkˈʊndiãː/
		vilàn /vilˈaŋ/ - vīllānum /wiːlʲlʲˈaːnʊ̃ː/
		viâz /vjˈaːθ/ - viāticum /wiˈaːtɪkʊ̃ː/
		vɡnîr /vɲˈiːr/ - venīre /wɛnˈiːrɛ/
		vàdder /vˈader/ - vidēre /wɪdˈeːrɛ/
		vaird /vˈajrd/ - viridem /wˈɪrɪdɛ̃ː/
		vâca /vˈaːka/ - vaccam /wˈakkãː/
		vânt /vˈaːŋt/ - ventum /wˈɛntʊ̃ː/
		vélla /vˈela/ - vīllam /wˈiːlʲlʲãː/
		vétta /vˈeta/ - vītam /wˈiːtãː/
		vén /vˈeŋ/ - vīnum /wˈiːnʊ̃ː/
		vècˈ /vˈɛʧ/ - vetulus /wˈɛtʊɫʊs/
		vècˈ /vˈɛʧ/ - vetulum /wˈɛtʊɫʊ̃ː/
		våuṡ /vˈʌu̯z/ - vōcem /wˈoːkɛ̃ː/
		ṡɡûr /zɡˈuːr/ - sēcūrum /seːkˈuːrʊ̃ː/
		żinżéjja /ðiŋðˈeja/ - ɡinɡīvam /ɡɪŋɡˈiːwãː/
		żànnder /ðˈander/ - ɡenerum /ɡˈɛnɛrʊ̃ː/
		żóɡɡn /ðˈoɲ/ - iūnium /jˈuːniʊ̃ː/
		żûɡ /ðˈuːɡ/ - iocum /jˈɔkʊ̃ː/
		żänt /ðˈæŋt/ - ɡentem /ɡˈɛntɛ̃ː/
		żòja /ðˈɔja/ - ɡaudiam /ɡˈau̯diãː/
		ɡran /ɡrˈaŋ/ - ɡrānum /ɡrˈaːnʊ̃ː/
		ɡrand /ɡrˈaŋd/ - ɡrandem /ɡrˈandɛ̃ː/
		ɡrâs /ɡrˈaːs/ - crassum /krˈassʊ̃ː/
		ɡròs /ɡrˈɔs/ - ɡrossum /ɡrˈɔssʊ̃ː/
		ɡât /ɡˈaːt/ - cattum /kˈattʊ̃ː/
		ɡåula /ɡˈʌu̯la/ - ɡulam /ɡˈʊɫãː/
		ɡåzza /ɡˈʌθa/ - ɡuttam /ɡˈʊttãː/
		ɡiazèr /ʤaθˈɛr/ - ɡelāre /ɡɛɫˈaːrɛ/
		ɡiâz /ʤˈaːθ/ - ɡlaciam /ɡɫˈakiãː/
		cèv /ʧˈɛv/ - clāvem /klˈaːwɛ̃ː/
		ànżel /ˈanðel/ - anɡelum /ˈaŋɡɛɫʊ̃ː/
		âi /ˈaːj/ - ālium /ˈaːlʲiʊ̃ː/
		âcua /ˈaːkwa/ - aquam /ˈakʷãː/
		âlber /ˈaːlber/ - arborem /ˈarbɔrɛ̃ː/
		ân /ˈaːn/ - annum /ˈannʊ̃ː/
		ânma /ˈaːnma/ - animam /ˈanɪmãː/
		îṡla /ˈiːzla/ - īnsulam /ˈĩːsʊɫãː/
		ón /ˈoŋ/ - unum /ˈuːnʊ̃ː/
		ónnɡia /ˈoŋʤa/ - unɡulam /ˈʊŋɡʊɫãː/
		òm /ˈɔm/ - homō /hˈɔmoː/
		òmen /ˈɔmen/ - homō /hˈɔmoː/
		òmen /ˈɔmen/ - hominem /hˈɔmɪnɛ̃ː/
		òs /ˈɔs/ - ossum /ˈɔssʊ̃ː/
		òcˈ /ˈɔʧ/ - oculum /ˈɔkʊɫʊ̃ː/
		ôca /ˈɔːka/ - avicam /ˈawɪkãː/
		ôr /ˈɔːr/ - aurum /ˈau̯rʊ̃ː/
		ôvra /ˈɔːvra/ - operam /ˈɔpɛrãː/
		èter /ˈɛter/ - alterum /ˈaɫtɛrʊ̃ː/
		èv /ˈɛv/ - apem /ˈapɛ̃ː/
		êrba /ˈɛːrba/ - herbam /hˈɛrbãː/
		zincuanta /θiŋkwˈaŋta/ - quīnquāɡintā /kʷiːŋkʷaːɡˈɪntaː/
		znîṡa /θnˈiːza/ - cinerem /kˈɪnɛrɛ̃ː/
		zrîṡa /θrˈiːza/ - ceresiam /kɛrˈɛsiãː/
		zénc /θˈeŋk/ - quīnque /kʷˈiːŋkʷɛ/
		zîl /θˈiːl/ - caelum /kˈae̯ɫʊ̃ː/
		zänt /θˈæŋt/ - centum /kˈɛntʊ̃ː/

Final disqualified:
		aɡåccia /aɡˈʌʧa/ - acum /ˈakʊ̃ː/
		bianc /bjˈaŋk/ - album /ˈaɫbʊ̃ː/
		bèl /bˈɛl/ - fōrmōsam /foːrmˈoːsãː/
		bèl /bˈɛl/ - fōrmōsum /foːrmˈoːsʊ̃ː/
		dé /dˈe/ - diurnum /diˈʊrnʊ̃ː/
		dîr /dˈiːr/ - nārrāre /naːrrˈaːrɛ/
		estè /estˈɛ/ - vēram /wˈeːrãː/
		fiómm /fjˈom/ - rīvum /rˈiːwʊ̃ː/
		nèṡ /nˈɛz/ - nārīcem /naːrˈiːkɛ̃ː/
		pêɡra /pˈɛːɡra/ - ovem /ˈowɛ̃ː/
		żâl /ðˈaːl/ - amārellum /amaːrˈɛlʲlʲʊ̃ː/
		ûcˈ /ˈuːʧ/ - oculōs /ˈɔkʊɫoːs/
		òm /ˈɔm/ - barbātum /barbˈaːtʊ̃ː/
		òmen /ˈɔmen/ - barbātum /barbˈaːtʊ̃ː/


-------------------

****SAMPLE 2****
Iteration 1
	Qualified: 244
	Disqualified: 286
	Added: 0
	Removed: 21
		savair /savˈajr/ - sapere /sˈapɛrɛ/
		òmen /ˈɔmen/ - barbātum /barbˈaːtʊ̃ː/
		pèder /pˈɛder/ - tatam /tˈatãː/
		vècˈ /vˈɛʧ/ - vetulus /wˈɛtʊɫʊs/
		dîr /dˈiːr/ - nārrāre /naːrrˈaːrɛ/
		pêɡra /pˈɛːɡra/ - ovem /ˈowɛ̃ː/
		aɡåccia /aɡˈʌʧa/ - acum /ˈakʊ̃ː/
		pà /pˈa/ - petiolum /pɛtiˈolʊ̃ː/
		fiómm /fjˈom/ - rīvum /rˈiːwʊ̃ː/
		savair /savˈajr/ - scīre /skˈiːrɛ/
		bèl /bˈɛl/ - fōrmōsam /foːrmˈoːsãː/
		estè /estˈɛ/ - vēram /wˈeːrãː/
		frè /frˈɛ/ - ɡermānum /ɡɛrmˈaːnʊ̃ː/
		żâl /ðˈaːl/ - amārellum /amaːrˈɛlʲlʲʊ̃ː/
		bèl /bˈɛl/ - fōrmōsum /foːrmˈoːsʊ̃ː/
		panza /pˈaŋθa/ - ventrem /wˈɛntrɛ̃ː/
		dé /dˈe/ - diurnum /diˈʊrnʊ̃ː/
		bianc /bjˈaŋk/ - album /ˈaɫbʊ̃ː/
		fradèl /fradˈɛl/ - ɡermānum /ɡɛrmˈaːnʊ̃ː/
		uṡèl /uzˈɛl/ - passerem /pˈassɛrɛ̃ː/
		nèṡ /nˈɛz/ - nārīcem /naːrˈiːkɛ̃ː/

Iteration 2
	Qualified: 246
	Disqualified: 284
	Added: 2
		nèṡ /nˈɛz/ - nārīcem /naːrˈiːkɛ̃ː/
		savair /savˈajr/ - sapere /sˈapɛrɛ/
	Removed: 0

Iteration 3
	Qualified: 246
	Disqualified: 284
	Added: 1
		vècˈ /vˈɛʧ/ - vetulus /wˈɛtʊɫʊs/
	Removed: 1
		nèṡ /nˈɛz/ - nārīcem /naːrˈiːkɛ̃ː/

Iteration 4
	Qualified: 249
	Disqualified: 281
	Added: 3
		frè /frˈɛ/ - ɡermānum /ɡɛrmˈaːnʊ̃ː/
		nèṡ /nˈɛz/ - nārīcem /naːrˈiːkɛ̃ː/
		savair /savˈajr/ - scīre /skˈiːrɛ/
	Removed: 0

Iteration 5
	Qualified: 249
	Disqualified: 281
	Added: 1
		pèder /pˈɛder/ - tatam /tˈatãː/
	Removed: 1
		nèṡ /nˈɛz/ - nārīcem /naːrˈiːkɛ̃ː/

Iteration 6
	Qualified: 251
	Disqualified: 279
	Added: 2
		fradèl /fradˈɛl/ - ɡermānum /ɡɛrmˈaːnʊ̃ː/
		nèṡ /nˈɛz/ - nārīcem /naːrˈiːkɛ̃ː/
	Removed: 0

Iteration 7
	Qualified: 250
	Disqualified: 280
	Added: 0
	Removed: 1
		nèṡ /nˈɛz/ - nārīcem /naːrˈiːkɛ̃ː/

Iteration 8
	Qualified: 250
	Disqualified: 280
	Added: 1
		nèṡ /nˈɛz/ - nārīcem /naːrˈiːkɛ̃ː/
	Removed: 1
		fradèl /fradˈɛl/ - ɡermānum /ɡɛrmˈaːnʊ̃ː/

Iteration 9
	Qualified: 250
	Disqualified: 280
	Added: 1
		fradèl /fradˈɛl/ - ɡermānum /ɡɛrmˈaːnʊ̃ː/
	Removed: 1
		nèṡ /nˈɛz/ - nārīcem /naːrˈiːkɛ̃ː/

Final qualifying:
		ajutèr /ajutˈɛr/ - adiūtāre /adiuːtˈaːrɛ/
		anèl /anˈɛl/ - ānellum /aːnˈɛlʲlʲʊ̃ː/
		aɡåccia /aɡˈʌʧa/ - acūculam /akˈuːkʊɫãː/
		bianc /bjˈaŋk/ - blancum /blˈaŋkʊ̃ː/
		bavver /bˈaver/ - bibere /bˈɪbɛrɛ/
		bâs /bˈaːs/ - bassum /bˈassʊ̃ː/
		bän /bˈæŋ/ - bene /bˈɛnɛ/
		bòca /bˈɔka/ - bucca /bˈʊkkãː/
		bôna /bˈɔːna/ - bonam /bˈɔnãː/
		bèl /bˈɛl/ - bellum /bˈɛlʲlʲʊ̃ː/
		bèla /bˈɛla/ - bellam /bˈɛlʲlʲãː/
		bå /bˈʌ/ - bovem /bˈɔwɛ̃ː/
		draɡån /draɡˈʌŋ/ - dracōnem /drakˈoːnɛ̃ː/
		draɡån /draɡˈʌŋ/ - dracō /drˈakoː/
		durmîr /durmˈiːr/ - dormīre /dɔrmˈiːrɛ/
		dâɡɡˈ /dˈaːʤ/ - duodecim /duˈɔdɛkɪ̃/
		dio /dˈio/ - deus /dˈeʊs/
		dîd /dˈiːd/ - diɡitum /dˈɪɡɪtʊ̃ː/
		dîr /dˈiːr/ - dīre /dˈiːrɛ/
		dîṡ /dˈiːz/ - decem /dˈɛkɛ̃ː/
		dû /dˈuː/ - duōs /dˈuoːs/
		dänt /dˈæŋt/ - dentem /dˈɛntɛ̃ː/
		dèr /dˈɛr/ - dare /dˈarɛ/
		dåu /dˈʌu̯/ - duae /dˈuae̯/
		dåu /dˈʌu̯/ - duās /dˈuaːs/
		dåulz /dˈʌu̯lθ/ - dulcem /dˈʊɫkɛ̃ː/
		estè /estˈɛ/ - aestātem /ae̯stˈaːtɛ̃ː/
		faréṅna /farˈeŋna/ - farīnam /farˈiːnãː/
		felîz /felˈiːθ/ - fēlīcem /feːlˈiːkɛ̃ː/
		fiàma /fjˈama/ - flammam /fɫˈammãː/
		fiôl /fjˈɔːl/ - filius /fˈiːlʲiʊs/
		fiôla /fjˈɔːla/ - fīliam /fˈiːlʲiãː/
		fiåur /fjˈʌu̯r/ - flōrem /fɫˈoːrɛ̃ː/
		fradèl /fradˈɛl/ - frātrem /frˈaːtrɛ̃ː/
		fradèl /fradˈɛl/ - ɡermānum /ɡɛrmˈaːnʊ̃ː/
		frè /frˈɛ/ - frātrem /frˈaːtrɛ̃ː/
		frè /frˈɛ/ - ɡermānum /ɡɛrmˈaːnʊ̃ː/
		fâm /fˈaːm/ - faminem /fˈaminɛ̃ː/
		fâm /fˈaːm/ - famem /fˈamɛ̃ː/
		fén /fˈeŋ/ - fīnem /fˈiːnɛ̃ː/
		fil /fˈil/ - filicellam /filʲikˈɛlʲlʲãː/
		fil /fˈil/ - filum /fˈiːɫʊ̃ː/
		fójja /fˈoja/ - foliam /fˈɔlʲiãː/
		fómm /fˈom/ - fūmātam /fuːmˈaːtãː/
		fómm /fˈom/ - fūmum /fˈuːmʊ̃ː/
		fûɡ /fˈuːɡ/ - focum /fˈɔkʊ̃ː/
		fôrt /fˈɔːrt/ - fortem /fˈɔrtɛ̃ː/
		fèda /fˈɛda/ - fātam /fˈaːtãː/
		fèls /fˈɛls/ - falsum /fˈaɫsʊ̃ː/
		fèr /fˈɛr/ - facere /fˈakɛrɛ/
		fèr /fˈɛr/ - fare /fˈarɛ/
		cadäṅna /kadˈæŋna/ - catēnam /katˈeːnãː/
		castèl /kastˈɛl/ - castellum /kastˈɛlʲlʲʊ̃ː/
		cavail /kavˈajl/ - capillum /kapˈɪlʲlʲʊ̃ː/
		cazièr /kaθjˈɛr/ - captiāre /kaptiˈaːrɛ/
		cràdder /krˈader/ - crēdere /krˈeːdɛrɛ/
		cråuṡ /krˈʌu̯z/ - crucem /krˈʊkɛ̃ː/
		culåur /kulˈʌu̯r/ - colōrem /koɫˈoːrɛ̃ː/
		quâter /kwˈaːter/ - quattuor /kʷˈattuɔr/
		cɡnósser /kɲˈoser/ - coɡnōscere /kɔɡnˈoːskɛrɛ/
		cà /kˈa/ - casae /kˈasae̯/
		cà /kˈa/ - casam /kˈasãː/
		can /kˈaŋ/ - canem /kˈanɛ̃ː/
		cant /kˈaŋt/ - cantum /kˈantʊ̃ː/
		câmra /kˈaːmra/ - cameram /kˈamɛrãː/
		chi /kˈi/ - quem /kʷˈɛ̃ː/
		cûl /kˈuːl/ - cūlum /kˈuːɫʊ̃ː/
		cûrt /kˈuːrt/ - curtum /kˈʊrtʊ̃ː/
		còl /kˈɔl/ - collum /kˈɔlʲlʲʊ̃ː/
		cô /kˈɔː/ - codam /kˈoːdãː/
		côr /kˈɔːr/ - corem /kˈɔrɛ̃ː/
		côren /kˈɔːren/ - cornū /kˈɔrnuː/
		côrp /kˈɔːrp/ - corpus /kˈɔrpʊs/
		côrp /kˈɔːrp/ - corpum /kˈɔrpʊ̃ː/
		chèld /kˈɛld/ - caldum /kˈaɫdʊ̃ː/
		chèp /kˈɛp/ - capum /kˈapʊ̃ː/
		chèren /kˈɛren/ - carnem /kˈarnɛ̃ː/
		chèro /kˈɛro/ - cārum /kˈaːrʊ̃ː/
		laɡɡn /lˈaɲ/ - liɡnam /lˈɪɡnãː/
		laɡɡn /lˈaɲ/ - liɡnum /lˈɪɡnʊ̃ː/
		lât /lˈaːt/ - lactem /ɫˈaktɛ̃ː/
		lébber /lˈeber/ - līberum /lˈibɛrʊ̃ː/
		léttra /lˈetra/ - litteram /lʲˈɪttɛrãː/
		lómm /lˈom/ - lūcem /lˈuːkɛ̃ː/
		lómm /lˈom/ - lūmina /ɫˈuːmɪna/
		lóṅna /lˈoŋna/ - lunam /ɫˈuːnãː/
		lónɡ /lˈoŋɡ/ - lonɡum /ɫˈɔŋɡʊ̃ː/
		lûṡ /lˈuːz/ - lūmen /ɫˈuːmɛ̃ː/
		lûṡ /lˈuːz/ - lūmina /ɫˈuːmɪna/
		lûɡ /lˈuːɡ/ - locus /ɫˈɔkʊs/
		lûɡ /lˈuːɡ/ - locum /ɫˈɔkʊ̃ː/
		länɡua /lˈæŋɡwa/ - linɡuam /lˈɪŋɡʷãː/
		lèna /lˈɛna/ - lānam /ɫˈaːnãː/
		lèt /lˈɛt/ - lectum /ɫˈɛktʊ̃ː/
		lèżer /lˈɛðer/ - leɡere /ɫˈɛɡɛrɛ/
		lèɡ /lˈɛɡ/ - lacum /lˈakʊ̃ː/
		lèɡherma /lˈɛɡerma/ - lacrimam /ɫˈakrɪmãː/
		låuv /lˈʌu̯v/ - lupum /ɫˈʊpʊ̃ː/
		madûr /madˈuːr/ - mātūrum /maːtˈuːrʊ̃ː/
		maɡnèr /maɲˈɛr/ - mandūcāre /manduːkˈaːrɛ/
		metè /metˈɛ/ - medietātem /medietˈaːtɛ̃/
		muṡɡhèr /muzɡˈɛr/ - mordēre /mˈɔrdeːrɛ/
		mân /mˈaːŋ/ - manum /mˈanʊ̃ː/
		méll /mˈel/ - mīlle /mˈiːlʲlʲɛ/
		méɡɡa /mˈeɡa/ - mīcam /mˈiːkãː/
		môrt /mˈɔːrt/ - mortem /mˈɔrtɛ̃ː/
		mèder /mˈɛder/ - mātrem /mˈaːtrɛ̃ː/
		mèż /mˈɛð/ - medium /mˈɛdiʊ̃ː/
		måssca /mˈʌska/ - muscam /mˈʊskãː/
		nudèr /nudˈɛr/ - natāre /natˈaːrɛ/
		nuèter /nwˈɛter/ - nōs /nˈoːs/
		nabbia /nˈabja/ - nebulam /nˈɛbʊɫãː/
		naiv /nˈajv/ - nivem /nˈɪwɛ̃ː/
		naiɡher /nˈajɡer/ - niɡrum /nˈɪɡrʊ̃ː/
		nómm /nˈom/ - nōmen /nˈoːmɛ̃ː/
		nóvvla /nˈovla/ - nūbem /nˈuːbɛ̃ː/
		nóvvla /nˈovla/ - nūbilam /nˈuːbɪɫãː/
		nóvvla /nˈovla/ - nūbilum /nˈuːbɪɫʊ̃ː/
		nûṡ /nˈuːz/ - nucem /nˈʊkɛ̃ː/
		nòster /nˈɔster/ - nostrum /nˈɔstrʊ̃ː/
		nòt /nˈɔt/ - noctem /nˈɔktɛ̃ː/
		nôv /nˈɔːv/ - novum /nˈɔwʊ̃ː/
		nèṡ /nˈɛz/ - nāsum /nˈaːsʊ̃ː/
		nåud /nˈʌu̯d/ - nōdum /nˈoːdʊ̃ː/
		operèri /operˈɛri/ - operārium /ɔpɛrˈaːriʊ̃ː/
		palâz /palˈaːθ/ - palātium /paɫˈatiʊ̃ː/
		paróla /parˈola/ - parabolam /parˈabɔɫãː/
		piànżer /pjˈaŋðer/ - plōrāre /pɫoːrˈaːrɛ/
		piànżer /pjˈaŋðer/ - planɡēre /pɫˈaŋɡɛrɛ/
		piómma /pjˈoma/ - plūmam /pɫˈuːmãː/
		piómma /pjˈoma/ - pinnam /pˈɪnnãː/
		piôva /pjˈɔːva/ - pluviam /pɫˈʊwiãː/
		prêda /prˈɛːda/ - petram /pˈɛtrãː/
		pail /pˈajl/ - capillum /kapˈɪlʲlʲʊ̃ː/
		panna /pˈana/ - poenam /pˈoe̯nãː/
		pass /pˈas/ - piscōnem /pɪskˈoːnɛ̃ː/
		pass /pˈas/ - piscem /pˈɪskɛ̃ː/
		pan /pˈaŋ/ - pānem /pˈaːnɛ̃ː/
		panza /pˈaŋθa/ - panticem /pˈantɪkɛ̃ː/
		pén /pˈeŋ/ - plēnum /pɫˈeːnʊ̃ː/
		pónt /pˈoŋt/ - punctum /pˈʊŋktʊ̃ː/
		pôc /pˈɔːk/ - paucum /pˈau̯kʊ̃ː/
		pèder /pˈɛder/ - patrem /pˈatrɛ̃ː/
		pèder /pˈɛder/ - tatam /tˈatãː/
		pèṡ /pˈɛz/ - pācem /pˈaːkɛ̃ː/
		pêɡra /pˈɛːɡra/ - oviculam /owˈɪkʊɫãː/
		pêɡra /pˈɛːɡra/ - pecora /pˈɛkɔra/
		radîs /radˈiːs/ - rādīcem /raːdˈiːkɛ̃ː/
		rumàn /rumˈaŋ/ - rōmānum /roːmˈaːnʊ̃ː/
		râɡn /rˈaːɲ/ - arāneam /arˈaːneãː/
		råss /rˈʌs/ - rubeum /rˈʊbeʊ̃ː/
		råss /rˈʌs/ - russum /rˈʊssʊ̃ː/
		salût /salˈuːt/ - salūtem /saɫˈuːtɛ̃ː/
		savair /savˈajr/ - scīre /skˈiːrɛ/
		savair /savˈajr/ - sapere /sˈapɛrɛ/
		scôrza /skˈɔːrθa/ - corticeam /kɔrtˈɪkɛãː/
		scôrza /skˈɔːrθa/ - corticem /kˈɔrtɪkɛ̃ː/
		scôrza /skˈɔːrθa/ - scorteam /skˈɔrteãː/
		smänt /smˈæŋt/ - sementem /seːmˈɛntɛ̃ː/
		smänt /smˈæŋt/ - sēmen /sˈeːmɛ̃ː/
		Spâɡna /spˈaːɲa/ - ʜispāniam /hɪspˈaːniãː/
		spèda /spˈɛda/ - spatham /spˈatʰãː/
		strèla /strˈɛla/ - stēllam /stˈeːlʲlʲãː/
		stê /stˈɛː/ - statum /stˈatʊ̃ː/
		sacc /sˈak/ - siccum /sˈɪkkʊ̃ː/
		san /sˈaŋ/ - sānum /sˈaːnʊ̃ː/
		sanɡv /sˈaŋɡv/ - sanɡuem /sˈaŋɡʷɛ̃ː/
		sanɡv /sˈaŋɡv/ - sanɡuinem /sˈaŋɡʷɪnɛ̃ː/
		sâbia /sˈaːbja/ - harēnam /harˈeːnãː/
		sâbia /sˈaːbja/ - sabula /sˈabʊɫa/
		sâbia /sˈaːbja/ - sabulum /sˈabʊɫʊ̃ː/
		sévi /sˈevi/ - sapidum /sˈapɪdʊ̃ː/
		sî /sˈiː/ - sex /sˈɛks/
		sîra /sˈiːra/ - sēram /sˈeːrãː/
		sèl /sˈɛl/ - salem /sˈaɫɛ̃ː/
		sèt /sˈɛt/ - septem /sˈɛptɛ̃/
		såul /sˈʌu̯l/ - sōlem /sˈoːɫɛ̃ː/
		såuver /sˈʌu̯ver/ - super /sˈʊpɛr/
		trî /trˈiː/ - trēs /trˈeːs/
		té /tˈe/ - tū /tˈuː/
		tótt /tˈot/ - tōtum /tˈoːtʊ̃ː/
		tänp /tˈæŋp/ - tempus /tˈɛmpʊs/
		tôr /tˈɔːr/ - taurum /tˈau̯rʊ̃ː/
		tèsta /tˈɛsta/ - testam /tˈɛstãː/
		tånnd /tˈʌŋd/ - rotundum /rɔtˈʊndʊ̃ː/
		uraccia /urˈaʧa/ - auriculam /au̯rˈɪkʊɫãː/
		uṡèl /uzˈɛl/ - avicellum /awɪkˈɛlʲlʲʊ̃ː/
		varɡåɡɡna /varɡˈʌɲa/ - verēkundiam /wɛreːkˈʊndiãː/
		vidèl /vidˈɛl/ - vitellum /wɪtˈɛlʲlʲʊ̃ː/
		vilàn /vilˈaŋ/ - vīllānum /wiːlʲlʲˈaːnʊ̃ː/
		viâz /vjˈaːθ/ - viāticum /wiˈaːtɪkʊ̃ː/
		vulèr /vulˈɛr/ - volāre /wɔɫˈaːrɛ/
		vɡnîr /vɲˈiːr/ - venīre /wɛnˈiːrɛ/
		vaird /vˈajrd/ - viridem /wˈɪrɪdɛ̃ː/
		vâca /vˈaːka/ - vaccam /wˈakkãː/
		vânt /vˈaːŋt/ - ventum /wˈɛntʊ̃ː/
		vélla /vˈela/ - vīllam /wˈiːlʲlʲãː/
		vétta /vˈeta/ - vītam /wˈiːtãː/
		vén /vˈeŋ/ - vīnum /wˈiːnʊ̃ː/
		vént /vˈeŋt/ - vīɡintī /wiːɡˈɪntiː/
		vèrem /vˈɛrem/ - vermem /wˈɛrmɛ̃ː/
		vècˈ /vˈɛʧ/ - vetulus /wˈɛtʊɫʊs/
		vècˈ /vˈɛʧ/ - vetulum /wˈɛtʊɫʊ̃ː/
		ṡɡûr /zɡˈuːr/ - sēcūrum /seːkˈuːrʊ̃ː/
		żinżéjja /ðiŋðˈeja/ - ɡinɡīvam /ɡɪŋɡˈiːwãː/
		żnòcˈ /ðnˈɔʧ/ - ɡenuculum /ɡɛnˈʊkʊɫʊ̃ː/
		żâl /ðˈaːl/ - ɡalbinum /ɡˈaɫbɪnʊ̃ː/
		żóɡɡn /ðˈoɲ/ - iūnium /jˈuːniʊ̃ː/
		żûɡ /ðˈuːɡ/ - iocum /jˈɔkʊ̃ː/
		żòja /ðˈɔja/ - ɡaudiam /ɡˈau̯diãː/
		żåuven /ðˈʌu̯ven/ - iuvenem /jˈuwɛnɛ̃ː/
		ɡran /ɡrˈaŋ/ - ɡrānum /ɡrˈaːnʊ̃ː/
		ɡrâs /ɡrˈaːs/ - crassum /krˈassʊ̃ː/
		ɡròs /ɡrˈɔs/ - ɡrossum /ɡrˈɔssʊ̃ː/
		ɡât /ɡˈaːt/ - cattum /kˈattʊ̃ː/
		ɡåula /ɡˈʌu̯la/ - ɡulam /ɡˈʊɫãː/
		ɡåzza /ɡˈʌθa/ - ɡuttam /ɡˈʊttãː/
		ɡiazèr /ʤaθˈɛr/ - ɡelāre /ɡɛɫˈaːrɛ/
		ɡiazèr /ʤaθˈɛr/ - ɡlaciāre /ɡɫakiˈaːrɛ/
		ɡiâz /ʤˈaːθ/ - ɡlaciam /ɡɫˈakiãː/
		ɡióddiz /ʤˈodiθ/ - iūdicem /jˈuːdɪkɛ̃ː/
		ciamèr /ʧamˈɛr/ - clāmāre /kɫaːmˈaːrɛ/
		cèv /ʧˈɛv/ - clāvem /klˈaːwɛ̃ː/
		ànżel /ˈanðel/ - anɡelum /ˈaŋɡɛɫʊ̃ː/
		âi /ˈaːj/ - ālium /ˈaːlʲiʊ̃ː/
		âcua /ˈaːkwa/ - aquam /ˈakʷãː/
		ân /ˈaːn/ - annum /ˈannʊ̃ː/
		ânma /ˈaːnma/ - animam /ˈanɪmãː/
		ón /ˈoŋ/ - unum /ˈuːnʊ̃ː/
		ónnɡia /ˈoŋʤa/ - unɡulam /ˈʊŋɡʊɫãː/
		ûcˈ /ˈuːʧ/ - oculōs /ˈɔkʊɫoːs/
		òm /ˈɔm/ - homō /hˈɔmoː/
		òm /ˈɔm/ - hominem /hˈɔmɪnɛ̃ː/
		òmen /ˈɔmen/ - homō /hˈɔmoː/
		òmen /ˈɔmen/ - hominem /hˈɔmɪnɛ̃ː/
		òs /ˈɔs/ - ossum /ˈɔssʊ̃ː/
		òt /ˈɔt/ - octō /ˈɔktoː/
		òcˈ /ˈɔʧ/ - oculum /ˈɔkʊɫʊ̃ː/
		ôca /ˈɔːka/ - avicam /ˈawɪkãː/
		ôr /ˈɔːr/ - aurum /ˈau̯rʊ̃ː/
		èv /ˈɛv/ - apem /ˈapɛ̃ː/
		êrba /ˈɛːrba/ - herbam /hˈɛrbãː/
		zitè /θitˈɛ/ - cīvitātem /kiːwɪtˈaːtɛ̃ː/
		zincuanta /θiŋkwˈaŋta/ - quīnquāɡintā /kʷiːŋkʷaːɡˈɪntaː/
		zrîṡa /θrˈiːza/ - ceresiam /kɛrˈɛsiãː/
		zànnder /θˈander/ - cinerem /kˈɪnɛrɛ̃ː/
		zénc /θˈeŋk/ - quīnque /kʷˈiːŋkʷɛ/
		zîl /θˈiːl/ - caelum /kˈae̯ɫʊ̃ː/
		zîra /θˈiːra/ - cēram /kˈeːrãː/
		zänt /θˈæŋt/ - centum /kˈɛntʊ̃ː/

Final disqualified:
		aɡåccia /aɡˈʌʧa/ - acum /ˈakʊ̃ː/
		bianc /bjˈaŋk/ - album /ˈaɫbʊ̃ː/
		bèl /bˈɛl/ - fōrmōsam /foːrmˈoːsãː/
		bèl /bˈɛl/ - fōrmōsum /foːrmˈoːsʊ̃ː/
		dé /dˈe/ - diurnum /diˈʊrnʊ̃ː/
		dîr /dˈiːr/ - nārrāre /naːrrˈaːrɛ/
		estè /estˈɛ/ - vēram /wˈeːrãː/
		fiómm /fjˈom/ - rīvum /rˈiːwʊ̃ː/
		nèṡ /nˈɛz/ - nārīcem /naːrˈiːkɛ̃ː/
		pà /pˈa/ - petiolum /pɛtiˈolʊ̃ː/
		panza /pˈaŋθa/ - ventrem /wˈɛntrɛ̃ː/
		pêɡra /pˈɛːɡra/ - ovem /ˈowɛ̃ː/
		uṡèl /uzˈɛl/ - passerem /pˈassɛrɛ̃ː/
		żâl /ðˈaːl/ - amārellum /amaːrˈɛlʲlʲʊ̃ː/
		òmen /ˈɔmen/ - barbātum /barbˈaːtʊ̃ː/


-------------------

****SAMPLE 3****
Iteration 1
	Qualified: 245
	Disqualified: 285
	Added: 0
	Removed: 20
		fil /fˈil/ - filicellam /filʲikˈɛlʲlʲãː/
		òmen /ˈɔmen/ - barbātum /barbˈaːtʊ̃ː/
		pèder /pˈɛder/ - tatam /tˈatãː/
		vècˈ /vˈɛʧ/ - vetulus /wˈɛtʊɫʊs/
		dîr /dˈiːr/ - nārrāre /naːrrˈaːrɛ/
		pêɡra /pˈɛːɡra/ - ovem /ˈowɛ̃ː/
		pà /pˈa/ - petiolum /pɛtiˈolʊ̃ː/
		fiómm /fjˈom/ - rīvum /rˈiːwʊ̃ː/
		savair /savˈajr/ - scīre /skˈiːrɛ/
		psair /psˈajr/ - pōtēre /poːtˈeːrɛ/
		dé /dˈe/ - diurnum /diˈʊrnʊ̃ː/
		bianc /bjˈaŋk/ - album /ˈaɫbʊ̃ː/
		znîṡa /θnˈiːza/ - cinerem /kˈɪnɛrɛ̃ː/
		òm /ˈɔm/ - barbātum /barbˈaːtʊ̃ː/
		èv /ˈɛv/ - apiculam /apˈɪkʊɫãː/
		piànżer /pjˈaŋðer/ - plōrāre /pɫoːrˈaːrɛ/
		nuèter /nwˈɛter/ - nōs /nˈoːs/
		fradèl /fradˈɛl/ - ɡermānum /ɡɛrmˈaːnʊ̃ː/
		òm /ˈɔm/ - hominem /hˈɔmɪnɛ̃ː/
		uṡèl /uzˈɛl/ - passerem /pˈassɛrɛ̃ː/

Iteration 2
	Qualified: 247
	Disqualified: 283
	Added: 3
		psair /psˈajr/ - pōtēre /poːtˈeːrɛ/
		piànżer /pjˈaŋðer/ - plōrāre /pɫoːrˈaːrɛ/
		òm /ˈɔm/ - hominem /hˈɔmɪnɛ̃ː/
	Removed: 1
		frè /frˈɛ/ - ɡermānum /ɡɛrmˈaːnʊ̃ː/

Iteration 3
	Qualified: 247
	Disqualified: 283
	Added: 1
		vècˈ /vˈɛʧ/ - vetulus /wˈɛtʊɫʊs/
	Removed: 1
		psair /psˈajr/ - pōtēre /poːtˈeːrɛ/

Iteration 4
	Qualified: 248
	Disqualified: 282
	Added: 1
		psair /psˈajr/ - pōtēre /poːtˈeːrɛ/
	Removed: 0

Iteration 5
	Qualified: 249
	Disqualified: 281
	Added: 1
		frè /frˈɛ/ - ɡermānum /ɡɛrmˈaːnʊ̃ː/
	Removed: 0

Iteration 6
	Qualified: 250
	Disqualified: 280
	Added: 1
		pèder /pˈɛder/ - tatam /tˈatãː/
	Removed: 0

Iteration 7
	Qualified: 250
	Disqualified: 280
	Added: 1
		fradèl /fradˈɛl/ - ɡermānum /ɡɛrmˈaːnʊ̃ː/
	Removed: 1
		pèder /pˈɛder/ - tatam /tˈatãː/

Iteration 8
	Qualified: 252
	Disqualified: 278
	Added: 3
		pèder /pˈɛder/ - tatam /tˈatãː/
		fil /fˈil/ - filicellam /filʲikˈɛlʲlʲãː/
		savair /savˈajr/ - scīre /skˈiːrɛ/
	Removed: 1
		fradèl /fradˈɛl/ - ɡermānum /ɡɛrmˈaːnʊ̃ː/

Iteration 9
	Qualified: 252
	Disqualified: 278
	Added: 1
		fradèl /fradˈɛl/ - ɡermānum /ɡɛrmˈaːnʊ̃ː/
	Removed: 1
		savair /savˈajr/ - scīre /skˈiːrɛ/

Iteration 10
	Qualified: 253
	Disqualified: 277
	Added: 1
		savair /savˈajr/ - scīre /skˈiːrɛ/
	Removed: 0

Final qualifying:
		ajutèr /ajutˈɛr/ - adiūtāre /adiuːtˈaːrɛ/
		anèl /anˈɛl/ - ānellum /aːnˈɛlʲlʲʊ̃ː/
		aɡåccia /aɡˈʌʧa/ - acūculam /akˈuːkʊɫãː/
		bianc /bjˈaŋk/ - blancum /blˈaŋkʊ̃ː/
		bavver /bˈaver/ - bibere /bˈɪbɛrɛ/
		bâs /bˈaːs/ - bassum /bˈassʊ̃ː/
		bän /bˈæŋ/ - bene /bˈɛnɛ/
		bòca /bˈɔka/ - bucca /bˈʊkkãː/
		bôna /bˈɔːna/ - bonam /bˈɔnãː/
		bèl /bˈɛl/ - bellum /bˈɛlʲlʲʊ̃ː/
		bèla /bˈɛla/ - bellam /bˈɛlʲlʲãː/
		bå /bˈʌ/ - bovem /bˈɔwɛ̃ː/
		bån /bˈʌŋ/ - bonum /bˈɔnʊ̃ː/
		draɡån /draɡˈʌŋ/ - dracō /drˈakoː/
		durmîr /durmˈiːr/ - dormīre /dɔrmˈiːrɛ/
		dâɡɡˈ /dˈaːʤ/ - duodecim /duˈɔdɛkɪ̃/
		dio /dˈio/ - deus /dˈeʊs/
		dîd /dˈiːd/ - diɡitum /dˈɪɡɪtʊ̃ː/
		dîr /dˈiːr/ - dīcere /dˈiːkɛrɛ/
		dîr /dˈiːr/ - dīre /dˈiːrɛ/
		dîṡ /dˈiːz/ - decem /dˈɛkɛ̃ː/
		dû /dˈuː/ - duōs /dˈuoːs/
		dänt /dˈæŋt/ - dentem /dˈɛntɛ̃ː/
		dèr /dˈɛr/ - dare /dˈarɛ/
		dåu /dˈʌu̯/ - duae /dˈuae̯/
		dåu /dˈʌu̯/ - duās /dˈuaːs/
		dåulz /dˈʌu̯lθ/ - dulcem /dˈʊɫkɛ̃ː/
		estè /estˈɛ/ - aestātem /ae̯stˈaːtɛ̃ː/
		estè /estˈɛ/ - aestīvum /ae̯stˈiːwʊ̃ː/
		faréṅna /farˈeŋna/ - farīnam /farˈiːnãː/
		felîz /felˈiːθ/ - fēlīcem /feːlˈiːkɛ̃ː/
		fiôl /fjˈɔːl/ - filius /fˈiːlʲiʊs/
		fiôl /fjˈɔːl/ - filium /fˈiːlʲiʊ̃ː/
		fiåur /fjˈʌu̯r/ - flōrem /fɫˈoːrɛ̃ː/
		fradèl /fradˈɛl/ - ɡermānum /ɡɛrmˈaːnʊ̃ː/
		fradd /frˈad/ - frīɡidum /frˈiːɡɪdʊ̃ː/
		frè /frˈɛ/ - frātrem /frˈaːtrɛ̃ː/
		frè /frˈɛ/ - ɡermānum /ɡɛrmˈaːnʊ̃ː/
		fâm /fˈaːm/ - famem /fˈamɛ̃ː/
		féddiɡ /fˈediɡ/ - fīcātum /fˈiːkaːtʊ̃ː/
		fén /fˈeŋ/ - fīnem /fˈiːnɛ̃ː/
		fil /fˈil/ - filicellam /filʲikˈɛlʲlʲãː/
		fil /fˈil/ - filum /fˈiːɫʊ̃ː/
		fójja /fˈoja/ - frondeam /frˈɔndɛãː/
		fójja /fˈoja/ - foliam /fˈɔlʲiãː/
		fómm /fˈom/ - fūmum /fˈuːmʊ̃ː/
		fûɡ /fˈuːɡ/ - focum /fˈɔkʊ̃ː/
		fôrt /fˈɔːrt/ - fortem /fˈɔrtɛ̃ː/
		fèda /fˈɛda/ - fātam /fˈaːtãː/
		fèls /fˈɛls/ - falsum /fˈaɫsʊ̃ː/
		fèr /fˈɛr/ - facere /fˈakɛrɛ/
		fèr /fˈɛr/ - fare /fˈarɛ/
		fèsta /fˈɛsta/ - festam /fˈɛstãː/
		invêren /invˈɛːren/ - hībernum /hiːbˈɛrnʊ̃ː/
		cadäṅna /kadˈæŋna/ - catēnam /katˈeːnãː/
		castèl /kastˈɛl/ - castellum /kastˈɛlʲlʲʊ̃ː/
		cavail /kavˈajl/ - capillum /kapˈɪlʲlʲʊ̃ː/
		cavail /kavˈajl/ - pilum /pˈɪɫʊ̃ː/
		canbièr /kaŋbjˈɛr/ - cambiāre /kambiˈaːrɛ/
		cràdder /krˈader/ - crēdere /krˈeːdɛrɛ/
		cråuṡ /krˈʌu̯z/ - crucem /krˈʊkɛ̃ː/
		culåur /kulˈʌu̯r/ - colōrem /koɫˈoːrɛ̃ː/
		quâter /kwˈaːter/ - quattuor /kʷˈattuɔr/
		cɡnósser /kɲˈoser/ - coɡnōscere /kɔɡnˈoːskɛrɛ/
		cà /kˈa/ - casae /kˈasae̯/
		cà /kˈa/ - casam /kˈasãː/
		can /kˈaŋ/ - canem /kˈanɛ̃ː/
		cant /kˈaŋt/ - cantum /kˈantʊ̃ː/
		câmra /kˈaːmra/ - cameram /kˈamɛrãː/
		chi /kˈi/ - quem /kʷˈɛ̃ː/
		cûl /kˈuːl/ - cūlum /kˈuːɫʊ̃ː/
		cûrt /kˈuːrt/ - curtum /kˈʊrtʊ̃ː/
		còl /kˈɔl/ - collum /kˈɔlʲlʲʊ̃ː/
		còsta /kˈɔsta/ - costam /kˈɔstãː/
		côr /kˈɔːr/ - corem /kˈɔrɛ̃ː/
		côren /kˈɔːren/ - cornū /kˈɔrnuː/
		côrp /kˈɔːrp/ - corpus /kˈɔrpʊs/
		chèld /kˈɛld/ - caldum /kˈaɫdʊ̃ː/
		chèp /kˈɛp/ - capum /kˈapʊ̃ː/
		chèren /kˈɛren/ - carnem /kˈarnɛ̃ː/
		chèro /kˈɛro/ - cārum /kˈaːrʊ̃ː/
		chèvra /kˈɛvra/ - capram /kˈaprãː/
		leån /leˈʌŋ/ - leōnem /ɫeˈoːnɛ̃ː/
		lażż /lˈað/ - lēɡem /lˈeːɡɛ̃/
		laɡɡn /lˈaɲ/ - liɡnam /lˈɪɡnãː/
		laɡɡn /lˈaɲ/ - liɡnum /lˈɪɡnʊ̃ː/
		laɡɡna /lˈaɲa/ - liɡnam /lˈɪɡnãː/
		laɡɡna /lˈaɲa/ - liɡnum /lˈɪɡnʊ̃ː/
		lât /lˈaːt/ - lactem /ɫˈaktɛ̃ː/
		lébber /lˈeber/ - līberum /lˈibɛrʊ̃ː/
		léttra /lˈetra/ - litteram /lʲˈɪttɛrãː/
		lómm /lˈom/ - lūcem /lˈuːkɛ̃ː/
		lómm /lˈom/ - lūmen /ɫˈuːmɛ̃ː/
		lómm /lˈom/ - lūmina /ɫˈuːmɪna/
		lóṅna /lˈoŋna/ - lunam /ɫˈuːnãː/
		lónɡ /lˈoŋɡ/ - lonɡum /ɫˈɔŋɡʊ̃ː/
		lûṡ /lˈuːz/ - lūcem /lˈuːkɛ̃ː/
		lûṡ /lˈuːz/ - lūmen /ɫˈuːmɛ̃ː/
		lûṡ /lˈuːz/ - lūmina /ɫˈuːmɪna/
		lûɡ /lˈuːɡ/ - locus /ɫˈɔkʊs/
		lûɡ /lˈuːɡ/ - locum /ɫˈɔkʊ̃ː/
		lèna /lˈɛna/ - lānam /ɫˈaːnãː/
		lèt /lˈɛt/ - lectum /ɫˈɛktʊ̃ː/
		lèżer /lˈɛðer/ - leɡere /ɫˈɛɡɛrɛ/
		lèɡ /lˈɛɡ/ - lacum /lˈakʊ̃ː/
		lèɡherma /lˈɛɡerma/ - lacrimam /ɫˈakrɪmãː/
		låuv /lˈʌu̯v/ - lupum /ɫˈʊpʊ̃ː/
		maɡnèr /maɲˈɛr/ - mandūcāre /manduːkˈaːrɛ/
		metè /metˈɛ/ - medietātem /medietˈaːtɛ̃/
		miåur /mjˈʌu̯r/ - meliōrem /mɛlʲiˈoːrɛ̃ː/
		muṡɡhèr /muzɡˈɛr/ - morsicāre /mɔrsɪkˈaːrɛ/
		muṡɡhèr /muzɡˈɛr/ - mordēre /mˈɔrdeːrɛ/
		méi /mˈej/ - melius /mˈɛlʲiʊs/
		méll /mˈel/ - mīlle /mˈiːlʲlʲɛ/
		môrt /mˈɔːrt/ - mortem /mˈɔrtɛ̃ː/
		mèder /mˈɛder/ - mātrem /mˈaːtrɛ̃ː/
		mèr /mˈɛr/ - mare /mˈarɛ/
		nudèr /nudˈɛr/ - natāre /natˈaːrɛ/
		nabbia /nˈabja/ - nebulam /nˈɛbʊɫãː/
		naiv /nˈajv/ - nivem /nˈɪwɛ̃ː/
		naiɡher /nˈajɡer/ - niɡrum /nˈɪɡrʊ̃ː/
		nó /nˈo/ - nōs /nˈoːs/
		nómm /nˈom/ - nōmen /nˈoːmɛ̃ː/
		nóvvla /nˈovla/ - nūbem /nˈuːbɛ̃ː/
		nóvvla /nˈovla/ - nūbilam /nˈuːbɪɫãː/
		nóvvla /nˈovla/ - nūbilum /nˈuːbɪɫʊ̃ː/
		nûṡ /nˈuːz/ - nucem /nˈʊkɛ̃ː/
		nòster /nˈɔster/ - nostrum /nˈɔstrʊ̃ː/
		nòt /nˈɔt/ - noctem /nˈɔktɛ̃ː/
		nôv /nˈɔːv/ - novem /nˈowɛ̃/
		nôv /nˈɔːv/ - novum /nˈɔwʊ̃ː/
		nèṡ /nˈɛz/ - nāsum /nˈaːsʊ̃ː/
		operèri /operˈɛri/ - operārium /ɔpɛrˈaːriʊ̃ː/
		palâz /palˈaːθ/ - palātium /paɫˈatiʊ̃ː/
		paróla /parˈola/ - parabolam /parˈabɔɫãː/
		pdòcˈ /pdˈɔʧ/ - pēduculum /peːdˈukʊɫʊ̃ː/
		piànżer /pjˈaŋðer/ - plōrāre /pɫoːrˈaːrɛ/
		piómma /pjˈoma/ - plūmam /pɫˈuːmãː/
		piómma /pjˈoma/ - pennam /pˈɛnnãː/
		piómma /pjˈoma/ - pinnam /pˈɪnnãː/
		piôva /pjˈɔːva/ - pluviam /pɫˈʊwiãː/
		pièɡa /pjˈɛɡa/ - plāɡam /plˈaːɡãː/
		prêda /prˈɛːda/ - petram /pˈɛtrãː/
		psair /psˈajr/ - pōtēre /poːtˈeːrɛ/
		pà /pˈa/ - pedem /pˈɛdɛ̃ː/
		pail /pˈajl/ - pilum /pˈɪɫʊ̃ː/
		panna /pˈana/ - poenam /pˈoe̯nãː/
		pass /pˈas/ - piscōnem /pɪskˈoːnɛ̃ː/
		pass /pˈas/ - piscem /pˈɪskɛ̃ː/
		pan /pˈaŋ/ - pānem /pˈaːnɛ̃ː/
		panza /pˈaŋθa/ - panticem /pˈantɪkɛ̃ː/
		pânt /pˈaːŋt/ - pontem /pˈɔntɛ̃ː/
		pén /pˈeŋ/ - plēnum /pɫˈeːnʊ̃ː/
		pórch /pˈork/ - porcum /pˈɔrkʊ̃ː/
		pèder /pˈɛder/ - patrem /pˈatrɛ̃ː/
		pèder /pˈɛder/ - tatam /tˈatãː/
		pèl /pˈɛl/ - pellem /pˈɛlʲlʲɛ̃ː/
		pèt /pˈɛt/ - pectus /pˈɛktʊs/
		pèt /pˈɛt/ - pectum /pˈɛktʊ̃ː/
		pèṡ /pˈɛz/ - pācem /pˈaːkɛ̃ː/
		pêɡra /pˈɛːɡra/ - oviculam /owˈɪkʊɫãː/
		pêɡra /pˈɛːɡra/ - pecora /pˈɛkɔra/
		radîs /radˈiːs/ - rādīcīnam /raːdiːkˈiːnãː/
		rumàn /rumˈaŋ/ - rōmānum /roːmˈaːnʊ̃ː/
		râɡn /rˈaːɲ/ - arāneam /arˈaːneãː/
		râɡn /rˈaːɲ/ - arāneum /arˈaːneʊ̃ː/
		råss /rˈʌs/ - rubeum /rˈʊbeʊ̃ː/
		råss /rˈʌs/ - russum /rˈʊssʊ̃ː/
		salût /salˈuːt/ - salūtem /saɫˈuːtɛ̃ː/
		savair /savˈajr/ - scīre /skˈiːrɛ/
		scrîver /skrˈiːver/ - scrībere /skrˈiːbɛrɛ/
		scultèr /skultˈɛr/ - auscultāre /au̯skʊɫtˈaːrɛ/
		scôrza /skˈɔːrθa/ - corticeam /kɔrtˈɪkɛãː/
		scôrza /skˈɔːrθa/ - scorteam /skˈɔrteãː/
		smänt /smˈæŋt/ - sementem /seːmˈɛntɛ̃ː/
		smänt /smˈæŋt/ - sēmen /sˈeːmɛ̃ː/
		Spâɡna /spˈaːɲa/ - ʜispāniam /hɪspˈaːniãː/
		spèda /spˈɛda/ - spatham /spˈatʰãː/
		stmèna /stmˈɛna/ - septimānam /sɛptɪmˈaːnãː/
		stê /stˈɛː/ - statum /stˈatʊ̃ː/
		sacc /sˈak/ - siccum /sˈɪkkʊ̃ː/
		sant /sˈaŋt/ - sānctum /sˈaːŋktʊ̃ː/
		sanɡv /sˈaŋɡv/ - sanɡuinem /sˈaŋɡʷɪnɛ̃ː/
		sâbia /sˈaːbja/ - sabula /sˈabʊɫa/
		sévi /sˈevi/ - sapidum /sˈapɪdʊ̃ː/
		sî /sˈiː/ - sex /sˈɛks/
		sîra /sˈiːra/ - sēram /sˈeːrãː/
		sèl /sˈɛl/ - salem /sˈaɫɛ̃ː/
		såul /sˈʌu̯l/ - sōlem /sˈoːɫɛ̃ː/
		trî /trˈiː/ - trēs /trˈeːs/
		té /tˈe/ - tū /tˈuː/
		tótt /tˈot/ - tōtum /tˈoːtʊ̃ː/
		tôr /tˈɔːr/ - taurum /tˈau̯rʊ̃ː/
		tèra /tˈɛra/ - terram /tˈɛrrãː/
		tèsta /tˈɛsta/ - testam /tˈɛstãː/
		tånnd /tˈʌŋd/ - rotundum /rɔtˈʊndʊ̃ː/
		varɡåɡɡna /varɡˈʌɲa/ - verēkundiam /wɛreːkˈʊndiãː/
		vilàn /vilˈaŋ/ - vīllānum /wiːlʲlʲˈaːnʊ̃ː/
		viâz /vjˈaːθ/ - viāticum /wiˈaːtɪkʊ̃ː/
		vulèr /vulˈɛr/ - volāre /wɔɫˈaːrɛ/
		vɡnîr /vɲˈiːr/ - venīre /wɛnˈiːrɛ/
		vàdder /vˈader/ - vidēre /wɪdˈeːrɛ/
		vaird /vˈajrd/ - viridem /wˈɪrɪdɛ̃ː/
		vâca /vˈaːka/ - vaccam /wˈakkãː/
		vânt /vˈaːŋt/ - ventum /wˈɛntʊ̃ː/
		vélla /vˈela/ - vīllam /wˈiːlʲlʲãː/
		vént /vˈeŋt/ - vīɡintī /wiːɡˈɪntiː/
		vèrem /vˈɛrem/ - vermem /wˈɛrmɛ̃ː/
		vècˈ /vˈɛʧ/ - vetulus /wˈɛtʊɫʊs/
		vècˈ /vˈɛʧ/ - vetulum /wˈɛtʊɫʊ̃ː/
		ṡɡûr /zɡˈuːr/ - sēcūrum /seːkˈuːrʊ̃ː/
		żinżéjja /ðiŋðˈeja/ - ɡinɡīvam /ɡɪŋɡˈiːwãː/
		żnòcˈ /ðnˈɔʧ/ - ɡenuculum /ɡɛnˈʊkʊɫʊ̃ː/
		żâl /ðˈaːl/ - ɡalbinum /ɡˈaɫbɪnʊ̃ː/
		żûɡ /ðˈuːɡ/ - iocum /jˈɔkʊ̃ː/
		żòja /ðˈɔja/ - ɡaudiam /ɡˈau̯diãː/
		żåuven /ðˈʌu̯ven/ - iuvenem /jˈuwɛnɛ̃ː/
		ɡran /ɡrˈaŋ/ - ɡrānum /ɡrˈaːnʊ̃ː/
		ɡrand /ɡrˈaŋd/ - ɡrandem /ɡrˈandɛ̃ː/
		ɡrâs /ɡrˈaːs/ - crassum /krˈassʊ̃ː/
		ɡròs /ɡrˈɔs/ - ɡrossum /ɡrˈɔssʊ̃ː/
		ɡât /ɡˈaːt/ - cattum /kˈattʊ̃ː/
		ɡåula /ɡˈʌu̯la/ - ɡulam /ɡˈʊɫãː/
		ɡiazèr /ʤaθˈɛr/ - ɡlaciāre /ɡɫakiˈaːrɛ/
		ɡiâz /ʤˈaːθ/ - ɡlaciam /ɡɫˈakiãː/
		ɡióddiz /ʤˈodiθ/ - iūdicem /jˈuːdɪkɛ̃ː/
		ciamèr /ʧamˈɛr/ - clāmāre /kɫaːmˈaːrɛ/
		cèv /ʧˈɛv/ - clāvem /klˈaːwɛ̃ː/
		ànżel /ˈanðel/ - anɡelum /ˈaŋɡɛɫʊ̃ː/
		âi /ˈaːj/ - ālium /ˈaːlʲiʊ̃ː/
		âcua /ˈaːkwa/ - aquam /ˈakʷãː/
		âlber /ˈaːlber/ - arborem /ˈarbɔrɛ̃ː/
		ân /ˈaːn/ - annum /ˈannʊ̃ː/
		îṡla /ˈiːzla/ - īnsulam /ˈĩːsʊɫãː/
		ón /ˈoŋ/ - unum /ˈuːnʊ̃ː/
		ónnɡia /ˈoŋʤa/ - unɡulam /ˈʊŋɡʊɫãː/
		ûcˈ /ˈuːʧ/ - oculōs /ˈɔkʊɫoːs/
		òm /ˈɔm/ - homō /hˈɔmoː/
		òm /ˈɔm/ - hominem /hˈɔmɪnɛ̃ː/
		òmen /ˈɔmen/ - homō /hˈɔmoː/
		òmen /ˈɔmen/ - hominem /hˈɔmɪnɛ̃ː/
		òs /ˈɔs/ - ossum /ˈɔssʊ̃ː/
		ôca /ˈɔːka/ - avicam /ˈawɪkãː/
		ôr /ˈɔːr/ - aurum /ˈau̯rʊ̃ː/
		ôv /ˈɔːv/ - ōvum /ˈoːwʊ̃ː/
		ôvra /ˈɔːvra/ - operam /ˈɔpɛrãː/
		èter /ˈɛter/ - alterum /ˈaɫtɛrʊ̃ː/
		èv /ˈɛv/ - apem /ˈapɛ̃ː/
		êrba /ˈɛːrba/ - herbam /hˈɛrbãː/
		zitè /θitˈɛ/ - cīvitātem /kiːwɪtˈaːtɛ̃ː/
		zincuanta /θiŋkwˈaŋta/ - quīnquāɡintā /kʷiːŋkʷaːɡˈɪntaː/
		zénc /θˈeŋk/ - quīnque /kʷˈiːŋkʷɛ/
		zîl /θˈiːl/ - caelum /kˈae̯ɫʊ̃ː/

Final disqualified:
		bianc /bjˈaŋk/ - album /ˈaɫbʊ̃ː/
		dé /dˈe/ - diurnum /diˈʊrnʊ̃ː/
		dîr /dˈiːr/ - nārrāre /naːrrˈaːrɛ/
		fiómm /fjˈom/ - rīvum /rˈiːwʊ̃ː/
		nuèter /nwˈɛter/ - nōs /nˈoːs/
		pà /pˈa/ - petiolum /pɛtiˈolʊ̃ː/
		pêɡra /pˈɛːɡra/ - ovem /ˈowɛ̃ː/
		uṡèl /uzˈɛl/ - passerem /pˈassɛrɛ̃ː/
		òm /ˈɔm/ - barbātum /barbˈaːtʊ̃ː/
		òmen /ˈɔmen/ - barbātum /barbˈaːtʊ̃ː/
		èv /ˈɛv/ - apiculam /apˈɪkʊɫãː/
		znîṡa /θnˈiːza/ - cinerem /kˈɪnɛrɛ̃ː/


-------------------

****SAMPLE 4****
Iteration 1
	Qualified: 244
	Disqualified: 286
	Added: 0
	Removed: 21
		râɡn /rˈaːɲ/ - arāneum /arˈaːneʊ̃ː/
		savair /savˈajr/ - sapere /sˈapɛrɛ/
		òmen /ˈɔmen/ - barbātum /barbˈaːtʊ̃ː/
		pèder /pˈɛder/ - tatam /tˈatãː/
		dîr /dˈiːr/ - nārrāre /naːrrˈaːrɛ/
		pêɡra /pˈɛːɡra/ - ovem /ˈowɛ̃ː/
		aɡåccia /aɡˈʌʧa/ - acum /ˈakʊ̃ː/
		pà /pˈa/ - petiolum /pɛtiˈolʊ̃ː/
		fiómm /fjˈom/ - rīvum /rˈiːwʊ̃ː/
		savair /savˈajr/ - scīre /skˈiːrɛ/
		psair /psˈajr/ - pōtēre /poːtˈeːrɛ/
		estè /estˈɛ/ - vēram /wˈeːrãː/
		bèl /bˈɛl/ - fōrmōsum /foːrmˈoːsʊ̃ː/
		panza /pˈaŋθa/ - ventrem /wˈɛntrɛ̃ː/
		dé /dˈe/ - diurnum /diˈʊrnʊ̃ː/
		bianc /bjˈaŋk/ - album /ˈaɫbʊ̃ː/
		òm /ˈɔm/ - barbātum /barbˈaːtʊ̃ː/
		èv /ˈɛv/ - apiculam /apˈɪkʊɫãː/
		nuèter /nwˈɛter/ - nōs /nˈoːs/
		fradèl /fradˈɛl/ - ɡermānum /ɡɛrmˈaːnʊ̃ː/
		uṡèl /uzˈɛl/ - passerem /pˈassɛrɛ̃ː/

Iteration 2
	Qualified: 246
	Disqualified: 284
	Added: 2
		psair /psˈajr/ - pōtēre /poːtˈeːrɛ/
		savair /savˈajr/ - sapere /sˈapɛrɛ/
	Removed: 0

Iteration 3
	Qualified: 245
	Disqualified: 285
	Added: 1
		râɡn /rˈaːɲ/ - arāneum /arˈaːneʊ̃ː/
	Removed: 2
		psair /psˈajr/ - pōtēre /poːtˈeːrɛ/
		savair /savˈajr/ - sapere /sˈapɛrɛ/

Iteration 4
	Qualified: 247
	Disqualified: 283
	Added: 2
		psair /psˈajr/ - pōtēre /poːtˈeːrɛ/
		savair /savˈajr/ - sapere /sˈapɛrɛ/
	Removed: 0

Iteration 5
	Qualified: 246
	Disqualified: 284
	Added: 0
	Removed: 1
		savair /savˈajr/ - sapere /sˈapɛrɛ/

Iteration 6
	Qualified: 249
	Disqualified: 281
	Added: 3
		pèder /pˈɛder/ - tatam /tˈatãː/
		savair /savˈajr/ - scīre /skˈiːrɛ/
		savair /savˈajr/ - sapere /sˈapɛrɛ/
	Removed: 0

Iteration 7
	Qualified: 247
	Disqualified: 283
	Added: 1
		fradèl /fradˈɛl/ - ɡermānum /ɡɛrmˈaːnʊ̃ː/
	Removed: 3
		pèder /pˈɛder/ - tatam /tˈatãː/
		savair /savˈajr/ - scīre /skˈiːrɛ/
		savair /savˈajr/ - sapere /sˈapɛrɛ/

Iteration 8
	Qualified: 250
	Disqualified: 280
	Added: 3
		pèder /pˈɛder/ - tatam /tˈatãː/
		savair /savˈajr/ - scīre /skˈiːrɛ/
		savair /savˈajr/ - sapere /sˈapɛrɛ/
	Removed: 0

Iteration 9
	Qualified: 248
	Disqualified: 282
	Added: 0
	Removed: 2
		pèder /pˈɛder/ - tatam /tˈatãː/
		savair /savˈajr/ - scīre /skˈiːrɛ/

Iteration 10
	Qualified: 250
	Disqualified: 280
	Added: 2
		pèder /pˈɛder/ - tatam /tˈatãː/
		savair /savˈajr/ - scīre /skˈiːrɛ/
	Removed: 0

Final qualifying:
		ajutèr /ajutˈɛr/ - adiūtāre /adiuːtˈaːrɛ/
		anèl /anˈɛl/ - ānellum /aːnˈɛlʲlʲʊ̃ː/
		aɡåccia /aɡˈʌʧa/ - acūculam /akˈuːkʊɫãː/
		bianc /bjˈaŋk/ - blancum /blˈaŋkʊ̃ː/
		bavver /bˈaver/ - bibere /bˈɪbɛrɛ/
		bâs /bˈaːs/ - bassum /bˈassʊ̃ː/
		bän /bˈæŋ/ - bene /bˈɛnɛ/
		bòca /bˈɔka/ - bucca /bˈʊkkãː/
		bôna /bˈɔːna/ - bonam /bˈɔnãː/
		bèl /bˈɛl/ - bellum /bˈɛlʲlʲʊ̃ː/
		bèla /bˈɛla/ - bellam /bˈɛlʲlʲãː/
		bå /bˈʌ/ - bovem /bˈɔwɛ̃ː/
		bån /bˈʌŋ/ - bonum /bˈɔnʊ̃ː/
		durmîr /durmˈiːr/ - dormīre /dɔrmˈiːrɛ/
		dâɡɡˈ /dˈaːʤ/ - duodecim /duˈɔdɛkɪ̃/
		dé /dˈe/ - diem /dˈiɛ̃ː/
		dio /dˈio/ - deus /dˈeʊs/
		dîd /dˈiːd/ - diɡitum /dˈɪɡɪtʊ̃ː/
		dîr /dˈiːr/ - dīcere /dˈiːkɛrɛ/
		dîṡ /dˈiːz/ - decem /dˈɛkɛ̃ː/
		dû /dˈuː/ - duōs /dˈuoːs/
		dänt /dˈæŋt/ - dentem /dˈɛntɛ̃ː/
		dòna /dˈɔna/ - dominam /dˈɔmɪnãː/
		dèr /dˈɛr/ - dare /dˈarɛ/
		dåu /dˈʌu̯/ - duās /dˈuaːs/
		dåulz /dˈʌu̯lθ/ - dulcem /dˈʊɫkɛ̃ː/
		estè /estˈɛ/ - aestātem /ae̯stˈaːtɛ̃ː/
		estè /estˈɛ/ - aestīvum /ae̯stˈiːwʊ̃ː/
		faréṅna /farˈeŋna/ - farīnam /farˈiːnãː/
		felîz /felˈiːθ/ - fēlīcem /feːlˈiːkɛ̃ː/
		fiàma /fjˈama/ - flammam /fɫˈammãː/
		fiómm /fjˈom/ - flūmen /fɫˈuːmɛ̃ː/
		fiôl /fjˈɔːl/ - filius /fˈiːlʲiʊs/
		fiôl /fjˈɔːl/ - filium /fˈiːlʲiʊ̃ː/
		fiôla /fjˈɔːla/ - fīliam /fˈiːlʲiãː/
		fradèl /fradˈɛl/ - frātrem /frˈaːtrɛ̃ː/
		fradèl /fradˈɛl/ - ɡermānum /ɡɛrmˈaːnʊ̃ː/
		fradd /frˈad/ - frīɡidum /frˈiːɡɪdʊ̃ː/
		frût /frˈuːt/ - frūctum /frˈuːktʊ̃ː/
		frè /frˈɛ/ - frātrem /frˈaːtrɛ̃ː/
		frè /frˈɛ/ - ɡermānum /ɡɛrmˈaːnʊ̃ː/
		fâm /fˈaːm/ - faminem /fˈaminɛ̃ː/
		fâm /fˈaːm/ - famem /fˈamɛ̃ː/
		féddiɡ /fˈediɡ/ - fīcātum /fˈiːkaːtʊ̃ː/
		fil /fˈil/ - filicellam /filʲikˈɛlʲlʲãː/
		fil /fˈil/ - filum /fˈiːɫʊ̃ː/
		fójja /fˈoja/ - frondeam /frˈɔndɛãː/
		fójja /fˈoja/ - foliam /fˈɔlʲiãː/
		fómm /fˈom/ - fūmātam /fuːmˈaːtãː/
		fómm /fˈom/ - fūmum /fˈuːmʊ̃ː/
		fûɡ /fˈuːɡ/ - focum /fˈɔkʊ̃ː/
		fôrt /fˈɔːrt/ - fortem /fˈɔrtɛ̃ː/
		fèda /fˈɛda/ - fātam /fˈaːtãː/
		fèls /fˈɛls/ - falsum /fˈaɫsʊ̃ː/
		fèr /fˈɛr/ - ferrum /fˈɛrrʊ̃ː/
		fèsta /fˈɛsta/ - festam /fˈɛstãː/
		invêren /invˈɛːren/ - hībernum /hiːbˈɛrnʊ̃ː/
		cadäṅna /kadˈæŋna/ - catēnam /katˈeːnãː/
		castèl /kastˈɛl/ - castellum /kastˈɛlʲlʲʊ̃ː/
		cavail /kavˈajl/ - capillum /kapˈɪlʲlʲʊ̃ː/
		cazièr /kaθjˈɛr/ - captiāre /kaptiˈaːrɛ/
		cràdder /krˈader/ - crēdere /krˈeːdɛrɛ/
		cråuṡ /krˈʌu̯z/ - crucem /krˈʊkɛ̃ː/
		culåur /kulˈʌu̯r/ - colōrem /koɫˈoːrɛ̃ː/
		quâter /kwˈaːter/ - quattuor /kʷˈattuɔr/
		cɡnósser /kɲˈoser/ - coɡnōscere /kɔɡnˈoːskɛrɛ/
		cà /kˈa/ - casae /kˈasae̯/
		cà /kˈa/ - casam /kˈasãː/
		can /kˈaŋ/ - canem /kˈanɛ̃ː/
		cant /kˈaŋt/ - cantum /kˈantʊ̃ː/
		câmra /kˈaːmra/ - cameram /kˈamɛrãː/
		chi /kˈi/ - quī /kʷˈiː/
		cûl /kˈuːl/ - cūlum /kˈuːɫʊ̃ː/
		cûrt /kˈuːrt/ - curtum /kˈʊrtʊ̃ː/
		còl /kˈɔl/ - collum /kˈɔlʲlʲʊ̃ː/
		còsta /kˈɔsta/ - costam /kˈɔstãː/
		côren /kˈɔːren/ - cornū /kˈɔrnuː/
		côrp /kˈɔːrp/ - corpus /kˈɔrpʊs/
		côrp /kˈɔːrp/ - corpum /kˈɔrpʊ̃ː/
		chèld /kˈɛld/ - caldum /kˈaɫdʊ̃ː/
		chèp /kˈɛp/ - capum /kˈapʊ̃ː/
		chèren /kˈɛren/ - carnem /kˈarnɛ̃ː/
		chèro /kˈɛro/ - cārum /kˈaːrʊ̃ː/
		chèvra /kˈɛvra/ - capram /kˈaprãː/
		leån /leˈʌŋ/ - leōnem /ɫeˈoːnɛ̃ː/
		lażż /lˈað/ - lēɡem /lˈeːɡɛ̃/
		laɡɡn /lˈaɲ/ - liɡnam /lˈɪɡnãː/
		laɡɡn /lˈaɲ/ - liɡnum /lˈɪɡnʊ̃ː/
		laɡɡna /lˈaɲa/ - liɡnam /lˈɪɡnãː/
		laɡɡna /lˈaɲa/ - liɡnum /lˈɪɡnʊ̃ː/
		lât /lˈaːt/ - lactem /ɫˈaktɛ̃ː/
		lébber /lˈeber/ - līberum /lˈibɛrʊ̃ː/
		léttra /lˈetra/ - litteram /lʲˈɪttɛrãː/
		lómm /lˈom/ - lūcem /lˈuːkɛ̃ː/
		lómm /lˈom/ - lūmen /ɫˈuːmɛ̃ː/
		lómm /lˈom/ - lūmina /ɫˈuːmɪna/
		lóṅna /lˈoŋna/ - lunam /ɫˈuːnãː/
		lûṡ /lˈuːz/ - lūcem /lˈuːkɛ̃ː/
		lûṡ /lˈuːz/ - lūmen /ɫˈuːmɛ̃ː/
		lûɡ /lˈuːɡ/ - locus /ɫˈɔkʊs/
		lûɡ /lˈuːɡ/ - locum /ɫˈɔkʊ̃ː/
		länɡua /lˈæŋɡwa/ - linɡuam /lˈɪŋɡʷãː/
		lèna /lˈɛna/ - lānam /ɫˈaːnãː/
		lèt /lˈɛt/ - lectum /ɫˈɛktʊ̃ː/
		lèżer /lˈɛðer/ - leɡere /ɫˈɛɡɛrɛ/
		lèɡ /lˈɛɡ/ - lacum /lˈakʊ̃ː/
		lèɡherma /lˈɛɡerma/ - lacrimam /ɫˈakrɪmãː/
		maɡnèr /maɲˈɛr/ - mandūcāre /manduːkˈaːrɛ/
		metè /metˈɛ/ - medietātem /medietˈaːtɛ̃/
		miåur /mjˈʌu̯r/ - meliōrem /mɛlʲiˈoːrɛ̃ː/
		murîr /murˈiːr/ - morīre /mɔrˈiːrɛ/
		muṡɡhèr /muzɡˈɛr/ - mordēre /mˈɔrdeːrɛ/
		mân /mˈaːŋ/ - manum /mˈanʊ̃ː/
		méll /mˈel/ - mīlle /mˈiːlʲlʲɛ/
		môrt /mˈɔːrt/ - mortem /mˈɔrtɛ̃ː/
		mèder /mˈɛder/ - mātrem /mˈaːtrɛ̃ː/
		mèr /mˈɛr/ - mare /mˈarɛ/
		mèż /mˈɛð/ - medium /mˈɛdiʊ̃ː/
		måssca /mˈʌska/ - muscam /mˈʊskãː/
		nudèr /nudˈɛr/ - natāre /natˈaːrɛ/
		naiv /nˈajv/ - nivem /nˈɪwɛ̃ː/
		naiɡher /nˈajɡer/ - niɡrum /nˈɪɡrʊ̃ː/
		nó /nˈo/ - nōs /nˈoːs/
		nómm /nˈom/ - nōmen /nˈoːmɛ̃ː/
		nóvvla /nˈovla/ - nūbem /nˈuːbɛ̃ː/
		nóvvla /nˈovla/ - nūbilam /nˈuːbɪɫãː/
		nóvvla /nˈovla/ - nūbilum /nˈuːbɪɫʊ̃ː/
		nûṡ /nˈuːz/ - nucem /nˈʊkɛ̃ː/
		nòster /nˈɔster/ - nostrum /nˈɔstrʊ̃ː/
		nèṡ /nˈɛz/ - nāsum /nˈaːsʊ̃ː/
		nåud /nˈʌu̯d/ - nōdum /nˈoːdʊ̃ː/
		operèri /operˈɛri/ - operārium /ɔpɛrˈaːriʊ̃ː/
		palâz /palˈaːθ/ - palātium /paɫˈatiʊ̃ː/
		paróla /parˈola/ - parabolam /parˈabɔɫãː/
		piómma /pjˈoma/ - plūmam /pɫˈuːmãː/
		piómma /pjˈoma/ - pennam /pˈɛnnãː/
		piómma /pjˈoma/ - pinnam /pˈɪnnãː/
		piôva /pjˈɔːva/ - pluviam /pɫˈʊwiãː/
		pièɡa /pjˈɛɡa/ - plāɡam /plˈaːɡãː/
		prêda /prˈɛːda/ - petram /pˈɛtrãː/
		psair /psˈajr/ - pōtēre /poːtˈeːrɛ/
		pail /pˈajl/ - capillum /kapˈɪlʲlʲʊ̃ː/
		pail /pˈajl/ - pilum /pˈɪɫʊ̃ː/
		panna /pˈana/ - poenam /pˈoe̯nãː/
		pass /pˈas/ - piscōnem /pɪskˈoːnɛ̃ː/
		pan /pˈaŋ/ - pānem /pˈaːnɛ̃ː/
		panza /pˈaŋθa/ - panticem /pˈantɪkɛ̃ː/
		pén /pˈeŋ/ - plēnum /pɫˈeːnʊ̃ː/
		pórch /pˈork/ - porcum /pˈɔrkʊ̃ː/
		pónt /pˈoŋt/ - punctum /pˈʊŋktʊ̃ː/
		pèder /pˈɛder/ - patrem /pˈatrɛ̃ː/
		pèder /pˈɛder/ - tatam /tˈatãː/
		pèt /pˈɛt/ - pectus /pˈɛktʊs/
		pèt /pˈɛt/ - pectum /pˈɛktʊ̃ː/
		pêɡra /pˈɛːɡra/ - oviculam /owˈɪkʊɫãː/
		radîs /radˈiːs/ - rādīcīnam /raːdiːkˈiːnãː/
		radîs /radˈiːs/ - rādīcem /raːdˈiːkɛ̃ː/
		rumàn /rumˈaŋ/ - rōmānum /roːmˈaːnʊ̃ː/
		râɡn /rˈaːɲ/ - arāneum /arˈaːneʊ̃ː/
		råss /rˈʌs/ - rubeum /rˈʊbeʊ̃ː/
		råss /rˈʌs/ - russum /rˈʊssʊ̃ː/
		salût /salˈuːt/ - salūtem /saɫˈuːtɛ̃ː/
		savair /savˈajr/ - scīre /skˈiːrɛ/
		savair /savˈajr/ - sapere /sˈapɛrɛ/
		scultèr /skultˈɛr/ - auscultāre /au̯skʊɫtˈaːrɛ/
		scôrza /skˈɔːrθa/ - corticeam /kɔrtˈɪkɛãː/
		scôrza /skˈɔːrθa/ - corticem /kˈɔrtɪkɛ̃ː/
		scôrza /skˈɔːrθa/ - scorteam /skˈɔrteãː/
		smänt /smˈæŋt/ - sementem /seːmˈɛntɛ̃ː/
		smänt /smˈæŋt/ - sēmen /sˈeːmɛ̃ː/
		Spâɡna /spˈaːɲa/ - ʜispāniam /hɪspˈaːniãː/
		spèda /spˈɛda/ - spatham /spˈatʰãː/
		stmèna /stmˈɛna/ - septimānam /sɛptɪmˈaːnãː/
		strèla /strˈɛla/ - stēllam /stˈeːlʲlʲãː/
		stê /stˈɛː/ - statum /stˈatʊ̃ː/
		saida /sˈajda/ - sētam /sˈeːtãː/
		sacc /sˈak/ - siccum /sˈɪkkʊ̃ː/
		san /sˈaŋ/ - sānum /sˈaːnʊ̃ː/
		sant /sˈaŋt/ - sānctum /sˈaːŋktʊ̃ː/
		sanɡv /sˈaŋɡv/ - sanɡuem /sˈaŋɡʷɛ̃ː/
		sanɡv /sˈaŋɡv/ - sanɡuinem /sˈaŋɡʷɪnɛ̃ː/
		sâbia /sˈaːbja/ - harēnam /harˈeːnãː/
		sâbia /sˈaːbja/ - sabulum /sˈabʊɫʊ̃ː/
		sévi /sˈevi/ - sapidum /sˈapɪdʊ̃ː/
		sî /sˈiː/ - sex /sˈɛks/
		sîra /sˈiːra/ - sēram /sˈeːrãː/
		sèt /sˈɛt/ - septem /sˈɛptɛ̃/
		såul /sˈʌu̯l/ - sōlem /sˈoːɫɛ̃ː/
		såuver /sˈʌu̯ver/ - super /sˈʊpɛr/
		trî /trˈiː/ - trēs /trˈeːs/
		té /tˈe/ - tū /tˈuː/
		tänp /tˈæŋp/ - tempus /tˈɛmpʊs/
		tånnd /tˈʌŋd/ - rotundum /rɔtˈʊndʊ̃ː/
		uraccia /urˈaʧa/ - auriculam /au̯rˈɪkʊɫãː/
		varɡåɡɡna /varɡˈʌɲa/ - verēkundiam /wɛreːkˈʊndiãː/
		vidèl /vidˈɛl/ - vitellum /wɪtˈɛlʲlʲʊ̃ː/
		vilàn /vilˈaŋ/ - vīllānum /wiːlʲlʲˈaːnʊ̃ː/
		viâz /vjˈaːθ/ - viāticum /wiˈaːtɪkʊ̃ː/
		vɡnîr /vɲˈiːr/ - venīre /wɛnˈiːrɛ/
		vàdder /vˈader/ - vidēre /wɪdˈeːrɛ/
		vaird /vˈajrd/ - viridem /wˈɪrɪdɛ̃ː/
		vânt /vˈaːŋt/ - ventum /wˈɛntʊ̃ː/
		vélla /vˈela/ - vīllam /wˈiːlʲlʲãː/
		vétta /vˈeta/ - vītam /wˈiːtãː/
		vén /vˈeŋ/ - vīnum /wˈiːnʊ̃ː/
		vént /vˈeŋt/ - vīɡintī /wiːɡˈɪntiː/
		vèrem /vˈɛrem/ - vermem /wˈɛrmɛ̃ː/
		vècˈ /vˈɛʧ/ - vetulus /wˈɛtʊɫʊs/
		våuṡ /vˈʌu̯z/ - vōcem /wˈoːkɛ̃ː/
		ṡɡûr /zɡˈuːr/ - sēcūrum /seːkˈuːrʊ̃ː/
		żinżéjja /ðiŋðˈeja/ - ɡinɡīvam /ɡɪŋɡˈiːwãː/
		żànnder /ðˈander/ - ɡenerum /ɡˈɛnɛrʊ̃ː/
		żóɡɡn /ðˈoɲ/ - iūnium /jˈuːniʊ̃ː/
		żûɡ /ðˈuːɡ/ - iocum /jˈɔkʊ̃ː/
		żänt /ðˈæŋt/ - ɡentem /ɡˈɛntɛ̃ː/
		żòja /ðˈɔja/ - ɡaudiam /ɡˈau̯diãː/
		żåuven /ðˈʌu̯ven/ - iuvenem /jˈuwɛnɛ̃ː/
		ɡran /ɡrˈaŋ/ - ɡrānum /ɡrˈaːnʊ̃ː/
		ɡrand /ɡrˈaŋd/ - ɡrandem /ɡrˈandɛ̃ː/
		ɡrâs /ɡrˈaːs/ - crassum /krˈassʊ̃ː/
		ɡât /ɡˈaːt/ - cattum /kˈattʊ̃ː/
		ɡåula /ɡˈʌu̯la/ - ɡulam /ɡˈʊɫãː/
		ɡåzza /ɡˈʌθa/ - ɡuttam /ɡˈʊttãː/
		ɡiazèr /ʤaθˈɛr/ - ɡelāre /ɡɛɫˈaːrɛ/
		ɡiazèr /ʤaθˈɛr/ - ɡlaciāre /ɡɫakiˈaːrɛ/
		ɡiâz /ʤˈaːθ/ - ɡlaciam /ɡɫˈakiãː/
		ɡióddiz /ʤˈodiθ/ - iūdicem /jˈuːdɪkɛ̃ː/
		ciamèr /ʧamˈɛr/ - clāmāre /kɫaːmˈaːrɛ/
		cèv /ʧˈɛv/ - clāvem /klˈaːwɛ̃ː/
		ànżel /ˈanðel/ - anɡelum /ˈaŋɡɛɫʊ̃ː/
		âi /ˈaːj/ - ālium /ˈaːlʲiʊ̃ː/
		âlber /ˈaːlber/ - arborem /ˈarbɔrɛ̃ː/
		ân /ˈaːn/ - annum /ˈannʊ̃ː/
		îṡla /ˈiːzla/ - īnsulam /ˈĩːsʊɫãː/
		ónnɡia /ˈoŋʤa/ - unɡulam /ˈʊŋɡʊɫãː/
		ûcˈ /ˈuːʧ/ - oculōs /ˈɔkʊɫoːs/
		òm /ˈɔm/ - homō /hˈɔmoː/
		òmen /ˈɔmen/ - homō /hˈɔmoː/
		òmen /ˈɔmen/ - hominem /hˈɔmɪnɛ̃ː/
		òt /ˈɔt/ - octō /ˈɔktoː/
		òcˈ /ˈɔʧ/ - oculum /ˈɔkʊɫʊ̃ː/
		ôca /ˈɔːka/ - avicam /ˈawɪkãː/
		ôv /ˈɔːv/ - ōvum /ˈoːwʊ̃ː/
		ôvra /ˈɔːvra/ - operam /ˈɔpɛrãː/
		zitè /θitˈɛ/ - cīvitātem /kiːwɪtˈaːtɛ̃ː/
		zincuanta /θiŋkwˈaŋta/ - quīnquāɡintā /kʷiːŋkʷaːɡˈɪntaː/
		zrîṡa /θrˈiːza/ - ceresiam /kɛrˈɛsiãː/
		zànnder /θˈander/ - cinerem /kˈɪnɛrɛ̃ː/
		zénc /θˈeŋk/ - quīnque /kʷˈiːŋkʷɛ/
		zîra /θˈiːra/ - cēram /kˈeːrãː/

Final disqualified:
		aɡåccia /aɡˈʌʧa/ - acum /ˈakʊ̃ː/
		bianc /bjˈaŋk/ - album /ˈaɫbʊ̃ː/
		bèl /bˈɛl/ - fōrmōsum /foːrmˈoːsʊ̃ː/
		dé /dˈe/ - diurnum /diˈʊrnʊ̃ː/
		dîr /dˈiːr/ - nārrāre /naːrrˈaːrɛ/
		estè /estˈɛ/ - vēram /wˈeːrãː/
		fiómm /fjˈom/ - rīvum /rˈiːwʊ̃ː/
		nuèter /nwˈɛter/ - nōs /nˈoːs/
		pà /pˈa/ - petiolum /pɛtiˈolʊ̃ː/
		panza /pˈaŋθa/ - ventrem /wˈɛntrɛ̃ː/
		pêɡra /pˈɛːɡra/ - ovem /ˈowɛ̃ː/
		uṡèl /uzˈɛl/ - passerem /pˈassɛrɛ̃ː/
		òm /ˈɔm/ - barbātum /barbˈaːtʊ̃ː/
		òmen /ˈɔmen/ - barbātum /barbˈaːtʊ̃ː/
		èv /ˈɛv/ - apiculam /apˈɪkʊɫãː/


-------------------

****SAMPLE 5****
Iteration 1
	Qualified: 244
	Disqualified: 286
	Added: 0
	Removed: 21
		savair /savˈajr/ - sapere /sˈapɛrɛ/
		òmen /ˈɔmen/ - barbātum /barbˈaːtʊ̃ː/
		pèder /pˈɛder/ - tatam /tˈatãː/
		vècˈ /vˈɛʧ/ - vetulus /wˈɛtʊɫʊs/
		dîr /dˈiːr/ - nārrāre /naːrrˈaːrɛ/
		aɡåccia /aɡˈʌʧa/ - acum /ˈakʊ̃ː/
		pà /pˈa/ - petiolum /pɛtiˈolʊ̃ː/
		fiómm /fjˈom/ - rīvum /rˈiːwʊ̃ː/
		savair /savˈajr/ - scīre /skˈiːrɛ/
		bèl /bˈɛl/ - fōrmōsam /foːrmˈoːsãː/
		psair /psˈajr/ - pōtēre /poːtˈeːrɛ/
		estè /estˈɛ/ - vēram /wˈeːrãː/
		żâl /ðˈaːl/ - amārellum /amaːrˈɛlʲlʲʊ̃ː/
		panza /pˈaŋθa/ - ventrem /wˈɛntrɛ̃ː/
		dé /dˈe/ - diurnum /diˈʊrnʊ̃ː/
		znîṡa /θnˈiːza/ - cinerem /kˈɪnɛrɛ̃ː/
		òm /ˈɔm/ - barbātum /barbˈaːtʊ̃ː/
		èv /ˈɛv/ - apiculam /apˈɪkʊɫãː/
		òm /ˈɔm/ - hominem /hˈɔmɪnɛ̃ː/
		uṡèl /uzˈɛl/ - passerem /pˈassɛrɛ̃ː/
		nèṡ /nˈɛz/ - nārīcem /naːrˈiːkɛ̃ː/

Iteration 2
	Qualified: 247
	Disqualified: 283
	Added: 3
		psair /psˈajr/ - pōtēre /poːtˈeːrɛ/
		òm /ˈɔm/ - hominem /hˈɔmɪnɛ̃ː/
		savair /savˈajr/ - sapere /sˈapɛrɛ/
	Removed: 0

Iteration 3
	Qualified: 247
	Disqualified: 283
	Added: 1
		vècˈ /vˈɛʧ/ - vetulus /wˈɛtʊɫʊs/
	Removed: 1
		savair /savˈajr/ - sapere /sˈapɛrɛ/

Iteration 4
	Qualified: 248
	Disqualified: 282
	Added: 1
		savair /savˈajr/ - sapere /sˈapɛrɛ/
	Removed: 0

Iteration 5
	Qualified: 249
	Disqualified: 281
	Added: 1
		znîṡa /θnˈiːza/ - cinerem /kˈɪnɛrɛ̃ː/
	Removed: 0

Iteration 6
	Qualified: 250
	Disqualified: 280
	Added: 1
		savair /savˈajr/ - scīre /skˈiːrɛ/
	Removed: 0

Iteration 7
	Qualified: 249
	Disqualified: 281
	Added: 0
	Removed: 1
		savair /savˈajr/ - scīre /skˈiːrɛ/

Final qualifying:
		ajutèr /ajutˈɛr/ - adiūtāre /adiuːtˈaːrɛ/
		anèl /anˈɛl/ - ānellum /aːnˈɛlʲlʲʊ̃ː/
		aɡåccia /aɡˈʌʧa/ - acūculam /akˈuːkʊɫãː/
		bianc /bjˈaŋk/ - blancum /blˈaŋkʊ̃ː/
		bavver /bˈaver/ - bibere /bˈɪbɛrɛ/
		bän /bˈæŋ/ - bene /bˈɛnɛ/
		bòca /bˈɔka/ - bucca /bˈʊkkãː/
		bôna /bˈɔːna/ - bonam /bˈɔnãː/
		bèl /bˈɛl/ - bellum /bˈɛlʲlʲʊ̃ː/
		bèla /bˈɛla/ - bellam /bˈɛlʲlʲãː/
		bå /bˈʌ/ - bovem /bˈɔwɛ̃ː/
		bån /bˈʌŋ/ - bonum /bˈɔnʊ̃ː/
		draɡån /draɡˈʌŋ/ - dracō /drˈakoː/
		dâɡɡˈ /dˈaːʤ/ - duodecim /duˈɔdɛkɪ̃/
		dé /dˈe/ - diem /dˈiɛ̃ː/
		dio /dˈio/ - deus /dˈeʊs/
		dîr /dˈiːr/ - dīcere /dˈiːkɛrɛ/
		dîr /dˈiːr/ - dīre /dˈiːrɛ/
		dîṡ /dˈiːz/ - decem /dˈɛkɛ̃ː/
		dû /dˈuː/ - duōs /dˈuoːs/
		dänt /dˈæŋt/ - dentem /dˈɛntɛ̃ː/
		dèr /dˈɛr/ - dare /dˈarɛ/
		dåu /dˈʌu̯/ - duae /dˈuae̯/
		dåu /dˈʌu̯/ - duās /dˈuaːs/
		dåulz /dˈʌu̯lθ/ - dulcem /dˈʊɫkɛ̃ː/
		estè /estˈɛ/ - aestātem /ae̯stˈaːtɛ̃ː/
		estè /estˈɛ/ - aestīvum /ae̯stˈiːwʊ̃ː/
		fiàma /fjˈama/ - flammam /fɫˈammãː/
		fiómm /fjˈom/ - flūmen /fɫˈuːmɛ̃ː/
		fiôl /fjˈɔːl/ - filius /fˈiːlʲiʊs/
		fiôl /fjˈɔːl/ - filium /fˈiːlʲiʊ̃ː/
		fiôla /fjˈɔːla/ - fīliam /fˈiːlʲiãː/
		fradd /frˈad/ - frīɡidum /frˈiːɡɪdʊ̃ː/
		frè /frˈɛ/ - frātrem /frˈaːtrɛ̃ː/
		frè /frˈɛ/ - ɡermānum /ɡɛrmˈaːnʊ̃ː/
		féddiɡ /fˈediɡ/ - fīcātum /fˈiːkaːtʊ̃ː/
		fén /fˈeŋ/ - fīnem /fˈiːnɛ̃ː/
		fil /fˈil/ - filum /fˈiːɫʊ̃ː/
		fójja /fˈoja/ - frondeam /frˈɔndɛãː/
		fójja /fˈoja/ - foliam /fˈɔlʲiãː/
		fómm /fˈom/ - fūmātam /fuːmˈaːtãː/
		fûɡ /fˈuːɡ/ - focum /fˈɔkʊ̃ː/
		fèda /fˈɛda/ - fātam /fˈaːtãː/
		fèls /fˈɛls/ - falsum /fˈaɫsʊ̃ː/
		fèr /fˈɛr/ - fare /fˈarɛ/
		fèr /fˈɛr/ - ferrum /fˈɛrrʊ̃ː/
		fèsta /fˈɛsta/ - festam /fˈɛstãː/
		castèl /kastˈɛl/ - castellum /kastˈɛlʲlʲʊ̃ː/
		cavail /kavˈajl/ - capillum /kapˈɪlʲlʲʊ̃ː/
		cazièr /kaθjˈɛr/ - captiāre /kaptiˈaːrɛ/
		cràdder /krˈader/ - crēdere /krˈeːdɛrɛ/
		cråuṡ /krˈʌu̯z/ - crucem /krˈʊkɛ̃ː/
		culåur /kulˈʌu̯r/ - colōrem /koɫˈoːrɛ̃ː/
		quâter /kwˈaːter/ - quattuor /kʷˈattuɔr/
		cɡnósser /kɲˈoser/ - coɡnōscere /kɔɡnˈoːskɛrɛ/
		cà /kˈa/ - casae /kˈasae̯/
		cà /kˈa/ - casam /kˈasãː/
		can /kˈaŋ/ - canem /kˈanɛ̃ː/
		cant /kˈaŋt/ - cantum /kˈantʊ̃ː/
		câmra /kˈaːmra/ - cameram /kˈamɛrãː/
		chi /kˈi/ - quem /kʷˈɛ̃ː/
		cûl /kˈuːl/ - cūlum /kˈuːɫʊ̃ː/
		cûrt /kˈuːrt/ - curtum /kˈʊrtʊ̃ː/
		còl /kˈɔl/ - collum /kˈɔlʲlʲʊ̃ː/
		còsta /kˈɔsta/ - costam /kˈɔstãː/
		cô /kˈɔː/ - codam /kˈoːdãː/
		côr /kˈɔːr/ - corem /kˈɔrɛ̃ː/
		côren /kˈɔːren/ - cornū /kˈɔrnuː/
		côrp /kˈɔːrp/ - corpus /kˈɔrpʊs/
		côrp /kˈɔːrp/ - corpum /kˈɔrpʊ̃ː/
		chèld /kˈɛld/ - caldum /kˈaɫdʊ̃ː/
		chèp /kˈɛp/ - capum /kˈapʊ̃ː/
		chèro /kˈɛro/ - cārum /kˈaːrʊ̃ː/
		chèvra /kˈɛvra/ - capram /kˈaprãː/
		leån /leˈʌŋ/ - leōnem /ɫeˈoːnɛ̃ː/
		lażż /lˈað/ - lēɡem /lˈeːɡɛ̃/
		laɡɡn /lˈaɲ/ - liɡnam /lˈɪɡnãː/
		laɡɡn /lˈaɲ/ - liɡnum /lˈɪɡnʊ̃ː/
		laɡɡna /lˈaɲa/ - liɡnam /lˈɪɡnãː/
		laɡɡna /lˈaɲa/ - liɡnum /lˈɪɡnʊ̃ː/
		lât /lˈaːt/ - lactem /ɫˈaktɛ̃ː/
		léttra /lˈetra/ - litteram /lʲˈɪttɛrãː/
		lómm /lˈom/ - lūmen /ɫˈuːmɛ̃ː/
		lómm /lˈom/ - lūmina /ɫˈuːmɪna/
		lóṅna /lˈoŋna/ - lunam /ɫˈuːnãː/
		lónɡ /lˈoŋɡ/ - lonɡum /ɫˈɔŋɡʊ̃ː/
		lûṡ /lˈuːz/ - lūmen /ɫˈuːmɛ̃ː/
		lûṡ /lˈuːz/ - lūmina /ɫˈuːmɪna/
		lûɡ /lˈuːɡ/ - locus /ɫˈɔkʊs/
		lûɡ /lˈuːɡ/ - locum /ɫˈɔkʊ̃ː/
		länɡua /lˈæŋɡwa/ - linɡuam /lˈɪŋɡʷãː/
		lèna /lˈɛna/ - lānam /ɫˈaːnãː/
		lèt /lˈɛt/ - lectum /ɫˈɛktʊ̃ː/
		lèżer /lˈɛðer/ - leɡere /ɫˈɛɡɛrɛ/
		lèɡ /lˈɛɡ/ - lacum /lˈakʊ̃ː/
		låuv /lˈʌu̯v/ - lupum /ɫˈʊpʊ̃ː/
		madûr /madˈuːr/ - mātūrum /maːtˈuːrʊ̃ː/
		metè /metˈɛ/ - medietātem /medietˈaːtɛ̃/
		miåur /mjˈʌu̯r/ - meliōrem /mɛlʲiˈoːrɛ̃ː/
		murîr /murˈiːr/ - morīre /mɔrˈiːrɛ/
		muṡɡhèr /muzɡˈɛr/ - morsicāre /mɔrsɪkˈaːrɛ/
		mân /mˈaːŋ/ - manum /mˈanʊ̃ː/
		méi /mˈej/ - melius /mˈɛlʲiʊs/
		méll /mˈel/ - mīlle /mˈiːlʲlʲɛ/
		méɡɡa /mˈeɡa/ - mīcam /mˈiːkãː/
		môrt /mˈɔːrt/ - mortem /mˈɔrtɛ̃ː/
		mèder /mˈɛder/ - mātrem /mˈaːtrɛ̃ː/
		mèr /mˈɛr/ - mare /mˈarɛ/
		måssca /mˈʌska/ - muscam /mˈʊskãː/
		nudèr /nudˈɛr/ - natāre /natˈaːrɛ/
		nuèter /nwˈɛter/ - nōs /nˈoːs/
		nabbia /nˈabja/ - nebulam /nˈɛbʊɫãː/
		naiv /nˈajv/ - nivem /nˈɪwɛ̃ː/
		naiɡher /nˈajɡer/ - niɡrum /nˈɪɡrʊ̃ː/
		nó /nˈo/ - nōs /nˈoːs/
		nómm /nˈom/ - nōmen /nˈoːmɛ̃ː/
		nóvvla /nˈovla/ - nūbem /nˈuːbɛ̃ː/
		nóvvla /nˈovla/ - nūbilam /nˈuːbɪɫãː/
		nóvvla /nˈovla/ - nūbilum /nˈuːbɪɫʊ̃ː/
		nûṡ /nˈuːz/ - nucem /nˈʊkɛ̃ː/
		nòster /nˈɔster/ - nostrum /nˈɔstrʊ̃ː/
		nòt /nˈɔt/ - noctem /nˈɔktɛ̃ː/
		nôv /nˈɔːv/ - novum /nˈɔwʊ̃ː/
		nåud /nˈʌu̯d/ - nōdum /nˈoːdʊ̃ː/
		operèri /operˈɛri/ - operārium /ɔpɛrˈaːriʊ̃ː/
		paróla /parˈola/ - parabolam /parˈabɔɫãː/
		pdòcˈ /pdˈɔʧ/ - pēduculum /peːdˈukʊɫʊ̃ː/
		piànżer /pjˈaŋðer/ - planɡēre /pɫˈaŋɡɛrɛ/
		piómma /pjˈoma/ - pennam /pˈɛnnãː/
		piómma /pjˈoma/ - pinnam /pˈɪnnãː/
		piôva /pjˈɔːva/ - pluviam /pɫˈʊwiãː/
		pièɡa /pjˈɛɡa/ - plāɡam /plˈaːɡãː/
		psair /psˈajr/ - pōtēre /poːtˈeːrɛ/
		pail /pˈajl/ - capillum /kapˈɪlʲlʲʊ̃ː/
		pail /pˈajl/ - pilum /pˈɪɫʊ̃ː/
		panna /pˈana/ - poenam /pˈoe̯nãː/
		pass /pˈas/ - piscōnem /pɪskˈoːnɛ̃ː/
		pass /pˈas/ - piscem /pˈɪskɛ̃ː/
		pan /pˈaŋ/ - pānem /pˈaːnɛ̃ː/
		panza /pˈaŋθa/ - panticem /pˈantɪkɛ̃ː/
		pânt /pˈaːŋt/ - pontem /pˈɔntɛ̃ː/
		pén /pˈeŋ/ - plēnum /pɫˈeːnʊ̃ː/
		pórch /pˈork/ - porcum /pˈɔrkʊ̃ː/
		pónt /pˈoŋt/ - punctum /pˈʊŋktʊ̃ː/
		pôc /pˈɔːk/ - paucum /pˈau̯kʊ̃ː/
		pèder /pˈɛder/ - patrem /pˈatrɛ̃ː/
		pèl /pˈɛl/ - pellem /pˈɛlʲlʲɛ̃ː/
		pèt /pˈɛt/ - pectum /pˈɛktʊ̃ː/
		pèṡ /pˈɛz/ - pācem /pˈaːkɛ̃ː/
		pêɡra /pˈɛːɡra/ - oviculam /owˈɪkʊɫãː/
		pêɡra /pˈɛːɡra/ - pecora /pˈɛkɔra/
		pêɡra /pˈɛːɡra/ - ovem /ˈowɛ̃ː/
		radîs /radˈiːs/ - rādīcīnam /raːdiːkˈiːnãː/
		radîs /radˈiːs/ - rādīcem /raːdˈiːkɛ̃ː/
		rumàn /rumˈaŋ/ - rōmānum /roːmˈaːnʊ̃ː/
		râɡn /rˈaːɲ/ - arāneam /arˈaːneãː/
		râɡn /rˈaːɲ/ - arāneum /arˈaːneʊ̃ː/
		råss /rˈʌs/ - rubeum /rˈʊbeʊ̃ː/
		råss /rˈʌs/ - russum /rˈʊssʊ̃ː/
		salût /salˈuːt/ - salūtem /saɫˈuːtɛ̃ː/
		savair /savˈajr/ - sapere /sˈapɛrɛ/
		scrîver /skrˈiːver/ - scrībere /skrˈiːbɛrɛ/
		scultèr /skultˈɛr/ - auscultāre /au̯skʊɫtˈaːrɛ/
		scôrza /skˈɔːrθa/ - corticeam /kɔrtˈɪkɛãː/
		scôrza /skˈɔːrθa/ - corticem /kˈɔrtɪkɛ̃ː/
		scôrza /skˈɔːrθa/ - scorteam /skˈɔrteãː/
		smänt /smˈæŋt/ - sementem /seːmˈɛntɛ̃ː/
		smänt /smˈæŋt/ - sēmen /sˈeːmɛ̃ː/
		Spâɡna /spˈaːɲa/ - ʜispāniam /hɪspˈaːniãː/
		spén /spˈeŋ/ - spīnam /spˈiːnãː/
		strèla /strˈɛla/ - stēllam /stˈeːlʲlʲãː/
		stê /stˈɛː/ - statum /stˈatʊ̃ː/
		saida /sˈajda/ - sētam /sˈeːtãː/
		sacc /sˈak/ - siccum /sˈɪkkʊ̃ː/
		san /sˈaŋ/ - sānum /sˈaːnʊ̃ː/
		sant /sˈaŋt/ - sānctum /sˈaːŋktʊ̃ː/
		sanɡv /sˈaŋɡv/ - sanɡuinem /sˈaŋɡʷɪnɛ̃ː/
		sâbia /sˈaːbja/ - harēnam /harˈeːnãː/
		sâbia /sˈaːbja/ - sabula /sˈabʊɫa/
		sâbia /sˈaːbja/ - sabulum /sˈabʊɫʊ̃ː/
		sî /sˈiː/ - sex /sˈɛks/
		sîra /sˈiːra/ - sēram /sˈeːrãː/
		sèl /sˈɛl/ - salem /sˈaɫɛ̃ː/
		sèt /sˈɛt/ - septem /sˈɛptɛ̃/
		såul /sˈʌu̯l/ - sōlem /sˈoːɫɛ̃ː/
		såuver /sˈʌu̯ver/ - super /sˈʊpɛr/
		trî /trˈiː/ - trēs /trˈeːs/
		té /tˈe/ - tū /tˈuː/
		tótt /tˈot/ - tōtum /tˈoːtʊ̃ː/
		tänp /tˈæŋp/ - tempus /tˈɛmpʊs/
		tôr /tˈɔːr/ - taurum /tˈau̯rʊ̃ː/
		tånnd /tˈʌŋd/ - rotundum /rɔtˈʊndʊ̃ː/
		uraccia /urˈaʧa/ - auriculam /au̯rˈɪkʊɫãː/
		uṡèl /uzˈɛl/ - avicellum /awɪkˈɛlʲlʲʊ̃ː/
		vulèr /vulˈɛr/ - volāre /wɔɫˈaːrɛ/
		vàdder /vˈader/ - vidēre /wɪdˈeːrɛ/
		vaird /vˈajrd/ - viridem /wˈɪrɪdɛ̃ː/
		vânt /vˈaːŋt/ - ventum /wˈɛntʊ̃ː/
		vélla /vˈela/ - vīllam /wˈiːlʲlʲãː/
		vén /vˈeŋ/ - vīnum /wˈiːnʊ̃ː/
		vént /vˈeŋt/ - vīɡintī /wiːɡˈɪntiː/
		vècˈ /vˈɛʧ/ - vetulus /wˈɛtʊɫʊs/
		vècˈ /vˈɛʧ/ - vetulum /wˈɛtʊɫʊ̃ː/
		våuṡ /vˈʌu̯z/ - vōcem /wˈoːkɛ̃ː/
		ṡɡûr /zɡˈuːr/ - sēcūrum /seːkˈuːrʊ̃ː/
		żinżéjja /ðiŋðˈeja/ - ɡinɡīvam /ɡɪŋɡˈiːwãː/
		żnòcˈ /ðnˈɔʧ/ - ɡenuculum /ɡɛnˈʊkʊɫʊ̃ː/
		żànnder /ðˈander/ - ɡenerum /ɡˈɛnɛrʊ̃ː/
		żâl /ðˈaːl/ - ɡalbinum /ɡˈaɫbɪnʊ̃ː/
		żûɡ /ðˈuːɡ/ - iocum /jˈɔkʊ̃ː/
		żänt /ðˈæŋt/ - ɡentem /ɡˈɛntɛ̃ː/
		żòja /ðˈɔja/ - ɡaudiam /ɡˈau̯diãː/
		żåuven /ðˈʌu̯ven/ - iuvenem /jˈuwɛnɛ̃ː/
		ɡran /ɡrˈaŋ/ - ɡrānum /ɡrˈaːnʊ̃ː/
		ɡrâs /ɡrˈaːs/ - crassum /krˈassʊ̃ː/
		ɡròs /ɡrˈɔs/ - ɡrossum /ɡrˈɔssʊ̃ː/
		ɡât /ɡˈaːt/ - cattum /kˈattʊ̃ː/
		ɡåula /ɡˈʌu̯la/ - ɡulam /ɡˈʊɫãː/
		ɡåzza /ɡˈʌθa/ - ɡuttam /ɡˈʊttãː/
		ɡiazèr /ʤaθˈɛr/ - ɡelāre /ɡɛɫˈaːrɛ/
		ɡiazèr /ʤaθˈɛr/ - ɡlaciāre /ɡɫakiˈaːrɛ/
		ɡiâz /ʤˈaːθ/ - ɡlaciam /ɡɫˈakiãː/
		ciamèr /ʧamˈɛr/ - clāmāre /kɫaːmˈaːrɛ/
		cèv /ʧˈɛv/ - clāvem /klˈaːwɛ̃ː/
		ànżel /ˈanðel/ - anɡelum /ˈaŋɡɛɫʊ̃ː/
		âi /ˈaːj/ - ālium /ˈaːlʲiʊ̃ː/
		âcua /ˈaːkwa/ - aquam /ˈakʷãː/
		âlber /ˈaːlber/ - arborem /ˈarbɔrɛ̃ː/
		îṡla /ˈiːzla/ - īnsulam /ˈĩːsʊɫãː/
		ón /ˈoŋ/ - unum /ˈuːnʊ̃ː/
		ónnɡia /ˈoŋʤa/ - unɡulam /ˈʊŋɡʊɫãː/
		ûcˈ /ˈuːʧ/ - oculōs /ˈɔkʊɫoːs/
		òm /ˈɔm/ - homō /hˈɔmoː/
		òm /ˈɔm/ - hominem /hˈɔmɪnɛ̃ː/
		òmen /ˈɔmen/ - homō /hˈɔmoː/
		òmen /ˈɔmen/ - hominem /hˈɔmɪnɛ̃ː/
		òs /ˈɔs/ - ossum /ˈɔssʊ̃ː/
		òcˈ /ˈɔʧ/ - oculum /ˈɔkʊɫʊ̃ː/
		ôca /ˈɔːka/ - avicam /ˈawɪkãː/
		ôr /ˈɔːr/ - aurum /ˈau̯rʊ̃ː/
		èter /ˈɛter/ - alterum /ˈaɫtɛrʊ̃ː/
		èv /ˈɛv/ - apem /ˈapɛ̃ː/
		êrba /ˈɛːrba/ - herbam /hˈɛrbãː/
		znîṡa /θnˈiːza/ - cinerem /kˈɪnɛrɛ̃ː/
		zrîṡa /θrˈiːza/ - ceresiam /kɛrˈɛsiãː/
		zànnder /θˈander/ - cinerem /kˈɪnɛrɛ̃ː/
		zénc /θˈeŋk/ - quīnque /kʷˈiːŋkʷɛ/
		zîl /θˈiːl/ - caelum /kˈae̯ɫʊ̃ː/
		zänt /θˈæŋt/ - centum /kˈɛntʊ̃ː/

Final disqualified:
		aɡåccia /aɡˈʌʧa/ - acum /ˈakʊ̃ː/
		bèl /bˈɛl/ - fōrmōsam /foːrmˈoːsãː/
		dé /dˈe/ - diurnum /diˈʊrnʊ̃ː/
		dîr /dˈiːr/ - nārrāre /naːrrˈaːrɛ/
		estè /estˈɛ/ - vēram /wˈeːrãː/
		fiómm /fjˈom/ - rīvum /rˈiːwʊ̃ː/
		nèṡ /nˈɛz/ - nārīcem /naːrˈiːkɛ̃ː/
		pà /pˈa/ - petiolum /pɛtiˈolʊ̃ː/
		panza /pˈaŋθa/ - ventrem /wˈɛntrɛ̃ː/
		pèder /pˈɛder/ - tatam /tˈatãː/
		savair /savˈajr/ - scīre /skˈiːrɛ/
		uṡèl /uzˈɛl/ - passerem /pˈassɛrɛ̃ː/
		żâl /ðˈaːl/ - amārellum /amaːrˈɛlʲlʲʊ̃ː/
		òm /ˈɔm/ - barbātum /barbˈaːtʊ̃ː/
		òmen /ˈɔmen/ - barbātum /barbˈaːtʊ̃ː/
		èv /ˈɛv/ - apiculam /apˈɪkʊɫãː/


-------------------

