Same meaning pairs: 225
****SAMPLE 1****
Iteration 1
	Qualified: 173
	Disqualified: 187
	Added: 0
	Removed: 7
		veer /vˈeːʀ/ - we /wˈiː/
		aw /ˈɑβ/ - auld /ˈɑːld/
		beie /bˈɛjə/ - bede /bˈed/
		rege /ʀˈeːɣə/ - rayn /rˈen/
		'ch /əx/ - A /ˈɑː/
		zie /zˈi/ - mere /mˈir/
		beeje /bˈeːjə/ - bede /bˈed/

Iteration 2
	Qualified: 172
	Disqualified: 188
	Added: 0
	Removed: 1
		nege /nˈeːɣə/ - nine /nˈəi̯n/

Iteration 3
	Qualified: 172
	Disqualified: 188
	Added: 0
	Removed: 0

Final qualifying:
		blaad /blˈaːt/ - blade /blˈed/
		blom /blˈɔm/ - bluim /blˈøm/
		blood /blˈʊːt/ - bluid /blˈød/
		broed /bʀˈut/ - breid /brˈei̯d/
		breur /bʀˈøːʀ/ - brither /brˈɪðər/
		brögk /bʀˈœk/ - brig /brˈɪɡ/
		beter /bˈeːtəʀ/ - better /bˈɛtər/
		beer /bˈeːʀ/ - beir /bˈei̯r/
		biete /bˈiːtə/ - bite /bˈəi̯t/
		book /bˈoːk/ - buik /bˈøk/
		berg /bˈæːʀəx/ - burrae /bˈʌre/
		bij /bˈɛj/ - bee /bˈiː/
		bein /bˈɛːn/ - bane /bˈen/
		boot /bˈʊːt/ - bate /bˈet/
		druug /dʀˈyːx/ - dry /drˈəi̯/
		droum /dʀˈɔːm/ - dreme /drˈim/
		drei /dʀˈɛi̯/ - three /θrˈiː/
		drinke /dʀˈɪːŋkə/ - drink /drˈɪŋk/
		daag /dˈaːx/ - day /dˈeː/
		daanke /dˈaːŋkə/ - thank /θˈɑŋk/
		deef /dˈeːf/ - thef /θˈɛf/
		dier /dˈiːʀ/ - dere /dˈer/
		doed /dˈut/ - daith /dˈeθ/
		doezend /dˈuːzənt/ - thousand /θˈʉzənd/
		duujelek /dˈyːjələk/ - deidly /dˈei̯dləi̯/
		deur /dˈøːʀ/ - deir /dˈei̯r/
		dik /dˈɪk/ - thick /θˈɪk/
		dore /dˈʊːʀə/ - thorn /θˈɔrn/
		dun /dˈʏn/ - thin /θˈɪn/
		jaor /jˈɒːʀ/ - year /jˈɛr/
		joonk /jˈʊːŋk/ - young /jˈʉŋ/
		knee /knˈeː/ - knee /knˈiː/
		kaaf /kˈaːf/ - cauf /kʰˈɑːf/
		kaajd /kˈaːjt/ - cauld /kʰˈɑːld/
		kies /kˈis/ - cheese /ʧˈiːz/
		kooj /kˈoːj/ - cou /kʰˈʉ/
		kuke /kˈyːkə/ - chikin /ʧˈɪkɪn/
		keuning /kˈøːnɪŋ/ - king /kʰˈɪŋ/
		kop /kˈɔp/ - heid /hˈei̯d/
		kèrk /kˈɛːʀək/ - kirk /kˈɪrk/
		kore /kˈʊːʀə/ - horn /kʰˈɔrn/
		laam /lˈaːm/ - lam /lˈɑm/
		laank /lˈaːŋk/ - lang /lˈɑŋ/
		lever /lˈeːvəʀ/ - liver /lˈɪvər/
		leech /lˈeːx/ - licht /lˈɪxt/
		liech /lˈix/ - licht /lˈɪxt/
		loes /lˈuːs/ - loose /lˈʉs/
		lache /lˈɑxə/ - lauch /lˈɑːx/
		loupe /lˈɔːpə/ - leip /lˈei̯p/
		maan /mˈaːn/ - man /mˈɑn/
		meer /mˈeːʀ/ - mere /mˈir/
		miech /mˈix/ - me /mˈiː/
		moojer /mˈoːjəʀ/ - mither /mˈɪðər/
		moele /mˈuːlə/ - mooth /mˈʉθ/
		moes /mˈuːs/ - moose /mˈʉs/
		mach /mˈɑx/ - micht /mˈɪxt/
		maon /mˈɒːn/ - muin /mˈøn/
		mèlk /mˈɛːlək/ - milk /mˈɪlk/
		moond /mˈʊːnt/ - mooth /mˈʉθ/
		nui /nˈœi̯/ - new /njˈʉ/
		nach /nˈɑx/ - nicht /nˈɪxt/
		naom /nˈɒːm/ - name /nˈem/
		naos /nˈɒːs/ - nos /nˈɔs/
		pliech /plˈix/ - plicht /pʰlˈɪxt/
		slaope /slˈɒːpə/ - sleep /slˈiːp/
		staar /stˈaːʀ/ - ster /stˈɛr/
		störm /stˈœːʀəm/ - storm /stˈɔrm/
		tien /tˈin/ - ten /tʰˈɛn/
		tied /tˈiːt/ - tide /tʰˈəi̯d/
		tand /tˈɑːnt/ - tuith /tʰˈøθ/
		tong /tˈʊŋ/ - tongue /tʰˈɔŋ/
		twie /tβˈi/ - twa /tʰwˈɑː/
		twelf /tβˈæləf/ - twal /tʰwˈal/
		twinteg /tβˈɪːntəx/ - twenty /tʰwˈɛnti/
		vleeg /vlˈeːx/ - fle /flˈɛ/
		vlege /vlˈeːɣə/ - flee /flˈiː/
		vleis /vlˈɛːs/ - flesh /flˈɛʃ/
		vrouw /vʀˈɔu̯/ - quean /kʰwˈei̯n/
		vrij /vʀˈɛːi̯/ - fre /frˈɛ/
		vrund /vʀˈʏːnt/ - freend /frˈiːnd/
		vaajer /vˈaːjəʀ/ - faither /fˈeðər/
		veer /vˈeːʀ/ - feather /fˈei̯ðər/
		veer /vˈeːʀ/ - fower /fˈʌʉ̯ər/
		veers /vˈeːʀs/ - fresh /frˈɛʃ/
		vief /vˈiːf/ - five /fˈaːɪ̯v/
		vogel /vˈoːɣəl/ - foul /fˈʉl/
		vuur /vˈyːʀ/ - fire /fˈəi̯r/
		veuj /vˈøːj/ - fits /fˈɪts/
		veule /vˈøːlə/ - fele /fˈil/
		vol /vˈɔl/ - fou /fˈʉ/
		volge /vˈɔləɣə/ - follae /fˈɔle/
		vos /vˈɔs/ - fox /fˈɔks/
		volk /vˈɔːlək/ - fowk /fˈʌʉ̯k/
		vès /vˈɛs/ - fish /fˈɪʃ/
		voot /vˈʊːt/ - fit /fˈɪt/
		zaajt /zˈaːjt/ - saut /sˈɑːt/
		zeve /zˈeːvə/ - seiven /sˈei̯vən/
		zie /zˈi/ - sea /sˈiː/
		ziel /zˈil/ - saul /sˈɑːɫ/
		zien /zˈiːn/ - see /sˈiː/
		zeut /zˈøːt/ - sweet /swˈiːt/
		zand /zˈɑːnt/ - saund /sˈɑːnd/
		zij /zˈɛj/ - side /sˈəi̯d/
		zès /zˈɛs/ - sax /sˈɑks/
		zègke /zˈɛɡə/ - say /sˈeː/
		zitte /zˈɪtə/ - sit /sˈɪt/
		zinge /zˈɪːŋə/ - sing /sˈɪŋ/
		zoon /zˈʊːn/ - son /sˈɔn/
		zwart /zβˈɑʀt/ - swart /swˈɑrt/
		zwumme /zβˈʏmə/ - sweem /swˈim/
		graas /ɣʀˈaːs/ - gress /ɡrˈɛs/
		groet /ɣʀˈut/ - great /ɡrˈei̯t/
		greun /ɣʀˈøːn/ - green /ɡrˈiːn/
		gaajs /ɣˈaːjs/ - guse /ɡˈøs/
		geel /ɣˈeːl/ - yellae /jˈɛle/
		god /ɣˈɔt/ - god /ɡˈɔd/
		goud /ɣˈɔːwt/ - gowd /ɡˈʌʉ̯d/
		geis /ɣˈɛːs/ - gaist /ɡˈest/
		gooj /ɣˈʊːj/ - guid /ɡˈød/
		heer /ɦˈeːʀ/ - here /hˈir/
		honing /ɦˈoːnɪŋ/ - huny /hˈʌnəi̯/
		hoeg /ɦˈux/ - heech /hˈiːx/
		hoes /ɦˈuːs/ - hoose /hˈʉs/
		hoed /ɦˈuːt/ - hide /hˈaːɪ̯d/
		hure /ɦˈyːʀə/ - hear /hˈei̯r/
		höbbe /ɦˈœbə/ - hae /hˈeː/
		höd /ɦˈœt/ - heid /hˈei̯d/
		haos /ɦˈɒːs/ - hare /hˈer/
		heileg /ɦˈɛːləx/ - haly /hˈɑləi̯/
		heit /ɦˈɛːt/ - hait /hˈet/
		hin /ɦˈɪn/ - hen /hˈɛn/
		hoonderd /ɦˈʊːndəʀt/ - hunder /hˈʌndər/
		hoond /ɦˈʊːnt/ - hoond /hˈʉnd/
		roed /ʀˈut/ - reid /rˈei̯d/
		rech /ʀˈæx/ - richt /rˈɪxt/
		sjeep /ʃˈeːp/ - ship /ʃˈɪp/
		sjiet /ʃˈiːt/ - shit /ʃˈɪt/
		sjoen /ʃˈun/ - shene /ʃˈiːn/
		sjerp /ʃˈæːʀəp/ - shairp /ʃˈɛrp/
		sjaop /ʃˈɒːp/ - sheep /ʃˈiːp/
		ete /ˈeːtə/ - eat /ˈei̯t/
		eeg /ˈeːx/ - egge /ˈɛɡə/
		eerd /ˈeːʀt/ - yird /jˈɪrd/
		oer /ˈuːʀ/ - ear /ˈei̯r/
		vinger /ˈvɪːŋəʀ/ - finger /fˈɪŋɡər/
		erm /ˈæːʀəm/ - airm /ˈɛrm/
		euver /ˈøːvəʀ/ - ower /ˈʌʉ̯ər/
		uil /ˈœi̯l/ - oul /ˈʉl/
		appel /ˈɑpəl/ - aipple /ˈepl̩/
		ach /ˈɑx/ - aicht /ˈext/
		al /ˈɑːl/ - aw /ˈɑː/
		ander /ˈɑːndəʀ/ - ither /ˈɪðər/
		oug /ˈɔu̯x/ - ee /ˈiː/
		èlf /ˈɛləf/ - eleiven /əlˈei̯vən/
		ei /ˈɛːi̯/ - egg /ˈɛɡ/
		eik /ˈɛːk/ - aik /ˈek/
		eine /ˈɛːnə/ - ane /ˈen/
		in /ˈɪːn/ - in /ˈɪn/
		weeg /βˈeːx/ - wey /wˈəi̯/
		weer /βˈeːʀ/ - wethir /wˈɛðɪr/
		wiel /βˈil/ - wheel /ʍˈiːɫ/
		wief /βˈiːf/ - wife /wˈəi̯f/
		werm /βˈæʀəm/ - wairm /wˈei̯rm/
		wörm /βˈœːʀəm/ - wirm /wˈɪrm/
		wat /βˈɑt/ - what /ʍˈɪt/
		wal /βˈɑːl/ - whaul /ʍˈɑːl/
		waope /βˈɒːpə/ - wapyn /wˈɑpəi̯n/
		wol /βˈɔl/ - woll /wˈɔɫ/
		wolf /βˈɔːləf/ - wolf /wˈɔɫf/
		weite /βˈɛːtə/ - wit /wˈɪt/
		winse /βˈɪːnsə/ - wis /wˈɪs/
		woord /βˈʊːʀt/ - word /wˈɔrd/

Final disqualified:
		beeje /bˈeːjə/ - bede /bˈed/
		beie /bˈɛjə/ - bede /bˈed/
		nege /nˈeːɣə/ - nine /nˈəi̯n/
		veer /vˈeːʀ/ - we /wˈiː/
		zie /zˈi/ - mere /mˈir/
		'ch /əx/ - A /ˈɑː/
		rege /ʀˈeːɣə/ - rayn /rˈen/
		aw /ˈɑβ/ - auld /ˈɑːld/


-------------------

****SAMPLE 2****
Iteration 1
	Qualified: 174
	Disqualified: 186
	Added: 0
	Removed: 6
		veer /vˈeːʀ/ - we /wˈiː/
		aw /ˈɑβ/ - auld /ˈɑːld/
		rege /ʀˈeːɣə/ - rayn /rˈen/
		'ch /əx/ - A /ˈɑː/
		boum /bˈɔːm/ - three /tʰrˈiː/
		zie /zˈi/ - mere /mˈir/

Iteration 2
	Qualified: 173
	Disqualified: 187
	Added: 0
	Removed: 1
		nege /nˈeːɣə/ - nine /nˈəi̯n/

Iteration 3
	Qualified: 173
	Disqualified: 187
	Added: 0
	Removed: 0

Final qualifying:
		blaad /blˈaːt/ - blade /blˈed/
		blom /blˈɔm/ - bluim /blˈøm/
		blood /blˈʊːt/ - bluid /blˈød/
		broed /bʀˈut/ - breid /brˈei̯d/
		breur /bʀˈøːʀ/ - brither /brˈɪðər/
		brögk /bʀˈœk/ - brig /brˈɪɡ/
		beeje /bˈeːjə/ - bede /bˈed/
		beter /bˈeːtəʀ/ - better /bˈɛtər/
		beer /bˈeːʀ/ - beir /bˈei̯r/
		biete /bˈiːtə/ - bite /bˈəi̯t/
		book /bˈoːk/ - buik /bˈøk/
		boum /bˈɔːm/ - beam /bˈei̯m/
		beie /bˈɛjə/ - bede /bˈed/
		bein /bˈɛːn/ - bane /bˈen/
		boors /bˈʊːʀs/ - breest /brˈiːst/
		drieve /dʀˈiːvə/ - dryve /drˈəi̯v/
		druug /dʀˈyːx/ - dry /drˈəi̯/
		droum /dʀˈɔːm/ - dreme /drˈim/
		drei /dʀˈɛi̯/ - three /θrˈiː/
		drinke /dʀˈɪːŋkə/ - drink /drˈɪŋk/
		daag /dˈaːx/ - day /dˈeː/
		daanke /dˈaːŋkə/ - thank /θˈɑŋk/
		dier /dˈiːʀ/ - deir /dˈei̯r/
		dier /dˈiːʀ/ - dere /dˈer/
		doed /dˈut/ - daith /dˈeθ/
		doe /dˈuː/ - thou /ðˈʉ/
		doezend /dˈuːzənt/ - thousand /θˈʉzənd/
		deur /dˈøːʀ/ - deir /dˈei̯r/
		donder /dˈɔndəʀ/ - thunder /θˈʌndər/
		dik /dˈɪk/ - thick /θˈɪk/
		dink /dˈɪːŋk/ - thing /θˈɪŋ/
		dore /dˈʊːʀə/ - thorn /θˈɔrn/
		dun /dˈʏn/ - thin /θˈɪn/
		dwerg /dβˈæːʀəx/ - droich /drˈoe̯ç/
		jaor /jˈɒːʀ/ - year /jˈɛr/
		joonk /jˈʊːŋk/ - young /jˈʉŋ/
		knee /knˈeː/ - knee /knˈiː/
		kaaf /kˈaːf/ - cauf /kʰˈɑːf/
		kaajd /kˈaːjt/ - cauld /kʰˈɑːld/
		kies /kˈis/ - cheese /ʧˈiːz/
		kop /kˈɔp/ - heid /hˈei̯d/
		kèrk /kˈɛːʀək/ - kirk /kˈɪrk/
		kore /kˈʊːʀə/ - horn /kʰˈɔrn/
		laam /lˈaːm/ - lam /lˈɑm/
		laank /lˈaːŋk/ - lang /lˈɑŋ/
		leech /lˈeːx/ - licht /lˈɪxt/
		liech /lˈix/ - licht /lˈɪxt/
		lache /lˈɑxə/ - lauch /lˈɑːx/
		land /lˈɑːnt/ - laund /lˈɑːnd/
		loupe /lˈɔːpə/ - leip /lˈei̯p/
		maan /mˈaːn/ - man /mˈɑn/
		meer /mˈeːʀ/ - mere /mˈir/
		miech /mˈix/ - me /mˈiː/
		moele /mˈuːlə/ - mooth /mˈʉθ/
		moes /mˈuːs/ - moose /mˈʉs/
		maon /mˈɒːn/ - muin /mˈøn/
		moond /mˈʊːnt/ - mooth /mˈʉθ/
		nagel /nˈaːɣəl/ - nail /nˈel/
		nui /nˈœi̯/ - new /njˈʉ/
		nach /nˈɑx/ - nicht /nˈɪxt/
		naom /nˈɒːm/ - name /nˈem/
		naos /nˈɒːs/ - nos /nˈɔs/
		noorde /nˈʊːʀdə/ - north /nˈɔrθ/
		sloon /slˈʊːn/ - slay /slˈeː/
		snie /snˈi/ - snaw /snˈɑː/
		staar /stˈaːʀ/ - ster /stˈɛr/
		störm /stˈœːʀəm/ - storm /stˈɔrm/
		stein /stˈɛːn/ - stane /stˈen/
		stool /stˈʊːl/ - stule /stˈøl/
		tien /tˈin/ - ten /tʰˈɛn/
		tied /tˈiːt/ - tide /tʰˈəi̯d/
		tand /tˈɑːnt/ - tuith /tʰˈøθ/
		tong /tˈʊŋ/ - tongue /tʰˈɔŋ/
		twie /tβˈi/ - twa /tʰwˈɑː/
		twelf /tβˈæləf/ - twal /tʰwˈal/
		vleeg /vlˈeːx/ - fle /flˈɛ/
		vlege /vlˈeːɣə/ - flee /flˈiː/
		vrere /vʀˈeːʀə/ - frese /frˈiːz/
		vrouw /vʀˈɔu̯/ - quean /kʰwˈei̯n/
		vrij /vʀˈɛːi̯/ - fre /frˈɛ/
		vrund /vʀˈʏːnt/ - freend /frˈiːnd/
		vaajer /vˈaːjəʀ/ - faither /fˈeðər/
		veer /vˈeːʀ/ - feather /fˈei̯ðər/
		veers /vˈeːʀs/ - fresh /frˈɛʃ/
		vogel /vˈoːɣəl/ - foul /fˈʉl/
		vuur /vˈyːʀ/ - fire /fˈəi̯r/
		veuj /vˈøːj/ - fits /fˈɪts/
		veule /vˈøːlə/ - fele /fˈil/
		vol /vˈɔl/ - fou /fˈʉ/
		volge /vˈɔləɣə/ - follae /fˈɔle/
		vos /vˈɔs/ - fox /fˈɔks/
		volk /vˈɔːlək/ - fowk /fˈʌʉ̯k/
		vès /vˈɛs/ - fish /fˈɪʃ/
		zaajt /zˈaːjt/ - saut /sˈɑːt/
		zie /zˈi/ - sea /sˈiː/
		ziel /zˈil/ - saul /sˈɑːɫ/
		zien /zˈiːn/ - see /sˈiː/
		zeut /zˈøːt/ - sweet /swˈiːt/
		zand /zˈɑːnt/ - saund /sˈɑːnd/
		zij /zˈɛj/ - side /sˈəi̯d/
		zès /zˈɛs/ - sax /sˈɑks/
		zègke /zˈɛɡə/ - say /sˈeː/
		zitte /zˈɪtə/ - sit /sˈɪt/
		zinge /zˈɪːŋə/ - sing /sˈɪŋ/
		zoon /zˈʊːn/ - son /sˈɔn/
		zuster /zˈʏːstəʀ/ - sister /sˈɪstər/
		zwart /zβˈɑʀt/ - swart /swˈɑrt/
		zwumme /zβˈʏmə/ - sweem /swˈim/
		graas /ɣʀˈaːs/ - gress /ɡrˈɛs/
		groet /ɣʀˈut/ - great /ɡrˈei̯t/
		greun /ɣʀˈøːn/ - green /ɡrˈiːn/
		gaajs /ɣˈaːjs/ - guse /ɡˈøs/
		geel /ɣˈeːl/ - yellae /jˈɛle/
		god /ɣˈɔt/ - god /ɡˈɔd/
		goud /ɣˈɔːwt/ - gowd /ɡˈʌʉ̯d/
		geis /ɣˈɛːs/ - gaist /ɡˈest/
		gooj /ɣˈʊːj/ - guid /ɡˈød/
		heer /ɦˈeːʀ/ - here /hˈir/
		hoeg /ɦˈux/ - heech /hˈiːx/
		hoes /ɦˈuːs/ - hoose /hˈʉs/
		hoed /ɦˈuːt/ - hide /hˈaːɪ̯d/
		hure /ɦˈyːʀə/ - hear /hˈei̯r/
		höbbe /ɦˈœbə/ - hae /hˈeː/
		höd /ɦˈœt/ - heid /hˈei̯d/
		hart /ɦˈɑʀt/ - hert /hˈɛrt/
		haor /ɦˈɒːʀ/ - hear /hˈer/
		heim /ɦˈɛːi̯m/ - hame /hˈem/
		heileg /ɦˈɛːləx/ - haly /hˈɑləi̯/
		heit /ɦˈɛːt/ - hait /hˈet/
		hin /ɦˈɪn/ - hen /hˈɛn/
		hoond /ɦˈʊːnt/ - hoond /hˈʉnd/
		hoonger /ɦˈʊːŋəʀ/ - hunger /hˈʌŋɡər/
		hore /ɦˈʊːʀə/ - horn /hˈɔrn/
		riek /ʀˈiːk/ - rich /ɹˈɪʧ/
		roed /ʀˈut/ - rede /rˈed/
		roed /ʀˈut/ - reid /rˈei̯d/
		rech /ʀˈæx/ - richt /rˈɪxt/
		rouk /ʀˈɔːk/ - reek /rˈiːk/
		rink /ʀˈɪːŋk/ - ring /rˈɪŋ/
		sjeep /ʃˈeːp/ - ship /ʃˈɪp/
		sjiet /ʃˈiːt/ - shit /ʃˈɪt/
		sjoen /ʃˈun/ - shene /ʃˈiːn/
		sjerp /ʃˈæːʀəp/ - shairp /ʃˈɛrp/
		ete /ˈeːtə/ - eat /ˈei̯t/
		eeg /ˈeːx/ - egge /ˈɛɡə/
		eerd /ˈeːʀt/ - yird /jˈɪrd/
		iech /ˈix/ - A /ˈɑː/
		ies /ˈiːs/ - ice /ˈəi̯s/
		oet /ˈuːt/ - out /ˈʉt/
		vinger /ˈvɪːŋəʀ/ - finger /fˈɪŋɡər/
		es /ˈæs/ - ess /ˈɛs/
		erm /ˈæːʀəm/ - airm /ˈɛrm/
		euver /ˈøːvəʀ/ - ower /ˈʌʉ̯ər/
		uil /ˈœi̯l/ - oul /ˈʉl/
		appel /ˈɑpəl/ - aipple /ˈepl̩/
		ander /ˈɑːndəʀ/ - ither /ˈɪðər/
		oug /ˈɔu̯x/ - ee /ˈiː/
		èlf /ˈɛləf/ - eleiven /əlˈei̯vən/
		ei /ˈɛːi̯/ - egg /ˈɛɡ/
		in /ˈɪːn/ - in /ˈɪn/
		eus /ˈʏːs/ - us /ˈʌs/
		water /βˈaːtəʀ/ - watter /wˈɑtər/
		weer /βˈeːʀ/ - wethir /wˈɛðɪr/
		wiel /βˈil/ - wheel /ʍˈiːɫ/
		wief /βˈiːf/ - wife /wˈəi̯f/
		werm /βˈæʀəm/ - wairm /wˈei̯rm/
		wat /βˈɑt/ - what /ʍˈɪt/
		waope /βˈɒːpə/ - wapyn /wˈɑpəi̯n/
		wolf /βˈɔːləf/ - wolf /wˈɔɫf/
		weite /βˈɛːtə/ - wit /wˈɪt/
		wit /βˈɪt/ - white /ʍˈəi̯t/
		winse /βˈɪːnsə/ - wis /wˈɪs/
		wind /βˈɪːnt/ - wind /wˈɪnd/

Final disqualified:
		boum /bˈɔːm/ - three /tʰrˈiː/
		nege /nˈeːɣə/ - nine /nˈəi̯n/
		veer /vˈeːʀ/ - we /wˈiː/
		zie /zˈi/ - mere /mˈir/
		'ch /əx/ - A /ˈɑː/
		rege /ʀˈeːɣə/ - rayn /rˈen/
		aw /ˈɑβ/ - auld /ˈɑːld/


-------------------

****SAMPLE 3****
Iteration 1
	Qualified: 176
	Disqualified: 184
	Added: 0
	Removed: 4
		rege /ʀˈeːɣə/ - rayn /rˈen/
		'ch /əx/ - A /ˈɑː/
		aw /ˈɑβ/ - auld /ˈɑːld/
		zie /zˈi/ - mere /mˈir/

Iteration 2
	Qualified: 175
	Disqualified: 185
	Added: 0
	Removed: 1
		nege /nˈeːɣə/ - nine /nˈəi̯n/

Iteration 3
	Qualified: 175
	Disqualified: 185
	Added: 0
	Removed: 0

Final qualifying:
		blaad /blˈaːt/ - blade /blˈed/
		blom /blˈɔm/ - bluim /blˈøm/
		blood /blˈʊːt/ - bluid /blˈød/
		broed /bʀˈut/ - breid /brˈei̯d/
		breur /bʀˈøːʀ/ - brither /brˈɪðər/
		brögk /bʀˈœk/ - brig /brˈɪɡ/
		beter /bˈeːtəʀ/ - better /bˈɛtər/
		biete /bˈiːtə/ - bite /bˈəi̯t/
		book /bˈoːk/ - buik /bˈøk/
		berg /bˈæːʀəx/ - burrae /bˈʌre/
		boum /bˈɔːm/ - beam /bˈei̯m/
		beie /bˈɛjə/ - bede /bˈed/
		bein /bˈɛːn/ - bane /bˈen/
		boors /bˈʊːʀs/ - breest /brˈiːst/
		drieve /dʀˈiːvə/ - dryve /drˈəi̯v/
		droum /dʀˈɔːm/ - dreme /drˈim/
		drei /dʀˈɛi̯/ - three /θrˈiː/
		drinke /dʀˈɪːŋkə/ - drink /drˈɪŋk/
		daag /dˈaːx/ - day /dˈeː/
		daanke /dˈaːŋkə/ - thank /θˈɑŋk/
		dier /dˈiːʀ/ - dere /dˈer/
		doed /dˈut/ - daith /dˈeθ/
		doe /dˈuː/ - thou /ðˈʉ/
		duujelek /dˈyːjələk/ - deidly /dˈei̯dləi̯/
		deur /dˈøːʀ/ - deir /dˈei̯r/
		deur /dˈøːʀ/ - dere /dˈer/
		dochter /dˈɔxtəʀ/ - dochter /dˈɔxtər/
		dor /dˈɔʀ/ - dry /drˈəi̯/
		dik /dˈɪk/ - thick /θˈɪk/
		dink /dˈɪːŋk/ - thing /θˈɪŋ/
		dore /dˈʊːʀə/ - thorn /θˈɔrn/
		dun /dˈʏn/ - thin /θˈɪn/
		dwerg /dβˈæːʀəx/ - droich /drˈoe̯ç/
		joonk /jˈʊːŋk/ - young /jˈʉŋ/
		knee /knˈeː/ - knee /knˈiː/
		kaaf /kˈaːf/ - cauf /kʰˈɑːf/
		kaajd /kˈaːjt/ - cauld /kʰˈɑːld/
		kies /kˈis/ - cheese /ʧˈiːz/
		keuning /kˈøːnɪŋ/ - king /kʰˈɪŋ/
		kop /kˈɔp/ - heid /hˈei̯d/
		kèrk /kˈɛːʀək/ - kirk /kˈɪrk/
		kore /kˈʊːʀə/ - horn /kʰˈɔrn/
		lever /lˈeːvəʀ/ - liver /lˈɪvər/
		leech /lˈeːx/ - licht /lˈɪxt/
		liech /lˈix/ - licht /lˈɪxt/
		lache /lˈɑxə/ - lauch /lˈɑːx/
		loupe /lˈɔːpə/ - leip /lˈei̯p/
		maan /mˈaːn/ - man /mˈɑn/
		meer /mˈeːʀ/ - mere /mˈir/
		miech /mˈix/ - me /mˈiː/
		moele /mˈuːlə/ - mooth /mˈʉθ/
		moes /mˈuːs/ - moose /mˈʉs/
		mach /mˈɑx/ - micht /mˈɪxt/
		mèlk /mˈɛːlək/ - milk /mˈɪlk/
		moond /mˈʊːnt/ - mooth /mˈʉθ/
		nagel /nˈaːɣəl/ - nail /nˈel/
		nui /nˈœi̯/ - new /njˈʉ/
		nach /nˈɑx/ - nicht /nˈɪxt/
		naoje /nˈɒːjə/ - neidil /nˈei̯dɪl/
		naom /nˈɒːm/ - name /nˈem/
		naos /nˈɒːs/ - nos /nˈɔs/
		noorde /nˈʊːʀdə/ - north /nˈɔrθ/
		pliech /plˈix/ - plicht /pʰlˈɪxt/
		sloon /slˈʊːn/ - slay /slˈeː/
		snie /snˈi/ - snaw /snˈɑː/
		staar /stˈaːʀ/ - ster /stˈɛr/
		störm /stˈœːʀəm/ - storm /stˈɔrm/
		stool /stˈʊːl/ - stule /stˈøl/
		tied /tˈiːt/ - tide /tʰˈəi̯d/
		tand /tˈɑːnt/ - tuith /tʰˈøθ/
		twie /tβˈi/ - twa /tʰwˈɑː/
		twelf /tβˈæləf/ - twal /tʰwˈal/
		twinteg /tβˈɪːntəx/ - twenty /tʰwˈɛnti/
		vleeg /vlˈeːx/ - fle /flˈɛ/
		vlege /vlˈeːɣə/ - flee /flˈiː/
		vleis /vlˈɛːs/ - flesh /flˈɛʃ/
		vrij /vʀˈɛːi̯/ - fre /frˈɛ/
		vrund /vʀˈʏːnt/ - freend /frˈiːnd/
		vaajer /vˈaːjəʀ/ - faither /fˈeðər/
		veer /vˈeːʀ/ - feather /fˈei̯ðər/
		veer /vˈeːʀ/ - fower /fˈʌʉ̯ər/
		vief /vˈiːf/ - five /fˈaːɪ̯v/
		vogel /vˈoːɣəl/ - foul /fˈʉl/
		vuur /vˈyːʀ/ - fire /fˈəi̯r/
		volge /vˈɔləɣə/ - follae /fˈɔle/
		vos /vˈɔs/ - fox /fˈɔks/
		volk /vˈɔːlək/ - fowk /fˈʌʉ̯k/
		vès /vˈɛs/ - fish /fˈɪʃ/
		voot /vˈʊːt/ - fit /fˈɪt/
		zaajt /zˈaːjt/ - saut /sˈɑːt/
		zeve /zˈeːvə/ - seiven /sˈei̯vən/
		zie /zˈi/ - sea /sˈiː/
		ziel /zˈil/ - saul /sˈɑːɫ/
		zien /zˈiːn/ - see /sˈiː/
		zeut /zˈøːt/ - sweet /swˈiːt/
		zand /zˈɑːnt/ - saund /sˈɑːnd/
		zij /zˈɛj/ - side /sˈəi̯d/
		zès /zˈɛs/ - sax /sˈɑks/
		zitte /zˈɪtə/ - sit /sˈɪt/
		zinge /zˈɪːŋə/ - sing /sˈɪŋ/
		zoon /zˈʊːn/ - son /sˈɔn/
		zuster /zˈʏːstəʀ/ - sister /sˈɪstər/
		zwien /zβˈiːn/ - swine /swˈəi̯n/
		zwart /zβˈɑʀt/ - swart /swˈɑrt/
		zwumme /zβˈʏmə/ - sweem /swˈim/
		graas /ɣʀˈaːs/ - gress /ɡrˈɛs/
		groet /ɣʀˈut/ - great /ɡrˈei̯t/
		greun /ɣʀˈøːn/ - green /ɡrˈiːn/
		gaajs /ɣˈaːjs/ - guse /ɡˈøs/
		geel /ɣˈeːl/ - yellae /jˈɛle/
		god /ɣˈɔt/ - god /ɡˈɔd/
		goud /ɣˈɔːwt/ - gowd /ɡˈʌʉ̯d/
		geis /ɣˈɛːs/ - gaist /ɡˈest/
		geit /ɣˈɛːt/ - gait /ɡˈet/
		gooj /ɣˈʊːj/ - guid /ɡˈød/
		heer /ɦˈeːʀ/ - here /hˈir/
		honing /ɦˈoːnɪŋ/ - huny /hˈʌnəi̯/
		hoes /ɦˈuːs/ - hoose /hˈʉs/
		hoed /ɦˈuːt/ - hide /hˈaːɪ̯d/
		höbbe /ɦˈœbə/ - hae /hˈeː/
		höd /ɦˈœt/ - heid /hˈei̯d/
		hart /ɦˈɑʀt/ - hert /hˈɛrt/
		hand /ɦˈɑːnt/ - haund /hˈɑːnd/
		haos /ɦˈɒːs/ - hare /hˈer/
		haor /ɦˈɒːʀ/ - hear /hˈer/
		heim /ɦˈɛːi̯m/ - hame /hˈem/
		heileg /ɦˈɛːləx/ - haly /hˈɑləi̯/
		heit /ɦˈɛːt/ - hait /hˈet/
		hin /ɦˈɪn/ - hen /hˈɛn/
		hoonderd /ɦˈʊːndəʀt/ - hunder /hˈʌndər/
		hoond /ɦˈʊːnt/ - hoond /hˈʉnd/
		hore /ɦˈʊːʀə/ - horn /hˈɔrn/
		roed /ʀˈut/ - rede /rˈed/
		roed /ʀˈut/ - reid /rˈei̯d/
		rink /ʀˈɪːŋk/ - ring /rˈɪŋ/
		sjeep /ʃˈeːp/ - ship /ʃˈɪp/
		sjoen /ʃˈun/ - shene /ʃˈiːn/
		sjerp /ʃˈæːʀəp/ - shairp /ʃˈɛrp/
		aap /ˈaːp/ - aip /ˈep/
		ete /ˈeːtə/ - eat /ˈei̯t/
		eeg /ˈeːx/ - egge /ˈɛɡə/
		eerd /ˈeːʀt/ - yird /jˈɪrd/
		iech /ˈix/ - A /ˈɑː/
		oet /ˈuːt/ - out /ˈʉt/
		oer /ˈuːʀ/ - ear /ˈei̯r/
		vinger /ˈvɪːŋəʀ/ - finger /fˈɪŋɡər/
		es /ˈæs/ - ess /ˈɛs/
		erm /ˈæːʀəm/ - airm /ˈɛrm/
		euver /ˈøːvəʀ/ - ower /ˈʌʉ̯ər/
		uil /ˈœi̯l/ - oul /ˈʉl/
		appel /ˈɑpəl/ - aipple /ˈepl̩/
		ach /ˈɑx/ - aicht /ˈext/
		ander /ˈɑːndəʀ/ - ither /ˈɪðər/
		oug /ˈɔu̯x/ - ee /ˈiː/
		èlf /ˈɛləf/ - eleiven /əlˈei̯vən/
		ei /ˈɛːi̯/ - egg /ˈɛɡ/
		eik /ˈɛːk/ - aik /ˈek/
		eine /ˈɛːnə/ - ane /ˈen/
		in /ˈɪːn/ - in /ˈɪn/
		eus /ˈʏːs/ - us /ˈʌs/
		water /βˈaːtəʀ/ - watter /wˈɑtər/
		weeg /βˈeːx/ - wey /wˈəi̯/
		weer /βˈeːʀ/ - wethir /wˈɛðɪr/
		wiel /βˈil/ - wheel /ʍˈiːɫ/
		wief /βˈiːf/ - wife /wˈəi̯f/
		werm /βˈæʀəm/ - wairm /wˈei̯rm/
		wörm /βˈœːʀəm/ - wirm /wˈɪrm/
		wat /βˈɑt/ - what /ʍˈɪt/
		waope /βˈɒːpə/ - wapyn /wˈɑpəi̯n/
		wol /βˈɔl/ - woll /wˈɔɫ/
		wolf /βˈɔːləf/ - wolf /wˈɔɫf/
		weite /βˈɛːtə/ - wit /wˈɪt/
		wit /βˈɪt/ - white /ʍˈəi̯t/
		wind /βˈɪːnt/ - wind /wˈɪnd/
		woord /βˈʊːʀt/ - word /wˈɔrd/

Final disqualified:
		nege /nˈeːɣə/ - nine /nˈəi̯n/
		zie /zˈi/ - mere /mˈir/
		'ch /əx/ - A /ˈɑː/
		rege /ʀˈeːɣə/ - rayn /rˈen/
		aw /ˈɑβ/ - auld /ˈɑːld/


-------------------

****SAMPLE 4****
Iteration 1
	Qualified: 171
	Disqualified: 189
	Added: 0
	Removed: 9
		veer /vˈeːʀ/ - we /wˈiː/
		aw /ˈɑβ/ - auld /ˈɑːld/
		rege /ʀˈeːɣə/ - rayn /rˈen/
		'ch /əx/ - A /ˈɑː/
		ete /ˈeːtə/ - eat /ˈei̯t/
		meer /mˈeːʀ/ - sea /sˈiː/
		boum /bˈɔːm/ - three /tʰrˈiː/
		zie /zˈi/ - mere /mˈir/
		beeje /bˈeːjə/ - bede /bˈed/

Iteration 2
	Qualified: 169
	Disqualified: 191
	Added: 0
	Removed: 2
		vrouw /vʀˈɔu̯/ - quean /kʰwˈei̯n/
		nege /nˈeːɣə/ - nine /nˈəi̯n/

Iteration 3
	Qualified: 169
	Disqualified: 191
	Added: 0
	Removed: 0

Final qualifying:
		blom /blˈɔm/ - bluim /blˈøm/
		blood /blˈʊːt/ - bluid /blˈød/
		broed /bʀˈut/ - breid /brˈei̯d/
		breur /bʀˈøːʀ/ - brither /brˈɪðər/
		brögk /bʀˈœk/ - brig /brˈɪɡ/
		beter /bˈeːtəʀ/ - better /bˈɛtər/
		biete /bˈiːtə/ - bite /bˈəi̯t/
		book /bˈoːk/ - buik /bˈøk/
		berg /bˈæːʀəx/ - burrae /bˈʌre/
		bad /bˈɑt/ - bath /bˈɑθ/
		boum /bˈɔːm/ - beam /bˈei̯m/
		bij /bˈɛj/ - bee /bˈiː/
		bein /bˈɛːn/ - bane /bˈen/
		boors /bˈʊːʀs/ - breest /brˈiːst/
		drieve /dʀˈiːvə/ - dryve /drˈəi̯v/
		druug /dʀˈyːx/ - dry /drˈəi̯/
		droum /dʀˈɔːm/ - dreme /drˈim/
		drei /dʀˈɛi̯/ - three /θrˈiː/
		drinke /dʀˈɪːŋkə/ - drink /drˈɪŋk/
		daag /dˈaːx/ - day /dˈeː/
		daanke /dˈaːŋkə/ - thank /θˈɑŋk/
		deef /dˈeːf/ - thef /θˈɛf/
		dier /dˈiːʀ/ - deir /dˈei̯r/
		doed /dˈut/ - daith /dˈeθ/
		doe /dˈuː/ - thou /ðˈʉ/
		doezend /dˈuːzənt/ - thousand /θˈʉzənd/
		donder /dˈɔndəʀ/ - thunder /θˈʌndər/
		dochter /dˈɔxtəʀ/ - dochter /dˈɔxtər/
		dik /dˈɪk/ - thick /θˈɪk/
		dore /dˈʊːʀə/ - thorn /θˈɔrn/
		dun /dˈʏn/ - thin /θˈɪn/
		jaor /jˈɒːʀ/ - year /jˈɛr/
		joonk /jˈʊːŋk/ - young /jˈʉŋ/
		knee /knˈeː/ - knee /knˈiː/
		kaaf /kˈaːf/ - cauf /kʰˈɑːf/
		kaajd /kˈaːjt/ - cauld /kʰˈɑːld/
		kies /kˈis/ - cheese /ʧˈiːz/
		kooj /kˈoːj/ - cou /kʰˈʉ/
		kuke /kˈyːkə/ - chikin /ʧˈɪkɪn/
		keuning /kˈøːnɪŋ/ - king /kʰˈɪŋ/
		kèrk /kˈɛːʀək/ - kirk /kˈɪrk/
		kore /kˈʊːʀə/ - horn /kʰˈɔrn/
		laam /lˈaːm/ - lam /lˈɑm/
		laank /lˈaːŋk/ - lang /lˈɑŋ/
		lever /lˈeːvəʀ/ - liver /lˈɪvər/
		leech /lˈeːx/ - licht /lˈɪxt/
		liech /lˈix/ - licht /lˈɪxt/
		loes /lˈuːs/ - loose /lˈʉs/
		lache /lˈɑxə/ - lauch /lˈɑːx/
		land /lˈɑːnt/ - laund /lˈɑːnd/
		maan /mˈaːn/ - man /mˈɑn/
		meer /mˈeːʀ/ - mere /mˈir/
		miech /mˈix/ - me /mˈiː/
		moojer /mˈoːjəʀ/ - mither /mˈɪðər/
		moele /mˈuːlə/ - mooth /mˈʉθ/
		moes /mˈuːs/ - moose /mˈʉs/
		maon /mˈɒːn/ - muin /mˈøn/
		mèlk /mˈɛːlək/ - milk /mˈɪlk/
		moond /mˈʊːnt/ - mooth /mˈʉθ/
		nagel /nˈaːɣəl/ - nail /nˈel/
		nui /nˈœi̯/ - new /njˈʉ/
		nach /nˈɑx/ - nicht /nˈɪxt/
		naoje /nˈɒːjə/ - neidil /nˈei̯dɪl/
		naom /nˈɒːm/ - name /nˈem/
		naos /nˈɒːs/ - nos /nˈɔs/
		noorde /nˈʊːʀdə/ - north /nˈɔrθ/
		pliech /plˈix/ - plicht /pʰlˈɪxt/
		sloon /slˈʊːn/ - slay /slˈeː/
		snie /snˈi/ - snaw /snˈɑː/
		staar /stˈaːʀ/ - ster /stˈɛr/
		störm /stˈœːʀəm/ - storm /stˈɔrm/
		stein /stˈɛːn/ - stane /stˈen/
		stool /stˈʊːl/ - stule /stˈøl/
		tien /tˈin/ - ten /tʰˈɛn/
		tand /tˈɑːnt/ - tuith /tʰˈøθ/
		tong /tˈʊŋ/ - tongue /tʰˈɔŋ/
		vleeg /vlˈeːx/ - fle /flˈɛ/
		vlege /vlˈeːɣə/ - flee /flˈiː/
		vleis /vlˈɛːs/ - flesh /flˈɛʃ/
		vrere /vʀˈeːʀə/ - frese /frˈiːz/
		vrij /vʀˈɛːi̯/ - fre /frˈɛ/
		vrund /vʀˈʏːnt/ - freend /frˈiːnd/
		vaajer /vˈaːjəʀ/ - faither /fˈeðər/
		veer /vˈeːʀ/ - fower /fˈʌʉ̯ər/
		veers /vˈeːʀs/ - fresh /frˈɛʃ/
		vief /vˈiːf/ - five /fˈaːɪ̯v/
		vogel /vˈoːɣəl/ - foul /fˈʉl/
		veuj /vˈøːj/ - fits /fˈɪts/
		veule /vˈøːlə/ - fele /fˈil/
		vol /vˈɔl/ - fou /fˈʉ/
		volge /vˈɔləɣə/ - follae /fˈɔle/
		vos /vˈɔs/ - fox /fˈɔks/
		volk /vˈɔːlək/ - fowk /fˈʌʉ̯k/
		vès /vˈɛs/ - fish /fˈɪʃ/
		voot /vˈʊːt/ - fit /fˈɪt/
		zaajt /zˈaːjt/ - saut /sˈɑːt/
		ziel /zˈil/ - saul /sˈɑːɫ/
		zeut /zˈøːt/ - sweet /swˈiːt/
		zand /zˈɑːnt/ - saund /sˈɑːnd/
		zij /zˈɛj/ - side /sˈəi̯d/
		zègke /zˈɛɡə/ - say /sˈeː/
		zitte /zˈɪtə/ - sit /sˈɪt/
		zinge /zˈɪːŋə/ - sing /sˈɪŋ/
		zuster /zˈʏːstəʀ/ - sister /sˈɪstər/
		zwien /zβˈiːn/ - swine /swˈəi̯n/
		zwart /zβˈɑʀt/ - swart /swˈɑrt/
		zwumme /zβˈʏmə/ - sweem /swˈim/
		groet /ɣʀˈut/ - great /ɡrˈei̯t/
		greun /ɣʀˈøːn/ - green /ɡrˈiːn/
		god /ɣˈɔt/ - god /ɡˈɔd/
		goud /ɣˈɔːwt/ - gowd /ɡˈʌʉ̯d/
		geis /ɣˈɛːs/ - gaist /ɡˈest/
		geit /ɣˈɛːt/ - gait /ɡˈet/
		gooj /ɣˈʊːj/ - guid /ɡˈød/
		heer /ɦˈeːʀ/ - here /hˈir/
		hoeg /ɦˈux/ - heech /hˈiːx/
		hoed /ɦˈuːt/ - hide /hˈaːɪ̯d/
		hure /ɦˈyːʀə/ - hear /hˈei̯r/
		höbbe /ɦˈœbə/ - hae /hˈeː/
		hart /ɦˈɑʀt/ - hert /hˈɛrt/
		hand /ɦˈɑːnt/ - haund /hˈɑːnd/
		haos /ɦˈɒːs/ - hare /hˈer/
		haor /ɦˈɒːʀ/ - hear /hˈer/
		heim /ɦˈɛːi̯m/ - hame /hˈem/
		heileg /ɦˈɛːləx/ - haly /hˈɑləi̯/
		heit /ɦˈɛːt/ - hait /hˈet/
		hin /ɦˈɪn/ - hen /hˈɛn/
		hoonderd /ɦˈʊːndəʀt/ - hunder /hˈʌndər/
		hoonger /ɦˈʊːŋəʀ/ - hunger /hˈʌŋɡər/
		hore /ɦˈʊːʀə/ - horn /hˈɔrn/
		riek /ʀˈiːk/ - rich /ɹˈɪʧ/
		roed /ʀˈut/ - rede /rˈed/
		roed /ʀˈut/ - reid /rˈei̯d/
		rink /ʀˈɪːŋk/ - ring /rˈɪŋ/
		sjoen /ʃˈun/ - shene /ʃˈiːn/
		sjerp /ʃˈæːʀəp/ - shairp /ʃˈɛrp/
		sjaop /ʃˈɒːp/ - sheep /ʃˈiːp/
		aap /ˈaːp/ - aip /ˈep/
		eeg /ˈeːx/ - egge /ˈɛɡə/
		iech /ˈix/ - A /ˈɑː/
		ies /ˈiːs/ - ice /ˈəi̯s/
		oet /ˈuːt/ - out /ˈʉt/
		oer /ˈuːʀ/ - ear /ˈei̯r/
		vinger /ˈvɪːŋəʀ/ - finger /fˈɪŋɡər/
		es /ˈæs/ - ess /ˈɛs/
		erm /ˈæːʀəm/ - airm /ˈɛrm/
		euver /ˈøːvəʀ/ - ower /ˈʌʉ̯ər/
		uil /ˈœi̯l/ - oul /ˈʉl/
		appel /ˈɑpəl/ - aipple /ˈepl̩/
		ach /ˈɑx/ - aicht /ˈext/
		ander /ˈɑːndəʀ/ - ither /ˈɪðər/
		oug /ˈɔu̯x/ - ee /ˈiː/
		ei /ˈɛːi̯/ - egg /ˈɛɡ/
		eik /ˈɛːk/ - aik /ˈek/
		eine /ˈɛːnə/ - ane /ˈen/
		eus /ˈʏːs/ - us /ˈʌs/
		water /βˈaːtəʀ/ - watter /wˈɑtər/
		weeg /βˈeːx/ - wey /wˈəi̯/
		weer /βˈeːʀ/ - wethir /wˈɛðɪr/
		wiel /βˈil/ - wheel /ʍˈiːɫ/
		wief /βˈiːf/ - wife /wˈəi̯f/
		werm /βˈæʀəm/ - wairm /wˈei̯rm/
		wat /βˈɑt/ - what /ʍˈɪt/
		wal /βˈɑːl/ - whaul /ʍˈɑːl/
		wolf /βˈɔːləf/ - wolf /wˈɔɫf/
		wit /βˈɪt/ - white /ʍˈəi̯t/
		winse /βˈɪːnsə/ - wis /wˈɪs/
		wind /βˈɪːnt/ - wind /wˈɪnd/
		woord /βˈʊːʀt/ - word /wˈɔrd/

Final disqualified:
		beeje /bˈeːjə/ - bede /bˈed/
		boum /bˈɔːm/ - three /tʰrˈiː/
		meer /mˈeːʀ/ - sea /sˈiː/
		nege /nˈeːɣə/ - nine /nˈəi̯n/
		vrouw /vʀˈɔu̯/ - quean /kʰwˈei̯n/
		veer /vˈeːʀ/ - we /wˈiː/
		zie /zˈi/ - mere /mˈir/
		'ch /əx/ - A /ˈɑː/
		rege /ʀˈeːɣə/ - rayn /rˈen/
		ete /ˈeːtə/ - eat /ˈei̯t/
		aw /ˈɑβ/ - auld /ˈɑːld/


-------------------

****SAMPLE 5****
Iteration 1
	Qualified: 176
	Disqualified: 184
	Added: 0
	Removed: 4
		beeje /bˈeːjə/ - bede /bˈed/
		rege /ʀˈeːɣə/ - rayn /rˈen/
		meer /mˈeːʀ/ - sea /sˈiː/
		aw /ˈɑβ/ - auld /ˈɑːld/

Iteration 2
	Qualified: 174
	Disqualified: 186
	Added: 0
	Removed: 2
		vrouw /vʀˈɔu̯/ - quean /kʰwˈei̯n/
		nege /nˈeːɣə/ - nine /nˈəi̯n/

Iteration 3
	Qualified: 174
	Disqualified: 186
	Added: 0
	Removed: 0

Final qualifying:
		blaad /blˈaːt/ - blade /blˈed/
		blom /blˈɔm/ - bluim /blˈøm/
		blood /blˈʊːt/ - bluid /blˈød/
		broed /bʀˈut/ - breid /brˈei̯d/
		breur /bʀˈøːʀ/ - brither /brˈɪðər/
		brögk /bʀˈœk/ - brig /brˈɪɡ/
		beter /bˈeːtəʀ/ - better /bˈɛtər/
		biete /bˈiːtə/ - bite /bˈəi̯t/
		book /bˈoːk/ - buik /bˈøk/
		berg /bˈæːʀəx/ - burrae /bˈʌre/
		boum /bˈɔːm/ - beam /bˈei̯m/
		boum /bˈɔːm/ - three /tʰrˈiː/
		beie /bˈɛjə/ - bede /bˈed/
		boot /bˈʊːt/ - bate /bˈet/
		boors /bˈʊːʀs/ - breest /brˈiːst/
		drieve /dʀˈiːvə/ - dryve /drˈəi̯v/
		droum /dʀˈɔːm/ - dreme /drˈim/
		drei /dʀˈɛi̯/ - three /θrˈiː/
		daanke /dˈaːŋkə/ - thank /θˈɑŋk/
		deef /dˈeːf/ - thef /θˈɛf/
		dier /dˈiːʀ/ - deir /dˈei̯r/
		dier /dˈiːʀ/ - dere /dˈer/
		doed /dˈut/ - daith /dˈeθ/
		doe /dˈuː/ - thou /ðˈʉ/
		doezend /dˈuːzənt/ - thousand /θˈʉzənd/
		duujelek /dˈyːjələk/ - deidly /dˈei̯dləi̯/
		deur /dˈøːʀ/ - dere /dˈer/
		dochter /dˈɔxtəʀ/ - dochter /dˈɔxtər/
		dik /dˈɪk/ - thick /θˈɪk/
		dink /dˈɪːŋk/ - thing /θˈɪŋ/
		dun /dˈʏn/ - thin /θˈɪn/
		dwerg /dβˈæːʀəx/ - droich /drˈoe̯ç/
		jaor /jˈɒːʀ/ - year /jˈɛr/
		joonk /jˈʊːŋk/ - young /jˈʉŋ/
		knee /knˈeː/ - knee /knˈiː/
		kaaf /kˈaːf/ - cauf /kʰˈɑːf/
		kooj /kˈoːj/ - cou /kʰˈʉ/
		kuke /kˈyːkə/ - chikin /ʧˈɪkɪn/
		keuning /kˈøːnɪŋ/ - king /kʰˈɪŋ/
		kop /kˈɔp/ - heid /hˈei̯d/
		kèrk /kˈɛːʀək/ - kirk /kˈɪrk/
		kore /kˈʊːʀə/ - horn /kʰˈɔrn/
		lever /lˈeːvəʀ/ - liver /lˈɪvər/
		leech /lˈeːx/ - licht /lˈɪxt/
		loes /lˈuːs/ - loose /lˈʉs/
		lache /lˈɑxə/ - lauch /lˈɑːx/
		land /lˈɑːnt/ - laund /lˈɑːnd/
		maan /mˈaːn/ - man /mˈɑn/
		meer /mˈeːʀ/ - mere /mˈir/
		miech /mˈix/ - me /mˈiː/
		moojer /mˈoːjəʀ/ - mither /mˈɪðər/
		moes /mˈuːs/ - moose /mˈʉs/
		maon /mˈɒːn/ - muin /mˈøn/
		mèlk /mˈɛːlək/ - milk /mˈɪlk/
		moond /mˈʊːnt/ - mooth /mˈʉθ/
		nagel /nˈaːɣəl/ - nail /nˈel/
		nui /nˈœi̯/ - new /njˈʉ/
		nach /nˈɑx/ - nicht /nˈɪxt/
		naoje /nˈɒːjə/ - neidil /nˈei̯dɪl/
		naom /nˈɒːm/ - name /nˈem/
		naos /nˈɒːs/ - nos /nˈɔs/
		noorde /nˈʊːʀdə/ - north /nˈɔrθ/
		pliech /plˈix/ - plicht /pʰlˈɪxt/
		slaope /slˈɒːpə/ - sleep /slˈiːp/
		sloon /slˈʊːn/ - slay /slˈeː/
		snie /snˈi/ - snaw /snˈɑː/
		staar /stˈaːʀ/ - ster /stˈɛr/
		störm /stˈœːʀəm/ - storm /stˈɔrm/
		stein /stˈɛːn/ - stane /stˈen/
		stool /stˈʊːl/ - stule /stˈøl/
		tien /tˈin/ - ten /tʰˈɛn/
		tied /tˈiːt/ - tide /tʰˈəi̯d/
		tong /tˈʊŋ/ - tongue /tʰˈɔŋ/
		twie /tβˈi/ - twa /tʰwˈɑː/
		twelf /tβˈæləf/ - twal /tʰwˈal/
		twinteg /tβˈɪːntəx/ - twenty /tʰwˈɛnti/
		vleeg /vlˈeːx/ - fle /flˈɛ/
		vrere /vʀˈeːʀə/ - frese /frˈiːz/
		vrij /vʀˈɛːi̯/ - fre /frˈɛ/
		vrund /vʀˈʏːnt/ - freend /frˈiːnd/
		vaajer /vˈaːjəʀ/ - faither /fˈeðər/
		veer /vˈeːʀ/ - fower /fˈʌʉ̯ər/
		veers /vˈeːʀs/ - fresh /frˈɛʃ/
		vief /vˈiːf/ - five /fˈaːɪ̯v/
		vuur /vˈyːʀ/ - fire /fˈəi̯r/
		veuj /vˈøːj/ - fits /fˈɪts/
		veule /vˈøːlə/ - fele /fˈil/
		vol /vˈɔl/ - fou /fˈʉ/
		volge /vˈɔləɣə/ - follae /fˈɔle/
		vos /vˈɔs/ - fox /fˈɔks/
		volk /vˈɔːlək/ - fowk /fˈʌʉ̯k/
		vès /vˈɛs/ - fish /fˈɪʃ/
		voot /vˈʊːt/ - fit /fˈɪt/
		zaajt /zˈaːjt/ - saut /sˈɑːt/
		zeve /zˈeːvə/ - seiven /sˈei̯vən/
		zie /zˈi/ - sea /sˈiː/
		zeut /zˈøːt/ - sweet /swˈiːt/
		zij /zˈɛj/ - side /sˈəi̯d/
		zès /zˈɛs/ - sax /sˈɑks/
		zoon /zˈʊːn/ - son /sˈɔn/
		zuster /zˈʏːstəʀ/ - sister /sˈɪstər/
		zwien /zβˈiːn/ - swine /swˈəi̯n/
		zwart /zβˈɑʀt/ - swart /swˈɑrt/
		zwumme /zβˈʏmə/ - sweem /swˈim/
		graas /ɣʀˈaːs/ - gress /ɡrˈɛs/
		greun /ɣʀˈøːn/ - green /ɡrˈiːn/
		gaajs /ɣˈaːjs/ - guse /ɡˈøs/
		geel /ɣˈeːl/ - yellae /jˈɛle/
		god /ɣˈɔt/ - god /ɡˈɔd/
		goud /ɣˈɔːwt/ - gowd /ɡˈʌʉ̯d/
		geis /ɣˈɛːs/ - gaist /ɡˈest/
		geit /ɣˈɛːt/ - gait /ɡˈet/
		gooj /ɣˈʊːj/ - guid /ɡˈød/
		heer /ɦˈeːʀ/ - here /hˈir/
		honing /ɦˈoːnɪŋ/ - huny /hˈʌnəi̯/
		hoes /ɦˈuːs/ - hoose /hˈʉs/
		hure /ɦˈyːʀə/ - hear /hˈei̯r/
		höbbe /ɦˈœbə/ - hae /hˈeː/
		höd /ɦˈœt/ - heid /hˈei̯d/
		hart /ɦˈɑʀt/ - hert /hˈɛrt/
		hand /ɦˈɑːnt/ - haund /hˈɑːnd/
		haos /ɦˈɒːs/ - hare /hˈer/
		haor /ɦˈɒːʀ/ - hear /hˈer/
		heim /ɦˈɛːi̯m/ - hame /hˈem/
		hin /ɦˈɪn/ - hen /hˈɛn/
		hoonderd /ɦˈʊːndəʀt/ - hunder /hˈʌndər/
		hoonger /ɦˈʊːŋəʀ/ - hunger /hˈʌŋɡər/
		hore /ɦˈʊːʀə/ - horn /hˈɔrn/
		riek /ʀˈiːk/ - rich /ɹˈɪʧ/
		roed /ʀˈut/ - rede /rˈed/
		roed /ʀˈut/ - reid /rˈei̯d/
		rech /ʀˈæx/ - richt /rˈɪxt/
		rouk /ʀˈɔːk/ - reek /rˈiːk/
		sjeep /ʃˈeːp/ - ship /ʃˈɪp/
		sjiet /ʃˈiːt/ - shit /ʃˈɪt/
		sjoen /ʃˈun/ - shene /ʃˈiːn/
		sjerp /ʃˈæːʀəp/ - shairp /ʃˈɛrp/
		aap /ˈaːp/ - aip /ˈep/
		ete /ˈeːtə/ - eat /ˈei̯t/
		eeg /ˈeːx/ - egge /ˈɛɡə/
		eerd /ˈeːʀt/ - yird /jˈɪrd/
		iech /ˈix/ - A /ˈɑː/
		ies /ˈiːs/ - ice /ˈəi̯s/
		oet /ˈuːt/ - out /ˈʉt/
		oer /ˈuːʀ/ - ear /ˈei̯r/
		vinger /ˈvɪːŋəʀ/ - finger /fˈɪŋɡər/
		es /ˈæs/ - ess /ˈɛs/
		erm /ˈæːʀəm/ - airm /ˈɛrm/
		euver /ˈøːvəʀ/ - ower /ˈʌʉ̯ər/
		uil /ˈœi̯l/ - oul /ˈʉl/
		appel /ˈɑpəl/ - aipple /ˈepl̩/
		ach /ˈɑx/ - aicht /ˈext/
		al /ˈɑːl/ - aw /ˈɑː/
		ander /ˈɑːndəʀ/ - ither /ˈɪðər/
		oug /ˈɔu̯x/ - ee /ˈiː/
		ei /ˈɛːi̯/ - egg /ˈɛɡ/
		eik /ˈɛːk/ - aik /ˈek/
		eine /ˈɛːnə/ - ane /ˈen/
		in /ˈɪːn/ - in /ˈɪn/
		water /βˈaːtəʀ/ - watter /wˈɑtər/
		weeg /βˈeːx/ - wey /wˈəi̯/
		weer /βˈeːʀ/ - wethir /wˈɛðɪr/
		wiel /βˈil/ - wheel /ʍˈiːɫ/
		wief /βˈiːf/ - wife /wˈəi̯f/
		wörm /βˈœːʀəm/ - wirm /wˈɪrm/
		wat /βˈɑt/ - what /ʍˈɪt/
		wal /βˈɑːl/ - whaul /ʍˈɑːl/
		waope /βˈɒːpə/ - wapyn /wˈɑpəi̯n/
		wol /βˈɔl/ - woll /wˈɔɫ/
		wolf /βˈɔːləf/ - wolf /wˈɔɫf/
		wit /βˈɪt/ - white /ʍˈəi̯t/
		winse /βˈɪːnsə/ - wis /wˈɪs/
		wind /βˈɪːnt/ - wind /wˈɪnd/
		woord /βˈʊːʀt/ - word /wˈɔrd/

Final disqualified:
		beeje /bˈeːjə/ - bede /bˈed/
		meer /mˈeːʀ/ - sea /sˈiː/
		nege /nˈeːɣə/ - nine /nˈəi̯n/
		vrouw /vʀˈɔu̯/ - quean /kʰwˈei̯n/
		rege /ʀˈeːɣə/ - rayn /rˈen/
		aw /ˈɑβ/ - auld /ˈɑːld/


-------------------

