/b̥jˈoːu̯ða/ - /bˈaɪ̯dn̩/
[4/4] b̥-b / j-ˈaɪ̯ / ˈoːu̯-∅ / ð-d / a-n

-------------------

/b̥jˈœrtn̥/ - /bˈɛːɐ/
[5/5] b̥-b / j-∅ / ˈœ-ˈɛː / r-ɐ / t-∅ / n̥-∅

-------------------

/b̥lˈaːi̯ða/ - /blˈøːdn̩/
[5/5] b̥-b / l-l / ˈaːi̯-ˈøː / ð-d / a-n

-------------------

/b̥lˈaːð/ - /blˈad/
[5/5] b̥-b / l-l / ˈaː-ˈa / ð-d

-------------------

/b̥lˈoːu̯m/ - /blˈoːmə/
[4/5] b̥-b / l-l / ˈoːu̯-ˈoː / m-m / #>-ə_#>
[1/5] b̥-b / l-l / ˈoːu̯-ˈoː / m-m / ∅-ə

-------------------

/b̥lˈoːu̯ð/ - /blˈoːd/
[5/5] b̥-b / l-l / ˈoːu̯-ˈoː / ð-d

-------------------

/b̥rjˈoːu̯st/ - /bˈuːə̯st/
[4/4] b̥-b / r-ˈuːə̯ / j-∅ / ˈoːu̯-∅ / s-s / t-t

-------------------

/b̥rˈoːu̯ðɪr̥/ - /brˈoːɐ/
[5/5] b̥-b / r-r / ˈoːu̯-ˈoː / ð-∅ / ɪ-ɐ / r̥-∅

-------------------

/b̥rˈœːy̯ð/ - /brˈaʊ̯d/
[3/3] b̥-b / r-r / ˈœːy̯-ˈaʊ̯ / ð-d

-------------------

/b̥rˈɪɟ̊ːa/ - /brˈʏɡə/
[5/5] b̥-b / r-r / ˈɪ-ˈʏ / ɟ̊ː-ɡ / a-ə

-------------------

/b̥ˈaðmʏr̥/ - /bˈaʊ̯m/
[4/5] b̥-b / ˈa-ˈaʊ̯ / ð-∅ / m_ʏ-m / r̥-∅
[1/5] b̥-b / ˈa-ˈaʊ̯ / ð-∅ / m-m / ʏ-∅ / r̥-∅

-------------------

/b̥ˈaːu̯tʏr̥/ - /bˈoːt/
[2/3] b̥-b / ˈaːu̯-ˈoː / t-t / ʏ-∅ / r̥-∅
[1/3] b̥-b / ˈaːu̯-ˈoː / t_ʏ-t / r̥-∅

-------------------

/b̥ˈaːð/ - /bˈaːd/
[1/1] b̥-b / ˈaː-ˈaː / ð-d

-------------------

/b̥ˈiːta/ - /bˈiːtn̩/
[3/3] b̥-b / ˈiː-ˈiː / t-t / a-n

-------------------

/b̥ˈoːu̯k/ - /bˈoːk/
[3/3] b̥-b / ˈoːu̯-ˈoː / k-k

-------------------

/b̥ˈɛrɡ̊/ - /bˈɪɛ̯ɐx/
[4/4] b̥-b / ˈɛ-ˈɪɛ̯ / r-ɐ / ɡ̊-x

-------------------

/b̥ˈɛːi̯n/ - /bˈeːn/
[4/4] b̥-b / ˈɛːi̯-ˈeː / n-n

-------------------

/b̥ˈɛːtrɪ/ - /bˈɪɛ̯tɐ/
[3/3] b̥-b / ˈɛː-ˈɪɛ̯ / t-t / r-∅ / ɪ-ɐ

-------------------

/b̥ˈɪnd̥a/ - /bˈɪn̩/
[3/4] b̥-b / ˈɪ-ˈɪ / n-n / d̥-∅ / a_#>-#>
[1/4] b̥-b / ˈɪ-ˈɪ / n-n / d̥-∅ / a-∅

-------------------

/b̥ˈɪðja/ - /bˈɪdn̩/
[2/3] b̥-b / ˈɪ-ˈɪ / ð-d / j-∅ / a-n
[1/3] b̥-b / ˈɪ-ˈɪ / ð-d / j_a-n

-------------------

/cʰˈiːr̥/ - /kˈaʊ̯/
[5/5] cʰ-k / ˈiː-ˈaʊ̯ / r̥-∅

-------------------

/cʰˈuʰkliŋɡ̊ʏr̥/ - /kˈyːkn̩/
[5/5] cʰ-k / ˈu-ˈyː / ʰk-k / l-∅ / i-n / ŋ-∅ / ɡ̊-∅ / ʏ-∅ / r̥-∅

-------------------

/cʰˈɪr̥ca/ - /kˈɪɛ̯k/
[3/4] cʰ-k / ˈɪ-ˈɪɛ̯ / r̥-∅ / c-k / a_#>-#>
[1/4] cʰ-k / ˈɪ-ˈɪɛ̯ / r̥-∅ / c-k / a-∅

-------------------

/d̥jˈuːpʏr̥/ - /dˈaɪ̯p/
[2/4] d̥-d / j-ˈaɪ̯ / ˈuː-∅ / p_ʏ-p / r̥-∅
[1/4] d̥-d / j_ˈuː-ˈaɪ̯ / p-p / ʏ-∅ / r̥-∅
[1/4] d̥-d / j-ˈaɪ̯ / ˈuː-∅ / p-p / ʏ-∅ / r̥-∅

-------------------

/d̥rˈeːi̯ma/ - /drˈaɪ̯mn̩/
[5/5] d̥-d / r-r / ˈeːi̯-ˈaɪ̯ / m-m / a-n

-------------------

/d̥rˈiːva/ - /drˈiːvn̩/
[3/3] d̥-d / r-r / ˈiː-ˈiː / v-v / a-n

-------------------

/d̥rˈœːy̯mʏr̥/ - /drˈaʊ̯m/
[3/4] d̥-d / r-r / ˈœːy̯-ˈaʊ̯ / m_ʏ-m / r̥-∅
[1/4] d̥-d / r-r / ˈœːy̯-ˈaʊ̯ / m-m / ʏ-∅ / r̥-∅

-------------------

/d̥rˈɛʰka/ - /drˈɪŋkn̩/
[3/4] d̥-d / r-r / ˈɛ-ˈɪ / ∅-ŋ / ʰk-k / a-n
[1/4] d̥-d / r-r / ˈɛ-ˈɪ / ʰk-ŋ_k / a-n

-------------------

/d̥ˈaːɣʏr̥/ - /dˈax/
[5/5] d̥-d / ˈaː-ˈa / ɣ-x / ʏ-∅ / r̥-∅

-------------------

/d̥ˈiːr̥/ - /dˈiːɐ/
[4/4] d̥-d / ˈiː-ˈiː / r̥-ɐ

-------------------

/d̥ˈiːr̥/ - /dˈyːɐ/
[4/4] d̥-d / ˈiː-ˈyː / r̥-ɐ

-------------------

/d̥ˈuːva/ - /dˈuːvə/
[3/3] d̥-d / ˈuː-ˈuː / v-v / a-ə

-------------------

/d̥ˈœːy̯ðʏr̥/ - /dˈaʊ̯t/
[3/3] d̥-d / ˈœːy̯-ˈaʊ̯ / ð_ʏ-t / r̥-∅

-------------------

/d̥ˈɔu̯ʰtɪr̥/ - /dˈɔxtɐ/
[2/3] d̥-d / ˈɔu̯-ˈɔ / ʰt-x_t / ɪ-ɐ / r̥-∅
[1/3] d̥-d / ˈɔu̯-ˈɔ / ʰt-x / ∅-t / ɪ-ɐ / r̥-∅

-------------------

/fjˈoːu̯rɪr̥/ - /fˈeːɐ/
[2/3] f-f / j-∅ / ˈoːu̯-ˈeː / r-∅ / ɪ-ɐ / r̥-∅
[1/3] f_j-f / ˈoːu̯-ˈeː / r-∅ / ɪ-ɐ / r̥-∅

-------------------

/fjˈœːðʏr̥/ - /fˈɪɛ̯dɐ/
[1/3] f_j-f / ˈœː-ˈɪɛ̯ / ð-d / ʏ-∅ / r̥-ɐ
[1/3] f-f / j-∅ / ˈœː-ˈɪɛ̯ / ð-d / ʏ-∅ / r̥-ɐ
[1/3] f-f / j-∅ / ˈœː-ˈɪɛ̯ / ð-d / ʏ-ɐ / r̥-∅

-------------------

/fljˈuːa/ - /flˈaɪ̯ŋ/
[2/2] f-f / l-l / j-ˈaɪ̯ / ˈuː-ŋ / a_#>-#>

-------------------

/flˈʏːɣa/ - /flˈaɪ̯ɡə/
[5/5] f-f / l-l / ˈʏː-ˈaɪ̯ / ɣ-ɡ / a-ə

-------------------

/frjˈoːu̯sa/ - /frˈaɪ̯zn̩/
[3/3] f-f / r-r / j-ˈaɪ̯ / ˈoːu̯-∅ / s-z / a-n

-------------------

/frˈai̯nd̥ɪ/ - /frˈønd/
[3/4] f-f / r-r / ˈai̯-ˈø / n-n / d̥-d / ɪ_#>-#>
[1/4] f-f / r-r / ˈai̯-ˈø / n-n / d̥-d / ɪ-∅

-------------------

/fˈaːi̯tʏr̥/ - /fˈøːtə/
[5/5] f-f / ˈaːi̯-ˈøː / t-t / ʏ-ə / r̥-∅

-------------------

/fˈaːðɪr̥/ - /fˈaːdɐ/
[3/3] f-f / ˈaː-ˈaː / ð-d / ɪ-ɐ / r̥-∅

-------------------

/fˈiŋɡ̊ʏr̥/ - /fˈɪŋɐ/
[4/4] f-f / ˈi-ˈɪ / ŋ-ŋ / ɡ̊-∅ / ʏ-∅ / r̥-ɐ

-------------------

/fˈoːu̯tʏr̥/ - /fˈoːt/
[4/5] f-f / ˈoːu̯-ˈoː / t-t / ʏ-∅ / r̥-∅
[1/5] f-f / ˈoːu̯-ˈoː / t_ʏ-t / r̥-∅

-------------------

/fˈɛr̥skʏr̥/ - /frˈɪʃ/
[3/4] f-f / ∅-r / ˈɛ-ˈɪ / r̥-∅ / s-ʃ / k-∅ / ʏ-∅ / r̥-∅
[1/4] f-f / ˈɛ-∅ / r̥-r / ∅-ˈɪ / s-ʃ / k-∅ / ʏ-∅ / r̥-∅

-------------------

/fˈɪm/ - /fˈiːv/
[5/5] f-f / ˈɪ-ˈiː / m-v

-------------------

/fˈɪnːa/ - /fˈɪn̩/
[3/4] f-f / ˈɪ-ˈɪ / nː-n / a_#>-#>
[1/4] f-f / ˈɪ-ˈɪ / nː-n / a-∅

-------------------

/fˈɪskʏr̥/ - /fˈɪʃk/
[4/4] f-f / ˈɪ-ˈɪ / s-ʃ / k-k / ʏ-∅ / r̥-∅

-------------------

/fˈɪːrɪr̥/ - /fˈøːɐ/
[3/3] f-f / ˈɪː-ˈøː / r-∅ / ɪ-ɐ / r̥-∅

-------------------

/fˈʏtl̥ʏr̥/ - /fˈʊl/
[2/3] f-f / ˈʏ-ˈʊ / t-∅ / l̥-l / ʏ-∅ / r̥-∅
[1/3] f-f / ˈʏ_t-ˈʊ / l̥-l / ʏ-∅ / r̥-∅

-------------------

/fˈʏɡ̊l̥/ - /fˈuə̯ɡl̩/
[4/4] f-f / ˈʏ-ˈuə̯ / ɡ̊-ɡ / l̥-l

-------------------

/fˈʏːnɪ/ - /fˈyːɐ/
[5/5] f-f / ˈʏː-ˈyː / n-∅ / ɪ-ɐ

-------------------

/hˈau̯lvʏr̥/ - /hˈalv/
[4/4] h-h / ˈau̯-ˈa / l-l / v-v / ʏ-∅ / r̥-∅

-------------------

/hˈaːi̯na/ - /hˈɛn/
[2/3] h-h / ˈaːi̯-ˈɛ / n-n / a-∅
[1/3] h-h / ˈaːi̯-ˈɛ / n-n / a_#>-#>

-------------------

/hˈaːva/ - /hˈɛbn̩/
[4/4] h-h / ˈaː-ˈɛ / v-b / a-n

-------------------

/hˈuŋɡ̊ʏr̥/ - /hˈʊŋɐ/
[3/3] h-h / ˈu-ˈʊ / ŋ-ŋ / ɡ̊-∅ / ʏ-∅ / r̥-ɐ

-------------------

/hˈuːs/ - /hˈʊs/
[4/4] h-h / ˈuː-ˈʊ / s-s

-------------------

/hˈuːð/ - /hˈuːt/
[5/5] h-h / ˈuː-ˈuː / ð-t

-------------------

/hˈœnd̥/ - /hˈand/
[3/3] h-h / ˈœ-ˈa / n-n / d̥-d

-------------------

/hˈœːvʏð/ - /kˈɔp/
[3/3] h-k / ˈœː-ˈɔ / v-p / ʏ-∅ / ð-∅

-------------------

/hˈɑːu̯r̥/ - /hˈaʊ̯x/
[3/3] h-h / ˈɑːu̯-ˈaʊ̯ / r̥-∅ / ∅-x

-------------------

/hˈɑːu̯r̥/ - /hˈɔːɐ/
[4/4] h-h / ˈɑːu̯-ˈɔː / r̥-ɐ

-------------------

/hˈɛlɡ̊ʏr̥/ - /hˈɪlɪç/
[3/3] h-h / ˈɛ-ˈɪ / l-l / ɡ̊-∅ / ʏ-ɪ / r̥-ç

-------------------

/hˈɛːi̯ra/ - /hˈœːɐn/
[4/4] h-h / ˈɛːi̯-ˈœː / r-ɐ / a-n

-------------------

/hˈɛːi̯tʏr̥/ - /hˈeːt/
[3/4] h-h / ˈɛːi̯-ˈeː / t-t / ʏ-∅ / r̥-∅
[1/4] h-h / ˈɛːi̯-ˈeː / t_ʏ-t / r̥-∅

-------------------

/hˈʏnd̥rað/ - /hˈʊnɐt/
[1/2] h-h / ˈʏ-ˈʊ / n-n / d̥-∅ / r_a-ɐ / ð-t
[1/2] h-h / ˈʏ-ˈʊ / n-n / d̥-∅ / r-ɐ / a-∅ / ð-t

-------------------

/hˈʏːnɑu̯ŋɡ̊/ - /hˈanɪç/
[4/4] h-h / ˈʏː-ˈa / n-n / ɑu̯-ɪ / ŋ-∅ / ɡ̊-ç

-------------------

/jˈœrð/ - /ˈɛːɐ/
[4/5] <#_j-<# / ˈœ-ˈɛː / r-ɐ / ð-∅
[1/5] j-∅ / ˈœ-ˈɛː / r-ɐ / ð-∅

-------------------

/jˈɛta/ - /ˈɪɛ̯tn̩/
[2/4] <#_j-<# / ˈɛ-ˈɪɛ̯ / t-t / a-n
[1/4] j-∅ / ˈɛ-ˈɪɛ̯ / t-t / a-n
[1/4] j-ˈɪɛ̯ / ˈɛ-∅ / t-t / a-n

-------------------

/jˈɛːx/ - /ˈɪk/
[4/5] <#_j-<# / ˈɛː-ˈɪ / x-k
[1/5] j-∅ / ˈɛː-ˈɪ / x-k

-------------------

/kʰvˈaːð/ - /wˈat/
[3/4] <#_kʰ-<# / v-w / ˈaː-ˈa / ð-t
[1/4] kʰ-∅ / v-w / ˈaː-ˈa / ð-t

-------------------

/kʰvˈiːtʏr̥/ - /wˈɪt/
[3/4] <#_kʰ-<# / v-w / ˈiː-ˈɪ / t-t / ʏ-∅ / r̥-∅
[1/4] kʰ-∅ / v-w / ˈiː-ˈɪ / t_ʏ-t / r̥-∅

-------------------

/kʰˈald̥ʏr̥/ - /kˈɔlt/
[4/4] kʰ-k / ˈa-ˈɔ / l-l / d̥-t / ʏ-∅ / r̥-∅

-------------------

/kʰˈɑu̯lvʏr̥/ - /kˈalv/
[5/5] kʰ-k / ˈɑu̯-ˈa / l-l / v-v / ʏ-∅ / r̥-∅

-------------------

/kʰˈɔːma/ - /kˈuə̯mn̩/
[5/5] kʰ-k / ˈɔː-ˈuə̯ / m-m / a-n

-------------------

/kʰˈʏnːa/ - /kˈyə̯n̩/
[3/5] kʰ-k / ˈʏ-ˈyə̯ / nː-n / a_#>-#>
[2/5] kʰ-k / ˈʏ-ˈyə̯ / nː-n / a-∅

-------------------

/ljˈoːu̯s/ - /lˈɛç/
[3/4] l-l / j-ˈɛ / ˈoːu̯-∅ / s-ç
[1/4] l-l / j-∅ / ˈoːu̯-ˈɛ / s-ç

-------------------

/ljˈuːvʏr̥/ - /lˈaɪ̯v/
[3/4] l-l / j-ˈaɪ̯ / ˈuː-∅ / v-v / ʏ-∅ / r̥-∅
[1/4] l-l / j_ˈuː-ˈaɪ̯ / v-v / ʏ-∅ / r̥-∅

-------------------

/ljˈɛʰtʏr̥/ - /lˈɪç/
[2/2] l-l / j-∅ / ˈɛ-ˈɪ / ʰt-∅ / ʏ-∅ / r̥-ç

-------------------

/lˈamb̥/ - /lˈam/
[4/4] l-l / ˈa-ˈa / m-m / b̥-∅

-------------------

/lˈand̥/ - /lˈand/
[3/3] l-l / ˈa-ˈa / n-n / d̥-d

-------------------

/lˈɑu̯ŋɡ̊ʏr̥/ - /lˈaŋ/
[4/4] l-l / ˈɑu̯-ˈa / ŋ-ŋ / ɡ̊-∅ / ʏ-∅ / r̥-∅

-------------------

/l̥ˈaːi̯ja/ - /lˈaxn̩/
[4/4] l̥-l / ˈaːi̯-ˈa / j-∅ / ∅-x / a-n

-------------------

/l̥ˈœːy̯pa/ - /lˈaʊ̯pn̩/
[5/5] l̥-l / ˈœːy̯-ˈaʊ̯ / p-p / a-n

-------------------

/mjˈɔu̯l̥k/ - /mˈɪɛ̯lk/
[4/4] m-m / j-∅ / ˈɔu̯-ˈɪɛ̯ / l̥-l / k-k

-------------------

/mˈanːɛsca/ - /mˈɛnʃk/
[2/4] m-m / ˈa-ˈɛ / nː-n / ɛ-∅ / s-ʃ / c-k / a_#>-#>
[2/4] m-m / ˈa-ˈɛ / nː-n / ɛ-∅ / s-ʃ / c-k / a-∅

-------------------

/mˈaːu̯nʏðʏr̥/ - /mˈɔːnd/
[4/4] m-m / ˈaːu̯-ˈɔː / n-n / ʏ-∅ / ð-d / ʏ-∅ / r̥-∅

-------------------

/mˈaːðʏr̥/ - /mˈan/
[3/4] m-m / ˈaː-ˈa / ð-∅ / ʏ-∅ / r̥-n
[1/4] m-m / ˈaː-ˈa / ð-∅ / ʏ-∅ / r̥-∅ / ∅-n

-------------------

/mˈoːu̯ðɪr̥/ - /mˈoːdɐ/
[5/5] m-m / ˈoːu̯-ˈoː / ð-d / ɪ-ɐ / r̥-∅

-------------------

/mˈuːs/ - /mˈʊs/
[4/4] m-m / ˈuː-ˈʊ / s-s

-------------------

/mˈɑu̯ʰtʏr̥/ - /mˈaxt/
[2/4] m-m / ˈɑu̯-ˈa / ʰt-x_t / ʏ-∅ / r̥-∅
[2/4] m-m / ˈɑu̯-ˈa / ʰt-x / ʏ-∅ / r̥-∅ / ∅-t

-------------------

/mˈɑːu̯nɪ/ - /mˈɔːn/
[3/4] m-m / ˈɑːu̯-ˈɔː / n-n / ɪ_#>-#>
[1/4] m-m / ˈɑːu̯-ˈɔː / n-n / ɪ-∅

-------------------

/mˈɪːx/ - /mˈiː/
[5/5] m-m / ˈɪː-ˈiː / x-∅

-------------------

/mˈʏnːʏr̥/ - /mˈuːl/
[1/1] m-m / ˈʏ-ˈuː / nː-l / ʏ-∅ / r̥-∅

-------------------

/mˈʏnːʏr̥/ - /mˈʊnd/
[2/4] m-m / ˈʏ-ˈʊ / nː-n / ʏ-∅ / r̥-∅ / ∅-d
[2/4] m-m / ˈʏ-ˈʊ / nː-n / ʏ-∅ / r̥-∅ / #>-d_#>

-------------------

/nˈapn̥/ - /nˈɔːmə/
[4/4] n-n / ˈa-ˈɔː / p-m / n̥-ə

-------------------

/nˈiːjʏ/ - /nˈɪə̯ɣn̩/
[4/4] n-n / ˈiː-ˈɪə̯ / j-ɣ / ʏ-∅ / ∅-n

-------------------

/nˈiːr̥/ - /nˈiː/
[5/5] n-n / ˈiː-ˈiː / r̥-∅

-------------------

/nˈœɡ̊l/ - /nˈaːɡl̩/
[4/4] n-n / ˈœ-ˈaː / ɡ̊-ɡ / l-l

-------------------

/nˈɑːu̯l/ - /nˈɔːdl̩/
[5/5] n-n / ˈɑːu̯-ˈɔː / ∅-d / l-l

-------------------

/nˈɔu̯ʰt/ - /nˈax/
[3/3] n-n / ˈɔu̯-ˈa / ʰt-x

-------------------

/nˈɛːv/ - /nˈɪə̯sə/
[4/4] n-n / ˈɛː-ˈɪə̯ / v-s / #>-ə_#>

-------------------

/n̥jˈɛː/ - /knˈaɪ̯/
[4/4] ∅-k / n̥-n / j-ˈaɪ̯ / ˈɛː-∅

-------------------

/rjˈɛʰtʏr̥/ - /rˈɛçt/
[3/5] r-r / j-∅ / ˈɛ-ˈɛ / ∅-ç / ʰt-t / ʏ-∅ / r̥-∅
[1/5] r-r / j-∅ / ˈɛ-ˈɛ / ʰt-∅ / ʏ-∅ / r̥-ç / ∅-t
[1/5] r-r / j-∅ / ˈɛ-ˈɛ / ʰt-ç / ʏ-∅ / r̥-∅ / ∅-t

-------------------

/rˈiːkʏr̥/ - /rˈiːk/
[5/5] r-r / ˈiː-ˈiː / k-k / ʏ-∅ / r̥-∅

-------------------

/rˈœːy̯ðʏr̥/ - /rˈaʊ̯d/
[5/5] r-r / ˈœːy̯-ˈaʊ̯ / ð-d / ʏ-∅ / r̥-∅

-------------------

/rˈɛɡ̊n̥/ - /rˈɪɛ̯ŋn̩/
[2/2] r-r / ˈɛ-ˈɪɛ̯ / ɡ̊-ŋ / n̥-n

-------------------

/rˈɛːi̯kʏr̥/ - /rˈaʊ̯k/
[3/3] r-r / ˈɛːi̯-ˈaʊ̯ / k-k / ʏ-∅ / r̥-∅

-------------------

/r̥ˈiŋɡ̊ʏr̥/ - /rˈɪŋ/
[4/4] r̥-r / ˈi-ˈɪ / ŋ-ŋ / ɡ̊-∅ / ʏ-∅ / r̥-∅

-------------------

/r̥ˈɪɡ̊ːʏr̥/ - /rˈʏç/
[4/4] r̥-r / ˈɪ-ˈʏ / ɡ̊ː-ç / ʏ-∅ / r̥-∅

-------------------

/scˈiːtʏr̥/ - /ʃˈiːtə/
[3/4] s-ʃ / c-∅ / ˈiː-ˈiː / t-t / ʏ-ə / r̥-∅
[1/4] s-∅ / c-ʃ / ˈiː-ˈiː / t-t / ʏ-ə / r̥-∅

-------------------

/scˈoːu̯ta/ - /ʃˈaɪ̯tn̩/
[4/5] s-ʃ / c-∅ / ˈoːu̯-ˈaɪ̯ / t-t / a-n
[1/5] s-∅ / c-ʃ / ˈoːu̯-ˈaɪ̯ / t-t / a-n

-------------------

/scˈœld̥ʏr̥/ - /ʃˈɪld/
[3/4] s-ʃ / c-∅ / ˈœ-ˈɪ / l-l / d̥-d / ʏ-∅ / r̥-∅
[1/4] s-∅ / c-ʃ / ˈœ-ˈɪ / l-l / d̥-d / ʏ-∅ / r̥-∅

-------------------

/scˈɪːp/ - /ʃˈɪp/
[3/4] s-ʃ / c-∅ / ˈɪː-ˈɪ / p-p
[1/4] s-∅ / c-ʃ / ˈɪː-ˈɪ / p-p

-------------------

/sjˈau̯lvʏr̥/ - /sˈølvɐ/
[1/3] s_j-s / ˈau̯-ˈø / l-l / v-v / ʏ-∅ / r̥-ɐ
[1/3] s_j-s / ˈau̯-ˈø / l-l / v-v / ʏ-ɐ / r̥-∅
[1/3] s-s / j-∅ / ˈau̯-ˈø / l-l / v-v / ʏ-∅ / r̥-ɐ

-------------------

/sjˈœː/ - /sˈɪə̯vn̩/
[3/5] s-s / j-∅ / ˈœː-ˈɪə̯ / ∅-v / ∅-n
[2/5] s_j-s / ˈœː-ˈɪə̯ / ∅-v / ∅-n

-------------------

/sjˈɑːu̯/ - /sˈaɪ̯n/
[2/4] s-s / j-ˈaɪ̯ / ˈɑːu̯-∅ / ∅-n
[2/4] s-s / j-ˈaɪ̯ / ˈɑːu̯-n

-------------------

/skˈar̥pʏr̥/ - /ʃˈaɐp/
[2/4] s-ʃ / k-∅ / ˈa-ˈa / r̥-ɐ / p_ʏ-p / r̥-∅
[2/4] s-ʃ / k-∅ / ˈa-ˈa / r̥-ɐ / p-p / ʏ-∅ / r̥-∅

-------------------

/slˈɑu̯ŋɡ̊a/ - /ʃlˈaŋə/
[4/4] s-ʃ / l-l / ˈɑu̯-ˈa / ŋ-ŋ / ɡ̊-∅ / a-ə

-------------------

/stjˈartna/ - /ʃtˈɛːn/
[3/5] s-ʃ / t-t / j-ˈɛː / ˈa-∅ / r-∅ / t-∅ / n-n / a_#>-#>
[2/5] s-ʃ / t-t / j-ˈɛː / ˈa-∅ / r-∅ / t-∅ / n-n / a-∅

-------------------

/stl̥ˈaːu̯/ - /ʃlˈɔːn/
[5/5] s-ʃ / t-∅ / l̥-l / ˈaːu̯-ˈɔː / ∅-n

-------------------

/stnjˈoːu̯r̥/ - /ʃnˈaɪ̯/
[3/3] s-ʃ / t-∅ / n-n / j-ˈaɪ̯ / ˈoːu̯-∅ / r̥-∅

-------------------

/stˈɔrmʏr̥/ - /ʃtˈuːə̯m/
[2/3] s-ʃ / t-t / ˈɔ-ˈuːə̯ / r-∅ / m_ʏ-m / r̥-∅
[1/3] s-ʃ / t-t / ˈɔ-ˈuːə̯ / r-∅ / m-m / ʏ-∅ / r̥-∅

-------------------

/stˈɔu̯tl̥/ - /ʃtˈoːl/
[4/4] s-ʃ / t-t / ˈɔu̯-ˈoː / t-∅ / l̥-l

-------------------

/stˈɛi̯tn̥/ - /ʃtˈeːn/
[4/5] s-ʃ / t-t / ˈɛi̯-ˈeː / t-∅ / n̥-n
[1/5] s-ʃ / t-t / ˈɛi̯-ˈeː / t_n̥-n

-------------------

/svˈar̥tʏr̥/ - /ʃwˈat/
[2/3] s-ʃ / v-w / ˈa-ˈa / r̥-∅ / t-t / ʏ-∅ / r̥-∅
[1/3] s-ʃ / v-w / ˈa-ˈa / r̥-∅ / t_ʏ-t / r̥-∅

-------------------

/svˈiːn/ - /ʃwˈiːn/
[5/5] s-ʃ / v-w / ˈiː-ˈiː / n-n

-------------------

/sˈal̥t/ - /sˈɔlt/
[4/4] s-s / ˈa-ˈɔ / l̥-l / t-t

-------------------

/sˈand̥ʏr̥/ - /sˈand/
[4/4] s-s / ˈa-ˈa / n-n / d̥-d / ʏ-∅ / r̥-∅

-------------------

/sˈaːi̯ca/ - /sˈøːkn̩/
[4/4] s-s / ˈaːi̯-ˈøː / c-k / a-n

-------------------

/sˈaːi̯tʏr̥/ - /sˈøːt/
[3/4] s-s / ˈaːi̯-ˈøː / t-t / ʏ-∅ / r̥-∅
[1/4] s-s / ˈaːi̯-ˈøː / t_ʏ-t / r̥-∅

-------------------

/sˈiɲɟ̊a/ - /sˈɪŋ/
[2/3] s-s / ˈi-ˈɪ / ɲ-ŋ / ɟ̊-∅ / a_#>-#>
[1/3] s-s / ˈi-ˈɪ / ɲ-ŋ / ɟ̊-∅ / a-∅

-------------------

/sˈiːða/ - /sˈiːt/
[3/5] s-s / ˈiː-ˈiː / ð-t / a_#>-#>
[2/5] s-s / ˈiː-ˈiː / ð-t / a-∅

-------------------

/sˈuːr̥/ - /sˈuːɐ/
[4/4] s-s / ˈuː-ˈuː / r̥-ɐ

-------------------

/sˈɑːu̯l/ - /sˈɪɛ̯l/
[3/3] s-s / ˈɑːu̯-ˈɪɛ̯ / l-l

-------------------

/sˈɔːnʏr̥/ - /sˈuːə̯n/
[3/3] s-s / ˈɔː-ˈuːə̯ / n-n / ʏ-∅ / r̥-∅

-------------------

/sˈɔːva/ - /ʃlˈɔːbm̩/
[2/2] s-ʃ / ∅-l / ˈɔː-ˈɔː / v-b / a-∅ / ∅-m

-------------------

/sˈɛks/ - /sˈɛs/
[4/4] s-s / ˈɛ-ˈɛ / k-∅ / s-s

-------------------

/sˈɛːi̯ja/ - /sˈɛɡn̩/
[4/4] s-s / ˈɛːi̯-ˈɛ / j-ɡ / a-n

-------------------

/sˈɪstɪr̥/ - /sˈʏstɐ/
[5/5] s-s / ˈɪ-ˈʏ / s-s / t-t / ɪ-ɐ / r̥-∅

-------------------

/sˈɪːtja/ - /sˈɪtn̩/
[3/4] s-s / ˈɪː-ˈɪ / t-t / j-∅ / a-n
[1/4] s-s / ˈɪː-ˈɪ / t-t / j_a-n

-------------------

/tʰvˈœː/ - /twˈeː/
[4/4] tʰ-t / v-w / ˈœː-ˈeː

-------------------

/tʰˈaːu̯/ - /tˈeːnt/
[4/4] tʰ-t / ˈaːu̯-ˈeː / ∅-n / ∅-t

-------------------

/tʰˈiːjʏ/ - /tˈaɪ̯n/
[4/4] tʰ-t / ˈiː-∅ / j-ˈaɪ̯ / ʏ-∅ / ∅-n

-------------------

/tʰˈiːð/ - /tˈiːt/
[5/5] tʰ-t / ˈiː-ˈiː / ð-t

-------------------

/tʰˈou̯l̥f/ - /tvˈiɛ̯lv/
[4/4] tʰ-t / ∅-v / ˈou̯-ˈiɛ̯ / l̥-l / f-v

-------------------

/tʰˈuŋɡ̊a/ - /tˈʊŋə/
[5/5] tʰ-t / ˈu-ˈʊ / ŋ-ŋ / ɡ̊-∅ / a-ə

-------------------

/tʰˈuʰtuɣu/ - /twˈɪntɪç/
[2/4] tʰ-t / ˈu-w / ʰt-∅ / u-ˈɪ / ∅-n / ɣ-t / u-ɪ / ∅-ç
[1/4] tʰ-t / ∅-w / ˈu-ˈɪ / ∅-n / ʰt-t / u-ɪ / ɣ-ç / u-∅
[1/4] tʰ-t / ˈu-w / ∅-ˈɪ / ∅-n / ʰt-t / u-ɪ / ɣ-ç / u-∅

-------------------

/tʰˈœnː/ - /tˈan/
[4/4] tʰ-t / ˈœ-ˈa / nː-n

-------------------

/vjˈɛːr̥/ - /wˈiː/
[4/4] v-w / j-∅ / ˈɛː-ˈiː / r̥-∅

-------------------

/vˈarmʏr̥/ - /wˈaːm/
[4/4] v-w / ˈa-ˈaː / r-∅ / m_ʏ-m / r̥-∅

-------------------

/vˈaʰtn̥/ - /wˈaːtɐ/
[3/4] v-w / ˈa-ˈaː / ʰt-t / n̥-∅ / ∅-ɐ
[1/4] v-w / ˈa-ˈaː / ʰt-t / n̥-ɐ

-------------------

/vˈɛːðʏr̥/ - /wˈɪɛ̯ɐ/
[4/5] v-w / ˈɛː-ˈɪɛ̯ / ð-∅ / ʏ-∅ / r̥-ɐ
[1/5] v-w / ˈɛː-ˈɪɛ̯ / ð-∅ / ʏ-ɐ / r̥-∅

-------------------

/vˈɛːɣʏr̥/ - /wˈɛç/
[2/2] v-w / ˈɛː-ˈɛ / ɣ-ç / ʏ-∅ / r̥-∅

-------------------

/vˈɪnd̥ʏr̥/ - /wˈɪnd/
[3/3] v-w / ˈɪ-ˈɪ / n-n / d̥-d / ʏ-∅ / r̥-∅

-------------------

/vˈɪːka/ - /vˈiɛ̯kə/
[3/3] v-v / ˈɪː-ˈiɛ̯ / k-k / a-ə

-------------------

/vˈɪːta/ - /wˈiə̯tn̩/
[5/5] v-w / ˈɪː-ˈiə̯ / t-t / a-n

-------------------

/çˈar̥ta/ - /hˈɪɛ̯t/
[2/3] ç-h / ˈa-ˈɪɛ̯ / r̥-∅ / t-t / a_#>-#>
[1/3] ç-h / ˈa-ˈɪɛ̯ / r̥-∅ / t-t / a-∅

-------------------

/çˈau̯l̥pa/ - /hˈɛlpn̩/
[4/4] ç-h / ˈau̯-ˈɛ / l̥-l / p-p / a-n

-------------------

/çˈɛːrɪ/ - /hˈɒːs/
[2/4] ç-h / ˈɛː-ˈɒː / r-s / ɪ_#>-#>
[1/4] ç-h / ˈɛː-ˈɒː / r-∅ / ɪ-∅ / ∅-s
[1/4] ç-h / ˈɛː-ˈɒː / r-s / ɪ-∅

-------------------

/çˈɛːr̥/ - /hˈiːɐ/
[4/4] ç-h / ˈɛː-ˈiː / r̥-ɐ

-------------------

/ɟ̊ˈaːi̯s/ - /xˈaʊ̯s/
[3/3] ɟ̊-x / ˈaːi̯-ˈaʊ̯ / s-s

-------------------

/ɟ̊ˈɛstʏr̥/ - /xˈas/
[5/5] ɟ̊-x / ˈɛ-ˈa / s-s / t-∅ / ʏ-∅ / r̥-∅

-------------------

/ɟ̊ˈɛːva/ - /xˈɪə̯vn̩/
[4/4] ɟ̊-x / ˈɛː-ˈɪə̯ / v-v / a-n

-------------------

/ɡ̊rˈai̯tn̥/ - /xrˈøːn/
[4/4] ɡ̊-x / r-r / ˈai̯-ˈøː / t-∅ / n̥-n

-------------------

/ɡ̊rˈaːs/ - /xrˈɛːs/
[3/3] ɡ̊-x / r-r / ˈaː-ˈɛː / s-s

-------------------

/ɡ̊vˈʏːð/ - /xˈuːə̯d/
[4/4] ɡ̊-x / v-∅ / ˈʏː-ˈuːə̯ / ð-d

-------------------

/ɡ̊ˈau̯ŋɡ̊a/ - /xˈɔːn/
[4/4] ɡ̊-x / ˈau̯-ˈɔː / ŋ-∅ / ɡ̊-∅ / a-n

-------------------

/ɡ̊ˈoːu̯ðʏr̥/ - /xˈuə̯t/
[3/5] ɡ̊-x / ˈoːu̯-ˈuə̯ / ð_ʏ-t / r̥-∅
[2/5] ɡ̊-x / ˈoːu̯-ˈuə̯ / ð-t / ʏ-∅ / r̥-∅

-------------------

/ɡ̊ˈʏtl̥/ - /xˈʏld/
[3/5] ɡ̊-x / ˈʏ-ˈʏ / t-∅ / l̥-l / ∅-d
[2/5] ɡ̊-x / ˈʏ-ˈʏ / t-∅ / l̥-l / #>-d_#>

-------------------

/ɡ̊ˈʏːlʏr̥/ - /xˈɪɛ̯l/
[5/5] ɡ̊-x / ˈʏː-ˈɪɛ̯ / l-l / ʏ-∅ / r̥-∅

-------------------

/ˈai̯sca/ - /wˈʏnʃkn̩/
[3/4] <#-<#_w / ˈai̯-ˈʏ / ∅-n / s-ʃ / c-k / a-n
[1/4] ∅-w / ˈai̯-ˈʏ / ∅-n / s-ʃ / c-k / a-n

-------------------

/ˈanːar̥/ - /ˈɛnɐ/
[4/4] ˈa-ˈɛ / nː-n / a-∅ / r̥-ɐ

-------------------

/ˈarmʏr̥/ - /ˈaɐm/
[4/5] ˈa-ˈa / r-ɐ / m_ʏ-m / r̥-∅
[1/5] ˈa-ˈa / r-ɐ / m-m / ʏ-∅ / r̥-∅

-------------------

/ˈaska/ - /ˈaʃkə/
[4/4] ˈa-ˈa / s-ʃ / k-k / a-ə

-------------------

/ˈatl̥ʏr̥/ - /ˈalə/
[1/1] ˈa-ˈa / t-∅ / l̥-l / ʏ-ə / r̥-∅

-------------------

/ˈaːpɪ/ - /ˈaːpə/
[5/5] ˈaː-ˈaː / p-p / ɪ-ə

-------------------

/ˈivɪr̥/ - /ˈyːœ̯vɐ/
[3/3] ˈi-ˈyːœ̯ / v-v / ɪ-ɐ / r̥-∅

-------------------

/ˈiːs/ - /ˈiːs/
[5/5] ˈiː-ˈiː / s-s

-------------------

/ˈulvʏr̥/ - /wˈʊlf/
[2/3] <#-<#_w / ˈu-ˈʊ / l-l / v-f / ʏ-∅ / r̥-∅
[1/3] ∅-w / ˈu-ˈʊ / l-l / v-f / ʏ-∅ / r̥-∅

-------------------

/ˈuŋɡ̊ʏr̥/ - /jˈʊŋ/
[3/3] ˈu-j / ∅-ˈʊ / ŋ-ŋ / ɡ̊-∅ / ʏ-∅ / r̥-∅

-------------------

/ˈuːt/ - /ˈuːt/
[5/5] ˈuː-ˈuː / t-t

-------------------

/ˈœːy̯ɣa/ - /ˈaʊ̯ɣə/
[5/5] ˈœːy̯-ˈaʊ̯ / ɣ-ɣ / a-ə

-------------------

/ˈɑu̯ʰta/ - /ˈaxt/
[2/4] ˈɑu̯-ˈa / ʰt-x / a-∅ / ∅-t
[1/4] ˈɑu̯-ˈa / ∅-x / ʰt-t / a_#>-#>
[1/4] ˈɑu̯-ˈa / ʰt-x_t / a_#>-#>

-------------------

/ˈɑːu̯r̥/ - /jˈɔːɐ/
[5/5] ˈɑːu̯-j / ∅-ˈɔː / r̥-ɐ

-------------------

/ˈɑːu̯tl̥/ - /ˈɔːl/
[5/5] ˈɑːu̯-ˈɔː / t-∅ / l̥-l

-------------------

/ˈɔpn̥/ - /ˈuːə̯m/
[3/3] ˈɔ-ˈuːə̯ / p-∅ / n̥-m

-------------------

/ˈɔrmʏr̥/ - /wˈuːə̯m/
[3/4] ˈɔ-w / r-ˈuːə̯ / m_ʏ-m / r̥-∅
[1/4] <#-<#_w / ˈɔ-ˈuːə̯ / r-∅ / m-m / ʏ-∅ / r̥-∅

-------------------

/ˈɔrð/ - /wˈɔːd/
[4/4] ˈɔ-w / r-ˈɔː / ð-d

-------------------

/ˈɔsː/ - /ˈuːs/
[4/4] ˈɔ-ˈuː / sː-s

-------------------

/ˈɛi̯tn̥/ - /ˈeːn/
[4/5] ˈɛi̯-ˈeː / t-∅ / n̥-n
[1/5] ˈɛi̯-ˈeː / t_n̥-n

-------------------

/ˈɛtl̥ɛvʏ/ - /ˈɛlvə/
[3/3] ˈɛ-ˈɛ / t-∅ / l̥-l / ɛ-∅ / v-v / ʏ-ə

-------------------

/ˈɛɡ̊ː/ - /ˈɛk/
[4/4] ˈɛ-ˈɛ / ɡ̊ː-k

-------------------

/ˈɛʰplɪ/ - /ˈapl̩/
[3/5] ˈɛ-ˈa / ʰp-p / l-l / ɪ_#>-#>
[2/5] ˈɛ-ˈa / ʰp-p / l-l / ɪ-∅

-------------------

/ˈɛːi̯k/ - /ˈeːkə/
[2/3] ˈɛːi̯-ˈeː / k-k / #>-ə_#>
[1/3] ˈɛːi̯-ˈeː / k-k / ∅-ə

-------------------

/ˈɛːi̯ra/ - /ˈɔːɐ/
[2/4] ˈɛːi̯-ˈɔː / r-ɐ / a_#>-#>
[1/4] ˈɛːi̯-ˈɔː / r_a-ɐ
[1/4] ˈɛːi̯-ˈɔː / r-ɐ / a-∅

-------------------

/ˈʏnd̥ɪr̥/ - /ˈʊnɐ/
[3/3] ˈʏ-ˈʊ / n-n / d̥-∅ / ɪ-ɐ / r̥-∅

-------------------

/ˈʏnd̥ʏr̥/ - /vˈʊnɐ/
[2/3] ∅-v / ˈʏ-ˈʊ / n-n / d̥-∅ / ʏ-∅ / r̥-ɐ
[1/3] ∅-v / ˈʏ-ˈʊ / n-n / d̥-∅ / ʏ-ɐ / r̥-∅

-------------------

/ˈʏtl̥/ - /wˈʊlə/
[4/5] <#-<#_w / ˈʏ-ˈʊ / t-∅ / l̥-l / #>-ə_#>
[1/5] ∅-w / ˈʏ_t-ˈʊ / l̥-l / ∅-ə

-------------------

/ˈʏɡ̊la/ - /ˈuːl/
[3/5] ˈʏ-ˈuː / ɡ̊-∅ / l-l / a_#>-#>
[2/5] ˈʏ-ˈuː / ɡ̊-∅ / l-l / a-∅

-------------------

/ˈʏʰp/ - /ˈʊp/
[5/5] ˈʏ-ˈʊ / ʰp-p

-------------------

/θjˈoːu̯vʏr̥/ - /dˈaɪ̯v/
[4/4] θ-d / j-ˈaɪ̯ / ˈoːu̯-∅ / v-v / ʏ-∅ / r̥-∅

-------------------

/θrˈiːr̥/ - /drˈaɪ̯/
[4/4] θ-d / r-r / ˈiː-ˈaɪ̯ / r̥-∅

-------------------

/θrˈɛʰtaːu̯n/ - /dˈiɛ̯taɪ̯n/
[4/4] θ-d / r-∅ / ˈɛ-ˈiɛ̯ / ʰt-t / aːu̯-aɪ̯ / n-n

-------------------

/θrˈɪʰca/ - /drˈʏkn̩/
[5/5] θ-d / r-r / ˈɪ-ˈʏ / ʰc-k / a-n

-------------------

/θˈaʰka/ - /dˈaŋkn̩/
[3/4] θ-d / ˈa-ˈa / ∅-ŋ / ʰk-k / a-n
[1/4] θ-d / ˈa-ˈa / ʰk-ŋ_k / a-n

-------------------

/θˈiskʏr̥/ - /dˈyːtʃk/
[4/4] θ-d / ˈi-ˈyː / ∅-t / s-ʃ / k-k / ʏ-∅ / r̥-∅

-------------------

/θˈiŋɡ̊/ - /dˈɪŋn/
[4/4] θ-d / ˈi-ˈɪ / ŋ-ŋ / ɡ̊-∅ / ∅-n

-------------------

/θˈuː/ - /dˈuː/
[4/4] θ-d / ˈuː-ˈuː

-------------------

/θˈuːsʏnd̥/ - /dˈuːzn̩d/
[2/2] θ-d / ˈuː-ˈuː / s-z / ʏ-∅ / n-n / d̥-d

-------------------

/θˈɛːr̥/ - /ˈiɛ̯ɐ/
[5/5] θ-∅ / ˈɛː-ˈiɛ̯ / r̥-ɐ

-------------------

/θˈɪrtnɪr̥/ - /dˈœːn/
[5/5] θ-d / ˈɪ-ˈœː / r-∅ / t-∅ / n-n / ɪ-∅ / r̥-∅

-------------------

/θˈɪʰkʏr̥/ - /dˈɪk/
[5/5] θ-d / ˈɪ-ˈɪ / ʰk-k / ʏ-∅ / r̥-∅

-------------------

/θˈʏrː̥/ - /drˈyːç/
[4/4] θ-d / ∅-r / ˈʏ-ˈyː / rː̥-ç

-------------------

