/b̥jˈoːu̯ða/ - /bˈaɪ̯dn̩/
[1/1] b̥-b / j_ˈoːu̯-ˈaɪ̯ / ð-d / a-n

-------------------

/b̥jˈœrtn̥/ - /bˈɛːɐ/
[1/1] b̥-b / j_ˈœ-ˈɛː / r-ɐ / t-∅ / n̥-∅

-------------------

/b̥lˈaːi̯ða/ - /blˈøːdn̩/
[1/1] b̥-b / l-l / ˈaːi̯-ˈøː / ð-d / a-n

-------------------

/b̥lˈaːð/ - /blˈad/
[1/1] b̥-b / l-l / ˈaː-ˈa / ð-d

-------------------

/b̥lˈoːu̯m/ - /blˈoːmə/
[1/1] b̥-b / l-l / ˈoːu̯-ˈoː / m-m / ∅-ə

-------------------

/b̥lˈoːu̯ð/ - /blˈoːd/
[1/1] b̥-b / l-l / ˈoːu̯-ˈoː / ð-d

-------------------

/b̥rjˈoːu̯st/ - /bˈuːə̯st/
[1/1] b̥-b / r-ˈuːə̯ / j-∅ / ˈoːu̯-∅ / s-s / t-t

-------------------

/b̥rˈoːu̯ðɪr̥/ - /brˈoːɐ/
[1/1] b̥-b / r-r / ˈoːu̯-ˈoː / ð_ɪ-ɐ / r̥_#>-#>

-------------------

/b̥rˈœːy̯ð/ - /brˈaʊ̯d/
[1/1] b̥-b / r-r / ˈœːy̯-ˈaʊ̯ / ð-d

-------------------

/b̥rˈɪɟ̊ːa/ - /brˈʏɡə/
[1/1] b̥-b / r-r / ˈɪ-ˈʏ / ɟ̊ː-ɡ / a-ə

-------------------

/b̥rˈʏɡ̊ːa/ - /brˈuːən/
[1/1] b̥-b / r-r / ˈʏ-ˈuː / ɡ̊ː-ə / a-n

-------------------

/b̥ˈaðmʏr̥/ - /bˈaʊ̯m/
[1/1] b̥-b / ˈa-∅ / ð-ˈaʊ̯ / m-m / ʏ_r̥_#>-#>

-------------------

/b̥ˈaːu̯tʏr̥/ - /bˈoːt/
[1/1] b̥-b / ˈaːu̯-ˈoː / t_ʏ-t / r̥_#>-#>

-------------------

/b̥ˈaːð/ - /bˈaːd/
[1/1] b̥-b / ˈaː-ˈaː / ð-d

-------------------

/b̥ˈiːta/ - /bˈiːtn̩/
[1/1] b̥-b / ˈiː-ˈiː / t-t / a-n

-------------------

/b̥ˈoːu̯k/ - /bˈoːk/
[1/1] b̥-b / ˈoːu̯-ˈoː / k_#>-k_#>

-------------------

/b̥ˈɛrɡ̊/ - /bˈɪɛ̯ɐx/
[1/1] b̥-b / ˈɛ-ˈɪɛ̯ / r-ɐ / ɡ̊-x

-------------------

/b̥ˈɛːi̯n/ - /bˈeːn/
[1/1] b̥-b / ˈɛːi̯-ˈeː / n-n

-------------------

/b̥ˈɛːr̥/ - /bˈiɛ̯ɐ/
[1/1] b̥-b / ˈɛː-ˈiɛ̯ / r̥-ɐ

-------------------

/b̥ˈɛːtrɪ/ - /bˈɪɛ̯tɐ/
[1/1] b̥-b / ˈɛː-ˈɪɛ̯ / t-t / r_ɪ-ɐ

-------------------

/b̥ˈɪnd̥a/ - /bˈɪn̩/
[1/1] b̥-b / ˈɪ-ˈɪ / n_d̥-n / a_#>-#>

-------------------

/b̥ˈɪðja/ - /bˈɪdn̩/
[1/1] b̥-b / ˈɪ-ˈɪ / ð-d / j_a-n

-------------------

/cʰˈiːr̥/ - /kˈaʊ̯/
[1/1] cʰ-k / ˈiː-ˈaʊ̯ / r̥_#>-#>

-------------------

/cʰˈuʰkliŋɡ̊ʏr̥/ - /kˈyːkn̩/
[1/1] cʰ-k / ˈu-ˈyː / ʰk-k / l-∅ / i-∅ / ŋ-n / ɡ̊_ʏ_r̥_#>-#>

-------------------

/cʰˈɛnːa/ - /kˈɛn̩/
[1/1] cʰ-k / ˈɛ-ˈɛ / nː-n / a_#>-#>

-------------------

/cʰˈɪr̥ca/ - /kˈɪɛ̯k/
[1/1] cʰ-k / ˈɪ-∅ / r̥-ˈɪɛ̯ / c_a-k

-------------------

/d̥jˈuːpʏr̥/ - /dˈaɪ̯p/
[1/1] d̥-d / j_ˈuː-ˈaɪ̯ / p-p / ʏ_r̥_#>-#>

-------------------

/d̥rˈeːi̯ma/ - /drˈaɪ̯mn̩/
[1/1] d̥-d / r-r / ˈeːi̯-ˈaɪ̯ / m-m / a-n

-------------------

/d̥rˈiːva/ - /drˈiːvn̩/
[1/1] d̥-d / r-r / ˈiː-ˈiː / v-v / a-n

-------------------

/d̥rˈœːy̯mʏr̥/ - /drˈaʊ̯m/
[1/1] d̥-d / r-r / ˈœːy̯-ˈaʊ̯ / m-m / ʏ_r̥_#>-#>

-------------------

/d̥rˈɛʰka/ - /drˈɪŋkn̩/
[1/1] d̥-d / r-r / ˈɛ-ˈɪ / ʰk-ŋ_k / a-n

-------------------

/d̥ˈaːɣʏr̥/ - /dˈax/
[1/1] d̥-d / ˈaː-ˈa / ɣ-x / ʏ_r̥_#>-#>

-------------------

/d̥ˈiːr̥/ - /dˈiːɐ/
[1/1] d̥-d / ˈiː-ˈiː / r̥-ɐ

-------------------

/d̥ˈiːr̥/ - /dˈyːɐ/
[1/1] d̥-d / ˈiː-ˈyː / r̥-ɐ

-------------------

/d̥ˈuːva/ - /dˈuːvə/
[1/1] d̥-d / ˈuː-ˈuː / v-v / a-ə

-------------------

/d̥ˈœːy̯ðɪ/ - /dˈaʊ̯t/
[1/1] d̥-d / ˈœːy̯-ˈaʊ̯ / ð-t / ɪ-∅

-------------------

/d̥ˈœːy̯ðʏr̥/ - /dˈaʊ̯d/
[1/1] d̥-d / ˈœːy̯-ˈaʊ̯ / ð-d / ʏ_r̥_#>-#>

-------------------

/d̥ˈɔu̯ʰtɪr̥/ - /dˈɔxtɐ/
[1/1] d̥-d / ˈɔu̯-ˈɔ / ʰt-x_t / ɪ-ɐ / r̥_#>-#>

-------------------

/fjˈoːu̯rɪr̥/ - /fˈeːɐ/
[1/1] f-f / j-∅ / ˈoːu̯-ˈeː / r_ɪ-ɐ / r̥_#>-#>

-------------------

/fjˈœːðʏr̥/ - /fˈɪɛ̯dɐ/
[1/1] f-f / j-∅ / ˈœː-ˈɪɛ̯ / ð-d / ʏ-ɐ / r̥_#>-#>

-------------------

/fljˈuːa/ - /flˈaɪ̯ŋ/
[1/1] f-f / l-l / j_ˈuː-ˈaɪ̯ / a-ŋ

-------------------

/flˈʏːɣa/ - /flˈaɪ̯ɡə/
[1/1] f-f / l-l / ˈʏː-ˈaɪ̯ / ɣ-ɡ / a-ə

-------------------

/frjˈoːu̯sa/ - /frˈaɪ̯zn̩/
[1/1] f-f / r-r / j_ˈoːu̯-ˈaɪ̯ / s-z / a-n

-------------------

/frˈai̯nd̥ɪ/ - /frˈønd/
[1/1] f-f / r-r / ˈai̯-ˈø / n_d̥-n / ɪ-d

-------------------

/fˈaːi̯tʏr̥/ - /fˈøːtə/
[1/1] f-f / ˈaːi̯-ˈøː / t-t / ʏ-ə / r̥_#>-#>

-------------------

/fˈaːðɪr̥/ - /fˈaːdɐ/
[1/1] f-f / ˈaː-ˈaː / ð-d / ɪ-ɐ / r̥_#>-#>

-------------------

/fˈiŋɡ̊ʏr̥/ - /fˈɪŋɐ/
[1/1] f-f / ˈi-ˈɪ / ŋ-ŋ / ɡ̊_ʏ-ɐ / r̥_#>-#>

-------------------

/fˈoːu̯tʏr̥/ - /fˈoːt/
[1/1] f-f / ˈoːu̯-ˈoː / t_ʏ-t / r̥_#>-#>

-------------------

/fˈɛr̥skʏr̥/ - /frˈɪʃ/
[1/1] f-f / ∅-r / ˈɛ-ˈɪ / r̥-∅ / s_k-ʃ / ʏ_r̥_#>-#>

-------------------

/fˈɪnːa/ - /fˈɪn̩/
[1/1] f-f / ˈɪ-ˈɪ / nː-n / a_#>-#>

-------------------

/fˈɪskʏr̥/ - /fˈɪʃk/
[1/1] f-f / ˈɪ-ˈɪ / s-ʃ / k-k / ʏ_r̥_#>-#>

-------------------

/fˈɪːrɪr̥/ - /fˈøːɐ/
[1/1] f-f / ˈɪː-ˈøː / r_ɪ-ɐ / r̥_#>-#>

-------------------

/fˈʏtl̥ʏr̥/ - /fˈʊl/
[1/1] f-f / ˈʏ-ˈʊ / t_l̥-l / ʏ_r̥_#>-#>

-------------------

/fˈʏɡ̊l̥/ - /fˈuə̯ɡl̩/
[1/1] f-f / ˈʏ-ˈuə̯ / ɡ̊-ɡ / l̥-l

-------------------

/fˈʏːnɪ/ - /fˈyːɐ/
[1/1] f-f / ˈʏː-∅ / n-ˈyː / ɪ-ɐ

-------------------

/hˈau̯lvʏr̥/ - /hˈalʋ/
[1/1] h-h / ˈau̯-ˈa / l-l / v-ʋ / ʏ_r̥_#>-#>

-------------------

/hˈaːi̯na/ - /hˈɛn/
[1/1] h-h / ˈaːi̯-ˈɛ / n-n / a_#>-#>

-------------------

/hˈaːva/ - /hˈɛbn̩/
[1/1] h-h / ˈaː-ˈɛ / v-b / a-n

-------------------

/hˈuŋɡ̊ʏr̥/ - /hˈʊŋɐ/
[1/1] h-h / ˈu-ˈʊ / ŋ-ŋ / ɡ̊_ʏ-ɐ / r̥_#>-#>

-------------------

/hˈuːs/ - /hˈʊs/
[1/1] h-h / ˈuː-ˈʊ / s_#>-s_#>

-------------------

/hˈuːð/ - /hˈuːt/
[1/1] h-h / ˈuː-ˈuː / ð-t

-------------------

/hˈœnd̥/ - /hˈand/
[1/1] h-h / ˈœ-ˈa / n-n / d̥-d

-------------------

/hˈɑːu̯r̥/ - /hˈaʊ̯x/
[1/1] h-h / ˈɑːu̯-ˈaʊ̯ / r̥-x

-------------------

/hˈɑːu̯r̥/ - /hˈɔːɐ/
[1/1] h-h / ˈɑːu̯-ˈɔː / r̥-ɐ

-------------------

/hˈɛlɡ̊ʏr̥/ - /hˈɪlɪç/
[1/1] h-h / ˈɛ-ˈɪ / l-l / ɡ̊-ɪ / ʏ-ç / r̥_#>-#>

-------------------

/hˈɛːi̯ra/ - /hˈœːɐn/
[1/1] h-h / ˈɛːi̯-ˈœː / r-ɐ / a-n

-------------------

/hˈɛːi̯tʏr̥/ - /hˈeːt/
[1/1] h-h / ˈɛːi̯-ˈeː / t_ʏ-t / r̥_#>-#>

-------------------

/hˈʏnd̥rað/ - /hˈʊnɐt/
[1/1] h-h / ˈʏ-ˈʊ / n_d̥-n / r-ɐ / a-∅ / ð-t

-------------------

/jˈœrð/ - /ˈɛːɐ/
[1/1] j_ˈœ-ˈɛː / r-ɐ / ð_#>-#>

-------------------

/jˈɛta/ - /ˈɪɛ̯tn̩/
[1/1] j-∅ / ˈɛ-ˈɪɛ̯ / t-t / a-n

-------------------

/kʰvˈaːð/ - /vˈat/
[1/1] <#_kʰ-<# / v-v / ˈaː-ˈa / ð-t

-------------------

/kʰvˈiːtʏr̥/ - /vˈɪt/
[1/1] <#_kʰ-<# / v-v / ˈiː-ˈɪ / t_ʏ-t / r̥_#>-#>

-------------------

/kʰˈald̥ʏr̥/ - /kˈɔlt/
[1/1] <#_kʰ-<#_k / ˈa-ˈɔ / l-l / d̥-∅ / ʏ-t / r̥_#>-#>

-------------------

/kʰˈœʰtʏr̥/ - /kˈat/
[1/1] <#_kʰ-<#_k / ˈœ-ˈa / ʰt-t / ʏ_r̥_#>-#>

-------------------

/kʰˈɑu̯lvʏr̥/ - /kˈalʋ/
[1/1] <#_kʰ-<#_k / ˈɑu̯-ˈa / l-l / v-ʋ / ʏ_r̥_#>-#>

-------------------

/kʰˈɔːma/ - /kˈuə̯mn̩/
[1/1] <#_kʰ-<#_k / ˈɔː-ˈuə̯ / m-m / a-n

-------------------

/kʰˈʏnːa/ - /kˈyə̯n̩/
[1/1] <#_kʰ-<#_k / ˈʏ-ˈyə̯ / nː-n / a_#>-#>

-------------------

/ljˈoːu̯s/ - /lˈɛç/
[1/1] <#_l-<#_l / j-ˈɛ / ˈoːu̯-ç / s_#>-#>

-------------------

/ljˈuːa/ - /lˈaɪ̯ɡn̩/
[1/1] <#_l-<#_l / j_ˈuː-ˈaɪ̯ / ∅-ɡ / a-n

-------------------

/ljˈuːvʏr̥/ - /lˈaɪ̯v/
[1/1] <#_l-<#_l / j_ˈuː-ˈaɪ̯ / v-v / ʏ_r̥_#>-#>

-------------------

/ljˈɛʰtʏr̥/ - /lˈɪç/
[1/1] <#_l-<#_l / j-∅ / ˈɛ-ˈɪ / ʰt-ç / ʏ_r̥_#>-#>

-------------------

/lˈamb̥/ - /lˈam/
[1/1] <#_l-<#_l / ˈa-ˈa / m-m / b̥-∅

-------------------

/lˈand̥/ - /lˈand/
[1/1] <#_l-<#_l / ˈa-ˈa / n-n / d̥-d

-------------------

/lˈɑu̯ŋɡ̊ʏr̥/ - /lˈaŋ/
[1/1] <#_l-<#_l / ˈɑu̯-ˈa / ŋ_ɡ̊-ŋ / ʏ_r̥_#>-#>

-------------------

/lˈɪɟ̊ːa/ - /lˈɪɡn̩/
[1/1] <#_l-<#_l / ˈɪ-ˈɪ / ɟ̊ː-ɡ / a-n

-------------------

/l̥ˈaːi̯ja/ - /lˈaxn̩/
[1/1] l̥-l / ˈaːi̯-ˈa / j-x / a-n

-------------------

/l̥ˈœːy̯pa/ - /lˈaʊ̯pn̩/
[1/1] l̥-l / ˈœːy̯-ˈaʊ̯ / p-p / a-n

-------------------

/mjˈɔu̯l̥k/ - /mˈɪɛ̯lk/
[1/1] m-m / j-∅ / ˈɔu̯-ˈɪɛ̯ / l̥-l / k_#>-k_#>

-------------------

/mjˈɛːr̥/ - /mˈiː/
[1/1] m-m / j_ˈɛː-ˈiː / r̥_#>-#>

-------------------

/mˈanːɛsca/ - /mˈɛnʃk/
[1/1] m-m / ˈa-ˈɛ / nː-n / ɛ-∅ / s-ʃ / c_a-k

-------------------

/mˈaːu̯nʏðʏr̥/ - /mˈɔːnd/
[1/1] m-m / ˈaːu̯-ˈɔː / n-n / ʏ-d / ð_ʏ_r̥_#>-#>

-------------------

/mˈaːðʏr̥/ - /mˈan/
[1/1] m-m / ˈaː-ˈa / ð-n / ʏ_r̥_#>-#>

-------------------

/mˈoːu̯ðɪr̥/ - /mˈoːdɐ/
[1/1] m-m / ˈoːu̯-ˈoː / ð-d / ɪ-ɐ / r̥_#>-#>

-------------------

/mˈuːs/ - /mˈʊs/
[1/1] m-m / ˈuː-ˈʊ / s_#>-s_#>

-------------------

/mˈɑu̯ʰtʏr̥/ - /mˈaxt/
[1/1] m-m / ˈɑu̯-ˈa / ʰt-x / ʏ-t / r̥_#>-#>

-------------------

/mˈɑːu̯nɪ/ - /mˈɔːn/
[1/1] m-m / ˈɑːu̯-ˈɔː / n-n / ɪ-∅

-------------------

/mˈʏnːʏr̥/ - /mˈʊnd/
[1/1] m-m / ˈʏ-ˈʊ / nː-n / ʏ_r̥_#>-d_#>

-------------------

/nˈapn̥/ - /nˈɔːmə/
[1/1] <#_n-<#_n / ˈa-ˈɔː / p-m / n̥-ə

-------------------

/nˈiːjʏ/ - /nˈɪə̯ɣn̩/
[1/1] <#_n-<#_n / ∅-ˈɪə̯ / ˈiː-ɣ / j-n / ʏ-∅

-------------------

/nˈiːr̥/ - /nˈiː/
[1/1] <#_n-<#_n / ˈiː-ˈiː / r̥_#>-#>

-------------------

/nˈœɡ̊l/ - /nˈaːɡl̩/
[1/1] <#_n-<#_n / ˈœ-ˈaː / ɡ̊-ɡ / l-l

-------------------

/nˈɑːu̯l/ - /nˈɔːdl̩/
[1/1] <#_n-<#_n / ˈɑːu̯-ˈɔː / ∅-d / l-l

-------------------

/nˈɔu̯ʰt/ - /nˈax/
[1/1] <#_n-<#_n / ˈɔu̯-ˈa / ʰt-x

-------------------

/nˈɛːv/ - /nˈɪə̯sə/
[1/1] <#_n-<#_n / ∅-ˈɪə̯ / ˈɛː-s / v-ə

-------------------

/n̥jˈɛː/ - /knˈaɪ̯/
[1/1] <#-<#_k / n̥-n / j-ˈaɪ̯ / ˈɛː-∅

-------------------

/n̥ˈɔːt/ - /nˈuə̯t/
[1/1] n̥-n / ˈɔː-ˈuə̯ / t-t

-------------------

/rjˈɛʰtʏr̥/ - /rˈɛçt/
[1/1] <#_r-<#_r / j-ˈɛ / ˈɛ-ç / ʰt-t / ʏ_r̥_#>-#>

-------------------

/rˈiːkʏr̥/ - /rˈiːk/
[1/1] <#_r-<#_r / ˈiː-ˈiː / k-k / ʏ_r̥_#>-#>

-------------------

/rˈœːy̯ðʏr̥/ - /rˈaʊ̯d/
[1/1] <#_r-<#_r / ˈœːy̯-ˈaʊ̯ / ð-d / ʏ_r̥_#>-#>

-------------------

/rˈɛɡ̊n̥/ - /rˈɪɛ̯ŋn̩/
[1/1] <#_r-<#_r / ˈɛ-ˈɪɛ̯ / ɡ̊-ŋ / n̥-n

-------------------

/rˈɛːi̯kʏr̥/ - /rˈaʊ̯k/
[1/1] <#_r-<#_r / ˈɛːi̯-ˈaʊ̯ / k-k / ʏ_r̥_#>-#>

-------------------

/r̥ˈiŋɡ̊ʏr̥/ - /rˈɪŋ/
[1/1] <#_r̥-<#_r / ˈi-ˈɪ / ŋ_ɡ̊-ŋ / ʏ_r̥_#>-#>

-------------------

/r̥ˈɪɡ̊ːʏr̥/ - /rˈʏç/
[1/1] <#_r̥-<#_r / ˈɪ-ˈʏ / ɡ̊ː-ç / ʏ_r̥_#>-#>

-------------------

/scˈiːtʏr̥/ - /ʃˈiːtə/
[1/1] s_c-ʃ / ˈiː-ˈiː / t-t / ʏ-ə / r̥_#>-#>

-------------------

/scˈoːu̯ta/ - /ʃˈaɪ̯tn̩/
[1/1] s_c-ʃ / ˈoːu̯-ˈaɪ̯ / t-t / a-n

-------------------

/scˈœld̥ʏr̥/ - /ʃˈɪld/
[1/1] s-ʃ / c-ˈɪ / ˈœ-∅ / l-l / d̥-d / ʏ_r̥_#>-#>

-------------------

/scˈɪːp/ - /ʃˈɪp/
[1/1] s_c-ʃ / ˈɪː-ˈɪ / p-p

-------------------

/sjˈau̯lvʏr̥/ - /sˈølvɐ/
[1/1] s-s / j-∅ / ˈau̯-ˈø / l-l / v-v / ʏ-ɐ / r̥_#>-#>

-------------------

/sjˈɑːu̯/ - /sˈaɪ̯n/
[1/1] s-s / j-ˈaɪ̯ / ˈɑːu̯-n

-------------------

/skˈar̥pʏr̥/ - /ʃˈaɐp/
[1/1] s_k-ʃ / ˈa-ˈa / r̥-ɐ / p-p / ʏ_r̥_#>-#>

-------------------

/skˈoːu̯r̥/ - /ʃˈoː/
[1/1] s_k-ʃ / ˈoːu̯-ˈoː / r̥_#>-#>

-------------------

/slˈɑu̯ŋɡ̊a/ - /ʃlˈaŋə/
[1/1] s-ʃ / l-l / ˈɑu̯-ˈa / ŋ-ŋ / ɡ̊_a-ə

-------------------

/sprˈɔːk/ - /ʃprˈɔːk/
[1/1] s-ʃ / p-p / r-r / ˈɔː-ˈɔː / k_#>-k_#>

-------------------

/stjˈartna/ - /ʃtˈɛːn/
[1/1] s-ʃ / t-t / j-ˈɛː / ˈa-∅ / r-∅ / t-∅ / n-n / a_#>-#>

-------------------

/stl̥ˈaːu̯/ - /ʃlˈɔːn/
[1/1] s-ʃ / t_l̥-l / ˈaːu̯-ˈɔː / #>-n_#>

-------------------

/stnjˈoːu̯r̥/ - /ʃnˈaɪ̯/
[1/1] s_t-ʃ / n-n / j_ˈoːu̯-ˈaɪ̯ / r̥_#>-#>

-------------------

/stˈɔrmʏr̥/ - /ʃtˈuːə̯m/
[1/1] s-ʃ / t-t / ˈɔ-ˈuːə̯ / r_m-m / ʏ_r̥_#>-#>

-------------------

/stˈɔu̯tl̥/ - /ʃtˈoːl/
[1/1] s-ʃ / t-t / ˈɔu̯-ˈoː / t_l̥-l

-------------------

/stˈɛi̯tn̥/ - /ʃtˈeːn/
[1/1] s-ʃ / t-t / ˈɛi̯-ˈeː / t_n̥-n

-------------------

/svˈar̥tʏr̥/ - /ʃʋˈat/
[1/1] s-ʃ / v-ʋ / ˈa-ˈa / r̥-∅ / t_ʏ-t / r̥_#>-#>

-------------------

/svˈiːn/ - /ʃʋˈiːn/
[1/1] s-ʃ / v-ʋ / ˈiː-ˈiː / n-n

-------------------

/sˈal̥t/ - /sˈɔlt/
[1/1] s-s / ˈa-ˈɔ / l̥-l / t-t

-------------------

/sˈand̥ʏr̥/ - /sˈand/
[1/1] s-s / ˈa-ˈa / n-n / d̥-d / ʏ_r̥_#>-#>

-------------------

/sˈaːi̯ca/ - /sˈøːkn̩/
[1/1] s-s / ˈaːi̯-ˈøː / c-k / a-n

-------------------

/sˈaːi̯tʏr̥/ - /sˈøːt/
[1/1] s-s / ˈaːi̯-ˈøː / t_ʏ-t / r̥_#>-#>

-------------------

/sˈiɲɟ̊a/ - /sˈɪŋ/
[1/1] s-s / ˈi-ˈɪ / ɲ-∅ / ɟ̊-ŋ / a_#>-#>

-------------------

/sˈiːða/ - /sˈiːt/
[1/1] s-s / ˈiː_ð-ˈiː_t / a_#>-#>

-------------------

/sˈuːr̥/ - /sˈuːɐ/
[1/1] s-s / ˈuː-ˈuː / r̥-ɐ

-------------------

/sˈɑːu̯l/ - /sˈɪɛ̯l/
[1/1] s-s / ˈɑːu̯-ˈɪɛ̯ / l-l

-------------------

/sˈɔːnʏr̥/ - /sˈuːə̯n/
[1/1] s-s / ˈɔː-ˈuːə̯ / n-n / ʏ_r̥_#>-#>

-------------------

/sˈɔːva/ - /ʃlˈɔːbm̩/
[1/1] s-ʃ / ∅-l / ˈɔː-ˈɔː / v-b / a-m

-------------------

/sˈɛks/ - /sˈɛs/
[1/1] s-s / ˈɛ-ˈɛ / k-∅ / s_#>-s_#>

-------------------

/sˈɛːi̯ja/ - /sˈɛɡn̩/
[1/1] s-s / ˈɛːi̯-∅ / j-ˈɛ / ∅-ɡ / a-n

-------------------

/sˈɪstɪr̥/ - /sˈʏstɐ/
[1/1] s-s / ˈɪ-ˈʏ / s-s / t-t / ɪ-ɐ / r̥_#>-#>

-------------------

/sˈɪːtja/ - /sˈɪtn̩/
[1/1] s-s / ˈɪː-ˈɪ / t-t / j_a-n

-------------------

/sˈʏːmar̥/ - /zˈʊmɐ/
[1/1] s-z / ˈʏː-ˈʊ / m-m / a_r̥-ɐ

-------------------

/tʰvˈœː/ - /tʋˈeː/
[1/1] <#_tʰ-<#_t / v-ʋ / ˈœː-ˈeː

-------------------

/tʰˈiːjʏ/ - /tˈaɪ̯n/
[1/1] <#_tʰ-<#_t / ˈiː-ˈaɪ̯ / j-n / ʏ-∅

-------------------

/tʰˈiːð/ - /tˈiːt/
[1/1] <#_tʰ-<#_t / ˈiː_ð-ˈiː_t

-------------------

/tʰˈou̯l̥f/ - /tʋˈiɛ̯lʋ/
[1/1] <#_tʰ-<#_t / ∅-ʋ / ˈou̯-ˈiɛ̯ / l̥-l / f-ʋ

-------------------

/tʰˈuŋɡ̊a/ - /tˈʊŋə/
[1/1] <#_tʰ-<#_t / ˈu-ˈʊ / ŋ-ŋ / ɡ̊_a-ə

-------------------

/tʰˈœnː/ - /tˈan/
[1/1] <#_tʰ-<#_t / ˈœ-ˈa / nː-n

-------------------

/tʰˈɛi̯ʰkn̩/ - /tˈeːkn̩/
[1/1] <#_tʰ-<#_t / ˈɛi̯-ˈeː / ʰk-k / n-n

-------------------

/vjˈɛːr̥/ - /vˈiː/
[1/1] v-v / j_ˈɛː-ˈiː / r̥_#>-#>

-------------------

/vˈarmʏr̥/ - /vˈaːm/
[1/1] v-v / ˈa-ˈaː / r_m-m / ʏ_r̥_#>-#>

-------------------

/vˈaʰtn̥/ - /vˈaːtɐ/
[1/1] v-v / ˈa-ˈaː / ʰt-t / n̥-ɐ

-------------------

/vˈiːn/ - /vˈiːn/
[1/1] v-v / ˈiː-ˈiː / n-n

-------------------

/vˈɛːi̯kʏr̥/ - /vˈeːk/
[1/1] v-v / ˈɛːi̯-ˈeː / k-k / ʏ_r̥_#>-#>

-------------------

/vˈɛːtʏr̥/ - /vˈɪntɐ/
[1/1] v-v / ˈɛː-ˈɪ / t-n / ʏ-t / r̥-ɐ

-------------------

/vˈɛːðʏr̥/ - /vˈɪɛ̯ɐ/
[1/1] v-v / ˈɛː-ˈɪɛ̯ / ð-ɐ / ʏ_r̥_#>-#>

-------------------

/vˈɪnd̥ʏr̥/ - /vˈɪnd/
[1/1] v-v / ˈɪ-ˈɪ / n-n / d̥-d / ʏ_r̥_#>-#>

-------------------

/vˈɪtl̥ʏr̥/ - /vˈɪld/
[1/1] v-v / ˈɪ-ˈɪ / t_l̥-l / ʏ_r̥_#>-d_#>

-------------------

/vˈɪːka/ - /vˈiɛ̯kə/
[1/1] v-v / ˈɪː-ˈiɛ̯ / k-k / a-ə

-------------------

/vˈɪːta/ - /vˈɪə̯tn̩/
[1/1] v-v / ˈɪː-ˈɪə̯ / t-t / a-n

-------------------

/çˈar̥ta/ - /hˈɪɛ̯t/
[1/1] ç-h / ˈa-∅ / r̥-ˈɪɛ̯ / t-t / a_#>-#>

-------------------

/çˈau̯l̥pa/ - /hˈɛlpn̩/
[1/1] ç-h / ˈau̯-ˈɛ / l̥-l / p-p / a-n

-------------------

/çˈɛːrɪ/ - /hˈɒːs/
[1/1] ç-h / ˈɛː-∅ / r-∅ / ɪ-ˈɒː / #>-s_#>

-------------------

/çˈɛːr̥/ - /hˈiːɐ/
[1/1] ç-h / ˈɛː-ˈiː / r̥-ɐ

-------------------

/ɟ̊ˈaːi̯s/ - /xˈaʊ̯s/
[1/1] ɟ̊-x / ˈaːi̯-ˈaʊ̯ / s_#>-s_#>

-------------------

/ɟ̊ˈɛstʏr̥/ - /xˈas/
[1/1] ɟ̊-x / ˈɛ-ˈa / s-s / t-∅ / ʏ_r̥_#>-#>

-------------------

/ɟ̊ˈɛːva/ - /xˈɪə̯vn̩/
[1/1] ɟ̊-x / ˈɛː-ˈɪə̯ / v-v / a-n

-------------------

/ɡ̊rˈai̯tn̥/ - /xrˈøːn/
[1/1] ɡ̊-x / r-r / ˈai̯-ˈøː / t_n̥-n

-------------------

/ɡ̊rˈaːs/ - /xrˈɛːs/
[1/1] ɡ̊-x / r-r / ˈaː-ˈɛː / s_#>-s_#>

-------------------

/ɡ̊vˈʏːð/ - /xˈuːə̯d/
[1/1] ɡ̊-x / v-∅ / ˈʏː-ˈuːə̯ / ð-d

-------------------

/ɡ̊ˈoːu̯ðʏr̥/ - /xˈuə̯t/
[1/1] ɡ̊-x / ˈoːu̯-ˈuə̯ / ð-t / ʏ_r̥_#>-#>

-------------------

/ɡ̊ˈʏtl̥/ - /xˈʏld/
[1/1] ɡ̊-x / ˈʏ-ˈʏ / t_l̥-l / #>-d_#>

-------------------

/ɡ̊ˈʏːlʏr̥/ - /xˈɪɛ̯l/
[1/1] ɡ̊-x / ˈʏː-ˈɪɛ̯ / l-l / ʏ_r̥_#>-#>

-------------------

/ˈanːar̥/ - /ˈɛnɐ/
[1/1] ˈa_nː-ˈɛ / a-n / r̥-ɐ

-------------------

/ˈarmʏr̥/ - /ˈaɐm/
[1/1] ˈa-ˈa / r-ɐ / m-m / ʏ_r̥_#>-#>

-------------------

/ˈaska/ - /ˈaʃkə/
[1/1] ˈa-ˈa / s-ʃ / k-k / a-ə

-------------------

/ˈatl̥ʏr̥/ - /ˈalə/
[1/1] ˈa-ˈa / t_l̥-l / ʏ-ə / r̥_#>-#>

-------------------

/ˈaːpɪ/ - /ˈaːpə/
[1/1] ˈaː-ˈaː / p-p / ɪ-ə

-------------------

/ˈivɪr̥/ - /ˈyːœ̯vɐ/
[1/1] ˈi-ˈyːœ̯ / v-v / ɪ-ɐ / r̥_#>-#>

-------------------

/ˈiːs/ - /ˈiːs/
[1/1] ˈiː-ˈiː / s_#>-s_#>

-------------------

/ˈulvʏr̥/ - /vˈʊlf/
[1/1] <#-v_<# / ˈu-ˈʊ / l-l / v-f / ʏ_r̥_#>-#>

-------------------

/ˈuŋɡ̊ʏr̥/ - /jˈʊŋ/
[1/1] ∅-j / ˈu-ˈʊ / ŋ_ɡ̊-ŋ / ʏ_r̥_#>-#>

-------------------

/ˈuːt/ - /ˈuːt/
[1/1] ˈuː-ˈuː / t-t

-------------------

/ˈœːy̯ɣa/ - /ˈaʊ̯ɣə/
[1/1] ˈœːy̯-ˈaʊ̯ / ɣ-ɣ / a-ə

-------------------

/ˈɑu̯ʰta/ - /ˈaxt/
[1/1] ˈɑu̯-ˈa / ʰt-x_t / a_#>-#>

-------------------

/ˈɑːu̯r̥/ - /jˈɔːɐ/
[1/1] ∅-j / ˈɑːu̯-ˈɔː / r̥-ɐ

-------------------

/ˈɑːu̯tl̥/ - /ˈɔːl/
[1/1] ˈɑːu̯-ˈɔː / t_l̥-l

-------------------

/ˈɔpn̥/ - /ˈuːə̯m/
[1/1] ˈɔ-ˈuːə̯ / p-∅ / n̥-m

-------------------

/ˈɔrmʏr̥/ - /vˈuːə̯m/
[1/1] ˈɔ-v / r-ˈuːə̯ / m-m / ʏ_r̥_#>-#>

-------------------

/ˈɔrð/ - /vˈɔːd/
[1/1] ˈɔ-v / r-ˈɔː / ð-d

-------------------

/ˈɔsː/ - /ˈuːs/
[1/1] <#_ˈɔ-<# / sː-ˈuː / #>-s_#>

-------------------

/ˈɛi̯tn̥/ - /ˈeːn/
[1/1] ˈɛi̯-ˈeː / t_n̥-n

-------------------

/ˈɛtl̥ɛvʏ/ - /ˈɛlvə/
[1/1] ˈɛ-ˈɛ / t_l̥-l / ɛ-∅ / v-v / ʏ-ə

-------------------

/ˈɛɡ̊ː/ - /ˈɛk/
[1/1] ˈɛ-ˈɛ / ɡ̊ː-∅ / #>-k_#>

-------------------

/ˈɛːi̯k/ - /ˈeːkə/
[1/1] ˈɛːi̯-ˈeː / k-k_ə

-------------------

/ˈʏnd̥ɪr̥/ - /ˈʊnɐ/
[1/1] ˈʏ-ˈʊ / n_d̥-n / ɪ-ɐ / r̥_#>-#>

-------------------

/ˈʏnd̥ʏr̥/ - /vˈʊnɐ/
[1/1] ˈʏ-v / n-ˈʊ / d̥-n / ʏ-ɐ / r̥_#>-#>

-------------------

/ˈʏtl̥/ - /vˈʊlə/
[1/1] <#-v_<# / ˈʏ-ˈʊ / t-l / l̥-ə

-------------------

/ˈʏɡ̊la/ - /ˈuːl/
[1/1] ˈʏ-ˈuː / ɡ̊-∅ / l-l / a_#>-#>

-------------------

/ˈʏʰp/ - /ˈʊp/
[1/1] ˈʏ-ˈʊ / ʰp-p

-------------------

/θjˈoːu̯vʏr̥/ - /dˈaɪ̯v/
[1/1] θ-d / j_ˈoːu̯-ˈaɪ̯ / v-v / ʏ_r̥_#>-#>

-------------------

/θrˈiːr̥/ - /drˈaɪ̯/
[1/1] θ-d / r-r / ˈiː-ˈaɪ̯ / r̥_#>-#>

-------------------

/θrˈɛʰtaːu̯n/ - /dˈiɛ̯taɪ̯n/
[1/1] θ-d / r-∅ / ˈɛ-ˈiɛ̯ / ʰt-t / aːu̯-aɪ̯ / n-n

-------------------

/θrˈɪʰca/ - /drˈʏkn̩/
[1/1] θ-d / r-r / ˈɪ-ˈʏ / ʰc-k / a-n

-------------------

/θˈaʰka/ - /dˈaŋkn̩/
[1/1] θ-d / ˈa-ˈa / ʰk-ŋ_k / a-n

-------------------

/θˈiskʏr̥/ - /dˈyːtʃk/
[1/1] θ-d / ∅-ˈyː / ˈi-t / s-ʃ / k-k / ʏ_r̥_#>-#>

-------------------

/θˈiŋɡ̊/ - /dˈɪŋn/
[1/1] θ-d / ˈi-ˈɪ / ŋ_ɡ̊-ŋ / #>-n_#>

-------------------

/θˈuː/ - /dˈuː/
[1/1] θ-d / ˈuː-ˈuː

-------------------

/θˈuːmɪ/ - /dˈʊmn̩/
[1/1] θ-d / ˈuː-ˈʊ / m-m / ɪ-n

-------------------

/θˈuːsʏnd̥/ - /dˈuːzn̩d/
[1/1] θ-d / ˈuː-ˈuː / s-z / ʏ-∅ / n-n / d̥-d

-------------------

/θˈɔr̥stɪ/ - /dˈuːə̯st/
[1/1] θ-d / ˈɔ-ˈuːə̯ / r̥-∅ / s-s / t-t / ɪ-∅

-------------------

/θˈɛːr̥/ - /ˈiɛ̯ɐ/
[1/1] θ-∅ / ˈɛː-ˈiɛ̯ / r̥-ɐ

-------------------

/θˈɪʰkʏr̥/ - /dˈɪk/
[1/1] θ-d / ˈɪ-ˈɪ / ʰk-k / ʏ_r̥_#>-#>

-------------------

