/blˈad/ - /blˈad/
b-b / l-l / ˈa-ˈa / d-d

-------------------

/blˈaʊ̯d/ - /blˈuə̯d/
b-b / l-l / ˈaʊ̯-ˈuə̯ / d-d

-------------------

/blˈaʊ̯m/ - /blˈɔə̯m/
b-b / l-l / ˈaʊ̯-ˈɔə̯ / m-m

-------------------

/brˈaʊ̯d/ - /bʁˈoːd/
b-b / r-ʁ / ˈaʊ̯-ˈoː / d-d

-------------------

/brˈaʊ̯dɐ/ - /bʁˈuə̯dʌ/
b-b / r-ʁ / ˈaʊ̯-ˈuə̯ / d-d / ɐ-ʌ

-------------------

/brˈʏç/ - /bʁˈuɡ/
b-b / r-ʁ / ˈʏ-ˈu / ç-ɡ

-------------------

/bˈaɪ̯n/ - /bˈɔe̯/
b-b / ˈaɪ̯-ˈɔe̯ / n-∅
b-b / ˈaɪ̯_n-ˈɔe̯

-------------------

/bˈaʊ̯m/ - /bˈoːm/
b-b / ˈaʊ̯-ˈoː / m-m

-------------------

/bˈaʊ̯ɡ/ - /bˈuə̯x/
b-b / ˈaʊ̯-ˈuə̯ / ɡ-x

-------------------

/bˈaːx/ - /bˈʌɡ/
b-b / ˈaː-ˈʌ / x-ɡ

-------------------

/bˈeːdɐ/ - /bˈɛsʌ/
b-b / ˈeː-ˈɛ / d-s / ɐ-ʌ

-------------------

/bˈiːdn̩/ - /bˈəi̯sa/
b-b / ˈiː-ˈəi̯ / d-s / n-a

-------------------

/bˈoːɐ/ - /bˈɛːʕ/
b-b / ˈoː-ˈɛː / ɐ-∅ / ∅-ʕ

-------------------

/bˈɔs/ - /bʁˈuʃd/
b-b / ∅-ʁ / ˈɔ-ˈu / s-ʃ / ∅-d
b-b / ∅-ʁ / ˈɔ-ˈu / s-ʃ_d

-------------------

/bˈɪdn̩/ - /bˈɪda/
b-b / ˈɪ-ˈɪ / d-d / n-a

-------------------

/drˈaɪ̯/ - /dʁˈae̯/
d-d / r-ʁ / ˈaɪ̯-ˈae̯

-------------------

/drˈaʊ̯m/ - /dʁˈao̯m/
d-d / r-ʁ / ˈaʊ̯-ˈao̯ / m-m

-------------------

/drˈiːm/ - /dʁˈəi̯ba/
d-d / r-ʁ / ˈiː-ˈəi̯ / m-b_a
d-d / r-ʁ / ˈiː-ˈəi̯ / ∅-b / m-a

-------------------

/drˈɔʏ̯m/ - /dʁˈae̯ma/
d-d / r-ʁ / ˈɔʏ̯-ˈae̯ / m-m / ∅-a

-------------------

/drˈɔʏ̯ç/ - /dʁˈɔɡa/
d-d / r-ʁ / ˈɔʏ̯-ˈɔ / ç-ɡ / ∅-a

-------------------

/drˈɪŋɡn̩/ - /dʁˈɪŋɡa/
d-d / r-ʁ / ˈɪ-ˈɪ / ŋ-ŋ / ɡ-ɡ / n-a

-------------------

/dˈax/ - /dˈaːɡ/
d-d / ˈa-ˈaː / x-ɡ

-------------------

/dˈaŋkn̩/ - /dˈaŋɡa/
d-d / ˈa-ˈa / ŋ-ŋ / k-ɡ / n-a

-------------------

/dˈaɪ̯b/ - /dˈiə̯f/
d-d / ˈaɪ̯-ˈiə̯ / b-f

-------------------

/dˈaɪ̯f/ - /dˈiə̯b/
d-d / ˈaɪ̯-ˈiə̯ / f-b

-------------------

/dˈaɪ̯ɐd/ - /dˈiːʕ/
d-d / ˈaɪ̯-∅ / ɐ-ˈiː / d-ʕ
d-d / ˈaɪ̯_ɐ-ˈiː / d-∅ / ∅-ʕ

-------------------

/dˈaʊ̯d/ - /dˈoːd/
d-d / ˈaʊ̯-ˈoː / d-d

-------------------

/dˈaʊ̯ɐn/ - /dˈɔʕn/
d-d / ˈaʊ̯-∅ / ɐ-ˈɔ / ∅-ʕ / n-n

-------------------

/dˈuː/ - /dˈuː/
d-d / ˈuː-ˈuː

-------------------

/dˈuːzn̩d/ - /dˈao̯sɐd/
d-d / ˈuː-ˈao̯ / z-s / n-ɐ / d-d

-------------------

/dˈyːdʃ/ - /dˈəi̯dʃ/
d-d / ˈyː-ˈəi̯ / d-d / ʃ-ʃ

-------------------

/dˈyːɐ/ - /dˈəi̯ʌ/
d-d / ˈyː-ˈəi̯ / ɐ-ʌ

-------------------

/dˈɔxdɐ/ - /dˈɔxdʌ/
d-d / ˈɔ-ˈɔ / x-x / d-d / ɐ-ʌ

-------------------

/dˈɪɡ/ - /dˈiɡ/
d-d / ˈɪ-ˈi / ɡ-ɡ

-------------------

/dˈʊnɐ/ - /dˈondʌ/
d-d / ˈʊ-ˈo / n-n / ∅-d / ɐ-ʌ

-------------------

/flˈaɪ̯n/ - /flˈiə̯ɡa/
f-f / l-l / ˈaɪ̯-ˈiə̯ / ∅-ɡ / n-a

-------------------

/flˈeɪ̯ʃ/ - /flˈɔe̯ʃ/
f-f / l-l / ˈeɪ̯-ˈɔe̯ / ʃ-ʃ

-------------------

/frˈaɪ̯ɐn/ - /fʁˈiːʁa/
f-f / r-ʁ / ˈaɪ̯-ˈiː / ɐ-∅ / ∅-ʁ / n-a
f-f / r-ʁ / ˈaɪ̯-∅ / ɐ-ˈiː / n-ʁ_a
f-f / r-ʁ / ˈaɪ̯-∅ / ɐ-ˈiː / ∅-ʁ / n-a
f-f / r-ʁ / ˈaɪ̯_ɐ-ˈiː / ∅-ʁ / n-a

-------------------

/frˈuː/ - /fʁˈao̯/
f-f / r-ʁ / ˈuː-ˈao̯

-------------------

/frˈɪʃ/ - /fʁˈiʃ/
f-f / r-ʁ / ˈɪ-ˈi / ʃ-ʃ

-------------------

/frˈʏnd/ - /fʁˈae̯nd/
f-f / r-ʁ / ˈʏ-ˈae̯ / n-n / d-d

-------------------

/fˈaɪ̯ɐ/ - /fˈiʕ/
f-f / ˈaɪ̯-ˈi / ɐ-∅ / ∅-ʕ

-------------------

/fˈaʊ̯d/ - /fˈuə̯s/
f-f / ˈaʊ̯-ˈuə̯ / d-s

-------------------

/fˈiːf/ - /fˈɛmf/
f-f / ˈiː-ˈɛ / ∅-m / f-f

-------------------

/fˈoːdɐ/ - /fˈadʌ/
f-f / ˈoː-ˈa / d-d / ɐ-ʌ

-------------------

/fˈoːɡl̩/ - /fˈoːɡl̩/
f-f / ˈoː-ˈoː / ɡ-ɡ / l-l

-------------------

/fˈyːɐ/ - /fˈəi̯ʌ/
f-f / ˈyː-ˈəi̯ / ɐ-ʌ

-------------------

/fˈɔlɡn̩/ - /fˈolɡa/
f-f / ˈɔ-ˈo / l-l / ɡ-ɡ / n-a

-------------------

/fˈɔs/ - /fˈuks/
f-f / ˈɔ-ˈu / s-k / ∅-s

-------------------

/fˈɔʏ̯d/ - /fˈiə̯s/
f-f / ˈɔʏ̯-ˈiə̯ / d-s

-------------------

/fˈɔʏ̯ln̩/ - /fˈiːla/
f-f / ˈɔʏ̯-ˈiː / l-l / n-a

-------------------

/fˈɛlə/ - /fˈɛːdʌ/
f-f / ˈɛ-ˈɛː / l-∅ / ∅-d / ə-ʌ

-------------------

/fˈɪŋɐ/ - /fˈeŋʌ/
f-f / ˈɪ-ˈe / ŋ-ŋ / ɐ-ʌ

-------------------

/fˈɪʃ/ - /fˈiʃ/
f-f / ˈɪ-ˈi / ʃ-ʃ

-------------------

/fˈʊl/ - /fˈol/
f-f / ˈʊ-ˈo / l-l

-------------------

/hˈad/ - /hˈeʕʦ/
h-h / ˈa-ˈe / d-ʕ_ʦ
h-h / ˈa-ˈe / ∅-ʕ / d-ʦ

-------------------

/hˈand/ - /hˈaːd/
h-h / ˈa-ˈaː / n-∅ / d-d

-------------------

/hˈaʊ̯x/ - /hˈao̯x/
h-h / ˈaʊ̯-ˈao̯ / x-x

-------------------

/hˈaʊ̯ɐn/ - /hˈɔʕn/
h-h / ˈaʊ̯-∅ / ɐ-ˈɔ / ∅-ʕ / n-n

-------------------

/hˈeːn/ - /hˈɛn/
h-h / ˈeː-ˈɛ / n-n

-------------------

/hˈoːs/ - /hˈaːs/
h-h / ˈoː-ˈaː / s-s

-------------------

/hˈoːɐ/ - /hˈɔːʕ/
h-h / ˈoː-ˈɔː / ɐ-∅ / ∅-ʕ
h-h / ˈoː_ɐ-ˈɔː / ∅-ʕ

-------------------

/hˈuːd/ - /hˈao̯d/
h-h / ˈuː-ˈao̯ / d-d

-------------------

/hˈuːs/ - /hˈao̯s/
h-h / ˈuː-ˈao̯ / s-s

-------------------

/hˈɔʏ̯ɐn/ - /hˈeːʁa/
h-h / ˈɔʏ̯-ˈeː / ɐ-∅ / n-ʁ_a
h-h / ˈɔʏ̯-ˈeː / ɐ-∅ / ∅-ʁ / n-a

-------------------

/hˈɛm/ - /hˈan/
h-h / ˈɛ-ˈa / m-n

-------------------

/hˈɪd/ - /hˈɔe̯s/
h-h / ˈɪ-ˈɔe̯ / d-s

-------------------

/hˈɪlɪç/ - /hˈae̯lɪɡ/
h-h / ˈɪ-ˈae̯ / l-l / ɪ-ɪ / ç-ɡ

-------------------

/hˈʊnd/ - /hˈond/
h-h / ˈʊ-ˈo / n-n / d-d

-------------------

/hˈʊŋɐ/ - /hˈoŋʌ/
h-h / ˈʊ-ˈo / ŋ-ŋ / ɐ-ʌ

-------------------

/hˈʏnɪç/ - /hˈoːnɪɡ/
h-h / ˈʏ-ˈoː / n-n / ɪ-ɪ / ç-ɡ

-------------------

/jˈɪt/ - /ɡˈɔe̯s/
∅-ɡ / j-ˈɔe̯ / ˈɪ-∅ / t-s

-------------------

/kʰˈaʊ̯/ - /kʰˈuə̯/
kʰ-kʰ / ˈaʊ̯-ˈuə̯

-------------------

/kʰˈaʊ̯lt/ - /kʰˈald/
kʰ-kʰ / ˈaʊ̯-ˈa / l-l / t-d

-------------------

/kʰˈaːf/ - /kʰˈalb/
kʰ-kʰ / ˈaː-ˈa / ∅-l / f-b

-------------------

/kʰˈaːɡ/ - /kʰˈʌç/
kʰ-kʰ / ˈaː-ˈʌ / ɡ-ç

-------------------

/kʰˈɔb/ - /hˈao̯bd/
kʰ-∅ / ∅-h / ˈɔ-ˈao̯ / b-b / ∅-d

-------------------

/kʰˈɔb/ - /kʰˈɔp͡f/
kʰ-kʰ / ˈɔ-ˈɔ / b-p͡f

-------------------

/kʰˈɔʏ̯nɪç/ - /kʰˈeːniɡ/
kʰ-kʰ / ˈɔʏ̯-ˈeː / n-n / ɪ-i / ç-ɡ

-------------------

/kʰˈɛɪ̯s/ - /kʰˈɛːs/
kʰ-kʰ / ˈɛɪ̯-ˈɛː / s-s

-------------------

/lˈand/ - /lˈand/
l-l / ˈa-ˈa / n-n / d-d

-------------------

/lˈaxn̩/ - /lˈaxa/
l-l / ˈa-ˈa / x-x / n-a

-------------------

/lˈaŋ/ - /lˈaŋ/
l-l / ˈa-ˈa / ŋ-ŋ

-------------------

/lˈaʊ̯bm̩/ - /lˈao̯fa/
l-l / ˈaʊ̯-ˈao̯ / b-f / m-a

-------------------

/lˈuːs/ - /lˈao̯s/
l-l / ˈuː-ˈao̯ / s-s

-------------------

/lˈɪç/ - /lˈiçd/
l-l / ˈɪ-ˈi / ç-ç / ∅-d
l-l / ˈɪ-ˈi / ç-ç_d

-------------------

/lˈɪç/ - /lˈəi̯çd/
l-l / ˈɪ-ˈəi̯ / ç-ç / ∅-d
l-l / ˈɪ-ˈəi̯ / ç-ç_d

-------------------

/mˈan/ - /mˈɔː/
m-m / ˈa-ˈɔː / n-∅

-------------------

/mˈaʊ̯dɐ/ - /mˈudʌ/
m-m / ˈaʊ̯-ˈu / d-d / ɐ-ʌ

-------------------

/mˈiː/ - /mˈi/
m-m / ˈiː-ˈi

-------------------

/mˈoːn/ - /mˈond/
m-m / ˈoː-ˈo / n-n / ∅-d

-------------------

/mˈuːl/ - /mˈao̯l/
m-m / ˈuː-ˈao̯ / l-l

-------------------

/mˈuːs/ - /mˈao̯s/
m-m / ˈuː-ˈao̯ / s-s

-------------------

/mˈyːs/ - /mˈae̯s/
m-m / ˈyː-ˈae̯ / s-s

-------------------

/mˈɛlɡ/ - /mˈilç/
m-m / ˈɛ-ˈi / l-l / ɡ-ç

-------------------

/mˈʏɡ/ - /mˈuɡ/
m-m / ˈʏ-ˈu / ɡ-ɡ

-------------------

/nˈaxd/ - /nˈaxd/
n-n / ˈa-ˈa / x-x / d-d

-------------------

/nˈeːn/ - /nˈae̯n/
n-n / ˈeː-ˈae̯ / n-n

-------------------

/nˈiː/ - /nˈəi̯/
n-n / ˈiː-ˈəi̯

-------------------

/nˈoːdl̩/ - /nˈɔːdl̩/
n-n / ˈoː-ˈɔː / d-d / l-l

-------------------

/nˈoːkt/ - /nˈaɡt/
n-n / ˈoː-ˈa / k-ɡ / t-t

-------------------

/nˈoːm/ - /nˈɔːma/
n-n / ˈoː-ˈɔː / m-m / ∅-a

-------------------

/nˈoːɡl̩/ - /nˈaːɡl̩/
n-n / ˈoː-ˈaː / ɡ-ɡ / l-l

-------------------

/nˈøːs/ - /nˈɔːs/
n-n / ˈøː-ˈɔː / s-s

-------------------

/rˈaʊ̯d/ - /ʁˈoːd/
r-ʁ / ˈaʊ̯-ˈoː / d-d

-------------------

/rˈeɪ̯ŋ/ - /ʁˈeːɡa/
r-ʁ / ˈeɪ̯-ˈeː / ŋ-ɡ / ∅-a
r-ʁ / ˈeɪ̯-ˈeː / ŋ-ɡ_a

-------------------

/rˈiːɡ/ - /ʁˈəi̯ç/
r-ʁ / ˈiː-ˈəi̯ / ɡ-ç

-------------------

/rˈɛçt/ - /ʁˈɛxd/
r-ʁ / ˈɛ-ˈɛ / ç-x / t-d

-------------------

/rˈɪŋ/ - /ʁˈeŋ/
r-ʁ / ˈɪ-ˈe / ŋ-ŋ

-------------------

/slˈaŋ/ - /ʃlˈaŋ/
s-ʃ / l-l / ˈa-ˈa / ŋ-ŋ

-------------------

/slˈoːbm̩/ - /ʃlˈɔːfa/
s-ʃ / l-l / ˈoː-ˈɔː / b-f / m-a
s-ʃ / l-l / ˈoː-ˈɔː / b-f / m-∅ / ∅-a

-------------------

/slˈoːn/ - /ʃlˈaːɡa/
s-ʃ / l-l / ˈoː-ˈaː / ∅-ɡ / n-a

-------------------

/svˈøm/ - /ʃʋˈema/
s-ʃ / v-ʋ / ˈø-ˈe / m-m / ∅-a

-------------------

/sˈiːd/ - /sˈəi̯də/
s-s / ˈiː-ˈəi̯ / d-d / ∅-ə

-------------------

/sˈʏstɐ/ - /ʃʋˈɛʃdʌ/
s-ʃ / ∅-ʋ / ˈʏ-ˈɛ / s-ʃ / t-d / ɐ-ʌ

-------------------

/tʰrˈoːn/ - /dʁˈɛːn/
tʰ-d / r-ʁ / ˈoː-ˈɛː / n-n

-------------------

/tʰvˈaɪ̯/ - /ʦʋˈɔe̯/
tʰ-ʦ / v-ʋ / ˈaɪ̯-ˈɔe̯

-------------------

/tʰvˈœlf/ - /ʦʋˈelf/
tʰ-ʦ / v-ʋ / ˈœ-ˈe / l-l / f-f

-------------------

/tʰvˈɪndi/ - /ʦʋˈanʦɡ/
tʰ-ʦ / v-ʋ / ˈɪ-ˈa / n-n / d-ʦ / i-∅ / ∅-ɡ

-------------------

/tʰˈaɪ̯n/ - /ʦˈeə̯/
tʰ-ʦ / ˈaɪ̯-ˈeə̯ / n-∅

-------------------

/tʰˈeːn/ - /ʦˈaː/
tʰ-ʦ / ˈeː-ˈaː / n-∅

-------------------

/tʰˈiːd/ - /ʦˈəi̯d/
tʰ-ʦ / ˈiː-ˈəi̯ / d-d

-------------------

/tʰˈʊŋ/ - /ʦˈoŋ/
tʰ-ʦ / ˈʊ-ˈo / ŋ-ŋ

-------------------

/vˈad/ - /ʋˈas/
v-ʋ / ˈa-ˈa / d-s

-------------------

/vˈaʊ̯ɐd/ - /ʋˈoʕt/
v-ʋ / ˈaʊ̯-∅ / ɐ-ˈo / ∅-ʕ / d-t

-------------------

/vˈaːm/ - /ʋˈaʕm/
v-ʋ / ˈaː-ˈa / ∅-ʕ / m-m

-------------------

/vˈeːdn̩/ - /ʋˈisa/
v-ʋ / ˈeː-ˈi / d-s / n-a

-------------------

/vˈiːf/ - /ʋˈəi̯b/
v-ʋ / ˈiː-ˈəi̯ / f-b

-------------------

/vˈoːdɐ/ - /ʋˈasʌ/
v-ʋ / ˈoː-ˈa / d-s / ɐ-ʌ

-------------------

/vˈɛlɐ/ - /ʋˈɛdʌ/
v-ʋ / ˈɛ-ˈɛ / l-∅ / ∅-d / ɐ-ʌ

-------------------

/vˈɛç/ - /ʋˈɛːɡ/
v-ʋ / ˈɛ-ˈɛː / ç-ɡ

-------------------

/vˈɪd/ - /ʋˈəi̯s/
v-ʋ / ˈɪ-ˈəi̯ / d-s

-------------------

/vˈɪnd/ - /ʋˈeːd/
v-ʋ / ˈɪ-ˈeː / n-∅ / d-d

-------------------

/vˈʊl/ - /ʋˈole/
v-ʋ / ˈʊ-ˈo / l-l / ∅-e
v-ʋ / ˈʊ-ˈo / l-l_e

-------------------

/vˈʊlf/ - /ʋˈolf/
v-ʋ / ˈʊ-ˈo / l-l / f-f

-------------------

/vˈʏnʃn̩/ - /ʋˈɪnʃa/
v-ʋ / ˈʏ-ˈɪ / n-n / ʃ-ʃ / n-a

-------------------

/zˈand/ - /sˈand/
z-s / ˈa-ˈa / n-n / d-d

-------------------

/zˈaɪ̯n/ - /sˈeːa/
z-s / ˈaɪ̯-ˈeː / n-a

-------------------

/zˈeːl/ - /sˈeːl/
z-s / ˈeː-ˈeː / l-l

-------------------

/zˈøs/ - /sˈeɡs/
z-s / ˈø-ˈe / ∅-ɡ / s-s

-------------------

/zˈøːm/ - /sˈiːba/
z-s / ˈøː-ˈiː / m-b_a
z-s / ˈøː-ˈiː / ∅-b / m-a

-------------------

/zˈøːn/ - /sˈoː/
z-s / ˈøː-ˈoː / n-∅

-------------------

/zˈøːç/ - /sˈao̯/
z-s / ˈøː-ˈao̯ / ç-∅

-------------------

/zˈɔld/ - /sˈalʦ/
z-s / ˈɔ-ˈa / l-l / d-ʦ

-------------------

/zˈɔʏ̯d/ - /sˈiə̯s/
z-s / ˈɔʏ̯-ˈiə̯ / d-s

-------------------

/zˈɛŋ/ - /sˈaːɡa/
z-s / ˈɛ-ˈaː / ŋ-ɡ / ∅-a
z-s / ˈɛ-ˈaː / ŋ-ɡ_a

-------------------

/zˈɪdn̩/ - /sˈiʦa/
z-s / ˈɪ-ˈi / d-ʦ / n-a

-------------------

/zˈɪŋ/ - /sˈɪŋa/
z-s / ˈɪ-ˈɪ / ŋ-ŋ / ∅-a

-------------------

/ɡrˈas/ - /ɡʁˈaːs/
ɡ-ɡ / r-ʁ / ˈa-ˈaː / s-s

-------------------

/ɡrˈaʊ̯d/ - /ɡʁˈoːs/
ɡ-ɡ / r-ʁ / ˈaʊ̯-ˈoː / d-s

-------------------

/ɡrˈɔʏ̯n/ - /ɡʁˈeə̯/
ɡ-ɡ / r-ʁ / ˈɔʏ̯-ˈeə̯ / n-∅

-------------------

/ɡˈas/ - /ɡˈaʃd/
ɡ-ɡ / ˈa-ˈa / s-ʃ / ∅-d
ɡ-ɡ / ˈa-ˈa / s-ʃ_d

-------------------

/ɡˈaʊ̯s/ - /ɡˈaːs/
ɡ-ɡ / ˈaʊ̯-ˈaː / s-s

-------------------

/ɡˈeːl/ - /ɡˈeə̯l/
ɡ-ɡ / ˈeː-ˈeə̯ / l-l

-------------------

/ɡˈeːm/ - /ɡˈɛːba/
ɡ-ɡ / ˈeː-ˈɛː / m-b_a
ɡ-ɡ / ˈeː-ˈɛː / ∅-b / m-a

-------------------

/ɡˈuːd/ - /ɡˈuə̯d/
ɡ-ɡ / ˈuː-ˈuə̯ / d-d

-------------------

/ɡˈɔd/ - /ɡˈɔt/
ɡ-ɡ / ˈɔ-ˈɔ / d-t

-------------------

/ɡˈʊld/ - /ɡˈold/
ɡ-ɡ / ˈʊ-ˈo / l-l / d-d

-------------------

/ʃnˈaɪ̯/ - /ʃnˈeː/
ʃ-ʃ / n-n / ˈaɪ̯-ˈeː

-------------------

/ʃprˈoːɡ/ - /ʃb̥ʁˈɔːx/
ʃ-ʃ / p-b̥ / r-ʁ / ˈoː-ˈɔː / ɡ-x

-------------------

/ʃtˈaɪ̯n/ - /ʃdˈɔe̯/
ʃ-ʃ / t-d / ˈaɪ̯-ˈɔe̯ / n-∅
ʃ-ʃ / t-d / ˈaɪ̯_n-ˈɔe̯

-------------------

/ʃtˈaʊ̯l/ - /ʃdˈuːl/
ʃ-ʃ / t-d / ˈaʊ̯-ˈuː / l-l

-------------------

/ʃtˈɛɪ̯ɐn/ - /ʃdˈɛʕn/
ʃ-ʃ / t-d / ˈɛɪ̯-ˈɛ / ɐ-∅ / ∅-ʕ / n-n

-------------------

/ʃvˈad/ - /ʃʋˈaʕʦ/
ʃ-ʃ / v-ʋ / ˈa-ˈa / d-ʕ_ʦ
ʃ-ʃ / v-ʋ / ˈa-ˈa / ∅-ʕ / d-ʦ

-------------------

/ʃvˈeːɐd/ - /ʃʋˈɛʕd/
ʃ-ʃ / v-ʋ / ˈeː-ˈɛ / ɐ-∅ / ∅-ʕ / d-d

-------------------

/ʃˈaːb/ - /ʃˈaʕf/
ʃ-ʃ / ˈaː-ˈa / ∅-ʕ / b-f
ʃ-ʃ / ˈaː-ˈa_ʕ / b-f

-------------------

/ʃˈiːd/ - /ʃˈəi̯s/
ʃ-ʃ / ˈiː-ˈəi̯ / d-s

-------------------

/ʃˈoːb/ - /ʃˈoːf/
ʃ-ʃ / ˈoː-ˈoː / b-f

-------------------

/ʃˈɔʏ̯n/ - /ʃˈeː/
ʃ-ʃ / ˈɔʏ̯-ˈeː / n-∅

-------------------

/ʃˈɪb/ - /ʃˈif/
ʃ-ʃ / ˈɪ-ˈi / b-f

-------------------

/ʒˈoːɐ/ - /jˈɔːʕ/
ʒ-j / ˈoː-ˈɔː / ɐ-∅ / ∅-ʕ
ʒ-j / ˈoː_ɐ-ˈɔː / ∅-ʕ

-------------------

/ʒˈʊŋ/ - /jˈoŋ/
ʒ-j / ˈʊ-ˈo / ŋ-ŋ

-------------------

/ˈabl̩/ - /ˈab̥͡fl̩/
ˈa-ˈa / b-b̥͡f / l-l

-------------------

/ˈal/ - /ˈɛle/
ˈa-ˈɛ / l-l / ∅-e

-------------------

/ˈanɐ/ - /ˈandʌ/
ˈa-ˈa / n-n / ∅-d / ɐ-ʌ

-------------------

/ˈaxd/ - /ˈaxd/
ˈa-ˈa / x-x / d-d

-------------------

/ˈaɪ̯/ - /ˈɔe̯/
ˈaɪ̯-ˈɔe̯

-------------------

/ˈaɪ̯ɡ/ - /ˈɔe̯ç/
ˈaɪ̯-ˈɔe̯ / ɡ-ç

-------------------

/ˈaʃ/ - /ˈɛʃ/
ˈa-ˈɛ / ʃ-ʃ

-------------------

/ˈaʊ̯ld/ - /ˈald/
ˈaʊ̯-ˈa / l-l / d-d

-------------------

/ˈaʊ̯x/ - /ˈao̯ɡ/
ˈaʊ̯-ˈao̯ / x-ɡ

-------------------

/ˈaʊ̯ɐ/ - /ˈoːʕ/
ˈaʊ̯-ˈoː / ɐ-∅ / ∅-ʕ

-------------------

/ˈaːm/ - /ˈaʕm/
ˈaː-ˈa / ∅-ʕ / m-m
ˈaː-ˈa_ʕ / m-m

-------------------

/ˈeːdn̩/ - /ˈɛsa/
ˈeː-ˈɛ / d-s / n-a

-------------------

/ˈiːf/ - /ˈim/
ˈiː-ˈi / f-m

-------------------

/ˈiːs/ - /ˈəi̯s/
ˈiː-ˈəi̯ / s-s

-------------------

/ˈoːm/ - /ˈoːfa/
ˈoː-ˈoː / ∅-f / m-a

-------------------

/ˈoːp/ - /ˈaf/
ˈoː-ˈa / p-f

-------------------

/ˈuːd/ - /ˈao̯s/
ˈuː-ˈao̯ / d-s

-------------------

/ˈuːl/ - /ˈae̯l/
ˈuː-ˈae̯ / l-l

-------------------

/ˈøːvɐ/ - /ˈibʌ/
ˈøː-ˈi / v-b / ɐ-ʌ

-------------------

/ˈœːlm/ - /ˈɛlf/
ˈœː-ˈɛ / l-l / m-f
ˈœː-ˈɛ / l-l / m-∅ / ∅-f

-------------------

/ˈɛɡ/ - /ˈɛɡ/
ˈɛ-ˈɛ / ɡ-ɡ

-------------------

/ˈɛɪ̯n/ - /ˈɔe̯s/
ˈɛɪ̯-ˈɔe̯ / n-∅ / ∅-s

-------------------

/ˈɪn/ - /ˈen/
ˈɪ-ˈe / n-n

-------------------

/ˈɪɡ/ - /ˈi/
ˈɪ-ˈi / ɡ-∅

-------------------

/ˈʊns/ - /ˈons/
ˈʊ-ˈo / n-n / s-s

-------------------

