Same meaning pairs: 285
****SAMPLE 1****
Iteration 1
	Qualified: 220
	Disqualified: 236
	Added: 0
	Removed: 8
		savei /savˈej/ - sapiri /sˈapɪɾɪ/
		piccin /piʧˈiŋ/ - nicu /nˈikʊ/
		viâtri /vjˈaːtri/ - vui /vˈuj/
		sciùmme /ʃˈyme/ - rìu /rˈiʊ/
		péi /pˈej/ - capiddu /kapˈiɖɖʊ/
		che /kˈe/ - chi /ci/
		ombrisallo /uŋbrisˈalu/ - viḍḍicu /viɖɖˈikʊ/
		lê /lˈeː/ - iddu /ˈiɖɖʊ/

Iteration 2
	Qualified: 220
	Disqualified: 236
	Added: 0
	Removed: 0

Final qualifying:
		amê /amˈeː/ - meli /mˈɛlɪ/
		anéllo /anˈelu/ - aneddu /anˈɛɖɖʊ/
		aɡóɡɡia /aɡˈuʤa/ - aɡuɡɡhia /aɡˈuɟɟa/
		aɡɡiuttâ /aʤutˈaː/ - ajutari /ajutˈaɾɪ/
		bàsso /bˈasu/ - basciu /bˈaʃʃʊ/
		béive /bˈejve/ - bìviri /bˈivɪɾɪ/
		boin /bˈujŋ/ - boni /bˈɔnɪ/
		bocca /bˈuka/ - bucca /bˈukka/
		bun /bˈuŋ/ - bonu /bˈɔnʊ/
		boña /bˈuŋa/ - bona /bˈɔna/
		boñe /bˈuŋe/ - boni /bˈɔnɪ/
		bèlla /bˈɛla/ - bedda /bˈɛɖɖa/
		bèllo /bˈɛlu/ - beddu /bˈɛɖɖʊ/
		dâ /dˈaː/ - dari /dˈarɪ/
		dîo /dˈiːu/ - jitu /jˈitʊ/
		dozze /dˈuze/ - dùdici /dˈuɾɪɕɪ/
		dón /dˈuŋ/ - donu /dˈonʊ/
		doe /dˈuːe/ - dui /dˈuɪ/
		dôçe /dˈuːse/ - duci /dˈuɕɪ/
		dònna /dˈɔna/ - donna /dˈɔnna/
		estæ /estˈɛː/ - astati /astˈatɪ/
		fiɡæto /fiɡˈɛːtu/ - fìcatu /fˈikatʊ/
		freido /frˈejdu/ - friddu /fɾˈiddʊ/
		fruto /frˈyːtu/ - fruttu /frˈuttʊ/
		fàmme /fˈame/ - fami /fˈamɪ/
		fâ /fˈaː/ - fari /fˈaɾɪ/
		fâso /fˈaːso/ - farsu /fˈarsʊ/
		fâso /fˈaːso/ - fausu /fˈawsʊ/
		fémmina /fˈemina/ - fìmmina /fˈimmɪna/
		fin /fˈiŋ/ - fini /fˈinɪ/
		fìɡɡia /fˈiʤa/ - fiɡɡhia /fˈiɟɟa/
		fìɡɡio /fˈiʤu/ - fiɡɡhiu /fˈiɟɟʊ/
		fumme /fˈyme/ - fumu /fˈumʊ/
		fêuɡo /fˈøːɡu/ - focu /fˈɔkʊ/
		fòrsa /fˈɔːrsa/ - forza /fˈɔɾʦa/
		fòrte /fˈɔːrte/ - forte /fˈɔrtɪ/
		fèsta /fˈɛsta/ - festa /fˈɛsta/
		fæña /fˈɛŋa/ - farina /faɾˈina/
		færo /fˈɛːru/ - ferro /fˈɛʐʐʊ/
		inverno /iŋvˈɛːrnu/ - mmernu /mmˈɛɾnʊ/
		inverno /iŋvˈɛːrnu/ - nvèrnu /nvˈɛɾnʊ/
		cadeña /kadˈeŋa/ - catina /katˈina/
		castéllo /kastˈelu/ - casteddu /kastˈɛɖɖʊ/
		cavallo /kavˈalu/ - cavaddu /kavˈaɖɖʊ/
		cavéllo /kavˈelu/ - capiddu /kapˈiɖɖʊ/
		cavéllo /kavˈelu/ - pilu /pˈilʊ/
		canɡiâ /kaŋʤˈaː/ - canɡiari /kanʤˈaɾɪ/
		crava /krˈaːva/ - crapa /kɾˈapa/
		credde /krˈede/ - cridiri /kɾˈiɾɪɾɪ/
		crôxe /krˈuːʒe/ - cruci /kɾˈuɕɪ/
		conosce /kunˈuʃe/ - cunùsciri /kunˈuʃʃɪrɪ/
		quattro /kwˈatru/ - quattru /kwˈaʈʈɽʊ/
		quâɡia /kwˈaːʤa/ - quaɡɡhia /kwˈaɟɟa/
		can /kˈaŋ/ - cani /kˈanɪ/
		canto /kˈaŋtu/ - cantu /kˈantʊ/
		câdo /kˈaːdu/ - càvuru /kˈavʊɾʊ/
		câdo /kˈaːdu/ - càudu /kˈawdʊ/
		carne /kˈaːrne/ - carni /kˈaɾnɪ/
		câo /kˈaːu/ - caru /kˈaɾʊ/
		chi /kˈi/ - cui /kˈuɪ/
		côa /kˈuːa/ - cuda /kˈuɾa/
		cû /kˈyː/ - culu /kˈulʊ/
		còllo /kˈɔlu/ - coddu /kˈɔɖɖʊ/
		còrpo /kˈɔːrpu/ - corpu /kˈɔɾpʊ/
		levâ /levˈaː/ - livari /livˈarɪ/
		lion /ljˈuŋ/ - liuni /liˈunɪ/
		laña /lˈaŋa/ - lana /lˈana/
		laɡrima /lˈaɡrima/ - làcrima /lˈakɾɪma/
		letto /lˈeto/ - lettu /lˈɛttʊ/
		lénɡoa /lˈeŋɡwa/ - linɡua /lˈiŋɡwa/
		léɡno /lˈeɲu/ - liɡna /lˈiɲɲa/
		léɡno /lˈeɲu/ - liɡnu /lˈiɲɲʊ/
		lêvre /lˈeːvre/ - lepru /lˈɛpɾʊ/
		lêze /lˈeːze/ - lèjiri /lˈɛjɪrɪ/
		libero /lˈiberu/ - lìbbiru /lˈibbɪɾʊ/
		lô /lˈuː/ - lupu /lˈupʊ/
		luña /lˈyŋa/ - luna /lˈuna/
		lûxe /lˈyːʒe/ - lumi /lˈumɪ/
		lûxe /lˈyːʒe/ - luci /lˈuɕɪ/
		lòtta /lˈɔta/ - lutta /lˈutta/
		meitæ /mejtˈɛː/ - mità /mitˈa/
		muî /mwˈiː/ - mòriri /mˈɔrɪrɪ/
		moæ /mwˈɛː/ - matri /mˈaʈɽɪ/
		man /mˈaŋ/ - manu /mˈanʊ/
		mâ /mˈaː/ - mari /mˈaɾɪ/
		mêzo /mˈeːzu/ - mezzu /mˈɛʦʦʊ/
		mêɡio /mˈeːʤu/ - miɡɡhiuri /miɟɟˈuɾɪ/
		mêɡio /mˈeːʤu/ - meɡɡhiu /mˈɛɟɟʊ/
		mi /mˈi/ - mi /mˈi/
		mille /mˈile/ - milli /mˈillɪ/
		mósca /mˈuska/ - musca /mˈuska/
		méuio /mˈøju/ - maturu /matˈurʊ/
		mòrde /mˈɔrde/ - muzzicari /muʦʦikˈaɾɪ/
		noî /nwˈiː/ - nui /nˈuj/
		nàsce /nˈaʃe/ - nàsciri /nˈaʃʃɪɾɪ/
		naso /nˈaːzu/ - nasu /nˈazʊ/
		néiɡro /nˈejɡru/ - nìuru /nˈiwɾʊ/
		nêɡia /nˈeːʤa/ - neɡɡhia /nˈeɟɟa/
		nomme /nˈume/ - nomi /nˈomɪ/
		nôxe /nˈuːʒe/ - nuci /nˈuɕɪ/
		nûvia /nˈyːvja/ - nuvula /nˈuvʊla/
		néutte /nˈøte/ - notti /nˈɔttɪ/
		nêuve /nˈøːve/ - novi /nˈɔvɪ/
		nêuvo /nˈøːvu/ - novu /nˈɔvʊ/
		nòstro /nˈɔstru/ - nostru /nˈɔʃʃɽʊ/
		palàçio /palˈasjo/ - palazzu /palˈaʦʦʊ/
		piɡhéuɡɡio /piɡˈøʤu/ - pirocchiu /piɾˈɔccʊ/
		prêxo /prˈeːʒu/ - prezzu /pɾˈɛʦʦʊ/
		prîa /prˈiːa/ - petra /pˈɛʈɽa/
		poéi /pwˈej/ - putiri /putˈirɪ/
		pàn /pˈaŋ/ - pani /pˈanɪ/
		pança /pˈaŋsa/ - panza /pˈanʦa/
		pâxe /pˈaːʒe/ - paci /pˈaɕɪ/
		péi /pˈej/ - pilu /pˈilʊ/
		pelle /pˈele/ - peddi /pˈɛɖɖɪ/
		peña /pˈeŋa/ - pena /pˈena/
		péscio /pˈeʃu/ - pisci /pˈiʃʃɪ/
		pena /pˈeːna/ - pinna /pˈinna/
		pena /pˈeːna/ - pinna /pˈinna/
		pêɡoa /pˈeːɡwa/ - pècura /pˈɛkʊra/
		pin /pˈiŋ/ - chinu /cˈinʊ/
		pósso /pˈusu/ - puzzo /pˈuʦʦʊ/
		poñe /pˈuŋe/ - pùniri /pˈunɪɾɪ/
		pónte /pˈuŋte/ - ponti /pˈontɪ/
		pónto /pˈuŋtu/ - puntu /pˈuntʊ/
		pùɡno /pˈyɲu/ - puɡnu /pˈuɲɲʊ/
		pêuzo /pˈøːzu/ - poju /pˈɔjʊ/
		pöco /pˈɔːku/ - pocu /pˈɔkʊ/
		pòrco /pˈɔːrku/ - porcu /pˈɔrkʊ/
		pèrseɡa /pˈɛːrseɡa/ - pèrsica /pˈɛrsɪka/
		pèrseɡo /pˈɛːrseɡu/ - pèrsica /pˈɛrsɪka/
		raxón /raʒˈuŋ/ - raɡiuni /ʐaʤˈunɪ/
		riondo /rjˈuŋdu/ - tunnu /tˈunnʊ/
		rosso /rˈussu/ - russu /ʐˈussʊ/
		re /rˈɛ/ - reji /ʐˈejɪ/
		ræña /rˈɛŋa/ - riɡɡina /riʤʤˈina/
		salûte /salˈyːte/ - saluti /salˈutɪ/
		çittæ /sitˈɛː/ - cità /ɕitˈa/
		çinquanta /siŋkwˈaŋta/ - cinquanta /ɕiŋkwˈanta/
		scrîve /skrˈiːve/ - scrìviri /skɾˈiviɾɪ/
		Spàɡna /spˈaɲa/ - Spaɡna /ʃpˈaɲɲa/
		spâ /spˈaː/ - spata /ʃpˈata/
		spiña /spˈiŋa/ - spina /ʃpˈina/
		spîɡa /spˈiːɡa/ - spica /ʃpˈika/
		sàn /sˈaŋ/ - sanu /sˈanʊ/
		saña /sˈaŋa/ - sana /sˈana/
		sànto /sˈaŋtu/ - santu /sˈantʊ/
		sànɡoe /sˈaŋɡwe/ - sanɡu /sˈaŋɡʊ/
		sâ /sˈaː/ - sali /sˈalɪ/
		sâio /sˈaːju/ - sàviu /sˈavjʊ/
		sàrsa /sˈaːrsa/ - sarsa /sˈarsa/
		sàrsa /sˈaːrsa/ - sausa /sˈawsa/
		sâvio /sˈaːvju/ - sàviu /sˈavjʊ/
		çéia /sˈeja/ - cira /ɕˈiɾa/
		sécca /sˈeka/ - sicca /sˈikka/
		sécco /sˈeku/ - siccu /sˈikkʊ/
		çenie /sˈenje/ - cìnniri /ɕˈinnɪɾɪ/
		sêi /sˈeːj/ - sei /sˈɛj/
		çêxa /sˈeːʒa/ - cirasa /ɕiɾˈaza/
		çimma /sˈima/ - cima /ɕˈima/
		çìnque /sˈiŋkwe/ - cincu /ɕˈiŋkʊ/
		sorve /sˈuːrve/ - supra /sˈupra/
		sorvia /sˈuːrvja/ - supra /sˈupra/
		sette /sˈɛte/ - setti /sˈɛttɪ/
		sæa /sˈɛːa/ - sita /sˈita/
		trei /trˈej/ - tri /ʈɽˈi/
		tésta /tˈesta/ - testa /tˈɛʃta/
		tùtto /tˈytu/ - tuttu /tˈuttʊ/
		tæra /tˈɛːra/ - terra /tˈɛʐʐa/
		verɡheuɡna /verɡˈøɲa/ - viriɡoɡna /viɾiɡˈɔɲɲa/
		veɡnî /veɲˈiː/ - vèniri /vˈɛnɪɾɪ/
		vexin /veʒˈiŋ/ - vicinu /viɕˈinʊ/
		villan /vilˈaŋ/ - viḍḍanu /viɖɖˈanʊ/
		voî /vwˈiː/ - vui /vˈuj/
		vacca /vˈaka/ - vacca /vˈakka/
		vénto /vˈeŋtu/ - ventu /vˈɛntʊ/
		vêɡio /vˈeːʤu/ - vecchiu /vˈɛccʊ/
		vìlla /vˈila/ - viḍḍa /vˈiɖɖa/
		vin /vˈiŋ/ - vinu /vˈinʊ/
		vinti /vˈiŋti/ - vinti /vˈintɪ/
		vîa /vˈiːa/ - via /vˈia/
		vôxe /vˈuːʒe/ - vuci /vˈuɕɪ/
		vèrde /vˈɛːrde/ - virdi /vˈiɾdɪ/
		zenoɡɡio /zenˈuʤu/ - dinocchiu /dinˈɔccʊ/
		zenoɡɡio /zenˈuʤu/ - jinocchiu /jɪnˈɔccʊ/
		zenoɡɡio /zenˈuʤu/ - ɡinocchiu /ʤinˈɔccʊ/
		zeâ /zjˈaː/ - jilari /jilˈarɪ/
		zoêno /zwˈeːnu/ - ɡiùvini /ʤˈuvɪnɪ/
		zéneo /zˈenju/ - jènniru /jˈɛnnɪɾʊ/
		zuɡno /zˈyɲu/ - ɡiuɡnu /ʤˈuɲɲʊ/
		zêuɡo /zˈøːɡu/ - jocu /jˈɔkʊ/
		ödô /ɔːdˈuː/ - oluri /olˈuɾɪ/
		ötunno /ɔːtˈynu/ - autunnu /awtˈunnʊ/
		ɡran /ɡrˈaŋ/ - ɡranu /ɡrˈanʊ/
		ɡatto /ɡˈatu/ - ɡattu /ɡˈattʊ/
		ɡôa /ɡˈuːa/ - ɡula /ɡˈula/
		sciàmma /ʃˈama/ - ciamma /çˈamma/
		sciô /ʃˈuː/ - ciuri /çˈuɾɪ/
		sciùmme /ʃˈyme/ - ciumi /çˈumɪ/
		xoâ /ʒwˈaː/ - vulari /vulˈarɪ/
		ɡianco /ʤˈaŋku/ - jancu /jˈaŋkʊ/
		ɡiorno /ʤˈurnu/ - jornu /jˈɔɾnʊ/
		ciùmma /ʧˈyma/ - pinna /pˈinna/
		ciùmma /ʧˈyma/ - pinna /pˈinna/
		anno /ˈanu/ - anno /ˈannʊ/
		arba /ˈaːrba/ - alba /ˈalba/
		âtro /ˈaːtru/ - àutru /ˈawʈɽʊ/
		ónɡia /ˈuŋʤa/ - uɡna /ˈuɲɲa/
		órso /ˈuːrsu/ - ursu /ˈuɾsʊ/
		éutto /ˈøtu/ - ottu /ˈɔttʊ/
		éuɡɡi /ˈøʤi/ - occhi /ˈɔccɪ/
		éuɡɡio /ˈøʤu/ - occhiu /ˈɔccʊ/
		euvia /ˈøːvja/ - òpira /ˈɔpɪɾa/
		êuvo /ˈøːvu/ - ovu /ˈɔvʊ/
		òsso /ˈɔsu/ - osso /ˈɔssʊ/
		öca /ˈɔːka/ - oca /ˈɔka/
		öo /ˈɔːu/ - auru /ˈawrʊ/
		öo /ˈɔːu/ - oro /ˈɔrʊ/
		èrbo /ˈɛːrbu/ - àrbiru /ˈaɾbɪɾʊ/
		æɡoa /ˈɛːɡwa/ - acqua /ˈakkwa/

Final disqualified:
		che /kˈe/ - chi /ci/
		lê /lˈeː/ - iddu /ˈiɖɖʊ/
		piccin /piʧˈiŋ/ - nicu /nˈikʊ/
		péi /pˈej/ - capiddu /kapˈiɖɖʊ/
		savei /savˈej/ - sapiri /sˈapɪɾɪ/
		ombrisallo /uŋbrisˈalu/ - viḍḍicu /viɖɖˈikʊ/
		viâtri /vjˈaːtri/ - vui /vˈuj/
		sciùmme /ʃˈyme/ - rìu /rˈiʊ/


-------------------

****SAMPLE 2****
Iteration 1
	Qualified: 219
	Disqualified: 237
	Added: 0
	Removed: 9
		dîo /dˈiːu/ - jìditu /jˈiɾitʊ/
		savei /savˈej/ - sapiri /sˈapɪɾɪ/
		piccin /piʧˈiŋ/ - nicu /nˈikʊ/
		sciùmme /ʃˈyme/ - rìu /rˈiʊ/
		péi /pˈej/ - capiddu /kapˈiɖɖʊ/
		che /kˈe/ - chi /ci/
		lê /lˈeː/ - idda /ˈiɖɖa/
		lê /lˈeː/ - iddu /ˈiɖɖʊ/
		dîo /dˈiːu/ - jitu /jˈitʊ/

Iteration 2
	Qualified: 219
	Disqualified: 237
	Added: 1
		savei /savˈej/ - sapiri /sˈapɪɾɪ/
	Removed: 1
		ombrisallo /uŋbrisˈalu/ - viḍḍicu /viɖɖˈikʊ/

Iteration 3
	Qualified: 219
	Disqualified: 237
	Added: 1
		dîo /dˈiːu/ - jitu /jˈitʊ/
	Removed: 1
		savei /savˈej/ - sapiri /sˈapɪɾɪ/

Iteration 4
	Qualified: 221
	Disqualified: 235
	Added: 2
		péi /pˈej/ - capiddu /kapˈiɖɖʊ/
		savei /savˈej/ - sapiri /sˈapɪɾɪ/
	Removed: 0

Iteration 5
	Qualified: 220
	Disqualified: 236
	Added: 0
	Removed: 1
		péi /pˈej/ - capiddu /kapˈiɖɖʊ/

Iteration 6
	Qualified: 222
	Disqualified: 234
	Added: 2
		ombrisallo /uŋbrisˈalu/ - viḍḍicu /viɖɖˈikʊ/
		péi /pˈej/ - capiddu /kapˈiɖɖʊ/
	Removed: 0

Iteration 7
	Qualified: 222
	Disqualified: 234
	Added: 0
	Removed: 0

Final qualifying:
		amê /amˈeː/ - meli /mˈɛlɪ/
		anéllo /anˈelu/ - aneddu /anˈɛɖɖʊ/
		aɡóɡɡia /aɡˈuʤa/ - aɡuɡɡhia /aɡˈuɟɟa/
		aɡɡiuttâ /aʤutˈaː/ - ajutari /ajutˈaɾɪ/
		bàsso /bˈasu/ - basciu /bˈaʃʃʊ/
		béive /bˈejve/ - bìviri /bˈivɪɾɪ/
		ben /bˈeŋ/ - beni /bˈɛnɪ/
		boin /bˈujŋ/ - boni /bˈɔnɪ/
		bocca /bˈuka/ - bucca /bˈukka/
		bun /bˈuŋ/ - bonu /bˈɔnʊ/
		boña /bˈuŋa/ - bona /bˈɔna/
		boñe /bˈuŋe/ - boni /bˈɔnɪ/
		beu /bˈøː/ - voi /vˈɔɪ/
		bèlla /bˈɛla/ - bedda /bˈɛɖɖa/
		bèllo /bˈɛlu/ - beddu /bˈɛɖɖʊ/
		dâ /dˈaː/ - dari /dˈarɪ/
		dénte /dˈeŋte/ - denti /dˈɛntɪ/
		dêxe /dˈeːʒe/ - deci /dˈɛɕɪ/
		dîo /dˈiːu/ - jitu /jˈitʊ/
		dozze /dˈuze/ - dùdici /dˈuɾɪɕɪ/
		dón /dˈuŋ/ - donu /dˈonʊ/
		freido /frˈejdu/ - friddu /fɾˈiddʊ/
		fruto /frˈyːtu/ - fruttu /frˈuttʊ/
		foæ /fwˈɛː/ - fata /fˈata/
		fâ /fˈaː/ - fari /fˈaɾɪ/
		fâso /fˈaːso/ - farsu /fˈarsʊ/
		fâso /fˈaːso/ - fausu /fˈawsʊ/
		fémmina /fˈemina/ - fìmmina /fˈimmɪna/
		fî /fˈiː/ - filu /fˈilʊ/
		fumme /fˈyme/ - fumu /fˈumʊ/
		féuɡɡia /fˈøʤa/ - foɡɡhia /fˈɔɟɟa/
		fêuɡo /fˈøːɡu/ - focu /fˈɔkʊ/
		fòrsa /fˈɔːrsa/ - forza /fˈɔɾʦa/
		fòrte /fˈɔːrte/ - forte /fˈɔrtɪ/
		fèsta /fˈɛsta/ - festa /fˈɛsta/
		færo /fˈɛːru/ - ferro /fˈɛʐʐʊ/
		inverno /iŋvˈɛːrnu/ - mmernu /mmˈɛɾnʊ/
		inverno /iŋvˈɛːrnu/ - nvèrnu /nvˈɛɾnʊ/
		castéllo /kastˈelu/ - casteddu /kastˈɛɖɖʊ/
		cavallo /kavˈalu/ - cavaddu /kavˈaɖɖʊ/
		cavéllo /kavˈelu/ - pilu /pˈilʊ/
		credde /krˈede/ - cridiri /kɾˈiɾɪɾɪ/
		crôxe /krˈuːʒe/ - cruci /kɾˈuɕɪ/
		conosce /kunˈuʃe/ - cunùsciri /kunˈuʃʃɪrɪ/
		quâɡia /kwˈaːʤa/ - quaɡɡhia /kwˈaɟɟa/
		can /kˈaŋ/ - cani /kˈanɪ/
		canto /kˈaŋtu/ - cantu /kˈantʊ/
		câdo /kˈaːdu/ - càudu /kˈawdʊ/
		carne /kˈaːrne/ - carni /kˈaɾnɪ/
		câo /kˈaːu/ - caru /kˈaɾʊ/
		chi /kˈi/ - cui /kˈuɪ/
		côa /kˈuːa/ - cuda /kˈuɾa/
		corpo /kˈuːrpu/ - corpu /kˈoɾpʊ/
		cheu /kˈøː/ - cori /kˈɔɾɪ/
		còllo /kˈɔlu/ - coddu /kˈɔɖɖʊ/
		lion /ljˈuŋ/ - liuni /liˈunɪ/
		laɡrima /lˈaɡrima/ - làcrima /lˈakɾɪma/
		lâɡo /lˈaːɡu/ - lacu /lˈakʊ/
		léttia /lˈetja/ - littira /lˈittɪɾa/
		lézze /lˈeze/ - liɡɡe /lˈiʤʤɪ/
		lénɡoa /lˈeŋɡwa/ - linɡua /lˈiŋɡwa/
		léɡno /lˈeɲu/ - liɡnu /lˈiɲɲʊ/
		lêvre /lˈeːvre/ - lepru /lˈɛpɾʊ/
		lêze /lˈeːze/ - lèjiri /lˈɛjɪrɪ/
		libero /lˈiberu/ - lìbbiru /lˈibbɪɾʊ/
		lonɡo /lˈuŋɡu/ - lonɡu /lˈoŋɡʊ/
		lô /lˈuː/ - lupu /lˈupʊ/
		luña /lˈyŋa/ - luna /lˈuna/
		lûxe /lˈyːʒe/ - lumi /lˈumɪ/
		lûxe /lˈyːʒe/ - luci /lˈuɕɪ/
		lêuɡo /lˈøːɡu/ - locu /lˈɔkʊ/
		lòtta /lˈɔta/ - lutta /lˈutta/
		læte /lˈɛːte/ - latti /lˈattɪ/
		muî /mwˈiː/ - mòriri /mˈɔrɪrɪ/
		man /mˈaŋ/ - manu /mˈanʊ/
		mêzo /mˈeːzu/ - mezzu /mˈɛʦʦʊ/
		mêɡio /mˈeːʤu/ - miɡɡhiuri /miɟɟˈuɾɪ/
		mille /mˈile/ - milli /mˈillɪ/
		méuio /mˈøju/ - maturu /matˈurʊ/
		mòrte /mˈɔːrte/ - morti /mˈɔɾtɪ/
		nisciun /niʃˈyŋ/ - nisciunu /niʃʃˈunʊ/
		niâtri /njˈaːtri/ - nui /nˈuj/
		nuâ /nɥˈaː/ - natari /natˈarɪ/
		nàsce /nˈaʃe/ - nàsciri /nˈaʃʃɪɾɪ/
		naso /nˈaːzu/ - nasu /nˈazʊ/
		neive /nˈejve/ - nivi /nˈivɪ/
		néiɡro /nˈejɡru/ - nìuru /nˈiwɾʊ/
		nomme /nˈume/ - nomi /nˈomɪ/
		nôxe /nˈuːʒe/ - nuci /nˈuɕɪ/
		nûvia /nˈyːvja/ - nuvula /nˈuvʊla/
		néutte /nˈøte/ - notti /nˈɔttɪ/
		nêuve /nˈøːve/ - novi /nˈɔvɪ/
		nêuvo /nˈøːvu/ - novu /nˈɔvʊ/
		nòstro /nˈɔstru/ - nostru /nˈɔʃʃɽʊ/
		palàçio /palˈasjo/ - palazzu /palˈaʦʦʊ/
		piɡhéuɡɡio /piɡˈøʤu/ - pirocchiu /piɾˈɔccʊ/
		prêxo /prˈeːʒu/ - prezzu /pɾˈɛʦʦʊ/
		prîa /prˈiːa/ - petra /pˈɛʈɽa/
		poéi /pwˈej/ - putiri /putˈirɪ/
		poæ /pwˈɛː/ - patri /pˈaʈɽɪ/
		pança /pˈaŋsa/ - panza /pˈanʦa/
		pâxe /pˈaːʒe/ - paci /pˈaɕɪ/
		péi /pˈej/ - capiddu /kapˈiɖɖʊ/
		péi /pˈej/ - pilu /pˈilʊ/
		pelle /pˈele/ - peddi /pˈɛɖɖɪ/
		peña /pˈeŋa/ - pena /pˈena/
		péscio /pˈeʃu/ - pisci /pˈiʃʃɪ/
		pê /pˈeː/ - pedi /pˈɛɾɪ/
		pena /pˈeːna/ - pinna /pˈinna/
		pena /pˈeːna/ - pinna /pˈinna/
		péto /pˈeːtu/ - pettu /pˈɛttʊ/
		pêɡoa /pˈeːɡwa/ - pècura /pˈɛkʊra/
		pin /pˈiŋ/ - chinu /cˈinʊ/
		poñe /pˈuŋe/ - pùniri /pˈunɪɾɪ/
		pùɡno /pˈyɲu/ - puɡnu /pˈuɲɲʊ/
		pêuzo /pˈøːzu/ - poju /pˈɔjʊ/
		pòula /pˈɔwla/ - paràula /paɾˈawla/
		pèrseɡa /pˈɛːrseɡa/ - pèrsica /pˈɛrsɪka/
		pèrseɡo /pˈɛːrseɡu/ - pèrsica /pˈɛrsɪka/
		raxón /raʒˈuŋ/ - raɡiuni /ʐaʤˈunɪ/
		roman /rumˈaŋ/ - romanu /romˈanʊ/
		rosso /rˈussu/ - russu /ʐˈussʊ/
		re /rˈɛ/ - re /ʐˈe/
		re /rˈɛ/ - reji /ʐˈejɪ/
		ræña /rˈɛŋa/ - riɡɡina /riʤʤˈina/
		salûte /salˈyːte/ - saluti /salˈutɪ/
		savei /savˈej/ - sapiri /sˈapɪɾɪ/
		çittæ /sitˈɛː/ - cità /ɕitˈa/
		çinquanta /siŋkwˈaŋta/ - cinquanta /ɕiŋkwˈanta/
		scrîve /skrˈiːve/ - scrìviri /skɾˈiviɾɪ/
		scuo /skˈyːu/ - scuru /ʃkˈuɾʊ/
		Spàɡna /spˈaɲa/ - Spaɡna /ʃpˈaɲɲa/
		spiña /spˈiŋa/ - spina /ʃpˈina/
		spîɡa /spˈiːɡa/ - spica /ʃpˈika/
		stela /stˈela/ - stidda /ʃtˈiɖɖa/
		sàn /sˈaŋ/ - sanu /sˈanʊ/
		saña /sˈaŋa/ - sana /sˈana/
		sànto /sˈaŋtu/ - santu /sˈantʊ/
		sànɡoe /sˈaŋɡwe/ - sanɡu /sˈaŋɡʊ/
		sâ /sˈaː/ - sali /sˈalɪ/
		sàrsa /sˈaːrsa/ - sarsa /sˈarsa/
		sàrsa /sˈaːrsa/ - sausa /sˈawsa/
		sâvio /sˈaːvju/ - sàviu /sˈavjʊ/
		séia /sˈeja/ - sira /sˈiɾa/
		çéia /sˈeja/ - cira /ɕˈiɾa/
		sécca /sˈeka/ - sicca /sˈikka/
		sécco /sˈeku/ - siccu /sˈikkʊ/
		çenie /sˈenje/ - cìnniri /ɕˈinnɪɾɪ/
		çê /sˈeː/ - celu /ɕˈɛlʊ/
		çêxa /sˈeːʒa/ - cirasa /ɕiɾˈaza/
		çimma /sˈima/ - cima /ɕˈima/
		çìnque /sˈiŋkwe/ - cincu /ɕˈiŋkʊ/
		sorve /sˈuːrve/ - supra /sˈupra/
		sorvia /sˈuːrvja/ - supra /sˈupra/
		sette /sˈɛte/ - setti /sˈɛttɪ/
		tésta /tˈesta/ - testa /tˈɛʃta/
		ti /tˈi/ - tu /tˈu/
		tutti /tˈyti/ - tutti /tˈuttɪ/
		tùtto /tˈytu/ - tuttu /tˈuttʊ/
		töo /tˈɔːu/ - tàuru /tˈawrʊ/
		tæra /tˈɛːra/ - terra /tˈɛʐʐa/
		ombrisallo /uŋbrisˈalu/ - viḍḍicu /viɖɖˈikʊ/
		verɡheuɡna /verɡˈøɲa/ - viriɡoɡna /viɾiɡˈɔɲɲa/
		veɡnî /veɲˈiː/ - vèniri /vˈɛnɪɾɪ/
		vexin /veʒˈiŋ/ - vicinu /viɕˈinʊ/
		vitéllo /vitˈelu/ - viteddu /vitˈɛɖɖʊ/
		viâtri /vjˈaːtri/ - vui /vˈuj/
		voî /vwˈiː/ - vui /vˈuj/
		vacca /vˈaka/ - vacca /vˈakka/
		vedde /vˈede/ - vìdiri /vˈiɾiɾɪ/
		vénto /vˈeŋtu/ - ventu /vˈɛntʊ/
		vêɡio /vˈeːʤu/ - vecchiu /vˈɛccʊ/
		vin /vˈiŋ/ - vinu /vˈinʊ/
		vinti /vˈiŋti/ - vinti /vˈintɪ/
		vôxe /vˈuːʒe/ - vuci /vˈuɕɪ/
		vèrde /vˈɛːrde/ - virdi /vˈiɾdɪ/
		vèrme /vˈɛːrme/ - vemmu /vˈɛmmʊ/
		oeɡia /wˈeːʤa/ - auricchia /awɾˈicca/
		zenoɡɡio /zenˈuʤu/ - dinocchiu /dinˈɔccʊ/
		zenoɡɡio /zenˈuʤu/ - jinocchiu /jɪnˈɔccʊ/
		zenoɡɡio /zenˈuʤu/ - ɡinocchiu /ʤinˈɔccʊ/
		zeâ /zjˈaː/ - jilari /jilˈarɪ/
		zoêno /zwˈeːnu/ - ɡiùvini /ʤˈuvɪnɪ/
		zéneo /zˈenju/ - jènniru /jˈɛnnɪɾʊ/
		ödô /ɔːdˈuː/ - oluri /olˈuɾɪ/
		ötunno /ɔːtˈynu/ - autunnu /awtˈunnʊ/
		öxéllo /ɔːʒˈelu/ - aceddu /aɕˈɛɖɖʊ/
		ɡran /ɡrˈaŋ/ - ɡranu /ɡrˈanʊ/
		ɡrànde /ɡrˈaŋde/ - ɡranni /ɡɾˈannɪ/
		ɡròsso /ɡrˈɔsu/ - rossu /ɾˈɔssʊ/
		ɡatto /ɡˈatu/ - ɡattu /ɡˈattʊ/
		ɡôa /ɡˈuːa/ - ɡula /ɡˈula/
		sciô /ʃˈuː/ - ciuri /çˈuɾɪ/
		sciùmme /ʃˈyme/ - ciumi /çˈumɪ/
		xoâ /ʒwˈaː/ - vulari /vulˈarɪ/
		ɡiassa /ʤˈasa/ - ɡhiacciu /ɟˈaʧʧʊ/
		ɡianco /ʤˈaŋku/ - jancu /jˈaŋkʊ/
		ɡiorno /ʤˈurnu/ - jornu /jˈɔɾnʊ/
		ciànze /ʧˈaŋze/ - chiànciri /cˈanɕɪɾɪ/
		ciâɡa /ʧˈaːɡa/ - chiaɡa /cˈaɡa/
		ciùmma /ʧˈyma/ - pinna /pˈinna/
		ciùmma /ʧˈyma/ - pinna /pˈinna/
		anno /ˈanu/ - anno /ˈannʊ/
		anɡeo /ˈanʤju/ - àncilu /ˈanɕɪlʊ/
		arba /ˈaːrba/ - alba /ˈalba/
		âtro /ˈaːtru/ - àutru /ˈawʈɽʊ/
		isoa /ˈiswa/ - ìsula /ˈizʊla/
		ónɡia /ˈuŋʤa/ - uɡna /ˈuɲɲa/
		órso /ˈuːrsu/ - ursu /ˈuɾsʊ/
		un /ˈyŋ/ - unu /ˈunʊ/
		éutto /ˈøtu/ - ottu /ˈɔttʊ/
		éuɡɡi /ˈøʤi/ - occhi /ˈɔccɪ/
		éuɡɡio /ˈøʤu/ - occhiu /ˈɔccʊ/
		euvia /ˈøːvja/ - òpira /ˈɔpɪɾa/
		êuvo /ˈøːvu/ - ovu /ˈɔvʊ/
		ommo /ˈɔmu/ - omu /ˈɔmʊ/
		òsso /ˈɔsu/ - osso /ˈɔssʊ/
		öca /ˈɔːka/ - oca /ˈɔka/
		öo /ˈɔːu/ - auru /ˈawrʊ/
		öo /ˈɔːu/ - oro /ˈɔrʊ/
		èrbo /ˈɛːrbu/ - àrbiru /ˈaɾbɪɾʊ/
		æɡoa /ˈɛːɡwa/ - acqua /ˈakkwa/

Final disqualified:
		dîo /dˈiːu/ - jìditu /jˈiɾitʊ/
		che /kˈe/ - chi /ci/
		lê /lˈeː/ - idda /ˈiɖɖa/
		lê /lˈeː/ - iddu /ˈiɖɖʊ/
		piccin /piʧˈiŋ/ - nicu /nˈikʊ/
		sciùmme /ʃˈyme/ - rìu /rˈiʊ/


-------------------

****SAMPLE 3****
Iteration 1
	Qualified: 219
	Disqualified: 237
	Added: 0
	Removed: 9
		dîo /dˈiːu/ - jìditu /jˈiɾitʊ/
		piccin /piʧˈiŋ/ - nicu /nˈikʊ/
		viâtri /vjˈaːtri/ - vui /vˈuj/
		öo /ˈɔːu/ - auru /ˈawrʊ/
		péi /pˈej/ - capiddu /kapˈiɖɖʊ/
		che /kˈe/ - chi /ci/
		ombrisallo /uŋbrisˈalu/ - viḍḍicu /viɖɖˈikʊ/
		lê /lˈeː/ - idda /ˈiɖɖa/
		lê /lˈeː/ - iddu /ˈiɖɖʊ/

Iteration 2
	Qualified: 218
	Disqualified: 238
	Added: 0
	Removed: 1
		savei /savˈej/ - sapiri /sˈapɪɾɪ/

Iteration 3
	Qualified: 221
	Disqualified: 235
	Added: 3
		péi /pˈej/ - capiddu /kapˈiɖɖʊ/
		savei /savˈej/ - sapiri /sˈapɪɾɪ/
		viâtri /vjˈaːtri/ - vui /vˈuj/
	Removed: 0

Iteration 4
	Qualified: 219
	Disqualified: 237
	Added: 0
	Removed: 2
		péi /pˈej/ - capiddu /kapˈiɖɖʊ/
		savei /savˈej/ - sapiri /sˈapɪɾɪ/

Iteration 5
	Qualified: 222
	Disqualified: 234
	Added: 3
		ombrisallo /uŋbrisˈalu/ - viḍḍicu /viɖɖˈikʊ/
		péi /pˈej/ - capiddu /kapˈiɖɖʊ/
		savei /savˈej/ - sapiri /sˈapɪɾɪ/
	Removed: 0

Iteration 6
	Qualified: 221
	Disqualified: 235
	Added: 0
	Removed: 1
		savei /savˈej/ - sapiri /sˈapɪɾɪ/

Iteration 7
	Qualified: 223
	Disqualified: 233
	Added: 2
		dîo /dˈiːu/ - jìditu /jˈiɾitʊ/
		savei /savˈej/ - sapiri /sˈapɪɾɪ/
	Removed: 0

Iteration 8
	Qualified: 224
	Disqualified: 232
	Added: 1
		öo /ˈɔːu/ - auru /ˈawrʊ/
	Removed: 0

Iteration 9
	Qualified: 226
	Disqualified: 230
	Added: 2
		lê /lˈeː/ - idda /ˈiɖɖa/
		lê /lˈeː/ - iddu /ˈiɖɖʊ/
	Removed: 0

Iteration 10
	Qualified: 224
	Disqualified: 232
	Added: 0
	Removed: 2
		lê /lˈeː/ - idda /ˈiɖɖa/
		lê /lˈeː/ - iddu /ˈiɖɖʊ/

Final qualifying:
		anéllo /anˈelu/ - aneddu /anˈɛɖɖʊ/
		aɡóɡɡia /aɡˈuʤa/ - aɡuɡɡhia /aɡˈuɟɟa/
		aɡɡiuttâ /aʤutˈaː/ - ajutari /ajutˈaɾɪ/
		bàsso /bˈasu/ - basciu /bˈaʃʃʊ/
		béive /bˈejve/ - bìviri /bˈivɪɾɪ/
		ben /bˈeŋ/ - beni /bˈɛnɪ/
		boin /bˈujŋ/ - boni /bˈɔnɪ/
		bocca /bˈuka/ - bucca /bˈukka/
		bun /bˈuŋ/ - bonu /bˈɔnʊ/
		boña /bˈuŋa/ - bona /bˈɔna/
		boñe /bˈuŋe/ - boni /bˈɔnɪ/
		beu /bˈøː/ - voi /vˈɔɪ/
		bèlla /bˈɛla/ - bedda /bˈɛɖɖa/
		dâ /dˈaː/ - dari /dˈarɪ/
		dénte /dˈeŋte/ - denti /dˈɛntɪ/
		dêxe /dˈeːʒe/ - deci /dˈɛɕɪ/
		dîo /dˈiːu/ - jìditu /jˈiɾitʊ/
		dón /dˈuŋ/ - donu /dˈonʊ/
		doe /dˈuːe/ - dui /dˈuɪ/
		dôçe /dˈuːse/ - duci /dˈuɕɪ/
		dònna /dˈɔna/ - donna /dˈɔnna/
		fiɡæto /fiɡˈɛːtu/ - fìcatu /fˈikatʊ/
		freido /frˈejdu/ - friddu /fɾˈiddʊ/
		fruto /frˈyːtu/ - fruttu /frˈuttʊ/
		fàmme /fˈame/ - fami /fˈamɪ/
		fâ /fˈaː/ - fari /fˈaɾɪ/
		fâso /fˈaːso/ - farsu /fˈarsʊ/
		fâso /fˈaːso/ - fausu /fˈawsʊ/
		fémmina /fˈemina/ - fìmmina /fˈimmɪna/
		fin /fˈiŋ/ - fini /fˈinɪ/
		fî /fˈiː/ - filu /fˈilʊ/
		fumme /fˈyme/ - fumu /fˈumʊ/
		féuɡɡia /fˈøʤa/ - foɡɡhia /fˈɔɟɟa/
		fêuɡo /fˈøːɡu/ - focu /fˈɔkʊ/
		fòrsa /fˈɔːrsa/ - forza /fˈɔɾʦa/
		fòrte /fˈɔːrte/ - forte /fˈɔrtɪ/
		færo /fˈɛːru/ - ferro /fˈɛʐʐʊ/
		inverno /iŋvˈɛːrnu/ - mmernu /mmˈɛɾnʊ/
		inverno /iŋvˈɛːrnu/ - nvèrnu /nvˈɛɾnʊ/
		castéllo /kastˈelu/ - casteddu /kastˈɛɖɖʊ/
		cavallo /kavˈalu/ - cavaddu /kavˈaɖɖʊ/
		cavéllo /kavˈelu/ - capiddu /kapˈiɖɖʊ/
		canɡiâ /kaŋʤˈaː/ - canɡiari /kanʤˈaɾɪ/
		crava /krˈaːva/ - crapa /kɾˈapa/
		credde /krˈede/ - cridiri /kɾˈiɾɪɾɪ/
		crôxe /krˈuːʒe/ - cruci /kɾˈuɕɪ/
		conosce /kunˈuʃe/ - cunùsciri /kunˈuʃʃɪrɪ/
		quattro /kwˈatru/ - quattru /kwˈaʈʈɽʊ/
		quâɡia /kwˈaːʤa/ - quaɡɡhia /kwˈaɟɟa/
		cappo /kˈapu/ - capu /kˈapʊ/
		can /kˈaŋ/ - cani /kˈanɪ/
		câdo /kˈaːdu/ - càvuru /kˈavʊɾʊ/
		carne /kˈaːrne/ - carni /kˈaɾnɪ/
		câo /kˈaːu/ - caru /kˈaɾʊ/
		chi /kˈi/ - cui /kˈuɪ/
		corpo /kˈuːrpu/ - corpu /kˈoɾpʊ/
		cû /kˈyː/ - culu /kˈulʊ/
		còllo /kˈɔlu/ - coddu /kˈɔɖɖʊ/
		còrpo /kˈɔːrpu/ - corpu /kˈɔɾpʊ/
		levâ /levˈaː/ - livari /livˈarɪ/
		lion /ljˈuŋ/ - liuni /liˈunɪ/
		laña /lˈaŋa/ - lana /lˈana/
		laɡrima /lˈaɡrima/ - làcrima /lˈakɾɪma/
		lâɡo /lˈaːɡu/ - lacu /lˈakʊ/
		léttia /lˈetja/ - littira /lˈittɪɾa/
		lézze /lˈeze/ - liɡɡe /lˈiʤʤɪ/
		lénɡoa /lˈeŋɡwa/ - linɡua /lˈiŋɡwa/
		léɡno /lˈeɲu/ - liɡna /lˈiɲɲa/
		léɡno /lˈeɲu/ - liɡnu /lˈiɲɲʊ/
		lêvre /lˈeːvre/ - lepru /lˈɛpɾʊ/
		lêze /lˈeːze/ - lèjiri /lˈɛjɪrɪ/
		libero /lˈiberu/ - lìbbiru /lˈibbɪɾʊ/
		lonɡo /lˈuŋɡu/ - lonɡu /lˈoŋɡʊ/
		lô /lˈuː/ - lupu /lˈupʊ/
		luña /lˈyŋa/ - luna /lˈuna/
		lûxe /lˈyːʒe/ - luci /lˈuɕɪ/
		lêuɡo /lˈøːɡu/ - locu /lˈɔkʊ/
		lòtta /lˈɔta/ - lutta /lˈutta/
		meitæ /mejtˈɛː/ - mità /mitˈa/
		muî /mwˈiː/ - mòriri /mˈɔrɪrɪ/
		man /mˈaŋ/ - manu /mˈanʊ/
		mâ /mˈaː/ - mari /mˈaɾɪ/
		mêzo /mˈeːzu/ - mezzu /mˈɛʦʦʊ/
		mêɡio /mˈeːʤu/ - miɡɡhiuri /miɟɟˈuɾɪ/
		mêɡio /mˈeːʤu/ - meɡɡhiu /mˈɛɟɟʊ/
		mi /mˈi/ - mi /mˈi/
		mille /mˈile/ - milli /mˈillɪ/
		mósca /mˈuska/ - musca /mˈuska/
		méuio /mˈøju/ - maturu /matˈurʊ/
		mòrde /mˈɔrde/ - muzzicari /muʦʦikˈaɾɪ/
		nisciun /niʃˈyŋ/ - nisciunu /niʃʃˈunʊ/
		noî /nwˈiː/ - nui /nˈuj/
		nuâ /nɥˈaː/ - natari /natˈarɪ/
		nàsce /nˈaʃe/ - nàsciri /nˈaʃʃɪɾɪ/
		neive /nˈejve/ - nivi /nˈivɪ/
		nêɡia /nˈeːʤa/ - neɡɡhia /nˈeɟɟa/
		nomme /nˈume/ - nomi /nˈomɪ/
		nûvia /nˈyːvja/ - nuvula /nˈuvʊla/
		nêuve /nˈøːve/ - novi /nˈɔvɪ/
		nêuvo /nˈøːvu/ - novu /nˈɔvʊ/
		nòstro /nˈɔstru/ - nostru /nˈɔʃʃɽʊ/
		piɡhéuɡɡio /piɡˈøʤu/ - pirocchiu /piɾˈɔccʊ/
		prêxo /prˈeːʒu/ - prezzu /pɾˈɛʦʦʊ/
		prîa /prˈiːa/ - petra /pˈɛʈɽa/
		poéi /pwˈej/ - putiri /putˈirɪ/
		poæ /pwˈɛː/ - patri /pˈaʈɽɪ/
		pàn /pˈaŋ/ - pani /pˈanɪ/
		pança /pˈaŋsa/ - panza /pˈanʦa/
		péi /pˈej/ - capiddu /kapˈiɖɖʊ/
		pelle /pˈele/ - peddi /pˈɛɖɖɪ/
		peña /pˈeŋa/ - pena /pˈena/
		péscio /pˈeʃu/ - pisci /pˈiʃʃɪ/
		pê /pˈeː/ - pedi /pˈɛɾɪ/
		pena /pˈeːna/ - pinna /pˈinna/
		pena /pˈeːna/ - pinna /pˈinna/
		péto /pˈeːtu/ - pettu /pˈɛttʊ/
		pêɡoa /pˈeːɡwa/ - pècura /pˈɛkʊra/
		pin /pˈiŋ/ - chinu /cˈinʊ/
		pósso /pˈusu/ - puzzo /pˈuʦʦʊ/
		poñe /pˈuŋe/ - pùniri /pˈunɪɾɪ/
		poñi /pˈuŋi/ - puni /pˈunɪ/
		pónte /pˈuŋte/ - ponti /pˈontɪ/
		pónto /pˈuŋtu/ - puntu /pˈuntʊ/
		pùɡno /pˈyɲu/ - puɡnu /pˈuɲɲʊ/
		pêuzo /pˈøːzu/ - poju /pˈɔjʊ/
		pòula /pˈɔwla/ - paràula /paɾˈawla/
		pöco /pˈɔːku/ - pocu /pˈɔkʊ/
		pòrco /pˈɔːrku/ - porcu /pˈɔrkʊ/
		pèrseɡa /pˈɛːrseɡa/ - pèrsica /pˈɛrsɪka/
		pèrseɡo /pˈɛːrseɡu/ - pèrsica /pˈɛrsɪka/
		rosso /rˈussu/ - russu /ʐˈussʊ/
		re /rˈɛ/ - reji /ʐˈejɪ/
		ræña /rˈɛŋa/ - riɡɡina /riʤʤˈina/
		salûte /salˈyːte/ - saluti /salˈutɪ/
		savei /savˈej/ - sapiri /sˈapɪɾɪ/
		çinquanta /siŋkwˈaŋta/ - cinquanta /ɕiŋkwˈanta/
		scrîve /skrˈiːve/ - scrìviri /skɾˈiviɾɪ/
		scuo /skˈyːu/ - scuru /ʃkˈuɾʊ/
		Spàɡna /spˈaɲa/ - Spaɡna /ʃpˈaɲɲa/
		spâ /spˈaː/ - spata /ʃpˈata/
		stela /stˈela/ - stidda /ʃtˈiɖɖa/
		sàn /sˈaŋ/ - sanu /sˈanʊ/
		sànto /sˈaŋtu/ - santu /sˈantʊ/
		sànɡoe /sˈaŋɡwe/ - sanɡu /sˈaŋɡʊ/
		sâ /sˈaː/ - sali /sˈalɪ/
		sâio /sˈaːju/ - sàviu /sˈavjʊ/
		sàrsa /sˈaːrsa/ - sarsa /sˈarsa/
		sàrsa /sˈaːrsa/ - sausa /sˈawsa/
		sâvio /sˈaːvju/ - sàviu /sˈavjʊ/
		séia /sˈeja/ - sira /sˈiɾa/
		çéia /sˈeja/ - cira /ɕˈiɾa/
		çenie /sˈenje/ - cìnniri /ɕˈinnɪɾɪ/
		çê /sˈeː/ - celu /ɕˈɛlʊ/
		sêi /sˈeːj/ - sei /sˈɛj/
		çêxa /sˈeːʒa/ - cirasa /ɕiɾˈaza/
		çimma /sˈima/ - cima /ɕˈima/
		sorve /sˈuːrve/ - supra /sˈupra/
		sorvia /sˈuːrvja/ - supra /sˈupra/
		sette /sˈɛte/ - setti /sˈɛttɪ/
		trei /trˈej/ - tri /ʈɽˈi/
		ti /tˈi/ - tu /tˈu/
		tùtto /tˈytu/ - tuttu /tˈuttʊ/
		töo /tˈɔːu/ - tàuru /tˈawrʊ/
		tæra /tˈɛːra/ - terra /tˈɛʐʐa/
		ombrisallo /uŋbrisˈalu/ - viḍḍicu /viɖɖˈikʊ/
		verɡheuɡna /verɡˈøɲa/ - viriɡoɡna /viɾiɡˈɔɲɲa/
		veɡnî /veɲˈiː/ - vèniri /vˈɛnɪɾɪ/
		villan /vilˈaŋ/ - viḍḍanu /viɖɖˈanʊ/
		vitéllo /vitˈelu/ - viteddu /vitˈɛɖɖʊ/
		viâtri /vjˈaːtri/ - vui /vˈuj/
		voî /vwˈiː/ - vui /vˈuj/
		vedde /vˈede/ - vìdiri /vˈiɾiɾɪ/
		vêɡio /vˈeːʤu/ - vecchiu /vˈɛccʊ/
		vìlla /vˈila/ - viḍḍa /vˈiɖɖa/
		vìtta /vˈita/ - vita /vˈita/
		vin /vˈiŋ/ - vinu /vˈinʊ/
		vinti /vˈiŋti/ - vinti /vˈintɪ/
		vîa /vˈiːa/ - via /vˈia/
		vôxe /vˈuːʒe/ - vuci /vˈuɕɪ/
		vèrde /vˈɛːrde/ - virdi /vˈiɾdɪ/
		vèrme /vˈɛːrme/ - vemmu /vˈɛmmʊ/
		oeɡia /wˈeːʤa/ - auricchia /awɾˈicca/
		zenoɡɡio /zenˈuʤu/ - dinocchiu /dinˈɔccʊ/
		zenoɡɡio /zenˈuʤu/ - jinocchiu /jɪnˈɔccʊ/
		zenoɡɡio /zenˈuʤu/ - ɡinocchiu /ʤinˈɔccʊ/
		zeâ /zjˈaː/ - jilari /jilˈarɪ/
		zoêno /zwˈeːnu/ - ɡiùvini /ʤˈuvɪnɪ/
		zéneo /zˈenju/ - jènniru /jˈɛnnɪɾʊ/
		zuɡno /zˈyɲu/ - ɡiuɡnu /ʤˈuɲɲʊ/
		zêuɡo /zˈøːɡu/ - jocu /jˈɔkʊ/
		ödô /ɔːdˈuː/ - oluri /olˈuɾɪ/
		ötunno /ɔːtˈynu/ - autunnu /awtˈunnʊ/
		öxéllo /ɔːʒˈelu/ - aceddu /aɕˈɛɖɖʊ/
		ɡran /ɡrˈaŋ/ - ɡranu /ɡrˈanʊ/
		ɡrànde /ɡrˈaŋde/ - ɡranni /ɡɾˈannɪ/
		ɡatto /ɡˈatu/ - ɡattu /ɡˈattʊ/
		sciô /ʃˈuː/ - ciuri /çˈuɾɪ/
		xoâ /ʒwˈaː/ - vulari /vulˈarɪ/
		ɡianco /ʤˈaŋku/ - jancu /jˈaŋkʊ/
		ɡiorno /ʤˈurnu/ - jornu /jˈɔɾnʊ/
		ɡiudise /ʤˈydise/ - iùdici /jˈuɾɪɕɪ/
		ciànze /ʧˈaŋze/ - chiànciri /cˈanɕɪɾɪ/
		ciâɡa /ʧˈaːɡa/ - chiaɡa /cˈaɡa/
		ciùmma /ʧˈyma/ - pinna /pˈinna/
		ciùmma /ʧˈyma/ - pinna /pˈinna/
		anno /ˈanu/ - anno /ˈannʊ/
		anɡeo /ˈanʤju/ - àncilu /ˈanɕɪlʊ/
		aɡɡio /ˈaʤu/ - aɡɡhia /ˈaɟɟa/
		arba /ˈaːrba/ - alba /ˈalba/
		âtro /ˈaːtru/ - àutru /ˈawʈɽʊ/
		äɡno /ˈaːɲu/ - raɡnu /rˈaɲɲʊ/
		ónɡia /ˈuŋʤa/ - uɡna /ˈuɲɲa/
		un /ˈyŋ/ - unu /ˈunʊ/
		éutto /ˈøtu/ - ottu /ˈɔttʊ/
		éuɡɡi /ˈøʤi/ - occhi /ˈɔccɪ/
		éuɡɡio /ˈøʤu/ - occhiu /ˈɔccʊ/
		euvia /ˈøːvja/ - òpira /ˈɔpɪɾa/
		êuvo /ˈøːvu/ - ovu /ˈɔvʊ/
		ommo /ˈɔmu/ - omu /ˈɔmʊ/
		òsso /ˈɔsu/ - osso /ˈɔssʊ/
		öca /ˈɔːka/ - oca /ˈɔka/
		öo /ˈɔːu/ - auru /ˈawrʊ/
		öo /ˈɔːu/ - oro /ˈɔrʊ/
		æɡoa /ˈɛːɡwa/ - acqua /ˈakkwa/

Final disqualified:
		che /kˈe/ - chi /ci/
		lê /lˈeː/ - idda /ˈiɖɖa/
		lê /lˈeː/ - iddu /ˈiɖɖʊ/
		piccin /piʧˈiŋ/ - nicu /nˈikʊ/


-------------------

****SAMPLE 4****
Iteration 1
	Qualified: 220
	Disqualified: 236
	Added: 0
	Removed: 8
		niâtri /njˈaːtri/ - nui /nˈuj/
		piccin /piʧˈiŋ/ - nicu /nˈikʊ/
		sciùmme /ʃˈyme/ - rìu /rˈiʊ/
		öo /ˈɔːu/ - auru /ˈawrʊ/
		péi /pˈej/ - capiddu /kapˈiɖɖʊ/
		che /kˈe/ - chi /ci/
		lê /lˈeː/ - idda /ˈiɖɖa/
		lê /lˈeː/ - iddu /ˈiɖɖʊ/

Iteration 2
	Qualified: 218
	Disqualified: 238
	Added: 0
	Removed: 2
		dîo /dˈiːu/ - jìditu /jˈiɾitʊ/
		savei /savˈej/ - sapiri /sˈapɪɾɪ/

Iteration 3
	Qualified: 219
	Disqualified: 237
	Added: 1
		savei /savˈej/ - sapiri /sˈapɪɾɪ/
	Removed: 0

Iteration 4
	Qualified: 219
	Disqualified: 237
	Added: 1
		péi /pˈej/ - capiddu /kapˈiɖɖʊ/
	Removed: 1
		savei /savˈej/ - sapiri /sˈapɪɾɪ/

Iteration 5
	Qualified: 220
	Disqualified: 236
	Added: 1
		savei /savˈej/ - sapiri /sˈapɪɾɪ/
	Removed: 0

Iteration 6
	Qualified: 219
	Disqualified: 237
	Added: 0
	Removed: 1
		savei /savˈej/ - sapiri /sˈapɪɾɪ/

Final qualifying:
		anéllo /anˈelu/ - aneddu /anˈɛɖɖʊ/
		aɡóɡɡia /aɡˈuʤa/ - aɡuɡɡhia /aɡˈuɟɟa/
		bàsso /bˈasu/ - basciu /bˈaʃʃʊ/
		béive /bˈejve/ - bìviri /bˈivɪɾɪ/
		ben /bˈeŋ/ - beni /bˈɛnɪ/
		boña /bˈuŋa/ - bona /bˈɔna/
		boñe /bˈuŋe/ - boni /bˈɔnɪ/
		bèlla /bˈɛla/ - bedda /bˈɛɖɖa/
		bèllo /bˈɛlu/ - beddu /bˈɛɖɖʊ/
		dâ /dˈaː/ - dari /dˈarɪ/
		dêxe /dˈeːʒe/ - deci /dˈɛɕɪ/
		dîo /dˈiːu/ - jitu /jˈitʊ/
		dozze /dˈuze/ - dùdici /dˈuɾɪɕɪ/
		dón /dˈuŋ/ - donu /dˈonʊ/
		doe /dˈuːe/ - dui /dˈuɪ/
		dònna /dˈɔna/ - donna /dˈɔnna/
		estæ /estˈɛː/ - astati /astˈatɪ/
		fiɡæto /fiɡˈɛːtu/ - fìcatu /fˈikatʊ/
		freido /frˈejdu/ - friddu /fɾˈiddʊ/
		fruto /frˈyːtu/ - fruttu /frˈuttʊ/
		foæ /fwˈɛː/ - fata /fˈata/
		fàmme /fˈame/ - fami /fˈamɪ/
		fâ /fˈaː/ - fari /fˈaɾɪ/
		fâso /fˈaːso/ - farsu /fˈarsʊ/
		fâso /fˈaːso/ - fausu /fˈawsʊ/
		fémmina /fˈemina/ - fìmmina /fˈimmɪna/
		fìɡɡio /fˈiʤu/ - fiɡɡhiu /fˈiɟɟʊ/
		fî /fˈiː/ - filu /fˈilʊ/
		fumme /fˈyme/ - fumu /fˈumʊ/
		féuɡɡia /fˈøʤa/ - foɡɡhia /fˈɔɟɟa/
		fêuɡo /fˈøːɡu/ - focu /fˈɔkʊ/
		fòrte /fˈɔːrte/ - forte /fˈɔrtɪ/
		fèsta /fˈɛsta/ - festa /fˈɛsta/
		fæña /fˈɛŋa/ - farina /faɾˈina/
		færo /fˈɛːru/ - ferro /fˈɛʐʐʊ/
		inverno /iŋvˈɛːrnu/ - mmernu /mmˈɛɾnʊ/
		cadeña /kadˈeŋa/ - catina /katˈina/
		castéllo /kastˈelu/ - casteddu /kastˈɛɖɖʊ/
		cavallo /kavˈalu/ - cavaddu /kavˈaɖɖʊ/
		cavéllo /kavˈelu/ - capiddu /kapˈiɖɖʊ/
		cavéllo /kavˈelu/ - pilu /pˈilʊ/
		canɡiâ /kaŋʤˈaː/ - canɡiari /kanʤˈaɾɪ/
		crava /krˈaːva/ - crapa /kɾˈapa/
		credde /krˈede/ - cridiri /kɾˈiɾɪɾɪ/
		conosce /kunˈuʃe/ - cunùsciri /kunˈuʃʃɪrɪ/
		quattro /kwˈatru/ - quattru /kwˈaʈʈɽʊ/
		quâɡia /kwˈaːʤa/ - quaɡɡhia /kwˈaɟɟa/
		cappo /kˈapu/ - capu /kˈapʊ/
		can /kˈaŋ/ - cani /kˈanɪ/
		canto /kˈaŋtu/ - cantu /kˈantʊ/
		câdo /kˈaːdu/ - càvuru /kˈavʊɾʊ/
		carne /kˈaːrne/ - carni /kˈaɾnɪ/
		câo /kˈaːu/ - caru /kˈaɾʊ/
		chi /kˈi/ - cui /kˈuɪ/
		côa /kˈuːa/ - cuda /kˈuɾa/
		corpo /kˈuːrpu/ - corpu /kˈoɾpʊ/
		cû /kˈyː/ - culu /kˈulʊ/
		cheu /kˈøː/ - cori /kˈɔɾɪ/
		còllo /kˈɔlu/ - coddu /kˈɔɖɖʊ/
		còrpo /kˈɔːrpu/ - corpu /kˈɔɾpʊ/
		levâ /levˈaː/ - livari /livˈarɪ/
		laña /lˈaŋa/ - lana /lˈana/
		laɡrima /lˈaɡrima/ - làcrima /lˈakɾɪma/
		letto /lˈeto/ - lettu /lˈɛttʊ/
		lézze /lˈeze/ - liɡɡe /lˈiʤʤɪ/
		lénɡoa /lˈeŋɡwa/ - linɡua /lˈiŋɡwa/
		lêze /lˈeːze/ - lèjiri /lˈɛjɪrɪ/
		libero /lˈiberu/ - lìbbiru /lˈibbɪɾʊ/
		lonɡo /lˈuŋɡu/ - lonɡu /lˈoŋɡʊ/
		lô /lˈuː/ - lupu /lˈupʊ/
		luña /lˈyŋa/ - luna /lˈuna/
		lûxe /lˈyːʒe/ - lumi /lˈumɪ/
		lûxe /lˈyːʒe/ - luci /lˈuɕɪ/
		lêuɡo /lˈøːɡu/ - locu /lˈɔkʊ/
		lòtta /lˈɔta/ - lutta /lˈutta/
		læte /lˈɛːte/ - latti /lˈattɪ/
		meitæ /mejtˈɛː/ - mità /mitˈa/
		montaɡna /muŋtˈaɲa/ - muntaɡna /muntˈaɲɲa/
		muî /mwˈiː/ - mòriri /mˈɔrɪrɪ/
		man /mˈaŋ/ - manu /mˈanʊ/
		mâ /mˈaː/ - mari /mˈaɾɪ/
		mêzo /mˈeːzu/ - mezzu /mˈɛʦʦʊ/
		mêɡio /mˈeːʤu/ - miɡɡhiuri /miɟɟˈuɾɪ/
		mi /mˈi/ - mi /mˈi/
		mille /mˈile/ - milli /mˈillɪ/
		mósca /mˈuska/ - musca /mˈuska/
		méuio /mˈøju/ - maturu /matˈurʊ/
		mòrde /mˈɔrde/ - muzzicari /muʦʦikˈaɾɪ/
		mòrte /mˈɔːrte/ - morti /mˈɔɾtɪ/
		nisciun /niʃˈyŋ/ - nisciunu /niʃʃˈunʊ/
		noî /nwˈiː/ - nui /nˈuj/
		nuâ /nɥˈaː/ - natari /natˈarɪ/
		nàsce /nˈaʃe/ - nàsciri /nˈaʃʃɪɾɪ/
		naso /nˈaːzu/ - nasu /nˈazʊ/
		neive /nˈejve/ - nivi /nˈivɪ/
		néiɡro /nˈejɡru/ - nìuru /nˈiwɾʊ/
		nêɡia /nˈeːʤa/ - neɡɡhia /nˈeɟɟa/
		nôxe /nˈuːʒe/ - nuci /nˈuɕɪ/
		nêuvo /nˈøːvu/ - novu /nˈɔvʊ/
		nòstro /nˈɔstru/ - nostru /nˈɔʃʃɽʊ/
		palàçio /palˈasjo/ - palazzu /palˈaʦʦʊ/
		piɡhéuɡɡio /piɡˈøʤu/ - pirocchiu /piɾˈɔccʊ/
		prêxo /prˈeːʒu/ - prezzu /pɾˈɛʦʦʊ/
		poéi /pwˈej/ - putiri /putˈirɪ/
		poæ /pwˈɛː/ - patri /pˈaʈɽɪ/
		pàn /pˈaŋ/ - pani /pˈanɪ/
		pança /pˈaŋsa/ - panza /pˈanʦa/
		pâxe /pˈaːʒe/ - paci /pˈaɕɪ/
		péi /pˈej/ - capiddu /kapˈiɖɖʊ/
		péi /pˈej/ - pilu /pˈilʊ/
		pelle /pˈele/ - peddi /pˈɛɖɖɪ/
		peña /pˈeŋa/ - pena /pˈena/
		péscio /pˈeʃu/ - pisci /pˈiʃʃɪ/
		pê /pˈeː/ - pedi /pˈɛɾɪ/
		pena /pˈeːna/ - pinna /pˈinna/
		péto /pˈeːtu/ - pettu /pˈɛttʊ/
		pêɡoa /pˈeːɡwa/ - pècura /pˈɛkʊra/
		pósso /pˈusu/ - puzzo /pˈuʦʦʊ/
		poñe /pˈuŋe/ - pùniri /pˈunɪɾɪ/
		poñi /pˈuŋi/ - puni /pˈunɪ/
		pónte /pˈuŋte/ - ponti /pˈontɪ/
		pùɡno /pˈyɲu/ - puɡnu /pˈuɲɲʊ/
		pêuzo /pˈøːzu/ - poju /pˈɔjʊ/
		pöco /pˈɔːku/ - pocu /pˈɔkʊ/
		pòrco /pˈɔːrku/ - porcu /pˈɔrkʊ/
		pèrseɡa /pˈɛːrseɡa/ - pèrsica /pˈɛrsɪka/
		pèrseɡo /pˈɛːrseɡu/ - pèrsica /pˈɛrsɪka/
		raxón /raʒˈuŋ/ - raɡiuni /ʐaʤˈunɪ/
		riondo /rjˈuŋdu/ - tunnu /tˈunnʊ/
		roman /rumˈaŋ/ - romanu /romˈanʊ/
		rosso /rˈussu/ - russu /ʐˈussʊ/
		re /rˈɛ/ - reji /ʐˈejɪ/
		ræña /rˈɛŋa/ - riɡɡina /riʤʤˈina/
		salûte /salˈyːte/ - saluti /salˈutɪ/
		çinquanta /siŋkwˈaŋta/ - cinquanta /ɕiŋkwˈanta/
		scrîve /skrˈiːve/ - scrìviri /skɾˈiviɾɪ/
		scuo /skˈyːu/ - scuru /ʃkˈuɾʊ/
		spâ /spˈaː/ - spata /ʃpˈata/
		spiña /spˈiŋa/ - spina /ʃpˈina/
		spîɡa /spˈiːɡa/ - spica /ʃpˈika/
		stela /stˈela/ - stidda /ʃtˈiɖɖa/
		sàn /sˈaŋ/ - sanu /sˈanʊ/
		saña /sˈaŋa/ - sana /sˈana/
		sànto /sˈaŋtu/ - santu /sˈantʊ/
		sànɡoe /sˈaŋɡwe/ - sanɡu /sˈaŋɡʊ/
		sâ /sˈaː/ - sali /sˈalɪ/
		sàrsa /sˈaːrsa/ - sarsa /sˈarsa/
		sâvio /sˈaːvju/ - sàviu /sˈavjʊ/
		séia /sˈeja/ - sira /sˈiɾa/
		sécco /sˈeku/ - siccu /sˈikkʊ/
		çenie /sˈenje/ - cìnniri /ɕˈinnɪɾɪ/
		çê /sˈeː/ - celu /ɕˈɛlʊ/
		sêi /sˈeːj/ - sei /sˈɛj/
		çêxa /sˈeːʒa/ - cirasa /ɕiɾˈaza/
		çimma /sˈima/ - cima /ɕˈima/
		çìnque /sˈiŋkwe/ - cincu /ɕˈiŋkʊ/
		sorve /sˈuːrve/ - supra /sˈupra/
		sorvia /sˈuːrvja/ - supra /sˈupra/
		sæa /sˈɛːa/ - sita /sˈita/
		trei /trˈej/ - tri /ʈɽˈi/
		tésta /tˈesta/ - testa /tˈɛʃta/
		tempo /tˈeŋpu/ - tempu /tˈɛmpʊ/
		ti /tˈi/ - tu /tˈu/
		tutti /tˈyti/ - tutti /tˈuttɪ/
		töo /tˈɔːu/ - tàuru /tˈawrʊ/
		tæra /tˈɛːra/ - terra /tˈɛʐʐa/
		verɡheuɡna /verɡˈøɲa/ - viriɡoɡna /viɾiɡˈɔɲɲa/
		veɡnî /veɲˈiː/ - vèniri /vˈɛnɪɾɪ/
		vexin /veʒˈiŋ/ - vicinu /viɕˈinʊ/
		villan /vilˈaŋ/ - viḍḍanu /viɖɖˈanʊ/
		voî /vwˈiː/ - vui /vˈuj/
		vacca /vˈaka/ - vacca /vˈakka/
		vénto /vˈeŋtu/ - ventu /vˈɛntʊ/
		vêɡio /vˈeːʤu/ - vecchiu /vˈɛccʊ/
		vìlla /vˈila/ - viḍḍa /vˈiɖɖa/
		vìtta /vˈita/ - vita /vˈita/
		vin /vˈiŋ/ - vinu /vˈinʊ/
		vinti /vˈiŋti/ - vinti /vˈintɪ/
		vîa /vˈiːa/ - via /vˈia/
		vèrme /vˈɛːrme/ - vemmu /vˈɛmmʊ/
		zenoɡɡio /zenˈuʤu/ - dinocchiu /dinˈɔccʊ/
		zenoɡɡio /zenˈuʤu/ - jinocchiu /jɪnˈɔccʊ/
		zenoɡɡio /zenˈuʤu/ - ɡinocchiu /ʤinˈɔccʊ/
		zéneo /zˈenju/ - jènniru /jˈɛnnɪɾʊ/
		zuɡno /zˈyɲu/ - ɡiuɡnu /ʤˈuɲɲʊ/
		zêuɡo /zˈøːɡu/ - jocu /jˈɔkʊ/
		ödô /ɔːdˈuː/ - oluri /olˈuɾɪ/
		ötunno /ɔːtˈynu/ - autunnu /awtˈunnʊ/
		öxéllo /ɔːʒˈelu/ - aceddu /aɕˈɛɖɖʊ/
		ɡran /ɡrˈaŋ/ - ɡranu /ɡrˈanʊ/
		ɡròsso /ɡrˈɔsu/ - rossu /ɾˈɔssʊ/
		ɡatto /ɡˈatu/ - ɡattu /ɡˈattʊ/
		ɡôa /ɡˈuːa/ - ɡula /ɡˈula/
		sciàmma /ʃˈama/ - ciamma /çˈamma/
		sciô /ʃˈuː/ - ciuri /çˈuɾɪ/
		sciùmme /ʃˈyme/ - ciumi /çˈumɪ/
		xoâ /ʒwˈaː/ - vulari /vulˈarɪ/
		ɡiassa /ʤˈasa/ - ɡhiacciu /ɟˈaʧʧʊ/
		ciànze /ʧˈaŋze/ - chiànciri /cˈanɕɪɾɪ/
		ciâɡa /ʧˈaːɡa/ - chiaɡa /cˈaɡa/
		ciùmma /ʧˈyma/ - pinna /pˈinna/
		ciùmma /ʧˈyma/ - pinna /pˈinna/
		anno /ˈanu/ - anno /ˈannʊ/
		aɡɡio /ˈaʤu/ - aɡɡhia /ˈaɟɟa/
		arba /ˈaːrba/ - alba /ˈalba/
		âtro /ˈaːtru/ - àutru /ˈawʈɽʊ/
		äɡno /ˈaːɲu/ - raɡnu /rˈaɲɲʊ/
		ónɡia /ˈuŋʤa/ - uɡna /ˈuɲɲa/
		órso /ˈuːrsu/ - ursu /ˈuɾsʊ/
		un /ˈyŋ/ - unu /ˈunʊ/
		éutto /ˈøtu/ - ottu /ˈɔttʊ/
		éuɡɡi /ˈøʤi/ - occhi /ˈɔccɪ/
		euvia /ˈøːvja/ - òpira /ˈɔpɪɾa/
		êuvo /ˈøːvu/ - ovu /ˈɔvʊ/
		òsso /ˈɔsu/ - osso /ˈɔssʊ/
		öca /ˈɔːka/ - oca /ˈɔka/
		öo /ˈɔːu/ - oro /ˈɔrʊ/
		èrbo /ˈɛːrbu/ - àrbiru /ˈaɾbɪɾʊ/
		æɡoa /ˈɛːɡwa/ - acqua /ˈakkwa/

Final disqualified:
		dîo /dˈiːu/ - jìditu /jˈiɾitʊ/
		che /kˈe/ - chi /ci/
		lê /lˈeː/ - idda /ˈiɖɖa/
		lê /lˈeː/ - iddu /ˈiɖɖʊ/
		niâtri /njˈaːtri/ - nui /nˈuj/
		piccin /piʧˈiŋ/ - nicu /nˈikʊ/
		savei /savˈej/ - sapiri /sˈapɪɾɪ/
		sciùmme /ʃˈyme/ - rìu /rˈiʊ/
		öo /ˈɔːu/ - auru /ˈawrʊ/


-------------------

****SAMPLE 5****
Iteration 1
	Qualified: 216
	Disqualified: 240
	Added: 0
	Removed: 12
		moæ /mwˈɛː/ - matri /mˈaʈɽɪ/
		dîo /dˈiːu/ - jìditu /jˈiɾitʊ/
		zoêno /zwˈeːnu/ - ɡiùvini /ʤˈuvɪnɪ/
		savei /savˈej/ - sapiri /sˈapɪɾɪ/
		piccin /piʧˈiŋ/ - nicu /nˈikʊ/
		poæ /pwˈɛː/ - patri /pˈaʈɽɪ/
		sciùmme /ʃˈyme/ - rìu /rˈiʊ/
		che /kˈe/ - chi /ci/
		ombrisallo /uŋbrisˈalu/ - viḍḍicu /viɖɖˈikʊ/
		lê /lˈeː/ - idda /ˈiɖɖa/
		lê /lˈeː/ - iddu /ˈiɖɖʊ/
		dîo /dˈiːu/ - jitu /jˈitʊ/

Iteration 2
	Qualified: 217
	Disqualified: 239
	Added: 1
		zoêno /zwˈeːnu/ - ɡiùvini /ʤˈuvɪnɪ/
	Removed: 0

Iteration 3
	Qualified: 218
	Disqualified: 238
	Added: 1
		dîo /dˈiːu/ - jitu /jˈitʊ/
	Removed: 0

Iteration 4
	Qualified: 218
	Disqualified: 238
	Added: 0
	Removed: 0

Final qualifying:
		amê /amˈeː/ - meli /mˈɛlɪ/
		anéllo /anˈelu/ - aneddu /anˈɛɖɖʊ/
		aɡóɡɡia /aɡˈuʤa/ - aɡuɡɡhia /aɡˈuɟɟa/
		bàsso /bˈasu/ - basciu /bˈaʃʃʊ/
		béive /bˈejve/ - bìviri /bˈivɪɾɪ/
		ben /bˈeŋ/ - beni /bˈɛnɪ/
		boin /bˈujŋ/ - boni /bˈɔnɪ/
		bocca /bˈuka/ - bucca /bˈukka/
		bun /bˈuŋ/ - bonu /bˈɔnʊ/
		boñe /bˈuŋe/ - boni /bˈɔnɪ/
		beu /bˈøː/ - voi /vˈɔɪ/
		bèllo /bˈɛlu/ - beddu /bˈɛɖɖʊ/
		dénte /dˈeŋte/ - denti /dˈɛntɪ/
		dêxe /dˈeːʒe/ - deci /dˈɛɕɪ/
		dîo /dˈiːu/ - jitu /jˈitʊ/
		dozze /dˈuze/ - dùdici /dˈuɾɪɕɪ/
		dón /dˈuŋ/ - donu /dˈonʊ/
		doe /dˈuːe/ - dui /dˈuɪ/
		dôçe /dˈuːse/ - duci /dˈuɕɪ/
		fiɡæto /fiɡˈɛːtu/ - fìcatu /fˈikatʊ/
		freido /frˈejdu/ - friddu /fɾˈiddʊ/
		fàmme /fˈame/ - fami /fˈamɪ/
		fâso /fˈaːso/ - farsu /fˈarsʊ/
		fâso /fˈaːso/ - fausu /fˈawsʊ/
		fémmina /fˈemina/ - fìmmina /fˈimmɪna/
		fin /fˈiŋ/ - fini /fˈinɪ/
		fìɡɡia /fˈiʤa/ - fiɡɡhia /fˈiɟɟa/
		fìɡɡio /fˈiʤu/ - fiɡɡhiu /fˈiɟɟʊ/
		fî /fˈiː/ - filu /fˈilʊ/
		fumme /fˈyme/ - fumu /fˈumʊ/
		féuɡɡia /fˈøʤa/ - foɡɡhia /fˈɔɟɟa/
		fêuɡo /fˈøːɡu/ - focu /fˈɔkʊ/
		fòrsa /fˈɔːrsa/ - forza /fˈɔɾʦa/
		fòrte /fˈɔːrte/ - forte /fˈɔrtɪ/
		fèsta /fˈɛsta/ - festa /fˈɛsta/
		fæña /fˈɛŋa/ - farina /faɾˈina/
		færo /fˈɛːru/ - ferro /fˈɛʐʐʊ/
		inverno /iŋvˈɛːrnu/ - mmernu /mmˈɛɾnʊ/
		inverno /iŋvˈɛːrnu/ - nvèrnu /nvˈɛɾnʊ/
		castéllo /kastˈelu/ - casteddu /kastˈɛɖɖʊ/
		cavallo /kavˈalu/ - cavaddu /kavˈaɖɖʊ/
		cavéllo /kavˈelu/ - capiddu /kapˈiɖɖʊ/
		cavéllo /kavˈelu/ - pilu /pˈilʊ/
		crava /krˈaːva/ - crapa /kɾˈapa/
		crôxe /krˈuːʒe/ - cruci /kɾˈuɕɪ/
		conosce /kunˈuʃe/ - cunùsciri /kunˈuʃʃɪrɪ/
		quattro /kwˈatru/ - quattru /kwˈaʈʈɽʊ/
		quâɡia /kwˈaːʤa/ - quaɡɡhia /kwˈaɟɟa/
		cappo /kˈapu/ - capu /kˈapʊ/
		can /kˈaŋ/ - cani /kˈanɪ/
		canto /kˈaŋtu/ - cantu /kˈantʊ/
		câdo /kˈaːdu/ - càvuru /kˈavʊɾʊ/
		câdo /kˈaːdu/ - càudu /kˈawdʊ/
		carne /kˈaːrne/ - carni /kˈaɾnɪ/
		câo /kˈaːu/ - caru /kˈaɾʊ/
		chi /kˈi/ - cui /kˈuɪ/
		côa /kˈuːa/ - cuda /kˈuɾa/
		corpo /kˈuːrpu/ - corpu /kˈoɾpʊ/
		còllo /kˈɔlu/ - coddu /kˈɔɖɖʊ/
		còrpo /kˈɔːrpu/ - corpu /kˈɔɾpʊ/
		levâ /levˈaː/ - livari /livˈarɪ/
		lion /ljˈuŋ/ - liuni /liˈunɪ/
		laña /lˈaŋa/ - lana /lˈana/
		laɡrima /lˈaɡrima/ - làcrima /lˈakɾɪma/
		lâɡo /lˈaːɡu/ - lacu /lˈakʊ/
		léttia /lˈetja/ - littira /lˈittɪɾa/
		lénɡoa /lˈeŋɡwa/ - linɡua /lˈiŋɡwa/
		léɡno /lˈeɲu/ - liɡna /lˈiɲɲa/
		léɡno /lˈeɲu/ - liɡnu /lˈiɲɲʊ/
		lêvre /lˈeːvre/ - lepru /lˈɛpɾʊ/
		lêze /lˈeːze/ - lèjiri /lˈɛjɪrɪ/
		libero /lˈiberu/ - lìbbiru /lˈibbɪɾʊ/
		lonɡo /lˈuŋɡu/ - lonɡu /lˈoŋɡʊ/
		lô /lˈuː/ - lupu /lˈupʊ/
		luña /lˈyŋa/ - luna /lˈuna/
		lûxe /lˈyːʒe/ - lumi /lˈumɪ/
		lûxe /lˈyːʒe/ - luci /lˈuɕɪ/
		lêuɡo /lˈøːɡu/ - locu /lˈɔkʊ/
		lòtta /lˈɔta/ - lutta /lˈutta/
		læte /lˈɛːte/ - latti /lˈattɪ/
		meitæ /mejtˈɛː/ - mità /mitˈa/
		mâ /mˈaː/ - mari /mˈaɾɪ/
		mêzo /mˈeːzu/ - mezzu /mˈɛʦʦʊ/
		mêɡio /mˈeːʤu/ - miɡɡhiuri /miɟɟˈuɾɪ/
		mêɡio /mˈeːʤu/ - meɡɡhiu /mˈɛɟɟʊ/
		mi /mˈi/ - mi /mˈi/
		mille /mˈile/ - milli /mˈillɪ/
		mósca /mˈuska/ - musca /mˈuska/
		mòrde /mˈɔrde/ - muzzicari /muʦʦikˈaɾɪ/
		nisciun /niʃˈyŋ/ - nisciunu /niʃʃˈunʊ/
		niâtri /njˈaːtri/ - nui /nˈuj/
		nuâ /nɥˈaː/ - natari /natˈarɪ/
		naso /nˈaːzu/ - nasu /nˈazʊ/
		neive /nˈejve/ - nivi /nˈivɪ/
		néiɡro /nˈejɡru/ - nìuru /nˈiwɾʊ/
		nêɡia /nˈeːʤa/ - neɡɡhia /nˈeɟɟa/
		nomme /nˈume/ - nomi /nˈomɪ/
		nûvia /nˈyːvja/ - nuvula /nˈuvʊla/
		néutte /nˈøte/ - notti /nˈɔttɪ/
		nêuvo /nˈøːvu/ - novu /nˈɔvʊ/
		nòstro /nˈɔstru/ - nostru /nˈɔʃʃɽʊ/
		palàçio /palˈasjo/ - palazzu /palˈaʦʦʊ/
		piɡhéuɡɡio /piɡˈøʤu/ - pirocchiu /piɾˈɔccʊ/
		prêxo /prˈeːʒu/ - prezzu /pɾˈɛʦʦʊ/
		poéi /pwˈej/ - putiri /putˈirɪ/
		pàn /pˈaŋ/ - pani /pˈanɪ/
		pança /pˈaŋsa/ - panza /pˈanʦa/
		pâxe /pˈaːʒe/ - paci /pˈaɕɪ/
		péi /pˈej/ - pilu /pˈilʊ/
		pelle /pˈele/ - peddi /pˈɛɖɖɪ/
		peña /pˈeŋa/ - pena /pˈena/
		péscio /pˈeʃu/ - pisci /pˈiʃʃɪ/
		pena /pˈeːna/ - pinna /pˈinna/
		pêɡoa /pˈeːɡwa/ - pècura /pˈɛkʊra/
		pin /pˈiŋ/ - chinu /cˈinʊ/
		pósso /pˈusu/ - puzzo /pˈuʦʦʊ/
		poñi /pˈuŋi/ - puni /pˈunɪ/
		pónte /pˈuŋte/ - ponti /pˈontɪ/
		pónto /pˈuŋtu/ - puntu /pˈuntʊ/
		pêuzo /pˈøːzu/ - poju /pˈɔjʊ/
		pòula /pˈɔwla/ - paràula /paɾˈawla/
		pöco /pˈɔːku/ - pocu /pˈɔkʊ/
		pòrco /pˈɔːrku/ - porcu /pˈɔrkʊ/
		pèrseɡa /pˈɛːrseɡa/ - pèrsica /pˈɛrsɪka/
		pèrseɡo /pˈɛːrseɡu/ - pèrsica /pˈɛrsɪka/
		rosso /rˈussu/ - russu /ʐˈussʊ/
		re /rˈɛ/ - re /ʐˈe/
		re /rˈɛ/ - reji /ʐˈejɪ/
		çittæ /sitˈɛː/ - cità /ɕitˈa/
		çinquanta /siŋkwˈaŋta/ - cinquanta /ɕiŋkwˈanta/
		scrîve /skrˈiːve/ - scrìviri /skɾˈiviɾɪ/
		scuo /skˈyːu/ - scuru /ʃkˈuɾʊ/
		Spàɡna /spˈaɲa/ - Spaɡna /ʃpˈaɲɲa/
		spâ /spˈaː/ - spata /ʃpˈata/
		spiña /spˈiŋa/ - spina /ʃpˈina/
		spîɡa /spˈiːɡa/ - spica /ʃpˈika/
		stela /stˈela/ - stidda /ʃtˈiɖɖa/
		sàn /sˈaŋ/ - sanu /sˈanʊ/
		saña /sˈaŋa/ - sana /sˈana/
		sâ /sˈaː/ - sali /sˈalɪ/
		sâio /sˈaːju/ - sàviu /sˈavjʊ/
		sàrsa /sˈaːrsa/ - sarsa /sˈarsa/
		sàrsa /sˈaːrsa/ - sausa /sˈawsa/
		sâvio /sˈaːvju/ - sàviu /sˈavjʊ/
		séia /sˈeja/ - sira /sˈiɾa/
		sécco /sˈeku/ - siccu /sˈikkʊ/
		çenie /sˈenje/ - cìnniri /ɕˈinnɪɾɪ/
		çê /sˈeː/ - celu /ɕˈɛlʊ/
		sêi /sˈeːj/ - sei /sˈɛj/
		çêxa /sˈeːʒa/ - cirasa /ɕiɾˈaza/
		çimma /sˈima/ - cima /ɕˈima/
		sorvia /sˈuːrvja/ - supra /sˈupra/
		sette /sˈɛte/ - setti /sˈɛttɪ/
		sæa /sˈɛːa/ - sita /sˈita/
		trei /trˈej/ - tri /ʈɽˈi/
		tésta /tˈesta/ - testa /tˈɛʃta/
		tempo /tˈeŋpu/ - tempu /tˈɛmpʊ/
		ti /tˈi/ - tu /tˈu/
		tutti /tˈyti/ - tutti /tˈuttɪ/
		tùtto /tˈytu/ - tuttu /tˈuttʊ/
		töo /tˈɔːu/ - tàuru /tˈawrʊ/
		tæra /tˈɛːra/ - terra /tˈɛʐʐa/
		verɡheuɡna /verɡˈøɲa/ - viriɡoɡna /viɾiɡˈɔɲɲa/
		veɡnî /veɲˈiː/ - vèniri /vˈɛnɪɾɪ/
		villan /vilˈaŋ/ - viḍḍanu /viɖɖˈanʊ/
		vitéllo /vitˈelu/ - viteddu /vitˈɛɖɖʊ/
		viâtri /vjˈaːtri/ - vui /vˈuj/
		voî /vwˈiː/ - vui /vˈuj/
		vedde /vˈede/ - vìdiri /vˈiɾiɾɪ/
		vénto /vˈeŋtu/ - ventu /vˈɛntʊ/
		vêɡio /vˈeːʤu/ - vecchiu /vˈɛccʊ/
		vìtta /vˈita/ - vita /vˈita/
		vin /vˈiŋ/ - vinu /vˈinʊ/
		vinti /vˈiŋti/ - vinti /vˈintɪ/
		vîa /vˈiːa/ - via /vˈia/
		vèrde /vˈɛːrde/ - virdi /vˈiɾdɪ/
		vèrme /vˈɛːrme/ - vemmu /vˈɛmmʊ/
		oeɡia /wˈeːʤa/ - auricchia /awɾˈicca/
		zeâ /zjˈaː/ - jilari /jilˈarɪ/
		zoêno /zwˈeːnu/ - ɡiùvini /ʤˈuvɪnɪ/
		zéneo /zˈenju/ - jènniru /jˈɛnnɪɾʊ/
		zuɡno /zˈyɲu/ - ɡiuɡnu /ʤˈuɲɲʊ/
		zêuɡo /zˈøːɡu/ - jocu /jˈɔkʊ/
		ödô /ɔːdˈuː/ - oluri /olˈuɾɪ/
		ötunno /ɔːtˈynu/ - autunnu /awtˈunnʊ/
		öxéllo /ɔːʒˈelu/ - aceddu /aɕˈɛɖɖʊ/
		ɡran /ɡrˈaŋ/ - ɡranu /ɡrˈanʊ/
		ɡrànde /ɡrˈaŋde/ - ɡranni /ɡɾˈannɪ/
		ɡròsso /ɡrˈɔsu/ - rossu /ɾˈɔssʊ/
		ɡatto /ɡˈatu/ - ɡattu /ɡˈattʊ/
		ɡôa /ɡˈuːa/ - ɡula /ɡˈula/
		sciàmma /ʃˈama/ - ciamma /çˈamma/
		sciô /ʃˈuː/ - ciuri /çˈuɾɪ/
		xoâ /ʒwˈaː/ - vulari /vulˈarɪ/
		ɡiassa /ʤˈasa/ - ɡhiacciu /ɟˈaʧʧʊ/
		ɡianco /ʤˈaŋku/ - jancu /jˈaŋkʊ/
		ɡiorno /ʤˈurnu/ - jornu /jˈɔɾnʊ/
		ɡiudise /ʤˈydise/ - iùdici /jˈuɾɪɕɪ/
		ciànze /ʧˈaŋze/ - chiànciri /cˈanɕɪɾɪ/
		ciâɡa /ʧˈaːɡa/ - chiaɡa /cˈaɡa/
		ciùmma /ʧˈyma/ - pinna /pˈinna/
		ciùmma /ʧˈyma/ - pinna /pˈinna/
		anno /ˈanu/ - anno /ˈannʊ/
		anɡeo /ˈanʤju/ - àncilu /ˈanɕɪlʊ/
		aɡɡio /ˈaʤu/ - aɡɡhia /ˈaɟɟa/
		arba /ˈaːrba/ - alba /ˈalba/
		âtro /ˈaːtru/ - àutru /ˈawʈɽʊ/
		äɡno /ˈaːɲu/ - raɡnu /rˈaɲɲʊ/
		órso /ˈuːrsu/ - ursu /ˈuɾsʊ/
		un /ˈyŋ/ - unu /ˈunʊ/
		éutto /ˈøtu/ - ottu /ˈɔttʊ/
		êuvo /ˈøːvu/ - ovu /ˈɔvʊ/
		ommo /ˈɔmu/ - omu /ˈɔmʊ/
		òsso /ˈɔsu/ - osso /ˈɔssʊ/
		öca /ˈɔːka/ - oca /ˈɔka/
		öo /ˈɔːu/ - auru /ˈawrʊ/
		öo /ˈɔːu/ - oro /ˈɔrʊ/
		èrbo /ˈɛːrbu/ - àrbiru /ˈaɾbɪɾʊ/

Final disqualified:
		dîo /dˈiːu/ - jìditu /jˈiɾitʊ/
		che /kˈe/ - chi /ci/
		lê /lˈeː/ - idda /ˈiɖɖa/
		lê /lˈeː/ - iddu /ˈiɖɖʊ/
		moæ /mwˈɛː/ - matri /mˈaʈɽɪ/
		piccin /piʧˈiŋ/ - nicu /nˈikʊ/
		poæ /pwˈɛː/ - patri /pˈaʈɽɪ/
		savei /savˈej/ - sapiri /sˈapɪɾɪ/
		ombrisallo /uŋbrisˈalu/ - viḍḍicu /viɖɖˈikʊ/
		sciùmme /ʃˈyme/ - rìu /rˈiʊ/


-------------------

