/blˈaʊ̯d̥/ - /bɽˈʉːə̯ð/
b-b / l-ɽ / ˈaʊ̯-ˈʉːə̯ / d̥-ð
{0: [0], 1: [1], 2: [2], 3: [3]}
{0: [0], 1: [1], 2: [2], 3: [3]}
SCORE: 26.333

-------------------

/blˈɔʏ̯n̩/ - /bɽˈyːœ̯ðɑ/
b-b / l-ɽ / ˈɔʏ̯-ˈyːœ̯ / n-ð_ɑ
{0: [0], 1: [1], 2: [2], 3: [3]}
{0: [0], 1: [1], 2: [2], 3: [3, 4]}
SCORE: 22.537

-------------------

/blˈɛə̯d̥/ - /bɽˈɑːð/
b-b / l-ɽ / ˈɛə̯-ˈɑː / d̥-ð
{0: [0], 1: [1], 2: [2], 3: [3]}
{0: [0], 1: [1], 2: [2], 3: [3]}
SCORE: 27.073

-------------------

/brˈaʊ̯ɐ/ - /brˈʉːə̯r/
b-b / r-r / ˈaʊ̯-ˈʉːə̯ / ɐ-r
{0: [0], 1: [1], 2: [2], 3: [3]}
{0: [0], 1: [1], 2: [2], 3: [3]}
SCORE: 23.884

-------------------

/brˈeo̯d̥/ - /brˈœːð/
b-b / r-r / ˈeo̯-ˈœː / d̥-ð
{0: [0], 1: [1], 2: [2], 3: [3]}
{0: [0], 1: [1], 2: [2], 3: [3]}
SCORE: 25.654

-------------------

/brˈuːən/ - /brˈʉɡːɑ/
b-b / r-r / ∅-ˈʉ / ˈuː-∅ / ə-ɡː / n-ɑ
{0: [0], 1: [1], 2: None, 3: [2], 4: [3], 5: [4]}
{0: [0], 1: [1], 2: [2], 3: None, 4: [3], 5: [4]}
SCORE: 5.668

-------------------

/brˈʏɡə/ - /brˈʏʥːɑ/
b-b / r-r / ˈʏ-ˈʏ / ɡ-ʥː / ə-ɑ
{0: [0], 1: [1], 2: [2], 3: [3], 4: [4]}
{0: [0], 1: [1], 2: [2], 3: [3], 4: [4]}
SCORE: 28.744

-------------------

/bˈaɐx/ - /bjˈær/
b-b / ∅-j / ˈa-ˈæ / ɐ-r / x-∅
{0: [0], 1: None, 2: [1], 3: [2], 4: [3]}
{0: [0], 1: [1], 2: [2], 3: [3], 4: None}
SCORE: 9.262

-------------------

/bˈaʊ̯k/ - /bˈʉːə̯k/
b-b / ˈaʊ̯-ˈʉːə̯ / k_#>-k_#>
{0: [0], 1: [1], 2: [2]}
{0: [0], 1: [1], 2: [2]}
SCORE: 22.383

-------------------

/bˈaːd̥/ - /bˈɑːð/
b-b / ˈaː-ˈɑː / d̥-ð
{0: [0], 1: [1], 2: [2]}
{0: [0], 1: [1], 2: [2]}
SCORE: 20.247

-------------------

/bˈeo̯t/ - /bˈɔːt/
b-b / ∅-ˈɔː / ˈeo̯-∅ / t-t
{0: [0], 1: None, 2: [1], 3: [2]}
{0: [0], 1: [1], 2: None, 3: [2]}
SCORE: 5.635

-------------------

/bˈeːtɐ/ - /bˈɛtːɛr/
b-b / ∅-ˈɛ / ˈeː-∅ / t-tː / ɐ-ɛ_r
{0: [0], 1: None, 2: [1], 3: [2], 4: [3]}
{0: [0], 1: [1], 2: None, 3: [2], 4: [3, 4]}
SCORE: 9.331

-------------------

/bˈiːtn̩/ - /bˈɑːi̯tɑ/
b-b / ˈiː-ˈɑːi̯ / t-t / n-ɑ
{0: [0], 1: [1], 2: [2], 3: [3]}
{0: [0], 1: [1], 2: [2], 3: [3]}
SCORE: 22.259

-------------------

/bˈɔst/ - /brˈɛst/
b-b / ∅-r / ∅-ˈɛ / ˈɔ-∅ / s-s / t-t
{0: [0], 1: None, 2: None, 3: [1], 4: [2], 5: [3]}
{0: [0], 1: [1], 2: [2], 3: None, 4: [3], 5: [4]}
SCORE: 5.151

-------------------

/bˈɛɪ̯n/ - /bˈiːe̯n/
b-b / ˈɛɪ̯-ˈiːe̯ / n-n
{0: [0], 1: [1], 2: [2]}
{0: [0], 1: [1], 2: [2]}
SCORE: 20.114

-------------------

/bˈɛɪ̯n̩/ - /bjˈʉːə̯ðɑ/
b-b / ˈɛɪ̯-j_ˈʉːə̯ / n-ð_ɑ
{0: [0], 1: [1], 2: [2]}
{0: [0], 1: [1, 2], 2: [3, 4]}
SCORE: 14.53

-------------------

/bˈɛɪ̯rə/ - /bˈɛr/
b-b / ˈɛɪ̯-ˈɛ / r-r / ə_#>-#>
{0: [0], 1: [1], 2: [2], 3: [3]}
{0: [0], 1: [1], 2: [2], 3: None}
SCORE: 15.166

-------------------

/bˈɛːɐ/ - /bˈyœ̯nː/
b-b / ˈɛː-ˈyœ̯ / ɐ-∅ / #>-nː_#>
{0: [0], 1: [1], 2: [2], 3: None}
{0: [0], 1: [1], 2: None, 3: [2]}
SCORE: 9.791

-------------------

/bˈɪdn̩/ - /bˈɪðɑ/
b-b / ˈɪ-ˈɪ / d-∅ / n-ð_ɑ
{0: [0], 1: [1], 2: [2], 3: [3]}
{0: [0], 1: [1], 2: None, 3: [2, 3]}
SCORE: 10.642

-------------------

/bˈɪnn̩/ - /bˈɪndɑ/
b-b / ˈɪ-ˈɪ / n-n_d / n-ɑ
{0: [0], 1: [1], 2: [2], 3: [3]}
{0: [0], 1: [1], 2: [2, 3], 3: [4]}
SCORE: 18.087

-------------------

/drˈeo̯m/ - /drˈœːm/
d-d / r-r / ˈeo̯-ˈœː / m-m
{0: [0], 1: [1], 2: [2], 3: [3]}
{0: [0], 1: [1], 2: [2], 3: [3]}
SCORE: 25.717

-------------------

/drˈiːvn̩/ - /drˈɑːi̯vɑ/
d-d / r-r / ˈiː-ˈɑːi̯ / v-v / n-ɑ
{0: [0], 1: [1], 2: [2], 3: [3], 4: [4]}
{0: [0], 1: [1], 2: [2], 3: [3], 4: [4]}
SCORE: 24.594

-------------------

/drˈøːmn̩/ - /drˈœːmɑ/
d-d / r-r / ∅-ˈœː / ˈøː-∅ / m-m / n-ɑ
{0: [0], 1: [1], 2: None, 3: [2], 4: [3], 5: [4]}
{0: [0], 1: [1], 2: [2], 3: None, 4: [3], 5: [4]}
SCORE: 10.757

-------------------

/drˈøːɣə/ - /tʰˈʉə̯rː/
d-tʰ / ∅-ˈʉə̯ / r-∅ / ˈøː_ɣ-rː / ə_#>-#>
{0: [0], 1: None, 2: [1], 3: [2, 3], 4: [4]}
{0: [0], 1: [1], 2: None, 3: [2], 4: None}
SCORE: -1.795

-------------------

/drˈɛɪ̯/ - /tʰrˈɑːi̯r/
d-tʰ / ∅-r / ∅-ˈɑːi̯ / r-r / ˈɛɪ̯-∅
{0: [0], 1: None, 2: None, 3: [1], 4: [2]}
{0: [0], 1: [1], 2: [2], 3: [3], 4: None}
SCORE: -1.212

-------------------

/drˈɪŋkn̩/ - /drˈɪkːɑ/
d-d / r-r / ˈɪ-ˈɪ / ŋ_k-kː / n-ɑ
{0: [0], 1: [1], 2: [2], 3: [3, 4], 4: [5]}
{0: [0], 1: [1], 2: [2], 3: [3], 4: [4]}
SCORE: 21.29

-------------------

/drˈʏkn̩/ - /tʰrˈʏʨːɑ/
d-tʰ / r-r / ˈʏ-ˈʏ / ∅-ʨː / k-∅ / n-ɑ
{0: [0], 1: [1], 2: [2], 3: None, 4: [3], 5: [4]}
{0: [0], 1: [1], 2: [2], 3: [3], 4: None, 5: [4]}
SCORE: 9.22

-------------------

/drˈʏtɒːn/ - /tʰrˈɛtːɔ̃/
d-tʰ / r-r / ∅-ˈɛ / ˈʏ-∅ / t-tː / ɒː-ɔ̃ / n_#>-#>
{0: [0], 1: [1], 2: None, 3: [2], 4: [3], 5: [4], 6: [5]}
{0: [0], 1: [1], 2: [2], 3: None, 4: [3], 5: [4], 6: None}
SCORE: 11.957

-------------------

/dˈaŋkn̩/ - /tʰˈɑkːɑ/
d-tʰ / ˈa-ˈɑ / ŋ_k-kː / n-ɑ
{0: [0], 1: [1], 2: [2, 3], 3: [4]}
{0: [0], 1: [1], 2: [2], 3: [3]}
SCORE: 16.843

-------------------

/dˈaɣ̊/ - /dˈɑːɣ/
d-d / ˈa-ˈɑː / ɣ̊-ɣ
{0: [0], 1: [1], 2: [2]}
{0: [0], 1: [1], 2: [2]}
SCORE: 16.84

-------------------

/dˈeo̯d̥/ - /dˈœːð/
d-d / ˈeo̯-ˈœː / d̥-ð
{0: [0], 1: [1], 2: [2]}
{0: [0], 1: [1], 2: [2]}
SCORE: 20.119

-------------------

/dˈuː/ - /dˈʉː/
d-d / ˈuː-ˈʉː
{0: [0], 1: [1]}
{0: [0], 1: [1]}
SCORE: 15.402

-------------------

/dˈuːvə/ - /dˈɑːu̯vɑ/
d-d / ˈuː-ˈɑːu̯ / v-v / ə-ɑ
{0: [0], 1: [1], 2: [2], 3: [3]}
{0: [0], 1: [1], 2: [2], 3: [3]}
SCORE: 22.598

-------------------

/dˈuːzn̩d̥/ - /tʰˈʉːsn̩/
d-tʰ / ˈuː-ˈʉː / z-s / n-n / d̥_#>-#>
{0: [0], 1: [1], 2: [2], 3: [3], 4: [4]}
{0: [0], 1: [1], 2: [2], 3: [3], 4: None}
SCORE: 21.347

-------------------

/dˈyːɐ/ - /dˈʏːr/
d-d / ˈyː-ˈʏː / ɐ-r
{0: [0], 1: [1], 2: [2]}
{0: [0], 1: [1], 2: [2]}
SCORE: 15.312

-------------------

/dˈœst/ - /tʰˈʉə̯st/
d-tʰ / ∅-ˈʉə̯ / ˈœ-∅ / s-s / t-t
{0: [0], 1: None, 2: [1], 3: [2], 4: [3]}
{0: [0], 1: [1], 2: None, 3: [2], 4: [3]}
SCORE: 8.766

-------------------

/dˈɔxtɐ/ - /dˈʉə̯tːɛr/
d-d / ∅-ˈʉə̯ / ˈɔ-∅ / x_t-tː / ɐ-ɛ_r
{0: [0], 1: None, 2: [1], 3: [2, 3], 4: [4]}
{0: [0], 1: [1], 2: None, 3: [2], 4: [3, 4]}
SCORE: 4.028

-------------------

/dˈɛɪ̯f/ - /ʨˈʉːə̯v/
∅-ʨ / d-∅ / ˈɛɪ̯-ˈʉːə̯ / f-v
{0: None, 1: [0], 2: [1], 3: [2]}
{0: [0], 1: None, 2: [1], 3: [2]}
SCORE: 3.928

-------------------

/dˈɛɪ̯p/ - /djˈʉːə̯p/
d-d / ˈɛɪ̯-j_ˈʉːə̯ / p-p
{0: [0], 1: [1], 2: [2]}
{0: [0], 1: [1, 2], 2: [3]}
SCORE: 20.998

-------------------

/dˈɛɪ̯ɐd̥/ - /djˈʉːə̯r/
d-d / ˈɛɪ̯-j_ˈʉːə̯ / ɐ-r / d̥_#>-#>
{0: [0], 1: [1], 2: [2], 3: [3]}
{0: [0], 1: [1, 2], 2: [3], 3: None}
SCORE: 14.525

-------------------

/dˈɪk/ - /tʰjˈokː/
d-tʰ / ∅-j / ∅-ˈo / ˈɪ-∅ / k-kː
{0: [0], 1: None, 2: None, 3: [1], 4: [2]}
{0: [0], 1: [1], 2: [2], 3: None, 4: [3]}
SCORE: -0.116

-------------------

/dˈɪŋ/ - /tʰˈɪŋɡ/
d-tʰ / ˈɪ-ˈɪ / ŋ-ŋ_ɡ
{0: [0], 1: [1], 2: [2]}
{0: [0], 1: [1], 2: [2, 3]}
SCORE: 20.601

-------------------

/dˈʏnə/ - /tʰˈʉnː/
d-tʰ / ∅-ˈʉ / ˈʏ-∅ / n-nː / ə_#>-#>
{0: [0], 1: None, 2: [1], 3: [2], 4: [3]}
{0: [0], 1: [1], 2: None, 3: [2], 4: None}
SCORE: 1.351

-------------------

/dˈʏtʃ/ - /tʰˈʏsk/
d-tʰ / ˈʏ-ˈʏ / t-∅ / ʃ-s_k
{0: [0], 1: [1], 2: [2], 3: [3]}
{0: [0], 1: [1], 2: None, 3: [2, 3]}
SCORE: 14.341

-------------------

/flˈɛɪ̯jə/ - /fɽˈʉːɣʉ/
f-f / l-ɽ / ∅-ˈʉː / ˈɛɪ̯-∅ / j-ɣ / ə-ʉ
{0: [0], 1: [1], 2: None, 3: [2], 4: [3], 5: [4]}
{0: [0], 1: [1], 2: [2], 3: None, 4: [3], 5: [4]}
SCORE: 7.342

-------------------

/flˈɛɪ̯ŋ/ - /fɽjˈʉːə̯ɣɑ/
f-f / l-ɽ / ˈɛɪ̯-j_ˈʉːə̯ / ŋ-ɣ_ɑ
{0: [0], 1: [1], 2: [2], 3: [3]}
{0: [0], 1: [1], 2: [2, 3], 3: [4, 5]}
SCORE: 20.301

-------------------

/frˈɛɪ̯zn̩/ - /frjˈʉːə̯sɑ/
f-f / r-r / ˈɛɪ̯-j_ˈʉːə̯ / z-s / n-ɑ
{0: [0], 1: [1], 2: [2], 3: [3], 4: [4]}
{0: [0], 1: [1], 2: [2, 3], 3: [4], 4: [5]}
SCORE: 24.707

-------------------

/frˈɪʃ/ - /frˈɪsk/
f-f / r-r / ˈɪ-ˈɪ / ʃ-s_k
{0: [0], 1: [1], 2: [2], 3: [3]}
{0: [0], 1: [1], 2: [2], 3: [3, 4]}
SCORE: 25.633

-------------------

/fˈaʊ̯t/ - /fˈʉːə̯t/
f-f / ˈaʊ̯-ˈʉːə̯ / t-t
{0: [0], 1: [1], 2: [2]}
{0: [0], 1: [1], 2: [2]}
SCORE: 21.21

-------------------

/fˈeːɐ/ - /fjˈæːðɛr/
f-f / ˈeː-j / ∅-ˈæː / ∅-ð / ɐ-ɛ_r
{0: [0], 1: [1], 2: None, 3: None, 4: [2]}
{0: [0], 1: [1], 2: [2], 3: [3], 4: [4, 5]}
SCORE: 7.358

-------------------

/fˈoːɐ/ - /fˈɛr/
f-f / ∅-ˈɛ / ˈoː-∅ / ɐ-r
{0: [0], 1: None, 2: [1], 3: [2]}
{0: [0], 1: [1], 2: None, 3: [2]}
SCORE: 3.746

-------------------

/fˈuːɣl̩/ - /fˈʉːɣɛɽ/
f-f / ˈuː-ˈʉː / ɣ-ɣ / l-ɛ_ɽ
{0: [0], 1: [1], 2: [2], 3: [3]}
{0: [0], 1: [1], 2: [2], 3: [3, 4]}
SCORE: 21.928

-------------------

/fˈyːɐ/ - /fˈʏːr/
f-f / ˈyː-ˈʏː / ɐ-r
{0: [0], 1: [1], 2: [2]}
{0: [0], 1: [1], 2: [2]}
SCORE: 16.483

-------------------

/fˈɒːdɐ/ - /fˈɑːðɛr/
f-f / ˈɒː-ˈɑː / ∅-ð / d-∅ / ɐ-ɛ_r
{0: [0], 1: [1], 2: None, 3: [2], 4: [3]}
{0: [0], 1: [1], 2: [2], 3: None, 4: [3, 4]}
SCORE: 8.256

-------------------

/fˈɔʏ̯tə/ - /fˈʉːə̯tɑ̃/
f-f / ∅-ˈʉːə̯ / ˈɔʏ̯-∅ / t-t / ə-ɑ̃
{0: [0], 1: None, 2: [1], 3: [2], 4: [3]}
{0: [0], 1: [1], 2: None, 3: [2], 4: [3]}
SCORE: 10.042

-------------------

/fˈɛɪ̯ɐ/ - /fjˈʉːə̯rɛr/
f-f / ˈɛɪ̯-j_ˈʉːə̯ / ∅-r / ɐ-ɛ_r
{0: [0], 1: [1], 2: None, 3: [2]}
{0: [0], 1: [1, 2], 2: [3], 3: [4, 5]}
SCORE: 13.817

-------------------

/fˈɪnn̩/ - /fˈɪnːɑ/
f-f / ˈɪ-ˈɪ / n_n-nː_ɑ
{0: [0], 1: [1], 2: [2, 3]}
{0: [0], 1: [1], 2: [2, 3]}
SCORE: 23.439

-------------------

/fˈɪŋɐ/ - /fˈɪŋɡɛr/
f-f / ˈɪ-ˈɪ / ŋ-ŋ_ɡ / ɐ-ɛ_r
{0: [0], 1: [1], 2: [2], 3: [3]}
{0: [0], 1: [1], 2: [2, 3], 3: [4, 5]}
SCORE: 25.443

-------------------

/fˈɪʃ/ - /fˈɪsk/
f-f / ˈɪ-ˈɪ / ʃ-s_k
{0: [0], 1: [1], 2: [2]}
{0: [0], 1: [1], 2: [2, 3]}
SCORE: 21.468

-------------------

/fˈʊl/ - /fˈʉlː/
f-f / ˈʊ-ˈʉ / l-lː
{0: [0], 1: [1], 2: [2]}
{0: [0], 1: [1], 2: [2]}
SCORE: 20.029

-------------------

/hˈalf/ - /ˈɔːv/
<#_h-<# / ˈa_l-ˈɔː / f-v
{0: [0], 1: [1, 2], 2: [3]}
{0: None, 1: [0], 2: [1]}
SCORE: 9.663

-------------------

/hˈand̥/ - /ˈɑnd/
<#_h-<# / ˈa-ˈɑ / n-n / d̥_#>-d_#>
{0: [0], 1: [1], 2: [2], 3: [3]}
{0: None, 1: [0], 2: [1], 3: [2]}
SCORE: 16.968

-------------------

/hˈaɐtə/ - /jˈærtɑ/
h-j / ˈa-ˈæ / ɐ_t-r_t / ə-ɑ
{0: [0], 1: [1], 2: [2, 3], 3: [4]}
{0: [0], 1: [1], 2: [2, 3], 3: [4]}
SCORE: 21.55

-------------------

/hˈeo̯x/ - /ˈoːɣ/
<#_h-<# / ˈeo̯-ˈoː / ∅-ɣ / x-∅
{0: [0], 1: [1], 2: None, 3: [2]}
{0: None, 1: [0], 2: [1], 3: None}
SCORE: -1.826

-------------------

/hˈiːɐ/ - /jˈæːr/
<#-<#_j / h-ˈæː / ˈiː-∅ / ɐ-r
{0: None, 1: [0], 2: [1], 3: [2]}
{0: [0], 1: [1], 2: None, 3: [2]}
SCORE: 1.079

-------------------

/hˈuːd̥/ - /ˈɑːu̯ð/
<#_h-<# / ˈuː-ˈɑːu̯ / d̥-ð
{0: [0], 1: [1], 2: [2]}
{0: None, 1: [0], 2: [1]}
SCORE: 13.168

-------------------

/hˈuːz̥/ - /ˈɑːu̯s/
<#_h-<# / ˈuː-ˈɑːu̯ / z̥_#>-s_#>
{0: [0], 1: [1], 2: [2]}
{0: None, 1: [0], 2: [1]}
SCORE: 15.238

-------------------

/hˈɒːɐ/ - /ˈɔːr/
<#_h-<# / ˈɒː-ˈɔː / ɐ-r
{0: [0], 1: [1], 2: [2]}
{0: None, 1: [0], 2: [1]}
SCORE: 11.333

-------------------

/hˈɔnɪç/ - /ˈoːnʉŋɡ/
<#_h-<# / ∅-ˈoː / ˈɔ-∅ / n-n / ɪ-ʉ / ∅-ŋ / ∅-ɡ / ç-∅
{0: [0], 1: None, 2: [1], 3: [2], 4: [3], 5: None, 6: None, 7: [4]}
{0: None, 1: [0], 2: None, 3: [1], 4: [2], 5: [3], 6: [4], 7: None}
SCORE: -15.885

-------------------

/hˈɔʏ̯ɐn/ - /ˈæːra/
h-ˈæː / ˈɔʏ̯-∅ / ɐ-r / n-a
{0: [0], 1: [1], 2: [2], 3: [3]}
{0: [0], 1: None, 2: [1], 3: [2]}
SCORE: 2.593

-------------------

/hˈɛlpn̩/ - /jˈɔːpɑ/
<#_h-<# / ˈɛ-j / l-ˈɔː / p-p / n-ɑ
{0: [0], 1: [1], 2: [2], 3: [3], 4: [4]}
{0: None, 1: [0], 2: [1], 3: [2], 4: [3]}
SCORE: 14.077

-------------------

/hˈɛn/ - /ˈyːœ̯nɑ/
<#_h-<# / ∅-ˈyːœ̯ / ˈɛ-∅ / n-n / #>-ɑ_#>
{0: [0], 1: None, 2: [1], 3: [2], 4: None}
{0: None, 1: [0], 2: None, 3: [1], 4: [2]}
SCORE: -6.376

-------------------

/hˈɛɪ̯t/ - /ˈiːe̯t/
<#_h-<# / ˈɛɪ̯-ˈiːe̯ / t-t
{0: [0], 1: [1], 2: [2]}
{0: None, 1: [0], 2: [1]}
SCORE: 12.518

-------------------

/hˈɪlɪç/ - /ˈiːe̯ɽɪn/
<#_h-<# / ∅-ˈiːe̯ / ˈɪ-∅ / l-ɽ / ɪ-ɪ / ç-∅ / #>-n_#>
{0: [0], 1: None, 2: [1], 3: [2], 4: [3], 5: [4], 6: None}
{0: None, 1: [0], 2: None, 3: [1], 4: [2], 5: None, 6: [3]}
SCORE: -6.147

-------------------

/hˈʊŋɐ/ - /ˈʉŋɡɛr/
<#_h-<# / ˈʊ-ˈʉ / ŋ-ŋ_ɡ / ɐ-ɛ_r
{0: [0], 1: [1], 2: [2], 3: [3]}
{0: None, 1: [0], 2: [1, 2], 3: [3, 4]}
SCORE: 17.699

-------------------

/jrˈɔʏ̯n/ - /ɡrˈyːœ̯n/
j-ɡ / r-r / ˈɔʏ̯-ˈyːœ̯ / n-n
{0: [0], 1: [1], 2: [2], 3: [3]}
{0: [0], 1: [1], 2: [2], 3: [3]}
SCORE: 22.446

-------------------

/jˈɒːɐ/ - /ˈɔːr/
<#_j-<# / ˈɒː-ˈɔː / ɐ-r
{0: [0], 1: [1], 2: [2]}
{0: None, 1: [0], 2: [1]}
SCORE: 10.882

-------------------

/jˈɛl/ - /ɡˈʉːə̯ɽ/
j-ɡ / ∅-ˈʉːə̯ / ˈɛ-∅ / l_#>-ɽ_#>
{0: [0], 1: None, 2: [1], 3: [2]}
{0: [0], 1: [1], 2: None, 3: [2]}
SCORE: 2.727

-------------------

/jˈʊŋ/ - /ˈʉŋɡ/
<#_j-<# / ˈʊ-ˈʉ / ŋ-ŋ_ɡ
{0: [0], 1: [1], 2: [2]}
{0: None, 1: [0], 2: [1, 2]}
SCORE: 13.591

-------------------

/knˈɛɪ̯/ - /kʰnˈɪː/
k-kʰ / n-n / ˈɛɪ̯-ˈɪː
{0: [0], 1: [1], 2: [2]}
{0: [0], 1: [1], 2: [2]}
SCORE: 16.492

-------------------

/knˈʊtə/ - /kʰnˈɑːu̯t/
k-kʰ / n-n / ∅-ˈɑːu̯ / ˈʊ-∅ / t-t / ə_#>-#>
{0: [0], 1: [1], 2: None, 3: [2], 4: [3], 5: [4]}
{0: [0], 1: [1], 2: [2], 3: None, 4: [3], 5: None}
SCORE: 6.627

-------------------

/kˈalf/ - /kʰˈɔːv/
k-kʰ / ˈa_l-ˈɔː / f-v
{0: [0], 1: [1, 2], 2: [3]}
{0: [0], 1: [1], 2: [2]}
SCORE: 17.506

-------------------

/kˈatə/ - /kʰˈɑtːɑ/
k-kʰ / ˈa-ˈɑ / t-tː / ə-ɑ
{0: [0], 1: [1], 2: [2], 3: [3]}
{0: [0], 1: [1], 2: [2], 3: [3]}
SCORE: 23.283

-------------------

/kˈoːmn̩/ - /kʰˈʉmɔ/
k-kʰ / ˈoː-ˈʉ / m-m / n-ɔ
{0: [0], 1: [1], 2: [2], 3: [3]}
{0: [0], 1: [1], 2: [2], 3: [3]}
SCORE: 18.817

-------------------

/kˈœnn̩/ - /kʰˈʉnːɑ/
k-kʰ / ∅-ˈʉ / ˈœ-∅ / n_n-nː_ɑ
{0: [0], 1: None, 2: [1], 3: [2, 3]}
{0: [0], 1: [1], 2: None, 3: [2, 3]}
SCORE: 7.681

-------------------

/kˈɔld̥/ - /kʰˈold/
k-kʰ / ˈɔ-ˈo / l-l / d̥_#>-d_#>
{0: [0], 1: [1], 2: [2], 3: [3]}
{0: [0], 1: [1], 2: [2], 3: [3]}
SCORE: 27.466

-------------------

/kˈɛnn̩/ - /kʰˈɛnːɑ/
k-kʰ / ˈɛ-ˈɛ / n_n-nː_ɑ
{0: [0], 1: [1], 2: [2, 3]}
{0: [0], 1: [1], 2: [2, 3]}
SCORE: 20.618

-------------------

/kˈɛːɐkə/ - /ʨˈyœ̯rʨɑ/
k-ʨ / ˈɛː-ˈyœ̯ / ɐ-r / k-ʨ / ə-ɑ
{0: [0], 1: [1], 2: [2], 3: [3], 4: [4]}
{0: [0], 1: [1], 2: [2], 3: [3], 4: [4]}
SCORE: 21.438

-------------------

/lˈand̥/ - /ɽˈɑnd/
l-ɽ / ˈa-ˈɑ / n-n / d̥_#>-d_#>
{0: [0], 1: [1], 2: [2], 3: [3]}
{0: [0], 1: [1], 2: [2], 3: [3]}
SCORE: 24.307

-------------------

/lˈaxn̩/ - /ɽˈæːɑ/
l-ɽ / ∅-ˈæː / ˈa-∅ / x-∅ / n-ɑ
{0: [0], 1: None, 2: [1], 3: [2], 4: [3]}
{0: [0], 1: [1], 2: None, 3: None, 4: [2]}
SCORE: -4.081

-------------------

/lˈaŋ/ - /ɽˈɑːu̯ŋɡ/
l-ɽ / ∅-ˈɑːu̯ / ˈa-∅ / ŋ-ŋ_ɡ
{0: [0], 1: None, 2: [1], 3: [2]}
{0: [0], 1: [1], 2: None, 3: [2, 3]}
SCORE: 5.524

-------------------

/lˈoːbm̩/ - /ɽˈœːpɑ/
l-ɽ / ∅-ˈœː / ∅-p / ˈoː-∅ / b-∅ / m-ɑ
{0: [0], 1: None, 2: None, 3: [1], 4: [2], 5: [3]}
{0: [0], 1: [1], 2: [2], 3: None, 4: None, 5: [3]}
SCORE: -10.895

-------------------

/lˈɛɪ̯ŋ/ - /ɽjˈʉːə̯ɣɑ/
l-ɽ / ˈɛɪ̯-j_ˈʉːə̯ / ŋ-ɣ_ɑ
{0: [0], 1: [1], 2: [2]}
{0: [0], 1: [1, 2], 2: [3, 4]}
SCORE: 14.562

-------------------

/lˈɪçtə/ - /ɽˈɪtː/
l-ɽ / ˈɪ-ˈɪ / ç-∅ / t-tː / ə_#>-#>
{0: [0], 1: [1], 2: [2], 3: [3], 4: [4]}
{0: [0], 1: [1], 2: None, 3: [2], 4: None}
SCORE: 12.739

-------------------

/lˈɪɡn̩/ - /ɽˈɪɡːɑ/
l-ɽ / ˈɪ-ˈɪ / ∅-ɡː / ɡ-∅ / n-ɑ
{0: [0], 1: [1], 2: None, 3: [2], 4: [3]}
{0: [0], 1: [1], 2: [2], 3: None, 4: [3]}
SCORE: 6.382

-------------------

/mˈaxt/ - /mˈɑkt/
m-m / ˈa-ˈɑ / ∅-k / x-∅ / t-t
{0: [0], 1: [1], 2: None, 3: [2], 4: [3]}
{0: [0], 1: [1], 2: [2], 3: None, 4: [3]}
SCORE: 10.939

-------------------

/mˈuːz̥/ - /mˈɑːu̯s/
m-m / ˈuː-ˈɑːu̯ / z̥_#>-s_#>
{0: [0], 1: [1], 2: [2]}
{0: [0], 1: [1], 2: [2]}
SCORE: 23.683

-------------------

/mˈɒːnd̥/ - /mˈoːnɑð/
m-m / ∅-ˈoː / ˈɒː-∅ / n-n / ∅-ɑ / d̥-ð
{0: [0], 1: None, 2: [1], 3: [2], 4: None, 5: [3]}
{0: [0], 1: [1], 2: None, 3: [2], 4: [3], 5: [4]}
SCORE: 4.613

-------------------

/mˈɛlk/ - /mjˈoːk/
m-m / ˈɛ-j / ∅-ˈoː / l-∅ / k_#>-k_#>
{0: [0], 1: [1], 2: None, 3: [2], 4: [3]}
{0: [0], 1: [1], 2: [2], 3: None, 4: [3]}
SCORE: 9.073

-------------------

/mˈɪnʃə/ - /mˈɛnːɪsʨ/
m-m / ∅-ˈɛ / ˈɪ-∅ / n-nː / ∅-ɪ / ʃ-s_ʨ / ə_#>-#>
{0: [0], 1: None, 2: [1], 3: [2], 4: None, 5: [3], 6: [4]}
{0: [0], 1: [1], 2: None, 3: [2], 4: [3], 5: [4, 5], 6: None}
SCORE: 3.039

-------------------

/mˈʊdɐ/ - /mˈʉ̃ːə̯r/
m-m / ˈʊ_d-ˈʉ̃ːə̯ / ɐ-r
{0: [0], 1: [1, 2], 2: [3]}
{0: [0], 1: [1], 2: [2]}
SCORE: 15.403

-------------------

/mˈʊnd̥/ - /mˈʉnː/
m-m / ˈʊ-ˈʉ / n-nː / d̥_#>-#>
{0: [0], 1: [1], 2: [2], 3: [3]}
{0: [0], 1: [1], 2: [2], 3: None}
SCORE: 18.699

-------------------

/nˈax/ - /nˈɔ̃ːt/
<#_n-<#_n / ∅-ˈɔ̃ː / ˈa-∅ / x-∅ / #>-t_#>
{0: [0], 1: None, 2: [1], 3: [2], 4: None}
{0: [0], 1: [1], 2: None, 3: None, 4: [2]}
SCORE: -5.036

-------------------

/nˈeːɣn̩/ - /nˈɪːʉ/
<#_n-<#_n / ˈeː-ˈɪː / ɣ-∅ / n-∅ / #>-ʉ_#>
{0: [0], 1: [1], 2: [2], 3: [3], 4: None}
{0: [0], 1: [1], 2: None, 3: None, 4: [2]}
SCORE: 2.254

-------------------

/nˈiː/ - /nˈʏː/
<#_n-<#_n / ∅-ˈʏː / ˈiː-∅
{0: [0], 1: None, 2: [1]}
{0: [0], 1: [1], 2: None}
SCORE: 1.469

-------------------

/nˈɒːkət/ - /nˈɑːkʉn/
<#_n-<#_n / ˈɒː-ˈɑː / k-k / ə-ʉ / t-∅ / #>-n_#>
{0: [0], 1: [1], 2: [2], 3: [3], 4: [4], 5: None}
{0: [0], 1: [1], 2: [2], 3: [3], 4: None, 5: [4]}
SCORE: 14.545

-------------------

/nˈɒːmə/ - /nˈɑmːɛn/
<#_n-<#_n / ˈɒː-ˈɑ / ∅-mː / ∅-ɛ / m-∅ / ə-∅ / #>-n_#>
{0: [0], 1: [1], 2: None, 3: None, 4: [2], 5: [3], 6: None}
{0: [0], 1: [1], 2: [2], 3: [3], 4: None, 5: None, 6: [4]}
SCORE: -8.685

-------------------

/nˈɔt/ - /nˈœːt/
<#_n-<#_n / ∅-ˈœː / ˈɔ-∅ / t-t
{0: [0], 1: None, 2: [1], 3: [2]}
{0: [0], 1: [1], 2: None, 3: [2]}
SCORE: 6.097

-------------------

/nˈɛːjl̩/ - /nˈɑːɣɛɽ/
<#_n-<#_n / ∅-ˈɑː / ˈɛː-∅ / j-ɣ / l-ɛ_ɽ
{0: [0], 1: None, 2: [1], 3: [2], 4: [3]}
{0: [0], 1: [1], 2: None, 3: [2], 4: [3, 4]}
SCORE: 5.692

-------------------

/nˈɛːzə/ - /nˈɛːv/
<#_n-<#_n / ˈɛː-ˈɛː / z-∅ / ə-∅ / #>-v_#>
{0: [0], 1: [1], 2: [2], 3: [3], 4: None}
{0: [0], 1: [1], 2: None, 3: None, 4: [2]}
SCORE: 3.585

-------------------

/rˈeo̯d̥/ - /rˈoːð/
<#_r-<#_r / ˈeo̯-ˈoː / d̥-ð
{0: [0], 1: [1], 2: [2]}
{0: [0], 1: [1], 2: [2]}
SCORE: 21.352

-------------------

/rˈeo̯k/ - /rˈœːk/
<#_r-<#_r / ˈeo̯-ˈœː / k_#>-k_#>
{0: [0], 1: [1], 2: [2]}
{0: [0], 1: [1], 2: [2]}
SCORE: 22.708

-------------------

/rˈiːk/ - /rˈɑːi̯k/
<#_r-<#_r / ˈiː-ˈɑːi̯ / k_#>-k_#>
{0: [0], 1: [1], 2: [2]}
{0: [0], 1: [1], 2: [2]}
SCORE: 22.553

-------------------

/rˈɛçt/ - /rˈɛtː/
<#_r-<#_r / ˈɛ-ˈɛ / ç-∅ / t-tː
{0: [0], 1: [1], 2: [2], 3: [3]}
{0: [0], 1: [1], 2: None, 3: [2]}
SCORE: 13.841

-------------------

/rˈɛːn/ - /rˈɑːi̯ŋɛn/
<#_r-<#_r / ∅-ˈɑːi̯ / ∅-ŋ / ˈɛː-∅ / n-ɛ_n
{0: [0], 1: None, 2: None, 3: [1], 4: [2]}
{0: [0], 1: [1], 2: [2], 3: None, 4: [3, 4]}
SCORE: -3.867

-------------------

/rˈɪŋ/ - /rˈɪŋɡ/
<#_r-<#_r / ˈɪ-ˈɪ / ŋ-ŋ_ɡ
{0: [0], 1: [1], 2: [2]}
{0: [0], 1: [1], 2: [2, 3]}
SCORE: 22.215

-------------------

/rˈʏɣə/ - /rˈʏɡː/
<#_r-<#_r / ˈʏ-ˈʏ / ɣ-∅ / ə-ɡː
{0: [0], 1: [1], 2: [2], 3: [3]}
{0: [0], 1: [1], 2: None, 3: [2]}
SCORE: 10.345

-------------------

/snˈɛɪ̯/ - /snjˈʉ̃ːə̯/
s-s / n-n / ˈɛɪ̯-j / ∅-ˈʉ̃ːə̯
{0: [0], 1: [1], 2: [2], 3: None}
{0: [0], 1: [1], 2: [2], 3: [3]}
SCORE: 12.778

-------------------

/sprˈɒːkə/ - /sprˈɔːk/
s-s / p-p / r-r / ˈɒː-ˈɔː / k-k / ə_#>-#>
{0: [0], 1: [1], 2: [2], 3: [3], 4: [4], 5: [5]}
{0: [0], 1: [1], 2: [2], 3: [3], 4: [4], 5: None}
SCORE: 28.865

-------------------

/stˈaʊ̯l/ - /stˈʉːə̯ɽ/
s-s / t-t / ˈaʊ̯-ˈʉːə̯ / l_#>-ɽ_#>
{0: [0], 1: [1], 2: [2], 3: [3]}
{0: [0], 1: [1], 2: [2], 3: [3]}
SCORE: 25.739

-------------------

/stˈeːɐn/ - /stˈiːe̯nːɑ/
s-s / t-t / ∅-ˈiːe̯ / ˈeː-∅ / ɐ-∅ / n-nː_ɑ
{0: [0], 1: [1], 2: None, 3: [2], 4: [3], 5: [4]}
{0: [0], 1: [1], 2: [2], 3: None, 4: None, 5: [3, 4]}
SCORE: 2.801

-------------------

/stˈɔɐm/ - /stˈorm/
s-s / t-t / ˈɔ-ˈo / ɐ-r / m-m
{0: [0], 1: [1], 2: [2], 3: [3], 4: [4]}
{0: [0], 1: [1], 2: [2], 3: [3], 4: [4]}
SCORE: 29.827

-------------------

/stˈɛɪ̯n/ - /stˈiːe̯/
s-s / t-t / ˈɛɪ̯-ˈiːe̯ / n_#>-#>
{0: [0], 1: [1], 2: [2], 3: [3]}
{0: [0], 1: [1], 2: [2], 3: None}
SCORE: 16.583

-------------------

/swˈaɐt/ - /swˈɑrt/
s-s / w-w / ˈa-ˈɑ / ɐ_t-r_t
{0: [0], 1: [1], 2: [2], 3: [3, 4]}
{0: [0], 1: [1], 2: [2], 3: [3, 4]}
SCORE: 27.515

-------------------

/swˈiːn/ - /swˈɑːi̯n/
s-s / w-w / ˈiː-ˈɑːi̯ / n-n
{0: [0], 1: [1], 2: [2], 3: [3]}
{0: [0], 1: [1], 2: [2], 3: [3]}
SCORE: 22.806

-------------------

/swˈɛstɐ/ - /sˈʏstɛr/
s-s / ∅-ˈʏ / w-∅ / ˈɛ-∅ / s-s / t-t / ɐ-ɛ_r
{0: [0], 1: None, 2: [1], 3: [2], 4: [3], 5: [4], 6: [5]}
{0: [0], 1: [1], 2: None, 3: None, 4: [2], 5: [3], 6: [4, 5]}
SCORE: 7.387

-------------------

/swˈɛɪ̯t/ - /swˈɛtː/
s-s / w-w / ˈɛɪ̯-ˈɛ / t-tː
{0: [0], 1: [1], 2: [2], 3: [3]}
{0: [0], 1: [1], 2: [2], 3: [3]}
SCORE: 20.264

-------------------

/swˈɪm/ - /sˈɪmːɑ/
s-s / w-∅ / ˈɪ-ˈɪ / ∅-mː / m-ɑ
{0: [0], 1: [1], 2: [2], 3: None, 4: [3]}
{0: [0], 1: None, 2: [1], 3: [2], 4: [3]}
SCORE: 4.145

-------------------

/tvˈœlf/ - /tʰˈoɽv/
<#_t-<#_tʰ / ∅-ˈo / v-∅ / ˈœ-∅ / l-ɽ / f-v
{0: [0], 1: None, 2: [1], 3: [2], 4: [3], 5: [4]}
{0: [0], 1: [1], 2: None, 3: None, 4: [2], 5: [3]}
SCORE: 4.343

-------------------

/tvˈɛɪ̯/ - /tʰwˈɔː/
<#_t-<#_tʰ / v-w / ∅-ˈɔː / ˈɛɪ̯-∅
{0: [0], 1: [1], 2: None, 3: [2]}
{0: [0], 1: [1], 2: [2], 3: None}
SCORE: 2.3

-------------------

/tˈiːd̥/ - /tʰˈɪːð/
<#_t-<#_tʰ / ˈiː-ˈɪː / d̥-ð
{0: [0], 1: [1], 2: [2]}
{0: [0], 1: [1], 2: [2]}
SCORE: 19.759

-------------------

/tˈɛɪ̯kn̩/ - /tʰˈɛkːɛn/
<#_t-<#_tʰ / ˈɛɪ̯-ˈɛ / k-kː / n-ɛ_n
{0: [0], 1: [1], 2: [2], 3: [3]}
{0: [0], 1: [1], 2: [2], 3: [3, 4]}
SCORE: 17.436

-------------------

/tˈɛɪ̯n/ - /tʰˈɪːʉ/
<#_t-<#_tʰ / ˈɛɪ̯-ˈɪː / n-∅ / #>-ʉ_#>
{0: [0], 1: [1], 2: [2], 3: None}
{0: [0], 1: [1], 2: None, 3: [2]}
SCORE: 4.362

-------------------

/tˈɛːnə/ - /tʰˈɑnː/
<#_t-<#_tʰ / ∅-ˈɑ / ˈɛː-∅ / n-nː / ə_#>-#>
{0: [0], 1: None, 2: [1], 3: [2], 4: [3]}
{0: [0], 1: [1], 2: None, 3: [2], 4: None}
SCORE: 1.614

-------------------

/tˈʊŋə/ - /tʰˈʉŋɡɑ/
<#_t-<#_tʰ / ˈʊ-ˈʉ / ŋ-ŋ_ɡ / ə-ɑ
{0: [0], 1: [1], 2: [2], 3: [3]}
{0: [0], 1: [1], 2: [2, 3], 3: [4]}
SCORE: 24.165

-------------------

/vˈat/ - /wˈɛːn/
v-w / ∅-ˈɛː / ˈa-∅ / t-∅ / #>-n_#>
{0: [0], 1: None, 2: [1], 3: [2], 4: None}
{0: [0], 1: [1], 2: None, 3: None, 4: [2]}
SCORE: -9.234

-------------------

/vˈaɪ̯k/ - /wˈɛːk/
v-w / ˈaɪ̯-ˈɛː / k_#>-k_#>
{0: [0], 1: [1], 2: [2]}
{0: [0], 1: [1], 2: [2]}
SCORE: 21.359

-------------------

/vˈaːɐm/ - /wˈɑrm/
v-w / ∅-ˈɑ / ˈaː-∅ / ɐ-r / m-m
{0: [0], 1: None, 2: [1], 3: [2], 4: [3]}
{0: [0], 1: [1], 2: None, 3: [2], 4: [3]}
SCORE: 6.465

-------------------

/vˈeːkə/ - /wˈɪːkʉ/
v-w / ˈeː-ˈɪː / k-k / ə-ʉ
{0: [0], 1: [1], 2: [2], 3: [3]}
{0: [0], 1: [1], 2: [2], 3: [3]}
SCORE: 16.887

-------------------

/vˈiː/ - /wˈɪ̃ːð/
v-w / ˈiː-ˈɪ̃ː / ∅-ð
{0: [0], 1: [1], 2: None}
{0: [0], 1: [1], 2: [2]}
SCORE: 4.553

-------------------

/vˈiːn/ - /wˈɪːn/
v-w / ˈiː-ˈɪː / n-n
{0: [0], 1: [1], 2: [2]}
{0: [0], 1: [1], 2: [2]}
SCORE: 16.63

-------------------

/vˈoːɐd̥/ - /ˈʉə̯rd/
v_ˈoː-ˈʉə̯ / ɐ-r / d̥_#>-d_#>
{0: [0, 1], 1: [2], 2: [3]}
{0: [0], 1: [1], 2: [2]}
SCORE: 13.721

-------------------

/vˈoːɐm/ - /ˈʉə̯rm/
v_ˈoː-ˈʉə̯ / ɐ-r / m-m
{0: [0, 1], 1: [2], 2: [3]}
{0: [0], 1: [1], 2: [2]}
SCORE: 14.55

-------------------

/vˈɒːtɐ/ - /wˈɑtn̩/
v-w / ˈɒː-ˈɑ / t-t / ɐ-∅ / #>-n_#>
{0: [0], 1: [1], 2: [2], 3: [3], 4: None}
{0: [0], 1: [1], 2: [2], 3: None, 4: [3]}
SCORE: 6.957

-------------------

/vˈɛtn̩/ - /wˈɪtɔ/
v-w / ∅-ˈɪ / ˈɛ-∅ / t-t / n-ɔ
{0: [0], 1: None, 2: [1], 3: [2], 4: [3]}
{0: [0], 1: [1], 2: None, 3: [2], 4: [3]}
SCORE: 2.83

-------------------

/vˈɛːɐ/ - /wˈɛːðɛr/
v-w / ˈɛː-ˈɛː / ∅-ð / ɐ-ɛ_r
{0: [0], 1: [1], 2: None, 3: [2]}
{0: [0], 1: [1], 2: [2], 3: [3, 4]}
SCORE: 8.284

-------------------

/vˈɪlə/ - /wˈɪld/
v-w / ˈɪ-ˈɪ / l-l / ə-∅ / #>-d_#>
{0: [0], 1: [1], 2: [2], 3: [3], 4: None}
{0: [0], 1: [1], 2: [2], 3: None, 4: [3]}
SCORE: 13.518

-------------------

/vˈɪnd̥/ - /wˈɪnd/
v-w / ˈɪ-ˈɪ / n-n / d̥_#>-d_#>
{0: [0], 1: [1], 2: [2], 3: [3]}
{0: [0], 1: [1], 2: [2], 3: [3]}
SCORE: 22.048

-------------------

/vˈɪntɐ/ - /wˈɪtːɛr/
v-w / ˈɪ-ˈɪ / n-∅ / t-tː / ɐ-ɛ_r
{0: [0], 1: [1], 2: [2], 3: [3], 4: [4]}
{0: [0], 1: [1], 2: None, 3: [2], 4: [3, 4]}
SCORE: 16.27

-------------------

/vˈɪt/ - /wˈɑːi̯t/
v-w / ∅-ˈɑːi̯ / ˈɪ-∅ / t-t
{0: [0], 1: None, 2: [1], 3: [2]}
{0: [0], 1: [1], 2: None, 3: [2]}
SCORE: 2.111

-------------------

/vˈʊlf/ - /ˈʉɽv/
v_ˈʊ-ˈʉ / l-ɽ / f-v
{0: [0, 1], 1: [2], 2: [3]}
{0: [0], 1: [1], 2: [2]}
SCORE: 18.471

-------------------

/vˈʊlə/ - /ˈʉlː/
v_ˈʊ-ˈʉ / l-lː / ə_#>-#>
{0: [0, 1], 1: [2], 2: [3]}
{0: [0], 1: [1], 2: None}
SCORE: 9.978

-------------------

/vˈʊnɐ/ - /ˈʉndɛr/
v_ˈʊ-ˈʉ / n-n_d / ɐ-ɛ_r
{0: [0, 1], 1: [2], 2: [3]}
{0: [0], 1: [1, 2], 2: [3, 4]}
SCORE: 13.378

-------------------

/vˈʏnʃn̩/ - /ˈyœ̯nsʨɑ/
∅-ˈyœ̯ / v-∅ / ˈʏ-∅ / n-n / ʃ-s_ʨ / n-ɑ
{0: None, 1: [0], 2: [1], 3: [2], 4: [3], 5: [4]}
{0: [0], 1: None, 2: None, 3: [1], 4: [2, 3], 5: [4]}
SCORE: 0.061

-------------------

/zˈand̥/ - /sˈɑnd/
z-s / ˈa-ˈɑ / n-n / d̥_#>-d_#>
{0: [0], 1: [1], 2: [2], 3: [3]}
{0: [0], 1: [1], 2: [2], 3: [3]}
SCORE: 23.841

-------------------

/zˈeːlə/ - /sjˈæːɽ/
z-s / ˈeː-j / ∅-ˈæː / l-ɽ / ə_#>-#>
{0: [0], 1: [1], 2: None, 3: [2], 4: [3]}
{0: [0], 1: [1], 2: [2], 3: [3], 4: None}
SCORE: 9.975

-------------------

/zˈeːvn̩/ - /sjˈʉː/
z-s / ˈeː-j / ∅-ˈʉː / v-∅ / n_#>-#>
{0: [0], 1: [1], 2: None, 3: [2], 4: [3]}
{0: [0], 1: [1], 2: [2], 3: None, 4: None}
SCORE: -0.415

-------------------

/zˈiːtə/ - /sˈɑːi̯ðɑ/
z-s / ˈiː-ˈɑːi̯ / ∅-ð / t-∅ / ə-ɑ
{0: [0], 1: [1], 2: None, 3: [2], 4: [3]}
{0: [0], 1: [1], 2: [2], 3: None, 4: [3]}
SCORE: 8.165

-------------------

/zˈoːn/ - /sˈʉːn/
z-s / ∅-ˈʉː / ˈoː-∅ / n-n
{0: [0], 1: None, 2: [1], 3: [2]}
{0: [0], 1: [1], 2: None, 3: [2]}
SCORE: 3.429

-------------------

/zˈuːɐ/ - /sˈɑːu̯r/
z-s / ˈuː-ˈɑːu̯ / ɐ-r
{0: [0], 1: [1], 2: [2]}
{0: [0], 1: [1], 2: [2]}
SCORE: 18.366

-------------------

/zˈœmɐ/ - /sˈɔːmɔr/
z-s / ∅-ˈɔː / ˈœ-∅ / m-m / ∅-ɔ / ɐ-r
{0: [0], 1: None, 2: [1], 3: [2], 4: None, 5: [3]}
{0: [0], 1: [1], 2: None, 3: [2], 4: [3], 5: [4]}
SCORE: 3.525

-------------------

/zˈɔlt/ - /sˈolt/
z-s / ˈɔ-ˈo / l-l / t-t
{0: [0], 1: [1], 2: [2], 3: [3]}
{0: [0], 1: [1], 2: [2], 3: [3]}
SCORE: 25.908

-------------------

/zˈɔʏ̯kn̩/ - /sˈyːœ̯ʨɑ/
z-s / ˈɔʏ̯-ˈyːœ̯ / k-ʨ / n-ɑ
{0: [0], 1: [1], 2: [2], 3: [3]}
{0: [0], 1: [1], 2: [2], 3: [3]}
SCORE: 20.031

-------------------

/zˈɔʏ̯tə/ - /sˈyːœ̯t/
z-s / ˈɔʏ̯-ˈyːœ̯ / t-t / ə_#>-#>
{0: [0], 1: [1], 2: [2], 3: [3]}
{0: [0], 1: [1], 2: [2], 3: None}
SCORE: 19.19

-------------------

/zˈɛjn̩/ - /sˈɑːjɑ/
z-s / ∅-ˈɑː / ˈɛ-j / j-∅ / n-ɑ
{0: [0], 1: None, 2: [1], 3: [2], 4: [3]}
{0: [0], 1: [1], 2: [2], 3: None, 4: [3]}
SCORE: 2.809

-------------------

/zˈɛɪ̯n/ - /sjˈɔ̃ː/
z-s / ˈɛɪ̯-j / ∅-ˈɔ̃ː / n_#>-#>
{0: [0], 1: [1], 2: None, 3: [2]}
{0: [0], 1: [1], 2: [2], 3: None}
SCORE: 5.999

-------------------

/zˈɪtn̩/ - /sˈɪʨːɑ/
z-s / ˈɪ-ˈɪ / t-ʨː / n-ɑ
{0: [0], 1: [1], 2: [2], 3: [3]}
{0: [0], 1: [1], 2: [2], 3: [3]}
SCORE: 17.087

-------------------

/zˈɪŋ/ - /sˈɪŋɡɑ/
z-s / ˈɪ-ˈɪ / ŋ-ŋ_ɡ / #>-ɑ_#>
{0: [0], 1: [1], 2: [2], 3: None}
{0: [0], 1: [1], 2: [2, 3], 3: [4]}
SCORE: 17.588

-------------------

/zˈʏlvn̩/ - /sjˈʉːə̯v/
z-s / ∅-j / ∅-ˈʉːə̯ / ˈʏ-∅ / l-∅ / v-v / n_#>-#>
{0: [0], 1: None, 2: None, 3: [1], 4: [2], 5: [3], 6: [4]}
{0: [0], 1: [1], 2: [2], 3: None, 4: None, 5: [3], 6: None}
SCORE: -9.141

-------------------

/ɣrˈaːz̥/ - /ɡrˈɑːs/
ɣ-ɡ / r-r / ˈaː-ˈɑː / z̥_#>-s_#>
{0: [0], 1: [1], 2: [2], 3: [3]}
{0: [0], 1: [1], 2: [2], 3: [3]}
SCORE: 23.729

-------------------

/ɣˈas/ - /ʥˈæst/
<#_ɣ-<# / ∅-ʥ / ˈa-ˈæ / s-s / #>-t_#>
{0: [0], 1: None, 2: [1], 3: [2], 4: None}
{0: None, 1: [0], 2: [1], 3: [2], 4: [3]}
SCORE: 5.557

-------------------

/ɣˈaʊ̯s/ - /ɡˈɔ̃ːs/
ɣ-ɡ / ˈaʊ̯-ˈɔ̃ː / s-s
{0: [0], 1: [1], 2: [2]}
{0: [0], 1: [1], 2: [2]}
SCORE: 14.76

-------------------

/ɣˈɒːn/ - /ɡˈoː/
ɣ-ɡ / ∅-ˈoː / ˈɒː-∅ / n_#>-#>
{0: [0], 1: None, 2: [1], 3: [2]}
{0: [0], 1: [1], 2: None, 3: None}
SCORE: -4.596

-------------------

/ɣˈɔd̥/ - /ɡˈʉːð/
ɣ-ɡ / ∅-ˈʉː / ˈɔ-∅ / d̥-ð
{0: [0], 1: None, 2: [1], 3: [2]}
{0: [0], 1: [1], 2: None, 3: [2]}
SCORE: 2.866

-------------------

/ɣˈɔld̥/ - /ɡˈʉlː/
ɣ-ɡ / ∅-ˈʉ / ˈɔ-∅ / l-lː / d̥_#>-#>
{0: [0], 1: None, 2: [1], 3: [2], 4: [3]}
{0: [0], 1: [1], 2: None, 3: [2], 4: None}
SCORE: -0.782

-------------------

/ɣˈʊd̥/ - /ɡˈʉːə̯ð/
ɣ-ɡ / ∅-ˈʉːə̯ / ˈʊ-∅ / d̥-ð
{0: [0], 1: None, 2: [1], 3: [2]}
{0: [0], 1: [1], 2: None, 3: [2]}
SCORE: 2.866

-------------------

/ʃˈaɐpə/ - /skˈɑrp/
ʃ-s_k / ˈa-ˈɑ / ɐ-r / p-p / ə_#>-#>
{0: [0], 1: [1], 2: [2], 3: [3], 4: [4]}
{0: [0, 1], 1: [2], 2: [3], 3: [4], 4: None}
SCORE: 23.009

-------------------

/ʃˈaʊ̯/ - /skˈʉːə̯/
ʃ-s_k / ˈaʊ̯-ˈʉːə̯
{0: [0], 1: [1]}
{0: [0, 1], 1: [2]}
SCORE: 16.04

-------------------

/ʃˈiːtə/ - /sʨˈɪːt/
ʃ-s_ʨ / ˈiː-ˈɪː / t-t / ə_#>-#>
{0: [0], 1: [1], 2: [2], 3: [3]}
{0: [0, 1], 1: [2], 2: [3], 3: None}
SCORE: 17.755

-------------------

/ʃˈøːnə/ - /sʨˈœːn/
ʃ-s_ʨ / ∅-ˈœː / ˈøː-∅ / n-n / ə_#>-#>
{0: [0], 1: None, 2: [1], 3: [2], 4: [3]}
{0: [0, 1], 1: [2], 2: None, 3: [3], 4: None}
SCORE: 1.752

-------------------

/ʃˈɛɪ̯tn̩/ - /sʨˈʉːə̯tɑ/
ʃ-s_ʨ / ˈɛɪ̯-ˈʉːə̯ / t-t / n-ɑ
{0: [0], 1: [1], 2: [2], 3: [3]}
{0: [0, 1], 1: [2], 2: [3], 3: [4]}
SCORE: 20.143

-------------------

/ʃˈɪld̥/ - /sʨˈœld/
ʃ-s_ʨ / ˈɪ-ˈœ / l-l / d̥_#>-d_#>
{0: [0], 1: [1], 2: [2], 3: [3]}
{0: [0, 1], 1: [2], 2: [3], 3: [4]}
SCORE: 26.048

-------------------

/ʃˈɪp/ - /sʨˈɪːp/
ʃ-s_ʨ / ˈɪ-ˈɪː / p-p
{0: [0], 1: [1], 2: [2]}
{0: [0, 1], 1: [2], 2: [3]}
SCORE: 18.552

-------------------

/ˈalə/ - /ˈɔlː/
ˈa-ˈɔ / l-lː / ə_#>-#>
{0: [0], 1: [1], 2: [2]}
{0: [0], 1: [1], 2: None}
SCORE: 9.523

-------------------

/ˈanɐ/ - /ˈɑːnɑn/
ˈa-ˈɑː / n-n / ∅-ɑ / ɐ-∅ / #>-n_#>
{0: [0], 1: [1], 2: None, 3: [2], 4: None}
{0: [0], 1: [1], 2: [2], 3: None, 4: [3]}
SCORE: -0.156

-------------------

/ˈapl̩/ - /ˈɛpːɛɽ/
<#-<#_ˈɛ / ˈa-∅ / p-pː / l-ɛ_ɽ
{0: None, 1: [0], 2: [1], 3: [2]}
{0: [0], 1: None, 2: [1], 3: [2, 3]}
SCORE: 6.299

-------------------

/ˈaxtə/ - /ˈɔtːɑ/
ˈa-ˈɔ / x_t-tː / ə-ɑ
{0: [0], 1: [1, 2], 2: [3]}
{0: [0], 1: [1], 2: [2]}
SCORE: 12.2

-------------------

/ˈaɐm/ - /ˈɑrm/
ˈa-ˈɑ / ɐ-r / m-m
{0: [0], 1: [1], 2: [2]}
{0: [0], 1: [1], 2: [2]}
SCORE: 19.248

-------------------

/ˈaʃə/ - /ˈɑskɑ/
ˈa-ˈɑ / ʃ-s_k / ə-ɑ
{0: [0], 1: [1], 2: [2]}
{0: [0], 1: [1, 2], 2: [3]}
SCORE: 18.369

-------------------

/ˈeo̯ɐ/ - /ˈæːrɑ/
∅-ˈæː / ˈeo̯-∅ / ɐ-r / #>-ɑ_#>
{0: None, 1: [0], 2: [1], 3: None}
{0: [0], 1: None, 2: [1], 3: [2]}
SCORE: -4.925

-------------------

/ˈeo̯ɣə/ - /ˈoːɣɑ/
ˈeo̯-ˈoː / ɣ-ɣ / ə-ɑ
{0: [0], 1: [1], 2: [2]}
{0: [0], 1: [1], 2: [2]}
SCORE: 14.982

-------------------

/ˈeːrə/ - /jˈʉə̯rd/
ˈeː-j / ∅-ˈʉə̯ / r-r / ə-∅ / #>-d_#>
{0: [0], 1: None, 2: [1], 3: [2], 4: None}
{0: [0], 1: [1], 2: [2], 3: None, 4: [3]}
SCORE: 2.595

-------------------

/ˈiːz̥/ - /ˈɑːi̯s/
ˈiː-ˈɑːi̯ / z̥_#>-s_#>
{0: [0], 1: [1]}
{0: [0], 1: [1]}
SCORE: 17.467

-------------------

/ˈoːm/ - /ˈʉŋɛn/
ˈoː-ˈʉ / ∅-ŋ / ∅-ɛ / m-∅ / #>-n_#>
{0: [0], 1: None, 2: None, 3: [1], 4: None}
{0: [0], 1: [1], 2: [2], 3: None, 4: [3]}
SCORE: -10.106

-------------------

/ˈoːvɐ/ - /ˈʏːvʏr/
∅-ˈʏː / ˈoː-∅ / v-v / ∅-ʏ / ɐ-r
{0: None, 1: [0], 2: [1], 3: None, 4: [2]}
{0: [0], 1: None, 2: [1], 3: [2], 4: [3]}
SCORE: -2.826

-------------------

/ˈuːlə/ - /ˈʉːɣɛɽ/
ˈuː-ˈʉː / ∅-ɣ / l-ɛ_ɽ / ə_#>-#>
{0: [0], 1: None, 2: [1], 3: [2]}
{0: [0], 1: [1], 2: [2, 3], 3: None}
SCORE: 7.288

-------------------

/ˈuːt/ - /ˈɑːu̯t/
ˈuː-ˈɑːu̯ / t-t
{0: [0], 1: [1]}
{0: [0], 1: [1]}
SCORE: 15.584

-------------------

/ˈœlvə/ - /ˈɛlːɔv/
<#-<#_ˈɛ / ˈœ-∅ / l-lː / ∅-ɔ / v-v / ə_#>-#>
{0: None, 1: [0], 2: [1], 3: None, 4: [2], 5: [3]}
{0: [0], 1: None, 2: [1], 3: [2], 4: [3], 5: None}
SCORE: -2.087

-------------------

/ˈɒːl/ - /ˈɔːɽ/
ˈɒː-ˈɔː / l_#>-ɽ_#>
{0: [0], 1: [1]}
{0: [0], 1: [1]}
SCORE: 16.547

-------------------

/ˈɒːpə/ - /ˈɑːpɑ/
ˈɒː-ˈɑː / p-p / ə-ɑ
{0: [0], 1: [1], 2: [2]}
{0: [0], 1: [1], 2: [2]}
SCORE: 18.777

-------------------

/ˈɛkə/ - /ˈɛɡː/
ˈɛ-ˈɛ / k-∅ / ə-ɡː
{0: [0], 1: [1], 2: [2]}
{0: [0], 1: None, 2: [1]}
SCORE: 2.594

-------------------

/ˈɛɪ̯/ - /ˈɛɡː/
ˈɛɪ̯-ˈɛ / ∅-ɡː
{0: [0], 1: None}
{0: [0], 1: [1]}
SCORE: 2.463

-------------------

/ˈɛɪ̯kə/ - /ˈiːe̯k/
ˈɛɪ̯-ˈiːe̯ / k-k / ə_#>-#>
{0: [0], 1: [1], 2: [2]}
{0: [0], 1: [1], 2: None}
SCORE: 12.668

-------------------

/ˈɛɪ̯nə/ - /ˈiːe̯n/
ˈɛɪ̯-ˈiːe̯ / n-n / ə_#>-#>
{0: [0], 1: [1], 2: [2]}
{0: [0], 1: [1], 2: None}
SCORE: 11.776

-------------------

/ˈɛːtn̩/ - /jˈætɔ/
<#-<#_j / ∅-ˈæ / ˈɛː-∅ / t-t / n-ɔ
{0: None, 1: None, 2: [0], 3: [1], 4: [2]}
{0: [0], 1: [1], 2: None, 3: [2], 4: [3]}
SCORE: -0.368

-------------------

/ˈɪmə/ - /bˈɪːɑ/
∅-b / ˈɪ-ˈɪː / m-∅ / ə-ɑ
{0: None, 1: [0], 2: [1], 3: [2]}
{0: [0], 1: [1], 2: None, 3: [2]}
SCORE: -0.747

-------------------

/ˈɪn/ - /ˈɪː/
ˈɪ-ˈɪː / n_#>-#>
{0: [0], 1: [1]}
{0: [0], 1: None}
SCORE: 3.495

-------------------

/ˈʊp/ - /ˈʉpː/
ˈʊ-ˈʉ / p-pː
{0: [0], 1: [1]}
{0: [0], 1: [1]}
SCORE: 15.59

-------------------

/ˈʏndɐ/ - /ˈʉndɛr/
∅-ˈʉ / ˈʏ-∅ / n-n / d-d / ɐ-ɛ_r
{0: None, 1: [0], 2: [1], 3: [2], 4: [3]}
{0: [0], 1: None, 2: [1], 3: [2], 4: [3, 4]}
SCORE: 7.181

-------------------

/ˈʏʃ/ - /ˈʉə̯sː/
∅-ˈʉə̯ / ˈʏ-∅ / ʃ-sː
{0: None, 1: [0], 2: [1]}
{0: [0], 1: None, 2: [1]}
SCORE: -0.811
