/bɨβˈeɾ/ - /bɨβˈeɾ/
b-b / ɨ-ɨ / β-β / ˈe-ˈe / ɾ-ɾ
{0: [0], 1: [1], 2: [2], 3: [3], 4: [4]}
{0: [0], 1: [1], 2: [2], 3: [3], 4: [4]}
COST: 10.104

-------------------

/bɾˈɐ̃ku/ - /bɾˈɐ̃ku/
b-b / ɾ-ɾ / ˈɐ̃-ˈɐ̃ / k-k / u-u
{0: [0], 1: [1], 2: [2], 3: [3], 4: [4]}
{0: [0], 1: [1], 2: [2], 3: [3], 4: [4]}
COST: 7.369

-------------------

/bˈajʃu/ - /bˈajʃu/
b-b / ˈa-ˈa / j-j / ʃ_u-ʃ_u
{0: [0], 1: [1], 2: [2], 3: [3, 4]}
{0: [0], 1: [1], 2: [2], 3: [3, 4]}
COST: 8.565

-------------------

/bˈoj/ - /bˈoj/
b-b / ˈo-ˈo / j-j
{0: [0], 1: [1], 2: [2]}
{0: [0], 1: [1], 2: [2]}
COST: -1.451

-------------------

/bˈokɐ/ - /bˈokɐ/
b-b / ˈo-ˈo / k-k / ɐ-ɐ
{0: [0], 1: [1], 2: [2], 3: [3]}
{0: [0], 1: [1], 2: [2], 3: [3]}
COST: 2.324

-------------------

/bˈoɐ/ - /bˈoɐ/
b-b / ˈo_ɐ-ˈo_ɐ
{0: [0], 1: [1, 2]}
{0: [0], 1: [1, 2]}
COST: -1.763

-------------------

/bˈoɐʃ/ - /bˈoɐʃ/
b-b / ˈo_ɐ-ˈo_ɐ / ʃ-ʃ
{0: [0], 1: [1, 2], 2: [3]}
{0: [0], 1: [1, 2], 2: [3]}
COST: 3.555

-------------------

/bˈõ/ - /bˈõ/
b-b / ˈõ-ˈõ
{0: [0], 1: [1]}
{0: [0], 1: [1]}
COST: -4.825

-------------------

/bˈõʃ/ - /bˈõʃ/
b-b / ˈõ-ˈõ / ʃ-ʃ
{0: [0], 1: [1], 2: [2]}
{0: [0], 1: [1], 2: [2]}
COST: 0.493

-------------------

/bˈɐɲu/ - /bˈɐɲu/
b-b / ˈɐ-ˈɐ / ɲ-ɲ / u-u
{0: [0], 1: [1], 2: [2], 3: [3]}
{0: [0], 1: [1], 2: [2], 3: [3]}
COST: 4.529

-------------------

/bˈɐ̃j̃/ - /bˈɐ̃j̃/
b-b / ˈɐ̃-ˈɐ̃ / j̃-j̃
{0: [0], 1: [1], 2: [2]}
{0: [0], 1: [1], 2: [2]}
COST: 2.169

-------------------

/bˈɛlu/ - /bˈɛlu/
b-b / ˈɛ-ˈɛ / l-l / u-u
{0: [0], 1: [1], 2: [2], 3: [3]}
{0: [0], 1: [1], 2: [2], 3: [3]}
COST: 3.662

-------------------

/bˈɛlɐ/ - /bˈɛlɐ/
b-b / ˈɛ-ˈɛ / l-l / ɐ-ɐ
{0: [0], 1: [1], 2: [2], 3: [3]}
{0: [0], 1: [1], 2: [2], 3: [3]}
COST: 3.724

-------------------

/dizˈeɾ/ - /dizˈeɾ/
d-d / i-i / z-z / ˈe-ˈe / ɾ-ɾ
{0: [0], 1: [1], 2: [2], 3: [3], 4: [4]}
{0: [0], 1: [1], 2: [2], 3: [3], 4: [4]}
COST: 11.955

-------------------

/duɾmˈiɾ/ - /duɾmˈiɾ/
d-d / u_ɾ-u_ɾ / m-m / ˈi_ɾ-ˈi_ɾ
{0: [0], 1: [1, 2], 2: [3], 3: [4, 5]}
{0: [0], 1: [1, 2], 2: [3], 3: [4, 5]}
COST: 12.931

-------------------

/dɾɐɣˈɐ̃w̃/ - /dɾɐɣˈɐ̃w̃/
d-d / ɾ_ɐ-ɾ_ɐ / ɣ-ɣ / ˈɐ̃-ˈɐ̃ / w̃-w̃
{0: [0], 1: [1, 2], 2: [3], 3: [4], 4: [5]}
{0: [0], 1: [1, 2], 2: [3], 3: [4], 4: [5]}
COST: 17.351

-------------------

/dˈaɾ/ - /dˈaɾ/
d-d / ˈa-ˈa / ɾ-ɾ
{0: [0], 1: [1], 2: [2]}
{0: [0], 1: [1], 2: [2]}
COST: -3.946

-------------------

/dˈewʃ/ - /dˈewʃ/
d-d / ˈe-ˈe / w-w / ʃ-ʃ
{0: [0], 1: [1], 2: [2], 3: [3]}
{0: [0], 1: [1], 2: [2], 3: [3]}
COST: 5.115

-------------------

/dˈeðu/ - /dˈeðu/
d-d / ˈe-ˈe / ð-ð / u-u
{0: [0], 1: [1], 2: [2], 3: [3]}
{0: [0], 1: [1], 2: [2], 3: [3]}
COST: 3.267

-------------------

/dˈẽtɨ/ - /dˈẽtɨ/
d-d / ˈẽ-ˈẽ / t-t / ɨ-ɨ
{0: [0], 1: [1], 2: [2], 3: [3]}
{0: [0], 1: [1], 2: [2], 3: [3]}
COST: 5.552

-------------------

/dˈiɐ/ - /dˈiɐ/
d-d / ˈi_ɐ-ˈi_ɐ
{0: [0], 1: [1, 2]}
{0: [0], 1: [1, 2]}
COST: -1.871

-------------------

/dˈiɣu/ - /dˈiɣu/
d-d / ˈi-ˈi / ɣ-ɣ / u-u
{0: [0], 1: [1], 2: [2], 3: [3]}
{0: [0], 1: [1], 2: [2], 3: [3]}
COST: 3.614

-------------------

/dˈojʃ/ - /dˈojʃ/
d-d / ˈo-ˈo / j-j / ʃ-ʃ
{0: [0], 1: [1], 2: [2], 3: [3]}
{0: [0], 1: [1], 2: [2], 3: [3]}
COST: 3.369

-------------------

/dˈonɐ/ - /dˈonɐ/
d-d / ˈo-ˈo / n-n / ɐ-ɐ
{0: [0], 1: [1], 2: [2], 3: [3]}
{0: [0], 1: [1], 2: [2], 3: [3]}
COST: 2.818

-------------------

/dˈosɨ/ - /dˈosɨ/
d-d / ˈo-ˈo / s-s / ɨ-ɨ
{0: [0], 1: [1], 2: [2], 3: [3]}
{0: [0], 1: [1], 2: [2], 3: [3]}
COST: 2.89

-------------------

/dˈozɨ/ - /dˈozɨ/
d-d / ˈo-ˈo / z-z / ɨ-ɨ
{0: [0], 1: [1], 2: [2], 3: [3]}
{0: [0], 1: [1], 2: [2], 3: [3]}
COST: 5.804

-------------------

/dˈoɐ/ - /dˈoɐ/
d-d / ˈo_ɐ-ˈo_ɐ
{0: [0], 1: [1, 2]}
{0: [0], 1: [1, 2]}
COST: -2.26

-------------------

/dˈõ/ - /dˈõ/
d-d / ˈõ-ˈõ
{0: [0], 1: [1]}
{0: [0], 1: [1]}
COST: -5.322

-------------------

/dˈuɐʃ/ - /dˈuɐʃ/
d-d / ˈu-ˈu / ɐ_ʃ-ɐ_ʃ
{0: [0], 1: [1], 2: [2, 3]}
{0: [0], 1: [1], 2: [2, 3]}
COST: 3.346

-------------------

/dˈɛʃ/ - /dˈɛʃ/
d-d / ˈɛ-ˈɛ / ʃ-ʃ
{0: [0], 1: [1], 2: [2]}
{0: [0], 1: [1], 2: [2]}
COST: -1.315

-------------------

/fɐlˈaɾ/ - /fɐlˈaɾ/
f-f / ɐ-ɐ / l-l / ˈa-ˈa / ɾ-ɾ
{0: [0], 1: [1], 2: [2], 3: [3], 4: [4]}
{0: [0], 1: [1], 2: [2], 3: [3], 4: [4]}
COST: 5.707

-------------------

/fɐzˈeɾ/ - /fɐzˈeɾ/
f-f / ɐ-ɐ / z-z / ˈe-ˈe / ɾ-ɾ
{0: [0], 1: [1], 2: [2], 3: [3], 4: [4]}
{0: [0], 1: [1], 2: [2], 3: [3], 4: [4]}
COST: 8.955

-------------------

/fɐɾˈiɲɐ/ - /fɐɾˈiɲɐ/
f-f / ɐ_ɾ-ɐ_ɾ / ˈi-ˈi / ɲ-ɲ / ɐ-ɐ
{0: [0], 1: [1, 2], 2: [3], 3: [4], 4: [5]}
{0: [0], 1: [1, 2], 2: [3], 3: [4], 4: [5]}
COST: 13.265

-------------------

/fɾˈiu/ - /fɾˈiu/
f-f / ɾ-ɾ / ˈi_u-ˈi_u
{0: [0], 1: [1], 2: [2, 3]}
{0: [0], 1: [1], 2: [2, 3]}
COST: 1.441

-------------------

/fɾˈujtu/ - /fɾˈujtu/
f-f / ɾ-ɾ / ˈu-ˈu / j-j / t-t / u-u
{0: [0], 1: [1], 2: [2], 3: [3], 4: [4], 5: [5]}
{0: [0], 1: [1], 2: [2], 3: [3], 4: [4], 5: [5]}
COST: 12.282

-------------------

/fˈasu/ - /fˈasu/
f-f / ˈa-ˈa / s-s / u-u
{0: [0], 1: [1], 2: [2], 3: [3]}
{0: [0], 1: [1], 2: [2], 3: [3]}
COST: 1.051

-------------------

/fˈaðɐ/ - /fˈaðɐ/
f-f / ˈa-ˈa / ð-ð / ɐ-ɐ
{0: [0], 1: [1], 2: [2], 3: [3]}
{0: [0], 1: [1], 2: [2], 3: [3]}
COST: 2.297

-------------------

/fˈaɫsu/ - /fˈaɫsu/
f-f / ˈa-ˈa / ɫ-ɫ / s-s / u-u
{0: [0], 1: [1], 2: [2], 3: [3], 4: [4]}
{0: [0], 1: [1], 2: [2], 3: [3], 4: [4]}
COST: 8.675

-------------------

/fˈemjɐ/ - /fˈemjɐ/
f-f / ˈe-ˈe / m-m / j_ɐ-j_ɐ
{0: [0], 1: [1], 2: [2], 3: [3, 4]}
{0: [0], 1: [1], 2: [2], 3: [3, 4]}
COST: 9.211

-------------------

/fˈinu/ - /fˈinu/
f-f / ˈi-ˈi / n-n / u-u
{0: [0], 1: [1], 2: [2], 3: [3]}
{0: [0], 1: [1], 2: [2], 3: [3]}
COST: 2.963

-------------------

/fˈiu/ - /fˈiu/
f-f / ˈi_u-ˈi_u
{0: [0], 1: [1, 2]}
{0: [0], 1: [1, 2]}
COST: -2.663

-------------------

/fˈiɣɐðu/ - /fˈiɣɐðu/
f-f / ˈi-ˈi / ɣ-ɣ / ɐ-ɐ / ð-ð / u-u
{0: [0], 1: [1], 2: [2], 3: [3], 4: [4], 5: [5]}
{0: [0], 1: [1], 2: [2], 3: [3], 4: [4], 5: [5]}
COST: 13.959

-------------------

/fˈiʎu/ - /fˈiʎu/
f-f / ˈi-ˈi / ʎ-ʎ / u-u
{0: [0], 1: [1], 2: [2], 3: [3]}
{0: [0], 1: [1], 2: [2], 3: [3]}
COST: 3.692

-------------------

/fˈiʎɐ/ - /fˈiʎɐ/
f-f / ˈi-ˈi / ʎ-ʎ / ɐ-ɐ
{0: [0], 1: [1], 2: [2], 3: [3]}
{0: [0], 1: [1], 2: [2], 3: [3]}
COST: 3.754

-------------------

/fˈĩ/ - /fˈĩ/
f-f / ˈĩ-ˈĩ
{0: [0], 1: [1]}
{0: [0], 1: [1]}
COST: -4.562

-------------------

/fˈoɣu/ - /fˈoɣu/
f-f / ˈo-ˈo / ɣ-ɣ / u-u
{0: [0], 1: [1], 2: [2], 3: [3]}
{0: [0], 1: [1], 2: [2], 3: [3]}
COST: 2.992

-------------------

/fˈoɾsɐ/ - /fˈoɾsɐ/
f-f / ˈo-ˈo / ɾ-ɾ / s-s / ɐ-ɐ
{0: [0], 1: [1], 2: [2], 3: [3], 4: [4]}
{0: [0], 1: [1], 2: [2], 3: [3], 4: [4]}
COST: 5.641

-------------------

/fˈoʎɐ/ - /fˈoʎɐ/
f-f / ˈo-ˈo / ʎ-ʎ / ɐ-ɐ
{0: [0], 1: [1], 2: [2], 3: [3]}
{0: [0], 1: [1], 2: [2], 3: [3]}
COST: 3.34

-------------------

/fˈumu/ - /fˈumu/
f-f / ˈu-ˈu / m-m / u-u
{0: [0], 1: [1], 2: [2], 3: [3]}
{0: [0], 1: [1], 2: [2], 3: [3]}
COST: 2.871

-------------------

/fˈɔmɨ/ - /fˈɔmɨ/
f-f / ˈɔ-ˈɔ / m-m / ɨ-ɨ
{0: [0], 1: [1], 2: [2], 3: [3]}
{0: [0], 1: [1], 2: [2], 3: [3]}
COST: 4.0

-------------------

/fˈɔɾtɨ/ - /fˈɔɾtɨ/
f-f / ˈɔ-ˈɔ / ɾ_t-ɾ_t / ɨ-ɨ
{0: [0], 1: [1], 2: [2, 3], 3: [4]}
{0: [0], 1: [1], 2: [2, 3], 3: [4]}
COST: 8.712

-------------------

/fˈɛʁu/ - /fˈɛʁu/
f-f / ˈɛ-ˈɛ / ʁ-ʁ / u-u
{0: [0], 1: [1], 2: [2], 3: [3]}
{0: [0], 1: [1], 2: [2], 3: [3]}
COST: 4.584

-------------------

/fˈɛʃtɐ/ - /fˈɛʃtɐ/
f-f / ˈɛ-ˈɛ / ʃ-ʃ / t_ɐ-t_ɐ
{0: [0], 1: [1], 2: [2], 3: [3, 4]}
{0: [0], 1: [1], 2: [2], 3: [3, 4]}
COST: 8.951

-------------------

/iɣwˈaɫ/ - /iɣwˈaɫ/
i-i / ɣ-ɣ / w-w / ˈa-ˈa / ɫ-ɫ
{0: [0], 1: [1], 2: [2], 3: [3], 4: [4]}
{0: [0], 1: [1], 2: [2], 3: [3], 4: [4]}
COST: 13.448

-------------------

/iɾmˈɐ̃w̃/ - /iɾmˈɐ̃w̃/
i-i / ɾ_m-ɾ_m / ˈɐ̃-ˈɐ̃ / w̃-w̃
{0: [0], 1: [1, 2], 2: [3], 3: [4]}
{0: [0], 1: [1, 2], 2: [3], 3: [4]}
COST: 11.741

-------------------

/iʃkutˈaɾ/ - /iʃkutˈaɾ/
i-i / ʃ-ʃ / k-k / u-u / t-t / ˈa-ˈa / ɾ-ɾ
{0: [0], 1: [1], 2: [2], 3: [3], 4: [4], 5: [5], 6: [6]}
{0: [0], 1: [1], 2: [2], 3: [3], 4: [4], 5: [5], 6: [6]}
COST: 16.243

-------------------

/iʃkɾɨvˈeɾ/ - /iʃkɾɨvˈeɾ/
i-i / ʃ-ʃ / k_ɾ-k_ɾ / ɨ-ɨ / v-v / ˈe-ˈe / ɾ-ɾ
{0: [0], 1: [1], 2: [2, 3], 3: [4], 4: [5], 5: [6], 6: [7]}
{0: [0], 1: [1], 2: [2, 3], 3: [4], 4: [5], 5: [6], 6: [7]}
COST: 24.059

-------------------

/iʃkˈuɾu/ - /iʃkˈuɾu/
i-i / ʃ-ʃ / k-k / ˈu-ˈu / ɾ_u-ɾ_u
{0: [0], 1: [1], 2: [2], 3: [3], 4: [4, 5]}
{0: [0], 1: [1], 2: [2], 3: [3], 4: [4, 5]}
COST: 12.678

-------------------

/iʃpˈaðɐ/ - /iʃpˈaðɐ/
i-i / ʃ-ʃ / p-p / ˈa-ˈa / ð-ð / ɐ-ɐ
{0: [0], 1: [1], 2: [2], 3: [3], 4: [4], 5: [5]}
{0: [0], 1: [1], 2: [2], 3: [3], 4: [4], 5: [5]}
COST: 13.777

-------------------

/iʃpˈiɣɐ/ - /iʃpˈiɣɐ/
i-i / ʃ-ʃ / p-p / ˈi-ˈi / ɣ-ɣ / ɐ-ɐ
{0: [0], 1: [1], 2: [2], 3: [3], 4: [4], 5: [5]}
{0: [0], 1: [1], 2: [2], 3: [3], 4: [4], 5: [5]}
COST: 14.949

-------------------

/iʃpˈiɲɐ/ - /iʃpˈiɲɐ/
i-i / ʃ-ʃ / p-p / ˈi-ˈi / ɲ-ɲ / ɐ-ɐ
{0: [0], 1: [1], 2: [2], 3: [3], 4: [4], 5: [5]}
{0: [0], 1: [1], 2: [2], 3: [3], 4: [4], 5: [5]}
COST: 15.101

-------------------

/iʃpˈɐɲɐ/ - /iʃpˈɐɲɐ/
i-i / ʃ-ʃ / p-p / ˈɐ-ˈɐ / ɲ-ɲ / ɐ-ɐ
{0: [0], 1: [1], 2: [2], 3: [3], 4: [4], 5: [5]}
{0: [0], 1: [1], 2: [2], 3: [3], 4: [4], 5: [5]}
COST: 15.367

-------------------

/iʃtɾˈelɐ/ - /iʃtɾˈelɐ/
i-i / ʃ-ʃ / t_ɾ-t_ɾ / ˈe-ˈe / l-l / ɐ-ɐ
{0: [0], 1: [1], 2: [2, 3], 3: [4], 4: [5], 5: [6]}
{0: [0], 1: [1], 2: [2, 3], 3: [4], 4: [5], 5: [6]}
COST: 18.302

-------------------

/iʃtˈaðu/ - /iʃtˈaðu/
i-i / ʃ-ʃ / t-t / ˈa-ˈa / ð-ð / u-u
{0: [0], 1: [1], 2: [2], 3: [3], 4: [4], 5: [5]}
{0: [0], 1: [1], 2: [2], 3: [3], 4: [4], 5: [5]}
COST: 13.243

-------------------

/iʃtˈiu/ - /iʃtˈiu/
i-i / ʃ-ʃ / t-t / ˈi_u-ˈi_u
{0: [0], 1: [1], 2: [2], 3: [3, 4]}
{0: [0], 1: [1], 2: [2], 3: [3, 4]}
COST: 8.345

-------------------

/ĩvˈɛɾnu/ - /ĩvˈɛɾnu/
∅-ĩ / ĩ-∅ / v-v / ˈɛ-ˈɛ / ɾ-ɾ / n-n / u-u
{0: None, 1: [0], 2: [1], 3: [2], 4: [3], 5: [4], 6: [5]}
{0: [0], 1: None, 2: [1], 3: [2], 4: [3], 5: [4], 6: [5]}
COST: -3.448

-------------------

/kumˈeɾ/ - /kumˈeɾ/
k-k / u_m-u_m / ˈe-ˈe / ɾ-ɾ
{0: [0], 1: [1, 2], 2: [3], 3: [4]}
{0: [0], 1: [1, 2], 2: [3], 3: [4]}
COST: 6.652

-------------------

/kuɲɨsˈeɾ/ - /kuɲɨsˈeɾ/
k-k / u-u / ɲ-ɲ / ɨ-ɨ / s-s / ˈe-ˈe / ɾ-ɾ
{0: [0], 1: [1], 2: [2], 3: [3], 4: [4], 5: [5], 6: [6]}
{0: [0], 1: [1], 2: [2], 3: [3], 4: [4], 5: [5], 6: [6]}
COST: 16.837

-------------------

/kuɾtˈisɐ/ - /kuɾtˈisɐ/
k-k / u_ɾ-u_ɾ / t-t / ˈi-ˈi / s-s / ɐ-ɐ
{0: [0], 1: [1, 2], 2: [3], 3: [4], 4: [5], 5: [6]}
{0: [0], 1: [1, 2], 2: [3], 3: [4], 4: [5], 5: [6]}
COST: 15.649

-------------------

/kuɾðˈɐjɾu/ - /kuɾðˈɐjɾu/
k-k / u_ɾ-u_ɾ / ð-ð / ˈɐ-ˈɐ / j-j / ɾ_u-ɾ_u
{0: [0], 1: [1, 2], 2: [3], 3: [4], 4: [5], 5: [6, 7]}
{0: [0], 1: [1, 2], 2: [3], 3: [4], 4: [5], 5: [6, 7]}
COST: 21.944

-------------------

/kwˈatɾu/ - /kwˈatɾu/
k-k / w-w / ˈa-ˈa / t_ɾ-t_ɾ / u-u
{0: [0], 1: [1], 2: [2], 3: [3, 4], 4: [5]}
{0: [0], 1: [1], 2: [2], 3: [3, 4], 4: [5]}
COST: 11.761

-------------------

/kɐjmˈaɾ/ - /kɐjmˈaɾ/
k-k / ɐ-ɐ / j-j / m-m / ˈa-ˈa / ɾ-ɾ
{0: [0], 1: [1], 2: [2], 3: [3], 4: [4], 5: [5]}
{0: [0], 1: [1], 2: [2], 3: [3], 4: [4], 5: [5]}
COST: 10.082

-------------------

/kɐsˈaɾ/ - /kɐsˈaɾ/
k-k / ɐ-ɐ / s-s / ˈa-ˈa / ɾ-ɾ
{0: [0], 1: [1], 2: [2], 3: [3], 4: [4]}
{0: [0], 1: [1], 2: [2], 3: [3], 4: [4]}
COST: 3.893

-------------------

/kɐvˈalu/ - /kɐvˈalu/
k-k / ɐ-ɐ / v-v / ˈa-ˈa / l-l / u-u
{0: [0], 1: [1], 2: [2], 3: [3], 4: [4], 5: [5]}
{0: [0], 1: [1], 2: [2], 3: [3], 4: [4], 5: [5]}
COST: 9.902

-------------------

/kɐðˈɐjɐ/ - /kɐðˈɐjɐ/
k-k / ɐ-ɐ / ð-ð / ˈɐ-ˈɐ / j_ɐ-j_ɐ
{0: [0], 1: [1], 2: [2], 3: [3], 4: [4, 5]}
{0: [0], 1: [1], 2: [2], 3: [3], 4: [4, 5]}
COST: 12.993

-------------------

/kɐʃtˈɛlu/ - /kɐʃtˈɛlu/
k-k / ɐ_ʃ-ɐ_ʃ / t-t / ˈɛ-ˈɛ / l-l / u-u
{0: [0], 1: [1, 2], 2: [3], 3: [4], 4: [5], 5: [6]}
{0: [0], 1: [1, 2], 2: [3], 3: [4], 4: [5], 5: [6]}
COST: 17.085

-------------------

/kɐ̃bjˈaɾ/ - /kɐ̃bjˈaɾ/
k-k / ɐ̃-ɐ̃ / b-b / j_ˈa-j_ˈa / ɾ-ɾ
{0: [0], 1: [1], 2: [2], 3: [3, 4], 4: [5]}
{0: [0], 1: [1], 2: [2], 3: [3, 4], 4: [5]}
COST: 16.599

-------------------

/kɐ̃tˈaɾ/ - /kɐ̃tˈaɾ/
k-k / ɐ̃-ɐ̃ / t-t / ˈa-ˈa / ɾ-ɾ
{0: [0], 1: [1], 2: [2], 3: [3], 4: [4]}
{0: [0], 1: [1], 2: [2], 3: [3], 4: [4]}
COST: 8.459

-------------------

/kɐβˈelu/ - /kɐβˈelu/
k-k / ɐ-ɐ / β-β / ˈe-ˈe / l-l / u-u
{0: [0], 1: [1], 2: [2], 3: [3], 4: [4], 5: [5]}
{0: [0], 1: [1], 2: [2], 3: [3], 4: [4], 5: [5]}
COST: 12.627

-------------------

/kɾˈeɾ/ - /kɾˈeɾ/
k_ɾ-k_ɾ / ˈe-ˈe / ɾ-ɾ
{0: [0, 1], 1: [2], 2: [3]}
{0: [0, 1], 1: [2], 2: [3]}
COST: 0.966

-------------------

/kɾˈuʃ/ - /kɾˈuʃ/
k_ɾ-k_ɾ / ˈu-ˈu / ʃ-ʃ
{0: [0, 1], 1: [2], 2: [3]}
{0: [0, 1], 1: [2], 2: [3]}
COST: 2.662

-------------------

/kˈazɐ/ - /kˈazɐ/
k-k / ˈa-ˈa / z-z / ɐ-ɐ
{0: [0], 1: [1], 2: [2], 3: [3]}
{0: [0], 1: [1], 2: [2], 3: [3]}
COST: 2.704

-------------------

/kˈaɫdu/ - /kˈaɫdu/
k-k / ˈa-ˈa / ɫ-ɫ / d-d / u-u
{0: [0], 1: [1], 2: [2], 3: [3], 4: [4]}
{0: [0], 1: [1], 2: [2], 3: [3], 4: [4]}
COST: 8.963

-------------------

/kˈaɾnɨ/ - /kˈaɾnɨ/
k-k / ˈa-ˈa / ɾ-ɾ / n-n / ɨ-ɨ
{0: [0], 1: [1], 2: [2], 3: [3], 4: [4]}
{0: [0], 1: [1], 2: [2], 3: [3], 4: [4]}
COST: 6.11

-------------------

/kˈaɾu/ - /kˈaɾu/
k-k / ˈa-ˈa / ɾ_u-ɾ_u
{0: [0], 1: [1], 2: [2, 3]}
{0: [0], 1: [1], 2: [2, 3]}
COST: -0.893

-------------------

/kˈaβɾɐ/ - /kˈaβɾɐ/
k-k / ˈa-ˈa / β-β / ɾ_ɐ-ɾ_ɐ
{0: [0], 1: [1], 2: [2], 3: [3, 4]}
{0: [0], 1: [1], 2: [2], 3: [3, 4]}
COST: 7.568

-------------------

/kˈojzɐ/ - /kˈojzɐ/
k-k / ˈo-ˈo / j-j / z-z / ɐ-ɐ
{0: [0], 1: [1], 2: [2], 3: [3], 4: [4]}
{0: [0], 1: [1], 2: [2], 3: [3], 4: [4]}
COST: 8.804

-------------------

/kˈoɾ/ - /kˈoɾ/
k-k / ˈo-ˈo / ɾ-ɾ
{0: [0], 1: [1], 2: [2]}
{0: [0], 1: [1], 2: [2]}
COST: -5.051

-------------------

/kˈoɾnu/ - /kˈoɾnu/
k-k / ˈo-ˈo / ɾ-ɾ / n-n / u-u
{0: [0], 1: [1], 2: [2], 3: [3], 4: [4]}
{0: [0], 1: [1], 2: [2], 3: [3], 4: [4]}
COST: 5.329

-------------------

/kˈoɾpu/ - /kˈoɾpu/
k-k / ˈo-ˈo / ɾ-ɾ / p_u-p_u
{0: [0], 1: [1], 2: [2], 3: [3, 4]}
{0: [0], 1: [1], 2: [2], 3: [3, 4]}
COST: 5.863

-------------------

/kˈoʃɐ/ - /kˈoʃɐ/
k-k / ˈo-ˈo / ʃ-ʃ / ɐ-ɐ
{0: [0], 1: [1], 2: [2], 3: [3]}
{0: [0], 1: [1], 2: [2], 3: [3]}
COST: 0.318

-------------------

/kˈu/ - /kˈu/
k-k / ˈu-ˈu
{0: [0], 1: [1]}
{0: [0], 1: [1]}
COST: -8.273

-------------------

/kˈuɲu/ - /kˈuɲu/
k-k / ˈu-ˈu / ɲ-ɲ / u-u
{0: [0], 1: [1], 2: [2], 3: [3]}
{0: [0], 1: [1], 2: [2], 3: [3]}
COST: 2.702

-------------------

/kˈuɾtu/ - /kˈuɾtu/
k-k / ˈu-ˈu / ɾ_t-ɾ_t / u-u
{0: [0], 1: [1], 2: [2, 3], 3: [4]}
{0: [0], 1: [1], 2: [2, 3], 3: [4]}
COST: 6.26

-------------------

/kˈɐ̃j̃/ - /kˈɐ̃j̃/
k-k / ˈɐ̃-ˈɐ̃ / j̃-j̃
{0: [0], 1: [1], 2: [2]}
{0: [0], 1: [1], 2: [2]}
COST: 0.141

-------------------

/kˈɐ̃mɐɾɐ/ - /kˈɐ̃mɐɾɐ/
k-k / ˈɐ̃-ˈɐ̃ / m-m / ɐ-ɐ / ɾ_ɐ-ɾ_ɐ
{0: [0], 1: [1], 2: [2], 3: [3], 4: [4, 5]}
{0: [0], 1: [1], 2: [2], 3: [3], 4: [4, 5]}
COST: 11.452

-------------------

/kˈɐ̃tu/ - /kˈɐ̃tu/
k-k / ˈɐ̃-ˈɐ̃ / t-t / u-u
{0: [0], 1: [1], 2: [2], 3: [3]}
{0: [0], 1: [1], 2: [2], 3: [3]}
COST: 1.305

-------------------

/kˈɐ̃w̃/ - /kˈɐ̃w̃/
k-k / ˈɐ̃-ˈɐ̃ / w̃-w̃
{0: [0], 1: [1], 2: [2]}
{0: [0], 1: [1], 2: [2]}
COST: -0.628

-------------------

/kˈɔlu/ - /kˈɔlu/
k-k / ˈɔ-ˈɔ / l-l / u-u
{0: [0], 1: [1], 2: [2], 3: [3]}
{0: [0], 1: [1], 2: [2], 3: [3]}
COST: 1.446

-------------------

/kˈɔlɐ/ - /kˈɔlɐ/
k-k / ˈɔ-ˈɔ / l-l / ɐ-ɐ
{0: [0], 1: [1], 2: [2], 3: [3]}
{0: [0], 1: [1], 2: [2], 3: [3]}
COST: 1.508

-------------------

/kˈɔɾ/ - /kˈɔɾ/
k-k / ˈɔ-ˈɔ / ɾ-ɾ
{0: [0], 1: [1], 2: [2]}
{0: [0], 1: [1], 2: [2]}
COST: -4.248

-------------------

/kˈɔʃtɐ/ - /kˈɔʃtɐ/
k-k / ˈɔ-ˈɔ / ʃ-ʃ / t_ɐ-t_ɐ
{0: [0], 1: [1], 2: [2], 3: [3, 4]}
{0: [0], 1: [1], 2: [2], 3: [3, 4]}
COST: 7.439

-------------------

/kˈɨ/ - /kˈɨ/
k-k / ∅-ˈɨ / ˈɨ-∅
{0: [0], 1: None, 2: [1]}
{0: [0], 1: [1], 2: None}
COST: -24.704

-------------------

/ljˈɐ̃w̃/ - /ljˈɐ̃w̃/
l-l / j-j / ˈɐ̃-ˈɐ̃ / w̃-w̃
{0: [0], 1: [1], 2: [2], 3: [3]}
{0: [0], 1: [1], 2: [2], 3: [3]}
COST: 5.456

-------------------

/lɨvˈaɾ/ - /lɨvˈaɾ/
l-l / ɨ-ɨ / v-v / ˈa-ˈa / ɾ-ɾ
{0: [0], 1: [1], 2: [2], 3: [3], 4: [4]}
{0: [0], 1: [1], 2: [2], 3: [3], 4: [4]}
COST: 5.762

-------------------

/lˈaɣu/ - /lˈaɣu/
l-l / ˈa-ˈa / ɣ-ɣ / u-u
{0: [0], 1: [1], 2: [2], 3: [3]}
{0: [0], 1: [1], 2: [2], 3: [3]}
COST: 1.654

-------------------

/lˈaɣɾimɐ/ - /lˈaɣɾimɐ/
l-l / ˈa-ˈa / ɣ-ɣ / ɾ-ɾ / i-i / m-m / ɐ-ɐ
{0: [0], 1: [1], 2: [2], 3: [3], 4: [4], 5: [5], 6: [6]}
{0: [0], 1: [1], 2: [2], 3: [3], 4: [4], 5: [5], 6: [6]}
COST: 18.495

-------------------

/lˈetɾɐ/ - /lˈetɾɐ/
l-l / ˈe-ˈe / t-t / ɾ_ɐ-ɾ_ɐ
{0: [0], 1: [1], 2: [2], 3: [3, 4]}
{0: [0], 1: [1], 2: [2], 3: [3, 4]}
COST: 6.736

-------------------

/lˈeɾ/ - /lˈeɾ/
l-l / ˈe-ˈe / ɾ-ɾ
{0: [0], 1: [1], 2: [2]}
{0: [0], 1: [1], 2: [2]}
COST: -4.241

-------------------

/lˈivɾɨ/ - /lˈivɾɨ/
l-l / ˈi-ˈi / v-v / ɾ_ɨ-ɾ_ɨ
{0: [0], 1: [1], 2: [2], 3: [3, 4]}
{0: [0], 1: [1], 2: [2], 3: [3, 4]}
COST: 7.093

-------------------

/lˈiɲɐ/ - /lˈiɲɐ/
l-l / ˈi-ˈi / ɲ-ɲ / ɐ-ɐ
{0: [0], 1: [1], 2: [2], 3: [3]}
{0: [0], 1: [1], 2: [2], 3: [3]}
COST: 2.707

-------------------

/lˈĩɡwɐ/ - /lˈĩɡwɐ/
l-l / ˈĩ-ˈĩ / ɡ-ɡ / w-w / ɐ-ɐ
{0: [0], 1: [1], 2: [2], 3: [3], 4: [4]}
{0: [0], 1: [1], 2: [2], 3: [3], 4: [4]}
COST: 13.277

-------------------

/lˈõɡu/ - /lˈõɡu/
l-l / ˈõ-ˈõ / ɡ-ɡ / u-u
{0: [0], 1: [1], 2: [2], 3: [3]}
{0: [0], 1: [1], 2: [2], 3: [3]}
COST: 5.227

-------------------

/lˈoβu/ - /lˈoβu/
l-l / ˈo-ˈo / β-β / u-u
{0: [0], 1: [1], 2: [2], 3: [3]}
{0: [0], 1: [1], 2: [2], 3: [3]}
COST: 2.777

-------------------

/lˈumɨ/ - /lˈumɨ/
l-l / ˈu-ˈu / m-m / ɨ-ɨ
{0: [0], 1: [1], 2: [2], 3: [3]}
{0: [0], 1: [1], 2: [2], 3: [3]}
COST: 3.164

-------------------

/lˈutɐ/ - /lˈutɐ/
l-l / ˈu-ˈu / t_ɐ-t_ɐ
{0: [0], 1: [1], 2: [2, 3]}
{0: [0], 1: [1], 2: [2, 3]}
COST: 2.609

-------------------

/lˈuɐ/ - /lˈuɐ/
l-l / ˈu-ˈu / ɐ-ɐ
{0: [0], 1: [1], 2: [2]}
{0: [0], 1: [1], 2: [2]}
COST: -3.709

-------------------

/lˈuʃ/ - /lˈuʃ/
l-l / ˈu-ˈu / ʃ-ʃ
{0: [0], 1: [1], 2: [2]}
{0: [0], 1: [1], 2: [2]}
COST: -2.546

-------------------

/lˈɐj/ - /lˈɐj/
l-l / ˈɐ-ˈɐ / j-j
{0: [0], 1: [1], 2: [2]}
{0: [0], 1: [1], 2: [2]}
COST: -2.389

-------------------

/lˈɐjtu/ - /lˈɐjtu/
l-l / ˈɐ-ˈɐ / j-j / t-t / u-u
{0: [0], 1: [1], 2: [2], 3: [3], 4: [4]}
{0: [0], 1: [1], 2: [2], 3: [3], 4: [4]}
COST: 7.065

-------------------

/lˈɐjtɨ/ - /lˈɐjtɨ/
l-l / ˈɐ-ˈɐ / j-j / t-t / ɨ-ɨ
{0: [0], 1: [1], 2: [2], 3: [3], 4: [4]}
{0: [0], 1: [1], 2: [2], 3: [3], 4: [4]}
COST: 8.272

-------------------

/lˈɐjɲɐ/ - /lˈɐjɲɐ/
l-l / ˈɐ-ˈɐ / j-j / ɲ-ɲ / ɐ-ɐ
{0: [0], 1: [1], 2: [2], 3: [3], 4: [4]}
{0: [0], 1: [1], 2: [2], 3: [3], 4: [4]}
COST: 8.648

-------------------

/lˈɐ̃/ - /lˈɐ̃/
l-l / ˈɐ̃-ˈɐ̃
{0: [0], 1: [1]}
{0: [0], 1: [1]}
COST: -7.74

-------------------

/lˈɔɣu/ - /lˈɔɣu/
l-l / ˈɔ-ˈɔ / ɣ-ɣ / u-u
{0: [0], 1: [1], 2: [2], 3: [3]}
{0: [0], 1: [1], 2: [2], 3: [3]}
COST: 2.881

-------------------

/lˈɛβɾɨ/ - /lˈɛβɾɨ/
l-l / ˈɛ-ˈɛ / β-β / ɾ_ɨ-ɾ_ɨ
{0: [0], 1: [1], 2: [2], 3: [3, 4]}
{0: [0], 1: [1], 2: [2], 3: [3, 4]}
COST: 9.569

-------------------

/moʁˈeɾ/ - /moʁˈeɾ/
m-m / ∅-o / o-∅ / ʁ-ʁ / ˈe-ˈe / ɾ-ɾ
{0: [0], 1: None, 2: [1], 3: [2], 4: [3], 5: [4]}
{0: [0], 1: [1], 2: None, 3: [2], 4: [3], 5: [4]}
COST: -6.886

-------------------

/mõtˈɐɲɐ/ - /mõtˈɐɲɐ/
m-m / ∅-õ / õ-∅ / t-t / ˈɐ-ˈɐ / ɲ-ɲ / ɐ-ɐ
{0: [0], 1: None, 2: [1], 3: [2], 4: [3], 5: [4], 6: [5]}
{0: [0], 1: [1], 2: None, 3: [2], 4: [3], 5: [4], 6: [5]}
COST: -1.641

-------------------

/musɨɣˈaɾ/ - /musɨɣˈaɾ/
m-m / u_s-u_s / ɨ-ɨ / ɣ-ɣ / ˈa-ˈa / ɾ-ɾ
{0: [0], 1: [1, 2], 2: [3], 3: [4], 4: [5], 5: [6]}
{0: [0], 1: [1, 2], 2: [3], 3: [4], 4: [5], 5: [6]}
COST: 18.29

-------------------

/muɾsɨɣˈaɾ/ - /muɾsɨɣˈaɾ/
m-m / u_ɾ-u_ɾ / s-s / ɨ-ɨ / ɣ-ɣ / ˈa-ˈa / ɾ-ɾ
{0: [0], 1: [1, 2], 2: [3], 3: [4], 4: [5], 5: [6], 6: [7]}
{0: [0], 1: [1, 2], 2: [3], 3: [4], 4: [5], 5: [6], 6: [7]}
COST: 21.859

-------------------

/muɾðˈeɾ/ - /muɾðˈeɾ/
m-m / u_ɾ-u_ɾ / ð-ð / ˈe-ˈe / ɾ-ɾ
{0: [0], 1: [1, 2], 2: [3], 3: [4], 4: [5]}
{0: [0], 1: [1, 2], 2: [3], 3: [4], 4: [5]}
COST: 11.838

-------------------

/muʎˈɛɾ/ - /muʎˈɛɾ/
m-m / u-u / ʎ-ʎ / ˈɛ-ˈɛ / ɾ-ɾ
{0: [0], 1: [1], 2: [2], 3: [3], 4: [4]}
{0: [0], 1: [1], 2: [2], 3: [3], 4: [4]}
COST: 7.481

-------------------

/mɐtˈaɾ/ - /mɐtˈaɾ/
m-m / ɐ-ɐ / t-t / ˈa-ˈa / ɾ-ɾ
{0: [0], 1: [1], 2: [2], 3: [3], 4: [4]}
{0: [0], 1: [1], 2: [2], 3: [3], 4: [4]}
COST: 4.473

-------------------

/mɐðˈuɾu/ - /mɐðˈuɾu/
m-m / ɐ-ɐ / ð-ð / ˈu-ˈu / ɾ_u-ɾ_u
{0: [0], 1: [1], 2: [2], 3: [3], 4: [4, 5]}
{0: [0], 1: [1], 2: [2], 3: [3], 4: [4, 5]}
COST: 11.398

-------------------

/mɨtˈaðɨ/ - /mɨtˈaðɨ/
m-m / ɨ-ɨ / t-t / ˈa-ˈa / ð-ð / ɨ-ɨ
{0: [0], 1: [1], 2: [2], 3: [3], 4: [4], 5: [5]}
{0: [0], 1: [1], 2: [2], 3: [3], 4: [4], 5: [5]}
COST: 13.212

-------------------

/mɨʎˈɔɾ/ - /mɨʎˈɔɾ/
m-m / ɨ-ɨ / ʎ-ʎ / ˈɔ-ˈɔ / ɾ-ɾ
{0: [0], 1: [1], 2: [2], 3: [3], 4: [4]}
{0: [0], 1: [1], 2: [2], 3: [3], 4: [4]}
COST: 8.499

-------------------

/mˈaɾ/ - /mˈaɾ/
m-m / ˈa-ˈa / ɾ-ɾ
{0: [0], 1: [1], 2: [2]}
{0: [0], 1: [1], 2: [2]}
COST: -5.043

-------------------

/mˈiɣɐ/ - /mˈiɣɐ/
m-m / ˈi-ˈi / ɣ-ɣ / ɐ-ɐ
{0: [0], 1: [1], 2: [2], 3: [3]}
{0: [0], 1: [1], 2: [2], 3: [3]}
COST: 2.578

-------------------

/mˈiɫ/ - /mˈiɫ/
m-m / ˈi-ˈi / ɫ-ɫ
{0: [0], 1: [1], 2: [2]}
{0: [0], 1: [1], 2: [2]}
COST: -0.683

-------------------

/mˈoʃkɐ/ - /mˈoʃkɐ/
m-m / ˈo-ˈo / ʃ-ʃ / k-k / ɐ-ɐ
{0: [0], 1: [1], 2: [2], 3: [3], 4: [4]}
{0: [0], 1: [1], 2: [2], 3: [3], 4: [4]}
COST: 6.047

-------------------

/mˈũj̃tu/ - /mˈũj̃tu/
m-m / ˈũ-ˈũ / j̃-j̃ / t-t / u-u
{0: [0], 1: [1], 2: [2], 3: [3], 4: [4]}
{0: [0], 1: [1], 2: [2], 3: [3], 4: [4]}
COST: 6.406

-------------------

/mˈɐju/ - /mˈɐju/
m-m / ˈɐ-ˈɐ / j_u-j_u
{0: [0], 1: [1], 2: [2, 3]}
{0: [0], 1: [1], 2: [2, 3]}
COST: 2.929

-------------------

/mˈɐ̃j̃/ - /mˈɐ̃j̃/
m-m / ˈɐ̃-ˈɐ̃ / j̃-j̃
{0: [0], 1: [1], 2: [2]}
{0: [0], 1: [1], 2: [2]}
COST: 0.574

-------------------

/mˈɐ̃w̃/ - /mˈɐ̃w̃/
m-m / ˈɐ̃-ˈɐ̃ / w̃-w̃
{0: [0], 1: [1], 2: [2]}
{0: [0], 1: [1], 2: [2]}
COST: -0.195

-------------------

/mˈɔɾtɨ/ - /mˈɔɾtɨ/
m-m / ˈɔ-ˈɔ / ɾ_t-ɾ_t / ɨ-ɨ
{0: [0], 1: [1], 2: [2, 3], 3: [4]}
{0: [0], 1: [1], 2: [2, 3], 3: [4]}
COST: 7.822

-------------------

/mˈɛɫ/ - /mˈɛɫ/
m-m / ˈɛ-ˈɛ / ɫ-ɫ
{0: [0], 1: [1], 2: [2]}
{0: [0], 1: [1], 2: [2]}
COST: -0.106

-------------------

/mˈɨ/ - /mˈɨ/
m-m / ∅-ˈɨ / ˈɨ-∅
{0: [0], 1: None, 2: [1]}
{0: [0], 1: [1], 2: None}
COST: -24.271

-------------------

/nɐðˈaɾ/ - /nɐðˈaɾ/
n-n / ɐ-ɐ / ð-ð / ˈa-ˈa / ɾ-ɾ
{0: [0], 1: [1], 2: [2], 3: [3], 4: [4]}
{0: [0], 1: [1], 2: [2], 3: [3], 4: [4]}
COST: 6.068

-------------------

/nɐɾˈiʃ/ - /nɐɾˈiʃ/
n-n / ɐ_ɾ-ɐ_ɾ / ˈi-ˈi / ʃ-ʃ
{0: [0], 1: [1, 2], 2: [3], 3: [4]}
{0: [0], 1: [1, 2], 2: [3], 3: [4]}
COST: 7.214

-------------------

/nɐʃsˈeɾ/ - /nɐʃsˈeɾ/
n-n / ɐ_ʃ-ɐ_ʃ / s-s / ˈe-ˈe / ɾ-ɾ
{0: [0], 1: [1, 2], 2: [3], 3: [4], 4: [5]}
{0: [0], 1: [1, 2], 2: [3], 3: [4], 4: [5]}
COST: 11.644

-------------------

/nɐ̃w̃/ - /nɐ̃w̃/
n-n / ɐ̃-ɐ̃ / w̃-w̃
{0: [0], 1: [1], 2: [2]}
{0: [0], 1: [1], 2: [2]}
COST: 2.381

-------------------

/nɨɲˈũ/ - /nɨɲˈũ/
n-n / ɨ-ɨ / ɲ-ɲ / ˈũ-ˈũ
{0: [0], 1: [1], 2: [2], 3: [3]}
{0: [0], 1: [1], 2: [2], 3: [3]}
COST: 1.402

-------------------

/nˈeɣɾu/ - /nˈeɣɾu/
n-n / ˈe-ˈe / ɣ-ɣ / ɾ_u-ɾ_u
{0: [0], 1: [1], 2: [2], 3: [3, 4]}
{0: [0], 1: [1], 2: [2], 3: [3, 4]}
COST: 7.654

-------------------

/nˈojtɨ/ - /nˈojtɨ/
n-n / ˈo-ˈo / j-j / t-t / ɨ-ɨ
{0: [0], 1: [1], 2: [2], 3: [3], 4: [4]}
{0: [0], 1: [1], 2: [2], 3: [3], 4: [4]}
COST: 8.173

-------------------

/nˈomɨ/ - /nˈomɨ/
n-n / ˈo-ˈo / m-m / ɨ-ɨ
{0: [0], 1: [1], 2: [2], 3: [3]}
{0: [0], 1: [1], 2: [2], 3: [3]}
COST: 2.865

-------------------

/nˈovu/ - /nˈovu/
n-n / ˈo-ˈo / v_u-v_u
{0: [0], 1: [1], 2: [2, 3]}
{0: [0], 1: [1], 2: [2, 3]}
COST: 2.279

-------------------

/nˈuvɐ̃j̃/ - /nˈuvɐ̃j̃/
n-n / ˈu-ˈu / v-v / ɐ̃-ɐ̃ / j̃-j̃
{0: [0], 1: [1], 2: [2], 3: [3], 4: [4]}
{0: [0], 1: [1], 2: [2], 3: [3], 4: [4]}
COST: 15.111

-------------------

/nˈɔ/ - /nˈɔ/
n-n / ˈɔ-ˈɔ
{0: [0], 1: [1]}
{0: [0], 1: [1]}
COST: -7.36

-------------------

/nˈɔsu/ - /nˈɔsu/
n-n / ˈɔ-ˈɔ / s-s / u-u
{0: [0], 1: [1], 2: [2], 3: [3]}
{0: [0], 1: [1], 2: [2], 3: [3]}
COST: 1.947

-------------------

/nˈɔvɨ/ - /nˈɔvɨ/
n-n / ˈɔ-ˈɔ / v-v / ɨ-ɨ
{0: [0], 1: [1], 2: [2], 3: [3]}
{0: [0], 1: [1], 2: [2], 3: [3]}
COST: 3.468

-------------------

/nˈɔʃ/ - /nˈɔʃ/
n-n / ˈɔ-ˈɔ / ʃ-ʃ
{0: [0], 1: [1], 2: [2]}
{0: [0], 1: [1], 2: [2]}
COST: -2.042

-------------------

/nˈɛvwɐ/ - /nˈɛvwɐ/
n-n / ˈɛ-ˈɛ / v-v / w-w / ɐ-ɐ
{0: [0], 1: [1], 2: [2], 3: [3], 4: [4]}
{0: [0], 1: [1], 2: [2], 3: [3], 4: [4]}
COST: 9.533

-------------------

/nˈɛvɨ/ - /nˈɛvɨ/
n-n / ˈɛ-ˈɛ / v-v / ɨ-ɨ
{0: [0], 1: [1], 2: [2], 3: [3]}
{0: [0], 1: [1], 2: [2], 3: [3]}
COST: 3.656

-------------------

/owtˈonu/ - /owtˈonu/
∅-o / o-∅ / w-w / t-t / ˈo-ˈo / n-n / u-u
{0: None, 1: [0], 2: [1], 3: [2], 4: [3], 5: [4], 6: [5]}
{0: [0], 1: None, 2: [1], 3: [2], 4: [3], 5: [4], 6: [5]}
COST: -1.687

-------------------

/pjˈoʎu/ - /pjˈoʎu/
p-p / j-j / ˈo-ˈo / ʎ-ʎ / u-u
{0: [0], 1: [1], 2: [2], 3: [3], 4: [4]}
{0: [0], 1: [1], 2: [2], 3: [3], 4: [4]}
COST: 8.168

-------------------

/puðˈeɾ/ - /puðˈeɾ/
p_u-p_u / ð-ð / ˈe-ˈe / ɾ-ɾ
{0: [0, 1], 1: [2], 2: [3], 3: [4]}
{0: [0, 1], 1: [2], 2: [3], 3: [4]}
COST: 7.365

-------------------

/pɐlˈavɾɐ/ - /pɐlˈavɾɐ/
p-p / ɐ-ɐ / l-l / ˈa-ˈa / v-v / ɾ_ɐ-ɾ_ɐ
{0: [0], 1: [1], 2: [2], 3: [3], 4: [4], 5: [5, 6]}
{0: [0], 1: [1], 2: [2], 3: [3], 4: [4], 5: [5, 6]}
COST: 16.067

-------------------

/pɨkˈenu/ - /pɨkˈenu/
p-p / ɨ-ɨ / k-k / ˈe-ˈe / n-n / u-u
{0: [0], 1: [1], 2: [2], 3: [3], 4: [4], 5: [5]}
{0: [0], 1: [1], 2: [2], 3: [3], 4: [4], 5: [5]}
COST: 12.759

-------------------

/pɾuvˈɐjtu/ - /pɾuvˈɐjtu/
p_ɾ-p_ɾ / u-u / v-v / ˈɐ-ˈɐ / j-j / t-t / u-u
{0: [0, 1], 1: [2], 2: [3], 3: [4], 4: [5], 5: [6], 6: [7]}
{0: [0, 1], 1: [2], 2: [3], 3: [4], 4: [5], 5: [6], 6: [7]}
COST: 22.284

-------------------

/pɾˈesu/ - /pɾˈesu/
p_ɾ-p_ɾ / ˈe-ˈe / s-s / u-u
{0: [0, 1], 1: [2], 2: [3], 3: [4]}
{0: [0, 1], 1: [2], 2: [3], 3: [4]}
COST: 6.56

-------------------

/pˈaj/ - /pˈaj/
p-p / ˈa-ˈa / j-j
{0: [0], 1: [1], 2: [2]}
{0: [0], 1: [1], 2: [2]}
COST: -3.365

-------------------

/pˈasu/ - /pˈasu/
p-p / ˈa-ˈa / s-s / u-u
{0: [0], 1: [1], 2: [2], 3: [3]}
{0: [0], 1: [1], 2: [2], 3: [3]}
COST: 0.267

-------------------

/pˈasɐɾu/ - /pˈasɐɾu/
p-p / ˈa-ˈa / s-s / ɐ_ɾ-ɐ_ɾ / u-u
{0: [0], 1: [1], 2: [2], 3: [3, 4], 4: [5]}
{0: [0], 1: [1], 2: [2], 3: [3, 4], 4: [5]}
COST: 9.911

-------------------

/pˈaʃ/ - /pˈaʃ/
p-p / ˈa-ˈa / ʃ-ʃ
{0: [0], 1: [1], 2: [2]}
{0: [0], 1: [1], 2: [2]}
COST: -3.722

-------------------

/pˈelu/ - /pˈelu/
p-p / ˈe-ˈe / l-l / u-u
{0: [0], 1: [1], 2: [2], 3: [3]}
{0: [0], 1: [1], 2: [2], 3: [3]}
COST: 1.583

-------------------

/pˈenɐ/ - /pˈenɐ/
p-p / ˈe-ˈe / n-n / ɐ-ɐ
{0: [0], 1: [1], 2: [2], 3: [3]}
{0: [0], 1: [1], 2: [2], 3: [3]}
COST: 2.226

-------------------

/pˈesɨɣu/ - /pˈesɨɣu/
p-p / ˈe-ˈe / s-s / ɨ-ɨ / ɣ-ɣ / u-u
{0: [0], 1: [1], 2: [2], 3: [3], 4: [4], 5: [5]}
{0: [0], 1: [1], 2: [2], 3: [3], 4: [4], 5: [5]}
COST: 13.121

-------------------

/pˈoju/ - /pˈoju/
p-p / ˈo-ˈo / j_u-j_u
{0: [0], 1: [1], 2: [2, 3]}
{0: [0], 1: [1], 2: [2, 3]}
COST: 2.355

-------------------

/pˈosu/ - /pˈosu/
p-p / ˈo-ˈo / s-s / u-u
{0: [0], 1: [1], 2: [2], 3: [3]}
{0: [0], 1: [1], 2: [2], 3: [3]}
COST: 0.692

-------------------

/pˈowku/ - /pˈowku/
p-p / ˈo-ˈo / w-w / k-k / u-u
{0: [0], 1: [1], 2: [2], 3: [3], 4: [4]}
{0: [0], 1: [1], 2: [2], 3: [3], 4: [4]}
COST: 7.794

-------------------

/pˈoɾ/ - /pˈoɾ/
p-p / ˈo-ˈo / ɾ-ɾ
{0: [0], 1: [1], 2: [2]}
{0: [0], 1: [1], 2: [2]}
COST: -4.512

-------------------

/pˈoɾku/ - /pˈoɾku/
p-p / ˈo-ˈo / ɾ-ɾ / k-k / u-u
{0: [0], 1: [1], 2: [2], 3: [3], 4: [4]}
{0: [0], 1: [1], 2: [2], 3: [3], 4: [4]}
COST: 4.876

-------------------

/pˈõj̃ʃ/ - /pˈõj̃ʃ/
p-p / ˈõ-ˈõ / j̃-j̃ / ʃ-ʃ
{0: [0], 1: [1], 2: [2], 3: [3]}
{0: [0], 1: [1], 2: [2], 3: [3]}
COST: 7.295

-------------------

/pˈõtu/ - /pˈõtu/
p-p / ˈõ-ˈõ / t-t / u-u
{0: [0], 1: [1], 2: [2], 3: [3]}
{0: [0], 1: [1], 2: [2], 3: [3]}
COST: 3.141

-------------------

/pˈõtɨ/ - /pˈõtɨ/
p-p / ˈõ-ˈõ / t-t / ɨ-ɨ
{0: [0], 1: [1], 2: [2], 3: [3]}
{0: [0], 1: [1], 2: [2], 3: [3]}
COST: 4.348

-------------------

/pˈuɲu/ - /pˈuɲu/
p-p / ˈu-ˈu / ɲ-ɲ / u-u
{0: [0], 1: [1], 2: [2], 3: [3]}
{0: [0], 1: [1], 2: [2], 3: [3]}
COST: 3.241

-------------------

/pˈɐjtu/ - /pˈɐjtu/
p-p / ˈɐ-ˈɐ / j-j / t-t / u-u
{0: [0], 1: [1], 2: [2], 3: [3], 4: [4]}
{0: [0], 1: [1], 2: [2], 3: [3], 4: [4]}
COST: 7.194

-------------------

/pˈɐjʃɨ/ - /pˈɐjʃɨ/
p-p / ˈɐ-ˈɐ / j-j / ʃ-ʃ / ɨ-ɨ
{0: [0], 1: [1], 2: [2], 3: [3], 4: [4]}
{0: [0], 1: [1], 2: [2], 3: [3], 4: [4]}
COST: 8.357

-------------------

/pˈɐ̃sɐ/ - /pˈɐ̃sɐ/
p-p / ˈɐ̃-ˈɐ̃ / s-s / ɐ-ɐ
{0: [0], 1: [1], 2: [2], 3: [3]}
{0: [0], 1: [1], 2: [2], 3: [3]}
COST: 1.758

-------------------

/pˈɐ̃w̃/ - /pˈɐ̃w̃/
p-p / ˈɐ̃-ˈɐ̃ / w̃-w̃
{0: [0], 1: [1], 2: [2]}
{0: [0], 1: [1], 2: [2]}
COST: -0.089

-------------------

/pˈɔɾkɐ/ - /pˈɔɾkɐ/
p-p / ˈɔ-ˈɔ / ɾ-ɾ / k-k / ɐ-ɐ
{0: [0], 1: [1], 2: [2], 3: [3], 4: [4]}
{0: [0], 1: [1], 2: [2], 3: [3], 4: [4]}
COST: 5.741

-------------------

/pˈɔβɾɨ/ - /pˈɔβɾɨ/
p-p / ˈɔ-ˈɔ / β-β / ɾ_ɨ-ɾ_ɨ
{0: [0], 1: [1], 2: [2], 3: [3, 4]}
{0: [0], 1: [1], 2: [2], 3: [3, 4]}
COST: 9.51

-------------------

/pˈɛ/ - /pˈɛ/
p-p / ˈɛ-ˈɛ
{0: [0], 1: [1]}
{0: [0], 1: [1]}
COST: -7.624

-------------------

/pˈɛlɨ/ - /pˈɛlɨ/
p-p / ˈɛ-ˈɛ / l-l / ɨ-ɨ
{0: [0], 1: [1], 2: [2], 3: [3]}
{0: [0], 1: [1], 2: [2], 3: [3]}
COST: 3.381

-------------------

/pˈɛðɾɐ/ - /pˈɛðɾɐ/
p-p / ˈɛ-ˈɛ / ð-ð / ɾ_ɐ-ɾ_ɐ
{0: [0], 1: [1], 2: [2], 3: [3, 4]}
{0: [0], 1: [1], 2: [2], 3: [3, 4]}
COST: 8.493

-------------------

/sẽtˈaɾ/ - /sẽtˈaɾ/
s-s / ∅-ẽ / ẽ-∅ / t-t / ˈa-ˈa / ɾ-ɾ
{0: [0], 1: None, 2: [1], 3: [2], 4: [3], 5: [4]}
{0: [0], 1: [1], 2: None, 3: [2], 4: [3], 5: [4]}
COST: -10.195

-------------------

/siðˈaðɨ/ - /siðˈaðɨ/
s-s / i-i / ð-ð / ˈa-ˈa / ð-ð / ɨ-ɨ
{0: [0], 1: [1], 2: [2], 3: [3], 4: [4], 5: [5]}
{0: [0], 1: [1], 2: [2], 3: [3], 4: [4], 5: [5]}
COST: 15.383

-------------------

/sĩkwˈẽtɐ/ - /sĩkwˈẽtɐ/
s-s / ∅-ĩ / ĩ-∅ / k-k / w-w / ˈẽ-ˈẽ / t_ɐ-t_ɐ
{0: [0], 1: None, 2: [1], 3: [2], 4: [3], 5: [4], 6: [5, 6]}
{0: [0], 1: [1], 2: None, 3: [2], 4: [3], 5: [4], 6: [5, 6]}
COST: 6.069

-------------------

/sufɾˈeɾ/ - /sufɾˈeɾ/
s-s / u-u / f-f / ɾ-ɾ / ˈe-ˈe / ɾ-ɾ
{0: [0], 1: [1], 2: [2], 3: [3], 4: [4], 5: [5]}
{0: [0], 1: [1], 2: [2], 3: [3], 4: [4], 5: [5]}
COST: 10.082

-------------------

/sɐˈuðɨ/ - /sɐˈuðɨ/
s-s / ɐ-ɐ / ˈu-ˈu / ð-ð / ɨ-ɨ
{0: [0], 1: [1], 2: [2], 3: [3], 4: [4]}
{0: [0], 1: [1], 2: [2], 3: [3], 4: [4]}
COST: 7.497

-------------------

/sɐβˈeɾ/ - /sɐβˈeɾ/
s-s / ɐ-ɐ / β-β / ˈe-ˈe / ɾ-ɾ
{0: [0], 1: [1], 2: [2], 3: [3], 4: [4]}
{0: [0], 1: [1], 2: [2], 3: [3], 4: [4]}
COST: 6.851

-------------------

/sɨmˈẽtɨ/ - /sɨmˈẽtɨ/
s-s / ɨ-ɨ / m-m / ˈẽ-ˈẽ / t-t / ɨ-ɨ
{0: [0], 1: [1], 2: [2], 3: [3], 4: [4], 5: [5]}
{0: [0], 1: [1], 2: [2], 3: [3], 4: [4], 5: [5]}
COST: 14.968

-------------------

/sɨmˈɐnɐ/ - /sɨmˈɐnɐ/
s-s / ɨ-ɨ / m-m / ˈɐ-ˈɐ / n-n / ɐ-ɐ
{0: [0], 1: [1], 2: [2], 3: [3], 4: [4], 5: [5]}
{0: [0], 1: [1], 2: [2], 3: [3], 4: [4], 5: [5]}
COST: 12.915

-------------------

/sɨɣˈuɾu/ - /sɨɣˈuɾu/
s-s / ɨ-ɨ / ɣ-ɣ / ˈu-ˈu / ɾ_u-ɾ_u
{0: [0], 1: [1], 2: [2], 3: [3], 4: [4, 5]}
{0: [0], 1: [1], 2: [2], 3: [3], 4: [4, 5]}
COST: 12.361

-------------------

/sɨɾkˈaɾ/ - /sɨɾkˈaɾ/
s-s / ɨ_ɾ-ɨ_ɾ / k-k / ˈa-ˈa / ɾ-ɾ
{0: [0], 1: [1, 2], 2: [3], 3: [4], 4: [5]}
{0: [0], 1: [1, 2], 2: [3], 3: [4], 4: [5]}
COST: 10.847

-------------------

/sɨɾˈɐjʒɐ/ - /sɨɾˈɐjʒɐ/
s-s / ɨ_ɾ-ɨ_ɾ / ˈɐ-ˈɐ / j-j / ʒ-ʒ / ɐ-ɐ
{0: [0], 1: [1, 2], 2: [3], 3: [4], 4: [5], 5: [6]}
{0: [0], 1: [1, 2], 2: [3], 3: [4], 4: [5], 5: [6]}
COST: 19.632

-------------------

/sˈajβɐ/ - /sˈajβɐ/
s-s / ˈa-ˈa / j-j / β-β / ɐ-ɐ
{0: [0], 1: [1], 2: [2], 3: [3], 4: [4]}
{0: [0], 1: [1], 2: [2], 3: [3], 4: [4]}
COST: 7.597

-------------------

/sˈaɫ/ - /sˈaɫ/
s-s / ˈa-ˈa / ɫ-ɫ
{0: [0], 1: [1], 2: [2]}
{0: [0], 1: [1], 2: [2]}
COST: -2.037

-------------------

/sˈaɫsɐ/ - /sˈaɫsɐ/
s-s / ˈa-ˈa / ɫ-ɫ / s-s / ɐ-ɐ
{0: [0], 1: [1], 2: [2], 3: [3], 4: [4]}
{0: [0], 1: [1], 2: [2], 3: [3], 4: [4]}
COST: 7.332

-------------------

/sˈaβju/ - /sˈaβju/
s-s / ˈa-ˈa / β-β / j_u-j_u
{0: [0], 1: [1], 2: [2], 3: [3, 4]}
{0: [0], 1: [1], 2: [2], 3: [3, 4]}
COST: 8.738

-------------------

/sˈaβɨʃ/ - /sˈaβɨʃ/
s-s / ˈa-ˈa / β-β / ɨ-ɨ / ʃ-ʃ
{0: [0], 1: [1], 2: [2], 3: [3], 4: [4]}
{0: [0], 1: [1], 2: [2], 3: [3], 4: [4]}
COST: 8.385

-------------------

/sˈeku/ - /sˈeku/
s-s / ˈe-ˈe / k-k / u-u
{0: [0], 1: [1], 2: [2], 3: [3]}
{0: [0], 1: [1], 2: [2], 3: [3]}
COST: 0.553

-------------------

/sˈekɐ/ - /sˈekɐ/
s-s / ˈe-ˈe / k-k / ɐ-ɐ
{0: [0], 1: [1], 2: [2], 3: [3]}
{0: [0], 1: [1], 2: [2], 3: [3]}
COST: 0.615

-------------------

/sˈeðɐ/ - /sˈeðɐ/
s-s / ˈe-ˈe / ð-ð / ɐ-ɐ
{0: [0], 1: [1], 2: [2], 3: [3]}
{0: [0], 1: [1], 2: [2], 3: [3]}
COST: 1.717

-------------------

/sˈeɾɐ/ - /sˈeɾɐ/
s-s / ˈe-ˈe / ɾ_ɐ-ɾ_ɐ
{0: [0], 1: [1], 2: [2, 3]}
{0: [0], 1: [1], 2: [2, 3]}
COST: 0.883

-------------------

/sˈẽtu/ - /sˈẽtu/
s-s / ˈẽ-ˈẽ / t-t / u-u
{0: [0], 1: [1], 2: [2], 3: [3]}
{0: [0], 1: [1], 2: [2], 3: [3]}
COST: 2.733

-------------------

/sˈimɐ/ - /sˈimɐ/
s-s / ˈi-ˈi / m-m / ɐ-ɐ
{0: [0], 1: [1], 2: [2], 3: [3]}
{0: [0], 1: [1], 2: [2], 3: [3]}
COST: 1.062

-------------------

/sˈĩku/ - /sˈĩku/
s-s / ˈĩ-ˈĩ / k-k / u-u
{0: [0], 1: [1], 2: [2], 3: [3]}
{0: [0], 1: [1], 2: [2], 3: [3]}
COST: 3.421

-------------------

/sˈĩzɐ/ - /sˈĩzɐ/
s-s / ˈĩ-ˈĩ / z-z / ɐ-ɐ
{0: [0], 1: [1], 2: [2], 3: [3]}
{0: [0], 1: [1], 2: [2], 3: [3]}
COST: 6.316

-------------------

/sˈoβɾɨ/ - /sˈoβɾɨ/
s-s / ˈo-ˈo / β-β / ɾ_ɨ-ɾ_ɨ
{0: [0], 1: [1], 2: [2], 3: [3, 4]}
{0: [0], 1: [1], 2: [2], 3: [3, 4]}
COST: 8.087

-------------------

/sˈɐjʃ/ - /sˈɐjʃ/
s-s / ˈɐ-ˈɐ / j-j / ʃ-ʃ
{0: [0], 1: [1], 2: [2], 3: [3]}
{0: [0], 1: [1], 2: [2], 3: [3]}
COST: 2.438

-------------------

/sˈɐjʃu/ - /sˈɐjʃu/
s-s / ˈɐ-ˈɐ / j-j / ʃ_u-ʃ_u
{0: [0], 1: [1], 2: [2], 3: [3, 4]}
{0: [0], 1: [1], 2: [2], 3: [3, 4]}
COST: 7.562

-------------------

/sˈɐ̃/ - /sˈɐ̃/
s-s / ˈɐ̃-ˈɐ̃
{0: [0], 1: [1]}
{0: [0], 1: [1]}
COST: -8.231

-------------------

/sˈɐ̃tu/ - /sˈɐ̃tu/
s-s / ˈɐ̃-ˈɐ̃ / t-t / u-u
{0: [0], 1: [1], 2: [2], 3: [3]}
{0: [0], 1: [1], 2: [2], 3: [3]}
COST: 1.224

-------------------

/sˈɐ̃w̃/ - /sˈɐ̃w̃/
s-s / ˈɐ̃-ˈɐ̃ / w̃-w̃
{0: [0], 1: [1], 2: [2]}
{0: [0], 1: [1], 2: [2]}
COST: -0.709

-------------------

/sˈɐ̃ɡɨ/ - /sˈɐ̃ɡɨ/
s-s / ˈɐ̃-ˈɐ̃ / ɡ-ɡ / ɨ-ɨ
{0: [0], 1: [1], 2: [2], 3: [3]}
{0: [0], 1: [1], 2: [2], 3: [3]}
COST: 4.646

-------------------

/sˈɔɫ/ - /sˈɔɫ/
s-s / ˈɔ-ˈɔ / ɫ-ɫ
{0: [0], 1: [1], 2: [2]}
{0: [0], 1: [1], 2: [2]}
COST: -0.809

-------------------

/sˈɛtɨ/ - /sˈɛtɨ/
s-s / ˈɛ-ˈɛ / t-t / ɨ-ɨ
{0: [0], 1: [1], 2: [2], 3: [3]}
{0: [0], 1: [1], 2: [2], 3: [3]}
COST: 2.417

-------------------

/sˈɛw/ - /sˈɛw/
s-s / ˈɛ-ˈɛ / w-w
{0: [0], 1: [1], 2: [2]}
{0: [0], 1: [1], 2: [2]}
COST: -1.223

-------------------

/tusˈiɾ/ - /tusˈiɾ/
t-t / u_s-u_s / ˈi_ɾ-ˈi_ɾ
{0: [0], 1: [1, 2], 2: [3, 4]}
{0: [0], 1: [1, 2], 2: [3, 4]}
COST: 7.384

-------------------

/tɾˈeʃ/ - /tɾˈeʃ/
t_ɾ-t_ɾ / ˈe-ˈe / ʃ-ʃ
{0: [0, 1], 1: [2], 2: [3]}
{0: [0, 1], 1: [2], 2: [3]}
COST: 1.495

-------------------

/tˈẽpu/ - /tˈẽpu/
t-t / ˈẽ-ˈẽ / p_u-p_u
{0: [0], 1: [1], 2: [2, 3]}
{0: [0], 1: [1], 2: [2, 3]}
COST: 4.34

-------------------

/tˈowɾu/ - /tˈowɾu/
t-t / ˈo-ˈo / w-w / ɾ_u-ɾ_u
{0: [0], 1: [1], 2: [2], 3: [3, 4]}
{0: [0], 1: [1], 2: [2], 3: [3, 4]}
COST: 6.62

-------------------

/tˈoðu/ - /tˈoðu/
t-t / ˈo-ˈo / ð-ð / u-u
{0: [0], 1: [1], 2: [2], 3: [3]}
{0: [0], 1: [1], 2: [2], 3: [3]}
COST: 1.403

-------------------

/tˈoðuʃ/ - /tˈoðuʃ/
t-t / ˈo-ˈo / ð-ð / u-u / ʃ-ʃ
{0: [0], 1: [1], 2: [2], 3: [3], 4: [4]}
{0: [0], 1: [1], 2: [2], 3: [3], 4: [4]}
COST: 6.721

-------------------

/tˈu/ - /tˈu/
t-t / ˈu-ˈu
{0: [0], 1: [1]}
{0: [0], 1: [1]}
COST: -8.207

-------------------

/tˈɛʁɐ/ - /tˈɛʁɐ/
t-t / ˈɛ-ˈɛ / ʁ-ʁ / ɐ-ɐ
{0: [0], 1: [1], 2: [2], 3: [3]}
{0: [0], 1: [1], 2: [2], 3: [3]}
COST: 3.389

-------------------

/tˈɛʃtɐ/ - /tˈɛʃtɐ/
t-t / ˈɛ-ˈɛ / ʃ-ʃ / t_ɐ-t_ɐ
{0: [0], 1: [1], 2: [2], 3: [3, 4]}
{0: [0], 1: [1], 2: [2], 3: [3, 4]}
COST: 7.694

-------------------

/ũbˈiɣu/ - /ũbˈiɣu/
∅-ũ / ũ-∅ / b-b / ˈi-ˈi / ɣ-ɣ / u-u
{0: None, 1: [0], 2: [1], 3: [2], 4: [3], 5: [4]}
{0: [0], 1: None, 2: [1], 3: [2], 4: [3], 5: [4]}
COST: -5.889

-------------------

/vilˈɐ̃w̃/ - /vilˈɐ̃w̃/
v-v / i-i / l-l / ˈɐ̃-ˈɐ̃ / w̃-w̃
{0: [0], 1: [1], 2: [2], 3: [3], 4: [4]}
{0: [0], 1: [1], 2: [2], 3: [3], 4: [4]}
COST: 12.258

-------------------

/vwˈaɾ/ - /vwˈaɾ/
v-v / w-w / ˈa-ˈa / ɾ-ɾ
{0: [0], 1: [1], 2: [2], 3: [3]}
{0: [0], 1: [1], 2: [2], 3: [3]}
COST: 1.778

-------------------

/vɨzˈiɲu/ - /vɨzˈiɲu/
v-v / ɨ-ɨ / z-z / ˈi-ˈi / ɲ-ɲ / u-u
{0: [0], 1: [1], 2: [2], 3: [3], 4: [4], 5: [5]}
{0: [0], 1: [1], 2: [2], 3: [3], 4: [4], 5: [5]}
COST: 15.896

-------------------

/vɨɾɣˈoɲɐ/ - /vɨɾɣˈoɲɐ/
v-v / ɨ_ɾ-ɨ_ɾ / ɣ-ɣ / ˈo-ˈo / ɲ-ɲ / ɐ-ɐ
{0: [0], 1: [1, 2], 2: [3], 3: [4], 4: [5], 5: [6]}
{0: [0], 1: [1, 2], 2: [3], 3: [4], 4: [5], 5: [6]}
COST: 19.956

-------------------

/vˈakɐ/ - /vˈakɐ/
v-v / ˈa-ˈa / k-k / ɐ-ɐ
{0: [0], 1: [1], 2: [2], 3: [3]}
{0: [0], 1: [1], 2: [2], 3: [3]}
COST: 0.104

-------------------

/vˈeɾ/ - /vˈeɾ/
v-v / ˈe-ˈe / ɾ-ɾ
{0: [0], 1: [1], 2: [2]}
{0: [0], 1: [1], 2: [2]}
COST: -4.418

-------------------

/vˈeɾðɨ/ - /vˈeɾðɨ/
v-v / ˈe-ˈe / ɾ-ɾ / ð-ð / ɨ-ɨ
{0: [0], 1: [1], 2: [2], 3: [3], 4: [4]}
{0: [0], 1: [1], 2: [2], 3: [3], 4: [4]}
COST: 7.28

-------------------

/vˈẽtu/ - /vˈẽtu/
v-v / ˈẽ-ˈẽ / t-t / u-u
{0: [0], 1: [1], 2: [2], 3: [3]}
{0: [0], 1: [1], 2: [2], 3: [3]}
COST: 3.048

-------------------

/vˈẽtɾɨ/ - /vˈẽtɾɨ/
v-v / ˈẽ-ˈẽ / t_ɾ-t_ɾ / ɨ-ɨ
{0: [0], 1: [1], 2: [2, 3], 3: [4]}
{0: [0], 1: [1], 2: [2, 3], 3: [4]}
COST: 9.119

-------------------

/vˈilɐ/ - /vˈilɐ/
v-v / ˈi-ˈi / l-l / ɐ-ɐ
{0: [0], 1: [1], 2: [2], 3: [3]}
{0: [0], 1: [1], 2: [2], 3: [3]}
COST: 1.354

-------------------

/vˈiðɐ/ - /vˈiðɐ/
v-v / ˈi-ˈi / ð-ð / ɐ-ɐ
{0: [0], 1: [1], 2: [2], 3: [3]}
{0: [0], 1: [1], 2: [2], 3: [3]}
COST: 2.046

-------------------

/vˈiɐ/ - /vˈiɐ/
v-v / ˈi_ɐ-ˈi_ɐ
{0: [0], 1: [1, 2]}
{0: [0], 1: [1, 2]}
COST: -3.168

-------------------

/vˈiɲu/ - /vˈiɲu/
v-v / ˈi-ˈi / ɲ-ɲ / u-u
{0: [0], 1: [1], 2: [2], 3: [3]}
{0: [0], 1: [1], 2: [2], 3: [3]}
COST: 2.469

-------------------

/vˈiɾ/ - /vˈiɾ/
v-v / ˈi_ɾ-ˈi_ɾ
{0: [0], 1: [1, 2]}
{0: [0], 1: [1, 2]}
COST: -3.753

-------------------

/vˈĩtɨ/ - /vˈĩtɨ/
v-v / ˈĩ-ˈĩ / t-t / ɨ-ɨ
{0: [0], 1: [1], 2: [2], 3: [3]}
{0: [0], 1: [1], 2: [2], 3: [3]}
COST: 5.009

-------------------

/vˈou/ - /vˈou/
v-v / ˈo-ˈo / u-u
{0: [0], 1: [1], 2: [2]}
{0: [0], 1: [1], 2: [2]}
COST: -4.829

-------------------

/vˈɐjɲu/ - /vˈɐjɲu/
v-v / ˈɐ-ˈɐ / j-j / ɲ-ɲ / u-u
{0: [0], 1: [1], 2: [2], 3: [3], 4: [4]}
{0: [0], 1: [1], 2: [2], 3: [3], 4: [4]}
COST: 8.409

-------------------

/vˈɐjʎu/ - /vˈɐjʎu/
v-v / ˈɐ-ˈɐ / j-j / ʎ-ʎ / u-u
{0: [0], 1: [1], 2: [2], 3: [3], 4: [4]}
{0: [0], 1: [1], 2: [2], 3: [3], 4: [4]}
COST: 8.542

-------------------

/vˈɔʃ/ - /vˈɔʃ/
v-v / ˈɔ-ˈɔ / ʃ-ʃ
{0: [0], 1: [1], 2: [2]}
{0: [0], 1: [1], 2: [2]}
COST: -2.8

-------------------

/vˈɛɾmɨ/ - /vˈɛɾmɨ/
v-v / ˈɛ-ˈɛ / ɾ_m-ɾ_m / ɨ-ɨ
{0: [0], 1: [1], 2: [2, 3], 3: [4]}
{0: [0], 1: [1], 2: [2, 3], 3: [4]}
COST: 8.087

-------------------

/ɐmɐɾˈɛlu/ - /ɐmɐɾˈɛlu/
ɐ-ɐ / m-m / ɐ_ɾ-ɐ_ɾ / ˈɛ-ˈɛ / l-l / u-u
{0: [0], 1: [1], 2: [2, 3], 3: [4], 4: [5], 5: [6]}
{0: [0], 1: [1], 2: [2, 3], 3: [4], 4: [5], 5: [6]}
COST: 15.866

-------------------

/ɐɣˈuʎɐ/ - /ɐɣˈuʎɐ/
ɐ-ɐ / ɣ-ɣ / ˈu-ˈu / ʎ-ʎ / ɐ-ɐ
{0: [0], 1: [1], 2: [2], 3: [3], 4: [4]}
{0: [0], 1: [1], 2: [2], 3: [3], 4: [4]}
COST: 8.486

-------------------

/ɐɾʒˈilɐ/ - /ɐɾʒˈilɐ/
ɐ_ɾ-ɐ_ɾ / ʒ-ʒ / ˈi-ˈi / l-l / ɐ-ɐ
{0: [0, 1], 1: [2], 2: [3], 3: [4], 4: [5]}
{0: [0, 1], 1: [2], 2: [3], 3: [4], 4: [5]}
COST: 12.718

-------------------

/ɐɾˈɐjɐ/ - /ɐɾˈɐjɐ/
ɐ_ɾ-ɐ_ɾ / ˈɐ-ˈɐ / j_ɐ-j_ɐ
{0: [0, 1], 1: [2], 2: [3, 4]}
{0: [0, 1], 1: [2], 2: [3, 4]}
COST: 6.788

-------------------

/ɐɾˈɐɲɐ/ - /ɐɾˈɐɲɐ/
ɐ_ɾ-ɐ_ɾ / ˈɐ-ˈɐ / ɲ-ɲ / ɐ-ɐ
{0: [0, 1], 1: [2], 2: [3], 3: [4]}
{0: [0, 1], 1: [2], 2: [3], 3: [4]}
COST: 6.912

-------------------

/ɐʃˈaɾ/ - /ɐʃˈaɾ/
ɐ_ʃ-ɐ_ʃ / ˈa-ˈa / ɾ-ɾ
{0: [0, 1], 1: [2], 2: [3]}
{0: [0, 1], 1: [2], 2: [3]}
COST: -0.683

-------------------

/ɐʒuðˈaɾ/ - /ɐʒuðˈaɾ/
ɐ-ɐ / ʒ-ʒ / u-u / ð-ð / ˈa-ˈa / ɾ-ɾ
{0: [0], 1: [1], 2: [2], 3: [3], 4: [4], 5: [5]}
{0: [0], 1: [1], 2: [2], 3: [3], 4: [4], 5: [5]}
COST: 11.122

-------------------

/ɐʒˈuðu/ - /ɐʒˈuðu/
ɐ-ɐ / ʒ-ʒ / ˈu-ˈu / ð-ð / u-u
{0: [0], 1: [1], 2: [2], 3: [3], 4: [4]}
{0: [0], 1: [1], 2: [2], 3: [3], 4: [4]}
COST: 8.325

-------------------

/ɐβˈɐjʎɐ/ - /ɐβˈɐjʎɐ/
ɐ-ɐ / β-β / ˈɐ-ˈɐ / j-j / ʎ-ʎ / ɐ-ɐ
{0: [0], 1: [1], 2: [2], 3: [3], 4: [4], 5: [5]}
{0: [0], 1: [1], 2: [2], 3: [3], 4: [4], 5: [5]}
COST: 14.658

-------------------

/ɔvˈɐjʎɐ/ - /ɔvˈɐjʎɐ/
ɔ-ɔ / v-v / ˈɐ-ˈɐ / j-j / ʎ-ʎ / ɐ-ɐ
{0: [0], 1: [1], 2: [2], 3: [3], 4: [4], 5: [5]}
{0: [0], 1: [1], 2: [2], 3: [3], 4: [4], 5: [5]}
COST: 17.669

-------------------

/ɔðˈoɾ/ - /ɔðˈoɾ/
ɔ-ɔ / ð-ð / ˈo-ˈo / ɾ-ɾ
{0: [0], 1: [1], 2: [2], 3: [3]}
{0: [0], 1: [1], 2: [2], 3: [3]}
COST: 5.116

-------------------

/ɔɾˈɐjʎɐ/ - /ɔɾˈɐjʎɐ/
ɔ-ɔ / ɾ-ɾ / ˈɐ-ˈɐ / j-j / ʎ-ʎ / ɐ-ɐ
{0: [0], 1: [1], 2: [2], 3: [3], 4: [4], 5: [5]}
{0: [0], 1: [1], 2: [2], 3: [3], 4: [4], 5: [5]}
COST: 16.243

-------------------

/ɔβɾˈɐjɾu/ - /ɔβɾˈɐjɾu/
ɔ-ɔ / β-β / ɾ-ɾ / ˈɐ-ˈɐ / j-j / ɾ_u-ɾ_u
{0: [0], 1: [1], 2: [2], 3: [3], 4: [4], 5: [5, 6]}
{0: [0], 1: [1], 2: [2], 3: [3], 4: [4], 5: [5, 6]}
COST: 21.187

-------------------

/ɡɾˈaʃɐ/ - /ɡɾˈaʃɐ/
ɡ-ɡ / ɾ_ˈa-ɾ_ˈa / ʃ-ʃ / ɐ-ɐ
{0: [0], 1: [1, 2], 2: [3], 3: [4]}
{0: [0], 1: [1, 2], 2: [3], 3: [4]}
COST: 8.353

-------------------

/ɡɾˈosu/ - /ɡɾˈosu/
ɡ-ɡ / ɾ-ɾ / ˈo-ˈo / s-s / u-u
{0: [0], 1: [1], 2: [2], 3: [3], 4: [4]}
{0: [0], 1: [1], 2: [2], 3: [3], 4: [4]}
COST: 6.538

-------------------

/ɡɾˈɐ̃dɨ/ - /ɡɾˈɐ̃dɨ/
ɡ-ɡ / ɾ-ɾ / ˈɐ̃-ˈɐ̃ / d-d / ɨ-ɨ
{0: [0], 1: [1], 2: [2], 3: [3], 4: [4]}
{0: [0], 1: [1], 2: [2], 3: [3], 4: [4]}
COST: 10.361

-------------------

/ɡɾˈɐ̃w̃/ - /ɡɾˈɐ̃w̃/
ɡ-ɡ / ɾ-ɾ / ˈɐ̃-ˈɐ̃ / w̃-w̃
{0: [0], 1: [1], 2: [2], 3: [3]}
{0: [0], 1: [1], 2: [2], 3: [3]}
COST: 5.757

-------------------

/ɡˈatu/ - /ɡˈatu/
ɡ-ɡ / ˈa-ˈa / t-t / u-u
{0: [0], 1: [1], 2: [2], 3: [3]}
{0: [0], 1: [1], 2: [2], 3: [3]}
COST: 2.157

-------------------

/ɡˈojvu/ - /ɡˈojvu/
ɡ-ɡ / ˈo-ˈo / j-j / v_u-v_u
{0: [0], 1: [1], 2: [2], 3: [3, 4]}
{0: [0], 1: [1], 2: [2], 3: [3, 4]}
COST: 9.245

-------------------

/ɡˈotɐ/ - /ɡˈotɐ/
ɡ-ɡ / ˈo-ˈo / t_ɐ-t_ɐ
{0: [0], 1: [1], 2: [2, 3]}
{0: [0], 1: [1], 2: [2, 3]}
COST: 3.601

-------------------

/ɡˈɔlɐ/ - /ɡˈɔlɐ/
ɡ-ɡ / ˈɔ-ˈɔ / l-l / ɐ-ɐ
{0: [0], 1: [1], 2: [2], 3: [3]}
{0: [0], 1: [1], 2: [2], 3: [3]}
COST: 3.79

-------------------

/ɡˈɔɫpɨ/ - /ɡˈɔɫpɨ/
ɡ-ɡ / ˈɔ-ˈɔ / ɫ-ɫ / p-p / ɨ-ɨ
{0: [0], 1: [1], 2: [2], 3: [3], 4: [4]}
{0: [0], 1: [1], 2: [2], 3: [3], 4: [4]}
COST: 12.688

-------------------

/ʁumˈɐ̃w̃/ - /ʁumˈɐ̃w̃/
ʁ-ʁ / u_m-u_m / ˈɐ̃-ˈɐ̃ / w̃-w̃
{0: [0], 1: [1, 2], 2: [3], 3: [4]}
{0: [0], 1: [1, 2], 2: [3], 3: [4]}
COST: 12.711

-------------------

/ʁɐzˈɐ̃w̃/ - /ʁɐzˈɐ̃w̃/
ʁ-ʁ / ɐ-ɐ / z-z / ˈɐ̃-ˈɐ̃ / w̃-w̃
{0: [0], 1: [1], 2: [2], 3: [3], 4: [4]}
{0: [0], 1: [1], 2: [2], 3: [3], 4: [4]}
COST: 13.691

-------------------

/ʁɐˈiɲɐ/ - /ʁɐˈiɲɐ/
ʁ-ʁ / ɐ-ɐ / ˈi-ˈi / ɲ-ɲ / ɐ-ɐ
{0: [0], 1: [1], 2: [2], 3: [3], 4: [4]}
{0: [0], 1: [1], 2: [2], 3: [3], 4: [4]}
COST: 8.488

-------------------

/ʁɐˈiʃ/ - /ʁɐˈiʃ/
ʁ-ʁ / ɐ-ɐ / ˈi-ˈi / ʃ-ʃ
{0: [0], 1: [1], 2: [2], 3: [3]}
{0: [0], 1: [1], 2: [2], 3: [3]}
COST: 2.769

-------------------

/ʁɨðˈõdu/ - /ʁɨðˈõdu/
ʁ-ʁ / ɨ-ɨ / ð-ð / ˈõ-ˈõ / d-d / u-u
{0: [0], 1: [1], 2: [2], 3: [3], 4: [4], 5: [5]}
{0: [0], 1: [1], 2: [2], 3: [3], 4: [4], 5: [5]}
COST: 17.8

-------------------

/ʁˈiu/ - /ʁˈiu/
ʁ-ʁ / ˈi_u-ˈi_u
{0: [0], 1: [1, 2]}
{0: [0], 1: [1, 2]}
COST: -1.95

-------------------

/ʁˈoʃu/ - /ʁˈoʃu/
ʁ-ʁ / ˈo-ˈo / ʃ_u-ʃ_u
{0: [0], 1: [1], 2: [2, 3]}
{0: [0], 1: [1], 2: [2, 3]}
COST: 3.324

-------------------

/ʁˈujvu/ - /ʁˈujvu/
ʁ-ʁ / ˈu-ˈu / j-j / v_u-v_u
{0: [0], 1: [1], 2: [2], 3: [3, 4]}
{0: [0], 1: [1], 2: [2], 3: [3, 4]}
COST: 9.879

-------------------

/ʁˈɐj/ - /ʁˈɐj/
ʁ-ʁ / ˈɐ-ˈɐ / j-j
{0: [0], 1: [1], 2: [2]}
{0: [0], 1: [1], 2: [2]}
COST: -0.762

-------------------

/ʁˈɔðɐ/ - /ʁˈɔðɐ/
ʁ-ʁ / ˈɔ-ˈɔ / ð-ð / ɐ-ɐ
{0: [0], 1: [1], 2: [2], 3: [3]}
{0: [0], 1: [1], 2: [2], 3: [3]}
COST: 4.237

-------------------

/ʃuɾˈaɾ/ - /ʃuɾˈaɾ/
ʃ_u-ʃ_u / ɾ_ˈa-ɾ_ˈa / ɾ-ɾ
{0: [0, 1], 1: [2, 3], 2: [4]}
{0: [0, 1], 1: [2, 3], 2: [4]}
COST: 5.848

-------------------

/ʃɐmˈaɾ/ - /ʃɐmˈaɾ/
ʃ-ʃ / ɐ-ɐ / m-m / ˈa-ˈa / ɾ-ɾ
{0: [0], 1: [1], 2: [2], 3: [3], 4: [4]}
{0: [0], 1: [1], 2: [2], 3: [3], 4: [4]}
COST: 4.429

-------------------

/ʃˈavɨ/ - /ʃˈavɨ/
ʃ_ˈa-ʃ_ˈa / v-v / ɨ-ɨ
{0: [0, 1], 1: [2], 2: [3]}
{0: [0, 1], 1: [2], 2: [3]}
COST: 1.546

-------------------

/ʃˈaɣɐ/ - /ʃˈaɣɐ/
ʃ_ˈa-ʃ_ˈa / ɣ-ɣ / ɐ-ɐ
{0: [0, 1], 1: [2], 2: [3]}
{0: [0, 1], 1: [2], 2: [3]}
COST: 1.603

-------------------

/ʃˈoɾ/ - /ʃˈoɾ/
ʃ-ʃ / ˈo-ˈo / ɾ-ɾ
{0: [0], 1: [1], 2: [2]}
{0: [0], 1: [1], 2: [2]}
COST: -5.029

-------------------

/ʃˈuvɐ/ - /ʃˈuvɐ/
ʃ-ʃ / ˈu-ˈu / v_ɐ-v_ɐ
{0: [0], 1: [1], 2: [2, 3]}
{0: [0], 1: [1], 2: [2, 3]}
COST: 2.19

-------------------

/ʃˈɐju/ - /ʃˈɐju/
ʃ-ʃ / ˈɐ-ˈɐ / j_u-j_u
{0: [0], 1: [1], 2: [2, 3]}
{0: [0], 1: [1], 2: [2, 3]}
COST: 2.518

-------------------

/ʃˈɐmɐ/ - /ʃˈɐmɐ/
ʃ-ʃ / ˈɐ-ˈɐ / m-m / ɐ-ɐ
{0: [0], 1: [1], 2: [2], 3: [3]}
{0: [0], 1: [1], 2: [2], 3: [3]}
COST: 1.431

-------------------

/ʒẽʒˈivɐ/ - /ʒẽʒˈivɐ/
ʒ-ʒ / ∅-ẽ / ẽ-∅ / ʒ-ʒ / ˈi-ˈi / v_ɐ-v_ɐ
{0: [0], 1: None, 2: [1], 3: [2], 4: [3], 5: [4, 5]}
{0: [0], 1: [1], 2: None, 3: [2], 4: [3], 5: [4, 5]}
COST: 0.905

-------------------

/ʒjˈaɾ/ - /ʒjˈaɾ/
ʒ-ʒ / j_ˈa-j_ˈa / ɾ-ɾ
{0: [0], 1: [1, 2], 2: [3]}
{0: [0], 1: [1, 2], 2: [3]}
COST: 2.656

-------------------

/ʒuˈiʃ/ - /ʒuˈiʃ/
ʒ-ʒ / u-u / ˈi-ˈi / ʃ-ʃ
{0: [0], 1: [1], 2: [2], 3: [3]}
{0: [0], 1: [1], 2: [2], 3: [3]}
COST: 2.624

-------------------

/ʒwˈɐjʎu/ - /ʒwˈɐjʎu/
ʒ-ʒ / w-w / ˈɐ-ˈɐ / j-j / ʎ-ʎ / u-u
{0: [0], 1: [1], 2: [2], 3: [3], 4: [4], 5: [5]}
{0: [0], 1: [1], 2: [2], 3: [3], 4: [4], 5: [5]}
COST: 17.284

-------------------

/ʒˈẽtɨ/ - /ʒˈẽtɨ/
ʒ-ʒ / ˈẽ-ˈẽ / t-t / ɨ-ɨ
{0: [0], 1: [1], 2: [2], 3: [3]}
{0: [0], 1: [1], 2: [2], 3: [3]}
COST: 5.975

-------------------

/ʒˈẽʁu/ - /ʒˈẽʁu/
ʒ-ʒ / ˈẽ-ˈẽ / ʁ-ʁ / u-u
{0: [0], 1: [1], 2: [2], 3: [3]}
{0: [0], 1: [1], 2: [2], 3: [3]}
COST: 6.738

-------------------

/ʒˈoɣu/ - /ʒˈoɣu/
ʒ-ʒ / ˈo-ˈo / ɣ-ɣ / u-u
{0: [0], 1: [1], 2: [2], 3: [3]}
{0: [0], 1: [1], 2: [2], 3: [3]}
COST: 3.623

-------------------

/ʒˈuɲu/ - /ʒˈuɲu/
ʒ-ʒ / ˈu-ˈu / ɲ-ɲ / u-u
{0: [0], 1: [1], 2: [2], 3: [3]}
{0: [0], 1: [1], 2: [2], 3: [3]}
COST: 4.655

-------------------

/ʒˈũtu/ - /ʒˈũtu/
ʒ-ʒ / ˈũ-ˈũ / t-t / u-u
{0: [0], 1: [1], 2: [2], 3: [3]}
{0: [0], 1: [1], 2: [2], 3: [3]}
COST: -0.363

-------------------

/ʒˈɔvɐ̃j̃/ - /ʒˈɔvɐ̃j̃/
ʒ-ʒ / ˈɔ-ˈɔ / v-v / ɐ̃-ɐ̃ / j̃-j̃
{0: [0], 1: [1], 2: [2], 3: [3], 4: [4]}
{0: [0], 1: [1], 2: [2], 3: [3], 4: [4]}
COST: 15.994

-------------------

/ˈavɨ/ - /ˈavɨ/
ˈa-ˈa / v-v / ɨ-ɨ
{0: [0], 1: [1], 2: [2]}
{0: [0], 1: [1], 2: [2]}
COST: -4.047

-------------------

/ˈaɣwɐ/ - /ˈaɣwɐ/
ˈa-ˈa / ɣ-ɣ / w-w / ɐ-ɐ
{0: [0], 1: [1], 2: [2], 3: [3]}
{0: [0], 1: [1], 2: [2], 3: [3]}
COST: 3.031

-------------------

/ˈaɫmɐ/ - /ˈaɫmɐ/
ˈa-ˈa / ɫ-ɫ / m-m / ɐ-ɐ
{0: [0], 1: [1], 2: [2], 3: [3]}
{0: [0], 1: [1], 2: [2], 3: [3]}
COST: 2.632

-------------------

/ˈaɫvɐ/ - /ˈaɫvɐ/
ˈa-ˈa / ɫ-ɫ / v_ɐ-v_ɐ
{0: [0], 1: [1], 2: [2, 3]}
{0: [0], 1: [1], 2: [2, 3]}
COST: 3.19

-------------------

/ˈaɾvuɾɨ/ - /ˈaɾvuɾɨ/
ˈa-ˈa / ɾ-ɾ / v-v / u_ɾ-u_ɾ / ɨ-ɨ
{0: [0], 1: [1], 2: [2], 3: [3, 4], 4: [5]}
{0: [0], 1: [1], 2: [2], 3: [3, 4], 4: [5]}
COST: 9.714

-------------------

/ˈaʎu/ - /ˈaʎu/
ˈa-ˈa / ʎ-ʎ / u-u
{0: [0], 1: [1], 2: [2]}
{0: [0], 1: [1], 2: [2]}
COST: -3.767

-------------------

/ˈelɨ/ - /ˈelɨ/
ˈe-ˈe / l-l / ɨ-ɨ
{0: [0], 1: [1], 2: [2]}
{0: [0], 1: [1], 2: [2]}
COST: -3.045

-------------------

/ˈew/ - /ˈew/
ˈe-ˈe / w-w
{0: [0], 1: [1]}
{0: [0], 1: [1]}
COST: -7.029

-------------------

/ˈinswɐ/ - /ˈinswɐ/
ˈi-ˈi / n-n / s-s / w-w / ɐ-ɐ
{0: [0], 1: [1], 2: [2], 3: [3], 4: [4]}
{0: [0], 1: [1], 2: [2], 3: [3], 4: [4]}
COST: 8.642

-------------------

/ˈiʎɐ/ - /ˈiʎɐ/
ˈi-ˈi / ʎ-ʎ / ɐ-ɐ
{0: [0], 1: [1], 2: [2]}
{0: [0], 1: [1], 2: [2]}
COST: -2.865

-------------------

/ˈojtu/ - /ˈojtu/
ˈo-ˈo / j-j / t-t / u-u
{0: [0], 1: [1], 2: [2], 3: [3]}
{0: [0], 1: [1], 2: [2], 3: [3]}
COST: 0.679

-------------------

/ˈosu/ - /ˈosu/
ˈo-ˈo / s-s / u-u
{0: [0], 1: [1], 2: [2]}
{0: [0], 1: [1], 2: [2]}
COST: -5.143

-------------------

/ˈovu/ - /ˈovu/
ˈo-ˈo / v_u-v_u
{0: [0], 1: [1, 2]}
{0: [0], 1: [1, 2]}
COST: -4.008

-------------------

/ˈowtɾu/ - /ˈowtɾu/
ˈo-ˈo / w-w / t_ɾ-t_ɾ / u-u
{0: [0], 1: [1], 2: [2, 3], 3: [4]}
{0: [0], 1: [1], 2: [2, 3], 3: [4]}
COST: 6.891

-------------------

/ˈowɾu/ - /ˈowɾu/
ˈo-ˈo / w-w / ɾ_u-ɾ_u
{0: [0], 1: [1], 2: [2, 3]}
{0: [0], 1: [1], 2: [2, 3]}
COST: 1.258

-------------------

/ˈoʎu/ - /ˈoʎu/
ˈo-ˈo / ʎ-ʎ / u-u
{0: [0], 1: [1], 2: [2]}
{0: [0], 1: [1], 2: [2]}
COST: -3.342

-------------------

/ˈoʎuʃ/ - /ˈoʎuʃ/
ˈo-ˈo / ʎ-ʎ / u-u / ʃ-ʃ
{0: [0], 1: [1], 2: [2], 3: [3]}
{0: [0], 1: [1], 2: [2], 3: [3]}
COST: 1.976

-------------------

/ˈõbɾu/ - /ˈõbɾu/
ˈõ-ˈõ / b-b / ɾ_u-ɾ_u
{0: [0], 1: [1], 2: [2, 3]}
{0: [0], 1: [1], 2: [2, 3]}
COST: 3.861

-------------------

/ˈusu/ - /ˈusu/
ˈu-ˈu / s-s / u-u
{0: [0], 1: [1], 2: [2]}
{0: [0], 1: [1], 2: [2]}
COST: -4.263

-------------------

/ˈuɲɐ/ - /ˈuɲɐ/
ˈu-ˈu / ɲ-ɲ / ɐ-ɐ
{0: [0], 1: [1], 2: [2]}
{0: [0], 1: [1], 2: [2]}
COST: -2.532

-------------------

/ˈũ/ - /ˈũ/
ˈũ-ˈũ
{0: [0]}
{0: [0]}
COST: -17.067

-------------------

/ˈɐnu/ - /ˈɐnu/
ˈɐ-ˈɐ / n-n / u-u
{0: [0], 1: [1], 2: [2]}
{0: [0], 1: [1], 2: [2]}
COST: -3.39

-------------------

/ˈɐ̃ʒu/ - /ˈɐ̃ʒu/
ˈɐ̃-ˈɐ̃ / ʒ-ʒ / u-u
{0: [0], 1: [1], 2: [2]}
{0: [0], 1: [1], 2: [2]}
COST: -2.104

-------------------

/ˈɔmɐ̃j̃/ - /ˈɔmɐ̃j̃/
ˈɔ-ˈɔ / m-m / ɐ̃-ɐ̃ / j̃-j̃
{0: [0], 1: [1], 2: [2], 3: [3]}
{0: [0], 1: [1], 2: [2], 3: [3]}
COST: 8.945

-------------------

/ˈɔβɾɐ/ - /ˈɔβɾɐ/
ˈɔ-ˈɔ / β-β / ɾ_ɐ-ɾ_ɐ
{0: [0], 1: [1], 2: [2, 3]}
{0: [0], 1: [1], 2: [2, 3]}
COST: 3.5

-------------------

/ˈɛlu/ - /ˈɛlu/
ˈɛ-ˈɛ / l-l / u-u
{0: [0], 1: [1], 2: [2]}
{0: [0], 1: [1], 2: [2]}
COST: -3.661

-------------------

/ˈɛlɐ/ - /ˈɛlɐ/
ˈɛ-ˈɛ / l-l / ɐ-ɐ
{0: [0], 1: [1], 2: [2]}
{0: [0], 1: [1], 2: [2]}
COST: -3.599

-------------------

/ˈɛɾvɐ/ - /ˈɛɾvɐ/
ˈɛ-ˈɛ / ɾ-ɾ / v_ɐ-v_ɐ
{0: [0], 1: [1], 2: [2, 3]}
{0: [0], 1: [1], 2: [2, 3]}
COST: 1.086
