/ajutˈa/ - /aʤuðˈar/
[3/5] a-a / j-∅ / ∅-ʤ / u-u / t-ð / ˈa-ˈa_r
[2/5] a-a / j-∅ / ∅-ʤ / u-u / t-ð / ˈa-ˈa / ∅-r

-------------------

/anˈɛlːu/ - /anˈeʎ/
[3/5] a-a / n-n / ˈɛ-ˈe / lː_u-ʎ
[2/5] a-a / n-n / ˈɛ-ˈe / lː-ʎ / u-∅

-------------------

/arʣˈilːa/ - /arʤˈilɐ/
[5/5] a-a / r-r / ʣ-ʤ / ˈi-ˈi / lː-l / a-ɐ

-------------------

/arˈaɲu/ - /aɾˈaɲɐ/
[3/3] a-a / r-ɾ / ˈa-ˈa / ɲ-ɲ / u-ɐ

-------------------

/askultˈa/ - /eskultˈar/
[3/5] a-e / s-s / k-k / u-u / l-l / t-t / ˈa-ˈa_r
[2/5] a-e / s-s / k-k / u-u / l-l / t-t / ˈa-ˈa / ∅-r

-------------------

/aɲˈɛlːu/ - /aɲˈeʎ/
[2/4] a-a / ɲ-ɲ / ˈɛ-ˈe / lː_u-ʎ
[2/4] a-a / ɲ-ɲ / ˈɛ-ˈe / lː-ʎ / u-∅

-------------------

/bjˈaŋku/ - /blˈaŋk/
[3/5] b-b / j-l / ˈa-ˈa / ŋ-ŋ / k_u-k
[2/5] b-b / j-l / ˈa-ˈa / ŋ-ŋ / k-k / u-∅

-------------------

/bruʒˈa/ - /kɾemˈar/
[2/3] b-k / r-ɾ / u-e / ʒ-∅ / ∅-m / ˈa-ˈa_r
[1/3] b-k / r-ɾ / u-e / ʒ-∅ / ∅-m / ˈa-ˈa / ∅-r

-------------------

/bˈasːu/ - /bˈaʃ/
[3/5] b-b / ˈa-ˈa / sː-ʃ / u_#>-#>
[2/5] b-b / ˈa-ˈa / sː-ʃ / u-∅

-------------------

/bˈaɲu/ - /bˈaɲ/
[2/5] b-b / ˈa-ˈa / ɲ_u-ɲ
[2/5] b-b / ˈa-ˈa / ɲ-ɲ / u-∅
[1/5] b-b / ˈa-ˈa / ɲ-ɲ / u_#>-#>

-------------------

/bˈɔje/ - /bˈɒw/
[4/5] b-b / ˈɔ-ˈɒ / j-∅ / e-w
[1/5] b-b / ˈɔ-ˈɒ / j-w / e_#>-#>

-------------------

/bˈɔkːa/ - /bˈokɞ/
[3/3] b-b / ˈɔ-ˈo / kː-k / a-ɞ

-------------------

/bˈɔna/ - /bˈɒnɞ/
[3/3] b-b / ˈɔ-ˈɒ / n-n / a-ɞ

-------------------

/bˈɔne/ - /bˈɒnes/
[3/5] b-b / ˈɔ-ˈɒ / n-n / e-e / #>-s_#>
[2/5] b-b / ˈɔ-ˈɒ / n-n / e-e / ∅-s

-------------------

/bˈɔni/ - /bˈɒns/
[3/5] b-b / ˈɔ-ˈɒ / n-n / i-∅ / #>-s_#>
[2/5] b-b / ˈɔ-ˈɒ / n-n / i-∅ / ∅-s

-------------------

/bˈɔnu/ - /bˈɒ/
[2/4] b-b / ˈɔ-ˈɒ / n-∅ / u_#>-#>
[2/4] b-b / ˈɔ-ˈɒ / n-∅ / u-∅

-------------------

/bˈɛ/ - /bˈe/
[4/4] b-b / ˈɛ-ˈe

-------------------

/bˈɛje/ - /bˈæwɾɜ/
[2/4] b-b / ˈɛ-ˈæ / j-∅ / e-w / ∅-ɾ / ∅-ɜ
[1/4] b-b / ˈɛ-ˈæ / j-∅ / e-w_ɾ / ∅-ɜ
[1/4] b-b / ˈɛ-ˈæ / j-w / ∅-ɾ / e-ɜ

-------------------

/bˈɛlːa/ - /bˈeʎɜ/
[3/3] b-b / ˈɛ-ˈe / lː-ʎ / a-ɜ

-------------------

/bˈɛlːu/ - /bˈeʎ/
[2/4] b-b / ˈɛ-ˈe / lː_u-ʎ
[2/4] b-b / ˈɛ-ˈe / lː-ʎ / u-∅

-------------------

/camˈa/ - /klamˈar/
[3/4] c-k / ∅-l / a-a / m-m / ˈa-ˈa_r
[1/4] c-k_l / a-a / m-m / ˈa-ˈa / ∅-r

-------------------

/cˈave/ - /klˈaw/
[1/2] c-k_l / ˈa-ˈa / v-∅ / e-w
[1/2] c-k / ∅-l / ˈa-ˈa / v_e-w

-------------------

/drakˈɔne/ - /dɾaɣˈo/
[2/4] d-d / r-ɾ / a-a / k-ɣ / ˈɔ_n-ˈo / e_#>-#>
[1/4] d-d / r-ɾ / a-a / k-ɣ / ˈɔ-ˈo / n-∅ / e_#>-#>
[1/4] d-d / r-ɾ / a-a / k-ɣ / ˈɔ-ˈo / n-∅ / e-∅

-------------------

/drakˈɔne/ - /dɾˈak/
[1/1] d-d / r-ɾ / a-ˈa / k-k / ˈɔ-∅ / n-∅ / e-∅

-------------------

/dˈa/ - /dˈar/
[3/5] d-d / ˈa-ˈa_r
[2/5] d-d / ˈa-ˈa / ∅-r

-------------------

/dˈeʧe/ - /dˈæw/
[3/4] d-d / ˈe-ˈæ / ʧ_e-w
[1/4] d-d / ˈe-ˈæ / ʧ-∅ / e-w

-------------------

/dˈi/ - /dˈir/
[2/4] d-d / ˈi-ˈi / ∅-r
[2/4] d-d / ˈi-ˈi / #>-r_#>

-------------------

/dˈi/ - /dˈiɐ/
[4/4] d-d / ˈi-ˈi / ∅-ɐ

-------------------

/dˈitu/ - /dˈit/
[2/2] d-d / ˈi-ˈi / t-t / u-∅

-------------------

/dˈiu/ - /dˈew/
[5/5] d-d / ˈi-ˈe / u-w

-------------------

/dˈuj/ - /dˈues/
[3/3] d-d / ˈu-ˈu / j-e / #>-s_#>

-------------------

/dˈɔdeʧi/ - /dˈozɞ/
[2/3] d-d / ˈɔ-ˈo / d-z / e-ɞ / ʧ-∅ / i-∅
[1/3] d-d / ˈɔ-ˈo / d-∅ / e-∅ / ʧ-z / i-ɞ

-------------------

/dˈɔlku/ - /dˈols/
[2/4] d-d / ˈɔ-ˈo / l-l / k-∅ / u-∅ / ∅-s
[2/4] d-d / ˈɔ-ˈo / l-l / k-∅ / u-∅ / #>-s_#>

-------------------

/dˈɔnu/ - /dˈo/
[2/4] d-d / ˈɔ_n-ˈo / u_#>-#>
[2/4] d-d / ˈɔ-ˈo / n-∅ / u-∅

-------------------

/dˈɔnːa/ - /dˈɒnɞ/
[3/3] d-d / ˈɔ-ˈɒ / nː-n / a-ɞ

-------------------

/dˈɔrme/ - /durmˈir/
[3/5] d-d / ˈɔ-u / r-r / m-m / e-ˈi_r
[2/5] d-d / ˈɔ-u / r-r / m-m / e-ˈi / ∅-r

-------------------

/dˈɛnte/ - /dˈent/
[3/5] d-d / ˈɛ-ˈe / n-n / t_e-t
[2/5] d-d / ˈɛ-ˈe / n-n / t-t / e-∅

-------------------

/estˈate/ - /estˈiw/
[4/4] e-e / s-s / t-t / ˈa-ˈi / t-∅ / e-w

-------------------

/farˈina/ - /faɾˈinɐ/
[3/3] f-f / a-a / r-ɾ / ˈi-ˈi / n-n / a-ɐ

-------------------

/fjˈamːa/ - /flˈamɐ/
[4/4] f-f / j-l / ˈa-ˈa / mː-m / a-ɐ

-------------------

/fjˈɔre/ - /flˈɒr/
[3/5] f-f / j-l / ˈɔ-ˈɒ / r_e-r
[2/5] f-f / j-l / ˈɔ-ˈɒ / r-r / e-∅

-------------------

/frˈutːu/ - /fɾˈujt/
[2/4] f-f / r-ɾ / ˈu-ˈu / tː-j_t / u-∅
[1/4] f-f / r-ɾ / ˈu-ˈu / ∅-j / tː-t / u-∅
[1/4] f-f / r-ɾ / ˈu-ˈu / tː-j / u-∅ / #>-t_#>

-------------------

/frˈɛdːu/ - /fɾˈæt/
[2/4] f-f / r-ɾ / ˈɛ-ˈæ / dː-t / u_#>-#>
[2/4] f-f / r-ɾ / ˈɛ-ˈæ / dː-t / u-∅

-------------------

/fˈa/ - /fˈer/
[2/3] f-f / ˈa-ˈe / ∅-r
[1/3] f-f / ˈa-ˈe / #>-r_#>

-------------------

/fˈalʦu/ - /fˈals/
[2/3] f-f / ˈa-ˈa / l-l / ʦ-s / u-∅
[1/3] f-f / ˈa-ˈa / l-l / ʦ-s / u_#>-#>

-------------------

/fˈame/ - /fˈam/
[3/4] f-f / ˈa-ˈa / m_e-m
[1/4] f-f / ˈa-ˈa / m-m / e-∅

-------------------

/fˈata/ - /fˈaðɐ/
[2/2] f-f / ˈa-ˈa / t-ð / a-ɐ

-------------------

/fˈesta/ - /fˈestɜ/
[5/5] f-f / ˈe-ˈe / s-s / t-t / a-ɜ

-------------------

/fˈilu/ - /fˈil/
[3/5] f-f / ˈi-ˈi / l_u-l
[2/5] f-f / ˈi-ˈi / l-l / u-∅

-------------------

/fˈine/ - /fˈi/
[2/3] f-f / ˈi-ˈi / n-∅ / e-∅
[1/3] f-f / ˈi_n-ˈi / e_#>-#>

-------------------

/fˈinu/ - /fˈi/
[2/4] f-f / ˈi_n-ˈi / u_#>-#>
[2/4] f-f / ˈi-ˈi / n-∅ / u-∅

-------------------

/fˈiʎa/ - /fˈiʎɐ/
[3/3] f-f / ˈi-ˈi / ʎ-ʎ / a-ɐ

-------------------

/fˈiʎu/ - /fˈiʎ/
[2/4] f-f / ˈi-ˈi / ʎ-ʎ / u_#>-#>
[1/4] f-f / ˈi-ˈi / ʎ_u-ʎ
[1/4] f-f / ˈi-ˈi / ʎ-ʎ / u-∅

-------------------

/fˈume/ - /fˈum/
[2/4] f-f / ˈu-ˈu / m_e-m
[2/4] f-f / ˈu-ˈu / m-m / e-∅

-------------------

/fˈɔku/ - /fˈɒk/
[3/5] f-f / ˈɔ-ˈɒ / k_u-k
[2/5] f-f / ˈɔ-ˈɒ / k-k / u-∅

-------------------

/fˈɔrte/ - /fˈɒrt/
[3/4] f-f / ˈɔ-ˈɒ / r-r / t_e-t
[1/4] f-f / ˈɔ-ˈɒ / r-r / t-t / e-∅

-------------------

/fˈɔrʦa/ - /fˈɒrsɞ/
[4/4] f-f / ˈɔ-ˈɒ / r-r / ʦ-s / a-ɞ

-------------------

/fˈɔʎa/ - /fˈuʎɐ/
[3/3] f-f / ˈɔ-ˈu / ʎ-ʎ / a-ɐ

-------------------

/fˈɛkatu/ - /fˈeʤɜ/
[2/3] f-f / ˈɛ-ˈe / k-∅ / ∅-ʤ / a-ɜ / t-∅ / u-∅
[1/3] f-f / ˈɛ-ˈe / k-∅ / ∅-ʤ / a-ɜ / t-∅ / u_#>-#>

-------------------

/fˈɛmina/ - /fˈæmbrɜ/
[4/4] f-f / ˈɛ-ˈæ / m-m / i-∅ / n-∅ / ∅-b / ∅-r / a-ɜ

-------------------

/fˈɛrːu/ - /fˈæru/
[5/5] f-f / ˈɛ-ˈæ / rː-r / u-u

-------------------

/imvˈɛrnu/ - /ivˈærn/
[3/5] i-i / m-∅ / v-v / ˈɛ-ˈæ / r-r / n-n / u_#>-#>
[2/5] i-i / m-∅ / v-v / ˈɛ-ˈæ / r-r / n-n / u-∅

-------------------

/kambjˈa/ - /kamvjˈar/
[3/5] k-k / a-a / m-m / b-v / j-j / ˈa-ˈa_r
[2/5] k-k / a-a / m-m / b-v / j-j / ˈa-ˈa / ∅-r

-------------------

/kapˈelːu/ - /kaβˈæʎ/
[2/3] k-k / a-a / p-β / ˈe-ˈæ / lː_u-ʎ
[1/3] k-k / a-a / p-β / ˈe-ˈæ / lː-ʎ / u-∅

-------------------

/kastˈelːu/ - /kastˈeʎ/
[1/2] k-k / a-a / s-s / t-t / ˈe-ˈe / lː_u-ʎ
[1/2] k-k / a-a / s-s / t-t / ˈe-ˈe / lː-ʎ / u-∅

-------------------

/katˈɛna/ - /kaðˈænɜ/
[4/4] k-k / a-a / t-ð / ˈɛ-ˈæ / n-n / a-ɜ

-------------------

/kavˈalːu/ - /kavˈaʎ/
[2/3] k-k / a-a / v-v / ˈa-ˈa / lː_u-ʎ
[1/3] k-k / a-a / v-v / ˈa-ˈa / lː-ʎ / u-∅

-------------------

/kaʧːˈa/ - /kasˈar/
[2/4] k-k / a-a / ʧː-s / ˈa-ˈa_r
[2/4] k-k / a-a / ʧː-s / ˈa-ˈa / ∅-r

-------------------

/krˈɔʧe/ - /kɾˈæw/
[3/4] k-k / r-ɾ / ˈɔ-ˈæ / ʧ_e-w
[1/4] k-k / r-ɾ / ˈɔ-ˈæ / ʧ-∅ / e-w

-------------------

/krˈɛde/ - /kɾˈæwɾɜ/
[2/5] k-k / r-ɾ / ˈɛ_d-ˈæ / e-w_ɾ / ∅-ɜ
[1/5] k-k / r-ɾ / ˈɛ_d-ˈæ / e-w / ∅-ɾ / ∅-ɜ
[1/5] k-k / r-ɾ / ˈɛ-ˈæ / d_e-w / ∅-ɾ / ∅-ɜ
[1/5] k-k / r-ɾ / ˈɛ-ˈæ / d-∅ / e-w / ∅-ɾ / ∅-ɜ

-------------------

/kulˈɔre/ - /kulˈor/
[1/2] k-k / u-u / l-l / ˈɔ-ˈo / r_e-r
[1/2] k-k / u-u / l-l / ˈɔ-ˈo / r-r / e-∅

-------------------

/kunːˈɔʃe/ - /kunˈæʃer/
[2/3] k-k / u-u / nː-n / ˈɔ-ˈæ / ʃ-ʃ / e-e_r
[1/3] k-k / u-u / nː-n / ˈɔ-ˈæ / ʃ-ʃ / e-e / ∅-r

-------------------

/kwˈatːru/ - /kwˈatɾe/
[5/5] k-k / w-w / ˈa-ˈa / tː-t / r-ɾ / u-e

-------------------

/kˈaldu/ - /kˈalt/
[3/5] k-k / ˈa-ˈa / l-l / d-t / u_#>-#>
[2/5] k-k / ˈa-ˈa / l-l / d-t / u-∅

-------------------

/kˈamera/ - /kˈambɾɐ/
[2/3] k-k / ˈa-ˈa / m_e-m / ∅-b / r-ɾ / a-ɐ
[1/3] k-k / ˈa-ˈa / m-m / e-∅ / ∅-b / r-ɾ / a-ɐ

-------------------

/kˈane/ - /kˈa/
[3/5] k-k / ˈa_n-ˈa / e_#>-#>
[2/5] k-k / ˈa-ˈa / n-∅ / e-∅

-------------------

/kˈantu/ - /kˈant/
[3/5] k-k / ˈa-ˈa / n-n / t_u-t
[2/5] k-k / ˈa-ˈa / n-n / t-t / u-∅

-------------------

/kˈapra/ - /kˈaβɾɐ/
[5/5] k-k / ˈa-ˈa / p-β / r-ɾ / a-ɐ

-------------------

/kˈapu/ - /kˈap/
[3/4] k-k / ˈa-ˈa / p_u-p
[1/4] k-k / ˈa-ˈa / p-p / u-∅

-------------------

/kˈarne/ - /kˈarn/
[2/4] k-k / ˈa-ˈa / r-r / n_e-n
[1/4] k-k / ˈa-ˈa / r-r / n-n / e_#>-#>
[1/4] k-k / ˈa-ˈa / r-r / n-n / e-∅

-------------------

/kˈaru/ - /kˈar/
[2/4] k-k / ˈa-ˈa / r_u-r
[2/4] k-k / ˈa-ˈa / r-r / u-∅

-------------------

/kˈaza/ - /kˈazɐ/
[5/5] k-k / ˈa-ˈa / z-z / a-ɐ

-------------------

/kˈortu/ - /kˈuɾt/
[1/1] k-k / ˈo-ˈu / r-ɾ / t_u-t

-------------------

/kˈulu/ - /kˈul/
[3/4] k-k / ˈu-ˈu / l_u-l
[1/4] k-k / ˈu-ˈu / l-l / u-∅

-------------------

/kˈɔda/ - /kˈuɐ/
[5/5] k-k / ˈɔ-ˈu / d-∅ / a-ɐ

-------------------

/kˈɔlpu/ - /kˈɒp/
[3/5] k-k / ˈɔ-ˈɒ / l-∅ / p_u-p
[2/5] k-k / ˈɔ-ˈɒ / l-∅ / p-p / u-∅

-------------------

/kˈɔlːu/ - /kˈɒʎ/
[3/5] k-k / ˈɔ-ˈɒ / lː_u-ʎ
[2/5] k-k / ˈɔ-ˈɒ / lː-ʎ / u-∅

-------------------

/kˈɔre/ - /kˈɒr/
[3/3] k-k / ˈɔ-ˈɒ / r_e-r

-------------------

/kˈɔrna/ - /kˈɒrn/
[5/5] k-k / ˈɔ-ˈɒ / r-r / n-n / a-∅

-------------------

/kˈɔrpu/ - /kˈɒs/
[2/2] k-k / ˈɔ-ˈɒ / r-∅ / p-∅ / u-∅ / #>-s_#>

-------------------

/kˈɔsta/ - /kˈɒstɞ/
[4/4] k-k / ˈɔ-ˈɒ / s-s / t-t / a-ɞ

-------------------

/kˈɔza/ - /kˈɒzɞ/
[4/4] k-k / ˈɔ-ˈɒ / z-z / a-ɞ

-------------------

/kˈɔʃa/ - /kˈuʃɐ/
[3/3] k-k / ˈɔ-ˈu / ʃ-ʃ / a-ɐ

-------------------

/kˈɛ/ - /kˈæ/
[5/5] k-k / ˈɛ-ˈæ

-------------------

/levˈa/ - /ʎevˈar/
[2/3] l-ʎ / e-e / v-v / ˈa-ˈa / ∅-r
[1/3] l-ʎ / e-e / v-v / ˈa-ˈa_r

-------------------

/liˈone/ - /ʎeˈo/
[1/2] l-ʎ / i-e / ˈo-ˈo / n-∅ / e_#>-#>
[1/2] l-ʎ / i-e / ˈo-ˈo / n-∅ / e-∅

-------------------

/lˈakrima/ - /ʎˈaɣɾimɐ/
[3/3] l-ʎ / ˈa-ˈa / k-ɣ / r-ɾ / i-i / m-m / a-ɐ

-------------------

/lˈana/ - /ʎˈanɐ/
[5/5] l-ʎ / ˈa-ˈa / n-n / a-ɐ

-------------------

/lˈatːe/ - /ʎˈet/
[2/4] l-ʎ / ˈa-ˈe / tː_e-t
[1/4] l-ʎ / ˈa-ˈe / tː-t / e_#>-#>
[1/4] l-ʎ / ˈa-ˈe / tː-t / e-∅

-------------------

/lˈaɡu/ - /ʎˈak/
[2/4] l-ʎ / ˈa-ˈa / ɡ-k / u-∅
[1/4] l-ʎ / ˈa-ˈa / ɡ_u-k
[1/4] l-ʎ / ˈa-ˈa / ɡ-k / u_#>-#>

-------------------

/lˈetːera/ - /ʎˈetɾɜ/
[2/4] l-ʎ / ˈe-ˈe / tː-t / e-∅ / r-ɾ / a-ɜ
[1/4] l-ʎ / ˈe-ˈe / tː_e-t / r-ɾ / a-ɜ
[1/4] l-ʎ / ˈe-ˈe / tː-t / e_r-ɾ / a-ɜ

-------------------

/lˈetːu/ - /ʎˈit/
[2/4] l-ʎ / ˈe-ˈi / tː_u-t
[2/4] l-ʎ / ˈe-ˈi / tː-t / u-∅

-------------------

/lˈeɟe/ - /ʎeʤˈir/
[3/5] l-ʎ / ˈe-e / ɟ-ʤ / e-ˈi_r
[2/5] l-ʎ / ˈe-e / ɟ-ʤ / e-ˈi / ∅-r

-------------------

/lˈiberu/ - /ʎˈiwɾe/
[4/4] l-ʎ / ˈi-ˈi / b-∅ / e-w / r-ɾ / u-e

-------------------

/lˈiŋɡwa/ - /ʎˈæŋɡwɜ/
[4/4] l-ʎ / ˈi-ˈæ / ŋ-ŋ / ɡ-ɡ / w-w / a-ɜ

-------------------

/lˈoŋɡu/ - /ʎˈoŋk/
[1/3] l-ʎ / ˈo-ˈo / ŋ-ŋ / ɡ_u-k
[1/3] l-ʎ / ˈo-ˈo / ŋ-ŋ / ɡ-k / u_#>-#>
[1/3] l-ʎ / ˈo-ˈo / ŋ-ŋ / ɡ-k / u-∅

-------------------

/lˈume/ - /ʎˈum/
[2/4] l-ʎ / ˈu-ˈu / m_e-m
[2/4] l-ʎ / ˈu-ˈu / m-m / e-∅

-------------------

/lˈuna/ - /ʎˈunɐ/
[4/4] l-ʎ / ˈu-ˈu / n-n / a-ɐ

-------------------

/lˈupu/ - /ʎˈop/
[2/4] l-ʎ / ˈu-ˈo / p_u-p
[2/4] l-ʎ / ˈu-ˈo / p-p / u-∅

-------------------

/lˈutːa/ - /ʎˈujtɐ/
[2/5] l-ʎ / ˈu-ˈu / ∅-j / tː-t / a-ɐ
[2/5] l-ʎ / ˈu-ˈu / tː-j_t / a-ɐ
[1/5] l-ʎ / ˈu-ˈu / tː-j / ∅-t / a-ɐ

-------------------

/lˈuʧe/ - /ʎˈum/
[1/1] l-ʎ / ˈu-ˈu / ʧ-∅ / e-∅ / ∅-m

-------------------

/lˈɔku/ - /ʎˈɒk/
[3/5] l-ʎ / ˈɔ-ˈɒ / k_u-k
[2/5] l-ʎ / ˈɔ-ˈɒ / k-k / u-∅

-------------------

/lˈɛɟe/ - /ʎˈej/
[3/3] l-ʎ / ˈɛ-ˈe / ɟ-∅ / e-j

-------------------

/lˈɛɲu/ - /ʎˈeɲɜ/
[4/4] l-ʎ / ˈɛ-ˈe / ɲ-ɲ / u-ɜ

-------------------

/matˈuru/ - /maðˈur/
[3/5] m-m / a-a / t-ð / ˈu-ˈu / r_u-r
[2/5] m-m / a-a / t-ð / ˈu-ˈu / r-r / u-∅

-------------------

/metˈa/ - /mitˈat/
[3/5] m-m / e-i / t-t / ˈa-ˈa_t
[2/5] m-m / e-i / t-t / ˈa-ˈa / ∅-t

-------------------

/miʎˈore/ - /miʎˈor/
[3/5] m-m / i-i / ʎ-ʎ / ˈo-ˈo / r_e-r
[2/5] m-m / i-i / ʎ-ʎ / ˈo-ˈo / r-r / e-∅

-------------------

/muntˈaɲa/ - /muntˈaɲɐ/
[5/5] m-m / u-u / n-n / t-t / ˈa-ˈa / ɲ-ɲ / a-ɐ

-------------------

/mursikˈa/ - /museɣˈar/
[3/5] m-m / u-u / r-∅ / s-s / i-e / k-ɣ / ˈa-ˈa_r
[2/5] m-m / u-u / r_s-s / i-e / k-ɣ / ˈa-ˈa / ∅-r

-------------------

/mˈanu/ - /mˈa/
[2/4] m-m / ˈa_n-ˈa / u_#>-#>
[2/4] m-m / ˈa-ˈa / n-∅ / u-∅

-------------------

/mˈare/ - /mˈar/
[3/5] m-m / ˈa-ˈa / r_e-r
[2/5] m-m / ˈa-ˈa / r-r / e-∅

-------------------

/mˈatre/ - /mˈaɾe/
[3/5] m-m / ˈa-ˈa / t_r-ɾ / e-e
[2/5] m-m / ˈa-ˈa / t-∅ / r-ɾ / e-e

-------------------

/mˈele/ - /mˈæl/
[3/4] m-m / ˈe-ˈæ / l_e-l
[1/4] m-m / ˈe-ˈæ / l-l / e-∅

-------------------

/mˈeʣu/ - /mˈiʧ/
[1/1] m-m / ˈe-ˈi / ʣ-ʧ / u_#>-#>

-------------------

/mˈikːa/ - /mˈikɐ/
[3/3] m-m / ˈi-ˈi / kː-k / a-ɐ

-------------------

/mˈilːe/ - /mˈil/
[2/4] m-m / ˈi-ˈi / lː-l / e_#>-#>
[2/4] m-m / ˈi-ˈi / lː-l / e-∅

-------------------

/mˈɔre/ - /muɾˈir/
[1/2] m-m / ˈɔ-u / r-ɾ / e-ˈi_r
[1/2] m-m / ˈɔ-u / r-ɾ / e-ˈi / ∅-r

-------------------

/mˈɔrte/ - /mˈɒrt/
[3/4] m-m / ˈɔ-ˈɒ / r-r / t_e-t
[1/4] m-m / ˈɔ-ˈɒ / r-r / t-t / e-∅

-------------------

/mˈɔska/ - /mˈoskɞ/
[4/4] m-m / ˈɔ-ˈo / s-s / k-k / a-ɞ

-------------------

/mˈɛ/ - /me/
[4/4] m-m / ˈɛ-e

-------------------

/nizˈunu/ - /niŋɡˈu/
[1/1] n-n / i-i / z-∅ / ∅-ŋ / ∅-ɡ / ˈu-ˈu / n-∅ / u_#>-#>

-------------------

/nun/ - /nˈo/
[1/1] n-n / u-ˈo / n-∅

-------------------

/nutˈa/ - /neðˈar/
[3/4] n-n / u-e / t-ð / ˈa-ˈa_r
[1/4] n-n / u-e / t-ð / ˈa-ˈa / ∅-r

-------------------

/nˈazu/ - /nˈas/
[3/5] n-n / ˈa-ˈa / z-s / u_#>-#>
[2/5] n-n / ˈa-ˈa / z-s / u-∅

-------------------

/nˈaʃːe/ - /nˈeʃer/
[2/2] n-n / ˈa-ˈe / ʃː-ʃ / e-e / ∅-r

-------------------

/nˈostro/ - /nˈɒstɾɞ/
[5/5] n-n / ˈo-ˈɒ / s-s / t-t / r-ɾ / o-ɞ

-------------------

/nˈube/ - /nˈiw/
[1/1] n-n / ˈu-ˈi / b-∅ / e-w

-------------------

/nˈube/ - /nˈuvul/
[1/1] n-n / ˈu-ˈu / b-v / e-u / #>-l_#>

-------------------

/nˈuvulu/ - /nˈuvul/
[2/4] n-n / ˈu-ˈu / v-v / u-u / l_u-l
[2/4] n-n / ˈu-ˈu / v-v / u-u / l-l / u-∅

-------------------

/nˈɔj/ - /nuzˈaltɾes/
[2/2] n-n / ˈɔ-u_z / ∅-ˈa / j-l_t / ∅-ɾ / ∅-e / #>-s_#>

-------------------

/nˈɔme/ - /nˈɒm/
[3/5] n-n / ˈɔ-ˈɒ / m_e-m
[2/5] n-n / ˈɔ-ˈɒ / m-m / e-∅

-------------------

/nˈɔtːe/ - /nˈit/
[2/3] n-n / ˈɔ-ˈi / tː_e-t
[1/3] n-n / ˈɔ-ˈi / tː-t / e-∅

-------------------

/nˈɔve/ - /nˈɒw/
[2/3] n-n / ˈɔ-ˈɒ / v_e-w
[1/3] n-n / ˈɔ-ˈɒ / v-∅ / e-w

-------------------

/nˈɔvu/ - /nˈɒw/
[2/3] n-n / ˈɔ-ˈɒ / v_u-w
[1/3] n-n / ˈɔ-ˈɒ / v-∅ / u-w

-------------------

/nˈɔʧe/ - /nˈɒw/
[3/5] n-n / ˈɔ-ˈɒ / ʧ_e-w
[2/5] n-n / ˈɔ-ˈɒ / ʧ-∅ / e-w

-------------------

/nˈɛro/ - /nˈæɣɾɜ/
[4/4] n-n / ˈɛ-ˈæ / ∅-ɣ / r-ɾ / o-ɜ

-------------------

/nˈɛve/ - /nˈew/
[2/4] n-n / ˈɛ-ˈe / v_e-w
[2/4] n-n / ˈɛ-ˈe / v-∅ / e-w

-------------------

/odˈore/ - /ulˈor/
[3/5] o-u / d-∅ / ∅-l / ˈo-ˈo / r_e-r
[2/5] o-u / d-∅ / ∅-l / ˈo-ˈo / r-r / e-∅

-------------------

/operˈaju/ - /ubɾˈer/
[1/3] o-u / p-b / e_r-ɾ / ˈa-ˈe / j-r / u_#>-#>
[1/3] o-u / p-b / e_r-ɾ / ˈa-ˈe / j-r / u-∅
[1/3] o-u / p-b / e-∅ / r-ɾ / ˈa-ˈe / j-r / u-∅

-------------------

/orˈɛca/ - /uɾˈæʎɜ/
[3/4] o-u / r-ɾ / ˈɛ-ˈæ / c-ʎ / a-ɜ
[1/4] o-u / r-ɾ / ˈɛ-ˈæ / c-∅ / ∅-ʎ / a-ɜ

-------------------

/oʧˈelːu/ - /usˈeʎ/
[3/5] o-u / ʧ-s / ˈe-ˈe / lː_u-ʎ
[2/5] o-u / ʧ-s / ˈe-ˈe / lː-ʎ / u-∅

-------------------

/palˈaʦːu/ - /palˈaw/
[3/5] p-p / a-a / l-l / ˈa-ˈa / ʦː_u-w
[2/5] p-p / a-a / l-l / ˈa-ˈa / ʦː-∅ / u-w

-------------------

/parˈolːa/ - /paɾˈawlɐ/
[3/4] p-p / a-a / r-ɾ / ˈo-ˈa / ∅-w / lː-l / a-ɐ
[1/4] p-p / a-a / r-ɾ / ∅-ˈa / ˈo-w / lː-l / a-ɐ

-------------------

/pidˈɔcu/ - /pˈoʎ/
[3/3] p-p / i-∅ / d-∅ / ˈɔ-ˈo / c_u-ʎ

-------------------

/pjˈaɡa/ - /plˈaɣɐ/
[5/5] p-p / j-l / ˈa-ˈa / ɡ-ɣ / a-ɐ

-------------------

/pjˈoʤa/ - /plˈuʤɐ/
[4/4] p-p / j-l / ˈo-ˈu / ʤ-ʤ / a-ɐ

-------------------

/pjˈuma/ - /plˈomɞ/
[2/2] p-p / j-l / ˈu-ˈo / m-m / a-ɞ

-------------------

/pjˈuma/ - /pˈæɲɜ/
[2/2] p-p / j-∅ / ˈu-ˈæ / m-ɲ / a-ɜ

-------------------

/pjˈɛnu/ - /plˈæ/
[2/3] p-p / j-l / ˈɛ-ˈæ / n-∅ / u_#>-#>
[1/3] p-p / j-l / ˈɛ-ˈæ / n-∅ / u-∅

-------------------

/pjˈɛŋɟe/ - /plˈaɲer/
[2/5] p-p / j-l / ˈɛ-ˈa / ŋ-ɲ / ɟ-∅ / e-e_r
[2/5] p-p / j-l / ˈɛ-ˈa / ŋ-ɲ / ɟ-∅ / e-e / ∅-r
[1/5] p-p / j-l / ˈɛ-ˈa / ŋ-ɲ / ɟ-∅ / e-e / #>-r_#>

-------------------

/prˈeʦːu/ - /pɾˈæw/
[3/5] p-p / r-ɾ / ˈe-ˈæ / ʦː_u-w
[2/5] p-p / r-ɾ / ˈe-ˈæ / ʦː-∅ / u-w

-------------------

/putˈɛre/ - /puðˈær/
[3/4] p-p / u-u / t-ð / ˈɛ-ˈæ / r_e-r
[1/4] p-p / u-u / t-ð / ˈɛ-ˈæ / r-r / e-∅

-------------------

/pˈane/ - /pˈa/
[3/5] p-p / ˈa_n-ˈa / e_#>-#>
[2/5] p-p / ˈa-ˈa / n-∅ / e-∅

-------------------

/pˈatre/ - /pˈaɾe/
[3/3] p-p / ˈa-ˈa / t_r-ɾ / e-e

-------------------

/pˈaʧe/ - /pˈaw/
[3/5] p-p / ˈa-ˈa / ʧ_e-w
[2/5] p-p / ˈa-ˈa / ʧ-∅ / e-w

-------------------

/pˈede/ - /pˈæw/
[3/4] p-p / ˈe-ˈæ / d-∅ / e-w
[1/4] p-p / ˈe-ˈæ / d_e-w

-------------------

/pˈelːe/ - /pˈeʎ/
[2/3] p-p / ˈe-ˈe / lː-ʎ / e_#>-#>
[1/3] p-p / ˈe-ˈe / lː-ʎ / e-∅

-------------------

/pˈetra/ - /pˈeðɾɜ/
[4/4] p-p / ˈe-ˈe / t-ð / r-ɾ / a-ɜ

-------------------

/pˈetːu/ - /pˈit/
[3/4] p-p / ˈe-ˈi / tː_u-t
[1/4] p-p / ˈe-ˈi / tː-t / u-∅

-------------------

/pˈoku/ - /pˈɒk/
[2/4] p-p / ˈo-ˈɒ / k_u-k
[2/4] p-p / ˈo-ˈɒ / k-k / u-∅

-------------------

/pˈone/ - /pˈɒns/
[2/5] p-p / ˈo-ˈɒ / n_e-n / #>-s_#>
[1/5] p-p / ˈo-ˈɒ / n_e-n / ∅-s
[1/5] p-p / ˈo-ˈɒ / n-n / e-∅ / ∅-s
[1/5] p-p / ˈo-ˈɒ / n-n / e-∅ / #>-s_#>

-------------------

/pˈonte/ - /pˈɒnt/
[2/4] p-p / ˈo-ˈɒ / n-n / t_e-t
[2/4] p-p / ˈo-ˈɒ / n-n / t-t / e-∅

-------------------

/pˈoʦːu/ - /pˈow/
[2/4] p-p / ˈo-ˈo / ʦː_u-w
[2/4] p-p / ˈo-ˈo / ʦː-∅ / u-w

-------------------

/pˈuntu/ - /pˈunt/
[2/4] p-p / ˈu-ˈu / n-n / t_u-t
[2/4] p-p / ˈu-ˈu / n-n / t-t / u-∅

-------------------

/pˈuɲu/ - /pˈuɲ/
[2/3] p-p / ˈu-ˈu / ɲ-ɲ / u-∅
[1/3] p-p / ˈu-ˈu / ɲ_u-ɲ

-------------------

/pˈɔrku/ - /pˈɒrk/
[3/5] p-p / ˈɔ-ˈɒ / r-r / k_u-k
[2/5] p-p / ˈɔ-ˈɒ / r-r / k-k / u-∅

-------------------

/pˈɔveru/ - /pˈɒβɾɞ/
[2/4] p-p / ˈɔ-ˈɒ / v-β / e_r-ɾ / u-ɞ
[2/4] p-p / ˈɔ-ˈɒ / v-β / e-∅ / r-ɾ / u-ɞ

-------------------

/pˈɛlu/ - /pˈæl/
[3/5] p-p / ˈɛ-ˈæ / l_u-l
[2/5] p-p / ˈɛ-ˈæ / l-l / u-∅

-------------------

/pˈɛna/ - /pˈænɜ/
[4/4] p-p / ˈɛ-ˈæ / n-n / a-ɜ

-------------------

/pˈɛska/ - /pɾˈesek/
[3/5] p-p / ∅-ɾ / ˈɛ-ˈe / s-s_e / k-k / a-∅
[2/5] p-p / ∅-ɾ / ˈɛ-ˈe / s-s / ∅-e / k-k / a-∅

-------------------

/pˈɛʃːu/ - /pˈejʃ/
[1/1] p-p / ˈɛ-ˈe_j / ʃː-ʃ / u_#>-#>

-------------------

/raɟˈone/ - /raˈo/
[2/2] r-r / a-a / ɟ-∅ / ˈo-ˈo / n-∅ / e-∅

-------------------

/reʤˈina/ - /rˈejnɜ/
[5/5] r-r / e-ˈe / ʤ-∅ / ˈi-j / n-n / a-ɜ

-------------------

/rumˈanu/ - /rumˈa/
[3/4] r-r / u-u / m-m / ˈa_n-ˈa / u_#>-#>
[1/4] r-r / u-u / m-m / ˈa-ˈa / n-∅ / u-∅

-------------------

/rˈaɲu/ - /aɾˈaɲɐ/
[2/2] ∅-a / r-ɾ / ˈa-ˈa / ɲ-ɲ / u-ɐ

-------------------

/rˈiu/ - /rˈiw/
[5/5] r-r / ˈi-ˈi / u-w

-------------------

/rˈosːu/ - /rˈɒʧ/
[2/2] r-r / ˈo-ˈɒ / sː-ʧ / u-∅

-------------------

/rˈɛ/ - /rˈej/
[2/3] r-r / ˈɛ-ˈe / ∅-j
[1/3] r-r / ˈɛ-ˈe_j

-------------------

/salˈute/ - /salˈut/
[2/3] s-s / a-a / l-l / ˈu-ˈu / t_e-t
[1/3] s-s / a-a / l-l / ˈu-ˈu / t-t / e-∅

-------------------

/sapˈɛ/ - /saβˈær/
[3/5] s-s / a-a / p-β / ˈɛ-ˈæ / #>-r_#>
[2/5] s-s / a-a / p-β / ˈɛ-ˈæ / ∅-r

-------------------

/setːimˈana/ - /semːˈanɐ/
[3/5] s-s / e-∅ / tː-∅ / i-e / m-mː / ˈa-ˈa / n-n / a-ɐ
[2/5] s-s / e-e / tː-∅ / i-∅ / m-mː / ˈa-ˈa / n-n / a-ɐ

-------------------

/sikˈuru/ - /seɣˈur/
[3/5] s-s / i-e / k-ɣ / ˈu-ˈu / r_u-r
[2/5] s-s / i-e / k-ɣ / ˈu-ˈu / r-r / u-∅

-------------------

/skrˈive/ - /eskɾˈiwɾe/
[2/4] ∅-e / s-s / k-k / r-ɾ / ˈi-ˈi / v-∅ / ∅-w / ∅-ɾ / e-e
[1/4] <#-<#_e / s-s / k-k / r-ɾ / ˈi-ˈi / v_e-w / ∅-ɾ / ∅-e
[1/4] <#-<#_e / s-s / k-k / r-ɾ / ˈi-ˈi / v-∅ / ∅-w / ∅-ɾ / e-e

-------------------

/skˈɔrʦa/ - /eskˈɒrsɞ/
[3/5] <#-<#_e / s-s / k-k / ˈɔ-ˈɒ / r-r / ʦ-s / a-ɞ
[2/5] ∅-e / s-s / k-k / ˈɔ-ˈɒ / r-r / ʦ-s / a-ɞ

-------------------

/spˈada/ - /espˈazɐ/
[2/3] <#-<#_e / s-s / p-p / ˈa-ˈa / d-z / a-ɐ
[1/3] ∅-e / s-s / p-p / ˈa-ˈa / d-z / a-ɐ

-------------------

/spˈaɲa/ - /espˈaɲɐ/
[2/4] ∅-e / s-s / p-p / ˈa-ˈa / ɲ-ɲ / a-ɐ
[2/4] <#-<#_e / s-s / p-p / ˈa-ˈa / ɲ-ɲ / a-ɐ

-------------------

/spˈika/ - /espˈiɣɐ/
[3/5] <#-<#_e / s-s / p-p / ˈi-ˈi / k-ɣ / a-ɐ
[2/5] ∅-e / s-s / p-p / ˈi-ˈi / k-ɣ / a-ɐ

-------------------

/spˈina/ - /espˈinɐ/
[2/4] ∅-e / s-s / p-p / ˈi-ˈi / n-n / a-ɐ
[2/4] <#-<#_e / s-s / p-p / ˈi-ˈi / n-n / a-ɐ

-------------------

/sˈale/ - /sˈal/
[2/3] s-s / ˈa-ˈa / l_e-l
[1/3] s-s / ˈa-ˈa / l-l / e-∅

-------------------

/sˈalsa/ - /sˈalsɐ/
[5/5] s-s / ˈa-ˈa / l-l / s-s / a-ɐ

-------------------

/sˈana/ - /sˈanɐ/
[4/4] s-s / ˈa-ˈa / n-n / a-ɐ

-------------------

/sˈantu/ - /sˈant/
[2/3] s-s / ˈa-ˈa / n-n / t-t / u-∅
[1/3] s-s / ˈa-ˈa / n-n / t_u-t

-------------------

/sˈanu/ - /sˈa/
[2/3] s-s / ˈa-ˈa / n-∅ / u-∅
[1/3] s-s / ˈa_n-ˈa / u_#>-#>

-------------------

/sˈavju/ - /sˈavi/
[5/5] s-s / ˈa-ˈa / v-v / j-∅ / u-i

-------------------

/sˈaŋɡwe/ - /sˈaŋk/
[3/5] s-s / ˈa-ˈa / ŋ-ŋ / ɡ-k / w-∅ / e_#>-#>
[2/5] s-s / ˈa-ˈa / ŋ-ŋ / ɡ-k / w-∅ / e-∅

-------------------

/sˈej/ - /sˈis/
[3/5] s-s / ˈe-ˈi / j-∅ / #>-s_#>
[2/5] s-s / ˈe-ˈi / j-∅ / ∅-s

-------------------

/sˈetːe/ - /sˈæt/
[2/4] s-s / ˈe-ˈæ / tː_e-t
[2/4] s-s / ˈe-ˈæ / tː-t / e-∅

-------------------

/sˈole/ - /sˈɒl/
[2/4] s-s / ˈo-ˈɒ / l_e-l
[2/4] s-s / ˈo-ˈɒ / l-l / e-∅

-------------------

/sˈopra/ - /sˈoβɾɞ/
[4/4] s-s / ˈo-ˈo / p-β / r-ɾ / a-ɞ

-------------------

/sˈɛde/ - /sˈæwɾɜ/
[2/3] s-s / ˈɛ_d-ˈæ / e-w_ɾ / ∅-ɜ
[1/3] s-s / ˈɛ_d-ˈæ / e-w / ∅-ɾ / ∅-ɜ

-------------------

/sˈɛkːa/ - /sˈækɜ/
[4/4] s-s / ˈɛ-ˈæ / kː-k / a-ɜ

-------------------

/sˈɛkːu/ - /sˈæk/
[3/5] s-s / ˈɛ-ˈæ / kː-k / u_#>-#>
[2/5] s-s / ˈɛ-ˈæ / kː-k / u-∅

-------------------

/sˈɛta/ - /sˈæðɜ/
[4/4] s-s / ˈɛ-ˈæ / t-ð / a-ɜ

-------------------

/trˈɛ/ - /tɾˈæs/
[2/3] t-t / r-ɾ / ˈɛ-ˈæ / ∅-s
[1/3] t-t / r-ɾ / ˈɛ-ˈæ / #>-s_#>

-------------------

/tˈesta/ - /tˈestɜ/
[4/4] t-t / ˈe-ˈe / s-s / t-t / a-ɜ

-------------------

/tˈu/ - /tˈu/
[5/5] t-t / ˈu-ˈu

-------------------

/tˈutːi/ - /tˈots/
[3/3] t-t / ˈu-ˈo / tː-t / i-∅ / #>-s_#>

-------------------

/tˈutːu/ - /tˈot/
[2/3] t-t / ˈu-ˈo / tː-t / u-∅
[1/3] t-t / ˈu-ˈo / tː_u-t

-------------------

/tˈɔru/ - /tˈɒr/
[1/2] t-t / ˈɔ-ˈɒ / r_u-r
[1/2] t-t / ˈɔ-ˈɒ / r-r / u-∅

-------------------

/tˈɛmpu/ - /tˈems/
[2/3] t-t / ˈɛ-ˈe / m-m / p-∅ / u-∅ / ∅-s
[1/3] t-t / ˈɛ-ˈe / m-m / p-∅ / u-∅ / #>-s_#>

-------------------

/tˈɛrːa/ - /tˈærɜ/
[5/5] t-t / ˈɛ-ˈæ / rː-r / a-ɜ

-------------------

/uɡwˈale/ - /iɣwˈal/
[2/3] u-i / ɡ-ɣ / w-w / ˈa-ˈa / l_e-l
[1/3] u-i / ɡ-ɣ / w-w / ˈa-ˈa / l-l / e-∅

-------------------

/verɡˈɔɲa/ - /verɡˈoɲɞ/
[5/5] v-v / e-e / r-r / ɡ-ɡ / ˈɔ-ˈo / ɲ-ɲ / a-ɞ

-------------------

/vidˈɛre/ - /vˈæwɾɜ/
[2/3] v-v / i-∅ / d_ˈɛ-ˈæ / ∅-w / r-ɾ / e-ɜ
[1/3] v-v / i-∅ / d-∅ / ˈɛ-ˈæ / ∅-w / r-ɾ / e-ɜ

-------------------

/vilːˈanu/ - /vilˈa/
[3/5] v-v / i-i / lː-l / ˈa_n-ˈa / u_#>-#>
[2/5] v-v / i-i / lː-l / ˈa-ˈa / n-∅ / u-∅

-------------------

/vitˈelːu/ - /veðˈeʎ/
[3/5] v-v / i-e / t-ð / ˈe-ˈe / lː_u-ʎ
[2/5] v-v / i-e / t-ð / ˈe-ˈe / lː-ʎ / u-∅

-------------------

/viʧˈinu/ - /veˈi/
[1/3] v-v / i_ʧ-e / ˈi_n-ˈi / u_#>-#>
[1/3] v-v / i-e / ʧ-∅ / ˈi_n-ˈi / u_#>-#>
[1/3] v-v / i-e / ʧ-∅ / ˈi-ˈi / n-∅ / u-∅

-------------------

/vulˈa/ - /vulˈar/
[3/5] v-v / u-u / l-l / ˈa-ˈa_r
[2/5] v-v / u-u / l-l / ˈa-ˈa / ∅-r

-------------------

/vˈakːa/ - /vˈakɐ/
[4/4] v-v / ˈa-ˈa / kː-k / a-ɐ

-------------------

/vˈecu/ - /vˈeʎ/
[3/5] v-v / ˈe-ˈe / c_u-ʎ
[1/5] v-v / ˈe-ˈe / c-∅ / u-∅ / ∅-ʎ
[1/5] v-v / ˈe-ˈe / c-∅ / u-∅ / #>-ʎ_#>

-------------------

/vˈerde/ - /vˈært/
[1/2] v-v / ˈe-ˈæ / r-r / d-t / e_#>-#>
[1/2] v-v / ˈe-ˈæ / r-r / d-t / e-∅

-------------------

/vˈilːa/ - /vˈilɐ/
[5/5] v-v / ˈi-ˈi / lː-l / a-ɐ

-------------------

/vˈinti/ - /vˈin/
[4/4] v-v / ˈi-ˈi / n-n / t-∅ / i-∅

-------------------

/vˈinu/ - /vˈi/
[2/4] v-v / ˈi_n-ˈi / u_#>-#>
[2/4] v-v / ˈi-ˈi / n-∅ / u-∅

-------------------

/vˈita/ - /vˈiðɐ/
[5/5] v-v / ˈi-ˈi / t-ð / a-ɐ

-------------------

/vˈoʧe/ - /vˈæw/
[1/2] v-v / ˈo-ˈæ / ʧ_e-w
[1/2] v-v / ˈo-ˈæ / ʧ-∅ / e-w

-------------------

/vˈɔj/ - /vuzˈaltɾes/
[2/3] v-v / ˈɔ-u_z / ∅-ˈa / j-l_t / ∅-ɾ / ∅-e / #>-s_#>
[1/3] v-v / ˈɔ-u_z / ∅-ˈa / j-l_t / ∅-ɾ / ∅-e / ∅-s

-------------------

/vˈɔʧe/ - /vˈæw/
[2/3] v-v / ˈɔ-ˈæ / ʧ_e-w
[1/3] v-v / ˈɔ-ˈæ / ʧ-∅ / e-w

-------------------

/vˈɛne/ - /vˈindɾe/
[2/2] v-v / ˈɛ-ˈi / n-n / ∅-d / ∅-ɾ / e-e

-------------------

/vˈɛntu/ - /vˈent/
[2/4] v-v / ˈɛ-ˈe / n-n / t_u-t
[2/4] v-v / ˈɛ-ˈe / n-n / t-t / u-∅

-------------------

/vˈɛrmu/ - /vˈærm/
[3/4] v-v / ˈɛ-ˈæ / r-r / m-m / u_#>-#>
[1/4] v-v / ˈɛ-ˈæ / r-r / m-m / u-∅

-------------------

/ɟalˈa/ - /ʤelˈar/
[3/5] ɟ-ʤ / a-e / l-l / ˈa-ˈa_r
[2/5] ɟ-ʤ / a-e / l-l / ˈa-ˈa / ∅-r

-------------------

/ɟinˈɔcu/ - /ʤenˈoʎ/
[2/4] ɟ-ʤ / i-e / n-n / ˈɔ-ˈo / c_u-ʎ
[1/4] ɟ-ʤ / i-e / n-n / ˈɔ-ˈo / c-∅ / u-∅ / ∅-ʎ
[1/4] ɟ-ʤ / i-e / n-n / ˈɔ-ˈo / c-∅ / u-∅ / #>-ʎ_#>

-------------------

/ɟˈatːu/ - /ɡˈat/
[2/2] ɟ-ɡ / ˈa-ˈa / tː_u-t

-------------------

/ɟˈaʧːu/ - /ɡlˈas/
[2/2] ɟ-ɡ_l / ˈa-ˈa / ʧː-s / u_#>-#>

-------------------

/ɟˈelu/ - /ɡlˈas/
[1/1] ɟ-ɡ / ˈe-∅ / l-l / u-ˈa / ∅-s

-------------------

/ɟˈelu/ - /ʤˈɛl/
[3/4] ɟ-ʤ / ˈe-ˈɛ / l_u-l
[1/4] ɟ-ʤ / ˈe-ˈɛ / l-l / u-∅

-------------------

/ɟˈenaru/ - /ʤˈændɾɜ/
[2/3] ɟ-ʤ / ˈe-ˈæ / n-n / a-∅ / r-d_ɾ / u-ɜ
[1/3] ɟ-ʤ / ˈe-ˈæ / n-n / a-∅ / ∅-d / r-ɾ / u-ɜ

-------------------

/ɟˈoku/ - /ʤˈɒk/
[2/4] ɟ-ʤ / ˈo-ˈɒ / k_u-k
[2/4] ɟ-ʤ / ˈo-ˈɒ / k-k / u-∅

-------------------

/ɟˈudiʧe/ - /ʤˈuʤe/
[1/4] ɟ-ʤ / ˈu-ˈu / d-∅ / i-∅ / ʧ-ʤ / e-e
[1/4] ɟ-ʤ / ˈu-ˈu / d-ʤ / i_ʧ-e / e_#>-#>
[1/4] ɟ-ʤ / ˈu-ˈu / d-ʤ / i-e / ʧ-∅ / e_#>-#>
[1/4] ɟ-ʤ / ˈu-ˈu / d-ʤ / i-e / ʧ-∅ / e-∅

-------------------

/ɟˈuntu/ - /ʤˈunt/
[3/5] ɟ-ʤ / ˈu-ˈu / n-n / t_u-t
[2/5] ɟ-ʤ / ˈu-ˈu / n-n / t-t / u-∅

-------------------

/ɟˈuɲu/ - /ʤˈuɲ/
[2/4] ɟ-ʤ / ˈu-ˈu / ɲ_u-ɲ
[2/4] ɟ-ʤ / ˈu-ˈu / ɲ-ɲ / u-∅

-------------------

/ɟˈɔvanu/ - /ʤˈovɞ/
[2/3] ɟ-ʤ / ˈɔ-ˈo / v-v / a-ɞ / n-∅ / u_#>-#>
[1/3] ɟ-ʤ / ˈɔ-ˈo / v-v / a-ɞ / n-∅ / u-∅

-------------------

/ɟˈɛnte/ - /ʤˈent/
[3/4] ɟ-ʤ / ˈɛ-ˈe / n-n / t_e-t
[1/4] ɟ-ʤ / ˈɛ-ˈe / n-n / t-t / e-∅

-------------------

/ɡrˈana/ - /ɡɾˈa/
[3/5] ɡ-ɡ / r-ɾ / ˈa_n-ˈa / a-∅
[2/5] ɡ-ɡ / r-ɾ / ˈa-ˈa / n-∅ / a-∅

-------------------

/ɡrˈande/ - /ɡɾˈan/
[2/4] ɡ-ɡ / r-ɾ / ˈa-ˈa / n-n / d-∅ / e_#>-#>
[2/4] ɡ-ɡ / r-ɾ / ˈa-ˈa / n-n / d-∅ / e-∅

-------------------

/ɡrˈasːa/ - /ɡrˈas/
[1/1] ɡ-ɡ / r-r / ˈa-ˈa / sː-s / a-∅

-------------------

/ɡrˈasːa/ - /ɡɾˈejʃ/
[4/4] ɡ-ɡ / r-ɾ / ˈa-ˈe / ∅-j / sː-ʃ / a-∅

-------------------

/ɡrˈɔsːu/ - /ɡɾˈɒs/
[2/5] ɡ-ɡ / r-ɾ / ˈɔ-ˈɒ / sː-s / u_#>-#>
[2/5] ɡ-ɡ / r-ɾ / ˈɔ-ˈɒ / sː-s / u-∅
[1/5] ɡ-ɡ / r-ɾ / ˈɔ-ˈɒ / sː_u-s

-------------------

/ɡˈatːu/ - /ɡˈat/
[2/3] ɡ-ɡ / ˈa-ˈa / tː-t / u-∅
[1/3] ɡ-ɡ / ˈa-ˈa / tː_u-t

-------------------

/ɡˈɔʧːa/ - /ɡˈotɞ/
[5/5] ɡ-ɡ / ˈɔ-ˈo / ʧː-t / a-ɞ

-------------------

/ʃtˈatu/ - /estˈat/
[2/4] ∅-e / ʃ-s / t-t / ˈa-ˈa / t-t / u-∅
[2/4] ʃ-e_s / t-t / ˈa-ˈa / t_u-t

-------------------

/ʃtˈelːa/ - /estɾˈeʎɜ/
[2/5] ∅-e / ʃ-s / t-t / ∅-ɾ / ˈe-ˈe / lː-ʎ / a-ɜ
[2/5] ʃ-e_s / t-t / ∅-ɾ / ˈe-ˈe / lː-ʎ / a-ɜ
[1/5] <#-<#_e / ʃ-s / t-t / ∅-ɾ / ˈe-ˈe / lː-ʎ / a-ɜ

-------------------

/ʤiɲɟˈiva/ - /ʤenˈivɐ/
[4/5] ʤ-ʤ / i-e / ɲ-n / ɟ-∅ / ˈi-ˈi / v-v / a-ɐ
[1/5] ʤ-∅ / i-∅ / ɲ-∅ / ɟ-ʤ / ∅-e / ∅-n / ˈi-ˈi / v-v / a-ɐ

-------------------

/ʧitˈa/ - /siwtˈat/
[3/5] ʧ-s / i-i / ∅-w / t-t / ˈa-ˈa_t
[2/5] ʧ-s / i-i / ∅-w / t-t / ˈa-ˈa / ∅-t

-------------------

/ʧiŋkwˈanta/ - /siŋkwˈantɐ/
[3/3] ʧ-s / i-i / ŋ-ŋ / k-k / w-w / ˈa-ˈa / n-n / t-t / a-ɐ

-------------------

/ʧˈelu/ - /sˈæl/
[2/4] ʧ-s / ˈe-ˈæ / l_u-l
[2/4] ʧ-s / ˈe-ˈæ / l-l / u-∅

-------------------

/ʧˈima/ - /sˈimɐ/
[4/4] ʧ-s / ˈi-ˈi / m-m / a-ɐ

-------------------

/ʧˈiŋkwe/ - /sˈiŋk/
[2/3] ʧ-s / ˈi-ˈi / ŋ-ŋ / k-k / w-∅ / e_#>-#>
[1/3] ʧ-s / ˈi-ˈi / ŋ-ŋ / k-k / w-∅ / e-∅

-------------------

/ʧˈɛnere/ - /sˈændɾɜ/
[2/5] ʧ-s / ˈɛ-ˈæ / n_e-n / r-d_ɾ / e-ɜ
[2/5] ʧ-s / ˈɛ-ˈæ / n-n / e-∅ / ∅-d / r-ɾ / e-ɜ
[1/5] ʧ-s / ˈɛ-ˈæ / n_e-n / ∅-d / r-ɾ / e-ɜ

-------------------

/ʧˈɛntu/ - /sˈent/
[3/5] ʧ-s / ˈɛ-ˈe / n-n / t_u-t
[2/5] ʧ-s / ˈɛ-ˈe / n-n / t-t / u-∅

-------------------

/ʧˈɛra/ - /sˈeɾɜ/
[4/4] ʧ-s / ˈɛ-ˈe / r-ɾ / a-ɜ

-------------------

/ˈakːwa/ - /ˈajɣwɐ/
[3/3] ˈa-ˈa / ∅-j / kː-ɣ / w-w / a-ɐ

-------------------

/ˈalba/ - /ˈalβɐ/
[4/4] ˈa-ˈa / l-l / b-β / a-ɐ

-------------------

/ˈaltru/ - /ˈaltɾe/
[3/3] ˈa-ˈa / l-l / t-t / r-ɾ / u-e

-------------------

/ˈapa/ - /aβˈæʎɜ/
[2/2] ˈa-a / p-β / ∅-ˈæ / ∅-ʎ / a-ɜ

-------------------

/ˈarburu/ - /ˈaβɾe/
[3/3] ˈa-ˈa / r-∅ / b-β / u-∅ / r-ɾ / u-e

-------------------

/ˈaŋɟulu/ - /ˈaɲʤel/
[3/3] ˈa-ˈa / ŋ-ɲ / ɟ-ʤ / u-e / l_u-l

-------------------

/ˈaʎu/ - /ˈaʎ/
[1/3] ˈa-ˈa / ʎ_u-ʎ
[1/3] ˈa-ˈa / ʎ-ʎ / u_#>-#>
[1/3] ˈa-ˈa / ʎ-ʎ / u-∅

-------------------

/ˈizula/ - /ˈiʎɐ/
[4/4] ˈi-ˈi / z-∅ / u-∅ / l-ʎ / a-ɐ

-------------------

/ˈoci/ - /ˈuʎs/
[3/3] ˈo-ˈu / c-ʎ / i-∅ / #>-s_#>

-------------------

/ˈocu/ - /ˈuʎ/
[2/2] ˈo-ˈu / c_u-ʎ

-------------------

/ˈoka/ - /ˈɒkɞ/
[4/4] ˈo-ˈɒ / k-k / a-ɞ

-------------------

/ˈomu/ - /ˈɒmɞ/
[3/3] ˈo-ˈɒ / m-m / u-ɞ

-------------------

/ˈoru/ - /ˈɒr/
[3/5] ˈo-ˈɒ / r_u-r
[2/5] ˈo-ˈɒ / r-r / u-∅

-------------------

/ˈotːu/ - /wˈit/
[1/2] ∅-w / ˈo-ˈi / tː_u-t
[1/2] ˈo-w / ∅-ˈi / tː_u-t

-------------------

/ˈovu/ - /ˈɒw/
[2/4] ˈo-ˈɒ / v_u-w
[2/4] ˈo-ˈɒ / v-∅ / u-w

-------------------

/ˈunu/ - /ˈu/
[2/2] ˈu-ˈu / n-∅ / u-∅

-------------------

/ˈuŋɟa/ - /ˈuŋɡlɐ/
[2/4] ˈu-ˈu / ŋ-ŋ / ɟ-ɡ_l / a-ɐ
[2/4] ˈu-ˈu / ŋ-ŋ / ɟ-ɡ / ∅-l / a-ɐ

-------------------

/ˈɔmu/ - /ˈɒmɞ/
[1/1] ˈɔ-ˈɒ / m-m / u-ɞ

-------------------

/ˈɔpera/ - /ˈɒβɾɞ/
[3/5] ˈɔ-ˈɒ / p-β / e-∅ / r-ɾ / a-ɞ
[2/5] ˈɔ-ˈɒ / p-β / e_r-ɾ / a-ɞ

-------------------

/ˈɔrsu/ - /ˈos/
[2/3] ˈɔ-ˈo / r_s-s / u-∅
[1/3] ˈɔ-ˈo / r-∅ / s-s / u_#>-#>

-------------------

/ˈɔsːu/ - /ˈɒs/
[1/1] ˈɔ-ˈɒ / sː_u-s

-------------------

/ˈɛlːa/ - /ˈeʎɜ/
[1/1] ˈɛ-ˈe / lː-ʎ / a-ɜ

-------------------

/ˈɛlːu/ - /ˈeʎ/
[2/4] ˈɛ-ˈe / lː_u-ʎ
[2/4] ˈɛ-ˈe / lː-ʎ / u-∅

-------------------

/ˈɛrba/ - /ˈerβɜ/
[5/5] ˈɛ-ˈe / r-r / b-β / a-ɜ

-------------------

