/blˈeɪ̯d/ - /b̥lˈɛːa̯/
[2/3] b-b̥ / l-l / ˈeɪ̯-ˈɛːa̯ / d-∅
[1/3] b-b̥ / l-l / ˈeɪ̯-ˈɛːa̯ / d_#>-#>

-------------------

/blˈid/ - /b̥lˈøːa/
[2/4] b-b̥ / l-l / ˈi-ˈøː / d-∅ / ∅-a
[2/4] b-b̥ / l-l / ˈi-ˈøː / d-∅ / #>-a_#>

-------------------

/blˈum/ - /b̥lˈɔːu̯ma/
[2/4] b-b̥ / l-l / ˈu-ˈɔːu̯ / m-m / ∅-a
[2/4] b-b̥ / l-l / ˈu-ˈɔːu̯ / m-m / #>-a_#>

-------------------

/blˈʌd/ - /b̥lˈɔːu̯w/
[2/5] b-b̥ / l-l / ∅-ˈɔːu̯ / ˈʌ-w / d-∅
[2/5] b-b̥ / l-l / ˈʌ-ˈɔːu̯ / d-∅ / ∅-w
[1/5] b-b̥ / l-l / ∅-ˈɔːu̯ / ˈʌ-w / d_#>-#>

-------------------

/bɹˈu/ - /b̥ɹˈɪʤ̊ːa/
[3/4] b-b̥ / ɹ-ɹ / ˈu-ˈɪ / ∅-ʤ̊ː / ∅-a
[1/4] b-b̥ / ɹ-ɹ / ˈu-ˈɪ / ∅-ʤ̊ː / #>-a_#>

-------------------

/bɹˈɛd/ - /b̥ɹˈɛːi̯/
[3/5] b-b̥ / ɹ-ɹ / ˈɛ-ˈɛːi̯ / d-∅
[2/5] b-b̥ / ɹ-ɹ / ˈɛ-ˈɛːi̯ / d_#>-#>

-------------------

/bɹˈɛst/ - /b̥ɹˈœst/
[4/4] b-b̥ / ɹ-ɹ / ˈɛ-ˈœ / s-s / t-t

-------------------

/bɹˈɪʤ/ - /b̥ɹˈɪʤ̊ːa/
[3/5] b-b̥ / ɹ-ɹ / ˈɪ-ˈɪ / ʤ-ʤ̊ː / ∅-a
[2/5] b-b̥ / ɹ-ɹ / ˈɪ-ˈɪ / ʤ-ʤ̊ː / #>-a_#>

-------------------

/bɹˈʌðɚ/ - /b̥ɹˈɔːu̯wɪɹ/
[3/4] b-b̥ / ɹ-ɹ / ˈʌ-ˈɔːu̯ / ð-w / ɚ-ɪ / ∅-ɹ
[1/4] b-b̥ / ɹ-ɹ / ˈʌ-ˈɔːu̯ / ð-w / ɚ-ɪ / #>-ɹ_#>

-------------------

/bˈaɪ̯nd/ - /b̥ˈɪnd̥a/
[3/5] b-b̥ / ˈaɪ̯-ˈɪ / n-n / d-d̥ / ∅-a
[2/5] b-b̥ / ˈaɪ̯-ˈɪ / n-n / d-d̥ / #>-a_#>

-------------------

/bˈi/ - /b̥ˈʊ̯iː/
[4/4] b-b̥ / ˈi-ˈʊ̯iː

-------------------

/bˈoʊ̯n/ - /b̥ˈai̯n/
[3/3] b-b̥ / ˈoʊ̯-ˈai̯ / n-n

-------------------

/bˈoʊ̯ʔ/ - /b̥ˈɔ̯aːʰtʊɹ/
[3/4] b-b̥ / ˈoʊ̯-ˈɔ̯aː / ʔ-ʰt / ∅-ʊ / ∅-ɹ
[1/4] b-b̥ / ˈoʊ̯-ˈɔ̯aː / ʔ-ʰt / ∅-ʊ / #>-ɹ_#>

-------------------

/bˈæθ/ - /b̥ˈɛːa̯/
[5/5] b-b̥ / ˈæ-ˈɛːa̯ / θ-∅

-------------------

/bˈɛɚ/ - /b̥jˈœtn̥/
[3/3] b-b̥ / ∅-j / ˈɛ-ˈœ / ∅-t / ɚ-n̥

-------------------

/bˈɛɹi/ - /b̥ˈeːɹ/
[4/4] b-b̥ / ˈɛ-ˈeː / ɹ-ɹ / i-∅

-------------------

/bˈɛɾɚ/ - /b̥ˈeə̯ʰtɹɪ/
[3/4] b-b̥ / ˈɛ-ˈeə̯ / ɾ-ʰt / ɚ-ɹ_ɪ
[1/4] b-b̥ / ˈɛ-ˈeə̯ / ɾ-ʰt / ∅-ɹ / ɚ-ɪ

-------------------

/bˈɪd/ - /b̥ˈiːja/
[3/4] b-b̥ / ˈɪ-ˈiː / d-∅ / ∅-j / ∅-a
[1/4] b-b̥ / ˈɪ-ˈiː / d-∅ / ∅-j / #>-a_#>

-------------------

/bˈʊk/ - /b̥ˈɔːu̯k/
[5/5] b-b̥ / ˈʊ-ˈɔːu̯ / k-k

-------------------

/bˈʌɪ̯ʔ/ - /b̥ˈʊ̯iːta/
[3/4] b-b̥ / ˈʌɪ̯-ˈʊ̯iː / ʔ-t / ∅-a
[1/4] b-b̥ / ˈʌɪ̯-ˈʊ̯iː / ʔ-t / #>-a_#>

-------------------

/dwˈɔɹf/ - /d̥vˈœɹɡ̊ʊɹ/
[3/4] d-d̥ / w-v / ˈɔ-ˈœ / ɹ-ɹ / f-ɡ̊ / ∅-ʊ / ∅-ɹ
[1/4] d-d̥ / w-v / ˈɔ-ˈœ / ɹ-ɹ / f-∅ / ∅-ɡ̊ / ∅-ʊ / #>-ɹ_#>

-------------------

/dɹˈaɪ̯/ - /tʰˈʊɹːʊɹ/
[1/1] d-tʰ / ɹ-ˈʊ / ˈaɪ̯-ɹː / ∅-ʊ / ∅-ɹ

-------------------

/dɹˈaɪ̯v/ - /d̥ɹˈʊ̯iːva/
[2/3] d-d̥ / ɹ-ɹ / ˈaɪ̯-ˈʊ̯iː / v-v / #>-a_#>
[1/3] d-d̥ / ɹ-ɹ / ˈaɪ̯-ˈʊ̯iː / v-v / ∅-a

-------------------

/dɹˈim/ - /d̥ɹˈɔːi̯ma/
[2/4] d-d̥ / ɹ-ɹ / ˈi-ˈɔːi̯ / m-m / ∅-a
[2/4] d-d̥ / ɹ-ɹ / ˈi-ˈɔːi̯ / m-m / #>-a_#>

-------------------

/dɹˈim/ - /d̥ɹˈɛːi̯mʊɹ/
[2/2] d-d̥ / ɹ-ɹ / ˈi-ˈɛːi̯ / m-m / ∅-ʊ / ∅-ɹ

-------------------

/dɹˈɪŋk/ - /d̥ɹˈɛʰkːa/
[3/5] d-d̥ / ɹ-ɹ / ˈɪ-∅ / ŋ-ˈɛ / k-ʰkː / ∅-a
[2/5] d-d̥ / ɹ-ɹ / ˈɪ-ˈɛ / ŋ_k-ʰkː / #>-a_#>

-------------------

/dˈeɪ̯/ - /d̥ˈɛːa̯wʊɹ/
[2/2] d-d̥ / ˈeɪ̯-ˈɛːa̯ / ∅-w / ∅-ʊ / ∅-ɹ

-------------------

/dˈip/ - /ʤ̊ˈʉːu̯pʊɹ/
[3/3] d-ʤ̊ / ˈi-ˈʉːu̯ / p-p / ∅-ʊ / ∅-ɹ

-------------------

/dˈiɚ/ - /d̥ˈʊ̯iːɹ/
[4/4] d-d̥ / ˈi-ˈʊ̯iː / ɚ-ɹ

-------------------

/dˈiɚ/ - /d̥ˈʊ̯iːɹʊɹ/
[2/5] d-d̥ / ˈi-ˈʊ̯iː / ∅-ɹ / ɚ-ʊ / ∅-ɹ
[2/5] d-d̥ / ˈi-ˈʊ̯iː / ɚ-ɹ_ʊ / ∅-ɹ
[1/5] d-d̥ / ˈi-ˈʊ̯iː / ɚ-ɹ_ʊ / #>-ɹ_#>

-------------------

/dˈiɚ/ - /ʤ̊ˈɔːu̯ɹ/
[1/1] d-ʤ̊ / ˈi-ˈɔːu̯ / ɚ-ɹ

-------------------

/dˈoʊ̯/ - /d̥ˈai̯ʤ̊/
[4/4] d-d̥ / ˈoʊ̯-ˈai̯ / ∅-ʤ̊

-------------------

/dˈɑɾɚ/ - /d̥ˈœʰtːɪɹ/
[4/5] d-d̥ / ˈɑ-ˈœ / ɾ-ʰtː / ɚ-ɪ / ∅-ɹ
[1/5] d-d̥ / ˈɑ-ˈœ / ɾ-ʰtː / ɚ-ɪ / #>-ɹ_#>

-------------------

/dˈɛd/ - /d̥ˈɛːi̯jʊɹ/
[1/3] d-d̥ / ∅-ˈɛːi̯ / ˈɛ-j / d-∅ / ∅-ʊ / ∅-ɹ
[1/3] d-d̥ / ˈɛ-ˈɛːi̯ / d-∅ / ∅-j / ∅-ʊ / ∅-ɹ
[1/3] d-d̥ / ˈɛ-ˈɛːi̯ / d-∅ / ∅-j / ∅-ʊ / #>-ɹ_#>

-------------------

/dˈɛθ/ - /d̥ˈɛːi̯jɪ/
[2/2] d-d̥ / ˈɛ-ˈɛːi̯ / θ-∅ / ∅-j / ∅-ɪ

-------------------

/dˈʌv/ - /d̥ˈɪɡ̊fa/
[2/3] d-d̥ / ˈʌ-ˈɪ / ∅-ɡ̊ / v-f / ∅-a
[1/3] d-d̥ / ˈʌ-ˈɪ / ∅-ɡ̊ / v-f / #>-a_#>

-------------------

/fjˈu/ - /fˈɔ̯aːʊɹ/
[2/3] f-f / j-ˈɔ̯aː / ˈu-ʊ / ∅-ɹ
[1/3] f-f / j-ˈɔ̯aː / ˈu-ʊ / #>-ɹ_#>

-------------------

/flˈaɪ̯/ - /flˈuːwʊ/
[2/4] f-f / l-l / ˈaɪ̯-ˈuː / ∅-w / #>-ʊ_#>
[1/4] f-f / l-l / ∅-ˈuː / ˈaɪ̯-w / ∅-ʊ
[1/4] f-f / l-l / ˈaɪ̯-ˈuː / ∅-w / ∅-ʊ

-------------------

/flˈaɪ̯/ - /flˈʏɡ̊fa/
[3/5] f-f / l-l / ˈaɪ̯-ˈʏ / ∅-ɡ̊ / ∅-f / ∅-a
[2/5] f-f / l-l / ˈaɪ̯-ˈʏ / ∅-ɡ̊ / ∅-f / #>-a_#>

-------------------

/fɹˈɛnd/ - /frˈand̥ɪ/
[3/5] f-f / ɹ-r / ˈɛ-ˈa / n-n / d-d̥ / ∅-ɪ
[2/5] f-f / ɹ-r / ˈɛ-ˈa / n-n / d-d̥ / #>-ɪ_#>

-------------------

/fɹˈɛʃ/ - /fˈɛskʊɹ/
[4/5] f-f / ɹ-∅ / ˈɛ-ˈɛ / ʃ-s / ∅-k / ∅-ʊ / ∅-ɹ
[1/5] f-f / ɹ-∅ / ˈɛ-ˈɛ / ʃ-s / ∅-k / ∅-ʊ / #>-ɹ_#>

-------------------

/fˈaɪ̯nd/ - /fˈɪnːa/
[2/4] f-f / ˈaɪ̯-ˈɪ / n-nː / d-∅ / ∅-a
[2/4] f-f / ˈaɪ̯-ˈɪ / n-nː / d-∅ / #>-a_#>

-------------------

/fˈaɪ̯v/ - /fˈɪm/
[4/4] f-f / ˈaɪ̯-ˈɪ / v-m

-------------------

/fˈaɪ̯ɚ/ - /fˈʊ̯iːɹʊɹ/
[2/5] f-f / ˈaɪ̯-ˈʊ̯iː / ∅-ɹ / ɚ-ʊ / ∅-ɹ
[2/5] f-f / ˈaɪ̯-ˈʊ̯iː / ɚ-ɹ_ʊ / ∅-ɹ
[1/5] f-f / ˈaɪ̯-ˈʊ̯iː / ɚ-ɹ_ʊ / #>-ɹ_#>

-------------------

/fˈaʊ̯ɫ/ - /fˈʊɡ̊lʊɹ/
[2/5] f-f / ˈaʊ̯-ˈʊ / ∅-ɡ̊ / ɫ-l / ∅-ʊ / ∅-ɹ
[2/5] f-f / ˈaʊ̯-ˈʊ / ɫ-ɡ̊_l / ∅-ʊ / ∅-ɹ
[1/5] f-f / ˈaʊ̯-ˈʊ / ɫ-ɡ̊_l / ∅-ʊ / #>-ɹ_#>

-------------------

/fˈiʔ/ - /fˈøːtʊɹ/
[3/4] f-f / ˈi-ˈøː / ʔ-t / ∅-ʊ / ∅-ɹ
[1/4] f-f / ˈi-ˈøː / ʔ-t / ∅-ʊ / #>-ɹ_#>

-------------------

/fˈoʊ̯k/ - /fˈœl̥k/
[3/4] f-f / ∅-ˈœ / ˈoʊ̯-l̥ / k-k
[1/4] f-f / ˈoʊ̯-ˈœ / ∅-l̥ / k-k

-------------------

/fˈɑloʊ̯/ - /fˈɪʎʤ̊a/
[4/4] f-f / ∅-ˈɪ / ˈɑ-ʎ / l-ʤ̊ / oʊ̯-a

-------------------

/fˈɑðɚ/ - /fˈɛːa̯jɪɹ/
[4/5] f-f / ˈɑ-ˈɛːa̯ / ð-j / ɚ-ɪ / ∅-ɹ
[1/5] f-f / ∅-ˈɛːa̯ / ˈɑ-j / ð-∅ / ɚ-ɪ / #>-ɹ_#>

-------------------

/fˈɔɹ/ - /fˈiːɹɪ/
[2/3] f-f / ˈɔ-ˈiː / ɹ-ɹ / ∅-ɪ
[1/3] f-f / ˈɔ-ˈiː / ɹ-ɹ / #>-ɪ_#>

-------------------

/fˈɔɹ/ - /fˈʊ̯iːɹa/
[3/5] f-f / ˈɔ-ˈʊ̯iː / ɹ-ɹ / ∅-a
[2/5] f-f / ˈɔ-ˈʊ̯iː / ɹ-ɹ / #>-a_#>

-------------------

/fˈɛðɚ/ - /fjˈøːwʊɹ/
[1/2] f-f / ∅-j / ˈɛ-ˈøː / ð-w / ɚ-ʊ / ∅-ɹ
[1/2] f-f / ˈɛ-j / ∅-ˈøː / ð-w / ɚ-ʊ / ∅-ɹ

-------------------

/fˈɪŋɡɚ/ - /fˈɪŋɡ̊ʊɹ/
[3/4] f-f / ˈɪ-ˈɪ / ŋ-ŋ / ɡ-ɡ̊ / ɚ-ʊ / ∅-ɹ
[1/4] f-f / ˈɪ-ˈɪ / ŋ-ŋ / ɡ-ɡ̊ / ɚ-ʊ / #>-ɹ_#>

-------------------

/fˈɪʃ/ - /fˈɪskʊɹ/
[3/3] f-f / ˈɪ-ˈɪ / ʃ-s / ∅-k / ∅-ʊ / ∅-ɹ

-------------------

/fˈʊɫ/ - /fˈʊtl̥ʊɹ/
[3/4] f-f / ˈʊ-ˈʊ / ɫ-t_l̥ / ∅-ʊ / ∅-ɹ
[1/4] f-f / ˈʊ-ˈʊ / ɫ-t_l̥ / ∅-ʊ / #>-ɹ_#>

-------------------

/fˈʊʔ/ - /fˈɔːu̯tʊɹ/
[4/5] f-f / ˈʊ-ˈɔːu̯ / ʔ-t / ∅-ʊ / ∅-ɹ
[1/5] f-f / ˈʊ-ˈɔːu̯ / ʔ-t / ∅-ʊ / #>-ɹ_#>

-------------------

/hˈaɪ̯/ - /hˈɔ̯aːvʊɹ/
[3/3] h-h / ˈaɪ̯-ˈɔ̯aː / ∅-v / ∅-ʊ / ∅-ɹ

-------------------

/hˈaɪ̯d/ - /hˈʉːu̯/
[3/5] h-h / ˈaɪ̯-ˈʉːu̯ / d-∅
[2/5] h-h / ˈaɪ̯-ˈʉːu̯ / d_#>-#>

-------------------

/hˈaʊ̯nd/ - /hˈʊnd̥ʊɹ/
[2/3] h-h / ˈaʊ̯-ˈʊ / n-n / d-d̥ / ∅-ʊ / ∅-ɹ
[1/3] h-h / ˈaʊ̯-ˈʊ / n-n / d-d̥ / ∅-ʊ / #>-ɹ_#>

-------------------

/hˈaʊ̯s/ - /hˈʉːu̯s/
[5/5] h-h / ˈaʊ̯-ˈʉːu̯ / s-s

-------------------

/hˈeɪ̯ʔ/ - /hˈɛːa̯ta/
[3/4] h-h / ˈeɪ̯-ˈɛːa̯ / ʔ-t / ∅-a
[1/4] h-h / ˈeɪ̯-ˈɛːa̯ / ʔ-t / #>-a_#>

-------------------

/hˈiɚ/ - /hˈeːɹ/
[2/2] h-h / ˈi-ˈeː / ɚ-ɹ

-------------------

/hˈiɚ/ - /hˈɔːi̯ɹa/
[2/3] h-h / ˈi-ˈɔːi̯ / ɚ-ɹ / ∅-a
[1/3] h-h / ˈi-ˈɔːi̯ / ɚ-ɹ / #>-a_#>

-------------------

/hˈoʊ̯li/ - /hˈai̯lavʊɹ/
[3/4] h-h / ˈoʊ̯-ˈai̯ / l-l / i-a / ∅-v / ∅-ʊ / ∅-ɹ
[1/4] h-h / ˈoʊ̯-ˈai̯ / l-l / i-a / ∅-v / ∅-ʊ / #>-ɹ_#>

-------------------

/hˈoʊ̯m/ - /hˈaːi̯mʊɹ/
[3/4] h-h / ˈoʊ̯-ˈaːi̯ / m-m / ∅-ʊ / ∅-ɹ
[1/4] h-h / ˈoʊ̯-ˈaːi̯ / m-m / ∅-ʊ / #>-ɹ_#>

-------------------

/hˈæf/ - /hˈɔlvʊr/
[2/5] h-h / ˈæ-ˈɔ / ∅-l / ∅-v / ∅-ʊ / f-r
[2/5] h-h / ˈæ-ˈɔ / f-l_v / ∅-ʊ / #>-r_#>
[1/5] h-h / ˈæ-ˈɔ / f-l_v / ∅-ʊ / ∅-r

-------------------

/hˈænd/ - /hˈɔnd̥/
[4/4] h-h / ˈæ-ˈɔ / n-n / d-d̥

-------------------

/hˈæv/ - /hˈɛːa̯va/
[3/5] h-h / ˈæ-ˈɛːa̯ / v-v / ∅-a
[2/5] h-h / ˈæ-ˈɛːa̯ / v-v / #>-a_#>

-------------------

/hˈɑɹʔ/ - /jˈaɹʈa/
[3/4] h-j / ˈɑ-ˈa / ɹ-ɹ / ʔ-ʈ / ∅-a
[1/4] h-j / ˈɑ-ˈa / ɹ-ɹ / ʔ-ʈ / #>-a_#>

-------------------

/hˈɑʔ/ - /hˈaːi̯tʊɹ/
[2/3] h-h / ˈɑ-ˈaːi̯ / ʔ-t / ∅-ʊ / ∅-ɹ
[1/3] h-h / ˈɑ-ˈaːi̯ / ʔ-t / ∅-ʊ / #>-ɹ_#>

-------------------

/hˈɔɹn/ - /hˈɔtn̥/
[2/3] h-h / ˈɔ-ˈɔ / ɹ-∅ / n-t_n̥
[1/3] h-h / ˈɔ-ˈɔ / ɹ-∅ / ∅-t / n-n̥

-------------------

/hˈɔɹs/ - /ɹˈɔsː/
[5/5] h-∅ / ∅-ɹ / ˈɔ-ˈɔ / ɹ-∅ / s-sː

-------------------

/hˈɛd/ - /hˈœtː/
[5/5] h-h / ˈɛ-ˈœ / d-tː

-------------------

/hˈɛn/ - /hˈøːna/
[3/5] h-h / ˈɛ-ˈøː / n-n / ∅-a
[2/5] h-h / ˈɛ-ˈøː / n-n / #>-a_#>

-------------------

/hˈɛɚ/ - /hˈɔ̯aːɹ/
[5/5] h-h / ˈɛ-ˈɔ̯aː / ɚ-ɹ

-------------------

/hˈɛɫp/ - /jˈɔl̥pa/
[2/5] h-j / ˈɛ-ˈɔ / ɫ-l̥ / p-p / ∅-a
[1/5] h-∅ / ˈɛ-j / ∅-ˈɔ / ɫ-l̥ / p-p / ∅-a
[1/5] h-∅ / ˈɛ-j / ∅-ˈɔ / ɫ-l̥ / p-p / #>-a_#>
[1/5] h-j / ˈɛ-ˈɔ / ɫ-l̥ / p-p / #>-a_#>

-------------------

/hˈʌndɹəd/ - /hˈʊnd̥ɹa/
[3/5] h-h / ˈʌ-ˈʊ / n-n / d-d̥ / ɹ-ɹ / ə-a / d-∅
[2/5] h-h / ˈʌ-ˈʊ / n-n / d-d̥ / ɹ-ɹ / ə-a / d_#>-#>

-------------------

/hˈʌni/ - /hˈuːnɛŋɡ̊ʊɹ/
[3/4] h-h / ˈʌ-ˈuː / n-n / i-ɛ / ∅-ŋ / ∅-ɡ̊ / ∅-ʊ / ∅-ɹ
[1/4] h-h / ˈʌ-ˈuː / n-n / i-ɛ / ∅-ŋ / ∅-ɡ̊ / ∅-ʊ / #>-ɹ_#>

-------------------

/hˈʌŋɡɚ/ - /hˈʊŋɡ̊ʊɹ/
[3/4] h-h / ˈʌ-ˈʊ / ŋ-ŋ / ɡ-ɡ̊ / ɚ-ʊ / ∅-ɹ
[1/4] h-h / ˈʌ-ˈʊ / ŋ-ŋ / ɡ-ɡ̊ / ɚ-ʊ / #>-ɹ_#>

-------------------

/jˈiɚ/ - /ˈɔ̯aːɹ/
[3/3] j-ˈɔ̯aː / ˈi-∅ / ɚ-ɹ

-------------------

/jˈu/ - /tʰˈɛːa̯ɹ/
[3/4] j-tʰ / ˈu-ˈɛːa̯ / ∅-ɹ
[1/4] j-tʰ / ˈu-ˈɛːa̯ / #>-ɹ_#>

-------------------

/jˈɑɹn/ - /ɡ̊ˈatn̥/
[3/5] j-ɡ̊ / ˈɑ-ˈa / ɹ-∅ / ∅-t / n-n̥
[2/5] j-ɡ̊ / ˈɑ-ˈa / ɹ-∅ / n-t_n̥

-------------------

/jˈɛloʊ̯/ - /ɡ̊ˈuːlʊɹ/
[3/3] ∅-ɡ̊ / j-ˈuː / ˈɛ-∅ / l-l / oʊ̯-ʊ / ∅-ɹ

-------------------

/jˈʌŋ/ - /ˈʊŋɡ̊ʊɹ/
[4/5] j-∅ / ˈʌ-ˈʊ / ŋ-ŋ / ∅-ɡ̊ / ∅-ʊ / ∅-ɹ
[1/5] j-∅ / ˈʌ-ˈʊ / ŋ-ŋ / ∅-ɡ̊ / ∅-ʊ / #>-ɹ_#>

-------------------

/kʰwˈin/ - /kʰvˈɪnːa/
[1/1] kʰ-kʰ / w-v / ˈi-ˈɪ / n-nː / ∅-a

-------------------

/kʰwˈin/ - /kʰˈoːna/
[2/4] kʰ-kʰ / w-ˈoː / ˈi-∅ / n-n / #>-a_#>
[1/4] kʰ-kʰ / w-∅ / ˈi-ˈoː / n-n / ∅-a
[1/4] kʰ-kʰ / w-ˈoː / ˈi-∅ / n-n / ∅-a

-------------------

/kʰˈaʊ̯/ - /kʰˈɪɡ̊f/
[1/2] kʰ-kʰ / ˈaʊ̯-ˈɪ / ∅-ɡ̊ / ∅-f
[1/2] kʰ-kʰ / ˈaʊ̯-ˈɪ / ∅-ɡ̊ / #>-f_#>

-------------------

/kʰˈoʊ̯ɫd/ - /kʰˈald̥ʊɹ/
[2/3] kʰ-kʰ / ˈoʊ̯-ˈa / ɫ-l / d-d̥ / ∅-ʊ / ∅-ɹ
[1/3] kʰ-kʰ / ˈoʊ̯-ˈa / ɫ-l / d-d̥ / ∅-ʊ / #>-ɹ_#>

-------------------

/kʰˈæf/ - /kʰˈɔlvʊɹ/
[2/4] kʰ-kʰ / ˈæ-ˈɔ / f-l_v / ∅-ʊ / ∅-ɹ
[1/4] kʰ-kʰ / ˈæ-ˈɔ / ∅-l / f-v / ∅-ʊ / ∅-ɹ
[1/4] kʰ-kʰ / ˈæ-ˈɔ / f-l_v / ∅-ʊ / #>-ɹ_#>

-------------------

/kʰˈæʔ/ - /kʰˈœʰtːʊɹ/
[3/4] kʰ-kʰ / ˈæ-ˈœ / ʔ-ʰtː / ∅-ʊ / ∅-ɹ
[1/4] kʰ-kʰ / ˈæ-ˈœ / ʔ-ʰtː / ∅-ʊ / #>-ɹ_#>

-------------------

/kʰˈɔɹn/ - /kʰˈɔtn̥/
[3/4] kʰ-kʰ / ˈɔ-ˈɔ / ɹ-∅ / ∅-t / n-n̥
[1/4] kʰ-kʰ / ˈɔ-ˈɔ / ɹ-∅ / n-t_n̥

-------------------

/kʰˈɛn/ - /ʧʰˈɛnːa/
[3/5] kʰ-ʧʰ / ˈɛ-ˈɛ / n-nː / ∅-a
[2/5] kʰ-ʧʰ / ˈɛ-ˈɛ / n-nː / #>-a_#>

-------------------

/kʰˈɪŋ/ - /kʰˈɔŋɡ̊ʊɹ/
[4/5] kʰ-kʰ / ˈɪ-ˈɔ / ŋ-ŋ / ∅-ɡ̊ / ∅-ʊ / ∅-ɹ
[1/5] kʰ-kʰ / ˈɪ-ˈɔ / ŋ-ŋ / ∅-ɡ̊ / ∅-ʊ / #>-ɹ_#>

-------------------

/kʰˈʌm/ - /kʰˈoːma/
[3/5] kʰ-kʰ / ˈʌ-ˈoː / m-m / ∅-a
[2/5] kʰ-kʰ / ˈʌ-ˈoː / m-m / #>-a_#>

-------------------

/lˈaɪ̯/ - /lˈɪɡ̊va/
[2/4] l-l / ˈaɪ̯-ˈɪ / ∅-ɡ̊ / ∅-v / ∅-a
[2/4] l-l / ˈaɪ̯-ˈɪ / ∅-ɡ̊ / ∅-v / #>-a_#>

-------------------

/lˈaɪ̯/ - /lˈɪʤ̊ːa/
[2/4] l-l / ˈaɪ̯-ˈɪ / ∅-ʤ̊ː / ∅-a
[2/4] l-l / ˈaɪ̯-ˈɪ / ∅-ʤ̊ː / #>-a_#>

-------------------

/lˈaʊ̯s/ - /lˈʉːu̯s/
[5/5] l-l / ˈaʊ̯-ˈʉːu̯ / s-s

-------------------

/lˈif/ - /lˈɛːi̯v/
[5/5] l-l / ˈi-ˈɛːi̯ / f-v

-------------------

/lˈip/ - /lˈɛːi̯pa/
[2/4] l-l / ˈi-ˈɛːi̯ / p-p / ∅-a
[2/4] l-l / ˈi-ˈɛːi̯ / p-p / #>-a_#>

-------------------

/lˈæf/ - /lˈɛːa̯a/
[3/4] l-l / ˈæ-ˈɛːa̯ / f-∅ / ∅-a
[1/4] l-l / ˈæ-ˈɛːa̯ / f-∅ / #>-a_#>

-------------------

/lˈæm/ - /lˈamb̥/
[3/3] l-l / ˈæ-ˈa / m-m / ∅-b̥

-------------------

/lˈænd/ - /lˈand̥/
[5/5] l-l / ˈæ-ˈa / n-n / d-d̥

-------------------

/lˈɑŋ/ - /lˈɛŋɡ̊ʊɹ/
[4/5] l-l / ˈɑ-ˈɛ / ŋ-ŋ / ∅-ɡ̊ / ∅-ʊ / ∅-ɹ
[1/5] l-l / ˈɑ-ˈɛ / ŋ-ŋ / ∅-ɡ̊ / ∅-ʊ / #>-ɹ_#>

-------------------

/lˈɪvɚ/ - /lˈiːvʊɹ/
[4/5] l-l / ˈɪ-ˈiː / v-v / ɚ-ʊ / ∅-ɹ
[1/5] l-l / ˈɪ-ˈiː / v-v / ɚ-ʊ / #>-ɹ_#>

-------------------

/lˈʌɪ̯ʔ/ - /lˈaʰtːʊɹ/
[3/4] l-l / ˈʌɪ̯-ˈa / ʔ-ʰtː / ∅-ʊ / ∅-ɹ
[1/4] l-l / ˈʌɪ̯-ˈa / ʔ-ʰtː / ∅-ʊ / #>-ɹ_#>

-------------------

/mˈaɪ̯s/ - /mˈʊ̯iːs/
[4/4] m-m / ˈaɪ̯-ˈʊ̯iː / s-s

-------------------

/mˈaʊ̯s/ - /mˈʉːu̯s/
[5/5] m-m / ˈaʊ̯-ˈʉːu̯ / s-s

-------------------

/mˈaʊ̯θ/ - /mˈʊnː/
[3/3] m-m / ˈaʊ̯-ˈʊ / θ-nː

-------------------

/mˈi/ - /mˈeː/
[3/3] m-m / ˈi-ˈeː

-------------------

/mˈiɚ/ - /mˈɛːa̯ɹʊɹ/
[2/5] m-m / ˈi-ˈɛːa̯ / ∅-ɹ / ɚ-ʊ / ∅-ɹ
[2/5] m-m / ˈi-ˈɛːa̯ / ɚ-ɹ_ʊ / ∅-ɹ
[1/5] m-m / ˈi-ˈɛːa̯ / ɚ-ɹ_ʊ / #>-ɹ_#>

-------------------

/mˈun/ - /mˈɔ̯aːnɪ/
[2/4] m-m / ˈu-ˈɔ̯aː / n-n / ∅-ɪ
[2/4] m-m / ˈu-ˈɔ̯aː / n-n / #>-ɪ_#>

-------------------

/mˈæn/ - /mˈɛːa̯vʊɹ/
[2/3] m-m / ˈæ-ˈɛːa̯ / n-∅ / ∅-v / ∅-ʊ / ∅-ɹ
[1/3] m-m / ˈæ-ˈɛːa̯ / n-∅ / ∅-v / ∅-ʊ / #>-ɹ_#>

-------------------

/mˈɛn/ - /mˈɛnː/
[4/4] m-m / ˈɛ-ˈɛ / n-nː

-------------------

/mˈɪɫk/ - /mjˈœl̥k/
[3/3] m-m / ˈɪ-j / ∅-ˈœ / ɫ-l̥ / k-k

-------------------

/mˈʌnθ/ - /mˈɔ̯aːnavʊɹ/
[4/4] m-m / ˈʌ-ˈɔ̯aː / n-n / ∅-a / θ-v / ∅-ʊ / ∅-ɹ

-------------------

/mˈʌðɚ/ - /mˈɔːu̯wɪɹ/
[2/3] m-m / ˈʌ-ˈɔːu̯ / ð-w / ɚ-ɪ / ∅-ɹ
[1/3] m-m / ˈʌ-ˈɔːu̯ / ð-w / ɚ-ɪ / #>-ɹ_#>

-------------------

/mˈʌɪ̯ʔ/ - /mˈɔʰtːʊɹ/
[2/2] m-m / ˈʌɪ̯-ˈɔ / ʔ-ʰtː / ∅-ʊ / ∅-ɹ

-------------------

/nˈaɪ̯n/ - /nˈʊʧːʊ/
[3/4] n-n / ˈaɪ̯-ˈʊ / n-ʧː / #>-ʊ_#>
[1/4] n-n / ˈaɪ̯-ˈʊ / n-ʧː / ∅-ʊ

-------------------

/nˈeɪ̯kɪd/ - /nˈɛːa̯ʰʧɪn/
[3/5] n-n / ˈeɪ̯-ˈɛːa̯ / k-ʰʧ / ɪ-ɪ / d-∅ / ∅-n
[2/5] n-n / ˈeɪ̯-ˈɛːa̯ / k-ʰʧ / ɪ-ɪ / d-n

-------------------

/nˈeɪ̯m/ - /nˈawn/
[2/2] n-n / ˈeɪ̯-ˈa / m-w / ∅-n

-------------------

/nˈeɪ̯ɫ/ - /nˈaɡ̊l/
[3/4] n-n / ˈeɪ̯-ˈa / ɫ-ɡ̊_l
[1/4] n-n / ˈeɪ̯-ˈa / ∅-ɡ̊ / ɫ-l

-------------------

/nˈi/ - /kʰn̥ˈɛːa̯/
[3/3] ∅-kʰ / n-n̥ / ˈi-ˈɛːa̯

-------------------

/nˈidɫ̩/ - /nˈɔ̯aːl/
[4/4] n-n / ˈi-ˈɔ̯aː / d-∅ / ɫ-l

-------------------

/nˈoʊ̯z/ - /nˈøːs/
[3/3] n-n / ˈoʊ̯-ˈøː / z-s

-------------------

/nˈu/ - /nˈʊʤ̊ːʊɹ/
[1/1] n-n / ˈu-ˈʊ / ∅-ʤ̊ː / ∅-ʊ / ∅-ɹ

-------------------

/nˈɑʔ/ - /kʰnˈʉːu̯ʰtʊɹ/
[4/5] ∅-kʰ / n-n / ˈɑ-ˈʉːu̯ / ʔ-ʰt / ∅-ʊ / ∅-ɹ
[1/5] ∅-kʰ / n-n / ˈɑ-ˈʉːu̯ / ʔ-ʰt / ∅-ʊ / #>-ɹ_#>

-------------------

/nˈɔɹθ/ - /nˈoːɹʊɹ/
[4/5] n-n / ˈɔ-ˈoː / ɹ-ɹ / θ-∅ / ∅-ʊ / ∅-ɹ
[1/5] n-n / ˈɔ-ˈoː / ɹ-ɹ / θ-∅ / ∅-ʊ / #>-ɹ_#>

-------------------

/nˈɛkst/ - /nˈastʊɹ/
[4/5] n-n / ˈɛ-ˈa / k-∅ / s-s / t-t / ∅-ʊ / ∅-ɹ
[1/5] n-n / ˈɛ-ˈa / k-∅ / s-s / t-t / ∅-ʊ / #>-ɹ_#>

-------------------

/nˈʌɪ̯ʔ/ - /nˈɔʰtː/
[5/5] n-n / ˈʌɪ̯-ˈɔ / ʔ-ʰtː

-------------------

/nˈʌʔ/ - /nˈøːʰt/
[5/5] n-n / ˈʌ-ˈøː / ʔ-ʰt

-------------------

/slˈeɪ̯/ - /slˈɔ̯aːa/
[3/4] s-s / l-l / ˈeɪ̯-ˈɔ̯aː / ∅-a
[1/4] s-s / l-l / ˈeɪ̯-ˈɔ̯aː / #>-a_#>

-------------------

/slˈip/ - /sˈoːva/
[3/5] s-s / l-∅ / ˈi-ˈoː / p-v / ∅-a
[2/5] s-s / l-∅ / ˈi-ˈoː / p-v / #>-a_#>

-------------------

/stˈoʊ̯n/ - /stˈaːi̯nʊɹ/
[4/4] s-s / t-t / ˈoʊ̯-ˈaːi̯ / n-n / ∅-ʊ / ∅-ɹ

-------------------

/stˈuɫ/ - /stˈœlʊɹ/
[4/5] s-s / t-t / ˈu-ˈœ / ɫ-l / ∅-ʊ / ∅-ɹ
[1/5] s-s / t-t / ˈu-ˈœ / ɫ-l / ∅-ʊ / #>-ɹ_#>

-------------------

/stˈɑɹ/ - /ʃtjˈœtna/
[3/4] s-ʃ / t-t / ˈɑ-j / ɹ-ˈœ / ∅-t / ∅-n / ∅-a
[1/4] s-ʃ / t-t / ˈɑ-j / ɹ-ˈœ / ∅-t / ∅-n / #>-a_#>

-------------------

/stˈɔɹm/ - /stˈɔɹmʊɹ/
[2/3] s-s / t-t / ˈɔ-ˈɔ / ɹ-ɹ / m-m / ∅-ʊ / ∅-ɹ
[1/3] s-s / t-t / ˈɔ-ˈɔ / ɹ-ɹ / m-m / ∅-ʊ / #>-ɹ_#>

-------------------

/swˈaɪ̯n/ - /svˈʊ̯iːn/
[5/5] s-s / w-v / ˈaɪ̯-ˈʊ̯iː / n-n

-------------------

/swˈiʔ/ - /sˈøːtʊɹ/
[3/3] s-s / w-∅ / ˈi-ˈøː / ʔ-t / ∅-ʊ / ∅-ɹ

-------------------

/swˈɔɹʔ/ - /svˈaɹʈʊɹ/
[2/3] s-s / w-v / ˈɔ-ˈa / ɹ-ɹ / ʔ-ʈ / ∅-ʊ / ∅-ɹ
[1/3] s-s / w-v / ˈɔ-ˈa / ɹ-ɹ / ʔ-ʈ / ∅-ʊ / #>-ɹ_#>

-------------------

/swˈɛt/ - /svˈai̯ʰtːɪ/
[3/5] s-s / w-v / ˈɛ-ˈai̯ / t-ʰtː / ∅-ɪ
[2/5] s-s / w-v / ˈɛ-ˈai̯ / t-ʰtː / #>-ɪ_#>

-------------------

/swˈɪm/ - /svˈɪmja/
[2/3] s-s / w-v / ˈɪ-ˈɪ / m-m / ∅-j / ∅-a
[1/3] s-s / w-v / ˈɪ-ˈɪ / m-m / ∅-j / #>-a_#>

-------------------

/sˈaɪ̯d/ - /sˈʊ̯iːja/
[3/4] s-s / ˈaɪ̯-ˈʊ̯iː / d-∅ / ∅-j / ∅-a
[1/4] s-s / ˈaɪ̯-ˈʊ̯iː / d-∅ / ∅-j / #>-a_#>

-------------------

/sˈaʊ̯/ - /sˈɪɡ̊f/
[3/4] s-s / ˈaʊ̯-ˈɪ / ∅-ɡ̊ / ∅-f
[1/4] s-s / ˈaʊ̯-ˈɪ / ∅-ɡ̊ / #>-f_#>

-------------------

/sˈaʊ̯ɚ/ - /sˈʉːu̯ɹʊɹ/
[2/3] s-s / ˈaʊ̯-ˈʉːu̯ / ∅-ɹ / ɚ-ʊ / ∅-ɹ
[1/3] s-s / ˈaʊ̯-ˈʉːu̯ / ɚ-ɹ_ʊ / #>-ɹ_#>

-------------------

/sˈeɪ̯/ - /sˈiːja/
[2/4] s-s / ˈeɪ̯-ˈiː / ∅-j / ∅-a
[1/4] s-s / ∅-ˈiː / ˈeɪ̯-j / #>-a_#>
[1/4] s-s / ˈeɪ̯-ˈiː / ∅-j / #>-a_#>

-------------------

/sˈi/ - /sˈʊʤ̊ːa/
[1/2] s-s / ˈi-ˈʊ / ∅-ʤ̊ː / ∅-a
[1/2] s-s / ˈi-ˈʊ / ∅-ʤ̊ː / #>-a_#>

-------------------

/sˈik/ - /sˈøːʧɑ/
[5/5] s-s / ˈi-ˈøː / k-ʧ / ∅-ɑ

-------------------

/sˈoʊ̯ɫ/ - /sˈɔ̯aːl/
[4/4] s-s / ˈoʊ̯-ˈɔ̯aː / ɫ-l

-------------------

/sˈænd/ - /sˈand̥ʊɹ/
[4/4] s-s / ˈæ-ˈa / n-n / d-d̥ / ∅-ʊ / ∅-ɹ

-------------------

/sˈɑɫʔ/ - /sˈal̥t/
[4/4] s-s / ˈɑ-ˈa / ɫ-l̥ / ʔ-t

-------------------

/sˈɔɹd/ - /svˈøːɹ/
[3/5] s-s / ∅-v / ˈɔ-ˈøː / ɹ-ɹ / d-∅
[2/5] s-s / ∅-v / ˈɔ-ˈøː / ɹ-ɹ / d_#>-#>

-------------------

/sˈɛvən/ - /ʃˈɛːi̯/
[2/2] s-ʃ / ˈɛ-ˈɛːi̯ / v-∅ / ə-∅ / n-∅

-------------------

/sˈɛɫf/ - /ʃˈɔlvʊɹ/
[3/4] s-ʃ / ˈɛ-ˈɔ / ɫ-l / f-v / ∅-ʊ / ∅-ɹ
[1/4] s-ʃ / ˈɛ-ˈɔ / ɫ-l / f-v / ∅-ʊ / #>-ɹ_#>

-------------------

/sˈɪk/ - /ʃˈʉːu̯kʊɹ/
[4/5] s-ʃ / ˈɪ-ˈʉːu̯ / k-k / ∅-ʊ / ∅-ɹ
[1/5] s-ʃ / ˈɪ-ˈʉːu̯ / k-k / ∅-ʊ / #>-ɹ_#>

-------------------

/sˈɪks/ - /sˈɛks/
[4/4] s-s / ˈɪ-ˈɛ / k-k / s-s

-------------------

/sˈɪstɚ/ - /sˈɪstɪɹ/
[3/4] s-s / ˈɪ-ˈɪ / s-s / t-t / ɚ-ɪ / ∅-ɹ
[1/4] s-s / ˈɪ-ˈɪ / s-s / t-t / ɚ-ɪ / #>-ɹ_#>

-------------------

/sˈɪŋ/ - /sˈɪɲʤ̊a/
[3/4] s-s / ˈɪ-ˈɪ / ŋ-ɲ / ∅-ʤ̊ / ∅-a
[1/4] s-s / ˈɪ-ˈɪ / ŋ-ɲ / ∅-ʤ̊ / #>-a_#>

-------------------

/sˈɪʔ/ - /sˈiːta/
[2/4] s-s / ˈɪ-ˈiː / ʔ-t / ∅-a
[2/4] s-s / ˈɪ-ˈiː / ʔ-t / #>-a_#>

-------------------

/sˈʌk/ - /sˈʏɡ̊fa/
[2/4] s-s / ˈʌ-ˈʏ / k-ɡ̊ / ∅-f / ∅-a
[2/4] s-s / ˈʌ-ˈʏ / k-ɡ̊ / ∅-f / #>-a_#>

-------------------

/sˈʌmɚ/ - /sˈʊmːaɹ/
[2/4] s-s / ˈʌ-ˈʊ / m-mː / ∅-a / ɚ-ɹ
[2/4] s-s / ˈʌ-ˈʊ / m-mː / ɚ-a_ɹ

-------------------

/sˈʌn/ - /sˈɔnʊɹ/
[3/4] s-s / ˈʌ-ˈɔ / n-n / ∅-ʊ / ∅-ɹ
[1/4] s-s / ˈʌ-ˈɔ / n-n / ∅-ʊ / #>-ɹ_#>

-------------------

/tʰwˈɛnti/ - /ʧʰˈʉːu̯wʊ/
[4/4] tʰ-ʧʰ / w-ˈʉːu̯ / ˈɛ-w / n-∅ / t-∅ / i-ʊ

-------------------

/tʰwˈɛɫv/ - /tʰˈœlv/
[4/4] tʰ-tʰ / w-∅ / ˈɛ-ˈœ / ɫ-l / v-v

-------------------

/tʰɹˈi/ - /tʰɹˈɛːa̯/
[4/4] tʰ-tʰ / ɹ-ɹ / ˈi-ˈɛːa̯

-------------------

/tʰˈaɪ̯d/ - /tʰˈʊ̯iː/
[3/5] tʰ-tʰ / ˈaɪ̯-ˈʊ̯iː / d-∅
[2/5] tʰ-tʰ / ˈaɪ̯-ˈʊ̯iː / d_#>-#>

-------------------

/tʰˈiɚ/ - /tʰˈɔ̯aːɹ/
[4/4] tʰ-tʰ / ˈi-ˈɔ̯aː / ɚ-ɹ

-------------------

/tʰˈoʊ̯/ - /tʰˈɔ̯aː/
[4/4] tʰ-tʰ / ˈoʊ̯-ˈɔ̯aː

-------------------

/tʰˈoʊ̯kən/ - /tʰˈɛʰkn/
[4/4] tʰ-tʰ / ˈoʊ̯-ˈɛ / k-ʰk / ə-∅ / n-n

-------------------

/tʰˈu/ - /tʰvˈɛːi̯/
[4/4] tʰ-tʰ / ∅-v / ˈu-ˈɛːi̯

-------------------

/tʰˈuθ/ - /tʰˈɔnː/
[2/2] tʰ-tʰ / ˈu-ˈɔ / θ-nː

-------------------

/tʰˈɛn/ - /tʰˈʊʤ̊ːʊ/
[3/3] tʰ-tʰ / ˈɛ-ˈʊ / n-ʤ̊ː / #>-ʊ_#>

-------------------

/tʰˈʌŋ/ - /tʰˈʊŋɡ̊a/
[2/4] tʰ-tʰ / ˈʌ-ˈʊ / ŋ-ŋ / ∅-ɡ̊ / ∅-a
[2/4] tʰ-tʰ / ˈʌ-ˈʊ / ŋ-ŋ / ∅-ɡ̊ / #>-a_#>

-------------------

/wˈaɪ̯n/ - /vˈʊ̯iːn/
[3/3] w-v / ˈaɪ̯-ˈʊ̯iː / n-n

-------------------

/wˈaɪ̯ɫd/ - /vˈɪtl̥ʊɹ/
[3/5] w-v / ˈaɪ̯-ˈɪ / ɫ-t_l̥ / d-∅ / ∅-ʊ / ∅-ɹ
[1/5] w-v / ˈaɪ̯-ˈɪ / ∅-t / ɫ-l̥ / d-∅ / ∅-ʊ / ∅-ɹ
[1/5] w-v / ˈaɪ̯-ˈɪ / ɫ-t_l̥ / d-∅ / ∅-ʊ / #>-ɹ_#>

-------------------

/wˈeɪ̯/ - /vˈeːvʊɹ/
[3/3] w-v / ˈeɪ̯-ˈeː / ∅-v / ∅-ʊ / ∅-ɹ

-------------------

/wˈeɪ̯ɫ/ - /kʰvˈɛːa̯lʊɹ/
[2/4] w-kʰ_v / ˈeɪ̯-ˈɛːa̯ / ɫ-l / ∅-ʊ / ∅-ɹ
[1/4] ∅-kʰ / w-v / ˈeɪ̯-ˈɛːa̯ / ɫ-l / ∅-ʊ / ∅-ɹ
[1/4] ∅-kʰ / w-v / ˈeɪ̯-ˈɛːa̯ / ɫ-l / ∅-ʊ / #>-ɹ_#>

-------------------

/wˈi/ - /vˈɛːa̯ɹ/
[2/3] w-v / ˈi-ˈɛːa̯ / ∅-ɹ
[1/3] w-v / ˈi-ˈɛːa̯ / #>-ɹ_#>

-------------------

/wˈik/ - /vˈai̯kʊɹ/
[3/5] w-v / ˈi-ˈai̯ / k-k / ∅-ʊ / ∅-ɹ
[1/5] ∅-v / w-ˈai̯ / ˈi-∅ / k-k / ∅-ʊ / ∅-ɹ
[1/5] w-v / ˈi-ˈai̯ / k-k / ∅-ʊ / #>-ɹ_#>

-------------------

/wˈik/ - /vˈiːka/
[2/4] w-v / ˈi-ˈiː / k-k / ∅-a
[2/4] w-v / ˈi-ˈiː / k-k / #>-a_#>

-------------------

/wˈiɫ/ - /kʰvˈɛːa̯l/
[2/3] ∅-kʰ / w-v / ˈi-ˈɛːa̯ / ɫ-l
[1/3] w-kʰ_v / ˈi-ˈɛːa̯ / ɫ-l

-------------------

/wˈiɫ/ - /ʧʰˈɔːu̯l/
[2/2] w-ʧʰ / ˈi-ˈɔːu̯ / ɫ-l

-------------------

/wˈɑɾɚ/ - /vˈaʰtn̥/
[4/4] w-v / ˈɑ-ˈa / ɾ-ʰt / ɚ-n̥

-------------------

/wˈɔɹm/ - /vˈaɹmʊɹ/
[3/4] w-v / ˈɔ-ˈa / ɹ-ɹ / m-m / ∅-ʊ / ∅-ɹ
[1/4] w-v / ˈɔ-ˈa / ɹ-ɹ / m-m / ∅-ʊ / #>-ɹ_#>

-------------------

/wˈɛpən/ - /vˈɔʰpn̩/
[4/4] w-v / ˈɛ-ˈɔ / p-ʰp / ə-∅ / n-n

-------------------

/wˈɛðɚ/ - /vˈeːvʊɹ/
[1/2] w-v / ˈɛ-ˈeː / ð-v / ɚ-ʊ / ∅-ɹ
[1/2] w-v / ˈɛ-ˈeː / ð-v / ɚ-ʊ / #>-ɹ_#>

-------------------

/wˈɝd/ - /ˈoːɹ/
[2/4] w-∅ / ˈɝ-ˈoː / d-∅ / ∅-ɹ
[1/4] w-ˈoː / ˈɝ-ɹ / d_#>-#>
[1/4] w-ˈoː / ˈɝ-ɹ / d-∅

-------------------

/wˈɝm/ - /ˈɔɹmʊɹ/
[3/5] w-∅ / ˈɝ-ˈɔ / ∅-ɹ / m-m / ∅-ʊ / ∅-ɹ
[1/5] w-∅ / ˈɝ-ˈɔ / ∅-ɹ / m-m / ∅-ʊ / #>-ɹ_#>
[1/5] w-ˈɔ / ˈɝ-ɹ / m-m / ∅-ʊ / ∅-ɹ

-------------------

/wˈɪnd/ - /vˈɪnd̥ʊɹ/
[4/5] w-v / ˈɪ-ˈɪ / n-n / d-d̥ / ∅-ʊ / ∅-ɹ
[1/5] w-v / ˈɪ-ˈɪ / n-n / d-d̥ / ∅-ʊ / #>-ɹ_#>

-------------------

/wˈɪntɚ/ - /vˈeːʰtʊr/
[2/5] w-v / ˈɪ-ˈeː / n-∅ / t-ʰt / ∅-ʊ / ɚ-r
[2/5] w-v / ˈɪ-ˈeː / n-∅ / t-ʰt / ɚ-ʊ / #>-r_#>
[1/5] w-v / ˈɪ-ˈeː / n-∅ / t-ʰt / ɚ-ʊ / ∅-r

-------------------

/wˈɪʃ/ - /ˈɪnʃa/
[3/5] w-∅ / ˈɪ-ˈɪ / ∅-n / ʃ-ʃ / ∅-a
[2/5] w-∅ / ˈɪ-ˈɪ / ∅-n / ʃ-ʃ / #>-a_#>

-------------------

/wˈɪʔ/ - /vˈiːta/
[1/2] w-v / ˈɪ-ˈiː / ʔ-t / ∅-a
[1/2] w-v / ˈɪ-ˈiː / ʔ-t / #>-a_#>

-------------------

/wˈʊɫ/ - /ˈʊtl̥/
[1/2] w-∅ / ˈʊ-ˈʊ / ∅-t / ɫ-l̥
[1/2] w-∅ / ˈʊ-ˈʊ / ɫ-t_l̥

-------------------

/wˈʊɫf/ - /ˈʏlvʊɹ/
[4/5] w-∅ / ˈʊ-ˈʏ / ɫ-l / f-v / ∅-ʊ / ∅-ɹ
[1/5] w-∅ / ˈʊ-ˈʏ / ɫ-l / f-v / ∅-ʊ / #>-ɹ_#>

-------------------

/wˈʌn/ - /ˈai̯n/
[4/4] w-ˈai̯ / ˈʌ-∅ / n-n

-------------------

/wˈʌndɚ/ - /ˈʊnd̥ʊɹ/
[2/2] w-∅ / ˈʌ-ˈʊ / n-n / d-d̥ / ɚ-ʊ / ∅-ɹ

-------------------

/wˈʌɪ̯ʔ/ - /kʰvˈʊ̯iːtʊɹ/
[2/5] ∅-kʰ / w-v / ˈʌɪ̯-ˈʊ̯iː / ʔ-t / ∅-ʊ / ∅-ɹ
[2/5] w-kʰ_v / ˈʌɪ̯-ˈʊ̯iː / ʔ-t / ∅-ʊ / ∅-ɹ
[1/5] ∅-kʰ / w-v / ˈʌɪ̯-ˈʊ̯iː / ʔ-t / ∅-ʊ / #>-ɹ_#>

-------------------

/wˈʌʔ/ - /kʰvˈɛːa̯ʰt/
[3/4] ∅-kʰ / w-v / ˈʌ-ˈɛːa̯ / ʔ-ʰt
[1/4] w-kʰ_v / ˈʌ-ˈɛːa̯ / ʔ-ʰt

-------------------

/ðˈaʊ̯/ - /tʰˈʉːu̯/
[4/4] ð-tʰ / ˈaʊ̯-ˈʉːu̯

-------------------

/əlˈɛvən/ - /ˈɛtl̥ɪvʊ/
[5/5] ə-ˈɛ / ∅-t / l-l̥ / ˈɛ-ɪ / v-v / ə-ʊ / n-∅

-------------------

/ɡɹˈin/ - /ɡ̊ɹˈøːnʊɹ/
[4/5] ɡ-ɡ̊ / ɹ-ɹ / ˈi-ˈøː / n-n / ∅-ʊ / ∅-ɹ
[1/5] ɡ-ɡ̊ / ɹ-ɹ / ˈi-ˈøː / n-n / ∅-ʊ / #>-ɹ_#>

-------------------

/ɡɹˈæs/ - /ɡ̊ɹˈɛːa̯s/
[3/3] ɡ-ɡ̊ / ɹ-ɹ / ˈæ-ˈɛːa̯ / s-s

-------------------

/ɡˈoʊ̯/ - /ɡ̊ˈɛŋɡ̊a/
[2/4] ɡ-ɡ̊ / ˈoʊ̯-ˈɛ / ∅-ŋ / ∅-ɡ̊ / ∅-a
[2/4] ɡ-ɡ̊ / ˈoʊ̯-ˈɛ / ∅-ŋ / ∅-ɡ̊ / #>-a_#>

-------------------

/ɡˈoʊ̯ɫd/ - /ɡ̊ˈʊtl̥/
[2/3] ɡ-ɡ̊ / ˈoʊ̯-ˈʊ / ɫ-t_l̥ / d-∅
[1/3] ɡ-ɡ̊ / ˈoʊ̯-ˈʊ / ∅-t / ɫ-l̥ / d_#>-#>

-------------------

/ɡˈoʊ̯ʔ/ - /ɡ̊ˈaːi̯t/
[5/5] ɡ-ɡ̊ / ˈoʊ̯-ˈaːi̯ / ʔ-t

-------------------

/ɡˈus/ - /ɡ̊ˈɔ̯aːs/
[3/3] ɡ-ɡ̊ / ˈu-ˈɔ̯aː / s-s

-------------------

/ɡˈɑd/ - /ɡ̊ˈuːt/
[5/5] ɡ-ɡ̊ / ˈɑ-ˈuː / d-t

-------------------

/ɡˈʊd/ - /ɡ̊ˈɔːu̯wʊɹ/
[2/3] ɡ-ɡ̊ / ˈʊ-ˈɔːu̯ / d-∅ / ∅-w / ∅-ʊ / ∅-ɹ
[1/3] ɡ-ɡ̊ / ˈʊ-ˈɔːu̯ / d-∅ / ∅-w / ∅-ʊ / #>-ɹ_#>

-------------------

/ɹˈeɪ̯n/ - /ɹˈɛɡ̊n̥/
[3/3] ɹ-ɹ / ˈeɪ̯-ˈɛ / ∅-ɡ̊ / n-n̥

-------------------

/ɹˈik/ - /ɹˈɔːi̯kʊɹ/
[4/5] ɹ-ɹ / ˈi-ˈɔːi̯ / k-k / ∅-ʊ / ∅-ɹ
[1/5] ɹ-ɹ / ˈi-ˈɔːi̯ / k-k / ∅-ʊ / #>-ɹ_#>

-------------------

/ɹˈut/ - /ɹˈɔːu̯t/
[3/3] ɹ-ɹ / ˈu-ˈɔːu̯ / t-t

-------------------

/ɹˈɪŋ/ - /ɹˈɪŋɡ̊ʊɹ/
[3/4] ɹ-ɹ / ˈɪ-ˈɪ / ŋ-ŋ / ∅-ɡ̊ / ∅-ʊ / ∅-ɹ
[1/4] ɹ-ɹ / ˈɪ-ˈɪ / ŋ-ŋ / ∅-ɡ̊ / ∅-ʊ / #>-ɹ_#>

-------------------

/ɹˈɪʤ/ - /ɹˈɪɡ̊ːʊɹ/
[4/5] ɹ-ɹ / ˈɪ-ˈɪ / ʤ-ɡ̊ː / ∅-ʊ / ∅-ɹ
[1/5] ɹ-ɹ / ˈɪ-ˈɪ / ʤ-ɡ̊ː / ∅-ʊ / #>-ɹ_#>

-------------------

/ɹˈɪʧ/ - /ɹˈʊ̯iːkʊɹ/
[4/5] ɹ-ɹ / ˈɪ-ˈʊ̯iː / ʧ-k / ∅-ʊ / ∅-ɹ
[1/5] ɹ-ɹ / ˈɪ-ˈʊ̯iː / ʧ-k / ∅-ʊ / #>-ɹ_#>

-------------------

/ɹˈʌɪ̯ʔ/ - /ɹˈɛːa̯ʰtːʊɹ/
[3/3] ɹ-ɹ / ˈʌɪ̯-ˈɛːa̯ / ʔ-ʰtː / ∅-ʊ / ∅-ɹ

-------------------

/ʃˈip/ - /fˈɔ̯aːɹ/
[3/3] ʃ-f / ˈi-ˈɔ̯aː / p-ɹ

-------------------

/ʃˈiɫ̩d/ - /ʃˈœld̥ʊɹ/
[4/5] ʃ-ʃ / ˈi-ˈœ / ɫ-l / d-d̥ / ∅-ʊ / ∅-ɹ
[1/5] ʃ-ʃ / ˈi-ˈœ / ɫ-l / d-d̥ / ∅-ʊ / #>-ɹ_#>

-------------------

/ʃˈuʔ/ - /ʃˈɔːu̯ta/
[3/5] ʃ-ʃ / ˈu-ˈɔːu̯ / ʔ-t / ∅-a
[2/5] ʃ-ʃ / ˈu-ˈɔːu̯ / ʔ-t / #>-a_#>

-------------------

/ʃˈɑɹp/ - /skˈaɹpʊɹ/
[3/3] ʃ-s / ∅-k / ˈɑ-ˈa / ɹ-ɹ / p-p / ∅-ʊ / ∅-ɹ

-------------------

/ʃˈɪp/ - /ʃˈiːp/
[3/3] ʃ-ʃ / ˈɪ-ˈiː / p-p

-------------------

/ʃˈɪʔ/ - /ʃˈʊ̯iːtʊɹ/
[3/3] ʃ-ʃ / ˈɪ-ˈʊ̯iː / ʔ-t / ∅-ʊ / ∅-ɹ

-------------------

/ʧˈɝʧ/ - /ʧʰˈɪɹʧa/
[3/4] ʧ-ʧʰ / ˈɝ-ˈɪ / ∅-ɹ / ʧ-ʧ / ∅-a
[1/4] ʧ-ʧʰ / ˈɝ-ˈɪ / ∅-ɹ / ʧ-ʧ / #>-a_#>

-------------------

/ʧˈɪkɪn/ - /ʧʰˈʏʰklɪŋɡ̊ʊɹ/
[4/5] ʧ-ʧʰ / ˈɪ-ˈʏ / k-ʰk / ∅-l / ɪ-ɪ / n-ŋ / ∅-ɡ̊ / ∅-ʊ / ∅-ɹ
[1/5] ʧ-ʧʰ / ˈɪ-ˈʏ / k-ʰk / ∅-l / ɪ-ɪ / n-ŋ / ∅-ɡ̊ / ∅-ʊ / #>-ɹ_#>

-------------------

/ˈaɪ̯/ - /ˈeː/
[4/4] ˈaɪ̯-ˈeː

-------------------

/ˈaʊ̯l̩/ - /ˈʊɡ̊la/
[2/3] ˈaʊ̯-ˈʊ / ∅-ɡ̊ / l-l / ∅-a
[1/3] ˈaʊ̯-ˈʊ / ∅-ɡ̊ / l-l / #>-a_#>

-------------------

/ˈaʊ̯ʔ/ - /ˈʉːu̯t/
[4/4] ˈaʊ̯-ˈʉːu̯ / ʔ-t

-------------------

/ˈeɪ̯p/ - /ˈɛːa̯ʰpa/
[2/4] ˈeɪ̯-ˈɛːa̯ / p-ʰp / ∅-a
[2/4] ˈeɪ̯-ˈɛːa̯ / p-ʰp / #>-a_#>

-------------------

/ˈeɪ̯ʔ/ - /ˈɔʰtːa/
[2/3] ˈeɪ̯-ˈɔ / ʔ-ʰtː / ∅-a
[1/3] ˈeɪ̯-ˈɔ / ʔ-ʰtː / #>-a_#>

-------------------

/ˈiɚ/ - /ˈɔːi̯ɹa/
[2/4] ˈi-ˈɔːi̯ / ɚ-ɹ / ∅-a
[2/4] ˈi-ˈɔːi̯ / ɚ-ɹ / #>-a_#>

-------------------

/ˈiɫ/ - /ˈɔ̯aːtl̥ʊɹ/
[3/5] ˈi-ˈɔ̯aː / ɫ-t_l̥ / ∅-ʊ / ∅-ɹ
[1/5] ˈi-ˈɔ̯aː / ∅-t / ɫ-l̥ / ∅-ʊ / ∅-ɹ
[1/5] ˈi-ˈɔ̯aː / ɫ-t_l̥ / ∅-ʊ / #>-ɹ_#>

-------------------

/ˈiʔ/ - /ˈeːʰta/
[2/4] ˈi-ˈeː / ʔ-ʰt / ∅-a
[2/4] ˈi-ˈeː / ʔ-ʰt / #>-a_#>

-------------------

/ˈoʊ̯k/ - /ˈai̯k/
[5/5] ˈoʊ̯-ˈai̯ / k-k

-------------------

/ˈoʊ̯vɚ/ - /ˈiːvɪɹ/
[4/4] ˈoʊ̯-ˈiː / v-v / ɚ-ɪ / ∅-ɹ

-------------------

/ˈæpɫ̩/ - /ˈeːʰplɪ/
[2/4] ˈæ-ˈeː / p-ʰp / ɫ-l / ∅-ɪ
[2/4] ˈæ-ˈeː / p-ʰp / ɫ-l / #>-ɪ_#>

-------------------

/ˈæʃ/ - /ˈœska/
[3/4] ˈæ-ˈœ / ʃ-s / ∅-k / ∅-a
[1/4] ˈæ-ˈœ / ʃ-s / ∅-k / #>-a_#>

-------------------

/ˈɑɫ/ - /ˈatl̥ʊɹ/
[3/4] ˈɑ-ˈa / ɫ-t_l̥ / ∅-ʊ / ∅-ɹ
[1/4] ˈɑ-ˈa / ∅-t / ɫ-l̥ / ∅-ʊ / ∅-ɹ

-------------------

/ˈɑɹm/ - /ˈaɹmʊɹ/
[3/4] ˈɑ-ˈa / ɹ-ɹ / m-m / ∅-ʊ / ∅-ɹ
[1/4] ˈɑ-ˈa / ɹ-ɹ / m-m / ∅-ʊ / #>-ɹ_#>

-------------------

/ˈɛɡ/ - /ˈɛɡ̊ː/
[3/3] ˈɛ-ˈɛ / ɡ-ɡ̊ː

-------------------

/ˈɛʤ/ - /ˈɛɡ̊ː/
[3/3] ˈɛ-ˈɛ / ʤ-ɡ̊ː

-------------------

/ˈʌndɚ/ - /ˈʊnd̥ɪɹ/
[4/4] ˈʌ-ˈʊ / n-n / d-d̥ / ɚ-ɪ / ∅-ɹ

-------------------

/ˈʌp/ - /ˈʊʰpː/
[4/4] ˈʌ-ˈʊ / p-ʰpː

-------------------

/ˈʌs/ - /ˈɔsː/
[3/3] ˈʌ-ˈɔ / s-sː

-------------------

/ˈʌvn̩/ - /ˈɔfn̥/
[4/4] ˈʌ-ˈɔ / v-f / n-n̥

-------------------

/ˈʌðɚ/ - /ˈanːaɹ/
[2/4] ˈʌ-ˈa / ð-nː / ∅-a / ɚ-ɹ
[2/4] ˈʌ-ˈa / ð-nː / ɚ-a_ɹ

-------------------

/ˈʌɪ̯s/ - /ˈʊ̯iːsʊɹ/
[4/4] ˈʌɪ̯-ˈʊ̯iː / s-s / ∅-ʊ / ∅-ɹ

-------------------

/θɹˈi/ - /tʰɹˈʊ̯iː/
[2/2] θ-tʰ / ɹ-ɹ / ˈi-ˈʊ̯iː

-------------------

/θɹˈʌʧ/ - /tʰɹˈɪʰʧːa/
[2/4] θ-tʰ / ɹ-ɹ / ˈʌ-ˈɪ / ʧ-ʰʧː / ∅-a
[2/4] θ-tʰ / ɹ-ɹ / ˈʌ-ˈɪ / ʧ-ʰʧː / #>-a_#>

-------------------

/θˈaʊ̯zn̩d/ - /tʰˈʉːu̯sɪn/
[3/4] θ-tʰ / ˈaʊ̯-ˈʉːu̯ / z-s / ∅-ɪ / n-n / d-∅
[1/4] θ-tʰ / ˈaʊ̯-ˈʉːu̯ / z-s / ∅-ɪ / n-n / d_#>-#>

-------------------

/θˈeɪ̯ŋk/ - /tʰˈaʰkːa/
[2/4] θ-tʰ / ˈeɪ̯-ˈa / ŋ_k-ʰkː / #>-a_#>
[2/4] θ-tʰ / ˈeɪ̯-ˈa / ŋ-∅ / k-ʰkː / ∅-a

-------------------

/θˈif/ - /ʧʰˈɔːu̯vʊɹ/
[4/5] θ-ʧʰ / ˈi-ˈɔːu̯ / f-v / ∅-ʊ / ∅-ɹ
[1/5] θ-ʧʰ / ˈi-ˈɔːu̯ / f-v / ∅-ʊ / #>-ɹ_#>

-------------------

/θˈɝst/ - /tʰˈɔstɪ/
[3/4] θ-tʰ / ˈɝ-ˈɔ / s-s / t-t / ∅-ɪ
[1/4] θ-tʰ / ˈɝ-ˈɔ / s-s / t-t / #>-ɪ_#>

-------------------

/θˈɝtːin/ - /tʰɹˈɛʰtːan/
[3/3] θ-tʰ / ∅-ɹ / ˈɝ-ˈɛ / tː-ʰtː / i-a / n-n

-------------------

/θˈɪk/ - /ʧʰˈʏʰkːʊɹ/
[4/4] θ-ʧʰ / ˈɪ-ˈʏ / k-ʰkː / ∅-ʊ / ∅-ɹ

-------------------

/θˈɪn/ - /tʰˈʊnːʊɹ/
[4/5] θ-tʰ / ˈɪ-ˈʊ / n-nː / ∅-ʊ / ∅-ɹ
[1/5] θ-tʰ / ˈɪ-ˈʊ / n-nː / ∅-ʊ / #>-ɹ_#>

-------------------

/θˈɪŋ/ - /tʰˈɪŋ/
[5/5] θ-tʰ / ˈɪ-ˈɪ / ŋ-ŋ

-------------------

/θˈʌm/ - /tʰˈʊmːɪ/
[2/4] θ-tʰ / ˈʌ-ˈʊ / m-mː / ∅-ɪ
[2/4] θ-tʰ / ˈʌ-ˈʊ / m-mː / #>-ɪ_#>

-------------------

