/blˈaʊ̯d/ - /blˈuə̯t/
b-b / l-l / ˈaʊ̯-ˈuə̯ / d-t

-------------------

/blˈaʊ̯mə/ - /blˈoːm/
b-b / l-l / ˈaʊ̯-ˈoː / m-m / ə-∅

-------------------

/blˈɛə̯t/ - /blˈɛːt/
b-b / l-l / ˈɛə̯-ˈɛː / t-t

-------------------

/brˈaʊ̯ɐ/ - /brˈuə̯r/
b-b / r-r / ˈaʊ̯-ˈuə̯ / ɐ-r

-------------------

/brˈeo̯t/ - /brˈɪə̯/
b-b / r-r / ˈeo̯-ˈɪə̯ / t-∅

-------------------

/brˈʏɣə/ - /brˈɛːɣə/
b-b / r-r / ˈʏ-ˈɛː / ɣ-ɣ / ə-ə

-------------------

/bˈaɐx/ - /bˈɛrχ/
b-b / ˈa-ˈɛ / ɐ-r / x-χ

-------------------

/bˈaʊ̯k/ - /bˈuə̯k/
b-b / ˈaʊ̯-ˈuə̯ / k-k

-------------------

/bˈaːd/ - /bˈat/
b-b / ˈaː-ˈa / d-t

-------------------

/bˈeo̯m/ - /bˈɪə̯m/
b-b / ˈeo̯-ˈɪə̯ / m-m

-------------------

/bˈeo̯t/ - /bˈoə̯t/
b-b / ˈeo̯-ˈoə̯ / t-t

-------------------

/bˈeːtɐ/ - /bˈɛtər/
b-b / ˈeː-ˈɛ / t-t / ∅-ə / ɐ-r

-------------------

/bˈiːtn̩/ - /bˈiːtə/
b-b / ˈiː-ˈiː / t-t / n-ə

-------------------

/bˈɔst/ - /bˈoə̯st/
b-b / ˈɔ-ˈoə̯ / s-s / t-t

-------------------

/bˈɛɪ̯n/ - /bˈiə̯n/
b-b / ˈɛɪ̯-ˈiə̯ / n-n

-------------------

/bˈɛɪ̯n̩/ - /bˈiə̯də/
b-b / ˈɛɪ̯-ˈiə̯ / ∅-d / n-ə

-------------------

/bˈɛːɐ/ - /bˈɪə̯r/
b-b / ˈɛː-ˈɪə̯ / ɐ-r

-------------------

/bˈɪdn̩/ - /bˈɪdə/
b-b / ˈɪ-ˈɪ / d-d / n-ə

-------------------

/drˈeo̯m/ - /drˈɪə̯m/
d-d / r-r / ˈeo̯-ˈɪə̯ / m-m

-------------------

/drˈiːvn̩/ - /drjˈuːvə/
d-d / r-r / ˈiː-j / ∅-ˈuː / v-v / n-ə

-------------------

/drˈøːɣə/ - /drˈuːχ/
d-d / r-r / ˈøː-ˈuː / ɣ-χ / ə-∅

-------------------

/drˈɛɪ̯/ - /trˈɛjə/
d-t / r-r / ∅-ˈɛ / ˈɛɪ̯-j / ∅-ə
d-t / r-r_ˈɛ / ˈɛɪ̯-j / ∅-ə

-------------------

/drˈɪŋkn̩/ - /drˈɪŋkə/
d-d / r-r / ˈɪ-ˈɪ / ŋ-ŋ / k-k / n-ə

-------------------

/dˈax/ - /dˈɛi̯/
d-d / ˈa-ˈɛi̯ / x-∅

-------------------

/dˈaŋkn̩/ - /tˈankjə/
d-t / ˈa-ˈa / ŋ-n / k-k / ∅-j / n-ə

-------------------

/dˈeo̯d/ - /dˈɪə̯/
d-d / ˈeo̯-ˈɪə̯ / d-∅

-------------------

/dˈoːɐn/ - /tˈoə̯n/
d-t / ˈoː-ˈoə̯ / ɐ-∅ / n-n

-------------------

/dˈuː/ - /dˈoː/
d-d / ˈuː-ˈoː

-------------------

/dˈuːzn̩d/ - /tˈuːzən/
d-t / ˈuː-ˈuː / z-z / ∅-ə / n-n / d-∅
d-t / ˈuː-ˈuː / z-z / ∅-ə / n_d-n

-------------------

/dˈyːɐ/ - /djˈuə̯r/
d-d / ˈyː-j / ∅-ˈuə̯ / ɐ-r
d-d / ˈyː-j_ˈuə̯ / ɐ-r

-------------------

/dˈɔxtɐ/ - /dˈɔχtər/
d-d / ˈɔ-ˈɔ / x-χ / t-t / ∅-ə / ɐ-r

-------------------

/dˈɛɪ̯f/ - /ʦjˈɪə̯f/
d-ʦ / ˈɛɪ̯-j / ∅-ˈɪə̯ / f-f

-------------------

/dˈɛɪ̯p/ - /djˈɪp/
d-d / ˈɛɪ̯-j / ∅-ˈɪ / p-p

-------------------

/dˈɛɪ̯ɐt/ - /dˈiə̯r/
d-d / ˈɛɪ̯-ˈiə̯ / ɐ-r / t-∅

-------------------

/dˈɪk/ - /ʦjˈɔk/
d-ʦ / ˈɪ-j_ˈɔ / k-k
d-ʦ / ∅-j / ˈɪ-ˈɔ / k-k

-------------------

/dˈɪŋ/ - /dˈɪŋ/
d-d / ˈɪ-ˈɪ / ŋ-ŋ

-------------------

/dˈʊnɐ/ - /tˈɔŋər/
d-t / ˈʊ-ˈɔ / ∅-ŋ / n-ə / ɐ-r

-------------------

/dˈʏnə/ - /tˈɪn/
d-t / ˈʏ-ˈɪ / n-n / ə-∅

-------------------

/dˈʏtʃ/ - /dˈyːtsk/
d-d / ˈʏ-ˈyː / t-t / ʃ-s / ∅-k
d-d / ˈʏ-ˈyː / t-t / ʃ-s_k

-------------------

/flˈɛɪ̯ŋ/ - /flˈɪə̯nə/
f-f / l-l / ˈɛɪ̯-ˈɪə̯ / ŋ-n / ∅-ə

-------------------

/flˈɛɪ̯ʃ/ - /flˈɛːsk/
f-f / l-l / ˈɛɪ̯-ˈɛː / ʃ-s / ∅-k
f-f / l-l / ˈɛɪ̯-ˈɛː / ʃ-s_k

-------------------

/frˈiː/ - /frˈɛj/
f-f / r-r / ˈiː-ˈɛ / ∅-j
f-f / r-r / ∅-ˈɛ / ˈiː-j
f-f / r-r_ˈɛ / ˈiː-j

-------------------

/frˈɛɪ̯zn̩/ - /frˈiə̯zə/
f-f / r-r / ˈɛɪ̯-ˈiə̯ / z-z / n-ə

-------------------

/frˈɪʃ/ - /fˈask/
f-f / r-∅ / ˈɪ-ˈa / ʃ-s / ∅-k
f-f / r-∅ / ˈɪ-ˈa / ʃ-s_k

-------------------

/frˈʏnd/ - /frˈøə̯n/
f-f / r-r / ˈʏ-ˈøə̯ / n-n / d-∅
f-f / r-r / ˈʏ-ˈøə̯ / n_d-n

-------------------

/fˈaʊ̯t/ - /fˈuə̯t/
f-f / ˈaʊ̯-ˈuə̯ / t-t

-------------------

/fˈeːɐ/ - /fˈɪə̯r/
f-f / ˈeː-ˈɪə̯ / ɐ-r

-------------------

/fˈiːf/ - /fˈiːf/
f-f / ˈiː-ˈiː / f-f

-------------------

/fˈuːɣl̩/ - /fˈuɣəl/
f-f / ˈuː-ˈu / ɣ-ɣ / ∅-ə / l-l

-------------------

/fˈyːɐ/ - /fjˈuə̯r/
f-f / ˈyː-j / ∅-ˈuə̯ / ɐ-r
f-f / ˈyː-j_ˈuə̯ / ɐ-r

-------------------

/fˈɒːdɐ/ - /fˈaːdər/
f-f / ˈɒː-ˈaː / d-d / ∅-ə / ɐ-r

-------------------

/fˈɔlɡn̩/ - /fˈɔlɣjə/
f-f / ˈɔ-ˈɔ / l-l / ɡ-ɣ / ∅-j / n-ə

-------------------

/fˈɔs/ - /fˈɔks/
f-f / ˈɔ-ˈɔ / ∅-k / s-s

-------------------

/fˈɔʏ̯ln̩/ - /fˈiə̯lə/
f-f / ˈɔʏ̯-ˈiə̯ / l-l / n-ə

-------------------

/fˈɔʏ̯tə/ - /fˈɵtən/
f-f / ˈɔʏ̯-ˈɵ / t-t / ə-ə / ∅-n

-------------------

/fˈɛɪ̯ɐ/ - /fjˈɔu̯ər/
f-f / ∅-j / ˈɛɪ̯-ˈɔu̯ / ∅-ə / ɐ-r

-------------------

/fˈɪŋɐ/ - /fˈɪŋər/
f-f / ˈɪ-ˈɪ / ŋ-ŋ / ∅-ə / ɐ-r

-------------------

/fˈɪʃ/ - /fˈɪsk/
f-f / ˈɪ-ˈɪ / ʃ-s / ∅-k
f-f / ˈɪ-ˈɪ / ʃ-s_k

-------------------

/fˈʊl/ - /fˈɔl/
f-f / ˈʊ-ˈɔ / l-l

-------------------

/hˈand/ - /hˈɔːn/
h-h / ˈa-ˈɔː / n-n / d-∅
h-h / ˈa-ˈɔː / n_d-n

-------------------

/hˈaɐtə/ - /hˈɛːt/
h-h / ˈa-ˈɛː / ɐ-∅ / t-t / ə-∅
h-h / ˈa-ˈɛː / ɐ_t-t / ə-∅

-------------------

/hˈeo̯x/ - /hˈeːχ/
h-h / ˈeo̯-ˈeː / x-χ

-------------------

/hˈiːɐ/ - /hjˈɪr/
h-h / ˈiː-j / ɐ-ˈɪ_r
h-h / ˈiː-j / ∅-ˈɪ / ɐ-r

-------------------

/hˈuːs/ - /hˈuːs/
h-h / ˈuː-ˈuː / s-s

-------------------

/hˈuːt/ - /hˈuːt/
h-h / ˈuː-ˈuː / t-t

-------------------

/hˈɒːzə/ - /hˈazə/
h-h / ˈɒː-ˈa / z-z / ə-ə

-------------------

/hˈɒːɐ/ - /hˈiə̯r/
h-h / ˈɒː-ˈiə̯ / ɐ-r

-------------------

/hˈɔnɪç/ - /hˈynəχ/
h-h / ˈɔ-ˈy / n-n / ɪ-ə / ç-χ

-------------------

/hˈɔnɪç/ - /hˈynɪŋ/
h-h / ˈɔ-ˈy / n-n / ɪ-ɪ / ç-ŋ

-------------------

/hˈɔʏ̯ɐn/ - /hˈɪə̯rə/
h-h / ˈɔʏ̯-ˈɪə̯ / ɐ-r / n-ə

-------------------

/hˈɛbn̩/ - /hˈavə/
h-h / ˈɛ-ˈa / b-v / n-ə

-------------------

/hˈɛn/ - /hˈɪn/
h-h / ˈɛ-ˈɪ / n-n

-------------------

/hˈɛɪ̯t/ - /hˈit/
h-h / ˈɛɪ̯-ˈi / t-t

-------------------

/hˈɪlɪç/ - /hˈɪləχ/
h-h / ˈɪ-ˈɪ / l-l / ɪ-ə / ç-χ

-------------------

/hˈʊnd/ - /hˈuːn/
h-h / ˈʊ-ˈuː / n-n / d-∅
h-h / ˈʊ-ˈuː / n_d-n

-------------------

/hˈʊŋɐ/ - /hˈɔŋər/
h-h / ˈʊ-ˈɔ / ŋ-ŋ / ∅-ə / ɐ-r

-------------------

/jrˈɔʏ̯n/ - /ɡrˈiə̯n/
j-ɡ / r-r / ˈɔʏ̯-ˈiə̯ / n-n

-------------------

/jˈaːɐ/ - /jˈiə̯r/
j-j / ˈaː-ˈiə̯ / ɐ-r

-------------------

/jˈeːm/ - /jˈaːn/
j-j / ˈeː-ˈaː / m-n

-------------------

/jˈɛl/ - /ɡˈiə̯l/
j-ɡ / ˈɛ-ˈiə̯ / l-l

-------------------

/jˈʊŋ/ - /jˈɔŋ/
j-j / ˈʊ-ˈɔ / ŋ-ŋ

-------------------

/knˈɛɪ̯/ - /knˈɪbəl/
k-k / n-n / ˈɛɪ̯-ˈɪ / ∅-b / ∅-ə / ∅-l

-------------------

/kˈalf/ - /kˈɪə̯l/
k-k / ˈa-ˈɪə̯ / l-l / f-∅

-------------------

/kˈaʊ̯/ - /kˈoː/
k-k / ˈaʊ̯-ˈoː

-------------------

/kˈœn̩/ - /kˈɪnə/
k-k / ˈœ-ˈɪ / n-n / ∅-ə

-------------------

/kˈɔld/ - /kˈɔːt/
k-k / ˈɔ-ˈɔː / l-∅ / d-t
k-k / ˈɔ-ˈɔː / l_d-t

-------------------

/kˈɔp/ - /hˈaːt/
k-h / ˈɔ-ˈaː / p-t

-------------------

/kˈɛɪ̯zə/ - /ʦˈiːs/
k-ʦ / ˈɛɪ̯-ˈiː / z-s / ə-∅

-------------------

/kˈɛːɐkə/ - /ʦjˈɛrkə/
k-ʦ / ∅-j / ˈɛː-ˈɛ / ɐ-r / k-k / ə-ə

-------------------

/lˈam/ - /lˈaːm/
l-l / ˈa-ˈaː / m-m

-------------------

/lˈand/ - /lˈɔːn/
l-l / ˈa-ˈɔː / n-n / d-∅
l-l / ˈa-ˈɔː / n_d-n

-------------------

/lˈaŋ/ - /lˈaŋ/
l-l / ˈa-ˈa / ŋ-ŋ

-------------------

/lˈoːbm̩/ - /ljˈɛpə/
l-l / ˈoː-j / ∅-ˈɛ / b-p / m-∅ / ∅-ə
l-l / ∅-j / ˈoː-ˈɛ / b-p / m-∅ / ∅-ə

-------------------

/lˈɪç/ - /ljˈɔχt/
l-l / ˈɪ-j_ˈɔ / ç-χ / ∅-t
l-l / ∅-j / ˈɪ-ˈɔ / ç-χ / ∅-t

-------------------

/lˈɪçtə/ - /lˈɪχt/
l-l / ˈɪ-ˈɪ / ç-χ / t-t / ə-∅

-------------------

/mˈan/ - /mˈan/
m-m / ˈa-ˈa / n-n

-------------------

/mˈaxt/ - /mˈaχt/
m-m / ˈa-ˈa / x-χ / t-t

-------------------

/mˈiː/ - /mˈi/
m-m / ˈiː-ˈi

-------------------

/mˈuːl/ - /mˈuːlə/
m-m / ˈuː-ˈuː / l-l / ∅-ə

-------------------

/mˈuːl/ - /mˈuːn/
m-m / ˈuː-ˈuː / l-n

-------------------

/mˈuːs/ - /mˈuːs/
m-m / ˈuː-ˈuː / s-s

-------------------

/mˈɒːn/ - /mˈoə̯nə/
m-m / ˈɒː-ˈoə̯ / n-n / ∅-ə

-------------------

/mˈɛlk/ - /mˈɔlkə/
m-m / ˈɛ-ˈɔ / l-l / k-k / ∅-ə

-------------------

/mˈɪnʃə/ - /mˈɪnskə/
m-m / ˈɪ-ˈɪ / n-n / ʃ-s / ∅-k / ə-ə
m-m / ˈɪ-ˈɪ / n-n / ʃ-s_k / ə-ə

-------------------

/mˈʊdɐ/ - /mˈuə̯r/
m-m / ˈʊ-ˈuə̯ / d-∅ / ɐ-r

-------------------

/mˈʊnd/ - /mˈuːlə/
m-m / ˈʊ-ˈuː / ∅-l / n-ə / d-∅

-------------------

/mˈʊnd/ - /mˈuːn/
m-m / ˈʊ-ˈuː / n-n / d-∅
m-m / ˈʊ-ˈuː / n_d-n

-------------------

/nˈax/ - /nˈaχt/
n-n / ˈa-ˈa / x-χ / ∅-t

-------------------

/nˈeːɣn̩/ - /njˈɔɣən/
n-n / ˈeː-j / ∅-ˈɔ / ɣ-ɣ / ∅-ə / n-n

-------------------

/nˈiː/ - /nˈɛj/
n-n / ˈiː-ˈɛ / ∅-j
n-n / ˈiː-ˈɛ_j

-------------------

/nˈɒːkət/ - /nˈɪə̯kən/
n-n / ˈɒː-ˈɪə̯ / k-k / ə-ə / t-n

-------------------

/nˈɒːmə/ - /nˈamə/
n-n / ˈɒː-ˈa / m-m / ə-ə

-------------------

/nˈɛːjl̩/ - /nˈɛi̯l/
n-n / ˈɛː-ˈɛi̯ / j-∅ / l-l

-------------------

/nˈɛːzə/ - /nˈoə̯s/
n-n / ˈɛː-ˈoə̯ / z-s / ə-∅

-------------------

/rˈeo̯k/ - /rˈɪə̯k/
r-r / ˈeo̯-ˈɪə̯ / k-k

-------------------

/rˈeo̯t/ - /rˈɪə̯t/
r-r / ˈeo̯-ˈɪə̯ / t-t

-------------------

/rˈiːk/ - /rˈik/
r-r / ˈiː-ˈi / k-k

-------------------

/rˈɛçt/ - /rjˈɔχt/
r-r / ∅-j / ˈɛ-ˈɔ / ç-χ / t-t

-------------------

/rˈɛːn/ - /rˈɛi̯n/
r-r / ˈɛː-ˈɛi̯ / n-n

-------------------

/rˈɪŋ/ - /rˈɪŋ/
r-r / ˈɪ-ˈɪ / ŋ-ŋ

-------------------

/slˈaŋə/ - /slˈaŋ/
s-s / l-l / ˈa-ˈa / ŋ-ŋ / ə-∅

-------------------

/slˈɒːbm̩/ - /slˈiə̯pə/
s-s / l-l / ˈɒː-ˈiə̯ / b-p / m-∅ / ∅-ə

-------------------

/snˈɛɪ̯/ - /snˈiə̯/
s-s / n-n / ˈɛɪ̯-ˈiə̯

-------------------

/sprˈɒːkə/ - /sprˈaːkə/
s-s / p-p / r-r / ˈɒː-ˈaː / k-k / ə-ə

-------------------

/stˈaʊ̯l/ - /stˈuə̯l/
s-s / t-t / ˈaʊ̯-ˈuə̯ / l-l

-------------------

/stˈeːɐn/ - /stjˈɛr/
s-s / t-t / ∅-j / ˈeː-ˈɛ / ɐ-r / n-∅

-------------------

/stˈɔɐm/ - /stˈoə̯rm/
s-s / t-t / ˈɔ-ˈoə̯ / ɐ-r / m-m

-------------------

/stˈɛɪ̯n/ - /stˈiə̯n/
s-s / t-t / ˈɛɪ̯-ˈiə̯ / n-n

-------------------

/swˈaɐt/ - /svˈat/
s-s / w-v / ˈa-ˈa / ɐ-∅ / t-t
s-s / w-v / ˈa-ˈa / ɐ_t-t

-------------------

/swˈiːn/ - /svˈin/
s-s / w-v / ˈiː-ˈi / n-n

-------------------

/swˈɛstɐ/ - /sˈøstər/
s-s / w-ˈø / ˈɛ-∅ / s-s / t-t / ∅-ə / ɐ-r

-------------------

/swˈɪm/ - /svˈɪmə/
s-s / w-v / ˈɪ-ˈɪ / m-m / ∅-ə

-------------------

/trˈɒːnə/ - /trˈiə̯n/
t-t / r-r / ˈɒː-ˈiə̯ / n-n / ə-∅

-------------------

/tvˈœlf/ - /tˈɔlvə/
t-t / v-∅ / ˈœ-ˈɔ / l-l / f-v / ∅-ə

-------------------

/tvˈɛɪ̯/ - /tvˈaː/
t-t / v-v / ˈɛɪ̯-ˈaː

-------------------

/tvˈɪntɪç/ - /tvˈɛi̯ntəχ/
t-t / v-v / ˈɪ-ˈɛi̯ / n-n / t-t / ɪ-ə / ç-χ

-------------------

/tˈiːd/ - /tˈiːt/
t-t / ˈiː-ˈiː / d-t

-------------------

/tˈɛɪ̯n/ - /ʦˈiə̯n/
t-ʦ / ˈɛɪ̯-ˈiə̯ / n-n

-------------------

/tˈɛːnə/ - /tˈiːnə/
t-t / ˈɛː-ˈiː / n-n / ə-ə

-------------------

/tˈʊŋə/ - /tˈuŋə/
t-t / ˈʊ-ˈu / ŋ-ŋ / ə-ə

-------------------

/vˈat/ - /vˈat/
v-v / ˈa-ˈa / t-t

-------------------

/vˈaːɐm/ - /ʋˈaːrm/
v-ʋ / ˈaː-ˈaː / ɐ-r / m-m

-------------------

/vˈiː/ - /vˈi/
v-v / ˈiː-ˈi

-------------------

/vˈiːf/ - /ʋˈiːf/
v-ʋ / ˈiː-ˈiː / f-f

-------------------

/vˈoːɐm/ - /ʋjˈɪrm/
v-ʋ / ˈoː-j / ɐ-ˈɪ_r / m-m
v-ʋ / ˈoː-j / ∅-ˈɪ / ɐ-r / m-m

-------------------

/vˈoːɐt/ - /ˈuə̯r/
v-∅ / ˈoː-ˈuə̯ / ɐ-r / t-∅

-------------------

/vˈɒːtɐ/ - /ʋˈɛtər/
v-ʋ / ˈɒː-ˈɛ / t-t / ∅-ə / ɐ-r

-------------------

/vˈɛtn̩/ - /ʋˈɪtə/
v-ʋ / ˈɛ-ˈɪ / t-t / n-ə

-------------------

/vˈɛç/ - /ʋˈɛi̯/
v-ʋ / ˈɛ-ˈɛi̯ / ç-∅

-------------------

/vˈɛːɐ/ - /ʋˈaːr/
v-ʋ / ˈɛː-ˈaː / ɐ-r

-------------------

/vˈɪnd/ - /ʋˈin/
v-ʋ / ˈɪ-ˈi / n-n / d-∅
v-ʋ / ˈɪ-ˈi / n_d-n

-------------------

/vˈɪt/ - /vˈit/
v-v / ˈɪ-ˈi / t-t

-------------------

/vˈʊlf/ - /ʋˈɔlf/
v-ʋ / ˈʊ-ˈɔ / l-l / f-f

-------------------

/vˈʊlə/ - /ʋˈɔlə/
v-ʋ / ˈʊ-ˈɔ / l-l / ə-ə

-------------------

/vˈʏnʃn̩/ - /ʋˈɪnskjə/
v-ʋ / ˈʏ-ˈɪ / n-n / ʃ-s / ∅-k / ∅-j / n-ə
v-ʋ / ˈʏ-ˈɪ / n-n / ʃ-s_k / ∅-j / n-ə

-------------------

/zˈand/ - /sˈɔːn/
z-s / ˈa-ˈɔː / n-n / d-∅
z-s / ˈa-ˈɔː / n_d-n

-------------------

/zˈeːlə/ - /sˈiə̯l/
z-s / ˈeː-ˈiə̯ / l-l / ə-∅

-------------------

/zˈeːvn̩/ - /sˈɔːn/
z-s / ˈeː-ˈɔː / v-∅ / n-n

-------------------

/zˈiːtə/ - /sˈiːdə/
z-s / ˈiː-ˈiː / t-d / ə-ə

-------------------

/zˈoːn/ - /sˈoə̯n/
z-s / ˈoː-ˈoə̯ / n-n

-------------------

/zˈɔlt/ - /sˈɔːt/
z-s / ˈɔ-ˈɔː / l-∅ / t-t
z-s / ˈɔ_l-ˈɔː / t-t

-------------------

/zˈɔʏ̯tə/ - /svˈiə̯t/
z-s / ∅-v / ˈɔʏ̯-ˈiə̯ / t-t / ə-∅

-------------------

/zˈɛjn̩/ - /sˈɪzə/
z-s / ˈɛ-ˈɪ / j-z / n-ə

-------------------

/zˈɛɪ̯n/ - /ɕˈeːn/
z-ɕ / ˈɛɪ̯-ˈeː / n-n

-------------------

/zˈɪtn̩/ - /sˈɪtə/
z-s / ˈɪ-ˈɪ / t-t / n-ə

-------------------

/zˈɪŋ/ - /ɕˈɔŋə/
z-ɕ / ˈɪ-ˈɔ / ŋ-ŋ / ∅-ə

-------------------

/ɣrˈaːs/ - /ɡˈɛːs/
ɣ-ɡ / r-∅ / ˈaː-ˈɛː / s-s

-------------------

/ɣrˈeo̯t/ - /ɡrˈuːt/
ɣ-ɡ / r-r / ˈeo̯-ˈuː / t-t

-------------------

/ɣrˈeo̯tə/ - /ɡrˈuːt/
ɣ-ɡ / r-r / ˈeo̯-ˈuː / t-t / ə-∅

-------------------

/ɣˈas/ - /ɡˈast/
ɣ-ɡ / ˈa-ˈa / s-s / ∅-t

-------------------

/ɣˈaʊ̯s/ - /ɡˈuə̯s/
ɣ-ɡ / ˈaʊ̯-ˈuə̯ / s-s

-------------------

/ɣˈɔld/ - /ɡˈɔu̯t/
ɣ-ɡ / ˈɔ-ˈɔu̯ / l-∅ / d-t
ɣ-ɡ / ˈɔ-ˈɔu̯ / l_d-t

-------------------

/ɣˈɔt/ - /ɡˈɔt/
ɣ-ɡ / ˈɔ-ˈɔ / t-t

-------------------

/ɣˈʊt/ - /ɡˈuə̯t/
ɣ-ɡ / ˈʊ-ˈuə̯ / t-t

-------------------

/ʃˈaɐpə/ - /skˈɛrp/
ʃ-s / ∅-k / ˈa-ˈɛ / ɐ-r / p-p / ə-∅
ʃ-s_k / ˈa-ˈɛ / ɐ-r / p-p / ə-∅

-------------------

/ʃˈiːtə/ - /skˈit/
ʃ-s / ∅-k / ˈiː-ˈi / t-t / ə-∅
ʃ-s_k / ˈiː-ˈi / t-t / ə-∅

-------------------

/ʃˈøːnə/ - /skjˈɪn/
ʃ-s_k / ˈøː-j / ∅-ˈɪ / n-n / ə-∅
ʃ-s_k / ∅-j / ˈøː-ˈɪ / n-n / ə-∅

-------------------

/ʃˈɒːp/ - /skˈiə̯p/
ʃ-s / ∅-k / ˈɒː-ˈiə̯ / p-p
ʃ-s_k / ˈɒː-ˈiə̯ / p-p

-------------------

/ʃˈɪp/ - /skˈɪp/
ʃ-s / ∅-k / ˈɪ-ˈɪ / p-p
ʃ-s_k / ˈɪ-ˈɪ / p-p

-------------------

/ˈalə/ - /ˈal/
ˈa-ˈa / l-l / ə-∅

-------------------

/ˈanɐ/ - /ˈoə̯r/
ˈa-ˈoə̯ / n-∅ / ɐ-r

-------------------

/ˈapl̩/ - /ˈaːpəl/
ˈa-ˈaː / p-p / ∅-ə / l-l

-------------------

/ˈaxtə/ - /ˈaχt/
ˈa-ˈa / x-χ / t-t / ə-∅

-------------------

/ˈaɐm/ - /ˈɪə̯rm/
ˈa-ˈɪə̯ / ɐ-r / m-m

-------------------

/ˈaʃə/ - /jˈɪskə/
∅-j / ˈa-ˈɪ / ʃ-s_k / ə-ə

-------------------

/ˈeo̯ɐ/ - /ˈɪə̯r/
ˈeo̯-ˈɪə̯ / ɐ-r

-------------------

/ˈeo̯ɣə/ - /ˈɪə̯χ/
ˈeo̯-ˈɪə̯ / ɣ-χ / ə-∅

-------------------

/ˈeːrə/ - /ˈiə̯də/
ˈeː-ˈiə̯ / r-d / ə-ə

-------------------

/ˈiːs/ - /ˈiːs/
ˈiː-ˈiː / s-s

-------------------

/ˈoːm/ - /ˈuːn/
ˈoː-ˈuː / m-n

-------------------

/ˈoːvɐ/ - /ˈuə̯r/
ˈoː-ˈuə̯ / v-∅ / ɐ-r

-------------------

/ˈuːlə/ - /ˈuːlə/
ˈuː-ˈuː / l-l / ə-ə

-------------------

/ˈuːt/ - /ˈyːt/
ˈuː-ˈyː / t-t

-------------------

/ˈœlvə/ - /ˈalvə/
ˈœ-ˈa / l-l / v-v / ə-ə

-------------------

/ˈɒːl/ - /ˈiə̯l/
ˈɒː-ˈiə̯ / l-l

-------------------

/ˈɒːpə/ - /ˈaːp/
ˈɒː-ˈaː / p-p / ə-∅

-------------------

/ˈɔld/ - /ˈɔːt/
ˈɔ-ˈɔː / l-∅ / d-t
ˈɔ-ˈɔː / l_d-t

-------------------

/ˈɛk/ - /ˈɪk/
ˈɛ-ˈɪ / k-k

-------------------

/ˈɛkə/ - /ˈɪɣə/
ˈɛ-ˈɪ / k-ɣ / ə-ə

-------------------

/ˈɛɪ̯/ - /ˈaːj/
∅-ˈaː / ˈɛɪ̯-j

-------------------

/ˈɛɪ̯kə/ - /ˈiːk/
ˈɛɪ̯-ˈiː / k-k / ə-∅

-------------------

/ˈɛɪ̯nə/ - /ˈiə̯n/
ˈɛɪ̯-ˈiə̯ / n-n / ə-∅

-------------------

/ˈɛːtn̩/ - /ˈitə/
ˈɛː-ˈi / t-t / n-ə

-------------------

/ˈɪn/ - /ˈin/
ˈɪ-ˈi / n-n

-------------------

/ˈʏʃ/ - /ˈyːs/
ˈʏ-ˈyː / ʃ-s

-------------------

