/brˈada/ - /brǎːda/
b-b / r-r / a-aː / ∅-̌ / d-d / a-a
{0: [0], 1: [1], 2: [2], 3: None, 4: [3], 5: [4]}
{0: [0], 1: [1], 2: [2], 3: [3], 4: [4], 5: [5]}
SCORE: 24.653

-------------------

/brˈɛza/ - /brêza/
b-b / r-r / ɛ-e / ∅-̂ / z-z / a-a
{0: [0], 1: [1], 2: [2], 3: None, 4: [3], 5: [4]}
{0: [0], 1: [1], 2: [2], 3: [3], 4: [4], 5: [5]}
SCORE: 25.555

-------------------

/bɪ̯ˈɛli/ - /bêo/
b-b / ɪ̯ɛ-e_̂ / ∅-o / l-∅ / i_#>-#>
{0: [0], 1: [1], 2: None, 3: [2], 4: [3]}
{0: [0], 1: [1, 2], 2: [3], 3: None, 4: None}
SCORE: 2.913

-------------------

/bˈic/ - /bîti/
b-b / i-i_̂ / c-t_i
{0: [0], 1: [1], 2: [2]}
{0: [0], 1: [1, 2], 2: [3, 4]}
SCORE: 15.076

-------------------

/bˈɔbɔr/ - /dǎbar/
∅-d / b-∅ / ɔ-a / ∅-̌ / b-b / ɔ-a / r-r
{0: None, 1: [0], 2: [1], 3: None, 4: [2], 5: [3], 6: [4]}
{0: [0], 1: None, 2: [1], 3: [2], 4: [3], 5: [4], 6: [5]}
SCORE: 3.58

-------------------

/bˈɔx/ - /bôːɡ/
b-b / ɔ-oː / ∅-̂ / x_#>-ɡ_#>
{0: [0], 1: [1], 2: None, 3: [2]}
{0: [0], 1: [1], 2: [2], 3: [3]}
SCORE: 14.261

-------------------

/bˈɛz̥/ - /běz/
b-b / ɛ-e / ∅-̌ / ∅-z / z̥-∅
{0: [0], 1: [1], 2: None, 3: None, 4: [2]}
{0: [0], 1: [1], 2: [2], 3: [3], 4: None}
SCORE: 0.923

-------------------

/cˈaʒ̊kiː/ - /těːʒak/
<#_c-<#_t / a-eː / ∅-̌ / ʒ̊-ʒ / k_iː-a_k
{0: [0], 1: [1], 2: None, 3: [2], 4: [3, 4]}
{0: [0], 1: [1], 2: [2], 3: [3], 4: [4, 5]}
SCORE: 14.018

-------------------

/cˈixiː/ - /tîx/
<#_c-<#_t / i-i_̂ / x-x / iː_#>-#>
{0: [0], 1: [1], 2: [2], 3: [3]}
{0: [0], 1: [1, 2], 2: [3], 3: None}
SCORE: 15.726

-------------------

/cˈɛpliː/ - /tôpao/
<#_c-<#_t / ∅-o / ∅-̂ / ɛ-∅ / p-p / l-∅ / iː-a / ∅-o
{0: [0], 1: None, 2: None, 3: [1], 4: [2], 5: [3], 6: [4], 7: None}
{0: [0], 1: [1], 2: [2], 3: None, 4: [3], 5: None, 6: [4], 7: [5]}
SCORE: -6.375

-------------------

/cˈɛɫɔ/ - /têːlo/
<#_c-<#_t / ɛ-eː / ∅-̂ / ɫ-l / ɔ-o
{0: [0], 1: [1], 2: None, 3: [2], 4: [3]}
{0: [0], 1: [1], 2: [2], 3: [3], 4: [4]}
SCORE: 18.849

-------------------

/cˈɛʎa/ - /těle/
<#_c-<#_t / ɛ-e / ∅-̌ / ʎ-l / a-e
{0: [0], 1: [1], 2: None, 3: [2], 4: [3]}
{0: [0], 1: [1], 2: [2], 3: [3], 4: [4]}
SCORE: 14.651

-------------------

/drˈɛʋɔ/ - /dr̩̂ʋo/
d-d / ∅-r̩ / ∅-̂ / r-∅ / ɛ-∅ / ʋ_ɔ-ʋ_o
{0: [0], 1: None, 2: None, 3: [1], 4: [2], 5: [3, 4]}
{0: [0], 1: [1], 2: [2], 3: None, 4: None, 5: [3, 4]}
SCORE: 0.527

-------------------

/dʋˈa/ - /dʋâː/
d-d / ʋ-ʋ / a-aː / ∅-̂
{0: [0], 1: [1], 2: [2], 3: None}
{0: [0], 1: [1], 2: [2], 3: [3]}
SCORE: 14.654

-------------------

/dˈaːʒ̊ɟ̊/ - /dâʒd/
d-d / aː-a_̂ / ʒ̊-ʒ / ɟ̊-d
{0: [0], 1: [1], 2: [2], 3: [3]}
{0: [0], 1: [1, 2], 2: [3], 3: [4]}
SCORE: 25.006

-------------------

/dˈim/ - /dîm/
d-d / i-i_̂ / m-m
{0: [0], 1: [1], 2: [2]}
{0: [0], 1: [1, 2], 2: [3]}
SCORE: 17.228

-------------------

/dˈɔbriː/ - /dôbar/
d-d / ɔ-o / ∅-̂ / b-b / ∅-a / r-r / iː_#>-#>
{0: [0], 1: [1], 2: None, 3: [2], 4: None, 5: [3], 6: [4]}
{0: [0], 1: [1], 2: [2], 3: [3], 4: [4], 5: [5], 6: None}
SCORE: 13.491

-------------------

/dˈɫ̩ɦiː/ - /dûɡ/
d-d / ɫ̩-u_̂ / ɦ-ɡ / iː_#>-#>
{0: [0], 1: [1], 2: [2], 3: [3]}
{0: [0], 1: [1, 2], 2: [3], 3: None}
SCORE: 11.614

-------------------

/ftˈaːk/ - /ptîʦa/
f-p / t-t / ∅-i / ∅-̂ / ∅-ʦ / aː-a / k-∅
{0: [0], 1: [1], 2: None, 3: None, 4: None, 5: [2], 6: [3]}
{0: [0], 1: [1], 2: [2], 3: [3], 4: [4], 5: [5], 6: None}
SCORE: -0.071

-------------------

/fʧˈɛɫa/ - /pʧěla/
f-p / ʧ-ʧ / ɛ-e / ∅-̌ / ɫ-l / a-a
{0: [0], 1: [1], 2: [2], 3: None, 4: [3], 5: [4]}
{0: [0], 1: [1], 2: [2], 3: [3], 4: [4], 5: [5]}
SCORE: 27.153

-------------------

/jˈa/ - /jâː/
j-j / a-aː / ∅-̂
{0: [0], 1: [1], 2: None}
{0: [0], 1: [1], 2: [2]}
SCORE: 11.612

-------------------

/jˈabl̩kɔ/ - /jâbuka/
j-j / a-a / ∅-̂ / b-b / l̩-u / k-k / ɔ-a
{0: [0], 1: [1], 2: None, 3: [2], 4: [3], 5: [4], 6: [5]}
{0: [0], 1: [1], 2: [2], 3: [3], 4: [4], 5: [5], 6: [6]}
SCORE: 27.538

-------------------

/jˈasniː/ - /jǎsan/
j-j / a-a / ∅-̌ / s-s / n_iː-a_n
{0: [0], 1: [1], 2: None, 3: [2], 4: [3, 4]}
{0: [0], 1: [1], 2: [2], 3: [3], 4: [4, 5]}
SCORE: 16.226

-------------------

/jˈazik/ - /jězik/
j_a-j_e / ∅-̌ / z-z / i-i / k-k
{0: [0, 1], 1: None, 2: [2], 3: [3], 4: [4]}
{0: [0, 1], 1: [2], 2: [3], 3: [4], 4: [5]}
SCORE: 26.164

-------------------

/jˈazɛrɔ/ - /jêzero/
j_a-j_e / ∅-̂ / z-z / ɛ-e / r-r / ɔ-o
{0: [0, 1], 1: None, 2: [2], 3: [3], 4: [4], 5: [5]}
{0: [0, 1], 1: [2], 2: [3], 3: [4], 4: [5], 5: [6]}
SCORE: 29.624

-------------------

/jˈaɦɔda/ - /jâɡoda/
j-j / a-a / ∅-̂ / ɦ-ɡ / ɔ-o / d-d / a-a
{0: [0], 1: [1], 2: None, 3: [2], 4: [3], 5: [4], 6: [5]}
{0: [0], 1: [1], 2: [2], 3: [3], 4: [4], 5: [5], 6: [6]}
SCORE: 24.788

-------------------

/jˈuxa/ - /jǔːxa/
j-j / u-uː / ∅-̌ / x-x / a-a
{0: [0], 1: [1], 2: None, 3: [2], 4: [3]}
{0: [0], 1: [1], 2: [2], 3: [3], 4: [4]}
SCORE: 23.52

-------------------

/jˈɛdɛn/ - /jědan/
j-j / ɛ-e / ∅-̌ / d-d / ɛ-a / n-n
{0: [0], 1: [1], 2: None, 3: [2], 4: [3], 5: [4]}
{0: [0], 1: [1], 2: [2], 3: [3], 4: [4], 5: [5]}
SCORE: 24.08

-------------------

/krˈaʋa/ - /krâʋa/
k-k / r-r / a-a / ∅-̂ / ʋ-ʋ / a-a
{0: [0], 1: [1], 2: [2], 3: None, 4: [3], 5: [4]}
{0: [0], 1: [1], 2: [2], 3: [3], 4: [4], 5: [5]}
SCORE: 22.993

-------------------

/krˈaːʎ/ - /krâːʎ/
k-k / r-r / aː-aː / ∅-̂ / ʎ-ʎ
{0: [0], 1: [1], 2: [2], 3: None, 4: [3]}
{0: [0], 1: [1], 2: [2], 3: [3], 4: [4]}
SCORE: 18.991

-------------------

/krˈiːdɫɔ/ - /krǐːlo/
k-k / r-r / ∅-iː / ∅-̌ / iː-∅ / d_ɫ-l / ɔ-o
{0: [0], 1: [1], 2: None, 3: None, 4: [2], 5: [3, 4], 6: [5]}
{0: [0], 1: [1], 2: [2], 3: [3], 4: None, 5: [4], 6: [5]}
SCORE: 5.383

-------------------

/kʊ̯ˈɔra/ - /kôra/
k-k / ʊ̯ɔ-o_̂ / r-r / a-a
{0: [0], 1: [1], 2: [2], 3: [3]}
{0: [0], 1: [1, 2], 2: [3], 3: [4]}
SCORE: 24.108

-------------------

/kʊ̯ˈɔɲ/ - /kôɲ/
k-k / ʊ̯ɔ-o_̂ / ɲ-ɲ
{0: [0], 1: [1], 2: [2]}
{0: [0], 1: [1, 2], 2: [3]}
SCORE: 22.721

-------------------

/kʋˈɛt/ - /ʦʋêːt/
∅-ʦ / k-∅ / ʋ-ʋ / ɛ-eː / ∅-̂ / t-t
{0: None, 1: [0], 2: [1], 3: [2], 4: None, 5: [3]}
{0: [0], 1: None, 2: [1], 3: [2], 4: [3], 5: [4]}
SCORE: 3.618

-------------------

/kˈamɛɲ/ - /kâmeːn/
k-k / a-a / ∅-̂ / m-m / ɛ_ɲ-eː_n
{0: [0], 1: [1], 2: None, 3: [2], 4: [3, 4]}
{0: [0], 1: [1], 2: [2], 3: [3], 4: [4, 5]}
SCORE: 25.453

-------------------

/kˈr̩ʋ/ - /kr̩̂ːʋ/
k-k / r̩-r̩ː / ∅-̂ / ʋ-ʋ
{0: [0], 1: [1], 2: None, 3: [2]}
{0: [0], 1: [1], 2: [2], 3: [3]}
SCORE: 15.351

-------------------

/kˈuːsac/ - /kǔːsati/
k-k / uː-uː_̌ / s-s / a-a / c-t_i
{0: [0], 1: [1], 2: [2], 3: [3], 4: [4]}
{0: [0], 1: [1, 2], 2: [3], 3: [4], 4: [5, 6]}
SCORE: 23.253

-------------------

/kˈɔlɛnɔ/ - /kǒleno/
k-k / ɔ-o / ∅-̌ / l-l / ɛ-e / n-n / ɔ-o
{0: [0], 1: [1], 2: None, 3: [2], 4: [3], 5: [4], 6: [5]}
{0: [0], 1: [1], 2: [2], 3: [3], 4: [4], 5: [5], 6: [6]}
SCORE: 28.839

-------------------

/kˈɔrɛɲ/ - /kôreːn/
k-k / ɔ-o / ∅-̂ / r-r / ɛ_ɲ-eː_n
{0: [0], 1: [1], 2: None, 3: [2], 4: [3, 4]}
{0: [0], 1: [1], 2: [2], 3: [3], 4: [4, 5]}
SCORE: 25.463

-------------------

/kˈɔsc/ - /kôːst/
k-k / ɔ-oː / ∅-̂ / s-s / c-t
{0: [0], 1: [1], 2: None, 3: [2], 4: [3]}
{0: [0], 1: [1], 2: [2], 3: [3], 4: [4]}
SCORE: 19.131

-------------------

/kˈɔʒa/ - /kôʒa/
k-k / ɔ-o / ∅-̂ / ʒ-ʒ / a-a
{0: [0], 1: [1], 2: None, 3: [2], 4: [3]}
{0: [0], 1: [1], 2: [2], 3: [3], 4: [4]}
SCORE: 20.482

-------------------

/lˈist/ - /lîːst/
<#_l-<#_l / i-iː / ∅-̂ / s-s / t-t
{0: [0], 1: [1], 2: None, 3: [2], 4: [3]}
{0: [0], 1: [1], 2: [2], 3: [3], 4: [4]}
SCORE: 22.221

-------------------

/lˈɛtɔ/ - /lêto/
<#_l-<#_l / ɛ-e / ∅-̂ / t-t / ɔ-o
{0: [0], 1: [1], 2: None, 3: [2], 4: [3]}
{0: [0], 1: [1], 2: [2], 3: [3], 4: [4]}
SCORE: 20.151

-------------------

/lˈɛʋ/ - /lâʋ/
<#_l-<#_l / ɛ-a_̂ / ʋ-ʋ
{0: [0], 1: [1], 2: [2]}
{0: [0], 1: [1, 2], 2: [3]}
SCORE: 17.096

-------------------

/mlɪ̯ˈɛkɔ/ - /mlěːko/
m-m / l-l / ɪ̯ɛ-eː_̌ / k-k / ɔ-o
{0: [0], 1: [1], 2: [2], 3: [3], 4: [4]}
{0: [0], 1: [1], 2: [2, 3], 3: [4], 4: [5]}
SCORE: 30.884

-------------------

/mɪ̯ˈɛstɔ/ - /mêsto/
m-m / ɪ̯ɛ-e_̂ / s-s / t-t / ɔ-o
{0: [0], 1: [1], 2: [2], 3: [3], 4: [4]}
{0: [0], 1: [1, 2], 2: [3], 3: [4], 4: [5]}
SCORE: 29.7

-------------------

/mˈed̥/ - /mêːd/
m-m / e-eː / ∅-̂ / d̥_#>-d_#>
{0: [0], 1: [1], 2: None, 3: [2]}
{0: [0], 1: [1], 2: [2], 3: [3]}
SCORE: 14.389

-------------------

/mˈisɛʎ/ - /mîːsao/
m-m / i-iː / ∅-̂ / s-s / ɛ-a / ∅-o / ʎ-∅
{0: [0], 1: [1], 2: None, 3: [2], 4: [3], 5: None, 6: [4]}
{0: [0], 1: [1], 2: [2], 3: [3], 4: [4], 5: [5], 6: None}
SCORE: 8.397

-------------------

/mˈr̩ːtʋi/ - /mr̩̂ːtʋiː/
m-m / r̩ː-r̩ː / ∅-̂ / t-t / ʋ-ʋ / i-iː
{0: [0], 1: [1], 2: None, 3: [2], 4: [3], 5: [4]}
{0: [0], 1: [1], 2: [2], 3: [3], 4: [4], 5: [5]}
SCORE: 24.389

-------------------

/mˈuxa/ - /mǔxa/
m-m / u-u / ∅-̌ / x-x / a-a
{0: [0], 1: [1], 2: None, 3: [2], 4: [3]}
{0: [0], 1: [1], 2: [2], 3: [3], 4: [4]}
SCORE: 21.774

-------------------

/mˈuʒ̊/ - /mûːʒ/
m-m / u-uː / ∅-̂ / ʒ̊-ʒ
{0: [0], 1: [1], 2: None, 3: [2]}
{0: [0], 1: [1], 2: [2], 3: [3]}
SCORE: 19.008

-------------------

/mˈuːdri/ - /mǔːdar/
m-m / uː-uː_̌ / d-d / ∅-a / r-r / i_#>-#>
{0: [0], 1: [1], 2: [2], 3: None, 4: [3], 5: [4]}
{0: [0], 1: [1, 2], 2: [3], 3: [4], 4: [5], 5: None}
SCORE: 14.771

-------------------

/mˈæsɔ/ - /mêːso/
m-m / æ-eː / ∅-̂ / s-s / ɔ-o
{0: [0], 1: [1], 2: None, 3: [2], 4: [3]}
{0: [0], 1: [1], 2: [2], 3: [3], 4: [4]}
SCORE: 20.982

-------------------

/mˈɔrɛ/ - /môːre/
m-m / ɔ-oː / ∅-̂ / r-r / ɛ_#>-e_#>
{0: [0], 1: [1], 2: None, 3: [2], 4: [3]}
{0: [0], 1: [1], 2: [2], 3: [3], 4: [4]}
SCORE: 22.372

-------------------

/mˈɔzɔɡ̊/ - /môzak/
m-m / ɔ-o / ∅-̂ / z-z / ɔ-a / ɡ̊-k
{0: [0], 1: [1], 2: None, 3: [2], 4: [3], 5: [4]}
{0: [0], 1: [1], 2: [2], 3: [3], 4: [4], 5: [5]}
SCORE: 22.617

-------------------

/mˈɛnɔ/ - /îme/
∅-i / ∅-̂ / m-m / ɛ-e / n-∅ / ɔ-∅
{0: None, 1: None, 2: [0], 3: [1], 4: [2], 5: [3]}
{0: [0], 1: [1], 2: [2], 3: [3], 4: None, 5: None}
SCORE: -4.605

-------------------

/mˈɛsɪ̯aʦ/ - /mêseːʦ/
m-m / ɛ-e / ∅-̂ / s-s / ɪ̯a-eː / ʦ-ʦ
{0: [0], 1: [1], 2: None, 3: [2], 4: [3], 5: [4]}
{0: [0], 1: [1], 2: [2], 3: [3], 4: [4], 5: [5]}
SCORE: 27.272

-------------------

/nˈɔs/ - /nôːs/
n-n / ɔ-oː / ∅-̂ / s-s
{0: [0], 1: [1], 2: None, 3: [2]}
{0: [0], 1: [1], 2: [2], 3: [3]}
SCORE: 15.316

-------------------

/nˈɔviː/ - /nôʋ/
n-n / ɔ-o / ∅-̂ / v-∅ / iː-ʋ
{0: [0], 1: [1], 2: None, 3: [2], 4: [3]}
{0: [0], 1: [1], 2: [2], 3: None, 4: [3]}
SCORE: 7.573

-------------------

/nˈɔɦa/ - /nǒɡa/
n-n / ɔ-o / ∅-̌ / ɦ-ɡ / a-a
{0: [0], 1: [1], 2: None, 3: [2], 4: [3]}
{0: [0], 1: [1], 2: [2], 3: [3], 4: [4]}
SCORE: 14.783

-------------------

/nˈɔʦ/ - /nôːʨ/
n-n / ɔ-oː / ∅-̂ / ∅-ʨ / ʦ-∅
{0: [0], 1: [1], 2: None, 3: None, 4: [2]}
{0: [0], 1: [1], 2: [2], 3: [3], 4: None}
SCORE: 0.411

-------------------

/pɪ̯ˈɛsɔk/ - /pěːsak/
p-p / ɪ̯ɛ-eː_̌ / s-s / ɔ-a / k-k
{0: [0], 1: [1], 2: [2], 3: [3], 4: [4]}
{0: [0], 1: [1, 2], 2: [3], 3: [4], 4: [5]}
SCORE: 28.032

-------------------

/pˈic/ - /pîti/
p-p / i-i_̂ / c-t_i
{0: [0], 1: [1], 2: [2]}
{0: [0], 1: [1, 2], 2: [3, 4]}
SCORE: 15.309

-------------------

/pˈr̩st/ - /pr̩̂st/
p-p / r̩-r̩ / ∅-̂ / s-s / t-t
{0: [0], 1: [1], 2: None, 3: [2], 4: [3]}
{0: [0], 1: [1], 2: [2], 3: [3], 4: [4]}
SCORE: 24.251

-------------------

/pˈuːc/ - /pûːt/
p-p / uː-uː / ∅-̂ / c-t
{0: [0], 1: [1], 2: None, 3: [2]}
{0: [0], 1: [1], 2: [2], 3: [3]}
SCORE: 17.684

-------------------

/pˈæc/ - /pêːt/
p-p / æ-eː / ∅-̂ / c-t
{0: [0], 1: [1], 2: None, 3: [2]}
{0: [0], 1: [1], 2: [2], 3: [3]}
SCORE: 16.907

-------------------

/pˈɔpɔɫ/ - /pêpeo/
p-p / ∅-e / ∅-̂ / ɔ-∅ / p-p / ∅-e / ɔ-o / ɫ-∅
{0: [0], 1: None, 2: None, 3: [1], 4: [2], 5: None, 6: [3], 7: [4]}
{0: [0], 1: [1], 2: [2], 3: None, 4: [3], 5: [4], 6: [5], 7: None}
SCORE: -1.987

-------------------

/pˈɛs/ - /pâs/
p-p / ɛ-a_̂ / s-s
{0: [0], 1: [1], 2: [2]}
{0: [0], 1: [1, 2], 2: [3]}
SCORE: 16.944

-------------------

/pˈɫ̩niː/ - /pûn/
p-p / ɫ̩-u_̂ / n-n / iː_#>-#>
{0: [0], 1: [1], 2: [2], 3: [3]}
{0: [0], 1: [1, 2], 2: [3], 3: None}
SCORE: 17.963

-------------------

/rɪ̯ˈɛka/ - /rěːka/
r-r / ɪ̯ɛ-eː_̌ / k-k / a-a
{0: [0], 1: [1], 2: [2], 3: [3]}
{0: [0], 1: [1, 2], 2: [3], 3: [4]}
SCORE: 24.485

-------------------

/rˈadɫɔ/ - /râlo/
r-r / a-a / ∅-̂ / d_ɫ-l / ɔ-o
{0: [0], 1: [1], 2: None, 3: [2, 3], 4: [4]}
{0: [0], 1: [1], 2: [2], 3: [3], 4: [4]}
SCORE: 13.718

-------------------

/rˈast/ - /râːst/
r-r / a-aː / ∅-̂ / s-s / t-t
{0: [0], 1: [1], 2: None, 3: [2], 4: [3]}
{0: [0], 1: [1], 2: [2], 3: [3], 4: [4]}
SCORE: 19.33

-------------------

/rˈiba/ - /rîba/
r-r / i-i_̂ / b-b / a-a
{0: [0], 1: [1], 2: [2], 3: [3]}
{0: [0], 1: [1, 2], 2: [3], 3: [4]}
SCORE: 21.303

-------------------

/rˈuka/ - /rǔːka/
r-r / u-uː / ∅-̌ / k-k / a-a
{0: [0], 1: [1], 2: None, 3: [2], 4: [3]}
{0: [0], 1: [1], 2: [2], 3: [3], 4: [4]}
SCORE: 20.16

-------------------

/rˈɔx/ - /rôːɡ/
r-r / ɔ-oː / ∅-̂ / x_#>-ɡ_#>
{0: [0], 1: [1], 2: None, 3: [2]}
{0: [0], 1: [1], 2: [2], 3: [3]}
SCORE: 13.058

-------------------

/smˈr̩c/ - /smr̩̂t/
s-s / m-m / r̩-r̩ / ∅-̂ / c-t
{0: [0], 1: [1], 2: [2], 3: None, 4: [3]}
{0: [0], 1: [1], 2: [2], 3: [3], 4: [4]}
SCORE: 23.046

-------------------

/stʊ̯ˈɔɫ/ - /stôː/
s-s / t-t / ʊ̯ɔ_ɫ-oː / ∅-̂
{0: [0], 1: [1], 2: [2, 3], 3: None}
{0: [0], 1: [1], 2: [2], 3: [3]}
SCORE: 12.464

-------------------

/stˈariː/ - /stâr/
s-s / t_a-t_a / ∅-̂ / r-r / iː_#>-#>
{0: [0], 1: [1, 2], 2: None, 3: [3], 4: [4]}
{0: [0], 1: [1, 2], 2: [3], 3: [4], 4: None}
SCORE: 17.396

-------------------

/stˈɔ/ - /stôː/
s-s / t-t / ɔ-oː / ∅-̂
{0: [0], 1: [1], 2: [2], 3: None}
{0: [0], 1: [1], 2: [2], 3: [3]}
SCORE: 14.396

-------------------

/sɫˈaːʋa/ - /slâʋa/
s-s / ɫ-l / aː-a_̂ / ʋ-ʋ / a-a
{0: [0], 1: [1], 2: [2], 3: [3], 4: [4]}
{0: [0], 1: [1], 2: [2, 3], 3: [4], 4: [5]}
SCORE: 28.422

-------------------

/sɲˈɛx/ - /snêːɡ/
s-s / ɲ-n / ɛ-eː / ∅-̂ / x_#>-ɡ_#>
{0: [0], 1: [1], 2: [2], 3: None, 4: [3]}
{0: [0], 1: [1], 2: [2], 3: [3], 4: [4]}
SCORE: 16.976

-------------------

/sʋˈætiː/ - /sʋêːt/
s-s / ʋ-ʋ / æ-eː / ∅-̂ / t-t / iː_#>-#>
{0: [0], 1: [1], 2: [2], 3: None, 4: [3], 5: [4]}
{0: [0], 1: [1], 2: [2], 3: [3], 4: [4], 5: None}
SCORE: 17.719

-------------------

/sˈad̥/ - /sâːd/
s-s / a-aː / ∅-̂ / d̥_#>-d_#>
{0: [0], 1: [1], 2: None, 3: [2]}
{0: [0], 1: [1], 2: [2], 3: [3]}
SCORE: 15.576

-------------------

/sˈin/ - /sîːn/
s-s / i-iː / ∅-̂ / n-n
{0: [0], 1: [1], 2: None, 3: [2]}
{0: [0], 1: [1], 2: [2], 3: [3]}
SCORE: 16.494

-------------------

/sˈir/ - /sîr/
s-s / i-i_̂ / r-r
{0: [0], 1: [1], 2: [2]}
{0: [0], 1: [1, 2], 2: [3]}
SCORE: 16.362

-------------------

/sˈr̩ʦɛ/ - /sr̩̂ʦe/
s-s / r̩-r̩ / ∅-̂ / ʦ-ʦ / ɛ_#>-e_#>
{0: [0], 1: [1], 2: None, 3: [2], 4: [3]}
{0: [0], 1: [1], 2: [2], 3: [3], 4: [4]}
SCORE: 26.565

-------------------

/sˈuxiː/ - /sûːʋ/
s-s / u-uː / ∅-̂ / x_iː_#>-ʋ_#>
{0: [0], 1: [1], 2: None, 3: [2, 3]}
{0: [0], 1: [1], 2: [2], 3: [3]}
SCORE: 14.315

-------------------

/sˈɔʎ/ - /sôː/
s-s / ɔ-oː / ∅-̂ / ʎ-∅
{0: [0], 1: [1], 2: None, 3: [2]}
{0: [0], 1: [1], 2: [2], 3: None}
SCORE: 4.683

-------------------

/sˈɛn/ - /sân/
s-s / ɛ-a_̂ / n-n
{0: [0], 1: [1], 2: [2]}
{0: [0], 1: [1, 2], 2: [3]}
SCORE: 16.011

-------------------

/sˈɛɟɛm/ - /sêdam/
s-s / ɛ-e / ∅-̂ / ɟ-d / ɛ-a / m-m
{0: [0], 1: [1], 2: None, 3: [2], 4: [3], 5: [4]}
{0: [0], 1: [1], 2: [2], 3: [3], 4: [4], 5: [5]}
SCORE: 21.858

-------------------

/sˈɫ̩nʦɛ/ - /sûːnʦe/
s-s / ɫ̩-uː / ∅-̂ / n-n / ʦ-ʦ / ɛ_#>-e_#>
{0: [0], 1: [1], 2: None, 3: [2], 4: [3], 5: [4]}
{0: [0], 1: [1], 2: [2], 3: [3], 4: [4], 5: [5]}
SCORE: 29.654

-------------------

/trˈaːʋa/ - /trǎːʋa/
t-t / r-r / aː-aː / ∅-̌ / ʋ-ʋ / a-a
{0: [0], 1: [1], 2: [2], 3: None, 4: [3], 5: [4]}
{0: [0], 1: [1], 2: [2], 3: [3], 4: [4], 5: [5]}
SCORE: 22.391

-------------------

/trˈi/ - /trîː/
t-t / r-r / i-iː / ∅-̂
{0: [0], 1: [1], 2: [2], 3: None}
{0: [0], 1: [1], 2: [2], 3: [3]}
SCORE: 15.796

-------------------

/tʋˈr̩diː/ - /tʋr̩̂ːd/
t-t / ʋ-ʋ / r̩-r̩ː / ∅-̂ / d-d / iː_#>-#>
{0: [0], 1: [1], 2: [2], 3: None, 4: [3], 5: [4]}
{0: [0], 1: [1], 2: [2], 3: [3], 4: [4], 5: None}
SCORE: 17.033

-------------------

/v/ - /u/
v-u
{0: [0]}
{0: [0]}
SCORE: 7.587

-------------------

/vzɪ̯ˈac/ - /ǔzeːti/
v-u / ∅-̌ / z-z / ɪ̯a-eː / c-t_i
{0: [0], 1: None, 2: [1], 3: [2], 4: [3]}
{0: [0], 1: [1], 2: [2], 3: [3], 4: [4, 5]}
SCORE: 16.033

-------------------

/xlɪ̯ˈɛb̥/ - /xlêb/
x-x / l-l / ɪ̯ɛ-e_̂ / b̥-b
{0: [0], 1: [1], 2: [2], 3: [3]}
{0: [0], 1: [1], 2: [2, 3], 3: [4]}
SCORE: 28.017

-------------------

/xɫˈadniː/ - /xlǎːdan/
x-x / ɫ-l / a-aː / ∅-̌ / d-d / n_iː-a_n
{0: [0], 1: [1], 2: [2], 3: None, 4: [3], 5: [4, 5]}
{0: [0], 1: [1], 2: [2], 3: [3], 4: [4], 5: [5, 6]}
SCORE: 21.425

-------------------

/xˈr̩baːt/ - /xr̩̂bat/
x-x / r̩-r̩ / ∅-̂ / b-b / aː-a / t-t
{0: [0], 1: [1], 2: None, 3: [2], 4: [3], 5: [4]}
{0: [0], 1: [1], 2: [2], 3: [3], 4: [4], 5: [5]}
SCORE: 29.157

-------------------

/zdrˈaʋiː/ - /zdrâʋ/
z-z / d-d / r-r / a-a / ∅-̂ / ʋ-ʋ / iː_#>-#>
{0: [0], 1: [1], 2: [2], 3: [3], 4: None, 5: [4], 6: [5]}
{0: [0], 1: [1], 2: [2], 3: [3], 4: [4], 5: [5], 6: None}
SCORE: 22.439

-------------------

/znˈac/ - /znâti/
z-z / n-n / a-a / ∅-̂ / c-t_i
{0: [0], 1: [1], 2: [2], 3: None, 4: [3]}
{0: [0], 1: [1], 2: [2], 3: [3], 4: [4, 5]}
SCORE: 18.235

-------------------

/zʋˈɛr/ - /zʋêːr/
z-z / ʋ-ʋ / ɛ-eː / ∅-̂ / r-r
{0: [0], 1: [1], 2: [2], 3: None, 4: [3]}
{0: [0], 1: [1], 2: [2], 3: [3], 4: [4]}
SCORE: 20.024

-------------------

/zˈima/ - /zǐːma/
z-z / i-iː / ∅-̌ / m-m / a-a
{0: [0], 1: [1], 2: None, 3: [2], 4: [3]}
{0: [0], 1: [1], 2: [2], 3: [3], 4: [4]}
SCORE: 21.264

-------------------

/zˈub̥/ - /zûːb/
z-z / u-uː / ∅-̂ / b̥-b
{0: [0], 1: [1], 2: None, 3: [2]}
{0: [0], 1: [1], 2: [2], 3: [3]}
SCORE: 18.593

-------------------

/zˈɛlɛniː/ - /zělen/
z-z / ɛ-e / ∅-̌ / l-l / ɛ-e / n-n / iː_#>-#>
{0: [0], 1: [1], 2: None, 3: [2], 4: [3], 5: [4], 6: [5]}
{0: [0], 1: [1], 2: [2], 3: [3], 4: [4], 5: [5], 6: None}
SCORE: 22.213

-------------------

/zˈɛm/ - /zěmʎa/
z-z / ɛ-e / ∅-̌ / m-m / ∅-ʎ / ∅-a
{0: [0], 1: [1], 2: None, 3: [2], 4: None, 5: None}
{0: [0], 1: [1], 2: [2], 3: [3], 4: [4], 5: [5]}
SCORE: 6.385

-------------------

/ɟˈɛsac/ - /dêseːt/
ɟ-d / ɛ-e / ∅-̂ / s-s / a-eː / c-t
{0: [0], 1: [1], 2: None, 3: [2], 4: [3], 5: [4]}
{0: [0], 1: [1], 2: [2], 3: [3], 4: [4], 5: [5]}
SCORE: 19.503

-------------------

/ɟˈɛɲ/ - /dâːn/
ɟ-d / ∅-aː / ∅-̂ / ɛ_ɲ-n
{0: [0], 1: None, 2: None, 3: [1, 2]}
{0: [0], 1: [1], 2: [2], 3: [3]}
SCORE: 3.561

-------------------

/ɟˈɛʋæc/ - /dêʋeːt/
ɟ-d / ɛ-e / ∅-̂ / ʋ-ʋ / æ-eː / c-t
{0: [0], 1: [1], 2: None, 3: [2], 4: [3], 5: [4]}
{0: [0], 1: [1], 2: [2], 3: [3], 4: [4], 5: [5]}
SCORE: 24.051

-------------------

/ɦlˈuxiː/ - /ɡlûːʋ/
ɦ-ɡ / l-l / u-uː / ∅-̂ / x_iː_#>-ʋ_#>
{0: [0], 1: [1], 2: [2], 3: None, 4: [3, 4]}
{0: [0], 1: [1], 2: [2], 3: [3], 4: [4]}
SCORE: 15.2

-------------------

/ɦmlˈa/ - /mǎɡla/
ɦ-∅ / m-m / ∅-a / ∅-̌ / ∅-ɡ / l-l / a-a
{0: [0], 1: [1], 2: None, 3: None, 4: None, 5: [2], 6: [3]}
{0: None, 1: [0], 2: [1], 3: [2], 4: [3], 5: [4], 6: [5]}
SCORE: 0.038

-------------------

/ɦrˈad̥/ - /ɡrâːd/
ɦ-ɡ / r-r / a-aː / ∅-̂ / d̥_#>-d_#>
{0: [0], 1: [1], 2: [2], 3: None, 4: [3]}
{0: [0], 1: [1], 2: [2], 3: [3], 4: [4]}
SCORE: 16.553

-------------------

/ɦɫˈad̥kiː/ - /ɡlâdak/
ɦ-ɡ / ɫ-l / a-a / ∅-̂ / d̥-d / k_iː-a_k
{0: [0], 1: [1], 2: [2], 3: None, 4: [3], 5: [4, 5]}
{0: [0], 1: [1], 2: [2], 3: [3], 4: [4], 5: [5, 6]}
SCORE: 14.996

-------------------

/ɦɫˈas/ - /ɡlâːs/
ɦ-ɡ / ɫ-l / a-aː / ∅-̂ / s-s
{0: [0], 1: [1], 2: [2], 3: None, 4: [3]}
{0: [0], 1: [1], 2: [2], 3: [3], 4: [4]}
SCORE: 15.255

-------------------

/ɦɫˈaʋa/ - /ɡlǎːʋa/
ɦ-ɡ / ɫ-l / a-aː / ∅-̌ / ʋ-ʋ / a-a
{0: [0], 1: [1], 2: [2], 3: None, 4: [3], 5: [4]}
{0: [0], 1: [1], 2: [2], 3: [3], 4: [4], 5: [5]}
SCORE: 18.839

-------------------

/ɦɫˈuːpi/ - /ɡlûːp/
ɦ-ɡ / ɫ-l / uː-uː / ∅-̂ / p-p / i_#>-#>
{0: [0], 1: [1], 2: [2], 3: None, 4: [3], 5: [4]}
{0: [0], 1: [1], 2: [2], 3: [3], 4: [4], 5: None}
SCORE: 15.685

-------------------

/ɦʋɪ̯ˈɛzda/ - /zʋěːzda/
∅-z / ɦ-∅ / ʋ-ʋ / ɪ̯ɛ-eː_̌ / z-z / d-d / a-a
{0: None, 1: [0], 2: [1], 3: [2], 4: [3], 5: [4], 6: [5]}
{0: [0], 1: None, 2: [1], 3: [2, 3], 4: [4], 5: [5], 6: [6]}
SCORE: 20.239

-------------------

/ɦʎˈiʋa/ - /ɡʎîʋa/
ɦ-ɡ / ʎ-ʎ / i-i_̂ / ʋ-ʋ / a-a
{0: [0], 1: [1], 2: [2], 3: [3], 4: [4]}
{0: [0], 1: [1], 2: [2, 3], 3: [4], 4: [5]}
SCORE: 20.196

-------------------

/ɦˈus/ - /ɡûska/
ɦ-ɡ / u-u_̂ / s-s / ∅-k / ∅-a
{0: [0], 1: [1], 2: [2], 3: None, 4: None}
{0: [0], 1: [1, 2], 2: [3], 3: [4], 4: [5]}
SCORE: 2.232

-------------------

/ɦˈɔra/ - /ɡǒra/
ɦ-ɡ / ɔ-o / ∅-̌ / r-r / a-a
{0: [0], 1: [1], 2: None, 3: [2], 4: [3]}
{0: [0], 1: [1], 2: [2], 3: [3], 4: [4]}
SCORE: 14.278

-------------------

/ɦˈɔɟina/ - /ɡôdina/
ɦ-ɡ / ɔ-o / ∅-̂ / ɟ-d / i-i / n-n / a-a
{0: [0], 1: [1], 2: None, 3: [2], 4: [3], 5: [4], 6: [5]}
{0: [0], 1: [1], 2: [2], 3: [3], 4: [4], 5: [5], 6: [6]}
SCORE: 24.206

-------------------

/ɦˈɔɫub̥/ - /ɡôluːb/
ɦ-ɡ / ɔ-o / ∅-̂ / ɫ-l / u-uː / b̥-b
{0: [0], 1: [1], 2: None, 3: [2], 4: [3], 5: [4]}
{0: [0], 1: [1], 2: [2], 3: [3], 4: [4], 5: [5]}
SCORE: 22.57

-------------------

/ɫˈakɛc/ - /lâkat/
ɫ-l / a-a / ∅-̂ / k-k / ɛ-a / c-t
{0: [0], 1: [1], 2: None, 3: [2], 4: [3], 5: [4]}
{0: [0], 1: [1], 2: [2], 3: [3], 4: [4], 5: [5]}
SCORE: 20.389

-------------------

/ɲˈɛxt/ - /nôkat/
ɲ-n / ∅-o / ∅-̂ / ∅-k / ɛ-a / x-∅ / t-t
{0: [0], 1: None, 2: None, 3: None, 4: [1], 5: [2], 6: [3]}
{0: [0], 1: [1], 2: [2], 3: [3], 4: [4], 5: None, 6: [5]}
SCORE: -2.884

-------------------

/ɲˈɛʋɛsta/ - /něʋesta/
ɲ-n / ɛ-e / ∅-̌ / ʋ-ʋ / ɛ-e / s-s / t_a-t_a
{0: [0], 1: [1], 2: None, 3: [2], 4: [3], 5: [4], 6: [5, 6]}
{0: [0], 1: [1], 2: [2], 3: [3], 4: [4], 5: [5], 6: [6, 7]}
SCORE: 32.997

-------------------

/ʃtˈiri/ - /ʧětiri/
ʃ-ʧ / ∅-e / ∅-̌ / t-t / i-i / r-r / i-i
{0: [0], 1: None, 2: None, 3: [1], 4: [2], 5: [3], 6: [4]}
{0: [0], 1: [1], 2: [2], 3: [3], 4: [4], 5: [5], 6: [6]}
SCORE: 17.343

-------------------

/ʃˈɛsc/ - /ʃêːst/
∅-ʃ / ʃ-∅ / ɛ-eː / ∅-̂ / s-s / c-t
{0: None, 1: [0], 2: [1], 3: None, 4: [2], 5: [3]}
{0: [0], 1: None, 2: [1], 3: [2], 4: [3], 5: [4]}
SCORE: 3.104

-------------------

/ʋɪ̯ˈazac/ - /ʋěːzati/
ʋ-ʋ / ɪ̯a-eː / ∅-̌ / z-z / a-a / c-t_i
{0: [0], 1: [1], 2: None, 3: [2], 4: [3], 5: [4]}
{0: [0], 1: [1], 2: [2], 3: [3], 4: [4], 5: [5, 6]}
SCORE: 22.618

-------------------

/ʋɪ̯ˈɛtɔr/ - /ʋêtar/
ʋ-ʋ / ɪ̯ɛ-e_̂ / t-t / ɔ-a / r-r
{0: [0], 1: [1], 2: [2], 3: [3], 4: [4]}
{0: [0], 1: [1, 2], 2: [3], 3: [4], 4: [5]}
SCORE: 25.613

-------------------

/ʋʊ̯ˈɔɫ/ - /ʋôː/
ʋ-ʋ / ʊ̯ɔ_ɫ-oː / ∅-̂
{0: [0], 1: [1, 2], 2: None}
{0: [0], 1: [1], 2: [2]}
SCORE: 7.822

-------------------

/ʋˈidra/ - /ʋîdra/
ʋ-ʋ / i-i_̂ / d-d / r-r / a-a
{0: [0], 1: [1], 2: [2], 3: [3], 4: [4]}
{0: [0], 1: [1, 2], 2: [3], 3: [4], 4: [5]}
SCORE: 25.042

-------------------

/ʋˈiɟɪ̯ɛc/ - /ʋîdeti/
ʋ-ʋ / i-i_̂ / ɟ-d / ɪ̯ɛ-e / c-t_i
{0: [0], 1: [1], 2: [2], 3: [3], 4: [4]}
{0: [0], 1: [1, 2], 2: [3], 3: [4], 4: [5, 6]}
SCORE: 22.102

-------------------

/ʋˈɔda/ - /ʋǒda/
ʋ_ɔ-ʋ_o / ∅-̌ / d-d / a-a
{0: [0, 1], 1: None, 2: [2], 3: [3]}
{0: [0, 1], 1: [2], 2: [3], 3: [4]}
SCORE: 19.041

-------------------

/ʋˈɔsk/ - /ʋôsak/
ʋ_ɔ-ʋ_o / ∅-̂ / s-s / k-a_k
{0: [0, 1], 1: None, 2: [2], 3: [3]}
{0: [0, 1], 1: [2], 2: [3], 3: [4, 5]}
SCORE: 15.683

-------------------

/ʋˈɛʎkiː/ - /ʋělik/
ʋ-ʋ / ɛ-e / ∅-̌ / ʎ-l / ∅-i / k-k / iː_#>-#>
{0: [0], 1: [1], 2: None, 3: [2], 4: None, 5: [3], 6: [4]}
{0: [0], 1: [1], 2: [2], 3: [3], 4: [4], 5: [5], 6: None}
SCORE: 10.833

-------------------

/ʋˈɛʧɛr/ - /ʋêʧeːr/
ʋ-ʋ / ɛ-e / ∅-̂ / ʧ-ʧ / ɛ-eː / r-r
{0: [0], 1: [1], 2: None, 3: [2], 4: [3], 5: [4]}
{0: [0], 1: [1], 2: [2], 3: [3], 4: [4], 5: [5]}
SCORE: 25.85

-------------------

/ʋˈɫ̩k/ - /ʋûːk/
ʋ-ʋ / ɫ̩-uː / ∅-̂ / k-k
{0: [0], 1: [1], 2: None, 3: [2]}
{0: [0], 1: [1], 2: [2], 3: [3]}
SCORE: 15.677

-------------------

/ʎˈad̥/ - /lêːd/
ʎ-l / a-eː / ∅-̂ / d̥_#>-d_#>
{0: [0], 1: [1], 2: None, 3: [2]}
{0: [0], 1: [1], 2: [2], 3: [3]}
SCORE: 11.716

-------------------

/ʎˈuɟɪ̯a/ - /ʎûːdi/
ʎ-ʎ / u-uː / ∅-̂ / ɟ-d / ∅-i / ɪ̯a-∅
{0: [0], 1: [1], 2: None, 3: [2], 4: None, 5: [3]}
{0: [0], 1: [1], 2: [2], 3: [3], 4: [4], 5: None}
SCORE: 5.788

-------------------

/ʒˈeʎezɔ/ - /ʒěljezo/
ʒ-ʒ / ∅-e / ∅-̌ / e-∅ / ʎ-l / ∅-j / ∅-e / e-∅ / z-z / ɔ-o
{0: [0], 1: None, 2: None, 3: [1], 4: [2], 5: None, 6: None, 7: [3], 8: [4], 9: [5]}
{0: [0], 1: [1], 2: [2], 3: None, 4: [3], 5: [4], 6: [5], 7: None, 8: [6], 9: [7]}
SCORE: -3.186

-------------------

/ʒˈic/ - /ʒǐːʋeti/
ʒ-ʒ / i-iː / ∅-̌ / ∅-ʋ / ∅-e / c-t_i
{0: [0], 1: [1], 2: None, 3: None, 4: None, 5: [2]}
{0: [0], 1: [1], 2: [2], 3: [3], 4: [4], 5: [5, 6]}
SCORE: 5.279

-------------------

/ʒˈiʋiː/ - /ʒîːʋ/
ʒ-ʒ / i-iː / ∅-̂ / ʋ-ʋ / iː_#>-#>
{0: [0], 1: [1], 2: None, 3: [2], 4: [3]}
{0: [0], 1: [1], 2: [2], 3: [3], 4: None}
SCORE: 14.892

-------------------

/ʒˈɛna/ - /ʒěna/
ʒ-ʒ / ɛ-e / ∅-̌ / n-n / a-a
{0: [0], 1: [1], 2: None, 3: [2], 4: [3]}
{0: [0], 1: [1], 2: [2], 3: [3], 4: [4]}
SCORE: 20.646

-------------------

/ʒˈɫ̩tiː/ - /ʒûːt/
ʒ-ʒ / ɫ̩-uː / ∅-̂ / t-t / iː_#>-#>
{0: [0], 1: [1], 2: None, 3: [2], 4: [3]}
{0: [0], 1: [1], 2: [2], 3: [3], 4: None}
SCORE: 14.196

-------------------

/ʦˈeːra/ - /kʨêːr/
∅-k / ʦ-∅ / eː-ʨ / ∅-eː / ∅-̂ / r-r / a-∅
{0: None, 1: [0], 2: [1], 3: None, 4: None, 5: [2], 6: [3]}
{0: [0], 1: None, 2: [1], 3: [2], 4: [3], 5: [4], 6: None}
SCORE: -11.708

-------------------

/ʦˈɛna/ - /ʦěːna/
ʦ-ʦ / ɛ-eː / ∅-̌ / n-n / a-a
{0: [0], 1: [1], 2: None, 3: [2], 4: [3]}
{0: [0], 1: [1], 2: [2], 3: [3], 4: [4]}
SCORE: 20.008

-------------------

/ʦˈɛɫiː/ - /ʦêːliː/
ʦ-ʦ / ɛ-eː / ∅-̂ / ɫ-l / ∅-iː / iː_#>-#>
{0: [0], 1: [1], 2: None, 3: [2], 4: None, 5: [3]}
{0: [0], 1: [1], 2: [2], 3: [3], 4: [4], 5: None}
SCORE: 7.927

-------------------

/ʧɫˈɔʋɛk/ - /ʧǒʋek/
ʧ-ʧ / ɫ-∅ / ɔ-o / ∅-̌ / ʋ-ʋ / ɛ-e / k-k
{0: [0], 1: [1], 2: [2], 3: None, 4: [3], 5: [4], 6: [5]}
{0: [0], 1: None, 2: [1], 3: [2], 4: [3], 5: [4], 6: [5]}
SCORE: 21.853

-------------------

/ʧˈɔ/ - /ʃtô/
ʧ-ʃ / ∅-t / ɔ-o / ∅-̂
{0: [0], 1: None, 2: [1], 3: None}
{0: [0], 1: [1], 2: [2], 3: [3]}
SCORE: 2.506

-------------------

/ˈuxɔ/ - /ûʋo/
u-u_̂ / x-ʋ / ɔ-o
{0: [0], 1: [1], 2: [2]}
{0: [0, 1], 1: [2], 2: [3]}
SCORE: 9.281

-------------------

/ˈuɦʎɪ̯ɛ/ - /ûɡaʎ/
u-u_̂ / ɦ-ɡ / ∅-a / ʎ-ʎ / ɪ̯ɛ-∅
{0: [0], 1: [1], 2: None, 3: [2], 4: [3]}
{0: [0, 1], 1: [2], 2: [3], 3: [4], 4: None}
SCORE: 1.95

-------------------

/ˈuːsta/ - /ǔːsta/
uː-uː_̌ / s-s / t_a-t_a
{0: [0], 1: [1], 2: [2, 3]}
{0: [0, 1], 1: [2], 2: [3, 4]}
SCORE: 21.772

-------------------

/ˈɔbɫak/ - /ôblaːk/
<#_ɔ-<#_o / ∅-̂ / b-b / ɫ-l / a-aː / k-k
{0: [0], 1: None, 2: [1], 3: [2], 4: [3], 5: [4]}
{0: [0], 1: [1], 2: [2], 3: [3], 4: [4], 5: [5]}
SCORE: 27.167

-------------------

/ˈɔkɔ/ - /ôko/
<#_ɔ-<#_o / ∅-̂ / k-k / ɔ-o
{0: [0], 1: None, 2: [1], 3: [2]}
{0: [0], 1: [1], 2: [2], 3: [3]}
SCORE: 16.121

-------------------

/ˈɔrɔl/ - /ǒrao/
<#_ɔ-<#_o / ∅-̌ / r-r / ∅-a / ɔ-o / l-∅
{0: [0], 1: None, 2: [1], 3: None, 4: [2], 5: [3]}
{0: [0], 1: [1], 2: [2], 3: [3], 4: [4], 5: None}
SCORE: 6.071

-------------------

/ˈɔrɛx/ - /ǒrax/
<#_ɔ-<#_o / ∅-̌ / r-r / ɛ-a / x-x
{0: [0], 1: None, 2: [1], 3: [2], 4: [3]}
{0: [0], 1: [1], 2: [2], 3: [3], 4: [4]}
SCORE: 20.242

-------------------

/ˈɔsa/ - /ǒsa/
<#_ɔ-<#_o / ∅-̌ / s-s / a-a
{0: [0], 1: None, 2: [1], 3: [2]}
{0: [0], 1: [1], 2: [2], 3: [3]}
SCORE: 15.162

-------------------

/ˈɔsɛm/ - /ôsam/
<#_ɔ-<#_o / ∅-̂ / s-s / ɛ-a / m-m
{0: [0], 1: None, 2: [1], 3: [2], 4: [3]}
{0: [0], 1: [1], 2: [2], 3: [3], 4: [4]}
SCORE: 19.185

-------------------

/ˈɔɦɛɲ/ - /ǒɡaɲ/
<#_ɔ-<#_o / ∅-̌ / ɦ-ɡ / ɛ-a / ɲ-ɲ
{0: [0], 1: None, 2: [1], 3: [2], 4: [3]}
{0: [0], 1: [1], 2: [2], 3: [3], 4: [4]}
SCORE: 16.483
