/blˈat/ - /blˈɛə̯t/
[1/1] <#_b-<#_b / l-l / ˈa-ˈɛə̯ / t_#>-t_#>

-------------------

/blˈaʊ̯m/ - /blˈaʊ̯mə/
[1/1] <#_b-<#_b / l-l / ˈaʊ̯-ˈaʊ̯ / m-m_ə

-------------------

/blˈaʊ̯t/ - /blˈaʊ̯d/
[1/1] <#_b-<#_b / l-l / ˈaʊ̯-ˈaʊ̯ / t_#>-d_#>

-------------------

/blˈɔʏ̯dn̩/ - /blˈɔʏ̯n̩/
[1/1] <#_b-<#_b / l-l / ˈɔʏ̯-ˈɔʏ̯ / d-∅ / n_#>-n_#>

-------------------

/brˈaʊ̯t/ - /brˈeo̯t/
[1/1] <#_b-<#_b / r-r / ˈaʊ̯-ˈeo̯ / t_#>-t_#>

-------------------

/brˈaʊ̯ɾæ/ - /brˈaʊ̯ɐ/
[1/1] <#_b-<#_b / r-r / ˈaʊ̯-ˈaʊ̯ / ɾ-∅ / æ_#>-ɐ_#>

-------------------

/brˈuːɡn̩/ - /brˈuːən/
[1/1] <#_b-<#_b / r-r / ˈuː-ˈuː / ɡ-ə / n_#>-n_#>

-------------------

/brˈʏç/ - /brˈʏɡə/
[1/1] <#_b-<#_b / r_ˈʏ-r_ˈʏ / ∅-ɡ / ç_#>-ə_#>

-------------------

/bˈae̯dn̩/ - /bˈɛɪ̯n̩/
[1/1] <#_b-<#_b / ˈae̯-ˈɛɪ̯ / d-∅ / n_#>-n_#>

-------------------

/bˈae̯n/ - /bˈɛɪ̯n/
[1/1] <#_b-<#_b / ˈae̯-ˈɛɪ̯ / n_#>-n_#>

-------------------

/bˈaɪ̯æ/ - /bˈɛɪ̯rə/
[1/1] <#_b-<#_b / ˈaɪ̯-ˈɛɪ̯ / æ-r_ə

-------------------

/bˈaʊ̯k/ - /bˈaʊ̯k/
[1/1] <#_b-<#_b / ˈaʊ̯-ˈaʊ̯ / k_#>-k_#>

-------------------

/bˈaʊ̯m/ - /bˈeo̯m/
[1/1] <#_b-<#_b / ˈaʊ̯-ˈeo̯ / m-m

-------------------

/bˈaʊ̯t/ - /bˈeo̯t/
[1/1] <#_b-<#_b / ˈaʊ̯-ˈeo̯ / t_#>-t_#>

-------------------

/bˈaːd/ - /bˈaːd/
[1/1] <#_b-<#_b / ˈaː-ˈaː / d_#>-d_#>

-------------------

/bˈaːx/ - /bˈaɐx/
[1/1] <#_b-<#_b / ˈaː-ˈa_ɐ / x_#>-x_#>

-------------------

/bˈiːtn̩/ - /bˈiːtn̩/
[1/1] <#_b-<#_b / ˈiː_t-ˈiː_t / n_#>-n_#>

-------------------

/bˈoːæ/ - /bˈɛːɐ/
[1/1] <#_b-<#_b / ˈoː-ˈɛː / æ_#>-ɐ_#>

-------------------

/bˈɔst/ - /bˈɔst/
[1/1] <#_b-<#_b / ˈɔ-ˈɔ / s-s / t_#>-t_#>

-------------------

/bˈɛːɾæ/ - /bˈeːtɐ/
[1/1] <#_b-<#_b / ˈɛː-ˈeː / ɾ-t / æ_#>-ɐ_#>

-------------------

/bˈɪn̩/ - /bˈɪn̩/
[1/1] <#_b-<#_b / ˈɪ-ˈɪ / n_#>-n_#>

-------------------

/bˈɪɾn̩/ - /bˈɪdn̩/
[1/1] <#_b-<#_b / ˈɪ-ˈɪ / ɾ-d / n_#>-n_#>

-------------------

/drˈae̯/ - /drˈɛɪ̯/
[1/1] <#_d-<#_d / r-r / ˈae̯_#>-ˈɛɪ̯_#>

-------------------

/drˈaʊ̯m/ - /drˈeo̯m/
[1/1] <#_d-<#_d / r-r / ˈaʊ̯-ˈeo̯ / m-m

-------------------

/drˈiːm/ - /drˈiːvn̩/
[1/1] <#_d-<#_d / r-r / ˈiː-ˈiː / m-v_n

-------------------

/drˈɔʏ̯m/ - /drˈøːmn̩/
[1/1] <#_d-<#_d / r_ˈɔʏ̯-r_ˈøː / m-m_n

-------------------

/drˈɔʏ̯ç/ - /drˈøːɣə/
[1/1] <#_d-<#_d / r_ˈɔʏ̯-r_ˈøː / ç-ɣ_ə

-------------------

/drˈɪŋkn̩/ - /drˈɪŋkn̩/
[1/1] <#_d-<#_d / r_ˈɪ-r_ˈɪ / ŋ-ŋ / k_n-k_n

-------------------

/drˈʏkn̩/ - /drˈʏkn̩/
[1/1] <#_d-<#_d / r_ˈʏ-r_ˈʏ / k_n-k_n

-------------------

/drˈʏtae̯n/ - /drˈʏtɒːn/
[1/1] <#_d-<#_d / r_ˈʏ-r_ˈʏ / t-t / ae̯-ɒː / n_#>-n_#>

-------------------

/dˈae̯f/ - /dˈɛɪ̯f/
[1/1] <#_d-<#_d / ˈae̯-ˈɛɪ̯ / f_#>-f_#>

-------------------

/dˈae̯p/ - /dˈɛɪ̯p/
[1/1] <#_d-<#_d / ˈae̯-ˈɛɪ̯ / p_#>-p_#>

-------------------

/dˈax/ - /dˈax/
[1/1] <#_d-<#_d / ˈa-ˈa / x_#>-x_#>

-------------------

/dˈaŋkn̩/ - /dˈaŋkn̩/
[1/1] <#_d-<#_d / ˈa-ˈa / ŋ-ŋ / k_n-k_n

-------------------

/dˈaʊ̯d/ - /dˈeo̯d/
[1/1] <#_d-<#_d / ˈaʊ̯-ˈeo̯ / d_#>-d_#>

-------------------

/dˈiːæt/ - /dˈɛɪ̯ɐt/
[1/1] <#_d-<#_d / ˈiː_æ-ˈɛɪ̯_ɐ / t_#>-t_#>

-------------------

/dˈoːd/ - /dˈeo̯t/
[1/1] <#_d-<#_d / ˈoː-ˈeo̯ / d-t

-------------------

/dˈuː/ - /dˈuː/
[1/1] <#_d-<#_d / ˈuː_#>-ˈuː_#>

-------------------

/dˈuːf/ - /dˈuːvə/
[1/1] <#_d-<#_d / ˈuː-ˈuː / ∅-v / f-ə

-------------------

/dˈuːm/ - /dˈuːmn̩/
[1/1] <#_d-<#_d / ˈuː-ˈuː / m-m_n

-------------------

/dˈuːzn̩d/ - /dˈuːzn̩d/
[1/1] <#_d-<#_d / ˈuː-ˈuː / z-z / n-n / d_#>-d_#>

-------------------

/dˈuːæn/ - /dˈoːɐn/
[1/1] <#_d-<#_d / ˈuː_æ-ˈoː_ɐ / n_#>-n_#>

-------------------

/dˈyːtʃ/ - /dˈʏtʃ/
[1/1] <#_d-<#_d / ˈyː-ˈʏ / t-t / ʃ_#>-ʃ_#>

-------------------

/dˈyːæ/ - /dˈyːɐ/
[1/1] <#_d-<#_d / ˈyː-ˈyː / æ_#>-ɐ_#>

-------------------

/dˈœst/ - /dˈœst/
[1/1] <#_d-<#_d / ˈœ-ˈœ / s-s / t_#>-t_#>

-------------------

/dˈɔxtæ/ - /dˈɔxtɐ/
[1/1] <#_d-<#_d / ˈɔ-ˈɔ / x-x / t-t / æ_#>-ɐ_#>

-------------------

/dˈɪk/ - /dˈɪk/
[1/1] <#_d-<#_d / ˈɪ-ˈɪ / k_#>-k_#>

-------------------

/dˈɪŋ/ - /dˈɪŋ/
[1/1] <#_d-<#_d / ˈɪ-ˈɪ / ŋ_#>-ŋ_#>

-------------------

/dˈʊnæ/ - /dˈʊnɐ/
[1/1] <#_d-<#_d / ˈʊ-ˈʊ / n-n / æ_#>-ɐ_#>

-------------------

/dˈʏn/ - /dˈʏnə/
[1/1] <#_d-<#_d / ˈʏ-ˈʏ / n-n_ə

-------------------

/flˈae̯ç/ - /flˈɛɪ̯jə/
[1/1] <#_f-<#_f / l_ˈae̯-l_ˈɛɪ̯ / ∅-j / ç_#>-ə_#>

-------------------

/flˈae̯ŋ/ - /flˈɛɪ̯ŋ/
[1/1] <#_f-<#_f / l_ˈae̯-l_ˈɛɪ̯ / ŋ_#>-ŋ_#>

-------------------

/flˈae̯ʃ/ - /flˈɛɪ̯ʃ/
[1/1] <#_f-<#_f / l_ˈae̯-l_ˈɛɪ̯ / ʃ_#>-ʃ_#>

-------------------

/frˈaɪ̯æn/ - /frˈɛɪ̯zn̩/
[1/1] <#_f-<#_f / r-r / ˈaɪ̯_æ-ˈɛɪ̯ / ∅-z / n_#>-n_#>

-------------------

/frˈiː/ - /frˈiː/
[1/1] <#_f-<#_f / r-r / ˈiː_#>-ˈiː_#>

-------------------

/frˈuː/ - /frˈuː/
[1/1] <#_f-<#_f / r-r / ˈuː_#>-ˈuː_#>

-------------------

/frˈɪʃ/ - /frˈɪʃ/
[1/1] <#_f-<#_f / r_ˈɪ-r_ˈɪ / ʃ_#>-ʃ_#>

-------------------

/frˈʏnd/ - /frˈʏnd/
[1/1] <#_f-<#_f / r-r / ˈʏ_n-ˈʏ_n / d_#>-d_#>

-------------------

/fˈaɾæ/ - /fˈɒːdɐ/
[1/1] <#_f-<#_f / ˈa-ˈɒː / ɾ-d / æ_#>-ɐ_#>

-------------------

/fˈaʊ̯t/ - /fˈaʊ̯t/
[1/1] <#_f-<#_f / ˈaʊ̯-ˈaʊ̯ / t_#>-t_#>

-------------------

/fˈiːf/ - /fˈiːf/
[1/1] <#_f-<#_f / ˈiː-ˈiː / f_#>-f_#>

-------------------

/fˈiːæ/ - /fˈɛɪ̯ɐ/
[1/1] <#_f-<#_f / ˈiː-ˈɛɪ̯ / æ_#>-ɐ_#>

-------------------

/fˈyːæ/ - /fˈyːɐ/
[1/1] <#_f-<#_f / ˈyː-ˈyː / æ_#>-ɐ_#>

-------------------

/fˈœːæ/ - /fˈoːɐ/
[1/1] <#_f-<#_f / ˈœː-ˈoː / æ_#>-ɐ_#>

-------------------

/fˈɒːɡl̩/ - /fˈuːɣl̩/
[1/1] <#_f-<#_f / ˈɒː-ˈuː / ɡ-ɣ / l_#>-l_#>

-------------------

/fˈɔlɡn̩/ - /fˈɔlɡn̩/
[1/1] <#_f-<#_f / ˈɔ-ˈɔ / l-l / ɡ-ɡ / n_#>-n_#>

-------------------

/fˈɔs/ - /fˈɔs/
[1/1] <#_f-<#_f / ˈɔ-ˈɔ / s_#>-s_#>

-------------------

/fˈɔʏ̯ln̩/ - /fˈɔʏ̯ln̩/
[1/1] <#_f-<#_f / ˈɔʏ̯-ˈɔʏ̯ / l-l / n_#>-n_#>

-------------------

/fˈɔʏ̯t/ - /fˈɔʏ̯tə/
[1/1] <#_f-<#_f / ˈɔʏ̯-ˈɔʏ̯ / t-t_ə

-------------------

/fˈɛɾæ/ - /fˈeːɐ/
[1/1] <#_f-<#_f / ˈɛ-∅ / ɾ-ˈeː / æ_#>-ɐ_#>

-------------------

/fˈɪn̩/ - /fˈɪn̩/
[1/1] <#_f-<#_f / ˈɪ-ˈɪ / n_#>-n_#>

-------------------

/fˈɪŋæ/ - /fˈɪŋɐ/
[1/1] <#_f-<#_f / ˈɪ-ˈɪ / ŋ-ŋ / æ_#>-ɐ_#>

-------------------

/fˈɪʃ/ - /fˈɪʃ/
[1/1] <#_f-<#_f / ˈɪ-ˈɪ / ʃ_#>-ʃ_#>

-------------------

/fˈʊl/ - /fˈʊl/
[1/1] <#_f-<#_f / ˈʊ-ˈʊ / l_#>-l_#>

-------------------

/hˈae̯t/ - /hˈɛɪ̯t/
[1/1] <#_h-<#_h / ˈae̯-ˈɛɪ̯ / t_#>-t_#>

-------------------

/hˈalf/ - /hˈalf/
[1/1] <#_h-<#_h / ˈa-ˈa / l-l / f_#>-f_#>

-------------------

/hˈand/ - /hˈand/
[1/1] <#_h-<#_h / ˈa_n-ˈa_n / d_#>-d_#>

-------------------

/hˈaʊ̯x/ - /hˈeo̯x/
[1/1] <#_h-<#_h / ˈaʊ̯-ˈeo̯ / x_#>-x_#>

-------------------

/hˈaːt/ - /hˈaɐtə/
[1/1] <#_h-<#_h / ˈaː-ˈa_ɐ / t-t_ə

-------------------

/hˈiːæ/ - /hˈiːɐ/
[1/1] <#_h-<#_h / ˈiː-ˈiː / æ_#>-ɐ_#>

-------------------

/hˈoːæ/ - /hˈɒːɐ/
[1/1] <#_h-<#_h / ˈoː-ˈɒː / æ_#>-ɐ_#>

-------------------

/hˈuːs/ - /hˈuːs/
[1/1] <#_h-<#_h / ˈuː-ˈuː / s_#>-s_#>

-------------------

/hˈuːt/ - /hˈuːt/
[1/1] <#_h-<#_h / ˈuː-ˈuː / t_#>-t_#>

-------------------

/hˈyːæn/ - /hˈɔʏ̯ɐn/
[1/1] <#_h-<#_h / ˈyː-ˈɔʏ̯ / æ_n-ɐ_n

-------------------

/hˈɒːs/ - /hˈɒːzə/
[1/1] <#_h-<#_h / ˈɒː-ˈɒː / s-z_ə

-------------------

/hˈɔnɪç/ - /hˈɔnɪç/
[1/1] <#_h-<#_h / ˈɔ-ˈɔ / n-n / ɪ-ɪ / ç_#>-ç_#>

-------------------

/hˈɛbm̩/ - /hˈɛbn̩/
[1/1] <#_h-<#_h / ˈɛ-ˈɛ / b-b / m-n

-------------------

/hˈɛlpn̩/ - /hˈɛlpn̩/
[1/1] <#_h-<#_h / ˈɛ-ˈɛ / l-l / p-p / n_#>-n_#>

-------------------

/hˈɛn/ - /hˈɛn/
[1/1] <#_h-<#_h / ˈɛ-ˈɛ / n_#>-n_#>

-------------------

/hˈɪlɪç/ - /hˈɪlɪç/
[1/1] <#_h-<#_h / ˈɪ-ˈɪ / l-l / ɪ-ɪ / ç_#>-ç_#>

-------------------

/hˈʊnd/ - /hˈʊnd/
[1/1] <#_h-<#_h / ˈʊ-ˈʊ / n-n / d_#>-d_#>

-------------------

/hˈʊŋæ/ - /hˈʊŋɐ/
[1/1] <#_h-<#_h / ˈʊ-ˈʊ / ŋ-ŋ / æ_#>-ɐ_#>

-------------------

/jrˈɔʏ̯n/ - /jrˈɔʏ̯n/
[1/1] <#_j-<#_j / r-r / ˈɔʏ̯-ˈɔʏ̯ / n_#>-n_#>

-------------------

/jˈoːæ/ - /jˈɒːɐ/
[1/1] <#_j-<#_j / ˈoː-ˈɒː / æ_#>-ɐ_#>

-------------------

/jˈɛl/ - /jˈɛl/
[1/1] <#_j-<#_j / ˈɛ-ˈɛ / l_#>-l_#>

-------------------

/jˈɛːbm̩/ - /jˈeːm/
[1/1] <#_j-<#_j / ˈɛː-ˈeː / b-∅ / m-m

-------------------

/jˈʊŋk/ - /jˈʊŋ/
[1/1] <#_j-<#_j / ˈʊ-ˈʊ / ŋ_k_#>-ŋ_#>

-------------------

/kʰnˈae̯/ - /knˈɛɪ̯/
[1/1] <#_kʰ-<#_k / n-n / ˈae̯_#>-ˈɛɪ̯_#>

-------------------

/kʰnˈʊt/ - /knˈʊtə/
[1/1] <#_kʰ-<#_k / n-n / ˈʊ-ˈʊ / t-t_ə

-------------------

/kʰˈalf/ - /kˈalf/
[1/1] <#_kʰ-<#_k / ˈa-ˈa / l-l / f_#>-f_#>

-------------------

/kʰˈat/ - /kˈatə/
[1/1] <#_kʰ-<#_k / ˈa-ˈa / t-t_ə

-------------------

/kʰˈaʊ̯/ - /kˈaʊ̯/
[1/1] <#_kʰ-<#_k / ˈaʊ̯_#>-ˈaʊ̯_#>

-------------------

/kʰˈaʊ̯lt/ - /kˈɔld/
[1/1] <#_kʰ-<#_k / ˈaʊ̯-ˈɔ / l-l / t_#>-d_#>

-------------------

/kʰˈiːæç/ - /kˈɛːɐkə/
[1/1] <#_kʰ-<#_k / ∅-ˈɛː / ˈiː-ɐ / æ-k / ç_#>-ə_#>

-------------------

/kʰˈyːkn̩/ - /kˈyːkn̩/
[1/1] <#_kʰ-<#_k / ˈyː-ˈyː / k_n-k_n

-------------------

/kʰˈœːn̩/ - /kˈœn̩/
[1/1] <#_kʰ-<#_k / ˈœː-ˈœ / n_#>-n_#>

-------------------

/kʰˈɒːm/ - /kˈoːmn̩/
[1/1] <#_kʰ-<#_k / ˈɒː_m-ˈoː_m / ∅-n

-------------------

/kʰˈɔp/ - /kˈɔp/
[1/1] <#_kʰ-<#_k / ˈɔ-ˈɔ / p_#>-p_#>

-------------------

/kʰˈɛn̩/ - /kˈɛn̩/
[1/1] <#_kʰ-<#_k / ˈɛ-ˈɛ / n_#>-n_#>

-------------------

/kʰˈɛɪ̯s/ - /kˈɛɪ̯zə/
[1/1] <#_kʰ-<#_k / ˈɛɪ̯-ˈɛɪ̯ / s-z_ə

-------------------

/kʰˈɪnd/ - /kˈɪnd/
[1/1] <#_kʰ-<#_k / ˈɪ_n-ˈɪ_n / d_#>-d_#>

-------------------

/lˈae̯f/ - /lˈɛɪ̯f/
[1/1] <#_l-<#_l / ˈae̯-ˈɛɪ̯ / f_#>-f_#>

-------------------

/lˈae̯ŋ/ - /lˈɛɪ̯ŋ/
[1/1] <#_l-<#_l / ˈae̯-ˈɛɪ̯ / ŋ_#>-ŋ_#>

-------------------

/lˈam/ - /lˈam/
[1/1] <#_l-<#_l / ˈa-ˈa / m-m

-------------------

/lˈand/ - /lˈand/
[1/1] <#_l-<#_l / ˈa_n-ˈa_n / d_#>-d_#>

-------------------

/lˈaxn̩/ - /lˈaxn̩/
[1/1] <#_l-<#_l / ˈa-ˈa / x-x / n_#>-n_#>

-------------------

/lˈaŋk/ - /lˈaŋ/
[1/1] <#_l-<#_l / ˈa-ˈa / ŋ_k_#>-ŋ_#>

-------------------

/lˈaʊ̯pn̩/ - /lˈoːbm̩/
[1/1] <#_l-<#_l / ˈaʊ̯-ˈoː / p-b / n-m

-------------------

/lˈɪç/ - /lˈɪç/
[1/1] <#_l-<#_l / ˈɪ-ˈɪ / ç_#>-ç_#>

-------------------

/lˈɪç/ - /lˈɪçtə/
[1/1] <#_l-<#_l / ˈɪ-ˈɪ / ∅-ç / ∅-t / ç_#>-ə_#>

-------------------

/lˈɪŋ/ - /lˈɪɡn̩/
[1/1] <#_l-<#_l / ˈɪ-ˈɪ / ∅-ɡ / ŋ-n

-------------------

/mˈan/ - /mˈan/
[1/1] <#_m-<#_m / ˈa-ˈa / n_#>-n_#>

-------------------

/mˈaxt/ - /mˈaxt/
[1/1] <#_m-<#_m / ˈa-ˈa / x-x / t_#>-t_#>

-------------------

/mˈiː/ - /mˈiː/
[1/1] <#_m-<#_m / ˈiː_#>-ˈiː_#>

-------------------

/mˈuːl/ - /mˈuːl/
[1/1] <#_m-<#_m / ˈuː-ˈuː / l_#>-l_#>

-------------------

/mˈuːs/ - /mˈuːs/
[1/1] <#_m-<#_m / ˈuː-ˈuː / s_#>-s_#>

-------------------

/mˈɒːn/ - /mˈɒːn/
[1/1] <#_m-<#_m / ˈɒː-ˈɒː / n_#>-n_#>

-------------------

/mˈɒːnd/ - /mˈɒːnd/
[1/1] <#_m-<#_m / ˈɒː_n-ˈɒː_n / d_#>-d_#>

-------------------

/mˈɛlk/ - /mˈɛlk/
[1/1] <#_m-<#_m / ˈɛ-ˈɛ / l-l / k_#>-k_#>

-------------------

/mˈɪnʃ/ - /mˈɪnʃə/
[1/1] <#_m-<#_m / ˈɪ_n-ˈɪ_n / ʃ_#>-ʃ_ə_#>

-------------------

/mˈʊnd/ - /mˈʊnd/
[1/1] <#_m-<#_m / ˈʊ-ˈʊ / n-n / d_#>-d_#>

-------------------

/mˈʊɾæ/ - /mˈʊdɐ/
[1/1] <#_m-<#_m / ˈʊ-ˈʊ / ɾ-d / æ_#>-ɐ_#>

-------------------

/nˈax/ - /nˈax/
[1/1] <#_n-<#_n / ˈa-ˈa / x_#>-x_#>

-------------------

/nˈiːç/ - /nˈiː/
[1/1] <#_n-<#_n / ˈiː-ˈiː / ç-∅

-------------------

/nˈœːt/ - /nˈɔt/
[1/1] <#_n-<#_n / ˈœː-ˈɔ / t_#>-t_#>

-------------------

/nˈɒːkt/ - /nˈɒːkət/
[1/1] <#_n-<#_n / ˈɒː-ˈɒː / k-k_ə / t_#>-t_#>

-------------------

/nˈɒːm/ - /nˈɒːmə/
[1/1] <#_n-<#_n / ˈɒː-ˈɒː / m-m_ə

-------------------

/nˈɒːɡl̩/ - /nˈɛːjl̩/
[1/1] <#_n-<#_n / ˈɒː-ˈɛː / ɡ-j / l_#>-l_#>

-------------------

/nˈɛːs/ - /nˈɛːzə/
[1/1] <#_n-<#_n / ˈɛː-ˈɛː / s-z_ə

-------------------

/nˈɛːɣn̩/ - /nˈeːɣn̩/
[1/1] <#_n-<#_n / ˈɛː-ˈeː / ɣ-ɣ / n_#>-n_#>

-------------------

/rˈaʊ̯k/ - /rˈeo̯k/
[1/1] <#_r-<#_r / ˈaʊ̯-ˈeo̯ / k_#>-k_#>

-------------------

/rˈaʊ̯t/ - /rˈeo̯t/
[1/1] <#_r-<#_r / ˈaʊ̯-ˈeo̯ / t_#>-t_#>

-------------------

/rˈiːk/ - /rˈiːk/
[1/1] <#_r-<#_r / ˈiː-ˈiː / k_#>-k_#>

-------------------

/rˈɛçt/ - /rˈɛçt/
[1/1] <#_r-<#_r / ˈɛ-ˈɛ / ç-ç / t_#>-t_#>

-------------------

/rˈɛŋ/ - /rˈɛːn/
[1/1] <#_r-<#_r / ˈɛ-ˈɛː / ŋ-n

-------------------

/rˈɪŋ/ - /rˈɪŋ/
[1/1] <#_r-<#_r / ˈɪ-ˈɪ / ŋ_#>-ŋ_#>

-------------------

/rˈʏç/ - /rˈʏɣə/
[1/1] <#_r-<#_r / ˈʏ-ˈʏ / ç-ɣ_ə

-------------------

/sˈʏstæ/ - /swˈɛstɐ/
[1/1] s-s / ∅-w / ˈʏ-ˈɛ / s-s / t-t / æ_#>-ɐ_#>

-------------------

/tʰrˈɒːn/ - /trˈɒːnə/
[1/1] <#_tʰ-<#_t / r-r / ˈɒː-ˈɒː / n-n_ə

-------------------

/tʰvˈae̯/ - /tvˈɛɪ̯/
[1/1] <#_tʰ-<#_t / v-v / ˈae̯_#>-ˈɛɪ̯_#>

-------------------

/tʰvˈœlf/ - /tvˈœlf/
[1/1] <#_tʰ-<#_t / v-v / ˈœ-ˈœ / l-l / f_#>-f_#>

-------------------

/tʰvˈɪntɪç/ - /tvˈɪntɪç/
[1/1] <#_tʰ-<#_t / v-v / ˈɪ_n-ˈɪ_n / t-t / ɪ-ɪ / ç_#>-ç_#>

-------------------

/tʰˈae̯kn̩/ - /tˈɛɪ̯kn̩/
[1/1] <#_tʰ-<#_t / ˈae̯-ˈɛɪ̯ / k_n-k_n

-------------------

/tʰˈae̯n/ - /tˈɛɪ̯n/
[1/1] <#_tʰ-<#_t / ˈae̯-ˈɛɪ̯ / n_#>-n_#>

-------------------

/tʰˈeːn/ - /tˈoːn/
[1/1] <#_tʰ-<#_t / ˈeː-ˈoː / n_#>-n_#>

-------------------

/tʰˈiːt/ - /tˈiːd/
[1/1] <#_tʰ-<#_t / ˈiː-ˈiː / t_#>-d_#>

-------------------

/tʰˈɛːn/ - /tˈɛːnə/
[1/1] <#_tʰ-<#_t / ˈɛː-ˈɛː / n-n_ə

-------------------

/tʰˈʊŋ/ - /tˈʊŋə/
[1/1] <#_tʰ-<#_t / ˈʊ-ˈʊ / ŋ-ŋ_ə

-------------------

/vˈae̯k/ - /vˈaɪ̯k/
[1/1] <#_v-<#_v / ˈae̯-ˈaɪ̯ / k_#>-k_#>

-------------------

/vˈae̯tn̩/ - /vˈɛtn̩/
[1/1] <#_v-<#_v / ˈae̯-ˈɛ / t-t / n_#>-n_#>

-------------------

/vˈat/ - /vˈat/
[1/1] <#_v-<#_v / ˈa-ˈa / t_#>-t_#>

-------------------

/vˈaːm/ - /vˈaːɐm/
[1/1] <#_v-<#_v / ˈaː-ˈaː / ∅-ɐ / m-m

-------------------

/vˈiː/ - /vˈiː/
[1/1] <#_v-<#_v / ˈiː_#>-ˈiː_#>

-------------------

/vˈiːf/ - /vˈiːf/
[1/1] <#_v-<#_v / ˈiː-ˈiː / f_#>-f_#>

-------------------

/vˈiːn/ - /vˈiːn/
[1/1] <#_v-<#_v / ˈiː-ˈiː / n_#>-n_#>

-------------------

/vˈoːæm/ - /vˈoːɐm/
[1/1] <#_v-<#_v / ˈoː-ˈoː / æ_m-ɐ_m

-------------------

/vˈuːæt/ - /vˈoːɐt/
[1/1] <#_v-<#_v / ˈuː_æ-ˈoː_ɐ / t_#>-t_#>

-------------------

/vˈɒːtæ/ - /vˈɒːtɐ/
[1/1] <#_v-<#_v / ˈɒː-ˈɒː / t-t / æ_#>-ɐ_#>

-------------------

/vˈɛç/ - /vˈɛç/
[1/1] <#_v-<#_v / ˈɛ-ˈɛ / ç_#>-ç_#>

-------------------

/vˈɛːk/ - /vˈeːkə/
[1/1] <#_v-<#_v / ˈɛː-ˈeː / k-k_ə

-------------------

/vˈɛːɾæ/ - /vˈɛːɐ/
[1/1] <#_v-<#_v / ˈɛː-ˈɛː / ɾ-∅ / æ_#>-ɐ_#>

-------------------

/vˈɪld/ - /vˈɪlə/
[1/1] <#_v-<#_v / ˈɪ-ˈɪ / l-l / d-ə

-------------------

/vˈɪnd/ - /vˈɪnd/
[1/1] <#_v-<#_v / ˈɪ_n-ˈɪ_n / d_#>-d_#>

-------------------

/vˈɪntæ/ - /vˈɪntɐ/
[1/1] <#_v-<#_v / ˈɪ_n-ˈɪ_n / t-t / æ_#>-ɐ_#>

-------------------

/vˈɪt/ - /vˈɪt/
[1/1] <#_v-<#_v / ˈɪ-ˈɪ / t_#>-t_#>

-------------------

/vˈʊl/ - /vˈʊlə/
[1/1] <#_v-<#_v / ˈʊ-ˈʊ / l_#>-l_ə_#>

-------------------

/vˈʊlf/ - /vˈʊlf/
[1/1] <#_v-<#_v / ˈʊ-ˈʊ / l-l / f_#>-f_#>

-------------------

/vˈʊnæ/ - /vˈʊnɐ/
[1/1] <#_v-<#_v / ˈʊ-ˈʊ / n-n / æ_#>-ɐ_#>

-------------------

/vˈʏnʃn̩/ - /vˈʏnʃn̩/
[1/1] <#_v-<#_v / ˈʏ_n-ˈʏ_n / ʃ-ʃ / n_#>-n_#>

-------------------

/zˈae̯n/ - /zˈɛɪ̯n/
[1/1] <#_z-<#_z / ˈae̯-ˈɛɪ̯ / n_#>-n_#>

-------------------

/zˈand/ - /zˈand/
[1/1] <#_z-<#_z / ˈa_n-ˈa_n / d_#>-d_#>

-------------------

/zˈeːl/ - /zˈeːlə/
[1/1] <#_z-<#_z / ˈeː-ˈeː / l_#>-l_ə_#>

-------------------

/zˈiːt/ - /zˈiːtə/
[1/1] <#_z-<#_z / ˈiː-ˈiː / t-t_ə

-------------------

/zˈuːæ/ - /zˈuːɐ/
[1/1] <#_z-<#_z / ˈuː-ˈuː / æ_#>-ɐ_#>

-------------------

/zˈœːm/ - /zˈeːvn̩/
[1/1] <#_z-<#_z / ˈœː-ˈeː / m-v_n

-------------------

/zˈœːn/ - /zˈoːn/
[1/1] <#_z-<#_z / ˈœː-ˈoː / n_#>-n_#>

-------------------

/zˈɔlt/ - /zˈɔlt/
[1/1] <#_z-<#_z / ˈɔ-ˈɔ / l-l / t_#>-t_#>

-------------------

/zˈɔmæ/ - /zˈœmɐ/
[1/1] <#_z-<#_z / ˈɔ-ˈœ / m-m / æ_#>-ɐ_#>

-------------------

/zˈɔʏ̯kn̩/ - /zˈɔʏ̯kn̩/
[1/1] <#_z-<#_z / ˈɔʏ̯-ˈɔʏ̯ / k_n-k_n

-------------------

/zˈɔʏ̯t/ - /zˈɔʏ̯tə/
[1/1] <#_z-<#_z / ˈɔʏ̯-ˈɔʏ̯ / t-t_ə

-------------------

/zˈɛŋ/ - /zˈɛjn̩/
[1/1] <#_z-<#_z / ˈɛ-ˈɛ / ∅-j / ŋ-n

-------------------

/zˈɪtn̩/ - /zˈɪtn̩/
[1/1] <#_z-<#_z / ˈɪ-ˈɪ / t-t / n_#>-n_#>

-------------------

/zˈɪŋ/ - /zˈɪŋ/
[1/1] <#_z-<#_z / ˈɪ-ˈɪ / ŋ_#>-ŋ_#>

-------------------

/zˈʏlm/ - /zˈʏlvn̩/
[1/1] <#_z-<#_z / ˈʏ-ˈʏ / l-l / m-v_n

-------------------

/ɡrˈaʊ̯t/ - /ɣrˈeo̯t/
[1/1] <#_ɡ-<#_ɣ / r-r / ˈaʊ̯-ˈeo̯ / t_#>-t_#>

-------------------

/ɡrˈaʊ̯t/ - /ɣrˈeo̯tə/
[1/1] <#_ɡ-<#_ɣ / r-r / ˈaʊ̯-ˈeo̯ / t-t_ə

-------------------

/ɡrˈaːs/ - /ɣrˈaːs/
[1/1] <#_ɡ-<#_ɣ / r-r / ˈaː-ˈaː / s_#>-s_#>

-------------------

/ɡˈas/ - /ɣˈas/
[1/1] <#_ɡ-<#_ɣ / ˈa-ˈa / s_#>-s_#>

-------------------

/ɡˈaʊ̯s/ - /ɣˈaʊ̯s/
[1/1] <#_ɡ-<#_ɣ / ˈaʊ̯-ˈaʊ̯ / s_#>-s_#>

-------------------

/ɡˈaʊ̯t/ - /ɣˈʊt/
[1/1] <#_ɡ-<#_ɣ / ˈaʊ̯-ˈʊ / t_#>-t_#>

-------------------

/ɡˈɒːn/ - /ɣˈɒːn/
[1/1] <#_ɡ-<#_ɣ / ˈɒː-ˈɒː / n_#>-n_#>

-------------------

/ɡˈɔld/ - /ɣˈɔld/
[1/1] <#_ɡ-<#_ɣ / ˈɔ-ˈɔ / l-l / d_#>-d_#>

-------------------

/ɡˈɔt/ - /ɣˈɔt/
[1/1] <#_ɡ-<#_ɣ / ˈɔ-ˈɔ / t_#>-t_#>

-------------------

/ʃlˈaŋ/ - /slˈaŋə/
[1/1] <#_ʃ-<#_s / l-l / ˈa-ˈa / ŋ-ŋ_ə

-------------------

/ʃlˈɒːbm̩/ - /slˈɒːbm̩/
[1/1] <#_ʃ-<#_s / l-l / ˈɒː-ˈɒː / b-b / m-m

-------------------

/ʃnˈae̯/ - /snˈɛɪ̯/
[1/1] <#_ʃ-<#_s / n-n / ˈae̯_#>-ˈɛɪ̯_#>

-------------------

/ʃprˈɒːk/ - /sprˈɒːkə/
[1/1] <#_ʃ-<#_s / p-p / r-r / ˈɒː-ˈɒː / k-k_ə

-------------------

/ʃtˈae̯n/ - /stˈɛɪ̯n/
[1/1] <#_ʃ-<#_s / t-t / ˈae̯-ˈɛɪ̯ / n_#>-n_#>

-------------------

/ʃtˈaʊ̯l/ - /stˈaʊ̯l/
[1/1] <#_ʃ-<#_s / t-t / ˈaʊ̯-ˈaʊ̯ / l_#>-l_#>

-------------------

/ʃtˈiːæn/ - /stˈeːɐn/
[1/1] <#_ʃ-<#_s / t-t / ˈiː-ˈeː / æ_n-ɐ_n

-------------------

/ʃtˈuːæm/ - /stˈɔɐm/
[1/1] <#_ʃ-<#_s / t-t / ˈuː-ˈɔ / æ_m-ɐ_m

-------------------

/ʃwˈae̯t/ - /swˈɛɪ̯t/
[1/1] <#_ʃ-<#_s / w-w / ˈae̯-ˈɛɪ̯ / t_#>-t_#>

-------------------

/ʃwˈat/ - /swˈaɐt/
[1/1] <#_ʃ-<#_s / w-w / ˈa-ˈa / ∅-ɐ / t_#>-t_#>

-------------------

/ʃwˈiːn/ - /swˈiːn/
[1/1] <#_ʃ-<#_s / w-w / ˈiː-ˈiː / n_#>-n_#>

-------------------

/ʃwˈɛm/ - /swˈɪm/
[1/1] <#_ʃ-<#_s / w-w / ˈɛ-ˈɪ / m-m

-------------------

/ʃˈae̯tn̩/ - /ʃˈɛɪ̯tn̩/
[1/1] <#_ʃ-<#_ʃ / ˈae̯_t-ˈɛɪ̯_t / n_#>-n_#>

-------------------

/ʃˈaʊ̯/ - /ʃˈaʊ̯/
[1/1] <#_ʃ-<#_ʃ / ˈaʊ̯_#>-ˈaʊ̯_#>

-------------------

/ʃˈaːp/ - /ʃˈaɐpə/
[1/1] <#_ʃ-<#_ʃ / ˈaː-ˈa_ɐ / p-p / ∅-ə

-------------------

/ʃˈiːt/ - /ʃˈiːtə/
[1/1] <#_ʃ-<#_ʃ / ˈiː-ˈiː / t-t_ə

-------------------

/ʃˈɒːp/ - /ʃˈɒːp/
[1/1] <#_ʃ-<#_ʃ / ˈɒː-ˈɒː / p_#>-p_#>

-------------------

/ʃˈɔʏ̯n/ - /ʃˈøːnə/
[1/1] <#_ʃ-<#_ʃ / ˈɔʏ̯-ˈøː / n-n_ə

-------------------

/ʃˈɪld/ - /ʃˈɪld/
[1/1] <#_ʃ-<#_ʃ / ˈɪ-ˈɪ / l-l / d_#>-d_#>

-------------------

/ʃˈɪp/ - /ʃˈɪp/
[1/1] <#_ʃ-<#_ʃ / ˈɪ-ˈɪ / p_#>-p_#>

-------------------

/ˈae̯/ - /ˈɛɪ̯/
[1/1] <#_ˈae̯-<#_ˈɛɪ̯

-------------------

/ˈae̯k/ - /ˈɛɪ̯kə/
[1/1] <#_ˈae̯-<#_ˈɛɪ̯ / k-k_ə

-------------------

/ˈae̯n/ - /ˈɛɪ̯nə/
[1/1] <#_ˈae̯-<#_ˈɛɪ̯ / n-n_ə

-------------------

/ˈal/ - /ˈalə/
[1/1] <#_ˈa-<#_ˈa / l_#>-l_ə_#>

-------------------

/ˈanæ/ - /ˈanɐ/
[1/1] <#_ˈa-<#_ˈa / n-n / æ_#>-ɐ_#>

-------------------

/ˈapl̩/ - /ˈapl̩/
[1/1] <#_ˈa-<#_ˈa / p-p / l_#>-l_#>

-------------------

/ˈaxt/ - /ˈaxtə/
[1/1] <#_ˈa-<#_ˈa / x-x / t-t_ə

-------------------

/ˈaʃ/ - /ˈaʃə/
[1/1] <#_ˈa-<#_ˈa / ʃ_#>-ʃ_ə_#>

-------------------

/ˈaʊ̯x/ - /ˈeo̯ɣə/
[1/1] ˈaʊ̯-ˈeo̯ / ∅-ɣ / x-ə

-------------------

/ˈaːm/ - /ˈaɐm/
[1/1] ˈaː-ˈa_ɐ / m-m

-------------------

/ˈiːs/ - /ˈiːs/
[1/1] ˈiː-ˈiː / s_#>-s_#>

-------------------

/ˈiːæ/ - /ˈeːrə/
[1/1] ˈiː-ˈeː / æ-r_ə

-------------------

/ˈuːl/ - /ˈuːlə/
[1/1] <#_ˈuː-<#_ˈuː / l_#>-l_ə_#>

-------------------

/ˈuːt/ - /ˈuːt/
[1/1] <#_ˈuː-<#_ˈuː / t_#>-t_#>

-------------------

/ˈuːæ/ - /ˈeo̯ɐ/
[1/1] ˈuː-ˈeo̯ / æ_#>-ɐ_#>

-------------------

/ˈœːvæ/ - /ˈoːvɐ/
[1/1] ˈœː-ˈoː / v-v / æ_#>-ɐ_#>

-------------------

/ˈɒːl/ - /ˈɒːl/
[1/1] <#_ˈɒː-<#_ˈɒː / l_#>-l_#>

-------------------

/ˈɒːm/ - /ˈoːm/
[1/1] ˈɒː_m-ˈoː_m

-------------------

/ˈɒːp/ - /ˈɒːpə/
[1/1] <#_ˈɒː-<#_ˈɒː / p-p / ∅-ə

-------------------

/ˈɔlt/ - /ˈɔld/
[1/1] ˈɔ-ˈɔ / l-l / t_#>-d_#>

-------------------

/ˈɛk/ - /ˈɛkə/
[1/1] ˈɛ-ˈɛ / k-k_ə

-------------------

/ˈɛlm/ - /ˈœlvə/
[1/1] ˈɛ-ˈœ / l-l / m-v / ∅-ə

-------------------

/ˈɛːtn̩/ - /ˈɛːtn̩/
[1/1] ˈɛː-ˈɛː / t-t / n_#>-n_#>

-------------------

/ˈɛːæ/ - /ˈøːɐ/
[1/1] ˈɛː-ˈøː / æ_#>-ɐ_#>

-------------------

/ˈɪk/ - /ˈɛk/
[1/1] ˈɪ-ˈɛ / k_#>-k_#>

-------------------

/ˈɪm/ - /ˈɪmə/
[1/1] <#_ˈɪ-<#_ˈɪ / m-m_ə

-------------------

/ˈɪn/ - /ˈɪn/
[1/1] <#_ˈɪ-<#_ˈɪ / n_#>-n_#>

-------------------

/ˈʊp/ - /ˈʊp/
[1/1] ˈʊ-ˈʊ / p_#>-p_#>

-------------------

/ˈʏnæ/ - /ˈʏndɐ/
[1/1] ˈʏ_n-ˈʏ_n / ∅-d / æ_#>-ɐ_#>

-------------------

