/anˈeʎ/ - /anjˈa/
<#_a-<#_a / n-n / ˈe-j / ʎ_#>-ˈa_#>
{0: [0], 1: [1], 2: [2], 3: [3]}
{0: [0], 1: [1], 2: [2], 3: [3]}
SCORE: 22.736

-------------------

/arʤˈilɐ/ - /ɔːʀzˈɛj/
a-ɔː / r-ʀ / ∅-z / ʤ-∅ / ˈi_l-ˈɛ / ɐ-j
{0: [0], 1: [1], 2: None, 3: [2], 4: [3, 4], 5: [5]}
{0: [0], 1: [1], 2: [2], 3: None, 4: [3], 5: [4]}
SCORE: 7.308

-------------------

/aɲˈeʎ/ - /aɲjˈa/
<#_a-<#_a / ɲ-ɲ / ˈe-j / ʎ_#>-ˈa_#>
{0: [0], 1: [1], 2: [2], 3: [3]}
{0: [0], 1: [1], 2: [2], 3: [3]}
SCORE: 24.855

-------------------

/aɾˈaɲɐ/ - /aʀˈɛɲ/
<#_a-<#_a / ɾ-ʀ / ˈa-ˈɛ / ɲ-ɲ / ɐ_#>-#>
{0: [0], 1: [1], 2: [2], 3: [3], 4: [4]}
{0: [0], 1: [1], 2: [2], 3: [3], 4: None}
SCORE: 21.003

-------------------

/aʤuðˈar/ - /ɛːdˈiː/
a_ʤ-ɛː / u-d / ð-∅ / ˈa_r-ˈiː
{0: [0, 1], 1: [2], 2: [3], 3: [4, 5]}
{0: [0], 1: [1], 2: None, 3: [2]}
SCORE: 2.76

-------------------

/aβˈæʎɜ/ - /awijˈiː/
<#_a-<#_a / β-∅ / ˈæ-w / ∅-i / ʎ-j / ∅-ˈiː / ɜ-∅
{0: [0], 1: [1], 2: [2], 3: None, 4: [3], 5: None, 6: [4]}
{0: [0], 1: None, 2: [1], 3: [2], 4: [3], 5: [4], 6: None}
SCORE: -4.782

-------------------

/blˈaŋk/ - /blˈɑ̃/
b-b / l-l / ˈa-ˈɑ̃ / ŋ_k_#>-#>
{0: [0], 1: [1], 2: [2], 3: [3, 4]}
{0: [0], 1: [1], 2: [2], 3: None}
SCORE: 14.843

-------------------

/bˈaɲ/ - /bˈaɲ/
b-b / ˈa-ˈa / ɲ-ɲ
{0: [0], 1: [1], 2: [2]}
{0: [0], 1: [1], 2: [2]}
SCORE: 20.927

-------------------

/bˈaʃ/ - /bˈa/
b-b / ˈa-ˈa / ʃ-∅
{0: [0], 1: [1], 2: [2]}
{0: [0], 1: [1], 2: None}
SCORE: 9.111

-------------------

/bˈe/ - /bˈẽ/
b-b / ˈe-∅ / #>-ˈẽ_#>
{0: [0], 1: [1], 2: None}
{0: [0], 1: None, 2: [1]}
SCORE: 5.969

-------------------

/bˈeʎ/ - /bjˈa/
b-b / ˈe-j / ʎ_#>-ˈa_#>
{0: [0], 1: [1], 2: [2]}
{0: [0], 1: [1], 2: [2]}
SCORE: 18.235

-------------------

/bˈeʎɜ/ - /bˈɛl/
b-b / ˈe-ˈɛ / ʎ-l / ɜ-∅
{0: [0], 1: [1], 2: [2], 3: [3]}
{0: [0], 1: [1], 2: [2], 3: None}
SCORE: 12.94

-------------------

/bˈokɞ/ - /bˈuʧ/
b-b / ∅-ˈu / ˈo-∅ / k-ʧ / ɞ_#>-#>
{0: [0], 1: None, 2: [1], 3: [2], 4: [3]}
{0: [0], 1: [1], 2: None, 3: [2], 4: None}
SCORE: 1.58

-------------------

/bˈæwɾɜ/ - /bwˈɛːʀ/
b-b / ˈæ-w / w-ˈɛː / ɾ-ʀ / ɜ-∅
{0: [0], 1: [1], 2: [2], 3: [3], 4: [4]}
{0: [0], 1: [1], 2: [2], 3: [3], 4: None}
SCORE: 12.951

-------------------

/bˈɒ/ - /bˈɔ̃/
b-b / ˈɒ-ˈɔ̃
{0: [0], 1: [1]}
{0: [0], 1: [1]}
SCORE: 13.941

-------------------

/bˈɒnes/ - /bˈuːn/
b-b / ˈɒ-ˈuː / n-n / e-∅ / s_#>-#>
{0: [0], 1: [1], 2: [2], 3: [3], 4: [4]}
{0: [0], 1: [1], 2: [2], 3: None, 4: None}
SCORE: 12.554

-------------------

/bˈɒns/ - /bˈɔ̃/
b-b / ˈɒ_n-ˈɔ̃ / s_#>-#>
{0: [0], 1: [1, 2], 2: [3]}
{0: [0], 1: [1], 2: None}
SCORE: 12.203

-------------------

/bˈɒnɞ/ - /bˈuːn/
b-b / ˈɒ-ˈuː / n-n / ɞ_#>-#>
{0: [0], 1: [1], 2: [2], 3: [3]}
{0: [0], 1: [1], 2: [2], 3: None}
SCORE: 17.158

-------------------

/bˈɒw/ - /bˈuː/
b-b / ˈɒ_w-ˈuː
{0: [0], 1: [1, 2]}
{0: [0], 1: [1]}
SCORE: 13.869

-------------------

/dormˈir/ - /dwaʀmˈi/
d-d / ∅-w / ∅-a / o-∅ / r-ʀ / m-m / ˈi_r-ˈi
{0: [0], 1: None, 2: None, 3: [1], 4: [2], 5: [3], 6: [4, 5]}
{0: [0], 1: [1], 2: [2], 3: None, 4: [3], 5: [4], 6: [5]}
SCORE: 7.152

-------------------

/dɾaɣˈo/ - /dʀaɡˈɔ̃/
d-d / ɾ-ʀ / a-a / ∅-ɡ / ɣ-∅ / ˈo_#>-ˈɔ̃_#>
{0: [0], 1: [1], 2: [2], 3: None, 4: [3], 5: [4]}
{0: [0], 1: [1], 2: [2], 3: [3], 4: None, 5: [4]}
SCORE: 15.265

-------------------

/dˈent/ - /dˈɛ̃/
d-d / ˈe_n-ˈɛ̃ / t-∅
{0: [0], 1: [1, 2], 2: [3]}
{0: [0], 1: [1], 2: None}
SCORE: 9.877

-------------------

/dˈew/ - /djˈu/
d-d / ˈe-j / ∅-ˈu / w-∅
{0: [0], 1: [1], 2: None, 3: [2]}
{0: [0], 1: [1], 2: [2], 3: None}
SCORE: 4.306

-------------------

/dˈik/ - /dˈi/
d-d / ˈi-ˈi / k_#>-#>
{0: [0], 1: [1], 2: [2]}
{0: [0], 1: [1], 2: None}
SCORE: 12.633

-------------------

/dˈir/ - /dˈiːʀ/
d-d / ˈi-ˈiː / r-ʀ
{0: [0], 1: [1], 2: [2]}
{0: [0], 1: [1], 2: [2]}
SCORE: 18.13

-------------------

/dˈit/ - /dwˈɛ/
d-d / ∅-w / ˈi-ˈɛ / t-∅
{0: [0], 1: None, 2: [1], 3: [2]}
{0: [0], 1: [1], 2: [2], 3: None}
SCORE: 3.881

-------------------

/dˈo/ - /dˈɔ̃/
d-d / ˈo_#>-ˈɔ̃_#>
{0: [0], 1: [1]}
{0: [0], 1: [1]}
SCORE: 16.336

-------------------

/dˈols/ - /dˈuː/
d-d / ˈo-ˈuː / l-∅ / s_#>-#>
{0: [0], 1: [1], 2: [2], 3: [3]}
{0: [0], 1: [1], 2: None, 3: None}
SCORE: 6.73

-------------------

/dˈozɞ/ - /dˈɔs/
d-d / ˈo-ˈɔ / z_ɞ-s
{0: [0], 1: [1], 2: [2, 3]}
{0: [0], 1: [1], 2: [2]}
SCORE: 15.703

-------------------

/dˈæw/ - /dˈiʃ/
d-d / ˈæ_w-ˈi / ∅-ʃ
{0: [0], 1: [1, 2], 2: None}
{0: [0], 1: [1], 2: [2]}
SCORE: 8.076

-------------------

/dˈɒnɞ/ - /dˈam/
d-d / ˈɒ-ˈa / ∅-m / n-∅ / ɞ_#>-#>
{0: [0], 1: [1], 2: None, 3: [2], 4: [3]}
{0: [0], 1: [1], 2: [2], 3: None, 4: None}
SCORE: -0.269

-------------------

/eskoltˈar/ - /aʃuːtˈe/
e-a / s_k-ʃ / o-uː / l-∅ / t-t / ˈa_r-ˈe
{0: [0], 1: [1, 2], 2: [3], 3: [4], 4: [5], 5: [6, 7]}
{0: [0], 1: [1], 2: [2], 3: None, 4: [3], 5: [4]}
SCORE: 18.721

-------------------

/eskɾˈiwɾe/ - /skʀˈiːʀ/
<#_e-<# / s-s / k-k / ɾ-ʀ / ˈi_w-ˈiː / ɾ-ʀ / e_#>-#>
{0: [0], 1: [1], 2: [2], 3: [3], 4: [4, 5], 5: [6], 6: [7]}
{0: None, 1: [0], 2: [1], 3: [2], 4: [3], 5: [4], 6: None}
SCORE: 16.899

-------------------

/eskˈɒrsɞ/ - /ʃwˈas/
<#_e-<# / s_k-ʃ / ˈɒ-w / r-ˈa / s-s / ɞ_#>-#>
{0: [0], 1: [1, 2], 2: [3], 3: [4], 4: [5], 5: [6]}
{0: None, 1: [0], 2: [1], 3: [2], 4: [3], 5: None}
SCORE: 10.132

-------------------

/espˈazɐ/ - /spˈɛːj/
<#_e-<# / s-s / p-p / ∅-ˈɛː / ˈa-∅ / z-∅ / ɐ-j
{0: [0], 1: [1], 2: [2], 3: None, 4: [3], 5: [4], 6: [5]}
{0: None, 1: [0], 2: [1], 3: [2], 4: None, 5: None, 6: [3]}
SCORE: -0.392

-------------------

/espˈaɲɐ/ - /ɛspˈaɲ/
<#_e-<#_ɛ / s-s / p-p / ˈa-ˈa / ɲ-ɲ / ɐ_#>-#>
{0: [0], 1: [1], 2: [2], 3: [3], 4: [4], 5: [5]}
{0: [0], 1: [1], 2: [2], 3: [3], 4: [4], 5: None}
SCORE: 27.207

-------------------

/espˈinɐ/ - /spˈɛn/
<#_e-<# / s-s / p-p / ˈi-ˈɛ / n_ɐ-n
{0: [0], 1: [1], 2: [2], 3: [3], 4: [4, 5]}
{0: None, 1: [0], 2: [1], 3: [2], 4: [3]}
SCORE: 18.028

-------------------

/espˈiɣɐ/ - /spˈi/
<#_e-<# / s-s / p-p / ˈi-ˈi / ɣ-∅ / ɐ_#>-#>
{0: [0], 1: [1], 2: [2], 3: [3], 4: [4], 5: [5]}
{0: None, 1: [0], 2: [1], 3: [2], 4: None, 5: None}
SCORE: 8.82

-------------------

/estɾˈeʎɜ/ - /stwˈɛl/
<#_e-<# / s-s / t-t / ɾ-w / ˈe-ˈɛ / ʎ-l / ɜ-∅
{0: [0], 1: [1], 2: [2], 3: [3], 4: [4], 5: [5], 6: [6]}
{0: None, 1: [0], 2: [1], 3: [2], 4: [3], 5: [4], 6: None}
SCORE: 13.377

-------------------

/estˈat/ - /ɛstˈa/
<#_e-<#_ɛ / s-s / t-t / ˈa-ˈa / t-∅
{0: [0], 1: [1], 2: [2], 3: [3], 4: [4]}
{0: [0], 1: [1], 2: [2], 3: [3], 4: None}
SCORE: 17.037

-------------------

/estˈiw/ - /ɛstˈe/
<#_e-<#_ɛ / s-s / t-t / ∅-ˈe / ˈi-∅ / w-∅
{0: [0], 1: [1], 2: [2], 3: None, 4: [3], 5: [4]}
{0: [0], 1: [1], 2: [2], 3: [3], 4: None, 5: None}
SCORE: 4.269

-------------------

/faɾˈinɐ/ - /faʀˈɛn/
f-f / a-a / ɾ-ʀ / ˈi-ˈɛ / n_ɐ-n
{0: [0], 1: [1], 2: [2], 3: [3], 4: [4, 5]}
{0: [0], 1: [1], 2: [2], 3: [3], 4: [4]}
SCORE: 25.298

-------------------

/flˈamɐ/ - /flˈam/
f-f / l-l / ˈa-ˈa / m-m / ɐ_#>-#>
{0: [0], 1: [1], 2: [2], 3: [3], 4: [4]}
{0: [0], 1: [1], 2: [2], 3: [3], 4: None}
SCORE: 20.309

-------------------

/flˈɒr/ - /flˈøːʀ/
f-f / l-l / ˈɒ-ˈøː / r-ʀ
{0: [0], 1: [1], 2: [2], 3: [3]}
{0: [0], 1: [1], 2: [2], 3: [3]}
SCORE: 20.048

-------------------

/fɾˈujt/ - /fʀˈy/
f-f / ɾ-ʀ / ˈu-ˈy / j-∅ / t-∅
{0: [0], 1: [1], 2: [2], 3: [3], 4: [4]}
{0: [0], 1: [1], 2: [2], 3: None, 4: None}
SCORE: 9.969

-------------------

/fɾˈæt/ - /fʀwˈɛ/
f-f / ɾ-ʀ_w / ˈæ-ˈɛ / t-∅
{0: [0], 1: [1], 2: [2], 3: [3]}
{0: [0], 1: [1, 2], 2: [3], 3: None}
SCORE: 9.209

-------------------

/fˈals/ - /fˈɔː/
f-f / ˈa-ˈɔː / l-∅ / s_#>-#>
{0: [0], 1: [1], 2: [2], 3: [3]}
{0: [0], 1: [1], 2: None, 3: None}
SCORE: 6.083

-------------------

/fˈam/ - /fwˈɛ̃/
f-f / ∅-w / ˈa-ˈɛ̃ / m-∅
{0: [0], 1: None, 2: [1], 3: [2]}
{0: [0], 1: [1], 2: [2], 3: None}
SCORE: 1.814

-------------------

/fˈaðɐ/ - /fˈɛːj/
f-f / ∅-ˈɛː / ˈa-∅ / ð_ɐ-j
{0: [0], 1: None, 2: [1], 3: [2, 3]}
{0: [0], 1: [1], 2: None, 3: [2]}
SCORE: 1.047

-------------------

/fˈaʧ/ - /fwˈɛ/
f-f / ∅-w / ˈa-ˈɛ / ʧ-∅
{0: [0], 1: None, 2: [1], 3: [2]}
{0: [0], 1: [1], 2: [2], 3: None}
SCORE: 2.054

-------------------

/fˈer/ - /fˈe/
f-f / ˈe-∅ / r-ˈe
{0: [0], 1: [1], 2: [2]}
{0: [0], 1: None, 2: [1]}
SCORE: 7.903

-------------------

/fˈestɜ/ - /fjˈɛs/
f-f / ˈe_s-j / t_ɜ-ˈɛ_s
{0: [0], 1: [1, 2], 2: [3, 4]}
{0: [0], 1: [1], 2: [2, 3]}
SCORE: 13.725

-------------------

/fˈeʤɜ/ - /fwˈɛt/
f-f / ˈe-w / ʤ-∅ / ɜ-ˈɛ / #>-t_#>
{0: [0], 1: [1], 2: [2], 3: [3], 4: None}
{0: [0], 1: [1], 2: None, 3: [2], 4: [3]}
SCORE: 4.54

-------------------

/fˈi/ - /fˈẽ/
f-f / ˈi_#>-ˈẽ_#>
{0: [0], 1: [1]}
{0: [0], 1: [1]}
SCORE: 15.848

-------------------

/fˈil/ - /fˈi/
f-f / ˈi-ˈi / l_#>-#>
{0: [0], 1: [1], 2: [2]}
{0: [0], 1: [1], 2: None}
SCORE: 12.161

-------------------

/fˈiʎ/ - /fˈi/
f-f / ˈi-ˈi / ʎ_#>-#>
{0: [0], 1: [1], 2: [2]}
{0: [0], 1: [1], 2: None}
SCORE: 12.161

-------------------

/fˈiʎɐ/ - /fˈɛj/
f-f / ˈi-ˈɛ / ʎ_ɐ-j
{0: [0], 1: [1], 2: [2, 3]}
{0: [0], 1: [1], 2: [2]}
SCORE: 15.151

-------------------

/fˈuʎɐ/ - /fˈɔːj/
f-f / ∅-ˈɔː / ˈu-∅ / ʎ_ɐ-j
{0: [0], 1: None, 2: [1], 3: [2, 3]}
{0: [0], 1: [1], 2: None, 3: [2]}
SCORE: 2.321

-------------------

/fˈæmbrɜ/ - /fˈɛm/
f-f / ˈæ-ˈɛ / m-m / b-∅ / r-∅ / ɜ-∅
{0: [0], 1: [1], 2: [2], 3: [3], 4: [4], 5: [5]}
{0: [0], 1: [1], 2: [2], 3: None, 4: None, 5: None}
SCORE: 3.366

-------------------

/fˈæro/ - /fˈe/
f-f / ˈæ-∅ / r-ˈe / o-∅
{0: [0], 1: [1], 2: [2], 3: [3]}
{0: [0], 1: None, 2: [1], 3: None}
SCORE: 2.903

-------------------

/fˈɒk/ - /fˈøː/
f-f / ˈɒ_k-ˈøː
{0: [0], 1: [1, 2]}
{0: [0], 1: [1]}
SCORE: 13.027

-------------------

/fˈɒrsɞ/ - /fwˈas/
f-f / ˈɒ-w / r-ˈa / s-s / ɞ_#>-#>
{0: [0], 1: [1], 2: [2], 3: [3], 4: [4]}
{0: [0], 1: [1], 2: [2], 3: [3], 4: None}
SCORE: 13.949

-------------------

/fˈɒrt/ - /fwˈaʀ/
f-f / ˈɒ-w / r_t-ˈa_ʀ
{0: [0], 1: [1], 2: [2, 3]}
{0: [0], 1: [1], 2: [2, 3]}
SCORE: 14.127

-------------------

/ivˈærn/ - /ivjˈɛːʀ/
i-i / v-v / ∅-j / ˈæ-ˈɛː / r-ʀ / n_#>-#>
{0: [0], 1: [1], 2: None, 3: [2], 4: [3], 5: [4]}
{0: [0], 1: [1], 2: [2], 3: [3], 4: [4], 5: None}
SCORE: 10.782

-------------------

/iɣwˈal/ - /ɛwˈal/
i-ɛ / ɣ-∅ / w-w / ˈa-ˈa / l-l
{0: [0], 1: [1], 2: [2], 3: [3], 4: [4]}
{0: [0], 1: None, 2: [1], 3: [2], 4: [3]}
SCORE: 13.677

-------------------

/kamvjˈar/ - /kɑ̃ʤˈiː/
k-k / a-ɑ̃ / ∅-ʤ / m-∅ / v-∅ / j-∅ / ˈa_r-ˈiː
{0: [0], 1: [1], 2: None, 3: [2], 4: [3], 5: [4], 6: [5, 6]}
{0: [0], 1: [1], 2: [2], 3: None, 4: None, 5: None, 6: [3]}
SCORE: -3.899

-------------------

/kantˈar/ - /ʧɑ̃tˈe/
k-ʧ / a_n-ɑ̃ / t-t / ˈa_r-ˈe
{0: [0], 1: [1, 2], 2: [3], 3: [4, 5]}
{0: [0], 1: [1], 2: [2], 3: [3]}
SCORE: 17.532

-------------------

/kastˈeʎ/ - /ʧɛstjˈa/
k-ʧ / a-ɛ / s-s / t-t / ˈe-j / ʎ_#>-ˈa_#>
{0: [0], 1: [1], 2: [2], 3: [3], 4: [4], 5: [5]}
{0: [0], 1: [1], 2: [2], 3: [3], 4: [4], 5: [5]}
SCORE: 27.889

-------------------

/kasˈar/ - /ʧɛsˈiː/
k-ʧ / a-ɛ / s-s / ˈa_r-ˈiː
{0: [0], 1: [1], 2: [2], 3: [3, 4]}
{0: [0], 1: [1], 2: [2], 3: [3]}
SCORE: 17.317

-------------------

/kavˈaʎ/ - /ʧfˈɔː/
k_a-ʧ / ∅-f / v-∅ / ˈa-ˈɔː / ʎ_#>-#>
{0: [0, 1], 1: None, 2: [2], 3: [3], 4: [4]}
{0: [0], 1: [1], 2: None, 3: [2], 4: None}
SCORE: -4.213

-------------------

/kaβˈæʎ/ - /ʧfjˈa/
k_a-ʧ / β-f / ˈæ-j / ʎ_#>-ˈa_#>
{0: [0, 1], 1: [2], 2: [3], 3: [4]}
{0: [0], 1: [1], 2: [2], 3: [3]}
SCORE: 10.717

-------------------

/klamˈar/ - /klamˈe/
k-k / l-l / a-a / m-m / ˈa_r-ˈe
{0: [0], 1: [1], 2: [2], 3: [3], 4: [4, 5]}
{0: [0], 1: [1], 2: [2], 3: [3], 4: [4]}
SCORE: 27.633

-------------------

/klˈaw/ - /klˈe/
k-k / l-l / ˈa-ˈe / w-∅
{0: [0], 1: [1], 2: [2], 3: [3]}
{0: [0], 1: [1], 2: [2], 3: None}
SCORE: 12.06

-------------------

/kolˈor/ - /kɔlˈøːʀ/
k-k / o-ɔ / l-l / ˈo-ˈøː / r-ʀ
{0: [0], 1: [1], 2: [2], 3: [3], 4: [4]}
{0: [0], 1: [1], 2: [2], 3: [3], 4: [4]}
SCORE: 24.001

-------------------

/konˈæʃer/ - /kinˈɔʃ/
k-k / ∅-i / o-∅ / n-n / ˈæ-ˈɔ / ʃ-ʃ / e-∅ / r_#>-#>
{0: [0], 1: None, 2: [1], 3: [2], 4: [3], 5: [4], 6: [5], 7: [6]}
{0: [0], 1: [1], 2: None, 3: [2], 4: [3], 5: [4], 6: None, 7: None}
SCORE: 0.67

-------------------

/kwˈatɾe/ - /kwˈat/
k-k / w-w / ˈa-ˈa / t_ɾ_e_#>-t_#>
{0: [0], 1: [1], 2: [2], 3: [3, 4, 5]}
{0: [0], 1: [1], 2: [2], 3: [3]}
SCORE: 10.88

-------------------

/kɾˈæw/ - /kʀwˈɛ/
k-k / ɾ-ʀ / ˈæ-w / w-ˈɛ
{0: [0], 1: [1], 2: [2], 3: [3]}
{0: [0], 1: [1], 2: [2], 3: [3]}
SCORE: 15.218

-------------------

/kɾˈæwɾɜ/ - /kʀwˈɛːʀ/
k-k / ɾ-ʀ / ˈæ-w / w-ˈɛː / ɾ-ʀ / ɜ-∅
{0: [0], 1: [1], 2: [2], 3: [3], 4: [4], 5: [5]}
{0: [0], 1: [1], 2: [2], 3: [3], 4: [4], 5: None}
SCORE: 14.423

-------------------

/kˈa/ - /ʧˈẽ/
k_ˈa-ʧ / #>-ˈẽ_#>
{0: [0, 1], 1: None}
{0: [0], 1: [1]}
SCORE: 4.175

-------------------

/kˈalt/ - /ʧˈoː/
k-ʧ / ˈa_l-ˈoː / t-∅
{0: [0], 1: [1, 2], 2: [3]}
{0: [0], 1: [1], 2: None}
SCORE: 7.96

-------------------

/kˈambɾɐ/ - /ʧˈɑ̃b/
k-ʧ / ˈa-ˈɑ̃ / m-∅ / b-b / ɾ-∅ / ɐ_#>-#>
{0: [0], 1: [1], 2: [2], 3: [3], 4: [4], 5: [5]}
{0: [0], 1: [1], 2: None, 3: [2], 4: None, 5: None}
SCORE: 6.366

-------------------

/kˈant/ - /ʧˈɑ̃/
k-ʧ / ˈa_n-ˈɑ̃ / t-∅
{0: [0], 1: [1, 2], 2: [3]}
{0: [0], 1: [1], 2: None}
SCORE: 7.749

-------------------

/kˈap/ - /ʧˈiːf/
k-ʧ / ˈa-ˈiː / p-∅ / #>-f_#>
{0: [0], 1: [1], 2: [2], 3: None}
{0: [0], 1: [1], 2: None, 3: [2]}
SCORE: 2.794

-------------------

/kˈar/ - /ʧˈiːʀ/
k-ʧ / ˈa-ˈiː / r-ʀ
{0: [0], 1: [1], 2: [2]}
{0: [0], 1: [1], 2: [2]}
SCORE: 13.606

-------------------

/kˈarn/ - /ʧˈɔː/
k-ʧ / ˈa-ˈɔː / r-∅ / n_#>-#>
{0: [0], 1: [1], 2: [2], 3: [3]}
{0: [0], 1: [1], 2: None, 3: None}
SCORE: 3.694

-------------------

/kˈaβɾɐ/ - /ʧˈiːf/
k-ʧ / ˈa-ˈiː / β-f / ɾ-∅ / ɐ_#>-#>
{0: [0], 1: [1], 2: [2], 3: [3], 4: [4]}
{0: [0], 1: [1], 2: [2], 3: None, 4: None}
SCORE: 4.417

-------------------

/kˈi/ - /kˈiː/
k-k / ˈi-ˈiː
{0: [0], 1: [1]}
{0: [0], 1: [1]}
SCORE: 13.08

-------------------

/kˈul/ - /kˈu/
k-k / ˈu-ˈu / l_#>-#>
{0: [0], 1: [1], 2: [2]}
{0: [0], 1: [1], 2: None}
SCORE: 8.699

-------------------

/kˈuɾt/ - /kˈuːʀ/
k-k / ˈu-ˈuː / ɾ-ʀ / t-∅
{0: [0], 1: [1], 2: [2], 3: [3]}
{0: [0], 1: [1], 2: [2], 3: None}
SCORE: 11.121

-------------------

/kˈuʃɐ/ - /kˈɔʃ/
k-k / ∅-ˈɔ / ˈu-∅ / ʃ-ʃ / ɐ_#>-#>
{0: [0], 1: None, 2: [1], 3: [2], 4: [3]}
{0: [0], 1: [1], 2: None, 3: [2], 4: None}
SCORE: 1.101

-------------------

/kˈæ/ - /kwˈɛ/
k-k / ˈæ-w / #>-ˈɛ_#>
{0: [0], 1: [1], 2: None}
{0: [0], 1: [1], 2: [2]}
SCORE: 8.972

-------------------

/kˈɒp/ - /kˈoː/
k-k / ˈɒ-ˈoː / p-∅
{0: [0], 1: [1], 2: [2]}
{0: [0], 1: [1], 2: None}
SCORE: 7.316

-------------------

/kˈɒr/ - /kˈuːʀ/
k-k / ˈɒ-ˈuː / r-ʀ
{0: [0], 1: [1], 2: [2]}
{0: [0], 1: [1], 2: [2]}
SCORE: 16.803

-------------------

/kˈɒrn/ - /kwˈan/
k-k / ˈɒ-w / r-ˈa / n-n
{0: [0], 1: [1], 2: [2], 3: [3]}
{0: [0], 1: [1], 2: [2], 3: [3]}
SCORE: 16.688

-------------------

/kˈɒs/ - /kwˈaʀ/
k-k / ˈɒ-w_ˈa / ∅-ʀ / s_#>-#>
{0: [0], 1: [1], 2: None, 3: [2]}
{0: [0], 1: [1, 2], 2: [3], 3: None}
SCORE: 4.212

-------------------

/kˈɒstɞ/ - /kɔstˈe/
k-k / ˈɒ-ɔ / s-s / t-t / ∅-ˈe / ɞ_#>-#>
{0: [0], 1: [1], 2: [2], 3: [3], 4: None, 5: [4]}
{0: [0], 1: [1], 2: [2], 3: [3], 4: [4], 5: None}
SCORE: 11.807

-------------------

/kˈɒzɞ/ - /ʧˈoːs/
k-ʧ / ˈɒ-ˈoː / z_ɞ-s
{0: [0], 1: [1], 2: [2, 3]}
{0: [0], 1: [1], 2: [2]}
SCORE: 11.332

-------------------

/kˈɒʎ/ - /kˈoː/
k-k / ˈɒ-ˈoː / ʎ_#>-#>
{0: [0], 1: [1], 2: [2]}
{0: [0], 1: [1], 2: None}
SCORE: 9.916

-------------------

/matˈar/ - /tuwˈe/
<#_m-<# / a-∅ / t-t / ∅-u / ∅-w / ˈa_r-ˈe
{0: [0], 1: [1], 2: [2], 3: None, 4: None, 5: [3, 4]}
{0: None, 1: None, 2: [0], 3: [1], 4: [2], 5: [3]}
SCORE: -5.648

-------------------

/me/ - /mˈi/
m-m / e-ˈi
{0: [0], 1: [1]}
{0: [0], 1: [1]}
SCORE: 12.01

-------------------

/meɲʤˈar/ - /maɲˈiː/
m-m / e-a / ɲ-ɲ / ʤ-∅ / ˈa_r-ˈiː
{0: [0], 1: [1], 2: [2], 3: [3], 4: [4, 5]}
{0: [0], 1: [1], 2: [2], 3: None, 4: [3]}
SCORE: 16.002

-------------------

/mitˈat/ - /mwɛtˈiː/
m-m / ∅-w / i-ɛ / t-t / ˈa-ˈiː / t-∅
{0: [0], 1: None, 2: [1], 3: [2], 4: [3], 5: [4]}
{0: [0], 1: [1], 2: [2], 3: [3], 4: [4], 5: None}
SCORE: 11.884

-------------------

/miʎˈor/ - /mɛjˈøː/
m-m / i-ɛ / ʎ-j / ˈo-ˈøː / r_#>-#>
{0: [0], 1: [1], 2: [2], 3: [3], 4: [4]}
{0: [0], 1: [1], 2: [2], 3: [3], 4: None}
SCORE: 15.525

-------------------

/moɾˈir/ - /mɔʀˈi/
m-m / o-ɔ / ɾ-ʀ / ˈi_r-ˈi
{0: [0], 1: [1], 2: [2], 3: [3, 4]}
{0: [0], 1: [1], 2: [2], 3: [3]}
SCORE: 22.019

-------------------

/muntˈaɲɐ/ - /mɔ̃tˈaɲ/
m-m / u_n-ɔ̃ / t-t / ˈa-ˈa / ɲ-ɲ / ɐ_#>-#>
{0: [0], 1: [1, 2], 2: [3], 3: [4], 4: [5], 5: [6]}
{0: [0], 1: [1], 2: [2], 3: [3], 4: [4], 5: None}
SCORE: 26.393

-------------------

/mˈa/ - /mwˈɛ̃/
m-m / ∅-w / ˈa-ˈɛ̃
{0: [0], 1: None, 2: [1]}
{0: [0], 1: [1], 2: [2]}
SCORE: 6.859

-------------------

/mˈar/ - /mˈeʀ/
m-m / ˈa-ˈe / r-ʀ
{0: [0], 1: [1], 2: [2]}
{0: [0], 1: [1], 2: [2]}
SCORE: 16.99

-------------------

/mˈaɾe/ - /mˈɛʀ/
m-m / ˈa_ɾ-ˈɛ_ʀ / e_#>-#>
{0: [0], 1: [1, 2], 2: [3]}
{0: [0], 1: [1, 2], 2: None}
SCORE: 15.967

-------------------

/mˈikɐ/ - /mˈiːj/
m-m / ˈi-ˈiː / k-∅ / ɐ-j
{0: [0], 1: [1], 2: [2], 3: [3]}
{0: [0], 1: [1], 2: None, 3: [2]}
SCORE: 11.827

-------------------

/mˈil/ - /mˈɛj/
m-m / ˈi_l-ˈɛ_j
{0: [0], 1: [1, 2]}
{0: [0], 1: [1, 2]}
SCORE: 15.837

-------------------

/mˈoskɞ/ - /mˈɔʃ/
m-m / ˈo-ˈɔ / s_k-ʃ / ɞ_#>-#>
{0: [0], 1: [1], 2: [2, 3], 3: [4]}
{0: [0], 1: [1], 2: [2], 3: None}
SCORE: 15.618

-------------------

/mˈæl/ - /mjˈɛl/
m-m / ∅-j / ˈæ-ˈɛ / l-l
{0: [0], 1: None, 2: [1], 3: [2]}
{0: [0], 1: [1], 2: [2], 3: [3]}
SCORE: 12.244

-------------------

/mˈɒrt/ - /mwˈaʀ/
m-m / ˈɒ-w / r_t-ˈa_ʀ
{0: [0], 1: [1], 2: [2, 3]}
{0: [0], 1: [1], 2: [2, 3]}
SCORE: 14.172

-------------------

/nozˈaltɾes/ - /nɔzˈoːt/
<#_n-<#_n / o-ɔ / z-z / ˈa_l-ˈoː / t_ɾ_e_s_#>-t_#>
{0: [0], 1: [1], 2: [2], 3: [3, 4], 4: [5, 6, 7, 8]}
{0: [0], 1: [1], 2: [2], 3: [3], 4: [4]}
SCORE: 21.739

-------------------

/nˈas/ - /nˈe/
<#_n-<#_n / ˈa-ˈe / s_#>-#>
{0: [0], 1: [1], 2: [2]}
{0: [0], 1: [1], 2: None}
SCORE: 11.166

-------------------

/nˈeʃer/ - /nˈɛʃ/
<#_n-<#_n / ˈe-ˈɛ / ʃ-ʃ / e-∅ / r_#>-#>
{0: [0], 1: [1], 2: [2], 3: [3], 4: [4]}
{0: [0], 1: [1], 2: [2], 3: None, 4: None}
SCORE: 9.422

-------------------

/nˈit/ - /nˈyt/
<#_n-<#_n / ∅-ˈy / ˈi-∅ / t-t
{0: [0], 1: None, 2: [1], 3: [2]}
{0: [0], 1: [1], 2: None, 3: [2]}
SCORE: 4.953

-------------------

/nˈo/ - /nˈẽ/
<#_n-<#_n / ˈo-∅ / #>-ˈẽ_#>
{0: [0], 1: [1], 2: None}
{0: [0], 1: None, 2: [1]}
SCORE: 5.069

-------------------

/nˈæɣɾɜ/ - /nwˈɛːʀ/
<#_n-<#_n / ˈæ-w / ɣ-ˈɛː / ɾ-ʀ / ɜ-∅
{0: [0], 1: [1], 2: [2], 3: [3], 4: [4]}
{0: [0], 1: [1], 2: [2], 3: [3], 4: None}
SCORE: 10.898

-------------------

/nˈɒm/ - /nˈɔ/
<#_n-<#_n / ˈɒ-ˈɔ / m-∅
{0: [0], 1: [1], 2: [2]}
{0: [0], 1: [1], 2: None}
SCORE: 9.349

-------------------

/nˈɒstɾɞ/ - /nˈɔs/
<#_n-<#_n / ˈɒ-ˈɔ / s-s / t-∅ / ɾ-∅ / ɞ_#>-#>
{0: [0], 1: [1], 2: [2], 3: [3], 4: [4], 5: [5]}
{0: [0], 1: [1], 2: [2], 3: None, 4: None, 5: None}
SCORE: 5.373

-------------------

/nˈɒw/ - /nwˈɛʃ/
<#_n-<#_n / ˈɒ-w / w-ˈɛ / ∅-ʃ
{0: [0], 1: [1], 2: [2], 3: None}
{0: [0], 1: [1], 2: [2], 3: [3]}
SCORE: 8.446

-------------------

/nˈɒw/ - /nˈuː/
<#_n-<#_n / ˈɒ_w-ˈuː
{0: [0], 1: [1, 2]}
{0: [0], 1: [1]}
SCORE: 12.969

-------------------

/nˈɒw/ - /nˈuːf/
<#_n-<#_n / ˈɒ_w-ˈuː / #>-f_#>
{0: [0], 1: [1, 2], 2: None}
{0: [0], 1: [1], 2: [2]}
SCORE: 10.404

-------------------

/osˈeʎ/ - /uːʒjˈa/
o-uː / ∅-ʒ / s-∅ / ˈe-j / ʎ_#>-ˈa_#>
{0: [0], 1: None, 2: [1], 3: [2], 4: [3]}
{0: [0], 1: [1], 2: None, 3: [2], 4: [3]}
SCORE: 5.706

-------------------

/oɾˈæʎɜ/ - /ɔʀˈaj/
o-ɔ / ɾ_ˈæ-ʀ / ʎ-ˈa / ɜ-∅ / #>-j_#>
{0: [0], 1: [1, 2], 2: [3], 3: [4], 4: None}
{0: [0], 1: [1], 2: [2], 3: None, 4: [3]}
SCORE: 6.281

-------------------

/oβɾˈer/ - /ɔvʀˈiː/
o-ɔ / ∅-v / β-∅ / ɾ-ʀ / ˈe-ˈiː / r_#>-#>
{0: [0], 1: None, 2: [1], 3: [2], 4: [3], 5: [4]}
{0: [0], 1: [1], 2: None, 3: [2], 4: [3], 5: None}
SCORE: 3.834

-------------------

/palˈaw/ - /palˈɔː/
p-p / a-a / l-l / ˈa_w-ˈɔː
{0: [0], 1: [1], 2: [2], 3: [3, 4]}
{0: [0], 1: [1], 2: [2], 3: [3]}
SCORE: 22.103

-------------------

/paɾˈawlɐ/ - /paʀˈɔl/
p-p / a-a / ɾ-ʀ / ˈa-ˈɔ / w-∅ / l-l / ɐ_#>-#>
{0: [0], 1: [1], 2: [2], 3: [3], 4: [4], 5: [5], 6: [6]}
{0: [0], 1: [1], 2: [2], 3: [3], 4: None, 5: [4], 6: None}
SCORE: 16.139

-------------------

/petˈit/ - /ptˈi/
p-p / e-∅ / t-t / ˈi-ˈi / t-∅
{0: [0], 1: [1], 2: [2], 3: [3], 4: [4]}
{0: [0], 1: None, 2: [1], 3: [2], 4: None}
SCORE: 8.914

-------------------

/ploɾˈar/ - /plɔʀˈe/
p-p / l-l / o-ɔ / ɾ-ʀ / ˈa_r-ˈe
{0: [0], 1: [1], 2: [2], 3: [3], 4: [4, 5]}
{0: [0], 1: [1], 2: [2], 3: [3], 4: [4]}
SCORE: 26.987

-------------------

/plˈaɣɐ/ - /plˈɔːj/
p-p / l-l / ˈa_ɣ-ˈɔː / ɐ-j
{0: [0], 1: [1], 2: [2, 3], 3: [4]}
{0: [0], 1: [1], 2: [2], 3: [3]}
SCORE: 19.508

-------------------

/plˈomɞ/ - /plˈɔm/
p-p / l-l / ˈo-ˈɔ / m-m / ɞ_#>-#>
{0: [0], 1: [1], 2: [2], 3: [3], 4: [4]}
{0: [0], 1: [1], 2: [2], 3: [3], 4: None}
SCORE: 21.174

-------------------

/plˈuʤɐ/ - /plˈuːf/
p-p / l-l / ˈu-ˈuː / ʤ-f / ɐ_#>-#>
{0: [0], 1: [1], 2: [2], 3: [3], 4: [4]}
{0: [0], 1: [1], 2: [2], 3: [3], 4: None}
SCORE: 15.558

-------------------

/plˈæ/ - /plˈɛ̃/
p-p / l-l / ˈæ-∅ / #>-ˈɛ̃_#>
{0: [0], 1: [1], 2: [2], 3: None}
{0: [0], 1: [1], 2: None, 3: [2]}
SCORE: 6.272

-------------------

/poðˈær/ - /pɔlˈøːʀ/
p-p / o-ɔ / ∅-l / ð-∅ / ˈæ-ˈøː / r-ʀ
{0: [0], 1: [1], 2: None, 3: [2], 4: [3], 5: [4]}
{0: [0], 1: [1], 2: [2], 3: None, 4: [3], 5: [4]}
SCORE: 10.411

-------------------

/pɾˈesek/ - /pˈɛʃ/
p-p / ɾ-∅ / ˈe-ˈɛ / s-ʃ / e-∅ / k_#>-#>
{0: [0], 1: [1], 2: [2], 3: [3], 4: [4], 5: [5]}
{0: [0], 1: None, 2: [1], 3: [2], 4: None, 5: None}
SCORE: 3.896

-------------------

/pɾˈæw/ - /pʀˈi/
p-p / ɾ-ʀ / ˈæ_w-ˈi
{0: [0], 1: [1], 2: [2, 3]}
{0: [0], 1: [1], 2: [2]}
SCORE: 15.62

-------------------

/pˈa/ - /pˈɑ̃/
p-p / ˈa-ˈɑ̃
{0: [0], 1: [1]}
{0: [0], 1: [1]}
SCORE: 14.022

-------------------

/pˈaw/ - /pˈɔːj/
p-p / ˈa_w-ˈɔː / #>-j_#>
{0: [0], 1: [1, 2], 2: None}
{0: [0], 1: [1], 2: [2]}
SCORE: 9.814

-------------------

/pˈaɾe/ - /pˈɛʀ/
p-p / ˈa_ɾ-ˈɛ_ʀ / e_#>-#>
{0: [0], 1: [1, 2], 2: [3]}
{0: [0], 1: [1, 2], 2: None}
SCORE: 15.766

-------------------

/pˈejʃ/ - /pɛʃˈɔ̃/
p-p / ˈe-ɛ / j-∅ / ʃ-ʃ / #>-ˈɔ̃_#>
{0: [0], 1: [1], 2: [2], 3: [3], 4: None}
{0: [0], 1: [1], 2: None, 3: [2], 4: [3]}
SCORE: 9.49

-------------------

/pˈeðɾɜ/ - /pˈiːʀ/
p-p / ˈe-ˈiː / ð-∅ / ɾ-ʀ / ɜ-∅
{0: [0], 1: [1], 2: [2], 3: [3], 4: [4]}
{0: [0], 1: [1], 2: None, 3: [2], 4: None}
SCORE: 6.453

-------------------

/pˈeʎ/ - /pjˈa/
p-p / ˈe-j / ʎ_#>-ˈa_#>
{0: [0], 1: [1], 2: [2]}
{0: [0], 1: [1], 2: [2]}
SCORE: 16.918

-------------------

/pˈoʎ/ - /pjˈu/
p-p / ˈo-∅ / ʎ-j / ∅-ˈu
{0: [0], 1: [1], 2: [2], 3: None}
{0: [0], 1: None, 2: [1], 3: [2]}
SCORE: 2.154

-------------------

/pˈunt/ - /pˈɔ̃/
p-p / ˈu_n-ˈɔ̃ / t-∅
{0: [0], 1: [1, 2], 2: [3]}
{0: [0], 1: [1], 2: None}
SCORE: 5.299

-------------------

/pˈuɲ/ - /pˈuɲ/
p-p / ˈu-ˈu / ɲ-ɲ
{0: [0], 1: [1], 2: [2]}
{0: [0], 1: [1], 2: [2]}
SCORE: 18.694

-------------------

/pˈæl/ - /pˈɔj/
p-p / ˈæ-ˈɔ / l-j
{0: [0], 1: [1], 2: [2]}
{0: [0], 1: [1], 2: [2]}
SCORE: 11.043

-------------------

/pˈænɜ/ - /pwˈɛ̃n/
p-p / ˈæ-w / ∅-ˈɛ̃ / n-n / ɜ-∅
{0: [0], 1: [1], 2: None, 3: [2], 4: [3]}
{0: [0], 1: [1], 2: [2], 3: [3], 4: None}
SCORE: 6.667

-------------------

/pˈæw/ - /pˈiː/
p-p / ˈæ_w-ˈiː
{0: [0], 1: [1, 2]}
{0: [0], 1: [1]}
SCORE: 9.978

-------------------

/pˈæɲɜ/ - /pˈɛn/
p-p / ˈæ-ˈɛ / ∅-n / ɲ-∅ / ɜ-∅
{0: [0], 1: [1], 2: None, 3: [2], 4: [3]}
{0: [0], 1: [1], 2: [2], 3: None, 4: None}
SCORE: -2.253

-------------------

/pˈɒk/ - /pˈoː/
p-p / ˈɒ-ˈoː / k_#>-#>
{0: [0], 1: [1], 2: [2]}
{0: [0], 1: [1], 2: None}
SCORE: 10.298

-------------------

/pˈɒndɾɞ/ - /pˈɔ̃ʀ/
p-p / ˈɒ_n-ˈɔ̃ / d-∅ / ɾ-ʀ / ɞ_#>-#>
{0: [0], 1: [1, 2], 2: [3], 3: [4], 4: [5]}
{0: [0], 1: [1], 2: None, 3: [2], 4: None}
SCORE: 9.058

-------------------

/pˈɒnt/ - /pˈɔ̃/
p-p / ˈɒ_n-ˈɔ̃ / t-∅
{0: [0], 1: [1, 2], 2: [3]}
{0: [0], 1: [1], 2: None}
SCORE: 8.681

-------------------

/pˈɒβɾɞ/ - /pˈoːf/
p-p / ˈɒ-ˈoː / β_ɾ_ɞ_#>-f_#>
{0: [0], 1: [1], 2: [2, 3, 4]}
{0: [0], 1: [1], 2: [2]}
SCORE: 10.25

-------------------

/raˈim/ - /ʀwɛʒˈẽ/
<#_r-<#_ʀ / ∅-w / a-ɛ / ˈi-ʒ_ˈẽ / m-∅
{0: [0], 1: None, 2: [1], 3: [2], 4: [3]}
{0: [0], 1: [1], 2: [2], 3: [3, 4], 4: None}
SCORE: 5.221

-------------------

/raˈo/ - /ʀɔːʒˈɔ̃/
<#_r-<#_ʀ / a-ɔː / ∅-ʒ / ˈo_#>-ˈɔ̃_#>
{0: [0], 1: [1], 2: None, 3: [2]}
{0: [0], 1: [1], 2: [2], 3: [3]}
SCORE: 15.02

-------------------

/roðˈo/ - /ʀˈɔ̃/
<#_r-<#_ʀ / o-∅ / ð-∅ / ˈo_#>-ˈɔ̃_#>
{0: [0], 1: [1], 2: [2], 3: [3]}
{0: [0], 1: None, 2: None, 3: [1]}
SCORE: 6.148

-------------------

/rˈej/ - /ʀwˈɛ/
<#_r-<#_ʀ / ˈe_j-w_ˈɛ
{0: [0], 1: [1, 2]}
{0: [0], 1: [1, 2]}
SCORE: 15.302

-------------------

/rˈɒðɞ/ - /ʀˈɔw/
<#_r-<#_ʀ / ˈɒ-ˈɔ / ∅-w / ð-∅ / ɞ_#>-#>
{0: [0], 1: [1], 2: None, 3: [2], 4: [3]}
{0: [0], 1: [1], 2: [2], 3: None, 4: None}
SCORE: 1.577

-------------------

/rˈɒʧ/ - /ʀˈɔʧ/
<#_r-<#_ʀ / ˈɒ-ˈɔ / ʧ-∅ / #>-ʧ_#>
{0: [0], 1: [1], 2: [2], 3: None}
{0: [0], 1: [1], 2: None, 3: [2]}
SCORE: 7.548

-------------------

/saβˈær/ - /savˈøːʀ/
<#_s-<#_s / a-a / ∅-v / β-∅ / ˈæ-ˈøː / r-ʀ
{0: [0], 1: [1], 2: None, 3: [2], 4: [3], 5: [4]}
{0: [0], 1: [1], 2: [2], 3: None, 4: [3], 5: [4]}
SCORE: 9.363

-------------------

/semːˈanɐ/ - /samwˈɛ̃n/
<#_s-<#_s / e-a / mː-m_w / ˈa-ˈɛ̃ / n_ɐ-n
{0: [0], 1: [1], 2: [2], 3: [3], 4: [4, 5]}
{0: [0], 1: [1], 2: [2, 3], 3: [4], 4: [5]}
SCORE: 19.35

-------------------

/siŋkwˈantɐ/ - /sẽkwˈɑ̃t/
<#_s-<#_s / i_ŋ-ẽ / k-k / w-w / ˈa_n-ˈɑ̃ / t-t / ɐ_#>-#>
{0: [0], 1: [1, 2], 2: [3], 3: [4], 4: [5, 6], 5: [7], 6: [8]}
{0: [0], 1: [1], 2: [2], 3: [3], 4: [4], 5: [5], 6: None}
SCORE: 26.941

-------------------

/sofɾˈir/ - /sɔfʀˈi/
<#_s-<#_s / o-ɔ / f-f / ɾ-ʀ / ˈi_r-ˈi
{0: [0], 1: [1], 2: [2], 3: [3], 4: [4, 5]}
{0: [0], 1: [1], 2: [2], 3: [3], 4: [4]}
SCORE: 26.659

-------------------

/solˈæʎ/ - /sɔljˈa/
<#_s-<#_s / o-ɔ / l-l / ˈæ-j / ʎ_#>-ˈa_#>
{0: [0], 1: [1], 2: [2], 3: [3], 4: [4]}
{0: [0], 1: [1], 2: [2], 3: [3], 4: [4]}
SCORE: 24.343

-------------------

/sˈal/ - /sˈe/
<#_s-<#_s / ˈa-ˈe / l_#>-#>
{0: [0], 1: [1], 2: [2]}
{0: [0], 1: [1], 2: None}
SCORE: 10.565

-------------------

/sˈalsɐ/ - /sˈɔːs/
<#_s-<#_s / ˈa-ˈɔː / l-∅ / s-s / ɐ_#>-#>
{0: [0], 1: [1], 2: [2], 3: [3], 4: [4]}
{0: [0], 1: [1], 2: None, 3: [2], 4: None}
SCORE: 9.958

-------------------

/sˈant/ - /sˈɛ̃/
s_ˈa-s / n-ˈɛ̃ / t-∅
{0: [0, 1], 1: [2], 2: [3]}
{0: [0], 1: [1], 2: None}
SCORE: 2.485

-------------------

/sˈaps/ - /sˈɛ/
<#_s-<#_s / ˈa-ˈɛ / p-∅ / s_#>-#>
{0: [0], 1: [1], 2: [2], 3: [3]}
{0: [0], 1: [1], 2: None, 3: None}
SCORE: 3.526

-------------------

/sˈaŋk/ - /sˈɔ̃k/
s_ˈa-s / ŋ-ˈɔ̃ / k-k
{0: [0, 1], 1: [2], 2: [3]}
{0: [0], 1: [1], 2: [2]}
SCORE: 10.163

-------------------

/sˈent/ - /sˈɛ̃/
<#_s-<#_s / ˈe_n-ˈɛ̃ / t-∅
{0: [0], 1: [1, 2], 2: [3]}
{0: [0], 1: [1], 2: None}
SCORE: 8.275

-------------------

/sˈeɾɜ/ - /sˈeːʀ/
<#_s-<#_s / ∅-ˈeː / ˈe-∅ / ɾ-ʀ / ɜ-∅
{0: [0], 1: None, 2: [1], 3: [2], 4: [3]}
{0: [0], 1: [1], 2: None, 3: [2], 4: None}
SCORE: -1.983

-------------------

/sˈis/ - /ʃˈiːʃ/
s-ʃ / ˈi-ˈiː / s-ʃ
{0: [0], 1: [1], 2: [2]}
{0: [0], 1: [1], 2: [2]}
SCORE: 16.102

-------------------

/sˈiŋk/ - /sˈẽk/
<#_s-<#_s / ˈi_ŋ-ˈẽ / k-k
{0: [0], 1: [1, 2], 2: [3]}
{0: [0], 1: [1], 2: [2]}
SCORE: 16.344

-------------------

/sˈæk/ - /sˈɛʧ/
<#_s-<#_s / ˈæ-ˈɛ / k-ʧ
{0: [0], 1: [1], 2: [2]}
{0: [0], 1: [1], 2: [2]}
SCORE: 15.596

-------------------

/sˈækɜ/ - /sˈɛʧ/
<#_s-<#_s / ˈæ-ˈɛ / k-ʧ / ɜ-∅
{0: [0], 1: [1], 2: [2], 3: [3]}
{0: [0], 1: [1], 2: [2], 3: None}
SCORE: 10.596

-------------------

/sˈæl/ - /sˈiːʀ/
<#_s-<#_s / ∅-ˈiː / ˈæ-ʀ / l_#>-#>
{0: [0], 1: None, 2: [1], 3: [2]}
{0: [0], 1: [1], 2: [2], 3: None}
SCORE: 3.07

-------------------

/sˈændɾɜ/ - /sˈɛ̃t/
s_ˈæ-s / n-ˈɛ̃ / d-∅ / ɾ-t / ɜ-∅
{0: [0, 1], 1: [2], 2: [3], 3: [4], 4: [5]}
{0: [0], 1: [1], 2: None, 3: [2], 4: None}
SCORE: -2.767

-------------------

/sˈæt/ - /sˈɛt/
<#_s-<#_s / ˈæ-ˈɛ / t-t
{0: [0], 1: [1], 2: [2]}
{0: [0], 1: [1], 2: [2]}
SCORE: 16.678

-------------------

/sˈæwɾɜ/ - /aʃˈiːʀ/
<#-<#_a / s-ʃ / ˈæ_w-ˈiː / ɾ-ʀ / ɜ-∅
{0: None, 1: [0], 2: [1, 2], 3: [3], 4: [4]}
{0: [0], 1: [1], 2: [2], 3: [3], 4: None}
SCORE: 6.851

-------------------

/sˈæðɜ/ - /sˈɔːj/
<#_s-<#_s / ∅-ˈɔː / ˈæ-j / ð-∅ / ɜ-∅
{0: [0], 1: None, 2: [1], 3: [2], 4: [3]}
{0: [0], 1: [1], 2: [2], 3: None, 4: None}
SCORE: -4.421

-------------------

/tosˈir/ - /tɔsˈe/
<#_t-<#_t / o-ɔ / s-s / ˈi-∅ / r-ˈe
{0: [0], 1: [1], 2: [2], 3: [3], 4: [4]}
{0: [0], 1: [1], 2: [2], 3: None, 4: [3]}
SCORE: 18.614

-------------------

/tɾˈæs/ - /tʀwˈɛ/
<#_t-<#_t / ɾ-ʀ_w / ˈæ-ˈɛ / s_#>-#>
{0: [0], 1: [1], 2: [2], 3: [3]}
{0: [0], 1: [1, 2], 2: [3], 3: None}
SCORE: 12.08

-------------------

/tˈems/ - /tˈɛ̃/
<#_t-<#_t / ˈe-ˈɛ̃ / m-∅ / s_#>-#>
{0: [0], 1: [1], 2: [2], 3: [3]}
{0: [0], 1: [1], 2: None, 3: None}
SCORE: 6.59

-------------------

/tˈestɜ/ - /tjˈɛs/
<#_t-<#_t / ˈe_s-j / t_ɜ-ˈɛ_s
{0: [0], 1: [1, 2], 2: [3, 4]}
{0: [0], 1: [1], 2: [2, 3]}
SCORE: 14.389

-------------------

/tˈot/ - /tˈɔ/
<#_t-<#_t / ˈo_t-ˈɔ
{0: [0], 1: [1, 2]}
{0: [0], 1: [1]}
SCORE: 12.798

-------------------

/tˈots/ - /tˈɔ/
<#_t-<#_t / ˈo_t-ˈɔ / s_#>-#>
{0: [0], 1: [1, 2], 2: [3]}
{0: [0], 1: [1], 2: None}
SCORE: 10.004

-------------------

/tˈærɜ/ - /tˈɛːʀ/
<#_t-<#_t / ˈæ-ˈɛː / r-ʀ / ɜ-∅
{0: [0], 1: [1], 2: [2], 3: [3]}
{0: [0], 1: [1], 2: [2], 3: None}
SCORE: 10.528

-------------------

/tˈɒr/ - /tɔʀjˈa/
<#_t-<#_t / ˈɒ-ɔ / r-ʀ / ∅-j / #>-ˈa_#>
{0: [0], 1: [1], 2: [2], 3: None, 4: None}
{0: [0], 1: [1], 2: [2], 3: [3], 4: [4]}
SCORE: 10.985

-------------------

/verɡˈoɲɞ/ - /vɛʀɡˈɔɲ/
v-v / e-ɛ / r-ʀ / ɡ-ɡ / ˈo-ˈɔ / ɲ-ɲ / ɞ_#>-#>
{0: [0], 1: [1], 2: [2], 3: [3], 4: [4], 5: [5], 6: [6]}
{0: [0], 1: [1], 2: [2], 3: [3], 4: [4], 5: [5], 6: None}
SCORE: 31.867

-------------------

/veðˈeʎ/ - /vjˈa/
v-v / e-∅ / ð-∅ / ˈe-j / ʎ_#>-ˈa_#>
{0: [0], 1: [1], 2: [2], 3: [3], 4: [4]}
{0: [0], 1: None, 2: None, 3: [1], 4: [2]}
SCORE: 7.148

-------------------

/veˈi/ - /viʒˈẽ/
v-v / e-i / ∅-ʒ / ˈi_#>-ˈẽ_#>
{0: [0], 1: [1], 2: None, 3: [2]}
{0: [0], 1: [1], 2: [2], 3: [3]}
SCORE: 13.707

-------------------

/vilˈa/ - /vilˈɛ̃/
v-v / i-i / l-l / ˈa-ˈɛ̃
{0: [0], 1: [1], 2: [2], 3: [3]}
{0: [0], 1: [1], 2: [2], 3: [3]}
SCORE: 20.219

-------------------

/viˈaʤe/ - /vɔːjˈɛʧ/
v-v / ∅-ɔː / ∅-j / i-∅ / ˈa-ˈɛ / ʤ_e_#>-ʧ_#>
{0: [0], 1: None, 2: None, 3: [1], 4: [2], 5: [3, 4]}
{0: [0], 1: [1], 2: [2], 3: None, 4: [3], 5: [4]}
SCORE: -1.622

-------------------

/volˈar/ - /vɔlˈe/
v-v / o-ɔ / l-l / ˈa_r-ˈe
{0: [0], 1: [1], 2: [2], 3: [3, 4]}
{0: [0], 1: [1], 2: [2], 3: [3]}
SCORE: 23.649

-------------------

/vozˈaltɾes/ - /vɔzˈoːt/
v-v / o-ɔ / z-z / ˈa_l-ˈoː / t_ɾ_e_s_#>-t_#>
{0: [0], 1: [1], 2: [2], 3: [3, 4], 4: [5, 6, 7, 8]}
{0: [0], 1: [1], 2: [2], 3: [3], 4: [4]}
SCORE: 21.551

-------------------

/vˈakɐ/ - /vˈaʧ/
v-v / ˈa-ˈa / k-ʧ / ɐ_#>-#>
{0: [0], 1: [1], 2: [2], 3: [3]}
{0: [0], 1: [1], 2: [2], 3: None}
SCORE: 14.051

-------------------

/vˈent/ - /vˈɛ̃/
v-v / ˈe_n-ˈɛ̃ / t-∅
{0: [0], 1: [1, 2], 2: [3]}
{0: [0], 1: [1], 2: None}
SCORE: 9.083

-------------------

/vˈeʎ/ - /vˈiː/
v-v / ˈe-ˈiː / ʎ_#>-#>
{0: [0], 1: [1], 2: [2]}
{0: [0], 1: [1], 2: None}
SCORE: 10.715

-------------------

/vˈi/ - /vˈẽ/
v-v / ˈi_#>-ˈẽ_#>
{0: [0], 1: [1]}
{0: [0], 1: [1]}
SCORE: 15.922

-------------------

/vˈilɐ/ - /vˈɛj/
v-v / ˈi_l-ˈɛ / ɐ-j
{0: [0], 1: [1, 2], 2: [3]}
{0: [0], 1: [1], 2: [2]}
SCORE: 15.681

-------------------

/vˈin/ - /vˈɛ̃/
v_ˈi-v / n-ˈɛ̃
{0: [0, 1], 1: [2]}
{0: [0], 1: [1]}
SCORE: 9.184

-------------------

/vˈindɾe/ - /vnˈi/
v_ˈi-v / n-n / d-∅ / ɾ-∅ / e-ˈi
{0: [0, 1], 1: [2], 2: [3], 3: [4], 4: [5]}
{0: [0], 1: [1], 2: None, 3: None, 4: [2]}
SCORE: 3.044

-------------------

/vˈiðɐ/ - /vˈɛj/
v-v / ˈi-ˈɛ / ð_ɐ-j
{0: [0], 1: [1], 2: [2, 3]}
{0: [0], 1: [1], 2: [2]}
SCORE: 13.951

-------------------

/vˈiŋk/ - /vˈẽ/
v-v / ˈi_ŋ-ˈẽ / k_#>-#>
{0: [0], 1: [1, 2], 2: [3]}
{0: [0], 1: [1], 2: None}
SCORE: 9.872

-------------------

/vˈiɐ/ - /vˈɔːj/
v_ˈi-v / ∅-ˈɔː / ɐ-j
{0: [0, 1], 1: None, 2: [2]}
{0: [0], 1: [1], 2: [2]}
SCORE: 4.332

-------------------

/vˈærm/ - /vjˈɛʀ/
v-v / ∅-j / ˈæ-ˈɛ / r-ʀ / m-∅
{0: [0], 1: None, 2: [1], 3: [2], 4: [3]}
{0: [0], 1: [1], 2: [2], 3: [3], 4: None}
SCORE: 6.224

-------------------

/vˈært/ - /vˈɛʀ/
v-v / ˈæ-ˈɛ / r_t-ʀ
{0: [0], 1: [1], 2: [2, 3]}
{0: [0], 1: [1], 2: [2]}
SCORE: 13.76

-------------------

/vˈæw/ - /vwˈɛ/
v-v / ˈæ-w / w-ˈɛ
{0: [0], 1: [1], 2: [2]}
{0: [0], 1: [1], 2: [2]}
SCORE: 12.659

-------------------

/vˈæwɾɜ/ - /vˈɛj/
v-v / ˈæ-ˈɛ / w-∅ / ɾ-∅ / ɜ-∅ / #>-j_#>
{0: [0], 1: [1], 2: [2], 3: [3], 4: [4], 5: None}
{0: [0], 1: [1], 2: None, 3: None, 4: None, 5: [2]}
SCORE: -4.655

-------------------

/vˈɒl/ - /vˈɔl/
v-v / ˈɒ-ˈɔ / l-l
{0: [0], 1: [1], 2: [2]}
{0: [0], 1: [1], 2: [2]}
SCORE: 18.458

-------------------

/wˈit/ - /ˈyːt/
w_ˈi-ˈyː / t-t
{0: [0, 1], 1: [2]}
{0: [0], 1: [1]}
SCORE: 10.954

-------------------

/ɡlˈas/ - /ɡlˈɛs/
ɡ-ɡ / l-l / ˈa-ˈɛ / s-s
{0: [0], 1: [1], 2: [2], 3: [3]}
{0: [0], 1: [1], 2: [2], 3: [3]}
SCORE: 22.041

-------------------

/ɡrˈas/ - /kʀˈɔːʃ/
ɡ-k / r-ʀ / ˈa-ˈɔː / s-ʃ
{0: [0], 1: [1], 2: [2], 3: [3]}
{0: [0], 1: [1], 2: [2], 3: [3]}
SCORE: 19.439

-------------------

/ɡwˈaɫːɐ/ - /kwˈaj/
ɡ-k / w-w / ˈa-∅ / ɫː-ˈa / ɐ-j
{0: [0], 1: [1], 2: [2], 3: [3], 4: [4]}
{0: [0], 1: [1], 2: None, 3: [2], 4: [3]}
SCORE: 11.313

-------------------

/ɡɾˈa/ - /ɡʀˈɛ̃n/
ɡ-ɡ / ɾ-ʀ / ˈa-ˈɛ̃ / ∅-n
{0: [0], 1: [1], 2: [2], 3: None}
{0: [0], 1: [1], 2: [2], 3: [3]}
SCORE: 11.858

-------------------

/ɡɾˈan/ - /ɡʀˈɑ̃/
ɡ-ɡ / ɾ-ʀ / ˈa_n-ˈɑ̃
{0: [0], 1: [1], 2: [2, 3]}
{0: [0], 1: [1], 2: [2]}
SCORE: 19.786

-------------------

/ɡɾˈɒs/ - /ɡʀˈɔ/
ɡ-ɡ / ɾ-ʀ / ˈɒ-ˈɔ / s_#>-#>
{0: [0], 1: [1], 2: [2], 3: [3]}
{0: [0], 1: [1], 2: [2], 3: None}
SCORE: 16.338

-------------------

/ɡˈolɞ/ - /ɡˈøːj/
ɡ-ɡ / ˈo-ˈøː / l-j / ɞ_#>-#>
{0: [0], 1: [1], 2: [2], 3: [3]}
{0: [0], 1: [1], 2: [2], 3: None}
SCORE: 10.203

-------------------

/ɡˈotɞ/ - /ɡˈɔt/
ɡ-ɡ / ˈo-ˈɔ / t-t / ɞ_#>-#>
{0: [0], 1: [1], 2: [2], 3: [3]}
{0: [0], 1: [1], 2: [2], 3: None}
SCORE: 17.556

-------------------

/ʎevˈar/ - /lɛvˈe/
<#_ʎ-<#_l / e-ɛ / v-v / ˈa_r-ˈe
{0: [0], 1: [1], 2: [2], 3: [3, 4]}
{0: [0], 1: [1], 2: [2], 3: [3]}
SCORE: 22.074

-------------------

/ʎeˈo/ - /lijˈɔ̃/
<#_ʎ-<#_l / e-i / ∅-j / ˈo_#>-ˈɔ̃_#>
{0: [0], 1: [1], 2: None, 3: [2]}
{0: [0], 1: [1], 2: [2], 3: [3]}
SCORE: 13.124

-------------------

/ʎˈak/ - /lˈak/
<#_ʎ-<#_l / ˈa-ˈa / k-k
{0: [0], 1: [1], 2: [2]}
{0: [0], 1: [1], 2: [2]}
SCORE: 17.305

-------------------

/ʎˈanɐ/ - /lˈɛ̃ːn/
<#_ʎ-<#_l / ∅-ˈɛ̃ː / ˈa-∅ / n_ɐ-n
{0: [0], 1: None, 2: [1], 3: [2, 3]}
{0: [0], 1: [1], 2: None, 3: [2]}
SCORE: 3.41

-------------------

/ʎˈaɣɾimɐ/ - /lˈɔːm/
<#_ʎ-<#_l / ˈa_ɣ-ˈɔː / ɾ-∅ / i-∅ / m-m / ɐ_#>-#>
{0: [0], 1: [1, 2], 2: [3], 3: [4], 4: [5], 5: [6]}
{0: [0], 1: [1], 2: None, 3: None, 4: [2], 5: None}
SCORE: 5.536

-------------------

/ʎˈej/ - /lwˈɛ/
<#_ʎ-<#_l / ˈe_j-w_ˈɛ
{0: [0], 1: [1, 2]}
{0: [0], 1: [1, 2]}
SCORE: 14.493

-------------------

/ʎˈet/ - /lɛsjˈa/
<#_ʎ-<#_l / ˈe-ɛ / t-s / ∅-j / #>-ˈa_#>
{0: [0], 1: [1], 2: [2], 3: None, 4: None}
{0: [0], 1: [1], 2: [2], 3: [3], 4: [4]}
SCORE: 5.821

-------------------

/ʎˈetɾɜ/ - /lˈɛt/
<#_ʎ-<#_l / ˈe-ˈɛ / t-t / ɾ-∅ / ɜ-∅
{0: [0], 1: [1], 2: [2], 3: [3], 4: [4]}
{0: [0], 1: [1], 2: [2], 3: None, 4: None}
SCORE: 7.474

-------------------

/ʎˈeβɾɜ/ - /lˈiːf/
<#_ʎ-<#_l / ˈe-ˈiː / β-f / ɾ-∅ / ɜ-∅
{0: [0], 1: [1], 2: [2], 3: [3], 4: [4]}
{0: [0], 1: [1], 2: [2], 3: None, 4: None}
SCORE: 4.37

-------------------

/ʎˈiwɾe/ - /lˈiːp/
<#_ʎ-<#_l / ˈi_w-ˈiː / ∅-p / ɾ-∅ / e_#>-#>
{0: [0], 1: [1, 2], 2: None, 3: [3], 4: [4]}
{0: [0], 1: [1], 2: [2], 3: None, 4: None}
SCORE: -1.246

-------------------

/ʎˈoŋk/ - /lˈɔ̃/
<#_ʎ-<#_l / ˈo-ˈɔ̃ / ŋ_k_#>-#>
{0: [0], 1: [1], 2: [2, 3]}
{0: [0], 1: [1], 2: None}
SCORE: 9.641

-------------------

/ʎˈujtɐ/ - /lˈyːt/
<#_ʎ-<#_l / ∅-ˈyː / ˈu-∅ / j-∅ / t-t / ɐ_#>-#>
{0: [0], 1: None, 2: [1], 3: [2], 4: [3], 5: [4]}
{0: [0], 1: [1], 2: None, 3: None, 4: [2], 5: None}
SCORE: -2.838

-------------------

/ʎˈunɐ/ - /lˈyn/
<#_ʎ-<#_l / ˈu-ˈy / n_ɐ-n
{0: [0], 1: [1], 2: [2, 3]}
{0: [0], 1: [1], 2: [2]}
SCORE: 19.628

-------------------

/ʎˈɒk/ - /luwˈe/
<#_ʎ-<#_l / ∅-u / ˈɒ-w / ∅-ˈe / k_#>-#>
{0: [0], 1: None, 2: [1], 3: None, 4: [2]}
{0: [0], 1: [1], 2: [2], 3: [3], 4: None}
SCORE: -0.2

-------------------

/ʤelˈar/ - /ʤalˈe/
ʤ-ʤ / e-a / l-l / ˈa_r-ˈe
{0: [0], 1: [1], 2: [2], 3: [3, 4]}
{0: [0], 1: [1], 2: [2], 3: [3]}
SCORE: 21.62

-------------------

/ʤenˈivɐ/ - /ʤɛ̃sˈiːf/
ʤ-ʤ / e_n-ɛ̃ / ∅-s / ˈi-ˈiː / ∅-f / v-∅ / ɐ_#>-#>
{0: [0], 1: [1, 2], 2: None, 3: [3], 4: None, 5: [4], 6: [5]}
{0: [0], 1: [1], 2: [2], 3: [3], 4: [4], 5: None, 6: None}
SCORE: 4.722

-------------------

/ʤenˈoʎ/ - /ɲːˈɔ/
ʤ-∅ / e-∅ / n-ɲː / ˈo-ˈɔ / ʎ_#>-#>
{0: [0], 1: [1], 2: [2], 3: [3], 4: [4]}
{0: None, 1: None, 2: [0], 3: [1], 4: None}
SCORE: -1.554

-------------------

/ʤermˈa/ - /fʀˈe/
ʤ-f / e-∅ / r-ʀ / m-∅ / ˈa-ˈe
{0: [0], 1: [1], 2: [2], 3: [3], 4: [4]}
{0: [0], 1: None, 2: [1], 3: None, 4: [2]}
SCORE: 1.857

-------------------

/ʤˈent/ - /ʤˈɛ̃/
ʤ-ʤ / ˈe_n-ˈɛ̃ / t-∅
{0: [0], 1: [1, 2], 2: [3]}
{0: [0], 1: [1], 2: None}
SCORE: 9.755

-------------------

/ʤˈovɞ/ - /ʤˈɔ̃n/
ʤ-ʤ / ˈo-ˈɔ̃ / ∅-n / v-∅ / ɞ_#>-#>
{0: [0], 1: [1], 2: None, 3: [2], 4: [3]}
{0: [0], 1: [1], 2: [2], 3: None, 4: None}
SCORE: 2.117

-------------------

/ʤˈunt/ - /ʤˈɔ̃/
ʤ-ʤ / ˈu_n-ˈɔ̃ / t-∅
{0: [0], 1: [1, 2], 2: [3]}
{0: [0], 1: [1], 2: None}
SCORE: 6.201

-------------------

/ʤˈuɲ/ - /ʤˈœ̃/
ʤ-ʤ / ˈu_ɲ-ˈœ̃
{0: [0], 1: [1, 2]}
{0: [0], 1: [1]}
SCORE: 15.38

-------------------

/ʤˈuʤe/ - /ʤˈyʧ/
ʤ-ʤ / ˈu-ˈy / ʤ_e_#>-ʧ_#>
{0: [0], 1: [1], 2: [2, 3]}
{0: [0], 1: [1], 2: [2]}
SCORE: 18.398

-------------------

/ʤˈɒ/ - /ʤˈi/
ʤ-ʤ / ˈɒ-∅ / #>-ˈi_#>
{0: [0], 1: [1], 2: None}
{0: [0], 1: None, 2: [1]}
SCORE: 2.791

-------------------

/ʤˈɒk/ - /ʤˈøː/
ʤ-ʤ / ˈɒ_k-ˈøː
{0: [0], 1: [1, 2]}
{0: [0], 1: [1]}
SCORE: 13.773

-------------------

/ˈajɣwɐ/ - /ˈɛːw/
<#_ˈa-<# / j-∅ / ɣ-ˈɛː / w-w / ɐ_#>-#>
{0: [0], 1: [1], 2: [2], 3: [3], 4: [4]}
{0: None, 1: None, 2: [0], 3: [1], 4: None}
SCORE: -4.008

-------------------

/ˈaltɾe/ - /ˈoːt/
ˈa_l-ˈoː / t_ɾ_e_#>-t_#>
{0: [0, 1], 1: [2, 3, 4]}
{0: [0], 1: [1]}
SCORE: 6.528

-------------------

/ˈaɲ/ - /ˈɑ̃/
ˈa_ɲ-ˈɑ̃
{0: [0, 1]}
{0: [0]}
SCORE: 5.4

-------------------

/ˈaɲʤel/ - /ˈɑ̃ʧ/
ˈa_ɲ-ˈɑ̃ / ʤ-ʧ / e-∅ / l_#>-#>
{0: [0, 1], 1: [2], 2: [3], 3: [4]}
{0: [0], 1: [1], 2: None, 3: None}
SCORE: 0.114

-------------------

/ˈaʎ/ - /ˈa/
<#_ˈa-<# / ʎ_#>-ˈa_#>
{0: [0], 1: [1]}
{0: None, 1: [0]}
SCORE: 5.215

-------------------

/ˈiʎɐ/ - /ˈiːj/
ˈi-ˈiː / ʎ_ɐ-j
{0: [0], 1: [1, 2]}
{0: [0], 1: [1]}
SCORE: 10.735

-------------------

/ˈos/ - /ˈuːs/
ˈo-ˈuː / s-s
{0: [0], 1: [1]}
{0: [0], 1: [1]}
SCORE: 12.452

-------------------

/ˈu/ - /ˈɔ̃/
ˈu-ˈɔ̃
{0: [0]}
{0: [0]}
SCORE: 6.108

-------------------

/ˈuŋɡlɐ/ - /ˈɔ̃k/
<#_ˈu-<# / ŋ-ˈɔ̃ / ɡ-k / l-∅ / ɐ_#>-#>
{0: [0], 1: [1], 2: [2], 3: [3], 4: [4]}
{0: None, 1: [0], 2: [1], 3: None, 4: None}
SCORE: -0.639

-------------------

/ˈuʎ/ - /ˈuːj/
ˈu-ˈuː / ʎ-j
{0: [0], 1: [1]}
{0: [0], 1: [1]}
SCORE: 10.197

-------------------

/ˈuʎs/ - /ˈuːj/
ˈu-ˈuː / ʎ-j / s_#>-#>
{0: [0], 1: [1], 2: [2]}
{0: [0], 1: [1], 2: None}
SCORE: 7.403

-------------------

/ˈɒmɞ/ - /ˈɔm/
ˈɒ-ˈɔ / m-m / ɞ_#>-#>
{0: [0], 1: [1], 2: [2]}
{0: [0], 1: [1], 2: None}
SCORE: 10.942

-------------------

/ˈɒr/ - /ˈoːʀ/
ˈɒ-ˈoː / r-ʀ
{0: [0], 1: [1]}
{0: [0], 1: [1]}
SCORE: 11.079

-------------------

/ˈɒs/ - /ɔʃjˈa/
ˈɒ-ɔ / s-ʃ / ∅-j / #>-ˈa_#>
{0: [0], 1: [1], 2: None, 3: None}
{0: [0], 1: [1], 2: [2], 3: [3]}
SCORE: 5.408

-------------------

/ˈɒw/ - /ˈuː/
ˈɒ_w-ˈuː
{0: [0, 1]}
{0: [0]}
SCORE: 7.289

-------------------

/ˈɒβɾɞ/ - /ˈuːf/
ˈɒ-ˈuː / β_ɾ_ɞ_#>-f_#>
{0: [0], 1: [1, 2, 3]}
{0: [0], 1: [1]}
SCORE: 6.228
