Same meaning pairs: 220
****SAMPLE 1****
Iteration 1
	Qualified: 170
	Disqualified: 182
	Added: 0
	Removed: 6
		Kopp /kʰˈɔp/ - head /hˈed/
		Ooch /ˈaʊ̯x/ - eye /ˈaɪ̯/
		Ei /ˈae̯/ - egg /ˈeɡ/
		Imm /ˈɪm/ - bee /bˈiː/
		Bom /bˈaʊ̯m/ - tree /tʰɹˈiː/
		Fru /frˈuː/ - quean /kʰwˈiːn/

Iteration 2
	Qualified: 169
	Disqualified: 183
	Added: 0
	Removed: 1
		Ierd /ˈiːæ/ - earth /ˈɜːθ/

Iteration 3
	Qualified: 170
	Disqualified: 182
	Added: 1
		Ierd /ˈiːæ/ - earth /ˈɜːθ/
	Removed: 0

Final qualifying:
		Blatt /blˈat/ - blade /blˈeɪ̯d/
		Blaum /blˈaʊ̯m/ - bloom /blˈuːm/
		Blaut /blˈaʊ̯t/ - blood /blˈɐd/
		Brot /brˈaʊ̯t/ - bread /bɹˈed/
		Brauder /brˈaʊ̯ɾæ/ - brother /bɹˈɐðə/
		Brügg /brˈʏç/ - bridge /bɹˈɪʤ/
		beiden /bˈae̯dn̩/ - bid /bˈɪd/
		Bein /bˈae̯n/ - bone /bˈəʊ̯n/
		Bauk /bˈaʊ̯k/ - book /bˈʊk/
		Bom /bˈaʊ̯m/ - beam /bˈiːm/
		Boot /bˈaʊ̯t/ - boat /bˈəʊ̯t/
		Bor /bˈoːæ/ - bear /bˈɛə/
		Bost /bˈɔst/ - breast /bɹˈest/
		bäder /bˈɛːɾæ/ - better /bˈetə/
		bidden /bˈɪɾn̩/ - bid /bˈɪd/
		driewen /drˈiːm/ - drive /dɹˈaɪ̯v/
		drööch /drˈøːç/ - dry /dɹˈaɪ̯/
		drömen /drˈɔʏ̯m/ - dream /dɹˈiːm/
		drinken /drˈɪŋkn̩/ - drink /dɹˈɪŋk/
		Deif /dˈae̯f/ - thief /θˈiːf/
		deip /dˈae̯p/ - deep /dˈiːp/
		Dach /dˈax/ - day /dˈeɪ̯/
		danken /dˈaŋkn̩/ - thank /θˈæŋk/
		Dod /dˈaʊ̯d/ - death /dˈeθ/
		Diert /dˈiːæt/ - deer /dˈɪə/
		dusend /dˈuːzn̩d/ - thousand /θˈaʊ̯zn̩d/
		düer /dˈyːæ/ - dear /dˈɪə/
		dünn /dˈʏn/ - thin /θˈɪn/
		flegen /flˈae̯ŋ/ - fly /flˈaɪ̯/
		Fleisch /flˈae̯ʃ/ - flesh /flˈeʃ/
		frie /frˈiː/ - free /fɹˈiː/
		frisch /frˈɪʃ/ - fresh /fɹˈeʃ/
		Fründ /frˈʏnd/ - friend /fɹˈend/
		Vadder /fˈaɾæ/ - father /fˈɑːðə/
		Faut /fˈaʊ̯t/ - foot /fˈʊt/
		fief /fˈiːf/ - five /fˈaɪ̯v/
		vier /fˈiːæ/ - four /fˈɔː/
		Füer /fˈyːæ/ - fire /fˈaɪ̯ə/
		Vågel /fˈɒːɡl̩/ - fowl /fˈaʊ̯ɫ/
		folgen /fˈɔlɡn̩/ - follow /fˈɒləʊ̯/
		Voss /fˈɔs/ - fox /fˈɒks/
		fäuhlen /fˈɔʏ̯ln̩/ - feel /fˈiːɫ/
		Fäut /fˈɔʏ̯t/ - feet /fˈiːt/
		Fedder /fˈɛɾæ/ - feather /fˈeðə/
		Finger /fˈɪŋæ/ - finger /fˈɪŋɡə/
		vull /fˈʊl/ - full /fˈʊɫ/
		heit /hˈae̯t/ - hot /hˈɒt/
		hoch /hˈaʊ̯x/ - high /hˈaɪ̯/
		Hart /hˈaːt/ - heart /hˈɑːt/
		hier /hˈiːæ/ - here /hˈɪə/
		Hus /hˈuːs/ - house /hˈaʊ̯s/
		Hut /hˈuːt/ - hide /hˈaɪ̯d/
		Huurn /hˈuːæn/ - horn /hˈɔːn/
		hüren /hˈyːæn/ - hear /hˈɪə/
		Höft /hˈœft/ - head /hˈed/
		Hås /hˈɒːs/ - hare /hˈɛə/
		Honnig /hˈɔnɪç/ - honey /hˈɐnɪ/
		hebben /hˈɛbm̩/ - have /hˈæv/
		hillig /hˈɪlɪç/ - holy /hˈəʊ̯lɪ/
		Hund /hˈʊnd/ - hound /hˈaʊ̯nd/
		gräun /jrˈɔʏ̯n/ - green /ɡɹˈiːn/
		Geist /jˈae̯st/ - ghost /ɡˈəʊ̯st/
		gäl /jˈɛl/ - yellow /jˈeləʊ̯/
		Jitt /jˈɪt/ - goat /ɡˈəʊ̯t/
		jung /jˈʊŋk/ - young /jˈɐŋ/
		Knei /kʰnˈae̯/ - knee /nˈiː/
		Kalf /kʰˈalf/ - calf /kʰˈɑːf/
		kolt /kʰˈaʊ̯lt/ - cold /kʰˈəʊ̯ɫd/
		Kirch /kʰˈiːæç/ - church /ʧˈɜːʧ/
		König /kʰˈøːnɪç/ - king /kʰˈɪŋ/
		Kees /kʰˈɛɪ̯s/ - cheese /ʧˈiːz/
		Kind /kʰˈɪnd/ - child /ʧˈaɪ̯ɫd/
		Lamm /lˈam/ - lamb /lˈæm/
		Land /lˈand/ - land /lˈænd/
		lachen /lˈaxn̩/ - laugh /lˈɑːf/
		lang /lˈaŋk/ - long /lˈɒŋ/
		Lof /lˈoːf/ - leaf /lˈiːf/
		Lus /lˈuːs/ - louse /lˈaʊ̯s/
		Licht /lˈɪç/ - light /ɫˈaɪ̯t/
		Mann /mˈan/ - man /mˈæn/
		Macht /mˈaxt/ - might /mˈaɪ̯t/
		Mauder /mˈaʊ̯ɾæ/ - mother /mˈɐðə/
		mi /mˈiː/ - me /mˈiː/
		Mul /mˈuːl/ - mouth /mˈaʊ̯θ/
		Mus /mˈuːs/ - mouse /mˈaʊ̯s/
		Månd /mˈɒːnd/ - moon /mˈuːn/
		Mund /mˈʊnd/ - mouth /mˈaʊ̯θ/
		Mudder /mˈʊɾæ/ - mother /mˈɐðə/
		Müch /mˈʏç/ - midge /mˈɪʤ/
		Nacht /nˈax/ - night /nˈaɪ̯t/
		niech /nˈiːç/ - new /njˈuː/
		Nådel /nˈɒːdl̩/ - needle /nˈiːdɫ̩/
		nåkt /nˈɒːkt/ - naked /nˈeɪ̯kɪd/
		Nåm /nˈɒːm/ - name /nˈeɪ̯m/
		Någel /nˈɒːɡl̩/ - nail /nˈeɪ̯ɫ/
		Näs /nˈɛːs/ - nose /nˈəʊ̯z/
		negen /nˈɛːɣn̩/ - nine /nˈaɪ̯n/
		Rok /rˈaʊ̯k/ - reek /ɹˈiːk/
		rot /rˈaʊ̯t/ - red /ɹˈed/
		riek /rˈiːk/ - rich /ɹˈɪʧ/
		Recht /rˈɛçt/ - right /ɹˈaɪ̯t/
		Rägen /rˈɛŋ/ - rain /ɹˈeɪ̯n/
		Ring /rˈɪŋ/ - ring /ɹˈɪŋ/
		twei /tʰvˈae̯/ - two /tʰˈuː/
		twintig /tʰvˈɪntɪç/ - twenty /tʰwˈentɪ/
		Tiet /tʰˈiːt/ - tide /tʰˈaɪ̯d/
		Tähn /tʰˈɛːn/ - tooth /tʰˈuːθ/
		weiten /vˈae̯tn̩/ - wit /wˈɪt/
		Wall /vˈal/ - whale /wˈeɪ̯ɫ/
		wat /vˈat/ - what /wˈɒt/
		warm /vˈaːm/ - warm /wˈɔːm/
		wi /vˈiː/ - we /wˈiː/
		Wief /vˈiːf/ - wife /wˈaɪ̯f/
		Wuurt /vˈuːæt/ - word /wˈɜːd/
		Wåter /vˈɒːtæ/ - water /wˈɔːtə/
		Wech /vˈɛç/ - way /wˈeɪ̯/
		Wäder /vˈɛːɾæ/ - weather /wˈeðə/
		Wind /vˈɪnd/ - wind /wˈɪnd/
		witt /vˈɪt/ - white /wˈaɪ̯t/
		Wull /vˈʊl/ - wool /wˈʊɫ/
		Wulf /vˈʊlf/ - wolf /wˈʊɫf/
		wünschen /vˈʏnʃn̩/ - wish /wˈɪʃ/
		See /zˈeː/ - sea /sˈiː/
		Siet /zˈiːt/ - side /sˈaɪ̯d/
		söss /zˈœs/ - six /sˈɪks/
		sœben /zˈœːm/ - seven /sˈevən/
		Sœhn /zˈœːn/ - son /sˈɐn/
		Sœch /zˈœːç/ - sow /sˈaʊ̯/
		Solt /zˈɔlt/ - salt /sˈɒɫt/
		singen /zˈɪŋ/ - sing /sˈɪŋ/
		grot /ɡrˈaʊ̯t/ - great /ɡɹˈeɪ̯t/
		Gras /ɡrˈaːs/ - grass /ɡɹˈɑːs/
		Gaus /ɡˈaʊ̯s/ - goose /ɡˈuːs/
		gaut /ɡˈaʊ̯t/ - good /ɡˈʊd/
		Gold /ɡˈɔld/ - gold /ɡˈəʊ̯ɫd/
		Gott /ɡˈɔt/ - god /ɡˈɒd/
		schlåpen /ʃlˈɒːbm̩/ - sleep /slˈiːp/
		schlån /ʃlˈɒːn/ - slay /slˈeɪ̯/
		Stauhl /ʃtˈaʊ̯l/ - stool /stˈuːɫ/
		Sturm /ʃtˈuːæm/ - storm /stˈɔːm/
		schwart /ʃwˈat/ - swart /swˈɔːt/
		Schwien /ʃwˈiːn/ - swine /swˈaɪ̯n/
		schwemmen /ʃwˈɛm/ - swim /swˈɪm/
		scharp /ʃˈaːp/ - sharp /ʃˈɑːp/
		Schiet /ʃˈiːt/ - shit /ʃˈɪt/
		Schåp /ʃˈɒːp/ - sheep /ʃˈiːp/
		Schipp /ʃˈɪp/ - ship /ʃˈɪp/
		Eik /ˈae̯k/ - oak /ˈəʊ̯k/
		ein /ˈae̯n/ - one /wˈɐn/
		all /ˈal/ - all /ˈɔːɫ/
		anner /ˈanæ/ - other /ˈɐðə/
		Appel /ˈapl̩/ - apple /ˈæpɫ̩/
		acht /ˈaxt/ - eight /ˈeɪ̯t/
		Asch /ˈaʃ/ - ash /ˈæʃ/
		Arm /ˈaːm/ - arm /ˈɑːm/
		Ierd /ˈiːæ/ - earth /ˈɜːθ/
		Ul /ˈuːl/ - owl /ˈaʊ̯l̩/
		ut /ˈuːt/ - out /ˈaʊ̯t/
		Uhr /ˈuːæ/ - ear /ˈɪə/
		œwer /ˈœːvæ/ - over /ˈəʊ̯və/
		Ål /ˈɒːl/ - eel /ˈiːɫ/
		Åben /ˈɒːm/ - oven /ˈɐvn̩/
		Åp /ˈɒːp/ - ape /ˈeɪ̯p/
		olt /ˈɔlt/ - old /ˈəʊ̯ɫd/
		Eck /ˈɛk/ - edge /ˈeʤ/
		elm /ˈɛlm/ - eleven /ɪlˈevən/
		äten /ˈɛːtn̩/ - eat /ˈiːt/
		ik /ˈɪk/ - I /ˈaɪ̯/
		in /ˈɪn/ - in /ˈɪn/
		uns /ˈʊns/ - us /ˈɐs/

Final disqualified:
		Bom /bˈaʊ̯m/ - tree /tʰɹˈiː/
		Fru /frˈuː/ - quean /kʰwˈiːn/
		Kopp /kʰˈɔp/ - head /hˈed/
		Ei /ˈae̯/ - egg /ˈeɡ/
		Ooch /ˈaʊ̯x/ - eye /ˈaɪ̯/
		Imm /ˈɪm/ - bee /bˈiː/


-------------------

****SAMPLE 2****
Iteration 1
	Qualified: 172
	Disqualified: 180
	Added: 0
	Removed: 4
		Bom /bˈaʊ̯m/ - tree /tʰɹˈiː/
		Imm /ˈɪm/ - bee /bˈiː/
		Fru /frˈuː/ - quean /kʰwˈiːn/
		Kopp /kʰˈɔp/ - head /hˈed/

Iteration 2
	Qualified: 171
	Disqualified: 181
	Added: 0
	Removed: 1
		Ierd /ˈiːæ/ - earth /ˈɜːθ/

Iteration 3
	Qualified: 171
	Disqualified: 181
	Added: 1
		Ierd /ˈiːæ/ - earth /ˈɜːθ/
	Removed: 1
		äten /ˈɛːtn̩/ - eat /ˈiːt/

Iteration 4
	Qualified: 171
	Disqualified: 181
	Added: 0
	Removed: 0

Final qualifying:
		Blatt /blˈat/ - blade /blˈeɪ̯d/
		Blaum /blˈaʊ̯m/ - bloom /blˈuːm/
		Blaut /blˈaʊ̯t/ - blood /blˈɐd/
		Brot /brˈaʊ̯t/ - bread /bɹˈed/
		Brauder /brˈaʊ̯ɾæ/ - brother /bɹˈɐðə/
		Brügg /brˈʏç/ - bridge /bɹˈɪʤ/
		beiden /bˈae̯dn̩/ - bid /bˈɪd/
		Bein /bˈae̯n/ - bone /bˈəʊ̯n/
		Bauk /bˈaʊ̯k/ - book /bˈʊk/
		Bom /bˈaʊ̯m/ - beam /bˈiːm/
		Barch /bˈaːx/ - barrow /bˈæɹəʊ̯/
		bieten /bˈiːtn̩/ - bite /bˈaɪ̯t/
		Bost /bˈɔst/ - breast /bɹˈest/
		bäder /bˈɛːɾæ/ - better /bˈetə/
		drei /drˈae̯/ - three /θɹˈiː/
		Drom /drˈaʊ̯m/ - dream /dɹˈiːm/
		driewen /drˈiːm/ - drive /dɹˈaɪ̯v/
		drööch /drˈøːç/ - dry /dɹˈaɪ̯/
		drömen /drˈɔʏ̯m/ - dream /dɹˈiːm/
		drinken /drˈɪŋkn̩/ - drink /dɹˈɪŋk/
		Deif /dˈae̯f/ - thief /θˈiːf/
		deip /dˈae̯p/ - deep /dˈiːp/
		danken /dˈaŋkn̩/ - thank /θˈæŋk/
		Dod /dˈaʊ̯d/ - death /dˈeθ/
		Diert /dˈiːæt/ - deer /dˈɪə/
		du /dˈuː/ - thou /ðˈaʊ̯/
		dusend /dˈuːzn̩d/ - thousand /θˈaʊ̯zn̩d/
		düer /dˈyːæ/ - dear /dˈɪə/
		Dochter /dˈɔxtæ/ - daughter /dˈɔːtə/
		dick /dˈɪk/ - thick /θˈɪk/
		Dunner /dˈʊnæ/ - thunder /θˈɐndə/
		dünn /dˈʏn/ - thin /θˈɪn/
		Fleich /flˈae̯ç/ - fly /flˈaɪ̯/
		flegen /flˈae̯ŋ/ - fly /flˈaɪ̯/
		Fleisch /flˈae̯ʃ/ - flesh /flˈeʃ/
		freren /frˈaɪ̯æn/ - freeze /fɹˈiːz/
		frie /frˈiː/ - free /fɹˈiː/
		frisch /frˈɪʃ/ - fresh /fɹˈeʃ/
		Fründ /frˈʏnd/ - friend /fɹˈend/
		Vadder /fˈaɾæ/ - father /fˈɑːðə/
		Faut /fˈaʊ̯t/ - foot /fˈʊt/
		Vågel /fˈɒːɡl̩/ - fowl /fˈaʊ̯ɫ/
		folgen /fˈɔlɡn̩/ - follow /fˈɒləʊ̯/
		fäuhlen /fˈɔʏ̯ln̩/ - feel /fˈiːɫ/
		Finger /fˈɪŋæ/ - finger /fˈɪŋɡə/
		Fisch /fˈɪʃ/ - fish /fˈɪʃ/
		Hand /hˈand/ - hand /hˈænd/
		hoch /hˈaʊ̯x/ - high /hˈaɪ̯/
		Hart /hˈaːt/ - heart /hˈɑːt/
		hier /hˈiːæ/ - here /hˈɪə/
		Hus /hˈuːs/ - house /hˈaʊ̯s/
		Hut /hˈuːt/ - hide /hˈaɪ̯d/
		Huurn /hˈuːæn/ - horn /hˈɔːn/
		hüren /hˈyːæn/ - hear /hˈɪə/
		Höft /hˈœft/ - head /hˈed/
		Hås /hˈɒːs/ - hare /hˈɛə/
		hebben /hˈɛbm̩/ - have /hˈæv/
		hillig /hˈɪlɪç/ - holy /hˈəʊ̯lɪ/
		Hund /hˈʊnd/ - hound /hˈaʊ̯nd/
		hunnert /hˈʊnæt/ - hundred /hˈɐndɹəd/
		Hunger /hˈʊŋæ/ - hunger /hˈɐŋɡə/
		gräun /jrˈɔʏ̯n/ - green /ɡɹˈiːn/
		Johr /jˈoːæ/ - year /jˈɪə/
		gäl /jˈɛl/ - yellow /jˈeləʊ̯/
		jung /jˈʊŋk/ - young /jˈɐŋ/
		Knei /kʰnˈae̯/ - knee /nˈiː/
		Kalf /kʰˈalf/ - calf /kʰˈɑːf/
		Kauh /kʰˈaʊ̯/ - cow /kʰˈaʊ̯/
		kolt /kʰˈaʊ̯lt/ - cold /kʰˈəʊ̯ɫd/
		Kirch /kʰˈiːæç/ - church /ʧˈɜːʧ/
		Küken /kʰˈyːkn̩/ - chicken /ʧˈɪkɪn/
		König /kʰˈøːnɪç/ - king /kʰˈɪŋ/
		Kees /kʰˈɛɪ̯s/ - cheese /ʧˈiːz/
		Kind /kʰˈɪnd/ - child /ʧˈaɪ̯ɫd/
		Lamm /lˈam/ - lamb /lˈæm/
		Land /lˈand/ - land /lˈænd/
		lang /lˈaŋk/ - long /lˈɒŋ/
		lopen /lˈaʊ̯pn̩/ - leap /lˈiːp/
		Lof /lˈoːf/ - leaf /lˈiːf/
		licht /lˈɪç/ - light /ɫˈaɪ̯t/
		Licht /lˈɪç/ - light /ɫˈaɪ̯t/
		Mann /mˈan/ - man /mˈæn/
		Macht /mˈaxt/ - might /mˈaɪ̯t/
		Mauder /mˈaʊ̯ɾæ/ - mother /mˈɐðə/
		Mul /mˈuːl/ - mouth /mˈaʊ̯θ/
		Mus /mˈuːs/ - mouse /mˈaʊ̯s/
		Månd /mˈɒːnd/ - moon /mˈuːn/
		Melk /mˈɛlk/ - milk /mˈɪɫk/
		Mund /mˈʊnd/ - mouth /mˈaʊ̯θ/
		Mudder /mˈʊɾæ/ - mother /mˈɐðə/
		Müch /mˈʏç/ - midge /mˈɪʤ/
		Nacht /nˈax/ - night /nˈaɪ̯t/
		niech /nˈiːç/ - new /njˈuː/
		Nuurd /nˈuːæd/ - north /nˈɔːθ/
		Nåm /nˈɒːm/ - name /nˈeɪ̯m/
		Någel /nˈɒːɡl̩/ - nail /nˈeɪ̯ɫ/
		Näs /nˈɛːs/ - nose /nˈəʊ̯z/
		negen /nˈɛːɣn̩/ - nine /nˈaɪ̯n/
		Rok /rˈaʊ̯k/ - reek /ɹˈiːk/
		rot /rˈaʊ̯t/ - red /ɹˈed/
		riek /rˈiːk/ - rich /ɹˈɪʧ/
		Recht /rˈɛçt/ - right /ɹˈaɪ̯t/
		Rägen /rˈɛŋ/ - rain /ɹˈeɪ̯n/
		Ring /rˈɪŋ/ - ring /ɹˈɪŋ/
		Süster /sˈʏstæ/ - sister /sˈɪstə/
		twölf /tʰvˈœlf/ - twelve /tʰwˈeɫv/
		twintig /tʰvˈɪntɪç/ - twenty /tʰwˈentɪ/
		teihn /tʰˈae̯n/ - ten /tʰˈen/
		Tiet /tʰˈiːt/ - tide /tʰˈaɪ̯d/
		Tung /tʰˈʊŋ/ - tongue /tʰˈɐŋ/
		weiten /vˈae̯tn̩/ - wit /wˈɪt/
		wat /vˈat/ - what /wˈɒt/
		warm /vˈaːm/ - warm /wˈɔːm/
		wi /vˈiː/ - we /wˈiː/
		Wuurt /vˈuːæt/ - word /wˈɜːd/
		Wåter /vˈɒːtæ/ - water /wˈɔːtə/
		Wech /vˈɛç/ - way /wˈeɪ̯/
		Wäder /vˈɛːɾæ/ - weather /wˈeðə/
		Wind /vˈɪnd/ - wind /wˈɪnd/
		witt /vˈɪt/ - white /wˈaɪ̯t/
		Wull /vˈʊl/ - wool /wˈʊɫ/
		wünschen /vˈʏnʃn̩/ - wish /wˈɪʃ/
		seihn /zˈae̯n/ - see /sˈiː/
		Sand /zˈand/ - sand /sˈænd/
		Seel /zˈeːl/ - soul /sˈəʊ̯l/
		Siet /zˈiːt/ - side /sˈaɪ̯d/
		söss /zˈœs/ - six /sˈɪks/
		sœben /zˈœːm/ - seven /sˈevən/
		Sœhn /zˈœːn/ - son /sˈɐn/
		Solt /zˈɔlt/ - salt /sˈɒɫt/
		säut /zˈɔʏ̯t/ - sweet /swˈiːt/
		seggen /zˈɛŋ/ - say /sˈeɪ̯/
		sitten /zˈɪtn̩/ - sit /sˈɪt/
		singen /zˈɪŋ/ - sing /sˈɪŋ/
		grot /ɡrˈaʊ̯t/ - great /ɡɹˈeɪ̯t/
		Gras /ɡrˈaːs/ - grass /ɡɹˈɑːs/
		Gaus /ɡˈaʊ̯s/ - goose /ɡˈuːs/
		gaut /ɡˈaʊ̯t/ - good /ɡˈʊd/
		Gold /ɡˈɔld/ - gold /ɡˈəʊ̯ɫd/
		Gott /ɡˈɔt/ - god /ɡˈɒd/
		schlåpen /ʃlˈɒːbm̩/ - sleep /slˈiːp/
		Språk /ʃprˈɒːk/ - speech /spˈiːʧ/
		Stein /ʃtˈae̯n/ - stone /stˈəʊ̯n/
		Stauhl /ʃtˈaʊ̯l/ - stool /stˈuːɫ/
		Stiern /ʃtˈiːæn/ - star /stˈɑː/
		schwart /ʃwˈat/ - swart /swˈɔːt/
		Schwien /ʃwˈiːn/ - swine /swˈaɪ̯n/
		schwemmen /ʃwˈɛm/ - swim /swˈɪm/
		scharp /ʃˈaːp/ - sharp /ʃˈɑːp/
		Schiet /ʃˈiːt/ - shit /ʃˈɪt/
		Schåp /ʃˈɒːp/ - sheep /ʃˈiːp/
		schäun /ʃˈɔʏ̯n/ - sheen /ʃˈiːn/
		Schipp /ʃˈɪp/ - ship /ʃˈɪp/
		Eik /ˈae̯k/ - oak /ˈəʊ̯k/
		ein /ˈae̯n/ - one /wˈɐn/
		all /ˈal/ - all /ˈɔːɫ/
		Appel /ˈapl̩/ - apple /ˈæpɫ̩/
		acht /ˈaxt/ - eight /ˈeɪ̯t/
		Asch /ˈaʃ/ - ash /ˈæʃ/
		Arm /ˈaːm/ - arm /ˈɑːm/
		Ierd /ˈiːæ/ - earth /ˈɜːθ/
		Ul /ˈuːl/ - owl /ˈaʊ̯l̩/
		ut /ˈuːt/ - out /ˈaʊ̯t/
		Uhr /ˈuːæ/ - ear /ˈɪə/
		Åben /ˈɒːm/ - oven /ˈɐvn̩/
		Åp /ˈɒːp/ - ape /ˈeɪ̯p/
		olt /ˈɔlt/ - old /ˈəʊ̯ɫd/
		Eck /ˈɛk/ - edge /ˈeʤ/
		elm /ˈɛlm/ - eleven /ɪlˈevən/
		in /ˈɪn/ - in /ˈɪn/
		uns /ˈʊns/ - us /ˈɐs/

Final disqualified:
		Bom /bˈaʊ̯m/ - tree /tʰɹˈiː/
		Fru /frˈuː/ - quean /kʰwˈiːn/
		Kopp /kʰˈɔp/ - head /hˈed/
		äten /ˈɛːtn̩/ - eat /ˈiːt/
		Imm /ˈɪm/ - bee /bˈiː/


-------------------

****SAMPLE 3****
Iteration 1
	Qualified: 168
	Disqualified: 184
	Added: 0
	Removed: 8
		Ierd /ˈiːæ/ - earth /ˈɜːθ/
		Kopp /kʰˈɔp/ - head /hˈed/
		Ooch /ˈaʊ̯x/ - eye /ˈaɪ̯/
		Imm /ˈɪm/ - bee /bˈiː/
		Ei /ˈae̯/ - egg /ˈeɡ/
		Bom /bˈaʊ̯m/ - tree /tʰɹˈiː/
		Fru /frˈuː/ - quean /kʰwˈiːn/
		ein /ˈae̯n/ - one /wˈɐn/

Iteration 2
	Qualified: 168
	Disqualified: 184
	Added: 0
	Removed: 0

Final qualifying:
		Blatt /blˈat/ - blade /blˈeɪ̯d/
		Blaum /blˈaʊ̯m/ - bloom /blˈuːm/
		Blaut /blˈaʊ̯t/ - blood /blˈɐd/
		Brot /brˈaʊ̯t/ - bread /bɹˈed/
		Brauder /brˈaʊ̯ɾæ/ - brother /bɹˈɐðə/
		Brügg /brˈʏç/ - bridge /bɹˈɪʤ/
		Bein /bˈae̯n/ - bone /bˈəʊ̯n/
		Bom /bˈaʊ̯m/ - beam /bˈiːm/
		Barch /bˈaːx/ - barrow /bˈæɹəʊ̯/
		Bost /bˈɔst/ - breast /bɹˈest/
		bäder /bˈɛːɾæ/ - better /bˈetə/
		drei /drˈae̯/ - three /θɹˈiː/
		drööch /drˈøːç/ - dry /dɹˈaɪ̯/
		drömen /drˈɔʏ̯m/ - dream /dɹˈiːm/
		drinken /drˈɪŋkn̩/ - drink /dɹˈɪŋk/
		Deif /dˈae̯f/ - thief /θˈiːf/
		deip /dˈae̯p/ - deep /dˈiːp/
		Dod /dˈaʊ̯d/ - death /dˈeθ/
		Diert /dˈiːæt/ - deer /dˈɪə/
		du /dˈuː/ - thou /ðˈaʊ̯/
		Duurn /dˈuːæn/ - thorn /θˈɔːn/
		düer /dˈyːæ/ - dear /dˈɪə/
		Dochter /dˈɔxtæ/ - daughter /dˈɔːtə/
		Ding /dˈɪŋ/ - thing /θˈɪŋ/
		Dunner /dˈʊnæ/ - thunder /θˈɐndə/
		dünn /dˈʏn/ - thin /θˈɪn/
		Fleich /flˈae̯ç/ - fly /flˈaɪ̯/
		flegen /flˈae̯ŋ/ - fly /flˈaɪ̯/
		Fleisch /flˈae̯ʃ/ - flesh /flˈeʃ/
		freren /frˈaɪ̯æn/ - freeze /fɹˈiːz/
		frisch /frˈɪʃ/ - fresh /fɹˈeʃ/
		Fründ /frˈʏnd/ - friend /fɹˈend/
		Vadder /fˈaɾæ/ - father /fˈɑːðə/
		Faut /fˈaʊ̯t/ - foot /fˈʊt/
		Füer /fˈyːæ/ - fire /fˈaɪ̯ə/
		Vågel /fˈɒːɡl̩/ - fowl /fˈaʊ̯ɫ/
		folgen /fˈɔlɡn̩/ - follow /fˈɒləʊ̯/
		Voss /fˈɔs/ - fox /fˈɒks/
		Fedder /fˈɛɾæ/ - feather /fˈeðə/
		Finger /fˈɪŋæ/ - finger /fˈɪŋɡə/
		Fisch /fˈɪʃ/ - fish /fˈɪʃ/
		vull /fˈʊl/ - full /fˈʊɫ/
		heit /hˈae̯t/ - hot /hˈɒt/
		hoch /hˈaʊ̯x/ - high /hˈaɪ̯/
		hier /hˈiːæ/ - here /hˈɪə/
		Hus /hˈuːs/ - house /hˈaʊ̯s/
		Hut /hˈuːt/ - hide /hˈaɪ̯d/
		Huurn /hˈuːæn/ - horn /hˈɔːn/
		hüren /hˈyːæn/ - hear /hˈɪə/
		Höft /hˈœft/ - head /hˈed/
		Hås /hˈɒːs/ - hare /hˈɛə/
		Honnig /hˈɔnɪç/ - honey /hˈɐnɪ/
		hebben /hˈɛbm̩/ - have /hˈæv/
		Henn /hˈɛn/ - hen /hˈen/
		hillig /hˈɪlɪç/ - holy /hˈəʊ̯lɪ/
		Hund /hˈʊnd/ - hound /hˈaʊ̯nd/
		hunnert /hˈʊnæt/ - hundred /hˈɐndɹəd/
		Hunger /hˈʊŋæ/ - hunger /hˈɐŋɡə/
		Geist /jˈae̯st/ - ghost /ɡˈəʊ̯st/
		Johr /jˈoːæ/ - year /jˈɪə/
		Jitt /jˈɪt/ - goat /ɡˈəʊ̯t/
		jung /jˈʊŋk/ - young /jˈɐŋ/
		Kalf /kʰˈalf/ - calf /kʰˈɑːf/
		Kauh /kʰˈaʊ̯/ - cow /kʰˈaʊ̯/
		kolt /kʰˈaʊ̯lt/ - cold /kʰˈəʊ̯ɫd/
		Kirch /kʰˈiːæç/ - church /ʧˈɜːʧ/
		Küken /kʰˈyːkn̩/ - chicken /ʧˈɪkɪn/
		König /kʰˈøːnɪç/ - king /kʰˈɪŋ/
		Kees /kʰˈɛɪ̯s/ - cheese /ʧˈiːz/
		Kind /kʰˈɪnd/ - child /ʧˈaɪ̯ɫd/
		Lamm /lˈam/ - lamb /lˈæm/
		Land /lˈand/ - land /lˈænd/
		lachen /lˈaxn̩/ - laugh /lˈɑːf/
		lang /lˈaŋk/ - long /lˈɒŋ/
		lopen /lˈaʊ̯pn̩/ - leap /lˈiːp/
		Lof /lˈoːf/ - leaf /lˈiːf/
		licht /lˈɪç/ - light /ɫˈaɪ̯t/
		Licht /lˈɪç/ - light /ɫˈaɪ̯t/
		Mann /mˈan/ - man /mˈæn/
		Macht /mˈaxt/ - might /mˈaɪ̯t/
		Mauder /mˈaʊ̯ɾæ/ - mother /mˈɐðə/
		mi /mˈiː/ - me /mˈiː/
		Mus /mˈuːs/ - mouse /mˈaʊ̯s/
		Månd /mˈɒːnd/ - moon /mˈuːn/
		Melk /mˈɛlk/ - milk /mˈɪɫk/
		Mund /mˈʊnd/ - mouth /mˈaʊ̯θ/
		Müch /mˈʏç/ - midge /mˈɪʤ/
		Nacht /nˈax/ - night /nˈaɪ̯t/
		niech /nˈiːç/ - new /njˈuː/
		Nuurd /nˈuːæd/ - north /nˈɔːθ/
		Nådel /nˈɒːdl̩/ - needle /nˈiːdɫ̩/
		nåkt /nˈɒːkt/ - naked /nˈeɪ̯kɪd/
		Nåm /nˈɒːm/ - name /nˈeɪ̯m/
		Någel /nˈɒːɡl̩/ - nail /nˈeɪ̯ɫ/
		Näs /nˈɛːs/ - nose /nˈəʊ̯z/
		Rok /rˈaʊ̯k/ - reek /ɹˈiːk/
		rot /rˈaʊ̯t/ - red /ɹˈed/
		Recht /rˈɛçt/ - right /ɹˈaɪ̯t/
		Rägen /rˈɛŋ/ - rain /ɹˈeɪ̯n/
		Ring /rˈɪŋ/ - ring /ɹˈɪŋ/
		Süster /sˈʏstæ/ - sister /sˈɪstə/
		twei /tʰvˈae̯/ - two /tʰˈuː/
		twölf /tʰvˈœlf/ - twelve /tʰwˈeɫv/
		twintig /tʰvˈɪntɪç/ - twenty /tʰwˈentɪ/
		teihn /tʰˈae̯n/ - ten /tʰˈen/
		Tähn /tʰˈɛːn/ - tooth /tʰˈuːθ/
		Tung /tʰˈʊŋ/ - tongue /tʰˈɐŋ/
		weiten /vˈae̯tn̩/ - wit /wˈɪt/
		Wall /vˈal/ - whale /wˈeɪ̯ɫ/
		wat /vˈat/ - what /wˈɒt/
		Wief /vˈiːf/ - wife /wˈaɪ̯f/
		Worm /vˈoːæm/ - worm /wˈɜːm/
		Wuurt /vˈuːæt/ - word /wˈɜːd/
		Wåter /vˈɒːtæ/ - water /wˈɔːtə/
		Wech /vˈɛç/ - way /wˈeɪ̯/
		Wäder /vˈɛːɾæ/ - weather /wˈeðə/
		Wind /vˈɪnd/ - wind /wˈɪnd/
		witt /vˈɪt/ - white /wˈaɪ̯t/
		Wull /vˈʊl/ - wool /wˈʊɫ/
		Wulf /vˈʊlf/ - wolf /wˈʊɫf/
		wünschen /vˈʏnʃn̩/ - wish /wˈɪʃ/
		seihn /zˈae̯n/ - see /sˈiː/
		Sand /zˈand/ - sand /sˈænd/
		See /zˈeː/ - mere /mˈɪə/
		Seel /zˈeːl/ - soul /sˈəʊ̯l/
		Siet /zˈiːt/ - side /sˈaɪ̯d/
		söss /zˈœs/ - six /sˈɪks/
		sœben /zˈœːm/ - seven /sˈevən/
		Sœch /zˈœːç/ - sow /sˈaʊ̯/
		Solt /zˈɔlt/ - salt /sˈɒɫt/
		säut /zˈɔʏ̯t/ - sweet /swˈiːt/
		seggen /zˈɛŋ/ - say /sˈeɪ̯/
		sitten /zˈɪtn̩/ - sit /sˈɪt/
		grot /ɡrˈaʊ̯t/ - great /ɡɹˈeɪ̯t/
		Gras /ɡrˈaːs/ - grass /ɡɹˈɑːs/
		Gaus /ɡˈaʊ̯s/ - goose /ɡˈuːs/
		Gold /ɡˈɔld/ - gold /ɡˈəʊ̯ɫd/
		Gott /ɡˈɔt/ - god /ɡˈɒd/
		schlåpen /ʃlˈɒːbm̩/ - sleep /slˈiːp/
		schlån /ʃlˈɒːn/ - slay /slˈeɪ̯/
		Schnei /ʃnˈae̯/ - snow /snˈəʊ̯/
		Språk /ʃprˈɒːk/ - speech /spˈiːʧ/
		Stein /ʃtˈae̯n/ - stone /stˈəʊ̯n/
		Stauhl /ʃtˈaʊ̯l/ - stool /stˈuːɫ/
		Stiern /ʃtˈiːæn/ - star /stˈɑː/
		schwart /ʃwˈat/ - swart /swˈɔːt/
		Schwien /ʃwˈiːn/ - swine /swˈaɪ̯n/
		schwemmen /ʃwˈɛm/ - swim /swˈɪm/
		scharp /ʃˈaːp/ - sharp /ʃˈɑːp/
		Schiet /ʃˈiːt/ - shit /ʃˈɪt/
		Schåp /ʃˈɒːp/ - sheep /ʃˈiːp/
		Schipp /ʃˈɪp/ - ship /ʃˈɪp/
		Eik /ˈae̯k/ - oak /ˈəʊ̯k/
		anner /ˈanæ/ - other /ˈɐðə/
		Appel /ˈapl̩/ - apple /ˈæpɫ̩/
		acht /ˈaxt/ - eight /ˈeɪ̯t/
		Asch /ˈaʃ/ - ash /ˈæʃ/
		Ies /ˈiːs/ - ice /ˈaɪ̯s/
		Ul /ˈuːl/ - owl /ˈaʊ̯l̩/
		ut /ˈuːt/ - out /ˈaʊ̯t/
		Uhr /ˈuːæ/ - ear /ˈɪə/
		œwer /ˈœːvæ/ - over /ˈəʊ̯və/
		Ål /ˈɒːl/ - eel /ˈiːɫ/
		Åben /ˈɒːm/ - oven /ˈɐvn̩/
		olt /ˈɔlt/ - old /ˈəʊ̯ɫd/
		Eck /ˈɛk/ - edge /ˈeʤ/
		ik /ˈɪk/ - I /ˈaɪ̯/
		in /ˈɪn/ - in /ˈɪn/

Final disqualified:
		Bom /bˈaʊ̯m/ - tree /tʰɹˈiː/
		Fru /frˈuː/ - quean /kʰwˈiːn/
		Kopp /kʰˈɔp/ - head /hˈed/
		Ei /ˈae̯/ - egg /ˈeɡ/
		ein /ˈae̯n/ - one /wˈɐn/
		Ooch /ˈaʊ̯x/ - eye /ˈaɪ̯/
		Ierd /ˈiːæ/ - earth /ˈɜːθ/
		Imm /ˈɪm/ - bee /bˈiː/


-------------------

****SAMPLE 4****
Iteration 1
	Qualified: 169
	Disqualified: 183
	Added: 0
	Removed: 7
		Kopp /kʰˈɔp/ - head /hˈed/
		See /zˈeː/ - mere /mˈɪə/
		Ei /ˈae̯/ - egg /ˈeɡ/
		Imm /ˈɪm/ - bee /bˈiː/
		Bom /bˈaʊ̯m/ - tree /tʰɹˈiː/
		Fru /frˈuː/ - quean /kʰwˈiːn/
		ik /ˈɪk/ - I /ˈaɪ̯/

Iteration 2
	Qualified: 168
	Disqualified: 184
	Added: 0
	Removed: 1
		Ierd /ˈiːæ/ - earth /ˈɜːθ/

Iteration 3
	Qualified: 169
	Disqualified: 183
	Added: 1
		Ierd /ˈiːæ/ - earth /ˈɜːθ/
	Removed: 0

Final qualifying:
		Blaum /blˈaʊ̯m/ - bloom /blˈuːm/
		Blaut /blˈaʊ̯t/ - blood /blˈɐd/
		Brot /brˈaʊ̯t/ - bread /bɹˈed/
		Brauder /brˈaʊ̯ɾæ/ - brother /bɹˈɐðə/
		Brügg /brˈʏç/ - bridge /bɹˈɪʤ/
		beiden /bˈae̯dn̩/ - bid /bˈɪd/
		Bein /bˈae̯n/ - bone /bˈəʊ̯n/
		Bom /bˈaʊ̯m/ - beam /bˈiːm/
		Boot /bˈaʊ̯t/ - boat /bˈəʊ̯t/
		Bad /bˈaːd/ - bath /bˈɑːθ/
		bieten /bˈiːtn̩/ - bite /bˈaɪ̯t/
		Bor /bˈoːæ/ - bear /bˈɛə/
		bäder /bˈɛːɾæ/ - better /bˈetə/
		bidden /bˈɪɾn̩/ - bid /bˈɪd/
		drei /drˈae̯/ - three /θɹˈiː/
		Drom /drˈaʊ̯m/ - dream /dɹˈiːm/
		driewen /drˈiːm/ - drive /dɹˈaɪ̯v/
		drööch /drˈøːç/ - dry /dɹˈaɪ̯/
		drömen /drˈɔʏ̯m/ - dream /dɹˈiːm/
		drinken /drˈɪŋkn̩/ - drink /dɹˈɪŋk/
		Deif /dˈae̯f/ - thief /θˈiːf/
		deip /dˈae̯p/ - deep /dˈiːp/
		Dach /dˈax/ - day /dˈeɪ̯/
		danken /dˈaŋkn̩/ - thank /θˈæŋk/
		Diert /dˈiːæt/ - deer /dˈɪə/
		du /dˈuː/ - thou /ðˈaʊ̯/
		dusend /dˈuːzn̩d/ - thousand /θˈaʊ̯zn̩d/
		Duurn /dˈuːæn/ - thorn /θˈɔːn/
		dick /dˈɪk/ - thick /θˈɪk/
		Ding /dˈɪŋ/ - thing /θˈɪŋ/
		dünn /dˈʏn/ - thin /θˈɪn/
		flegen /flˈae̯ŋ/ - fly /flˈaɪ̯/
		Fleisch /flˈae̯ʃ/ - flesh /flˈeʃ/
		frie /frˈiː/ - free /fɹˈiː/
		frisch /frˈɪʃ/ - fresh /fɹˈeʃ/
		Fründ /frˈʏnd/ - friend /fɹˈend/
		Vadder /fˈaɾæ/ - father /fˈɑːðə/
		Faut /fˈaʊ̯t/ - foot /fˈʊt/
		fief /fˈiːf/ - five /fˈaɪ̯v/
		vier /fˈiːæ/ - four /fˈɔː/
		Füer /fˈyːæ/ - fire /fˈaɪ̯ə/
		Vågel /fˈɒːɡl̩/ - fowl /fˈaʊ̯ɫ/
		folgen /fˈɔlɡn̩/ - follow /fˈɒləʊ̯/
		fäuhlen /fˈɔʏ̯ln̩/ - feel /fˈiːɫ/
		Fäut /fˈɔʏ̯t/ - feet /fˈiːt/
		Fedder /fˈɛɾæ/ - feather /fˈeðə/
		Finger /fˈɪŋæ/ - finger /fˈɪŋɡə/
		Fisch /fˈɪʃ/ - fish /fˈɪʃ/
		heit /hˈae̯t/ - hot /hˈɒt/
		Hand /hˈand/ - hand /hˈænd/
		Hart /hˈaːt/ - heart /hˈɑːt/
		hier /hˈiːæ/ - here /hˈɪə/
		Hor /hˈoːæ/ - hair /hˈɛə/
		Hut /hˈuːt/ - hide /hˈaɪ̯d/
		Huurn /hˈuːæn/ - horn /hˈɔːn/
		hüren /hˈyːæn/ - hear /hˈɪə/
		Höft /hˈœft/ - head /hˈed/
		Hås /hˈɒːs/ - hare /hˈɛə/
		Honnig /hˈɔnɪç/ - honey /hˈɐnɪ/
		hebben /hˈɛbm̩/ - have /hˈæv/
		Henn /hˈɛn/ - hen /hˈen/
		hillig /hˈɪlɪç/ - holy /hˈəʊ̯lɪ/
		Hund /hˈʊnd/ - hound /hˈaʊ̯nd/
		hunnert /hˈʊnæt/ - hundred /hˈɐndɹəd/
		Hunger /hˈʊŋæ/ - hunger /hˈɐŋɡə/
		Geist /jˈae̯st/ - ghost /ɡˈəʊ̯st/
		Johr /jˈoːæ/ - year /jˈɪə/
		gäl /jˈɛl/ - yellow /jˈeləʊ̯/
		Jitt /jˈɪt/ - goat /ɡˈəʊ̯t/
		jung /jˈʊŋk/ - young /jˈɐŋ/
		Knei /kʰnˈae̯/ - knee /nˈiː/
		Kauh /kʰˈaʊ̯/ - cow /kʰˈaʊ̯/
		Kirch /kʰˈiːæç/ - church /ʧˈɜːʧ/
		Küken /kʰˈyːkn̩/ - chicken /ʧˈɪkɪn/
		Kees /kʰˈɛɪ̯s/ - cheese /ʧˈiːz/
		Kind /kʰˈɪnd/ - child /ʧˈaɪ̯ɫd/
		Lamm /lˈam/ - lamb /lˈæm/
		lachen /lˈaxn̩/ - laugh /lˈɑːf/
		lang /lˈaŋk/ - long /lˈɒŋ/
		lopen /lˈaʊ̯pn̩/ - leap /lˈiːp/
		Lof /lˈoːf/ - leaf /lˈiːf/
		Lus /lˈuːs/ - louse /lˈaʊ̯s/
		Licht /lˈɪç/ - light /ɫˈaɪ̯t/
		licht /lˈɪç/ - light /ɫˈaɪ̯t/
		Mann /mˈan/ - man /mˈæn/
		Macht /mˈaxt/ - might /mˈaɪ̯t/
		Mauder /mˈaʊ̯ɾæ/ - mother /mˈɐðə/
		Mul /mˈuːl/ - mouth /mˈaʊ̯θ/
		Mus /mˈuːs/ - mouse /mˈaʊ̯s/
		Månd /mˈɒːnd/ - moon /mˈuːn/
		Melk /mˈɛlk/ - milk /mˈɪɫk/
		Mund /mˈʊnd/ - mouth /mˈaʊ̯θ/
		Mudder /mˈʊɾæ/ - mother /mˈɐðə/
		niech /nˈiːç/ - new /njˈuː/
		Nuurd /nˈuːæd/ - north /nˈɔːθ/
		Nådel /nˈɒːdl̩/ - needle /nˈiːdɫ̩/
		nåkt /nˈɒːkt/ - naked /nˈeɪ̯kɪd/
		Nåm /nˈɒːm/ - name /nˈeɪ̯m/
		Någel /nˈɒːɡl̩/ - nail /nˈeɪ̯ɫ/
		Rok /rˈaʊ̯k/ - reek /ɹˈiːk/
		rot /rˈaʊ̯t/ - red /ɹˈed/
		Recht /rˈɛçt/ - right /ɹˈaɪ̯t/
		Rägen /rˈɛŋ/ - rain /ɹˈeɪ̯n/
		Ring /rˈɪŋ/ - ring /ɹˈɪŋ/
		Süster /sˈʏstæ/ - sister /sˈɪstə/
		twei /tʰvˈae̯/ - two /tʰˈuː/
		twintig /tʰvˈɪntɪç/ - twenty /tʰwˈentɪ/
		teihn /tʰˈae̯n/ - ten /tʰˈen/
		Tiet /tʰˈiːt/ - tide /tʰˈaɪ̯d/
		weiten /vˈae̯tn̩/ - wit /wˈɪt/
		Wall /vˈal/ - whale /wˈeɪ̯ɫ/
		wat /vˈat/ - what /wˈɒt/
		warm /vˈaːm/ - warm /wˈɔːm/
		wi /vˈiː/ - we /wˈiː/
		Wief /vˈiːf/ - wife /wˈaɪ̯f/
		Worm /vˈoːæm/ - worm /wˈɜːm/
		Wuurt /vˈuːæt/ - word /wˈɜːd/
		Wåter /vˈɒːtæ/ - water /wˈɔːtə/
		Wäder /vˈɛːɾæ/ - weather /wˈeðə/
		Wind /vˈɪnd/ - wind /wˈɪnd/
		Wull /vˈʊl/ - wool /wˈʊɫ/
		Wulf /vˈʊlf/ - wolf /wˈʊɫf/
		wünschen /vˈʏnʃn̩/ - wish /wˈɪʃ/
		seihn /zˈae̯n/ - see /sˈiː/
		See /zˈeː/ - sea /sˈiː/
		Seel /zˈeːl/ - soul /sˈəʊ̯l/
		Siet /zˈiːt/ - side /sˈaɪ̯d/
		söss /zˈœs/ - six /sˈɪks/
		sœben /zˈœːm/ - seven /sˈevən/
		Sœhn /zˈœːn/ - son /sˈɐn/
		Sœch /zˈœːç/ - sow /sˈaʊ̯/
		Solt /zˈɔlt/ - salt /sˈɒɫt/
		säut /zˈɔʏ̯t/ - sweet /swˈiːt/
		seggen /zˈɛŋ/ - say /sˈeɪ̯/
		sitten /zˈɪtn̩/ - sit /sˈɪt/
		singen /zˈɪŋ/ - sing /sˈɪŋ/
		grot /ɡrˈaʊ̯t/ - great /ɡɹˈeɪ̯t/
		Gras /ɡrˈaːs/ - grass /ɡɹˈɑːs/
		Gaus /ɡˈaʊ̯s/ - goose /ɡˈuːs/
		gaut /ɡˈaʊ̯t/ - good /ɡˈʊd/
		Gott /ɡˈɔt/ - god /ɡˈɒd/
		schlåpen /ʃlˈɒːbm̩/ - sleep /slˈiːp/
		schlån /ʃlˈɒːn/ - slay /slˈeɪ̯/
		Språk /ʃprˈɒːk/ - speech /spˈiːʧ/
		Stein /ʃtˈae̯n/ - stone /stˈəʊ̯n/
		Stauhl /ʃtˈaʊ̯l/ - stool /stˈuːɫ/
		Stiern /ʃtˈiːæn/ - star /stˈɑː/
		Sturm /ʃtˈuːæm/ - storm /stˈɔːm/
		Schwien /ʃwˈiːn/ - swine /swˈaɪ̯n/
		schwemmen /ʃwˈɛm/ - swim /swˈɪm/
		scharp /ʃˈaːp/ - sharp /ʃˈɑːp/
		Schiet /ʃˈiːt/ - shit /ʃˈɪt/
		Schåp /ʃˈɒːp/ - sheep /ʃˈiːp/
		Schipp /ʃˈɪp/ - ship /ʃˈɪp/
		ein /ˈae̯n/ - one /wˈɐn/
		all /ˈal/ - all /ˈɔːɫ/
		acht /ˈaxt/ - eight /ˈeɪ̯t/
		Ies /ˈiːs/ - ice /ˈaɪ̯s/
		Ierd /ˈiːæ/ - earth /ˈɜːθ/
		Ul /ˈuːl/ - owl /ˈaʊ̯l̩/
		ut /ˈuːt/ - out /ˈaʊ̯t/
		Uhr /ˈuːæ/ - ear /ˈɪə/
		œwer /ˈœːvæ/ - over /ˈəʊ̯və/
		Ål /ˈɒːl/ - eel /ˈiːɫ/
		Åben /ˈɒːm/ - oven /ˈɐvn̩/
		Åp /ˈɒːp/ - ape /ˈeɪ̯p/
		elm /ˈɛlm/ - eleven /ɪlˈevən/
		in /ˈɪn/ - in /ˈɪn/
		uns /ˈʊns/ - us /ˈɐs/

Final disqualified:
		Bom /bˈaʊ̯m/ - tree /tʰɹˈiː/
		Fru /frˈuː/ - quean /kʰwˈiːn/
		Kopp /kʰˈɔp/ - head /hˈed/
		See /zˈeː/ - mere /mˈɪə/
		Ei /ˈae̯/ - egg /ˈeɡ/
		ik /ˈɪk/ - I /ˈaɪ̯/
		Imm /ˈɪm/ - bee /bˈiː/


-------------------

****SAMPLE 5****
Iteration 1
	Qualified: 170
	Disqualified: 182
	Added: 0
	Removed: 6
		Ooch /ˈaʊ̯x/ - eye /ˈaɪ̯/
		Ei /ˈae̯/ - egg /ˈeɡ/
		Imm /ˈɪm/ - bee /bˈiː/
		Bom /bˈaʊ̯m/ - tree /tʰɹˈiː/
		Fru /frˈuː/ - quean /kʰwˈiːn/
		ik /ˈɪk/ - I /ˈaɪ̯/

Iteration 2
	Qualified: 169
	Disqualified: 183
	Added: 0
	Removed: 1
		Ierd /ˈiːæ/ - earth /ˈɜːθ/

Iteration 3
	Qualified: 170
	Disqualified: 182
	Added: 1
		Ierd /ˈiːæ/ - earth /ˈɜːθ/
	Removed: 0

Final qualifying:
		Blatt /blˈat/ - blade /blˈeɪ̯d/
		Blaum /blˈaʊ̯m/ - bloom /blˈuːm/
		Blaut /blˈaʊ̯t/ - blood /blˈɐd/
		Brot /brˈaʊ̯t/ - bread /bɹˈed/
		Brauder /brˈaʊ̯ɾæ/ - brother /bɹˈɐðə/
		Brügg /brˈʏç/ - bridge /bɹˈɪʤ/
		beiden /bˈae̯dn̩/ - bid /bˈɪd/
		Bein /bˈae̯n/ - bone /bˈəʊ̯n/
		Bauk /bˈaʊ̯k/ - book /bˈʊk/
		Bom /bˈaʊ̯m/ - beam /bˈiːm/
		Boot /bˈaʊ̯t/ - boat /bˈəʊ̯t/
		Barch /bˈaːx/ - barrow /bˈæɹəʊ̯/
		bieten /bˈiːtn̩/ - bite /bˈaɪ̯t/
		Bor /bˈoːæ/ - bear /bˈɛə/
		Bost /bˈɔst/ - breast /bɹˈest/
		bidden /bˈɪɾn̩/ - bid /bˈɪd/
		drei /drˈae̯/ - three /θɹˈiː/
		Drom /drˈaʊ̯m/ - dream /dɹˈiːm/
		drööch /drˈøːç/ - dry /dɹˈaɪ̯/
		drömen /drˈɔʏ̯m/ - dream /dɹˈiːm/
		deip /dˈae̯p/ - deep /dˈiːp/
		Dach /dˈax/ - day /dˈeɪ̯/
		danken /dˈaŋkn̩/ - thank /θˈæŋk/
		Dod /dˈaʊ̯d/ - death /dˈeθ/
		Diert /dˈiːæt/ - deer /dˈɪə/
		du /dˈuː/ - thou /ðˈaʊ̯/
		dusend /dˈuːzn̩d/ - thousand /θˈaʊ̯zn̩d/
		Duurn /dˈuːæn/ - thorn /θˈɔːn/
		Dochter /dˈɔxtæ/ - daughter /dˈɔːtə/
		dick /dˈɪk/ - thick /θˈɪk/
		Ding /dˈɪŋ/ - thing /θˈɪŋ/
		dünn /dˈʏn/ - thin /θˈɪn/
		Fleich /flˈae̯ç/ - fly /flˈaɪ̯/
		Fleisch /flˈae̯ʃ/ - flesh /flˈeʃ/
		freren /frˈaɪ̯æn/ - freeze /fɹˈiːz/
		frie /frˈiː/ - free /fɹˈiː/
		frisch /frˈɪʃ/ - fresh /fɹˈeʃ/
		Fründ /frˈʏnd/ - friend /fɹˈend/
		fief /fˈiːf/ - five /fˈaɪ̯v/
		vier /fˈiːæ/ - four /fˈɔː/
		Füer /fˈyːæ/ - fire /fˈaɪ̯ə/
		Vågel /fˈɒːɡl̩/ - fowl /fˈaʊ̯ɫ/
		Voss /fˈɔs/ - fox /fˈɒks/
		fäuhlen /fˈɔʏ̯ln̩/ - feel /fˈiːɫ/
		Fäut /fˈɔʏ̯t/ - feet /fˈiːt/
		Fedder /fˈɛɾæ/ - feather /fˈeðə/
		Finger /fˈɪŋæ/ - finger /fˈɪŋɡə/
		vull /fˈʊl/ - full /fˈʊɫ/
		heit /hˈae̯t/ - hot /hˈɒt/
		Hand /hˈand/ - hand /hˈænd/
		Hart /hˈaːt/ - heart /hˈɑːt/
		Hor /hˈoːæ/ - hair /hˈɛə/
		Hus /hˈuːs/ - house /hˈaʊ̯s/
		Hut /hˈuːt/ - hide /hˈaɪ̯d/
		hüren /hˈyːæn/ - hear /hˈɪə/
		Honnig /hˈɔnɪç/ - honey /hˈɐnɪ/
		hebben /hˈɛbm̩/ - have /hˈæv/
		Henn /hˈɛn/ - hen /hˈen/
		hillig /hˈɪlɪç/ - holy /hˈəʊ̯lɪ/
		Hund /hˈʊnd/ - hound /hˈaʊ̯nd/
		hunnert /hˈʊnæt/ - hundred /hˈɐndɹəd/
		Hunger /hˈʊŋæ/ - hunger /hˈɐŋɡə/
		Geist /jˈae̯st/ - ghost /ɡˈəʊ̯st/
		gäl /jˈɛl/ - yellow /jˈeləʊ̯/
		Jitt /jˈɪt/ - goat /ɡˈəʊ̯t/
		jung /jˈʊŋk/ - young /jˈɐŋ/
		Knei /kʰnˈae̯/ - knee /nˈiː/
		Kalf /kʰˈalf/ - calf /kʰˈɑːf/
		Kauh /kʰˈaʊ̯/ - cow /kʰˈaʊ̯/
		kolt /kʰˈaʊ̯lt/ - cold /kʰˈəʊ̯ɫd/
		Kirch /kʰˈiːæç/ - church /ʧˈɜːʧ/
		Küken /kʰˈyːkn̩/ - chicken /ʧˈɪkɪn/
		König /kʰˈøːnɪç/ - king /kʰˈɪŋ/
		Kees /kʰˈɛɪ̯s/ - cheese /ʧˈiːz/
		Kind /kʰˈɪnd/ - child /ʧˈaɪ̯ɫd/
		Lamm /lˈam/ - lamb /lˈæm/
		Land /lˈand/ - land /lˈænd/
		lachen /lˈaxn̩/ - laugh /lˈɑːf/
		lang /lˈaŋk/ - long /lˈɒŋ/
		lopen /lˈaʊ̯pn̩/ - leap /lˈiːp/
		Lof /lˈoːf/ - leaf /lˈiːf/
		Lus /lˈuːs/ - louse /lˈaʊ̯s/
		licht /lˈɪç/ - light /ɫˈaɪ̯t/
		Mann /mˈan/ - man /mˈæn/
		Macht /mˈaxt/ - might /mˈaɪ̯t/
		Mauder /mˈaʊ̯ɾæ/ - mother /mˈɐðə/
		Melk /mˈɛlk/ - milk /mˈɪɫk/
		Mund /mˈʊnd/ - mouth /mˈaʊ̯θ/
		Mudder /mˈʊɾæ/ - mother /mˈɐðə/
		Müch /mˈʏç/ - midge /mˈɪʤ/
		niech /nˈiːç/ - new /njˈuː/
		Nuurd /nˈuːæd/ - north /nˈɔːθ/
		Nådel /nˈɒːdl̩/ - needle /nˈiːdɫ̩/
		nåkt /nˈɒːkt/ - naked /nˈeɪ̯kɪd/
		Nåm /nˈɒːm/ - name /nˈeɪ̯m/
		Någel /nˈɒːɡl̩/ - nail /nˈeɪ̯ɫ/
		negen /nˈɛːɣn̩/ - nine /nˈaɪ̯n/
		rot /rˈaʊ̯t/ - red /ɹˈed/
		riek /rˈiːk/ - rich /ɹˈɪʧ/
		Recht /rˈɛçt/ - right /ɹˈaɪ̯t/
		Süster /sˈʏstæ/ - sister /sˈɪstə/
		twei /tʰvˈae̯/ - two /tʰˈuː/
		twölf /tʰvˈœlf/ - twelve /tʰwˈeɫv/
		twintig /tʰvˈɪntɪç/ - twenty /tʰwˈentɪ/
		teihn /tʰˈae̯n/ - ten /tʰˈen/
		Tähn /tʰˈɛːn/ - tooth /tʰˈuːθ/
		Tung /tʰˈʊŋ/ - tongue /tʰˈɐŋ/
		Wall /vˈal/ - whale /wˈeɪ̯ɫ/
		wat /vˈat/ - what /wˈɒt/
		warm /vˈaːm/ - warm /wˈɔːm/
		wi /vˈiː/ - we /wˈiː/
		Wief /vˈiːf/ - wife /wˈaɪ̯f/
		Worm /vˈoːæm/ - worm /wˈɜːm/
		Wuurt /vˈuːæt/ - word /wˈɜːd/
		Wåter /vˈɒːtæ/ - water /wˈɔːtə/
		Wech /vˈɛç/ - way /wˈeɪ̯/
		Wäder /vˈɛːɾæ/ - weather /wˈeðə/
		Wulf /vˈʊlf/ - wolf /wˈʊɫf/
		wünschen /vˈʏnʃn̩/ - wish /wˈɪʃ/
		Sand /zˈand/ - sand /sˈænd/
		See /zˈeː/ - mere /mˈɪə/
		See /zˈeː/ - sea /sˈiː/
		Seel /zˈeːl/ - soul /sˈəʊ̯l/
		sœben /zˈœːm/ - seven /sˈevən/
		Sœhn /zˈœːn/ - son /sˈɐn/
		Sœch /zˈœːç/ - sow /sˈaʊ̯/
		Solt /zˈɔlt/ - salt /sˈɒɫt/
		säut /zˈɔʏ̯t/ - sweet /swˈiːt/
		sitten /zˈɪtn̩/ - sit /sˈɪt/
		grot /ɡrˈaʊ̯t/ - great /ɡɹˈeɪ̯t/
		Gras /ɡrˈaːs/ - grass /ɡɹˈɑːs/
		Gaus /ɡˈaʊ̯s/ - goose /ɡˈuːs/
		gaut /ɡˈaʊ̯t/ - good /ɡˈʊd/
		Gold /ɡˈɔld/ - gold /ɡˈəʊ̯ɫd/
		Gott /ɡˈɔt/ - god /ɡˈɒd/
		schlåpen /ʃlˈɒːbm̩/ - sleep /slˈiːp/
		Schnei /ʃnˈae̯/ - snow /snˈəʊ̯/
		Stein /ʃtˈae̯n/ - stone /stˈəʊ̯n/
		Stauhl /ʃtˈaʊ̯l/ - stool /stˈuːɫ/
		Stiern /ʃtˈiːæn/ - star /stˈɑː/
		Sturm /ʃtˈuːæm/ - storm /stˈɔːm/
		schwart /ʃwˈat/ - swart /swˈɔːt/
		Schwien /ʃwˈiːn/ - swine /swˈaɪ̯n/
		schwemmen /ʃwˈɛm/ - swim /swˈɪm/
		scharp /ʃˈaːp/ - sharp /ʃˈɑːp/
		Schiet /ʃˈiːt/ - shit /ʃˈɪt/
		schäun /ʃˈɔʏ̯n/ - sheen /ʃˈiːn/
		Schipp /ʃˈɪp/ - ship /ʃˈɪp/
		Eik /ˈae̯k/ - oak /ˈəʊ̯k/
		ein /ˈae̯n/ - one /wˈɐn/
		all /ˈal/ - all /ˈɔːɫ/
		anner /ˈanæ/ - other /ˈɐðə/
		Appel /ˈapl̩/ - apple /ˈæpɫ̩/
		acht /ˈaxt/ - eight /ˈeɪ̯t/
		Asch /ˈaʃ/ - ash /ˈæʃ/
		Arm /ˈaːm/ - arm /ˈɑːm/
		Ies /ˈiːs/ - ice /ˈaɪ̯s/
		Ierd /ˈiːæ/ - earth /ˈɜːθ/
		Ul /ˈuːl/ - owl /ˈaʊ̯l̩/
		ut /ˈuːt/ - out /ˈaʊ̯t/
		Uhr /ˈuːæ/ - ear /ˈɪə/
		œwer /ˈœːvæ/ - over /ˈəʊ̯və/
		Ål /ˈɒːl/ - eel /ˈiːɫ/
		Åben /ˈɒːm/ - oven /ˈɐvn̩/
		Åp /ˈɒːp/ - ape /ˈeɪ̯p/
		olt /ˈɔlt/ - old /ˈəʊ̯ɫd/
		Eck /ˈɛk/ - edge /ˈeʤ/
		elm /ˈɛlm/ - eleven /ɪlˈevən/
		in /ˈɪn/ - in /ˈɪn/
		uns /ˈʊns/ - us /ˈɐs/

Final disqualified:
		Bom /bˈaʊ̯m/ - tree /tʰɹˈiː/
		Fru /frˈuː/ - quean /kʰwˈiːn/
		Ei /ˈae̯/ - egg /ˈeɡ/
		Ooch /ˈaʊ̯x/ - eye /ˈaɪ̯/
		ik /ˈɪk/ - I /ˈaɪ̯/
		Imm /ˈɪm/ - bee /bˈiː/


-------------------

