/blˈat/ - /b̥lˈɒt/
[1.0] b-b̥ / l-l / ˈa-ˈɒ / t-t

-------------------

/blˈuːmə/ - /b̥lˈuə̯mə/
[1.0] b-b̥ / l-l / ˈuː-ˈuə̯ / m-m / ə-ə

-------------------

/blˈuːt/ - /b̥lˈuə̯t/
[1.0] b-b̥ / l-l / ˈuː-ˈuə̯ / t-t

-------------------

/bʁˈoːt/ - /b̥rˈoːt/
[1.0] b-b̥ / ʁ-r / ˈoː-ˈoː / t-t

-------------------

/bʁˈuːdɐ/ - /b̥rˈyə̯d̥ər/
[1.0] b-b̥ / ʁ-r / ˈuː-ˈyə̯ / d-d̥ / ∅-ə / ɐ-r

-------------------

/bʁˈʊst/ - /b̥rˈuʃt/
[1.0] b-b̥ / ʁ-r / ˈʊ-ˈu / s-ʃ / t-t

-------------------

/bʁˈʏkə/ - /b̥rˈuɡ̊ɡ̊/
[0.75] b-b̥ / ʁ-r / ˈʏ-ˈu / k-ɡ̊ / ə-∅ / ∅-ɡ̊
[0.25] b-b̥ / ʁ-r / ˈʏ-ˈu / ∅-ɡ̊ / k-ɡ̊ / ə-∅

-------------------

/bˈaɪ̯n/ - /b̥ˈɛi̯/
[1.0] b-b̥ / ˈaɪ̯-ˈɛi̯ / n-∅

-------------------

/bˈaɪ̯sən/ - /b̥ˈiːsːə/
[1.0] b-b̥ / ˈaɪ̯-ˈiː / s-sː / ə-ə / n-∅

-------------------

/bˈaʊ̯m/ - /b̥ˈou̯m/
[1.0] b-b̥ / ˈaʊ̯-ˈou̯ / m-m

-------------------

/bˈaːt/ - /b̥ˈɒːd̥/
[1.0] b-b̥ / ˈaː-ˈɒː / t-d̥

-------------------

/bˈiːtn̩/ - /b̥ˈyːtə/
[1.0] b-b̥ / ˈiː-ˈyː / t-t / n-ə

-------------------

/bˈuːx/ - /b̥ˈuə̯χ/
[1.0] b-b̥ / ˈuː-ˈuə̯ / x-χ

-------------------

/bˈɛsɐ/ - /b̥ˈesːər/
[1.0] b-b̥ / ˈɛ-ˈe / s-sː / ∅-ə / ɐ-r

-------------------

/bˈɛɐk/ - /b̥ˈærɡ̊/
[1.0] b-b̥ / ˈɛ-ˈæ / ɐ-r / k-ɡ̊

-------------------

/bˈɛːɐ/ - /b̥ˈærː/
[1.0] b-b̥ / ∅-ˈæ / ˈɛː-rː / ɐ-∅

-------------------

/bˈɪtn̩/ - /b̥ˈitːə/
[1.0] b-b̥ / ˈɪ-ˈi / t-tː / n-ə

-------------------

/dʁˈaɪ̯/ - /d̥rˈyː/
[1.0] d-d̥ / ʁ-r / ˈaɪ̯-ˈyː

-------------------

/dˈaŋkən/ - /d̥ˈaŋkə/
[1.0] d-d̥ / ˈa-ˈa / ŋ-ŋ / k-k / ə-ə / n-∅

-------------------

/dˈiːp/ - /d̥ˈiə̯b̥/
[1.0] d-d̥ / ˈiː-ˈiə̯ / p-b̥

-------------------

/dˈuː/ - /d̥ˈu/
[1.0] d-d̥ / ˈuː-ˈu

-------------------

/dˈɔʏ̯tʃ/ - /d̥ˈyːtʃ/
[1.0] d-d̥ / ˈɔʏ̯-ˈyː / t-t / ʃ-ʃ

-------------------

/dˈɪk/ - /d̥ˈik/
[1.0] d-d̥ / ˈɪ-ˈi / k-k

-------------------

/dˈʏn/ - /d̥ˈyn/
[1.0] d-d̥ / ˈʏ-ˈy / n-n

-------------------

/flˈaɪ̯ʃ/ - /flˈei̯ʃ/
[1.0] f-f / l-l / ˈaɪ̯-ˈei̯ / ʃ-ʃ

-------------------

/flˈiːɡə/ - /flˈyːɡ̊ə/
[1.0] f-f / l-l / ˈiː-ˈyː / ɡ-ɡ̊ / ə-ə

-------------------

/flˈiːɡən/ - /flˈyɡ̊ə/
[1.0] f-f / l-l / ˈiː-ˈy / ɡ-ɡ̊ / ə-ə / n-∅

-------------------

/fʁˈaɪ̯/ - /frˈei̯/
[1.0] f-f / ʁ-r / ˈaɪ̯-ˈei̯

-------------------

/fʁˈaʊ̯/ - /frˈau̯/
[1.0] f-f / ʁ-r / ˈaʊ̯-ˈau̯

-------------------

/fʁˈiːʁən/ - /ɡ̊frˈyːrə/
[1.0] ∅-ɡ̊ / f-f / ʁ-r / ˈiː-ˈyː / ʁ-r / ə-ə / n-∅

-------------------

/fʁˈɔʏ̯nt/ - /frˈynd̥/
[1.0] f-f / ʁ-r / ˈɔʏ̯-ˈy / n-n / t-d̥

-------------------

/fʁˈɪʃ/ - /frˈyʃ/
[1.0] f-f / ʁ-r / ˈɪ-ˈy / ʃ-ʃ

-------------------

/fˈaːtɐ/ - /fˈɒtːər/
[1.0] f-f / ˈaː-ˈɒ / t-tː / ∅-ə / ɐ-r

-------------------

/fˈeːdɐ/ - /fˈæd̥ərə/
[1.0] f-f / ˈeː-ˈæ / d-d̥ / ∅-ə / ɐ-r / ∅-ə

-------------------

/fˈiːɐ/ - /fˈiə̯r/
[1.0] f-f / ˈiː-ˈiə̯ / ɐ-r

-------------------

/fˈoːɡl̩/ - /fˈoɡ̊l/
[1.0] f-f / ˈoː-ˈo / ɡ-ɡ̊ / l-l

-------------------

/fˈuːs/ - /fˈuə̯sː/
[1.0] f-f / ˈuː-ˈuə̯ / s-sː

-------------------

/fˈyːlən/ - /fˈyːlə/
[1.0] f-f / ˈyː-ˈyː / l-l / ə-ə / n-∅

-------------------

/fˈyːsə/ - /fˈyə̯sː/
[1.0] f-f / ˈyː-ˈyə̯ / s-sː / ə-∅

-------------------

/fˈɔl/ - /fˈol/
[1.0] f-f / ˈɔ-ˈo / l-l

-------------------

/fˈɔlk/ - /fˈowk/
[1.0] f-f / ˈɔ-ˈo / l-w / k-k

-------------------

/fˈɔlɡən/ - /fˈolɡ̊ə/
[1.0] f-f / ˈɔ-ˈo / l-l / ɡ-ɡ̊ / ə-ə / n-∅

-------------------

/fˈɔʏ̯ɐ/ - /fˈyːr/
[1.0] f-f / ˈɔʏ̯-ˈyː / ɐ-r

-------------------

/fˈɪndn̩/ - /fˈind̥ə/
[1.0] f-f / ˈɪ-ˈi / n-n / d-d̥ / n-ə

-------------------

/fˈɪŋɐ/ - /fˈiŋər/
[1.0] f-f / ˈɪ-ˈi / ŋ-ŋ / ∅-ə / ɐ-r

-------------------

/fˈɪʃ/ - /fˈiʃ/
[1.0] f-f / ˈɪ-ˈi / ʃ-ʃ

-------------------

/fˈʊks/ - /fˈuχs/
[1.0] f-f / ˈʊ-ˈu / k-χ / s-s

-------------------

/fˈʏnf/ - /fˈyːf/
[1.0] f-f / ˈʏ-ˈyː / n-∅ / f-f

-------------------

/hˈant/ - /hˈɒŋ/
[0.75] h-h / ˈa-ˈɒ / n_t-ŋ
[0.25] h-h / ˈa-ˈɒ / n-ŋ / t-∅

-------------------

/hˈaɪ̯lɪç/ - /hˈɛi̯liɡ̊/
[1.0] h-h / ˈaɪ̯-ˈɛi̯ / l-l / ɪ-i / ç-ɡ̊

-------------------

/hˈaɪ̯s/ - /hˈæi̯s/
[1.0] h-h / ˈaɪ̯-ˈæi̯ / s-s

-------------------

/hˈaʊ̯pt/ - /hˈou̯pt/
[1.0] h-h / ˈaʊ̯-ˈou̯ / p-p / t-t

-------------------

/hˈaʊ̯pt/ - /χˈop͡f/
[1.0] h-∅ / ∅-χ / ˈaʊ̯-ˈo / p-p͡f / t-∅

-------------------

/hˈaʊ̯s/ - /hˈuːs/
[1.0] h-h / ˈaʊ̯-ˈuː / s-s

-------------------

/hˈaʊ̯t/ - /hˈuːt/
[1.0] h-h / ˈaʊ̯-ˈuː / t-t

-------------------

/hˈaːbn̩/ - /hˈɒː/
[1.0] h-h / ˈaː-ˈɒː / b-∅ / n-∅

-------------------

/hˈaːzə/ - /hˈɒːs/
[1.0] h-h / ˈaː-ˈɒː / z-s / ə-∅

-------------------

/hˈaːɐ/ - /hˈɒːr/
[1.0] h-h / ˈaː-ˈɒː / ɐ-r

-------------------

/hˈiːɐ/ - /hˈiə̯/
[1.0] h-h / ˈiː-ˈiə̯ / ɐ-∅

-------------------

/hˈoːnɪç/ - /hˈoniɡ̊/
[1.0] h-h / ˈoː-ˈo / n-n / ɪ-i / ç-ɡ̊

-------------------

/hˈoːx/ - /hˈoːχ/
[1.0] h-h / ˈoː-ˈoː / x-χ

-------------------

/hˈøːʁən/ - /ɡ̊hˈøːrə/
[1.0] ∅-ɡ̊ / h-h / ˈøː-ˈøː / ʁ-r / ə-ə / n-∅

-------------------

/hˈɔɐn/ - /hˈorn/
[1.0] h-h / ˈɔ-ˈo / ɐ-r / n-n

-------------------

/hˈɛnə/ - /hˈænə/
[1.0] h-h / ˈɛ-ˈæ / n-n / ə-ə

-------------------

/hˈɛɐʦ/ - /hˈæːrʦ/
[1.0] h-h / ˈɛ-ˈæː / ɐ-r / ʦ-ʦ

-------------------

/hˈʊnt/ - /hˈuŋ/
[0.75] h-h / ˈʊ-ˈu / n_t-ŋ
[0.25] h-h / ˈʊ-ˈu / n-ŋ / t-∅

-------------------

/hˈʊŋɐ/ - /hˈuŋɡ̊ər/
[1.0] h-h / ˈʊ-ˈu / ŋ-ŋ / ∅-ɡ̊ / ∅-ə / ɐ-r

-------------------

/jˈaːɐ/ - /jˈɒːr/
[1.0] j-j / ˈaː-ˈɒː / ɐ-r

-------------------

/jˈʊŋ/ - /jˈuŋɡ̊/
[1.0] j-j / ˈʊ-ˈu / ŋ-ŋ / ∅-ɡ̊

-------------------

/kʰnˈiː/ - /χnˈyː/
[1.0] kʰ-χ / n-n / ˈiː-ˈyː

-------------------

/kʰˈalp/ - /χˈalb̥/
[1.0] kʰ-χ / ˈa-ˈa / l-l / p-b̥

-------------------

/kʰˈalt/ - /χˈalt/
[1.0] kʰ-χ / ˈa-ˈa / l-l / t-t

-------------------

/kʰˈuː/ - /χˈuə̯/
[1.0] kʰ-χ / ˈuː-ˈuə̯

-------------------

/kʰˈøːnɪç/ - /χˈøːniɡ̊/
[1.0] kʰ-χ / ˈøː-ˈøː / n-n / ɪ-i / ç-ɡ̊

-------------------

/kʰˈœnən/ - /χˈønə/
[1.0] kʰ-χ / ˈœ-ˈø / n-n / ə-ə / n-∅

-------------------

/kʰˈɔp͡f/ - /hˈou̯pt/
[1.0] kʰ-∅ / ∅-h / ˈɔ-ˈou̯ / p͡f-p / ∅-t

-------------------

/kʰˈɔp͡f/ - /χˈop͡f/
[1.0] kʰ-χ / ˈɔ-ˈo / p͡f-p͡f

-------------------

/kʰˈɔɐn/ - /χˈorn/
[1.0] kʰ-χ / ˈɔ-ˈo / ɐ-r / n-n

-------------------

/kʰˈɛːzə/ - /χˈæːs/
[1.0] kʰ-χ / ˈɛː-ˈæː / z-s / ə-∅

-------------------

/kʰˈɪnt/ - /χˈind̥/
[1.0] kʰ-χ / ˈɪ-ˈi / n-n / t-d̥

-------------------

/kʰˈɪɐçə/ - /χˈirχə/
[1.0] kʰ-χ / ˈɪ-ˈi / ɐ-r / ç-χ / ə-ə

-------------------

/lˈant/ - /lˈɒnd̥/
[1.0] l-l / ˈa-ˈɒ / n-n / t-d̥

-------------------

/lˈaxən/ - /lˈaχə/
[1.0] l-l / ˈa-ˈa / x-χ / ə-ə / n-∅

-------------------

/lˈaŋ/ - /lˈæŋ/
[1.0] l-l / ˈa-ˈæ / ŋ-ŋ

-------------------

/lˈaɪ̯çt/ - /lˈiə̯χt/
[1.0] l-l / ˈaɪ̯-ˈiə̯ / ç-χ / t-t

-------------------

/lˈaʊ̯fn̩/ - /lˈau̯fə/
[1.0] l-l / ˈaʊ̯-ˈau̯ / f-f / n-ə

-------------------

/lˈaʊ̯p/ - /lˈau̯b̥/
[1.0] l-l / ˈaʊ̯-ˈau̯ / p-b̥

-------------------

/lˈaʊ̯s/ - /lˈuːs/
[1.0] l-l / ˈaʊ̯-ˈuː / s-s

-------------------

/lˈeːbɐ/ - /lˈæb̥ərə/
[1.0] l-l / ˈeː-ˈæ / b-b̥ / ∅-ə / ɐ-r / ∅-ə

-------------------

/lˈɪçt/ - /lˈiə̯χt/
[1.0] l-l / ˈɪ-ˈiə̯ / ç-χ / t-t

-------------------

/mˈan/ - /mˈɒː/
[1.0] m-m / ˈa-ˈɒː / n-∅

-------------------

/mˈaxt/ - /mˈɒχt/
[1.0] m-m / ˈa-ˈɒ / x-χ / t-t

-------------------

/mˈaʊ̯l/ - /mˈuː/
[1.0] m-m / ˈaʊ̯-ˈuː / l-∅

-------------------

/mˈaʊ̯l/ - /mˈuːl/
[1.0] m-m / ˈaʊ̯-ˈuː / l-l

-------------------

/mˈaʊ̯s/ - /mˈuːs/
[1.0] m-m / ˈaʊ̯-ˈuː / s-s

-------------------

/mˈeːɐ/ - /sˈeː/
[1.0] m-∅ / ∅-s / ˈeː-ˈeː / ɐ-∅

-------------------

/mˈoːnt/ - /mˈond̥/
[1.0] m-m / ˈoː-ˈo / n-n / t-d̥

-------------------

/mˈɔʏ̯zə/ - /mˈyːs/
[1.0] m-m / ˈɔʏ̯-ˈyː / z-s / ə-∅

-------------------

/mˈɛnɐ/ - /mˈænːər/
[1.0] m-m / ˈɛ-ˈæ / n-nː / ∅-ə / ɐ-r

-------------------

/mˈɛnʃ/ - /mˈænʃ/
[1.0] m-m / ˈɛ-ˈæ / n-n / ʃ-ʃ

-------------------

/mˈɪlç/ - /mˈilχ/
[1.0] m-m / ˈɪ-ˈi / l-l / ç-χ

-------------------

/mˈɪç/ - /mˈi/
[1.0] m-m / ˈɪ-ˈi / ç-∅

-------------------

/mˈʊnt/ - /mˈuː/
[1.0] m-m / ˈʊ-ˈuː / n-∅ / t-∅

-------------------

/mˈʊnt/ - /mˈuːl/
[0.75] m-m / ˈʊ-ˈuː / n-∅ / t-∅ / ∅-l
[0.25] m-m / ˈʊ-ˈuː / n-l / t-∅

-------------------

/mˈʊtɐ/ - /mˈuə̯tər/
[1.0] m-m / ˈʊ-ˈuə̯ / t-t / ∅-ə / ɐ-r

-------------------

/mˈʏkə/ - /mˈuɡ̊ɡ̊/
[0.75] m-m / ˈʏ-ˈu / ∅-ɡ̊ / k-ɡ̊ / ə-∅
[0.25] m-m / ˈʏ-ˈu / k-ɡ̊ / ə-∅ / ∅-ɡ̊

-------------------

/nˈakt/ - /nˈɒkt/
[1.0] n-n / ˈa-ˈɒ / k-k / t-t

-------------------

/nˈaxt/ - /nˈɒχt/
[1.0] n-n / ˈa-ˈɒ / x-χ / t-t

-------------------

/nˈaːdl̩/ - /nˈɒːd̥lə/
[1.0] n-n / ˈaː-ˈɒː / d-d̥ / l-l / ∅-ə

-------------------

/nˈaːmə/ - /nˈɒːmə/
[1.0] n-n / ˈaː-ˈɒː / m-m / ə-ə

-------------------

/nˈaːzə/ - /nˈɒsə/
[1.0] n-n / ˈaː-ˈɒ / z-s / ə-ə

-------------------

/nˈaːɡl̩/ - /nˈɒɡ̊l/
[1.0] n-n / ˈaː-ˈɒ / ɡ-ɡ̊ / l-l

-------------------

/nˈɔɐt/ - /nˈord̥ə/
[1.0] n-n / ˈɔ-ˈo / ɐ-r / t-d̥ / ∅-ə

-------------------

/nˈɔʏ̯/ - /nˈøi̯/
[1.0] n-n / ˈɔʏ̯-ˈøi̯

-------------------

/nˈɔʏ̯n/ - /nˈyːn/
[1.0] n-n / ˈɔʏ̯-ˈyː / n-n

-------------------

/p͡flˈɪçt/ - /p͡flˈiχt/
[1.0] p͡f-p͡f / l-l / ˈɪ-ˈi / ç-χ / t-t

-------------------

/tʰʁˈaɪ̯bn̩/ - /trˈiːb̥ə/
[1.0] tʰ-t / ʁ-r / ˈaɪ̯-ˈiː / b-b̥ / n-ə

-------------------

/tʰʁˈaʊ̯m/ - /trˈau̯m/
[1.0] tʰ-t / ʁ-r / ˈaʊ̯-ˈau̯ / m-m

-------------------

/tʰʁˈɔkən/ - /trˈoχə/
[1.0] tʰ-t / ʁ-r / ˈɔ-ˈo / k-χ / ə-ə / n-∅

-------------------

/tʰʁˈɔɪ̯mn̩/ - /trˈøi̯mə/
[1.0] tʰ-t / ʁ-r / ˈɔɪ̯-ˈøi̯ / m-m / n-ə

-------------------

/tʰʁˈɪŋkən/ - /trˈiŋkə/
[1.0] tʰ-t / ʁ-r / ˈɪ-ˈi / ŋ-ŋ / k-k / ə-ə / n-∅

-------------------

/tʰˈaʊ̯zənt/ - /tˈuːsiɡ̊/
[0.75] tʰ-t / ˈaʊ̯-ˈuː / z-s / ə-i / n-∅ / t-∅ / ∅-ɡ̊
[0.25] tʰ-t / ˈaʊ̯-ˈuː / z-s / ə-i / n-∅ / t-ɡ̊

-------------------

/tʰˈaːk/ - /tˈɒːɡ̊/
[1.0] tʰ-t / ˈaː-ˈɒː / k-ɡ̊

-------------------

/tʰˈiːf/ - /tˈyːf/
[1.0] tʰ-t / ˈiː-ˈyː / f-f

-------------------

/tʰˈiːɐ/ - /tˈiə̯r/
[1.0] tʰ-t / ˈiː-ˈiə̯ / ɐ-r

-------------------

/tʰˈoːt/ - /tˈoːd̥/
[1.0] tʰ-t / ˈoː-ˈoː / t-d̥

-------------------

/tʰˈøːdlɪç/ - /tˈøːd̥liχ/
[1.0] tʰ-t / ˈøː-ˈøː / d-d̥ / l-l / ɪ-i / ç-χ

-------------------

/tʰˈɔxtɐ/ - /tˈoχtər/
[1.0] tʰ-t / ˈɔ-ˈo / x-χ / t-t / ∅-ə / ɐ-r

-------------------

/tʰˈɔʏ̯ɐ/ - /tˈyːr/
[1.0] tʰ-t / ˈɔʏ̯-ˈyː / ɐ-r

-------------------

/vˈafə/ - /ʋˈɒːfːə/
[1.0] v-ʋ / ˈa-ˈɒː / f-fː / ə-ə

-------------------

/vˈas/ - /ʋˈɒs/
[1.0] v-ʋ / ˈa-ˈɒ / s-s

-------------------

/vˈasɐ/ - /ʋˈɒsːər/
[1.0] v-ʋ / ˈa-ˈɒ / s-sː / ∅-ə / ɐ-r

-------------------

/vˈaɐm/ - /ʋˈɒrm/
[1.0] v-ʋ / ˈa-ˈɒ / ɐ-r / m-m

-------------------

/vˈaɪ̯p/ - /ʋˈiːb̥/
[1.0] v-ʋ / ˈaɪ̯-ˈiː / p-b̥

-------------------

/vˈaɪ̯s/ - /ʋˈiːsː/
[1.0] v-ʋ / ˈaɪ̯-ˈiː / s-sː

-------------------

/vˈeːk/ - /ʋˈæɡ̊/
[1.0] v-ʋ / ˈeː-ˈæ / k-ɡ̊

-------------------

/vˈiːɐ/ - /mˈir/
[1.0] v-∅ / ∅-m / ˈiː-ˈi / ɐ-r

-------------------

/vˈɔlf/ - /ʋˈolf/
[1.0] v-ʋ / ˈɔ-ˈo / l-l / f-f

-------------------

/vˈɔlə/ - /ʋˈulə/
[1.0] v-ʋ / ˈɔ-ˈu / l-l / ə-ə

-------------------

/vˈɔɐt/ - /ʋˈoːrt/
[1.0] v-ʋ / ˈɔ-ˈoː / ɐ-r / t-t

-------------------

/vˈɛtɐ/ - /ʋˈætːər/
[1.0] v-ʋ / ˈɛ-ˈæ / t-tː / ∅-ə / ɐ-r

-------------------

/vˈɪnt/ - /ʋˈind̥/
[1.0] v-ʋ / ˈɪ-ˈi / n-n / t-d̥

-------------------

/vˈɪsən/ - /ʋˈysːə/
[1.0] v-ʋ / ˈɪ-ˈy / s-sː / ə-ə / n-∅

-------------------

/vˈʊɐm/ - /ʋˈurm/
[1.0] v-ʋ / ˈʊ-ˈu / ɐ-r / m-m

-------------------

/vˈʏnʃən/ - /ʋˈynʃə/
[1.0] v-ʋ / ˈʏ-ˈy / n-n / ʃ-ʃ / ə-ə / n-∅

-------------------

/zˈalʦ/ - /sˈɒlʦ/
[1.0] z-s / ˈa-ˈɒ / l-l / ʦ-ʦ

-------------------

/zˈant/ - /sˈɒŋ/
[0.75] z-s / ˈa-ˈɒ / n_t-ŋ
[0.25] z-s / ˈa-ˈɒ / n-ŋ / t-∅

-------------------

/zˈaɪ̯tə/ - /sˈiːtə/
[1.0] z-s / ˈaɪ̯-ˈiː / t-t / ə-ə

-------------------

/zˈaʊ̯/ - /sˈuː/
[1.0] z-s / ˈaʊ̯-ˈuː

-------------------

/zˈaːɡən/ - /sˈæɡ̊ə/
[1.0] z-s / ˈaː-ˈæ / ɡ-ɡ̊ / ə-ə / n-∅

-------------------

/zˈeː/ - /sˈeː/
[1.0] z-s / ˈeː-ˈeː

-------------------

/zˈeːlə/ - /sˈeːl/
[1.0] z-s / ˈeː-ˈeː / l-l / ə-∅

-------------------

/zˈeːən/ - /ɡ̊sˈeː/
[1.0] ∅-ɡ̊ / z-s / ˈeː-ˈeː / ə-∅ / n-∅

-------------------

/zˈiːbən/ - /sˈib̥ə/
[1.0] z-s / ˈiː-ˈi / b-b̥ / ə-ə / n-∅

-------------------

/zˈoːn/ - /sˈoːn/
[1.0] z-s / ˈoː-ˈoː / n-n

-------------------

/zˈyːs/ - /sˈyə̯sː/
[1.0] z-s / ˈyː-ˈyə̯ / s-sː

-------------------

/zˈɛks/ - /sˈæχs/
[1.0] z-s / ˈɛ-ˈæ / k-χ / s-s

-------------------

/zˈɪŋən/ - /sˈiŋə/
[1.0] z-s / ˈɪ-ˈi / ŋ-ŋ / ə-ə / n-∅

-------------------

/zˈɪʦən/ - /sˈiʦə/
[1.0] z-s / ˈɪ-ˈi / ʦ-ʦ / ə-ə / n-∅

-------------------

/ɡʁˈaːs/ - /ɡ̊rˈɒːs/
[1.0] ɡ-ɡ̊ / ʁ-r / ˈaː-ˈɒː / s-s

-------------------

/ɡʁˈoːs/ - /ɡ̊rˈoːs/
[1.0] ɡ-ɡ̊ / ʁ-r / ˈoː-ˈoː / s-s

-------------------

/ɡʁˈyːn/ - /ɡ̊rˈyə̯n/
[1.0] ɡ-ɡ̊ / ʁ-r / ˈyː-ˈyə̯ / n-n

-------------------

/ɡˈans/ - /ɡ̊ˈɒns/
[1.0] ɡ-ɡ̊ / ˈa-ˈɒ / n-n / s-s

-------------------

/ɡˈast/ - /ɡ̊ˈɒʃt/
[1.0] ɡ-ɡ̊ / ˈa-ˈɒ / s-ʃ / t-t

-------------------

/ɡˈaɪ̯s/ - /ɡ̊ˈæi̯s/
[1.0] ɡ-ɡ̊ / ˈaɪ̯-ˈæi̯ / s-s

-------------------

/ɡˈaɪ̯st/ - /ɡ̊ˈɛi̯ʃt/
[1.0] ɡ-ɡ̊ / ˈaɪ̯-ˈɛi̯ / s-ʃ / t-t

-------------------

/ɡˈeːbən/ - /ɡ̊ˈæː/
[1.0] ɡ-ɡ̊ / ˈeː-ˈæː / b-∅ / ə-∅ / n-∅

-------------------

/ɡˈuːt/ - /ɡ̊ˈuə̯t/
[1.0] ɡ-ɡ̊ / ˈuː-ˈuə̯ / t-t

-------------------

/ɡˈɔlt/ - /ɡ̊ˈold̥/
[1.0] ɡ-ɡ̊ / ˈɔ-ˈo / l-l / t-d̥

-------------------

/ɡˈɔt/ - /ɡ̊ˈot/
[1.0] ɡ-ɡ̊ / ˈɔ-ˈo / t-t

-------------------

/ɡˈɛlp/ - /ɡ̊ˈælb̥/
[1.0] ɡ-ɡ̊ / ˈɛ-ˈæ / l-l / p-b̥

-------------------

/ʁˈaɪ̯ç/ - /rˈiːχ/
[1.0] ʁ-r / ˈaɪ̯-ˈiː / ç-χ

-------------------

/ʁˈaʊ̯x/ - /rˈou̯χ/
[1.0] ʁ-r / ˈaʊ̯-ˈou̯ / x-χ

-------------------

/ʁˈeːɡn̩/ - /rˈæːɡ̊ə/
[1.0] ʁ-r / ˈeː-ˈæː / ɡ-ɡ̊ / n-ə

-------------------

/ʁˈoːt/ - /rˈoːt/
[1.0] ʁ-r / ˈoː-ˈoː / t-t

-------------------

/ʁˈɔs/ - /rˈosː/
[1.0] ʁ-r / ˈɔ-ˈo / s-sː

-------------------

/ʁˈɛçt/ - /rˈæχt/
[1.0] ʁ-r / ˈɛ-ˈæ / ç-χ / t-t

-------------------

/ʁˈɪŋ/ - /rˈiŋ/
[1.0] ʁ-r / ˈɪ-ˈi / ŋ-ŋ

-------------------

/ʃlˈaːfən/ - /ʃlˈɒːfə/
[1.0] ʃ-ʃ / l-l / ˈaː-ˈɒː / f-f / ə-ə / n-∅

-------------------

/ʃlˈaːɡən/ - /ʃlˈɒː/
[1.0] ʃ-ʃ / l-l / ˈaː-ˈɒː / ɡ-∅ / ə-∅ / n-∅

-------------------

/ʃnˈeː/ - /ʃnˈeː/
[1.0] ʃ-ʃ / n-n / ˈeː-ˈeː

-------------------

/ʃpʁˈaːxə/ - /ʃprˈoːχ/
[1.0] ʃ-ʃ / p-p / ʁ-r / ˈaː-ˈoː / x-χ / ə-∅

-------------------

/ʃtˈaɪ̯n/ - /ʃtˈei̯/
[1.0] ʃ-ʃ / t-t / ˈaɪ̯-ˈei̯ / n-∅

-------------------

/ʃtˈuːl/ - /ʃtˈuə̯l/
[1.0] ʃ-ʃ / t-t / ˈuː-ˈuə̯ / l-l

-------------------

/ʃtˈɛɐn/ - /ʃtˈærn/
[1.0] ʃ-ʃ / t-t / ˈɛ-ˈæ / ɐ-r / n-n

-------------------

/ʃtˈʊɐm/ - /ʃtˈurm/
[1.0] ʃ-ʃ / t-t / ˈʊ-ˈu / ɐ-r / m-m

-------------------

/ʃvˈaɐʦ/ - /ʃʋˈɒrʦ/
[1.0] ʃ-ʃ / v-ʋ / ˈa-ˈɒ / ɐ-r / ʦ-ʦ

-------------------

/ʃvˈeːɐt/ - /ʃʋˈert/
[1.0] ʃ-ʃ / v-ʋ / ˈeː-ˈe / ɐ-r / t-t

-------------------

/ʃvˈɛstɐ/ - /ʃʋˈøʃtər/
[1.0] ʃ-ʃ / v-ʋ / ˈɛ-ˈø / s-ʃ / t-t / ∅-ə / ɐ-r

-------------------

/ʃvˈɛɐt/ - /ʃʋˈert/
[1.0] ʃ-ʃ / v-ʋ / ˈɛ-ˈe / ɐ-r / t-t

-------------------

/ʃvˈɪmən/ - /ʃʋˈymːə/
[1.0] ʃ-ʃ / v-ʋ / ˈɪ-ˈy / m-mː / ə-ə / n-∅

-------------------

/ʃˈaɐf/ - /ʃˈarp͡f/
[1.0] ʃ-ʃ / ˈa-ˈa / ɐ-r / f-p͡f

-------------------

/ʃˈaɪ̯sə/ - /ʃˈiːsːi/
[1.0] ʃ-ʃ / ˈaɪ̯-ˈiː / s-sː / ə-i

-------------------

/ʃˈaːf/ - /ʃˈoːf/
[1.0] ʃ-ʃ / ˈaː-ˈoː / f-f

-------------------

/ʃˈøːn/ - /ʃˈøːn/
[1.0] ʃ-ʃ / ˈøː-ˈøː / n-n

-------------------

/ʃˈɪf/ - /ʃˈif/
[1.0] ʃ-ʃ / ˈɪ-ˈi / f-f

-------------------

/ʦvˈanʦɪç/ - /ʦʋˈenʦiɡ̊/
[1.0] ʦ-ʦ / v-ʋ / ˈa-ˈe / n-n / ʦ-ʦ / ɪ-i / ç-ɡ̊

-------------------

/ʦvˈaɪ̯/ - /ʦʋˈøi̯/
[1.0] ʦ-ʦ / v-ʋ / ˈaɪ̯-ˈøi̯

-------------------

/ʦvˈœlf/ - /ʦʋˈølf/
[1.0] ʦ-ʦ / v-ʋ / ˈœ-ˈø / l-l / f-f

-------------------

/ʦvˈɛɐk/ - /ʦʋˈerɡ̊/
[1.0] ʦ-ʦ / v-ʋ / ˈɛ-ˈe / ɐ-r / k-ɡ̊

-------------------

/ʦˈaɪ̯t/ - /ʦˈiːt/
[1.0] ʦ-ʦ / ˈaɪ̯-ˈiː / t-t

-------------------

/ʦˈaːn/ - /ʦˈɒŋ/
[1.0] ʦ-ʦ / ˈaː-ˈɒ / n-ŋ

-------------------

/ʦˈeːn/ - /ʦˈæː/
[1.0] ʦ-ʦ / ˈeː-ˈæː / n-∅

-------------------

/ʦˈʊŋə/ - /ʦˈuŋə/
[1.0] ʦ-ʦ / ˈʊ-ˈu / ŋ-ŋ / ə-ə

-------------------

/ˈafə/ - /ˈɒfː/
[1.0] ˈa-ˈɒ / f-fː / ə-∅

-------------------

/ˈal/ - /ˈɒl/
[1.0] ˈa-ˈɒ / l-l

-------------------

/ˈalt/ - /ˈɒlt/
[1.0] ˈa-ˈɒ / l-l / t-t

-------------------

/ˈandəʁɐ/ - /ˈɒnd̥ər/
[1.0] ˈa-ˈɒ / n-n / d-d̥ / ə-ə / ʁ-∅ / ɐ-r

-------------------

/ˈap͡fəl/ - /ˈøp͡fəl/
[1.0] ˈa-ˈø / p͡f-p͡f / ə-ə / l-l

-------------------

/ˈaxt/ - /ˈɒχt/
[1.0] ˈa-ˈɒ / x-χ / t-t

-------------------

/ˈaɐm/ - /ˈɒːrm/
[1.0] ˈa-ˈɒː / ɐ-r / m-m

-------------------

/ˈaɪ̯/ - /ˈei̯/
[1.0] ˈaɪ̯-ˈei̯

-------------------

/ˈaɪ̯n/ - /ˈei̯s/
[1.0] ˈaɪ̯-ˈei̯ / n-∅ / ∅-s

-------------------

/ˈaɪ̯s/ - /ˈiːs/
[1.0] ˈaɪ̯-ˈiː / s-s

-------------------

/ˈaɪ̯çə/ - /ˈæi̯χə/
[1.0] ˈaɪ̯-ˈæi̯ / ç-χ / ə-ə

-------------------

/ˈaʃə/ - /ˈæʃːə/
[1.0] ˈa-ˈæ / ʃ-ʃː / ə-ə

-------------------

/ˈaʊ̯s/ - /ˈuːs/
[1.0] ˈaʊ̯-ˈuː / s-s

-------------------

/ˈaʊ̯ɡə/ - /ˈou̯ɡ̊/
[1.0] ˈaʊ̯-ˈou̯ / ɡ-ɡ̊ / ə-∅

-------------------

/ˈaːl/ - /ˈɒːl/
[1.0] ˈaː-ˈɒː / l-l

-------------------

/ˈoːfn̩/ - /ˈoːfə/
[1.0] ˈoː-ˈoː / f-f / n-ə

-------------------

/ˈoːɐ/ - /ˈoːr/
[1.0] ˈoː-ˈoː / ɐ-r

-------------------

/ˈyːbɐ/ - /ˈyb̥ər/
[1.0] ˈyː-ˈy / b-b̥ / ∅-ə / ɐ-r

-------------------

/ˈɛkə/ - /ˈeɡ̊ɡ̊ə/
[0.5] ˈɛ-ˈe / ∅-ɡ̊ / k-ɡ̊ / ə-ə
[0.5] ˈɛ-ˈe / k-ɡ̊ / ∅-ɡ̊ / ə-ə

-------------------

/ˈɛlf/ - /ˈelf/
[1.0] ˈɛ-ˈe / l-l / f-f

-------------------

/ˈɛsən/ - /ˈæsːə/
[1.0] ˈɛ-ˈæ / s-sː / ə-ə / n-∅

-------------------

/ˈɛɐdə/ - /hˈærd̥/
[1.0] ∅-h / ˈɛ-ˈæ / ɐ-r / d-d̥ / ə-∅

-------------------

/ˈɪn/ - /ˈi/
[1.0] ˈɪ-ˈi / n-∅

-------------------

/ˈɪç/ - /ˈiɡ̊/
[1.0] ˈɪ-ˈi / ç-ɡ̊

-------------------

/ˈʊns/ - /ˈøi̯s/
[1.0] ˈʊ-ˈøi̯ / n-∅ / s-s

-------------------

