VOWELS
/ʊ/ (0.082)
	<állur> /ˈɔ̯aːtl̥ʊɹ/ "eel_NOUN"
	<veður> /vˈeːvʊɹ/ "weather_NOUN"
	<kaldur> /kʰˈald̥ʊɹ/ "cold_ADJ"

/a/ (0.05)
	<flúgva> /flˈʏɡ̊va/ "fly_VERB"
	<droyma> /d̥ɹˈɔːi̯ma/ "dream_VERB"
	<ugla> /ˈʊɡ̊la/ "owl_NOUN"

/ˈa/ (0.02)
	<sandur> /sˈand̥ʊɹ/ "sand_NOUN"
	<skarpur> /skˈaɹpʊɹ/ "sharp_ADJ"
	<annar> /ˈanːaɹ/ "other_ADJ"

/ˈɛːa̯/ (0.019)
	<hava> /hˈɛːa̯va/ "have_VERB"
	<faðir> /fˈɛːa̯jɪɹ/ "father_NOUN"
	<vær> /vˈɛːa̯ɹ/ "we_PRON"

/ˈʊ/ (0.018)
	<fuglur> /fˈʊɡ̊lʊɹ/ "bird_NOUN_MASC"
	<síggja> /sˈʊʤ̊ʤ̊a/ "see_VERB"
	<tíggju> /tʰˈʊʤ̊ʤ̊ʊ/ "ten_NUM"

/ˈɪ/ (0.017)
	<bryggja> /b̥ɹˈɪʤ̊ʤ̊a/ "bridge_NOUN"
	<vindur> /vˈɪnd̥ʊɹ/ "wind_NOUN"
	<fingur> /fˈɪŋɡ̊ʊɹ/ "finger_NOUN"

/ˈɔ/ (0.016)
	<máttur> /mˈɔʰtːʊɹ/ "might_NOUN"
	<ofn> /ˈɔfn̥/ "oven_NOUN"
	<korn> /kʰˈɔtn̥/ "corn_NOUN"

/ˈʊ̯iː/ (0.016)
	<ríkur> /ɹˈʊ̯iːkʊɹ/ "rich_ADJ"
	<dýr> /d̥ˈʊ̯iːɹ/ "animal_NOUN"
	<trý> /tʰɹˈʊ̯iː/ "three_NUM"

/ɪ/ (0.014)
	<epli> /ˈeːʰplɪ/ "apple_NOUN"
	<yvir> /ˈiːvɪɹ/ "over_PREP"
	<móðir> /mˈɔːu̯wɪɹ/ "mother_NOUN"

/ˈɔːu̯/ (0.014)
	<djór> /ʤ̊ˈɔːu̯ɹ/ "animal_NOUN"
	<blóma> /b̥lˈɔːu̯ma/ "flower_NOUN"
	<móðir> /mˈɔːu̯wɪɹ/ "mother_NOUN"

/ˈɛ/ (0.013)
	<ellivu> /ˈɛtl̥ɪvʊ/ "eleven_NUM"
	<gestur> /ʧˈɛstʊɹ/ "guest_NOUN"
	<drekka> /d̥ɹˈɛʰkːa/ "drink_VERB"

/ˈɔ̯aː/ (0.013)
	<fár> /fˈɔ̯aːɹ/ "sheep_NOUN"
	<gás> /ɡ̊ˈɔ̯aːs/ "goose_NOUN"
	<nál> /nˈɔ̯aːl/ "needle_NOUN"

/ˈœ/ (0.011)
	<mjólk> /mjˈœl̥k/ "milk_NOUN_FEM"
	<stjørna> /ʃtjˈœtna/ "star_NOUN"
	<dóttir> /d̥ˈœʰtːɪɹ/ "daughter_NOUN"

/ˈɛːi̯/ (0.009)
	<leypa> /lˈɛːi̯pa/ "leap_VERB"
	<eyga> /ˈɛːi̯ja/ "eye_NOUN"
	<tvey> /tʰvˈɛːi̯/ "two_NUM"

/ˈʉːu̯/ (0.009)
	<mús> /mˈʉːu̯s/ "mouse_NOUN_FEM"
	<túsund> /tʰˈʉːu̯sɪn/ "thousand_NUM"
	<lús> /lˈʉːu̯s/ "louse_NOUN"

/ˈøː/ (0.009)
	<jørð> /jˈøːɹ/ "earth_NOUN"
	<nøs> /nˈøːs/ "nose_NOUN"
	<søtur> /sˈøːtʊɹ/ "sweet_ADJ"

/ˈeː/ (0.008)
	<epli> /ˈeːʰplɪ/ "apple_NOUN"
	<veður> /vˈeːvʊɹ/ "weather_NOUN"
	<meg> /mˈeː/ "me_PRON"

/ˈiː/ (0.007)
	<skip> /ʃˈiːp/ "ship_NOUN"
	<yvir> /ˈiːvɪɹ/ "over_PREP"
	<vita> /vˈiːta/ "know_VERB"

/ˈai̯/ (0.004)
	<eik> /ˈai̯k/ "oak_NOUN_FEM"
	<ein> /ˈai̯n/ "one_NUM"
	<heilagur> /hˈai̯lavʊɹ/ "holy_ADJ"

/ˈɔːi̯/ (0.004)
	<oyra> /ˈɔːi̯ɹa/ "ear_NOUN"
	<roykur> /ɹˈɔːi̯kʊɹ/ "smoke_NOUN"
	<hoyra> /hˈɔːi̯ɹa/ "hear_VERB"

/ˈʏ/ (0.004)
	<úlvur> /ˈʏlvʊɹ/ "wolf_NOUN"
	<tjúkkur> /ʧʰˈʏʰkːʊɹ/ "thick_ADJ"
	<flúgva> /flˈʏɡ̊va/ "fly_VERB"

/ˈuː/ (0.004)
	<gud> /ɡ̊ˈuːt/ "god_NOUN"
	<hunangur> /hˈuːnɛŋɡ̊ʊɹ/ "honey_NOUN"
	<gulur> /ɡ̊ˈuːlʊɹ/ "yellow_ADJ"

/ˈaːi̯/ (0.004)
	<steinur> /stˈaːi̯nʊɹ/ "stone_NOUN"
	<heimur> /hˈaːi̯mʊɹ/ "home_NOUN"
	<geit> /ɡ̊ˈaːi̯t/ "goat_NOUN"

/ˈoː/ (0.004)
	<kona> /kʰˈoːna/ "woman_NOUN"
	<orð> /ˈoːɹ/ "word_NOUN"
	<sova> /sˈoːva/ "sleep_VERB"

/ˈeə̯/ (0.001)
	<betri> /b̥ˈeə̯ʰtɹə/ "better_ADJ"

/ə/ (0.001)
	<betri> /b̥ˈeə̯ʰtɹə/ "better_ADJ"

/ɛ/ (0.001)
	<hunangur> /hˈuːnɛŋɡ̊ʊɹ/ "honey_NOUN"

/ʊ̯ˈiː/ (0.001)
	<tíð> /tʰʊ̯ˈiː/ "time_NOUN"



CONSONANTS
/ɹ/ (0.136)
	<langur> /lˈɛŋɡ̊ʊɹ/ "long_ADJ"
	<úlvur> /ˈʏlvʊɹ/ "wolf_NOUN"
	<hoyra> /hˈɔːi̯ɹa/ "hear_VERB"

/s/ (0.043)
	<systir> /sˈɪstɪɹ/ "sister_NOUN"
	<súgv> /sˈɪɡ̊f/ "sow_NOUN"
	<stórur> /stˈɔːu̯ɹʊɹ/ "big_ADJ"

/v/ (0.038)
	<hvæl> /kʰvˈɛːa̯l/ "wheel_NOUN"
	<dvørgur> /d̥vˈœɹɡ̊ʊɹ/ "dwarf_NOUN"
	<tjóvur> /ʧʰˈɔːu̯vʊɹ/ "thief_NOUN"

/l/ (0.035)
	<slanga> /slˈaŋɡ̊a/ "snake_NOUN"
	<heilagur> /hˈai̯lavʊɹ/ "holy_ADJ"
	<úlvur> /ˈʏlvʊɹ/ "wolf_NOUN"

/t/ (0.034)
	<gull> /ɡ̊ˈʊtl̥/ "gold_NOUN_NEU"
	<allur> /ˈatl̥ʊɹ/ "all_ADJ"
	<geit> /ɡ̊ˈaːi̯t/ "goat_NOUN"

/n/ (0.033)
	<norður> /nˈoːɹʊɹ/ "north_NOUN"
	<kona> /kʰˈoːna/ "woman_NOUN"
	<vindur> /vˈɪnd̥ʊɹ/ "wind_NOUN"

/ɡ̊/ (0.032)
	<hungur> /hˈʊŋɡ̊ʊɹ/ "hunger_NOUN"
	<nagl> /nˈaɡ̊l/ "fingernail_NOUN"
	<góður> /ɡ̊ˈɔːu̯wʊɹ/ "good_ADJ"

/f/ (0.023)
	<feskur> /fˈɛskʊɹ/ "fresh_ADJ"
	<flúgva> /flˈʏɡ̊va/ "fly_VERB"
	<fullur> /fˈʊtl̥ʊɹ/ "full_ADJ"

/m/ (0.023)
	<máttur> /mˈɔʰtːʊɹ/ "might_NOUN"
	<móðir> /mˈɔːu̯wɪɹ/ "mother_NOUN"
	<meg> /mˈeː/ "me_PRON"

/d̥/ (0.019)
	<sandur> /sˈand̥ʊɹ/ "sand_NOUN"
	<dýr> /d̥ˈʊ̯iːɹ/ "animal_NOUN"
	<eldur> /ˈɛld̥ʊɹ/ "fire_NOUN"

/b̥/ (0.019)
	<lamb> /lˈamb̥/ "lamb_NOUN"
	<bjóða> /b̥jˈɔːu̯wa/ "bid_VERB"
	<biðja> /b̥ˈiːja/ "request_VERB"

/h/ (0.019)
	<hungur> /hˈʊŋɡ̊ʊɹ/ "hunger_NOUN"
	<hoyra> /hˈɔːi̯ɹa/ "hear_VERB"
	<horn> /hˈɔtn̥/ "horn_NOUN"

/j/ (0.016)
	<bjóða> /b̥jˈɔːu̯wa/ "bid_VERB"
	<hjarta> /jˈaɹʈa/ "heart_NOUN"
	<síða> /sˈʊ̯iːja/ "side_NOUN"

/tʰ/ (0.015)
	<ting> /tʰˈɪŋ/ "thing_NOUN"
	<tíð> /tʰʊ̯ˈiː/ "time_NOUN"
	<trý> /tʰɹˈʊ̯iː/ "three_NUM"

/ʤ̊/ (0.013)
	<fylgja> /fˈɪʎʤ̊a/ "follow_VERB"
	<síggja> /sˈʊʤ̊ʤ̊a/ "see_VERB"
	<tíggju> /tʰˈʊʤ̊ʤ̊ʊ/ "ten_NUM"

/kʰ/ (0.013)
	<kongur> /kʰˈɔŋɡ̊ʊɹ/ "king_NOUN"
	<knæ> /kʰn̥ˈɛːa̯/ "knee_NOUN"
	<kvinna> /kʰvˈɪnːa/ "woman_NOUN"

/k/ (0.011)
	<øska> /ˈœska/ "ash_NOUN"
	<skarpur> /skˈaɹpʊɹ/ "sharp_ADJ"
	<seks> /sˈɛks/ "six_NUM"

/w/ (0.011)
	<navn> /nˈawn/ "name_NOUN"
	<tjúgu> /ʧʰˈʉːu̯wʊ/ "twenty_NUM"
	<fjøður> /fjˈøːwʊɹ/ "feather_NOUN"

/ŋ/ (0.011)
	<slanga> /slˈaŋɡ̊a/ "snake_NOUN"
	<tunga> /tʰˈʊŋɡ̊a/ "tongue_NOUN"
	<kjúklingur> /ʧʰˈʏʰklɪŋɡ̊ʊɹ/ "chicken_NOUN"

/l̥/ (0.009)
	<fólk> /fˈœl̥k/ "folk_NOUN"
	<ellivu> /ˈɛtl̥ɪvʊ/ "eleven_NUM"
	<fullur> /fˈʊtl̥ʊɹ/ "full_ADJ"

/nː/ (0.009)
	<menn> /mˈɛnː/ "men_NOUN"
	<finna> /fˈɪnːa/ "find_VERB"
	<tunnur> /tʰˈʊnːʊɹ/ "thin_ADJ"

/n̥/ (0.008)
	<knæ> /kʰn̥ˈɛːa̯/ "knee_NOUN"
	<bjørn> /b̥jˈœtn̥/ "bear_NOUN"
	<ofn> /ˈɔfn̥/ "oven_NOUN"

/ʧʰ/ (0.007)
	<kjúklingur> /ʧʰˈʏʰklɪŋɡ̊ʊɹ/ "chicken_NOUN"
	<hjól> /ʧʰˈɔːu̯l/ "wheel_NOUN"
	<tjúgu> /ʧʰˈʉːu̯wʊ/ "twenty_NUM"

/ʃ/ (0.007)
	<skip> /ʃˈiːp/ "ship_NOUN"
	<menniskja> /mˈɛnːɪʃa/ "person_NOUN"
	<sjey> /ʃˈɛːi̯/ "seven_NUM"

/ʰtː/ (0.006)
	<átta> /ˈɔʰtːa/ "eight_NUM"
	<lættur> /lˈaʰtːʊɹ/ "light_ADJ"
	<dóttir> /d̥ˈœʰtːɪɹ/ "daughter_NOUN"

/ʰt/ (0.006)
	<vatn> /vˈaʰtn̥/ "water_NOUN"
	<bátur> /b̥ˈɔ̯aːʰtʊɹ/ "boat_NOUN"
	<eta> /ˈeːʰta/ "eat_VERB"

/p/ (0.004)
	<skarpur> /skˈaɹpʊɹ/ "sharp_ADJ"
	<djúpur> /ʤ̊ˈʉːu̯pʊɹ/ "deep_ADJ"
	<skip> /ʃˈiːp/ "ship_NOUN"

/ʰp/ (0.003)
	<apa> /ˈɛːa̯ʰpa/ "ape_NOUN"
	<epli> /ˈeːʰplɪ/ "apple_NOUN"
	<vopn> /vˈɔʰpn̩/ "weapon_NOUN"

/ʰkː/ (0.003)
	<tjúkkur> /ʧʰˈʏʰkːʊɹ/ "thick_ADJ"
	<takka> /tʰˈaʰkːa/ "thank_VERB"
	<drekka> /d̥ɹˈɛʰkːa/ "drink_VERB"

/ʧ/ (0.002)
	<gestur> /ʧˈɛstʊɹ/ "guest_NOUN"
	<kirkja> /ʧʰˈɪɹʧa/ "church_NOUN_FEM"

/ʈ/ (0.002)
	<hjarta> /jˈaɹʈa/ "heart_NOUN"
	<svartur> /svˈaɹʈʊɹ/ "black_ADJ"

/sː/ (0.002)
	<ross> /ɹˈɔsː/ "horse_NOUN"
	<oss> /ˈɔsː/ "us_PRON"

/r/ (0.001)
	<frændi> /frˈand̥ɪ/ "friend_NOUN"

/ʎ/ (0.001)
	<fylgja> /fˈɪʎʤ̊a/ "follow_VERB"

/tː/ (0.001)
	<høvd> /hˈœtː/ "head_NOUN"

/ʰk/ (0.001)
	<kjúklingur> /ʧʰˈʏʰklɪŋɡ̊ʊɹ/ "chicken_NOUN"

/ʰʧ/ (0.001)
	<nakin> /nˈɛːa̯ʰʧɪn/ "naked_ADJ"

/ʧː/ (0.001)
	<níggju> /nˈʊʧːʊ/ "nine_NUM"

/ɲ/ (0.001)
	<syngja> /sˈɪɲʤ̊a/ "sing_VERB"

/ɹː/ (0.001)
	<turrur> /tʰˈʊɹːʊɹ/ "dry_ADJ"



