/alɡˈinə/ - /albˈinə/
[2/2] a-a / l-l / ɡ-b / ˈi-ˈi / n-n / ə-ə

-------------------

/amˈari/ - /mˈari/
[2/3] a-∅ / m-m / ˈa-ˈa / r-r / i-i
[1/3] <#_a-<# / m-m / ˈa-ˈa / r-r / i-i

-------------------

/arˈaʦi/ - /rˈaʦi/
[2/4] a-∅ / r-r / ˈa-ˈa / ʦ-ʦ / i-i
[2/4] <#_a-<# / r-r / ˈa-ˈa / ʦ-ʦ / i-i

-------------------

/arˈoʃ/ - /rˈoʃ/
[2/3] a-∅ / r-r / ˈo-ˈo / ʃ-ʃ
[1/3] <#_a-<# / r-r / ˈo-ˈo / ʃ-ʃ

-------------------

/burˈik/ - /burˈik/
[4/4] b-b / u-u / r-r / ˈi-ˈi / k-k

-------------------

/bərbˈat/ - /bərbˈat/
[3/3] b-b / ə-ə / r-r / b-b / ˈa-ˈa / t-t

-------------------

/bˈow/ - /bˈow/
[4/4] b-b / ˈo-ˈo / w-w

-------------------

/bˈun/ - /bˈun/
[2/2] b-b / ˈu-ˈu / n-n

-------------------

/do̯ˈawə/ - /dˈowə/
[2/2] d-d / o̯ˈa-ˈo / w-w / ə-ə

-------------------

/drˈak/ - /drˈak/
[3/3] d-d / r-r / ˈa-ˈa / k-k

-------------------

/dˈawə/ - /dˈowə/
[1/1] d-d / ˈa-ˈo / w-w / ə-ə

-------------------

/dˈinti/ - /dˈinti/
[2/2] d-d / ˈi-ˈi / n-n / t-t / i-i

-------------------

/dˈoj/ - /dˈoj/
[3/3] d-d / ˈo-ˈo / j-j

-------------------

/dˈulʦi/ - /dˈulʦi/
[2/2] d-d / ˈu-ˈu / l-l / ʦ-ʦ / i-i

-------------------

/e̯ˈa/ - /e̯ˈa/
[3/3] e̯ˈa-e̯ˈa

-------------------

/e̯ˈarbə/ - /jˈarbə/
[1/1] e̯ˈa-j_ˈa / r-r / b-b / ə-ə

-------------------

/e̯ˈarnə/ - /jˈarnə/
[1/1] e̯ˈa-j_ˈa / r-r / n-n / ə-ə

-------------------

/flo̯ˈari/ - /flo̯ˈari/
[4/4] f-f / l-l / o̯ˈa-o̯ˈa / r-r / i-i

-------------------

/frˈati/ - /frˈati/
[3/3] f-f / r-r / ˈa-ˈa / t-t / i-i

-------------------

/frˈɨnʣə/ - /frˈunzə/
[3/3] f-f / r-r / ˈɨ-ˈu / n-n / ʣ-z / ə-ə

-------------------

/fərˈinə/ - /fərˈinə/
[4/4] f-f / ə-ə / r-r / ˈi-ˈi / n-n / ə-ə

-------------------

/fˈok/ - /fˈok/
[3/3] f-f / ˈo-ˈo / k-k

-------------------

/fˈum/ - /fˈum/
[3/3] f-f / ˈu-ˈu / m-m

-------------------

/jiɲˈiri/ - /vinˈiri/
[2/2] j-v / i-i / ɲ-n / ˈi-ˈi / r-r / i-i

-------------------

/jiʦˈɨl/ - /viʦˈɔl/
[4/4] j-v / i-i / ʦ-ʦ / ˈɨ-ˈɔ / l-l

-------------------

/jˈarbə/ - /jˈarbə/
[2/2] j-j / ˈa-ˈa / r-r / b-b / ə-ə

-------------------

/jˈarnə/ - /jˈarnə/
[3/3] j-j / ˈa-ˈa / r-r / n-n / ə-ə

-------------------

/jˈermu/ - /vˈarmi/
[3/3] j-v / ˈe-ˈa / r-r / m-m / u-i

-------------------

/jˈin/ - /vˈin/
[4/4] j-v / ˈi-ˈi / n-n

-------------------

/jˈo/ - /jˈo/
[3/3] j-j / ˈo-ˈo

-------------------

/ke̯ˈali/ - /kʲˈalje/
[1/1] k-kʲ / e̯ˈa-ˈa / l-l / ∅-j / i-e

-------------------

/ke̯ˈatrə/ - /kˈatrə/
[4/4] k-k / e̯ˈa-ˈa / t-t / r-r / ə-ə

-------------------

/ko̯ˈadə/ - /ko̯ˈadə/
[3/3] k-k / o̯ˈa-o̯ˈa / d-d / ə-ə

-------------------

/krˈuʦi/ - /krˈuʦə/
[2/2] k-k / r-r / ˈu-ˈu / ʦ-ʦ / i-ə

-------------------

/kʎˈaj/ - /kʎˈejli/
[3/3] k-k / ʎ-ʎ / ˈa-ˈe / j-j / ∅-l / ∅-i

-------------------

/kˈal/ - /kˈal/
[2/2] k-k / ˈa-ˈa / l-l

-------------------

/kˈaldu/ - /kˈald/
[2/2] k-k / ˈa-ˈa / l-l / d-d / u_#>-#>

-------------------

/kˈap/ - /kˈap/
[2/2] k-k / ˈa-ˈa / p-p

-------------------

/kˈaprə/ - /kˈaprə/
[2/2] k-k / ˈa-ˈa / p-p / r-r / ə-ə

-------------------

/kˈarni/ - /kˈarni/
[2/2] k-k / ˈa-ˈa / r-r / n-n / i-i

-------------------

/kˈasə/ - /kˈasə/
[3/3] k-k / ˈa-ˈa / s-s / ə-ə

-------------------

/kˈeptu/ - /kʲˈept/
[2/3] k-kʲ / ˈe-ˈe / p-p / t_u-t
[1/3] k-kʲ / ˈe-ˈe / p-p / t-t / u-∅

-------------------

/kˈornu/ - /kˈorn/
[2/3] k-k / ˈo-ˈo / r-r / n-n / u_#>-#>
[1/3] k-k / ˈo-ˈo / r-r / n-n / u-∅

-------------------

/kˈɨne/ - /kˈɔjni/
[1/1] k-k / ˈɨ-ˈɔ_j / n-n / e-i

-------------------

/kˈɨni/ - /kˈɔjni/
[2/3] k-k / ˈɨ-ˈɔ / ∅-j / n-n / i-i
[1/3] k-k / ˈɨ-ˈɔ_j / n-n / i-i

-------------------

/kˈɨntu/ - /kˈɔnt/
[2/3] k-k / ˈɨ-ˈɔ / n-n / t_u-t
[1/3] k-k / ˈɨ-ˈɔ / n-n / t-t / u-∅

-------------------

/lˈak/ - /lˈak/
[2/2] l-l / ˈa-ˈa / k-k

-------------------

/lˈakrimə/ - /lˈakrimə/
[1/1] l-l / ˈa-ˈa / k-k / r-r / i-i / m-m / ə-ə

-------------------

/lˈapti/ - /lˈapti/
[4/4] l-l / ˈa-ˈa / p-p / t-t / i-i

-------------------

/lˈemnu/ - /lˈemu/
[3/3] l-l / ˈe-ˈe / m-m / n-∅ / u-u

-------------------

/lˈimbə/ - /lˈimbə/
[2/2] l-l / ˈi-ˈi / m-m / b-b / ə-ə

-------------------

/lˈok/ - /lˈok/
[3/3] l-l / ˈo-ˈo / k-k

-------------------

/lˈunə/ - /lˈunə/
[3/3] l-l / ˈu-ˈu / n-n / ə-ə

-------------------

/lˈup/ - /lˈup/
[3/3] l-l / ˈu-ˈu / p-p

-------------------

/lˈuŋɡu/ - /lˈuŋɡ/
[2/2] l-l / ˈu-ˈu / ŋ-ŋ / ɡ-ɡ / u_#>-#>

-------------------

/lˈɨnə/ - /lˈɔnə/
[2/2] l-l / ˈɨ-ˈɔ / n-n / ə-ə

-------------------

/mo̯ˈarti/ - /mo̯ˈarti/
[2/2] m-m / o̯ˈa-o̯ˈa / r-r / t-t / i-i

-------------------

/mˈari/ - /mˈari/
[2/2] m-m / ˈa-ˈa / r-r / i-i

-------------------

/mˈulʦə/ - /mˈult/
[2/2] m-m / ˈu-ˈu / l-l / ʦ-t / ə-∅

-------------------

/mˈuskə/ - /mˈuskə/
[4/4] m-m / ˈu-ˈu / s-s / k-k / ə-ə

-------------------

/mˈɨnə/ - /mˈɔnə/
[2/2] m-m / ˈɨ-ˈɔ / n-n / ə-ə

-------------------

/ne̯ˈawə/ - /ne̯ˈawə/
[3/3] n-n / e̯ˈa-e̯ˈa / w-w / ə-ə

-------------------

/njˈor/ - /nˈor/
[2/2] n-n / j-∅ / ˈo-ˈo / r-r

-------------------

/no̯ˈapti/ - /no̯ˈapti/
[3/3] n-n / o̯ˈa-o̯ˈa / p-p / t-t / i-i

-------------------

/nˈari/ - /nˈas/
[3/3] n-n / ˈa-ˈa / r-∅ / i-∅ / ∅-s

-------------------

/nˈaw/ - /nˈow/
[4/4] n-n / ˈa-ˈo / w-w

-------------------

/nˈel/ - /ninˈel/
[1/2] ∅-n / ∅-i / n-n / ˈe-ˈe / l-l
[1/2] <#-<#_n / ∅-i / n-n / ˈe-ˈe / l-l

-------------------

/nˈeɡru/ - /nˈeɡru/
[3/3] n-n / ˈe-ˈe / ɡ-ɡ / r-r / u-u

-------------------

/nˈostru/ - /nˈostru/
[2/2] n-n / ˈo-ˈo / s-s / t-t / r-r / u-u

-------------------

/nˈowə/ - /no̯ˈawə/
[2/2] n-n / ˈo-o̯ˈa / w-w / ə-ə

-------------------

/nˈuk/ - /nˈukə/
[2/2] n-n / ˈu-ˈu / k-k / ∅-ə

-------------------

/nˈukə/ - /nˈukə/
[3/3] n-n / ˈu-ˈu / k-k / ə-ə

-------------------

/nˈumə/ - /nˈumi/
[3/3] n-n / ˈu-ˈu / m-m / ə-i

-------------------

/pe̯ˈanə/ - /pe̯ˈanə/
[3/3] p-p / e̯ˈa-e̯ˈa / n-n / ə-ə

-------------------

/pe̯ˈaʃti/ - /pˈeʃti/
[3/3] p-p / e̯ˈa-ˈe / ʃ-ʃ / t-t / i-i

-------------------

/pidˈukʎu/ - /pidˈukʎu/
[2/2] p-p / i-i / d-d / ˈu-ˈu / k-k / ʎ-ʎ / u-u

-------------------

/plo̯ˈaj/ - /plo̯ˈajə/
[3/3] p-p / l-l / o̯ˈa-o̯ˈa / j-j / ∅-ə

-------------------

/plˈin/ - /plˈin/
[3/3] p-p / l-l / ˈi-ˈi / n-n

-------------------

/pɨntˈikə/ - /pɔntˈiʦi/
[2/2] p-p / ɨ-ɔ / n-n / t-t / ˈi-ˈi / k-∅ / ∅-ʦ / ə-i

-------------------

/pˈatru/ - /pˈatru/
[4/4] p-p / ˈa-ˈa / t-t / r-r / u-u

-------------------

/pˈer/ - /pˈer/
[3/3] p-p / ˈe-ˈe / r-r

-------------------

/pˈɨni/ - /pˈɔjni/
[2/3] p-p / ˈɨ-ˈɔ_j / n-n / i-i
[1/3] p-p / ˈɨ-ˈɔ / ∅-j / n-n / i-i

-------------------

/se̯ˈarə/ - /se̯ˈarə/
[3/3] s-s / e̯ˈa-e̯ˈa / r-r / ə-ə

-------------------

/simˈinʦə/ - /simˈinʦə/
[3/3] s-s / i-i / m-m / ˈi-ˈi / n-n / ʦ-ʦ / ə-ə

-------------------

/siptəmˈɨnə/ - /saptəmˈɔnə/
[3/3] s-s / i-a / p-p / t-t / ə-ə / m-m / ˈɨ-ˈɔ / n-n / ə-ə

-------------------

/skˈik/ - /spˈik/
[2/2] s-s / k-p / ˈi-ˈi / k-k

-------------------

/so̯ˈari/ - /so̯ˈari/
[3/3] s-s / o̯ˈa-o̯ˈa / r-r / i-i

-------------------

/spˈatə/ - /spˈatə/
[3/3] s-s / p-p / ˈa-ˈa / t-t / ə-ə

-------------------

/ste̯ˈawə/ - /ste̯ˈawə/
[3/3] s-s / t-t / e̯ˈa-e̯ˈa / w-w / ə-ə

-------------------

/sˈare/ - /sˈari/
[3/3] s-s / ˈa-ˈa / r-r / e-i

-------------------

/sˈek/ - /se̯ˈak/
[3/3] s-s / ˈe-e̯ˈa / k-k

-------------------

/sˈutə/ - /sˈutə/
[4/4] s-s / ˈu-ˈu / t-t / ə-ə

-------------------

/sˈɨnʤi/ - /sˈɔnzi/
[3/3] s-s / ˈɨ-ˈɔ / n-n / ʤ-z / i-i

-------------------

/trˈej/ - /trˈej/
[4/4] t-t / r-r / ˈe-ˈe / j-j

-------------------

/tˈatə/ - /tˈatə/
[3/3] t-t / ˈa-ˈa / t-t / ə-ə

-------------------

/tˈu/ - /tˈu/
[2/2] t-t / ˈu-ˈu

-------------------

/tˈut/ - /tˈot/
[1/1] t-t / ˈu-ˈo / t-t

-------------------

/ure̯ˈakʎi/ - /ure̯ˈakʎə/
[2/2] u-u / r-r / e̯ˈa-e̯ˈa / k-k / ʎ-ʎ / i-ə

-------------------

/ve̯ˈardi/ - /ve̯ˈardi/
[2/2] v-v / e̯ˈa-e̯ˈa / r-r / d-d / i-i

-------------------

/vˈakə/ - /vˈakə/
[3/3] v-v / ˈa-ˈa / k-k / ə-ə

-------------------

/vˈekʎu/ - /vˈekʎu/
[2/2] v-v / ˈe-ˈe / k-k / ʎ-ʎ / u-u

-------------------

/vˈimtu/ - /vˈint/
[1/2] v-v / ˈi-ˈi / m-n / t_u-t
[1/2] v-v / ˈi-ˈi / m-n / t-t / u-∅

-------------------

/çˈer/ - /jˈer/
[1/2] ç-∅ / ∅-j / ˈe-ˈe / r-r
[1/2] <#_ç-<# / ∅-j / ˈe-ˈe / r-r

-------------------

/çˈiʎ/ - /ˈiʎu/
[2/2] <#_ç-<# / ˈi-ˈi / ʎ-ʎ_u

-------------------

/çˈiʎi/ - /ˈiʎə/
[2/3] ç-∅ / ˈi-ˈi / ʎ-ʎ / i-ə
[1/3] <#_ç-<# / ˈi-ˈi / ʎ-ʎ / i-ə

-------------------

/ɡrˈos/ - /ɡrˈos/
[2/2] ɡ-ɡ / r-r / ˈo-ˈo / s-s

-------------------

/ɡʎˈeʦ/ - /ɡʎˈeʦ/
[1/1] ɡ-ɡ / ʎ-ʎ / ˈe-ˈe / ʦ-ʦ

-------------------

/ɡˈalbin/ - /ɡˈalbin/
[4/4] ɡ-ɡ / ˈa-ˈa / l-l / b-b / i-i / n-n

-------------------

/ɡˈine/ - /bˈini/
[1/1] ɡ-b / ˈi-ˈi / n-n / e-i

-------------------

/ɡˈini/ - /bˈini/
[3/3] ɡ-b / ˈi-ˈi / n-n / i-i

-------------------

/ɡˈurə/ - /ɡˈurə/
[2/2] ɡ-ɡ / ˈu-ˈu / r-r / ə-ə

-------------------

/ɲˈel/ - /mɲˈel/
[1/2] ∅-m / ɲ-ɲ / ˈe-ˈe / l-l
[1/2] ɲ-m_ɲ / ˈe-ˈe / l-l

-------------------

/ɲˈeʣu/ - /mɲˈez/
[1/3] ∅-m / ɲ-ɲ / ˈe-ˈe / ʣ-z / u_#>-#>
[1/3] ∅-m / ɲ-ɲ / ˈe-ˈe / ʣ-z / u-∅
[1/3] ɲ-m_ɲ / ˈe-ˈe / ʣ-z / u-∅

-------------------

/ɲˈik/ - /mˈik/
[4/4] ɲ-m / ˈi-ˈi / k-k

-------------------

/ɲˈiʎe/ - /mˈiʎə/
[2/2] ɲ-m / ˈi-ˈi / ʎ-ʎ / e-ə

-------------------

/ʃˈapti/ - /ʃˈapti/
[3/3] ʃ-ʃ / ˈa-ˈa / p-p / t-t / i-i

-------------------

/ʃˈasi/ - /ʃˈasi/
[2/2] ʃ-ʃ / ˈa-ˈa / s-s / i-i

-------------------

/ʎˈepuri/ - /ʎˈepuri/
[2/2] ʎ-ʎ / ˈe-ˈe / p-p / u-u / r-r / i-i

-------------------

/ʣinˈukʎu/ - /zinˈukʎu/
[3/3] ʣ-z / i-i / n-n / ˈu-ˈu / k-k / ʎ-ʎ / u-u

-------------------

/ʣˈaʦi/ - /zˈeʦi/
[3/3] ʣ-z / ˈa-ˈe / ʦ-ʦ / i-i

-------------------

/ʣˈiniri/ - /zˈiniri/
[2/2] ʣ-z / ˈi-ˈi / n-n / i-i / r-r / i-i

-------------------

/ʣˈuə/ - /zˈuwə/
[2/2] ʣ-z / ˈu-ˈu / ∅-w / ə-ə

-------------------

/ʤˈok/ - /ʒˈok/
[3/3] ʤ-ʒ / ˈo-ˈo / k-k

-------------------

/ʤˈoni/ - /ʒˈune/
[1/1] ʤ-ʒ / ˈo-ˈu / n-n / i-e

-------------------

/ʦire̯ˈaʃə/ - /ʧire̯ˈaʃkə/
[3/3] ʦ-ʧ / i-i / r-r / e̯ˈa-e̯ˈa / ʃ-ʃ / ∅-k / ə-ə

-------------------

/ʦitˈati/ - /ʦitˈati/
[3/3] ʦ-ʦ / i-i / t-t / ˈa-ˈa / t-t / i-i

-------------------

/ʦˈarə/ - /ʦˈarə/
[2/2] ʦ-ʦ / ˈa-ˈa / r-r / ə-ə

-------------------

/ʦˈer/ - /ʦˈer/
[3/3] ʦ-ʦ / ˈe-ˈe / r-r

-------------------

/ʦˈi/ - /ʦˈi/
[3/3] ʦ-ʦ / ˈi-ˈi

-------------------

/ʦˈinʦi/ - /ʦˈinʦ/
[3/3] ʦ-ʦ / ˈi-ˈi / n-n / ʦ-ʦ / i-∅

-------------------

/ʧinˈuʃi/ - /ʧənˈuʃə/
[2/2] ʧ-ʧ / i-ə / n-n / ˈu-ˈu / ʃ-ʃ / i-ə

-------------------

/ʧiʧˈor/ - /piʧˈor/
[3/3] ʧ-∅ / ∅-p / i-i / ʧ-ʧ / ˈo-ˈo / r-r

-------------------

/ˈalbu/ - /ˈalb/
[2/4] ˈa-ˈa / l-l / b-b / u_#>-#>
[2/4] ˈa-ˈa / l-l / b-b / u-∅

-------------------

/ˈaltu/ - /ˈaltu/
[3/3] ˈa-ˈa / l-l / t-t / u-u

-------------------

/ˈan/ - /ˈan/
[2/2] ˈa-ˈa / n-n

-------------------

/ˈapə/ - /ˈapu/
[3/3] ˈa-ˈa / p-p / ə-u

-------------------

/ˈarburi/ - /ˈarbur/
[4/4] ˈa-ˈa / r-r / b-b / u-u / r-r / i-∅

-------------------

/ˈaʎ/ - /ˈaʎu/
[2/4] ˈa-ˈa / ʎ-ʎ_u
[2/4] ˈa-ˈa / ʎ-ʎ / ∅-u

-------------------

/ˈel/ - /jˈel/
[2/2] ∅-j / ˈe-ˈe / l-l

-------------------

/ˈinimə/ - /ˈiɲama/
[4/4] ˈi-ˈi / n-ɲ / i-a / m-m / ə-a

-------------------

/ˈokʎu/ - /wˈokʎu/
[2/2] ˈo-w_ˈo / k-k / ʎ-ʎ / u-u

-------------------

/ˈom/ - /wˈom/
[2/4] ∅-w / ˈo-ˈo / m-m
[2/4] ˈo-w_ˈo / m-m

-------------------

/ˈoptu/ - /wˈopt/
[2/4] ∅-w / ˈo-ˈo / p-p / t-t / u-∅
[1/4] ˈo-w_ˈo / p-p / t_u-t
[1/4] <#-<#_w / ˈo-ˈo / p-p / t_u-t

-------------------

/ˈos/ - /wˈos/
[1/2] ˈo-w_ˈo / s-s
[1/2] <#-<#_w / ˈo-ˈo / s-s

-------------------

/ˈumir/ - /nˈumir/
[3/4] ∅-n / ˈu-ˈu / m-m / i-i / r-r
[1/4] <#-<#_n / ˈu-ˈu / m-m / i-i / r-r

-------------------

/ˈun/ - /ˈun/
[3/3] ˈu-ˈu / n-n

-------------------

/ˈursu/ - /ˈurs/
[2/3] ˈu-ˈu / r-r / s-s / u_#>-#>
[1/3] ˈu-ˈu / r-r / s-s / u-∅

-------------------

/ˈuŋɡʎi/ - /ˈuŋɡʎə/
[4/4] ˈu-ˈu / ŋ-ŋ / ɡ-ɡ / ʎ-ʎ / i-ə

-------------------

