/blˈat/ - /blˈɛːd/
b-b / l-l / ˈa-ˈɛː / t-d

-------------------

/blˈuːmə/ - /blˈoːu̯mə/
b-b / l-l / ˈuː-ˈoːu̯ / m-m / ə-ə

-------------------

/blˈuːt/ - /blˈoːu̯d/
b-b / l-l / ˈuː-ˈoːu̯ / t-d

-------------------

/bʁˈoːt/ - /brˈoːd/
b-b / ʁ-r / ˈoː-ˈoː / t-d

-------------------

/bʁˈuːdɐ/ - /brˈuːr/
b-b / ʁ-r / ˈuː-ˈuː / d-∅ / ɐ-r

-------------------

/bʁˈʊst/ - /brˈʊst/
b-b / ʁ-r / ˈʊ-ˈʊ / s-s / t-t

-------------------

/bʁˈʏkə/ - /brˈɛːx/
b-b / ʁ-r / ˈʏ-ˈɛː / k-x / ə-∅

-------------------

/bˈaɪ̯n/ - /bˈeːn/
b-b / ˈaɪ̯-ˈeː / n-n

-------------------

/bˈaɪ̯sən/ - /bˈitə/
b-b / ˈaɪ̯-ˈi / s-t / ə-ə / n-∅

-------------------

/bˈaʊ̯m/ - /bˈoːm/
b-b / ˈaʊ̯-ˈoː / m-m

-------------------

/bˈaːt/ - /bˈɛt/
b-b / ˈaː-ˈɛ / t-t

-------------------

/bˈiːnə/ - /ˈiːmə/
b-∅ / ˈiː-ˈiː / n-m / ə-ə

-------------------

/bˈiːtn̩/ - /bˈiada/
b-b / ∅-ˈi / ˈiː-a / t-d / n-a

-------------------

/bˈoːt/ - /bˈoːt/
b-b / ˈoː-ˈoː / t-t

-------------------

/bˈuːx/ - /bˈoːu̯k/
b-b / ˈuː-ˈoːu̯ / x-k

-------------------

/bˈɛsɐ/ - /bˈeːtər/
b-b / ˈɛ-ˈeː / s-t / ɐ-ə_r
b-b / ˈɛ-ˈeː / s-t / ∅-ə / ɐ-r

-------------------

/bˈɛɐk/ - /bˈiːrɪx/
b-b / ˈɛ-ˈiː / ɐ-r / ∅-ɪ / k-x

-------------------

/bˈɛːɐ/ - /bˈɔːr/
b-b / ˈɛː-ˈɔː / ɐ-r

-------------------

/bˈɛːɐ/ - /bˈɔːrə/
b-b / ˈɛː-ˈɔː / ɐ-r / ∅-ə
b-b / ˈɛː-ˈɔː / ɐ-r_ə

-------------------

/bˈɪtn̩/ - /bˈɪdə/
b-b / ˈɪ-ˈɪ / t-d / n-∅ / ∅-ə

-------------------

/dʁˈaɪ̯/ - /trˈɛɪ̯/
d-t / ʁ-r / ˈaɪ̯-ˈɛɪ̯

-------------------

/dˈaŋkən/ - /tˈɔŋkjə/
d-t / ˈa-ˈɔ / ŋ-ŋ / k-k / ə-j_ə / n-∅
d-t / ˈa-ˈɔ / ŋ-ŋ / k-k / ∅-j / ə-ə / n-∅

-------------------

/dˈiːp/ - /dˈɛɪ̯f/
d-d / ˈiː-ˈɛɪ̯ / p-f

-------------------

/dˈuː/ - /dˈuː/
d-d / ˈuː-ˈuː

-------------------

/dˈɔnɐ/ - /dˈɔnər/
d-d / ˈɔ-ˈɔ / n-n / ɐ-ə_r
d-d / ˈɔ-ˈɔ / n-n / ∅-ə / ɐ-r

-------------------

/dˈɔɐn/ - /tˈoːu̯dən/
d-t / ˈɔ-ˈoːu̯ / ɐ-∅ / ∅-d / ∅-ə / n-n
d-t / ˈɔ-ˈoːu̯ / ∅-d / ɐ-ə / n-n

-------------------

/dˈɔʏ̯tʃ/ - /dˈyːtsk/
d-d / ˈɔʏ̯-ˈyː / t-t / ʃ-s / ∅-k
d-d / ˈɔʏ̯-ˈyː / t-t / ʃ-s_k

-------------------

/dˈɪk/ - /tjˈʊk/
d-t / ∅-j / ˈɪ-ˈʊ / k-k

-------------------

/dˈɪŋ/ - /dˈɪŋ/
d-d / ˈɪ-ˈɪ / ŋ-ŋ

-------------------

/dˈʏn/ - /tˈɛːn/
d-t / ˈʏ-ˈɛː / n-n

-------------------

/flˈaɪ̯ʃ/ - /flˈaːsk/
f-f / l-l / ˈaɪ̯-ˈaː / ʃ-s / ∅-k
f-f / l-l / ˈaɪ̯-ˈaː / ʃ-s_k

-------------------

/flˈiːɡə/ - /fljˈoːɣə/
f-f / l-l / ∅-j / ˈiː-ˈoː / ɡ-ɣ / ə-ə

-------------------

/flˈiːɡən/ - /fljˈoːɣə/
f-f / l-l / ˈiː-j_ˈoː / ɡ-ɣ / ə-ə / n-∅
f-f / l-l / ∅-j / ˈiː-ˈoː / ɡ-ɣ / ə-ə / n-∅

-------------------

/fʁˈaɪ̯/ - /frˈɛɪ̯/
f-f / ʁ-r / ˈaɪ̯-ˈɛɪ̯

-------------------

/fʁˈiːʁən/ - /frjˈoːzə/
f-f / ʁ-r / ˈiː-j_ˈoː / ʁ-z / ə-ə / n-∅
f-f / ʁ-r / ∅-j / ˈiː-ˈoː / ʁ-z / ə-ə / n-∅

-------------------

/fʁˈɔʏ̯nt/ - /frˈyːnd/
f-f / ʁ-r / ˈɔʏ̯-ˈyː / n-n / t-d

-------------------

/fʁˈɪʃ/ - /frˈɪsk/
f-f / ʁ-r / ˈɪ-ˈɪ / ʃ-s / ∅-k
f-f / ʁ-r / ˈɪ-ˈɪ / ʃ-s_k

-------------------

/fˈast/ - /fˈɛːst/
f-f / ˈa-ˈɛː / s-s / t-t

-------------------

/fˈaːtɐ/ - /fˈɔːr/
f-f / ˈaː-ˈɔː / t-∅ / ɐ-r

-------------------

/fˈiːɐ/ - /fjˈaːu̯ər/
f-f / ∅-j / ˈiː-ˈaːu̯ / ɐ-ə_r
f-f / ∅-j / ˈiː-ˈaːu̯ / ∅-ə / ɐ-r
f-f_j / ˈiː-ˈaːu̯ / ɐ-ə_r

-------------------

/fˈoːɡl̩/ - /fˈuːɣəl/
f-f / ˈoː-ˈuː / ɡ-ɣ / ∅-ə / l-l

-------------------

/fˈuːs/ - /fˈoːu̯t/
f-f / ˈuː-ˈoːu̯ / s-t

-------------------

/fˈyːlən/ - /fˈɛɪ̯lə/
f-f / ˈyː-ˈɛɪ̯ / l-l / ə-ə / n-∅

-------------------

/fˈyːsə/ - /fˈɛɪ̯tə/
f-f / ˈyː-ˈɛɪ̯ / s-t / ə-ə

-------------------

/fˈɔl/ - /fˈʊl/
f-f / ˈɔ-ˈʊ / l-l

-------------------

/fˈɔlk/ - /fˈoːu̯lk/
f-f / ˈɔ-ˈoːu̯ / l-l / k-k

-------------------

/fˈɔlɡən/ - /fˈoːu̯lɣjə/
f-f / ˈɔ-ˈoːu̯ / l-l / ɡ-ɣ / ə-j_ə / n-∅
f-f / ˈɔ-ˈoːu̯ / l-l / ɡ-ɣ / ∅-j / ə-ə / n-∅

-------------------

/fˈɔʏ̯ɐ/ - /fjˈuːr/
f-f / ˈɔʏ̯-j_ˈuː / ɐ-r
f-f / ∅-j / ˈɔʏ̯-ˈuː / ɐ-r
f-f_j / ˈɔʏ̯-ˈuː / ɐ-r

-------------------

/fˈɛst/ - /fˈɛːst/
f-f / ˈɛ-ˈɛː / s-s / t-t

-------------------

/fˈɪŋɐ/ - /fˈɪŋər/
f-f / ˈɪ-ˈɪ / ŋ-ŋ / ɐ-ə_r
f-f / ˈɪ-ˈɪ / ŋ-ŋ / ∅-ə / ɐ-r

-------------------

/fˈɪʃ/ - /fˈɪsk/
f-f / ˈɪ-ˈɪ / ʃ-s / ∅-k
f-f / ˈɪ-ˈɪ / ʃ-s_k

-------------------

/fˈʊks/ - /fˈɔːks/
f-f / ˈʊ-ˈɔː / k-k / s-s

-------------------

/fˈʏnf/ - /fˈiːw/
f-f / ∅-ˈiː / ˈʏ-w / n-∅ / f-∅

-------------------

/hˈant/ - /hˈoːu̯ndə/
h-h / ˈa-ˈoːu̯ / n-n / t-d / ∅-ə

-------------------

/hˈaɪ̯lɪç/ - /hˈɛlɪx/
h-h / ˈaɪ̯-ˈɛ / l-l / ɪ-ɪ / ç-x

-------------------

/hˈaɪ̯m/ - /hˈeːm/
h-h / ˈaɪ̯-ˈeː / m-m

-------------------

/hˈaɪ̯s/ - /hˈeːt/
h-h / ˈaɪ̯-ˈeː / s-t

-------------------

/hˈaʊ̯pt/ - /hˈaːu̯d/
h-h / ˈaʊ̯-ˈaːu̯ / p-∅ / t-d

-------------------

/hˈaʊ̯pt/ - /kˈɔp/
h-k / ˈaʊ̯-ˈɔ / p-p / t-∅

-------------------

/hˈaʊ̯s/ - /hˈuːs/
h-h / ˈaʊ̯-ˈuː / s-s

-------------------

/hˈaʊ̯t/ - /hˈɛɪ̯d/
h-h / ˈaʊ̯-ˈɛɪ̯ / t-d

-------------------

/hˈaːbn̩/ - /hˈɛbə/
h-h / ˈaː-ˈɛ / b-b / n-∅ / ∅-ə

-------------------

/hˈaːzə/ - /hˈɔːzə/
h-h / ˈaː-ˈɔː / z-z / ə-ə

-------------------

/hˈaːɐ/ - /hˈiːr/
h-h / ˈaː-ˈiː / ɐ-r

-------------------

/hˈiːɐ/ - /hˈir/
h-h / ˈiː-ˈi / ɐ-r

-------------------

/hˈoːnɪç/ - /hˈuːnəx/
h-h / ˈoː-ˈuː / n-n / ɪ-ə / ç-x

-------------------

/hˈoːx/ - /hˈoːx/
h-h / ˈoː-ˈoː / x-x

-------------------

/hˈøːʁən/ - /hˈeːrə/
h-h / ˈøː-ˈeː / ʁ-r / ə-ə / n-∅

-------------------

/hˈɔɐn/ - /hˈoːu̯dən/
h-h / ˈɔ-ˈoːu̯ / ∅-d / ɐ-ə / n-n

-------------------

/hˈɛnə/ - /hˈanə/
h-h / ˈɛ-ˈa / n-n / ə-ə

-------------------

/hˈɛɐʦ/ - /hˈaːt/
h-h / ˈɛ-ˈaː / ɐ-∅ / ʦ-t

-------------------

/hˈʊnt/ - /hˈuːnd/
h-h / ˈʊ-ˈuː / n-n / t-d

-------------------

/hˈʊŋɐ/ - /hˈʊŋər/
h-h / ˈʊ-ˈʊ / ŋ-ŋ / ɐ-ə_r
h-h / ˈʊ-ˈʊ / ŋ-ŋ / ∅-ə / ɐ-r

-------------------

/jˈaːɐ/ - /jˈiːr/
j-j / ˈaː-ˈiː / ɐ-r

-------------------

/jˈʊŋ/ - /jˈʊŋk/
j-j / ˈʊ-ˈʊ / ŋ-ŋ / ∅-k

-------------------

/kʰnˈiː/ - /knˈibəl/
kʰ-k / n-n / ˈiː-ˈi / ∅-b / ∅-ə / ∅-l

-------------------

/kʰˈalp/ - /kˈoːləx/
kʰ-k / ˈa-ˈoː / l-l / ∅-ə / p-x

-------------------

/kʰˈalt/ - /kˈoːld/
kʰ-k / ˈa-ˈoː / l-l / t-d

-------------------

/kʰˈuː/ - /kˈu/
kʰ-k / ˈuː-ˈu

-------------------

/kʰˈøːnɪç/ - /kˈœːnɪx/
kʰ-k / ˈøː-ˈœː / n-n / ɪ-ɪ / ç-x

-------------------

/kʰˈœnən/ - /kˈɔnə/
kʰ-k / ˈœ-ˈɔ / n-n / ə-ə / n-∅

-------------------

/kʰˈɔp͡f/ - /hˈaːu̯d/
kʰ-∅ / ∅-h / ˈɔ-ˈaːu̯ / p͡f-d

-------------------

/kʰˈɔp͡f/ - /kˈɔp/
kʰ-k / ˈɔ-ˈɔ / p͡f-p

-------------------

/kʰˈɛːzə/ - /sˈiːs/
kʰ-s / ˈɛː-ˈiː / z-s / ə-∅

-------------------

/kʰˈɪɐçə/ - /sˈɛːrkə/
kʰ-s / ˈɪ-ˈɛː / ɐ-r / ç-k / ə-ə

-------------------

/lˈam/ - /lˈoːu̯m/
l-l / ˈa-ˈoːu̯ / m-m

-------------------

/lˈant/ - /lˈoːu̯nd/
l-l / ˈa-ˈoːu̯ / n-n / t-d

-------------------

/lˈaxən/ - /lˈaːxjə/
l-l / ˈa-ˈaː / x-x / ə-j_ə / n-∅
l-l / ˈa-ˈaː / x-x / ∅-j / ə-ə / n-∅

-------------------

/lˈaŋ/ - /lˈɔːŋ/
l-l / ˈa-ˈɔː / ŋ-ŋ

-------------------

/lˈaɪ̯çt/ - /lˈɪxt/
l-l / ˈaɪ̯-ˈɪ / ç-x / t-t

-------------------

/lˈaʊ̯fn̩/ - /lˈoːpə/
l-l / ˈaʊ̯-ˈoː / f-p / n-∅ / ∅-ə

-------------------

/lˈaʊ̯p/ - /lˈoːf/
l-l / ˈaʊ̯-ˈoː / p-f

-------------------

/lˈaʊ̯s/ - /lˈuːs/
l-l / ˈaʊ̯-ˈuː / s-s

-------------------

/lˈeːbɐ/ - /lˈiːu̯vər/
l-l / ˈeː-ˈiːu̯ / b-v / ɐ-ə_r
l-l / ˈeː-ˈiːu̯ / b-v / ∅-ə / ɐ-r

-------------------

/lˈɪçt/ - /lˈʊxt/
l-l / ˈɪ-ˈʊ / ç-x / t-t

-------------------

/mˈan/ - /mˈɔn/
m-m / ˈa-ˈɔ / n-n

-------------------

/mˈaxt/ - /mˈaxt/
m-m / ˈa-ˈa / x-x / t-t

-------------------

/mˈaʊ̯l/ - /mˈunt/
m-m / ˈaʊ̯-ˈu / l-n / ∅-t
m-m / ˈaʊ̯-ˈu / l-∅ / ∅-n / ∅-t

-------------------

/mˈaʊ̯s/ - /mˈuːs/
m-m / ˈaʊ̯-ˈuː / s-s

-------------------

/mˈoːnt/ - /mˈoːu̯nə/
m-m / ˈoː-ˈoːu̯ / n-n / t-∅ / ∅-ə

-------------------

/mˈɔʏ̯zə/ - /mˈuːzə/
m-m / ˈɔʏ̯-ˈuː / z-z / ə-ə

-------------------

/mˈɛnʃ/ - /mˈɔːnskə/
m-m / ˈɛ-ˈɔː / n-n / ʃ-s / ∅-k / ∅-ə
m-m / ˈɛ-ˈɔː / n-n / ʃ-s_k / ∅-ə

-------------------

/mˈɪlç/ - /mˈɔːlk/
m-m / ˈɪ-ˈɔː / l-l / ç-k

-------------------

/mˈɪç/ - /mˈi/
m-m / ˈɪ-ˈi / ç-∅

-------------------

/mˈʊnt/ - /mˈunt/
m-m / ˈʊ-ˈu / n-n / t-t

-------------------

/mˈʊtɐ/ - /mˈuːr/
m-m / ˈʊ-ˈuː / t-∅ / ɐ-r

-------------------

/mˈʏkə/ - /mˈɛːɣə/
m-m / ˈʏ-ˈɛː / k-ɣ / ə-ə

-------------------

/nˈakt/ - /nˈɔːkənt/
n-n / ˈa-ˈɔː / k-k / ∅-ə / ∅-n / t-t

-------------------

/nˈaxt/ - /nˈɔːxt/
n-n / ˈa-ˈɔː / x-x / t-t

-------------------

/nˈaːdl̩/ - /nˈɛdəl/
n-n / ˈaː-ˈɛ / d-d / ∅-ə / l-l
n-n / ˈaː-ˈɛ / d-d_ə / l-l

-------------------

/nˈaːmə/ - /nˈoːmə/
n-n / ˈaː-ˈoː / m-m / ə-ə

-------------------

/nˈaːzə/ - /nˈoːzə/
n-n / ˈaː-ˈoː / z-z / ə-ə

-------------------

/nˈaːɡl̩/ - /nˈaːi̯l/
n-n / ˈaː-ˈaːi̯ / ɡ-∅ / l-l

-------------------

/nˈɔɐt/ - /nˈoːu̯t/
n-n / ˈɔ-ˈoːu̯ / ɐ-∅ / t-t
n-n / ˈɔ_ɐ-ˈoːu̯ / t-t

-------------------

/nˈɔʏ̯/ - /nˈɛɪ̯/
n-n / ˈɔʏ̯-ˈɛɪ̯

-------------------

/nˈɔʏ̯n/ - /njˈuːɣən/
n-n / ˈɔʏ̯-j_ˈuː / ∅-ɣ / ∅-ə / n-n
n-n / ∅-j / ˈɔʏ̯-ˈuː / ∅-ɣ / ∅-ə / n-n

-------------------

/p͡flˈɪçt/ - /plˈɪxt/
p͡f-p / l-l / ˈɪ-ˈɪ / ç-x / t-t

-------------------

/tʰʁˈaɪ̯bn̩/ - /drˈiːwə/
tʰ-d / ʁ-r / ∅-ˈiː / ˈaɪ̯-w / b-∅ / n-∅ / ∅-ə

-------------------

/tʰʁˈaʊ̯m/ - /drˈoːm/
tʰ-d / ʁ-r / ˈaʊ̯-ˈoː / m-m

-------------------

/tʰʁˈɔkən/ - /drˈuːx/
tʰ-d / ʁ-r / ˈɔ-ˈuː / k-x / ə-∅ / n-∅

-------------------

/tʰʁˈɔɪ̯mn̩/ - /drˈeːmə/
tʰ-d / ʁ-r / ˈɔɪ̯-ˈeː / m-m / n-∅ / ∅-ə

-------------------

/tʰʁˈɛːnə/ - /trˈoːnə/
tʰ-t / ʁ-r / ˈɛː-ˈoː / n-n / ə-ə

-------------------

/tʰʁˈɪŋkən/ - /drˈɪŋkə/
tʰ-d / ʁ-r / ˈɪ-ˈɪ / ŋ-ŋ / k-k / ə-ə / n-∅

-------------------

/tʰˈaʊ̯zənt/ - /dˈuːzənd/
tʰ-d / ˈaʊ̯-ˈuː / z-z / ə-ə / n-n / t-d

-------------------

/tʰˈaːk/ - /dˈaːi̯/
tʰ-d / ˈaː-ˈaːi̯ / k-∅

-------------------

/tʰˈiːf/ - /jˈoːp/
tʰ-j / ˈiː-ˈoː / f-p

-------------------

/tʰˈiːɐ/ - /dˈiːrt/
tʰ-d / ˈiː-ˈiː / ɐ-r / ∅-t

-------------------

/tʰˈoːt/ - /dˈoːt/
tʰ-d / ˈoː-ˈoː / t-t

-------------------

/tʰˈøːdlɪç/ - /dˈoːdəlk/
tʰ-d / ˈøː-ˈoː / d-d / ∅-ə / l-l / ɪ-∅ / ç-k
tʰ-d / ˈøː-ˈoː / d-d_ə / l-l / ɪ-∅ / ç-k

-------------------

/tʰˈɔxtɐ/ - /dˈɔxtər/
tʰ-d / ˈɔ-ˈɔ / x-x / t-t / ɐ-ə_r
tʰ-d / ˈɔ-ˈɔ / x-x / t-t / ∅-ə / ɐ-r

-------------------

/tʰˈɔʏ̯ɐ/ - /jˈuːr/
tʰ-j / ˈɔʏ̯-ˈuː / ɐ-r

-------------------

/vˈafə/ - /vˈɛɪ̯pən/
v-v / ˈa-ˈɛɪ̯ / f-p / ə-ə / ∅-n

-------------------

/vˈas/ - /vˈɛt/
v-v / ˈa-ˈɛ / s-t

-------------------

/vˈasɐ/ - /vˈɔːtər/
v-v / ˈa-ˈɔː / s-t / ɐ-ə_r
v-v / ˈa-ˈɔː / s-t / ∅-ə / ɐ-r

-------------------

/vˈaɐm/ - /vˈoːrm/
v-v / ˈa-ˈoː / ɐ-r / m-m

-------------------

/vˈaɪ̯s/ - /vˈit/
v-v / ˈaɪ̯-ˈi / s-t

-------------------

/vˈeːk/ - /vˈaːi̯/
v-v / ˈeː-ˈaːi̯ / k-∅

-------------------

/vˈiːɐ/ - /vˈi/
v-v / ˈiː-ˈi / ɐ-∅

-------------------

/vˈɔlf/ - /vˈʊlf/
v-v / ˈɔ-ˈʊ / l-l / f-f

-------------------

/vˈɔlə/ - /vˈʊɫə/
v-v / ˈɔ-ˈʊ / l-ɫ / ə-ə

-------------------

/vˈɔɐt/ - /vˈoːu̯d/
v-v / ˈɔ-ˈoːu̯ / ɐ-∅ / t-d

-------------------

/vˈɛtɐ/ - /vˈeːdər/
v-v / ˈɛ-ˈeː / t-d / ɐ-ə_r
v-v / ˈɛ-ˈeː / t-d / ∅-ə / ɐ-r

-------------------

/vˈɪnt/ - /vˈiːnd/
v-v / ˈɪ-ˈiː / n-n / t-d

-------------------

/vˈɪsən/ - /vˈiːtə/
v-v / ˈɪ-ˈiː / s-t / ə-ə / n-∅

-------------------

/vˈʊɐm/ - /vˈʊrm/
v-v / ˈʊ-ˈʊ / ɐ-r / m-m

-------------------

/vˈʏnʃən/ - /vˈɔnskjə/
v-v / ˈʏ-ˈɔ / n-n / ʃ-s / ∅-k / ∅-j / ə-ə / n-∅
v-v / ˈʏ-ˈɔ / n-n / ʃ-s_k / ə-j_ə / n-∅

-------------------

/zˈalʦ/ - /sˈɔːlt/
z-s / ˈa-ˈɔː / l-l / ʦ-t

-------------------

/zˈant/ - /sˈoːu̯nd/
z-s / ˈa-ˈoːu̯ / n-n / t-d

-------------------

/zˈaɪ̯tə/ - /sˈiːdə/
z-s / ˈaɪ̯-ˈiː / t-d / ə-ə

-------------------

/zˈaːɡən/ - /sˈɔːɣjə/
z-s / ˈaː-ˈɔː / ɡ-ɣ / ə-j_ə / n-∅
z-s / ˈaː-ˈɔː / ɡ-ɣ / ∅-j / ə-ə / n-∅

-------------------

/zˈeː/ - /sˈeː/
z-s / ˈeː-ˈeː

-------------------

/zˈeːlə/ - /sˈeːlə/
z-s / ˈeː-ˈeː / l-l / ə-ə

-------------------

/zˈeːən/ - /sjˈoː/
z-s / ˈeː-j / ə-ˈoː / n-∅

-------------------

/zˈiːbən/ - /sˈoːɣən/
z-s / ˈiː-ˈoː / b-ɣ / ə-ə / n-n

-------------------

/zˈoːn/ - /sˈuːn/
z-s / ˈoː-ˈuː / n-n

-------------------

/zˈyːs/ - /svˈɛɪ̯t/
z-s / ∅-v / ˈyː-ˈɛɪ̯ / s-t

-------------------

/zˈɛks/ - /sˈɛks/
z-s / ˈɛ-ˈɛ / k-k / s-s

-------------------

/zˈɪŋən/ - /sjˈʊŋə/
z-s / ∅-j / ˈɪ-ˈʊ / ŋ-ŋ / ə-ə / n-∅

-------------------

/zˈɪʦən/ - /sˈɪtə/
z-s / ˈɪ-ˈɪ / ʦ-t / ə-ə / n-∅

-------------------

/ɡʁˈaːs/ - /ɣˈɛːrs/
ɡ-ɣ / ʁ-∅ / ˈaː-ˈɛː / ∅-r / s-s
ɡ-ɣ / ∅-ˈɛː / ʁ-r / ˈaː-∅ / s-s

-------------------

/ɡʁˈoːs/ - /ɡrˈoːt/
ɡ-ɡ / ʁ-r / ˈoː-ˈoː / s-t

-------------------

/ɡʁˈyːn/ - /ɣrˈɛɪ̯n/
ɡ-ɣ / ʁ-r / ˈyː-ˈɛɪ̯ / n-n

-------------------

/ɡˈans/ - /ɣˈoːu̯s/
ɡ-ɣ / ˈa-ˈoːu̯ / n-∅ / s-s

-------------------

/ɡˈast/ - /ɣˈaːst/
ɡ-ɣ / ˈa-ˈaː / s-s / t-t

-------------------

/ɡˈaɪ̯st/ - /jˈeːst/
ɡ-j / ˈaɪ̯-ˈeː / s-s / t-t

-------------------

/ɡˈaɪ̯st/ - /ɣˈɛɪ̯st/
ɡ-ɣ / ˈaɪ̯-ˈɛɪ̯ / s-s / t-t

-------------------

/ɡˈeːbən/ - /jˈeːu̯və/
ɡ-j / ˈeː-ˈeːu̯ / b-v / ə-ə / n-∅

-------------------

/ɡˈuːt/ - /ɣˈoːu̯d/
ɡ-ɣ / ˈuː-ˈoːu̯ / t-d

-------------------

/ɡˈɔlt/ - /ɣˈoːu̯ld/
ɡ-ɣ / ˈɔ-ˈoːu̯ / l-l / t-d

-------------------

/ɡˈɔt/ - /ɣˈɔd/
ɡ-ɣ / ˈɔ-ˈɔ / t-d

-------------------

/ɡˈɛlp/ - /jˈeːl/
ɡ-j / ˈɛ-ˈeː / l-l / p-∅

-------------------

/ʁˈaɪ̯ç/ - /rˈik/
ʁ-r / ˈaɪ̯-ˈi / ç-k

-------------------

/ʁˈaʊ̯x/ - /rˈoːk/
ʁ-r / ˈaʊ̯-ˈoː / x-k

-------------------

/ʁˈeːɡn̩/ - /rˈin/
ʁ-r / ˈeː-ˈi / ɡ-∅ / n-n

-------------------

/ʁˈoːt/ - /rˈoːd/
ʁ-r / ˈoː-ˈoː / t-d

-------------------

/ʁˈɛçt/ - /rjˈʊxt/
ʁ-r / ∅-j / ˈɛ-ˈʊ / ç-x / t-t
ʁ-r_j / ˈɛ-ˈʊ / ç-x / t-t

-------------------

/ʁˈɪŋ/ - /rˈɪŋ/
ʁ-r / ˈɪ-ˈɪ / ŋ-ŋ

-------------------

/ʃlˈaŋə/ - /slˈɔːŋə/
ʃ-s / l-l / ˈa-ˈɔː / ŋ-ŋ / ə-ə

-------------------

/ʃlˈaːfən/ - /slˈɛɪ̯pə/
ʃ-s / l-l / ˈaː-ˈɛɪ̯ / f-p / ə-ə / n-∅

-------------------

/ʃlˈaːɡən/ - /slˈoː/
ʃ-s / l-l / ˈaː-ˈoː / ɡ-∅ / ə-∅ / n-∅

-------------------

/ʃnˈeː/ - /snˈeː/
ʃ-s / n-n / ˈeː-ˈeː

-------------------

/ʃpʁˈaːxə/ - /sprˈɔːkə/
ʃ-s / p-p / ʁ-r / ˈaː-ˈɔː / x-k / ə-ə

-------------------

/ʃtˈaɪ̯n/ - /stˈeːn/
ʃ-s / t-t / ˈaɪ̯-ˈeː / n-n

-------------------

/ʃtˈuːl/ - /stˈoːu̯l/
ʃ-s / t-t / ˈuː-ˈoːu̯ / l-l

-------------------

/ʃtˈɛɐn/ - /stˈiːrn/
ʃ-s / t-t / ˈɛ-ˈiː / ɐ-r / n-n

-------------------

/ʃtˈʊɐm/ - /stˈɔːrm/
ʃ-s / t-t / ˈʊ-ˈɔː / ɐ-r / m-m

-------------------

/ʃvˈaɐʦ/ - /svˈɔt/
ʃ-s / v-v / ˈa-ˈɔ / ɐ-∅ / ʦ-t

-------------------

/ʃvˈaɪ̯n/ - /swˈin/
ʃ-s / v-w / ˈaɪ̯-ˈi / n-n

-------------------

/ʃvˈeːɐt/ - /svˈɛɪ̯d/
ʃ-s / v-v / ˈeː-ˈɛɪ̯ / ɐ-∅ / t-d

-------------------

/ʃvˈɛstɐ/ - /sˈʊstər/
ʃ-s / v-∅ / ˈɛ-ˈʊ / s-s / t-t / ɐ-ə_r
ʃ-s / v-∅ / ˈɛ-ˈʊ / s-s / t-t / ∅-ə / ɐ-r

-------------------

/ʃvˈɛɐt/ - /svˈɛɪ̯d/
ʃ-s / v-v / ˈɛ-ˈɛɪ̯ / ɐ-∅ / t-d

-------------------

/ʃvˈɪmən/ - /svˈɪmə/
ʃ-s / v-v / ˈɪ-ˈɪ / m-m / ə-ə / n-∅

-------------------

/ʃˈaɐf/ - /skˈɛːrp/
ʃ-s / ∅-k / ˈa-ˈɛː / ɐ-r / f-p
ʃ-s_k / ˈa-ˈɛː / ɐ-r / f-p

-------------------

/ʃˈaɪ̯sə/ - /skˈit/
ʃ-s / ∅-k / ˈaɪ̯-ˈi / s-t / ə-∅
ʃ-s_k / ˈaɪ̯-ˈi / s-t / ə-∅

-------------------

/ʃˈaɪ̯sə/ - /skˈitə/
ʃ-s / ∅-k / ˈaɪ̯-ˈi / s-t / ə-ə
ʃ-s_k / ˈaɪ̯-ˈi / s-t / ə-ə

-------------------

/ʃˈaːf/ - /skˈɛɪ̯p/
ʃ-s / ∅-k / ˈaː-ˈɛɪ̯ / f-p
ʃ-s_k / ˈaː-ˈɛɪ̯ / f-p

-------------------

/ʃˈøːn/ - /skˈeːn/
ʃ-s / ∅-k / ˈøː-ˈeː / n-n
ʃ-s_k / ˈøː-ˈeː / n-n

-------------------

/ʃˈɪf/ - /skˈɪp/
ʃ-s / ∅-k / ˈɪ-ˈɪ / f-p
ʃ-s_k / ˈɪ-ˈɪ / f-p

-------------------

/ʦvˈanʦɪç/ - /tvˈɪntɪx/
ʦ-t / v-v / ˈa-ˈɪ / n-n / ʦ-t / ɪ-ɪ / ç-x

-------------------

/ʦvˈaɪ̯/ - /tvˈoː/
ʦ-t / v-v / ˈaɪ̯-ˈoː

-------------------

/ʦvˈaɪ̯/ - /tvˈɛɪ̯n/
ʦ-t / v-v / ˈaɪ̯-ˈɛɪ̯ / ∅-n

-------------------

/ʦvˈœlf/ - /tvˈeːlɪx/
ʦ-t / v-v / ˈœ-ˈeː / l-l / ∅-ɪ / f-x

-------------------

/ʦvˈɛɐk/ - /dvˈɛrx/
ʦ-d / v-v / ˈɛ-ˈɛ / ɐ-r / k-x

-------------------

/ʦˈaɪ̯t/ - /tˈiːd/
ʦ-t / ˈaɪ̯-ˈiː / t-d

-------------------

/ʦˈeːn/ - /tjˈoːn/
ʦ-t / ˈeː-j / ∅-ˈoː / n-n

-------------------

/ʦˈʊŋə/ - /tˈʊŋə/
ʦ-t / ˈʊ-ˈʊ / ŋ-ŋ / ə-ə

-------------------

/ˈafə/ - /ˈɔːpə/
ˈa-ˈɔː / f-p / ə-ə

-------------------

/ˈal/ - /ˈaːl/
ˈa-ˈaː / l-l

-------------------

/ˈalt/ - /ˈoːld/
ˈa-ˈoː / l-l / t-d

-------------------

/ˈap͡fəl/ - /ˈapəl/
ˈa-ˈa / p͡f-p / ə-ə / l-l

-------------------

/ˈaxt/ - /ˈɔːxtə/
ˈa-ˈɔː / x-x / t-t / ∅-ə

-------------------

/ˈaɐm/ - /ˈiːrm/
ˈa-ˈiː / ɐ-r / m-m

-------------------

/ˈaɪ̯/ - /ˈɔːɪ̯/
ˈaɪ̯-ˈɔːɪ̯

-------------------

/ˈaɪ̯n/ - /ˈaːn/
ˈaɪ̯-ˈaː / n-n

-------------------

/ˈaɪ̯s/ - /ˈis/
ˈaɪ̯-ˈi / s-s

-------------------

/ˈaɪ̯çə/ - /ˈeːkə/
ˈaɪ̯-ˈeː / ç-k / ə-ə

-------------------

/ˈaʃə/ - /ˈɛːskə/
ˈa-ˈɛː / ʃ-s / ∅-k / ə-ə
ˈa-ˈɛː / ʃ-s_k / ə-ə

-------------------

/ˈaʊ̯s/ - /ˈuːt/
ˈaʊ̯-ˈuː / s-t

-------------------

/ˈaʊ̯ɡə/ - /ˈoːɣə/
ˈaʊ̯-ˈoː / ɡ-ɣ / ə-ə

-------------------

/ˈaːl/ - /ˈɛɪ̯l/
ˈaː-ˈɛɪ̯ / l-l

-------------------

/ˈoːfn̩/ - /ˈoːu̯ɣənt/
ˈoː-ˈoːu̯ / f-ɣ / ∅-ə / n-n / ∅-t

-------------------

/ˈoːɐ/ - /ˈoːr/
ˈoː-ˈoː / ɐ-r

-------------------

/ˈyːbɐ/ - /ˈuːr/
ˈyː-ˈuː / b-∅ / ɐ-r

-------------------

/ˈɔʏ̯lə/ - /ˈuːlə/
ˈɔʏ̯-ˈuː / l-l / ə-ə

-------------------

/ˈɛlf/ - /ˈalvən/
ˈɛ-ˈa / l-l / f-v / ∅-ə / ∅-n

-------------------

/ˈɛsən/ - /ˈitə/
ˈɛ-ˈi / s-t / ə-ə / n-∅

-------------------

/ˈɛɐdə/ - /ˈɛɪ̯də/
ˈɛ-ˈɛɪ̯ / ɐ-∅ / d-d / ə-ə

-------------------

/ˈɪmə/ - /ˈiːmə/
ˈɪ-ˈiː / m-m / ə-ə

-------------------

/ˈɪn/ - /ˈɪn/
ˈɪ-ˈɪ / n-n

-------------------

/ˈɪç/ - /ˈik/
ˈɪ-ˈi / ç-k

-------------------

/ˈʊns/ - /ˈuːs/
ˈʊ-ˈuː / n-∅ / s-s

-------------------

