/bɫˈudən/ - /blˈuə̯tən/
b-b / ɫ-l / ˈu-ˈuə̯ / d_ə-t_ə / n-n
{0: [0], 1: [1], 2: [2], 3: [3, 4], 4: [5]}
{0: [0], 1: [1], 2: [2], 3: [3, 4], 4: [5]}
SCORE: 34.265

-------------------

/bɫˈud̥/ - /blˈuə̯t/
b-b / ɫ-l / ˈu-ˈuə̯ / d̥-t
{0: [0], 1: [1], 2: [2], 3: [3]}
{0: [0], 1: [1], 2: [2], 3: [3]}
SCORE: 25.635

-------------------

/bɫˈum/ - /blˈuə̯mə/
b-b / ɫ-l / ˈu-ˈuə̯ / m-m / ∅-ə
{0: [0], 1: [1], 2: [2], 3: [3], 4: None}
{0: [0], 1: [1], 2: [2], 3: [3], 4: [4]}
SCORE: 22.907

-------------------

/bɫˈɑd̥/ - /blˈɑt/
b-b / ɫ-l / ˈɑ-ˈɑ / d̥-t
{0: [0], 1: [1], 2: [2], 3: [3]}
{0: [0], 1: [1], 2: [2], 3: [3]}
SCORE: 24.455

-------------------

/bɾˈoːd̥/ - /brˈoːt/
b-b / ɾ-r / ˈoː-ˈoː / d̥-t
{0: [0], 1: [1], 2: [2], 3: [3]}
{0: [0], 1: [1], 2: [2], 3: [3]}
SCORE: 24.626

-------------------

/bɾˈudəɾ/ - /brˈuə̯dər/
b-b / ɾ-r / ˈu-ˈuə̯ / d-d / ə-ə / ɾ-r
{0: [0], 1: [1], 2: [2], 3: [3], 4: [4], 5: [5]}
{0: [0], 1: [1], 2: [2], 3: [3], 4: [4], 5: [5]}
SCORE: 34.411

-------------------

/bɾˈɑu̯ən/ - /brˈuːwən/
b-b / ɾ-r / ∅-ˈuː / ∅-w / ˈɑu̯-∅ / ə-ə / n-n
{0: [0], 1: [1], 2: None, 3: None, 4: [2], 5: [3], 6: [4]}
{0: [0], 1: [1], 2: [2], 3: [3], 4: None, 5: [4], 6: [5]}
SCORE: 7.736

-------------------

/bɾˈʏχ/ - /brˈykːə/
b-b / ɾ-r / ˈʏ-ˈy / χ-kː / ∅-ə
{0: [0], 1: [1], 2: [2], 3: [3], 4: None}
{0: [0], 1: [1], 2: [2], 3: [3], 4: [4]}
SCORE: 21.358

-------------------

/bˈeːn/ - /bˈei̯n/
b-b / ˈeː_n-ˈei̯_n
{0: [0], 1: [1, 2]}
{0: [0], 1: [1, 2]}
SCORE: 20.843

-------------------

/bˈeːtəɾ/ - /bˈɛs̻ːər/
b-b / ˈeː-ˈɛ / t-s̻ː / ə-ə / ɾ-r
{0: [0], 1: [1], 2: [2], 3: [3], 4: [4]}
{0: [0], 1: [1], 2: [2], 3: [3], 4: [4]}
SCORE: 27.738

-------------------

/bˈeːɾ/ - /bˈɛr/
b-b / ˈeː-ˈɛ / ɾ-r
{0: [0], 1: [1], 2: [2]}
{0: [0], 1: [1], 2: [2]}
SCORE: 19.64

-------------------

/bˈidən/ - /bˈiə̯tən/
b-b / ˈi-ˈiə̯ / d_ə-t_ə / n-n
{0: [0], 1: [1], 2: [2, 3], 3: [4]}
{0: [0], 1: [1], 2: [2, 3], 3: [4]}
SCORE: 29.243

-------------------

/bˈoːm/ - /bˈou̯m/
b-b / ˈoː-ˈou̯ / m-m
{0: [0], 1: [1], 2: [2]}
{0: [0], 1: [1], 2: [2]}
SCORE: 22.262

-------------------

/bˈuk/ - /bˈuːx/
b-b / ∅-ˈuː / ˈu-∅ / k-x
{0: [0], 1: None, 2: [1], 3: [2]}
{0: [0], 1: [1], 2: None, 3: [2]}
SCORE: 5.079

-------------------

/bˈɑd̥/ - /bˈɑd̥/
b-b / ˈɑ-ˈɑ / d̥-d̥
{0: [0], 1: [1], 2: [2]}
{0: [0], 1: [1], 2: [2]}
SCORE: 21.692

-------------------

/bˈɔɾst/ - /brˈust/
b-b / ∅-r / ˈɔ-ˈu / ɾ-∅ / s_t-s_t
{0: [0], 1: None, 2: [1], 3: [2], 4: [3, 4]}
{0: [0], 1: [1], 2: [2], 3: None, 4: [3, 4]}
SCORE: 16.552

-------------------

/bˈɛi̯/ - /bˈinə/
b-b / ˈɛi̯-ˈi / ∅-n / ∅-ə
{0: [0], 1: [1], 2: None, 3: None}
{0: [0], 1: [1], 2: [2], 3: [3]}
SCORE: 3.041

-------------------

/bˈɛi̯tən/ - /bˈiːs̻ən/
b-b / ˈɛi̯-ˈiː / t-s̻ / ə-ə / n-n
{0: [0], 1: [1], 2: [2], 3: [3], 4: [4]}
{0: [0], 1: [1], 2: [2], 3: [3], 4: [4]}
SCORE: 29.043

-------------------

/bˈɛs/ - /bˈer/
b-b / ˈɛ-ˈe / ∅-r / s_#>-#>
{0: [0], 1: [1], 2: None, 3: [2]}
{0: [0], 1: [1], 2: [2], 3: None}
SCORE: 9.071

-------------------

/bˈɛɾχ/ - /bˈɛrɡ̊/
b-b / ˈɛ-ˈɛ / ɾ-r / χ-ɡ̊
{0: [0], 1: [1], 2: [2], 3: [3]}
{0: [0], 1: [1], 2: [2], 3: [3]}
SCORE: 23.657

-------------------

/bˈɪdən/ - /bˈitːən/
b-b / ˈɪ-ˈi / d-tː / ə-ə / n-n
{0: [0], 1: [1], 2: [2], 3: [3], 4: [4]}
{0: [0], 1: [1], 2: [2], 3: [3], 4: [4]}
SCORE: 27.635

-------------------

/bˈɪndən/ - /bˈindən/
b-b / ˈɪ-ˈi / n-n / d-d / ə-ə / n-n
{0: [0], 1: [1], 2: [2], 3: [3], 4: [4], 5: [5]}
{0: [0], 1: [1], 2: [2], 3: [3], 4: [4], 5: [5]}
SCORE: 33.179

-------------------

/dɾˈi/ - /drˈiː/
d-d / ɾ-r / ∅-ˈiː / ˈi-∅
{0: [0], 1: [1], 2: None, 3: [2]}
{0: [0], 1: [1], 2: [2], 3: None}
SCORE: 4.595

-------------------

/dɾˈoːm/ - /trˈou̯m/
d-t / ɾ-r / ˈoː-ˈou̯ / m-m
{0: [0], 1: [1], 2: [2], 3: [3]}
{0: [0], 1: [1], 2: [2], 3: [3]}
SCORE: 24.562

-------------------

/dɾˈoːmən/ - /trˈøy̯mən/
d-t / ɾ-r / ˈoː-ˈøy̯ / m-m / ə-ə / n-n
{0: [0], 1: [1], 2: [2], 3: [3], 4: [4], 5: [5]}
{0: [0], 1: [1], 2: [2], 3: [3], 4: [4], 5: [5]}
SCORE: 30.249

-------------------

/dɾˈoːχ/ - /trˈokːən/
d-t / ɾ-r / ˈoː-ˈo / χ-kː / ∅-ə / ∅-n
{0: [0], 1: [1], 2: [2], 3: [3], 4: None, 5: None}
{0: [0], 1: [1], 2: [2], 3: [3], 4: [4], 5: [5]}
SCORE: 11.555

-------------------

/dɾˈɛi̯vən/ - /trˈiːbən/
d-t / ɾ-r / ˈɛi̯-ˈiː / v_ə-b_ə / n-n
{0: [0], 1: [1], 2: [2], 3: [3, 4], 4: [5]}
{0: [0], 1: [1], 2: [2], 3: [3, 4], 4: [5]}
SCORE: 31.725

-------------------

/dɾˈɪŋkən/ - /trˈiŋkən/
d-t / ɾ-r / ˈɪ-ˈi / ŋ-ŋ / k_ə-k_ə / n-n
{0: [0], 1: [1], 2: [2], 3: [3], 4: [4, 5], 5: [6]}
{0: [0], 1: [1], 2: [2], 3: [3], 4: [4, 5], 5: [6]}
SCORE: 40.786

-------------------

/dɾˈʏkən/ - /drˈykːən/
d-d / ɾ-r / ˈʏ-ˈy / k-kː / ə-ə / n-n
{0: [0], 1: [1], 2: [2], 3: [3], 4: [4], 5: [5]}
{0: [0], 1: [1], 2: [2], 3: [3], 4: [4], 5: [5]}
SCORE: 33.564

-------------------

/dʋˈɛɾχ/ - /twˈɛrɡ̊/
d-t / ʋ-w / ˈɛ-ˈɛ / ɾ-r / χ-ɡ̊
{0: [0], 1: [1], 2: [2], 3: [3], 4: [4]}
{0: [0], 1: [1], 2: [2], 3: [3], 4: [4]}
SCORE: 27.138

-------------------

/dˈeːχ/ - /tˈei̯ɡ̊/
d-t / ˈeː-ˈei̯ / χ-ɡ̊
{0: [0], 1: [1], 2: [2]}
{0: [0], 1: [1], 2: [2]}
SCORE: 17.926

-------------------

/dˈip/ - /tˈiə̯f/
d-t / ˈi-ˈiə̯ / p-f
{0: [0], 1: [1], 2: [2]}
{0: [0], 1: [1], 2: [2]}
SCORE: 20.985

-------------------

/dˈiv̥/ - /dˈiə̯b̥/
d-d / ˈi-ˈiə̯ / v̥-b̥
{0: [0], 1: [1], 2: [2]}
{0: [0], 1: [1], 2: [2]}
SCORE: 22.956

-------------------

/dˈiɾ/ - /tˈiə̯r/
d-t / ˈi-ˈiə̯ / ɾ-r
{0: [0], 1: [1], 2: [2]}
{0: [0], 1: [1], 2: [2]}
SCORE: 19.373

-------------------

/dˈoːd̥/ - /tˈoːd̥/
d-t / ˈoː-ˈoː / d̥-d̥
{0: [0], 1: [1], 2: [2]}
{0: [0], 1: [1], 2: [2]}
SCORE: 20.599

-------------------

/dˈoːd̥/ - /tˈoːt/
d-t / ˈoː-ˈoː / d̥-t
{0: [0], 1: [1], 2: [2]}
{0: [0], 1: [1], 2: [2]}
SCORE: 18.535

-------------------

/dˈoːɾn/ - /dˈorn/
d-d / ˈoː-ˈo / ɾ-r / n-n
{0: [0], 1: [1], 2: [2], 3: [3]}
{0: [0], 1: [1], 2: [2], 3: [3]}
SCORE: 22.822

-------------------

/dˈyːɾ/ - /tˈyːrə/
d-t / ˈyː-ˈyː / ɾ-r / ∅-ə
{0: [0], 1: [1], 2: [2], 3: None}
{0: [0], 1: [1], 2: [2], 3: [3]}
SCORE: 13.542

-------------------

/dˈœy̯m/ - /dˈuːmə/
d-d / ˈœy̯-ˈuː / m-m / ∅-ə
{0: [0], 1: [1], 2: [2], 3: None}
{0: [0], 1: [1], 2: [2], 3: [3]}
SCORE: 17.409

-------------------

/dˈœy̯ts/ - /dˈyːtʃ/
d-d / ˈœy̯-ˈyː / t-t / s-ʃ
{0: [0], 1: [1], 2: [2], 3: [3]}
{0: [0], 1: [1], 2: [2], 3: [3]}
SCORE: 24.783

-------------------

/dˈœy̯v̥/ - /tˈuːbə/
d-t / ˈœy̯-ˈuː / v̥-b_ə
{0: [0], 1: [1], 2: [2]}
{0: [0], 1: [1], 2: [2, 3]}
SCORE: 17.298

-------------------

/dˈœy̯zənd̥/ - /tˈuːsənd̥/
d-t / ˈœy̯-ˈuː / z_ə-s_ə / n-n / d̥-d̥
{0: [0], 1: [1], 2: [2, 3], 3: [4], 4: [5]}
{0: [0], 1: [1], 2: [2, 3], 3: [4], 4: [5]}
SCORE: 34.264

-------------------

/dˈɑŋkən/ - /dˈɑŋkən/
d-d / ˈɑ-ˈɑ / ŋ-ŋ / k_ə-k_ə / n-n
{0: [0], 1: [1], 2: [2], 3: [3, 4], 4: [5]}
{0: [0], 1: [1], 2: [2], 3: [3, 4], 4: [5]}
SCORE: 37.22

-------------------

/dˈɑχ/ - /tˈɑɡ̊/
d-t / ˈɑ-ˈɑ / χ-ɡ̊
{0: [0], 1: [1], 2: [2]}
{0: [0], 1: [1], 2: [2]}
SCORE: 17.806

-------------------

/dˈɔndəɾ/ - /dˈonər/
d-d / ˈɔ-ˈo / n_d-n / ə-ə / ɾ-r
{0: [0], 1: [1], 2: [2, 3], 3: [4], 4: [5]}
{0: [0], 1: [1], 2: [2], 3: [3], 4: [4]}
SCORE: 25.092

-------------------

/dˈɔɾst/ - /dˈurst/
d-d / ˈɔ-ˈu / ɾ-r / s_t-s_t
{0: [0], 1: [1], 2: [2], 3: [3, 4]}
{0: [0], 1: [1], 2: [2], 3: [3, 4]}
SCORE: 30.072

-------------------

/dˈɔχtəɾ/ - /tˈoxtər/
d-t / ˈɔ-ˈo / χ_t-x_t / ə-ə / ɾ-r
{0: [0], 1: [1], 2: [2, 3], 3: [4], 4: [5]}
{0: [0], 1: [1], 2: [2, 3], 3: [4], 4: [5]}
SCORE: 31.574

-------------------

/dˈɛɾtin/ - /drˈiːʦɛhən/
d-d / ˈɛ-∅ / ɾ-r / ∅-ˈiː / t-ʦ / i-ɛ_h / ∅-ə / n-n
{0: [0], 1: [1], 2: [2], 3: None, 4: [3], 5: [4], 6: None, 7: [5]}
{0: [0], 1: None, 2: [1], 3: [2], 4: [3], 5: [4, 5], 6: [6], 7: [7]}
SCORE: 10.51

-------------------

/dˈɪk/ - /dˈikːə/
d-d / ˈɪ-ˈi / k-kː / ∅-ə
{0: [0], 1: [1], 2: [2], 3: None}
{0: [0], 1: [1], 2: [2], 3: [3]}
SCORE: 15.246

-------------------

/dˈɪŋ/ - /dˈiŋɡ̊/
d-d / ˈɪ-ˈi / ŋ-ŋ / #>-ɡ̊_#>
{0: [0], 1: [1], 2: [2], 3: None}
{0: [0], 1: [1], 2: [2], 3: [3]}
SCORE: 23.399

-------------------

/dˈʏn/ - /dˈynːə/
d-d / ˈʏ-ˈy / n-nː_ə
{0: [0], 1: [1], 2: [2]}
{0: [0], 1: [1], 2: [2, 3]}
SCORE: 18.979

-------------------

/jˈaːɾ/ - /jˈɑːr/
j-j / ˈaː-ˈɑː / ɾ-r
{0: [0], 1: [1], 2: [2]}
{0: [0], 1: [1], 2: [2]}
SCORE: 25.127

-------------------

/jˈɔŋ/ - /jˈuŋɡ̊/
j-j / ˈɔ-ˈu / ŋ-ŋ / #>-ɡ̊_#>
{0: [0], 1: [1], 2: [2], 3: None}
{0: [0], 1: [1], 2: [2], 3: [3]}
SCORE: 28.24

-------------------

/jˈɛi̯/ - /ˈir/
j-∅ / ˈɛi̯-ˈi_r
{0: [0], 1: [1]}
{0: None, 1: [0, 1]}
SCORE: 3.1

-------------------

/knˈi/ - /kʰnˈiə̯/
k-kʰ / n-n / ˈi-ˈiə̯
{0: [0], 1: [1], 2: [2]}
{0: [0], 1: [1], 2: [2]}
SCORE: 20.718

-------------------

/knˈɔt/ - /kʰnˈotə/
k-kʰ / n-n / ˈɔ-ˈo / t-t / ∅-ə
{0: [0], 1: [1], 2: [2], 3: [3], 4: None}
{0: [0], 1: [1], 2: [2], 3: [3], 4: [4]}
SCORE: 18.581

-------------------

/kˈaːz̥/ - /kʰˈæːsə/
k-kʰ / ˈaː-ˈæː / z̥-s_ə
{0: [0], 1: [1], 2: [2]}
{0: [0], 1: [1], 2: [2, 3]}
SCORE: 20.23

-------------------

/kˈoːmən/ - /kʰwˈɛmɑn/
k-kʰ / ∅-w / ∅-ˈɛ / ˈoː-∅ / m-m / ə-ɑ / n-n
{0: [0], 1: None, 2: None, 3: [1], 4: [2], 5: [3], 6: [4]}
{0: [0], 1: [1], 2: [2], 3: None, 4: [3], 5: [4], 6: [5]}
SCORE: 7.007

-------------------

/kˈoːnɪŋ/ - /kʰˈynəɡ̊/
k-kʰ / ˈoː-ˈy / n-n / ɪ-ə / ŋ-ɡ̊
{0: [0], 1: [1], 2: [2], 3: [3], 4: [4]}
{0: [0], 1: [1], 2: [2], 3: [3], 4: [4]}
SCORE: 24.873

-------------------

/kˈoːɾən/ - /kʰˈorn/
k-kʰ / ˈoː-ˈo / ɾ-r / ə_n-n
{0: [0], 1: [1], 2: [2], 3: [3, 4]}
{0: [0], 1: [1], 2: [2], 3: [3]}
SCORE: 19.115

-------------------

/kˈu/ - /kʰˈuə̯/
k-kʰ / ˈu-ˈuə̯
{0: [0], 1: [1]}
{0: [0], 1: [1]}
SCORE: 17.038

-------------------

/kˈɑt/ - /kʰˈɑʦːə/
k-kʰ / ˈɑ-ˈɑ / t-ʦː / ∅-ə
{0: [0], 1: [1], 2: [2], 3: None}
{0: [0], 1: [1], 2: [2], 3: [3]}
SCORE: 15.581

-------------------

/kˈɑu̯d̥/ - /kʰˈɑlt/
k-kʰ / ˈɑu̯-ˈɑ_l / d̥-t
{0: [0], 1: [1], 2: [2]}
{0: [0], 1: [1, 2], 2: [3]}
SCORE: 17.773

-------------------

/kˈɑɫv̥/ - /kʰˈɑlb̥/
k-kʰ / ˈɑ-ˈɑ / ɫ-l / v̥-b̥
{0: [0], 1: [1], 2: [2], 3: [3]}
{0: [0], 1: [1], 2: [2], 3: [3]}
SCORE: 27.245

-------------------

/kˈɔp/ - /kʰˈop͡f/
k-kʰ / ˈɔ-ˈo / p-p͡f
{0: [0], 1: [1], 2: [2]}
{0: [0], 1: [1], 2: [2]}
SCORE: 22.477

-------------------

/kˈɛnən/ - /kʰˈɛnːən/
k-kʰ / ˈɛ-ˈɛ / n-nː / ə-ə / n-n
{0: [0], 1: [1], 2: [2], 3: [3], 4: [4]}
{0: [0], 1: [1], 2: [2], 3: [3], 4: [4]}
SCORE: 26.799

-------------------

/kˈɛɾk/ - /kˈirxːə/
k-k / ˈɛ-ˈi / ɾ-r / k-xː / ∅-ə
{0: [0], 1: [1], 2: [2], 3: [3], 4: None}
{0: [0], 1: [1], 2: [2], 3: [3], 4: [4]}
SCORE: 17.208

-------------------

/kˈɪnd̥/ - /kʰˈind̥/
k-kʰ / ˈɪ-ˈi / n-n / d̥-d̥
{0: [0], 1: [1], 2: [2], 3: [3]}
{0: [0], 1: [1], 2: [2], 3: [3]}
SCORE: 25.927

-------------------

/kˈʏnən/ - /kˈynːən/
k-k / ˈʏ-ˈy / n-nː / ə-ə / n-n
{0: [0], 1: [1], 2: [2], 3: [3], 4: [4]}
{0: [0], 1: [1], 2: [2], 3: [3], 4: [4]}
SCORE: 29.346

-------------------

/mˈaːn/ - /mˈɑːnə/
m-m / ˈaː-ˈɑː / n-n_ə
{0: [0], 1: [1], 2: [2]}
{0: [0], 1: [1], 2: [2, 3]}
SCORE: 18.166

-------------------

/mˈaːnd̥/ - /mˈɑːnoːd̥/
m-m / ˈaː-ˈɑː / n-n / ∅-oː / d̥-d̥
{0: [0], 1: [1], 2: [2], 3: None, 4: [3]}
{0: [0], 1: [1], 2: [2], 3: [3], 4: [4]}
SCORE: 21.451

-------------------

/mˈeːɾ/ - /mˈerə/
m-m / ∅-ˈe / ˈeː-∅ / ɾ-r / ∅-ə
{0: [0], 1: None, 2: [1], 3: [2], 4: None}
{0: [0], 1: [1], 2: None, 3: [2], 4: [3]}
SCORE: 0.245

-------------------

/mˈudəɾ/ - /mˈuə̯tər/
m-m / ˈu-ˈuə̯ / d_ə-t_ə / ɾ-r
{0: [0], 1: [1], 2: [2, 3], 3: [4]}
{0: [0], 1: [1], 2: [2, 3], 3: [4]}
SCORE: 29.733

-------------------

/mˈœy̯zən/ - /mˈyːsə/
m-m / ˈœy̯-ˈyː / z_ə-s_ə / n-∅
{0: [0], 1: [1], 2: [2, 3], 3: [4]}
{0: [0], 1: [1], 2: [2, 3], 3: None}
SCORE: 21.079

-------------------

/mˈœy̯z̥/ - /mˈuːs/
m-m / ˈœy̯-ˈuː / z̥-s
{0: [0], 1: [1], 2: [2]}
{0: [0], 1: [1], 2: [2]}
SCORE: 22.561

-------------------

/mˈœy̯ɫ/ - /mˈuːl/
m-m / ˈœy̯-ˈuː / ɫ-l
{0: [0], 1: [1], 2: [2]}
{0: [0], 1: [1], 2: [2]}
SCORE: 22.075

-------------------

/mˈɑn/ - /mˈɑn/
m-m / ˈɑ-ˈɑ / n-n
{0: [0], 1: [1], 2: [2]}
{0: [0], 1: [1], 2: [2]}
SCORE: 19.937

-------------------

/mˈɑnən/ - /mˈɑnːə/
m-m / ˈɑ-ˈɑ / n-nː / ə-ə / n-∅
{0: [0], 1: [1], 2: [2], 3: [3], 4: [4]}
{0: [0], 1: [1], 2: [2], 3: [3], 4: None}
SCORE: 18.367

-------------------

/mˈɑχt/ - /mˈɑxt/
m-m / ˈɑ-ˈɑ / χ_t-x_t
{0: [0], 1: [1], 2: [2, 3]}
{0: [0], 1: [1], 2: [2, 3]}
SCORE: 25.372

-------------------

/mˈɔnd̥/ - /mˈund̥/
m-m / ˈɔ-ˈu / n-n / d̥-d̥
{0: [0], 1: [1], 2: [2], 3: [3]}
{0: [0], 1: [1], 2: [2], 3: [3]}
SCORE: 26.361

-------------------

/mˈɛi̯/ - /mˈir/
m-m / ˈɛi̯-ˈi_r
{0: [0], 1: [1]}
{0: [0], 1: [1, 2]}
SCORE: 13.912

-------------------

/mˈɛns/ - /mˈenʃːə/
m-m / ˈɛ-ˈe / n-n / s_#>-ʃː_ə_#>
{0: [0], 1: [1], 2: [2], 3: [3]}
{0: [0], 1: [1], 2: [2], 3: [3, 4]}
SCORE: 22.918

-------------------

/mˈɛɫk/ - /mˈilx/
m-m / ˈɛ-ˈi / ɫ-l / k-x
{0: [0], 1: [1], 2: [2], 3: [3]}
{0: [0], 1: [1], 2: [2], 3: [3]}
SCORE: 21.908

-------------------

/mˈʏχ/ - /mˈykːə/
m-m / ˈʏ-ˈy / χ-kː / ∅-ə
{0: [0], 1: [1], 2: [2], 3: None}
{0: [0], 1: [1], 2: [2], 3: [3]}
SCORE: 17.137

-------------------

/nˈaːkt/ - /nˈɑkːət/
<#_n-<#_n / ˈaː-ˈɑ / k-kː / ∅-ə / t-t
{0: [0], 1: [1], 2: [2], 3: None, 4: [3]}
{0: [0], 1: [1], 2: [2], 3: [3], 4: [4]}
SCORE: 18.237

-------------------

/nˈaːm/ - /nˈɑmə/
<#_n-<#_n / ˈaː-ˈɑ / m-m / ∅-ə
{0: [0], 1: [1], 2: [2], 3: None}
{0: [0], 1: [1], 2: [2], 3: [3]}
SCORE: 16.242

-------------------

/nˈaːɫd̥/ - /nˈɑːdələ/
<#_n-<#_n / ˈaː-ˈɑː / ∅-d / ɫ-ə_l / ∅-ə / d̥_#>-#>
{0: [0], 1: [1], 2: None, 3: [2], 4: None, 5: [3]}
{0: [0], 1: [1], 2: [2], 3: [3, 4], 4: [5], 5: None}
SCORE: 7.784

-------------------

/nˈaːχəɫ/ - /nˈɑɡəl/
<#_n-<#_n / ˈaː-ˈɑ / χ-ɡ / ə_ɫ-ə_l
{0: [0], 1: [1], 2: [2], 3: [3, 4]}
{0: [0], 1: [1], 2: [2], 3: [3, 4]}
SCORE: 29.617

-------------------

/nˈeːχən/ - /nˈyːn/
<#_n-<#_n / ∅-ˈyː / ˈeː-∅ / χ-∅ / ə_n-n
{0: [0], 1: None, 2: [1], 3: [2], 4: [3, 4]}
{0: [0], 1: [1], 2: None, 3: None, 4: [2]}
SCORE: -3.598

-------------------

/nˈiw/ - /nˈyːwə/
<#_n-<#_n / ˈi-ˈyː / w-w_ə
{0: [0], 1: [1], 2: [2]}
{0: [0], 1: [1], 2: [2, 3]}
SCORE: 15.291

-------------------

/nˈoːt/ - /nˈus̻/
<#_n-<#_n / ˈoː-ˈu / t-s̻
{0: [0], 1: [1], 2: [2]}
{0: [0], 1: [1], 2: [2]}
SCORE: 19.403

-------------------

/nˈoːɾd̥/ - /nˈord̥/
<#_n-<#_n / ˈoː-ˈo / ɾ-r / d̥-d̥
{0: [0], 1: [1], 2: [2], 3: [3]}
{0: [0], 1: [1], 2: [2], 3: [3]}
SCORE: 25.832

-------------------

/nˈøːz̥/ - /nˈɑsə/
<#_n-<#_n / ˈøː-ˈɑ / z̥-s_ə
{0: [0], 1: [1], 2: [2]}
{0: [0], 1: [1], 2: [2, 3]}
SCORE: 19.993

-------------------

/nˈɑχt/ - /nˈɑxt/
<#_n-<#_n / ˈɑ-ˈɑ / χ_t-x_t
{0: [0], 1: [1], 2: [2, 3]}
{0: [0], 1: [1], 2: [2, 3]}
SCORE: 26.003

-------------------

/pɫˈuχ/ - /p͡flˈuə̯ɡ̊/
p-p͡f / ɫ-l / ˈu-ˈuə̯ / χ-ɡ̊
{0: [0], 1: [1], 2: [2], 3: [3]}
{0: [0], 1: [1], 2: [2], 3: [3]}
SCORE: 26.204

-------------------

/pˈɑd̥/ - /p͡fˈɑd̥/
p-p͡f / ˈɑ-ˈɑ / d̥-d̥
{0: [0], 1: [1], 2: [2]}
{0: [0], 1: [1], 2: [2]}
SCORE: 22.187

-------------------

/snˈeːw/ - /ʃnˈeː/
s-ʃ / n-n / ˈeː-ˈeː / w-∅
{0: [0], 1: [1], 2: [2], 3: [3]}
{0: [0], 1: [1], 2: [2], 3: None}
SCORE: 14.909

-------------------

/spɾˈaːk/ - /sprˈɑxːə/
s-s / p-p / ɾ-r / ˈaː-ˈɑ / k-xː / ∅-ə
{0: [0], 1: [1], 2: [2], 3: [3], 4: [4], 5: None}
{0: [0], 1: [1], 2: [2], 3: [3], 4: [4], 5: [5]}
SCORE: 21.533

-------------------

/stˈeːn/ - /ʃtˈei̯n/
s-ʃ / t-t / ˈeː_n-ˈei̯_n
{0: [0], 1: [1], 2: [2, 3]}
{0: [0], 1: [1], 2: [2, 3]}
SCORE: 23.766

-------------------

/stˈuɫ/ - /ʃtˈuə̯l/
s-ʃ / t-t / ˈu-ˈuə̯ / ɫ-l
{0: [0], 1: [1], 2: [2], 3: [3]}
{0: [0], 1: [1], 2: [2], 3: [3]}
SCORE: 25.018

-------------------

/stˈɔɾm/ - /ʃtˈurm/
s-ʃ / t-t / ˈɔ-ˈu / ɾ-r / m-m
{0: [0], 1: [1], 2: [2], 3: [3], 4: [4]}
{0: [0], 1: [1], 2: [2], 3: [3], 4: [4]}
SCORE: 29.838

-------------------

/stˈɛɾ/ - /ʃtˈɛrnə/
s-ʃ / t-t / ˈɛ-ˈɛ / ɾ-r_n / ∅-ə
{0: [0], 1: [1], 2: [2], 3: [3], 4: None}
{0: [0], 1: [1], 2: [2], 3: [3, 4], 4: [5]}
SCORE: 13.574

-------------------

/sɫˈaːn/ - /ʃlˈɑhən/
s-ʃ / ɫ-l / ˈaː-ˈɑ / ∅-h / ∅-ə / n-n
{0: [0], 1: [1], 2: [2], 3: None, 4: None, 5: [3]}
{0: [0], 1: [1], 2: [2], 3: [3], 4: [4], 5: [5]}
SCORE: 12.887

-------------------

/sɫˈaːpən/ - /ʃlˈɑːfən/
s-ʃ / ɫ-l / ˈaː-ˈɑː / p-f / ə-ə / n-n
{0: [0], 1: [1], 2: [2], 3: [3], 4: [4], 5: [5]}
{0: [0], 1: [1], 2: [2], 3: [3], 4: [4], 5: [5]}
SCORE: 34.458

-------------------

/sɫˈɑŋ/ - /ʃlˈɑŋɡə/
s-ʃ / ɫ-l / ˈɑ-ˈɑ / ŋ-ŋ_ɡ / ∅-ə
{0: [0], 1: [1], 2: [2], 3: [3], 4: None}
{0: [0], 1: [1], 2: [2], 3: [3, 4], 4: [5]}
SCORE: 18.763

-------------------

/sχˈaːp/ - /ʃˈɑːf/
s_χ-ʃ / ˈaː-ˈɑː / p-f
{0: [0, 1], 1: [2], 2: [3]}
{0: [0], 1: [1], 2: [2]}
SCORE: 20.597

-------------------

/sχˈitən/ - /ʃˈiə̯s̻ən/
s_χ-ʃ / ˈi-ˈiə̯ / t-s̻ / ə-ə / n-n
{0: [0, 1], 1: [2], 2: [3], 3: [4], 4: [5]}
{0: [0], 1: [1], 2: [2], 3: [3], 4: [4]}
SCORE: 26.877

-------------------

/sχˈoːn/ - /ʃˈøːnə/
s_χ-ʃ / ˈoː-ˈøː / n-n_ə
{0: [0, 1], 1: [2], 2: [3]}
{0: [0], 1: [1], 2: [2, 3]}
SCORE: 15.847

-------------------

/sχˈun/ - /ʃˈuə̯x/
s_χ-ʃ / ˈu-ˈuə̯ / n-∅ / #>-x_#>
{0: [0, 1], 1: [2], 2: [3], 3: None}
{0: [0], 1: [1], 2: None, 3: [2]}
SCORE: 10.308

-------------------

/sχˈɛi̯t/ - /ʃˈiːs̻ə/
s_χ-ʃ / ˈɛi̯-ˈiː / t-s̻ / ∅-ə
{0: [0, 1], 1: [2], 2: [3], 3: None}
{0: [0], 1: [1], 2: [2], 3: [3]}
SCORE: 14.37

-------------------

/sχˈɛɾp/ - /ʃˈɑrp͡f/
s_χ-ʃ / ˈɛ-ˈɑ / ɾ-r / p-p͡f
{0: [0, 1], 1: [2], 2: [3], 3: [4]}
{0: [0], 1: [1], 2: [2], 3: [3]}
SCORE: 21.701

-------------------

/sχˈɪp/ - /ʃˈif/
s_χ-ʃ / ˈɪ-ˈi / p-f
{0: [0, 1], 1: [2], 2: [3]}
{0: [0], 1: [1], 2: [2]}
SCORE: 20.277

-------------------

/sχˈɪɫd̥/ - /ʃˈild̥/
s_χ-ʃ / ˈɪ-ˈi / ɫ-l / d̥-d̥
{0: [0, 1], 1: [2], 2: [3], 3: [4]}
{0: [0], 1: [1], 2: [2], 3: [3]}
SCORE: 24.9

-------------------

/tɾˈaːn/ - /trˈɑːn/
t-t / ɾ-r / ˈaː-ˈɑː / n-n
{0: [0], 1: [1], 2: [2], 3: [3]}
{0: [0], 1: [1], 2: [2], 3: [3]}
SCORE: 22.792

-------------------

/tʋˈaːɫəv̥/ - /ʦwˈelf/
t-ʦ / ʋ-w / ∅-ˈe / ˈaː-∅ / ɫ-l / ə_v̥-f
{0: [0], 1: [1], 2: None, 3: [2], 4: [3], 5: [4, 5]}
{0: [0], 1: [1], 2: [2], 3: None, 4: [3], 5: [4]}
SCORE: 10.823

-------------------

/tʋˈeː/ - /ʦwˈei̯/
t-ʦ / ʋ-w / ˈeː-ˈei̯
{0: [0], 1: [1], 2: [2]}
{0: [0], 1: [1], 2: [2]}
SCORE: 20.45

-------------------

/tʋˈɪntəχ/ - /ʦwˈei̯nʦəɡ̊/
t-ʦ / ʋ-w / ˈɪ-∅ / n-ˈei̯_n / t-ʦ / ə-ə / χ-ɡ̊
{0: [0], 1: [1], 2: [2], 3: [3], 4: [4], 5: [5], 6: [6]}
{0: [0], 1: [1], 2: None, 3: [2, 3], 4: [4], 5: [5], 6: [6]}
SCORE: 24.859

-------------------

/tˈeːkən/ - /ʦˈei̯xːən/
t-ʦ / ˈeː-ˈei̯ / k-xː / ə-ə / n-n
{0: [0], 1: [1], 2: [2], 3: [3], 4: [4]}
{0: [0], 1: [1], 2: [2], 3: [3], 4: [4]}
SCORE: 27.617

-------------------

/tˈeːn/ - /ʦˈeːhə/
t-ʦ / ˈeː-ˈeː / ∅-h / n-ə
{0: [0], 1: [1], 2: None, 3: [2]}
{0: [0], 1: [1], 2: [2], 3: [3]}
SCORE: 8.891

-------------------

/tˈin/ - /ʦˈɛhən/
t-ʦ / ˈi-ˈɛ_h / ∅-ə / n-n
{0: [0], 1: [1], 2: None, 3: [2]}
{0: [0], 1: [1, 2], 2: [3], 3: [4]}
SCORE: 14.304

-------------------

/tˈɑnd̥/ - /ʦˈɑnd̥/
t-ʦ / ˈɑ-ˈɑ / n-n / d̥-d̥
{0: [0], 1: [1], 2: [2], 3: [3]}
{0: [0], 1: [1], 2: [2], 3: [3]}
SCORE: 24.432

-------------------

/tˈɔŋ/ - /ʦˈuŋɡə/
t-ʦ / ˈɔ-ˈu / ŋ-ŋ_ɡ / ∅-ə
{0: [0], 1: [1], 2: [2], 3: None}
{0: [0], 1: [1], 2: [2, 3], 3: [4]}
SCORE: 14.26

-------------------

/tˈɛi̯d̥/ - /ʦˈiːt/
t-ʦ / ˈɛi̯-ˈiː / d̥-t
{0: [0], 1: [1], 2: [2]}
{0: [0], 1: [1], 2: [2]}
SCORE: 19.436

-------------------

/vɫˈeːz̥/ - /vlˈei̯ʃː/
v-v / ɫ-l / ˈeː-ˈei̯ / z̥-∅ / #>-ʃː_#>
{0: [0], 1: [1], 2: [2], 3: [3], 4: None}
{0: [0], 1: [1], 2: [2], 3: None, 4: [3]}
SCORE: 16.135

-------------------

/vɫˈiχ/ - /vlˈiə̯ɡə/
v-v / ɫ-l / ˈi-ˈiə̯ / χ-ɡ / ∅-ə
{0: [0], 1: [1], 2: [2], 3: [3], 4: None}
{0: [0], 1: [1], 2: [2], 3: [3], 4: [4]}
SCORE: 21.071

-------------------

/vɫˈiχən/ - /vlˈiə̯ɡən/
v-v / ɫ-l / ˈi-ˈiə̯ / χ-ɡ / ə-ə / n-n
{0: [0], 1: [1], 2: [2], 3: [3], 4: [4], 5: [5]}
{0: [0], 1: [1], 2: [2], 3: [3], 4: [4], 5: [5]}
SCORE: 33.536

-------------------

/vɾˈind̥/ - /vrˈyːnd̥/
v-v / ɾ-r / ˈi-ˈyː / n-n / d̥-d̥
{0: [0], 1: [1], 2: [2], 3: [3], 4: [4]}
{0: [0], 1: [1], 2: [2], 3: [3], 4: [4]}
SCORE: 26.218

-------------------

/vɾˈizən/ - /vrˈiə̯sən/
v-v / ɾ-r / ˈi-ˈiə̯ / z_ə-s_ə / n-n
{0: [0], 1: [1], 2: [2], 3: [3, 4], 4: [5]}
{0: [0], 1: [1], 2: [2], 3: [3, 4], 4: [5]}
SCORE: 34.434

-------------------

/vɾˈɑu̯/ - /vrˈou̯wə/
v-v / ɾ-r / ∅-ˈou̯ / ∅-w / ∅-ə / ˈɑu̯-∅
{0: [0], 1: [1], 2: None, 3: None, 4: None, 5: [2]}
{0: [0], 1: [1], 2: [2], 3: [3], 4: [4], 5: None}
SCORE: -4.846

-------------------

/vɾˈɛi̯/ - /vrˈiː/
v-v / ɾ-r / ˈɛi̯-ˈiː
{0: [0], 1: [1], 2: [2]}
{0: [0], 1: [1], 2: [2]}
SCORE: 21.111

-------------------

/vˈaːdəɾ/ - /vˈɑtər/
v-v / ˈaː-ˈɑ / d_ə-t_ə / ɾ-r
{0: [0], 1: [1], 2: [2, 3], 3: [4]}
{0: [0], 1: [1], 2: [2, 3], 3: [4]}
SCORE: 27.2

-------------------

/vˈeːɾ/ - /vˈɛdərə/
v-v / ˈeː-ˈɛ / ∅-d / ∅-ə / ɾ-r / ∅-ə
{0: [0], 1: [1], 2: None, 3: None, 4: [2], 5: None}
{0: [0], 1: [1], 2: [2], 3: [3], 4: [4], 5: [5]}
SCORE: 4.524

-------------------

/vˈiɾ/ - /vˈiə̯r/
v-v / ˈi-ˈiə̯ / ɾ-r
{0: [0], 1: [1], 2: [2]}
{0: [0], 1: [1], 2: [2]}
SCORE: 21.152

-------------------

/vˈoːɾ/ - /vˈyr/
v-v / ˈoː-ˈy / ɾ-r
{0: [0], 1: [1], 2: [2]}
{0: [0], 1: [1], 2: [2]}
SCORE: 19.273

-------------------

/vˈoːχəɫ/ - /vˈoɡəl/
v-v / ˈoː-ˈo / χ-ɡ / ə_ɫ-ə_l
{0: [0], 1: [1], 2: [2], 3: [3, 4]}
{0: [0], 1: [1], 2: [2], 3: [3, 4]}
SCORE: 29.498

-------------------

/vˈut/ - /vˈuə̯s̻/
v-v / ˈu-ˈuə̯ / t-s̻
{0: [0], 1: [1], 2: [2]}
{0: [0], 1: [1], 2: [2]}
SCORE: 21.698

-------------------

/vˈutən/ - /vˈyə̯s̻ə/
v-v / ˈu-ˈyə̯ / t-s̻ / ə-ə / n-∅
{0: [0], 1: [1], 2: [2], 3: [3], 4: [4]}
{0: [0], 1: [1], 2: [2], 3: [3], 4: None}
SCORE: 20.289

-------------------

/vˈuɫən/ - /vˈyə̯lən/
v-v / ˈu-ˈyə̯ / ɫ-l / ə-ə / n-n
{0: [0], 1: [1], 2: [2], 3: [3], 4: [4]}
{0: [0], 1: [1], 2: [2], 3: [3], 4: [4]}
SCORE: 29.444

-------------------

/vˈyːɾ/ - /vˈyːr/
v-v / ˈyː-ˈyː / ɾ-r
{0: [0], 1: [1], 2: [2]}
{0: [0], 1: [1], 2: [2]}
SCORE: 20.322

-------------------

/vˈɑst/ - /vˈest/
v-v / ∅-ˈe / ˈɑ-∅ / s_t-s_t
{0: [0], 1: None, 2: [1], 3: [2, 3]}
{0: [0], 1: [1], 2: None, 3: [2, 3]}
SCORE: 10.603

-------------------

/vˈɔs/ - /vˈuxs/
v-v / ˈɔ-ˈu / s-x_s
{0: [0], 1: [1], 2: [2]}
{0: [0], 1: [1], 2: [2, 3]}
SCORE: 19.574

-------------------

/vˈɔɫ/ - /vˈol/
v-v / ˈɔ-ˈo / ɫ-l
{0: [0], 1: [1], 2: [2]}
{0: [0], 1: [1], 2: [2]}
SCORE: 21.084

-------------------

/vˈɔɫk/ - /vˈolk/
v-v / ˈɔ-ˈo / ɫ-l / k-k
{0: [0], 1: [1], 2: [2], 3: [3]}
{0: [0], 1: [1], 2: [2], 3: [3]}
SCORE: 26.753

-------------------

/vˈɔɫχən/ - /vˈolɡən/
v-v / ˈɔ-ˈo / ɫ-l / χ-ɡ / ə-ə / n-n
{0: [0], 1: [1], 2: [2], 3: [3], 4: [4], 5: [5]}
{0: [0], 1: [1], 2: [2], 3: [3], 4: [4], 5: [5]}
SCORE: 32.836

-------------------

/vˈɛi̯v̥/ - /vˈynf/
v-v / ∅-ˈy / ˈɛi̯-n / v̥-f
{0: [0], 1: None, 2: [1], 3: [2]}
{0: [0], 1: [1], 2: [2], 3: [3]}
SCORE: 10.478

-------------------

/vˈɛɾs/ - /vrˈiʃː/
v-v / ˈɛ-∅ / ɾ-r / ∅-ˈi / s-ʃː
{0: [0], 1: [1], 2: [2], 3: None, 4: [3]}
{0: [0], 1: None, 2: [1], 3: [2], 4: [3]}
SCORE: 10.099

-------------------

/vˈɪndən/ - /vˈindən/
v-v / ˈɪ-ˈi / n-n / d-d / ə-ə / n-n
{0: [0], 1: [1], 2: [2], 3: [3], 4: [4], 5: [5]}
{0: [0], 1: [1], 2: [2], 3: [3], 4: [4], 5: [5]}
SCORE: 33.063

-------------------

/vˈɪs/ - /vˈiʃː/
v-v / ˈɪ-ˈi / s-ʃː
{0: [0], 1: [1], 2: [2]}
{0: [0], 1: [1], 2: [2]}
SCORE: 21.506

-------------------

/vˈɪŋəɾ/ - /vˈiŋɡər/
v-v / ˈɪ-ˈi / ŋ-ŋ_ɡ / ə-ə / ɾ-r
{0: [0], 1: [1], 2: [2], 3: [3], 4: [4]}
{0: [0], 1: [1], 2: [2, 3], 3: [4], 4: [5]}
SCORE: 27.834

-------------------

/zʋˈaːɾd̥/ - /ʃwˈɛrt/
z-ʃ / ʋ-w / ˈaː-ˈɛ / ɾ-r / d̥-t
{0: [0], 1: [1], 2: [2], 3: [3], 4: [4]}
{0: [0], 1: [1], 2: [2], 3: [3], 4: [4]}
SCORE: 22.977

-------------------

/zʋˈeːt/ - /ʃwˈei̯s̻/
z-ʃ / ʋ-w / ˈeː-ˈei̯ / t-s̻
{0: [0], 1: [1], 2: [2], 3: [3]}
{0: [0], 1: [1], 2: [2], 3: [3]}
SCORE: 24.047

-------------------

/zʋˈɑɾt/ - /ʃwˈɑrʦ/
z-ʃ / ʋ-w / ˈɑ-ˈɑ / ɾ-r / t-ʦ
{0: [0], 1: [1], 2: [2], 3: [3], 4: [4]}
{0: [0], 1: [1], 2: [2], 3: [3], 4: [4]}
SCORE: 28.278

-------------------

/zʋˈɛi̯n/ - /ʃwˈiːn/
z-ʃ / ʋ-w / ˈɛi̯-ˈiː / n-n
{0: [0], 1: [1], 2: [2], 3: [3]}
{0: [0], 1: [1], 2: [2], 3: [3]}
SCORE: 24.198

-------------------

/zʋˈɛmən/ - /ʃwˈimːən/
z-ʃ / ʋ-w / ˈɛ-ˈi / m-mː / ə-ə / n-n
{0: [0], 1: [1], 2: [2], 3: [3], 4: [4], 5: [5]}
{0: [0], 1: [1], 2: [2], 3: [3], 4: [4], 5: [5]}
SCORE: 29.652

-------------------

/zˈeː/ - /sˈeː/
z-s / ˈeː-ˈeː
{0: [0], 1: [1]}
{0: [0], 1: [1]}
SCORE: 15.757

-------------------

/zˈeːvən/ - /sˈibən/
z-s / ˈeː-ˈi / v_ə-b_ə / n-n
{0: [0], 1: [1], 2: [2, 3], 3: [4]}
{0: [0], 1: [1], 2: [2, 3], 3: [4]}
SCORE: 24.848

-------------------

/zˈik/ - /sˈiə̯x/
z-s / ˈi-ˈiə̯ / k-x
{0: [0], 1: [1], 2: [2]}
{0: [0], 1: [1], 2: [2]}
SCORE: 20.161

-------------------

/zˈin/ - /sˈɛhən/
z-s / ˈi-ˈɛ_h / ∅-ə / n-n
{0: [0], 1: [1], 2: None, 3: [2]}
{0: [0], 1: [1, 2], 2: [3], 3: [4]}
SCORE: 14.523

-------------------

/zˈiɫ/ - /sˈeːlə/
z-s / ∅-ˈeː / ˈi-∅ / ɫ-l / ∅-ə
{0: [0], 1: None, 2: [1], 3: [2], 4: None}
{0: [0], 1: [1], 2: None, 3: [2], 4: [3]}
SCORE: -0.014

-------------------

/zˈoːməɾ/ - /sˈumər/
z-s / ˈoː-ˈu / m-m / ə-ə / ɾ-r
{0: [0], 1: [1], 2: [2], 3: [3], 4: [4]}
{0: [0], 1: [1], 2: [2], 3: [3], 4: [4]}
SCORE: 26.933

-------------------

/zˈoːn/ - /sˈun/
z-s / ˈoː-ˈu / n-n
{0: [0], 1: [1], 2: [2]}
{0: [0], 1: [1], 2: [2]}
SCORE: 17.21

-------------------

/zˈukən/ - /sˈuə̯xːən/
z-s / ˈu-ˈuə̯ / k-xː / ə-ə / n-n
{0: [0], 1: [1], 2: [2], 3: [3], 4: [4]}
{0: [0], 1: [1], 2: [2], 3: [3], 4: [4]}
SCORE: 28.895

-------------------

/zˈukən/ - /sˈyə̯xːən/
z-s / ˈu-ˈyə̯ / k-xː / ə-ə / n-n
{0: [0], 1: [1], 2: [2], 3: [3], 4: [4]}
{0: [0], 1: [1], 2: [2], 3: [3], 4: [4]}
SCORE: 28.895

-------------------

/zˈut/ - /sˈyə̯s̻ə/
z-s / ˈu-ˈyə̯ / t-s̻ / ∅-ə
{0: [0], 1: [1], 2: [2], 3: None}
{0: [0], 1: [1], 2: [2], 3: [3]}
SCORE: 15.899

-------------------

/zˈyːɾ/ - /sˈuːr/
z-s / ∅-ˈuː / ˈyː-∅ / ɾ-r
{0: [0], 1: None, 2: [1], 3: [2]}
{0: [0], 1: [1], 2: None, 3: [2]}
SCORE: 4.355

-------------------

/zˈœy̯χən/ - /sˈuːɡən/
z-s / ˈœy̯-ˈuː / χ-ɡ / ə-ə / n-n
{0: [0], 1: [1], 2: [2], 3: [3], 4: [4]}
{0: [0], 1: [1], 2: [2], 3: [3], 4: [4]}
SCORE: 28.109

-------------------

/zˈɑnd̥/ - /sˈɑnd̥/
z-s / ˈɑ-ˈɑ / n-n / d̥-d̥
{0: [0], 1: [1], 2: [2], 3: [3]}
{0: [0], 1: [1], 2: [2], 3: [3]}
SCORE: 24.651

-------------------

/zˈɑu̯t/ - /sˈɑlʦ/
z-s / ˈɑu̯-ˈɑ_l / t-ʦ
{0: [0], 1: [1], 2: [2]}
{0: [0], 1: [1, 2], 2: [3]}
SCORE: 18.249

-------------------

/zˈɛi̯də/ - /sˈiːtə/
z-s / ˈɛi̯-ˈiː / d_ə-t_ə
{0: [0], 1: [1], 2: [2, 3]}
{0: [0], 1: [1], 2: [2, 3]}
SCORE: 24.411

-------------------

/zˈɛs/ - /sˈɛxs/
z-s / ˈɛ-ˈɛ / s-x_s
{0: [0], 1: [1], 2: [2]}
{0: [0], 1: [1], 2: [2, 3]}
SCORE: 17.714

-------------------

/zˈɛɫv̥/ - /sˈɛlb̥/
z-s / ˈɛ-ˈɛ / ɫ-l / v̥-b̥
{0: [0], 1: [1], 2: [2], 3: [3]}
{0: [0], 1: [1], 2: [2], 3: [3]}
SCORE: 26.319

-------------------

/zˈɛχən/ - /sˈɑɡən/
z-s / ˈɛ-ˈɑ / χ-ɡ / ə-ə / n-n
{0: [0], 1: [1], 2: [2], 3: [3], 4: [4]}
{0: [0], 1: [1], 2: [2], 3: [3], 4: [4]}
SCORE: 24.217

-------------------

/zˈɪtən/ - /sˈiʦːən/
z-s / ˈɪ-ˈi / t-ʦː / ə-ə / n-n
{0: [0], 1: [1], 2: [2], 3: [3], 4: [4]}
{0: [0], 1: [1], 2: [2], 3: [3], 4: [4]}
SCORE: 27.95

-------------------

/zˈɪŋən/ - /sˈiŋɡən/
z-s / ˈɪ-ˈi / ŋ-ŋ_ɡ / ə-ə / n-n
{0: [0], 1: [1], 2: [2], 3: [3], 4: [4]}
{0: [0], 1: [1], 2: [2, 3], 3: [4], 4: [5]}
SCORE: 26.714

-------------------

/zˈʏstəɾ/ - /ʃwˈɛstər/
z-ʃ / ∅-w / ∅-ˈɛ / ˈʏ-∅ / s_t-s_t / ə-ə / ɾ-r
{0: [0], 1: None, 2: None, 3: [1], 4: [2, 3], 5: [4], 6: [5]}
{0: [0], 1: [1], 2: [2], 3: None, 4: [3, 4], 5: [5], 6: [6]}
SCORE: 11.421

-------------------

/ɦˈaːtən/ - /hˈɑs̻ːən/
ɦ-h / ˈaː-ˈɑ / t-s̻ː / ə-ə / n-n
{0: [0], 1: [1], 2: [2], 3: [3], 4: [4]}
{0: [0], 1: [1], 2: [2], 3: [3], 4: [4]}
SCORE: 26.766

-------------------

/ɦˈaːz̥/ - /hˈɑsə/
ɦ-h / ˈaː-ˈɑ / z̥-s_ə
{0: [0], 1: [1], 2: [2]}
{0: [0], 1: [1], 2: [2, 3]}
SCORE: 18.256

-------------------

/ɦˈaːɾ/ - /hˈɑːr/
ɦ-h / ˈaː-ˈɑː / ɾ-r
{0: [0], 1: [1], 2: [2]}
{0: [0], 1: [1], 2: [2]}
SCORE: 21.162

-------------------

/ɦˈeːm/ - /hˈei̯m/
ɦ-h / ˈeː-ˈei̯ / m-m
{0: [0], 1: [1], 2: [2]}
{0: [0], 1: [1], 2: [2]}
SCORE: 21.989

-------------------

/ɦˈeːt/ - /hˈei̯s̻/
ɦ-h / ˈeː-ˈei̯ / t-s̻
{0: [0], 1: [1], 2: [2]}
{0: [0], 1: [1], 2: [2]}
SCORE: 20.723

-------------------

/ɦˈiɾ/ - /hˈiə̯r/
ɦ-h / ˈi-ˈiə̯ / ɾ-r
{0: [0], 1: [1], 2: [2]}
{0: [0], 1: [1], 2: [2]}
SCORE: 21.237

-------------------

/ɦˈoːnɪŋ/ - /hˈonəɡ̊/
ɦ-h / ˈoː-ˈo / n-n / ɪ-ə / ŋ-ɡ̊
{0: [0], 1: [1], 2: [2], 3: [3], 4: [4]}
{0: [0], 1: [1], 2: [2], 3: [3], 4: [4]}
SCORE: 25.304

-------------------

/ɦˈoːv̥d̥/ - /hˈou̯bət/
ɦ-h / ˈoː-ˈou̯ / v̥-b_ə / d̥-t
{0: [0], 1: [1], 2: [2], 3: [3]}
{0: [0], 1: [1], 2: [2, 3], 3: [4]}
SCORE: 21.878

-------------------

/ɦˈoːɾn/ - /hˈorn/
ɦ-h / ˈoː-ˈo / ɾ-r / n-n
{0: [0], 1: [1], 2: [2], 3: [3]}
{0: [0], 1: [1], 2: [2], 3: [3]}
SCORE: 23.466

-------------------

/ɦˈoːɾən/ - /hˈøːrən/
ɦ-h / ˈoː-ˈøː / ɾ-r / ə-ə / n-n
{0: [0], 1: [1], 2: [2], 3: [3], 4: [4]}
{0: [0], 1: [1], 2: [2], 3: [3], 4: [4]}
SCORE: 28.49

-------------------

/ɦˈoːχ/ - /hˈoːx/
ɦ-h / ˈoː-ˈoː / χ-x
{0: [0], 1: [1], 2: [2]}
{0: [0], 1: [1], 2: [2]}
SCORE: 20.494

-------------------

/ɦˈœy̯d̥/ - /hˈuːt/
ɦ-h / ˈœy̯-ˈuː / d̥-t
{0: [0], 1: [1], 2: [2]}
{0: [0], 1: [1], 2: [2]}
SCORE: 20.782

-------------------

/ɦˈœy̯z̥/ - /hˈuːs/
ɦ-h / ˈœy̯-ˈuː / z̥-s
{0: [0], 1: [1], 2: [2]}
{0: [0], 1: [1], 2: [2]}
SCORE: 22.555

-------------------

/ɦˈɑnd̥/ - /hˈɑnd̥/
ɦ-h / ˈɑ-ˈɑ / n-n / d̥-d̥
{0: [0], 1: [1], 2: [2], 3: [3]}
{0: [0], 1: [1], 2: [2], 3: [3]}
SCORE: 25.535

-------------------

/ɦˈɑɫv̥/ - /hˈɑlb̥/
ɦ-h / ˈɑ-ˈɑ / ɫ-l / v̥-b̥
{0: [0], 1: [1], 2: [2], 3: [3]}
{0: [0], 1: [1], 2: [2], 3: [3]}
SCORE: 27.443

-------------------

/ɦˈɑɾt/ - /hˈɛrʦə/
ɦ-h / ∅-ˈɛ / ˈɑ_ɾ-r / t-ʦ / ∅-ə
{0: [0], 1: None, 2: [1, 2], 3: [3], 4: None}
{0: [0], 1: [1], 2: [2], 3: [3], 4: [4]}
SCORE: 6.509

-------------------

/ɦˈɔnd̥/ - /hˈund̥/
ɦ-h / ˈɔ-ˈu / n-n / d̥-d̥
{0: [0], 1: [1], 2: [2], 3: [3]}
{0: [0], 1: [1], 2: [2], 3: [3]}
SCORE: 26.356

-------------------

/ɦˈɔŋəɾ/ - /hˈuŋɡər/
ɦ-h / ˈɔ-ˈu / ŋ-ŋ_ɡ / ə-ə / ɾ-r
{0: [0], 1: [1], 2: [2], 3: [3], 4: [4]}
{0: [0], 1: [1], 2: [2, 3], 3: [4], 4: [5]}
SCORE: 28.15

-------------------

/ɦˈɛbən/ - /hˈɑbən/
ɦ-h / ˈɛ-ˈɑ / b-b / ə-ə / n-n
{0: [0], 1: [1], 2: [2], 3: [3], 4: [4]}
{0: [0], 1: [1], 2: [2], 3: [3], 4: [4]}
SCORE: 26.652

-------------------

/ɦˈɛi̯ɫəχ/ - /hˈei̯liɡ̊/
ɦ-h / ˈɛi̯-ˈei̯ / ɫ-l / ə-i / χ-ɡ̊
{0: [0], 1: [1], 2: [2], 3: [3], 4: [4]}
{0: [0], 1: [1], 2: [2], 3: [3], 4: [4]}
SCORE: 28.162

-------------------

/ɦˈɛn/ - /hˈenːə/
ɦ-h / ˈɛ-ˈe / n-nː_ə
{0: [0], 1: [1], 2: [2]}
{0: [0], 1: [1], 2: [2, 3]}
SCORE: 17.76

-------------------

/ɦˈɛɫpən/ - /hˈɛlfən/
ɦ-h / ˈɛ-ˈɛ / ɫ-l / p-f / ə-ə / n-n
{0: [0], 1: [1], 2: [2], 3: [3], 4: [4], 5: [5]}
{0: [0], 1: [1], 2: [2], 3: [3], 4: [4], 5: [5]}
SCORE: 33.916

-------------------

/ɫˈeːvəɾ/ - /lˈɛbərə/
ɫ-l / ˈeː-ˈɛ / v_ə-b_ə / ɾ-r / ∅-ə
{0: [0], 1: [1], 2: [2, 3], 3: [4], 4: None}
{0: [0], 1: [1], 2: [2, 3], 3: [4], 4: [5]}
SCORE: 22.148

-------------------

/ɫˈiv̥/ - /lˈiə̯b̥/
ɫ-l / ˈi-ˈiə̯ / v̥-b̥
{0: [0], 1: [1], 2: [2]}
{0: [0], 1: [1], 2: [2]}
SCORE: 22.622

-------------------

/ɫˈiχən/ - /lˈiə̯ɡən/
ɫ-l / ˈi-ˈiə̯ / χ-ɡ / ə-ə / n-n
{0: [0], 1: [1], 2: [2], 3: [3], 4: [4]}
{0: [0], 1: [1], 2: [2], 3: [3], 4: [4]}
SCORE: 27.814

-------------------

/ɫˈoːpən/ - /lˈou̯fən/
ɫ-l / ˈoː-ˈou̯ / p-f / ə-ə / n-n
{0: [0], 1: [1], 2: [2], 3: [3], 4: [4]}
{0: [0], 1: [1], 2: [2], 3: [3], 4: [4]}
SCORE: 28.712

-------------------

/ɫˈoːv̥/ - /lou̯b̥/
ɫ-l / ˈoː-ou̯ / v̥-b̥
{0: [0], 1: [1], 2: [2]}
{0: [0], 1: [1], 2: [2]}
SCORE: 18.359

-------------------

/ɫˈœy̯z̥/ - /lˈuːs/
ɫ-l / ˈœy̯-ˈuː / z̥-s
{0: [0], 1: [1], 2: [2]}
{0: [0], 1: [1], 2: [2]}
SCORE: 21.576

-------------------

/ɫˈɑm/ - /lˈɑmb̥/
ɫ-l / ˈɑ-ˈɑ / m-m / ∅-b̥
{0: [0], 1: [1], 2: [2], 3: None}
{0: [0], 1: [1], 2: [2], 3: [3]}
SCORE: 15.889

-------------------

/ɫˈɑnd̥/ - /lˈɑnd̥/
ɫ-l / ˈɑ-ˈɑ / n-n / d̥-d̥
{0: [0], 1: [1], 2: [2], 3: [3]}
{0: [0], 1: [1], 2: [2], 3: [3]}
SCORE: 24.556

-------------------

/ɫˈɑŋ/ - /lˈɑŋɡ̊/
ɫ-l / ˈɑ-ˈɑ / ŋ-ŋ / #>-ɡ̊_#>
{0: [0], 1: [1], 2: [2], 3: None}
{0: [0], 1: [1], 2: [2], 3: [3]}
SCORE: 22.474

-------------------

/ɫˈɑχən/ - /lˈɑxːən/
ɫ-l / ˈɑ-ˈɑ / ∅-xː / χ-∅ / ə-ə / n-n
{0: [0], 1: [1], 2: None, 3: [2], 4: [3], 5: [4]}
{0: [0], 1: [1], 2: [2], 3: None, 4: [3], 5: [4]}
SCORE: 12.542

-------------------

/ɫˈɪχt/ - /lˈiə̯xt/
ɫ-l / ∅-ˈiə̯ / ˈɪ-∅ / χ_t-x_t
{0: [0], 1: None, 2: [1], 3: [2, 3]}
{0: [0], 1: [1], 2: None, 3: [2, 3]}
SCORE: 9.374

-------------------

/ɫˈɪχt/ - /lˈiːxt/
ɫ-l / ˈɪ-ˈiː / χ_t-x_t
{0: [0], 1: [1], 2: [2, 3]}
{0: [0], 1: [1], 2: [2, 3]}
SCORE: 20.485

-------------------

/ɫˈɪχən/ - /lˈiɡən/
ɫ-l / ˈɪ-ˈi / χ-ɡ / ə-ə / n-n
{0: [0], 1: [1], 2: [2], 3: [3], 4: [4]}
{0: [0], 1: [1], 2: [2], 3: [3], 4: [4]}
SCORE: 27.419

-------------------

/ɾˈeːχən/ - /rˈɛɡən/
<#_ɾ-<#_r / ˈeː-ˈɛ / χ-ɡ / ə-ə / n-n
{0: [0], 1: [1], 2: [2], 3: [3], 4: [4]}
{0: [0], 1: [1], 2: [2], 3: [3], 4: [4]}
SCORE: 27.822

-------------------

/ɾˈoːd̥/ - /rˈoːt/
<#_ɾ-<#_r / ˈoː-ˈoː / d̥-t
{0: [0], 1: [1], 2: [2]}
{0: [0], 1: [1], 2: [2]}
SCORE: 21.056

-------------------

/ɾˈoːk/ - /rˈou̯x/
<#_ɾ-<#_r / ˈoː-ˈou̯ / k-x
{0: [0], 1: [1], 2: [2]}
{0: [0], 1: [1], 2: [2]}
SCORE: 21.08

-------------------

/ɾˈɔs/ - /rˈos/
<#_ɾ-<#_r / ˈɔ-ˈo / s-s
{0: [0], 1: [1], 2: [2]}
{0: [0], 1: [1], 2: [2]}
SCORE: 20.74

-------------------

/ɾˈɛi̯k/ - /rˈiːxːə/
<#_ɾ-<#_r / ˈɛi̯-ˈiː / k-xː / ∅-ə
{0: [0], 1: [1], 2: [2], 3: None}
{0: [0], 1: [1], 2: [2], 3: [3]}
SCORE: 17.736

-------------------

/ɾˈɛχt/ - /rˈɛxt/
<#_ɾ-<#_r / ˈɛ-ˈɛ / χ_t-x_t
{0: [0], 1: [1], 2: [2, 3]}
{0: [0], 1: [1], 2: [2, 3]}
SCORE: 25.784

-------------------

/ɾˈɪŋ/ - /rˈiŋɡ̊/
<#_ɾ-<#_r / ˈɪ-ˈi / ŋ-ŋ / #>-ɡ̊_#>
{0: [0], 1: [1], 2: [2], 3: None}
{0: [0], 1: [1], 2: [2], 3: [3]}
SCORE: 24.701

-------------------

/ɾˈʏχ/ - /rˈykːə/
<#_ɾ-<#_r / ˈʏ-ˈy / χ-kː / ∅-ə
{0: [0], 1: [1], 2: [2], 3: None}
{0: [0], 1: [1], 2: [2], 3: [3]}
SCORE: 17.788

-------------------

/ʋˈaːpən/ - /wˈɑːfən/
ʋ-w / ˈaː-ˈɑː / p-f / ə-ə / n-n
{0: [0], 1: [1], 2: [2], 3: [3], 4: [4]}
{0: [0], 1: [1], 2: [2], 3: [3], 4: [4]}
SCORE: 29.809

-------------------

/ʋˈaːtəɾ/ - /wˈɑs̻ːər/
ʋ-w / ˈaː-ˈɑ / t-s̻ː / ə-ə / ɾ-r
{0: [0], 1: [1], 2: [2], 3: [3], 4: [4]}
{0: [0], 1: [1], 2: [2], 3: [3], 4: [4]}
SCORE: 26.657

-------------------

/ʋˈeːk/ - /wˈei̯x/
ʋ-w / ˈeː-ˈei̯ / k-x
{0: [0], 1: [1], 2: [2]}
{0: [0], 1: [1], 2: [2]}
SCORE: 19.751

-------------------

/ʋˈeːk/ - /wˈoxːə/
ʋ-w / ∅-ˈo / ˈeː-∅ / k-xː / ∅-ə
{0: [0], 1: None, 2: [1], 3: [2], 4: None}
{0: [0], 1: [1], 2: None, 3: [2], 4: [3]}
SCORE: 0.692

-------------------

/ʋˈeːtən/ - /wˈis̻ːən/
ʋ-w / ˈeː-ˈi / t-s̻ː / ə-ə / n-n
{0: [0], 1: [1], 2: [2], 3: [3], 4: [4]}
{0: [0], 1: [1], 2: [2], 3: [3], 4: [4]}
SCORE: 24.882

-------------------

/ʋˈeːɾ/ - /wˈɛtər/
ʋ-w / ˈeː-ˈɛ / ∅-t / ∅-ə / ɾ-r
{0: [0], 1: [1], 2: None, 3: None, 4: [2]}
{0: [0], 1: [1], 2: [2], 3: [3], 4: [4]}
SCORE: 9.179

-------------------

/ʋˈoːɾd̥/ - /wˈort/
ʋ-w / ˈoː-ˈo / ɾ-r / d̥-t
{0: [0], 1: [1], 2: [2], 3: [3]}
{0: [0], 1: [1], 2: [2], 3: [3]}
SCORE: 22.702

-------------------

/ʋˈɑt/ - /wˈɑs̻/
ʋ-w / ˈɑ-ˈɑ / t-s̻
{0: [0], 1: [1], 2: [2]}
{0: [0], 1: [1], 2: [2]}
SCORE: 20.174

-------------------

/ʋˈɑɫ/ - /wˈɑl/
ʋ-w / ˈɑ-ˈɑ / ɫ-l
{0: [0], 1: [1], 2: [2]}
{0: [0], 1: [1], 2: [2]}
SCORE: 20.454

-------------------

/ʋˈɑɾm/ - /wˈɑrm/
ʋ-w / ˈɑ-ˈɑ / ɾ-r / m-m
{0: [0], 1: [1], 2: [2], 3: [3]}
{0: [0], 1: [1], 2: [2], 3: [3]}
SCORE: 25.634

-------------------

/ʋˈɔndəɾ/ - /wˈuntər/
ʋ-w / ˈɔ-ˈu / n-n / d_ə-t_ə / ɾ-r
{0: [0], 1: [1], 2: [2], 3: [3, 4], 4: [5]}
{0: [0], 1: [1], 2: [2], 3: [3, 4], 4: [5]}
SCORE: 32.813

-------------------

/ʋˈɔɫ/ - /wˈolːə/
ʋ-w / ˈɔ-ˈo / ɫ-lː / ∅-ə
{0: [0], 1: [1], 2: [2], 3: None}
{0: [0], 1: [1], 2: [2], 3: [3]}
SCORE: 14.188

-------------------

/ʋˈɔɫv̥/ - /wˈolf/
ʋ-w / ˈɔ-ˈo / ɫ-l / v̥-f
{0: [0], 1: [1], 2: [2], 3: [3]}
{0: [0], 1: [1], 2: [2], 3: [3]}
SCORE: 26.232

-------------------

/ʋˈɔɾm/ - /wˈurm/
ʋ-w / ˈɔ-ˈu / ɾ-r / m-m
{0: [0], 1: [1], 2: [2], 3: [3]}
{0: [0], 1: [1], 2: [2], 3: [3]}
SCORE: 26.455

-------------------

/ʋˈɛi̯/ - /wˈir/
ʋ-w / ˈɛi̯-ˈi_r
{0: [0], 1: [1]}
{0: [0], 1: [1, 2]}
SCORE: 13.477

-------------------

/ʋˈɛi̯n/ - /wˈiːn/
ʋ-w / ˈɛi̯-ˈiː / n-n
{0: [0], 1: [1], 2: [2]}
{0: [0], 1: [1], 2: [2]}
SCORE: 20.445

-------------------

/ʋˈɛi̯v̥/ - /wˈiːb̥/
ʋ-w / ˈɛi̯-ˈiː / v̥-b̥
{0: [0], 1: [1], 2: [2]}
{0: [0], 1: [1], 2: [2]}
SCORE: 23.13

-------------------

/ʋˈɛnsən/ - /wˈynʃən/
ʋ-w / ∅-ˈy / ˈɛ-∅ / n-n / s-ʃ / ə-ə / n-n
{0: [0], 1: None, 2: [1], 3: [2], 4: [3], 5: [4], 6: [5]}
{0: [0], 1: [1], 2: None, 3: [2], 4: [3], 5: [4], 6: [5]}
SCORE: 17.152

-------------------

/ʋˈɛχ/ - /wˈɛɡ̊/
ʋ-w / ˈɛ-ˈɛ / χ-ɡ̊
{0: [0], 1: [1], 2: [2]}
{0: [0], 1: [1], 2: [2]}
SCORE: 19.0

-------------------

/ʋˈɪnd̥/ - /wˈind̥/
ʋ-w / ˈɪ-ˈi / n-n / d̥-d̥
{0: [0], 1: [1], 2: [2], 3: [3]}
{0: [0], 1: [1], 2: [2], 3: [3]}
SCORE: 25.695

-------------------

/ʋˈɪntəɾ/ - /wˈintər/
ʋ-w / ˈɪ-ˈi / n-n / t-t / ə-ə / ɾ-r
{0: [0], 1: [1], 2: [2], 3: [3], 4: [4], 5: [5]}
{0: [0], 1: [1], 2: [2], 3: [3], 4: [4], 5: [5]}
SCORE: 31.439

-------------------

/ʋˈɪt/ - /wˈiːs̻/
ʋ-w / ˈɪ-ˈiː / t-s̻
{0: [0], 1: [1], 2: [2]}
{0: [0], 1: [1], 2: [2]}
SCORE: 16.272

-------------------

/ʋˈɪɫd̥/ - /wˈildə/
ʋ-w / ˈɪ-ˈi / ɫ-l / ∅-d / ∅-ə / d̥_#>-#>
{0: [0], 1: [1], 2: [2], 3: None, 4: None, 5: [3]}
{0: [0], 1: [1], 2: [2], 3: [3], 4: [4], 5: None}
SCORE: 7.703

-------------------

/ˈaːp/ - /ˈɑfːə/
ˈaː-ˈɑ / p-fː / ∅-ə
{0: [0], 1: [1], 2: None}
{0: [0], 1: [1], 2: [2]}
SCORE: 10.289

-------------------

/ˈaːɫ/ - /ˈɑːl/
ˈaː-ˈɑː / ɫ-l
{0: [0], 1: [1]}
{0: [0], 1: [1]}
SCORE: 15.987

-------------------

/ˈaːɾdə/ - /ˈɛrdə/
ˈaː-ˈɛ / ɾ-r / d-d / ə-ə
{0: [0], 1: [1], 2: [2], 3: [3]}
{0: [0], 1: [1], 2: [2], 3: [3]}
SCORE: 19.059

-------------------

/ˈeːn/ - /ˈei̯n/
ˈeː_n-ˈei̯_n
{0: [0, 1]}
{0: [0, 1]}
SCORE: 15.006

-------------------

/ˈeːtən/ - /ˈɛs̻ːən/
ˈeː-ˈɛ / t-s̻ː / ə-ə / n-n
{0: [0], 1: [1], 2: [2], 3: [3]}
{0: [0], 1: [1], 2: [2], 3: [3]}
SCORE: 21.579

-------------------

/ˈoːvən/ - /ˈovən/
ˈoː-ˈo / v-v / ə-ə / n-n
{0: [0], 1: [1], 2: [2], 3: [3]}
{0: [0], 1: [1], 2: [2], 3: [3]}
SCORE: 22.776

-------------------

/ˈoːvəɾ/ - /ˈybər/
ˈoː-ˈy / v_ə-b_ə / ɾ-r
{0: [0], 1: [1, 2], 2: [3]}
{0: [0], 1: [1, 2], 2: [3]}
SCORE: 22.071

-------------------

/ˈoːɾ/ - /ˈoːrə/
ˈoː-ˈoː / ɾ-r / ∅-ə
{0: [0], 1: [1], 2: None}
{0: [0], 1: [1], 2: [2]}
SCORE: 10.248

-------------------

/ˈoːχ/ - /ˈou̯ɡə/
ˈoː-ˈou̯ / χ-ɡ / ∅-ə
{0: [0], 1: [1], 2: None}
{0: [0], 1: [1], 2: [2]}
SCORE: 9.899

-------------------

/ˈœy̯t/ - /ˈuːs̻/
ˈœy̯-ˈuː / t-s̻
{0: [0], 1: [1]}
{0: [0], 1: [1]}
SCORE: 15.982

-------------------

/ˈœy̯ɫ/ - /ˈyːlə/
ˈœy̯-ˈyː / ɫ-l / ∅-ə
{0: [0], 1: [1], 2: None}
{0: [0], 1: [1], 2: [2]}
SCORE: 10.688

-------------------

/ˈɑndəɾ/ - /ˈɑndər/
<#_ˈɑ-<#_ˈɑ / n-n / d-d / ə-ə / ɾ-r
{0: [0], 1: [1], 2: [2], 3: [3], 4: [4]}
{0: [0], 1: [1], 2: [2], 3: [3], 4: [4]}
SCORE: 28.836

-------------------

/ˈɑpəɫ/ - /ˈɑp͡fəl/
<#_ˈɑ-<#_ˈɑ / p-p͡f / ə_ɫ-ə_l
{0: [0], 1: [1], 2: [2, 3]}
{0: [0], 1: [1], 2: [2, 3]}
SCORE: 28.247

-------------------

/ˈɑs/ - /ˈɑʃːə/
<#_ˈɑ-<#_ˈɑ / s_#>-ʃː_ə_#>
{0: [0], 1: [1]}
{0: [0], 1: [1, 2]}
SCORE: 14.611

-------------------

/ˈɑu̯d̥/ - /ˈɑlt/
<#-<#_ˈɑ / ˈɑu̯-l / d̥-t
{0: None, 1: [0], 2: [1]}
{0: [0], 1: [1], 2: [2]}
SCORE: 13.256

-------------------

/ˈɑɫ/ - /ˈɑl/
<#_ˈɑ-<#_ˈɑ / ɫ-l
{0: [0], 1: [1]}
{0: [0], 1: [1]}
SCORE: 16.841

-------------------

/ˈɑɾm/ - /ˈɑrm/
<#_ˈɑ-<#_ˈɑ / ɾ-r / m-m
{0: [0], 1: [1], 2: [2]}
{0: [0], 1: [1], 2: [2]}
SCORE: 22.021

-------------------

/ˈɑχt/ - /ˈɑxtə/
<#_ˈɑ-<#_ˈɑ / χ_t-x_t / ∅-ə
{0: [0], 1: [1, 2], 2: None}
{0: [0], 1: [1, 2], 2: [3]}
SCORE: 16.324

-------------------

/ˈɔndəɾ/ - /ˈuntər/
ˈɔ-ˈu / n-n / d_ə-t_ə / ɾ-r
{0: [0], 1: [1], 2: [2, 3], 3: [4]}
{0: [0], 1: [1], 2: [2, 3], 3: [4]}
SCORE: 27.436

-------------------

/ˈɔnz̥/ - /ˈuns/
ˈɔ-ˈu / n_z̥-n_s
{0: [0], 1: [1, 2]}
{0: [0], 1: [1, 2]}
SCORE: 21.93

-------------------

/ˈɔp/ - /ˈuːf/
<#_ˈɔ-<# / ∅-ˈuː / p-f
{0: [0], 1: None, 2: [1]}
{0: None, 1: [0], 2: [1]}
SCORE: 3.166

-------------------

/ˈɛi̯/ - /ˈei̯/
ˈɛi̯-ˈei̯
{0: [0]}
{0: [0]}
SCORE: 9.503

-------------------

/ˈɛi̯k/ - /ˈei̯x/
ˈɛi̯-ˈei̯ / k-x
{0: [0], 1: [1]}
{0: [0], 1: [1]}
SCORE: 13.507

-------------------

/ˈɛi̯z̥/ - /ˈiːs/
ˈɛi̯-ˈiː / z̥-s
{0: [0], 1: [1]}
{0: [0], 1: [1]}
SCORE: 16.507

-------------------

/ˈɛɫəv̥/ - /ˈei̯lf/
<#-<#_ˈei̯ / ˈɛ_ɫ-l / ə_v̥-f
{0: None, 1: [0, 1], 2: [2, 3]}
{0: [0], 1: [1], 2: [2]}
SCORE: 5.629

-------------------

/ˈɛχ/ - /ˈekːə/
ˈɛ-ˈe / χ-kː / ∅-ə
{0: [0], 1: [1], 2: None}
{0: [0], 1: [1], 2: [2]}
SCORE: 9.461

-------------------

/ˈɪk/ - /ˈix/
ˈɪ-ˈi / k-x
{0: [0], 1: [1]}
{0: [0], 1: [1]}
SCORE: 14.843

-------------------

/ˈɪmə/ - /ˈimbə/
ˈɪ-ˈi / m-m / ə-b_ə
{0: [0], 1: [1], 2: [2]}
{0: [0], 1: [1], 2: [2, 3]}
SCORE: 19.313

-------------------

/ˈɪn/ - /ˈin/
ˈɪ-ˈi / n-n
{0: [0], 1: [1]}
{0: [0], 1: [1]}
SCORE: 14.714

-------------------

/χɾˈoːt/ - /ɡrˈoːs̻/
χ_ɾ-ɡ_r / ˈoː-ˈoː / t-s̻
{0: [0, 1], 1: [2], 2: [3]}
{0: [0, 1], 1: [2], 2: [3]}
SCORE: 25.82

-------------------

/χɾˈun/ - /ɡrˈyə̯nə/
χ_ɾ-ɡ_r / ˈu-ˈyə̯ / n-n_ə
{0: [0, 1], 1: [2], 2: [3]}
{0: [0, 1], 1: [2], 2: [3, 4]}
SCORE: 22.845

-------------------

/χɾˈɑs/ - /ɡrˈɑs/
χ_ɾ-ɡ_r / ˈɑ-ˈɑ / s-s
{0: [0, 1], 1: [2], 2: [3]}
{0: [0, 1], 1: [2], 2: [3]}
SCORE: 24.211

-------------------

/χˈaːn/ - /ɡˈɑːn/
χ-ɡ / ˈaː-ˈɑː / n-n
{0: [0], 1: [1], 2: [2]}
{0: [0], 1: [1], 2: [2]}
SCORE: 19.321

-------------------

/χˈaːɾən/ - /ɡˈɑrn/
χ-ɡ / ˈaː-ˈɑ / ɾ-r / ə_n-n
{0: [0], 1: [1], 2: [2], 3: [3, 4]}
{0: [0], 1: [1], 2: [2], 3: [3]}
SCORE: 17.191

-------------------

/χˈeːst/ - /ɡˈei̯st/
χ-ɡ / ˈeː-ˈei̯ / s_t-s_t
{0: [0], 1: [1], 2: [2, 3]}
{0: [0], 1: [1], 2: [2, 3]}
SCORE: 24.302

-------------------

/χˈeːvən/ - /ɡˈɛbən/
χ-ɡ / ˈeː-ˈɛ / v_ə-b_ə / n-n
{0: [0], 1: [1], 2: [2, 3], 3: [4]}
{0: [0], 1: [1], 2: [2, 3], 3: [4]}
SCORE: 26.287

-------------------

/χˈeːɫ/ - /ɡˈɛl/
χ-ɡ / ˈeː-ˈɛ / ɫ-l
{0: [0], 1: [1], 2: [2]}
{0: [0], 1: [1], 2: [2]}
SCORE: 18.721

-------------------

/χˈud̥/ - /ɡˈuə̯t/
χ-ɡ / ˈu-ˈuə̯ / d̥-t
{0: [0], 1: [1], 2: [2]}
{0: [0], 1: [1], 2: [2]}
SCORE: 19.257

-------------------

/χˈɑnz̥/ - /ɡˈɑns/
χ-ɡ / ˈɑ-ˈɑ / n_z̥-n_s
{0: [0], 1: [1], 2: [2, 3]}
{0: [0], 1: [1], 2: [2, 3]}
SCORE: 25.396

-------------------

/χˈɑst/ - /ɡˈɑst/
χ-ɡ / ˈɑ-ˈɑ / s_t-s_t
{0: [0], 1: [1], 2: [2, 3]}
{0: [0], 1: [1], 2: [2, 3]}
SCORE: 24.181

-------------------

/χˈɑu̯d̥/ - /ɡˈold̥/
χ-ɡ / ∅-ˈo / ˈɑu̯-l / d̥-d̥
{0: [0], 1: None, 2: [1], 3: [2]}
{0: [0], 1: [1], 2: [2], 3: [3]}
SCORE: 12.803

-------------------

/χˈɔd̥/ - /ɡˈot/
χ-ɡ / ˈɔ-ˈo / d̥-t
{0: [0], 1: [1], 2: [2]}
{0: [0], 1: [1], 2: [2]}
SCORE: 18.363

-------------------

/χˈɛi̯t/ - /ɡˈei̯s̻/
χ-ɡ / ˈɛi̯-ˈei̯ / t-s̻
{0: [0], 1: [1], 2: [2]}
{0: [0], 1: [1], 2: [2]}
SCORE: 18.337
