/amoseɣˈaɾ/ - /museɣˈa/
<#_a-<# / m-m / o-u / s-s / e-e / ɣ-ɣ / ˈa_ɾ_#>-ˈa_#>
{0: [0], 1: [1], 2: [2], 3: [3], 4: [4], 5: [5], 6: [6, 7]}
{0: None, 1: [0], 2: [1], 3: [2], 4: [3], 5: [4], 6: [5]}
SCORE: 30.231

-------------------

/anjˈeʎo/ - /anˈɛl/
<#_a-<#_a / n-n / j_ˈe-ˈɛ / ʎ_o_#>-l_#>
{0: [0], 1: [1], 2: [2, 3], 3: [4, 5]}
{0: [0], 1: [1], 2: [2], 3: [3]}
SCORE: 21.599

-------------------

/askujtˈaɾ/ - /eskutˈa/
<#-<#_e / a_s-s / k-k / u-u / j-∅ / t-t / ˈa_ɾ_#>-ˈa_#>
{0: None, 1: [0, 1], 2: [2], 3: [3], 4: [4], 5: [5], 6: [6, 7]}
{0: [0], 1: [1], 2: [2], 3: [3], 4: None, 5: [4], 6: [5]}
SCORE: 20.398

-------------------

/aðuʝˈaɾ/ - /aʤyðˈa/
<#_a-<#_a / ð-ʤ / u-y / ʝ-ð / ˈa_ɾ_#>-ˈa_#>
{0: [0], 1: [1], 2: [2], 3: [3], 4: [4, 5]}
{0: [0], 1: [1], 2: [2], 3: [3], 4: [4]}
SCORE: 20.196

-------------------

/aðˈuʝo/ - /aʤˈyði/
<#_a-<#_a / ð-ʤ / ˈu-ˈy / ʝ-ð / o_#>-i_#>
{0: [0], 1: [1], 2: [2], 3: [3], 4: [4]}
{0: [0], 1: [1], 2: [2], 3: [3], 4: [4]}
SCORE: 24.398

-------------------

/aɣˈuʎa/ - /aɣˈyʎɔ/
<#_a-<#_a / ɣ-ɣ / ˈu-ˈy / ʎ-ʎ / a-ɔ
{0: [0], 1: [1], 2: [2], 3: [3], 4: [4]}
{0: [0], 1: [1], 2: [2], 3: [3], 4: [4]}
SCORE: 34.705

-------------------

/aɾʧˈila/ - /aʀʤˈilɔ/
<#_a-<#_a / ɾ-ʀ / ʧ-ʤ / ˈi-ˈi / l-l / a-ɔ
{0: [0], 1: [1], 2: [2], 3: [3], 4: [4], 5: [5]}
{0: [0], 1: [1], 2: [2], 3: [3], 4: [4], 5: [5]}
SCORE: 35.859

-------------------

/aɾˈajna/ - /aɾˈaɲɔ/
<#_a-<#_a / ɾ-ɾ / ˈa_j-ˈa / ∅-ɲ / n-∅ / a-ɔ
{0: [0], 1: [1], 2: [2, 3], 3: None, 4: [4], 5: [5]}
{0: [0], 1: [1], 2: [2], 3: [3], 4: None, 5: [4]}
SCORE: 10.47

-------------------

/aβˈeʎa/ - /aβˈeʎɔ/
<#_a-<#_a / β-β / ˈe-ˈe / ʎ-ʎ / a-ɔ
{0: [0], 1: [1], 2: [2], 3: [3], 4: [4]}
{0: [0], 1: [1], 2: [2], 3: [3], 4: [4]}
SCORE: 31.734

-------------------

/benˈiɾ/ - /benˈi/
b-b / e_n-e_n / ˈi-ˈi / ɾ_#>-#>
{0: [0], 1: [1, 2], 2: [3], 3: [4]}
{0: [0], 1: [1, 2], 2: [3], 3: None}
SCORE: 24.863

-------------------

/beðjˈeʎo/ - /beðˈɛl/
b-b / e-e / ð-ð / j_ˈe-ˈɛ / ʎ_o_#>-l_#>
{0: [0], 1: [1], 2: [2], 3: [3, 4], 4: [5, 6]}
{0: [0], 1: [1], 2: [2], 3: [3], 4: [4]}
SCORE: 26.327

-------------------

/beɾɣwˈeɲa/ - /beʀɣˈuɲɔ/
b-b / e-e / ɾ-ʀ / ɣ-ɣ / w_ˈe-ˈu / ɲ-ɲ / a-ɔ
{0: [0], 1: [1], 2: [2], 3: [3], 4: [4, 5], 5: [6], 6: [7]}
{0: [0], 1: [1], 2: [2], 3: [3], 4: [4], 5: [5], 6: [6]}
SCORE: 37.162

-------------------

/beʝˈeɾ/ - /bˈejɾe/
b-b / e_ʝ-ˈe / ˈe-j / ɾ-ɾ / #>-e_#>
{0: [0], 1: [1, 2], 2: [3], 3: [4], 4: None}
{0: [0], 1: [1], 2: [2], 3: [3], 4: [4]}
SCORE: 14.597

-------------------

/beβˈeɾ/ - /bˈewɾe/
b-b / e-ˈe / β-w_ɾ / ˈe_ɾ-e
{0: [0], 1: [1], 2: [2], 3: [3, 4]}
{0: [0], 1: [1], 2: [2, 3], 3: [4]}
SCORE: 14.445

-------------------

/beθˈino/ - /bezˈi/
b-b / e-e / θ-z / ˈi_n-ˈi / o_#>-#>
{0: [0], 1: [1], 2: [2], 3: [3, 4], 4: [5]}
{0: [0], 1: [1], 2: [2], 3: [3], 4: None}
SCORE: 18.336

-------------------

/biʎˈano/ - /bilˈa/
b-b / i-i / ʎ-l / ˈa_n-ˈa / o_#>-#>
{0: [0], 1: [1], 2: [2], 3: [3, 4], 4: [5]}
{0: [0], 1: [1], 2: [2], 3: [3], 4: None}
SCORE: 19.361

-------------------

/bjˈen/ - /bˈe/
b_j-b / ˈe-ˈe / n_#>-#>
{0: [0, 1], 1: [2], 2: [3]}
{0: [0], 1: [1], 2: None}
SCORE: 7.94

-------------------

/bjˈeŋɡo/ - /bˈɛni/
b-b / j-ˈɛ / ˈe-n / ŋ-∅ / ɡ-∅ / o_#>-i_#>
{0: [0], 1: [1], 2: [2], 3: [3], 4: [4], 5: [5]}
{0: [0], 1: [1], 2: [2], 3: None, 4: None, 5: [3]}
SCORE: 6.343

-------------------

/bjˈeɾmen/ - /bˈɛʀm/
b-b / j_ˈe-ˈɛ / ɾ-ʀ / m-m / e-∅ / n_#>-#>
{0: [0], 1: [1, 2], 2: [3], 3: [4], 4: [5], 5: [6]}
{0: [0], 1: [1], 2: [2], 3: [3], 4: None, 5: None}
SCORE: 14.64

-------------------

/bjˈeʎo/ - /bjˈɛl/
b-b / j-j / ˈe-ˈɛ / ʎ_o_#>-l_#>
{0: [0], 1: [1], 2: [2], 3: [3, 4]}
{0: [0], 1: [1], 2: [2], 3: [3]}
SCORE: 20.864

-------------------

/blˈaŋko/ - /blˈaŋk/
b-b / l-l / ˈa-ˈa / ŋ-ŋ / k-k / o_#>-#>
{0: [0], 1: [1], 2: [2], 3: [3], 4: [4], 5: [5]}
{0: [0], 1: [1], 2: [2], 3: [3], 4: [4], 5: None}
SCORE: 29.824

-------------------

/bolˈaɾ/ - /bulˈa/
b-b / o_l-u_l / ˈa_ɾ_#>-ˈa_#>
{0: [0], 1: [1, 2], 2: [3, 4]}
{0: [0], 1: [1, 2], 2: [3]}
SCORE: 23.85

-------------------

/busˈatɾos/ - /buzˈawtɾes/
b-b / u-u / s-z / ˈa-ˈa / t-w_t / ɾ-ɾ / o-e / s_#>-s_#>
{0: [0], 1: [1], 2: [2], 3: [3], 4: [4], 5: [5], 6: [6], 7: [7]}
{0: [0], 1: [1], 2: [2], 3: [3], 4: [4, 5], 5: [6], 6: [7], 7: [8]}
SCORE: 35.084

-------------------

/bwˈe/ - /bɥˈɔw/
b-b / w-ɥ / ˈe-ˈɔ / #>-w_#>
{0: [0], 1: [1], 2: [2], 3: None}
{0: [0], 1: [1], 2: [2], 3: [3]}
SCORE: 17.593

-------------------

/bwˈelo/ - /bˈɔl/
b-b / w_ˈe-ˈɔ / l-l / o_#>-#>
{0: [0], 1: [1, 2], 2: [3], 3: [4]}
{0: [0], 1: [1], 2: [2], 3: None}
SCORE: 16.184

-------------------

/bwˈena/ - /bˈunɔ/
b-b / w_ˈe-ˈu / n-n / a-ɔ
{0: [0], 1: [1, 2], 2: [3], 3: [4]}
{0: [0], 1: [1], 2: [2], 3: [3]}
SCORE: 19.531

-------------------

/bwˈenas/ - /bˈunas/
b-b / w_ˈe-ˈu / n-n / a-a / s_#>-s_#>
{0: [0], 1: [1, 2], 2: [3], 3: [4], 4: [5]}
{0: [0], 1: [1], 2: [2], 3: [3], 4: [4]}
SCORE: 24.806

-------------------

/bwˈeno/ - /bˈu/
b_w-b / ˈe_n-ˈu / o_#>-#>
{0: [0, 1], 1: [2, 3], 2: [4]}
{0: [0], 1: [1], 2: None}
SCORE: 6.272

-------------------

/bwˈenos/ - /bˈuns/
b-b / w_ˈe-ˈu / n-n / o-∅ / s_#>-s_#>
{0: [0], 1: [1, 2], 2: [3], 3: [4], 4: [5]}
{0: [0], 1: [1], 2: [2], 3: None, 4: [3]}
SCORE: 15.758

-------------------

/bˈaka/ - /bˈakɔ/
b-b / ˈa-ˈa / k-k / a-ɔ
{0: [0], 1: [1], 2: [2], 3: [3]}
{0: [0], 1: [1], 2: [2], 3: [3]}
SCORE: 23.868

-------------------

/bˈaɲo/ - /bˈaɲ/
b-b / ˈa-ˈa / ɲ-ɲ / o_#>-#>
{0: [0], 1: [1], 2: [2], 3: [3]}
{0: [0], 1: [1], 2: [2], 3: None}
SCORE: 20.473

-------------------

/bˈaʃo/ - /bˈas/
b-b / ˈa-ˈa / ʃ-s / o_#>-#>
{0: [0], 1: [1], 2: [2], 3: [3]}
{0: [0], 1: [1], 2: [2], 3: None}
SCORE: 17.099

-------------------

/bˈente/ - /bˈin/
b-b / ˈe-∅ / n-ˈi / t-n / e_#>-#>
{0: [0], 1: [1], 2: [2], 3: [3], 4: [4]}
{0: [0], 1: None, 2: [1], 3: [2], 4: None}
SCORE: 1.628

-------------------

/bˈeɾðe/ - /bˈeʀt/
b-b / ˈe-ˈe / ɾ-ʀ / ð-t / e_#>-#>
{0: [0], 1: [1], 2: [2], 3: [3], 4: [4]}
{0: [0], 1: [1], 2: [2], 3: [3], 4: None}
SCORE: 16.377

-------------------

/bˈia/ - /bˈiɔ/
b-b / ˈi-ˈi / a-ɔ
{0: [0], 1: [1], 2: [2]}
{0: [0], 1: [1], 2: [2]}
SCORE: 20.399

-------------------

/bˈino/ - /bˈi/
b-b / ˈi_n-ˈi / o_#>-#>
{0: [0], 1: [1, 2], 2: [3]}
{0: [0], 1: [1], 2: None}
SCORE: 10.078

-------------------

/bˈiða/ - /bˈiðɔ/
b-b / ˈi-ˈi / ð-ð / a-ɔ
{0: [0], 1: [1], 2: [2], 3: [3]}
{0: [0], 1: [1], 2: [2], 3: [3]}
SCORE: 26.683

-------------------

/bˈiʎa/ - /bˈilɔ/
b-b / ˈi-ˈi / ʎ-l / a-ɔ
{0: [0], 1: [1], 2: [2], 3: [3]}
{0: [0], 1: [1], 2: [2], 3: [3]}
SCORE: 24.236

-------------------

/bˈoka/ - /bˈukɔ/
b-b / ˈo-ˈu / k-k / a-ɔ
{0: [0], 1: [1], 2: [2], 3: [3]}
{0: [0], 1: [1], 2: [2], 3: [3]}
SCORE: 24.419

-------------------

/bˈoθ/ - /bˈuʦ/
b-b / ˈo-ˈu / θ-ʦ
{0: [0], 1: [1], 2: [2]}
{0: [0], 1: [1], 2: [2]}
SCORE: 21.05

-------------------

/deθˈiɾ/ - /dˈiɾe/
d-d / e-∅ / θ-∅ / ˈi-ˈi / ɾ-ɾ / #>-e_#>
{0: [0], 1: [1], 2: [2], 3: [3], 4: [4], 5: None}
{0: [0], 1: None, 2: None, 3: [1], 4: [2], 5: [3]}
SCORE: 9.429

-------------------

/djˈen/ - /dˈɛn/
d-d / j_ˈe-ˈɛ / n-n
{0: [0], 1: [1, 2], 2: [3]}
{0: [0], 1: [1], 2: [2]}
SCORE: 19.416

-------------------

/djˈeθ/ - /dˈɛʦ/
d-d / j_ˈe-ˈɛ / θ-ʦ
{0: [0], 1: [1, 2], 2: [3]}
{0: [0], 1: [1], 2: [2]}
SCORE: 20.343

-------------------

/djˈos/ - /djˈew/
d-d / j-j / ˈo-ˈe_w / s_#>-#>
{0: [0], 1: [1], 2: [2], 3: [3]}
{0: [0], 1: [1], 2: [2, 3], 3: None}
SCORE: 15.636

-------------------

/doɾmˈiɾ/ - /duʀmˈi/
d-d / o-u / ɾ-ʀ / m-m / ˈi-ˈi / ɾ_#>-#>
{0: [0], 1: [1], 2: [2], 3: [3], 4: [4], 5: [5]}
{0: [0], 1: [1], 2: [2], 3: [3], 4: [4], 5: None}
SCORE: 27.225

-------------------

/dɾaɣˈon/ - /dɾaɣˈu/
d-d / ɾ-ɾ / a-a / ɣ-ɣ / ˈo_n_#>-ˈu_#>
{0: [0], 1: [1], 2: [2], 3: [3], 4: [4, 5]}
{0: [0], 1: [1], 2: [2], 3: [3], 4: [4]}
SCORE: 30.791

-------------------

/dˈaɾ/ - /dˈa/
d-d / ˈa_ɾ_#>-ˈa_#>
{0: [0], 1: [1, 2]}
{0: [0], 1: [1]}
SCORE: 14.475

-------------------

/dˈia/ - /dˈiɔ/
d-d / ˈi-ˈi / a-ɔ
{0: [0], 1: [1], 2: [2]}
{0: [0], 1: [1], 2: [2]}
SCORE: 21.51

-------------------

/dˈiðo/ - /dˈet/
d-d / ∅-ˈe / ˈi-∅ / ð-t / o_#>-#>
{0: [0], 1: None, 2: [1], 3: [2], 4: [3]}
{0: [0], 1: [1], 2: None, 3: [2], 4: None}
SCORE: 1.035

-------------------

/dˈiɣo/ - /dˈizi/
d-d / ˈi-ˈi / ∅-z / ɣ-∅ / o_#>-i_#>
{0: [0], 1: [1], 2: None, 3: [2], 4: [3]}
{0: [0], 1: [1], 2: [2], 3: None, 4: [3]}
SCORE: 11.093

-------------------

/dˈon/ - /dˈu/
d-d / ˈo_n_#>-ˈu_#>
{0: [0], 1: [1, 2]}
{0: [0], 1: [1]}
SCORE: 15.876

-------------------

/dˈos/ - /dˈus/
d-d / ˈo-ˈu / s_#>-s_#>
{0: [0], 1: [1], 2: [2]}
{0: [0], 1: [1], 2: [2]}
SCORE: 21.895

-------------------

/dˈoθe/ - /dˈudze/
d-d / ˈo-ˈu / ∅-d / θ-z / e-e
{0: [0], 1: [1], 2: None, 3: [2], 4: [3]}
{0: [0], 1: [1], 2: [2], 3: [3], 4: [4]}
SCORE: 19.899

-------------------

/dˈulθe/ - /dˈus/
d-d / ˈu-ˈu / l-∅ / θ-s / e_#>-#>
{0: [0], 1: [1], 2: [2], 3: [3], 4: [4]}
{0: [0], 1: [1], 2: None, 3: [2], 4: None}
SCORE: 11.66

-------------------

/eskɾiβˈiɾ/ - /eskɾˈiwɾe/
<#_e-<#_e / s-s / k_ɾ-k_ɾ / i-∅ / β-∅ / ˈi-ˈi / ɾ-w_ɾ / #>-e_#>
{0: [0], 1: [1], 2: [2, 3], 3: [4], 4: [5], 5: [6], 6: [7], 7: None}
{0: [0], 1: [1], 2: [2, 3], 3: None, 4: None, 5: [4], 6: [5, 6], 7: [7]}
SCORE: 21.569

-------------------

/eskˈuɾo/ - /eskˈy/
<#_e-<#_e / s-s / k-k / ˈu_ɾ-ˈy / o_#>-#>
{0: [0], 1: [1], 2: [2], 3: [3, 4], 4: [5]}
{0: [0], 1: [1], 2: [2], 3: [3], 4: None}
SCORE: 20.341

-------------------

/espˈaða/ - /espˈazɔ/
<#_e-<#_e / s-s / p-p / ˈa-ˈa / ð-z / a-ɔ
{0: [0], 1: [1], 2: [2], 3: [3], 4: [4], 5: [5]}
{0: [0], 1: [1], 2: [2], 3: [3], 4: [4], 5: [5]}
SCORE: 33.775

-------------------

/espˈaɲa/ - /espˈaɲɔ/
<#_e-<#_e / s-s / p-p / ˈa-ˈa / ɲ-ɲ / a-ɔ
{0: [0], 1: [1], 2: [2], 3: [3], 4: [4], 5: [5]}
{0: [0], 1: [1], 2: [2], 3: [3], 4: [4], 5: [5]}
SCORE: 37.257

-------------------

/espˈina/ - /espˈinɔ/
<#_e-<#_e / s-s / p-p / ˈi-ˈi / n-n / a-ɔ
{0: [0], 1: [1], 2: [2], 3: [3], 4: [4], 5: [5]}
{0: [0], 1: [1], 2: [2], 3: [3], 4: [4], 5: [5]}
SCORE: 35.348

-------------------

/espˈiɣa/ - /espˈiɣɔ/
<#_e-<#_e / s-s / p-p / ˈi-ˈi / ɣ-ɣ / a-ɔ
{0: [0], 1: [1], 2: [2], 3: [3], 4: [4], 5: [5]}
{0: [0], 1: [1], 2: [2], 3: [3], 4: [4], 5: [5]}
SCORE: 37.836

-------------------

/estɾˈela/ - /estˈelɔ/
<#_e-<#_e / s-s / t-t / ɾ_ˈe-ˈe / l-l / a-ɔ
{0: [0], 1: [1], 2: [2], 3: [3, 4], 4: [5], 5: [6]}
{0: [0], 1: [1], 2: [2], 3: [3], 4: [4], 5: [5]}
SCORE: 32.371

-------------------

/estˈaw/ - /estˈat/
<#_e-<#_e / s-s / t-t / ˈa-ˈa / w-∅ / #>-t_#>
{0: [0], 1: [1], 2: [2], 3: [3], 4: [4], 5: None}
{0: [0], 1: [1], 2: [2], 3: [3], 4: None, 5: [4]}
SCORE: 19.052

-------------------

/estˈiw/ - /estˈiw/
<#_e-<#_e / s-s / t-t / ˈi-ˈi / w_#>-w_#>
{0: [0], 1: [1], 2: [2], 3: [3], 4: [4]}
{0: [0], 1: [1], 2: [2], 3: [3], 4: [4]}
SCORE: 32.473

-------------------

/faɾˈina/ - /faɾˈinɔ/
f-f / a-a / ɾ-ɾ / ˈi-ˈi / n-n / a-ɔ
{0: [0], 1: [1], 2: [2], 3: [3], 4: [4], 5: [5]}
{0: [0], 1: [1], 2: [2], 3: [3], 4: [4], 5: [5]}
SCORE: 33.488

-------------------

/fjˈero/ - /fˈɛʀe/
f-f / j_ˈe-ˈɛ / r-ʀ / o-e
{0: [0], 1: [1, 2], 2: [3], 3: [4]}
{0: [0], 1: [1], 2: [2], 3: [3]}
SCORE: 21.103

-------------------

/fjˈesta/ - /fˈɛstɔ/
f-f / j_ˈe-ˈɛ / s-s / t_a-t_ɔ
{0: [0], 1: [1, 2], 2: [3], 3: [4, 5]}
{0: [0], 1: [1], 2: [2], 3: [3, 4]}
SCORE: 28.929

-------------------

/flˈama/ - /flˈambɔ/
f-f / l-l / ˈa-ˈa / m-m / ∅-b / a-ɔ
{0: [0], 1: [1], 2: [2], 3: [3], 4: None, 5: [4]}
{0: [0], 1: [1], 2: [2], 3: [3], 4: [4], 5: [5]}
SCORE: 24.769

-------------------

/flˈoɾ/ - /flˈu/
f-f / l-l / ˈo-ˈu / ɾ_#>-#>
{0: [0], 1: [1], 2: [2], 3: [3]}
{0: [0], 1: [1], 2: [2], 3: None}
SCORE: 18.194

-------------------

/fwˈeɣo/ - /fɥˈɔk/
f-f / w-ɥ / ˈe_ɣ-ˈɔ_k / o_#>-#>
{0: [0], 1: [1], 2: [2, 3], 3: [4]}
{0: [0], 1: [1], 2: [2, 3], 3: None}
SCORE: 23.665

-------------------

/fwˈeɾte/ - /fˈɔʀt/
f-f / w_ˈe-ˈɔ / ɾ-ʀ / t-t / e_#>-#>
{0: [0], 1: [1, 2], 2: [3], 3: [4], 4: [5]}
{0: [0], 1: [1], 2: [2], 3: [3], 4: None}
SCORE: 20.149

-------------------

/fwˈeɾθa/ - /fˈɔʀsɔ/
f-f / w_ˈe-ˈɔ / ɾ-ʀ / θ-s / a-ɔ
{0: [0], 1: [1, 2], 2: [3], 3: [4], 4: [5]}
{0: [0], 1: [1], 2: [2], 3: [3], 4: [4]}
SCORE: 25.759

-------------------

/fwˈeʎa/ - /fɥˈɛʎɔ/
f-f / w-ɥ / ˈe-ˈɛ / ʎ-ʎ / a-ɔ
{0: [0], 1: [1], 2: [2], 3: [3], 4: [4]}
{0: [0], 1: [1], 2: [2], 3: [3], 4: [4]}
SCORE: 30.229

-------------------

/fɾˈeðo/ - /fɾˈet/
f-f / ɾ_ˈe-ɾ_ˈe / ð-t / o_#>-#>
{0: [0], 1: [1, 2], 2: [3], 3: [4]}
{0: [0], 1: [1, 2], 2: [3], 3: None}
SCORE: 20.617

-------------------

/fɾˈujto/ - /fɾˈyʧ/
f-f / ɾ-ɾ / ˈu-ˈy / j_t-ʧ / o_#>-#>
{0: [0], 1: [1], 2: [2], 3: [3, 4], 4: [5]}
{0: [0], 1: [1], 2: [2], 3: [3], 4: None}
SCORE: 23.576

-------------------

/fˈalso/ - /fˈals/
f-f / ˈa-ˈa / l-l / s-s / o_#>-#>
{0: [0], 1: [1], 2: [2], 3: [3], 4: [4]}
{0: [0], 1: [1], 2: [2], 3: [3], 4: None}
SCORE: 22.146

-------------------

/fˈambɾe/ - /fˈam/
f-f / ˈa-ˈa / m-m / b_ɾ_e_#>-#>
{0: [0], 1: [1], 2: [2], 3: [3, 4, 5]}
{0: [0], 1: [1], 2: [2], 3: None}
SCORE: 14.47

-------------------

/fˈaða/ - /fˈaðɔ/
f-f / ˈa-ˈa / ð-ð / a-ɔ
{0: [0], 1: [1], 2: [2], 3: [3]}
{0: [0], 1: [1], 2: [2], 3: [3]}
SCORE: 25.953

-------------------

/fˈembɾa/ - /fˈenːɔ/
f-f / ˈe-ˈe / m_b-nː / ɾ_a-ɔ
{0: [0], 1: [1], 2: [2, 3], 3: [4, 5]}
{0: [0], 1: [1], 2: [2], 3: [3]}
SCORE: 25.183

-------------------

/fˈeɾ/ - /fˈajɾe/
f-f / ∅-ˈa / ˈe-j / ɾ-ɾ / #>-e_#>
{0: [0], 1: None, 2: [1], 3: [2], 4: None}
{0: [0], 1: [1], 2: [2], 3: [3], 4: [4]}
SCORE: 9.94

-------------------

/fˈilo/ - /fˈil/
f-f / ˈi-ˈi / l-l / o_#>-#>
{0: [0], 1: [1], 2: [2], 3: [3]}
{0: [0], 1: [1], 2: [2], 3: None}
SCORE: 19.036

-------------------

/fˈin/ - /fˈi/
f-f / ˈi-ˈi / n_#>-#>
{0: [0], 1: [1], 2: [2]}
{0: [0], 1: [1], 2: None}
SCORE: 14.165

-------------------

/fˈiʎa/ - /fˈiʎɔ/
f-f / ˈi-ˈi / ʎ-ʎ / a-ɔ
{0: [0], 1: [1], 2: [2], 3: [3]}
{0: [0], 1: [1], 2: [2], 3: [3]}
SCORE: 27.048

-------------------

/fˈiʎo/ - /fˈil/
f-f / ˈi-ˈi / ʎ_o_#>-l_#>
{0: [0], 1: [1], 2: [2, 3]}
{0: [0], 1: [1], 2: [2]}
SCORE: 19.216

-------------------

/fˈoj/ - /fˈaw/
f-f / ˈo-ˈa_w / j-∅
{0: [0], 1: [1], 2: [2]}
{0: [0], 1: [1, 2], 2: None}
SCORE: 8.83

-------------------

/fˈumo/ - /fˈym/
f-f / ˈu-ˈy / m-m / o_#>-#>
{0: [0], 1: [1], 2: [2], 3: [3]}
{0: [0], 1: [1], 2: [2], 3: None}
SCORE: 20.46

-------------------

/iɣwˈal/ - /eɣˈal/
i-e / ɣ_w-ɣ / ˈa-ˈa / l-l
{0: [0], 1: [1, 2], 2: [3], 3: [4]}
{0: [0], 1: [1], 2: [2], 3: [3]}
SCORE: 22.481

-------------------

/iβjˈeɾno/ - /iβˈɛʀ/
i-i / β-β / j_ˈe-ˈɛ / ɾ_n_o_#>-ʀ_#>
{0: [0], 1: [1], 2: [2, 3], 3: [4, 5, 6]}
{0: [0], 1: [1], 2: [2], 3: [3]}
SCORE: 19.977

-------------------

/kambjˈaɾ/ - /kambjˈa/
k-k / a-a / m-m / b-b / j-j / ˈa_ɾ_#>-ˈa_#>
{0: [0], 1: [1], 2: [2], 3: [3], 4: [4], 5: [5, 6]}
{0: [0], 1: [1], 2: [2], 3: [3], 4: [4], 5: [5]}
SCORE: 32.003

-------------------

/kantˈaɾ/ - /kantˈa/
k-k / a-a / n-n / t-t / ˈa_ɾ_#>-ˈa_#>
{0: [0], 1: [1], 2: [2], 3: [3], 4: [4, 5]}
{0: [0], 1: [1], 2: [2], 3: [3], 4: [4]}
SCORE: 26.433

-------------------

/kastjˈeʎo/ - /kastˈɛl/
k-k / a-a / s-s / t-t / j_ˈe-ˈɛ / ʎ_o_#>-l_#>
{0: [0], 1: [1], 2: [2], 3: [3], 4: [4, 5], 5: [6, 7]}
{0: [0], 1: [1], 2: [2], 3: [3], 4: [4], 5: [5]}
SCORE: 28.873

-------------------

/kaðˈena/ - /kaðˈenɔ/
k-k / a-a / ð-ð / ˈe-ˈe / n-n / a-ɔ
{0: [0], 1: [1], 2: [2], 3: [3], 4: [4], 5: [5]}
{0: [0], 1: [1], 2: [2], 3: [3], 4: [4], 5: [5]}
SCORE: 32.861

-------------------

/kaβˈaʎo/ - /kaβˈal/
k-k / a-a / β-β / ˈa-ˈa / ʎ_o_#>-l_#>
{0: [0], 1: [1], 2: [2], 3: [3], 4: [4, 5]}
{0: [0], 1: [1], 2: [2], 3: [3], 4: [4]}
SCORE: 26.617

-------------------

/kaβˈeʎo/ - /kaβˈɛl/
k-k / a-a / β-β / ˈe-ˈɛ / ʎ_o_#>-l_#>
{0: [0], 1: [1], 2: [2], 3: [3], 4: [4, 5]}
{0: [0], 1: [1], 2: [2], 3: [3], 4: [4]}
SCORE: 26.29

-------------------

/kaθˈaɾ/ - /kasˈa/
k-k / a-a / θ-s / ˈa_ɾ_#>-ˈa_#>
{0: [0], 1: [1], 2: [2], 3: [3, 4]}
{0: [0], 1: [1], 2: [2], 3: [3]}
SCORE: 20.554

-------------------

/klamˈaɾ/ - /klamˈa/
k-k / l-l / a-a / m-m / ˈa_ɾ_#>-ˈa_#>
{0: [0], 1: [1], 2: [2], 3: [3], 4: [4, 5]}
{0: [0], 1: [1], 2: [2], 3: [3], 4: [4]}
SCORE: 26.866

-------------------

/klˈaw/ - /klˈaw/
k-k / l-l / ˈa-ˈa / w_#>-w_#>
{0: [0], 1: [1], 2: [2], 3: [3]}
{0: [0], 1: [1], 2: [2], 3: [3]}
SCORE: 24.901

-------------------

/kolˈoɾ/ - /kulˈu/
k-k / o_l-u_l / ˈo-ˈu / ɾ_#>-#>
{0: [0], 1: [1, 2], 2: [3], 3: [4]}
{0: [0], 1: [1, 2], 2: [3], 3: None}
SCORE: 22.97

-------------------

/konojʃˈeɾ/ - /kunˈejse/
k-k / o-u / n-n / ∅-ˈe / o-∅ / j-j / ʃ-s / ˈe_ɾ-e
{0: [0], 1: [1], 2: [2], 3: None, 4: [3], 5: [4], 6: [5], 7: [6, 7]}
{0: [0], 1: [1], 2: [2], 3: [3], 4: None, 5: [4], 6: [5], 7: [6]}
SCORE: 17.391

-------------------

/kwˈatɾo/ - /kˈatɾe/
k_w-k / ˈa-ˈa / t-t / ɾ-ɾ / o-e
{0: [0, 1], 1: [2], 2: [3], 3: [4], 4: [5]}
{0: [0], 1: [1], 2: [2], 3: [3], 4: [4]}
SCORE: 20.63

-------------------

/kwˈeɾno/ - /kˈɔʀ/
k-k / w_ˈe-ˈɔ / ɾ_n_o_#>-ʀ_#>
{0: [0], 1: [1, 2], 2: [3, 4, 5]}
{0: [0], 1: [1], 2: [2]}
SCORE: 12.921

-------------------

/kwˈeɾpo/ - /kˈɔs/
k-k / w_ˈe-ˈɔ / ɾ-∅ / p-s / o_#>-#>
{0: [0], 1: [1, 2], 2: [3], 3: [4], 4: [5]}
{0: [0], 1: [1], 2: None, 3: [2], 4: None}
SCORE: 6.055

-------------------

/kwˈeʎo/ - /kˈɔl/
k-k / w_ˈe-ˈɔ / ʎ_o_#>-l_#>
{0: [0], 1: [1, 2], 2: [3, 4]}
{0: [0], 1: [1], 2: [2]}
SCORE: 15.718

-------------------

/kɾemˈaɾ/ - /kɾemˈa/
k_ɾ-k_ɾ / e-e / m-m / ˈa_ɾ_#>-ˈa_#>
{0: [0, 1], 1: [2], 2: [3], 3: [4, 5]}
{0: [0, 1], 1: [2], 2: [3], 3: [4]}
SCORE: 27.734

-------------------

/kɾeʝˈeɾ/ - /kɾˈejʀe/
k_ɾ-k_ɾ / e_ʝ-ˈe / ˈe-j / ɾ-ʀ / #>-e_#>
{0: [0, 1], 1: [2, 3], 2: [4], 3: [5], 4: None}
{0: [0, 1], 1: [2], 2: [3], 3: [4], 4: [5]}
SCORE: 18.433

-------------------

/kɾˈaβa/ - /kˈaβɾɔ/
k_ɾ-k / ˈa-ˈa / β-β / a-ɾ_ɔ
{0: [0, 1], 1: [2], 2: [3], 3: [4]}
{0: [0], 1: [1], 2: [2], 3: [3, 4]}
SCORE: 20.97

-------------------

/kɾˈuθ/ - /kɾˈuʦ/
k_ɾ-k_ɾ / ˈu-ˈu / θ-ʦ
{0: [0, 1], 1: [2], 2: [3]}
{0: [0, 1], 1: [2], 2: [3]}
SCORE: 24.674

-------------------

/kˈaldo/ - /kˈawt/
k-k / ˈa-ˈa / l-∅ / d-∅ / o-w / #>-t_#>
{0: [0], 1: [1], 2: [2], 3: [3], 4: [4], 5: None}
{0: [0], 1: [1], 2: None, 3: None, 4: [2], 5: [3]}
SCORE: 5.095

-------------------

/kˈambɾa/ - /kˈambɾɔ/
k-k / ˈa-ˈa / m-m / b-b / ɾ_a-ɾ_ɔ
{0: [0], 1: [1], 2: [2], 3: [3], 4: [4, 5]}
{0: [0], 1: [1], 2: [2], 3: [3], 4: [4, 5]}
SCORE: 34.924

-------------------

/kˈan/ - /kˈa/
k-k / ˈa-ˈa / n_#>-#>
{0: [0], 1: [1], 2: [2]}
{0: [0], 1: [1], 2: None}
SCORE: 11.463

-------------------

/kˈanto/ - /kˈan/
k-k / ˈa-ˈa / n-n / t_o_#>-#>
{0: [0], 1: [1], 2: [2], 3: [3, 4]}
{0: [0], 1: [1], 2: [2], 3: None}
SCORE: 13.985

-------------------

/kˈasa/ - /kˈazɔ/
k-k / ˈa-ˈa / s-z / a-ɔ
{0: [0], 1: [1], 2: [2], 3: [3]}
{0: [0], 1: [1], 2: [2], 3: [3]}
SCORE: 21.789

-------------------

/kˈaɾne/ - /kˈaʀ/
k-k / ˈa-ˈa / ɾ-ʀ / n-∅ / e_#>-#>
{0: [0], 1: [1], 2: [2], 3: [3], 4: [4]}
{0: [0], 1: [1], 2: [2], 3: None, 4: None}
SCORE: 9.563

-------------------

/kˈaɾo/ - /kˈaʀ/
k-k / ˈa-ˈa / ɾ_o-ʀ
{0: [0], 1: [1], 2: [2, 3]}
{0: [0], 1: [1], 2: [2]}
SCORE: 15.283

-------------------

/kˈaβo/ - /kˈap/
k-k / ˈa-ˈa / ∅-p / β-∅ / o_#>-#>
{0: [0], 1: [1], 2: None, 3: [2], 4: [3]}
{0: [0], 1: [1], 2: [2], 3: None, 4: None}
SCORE: 1.933

-------------------

/kˈe/ - /kˈe/
k-k / ˈe-ˈe
{0: [0], 1: [1]}
{0: [0], 1: [1]}
SCORE: 13.909

-------------------

/kˈi/ - /kˈi/
k-k / ˈi-ˈi
{0: [0], 1: [1]}
{0: [0], 1: [1]}
SCORE: 15.726

-------------------

/kˈosa/ - /kˈawzɔ/
k-k / ˈo-ˈa_w / s-z / a-ɔ
{0: [0], 1: [1], 2: [2], 3: [3]}
{0: [0], 1: [1, 2], 2: [3], 3: [4]}
SCORE: 19.977

-------------------

/kˈosta/ - /kˈɔstɔ/
k-k / ˈo-ˈɔ / s-s / t_a-t_ɔ
{0: [0], 1: [1], 2: [2], 3: [3, 4]}
{0: [0], 1: [1], 2: [2], 3: [3, 4]}
SCORE: 27.544

-------------------

/kˈoða/ - /kˈuɔ/
k-k / ˈo-ˈu / ð-∅ / a-ɔ
{0: [0], 1: [1], 2: [2], 3: [3]}
{0: [0], 1: [1], 2: None, 3: [2]}
SCORE: 13.911

-------------------

/kˈoɾ/ - /kˈɔʀ/
k-k / ˈo-ˈɔ / ɾ-ʀ
{0: [0], 1: [1], 2: [2]}
{0: [0], 1: [1], 2: [2]}
SCORE: 16.09

-------------------

/kˈujʃa/ - /kɥˈɛjsɔ/
k-k / ∅-ɥ / ˈu-∅ / j-ˈɛ / ʃ-j_s / a-ɔ
{0: [0], 1: None, 2: [1], 3: [2], 4: [3], 5: [4]}
{0: [0], 1: [1], 2: None, 3: [2], 4: [3, 4], 5: [5]}
SCORE: 9.571

-------------------

/kˈulo/ - /kɥˈul/
k-k / ∅-ɥ / ˈu-ˈu / l-l / o_#>-#>
{0: [0], 1: None, 2: [1], 3: [2], 4: [3]}
{0: [0], 1: [1], 2: [2], 3: [3], 4: None}
SCORE: 10.988

-------------------

/kˈuɲo/ - /kˈyɲ/
k-k / ˈu-ˈy / ɲ-ɲ / o_#>-#>
{0: [0], 1: [1], 2: [2], 3: [3]}
{0: [0], 1: [1], 2: [2], 3: None}
SCORE: 21.346

-------------------

/kˈuɾto/ - /kˈuʀt/
k-k / ˈu-ˈu / ɾ-ʀ / t-t / o_#>-#>
{0: [0], 1: [1], 2: [2], 3: [3], 4: [4]}
{0: [0], 1: [1], 2: [2], 3: [3], 4: None}
SCORE: 19.761

-------------------

/leʝˈeɾ/ - /leʤˈi/
<#_l-<#_l / e-e / ∅-ʤ / ʝ-∅ / ˈe-∅ / ɾ-ˈi
{0: [0], 1: [1], 2: None, 3: [2], 4: [3], 5: [4]}
{0: [0], 1: [1], 2: [2], 3: None, 4: None, 5: [3]}
SCORE: -0.394

-------------------

/leβˈaɾ/ - /leβˈa/
<#_l-<#_l / e-e / β-β / ˈa_ɾ_#>-ˈa_#>
{0: [0], 1: [1], 2: [2], 3: [3, 4]}
{0: [0], 1: [1], 2: [2], 3: [3]}
SCORE: 23.439

-------------------

/liˈon/ - /leˈu/
<#_l-<#_l / i-e / ˈo_n_#>-ˈu_#>
{0: [0], 1: [1], 2: [2, 3]}
{0: [0], 1: [1], 2: [2]}
SCORE: 18.229

-------------------

/lwˈeŋɡa/ - /lˈeŋɡɔ/
<#_l-<#_l / w-∅ / ˈe-ˈe / ŋ-ŋ / ɡ-ɡ / a-ɔ
{0: [0], 1: [1], 2: [2], 3: [3], 4: [4], 5: [5]}
{0: [0], 1: None, 2: [1], 3: [2], 4: [3], 5: [4]}
SCORE: 28.658

-------------------

/lwˈeŋɡo/ - /lˈuŋk/
<#_l-<#_l / w_ˈe-ˈu / ŋ-ŋ / ɡ-k / o_#>-#>
{0: [0], 1: [1, 2], 2: [3], 3: [4], 4: [5]}
{0: [0], 1: [1], 2: [2], 3: [3], 4: None}
SCORE: 18.555

-------------------

/lwˈeɣo/ - /lɥˈɔk/
<#_l-<#_l / w-ɥ / ˈe_ɣ-ˈɔ_k / o_#>-#>
{0: [0], 1: [1], 2: [2, 3], 3: [4]}
{0: [0], 1: [1], 2: [2, 3], 3: None}
SCORE: 22.873

-------------------

/lˈana/ - /lˈanɔ/
<#_l-<#_l / ˈa-ˈa / n-n / a-ɔ
{0: [0], 1: [1], 2: [2], 3: [3]}
{0: [0], 1: [1], 2: [2], 3: [3]}
SCORE: 23.47

-------------------

/lˈej/ - /lˈaʧ/
l_ˈe-l / j-ˈa / ∅-ʧ
{0: [0, 1], 1: [2], 2: None}
{0: [0], 1: [1], 2: [2]}
SCORE: 1.515

-------------------

/lˈej/ - /lˈej/
<#_l-<#_l / ˈe-ˈe / j-j
{0: [0], 1: [1], 2: [2]}
{0: [0], 1: [1], 2: [2]}
SCORE: 18.457

-------------------

/lˈejto/ - /ljˈɛʧ/
<#_l-<#_l / ˈe-j / j-ˈɛ / t_o-ʧ
{0: [0], 1: [1], 2: [2], 3: [3, 4]}
{0: [0], 1: [1], 2: [2], 3: [3]}
SCORE: 19.189

-------------------

/lˈetɾa/ - /lˈetɾɔ/
<#_l-<#_l / ˈe-ˈe / t-t / ɾ_a-ɾ_ɔ
{0: [0], 1: [1], 2: [2], 3: [3, 4]}
{0: [0], 1: [1], 2: [2], 3: [3, 4]}
SCORE: 28.885

-------------------

/lˈeɲa/ - /lˈeɲɔ/
<#_l-<#_l / ˈe-ˈe / ɲ-ɲ / a-ɔ
{0: [0], 1: [1], 2: [2], 3: [3]}
{0: [0], 1: [1], 2: [2], 3: [3]}
SCORE: 26.347

-------------------

/lˈiβɾe/ - /lˈiwɾe/
<#_l-<#_l / ˈi-ˈi / β_ɾ-w_ɾ / e-e
{0: [0], 1: [1], 2: [2, 3], 3: [4]}
{0: [0], 1: [1], 2: [2, 3], 3: [4]}
SCORE: 27.103

-------------------

/lˈujta/ - /lˈyʧɔ/
<#_l-<#_l / ˈu-ˈy / j_t-ʧ / a-ɔ
{0: [0], 1: [1], 2: [2, 3], 3: [4]}
{0: [0], 1: [1], 2: [2], 3: [3]}
SCORE: 25.426

-------------------

/lˈumbɾe/ - /lˈym/
<#_l-<#_l / ˈu-ˈy / m-m / b_ɾ_e_#>-#>
{0: [0], 1: [1], 2: [2], 3: [3, 4, 5]}
{0: [0], 1: [1], 2: [2], 3: None}
SCORE: 15.197

-------------------

/lˈuna/ - /lˈynɔ/
<#_l-<#_l / ˈu-ˈy / n-n / a-ɔ
{0: [0], 1: [1], 2: [2], 3: [3]}
{0: [0], 1: [1], 2: [2], 3: [3]}
SCORE: 24.989

-------------------

/lˈupo/ - /lˈup/
<#_l-<#_l / ˈu-ˈu / p-p / o_#>-#>
{0: [0], 1: [1], 2: [2], 3: [3]}
{0: [0], 1: [1], 2: [2], 3: None}
SCORE: 17.6

-------------------

/lˈuθ/ - /lˈyʦ/
<#_l-<#_l / ˈu-ˈy / θ-ʦ
{0: [0], 1: [1], 2: [2]}
{0: [0], 1: [1], 2: [2]}
SCORE: 21.89

-------------------

/matˈuɾo/ - /maðˈy/
m-m / a-a / ∅-ð / t-∅ / ˈu_ɾ-ˈy / o_#>-#>
{0: [0], 1: [1], 2: None, 3: [2], 4: [3, 4], 5: [5]}
{0: [0], 1: [1], 2: [2], 3: None, 4: [3], 5: None}
SCORE: 4.858

-------------------

/melˈiko/ - /embunˈil/
<#-<#_e / m-m / ∅-b / e-∅ / l-u / ∅-n / ˈi-ˈi / k-∅ / o-l
{0: None, 1: [0], 2: None, 3: [1], 4: [2], 5: None, 6: [3], 7: [4], 8: [5]}
{0: [0], 1: [1], 2: [2], 3: None, 4: [3], 5: [4], 6: [5], 7: None, 8: [6]}
SCORE: -1.829

-------------------

/metˈat/ - /mejtˈat/
m-m / e-e / ∅-j / t-t / ˈa-ˈa / t_#>-t_#>
{0: [0], 1: [1], 2: None, 3: [2], 4: [3], 5: [4]}
{0: [0], 1: [1], 2: [2], 3: [3], 4: [4], 5: [5]}
SCORE: 25.269

-------------------

/minʧˈaɾ/ - /manʤˈa/
m-m / ∅-a / i-∅ / n-n / ʧ-ʤ / ˈa_ɾ_#>-ˈa_#>
{0: [0], 1: None, 2: [1], 3: [2], 4: [3], 5: [4, 5]}
{0: [0], 1: [1], 2: None, 3: [2], 4: [3], 5: [4]}
SCORE: 14.994

-------------------

/miʎˈoɾ/ - /meʎˈu/
m-m / i-e / ʎ-ʎ / ˈo-ˈu / ɾ_#>-#>
{0: [0], 1: [1], 2: [2], 3: [3], 4: [4]}
{0: [0], 1: [1], 2: [2], 3: [3], 4: None}
SCORE: 22.899

-------------------

/mjˈel/ - /mˈɛl/
m-m / j_ˈe-ˈɛ / l-l
{0: [0], 1: [1, 2], 2: [3]}
{0: [0], 1: [1], 2: [2]}
SCORE: 18.304

-------------------

/montˈaɲa/ - /muntˈaɲɔ/
m-m / o-u / n-n / t-t / ˈa-ˈa / ɲ-ɲ / a-ɔ
{0: [0], 1: [1], 2: [2], 3: [3], 4: [4], 5: [5], 6: [6]}
{0: [0], 1: [1], 2: [2], 3: [3], 4: [4], 5: [5], 6: [6]}
SCORE: 40.101

-------------------

/muʎˈeɾ/ - /muʎˈɛ/
m-m / u-u / ʎ-ʎ / ˈe-ˈɛ / ɾ_#>-#>
{0: [0], 1: [1], 2: [2], 3: [3], 4: [4]}
{0: [0], 1: [1], 2: [2], 3: [3], 4: None}
SCORE: 24.69

-------------------

/mˈaj/ - /mˈajɾe/
m-m / ˈa-ˈa / j-j / ∅-ɾ / #>-e_#>
{0: [0], 1: [1], 2: [2], 3: None, 4: None}
{0: [0], 1: [1], 2: [2], 3: [3], 4: [4]}
SCORE: 12.362

-------------------

/mˈan/ - /mˈa/
m-m / ˈa-ˈa / n_#>-#>
{0: [0], 1: [1], 2: [2]}
{0: [0], 1: [1], 2: None}
SCORE: 12.3

-------------------

/mˈaɾ/ - /mˈa/
m-m / ˈa_ɾ_#>-ˈa_#>
{0: [0], 1: [1, 2]}
{0: [0], 1: [1]}
SCORE: 13.555

-------------------

/mˈe/ - /me/
m-m / ˈe-e
{0: [0], 1: [1]}
{0: [0], 1: [1]}
SCORE: 10.753

-------------------

/mˈeʝo/ - /mjˈɛʧ/
m-m / ˈe-j_ˈɛ / ∅-ʧ / ʝ-∅ / o_#>-#>
{0: [0], 1: [1], 2: None, 3: [2], 4: [3]}
{0: [0], 1: [1, 2], 2: [3], 3: None, 4: None}
SCORE: -0.551

-------------------

/mˈil/ - /mˈil/
m-m / ˈi-ˈi / l-l
{0: [0], 1: [1], 2: [2]}
{0: [0], 1: [1], 2: [2]}
SCORE: 20.964

-------------------

/mˈoska/ - /mˈuskɔ/
m-m / ˈo-ˈu / s-s / k-k / a-ɔ
{0: [0], 1: [1], 2: [2], 3: [3], 4: [4]}
{0: [0], 1: [1], 2: [2], 3: [3], 4: [4]}
SCORE: 29.112

-------------------

/najʃˈeɾ/ - /nˈajse/
<#_n-<#_n / a-∅ / j-ˈa_j / ʃ-s / ˈe_ɾ-e
{0: [0], 1: [1], 2: [2], 3: [3], 4: [4, 5]}
{0: [0], 1: None, 2: [1, 2], 3: [3], 4: [4]}
SCORE: 13.013

-------------------

/naðˈaɾ/ - /naðˈa/
<#_n-<#_n / a-a / ð-ð / ˈa_ɾ_#>-ˈa_#>
{0: [0], 1: [1], 2: [2], 3: [3, 4]}
{0: [0], 1: [1], 2: [2], 3: [3]}
SCORE: 24.025

-------------------

/njˈew/ - /nˈɛw/
<#_n-<#_n / j_ˈe-ˈɛ / w_#>-w_#>
{0: [0], 1: [1, 2], 2: [3]}
{0: [0], 1: [1], 2: [2]}
SCORE: 20.207

-------------------

/no/ - /nu/
<#_n-<#_n / o-u
{0: [0], 1: [1]}
{0: [0], 1: [1]}
SCORE: 14.403

-------------------

/nusˈatɾos/ - /nuzˈawtɾes/
<#_n-<#_n / u-u / s-z / ˈa-ˈa / t-w_t / ɾ-ɾ / o-e / s_#>-s_#>
{0: [0], 1: [1], 2: [2], 3: [3], 4: [4], 5: [5], 6: [6], 7: [7]}
{0: [0], 1: [1], 2: [2], 3: [3], 4: [4, 5], 5: [6], 6: [7], 7: [8]}
SCORE: 35.412

-------------------

/nwˈej/ - /nɥˈɛʧ/
<#_n-<#_n / w-ɥ / ˈe_j-ˈɛ / ∅-ʧ
{0: [0], 1: [1], 2: [2, 3], 3: None}
{0: [0], 1: [1], 2: [2], 3: [3]}
SCORE: 11.132

-------------------

/nwˈestɾo/ - /nˈɔstɾe/
<#_n-<#_n / w_ˈe-ˈɔ / s-s / t-t / ɾ-ɾ / o-e
{0: [0], 1: [1, 2], 2: [3], 3: [4], 4: [5], 5: [6]}
{0: [0], 1: [1], 2: [2], 3: [3], 4: [4], 5: [5]}
SCORE: 28.957

-------------------

/nwˈew/ - /nˈɔw/
<#_n-<#_n / w_ˈe-ˈɔ / w_#>-w_#>
{0: [0], 1: [1, 2], 2: [3]}
{0: [0], 1: [1], 2: [2]}
SCORE: 20.677

-------------------

/nwˈeβo/ - /nˈɔw/
<#_n-<#_n / w_ˈe-ˈɔ / β-w / o_#>-#>
{0: [0], 1: [1, 2], 2: [3], 3: [4]}
{0: [0], 1: [1], 2: [2], 3: None}
SCORE: 11.924

-------------------

/nwˈeθ/ - /nˈuʦ/
<#_n-<#_n / w_ˈe-ˈu / θ-ʦ
{0: [0], 1: [1, 2], 2: [3]}
{0: [0], 1: [1], 2: [2]}
SCORE: 16.76

-------------------

/nˈaso/ - /nˈas/
<#_n-<#_n / ˈa-ˈa / s-s / o_#>-#>
{0: [0], 1: [1], 2: [2], 3: [3]}
{0: [0], 1: [1], 2: [2], 3: None}
SCORE: 17.411

-------------------

/nˈeɣɾo/ - /nˈeɣɾe/
<#_n-<#_n / ˈe-ˈe / ɣ-ɣ / ɾ-ɾ / o-e
{0: [0], 1: [1], 2: [2], 3: [3], 4: [4]}
{0: [0], 1: [1], 2: [2], 3: [3], 4: [4]}
SCORE: 26.834

-------------------

/nˈombɾe/ - /nˈum/
<#_n-<#_n / ˈo-ˈu / m-m / b_ɾ_e_#>-#>
{0: [0], 1: [1], 2: [2], 3: [3, 4, 5]}
{0: [0], 1: [1], 2: [2], 3: None}
SCORE: 14.686

-------------------

/oɾˈeʎa/ - /awɾˈeʎɔ/
<#-<#_a / o-w / ɾ_ˈe-ɾ_ˈe / ʎ-ʎ / a-ɔ
{0: None, 1: [0], 2: [1, 2], 3: [3], 4: [4]}
{0: [0], 1: [1], 2: [2, 3], 3: [4], 4: [5]}
SCORE: 26.86

-------------------

/oβɾˈeɾo/ - /uβɾjˈɛ/
<#_o-<#_u / β-β / ɾ-ɾ_j / ˈe-ˈɛ / ɾ-∅ / o_#>-#>
{0: [0], 1: [1], 2: [2], 3: [3], 4: [4], 5: [5]}
{0: [0], 1: [1], 2: [2, 3], 3: [4], 4: None, 5: None}
SCORE: 18.807

-------------------

/oβˈeʎa/ - /uβˈeʎɔ/
<#_o-<#_u / β-β / ˈe-ˈe / ʎ-ʎ / a-ɔ
{0: [0], 1: [1], 2: [2], 3: [3], 4: [4]}
{0: [0], 1: [1], 2: [2], 3: [3], 4: [4]}
SCORE: 32.988

-------------------

/palˈaβɾa/ - /paɾˈawlɔ/
p-p / a-a / l-∅ / ˈa-ɾ_ˈa / β_ɾ-w / a-l_ɔ
{0: [0], 1: [1], 2: [2], 3: [3], 4: [4, 5], 5: [6]}
{0: [0], 1: [1], 2: None, 3: [2, 3], 4: [4], 5: [5, 6]}
SCORE: 13.409

-------------------

/peðˈuʎo/ - /pezˈul/
p-p / e-e / ð-z / ˈu_ʎ-ˈu_l / o_#>-#>
{0: [0], 1: [1], 2: [2], 3: [3, 4], 4: [5]}
{0: [0], 1: [1], 2: [2], 3: [3, 4], 4: None}
SCORE: 26.755

-------------------

/pjˈel/ - /pˈɛl/
p-p / j_ˈe-ˈɛ / l-l
{0: [0], 1: [1, 2], 2: [3]}
{0: [0], 1: [1], 2: [2]}
SCORE: 18.102

-------------------

/pjˈet/ - /pˈɛ/
p-p / j_ˈe-ˈɛ / t_#>-#>
{0: [0], 1: [1, 2], 2: [3]}
{0: [0], 1: [1], 2: None}
SCORE: 11.301

-------------------

/pjˈeðɾa/ - /pˈɛjɾɔ/
p-p / j-ˈɛ / ˈe-j / ð-∅ / ɾ_a-ɾ_ɔ
{0: [0], 1: [1], 2: [2], 3: [3], 4: [4, 5]}
{0: [0], 1: [1], 2: [2], 3: None, 4: [3, 4]}
SCORE: 20.847

-------------------

/ploɾˈaɾ/ - /pluɾˈa/
p-p / l-l / o-u / ɾ-ɾ / ˈa_ɾ_#>-ˈa_#>
{0: [0], 1: [1], 2: [2], 3: [3], 4: [4, 5]}
{0: [0], 1: [1], 2: [2], 3: [3], 4: [4]}
SCORE: 24.881

-------------------

/plˈaɣa/ - /plˈaɣɔ/
p-p / l-l / ˈa-ˈa / ɣ-ɣ / a-ɔ
{0: [0], 1: [1], 2: [2], 3: [3], 4: [4]}
{0: [0], 1: [1], 2: [2], 3: [3], 4: [4]}
SCORE: 30.476

-------------------

/plˈeno/ - /plˈe/
p-p / l-l / ˈe-ˈe / n-∅ / o_#>-#>
{0: [0], 1: [1], 2: [2], 3: [3], 4: [4]}
{0: [0], 1: [1], 2: [2], 3: None, 4: None}
SCORE: 11.544

-------------------

/plˈeβja/ - /plɥˈɛʤɔ/
p-p / l_ˈe-l / ∅-ɥ / β-∅ / j-ˈɛ / ∅-ʤ / a-ɔ
{0: [0], 1: [1, 2], 2: None, 3: [3], 4: [4], 5: None, 6: [5]}
{0: [0], 1: [1], 2: [2], 3: None, 4: [3], 5: [4], 6: [5]}
SCORE: 4.98

-------------------

/plˈuma/ - /plˈymɔ/
p-p / l-l / ˈu-ˈy / m-m / a-ɔ
{0: [0], 1: [1], 2: [2], 3: [3], 4: [4]}
{0: [0], 1: [1], 2: [2], 3: [3], 4: [4]}
SCORE: 30.613

-------------------

/poðˈeɾ/ - /puðˈe/
p-p / o-u / ð-ð / ˈe-ˈe / ɾ_#>-#>
{0: [0], 1: [1], 2: [2], 3: [3], 4: [4]}
{0: [0], 1: [1], 2: [2], 3: [3], 4: None}
SCORE: 21.771

-------------------

/pwˈen/ - /pˈɔn/
p-p / w_ˈe-ˈɔ / n-n
{0: [0], 1: [1, 2], 2: [3]}
{0: [0], 1: [1], 2: [2]}
SCORE: 18.764

-------------------

/pwˈeɾka/ - /pˈɔʀkɔ/
p-p / w_ˈe-ˈɔ / ɾ-ʀ / k-k / a-ɔ
{0: [0], 1: [1, 2], 2: [3], 3: [4], 4: [5]}
{0: [0], 1: [1], 2: [2], 3: [3], 4: [4]}
SCORE: 26.159

-------------------

/pwˈeɾko/ - /pˈɔʀk/
p-p / w_ˈe-ˈɔ / ɾ-ʀ / k-k / o_#>-#>
{0: [0], 1: [1, 2], 2: [3], 3: [4], 4: [5]}
{0: [0], 1: [1], 2: [2], 3: [3], 4: None}
SCORE: 19.732

-------------------

/pɾˈe/ - /pɾˈɛʦ/
p-p / ɾ-ɾ / ˈe-ˈɛ / #>-ʦ_#>
{0: [0], 1: [1], 2: [2], 3: None}
{0: [0], 1: [1], 2: [2], 3: [3]}
SCORE: 15.579

-------------------

/pˈaj/ - /pˈajɾe/
p-p / ˈa-ˈa / j-j / ∅-ɾ / #>-e_#>
{0: [0], 1: [1], 2: [2], 3: None, 4: None}
{0: [0], 1: [1], 2: [2], 3: [3], 4: [4]}
SCORE: 12.16

-------------------

/pˈan/ - /pˈa/
p-p / ˈa-ˈa / n_#>-#>
{0: [0], 1: [1], 2: [2]}
{0: [0], 1: [1], 2: None}
SCORE: 12.098

-------------------

/pˈaθ/ - /pˈaʦ/
p-p / ˈa-ˈa / θ-ʦ
{0: [0], 1: [1], 2: [2]}
{0: [0], 1: [1], 2: [2]}
SCORE: 20.488

-------------------

/pˈejto/ - /pjˈɛʧ/
p-p / ˈe-j / j-ˈɛ / t_o-ʧ
{0: [0], 1: [1], 2: [2], 3: [3, 4]}
{0: [0], 1: [1], 2: [2], 3: [3]}
SCORE: 19.306

-------------------

/pˈelo/ - /pˈel/
p-p / ˈe-ˈe / l-l / o_#>-#>
{0: [0], 1: [1], 2: [2], 3: [3]}
{0: [0], 1: [1], 2: [2], 3: None}
SCORE: 16.544

-------------------

/pˈena/ - /pˈenɔ/
p-p / ˈe-ˈe / n-n / a-ɔ
{0: [0], 1: [1], 2: [2], 3: [3]}
{0: [0], 1: [1], 2: [2], 3: [3]}
SCORE: 23.163

-------------------

/pˈeʃ/ - /pˈejs/
p-p / ˈe-ˈe / ʃ-j_s
{0: [0], 1: [1], 2: [2]}
{0: [0], 1: [1], 2: [2, 3]}
SCORE: 15.859

-------------------

/pˈoko/ - /pˈawk/
p-p / ˈo-ˈa_w / k-k / o_#>-#>
{0: [0], 1: [1], 2: [2], 3: [3]}
{0: [0], 1: [1, 2], 2: [3], 3: None}
SCORE: 15.617

-------------------

/pˈoβɾe/ - /pˈawɾe/
p-p / ˈo-ˈa / β_ɾ-w_ɾ / e-e
{0: [0], 1: [1], 2: [2, 3], 3: [4]}
{0: [0], 1: [1], 2: [2, 3], 3: [4]}
SCORE: 23.43

-------------------

/pˈunto/ - /pˈunʧ/
p-p / ˈu-ˈu / n-n / t_o-ʧ
{0: [0], 1: [1], 2: [2], 3: [3, 4]}
{0: [0], 1: [1], 2: [2], 3: [3]}
SCORE: 22.057

-------------------

/pˈuɲo/ - /pˈyɲ/
p-p / ˈu-ˈy / ɲ-ɲ / o_#>-#>
{0: [0], 1: [1], 2: [2], 3: [3]}
{0: [0], 1: [1], 2: [2], 3: None}
SCORE: 21.98

-------------------

/pˈuθo/ - /pˈuʦ/
p-p / ˈu-ˈu / θ-ʦ / o_#>-#>
{0: [0], 1: [1], 2: [2], 3: [3]}
{0: [0], 1: [1], 2: [2], 3: None}
SCORE: 17.741

-------------------

/raðˈiθ/ - /ʀaˈis/
<#_r-<#_ʀ / a_ð-a / ˈi-ˈi / θ-s
{0: [0], 1: [1, 2], 2: [3], 3: [4]}
{0: [0], 1: [1], 2: [2], 3: [3]}
SCORE: 21.35

-------------------

/raθˈon/ - /ʀazˈu/
<#_r-<#_ʀ / a-a / θ-z / ˈo_n_#>-ˈu_#>
{0: [0], 1: [1], 2: [2], 3: [3, 4]}
{0: [0], 1: [1], 2: [2], 3: [3]}
SCORE: 23.763

-------------------

/reðˈondo/ - /ʀeðˈun/
<#_r-<#_ʀ / e-e / ð-ð / ˈo-ˈu / n-n / d-∅ / o_#>-#>
{0: [0], 1: [1], 2: [2], 3: [3], 4: [4], 5: [5], 6: [6]}
{0: [0], 1: [1], 2: [2], 3: [3], 4: [4], 5: None, 6: None}
SCORE: 23.997

-------------------

/rwˈeða/ - /ʀˈɔðɔ/
<#_r-<#_ʀ / w_ˈe-ˈɔ / ð-ð / a-ɔ
{0: [0], 1: [1, 2], 2: [3], 3: [4]}
{0: [0], 1: [1], 2: [2], 3: [3]}
SCORE: 25.334

-------------------

/rˈej/ - /ʀˈej/
<#_r-<#_ʀ / ˈe-ˈe / j-j
{0: [0], 1: [1], 2: [2]}
{0: [0], 1: [1], 2: [2]}
SCORE: 19.426

-------------------

/rˈejna/ - /ʀˈejnɔ/
<#_r-<#_ʀ / ˈe-ˈe / j-j / n-n / a-ɔ
{0: [0], 1: [1], 2: [2], 3: [3], 4: [4]}
{0: [0], 1: [1], 2: [2], 3: [3], 4: [4]}
SCORE: 28.046

-------------------

/rˈio/ - /ʀˈiw/
<#_r-<#_ʀ / ˈi-ˈi / o-w
{0: [0], 1: [1], 2: [2]}
{0: [0], 1: [1], 2: [2]}
SCORE: 18.837

-------------------

/rˈoʝo/ - /ʀˈuʤe/
<#_r-<#_ʀ / ˈo-ˈu / ∅-ʤ / ʝ-∅ / o-e
{0: [0], 1: [1], 2: None, 3: [2], 4: [3]}
{0: [0], 1: [1], 2: [2], 3: None, 4: [3]}
SCORE: 7.455

-------------------

/salˈut/ - /salˈyt/
s_a-s_a / l-l / ˈu-ˈy / t_#>-t_#>
{0: [0, 1], 1: [2], 2: [3], 3: [4]}
{0: [0, 1], 1: [2], 2: [3], 3: [4]}
SCORE: 32.157

-------------------

/sapˈeɾ/ - /saβˈe/
s_a-s_a / p-β / ˈe-ˈe / ɾ_#>-#>
{0: [0, 1], 1: [2], 2: [3], 3: [4]}
{0: [0, 1], 1: [2], 2: [3], 3: None}
SCORE: 18.728

-------------------

/semˈana/ - /semːˈanɔ/
<#_s-<#_s / e-e / m-mː / ˈa-ˈa / n-n / a-ɔ
{0: [0], 1: [1], 2: [2], 3: [3], 4: [4], 5: [5]}
{0: [0], 1: [1], 2: [2], 3: [3], 4: [4], 5: [5]}
SCORE: 32.668

-------------------

/seɣˈuɾo/ - /seɣˈy/
<#_s-<#_s / e-e / ɣ-ɣ / ˈu_ɾ-ˈy / o_#>-#>
{0: [0], 1: [1], 2: [2], 3: [3, 4], 4: [5]}
{0: [0], 1: [1], 2: [2], 3: [3], 4: None}
SCORE: 21.056

-------------------

/sjˈete/ - /sˈɛt/
<#_s-<#_s / j_ˈe-ˈɛ / t-t / e_#>-#>
{0: [0], 1: [1, 2], 2: [3], 3: [4]}
{0: [0], 1: [1], 2: [2], 3: None}
SCORE: 15.123

-------------------

/sofɾˈiɾ/ - /sufɾˈi/
<#_s-<#_s / o-u / f-f / ɾ-ɾ / ˈi-ˈi / ɾ_#>-#>
{0: [0], 1: [1], 2: [2], 3: [3], 4: [4], 5: [5]}
{0: [0], 1: [1], 2: [2], 3: [3], 4: [4], 5: None}
SCORE: 26.478

-------------------

/sˈal/ - /sˈal/
<#_s-<#_s / ˈa-ˈa / l-l
{0: [0], 1: [1], 2: [2]}
{0: [0], 1: [1], 2: [2]}
SCORE: 18.588

-------------------

/sˈana/ - /sˈanɔ/
<#_s-<#_s / ˈa-ˈa / n-n / a-ɔ
{0: [0], 1: [1], 2: [2], 3: [3]}
{0: [0], 1: [1], 2: [2], 3: [3]}
SCORE: 22.806

-------------------

/sˈano/ - /sˈa/
<#_s-<#_s / ˈa_n-ˈa / o_#>-#>
{0: [0], 1: [1, 2], 2: [3]}
{0: [0], 1: [1], 2: None}
SCORE: 8.397

-------------------

/sˈanto/ - /sˈan/
<#_s-<#_s / ˈa-ˈa / n-n / t_o_#>-#>
{0: [0], 1: [1], 2: [2], 3: [3, 4]}
{0: [0], 1: [1], 2: [2], 3: None}
SCORE: 13.838

-------------------

/sˈapes/ - /sˈaβes/
<#_s-<#_s / ˈa-ˈa / p-β / e-e / s_#>-s_#>
{0: [0], 1: [1], 2: [2], 3: [3], 4: [4]}
{0: [0], 1: [1], 2: [2], 3: [3], 4: [4]}
SCORE: 24.78

-------------------

/sˈaŋɡɾe/ - /sˈaŋk/
<#_s-<#_s / ˈa-ˈa / ŋ-ŋ / ɡ-k / ɾ-∅ / e_#>-#>
{0: [0], 1: [1], 2: [2], 3: [3], 4: [4], 5: [5]}
{0: [0], 1: [1], 2: [2], 3: [3], 4: None, 5: None}
SCORE: 16.489

-------------------

/sˈaβjo/ - /sˈaβi/
<#_s-<#_s / ˈa-ˈa / β-β / j-i / o_#>-#>
{0: [0], 1: [1], 2: [2], 3: [3], 4: [4]}
{0: [0], 1: [1], 2: [2], 3: [3], 4: None}
SCORE: 18.951

-------------------

/sˈaβle/ - /sˈaβlɔ/
<#_s-<#_s / ˈa-ˈa / β-β / l-l_ɔ / e_#>-#>
{0: [0], 1: [1], 2: [2], 3: [3], 4: [4]}
{0: [0], 1: [1], 2: [2], 3: [3, 4], 4: None}
SCORE: 17.335

-------------------

/sˈejs/ - /sjˈɛjs/
<#_s-<#_s / ˈe-j_ˈɛ / j-j / s_#>-s_#>
{0: [0], 1: [1], 2: [2], 3: [3]}
{0: [0], 1: [1, 2], 2: [3], 3: [4]}
SCORE: 20.15

-------------------

/sˈepa/ - /sˈapjɔ/
<#_s-<#_s / ∅-ˈa / ˈe-∅ / p-p / ∅-j / a-ɔ
{0: [0], 1: None, 2: [1], 3: [2], 4: None, 5: [3]}
{0: [0], 1: [1], 2: None, 3: [2], 4: [3], 5: [4]}
SCORE: 4.461

-------------------

/sˈeða/ - /sˈeðɔ/
<#_s-<#_s / ˈe-ˈe / ð-ð / a-ɔ
{0: [0], 1: [1], 2: [2], 3: [3]}
{0: [0], 1: [1], 2: [2], 3: [3]}
SCORE: 24.073

-------------------

/sˈol/ - /sˈul/
<#_s-<#_s / ˈo-ˈu / l-l
{0: [0], 1: [1], 2: [2]}
{0: [0], 1: [1], 2: [2]}
SCORE: 19.139

-------------------

/sˈoβɾe/ - /sˈyβɾe/
<#_s-<#_s / ∅-ˈy / ˈo-∅ / β-β / ɾ-ɾ / e-e
{0: [0], 1: None, 2: [1], 3: [2], 4: [3], 5: [4]}
{0: [0], 1: [1], 2: None, 3: [2], 4: [3], 5: [4]}
SCORE: 13.926

-------------------

/tjˈempo/ - /tˈɛms/
<#_t-<#_t / j_ˈe-ˈɛ / m-m / p-s / o_#>-#>
{0: [0], 1: [1, 2], 2: [3], 3: [4], 4: [5]}
{0: [0], 1: [1], 2: [2], 3: [3], 4: None}
SCORE: 18.065

-------------------

/tjˈera/ - /tˈɛʀɔ/
<#_t-<#_t / j_ˈe-ˈɛ / r-ʀ / a-ɔ
{0: [0], 1: [1, 2], 2: [3], 3: [4]}
{0: [0], 1: [1], 2: [2], 3: [3]}
SCORE: 24.518

-------------------

/tusˈiɾ/ - /tusˈi/
<#_t-<#_t / u-u / s-s / ˈi-ˈi / ɾ_#>-#>
{0: [0], 1: [1], 2: [2], 3: [3], 4: [4]}
{0: [0], 1: [1], 2: [2], 3: [3], 4: None}
SCORE: 25.871

-------------------

/tɾˈes/ - /tɾˈes/
<#_t-<#_t / ɾ_ˈe-ɾ_ˈe / s_#>-s_#>
{0: [0], 1: [1, 2], 2: [3]}
{0: [0], 1: [1, 2], 2: [3]}
SCORE: 27.15

-------------------

/tˈot/ - /tˈut/
<#_t-<#_t / ˈo-ˈu / t_#>-t_#>
{0: [0], 1: [1], 2: [2]}
{0: [0], 1: [1], 2: [2]}
SCORE: 22.541

-------------------

/tˈoɾo/ - /tˈawʀ/
<#_t-<#_t / ˈo-ˈa / ɾ_o-w_ʀ
{0: [0], 1: [1], 2: [2, 3]}
{0: [0], 1: [1], 2: [2, 3]}
SCORE: 18.969

-------------------

/tˈoθ/ - /tˈuts/
<#_t-<#_t / ˈo-ˈu / ∅-t / θ-s
{0: [0], 1: [1], 2: None, 3: [2]}
{0: [0], 1: [1], 2: [2], 3: [3]}
SCORE: 15.454

-------------------

/tˈu/ - /tˈy/
<#_t-<#_t / ˈu-ˈy
{0: [0], 1: [1]}
{0: [0], 1: [1]}
SCORE: 17.634

-------------------

/ulˈoɾ/ - /ulˈu/
u-u / l-l / ˈo-ˈu / ɾ_#>-#>
{0: [0], 1: [1], 2: [2], 3: [3]}
{0: [0], 1: [1], 2: [2], 3: None}
SCORE: 18.284

-------------------

/wˈejto/ - /ɥˈɛʧ/
<#_w-<#_ɥ / ˈe-ˈɛ / j_t-ʧ / o_#>-#>
{0: [0], 1: [1], 2: [2, 3], 3: [4]}
{0: [0], 1: [1], 2: [2], 3: None}
SCORE: 19.486

-------------------

/wˈeso/ - /ˈɔs/
w_ˈe-ˈɔ / s-s / o_#>-#>
{0: [0, 1], 1: [2], 2: [3]}
{0: [0], 1: [1], 2: None}
SCORE: 10.778

-------------------

/wˈeɣo/ - /ɥˈɔw/
<#_w-<#_ɥ / ˈe_ɣ-ˈɔ / o-w
{0: [0], 1: [1, 2], 2: [3]}
{0: [0], 1: [1], 2: [2]}
SCORE: 18.275

-------------------

/wˈeʎo/ - /ɥˈɛl/
<#_w-<#_ɥ / ˈe-ˈɛ / ʎ_o_#>-l_#>
{0: [0], 1: [1], 2: [2, 3]}
{0: [0], 1: [1], 2: [2]}
SCORE: 19.038

-------------------

/wˈeʎos/ - /ɥˈɛls/
<#_w-<#_ɥ / ˈe-ˈɛ / ʎ-l / o-∅ / s_#>-s_#>
{0: [0], 1: [1], 2: [2], 3: [3], 4: [4]}
{0: [0], 1: [1], 2: [2], 3: None, 4: [3]}
SCORE: 20.947

-------------------

/wˈeβɾa/ - /ˈɔβɾɔ/
w_ˈe-ˈɔ / β-β / ɾ_a-ɾ_ɔ
{0: [0, 1], 1: [2], 2: [3, 4]}
{0: [0], 1: [1], 2: [2, 3]}
SCORE: 24.113

-------------------

/ɡlaɾˈima/ - /lˈaɣɾemɔ/
ɡ-∅ / l-l / ∅-ˈa / ∅-ɣ / a-ɾ / ɾ-e / ˈi-∅ / m-m / a-ɔ
{0: [0], 1: [1], 2: None, 3: None, 4: [2], 5: [3], 6: [4], 7: [5], 8: [6]}
{0: None, 1: [0], 2: [1], 3: [2], 4: [3], 5: [4], 6: None, 7: [5], 8: [6]}
SCORE: -1.089

-------------------

/ɡwˈaʎa/ - /kˈaʎɔ/
ɡ-k / w-∅ / ˈa-ˈa / ʎ-ʎ / a-ɔ
{0: [0], 1: [1], 2: [2], 3: [3], 4: [4]}
{0: [0], 1: None, 2: [1], 3: [2], 4: [3]}
SCORE: 16.676

-------------------

/ɡɾˈajʃa/ - /ɡɾˈas/
ɡ-ɡ / ɾ-ɾ / ˈa_j-ˈa / ʃ-s / a_#>-#>
{0: [0], 1: [1], 2: [2, 3], 3: [4], 4: [5]}
{0: [0], 1: [1], 2: [2], 3: [3], 4: None}
SCORE: 18.224

-------------------

/ɡɾˈan/ - /ɡɾˈa/
ɡ-ɡ / ɾ-ɾ / ˈa-ˈa / n_#>-#>
{0: [0], 1: [1], 2: [2], 3: [3]}
{0: [0], 1: [1], 2: [2], 3: None}
SCORE: 17.61

-------------------

/ɡɾˈano/ - /ɡɾˈa/
ɡ-ɡ / ɾ-ɾ / ˈa_n-ˈa / o_#>-#>
{0: [0], 1: [1], 2: [2, 3], 3: [4]}
{0: [0], 1: [1], 2: [2], 3: None}
SCORE: 14.69

-------------------

/ɡˈato/ - /ɡˈat/
ɡ-ɡ / ˈa-ˈa / t-t / o_#>-#>
{0: [0], 1: [1], 2: [2], 3: [3]}
{0: [0], 1: [1], 2: [2], 3: None}
SCORE: 19.369

-------------------

/ɡˈolpe/ - /kˈɔp/
ɡ-k / ˈo-ˈɔ / l-∅ / p-p / e_#>-#>
{0: [0], 1: [1], 2: [2], 3: [3], 4: [4]}
{0: [0], 1: [1], 2: None, 3: [2], 4: None}
SCORE: 7.945

-------------------

/ɡˈota/ - /ɡˈutɔ/
ɡ-ɡ / ˈo-ˈu / t_a-t_ɔ
{0: [0], 1: [1], 2: [2, 3]}
{0: [0], 1: [1], 2: [2, 3]}
SCORE: 27.297

-------------------

/ɡˈoʝo/ - /ɡˈawk/
ɡ-ɡ / ˈo-ˈa / ʝ-∅ / o-w / #>-k_#>
{0: [0], 1: [1], 2: [2], 3: [3], 4: None}
{0: [0], 1: [1], 2: None, 3: [2], 4: [3]}
SCORE: 8.609

-------------------

/ʎˈeβɾe/ - /lˈɛβɾe/
ʎ-l / ˈe-ˈɛ / β-β / ɾ-ɾ / e-e
{0: [0], 1: [1], 2: [2], 3: [3], 4: [4]}
{0: [0], 1: [1], 2: [2], 3: [3], 4: [4]}
SCORE: 26.97

-------------------

/ʝˈeɾβa/ - /ˈɛʀβɔ/
ʝ-∅ / ˈe-ˈɛ / ɾ-ʀ / β-β / a-ɔ
{0: [0], 1: [1], 2: [2], 3: [3], 4: [4]}
{0: None, 1: [0], 2: [1], 3: [2], 4: [3]}
SCORE: 17.325

-------------------

/ʝˈo/ - /jˈew/
ʝ-j / ˈo-ˈe_w
{0: [0], 1: [1]}
{0: [0], 1: [1, 2]}
SCORE: 7.294

-------------------

/ʧelˈaɾ/ - /ʤelˈa/
ʧ-ʤ / e-e / l-l / ˈa_ɾ_#>-ˈa_#>
{0: [0], 1: [1], 2: [2], 3: [3, 4]}
{0: [0], 1: [1], 2: [2], 3: [3]}
SCORE: 23.254

-------------------

/ʧenˈuʎo/ - /ʤenˈul/
ʧ-ʤ / e_n-e_n / ˈu_ʎ-ˈu_l / o_#>-#>
{0: [0], 1: [1, 2], 2: [3, 4], 3: [5]}
{0: [0], 1: [1, 2], 2: [3, 4], 3: None}
SCORE: 30.435

-------------------

/ʧwˈeɣo/ - /ʤˈɔk/
ʧ-ʤ / w-ˈɔ / ˈe_ɣ-k / o_#>-#>
{0: [0], 1: [1], 2: [2, 3], 3: [4]}
{0: [0], 1: [1], 2: [2], 3: None}
SCORE: 16.045

-------------------

/ʧˈelo/ - /ʤˈɛl/
ʧ-ʤ / ˈe-ˈɛ / l-l / o_#>-#>
{0: [0], 1: [1], 2: [2], 3: [3]}
{0: [0], 1: [1], 2: [2], 3: None}
SCORE: 17.993

-------------------

/ʧˈen/ - /ʤˈɛn/
ʧ-ʤ / ˈe-ˈɛ / n-n
{0: [0], 1: [1], 2: [2]}
{0: [0], 1: [1], 2: [2]}
SCORE: 20.584

-------------------

/ʧˈoβen/ - /ʤˈuβe/
ʧ-ʤ / ˈo-ˈu / β-β / e_n-e
{0: [0], 1: [1], 2: [2], 3: [3, 4]}
{0: [0], 1: [1], 2: [2], 3: [3]}
SCORE: 25.269

-------------------

/ʧˈunto/ - /ʤˈyn/
ʧ-ʤ / ˈu-ˈy / n-n / t_o_#>-#>
{0: [0], 1: [1], 2: [2], 3: [3, 4]}
{0: [0], 1: [1], 2: [2], 3: None}
SCORE: 17.489

-------------------

/ˈalma/ - /ˈanmɔ/
<#_ˈa-<#_ˈa / ∅-n / l-∅ / m-m / a-ɔ
{0: [0], 1: None, 2: [1], 3: [2], 4: [3]}
{0: [0], 1: [1], 2: None, 3: [2], 4: [3]}
SCORE: 11.115

-------------------

/ˈalβa/ - /ˈawβɔ/
<#_ˈa-<#_ˈa / ∅-w / l-∅ / β-β / a-ɔ
{0: [0], 1: None, 2: [1], 3: [2], 4: [3]}
{0: [0], 1: [1], 2: None, 3: [2], 4: [3]}
SCORE: 11.47

-------------------

/ˈanʧel/ - /ˈanʤel/
<#_ˈa-<#_ˈa / n-n / ʧ-ʤ / e-e / l-l
{0: [0], 1: [1], 2: [2], 3: [3], 4: [4]}
{0: [0], 1: [1], 2: [2], 3: [3], 4: [4]}
SCORE: 31.38

-------------------

/ˈatɾo/ - /ˈawtɾe/
<#_ˈa-<#_ˈa / t-w_t / ɾ-ɾ / o-e
{0: [0], 1: [1], 2: [2], 3: [3]}
{0: [0], 1: [1, 2], 2: [3], 3: [4]}
SCORE: 16.551

-------------------

/ˈawka/ - /ˈawkɔ/
<#_ˈa-<#_ˈa / w-w / k-k / a-ɔ
{0: [0], 1: [1], 2: [2], 3: [3]}
{0: [0], 1: [1], 2: [2], 3: [3]}
SCORE: 22.422

-------------------

/ˈawɣwa/ - /ˈajɣɔ/
<#_ˈa-<#_ˈa / ∅-j / w-∅ / ɣ_w-ɣ / a-ɔ
{0: [0], 1: None, 2: [1], 3: [2, 3], 4: [4]}
{0: [0], 1: [1], 2: None, 3: [2], 4: [3]}
SCORE: 10.433

-------------------

/ˈaɲo/ - /ˈan/
<#_ˈa-<#_ˈa / ɲ-∅ / o-n
{0: [0], 1: [1], 2: [2]}
{0: [0], 1: None, 2: [1]}
SCORE: 3.857

-------------------

/ˈaɾβol/ - /ˈaɾβe/
<#_ˈa-<#_ˈa / ɾ-ɾ / β-β / o-e / l_#>-#>
{0: [0], 1: [1], 2: [2], 3: [3], 4: [4]}
{0: [0], 1: [1], 2: [2], 3: [3], 4: None}
SCORE: 18.971

-------------------

/ˈaʎo/ - /ˈal/
<#_ˈa-<#_ˈa / ʎ_o_#>-l_#>
{0: [0], 1: [1, 2]}
{0: [0], 1: [1]}
SCORE: 13.571

-------------------

/ˈel/ - /ˈel/
<#_ˈe-<#_ˈe / l-l
{0: [0], 1: [1]}
{0: [0], 1: [1]}
SCORE: 14.286

-------------------

/ˈeʎa/ - /ˈelɔ/
<#_ˈe-<#_ˈe / ʎ-l / a-ɔ
{0: [0], 1: [1], 2: [2]}
{0: [0], 1: [1], 2: [2]}
SCORE: 17.748

-------------------

/ˈizla/ - /ˈilːɔ/
ˈi-ˈi / z-lː / l_a-ɔ
{0: [0], 1: [1], 2: [2, 3]}
{0: [0], 1: [1], 2: [2]}
SCORE: 13.428

-------------------

/ˈombɾe/ - /ˈɔme/
ˈo-ˈɔ / m-m / b-∅ / ɾ-∅ / e-e
{0: [0], 1: [1], 2: [2], 3: [3], 4: [4]}
{0: [0], 1: [1], 2: None, 3: None, 4: [2]}
SCORE: 7.977

-------------------

/ˈonso/ - /ˈuʀs/
ˈo-ˈu / n-ʀ / s-s / o_#>-#>
{0: [0], 1: [1], 2: [2], 3: [3]}
{0: [0], 1: [1], 2: [2], 3: None}
SCORE: 11.932

-------------------

/ˈoɾo/ - /ˈawʀ/
ˈo-ˈa / ɾ_o-w_ʀ
{0: [0], 1: [1, 2]}
{0: [0], 1: [1, 2]}
SCORE: 12.325

-------------------

/ˈuno/ - /ˈyn/
ˈu-ˈy / n-n / o_#>-#>
{0: [0], 1: [1], 2: [2]}
{0: [0], 1: [1], 2: None}
SCORE: 13.183

-------------------

/ˈuŋɡla/ - /ˈyŋɡlɔ/
ˈu-ˈy / ŋ-ŋ / ɡ-ɡ / l-l / a-ɔ
{0: [0], 1: [1], 2: [2], 3: [3], 4: [4]}
{0: [0], 1: [1], 2: [2], 3: [3], 4: [4]}
SCORE: 34.623

-------------------

/θeɾkˈaɾ/ - /seʀkˈa/
<#_θ-<#_s / e-e / ɾ-ʀ / k-k / ˈa_ɾ_#>-ˈa_#>
{0: [0], 1: [1], 2: [2], 3: [3], 4: [4, 5]}
{0: [0], 1: [1], 2: [2], 3: [3], 4: [4]}
SCORE: 24.594

-------------------

/θiŋkwˈanta/ - /siŋkˈantɔ/
<#_θ-<#_s / i-i / ŋ-ŋ / k_w-k / ˈa-ˈa / n-n / t_a-t_ɔ
{0: [0], 1: [1], 2: [2], 3: [3, 4], 4: [5], 5: [6], 6: [7, 8]}
{0: [0], 1: [1], 2: [2], 3: [3], 4: [4], 5: [5], 6: [6, 7]}
SCORE: 44.273

-------------------

/θiɾˈesa/ - /seɾjˈɛɾɔ/
<#_θ-<#_s / i-e / ɾ-ɾ_j / ˈe-ˈɛ / s-∅ / a-ɾ_ɔ
{0: [0], 1: [1], 2: [2], 3: [3], 4: [4], 5: [5]}
{0: [0], 1: [1], 2: [2, 3], 3: [4], 4: None, 5: [5, 6]}
SCORE: 18.48

-------------------

/θjuðˈat/ - /siwtˈat/
<#_θ-<#_s / j-i / ∅-w / u-∅ / ð-t / ˈa-ˈa / t_#>-t_#>
{0: [0], 1: [1], 2: None, 3: [2], 4: [3], 5: [4], 6: [5]}
{0: [0], 1: [1], 2: [2], 3: None, 4: [3], 5: [4], 6: [5]}
SCORE: 12.677

-------------------

/θjˈelo/ - /sˈɛl/
<#_θ-<#_s / j_ˈe-ˈɛ / l-l / o_#>-#>
{0: [0], 1: [1, 2], 2: [3], 3: [4]}
{0: [0], 1: [1], 2: [2], 3: None}
SCORE: 14.832

-------------------

/θjˈento/ - /sˈɛn/
<#_θ-<#_s / j_ˈe-ˈɛ / n-n / t_o_#>-#>
{0: [0], 1: [1, 2], 2: [3], 3: [4, 5]}
{0: [0], 1: [1], 2: [2], 3: None}
SCORE: 12.482

-------------------

/θˈeɾa/ - /sˈeɾɔ/
<#_θ-<#_s / ˈe-ˈe / ɾ_a-ɾ_ɔ
{0: [0], 1: [1], 2: [2, 3]}
{0: [0], 1: [1], 2: [2, 3]}
SCORE: 23.058

-------------------

/θˈima/ - /sˈimɔ/
<#_θ-<#_s / ˈi-ˈi / m-m / a-ɔ
{0: [0], 1: [1], 2: [2], 3: [3]}
{0: [0], 1: [1], 2: [2], 3: [3]}
SCORE: 25.216

-------------------

/θˈiŋko/ - /sˈiŋk/
<#_θ-<#_s / ˈi-ˈi / ŋ-ŋ / k-k / o_#>-#>
{0: [0], 1: [1], 2: [2], 3: [3], 4: [4]}
{0: [0], 1: [1], 2: [2], 3: [3], 4: None}
SCORE: 25.934
