/dvˈa/ - /duwoː/
[1/1] d-d_u / v-w / ˈ-∅ / a-oː

-------------------

/dɐrvˈɔ/ - /dérwa/
[1/1] d-d / ∅-́ / ɐ-e / r-r / v-w / ˈ-∅ / ɔ-a

-------------------

/dˈim/ - /dúːˀmas/
[1/1] d-d / ˈ-́ˀ / i-uː / m-m / ∅-a / #>-s_#>

-------------------

/dˈɛsɛt/ - /désʲimt/
[1/1] d-d / ˈ_ɛ-́_e / s-sʲ / ɛ-i / ∅-m / t-t

-------------------

/dˈɛvɛt/ - /néwin/
[1/1] <#-<#_n / d-́ / ˈ_ɛ-e / v-w / ɛ-i / t-n

-------------------

/dˈɤɫɐɡ̊/ - /dílˀɡas/
[1/1] d-d / ∅-́ / ˈ_ɤ-i / ɫ_ɐ-ˀ_l / ɡ̊-ɡ_a / #>-s_#>

-------------------

/korˈa/ - /karáːˀ/
[1/1] k-k / o-a / r-r / ˈ-́ˀ / a-aː

-------------------

/krˈavɐ/ - /kárˀwaːˀ/
[1/1] k-k_́ / ∅-a / ∅-ˀ / r-r / ˈ-w_ˀ / a-aː / v-∅ / ɐ-∅

-------------------

/krˈɤf/ - /krau̯jas/
[1/1] k-k / r-r / ∅-au̯ / ˈ-j / ɤ-a / f-s

-------------------

/lʲˈato/ - /lai̯ta/
[1/1] lʲ-∅ / ˈ-l / a-ai̯ / t-t / o_#>-a_#>

-------------------

/mɐɡɫˈa/ - /míɡlaːˀ/
[1/1] m-m / ∅-́ / ɐ-i / ɡ-ɡ / ɫ-l / ∅-ˀ / ˈ-∅ / a-aː

-------------------

/mˈɤrtɐf/ - /mirtwas/
[1/1] m-m / ˈ_ɤ-i / r-r / t-t / ɐ-w / f-a / #>-s_#>

-------------------

/noɡˈa/ - /naɡáːˀ/
[1/1] <#_n-<#_n / o-a / ɡ-ɡ / ˈ-́ˀ / a-aː

-------------------

/nˈɔkɐt/ - /náɡas/
[1/1] <#_n-<#_n / ˈ-∅ / ɔ-́_a / k-ɡ / ɐ-a / t-s

-------------------

/nˈɔs/ - /nasús/
[1/1] <#_n-<#_n / ∅-a / ˈ-s / ɔ-́_u / s-s

-------------------

/nˈɔʃt/ - /náktis/
[1/1] <#_n-<#_n / ˈ-∅ / ɔ-́_a / ʃ-k / t-t / ∅-i / #>-s_#>

-------------------

/osˈa/ - /wápsaːˀ/
[1/1] <#-<#_w / ∅-́ / o-a / ∅-p / s-s / ∅-ˀ / ˈ-∅ / a-aː

-------------------

/pˈijɐ/ - /piːtei̯/
[1/1] p-p / ˈ-iː / i-t / j-ei̯ / ɐ-∅

-------------------

/pˈɛt/ - /pénki/
[1/1] p-p / ˈ_ɛ-́_e / ∅-n / ∅-k / t-i

-------------------

/pˈɤlɛn/ - /pílˀnas/
[1/1] p-p_́ / ˈ_ɤ-i / l-ˀ / ɛ-l / n-n_a / #>-s_#>

-------------------

/pˈɤt/ - /pántis/
[1/1] p-p / ˈ-∅ / ɤ-́_a / ∅-n / t-t / ∅-i / #>-s_#>

-------------------

/rɐkˈa/ - /ráŋkaːˀ/
[1/1] r-r / ∅-́ / ∅-a / ɐ-ŋ / k-k / ∅-ˀ / ˈ-∅ / a-aː

-------------------

/rˈaɫo/ - /árˀtla/
[1/1] r_ˈ-́ / a-a_ˀ / ∅-r / ∅-t / ɫ-l / o_#>-a_#>

-------------------

/rˈɔɡ̊/ - /ráɡas/
[1/1] r-r / ˈ-∅ / ɔ-́_a / ɡ̊-ɡ_a / #>-s_#>

-------------------

/smˈɤrt/ - /mirtís/
[1/1] <#_s-<# / m-m / ˈ_ɤ-i / r-r / t-t / ∅-́ / ∅-i / #>-s_#>

-------------------

/snʲˈaɡ̊/ - /snái̯ɡas/
[1/1] <#_s-<#_s / nʲ_ˈ-n_́ / a-ai̯ / ɡ̊-ɡ_a / #>-s_#>

-------------------

/stˈar/ - /stáːˀras/
[1/1] <#_s-<#_s / t-t / ˈ-́ˀ / a-aː / r-r / ∅-a / #>-s_#>

-------------------

/sɫˈɤnʦɛ/ - /sáu̯ˀlijaːˀ/
[1/1] <#_s-<#_s / ∅-́ˀ / ∅-au̯ / ɫ-l / ˈ_ɤ-i / n-j / ʦ-ˀ / ɛ-aː

-------------------

/sˈad̥/ - /saːdas/
[1/1] <#_s-<#_s / ˈ-∅ / a-aː / ∅-d / d̥-a / #>-s_#>

-------------------

/sˈux/ - /sau̯ʃás/
[1/1] <#_s-<#_s / ˈ-∅ / u-au̯ / x-ʃ / ∅-́ / ∅-a / #>-s_#>

-------------------

/sˈɔɫ/ - /sáːˀlis/
[1/1] <#_s-<#_s / ˈ-́ˀ / ɔ-aː / ɫ-l / ∅-i / #>-s_#>

-------------------

/trˈi/ - /tríjes/
[1/1] t-t / r-r / ∅-́ / ∅-i / ˈ-j / i-e / #>-s_#>

-------------------

/tvˈɤrd̥/ - /twirˀtás/
[1/1] t-t / v-w / ˈ_ɤ-i_ˀ / r-r / ∅-t / ∅-́ / d̥-a / #>-s_#>

-------------------

/tˈix/ - /tei̯ʃus/
[1/1] t-t / ˈ-∅ / i-ei̯ / x-ʃ / ∅-u / #>-s_#>

-------------------

/tˈɛʒɐk/ - /tiŋɡús/
[1/1] t-t / ˈ-∅ / ɛ-i / ∅-ŋ / ʒ-ɡ / ∅-́ / ɐ-u / k-s

-------------------

/vodˈa/ - /wandoː/
[1/1] v-w / o-a / ∅-n / d-d / ˈ-∅ / a-oː

-------------------

/vˈɔɫ/ - /wálas/
[1/1] v-w / ˈ-∅ / ɔ-́_a / ɫ_#>-l_a_s_#>

-------------------

/vˈɤɫk/ - /wilkás/
[1/1] v-w / ˈ_ɤ-i / ɫ-l / k-k_́ / ∅-a / #>-s_#>

-------------------

/znˈajɐ/ - /zʲinoːˀtei̯/
[1/1] z-zʲ / ∅-i / n_ˈ-n_ˀ / a-oː / ∅-t / j-ei̯ / ɐ-∅

-------------------

/zvɛzdˈa/ - /zʲwai̯zdáːˀ/
[1/1] z-zʲ / v-w / ɛ-ai̯ / z-z / d-d / ˈ-́ˀ / a-aː

-------------------

/zvʲˈar/ - /zʲweːˀrís/
[1/1] z-zʲ / vʲ_ˈ-w_ˀ / a-eː / r-r / ∅-́ / ∅-i / #>-s_#>

-------------------

/zɛmʲˈa/ - /zʲémeː/
[1/1] z-zʲ / ɛ-́_e / mʲ-m / ˈ-eː / a_#>-#>

-------------------

/zˈɤb̥/ - /zʲámbas/
[1/1] z-zʲ / ˈ-∅ / ɤ-́_a / ∅-m / ∅-b / b̥-a / #>-s_#>

-------------------

/ɡorˈa/ - /ɡaráːˀ/
[1/1] <#_ɡ-<#_ɡ / o-a / r-r / ˈ-́ˀ / a-aː

-------------------

/ɡɫɐvˈa/ - /ɡalˀwáːˀ/
[1/1] <#_ɡ-<#_ɡ / ɫ-a / ɐ-ˀ_l / v-w / ˈ-́ˀ / a-aː

-------------------

/ɡɫˈadɐk/ - /ɡláːˀdus/
[1/1] <#_ɡ-<#_ɡ / ɫ-l / ˈ-́ˀ / a-aː / d-d / ɐ-u / k-s

-------------------

/ɡɫˈas/ - /ɡalsás/
[1/1] <#_ɡ-<#_ɡ / ∅-a / ɫ-l / ˈ-s_́ / a-a / s-s

-------------------

/ʒɛnˈa/ - /ɡénaːˀ/
[1/1] ʒ-ɡ / ɛ-́_e / n_ˈ-n_ˀ / a-aː

-------------------

/ʦvʲˈat/ - /kwai̯tas/
[1/1] ʦ-∅ / vʲ-k / ˈ-w / a-ai̯ / t-t / ∅-a / #>-s_#>

-------------------

/ʦʲˈaɫ/ - /kái̯las/
[1/1] ʦʲ_ˈ-k_́ / a-ai̯ / ɫ_#>-l_a_s_#>

-------------------

/ʧˈɛtiri/ - /ketúːres/
[1/1] ʧ-k / ˈ_ɛ-e / t-t / ∅-́ / i-uː / r-r / i-e / #>-s_#>

-------------------

/ˈɔɡɐn/ - /úŋɡnis/
[1/1] <#_ˈ-<# / ɔ-́_u / ∅-ŋ / ɡ-ɡ / ɐ-∅ / n-n / ∅-i / #>-s_#>

-------------------

/ˈɛzɛro/ - /ézʲera/
[1/1] <#_ˈ-<# / ɛ-́_e / z-zʲ / ɛ-e / r-r / o_#>-a_#>

-------------------

