animal_NOUN
ash_NOUN
big_ADJ
boat_NOUN
can_VERB
chicken_NOUN
child_NOUN_NEU
dream_VERB
dry_ADJ
dwarf_NOUN
eel_NOUN
fast_ADJ
few_ADJ
fingernail_NOUN
full_ADJ
goose_NOUN
guest_NOUN
horse_NOUN
hundred_NUM
hunger_NOUN
lamb_NOUN
laugh_VERB
light_ADJ
long_ADJ
meat_NOUN
needle_NOUN
nose_NOUN
other_ADJ
owl_NOUN
plight_NOUN
right_ADJ
root_NOUN_FEM
see_VERB
snake_NOUN
soul_NOUN
stool_NOUN
swine_NOUN
tear_NOUN
thick_ADJ
thin_ADJ
thing_NOUN
thorn_NOUN
thou_PRON
thousand_NUM
thunder_NOUN
way_NOUN
weapon_NOUN
wheel_NOUN
word_NOUN
worm_NOUN