/bjˈær/ - /bˈiːɐɕ/
b-b / j-ˈiː / ˈæ-∅ / r-ɐ / #>-ɕ_#>
{0: [0], 1: [1], 2: [2], 3: [3], 4: None}
{0: [0], 1: [1], 2: None, 3: [2], 4: [3]}
SCORE: 10.738

-------------------

/bjˈʉːə̯ðɑ/ - /bˈidən/
b-b / j-ˈi / ˈʉːə̯-∅ / ð-d / ɑ-ə / #>-n_#>
{0: [0], 1: [1], 2: [2], 3: [3], 4: [4], 5: None}
{0: [0], 1: [1], 2: None, 3: [2], 4: [3], 5: [4]}
SCORE: 10.427

-------------------

/brˈœːð/ - /bʀˈəʊ̯d̥/
b-b / r-ʀ / ˈœː-ˈəʊ̯ / ð-d̥
{0: [0], 1: [1], 2: [2], 3: [3]}
{0: [0], 1: [1], 2: [2], 3: [3]}
SCORE: 25.298

-------------------

/brˈɛst/ - /bʀˈoʃt/
b-b / r-ʀ / ∅-ˈo / ˈɛ-∅ / s-ʃ / t-t
{0: [0], 1: [1], 2: None, 3: [2], 4: [3], 5: [4]}
{0: [0], 1: [1], 2: [2], 3: None, 4: [3], 5: [4]}
SCORE: 13.771

-------------------

/brˈʉɡːɑ/ - /bʀˈɑʊ̯ən/
b-b / r-ʀ / ∅-ˈɑʊ̯ / ˈʉ-∅ / ɡː-∅ / ɑ-ə / #>-n_#>
{0: [0], 1: [1], 2: None, 3: [2], 4: [3], 5: [4], 6: None}
{0: [0], 1: [1], 2: [2], 3: None, 4: None, 5: [3], 6: [4]}
SCORE: 2.139

-------------------

/brˈʉːə̯r/ - /bʀˈudɐ/
b-b / r-ʀ / ˈʉːə̯-ˈu / ∅-d / r-ɐ
{0: [0], 1: [1], 2: [2], 3: None, 4: [3]}
{0: [0], 1: [1], 2: [2], 3: [3], 4: [4]}
SCORE: 17.34

-------------------

/brˈʏʥːɑ/ - /bʀˈek/
b-b / r-ʀ / ˈʏ-ˈe / ʥː-k / ɑ-∅
{0: [0], 1: [1], 2: [2], 3: [3], 4: [4]}
{0: [0], 1: [1], 2: [2], 3: [3], 4: None}
SCORE: 18.925

-------------------

/bɽˈyːœ̯ðɑ/ - /blˈudən/
b-b / ɽ-l / ∅-ˈu / ˈyːœ̯-∅ / ð-d / ɑ-ə / #>-n_#>
{0: [0], 1: [1], 2: None, 3: [2], 4: [3], 5: [4], 6: None}
{0: [0], 1: [1], 2: [2], 3: None, 4: [3], 5: [4], 6: [5]}
SCORE: 8.586

-------------------

/bɽˈɑːð/ - /blˈaːd̥/
b-b / ɽ-l / ˈɑː-ˈaː / ð-d̥
{0: [0], 1: [1], 2: [2], 3: [3]}
{0: [0], 1: [1], 2: [2], 3: [3]}
SCORE: 25.125

-------------------

/bɽˈʉːə̯ð/ - /blˈud̥/
b-b / ɽ-l / ˈʉːə̯-ˈu / ð-d̥
{0: [0], 1: [1], 2: [2], 3: [3]}
{0: [0], 1: [1], 2: [2], 3: [3]}
SCORE: 24.558

-------------------

/bˈiːe̯n/ - /bˈeːn/
b-b / ˈiːe̯-ˈeː / n-n
{0: [0], 1: [1], 2: [2]}
{0: [0], 1: [1], 2: [2]}
SCORE: 20.966

-------------------

/bˈyœ̯nː/ - /bˈiːɐ/
b-b / ˈyœ̯-ˈiː / nː-∅ / #>-ɐ_#>
{0: [0], 1: [1], 2: [2], 3: None}
{0: [0], 1: [1], 2: None, 3: [2]}
SCORE: 8.225

-------------------

/bˈɑːi̯tɑ/ - /bˈæːɪ̯sən/
b-b / ˈɑːi̯-ˈæːɪ̯ / t-s / ɑ-ə / #>-n_#>
{0: [0], 1: [1], 2: [2], 3: [3], 4: None}
{0: [0], 1: [1], 2: [2], 3: [3], 4: [4]}
SCORE: 24.412

-------------------

/bˈɑːð/ - /bˈaːd̥/
b-b / ˈɑː-ˈaː / ð-d̥
{0: [0], 1: [1], 2: [2]}
{0: [0], 1: [1], 2: [2]}
SCORE: 20.655

-------------------

/bˈɛr/ - /bˈiːɐ/
b-b / ˈɛ-ˈiː / r-ɐ
{0: [0], 1: [1], 2: [2]}
{0: [0], 1: [1], 2: [2]}
SCORE: 15.577

-------------------

/bˈɛtːɛr/ - /bˈɛsɐ/
b-b / ˈɛ-ˈɛ / tː-s / ɛ_r-ɐ
{0: [0], 1: [1], 2: [2], 3: [3, 4]}
{0: [0], 1: [1], 2: [2], 3: [3]}
SCORE: 16.649

-------------------

/bˈɪndɑ/ - /bˈɑnən/
b-b / ˈɪ-ˈɑ / n_d-n / ɑ-ə / #>-n_#>
{0: [0], 1: [1], 2: [2, 3], 3: [4], 4: None}
{0: [0], 1: [1], 2: [2], 3: [3], 4: [4]}
SCORE: 18.864

-------------------

/bˈɪːɑ/ - /bˈɑɪ̯/
b-b / ∅-ˈɑɪ̯ / ˈɪː-∅ / ɑ-∅
{0: [0], 1: None, 2: [1], 3: [2]}
{0: [0], 1: [1], 2: None, 3: None}
SCORE: -3.82

-------------------

/bˈʉːə̯k/ - /bˈuχ/
b-b / ˈʉːə̯-ˈu / k-χ
{0: [0], 1: [1], 2: [2]}
{0: [0], 1: [1], 2: [2]}
SCORE: 21.351

-------------------

/djˈʉːə̯p/ - /dˈɜɪ̯f/
d-d / j_ˈʉːə̯-ˈɜɪ̯ / p-f
{0: [0], 1: [1, 2], 2: [3]}
{0: [0], 1: [1], 2: [2]}
SCORE: 14.894

-------------------

/djˈʉːə̯r/ - /dˈɜɪ̯ɐ/
d-d / j_ˈʉːə̯-ˈɜɪ̯ / r-ɐ
{0: [0], 1: [1, 2], 2: [3]}
{0: [0], 1: [1], 2: [2]}
SCORE: 12.646

-------------------

/drˈœːm/ - /dʀˈaːm/
d-d / r-ʀ / ˈœː-ˈaː / m-m
{0: [0], 1: [1], 2: [2], 3: [3]}
{0: [0], 1: [1], 2: [2], 3: [3]}
SCORE: 21.907

-------------------

/drˈœːmɑ/ - /dʀˈeːmən/
d-d / r-ʀ / ∅-ˈeː / ˈœː-∅ / m-m / ɑ-ə / #>-n_#>
{0: [0], 1: [1], 2: None, 3: [2], 4: [3], 5: [4], 6: None}
{0: [0], 1: [1], 2: [2], 3: None, 4: [3], 5: [4], 6: [5]}
SCORE: 11.384

-------------------

/drˈɑːi̯vɑ/ - /dʀˈɑɪ̯vən/
d-d / r-ʀ / ∅-ˈɑɪ̯ / ∅-v / ˈɑːi̯-∅ / v-ə / ɑ-n
{0: [0], 1: [1], 2: None, 3: None, 4: [2], 5: [3], 6: [4]}
{0: [0], 1: [1], 2: [2], 3: [3], 4: None, 5: [4], 6: [5]}
SCORE: -2.853

-------------------

/drˈɪkːɑ/ - /dʀˈeŋkən/
d-d / r-ʀ / ∅-ˈe / ∅-ŋ / ∅-k / ˈɪ-∅ / kː-∅ / ɑ-ə / #>-n_#>
{0: [0], 1: [1], 2: None, 3: None, 4: None, 5: [2], 6: [3], 7: [4], 8: None}
{0: [0], 1: [1], 2: [2], 3: [3], 4: [4], 5: None, 6: None, 7: [5], 8: [6]}
SCORE: -9.616

-------------------

/dˈiːe̯ɣ/ - /dˈeːɕ/
d-d / ˈiːe̯-ˈeː / ɣ-ɕ
{0: [0], 1: [1], 2: [2]}
{0: [0], 1: [1], 2: [2]}
SCORE: 16.735

-------------------

/dˈœːð/ - /dˈəʊ̯d̥/
d-d / ˈœː-ˈəʊ̯ / ð-d̥
{0: [0], 1: [1], 2: [2]}
{0: [0], 1: [1], 2: [2]}
SCORE: 19.698

-------------------

/dˈɑːu̯vɑ/ - /dˈɑʊ̯v̥/
d-d / ˈɑːu̯-ˈɑʊ̯ / v-v̥ / ɑ-∅
{0: [0], 1: [1], 2: [2], 3: [3]}
{0: [0], 1: [1], 2: [2], 3: None}
SCORE: 13.591

-------------------

/dˈɑːɣ/ - /dˈaːɣ̊/
d-d / ˈɑː-ˈaː / ɣ-ɣ̊
{0: [0], 1: [1], 2: [2]}
{0: [0], 1: [1], 2: [2]}
SCORE: 21.296

-------------------

/dˈʉə̯tːɛr/ - /dˈuə̯ɕtɐ/
d-d / ∅-ˈuə̯ / ∅-ɕ / ˈʉə̯-∅ / tː-t / ɛ_r-ɐ
{0: [0], 1: None, 2: None, 3: [1], 4: [2], 5: [3, 4]}
{0: [0], 1: [1], 2: [2], 3: None, 4: [3], 5: [4]}
SCORE: 1.63

-------------------

/dˈʉː/ - /dˈu/
d-d / ˈʉː-ˈu
{0: [0], 1: [1]}
{0: [0], 1: [1]}
SCORE: 11.219

-------------------

/dˈʏːr/ - /dˈɑɪ̯ɐ/
d-d / ˈʏː-ˈɑɪ̯ / r-ɐ
{0: [0], 1: [1], 2: [2]}
{0: [0], 1: [1], 2: [2]}
SCORE: 18.342

-------------------

/fjˈæːðɛr/ - /fˈiə̯dɐ/
f-f / ∅-ˈiə̯ / j-∅ / ˈæː-∅ / ð-d / ɛ_r-ɐ
{0: [0], 1: None, 2: [1], 3: [2], 4: [3], 5: [4, 5]}
{0: [0], 1: [1], 2: None, 3: None, 4: [2], 5: [3]}
SCORE: -1.155

-------------------

/fjˈʉːə̯rɛr/ - /fˈɜɪ̯ɐ/
f-f / j_ˈʉːə̯-ˈɜɪ̯ / r-∅ / ɛ_r-ɐ
{0: [0], 1: [1, 2], 2: [3], 3: [4, 5]}
{0: [0], 1: [1], 2: None, 3: [2]}
SCORE: 8.416

-------------------

/frjˈʉːə̯sɑ/ - /fʀˈɜɪ̯əʀən/
f-f / r-ʀ / j-ˈɜɪ̯ / ˈʉːə̯-ə / ∅-ʀ / s-∅ / ɑ-ə / #>-n_#>
{0: [0], 1: [1], 2: [2], 3: [3], 4: None, 5: [4], 6: [5], 7: None}
{0: [0], 1: [1], 2: [2], 3: [3], 4: [4], 5: None, 6: [5], 7: [6]}
SCORE: 11.999

-------------------

/frˈɪsk/ - /fʀˈəʃ/
f-f / r-ʀ / ˈɪ-ˈə / s-ʃ / k_#>-#>
{0: [0], 1: [1], 2: [2], 3: [3], 4: [4]}
{0: [0], 1: [1], 2: [2], 3: [3], 4: None}
SCORE: 20.396

-------------------

/fɽjˈʉːə̯ɣɑ/ - /flˈɜɪ̯ən/
f-f / ɽ-l / j-ˈɜɪ̯ / ˈʉːə̯_ɣ-ə / ɑ-n
{0: [0], 1: [1], 2: [2], 3: [3, 4], 4: [5]}
{0: [0], 1: [1], 2: [2], 3: [3], 4: [4]}
SCORE: 20.756

-------------------

/fɽˈʉːɣʉ/ - /flˈɜɪ̯/
f-f / ɽ-l / ∅-ˈɜɪ̯ / ˈʉː-∅ / ɣ-∅ / ʉ_#>-#>
{0: [0], 1: [1], 2: None, 3: [2], 4: [3], 5: [4]}
{0: [0], 1: [1], 2: [2], 3: None, 4: None, 5: None}
SCORE: -3.252

-------------------

/fˈɛr/ - /fˈiːɐ/
f-f / ˈɛ-ˈiː / r-ɐ
{0: [0], 1: [1], 2: [2]}
{0: [0], 1: [1], 2: [2]}
SCORE: 14.968

-------------------

/fˈɪnːɑ/ - /fˈɑnən/
f-f / ˈɪ-ˈɑ / nː-n / ɑ-ə / #>-n_#>
{0: [0], 1: [1], 2: [2], 3: [3], 4: None}
{0: [0], 1: [1], 2: [2], 3: [3], 4: [4]}
SCORE: 20.999

-------------------

/fˈɪsk/ - /fˈəʃ/
f-f / ˈɪ-ˈə / s-ʃ / k_#>-#>
{0: [0], 1: [1], 2: [2], 3: [3]}
{0: [0], 1: [1], 2: [2], 3: None}
SCORE: 16.551

-------------------

/fˈɪŋɡɛr/ - /fˈɑŋɐ/
f-f / ˈɪ-ˈɑ / ŋ_ɡ-ŋ / ɛ_r-ɐ
{0: [0], 1: [1], 2: [2, 3], 3: [4, 5]}
{0: [0], 1: [1], 2: [2], 3: [3]}
SCORE: 20.283

-------------------

/fˈʉlː/ - /fˈol/
f-f / ˈʉ-ˈo / lː-l
{0: [0], 1: [1], 2: [2]}
{0: [0], 1: [1], 2: [2]}
SCORE: 20.848

-------------------

/fˈʉːə̯k/ - /fˈolək/
f-f_ˈo / ∅-l / ˈʉːə̯-ə / ∅-k / k_#>-#>
{0: [0], 1: None, 2: [1], 3: None, 4: [2]}
{0: [0, 1], 1: [2], 2: [3], 3: [4], 4: None}
SCORE: -6.061

-------------------

/fˈʉːə̯t/ - /fˈəʊ̯s/
f-f / ∅-ˈəʊ̯ / ˈʉːə̯-∅ / t-s
{0: [0], 1: None, 2: [1], 3: [2]}
{0: [0], 1: [1], 2: None, 3: [2]}
SCORE: 5.357

-------------------

/fˈʉːə̯tɑ̃/ - /fˈɜɪ̯s/
f-f / ˈʉːə̯-ˈɜɪ̯ / t-s / ɑ̃-∅
{0: [0], 1: [1], 2: [2], 3: [3]}
{0: [0], 1: [1], 2: [2], 3: None}
SCORE: 14.621

-------------------

/fˈʉːɣɛɽ/ - /fˈul/
f-f / ˈʉː-ˈu / ɣ_ɛ-l / ɽ_#>-#>
{0: [0], 1: [1], 2: [2, 3], 3: [4]}
{0: [0], 1: [1], 2: [2], 3: None}
SCORE: 8.821

-------------------

/fˈʏː/ - /fˈoləʑən/
f-f_ˈo / ∅-l / ∅-ə / ˈʏː-ʑ / #>-ə_n_#>
{0: [0], 1: None, 2: None, 3: [1], 4: None}
{0: [0, 1], 1: [2], 2: [3], 3: [4], 4: [5, 6]}
SCORE: -6.377

-------------------

/fˈʏːr/ - /fˈɑɪ̯ɐ/
f-f / ˈʏː-ˈɑɪ̯ / r-ɐ
{0: [0], 1: [1], 2: [2]}
{0: [0], 1: [1], 2: [2]}
SCORE: 19.487

-------------------

/jˈærtɑ/ - /hˈɛːɐʦ/
j-h / ˈæ-ˈɛː / r-ɐ / t-ʦ / ɑ-∅
{0: [0], 1: [1], 2: [2], 3: [3], 4: [4]}
{0: [0], 1: [1], 2: [2], 3: [3], 4: None}
SCORE: 8.608

-------------------

/jˈætɔ/ - /ˈiə̯sən/
<#_j-<# / ∅-ˈiə̯ / ˈæ-∅ / t-s / ɔ-ə / #>-n_#>
{0: [0], 1: None, 2: [1], 3: [2], 4: [3], 5: None}
{0: None, 1: [0], 2: None, 3: [1], 4: [2], 5: [3]}
SCORE: -0.634

-------------------

/jˈæːr/ - /hˈɑɪ̯/
j-h / ∅-ˈɑɪ̯ / ˈæː-∅ / r_#>-#>
{0: [0], 1: None, 2: [1], 3: [2]}
{0: [0], 1: [1], 2: None, 3: None}
SCORE: -8.478

-------------------

/jˈɔːpɑ/ - /hˈələfən/
j-h / ∅-ˈə / ˈɔː-l_ə / p-f / ɑ-ə / #>-n_#>
{0: [0], 1: None, 2: [1], 3: [2], 4: [3], 5: None}
{0: [0], 1: [1], 2: [2, 3], 3: [4], 4: [5], 5: [6]}
SCORE: 6.951

-------------------

/jˈʉə̯rd/ - /ˈɛːɐd̥/
<#_j-<# / ∅-ˈɛː / ˈʉə̯-∅ / r-ɐ / d_#>-d̥_#>
{0: [0], 1: None, 2: [1], 3: [2], 4: [3]}
{0: None, 1: [0], 2: None, 3: [1], 4: [2]}
SCORE: -1.274

-------------------

/kʰnˈɪː/ - /kʰnˈɜɪ̯/
kʰ-kʰ / n-n / ∅-ˈɜɪ̯ / ˈɪː-∅
{0: [0], 1: [1], 2: None, 3: [2]}
{0: [0], 1: [1], 2: [2], 3: None}
SCORE: 6.031

-------------------

/kʰˈold/ - /kʰˈaːl/
kʰ-kʰ / ∅-ˈaː / ˈo-∅ / l-l / d_#>-#>
{0: [0], 1: None, 2: [1], 3: [2], 4: [3]}
{0: [0], 1: [1], 2: None, 3: [2], 4: None}
SCORE: 1.382

-------------------

/kʰˈɑtː/ - /kʰˈaːʦ/
kʰ-kʰ / ˈɑ-ˈaː / tː-ʦ
{0: [0], 1: [1], 2: [2]}
{0: [0], 1: [1], 2: [2]}
SCORE: 19.951

-------------------

/kʰˈɔːv/ - /kʰˈɑləv̥/
kʰ-kʰ / ˈɔː-ˈɑ_l / ∅-ə / v-v̥
{0: [0], 1: [1], 2: None, 3: [2]}
{0: [0], 1: [1, 2], 2: [3], 3: [4]}
SCORE: 17.274

-------------------

/kʰˈɛnːɑ/ - /kʰˈenən/
kʰ-kʰ / ∅-ˈe / ˈɛ-∅ / nː-n / ɑ-ə / #>-n_#>
{0: [0], 1: None, 2: [1], 3: [2], 4: [3], 5: None}
{0: [0], 1: [1], 2: None, 3: [2], 4: [3], 5: [4]}
SCORE: 7.777

-------------------

/kʰˈʉmɔ/ - /kʰˈomən/
kʰ-kʰ / ˈʉ-ˈo / m-m / ɔ-ə / #>-n_#>
{0: [0], 1: [1], 2: [2], 3: [3], 4: None}
{0: [0], 1: [1], 2: [2], 3: [3], 4: [4]}
SCORE: 26.599

-------------------

/kʰˈʉnːɑ/ - /kʰˈənən/
kʰ-kʰ / ˈʉ-ˈə / nː-n / ɑ-ə / #>-n_#>
{0: [0], 1: [1], 2: [2], 3: [3], 4: None}
{0: [0], 1: [1], 2: [2], 3: [3], 4: [4]}
SCORE: 21.456

-------------------

/kʰˈʉə̯nː/ - /kʰˈaːʀ/
kʰ-kʰ / ˈʉə̯_nː-ˈaː_ʀ
{0: [0], 1: [1, 2]}
{0: [0], 1: [1, 2]}
SCORE: 20.28

-------------------

/l̥ˈɔː/ - /ʃlˈoːən/
l̥-ʃ_l / ˈɔː-ˈoː / #>-ə_n_#>
{0: [0], 1: [1], 2: None}
{0: [0, 1], 1: [2], 2: [3, 4]}
SCORE: 8.343

-------------------

/mjˈoːk/ - /mˈələɕ/
m-m / ∅-ˈə / ∅-l / ∅-ə / j-∅ / ˈoː-∅ / k-ɕ
{0: [0], 1: None, 2: None, 3: None, 4: [1], 5: [2], 6: [3]}
{0: [0], 1: [1], 2: [2], 3: [3], 4: None, 5: None, 6: [4]}
SCORE: -9.638

-------------------

/mˈoːnɑð/ - /mˈəʊ̯nd̥/
m-m / ˈoː-ˈəʊ̯ / n-n / ɑ-∅ / ð-d̥
{0: [0], 1: [1], 2: [2], 3: [3], 4: [4]}
{0: [0], 1: [1], 2: [2], 3: None, 4: [3]}
SCORE: 16.314

-------------------

/mˈɑkt/ - /mˈuə̯ɕt/
m-m / ∅-ˈuə̯ / ˈɑ-∅ / k-ɕ / t-t
{0: [0], 1: None, 2: [1], 3: [2], 4: [3]}
{0: [0], 1: [1], 2: None, 3: [2], 4: [3]}
SCORE: 9.731

-------------------

/mˈɑːu̯s/ - /mˈæːʊ̯z̥/
m-m / ˈɑːu̯-ˈæːʊ̯ / s_#>-z̥_#>
{0: [0], 1: [1], 2: [2]}
{0: [0], 1: [1], 2: [2]}
SCORE: 24.413

-------------------

/mˈɛnːɪsʨ/ - /mˈənʃ/
m-m / ∅-ˈə / ˈɛ-∅ / nː-n / ɪ-∅ / s_ʨ-ʃ
{0: [0], 1: None, 2: [1], 3: [2], 4: [3], 5: [4, 5]}
{0: [0], 1: [1], 2: None, 3: [2], 4: None, 5: [3]}
SCORE: 1.062

-------------------

/mˈɪːɣ/ - /mˈəɕ/
m-m / ˈɪː-ˈə / ɣ-ɕ
{0: [0], 1: [1], 2: [2]}
{0: [0], 1: [1], 2: [2]}
SCORE: 15.83

-------------------

/mˈʉnː/ - /mˈond̥/
m-m / ˈʉ-ˈo / nː-n / #>-d̥_#>
{0: [0], 1: [1], 2: [2], 3: None}
{0: [0], 1: [1], 2: [2], 3: [3]}
SCORE: 19.279

-------------------

/nˈordɔ̃/ - /nˈoʀdən/
<#_n-<#_n / ∅-ˈo / ˈo-∅ / r-ʀ / d-d / ɔ̃-∅ / #>-ə_n_#>
{0: [0], 1: None, 2: [1], 3: [2], 4: [3], 5: [4], 6: None}
{0: [0], 1: [1], 2: None, 3: [2], 4: [3], 5: None, 6: [4, 5]}
SCORE: -0.1

-------------------

/nˈœːt/ - /nˈos/
<#_n-<#_n / ∅-ˈo / ˈœː-∅ / t-s
{0: [0], 1: None, 2: [1], 3: [2]}
{0: [0], 1: [1], 2: None, 3: [2]}
SCORE: 6.054

-------------------

/nˈɑːɣɛɽ/ - /nˈoːl/
<#_n-<#_n / ˈɑː-ˈoː / ɣ_ɛ-l / ɽ_#>-#>
{0: [0], 1: [1], 2: [2, 3], 3: [4]}
{0: [0], 1: [1], 2: [2], 3: None}
SCORE: 10.955

-------------------

/nˈɔ̃ːt/ - /nˈuə̯ɕt/
<#_n-<#_n / ∅-ˈuə̯ / ∅-ɕ / ˈɔ̃ː-∅ / t-t
{0: [0], 1: None, 2: None, 3: [1], 4: [2]}
{0: [0], 1: [1], 2: [2], 3: None, 4: [3]}
SCORE: 0.636

-------------------

/nˈɔ̃ːɽ/ - /nˈoːl/
<#_n-<#_n / ∅-ˈoː / ˈɔ̃ː-∅ / ɽ-l
{0: [0], 1: None, 2: [1], 3: [2]}
{0: [0], 1: [1], 2: None, 3: [2]}
SCORE: 5.736

-------------------

/nˈɛːv/ - /nˈuə̯z̥/
<#_n-<#_n / ∅-ˈuə̯ / ˈɛː-∅ / v-∅ / #>-z̥_#>
{0: [0], 1: None, 2: [1], 3: [2], 4: None}
{0: [0], 1: [1], 2: None, 3: None, 4: [2]}
SCORE: -3.106

-------------------

/nˈɪːʉ/ - /nˈeŋ/
<#_n-<#_n / ˈɪː-ˈe / ʉ-ŋ
{0: [0], 1: [1], 2: [2]}
{0: [0], 1: [1], 2: [2]}
SCORE: 13.339

-------------------

/nˈʏː/ - /nˈɑɪ̯/
<#_n-<#_n / ˈʏː-ˈɑɪ̯
{0: [0], 1: [1]}
{0: [0], 1: [1]}
SCORE: 17.355

-------------------

/pʰɽˈɪkt/ - /flˈiɕt/
pʰ-f / ɽ-l / ∅-ˈi / ˈɪ-∅ / k-ɕ / t-t
{0: [0], 1: [1], 2: None, 3: [2], 4: [3], 5: [4]}
{0: [0], 1: [1], 2: [2], 3: None, 4: [3], 5: [4]}
SCORE: 9.702

-------------------

/pʰɽˈʉːə̯ɣ/ - /pʰlˈəʊ̯/
pʰ-pʰ / ɽ-l / ∅-ˈəʊ̯ / ˈʉːə̯-∅ / ɣ_#>-#>
{0: [0], 1: [1], 2: None, 3: [2], 4: [3]}
{0: [0], 1: [1], 2: [2], 3: None, 4: None}
SCORE: 2.833

-------------------

/rˈoːð/ - /ʀˈəʊ̯d̥/
<#_r-<#_ʀ / ˈoː-ˈəʊ̯ / ð-d̥
{0: [0], 1: [1], 2: [2]}
{0: [0], 1: [1], 2: [2]}
SCORE: 17.793

-------------------

/rˈœːk/ - /ʀˈaːχ/
<#_r-<#_ʀ / ˈœː-ˈaː / k-χ
{0: [0], 1: [1], 2: [2]}
{0: [0], 1: [1], 2: [2]}
SCORE: 19.659

-------------------

/rˈɑːi̯k/ - /ʀˈæːɪ̯ɕ/
<#_r-<#_ʀ / ˈɑːi̯-ˈæːɪ̯ / k-ɕ
{0: [0], 1: [1], 2: [2]}
{0: [0], 1: [1], 2: [2]}
SCORE: 21.973

-------------------

/rˈɑːi̯ŋɛn/ - /ʀˈeːn/
<#_r-<#_ʀ / ∅-ˈeː / ˈɑːi̯-∅ / ŋ-∅ / ɛ-∅ / n-n
{0: [0], 1: None, 2: [1], 3: [2], 4: [3], 5: [4]}
{0: [0], 1: [1], 2: None, 3: None, 4: None, 5: [2]}
SCORE: -4.859

-------------------

/rˈɛtː/ - /ʀˈiːɕt/
<#_r-<#_ʀ / ˈɛ-ˈiː / ∅-ɕ / tː-t
{0: [0], 1: [1], 2: None, 3: [2]}
{0: [0], 1: [1], 2: [2], 3: [3]}
SCORE: 12.659

-------------------

/rˈɪŋɡ/ - /ʀˈɑŋɡ̊/
<#_r-<#_ʀ / ˈɪ-ˈɑ / ŋ-ŋ / ɡ_#>-ɡ̊_#>
{0: [0], 1: [1], 2: [2], 3: [3]}
{0: [0], 1: [1], 2: [2], 3: [3]}
SCORE: 30.403

-------------------

/rˈʉːə̯t/ - /vˈuːɐʦl̩/
<#-<#_v_ˈuː / r-ɐ / ˈʉːə̯-∅ / t-ʦ / #>-l_#>
{0: None, 1: [0], 2: [1], 3: [2], 4: None}
{0: [0, 1], 1: [2], 2: None, 3: [3], 4: [4]}
SCORE: 1.354

-------------------

/rˈʏɡː/ - /ʀˈek/
<#_r-<#_ʀ / ˈʏ-ˈe / ɡː-k
{0: [0], 1: [1], 2: [2]}
{0: [0], 1: [1], 2: [2]}
SCORE: 18.143

-------------------

/sjˈæːɽ/ - /zˈɜɪ̯l/
s-z / j-ˈɜɪ̯ / ˈæː-∅ / ɽ-l
{0: [0], 1: [1], 2: [2], 3: [3]}
{0: [0], 1: [1], 2: None, 3: [2]}
SCORE: 13.511

-------------------

/sjˈɔ̃ː/ - /ɡəzˈin/
∅-ɡ / ∅-ə / s-z / j-ˈi / ˈɔ̃ː-∅ / #>-n_#>
{0: None, 1: None, 2: [0], 3: [1], 4: [2], 5: None}
{0: [0], 1: [1], 2: [2], 3: [3], 4: None, 5: [4]}
SCORE: -5.798

-------------------

/sjˈʉː/ - /zˈiːvən/
s-z / j-ˈiː / ∅-v / ˈʉː-∅ / #>-ə_n_#>
{0: [0], 1: [1], 2: None, 3: [2], 4: None}
{0: [0], 1: [1], 2: [2], 3: None, 4: [3, 4]}
SCORE: -2.27

-------------------

/sjˈʉː/ - /zˈɜɪ̯/
s-z / j-ˈɜɪ̯ / ˈʉː-∅
{0: [0], 1: [1], 2: [2]}
{0: [0], 1: [1], 2: None}
SCORE: 9.042

-------------------

/sjˈʉːə̯v/ - /zˈɛlvɐ/
s_j-z / ∅-ˈɛ / ˈʉːə̯-l / ∅-v / v-∅ / #>-ɐ_#>
{0: [0, 1], 1: None, 2: [2], 3: None, 4: [3], 5: None}
{0: [0], 1: [1], 2: [2], 3: [3], 4: None, 5: [4]}
SCORE: -11.513

-------------------

/skˈɑrp/ - /ʃˈaːf/
s_k-ʃ / ˈɑ_r-ˈaː / p-f
{0: [0, 1], 1: [2, 3], 2: [4]}
{0: [0], 1: [1], 2: [2]}
SCORE: 13.426

-------------------

/snjˈʉ̃ːə̯/ - /ʃnˈɜɪ̯/
s-ʃ / n-n / j-ˈɜɪ̯ / ˈʉ̃ːə̯-∅
{0: [0], 1: [1], 2: [2], 3: [3]}
{0: [0], 1: [1], 2: [2], 3: None}
SCORE: 12.665

-------------------

/sprˈɔːk/ - /ʃpʀˈoːχ/
s-ʃ / ∅-p / p-∅ / r-ʀ / ˈɔː-ˈoː / k-χ
{0: [0], 1: None, 2: [1], 3: [2], 4: [3], 5: [4]}
{0: [0], 1: [1], 2: None, 3: [2], 4: [3], 5: [4]}
SCORE: 15.018

-------------------

/stˈiːe̯/ - /ʃtˈeːn/
s-ʃ / t-t / ˈiːe̯-ˈeː / #>-n_#>
{0: [0], 1: [1], 2: [2], 3: None}
{0: [0], 1: [1], 2: [2], 3: [3]}
SCORE: 18.065

-------------------

/stˈiːe̯nːɑ/ - /ʃtˈɛːɐ/
s-ʃ / t-t / ∅-ˈɛː / ˈiːe̯-∅ / nː-∅ / ɑ-∅ / #>-ɐ_#>
{0: [0], 1: [1], 2: None, 3: [2], 4: [3], 5: [4], 6: None}
{0: [0], 1: [1], 2: [2], 3: None, 4: None, 5: None, 6: [3]}
SCORE: -8.367

-------------------

/stˈorm/ - /ʃtˈuːɐm/
s-ʃ / t-t / ∅-ˈuː / ˈo-∅ / r-ɐ / m-m
{0: [0], 1: [1], 2: None, 3: [2], 4: [3], 5: [4]}
{0: [0], 1: [1], 2: [2], 3: None, 4: [3], 5: [4]}
SCORE: 12.631

-------------------

/stˈʉːə̯ɽ/ - /ʃtˈul/
s-ʃ / t-t / ˈʉːə̯-ˈu / ɽ-l
{0: [0], 1: [1], 2: [2], 3: [3]}
{0: [0], 1: [1], 2: [2], 3: [3]}
SCORE: 22.758

-------------------

/swˈærd/ - /ʃwˈɛːɐt/
s-ʃ / w-w / ˈæ-ˈɛː / r_d-ɐ / ∅-t
{0: [0], 1: [1], 2: [2], 3: [3, 4], 4: None}
{0: [0], 1: [1], 2: [2], 3: [3], 4: [4]}
SCORE: 15.157

-------------------

/swˈɑrt/ - /ʃwˈaːʦ/
s-ʃ / w-w / ˈɑ_r-ˈaː / t-ʦ
{0: [0], 1: [1], 2: [2, 3], 3: [4]}
{0: [0], 1: [1], 2: [2], 3: [3]}
SCORE: 20.226

-------------------

/swˈɑːi̯n/ - /ʃwˈæːɪ̯n/
s-ʃ / w-w / ˈɑːi̯-ˈæːɪ̯ / n-n
{0: [0], 1: [1], 2: [2], 3: [3]}
{0: [0], 1: [1], 2: [2], 3: [3]}
SCORE: 25.145

-------------------

/swˈɛtː/ - /ʃwˈeːs/
s-ʃ / w-w / ˈɛ-ˈeː / tː-s
{0: [0], 1: [1], 2: [2], 3: [3]}
{0: [0], 1: [1], 2: [2], 3: [3]}
SCORE: 20.325

-------------------

/sʨˈœld/ - /ʃˈəld̥/
s_ʨ-ʃ / ˈœ-ˈə / l-l / d_#>-d̥_#>
{0: [0, 1], 1: [2], 2: [3], 3: [4]}
{0: [0], 1: [1], 2: [2], 3: [3]}
SCORE: 18.423

-------------------

/sʨˈœːn/ - /ʃˈɜɪ̯n/
s_ʨ-ʃ / ∅-ˈɜɪ̯ / ˈœː-∅ / n-n
{0: [0, 1], 1: None, 2: [2], 3: [3]}
{0: [0], 1: [1], 2: None, 3: [2]}
SCORE: 0.43

-------------------

/sʨˈɪːp/ - /ʃˈəf/
s_ʨ-ʃ / ˈɪː-ˈə / p-f
{0: [0, 1], 1: [2], 2: [3]}
{0: [0], 1: [1], 2: [2]}
SCORE: 15.15

-------------------

/sʨˈɪːt/ - /ʃˈæːɪ̯s/
s_ʨ-ʃ / ˈɪː-ˈæːɪ̯ / t-s
{0: [0, 1], 1: [2], 2: [3]}
{0: [0], 1: [1], 2: [2]}
SCORE: 14.407

-------------------

/sʨˈʉːə̯tɑ/ - /ʃˈɜɪ̯sən/
s_ʨ-ʃ / ˈʉːə̯-ˈɜɪ̯ / t-s / ɑ-ə / #>-n_#>
{0: [0, 1], 1: [2], 2: [3], 3: [4], 4: None}
{0: [0], 1: [1], 2: [2], 3: [3], 4: [4]}
SCORE: 17.793

-------------------

/sˈolt/ - /zˈɑlʦ/
s-z / ∅-ˈɑ / ˈo-∅ / l-l / t-ʦ
{0: [0], 1: None, 2: [1], 3: [2], 4: [3]}
{0: [0], 1: [1], 2: None, 3: [2], 4: [3]}
SCORE: 3.324

-------------------

/sˈyːœ̯t/ - /zˈɜɪ̯s/
s-z / ∅-ˈɜɪ̯ / ˈyːœ̯-∅ / t-s
{0: [0], 1: None, 2: [1], 3: [2]}
{0: [0], 1: [1], 2: None, 3: [2]}
SCORE: 4.399

-------------------

/sˈyːœ̯ʨɑ/ - /zˈiɕən/
s-z / ∅-ˈi / ∅-ɕ / ˈyːœ̯-∅ / ʨ-∅ / ɑ-ə / #>-n_#>
{0: [0], 1: None, 2: None, 3: [1], 4: [2], 5: [3], 6: None}
{0: [0], 1: [1], 2: [2], 3: None, 4: None, 5: [3], 6: [4]}
SCORE: -8.274

-------------------

/sˈɑnd/ - /zˈɑnd̥/
s-z / ˈɑ-ˈɑ / n-n / d_#>-d̥_#>
{0: [0], 1: [1], 2: [2], 3: [3]}
{0: [0], 1: [1], 2: [2], 3: [3]}
SCORE: 22.41

-------------------

/sˈɑːi̯ðɑ/ - /zˈæːɪ̯t/
s-z / ˈɑːi̯-ˈæːɪ̯ / ð-t / ɑ-∅
{0: [0], 1: [1], 2: [2], 3: [3]}
{0: [0], 1: [1], 2: [2], 3: None}
SCORE: 12.971

-------------------

/sˈɑːjɑ/ - /zˈoːən/
s-z / ˈɑː-ˈoː / j-∅ / ɑ-ə / #>-n_#>
{0: [0], 1: [1], 2: [2], 3: [3], 4: None}
{0: [0], 1: [1], 2: None, 3: [2], 4: [3]}
SCORE: 9.958

-------------------

/sˈɑːu̯r/ - /zˈɑʊ̯ɐ/
s-z / ˈɑːu̯-ˈɑʊ̯ / r-ɐ
{0: [0], 1: [1], 2: [2]}
{0: [0], 1: [1], 2: [2]}
SCORE: 14.545

-------------------

/sˈɔvɔ/ - /ʃlˈoːfən/
s-ʃ / ∅-l / ∅-ˈoː / ˈɔ-∅ / v-f / ɔ-ə / #>-n_#>
{0: [0], 1: None, 2: None, 3: [1], 4: [2], 5: [3], 6: None}
{0: [0], 1: [1], 2: [2], 3: None, 4: [3], 5: [4], 6: [5]}
SCORE: 0.273

-------------------

/sˈɔːmɔr/ - /zˈumɐ/
s-z / ∅-ˈu / ˈɔː-∅ / m-m / ɔ-∅ / r-ɐ
{0: [0], 1: None, 2: [1], 3: [2], 4: [3], 5: [4]}
{0: [0], 1: [1], 2: None, 3: [2], 4: None, 5: [3]}
SCORE: 3.441

-------------------

/sˈɪmːɑ/ - /ʃwˈɑmən/
s-ʃ / ∅-w / ˈɪ-ˈɑ / mː-m / ɑ-ə / #>-n_#>
{0: [0], 1: None, 2: [1], 3: [2], 4: [3], 5: None}
{0: [0], 1: [1], 2: [2], 3: [3], 4: [4], 5: [5]}
SCORE: 13.46

-------------------

/sˈɪŋɡɑ/ - /zˈɑŋən/
s-z / ˈɪ-ˈɑ / ŋ_ɡ-ŋ / ɑ-ə / #>-n_#>
{0: [0], 1: [1], 2: [2, 3], 3: [4], 4: None}
{0: [0], 1: [1], 2: [2], 3: [3], 4: [4]}
SCORE: 18.986

-------------------

/sˈɪʨːɑ/ - /zˈəʦən/
s-z / ˈɪ-ˈə / ∅-ʦ / ʨː-∅ / ɑ-ə / #>-n_#>
{0: [0], 1: [1], 2: None, 3: [2], 4: [3], 5: None}
{0: [0], 1: [1], 2: [2], 3: None, 4: [3], 5: [4]}
SCORE: 6.168

-------------------

/sˈʏstɛr/ - /zˈəʃtɐ/
s-z / ∅-ˈə / ˈʏ-∅ / s-ʃ / t-t / ɛ_r-ɐ
{0: [0], 1: None, 2: [1], 3: [2], 4: [3], 5: [4, 5]}
{0: [0], 1: [1], 2: None, 3: [2], 4: [3], 5: [4]}
SCORE: 10.811

-------------------

/tʰrˈɑːi̯r/ - /dʀˈæːɪ̯/
tʰ-d / r-ʀ / ˈɑːi̯-ˈæːɪ̯ / r_#>-#>
{0: [0], 1: [1], 2: [2], 3: [3]}
{0: [0], 1: [1], 2: [2], 3: None}
SCORE: 17.303

-------------------

/tʰrˈɛtːɔ̃/ - /dʀˈæːɪ̯ʦeŋ/
tʰ-d / r-ʀ / ∅-ˈæːɪ̯ / ˈɛ-∅ / tː-ʦ / ɔ̃-e / #>-ŋ_#>
{0: [0], 1: [1], 2: None, 3: [2], 4: [3], 5: [4], 6: None}
{0: [0], 1: [1], 2: [2], 3: None, 4: [3], 5: [4], 6: [5]}
SCORE: 10.008

-------------------

/tʰrˈʏʨːɑ/ - /dʀˈekən/
tʰ-d / r-ʀ / ˈʏ-ˈe / ʨː-k / ɑ-ə / #>-n_#>
{0: [0], 1: [1], 2: [2], 3: [3], 4: [4], 5: None}
{0: [0], 1: [1], 2: [2], 3: [3], 4: [4], 5: [5]}
SCORE: 22.071

-------------------

/tʰwˈɔː/ - /ʦwˈeː/
tʰ-ʦ / w-w / ∅-ˈeː / ˈɔː-∅
{0: [0], 1: [1], 2: None, 3: [2]}
{0: [0], 1: [1], 2: [2], 3: None}
SCORE: 5.507

-------------------

/tʰˈoɽv/ - /ʦwˈiə̯ləf/
tʰ-ʦ / ∅-w / ∅-ˈiə̯ / ˈo-∅ / ɽ-l / v-ə_f
{0: [0], 1: None, 2: None, 3: [1], 4: [2], 5: [3]}
{0: [0], 1: [1], 2: [2], 3: None, 4: [3], 5: [4, 5]}
SCORE: 2.374

-------------------

/tʰˈɑkːɑ/ - /dˈɑŋkən/
tʰ-d / ˈɑ-ˈɑ / ∅-ŋ / ∅-k / kː-∅ / ɑ-ə / #>-n_#>
{0: [0], 1: [1], 2: None, 3: None, 4: [2], 5: [3], 6: None}
{0: [0], 1: [1], 2: [2], 3: [3], 4: None, 5: [4], 6: [5]}
SCORE: 1.504

-------------------

/tʰˈɑnː/ - /ʦˈɑnd̥/
tʰ-ʦ / ˈɑ-ˈɑ / nː-n / #>-d̥_#>
{0: [0], 1: [1], 2: [2], 3: None}
{0: [0], 1: [1], 2: [2], 3: [3]}
SCORE: 17.456

-------------------

/tʰˈɛkːɛn/ - /ʦˈeːɕən/
tʰ-ʦ / ˈɛ-ˈeː / ∅-ɕ / ∅-ə / kː-∅ / ɛ-∅ / n-n
{0: [0], 1: [1], 2: None, 3: None, 4: [2], 5: [3], 6: [4]}
{0: [0], 1: [1], 2: [2], 3: [3], 4: None, 5: None, 6: [4]}
SCORE: -1.964

-------------------

/tʰˈɪŋɡ/ - /dˈeŋən/
tʰ-d / ∅-ˈe / ˈɪ-∅ / ŋ_ɡ-ŋ / #>-ə_n_#>
{0: [0], 1: None, 2: [1], 3: [2, 3], 4: None}
{0: [0], 1: [1], 2: None, 3: [2], 4: [3, 4]}
SCORE: -2.673

-------------------

/tʰˈɪːð/ - /ʦˈæːɪ̯t/
tʰ-ʦ / ˈɪː-ˈæːɪ̯ / ð-t
{0: [0], 1: [1], 2: [2]}
{0: [0], 1: [1], 2: [2]}
SCORE: 14.949

-------------------

/tʰˈɪːʉ/ - /ʦˈeŋ/
tʰ-ʦ / ˈɪː-ˈe / ʉ-ŋ
{0: [0], 1: [1], 2: [2]}
{0: [0], 1: [1], 2: [2]}
SCORE: 12.0

-------------------

/tʰˈʉnː/ - /dˈən/
tʰ-d / ˈʉ-ˈə / nː-n
{0: [0], 1: [1], 2: [2]}
{0: [0], 1: [1], 2: [2]}
SCORE: 16.641

-------------------

/tʰˈʉŋɡɑ/ - /ʦˈɔŋ/
tʰ-ʦ / ˈʉ-ˈɔ / ŋ_ɡ-ŋ / ɑ-∅
{0: [0], 1: [1], 2: [2, 3], 3: [4]}
{0: [0], 1: [1], 2: [2], 3: None}
SCORE: 11.59

-------------------

/tʰˈʉə̯rː/ - /dʀˈəɕən/
tʰ-d / ˈʉə̯-ʀ / rː-ˈə / ∅-ɕ / #>-ə_n_#>
{0: [0], 1: [1], 2: [2], 3: None, 4: None}
{0: [0], 1: [1], 2: [2], 3: [3], 4: [4, 5]}
SCORE: 4.769

-------------------

/tʰˈʉə̯st/ - /dˈuːʃt/
tʰ-d / ˈʉə̯-ˈuː / s-ʃ / t-t
{0: [0], 1: [1], 2: [2], 3: [3]}
{0: [0], 1: [1], 2: [2], 3: [3]}
SCORE: 24.105

-------------------

/tʰˈʉːsn̩/ - /dˈɑʊ̯zənd̥/
tʰ-d / ∅-ˈɑʊ̯ / ˈʉː-∅ / s-z / ∅-ə / n-n / #>-d̥_#>
{0: [0], 1: None, 2: [1], 3: [2], 4: None, 5: [3], 6: None}
{0: [0], 1: [1], 2: None, 3: [2], 4: [3], 5: [4], 6: [5]}
SCORE: 2.117

-------------------

/tʰˈʏsk/ - /dˈæːɪ̯tʃ/
tʰ-d / ∅-ˈæːɪ̯ / ∅-t / ˈʏ-∅ / s-ʃ / k_#>-#>
{0: [0], 1: None, 2: None, 3: [1], 4: [2], 5: [3]}
{0: [0], 1: [1], 2: [2], 3: None, 4: [3], 5: None}
SCORE: -3.933

-------------------

/wˈɑrm/ - /vˈaːm/
w-v / ˈɑ_r-ˈaː / m-m
{0: [0], 1: [1, 2], 2: [3]}
{0: [0], 1: [1], 2: [2]}
SCORE: 16.357

-------------------

/wˈɑtn̩/ - /vˈaːsɐ/
w-v / ˈɑ-ˈaː / t-s / n-ɐ
{0: [0], 1: [1], 2: [2], 3: [3]}
{0: [0], 1: [1], 2: [2], 3: [3]}
SCORE: 15.519

-------------------

/wˈɑːi̯t/ - /vˈæːɪ̯s/
w-v / ˈɑːi̯-ˈæːɪ̯ / t-s
{0: [0], 1: [1], 2: [2]}
{0: [0], 1: [1], 2: [2]}
SCORE: 18.418

-------------------

/wˈɑːpɛn/ - /vˈɑf/
w-v / ∅-ˈɑ / ˈɑː-∅ / p-f / ɛ-∅ / n-∅
{0: [0], 1: None, 2: [1], 3: [2], 4: [3], 5: [4]}
{0: [0], 1: [1], 2: None, 3: [2], 4: None, 5: None}
SCORE: -7.624

-------------------

/wˈɑːɽ/ - /vˈaːl/
w-v / ˈɑː-ˈaː / ɽ-l
{0: [0], 1: [1], 2: [2]}
{0: [0], 1: [1], 2: [2]}
SCORE: 16.823

-------------------

/wˈɛːk/ - /vˈeːɕ/
w-v / ˈɛː-ˈeː / k-ɕ
{0: [0], 1: [1], 2: [2]}
{0: [0], 1: [1], 2: [2]}
SCORE: 15.5

-------------------

/wˈɛːðɛr/ - /vˈiə̯dɐ/
w-v / ∅-ˈiə̯ / ˈɛː-∅ / ð-d / ɛ_r-ɐ
{0: [0], 1: None, 2: [1], 3: [2], 4: [3, 4]}
{0: [0], 1: [1], 2: None, 3: [2], 4: [3]}
SCORE: 0.575

-------------------

/wˈɛːɣ/ - /vˈeː/
w-v / ˈɛː-ˈeː / ɣ_#>-#>
{0: [0], 1: [1], 2: [2]}
{0: [0], 1: [1], 2: None}
SCORE: 7.912

-------------------

/wˈɪld/ - /vˈəl/
w-v / ˈɪ-ˈə / l-l / d_#>-#>
{0: [0], 1: [1], 2: [2], 3: [3]}
{0: [0], 1: [1], 2: [2], 3: None}
SCORE: 10.895

-------------------

/wˈɪnd/ - /vˈɑnd̥/
w-v / ˈɪ-ˈɑ / n-n / d_#>-d̥_#>
{0: [0], 1: [1], 2: [2], 3: [3]}
{0: [0], 1: [1], 2: [2], 3: [3]}
SCORE: 20.115

-------------------

/wˈɪtɔ/ - /vˈəsən/
w-v / ˈɪ-ˈə / t-s / ɔ-ə / #>-n_#>
{0: [0], 1: [1], 2: [2], 3: [3], 4: None}
{0: [0], 1: [1], 2: [2], 3: [3], 4: [4]}
SCORE: 19.343

-------------------

/wˈɪtːɛr/ - /vˈɑntɐ/
w-v / ˈɪ-ˈɑ / ∅-n / tː-t / ɛ_r-ɐ
{0: [0], 1: [1], 2: None, 3: [2], 4: [3, 4]}
{0: [0], 1: [1], 2: [2], 3: [3], 4: [4]}
SCORE: 14.386

-------------------

/wˈɪːkʉ/ - /vˈoχ/
w-v / ∅-ˈo / ˈɪː-∅ / k-χ / ʉ_#>-#>
{0: [0], 1: None, 2: [1], 3: [2], 4: [3]}
{0: [0], 1: [1], 2: None, 3: [2], 4: None}
SCORE: -0.308

-------------------

/wˈɪːn/ - /vˈæːɪ̯n/
w-v / ˈɪː-ˈæːɪ̯ / n-n
{0: [0], 1: [1], 2: [2]}
{0: [0], 1: [1], 2: [2]}
SCORE: 14.095

-------------------

/wˈɪ̃ːð/ - /mˈiːɐ/
w-∅ / ˈɪ̃ː-m_ˈiː / ð-∅ / #>-ɐ_#>
{0: [0], 1: [1], 2: [2], 3: None}
{0: None, 1: [0, 1], 2: None, 3: [2]}
SCORE: 1.457

-------------------

/ɡrˈyːœ̯n/ - /ɡʀˈeŋ/
ɡ-ɡ / r-ʀ / ∅-ˈe / ˈyːœ̯-∅ / n-∅ / #>-ŋ_#>
{0: [0], 1: [1], 2: None, 3: [2], 4: [3], 5: None}
{0: [0], 1: [1], 2: [2], 3: None, 4: None, 5: [3]}
SCORE: -2.821

-------------------

/ɡrˈɑːs/ - /ɡʀˈaːz̥/
ɡ-ɡ / r-ʀ / ˈɑː-ˈaː / s_#>-z̥_#>
{0: [0], 1: [1], 2: [2], 3: [3]}
{0: [0], 1: [1], 2: [2], 3: [3]}
SCORE: 25.914

-------------------

/ɡˈoː/ - /ɡˈoːən/
ɡ-ɡ / ∅-ˈoː / ˈoː-∅ / #>-ə_n_#>
{0: [0], 1: None, 2: [1], 3: None}
{0: [0], 1: [1], 2: None, 3: [2, 3]}
SCORE: -3.535

-------------------

/ɡˈɑrn/ - /ɡˈaːʀ/
ɡ-ɡ / ˈɑ-ˈaː / r-ʀ / n-∅
{0: [0], 1: [1], 2: [2], 3: [3]}
{0: [0], 1: [1], 2: [2], 3: None}
SCORE: 14.546

-------------------

/ɡˈɔ̃ːs/ - /ɡˈænz̥/
ɡ-ɡ / ˈɔ̃ː-ˈæ / ∅-n / s_#>-z̥_#>
{0: [0], 1: [1], 2: None, 3: [2]}
{0: [0], 1: [1], 2: [2], 3: [3]}
SCORE: 14.512

-------------------

/ɡˈʉlː/ - /ɡˈold̥/
ɡ-ɡ / ˈʉ-ˈo / lː-l / #>-d̥_#>
{0: [0], 1: [1], 2: [2], 3: None}
{0: [0], 1: [1], 2: [2], 3: [3]}
SCORE: 20.555

-------------------

/ɡˈʉːð/ - /ɡˈod̥/
ɡ-ɡ / ∅-ˈo / ˈʉː-∅ / ð-d̥
{0: [0], 1: None, 2: [1], 3: [2]}
{0: [0], 1: [1], 2: None, 3: [2]}
SCORE: 5.468

-------------------

/ɡˈʉːə̯ð/ - /ɡˈud̥/
ɡ-ɡ / ˈʉːə̯-ˈu / ð-d̥
{0: [0], 1: [1], 2: [2]}
{0: [0], 1: [1], 2: [2]}
SCORE: 19.954

-------------------

/ɡˈʉːə̯ɽ/ - /ɡˈiə̯l/
ɡ-ɡ / ∅-ˈiə̯ / ˈʉːə̯-∅ / ɽ-l
{0: [0], 1: None, 2: [1], 3: [2]}
{0: [0], 1: [1], 2: None, 3: [2]}
SCORE: 5.515

-------------------

/ɽjˈʉːə̯s/ - /lˈiːɕt/
<#_ɽ-<#_l / j-ˈiː / ˈʉːə̯-∅ / s-∅ / #>-ɕ_t_#>
{0: [0], 1: [1], 2: [2], 3: [3], 4: None}
{0: [0], 1: [1], 2: None, 3: None, 4: [2, 3]}
SCORE: -0.812

-------------------

/ɽjˈʉːə̯ɣɑ/ - /lˈɜɪ̯ən/
<#_ɽ-<#_l / j-ˈɜɪ̯ / ˈʉːə̯_ɣ-ə / ɑ-n
{0: [0], 1: [1], 2: [2, 3], 3: [4]}
{0: [0], 1: [1], 2: [2], 3: [3]}
SCORE: 16.257

-------------------

/ɽˈæːɑ/ - /lˈaːχən/
<#_ɽ-<#_l / ∅-ˈaː / ∅-χ / ˈæː-∅ / ɑ-ə / #>-n_#>
{0: [0], 1: None, 2: None, 3: [1], 4: [2], 5: None}
{0: [0], 1: [1], 2: [2], 3: None, 4: [3], 5: [4]}
SCORE: -2.345

-------------------

/ɽˈœːpɑ/ - /lˈaːfən/
<#_ɽ-<#_l / ˈœː-ˈaː / p-f / ɑ-ə / #>-n_#>
{0: [0], 1: [1], 2: [2], 3: [3], 4: None}
{0: [0], 1: [1], 2: [2], 3: [3], 4: [4]}
SCORE: 20.368

-------------------

/ɽˈɑnd/ - /lˈɑnd̥/
<#_ɽ-<#_l / ˈɑ-ˈɑ / n-n / d_#>-d̥_#>
{0: [0], 1: [1], 2: [2], 3: [3]}
{0: [0], 1: [1], 2: [2], 3: [3]}
SCORE: 23.339

-------------------

/ɽˈɑːu̯s/ - /lˈæːʊ̯z̥/
<#_ɽ-<#_l / ˈɑːu̯-ˈæːʊ̯ / s_#>-z̥_#>
{0: [0], 1: [1], 2: [2]}
{0: [0], 1: [1], 2: [2]}
SCORE: 23.897

-------------------

/ɽˈɑːu̯ŋɡ/ - /lˈaːŋ/
<#_ɽ-<#_l / ∅-ˈaː / ˈɑːu̯-∅ / ŋ-ŋ / ɡ_#>-#>
{0: [0], 1: None, 2: [1], 3: [2], 4: [3]}
{0: [0], 1: [1], 2: None, 3: [2], 4: None}
SCORE: 4.692

-------------------

/ɽˈɪtː/ - /lˈiːɕt/
<#_ɽ-<#_l / ∅-ˈiː / ∅-ɕ / ˈɪ-∅ / tː-t
{0: [0], 1: None, 2: None, 3: [1], 4: [2]}
{0: [0], 1: [1], 2: [2], 3: None, 4: [3]}
SCORE: 0.293

-------------------

/ɽˈɪɡːɑ/ - /lˈɑɪ̯ən/
<#_ɽ-<#_l / ∅-ˈɑɪ̯ / ˈɪ-∅ / ɡː-∅ / ɑ-ə / #>-n_#>
{0: [0], 1: None, 2: [1], 3: [2], 4: [3], 5: None}
{0: [0], 1: [1], 2: None, 3: None, 4: [2], 5: [3]}
SCORE: -2.345

-------------------

/ɽˈʏːr/ - /lˈiə̯vɐ/
<#_ɽ-<#_l / ∅-ˈiə̯ / ∅-v / ˈʏː-∅ / r-ɐ
{0: [0], 1: None, 2: None, 3: [1], 4: [2]}
{0: [0], 1: [1], 2: [2], 3: None, 4: [3]}
SCORE: -1.63

-------------------

/ʥˈiːe̯t/ - /ɡˈeːs/
ʥ-ɡ / ˈiːe̯-ˈeː / t-s
{0: [0], 1: [1], 2: [2]}
{0: [0], 1: [1], 2: [2]}
SCORE: 17.657

-------------------

/ʥˈæst/ - /ɡˈaːʃt/
ʥ-ɡ / ∅-ˈaː / ˈæ-∅ / s-ʃ / t-t
{0: [0], 1: None, 2: [1], 3: [2], 4: [3]}
{0: [0], 1: [1], 2: None, 3: [2], 4: [3]}
SCORE: 5.632

-------------------

/ʨˈyœ̯rʨɑ/ - /kʰˈiːɐɕ/
∅-kʰ / ʨ-∅ / ˈyœ̯-ˈiː / r-ɐ / ʨ-∅ / ɑ-∅ / #>-ɕ_#>
{0: None, 1: [0], 2: [1], 3: [2], 4: [3], 5: [4], 6: None}
{0: [0], 1: None, 2: [1], 3: [2], 4: None, 5: None, 6: [3]}
SCORE: -8.869

-------------------

/ʨˈʉːə̯v/ - /dˈɜɪ̯v̥/
∅-d / ʨ-∅ / ˈʉːə̯-ˈɜɪ̯ / v-v̥
{0: None, 1: [0], 2: [1], 3: [2]}
{0: [0], 1: None, 2: [1], 3: [2]}
SCORE: 6.382

-------------------

/ˈiːe̯k/ - /ˈeːɕ/
ˈiːe̯-ˈeː / k-ɕ
{0: [0], 1: [1]}
{0: [0], 1: [1]}
SCORE: 15.345

-------------------

/ˈiːe̯m/ - /hˈeːm/
<#-<#_h / ˈiːe̯-ˈeː / m-m
{0: None, 1: [0], 2: [1]}
{0: [0], 1: [1], 2: [2]}
SCORE: 18.037

-------------------

/ˈiːe̯n/ - /ˈeːn/
ˈiːe̯-ˈeː / n-n
{0: [0], 1: [1]}
{0: [0], 1: [1]}
SCORE: 14.843

-------------------

/ˈiːe̯t/ - /hˈeːs/
<#-<#_h / ˈiːe̯-ˈeː / t-s
{0: None, 1: [0], 2: [1]}
{0: [0], 1: [1], 2: [2]}
SCORE: 16.824

-------------------

/ˈoːɣ/ - /hˈɜɪ̯ɕ/
<#-<#_h / ∅-ˈɜɪ̯ / ˈoː-∅ / ɣ-ɕ
{0: None, 1: None, 2: [0], 3: [1]}
{0: [0], 1: [1], 2: None, 3: [2]}
SCORE: -2.62

-------------------

/ˈyœ̯nsʨɑ/ - /vˈənʃən/
∅-v / ∅-ˈə / ˈyœ̯-∅ / n-n / s_ʨ-ʃ / ɑ-ə / #>-n_#>
{0: None, 1: None, 2: [0], 3: [1], 4: [2, 3], 5: [4], 6: None}
{0: [0], 1: [1], 2: None, 3: [2], 4: [3], 5: [4], 6: [5]}
SCORE: -2.455

-------------------

/ˈæːra/ - /hˈɜɪ̯əʀən/
<#-<#_h / ˈæː-ˈɜɪ̯ / ∅-ə / r-ʀ / a-ə / #>-n_#>
{0: None, 1: [0], 2: None, 3: [1], 4: [2], 5: None}
{0: [0], 1: [1], 2: [2], 3: [3], 4: [4], 5: [5]}
SCORE: 9.121

-------------------

/ˈɑnd/ - /hˈɑnd̥/
<#-<#_h / ˈɑ-ˈɑ / n-n / d_#>-d̥_#>
{0: None, 1: [0], 2: [1], 3: [2]}
{0: [0], 1: [1], 2: [2], 3: [3]}
SCORE: 18.851

-------------------

/ˈɑrm/ - /ˈaːm/
ˈɑ_r-ˈaː / m-m
{0: [0, 1], 1: [2]}
{0: [0], 1: [1]}
SCORE: 14.113

-------------------

/ˈɑːi̯s/ - /ˈæːɪ̯z̥/
ˈɑːi̯-ˈæːɪ̯ / s_#>-z̥_#>
{0: [0], 1: [1]}
{0: [0], 1: [1]}
SCORE: 17.358

-------------------

/ˈɑːnɑn/ - /ˈaːnɐ/
ˈɑː-ˈaː / n-n / ɑ-∅ / n-ɐ
{0: [0], 1: [1], 2: [2], 3: [3]}
{0: [0], 1: [1], 2: None, 3: [2]}
SCORE: 7.688

-------------------

/ˈɑːpɑ/ - /ˈaːf/
ˈɑː-ˈaː / p-f / ɑ-∅
{0: [0], 1: [1], 2: [2]}
{0: [0], 1: [1], 2: None}
SCORE: 10.186

-------------------

/ˈɑːu̯s/ - /hˈæːʊ̯z̥/
<#-<#_h / ˈɑːu̯-ˈæːʊ̯ / s_#>-z̥_#>
{0: None, 1: [0], 2: [1]}
{0: [0], 1: [1], 2: [2]}
SCORE: 19.409

-------------------

/ˈɑːu̯t/ - /ˈæːʊ̯s/
ˈɑːu̯-ˈæːʊ̯ / t-s
{0: [0], 1: [1]}
{0: [0], 1: [1]}
SCORE: 17.229

-------------------

/ˈɑːu̯ð/ - /hˈæːʊ̯d̥/
<#-<#_h / ˈɑːu̯-ˈæːʊ̯ / ð-d̥
{0: None, 1: [0], 2: [1]}
{0: [0], 1: [1], 2: [2]}
SCORE: 17.861

-------------------

/ˈɔlː/ - /ˈɑl/
∅-ˈɑ / ˈɔ-∅ / lː-l
{0: None, 1: [0], 2: [1]}
{0: [0], 1: None, 2: [1]}
SCORE: -0.222

-------------------

/ˈɔtɔ/ - /hˈaːsən/
<#-<#_h / ∅-ˈaː / ˈɔ-∅ / t-s / ɔ-ə / #>-n_#>
{0: None, 1: None, 2: [0], 3: [1], 4: [2], 5: None}
{0: [0], 1: [1], 2: None, 3: [2], 4: [3], 5: [4]}
SCORE: 3.655

-------------------

/ˈɔtːɑ/ - /ˈaːχt/
<#-<#_ˈaː / ∅-χ / ˈɔ-∅ / tː-t / ɑ-∅
{0: None, 1: None, 2: [0], 3: [1], 4: [2]}
{0: [0], 1: [1], 2: None, 3: [2], 4: None}
SCORE: -7.659

-------------------

/ˈɔːr/ - /hˈoːɐ/
<#-<#_h / ˈɔː-ˈoː / r-ɐ
{0: None, 1: [0], 2: [1]}
{0: [0], 1: [1], 2: [2]}
SCORE: 14.938

-------------------

/ˈɔːr/ - /jˈoːɐ/
<#-<#_j / ˈɔː-ˈoː / r-ɐ
{0: None, 1: [0], 2: [1]}
{0: [0], 1: [1], 2: [2]}
SCORE: 13.352

-------------------

/ˈɔːv/ - /hˈɑləv̥/
<#-<#_h / ˈɔː-ˈɑ_l / ∅-ə / v-v̥
{0: None, 1: [0], 2: None, 3: [1]}
{0: [0], 1: [1, 2], 2: [3], 3: [4]}
SCORE: 11.099

-------------------

/ˈɔːɽ/ - /ˈɜɪ̯l/
∅-ˈɜɪ̯ / ˈɔː-∅ / ɽ-l
{0: None, 1: [0], 2: [1]}
{0: [0], 1: None, 2: [1]}
SCORE: -0.474

-------------------

/ˈɛlːɔv/ - /ˈeːləf/
ˈɛ-ˈeː / lː-l / ɔ-ə / v-f
{0: [0], 1: [1], 2: [2], 3: [3]}
{0: [0], 1: [1], 2: [2], 3: [3]}
SCORE: 21.645

-------------------

/ˈɛpːɛɽ/ - /ˈaːpəl/
<#-<#_ˈaː / ˈɛ-∅ / pː-p / ∅-ə / ɛ-∅ / ɽ-l
{0: None, 1: [0], 2: [1], 3: None, 4: [2], 5: [3]}
{0: [0], 1: None, 2: [1], 3: [2], 4: None, 5: [3]}
SCORE: -2.45

-------------------

/ˈɛɡː/ - /ˈeː/
ˈɛ-ˈeː / ɡː-∅
{0: [0], 1: [1]}
{0: [0], 1: None}
SCORE: 4.362

-------------------

/ˈɛɡː/ - /ˈɛk/
ˈɛ-ˈɛ / ɡː-k
{0: [0], 1: [1]}
{0: [0], 1: [1]}
SCORE: 9.444

-------------------

/ˈɪːð/ - /dˈiːɐ/
ˈɪː-∅ / ð-d / ∅-ˈiː / #>-ɐ_#>
{0: [0], 1: [1], 2: None, 3: None}
{0: None, 1: [0], 2: [1], 3: [2]}
SCORE: -6.291

-------------------

/ˈɪːɣ/ - /ˈəɕ/
ˈɪː-ˈə / ɣ-ɕ
{0: [0], 1: [1]}
{0: [0], 1: [1]}
SCORE: 9.829

-------------------

/ˈʉlː/ - /vˈol/
ˈʉ-v_ˈo / lː-l
{0: [0], 1: [1]}
{0: [0, 1], 1: [2]}
SCORE: 14.628

-------------------

/ˈʉndrɑð/ - /hˈɔnɐt/
<#-<#_h / ˈʉ-ˈɔ / n_d-n / r-ɐ / ɑ-∅ / ð-t
{0: None, 1: [0], 2: [1, 2], 3: [3], 4: [4], 5: [5]}
{0: [0], 1: [1], 2: [2], 3: [3], 4: None, 5: [4]}
SCORE: 10.884

-------------------

/ˈʉndɛr/ - /vˈonɐ/
ˈʉ-v_ˈo / n_d-n / ɛ_r-ɐ
{0: [0], 1: [1, 2], 2: [3, 4]}
{0: [0, 1], 1: [2], 2: [3]}
SCORE: 13.05

-------------------

/ˈʉndɛr/ - /ˈənɐ/
ˈʉ-ˈə / n_d-n / ɛ_r-ɐ
{0: [0], 1: [1, 2], 2: [3, 4]}
{0: [0], 1: [1], 2: [2]}
SCORE: 11.879

-------------------

/ˈʉpː/ - /ˈop/
ˈʉ-ˈo / pː-p
{0: [0], 1: [1]}
{0: [0], 1: [1]}
SCORE: 16.105

-------------------

/ˈʉŋɡ/ - /jˈoŋɡ̊/
<#-<#_j / ˈʉ-ˈo / ŋ-ŋ / ɡ_#>-ɡ̊_#>
{0: None, 1: [0], 2: [1], 3: [2]}
{0: [0], 1: [1], 2: [2], 3: [3]}
SCORE: 24.209

-------------------

/ˈʉŋɡɛr/ - /hˈoŋɐ/
<#-<#_h / ˈʉ-ˈo / ŋ_ɡ-ŋ / ɛ_r-ɐ
{0: None, 1: [0], 2: [1, 2], 3: [3, 4]}
{0: [0], 1: [1], 2: [2], 3: [3]}
SCORE: 16.442

-------------------

/ˈʉə̯nː/ - /hˈaːʀ/
<#-<#_h / ˈʉə̯_nː-ˈaː_ʀ
{0: None, 1: [0, 1]}
{0: [0], 1: [1, 2]}
SCORE: 14.105

-------------------

/ˈʉə̯rd/ - /vˈuːɐd̥/
<#_ˈʉə̯-<#_v_ˈuː / r-ɐ / d_#>-d̥_#>
{0: [0], 1: [1], 2: [2]}
{0: [0, 1], 1: [2], 2: [3]}
SCORE: 16.893

-------------------

/ˈʉə̯rm/ - /vˈuːɐm/
<#_ˈʉə̯-<#_v_ˈuː / r-ɐ / m-m
{0: [0], 1: [1], 2: [2]}
{0: [0, 1], 1: [2], 2: [3]}
SCORE: 18.76

-------------------

/ˈʉə̯sː/ - /ˈɑɪ̯z̥/
<#_ˈʉə̯-<# / ∅-ˈɑɪ̯ / sː-z̥
{0: [0], 1: None, 2: [1]}
{0: None, 1: [0], 2: [1]}
SCORE: 0.088

-------------------

/ˈʉɽv/ - /vˈoləf/
ˈʉ-v_ˈo / ɽ-l / v-ə_f
{0: [0], 1: [1], 2: [2]}
{0: [0, 1], 1: [2], 2: [3, 4]}
SCORE: 17.353

-------------------

/ˈʉːɣɛɽ/ - /ˈɑɪ̯l/
∅-ˈɑɪ̯ / ˈʉː-∅ / ɣ_ɛ-l / ɽ_#>-#>
{0: None, 1: [0], 2: [1, 2], 3: [3]}
{0: [0], 1: None, 2: [1], 3: None}
SCORE: -8.487

-------------------

/ˈʏːvʏr/ - /ˈivɐ/
ˈʏː-∅ / v-∅ / ʏ-ˈi_v / r-ɐ
{0: [0], 1: [1], 2: [2], 3: [3]}
{0: None, 1: None, 2: [0, 1], 3: [2]}
SCORE: 3.253
