/bjˈœɾn/ - /bjˈøːɳ/
[1.0] b-b / j-j / ˈœ-ˈøː / ɾ_n-ɳ

-------------------

/blˈuː/ - /blˈuːd/
[0.8] b-b / l-l / ˈuː-ˈuː / ∅-d
[0.2] b-b / l-l / ˈuː-ˈuː_d

-------------------

/blˈuːm/ - /blˈʊmːa/
[1.0] b-b / l-l / ˈuː-ˈʊ / m-mː / ∅-a

-------------------

/blˈɑːd/ - /blˈɑːd/
[1.0] b-b / l-l / ˈɑː-ˈɑː / d-d

-------------------

/bɾˈuːdeɾ/ - /brˈuːr/
[1.0] b-b / ɾ-r / ˈuː-ˈuː / d-∅ / e-∅ / ɾ-r

-------------------

/bɾˈuːɾ/ - /brˈuːr/
[1.0] b-b / ɾ-r / ˈuː-ˈuː / ɾ-r

-------------------

/bɾˈæʉ̯/ - /brˈøːd/
[0.5] b-b / ɾ-r / ˈæʉ̯-ˈøː_d
[0.5] b-b / ɾ-r / ˈæʉ̯-ˈøː / ∅-d

-------------------

/bɾˈʏst/ - /brˈœst/
[1.0] b-b / ɾ-r / ˈʏ-ˈœ / s-s / t-t

-------------------

/bɾˈʏɡːe/ - /brˈʏɡːa/
[1.0] b-b / ɾ-r / ˈʏ-ˈʏ / ɡː-ɡː / e-a

-------------------

/bˈeːtɾe/ - /bˈɛtːrɛ/
[1.0] b-b / ˈeː-ˈɛ / t-tː / ɾ-r / e-ɛ

-------------------

/bˈeːɑ/ - /bˈeː/
[1.0] b-b / ˈeː-ˈeː / ɑ-∅

-------------------

/bˈiːtɑ/ - /bˈiːta/
[1.0] b-b / ˈiː-ˈiː / t-t / ɑ-a

-------------------

/bˈiːə/ - /bˈiː/
[1.0] b-b / ˈiː-ˈiː / ə-∅

-------------------

/bˈoːt/ - /bˈoːt/
[1.0] b-b / ˈoː-ˈoː / t-t

-------------------

/bˈuːk/ - /bˈuːk/
[1.0] b-b / ˈuː-ˈuː / k-k

-------------------

/bˈæɾɡ/ - /bˈɛrj/
[1.0] b-b / ˈæ-ˈɛ / ɾ-r / ɡ-j

-------------------

/bˈæːɪ̯n/ - /bˈeːn/
[1.0] b-b / ˈæːɪ̯-ˈeː / n-n

-------------------

/bˈɑːd/ - /bˈɑːd/
[1.0] b-b / ˈɑː-ˈɑː / d-d

-------------------

/bˈɑːɾn/ - /bˈɑːɳ/
[0.75] b-b / ˈɑː-ˈɑː / ɾ_n-ɳ
[0.25] b-b / ˈɑː-ˈɑː / ɾ-∅ / n-ɳ

-------------------

/dɾˈiːʋɑ/ - /drˈiːva/
[1.0] d-d / ɾ-r / ˈiː-ˈiː / ʋ-v / ɑ-a

-------------------

/dɾˈæʉ̯m/ - /drˈœm/
[1.0] d-d / ɾ-r / ˈæʉ̯-ˈœ / m-m

-------------------

/dɾˈœʏ̯mɑ/ - /drˈœmːa/
[1.0] d-d / ɾ-r / ˈœʏ̯-ˈœ / m-mː / ɑ-a

-------------------

/dɾˈɪʰkːɑ/ - /drˈɪkːa/
[1.0] d-d / ɾ-r / ˈɪ-ˈɪ / ʰkː-kː / ɑ-a

-------------------

/dʋˈɛɾɡ/ - /dvˈærj/
[1.0] d-d / ʋ-v / ˈɛ-ˈæ / ɾ-r / ɡ-j

-------------------

/dˈyːɾ/ - /dˈyːr/
[1.0] d-d / ˈyː-ˈyː / ɾ-r

-------------------

/dˈyːɾ/ - /jˈʉːr/
[1.0] d-∅ / ∅-j / ˈyː-ˈʉː / ɾ-r

-------------------

/dˈøːdeleɡ/ - /dˈøːdlɪɡ/
[1.0] d-d / ˈøː-ˈøː / d-d / e-∅ / l-l / e-ɪ / ɡ-ɡ

-------------------

/dˈɑːɡ/ - /dˈɑːɡ/
[1.0] d-d / ˈɑː-ˈɑː / ɡ-ɡ

-------------------

/dˈɔʰtːeɾ/ - /dˈɔtːɛr/
[1.0] d-d / ˈɔ-ˈɔ / ʰtː-tː / e-ɛ / ɾ-r

-------------------

/dˈʉː/ - /dˈʉː/
[1.0] d-d / ˈʉː-ˈʉː

-------------------

/fjˈøːɾ/ - /fjˈɛːdɛr/
[1.0] f-f / j-j / ˈøː-ˈɛː / ∅-d / ∅-ɛ / ɾ-r

-------------------

/flˈyːɡɑ/ - /flˈyːɡa/
[1.0] f-f / l-l / ˈyː-ˈyː / ɡ-ɡ / ɑ-a

-------------------

/flˈʉːɡe/ - /flˈʉːɡa/
[1.0] f-f / l-l / ˈʉː-ˈʉː / ɡ-ɡ / e-a

-------------------

/fɾˈyːsɑ/ - /frˈyːsa/
[1.0] f-f / ɾ-r / ˈyː-ˈyː / s-s / ɑ-a

-------------------

/fɾˈɛnde/ - /frˈɛndɛ/
[1.0] f-f / ɾ-r / ˈɛ-ˈɛ / n-n / d-d / e-ɛ

-------------------

/fɾˈɪsk/ - /frˈɪsk/
[1.0] f-f / ɾ-r / ˈɪ-ˈɪ / s-s / k-k

-------------------

/fˈiːɾe/ - /fˈyːra/
[1.0] f-f / ˈiː-ˈyː / ɾ-r / e-a

-------------------

/fˈoː/ - /fˈoː/
[1.0] f-f / ˈoː-ˈoː

-------------------

/fˈuːt/ - /fˈuːt/
[1.0] f-f / ˈuː-ˈuː / t-t

-------------------

/fˈyːɾ/ - /fˈyːr/
[1.0] f-f / ˈyː-ˈyː / ɾ-r

-------------------

/fˈøːteɾ/ - /fˈœtːɛr/
[1.0] f-f / ˈøː-ˈœ / t-tː / e-ɛ / ɾ-r

-------------------

/fˈɑːɾ/ - /fˈɑːr/
[1.0] f-f / ˈɑː-ˈɑː / ɾ-r

-------------------

/fˈɛm/ - /fˈɛm/
[1.0] f-f / ˈɛ-ˈɛ / m-m

-------------------

/fˈɪnːɑ/ - /fˈɪnːa/
[1.0] f-f / ˈɪ-ˈɪ / nː-nː / ɑ-a

-------------------

/fˈɪsk/ - /fˈɪsk/
[1.0] f-f / ˈɪ-ˈɪ / s-s / k-k

-------------------

/fˈɪŋːeɾ/ - /fˈɪŋːɛr/
[1.0] f-f / ˈɪ-ˈɪ / ŋː-ŋː / e-ɛ / ɾ-r

-------------------

/fˈʉlː/ - /fˈɵlː/
[1.0] f-f / ˈʉ-ˈɵ / lː-lː

-------------------

/fˈʉɡl/ - /fˈoːɡɛl/
[0.75] f-f / ˈʉ-ˈoː / ɡ-ɡ / l-ɛ_l
[0.25] f-f / ˈʉ-ˈoː / ɡ-ɡ / ∅-ɛ / l-l

-------------------

/fˈʏljɑ/ - /fˈœlja/
[1.0] f-f / ˈʏ-ˈœ / l-l / j-j / ɑ-a

-------------------

/hˈeːɾ/ - /hˈæːr/
[1.0] h-h / ˈeː-ˈæː / ɾ-r

-------------------

/hˈoːɾ/ - /hˈoːr/
[1.0] h-h / ˈoː-ˈoː / ɾ-r

-------------------

/hˈoːʋʉ/ - /hˈʉːvɵd/
[1.0] h-h / ˈoː-ˈʉː / ʋ-v / ʉ-ɵ / ∅-d

-------------------

/hˈæɪ̯lɑɡ/ - /hˈeːlɪɡ/
[1.0] h-h / ˈæɪ̯-ˈeː / l-l / ɑ-ɪ / ɡ-ɡ

-------------------

/hˈæɪ̯m/ - /hˈɛːm/
[1.0] h-h / ˈæɪ̯-ˈɛː / m-m

-------------------

/hˈæɪ̯t/ - /hˈeːt/
[1.0] h-h / ˈæɪ̯-ˈeː / t-t

-------------------

/hˈæʉ̯ɡ/ - /hˈøːɡ/
[1.0] h-h / ˈæʉ̯-ˈøː / ɡ-ɡ

-------------------

/hˈøːnə/ - /hˈøːna/
[1.0] h-h / ˈøː-ˈøː / n-n / ə-a

-------------------

/hˈœʏ̯ɾɑ/ - /hˈœːra/
[1.0] h-h / ˈœʏ̯-ˈœː / ɾ-r / ɑ-a

-------------------

/hˈɑnː/ - /hˈand/
[0.67] h-h / ˈɑ-ˈa / nː-n_d
[0.33] h-h / ˈɑ-ˈa / nː-n / ∅-d

-------------------

/hˈɑː/ - /hˈɑː/
[1.0] h-h / ˈɑː-ˈɑː

-------------------

/hˈɑːɾe/ - /hˈɑːrɛ/
[1.0] h-h / ˈɑː-ˈɑː / ɾ-r / e-ɛ

-------------------

/hˈɔɾs/ - /rˈɵsː/
[1.0] h-∅ / ∅-r / ˈɔ-ˈɵ / ɾ-∅ / s-sː

-------------------

/hˈʉndɾɑ/ - /hˈʊndra/
[1.0] h-h / ˈʉ-ˈʊ / n-n / d-d / ɾ-r / ɑ-a

-------------------

/hˈʉːd/ - /hˈʉːd/
[1.0] h-h / ˈʉː-ˈʉː / d-d

-------------------

/hˈʉːs/ - /hˈʉːs/
[1.0] h-h / ˈʉː-ˈʉː / s-s

-------------------

/hˈʊnd/ - /hˈɵnd/
[1.0] h-h / ˈʊ-ˈɵ / n-n / d-d

-------------------

/hˈʊɾn/ - /hˈuːɳ/
[1.0] h-h / ˈʊ-ˈuː / ɾ_n-ɳ

-------------------

/jˈeːʋɑ/ - /jˈeː/
[1.0] j-j / ˈeː-ˈeː / ʋ-∅ / ɑ-∅

-------------------

/jˈuːs/ - /jˈʉːs/
[1.0] j-j / ˈuː-ˈʉː / s-s

-------------------

/jˈuːɾ/ - /jˈuːɖ/
[1.0] j-j / ˈuː-ˈuː / ɾ-ɖ

-------------------

/jˈæɪ̯t/ - /jˈeːt/
[1.0] j-j / ˈæɪ̯-ˈeː / t-t

-------------------

/jˈɑɾtɑ/ - /jˈæʈːa/
[0.75] j-j / ˈɑ-ˈæ / ɾ_t-ʈː / ɑ-a
[0.25] j-j / ˈɑ-ˈæ / ɾ-∅ / t-ʈː / ɑ-a

-------------------

/jˈɛst/ - /jˈɛst/
[1.0] j-j / ˈɛ-ˈɛ / s-s / t-t

-------------------

/jˈʉːp/ - /jˈʉːp/
[1.0] j-j / ˈʉː-ˈʉː / p-p

-------------------

/kʰnˈeː/ - /kʰnˈɛː/
[1.0] kʰ-kʰ / n-n / ˈeː-ˈɛː

-------------------

/kʰʋˈiːt/ - /vˈiːt/
[1.0] kʰ-∅ / ʋ-v / ˈiː-ˈiː / t-t

-------------------

/kʰʋˈɑː/ - /vˈɑːd/
[1.0] kʰ-∅ / ʋ-v / ˈɑː-ˈɑː / ∅-d

-------------------

/kʰʋˈɑːl/ - /vˈɑːl/
[1.0] kʰ-∅ / ʋ-v / ˈɑː-ˈɑː / l-l

-------------------

/kʰʋˈɪnːe/ - /kʰvˈɪnːa/
[1.0] kʰ-kʰ / ʋ-v / ˈɪ-ˈɪ / nː-nː / e-a

-------------------

/kʰˈuːne/ - /kʰvˈɪnːa/
[1.0] kʰ-kʰ / ∅-v / ˈuː-ˈɪ / n-nː / e-a

-------------------

/kʰˈɑlʋ/ - /kʰˈalv/
[1.0] kʰ-kʰ / ˈɑ-ˈa / l-l / ʋ-v

-------------------

/kʰˈɑlː/ - /kʰˈalː/
[1.0] kʰ-kʰ / ˈɑ-ˈa / lː-lː

-------------------

/kʰˈʉnːɑ/ - /kʰˈɵnːa/
[1.0] kʰ-kʰ / ˈʉ-ˈɵ / nː-nː / ɑ-a

-------------------

/kʰˈʉː/ - /kʰˈuː/
[1.0] kʰ-kʰ / ˈʉː-ˈuː

-------------------

/kʰˈʊŋ/ - /kʰˈɵŋ/
[1.0] kʰ-kʰ / ˈʊ-ˈɵ / ŋ-ŋ

-------------------

/kʰˈʊɾn/ - /kʰˈuːɳ/
[0.75] kʰ-kʰ / ˈʊ-ˈuː / ɾ_n-ɳ
[0.25] kʰ-kʰ / ˈʊ-ˈuː / ɾ-∅ / n-ɳ

-------------------

/lˈeː/ - /lˈeː/
[1.0] l-l / ˈeː-ˈeː

-------------------

/lˈeːʋeɾ/ - /lˈeːvɛr/
[1.0] l-l / ˈeː-ˈeː / ʋ-v / e-ɛ / ɾ-r

-------------------

/lˈæʉ̯pɑ/ - /lˈøːpa/
[1.0] l-l / ˈæʉ̯-ˈøː / p-p / ɑ-a

-------------------

/lˈæʉ̯ʋ/ - /lˈøːv/
[1.0] l-l / ˈæʉ̯-ˈøː / ʋ-v

-------------------

/lˈɑmː/ - /lˈamː/
[1.0] l-l / ˈɑ-ˈa / mː-mː

-------------------

/lˈɑnd/ - /lˈand/
[1.0] l-l / ˈɑ-ˈa / n-n / d-d

-------------------

/lˈɑŋː/ - /lˈoːŋ/
[1.0] l-l / ˈɑ-ˈoː / ŋː-ŋ

-------------------

/lˈɛʰtː/ - /lˈɛtː/
[1.0] l-l / ˈɛ-ˈɛ / ʰtː-tː

-------------------

/lˈʉːs/ - /lˈʉːs/
[1.0] l-l / ˈʉː-ˈʉː / s-s

-------------------

/mjˈœlk/ - /mjˈœlk/
[1.0] m-m / j-j / ˈœ-ˈœ / l-l / k-k

-------------------

/mˈeːɡ/ - /mˈɛj/
[1.0] m-m / ˈeː-ˈɛ / ɡ-j

-------------------

/mˈoːne/ - /mˈoːnɛ/
[1.0] m-m / ˈoː-ˈoː / n-n / e-ɛ

-------------------

/mˈuːɾ/ - /mˈuːr/
[1.0] m-m / ˈuː-ˈuː / ɾ-r

-------------------

/mˈyːseɾ/ - /mˈœsː/
[1.0] m-m / ˈyː-ˈœ / s-sː / e-∅ / ɾ-∅

-------------------

/mˈɑnː/ - /mˈanː/
[1.0] m-m / ˈɑ-ˈa / nː-nː

-------------------

/mˈɛnː/ - /mˈɛn/
[1.0] m-m / ˈɛ-ˈɛ / nː-n

-------------------

/mˈɛnːɛʃe/ - /mˈɛnːɪɧa/
[1.0] m-m / ˈɛ-ˈɛ / nː-nː / ɛ-ɪ / ʃ-ɧ / e-a

-------------------

/mˈʉnː/ - /mˈɵnː/
[1.0] m-m / ˈʉ-ˈɵ / nː-nː

-------------------

/mˈʉːs/ - /mˈʉːs/
[1.0] m-m / ˈʉː-ˈʉː / s-s

-------------------

/mˈʏɡː/ - /mˈʏɡː/
[1.0] m-m / ˈʏ-ˈʏ / ɡː-ɡː

-------------------

/nˈiː/ - /nˈiːʊ/
[1.0] n-n / ˈiː-ˈiː / ∅-ʊ

-------------------

/nˈoːl/ - /nˈoːl/
[1.0] n-n / ˈoː-ˈoː / l-l

-------------------

/nˈuːɾ/ - /nˈɔrː/
[1.0] n-n / ˈuː-ˈɔ / ɾ-rː

-------------------

/nˈyː/ - /nˈyː/
[1.0] n-n / ˈyː-ˈyː

-------------------

/nˈɑmn/ - /nˈamn/
[1.0] n-n / ˈɑ-ˈa / m-m / n-n

-------------------

/nˈɑɡl/ - /nˈɑːɡɛl/
[0.6] n-n / ˈɑ-ˈɑː / ɡ-ɡ / l-ɛ_l
[0.4] n-n / ˈɑ-ˈɑː / ɡ-ɡ / ∅-ɛ / l-l

-------------------

/nˈɑʰtː/ - /nˈatː/
[1.0] n-n / ˈɑ-ˈa / ʰtː-tː

-------------------

/nˈɑːse/ - /nˈɛːsa/
[1.0] n-n / ˈɑː-ˈɛː / s-s / e-a

-------------------

/nˈɑːçen/ - /nˈɑːkɛn/
[1.0] n-n / ˈɑː-ˈɑː / ç-k / e-ɛ / n-n

-------------------

/pʰlˈɪkt/ - /pʰlˈɪkt/
[1.0] pʰ-pʰ / l-l / ˈɪ-ˈɪ / k-k / t-t

-------------------

/skˈɑɾp/ - /skˈarp/
[1.0] s-s / k-k / ˈɑ-ˈa / ɾ-r / p-p

-------------------

/slˈoː/ - /slˈoː/
[1.0] s-s / l-l / ˈoː-ˈoː

-------------------

/snˈøː/ - /snˈøː/
[1.0] s-s / n-n / ˈøː-ˈøː

-------------------

/stˈuːl/ - /stˈuːl/
[1.0] s-s / t-t / ˈuː-ˈuː / l-l

-------------------

/stˈuːɾ/ - /stˈuːr/
[1.0] s-s / t-t / ˈuː-ˈuː / ɾ-r

-------------------

/stˈæɪ̯n/ - /stˈeːn/
[1.0] s-s / t-t / ˈæɪ̯-ˈeː / n-n

-------------------

/stˈɔɾm/ - /stˈɔrm/
[1.0] s-s / t-t / ˈɔ-ˈɔ / ɾ-r / m-m

-------------------

/sçˈɛnːe/ - /ɧˈæːɳa/
[1.0] s-∅ / ç-ɧ / ˈɛ-ˈæː / nː-ɳ / e-a

-------------------

/sʋˈiːn/ - /svˈiːn/
[1.0] s-s / ʋ-v / ˈiː-ˈiː / n-n

-------------------

/sʋˈɑɾt/ - /svˈaʈː/
[0.75] s-s / ʋ-v / ˈɑ-ˈa / ɾ_t-ʈː
[0.25] s-s / ʋ-v / ˈɑ-ˈa / ɾ-∅ / t-ʈː

-------------------

/sʋˈɛːɾ/ - /svˈæːɖ/
[1.0] s-s / ʋ-v / ˈɛː-ˈæː / ɾ-ɖ

-------------------

/sˈiːe/ - /sˈiːda/
[1.0] s-s / ˈiː-ˈiː / ∅-d / e-a

-------------------

/sˈoːʋɑ/ - /sˈoːva/
[1.0] s-s / ˈoː-ˈoː / ʋ-v / ɑ-a

-------------------

/sˈæɪ̯jɑ/ - /sˈɛjːa/
[1.0] s-s / ˈæɪ̯-ˈɛ / j-jː / ɑ-a

-------------------

/sˈøːt/ - /sˈøːt/
[1.0] s-s / ˈøː-ˈøː / t-t

-------------------

/sˈɑlt/ - /sˈalt/
[1.0] s-s / ˈɑ-ˈa / l-l / t-t

-------------------

/sˈɑnː/ - /sˈand/
[1.0] s-s / ˈɑ-ˈa / nː-n_d

-------------------

/sˈɔn/ - /sˈoːn/
[1.0] s-s / ˈɔ-ˈoː / n-n

-------------------

/sˈɛks/ - /sˈɛks/
[1.0] s-s / ˈɛ-ˈɛ / k-k / s-s

-------------------

/sˈɪçːɑ/ - /sˈɪtːa/
[1.0] s-s / ˈɪ-ˈɪ / çː-tː / ɑ-a

-------------------

/sˈʉː/ - /sˈuː/
[1.0] s-s / ˈʉː-ˈuː

-------------------

/sˈʏmjɑ/ - /sˈɪmːa/
[1.0] s-s / ˈʏ-ˈɪ / m-mː / j-∅ / ɑ-a

-------------------

/sˈʏstɛɾ/ - /sˈʏstɛr/
[1.0] s-s / ˈʏ-ˈʏ / s-s / t-t / ɛ-ɛ / ɾ-r

-------------------

/sˈʏɲjɑ/ - /ɧˈɵŋːa/
[1.0] s-ɧ / ˈʏ-ˈɵ / ɲ-ŋː / j-∅ / ɑ-a

-------------------

/tʰɾˈeː/ - /trˈeː/
[1.0] tʰ-t / ɾ-r / ˈeː-ˈeː

-------------------

/tʰɾˈeː/ - /tʰrˈɛː/
[1.0] tʰ-tʰ / ɾ-r / ˈeː-ˈɛː

-------------------

/tʰˈiː/ - /tʰˈiːd/
[1.0] tʰ-tʰ / ˈiː-ˈiː / ∅-d

-------------------

/tʰˈiː/ - /tʰˈiːʊ/
[1.0] tʰ-tʰ / ˈiː-ˈiː / ∅-ʊ

-------------------

/tʰˈoːɾe/ - /tʰˈoːr/
[1.0] tʰ-tʰ / ˈoː-ˈoː / ɾ-r / e-∅

-------------------

/tʰˈuː/ - /tʰvˈoː/
[1.0] tʰ-tʰ / ∅-v / ˈuː-ˈoː

-------------------

/tʰˈɑnː/ - /tʰˈand/
[0.75] tʰ-tʰ / ˈɑ-ˈa / nː-n_d
[0.25] tʰ-tʰ / ˈɑ-ˈa / nː-n / ∅-d

-------------------

/tʰˈɑʰkːɑ/ - /tʰˈakːa/
[1.0] tʰ-tʰ / ˈɑ-ˈa / ʰkː-kː / ɑ-a

-------------------

/tʰˈɔlʋ/ - /tʰˈɔlv/
[1.0] tʰ-tʰ / ˈɔ-ˈɔ / l-l / ʋ-v

-------------------

/tʰˈɪŋː/ - /tʰˈɪŋː/
[1.0] tʰ-tʰ / ˈɪ-ˈɪ / ŋː-ŋː

-------------------

/tʰˈʉɾ/ - /tʰˈɔrː/
[1.0] tʰ-tʰ / ˈʉ-ˈɔ / ɾ-rː

-------------------

/tʰˈʉːsen/ - /tʰˈʉːsɛn/
[1.0] tʰ-tʰ / ˈʉː-ˈʉː / s-s / e-ɛ / n-n

-------------------

/tʰˈʊŋːe/ - /tʰˈʊŋːa/
[1.0] tʰ-tʰ / ˈʊ-ˈʊ / ŋː-ŋː / e-a

-------------------

/tʰˈʊɾn/ - /tʰˈœɳːɛ/
[1.0] tʰ-tʰ / ˈʊ-ˈœ / ɾ-∅ / n-ɳː / ∅-ɛ

-------------------

/tʰˈʏnː/ - /tʰˈɵnː/
[1.0] tʰ-tʰ / ˈʏ-ˈɵ / nː-nː

-------------------

/tʰˈʏsk/ - /tʰˈʏsk/
[1.0] tʰ-tʰ / ˈʏ-ˈʏ / s-s / k-k

-------------------

/vˈɛːɾ/ - /vˈɛːder/
[1.0] v-v / ˈɛː-ˈɛː / ∅-d / ∅-e / ɾ-r

-------------------

/çˈøːt/ - /ɕˈœtː/
[1.0] ç-ɕ / ˈøː-ˈœ / t-tː

-------------------

/çˈʉklɪŋ/ - /ɕˈʏkːlɪŋ/
[1.0] ç-ɕ / ˈʉ-ˈʏ / k-kː / l-l / ɪ-ɪ / ŋ-ŋ

-------------------

/çˈʉːe/ - /ɕˈʉːɡʊ/
[1.0] ç-ɕ / ˈʉː-ˈʉː / ∅-ɡ / e-ʊ

-------------------

/çˈʉːʋ/ - /ɕˈʉːv/
[1.0] ç-ɕ / ˈʉː-ˈʉː / ʋ-v

-------------------

/çˈʊʰkː/ - /ɕˈɔk/
[1.0] ç-ɕ / ˈʊ-ˈɔ / ʰkː-k

-------------------

/çˈʏɾçɑ/ - /ɕˈʏrka/
[1.0] ç-ɕ / ˈʏ-ˈʏ / ɾ-r / ç-k / ɑ-a

-------------------

/ɡɾˈøːn/ - /ɡrˈøːn/
[1.0] ɡ-ɡ / ɾ-r / ˈøː-ˈøː / n-n

-------------------

/ɡɾˈɑːs/ - /ɡrˈɛːs/
[1.0] ɡ-ɡ / ɾ-r / ˈɑː-ˈɛː / s-s

-------------------

/ɡˈoːs/ - /ɡˈoːs/
[1.0] ɡ-ɡ / ˈoː-ˈoː / s-s

-------------------

/ɡˈuː/ - /ɡˈuːd/
[0.5] ɡ-ɡ / ˈuː-ˈuː / ∅-d
[0.5] ɡ-ɡ / ˈuː-ˈuː_d

-------------------

/ɡˈʉlː/ - /ɡˈɵld/
[0.6] ɡ-ɡ / ˈʉ-ˈɵ / lː-l_d
[0.4] ɡ-ɡ / ˈʉ-ˈɵ / lː-l / ∅-d

-------------------

/ɡˈʉːd/ - /ɡˈʉːd/
[1.0] ɡ-ɡ / ˈʉː-ˈʉː / d-d

-------------------

/ɡˈʉːl/ - /ɡˈʉːl/
[1.0] ɡ-ɡ / ˈʉː-ˈʉː / l-l

-------------------

/ɾˈiːk/ - /rˈiːk/
[1.0] ɾ-r / ˈiː-ˈiː / k-k

-------------------

/ɾˈuːt/ - /rˈuːt/
[1.0] ɾ-r / ˈuː-ˈuː / t-t

-------------------

/ɾˈæʉ̯/ - /rˈøːd/
[0.67] ɾ-r / ˈæʉ̯-ˈøː_d
[0.33] ɾ-r / ˈæʉ̯-ˈøː / ∅-d

-------------------

/ɾˈœʏ̯k/ - /rˈøːk/
[1.0] ɾ-r / ˈœʏ̯-ˈøː / k-k

-------------------

/ɾˈɛɡn/ - /rˈɛŋn/
[1.0] ɾ-r / ˈɛ-ˈɛ / ɡ-ŋ / n-n

-------------------

/ɾˈɛʰtː/ - /rˈɛtː/
[1.0] ɾ-r / ˈɛ-ˈɛ / ʰtː-tː

-------------------

/ɾˈɪŋː/ - /rˈɪŋː/
[1.0] ɾ-r / ˈɪ-ˈɪ / ŋː-ŋː

-------------------

/ʃˈiːp/ - /ɧˈɛpː/
[1.0] ʃ-ɧ / ˈiː-ˈɛ / p-pː

-------------------

/ʃˈiːt/ - /ɧˈiːt/
[1.0] ʃ-ɧ / ˈiː-ˈiː / t-t

-------------------

/ʃˈoː/ - /sˈeː/
[1.0] ʃ-s / ˈoː-ˈeː

-------------------

/ʃˈøː/ - /ɧˈøː/
[1.0] ʃ-ɧ / ˈøː-ˈøː

-------------------

/ʃˈʉː/ - /ɧˈʉː/
[1.0] ʃ-ɧ / ˈʉː-ˈʉː

-------------------

/ʋˈeːɡ/ - /vˈɛːɡ/
[1.0] ʋ-v / ˈeː-ˈɛː / ɡ-ɡ

-------------------

/ʋˈiː/ - /vˈiː/
[1.0] ʋ-v / ˈiː-ˈiː

-------------------

/ʋˈiːtɑ/ - /vˈeːta/
[1.0] ʋ-v / ˈiː-ˈeː / t-t / ɑ-a

-------------------

/ʋˈoːpen/ - /vˈɑːpɛn/
[1.0] ʋ-v / ˈoː-ˈɑː / p-p / e-ɛ / n-n

-------------------

/ʋˈɑtn/ - /vˈatːɛn/
[1.0] ʋ-v / ˈɑ-ˈa / t-tː / ∅-ɛ / n-n

-------------------

/ʋˈɑɾm/ - /vˈarm/
[1.0] ʋ-v / ˈɑ-ˈa / ɾ-r / m-m

-------------------

/ʋˈɪnː/ - /vˈɪnd/
[0.8] ʋ-v / ˈɪ-ˈɪ / nː-n_d
[0.2] ʋ-v / ˈɪ-ˈɪ / nː-n / ∅-d

-------------------

/ˈeːtɑ/ - /ˈɛːta/
[1.0] ˈeː-ˈɛː / t-t / ɑ-a

-------------------

/ˈeːɡ/ - /jˈɑːɡ/
[1.0] ˈeː-j / ∅-ˈɑː / ɡ-ɡ

-------------------

/ˈiː/ - /ˈiː/
[1.0] ˈiː-ˈiː

-------------------

/ˈiːs/ - /ˈiːs/
[1.0] ˈiː-ˈiː / s-s

-------------------

/ˈoːl/ - /ˈoːl/
[1.0] ˈoː-ˈoː / l-l

-------------------

/ˈoːɾ/ - /ˈoːr/
[1.0] ˈoː-ˈoː / ɾ-r

-------------------

/ˈoːʋeɾ/ - /ˈøːvɛr/
[1.0] ˈoː-ˈøː / ʋ-v / e-ɛ / ɾ-r

-------------------

/ˈuːɾ/ - /ˈuːɖ/
[1.0] ˈuː-ˈuː / ɾ-ɖ

-------------------

/ˈæɪ̯k/ - /ˈeːk/
[1.0] ˈæɪ̯-ˈeː / k-k

-------------------

/ˈæɪ̯n/ - /ˈɛnː/
[1.0] ˈæɪ̯-ˈɛ / n-nː

-------------------

/ˈæʉ̯ɡɑ/ - /ˈøːɡa/
[1.0] ˈæʉ̯-ˈøː / ɡ-ɡ / ɑ-a

-------------------

/ˈœʏ̯ɾɑ/ - /ˈœːra/
[1.0] ˈœʏ̯-ˈœː / ɾ-r / ɑ-a

-------------------

/ˈɑlː/ - /ˈalː/
[1.0] ˈɑ-ˈa / lː-lː

-------------------

/ˈɑnːɑn/ - /ˈanːan/
[1.0] ˈɑ-ˈa / nː-nː / ɑ-a / n-n

-------------------

/ˈɑɾm/ - /ˈarm/
[1.0] ˈɑ-ˈa / ɾ-r / m-m

-------------------

/ˈɑːpe/ - /ˈɑːpa/
[1.0] ˈɑː-ˈɑː / p-p / e-a

-------------------

/ˈɔmn/ - /ˈɵŋn/
[1.0] ˈɔ-ˈɵ / m-ŋ / n-n

-------------------

/ˈɔsː/ - /ˈɔsː/
[1.0] ˈɔ-ˈɔ / sː-sː

-------------------

/ˈɔɾm/ - /ˈʊrm/
[1.0] ˈɔ-ˈʊ / ɾ-r / m-m

-------------------

/ˈɔʰtːe/ - /ˈɔtːa/
[1.0] ˈɔ-ˈɔ / ʰtː-tː / e-a

-------------------

/ˈɛlʋe/ - /ˈɛlva/
[1.0] ˈɛ-ˈɛ / l-l / ʋ-v / e-a

-------------------

/ˈɛlː/ - /fˈyːr/
[1.0] ∅-f / ˈɛ-ˈyː / lː-r

-------------------

/ˈɛlː/ - /ˈɛld/
[0.75] ˈɛ-ˈɛ / lː-l_d
[0.25] ˈɛ-ˈɛ / lː-l / ∅-d

-------------------

/ˈɛple/ - /ˈɛplɛ/
[1.0] ˈɛ-ˈɛ / p-p / l-l / e-ɛ

-------------------

/ˈɛɡː/ - /ˈɛɡː/
[1.0] ˈɛ-ˈɛ / ɡː-ɡː

-------------------

/ˈʉlʋ/ - /ˈɵlv/
[1.0] ˈʉ-ˈɵ / l-l / ʋ-v

-------------------

/ˈʉlː/ - /ˈɵlː/
[1.0] ˈʉ-ˈɵ / lː-lː

-------------------

/ˈʉːt/ - /ˈʉːt/
[1.0] ˈʉː-ˈʉː / t-t

-------------------

/ˈʊske/ - /ˈaska/
[1.0] ˈʊ-ˈa / s-s / k-k / e-a

-------------------

/ˈʊŋː/ - /ˈɵŋː/
[1.0] ˈʊ-ˈɵ / ŋː-ŋː

-------------------

/ˈʊɡle/ - /ˈɵɡla/
[1.0] ˈʊ-ˈɵ / ɡ-ɡ / l-l / e-a

-------------------

/ˈʏnʃɑ/ - /ˈœnska/
[1.0] ˈʏ-ˈœ / n-n / ʃ-s / ∅-k / ɑ-a

-------------------

