/b̥lˈad̥l̩/ - /blˈɒːɾ/
[1/1] <#_b̥-<#_b / l-l / ˈa-∅ / d̥-ˈɒː / l-ɾ

-------------------

/b̥lˈeɐ̯mə/ - /blˈuə̯mə/
[1/1] <#_b̥-<#_b / l-l / ˈeɐ̯-ˈuə̯ / m-m / ə_#>-ə

-------------------

/b̥lˈuɐ̯d̥/ - /blˈuə̯d̥/
[1/1] <#_b̥-<#_b / l-l / ˈuɐ̯-ˈuə̯ / d̥_#>-d̥_#>

-------------------

/b̥rˈoɐ̯t/ - /bɾˈoːd̥/
[1/1] <#_b̥-<#_b / r-ɾ / ˈoɐ̯-ˈoː / t_#>-d̥_#>

-------------------

/b̥rˈust/ - /bˈɔɾst/
[1/1] <#_b̥-<#_b / ∅-ˈɔ / r-ɾ / ˈu-∅ / s_t-s_t

-------------------

/b̥rˈuɐ̯d̥a/ - /bɾˈuə̯ɾ/
[1/1] <#_b̥-<#_b / r-ɾ / ˈuɐ̯-ˈuə̯ / d̥-∅ / a_#>-ɾ_#>

-------------------

/b̥rˈuɡ̊/ - /bɾˈœɦə/
[1/1] <#_b̥-<#_b / r-ɾ / ˈu-ˈœ / ɡ̊_#>-ɦ_ə

-------------------

/b̥ˈaːm/ - /bˈoːm/
[1/1] <#_b̥-<#_b / ˈaː-ˈoː / m_#>-m_#>

-------------------

/b̥ˈeɐ̯nə/ - /bˈiə̯/
[1/1] <#_b̥-<#_b / ˈeɐ̯-∅ / n-∅ / ə-ˈiə̯

-------------------

/b̥ˈind̥n̩/ - /bˈɪndn̩/
[1/1] <#_b̥-<#_b / ˈi-ˈɪ / n-n / d̥-d / n_#>-n_#>

-------------------

/b̥ˈoɐ̯/ - /bˈɛːn/
[1/1] <#_b̥-<#_b / ˈoɐ̯_#>-ˈɛː_n

-------------------

/b̥ˈoɐ̯sn̩/ - /bˈitn̩/
[1/1] <#_b̥-<#_b / ˈoɐ̯-ˈi / s-t / n_#>-n_#>

-------------------

/b̥ˈuɐ̯x/ - /bˈuə̯k/
[1/1] <#_b̥-<#_b / ˈuɐ̯-ˈuə̯ / x_#>-k_#>

-------------------

/b̥ˈɒːd̥/ - /bˈɑd̥/
[1/1] <#_b̥-<#_b / ˈɒː-ˈɑ / d̥_#>-d̥_#>

-------------------

/b̥ˈɛsa/ - /bˈeːtəɾ/
[1/1] <#_b̥-<#_b / ˈɛ_s-ˈeː_t / ∅-ə / a_#>-ɾ_#>

-------------------

/b̥ˈɛɐɡ̊/ - /bˈæɾɦ̥/
[1/1] <#_b̥-<#_b / ˈɛ-ˈæ / ɐ-ɾ / ɡ̊_#>-ɦ̥_#>

-------------------

/d̥rˈai̯/ - /dɾˈiə̯/
[1/1] <#_d̥-<#_d / r_ˈai̯-ɾ_ˈiə̯

-------------------

/d̥rˈai̯ʦeɐ̯/ - /dˈæɾtiə̯nə/
[1/1] <#_d̥-<#_d / r-ˈæ_ɾ / ˈai̯-∅ / ʦ-t / ∅-iə̯ / eɐ̯-n / #>-ə_#>

-------------------

/d̥rˈaːm/ - /dɾˈoːm/
[1/1] <#_d̥-<#_d / r-ɾ / ˈaː-ˈoː / m_#>-m_#>

-------------------

/d̥rˈiŋa/ - /dɾˈɪŋkn̩/
[1/1] <#_d̥-<#_d / r-ɾ / ˈi-ˈɪ / ŋ-ŋ_k / a-∅ / #>-n_#>

-------------------

/d̥rˈukn̩/ - /dɾˈœkn̩/
[1/1] <#_d̥-<#_d / r-ɾ / ˈu-ˈœ / k-k / n_#>-n_#>

-------------------

/d̥rˈɛːnə/ - /tɾˈɒːn/
[1/1] d̥-t / r-ɾ / ˈɛː-ˈɒː / n-n / ə-∅

-------------------

/d̥ˈai̯a/ - /dˈiə̯ɾə/
[1/1] <#_d̥-<#_d / ˈai̯-ˈiə̯ / a-ɾ / #>-ə_#>

-------------------

/d̥ˈai̯tʃ/ - /dˈyːts/
[1/1] <#_d̥-<#_d / ˈai̯-ˈyː / t-t / ʃ_#>-s_#>

-------------------

/d̥ˈaːm/ - /dˈyːmə/
[1/1] <#_d̥-<#_d / ∅-ˈyː / ˈaː_m-m / #>-ə_#>

-------------------

/d̥ˈeb̥/ - /dˈiə̯v̥/
[1/1] <#_d̥-<#_d / ˈe-ˈiə̯ / b̥_#>-v̥_#>

-------------------

/d̥ˈiɐ̯f/ - /dˈiə̯p/
[1/1] <#_d̥-<#_d / ˈiɐ̯-ˈiə̯ / f_#>-p_#>

-------------------

/d̥ˈonɐ/ - /dˈœndɾ̩/
[1/1] <#_d̥-<#_d / ˈo-ˈœ / n-n_d / ɐ-ɾ

-------------------

/d̥ˈorn/ - /dˈoːɾn/
[1/1] <#_d̥-<#_d / ˈo-ˈoː / r-ɾ / n_#>-n_#>

-------------------

/d̥ˈou̯d̥/ - /dˈoːd̥/
[2/2] <#_d̥-<#_d / ˈou̯-ˈoː / d̥_#>-d̥_#>

-------------------

/d̥ˈoɐ̯ɡ̊/ - /dˈeːɦ̥/
[1/1] <#_d̥-<#_d / ˈoɐ̯-ˈeː / ɡ̊_#>-ɦ̥_#>

-------------------

/d̥ˈoːɡ̊/ - /dˈɑɦ̥/
[1/1] <#_d̥-<#_d / ˈoː-ˈɑ / ɡ̊_#>-ɦ̥_#>

-------------------

/d̥ˈʏn/ - /dˈɪnə/
[1/1] <#_d̥-<#_d / ˈʏ-ˈɪ / n-n / #>-ə_#>

-------------------

/flˈai̯ʃ/ - /vlˈeːs/
[1/1] <#_f-<#_v / l-l / ˈai̯-ˈeː / ʃ_#>-s_#>

-------------------

/flˈiɐ̯ŋn̩/ - /vlˈiə̯ɦn̩/
[1/1] <#_f-<#_v / l-l / ˈiɐ̯-ˈiə̯ / ŋ-ɦ / n_#>-n_#>

-------------------

/flˈujɡ̊/ - /vlˈiə̯ɦə/
[1/1] <#_f-<#_v / l-l / ˈu-∅ / j-ˈiə̯ / ɡ̊_#>-ɦ_ə

-------------------

/frˈai̯/ - /vɾˈi/
[1/1] <#_f-<#_v / r-ɾ / ˈai̯-ˈi

-------------------

/frˈai̯nd̥/ - /vɾˈiə̯nd̥/
[1/1] <#_f-<#_v / r_ˈai̯-ɾ_ˈiə̯ / n-n / d̥_#>-d̥_#>

-------------------

/frˈau̯/ - /vɾˈuʋə/
[1/1] <#_f-<#_v / r-ɾ / ˈau̯-ˈu / #>-ʋ_ə

-------------------

/frˈiʃ/ - /vˈæɾs/
[1/1] <#_f-<#_v / r-ˈæ_ɾ / ˈi-∅ / ʃ_#>-s_#>

-------------------

/frˈiːrn̩/ - /vɾˈiə̯zn̩/
[1/1] <#_f-<#_v / r-ɾ / ˈiː-ˈiə̯ / r-z / n_#>-n_#>

-------------------

/fˈai̯a/ - /vˈiə̯ɾ/
[1/1] <#_f-<#_v / ˈai̯-ˈiə̯ / a_#>-ɾ_#>

-------------------

/fˈind̥n̩/ - /vˈɪndn̩/
[1/1] <#_f-<#_v / ˈi-ˈɪ / n-n / d̥-d / n_#>-n_#>

-------------------

/fˈiŋa/ - /vˈɪŋɾ̩/
[1/1] <#_f-<#_v / ˈi-ˈɪ / ŋ-ŋ / a_#>-ɾ_#>

-------------------

/fˈiɐ/ - /vˈiə̯ɾə/
[1/1] <#_f-<#_v / ˈi-ˈiə̯ / ɐ-ɾ / #>-ə_#>

-------------------

/fˈiɐ/ - /vˈøːɾ/
[1/1] <#_f-<#_v / ˈi-ˈøː / ɐ-ɾ

-------------------

/fˈiɐ̯s/ - /vˈuə̯tn̩/
[1/1] <#_f-<#_v / ˈiɐ̯_s-ˈuə̯_t / #>-n_#>

-------------------

/fˈiːʃ/ - /vˈɛs/
[1/1] <#_f-<#_v / ˈiː-ˈɛ / ʃ_#>-s_#>

-------------------

/fˈojk/ - /vˈɔwk/
[1/1] <#_f-<#_v / ˈo_j-ˈɔ_w / k-k

-------------------

/fˈojɡ̊n̩/ - /vˈɔwɦn̩/
[1/1] <#_f-<#_v / ˈo_j-ˈɔ_w / ɡ̊-ɦ / n_#>-n_#>

-------------------

/fˈoːd̥a/ - /vˈɒːdɾ̩/
[1/1] <#_f-<#_v / ˈoː-ˈɒː / d̥-d / a_#>-ɾ_#>

-------------------

/fˈoːɡ̊l̩/ - /vˈøːɦəl/
[1/1] <#_f-<#_v / ∅-ˈøː / ˈoː-ɦ / ɡ̊-ə / l-l

-------------------

/fˈujn/ - /vˈuə̯ln̩/
[1/1] <#_f-<#_v / ˈu-ˈuə̯ / j-l / n_#>-n_#>

-------------------

/fˈuks/ - /vˈɔs/
[1/1] <#_f-<#_v / ˈu-ˈɔ / k-∅ / s_#>-s_#>

-------------------

/fˈuɐ̯s/ - /vˈuə̯t/
[1/1] <#_f-<#_v / ˈuɐ̯-ˈuə̯ / s_#>-t_#>

-------------------

/fˈʏnf/ - /vˈœvə/
[1/1] <#_f-<#_v / ˈʏ-∅ / n-ˈœ / f_#>-v_ə

-------------------

/hˈai̯liɡ̊/ - /ˈɛləç/
[1/1] <#_h-<# / ˈai̯-ˈɛ / l-l / i-ə / ɡ̊-ç

-------------------

/hˈau̯s/ - /ˈyːs/
[1/1] <#_h-<# / ˈau̯-ˈyː / s_#>-s_#>

-------------------

/hˈaːpt/ - /ˈoːv̥d̥/
[1/1] <#_h-<# / ˈaː-ˈoː / p-v̥ / t_#>-d̥_#>

-------------------

/hˈeɐn/ - /ˈoːɾn̩/
[1/1] <#_h-<# / ˈe-ˈoː / ɐ-ɾ / n_#>-n_#>

-------------------

/hˈeɐʦ/ - /ˈæɾtə/
[1/1] <#_h-<# / ˈe-ˈæ / ɐ-ɾ / ʦ-t / #>-ə_#>

-------------------

/hˈojb̥/ - /ˈɑwv̥/
[1/1] <#_h-<# / ˈo-ˈɑ / j-w / b̥_#>-v̥_#>

-------------------

/hˈojfn̩/ - /ˈæwpn̩/
[1/1] <#_h-<# / ˈo-ˈæ / j-w / f-p / n_#>-n_#>

-------------------

/hˈou̯x/ - /ˈoːɦ̥/
[1/1] <#_h-<# / ˈou̯-ˈoː / x-ɦ̥

-------------------

/hˈoɐ̯/ - /ˈɒːɾ/
[1/1] <#_h-<#_ˈɒː / ˈoɐ̯-ɾ

-------------------

/hˈoɐ̯m/ - /ɦˈeːm/
[1/1] <#_h-<# / ∅-ɦ / ˈoɐ̯-ˈeː / m_#>-m_#>

-------------------

/hˈoɐ̯n/ - /ˈoːɾn/
[1/1] <#_h-<# / ˈoɐ̯-ˈoː_ɾ / n_#>-n_#>

-------------------

/hˈoːs/ - /ˈɒːz̥/
[1/1] <#_h-<# / ˈoː-ˈɒː / s-z̥

-------------------

/hˈund̥/ - /ˈund̥/
[1/1] <#_h-<# / ˈu-ˈu / n-n / d̥_#>-d̥_#>

-------------------

/hˈɔnd̥/ - /ˈɑnd̥/
[1/1] <#_h-<# / ˈɔ-ˈɑ / n-n / d̥_#>-d̥_#>

-------------------

/jˈuŋɡ̊/ - /jˈuŋɡ̊/
[1/1] <#_j-<#_j / ˈu_ŋ-ˈu_ŋ / ɡ̊-ɡ̊

-------------------

/jˈɒːɐ/ - /jˈɒːɾ/
[1/1] <#_j-<#_j / ˈɒː-ˈɒː / ɐ-ɾ

-------------------

/kʰnˈiɐ̯/ - /knˈiə̯/
[1/1] <#_kʰ-<#_k / n-n / ˈiɐ̯-ˈiə̯

-------------------

/kʰˈajb̥ə/ - /kˈɔwv̥/
[1/1] <#_kʰ-<#_k / ˈa-ˈɔ / j-w / b̥-∅ / ə-v̥

-------------------

/kʰˈind̥/ - /kˈɪnd̥/
[1/1] <#_kʰ-<#_k / ˈi-ˈɪ / n-n / d̥_#>-d̥_#>

-------------------

/kʰˈini/ - /kˈoːnɪŋ/
[1/1] <#_kʰ-<#_k / ˈi-ˈoː / n-n / ∅-ɪ / i-ŋ

-------------------

/kʰˈiɐç/ - /kˈæɾkə/
[1/1] <#_kʰ-<#_k / ˈi-ˈæ / ɐ-ɾ / ç-k_ə

-------------------

/kʰˈoid̥/ - /kˈud̥/
[1/1] <#_kʰ-<#_k / ˈo-∅ / i-ˈu / d̥_#>-d̥_#>

-------------------

/kʰˈoma/ - /kˈoːmn̩/
[1/1] <#_kʰ-<#_k / ˈo-ˈoː / m-∅ / a-m / #>-n_#>

-------------------

/kʰˈoɐ̯n/ - /kˈoːɾn/
[1/1] <#_kʰ-<#_k / ˈoɐ̯-ˈoː_ɾ / n_#>-n_#>

-------------------

/kʰˈoʦ/ - /kˈɑtə/
[1/1] <#_kʰ-<#_k / ˈo-ˈɑ / ʦ-t / #>-ə_#>

-------------------

/kʰˈuɐ̯/ - /kˈuə̯/
[1/1] <#_kʰ-<#_k / ˈuɐ̯-ˈuə̯

-------------------

/kʰˈɑːs/ - /kˈɒːz̥/
[1/1] <#_kʰ-<#_k / ˈɑː-ˈɒː / s-z̥

-------------------

/kʰˈɔp͡f/ - /kˈɔp/
[1/1] <#_kʰ-<#_k / ˈɔ-ˈɔ / p͡f-p

-------------------

/lˈand̥/ - /lˈɑnd̥/
[1/1] <#_l-<#_l / ˈa_n-ˈɑ_n / d̥_#>-d̥_#>

-------------------

/lˈau̯s/ - /lˈyːs/
[1/1] <#_l-<#_l / ˈau̯-ˈyː / s_#>-s_#>

-------------------

/lˈaːb̥/ - /lˈoːv̥/
[1/1] <#_l-<#_l / ˈaː-ˈoː / b̥_#>-v̥_#>

-------------------

/lˈeːb̥a/ - /lˈeːvɾ̩/
[1/1] <#_l-<#_l / ˈeː-ˈeː / b̥-v / a_#>-ɾ_#>

-------------------

/lˈiɐ̯xd̥/ - /lˈœht/
[1/1] <#_l-<#_l / ˈiɐ̯-ˈœ / x-h / d̥-t

-------------------

/mˈau̯l/ - /mˈund̥/
[1/1] <#_m-<#_m / ∅-ˈu / ˈau̯-n / l-d̥

-------------------

/mˈau̯s/ - /mˈyːs/
[1/1] <#_m-<#_m / ˈau̯-ˈyː / s_#>-s_#>

-------------------

/mˈujç/ - /mˈæwk/
[1/1] <#_m-<#_m / ˈu-ˈæ / j-w / ç_#>-k_#>

-------------------

/mˈuɐ̯d̥a/ - /mˈuə̯dɾ̩/
[1/1] <#_m-<#_m / ˈuɐ̯-ˈuə̯ / d̥-d / a_#>-ɾ_#>

-------------------

/mˈuɡ̊/ - /mˈœɦə/
[1/1] <#_m-<#_m / ˈu-ˈœ / ɡ̊_#>-ɦ_ə

-------------------

/mˈɔnd̥/ - /mˈɒːnə/
[1/1] <#_m-<#_m / ˈɔ-ˈɒː / n-n / d̥-∅ / #>-ə_#>

-------------------

/mˈɔxt/ - /mˈɑht/
[1/1] <#_m-<#_m / ˈɔ-ˈɑ / x_t-h_t

-------------------

/mˈɛnʃ/ - /mˈɪns/
[1/1] <#_m-<#_m / ˈɛ-ˈɪ / n-n / ʃ_#>-s_#>

-------------------

/nˈai̯/ - /nˈiə̯ʋə/
[1/1] <#_n-<#_n / ˈai̯-ˈiə̯ / #>-ʋ_ə

-------------------

/nˈai̯n/ - /nˈeːɦn̩/
[1/1] <#_n-<#_n / ˈai̯-ˈeː / ∅-ɦ / n_#>-n_#>

-------------------

/nˈaːma/ - /nˈɒːmə/
[1/1] <#_n-<#_n / ∅-ˈɒː / ˈaː_m-m / a-ə

-------------------

/nˈoɐ̯d̥/ - /nˈoːɾd̥/
[1/1] <#_n-<#_n / ˈoɐ̯-ˈoː_ɾ / d̥_#>-d̥_#>

-------------------

/nˈus/ - /nˈøːt/
[1/1] <#_n-<#_n / ˈu-ˈøː / s_#>-t_#>

-------------------

/nˈɔxt/ - /nˈɑht/
[1/1] <#_n-<#_n / ˈɔ-ˈɑ / x_t-h_t

-------------------

/p͡flˈuɐ̯ɡ̊/ - /plˈuə̯ɦ̥/
[1/1] p͡f-p / l-l / ˈuɐ̯-ˈuə̯ / ɡ̊_#>-ɦ̥_#>

-------------------

/rˈai̯ç/ - /ɾˈik/
[1/1] <#_r-<#_ɾ / ˈai̯-ˈi / ç_#>-k_#>

-------------------

/rˈaːx/ - /ɾˈoːk/
[1/1] <#_r-<#_ɾ / ˈaː-ˈoː / x_#>-k_#>

-------------------

/rˈeːŋ/ - /ɾˈeːɦn̩/
[1/1] <#_r-<#_ɾ / ˈeː-ˈeː / ŋ_#>-ɦ_n

-------------------

/rˈiŋ/ - /ɾˈɪŋk/
[1/1] <#_r-<#_ɾ / ˈi-ˈɪ / ŋ-ŋ / #>-k_#>

-------------------

/rˈou̯d̥/ - /ɾˈoːd̥/
[1/1] <#_r-<#_ɾ / ˈou̯-ˈoː / d̥_#>-d̥_#>

-------------------

/rˈukn̩/ - /ɾˈɪk/
[1/1] <#_r-<#_ɾ / ˈu-ˈɪ / k-k / n-∅

-------------------

/sˈai̯tn̩/ - /zˈidə/
[1/1] <#_s-<#_z / ˈai̯-ˈi / t-d / n-∅ / #>-ə_#>

-------------------

/sˈau̯a/ - /zˈyːɾ/
[1/1] <#_s-<#_z / ˈau̯-ˈyː / a_#>-ɾ_#>

-------------------

/sˈau̯ɡ̊n̩/ - /zˈoːɦn̩/
[1/1] <#_s-<#_z / ˈau̯_ɡ̊-ˈoː_ɦ / n_#>-n_#>

-------------------

/sˈelb̥a/ - /zˈæwv̥/
[1/1] <#_s-<#_z / ˈe-ˈæ / l-∅ / b̥-w / a-v̥

-------------------

/sˈeɡ̊s/ - /zˈɛsə/
[1/1] <#_s-<#_z / ˈe-∅ / ɡ̊-ˈɛ / s-s / #>-ə_#>

-------------------

/sˈiŋn̩/ - /zˈɪŋn̩/
[1/1] <#_s-<#_z / ˈi-ˈɪ / ŋ-ŋ / n_#>-n_#>

-------------------

/sˈiɐ̯s/ - /zˈuə̯t/
[1/1] <#_s-<#_z / ˈiɐ̯-ˈuə̯ / s_#>-t_#>

-------------------

/sˈiʦn̩/ - /zˈɛtn̩/
[1/1] <#_s-<#_z / ˈi-ˈɛ / ʦ-t / n_#>-n_#>

-------------------

/sˈiːm/ - /zˈeːvn̩/
[1/1] <#_s-<#_z / ˈiː-ˈeː / m_#>-v_n

-------------------

/sˈojʦ/ - /zˈut/
[1/1] <#_s-<#_z / ˈo_j-ˈu / ʦ_#>-t

-------------------

/sˈond̥/ - /zˈɑnd̥/
[1/1] <#_s-<#_z / ˈo-ˈɑ / n-n / d̥_#>-d̥_#>

-------------------

/sˈoŋ/ - /zˈɛɦn̩/
[1/1] <#_s-<#_z / ˈo-ˈɛ / ŋ_#>-ɦ_n

-------------------

/sˈuma/ - /zˈoːməɾ/
[1/1] <#_s-<#_z / ∅-ˈoː / ˈu-m / m-ə / a_#>-ɾ_#>

-------------------

/sˈuɐ̯xn̩/ - /zˈuə̯kn̩/
[1/1] <#_s-<#_z / ˈuɐ̯_x-ˈuə̯_k / n_#>-n_#>

-------------------

/sˈɛː/ - /zˈɛː/
[1/1] <#_s-<#_z / ˈɛː-ˈɛː

-------------------

/tˈau̯sn̩d̥/ - /dˈyːsd̥/
[1/1] t-d / ˈau̯-ˈyː / s-∅ / n-s / d̥_#>-d̥_#>

-------------------

/tˈɔxta/ - /dˈɔhtɾ̩/
[1/1] t-d / ˈɔ-ˈɔ / x_t-h_t / a_#>-ɾ_#>

-------------------

/ɡ̊rˈeɐ̯/ - /ɦɾˈuə̯nə/
[1/1] <#_ɡ̊-<#_ɦ / r-ɾ / ˈeɐ̯-ˈuə̯ / ∅-n / #>-ə_#>

-------------------

/ɡ̊rˈou̯s/ - /ɦɾˈoːt/
[1/1] <#_ɡ̊-<#_ɦ / r-ɾ / ˈou̯-ˈoː / s_#>-t_#>

-------------------

/ɡ̊rˈoːs/ - /ɦɾˈɑs/
[1/1] <#_ɡ̊-<#_ɦ / r-ɾ / ˈoː-ˈɑ / s_#>-s_#>

-------------------

/ɡ̊ˈejb̥/ - /ɦˈeːl/
[1/1] <#_ɡ̊-<#_ɦ / ˈe-ˈeː / j-∅ / b̥-l

-------------------

/ɡ̊ˈeŋan/ - /ɦˈɒːn/
[1/1] <#_ɡ̊-<#_ɦ / ˈe-∅ / ŋ-∅ / a-ˈɒː / n_#>-n_#>

-------------------

/ɡ̊ˈeːm/ - /ɦˈeːvn̩/
[1/1] <#_ɡ̊-<#_ɦ / ˈeː-ˈeː / m_#>-v_n

-------------------

/ɡ̊ˈist/ - /ɦˈɛːst/
[1/1] <#_ɡ̊-<#_ɦ / ˈi-ˈɛː / s_t-s_t

-------------------

/ɡ̊ˈojd̥/ - /ɦˈud̥/
[1/1] <#_ɡ̊-<#_ɦ / ˈo_j-ˈu / d̥_#>-d̥_#>

-------------------

/ɡ̊ˈoɐ̯s/ - /ɦjˈɪtə/
[1/1] <#_ɡ̊-<#_ɦ / ∅-j / ˈoɐ̯-ˈɪ / s-t / #>-ə_#>

-------------------

/ɡ̊ˈuɐ̯d̥/ - /ɦˈuə̯d̥/
[1/1] <#_ɡ̊-<#_ɦ / ˈuɐ̯-ˈuə̯ / d̥_#>-d̥_#>

-------------------

/ɡ̊ˈɔt/ - /ɦˈɔd̥/
[1/1] <#_ɡ̊-<#_ɦ / ˈɔ-ˈɔ / t_#>-d̥_#>

-------------------

/ʃlˈɔfa/ - /slˈɒːpn̩/
[1/1] <#_ʃ-<#_s / l-l / ˈɔ-ˈɒː / f-p / a-∅ / #>-n_#>

-------------------

/ʃlˈɔɡ̊n̩/ - /slˈɒːn/
[1/1] <#_ʃ-<#_s / l-l / ˈɔ-∅ / ɡ̊-ˈɒː / n_#>-n_#>

-------------------

/ʃnˈɛː/ - /snˈɛːw/
[1/1] <#_ʃ-<#_s / n-n / ˈɛː-ˈɛː / ∅-w

-------------------

/ʃprˈɒːx/ - /spɾˈɒːkə/
[1/1] <#_ʃ-<#_s / p-p / r-ɾ / ˈɒː-ˈɒː / x-k / #>-ə_#>

-------------------

/ʃtˈeɐn/ - /stˈæɾə/
[1/1] <#_ʃ-<#_s / t-t / ˈe-ˈæ / ɐ-ɾ / n-∅ / #>-ə_#>

-------------------

/ʃtˈoɐ̯/ - /stˈɛːn/
[1/1] <#_ʃ-<#_s / t-t / ˈoɐ̯_#>-ˈɛː_n

-------------------

/ʃtˈuɐm/ - /stˈɔɾm/
[1/1] <#_ʃ-<#_s / t-t / ˈu-ˈɔ / ɐ-ɾ / m_#>-m_#>

-------------------

/ʃʋˈima/ - /zʋˈæmn̩/
[1/1] ʃ-z / ʋ-ʋ / ˈi-ˈæ / m-∅ / a-m / #>-n_#>

-------------------

/ʃʋˈoɐ̯ʦ/ - /zʋˈɑɾt/
[1/1] ʃ-z / ʋ-ʋ / ∅-ˈɑ / ˈoɐ̯-ɾ / ʦ_#>-t

-------------------

/ʃʋˈɛrt/ - /zʋˈɒːɾd̥/
[1/1] ʃ-z / ʋ-ʋ / ˈɛ-ˈɒː / r-ɾ / t_#>-d̥_#>

-------------------

/ʃʋˈɛsta/ - /zˈœstɾ̩/
[1/1] ʃ-z / ʋ-∅ / ˈɛ-ˈœ / s_t-s_t / a_#>-ɾ_#>

-------------------

/ʃˈai̯s/ - /ʃhˈit/
[1/1] ʃ-ʃ_h / ˈai̯-ˈi / s_#>-t_#>

-------------------

/ʃˈarf/ - /ʃhˈæɾp/
[1/1] ʃ-ʃ_h / ˈa-ˈæ / r-ɾ / f_#>-p_#>

-------------------

/ʃˈeː/ - /ʃhˈoːn/
[1/1] ʃ-ʃ_h / ˈeː-ˈoː / #>-n_#>

-------------------

/ʃˈiɐ̯sn̩/ - /ʃhˈiə̯tn̩/
[1/1] ʃ-ʃ_h / ˈiɐ̯-ˈiə̯ / s-t / n_#>-n_#>

-------------------

/ʃˈoːf/ - /ʃhˈɒːp/
[1/1] ʃ-ʃ_h / ˈoː-ˈɒː / f_#>-p_#>

-------------------

/ʃˈuɐ̯/ - /ʃhˈuə̯/
[1/1] ʃ-ʃ_h / ˈuɐ̯-ˈuə̯

-------------------

/ʋˈai̯/ - /ʋˈyːv̥/
[1/1] <#_ʋ-<#_ʋ / ˈai̯-ˈyː / ∅-v̥

-------------------

/ʋˈai̯n/ - /ʋˈin/
[1/1] <#_ʋ-<#_ʋ / ˈai̯-ˈi / n_#>-n_#>

-------------------

/ʋˈai̯s/ - /ʋˈɛt/
[1/1] <#_ʋ-<#_ʋ / ˈai̯-ˈɛ / s_#>-t_#>

-------------------

/ʋˈeta/ - /ʋˈeːɾ/
[1/1] <#_ʋ-<#_ʋ / ˈe-ˈeː / t-∅ / a_#>-ɾ_#>

-------------------

/ʋˈind̥/ - /ʋˈɪnd̥/
[1/1] <#_ʋ-<#_ʋ / ˈi-ˈɪ / n-n / d̥_#>-d̥_#>

-------------------

/ʋˈinta/ - /ʋˈɪntəɾ/
[1/1] <#_ʋ-<#_ʋ / ˈi-ˈɪ / n-n / t-t / ∅-ə / a_#>-ɾ_#>

-------------------

/ʋˈoj/ - /ʋˈɑl/
[1/1] <#_ʋ-<#_ʋ / ˈo-ˈɑ / j-l

-------------------

/ʋˈojə/ - /ʋˈœlə/
[1/1] <#_ʋ-<#_ʋ / ˈo-ˈœ / j-l / ə_#>-ə

-------------------

/ʋˈoxa/ - /ʋˈeːkə/
[1/1] <#_ʋ-<#_ʋ / ˈo-ˈeː / x-k / a-ə

-------------------

/ʋˈɒs/ - /ʋˈɑt/
[1/1] <#_ʋ-<#_ʋ / ˈɒ-ˈɑ / s_#>-t_#>

-------------------

/ʋˈɒsa/ - /ʋˈɒːtɾ̩/
[1/1] <#_ʋ-<#_ʋ / ˈɒ-ˈɒː / s-t / a_#>-ɾ_#>

-------------------

/ʋˈɒɐm/ - /ʋˈɑɾm/
[1/1] <#_ʋ-<#_ʋ / ˈɒ-ˈɑ / ɐ-ɾ / m_#>-m_#>

-------------------

/ʦʋˈanʦɡ̊/ - /tʋˈiə̯ntəɦ̥/
[1/1] <#_ʦ-<#_t / ʋ-ʋ / ˈa-ˈiə̯ / n-n / ʦ-t_ə / ɡ̊_#>-ɦ̥_#>

-------------------

/ʦʋˈoɐ̯/ - /tʋˈɛː/
[1/1] <#_ʦ-<#_t / ʋ-ʋ / ˈoɐ̯-ˈɛː

-------------------

/ʦʋˈɛjf/ - /tʋˈɔwvə/
[1/1] <#_ʦ-<#_t / ʋ-ʋ / ˈɛ-ˈɔ / j-w / f_#>-v_ə

-------------------

/ʦˈai̯d̥/ - /tˈid̥/
[1/1] <#_ʦ-<#_t / ˈai̯-ˈi / d̥_#>-d̥_#>

-------------------

/ʦˈai̯çn̩/ - /tˈeːkən/
[1/1] <#_ʦ-<#_t / ˈai̯-ˈeː / ç-k_ə / n_#>-n_#>

-------------------

/ʦˈant/ - /tˈɑnd̥/
[1/1] <#_ʦ-<#_t / ˈa_n-ˈɑ_n / t_#>-d̥_#>

-------------------

/ʦˈeɐ̯/ - /tˈiə̯nə/
[1/1] <#_ʦ-<#_t / ∅-ˈiə̯ / ˈeɐ̯-n / #>-ə_#>

-------------------

/ʦˈeː/ - /tˈeːn/
[1/1] <#_ʦ-<#_t / ˈeː-ˈeː / #>-n_#>

-------------------

/ʦˈuŋa/ - /tˈuŋə/
[1/1] <#_ʦ-<#_t / ˈu_ŋ-ˈu_ŋ / a-ə

-------------------

/ˈai̯s/ - /ˈis/
[1/1] ˈai̯-ˈi / s_#>-s_#>

-------------------

/ˈau̯s/ - /ˈyːt/
[1/1] ˈau̯-ˈyː / s_#>-t_#>

-------------------

/ˈau̯ɡ̊/ - /ˈoːɦə/
[1/1] ˈau̯_ɡ̊-ˈoː_ɦ / #>-ə_#>

-------------------

/ˈaːf/ - /ˈɔp/
[1/1] ˈaː-ˈɔ / f_#>-p_#>

-------------------

/ˈejf/ - /ˈæwvə/
[1/1] ˈe-ˈæ / j-w / f_#>-v_ə

-------------------

/ˈeɐd̥/ - /ˈɛːɾdə/
[1/1] ˈe-ˈɛː / ɐ-ɾ / d̥-d / #>-ə_#>

-------------------

/ˈin/ - /ˈɪn/
[1/1] ˈi-ˈɪ / n_#>-n_#>

-------------------

/ˈojd̥/ - /ˈud̥/
[1/1] ˈo_j-ˈu / d̥_#>-d̥_#>

-------------------

/ˈop͡fə/ - /ˈɑpəl/
[1/1] ˈo-ˈɑ / p͡f-p / ə_#>-ə / ∅-l

-------------------

/ˈoɐ̯/ - /ˈɛː/
[1/1] <#_ˈoɐ̯-<#_ˈɛː

-------------------

/ˈoɐ̯/ - /ˈɛːn/
[1/1] <#_ˈoɐ̯-<#_ˈɛː / #>-n_#>

-------------------

/ˈoɐ̯r/ - /ˈoːɾə/
[1/1] <#-<#_ˈoː / ˈoɐ̯-∅ / r-ɾ / #>-ə_#>

-------------------

/ˈoɐ̯rm/ - /ˈɒːɾm/
[1/1] ˈoɐ̯-ˈɒː / r-ɾ / m_#>-m_#>

-------------------

/ˈoɐ̯x/ - /ˈɛːk/
[1/1] <#_ˈoɐ̯-<#_ˈɛː / x_#>-k_#>

-------------------

/ˈunta/ - /ˈɔndəɾ/
[1/1] ˈu-ˈɔ / n-n / t-d / ∅-ə / a_#>-ɾ_#>

-------------------

/ˈyb̥a/ - /ˈoːvɾ̩/
[1/1] <#-<#_ˈoː / ˈy-∅ / b̥-v / a_#>-ɾ_#>

-------------------

/ˈɒf/ - /ˈɒːp/
[1/1] ˈɒ-ˈɒː / f_#>-p_#>

-------------------

/ˈɒxt/ - /ˈɑhtə/
[1/1] ˈɒ-ˈɑ / x_t-h_t / #>-ə_#>

-------------------

/ˈɛsn̩/ - /ˈeːtn̩/
[1/1] ˈɛ_s-ˈeː_t / n_#>-n_#>

-------------------

/ˈɛɡ̊/ - /ˈɛɦə/
[1/1] ˈɛ-ˈɛ / ɡ̊_#>-ɦ_ə

-------------------

