/anˈɛl/ - /ãnˈɛl/
<#_a-<#_ã / n-n / ˈɛ-ˈɛ / l_#>-l_#>
{0: [0], 1: [1], 2: [2], 3: [3]}
{0: [0], 1: [1], 2: [2], 3: [3]}
SCORE: 24.11

-------------------

/aɲˈɛl/ - /ãɲˈɛl/
<#_a-<#_ã / ɲ-ɲ / ˈɛ-ˈɛ / l_#>-l_#>
{0: [0], 1: [1], 2: [2], 3: [3]}
{0: [0], 1: [1], 2: [2], 3: [3]}
SCORE: 27.125

-------------------

/bjˈaŋk/ - /blˈãŋ/
b-b / j-l / ˈa-ˈã / ŋ-ŋ / k_#>-#>
{0: [0], 1: [1], 2: [2], 3: [3], 4: [4]}
{0: [0], 1: [1], 2: [2], 3: [3], 4: None}
SCORE: 22.842

-------------------

/bryzˈa/ - /brylˈer/
b-b / r-r / y-y / ∅-l / z-∅ / ˈa-ˈe / #>-r_#>
{0: [0], 1: [1], 2: [2], 3: None, 4: [3], 5: [4], 6: None}
{0: [0], 1: [1], 2: [2], 3: [3], 4: None, 5: [4], 6: [5]}
SCORE: 14.128

-------------------

/bˈas/ - /bˈas/
b-b / ˈa-ˈa / s-s
{0: [0], 1: [1], 2: [2]}
{0: [0], 1: [1], 2: [2]}
SCORE: 20.766

-------------------

/bˈe/ - /bjˈẽn/
b-b / ∅-j / ˈe-ˈẽ / #>-n_#>
{0: [0], 1: None, 2: [1], 3: None}
{0: [0], 1: [1], 2: [2], 3: [3]}
SCORE: 9.891

-------------------

/bˈif/ - /bˈɔjvrə/
b-b / ˈi-ˈɔ_j / f-v_r / #>-ə_#>
{0: [0], 1: [1], 2: [2], 3: None}
{0: [0], 1: [1, 2], 2: [3, 4], 3: [5]}
SCORE: 11.799

-------------------

/bˈiɡol/ - /nũmbrˈil/
<#-<#_n / ∅-ũ / ∅-m / b-b / ∅-r / ˈi-ˈi / ɡ-∅ / o-∅ / l_#>-l_#>
{0: None, 1: None, 2: None, 3: [0], 4: None, 5: [1], 6: [2], 7: [3], 8: [4]}
{0: [0], 1: [1], 2: [2], 3: [3], 4: [4], 5: [5], 6: None, 7: None, 8: [6]}
SCORE: -3.83

-------------------

/bˈoka/ - /bˈuʧə/
b-b / ˈo-ˈu / k-ʧ / a-ə
{0: [0], 1: [1], 2: [2], 3: [3]}
{0: [0], 1: [1], 2: [2], 3: [3]}
SCORE: 24.51

-------------------

/bˈu/ - /bˈũn/
b-b / ˈu-ˈũ / #>-n_#>
{0: [0], 1: [1], 2: None}
{0: [0], 1: [1], 2: [2]}
SCORE: 15.963

-------------------

/bˈuna/ - /bˈũnə/
b-b / ˈu-ˈũ / n-n / a-ə
{0: [0], 1: [1], 2: [2], 3: [3]}
{0: [0], 1: [1], 2: [2], 3: [3]}
SCORE: 25.532

-------------------

/bˈune/ - /bˈũnəs/
b-b / ˈu-ˈũ / n-n / e-ə / #>-s_#>
{0: [0], 1: [1], 2: [2], 3: [3], 4: None}
{0: [0], 1: [1], 2: [2], 3: [3], 4: [4]}
SCORE: 23.158

-------------------

/bˈø/ - /bwˈɛf/
b-b / ˈø-w_ˈɛ / #>-f_#>
{0: [0], 1: [1], 2: None}
{0: [0], 1: [1, 2], 2: [3]}
SCORE: 14.043

-------------------

/bˈɛl/ - /bˈɛl/
b-b / ˈɛ-ˈɛ / l_#>-l_#>
{0: [0], 1: [1], 2: [2]}
{0: [0], 1: [1], 2: [2]}
SCORE: 21.897

-------------------

/bˈɛla/ - /bˈɛlə/
b-b / ˈɛ-ˈɛ / l-l / a-ə
{0: [0], 1: [1], 2: [2], 3: [3]}
{0: [0], 1: [1], 2: [2], 3: [3]}
SCORE: 24.788

-------------------

/dormˈi/ - /durmˈir/
<#_d-<#_d / o-u / r-r / m-m / ˈi-ˈi_r
{0: [0], 1: [1], 2: [2], 3: [3], 4: [4]}
{0: [0], 1: [1], 2: [2], 3: [3], 4: [4, 5]}
SCORE: 30.338

-------------------

/draɡˈu/ - /draɡˈũn/
<#_d-<#_d / r-r / a-a / ɡ-ɡ / ˈu-ˈũ / #>-n_#>
{0: [0], 1: [1], 2: [2], 3: [3], 4: [4], 5: None}
{0: [0], 1: [1], 2: [2], 3: [3], 4: [4], 5: [5]}
SCORE: 30.62

-------------------

/dˈe/ - /dˈi/
<#_d-<#_d / ˈe-ˈi
{0: [0], 1: [1]}
{0: [0], 1: [1]}
SCORE: 16.349

-------------------

/dˈes/ - /dˈis/
<#_d-<#_d / ˈe_s-ˈi_s
{0: [0], 1: [1, 2]}
{0: [0], 1: [1, 2]}
SCORE: 22.845

-------------------

/dˈet/ - /dˈẽnt/
<#_d-<#_d / ˈe-ˈẽ_n / t-t
{0: [0], 1: [1], 2: [2]}
{0: [0], 1: [1, 2], 2: [3]}
SCORE: 19.389

-------------------

/dˈi/ - /dˈirə/
<#_d-<#_d / ˈi-ˈi_r / #>-ə_#>
{0: [0], 1: [1], 2: None}
{0: [0], 1: [1, 2], 2: [3]}
SCORE: 10.806

-------------------

/dˈit/ - /dˈɔjt/
<#_d-<#_d / ˈi-ˈɔ_j / t-t
{0: [0], 1: [1], 2: [2]}
{0: [0], 1: [1, 2], 2: [3]}
SCORE: 17.894

-------------------

/dˈu/ - /dˈews/
<#_d-<#_d / ∅-ˈe / ∅-w / ˈu-s
{0: [0], 1: None, 2: None, 3: [1]}
{0: [0], 1: [1], 2: [2], 3: [3]}
SCORE: -1.945

-------------------

/dˈɔna/ - /dˈamə/
<#_d-<#_d / ∅-ˈa / ˈɔ-m / n_a-ə
{0: [0], 1: None, 2: [1], 3: [2, 3]}
{0: [0], 1: [1], 2: [2], 3: [3]}
SCORE: 5.834

-------------------

/edˈi/ - /vəˈɔjr/
e_d-v_ə / ˈi-ˈɔ_j / #>-r_#>
{0: [0, 1], 1: [2], 2: None}
{0: [0, 1], 1: [2, 3], 2: [4]}
SCORE: 4.488

-------------------

/edˈɛl/ - /vəˈɛl/
e_d-v_ə / ˈɛ-ˈɛ / l_#>-l_#>
{0: [0, 1], 1: [2], 2: [3]}
{0: [0, 1], 1: [2], 2: [3]}
SCORE: 16.533

-------------------

/erɡˈɔɲa/ - /vɛrɡˈũɲə/
<#-<#_v / e-ɛ / r-r / ɡ-ɡ / ˈɔ-ˈũ / ɲ-ɲ / a-ə
{0: None, 1: [0], 2: [1], 3: [2], 4: [3], 5: [4], 6: [5]}
{0: [0], 1: [1], 2: [2], 3: [3], 4: [4], 5: [5], 6: [6]}
SCORE: 30.744

-------------------

/estˈat/ - /estˈe/
e-∅ / s-e_s / t-t / ˈa-ˈe / t-∅
{0: [0], 1: [1], 2: [2], 3: [3], 4: [4]}
{0: None, 1: [0, 1], 2: [2], 3: [3], 4: None}
SCORE: 5.677

-------------------

/eɡwˈal/ - /eɡˈal/
∅-e / e-∅ / ɡ-ɡ / w-∅ / ˈa_l-ˈa_l
{0: None, 1: [0], 2: [1], 3: [2], 4: [3, 4]}
{0: [0], 1: None, 2: [1], 3: None, 4: [2, 3]}
SCORE: 7.838

-------------------

/eɲˈi/ - /vənˈir/
<#-<#_v / e-ə / ɲ-n / ˈi-ˈi_r
{0: None, 1: [0], 2: [1], 3: [2]}
{0: [0], 1: [1], 2: [2], 3: [3, 4]}
SCORE: 9.945

-------------------

/farˈina/ - /fˈarinə/
f-f / ∅-ˈa / a-∅ / r-r / ∅-i / ˈi-∅ / n-n / a-ə
{0: [0], 1: None, 2: [1], 3: [2], 4: None, 5: [3], 6: [4], 7: [5]}
{0: [0], 1: [1], 2: None, 3: [2], 4: [3], 5: None, 6: [4], 7: [5]}
SCORE: 3.154

-------------------

/fjˈama/ - /flˈãmə/
f-f / j-l / ˈa-ˈã / m-m / a-ə
{0: [0], 1: [1], 2: [2], 3: [3], 4: [4]}
{0: [0], 1: [1], 2: [2], 3: [3], 4: [4]}
SCORE: 27.267

-------------------

/fjˈur/ - /flˈur/
f-f / j-l / ˈu-ˈu / r-r
{0: [0], 1: [1], 2: [2], 3: [3]}
{0: [0], 1: [1], 2: [2], 3: [3]}
SCORE: 21.202

-------------------

/fjˈøl/ - /fˈiʎ/
f-f / j-ˈi / ˈø_l-ʎ
{0: [0], 1: [1], 2: [2, 3]}
{0: [0], 1: [1], 2: [2]}
SCORE: 17.498

-------------------

/fjˈøla/ - /fˈiʎə/
f-f / j-ˈi / ˈø_l-ʎ / a-ə
{0: [0], 1: [1], 2: [2, 3], 3: [4]}
{0: [0], 1: [1], 2: [2], 3: [3]}
SCORE: 21.092

-------------------

/fjˈøm/ - /flˈỹm/
f-f / j-l / ˈø-ˈỹ / m-m
{0: [0], 1: [1], 2: [2], 3: [3]}
{0: [0], 1: [1], 2: [2], 3: [3]}
SCORE: 23.254

-------------------

/fradˈɛl/ - /frˈerə/
f-f / r-r / ∅-ˈe / a-∅ / d-r / ˈɛ-∅ / l-ə
{0: [0], 1: [1], 2: None, 3: [2], 4: [3], 5: [4], 6: [5]}
{0: [0], 1: [1], 2: [2], 3: None, 4: [3], 5: None, 6: [4]}
SCORE: -1.399

-------------------

/frˈøt/ - /frˈyjt/
f-f / r-r / ∅-ˈy / ∅-j / ˈø-∅ / t-t
{0: [0], 1: [1], 2: None, 3: None, 4: [2], 5: [3]}
{0: [0], 1: [1], 2: [2], 3: [3], 4: None, 5: [4]}
SCORE: 5.094

-------------------

/frˈɛʧ/ - /frˈɔjt/
f-f / r_ˈɛ-r_ˈɔ / ʧ-j_t
{0: [0], 1: [1, 2], 2: [3]}
{0: [0], 1: [1, 2], 2: [3, 4]}
SCORE: 24.01

-------------------

/fˈa/ - /fˈajrə/
f-f / ˈa-ˈa_j / ∅-r / #>-ə_#>
{0: [0], 1: [1], 2: None, 3: None}
{0: [0], 1: [1, 2], 2: [3], 3: [4]}
SCORE: 2.638

-------------------

/fˈals/ - /fˈals/
f-f / ˈa_l-ˈa_l / s-s
{0: [0], 1: [1, 2], 2: [3]}
{0: [0], 1: [1, 2], 2: [3]}
SCORE: 25.984

-------------------

/fˈam/ - /fˈãjn/
f-f / ˈa-ˈã / m-∅ / #>-j_n_#>
{0: [0], 1: [1], 2: [2], 3: None}
{0: [0], 1: [1], 2: None, 3: [2, 3]}
SCORE: 5.168

-------------------

/fˈe/ - /fˈaj/
f-f / ∅-ˈa / ˈe-j
{0: [0], 1: None, 2: [1]}
{0: [0], 1: [1], 2: [2]}
SCORE: 8.387

-------------------

/fˈel/ - /fˈil/
f-f / ˈe-ˈi / l_#>-l_#>
{0: [0], 1: [1], 2: [2]}
{0: [0], 1: [1], 2: [2]}
SCORE: 20.537

-------------------

/fˈi/ - /fˈĩn/
f-f / ˈi-ˈĩ / #>-n_#>
{0: [0], 1: [1], 2: None}
{0: [0], 1: [1], 2: [2]}
SCORE: 14.643

-------------------

/fˈidek/ - /fˈɔjə/
f-f / ˈi-ˈɔ_j / d-∅ / e-ə / k_#>-#>
{0: [0], 1: [1], 2: [2], 3: [3], 4: [4]}
{0: [0], 1: [1, 2], 2: None, 3: [3], 4: None}
SCORE: 5.985

-------------------

/fˈort/ - /fˈɔrt/
f-f / ˈo-ˈɔ / r_t-r_t
{0: [0], 1: [1], 2: [2, 3]}
{0: [0], 1: [1], 2: [2, 3]}
SCORE: 24.872

-------------------

/fˈøk/ - /fˈu/
f-f / ˈø-ˈu / k_#>-#>
{0: [0], 1: [1], 2: [2]}
{0: [0], 1: [1], 2: None}
SCORE: 12.23

-------------------

/fˈøm/ - /fˈỹm/
f-f / ˈø-ˈỹ / m-m
{0: [0], 1: [1], 2: [2]}
{0: [0], 1: [1], 2: [2]}
SCORE: 20.489

-------------------

/fˈɔja/ - /fwˈɛʎə/
f-f / ∅-w / ∅-ˈɛ / ˈɔ-∅ / j-ʎ / a-ə
{0: [0], 1: None, 2: None, 3: [1], 4: [2], 5: [3]}
{0: [0], 1: [1], 2: [2], 3: None, 4: [3], 5: [4]}
SCORE: 2.009

-------------------

/fˈɛmna/ - /fˈãmə/
f-f / ∅-ˈã / ˈɛ-∅ / m-m / n_a-ə
{0: [0], 1: None, 2: [1], 3: [2], 4: [3, 4]}
{0: [0], 1: [1], 2: None, 3: [2], 4: [3]}
SCORE: 5.996

-------------------

/fˈɛr/ - /fˈɛr/
f-f / ˈɛ-ˈɛ / r-r
{0: [0], 1: [1], 2: [2]}
{0: [0], 1: [1], 2: [2]}
SCORE: 19.608

-------------------

/fˈɛsta/ - /fˈɛstə/
f-f / ˈɛ-ˈɛ / s-s / t_a-t_ə
{0: [0], 1: [1], 2: [2], 3: [3, 4]}
{0: [0], 1: [1], 2: [2], 3: [3, 4]}
SCORE: 30.207

-------------------

/izˈi/ - /vɔjzˈĩn/
<#-<#_v / ∅-ɔ_j / i-∅ / z-z / ˈi-ˈĩ / #>-n_#>
{0: None, 1: None, 2: [0], 3: [1], 4: [2], 5: None}
{0: [0], 1: [1, 2], 2: None, 3: [3], 4: [4], 5: [5]}
SCORE: 0.103

-------------------

/kadˈena/ - /ʧajˈẽnə/
k-ʧ / a-a / ∅-j / d-∅ / ˈe-ˈẽ / n-n / a-ə
{0: [0], 1: [1], 2: None, 3: [2], 4: [3], 5: [4], 6: [5]}
{0: [0], 1: [1], 2: [2], 3: None, 4: [3], 5: [4], 6: [5]}
SCORE: 15.029

-------------------

/kantˈa/ - /ʧãntˈer/
k-ʧ / a-ã / n-n / t-t / ˈa-ˈe / #>-r_#>
{0: [0], 1: [1], 2: [2], 3: [3], 4: [4], 5: None}
{0: [0], 1: [1], 2: [2], 3: [3], 4: [4], 5: [5]}
SCORE: 23.303

-------------------

/kastˈɛl/ - /ʧastˈɛl/
k-ʧ / a-a / s-s / t-t / ˈɛ-ˈɛ / l_#>-l_#>
{0: [0], 1: [1], 2: [2], 3: [3], 4: [4], 5: [5]}
{0: [0], 1: [1], 2: [2], 3: [3], 4: [4], 5: [5]}
SCORE: 31.948

-------------------

/kasˈa/ - /ʧaʦjˈer/
k-ʧ / a-a / s-ʦ / ˈa-j / #>-ˈe_r_#>
{0: [0], 1: [1], 2: [2], 3: [3], 4: None}
{0: [0], 1: [1], 2: [2], 3: [3], 4: [4, 5]}
SCORE: 12.926

-------------------

/kaˈal/ - /ʧəvˈal/
k-ʧ / a-ə_v / ˈa_l-ˈa_l
{0: [0], 1: [1], 2: [2, 3]}
{0: [0], 1: [1, 2], 2: [3, 4]}
SCORE: 19.294

-------------------

/keˈɛj/ - /ʧəvˈɛl/
k-ʧ / e-ə_v / ˈɛ-ˈɛ / j-l
{0: [0], 1: [1], 2: [2], 3: [3]}
{0: [0], 1: [1, 2], 2: [3], 3: [4]}
SCORE: 16.843

-------------------

/koɲˈɔs/ - /kũnˈɔjstrə/
k-k / o-ũ / ɲ-n / ˈɔ-ˈɔ / s-j_s / ∅-t / ∅-r / #>-ə_#>
{0: [0], 1: [1], 2: [2], 3: [3], 4: [4], 5: None, 6: None, 7: None}
{0: [0], 1: [1], 2: [2], 3: [3], 4: [4, 5], 5: [6], 6: [7], 7: [8]}
SCORE: 5.296

-------------------

/krˈus/ - /krˈɔjs/
k-k / r-r_ˈɔ / ˈu_s-j_s
{0: [0], 1: [1], 2: [2, 3]}
{0: [0], 1: [1, 2], 2: [3, 4]}
SCORE: 17.609

-------------------

/krˈɛd/ - /krˈɔjrə/
k-k / r_ˈɛ-r_ˈɔ / ∅-j / d-r / #>-ə_#>
{0: [0], 1: [1, 2], 2: None, 3: [3], 4: None}
{0: [0], 1: [1, 2], 2: [3], 3: [4], 4: [5]}
SCORE: 10.466

-------------------

/kulˈur/ - /kulˈur/
k-k / u-u / l-l / ˈu-ˈu / r-r
{0: [0], 1: [1], 2: [2], 3: [3], 4: [4]}
{0: [0], 1: [1], 2: [2], 3: [3], 4: [4]}
SCORE: 24.851

-------------------

/kwˈaja/ - /kwˈaʎə/
k-k / w-w / ˈa-ˈa / j-ʎ / a-ə
{0: [0], 1: [1], 2: [2], 3: [3], 4: [4]}
{0: [0], 1: [1], 2: [2], 3: [3], 4: [4]}
SCORE: 27.05

-------------------

/kwˈater/ - /kwˈatrə/
k-k / w-w / ˈa-ˈa / t-t / e_r-r_ə
{0: [0], 1: [1], 2: [2], 3: [3], 4: [4, 5]}
{0: [0], 1: [1], 2: [2], 3: [3], 4: [4, 5]}
SCORE: 30.556

-------------------

/kˈa/ - /ʧjˈẽn/
k_ˈa-ʧ_j / ∅-ˈẽ / #>-n_#>
{0: [0, 1], 1: None, 2: None}
{0: [0, 1], 1: [2], 2: [3]}
SCORE: 3.687

-------------------

/kˈa/ - /ʧjˈɛs/
k-ʧ / ˈa-j_ˈɛ / #>-s_#>
{0: [0], 1: [1], 2: None}
{0: [0], 1: [1, 2], 2: [3]}
SCORE: 6.941

-------------------

/kˈamera/ - /ʧˈãmbrə/
k-ʧ / ˈa-ˈã / m-m / ∅-b / e_r-r / a-ə
{0: [0], 1: [1], 2: [2], 3: None, 4: [3, 4], 5: [5]}
{0: [0], 1: [1], 2: [2], 3: [3], 4: [4], 5: [5]}
SCORE: 17.96

-------------------

/kˈar/ - /ʧjˈɛr/
k-ʧ / ˈa-j_ˈɛ / r-r
{0: [0], 1: [1], 2: [2]}
{0: [0], 1: [1, 2], 2: [3]}
SCORE: 12.663

-------------------

/kˈarne/ - /ʧˈar/
k-ʧ / ˈa-ˈa / r-r / n-∅ / e-∅
{0: [0], 1: [1], 2: [2], 3: [3], 4: [4]}
{0: [0], 1: [1], 2: [2], 3: None, 4: None}
SCORE: 7.425

-------------------

/kˈaʋra/ - /ʧjˈɛvrə/
k_ˈa-ʧ_j / ʋ-ˈɛ_v / r-r / a-ə
{0: [0, 1], 1: [2], 2: [3], 3: [4]}
{0: [0, 1], 1: [2, 3], 2: [4], 3: [5]}
SCORE: 23.113

-------------------

/kˈe/ - /kə/
k-k / ˈe-∅ / #>-ə_#>
{0: [0], 1: [1], 2: None}
{0: [0], 1: None, 2: [1]}
SCORE: 2.038

-------------------

/kˈi/ - /kˈi/
k-k / ˈi-ˈi
{0: [0], 1: [1]}
{0: [0], 1: [1]}
SCORE: 14.515

-------------------

/kˈo/ - /ʧjˈɛf/
k-ʧ_j / ∅-ˈɛ / ˈo-∅ / #>-f_#>
{0: [0], 1: None, 2: [1], 3: None}
{0: [0, 1], 1: [2], 2: None, 3: [3]}
SCORE: -6.031

-------------------

/kˈolt/ - /ʧˈawt/
k-ʧ / ˈo-∅ / l-ˈa / ∅-w / t-t
{0: [0], 1: [1], 2: [2], 3: None, 4: [3]}
{0: [0], 1: None, 2: [1], 3: [2], 4: [3]}
SCORE: 4.454

-------------------

/kˈoza/ - /ʧˈozə/
k-ʧ / ˈo-ˈo / z-z / a-ə
{0: [0], 1: [1], 2: [2], 3: [3]}
{0: [0], 1: [1], 2: [2], 3: [3]}
SCORE: 24.267

-------------------

/kˈulp/ - /kˈulp/
k-k / ˈu-ˈu / l-l / p-p
{0: [0], 1: [1], 2: [2], 3: [3]}
{0: [0], 1: [1], 2: [2], 3: [3]}
SCORE: 23.839

-------------------

/kˈyl/ - /kˈyl/
k-k / ˈy-ˈy / l_#>-l_#>
{0: [0], 1: [1], 2: [2]}
{0: [0], 1: [1], 2: [2]}
SCORE: 22.6

-------------------

/kˈyrt/ - /kˈyrt/
k-k / ˈy-ˈy / r_t-r_t
{0: [0], 1: [1], 2: [2, 3]}
{0: [0], 1: [1], 2: [2, 3]}
SCORE: 27.757

-------------------

/kˈør/ - /kwˈɛr/
k-k / ˈø-w_ˈɛ / r-r
{0: [0], 1: [1], 2: [2]}
{0: [0], 1: [1, 2], 2: [3]}
SCORE: 17.551

-------------------

/kˈɔl/ - /kˈɔl/
k-k / ˈɔ-ˈɔ / l_#>-l_#>
{0: [0], 1: [1], 2: [2]}
{0: [0], 1: [1], 2: [2]}
SCORE: 20.559

-------------------

/kˈɔnjo/ - /kˈõjn/
k-k / ∅-ˈõ / ˈɔ-j / n-n / j-∅ / o-∅
{0: [0], 1: None, 2: [1], 3: [2], 4: [3], 5: [4]}
{0: [0], 1: [1], 2: [2], 3: [3], 4: None, 5: None}
SCORE: 0.48

-------------------

/kˈɔrno/ - /kˈɔrn/
k-k / ˈɔ_r-ˈɔ_r / n-n / o-∅
{0: [0], 1: [1, 2], 2: [3], 3: [4]}
{0: [0], 1: [1, 2], 2: [3], 3: None}
SCORE: 19.293

-------------------

/kˈɔrp/ - /kˈɔrs/
k-k / ˈɔ_r-ˈɔ_r / p-∅ / #>-s_#>
{0: [0], 1: [1, 2], 2: [3], 3: None}
{0: [0], 1: [1, 2], 2: None, 3: [3]}
SCORE: 13.062

-------------------

/kˈɔsa/ - /kˈyjsə/
k-k / ˈɔ-ˈy_j / s-s / a-ə
{0: [0], 1: [1], 2: [2], 3: [3]}
{0: [0], 1: [1, 2], 2: [3], 3: [4]}
SCORE: 20.439

-------------------

/kˈɔsta/ - /kˈɔstə/
k-k / ˈɔ-ˈɔ / s-s / t_a-t_ə
{0: [0], 1: [1], 2: [2], 3: [3, 4]}
{0: [0], 1: [1], 2: [2], 3: [3, 4]}
SCORE: 29.83

-------------------

/leˈa/ - /ləvˈer/
<#_l-<#_l / e-ə_v / ˈa-ˈe / #>-r_#>
{0: [0], 1: [1], 2: [2], 3: None}
{0: [0], 1: [1, 2], 2: [3], 3: [4]}
SCORE: 12.555

-------------------

/leˈu/ - /ljˈũn/
<#_l-<#_l / ∅-j / e-∅ / ˈu-ˈũ / #>-n_#>
{0: [0], 1: None, 2: [1], 3: [2], 4: None}
{0: [0], 1: [1], 2: None, 3: [2], 4: [3]}
SCORE: 4.881

-------------------

/lˈak/ - /lˈaj/
<#_l-<#_l / ˈa-ˈa / k_#>-j_#>
{0: [0], 1: [1], 2: [2]}
{0: [0], 1: [1], 2: [2]}
SCORE: 13.861

-------------------

/lˈana/ - /lˈãjnə/
<#_l-<#_l / ˈa-ˈã / ∅-j / n-n / a-ə
{0: [0], 1: [1], 2: None, 3: [2], 4: [3]}
{0: [0], 1: [1], 2: [2], 3: [3], 4: [4]}
SCORE: 18.209

-------------------

/lˈaɡrima/ - /lˈɛrmə/
<#_l-<#_l / ˈa-ˈɛ / ɡ-∅ / r-r / i-∅ / m-m / a-ə
{0: [0], 1: [1], 2: [2], 3: [3], 4: [4], 5: [5], 6: [6]}
{0: [0], 1: [1], 2: None, 3: [2], 4: None, 5: [3], 6: [4]}
SCORE: 15.482

-------------------

/lˈaʧ/ - /lˈajt/
<#_l-<#_l / ˈa-ˈa / ʧ-j_t
{0: [0], 1: [1], 2: [2]}
{0: [0], 1: [1], 2: [2, 3]}
SCORE: 19.207

-------------------

/lˈeɡor/ - /ljˈɛvrə/
<#_l-<#_l / ˈe-j_ˈɛ / ∅-v / ɡ-∅ / o-∅ / r-r / #>-ə_#>
{0: [0], 1: [1], 2: None, 3: [2], 4: [3], 5: [4], 6: None}
{0: [0], 1: [1, 2], 2: [3], 3: None, 4: None, 5: [4], 6: [5]}
SCORE: -1.902

-------------------

/lˈoŋk/ - /lˈũŋk/
<#_l-<#_l / ˈo-ˈũ / ŋ-ŋ / k_#>-k_#>
{0: [0], 1: [1], 2: [2], 3: [3]}
{0: [0], 1: [1], 2: [2], 3: [3]}
SCORE: 29.13

-------------------

/lˈy/ - /ˈil/
l-ˈi_l / ˈy-∅
{0: [0], 1: [1]}
{0: [0, 1], 1: None}
SCORE: 0.113

-------------------

/lˈyna/ - /lˈynə/
<#_l-<#_l / ˈy-ˈy / n-n / a-ə
{0: [0], 1: [1], 2: [2], 3: [3]}
{0: [0], 1: [1], 2: [2], 3: [3]}
SCORE: 26.007

-------------------

/lˈøk/ - /lˈɛw/
<#_l-<#_l / ˈø_k-ˈɛ_w
{0: [0], 1: [1, 2]}
{0: [0], 1: [1, 2]}
SCORE: 13.74

-------------------

/lˈɛs/ - /lˈirə/
<#_l-<#_l / ∅-ˈi / ˈɛ-r / s-ə
{0: [0], 1: None, 2: [1], 3: [2]}
{0: [0], 1: [1], 2: [2], 3: [3]}
SCORE: -0.611

-------------------

/lˈɛtra/ - /lˈɛtrə/
<#_l-<#_l / ˈɛ-ˈɛ / t-t / r-r / a-ə
{0: [0], 1: [1], 2: [2], 3: [3], 4: [4]}
{0: [0], 1: [1], 2: [2], 3: [3], 4: [4]}
SCORE: 28.149

-------------------

/lˈɛŋɡwa/ - /lˈẽŋɡwə/
<#_l-<#_l / ˈɛ-ˈẽ / ŋ-ŋ / ɡ-ɡ / w-w / a-ə
{0: [0], 1: [1], 2: [2], 3: [3], 4: [4], 5: [5]}
{0: [0], 1: [1], 2: [2], 3: [3], 4: [4], 5: [5]}
SCORE: 39.104

-------------------

/lˈɛɲ/ - /lˈẽɲə/
<#_l-<#_l / ˈɛ-ˈẽ / ɲ-ɲ / #>-ə_#>
{0: [0], 1: [1], 2: [2], 3: None}
{0: [0], 1: [1], 2: [2], 3: [3]}
SCORE: 19.002

-------------------

/lˈɛʤe/ - /lˈɔj/
<#_l-<#_l / ˈɛ-ˈɔ / ʤ-∅ / e-∅ / #>-j_#>
{0: [0], 1: [1], 2: [2], 3: [3], 4: None}
{0: [0], 1: [1], 2: None, 3: None, 4: [2]}
SCORE: 1.592

-------------------

/lˈɛʧ/ - /lˈit/
<#_l-<#_l / ∅-ˈi / ˈɛ-∅ / ʧ-t
{0: [0], 1: None, 2: [1], 3: [2]}
{0: [0], 1: [1], 2: None, 3: [2]}
SCORE: 4.254

-------------------

/majˈa/ - /mãʤjˈer/
m-m / a-ã / ∅-ʤ / j-j / ˈa-ˈe / #>-r_#>
{0: [0], 1: [1], 2: None, 3: [2], 4: [3], 5: None}
{0: [0], 1: [1], 2: [2], 3: [3], 4: [4], 5: [5]}
SCORE: 11.593

-------------------

/marˈyt/ - /məˈyr/
m-m / a-ə / r-∅ / ˈy-ˈy / t-r
{0: [0], 1: [1], 2: [2], 3: [3], 4: [4]}
{0: [0], 1: [1], 2: None, 3: [2], 4: [3]}
SCORE: 14.99

-------------------

/masˈa/ - /ɔʦˈirə/
<#-<#_ɔ / m-∅ / a-∅ / s-ʦ_ˈi / ˈa-r / #>-ə_#>
{0: None, 1: [0], 2: [1], 3: [2], 4: [3], 5: None}
{0: [0], 1: None, 2: None, 3: [1, 2], 4: [3], 5: [4]}
SCORE: -10.679

-------------------

/mejtˈat/ - /mejtjˈe/
m-m / ∅-e / e-∅ / j-j / t-t / ∅-j / ˈa-ˈe / t-∅
{0: [0], 1: None, 2: [1], 3: [2], 4: [3], 5: None, 6: [4], 7: [5]}
{0: [0], 1: [1], 2: None, 3: [2], 4: [3], 5: [4], 6: [5], 7: None}
SCORE: 0.94

-------------------

/mjˈur/ - /meʎˈur/
m-m / ∅-e / j-ʎ / ˈu-ˈu / r-r
{0: [0], 1: None, 2: [1], 3: [2], 4: [3]}
{0: [0], 1: [1], 2: [2], 3: [3], 4: [4]}
SCORE: 15.905

-------------------

/montˈaɲa/ - /mũntˈãɲə/
m-m / o-ũ / n-n / t-t / ˈa-ˈã / ɲ-ɲ / a-ə
{0: [0], 1: [1], 2: [2], 3: [3], 4: [4], 5: [5], 6: [6]}
{0: [0], 1: [1], 2: [2], 3: [3], 4: [4], 5: [5], 6: [6]}
SCORE: 38.272

-------------------

/mˈa/ - /mˈãjn/
m-m / ˈa-ˈã / #>-j_n_#>
{0: [0], 1: [1], 2: None}
{0: [0], 1: [1], 2: [2, 3]}
SCORE: 10.225

-------------------

/mˈader/ - /mˈɛrə/
m-m / ˈa_d-ˈɛ / e_r-r_ə
{0: [0], 1: [1, 2], 2: [3, 4]}
{0: [0], 1: [1], 2: [2, 3]}
SCORE: 16.196

-------------------

/mˈar/ - /mˈɛr/
m-m / ˈa-ˈɛ / r-r
{0: [0], 1: [1], 2: [2]}
{0: [0], 1: [1], 2: [2]}
SCORE: 16.359

-------------------

/mˈe/ - /mˈɔj/
m-m / ˈe-ˈɔ_j
{0: [0], 1: [1]}
{0: [0], 1: [1, 2]}
SCORE: 11.089

-------------------

/mˈel/ - /mjˈɛl/
m-m / ˈe-j_ˈɛ / l_#>-l_#>
{0: [0], 1: [1], 2: [2]}
{0: [0], 1: [1, 2], 2: [3]}
SCORE: 17.817

-------------------

/mˈela/ - /mˈilə/
m-m / ˈe-ˈi / l-l / a-ə
{0: [0], 1: [1], 2: [2], 3: [3]}
{0: [0], 1: [1], 2: [2], 3: [3]}
SCORE: 23.486

-------------------

/mˈia/ - /mˈiə/
m-m / ˈi-ˈi / a-ə
{0: [0], 1: [1], 2: [2]}
{0: [0], 1: [1], 2: [2]}
SCORE: 18.918

-------------------

/mˈort/ - /mˈɔrt/
m-m / ˈo-ˈɔ / r_t-r_t
{0: [0], 1: [1], 2: [2, 3]}
{0: [0], 1: [1], 2: [2, 3]}
SCORE: 24.929

-------------------

/mˈoska/ - /mˈusʧə/
m-m / ˈo-ˈu / s-s / k-ʧ / a-ə
{0: [0], 1: [1], 2: [2], 3: [3], 4: [4]}
{0: [0], 1: [1], 2: [2], 3: [3], 4: [4]}
SCORE: 28.021

-------------------

/mˈør/ - /murˈir/
m-m / ∅-u / ˈø-∅ / r-r / #>-ˈi_r_#>
{0: [0], 1: None, 2: [1], 3: [2], 4: None}
{0: [0], 1: [1], 2: None, 3: [2], 4: [3, 4]}
SCORE: 0.406

-------------------

/mˈɛj/ - /mjˈɛlʦ/
m-m / ∅-j / ˈɛ-ˈɛ / j-l / ∅-ʦ
{0: [0], 1: None, 2: [1], 3: [2], 4: None}
{0: [0], 1: [1], 2: [2], 3: [3], 4: [4]}
SCORE: 8.407

-------------------

/mˈɛs/ - /mˈi/
m-m / ˈɛ-∅ / s-ˈi
{0: [0], 1: [1], 2: [2]}
{0: [0], 1: None, 2: [1]}
SCORE: 0.385

-------------------

/nˈas/ - /nˈes/
<#_n-<#_n / ˈa-ˈe / s-s
{0: [0], 1: [1], 2: [2]}
{0: [0], 1: [1], 2: [2]}
SCORE: 20.322

-------------------

/nˈif/ - /nˈɔjf/
<#_n-<#_n / ˈi-ˈɔ_j / f_#>-f_#>
{0: [0], 1: [1], 2: [2]}
{0: [0], 1: [1, 2], 2: [3]}
SCORE: 19.519

-------------------

/nˈiɡer/ - /nˈɔjr/
<#_n-<#_n / ˈi-ˈɔ / ɡ-j / e_r-r
{0: [0], 1: [1], 2: [2], 3: [3, 4]}
{0: [0], 1: [1], 2: [2], 3: [3]}
SCORE: 14.267

-------------------

/nˈus/ - /nˈɔjs/
<#_n-<#_n / ˈu-ˈɔ / s-j_s
{0: [0], 1: [1], 2: [2]}
{0: [0], 1: [1], 2: [2, 3]}
SCORE: 13.131

-------------------

/nˈøf/ - /nwˈɛf/
<#_n-<#_n / ˈø-w_ˈɛ / f_#>-f_#>
{0: [0], 1: [1], 2: [2]}
{0: [0], 1: [1, 2], 2: [3]}
SCORE: 22.132

-------------------

/nˈɔm/ - /nˈũm/
<#_n-<#_n / ˈɔ-ˈũ / m-m
{0: [0], 1: [1], 2: [2]}
{0: [0], 1: [1], 2: [2]}
SCORE: 20.131

-------------------

/nˈɔʧ/ - /nˈyjt/
<#_n-<#_n / ˈɔ-ˈy / ʧ-j_t
{0: [0], 1: [1], 2: [2]}
{0: [0], 1: [1], 2: [2, 3]}
SCORE: 18.84

-------------------

/orˈɛʤa/ - /ɔrˈeʎə/
o-ɔ / r_ˈɛ-r / ∅-ˈe / ʤ-∅ / a-ʎ_ə
{0: [0], 1: [1, 2], 2: None, 3: [3], 4: [4]}
{0: [0], 1: [1], 2: [2], 3: None, 4: [3, 4]}
SCORE: 0.45

-------------------

/ozˈɛl/ - /ɔjzˈɛl/
o-ɔ / ∅-j / z-z / ˈɛ-ˈɛ / l_#>-l_#>
{0: [0], 1: None, 2: [1], 3: [2], 4: [3]}
{0: [0], 1: [1], 2: [2], 3: [3], 4: [4]}
SCORE: 21.795

-------------------

/palˈas/ - /palˈajs/
p-p / a_l-a_l / ˈa-ˈa / s-j_s
{0: [0], 1: [1, 2], 2: [3], 3: [4]}
{0: [0], 1: [1, 2], 2: [3], 3: [4, 5]}
SCORE: 26.328

-------------------

/parˈɔla/ - /parˈɔlə/
p-p / a-a / r-r / ˈɔ-ˈɔ / l-l / a-ə
{0: [0], 1: [1], 2: [2], 3: [3], 4: [4], 5: [5]}
{0: [0], 1: [1], 2: [2], 3: [3], 4: [4], 5: [5]}
SCORE: 31.621

-------------------

/pjøˈida/ - /plˈyjə/
p-p / j-l / ∅-ˈy / ø-∅ / ˈi-j / d_a-ə
{0: [0], 1: [1], 2: None, 3: [2], 4: [3], 5: [4, 5]}
{0: [0], 1: [1], 2: [2], 3: None, 4: [3], 5: [4]}
SCORE: 3.988

-------------------

/pjˈans/ - /plˈãjndrə/
p-p / j-l / ˈa-ˈã / ∅-j / n-n_d / ∅-r / s-ə
{0: [0], 1: [1], 2: [2], 3: None, 4: [3], 5: None, 6: [4]}
{0: [0], 1: [1], 2: [2], 3: [3], 4: [4, 5], 5: [6], 6: [7]}
SCORE: 2.116

-------------------

/pjˈaɡa/ - /plˈajə/
p-p / j-l / ˈa-ˈa / ɡ-j / a-ə
{0: [0], 1: [1], 2: [2], 3: [3], 4: [4]}
{0: [0], 1: [1], 2: [2], 3: [3], 4: [4]}
SCORE: 19.801

-------------------

/pjˈe/ - /plˈẽjn/
p-p / j-l / ˈe-ˈẽ_j / #>-n_#>
{0: [0], 1: [1], 2: [2], 3: None}
{0: [0], 1: [1], 2: [2, 3], 3: [4]}
SCORE: 15.774

-------------------

/pjˈøma/ - /plˈỹmə/
p-p / j-l / ˈø-ˈỹ / m-m / a-ə
{0: [0], 1: [1], 2: [2], 3: [3], 4: [4]}
{0: [0], 1: [1], 2: [2], 3: [3], 4: [4]}
SCORE: 26.729

-------------------

/pjˈøʧ/ - /puˈiʎ/
p-p / ∅-u / j-ˈi / ˈø-ʎ / ʧ_#>-#>
{0: [0], 1: None, 2: [1], 3: [2], 4: [3]}
{0: [0], 1: [1], 2: [2], 3: [3], 4: None}
SCORE: 8.186

-------------------

/potˈere/ - /puvˈɔjr/
p-p / o-u / ∅-v / t-∅ / ˈe-ˈɔ_j / r-r / e-∅
{0: [0], 1: [1], 2: None, 3: [2], 4: [3], 5: [4], 6: [5]}
{0: [0], 1: [1], 2: [2], 3: None, 4: [3, 4], 5: [5], 6: None}
SCORE: 6.524

-------------------

/prˈeda/ - /pjˈɛrə/
p-p / r-∅ / ˈe-j_ˈɛ / d-r / a-ə
{0: [0], 1: [1], 2: [2], 3: [3], 4: [4]}
{0: [0], 1: None, 2: [1, 2], 3: [3], 4: [4]}
SCORE: 10.245

-------------------

/prˈese/ - /prˈis/
p-p / r-r / ˈe_s-ˈi_s / e-∅
{0: [0], 1: [1], 2: [2, 3], 3: [4]}
{0: [0], 1: [1], 2: [2, 3], 3: None}
SCORE: 20.587

-------------------

/pˈa/ - /pˈãjn/
p-p / ˈa-ˈã / #>-j_n_#>
{0: [0], 1: [1], 2: None}
{0: [0], 1: [1], 2: [2, 3]}
SCORE: 10.048

-------------------

/pˈader/ - /pˈɛrə/
p-p / ˈa_d-ˈɛ / e_r-r_ə
{0: [0], 1: [1, 2], 2: [3, 4]}
{0: [0], 1: [1], 2: [2, 3]}
SCORE: 16.019

-------------------

/pˈansa/ - /pˈãnʦə/
p-p / ˈa-ˈã / n-n / s-ʦ / a-ə
{0: [0], 1: [1], 2: [2], 3: [3], 4: [4]}
{0: [0], 1: [1], 2: [2], 3: [3], 4: [4]}
SCORE: 27.406

-------------------

/pˈas/ - /pˈajs/
p-p / ˈa-ˈa / s-j_s
{0: [0], 1: [1], 2: [2]}
{0: [0], 1: [1], 2: [2, 3]}
SCORE: 15.43

-------------------

/pˈe/ - /pjˈe/
p-p / ˈe-j / #>-ˈe_#>
{0: [0], 1: [1], 2: None}
{0: [0], 1: [1], 2: [2]}
SCORE: 10.336

-------------------

/pˈel/ - /pˈɔjl/
p-p / ˈe-ˈɔ_j / l_#>-l_#>
{0: [0], 1: [1], 2: [2]}
{0: [0], 1: [1, 2], 2: [3]}
SCORE: 16.263

-------------------

/pˈena/ - /pˈẽjnə/
p-p / ˈe-ˈẽ_j / n-n / a-ə
{0: [0], 1: [1], 2: [2], 3: [3]}
{0: [0], 1: [1, 2], 2: [3], 3: [4]}
SCORE: 22.577

-------------------

/pˈoer/ - /pˈɔvrə/
p-p / ˈo-ˈɔ / ∅-v / e_r-r_ə
{0: [0], 1: [1], 2: None, 3: [2, 3]}
{0: [0], 1: [1], 2: [2], 3: [3, 4]}
SCORE: 13.689

-------------------

/pˈok/ - /pˈɔj/
p-p / ˈo-ˈɔ / k_#>-j_#>
{0: [0], 1: [1], 2: [2]}
{0: [0], 1: [1], 2: [2]}
SCORE: 12.837

-------------------

/pˈond/ - /pˈũndrə/
p-p / ˈo-ˈũ / n-n / d-d / ∅-r / #>-ə_#>
{0: [0], 1: [1], 2: [2], 3: [3], 4: None, 5: None}
{0: [0], 1: [1], 2: [2], 3: [3], 4: [4], 5: [5]}
SCORE: 18.343

-------------------

/pˈont/ - /pˈũjnt/
p-p / ˈo-ˈũ / ∅-j / n-n / t-t
{0: [0], 1: [1], 2: None, 3: [2], 4: [3]}
{0: [0], 1: [1], 2: [2], 3: [3], 4: [4]}
SCORE: 20.041

-------------------

/pˈos/ - /pˈyjs/
p-p / ˈo-ˈy / s-j_s
{0: [0], 1: [1], 2: [2]}
{0: [0], 1: [1], 2: [2, 3]}
SCORE: 12.457

-------------------

/pˈut/ - /pˈũnt/
p-p / ˈu-ˈũ_n / t-t
{0: [0], 1: [1], 2: [2]}
{0: [0], 1: [1, 2], 2: [3]}
SCORE: 19.344

-------------------

/pˈøɲ/ - /pˈũjɲ/
p-p / ∅-ˈũ / ∅-j / ˈø-∅ / ɲ-ɲ
{0: [0], 1: None, 2: None, 3: [1], 4: [2]}
{0: [0], 1: [1], 2: [2], 3: None, 4: [3]}
SCORE: 3.432

-------------------

/pˈɔrk/ - /pˈɔrk/
p-p / ˈɔ_r-ˈɔ_r / k_#>-k_#>
{0: [0], 1: [1, 2], 2: [3]}
{0: [0], 1: [1, 2], 2: [3]}
SCORE: 26.567

-------------------

/pˈɛl/ - /pˈɛl/
p-p / ˈɛ-ˈɛ / l_#>-l_#>
{0: [0], 1: [1], 2: [2]}
{0: [0], 1: [1], 2: [2]}
SCORE: 20.816

-------------------

/pˈɛna/ - /pˈɛnə/
p-p / ˈɛ-ˈɛ / n-n / a-ə
{0: [0], 1: [1], 2: [2], 3: [3]}
{0: [0], 1: [1], 2: [2], 3: [3]}
SCORE: 23.592

-------------------

/pˈɛs/ - /pojsˈũn/
p-p / ∅-o / ˈɛ-j / s-s / ∅-ˈũ / #>-n_#>
{0: [0], 1: None, 2: [1], 3: [2], 4: None, 5: None}
{0: [0], 1: [1], 2: [2], 3: [3], 4: [4], 5: [5]}
SCORE: 3.882

-------------------

/pˈɛska/ - /pˈɛsʧə/
p-p / ˈɛ-ˈɛ / s-s / k-ʧ / a-ə
{0: [0], 1: [1], 2: [2], 3: [3], 4: [4]}
{0: [0], 1: [1], 2: [2], 3: [3], 4: [4]}
SCORE: 27.138

-------------------

/raˈis/ - /rajʦˈĩnə/
<#_r-<#_r / a-a / ˈi-j / s-ʦ / ∅-ˈĩ / ∅-n / #>-ə_#>
{0: [0], 1: [1], 2: [2], 3: [3], 4: None, 5: None, 6: None}
{0: [0], 1: [1], 2: [2], 3: [3], 4: [4], 5: [5], 6: [6]}
SCORE: 7.285

-------------------

/rezˈu/ - /rɛzˈũn/
<#_r-<#_r / e-ɛ / z-z / ˈu-ˈũ / #>-n_#>
{0: [0], 1: [1], 2: [2], 3: [3], 4: None}
{0: [0], 1: [1], 2: [2], 3: [3], 4: [4]}
SCORE: 24.749

-------------------

/reʤˈina/ - /rojˈĩnə/
<#_r-<#_r / ∅-o / ∅-j / e-∅ / ʤ-∅ / ˈi-ˈĩ / n-n / a-ə
{0: [0], 1: None, 2: None, 3: [1], 4: [2], 5: [3], 6: [4], 7: [5]}
{0: [0], 1: [1], 2: [2], 3: None, 4: None, 5: [3], 6: [4], 7: [5]}
SCORE: 4.921

-------------------

/romˈa/ - /rumˈãjn/
<#_r-<#_r / o-u / m-m / ˈa-ˈã / #>-j_n_#>
{0: [0], 1: [1], 2: [2], 3: [3], 4: None}
{0: [0], 1: [1], 2: [2], 3: [3], 4: [4, 5]}
SCORE: 23.172

-------------------

/rˈaɲ/ - /arejɲˈeə/
∅-a / r-r / ∅-e / ˈa-j / ɲ-ɲ / ∅-ˈe / #>-ə_#>
{0: None, 1: [0], 2: None, 3: [1], 4: [2], 5: None, 6: None}
{0: [0], 1: [1], 2: [2], 3: [3], 4: [4], 5: [5], 6: [6]}
SCORE: -0.958

-------------------

/rˈi/ - /rˈiw/
<#_r-<#_r / ˈi-ˈi / ∅-w
{0: [0], 1: [1], 2: None}
{0: [0], 1: [1], 2: [2]}
SCORE: 10.976

-------------------

/rˈos/ - /rˈuʤə/
<#_r-<#_r / ˈo-ˈu / s-ʤ_ə
{0: [0], 1: [1], 2: [2]}
{0: [0], 1: [1], 2: [2, 3]}
SCORE: 17.128

-------------------

/rˈɛ/ - /rˈɔj/
r_ˈɛ-r_ˈɔ / #>-j_#>
{0: [0, 1], 1: None}
{0: [0, 1], 1: [2]}
SCORE: 12.539

-------------------

/salˈyte/ - /salˈyθ/
s-s / a_l-a_l / ˈy-ˈy / ∅-θ / t-∅ / e-∅
{0: [0], 1: [1, 2], 2: [3], 3: None, 4: [4], 5: [5]}
{0: [0], 1: [1, 2], 2: [3], 3: [4], 4: None, 5: None}
SCORE: 12.666

-------------------

/saˈi/ - /savˈɔjr/
s-s / a-a / ∅-v / ˈi-ˈɔ_j / #>-r_#>
{0: [0], 1: [1], 2: None, 3: [2], 4: None}
{0: [0], 1: [1], 2: [2], 3: [3, 4], 4: [5]}
SCORE: 6.174

-------------------

/serˈeza/ - /ʦərˈizə/
s-ʦ / e-ə / r-r / ˈe-ˈi / z-z / a-ə
{0: [0], 1: [1], 2: [2], 3: [3], 4: [4], 5: [5]}
{0: [0], 1: [1], 2: [2], 3: [3], 4: [4], 5: [5]}
SCORE: 31.435

-------------------

/setmˈana/ - /səmˈãjnə/
s-s / e-ə / t-∅ / m-m / ˈa-ˈã / ∅-j / n-n / a-ə
{0: [0], 1: [1], 2: [2], 3: [3], 4: [4], 5: None, 6: [5], 7: [6]}
{0: [0], 1: [1], 2: None, 3: [2], 4: [3], 5: [4], 6: [5], 7: [6]}
SCORE: 20.722

-------------------

/sirkˈa/ - /ʦɛrʧjˈer/
s-ʦ / i-∅ / r-ɛ_r / k-ʧ_j / ˈa-ˈe / #>-r_#>
{0: [0], 1: [1], 2: [2], 3: [3], 4: [4], 5: None}
{0: [0], 1: None, 2: [1, 2], 3: [3, 4], 4: [5], 5: [6]}
SCORE: 5.664

-------------------

/sitˈa/ - /ʦitˈeθ/
s-ʦ / ∅-i / i-∅ / t-t / ˈa-ˈe / ∅-θ
{0: [0], 1: None, 2: [1], 3: [2], 4: [3], 5: None}
{0: [0], 1: [1], 2: None, 3: [2], 4: [3], 5: [4]}
SCORE: 3.585

-------------------

/siŋkwˈanta/ - /ʦĩŋkwˈãntə/
s-ʦ / i-ĩ / ŋ-ŋ / k-k / w-w / ˈa-ˈã / n-n / t_a-t_ə
{0: [0], 1: [1], 2: [2], 3: [3], 4: [4], 5: [5], 6: [6], 7: [7, 8]}
{0: [0], 1: [1], 2: [2], 3: [3], 4: [4], 5: [5], 6: [6], 7: [7, 8]}
SCORE: 52.316

-------------------

/siɡˈyr/ - /səˈyr/
s-s_ə / i-∅ / ɡ-∅ / ˈy-ˈy / r-r
{0: [0], 1: [1], 2: [2], 3: [3], 4: [4]}
{0: [0, 1], 1: None, 2: None, 3: [2], 4: [3]}
SCORE: 6.069

-------------------

/skoltˈa/ - /eskutˈer/
s-e_s / k-k / o-u / l-∅ / t-t / ˈa-ˈe / #>-r_#>
{0: [0], 1: [1], 2: [2], 3: [3], 4: [4], 5: [5], 6: None}
{0: [0, 1], 1: [2], 2: [3], 3: None, 4: [4], 5: [5], 6: [6]}
SCORE: 19.388

-------------------

/skrˈif/ - /eskrˈivrə/
s-e_s / k-k / r-r / ˈi-ˈi / f-v_r / #>-ə_#>
{0: [0], 1: [1], 2: [2], 3: [3], 4: [4], 5: None}
{0: [0, 1], 1: [2], 2: [3], 3: [4], 4: [5, 6], 5: [7]}
SCORE: 18.998

-------------------

/skˈyr/ - /ɔskˈyr/
<#-<#_ɔ / s-s / k-k / ˈy-ˈy / r-r
{0: None, 1: [0], 2: [1], 3: [2], 4: [3]}
{0: [0], 1: [1], 2: [2], 3: [3], 4: [4]}
SCORE: 23.785

-------------------

/skˈɔrsa/ - /eskˈɔrʦə/
s-e_s / k-k / ˈɔ_r-ˈɔ_r / s-ʦ / a-ə
{0: [0], 1: [1], 2: [2, 3], 3: [4], 4: [5]}
{0: [0, 1], 1: [2], 2: [3, 4], 3: [5], 4: [6]}
SCORE: 28.84

-------------------

/somˈesa/ - /semˈẽnʦə/
s-s / ∅-e / o-∅ / m-m / ˈe-ˈẽ_n / s-ʦ / a-ə
{0: [0], 1: None, 2: [1], 3: [2], 4: [3], 5: [4], 6: [5]}
{0: [0], 1: [1], 2: None, 3: [2], 4: [3, 4], 5: [5], 6: [6]}
SCORE: 15.424

-------------------

/spˈada/ - /espˈeə/
s-e_s / p-p / ˈa-ˈe / d_a-ə
{0: [0], 1: [1], 2: [2], 3: [3, 4]}
{0: [0, 1], 1: [2], 2: [3], 3: [4]}
SCORE: 15.405

-------------------

/spˈaɲa/ - /əspˈãjɲə/
∅-ə / s-s / p-p / ˈa-ˈã / ∅-j / ɲ-ɲ / a-ə
{0: None, 1: [0], 2: [1], 3: [2], 4: None, 5: [3], 6: [4]}
{0: [0], 1: [1], 2: [2], 3: [3], 4: [4], 5: [5], 6: [6]}
SCORE: 20.64

-------------------

/spˈi/ - /espˈĩnə/
s-e_s / p-p / ˈi-ˈĩ / ∅-n / #>-ə_#>
{0: [0], 1: [1], 2: [2], 3: None, 4: None}
{0: [0, 1], 1: [2], 2: [3], 3: [4], 4: [5]}
SCORE: 9.039

-------------------

/spˈiɡa/ - /espˈi/
s-e_s / p-p / ˈi-ˈi / ɡ-∅ / a_#>-#>
{0: [0], 1: [1], 2: [2], 3: [3], 4: [4]}
{0: [0, 1], 1: [2], 2: [3], 3: None, 4: None}
SCORE: 7.835

-------------------

/stˈɛla/ - /estˈɔjlə/
s-e_s / t-t / ˈɛ-ˈɔ_j / l-l / a-ə
{0: [0], 1: [1], 2: [2], 3: [3], 4: [4]}
{0: [0, 1], 1: [2], 2: [3, 4], 3: [5], 4: [6]}
SCORE: 19.274

-------------------

/sˈa/ - /sˈãjn/
s-s / ˈa-ˈã / #>-j_n_#>
{0: [0], 1: [1], 2: None}
{0: [0], 1: [1], 2: [2, 3]}
SCORE: 8.935

-------------------

/sˈabja/ - /sˈablə/
s_ˈa-s_ˈa / b-b / j-l / a-ə
{0: [0, 1], 1: [2], 2: [3], 3: [4]}
{0: [0, 1], 1: [2], 2: [3], 3: [4]}
SCORE: 28.638

-------------------

/sˈae/ - /sˈaʤə/
s_ˈa-s_ˈa / e-ʤ_ə
{0: [0, 1], 1: [2]}
{0: [0, 1], 1: [2, 3]}
SCORE: 17.021

-------------------

/sˈal/ - /sˈɛl/
s-s / ˈa-ˈɛ / l_#>-l_#>
{0: [0], 1: [1], 2: [2]}
{0: [0], 1: [1], 2: [2]}
SCORE: 16.397

-------------------

/sˈalsa/ - /sˈawsə/
s-s / ˈa_l-ˈa / ∅-w / s-s / a-ə
{0: [0], 1: [1, 2], 2: None, 3: [3], 4: [4]}
{0: [0], 1: [1], 2: [2], 3: [3], 4: [4]}
SCORE: 15.191

-------------------

/sˈana/ - /sˈãjnə/
s-s / ˈa-ˈã / ∅-j / n-n / a-ə
{0: [0], 1: [1], 2: None, 3: [2], 4: [3]}
{0: [0], 1: [1], 2: [2], 3: [3], 4: [4]}
SCORE: 17.096

-------------------

/sˈant/ - /sˈãjnt/
s-s / ˈa-ˈã / ∅-j / n-n / t-t
{0: [0], 1: [1], 2: None, 3: [2], 4: [3]}
{0: [0], 1: [1], 2: [2], 3: [3], 4: [4]}
SCORE: 18.568

-------------------

/sˈaŋk/ - /sˈãŋk/
s-s / ˈa-ˈã / ŋ-ŋ / k_#>-k_#>
{0: [0], 1: [1], 2: [2], 3: [3]}
{0: [0], 1: [1], 2: [2], 3: [3]}
SCORE: 27.658

-------------------

/sˈera/ - /ʦˈirə/
s-ʦ / ˈe-ˈi / r-r / a-ə
{0: [0], 1: [1], 2: [2], 3: [3]}
{0: [0], 1: [1], 2: [2], 3: [3]}
SCORE: 21.352

-------------------

/sˈes/ - /sˈis/
s-s / ˈe_s-ˈi_s
{0: [0], 1: [1, 2]}
{0: [0], 1: [1, 2]}
SCORE: 20.451

-------------------

/sˈida/ - /sˈɔjə/
s-s / ˈi-ˈɔ_j / d_a-ə
{0: [0], 1: [1], 2: [2, 3]}
{0: [0], 1: [1, 2], 2: [3]}
SCORE: 9.698

-------------------

/sˈik/ - /ʦˈĩŋk/
s-ʦ / ˈi-ˈĩ / ∅-ŋ / k_#>-k_#>
{0: [0], 1: [1], 2: None, 3: [2]}
{0: [0], 1: [1], 2: [2], 3: [3]}
SCORE: 15.807

-------------------

/sˈima/ - /ʦˈimə/
s-ʦ / ˈi-ˈi / m-m / a-ə
{0: [0], 1: [1], 2: [2], 3: [3]}
{0: [0], 1: [1], 2: [2], 3: [3]}
SCORE: 23.114

-------------------

/sˈira/ - /sˈɔjr/
s-s / ˈi-ˈɔ_j / r-r / a_#>-#>
{0: [0], 1: [1], 2: [2], 3: [3]}
{0: [0], 1: [1, 2], 2: [3], 3: None}
SCORE: 10.856

-------------------

/sˈul/ - /sulˈeʎ/
s-s / ∅-u / ˈu-∅ / l-l / ∅-ˈe / #>-ʎ_#>
{0: [0], 1: None, 2: [1], 3: [2], 4: None, 5: None}
{0: [0], 1: [1], 2: None, 3: [2], 4: [3], 5: [4]}
SCORE: -3.525

-------------------

/sˈura/ - /səˈyr/
s-s_ə / ∅-ˈy / ˈu_r-r / a_#>-#>
{0: [0], 1: None, 2: [1, 2], 3: [3]}
{0: [0, 1], 1: [2], 2: [3], 3: None}
SCORE: -4.222

-------------------

/sˈɛk/ - /sˈɛk/
s-s / ˈɛ-ˈɛ / k_#>-k_#>
{0: [0], 1: [1], 2: [2]}
{0: [0], 1: [1], 2: [2]}
SCORE: 20.527

-------------------

/sˈɛnder/ - /ʦˈẽndrə/
s-ʦ / ˈɛ-ˈẽ / n-n / d-d / e_r-r_ə
{0: [0], 1: [1], 2: [2], 3: [3], 4: [4, 5]}
{0: [0], 1: [1], 2: [2], 3: [3], 4: [4, 5]}
SCORE: 28.897

-------------------

/sˈɛt/ - /sˈɛt/
s-s / ˈɛ-ˈɛ / t-t
{0: [0], 1: [1], 2: [2]}
{0: [0], 1: [1], 2: [2]}
SCORE: 19.419

-------------------

/sˈɛŋt/ - /ʦˈẽnt/
s-ʦ / ˈɛ-ˈẽ / ŋ-n / t-t
{0: [0], 1: [1], 2: [2], 3: [3]}
{0: [0], 1: [1], 2: [2], 3: [3]}
SCORE: 20.135

-------------------

/tosˈi/ - /tusˈir/
<#_t-<#_t / o-u / s-s / ˈi-ˈi_r
{0: [0], 1: [1], 2: [2], 3: [3]}
{0: [0], 1: [1], 2: [2], 3: [3, 4]}
SCORE: 24.711

-------------------

/trˈɛ/ - /trˈɔjs/
<#_t-<#_t / r_ˈɛ-r_ˈɔ / ∅-j / #>-s_#>
{0: [0], 1: [1, 2], 2: None, 3: None}
{0: [0], 1: [1, 2], 2: [3], 3: [4]}
SCORE: 14.22

-------------------

/tˈe/ - /tˈy/
<#_t-<#_t / ∅-ˈy / ˈe_#>-#>
{0: [0], 1: None, 2: [1]}
{0: [0], 1: [1], 2: None}
SCORE: 3.071

-------------------

/tˈep/ - /tˈẽmps/
<#_t-<#_t / ˈe-ˈẽ / ∅-m / p-p / #>-s_#>
{0: [0], 1: [1], 2: None, 3: [2], 4: None}
{0: [0], 1: [1], 2: [2], 3: [3], 4: [4]}
SCORE: 15.05

-------------------

/tˈont/ - /rəˈũnt/
t-r / ∅-ə / ˈo-ˈũ / n-n / t-t
{0: [0], 1: None, 2: [1], 3: [2], 4: [3]}
{0: [0], 1: [1], 2: [2], 3: [3], 4: [4]}
SCORE: 12.85

-------------------

/tˈøt/ - /tˈut/
<#_t-<#_t / ˈø-ˈu / t-t
{0: [0], 1: [1], 2: [2]}
{0: [0], 1: [1], 2: [2]}
SCORE: 21.745

-------------------

/tˈøʧ/ - /tˈuts/
<#_t-<#_t / ˈø-ˈu / ʧ-t / #>-s_#>
{0: [0], 1: [1], 2: [2], 3: None}
{0: [0], 1: [1], 2: [2], 3: [3]}
SCORE: 18.348

-------------------

/tˈɔr/ - /tˈɔr/
<#_t-<#_t / ˈɔ_r-ˈɔ_r
{0: [0], 1: [1, 2]}
{0: [0], 1: [1, 2]}
SCORE: 21.36

-------------------

/tˈɛra/ - /tˈɛrə/
<#_t-<#_t / ˈɛ-ˈɛ / r-r / a-ə
{0: [0], 1: [1], 2: [2], 3: [3]}
{0: [0], 1: [1], 2: [2], 3: [3]}
SCORE: 24.051

-------------------

/zelˈa/ - /ʤəlˈer/
z-ʤ / e-ə / l-l / ˈa-ˈe / #>-r_#>
{0: [0], 1: [1], 2: [2], 3: [3], 4: None}
{0: [0], 1: [1], 2: [2], 3: [3], 4: [4]}
SCORE: 20.276

-------------------

/zenˈøʧ/ - /ʤənˈuʎ/
z-ʤ / e-ə / n-n / ˈø-ˈu / ʧ-ʎ
{0: [0], 1: [1], 2: [2], 3: [3], 4: [4]}
{0: [0], 1: [1], 2: [2], 3: [3], 4: [4]}
SCORE: 27.495

-------------------

/zɡulˈa/ - /vulˈer/
<#-<#_v / z_ɡ-∅ / u-u / l-l / ˈa-ˈe / #>-r_#>
{0: None, 1: [0, 1], 2: [2], 3: [3], 4: [4], 5: None}
{0: [0], 1: None, 2: [1], 3: [2], 4: [3], 5: [4]}
SCORE: 2.658

-------------------

/zˈet/ - /ʤˈẽnt/
z-ʤ / ˈe-ˈẽ_n / t-t
{0: [0], 1: [1], 2: [2]}
{0: [0], 1: [1, 2], 2: [3]}
SCORE: 18.74

-------------------

/zˈuen/ - /ʤwˈẽnə/
z-ʤ / ∅-w / ∅-ˈẽ / ˈu-n / e-ə / n-∅
{0: [0], 1: None, 2: None, 3: [1], 4: [2], 5: [3]}
{0: [0], 1: [1], 2: [2], 3: [3], 4: [4], 5: None}
SCORE: -1.276

-------------------

/zˈødes/ - /ʤˈyʤə/
z-ʤ / ∅-ˈy / ˈø-∅ / d-∅ / e-ʤ_ə / s_#>-#>
{0: [0], 1: None, 2: [1], 3: [2], 4: [3], 5: [4]}
{0: [0], 1: [1], 2: None, 3: None, 4: [2, 3], 5: None}
SCORE: -5.821

-------------------

/zˈøk/ - /ʤˈɛw/
z-ʤ / ˈø_k-ˈɛ_w
{0: [0], 1: [1, 2]}
{0: [0], 1: [1, 2]}
SCORE: 14.374

-------------------

/zˈøɲ/ - /ʤˈỹjn/
z-ʤ / ˈø-ˈỹ / ∅-j / ɲ-n
{0: [0], 1: [1], 2: None, 3: [2]}
{0: [0], 1: [1], 2: [2], 3: [3]}
SCORE: 11.165

-------------------

/zˈɛnder/ - /ʤˈẽndrə/
z-ʤ / ˈɛ-ˈẽ / n-n / d-d / e_r-r_ə
{0: [0], 1: [1], 2: [2], 3: [3], 4: [4, 5]}
{0: [0], 1: [1], 2: [2], 3: [3], 4: [4, 5]}
SCORE: 30.862

-------------------

/ɡrˈa/ - /ɡrˈãjn/
ɡ-ɡ / r-r / ˈa-ˈã / #>-j_n_#>
{0: [0], 1: [1], 2: [2], 3: None}
{0: [0], 1: [1], 2: [2], 3: [3, 4]}
SCORE: 15.46

-------------------

/ɡrˈas/ - /ɡrˈɛsə/
ɡ-ɡ / r-r / ˈa-ˈɛ / s-s / #>-ə_#>
{0: [0], 1: [1], 2: [2], 3: [3], 4: None}
{0: [0], 1: [1], 2: [2], 3: [3], 4: [4]}
SCORE: 18.772

-------------------

/ɡrˈaŋt/ - /ɡrˈãnt/
ɡ-ɡ / r-r / ˈa-ˈã / ŋ-n / t-t
{0: [0], 1: [1], 2: [2], 3: [3], 4: [4]}
{0: [0], 1: [1], 2: [2], 3: [3], 4: [4]}
SCORE: 27.292

-------------------

/ɡrˈɔs/ - /ɡrˈɔs/
ɡ-ɡ / r-r / ˈɔ-ˈɔ / s-s
{0: [0], 1: [1], 2: [2], 3: [3]}
{0: [0], 1: [1], 2: [2], 3: [3]}
SCORE: 25.667

-------------------

/ɡˈat/ - /ʧˈat/
<#_ɡ-<# / ∅-ʧ / ˈa-ˈa / t-t
{0: [0], 1: None, 2: [1], 3: [2]}
{0: None, 1: [0], 2: [1], 3: [2]}
SCORE: 6.02

-------------------

/ɡˈola/ - /ɡˈulə/
ɡ-ɡ / ˈo-ˈu / l-l / a-ə
{0: [0], 1: [1], 2: [2], 3: [3]}
{0: [0], 1: [1], 2: [2], 3: [3]}
SCORE: 25.802

-------------------

/ɡˈota/ - /ɡˈutə/
ɡ-ɡ / ˈo-ˈu / t_a-t_ə
{0: [0], 1: [1], 2: [2, 3]}
{0: [0], 1: [1], 2: [2, 3]}
SCORE: 27.766

-------------------

/ɡˈoʤa/ - /aɡˈyʎə/
∅-a / ɡ-ɡ / ˈo-ˈy / ʤ-∅ / a-ʎ_ə
{0: None, 1: [0], 2: [1], 3: [2], 4: [3]}
{0: [0], 1: [1], 2: [2], 3: None, 4: [3, 4]}
SCORE: 3.99

-------------------

/ʋilˈa/ - /vilˈãjn/
ʋ-v / ∅-i / i-∅ / l-l / ˈa-ˈã / #>-j_n_#>
{0: [0], 1: None, 2: [1], 3: [2], 4: [3], 5: None}
{0: [0], 1: [1], 2: None, 3: [2], 4: [3], 5: [4, 5]}
SCORE: 1.234

-------------------

/ʋjˈas/ - /vojˈaʤə/
ʋ-v / ∅-o / j-j / ˈa-ˈa / s-ʤ_ə
{0: [0], 1: None, 2: [1], 3: [2], 4: [3]}
{0: [0], 1: [1], 2: [2], 3: [3], 4: [4, 5]}
SCORE: 7.78

-------------------

/ʋˈeter/ - /vˈẽntrə/
ʋ-v / ˈe-ˈẽ_n / t-t / e_r-r_ə
{0: [0], 1: [1], 2: [2], 3: [3, 4]}
{0: [0], 1: [1, 2], 2: [3], 3: [4, 5]}
SCORE: 19.091

-------------------

/ʋˈia/ - /vˈɔjə/
ʋ-v / ˈi-ˈɔ_j / a-ə
{0: [0], 1: [1], 2: [2]}
{0: [0], 1: [1, 2], 2: [3]}
SCORE: 11.68

-------------------

/ʤˈas/ - /ɡlˈaʦə/
ʤ-ɡ_l / ˈa-ˈa / s-ʦ / #>-ə_#>
{0: [0], 1: [1], 2: [2], 3: None}
{0: [0, 1], 1: [2], 2: [3], 3: [4]}
SCORE: 11.431

-------------------

/ʧamˈa/ - /klamˈer/
ʧ-k_l / a-a / m-m / ˈa-ˈe / #>-r_#>
{0: [0], 1: [1], 2: [2], 3: [3], 4: None}
{0: [0, 1], 1: [2], 2: [3], 3: [4], 4: [5]}
SCORE: 16.007

-------------------

/ʧˈaf/ - /klˈɛf/
ʧ-k_l / ˈa-ˈɛ / f_#>-f_#>
{0: [0], 1: [1], 2: [2]}
{0: [0, 1], 1: [2], 2: [3]}
SCORE: 13.786

-------------------

/ʧˈel/ - /ʦjˈɛl/
<#-<#_ʦ / ʧ-∅ / ˈe-j_ˈɛ / l_#>-l_#>
{0: None, 1: [0], 2: [1], 3: [2]}
{0: [0], 1: None, 2: [1, 2], 3: [3]}
SCORE: 3.722

-------------------

/ˈaa/ - /ˈef/
ˈa-ˈe / a-∅ / #>-f_#>
{0: [0], 1: [1], 2: None}
{0: [0], 1: None, 2: [1]}
SCORE: 3.125

-------------------

/ˈaka/ - /vˈaʧə/
<#-<#_v / ˈa-ˈa / k-ʧ / a-ə
{0: None, 1: [0], 2: [1], 3: [2]}
{0: [0], 1: [1], 2: [2], 3: [3]}
SCORE: 15.942

-------------------

/ˈalba/ - /ˈalbə/
ˈa_l-ˈa_l / b-b / a-ə
{0: [0, 1], 1: [2], 2: [3]}
{0: [0, 1], 1: [2], 2: [3]}
SCORE: 26.125

-------------------

/ˈanima/ - /ˈãmə/
ˈa-ˈã / n-∅ / i-∅ / m-m / a-ə
{0: [0], 1: [1], 2: [2], 3: [3], 4: [4]}
{0: [0], 1: None, 2: None, 3: [1], 4: [2]}
SCORE: 8.854

-------------------

/ˈanʤel/ - /ˈãnɡlə/
ˈa-ˈã / n-n / ʤ-ɡ_l / e-ə / l_#>-#>
{0: [0], 1: [1], 2: [2], 3: [3], 4: [4]}
{0: [0], 1: [1], 2: [2, 3], 3: [4], 4: None}
SCORE: 14.116

-------------------

/ˈaŋ/ - /ˈãn/
ˈa-ˈã / ŋ-n
{0: [0], 1: [1]}
{0: [0], 1: [1]}
SCORE: 11.285

-------------------

/ˈela/ - /vˈilə/
<#-<#_v / ˈe-ˈi / l-l / a-ə
{0: None, 1: [0], 2: [1], 3: [2]}
{0: [0], 1: [1], 2: [2], 3: [3]}
SCORE: 16.726

-------------------

/ˈente/ - /vˈĩnt/
<#_ˈe-<#_v / ∅-ˈĩ / n-n / t-t / e-∅
{0: [0], 1: None, 2: [1], 3: [2], 4: [3]}
{0: [0], 1: [1], 2: [2], 3: [3], 4: None}
SCORE: 3.883

-------------------

/ˈert/ - /vˈert/
<#_ˈe-<#_v / ∅-ˈe / r_t-r_t
{0: [0], 1: None, 2: [1, 2]}
{0: [0], 1: [1], 2: [2, 3]}
SCORE: 9.792

-------------------

/ˈeta/ - /vˈiə/
<#-<#_v / ˈe-ˈi / t_a-ə
{0: None, 1: [0], 2: [1, 2]}
{0: [0], 1: [1], 2: [2]}
SCORE: 8.732

-------------------

/ˈi/ - /vˈĩn/
<#-<#_v / ˈi-ˈĩ / #>-n_#>
{0: None, 1: [0], 2: None}
{0: [0], 1: [1], 2: [2]}
SCORE: 7.94

-------------------

/ˈizola/ - /ˈilə/
ˈi-ˈi / z-∅ / o-∅ / l-l / a-ə
{0: [0], 1: [1], 2: [2], 3: [3], 4: [4]}
{0: [0], 1: None, 2: None, 3: [1], 4: [2]}
SCORE: 7.859

-------------------

/ˈoka/ - /ˈɔjə/
<#_ˈo-<#_ˈɔ / k-j / a-ə
{0: [0], 1: [1], 2: [2]}
{0: [0], 1: [1], 2: [2]}
SCORE: 8.722

-------------------

/ˈonʤa/ - /ˈũŋɡlə/
ˈo-ˈũ / ∅-ŋ / n-∅ / ʤ-ɡ_l / a-ə
{0: [0], 1: None, 2: [1], 3: [2], 4: [3]}
{0: [0], 1: [1], 2: None, 3: [2, 3], 4: [4]}
SCORE: 4.218

-------------------

/ˈor/ - /ˈɔr/
<#_ˈo-<#_ˈɔ / r-r
{0: [0], 1: [1]}
{0: [0], 1: [1]}
SCORE: 13.554

-------------------

/ˈors/ - /ˈurs/
ˈo-ˈu / r-r / s-s
{0: [0], 1: [1], 2: [2]}
{0: [0], 1: [1], 2: [2]}
SCORE: 19.082

-------------------

/ˈoter/ - /ˈawtrə/
<#_ˈo-<# / ∅-ˈa / ∅-w / t-t / e_r-r_ə
{0: [0], 1: None, 2: None, 3: [1], 4: [2, 3]}
{0: None, 1: [0], 2: [1], 3: [2], 4: [3, 4]}
SCORE: 1.175

-------------------

/ˈu/ - /vˈus/
<#-<#_v / ˈu-ˈu / #>-s_#>
{0: None, 1: [0], 2: None}
{0: [0], 1: [1], 2: [2]}
SCORE: 6.012

-------------------

/ˈus/ - /vˈɔjʦ/
<#-<#_v / ˈu-ˈɔ / ∅-j / s-ʦ
{0: None, 1: [0], 2: None, 3: [1]}
{0: [0], 1: [1], 2: [2], 3: [3]}
SCORE: 4.528

-------------------

/ˈøf/ - /wˈɛf/
ˈø-w_ˈɛ / f_#>-f_#>
{0: [0], 1: [1]}
{0: [0, 1], 1: [2]}
SCORE: 15.548

-------------------

/ˈøʋra/ - /wˈɛvrə/
<#_ˈø-<#_w / ʋ-ˈɛ_v / r-r / a-ə
{0: [0], 1: [1], 2: [2], 3: [3]}
{0: [0], 1: [1, 2], 2: [3], 3: [4]}
SCORE: 25.612

-------------------

/ˈøʧ/ - /wˈɛʎ/
ˈø-w_ˈɛ / ʧ-ʎ
{0: [0], 1: [1]}
{0: [0, 1], 1: [2]}
SCORE: 12.331

-------------------

/ˈɔm/ - /ˈũmə/
ˈɔ-ˈũ / m-m / #>-ə_#>
{0: [0], 1: [1], 2: None}
{0: [0], 1: [1], 2: [2]}
SCORE: 10.332

-------------------

/ˈɔs/ - /ˈ ɔs/
ˈɔ-ˈɔ / s-s
{0: [0], 1: [1]}
{0: [0], 1: [1]}
SCORE: 14.727

-------------------

/ˈɔt/ - /ˈyjt/
ˈɔ-ˈy_j / t-t
{0: [0], 1: [1]}
{0: [0, 1], 1: [2]}
SCORE: 12.598

-------------------

/ˈɛnt/ - /vˈẽnt/
<#-<#_v / ˈɛ-ˈẽ / n-n / t-t
{0: None, 1: [0], 2: [1], 3: [2]}
{0: [0], 1: [1], 2: [2], 3: [3]}
SCORE: 17.686

-------------------

/ˈɛrba/ - /ˈɛrbə/
ˈɛ-ˈɛ / r-r / b-b / a-ə
{0: [0], 1: [1], 2: [2], 3: [3]}
{0: [0], 1: [1], 2: [2], 3: [3]}
SCORE: 24.164

-------------------

/ˈɛrbor/ - /ˈarbrə/
<#_ˈɛ-<# / ∅-ˈa / r-r / b-b / o-∅ / r-r / #>-ə_#>
{0: [0], 1: None, 2: [1], 3: [2], 4: [3], 5: [4], 6: None}
{0: None, 1: [0], 2: [1], 3: [2], 4: None, 5: [3], 6: [4]}
SCORE: 3.011

-------------------

/ˈɛrem/ - /vˈɛrm/
<#-<#_v / ˈɛ-ˈɛ / r-r / e-∅ / m-m
{0: None, 1: [0], 2: [1], 3: [2], 4: [3]}
{0: [0], 1: [1], 2: [2], 3: None, 4: [3]}
SCORE: 13.611

-------------------

/ˈɛɡwa/ - /ˈɛwə/
ˈɛ-ˈɛ / ɡ-∅ / w-w / a-ə
{0: [0], 1: [1], 2: [2], 3: [3]}
{0: [0], 1: None, 2: [1], 3: [2]}
SCORE: 14.94

-------------------

/ˈɛʧ/ - /vjˈɛʎ/
<#-<#_v / ∅-j / ˈɛ-ˈɛ / ʧ-ʎ
{0: None, 1: None, 2: [0], 3: [1]}
{0: [0], 1: [1], 2: [2], 3: [3]}
SCORE: 7.583
