/blˈeɪ̯d/ - /blˈad/
[4/4] <#-<# / b-b / l-l / ˈeɪ̯-ˈa / d-d / #>-#>

-------------------

/blˈuːm/ - /blˈoːmə/
[3/5] <#-<# / b-b / l-l / ˈuː-ˈoː / m-m / #>-ə_#>
[2/5] <#-<# / b-b / l-l / ˈuː-ˈoː / m-m / ∅-ə / #>-#>

-------------------

/blˈɐd/ - /blˈoːd/
[5/5] <#-<# / b-b / l-l / ˈɐ-ˈoː / d-d / #>-#>

-------------------

/bɹˈed/ - /brˈaʊ̯d/
[5/5] <#-<# / b-b / ɹ-r / ˈe-ˈaʊ̯ / d-d / #>-#>

-------------------

/bɹˈest/ - /bˈuːə̯st/
[4/4] <#-<# / b-b / ɹ-∅ / ˈe-ˈuːə̯ / s-s / t-t / #>-#>

-------------------

/bɹˈɐðə/ - /brˈoːɐ/
[5/5] <#-<# / b-b / ɹ-r / ˈɐ-ˈoː / ð-∅ / ə-ɐ / #>-#>

-------------------

/bɹˈɪʤ/ - /brˈʏɣə/
[2/4] <#-<# / b-b / ɹ-r / ˈɪ-ˈʏ / ʤ-ɣ / ∅-ə / #>-#>
[2/4] <#-<# / b-b / ɹ-r / ˈɪ-ˈʏ / ʤ-ɣ / #>-ə_#>

-------------------

/bˈaɪ̯t/ - /bˈiːtn̩/
[3/5] <#-<# / b-b / ˈaɪ̯-ˈiː / t-t / #>-n_#>
[2/5] <#-<# / b-b / ˈaɪ̯-ˈiː / t-t / ∅-n / #>-#>

-------------------

/bˈetə/ - /bˈɪɛ̯tɐ/
[4/4] <#-<# / b-b / ˈe-ˈɪɛ̯ / t-t / ə-ɐ / #>-#>

-------------------

/bˈiːm/ - /bˈaʊ̯m/
[4/4] <#-<# / b-b / ˈiː-ˈaʊ̯ / m-m / #>-#>

-------------------

/bˈæɹəʊ̯/ - /bˈɪɛ̯ɐx/
[2/3] <#-<# / b-b / ˈæ-ˈɪɛ̯ / ɹ-∅ / əʊ̯-ɐ / #>-x_#>
[1/3] <#-<# / b-b / ˈæ-ˈɪɛ̯ / ɹ-∅ / əʊ̯-ɐ / ∅-x / #>-#>

-------------------

/bˈɑːθ/ - /bˈaːd/
[1/1] <#-<# / b-b / ˈɑː-ˈaː / θ-d / #>-#>

-------------------

/bˈəʊ̯n/ - /bˈeːn/
[4/4] <#-<# / b-b / ˈəʊ̯-ˈeː / n-n / #>-#>

-------------------

/bˈəʊ̯t/ - /bˈoːt/
[2/2] <#-<# / b-b / ˈəʊ̯-ˈoː / t-t / #>-#>

-------------------

/bˈɛə/ - /bˈɛːɐ/
[5/5] <#-<# / b-b / ˈɛ-ˈɛː / ə-ɐ / #>-#>

-------------------

/bˈɪd/ - /bˈaɪ̯dn̩/
[3/4] <#-<# / b-b / ˈɪ-ˈaɪ̯ / d-d / #>-n_#>
[1/4] <#-<# / b-b / ˈɪ-ˈaɪ̯ / d-d / ∅-n / #>-#>

-------------------

/bˈɪd/ - /bˈɪdn̩/
[2/4] <#-<# / b-b / ˈɪ-ˈɪ / d-d / ∅-n / #>-#>
[2/4] <#-<# / b-b / ˈɪ-ˈɪ / d-d / #>-n_#>

-------------------

/bˈʊk/ - /bˈoːk/
[2/2] <#-<# / b-b / ˈʊ-ˈoː / k-k / #>-#>

-------------------

/dɹˈaɪ̯/ - /drˈyːç/
[2/4] <#-<# / d-d / ɹ-r / ˈaɪ̯-ˈyː / ∅-ç / #>-#>
[2/4] <#-<# / d-d / ɹ-r / ˈaɪ̯-ˈyː / #>-ç_#>

-------------------

/dɹˈaɪ̯v/ - /drˈiːvn̩/
[2/4] <#-<# / d-d / ɹ-r / ˈaɪ̯-ˈiː / v-v / ∅-n / #>-#>
[2/4] <#-<# / d-d / ɹ-r / ˈaɪ̯-ˈiː / v-v / #>-n_#>

-------------------

/dɹˈiːm/ - /drˈaɪ̯mn̩/
[3/5] <#-<# / d-d / ɹ-r / ˈiː-ˈaɪ̯ / m-m / #>-n_#>
[2/5] <#-<# / d-d / ɹ-r / ˈiː-ˈaɪ̯ / m-m / ∅-n / #>-#>

-------------------

/dɹˈiːm/ - /drˈaʊ̯m/
[5/5] <#-<# / d-d / ɹ-r / ˈiː-ˈaʊ̯ / m-m / #>-#>

-------------------

/dɹˈɪŋk/ - /drˈɪŋkn̩/
[2/3] <#-<# / d-d / ɹ-r / ˈɪ-ˈɪ / ŋ-ŋ / k-k / ∅-n / #>-#>
[1/3] <#-<# / d-d / ɹ-r / ˈɪ-ˈɪ / ŋ-ŋ / k-k / #>-n_#>

-------------------

/dˈeɪ̯/ - /dˈax/
[2/4] <#-<# / d-d / ˈeɪ̯-ˈa / ∅-x / #>-#>
[2/4] <#-<# / d-d / ˈeɪ̯-ˈa / #>-x_#>

-------------------

/dˈeθ/ - /dˈaʊ̯t/
[4/4] <#-<# / d-d / ˈe-ˈaʊ̯ / θ-t / #>-#>

-------------------

/dˈiːp/ - /dˈaɪ̯p/
[5/5] <#-<# / d-d / ˈiː-ˈaɪ̯ / p-p / #>-#>

-------------------

/dˈɔːtə/ - /dˈɔxtɐ/
[2/3] <#-<# / d-d / ˈɔː-ˈɔ / t-x_t / ə-ɐ / #>-#>
[1/3] <#-<# / d-d / ˈɔː-ˈɔ / ∅-x / t-t / ə-ɐ / #>-#>

-------------------

/dˈɪə/ - /dˈiːɐ/
[2/2] <#-<# / d-d / ˈɪ-ˈiː / ə-ɐ / #>-#>

-------------------

/dˈɪə/ - /dˈyːɐ/
[5/5] <#-<# / d-d / ˈɪ-ˈyː / ə-ɐ / #>-#>

-------------------

/flˈaɪ̯/ - /flˈaɪ̯ŋ/
[4/4] <#-<# / f-f / l-l / ˈaɪ̯-ˈaɪ̯ / ∅-ŋ / #>-#>

-------------------

/flˈaɪ̯/ - /flˈaɪ̯ɡə/
[2/4] <#-<# / f-f / l-l / ˈaɪ̯-ˈaɪ̯ / ∅-ɡ / ∅-ə / #>-#>
[2/4] <#-<# / f-f / l-l / ˈaɪ̯-ˈaɪ̯ / ∅-ɡ / #>-ə_#>

-------------------

/flˈeʃ/ - /flˈeːʃk/
[2/3] <#-<# / f-f / l-l / ˈe-ˈeː / ʃ-ʃ / #>-k_#>
[1/3] <#-<# / f-f / l-l / ˈe-ˈeː / ʃ-ʃ / ∅-k / #>-#>

-------------------

/fɹˈend/ - /frˈønd/
[3/3] <#-<# / f-f / ɹ-r / ˈe-ˈø / n-n / d-d / #>-#>

-------------------

/fɹˈeʃ/ - /frˈɪʃ/
[4/4] <#-<# / f-f / ɹ-r / ˈe-ˈɪ / ʃ-ʃ / #>-#>

-------------------

/fɹˈiː/ - /frˈiː/
[4/4] <#-<# / f-f / ɹ-r / ˈiː-ˈiː / #>-#>

-------------------

/fɹˈiːz/ - /frˈaɪ̯zn̩/
[1/2] <#-<# / f-f / ɹ-r / ˈiː-ˈaɪ̯ / z-z / ∅-n / #>-#>
[1/2] <#-<# / f-f / ɹ-r / ˈiː-ˈaɪ̯ / z-z / #>-n_#>

-------------------

/fˈaɪ̯nd/ - /fˈɪn̩/
[5/5] <#-<# / f-f / ˈaɪ̯-ˈɪ / n-n / d-∅ / #>-#>

-------------------

/fˈaɪ̯v/ - /fˈiːf/
[3/3] <#-<# / f-f / ˈaɪ̯-ˈiː / v-f / #>-#>

-------------------

/fˈaɪ̯ə/ - /fˈyːɐ/
[5/5] <#-<# / f-f / ˈaɪ̯-ˈyː / ə-ɐ / #>-#>

-------------------

/fˈaʊ̯ɫ/ - /fˈuə̯ɡl̩/
[3/3] <#-<# / f-f / ˈaʊ̯-ˈuə̯ / ∅-ɡ / ɫ-l / #>-#>

-------------------

/fˈeðə/ - /fˈɪɛ̯dɐ/
[5/5] <#-<# / f-f / ˈe-ˈɪɛ̯ / ð-d / ə-ɐ / #>-#>

-------------------

/fˈiːt/ - /fˈøːtə/
[3/5] <#-<# / f-f / ˈiː-ˈøː / t-t / #>-ə_#>
[2/5] <#-<# / f-f / ˈiː-ˈøː / t-t / ∅-ə / #>-#>

-------------------

/fˈiːɫ/ - /fˈøːln̩/
[3/5] <#-<# / f-f / ˈiː-ˈøː / ɫ-l / #>-n_#>
[2/5] <#-<# / f-f / ˈiː-ˈøː / ɫ-l / ∅-n / #>-#>

-------------------

/fˈɑːðə/ - /fˈaːdɐ/
[5/5] <#-<# / f-f / ˈɑː-ˈaː / ð-d / ə-ɐ / #>-#>

-------------------

/fˈɒks/ - /fˈɔs/
[3/4] <#-<# / f-f / ˈɒ-ˈɔ / k-∅ / s-s / #>-#>
[1/4] <#-<# / f-f / ˈɒ-ˈɔ / k_s-s / #>-#>

-------------------

/fˈɔː/ - /fˈeːɐ/
[5/5] <#-<# / f-f / ˈɔː-ˈeː / ∅-ɐ / #>-#>

-------------------

/fˈɪŋɡə/ - /fˈɪŋɐ/
[5/5] <#-<# / f-f / ˈɪ-ˈɪ / ŋ-ŋ / ɡ-∅ / ə-ɐ / #>-#>

-------------------

/fˈɪʃ/ - /fˈɪʃk/
[3/5] <#-<# / f-f / ˈɪ-ˈɪ / ʃ-ʃ / ∅-k / #>-#>
[2/5] <#-<# / f-f / ˈɪ-ˈɪ / ʃ-ʃ / #>-k_#>

-------------------

/fˈʊt/ - /fˈoːt/
[3/3] <#-<# / f-f / ˈʊ-ˈoː / t-t / #>-#>

-------------------

/fˈʊɫ/ - /fˈʊl/
[5/5] <#-<# / f-f / ˈʊ-ˈʊ / ɫ-l / #>-#>

-------------------

/hˈaɪ̯/ - /hˈaʊ̯x/
[3/4] <#-<# / h-h / ˈaɪ̯-ˈaʊ̯ / #>-x_#>
[1/4] <#-<# / h-h / ˈaɪ̯-ˈaʊ̯ / ∅-x / #>-#>

-------------------

/hˈaɪ̯d/ - /hˈuːt/
[5/5] <#-<# / h-h / ˈaɪ̯-ˈuː / d-t / #>-#>

-------------------

/hˈaʊ̯s/ - /hˈʊs/
[4/4] <#-<# / h-h / ˈaʊ̯-ˈʊ / s-s / #>-#>

-------------------

/hˈed/ - /kˈɔp/
[2/2] <#-<# / h-k / ˈe-ˈɔ / d-p / #>-#>

-------------------

/hˈen/ - /hˈɛn/
[4/4] <#-<# / h-h / ˈe-ˈɛ / n-n / #>-#>

-------------------

/hˈænd/ - /hˈand/
[3/3] <#-<# / h-h / ˈæ-ˈa / n-n / d-d / #>-#>

-------------------

/hˈæv/ - /hˈɛbn̩/
[2/3] <#-<# / h-h / ˈæ-ˈɛ / v-b / #>-n_#>
[1/3] <#-<# / h-h / ˈæ-ˈɛ / v-b / ∅-n / #>-#>

-------------------

/hˈɐndɹəd/ - /hˈʊnɐt/
[3/3] <#-<# / h-h / ˈɐ-ˈʊ / n-n / d-∅ / ɹ-∅ / ə-ɐ / d-t / #>-#>

-------------------

/hˈɐnɪ/ - /hˈanɪç/
[3/5] <#-<# / h-h / ˈɐ-ˈa / n-n / ɪ-ɪ / #>-ç_#>
[2/5] <#-<# / h-h / ˈɐ-ˈa / n-n / ɪ-ɪ / ∅-ç / #>-#>

-------------------

/hˈɐŋɡə/ - /hˈʊŋɐ/
[5/5] <#-<# / h-h / ˈɐ-ˈʊ / ŋ-ŋ / ɡ-∅ / ə-ɐ / #>-#>

-------------------

/hˈɑːt/ - /hˈɪɛ̯t/
[3/3] <#-<# / h-h / ˈɑː-ˈɪɛ̯ / t-t / #>-#>

-------------------

/hˈɒt/ - /hˈeːt/
[3/3] <#-<# / h-h / ˈɒ-ˈeː / t-t / #>-#>

-------------------

/hˈəʊ̯lɪ/ - /hˈɪlɪç/
[2/4] <#-<# / h-h / ˈəʊ̯-ˈɪ / l-l / ɪ-ɪ / ∅-ç / #>-#>
[2/4] <#-<# / h-h / ˈəʊ̯-ˈɪ / l-l / ɪ-ɪ / #>-ç_#>

-------------------

/hˈɛə/ - /hˈɒːs/
[5/5] <#-<# / h-h / ˈɛ-ˈɒː / ə-∅ / ∅-s / #>-#>

-------------------

/hˈɛə/ - /hˈɔːɐ/
[3/3] <#-<# / h-h / ˈɛ-ˈɔː / ə-ɐ / #>-#>

-------------------

/hˈɪə/ - /hˈiːɐ/
[3/3] <#-<# / h-h / ˈɪ-ˈiː / ə-ɐ / #>-#>

-------------------

/hˈɪə/ - /hˈœːɐn/
[2/4] <#-<# / h-h / ˈɪ-ˈœː / ə-ɐ / ∅-n / #>-#>
[2/4] <#-<# / h-h / ˈɪ-ˈœː / ə-ɐ / #>-n_#>

-------------------

/jˈeləʊ̯/ - /xˈɪɛ̯l/
[4/4] <#-<# / j-x / ˈe-ˈɪɛ̯ / l-l / əʊ̯-∅ / #>-#>

-------------------

/jˈɐŋ/ - /jˈʊŋ/
[4/4] <#-<# / j-j / ˈɐ-ˈʊ / ŋ-ŋ / #>-#>

-------------------

/jˈɪə/ - /jˈɔːɐ/
[4/4] <#-<# / j-j / ˈɪ-ˈɔː / ə-ɐ / #>-#>

-------------------

/kʰwˈiːn/ - /frˈaʊ̯/
[3/5] <#-<# / kʰ-f / w-r / ˈiː-ˈaʊ̯ / n_#>-#>
[2/5] <#-<# / kʰ-f / w-r / ˈiː-ˈaʊ̯ / n-∅ / #>-#>

-------------------

/kʰˈaʊ̯/ - /kˈaʊ̯/
[2/2] <#-<# / kʰ-k / ˈaʊ̯-ˈaʊ̯ / #>-#>

-------------------

/kʰˈɑːf/ - /kˈalf/
[4/4] <#-<# / kʰ-k / ˈɑː-ˈa / ∅-l / f-f / #>-#>

-------------------

/kʰˈəʊ̯ɫd/ - /kˈɔlt/
[4/4] <#-<# / kʰ-k / ˈəʊ̯-ˈɔ / ɫ-l / d-t / #>-#>

-------------------

/lˈiːp/ - /lˈaʊ̯pn̩/
[3/5] <#-<# / l-l / ˈiː-ˈaʊ̯ / p-p / #>-n_#>
[2/5] <#-<# / l-l / ˈiː-ˈaʊ̯ / p-p / ∅-n / #>-#>

-------------------

/lˈæm/ - /lˈam/
[4/4] <#-<# / l-l / ˈæ-ˈa / m-m / #>-#>

-------------------

/lˈænd/ - /lˈand/
[4/4] <#-<# / l-l / ˈæ-ˈa / n-n / d-d / #>-#>

-------------------

/lˈɑːf/ - /lˈaxn̩/
[3/5] <#-<# / l-l / ˈɑː-ˈa / f-x / #>-n_#>
[2/5] <#-<# / l-l / ˈɑː-ˈa / f-x / ∅-n / #>-#>

-------------------

/lˈɒŋ/ - /lˈaŋ/
[4/4] <#-<# / l-l / ˈɒ-ˈa / ŋ-ŋ / #>-#>

-------------------

/mˈaɪ̯t/ - /mˈaxt/
[1/1] <#-<# / m-m / ˈaɪ̯-ˈa / t-x_t / #>-#>

-------------------

/mˈaʊ̯s/ - /mˈʊs/
[5/5] <#-<# / m-m / ˈaʊ̯-ˈʊ / s-s / #>-#>

-------------------

/mˈaʊ̯θ/ - /mˈuːl/
[3/3] <#-<# / m-m / ˈaʊ̯-ˈuː / θ-l / #>-#>

-------------------

/mˈaʊ̯θ/ - /mˈʊnd/
[1/1] <#-<# / m-m / ˈaʊ̯-ˈʊ / ∅-n / θ-d / #>-#>

-------------------

/mˈiː/ - /mˈiː/
[5/5] <#-<# / m-m / ˈiː-ˈiː / #>-#>

-------------------

/mˈuːn/ - /mˈɔːnd/
[3/3] <#-<# / m-m / ˈuː-ˈɔː / n-n / ∅-d / #>-#>

-------------------

/mˈæn/ - /mˈan/
[4/4] <#-<# / m-m / ˈæ-ˈa / n-n / #>-#>

-------------------

/mˈɐðə/ - /mˈoːdɐ/
[2/2] <#-<# / m-m / ˈɐ-ˈoː / ð-d / ə-ɐ / #>-#>

-------------------

/mˈɪɫk/ - /mˈɪɛ̯lk/
[3/3] <#-<# / m-m / ˈɪ-ˈɪɛ̯ / ɫ-l / k-k / #>-#>

-------------------

/njˈuː/ - /nˈiː/
[5/5] <#-<# / n-n / j-ˈiː / ˈuː-∅ / #>-#>

-------------------

/nˈaɪ̯n/ - /nˈɪə̯ɣn̩/
[5/5] <#-<# / n-n / ˈaɪ̯-ˈɪə̯ / ∅-ɣ / n-n / #>-#>

-------------------

/nˈeɪ̯m/ - /nˈɔːmə/
[2/3] <#-<# / n-n / ˈeɪ̯-ˈɔː / m-m / ∅-ə / #>-#>
[1/3] <#-<# / n-n / ˈeɪ̯-ˈɔː / m-m / #>-ə_#>

-------------------

/nˈeɪ̯ɫ/ - /nˈaːɡl̩/
[4/4] <#-<# / n-n / ˈeɪ̯-ˈaː / ∅-ɡ / ɫ-l / #>-#>

-------------------

/nˈiː/ - /knˈaɪ̯/
[3/3] <#-<# / ∅-k / n-n / ˈiː-ˈaɪ̯ / #>-#>

-------------------

/nˈiːdɫ̩/ - /nˈɔːdl̩/
[5/5] <#-<# / n-n / ˈiː-ˈɔː / d-d / ɫ-l / #>-#>

-------------------

/nˈəʊ̯z/ - /nˈɪə̯sə/
[3/5] <#-<# / n-n / ˈəʊ̯-ˈɪə̯ / z-s / #>-ə_#>
[2/5] <#-<# / n-n / ˈəʊ̯-ˈɪə̯ / z-s / ∅-ə / #>-#>

-------------------

/slˈeɪ̯/ - /ʃlˈɔːn/
[3/5] <#-<# / s-ʃ / l-l / ˈeɪ̯-ˈɔː / #>-n_#>
[2/5] <#-<# / s-ʃ / l-l / ˈeɪ̯-ˈɔː / ∅-n / #>-#>

-------------------

/slˈiːp/ - /ʃlˈɔːbm̩/
[3/3] <#-<# / s-ʃ / l-l / ˈiː-ˈɔː / p-b / ∅-m / #>-#>

-------------------

/snˈəʊ̯/ - /ʃnˈaɪ̯/
[5/5] <#-<# / s-ʃ / n-n / ˈəʊ̯-ˈaɪ̯ / #>-#>

-------------------

/spˈiːʧ/ - /ʃprˈɔːk/
[5/5] <#-<# / s-ʃ / p-p / ∅-r / ˈiː-ˈɔː / ʧ-k / #>-#>

-------------------

/stˈuːɫ/ - /ʃtˈoːl/
[5/5] <#-<# / s-ʃ / t-t / ˈuː-ˈoː / ɫ-l / #>-#>

-------------------

/stˈɑː/ - /ʃtˈɛːn/
[2/4] <#-<# / s-ʃ / t-t / ˈɑː-ˈɛː / ∅-n / #>-#>
[2/4] <#-<# / s-ʃ / t-t / ˈɑː-ˈɛː / #>-n_#>

-------------------

/stˈɔːm/ - /ʃtˈuːə̯m/
[3/3] <#-<# / s-ʃ / t-t / ˈɔː-ˈuːə̯ / m-m / #>-#>

-------------------

/stˈəʊ̯n/ - /ʃtˈeːn/
[5/5] <#-<# / s-ʃ / t-t / ˈəʊ̯-ˈeː / n-n / #>-#>

-------------------

/swˈaɪ̯n/ - /ʃwˈiːn/
[4/4] <#-<# / s-ʃ / w-w / ˈaɪ̯-ˈiː / n-n / #>-#>

-------------------

/swˈiːt/ - /sˈøːt/
[4/4] <#-<# / s-s / w-∅ / ˈiː-ˈøː / t-t / #>-#>

-------------------

/swˈɔːt/ - /ʃwˈat/
[5/5] <#-<# / s-ʃ / w-w / ˈɔː-ˈa / t-t / #>-#>

-------------------

/swˈɪm/ - /ʃwˈɛm/
[5/5] <#-<# / s-ʃ / w-w / ˈɪ-ˈɛ / m-m / #>-#>

-------------------

/sˈaɪ̯d/ - /sˈiːt/
[2/2] <#-<# / s-s / ˈaɪ̯-ˈiː / d-t / #>-#>

-------------------

/sˈevən/ - /sˈɪə̯vn̩/
[3/3] <#-<# / s-s / ˈe-ˈɪə̯ / v-v / ə-∅ / n-n / #>-#>

-------------------

/sˈeɪ̯/ - /sˈɛɡn̩/
[2/2] <#-<# / s-s / ˈeɪ̯-ˈɛ / ∅-ɡ / #>-n_#>

-------------------

/sˈiː/ - /sˈaɪ̯n/
[2/4] <#-<# / s-s / ˈiː-ˈaɪ̯ / ∅-n / #>-#>
[2/4] <#-<# / s-s / ˈiː-ˈaɪ̯ / #>-n_#>

-------------------

/sˈænd/ - /sˈand/
[4/4] <#-<# / s-s / ˈæ-ˈa / n-n / d-d / #>-#>

-------------------

/sˈɐn/ - /sˈuːə̯n/
[4/4] <#-<# / s-s / ˈɐ-ˈuːə̯ / n-n / #>-#>

-------------------

/sˈɒɫt/ - /sˈɔlt/
[5/5] <#-<# / s-s / ˈɒ-ˈɔ / ɫ-l / t-t / #>-#>

-------------------

/sˈəʊ̯l/ - /sˈɪɛ̯l/
[3/3] <#-<# / s-s / ˈəʊ̯-ˈɪɛ̯ / l-l / #>-#>

-------------------

/sˈɪks/ - /sˈɛs/
[2/3] <#-<# / s-s / ˈɪ-ˈɛ / k-∅ / s-s / #>-#>
[1/3] <#-<# / s-s / ˈɪ-ˈɛ / k_s-s / #>-#>

-------------------

/sˈɪstə/ - /sˈʏstɐ/
[4/4] <#-<# / s-s / ˈɪ-ˈʏ / s-s / t-t / ə-ɐ / #>-#>

-------------------

/sˈɪt/ - /sˈɪtn̩/
[2/4] <#-<# / s-s / ˈɪ-ˈɪ / t-t / ∅-n / #>-#>
[2/4] <#-<# / s-s / ˈɪ-ˈɪ / t-t / #>-n_#>

-------------------

/sˈɪŋ/ - /sˈɪŋ/
[5/5] <#-<# / s-s / ˈɪ-ˈɪ / ŋ-ŋ / #>-#>

-------------------

/tʰwˈentɪ/ - /twˈɪntɪç/
[2/3] <#-<# / tʰ-t / w-w / ˈe-ˈɪ / n-n / t-t / ɪ-ɪ / ∅-ç / #>-#>
[1/3] <#-<# / tʰ-t / w-w / ˈe-ˈɪ / n-n / t-t / ɪ-ɪ / #>-ç_#>

-------------------

/tʰwˈeɫv/ - /tvˈiɛ̯lf/
[4/4] <#-<# / tʰ-t / w-v / ˈe-ˈiɛ̯ / ɫ-l / v-f / #>-#>

-------------------

/tʰˈaɪ̯d/ - /tˈiːt/
[5/5] <#-<# / tʰ-t / ˈaɪ̯-ˈiː / d-t / #>-#>

-------------------

/tʰˈen/ - /tˈaɪ̯n/
[5/5] <#-<# / tʰ-t / ˈe-ˈaɪ̯ / n-n / #>-#>

-------------------

/tʰˈuː/ - /twˈeː/
[4/4] <#-<# / tʰ-t / ∅-w / ˈuː-ˈeː / #>-#>

-------------------

/tʰˈuːθ/ - /tˈan/
[3/4] <#-<# / tʰ-t / ˈuː-ˈa / θ-∅ / #>-n_#>
[1/4] <#-<# / tʰ-t / ˈuː-ˈa / θ-∅ / ∅-n / #>-#>

-------------------

/tʰˈɐŋ/ - /tˈʊŋə/
[3/5] <#-<# / tʰ-t / ˈɐ-ˈʊ / ŋ-ŋ / #>-ə_#>
[2/5] <#-<# / tʰ-t / ˈɐ-ˈʊ / ŋ-ŋ / ∅-ə / #>-#>

-------------------

/wˈaɪ̯f/ - /wˈiːf/
[4/4] <#-<# / w-w / ˈaɪ̯-ˈiː / f-f / #>-#>

-------------------

/wˈaɪ̯t/ - /wˈɪt/
[3/3] <#-<# / w-w / ˈaɪ̯-ˈɪ / t-t / #>-#>

-------------------

/wˈeðə/ - /wˈɪɛ̯ɐ/
[5/5] <#-<# / w-w / ˈe-ˈɪɛ̯ / ð-∅ / ə-ɐ / #>-#>

-------------------

/wˈeɪ̯/ - /wˈɛç/
[2/3] <#-<# / w-w / ˈeɪ̯-ˈɛ / #>-ç_#>
[1/3] <#-<# / w-w / ˈeɪ̯-ˈɛ / ∅-ç / #>-#>

-------------------

/wˈiː/ - /vˈiː/
[5/5] <#-<# / w-v / ˈiː-ˈiː / #>-#>

-------------------

/wˈɐn/ - /ˈeːn/
[4/4] <#-<# / w-∅ / ˈɐ-ˈeː / n-n / #>-#>

-------------------

/wˈɒt/ - /wˈat/
[5/5] <#-<# / w-w / ˈɒ-ˈa / t-t / #>-#>

-------------------

/wˈɔːm/ - /wˈaːm/
[5/5] <#-<# / w-w / ˈɔː-ˈaː / m-m / #>-#>

-------------------

/wˈɔːtə/ - /wˈaːtɐ/
[4/4] <#-<# / w-w / ˈɔː-ˈaː / t-t / ə-ɐ / #>-#>

-------------------

/wˈɜːd/ - /wˈɔːd/
[4/4] <#-<# / w-w / ˈɜː-ˈɔː / d-d / #>-#>

-------------------

/wˈɜːm/ - /wˈuːə̯m/
[4/4] <#-<# / w-w / ˈɜː-ˈuːə̯ / m-m / #>-#>

-------------------

/wˈɪnd/ - /wˈɪnd/
[4/4] <#-<# / w-w / ˈɪ-ˈɪ / n-n / d-d / #>-#>

-------------------

/wˈɪt/ - /wˈiə̯tn̩/
[3/5] <#-<# / w-w / ˈɪ-ˈiə̯ / t-t / #>-n_#>
[2/5] <#-<# / w-w / ˈɪ-ˈiə̯ / t-t / ∅-n / #>-#>

-------------------

/wˈɪʃ/ - /wˈʏnʃkn̩/
[1/2] <#-<# / w-w / ˈɪ-ˈʏ / ∅-n / ʃ-ʃ / ∅-k / ∅-n / #>-#>
[1/2] <#-<# / w-w / ˈɪ-ˈʏ / ∅-n / ʃ-ʃ / ∅-k / #>-n_#>

-------------------

/wˈʊɫ/ - /wˈʊlə/
[2/3] <#-<# / w-w / ˈʊ-ˈʊ / ɫ-l / #>-ə_#>
[1/3] <#-<# / w-w / ˈʊ-ˈʊ / ɫ-l / ∅-ə / #>-#>

-------------------

/wˈʊɫf/ - /wˈʊlf/
[3/3] <#-<# / w-w / ˈʊ-ˈʊ / ɫ-l / f-f / #>-#>

-------------------

/ðˈaʊ̯/ - /dˈuː/
[4/4] <#-<# / ð-d / ˈaʊ̯-ˈuː / #>-#>

-------------------

/ɡɹˈeɪ̯t/ - /xrˈaʊ̯t/
[5/5] <#-<# / ɡ-x / ɹ-r / ˈeɪ̯-ˈaʊ̯ / t-t / #>-#>

-------------------

/ɡɹˈiːn/ - /xrˈøːn/
[3/3] <#-<# / ɡ-x / ɹ-r / ˈiː-ˈøː / n-n / #>-#>

-------------------

/ɡɹˈɑːs/ - /xrˈɛːs/
[3/3] <#-<# / ɡ-x / ɹ-r / ˈɑː-ˈɛː / s-s / #>-#>

-------------------

/ɡˈuːs/ - /xˈaʊ̯s/
[3/3] <#-<# / ɡ-x / ˈuː-ˈaʊ̯ / s-s / #>-#>

-------------------

/ɡˈɒd/ - /xˈuːə̯d/
[5/5] <#-<# / ɡ-x / ˈɒ-ˈuːə̯ / d-d / #>-#>

-------------------

/ɡˈəʊ̯st/ - /xˈeːst/
[5/5] <#-<# / ɡ-x / ˈəʊ̯-ˈeː / s-s / t-t / #>-#>

-------------------

/ɡˈəʊ̯ɫd/ - /xˈʏld/
[2/2] <#-<# / ɡ-x / ˈəʊ̯-ˈʏ / ɫ-l / d-d / #>-#>

-------------------

/ɡˈʊd/ - /xˈuə̯t/
[5/5] <#-<# / ɡ-x / ˈʊ-ˈuə̯ / d-t / #>-#>

-------------------

/ɪlˈevən/ - /ˈɛlvə/
[2/4] <#-<# / ɪ-ˈɛ / l-l / ˈe-∅ / v-v / ə-ə / n_#>-#>
[2/4] <#-<# / ɪ-ˈɛ / l-l / ˈe-∅ / v-v / ə-ə / n-∅ / #>-#>

-------------------

/ɫˈaɪ̯t/ - /lˈɛç/
[2/2] <#-<# / ɫ-l / ˈaɪ̯-ˈɛ / t-ç / #>-#>

-------------------

/ɫˈaɪ̯t/ - /lˈɪç/
[5/5] <#-<# / ɫ-l / ˈaɪ̯-ˈɪ / t-ç / #>-#>

-------------------

/ɹˈaɪ̯t/ - /rˈɛçt/
[4/4] <#-<# / ɹ-r / ˈaɪ̯-ˈɛ / ∅-ç / t-t / #>-#>

-------------------

/ɹˈed/ - /rˈaʊ̯d/
[3/3] <#-<# / ɹ-r / ˈe-ˈaʊ̯ / d-d / #>-#>

-------------------

/ɹˈeɪ̯n/ - /rˈɪɛ̯ŋn̩/
[2/2] <#-<# / ɹ-r / ˈeɪ̯-ˈɪɛ̯ / ∅-ŋ / n-n / #>-#>

-------------------

/ɹˈiːk/ - /rˈaʊ̯k/
[4/4] <#-<# / ɹ-r / ˈiː-ˈaʊ̯ / k-k / #>-#>

-------------------

/ɹˈɪŋ/ - /rˈɪŋ/
[5/5] <#-<# / ɹ-r / ˈɪ-ˈɪ / ŋ-ŋ / #>-#>

-------------------

/ɹˈɪʧ/ - /rˈiːk/
[4/4] <#-<# / ɹ-r / ˈɪ-ˈiː / ʧ-k / #>-#>

-------------------

/ʃˈiːn/ - /ʃˈøːn/
[5/5] <#-<# / ʃ-ʃ / ˈiː-ˈøː / n-n / #>-#>

-------------------

/ʃˈiːp/ - /ʃˈɔːp/
[4/4] <#-<# / ʃ-ʃ / ˈiː-ˈɔː / p-p / #>-#>

-------------------

/ʃˈɑːp/ - /ʃˈaɐp/
[3/5] <#-<# / ʃ-ʃ / ˈɑː-ˈa_ɐ / p-p / #>-#>
[2/5] <#-<# / ʃ-ʃ / ˈɑː-ˈa / ∅-ɐ / p-p / #>-#>

-------------------

/ʃˈɪp/ - /ʃˈɪp/
[4/4] <#-<# / ʃ-ʃ / ˈɪ-ˈɪ / p-p / #>-#>

-------------------

/ʃˈɪt/ - /ʃˈiːtə/
[2/4] <#-<# / ʃ-ʃ / ˈɪ-ˈiː / t-t / ∅-ə / #>-#>
[2/4] <#-<# / ʃ-ʃ / ˈɪ-ˈiː / t-t / #>-ə_#>

-------------------

/ʧˈaɪ̯ɫd/ - /kˈɪnd/
[4/4] <#-<# / ʧ-k / ˈaɪ̯-ˈɪ / ɫ-n / d-d / #>-#>

-------------------

/ʧˈiːz/ - /kˈaɪ̯zə/
[3/5] <#-<# / ʧ-k / ˈiː-ˈaɪ̯ / z-z / #>-ə_#>
[2/5] <#-<# / ʧ-k / ˈiː-ˈaɪ̯ / z-z / ∅-ə / #>-#>

-------------------

/ʧˈɜːʧ/ - /kˈɪɛ̯k/
[5/5] <#-<# / ʧ-k / ˈɜː-ˈɪɛ̯ / ʧ-k / #>-#>

-------------------

/ʧˈɪkɪn/ - /kˈyːkn̩/
[5/5] <#-<# / ʧ-k / ˈɪ-ˈyː / k-k / ɪ-∅ / n-n / #>-#>

-------------------

/ˈaɪ̯/ - /ˈaʊ̯ɣə/
[3/3] <#-<# / ˈaɪ̯-ˈaʊ̯ / ∅-ɣ / #>-ə_#>

-------------------

/ˈaɪ̯/ - /ˈɪk/
[1/1] <#-<# / ˈaɪ̯-ˈɪ / #>-k_#>

-------------------

/ˈaɪ̯s/ - /ˈiːs/
[4/4] <#-<# / ˈaɪ̯-ˈiː / s-s / #>-#>

-------------------

/ˈaʊ̯l̩/ - /ˈuːl/
[4/4] <#-<# / ˈaʊ̯-ˈuː / l-l / #>-#>

-------------------

/ˈaʊ̯t/ - /ˈuːt/
[5/5] <#-<# / ˈaʊ̯-ˈuː / t-t / #>-#>

-------------------

/ˈeɪ̯p/ - /ˈaːpə/
[3/5] <#-<# / ˈeɪ̯-ˈaː / p-p / #>-ə_#>
[2/5] <#-<# / ˈeɪ̯-ˈaː / p-p / ∅-ə / #>-#>

-------------------

/ˈeɪ̯t/ - /ˈaxt/
[2/5] <#-<# / ˈeɪ̯-ˈa / ∅-x / t-t / #>-#>
[2/5] <#-<# / ˈeɪ̯-ˈa / t-x_t / #>-#>
[1/5] <#-<# / ˈeɪ̯-ˈa_x / t-t / #>-#>

-------------------

/ˈeʤ/ - /ˈɛk/
[3/3] <#-<# / ˈe-ˈɛ / ʤ-k / #>-#>

-------------------

/ˈiːt/ - /ˈɪɛ̯tn̩/
[2/2] <#-<# / ˈiː-ˈɪɛ̯ / t-t / #>-n_#>

-------------------

/ˈiːɫ/ - /ˈɔːl/
[4/4] <#-<# / ˈiː-ˈɔː / ɫ-l / #>-#>

-------------------

/ˈæpɫ̩/ - /ˈapl̩/
[5/5] <#-<# / ˈæ-ˈa / p-p / ɫ-l / #>-#>

-------------------

/ˈæʃ/ - /ˈaʃkə/
[3/5] <#-<# / ˈæ-ˈa / ʃ-ʃ / ∅-k / #>-ə_#>
[1/5] <#-<# / ˈæ-ˈa / ʃ-ʃ_k / ∅-ə / #>-#>
[1/5] <#-<# / ˈæ-ˈa / ʃ-ʃ / ∅-k / ∅-ə / #>-#>

-------------------

/ˈɐs/ - /ˈuːs/
[4/4] <#-<# / ˈɐ-ˈuː / s-s / #>-#>

-------------------

/ˈɐvn̩/ - /ˈuːə̯m/
[2/4] <#-<# / ˈɐ-ˈuːə̯ / v-m / n_#>-#>
[2/4] <#-<# / ˈɐ-ˈuːə̯ / v-m / n-∅ / #>-#>

-------------------

/ˈɐðə/ - /ˈɛnɐ/
[4/4] <#-<# / ˈɐ-ˈɛ / ð-n / ə-ɐ / #>-#>

-------------------

/ˈɑːm/ - /ˈaɐm/
[3/5] <#-<# / ˈɑː-ˈa_ɐ / m-m / #>-#>
[2/5] <#-<# / ˈɑː-ˈa / ∅-ɐ / m-m / #>-#>

-------------------

/ˈɔːɫ/ - /ˈalə/
[2/3] <#-<# / ˈɔː-ˈa / ɫ-l / #>-ə_#>
[1/3] <#-<# / ˈɔː-ˈa / ɫ-l / ∅-ə / #>-#>

-------------------

/ˈəʊ̯k/ - /ˈeːkə/
[2/4] <#-<# / ˈəʊ̯-ˈeː / k-k / ∅-ə / #>-#>
[2/4] <#-<# / ˈəʊ̯-ˈeː / k-k / #>-ə_#>

-------------------

/ˈəʊ̯və/ - /ˈyːœ̯vɐ/
[5/5] <#-<# / ˈəʊ̯-ˈyːœ̯ / v-v / ə-ɐ / #>-#>

-------------------

/ˈəʊ̯ɫd/ - /ˈɔlt/
[5/5] <#-<# / ˈəʊ̯-ˈɔ / ɫ-l / d-t / #>-#>

-------------------

/ˈɜːθ/ - /ˈɛːɐ/
[3/3] <#-<# / ˈɜː-ˈɛː / θ-∅ / ∅-ɐ / #>-#>

-------------------

/ˈɪn/ - /ˈɪn/
[4/4] <#-<# / ˈɪ-ˈɪ / n-n / #>-#>

-------------------

/ˈɪə/ - /ˈɔːɐ/
[4/4] <#-<# / ˈɪ-ˈɔː / ə-ɐ / #>-#>

-------------------

/θɹˈiː/ - /drˈaɪ̯/
[4/4] <#-<# / θ-d / ɹ-r / ˈiː-ˈaɪ̯ / #>-#>

-------------------

/θˈaʊ̯zn̩d/ - /dˈuːzn̩d/
[4/4] <#-<# / θ-d / ˈaʊ̯-ˈuː / z-z / n-n / d-d / #>-#>

-------------------

/θˈiːf/ - /dˈaɪ̯f/
[3/3] <#-<# / θ-d / ˈiː-ˈaɪ̯ / f-f / #>-#>

-------------------

/θˈæŋk/ - /dˈaŋkn̩/
[2/4] <#-<# / θ-d / ˈæ-ˈa / ŋ-ŋ / k-k / ∅-n / #>-#>
[2/4] <#-<# / θ-d / ˈæ-ˈa / ŋ-ŋ / k-k / #>-n_#>

-------------------

/θˈɐndə/ - /dˈʊnɐ/
[4/4] <#-<# / θ-d / ˈɐ-ˈʊ / n-n / d-∅ / ə-ɐ / #>-#>

-------------------

/θˈɔːn/ - /dˈœːn/
[2/2] <#-<# / θ-d / ˈɔː-ˈœː / n-n / #>-#>

-------------------

/θˈɪk/ - /dˈɪk/
[4/4] <#-<# / θ-d / ˈɪ-ˈɪ / k-k / #>-#>

-------------------

/θˈɪŋ/ - /dˈɪŋn/
[3/4] <#-<# / θ-d / ˈɪ-ˈɪ / ŋ-ŋ / #>-n_#>
[1/4] <#-<# / θ-d / ˈɪ-ˈɪ / ŋ-ŋ / ∅-n / #>-#>

-------------------

