/blˈeɪ̯d/ - /blˈat/
[4/4] b-b / l-l / ˈeɪ̯-ˈa / d-t

-------------------

/blˈuːm/ - /blˈʊm/
[5/5] b-b / l-l / ˈuː-ˈʊ / m-m

-------------------

/blˈɐd/ - /blˈʊt/
[5/5] b-b / l-l / ˈɐ-ˈʊ / d-t

-------------------

/bɹˈed/ - /bʀˈɔɪ̯t/
[5/5] b-b / ɹ-ʀ / ˈe-ˈɔɪ̯ / d-t

-------------------

/bɹˈest/ - /bʀˈʊst/
[4/5] b-b / ɹ-ʀ / ˈe-ˈʊ / s-s / t-t
[1/5] b-b / ɹ-ʀ / ˈe-ˈʊ / s-∅ / t-s / ∅-t

-------------------

/bɹˈɐðə/ - /bʀˈʊdəʀ/
[4/5] b-b / ɹ-ʀ / ˈɐ-ˈʊ / ð-d / ə-ə / ∅-ʀ
[1/5] b-b / ɹ-ʀ / ˈɐ-ˈʊ / ð-d / ə-ə / #>-ʀ_#>

-------------------

/bɹˈɪʤ/ - /bʀˈɪk/
[4/4] b-b / ɹ-ʀ / ˈɪ-ˈɪ / ʤ-k

-------------------

/bˈaɪ̯nd/ - /bˈɪndn̩/
[4/5] b-b / ˈaɪ̯-ˈɪ / n-n / d-d / ∅-n
[1/5] b-b / ˈaɪ̯-ˈɪ / n-n / d-d / #>-n_#>

-------------------

/bˈaɪ̯t/ - /bˈaɪ̯sn̩/
[2/2] b-b / ˈaɪ̯-ˈaɪ̯ / t-s / ∅-n

-------------------

/bˈetə/ - /bˈɛsəʀ/
[4/5] b-b / ˈe-ˈɛ / t-s / ə-ə / ∅-ʀ
[1/5] b-b / ˈe-ˈɛ / t-s / ə-ə / #>-ʀ_#>

-------------------

/bˈiː/ - /bˈɪn/
[4/5] b-b / ˈiː-ˈɪ / ∅-n
[1/5] b-b / ˈiː-ˈɪ / #>-n_#>

-------------------

/bˈiːm/ - /bˈɔɪ̯m/
[4/4] b-b / ˈiː-ˈɔɪ̯ / m-m

-------------------

/bˈæɹəʊ̯/ - /bˈaʀɡ/
[1/1] b-b / ˈæ-ˈa / ɹ-ʀ / əʊ̯-∅ / ∅-ɡ

-------------------

/bˈəʊ̯n/ - /bˈɛɪ̯n/
[4/4] b-b / ˈəʊ̯-ˈɛɪ̯ / n-n

-------------------

/bˈɛə/ - /bˈɛʀ/
[3/3] b-b / ˈɛ-ˈɛ / ə-ʀ

-------------------

/bˈʊk/ - /bˈʊχ/
[2/2] b-b / ˈʊ-ˈʊ / k-χ

-------------------

/dɹˈaɪ̯/ - /tʀˈʊkn̩/
[3/4] d-t / ɹ-ʀ / ˈaɪ̯-ˈʊ / ∅-k / ∅-n
[1/4] d-t / ɹ-ʀ / ˈaɪ̯-ˈʊ / ∅-k / #>-n_#>

-------------------

/dɹˈaɪ̯v/ - /tʀˈaɪ̯bn̩/
[3/4] d-t / ɹ-ʀ / ˈaɪ̯-ˈaɪ̯ / v-b / ∅-n
[1/4] d-t / ɹ-ʀ / ˈaɪ̯-ˈaɪ̯ / v-b / #>-n_#>

-------------------

/dɹˈiːm/ - /tʀˈɔɪ̯m/
[2/2] d-t / ɹ-ʀ / ˈiː-ˈɔɪ̯ / m-m

-------------------

/dɹˈiːm/ - /tʀˈɔɪ̯mən/
[3/4] d-t / ɹ-ʀ / ˈiː-ˈɔɪ̯ / m-m / ∅-ə / ∅-n
[1/4] d-t / ɹ-ʀ / ˈiː-ˈɔɪ̯ / m-m / ∅-ə / #>-n_#>

-------------------

/dɹˈɪŋk/ - /tʀˈɪŋkən/
[3/4] d-t / ɹ-ʀ / ˈɪ-ˈɪ / ŋ-ŋ / k-k / ∅-ə / ∅-n
[1/4] d-t / ɹ-ʀ / ˈɪ-ˈɪ / ŋ-ŋ / k-k / ∅-ə / #>-n_#>

-------------------

/dˈedlɪ/ - /tˈɔɪ̯tləχ/
[2/3] d-t / ˈe-ˈɔɪ̯ / d-t / l-l / ɪ-ə / ∅-χ
[1/3] d-t / ˈe-ˈɔɪ̯ / d-t / l-l / ɪ-ə / #>-χ_#>

-------------------

/dˈeɪ̯/ - /tˈɔɡ/
[4/5] d-t / ˈeɪ̯-ˈɔ / ∅-ɡ
[1/5] d-t / ˈeɪ̯-ˈɔ / #>-ɡ_#>

-------------------

/dˈeθ/ - /tˈɔɪ̯t/
[5/5] d-t / ˈe-ˈɔɪ̯ / θ-t

-------------------

/dˈiːp/ - /tˈɪf/
[4/4] d-t / ˈiː-ˈɪ / p-f

-------------------

/dˈɐv/ - /tˈɔɪ̯b/
[4/4] d-t / ˈɐ-ˈɔɪ̯ / v-b

-------------------

/dˈɔːtə/ - /tˈɔχtəʀ/
[4/5] d-t / ˈɔː-ˈɔ / t-χ / ∅-t / ə-ə / ∅-ʀ
[1/5] d-t / ˈɔː-ˈɔ / t-χ_t / ə-ə / #>-ʀ_#>

-------------------

/dˈɪə/ - /tˈaɪ̯əʀ/
[3/3] d-t / ˈɪ-ˈaɪ̯ / ə-ə / ∅-ʀ

-------------------

/flˈaɪ̯/ - /flˈɪən/
[4/4] f-f / l-l / ˈaɪ̯-ˈɪ / ∅-ə / ∅-n

-------------------

/flˈaɪ̯/ - /flˈɪɡ/
[3/4] f-f / l-l / ˈaɪ̯-ˈɪ / ∅-ɡ
[1/4] f-f / l-l / ˈaɪ̯-ˈɪ / #>-ɡ_#>

-------------------

/flˈeʃ/ - /flˈɛɪ̯ʃ/
[5/5] f-f / l-l / ˈe-ˈɛɪ̯ / ʃ-ʃ

-------------------

/fɹˈend/ - /fʀˈaɪ̯nd/
[4/4] f-f / ɹ-ʀ / ˈe-ˈaɪ̯ / n-n / d-d

-------------------

/fɹˈeʃ/ - /fʀˈɪʃ/
[4/4] f-f / ɹ-ʀ / ˈe-ˈɪ / ʃ-ʃ

-------------------

/fɹˈiː/ - /fʀˈaɪ̯/
[2/2] f-f / ɹ-ʀ / ˈiː-ˈaɪ̯

-------------------

/fɹˈiːz/ - /fʀˈɪʀn̩/
[3/3] f-f / ɹ-ʀ / ˈiː-ˈɪ / ∅-ʀ / z-n

-------------------

/fˈaɪ̯nd/ - /ɡəfˈɪnən/
[1/1] ∅-ɡ / ∅-ə / f-f / ˈaɪ̯-ˈɪ / n-n / ∅-ə / d-n

-------------------

/fˈaɪ̯v/ - /fˈɪnf/
[2/2] f-f / ˈaɪ̯-ˈɪ / ∅-n / v-f

-------------------

/fˈaɪ̯ə/ - /fˈaɪ̯əʀ/
[2/3] f-f / ˈaɪ̯-ˈaɪ̯ / ə-ə / ∅-ʀ
[1/3] f-f / ˈaɪ̯-ˈaɪ̯ / ə-ə / #>-ʀ_#>

-------------------

/fˈaʊ̯ɫ/ - /fˈɔɪ̯ɡl̩/
[1/1] f-f / ˈaʊ̯-ˈɔɪ̯ / ɫ-ɡ_l

-------------------

/fˈeðə/ - /fˈɛdəʀ/
[4/5] f-f / ˈe-ˈɛ / ð-d / ə-ə / ∅-ʀ
[1/5] f-f / ˈe-ˈɛ / ð-d / ə-ə / #>-ʀ_#>

-------------------

/fˈiːt/ - /fˈɪs/
[3/3] f-f / ˈiː-ˈɪ / t-s

-------------------

/fˈiːɫ/ - /fˈɪln̩/
[3/4] f-f / ˈiː-ˈɪ / ɫ-l / ∅-n
[1/4] f-f / ˈiː-ˈɪ / ɫ-l / #>-n_#>

-------------------

/fˈɑːðə/ - /fˈɔtəʀ/
[4/5] f-f / ˈɑː-ˈɔ / ð-t / ə-ə / ∅-ʀ
[1/5] f-f / ˈɑː-ˈɔ / ð-t / ə-ə / #>-ʀ_#>

-------------------

/fˈɒks/ - /fˈʊks/
[3/3] f-f / ˈɒ-ˈʊ / k-k / s-s

-------------------

/fˈɒləʊ̯/ - /fˈɔlɡn̩/
[4/4] f-f / ˈɒ-ˈɔ / l-l / ∅-ɡ / əʊ̯-n

-------------------

/fˈɔː/ - /fˈaʀ/
[4/5] f-f / ˈɔː-ˈa / ∅-ʀ
[1/5] f-f / ˈɔː-ˈa / #>-ʀ_#>

-------------------

/fˈɔː/ - /fˈɪʀ/
[5/5] f-f / ∅-ˈɪ / ˈɔː-ʀ

-------------------

/fˈəʊ̯k/ - /fˈɔlk/
[5/5] f-f / ˈəʊ̯-ˈɔ / ∅-l / k-k

-------------------

/fˈɪŋɡə/ - /fˈɪŋɡəʀ/
[3/4] f-f / ˈɪ-ˈɪ / ŋ-ŋ / ɡ-ɡ / ə-ə / ∅-ʀ
[1/4] f-f / ˈɪ-ˈɪ / ŋ-ŋ / ɡ-ɡ / ə-ə / #>-ʀ_#>

-------------------

/fˈɪʃ/ - /fˈɪʃ/
[4/4] f-f / ˈɪ-ˈɪ / ʃ-ʃ

-------------------

/fˈʊt/ - /fˈʊs/
[3/3] f-f / ˈʊ-ˈʊ / t-s

-------------------

/fˈʊɫ/ - /fˈʊl/
[3/3] f-f / ˈʊ-ˈʊ / ɫ-l

-------------------

/hˈaɪ̯/ - /hˈɔɪ̯χ/
[2/4] h-h / ˈaɪ̯-ˈɔɪ̯ / ∅-χ
[2/4] h-h / ˈaɪ̯-ˈɔɪ̯ / #>-χ_#>

-------------------

/hˈaɪ̯d/ - /hˈɔɪ̯t/
[4/4] h-h / ˈaɪ̯-ˈɔɪ̯ / d-t

-------------------

/hˈaʊ̯nd/ - /hˈʊnt/
[5/5] h-h / ˈaʊ̯-ˈʊ / n-n / d-t

-------------------

/hˈaʊ̯s/ - /hˈɔɪ̯z/
[5/5] h-h / ˈaʊ̯-ˈɔɪ̯ / s-z

-------------------

/hˈed/ - /hˈɔɪ̯pt/
[3/3] h-h / ˈe-ˈɔɪ̯ / ∅-p / d-t

-------------------

/hˈeɪ̯t/ - /hˈasn̩/
[3/4] h-h / ˈeɪ̯-ˈa / t-s / ∅-n
[1/4] h-h / ˈeɪ̯-ˈa / t-s / #>-n_#>

-------------------

/hˈeɫp/ - /hˈɛlfn̩/
[4/5] h-h / ˈe-ˈɛ / ɫ-l / p-f / ∅-n
[1/5] h-h / ˈe-ˈɛ / ɫ-l / p-f / #>-n_#>

-------------------

/hˈænd/ - /hˈant/
[3/3] h-h / ˈæ-ˈa / n-n / d-t

-------------------

/hˈæv/ - /hˈɔbn̩/
[3/3] h-h / ˈæ-ˈɔ / v-b / ∅-n

-------------------

/hˈɐnɪ/ - /hˈɔnɪk/
[4/5] h-h / ˈɐ-ˈɔ / n-n / ɪ-ɪ / ∅-k
[1/5] h-h / ˈɐ-ˈɔ / n-n / ɪ-ɪ / #>-k_#>

-------------------

/hˈɐŋɡə/ - /hˈʊŋɡəʀ/
[4/4] h-h / ˈɐ-ˈʊ / ŋ-ŋ / ɡ-ɡ / ə-ə / ∅-ʀ

-------------------

/hˈɑːf/ - /hˈalb/
[3/4] h-h / ˈɑː-ˈa / ∅-l / f-b
[1/4] h-h / ˈɑː-ˈa / f-l_b

-------------------

/hˈɑːt/ - /hˈaʀʦ/
[3/4] h-h / ˈɑː-ˈa / ∅-ʀ / t-ʦ
[1/4] h-h / ˈɑː-ˈa / t-ʀ_ʦ

-------------------

/hˈɒt/ - /hˈɛɪ̯s/
[5/5] h-h / ˈɒ-ˈɛɪ̯ / t-s

-------------------

/hˈɔːn/ - /hˈɔʀn/
[2/3] h-h / ˈɔː-ˈɔ / n-ʀ_n
[1/3] h-h / ˈɔː-ˈɔ / ∅-ʀ / n-n

-------------------

/hˈəʊ̯lɪ/ - /hˈɛɪ̯lɪk/
[3/4] h-h / ˈəʊ̯-ˈɛɪ̯ / l-l / ɪ-ɪ / ∅-k
[1/4] h-h / ˈəʊ̯-ˈɛɪ̯ / l-l / ɪ-ɪ / #>-k_#>

-------------------

/hˈəʊ̯m/ - /hˈɛɪ̯m/
[3/3] h-h / ˈəʊ̯-ˈɛɪ̯ / m-m

-------------------

/hˈɛə/ - /hˈɔz/
[5/5] h-h / ˈɛ-ˈɔ / ə-∅ / ∅-z

-------------------

/hˈɛə/ - /hˈɔʀ/
[4/4] h-h / ˈɛ-ˈɔ / ə-ʀ

-------------------

/hˈɪə/ - /hˈɛʀn/
[1/2] h-h / ˈɪ-ˈɛ / ə-ʀ / ∅-n
[1/2] h-h / ˈɪ-ˈɛ / ə-ʀ / #>-n_#>

-------------------

/jˈeləʊ̯/ - /ɡˈɛl/
[4/4] j-ɡ / ˈe-ˈɛ / l-l / əʊ̯-∅

-------------------

/jˈɐŋ/ - /jˈʊŋɡ/
[4/5] j-j / ˈɐ-ˈʊ / ŋ-ŋ / ∅-ɡ
[1/5] j-j / ˈɐ-ˈʊ / ŋ-ŋ / #>-ɡ_#>

-------------------

/jˈɪə/ - /jˈɔʀ/
[5/5] j-j / ˈɪ-ˈɔ / ə-ʀ

-------------------

/kʰˈaʊ̯/ - /kˈʊ/
[5/5] kʰ-k / ˈaʊ̯-ˈʊ

-------------------

/kʰˈɐm/ - /kˈʊmən/
[3/4] kʰ-k / ˈɐ-ˈʊ / m-m / ∅-ə / ∅-n
[1/4] kʰ-k / ˈɐ-ˈʊ / m-m / ∅-ə / #>-n_#>

-------------------

/kʰˈɑːf/ - /kˈalb/
[2/3] kʰ-k / ˈɑː-ˈa / ∅-l / f-b
[1/3] kʰ-k / ˈɑː-ˈa / f-l_b

-------------------

/kʰˈəʊ̯ɫd/ - /kˈalt/
[5/5] kʰ-k / ˈəʊ̯-ˈa / ɫ-l / d-t

-------------------

/kʰˈɪŋ/ - /kˈɛnɪɡ/
[5/5] kʰ-k / ˈɪ-ˈɛ / ∅-n / ∅-ɪ / ŋ-ɡ

-------------------

/lˈaʊ̯s/ - /lˈɔɪ̯z/
[4/4] l-l / ˈaʊ̯-ˈɔɪ̯ / s-z

-------------------

/lˈiːp/ - /lˈɔɪ̯fn̩/
[3/4] l-l / ˈiː-ˈɔɪ̯ / p-f / ∅-n
[1/4] l-l / ˈiː-ˈɔɪ̯ / p-f / #>-n_#>

-------------------

/lˈæm/ - /lˈam/
[3/3] l-l / ˈæ-ˈa / m-m

-------------------

/lˈænd/ - /lˈand/
[5/5] l-l / ˈæ-ˈa / n-n / d-d

-------------------

/lˈɑːf/ - /lˈaχn̩/
[3/4] l-l / ˈɑː-ˈa / f-χ / ∅-n
[1/4] l-l / ˈɑː-ˈa / f-χ / #>-n_#>

-------------------

/lˈɒŋ/ - /lˈaŋɡ/
[4/5] l-l / ˈɒ-ˈa / ŋ-ŋ / ∅-ɡ
[1/5] l-l / ˈɒ-ˈa / ŋ-ŋ / #>-ɡ_#>

-------------------

/lˈɪvə/ - /lˈɛbəʀ/
[3/4] l-l / ˈɪ-ˈɛ / v-b / ə-ə / ∅-ʀ
[1/4] l-l / ˈɪ-ˈɛ / v-b / ə-ə / #>-ʀ_#>

-------------------

/mˈaɪ̯s/ - /mˈaɪ̯z/
[3/3] m-m / ˈaɪ̯-ˈaɪ̯ / s-z

-------------------

/mˈaɪ̯t/ - /mˈaχt/
[3/4] m-m / ˈaɪ̯-ˈa / t-χ / ∅-t
[1/4] m-m / ˈaɪ̯-ˈa / t-χ / #>-t_#>

-------------------

/mˈaʊ̯s/ - /mˈɔɪ̯z/
[3/3] m-m / ˈaʊ̯-ˈɔɪ̯ / s-z

-------------------

/mˈaʊ̯θ/ - /mˈɔɪ̯l/
[4/4] m-m / ˈaʊ̯-ˈɔɪ̯ / θ-∅ / ∅-l

-------------------

/mˈen/ - /mˈɛnəʀ/
[3/4] m-m / ˈe-ˈɛ / n-n / ∅-ə / ∅-ʀ
[1/4] m-m / ˈe-ˈɛ / n-n / ∅-ə / #>-ʀ_#>

-------------------

/mˈiː/ - /mˈɪχ/
[2/4] m-m / ˈiː-ˈɪ / ∅-χ
[2/4] m-m / ˈiː-ˈɪ / #>-χ_#>

-------------------

/mˈæn/ - /mˈan/
[3/3] m-m / ˈæ-ˈa / n-n

-------------------

/mˈɐnθ/ - /mˈɔnat/
[4/4] m-m / ˈɐ-ˈɔ / n-n / ∅-a / θ-t

-------------------

/mˈɐðə/ - /mˈʊtəʀ/
[3/4] m-m / ˈɐ-ˈʊ / ð-t / ə-ə / ∅-ʀ
[1/4] m-m / ˈɐ-ˈʊ / ð-t / ə-ə / #>-ʀ_#>

-------------------

/mˈɪɫk/ - /mˈɪlχ/
[5/5] m-m / ˈɪ-ˈɪ / ɫ-l / k-χ

-------------------

/njˈuː/ - /nˈaɪ̯/
[3/3] n-n / j-ˈaɪ̯ / ˈuː-∅

-------------------

/nˈaɪ̯n/ - /nˈaɪ̯n/
[2/2] n-n / ˈaɪ̯-ˈaɪ̯ / n-n

-------------------

/nˈaɪ̯t/ - /nˈaχt/
[3/3] n-n / ˈaɪ̯-ˈa / t-χ / ∅-t

-------------------

/nˈeɪ̯kɪd/ - /nˈakɛt/
[3/3] n-n / ˈeɪ̯-ˈa / k-k / ɪ-ɛ / d-t

-------------------

/nˈeɪ̯m/ - /nˈɔmɛn/
[3/5] n-n / ˈeɪ̯-ˈɔ / m-m / ∅-ɛ / ∅-n
[1/5] n-n / ˈeɪ̯-ˈɔ / m-m_ɛ / ∅-n
[1/5] n-n / ˈeɪ̯-ˈɔ / m-m / ∅-ɛ / #>-n_#>

-------------------

/nˈeɪ̯ɫ/ - /nˈɔɡl̩/
[3/4] n-n / ˈeɪ̯-ˈɔ / ∅-ɡ / ɫ-l
[1/4] n-n / ˈeɪ̯-ˈɔ_ɡ / ɫ-l

-------------------

/nˈiː/ - /knˈɪ/
[5/5] ∅-k / n-n / ˈiː-ˈɪ

-------------------

/nˈiːdɫ̩/ - /nˈɔdl̩/
[3/3] n-n / ˈiː-ˈɔ / d-d / ɫ-l

-------------------

/nˈəʊ̯z/ - /nˈɔz/
[3/3] n-n / ˈəʊ̯-ˈɔ / z-z

-------------------

/pʰlˈaɪ̯t/ - /flˈɪχt/
[3/4] pʰ-f / l-l / ˈaɪ̯-ˈɪ / t-χ / ∅-t
[1/4] pʰ-f / l-l / ˈaɪ̯-ˈɪ / t-χ / #>-t_#>

-------------------

/slˈeɪ̯/ - /ʃlˈɔɡŋ̩/
[4/4] s-ʃ / l-l / ˈeɪ̯-ˈɔ / ∅-ɡ / ∅-ŋ

-------------------

/slˈiːp/ - /ʃlˈɔfn̩/
[3/4] s-ʃ / l-l / ˈiː-ˈɔ / p-f / ∅-n
[1/4] s-ʃ / l-l / ˈiː-ˈɔ / p-f / #>-n_#>

-------------------

/snˈəʊ̯/ - /ʃnˈɛɪ̯/
[4/4] s-ʃ / n-n / ˈəʊ̯-ˈɛɪ̯

-------------------

/stˈuːɫ/ - /ʃtˈʊl/
[5/5] s-ʃ / t-t / ˈuː-ˈʊ / ɫ-l

-------------------

/stˈɔːm/ - /ʃtˈʊʀɛm/
[3/4] s-ʃ / t-t / ∅-ˈʊ / ˈɔː-ʀ / ∅-ɛ / m-m
[1/4] s-ʃ / t-t / ∅-ˈʊ / ˈɔː-ʀ / m-ɛ_m

-------------------

/stˈəʊ̯n/ - /ʃtˈɛɪ̯n/
[4/4] s-ʃ / t-t / ˈəʊ̯-ˈɛɪ̯ / n-n

-------------------

/swˈiːt/ - /zˈɪs/
[5/5] s-z / w-∅ / ˈiː-ˈɪ / t-s

-------------------

/swˈɔːt/ - /ʃvˈaʀʦ/
[3/4] s-ʃ / w-v / ˈɔː-ˈa / ∅-ʀ / t-ʦ
[1/4] s-ʃ / w-v / ˈɔː-ˈa / t-ʀ_ʦ

-------------------

/swˈɪm/ - /ʃvˈɪmən/
[4/5] s-ʃ / w-v / ˈɪ-ˈɪ / m-m / ∅-ə / ∅-n
[1/5] s-ʃ / w-v / ˈɪ-ˈɪ / m-m / ∅-ə / #>-n_#>

-------------------

/sˈaɪ̯d/ - /zˈaɪ̯t/
[5/5] s-z / ˈaɪ̯-ˈaɪ̯ / d-t

-------------------

/sˈaʊ̯ə/ - /zˈɔɪ̯əʀ/
[2/3] s-z / ˈaʊ̯-ˈɔɪ̯ / ə-ə / ∅-ʀ
[1/3] s-z / ˈaʊ̯-ˈɔɪ̯ / ə-ə / #>-ʀ_#>

-------------------

/sˈevən/ - /zˈɪbn̩/
[5/5] s-z / ˈe-ˈɪ / v-b / ə-∅ / n-n

-------------------

/sˈeɪ̯/ - /zˈɔɡn̩/
[2/3] s-z / ˈeɪ̯-ˈɔ / ∅-ɡ / ∅-n
[1/3] s-z / ˈeɪ̯-ˈɔ_ɡ / #>-n_#>

-------------------

/sˈiː/ - /zˈɛn/
[2/3] s-z / ˈiː-ˈɛ / ∅-n
[1/3] s-z / ˈiː-ˈɛ / #>-n_#>

-------------------

/sˈiːk/ - /zˈʊχn̩/
[4/5] s-z / ˈiː-ˈʊ / k-χ / ∅-n
[1/5] s-z / ˈiː-ˈʊ / k-χ / #>-n_#>

-------------------

/sˈænd/ - /zˈamd/
[4/4] s-z / ˈæ-ˈa / n-m / d-d

-------------------

/sˈɐk/ - /zˈɔɪ̯ɡn̩/
[3/4] s-z / ˈɐ-ˈɔɪ̯ / k-ɡ / ∅-n
[1/4] s-z / ˈɐ-ˈɔɪ̯ / k-ɡ / #>-n_#>

-------------------

/sˈɐn/ - /zˈʊn/
[4/4] s-z / ˈɐ-ˈʊ / n-n

-------------------

/sˈɒɫt/ - /zˈalʦ/
[4/4] s-z / ˈɒ-ˈa / ɫ-l / t-ʦ

-------------------

/sˈɔːd/ - /ʃvˈɛʀd/
[4/5] s-ʃ / ∅-v / ∅-ˈɛ / ˈɔː-ʀ / d-d
[1/5] s-ʃ_v / ∅-ˈɛ / ˈɔː-ʀ / d-d

-------------------

/sˈɛɫf/ - /zˈɛlb/
[4/4] s-z / ˈɛ-ˈɛ / ɫ-l / f-b

-------------------

/sˈɪks/ - /zˈɛks/
[3/3] s-z / ˈɪ-ˈɛ / k-k / s-s

-------------------

/sˈɪstə/ - /ʃvˈɛstəʀ/
[3/4] s-ʃ / ∅-v / ˈɪ-ˈɛ / s-s / t-t / ə-ə / ∅-ʀ
[1/4] s-ʃ_v / ˈɪ-ˈɛ / s-s / t-t / ə-ə / #>-ʀ_#>

-------------------

/sˈɪt/ - /zˈɪʦn̩/
[2/3] s-z / ˈɪ-ˈɪ / t-ʦ / ∅-n
[1/3] s-z / ˈɪ-ˈɪ / t-ʦ / #>-n_#>

-------------------

/sˈɪŋ/ - /zˈɪŋɡn̩/
[3/4] s-z / ˈɪ-ˈɪ / ŋ-ŋ / ∅-ɡ / ∅-n
[1/4] s-z / ˈɪ-ˈɪ / ŋ-ŋ / ∅-ɡ / #>-n_#>

-------------------

/tʰwˈentɪ/ - /ʦvˈanʦɪk/
[3/4] tʰ-ʦ / w-v / ˈe-ˈa / n-n / t-ʦ / ɪ-ɪ / ∅-k
[1/4] tʰ-ʦ / w-v / ˈe-ˈa / n-n / t-ʦ / ɪ-ɪ / #>-k_#>

-------------------

/tʰwˈeɫv/ - /ʦvˈɛlf/
[4/4] tʰ-ʦ / w-v / ˈe-ˈɛ / ɫ-l / v-f

-------------------

/tʰˈaɪ̯d/ - /ʦˈaɪ̯t/
[5/5] tʰ-ʦ / ˈaɪ̯-ˈaɪ̯ / d-t

-------------------

/tʰˈen/ - /ʦˈɛn/
[4/4] tʰ-ʦ / ˈe-ˈɛ / n-n

-------------------

/tʰˈuː/ - /ʦvˈɛɪ̯/
[4/4] tʰ-ʦ / ∅-v / ˈuː-ˈɛɪ̯

-------------------

/tʰˈuːθ/ - /ʦˈɔn/
[2/3] tʰ-ʦ / ˈuː-ˈɔ / θ-∅ / ∅-n
[1/3] tʰ-ʦ / ˈuː-ˈɔ / θ-∅ / #>-n_#>

-------------------

/tʰˈɐŋ/ - /ʦˈʊŋɡ/
[3/4] tʰ-ʦ / ˈɐ-ˈʊ / ŋ-ŋ / ∅-ɡ
[1/4] tʰ-ʦ / ˈɐ-ˈʊ / ŋ-ŋ / #>-ɡ_#>

-------------------

/wˈaɪ̯f/ - /vˈaɪ̯b/
[5/5] w-v / ˈaɪ̯-ˈaɪ̯ / f-b

-------------------

/wˈaɪ̯t/ - /vˈaɪ̯s/
[5/5] w-v / ˈaɪ̯-ˈaɪ̯ / t-s

-------------------

/wˈepən/ - /vˈɔfn̩/
[5/5] w-v / ˈe-ˈɔ / p-f / ə-∅ / n-n

-------------------

/wˈeðə/ - /vˈɛtəʀ/
[3/4] w-v / ˈe-ˈɛ / ð-t / ə-ə / ∅-ʀ
[1/4] w-v / ˈe-ˈɛ / ð-t / ə-ə / #>-ʀ_#>

-------------------

/wˈeɪ̯/ - /vˈɛɡ/
[2/3] w-v / ˈeɪ̯-ˈɛ / ∅-ɡ
[1/3] w-v / ˈeɪ̯-ˈɛ / #>-ɡ_#>

-------------------

/wˈeɪ̯ɫ/ - /vˈal/
[4/4] w-v / ˈeɪ̯-ˈa / ɫ-l

-------------------

/wˈiːk/ - /vˈɔχ/
[3/3] w-v / ˈiː-ˈɔ / k-χ

-------------------

/wˈɐn/ - /ˈɛɪ̯n/
[2/4] w-∅ / ˈɐ-ˈɛɪ̯ / n-n
[2/4] <#_w-<# / ˈɐ-ˈɛɪ̯ / n-n

-------------------

/wˈɐndə/ - /vˈʊndəʀ/
[3/4] w-v / ˈɐ-ˈʊ / n-n / d-d / ə-ə / ∅-ʀ
[1/4] w-v / ˈɐ-ˈʊ / n-n / d-d / ə-ə / #>-ʀ_#>

-------------------

/wˈɒt/ - /vˈɔs/
[4/4] w-v / ˈɒ-ˈɔ / t-s

-------------------

/wˈɔːm/ - /vˈaʀɛm/
[3/5] w-v / ˈɔː-ˈa / ∅-ʀ / ∅-ɛ / m-m
[1/5] w-v / ˈɔː-ˈa_ʀ / ∅-ɛ / m-m
[1/5] w-v / ˈɔː-ˈa / ∅-ʀ / m-ɛ_m

-------------------

/wˈɔːtə/ - /vˈasəʀ/
[4/4] w-v / ˈɔː-ˈa / t-s / ə-ə / ∅-ʀ

-------------------

/wˈɜːd/ - /vˈɔʀt/
[2/5] w-v / ˈɜː-ˈɔ_ʀ / d-t
[2/5] w-v / ˈɜː-ˈɔ / ∅-ʀ / d-t
[1/5] w-v / ∅-ˈɔ / ˈɜː-ʀ / d-t

-------------------

/wˈɜːm/ - /vˈɔʀəm/
[2/5] w-v / ˈɜː-ˈɔ / ∅-ʀ / ∅-ə / m-m
[1/5] w-v / ∅-ˈɔ / ∅-ʀ / ˈɜː-ə / m-m
[1/5] w-v / ∅-ˈɔ / ˈɜː-ʀ / ∅-ə / m-m
[1/5] w-v / ˈɜː-ˈɔ_ʀ / ∅-ə / m-m

-------------------

/wˈɪnd/ - /vˈɪnt/
[3/3] w-v / ˈɪ-ˈɪ / n-n / d-t

-------------------

/wˈɪt/ - /vˈɪsn̩/
[3/3] w-v / ˈɪ-ˈɪ / t-s / ∅-n

-------------------

/wˈɪʃ/ - /vˈɪnʧn̩/
[4/5] w-v / ˈɪ-ˈɪ / ∅-n / ʃ-ʧ / ∅-n
[1/5] w-v / ˈɪ-ˈɪ / ∅-n / ʃ-ʧ / #>-n_#>

-------------------

/wˈʊɫ/ - /vˈɔl/
[4/4] w-v / ˈʊ-ˈɔ / ɫ-l

-------------------

/wˈʊɫf/ - /vˈɔlf/
[4/4] w-v / ˈʊ-ˈɔ / ɫ-l / f-f

-------------------

/ðˈaʊ̯/ - /dˈʊ/
[4/4] ð-d / ˈaʊ̯-ˈʊ

-------------------

/ɡɹˈeɪ̯t/ - /ɡʀˈɔɪ̯s/
[5/5] ɡ-ɡ / ɹ-ʀ / ˈeɪ̯-ˈɔɪ̯ / t-s

-------------------

/ɡɹˈiːn/ - /ɡʀˈɪn/
[4/4] ɡ-ɡ / ɹ-ʀ / ˈiː-ˈɪ / n-n

-------------------

/ɡɹˈɑːs/ - /ɡʀˈɔz/
[2/2] ɡ-ɡ / ɹ-ʀ / ˈɑː-ˈɔ / s-z

-------------------

/ɡˈuːs/ - /ɡˈandz/
[5/5] ɡ-ɡ / ˈuː-ˈa / ∅-n / ∅-d / s-z

-------------------

/ɡˈɒd/ - /ɡˈɔt/
[5/5] ɡ-ɡ / ˈɒ-ˈɔ / d-t

-------------------

/ɡˈəʊ̯/ - /ɡˈɛɪ̯n/
[4/5] ɡ-ɡ / ˈəʊ̯-ˈɛɪ̯ / ∅-n
[1/5] ɡ-ɡ / ˈəʊ̯-ˈɛɪ̯ / #>-n_#>

-------------------

/ɡˈəʊ̯ɫd/ - /ɡˈɔld/
[4/4] ɡ-ɡ / ˈəʊ̯-ˈɔ / ɫ-l / d-d

-------------------

/ɡˈʊd/ - /ɡˈʊt/
[5/5] ɡ-ɡ / ˈʊ-ˈʊ / d-t

-------------------

/ɪlˈevən/ - /ˈɛlf/
[2/2] ɪ-ˈɛ / l-l / ˈe-∅ / v-f / ə-∅ / n-∅

-------------------

/ɫˈaɪ̯t/ - /lˈaɪ̯χt/
[3/3] ɫ-l / ˈaɪ̯-ˈaɪ̯ / t-χ / ∅-t

-------------------

/ɫˈaɪ̯t/ - /ʎˈɪχt/
[3/4] ɫ-ʎ / ˈaɪ̯-ˈɪ / t-χ / ∅-t
[1/4] ɫ-ʎ / ˈaɪ̯-ˈɪ / t-χ / #>-t_#>

-------------------

/ɹˈaɪ̯t/ - /ʀˈɛχt/
[4/5] ɹ-ʀ / ˈaɪ̯-ˈɛ / t-χ / ∅-t
[1/5] ɹ-ʀ / ˈaɪ̯-ˈɛ / t-χ / #>-t_#>

-------------------

/ɹˈed/ - /ʀˈɔɪ̯t/
[3/3] ɹ-ʀ / ˈe-ˈɔɪ̯ / d-t

-------------------

/ɹˈeɪ̯n/ - /ʀˈɛɡn̩/
[3/4] ɹ-ʀ / ˈeɪ̯-ˈɛ / ∅-ɡ / n-n
[1/4] ɹ-ʀ / ˈeɪ̯-ˈɛ_ɡ / n-n

-------------------

/ɹˈiːk/ - /ʀˈɔɪ̯χ/
[5/5] ɹ-ʀ / ˈiː-ˈɔɪ̯ / k-χ

-------------------

/ɹˈɪŋ/ - /ʀˈɪŋɡ/
[2/2] ɹ-ʀ / ˈɪ-ˈɪ / ŋ-ŋ / ∅-ɡ

-------------------

/ɹˈɪʧ/ - /ʀˈaɪ̯χ/
[3/3] ɹ-ʀ / ˈɪ-ˈaɪ̯ / ʧ-χ

-------------------

/ʃˈiːld/ - /ʃˈɪld/
[5/5] ʃ-ʃ / ˈiː-ˈɪ / l-l / d-d

-------------------

/ʃˈiːn/ - /ʃˈɛɪ̯n/
[5/5] ʃ-ʃ / ˈiː-ˈɛɪ̯ / n-n

-------------------

/ʃˈiːp/ - /ʃˈɔf/
[4/4] ʃ-ʃ / ˈiː-ˈɔ / p-f

-------------------

/ʃˈuːt/ - /ʃˈɪsn̩/
[4/5] ʃ-ʃ / ˈuː-ˈɪ / t-s / ∅-n
[1/5] ʃ-ʃ / ˈuː-ˈɪ / t-s / #>-n_#>

-------------------

/ʃˈɑːp/ - /ʃˈaʀf/
[3/3] ʃ-ʃ / ˈɑː-ˈa / ∅-ʀ / p-f

-------------------

/ʃˈɪp/ - /ʃˈɪf/
[3/3] ʃ-ʃ / ˈɪ-ˈɪ / p-f

-------------------

/ʧˈaɪ̯ɫd/ - /kˈɪnd/
[2/4] ʧ-k / ˈaɪ̯-ˈɪ / ɫ-∅ / ∅-n / d-d
[2/4] ʧ-k / ˈaɪ̯-ˈɪ / ɫ-n / d-d

-------------------

/ʧˈiːz/ - /kˈɛz/
[5/5] ʧ-k / ˈiː-ˈɛ / z-z

-------------------

/ʧˈɜːʧ/ - /kˈɪʀχ/
[3/3] ʧ-k / ∅-ˈɪ / ˈɜː-ʀ / ʧ-χ

-------------------

/ˈaɪ̯/ - /ˈɔɪ̯ɡ/
[1/1] ˈaɪ̯-ˈɔɪ̯ / #>-ɡ_#>

-------------------

/ˈaɪ̯/ - /ˈɪχ/
[2/4] ˈaɪ̯-ˈɪ / ∅-χ
[2/4] ˈaɪ̯-ˈɪ / #>-χ_#>

-------------------

/ˈaɪ̯s/ - /ˈaɪ̯z/
[5/5] ˈaɪ̯-ˈaɪ̯ / s-z

-------------------

/ˈaʊ̯t/ - /ˈɔɪ̯s/
[5/5] ˈaʊ̯-ˈɔɪ̯ / t-s

-------------------

/ˈeɡ/ - /ˈɛɪ̯/
[2/2] ˈe-ˈɛɪ̯ / ɡ-∅

-------------------

/ˈeɪ̯p/ - /ˈafə/
[1/2] ˈeɪ̯-ˈa / p-f / ∅-ə
[1/2] ˈeɪ̯-ˈa / p-f / #>-ə_#>

-------------------

/ˈeɪ̯t/ - /ˈaχt/
[4/5] ˈeɪ̯-ˈa / t-χ / ∅-t
[1/5] ˈeɪ̯-ˈa / t-χ / #>-t_#>

-------------------

/ˈeʤ/ - /ˈɛk/
[5/5] ˈe-ˈɛ / ʤ-k

-------------------

/ˈiːt/ - /ˈɛsn̩/
[4/5] ˈiː-ˈɛ / t-s / ∅-n
[1/5] ˈiː-ˈɛ / t-s / #>-n_#>

-------------------

/ˈæpɫ̩/ - /ˈɛpəl/
[3/3] ˈæ-ˈɛ / p-p / ∅-ə / ɫ-l

-------------------

/ˈæʃ/ - /ˈaʃ/
[4/4] ˈæ-ˈa / ʃ-ʃ

-------------------

/ˈɐndə/ - /ˈʊntəʀ/
[3/4] ˈɐ-ˈʊ / n-n / d-t / ə-ə / ∅-ʀ
[1/4] ˈɐ-ˈʊ / n-n / d-t / ə-ə / #>-ʀ_#>

-------------------

/ˈɐp/ - /ˈɔɪ̯f/
[3/3] ˈɐ-ˈɔɪ̯ / p-f

-------------------

/ˈɐs/ - /ˈʊndz/
[5/5] ˈɐ-ˈʊ / ∅-n / ∅-d / s-z

-------------------

/ˈɐvn̩/ - /ˈɔɪ̯vn̩/
[3/3] ˈɐ-ˈɔɪ̯ / v-v / n-n

-------------------

/ˈɐðə/ - /ˈandəʀ/
[3/4] ˈɐ-ˈa / ∅-n / ð-d / ə-ə / ∅-ʀ
[1/4] ˈɐ-ˈa / ∅-n / ð-d / ə-ə / #>-ʀ_#>

-------------------

/ˈɑːm/ - /ˈɔʀəm/
[4/4] ˈɑː-ˈɔ / ∅-ʀ / ∅-ə / m-m

-------------------

/ˈɔːɫ/ - /ˈalə/
[4/5] ˈɔː-ˈa / ɫ-l / ∅-ə
[1/5] ˈɔː-ˈa / ɫ-l / #>-ə_#>

-------------------

/ˈəʊ̯və/ - /ˈibəʀ/
[3/4] ˈəʊ̯-ˈi / v-b / ə-ə / ∅-ʀ
[1/4] ˈəʊ̯-ˈi / v-b / ə-ə / #>-ʀ_#>

-------------------

/ˈəʊ̯ɫd/ - /ˈalt/
[5/5] ˈəʊ̯-ˈa / ɫ-l / d-t

-------------------

/ˈɜːθ/ - /ˈɛʀd/
[2/3] ˈɜː-ˈɛ / ∅-ʀ / θ-d
[1/3] ∅-ˈɛ / ˈɜː-ʀ / θ-d

-------------------

/ˈɪn/ - /ˈɪn/
[4/4] ˈɪ-ˈɪ / n-n

-------------------

/ˈɪə/ - /ˈɔɪ̯əʀ/
[4/5] ˈɪ-ˈɔɪ̯ / ə-ə / ∅-ʀ
[1/5] ˈɪ-ˈɔɪ̯ / ə-ə / #>-ʀ_#>

-------------------

/θɜːtˈiːn/ - /dʀˈaɪ̯ʦn̩/
[5/5] θ-d / ∅-ʀ / ɜː-ˈaɪ̯ / t-ʦ / ˈiː-∅ / n-n

-------------------

/θɹˈiː/ - /dʀˈaɪ̯/
[4/4] θ-d / ɹ-ʀ / ˈiː-ˈaɪ̯

-------------------

/θɹˈɐʧ/ - /dʀˈɪkn̩/
[3/4] θ-d / ɹ-ʀ / ˈɐ-ˈɪ / ʧ-k / ∅-n
[1/4] θ-d / ɹ-ʀ / ˈɐ-ˈɪ / ʧ-k / #>-n_#>

-------------------

/θˈaʊ̯zn̩d/ - /tˈɔɪ̯zn̩d/
[3/3] θ-t / ˈaʊ̯-ˈɔɪ̯ / z-z / n-n / d-d

-------------------

/θˈæŋk/ - /dˈaŋkən/
[3/4] θ-d / ˈæ-ˈa / ŋ-ŋ / k-k / ∅-ə / ∅-n
[1/4] θ-d / ˈæ-ˈa / ŋ-ŋ / k-k / ∅-ə / #>-n_#>

-------------------

/θˈɐndə/ - /dˈʊnəʀ/
[4/5] θ-d / ˈɐ-ˈʊ / n-n / d-∅ / ə-ə / ∅-ʀ
[1/5] θ-d / ˈɐ-ˈʊ / n-n / d-∅ / ə-ə / #>-ʀ_#>

-------------------

/θˈɔːn/ - /dˈɔʀn/
[2/4] θ-d / ˈɔː-ˈɔ / ∅-ʀ / n-n
[2/4] θ-d / ˈɔː-ˈɔ / n-ʀ_n

-------------------

/θˈɪk/ - /dˈɪk/
[4/4] θ-d / ˈɪ-ˈɪ / k-k

-------------------

/θˈɪn/ - /dˈɪn/
[5/5] θ-d / ˈɪ-ˈɪ / n-n

-------------------

