Same meaning pairs: 208
****SAMPLE 1****
Iteration 1
	Qualified: 160
	Disqualified: 172
	Added: 0
	Removed: 6
		hjerte /jˈɛɐtə/ - Hart /hˈaːt/
		hoved /hˈoːəð̞ˠ/ - Kopp /kʰˈɔp/
		træ /ʦʰʁˈeˀ/ - Bom /bˈaʊ̯m/
		kone /kʰˈoːnə/ - Fru /frˈuː/
		le /lˈeˀ/ - lachen /lˈaxn̩/
		elleve /ˈɛlʋə/ - elm /ˈɛlm/

Iteration 2
	Qualified: 160
	Disqualified: 172
	Added: 0
	Removed: 0

Final qualifying:
		bjørn /b̥jˈœˀɐn/ - Bor /bˈoːæ/
		bjerg /b̥jˈɛɐˀw/ - Barch /bˈaːx/
		blad /b̥lˈað̞ˠ/ - Blatt /blˈat/
		blod /b̥lˈoˀð̞ˠ/ - Blaut /blˈaʊ̯t/
		blomst /b̥lˈʌmˀst/ - Blaum /blˈaʊ̯m/
		bror /b̥ʁˈoɐ/ - Brauder /brˈaʊ̯ɾæ/
		bryst /b̥ʁˈœst/ - Bost /bˈɔst/
		brygge /b̥ʁˈœɡ̊ə/ - Brügg /brˈʏç/
		brød /b̥ʁˈœˀð̞ˠ/ - Brot /brˈaʊ̯t/
		bede /b̥ˈeˀ/ - bidden /bˈɪɾn̩/
		bog /b̥ˈoˀw/ - Bauk /bˈaʊ̯k/
		byde /b̥ˈyːð̞ˠə/ - beiden /bˈae̯dn̩/
		båd /b̥ˈɔˀð̞ˠ/ - Boot /bˈaʊ̯t/
		drøm /d̥ʁˈœˀm/ - Drom /drˈaʊ̯m/
		du /d̥ˈu/ - du /dˈuː/
		dyb /d̥ˈyˀb̥/ - deip /dˈae̯p/
		dyr /d̥ˈyˀɐ/ - Diert /dˈiːæt/
		dyr /d̥ˈyˀɐ/ - düer /dˈyːæ/
		dag /d̥ˈæˀj/ - Dach /dˈax/
		død /d̥ˈœˀð̞ˠ/ - Dod /dˈaʊ̯d/
		datter /d̥ˈɛtɐ/ - Dochter /dˈɔxtæ/
		fjer /fjˈeˀɐ/ - Fedder /fˈɛɾæ/
		flue /flˈuːə/ - Fleich /flˈae̯ç/
		frænde /fʁˈɑnə/ - Fründ /frˈʏnd/
		fisk /fˈesk/ - Fisch /fˈɪʃ/
		fuld /fˈulˀ/ - vull /fˈʊl/
		følge /fˈœlə/ - folgen /fˈɔlɡn̩/
		fødder /fˈœð̞ˠɐ/ - Fäut /fˈɔʏ̯t/
		far /fˈɑː/ - Vadder /fˈaɾæ/
		får /fˈɒˀ/ - Schåp /ʃˈɒːp/
		fem /fˈɛmˀ/ - fief /fˈiːf/
		hed /hˈeˀð̞ˠ/ - heit /hˈae̯t/
		horn /hˈoɐˀn/ - Huurn /hˈuːæn/
		hoved /hˈoːəð̞ˠ/ - Höft /hˈœft/
		hundrede /hˈunɐð̞ˠə/ - hunnert /hˈʊnæt/
		hund /hˈunˀ/ - Hund /hˈʊnd/
		hus /hˈuˀs/ - Hus /hˈuːs/
		hud /hˈuˀð̞ˠ/ - Hut /hˈuːt/
		høre /hˈøːɐ/ - hüren /hˈyːæn/
		høne /hˈœːnə/ - Henn /hˈɛn/
		hare /hˈɑːɐ/ - Hås /hˈɒːs/
		hellig /hˈɛli/ - hillig /hˈɪlɪç/
		her /hˈɛˀɐ/ - hier /hˈiːæ/
		have /hˈɛːw/ - hebben /hˈɛbm̩/
		honning /hˈʌneŋ/ - Honnig /hˈɔnɪç/
		hånd /hˈʌnˀ/ - Hand /hˈand/
		høj /hˈʌˀj/ - hoch /hˈaʊ̯x/
		jord /jˈoˀɐ/ - Ierd /ˈiːæ/
		jeg /jˈɑj/ - ik /ˈɪk/
		kvinde /kʰʋˈenə/ - Fru /frˈuː/
		kirke /kʰˈiɐkə/ - Kirch /kʰˈiːæç/
		ko /kʰˈoˀ/ - Kauh /kʰˈaʊ̯/
		kunne /kʰˈunə/ - kœnen /kʰˈœːn̩/
		kylling /kʰˈyleŋ/ - Küken /kʰˈyːkn̩/
		kalv /kʰˈɛlˀv/ - Kalf /kʰˈalf/
		kold /kʰˈʌlˀ/ - kolt /kʰˈaʊ̯lt/
		konge /kʰˈʌŋə/ - König /kʰˈøːnɪç/
		land /lˈanˀ/ - Land /lˈand/
		løbe /lˈøːb̥ə/ - lopen /lˈaʊ̯pn̩/
		løv /lˈœˀw/ - Lof /lˈoːf/
		lang /lˈɑŋˀ/ - lang /lˈaŋk/
		let /lˈɛt/ - licht /lˈɪç/
		mor /mˈoːɐ/ - Mauder /mˈaʊ̯ɾæ/
		mor /mˈoːɐ/ - Mudder /mˈʊɾæ/
		mus /mˈuˀs/ - Mus /mˈuːs/
		meg /mˈɑj/ - mi /mˈiː/
		mund /mˈɔnˀ/ - Mul /mˈuːl/
		mund /mˈɔnˀ/ - Mund /mˈʊnd/
		måne /mˈɔːnə/ - Månd /mˈɒːnd/
		mand /mˈɛnˀ/ - Mann /mˈan/
		navn /nˈawˀn/ - Nåm /nˈɒːm/
		ni /nˈiˀ/ - negen /nˈɛːɣn̩/
		nord /nˈoɐˀ/ - Nuurd /nˈuːæd/
		ny /nˈyˀ/ - niech /nˈiːç/
		negl /nˈɑjˀl/ - Någel /nˈɒːɡl̩/
		nål /nˈɔˀl/ - Nådel /nˈɒːdl̩/
		nat /nˈɛt/ - Nacht /nˈax/
		næse /nˈɛːsə/ - Näs /nˈɛːs/
		nøgen /nˈʌjən/ - nåkt /nˈɒːkt/
		skarp /skˈap/ - scharp /ʃˈaːp/
		skib /skˈiˀb̥/ - Schipp /ʃˈɪp/
		skid /skˈiˀð̞ˠ/ - Schiet /ʃˈiːt/
		slange /slˈɑŋə/ - Schlang /ʃlˈaŋ/
		slå /slˈɔˀ/ - schlån /ʃlˈɒːn/
		sne /snˈeˀ/ - Schnei /ʃnˈae̯/
		stjerne /stjˈæɐnə/ - Stiern /ʃtˈiːæn/
		sten /stˈeˀn/ - Stein /ʃtˈae̯n/
		stol /stˈoˀl/ - Stauhl /ʃtˈaʊ̯l/
		storm /stˈɔˀm/ - Sturm /ʃtˈuːæm/
		svin /sʋˈiˀn/ - Schwien /ʃwˈiːn/
		svømme /sʋˈœmə/ - schwemmen /ʃwˈɛm/
		sidde /sˈeð̞ˠə/ - sitten /zˈɪtn̩/
		se /sˈeː/ - seihn /zˈae̯n/
		side /sˈiːð̞ˠə/ - Siet /zˈiːt/
		sige /sˈiːə/ - seggen /zˈɛŋ/
		so /sˈoˀ/ - Sœch /zˈœːç/
		syv /sˈyˀw/ - sœben /zˈœːm/
		synge /sˈøŋə/ - singen /zˈɪŋ/
		søn /sˈœn/ - Sœhn /zˈœːn/
		søster /sˈœstɐ/ - Süster /sˈʏstæ/
		sød /sˈœˀð̞ˠ/ - säut /zˈɔʏ̯t/
		sove /sˈɒːw/ - schlåpen /ʃlˈɒːbm̩/
		græs /ɡ̊ʁˈas/ - Gras /ɡrˈaːs/
		grøn /ɡ̊ʁˈœˀn/ - gräun /jrˈɔʏ̯n/
		ged /ɡ̊ˈeˀð̞ˠ/ - Jitt /jˈɪt/
		give /ɡ̊ˈiˀ/ - gäben /jˈɛːbm̩/
		god /ɡ̊ˈoˀð̞ˠ/ - gaut /ɡˈaʊ̯t/
		guld /ɡ̊ˈulˀ/ - Gold /ɡˈɔld/
		gud /ɡ̊ˈuð̞ˠ/ - Gott /ɡˈɔt/
		gul /ɡ̊ˈuˀl/ - gäl /jˈɛl/
		gås /ɡ̊ˈɔˀs/ - Gaus /ɡˈaʊ̯s/
		gæst /ɡ̊ˈɛst/ - Gast /ɡˈas/
		ring /ʁˈeŋˀ/ - Ring /rˈɪŋ/
		rig /ʁˈiˀ/ - riek /rˈiːk/
		rød /ʁˈœˀð̞ˠ/ - rot /rˈaʊ̯t/
		regn /ʁˈɑjˀn/ - Rägen /rˈɛŋ/
		røg /ʁˈʌˀj/ - Rok /rˈaʊ̯k/
		vand /ʋˈanˀ/ - Wåter /vˈɒːtæ/
		vind /ʋˈenˀ/ - Wind /vˈɪnd/
		hvid /ʋˈiˀð̞ˠ/ - witt /vˈɪt/
		vide /ʋˈiːð̞ˠə/ - weiten /vˈae̯tn̩/
		vej /ʋˈɑˀj/ - Wech /vˈɛç/
		varm /ʋˈɑˀm/ - warm /vˈaːm/
		hval /ʋˈɛˀl/ - Wall /vˈal/
		vejr /ʋˈɛˀɐ/ - Wäder /vˈɛːɾæ/
		tid /ʦʰˈiˀð̞ˠ/ - Tiet /tʰˈiːt/
		tusind /ʦʰˈuˀsn̩/ - dusend /dˈuːzn̩d/
		tyk /ʦʰˈyk/ - dick /dˈɪk/
		tysk /ʦʰˈysk/ - düütsch /dˈyːtʃ/
		tyv /ʦʰˈyˀw/ - Deif /dˈae̯f/
		tyve /ʦʰˈyːw/ - twintig /tʰvˈɪntɪç/
		tynd /ʦʰˈønˀ/ - dünn /dˈʏn/
		tunge /ʦʰˈɔŋə/ - Tung /tʰˈʊŋ/
		tolv /ʦʰˈʌlˀ/ - twölf /tʰvˈœlf/
		tjørn /ʨˈœɐˀn/ - Duurn /dˈuːæn/
		anden /ˈanən/ - anner /ˈanæ/
		abe /ˈaːb̥ə/ - Åp /ˈɒːp/
		eg /ˈeˀj/ - Eik /ˈae̯k/
		en /ˈeˀn/ - ein /ˈae̯n/
		æg /ˈeˀɡ̊/ - Ei /ˈae̯/
		æg /ˈeˀɡ̊/ - Eck /ˈɛk/
		æble /ˈeːb̥lə/ - Appel /ˈapl̩/
		i /ˈiˀ/ - in /ˈɪn/
		is /ˈiˀs/ - Ies /ˈiːs/
		ord /ˈoɐˀ/ - Wuurt /vˈuːæt/
		orm /ˈoɐˀm/ - Worm /vˈoːæm/
		otte /ˈoːtə/ - acht /ˈaxt/
		over /ˈoːvɐ/ - œwer /ˈœːvæ/
		uld /ˈulˀ/ - Wull /vˈʊl/
		ud /ˈuˀð̞ˠ/ - ut /ˈuːt/
		ugle /ˈuːlə/ - Ul /ˈuːl/
		øre /ˈøːɐ/ - Uhr /ˈuːæ/
		ovn /ˈɒwˀn/ - Åben /ˈɒːm/
		ung /ˈɔŋˀ/ - jung /jˈʊŋk/
		år /ˈɔˀ/ - Johr /jˈoːæ/
		ål /ˈɔˀl/ - Ål /ˈɒːl/
		aske /ˈɛskə/ - Asch /ˈaʃ/
		æde /ˈɛːð̞ˠə/ - äten /ˈɛːtn̩/
		øje /ˈʌjə/ - Ooch /ˈaʊ̯x/
		os /ˈʌs/ - uns /ˈʊns/

Final disqualified:
		hoved /hˈoːəð̞ˠ/ - Kopp /kʰˈɔp/
		hjerte /jˈɛɐtə/ - Hart /hˈaːt/
		kone /kʰˈoːnə/ - Fru /frˈuː/
		le /lˈeˀ/ - lachen /lˈaxn̩/
		træ /ʦʰʁˈeˀ/ - Bom /bˈaʊ̯m/
		elleve /ˈɛlʋə/ - elm /ˈɛlm/


-------------------

****SAMPLE 2****
Iteration 1
	Qualified: 155
	Disqualified: 177
	Added: 0
	Removed: 11
		år /ˈɔˀ/ - Johr /jˈoːæ/
		hjerte /jˈɛɐtə/ - Hart /hˈaːt/
		hoved /hˈoːəð̞ˠ/ - Kopp /kʰˈɔp/
		træ /ʦʰʁˈeˀ/ - Bom /bˈaʊ̯m/
		kone /kʰˈoːnə/ - Fru /frˈuː/
		ulv /ˈulˀʋ/ - Wulf /vˈʊlf/
		bi /b̥ˈiˀ/ - Imm /ˈɪm/
		le /lˈeˀ/ - lachen /lˈaxn̩/
		kvinde /kʰʋˈenə/ - Fru /frˈuː/
		elleve /ˈɛlʋə/ - elm /ˈɛlm/
		aske /ˈɛskə/ - Asch /ˈaʃ/

Iteration 2
	Qualified: 156
	Disqualified: 176
	Added: 2
		ulv /ˈulˀʋ/ - Wulf /vˈʊlf/
		aske /ˈɛskə/ - Asch /ˈaʃ/
	Removed: 1
		bjerg /b̥jˈɛɐˀw/ - Barch /bˈaːx/

Iteration 3
	Qualified: 156
	Disqualified: 176
	Added: 1
		bjerg /b̥jˈɛɐˀw/ - Barch /bˈaːx/
	Removed: 1
		ulv /ˈulˀʋ/ - Wulf /vˈʊlf/

Iteration 4
	Qualified: 157
	Disqualified: 175
	Added: 1
		ulv /ˈulˀʋ/ - Wulf /vˈʊlf/
	Removed: 0

Iteration 5
	Qualified: 156
	Disqualified: 176
	Added: 0
	Removed: 1
		ulv /ˈulˀʋ/ - Wulf /vˈʊlf/

Final qualifying:
		bjørn /b̥jˈœˀɐn/ - Bor /bˈoːæ/
		bjerg /b̥jˈɛɐˀw/ - Barch /bˈaːx/
		blad /b̥lˈað̞ˠ/ - Blatt /blˈat/
		blod /b̥lˈoˀð̞ˠ/ - Blaut /blˈaʊ̯t/
		blomst /b̥lˈʌmˀst/ - Blaum /blˈaʊ̯m/
		bror /b̥ʁˈoɐ/ - Brauder /brˈaʊ̯ɾæ/
		bryst /b̥ʁˈœst/ - Bost /bˈɔst/
		brygge /b̥ʁˈœɡ̊ə/ - Brügg /brˈʏç/
		brød /b̥ʁˈœˀð̞ˠ/ - Brot /brˈaʊ̯t/
		bad /b̥ˈað̞ˠ/ - Bad /bˈaːd/
		bedre /b̥ˈeð̞ˠʁə/ - bäder /bˈɛːɾæ/
		bide /b̥ˈiːð̞ˠə/ - bieten /bˈiːtn̩/
		bog /b̥ˈoˀw/ - Bauk /bˈaʊ̯k/
		byde /b̥ˈyːð̞ˠə/ - beiden /bˈae̯dn̩/
		båd /b̥ˈɔˀð̞ˠ/ - Boot /bˈaʊ̯t/
		drikke /d̥ʁˈekə/ - drinken /drˈɪŋkn̩/
		drive /d̥ʁˈiːw/ - driewen /drˈiːm/
		drømme /d̥ʁˈœmə/ - drömen /drˈɔʏ̯m/
		drøm /d̥ʁˈœˀm/ - Drom /drˈaʊ̯m/
		du /d̥ˈu/ - du /dˈuː/
		dyb /d̥ˈyˀb̥/ - deip /dˈae̯p/
		dyr /d̥ˈyˀɐ/ - Diert /dˈiːæt/
		dag /d̥ˈæˀj/ - Dach /dˈax/
		datter /d̥ˈɛtɐ/ - Dochter /dˈɔxtæ/
		fjer /fjˈeˀɐ/ - Fedder /fˈɛɾæ/
		flyve /flˈyːw/ - flegen /flˈae̯ŋ/
		frisk /fʁˈesk/ - frisch /frˈɪʃ/
		frænde /fʁˈɑnə/ - Fründ /frˈʏnd/
		fisk /fˈesk/ - Fisch /fˈɪʃ/
		fire /fˈiːɐ/ - vier /fˈiːæ/
		fod /fˈoˀð̞ˠ/ - Faut /fˈaʊ̯t/
		fuld /fˈulˀ/ - vull /fˈʊl/
		fugl /fˈuˀl/ - Vågel /fˈɒːɡl̩/
		følge /fˈœlə/ - folgen /fˈɔlɡn̩/
		fødder /fˈœð̞ˠɐ/ - Fäut /fˈɔʏ̯t/
		far /fˈɑː/ - Vadder /fˈaɾæ/
		får /fˈɒˀ/ - Schåp /ʃˈɒːp/
		fem /fˈɛmˀ/ - fief /fˈiːf/
		hed /hˈeˀð̞ˠ/ - heit /hˈae̯t/
		horn /hˈoɐˀn/ - Huurn /hˈuːæn/
		hundrede /hˈunɐð̞ˠə/ - hunnert /hˈʊnæt/
		hus /hˈuˀs/ - Hus /hˈuːs/
		høre /hˈøːɐ/ - hüren /hˈyːæn/
		hare /hˈɑːɐ/ - Hås /hˈɒːs/
		her /hˈɛˀɐ/ - hier /hˈiːæ/
		have /hˈɛːw/ - hebben /hˈɛbm̩/
		honning /hˈʌneŋ/ - Honnig /hˈɔnɪç/
		hånd /hˈʌnˀ/ - Hand /hˈand/
		høj /hˈʌˀj/ - hoch /hˈaʊ̯x/
		jord /jˈoˀɐ/ - Ierd /ˈiːæ/
		jeg /jˈɑj/ - ik /ˈɪk/
		kirke /kʰˈiɐkə/ - Kirch /kʰˈiːæç/
		ko /kʰˈoˀ/ - Kauh /kʰˈaʊ̯/
		kylling /kʰˈyleŋ/ - Küken /kʰˈyːkn̩/
		kold /kʰˈʌlˀ/ - kolt /kʰˈaʊ̯lt/
		konge /kʰˈʌŋə/ - König /kʰˈøːnɪç/
		land /lˈanˀ/ - Land /lˈand/
		lus /lˈuˀs/ - Lus /lˈuːs/
		lys /lˈyˀs/ - Licht /lˈɪç/
		løbe /lˈøːb̥ə/ - lopen /lˈaʊ̯pn̩/
		lam /lˈɑmˀ/ - Lamm /lˈam/
		lang /lˈɑŋˀ/ - lang /lˈaŋk/
		mælk /mˈelˀk/ - Melk /mˈɛlk/
		menneske /mˈen̩skə/ - Minsch /mˈɪnʃ/
		mor /mˈoːɐ/ - Mudder /mˈʊɾæ/
		mus /mˈuˀs/ - Mus /mˈuːs/
		meg /mˈɑj/ - mi /mˈiː/
		mund /mˈɔnˀ/ - Mul /mˈuːl/
		mund /mˈɔnˀ/ - Mund /mˈʊnd/
		måne /mˈɔːnə/ - Månd /mˈɒːnd/
		navn /nˈawˀn/ - Nåm /nˈɒːm/
		ni /nˈiˀ/ - negen /nˈɛːɣn̩/
		nord /nˈoɐˀ/ - Nuurd /nˈuːæd/
		ny /nˈyˀ/ - niech /nˈiːç/
		nål /nˈɔˀl/ - Nådel /nˈɒːdl̩/
		skarp /skˈap/ - scharp /ʃˈaːp/
		skid /skˈiˀð̞ˠ/ - Schiet /ʃˈiːt/
		slange /slˈɑŋə/ - Schlang /ʃlˈaŋ/
		slå /slˈɔˀ/ - schlån /ʃlˈɒːn/
		stjerne /stjˈæɐnə/ - Stiern /ʃtˈiːæn/
		sten /stˈeˀn/ - Stein /ʃtˈae̯n/
		stol /stˈoˀl/ - Stauhl /ʃtˈaʊ̯l/
		storm /stˈɔˀm/ - Sturm /ʃtˈuːæm/
		svin /sʋˈiˀn/ - Schwien /ʃwˈiːn/
		svømme /sʋˈœmə/ - schwemmen /ʃwˈɛm/
		sand /sˈanˀ/ - Sand /zˈand/
		sidde /sˈeð̞ˠə/ - sitten /zˈɪtn̩/
		se /sˈeː/ - seihn /zˈae̯n/
		sige /sˈiːə/ - seggen /zˈɛŋ/
		sort /sˈoɐt/ - schwart /ʃwˈat/
		so /sˈoˀ/ - Sœch /zˈœːç/
		syv /sˈyˀw/ - sœben /zˈœːm/
		synge /sˈøŋə/ - singen /zˈɪŋ/
		søn /sˈœn/ - Sœhn /zˈœːn/
		søster /sˈœstɐ/ - Süster /sˈʏstæ/
		sød /sˈœˀð̞ˠ/ - säut /zˈɔʏ̯t/
		sove /sˈɒːw/ - schlåpen /ʃlˈɒːbm̩/
		seks /sˈɛks/ - söss /zˈœs/
		salt /sˈɛlˀt/ - Solt /zˈɔlt/
		grøn /ɡ̊ʁˈœˀn/ - gräun /jrˈɔʏ̯n/
		ged /ɡ̊ˈeˀð̞ˠ/ - Jitt /jˈɪt/
		god /ɡ̊ˈoˀð̞ˠ/ - gaut /ɡˈaʊ̯t/
		guld /ɡ̊ˈulˀ/ - Gold /ɡˈɔld/
		gud /ɡ̊ˈuð̞ˠ/ - Gott /ɡˈɔt/
		gås /ɡ̊ˈɔˀs/ - Gaus /ɡˈaʊ̯s/
		gæst /ɡ̊ˈɛst/ - Gast /ɡˈas/
		ret /ʁˈat/ - Recht /rˈɛçt/
		ring /ʁˈeŋˀ/ - Ring /rˈɪŋ/
		rød /ʁˈœˀð̞ˠ/ - rot /rˈaʊ̯t/
		regn /ʁˈɑjˀn/ - Rägen /rˈɛŋ/
		røg /ʁˈʌˀj/ - Rok /rˈaʊ̯k/
		hvad /ʋˈað̞ˠ/ - wat /vˈat/
		vind /ʋˈenˀ/ - Wind /vˈɪnd/
		we /ʋˈi/ - wi /vˈiː/
		hvid /ʋˈiˀð̞ˠ/ - witt /vˈɪt/
		vide /ʋˈiːð̞ˠə/ - weiten /vˈae̯tn̩/
		vej /ʋˈɑˀj/ - Wech /vˈɛç/
		varm /ʋˈɑˀm/ - warm /vˈaːm/
		hval /ʋˈɛˀl/ - Wall /vˈal/
		vejr /ʋˈɛˀɐ/ - Wäder /vˈɛːɾæ/
		tre /ʦʰʁˈɛˀ/ - drei /drˈae̯/
		tand /ʦʰˈanˀ/ - Tähn /tʰˈɛːn/
		ti /ʦʰˈiˀ/ - teihn /tʰˈae̯n/
		tid /ʦʰˈiˀð̞ˠ/ - Tiet /tʰˈiːt/
		tusind /ʦʰˈuˀsn̩/ - dusend /dˈuːzn̩d/
		tysk /ʦʰˈysk/ - düütsch /dˈyːtʃ/
		tynd /ʦʰˈønˀ/ - dünn /dˈʏn/
		tør /ʦʰˈœˀɐ/ - drööch /drˈøːç/
		takke /ʦʰˈɑkə/ - danken /dˈaŋkn̩/
		tunge /ʦʰˈɔŋə/ - Tung /tʰˈʊŋ/
		tolv /ʦʰˈʌlˀ/ - twölf /tʰvˈœlf/
		al /ˈal/ - all /ˈal/
		anden /ˈanən/ - anner /ˈanæ/
		abe /ˈaːb̥ə/ - Åp /ˈɒːp/
		eg /ˈeˀj/ - Eik /ˈae̯k/
		en /ˈeˀn/ - ein /ˈae̯n/
		æg /ˈeˀɡ̊/ - Ei /ˈae̯/
		æg /ˈeˀɡ̊/ - Eck /ˈɛk/
		ild /ˈilˀ/ - Füer /fˈyːæ/
		i /ˈiˀ/ - in /ˈɪn/
		is /ˈiˀs/ - Ies /ˈiːs/
		ord /ˈoɐˀ/ - Wuurt /vˈuːæt/
		orm /ˈoɐˀm/ - Worm /vˈoːæm/
		otte /ˈoːtə/ - acht /ˈaxt/
		uld /ˈulˀ/ - Wull /vˈʊl/
		ud /ˈuˀð̞ˠ/ - ut /ˈuːt/
		ugle /ˈuːlə/ - Ul /ˈuːl/
		ønske /ˈœnskə/ - wünschen /vˈʏnʃn̩/
		arm /ˈɑˀm/ - Arm /ˈaːm/
		ovn /ˈɒwˀn/ - Åben /ˈɒːm/
		ung /ˈɔŋˀ/ - jung /jˈʊŋk/
		ål /ˈɔˀl/ - Ål /ˈɒːl/
		aske /ˈɛskə/ - Asch /ˈaʃ/
		æde /ˈɛːð̞ˠə/ - äten /ˈɛːtn̩/
		øje /ˈʌjə/ - Ooch /ˈaʊ̯x/
		os /ˈʌs/ - uns /ˈʊns/

Final disqualified:
		bi /b̥ˈiˀ/ - Imm /ˈɪm/
		hoved /hˈoːəð̞ˠ/ - Kopp /kʰˈɔp/
		hjerte /jˈɛɐtə/ - Hart /hˈaːt/
		kvinde /kʰʋˈenə/ - Fru /frˈuː/
		kone /kʰˈoːnə/ - Fru /frˈuː/
		le /lˈeˀ/ - lachen /lˈaxn̩/
		træ /ʦʰʁˈeˀ/ - Bom /bˈaʊ̯m/
		ulv /ˈulˀʋ/ - Wulf /vˈʊlf/
		år /ˈɔˀ/ - Johr /jˈoːæ/
		elleve /ˈɛlʋə/ - elm /ˈɛlm/


-------------------

****SAMPLE 3****
Iteration 1
	Qualified: 154
	Disqualified: 178
	Added: 0
	Removed: 12
		år /ˈɔˀ/ - Johr /jˈoːæ/
		tyve /ʦʰˈyːw/ - twintig /tʰvˈɪntɪç/
		hjerte /jˈɛɐtə/ - Hart /hˈaːt/
		hoved /hˈoːəð̞ˠ/ - Kopp /kʰˈɔp/
		otte /ˈoːtə/ - acht /ˈaxt/
		træ /ʦʰʁˈeˀ/ - Bom /bˈaʊ̯m/
		kone /kʰˈoːnə/ - Fru /frˈuː/
		ulv /ˈulˀʋ/ - Wulf /vˈʊlf/
		bi /b̥ˈiˀ/ - Imm /ˈɪm/
		le /lˈeˀ/ - lachen /lˈaxn̩/
		kvinde /kʰʋˈenə/ - Fru /frˈuː/
		aske /ˈɛskə/ - Asch /ˈaʃ/

Iteration 2
	Qualified: 155
	Disqualified: 177
	Added: 2
		ulv /ˈulˀʋ/ - Wulf /vˈʊlf/
		aske /ˈɛskə/ - Asch /ˈaʃ/
	Removed: 1
		bjerg /b̥jˈɛɐˀw/ - Barch /bˈaːx/

Iteration 3
	Qualified: 155
	Disqualified: 177
	Added: 1
		bjerg /b̥jˈɛɐˀw/ - Barch /bˈaːx/
	Removed: 1
		ulv /ˈulˀʋ/ - Wulf /vˈʊlf/

Iteration 4
	Qualified: 156
	Disqualified: 176
	Added: 1
		ulv /ˈulˀʋ/ - Wulf /vˈʊlf/
	Removed: 0

Iteration 5
	Qualified: 155
	Disqualified: 177
	Added: 0
	Removed: 1
		ulv /ˈulˀʋ/ - Wulf /vˈʊlf/

Final qualifying:
		bjørn /b̥jˈœˀɐn/ - Bor /bˈoːæ/
		bjerg /b̥jˈɛɐˀw/ - Barch /bˈaːx/
		blad /b̥lˈað̞ˠ/ - Blatt /blˈat/
		blod /b̥lˈoˀð̞ˠ/ - Blaut /blˈaʊ̯t/
		blomst /b̥lˈʌmˀst/ - Blaum /blˈaʊ̯m/
		bror /b̥ʁˈoɐ/ - Brauder /brˈaʊ̯ɾæ/
		brygge /b̥ʁˈœɡ̊ə/ - Brügg /brˈʏç/
		brød /b̥ʁˈœˀð̞ˠ/ - Brot /brˈaʊ̯t/
		bad /b̥ˈað̞ˠ/ - Bad /bˈaːd/
		bedre /b̥ˈeð̞ˠʁə/ - bäder /bˈɛːɾæ/
		bog /b̥ˈoˀw/ - Bauk /bˈaʊ̯k/
		byde /b̥ˈyːð̞ˠə/ - beiden /bˈae̯dn̩/
		båd /b̥ˈɔˀð̞ˠ/ - Boot /bˈaʊ̯t/
		drive /d̥ʁˈiːw/ - driewen /drˈiːm/
		drøm /d̥ʁˈœˀm/ - Drom /drˈaʊ̯m/
		du /d̥ˈu/ - du /dˈuː/
		dyr /d̥ˈyˀɐ/ - Diert /dˈiːæt/
		dyr /d̥ˈyˀɐ/ - düer /dˈyːæ/
		dag /d̥ˈæˀj/ - Dach /dˈax/
		fjer /fjˈeˀɐ/ - Fedder /fˈɛɾæ/
		flue /flˈuːə/ - Fleich /flˈae̯ç/
		flyve /flˈyːw/ - flegen /flˈae̯ŋ/
		fryse /fʁˈyːsə/ - freren /frˈaɪ̯æn/
		frænde /fʁˈɑnə/ - Fründ /frˈʏnd/
		fisk /fˈesk/ - Fisch /fˈɪʃ/
		fire /fˈiːɐ/ - vier /fˈiːæ/
		fod /fˈoˀð̞ˠ/ - Faut /fˈaʊ̯t/
		fuld /fˈulˀ/ - vull /fˈʊl/
		fugl /fˈuˀl/ - Vågel /fˈɒːɡl̩/
		følge /fˈœlə/ - folgen /fˈɔlɡn̩/
		fødder /fˈœð̞ˠɐ/ - Fäut /fˈɔʏ̯t/
		far /fˈɑː/ - Vadder /fˈaɾæ/
		fem /fˈɛmˀ/ - fief /fˈiːf/
		hed /hˈeˀð̞ˠ/ - heit /hˈae̯t/
		hoved /hˈoːəð̞ˠ/ - Höft /hˈœft/
		hund /hˈunˀ/ - Hund /hˈʊnd/
		hus /hˈuˀs/ - Hus /hˈuːs/
		hud /hˈuˀð̞ˠ/ - Hut /hˈuːt/
		høre /hˈøːɐ/ - hüren /hˈyːæn/
		høne /hˈœːnə/ - Henn /hˈɛn/
		hare /hˈɑːɐ/ - Hås /hˈɒːs/
		hellig /hˈɛli/ - hillig /hˈɪlɪç/
		her /hˈɛˀɐ/ - hier /hˈiːæ/
		have /hˈɛːw/ - hebben /hˈɛbm̩/
		hånd /hˈʌnˀ/ - Hand /hˈand/
		høj /hˈʌˀj/ - hoch /hˈaʊ̯x/
		jord /jˈoˀɐ/ - Ierd /ˈiːæ/
		jeg /jˈɑj/ - ik /ˈɪk/
		knæ /kʰnˈeˀ/ - Knei /kʰnˈae̯/
		ko /kʰˈoˀ/ - Kauh /kʰˈaʊ̯/
		kunne /kʰˈunə/ - kœnen /kʰˈœːn̩/
		kylling /kʰˈyleŋ/ - Küken /kʰˈyːkn̩/
		kold /kʰˈʌlˀ/ - kolt /kʰˈaʊ̯lt/
		konge /kʰˈʌŋə/ - König /kʰˈøːnɪç/
		land /lˈanˀ/ - Land /lˈand/
		lys /lˈyˀs/ - Licht /lˈɪç/
		løbe /lˈøːb̥ə/ - lopen /lˈaʊ̯pn̩/
		lam /lˈɑmˀ/ - Lamm /lˈam/
		lang /lˈɑŋˀ/ - lang /lˈaŋk/
		mælk /mˈelˀk/ - Melk /mˈɛlk/
		menneske /mˈen̩skə/ - Minsch /mˈɪnʃ/
		mor /mˈoːɐ/ - Mauder /mˈaʊ̯ɾæ/
		mor /mˈoːɐ/ - Mudder /mˈʊɾæ/
		myg /mˈyɡ̊/ - Müch /mˈʏç/
		mund /mˈɔnˀ/ - Mul /mˈuːl/
		mund /mˈɔnˀ/ - Mund /mˈʊnd/
		navn /nˈawˀn/ - Nåm /nˈɒːm/
		ni /nˈiˀ/ - negen /nˈɛːɣn̩/
		nord /nˈoɐˀ/ - Nuurd /nˈuːæd/
		negl /nˈɑjˀl/ - Någel /nˈɒːɡl̩/
		nål /nˈɔˀl/ - Nådel /nˈɒːdl̩/
		nat /nˈɛt/ - Nacht /nˈax/
		næse /nˈɛːsə/ - Näs /nˈɛːs/
		nøgen /nˈʌjən/ - nåkt /nˈɒːkt/
		skib /skˈiˀb̥/ - Schipp /ʃˈɪp/
		slange /slˈɑŋə/ - Schlang /ʃlˈaŋ/
		slå /slˈɔˀ/ - schlån /ʃlˈɒːn/
		sne /snˈeˀ/ - Schnei /ʃnˈae̯/
		stjerne /stjˈæɐnə/ - Stiern /ʃtˈiːæn/
		sten /stˈeˀn/ - Stein /ʃtˈae̯n/
		stol /stˈoˀl/ - Stauhl /ʃtˈaʊ̯l/
		storm /stˈɔˀm/ - Sturm /ʃtˈuːæm/
		svin /sʋˈiˀn/ - Schwien /ʃwˈiːn/
		sand /sˈanˀ/ - Sand /zˈand/
		sidde /sˈeð̞ˠə/ - sitten /zˈɪtn̩/
		se /sˈeː/ - seihn /zˈae̯n/
		side /sˈiːð̞ˠə/ - Siet /zˈiːt/
		sige /sˈiːə/ - seggen /zˈɛŋ/
		sort /sˈoɐt/ - schwart /ʃwˈat/
		so /sˈoˀ/ - Sœch /zˈœːç/
		syv /sˈyˀw/ - sœben /zˈœːm/
		synge /sˈøŋə/ - singen /zˈɪŋ/
		søn /sˈœn/ - Sœhn /zˈœːn/
		søster /sˈœstɐ/ - Süster /sˈʏstæ/
		sød /sˈœˀð̞ˠ/ - säut /zˈɔʏ̯t/
		seks /sˈɛks/ - söss /zˈœs/
		græs /ɡ̊ʁˈas/ - Gras /ɡrˈaːs/
		ged /ɡ̊ˈeˀð̞ˠ/ - Jitt /jˈɪt/
		give /ɡ̊ˈiˀ/ - gäben /jˈɛːbm̩/
		guld /ɡ̊ˈulˀ/ - Gold /ɡˈɔld/
		gud /ɡ̊ˈuð̞ˠ/ - Gott /ɡˈɔt/
		gul /ɡ̊ˈuˀl/ - gäl /jˈɛl/
		gås /ɡ̊ˈɔˀs/ - Gaus /ɡˈaʊ̯s/
		ret /ʁˈat/ - Recht /rˈɛçt/
		ring /ʁˈeŋˀ/ - Ring /rˈɪŋ/
		rig /ʁˈiˀ/ - riek /rˈiːk/
		rød /ʁˈœˀð̞ˠ/ - rot /rˈaʊ̯t/
		regn /ʁˈɑjˀn/ - Rägen /rˈɛŋ/
		røg /ʁˈʌˀj/ - Rok /rˈaʊ̯k/
		vand /ʋˈanˀ/ - Wåter /vˈɒːtæ/
		hvad /ʋˈað̞ˠ/ - wat /vˈat/
		vind /ʋˈenˀ/ - Wind /vˈɪnd/
		we /ʋˈi/ - wi /vˈiː/
		hvid /ʋˈiˀð̞ˠ/ - witt /vˈɪt/
		vide /ʋˈiːð̞ˠə/ - weiten /vˈae̯tn̩/
		vej /ʋˈɑˀj/ - Wech /vˈɛç/
		varm /ʋˈɑˀm/ - warm /vˈaːm/
		hval /ʋˈɛˀl/ - Wall /vˈal/
		vejr /ʋˈɛˀɐ/ - Wäder /vˈɛːɾæ/
		tre /ʦʰʁˈɛˀ/ - drei /drˈae̯/
		tand /ʦʰˈanˀ/ - Tähn /tʰˈɛːn/
		ting /ʦʰˈeŋˀ/ - Ding /dˈɪŋ/
		ti /ʦʰˈiˀ/ - teihn /tʰˈae̯n/
		tusind /ʦʰˈuˀsn̩/ - dusend /dˈuːzn̩d/
		tyk /ʦʰˈyk/ - dick /dˈɪk/
		tyv /ʦʰˈyˀw/ - Deif /dˈae̯f/
		tynd /ʦʰˈønˀ/ - dünn /dˈʏn/
		takke /ʦʰˈɑkə/ - danken /dˈaŋkn̩/
		tunge /ʦʰˈɔŋə/ - Tung /tʰˈʊŋ/
		tolv /ʦʰˈʌlˀ/ - twölf /tʰvˈœlf/
		tjørn /ʨˈœɐˀn/ - Duurn /dˈuːæn/
		al /ˈal/ - all /ˈal/
		anden /ˈanən/ - anner /ˈanæ/
		abe /ˈaːb̥ə/ - Åp /ˈɒːp/
		eg /ˈeˀj/ - Eik /ˈae̯k/
		en /ˈeˀn/ - ein /ˈae̯n/
		æg /ˈeˀɡ̊/ - Ei /ˈae̯/
		æg /ˈeˀɡ̊/ - Eck /ˈɛk/
		ild /ˈilˀ/ - Füer /fˈyːæ/
		i /ˈiˀ/ - in /ˈɪn/
		ord /ˈoɐˀ/ - Wuurt /vˈuːæt/
		orm /ˈoɐˀm/ - Worm /vˈoːæm/
		over /ˈoːvɐ/ - œwer /ˈœːvæ/
		uld /ˈulˀ/ - Wull /vˈʊl/
		ud /ˈuˀð̞ˠ/ - ut /ˈuːt/
		ugle /ˈuːlə/ - Ul /ˈuːl/
		øre /ˈøːɐ/ - Uhr /ˈuːæ/
		ønske /ˈœnskə/ - wünschen /vˈʏnʃn̩/
		arm /ˈɑˀm/ - Arm /ˈaːm/
		ovn /ˈɒwˀn/ - Åben /ˈɒːm/
		ung /ˈɔŋˀ/ - jung /jˈʊŋk/
		ål /ˈɔˀl/ - Ål /ˈɒːl/
		aske /ˈɛskə/ - Asch /ˈaʃ/
		æde /ˈɛːð̞ˠə/ - äten /ˈɛːtn̩/
		øje /ˈʌjə/ - Ooch /ˈaʊ̯x/

Final disqualified:
		bi /b̥ˈiˀ/ - Imm /ˈɪm/
		hoved /hˈoːəð̞ˠ/ - Kopp /kʰˈɔp/
		hjerte /jˈɛɐtə/ - Hart /hˈaːt/
		kvinde /kʰʋˈenə/ - Fru /frˈuː/
		kone /kʰˈoːnə/ - Fru /frˈuː/
		le /lˈeˀ/ - lachen /lˈaxn̩/
		træ /ʦʰʁˈeˀ/ - Bom /bˈaʊ̯m/
		tyve /ʦʰˈyːw/ - twintig /tʰvˈɪntɪç/
		otte /ˈoːtə/ - acht /ˈaxt/
		ulv /ˈulˀʋ/ - Wulf /vˈʊlf/
		år /ˈɔˀ/ - Johr /jˈoːæ/


-------------------

****SAMPLE 4****
Iteration 1
	Qualified: 160
	Disqualified: 172
	Added: 0
	Removed: 6
		hjerte /jˈɛɐtə/ - Hart /hˈaːt/
		hoved /hˈoːəð̞ˠ/ - Kopp /kʰˈɔp/
		træ /ʦʰʁˈeˀ/ - Bom /bˈaʊ̯m/
		kone /kʰˈoːnə/ - Fru /frˈuː/
		bi /b̥ˈiˀ/ - Imm /ˈɪm/
		kvinde /kʰʋˈenə/ - Fru /frˈuː/

Iteration 2
	Qualified: 159
	Disqualified: 173
	Added: 0
	Removed: 1
		ulv /ˈulˀʋ/ - Wulf /vˈʊlf/

Iteration 3
	Qualified: 160
	Disqualified: 172
	Added: 1
		ulv /ˈulˀʋ/ - Wulf /vˈʊlf/
	Removed: 0

Final qualifying:
		bjerg /b̥jˈɛɐˀw/ - Barch /bˈaːx/
		blad /b̥lˈað̞ˠ/ - Blatt /blˈat/
		blod /b̥lˈoˀð̞ˠ/ - Blaut /blˈaʊ̯t/
		bror /b̥ʁˈoɐ/ - Brauder /brˈaʊ̯ɾæ/
		bryst /b̥ʁˈœst/ - Bost /bˈɔst/
		brygge /b̥ʁˈœɡ̊ə/ - Brügg /brˈʏç/
		bad /b̥ˈað̞ˠ/ - Bad /bˈaːd/
		bedre /b̥ˈeð̞ˠʁə/ - bäder /bˈɛːɾæ/
		bede /b̥ˈeˀ/ - bidden /bˈɪɾn̩/
		ben /b̥ˈeˀn/ - Bein /bˈae̯n/
		bog /b̥ˈoˀw/ - Bauk /bˈaʊ̯k/
		båd /b̥ˈɔˀð̞ˠ/ - Boot /bˈaʊ̯t/
		drive /d̥ʁˈiːw/ - driewen /drˈiːm/
		drømme /d̥ʁˈœmə/ - drömen /drˈɔʏ̯m/
		drøm /d̥ʁˈœˀm/ - Drom /drˈaʊ̯m/
		du /d̥ˈu/ - du /dˈuː/
		dyb /d̥ˈyˀb̥/ - deip /dˈae̯p/
		dyr /d̥ˈyˀɐ/ - Diert /dˈiːæt/
		dyr /d̥ˈyˀɐ/ - düer /dˈyːæ/
		dag /d̥ˈæˀj/ - Dach /dˈax/
		død /d̥ˈœˀð̞ˠ/ - Dod /dˈaʊ̯d/
		fjer /fjˈeˀɐ/ - Fedder /fˈɛɾæ/
		flue /flˈuːə/ - Fleich /flˈae̯ç/
		flyve /flˈyːw/ - flegen /flˈae̯ŋ/
		frisk /fʁˈesk/ - frisch /frˈɪʃ/
		frænde /fʁˈɑnə/ - Fründ /frˈʏnd/
		fisk /fˈesk/ - Fisch /fˈɪʃ/
		finger /fˈeŋˀɐ/ - Finger /fˈɪŋæ/
		fire /fˈiːɐ/ - vier /fˈiːæ/
		fod /fˈoˀð̞ˠ/ - Faut /fˈaʊ̯t/
		fuld /fˈulˀ/ - vull /fˈʊl/
		følge /fˈœlə/ - folgen /fˈɔlɡn̩/
		fødder /fˈœð̞ˠɐ/ - Fäut /fˈɔʏ̯t/
		far /fˈɑː/ - Vadder /fˈaɾæ/
		får /fˈɒˀ/ - Schåp /ʃˈɒːp/
		fem /fˈɛmˀ/ - fief /fˈiːf/
		hed /hˈeˀð̞ˠ/ - heit /hˈae̯t/
		horn /hˈoɐˀn/ - Huurn /hˈuːæn/
		hoved /hˈoːəð̞ˠ/ - Höft /hˈœft/
		hundrede /hˈunɐð̞ˠə/ - hunnert /hˈʊnæt/
		hund /hˈunˀ/ - Hund /hˈʊnd/
		hus /hˈuˀs/ - Hus /hˈuːs/
		hud /hˈuˀð̞ˠ/ - Hut /hˈuːt/
		høre /hˈøːɐ/ - hüren /hˈyːæn/
		hare /hˈɑːɐ/ - Hås /hˈɒːs/
		hår /hˈɒˀ/ - Hor /hˈoːæ/
		hellig /hˈɛli/ - hillig /hˈɪlɪç/
		her /hˈɛˀɐ/ - hier /hˈiːæ/
		have /hˈɛːw/ - hebben /hˈɛbm̩/
		honning /hˈʌneŋ/ - Honnig /hˈɔnɪç/
		høj /hˈʌˀj/ - hoch /hˈaʊ̯x/
		knæ /kʰnˈeˀ/ - Knei /kʰnˈae̯/
		kirke /kʰˈiɐkə/ - Kirch /kʰˈiːæç/
		ko /kʰˈoˀ/ - Kauh /kʰˈaʊ̯/
		kunne /kʰˈunə/ - kœnen /kʰˈœːn̩/
		kylling /kʰˈyleŋ/ - Küken /kʰˈyːkn̩/
		kalv /kʰˈɛlˀv/ - Kalf /kʰˈalf/
		kold /kʰˈʌlˀ/ - kolt /kʰˈaʊ̯lt/
		konge /kʰˈʌŋə/ - König /kʰˈøːnɪç/
		land /lˈanˀ/ - Land /lˈand/
		le /lˈeˀ/ - lachen /lˈaxn̩/
		lus /lˈuˀs/ - Lus /lˈuːs/
		løbe /lˈøːb̥ə/ - lopen /lˈaʊ̯pn̩/
		løv /lˈœˀw/ - Lof /lˈoːf/
		lam /lˈɑmˀ/ - Lamm /lˈam/
		let /lˈɛt/ - licht /lˈɪç/
		mælk /mˈelˀk/ - Melk /mˈɛlk/
		menneske /mˈen̩skə/ - Minsch /mˈɪnʃ/
		mor /mˈoːɐ/ - Mudder /mˈʊɾæ/
		mus /mˈuˀs/ - Mus /mˈuːs/
		myg /mˈyɡ̊/ - Müch /mˈʏç/
		meg /mˈɑj/ - mi /mˈiː/
		mund /mˈɔnˀ/ - Mul /mˈuːl/
		mund /mˈɔnˀ/ - Mund /mˈʊnd/
		måne /mˈɔːnə/ - Månd /mˈɒːnd/
		mand /mˈɛnˀ/ - Mann /mˈan/
		navn /nˈawˀn/ - Nåm /nˈɒːm/
		ni /nˈiˀ/ - negen /nˈɛːɣn̩/
		nord /nˈoɐˀ/ - Nuurd /nˈuːæd/
		negl /nˈɑjˀl/ - Någel /nˈɒːɡl̩/
		nål /nˈɔˀl/ - Nådel /nˈɒːdl̩/
		nat /nˈɛt/ - Nacht /nˈax/
		næse /nˈɛːsə/ - Näs /nˈɛːs/
		nøgen /nˈʌjən/ - nåkt /nˈɒːkt/
		skib /skˈiˀb̥/ - Schipp /ʃˈɪp/
		skid /skˈiˀð̞ˠ/ - Schiet /ʃˈiːt/
		slå /slˈɔˀ/ - schlån /ʃlˈɒːn/
		sne /snˈeˀ/ - Schnei /ʃnˈae̯/
		stjerne /stjˈæɐnə/ - Stiern /ʃtˈiːæn/
		storm /stˈɔˀm/ - Sturm /ʃtˈuːæm/
		svin /sʋˈiˀn/ - Schwien /ʃwˈiːn/
		svømme /sʋˈœmə/ - schwemmen /ʃwˈɛm/
		sand /sˈanˀ/ - Sand /zˈand/
		sidde /sˈeð̞ˠə/ - sitten /zˈɪtn̩/
		se /sˈeː/ - seihn /zˈae̯n/
		side /sˈiːð̞ˠə/ - Siet /zˈiːt/
		sige /sˈiːə/ - seggen /zˈɛŋ/
		sort /sˈoɐt/ - schwart /ʃwˈat/
		so /sˈoˀ/ - Sœch /zˈœːç/
		synge /sˈøŋə/ - singen /zˈɪŋ/
		sød /sˈœˀð̞ˠ/ - säut /zˈɔʏ̯t/
		sove /sˈɒːw/ - schlåpen /ʃlˈɒːbm̩/
		seks /sˈɛks/ - söss /zˈœs/
		salt /sˈɛlˀt/ - Solt /zˈɔlt/
		græs /ɡ̊ʁˈas/ - Gras /ɡrˈaːs/
		grøn /ɡ̊ʁˈœˀn/ - gräun /jrˈɔʏ̯n/
		give /ɡ̊ˈiˀ/ - gäben /jˈɛːbm̩/
		god /ɡ̊ˈoˀð̞ˠ/ - gaut /ɡˈaʊ̯t/
		gud /ɡ̊ˈuð̞ˠ/ - Gott /ɡˈɔt/
		gul /ɡ̊ˈuˀl/ - gäl /jˈɛl/
		gås /ɡ̊ˈɔˀs/ - Gaus /ɡˈaʊ̯s/
		gæst /ɡ̊ˈɛst/ - Gast /ɡˈas/
		ring /ʁˈeŋˀ/ - Ring /rˈɪŋ/
		rig /ʁˈiˀ/ - riek /rˈiːk/
		rød /ʁˈœˀð̞ˠ/ - rot /rˈaʊ̯t/
		regn /ʁˈɑjˀn/ - Rägen /rˈɛŋ/
		røg /ʁˈʌˀj/ - Rok /rˈaʊ̯k/
		vand /ʋˈanˀ/ - Wåter /vˈɒːtæ/
		hvad /ʋˈað̞ˠ/ - wat /vˈat/
		we /ʋˈi/ - wi /vˈiː/
		hvid /ʋˈiˀð̞ˠ/ - witt /vˈɪt/
		vide /ʋˈiːð̞ˠə/ - weiten /vˈae̯tn̩/
		vej /ʋˈɑˀj/ - Wech /vˈɛç/
		varm /ʋˈɑˀm/ - warm /vˈaːm/
		hval /ʋˈɛˀl/ - Wall /vˈal/
		vejr /ʋˈɛˀɐ/ - Wäder /vˈɛːɾæ/
		tre /ʦʰʁˈɛˀ/ - drei /drˈae̯/
		tand /ʦʰˈanˀ/ - Tähn /tʰˈɛːn/
		ti /ʦʰˈiˀ/ - teihn /tʰˈae̯n/
		tid /ʦʰˈiˀð̞ˠ/ - Tiet /tʰˈiːt/
		tyk /ʦʰˈyk/ - dick /dˈɪk/
		tysk /ʦʰˈysk/ - düütsch /dˈyːtʃ/
		tyv /ʦʰˈyˀw/ - Deif /dˈae̯f/
		tyve /ʦʰˈyːw/ - twintig /tʰvˈɪntɪç/
		tynd /ʦʰˈønˀ/ - dünn /dˈʏn/
		tør /ʦʰˈœˀɐ/ - drööch /drˈøːç/
		takke /ʦʰˈɑkə/ - danken /dˈaŋkn̩/
		tunge /ʦʰˈɔŋə/ - Tung /tʰˈʊŋ/
		tolv /ʦʰˈʌlˀ/ - twölf /tʰvˈœlf/
		tjørn /ʨˈœɐˀn/ - Duurn /dˈuːæn/
		al /ˈal/ - all /ˈal/
		anden /ˈanən/ - anner /ˈanæ/
		abe /ˈaːb̥ə/ - Åp /ˈɒːp/
		eg /ˈeˀj/ - Eik /ˈae̯k/
		æg /ˈeˀɡ̊/ - Ei /ˈae̯/
		æg /ˈeˀɡ̊/ - Eck /ˈɛk/
		æble /ˈeːb̥lə/ - Appel /ˈapl̩/
		is /ˈiˀs/ - Ies /ˈiːs/
		orm /ˈoɐˀm/ - Worm /vˈoːæm/
		over /ˈoːvɐ/ - œwer /ˈœːvæ/
		uld /ˈulˀ/ - Wull /vˈʊl/
		ulv /ˈulˀʋ/ - Wulf /vˈʊlf/
		ud /ˈuˀð̞ˠ/ - ut /ˈuːt/
		ugle /ˈuːlə/ - Ul /ˈuːl/
		øre /ˈøːɐ/ - Uhr /ˈuːæ/
		ønske /ˈœnskə/ - wünschen /vˈʏnʃn̩/
		arm /ˈɑˀm/ - Arm /ˈaːm/
		ovn /ˈɒwˀn/ - Åben /ˈɒːm/
		æde /ˈɛːð̞ˠə/ - äten /ˈɛːtn̩/
		øje /ˈʌjə/ - Ooch /ˈaʊ̯x/

Final disqualified:
		bi /b̥ˈiˀ/ - Imm /ˈɪm/
		hoved /hˈoːəð̞ˠ/ - Kopp /kʰˈɔp/
		hjerte /jˈɛɐtə/ - Hart /hˈaːt/
		kvinde /kʰʋˈenə/ - Fru /frˈuː/
		kone /kʰˈoːnə/ - Fru /frˈuː/
		træ /ʦʰʁˈeˀ/ - Bom /bˈaʊ̯m/


-------------------

****SAMPLE 5****
Iteration 1
	Qualified: 158
	Disqualified: 174
	Added: 0
	Removed: 8
		hjerte /jˈɛɐtə/ - Hart /hˈaːt/
		træ /ʦʰʁˈeˀ/ - Bom /bˈaʊ̯m/
		kone /kʰˈoːnə/ - Fru /frˈuː/
		bi /b̥ˈiˀ/ - Imm /ˈɪm/
		le /lˈeˀ/ - lachen /lˈaxn̩/
		kvinde /kʰʋˈenə/ - Fru /frˈuː/
		elleve /ˈɛlʋə/ - elm /ˈɛlm/
		bjerg /b̥jˈɛɐˀw/ - Barch /bˈaːx/

Iteration 2
	Qualified: 159
	Disqualified: 173
	Added: 1
		bjerg /b̥jˈɛɐˀw/ - Barch /bˈaːx/
	Removed: 0

Iteration 3
	Qualified: 159
	Disqualified: 173
	Added: 0
	Removed: 0

Final qualifying:
		bjørn /b̥jˈœˀɐn/ - Bor /bˈoːæ/
		bjerg /b̥jˈɛɐˀw/ - Barch /bˈaːx/
		blod /b̥lˈoˀð̞ˠ/ - Blaut /blˈaʊ̯t/
		blomst /b̥lˈʌmˀst/ - Blaum /blˈaʊ̯m/
		bror /b̥ʁˈoɐ/ - Brauder /brˈaʊ̯ɾæ/
		bryst /b̥ʁˈœst/ - Bost /bˈɔst/
		brygge /b̥ʁˈœɡ̊ə/ - Brügg /brˈʏç/
		brød /b̥ʁˈœˀð̞ˠ/ - Brot /brˈaʊ̯t/
		bad /b̥ˈað̞ˠ/ - Bad /bˈaːd/
		bedre /b̥ˈeð̞ˠʁə/ - bäder /bˈɛːɾæ/
		bede /b̥ˈeˀ/ - bidden /bˈɪɾn̩/
		bide /b̥ˈiːð̞ˠə/ - bieten /bˈiːtn̩/
		bog /b̥ˈoˀw/ - Bauk /bˈaʊ̯k/
		byde /b̥ˈyːð̞ˠə/ - beiden /bˈae̯dn̩/
		drikke /d̥ʁˈekə/ - drinken /drˈɪŋkn̩/
		drive /d̥ʁˈiːw/ - driewen /drˈiːm/
		drømme /d̥ʁˈœmə/ - drömen /drˈɔʏ̯m/
		drøm /d̥ʁˈœˀm/ - Drom /drˈaʊ̯m/
		du /d̥ˈu/ - du /dˈuː/
		dyb /d̥ˈyˀb̥/ - deip /dˈae̯p/
		dyr /d̥ˈyˀɐ/ - düer /dˈyːæ/
		dag /d̥ˈæˀj/ - Dach /dˈax/
		død /d̥ˈœˀð̞ˠ/ - Dod /dˈaʊ̯d/
		datter /d̥ˈɛtɐ/ - Dochter /dˈɔxtæ/
		flue /flˈuːə/ - Fleich /flˈae̯ç/
		flyve /flˈyːw/ - flegen /flˈae̯ŋ/
		frisk /fʁˈesk/ - frisch /frˈɪʃ/
		fryse /fʁˈyːsə/ - freren /frˈaɪ̯æn/
		fisk /fˈesk/ - Fisch /fˈɪʃ/
		finger /fˈeŋˀɐ/ - Finger /fˈɪŋæ/
		fire /fˈiːɐ/ - vier /fˈiːæ/
		fuld /fˈulˀ/ - vull /fˈʊl/
		fugl /fˈuˀl/ - Vågel /fˈɒːɡl̩/
		fødder /fˈœð̞ˠɐ/ - Fäut /fˈɔʏ̯t/
		far /fˈɑː/ - Vadder /fˈaɾæ/
		får /fˈɒˀ/ - Schåp /ʃˈɒːp/
		fem /fˈɛmˀ/ - fief /fˈiːf/
		hed /hˈeˀð̞ˠ/ - heit /hˈae̯t/
		horn /hˈoɐˀn/ - Huurn /hˈuːæn/
		hoved /hˈoːəð̞ˠ/ - Höft /hˈœft/
		hundrede /hˈunɐð̞ˠə/ - hunnert /hˈʊnæt/
		hund /hˈunˀ/ - Hund /hˈʊnd/
		hus /hˈuˀs/ - Hus /hˈuːs/
		hud /hˈuˀð̞ˠ/ - Hut /hˈuːt/
		høne /hˈœːnə/ - Henn /hˈɛn/
		hare /hˈɑːɐ/ - Hås /hˈɒːs/
		hår /hˈɒˀ/ - Hor /hˈoːæ/
		hellig /hˈɛli/ - hillig /hˈɪlɪç/
		her /hˈɛˀɐ/ - hier /hˈiːæ/
		honning /hˈʌneŋ/ - Honnig /hˈɔnɪç/
		hånd /hˈʌnˀ/ - Hand /hˈand/
		høj /hˈʌˀj/ - hoch /hˈaʊ̯x/
		jeg /jˈɑj/ - ik /ˈɪk/
		knæ /kʰnˈeˀ/ - Knei /kʰnˈae̯/
		kirke /kʰˈiɐkə/ - Kirch /kʰˈiːæç/
		kunne /kʰˈunə/ - kœnen /kʰˈœːn̩/
		kalv /kʰˈɛlˀv/ - Kalf /kʰˈalf/
		kold /kʰˈʌlˀ/ - kolt /kʰˈaʊ̯lt/
		konge /kʰˈʌŋə/ - König /kʰˈøːnɪç/
		land /lˈanˀ/ - Land /lˈand/
		lus /lˈuˀs/ - Lus /lˈuːs/
		lys /lˈyˀs/ - Licht /lˈɪç/
		løv /lˈœˀw/ - Lof /lˈoːf/
		lam /lˈɑmˀ/ - Lamm /lˈam/
		lang /lˈɑŋˀ/ - lang /lˈaŋk/
		mælk /mˈelˀk/ - Melk /mˈɛlk/
		mor /mˈoːɐ/ - Mudder /mˈʊɾæ/
		mus /mˈuˀs/ - Mus /mˈuːs/
		myg /mˈyɡ̊/ - Müch /mˈʏç/
		meg /mˈɑj/ - mi /mˈiː/
		mund /mˈɔnˀ/ - Mul /mˈuːl/
		mund /mˈɔnˀ/ - Mund /mˈʊnd/
		måne /mˈɔːnə/ - Månd /mˈɒːnd/
		mand /mˈɛnˀ/ - Mann /mˈan/
		navn /nˈawˀn/ - Nåm /nˈɒːm/
		ni /nˈiˀ/ - negen /nˈɛːɣn̩/
		nord /nˈoɐˀ/ - Nuurd /nˈuːæd/
		negl /nˈɑjˀl/ - Någel /nˈɒːɡl̩/
		nål /nˈɔˀl/ - Nådel /nˈɒːdl̩/
		nat /nˈɛt/ - Nacht /nˈax/
		næse /nˈɛːsə/ - Näs /nˈɛːs/
		nøgen /nˈʌjən/ - nåkt /nˈɒːkt/
		skarp /skˈap/ - scharp /ʃˈaːp/
		skib /skˈiˀb̥/ - Schipp /ʃˈɪp/
		slange /slˈɑŋə/ - Schlang /ʃlˈaŋ/
		slå /slˈɔˀ/ - schlån /ʃlˈɒːn/
		sne /snˈeˀ/ - Schnei /ʃnˈae̯/
		sten /stˈeˀn/ - Stein /ʃtˈae̯n/
		sand /sˈanˀ/ - Sand /zˈand/
		sidde /sˈeð̞ˠə/ - sitten /zˈɪtn̩/
		se /sˈeː/ - seihn /zˈae̯n/
		side /sˈiːð̞ˠə/ - Siet /zˈiːt/
		sort /sˈoɐt/ - schwart /ʃwˈat/
		so /sˈoˀ/ - Sœch /zˈœːç/
		synge /sˈøŋə/ - singen /zˈɪŋ/
		søn /sˈœn/ - Sœhn /zˈœːn/
		søster /sˈœstɐ/ - Süster /sˈʏstæ/
		sød /sˈœˀð̞ˠ/ - säut /zˈɔʏ̯t/
		seks /sˈɛks/ - söss /zˈœs/
		salt /sˈɛlˀt/ - Solt /zˈɔlt/
		grøn /ɡ̊ʁˈœˀn/ - gräun /jrˈɔʏ̯n/
		ged /ɡ̊ˈeˀð̞ˠ/ - Jitt /jˈɪt/
		god /ɡ̊ˈoˀð̞ˠ/ - gaut /ɡˈaʊ̯t/
		guld /ɡ̊ˈulˀ/ - Gold /ɡˈɔld/
		gud /ɡ̊ˈuð̞ˠ/ - Gott /ɡˈɔt/
		gul /ɡ̊ˈuˀl/ - gäl /jˈɛl/
		gås /ɡ̊ˈɔˀs/ - Gaus /ɡˈaʊ̯s/
		gæst /ɡ̊ˈɛst/ - Gast /ɡˈas/
		rød /ʁˈœˀð̞ˠ/ - rot /rˈaʊ̯t/
		regn /ʁˈɑjˀn/ - Rägen /rˈɛŋ/
		røg /ʁˈʌˀj/ - Rok /rˈaʊ̯k/
		vand /ʋˈanˀ/ - Wåter /vˈɒːtæ/
		hvad /ʋˈað̞ˠ/ - wat /vˈat/
		we /ʋˈi/ - wi /vˈiː/
		hvid /ʋˈiˀð̞ˠ/ - witt /vˈɪt/
		vide /ʋˈiːð̞ˠə/ - weiten /vˈae̯tn̩/
		hval /ʋˈɛˀl/ - Wall /vˈal/
		vejr /ʋˈɛˀɐ/ - Wäder /vˈɛːɾæ/
		tre /ʦʰʁˈɛˀ/ - drei /drˈae̯/
		tand /ʦʰˈanˀ/ - Tähn /tʰˈɛːn/
		ting /ʦʰˈeŋˀ/ - Ding /dˈɪŋ/
		ti /ʦʰˈiˀ/ - teihn /tʰˈae̯n/
		tid /ʦʰˈiˀð̞ˠ/ - Tiet /tʰˈiːt/
		to /ʦʰˈoˀ/ - twei /tʰvˈae̯/
		tusind /ʦʰˈuˀsn̩/ - dusend /dˈuːzn̩d/
		tyk /ʦʰˈyk/ - dick /dˈɪk/
		tysk /ʦʰˈysk/ - düütsch /dˈyːtʃ/
		tyv /ʦʰˈyˀw/ - Deif /dˈae̯f/
		tynd /ʦʰˈønˀ/ - dünn /dˈʏn/
		tør /ʦʰˈœˀɐ/ - drööch /drˈøːç/
		takke /ʦʰˈɑkə/ - danken /dˈaŋkn̩/
		tunge /ʦʰˈɔŋə/ - Tung /tʰˈʊŋ/
		tolv /ʦʰˈʌlˀ/ - twölf /tʰvˈœlf/
		tjørn /ʨˈœɐˀn/ - Duurn /dˈuːæn/
		al /ˈal/ - all /ˈal/
		anden /ˈanən/ - anner /ˈanæ/
		abe /ˈaːb̥ə/ - Åp /ˈɒːp/
		eg /ˈeˀj/ - Eik /ˈae̯k/
		en /ˈeˀn/ - ein /ˈae̯n/
		æg /ˈeˀɡ̊/ - Ei /ˈae̯/
		æg /ˈeˀɡ̊/ - Eck /ˈɛk/
		i /ˈiˀ/ - in /ˈɪn/
		is /ˈiˀs/ - Ies /ˈiːs/
		ord /ˈoɐˀ/ - Wuurt /vˈuːæt/
		orm /ˈoɐˀm/ - Worm /vˈoːæm/
		otte /ˈoːtə/ - acht /ˈaxt/
		over /ˈoːvɐ/ - œwer /ˈœːvæ/
		ulv /ˈulˀʋ/ - Wulf /vˈʊlf/
		ud /ˈuˀð̞ˠ/ - ut /ˈuːt/
		ugle /ˈuːlə/ - Ul /ˈuːl/
		øre /ˈøːɐ/ - Uhr /ˈuːæ/
		ønske /ˈœnskə/ - wünschen /vˈʏnʃn̩/
		arm /ˈɑˀm/ - Arm /ˈaːm/
		ung /ˈɔŋˀ/ - jung /jˈʊŋk/
		år /ˈɔˀ/ - Johr /jˈoːæ/
		ål /ˈɔˀl/ - Ål /ˈɒːl/
		aske /ˈɛskə/ - Asch /ˈaʃ/
		æde /ˈɛːð̞ˠə/ - äten /ˈɛːtn̩/
		øje /ˈʌjə/ - Ooch /ˈaʊ̯x/

Final disqualified:
		bi /b̥ˈiˀ/ - Imm /ˈɪm/
		hjerte /jˈɛɐtə/ - Hart /hˈaːt/
		kvinde /kʰʋˈenə/ - Fru /frˈuː/
		kone /kʰˈoːnə/ - Fru /frˈuː/
		le /lˈeˀ/ - lachen /lˈaxn̩/
		træ /ʦʰʁˈeˀ/ - Bom /bˈaʊ̯m/
		elleve /ˈɛlʋə/ - elm /ˈɛlm/


-------------------

