/b̥jˈœˀɐn/ - /bjˈœɾn/
[3/3] b̥-b / j-j / ˈœˀ-ˈœ / ɐ-ɾ / n-n

-------------------

/b̥jˈɛɐˀw/ - /bˈæɾɡ/
[4/4] b̥-b / j-∅ / ˈɛ-ˈæ / ɐˀ-ɾ / w-ɡ

-------------------

/b̥lˈað̞ˠ/ - /blˈɑːd/
[4/5] b̥-b / l-l / ˈa-ˈɑː / ð̞ˠ-d
[1/5] b̥-b / l-l / ˈa-ˈɑː / ð̞ˠ-∅ / #>-d_#>

-------------------

/b̥lˈoˀð̞ˠ/ - /blˈuː/
[3/3] b̥-b / l-l / ˈoˀ-ˈuː / ð̞ˠ-∅

-------------------

/b̥lˈøːð̞ˠə/ - /blˈøː/
[4/4] b̥-b / l-l / ˈøː-ˈøː / ð̞ˠ-∅ / ə-∅

-------------------

/b̥lˈʌmˀst/ - /blˈuːm/
[5/5] b̥-b / l-l / ˈʌ-ˈuː / mˀ-m / s-∅ / t-∅

-------------------

/b̥ʁˈoɐ/ - /bɾˈuːɾ/
[5/5] b̥-b / ʁ-ɾ / ˈo-ˈuː / ɐ-ɾ

-------------------

/b̥ʁˈœst/ - /bɾˈʏst/
[4/4] b̥-b / ʁ-ɾ / ˈœ-ˈʏ / s-s / t-t

-------------------

/b̥ʁˈœɡ̊ə/ - /bɾˈʏjːɑ/
[3/3] b̥-b / ʁ-ɾ / ˈœ-ˈʏ / ɡ̊-jː / ə-ɑ

-------------------

/b̥ʁˈœɡ̊ə/ - /bɾˈʏɡːe/
[4/4] b̥-b / ʁ-ɾ / ˈœ-ˈʏ / ɡ̊-ɡː / ə-e

-------------------

/b̥ʁˈœˀð̞ˠ/ - /bɾˈæʉ̯/
[5/5] b̥-b / ʁ-ɾ / ˈœˀ-ˈæʉ̯ / ð̞ˠ-∅

-------------------

/b̥ˈað̞ˠ/ - /bˈɑːd/
[3/3] b̥-b / ˈa-ˈɑː / ð̞ˠ-d

-------------------

/b̥ˈenə/ - /bˈɪndɑ/
[5/5] b̥-b / ˈe-ˈɪ / n-n / ∅-d / ə-ɑ

-------------------

/b̥ˈeð̞ˠʁə/ - /bˈeːtɾe/
[5/5] b̥-b / ˈe-ˈeː / ð̞ˠ-t / ʁ-ɾ / ə-e

-------------------

/b̥ˈeˀ/ - /bˈeːɑ/
[2/2] b̥-b / ˈeˀ-ˈeː / ∅-ɑ

-------------------

/b̥ˈeˀn/ - /bˈæɪ̯n/
[3/3] b̥-b / ˈeˀ-ˈæɪ̯ / n-n

-------------------

/b̥ˈiˀ/ - /bˈiːə/
[3/3] b̥-b / ˈiˀ-ˈiː / ∅-ə

-------------------

/b̥ˈiːð̞ˠə/ - /bˈiːtɑ/
[4/4] b̥-b / ˈiː-ˈiː / ð̞ˠ-t / ə-ɑ

-------------------

/b̥ˈoˀw/ - /bˈuːk/
[3/4] b̥-b / ˈoˀ-ˈuː / w-k
[1/4] b̥-b / ˈoˀ-ˈuː / w-∅ / ∅-k

-------------------

/b̥ˈyːð̞ˠə/ - /bˈyː/
[4/4] b̥-b / ˈyː-ˈyː / ð̞ˠ-∅ / ə-∅

-------------------

/b̥ˈɑˀn/ - /bˈɑːɾn/
[4/4] b̥-b / ˈɑˀ-ˈɑː / ∅-ɾ / n-n

-------------------

/b̥ˈɔˀð̞ˠ/ - /bˈoːt/
[4/4] b̥-b / ˈɔˀ-ˈoː / ð̞ˠ-t

-------------------

/b̥ˈɛɐ/ - /bˈæːɾ/
[3/3] b̥-b / ˈɛ-ˈæː / ɐ-ɾ

-------------------

/d̥ʁˈekə/ - /dɾˈɪʰkːɑ/
[3/3] d̥-d / ʁ-ɾ / ˈe-ˈɪ / k-ʰkː / ə-ɑ

-------------------

/d̥ʁˈiːw/ - /dɾˈiːʋɑ/
[2/2] d̥-d / ʁ-ɾ / ˈiː-ˈiː / w-ʋ / ∅-ɑ

-------------------

/d̥ʁˈœmə/ - /dɾˈœʏ̯mɑ/
[4/4] d̥-d / ʁ-ɾ / ˈœ-ˈœʏ̯ / m-m / ə-ɑ

-------------------

/d̥ʁˈœˀm/ - /dɾˈæʉ̯m/
[5/5] d̥-d / ʁ-ɾ / ˈœˀ-ˈæʉ̯ / m-m

-------------------

/d̥ʋˈæɐˀw/ - /dʋˈɛɾɡ/
[4/4] d̥-d / ʋ-ʋ / ˈæ-ˈɛ / ɐˀ-ɾ / w-ɡ

-------------------

/d̥ˈu/ - /dˈʉː/
[2/2] d̥-d / ˈu-ˈʉː

-------------------

/d̥ˈuːə/ - /dˈʉːe/
[4/4] d̥-d / ˈuː-ˈʉː / ə-e

-------------------

/d̥ˈyˀb̥/ - /jˈʉːp/
[4/4] d̥-j / ˈyˀ-ˈʉː / b̥-p

-------------------

/d̥ˈyˀɐ/ - /dˈyːɾ/
[10/10] d̥-d / ˈyˀ-ˈyː / ɐ-ɾ

-------------------

/d̥ˈæˀj/ - /dˈɑːɡ/
[5/5] d̥-d / ˈæˀ-ˈɑː / j-ɡ

-------------------

/d̥ˈøˀð̞ˠ/ - /dˈæʉ̯/
[3/3] d̥-d / ˈøˀ-ˈæʉ̯ / ð̞ˠ-∅

-------------------

/d̥ˈøːð̞ˠəli/ - /dˈøːdeleɡ/
[2/2] d̥-d / ˈøː-ˈøː / ð̞ˠ-d / ə-e / l-l / i-e / ∅-ɡ

-------------------

/d̥ˈœˀð̞ˠ/ - /dˈæʉ̯e/
[4/4] d̥-d / ˈœˀ-ˈæʉ̯ / ð̞ˠ-e

-------------------

/d̥ˈɑˀj/ - /dˈæɪ̯ɡ/
[2/2] d̥-d / ˈɑˀ-ˈæɪ̯ / j-ɡ

-------------------

/d̥ˈɛtɐ/ - /dˈɔʰtːeɾ/
[3/5] d̥-d / ˈɛ-ˈɔ / t-ʰtː / ɐ-e_ɾ
[1/5] d̥-d / ˈɛ-ˈɔ / t-ʰtː / ∅-e / ɐ-ɾ
[1/5] d̥-d / ˈɛ-ˈɔ / t-ʰtː / ɐ-e / ∅-ɾ

-------------------

/fjˈeˀɐ/ - /fjˈøːɾ/
[5/5] f-f / j-j / ˈeˀ-ˈøː / ɐ-ɾ

-------------------

/flˈuːə/ - /flˈʉːɡe/
[5/5] f-f / l-l / ˈuː-ˈʉː / ∅-ɡ / ə-e

-------------------

/flˈyːw/ - /flˈyːɡɑ/
[3/4] f-f / l-l / ˈyː-ˈyː / w-ɡ / ∅-ɑ
[1/4] f-f / l-l / ˈyː-ˈyː / ∅-ɡ / w-ɑ

-------------------

/fʁˈesk/ - /fɾˈɪsk/
[5/5] f-f / ʁ-ɾ / ˈe-ˈɪ / s-s / k-k

-------------------

/fʁˈyːsə/ - /fɾˈyːsɑ/
[2/2] f-f / ʁ-ɾ / ˈyː-ˈyː / s-s / ə-ɑ

-------------------

/fʁˈɑnə/ - /fɾˈɛnde/
[5/5] f-f / ʁ-ɾ / ˈɑ-ˈɛ / n-n / ∅-d / ə-e

-------------------

/fˈenə/ - /fˈɪnːɑ/
[4/4] f-f / ˈe-ˈɪ / n-nː / ə-ɑ

-------------------

/fˈesk/ - /fˈɪsk/
[5/5] f-f / ˈe-ˈɪ / s-s / k-k

-------------------

/fˈeŋˀɐ/ - /fˈɪŋːeɾ/
[3/4] f-f / ˈe-ˈɪ / ŋˀ-ŋː / ɐ-e_ɾ
[1/4] f-f / ˈe-ˈɪ / ŋˀ-ŋː / ɐ-e / ∅-ɾ

-------------------

/fˈiːɐ/ - /fˈiːɾe/
[1/2] f-f / ˈiː-ˈiː / ∅-ɾ / ɐ-e
[1/2] f-f / ˈiː-ˈiː / ɐ-ɾ / ∅-e

-------------------

/fˈoˀð̞ˠ/ - /fˈuːt/
[5/5] f-f / ˈoˀ-ˈuː / ð̞ˠ-t

-------------------

/fˈoˀɐ/ - /fˈɔɾ/
[5/5] f-f / ˈoˀ-ˈɔ / ɐ-ɾ

-------------------

/fˈulˀ/ - /fˈʉlː/
[3/3] f-f / ˈu-ˈʉ / lˀ-lː

-------------------

/fˈuˀl/ - /fˈʉɡl/
[5/5] f-f / ˈuˀ-ˈʉ / ∅-ɡ / l-l

-------------------

/fˈœlə/ - /fˈʏljɑ/
[3/3] f-f / ˈœ-ˈʏ / l-l / ∅-j / ə-ɑ

-------------------

/fˈœð̞ˠɐ/ - /fˈøːteɾ/
[2/4] f-f / ˈœ-ˈøː / ð̞ˠ-t / ɐ-e_ɾ
[1/4] f-f / ˈœ-ˈøː / ð̞ˠ-t / ∅-e / ɐ-ɾ
[1/4] f-f / ˈœ-ˈøː / ð̞ˠ-t / ɐ-e / ∅-ɾ

-------------------

/fˈɑː/ - /fˈɑːɾ/
[3/3] f-f / ˈɑː-ˈɑː / ∅-ɾ

-------------------

/fˈɔˀ/ - /fˈoː/
[3/3] f-f / ˈɔˀ-ˈoː

-------------------

/fˈɛmˀ/ - /fˈɛm/
[5/5] f-f / ˈɛ-ˈɛ / mˀ-m

-------------------

/hˈalˀ/ - /hˈɑlː/
[4/4] h-h / ˈa-ˈɑ / lˀ-lː

-------------------

/hˈeˀð̞ˠ/ - /hˈæɪ̯t/
[5/5] h-h / ˈeˀ-ˈæɪ̯ / ð̞ˠ-t

-------------------

/hˈoɐˀn/ - /hˈʊɾn/
[2/2] h-h / ˈo-ˈʊ / ɐˀ-ɾ / n-n

-------------------

/hˈoːəð̞ˠ/ - /hˈoːʋʉ/
[4/5] h-h / ˈoː-ˈoː / ə-∅ / ∅-ʋ / ð̞ˠ-ʉ
[1/5] h-h / ˈoː-ˈoː / ∅-ʋ / ə-ʉ / ð̞ˠ-∅

-------------------

/hˈunɐð̞ˠə/ - /hˈʉndɾɑ/
[4/4] h-h / ˈu-ˈʉ / n-n / ∅-d / ɐ-ɾ / ð̞ˠ-∅ / ə-ɑ

-------------------

/hˈunˀ/ - /hˈʉnd/
[2/3] h-h / ˈu-ˈʉ / nˀ-n / ∅-d
[1/3] h-h / ˈu-ˈʉ / nˀ-n / #>-d_#>

-------------------

/hˈuˀs/ - /hˈʉːs/
[4/4] h-h / ˈuˀ-ˈʉː / s-s

-------------------

/hˈuˀð̞ˠ/ - /hˈʉːd/
[4/4] h-h / ˈuˀ-ˈʉː / ð̞ˠ-d

-------------------

/hˈæːð̞ˠə/ - /hˈɑːtɑ/
[4/4] h-h / ˈæː-ˈɑː / ð̞ˠ-t / ə-ɑ

-------------------

/hˈøːɐ/ - /hˈœʏ̯ɾɑ/
[4/4] h-h / ˈøː-ˈœʏ̯ / ɐ-ɾ / ∅-ɑ

-------------------

/hˈœːnə/ - /hˈøːnə/
[3/3] h-h / ˈœː-ˈøː / n-n / ə-ə

-------------------

/hˈɑːɐ/ - /hˈɑːɾe/
[3/5] h-h / ˈɑː-ˈɑː / ɐ-ɾ / ∅-e
[1/5] h-h / ˈɑː-ˈɑː / ∅-ɾ / ɐ-e
[1/5] h-h / ˈɑː-ˈɑː / ɐ-ɾ / #>-e_#>

-------------------

/hˈɒˀ/ - /hˈoːɾ/
[3/3] h-h / ˈɒˀ-ˈoː / ∅-ɾ

-------------------

/hˈɒːs/ - /hˈɔɾs/
[3/3] h-h / ˈɒː-ˈɔ / ∅-ɾ / s-s

-------------------

/hˈɛli/ - /hˈæɪ̯lɑɡ/
[1/1] h-h / ˈɛ-ˈæɪ̯ / l-l / i-ɑ / ∅-ɡ

-------------------

/hˈɛˀɐ/ - /hˈeːɾ/
[5/5] h-h / ˈɛˀ-ˈeː / ɐ-ɾ

-------------------

/hˈɛːw/ - /hˈɑː/
[5/5] h-h / ˈɛː-ˈɑː / w-∅

-------------------

/hˈʌnˀ/ - /hˈɑnː/
[3/3] h-h / ˈʌ-ˈɑ / nˀ-nː

-------------------

/hˈʌˀj/ - /hˈæʉ̯ɡ/
[5/5] h-h / ˈʌˀ-ˈæʉ̯ / j-ɡ

-------------------

/jˈoˀɐ/ - /jˈuːɾ/
[5/5] j-j / ˈoˀ-ˈuː / ɐ-ɾ

-------------------

/jˈɑj/ - /ˈeːɡ/
[5/5] j-∅ / ˈɑ-ˈeː / j-ɡ

-------------------

/jˈɛlpə/ - /jˈɛlpɑ/
[3/3] j-j / ˈɛ-ˈɛ / l-l / p-p / ə-ɑ

-------------------

/jˈɛɐtə/ - /jˈɑɾtɑ/
[4/4] j-j / ˈɛ-ˈɑ / ɐ-ɾ / t-t / ə-ɑ

-------------------

/jˈɛˀm/ - /hˈæɪ̯m/
[2/3] ∅-h / j-ˈæɪ̯ / ˈɛˀ-∅ / m-m
[1/3] j-h / ˈɛˀ-ˈæɪ̯ / m-m

-------------------

/kʰnˈeˀ/ - /kʰnˈeː/
[4/4] kʰ-kʰ / n-n / ˈeˀ-ˈeː

-------------------

/kʰnˈuːð̞ˠə/ - /kʰnˈʉːt/
[5/5] kʰ-kʰ / n-n / ˈuː-ˈʉː / ð̞ˠ-t / ə-∅

-------------------

/kʰʋˈenə/ - /kʰʋˈɪnːe/
[2/2] kʰ-kʰ / ʋ-ʋ / ˈe-ˈɪ / n-nː / ə-e

-------------------

/kʰˈenə/ - /ɕˈɛnːɑ/
[3/3] kʰ-ɕ / ˈe-ˈɛ / n-nː / ə-ɑ

-------------------

/kʰˈiɐkə/ - /ɕˈʏɾɕɑ/
[4/4] kʰ-ɕ / ˈi-ˈʏ / ɐ-ɾ / k-ɕ / ə-ɑ

-------------------

/kʰˈoɐˀn/ - /kʰˈʊɾn/
[4/4] kʰ-kʰ / ˈo-ˈʊ / ɐˀ-ɾ / n-n

-------------------

/kʰˈoˀ/ - /kʰˈʉː/
[4/4] kʰ-kʰ / ˈoˀ-ˈʉː

-------------------

/kʰˈoːnə/ - /kʰˈuːne/
[4/4] kʰ-kʰ / ˈoː-ˈuː / n-n / ə-e

-------------------

/kʰˈunə/ - /kʰˈʉnːɑ/
[5/5] kʰ-kʰ / ˈu-ˈʉ / n-nː / ə-ɑ

-------------------

/kʰˈyleŋ/ - /ɕˈʉklɪŋ/
[5/5] kʰ-ɕ / ˈy-ˈʉ / ∅-k / l-l / e-ɪ / ŋ-ŋ

-------------------

/kʰˈæt/ - /kʰˈɑtː/
[4/4] kʰ-kʰ / ˈæ-ˈɑ / t-tː

-------------------

/kʰˈœð̞ˠ/ - /ɕˈøːt/
[4/4] kʰ-ɕ / ˈœ-ˈøː / ð̞ˠ-t

-------------------

/kʰˈɛlˀʋ/ - /kʰˈɑlʋ/
[3/3] kʰ-kʰ / ˈɛ-ˈɑ / lˀ-l / ʋ-ʋ

-------------------

/kʰˈɛˀɐ/ - /ɕˈæːɾ/
[5/5] kʰ-ɕ / ˈɛˀ-ˈæː / ɐ-ɾ

-------------------

/kʰˈʌlˀ/ - /kʰˈɑlː/
[3/3] kʰ-kʰ / ˈʌ-ˈɑ / lˀ-lː

-------------------

/kʰˈʌmə/ - /kʰˈoːmɑ/
[4/4] kʰ-kʰ / ˈʌ-ˈoː / m-m / ə-ɑ

-------------------

/kʰˈʌŋə/ - /kʰˈʊŋ/
[5/5] kʰ-kʰ / ˈʌ-ˈʊ / ŋ-ŋ / ə-∅

-------------------

/lˈanˀ/ - /lˈɑnd/
[2/3] l-l / ˈa-ˈɑ / nˀ-n / #>-d_#>
[1/3] l-l / ˈa-ˈɑ / nˀ-n / ∅-d

-------------------

/lˈeɡ̊ə/ - /lˈɪjːɑ/
[4/4] l-l / ˈe-ˈɪ / ɡ̊-jː / ə-ɑ

-------------------

/lˈeˀ/ - /lˈeː/
[3/3] l-l / ˈeˀ-ˈeː

-------------------

/lˈeˀwɐ/ - /lˈeːʋeɾ/
[1/3] l-l / ˈeˀ-ˈeː / w-ʋ / ∅-e / ɐ-ɾ
[1/3] l-l / ˈeˀ-ˈeː / w-ʋ / ɐ-e_ɾ
[1/3] l-l / ˈeˀ-ˈeː / w-ʋ / ɐ-e / ∅-ɾ

-------------------

/lˈuˀs/ - /lˈʉːs/
[5/5] l-l / ˈuˀ-ˈʉː / s-s

-------------------

/lˈyˀs/ - /jˈuːs/
[3/5] l-∅ / ˈyˀ-j / ∅-ˈuː / s-s
[2/5] l-j / ˈyˀ-ˈuː / s-s

-------------------

/lˈyːw/ - /jˈʉːɡɑ/
[3/4] l-j / ˈyː-ˈʉː / w-ɡ / ∅-ɑ
[1/4] l-j / ˈyː-ˈʉː / ∅-ɡ / w-ɑ

-------------------

/lˈøːb̥ə/ - /lˈæʉ̯pɑ/
[4/4] l-l / ˈøː-ˈæʉ̯ / b̥-p / ə-ɑ

-------------------

/lˈœˀw/ - /lˈæʉ̯ʋ/
[5/5] l-l / ˈœˀ-ˈæʉ̯ / w-ʋ

-------------------

/lˈɑmˀ/ - /lˈɑmː/
[3/3] l-l / ˈɑ-ˈɑ / mˀ-mː

-------------------

/lˈɑŋˀ/ - /lˈɑŋː/
[3/3] l-l / ˈɑ-ˈɑ / ŋˀ-ŋː

-------------------

/lˈɛt/ - /lˈɛʰtː/
[3/3] l-l / ˈɛ-ˈɛ / t-ʰtː

-------------------

/mˈelˀk/ - /mjˈœlk/
[2/2] m-m / ∅-j / ˈe-ˈœ / lˀ-l / k-k

-------------------

/mˈenˀ/ - /mˈɛnː/
[5/5] m-m / ˈe-ˈɛ / nˀ-nː

-------------------

/mˈen̩skə/ - /mˈɛnːɛʃe/
[5/5] m-m / ˈe-ˈɛ / n-nː / s-∅ / ∅-ɛ / k-ʃ / ə-e

-------------------

/mˈoːɐ/ - /mˈuːɾ/
[4/4] m-m / ˈoː-ˈuː / ɐ-ɾ

-------------------

/mˈuˀs/ - /mˈyːseɾ/
[4/4] m-m / ˈuˀ-ˈyː / s-s / ∅-e / ∅-ɾ

-------------------

/mˈuˀs/ - /mˈʉːs/
[4/4] m-m / ˈuˀ-ˈʉː / s-s

-------------------

/mˈyɡ̊/ - /mˈʏɡː/
[4/4] m-m / ˈy-ˈʏ / ɡ̊-ɡː

-------------------

/mˈɑj/ - /mˈeːɡ/
[5/5] m-m / ˈɑ-ˈeː / j-ɡ

-------------------

/mˈɔnˀ/ - /mˈʉnː/
[5/5] m-m / ˈɔ-ˈʉ / nˀ-nː

-------------------

/mˈɔːnə/ - /mˈoːne/
[4/4] m-m / ˈɔː-ˈoː / n-n / ə-e

-------------------

/mˈɔːnəð̞ˠ/ - /mˈoːnɑ/
[4/4] m-m / ˈɔː-ˈoː / n-n / ə-ɑ / ð̞ˠ-∅

-------------------

/mˈɛnˀ/ - /mˈɑnː/
[5/5] m-m / ˈɛ-ˈɑ / nˀ-nː

-------------------

/nˈawˀn/ - /nˈɑmn/
[4/4] n-n / ˈa-ˈɑ / wˀ-m / n-n

-------------------

/nˈiˀ/ - /nˈiː/
[4/4] n-n / ˈiˀ-ˈiː

-------------------

/nˈoɐˀ/ - /nˈuːɾ/
[4/4] n-n / ˈo-ˈuː / ɐˀ-ɾ

-------------------

/nˈyˀ/ - /nˈyː/
[5/5] n-n / ˈyˀ-ˈyː

-------------------

/nˈœˀð̞ˠ/ - /nˈœʰtː/
[4/5] n-n / ˈœˀ-ˈœ / ð̞ˠ-ʰtː
[1/5] n-n / ˈœˀ-ˈœ / ð̞ˠ-∅ / ∅-ʰtː

-------------------

/nˈɑjˀl/ - /nˈɑɡl/
[3/3] n-n / ˈɑ-ˈɑ / jˀ-ɡ / l-l

-------------------

/nˈɔˀl/ - /nˈoːl/
[5/5] n-n / ˈɔˀ-ˈoː / l-l

-------------------

/nˈɛstə/ - /nˈɛste/
[5/5] n-n / ˈɛ-ˈɛ / s-s / t-t / ə-e

-------------------

/nˈɛt/ - /nˈɑʰtː/
[5/5] n-n / ˈɛ-ˈɑ / t-ʰtː

-------------------

/nˈɛːsə/ - /nˈɑːse/
[4/4] n-n / ˈɛː-ˈɑː / s-s / ə-e

-------------------

/nˈʌjən/ - /nˈɑːɕen/
[4/4] n-n / ˈʌ-ˈɑː / j-ɕ / ə-e / n-n

-------------------

/pʰlˈeɡ̊t/ - /pʰlˈɪkt/
[3/3] pʰ-pʰ / l-l / ˈe-ˈɪ / ɡ̊-k / t-t

-------------------

/skjˈʌlˀ/ - /ʃˈɔlː/
[5/5] s-∅ / k-ʃ / j-∅ / ˈʌ-ˈɔ / lˀ-lː

-------------------

/skˈap/ - /skˈɑɾp/
[2/2] s-s / k-k / ˈa-ˈɑ / ∅-ɾ / p-p

-------------------

/skˈiˀb̥/ - /ʃˈiːp/
[5/5] s-∅ / k-ʃ / ˈiˀ-ˈiː / b̥-p

-------------------

/skˈiˀð̞ˠ/ - /ʃˈiːt/
[5/5] s-∅ / k-ʃ / ˈiˀ-ˈiː / ð̞ˠ-t

-------------------

/skˈoˀ/ - /skˈuː/
[3/3] s-s / k-k / ˈoˀ-ˈuː

-------------------

/skˈyːð̞ˠə/ - /ʃˈyːtɑ/
[4/4] s-∅ / k-ʃ / ˈyː-ˈyː / ð̞ˠ-t / ə-ɑ

-------------------

/slˈɑŋə/ - /slˈɑŋːe/
[4/4] s-s / l-l / ˈɑ-ˈɑ / ŋ-ŋː / ə-e

-------------------

/slˈɔˀ/ - /slˈoː/
[4/4] s-s / l-l / ˈɔˀ-ˈoː

-------------------

/snˈeˀ/ - /snˈøː/
[3/3] s-s / n-n / ˈeˀ-ˈøː

-------------------

/stjˈæɐnə/ - /sɕˈɛnːe/
[3/5] s-s / t-ɕ / j-∅ / ˈæ-ˈɛ / ɐ-∅ / n-nː / ə-e
[2/5] s-s / t-∅ / j-ɕ / ˈæ-ˈɛ / ɐ-∅ / n-nː / ə-e

-------------------

/stˈeˀn/ - /stˈæɪ̯n/
[5/5] s-s / t-t / ˈeˀ-ˈæɪ̯ / n-n

-------------------

/stˈoˀl/ - /stˈuːl/
[5/5] s-s / t-t / ˈoˀ-ˈuː / l-l

-------------------

/stˈoˀɐ/ - /stˈuːɾ/
[5/5] s-s / t-t / ˈoˀ-ˈuː / ɐ-ɾ

-------------------

/stˈɔˀm/ - /stˈɔɾm/
[4/4] s-s / t-t / ˈɔˀ-ˈɔ / ∅-ɾ / m-m

-------------------

/sʋˈeˀð̞ˠ/ - /sʋˈæɪ̯ʰtːe/
[2/3] s-s / ʋ-ʋ / ˈeˀ-ˈæɪ̯ / ð̞ˠ-ʰtː / ∅-e
[1/3] s-s / ʋ-ʋ / ˈeˀ-ˈæɪ̯ / ∅-ʰtː / ð̞ˠ-e

-------------------

/sʋˈiˀn/ - /sʋˈiːn/
[4/4] s-s / ʋ-ʋ / ˈiˀ-ˈiː / n-n

-------------------

/sʋˈœmə/ - /sˈʏmjɑ/
[4/4] s-s / ʋ-∅ / ˈœ-ˈʏ / m-m / ∅-j / ə-ɑ

-------------------

/sʋˈɛɐˀ/ - /sʋˈæːɾ/
[5/5] s-s / ʋ-ʋ / ˈɛ-ˈæː / ɐˀ-ɾ

-------------------

/sˈanˀ/ - /sˈɑnː/
[3/3] s-s / ˈa-ˈɑ / nˀ-nː

-------------------

/sˈeð̞ˠə/ - /sˈɪɕːɑ/
[5/5] s-s / ˈe-ˈɪ / ð̞ˠ-ɕː / ə-ɑ

-------------------

/sˈeː/ - /ʃˈoː/
[5/5] s-ʃ / ˈeː-ˈoː

-------------------

/sˈiːð̞ˠə/ - /sˈiːe/
[4/4] s-s / ˈiː-ˈiː / ð̞ˠ-∅ / ə-e

-------------------

/sˈiːə/ - /sˈæɪ̯jɑ/
[3/5] s-s / ˈiː-ˈæɪ̯ / ∅-j / ə-ɑ
[2/5] s-s / ∅-ˈæɪ̯ / ˈiː-j / ə-ɑ

-------------------

/sˈoɐt/ - /sʋˈɑɾt/
[4/4] s-s / ∅-ʋ / ˈo-ˈɑ / ɐ-ɾ / t-t

-------------------

/sˈoˀ/ - /sˈʉː/
[4/4] s-s / ˈoˀ-ˈʉː

-------------------

/sˈuˀɐ/ - /sˈʉːɾ/
[4/4] s-s / ˈuˀ-ˈʉː / ɐ-ɾ

-------------------

/sˈuːw/ - /sˈʉːɡɑ/
[3/4] s-s / ˈuː-ˈʉː / w-ɡ / ∅-ɑ
[1/4] s-s / ˈuː-ˈʉː / ∅-ɡ / w-ɑ

-------------------

/sˈyˀ/ - /ʃˈʉːk/
[4/4] s-ʃ / ˈyˀ-ˈʉː / ∅-k

-------------------

/sˈyˀw/ - /ʃˈʉː/
[4/4] s-ʃ / ˈyˀ-ˈʉː / w-∅

-------------------

/sˈøŋə/ - /sˈʏɲjɑ/
[4/4] s-s / ˈø-ˈʏ / ŋ-ɲ / ∅-j / ə-ɑ

-------------------

/sˈøːə/ - /sˈøːɕɑ/
[4/4] s-s / ˈøː-ˈøː / ∅-ɕ / ə-ɑ

-------------------

/sˈœn/ - /sˈɔn/
[5/5] s-s / ˈœ-ˈɔ / n-n

-------------------

/sˈœstɐ/ - /sˈʏstɛɾ/
[4/4] s-s / ˈœ-ˈʏ / s-s / t-t / ɐ-ɛ / ∅-ɾ

-------------------

/sˈœˀð̞ˠ/ - /sˈøːt/
[5/5] s-s / ˈœˀ-ˈøː / ð̞ˠ-t

-------------------

/sˈɒːw/ - /sˈoːʋɑ/
[3/4] s-s / ˈɒː-ˈoː / w-ʋ / ∅-ɑ
[1/4] s-s / ˈɒː-ˈoː / ∅-ʋ / w-ɑ

-------------------

/sˈɛks/ - /sˈɛks/
[5/5] s-s / ˈɛ-ˈɛ / k-k / s-s

-------------------

/sˈɛlˀ/ - /ʃˈœlʋ/
[4/4] s-ʃ / ˈɛ-ˈœ / lˀ-l / ∅-ʋ

-------------------

/sˈɛlˀt/ - /sˈɑlt/
[4/4] s-s / ˈɛ-ˈɑ / lˀ-l / t-t

-------------------

/sˈʌmɐ/ - /sˈʊmɑɾ/
[2/3] s-s / ˈʌ-ˈʊ / m-m / ɐ-ɑ_ɾ
[1/3] s-s / ˈʌ-ˈʊ / m-m / ∅-ɑ / ɐ-ɾ

-------------------

/ɡ̊ʁˈas/ - /ɡɾˈɑːs/
[5/5] ɡ̊-ɡ / ʁ-ɾ / ˈa-ˈɑː / s-s

-------------------

/ɡ̊ʁˈœˀn/ - /ɡɾˈøːn/
[5/5] ɡ̊-ɡ / ʁ-ɾ / ˈœˀ-ˈøː / n-n

-------------------

/ɡ̊ˈeˀð̞ˠ/ - /jˈæɪ̯t/
[5/5] ɡ̊-j / ˈeˀ-ˈæɪ̯ / ð̞ˠ-t

-------------------

/ɡ̊ˈiˀ/ - /jˈeːʋɑ/
[1/1] ɡ̊-j / ˈiˀ-ˈeː / ∅-ʋ / ∅-ɑ

-------------------

/ɡ̊ˈoˀð̞ˠ/ - /ɡˈuː/
[5/5] ɡ̊-ɡ / ˈoˀ-ˈuː / ð̞ˠ-∅

-------------------

/ɡ̊ˈulˀ/ - /ɡˈʉlː/
[4/4] ɡ̊-ɡ / ˈu-ˈʉ / lˀ-lː

-------------------

/ɡ̊ˈuð̞ˠ/ - /ɡˈʉːd/
[3/3] ɡ̊-ɡ / ˈu-ˈʉː / ð̞ˠ-d

-------------------

/ɡ̊ˈuˀl/ - /ɡˈʉːl/
[5/5] ɡ̊-ɡ / ˈuˀ-ˈʉː / l-l

-------------------

/ɡ̊ˈɑˀn/ - /ɡˈɑɾn/
[4/4] ɡ̊-ɡ / ˈɑˀ-ˈɑ / ∅-ɾ / n-n

-------------------

/ɡ̊ˈɔˀ/ - /ɡˈoː/
[3/3] ɡ̊-ɡ / ˈɔˀ-ˈoː

-------------------

/ɡ̊ˈɔˀ/ - /ɡˈɑŋːɑ/
[2/2] ɡ̊-ɡ / ∅-ˈɑ / ˈɔˀ-ŋː / ∅-ɑ

-------------------

/ɡ̊ˈɔˀs/ - /ɡˈoːs/
[4/4] ɡ̊-ɡ / ˈɔˀ-ˈoː / s-s

-------------------

/ɡ̊ˈɛst/ - /jˈɛst/
[5/5] ɡ̊-j / ˈɛ-ˈɛ / s-s / t-t

-------------------

/ʁˈat/ - /ɾˈɛʰtː/
[5/5] ʁ-ɾ / ˈa-ˈɛ / t-ʰtː

-------------------

/ʁˈeŋˀ/ - /ɾˈɪŋː/
[3/3] ʁ-ɾ / ˈe-ˈɪ / ŋˀ-ŋː

-------------------

/ʁˈiˀ/ - /ɾˈiːk/
[4/4] ʁ-ɾ / ˈiˀ-ˈiː / ∅-k

-------------------

/ʁˈoˀð̞ˠ/ - /ɾˈuːt/
[5/5] ʁ-ɾ / ˈoˀ-ˈuː / ð̞ˠ-t

-------------------

/ʁˈœɡ̊/ - /ɾˈʏɡː/
[4/4] ʁ-ɾ / ˈœ-ˈʏ / ɡ̊-ɡː

-------------------

/ʁˈœˀð̞ˠ/ - /ɾˈæʉ̯/
[4/4] ʁ-ɾ / ˈœˀ-ˈæʉ̯ / ð̞ˠ-∅

-------------------

/ʁˈɑjˀn/ - /ɾˈɛɡn/
[5/5] ʁ-ɾ / ˈɑ-ˈɛ / jˀ-ɡ / n-n

-------------------

/ʁˈʌˀj/ - /ɾˈœʏ̯k/
[3/3] ʁ-ɾ / ˈʌˀ-ˈœʏ̯ / j-k

-------------------

/ʋˈanˀ/ - /ʋˈɑtn/
[3/3] ʋ-ʋ / ˈa-ˈɑ / ∅-t / nˀ-n

-------------------

/ʋˈað̞ˠ/ - /kʰʋˈɑː/
[4/5] ∅-kʰ / ʋ-ʋ / ˈa-ˈɑː / ð̞ˠ-∅
[1/5] ʋ-kʰ_ʋ / ˈa-ˈɑː / ð̞ˠ-∅

-------------------

/ʋˈenˀ/ - /ʋˈɪnː/
[4/4] ʋ-ʋ / ˈe-ˈɪ / nˀ-nː

-------------------

/ʋˈenˀtɐ/ - /ʋˈɛʰtːəɾ/
[5/5] ʋ-ʋ / ˈe-ˈɛ / nˀ-∅ / t-ʰtː / ɐ-ə / ∅-ɾ

-------------------

/ʋˈeˀj/ - /ʋˈæɪ̯k/
[3/4] ʋ-ʋ / ˈeˀ-ˈæɪ̯ / j-k
[1/4] ʋ-ʋ / ˈeˀ-ˈæɪ̯ / j-∅ / ∅-k

-------------------

/ʋˈi/ - /ʋˈiː/
[4/4] ʋ-ʋ / ˈi-ˈiː

-------------------

/ʋˈilˀ/ - /ʋˈɪlː/
[5/5] ʋ-ʋ / ˈi-ˈɪ / lˀ-lː

-------------------

/ʋˈiˀn/ - /ʋˈiːn/
[4/4] ʋ-ʋ / ˈiˀ-ˈiː / n-n

-------------------

/ʋˈiˀð̞ˠ/ - /kʰʋˈiːt/
[2/3] ∅-kʰ / ʋ-ʋ / ˈiˀ-ˈiː / ð̞ˠ-t
[1/3] ʋ-kʰ_ʋ / ˈiˀ-ˈiː / ð̞ˠ-t

-------------------

/ʋˈiːð̞ˠə/ - /ʋˈiːtɑ/
[3/3] ʋ-ʋ / ˈiː-ˈiː / ð̞ˠ-t / ə-ɑ

-------------------

/ʋˈɑˀj/ - /ʋˈeːɡ/
[3/3] ʋ-ʋ / ˈɑˀ-ˈeː / j-ɡ

-------------------

/ʋˈɑˀm/ - /ʋˈɑɾm/
[3/3] ʋ-ʋ / ˈɑˀ-ˈɑ / ∅-ɾ / m-m

-------------------

/ʋˈɔˀb̥m̩/ - /ʋˈoːpen/
[2/4] ʋ-ʋ / ˈɔˀ-ˈoː / b̥-p / ∅-e / m-n
[1/4] ʋ-ʋ / ˈɔˀ-ˈoː / b̥-p / m-∅ / ∅-e / ∅-n
[1/4] ʋ-ʋ / ˈɔˀ-ˈoː / b̥-p / m-e / ∅-n

-------------------

/ʋˈɛˀl/ - /kʰʋˈɑːl/
[2/3] ∅-kʰ / ʋ-ʋ / ˈɛˀ-ˈɑː / l-l
[1/3] ʋ-kʰ_ʋ / ˈɛˀ-ˈɑː / l-l

-------------------

/ʋˈɛˀɐ/ - /vˈæːɾ/
[5/5] ʋ-v / ˈɛˀ-ˈæː / ɐ-ɾ

-------------------

/ʦʰʁˈeˀ/ - /tʰɾˈeː/
[2/2] ʦʰ-tʰ / ʁ-ɾ / ˈeˀ-ˈeː

-------------------

/ʦʰʁˈœkə/ - /tʰɾˈʏɕːɑ/
[4/4] ʦʰ-tʰ / ʁ-ɾ / ˈœ-ˈʏ / k-ɕː / ə-ɑ

-------------------

/ʦʰʁˈɑtn̩/ - /tʰɾˈɛtːen/
[5/5] ʦʰ-tʰ / ʁ-ɾ / ˈɑ-ˈɛ / t-tː / ∅-e / n-n

-------------------

/ʦʰʁˈɛˀ/ - /tʰɾˈeː/
[3/3] ʦʰ-tʰ / ʁ-ɾ / ˈɛˀ-ˈeː

-------------------

/ʦʰˈanˀ/ - /tʰˈɑnː/
[3/3] ʦʰ-tʰ / ˈa-ˈɑ / nˀ-nː

-------------------

/ʦʰˈeŋˀ/ - /tʰˈɪŋː/
[3/3] ʦʰ-tʰ / ˈe-ˈɪ / ŋˀ-ŋː

-------------------

/ʦʰˈiˀ/ - /tʰˈiː/
[2/2] ʦʰ-tʰ / ˈiˀ-ˈiː

-------------------

/ʦʰˈiˀð̞ˠ/ - /tʰˈiː/
[3/3] ʦʰ-tʰ / ˈiˀ-ˈiː / ð̞ˠ-∅

-------------------

/ʦʰˈoˀ/ - /tʰˈuː/
[5/5] ʦʰ-tʰ / ˈoˀ-ˈuː

-------------------

/ʦʰˈuˀsn̩/ - /tʰˈʉːsen/
[5/5] ʦʰ-tʰ / ˈuˀ-ˈʉː / s-s / ∅-e / n-n

-------------------

/ʦʰˈyk/ - /ɕˈʉʰkː/
[4/4] ʦʰ-ɕ / ˈy-ˈʉ / k-ʰkː

-------------------

/ʦʰˈysk/ - /tʰˈʏsk/
[3/3] ʦʰ-tʰ / ˈy-ˈʏ / s-s / k-k

-------------------

/ʦʰˈyˀw/ - /ɕˈʉːʋ/
[3/3] ʦʰ-ɕ / ˈyˀ-ˈʉː / w-ʋ

-------------------

/ʦʰˈyːw/ - /ɕˈʉːe/
[3/3] ʦʰ-ɕ / ˈyː-ˈʉː / w-e

-------------------

/ʦʰˈønˀ/ - /tʰˈʏnː/
[4/4] ʦʰ-tʰ / ˈø-ˈʏ / nˀ-nː

-------------------

/ʦʰˈœɐst/ - /tʰˈœɾstə/
[4/4] ʦʰ-tʰ / ˈœ-ˈœ / ɐ-ɾ / s-s / t-t / ∅-ə

-------------------

/ʦʰˈœˀɐ/ - /tʰˈʉɾ/
[4/4] ʦʰ-tʰ / ˈœˀ-ˈʉ / ɐ-ɾ

-------------------

/ʦʰˈɑjˀn/ - /tʰˈæɪ̯kn̩/
[5/5] ʦʰ-tʰ / ˈɑ-ˈæɪ̯ / jˀ-k / n-n

-------------------

/ʦʰˈɑkə/ - /tʰˈɑʰkːɑ/
[2/2] ʦʰ-tʰ / ˈɑ-ˈɑ / k-ʰkː / ə-ɑ

-------------------

/ʦʰˈɒmə/ - /tʰˈɔmːe/
[5/5] ʦʰ-tʰ / ˈɒ-ˈɔ / m-mː / ə-e

-------------------

/ʦʰˈɔŋə/ - /tʰˈʉŋːe/
[5/5] ʦʰ-tʰ / ˈɔ-ˈʉ / ŋ-ŋː / ə-e

-------------------

/ʦʰˈɔˀ/ - /tʰˈoː/
[4/4] ʦʰ-tʰ / ˈɔˀ-ˈoː

-------------------

/ʦʰˈɔːɐ/ - /tʰˈoːɾe/
[3/5] ʦʰ-tʰ / ˈɔː-ˈoː / ɐ-ɾ / ∅-e
[1/5] ʦʰ-tʰ / ˈɔː-ˈoː / ∅-ɾ / ɐ-e
[1/5] ʦʰ-tʰ / ˈɔː-ˈoː / ɐ-ɾ / #>-e_#>

-------------------

/ʦʰˈʌlˀ/ - /tʰˈɔlʋ/
[4/4] ʦʰ-tʰ / ˈʌ-ˈɔ / lˀ-l / ∅-ʋ

-------------------

/ʨˈœɐˀn/ - /tʰˈʊɾn/
[3/5] ʨ-tʰ / ˈœ-ˈʊ / ɐˀ-ɾ / n-n
[2/5] ʨ-tʰ / ˈœ-∅ / ɐˀ-ˈʊ / ∅-ɾ / n-n

-------------------

/ˈal/ - /ˈɑlː/
[4/4] ˈa-ˈɑ / l-lː

-------------------

/ˈanən/ - /ˈɑnːɑn/
[4/4] ˈa-ˈɑ / n-nː / ə-ɑ / n-n

-------------------

/ˈaːb̥ə/ - /ˈɑːpe/
[5/5] ˈaː-ˈɑː / b̥-p / ə-e

-------------------

/ˈeˀj/ - /ˈæɪ̯k/
[4/4] ˈeˀ-ˈæɪ̯ / j-k

-------------------

/ˈeˀn/ - /ˈæɪ̯n/
[4/4] ˈeˀ-ˈæɪ̯ / n-n

-------------------

/ˈeˀɡ̊/ - /ˈɛɡː/
[7/7] ˈeˀ-ˈɛ / ɡ̊-ɡː

-------------------

/ˈeːb̥lə/ - /ˈɛple/
[5/5] ˈeː-ˈɛ / b̥-p / l-l / ə-e

-------------------

/ˈi/ - /dˈeː/
[3/3] ∅-d / ˈi-ˈeː

-------------------

/ˈilˀ/ - /fˈyːɾ/
[1/1] ∅-f / ˈi-ˈyː / lˀ-ɾ

-------------------

/ˈilˀ/ - /ˈɛlː/
[3/3] ˈi-ˈɛ / lˀ-lː

-------------------

/ˈiˀ/ - /ˈiː/
[5/5] ˈiˀ-ˈiː

-------------------

/ˈiˀs/ - /ˈiːs/
[4/4] ˈiˀ-ˈiː / s-s

-------------------

/ˈoɐˀ/ - /ˈuːɾ/
[5/5] ˈo-ˈuː / ɐˀ-ɾ

-------------------

/ˈoːtə/ - /ˈɔʰtːe/
[4/4] ˈoː-ˈɔ / t-ʰtː / ə-e

-------------------

/ˈoːʋɐ/ - /ˈoːʋeɾ/
[2/4] ˈoː-ˈoː / ʋ-ʋ / ɐ-e_ɾ
[1/4] ˈoː-ˈoː / ʋ-ʋ / ∅-e / ɐ-ɾ
[1/4] ˈoː-ˈoː / ʋ-ʋ / ɐ-e / ∅-ɾ

-------------------

/ˈulˀ/ - /ˈʉlː/
[4/4] ˈu-ˈʉ / lˀ-lː

-------------------

/ˈulˀʋ/ - /ˈʉlʋ/
[5/5] ˈu-ˈʉ / lˀ-l / ʋ-ʋ

-------------------

/ˈuˀð̞ˠ/ - /ˈʉːt/
[4/4] ˈuˀ-ˈʉː / ð̞ˠ-t

-------------------

/ˈuːlə/ - /ˈʉɡle/
[5/5] ˈuː-ˈʉ / ∅-ɡ / l-l / ə-e

-------------------

/ˈuːə/ - /vˈeːke/
[3/3] ∅-v / ˈuː-ˈeː / ∅-k / ə-e

-------------------

/ˈøːɐ/ - /ˈœʏ̯ɾɑ/
[4/4] ˈøː-ˈœʏ̯ / ɐ-ɾ / ∅-ɑ

-------------------

/ˈœnskə/ - /ˈʏnʃɑ/
[4/4] ˈœ-ˈʏ / n-n / s-∅ / k-ʃ / ə-ɑ

-------------------

/ˈɑˀm/ - /ˈɑɾm/
[5/5] ˈɑˀ-ˈɑ / ∅-ɾ / m-m

-------------------

/ˈɒwˀn/ - /ˈɔmn/
[5/5] ˈɒ-ˈɔ / wˀ-m / n-n

-------------------

/ˈɔnˀɐ/ - /ˈʉndəɾ/
[9/9] ˈɔ-ˈʉ / nˀ-n / ∅-d / ɐ-ə / ∅-ɾ

-------------------

/ˈɔp/ - /ˈʉʰpː/
[4/4] ˈɔ-ˈʉ / p-ʰpː

-------------------

/ˈɔŋˀ/ - /ˈʉŋː/
[5/5] ˈɔ-ˈʉ / ŋˀ-ŋː

-------------------

/ˈɔˀ/ - /ˈoːɾ/
[4/4] ˈɔˀ-ˈoː / ∅-ɾ

-------------------

/ˈɔˀl/ - /ˈoːl/
[3/3] ˈɔˀ-ˈoː / l-l

-------------------

/ˈɛlʋə/ - /ˈɛlʋe/
[3/3] ˈɛ-ˈɛ / l-l / ʋ-ʋ / ə-e

-------------------

/ˈɛskə/ - /ˈʊske/
[4/4] ˈɛ-ˈʊ / s-s / k-k / ə-e

-------------------

/ˈɛːð̞ˠə/ - /ˈeːtɑ/
[4/4] ˈɛː-ˈeː / ð̞ˠ-t / ə-ɑ

-------------------

/ˈʌjə/ - /ˈæʉ̯ɡɑ/
[5/5] ˈʌ-ˈæʉ̯ / j-ɡ / ə-ɑ

-------------------

/ˈʌs/ - /ˈɔsː/
[5/5] ˈʌ-ˈɔ / s-sː

-------------------

