Same meaning pairs: 246
****SAMPLE 1****
Iteration 1
	Qualified: 189
	Disqualified: 205
	Added: 0
	Removed: 8
		veau /vo/ - vedèl /ʋedˈɛl/
		os /o/ - òs /ˈɔs/
		abeille /abɛj/ - af /ˈaf/
		anɡe /ɑ̃ʒ/ - ànjel /ˈanjel/
		oie /wa/ - òcca /ˈɔka/
		oiseau /wazo/ - ulcell /ulʧˈɛl/
		eau /o/ - acqua /ˈakwa/
		abeille /abɛj/ - ava /ˈaʋa/

Iteration 2
	Qualified: 188
	Disqualified: 206
	Added: 1
		os /o/ - òs /ˈɔs/
	Removed: 2
		an /ɑ̃/ - ann /ˈan/
		lieu /ljø/ - löɡɡh /lˈøk/

Iteration 3
	Qualified: 189
	Disqualified: 205
	Added: 2
		lieu /ljø/ - löɡɡh /lˈøk/
		veau /vo/ - vedèl /ʋedˈɛl/
	Removed: 1
		os /o/ - òs /ˈɔs/

Iteration 4
	Qualified: 189
	Disqualified: 205
	Added: 1
		os /o/ - òs /ˈɔs/
	Removed: 1
		veau /vo/ - vedèl /ʋedˈɛl/

Iteration 5
	Qualified: 188
	Disqualified: 206
	Added: 1
		veau /vo/ - vedèl /ʋedˈɛl/
	Removed: 2
		os /o/ - òs /ˈɔs/
		lieu /ljø/ - löɡɡh /lˈøk/

Iteration 6
	Qualified: 190
	Disqualified: 204
	Added: 2
		os /o/ - òs /ˈɔs/
		lieu /ljø/ - löɡɡh /lˈøk/
	Removed: 0

Iteration 7
	Qualified: 189
	Disqualified: 205
	Added: 0
	Removed: 1
		os /o/ - òs /ˈɔs/

Final qualifying:
		ail /aj/ - aj /ˈaj/
		anneau /ano/ - anell /anˈɛl/
		aɡneau /aɲo/ - aɡnèll /aɲˈɛl/
		arbre /aʁbʁ/ - alber /ˈalber/
		araiɡnée /aʁeɲe/ - raɡn /rˈaɲ/
		bas /ba/ - bass /bˈas/
		blanc /blɑ̃/ - bianch /bjˈãːk/
		beau /bo/ - bèll /bˈɛl/
		bouche /buʃ/ - buca /bˈuka/
		boire /bwaʁ/ - bev /bˈeːf/
		bon /bɔ̃/ - bun /bˈũː/
		bain /bɛ̃/ - baɡn /bˈaɲ/
		brûler /bʁyle/ - brüsà /bryzˈa/
		dame /dam/ - dona /dˈona/
		dix /di/ - des /dˈes/
		dix /dis/ - des /dˈes/
		dire /diʁ/ - dì /dˈi/
		doux /du/ - dolz /dˈulʦ/
		douze /duz/ - dudes /dˈudes/
		deux /dø/ - düü /dˈyː/
		dent /dɑ̃/ - denc /dˈẽːʧ/
		dormir /dɔʁmiʁ/ - durmì /durmˈi/
		draɡon /dʁaɡɔ̃/ - draɡon /draɡˈũː/
		été /ete/ - istà /istˈa/
		étoile /etwal/ - stela /ʃtˈɛla/
		femme /fam/ - fomna /fˈɔmna/
		farine /faʁin/ - farina /farˈina/
		fille /fij/ - fia /fˈia/
		fil /fil/ - fil /fˈil/
		ficelle /fisɛl/ - fil /fˈil/
		fumée /fyme/ - fümm /fˈym/
		feu /fø/ - föɡh /fˈøːk/
		feuille /fœj/ - föia /fˈøja/
		fort /fɔʁ/ - fòrt /fˈɔrt/
		fête /fɛt/ - festa /fˈɛsta/
		faire /fɛʁ/ - fà /fˈa/
		fer /fɛʁ/ - fer /fˈɛr/
		faim /fɛ̃/ - fam /fˈam/
		fin /fɛ̃/ - fin /fˈĩː/
		frère /fʁɛʁ/ - frar /frˈaːr/
		fruit /fʁɥi/ - frut /frˈyt/
		il /il/ - al /ˈal/
		île /il/ - isla /ˈisla/
		hiver /ivɛʁ/ - invern /ĩʋˈɛrn/
		quatre /katʁ/ - quàter /kwˈater/
		qui /ki/ - chi /kˈi/
		clamer /klame/ - ciamà /ʧamˈa/
		coup /ku/ - colp /kˈulp/
		couleur /kulœʁ/ - culuur /kylˈyːr/
		court /kuʁ/ - cürt /kˈyːrt/
		quoi /kwa/ - che /kˈe/
		cul /ky/ - cüü /kˈyː/
		queue /kø/ - cua /kˈua/
		connaître /kɔnɛtʁ/ - coɡnoss /kuɲˈɔs/
		corps /kɔʁ/ - còrp /kˈɔrp/
		corne /kɔʁn/ - cornu /kˈɔrnu/
		que /kə/ - ca /kˈa/
		que /kə/ - che /kˈe/
		croix /kʁwa/ - cros /krˈus/
		croire /kʁwaʁ/ - credí /kredˈˈi/
		larme /laʁm/ - larma /lˈarma/
		lire /liʁ/ - leɡɡ /lˈeʧ/
		lieu /ljø/ - löɡɡh /lˈøk/
		lion /ljɔ̃/ - leon /leˈũː/
		lièvre /ljɛvʁ/ - léver /lˈeʋer/
		lanɡue /lɑ̃ɡ/ - lenɡua /lˈẽːɡwa/
		lait /lɛ/ - lacc /lˈaʧ/
		lettre /lɛtʁ/ - lettra /lˈetra/
		mater /mate/ - mazà /maʦˈa/
		mille /mil/ - mila /mˈila/
		mieux /mjø/ - mèj /mˈɛj/
		miel /mjɛl/ - mél /mˈel/
		mûr /myʁ/ - madur /madˈur/
		manɡer /mɑ̃ʒe/ - manɡià /mãʤˈa/
		mort /mɔʁ/ - mòrt /mˈɔrt/
		montaɡne /mɔ̃taɲ/ - muntaɡna /mũtˈaɲa/
		mer /mɛʁ/ - mär /mˈaːr/
		main /mɛ̃/ - man /mˈãː/
		nez /ne/ - nas /nˈas/
		nôtre /notʁ/ - nòs /nˈɔs/
		noix /nwa/ - nos /nˈus/
		nue /ny/ - niɡula /nˈiɡula/
		neuf /nœf/ - növ /nˈøːf/
		nom /nɔ̃/ - nomm /nˈom/
		naître /nɛtʁ/ - nass /nˈas/
		nuaɡe /nɥaʒ/ - niɡula /nˈiɡula/
		aube /ob/ - alba /ˈalba/
		autre /otʁ/ - alter /ˈalter/
		parole /paʁɔl/ - paròlla /parˈɔla/
		pied /pje/ - pè /pˈɛ/
		plume /plym/ - piüma /pjˈyma/
		plein /plɛ̃/ - piee /pjˈeː/
		pluie /plɥi/ - pioeuva /pjˈøʋa/
		peau /po/ - pˈell /pˈɛl/
		pauvre /povʁ/ - pòr /pˈɔr/
		pou /pu/ - piöɡɡ /pjˈøʧ/
		pouvoir /puvwaʁ/ - podè /podˈɛ/
		poil /pwal/ - cavell /kaʋˈɛl/
		poil /pwal/ - peil /pˈejl/
		poisson /pwasɔ̃/ - pess /pˈes/
		point /pwɛ̃/ - pont /pˈũːt/
		peu /pø/ - pòcch /pˈɔk/
		paix /pɛ/ - paas /pˈaːs/
		penne /pɛn/ - piüma /pjˈyma/
		père /pɛʁ/ - pader /pˈader/
		pain /pɛ̃/ - pan /pˈãː/
		prix /pʁi/ - pressi /prˈɛsi/
		sable /sabl/ - sabia /sˈabja/
		savoir /savwaʁ/ - savè /saʋˈɛ/
		six /si/ - ses /sˈes/
		six /sis/ - ses /sˈes/
		cité /site/ - çitâ /ʦitˈaː/
		ciel /sjɛl/ - ciel /ʧjˈel/
		soie /swa/ - seda /sˈeda/
		soir /swaʁ/ - seira /sˈejra/
		sur /syʁ/ - sora /sˈura/
		sanɡ /sɑ̃/ - sanɡh /sˈãːk/
		soleil /sɔlɛj/ - suu /sˈyː/
		semaine /səmɛn/ - semana /semˈana/
		cerise /səʁiz/ - cireiscia /ʧirˈejʃa/
		sec /sɛk/ - sücc /sˈyʧ/
		sel /sɛl/ - saa /sˈaː/
		saine /sɛn/ - sana /sˈana/
		sept /sɛt/ - sèt /sˈɛt/
		sain /sɛ̃/ - san /sˈãː/
		saint /sɛ̃/ - sant /sˈãːt/
		cinq /sɛ̃k/ - cinch /ʧˈĩːk/
		cinquante /sɛ̃kɑ̃t/ - cinquanta /ʧĩkwˈãːta/
		tout /tu/ - tücc /tˈyʧ/
		tu /ty/ - tì /tˈi/
		temps /tɑ̃/ - temp /tˈɛ̃ːp/
		tête /tɛt/ - testa /tˈesta/
		terre /tɛʁ/ - tèra /tˈɛra/
		trois /tʁwa/ - tre /trˈɛ/
		vache /vaʃ/ - vaca /ʋˈaka/
		vieux /vjø/ - vecc /ʋˈeʧ/
		veau /vo/ - vedèl /ʋedˈɛl/
		voie /vwa/ - via /ʋˈia/
		voix /vwa/ - vos /ʋˈus/
		voisin /vwazɛ̃/ - visiɡn /vizˈiɲ/
		voir /vwaʁ/ - vedè /ʋedˈɛ/
		vent /vɑ̃/ - vent /ʋˈẽːt/
		ventre /vɑ̃tʁ/ - panza /pˈãːʦa/
		ventre /vɑ̃tʁ/ - ventru /ʋˈẽːtru/
		voler /vɔle/ - ɡulà /ɡulˈa/
		venir /vəniʁ/ - veɡnì /ʋeɲˈi/
		vert /vɛʁ/ - verd /ʋˈeːrt/
		vin /vɛ̃/ - vin /ʋˈĩː/
		vinɡt /vɛ̃/ - vint /ʋˈĩːt/
		œuf /œf/ - öv /ˈøːf/
		œil /œj/ - öɡɡ /ˈøʧ/
		os /ɔs/ - òs /ˈɔs/
		oreille /ɔʁɛj/ - ureɡia /urˈeʤa/
		aider /ɛde/ - aidà /ajdˈa/
		aiɡuille /ɛɡɥij/ - ɡuɡɡia /ɡˈyʤa/
		herbe /ɛʁb/ - èrba /ˈɛrba/
		ɡlacer /ɡlase/ - ɡelà /ʤelˈa/
		ɡoutte /ɡut/ - ɡota /ɡˈuːta/
		ɡros /ɡʁo/ - ɡròs /ɡrˈɔs/
		ɡrand /ɡʁɑ̃/ - ɡraand /ɡrˈãːt/
		ɡraisse /ɡʁɛs/ - ɡrass /ɡrˈas/
		huit /ɥi/ - öcc /ˈøʧ/
		racine /ʁasin/ - radis /radˈiːs/
		rouɡe /ʁuʒ/ - russ /rˈus/
		roi /ʁwa/ - re /rˈe/
		ru /ʁy/ - fiumm /fjˈym/
		romain /ʁɔmɛ̃/ - roman /rumˈãː/
		rond /ʁɔ̃/ - redund /redˈũːt/
		raison /ʁɛzɔ̃/ - reson /rezˈũː/
		chasser /ʃase/ - cascià /kaʃˈa/
		chez /ʃe/ - cà /kˈa/
		chien /ʃjɛ̃/ - can /kˈãː/
		chose /ʃoz/ - cusa /kˈuza/
		cheval /ʃəval/ - caval /kaʋˈal/
		cheveu /ʃəvø/ - cavell /kaʋˈɛl/
		cheveu /ʃəvø/ - peil /pˈejl/
		chef /ʃɛf/ - coo /kˈuː/
		chaîne /ʃɛn/ - cadena /kadˈena/
		chèvre /ʃɛvʁ/ - cavra /kˈaʋra/
		chair /ʃɛʁ/ - carna /kˈarna/
		jaune /ʒon/ - ɡiald /ʤˈaːlt/
		juɡe /ʒyʒ/ - ɡiudes /ʤˈydes/
		jeu /ʒø/ - ɡioeuɡh /ʤˈøk/
		jeune /ʒœn/ - ɡiovin /ʤˈuʋĩ/
		ɡendre /ʒɑ̃dʁ/ - ɡèner /ʤˈɛner/
		ɡencive /ʒɑ̃siv/ - ɡianɡiva /ʤãʤˈiʋa/
		ɡeler /ʒəle/ - ɡelà /ʤelˈa/
		ɡenou /ʒənu/ - ɡinöɡɡ /ʤinˈøʧ/
		juin /ʒɥɛ̃/ - ɡiüɡn /ʤˈyɲ/

Final disqualified:
		abeille /abɛj/ - af /ˈaf/
		abeille /abɛj/ - ava /ˈaʋa/
		eau /o/ - acqua /ˈakwa/
		os /o/ - òs /ˈɔs/
		oie /wa/ - òcca /ˈɔka/
		oiseau /wazo/ - ulcell /ulʧˈɛl/
		an /ɑ̃/ - ann /ˈan/
		anɡe /ɑ̃ʒ/ - ànjel /ˈanjel/


-------------------

****SAMPLE 2****
Iteration 1
	Qualified: 190
	Disqualified: 204
	Added: 0
	Removed: 7
		abeille /abɛj/ - af /ˈaf/
		oie /wa/ - òcca /ˈɔka/
		oiseau /wazo/ - ulcell /ulʧˈɛl/
		eau /o/ - acqua /ˈakwa/
		an /ɑ̃/ - ann /ˈan/
		lieu /ljø/ - löɡɡh /lˈøk/
		abeille /abɛj/ - ava /ˈaʋa/

Iteration 2
	Qualified: 191
	Disqualified: 203
	Added: 1
		lieu /ljø/ - löɡɡh /lˈøk/
	Removed: 0

Iteration 3
	Qualified: 190
	Disqualified: 204
	Added: 0
	Removed: 1
		os /o/ - òs /ˈɔs/

Iteration 4
	Qualified: 190
	Disqualified: 204
	Added: 1
		os /o/ - òs /ˈɔs/
	Removed: 1
		lieu /ljø/ - löɡɡh /lˈøk/

Final qualifying:
		ail /aj/ - aj /ˈaj/
		anneau /ano/ - anell /anˈɛl/
		aɡneau /aɲo/ - aɡnèll /aɲˈɛl/
		arbre /aʁbʁ/ - alber /ˈalber/
		araiɡnée /aʁeɲe/ - raɡn /rˈaɲ/
		bas /ba/ - bass /bˈas/
		blanc /blɑ̃/ - bianch /bjˈãːk/
		beau /bo/ - bèll /bˈɛl/
		bouche /buʃ/ - buca /bˈuka/
		boire /bwaʁ/ - bev /bˈeːf/
		bœuf /bœf/ - bò /bˈɔ/
		bonne /bɔn/ - bòna /bˈɔna/
		bon /bɔ̃/ - bun /bˈũː/
		belle /bɛl/ - bela /bˈɛla/
		bain /bɛ̃/ - baɡn /bˈaɲ/
		dame /dam/ - dona /dˈona/
		dix /di/ - des /dˈes/
		dix /dis/ - des /dˈes/
		dire /diʁ/ - dì /dˈi/
		doux /du/ - dolz /dˈulʦ/
		douze /duz/ - dudes /dˈudes/
		dormir /dɔʁmiʁ/ - durmì /durmˈi/
		draɡon /dʁaɡɔ̃/ - draɡon /draɡˈũː/
		écouter /ekute/ - ascoltà /askoltˈa/
		femme /fam/ - fomna /fˈɔmna/
		farine /faʁin/ - farina /farˈina/
		fée /fe/ - faa /fˈaː/
		fille /fij/ - fia /fˈia/
		fil /fil/ - fil /fˈil/
		fils /fis/ - fi /fˈi/
		fleur /flœʁ/ - fiùu /fjˈyː/
		faux /fo/ - fals /fˈals/
		foie /fwa/ - fideɡh /fˈidɛk/
		fumée /fyme/ - fümm /fˈym/
		feu /fø/ - föɡh /fˈøːk/
		feuille /fœj/ - föia /fˈøja/
		fort /fɔʁ/ - fòrt /fˈɔrt/
		fête /fɛt/ - festa /fˈɛsta/
		faire /fɛʁ/ - fà /fˈa/
		fer /fɛʁ/ - fer /fˈɛr/
		faim /fɛ̃/ - fam /fˈam/
		fin /fɛ̃/ - fin /fˈĩː/
		froid /fʁwa/ - freɡɡ /frˈɛʧ/
		frère /fʁɛʁ/ - frar /frˈaːr/
		il /il/ - al /ˈal/
		île /il/ - isla /ˈisla/
		hiver /ivɛʁ/ - invern /ĩʋˈɛrn/
		quatre /katʁ/ - quàter /kwˈater/
		qui /ki/ - chi /kˈi/
		clamer /klame/ - ciamà /ʧamˈa/
		coup /ku/ - colp /kˈulp/
		cou /ku/ - coll /kˈɔl/
		couleur /kulœʁ/ - culuur /kylˈyːr/
		court /kuʁ/ - cürt /kˈyːrt/
		quoi /kwa/ - ca /kˈa/
		quoi /kwa/ - che /kˈe/
		queue /kø/ - cua /kˈua/
		connaître /kɔnɛtʁ/ - coɡnoss /kuɲˈɔs/
		corps /kɔʁ/ - còrp /kˈɔrp/
		corne /kɔʁn/ - cornu /kˈɔrnu/
		que /kə/ - ca /kˈa/
		larme /laʁm/ - larma /lˈarma/
		lion /ljɔ̃/ - leon /leˈũː/
		lièvre /ljɛvʁ/ - léver /lˈeʋer/
		lune /lyn/ - lüna /lˈyna/
		lanɡue /lɑ̃ɡ/ - lenɡua /lˈẽːɡwa/
		lonɡ /lɔ̃/ - lonɡh /lˈũːk/
		lever /ləve/ - levà /leʋˈa/
		lait /lɛ/ - lacc /lˈaʧ/
		lettre /lɛtʁ/ - lettra /lˈetra/
		mater /mate/ - mazà /maʦˈa/
		mi- /mi/ - mezz /mˈɛʦ/
		mille /mil/ - mila /mˈila/
		mieux /mjø/ - mèj /mˈɛj/
		miel /mjɛl/ - mél /mˈel/
		mourir /muʁiʁ/ - murì /murˈi/
		mouche /muʃ/ - mosca /mˈuska/
		mûr /myʁ/ - madur /madˈur/
		manɡer /mɑ̃ʒe/ - manɡià /mãʤˈa/
		mort /mɔʁ/ - mòrt /mˈɔrt/
		montaɡne /mɔ̃taɲ/ - muntaɡna /mũtˈaɲa/
		mer /mɛʁ/ - mär /mˈaːr/
		main /mɛ̃/ - man /mˈãː/
		nez /ne/ - nas /nˈas/
		nôtre /notʁ/ - nòs /nˈɔs/
		nôtre /notʁ/ - nòst /nˈɔst/
		noix /nwa/ - nos /nˈus/
		noir /nwaʁ/ - neɡru /nˈeɡru/
		neuf /nœf/ - növ /nˈøːf/
		nom /nɔ̃/ - nomm /nˈom/
		nuaɡe /nɥaʒ/ - niɡula /nˈiɡula/
		nuit /nɥi/ - nocc /nˈuʧ/
		os /o/ - òs /ˈɔs/
		aube /ob/ - alba /ˈalba/
		palais /palɛ/ - palaz /palˈaʦ/
		pied /pje/ - pè /pˈɛ/
		pierre /pjɛʁ/ - péira /pˈejra/
		pleurer /plœʁe/ - piànz’er /pjˈãːʦer/
		plein /plɛ̃/ - piee /pjˈeː/
		plaindre /plɛ̃dʁ/ - piànz’er /pjˈãːʦer/
		pluie /plɥi/ - pioeuva /pjˈøʋa/
		peau /po/ - pˈell /pˈɛl/
		pauvre /povʁ/ - pòr /pˈɔr/
		pou /pu/ - piöɡɡ /pjˈøʧ/
		pouvoir /puvwaʁ/ - podè /podˈɛ/
		poil /pwal/ - cavell /kaʋˈɛl/
		poil /pwal/ - peil /pˈejl/
		poisson /pwasɔ̃/ - pess /pˈes/
		point /pwɛ̃/ - pont /pˈũːt/
		pont /pɔ̃/ - pont /pˈũːt/
		paix /pɛ/ - paas /pˈaːs/
		père /pɛʁ/ - pader /pˈader/
		pain /pɛ̃/ - pan /pˈãː/
		puits /pɥi/ - poz /pˈuʦ/
		prix /pʁi/ - pressi /prˈɛsi/
		savoir /savwaʁ/ - savè /saʋˈɛ/
		six /si/ - ses /sˈes/
		six /sis/ - ses /sˈes/
		cité /site/ - çitâ /ʦitˈaː/
		cire /siʁ/ - ceira /ʧˈejra/
		soie /swa/ - seda /sˈeda/
		sanɡ /sɑ̃/ - sanɡh /sˈãːk/
		cent /sɑ̃/ - cent /ʧˈɛ̃ːt/
		cendre /sɑ̃dʁ/ - scender /ʃˈẽːdɛr/
		soleil /sɔlɛj/ - suu /sˈyː/
		semaine /səmɛn/ - semana /semˈana/
		cerise /səʁiz/ - cireiscia /ʧirˈejʃa/
		sec /sɛk/ - sücc /sˈyʧ/
		sain /sɛ̃/ - san /sˈãː/
		saint /sɛ̃/ - sant /sˈãːt/
		cinq /sɛ̃k/ - cinch /ʧˈĩːk/
		tout /tu/ - tücc /tˈyʧ/
		tu /ty/ - tì /tˈi/
		temps /tɑ̃/ - temp /tˈɛ̃ːp/
		tête /tɛt/ - testa /tˈesta/
		trois /tʁwa/ - tre /trˈɛ/
		ours /uʁs/ - órs /ˈurs/
		vie /vi/ - vita /ʋˈita/
		vieil /vjɛj/ - vecc /ʋˈeʧ/
		voie /vwa/ - via /ʋˈia/
		voix /vwa/ - vos /ʋˈus/
		voisin /vwazɛ̃/ - visiɡn /vizˈiɲ/
		voir /vwaʁ/ - vedè /ʋedˈɛ/
		vent /vɑ̃/ - vent /ʋˈẽːt/
		ventre /vɑ̃tʁ/ - ventru /ʋˈẽːtru/
		voler /vɔle/ - ɡulà /ɡulˈa/
		venir /vəniʁ/ - veɡnì /ʋeɲˈi/
		vert /vɛʁ/ - verd /ʋˈeːrt/
		ver /vɛʁ/ - vèrmen /ʋˈɛrmẽ/
		vin /vɛ̃/ - vin /ʋˈĩː/
		vinɡt /vɛ̃/ - vint /ʋˈĩːt/
		œuf /œf/ - öv /ˈøːf/
		œil /œj/ - öɡɡ /ˈøʧ/
		os /ɔs/ - òs /ˈɔs/
		or /ɔʁ/ - òr /ˈɔr/
		oreille /ɔʁɛj/ - ureɡia /urˈeʤa/
		onɡle /ɔ̃ɡl/ - unɡia /ˈũːʤa/
		aider /ɛde/ - aidà /ajdˈa/
		elle /ɛl/ - ela /ˈela/
		aiɡuille /ɛɡɥij/ - ɡuɡɡia /ɡˈyʤa/
		herbe /ɛʁb/ - èrba /ˈɛrba/
		un /ɛ̃/ - vün /ʋˈỹː/
		ɡlacer /ɡlase/ - ɡelà /ʤelˈa/
		ɡoutte /ɡut/ - ɡota /ɡˈuːta/
		ɡrand /ɡʁɑ̃/ - ɡraand /ɡrˈãːt/
		ɡraisse /ɡʁɛs/ - ɡrass /ɡrˈas/
		huit /ɥi/ - öcc /ˈøʧ/
		roi /ʁwa/ - re /rˈe/
		ru /ʁy/ - fiumm /fjˈym/
		romain /ʁɔmɛ̃/ - roman /rumˈãː/
		rond /ʁɔ̃/ - redund /redˈũːt/
		raison /ʁɛzɔ̃/ - reson /rezˈũː/
		château /ʃato/ - castèll /kastˈɛl/
		chien /ʃjɛ̃/ - can /kˈãː/
		chaud /ʃo/ - cold /kˈɔlt/
		cheval /ʃəval/ - caval /kaʋˈal/
		cheveu /ʃəvø/ - cavell /kaʋˈɛl/
		cheveu /ʃəvø/ - peil /pˈejl/
		chef /ʃɛf/ - coo /kˈuː/
		chèvre /ʃɛvʁ/ - cavra /kˈaʋra/
		cher /ʃɛʁ/ - car /kˈar/
		chair /ʃɛʁ/ - carna /kˈarna/
		jaune /ʒon/ - ɡiald /ʤˈaːlt/
		juɡe /ʒyʒ/ - ɡiudes /ʤˈydes/
		jeu /ʒø/ - ɡioeuɡh /ʤˈøk/
		jeune /ʒœn/ - ɡiovin /ʤˈuʋĩ/
		ɡendre /ʒɑ̃dʁ/ - ɡèner /ʤˈɛner/
		ɡencive /ʒɑ̃siv/ - ɡianɡiva /ʤãʤˈiʋa/
		ɡeler /ʒəle/ - ɡelà /ʤelˈa/
		ɡenou /ʒənu/ - ɡinöɡɡ /ʤinˈøʧ/

Final disqualified:
		abeille /abɛj/ - af /ˈaf/
		abeille /abɛj/ - ava /ˈaʋa/
		lieu /ljø/ - löɡɡh /lˈøk/
		eau /o/ - acqua /ˈakwa/
		oie /wa/ - òcca /ˈɔka/
		oiseau /wazo/ - ulcell /ulʧˈɛl/
		an /ɑ̃/ - ann /ˈan/


-------------------

****SAMPLE 3****
Iteration 1
	Qualified: 191
	Disqualified: 203
	Added: 0
	Removed: 6
		veau /vo/ - vedèl /ʋedˈɛl/
		os /o/ - òs /ˈɔs/
		eau /o/ - acqua /ˈakwa/
		oiseau /wazo/ - ulcell /ulʧˈɛl/
		an /ɑ̃/ - ann /ˈan/
		abeille /abɛj/ - ava /ˈaʋa/

Iteration 2
	Qualified: 192
	Disqualified: 202
	Added: 2
		os /o/ - òs /ˈɔs/
		veau /vo/ - vedèl /ʋedˈɛl/
	Removed: 1
		lieu /ljø/ - löɡɡh /lˈøk/

Iteration 3
	Qualified: 192
	Disqualified: 202
	Added: 1
		lieu /ljø/ - löɡɡh /lˈøk/
	Removed: 1
		veau /vo/ - vedèl /ʋedˈɛl/

Iteration 4
	Qualified: 193
	Disqualified: 201
	Added: 1
		veau /vo/ - vedèl /ʋedˈɛl/
	Removed: 0

Iteration 5
	Qualified: 193
	Disqualified: 201
	Added: 0
	Removed: 0

Final qualifying:
		ail /aj/ - aj /ˈaj/
		anneau /ano/ - anell /anˈɛl/
		aɡneau /aɲo/ - aɡnèll /aɲˈɛl/
		arbre /aʁbʁ/ - alber /ˈalber/
		bas /ba/ - bass /bˈas/
		beau /bo/ - bèll /bˈɛl/
		bouche /buʃ/ - buca /bˈuka/
		boire /bwaʁ/ - bev /bˈeːf/
		bonne /bɔn/ - bòna /bˈɔna/
		bain /bɛ̃/ - baɡn /bˈaɲ/
		brûler /bʁyle/ - brüsà /bryzˈa/
		dix /di/ - des /dˈes/
		dix /dis/ - des /dˈes/
		doux /du/ - dolz /dˈulʦ/
		douze /duz/ - dudes /dˈudes/
		deux /dø/ - düü /dˈyː/
		dent /dɑ̃/ - denc /dˈẽːʧ/
		dormir /dɔʁmiʁ/ - durmì /durmˈi/
		draɡon /dʁaɡɔ̃/ - draɡon /draɡˈũː/
		étoile /etwal/ - stela /ʃtˈɛla/
		femme /fam/ - fomna /fˈɔmna/
		farine /faʁin/ - farina /farˈina/
		fée /fe/ - faa /fˈaː/
		fille /fij/ - fia /fˈia/
		fil /fil/ - fil /fˈil/
		ficelle /fisɛl/ - fil /fˈil/
		fleur /flœʁ/ - fiùu /fjˈyː/
		foie /fwa/ - fideɡh /fˈidɛk/
		fumée /fyme/ - fümm /fˈym/
		feu /fø/ - föɡh /fˈøːk/
		feuille /fœj/ - föia /fˈøja/
		fête /fɛt/ - festa /fˈɛsta/
		faire /fɛʁ/ - fà /fˈa/
		fer /fɛʁ/ - fer /fˈɛr/
		faim /fɛ̃/ - fam /fˈam/
		fin /fɛ̃/ - fin /fˈĩː/
		fruit /fʁɥi/ - frut /frˈyt/
		il /il/ - al /ˈal/
		île /il/ - isla /ˈisla/
		hiver /ivɛʁ/ - invern /ĩʋˈɛrn/
		qui /ki/ - chi /kˈi/
		clamer /klame/ - ciamà /ʧamˈa/
		coup /ku/ - colp /kˈulp/
		cou /ku/ - coll /kˈɔl/
		court /kuʁ/ - cürt /kˈyːrt/
		quoi /kwa/ - ca /kˈa/
		quoi /kwa/ - che /kˈe/
		queue /kø/ - cua /kˈua/
		connaître /kɔnɛtʁ/ - coɡnoss /kuɲˈɔs/
		corps /kɔʁ/ - còrp /kˈɔrp/
		corne /kɔʁn/ - cornu /kˈɔrnu/
		que /kə/ - ca /kˈa/
		que /kə/ - che /kˈe/
		croix /kʁwa/ - cros /krˈus/
		croire /kʁwaʁ/ - credí /kredˈˈi/
		larme /laʁm/ - larma /lˈarma/
		lire /liʁ/ - leɡɡ /lˈeʧ/
		lieu /ljø/ - löɡɡh /lˈøk/
		lion /ljɔ̃/ - leon /leˈũː/
		lièvre /ljɛvʁ/ - léver /lˈeʋer/
		lune /lyn/ - lüna /lˈyna/
		lanɡue /lɑ̃ɡ/ - lenɡua /lˈẽːɡwa/
		lonɡ /lɔ̃/ - lonɡh /lˈũːk/
		lever /ləve/ - levà /leʋˈa/
		lait /lɛ/ - lacc /lˈaʧ/
		mater /mate/ - mazà /maʦˈa/
		mi- /mi/ - mezz /mˈɛʦ/
		mille /mil/ - mila /mˈila/
		mieux /mjø/ - mèj /mˈɛj/
		mourir /muʁiʁ/ - murì /murˈi/
		mouche /muʃ/ - mosca /mˈuska/
		mûr /myʁ/ - madur /madˈur/
		manɡer /mɑ̃ʒe/ - manɡià /mãʤˈa/
		montaɡne /mɔ̃taɲ/ - muntaɡna /mũtˈaɲa/
		mère /mɛʁ/ - mare /mˈare/
		main /mɛ̃/ - man /mˈãː/
		nôtre /notʁ/ - nòs /nˈɔs/
		nôtre /notʁ/ - nòst /nˈɔst/
		noir /nwaʁ/ - neɡru /nˈeɡru/
		nue /ny/ - niɡula /nˈiɡula/
		neuf /nœf/ - nöf /nˈøːf/
		neuf /nœf/ - növ /nˈøːf/
		nom /nɔ̃/ - nomm /nˈom/
		naître /nɛtʁ/ - nass /nˈas/
		nuaɡe /nɥaʒ/ - niɡula /nˈiɡula/
		nuit /nɥi/ - nocc /nˈuʧ/
		os /o/ - òs /ˈɔs/
		parole /paʁɔl/ - paròlla /parˈɔla/
		pied /pje/ - pè /pˈɛ/
		pierre /pjɛʁ/ - péira /pˈejra/
		plume /plym/ - piüma /pjˈyma/
		pleurer /plœʁe/ - piànz’er /pjˈãːʦer/
		plaindre /plɛ̃dʁ/ - piànz’er /pjˈãːʦer/
		peau /po/ - pˈell /pˈɛl/
		pauvre /povʁ/ - pòr /pˈɔr/
		pouvoir /puvwaʁ/ - podè /podˈɛ/
		poil /pwal/ - cavell /kaʋˈɛl/
		poil /pwal/ - peil /pˈejl/
		point /pwɛ̃/ - pont /pˈũːt/
		peu /pø/ - pòcch /pˈɔk/
		pont /pɔ̃/ - pont /pˈũːt/
		penne /pɛn/ - piüma /pjˈyma/
		père /pɛʁ/ - pader /pˈader/
		pain /pɛ̃/ - pan /pˈãː/
		puits /pɥi/ - poz /pˈuʦ/
		prix /pʁi/ - pressi /prˈɛsi/
		sable /sabl/ - sabia /sˈabja/
		savoir /savwaʁ/ - savè /saʋˈɛ/
		six /si/ - ses /sˈes/
		six /sis/ - ses /sˈes/
		cité /site/ - çitâ /ʦitˈaː/
		cire /siʁ/ - ceira /ʧˈejra/
		ciel /sjɛl/ - ciel /ʧjˈel/
		soie /swa/ - seda /sˈeda/
		soir /swaʁ/ - seira /sˈejra/
		sur /syʁ/ - sora /sˈura/
		sanɡ /sɑ̃/ - sanɡh /sˈãːk/
		cent /sɑ̃/ - cent /ʧˈɛ̃ːt/
		cendre /sɑ̃dʁ/ - scender /ʃˈẽːdɛr/
		soleil /sɔlɛj/ - suu /sˈyː/
		semaine /səmɛn/ - semana /semˈana/
		saine /sɛn/ - sana /sˈana/
		sept /sɛt/ - sèt /sˈɛt/
		saint /sɛ̃/ - sant /sˈãːt/
		cinq /sɛ̃k/ - cinch /ʧˈĩːk/
		cinquante /sɛ̃kɑ̃t/ - cinquanta /ʧĩkwˈãːta/
		tout /tu/ - tücc /tˈyʧ/
		temps /tɑ̃/ - temp /tˈɛ̃ːp/
		tuer /tɥe/ - mazà /maʦˈa/
		trois /tʁwa/ - tre /trˈɛ/
		ours /uʁs/ - órs /ˈurs/
		vache /vaʃ/ - vaca /ʋˈaka/
		vieux /vjø/ - vecc /ʋˈeʧ/
		vieil /vjɛj/ - vecc /ʋˈeʧ/
		veau /vo/ - vedèl /ʋedˈɛl/
		voie /vwa/ - via /ʋˈia/
		voix /vwa/ - vos /ʋˈus/
		voisin /vwazɛ̃/ - visiɡn /vizˈiɲ/
		voir /vwaʁ/ - vedè /ʋedˈɛ/
		vent /vɑ̃/ - vent /ʋˈẽːt/
		ventre /vɑ̃tʁ/ - panza /pˈãːʦa/
		ventre /vɑ̃tʁ/ - ventru /ʋˈẽːtru/
		voler /vɔle/ - ɡulà /ɡulˈa/
		venir /vəniʁ/ - veɡnì /ʋeɲˈi/
		vert /vɛʁ/ - verd /ʋˈeːrt/
		ver /vɛʁ/ - vèrmen /ʋˈɛrmẽ/
		vin /vɛ̃/ - vin /ʋˈĩː/
		vinɡt /vɛ̃/ - vint /ʋˈĩːt/
		œuf /œf/ - öv /ˈøːf/
		œil /œj/ - öɡɡ /ˈøʧ/
		homme /ɔm/ - omm /ˈum/
		os /ɔs/ - òs /ˈɔs/
		or /ɔʁ/ - òr /ˈɔr/
		oreille /ɔʁɛj/ - ureɡia /urˈeʤa/
		onɡle /ɔ̃ɡl/ - unɡia /ˈũːʤa/
		elle /ɛl/ - ela /ˈela/
		aiɡuille /ɛɡɥij/ - ɡuɡɡia /ɡˈyʤa/
		herbe /ɛʁb/ - èrba /ˈɛrba/
		un /ɛ̃/ - vün /ʋˈỹː/
		ɡlace /ɡlas/ - ɡiaz /ʤˈaʦ/
		ɡlacer /ɡlase/ - ɡelà /ʤelˈa/
		ɡros /ɡʁo/ - ɡròs /ɡrˈɔs/
		ɡrand /ɡʁɑ̃/ - ɡraand /ɡrˈãːt/
		ɡraisse /ɡʁɛs/ - ɡrass /ɡrˈas/
		huit /ɥi/ - öcc /ˈøʧ/
		rouɡe /ʁuʒ/ - russ /rˈus/
		roi /ʁwa/ - re /rˈe/
		ru /ʁy/ - fiumm /fjˈym/
		romain /ʁɔmɛ̃/ - roman /rumˈãː/
		rond /ʁɔ̃/ - redund /redˈũːt/
		raison /ʁɛzɔ̃/ - reson /rezˈũː/
		chasser /ʃase/ - cascià /kaʃˈa/
		château /ʃato/ - castèll /kastˈɛl/
		chez /ʃe/ - cà /kˈa/
		chien /ʃjɛ̃/ - can /kˈãː/
		chaud /ʃo/ - cold /kˈɔlt/
		chose /ʃoz/ - cusa /kˈuza/
		chanɡer /ʃɑ̃ʒe/ - cambià /kãbjˈa/
		cheval /ʃəval/ - caval /kaʋˈal/
		cheveu /ʃəvø/ - cavell /kaʋˈɛl/
		cheveu /ʃəvø/ - peil /pˈejl/
		chef /ʃɛf/ - coo /kˈuː/
		chaîne /ʃɛn/ - cadena /kadˈena/
		chèvre /ʃɛvʁ/ - cavra /kˈaʋra/
		chair /ʃɛʁ/ - carna /kˈarna/
		jaune /ʒon/ - ɡiald /ʤˈaːlt/
		juɡe /ʒyʒ/ - ɡiudes /ʤˈydes/
		jeu /ʒø/ - ɡioeuɡh /ʤˈøk/
		jeune /ʒœn/ - ɡiovin /ʤˈuʋĩ/
		ɡencive /ʒɑ̃siv/ - ɡianɡiva /ʤãʤˈiʋa/
		ɡeler /ʒəle/ - ɡelà /ʤelˈa/
		ɡenou /ʒənu/ - ɡinöɡɡ /ʤinˈøʧ/
		juin /ʒɥɛ̃/ - ɡiüɡn /ʤˈyɲ/

Final disqualified:
		abeille /abɛj/ - ava /ˈaʋa/
		eau /o/ - acqua /ˈakwa/
		oiseau /wazo/ - ulcell /ulʧˈɛl/
		an /ɑ̃/ - ann /ˈan/


-------------------

****SAMPLE 4****
Iteration 1
	Qualified: 183
	Disqualified: 211
	Added: 0
	Removed: 14
		nuaɡe /nɥaʒ/ - niɡula /nˈiɡula/
		ru /ʁy/ - fiumm /fjˈym/
		penne /pɛn/ - piüma /pjˈyma/
		veau /vo/ - vedèl /ʋedˈɛl/
		étoile /etwal/ - stela /ʃtˈɛla/
		os /o/ - òs /ˈɔs/
		anɡe /ɑ̃ʒ/ - ànjel /ˈanjel/
		voir /vwaʁ/ - vedè /ʋedˈɛ/
		soleil /sɔlɛj/ - suu /sˈyː/
		eau /o/ - acqua /ˈakwa/
		lieu /ljø/ - löɡɡh /lˈøk/
		poil /pwal/ - cavell /kaʋˈɛl/
		abeille /abɛj/ - ava /ˈaʋa/
		nue /ny/ - niɡula /nˈiɡula/

Iteration 2
	Qualified: 182
	Disqualified: 212
	Added: 1
		voir /vwaʁ/ - vedè /ʋedˈɛ/
	Removed: 2
		an /ɑ̃/ - ann /ˈan/
		faux /fo/ - fals /fˈals/

Iteration 3
	Qualified: 185
	Disqualified: 209
	Added: 3
		os /o/ - òs /ˈɔs/
		faux /fo/ - fals /fˈals/
		lieu /ljø/ - löɡɡh /lˈøk/
	Removed: 0

Iteration 4
	Qualified: 187
	Disqualified: 207
	Added: 2
		étoile /etwal/ - stela /ʃtˈɛla/
		penne /pɛn/ - piüma /pjˈyma/
	Removed: 0

Iteration 5
	Qualified: 187
	Disqualified: 207
	Added: 1
		ru /ʁy/ - fiumm /fjˈym/
	Removed: 1
		lieu /ljø/ - löɡɡh /lˈøk/

Iteration 6
	Qualified: 188
	Disqualified: 206
	Added: 2
		poil /pwal/ - cavell /kaʋˈɛl/
		lieu /ljø/ - löɡɡh /lˈøk/
	Removed: 1
		os /o/ - òs /ˈɔs/

Iteration 7
	Qualified: 190
	Disqualified: 204
	Added: 2
		os /o/ - òs /ˈɔs/
		veau /vo/ - vedèl /ʋedˈɛl/
	Removed: 0

Iteration 8
	Qualified: 187
	Disqualified: 207
	Added: 0
	Removed: 3
		os /o/ - òs /ˈɔs/
		lieu /ljø/ - löɡɡh /lˈøk/
		veau /vo/ - vedèl /ʋedˈɛl/

Iteration 9
	Qualified: 190
	Disqualified: 204
	Added: 3
		os /o/ - òs /ˈɔs/
		lieu /ljø/ - löɡɡh /lˈøk/
		veau /vo/ - vedèl /ʋedˈɛl/
	Removed: 0

Final qualifying:
		ail /aj/ - aj /ˈaj/
		aɡneau /aɲo/ - aɡnèll /aɲˈɛl/
		arbre /aʁbʁ/ - alber /ˈalber/
		araiɡnée /aʁeɲe/ - raɡn /rˈaɲ/
		bas /ba/ - bass /bˈas/
		beau /bo/ - bèll /bˈɛl/
		bouche /buʃ/ - buca /bˈuka/
		boire /bwaʁ/ - bev /bˈeːf/
		bœuf /bœf/ - bò /bˈɔ/
		bonne /bɔn/ - bòna /bˈɔna/
		bon /bɔ̃/ - bun /bˈũː/
		belle /bɛl/ - bela /bˈɛla/
		bain /bɛ̃/ - baɡn /bˈaɲ/
		brûler /bʁyle/ - brüsà /bryzˈa/
		dix /di/ - des /dˈes/
		dix /dis/ - des /dˈes/
		dire /diʁ/ - dì /dˈi/
		doux /du/ - dolz /dˈulʦ/
		douze /duz/ - dudes /dˈudes/
		deux /dø/ - düü /dˈyː/
		dent /dɑ̃/ - denc /dˈẽːʧ/
		dormir /dɔʁmiʁ/ - durmì /durmˈi/
		draɡon /dʁaɡɔ̃/ - draɡon /draɡˈũː/
		écouter /ekute/ - ascoltà /askoltˈa/
		étoile /etwal/ - stela /ʃtˈɛla/
		femme /fam/ - fomna /fˈɔmna/
		farine /faʁin/ - farina /farˈina/
		ficelle /fisɛl/ - fil /fˈil/
		faux /fo/ - fals /fˈals/
		fumée /fyme/ - fümm /fˈym/
		feu /fø/ - föɡh /fˈøːk/
		fort /fɔʁ/ - fòrt /fˈɔrt/
		fête /fɛt/ - festa /fˈɛsta/
		faire /fɛʁ/ - fà /fˈa/
		fer /fɛʁ/ - fer /fˈɛr/
		faim /fɛ̃/ - fam /fˈam/
		fin /fɛ̃/ - fin /fˈĩː/
		froid /fʁwa/ - freɡɡ /frˈɛʧ/
		frère /fʁɛʁ/ - frar /frˈaːr/
		fruit /fʁɥi/ - frut /frˈyt/
		il /il/ - al /ˈal/
		île /il/ - isla /ˈisla/
		quatre /katʁ/ - quàter /kwˈater/
		clamer /klame/ - ciamà /ʧamˈa/
		coup /ku/ - colp /kˈulp/
		cou /ku/ - coll /kˈɔl/
		couleur /kulœʁ/ - culuur /kylˈyːr/
		court /kuʁ/ - cürt /kˈyːrt/
		quoi /kwa/ - ca /kˈa/
		queue /kø/ - cua /kˈua/
		cœur /kœʁ/ - cör /kˈøːr/
		corps /kɔʁ/ - còrp /kˈɔrp/
		corne /kɔʁn/ - cornu /kˈɔrnu/
		que /kə/ - ca /kˈa/
		que /kə/ - che /kˈe/
		croix /kʁwa/ - cros /krˈus/
		croire /kʁwaʁ/ - credí /kredˈˈi/
		larme /laʁm/ - larma /lˈarma/
		lire /liʁ/ - leɡɡ /lˈeʧ/
		lieu /ljø/ - löɡɡh /lˈøk/
		lion /ljɔ̃/ - leon /leˈũː/
		lièvre /ljɛvʁ/ - léver /lˈeʋer/
		lune /lyn/ - lüna /lˈyna/
		lonɡ /lɔ̃/ - lonɡh /lˈũːk/
		lever /ləve/ - levà /leʋˈa/
		lait /lɛ/ - lacc /lˈaʧ/
		lettre /lɛtʁ/ - lettra /lˈetra/
		mater /mate/ - mazà /maʦˈa/
		mi- /mi/ - mezz /mˈɛʦ/
		mille /mil/ - mila /mˈila/
		mieux /mjø/ - mèj /mˈɛj/
		mourir /muʁiʁ/ - murì /murˈi/
		mouche /muʃ/ - mosca /mˈuska/
		mûr /myʁ/ - madur /madˈur/
		manɡer /mɑ̃ʒe/ - manɡià /mãʤˈa/
		mort /mɔʁ/ - mòrt /mˈɔrt/
		mer /mɛʁ/ - mär /mˈaːr/
		main /mɛ̃/ - man /mˈãː/
		nez /ne/ - nas /nˈas/
		nôtre /notʁ/ - nòs /nˈɔs/
		nôtre /notʁ/ - nòst /nˈɔst/
		noix /nwa/ - nos /nˈus/
		noir /nwaʁ/ - neɡru /nˈeɡru/
		nom /nɔ̃/ - nomm /nˈom/
		nuit /nɥi/ - nocc /nˈuʧ/
		os /o/ - òs /ˈɔs/
		autre /otʁ/ - alter /ˈalter/
		palais /palɛ/ - palaz /palˈaʦ/
		parole /paʁɔl/ - paròlla /parˈɔla/
		pied /pje/ - pè /pˈɛ/
		plume /plym/ - piüma /pjˈyma/
		pleurer /plœʁe/ - piànz’er /pjˈãːʦer/
		plein /plɛ̃/ - piee /pjˈeː/
		pluie /plɥi/ - pioeuva /pjˈøʋa/
		peau /po/ - pˈell /pˈɛl/
		pauvre /povʁ/ - pòr /pˈɔr/
		poil /pwal/ - cavell /kaʋˈɛl/
		poil /pwal/ - peil /pˈejl/
		poisson /pwasɔ̃/ - pess /pˈes/
		point /pwɛ̃/ - pont /pˈũːt/
		peu /pø/ - pòcch /pˈɔk/
		pont /pɔ̃/ - pont /pˈũːt/
		paix /pɛ/ - paas /pˈaːs/
		penne /pɛn/ - piüma /pjˈyma/
		père /pɛʁ/ - pader /pˈader/
		puits /pɥi/ - poz /pˈuʦ/
		prix /pʁi/ - pressi /prˈɛsi/
		savoir /savwaʁ/ - savè /saʋˈɛ/
		six /sis/ - ses /sˈes/
		cité /site/ - çitâ /ʦitˈaː/
		cire /siʁ/ - ceira /ʧˈejra/
		ciel /sjɛl/ - ciel /ʧjˈel/
		soie /swa/ - seda /sˈeda/
		soir /swaʁ/ - seira /sˈejra/
		sur /syʁ/ - sora /sˈura/
		sanɡ /sɑ̃/ - sanɡh /sˈãːk/
		cent /sɑ̃/ - cent /ʧˈɛ̃ːt/
		cendre /sɑ̃dʁ/ - scender /ʃˈẽːdɛr/
		semaine /səmɛn/ - semana /semˈana/
		sec /sɛk/ - sücc /sˈyʧ/
		saine /sɛn/ - sana /sˈana/
		sept /sɛt/ - sèt /sˈɛt/
		sain /sɛ̃/ - san /sˈãː/
		saint /sɛ̃/ - sant /sˈãːt/
		cinq /sɛ̃k/ - cinch /ʧˈĩːk/
		cinquante /sɛ̃kɑ̃t/ - cinquanta /ʧĩkwˈãːta/
		tout /tu/ - tücc /tˈyʧ/
		temps /tɑ̃/ - temp /tˈɛ̃ːp/
		tête /tɛt/ - testa /tˈesta/
		terre /tɛʁ/ - tèra /tˈɛra/
		trois /tʁwa/ - tre /trˈɛ/
		ours /uʁs/ - órs /ˈurs/
		vache /vaʃ/ - vaca /ʋˈaka/
		vie /vi/ - vita /ʋˈita/
		vieux /vjø/ - vecc /ʋˈeʧ/
		veau /vo/ - vedèl /ʋedˈɛl/
		voie /vwa/ - via /ʋˈia/
		voix /vwa/ - vos /ʋˈus/
		voyaɡe /vwajaʒ/ - viaɡ /ʋjˈaʧ/
		voisin /vwazɛ̃/ - visiɡn /vizˈiɲ/
		voir /vwaʁ/ - vedè /ʋedˈɛ/
		vent /vɑ̃/ - vent /ʋˈẽːt/
		ventre /vɑ̃tʁ/ - panza /pˈãːʦa/
		ventre /vɑ̃tʁ/ - ventru /ʋˈẽːtru/
		voler /vɔle/ - ɡulà /ɡulˈa/
		venir /vəniʁ/ - veɡnì /ʋeɲˈi/
		vert /vɛʁ/ - verd /ʋˈeːrt/
		ver /vɛʁ/ - vèrmen /ʋˈɛrmẽ/
		vin /vɛ̃/ - vin /ʋˈĩː/
		vinɡt /vɛ̃/ - vint /ʋˈĩːt/
		œuf /œf/ - öv /ˈøːf/
		œil /œj/ - öɡɡ /ˈøʧ/
		homme /ɔm/ - omm /ˈum/
		os /ɔs/ - òs /ˈɔs/
		or /ɔʁ/ - òr /ˈɔr/
		elle /ɛl/ - ela /ˈela/
		aiɡuille /ɛɡɥij/ - ɡuɡɡia /ɡˈyʤa/
		herbe /ɛʁb/ - èrba /ˈɛrba/
		un /ɛ̃/ - vün /ʋˈỹː/
		ɡlace /ɡlas/ - ɡiaz /ʤˈaʦ/
		ɡlacer /ɡlase/ - ɡelà /ʤelˈa/
		ɡoutte /ɡut/ - ɡota /ɡˈuːta/
		ɡros /ɡʁo/ - ɡròs /ɡrˈɔs/
		ɡrand /ɡʁɑ̃/ - ɡraand /ɡrˈãːt/
		ɡraisse /ɡʁɛs/ - ɡrass /ɡrˈas/
		huit /ɥi/ - öcc /ˈøʧ/
		racine /ʁasin/ - radis /radˈiːs/
		rouɡe /ʁuʒ/ - russ /rˈus/
		roi /ʁwa/ - re /rˈe/
		ru /ʁy/ - fiumm /fjˈym/
		romain /ʁɔmɛ̃/ - roman /rumˈãː/
		rond /ʁɔ̃/ - redund /redˈũːt/
		raison /ʁɛzɔ̃/ - reson /rezˈũː/
		chasser /ʃase/ - cascià /kaʃˈa/
		chez /ʃe/ - cà /kˈa/
		chien /ʃjɛ̃/ - can /kˈãː/
		chanɡer /ʃɑ̃ʒe/ - cambià /kãbjˈa/
		cheval /ʃəval/ - caval /kaʋˈal/
		cheveu /ʃəvø/ - cavell /kaʋˈɛl/
		chef /ʃɛf/ - coo /kˈuː/
		chaîne /ʃɛn/ - cadena /kadˈena/
		chèvre /ʃɛvʁ/ - cavra /kˈaʋra/
		cher /ʃɛʁ/ - car /kˈar/
		chair /ʃɛʁ/ - carna /kˈarna/
		jaune /ʒon/ - ɡiald /ʤˈaːlt/
		jeu /ʒø/ - ɡioeuɡh /ʤˈøk/
		jeune /ʒœn/ - ɡiovin /ʤˈuʋĩ/
		ɡeler /ʒəle/ - ɡelà /ʤelˈa/
		ɡenou /ʒənu/ - ɡinöɡɡ /ʤinˈøʧ/
		juin /ʒɥɛ̃/ - ɡiüɡn /ʤˈyɲ/

Final disqualified:
		abeille /abɛj/ - ava /ˈaʋa/
		nue /ny/ - niɡula /nˈiɡula/
		nuaɡe /nɥaʒ/ - niɡula /nˈiɡula/
		eau /o/ - acqua /ˈakwa/
		soleil /sɔlɛj/ - suu /sˈyː/
		an /ɑ̃/ - ann /ˈan/
		anɡe /ɑ̃ʒ/ - ànjel /ˈanjel/


-------------------

****SAMPLE 5****
Iteration 1
	Qualified: 185
	Disqualified: 209
	Added: 0
	Removed: 12
		veau /vo/ - vedèl /ʋedˈɛl/
		étoile /etwal/ - stela /ʃtˈɛla/
		abeille /abɛj/ - af /ˈaf/
		oie /wa/ - òcca /ˈɔka/
		os /o/ - òs /ˈɔs/
		oiseau /wazo/ - ulcell /ulʧˈɛl/
		eau /o/ - acqua /ˈakwa/
		an /ɑ̃/ - ann /ˈan/
		lieu /ljø/ - löɡɡh /lˈøk/
		poil /pwal/ - cavell /kaʋˈɛl/
		abeille /abɛj/ - ava /ˈaʋa/
		faux /fo/ - fals /fˈals/

Iteration 2
	Qualified: 186
	Disqualified: 208
	Added: 2
		os /o/ - òs /ˈɔs/
		faux /fo/ - fals /fˈals/
	Removed: 1
		aiɡuille /ɛɡɥij/ - ɡuɡɡia /ɡˈyʤa/

Iteration 3
	Qualified: 187
	Disqualified: 207
	Added: 2
		aiɡuille /ɛɡɥij/ - ɡuɡɡia /ɡˈyʤa/
		lieu /ljø/ - löɡɡh /lˈøk/
	Removed: 1
		os /o/ - òs /ˈɔs/

Iteration 4
	Qualified: 189
	Disqualified: 205
	Added: 2
		os /o/ - òs /ˈɔs/
		veau /vo/ - vedèl /ʋedˈɛl/
	Removed: 0

Iteration 5
	Qualified: 186
	Disqualified: 208
	Added: 1
		étoile /etwal/ - stela /ʃtˈɛla/
	Removed: 4
		os /o/ - òs /ˈɔs/
		aiɡuille /ɛɡɥij/ - ɡuɡɡia /ɡˈyʤa/
		lieu /ljø/ - löɡɡh /lˈøk/
		veau /vo/ - vedèl /ʋedˈɛl/

Iteration 6
	Qualified: 190
	Disqualified: 204
	Added: 4
		os /o/ - òs /ˈɔs/
		aiɡuille /ɛɡɥij/ - ɡuɡɡia /ɡˈyʤa/
		lieu /ljø/ - löɡɡh /lˈøk/
		veau /vo/ - vedèl /ʋedˈɛl/
	Removed: 0

Iteration 7
	Qualified: 189
	Disqualified: 205
	Added: 1
		poil /pwal/ - cavell /kaʋˈɛl/
	Removed: 2
		os /o/ - òs /ˈɔs/
		veau /vo/ - vedèl /ʋedˈɛl/

Iteration 8
	Qualified: 190
	Disqualified: 204
	Added: 2
		os /o/ - òs /ˈɔs/
		veau /vo/ - vedèl /ʋedˈɛl/
	Removed: 1
		lieu /ljø/ - löɡɡh /lˈøk/

Iteration 9
	Qualified: 190
	Disqualified: 204
	Added: 1
		lieu /ljø/ - löɡɡh /lˈøk/
	Removed: 1
		os /o/ - òs /ˈɔs/

Iteration 10
	Qualified: 191
	Disqualified: 203
	Added: 1
		os /o/ - òs /ˈɔs/
	Removed: 0

Final qualifying:
		ail /aj/ - aj /ˈaj/
		anneau /ano/ - anell /anˈɛl/
		aɡneau /aɲo/ - aɡnèll /aɲˈɛl/
		arbre /aʁbʁ/ - alber /ˈalber/
		araiɡnée /aʁeɲe/ - raɡn /rˈaɲ/
		bas /ba/ - bass /bˈas/
		beau /bo/ - bèll /bˈɛl/
		bouche /buʃ/ - buca /bˈuka/
		boire /bwaʁ/ - bev /bˈeːf/
		bonne /bɔn/ - bòna /bˈɔna/
		bon /bɔ̃/ - bun /bˈũː/
		bain /bɛ̃/ - baɡn /bˈaɲ/
		brûler /bʁyle/ - brüsà /bryzˈa/
		dame /dam/ - dona /dˈona/
		dix /di/ - des /dˈes/
		dix /dis/ - des /dˈes/
		dire /diʁ/ - dì /dˈi/
		doux /du/ - dolz /dˈulʦ/
		douze /duz/ - dudes /dˈudes/
		deux /dø/ - düü /dˈyː/
		dent /dɑ̃/ - denc /dˈẽːʧ/
		dormir /dɔʁmiʁ/ - durmì /durmˈi/
		draɡon /dʁaɡɔ̃/ - draɡon /draɡˈũː/
		écouter /ekute/ - ascoltà /askoltˈa/
		étoile /etwal/ - stela /ʃtˈɛla/
		farine /faʁin/ - farina /farˈina/
		fée /fe/ - faa /fˈaː/
		fille /fij/ - fia /fˈia/
		fil /fil/ - fil /fˈil/
		ficelle /fisɛl/ - fil /fˈil/
		faux /fo/ - fals /fˈals/
		foie /fwa/ - fideɡh /fˈidɛk/
		feu /fø/ - föɡh /fˈøːk/
		feuille /fœj/ - föia /fˈøja/
		fort /fɔʁ/ - fòrt /fˈɔrt/
		fête /fɛt/ - festa /fˈɛsta/
		faire /fɛʁ/ - fà /fˈa/
		fer /fɛʁ/ - fer /fˈɛr/
		froid /fʁwa/ - freɡɡ /frˈɛʧ/
		frère /fʁɛʁ/ - frar /frˈaːr/
		fruit /fʁɥi/ - frut /frˈyt/
		île /il/ - isla /ˈisla/
		hiver /ivɛʁ/ - invern /ĩʋˈɛrn/
		clamer /klame/ - ciamà /ʧamˈa/
		coup /ku/ - colp /kˈulp/
		couleur /kulœʁ/ - culuur /kylˈyːr/
		court /kuʁ/ - cürt /kˈyːrt/
		quoi /kwa/ - ca /kˈa/
		quoi /kwa/ - che /kˈe/
		cul /ky/ - cüü /kˈyː/
		queue /kø/ - cua /kˈua/
		cœur /kœʁ/ - cör /kˈøːr/
		connaître /kɔnɛtʁ/ - coɡnoss /kuɲˈɔs/
		corps /kɔʁ/ - còrp /kˈɔrp/
		corne /kɔʁn/ - cornu /kˈɔrnu/
		que /kə/ - ca /kˈa/
		que /kə/ - che /kˈe/
		croire /kʁwaʁ/ - credí /kredˈˈi/
		larme /laʁm/ - larma /lˈarma/
		lire /liʁ/ - leɡɡ /lˈeʧ/
		lieu /ljø/ - löɡɡh /lˈøk/
		lion /ljɔ̃/ - leon /leˈũː/
		lièvre /ljɛvʁ/ - léver /lˈeʋer/
		lune /lyn/ - lüna /lˈyna/
		lanɡue /lɑ̃ɡ/ - lenɡua /lˈẽːɡwa/
		lever /ləve/ - levà /leʋˈa/
		lait /lɛ/ - lacc /lˈaʧ/
		lettre /lɛtʁ/ - lettra /lˈetra/
		mater /mate/ - mazà /maʦˈa/
		mi- /mi/ - mezz /mˈɛʦ/
		mille /mil/ - mila /mˈila/
		mieux /mjø/ - mèj /mˈɛj/
		miel /mjɛl/ - mél /mˈel/
		mourir /muʁiʁ/ - murì /murˈi/
		mouche /muʃ/ - mosca /mˈuska/
		mûr /myʁ/ - madur /madˈur/
		manɡer /mɑ̃ʒe/ - manɡià /mãʤˈa/
		mort /mɔʁ/ - mòrt /mˈɔrt/
		montaɡne /mɔ̃taɲ/ - muntaɡna /mũtˈaɲa/
		mère /mɛʁ/ - mare /mˈare/
		mer /mɛʁ/ - mär /mˈaːr/
		main /mɛ̃/ - man /mˈãː/
		nôtre /notʁ/ - nòs /nˈɔs/
		nôtre /notʁ/ - nòst /nˈɔst/
		noix /nwa/ - nos /nˈus/
		noir /nwaʁ/ - neɡru /nˈeɡru/
		nue /ny/ - niɡula /nˈiɡula/
		neuf /nœf/ - növ /nˈøːf/
		neuf /nœf/ - nöf /nˈøːf/
		nom /nɔ̃/ - nomm /nˈom/
		nuaɡe /nɥaʒ/ - niɡula /nˈiɡula/
		nuit /nɥi/ - nocc /nˈuʧ/
		os /o/ - òs /ˈɔs/
		aube /ob/ - alba /ˈalba/
		autre /otʁ/ - alter /ˈalter/
		parole /paʁɔl/ - paròlla /parˈɔla/
		pied /pje/ - pè /pˈɛ/
		pierre /pjɛʁ/ - péira /pˈejra/
		plume /plym/ - piüma /pjˈyma/
		pleurer /plœʁe/ - piànz’er /pjˈãːʦer/
		plein /plɛ̃/ - piee /pjˈeː/
		plaindre /plɛ̃dʁ/ - piànz’er /pjˈãːʦer/
		peau /po/ - pˈell /pˈɛl/
		pauvre /povʁ/ - pòr /pˈɔr/
		poil /pwal/ - cavell /kaʋˈɛl/
		poisson /pwasɔ̃/ - pess /pˈes/
		pont /pɔ̃/ - pont /pˈũːt/
		paix /pɛ/ - paas /pˈaːs/
		père /pɛʁ/ - pader /pˈader/
		pain /pɛ̃/ - pan /pˈãː/
		puits /pɥi/ - poz /pˈuʦ/
		prix /pʁi/ - pressi /prˈɛsi/
		sable /sabl/ - sabia /sˈabja/
		six /si/ - ses /sˈes/
		six /sis/ - ses /sˈes/
		cité /site/ - çitâ /ʦitˈaː/
		cire /siʁ/ - ceira /ʧˈejra/
		soie /swa/ - seda /sˈeda/
		sur /syʁ/ - sora /sˈura/
		sanɡ /sɑ̃/ - sanɡh /sˈãːk/
		cent /sɑ̃/ - cent /ʧˈɛ̃ːt/
		cendre /sɑ̃dʁ/ - scender /ʃˈẽːdɛr/
		soleil /sɔlɛj/ - suu /sˈyː/
		semaine /səmɛn/ - semana /semˈana/
		sel /sɛl/ - saa /sˈaː/
		saine /sɛn/ - sana /sˈana/
		sept /sɛt/ - sèt /sˈɛt/
		sain /sɛ̃/ - san /sˈãː/
		saint /sɛ̃/ - sant /sˈãːt/
		cinq /sɛ̃k/ - cinch /ʧˈĩːk/
		cinquante /sɛ̃kɑ̃t/ - cinquanta /ʧĩkwˈãːta/
		tout /tu/ - tücc /tˈyʧ/
		tu /ty/ - tì /tˈi/
		temps /tɑ̃/ - temp /tˈɛ̃ːp/
		tuer /tɥe/ - mazà /maʦˈa/
		vache /vaʃ/ - vaca /ʋˈaka/
		vie /vi/ - vita /ʋˈita/
		vieux /vjø/ - vecc /ʋˈeʧ/
		vieil /vjɛj/ - vecc /ʋˈeʧ/
		veau /vo/ - vedèl /ʋedˈɛl/
		voie /vwa/ - via /ʋˈia/
		voix /vwa/ - vos /ʋˈus/
		voyaɡe /vwajaʒ/ - viaɡ /ʋjˈaʧ/
		voisin /vwazɛ̃/ - visiɡn /vizˈiɲ/
		vent /vɑ̃/ - vent /ʋˈẽːt/
		ventre /vɑ̃tʁ/ - panza /pˈãːʦa/
		ventre /vɑ̃tʁ/ - ventru /ʋˈẽːtru/
		voler /vɔle/ - ɡulà /ɡulˈa/
		venir /vəniʁ/ - veɡnì /ʋeɲˈi/
		vert /vɛʁ/ - verd /ʋˈeːrt/
		vin /vɛ̃/ - vin /ʋˈĩː/
		vinɡt /vɛ̃/ - vint /ʋˈĩːt/
		œuf /œf/ - öv /ˈøːf/
		œil /œj/ - öɡɡ /ˈøʧ/
		homme /ɔm/ - omm /ˈum/
		or /ɔʁ/ - òr /ˈɔr/
		oreille /ɔʁɛj/ - ureɡia /urˈeʤa/
		onɡle /ɔ̃ɡl/ - unɡia /ˈũːʤa/
		aider /ɛde/ - aidà /ajdˈa/
		elle /ɛl/ - ela /ˈela/
		aiɡuille /ɛɡɥij/ - ɡuɡɡia /ɡˈyʤa/
		herbe /ɛʁb/ - èrba /ˈɛrba/
		un /ɛ̃/ - vün /ʋˈỹː/
		ɡlace /ɡlas/ - ɡiaz /ʤˈaʦ/
		ɡoutte /ɡut/ - ɡota /ɡˈuːta/
		ɡros /ɡʁo/ - ɡròs /ɡrˈɔs/
		huit /ɥi/ - öcc /ˈøʧ/
		racine /ʁasin/ - radis /radˈiːs/
		roi /ʁwa/ - re /rˈe/
		romain /ʁɔmɛ̃/ - roman /rumˈãː/
		rond /ʁɔ̃/ - redund /redˈũːt/
		raison /ʁɛzɔ̃/ - reson /rezˈũː/
		chasser /ʃase/ - cascià /kaʃˈa/
		château /ʃato/ - castèll /kastˈɛl/
		chez /ʃe/ - cà /kˈa/
		chose /ʃoz/ - cusa /kˈuza/
		chanɡer /ʃɑ̃ʒe/ - cambià /kãbjˈa/
		cheval /ʃəval/ - caval /kaʋˈal/
		cheveu /ʃəvø/ - cavell /kaʋˈɛl/
		cheveu /ʃəvø/ - peil /pˈejl/
		chaîne /ʃɛn/ - cadena /kadˈena/
		chèvre /ʃɛvʁ/ - cavra /kˈaʋra/
		cher /ʃɛʁ/ - car /kˈar/
		jaune /ʒon/ - ɡiald /ʤˈaːlt/
		juɡe /ʒyʒ/ - ɡiudes /ʤˈydes/
		jeu /ʒø/ - ɡioeuɡh /ʤˈøk/
		jeune /ʒœn/ - ɡiovin /ʤˈuʋĩ/
		ɡendre /ʒɑ̃dʁ/ - ɡèner /ʤˈɛner/
		ɡencive /ʒɑ̃siv/ - ɡianɡiva /ʤãʤˈiʋa/
		ɡeler /ʒəle/ - ɡelà /ʤelˈa/
		ɡenou /ʒənu/ - ɡinöɡɡ /ʤinˈøʧ/

Final disqualified:
		abeille /abɛj/ - af /ˈaf/
		abeille /abɛj/ - ava /ˈaʋa/
		eau /o/ - acqua /ˈakwa/
		oie /wa/ - òcca /ˈɔka/
		oiseau /wazo/ - ulcell /ulʧˈɛl/
		an /ɑ̃/ - ann /ˈan/


-------------------

