/blˈad̥/ - /blˈɛːd/
b-b / l-l / ˈa-ˈɛː / d̥-d
{0: [0], 1: [1], 2: [2], 3: [3]}
{0: [0], 1: [1], 2: [2], 3: [3]}
SCORE: 23.279

-------------------

/blˈaʊ̯d̥/ - /blˈoːu̯d/
b-b / l-l / ˈaʊ̯-ˈoːu̯ / d̥-d
{0: [0], 1: [1], 2: [2], 3: [3]}
{0: [0], 1: [1], 2: [2], 3: [3]}
SCORE: 25.372

-------------------

/blˈaʊ̯m/ - /blˈoːu̯mə/
b-b / l-l / ˈaʊ̯-ˈoːu̯ / m-m / ∅-ə
{0: [0], 1: [1], 2: [2], 3: [3], 4: None}
{0: [0], 1: [1], 2: [2], 3: [3], 4: [4]}
SCORE: 21.157

-------------------

/blˈɔʏ̯dn̩/ - /blˈɛɪ̯də/
b-b / l-l / ˈɔʏ̯-ˈɛɪ̯ / d-d / n-ə
{0: [0], 1: [1], 2: [2], 3: [3], 4: [4]}
{0: [0], 1: [1], 2: [2], 3: [3], 4: [4]}
SCORE: 26.551

-------------------

/brˈaʊ̯d̥/ - /brˈoːd/
b-b / r-r / ˈaʊ̯-ˈoː / d̥-d
{0: [0], 1: [1], 2: [2], 3: [3]}
{0: [0], 1: [1], 2: [2], 3: [3]}
SCORE: 24.302

-------------------

/brˈaʊ̯ɾæ/ - /brˈuːr/
b-b / r-r / ˈaʊ̯_ɾ-ˈuː / æ-r
{0: [0], 1: [1], 2: [2, 3], 3: [4]}
{0: [0], 1: [1], 2: [2], 3: [3]}
SCORE: 20.401

-------------------

/brˈuːɡn̩/ - /brjˈoːu̯ə/
b-b / r-r_j / ˈuː-ˈoːu̯ / ɡ-∅ / n-ə
{0: [0], 1: [1], 2: [2], 3: [3], 4: [4]}
{0: [0], 1: [1, 2], 2: [3], 3: None, 4: [4]}
SCORE: 11.628

-------------------

/brˈʏç/ - /brˈɛːɣ̥/
b-b / r-r / ˈʏ-ˈɛː / ç-ɣ̥
{0: [0], 1: [1], 2: [2], 3: [3]}
{0: [0], 1: [1], 2: [2], 3: [3]}
SCORE: 27.937

-------------------

/bˈae̯dn̩/ - /bjˈoːdə/
b-b / ˈae̯-j_ˈoː / d-d / n-ə
{0: [0], 1: [1], 2: [2], 3: [3]}
{0: [0], 1: [1, 2], 2: [3], 3: [4]}
SCORE: 20.03

-------------------

/bˈae̯n/ - /bˈeːn/
b-b / ˈae̯-ˈeː / n-n
{0: [0], 1: [1], 2: [2]}
{0: [0], 1: [1], 2: [2]}
SCORE: 19.94

-------------------

/bˈaɪ̯æ/ - /bˈɛɪ̯ə/
b-b / ∅-ˈɛɪ̯ / ˈaɪ̯-∅ / æ-ə
{0: [0], 1: None, 2: [1], 3: [2]}
{0: [0], 1: [1], 2: None, 3: [2]}
SCORE: 4.012

-------------------

/bˈaʊ̯k/ - /bˈoːu̯k/
b-b / ˈaʊ̯-ˈoːu̯ / k-k
{0: [0], 1: [1], 2: [2]}
{0: [0], 1: [1], 2: [2]}
SCORE: 20.907

-------------------

/bˈaʊ̯m/ - /bˈoːm/
b-b / ˈaʊ̯-ˈoː / m-m
{0: [0], 1: [1], 2: [2]}
{0: [0], 1: [1], 2: [2]}
SCORE: 20.534

-------------------

/bˈaːd̥/ - /bˈɛd/
b-b / ∅-ˈɛ / ˈaː-∅ / d̥-d
{0: [0], 1: None, 2: [1], 3: [2]}
{0: [0], 1: [1], 2: None, 3: [2]}
SCORE: 5.926

-------------------

/bˈaːɣ̊/ - /bˈiːrəɣ̥/
b-b / ˈaː-ˈiː_r / ∅-ə / ɣ̊-∅ / #>-ɣ̥_#>
{0: [0], 1: [1], 2: None, 3: [2], 4: None}
{0: [0], 1: [1, 2], 2: [3], 3: None, 4: [4]}
SCORE: 0.017

-------------------

/bˈiːtn̩/ - /bˈitə/
b-b / ˈiː-ˈi / t_n-t_ə
{0: [0], 1: [1], 2: [2, 3]}
{0: [0], 1: [1], 2: [2, 3]}
SCORE: 22.794

-------------------

/bˈoːæ/ - /bˈɔːrə/
b-b / ∅-ˈɔː / ˈoː-r / æ-ə
{0: [0], 1: None, 2: [1], 3: [2]}
{0: [0], 1: [1], 2: [2], 3: [3]}
SCORE: 9.777

-------------------

/bˈɔst/ - /brˈʊst/
b-b / ∅-r / ∅-ˈʊ / ˈɔ-∅ / s-s / t-t
{0: [0], 1: None, 2: None, 3: [1], 4: [2], 5: [3]}
{0: [0], 1: [1], 2: [2], 3: None, 4: [3], 5: [4]}
SCORE: 5.427

-------------------

/bˈɛːɾæ/ - /bˈeːtər/
b-b / ˈɛː-ˈeː / ∅-t / ɾ-∅ / æ-ə_r
{0: [0], 1: [1], 2: None, 3: [2], 4: [3]}
{0: [0], 1: [1], 2: [2], 3: None, 4: [3, 4]}
SCORE: 7.285

-------------------

/bˈɪnn̩/ - /bˈiːndə/
b-b / ˈɪ-ˈiː / n-n / n-d_ə
{0: [0], 1: [1], 2: [2], 3: [3]}
{0: [0], 1: [1], 2: [2], 3: [3, 4]}
SCORE: 17.672

-------------------

/bˈɪɾn̩/ - /bˈɪdə/
b-b / ˈɪ-ˈɪ / ɾ-d / n-ə
{0: [0], 1: [1], 2: [2], 3: [3]}
{0: [0], 1: [1], 2: [2], 3: [3]}
SCORE: 17.698

-------------------

/drˈae̯/ - /trˈɛɪ̯/
d-t / r-r / ∅-ˈɛɪ̯ / ˈae̯-∅
{0: [0], 1: [1], 2: None, 3: [2]}
{0: [0], 1: [1], 2: [2], 3: None}
SCORE: 2.579

-------------------

/drˈaʊ̯m/ - /drˈoːm/
<#_d-<#_d / r-r / ˈaʊ̯-ˈoː / m-m
{0: [0], 1: [1], 2: [2], 3: [3]}
{0: [0], 1: [1], 2: [2], 3: [3]}
SCORE: 23.757

-------------------

/drˈiːm/ - /drˈiːwə/
<#_d-<#_d / r-r / ˈiː-ˈiː_w / m-ə
{0: [0], 1: [1], 2: [2], 3: [3]}
{0: [0], 1: [1], 2: [2, 3], 3: [4]}
SCORE: 14.459

-------------------

/drˈɔʏ̯m/ - /drˈeːmə/
<#_d-<#_d / r-r / ˈɔʏ̯-ˈeː / m-m / ∅-ə
{0: [0], 1: [1], 2: [2], 3: [3], 4: None}
{0: [0], 1: [1], 2: [2], 3: [3], 4: [4]}
SCORE: 19.179

-------------------

/drˈɔʏ̯ç/ - /drˈuːɣ̥/
<#_d-<#_d / r-r / ∅-ˈuː / ˈɔʏ̯-∅ / ç-ɣ̥
{0: [0], 1: [1], 2: None, 3: [2], 4: [3]}
{0: [0], 1: [1], 2: [2], 3: None, 4: [3]}
SCORE: 10.608

-------------------

/drˈɪŋkn̩/ - /drˈɪŋkə/
<#_d-<#_d / r-r / ˈɪ-ˈɪ / ŋ-ŋ / k_n-k_ə
{0: [0], 1: [1], 2: [2], 3: [3], 4: [4, 5]}
{0: [0], 1: [1], 2: [2], 3: [3], 4: [4, 5]}
SCORE: 33.789

-------------------

/drˈʏtae̯n/ - /trˈɛtin/
d-t / r-r / ˈʏ-ˈɛ / t-t / ae̯-i / n-n
{0: [0], 1: [1], 2: [2], 3: [3], 4: [4], 5: [5]}
{0: [0], 1: [1], 2: [2], 3: [3], 4: [4], 5: [5]}
SCORE: 34.185

-------------------

/dˈae̯p/ - /jˈoːp/
<#_d-<# / ˈae̯-j_ˈoː / p-p
{0: [0], 1: [1], 2: [2]}
{0: None, 1: [0, 1], 2: [2]}
SCORE: 14.202

-------------------

/dˈae̯v̥/ - /tjˈoːf/
d-t / ˈae̯-j_ˈoː / v̥-f
{0: [0], 1: [1], 2: [2]}
{0: [0], 1: [1, 2], 2: [3]}
SCORE: 17.513

-------------------

/dˈae̯ç/ - /dˈeː/
<#_d-<#_d / ˈae̯-ˈeː / ç_#>-#>
{0: [0], 1: [1], 2: [2]}
{0: [0], 1: [1], 2: None}
SCORE: 11.724

-------------------

/dˈaŋkn̩/ - /tˈɔŋkjə/
d-t / ˈa-ˈɔ / ŋ-ŋ / k-k / n-j_ə
{0: [0], 1: [1], 2: [2], 3: [3], 4: [4]}
{0: [0], 1: [1], 2: [2], 3: [3], 4: [4, 5]}
SCORE: 25.398

-------------------

/dˈaɣ̊/ - /dˈaːi̯/
<#_d-<#_d / ˈa-∅ / ɣ̊-ˈaːi̯
{0: [0], 1: [1], 2: [2]}
{0: [0], 1: None, 2: [1]}
SCORE: 6.214

-------------------

/dˈaʊ̯d̥/ - /dˈoːd/
<#_d-<#_d / ˈaʊ̯-ˈoː / d̥-d
{0: [0], 1: [1], 2: [2]}
{0: [0], 1: [1], 2: [2]}
SCORE: 18.419

-------------------

/dˈiːæt/ - /dˈiːrt/
<#_d-<#_d / ˈiː-ˈiː / æ-r / t-t
{0: [0], 1: [1], 2: [2], 3: [3]}
{0: [0], 1: [1], 2: [2], 3: [3]}
SCORE: 22.579

-------------------

/dˈoːd̥/ - /dˈoːd/
<#_d-<#_d / ˈoː-ˈoː / d̥-d
{0: [0], 1: [1], 2: [2]}
{0: [0], 1: [1], 2: [2]}
SCORE: 17.156

-------------------

/dˈuː/ - /dˈuː/
<#_d-<#_d / ˈuː-ˈuː
{0: [0], 1: [1]}
{0: [0], 1: [1]}
SCORE: 14.989

-------------------

/dˈuːm/ - /tˈuːmə/
d-t / ˈuː-ˈuː / m-m / ∅-ə
{0: [0], 1: [1], 2: [2], 3: None}
{0: [0], 1: [1], 2: [2], 3: [3]}
SCORE: 13.459

-------------------

/dˈuːv̥/ - /dˈuːvə/
<#_d-<#_d / ˈuː-ˈuː / v̥-v / ∅-ə
{0: [0], 1: [1], 2: [2], 3: None}
{0: [0], 1: [1], 2: [2], 3: [3]}
SCORE: 12.666

-------------------

/dˈuːzn̩d̥/ - /dˈuːzənd/
<#_d-<#_d / ˈuː-ˈuː / z-z_ə / n-n / d̥-d
{0: [0], 1: [1], 2: [2], 3: [3], 4: [4]}
{0: [0], 1: [1], 2: [2, 3], 3: [4], 4: [5]}
SCORE: 24.365

-------------------

/dˈuːæn/ - /tˈoːu̯dən/
d-t / ˈuː-ˈoːu̯_d / æ-ə / n-n
{0: [0], 1: [1], 2: [2], 3: [3]}
{0: [0], 1: [1, 2], 2: [3], 3: [4]}
SCORE: 15.026

-------------------

/dˈyːæ/ - /jˈuːr/
<#_d-<# / ˈyː-j_ˈuː / æ-r
{0: [0], 1: [1], 2: [2]}
{0: None, 1: [0, 1], 2: [2]}
SCORE: 13.383

-------------------

/dˈœst/ - /tˈɔːrst/
<#-<#_t / ∅-ˈɔː / d-r / ˈœ-∅ / s-s / t-t
{0: None, 1: None, 2: [0], 3: [1], 4: [2], 5: [3]}
{0: [0], 1: [1], 2: [2], 3: None, 4: [3], 5: [4]}
SCORE: 4.32

-------------------

/dˈɔxtæ/ - /dˈɔxtər/
<#_d-<#_d / ˈɔ-ˈɔ / x-x / t-t / æ-ə_r
{0: [0], 1: [1], 2: [2], 3: [3], 4: [4]}
{0: [0], 1: [1], 2: [2], 3: [3], 4: [4, 5]}
SCORE: 32.028

-------------------

/dˈɪk/ - /tjˈʊk/
d-t / ˈɪ-j_ˈʊ / k-k
{0: [0], 1: [1], 2: [2]}
{0: [0], 1: [1, 2], 2: [3]}
SCORE: 15.591

-------------------

/dˈʏn/ - /tˈɛːn/
d-t / ˈʏ-ˈɛː / n-n
{0: [0], 1: [1], 2: [2]}
{0: [0], 1: [1], 2: [2]}
SCORE: 18.048

-------------------

/flˈae̯ç/ - /fljˈoːɣə/
f-f / l-l / ˈae̯-j_ˈoː / ç-ɣ_ə
{0: [0], 1: [1], 2: [2], 3: [3]}
{0: [0], 1: [1], 2: [2, 3], 3: [4, 5]}
SCORE: 24.166

-------------------

/flˈae̯ŋ/ - /fljˈoːɣə/
f-f / l-l / ˈae̯-j_ˈoː / ŋ-ɣ / ∅-ə
{0: [0], 1: [1], 2: [2], 3: [3], 4: None}
{0: [0], 1: [1], 2: [2, 3], 3: [4], 4: [5]}
SCORE: 15.755

-------------------

/flˈae̯ʃ/ - /flˈaːsk/
f-f / l-l / ˈae̯-ˈaː / ʃ-s_k
{0: [0], 1: [1], 2: [2], 3: [3]}
{0: [0], 1: [1], 2: [2], 3: [3, 4]}
SCORE: 23.222

-------------------

/frˈaɪ̯æn/ - /frjˈoːzə/
f-f / r-r_j / ˈaɪ̯-ˈoː_z / æ_n-ə
{0: [0], 1: [1], 2: [2], 3: [3, 4]}
{0: [0], 1: [1, 2], 2: [3, 4], 3: [5]}
SCORE: 15.201

-------------------

/frˈiː/ - /frˈɛɪ̯/
f-f / r-r / ˈiː-ˈɛɪ̯
{0: [0], 1: [1], 2: [2]}
{0: [0], 1: [1], 2: [2]}
SCORE: 16.553

-------------------

/frˈɪʃ/ - /frˈɪsk/
f-f / r-r / ˈɪ-ˈɪ / ʃ-s_k
{0: [0], 1: [1], 2: [2], 3: [3]}
{0: [0], 1: [1], 2: [2], 3: [3, 4]}
SCORE: 25.998

-------------------

/frˈʏnd̥/ - /frˈyːnd/
f-f / r-r / ˈʏ-ˈyː / n-n / d̥-d
{0: [0], 1: [1], 2: [2], 3: [3], 4: [4]}
{0: [0], 1: [1], 2: [2], 3: [3], 4: [4]}
SCORE: 31.019

-------------------

/fˈaɾæ/ - /fˈɔːr/
f-f / ˈa-ˈɔː / ɾ_æ-r
{0: [0], 1: [1], 2: [2, 3]}
{0: [0], 1: [1], 2: [2]}
SCORE: 14.827

-------------------

/fˈaʊ̯t/ - /fˈoːu̯t/
f-f / ˈaʊ̯-ˈoːu̯ / t-t
{0: [0], 1: [1], 2: [2]}
{0: [0], 1: [1], 2: [2]}
SCORE: 20.023

-------------------

/fˈiːf/ - /fˈiːw/
f-f / ˈiː-ˈiː_w / f-∅
{0: [0], 1: [1], 2: [2]}
{0: [0], 1: [1, 2], 2: None}
SCORE: 6.87

-------------------

/fˈiːæ/ - /fjˈaːu̯ər/
f-f / ∅-j / ∅-ˈaːu̯ / ˈiː-∅ / æ-ə_r
{0: [0], 1: None, 2: None, 3: [1], 4: [2]}
{0: [0], 1: [1], 2: [2], 3: None, 4: [3, 4]}
SCORE: 0.21

-------------------

/fˈyːæ/ - /fjˈuːr/
f-f / ˈyː-j_ˈuː / æ-r
{0: [0], 1: [1], 2: [2]}
{0: [0], 1: [1, 2], 2: [3]}
SCORE: 21.473

-------------------

/fˈœːæ/ - /fˈɔːr/
f-f / ∅-ˈɔː / ˈœː-∅ / æ-r
{0: [0], 1: None, 2: [1], 3: [2]}
{0: [0], 1: [1], 2: None, 3: [2]}
SCORE: 4.085

-------------------

/fˈɒːɡl̩/ - /fˈuːɣəl/
f-f / ∅-ˈuː / ˈɒː-∅ / ɡ-ɣ / ∅-ə / l-l
{0: [0], 1: None, 2: [1], 3: [2], 4: None, 5: [3]}
{0: [0], 1: [1], 2: None, 3: [2], 4: [3], 5: [4]}
SCORE: 6.466

-------------------

/fˈɔlɡn̩/ - /fˈoːu̯lɣjə/
f-f / ˈɔ-ˈoːu̯ / l-l / ɡ-ɣ / n-j_ə
{0: [0], 1: [1], 2: [2], 3: [3], 4: [4]}
{0: [0], 1: [1], 2: [2], 3: [3], 4: [4, 5]}
SCORE: 23.415

-------------------

/fˈɔs/ - /fˈɔːks/
f-f / ˈɔ-ˈɔː / ∅-k / s-s
{0: [0], 1: [1], 2: None, 3: [2]}
{0: [0], 1: [1], 2: [2], 3: [3]}
SCORE: 13.099

-------------------

/fˈɔʏ̯ln̩/ - /fˈɛɪ̯lə/
f-f / ˈɔʏ̯-ˈɛɪ̯ / l-l / n-ə
{0: [0], 1: [1], 2: [2], 3: [3]}
{0: [0], 1: [1], 2: [2], 3: [3]}
SCORE: 22.108

-------------------

/fˈɔʏ̯t/ - /fˈɛɪ̯tə/
f-f / ˈɔʏ̯-ˈɛɪ̯ / t-t_ə
{0: [0], 1: [1], 2: [2]}
{0: [0], 1: [1], 2: [2, 3]}
SCORE: 20.65

-------------------

/fˈɪnn̩/ - /fˈiːndə/
f-f / ˈɪ-ˈiː / n-n / n-d_ə
{0: [0], 1: [1], 2: [2], 3: [3]}
{0: [0], 1: [1], 2: [2], 3: [3, 4]}
SCORE: 17.222

-------------------

/fˈɪŋæ/ - /fˈɪŋər/
f-f / ˈɪ-ˈɪ / ŋ-ŋ / æ-ə_r
{0: [0], 1: [1], 2: [2], 3: [3]}
{0: [0], 1: [1], 2: [2], 3: [3, 4]}
SCORE: 28.147

-------------------

/fˈɪʃ/ - /fˈɪsk/
f-f / ˈɪ-ˈɪ / ʃ-s_k
{0: [0], 1: [1], 2: [2]}
{0: [0], 1: [1], 2: [2, 3]}
SCORE: 21.446

-------------------

/fˈʊl/ - /fˈʊl/
f-f / ˈʊ-ˈʊ / l-l
{0: [0], 1: [1], 2: [2]}
{0: [0], 1: [1], 2: [2]}
SCORE: 21.505

-------------------

/hˈae̯t/ - /hˈeːt/
h-h / ˈae̯-ˈeː / t-t
{0: [0], 1: [1], 2: [2]}
{0: [0], 1: [1], 2: [2]}
SCORE: 20.491

-------------------

/hˈalv̥/ - /hˈoːlv/
h-h / ˈa-ˈoː / l-l / v̥-v
{0: [0], 1: [1], 2: [2], 3: [3]}
{0: [0], 1: [1], 2: [2], 3: [3]}
SCORE: 20.34

-------------------

/hˈand̥/ - /hˈoːu̯ndə/
h-h / ˈa_n-ˈoːu̯_n / d̥-d / ∅-ə
{0: [0], 1: [1, 2], 2: [3], 3: None}
{0: [0], 1: [1, 2], 2: [3], 3: [4]}
SCORE: 19.975

-------------------

/hˈaʊ̯x/ - /hˈoːɣ̥/
h-h / ˈaʊ̯-ˈoː / x-∅ / #>-ɣ̥_#>
{0: [0], 1: [1], 2: [2], 3: None}
{0: [0], 1: [1], 2: None, 3: [2]}
SCORE: 7.921

-------------------

/hˈaːt/ - /hˈaːt/
h-h / ∅-ˈaː / ˈaː-∅ / t-t
{0: [0], 1: None, 2: [1], 3: [2]}
{0: [0], 1: [1], 2: None, 3: [2]}
SCORE: 5.873

-------------------

/hˈaːtn̩/ - /hˈɔːtjə/
h-h / ∅-ˈɔː / ˈaː-∅ / t-t / n-j_ə
{0: [0], 1: None, 2: [1], 3: [2], 4: [3]}
{0: [0], 1: [1], 2: None, 3: [2], 4: [3, 4]}
SCORE: 6.731

-------------------

/hˈiːæ/ - /hˈir/
h-h / ˈiː-ˈi / æ-r
{0: [0], 1: [1], 2: [2]}
{0: [0], 1: [1], 2: [2]}
SCORE: 20.42

-------------------

/hˈoːæ/ - /hˈiːr/
h-h / ˈoː-ˈiː / æ-r
{0: [0], 1: [1], 2: [2]}
{0: [0], 1: [1], 2: [2]}
SCORE: 16.102

-------------------

/hˈuːt/ - /hˈɛɪ̯d/
h-h / ∅-ˈɛɪ̯ / ˈuː-d / t-∅
{0: [0], 1: None, 2: [1], 3: [2]}
{0: [0], 1: [1], 2: [2], 3: None}
SCORE: -2.411

-------------------

/hˈuːz̥/ - /hˈuːs/
h-h / ˈuː-ˈuː / z̥_#>-s_#>
{0: [0], 1: [1], 2: [2]}
{0: [0], 1: [1], 2: [2]}
SCORE: 22.418

-------------------

/hˈuːæn/ - /hˈoːu̯dən/
h-h / ˈuː-ˈoːu̯_d / æ-ə / n-n
{0: [0], 1: [1], 2: [2], 3: [3]}
{0: [0], 1: [1, 2], 2: [3], 3: [4]}
SCORE: 18.308

-------------------

/hˈyːæn/ - /hˈeːrə/
h-h / ∅-ˈeː / ˈyː-∅ / æ-r / n-ə
{0: [0], 1: None, 2: [1], 3: [2], 4: [3]}
{0: [0], 1: [1], 2: None, 3: [2], 4: [3]}
SCORE: 4.747

-------------------

/hˈœv̥d̥/ - /hˈaːu̯d/
h-h / ∅-ˈaːu̯ / ˈœ-∅ / v̥-∅ / d̥-d
{0: [0], 1: None, 2: [1], 3: [2], 4: [3]}
{0: [0], 1: [1], 2: None, 3: None, 4: [2]}
SCORE: 0.936

-------------------

/hˈɒːz̥/ - /hˈɔːzə/
h-h / ˈɒː-ˈɔː / ∅-z / ∅-ə / z̥_#>-#>
{0: [0], 1: [1], 2: None, 3: None, 4: [2]}
{0: [0], 1: [1], 2: [2], 3: [3], 4: None}
SCORE: 2.061

-------------------

/hˈɔnɪç/ - /hˈuːnɪɣ̥/
h-h / ˈɔ-ˈuː / n-n / ɪ-ɪ / ç-ɣ̥
{0: [0], 1: [1], 2: [2], 3: [3], 4: [4]}
{0: [0], 1: [1], 2: [2], 3: [3], 4: [4]}
SCORE: 32.462

-------------------

/hˈɛbm̩/ - /hˈɛbə/
h-h / ˈɛ-ˈɛ / b-b / m-ə
{0: [0], 1: [1], 2: [2], 3: [3]}
{0: [0], 1: [1], 2: [2], 3: [3]}
SCORE: 18.091

-------------------

/hˈɛlpn̩/ - /hˈɛlpə/
h-h / ˈɛ-ˈɛ / l-l / p-p / n-ə
{0: [0], 1: [1], 2: [2], 3: [3], 4: [4]}
{0: [0], 1: [1], 2: [2], 3: [3], 4: [4]}
SCORE: 24.98

-------------------

/hˈɛn/ - /hˈanə/
h-h / ˈɛ-ˈa / n-n_ə
{0: [0], 1: [1], 2: [2]}
{0: [0], 1: [1], 2: [2, 3]}
SCORE: 18.25

-------------------

/hˈɪlɪç/ - /hˈɛlɪɣ̥/
h-h / ∅-ˈɛ / ˈɪ_l-l / ɪ-ɪ / ç-ɣ̥
{0: [0], 1: None, 2: [1, 2], 3: [3], 4: [4]}
{0: [0], 1: [1], 2: [2], 3: [3], 4: [4]}
SCORE: 21.012

-------------------

/hˈʊnd̥/ - /hˈuːnd/
h-h / ˈʊ-ˈuː / n-n / d̥-d
{0: [0], 1: [1], 2: [2], 3: [3]}
{0: [0], 1: [1], 2: [2], 3: [3]}
SCORE: 22.274

-------------------

/hˈʊnæt/ - /hˈʊndərt/
h-h / ˈʊ-ˈʊ / n-n_d / æ-ə_r / t-t
{0: [0], 1: [1], 2: [2], 3: [3], 4: [4]}
{0: [0], 1: [1], 2: [2, 3], 3: [4, 5], 4: [6]}
SCORE: 25.627

-------------------

/hˈʊŋæ/ - /hˈʊŋər/
h-h / ˈʊ-ˈʊ / ŋ-ŋ / æ-ə_r
{0: [0], 1: [1], 2: [2], 3: [3]}
{0: [0], 1: [1], 2: [2], 3: [3, 4]}
SCORE: 28.386

-------------------

/jˈae̯st/ - /jˈeːst/
<#_j-<#_j / ˈae̯-ˈeː / s-s / t-t
{0: [0], 1: [1], 2: [2], 3: [3]}
{0: [0], 1: [1], 2: [2], 3: [3]}
SCORE: 25.369

-------------------

/jˈoːæ/ - /jˈiːr/
<#_j-<#_j / ˈoː-ˈiː / æ-r
{0: [0], 1: [1], 2: [2]}
{0: [0], 1: [1], 2: [2]}
SCORE: 16.416

-------------------

/jˈɛl/ - /jˈeːl/
<#_j-<#_j / ∅-ˈeː / ˈɛ-∅ / l-l
{0: [0], 1: None, 2: [1], 3: [2]}
{0: [0], 1: [1], 2: None, 3: [2]}
SCORE: 6.458

-------------------

/jˈɛːbm̩/ - /jˈeːu̯və/
<#_j-<#_j / ˈɛː_b-ˈeːu̯ / m-v_ə
{0: [0], 1: [1, 2], 2: [3]}
{0: [0], 1: [1], 2: [2, 3]}
SCORE: 14.237

-------------------

/jˈʊŋɡ̊/ - /jˈʊŋk/
<#_j-<#_j / ˈʊ-ˈʊ / ŋ-ŋ / ɡ̊-k
{0: [0], 1: [1], 2: [2], 3: [3]}
{0: [0], 1: [1], 2: [2], 3: [3]}
SCORE: 27.675

-------------------

/kʰnˈʊt/ - /knˈɛt/
<#_kʰ-<#_k / n-n / ∅-ˈɛ / ˈʊ-∅ / t-t
{0: [0], 1: [1], 2: None, 3: [2], 4: [3]}
{0: [0], 1: [1], 2: [2], 3: None, 4: [3]}
SCORE: 9.437

-------------------

/kʰˈalv̥/ - /kˈoːləx/
<#_kʰ-<#_k / ˈa-ˈoː / l-l / ∅-ə / ∅-x / v̥_#>-#>
{0: [0], 1: [1], 2: [2], 3: None, 4: None, 5: [3]}
{0: [0], 1: [1], 2: [2], 3: [3], 4: [4], 5: None}
SCORE: 4.346

-------------------

/kʰˈat/ - /kˈat/
<#_kʰ-<#_k / ˈa-ˈa / t-t
{0: [0], 1: [1], 2: [2]}
{0: [0], 1: [1], 2: [2]}
SCORE: 20.373

-------------------

/kʰˈaʊ̯/ - /kˈu/
<#_kʰ-<#_k / ∅-ˈu / ˈaʊ̯-∅
{0: [0], 1: None, 2: [1]}
{0: [0], 1: [1], 2: None}
SCORE: 0.85

-------------------

/kʰˈaʊ̯ld̥/ - /kˈoːld/
<#_kʰ-<#_k / ˈaʊ̯-ˈoː / l-l / d̥-d
{0: [0], 1: [1], 2: [2], 3: [3]}
{0: [0], 1: [1], 2: [2], 3: [3]}
SCORE: 24.135

-------------------

/kʰˈaːk/ - /sˈɛːrkə/
kʰ-s / ˈaː-ˈɛː_r / k-k_ə
{0: [0], 1: [1], 2: [2]}
{0: [0], 1: [1, 2], 2: [3, 4]}
SCORE: 11.859

-------------------

/kʰˈyːkn̩/ - /sjˈuːkən/
kʰ-s / ˈyː-j_ˈuː / k-k_ə / n-n
{0: [0], 1: [1], 2: [2], 3: [3]}
{0: [0], 1: [1, 2], 2: [3, 4], 3: [5]}
SCORE: 21.819

-------------------

/kʰˈøːnɪç/ - /kˈœːnɪɣ̥/
<#_kʰ-<#_k / ˈøː-ˈœː / n-n / ɪ-ɪ / ç-ɣ̥
{0: [0], 1: [1], 2: [2], 3: [3], 4: [4]}
{0: [0], 1: [1], 2: [2], 3: [3], 4: [4]}
SCORE: 36.369

-------------------

/kʰˈœːnn̩/ - /kˈɔnə/
<#_kʰ-<#_k / ∅-ˈɔ / ˈœː-∅ / n-n / n-ə
{0: [0], 1: None, 2: [1], 3: [2], 4: [3]}
{0: [0], 1: [1], 2: None, 3: [2], 4: [3]}
SCORE: 5.076

-------------------

/kʰˈɒːm/ - /kˈuːmə/
<#_kʰ-<#_k / ∅-ˈuː / ˈɒː-m / m-ə
{0: [0], 1: None, 2: [1], 3: [2]}
{0: [0], 1: [1], 2: [2], 3: [3]}
SCORE: 4.955

-------------------

/kʰˈɔp/ - /kˈɔp/
<#_kʰ-<#_k / ˈɔ-ˈɔ / p-p
{0: [0], 1: [1], 2: [2]}
{0: [0], 1: [1], 2: [2]}
SCORE: 23.329

-------------------

/kʰˈɛnn̩/ - /kˈanə/
<#_kʰ-<#_k / ˈɛ-ˈa / n-n / n-ə
{0: [0], 1: [1], 2: [2], 3: [3]}
{0: [0], 1: [1], 2: [2], 3: [3]}
SCORE: 19.021

-------------------

/kʰˈɛɪ̯z̥/ - /sˈiːs/
kʰ-s / ˈɛɪ̯-ˈiː / z̥_#>-s_#>
{0: [0], 1: [1], 2: [2]}
{0: [0], 1: [1], 2: [2]}
SCORE: 15.133

-------------------

/lˈae̯v̥/ - /ljˈoːf/
l-l / ˈae̯-j_ˈoː / v̥-f
{0: [0], 1: [1], 2: [2]}
{0: [0], 1: [1, 2], 2: [3]}
SCORE: 19.482

-------------------

/lˈae̯ŋ/ - /ljˈoːɣə/
l-l / ˈae̯-j_ˈoː / ŋ-ɣ / ∅-ə
{0: [0], 1: [1], 2: [2], 3: None}
{0: [0], 1: [1, 2], 2: [3], 3: [4]}
SCORE: 10.065

-------------------

/lˈam/ - /lˈoːu̯m/
l-l / ˈa-ˈoːu̯ / m-m
{0: [0], 1: [1], 2: [2]}
{0: [0], 1: [1], 2: [2]}
SCORE: 18.071

-------------------

/lˈand̥/ - /lˈoːu̯nd/
l-l / ˈa_n-ˈoːu̯_n / d̥-d
{0: [0], 1: [1, 2], 2: [3]}
{0: [0], 1: [1, 2], 2: [3]}
SCORE: 23.661

-------------------

/lˈaxn̩/ - /lˈaːxjə/
l-l / ˈa-ˈaː / x-x / n-j_ə
{0: [0], 1: [1], 2: [2], 3: [3]}
{0: [0], 1: [1], 2: [2], 3: [3, 4]}
SCORE: 21.716

-------------------

/lˈaŋk/ - /lˈɔːŋ/
l-l / ˈa-ˈɔː / ŋ-ŋ / k_#>-#>
{0: [0], 1: [1], 2: [2], 3: [3]}
{0: [0], 1: [1], 2: [2], 3: None}
SCORE: 17.73

-------------------

/lˈaʊ̯pn̩/ - /lˈoːpə/
l-l / ˈaʊ̯-ˈoː / p-p / n-ə
{0: [0], 1: [1], 2: [2], 3: [3]}
{0: [0], 1: [1], 2: [2], 3: [3]}
SCORE: 20.928

-------------------

/lˈoːv̥/ - /lˈoːf/
l-l / ˈoː-ˈoː / v̥-f
{0: [0], 1: [1], 2: [2]}
{0: [0], 1: [1], 2: [2]}
SCORE: 17.507

-------------------

/lˈuːz̥/ - /lˈuːs/
l-l / ˈuː-ˈuː / z̥_#>-s_#>
{0: [0], 1: [1], 2: [2]}
{0: [0], 1: [1], 2: [2]}
SCORE: 21.105

-------------------

/lˈɪç/ - /lˈɪxt/
l-l / ˈɪ-ˈɪ / ç-x_t
{0: [0], 1: [1], 2: [2]}
{0: [0], 1: [1], 2: [2, 3]}
SCORE: 16.341

-------------------

/lˈɪç/ - /lˈʊxt/
l-l / ˈɪ-ˈʊ / ç-x_t
{0: [0], 1: [1], 2: [2]}
{0: [0], 1: [1], 2: [2, 3]}
SCORE: 12.575

-------------------

/mˈan/ - /mˈɔn/
m-m / ˈa-ˈɔ / n-n
{0: [0], 1: [1], 2: [2]}
{0: [0], 1: [1], 2: [2]}
SCORE: 19.214

-------------------

/mˈaxt/ - /mˈaxt/
m-m / ˈa-ˈa / x-x / t-t
{0: [0], 1: [1], 2: [2], 3: [3]}
{0: [0], 1: [1], 2: [2], 3: [3]}
SCORE: 27.658

-------------------

/mˈaʊ̯ɾæ/ - /mˈuːr/
m-m / ˈaʊ̯_ɾ-ˈuː / æ-r
{0: [0], 1: [1, 2], 2: [3]}
{0: [0], 1: [1], 2: [2]}
SCORE: 15.122

-------------------

/mˈiː/ - /mˈi/
m-m / ˈiː-ˈi
{0: [0], 1: [1]}
{0: [0], 1: [1]}
SCORE: 16.448

-------------------

/mˈuːz̥/ - /mˈuːs/
m-m / ˈuː-ˈuː / z̥_#>-s_#>
{0: [0], 1: [1], 2: [2]}
{0: [0], 1: [1], 2: [2]}
SCORE: 21.682

-------------------

/mˈyːz/ - /mˈuːzə/
m-m / ˈyː-ˈuː / z-z_ə
{0: [0], 1: [1], 2: [2]}
{0: [0], 1: [1], 2: [2, 3]}
SCORE: 16.995

-------------------

/mˈɒːn/ - /mˈoːu̯nə/
m-m / ˈɒː-ˈoːu̯ / n-n_ə
{0: [0], 1: [1], 2: [2]}
{0: [0], 1: [1], 2: [2, 3]}
SCORE: 15.42

-------------------

/mˈɒːnd̥/ - /mˈoːu̯nd/
m-m / ˈɒː-ˈoːu̯ / n-n / d̥-d
{0: [0], 1: [1], 2: [2], 3: [3]}
{0: [0], 1: [1], 2: [2], 3: [3]}
SCORE: 21.074

-------------------

/mˈɛlk/ - /mˈɔːlk/
m-m / ˈɛ-ˈɔː / l-l / k-k
{0: [0], 1: [1], 2: [2], 3: [3]}
{0: [0], 1: [1], 2: [2], 3: [3]}
SCORE: 21.747

-------------------

/mˈɪnʃ/ - /mˈɔːnskə/
m-m / ∅-ˈɔː / ˈɪ_n-n / ʃ-s_k / ∅-ə
{0: [0], 1: None, 2: [1, 2], 3: [3], 4: None}
{0: [0], 1: [1], 2: [2], 3: [3, 4], 4: [5]}
SCORE: 5.092

-------------------

/mˈʊnd̥/ - /mˈund/
m-m / ∅-ˈu / ˈʊ-∅ / n-n / d̥-d
{0: [0], 1: None, 2: [1], 3: [2], 4: [3]}
{0: [0], 1: [1], 2: None, 3: [2], 4: [3]}
SCORE: 9.222

-------------------

/mˈʏç/ - /mˈɛːɣə/
m-m / ˈʏ-ˈɛː / ç-ɣ_ə
{0: [0], 1: [1], 2: [2]}
{0: [0], 1: [1], 2: [2, 3]}
SCORE: 20.516

-------------------

/nˈax/ - /nˈɔːxt/
<#_n-<#_n / ˈa-ˈɔː / x-x / ∅-t
{0: [0], 1: [1], 2: [2], 3: None}
{0: [0], 1: [1], 2: [2], 3: [3]}
SCORE: 18.119

-------------------

/nˈiːç/ - /nˈɛɪ̯/
<#_n-<#_n / ˈiː-ˈɛɪ̯ / ç_#>-#>
{0: [0], 1: [1], 2: [2]}
{0: [0], 1: [1], 2: None}
SCORE: 9.686

-------------------

/nˈuːæd̥/ - /nˈoːu̯d/
<#_n-<#_n / ˈuː_æ-ˈoːu̯ / d̥-d
{0: [0], 1: [1, 2], 2: [3]}
{0: [0], 1: [1], 2: [2]}
SCORE: 16.189

-------------------

/nˈœːt/ - /nˈuːtə/
<#_n-<#_n / ˈœː-ˈuː / t-t_ə
{0: [0], 1: [1], 2: [2]}
{0: [0], 1: [1], 2: [2, 3]}
SCORE: 16.493

-------------------

/nˈɒːdl̩/ - /nˈɛdəl/
<#_n-<#_n / ∅-ˈɛ / ˈɒː-∅ / d-d_ə / l-l
{0: [0], 1: None, 2: [1], 3: [2], 4: [3]}
{0: [0], 1: [1], 2: None, 3: [2, 3], 4: [4]}
SCORE: 6.264

-------------------

/nˈɒːkt/ - /nˈɔːkənd/
<#_n-<#_n / ˈɒː-ˈɔː / k-k_ə / t-n / ∅-d
{0: [0], 1: [1], 2: [2], 3: [3], 4: None}
{0: [0], 1: [1], 2: [2, 3], 3: [4], 4: [5]}
SCORE: 14.136

-------------------

/nˈɒːm/ - /nˈoːmə/
<#_n-<#_n / ˈɒː-ˈoː / m-m / ∅-ə
{0: [0], 1: [1], 2: [2], 3: None}
{0: [0], 1: [1], 2: [2], 3: [3]}
SCORE: 15.041

-------------------

/nˈɒːɡl̩/ - /nˈaːi̯l/
<#_n-<#_n / ∅-ˈaːi̯ / ˈɒː-∅ / ɡ-∅ / l-l
{0: [0], 1: None, 2: [1], 3: [2], 4: [3]}
{0: [0], 1: [1], 2: None, 3: None, 4: [2]}
SCORE: 1.232

-------------------

/nˈɛːɣn̩/ - /njˈuːɣən/
<#_n-<#_n / ∅-j / ˈɛː-∅ / ɣ-ˈuː_ɣ / n-ə_n
{0: [0], 1: None, 2: [1], 3: [2], 4: [3]}
{0: [0], 1: [1], 2: None, 3: [2, 3], 4: [4, 5]}
SCORE: 9.639

-------------------

/pʰlˈaʊ̯ç/ - /plˈoːu̯ɣ̥/
∅-p / pʰ-∅ / l-l / ˈaʊ̯-ˈoːu̯ / ç-ɣ̥
{0: None, 1: [0], 2: [1], 3: [2], 4: [3]}
{0: [0], 1: None, 2: [1], 3: [2], 4: [3]}
SCORE: 10.692

-------------------

/rˈaʊ̯d̥/ - /rˈoːd/
<#_r-<#_r / ˈaʊ̯-ˈoː / d̥-d
{0: [0], 1: [1], 2: [2]}
{0: [0], 1: [1], 2: [2]}
SCORE: 20.248

-------------------

/rˈaʊ̯k/ - /rˈoːk/
<#_r-<#_r / ˈaʊ̯-ˈoː / k-k
{0: [0], 1: [1], 2: [2]}
{0: [0], 1: [1], 2: [2]}
SCORE: 20.619

-------------------

/rˈiːk/ - /rˈik/
<#_r-<#_r / ˈiː-ˈi / k-k
{0: [0], 1: [1], 2: [2]}
{0: [0], 1: [1], 2: [2]}
SCORE: 22.672

-------------------

/rˈɛçt/ - /rjˈʊxt/
r-r_j / ∅-ˈʊ / ˈɛ-∅ / ç-x / t-t
{0: [0], 1: None, 2: [1], 3: [2], 4: [3]}
{0: [0, 1], 1: [2], 2: None, 3: [3], 4: [4]}
SCORE: 3.774

-------------------

/rˈɪŋ/ - /rˈɪŋ/
<#_r-<#_r / ˈɪ-ˈɪ / ŋ-ŋ
{0: [0], 1: [1], 2: [2]}
{0: [0], 1: [1], 2: [2]}
SCORE: 24.735

-------------------

/rˈʏç/ - /rˈɛːɣ̥/
<#_r-<#_r / ˈʏ-ˈɛː / ç-ɣ̥
{0: [0], 1: [1], 2: [2]}
{0: [0], 1: [1], 2: [2]}
SCORE: 23.883

-------------------

/tʰrˈɒːn/ - /trˈoːnə/
<#_tʰ-<#_t / r-r / ˈɒː-ˈoː / n-n_ə
{0: [0], 1: [1], 2: [2], 3: [3]}
{0: [0], 1: [1], 2: [2], 3: [3, 4]}
SCORE: 20.97

-------------------

/tʰvˈae̯/ - /tvˈoː/
<#_tʰ-<#_t / v-v / ˈae̯-ˈoː
{0: [0], 1: [1], 2: [2]}
{0: [0], 1: [1], 2: [2]}
SCORE: 19.404

-------------------

/tʰvˈœlf/ - /tvˈeːləɣ̥/
<#_tʰ-<#_t / v-v / ∅-ˈeː / ˈœ-∅ / l-l / ∅-ə / f-∅ / #>-ɣ̥_#>
{0: [0], 1: [1], 2: None, 3: [2], 4: [3], 5: None, 6: [4], 7: None}
{0: [0], 1: [1], 2: [2], 3: None, 4: [3], 5: [4], 6: None, 7: [5]}
SCORE: -1.65

-------------------

/tʰvˈɪntɪç/ - /tvˈɪntɪɣ̥/
<#_tʰ-<#_t / v-v / ˈɪ-ˈɪ / n-n / t-t / ɪ-ɪ / ç-ɣ̥
{0: [0], 1: [1], 2: [2], 3: [3], 4: [4], 5: [5], 6: [6]}
{0: [0], 1: [1], 2: [2], 3: [3], 4: [4], 5: [5], 6: [6]}
SCORE: 45.078

-------------------

/tʰˈae̯kn̩/ - /tˈeːkən/
<#_tʰ-<#_t / ˈae̯-ˈeː / k-k_ə / n-n
{0: [0], 1: [1], 2: [2], 3: [3]}
{0: [0], 1: [1], 2: [2, 3], 3: [4]}
SCORE: 23.984

-------------------

/tʰˈae̯n/ - /tjˈoːn/
<#_tʰ-<#_t / ˈae̯-j_ˈoː / n-n
{0: [0], 1: [1], 2: [2]}
{0: [0], 1: [1, 2], 2: [3]}
SCORE: 18.747

-------------------

/tʰˈeːn/ - /tˈoːnə/
<#_tʰ-<#_t / ∅-ˈoː / ˈeː-∅ / n-n_ə
{0: [0], 1: None, 2: [1], 3: [2]}
{0: [0], 1: [1], 2: None, 3: [2, 3]}
SCORE: 3.185

-------------------

/tʰˈiːd̥/ - /tˈiːd/
<#_tʰ-<#_t / ˈiː-ˈiː / d̥-d
{0: [0], 1: [1], 2: [2]}
{0: [0], 1: [1], 2: [2]}
SCORE: 19.628

-------------------

/tʰˈʊŋ/ - /tˈʊŋə/
<#_tʰ-<#_t / ˈʊ-ˈʊ / ŋ-ŋ / ∅-ə
{0: [0], 1: [1], 2: [2], 3: None}
{0: [0], 1: [1], 2: [2], 3: [3]}
SCORE: 17.905

-------------------

/vˈae̯k/ - /vˈoːk/
v-v / ˈae̯-ˈoː / k-k
{0: [0], 1: [1], 2: [2]}
{0: [0], 1: [1], 2: [2]}
SCORE: 19.373

-------------------

/vˈae̯tn̩/ - /vˈiːtə/
v-v_ˈiː / ˈae̯-∅ / t_n-t_ə
{0: [0], 1: [1], 2: [2, 3]}
{0: [0, 1], 1: None, 2: [2, 3]}
SCORE: 6.525

-------------------

/vˈat/ - /vˈɛt/
v-v / ∅-ˈɛ / ˈa-∅ / t-t
{0: [0], 1: None, 2: [1], 3: [2]}
{0: [0], 1: [1], 2: None, 3: [2]}
SCORE: 5.26

-------------------

/vˈaːm/ - /vˈoːrm/
v-v / ∅-ˈoː / ˈaː-r / m-m
{0: [0], 1: None, 2: [1], 3: [2]}
{0: [0], 1: [1], 2: [2], 3: [3]}
SCORE: 13.02

-------------------

/vˈiː/ - /vˈi/
v-v / ˈiː-ˈi
{0: [0], 1: [1]}
{0: [0], 1: [1]}
SCORE: 16.572

-------------------

/vˈiːn/ - /vˈin/
v-v / ˈiː-ˈi / n-n
{0: [0], 1: [1], 2: [2]}
{0: [0], 1: [1], 2: [2]}
SCORE: 20.595

-------------------

/vˈoːæm/ - /vˈʊrm/
v-v / ∅-ˈʊ / ˈoː_æ-r / m-m
{0: [0], 1: None, 2: [1, 2], 3: [3]}
{0: [0], 1: [1], 2: [2], 3: [3]}
SCORE: 10.349

-------------------

/vˈuːæd̥/ - /vˈoːu̯d/
v-v / ˈuː_æ-ˈoːu̯ / d̥-d
{0: [0], 1: [1, 2], 2: [3]}
{0: [0], 1: [1], 2: [2]}
SCORE: 15.488

-------------------

/vˈœːædl̩/ - /vˈʊtəl/
v-v / ∅-ˈʊ / ˈœː-∅ / æ-∅ / d-t / ∅-ə / l-l
{0: [0], 1: None, 2: [1], 3: [2], 4: [3], 5: None, 6: [4]}
{0: [0], 1: [1], 2: None, 3: None, 4: [2], 5: [3], 6: [4]}
SCORE: -1.602

-------------------

/vˈɒːtæ/ - /vˈɔːtər/
v-v / ˈɒː-ˈɔː / t-t / æ-ə_r
{0: [0], 1: [1], 2: [2], 3: [3]}
{0: [0], 1: [1], 2: [2], 3: [3, 4]}
SCORE: 22.773

-------------------

/vˈɛç/ - /vˈaːi̯/
v-v / ∅-ˈaːi̯ / ˈɛ-∅ / ç_#>-#>
{0: [0], 1: None, 2: [1], 3: [2]}
{0: [0], 1: [1], 2: None, 3: None}
SCORE: -2.167

-------------------

/vˈɛːk/ - /vˈiːk/
v-v_ˈiː / ˈɛː-∅ / k-k
{0: [0], 1: [1], 2: [2]}
{0: [0, 1], 1: None, 2: [2]}
SCORE: 5.904

-------------------

/vˈɛːɾæ/ - /vˈeːdər/
v-v / ˈɛː-ˈeː / ɾ-d / æ-ə_r
{0: [0], 1: [1], 2: [2], 3: [3]}
{0: [0], 1: [1], 2: [2], 3: [3, 4]}
SCORE: 16.837

-------------------

/vˈɪld̥/ - /vˈiːld/
v-v / ˈɪ-ˈiː / l-l / d̥-d
{0: [0], 1: [1], 2: [2], 3: [3]}
{0: [0], 1: [1], 2: [2], 3: [3]}
SCORE: 23.013

-------------------

/vˈɪnd̥/ - /vˈiːnd/
v-v / ˈɪ-ˈiː / n-n / d̥-d
{0: [0], 1: [1], 2: [2], 3: [3]}
{0: [0], 1: [1], 2: [2], 3: [3]}
SCORE: 22.201

-------------------

/vˈɪntæ/ - /vˈɪntər/
v-v / ˈɪ-ˈɪ / n-n / t-t / æ-ə_r
{0: [0], 1: [1], 2: [2], 3: [3], 4: [4]}
{0: [0], 1: [1], 2: [2], 3: [3], 4: [4, 5]}
SCORE: 29.684

-------------------

/vˈɪt/ - /vˈit/
v-v / ˈɪ-ˈi / t-t
{0: [0], 1: [1], 2: [2]}
{0: [0], 1: [1], 2: [2]}
SCORE: 16.413

-------------------

/vˈʊl/ - /vˈʊlə/
v-v / ˈʊ-ˈʊ / l-l / ∅-ə
{0: [0], 1: [1], 2: [2], 3: None}
{0: [0], 1: [1], 2: [2], 3: [3]}
SCORE: 16.352

-------------------

/vˈʊlv̥/ - /vˈʊlf/
v-v / ˈʊ-ˈʊ / l-l / v̥-f
{0: [0], 1: [1], 2: [2], 3: [3]}
{0: [0], 1: [1], 2: [2], 3: [3]}
SCORE: 26.303

-------------------

/vˈʊnæ/ - /vˈʊndər/
v-v / ˈʊ-ˈʊ / n-n_d / æ-ə_r
{0: [0], 1: [1], 2: [2], 3: [3]}
{0: [0], 1: [1], 2: [2, 3], 3: [4, 5]}
SCORE: 20.45

-------------------

/vˈʏnʃn̩/ - /vˈɔnskjə/
v-v / ∅-ˈɔ / ˈʏ-∅ / n-n / ʃ-s_k / n-j_ə
{0: [0], 1: None, 2: [1], 3: [2], 4: [3], 5: [4]}
{0: [0], 1: [1], 2: None, 3: [2], 4: [3, 4], 5: [5, 6]}
SCORE: 10.133

-------------------

/zˈae̯n/ - /sjˈoː/
z-s / ˈae̯-j_ˈoː / n-∅
{0: [0], 1: [1], 2: [2]}
{0: [0], 1: [1, 2], 2: None}
SCORE: 9.092

-------------------

/zˈand̥/ - /sˈoːu̯nd/
z-s / ˈa_n-ˈoːu̯_n / d̥-d
{0: [0], 1: [1, 2], 2: [3]}
{0: [0], 1: [1, 2], 2: [3]}
SCORE: 23.223

-------------------

/zˈeː/ - /sˈeː/
z-s / ˈeː-ˈeː
{0: [0], 1: [1]}
{0: [0], 1: [1]}
SCORE: 11.833

-------------------

/zˈeːl/ - /sˈeːlə/
z-s / ˈeː-ˈeː / l-l / ∅-ə
{0: [0], 1: [1], 2: [2], 3: None}
{0: [0], 1: [1], 2: [2], 3: [3]}
SCORE: 11.669

-------------------

/zˈiːd̥/ - /sˈiːdə/
z-s / ˈiː-ˈiː / d̥-d / ∅-ə
{0: [0], 1: [1], 2: [2], 3: None}
{0: [0], 1: [1], 2: [2], 3: [3]}
SCORE: 13.995

-------------------

/zˈuːæ/ - /sˈuːr/
z-s / ˈuː-ˈuː / æ-r
{0: [0], 1: [1], 2: [2]}
{0: [0], 1: [1], 2: [2]}
SCORE: 17.812

-------------------

/zˈuːɡn̩/ - /sˈøːɣjə/
z-s / ˈuː-ˈøː / ɡ-ɣ / n-j_ə
{0: [0], 1: [1], 2: [2], 3: [3]}
{0: [0], 1: [1], 2: [2], 3: [3, 4]}
SCORE: 22.451

-------------------

/zˈœs/ - /sˈɛks/
z-s / ∅-ˈɛ / ∅-k / ˈœ-∅ / s-s
{0: [0], 1: None, 2: None, 3: [1], 4: [2]}
{0: [0], 1: [1], 2: [2], 3: None, 4: [3]}
SCORE: -0.88

-------------------

/zˈœːm/ - /sˈoːɣən/
z-s / ∅-ˈoː / ∅-ɣ / ˈœː-∅ / m-ə_n
{0: [0], 1: None, 2: None, 3: [1], 4: [2]}
{0: [0], 1: [1], 2: [2], 3: None, 4: [3, 4]}
SCORE: -5.566

-------------------

/zˈœːn/ - /sˈuːn/
z-s / ˈœː-ˈuː / n-n
{0: [0], 1: [1], 2: [2]}
{0: [0], 1: [1], 2: [2]}
SCORE: 15.095

-------------------

/zˈɔlt/ - /sˈɔːlt/
z-s / ˈɔ-ˈɔː / l-l / t-t
{0: [0], 1: [1], 2: [2], 3: [3]}
{0: [0], 1: [1], 2: [2], 3: [3]}
SCORE: 21.641

-------------------

/zˈɔmæ/ - /sˈuːmər/
z-s / ˈɔ-ˈuː / m-m / æ-ə_r
{0: [0], 1: [1], 2: [2], 3: [3]}
{0: [0], 1: [1], 2: [2], 3: [3, 4]}
SCORE: 21.734

-------------------

/zˈɔʏ̯kn̩/ - /sˈɛɪ̯kə/
z-s / ˈɔʏ̯-ˈɛɪ̯ / k_n-k_ə
{0: [0], 1: [1], 2: [2, 3]}
{0: [0], 1: [1], 2: [2, 3]}
SCORE: 22.108

-------------------

/zˈɔʏ̯t/ - /svˈɛɪ̯t/
z-s / ∅-v / ˈɔʏ̯-ˈɛɪ̯ / t-t
{0: [0], 1: None, 2: [1], 3: [2]}
{0: [0], 1: [1], 2: [2], 3: [3]}
SCORE: 15.341

-------------------

/zˈɛŋ/ - /sˈɔːɣjə/
z-s / ˈɛ-ˈɔː / ŋ-ɣ / ∅-j / ∅-ə
{0: [0], 1: [1], 2: [2], 3: None, 4: None}
{0: [0], 1: [1], 2: [2], 3: [3], 4: [4]}
SCORE: 1.432

-------------------

/zˈɪtn̩/ - /sˈɪtə/
z-s / ˈɪ-ˈɪ / t_n-t_ə
{0: [0], 1: [1], 2: [2, 3]}
{0: [0], 1: [1], 2: [2, 3]}
SCORE: 21.215

-------------------

/zˈɪŋ/ - /sjˈʊŋə/
z-s / ˈɪ-j_ˈʊ / ŋ-ŋ / ∅-ə
{0: [0], 1: [1], 2: [2], 3: None}
{0: [0], 1: [1, 2], 2: [3], 3: [4]}
SCORE: 14.019

-------------------

/zˈʏlm/ - /sˈɛlvən/
z-s / ˈʏ-ˈɛ / l-l / m-v_ə / ∅-n
{0: [0], 1: [1], 2: [2], 3: [3], 4: None}
{0: [0], 1: [1], 2: [2], 3: [3, 4], 4: [5]}
SCORE: 13.731

-------------------

/zˈʏstæ/ - /sˈʊstər/
z-s / ˈʏ-ˈʊ / s-s / t-t / æ-ə_r
{0: [0], 1: [1], 2: [2], 3: [3], 4: [4]}
{0: [0], 1: [1], 2: [2], 3: [3], 4: [4, 5]}
SCORE: 24.58

-------------------

/ɡrˈaʊ̯t/ - /ɣrˈoːt/
ɡ-ɣ / r-r / ˈaʊ̯-ˈoː / t-t
{0: [0], 1: [1], 2: [2], 3: [3]}
{0: [0], 1: [1], 2: [2], 3: [3]}
SCORE: 23.881

-------------------

/ɡrˈaːz̥/ - /ɣˈɛːrs/
ɡ-ɣ / r-∅ / ˈaː-ˈɛː_r / z̥_#>-s_#>
{0: [0], 1: [1], 2: [2], 3: [3]}
{0: [0], 1: None, 2: [1, 2], 3: [3]}
SCORE: 13.481

-------------------

/ɡrˈɔʏ̯n/ - /ɣrˈɛɪ̯n/
ɡ-ɣ / r-r / ˈɔʏ̯-ˈɛɪ̯ / n-n
{0: [0], 1: [1], 2: [2], 3: [3]}
{0: [0], 1: [1], 2: [2], 3: [3]}
SCORE: 25.738

-------------------

/ɡˈas/ - /ɣˈaːst/
ɡ-ɣ / ˈa-ˈaː / s-s / ∅-t
{0: [0], 1: [1], 2: [2], 3: None}
{0: [0], 1: [1], 2: [2], 3: [3]}
SCORE: 13.805

-------------------

/ɡˈaʊ̯d̥/ - /ɣˈoːu̯d/
ɡ-ɣ / ˈaʊ̯-ˈoːu̯ / d̥-d
{0: [0], 1: [1], 2: [2]}
{0: [0], 1: [1], 2: [2]}
SCORE: 20.179

-------------------

/ɡˈaʊ̯s/ - /ɣˈoːu̯s/
ɡ-ɣ / ˈaʊ̯-ˈoːu̯ / s-s
{0: [0], 1: [1], 2: [2]}
{0: [0], 1: [1], 2: [2]}
SCORE: 20.115

-------------------

/ɡˈoːæn/ - /jˈɛɪ̯dən/
<#-<#_j / ∅-ˈɛɪ̯ / ɡ-∅ / ˈoː-∅ / æ-d_ə / n-n
{0: None, 1: None, 2: [0], 3: [1], 4: [2], 5: [3]}
{0: [0], 1: [1], 2: None, 3: None, 4: [2, 3], 5: [4]}
SCORE: -5.367

-------------------

/ɡˈɒːn/ - /ɣˈʊŋə/
ɡ-ɣ / ∅-ˈʊ / ∅-ŋ / ˈɒː-∅ / n-ə
{0: [0], 1: None, 2: None, 3: [1], 4: [2]}
{0: [0], 1: [1], 2: [2], 3: None, 4: [3]}
SCORE: -3.855

-------------------

/ɡˈɔd̥/ - /ɣˈɔd/
ɡ-ɣ / ˈɔ-ˈɔ / d̥-d
{0: [0], 1: [1], 2: [2]}
{0: [0], 1: [1], 2: [2]}
SCORE: 21.141

-------------------

/ɡˈɔld̥/ - /ɣˈoːu̯ld/
ɡ-ɣ / ˈɔ-ˈoːu̯ / l-l / d̥-d
{0: [0], 1: [1], 2: [2], 3: [3]}
{0: [0], 1: [1], 2: [2], 3: [3]}
SCORE: 21.494

-------------------

/ʃlˈaŋ/ - /slˈɔːŋə/
ʃ-s / l-l / ˈa-ˈɔː / ŋ-ŋ / ∅-ə
{0: [0], 1: [1], 2: [2], 3: [3], 4: None}
{0: [0], 1: [1], 2: [2], 3: [3], 4: [4]}
SCORE: 20.526

-------------------

/ʃlˈɒːbm̩/ - /slˈɛɪ̯pə/
ʃ-s / l-l / ˈɒː-ˈɛɪ̯ / ∅-p / b-∅ / m-ə
{0: [0], 1: [1], 2: [2], 3: None, 4: [3], 5: [4]}
{0: [0], 1: [1], 2: [2], 3: [3], 4: None, 5: [4]}
SCORE: 4.529

-------------------

/ʃlˈɒːn/ - /slˈoː/
ʃ-s / l-l / ˈɒː-ˈoː / n-∅
{0: [0], 1: [1], 2: [2], 3: [3]}
{0: [0], 1: [1], 2: [2], 3: None}
SCORE: 12.703

-------------------

/ʃnˈae̯/ - /snˈeː/
ʃ-s / n-n / ˈae̯-ˈeː
{0: [0], 1: [1], 2: [2]}
{0: [0], 1: [1], 2: [2]}
SCORE: 18.276

-------------------

/ʃprˈɒːk/ - /sprˈɔːkə/
ʃ-s / p-p / r-r / ˈɒː-ˈɔː / k-k_ə
{0: [0], 1: [1], 2: [2], 3: [3], 4: [4]}
{0: [0], 1: [1], 2: [2], 3: [3], 4: [4, 5]}
SCORE: 29.402

-------------------

/ʃtˈae̯n/ - /stˈeːn/
ʃ-s / t-t / ˈae̯-ˈeː / n-n
{0: [0], 1: [1], 2: [2], 3: [3]}
{0: [0], 1: [1], 2: [2], 3: [3]}
SCORE: 22.84

-------------------

/ʃtˈaʊ̯l/ - /stˈoːu̯l/
ʃ-s / t-t / ˈaʊ̯-ˈoːu̯ / l-l
{0: [0], 1: [1], 2: [2], 3: [3]}
{0: [0], 1: [1], 2: [2], 3: [3]}
SCORE: 23.644

-------------------

/ʃtˈiːæn/ - /stˈiːrn/
ʃ-s / t-t / ˈiː-ˈiː / æ-r / n-n
{0: [0], 1: [1], 2: [2], 3: [3], 4: [4]}
{0: [0], 1: [1], 2: [2], 3: [3], 4: [4]}
SCORE: 26.269

-------------------

/ʃtˈuːæm/ - /stˈɔːrm/
ʃ-s / t-t / ∅-ˈɔː / ˈuː-∅ / æ-r / m-m
{0: [0], 1: [1], 2: None, 3: [2], 4: [3], 5: [4]}
{0: [0], 1: [1], 2: [2], 3: None, 4: [3], 5: [4]}
SCORE: 12.847

-------------------

/ʃwˈae̯t/ - /svˈeːt/
ʃ-s / w-v / ˈae̯-ˈeː / t-t
{0: [0], 1: [1], 2: [2], 3: [3]}
{0: [0], 1: [1], 2: [2], 3: [3]}
SCORE: 20.027

-------------------

/ʃwˈat/ - /svˈɔt/
ʃ-s / w-v / ˈa-ˈɔ / t-t
{0: [0], 1: [1], 2: [2], 3: [3]}
{0: [0], 1: [1], 2: [2], 3: [3]}
SCORE: 20.028

-------------------

/ʃwˈiːn/ - /swˈin/
ʃ-s / ∅-w / w-∅ / ˈiː-ˈi / n-n
{0: [0], 1: None, 2: [1], 3: [2], 4: [3]}
{0: [0], 1: [1], 2: None, 3: [2], 4: [3]}
SCORE: 9.534

-------------------

/ʃwˈɛm/ - /svˈɪmə/
ʃ-s / w-v / ∅-ˈɪ / ˈɛ-∅ / m-m / ∅-ə
{0: [0], 1: [1], 2: None, 3: [2], 4: [3], 5: None}
{0: [0], 1: [1], 2: [2], 3: None, 4: [3], 5: [4]}
SCORE: 1.258

-------------------

/ʃˈae̯tn̩/ - /skjˈoːtə/
ʃ-s_k / ˈae̯-j_ˈoː / t_n-t_ə
{0: [0], 1: [1], 2: [2, 3]}
{0: [0, 1], 1: [2, 3], 2: [4, 5]}
SCORE: 19.869

-------------------

/ʃˈaʊ̯/ - /skˈoːu̯/
ʃ-s_k / ˈaʊ̯-ˈoːu̯
{0: [0], 1: [1]}
{0: [0, 1], 1: [2]}
SCORE: 14.326

-------------------

/ʃˈaːp/ - /skˈɛːrp/
ʃ-s_k / ˈaː-ˈɛː_r / p-p
{0: [0], 1: [1], 2: [2]}
{0: [0, 1], 1: [2, 3], 2: [4]}
SCORE: 18.073

-------------------

/ʃˈiːt/ - /skˈit/
ʃ-s_k / ˈiː-ˈi / t-t
{0: [0], 1: [1], 2: [2]}
{0: [0, 1], 1: [2], 2: [3]}
SCORE: 20.155

-------------------

/ʃˈɒːp/ - /skˈɛɪ̯p/
ʃ-s_k / ˈɒː-ˈɛɪ̯ / p-p
{0: [0], 1: [1], 2: [2]}
{0: [0, 1], 1: [2], 2: [3]}
SCORE: 17.765

-------------------

/ʃˈɔʏ̯n/ - /skˈeːn/
ʃ-s_k / ˈɔʏ̯-ˈeː / n-n
{0: [0], 1: [1], 2: [2]}
{0: [0, 1], 1: [2], 2: [3]}
SCORE: 17.984

-------------------

/ʃˈɪld̥/ - /skˈiːld/
ʃ-s_k / ˈɪ-ˈiː / l-l / d̥-d
{0: [0], 1: [1], 2: [2], 3: [3]}
{0: [0, 1], 1: [2], 2: [3], 3: [4]}
SCORE: 22.033

-------------------

/ʃˈɪp/ - /skˈɪp/
ʃ-s_k / ˈɪ-ˈɪ / p-p
{0: [0], 1: [1], 2: [2]}
{0: [0, 1], 1: [2], 2: [3]}
SCORE: 22.663

-------------------

/ˈae̯k/ - /ˈeːkə/
ˈae̯-ˈeː / k-k_ə
{0: [0], 1: [1]}
{0: [0], 1: [1, 2]}
SCORE: 14.932

-------------------

/ˈae̯n/ - /ˈaːn/
ˈae̯-ˈaː / n-n
{0: [0], 1: [1]}
{0: [0], 1: [1]}
SCORE: 12.165

-------------------

/ˈal/ - /ˈaːl/
ˈa-ˈaː / l-l
{0: [0], 1: [1]}
{0: [0], 1: [1]}
SCORE: 13.294

-------------------

/ˈapl̩/ - /ˈapəl/
ˈa-ˈa / p-p / ∅-ə / l-l
{0: [0], 1: [1], 2: None, 3: [2]}
{0: [0], 1: [1], 2: [2], 3: [3]}
SCORE: 16.861

-------------------

/ˈaxt/ - /ˈɔːxtə/
ˈa-ˈɔː / x-x / t-t_ə
{0: [0], 1: [1], 2: [2]}
{0: [0], 1: [1], 2: [2, 3]}
SCORE: 20.462

-------------------

/ˈaʃ/ - /ˈɛːskə/
ˈa-ˈɛː / ʃ-s_k / ∅-ə
{0: [0], 1: [1], 2: None}
{0: [0], 1: [1, 2], 2: [3]}
SCORE: 7.233

-------------------

/ˈaːm/ - /ˈiːrm/
ˈaː-ˈiː_r / m-m
{0: [0], 1: [1]}
{0: [0, 1], 1: [2]}
SCORE: 11.5

-------------------

/ˈiːz̥/ - /ˈis/
ˈiː-ˈi / z̥_#>-s_#>
{0: [0], 1: [1]}
{0: [0], 1: [1]}
SCORE: 17.125

-------------------

/ˈiːæ/ - /ˈɛɪ̯də/
ˈiː-ˈɛɪ̯ / æ-d_ə
{0: [0], 1: [1]}
{0: [0], 1: [1, 2]}
SCORE: 6.36

-------------------

/ˈuːl/ - /ˈuːlə/
ˈuː-ˈuː / l-l / ∅-ə
{0: [0], 1: [1], 2: None}
{0: [0], 1: [1], 2: [2]}
SCORE: 10.016

-------------------

/ˈuːt/ - /ˈuːt/
ˈuː-ˈuː / t-t
{0: [0], 1: [1]}
{0: [0], 1: [1]}
SCORE: 14.744

-------------------

/ˈuːæ/ - /ˈoːr/
∅-ˈoː / ˈuː-∅ / æ-r
{0: None, 1: [0], 2: [1]}
{0: [0], 1: None, 2: [1]}
SCORE: -1.605

-------------------

/ˈœːvæ/ - /ˈuːr/
ˈœː-ˈuː / v-∅ / æ-r
{0: [0], 1: [1], 2: [2]}
{0: [0], 1: None, 2: [1]}
SCORE: 4.911

-------------------

/ˈɒːl/ - /ˈɛɪ̯l/
ˈɒː-ˈɛɪ̯ / l-l
{0: [0], 1: [1]}
{0: [0], 1: [1]}
SCORE: 11.138

-------------------

/ˈɒːm/ - /ˈoːu̯ɣənd/
ˈɒː-ˈoːu̯ / ∅-ɣ / m-ə_n / ∅-d
{0: [0], 1: None, 2: [1], 3: None}
{0: [0], 1: [1], 2: [2, 3], 3: [4]}
SCORE: -3.111

-------------------

/ˈɒːp/ - /ˈɔːpə/
ˈɒː-ˈɔː / p-p / ∅-ə
{0: [0], 1: [1], 2: None}
{0: [0], 1: [1], 2: [2]}
SCORE: 10.219

-------------------

/ˈɔld̥/ - /ˈoːld/
ˈɔ-∅ / l-ˈoː_l / d̥-d
{0: [0], 1: [1], 2: [2]}
{0: None, 1: [0, 1], 2: [2]}
SCORE: 6.283

-------------------

/ˈɛlm/ - /ˈalvən/
ˈɛ-ˈa / l-l / m-v_ə / ∅-n
{0: [0], 1: [1], 2: [2], 3: None}
{0: [0], 1: [1], 2: [2, 3], 3: [4]}
SCORE: 10.029

-------------------

/ˈɛːtn̩/ - /ˈitə/
∅-ˈi / ˈɛː-∅ / t_n-t_ə
{0: None, 1: [0], 2: [1, 2]}
{0: [0], 1: None, 2: [1, 2]}
SCORE: 0.778

-------------------

/ˈɛːæ/ - /jˈi/
<#-<#_j / ˈɛː-∅ / æ-∅ / #>-ˈi_#>
{0: None, 1: [0], 2: [1], 3: None}
{0: [0], 1: None, 2: None, 3: [1]}
SCORE: -6.508

-------------------

/ˈɪk/ - /ˈik/
ˈɪ-ˈi / k-k
{0: [0], 1: [1]}
{0: [0], 1: [1]}
SCORE: 11.311

-------------------

/ˈɪm/ - /ˈiːmə/
ˈɪ-ˈiː / m-m / ∅-ə
{0: [0], 1: [1], 2: None}
{0: [0], 1: [1], 2: [2]}
SCORE: 8.427

-------------------

/ˈɪn/ - /ˈɪn/
ˈɪ-ˈɪ / n-n
{0: [0], 1: [1]}
{0: [0], 1: [1]}
SCORE: 15.223

-------------------

/ˈʊns/ - /ˈuːs/
ˈʊ-ˈuː / n-∅ / s-s
{0: [0], 1: [1], 2: [2]}
{0: [0], 1: None, 2: [1]}
SCORE: 7.038

-------------------

/ˈʊp/ - /ˈap/
∅-ˈa / ˈʊ-∅ / p-p
{0: None, 1: [0], 2: [1]}
{0: [0], 1: None, 2: [1]}
SCORE: 2.067

-------------------

/ˈʏnæ/ - /ˈʊnər/
ˈʏ-ˈʊ / n-n / æ-ə_r
{0: [0], 1: [1], 2: [2]}
{0: [0], 1: [1], 2: [2, 3]}
SCORE: 15.079
