/ajdˈar/ - /ajdˈa/
[2/3] a-a / j-j / d-d / ˈa_r-ˈa
[1/3] a-a / j-j / d-d / ˈa-ˈa / r-∅

-------------------

/anˈɛo/ - /anˈɛl/
[2/3] a-a / n-n / ˈɛ-ˈɛ / o-l
[1/3] a-a / n-n / ˈɛ_o-ˈɛ / #>-l_#>

-------------------

/aɲˈɛo/ - /aɲˈɛl/
[2/3] a-a / ɲ-ɲ / ˈɛ_o-ˈɛ / #>-l_#>
[1/3] a-a / ɲ-ɲ / ˈɛ-ˈɛ / o-l

-------------------

/bjˈaŋko/ - /bjˈãːk/
[2/4] b-b / j-j / ˈa_ŋ-ˈãː / k-k / o_#>-#>
[1/4] b-b / j-j / ˈa_ŋ-ˈãː / k-k / o-∅
[1/4] b-b / j-j / ˈa-ˈãː / ŋ-∅ / k-k / o-∅

-------------------

/bruzˈar/ - /bryzˈa/
[1/2] b-b / r-r / u-y / z-z / ˈa_r-ˈa
[1/2] b-b / r-r / u-y / z-z / ˈa-ˈa / r-∅

-------------------

/bˈaso/ - /bˈas/
[3/3] b-b / ˈa-ˈa / s_o-s

-------------------

/bˈever/ - /bˈeːf/
[2/3] b-b / ˈe-ˈeː / v_e-f / r_#>-#>
[1/3] b-b / ˈe-ˈeː / v-f / e-∅ / r-∅

-------------------

/bˈoka/ - /bˈuka/
[3/3] b-b / ˈo-ˈu / k-k / a-a

-------------------

/bˈona/ - /bˈɔna/
[4/4] b-b / ˈo-ˈɔ / n-n / a-a

-------------------

/bˈoŋ/ - /bˈũː/
[2/3] b-b / ˈo_ŋ-ˈũː
[1/3] b-b / ˈo-ˈũː / ŋ-∅

-------------------

/bˈɔ/ - /bˈɔ/
[4/4] b-b / ˈɔ-ˈɔ

-------------------

/bˈɛa/ - /bˈɛla/
[3/4] b-b / ˈɛ-ˈɛ / a-l_a
[1/4] b-b / ˈɛ-ˈɛ / ∅-l / a-a

-------------------

/bˈɛo/ - /bˈɛl/
[2/2] b-b / ˈɛ-ˈɛ / o-l

-------------------

/djˈeze/ - /dˈes/
[2/3] d-d / j-∅ / ˈe-ˈe / z-s / e-∅
[1/3] d-d / j_ˈe-ˈe / z_e-s

-------------------

/dormˈir/ - /durmˈi/
[3/3] d-d / o-u / r-r / m-m / ˈi_r-ˈi

-------------------

/draɡˈoŋ/ - /draɡˈũː/
[2/2] d-d / r-r / a-a / ɡ-ɡ / ˈo-ˈũː / ŋ-∅

-------------------

/dˈar/ - /dˈaː/
[2/3] d-d / ˈa-ˈaː / r-∅
[1/3] d-d / ˈa-ˈaː / r_#>-#>

-------------------

/dˈeŋte/ - /dˈẽːʧ/
[1/3] d-d / ˈe_ŋ-ˈẽː / t-ʧ / e_#>-#>
[1/3] d-d / ˈe-∅ / ŋ-ˈẽː / t_e-ʧ
[1/3] d-d / ˈe-ˈẽː / ŋ-∅ / t-ʧ / e-∅

-------------------

/dˈir/ - /dˈi/
[1/2] d-d / ˈi_r-ˈi
[1/2] d-d / ˈi-ˈi / r-∅

-------------------

/dˈo/ - /dˈyː/
[2/2] d-d / ˈo-ˈyː

-------------------

/dˈodeze/ - /dˈudes/
[2/3] d-d / ˈo-ˈu / d-d / e-e / z-s / e-∅
[1/3] d-d / ˈo-ˈu / d-d / e-e / z_e-s

-------------------

/dˈoj/ - /dˈyː/
[1/1] d-d / ˈo-ˈyː / j-∅

-------------------

/dˈolse/ - /dˈulʦ/
[2/2] d-d / ˈo-ˈu / l-l / s-ʦ / e-∅

-------------------

/dˈɔna/ - /dˈona/
[3/3] d-d / ˈɔ-ˈo / n-n / a-a

-------------------

/farˈina/ - /farˈina/
[3/3] f-f / a-a / r-r / ˈi-ˈi / n-n / a-a

-------------------

/fiɡˈa/ - /fˈidɛk/
[1/1] f-f / i-ˈi / ∅-d / ∅-ɛ / ɡ-k / ˈa-∅

-------------------

/fjˈor/ - /fjˈyː/
[2/4] f-f / j-j / ˈo-ˈyː / r_#>-#>
[2/4] f-f / j-j / ˈo-ˈyː / r-∅

-------------------

/fjˈume/ - /fjˈym/
[2/4] f-f / j-j / ˈu-ˈy / m_e-m
[2/4] f-f / j-j / ˈu-ˈy / m-m / e-∅

-------------------

/frˈedo/ - /frˈɛʧ/
[2/2] f-f / r-r / ˈe-ˈɛ / d-ʧ / o-∅

-------------------

/frˈuto/ - /frˈyt/
[1/2] f-f / r-r / ˈu-ˈy / t_o-t
[1/2] f-f / r-r / ˈu-ˈy / t-t / o-∅

-------------------

/fˈar/ - /fˈa/
[1/2] f-f / ˈa_r-ˈa
[1/2] f-f / ˈa-ˈa / r-∅

-------------------

/fˈaŋ/ - /fˈam/
[2/2] f-f / ˈa-ˈa / ŋ-m

-------------------

/fˈemena/ - /fˈɔmna/
[1/2] f-f / ˈe-ˈɔ / m_e-m / n-n / a-a
[1/2] f-f / ˈe-ˈɔ / m-m / e-∅ / n-n / a-a

-------------------

/fˈia/ - /fˈia/
[2/2] f-f / ˈi-ˈi / a-a

-------------------

/fˈio/ - /fˈi/
[2/4] f-f / ˈi-ˈi / o_#>-#>
[2/4] f-f / ˈi-ˈi / o-∅

-------------------

/fˈiŋ/ - /fˈĩː/
[1/1] f-f / ˈi-ˈĩː / ŋ-∅

-------------------

/fˈiɰo/ - /fˈil/
[2/2] f-f / ˈi-ˈi / ɰ_o-l

-------------------

/fˈoɡo/ - /fˈøːk/
[1/1] f-f / ˈo-ˈøː / ɡ-k / o-∅

-------------------

/fˈumo/ - /fˈym/
[2/3] f-f / ˈu-ˈy / m-m / o-∅
[1/3] f-f / ˈu-ˈy / m_o-m

-------------------

/fˈɔja/ - /fˈøja/
[3/3] f-f / ˈɔ-ˈø / j-j / a-a

-------------------

/fˈɔrte/ - /fˈɔrt/
[2/3] f-f / ˈɔ-ˈɔ / r-r / t-t / e-∅
[1/3] f-f / ˈɔ-ˈɔ / r-r / t_e-t

-------------------

/fˈɛro/ - /fˈɛr/
[1/2] f-f / ˈɛ-ˈɛ / r_o-r
[1/2] f-f / ˈɛ-ˈɛ / r-r / o-∅

-------------------

/fˈɛsta/ - /fˈɛsta/
[3/3] f-f / ˈɛ-ˈɛ / s-s / t-t / a-a

-------------------

/istˈa/ - /istˈa/
[3/3] i-i / s-s / t-t / ˈa-ˈa

-------------------

/iŋvˈɛrno/ - /ĩʋˈɛrn/
[1/3] i_ŋ-ĩ / v-ʋ / ˈɛ-ˈɛ / r-r / n_o-n
[1/3] i_ŋ-ĩ / v-ʋ / ˈɛ-ˈɛ / r-r / n-n / o_#>-#>
[1/3] i-ĩ / ŋ-∅ / v-ʋ / ˈɛ-ˈɛ / r-r / n-n / o-∅

-------------------

/kastˈɛo/ - /kastˈɛl/
[1/2] k-k / a-a / s-s / t-t / ˈɛ_o-ˈɛ / #>-l_#>
[1/2] k-k / a-a / s-s / t-t / ˈɛ-ˈɛ / o-l

-------------------

/kasˈar/ - /kaʃˈa/
[2/2] k-k / a-a / s-ʃ / ˈa_r-ˈa

-------------------

/kavˈaɰo/ - /kaʋˈal/
[1/2] k-k / a-a / v-ʋ / ˈa-ˈa / ɰ_o-l
[1/2] k-k / a-a / v-ʋ / ˈa-ˈa / ɰ-l / o-∅

-------------------

/kavˈeo/ - /kaʋˈɛl/
[2/3] k-k / a-a / v-ʋ / ˈe-ˈɛ / o-l
[1/3] k-k / a-a / v-ʋ / ˈe-ˈɛ / o-∅ / #>-l_#>

-------------------

/kaŋbjˈar/ - /kãbjˈa/
[2/4] k-k / a-∅ / ŋ-ã / b-b / j-j / ˈa_r-ˈa
[2/4] k-k / a-ã / ŋ-∅ / b-b / j-j / ˈa-ˈa / r-∅

-------------------

/kaˈena/ - /kadˈena/
[3/3] k-k / a-a / ∅-d / ˈe-ˈe / n-n / a-a

-------------------

/konˈoser/ - /kuɲˈɔs/
[1/1] k-k / o-u / n-ɲ / ˈo-ˈɔ / s-s / e-∅ / r-∅

-------------------

/koɰˈor/ - /kylˈyːr/
[4/4] k-k / o-y / ɰ-l / ˈo-ˈyː / r-r

-------------------

/krˈeder/ - /kredˈi/
[3/4] k-k / r-r / ˈe-e / d-d / e-ˈi / r_#>-#>
[1/4] k-k / r-r / ˈe-e / d-d / e-ˈi / r-∅

-------------------

/krˈoze/ - /krˈus/
[2/3] k-k / r-r / ˈo-ˈu / z-s / e-∅
[1/3] k-k / r-r / ˈo-ˈu / z_e-s

-------------------

/kwˈatro/ - /kwˈater/
[2/3] k-k / w-w / ˈa-ˈa / t-t_e / r_o-r
[1/3] k-k / w-w / ˈa-ˈa / t-t / ∅-e / r_o-r

-------------------

/kwˈɔr/ - /kˈøːr/
[4/4] k-k / w-∅ / ˈɔ-ˈøː / r-r

-------------------

/kˈaldo/ - /kˈɔlt/
[1/2] k-k / ˈa-ˈɔ / l-l / d_o-t
[1/2] k-k / ˈa-ˈɔ / l-l / d-t / o-∅

-------------------

/kˈarne/ - /kˈarna/
[3/3] k-k / ˈa-ˈa / r-r / n-n / e-a

-------------------

/kˈaro/ - /kˈar/
[2/2] k-k / ˈa-ˈa / r-r / o-∅

-------------------

/kˈavara/ - /kˈaʋra/
[1/2] k-k / ˈa-ˈa / v-ʋ / a_r-r / a-a
[1/2] k-k / ˈa-ˈa / v-ʋ / a-∅ / r-r / a-a

-------------------

/kˈaza/ - /kˈa/
[5/5] k-k / ˈa-ˈa / z-∅ / a-∅

-------------------

/kˈaŋ/ - /kˈãː/
[1/1] k-k / ˈa-ˈãː / ŋ-∅

-------------------

/kˈe/ - /kˈa/
[1/1] k-k / ˈe-ˈa

-------------------

/kˈe/ - /kˈe/
[3/3] k-k / ˈe-ˈe

-------------------

/kˈi/ - /kˈi/
[1/1] k-k / ˈi-ˈi

-------------------

/kˈoa/ - /kˈua/
[2/2] k-k / ˈo-ˈu / a-a

-------------------

/kˈolpo/ - /kˈulp/
[1/1] k-k / ˈo-ˈu / l-l / p_o-p

-------------------

/kˈurto/ - /kˈyːrt/
[2/2] k-k / ˈu-ˈyː / r-r / t-t / o-∅

-------------------

/kˈuɰo/ - /kˈyː/
[1/2] k-k / ˈu-ˈyː / ɰ-∅ / o_#>-#>
[1/2] k-k / ˈu-ˈyː / ɰ-∅ / o-∅

-------------------

/kˈɔrno/ - /kˈɔrnu/
[2/2] k-k / ˈɔ-ˈɔ / r-r / n-n / o-u

-------------------

/kˈɔrpo/ - /kˈɔrp/
[1/3] k-k / ˈɔ-ˈɔ / r-r / p_o-p
[1/3] k-k / ˈɔ-ˈɔ / r-r / p-p / o_#>-#>
[1/3] k-k / ˈɔ-ˈɔ / r-r / p-p / o-∅

-------------------

/kˈɔza/ - /kˈuza/
[3/3] k-k / ˈɔ-ˈu / z-z / a-a

-------------------

/kˈɔɰo/ - /kˈɔl/
[2/3] k-k / ˈɔ-ˈɔ / ɰ_o-l
[1/3] k-k / ˈɔ-ˈɔ / ɰ-l / o_#>-#>

-------------------

/ljˈevro/ - /lˈeʋer/
[2/5] l-l / j_ˈe-ˈe / v-ʋ / ∅-e / r_o-r
[2/5] l-l / j-∅ / ˈe-ˈe / v-ʋ / ∅-e / r-r / o-∅
[1/5] l-l / j-∅ / ˈe-ˈe / v-ʋ / ∅-e / r_o-r

-------------------

/ljˈoŋ/ - /leˈũː/
[1/1] l-l / j-e / ˈo_ŋ-ˈũː

-------------------

/maɲˈar/ - /mãʤˈa/
[1/2] m-m / a-ã / ɲ-∅ / ∅-ʤ / ˈa_r-ˈa
[1/2] m-m / a-ã / ɲ-∅ / ∅-ʤ / ˈa-ˈa / r-∅

-------------------

/maˈuro/ - /madˈur/
[1/3] m-m / a-a_d / ˈu-ˈu / r_o-r
[1/3] m-m / a-a / ∅-d / ˈu-ˈu / r_o-r
[1/3] m-m / a-a / ∅-d / ˈu-ˈu / r-r / o-∅

-------------------

/mjˈɛl/ - /mˈel/
[3/3] m-m / j-∅ / ˈɛ-ˈe / l-l

-------------------

/morˈir/ - /murˈi/
[2/2] m-m / o-u / r-r / ˈi_r-ˈi

-------------------

/moŋtˈaɲa/ - /mũtˈaɲa/
[2/3] m-m / o-ũ / ŋ_t-t / ˈa-ˈa / ɲ-ɲ / a-a
[1/3] m-m / o-ũ / ŋ-∅ / t-t / ˈa-ˈa / ɲ-ɲ / a-a

-------------------

/mˈar/ - /mˈaːr/
[3/3] m-m / ˈa-ˈaː / r-r

-------------------

/mˈare/ - /mˈare/
[2/2] m-m / ˈa-ˈa / r-r / e-e

-------------------

/mˈaŋ/ - /mˈãː/
[2/3] m-m / ˈa-ˈãː / ŋ-∅
[1/3] m-m / ˈa_ŋ-ˈãː

-------------------

/mˈie/ - /mˈila/
[3/3] m-m / ˈi-ˈi / ∅-l / e-a

-------------------

/mˈoska/ - /mˈuska/
[2/2] m-m / ˈo-ˈu / s-s / k-k / a-a

-------------------

/mˈɔrte/ - /mˈɔrt/
[2/3] m-m / ˈɔ-ˈɔ / r-r / t-t / e-∅
[1/3] m-m / ˈɔ-ˈɔ / r-r / t_e-t

-------------------

/mˈɛzo/ - /mˈɛʦ/
[1/2] m-m / ˈɛ-ˈɛ / z_o-ʦ
[1/2] m-m / ˈɛ-ˈɛ / z-ʦ / o_#>-#>

-------------------

/mˈɛʤo/ - /mˈɛj/
[3/3] m-m / ˈɛ-ˈɛ / ʤ-∅ / o-j

-------------------

/nuˈar/ - /nudˈa/
[1/2] n-n / u-u / ∅-d / ˈa_r-ˈa
[1/2] n-n / u-u / ∅-d / ˈa-ˈa / r-∅

-------------------

/nˈaser/ - /nˈas/
[2/4] n-n / ˈa-ˈa / s-s / e-∅ / r-∅
[1/4] n-n / ˈa-ˈa / s_e-s / r_#>-#>
[1/4] n-n / ˈa-ˈa / s-s / e-∅ / r_#>-#>

-------------------

/nˈazo/ - /nˈas/
[2/3] n-n / ˈa-ˈa / z-s / o_#>-#>
[1/3] n-n / ˈa-ˈa / z_o-s

-------------------

/nˈebja/ - /nˈɛbja/
[3/3] n-n / ˈe-ˈɛ / b-b / j-j / a-a

-------------------

/nˈeɡro/ - /nˈeɡru/
[2/2] n-n / ˈe-ˈe / ɡ-ɡ / r-r / o-u

-------------------

/nˈioɰa/ - /nˈiɡula/
[2/3] n-n / ˈi-ˈi / ∅-ɡ / o-u / ɰ-l / a-a
[1/3] n-n / ˈi-ˈi / o-ɡ_u / ɰ-l / a-a

-------------------

/nˈovo/ - /nˈøːf/
[1/1] n-n / ˈo-ˈøː / v-f / o-∅

-------------------

/nˈoza/ - /nˈus/
[1/2] n-n / ˈo-ˈu / z_a-s
[1/2] n-n / ˈo-ˈu / z-s / a-∅

-------------------

/nˈɔme/ - /nˈom/
[1/1] n-n / ˈɔ-ˈo / m-m / e_#>-#>

-------------------

/nˈɔstro/ - /nˈɔs/
[1/2] n-n / ˈɔ-ˈɔ / s_t-s / r-∅ / o_#>-#>
[1/2] n-n / ˈɔ-ˈɔ / s-s / t-∅ / r-∅ / o-∅

-------------------

/nˈɔstro/ - /nˈɔst/
[1/1] n-n / ˈɔ-ˈɔ / s-s / t_r-t / o-∅

-------------------

/nˈɔte/ - /nˈuʧ/
[1/2] n-n / ˈɔ-ˈu / t-ʧ / e_#>-#>
[1/2] n-n / ˈɔ-ˈu / t-ʧ / e-∅

-------------------

/nˈɔve/ - /nˈøːf/
[2/3] n-n / ˈɔ-ˈøː / v_e-f
[1/3] n-n / ˈɔ-ˈøː / v-f / e-∅

-------------------

/nˈɛve/ - /nˈef/
[2/4] n-n / ˈɛ-ˈe / v_e-f
[1/4] n-n / ˈɛ-ˈe / v-f / e_#>-#>
[1/4] n-n / ˈɛ-ˈe / v-f / e-∅

-------------------

/ozˈɛo/ - /ulʧˈɛl/
[1/3] ∅-u / o-l / z-ʧ / ˈɛ-ˈɛ / o-l
[1/3] o-u / ∅-l / z-ʧ / ˈɛ_o-ˈɛ / #>-l_#>
[1/3] o-u / ∅-l / z-ʧ / ˈɛ-ˈɛ / o-l

-------------------

/palˈazo/ - /palˈaʦ/
[2/4] p-p / a-a / l-l / ˈa-ˈa / z-ʦ / o-∅
[1/4] p-p / a-a / l-l / ˈa-ˈa / z_o-ʦ
[1/4] p-p / a-a / l-l / ˈa-ˈa / z-ʦ / o_#>-#>

-------------------

/parˈɔɰa/ - /parˈɔla/
[1/1] p-p / a-a / r-r / ˈɔ-ˈɔ / ɰ-l / a-a

-------------------

/peˈɔʧo/ - /pjˈøʧ/
[3/3] p-p / e-j / ˈɔ-ˈø / ʧ_o-ʧ

-------------------

/pjˈaŋzer/ - /pjˈãːʦer/
[3/4] p-p / j-j / ˈa_ŋ-ˈãː / z-ʦ / e-e / r-r
[1/4] p-p / j-j / ˈa-ˈãː / ŋ-∅ / z-ʦ / e-e / r-r

-------------------

/pjˈeŋ/ - /pjˈeː/
[2/2] p-p / j-j / ˈe-ˈeː / ŋ_#>-#>

-------------------

/pjˈova/ - /pjˈøʋa/
[2/2] p-p / j-j / ˈo-ˈø / v-ʋ / a-a

-------------------

/pjˈuma/ - /pjˈyma/
[4/4] p-p / j-j / ˈu-ˈy / m-m / a-a

-------------------

/pjˈɛra/ - /pˈejra/
[1/1] p-p / j-ˈe_j / ˈɛ-∅ / r-r / a-a

-------------------

/podˈer/ - /podˈɛ/
[1/3] p-p / o-o / d-d / ˈe_r-ˈɛ
[1/3] p-p / o-o / d-d / ˈe-ˈɛ / r_#>-#>
[1/3] p-p / o-o / d-d / ˈe-ˈɛ / r-∅

-------------------

/prˈɛso/ - /prˈɛsi/
[2/2] p-p / r-r / ˈɛ-ˈɛ / s-s / o-i

-------------------

/pˈare/ - /pˈader/
[1/3] p-p / ˈa_r-ˈa / ∅-d / e-e / ∅-r
[1/3] p-p / ˈa-ˈa / r-∅ / ∅-d / e-e / ∅-r
[1/3] p-p / ˈa-ˈa / r-∅ / ∅-d / e-e / #>-r_#>

-------------------

/pˈaze/ - /pˈaːs/
[1/3] p-p / ˈa-ˈaː / z_e-s
[1/3] p-p / ˈa-ˈaː / z-s / e_#>-#>
[1/3] p-p / ˈa-ˈaː / z-s / e-∅

-------------------

/pˈaŋ/ - /pˈãː/
[2/2] p-p / ˈa_ŋ-ˈãː

-------------------

/pˈaŋsa/ - /pˈãːʦa/
[2/3] p-p / ˈa_ŋ-ˈãː / s-ʦ / a-a
[1/3] p-p / ˈa-ˈãː / ŋ-∅ / s-ʦ / a-a

-------------------

/pˈeo/ - /pˈejl/
[1/2] p-p / ˈe-ˈe_j / o-l
[1/2] p-p / ˈe-ˈe / o-j / #>-l_#>

-------------------

/pˈese/ - /pˈes/
[1/3] p-p / ˈe-ˈe / s_e-s
[1/3] p-p / ˈe-ˈe / s-s / e_#>-#>
[1/3] p-p / ˈe-ˈe / s-s / e-∅

-------------------

/pˈie/ - /pˈɛ/
[1/1] p-p / ˈi-ˈɛ / e-∅

-------------------

/pˈoso/ - /pˈuʦ/
[1/3] p-p / ˈo-ˈu / s_o-ʦ
[1/3] p-p / ˈo-ˈu / s-ʦ / o_#>-#>
[1/3] p-p / ˈo-ˈu / s-ʦ / o-∅

-------------------

/pˈoŋte/ - /pˈũːt/
[2/4] p-p / ˈo_ŋ-ˈũː / t-t / e-∅
[2/4] p-p / ˈo-ˈũː / ŋ-∅ / t-t / e-∅

-------------------

/pˈoŋto/ - /pˈũːt/
[1/4] p-p / ˈo_ŋ-ˈũː / t_o-t
[1/4] p-p / ˈo_ŋ-ˈũː / t-t / o-∅
[1/4] p-p / ˈo-ˈũː / ŋ_t-t / o-∅
[1/4] p-p / ˈo-ˈũː / ŋ-∅ / t-t / o-∅

-------------------

/pˈɔko/ - /pˈɔk/
[1/2] p-p / ˈɔ-ˈɔ / k_o-k
[1/2] p-p / ˈɔ-ˈɔ / k-k / o-∅

-------------------

/pˈɔro/ - /pˈɔr/
[1/2] p-p / ˈɔ-ˈɔ / r_o-r
[1/2] p-p / ˈɔ-ˈɔ / r-r / o-∅

-------------------

/pˈɛe/ - /pˈɛl/
[1/1] p-p / ˈɛ-ˈɛ / e-∅ / ∅-l

-------------------

/pˈɛto/ - /pˈɛt/
[2/3] p-p / ˈɛ-ˈɛ / t_o-t
[1/3] p-p / ˈɛ-ˈɛ / t-t / o-∅

-------------------

/razˈoŋ/ - /rezˈũː/
[1/2] r-r / a-e / z-z / ˈo_ŋ-ˈũː
[1/2] r-r / a-e / z-z / ˈo-ˈũː / ŋ-∅

-------------------

/raˈiza/ - /radˈiːs/
[1/2] r-r / a-a_d / ˈi-ˈiː / z_a-s
[1/2] r-r / a-a / ∅-d / ˈi-ˈiː / z-s / a-∅

-------------------

/reˈoŋdo/ - /redˈũːt/
[3/3] r-r / e-e / ˈo-∅ / ŋ-∅ / d-d / o-ˈũː / ∅-t

-------------------

/romˈaŋ/ - /rumˈãː/
[2/2] r-r / o-u / m-m / ˈa_ŋ-ˈãː

-------------------

/rˈaɲo/ - /rˈaɲ/
[1/2] r-r / ˈa-ˈa / ɲ_o-ɲ
[1/2] r-r / ˈa-ˈa / ɲ-ɲ / o-∅

-------------------

/rˈeʧa/ - /urˈeʤa/
[3/3] ∅-u / r-r / ˈe-ˈe / ʧ-ʤ / a-a

-------------------

/rˈoso/ - /rˈus/
[2/3] r-r / ˈo-ˈu / s_o-s
[1/3] r-r / ˈo-ˈu / s-s / o-∅

-------------------

/rˈɛ/ - /rˈe/
[3/3] r-r / ˈɛ-ˈe

-------------------

/sarjˈeza/ - /ʧirˈejʃa/
[1/1] s-ʧ / a-i / r-r / ∅-ˈe / j-j / ˈe-∅ / z-ʃ / a-a

-------------------

/sarˈeza/ - /ʧirˈejʃa/
[2/3] s-ʧ / a-i / r-r / ˈe-ˈe / ∅-j / z-ʃ / a-a
[1/3] s-ʧ / a-i / r-r / ˈe-ˈe_j / z-ʃ / a-a

-------------------

/savˈer/ - /saʋˈɛ/
[1/2] s-s / a-a / v-ʋ / ˈe_r-ˈɛ
[1/2] s-s / a-a / v-ʋ / ˈe-ˈɛ / r-∅

-------------------

/semˈensa/ - /sumˈenʦa/
[3/3] s-s / e-u / m-m / ˈe-ˈe / n-n / s-ʦ / a-a

-------------------

/setemˈana/ - /semˈana/
[1/1] s-s / e-e / t-∅ / e_m-m / ˈa-ˈa / n-n / a-a

-------------------

/sitˈa/ - /ʦitˈaː/
[2/2] s-ʦ / i-i / t-t / ˈa-ˈaː

-------------------

/siŋkwˈaŋta/ - /ʧĩkwˈãːta/
[2/3] s-ʧ / i_ŋ-ĩ / k-k / w-w / ˈa_ŋ-ˈãː / t-t / a-a
[1/3] s-ʧ / i-ĩ / ŋ-∅ / k-k / w-w / ˈa-ˈãː / ŋ-∅ / t-t / a-a

-------------------

/sjˈel/ - /ʧjˈel/
[4/4] s-ʧ / j-j / ˈe-ˈe / l-l

-------------------

/sjˈɛra/ - /ʧˈejra/
[2/3] s-ʧ / ∅-ˈe / j-j / ˈɛ-∅ / r-r / a-a
[1/3] s-ʧ / j-ˈe_j / ˈɛ-∅ / r-r / a-a

-------------------

/skoltˈar/ - /askoltˈa/
[1/2] ∅-a / s-s / k-k / o-o / l-l / t-t / ˈa_r-ˈa
[1/2] ∅-a / s-s / k-k / o-o / l-l / t-t / ˈa-ˈa / r-∅

-------------------

/stemˈana/ - /semˈana/
[1/2] s_t-s / e-e / m-m / ˈa-ˈa / n-n / a-a
[1/2] s-s / t-∅ / e-e / m-m / ˈa-ˈa / n-n / a-a

-------------------

/stˈea/ - /ʃtˈɛla/
[2/4] s-ʃ / t-t / ˈe-ˈɛ / ∅-l / a-a
[2/4] s-ʃ / t-t / ˈe-ˈɛ / a-l_a

-------------------

/sˈabja/ - /sˈabja/
[2/2] s-s / ˈa-ˈa / b-b / j-j / a-a

-------------------

/sˈal/ - /sˈaː/
[1/2] s-s / ˈa-ˈaː / l_#>-#>
[1/2] s-s / ˈa-ˈaː / l-∅

-------------------

/sˈaso/ - /sˈas/
[2/3] s-s / ˈa-ˈa / s_o-s
[1/3] s-s / ˈa-ˈa / s-s / o-∅

-------------------

/sˈaŋ/ - /sˈãː/
[2/2] s-s / ˈa_ŋ-ˈãː

-------------------

/sˈaŋto/ - /sˈãːt/
[2/4] s-s / ˈa_ŋ-ˈãː / t-t / o-∅
[1/4] s-s / ˈa_ŋ-ˈãː / t_o-t
[1/4] s-s / ˈa-ˈãː / ŋ-∅ / t-t / o-∅

-------------------

/sˈaŋɡwe/ - /sˈãːk/
[2/3] s-s / ˈa_ŋ-ˈãː / ɡ-k / w-∅ / e_#>-#>
[1/3] s-s / ˈa-ˈãː / ŋ-∅ / ɡ-k / w-∅ / e-∅

-------------------

/sˈea/ - /sˈeda/
[2/2] s-s / ˈe-ˈe / ∅-d / a-a

-------------------

/sˈenare/ - /ʃˈẽːdɛr/
[1/1] s-ʃ / ˈe-ˈẽː / n-∅ / ∅-d / a-ɛ / r-r / e-∅

-------------------

/sˈera/ - /sˈejra/
[2/3] s-s / ˈe-ˈe / ∅-j / r-r / a-a
[1/3] s-s / ˈe-ˈe_j / r-r / a-a

-------------------

/sˈeŋto/ - /ʧˈɛ̃ːt/
[2/2] s-ʧ / ˈe_ŋ-ˈɛ̃ː / t-t / o-∅

-------------------

/sˈol/ - /sˈyː/
[2/3] s-s / ˈo-ˈyː / l-∅
[1/3] s-s / ˈo-ˈyː / l_#>-#>

-------------------

/sˈora/ - /sˈura/
[2/2] s-s / ˈo-ˈu / r-r / a-a

-------------------

/sˈɛte/ - /sˈɛt/
[1/2] s-s / ˈɛ-ˈɛ / t_e-t
[1/2] s-s / ˈɛ-ˈɛ / t-t / e-∅

-------------------

/trˈɛ/ - /trˈɛ/
[4/4] t-t / r-r / ˈɛ-ˈɛ

-------------------

/tˈeŋpo/ - /tˈɛ̃ːp/
[2/4] t-t / ˈe_ŋ-ˈɛ̃ː / p_o-p
[2/4] t-t / ˈe-ˈɛ̃ː / ŋ-∅ / p-p / o-∅

-------------------

/tˈi/ - /tˈi/
[2/2] t-t / ˈi-ˈi

-------------------

/tˈuto/ - /tˈyʧ/
[2/3] t-t / ˈu-ˈy / t_o-ʧ
[1/3] t-t / ˈu-ˈy / t-ʧ / o-∅

-------------------

/tˈɔro/ - /tˈɔr/
[1/2] t-t / ˈɔ-ˈɔ / r_o-r
[1/2] t-t / ˈɔ-ˈɔ / r-r / o-∅

-------------------

/tˈɛra/ - /tˈɛra/
[2/2] t-t / ˈɛ-ˈɛ / r-r / a-a

-------------------

/tˈɛsta/ - /tˈesta/
[3/3] t-t / ˈɛ-ˈe / s-s / t-t / a-a

-------------------

/vedˈɛo/ - /ʋedˈɛl/
[2/3] v-ʋ / e-e / d-d / ˈɛ_o-ˈɛ / #>-l_#>
[1/3] v-ʋ / e-e / d-d / ˈɛ-ˈɛ / o-l

-------------------

/veɲˈir/ - /ʋeɲˈi/
[2/4] v-ʋ / e-e / ɲ-ɲ / ˈi_r-ˈi
[2/4] v-ʋ / e-e / ɲ-ɲ / ˈi-ˈi / r-∅

-------------------

/visˈiŋ/ - /ʋizˈiɲ/
[3/3] v-ʋ / i-i / s-z / ˈi-ˈi / ŋ-ɲ

-------------------

/vjˈazo/ - /ʋjˈaʧ/
[1/1] v-ʋ / j-j / ˈa-ˈa / z-ʧ / o_#>-#>

-------------------

/vˈaka/ - /ʋˈaka/
[4/4] v-ʋ / ˈa-ˈa / k-k / a-a

-------------------

/vˈeder/ - /ʋedˈɛ/
[1/1] v-ʋ / ˈe-e / d-d / e-ˈɛ / r_#>-#>

-------------------

/vˈerde/ - /ʋˈeːrt/
[1/1] v-ʋ / ˈe-ˈeː / r-r / d-t / e-∅

-------------------

/vˈeŋto/ - /ʋˈẽːt/
[1/2] v-ʋ / ˈe_ŋ-ˈẽː / t-t / o-∅
[1/2] v-ʋ / ˈe-ˈẽː / ŋ-∅ / t-t / o-∅

-------------------

/vˈia/ - /ʋˈia/
[2/2] v-ʋ / ˈi-ˈi / a-a

-------------------

/vˈita/ - /ʋˈita/
[3/3] v-ʋ / ˈi-ˈi / t-t / a-a

-------------------

/vˈiŋ/ - /ʋˈĩː/
[1/3] v-ʋ / ˈi_ŋ-ˈĩː
[1/3] v-ʋ / ˈi-ˈĩː / ŋ_#>-#>
[1/3] v-ʋ / ˈi-ˈĩː / ŋ-∅

-------------------

/vˈiŋti/ - /ʋˈĩːt/
[2/4] v-ʋ / ˈi-ˈĩː / ŋ-∅ / t-t / i-∅
[1/4] v-ʋ / ˈi_ŋ-ˈĩː / t-t / i-∅
[1/4] v-ʋ / ˈi-ˈĩː / ŋ_t-t / i-∅

-------------------

/vˈoze/ - /ʋˈus/
[2/4] v-ʋ / ˈo-ˈu / z_e-s
[1/4] v-ʋ / ˈo-ˈu / z-s / e_#>-#>
[1/4] v-ʋ / ˈo-ˈu / z-s / e-∅

-------------------

/vˈɛrme/ - /ʋˈɛrmẽ/
[3/3] v-ʋ / ˈɛ-ˈɛ / r-r / m-m / e-ẽ

-------------------

/vˈɛʧo/ - /ʋˈeʧ/
[2/2] v-ʋ / ˈɛ-ˈe / ʧ_o-ʧ

-------------------

/zenˈɔʧo/ - /ʤinˈøʧ/
[2/3] z-ʤ / e-i / n-n / ˈɔ-ˈø / ʧ_o-ʧ
[1/3] z-ʤ / e-i / n-n / ˈɔ-ˈø / ʧ-ʧ / o-∅

-------------------

/zeŋzˈiva/ - /ʤãʤˈiʋa/
[2/2] z-ʤ / e-∅ / ŋ-ã / z-ʤ / ˈi-ˈi / v-ʋ / a-a

-------------------

/zeɰˈar/ - /ʤelˈa/
[2/2] z-ʤ / e-e / ɰ-l / ˈa_r-ˈa

-------------------

/zvoɰˈar/ - /ɡulˈa/
[1/2] z-∅ / v-∅ / ∅-ɡ / o-u / ɰ-l / ˈa-ˈa / r-∅
[1/2] z-∅ / v-∅ / o-ɡ_u / ɰ-l / ˈa_r-ˈa

-------------------

/zɡwoɰˈar/ - /ɡulˈa/
[2/2] z-∅ / ɡ-ɡ / w-∅ / o-u / ɰ-l / ˈa_r-ˈa

-------------------

/zˈovene/ - /ʤˈuʋĩ/
[2/3] z-ʤ / ˈo-ˈu / v-ʋ / e-ĩ / n-∅ / e_#>-#>
[1/3] z-ʤ / ˈo-ˈu / v-ʋ / e-ĩ / n-∅ / e-∅

-------------------

/zˈoɡo/ - /ʤˈøk/
[1/2] z-ʤ / ˈo-ˈø / ɡ_o-k
[1/2] z-ʤ / ˈo-ˈø / ɡ-k / o-∅

-------------------

/zˈudeze/ - /ʤˈydes/
[1/3] z-ʤ / ˈu-ˈy / d-d / e-e / z_e-s
[1/3] z-ʤ / ˈu-ˈy / d-d / e-e / z-s / e_#>-#>
[1/3] z-ʤ / ˈu-ˈy / d-d / e-e / z-s / e-∅

-------------------

/zˈuɲo/ - /ʤˈyɲ/
[1/3] z-ʤ / ˈu-ˈy / ɲ_o-ɲ
[1/3] z-ʤ / ˈu-ˈy / ɲ-ɲ / o_#>-#>
[1/3] z-ʤ / ˈu-ˈy / ɲ-ɲ / o-∅

-------------------

/zˈɛnaro/ - /ʤˈɛner/
[1/2] z-ʤ / ˈɛ-ˈɛ / n-n / a-e / r_o-r
[1/2] z-ʤ / ˈɛ-ˈɛ / n-n / a-e / r-r / o-∅

-------------------

/ɡrˈaso/ - /ɡrˈas/
[1/2] ɡ-ɡ / r-r / ˈa-ˈa / s_o-s
[1/2] ɡ-ɡ / r-r / ˈa-ˈa / s-s / o-∅

-------------------

/ɡrˈaŋdo/ - /ɡrˈãːt/
[1/2] ɡ-ɡ / r-r / ˈa_ŋ-ˈãː / d_o-t
[1/2] ɡ-ɡ / r-r / ˈa_ŋ-ˈãː / d-t / o_#>-#>

-------------------

/ɡrˈɔso/ - /ɡrˈɔs/
[2/4] ɡ-ɡ / r-r / ˈɔ-ˈɔ / s_o-s
[2/4] ɡ-ɡ / r-r / ˈɔ-ˈɔ / s-s / o-∅

-------------------

/ɡˈuʧa/ - /ɡˈyʤa/
[3/3] ɡ-ɡ / ˈu-ˈy / ʧ-ʤ / a-a

-------------------

/ɰˈate/ - /lˈaʧ/
[1/2] ɰ-l / ˈa-ˈa / t_e-ʧ
[1/2] ɰ-l / ˈa-ˈa / t-ʧ / e-∅

-------------------

/ɰˈaɡo/ - /lˈak/
[1/1] ɰ-l / ˈa-ˈa / ɡ_o-k

-------------------

/ɰˈaɡrema/ - /lˈarma/
[3/4] ɰ-l / ˈa-ˈa / ɡ-∅ / r-r / e-∅ / m-m / a-a
[1/4] ɰ-l / ˈa-ˈa / ɡ-∅ / r-r / e_m-m / a-a

-------------------

/ɰˈoŋɡo/ - /lˈũːk/
[2/3] ɰ-l / ˈo_ŋ-ˈũː / ɡ-k / o_#>-#>
[1/3] ɰ-l / ˈo-ˈũː / ŋ-∅ / ɡ_o-k

-------------------

/ɰˈoɡo/ - /lˈøk/
[1/2] ɰ-l / ˈo-ˈø / ɡ_o-k
[1/2] ɰ-l / ˈo-ˈø / ɡ-k / o-∅

-------------------

/ɰˈume/ - /lˈym/
[2/2] ɰ-l / ˈu-ˈy / m_e-m

-------------------

/ɰˈume/ - /lˈyːs/
[1/1] ɰ-l / ˈu-ˈyː / m-∅ / e-∅ / ∅-s

-------------------

/ɰˈuna/ - /lˈyna/
[3/3] ɰ-l / ˈu-ˈy / n-n / a-a

-------------------

/ɰˈuze/ - /lˈyːs/
[1/2] ɰ-l / ˈu-ˈyː / z_e-s
[1/2] ɰ-l / ˈu-ˈyː / z-s / e-∅

-------------------

/ʤˈaso/ - /ʤˈaʦ/
[1/2] ʤ-ʤ / ˈa-ˈa / s_o-ʦ
[1/2] ʤ-ʤ / ˈa-ˈa / s-ʦ / o_#>-#>

-------------------

/ʧamˈar/ - /ʧamˈa/
[2/3] ʧ-ʧ / a-a / m-m / ˈa_r-ˈa
[1/3] ʧ-ʧ / a-a / m-m / ˈa-ˈa / r-∅

-------------------

/ʧˈave/ - /ʧˈaf/
[1/2] ʧ-ʧ / ˈa-ˈa / v_e-f
[1/2] ʧ-ʧ / ˈa-ˈa / v-f / e-∅

-------------------

/ˈakwa/ - /ˈakwa/
[3/3] ˈa-ˈa / k-k / w-w / a-a

-------------------

/ˈalbaro/ - /ˈalber/
[2/3] ˈa-ˈa / l-l / b-b / a-e / r_o-r
[1/3] ˈa-ˈa / l-l / b-b / a-e / r-r / o-∅

-------------------

/ˈalboro/ - /ˈalber/
[1/1] ˈa-ˈa / l-l / b-b / o-e / r-r / o-∅

-------------------

/ˈaltro/ - /ˈalter/
[2/4] ˈa-ˈa / l-l / t-t_e / r_o-r
[2/4] ˈa-ˈa / l-l / t-t / ∅-e / r-r / o-∅

-------------------

/ˈano/ - /ˈan/
[2/4] ˈa-ˈa / n-n / o-∅
[1/4] ˈa-ˈa / n_o-n
[1/4] ˈa-ˈa / n-n / o_#>-#>

-------------------

/ˈanzoɰo/ - /ˈanjel/
[2/2] ˈa-ˈa / n-n / z-∅ / ∅-j / o-e / ɰ-l / o-∅

-------------------

/ˈava/ - /ˈaf/
[1/1] ˈa-ˈa / v-f / a-∅

-------------------

/ˈava/ - /ˈaʋa/
[2/2] ˈa-ˈa / v-ʋ / a-a

-------------------

/ˈaʤo/ - /ˈaj/
[2/2] ˈa-ˈa / ʤ-∅ / o-j

-------------------

/ˈea/ - /ˈela/
[1/3] ˈe-ˈe_l / a-a
[1/3] ˈe-ˈe / ∅-l / a-a
[1/3] ˈe-ˈe / a-l_a

-------------------

/ˈeo/ - /ˈal/
[2/2] ˈe-ˈa / o-l

-------------------

/ˈetara/ - /lˈetra/
[1/2] ∅-l / ˈe-ˈe / t-t / a_r-r / a-a
[1/2] ˈe-l_ˈe / t-t / a-∅ / r-r / a-a

-------------------

/ˈeŋɡwa/ - /lˈẽːɡwa/
[1/3] ∅-l / ˈe_ŋ-ˈẽː / ɡ-ɡ / w-w / a-a
[1/3] ˈe-∅ / ∅-l / ŋ-ˈẽː / ɡ-ɡ / w-w / a-a
[1/3] <#-<#_l / ˈe-ˈẽː / ŋ-∅ / ɡ-ɡ / w-w / a-a

-------------------

/ˈeɲa/ - /lˈeɲa/
[2/3] ∅-l / ˈe-ˈe / ɲ-ɲ / a-a
[1/3] ˈe-l_ˈe / ɲ-ɲ / a-a

-------------------

/ˈeɲo/ - /lˈeɲ/
[1/1] ∅-l / ˈe-ˈe / ɲ_o-ɲ

-------------------

/ˈeɲo/ - /lˈeɲa/
[1/1] <#-<#_l / ˈe-ˈe / ɲ-ɲ / o-a

-------------------

/ˈizoɰa/ - /ˈisla/
[2/3] ˈi-ˈi / z-s / o-∅ / ɰ-l / a-a
[1/3] ˈi-ˈi / z-s / o_ɰ-l / a-a

-------------------

/ˈorso/ - /ˈurs/
[2/4] ˈo-ˈu / r-r / s_o-s
[2/4] ˈo-ˈu / r-r / s-s / o-∅

-------------------

/ˈoŋʤa/ - /ˈũːʤa/
[2/2] ˈo_ŋ-ˈũː / ʤ-ʤ / a-a

-------------------

/ˈɔka/ - /ˈɔka/
[2/2] ˈɔ-ˈɔ / k-k / a-a

-------------------

/ˈɔmo/ - /ˈum/
[1/2] ˈɔ-ˈu / m_o-m
[1/2] ˈɔ-ˈu / m-m / o_#>-#>

-------------------

/ˈɔro/ - /ˈɔr/
[1/2] ˈɔ-ˈɔ / r_o-r
[1/2] ˈɔ-ˈɔ / r-r / o-∅

-------------------

/ˈɔso/ - /ˈɔs/
[2/2] ˈɔ-ˈɔ / s_o-s

-------------------

/ˈɔto/ - /ˈøʧ/
[2/3] ˈɔ-ˈø / t_o-ʧ
[1/3] ˈɔ-ˈø / t-ʧ / o-∅

-------------------

/ˈɔʧo/ - /ˈøʧ/
[1/2] ˈɔ-ˈø / ʧ_o-ʧ
[1/2] ˈɔ-ˈø / ʧ-ʧ / o-∅

-------------------

/ˈɛrba/ - /ˈɛrba/
[3/3] ˈɛ-ˈɛ / r-r / b-b / a-a

-------------------

