/anˈɛl/ - /anjˈa/
[3/4] a-a / n-n / ˈɛ-j / l-ˈa
[1/4] a-a / n-n / ∅-j / ˈɛ-ˈa / l-∅

-------------------

/arʒˈila/ - /ɔːʀzˈɛj/
[1/1] a-ɔː / r-ʀ / ʒ-z / ˈi_l-ˈɛ / a-j

-------------------

/arˈaɲ/ - /aʀˈɛɲ/
[3/3] a-a / r-ʀ / ˈa-ˈɛ / ɲ-ɲ

-------------------

/aɲˈɛl/ - /aɲjˈa/
[3/3] a-a / ɲ-ɲ / ˈɛ-j / l-ˈa

-------------------

/blˈaŋk/ - /blˈɑ̃/
[3/5] b-b / l-l / ˈa-ˈɑ̃ / ŋ-∅ / k_#>-#>
[2/5] b-b / l-l / ˈa-ˈɑ̃ / ŋ-∅ / k-∅

-------------------

/bruʒˈe/ - /bʀuːlˈe/
[4/4] b-b / r-ʀ / u-uː / ʒ-∅ / ∅-l / ˈe-ˈe

-------------------

/bˈas/ - /bˈa/
[2/4] b-b / ˈa-ˈa / s_#>-#>
[2/4] b-b / ˈa-ˈa / s-∅

-------------------

/bˈaɲ/ - /bˈaɲ/
[3/3] b-b / ˈa-ˈa / ɲ-ɲ

-------------------

/bˈejve/ - /bwˈɛːʀ/
[1/1] b-b / ∅-w / ˈe-ˈɛː / j-∅ / v-∅ / e-ʀ

-------------------

/bˈoʨa/ - /bˈuʧ/
[2/4] b-b / ˈo-ˈu / ʨ_a-ʧ
[2/4] b-b / ˈo-ˈu / ʨ-ʧ / a-∅

-------------------

/bˈɔ/ - /bˈuː/
[4/4] b-b / ˈɔ-ˈuː

-------------------

/bˈɔn/ - /bˈɔ̃/
[1/3] b-b / ˈɔ_n-ˈɔ̃
[1/3] b-b / ˈɔ-ˈɔ̃ / n_#>-#>
[1/3] b-b / ˈɔ-ˈɔ̃ / n-∅

-------------------

/bˈɔna/ - /bˈuːn/
[1/2] b-b / ˈɔ-ˈuː / n_a-n
[1/2] b-b / ˈɔ-ˈuː / n-n / a-∅

-------------------

/bˈɔnes/ - /bˈuːn/
[3/4] b-b / ˈɔ-ˈuː / n-n / e-∅ / s_#>-#>
[1/4] b-b / ˈɔ-ˈuː / n-n / e-∅ / s-∅

-------------------

/bˈɔni/ - /bˈɔ̃/
[1/2] b-b / ˈɔ_n-ˈɔ̃ / i-∅
[1/2] b-b / ˈɔ-∅ / n-ˈɔ̃ / i-∅

-------------------

/bˈɛl/ - /bjˈa/
[3/4] b-b / ˈɛ-j / l-ˈa
[1/4] b-b / ∅-j / ˈɛ-ˈa / l-∅

-------------------

/bˈɛla/ - /bˈɛl/
[2/4] b-b / ˈɛ-ˈɛ / l_a-l
[2/4] b-b / ˈɛ-ˈɛ / l-l / a-∅

-------------------

/bˈɛn/ - /bˈẽ/
[4/4] b-b / ˈɛ-∅ / n-ˈẽ

-------------------

/dajdˈe/ - /ɛːdˈiː/
[1/1] d-∅ / a-ɛː / j-∅ / d-d / ˈe-ˈiː

-------------------

/djˈɛ/ - /djˈu/
[3/3] d-d / j-j / ˈɛ-ˈu

-------------------

/djˈɛʃ/ - /dˈiʃ/
[2/3] d-d / j_ˈɛ-ˈi / ʃ-ʃ
[1/3] d-d / j-∅ / ˈɛ-ˈi / ʃ-ʃ

-------------------

/dormˈi/ - /dwaʀmˈi/
[2/4] d-d_w / o-a / r-ʀ / m-m / ˈi-ˈi
[2/4] d-d / ∅-w / o-a / r-ʀ / m-m / ˈi-ˈi

-------------------

/draɡˈon/ - /dʀaɡˈɔ̃/
[2/3] d-d / r-ʀ / a-a / ɡ-ɡ / ˈo_n-ˈɔ̃
[1/3] d-d / r-ʀ / a-a / ɡ-ɡ / ˈo-ˈɔ̃ / n-∅

-------------------

/dˈejt/ - /dwˈɛ/
[2/4] d-d_w / ˈe-ˈɛ / j-∅ / t-∅
[1/4] d-d / ∅-w / ˈe-ˈɛ / j-∅ / t_#>-#>
[1/4] d-d / ∅-w / ˈe-ˈɛ / j-∅ / t-∅

-------------------

/dˈi/ - /dˈiːʀ/
[3/3] d-d / ˈi-ˈiː / ∅-ʀ

-------------------

/dˈodeʃ/ - /dˈɔs/
[5/5] d-d / ˈo-ˈɔ / d-∅ / e-∅ / ʃ-s

-------------------

/dˈoes/ - /dˈøː/
[2/4] d-d / ˈo-ˈøː / e-∅ / s_#>-#>
[2/4] d-d / ˈo-ˈøː / e-∅ / s-∅

-------------------

/dˈowʨ/ - /dˈuː/
[3/5] d-d / ˈo-∅ / w-ˈuː / ʨ_#>-#>
[2/5] d-d / ˈo-∅ / w-ˈuː / ʨ-∅

-------------------

/dˈɛnt/ - /dˈɛ̃/
[1/2] d-d / ˈɛ_n-ˈɛ̃ / t_#>-#>
[1/2] d-d / ˈɛ-ˈɛ̃ / n-∅ / t_#>-#>

-------------------

/farˈina/ - /faʀˈɛn/
[2/3] f-f / a-a / r-ʀ / ˈi-ˈɛ / n_a-n
[1/3] f-f / a-a / r-ʀ / ˈi-ˈɛ / n-n / a-∅

-------------------

/fjˈe/ - /fwˈɛt/
[3/3] f-f / j-w / ˈe-ˈɛ / ∅-t

-------------------

/flˈama/ - /blˈam/
[1/1] f-b / l-l / ˈa-ˈa / m-m / a-∅

-------------------

/flˈama/ - /flˈam/
[3/4] f-f / l-l / ˈa-ˈa / m_a-m
[1/4] f-f / l-l / ˈa-ˈa / m-m / a-∅

-------------------

/flˈowr/ - /flˈøːʀ/
[2/3] f-f / l-l / ˈo_w-ˈøː / r-ʀ
[1/3] f-f / l-l / ˈo-ˈøː / w-∅ / r-ʀ

-------------------

/frˈejt/ - /fʀwˈɛ/
[2/4] f-f / r-ʀ / ˈe-w_ˈɛ / j-∅ / t-∅
[1/4] f-f / r-ʀ / ∅-w / ˈe-ˈɛ / j-∅ / t_#>-#>
[1/4] f-f / r-ʀ / ˈe-w_ˈɛ / j-∅ / t_#>-#>

-------------------

/frˈut/ - /fʀˈy/
[3/5] f-f / r-ʀ / ˈu-ˈy / t-∅
[2/5] f-f / r-ʀ / ˈu-ˈy / t_#>-#>

-------------------

/frˈɛ/ - /fʀˈe/
[5/5] f-f / r-ʀ / ˈɛ-ˈe

-------------------

/fwˈɛja/ - /fˈɔːj/
[3/4] f-f / w-∅ / ˈɛ-ˈɔː / j_a-j
[1/4] f-f / w-∅ / ˈɛ-∅ / j-ˈɔː / a-j

-------------------

/fwˈɛk/ - /fˈøː/
[2/4] f-f / w-∅ / ˈɛ-ˈøː / k_#>-#>
[1/4] f-f / w_ˈɛ_k-ˈøː
[1/4] f-f / w_ˈɛ-ˈøː / k-∅

-------------------

/fˈam/ - /fwˈɛ̃/
[1/2] f-f / ∅-w / ˈa-ˈɛ̃ / m_#>-#>
[1/2] f-f / ˈa-w / m-ˈɛ̃

-------------------

/fˈata/ - /fˈɛːj/
[2/3] f-f / ˈa-ˈɛː / t-∅ / a-j
[1/3] f-f / ˈa-ˈɛː / t_a-j

-------------------

/fˈawʦ/ - /fˈɔː/
[3/4] f-f / ˈa-ˈɔː / w-∅ / ʦ_#>-#>
[1/4] f-f / ˈa-ˈɔː / w-∅ / ʦ-∅

-------------------

/fˈe/ - /fˈe/
[4/4] f-f / ˈe-ˈe

-------------------

/fˈemena/ - /fˈɛm/
[2/3] f-f / ˈe-ˈɛ / m-m / e-∅ / n-∅ / a_#>-#>
[1/3] f-f / ˈe-ˈɛ / m-m / e-∅ / n-∅ / a-∅

-------------------

/fˈi/ - /fˈi/
[4/4] f-f / ˈi-ˈi

-------------------

/fˈi/ - /fˈɛj/
[3/5] f-f / ˈi-ˈɛ / ∅-j
[2/5] f-f / ˈi-ˈɛ / #>-j_#>

-------------------

/fˈil/ - /fˈi/
[2/3] f-f / ˈi-ˈi / l-∅
[1/3] f-f / ˈi-ˈi / l_#>-#>

-------------------

/fˈin/ - /fˈẽ/
[5/8] f-f / ˈi_n-ˈẽ
[3/8] f-f / ˈi-∅ / n-ˈẽ

-------------------

/fˈɔrt/ - /fwˈaʀ/
[2/5] f-f / ˈɔ-w_ˈa / r-ʀ / t-∅
[1/5] f-f / ∅-w / ˈɔ-ˈa / r_t-ʀ
[1/5] f-f / ∅-w / ˈɔ-ˈa / r-ʀ / t-∅
[1/5] f-f / ˈɔ-w_ˈa / r_t-ʀ

-------------------

/fˈɛr/ - /fˈe/
[2/4] f-f / ˈɛ-ˈe / r_#>-#>
[2/4] f-f / ˈɛ-ˈe / r-∅

-------------------

/fˈɛsta/ - /fjˈɛs/
[1/4] f-f / ∅-j / ˈɛ-ˈɛ / s-s / t-∅ / a-∅
[1/4] f-f / ˈɛ-j_ˈɛ / s_t-s / a_#>-#>
[1/4] f-f / ˈɛ-j_ˈɛ / s_t-s / a-∅
[1/4] f-f / ˈɛ-j_ˈɛ / s-s / t-∅ / a_#>-#>

-------------------

/invˈɛrn/ - /ivjˈɛːʀ/
[1/1] i-i / n-∅ / v-v / ˈɛ-j / ∅-ˈɛː / r-ʀ / n_#>-#>

-------------------

/inˈɔm/ - /nˈɔ/
[2/4] i-∅ / n-n / ˈɔ-ˈɔ / m_#>-#>
[2/4] i-∅ / n-n / ˈɔ-ˈɔ / m-∅

-------------------

/istˈe/ - /ɛstˈe/
[4/4] i-ɛ / s-s / t-t / ˈe-ˈe

-------------------

/klamˈe/ - /klamˈe/
[4/4] k-k / l-l / a-a / m-m / ˈe-ˈe

-------------------

/klˈɛf/ - /klˈe/
[2/4] k-k / l-l / ˈɛ-ˈe / f_#>-#>
[2/4] k-k / l-l / ˈɛ-ˈe / f-∅

-------------------

/kolˈowr/ - /kɔlˈøːʀ/
[2/4] k-k / o-ɔ / l-l / ˈo_w-ˈøː / r-ʀ
[2/4] k-k / o-ɔ / l-l / ˈo-ˈøː / w-∅ / r-ʀ

-------------------

/konˈeʃe/ - /kinˈɔʃ/
[3/5] k-k / o-i / n-n / ˈe-ˈɔ / ʃ_e-ʃ
[2/5] k-k / o-i / n-n / ˈe-ˈɔ / ʃ-ʃ / e-∅

-------------------

/krˈeje/ - /kʀwˈɛːʀ/
[2/4] k-k / r-ʀ / ∅-w / ˈe-ˈɛː / j-∅ / e-ʀ
[2/4] k-k / r-ʀ / ˈe_j-w / e-ˈɛː / ∅-ʀ

-------------------

/krˈowʃ/ - /kʀwˈɛ/
[4/5] k-k / r-ʀ / ˈo-∅ / w-w / ʃ-∅ / ∅-ˈɛ
[1/5] k-k / r-ʀ / ˈo_w-w / ʃ-∅ / ∅-ˈɛ

-------------------

/kwˈɛr/ - /kˈuːʀ/
[2/4] k-k / w_ˈɛ-ˈuː / r-ʀ
[2/4] k-k / w-ˈuː / ˈɛ-∅ / r-ʀ

-------------------

/kwˈɛsa/ - /kˈɔʃ/
[1/1] k-k / w-∅ / ˈɛ-ˈɔ / s-ʃ / a-∅

-------------------

/kˈaja/ - /kwˈaj/
[3/5] k-k_w / ˈa-ˈa / j_a-j
[2/5] k-k / ∅-w / ˈa-ˈa / j-j / a-∅

-------------------

/kˈater/ - /kwˈat/
[2/3] k-k / ∅-w / ˈa-ˈa / t-t / e-∅ / r-∅
[1/3] k-k_w / ˈa-ˈa / t_e-t / r_#>-#>

-------------------

/kˈi/ - /kˈiː/
[4/4] k-k / ˈi-ˈiː

-------------------

/kˈul/ - /kˈu/
[2/4] k-k / ˈu-ˈu / l_#>-#>
[2/4] k-k / ˈu-ˈu / l-∅

-------------------

/kˈurt/ - /kˈuːʀ/
[2/3] k-k / ˈu-ˈuː / r_t-ʀ
[1/3] k-k / ˈu-ˈuː / r-ʀ / t-∅

-------------------

/kˈɔl/ - /kˈoː/
[2/4] k-k / ˈɔ-ˈoː / l_#>-#>
[2/4] k-k / ˈɔ-ˈoː / l-∅

-------------------

/kˈɔrn/ - /kwˈan/
[2/4] k-k / ∅-w / ˈɔ-ˈa / r-∅ / n-n
[2/4] k-k / ˈɔ-w_ˈa / r-∅ / n-n

-------------------

/kˈɔrp/ - /kwˈaʀ/
[1/2] k-k / ∅-w / ˈɔ-ˈa / r-ʀ / p-∅
[1/2] k-k / ˈɔ-w_ˈa / r-ʀ / p-∅

-------------------

/kˈɔsa/ - /ʧˈoːs/
[1/1] k-∅ / ∅-ʧ / ˈɔ-ˈoː / s-s / a_#>-#>

-------------------

/kˈɔsta/ - /kɔstˈe/
[4/4] k-k / ˈɔ-ɔ / s-s / t-t / a-ˈe

-------------------

/ljˈon/ - /lijˈɔ̃/
[2/3] l-l / ∅-i / j-j / ˈo_n-ˈɔ̃
[1/3] l-l / ∅-i / j-j / ˈo-ˈɔ̃ / n-∅

-------------------

/ljˈɛver/ - /lˈiːf/
[3/3] l-l / j_ˈɛ-ˈiː / v-f / e-∅ / r_#>-#>

-------------------

/ljˈɛʒe/ - /lˈeːʀ/
[5/5] l-l / j-ˈeː / ˈɛ-∅ / ʒ-∅ / e-ʀ

-------------------

/lwˈɛk/ - /luwˈe/
[3/5] l-l / ∅-u / w-w / ˈɛ-ˈe / k_#>-#>
[2/5] l-l / ∅-u / w-w / ˈɛ-ˈe / k-∅

-------------------

/lˈana/ - /lˈɛ̃ːn/
[2/4] l-l / ˈa-ˈɛ̃ː / n_a-n
[2/4] l-l / ˈa-ˈɛ̃ː / n-n / a-∅

-------------------

/lˈetra/ - /lˈɛt/
[2/4] l-l / ˈe-ˈɛ / t-t / r-∅ / a_#>-#>
[2/4] l-l / ˈe-ˈɛ / t-t / r-∅ / a-∅

-------------------

/lˈeʤe/ - /lwˈɛ/
[2/4] l-l / ˈe-w_ˈɛ / ʤ-∅ / e_#>-#>
[1/4] l-l / ∅-w / ˈe-ˈɛ / ʤ-∅ / e-∅
[1/4] l-l / ˈe-w / ʤ-∅ / e-ˈɛ

-------------------

/lˈoŋk/ - /lˈɔ̃/
[2/4] l-l / ˈo-ˈɔ̃ / ŋ-∅ / k_#>-#>
[1/4] l-l / ˈo-∅ / ŋ-ˈɔ̃ / k-∅
[1/4] l-l / ˈo-ˈɔ̃ / ŋ-∅ / k-∅

-------------------

/lˈuna/ - /lˈyn/
[2/4] l-l / ˈu-ˈy / n_a-n
[2/4] l-l / ˈu-ˈy / n-n / a-∅

-------------------

/lˈɛk/ - /lˈak/
[3/3] l-l / ˈɛ-ˈa / k-k

-------------------

/lˈɛɡrema/ - /lˈɔːm/
[1/1] l-l / ˈɛ-ˈɔː / ɡ-∅ / r-∅ / e-∅ / m_a-m

-------------------

/madˈur/ - /mˈøːʀ/
[3/4] m_a-m / d-∅ / ˈu-ˈøː / r-ʀ
[1/4] m-m / a-∅ / d-∅ / ˈu-ˈøː / r-ʀ

-------------------

/manʥˈe/ - /maɲˈiː/
[5/5] m-m / a-a / n-ɲ / ʥ-∅ / ˈe-ˈiː

-------------------

/mjˈowr/ - /mɛjˈøː/
[1/3] m-m / ∅-ɛ / j-j / ˈo_w-ˈøː / r_#>-#>
[1/3] m-m / ∅-ɛ / j-j / ˈo_w-ˈøː / r-∅
[1/3] m-m / ∅-ɛ / j-j / ˈo-ˈøː / w-∅ / r_#>-#>

-------------------

/mjˈɛl/ - /mjˈɛl/
[4/4] m-m / j-j / ˈɛ-ˈɛ / l-l

-------------------

/mjˈɛʨ/ - /mˈiː/
[3/5] m-m / j_ˈɛ-ˈiː / ʨ_#>-#>
[2/5] m-m / j-∅ / ˈɛ-ˈiː / ʨ-∅

-------------------

/morˈi/ - /mɔʀˈi/
[4/4] m-m / o-ɔ / r-ʀ / ˈi-ˈi

-------------------

/mˈan/ - /mwˈɛ̃/
[1/1] m-m / ˈa-w / n-∅ / ∅-ˈɛ̃

-------------------

/mˈi/ - /mˈi/
[5/5] m-m / ˈi-ˈi

-------------------

/mˈile/ - /mˈɛj/
[2/5] m-m / ˈi_l-ˈɛ / e-j
[2/5] m-m / ˈi-ˈɛ / l-∅ / e-j
[1/5] m-m / ˈi-∅ / l-∅ / e-ˈɛ / #>-j_#>

-------------------

/mˈoʃʨa/ - /mˈɔʃ/
[2/5] m-m / ˈo-ˈɔ / ʃ-ʃ / ʨ-∅ / a_#>-#>
[2/5] m-m / ˈo-ˈɔ / ʃ-ʃ / ʨ-∅ / a-∅
[1/5] m-m / ˈo-ˈɔ / ʃ_ʨ-ʃ / a_#>-#>

-------------------

/mˈɔrt/ - /mwˈaʀ/
[1/2] m-m / ∅-w / ˈɔ-ˈa / r_t-ʀ
[1/2] m-m / ∅-w / ˈɔ-ˈa / r-ʀ / t-∅

-------------------

/mˈɛr/ - /mˈeʀ/
[3/3] m-m / ˈɛ-ˈe / r-ʀ

-------------------

/mˈɛre/ - /mˈɛʀ/
[2/4] m-m / ˈɛ-ˈɛ / r-ʀ / e_#>-#>
[1/4] m-m / ˈɛ-ˈɛ / r_e-ʀ
[1/4] m-m / ˈɛ-ˈɛ / r-∅ / e-ʀ

-------------------

/ne/ - /nˈẽ/
[3/3] n-n / e-ˈẽ

-------------------

/nwˈet/ - /nˈyt/
[4/4] n-n / w-∅ / ˈe-ˈy / t-t

-------------------

/nwˈɛf/ - /nˈuː/
[2/5] n-n / w-ˈuː / ˈɛ-∅ / f_#>-#>
[1/5] n-n / w_ˈɛ-ˈuː / f_#>-#>
[1/5] n-n / w_ˈɛ-ˈuː / f-∅
[1/5] n-n / w-ˈuː / ˈɛ-∅ / f-∅

-------------------

/nwˈɛf/ - /nˈuːf/
[2/4] n-n / w_ˈɛ-ˈuː / f-f
[2/4] n-n / w-ˈuː / ˈɛ-∅ / f-f

-------------------

/nˈaʃe/ - /nˈɛʃ/
[3/3] n-n / ˈa-ˈɛ / ʃ_e-ʃ

-------------------

/nˈejɡer/ - /nwˈɛːʀ/
[2/3] n-n / ˈe_j-w / ɡ-∅ / e-ˈɛː / r-ʀ
[1/3] n-n / ˈe-∅ / j-w / ɡ-∅ / e-ˈɛː / r-ʀ

-------------------

/nˈos/ - /nˈɔ/
[2/4] n-n / ˈo_s-ˈɔ
[2/4] n-n / ˈo-ˈɔ / s-∅

-------------------

/nˈowʃ/ - /nwˈɛʃ/
[3/4] n-n / ˈo-∅ / w-w / ∅-ˈɛ / ʃ-ʃ
[1/4] n-n / ˈo_w-w / ∅-ˈɛ / ʃ-ʃ

-------------------

/nˈɔst/ - /nˈɔs/
[2/4] n-n / ˈɔ-ˈɔ / s-s / t-∅
[1/4] n-n / ˈɔ-ˈɔ / s_t-s
[1/4] n-n / ˈɔ-ˈɔ / s-s / t_#>-#>

-------------------

/nˈɛs/ - /nˈe/
[3/5] n-n / ˈɛ-ˈe / s_#>-#>
[2/5] n-n / ˈɛ-ˈe / s-∅

-------------------

/orˈɛdla/ - /ɔʀˈaj/
[4/4] o-ɔ / r-ʀ / ˈɛ-∅ / d-∅ / l-ˈa / a-j

-------------------

/palˈaʦ/ - /palˈɔː/
[3/4] p-p / a-a / l-l / ˈa-ˈɔː / ʦ_#>-#>
[1/4] p-p / a-a / l-l / ˈa-ˈɔː / ʦ-∅

-------------------

/parˈɔla/ - /paʀˈɔl/
[2/3] p-p / a-a / r-ʀ / ˈɔ-ˈɔ / l_a-l
[1/3] p-p / a-a / r-ʀ / ˈɔ-ˈɔ / l-l / a-∅

-------------------

/pjˈɛdl/ - /pjˈu/
[3/4] p-p / j-j / ˈɛ-ˈu / d-∅ / l_#>-#>
[1/4] p-p / j-j / ˈɛ-ˈu / d-∅ / l-∅

-------------------

/plwˈɛvja/ - /plˈuːf/
[1/3] p-p / l-l / w_ˈɛ-ˈuː / v-f / j-∅ / a-∅
[1/3] p-p / l-l / w-ˈuː / ˈɛ-∅ / v-f / j-∅ / a_#>-#>
[1/3] p-p / l-l / w-ˈuː / ˈɛ-∅ / v-f / j-∅ / a-∅

-------------------

/plˈaja/ - /plˈɔːj/
[2/3] p-p / l-l / ˈa-ˈɔː / j_a-j
[1/3] p-p / l-l / ˈa-ˈɔː / j-j / a-∅

-------------------

/plˈuma/ - /plˈɔm/
[3/4] p-p / l-l / ˈu-ˈɔ / m_a-m
[1/4] p-p / l-l / ˈu-ˈɔ / m-m / a-∅

-------------------

/plˈɛn/ - /plˈɛ̃/
[2/5] p-p / l-l / ˈɛ-ˈɛ̃ / n_#>-#>
[2/5] p-p / l-l / ˈɛ-ˈɛ̃ / n-∅
[1/5] p-p / l-l / ˈɛ_n-ˈɛ̃

-------------------

/podˈej/ - /pɔlˈøːʀ/
[5/5] p-p / o-ɔ / d-∅ / ∅-l / ˈe-ˈøː / j-ʀ

-------------------

/prjˈɛʃ/ - /pʀˈi/
[3/5] p-p / r-ʀ / j-∅ / ˈɛ-ˈi / ʃ-∅
[1/5] p-p / r-ʀ / j_ˈɛ-ˈi / ʃ_#>-#>
[1/5] p-p / r-ʀ / j_ˈɛ-ˈi / ʃ-∅

-------------------

/pwˈɛk/ - /pˈoː/
[2/2] p-p / w-∅ / ˈɛ-ˈoː / k_#>-#>

-------------------

/pˈan/ - /pˈɑ̃/
[2/3] p-p / ˈa_n-ˈɑ̃
[1/3] p-p / ˈa-ˈɑ̃ / n-∅

-------------------

/pˈejl/ - /pˈɔj/
[2/3] p-p / ˈe-ˈɔ / j-j / l-∅
[1/3] p-p / ˈe-ˈɔ / j-j / l_#>-#>

-------------------

/pˈena/ - /pˈɛn/
[2/4] p-p / ˈe-ˈɛ / n_a-n
[2/4] p-p / ˈe-ˈɛ / n-n / a-∅

-------------------

/pˈeʃ/ - /pɛʃˈɔ̃/
[4/4] p-p / ˈe-ɛ / ʃ-ʃ / ∅-ˈɔ̃

-------------------

/pˈont/ - /pˈɔ̃/
[3/7] p-p / ˈo_n-ˈɔ̃ / t-∅
[2/7] p-p / ˈo_n-ˈɔ̃ / t_#>-#>
[2/7] p-p / ˈo-ˈɔ̃ / n-∅ / t_#>-#>

-------------------

/pˈuɲ/ - /pˈuɲ/
[4/4] p-p / ˈu-ˈu / ɲ-ɲ

-------------------

/pˈɔʦ/ - /pˈus/
[1/1] p-p / ˈɔ-ˈu / ʦ-s

-------------------

/pˈɛ/ - /pˈiː/
[3/3] p-p / ˈɛ-ˈiː

-------------------

/pˈɛl/ - /pjˈa/
[3/3] p-p / ˈɛ-j / l-ˈa

-------------------

/pˈɛra/ - /pˈiːʀ/
[3/4] p-p / ˈɛ-ˈiː / r_a-ʀ
[1/4] p-p / ˈɛ-ˈiː / r-ʀ / a-∅

-------------------

/pˈɛre/ - /pˈɛʀ/
[1/4] p-p / ˈɛ-ˈɛ / r_e-ʀ
[1/4] p-p / ˈɛ-ˈɛ / r-∅ / e-ʀ
[1/4] p-p / ˈɛ-ˈɛ / r-ʀ / e_#>-#>
[1/4] p-p / ˈɛ-ˈɛ / r-ʀ / e-∅

-------------------

/pˈɛʃ/ - /pˈɔːj/
[1/2] p-p / ∅-ˈɔː / ˈɛ-j / ʃ_#>-#>
[1/2] p-p / ˈɛ-ˈɔː / ʃ-∅ / #>-j_#>

-------------------

/pˈɛʃʨa/ - /pˈɛʃ/
[1/2] p-p / ˈɛ-ˈɛ / ʃ_ʨ-ʃ / a_#>-#>
[1/2] p-p / ˈɛ-ˈɛ / ʃ-ʃ / ʨ-∅ / a-∅

-------------------

/raˈiʃ/ - /ʀɛsˈɛn/
[4/4] r-ʀ / a-ɛ / ˈi-∅ / ʃ-s / ∅-ˈɛ / ∅-n

-------------------

/reʒˈon/ - /ʀɔːʒˈɔ̃/
[3/5] r-ʀ / e-ɔː / ʒ-ʒ / ˈo_n-ˈɔ̃
[2/5] r-ʀ / e-ɔː / ʒ-ʒ / ˈo-ˈɔ̃ / n-∅

-------------------

/reʥˈina/ - /ʀˈɛ̃ːn/
[1/2] r_e-ʀ / ʥ-∅ / ˈi-ˈɛ̃ː / n_a-n
[1/2] r-ʀ / e-∅ / ʥ-∅ / ˈi-ˈɛ̃ː / n_a-n

-------------------

/rˈe/ - /ʀwˈɛ/
[2/4] r-ʀ / ∅-w / ˈe-ˈɛ
[2/4] r-ʀ / ˈe-w_ˈɛ

-------------------

/rˈɔda/ - /ʀˈɔw/
[3/3] r-ʀ / ˈɔ-ˈɔ / d-∅ / a-w

-------------------

/savˈej/ - /savˈøːʀ/
[3/3] s-s / a-a / v-v / ˈe-ˈøː / j-ʀ

-------------------

/setemˈana/ - /samwˈɛ̃n/
[1/2] s-s / e-a / t-∅ / e-∅ / m-m_w / ˈa-ˈɛ̃ / n_a-n
[1/2] s-s / e-a / t-∅ / e-∅ / m-m / ˈa-w / ∅-ˈɛ̃ / n-n / a-∅

-------------------

/seɡˈur/ - /sˈøːʀ/
[4/4] s-s / e-∅ / ɡ-∅ / ˈu-ˈøː / r-ʀ

-------------------

/sjˈɛs/ - /ʃˈiːʃ/
[3/5] s-ʃ / j_ˈɛ-ˈiː / s-ʃ
[2/5] s-ʃ / j-∅ / ˈɛ-ˈiː / s-ʃ

-------------------

/skutˈe/ - /aʃuːtˈe/
[3/3] ∅-a / s-ʃ / k-∅ / u-uː / t-t / ˈe-ˈe

-------------------

/sorˈedl/ - /sɔljˈa/
[2/4] s-s / o-ɔ / r-∅ / ˈe-∅ / d-∅ / l-l / ∅-j / ∅-ˈa
[2/4] s-s / o-ɔ / r-∅ / ˈe-∅ / d-∅ / l-l / ∅-j / #>-ˈa_#>

-------------------

/sˈant/ - /sˈɛ̃/
[1/1] s-s / ˈa-ˈɛ̃ / n-∅ / t-∅

-------------------

/sˈaŋk/ - /sˈɔ̃k/
[3/5] s-s / ˈa-ˈɔ̃ / ŋ_k-k
[1/5] s-s / ˈa-∅ / ŋ-ˈɔ̃ / k-k
[1/5] s-s / ˈa-ˈɔ̃ / ŋ-∅ / k-k

-------------------

/sˈejda/ - /sˈɔːj/
[1/2] s-s / ˈe-∅ / j-ˈɔː / d_a-j
[1/2] s-s / ˈe-ˈɔː / j-j / d-∅ / a-∅

-------------------

/sˈek/ - /sˈɛʧ/
[3/5] s-s / ˈe-ˈɛ / k-∅ / ∅-ʧ
[2/5] s-s / ˈe-ˈɛ / k-∅ / #>-ʧ_#>

-------------------

/sˈeʨa/ - /sˈɛʧ/
[2/3] s-s / ˈe-ˈɛ / ʨ_a-ʧ
[1/3] s-s / ˈe-ˈɛ / ʨ-ʧ / a-∅

-------------------

/sˈɔs/ - /sˈɔːs/
[4/4] s-s / ˈɔ-ˈɔː / s-s

-------------------

/sˈɛl/ - /sˈe/
[2/4] s-s / ˈɛ-ˈe / l_#>-#>
[2/4] s-s / ˈɛ-ˈe / l-∅

-------------------

/sˈɛt/ - /sˈɛt/
[4/4] s-s / ˈɛ-ˈɛ / t-t

-------------------

/trˈej/ - /tʀwˈɛ/
[2/5] t-t / r-ʀ / ∅-w / ˈe-ˈɛ / j-∅
[2/5] t-t / r-ʀ / ˈe-w_ˈɛ / j_#>-#>
[1/5] t-t / r-ʀ / ˈe-w_ˈɛ / j-∅

-------------------

/tˈɛmp/ - /tˈɛ̃/
[1/1] t-t / ˈɛ-∅ / m-ˈɛ̃ / p-∅

-------------------

/tˈɛra/ - /tˈɛːʀ/
[2/3] t-t / ˈɛ-ˈɛː / r_a-ʀ
[1/3] t-t / ˈɛ-ˈɛː / r-ʀ / a-∅

-------------------

/uʧˈɛl/ - /uːʒjˈa/
[2/2] u-uː / ʧ-ʒ / ˈɛ-j / l-ˈa

-------------------

/valˈif/ - /ɛwˈal/
[3/3] v-∅ / a-ɛ / ∅-w / ∅-ˈa / l-l / ˈi-∅ / f_#>-#>

-------------------

/vedˈej/ - /vˈɛj/
[2/4] v-v / e-∅ / d-∅ / ˈe-ˈɛ / j-j
[1/4] v_e-v / d-∅ / ˈe-ˈɛ / j-j
[1/4] v-v / e-ˈɛ / d-∅ / ˈe-∅ / j-j

-------------------

/vedˈɛl/ - /vjˈa/
[1/2] v_e-v / d-∅ / ˈɛ-j / l-ˈa
[1/2] v-v / e-∅ / d_ˈɛ-j / l-ˈa

-------------------

/veʒˈin/ - /viʒˈẽ/
[3/5] v-v / e-i / ʒ-ʒ / ˈi_n-ˈẽ
[2/5] v-v / e-i / ʒ-ʒ / ˈi-∅ / n-ˈẽ

-------------------

/vjˈade/ - /vɔːjˈɛʧ/
[1/3] v-v / ∅-ɔː / j-j / ˈa-∅ / d-∅ / e-ˈɛ / #>-ʧ_#>
[1/3] v-v / ∅-ɔː / j-j / ˈa-ˈɛ / d-ʧ / e_#>-#>
[1/3] v-v / j-∅ / ˈa-∅ / d-∅ / e-ɔː / ∅-j / ∅-ˈɛ / #>-ʧ_#>

-------------------

/vˈaʨa/ - /vˈaʧ/
[3/4] v-v / ˈa-ˈa / ʨ_a-ʧ
[1/4] v-v / ˈa-ˈa / ʨ-ʧ / a-∅

-------------------

/vˈert/ - /vˈɛʀ/
[3/5] v-v / ˈe-ˈɛ / r-ʀ / t-∅
[2/5] v-v / ˈe-ˈɛ / r_t-ʀ

-------------------

/vˈia/ - /vˈɔːj/
[3/3] v-v / ˈi-ˈɔː / a-j

-------------------

/vˈila/ - /vˈɛj/
[2/3] v-v / ˈi_l-ˈɛ / a-j
[1/3] v-v / ˈi-ˈɛ / l-∅ / a-j

-------------------

/vˈin/ - /vˈẽ/
[3/4] v-v / ˈi_n-ˈẽ
[1/4] v-v / ˈi-∅ / n-ˈẽ

-------------------

/vˈita/ - /vˈɛj/
[1/3] v-v / ˈi-ˈɛ / t_a-j
[1/3] v-v / ˈi-ˈɛ / t-∅ / a-j
[1/3] v-v / ˈi-ˈɛ / t-j / a-∅

-------------------

/vˈos/ - /vˈɔ/
[2/5] v-v / ˈo_s-ˈɔ
[2/5] v-v / ˈo-ˈɔ / s-∅
[1/5] v-v / ˈo-ˈɔ / s_#>-#>

-------------------

/vˈɛdl/ - /vˈiː/
[2/4] v-v / ˈɛ-ˈiː / d-∅ / l_#>-#>
[2/4] v-v / ˈɛ-ˈiː / d-∅ / l-∅

-------------------

/vˈɛnt/ - /vˈɛ̃/
[1/1] v-v / ˈɛ-ˈɛ̃ / n-∅ / t_#>-#>

-------------------

/vˈɛnter/ - /vˈɛ̃t/
[2/5] v-v / ˈɛ-ˈɛ̃ / n-∅ / t-t / e-∅ / r-∅
[1/5] v-v / ˈɛ_n-ˈɛ̃ / t-t / e-∅ / r_#>-#>
[1/5] v-v / ˈɛ-ˈɛ̃ / n_t-t / e-∅ / r_#>-#>
[1/5] v-v / ˈɛ-ˈɛ̃ / n-∅ / t_e-t / r_#>-#>

-------------------

/vˈɛrm/ - /vjˈɛʀ/
[2/4] v-v / ˈɛ-j_ˈɛ / r-ʀ / m_#>-#>
[1/4] v-v / ∅-j / ˈɛ-ˈɛ / r-ʀ / m-∅
[1/4] v-v / ˈɛ-j_ˈɛ / r-ʀ / m-∅

-------------------

/wˈɛdl/ - /ˈuːj/
[2/3] w-ˈuː / ˈɛ-j / d-∅ / l_#>-#>
[1/3] w-ˈuː / ˈɛ_d-j / l_#>-#>

-------------------

/wˈɛf/ - /ˈuː/
[2/5] w-ˈuː / ˈɛ-∅ / f_#>-#>
[1/5] w_ˈɛ-ˈuː / f_#>-#>
[1/5] w_ˈɛ-ˈuː / f-∅
[1/5] w-ˈuː / ˈɛ-∅ / f-∅

-------------------

/ɡlˈaʨa/ - /ɡlˈɛs/
[3/4] ɡ-ɡ / l-l / ˈa-ˈɛ / ʨ-s / a_#>-#>
[1/4] ɡ-ɡ / l-l / ˈa-ˈɛ / ʨ-s / a-∅

-------------------

/ɡrˈan/ - /ɡʀˈɑ̃/
[2/3] ɡ-ɡ / r-ʀ / ˈa-ˈɑ̃ / n-∅
[1/3] ɡ-ɡ / r-ʀ / ˈa_n-ˈɑ̃

-------------------

/ɡrˈas/ - /kʀˈɔːʃ/
[4/4] ɡ-k / r-ʀ / ˈa-ˈɔː / s-ʃ

-------------------

/ɡrˈɔs/ - /ɡʀˈɔ/
[2/4] ɡ-ɡ / r-ʀ / ˈɔ-ˈɔ / s_#>-#>
[2/4] ɡ-ɡ / r-ʀ / ˈɔ-ˈɔ / s-∅

-------------------

/ɡˈola/ - /ɡˈøːj/
[2/4] ɡ-ɡ / ˈo-ˈøː / l_a-j
[2/4] ɡ-ɡ / ˈo-ˈøː / l-∅ / a-j

-------------------

/ɡˈota/ - /ɡˈɔt/
[2/4] ɡ-ɡ / ˈo-ˈɔ / t_a-t
[2/4] ɡ-ɡ / ˈo-ˈɔ / t-t / a-∅

-------------------

/ɲˈi/ - /vnˈi/
[2/2] ∅-v / ɲ-n / ˈi-ˈi

-------------------

/ʃkrˈive/ - /skʀˈiːʀ/
[4/4] ʃ-s / k-k / r-ʀ / ˈi-ˈiː / v-∅ / e-ʀ

-------------------

/ʃpˈada/ - /spˈɛːj/
[3/4] ʃ-s / p-p / ˈa-ˈɛː / d-∅ / a-j
[1/4] ʃ-s / p-p / ˈa-ˈɛː / d_a-j

-------------------

/ʃpˈaɲa/ - /ɛspˈaɲ/
[2/4] ∅-ɛ / ʃ-s / p-p / ˈa-ˈa / ɲ-ɲ / a-∅
[2/4] <#-<#_ɛ / ʃ-s / p-p / ˈa-ˈa / ɲ-ɲ / a_#>-#>

-------------------

/ʃpˈia/ - /spˈi/
[2/4] ʃ-s / p-p / ˈi-ˈi / a_#>-#>
[2/4] ʃ-s / p-p / ˈi-ˈi / a-∅

-------------------

/ʃpˈina/ - /spˈɛn/
[3/4] ʃ-s / p-p / ˈi-ˈɛ / n_a-n
[1/4] ʃ-s / p-p / ˈi-ˈɛ / n-n / a-∅

-------------------

/ʃtˈat/ - /ɛstˈa/
[2/4] <#-<#_ɛ / ʃ-s / t-t / ˈa-ˈa / t-∅
[1/4] ∅-ɛ / ʃ-s / t-t / ˈa-ˈa / t_#>-#>
[1/4] ∅-ɛ / ʃ-s / t-t / ˈa-ˈa / t-∅

-------------------

/ʃtˈejla/ - /stwˈɛl/
[3/5] ʃ-s / t-t / ˈe-w_ˈɛ / j-∅ / l_a-l
[2/5] ʃ-s / t-t / ∅-w / ˈe-ˈɛ / j-∅ / l-l / a-∅

-------------------

/ʒenʒˈiva/ - /ʤɛ̃ʤˈiːf/
[2/4] ʒ-ʤ / e-ɛ̃ / n-∅ / ʒ-ʤ / ˈi-ˈiː / v-f / a_#>-#>
[2/4] ʒ-ʤ / e-ɛ̃ / n-∅ / ʒ-ʤ / ˈi-ˈiː / v-f / a-∅

-------------------

/ʒwˈɛk/ - /ʤˈøː/
[2/5] ʒ-ʤ / w-∅ / ˈɛ-ˈøː / k_#>-#>
[1/5] ʒ-ʤ / w_ˈɛ_k-ˈøː
[1/5] ʒ-ʤ / w_ˈɛ-ˈøː / k-∅
[1/5] ʒ-ʤ / w-∅ / ˈɛ-ˈøː / k-∅

-------------------

/ʒɡolˈe/ - /vɔlˈe/
[3/4] ʒ-v / ɡ-∅ / o-ɔ / l-l / ˈe-ˈe
[1/4] ʒ_ɡ-v / o-ɔ / l-l / ˈe-ˈe

-------------------

/ʒɡˈɔl/ - /vˈɔl/
[2/3] ʒ-v / ɡ-∅ / ˈɔ-ˈɔ / l-l
[1/3] ʒ_ɡ-v / ˈɔ-ˈɔ / l-l

-------------------

/ʒˈoen/ - /ʤˈɔ̃n/
[4/4] ʒ-ʤ / ˈo-ˈɔ̃ / e-∅ / n-n

-------------------

/ʒˈuɲ/ - /ʤˈœ̃/
[5/5] ʒ-ʤ / ˈu-ˈœ̃ / ɲ-∅

-------------------

/ʒˈɛnt/ - /ʤˈɛ̃/
[1/2] ʒ-ʤ / ˈɛ_n-ˈɛ̃ / t_#>-#>
[1/2] ʒ-ʤ / ˈɛ-ˈɛ̃ / n-∅ / t_#>-#>

-------------------

/ʧˈejra/ - /sˈeːʀ/
[3/5] ʧ-s / ˈe-∅ / j-ˈeː / r_a-ʀ
[2/5] ʧ-s / ˈe-∅ / j-ˈeː / r-ʀ / a-∅

-------------------

/ʧˈɛnder/ - /sˈɛ̃t/
[1/1] ʧ-s / ˈɛ_n-ˈɛ̃ / d-t / e-∅ / r_#>-#>

-------------------

/ʧˈɛnt/ - /sˈɛ̃/
[1/1] ʧ-s / ˈɛ_n-ˈɛ̃ / t_#>-#>

-------------------

/ʨadˈejna/ - /ʧˈɛ̃ːn/
[2/2] ʨ_a-ʧ / d-∅ / ˈe-ˈɛ̃ː / j-∅ / n_a-n

-------------------

/ʨantˈe/ - /ʧɑ̃tˈe/
[3/5] ʨ-ʧ / a-ɑ̃ / n_t-t / ˈe-ˈe
[2/5] ʨ-ʧ / a-ɑ̃ / n-∅ / t-t / ˈe-ˈe

-------------------

/ʨarjˈeʒa/ - /sɛʀˈeːʃ/
[2/4] ʨ-s / a-ɛ / r-ʀ / j-ˈeː / ˈe-∅ / ʒ-ʃ / a_#>-#>
[2/4] ʨ-s / a-ɛ / r-ʀ / j-ˈeː / ˈe-∅ / ʒ-ʃ / a-∅

-------------------

/ʨastˈɛl/ - /ʧɛstjˈa/
[2/2] ʨ-ʧ / a-ɛ / s-s / t-t / ˈɛ-j / l-ˈa

-------------------

/ʨavˈal/ - /ʧfˈɔː/
[1/3] ʨ_a-ʧ / v-f / ˈa-ˈɔː / l_#>-#>
[1/3] ʨ-ʧ / a_v-f / ˈa-ˈɔː / l_#>-#>
[1/3] ʨ-ʧ / a-∅ / v-f / ˈa-ˈɔː / l-∅

-------------------

/ʨavˈel/ - /ʧfjˈa/
[1/3] ʨ_a-ʧ / v-f / ˈe-j / l-ˈa
[1/3] ʨ-ʧ / a_v-f / ˈe-j / l-ˈa
[1/3] ʨ-ʧ / a-∅ / v-f / ˈe-j / l-ˈa

-------------------

/ʨaʧˈe/ - /ʧɛsˈiː/
[3/3] ʨ-ʧ / a-ɛ / ʧ-s / ˈe-ˈiː

-------------------

/ʨiŋkˈanta/ - /sẽkwˈɑ̃t/
[1/3] ʨ-s / i-ẽ / ŋ-∅ / k-k_w / ˈa_n-ˈɑ̃ / t_a-t
[1/3] ʨ-s / i-ẽ / ŋ-∅ / k-k_w / ˈa_n-ˈɑ̃ / t-t / a_#>-#>
[1/3] ʨ-s / i-ẽ / ŋ-∅ / k-k / ˈa-w / n-∅ / ∅-ˈɑ̃ / t-t / a-∅

-------------------

/ʨˈan/ - /ʧˈẽ/
[4/5] ʨ-ʧ / ˈa-∅ / n-ˈẽ
[1/5] ʨ-ʧ / ˈa-ˈẽ / n_#>-#>

-------------------

/ʨˈe/ - /kwˈɛ/
[2/2] ʨ-k / ˈe-w_ˈɛ

-------------------

/ʨˈel/ - /sˈiːʀ/
[1/1] ʨ-s / ˈe-ˈiː / l-ʀ

-------------------

/ʨˈiŋk/ - /sˈẽk/
[3/5] ʨ-s / ˈi-ˈẽ / ŋ_k-k
[2/5] ʨ-s / ˈi-ˈẽ / ŋ-∅ / k-k

-------------------

/ʨˈɛf/ - /ʧˈiːf/
[4/4] ʨ-ʧ / ˈɛ-ˈiː / f-f

-------------------

/ʨˈɛr/ - /ʧˈiːʀ/
[4/4] ʨ-ʧ / ˈɛ-ˈiː / r-ʀ

-------------------

/ʨˈɛrn/ - /ʧˈɔː/
[1/1] ʨ-ʧ / ˈɛ-ˈɔː / r-∅ / n_#>-#>

-------------------

/ˈaj/ - /ˈa/
[2/4] ˈa-ˈa / j_#>-#>
[2/4] ˈa-ˈa / j-∅

-------------------

/ˈawk/ - /ˈɔːw/
[2/4] ˈa-ˈɔː / w-w / k_#>-#>
[2/4] ˈa-ˈɔː / w-w / k-∅

-------------------

/ˈawter/ - /ˈoːt/
[1/1] ˈa-ˈoː / w-∅ / t_e-t / r_#>-#>

-------------------

/ˈaŋ/ - /ˈɑ̃/
[1/1] ˈa-ˈɑ̃ / ŋ-∅

-------------------

/ˈom/ - /ˈɔm/
[4/4] ˈo-ˈɔ / m-m

-------------------

/ˈɔr/ - /ˈoːʀ/
[5/5] ˈɔ-ˈoː / r-ʀ

-------------------

/ˈɔs/ - /ɔʃjˈa/
[1/2] ˈɔ-ɔ / s-ʃ / ∅-j / ∅-ˈa
[1/2] ˈɔ-ɔ / s-ʃ / ∅-j / #>-ˈa_#>

-------------------

/ˈɔt/ - /ˈyːt/
[3/3] ˈɔ-ˈyː / t-t

-------------------

