/arˈoɫ/ - /ˈorɛl/
<#_a-<#_o / r-r / o_ˈ-ɛ / ɫ_#>-l_#>
{0: [0], 1: [1], 2: [2, 3], 3: [4]}
{0: [0], 1: [1], 2: [2], 3: [3]}
COST: 20.576

-------------------

/arˈɛx/ - /ˈor̝ɛx/
<#_a-<#_o / r-r̝ / ɛ-ɛ / ˈ-∅ / x-x
{0: [0], 1: [1], 2: [2], 3: [3], 4: [4]}
{0: [0], 1: [1], 2: [2], 3: None, 4: [3]}
COST: 20.785

-------------------

/asˈa/ - /vˈosa/
<#-<#_v / a-o / s-s / a_ˈ-a
{0: None, 1: [0], 2: [1], 3: [2, 3]}
{0: [0], 1: [1], 2: [2], 3: [3]}
COST: 9.736

-------------------

/aɣˈonʲ/ - /ˈoɦɛɲ/
<#_a-<#_o / ɣ-ɦ / o_ˈ-ɛ / nʲ-ɲ
{0: [0], 1: [1], 2: [2, 3], 3: [4]}
{0: [0], 1: [1], 2: [2], 3: [3]}
COST: 17.844

-------------------

/aʣʲˈin/ - /jˈɛdɛn/
∅-j / a-ɛ / ʣʲ_i-d / ∅-ɛ / ˈ-∅ / n-n
{0: None, 1: [0], 2: [1, 2], 3: None, 4: [3], 5: [4]}
{0: [0], 1: [1], 2: [2], 3: [3], 4: None, 5: [4]}
COST: -3.472

-------------------

/babʲˈɵr/ - /bˈobr̩/
b-b / a-o / bʲ-b / ɵ_ˈ-r̩ / r_#>-#>
{0: [0], 1: [1], 2: [2], 3: [3, 4], 4: [5]}
{0: [0], 1: [1], 2: [2], 3: [3], 4: None}
COST: 15.7

-------------------

/bʌradˈa/ - /brˈada/
b-b / ʌ-∅ / r-r / a-a / d-d / a_ˈ-a
{0: [0], 1: [1], 2: [2], 3: [3], 4: [4], 5: [5, 6]}
{0: [0], 1: None, 2: [1], 3: [2], 4: [3], 5: [4]}
COST: 20.176

-------------------

/bʲærˈoza/ - /br̝ˈiːza/
bʲ-b / æ-∅ / r-r̝ / ∅-iː / o-∅ / ˈ-∅ / z-z / a-a
{0: [0], 1: [1], 2: [2], 3: None, 4: [3], 5: [4], 6: [5], 7: [6]}
{0: [0], 1: None, 2: [1], 3: [2], 4: None, 5: None, 6: [3], 7: [4]}
COST: 3.07

-------------------

/bʲˈez̥/ - /bˈɛz̥/
bʲ-b / e-ɛ / ∅-z̥ / ˈ-∅ / z̥-∅
{0: [0], 1: [1], 2: None, 3: [2], 4: [3]}
{0: [0], 1: [1], 2: [2], 3: None, 4: None}
COST: -2.35

-------------------

/bʲˈeɫɨ/ - /bˈiːliː/
bʲ-b / e-iː / ˈ-∅ / ɫ-l / ɨ-iː
{0: [0], 1: [1], 2: [2], 3: [3], 4: [4]}
{0: [0], 1: [1], 2: None, 3: [2], 4: [3]}
COST: 14.75

-------------------

/bˈox/ - /bˈuːx/
b-b / o-uː / ˈ-∅ / x-x
{0: [0], 1: [1], 2: [2], 3: [3]}
{0: [0], 1: [1], 2: None, 3: [2]}
COST: 17.205

-------------------

/bˈɨʦʲ/ - /bˈiːt/
b-b / ɨ-iː / ˈ-∅ / ʦʲ-t
{0: [0], 1: [1], 2: [2], 3: [3]}
{0: [0], 1: [1], 2: None, 3: [2]}
COST: 14.571

-------------------

/dvˈa/ - /dvˈa/
d-d / v-v / a_ˈ-a
{0: [0], 1: [1], 2: [2, 3]}
{0: [0], 1: [1], 2: [2]}
COST: 15.716

-------------------

/dˈobrɨ/ - /dˈobriː/
d-d / o-o / ˈ-∅ / b-b / r-r / ɨ-iː
{0: [0], 1: [1], 2: [2], 3: [3], 4: [4], 5: [5]}
{0: [0], 1: [1], 2: None, 3: [2], 4: [3], 5: [4]}
COST: 24.032

-------------------

/dˈowɣʲi/ - /dlˈou̯ɦiː/
d-d / o-l / ∅-ou̯ / ∅-ɦ / ˈ-∅ / w-∅ / ɣʲ-∅ / i-iː
{0: [0], 1: [1], 2: None, 3: None, 4: [2], 5: [3], 6: [4], 7: [5]}
{0: [0], 1: [1], 2: [2], 3: [3], 4: None, 5: None, 6: None, 7: [4]}
COST: -11.5

-------------------

/dˈɨm/ - /dˈiːm/
d-d / ɨ-iː / ˈ-∅ / m-m
{0: [0], 1: [1], 2: [2], 3: [3]}
{0: [0], 1: [1], 2: None, 3: [2]}
COST: 15.314

-------------------

/jimɣɫˈa/ - /mˈl̩ɦa/
j-∅ / i-∅ / m-m / ∅-l̩ / ɣ-ɦ / ɫ-∅ / a_ˈ-a
{0: [0], 1: [1], 2: [2], 3: None, 4: [3], 5: [4], 6: [5, 6]}
{0: None, 1: None, 2: [0], 3: [1], 4: [2], 5: None, 6: [3]}
COST: -5.412

-------------------

/jæzˈɨk/ - /jˈazɪk/
j_æ-j_a / z-z / ɨ_ˈ-ɪ / k-k
{0: [0, 1], 1: [2], 2: [3, 4], 3: [5]}
{0: [0, 1], 1: [2], 2: [3], 3: [4]}
COST: 27.397

-------------------

/jʉxˈa/ - /jˈiːxa/
j-j / ∅-iː / ʉ-∅ / x-x / a_ˈ-a
{0: [0], 1: None, 2: [1], 3: [2], 4: [3, 4]}
{0: [0], 1: [1], 2: None, 3: [2], 4: [3]}
COST: 7.787

-------------------

/jˈabɫɨk/ - /jˈabl̩ko/
j-j / a_ˈ-a / b-b / ∅-l̩ / ɫ-∅ / ɨ-∅ / k-k / #>-o_#>
{0: [0], 1: [1, 2], 2: [3], 3: None, 4: [4], 5: [5], 6: [6], 7: None}
{0: [0], 1: [1], 2: [2], 3: [3], 4: None, 5: None, 6: [4], 7: [5]}
COST: 7.186

-------------------

/jˈasnɨ/ - /jˈasniː/
j-j / a_ˈ-a / s-s / n-n / ɨ-iː
{0: [0], 1: [1, 2], 2: [3], 3: [4], 4: [5]}
{0: [0], 1: [1], 2: [2], 3: [3], 4: [4]}
COST: 25.496

-------------------

/jˈæ/ - /jˈa/
j_æ-j_a / ˈ-∅
{0: [0, 1], 1: [2]}
{0: [0, 1], 1: None}
COST: 9.018

-------------------

/jˈæɣada/ - /jˈaɦoda/
j_æ-j_a / ˈ-∅ / ɣ-ɦ / a_d-o_d / a-a
{0: [0, 1], 1: [2], 2: [3], 3: [4, 5], 4: [6]}
{0: [0, 1], 1: None, 2: [2], 3: [3, 4], 4: [5]}
COST: 25.414

-------------------

/kalʲˈena/ - /kˈolɛno/
k-k / a-o / lʲ-l / e-ɛ / ˈ-∅ / n-n / a_#>-o_#>
{0: [0], 1: [1], 2: [2], 3: [3], 4: [4], 5: [5], 6: [6]}
{0: [0], 1: [1], 2: [2], 3: [3], 4: None, 5: [4], 6: [5]}
COST: 25.187

-------------------

/karˈa/ - /kˈuːra/
k-k / ∅-uː / a_r-r / a_ˈ-a
{0: [0], 1: None, 2: [1, 2], 3: [3, 4]}
{0: [0], 1: [1], 2: [2], 3: [3]}
COST: 5.484

-------------------

/karˈolʲ/ - /krˈaːl/
k-k / a_r-r / o-aː / ˈ-∅ / lʲ-l
{0: [0], 1: [1, 2], 2: [3], 3: [4], 4: [5]}
{0: [0], 1: [1], 2: [2], 3: None, 4: [3]}
COST: 10.387

-------------------

/karˈova/ - /krˈaːva/
k-k / a_r-r / o-aː / ˈ-∅ / v_a-v_a
{0: [0], 1: [1, 2], 2: [3], 3: [4], 4: [5, 6]}
{0: [0], 1: [1], 2: [2], 3: None, 4: [3, 4]}
COST: 14.553

-------------------

/krɨɫˈo/ - /kr̝̊ˈiːdlo/
k-k / r-r̝̊ / ɨ-iː / ɫ-d_l / o-o / ˈ-∅
{0: [0], 1: [1], 2: [2], 3: [3], 4: [4], 5: [5]}
{0: [0], 1: [1], 2: [2], 3: [3, 4], 4: [5], 5: None}
COST: 18.751

-------------------

/krˈow/ - /krˈɛf/
k-k / r-r / o_ˈ-ɛ / w-f
{0: [0], 1: [1], 2: [2, 3], 3: [4]}
{0: [0], 1: [1], 2: [2], 3: [3]}
COST: 13.68

-------------------

/kusˈaʦʲ/ - /kˈou̯sat/
k-k / u-ou̯ / s-s / a_ˈ-a / ʦʲ-t
{0: [0], 1: [1], 2: [2], 3: [3, 4], 4: [5]}
{0: [0], 1: [1], 2: [2], 3: [3], 4: [4]}
COST: 24.781

-------------------

/kʲvʲˈetka/ - /kvjˈɛt/
kʲ-k / vʲ-v_j / e-ɛ / ˈ-∅ / t-t / k-∅ / a_#>-#>
{0: [0], 1: [1], 2: [2], 3: [3], 4: [4], 5: [5], 6: [6]}
{0: [0], 1: [1, 2], 2: [3], 3: None, 4: [4], 5: None, 6: None}
COST: 5.001

-------------------

/kˈamʲenʲ/ - /kˈaːmɛn/
k-k / a_ˈ-aː / mʲ-m / e-ɛ / nʲ_#>-n_#>
{0: [0], 1: [1, 2], 2: [3], 3: [4], 4: [5]}
{0: [0], 1: [1], 2: [2], 3: [3], 4: [4]}
COST: 26.008

-------------------

/kˈonʲ/ - /kˈuːɲ/
k-k / o-uː / ˈ-∅ / nʲ-ɲ
{0: [0], 1: [1], 2: [2], 3: [3]}
{0: [0], 1: [1], 2: None, 3: [2]}
COST: 13.729

-------------------

/kˈoranʲ/ - /kˈor̝ɛn/
k-k / o-o / ˈ-∅ / r_a-r̝_ɛ / nʲ_#>-n_#>
{0: [0], 1: [1], 2: [2], 3: [3, 4], 4: [5]}
{0: [0], 1: [1], 2: None, 3: [2, 3], 4: [4]}
COST: 23.052

-------------------

/kˈosʲʦʲ/ - /kˈost/
k-k / o-o / ˈ-∅ / sʲ-s / ʦʲ-t
{0: [0], 1: [1], 2: [2], 3: [3], 4: [4]}
{0: [0], 1: [1], 2: None, 3: [2], 4: [3]}
COST: 17.177

-------------------

/lʲˈes/ - /lˈɛs/
<#_lʲ-<#_l / e-ɛ / ˈ-∅ / s_#>-s_#>
{0: [0], 1: [1], 2: [2], 3: [3]}
{0: [0], 1: [1], 2: None, 3: [2]}
COST: 16.36

-------------------

/lʲˈeta/ - /lˈɛːto/
<#_lʲ-<#_l / e-ɛː / ˈ-∅ / t-t / a_#>-o_#>
{0: [0], 1: [1], 2: [2], 3: [3], 4: [4]}
{0: [0], 1: [1], 2: None, 3: [2], 4: [3]}
COST: 17.081

-------------------

/lʲˈew/ - /lˈɛf/
<#_lʲ-<#_l / e-ɛ / ˈ-∅ / w-f
{0: [0], 1: [1], 2: [2], 3: [3]}
{0: [0], 1: [1], 2: None, 3: [2]}
COST: 9.199

-------------------

/lʲˈist/ - /lˈɪst/
<#_lʲ-<#_l / i_ˈ-ɪ / s-s / t-t
{0: [0], 1: [1, 2], 2: [3], 3: [4]}
{0: [0], 1: [1], 2: [2], 3: [3]}
COST: 20.599

-------------------

/lʲˈɵd̥/ - /lˈɛd̥/
<#_lʲ-<#_l / ɵ-ɛ / ˈ-∅ / d̥-d̥
{0: [0], 1: [1], 2: [2], 3: [3]}
{0: [0], 1: [1], 2: None, 3: [2]}
COST: 16.987

-------------------

/lʲˈʉʣʲi/ - /lˈɪdɛː/
<#_lʲ-<#_l / ʉ-∅ / ˈ-∅ / ʣʲ-∅ / i-ɪ / ∅-d / ∅-ɛː
{0: [0], 1: [1], 2: [2], 3: [3], 4: [4], 5: None, 6: None}
{0: [0], 1: None, 2: None, 3: None, 4: [1], 5: [2], 6: [3]}
COST: -9.108

-------------------

/mʌɫakˈo/ - /mlˈɛːko/
m-m / ʌ_ɫ-l_ɛː / a-∅ / k-k / o-o / ˈ-∅
{0: [0], 1: [1, 2], 2: [3], 3: [4], 4: [5], 5: [6]}
{0: [0], 1: [1, 2], 2: None, 3: [3], 4: [4], 5: None}
COST: 10.807

-------------------

/mʲɵd̥/ - /mˈɛd̥/
mʲ-m / ɵ-ɛ / d̥-d̥
{0: [0], 1: [1], 2: [2]}
{0: [0], 1: [1], 2: [2]}
COST: 21.95

-------------------

/mʲˈesta/ - /mˈiːsto/
mʲ-m / e-iː / ˈ-∅ / s-s / t-t / a_#>-o_#>
{0: [0], 1: [1], 2: [2], 3: [3], 4: [4], 5: [5]}
{0: [0], 1: [1], 2: None, 3: [2], 4: [3], 5: [4]}
COST: 22.012

-------------------

/mʲˈesʲæʦ/ - /mɲˈɛsiːʦ/
mʲ-m / ∅-ɲ / e-ɛ / ˈ-∅ / sʲ-s / æ-iː / ʦ-ʦ
{0: [0], 1: None, 2: [1], 3: [2], 4: [3], 5: [4], 6: [5]}
{0: [0], 1: [1], 2: [2], 3: None, 4: [3], 5: [4], 6: [5]}
COST: 17.656

-------------------

/mʲˈæsa/ - /mˈaso/
mʲ-m / æ-a / ˈ-∅ / s-s / a_#>-o_#>
{0: [0], 1: [1], 2: [2], 3: [3], 4: [4]}
{0: [0], 1: [1], 2: None, 3: [2], 4: [3]}
COST: 18.053

-------------------

/mʲˈɵrtvɨ/ - /mˈr̩tviː/
mʲ-m / ɵ_ˈ-r̩ / r-∅ / t-t / v-v / ɨ-iː
{0: [0], 1: [1, 2], 2: [3], 3: [4], 4: [5], 5: [6]}
{0: [0], 1: [1], 2: None, 3: [2], 4: [3], 5: [4]}
COST: 20.783

-------------------

/mˈora/ - /mˈor̝ɛ/
m-m / o-o / ˈ-∅ / r_a-r̝_ɛ
{0: [0], 1: [1], 2: [2], 3: [3, 4]}
{0: [0], 1: [1], 2: None, 3: [2, 3]}
COST: 17.807

-------------------

/mˈoz̥x/ - /mˈozɛk/
m-m_o / ∅-z / o_ˈ-ɛ / z̥-∅ / x-k
{0: [0], 1: None, 2: [1, 2], 3: [3], 4: [4]}
{0: [0, 1], 1: [2], 2: [3], 3: None, 4: [4]}
COST: -4.407

-------------------

/mˈudrɨ/ - /mˈou̯driː/
m-m / u-ou̯ / ˈ-∅ / d-d / r-r / ɨ-iː
{0: [0], 1: [1], 2: [2], 3: [3], 4: [4], 5: [5]}
{0: [0], 1: [1], 2: None, 3: [2], 4: [3], 5: [4]}
COST: 25.313

-------------------

/mˈuxa/ - /mˈou̯xa/
m-m / u-ou̯ / ˈ-∅ / x-x / a-a
{0: [0], 1: [1], 2: [2], 3: [3], 4: [4]}
{0: [0], 1: [1], 2: None, 3: [2], 4: [3]}
COST: 20.722

-------------------

/mˈuʐ̊/ - /mˈuʒ̊/
m-m / u-u / ˈ-∅ / ʐ̊-ʒ̊
{0: [0], 1: [1], 2: [2], 3: [3]}
{0: [0], 1: [1], 2: None, 3: [2]}
COST: 14.531

-------------------

/mˈɨsʲlʲ/ - /mˈɪsl̩/
m-m / ɨ_ˈ-ɪ / sʲ-s / ∅-l̩ / lʲ_#>-#>
{0: [0], 1: [1, 2], 2: [3], 3: None, 4: [4]}
{0: [0], 1: [1], 2: [2], 3: [3], 4: None}
COST: 9.011

-------------------

/naɣˈa/ - /nˈoɦa/
<#_n-<#_n / a-o / ɣ-ɦ / a_ˈ-a
{0: [0], 1: [1], 2: [2], 3: [3, 4]}
{0: [0], 1: [1], 2: [2], 3: [3]}
COST: 17.81

-------------------

/nʲævʲˈesta/ - /nˈɛvjɛsta/
nʲ-n / æ-ɛ / vʲ-v_j / e-ɛ / ˈ-∅ / s-s / t-t / a-a
{0: [0], 1: [1], 2: [2], 3: [3], 4: [4], 5: [5], 6: [6], 7: [7]}
{0: [0], 1: [1], 2: [2, 3], 3: [4], 4: None, 5: [5], 6: [6], 7: [7]}
COST: 25.572

-------------------

/nˈos/ - /nˈos/
<#_n-<#_n / o-o / ˈ-∅ / s_#>-s_#>
{0: [0], 1: [1], 2: [2], 3: [3]}
{0: [0], 1: [1], 2: None, 3: [2]}
COST: 17.018

-------------------

/nˈoɣaʦʲ/ - /nˈɛɦɛt/
<#_n-<#_n / o_ˈ-ɛ / ɣ-ɦ / a-ɛ / ʦʲ-t
{0: [0], 1: [1, 2], 2: [3], 3: [4], 4: [5]}
{0: [0], 1: [1], 2: [2], 3: [3], 4: [4]}
COST: 19.605

-------------------

/nˈoʧ/ - /nˈoʦ/
<#_n-<#_n / o-o / ∅-ʦ / ˈ-∅ / ʧ-∅
{0: [0], 1: [1], 2: None, 3: [2], 4: [3]}
{0: [0], 1: [1], 2: [2], 3: None, 4: None}
COST: 0.171

-------------------

/ptˈax/ - /ptˈaːk/
p-p / t-t / a_ˈ-aː / x-k
{0: [0], 1: [1], 2: [2, 3], 3: [4]}
{0: [0], 1: [1], 2: [2], 3: [3]}
COST: 18.141

-------------------

/pʧaɫˈa/ - /fʧˈɛla/
∅-f / p-∅ / ʧ_a-ʧ_ɛ / ɫ-l / a_ˈ-a
{0: None, 1: [0], 2: [1, 2], 3: [3], 4: [4, 5]}
{0: [0], 1: None, 2: [1, 2], 3: [3], 4: [4]}
COST: 9.72

-------------------

/pʲæsˈok/ - /pˈiːsɛk/
pʲ-p / æ-iː / s-s / o_ˈ-ɛ / k-k
{0: [0], 1: [1], 2: [2], 3: [3, 4], 4: [5]}
{0: [0], 1: [1], 2: [2], 3: [3], 4: [4]}
COST: 22.018

-------------------

/pʲˈiʦʲ/ - /pˈiːt/
pʲ-p / i-iː / ˈ-∅ / ʦʲ-t
{0: [0], 1: [1], 2: [2], 3: [3]}
{0: [0], 1: [1], 2: None, 3: [2]}
COST: 14.439

-------------------

/pʲˈæʦʲ/ - /pjˈɛt/
pʲ-p / æ-j / ˈ-∅ / ʦʲ-ɛ_t
{0: [0], 1: [1], 2: [2], 3: [3]}
{0: [0], 1: [1], 2: None, 3: [2, 3]}
COST: 10.954

-------------------

/pʲˈɵs/ - /pˈɛs/
pʲ-p / ɵ-ɛ / ˈ-∅ / s_#>-s_#>
{0: [0], 1: [1], 2: [2], 3: [3]}
{0: [0], 1: [1], 2: None, 3: [2]}
COST: 16.706

-------------------

/pˈopʲeɫ/ - /pˈopɛl/
p-p / o-o / ˈ-∅ / pʲ-p / e-ɛ / ɫ_#>-l_#>
{0: [0], 1: [1], 2: [2], 3: [3], 4: [4], 5: [5]}
{0: [0], 1: [1], 2: None, 3: [2], 4: [3], 5: [4]}
COST: 25.933

-------------------

/pˈownɨ/ - /pˈl̩niː/
p-p / o-∅ / ˈ-∅ / w-l̩ / n-n / ɨ-iː
{0: [0], 1: [1], 2: [2], 3: [3], 4: [4], 5: [5]}
{0: [0], 1: None, 2: None, 3: [1], 4: [2], 5: [3]}
COST: 12.419

-------------------

/pˈuʦʲ/ - /pˈou̯c/
p-p / u-ou̯ / ˈ-∅ / ʦʲ-c
{0: [0], 1: [1], 2: [2], 3: [3]}
{0: [0], 1: [1], 2: None, 3: [2]}
COST: 15.143

-------------------

/rakˈa/ - /r̝ˈɛka/
r_a-r̝_ɛ / k-k / a_ˈ-a
{0: [0, 1], 1: [2], 2: [3, 4]}
{0: [0, 1], 1: [2], 2: [3]}
COST: 19.378

-------------------

/rukˈa/ - /rˈuka/
<#_r-<#_r / u-u / k-k / a_ˈ-a
{0: [0], 1: [1], 2: [2], 3: [3, 4]}
{0: [0], 1: [1], 2: [2], 3: [3]}
COST: 22.768

-------------------

/rˈaɫa/ - /rˈaːdlo/
<#_r-<#_r / a_ˈ-aː / ɫ-d_l / a_#>-o_#>
{0: [0], 1: [1, 2], 2: [3], 3: [4]}
{0: [0], 1: [1], 2: [2, 3], 3: [4]}
COST: 18.303

-------------------

/rˈost/ - /rˈuːst/
<#_r-<#_r / o-uː / ˈ-∅ / s-s / t-t
{0: [0], 1: [1], 2: [2], 3: [3], 4: [4]}
{0: [0], 1: [1], 2: None, 3: [2], 4: [3]}
COST: 20.081

-------------------

/rˈox/ - /rˈox/
<#_r-<#_r / o-o / ˈ-∅ / x-x
{0: [0], 1: [1], 2: [2], 3: [3]}
{0: [0], 1: [1], 2: None, 3: [2]}
COST: 16.124

-------------------

/rˈɨba/ - /rˈɪba/
<#_r-<#_r / ɨ_ˈ-ɪ / b-b / a-a
{0: [0], 1: [1, 2], 2: [3], 3: [4]}
{0: [0], 1: [1], 2: [2], 3: [3]}
COST: 23.273

-------------------

/starˈɨ/ - /stˈariː/
s-s / t-t / a-a / r-r / ɨ-iː / ˈ-∅
{0: [0], 1: [1], 2: [2], 3: [3], 4: [4], 5: [5]}
{0: [0], 1: [1], 2: [2], 3: [3], 4: [4], 5: None}
COST: 21.308

-------------------

/stˈo/ - /stˈo/
s-s / t-t / o-o / ˈ-∅
{0: [0], 1: [1], 2: [2], 3: [3]}
{0: [0], 1: [1], 2: [2], 3: None}
COST: 13.042

-------------------

/stˈoɫ/ - /stˈuːl/
s-s / t-t / o-uː / ˈ-∅ / ɫ_#>-l_#>
{0: [0], 1: [1], 2: [2], 3: [3], 4: [4]}
{0: [0], 1: [1], 2: [2], 3: None, 4: [3]}
COST: 19.75

-------------------

/suxʲˈi/ - /sˈuxiː/
s-s / u-u / xʲ-x / i-iː / ˈ-∅
{0: [0], 1: [1], 2: [2], 3: [3], 4: [4]}
{0: [0], 1: [1], 2: [2], 3: [3], 4: None}
COST: 20.959

-------------------

/sɫˈava/ - /slˈaːva/
s-s / ɫ-l / a_ˈ-aː / v_a-v_a
{0: [0], 1: [1], 2: [2, 3], 3: [4, 5]}
{0: [0], 1: [1], 2: [2], 3: [3, 4]}
COST: 23.985

-------------------

/sʲmʲˈerʦʲ/ - /smˈr̩t/
sʲ-s / mʲ-m / e-∅ / ˈ-∅ / r-r̩ / ʦʲ-t
{0: [0], 1: [1], 2: [2], 3: [3], 4: [4], 5: [5]}
{0: [0], 1: [1], 2: None, 3: None, 4: [2], 5: [3]}
COST: 12.995

-------------------

/sʲnʲˈex/ - /sɲˈiːx/
sʲ-s / nʲ-ɲ / e-iː / ˈ-∅ / x-x
{0: [0], 1: [1], 2: [2], 3: [3], 4: [4]}
{0: [0], 1: [1], 2: [2], 3: None, 4: [3]}
COST: 17.289

-------------------

/sʲvʲætˈɨ/ - /svˈatiː/
sʲ-s / vʲ-v / æ-a / t_ɨ-t_iː / ˈ-∅
{0: [0], 1: [1], 2: [2], 3: [3, 4], 4: [5]}
{0: [0], 1: [1], 2: [2], 3: [3, 4], 4: None}
COST: 22.458

-------------------

/sʲˈem/ - /sˈɛdm̩/
sʲ-s / e-ɛ / ∅-d / ˈ-∅ / m-m̩
{0: [0], 1: [1], 2: None, 3: [2], 4: [3]}
{0: [0], 1: [1], 2: [2], 3: None, 4: [3]}
COST: 9.39

-------------------

/sˈad̥/ - /sˈad̥/
s-s / a_ˈ-a / d̥-d̥
{0: [0], 1: [1, 2], 2: [3]}
{0: [0], 1: [1], 2: [2]}
COST: 18.063

-------------------

/sˈolʲ/ - /sˈuːl/
s-s / o-uː / ˈ-∅ / lʲ-l
{0: [0], 1: [1], 2: [2], 3: [3]}
{0: [0], 1: [1], 2: None, 3: [2]}
COST: 13.765

-------------------

/sˈon/ - /sˈɛn/
s-s / o_ˈ-ɛ / n-n
{0: [0], 1: [1, 2], 2: [3]}
{0: [0], 1: [1], 2: [2]}
COST: 14.491

-------------------

/sˈonʦa/ - /slˈunʦɛ/
s-s / o-l_u / ˈ-∅ / n-n / ʦ_a-ʦ_ɛ
{0: [0], 1: [1], 2: [2], 3: [3], 4: [4, 5]}
{0: [0], 1: [1, 2], 2: None, 3: [3], 4: [4, 5]}
COST: 21.367

-------------------

/sˈɛrʦa/ - /sˈr̩ʦɛ/
s-s / ɛ-∅ / ˈ-∅ / r-r̩ / ʦ_a-ʦ_ɛ
{0: [0], 1: [1], 2: [2], 3: [3], 4: [4, 5]}
{0: [0], 1: None, 2: None, 3: [1], 4: [2, 3]}
COST: 12.608

-------------------

/sˈɨn/ - /sˈɪn/
s-s / ɨ_ˈ-ɪ / n-n
{0: [0], 1: [1, 2], 2: [3]}
{0: [0], 1: [1], 2: [2]}
COST: 17.668

-------------------

/sˈɨr/ - /sˈiːr/
s-s / ɨ-iː / ˈ-∅ / r_#>-r_#>
{0: [0], 1: [1], 2: [2], 3: [3]}
{0: [0], 1: [1], 2: None, 3: [2]}
COST: 16.362

-------------------

/travˈa/ - /trˈaːva/
t-t / r-r / a-aː / v-v / a_ˈ-a
{0: [0], 1: [1], 2: [2], 3: [3], 4: [4, 5]}
{0: [0], 1: [1], 2: [2], 3: [3], 4: [4]}
COST: 22.281

-------------------

/trˈɨ/ - /tr̝̊ˈɪ/
t-t / r-r̝̊ / ɨ_ˈ-ɪ
{0: [0], 1: [1], 2: [2, 3]}
{0: [0], 1: [1], 2: [2]}
COST: 16.9

-------------------

/vadˈa/ - /vˈoda/
v-v / a_d-o_d / a_ˈ-a
{0: [0], 1: [1, 2], 2: [3, 4]}
{0: [0], 1: [1, 2], 2: [3]}
COST: 20.027

-------------------

/vʌɫaʧˈɨ/ - /vlˈɛːʦt/
v-v / ʌ_ɫ-l_ɛː / ∅-ʦ / ∅-t / a-∅ / ʧ-∅ / ɨ-∅ / ˈ-∅
{0: [0], 1: [1, 2], 2: None, 3: None, 4: [3], 5: [4], 6: [5], 7: [6]}
{0: [0], 1: [1, 2], 2: [3], 3: [4], 4: None, 5: None, 6: None, 7: None}
COST: -18.519

-------------------

/vʲælʲˈikʲi/ - /vˈɛlɪkiː/
vʲ-v / æ-ɛ / lʲ-l / i_ˈ-ɪ / kʲ-k / i-iː
{0: [0], 1: [1], 2: [2], 3: [3, 4], 4: [5], 5: [6]}
{0: [0], 1: [1], 2: [2], 3: [3], 4: [4], 5: [5]}
COST: 24.448

-------------------

/vʲæzˈaʦʲ/ - /vˈaːzat/
vʲ-v / ∅-aː / æ-∅ / z-z / a_ˈ-a / ʦʲ-t
{0: [0], 1: None, 2: [1], 3: [2], 4: [3, 4], 5: [5]}
{0: [0], 1: [1], 2: None, 3: [2], 4: [3], 5: [4]}
COST: 10.501

-------------------

/vʲˈeʦʲer/ - /vˈiːtr̩/
vʲ-v / e-iː / ˈ-∅ / ʦʲ-t / e-∅ / r-r̩
{0: [0], 1: [1], 2: [2], 3: [3], 4: [4], 5: [5]}
{0: [0], 1: [1], 2: None, 3: [2], 4: None, 5: [3]}
COST: 9.318

-------------------

/vʲˈeʧar/ - /vˈɛʧɛr/
vʲ-v / e-ɛ / ˈ-∅ / ʧ_a-ʧ_ɛ / r_#>-r_#>
{0: [0], 1: [1], 2: [2], 3: [3, 4], 4: [5]}
{0: [0], 1: [1], 2: None, 3: [2, 3], 4: [4]}
COST: 25.445

-------------------

/vʲˈiʣʲeʦʲ/ - /vˈɪɟɛt/
vʲ-v / i_ˈ-ɪ / ʣʲ-ɟ / e-ɛ / ʦʲ-t
{0: [0], 1: [1, 2], 2: [3], 3: [4], 4: [5]}
{0: [0], 1: [1], 2: [2], 3: [3], 4: [4]}
COST: 19.211

-------------------

/vˈobɫaka/ - /ˈoblak/
v_o-o / ˈ-∅ / b-b / ɫ-l / a-a / k-k / a_#>-#>
{0: [0, 1], 1: [2], 2: [3], 3: [4], 4: [5], 5: [6], 6: [7]}
{0: [0], 1: None, 2: [1], 3: [2], 4: [3], 5: [4], 6: None}
COST: 16.556

-------------------

/vˈoka/ - /ˈoko/
v_o-o / ˈ-∅ / k-k / a_#>-o_#>
{0: [0, 1], 1: [2], 2: [3], 3: [4]}
{0: [0], 1: None, 2: [1], 3: [2]}
COST: 10.712

-------------------

/vˈosk/ - /vˈosk/
v-v / o-o / ˈ-∅ / s-s / k-k
{0: [0], 1: [1], 2: [2], 3: [3], 4: [4]}
{0: [0], 1: [1], 2: None, 3: [2], 4: [3]}
COST: 17.888

-------------------

/vˈosʲem/ - /ˈosm̩/
v_o-o / ˈ-∅ / sʲ-s / e-∅ / m-m̩
{0: [0, 1], 1: [2], 2: [3], 3: [4], 4: [5]}
{0: [0], 1: None, 2: [1], 3: None, 4: [2]}
COST: 7.008

-------------------

/vˈowk/ - /vˈl̩k/
v-v / o-∅ / ˈ-∅ / w-l̩ / k-k
{0: [0], 1: [1], 2: [2], 3: [3], 4: [4]}
{0: [0], 1: None, 2: None, 3: [1], 4: [2]}
COST: 5.961

-------------------

/vˈozʲera/ - /jˈɛzɛro/
<#_v-<# / ∅-j / o_ˈ-ɛ / zʲ-z / e-ɛ / r-r / a_#>-o_#>
{0: [0], 1: None, 2: [1, 2], 3: [3], 4: [4], 5: [5], 6: [6]}
{0: None, 1: [0], 2: [1], 3: [2], 4: [3], 5: [4], 6: [5]}
COST: 13.866

-------------------

/vˈoɫ/ - /vˈuːl/
v-v / o-uː / ˈ-∅ / ɫ_#>-l_#>
{0: [0], 1: [1], 2: [2], 3: [3]}
{0: [0], 1: [1], 2: None, 3: [2]}
COST: 14.883

-------------------

/vˈuxa/ - /ˈuxo/
<#_v-<# / u-u / ˈ-∅ / x-x / a_#>-o_#>
{0: [0], 1: [1], 2: [2], 3: [3], 4: [4]}
{0: None, 1: [0], 2: None, 3: [1], 4: [2]}
COST: 13.25

-------------------

/vˈuɣalʲ/ - /ˈuɦɛl/
<#_v-<# / u-u / ˈ-∅ / ɣ-ɦ / a-ɛ / lʲ-l
{0: [0], 1: [1], 2: [2], 3: [3], 4: [4], 5: [5]}
{0: None, 1: [0], 2: None, 3: [1], 4: [2], 5: [3]}
COST: 11.742

-------------------

/vˈɨdra/ - /vˈɪdra/
v-v / ɨ_ˈ-ɪ / d-d / r-r / a-a
{0: [0], 1: [1, 2], 2: [3], 3: [4], 4: [5]}
{0: [0], 1: [1], 2: [2], 3: [3], 4: [4]}
COST: 25.296

-------------------

/w/ - /v/
w-v
{0: [0]}
{0: [0]}
COST: 4.416

-------------------

/wzʲˈæʦʲ/ - /vzˈiːt/
w-v / zʲ-z / æ-iː / ˈ-∅ / ʦʲ-t
{0: [0], 1: [1], 2: [2], 3: [3], 4: [4]}
{0: [0], 1: [1], 2: [2], 3: None, 4: [3]}
COST: 10.581

-------------------

/xaɫˈodnɨ/ - /xlˈadniː/
x-x / a-l / ɫ-a / o-∅ / ˈ-∅ / d-d / n-n / ɨ-iː
{0: [0], 1: [1], 2: [2], 3: [3], 4: [4], 5: [5], 6: [6], 7: [7]}
{0: [0], 1: [1], 2: [2], 3: None, 4: None, 5: [3], 6: [4], 7: [5]}
COST: 15.979

-------------------

/xlʲˈeb̥/ - /xlˈɛːb̥/
x-x / lʲ-l / e-ɛː / ˈ-∅ / b̥-b̥
{0: [0], 1: [1], 2: [2], 3: [3], 4: [4]}
{0: [0], 1: [1], 2: [2], 3: None, 4: [3]}
COST: 15.458

-------------------

/xrɨbʲˈet/ - /ɦr̝bˈɛt/
<#-<#_ɦ / x-∅ / r-r̝ / ɨ-∅ / bʲ-b / e-ɛ / ˈ-∅ / t-t
{0: None, 1: [0], 2: [1], 3: [2], 4: [3], 5: [4], 6: [5], 7: [6]}
{0: [0], 1: None, 2: [1], 3: None, 4: [2], 5: [3], 6: None, 7: [4]}
COST: 3.501

-------------------

/zdarˈovɨ/ - /zdrˈaviː/
z-z / d-d / a_r-r / ∅-a / o-∅ / ˈ-∅ / v-v / ɨ-iː
{0: [0], 1: [1], 2: [2, 3], 3: None, 4: [4], 5: [5], 6: [6], 7: [7]}
{0: [0], 1: [1], 2: [2], 3: [3], 4: None, 5: None, 6: [4], 7: [5]}
COST: 10.169

-------------------

/znˈaʦʲ/ - /znˈaːt/
z-z / n-n / a_ˈ-aː / ʦʲ-t
{0: [0], 1: [1], 2: [2, 3], 3: [4]}
{0: [0], 1: [1], 2: [2], 3: [3]}
COST: 21.428

-------------------

/zʲimˈa/ - /zˈɪma/
zʲ-z / i-ɪ / m-m / a_ˈ-a
{0: [0], 1: [1], 2: [2], 3: [3, 4]}
{0: [0], 1: [1], 2: [2], 3: [3]}
COST: 21.719

-------------------

/zʲvʲæzdˈa/ - /ɦvjˈɛzda/
<#-<#_ɦ / zʲ-∅ / vʲ-v_j / æ-ɛ / z-z / d-d / a_ˈ-a
{0: None, 1: [0], 2: [1], 3: [2], 4: [3], 5: [4], 6: [5, 6]}
{0: [0], 1: None, 2: [1, 2], 3: [3], 4: [4], 5: [5], 6: [6]}
COST: 13.636

-------------------

/zʲvʲˈer/ - /zvjˈɛr̝̊/
zʲ-z / vʲ-v_j / e-ɛ / ˈ-∅ / r-r̝̊
{0: [0], 1: [1], 2: [2], 3: [3], 4: [4]}
{0: [0], 1: [1, 2], 2: [3], 3: None, 4: [4]}
COST: 16.108

-------------------

/zʲælʲˈɵnɨ/ - /zˈɛlɛniː/
zʲ-z / æ-ɛ / lʲ-l / ɵ-ɛ / ˈ-∅ / n-n / ɨ-iː
{0: [0], 1: [1], 2: [2], 3: [3], 4: [4], 5: [5], 6: [6]}
{0: [0], 1: [1], 2: [2], 3: [3], 4: None, 5: [4], 6: [5]}
COST: 25.913

-------------------

/zʲæmlʲˈæ/ - /zˈɛmɲɛ/
zʲ-z / æ-ɛ / m-m / ∅-ɲ / lʲ-∅ / æ-ɛ / ˈ-∅
{0: [0], 1: [1], 2: [2], 3: None, 4: [3], 5: [4], 6: [5]}
{0: [0], 1: [1], 2: [2], 3: [3], 4: None, 5: [4], 6: None}
COST: 7.242

-------------------

/zˈub̥/ - /zˈub̥/
z-z / u-u / ˈ-∅ / b̥-b̥
{0: [0], 1: [1], 2: [2], 3: [3]}
{0: [0], 1: [1], 2: None, 3: [2]}
COST: 14.915

-------------------

/ɣarˈa/ - /ɦˈora/
ɣ-ɦ / a-o / r-r / a_ˈ-a
{0: [0], 1: [1], 2: [2], 3: [3, 4]}
{0: [0], 1: [1], 2: [2], 3: [3]}
COST: 15.797

-------------------

/ɣaʣʲˈina/ - /ɦˈoɟɪna/
ɣ-ɦ / a-o / ʣʲ-ɟ / i_ˈ-ɪ / n-n / a-a
{0: [0], 1: [1], 2: [2], 3: [3, 4], 4: [5], 5: [6]}
{0: [0], 1: [1], 2: [2], 3: [3], 4: [4], 5: [5]}
COST: 21.263

-------------------

/ɣɫuxʲˈi/ - /ɦlˈuxiː/
ɣ-ɦ / ɫ-l / u-u / xʲ-x / i-iː / ˈ-∅
{0: [0], 1: [1], 2: [2], 3: [3], 4: [4], 5: [5]}
{0: [0], 1: [1], 2: [2], 3: [3], 4: [4], 5: None}
COST: 24.175

-------------------

/ɣɫˈad̥ʲkʲi/ - /ɦlˈad̥kiː/
ɣ-ɦ / ɫ-l / a_ˈ-a / ∅-d̥ / d̥ʲ-∅ / kʲ-k / i-iː
{0: [0], 1: [1], 2: [2, 3], 3: None, 4: [4], 5: [5], 6: [6]}
{0: [0], 1: [1], 2: [2], 3: [3], 4: None, 5: [4], 6: [5]}
COST: 10.54

-------------------

/ɣʌɫavˈa/ - /ɦlˈava/
ɣ-ɦ / ʌ-∅ / ɫ-l / a-a / v-v / a_ˈ-a
{0: [0], 1: [1], 2: [2], 3: [3], 4: [4], 5: [5, 6]}
{0: [0], 1: None, 2: [1], 3: [2], 4: [3], 5: [4]}
COST: 16.195

-------------------

/ɣˈorad̥/ - /ɦrˈaːd̥/
ɣ_o-ɦ / ˈ-∅ / r-r / a-aː / d̥-d̥
{0: [0, 1], 1: [2], 2: [3], 3: [4], 4: [5]}
{0: [0], 1: None, 2: [1], 3: [2], 4: [3]}
COST: 14.025

-------------------

/ɣˈoɫas/ - /ɦlˈas/
ɣ_o-ɦ / ˈ-∅ / ɫ-l / a-a / s_#>-s_#>
{0: [0, 1], 1: [2], 2: [3], 3: [4], 4: [5]}
{0: [0], 1: None, 2: [1], 3: [2], 4: [3]}
COST: 13.335

-------------------

/ɣˈoɫub̥/ - /ɦˈolub̥/
ɣ-ɦ / o-o / ˈ-∅ / ɫ-l / u-u / b̥-b̥
{0: [0], 1: [1], 2: [2], 3: [3], 4: [4], 5: [5]}
{0: [0], 1: [1], 2: None, 3: [2], 4: [3], 5: [4]}
COST: 20.104

-------------------

/ɣˈusʲ/ - /ɦˈusa/
ɣ-ɦ / u-u / ˈ-∅ / sʲ-s / ∅-a
{0: [0], 1: [1], 2: [2], 3: [3], 4: None}
{0: [0], 1: [1], 2: None, 3: [2], 4: [3]}
COST: 9.255

-------------------

/ɫˈokaʦʲ/ - /lˈokɛt/
ɫ-l / o-o / ˈ-∅ / k-k / a-ɛ / ʦʲ-t
{0: [0], 1: [1], 2: [2], 3: [3], 4: [4], 5: [5]}
{0: [0], 1: [1], 2: None, 3: [2], 4: [3], 5: [4]}
COST: 18.336

-------------------

/ʂˈɛsʲʦʲ/ - /ʃˈɛst/
∅-ʃ / ʂ-∅ / ɛ-ɛ / ˈ-∅ / sʲ-s / ʦʲ-t
{0: None, 1: [0], 2: [1], 3: [2], 4: [3], 5: [4]}
{0: [0], 1: None, 2: [1], 3: None, 4: [2], 5: [3]}
COST: 2.658

-------------------

/ʃʧˈasʲʦʲe/ - /ʃcˈɛsciː/
∅-ʃ / ∅-c / ʃ-∅ / ʧ_a-ɛ / ˈ-∅ / sʲ-s / ʦʲ-c / e-iː
{0: None, 1: None, 2: [0], 3: [1, 2], 4: [3], 5: [4], 6: [5], 7: [6]}
{0: [0], 1: [1], 2: None, 3: [2], 4: None, 5: [3], 6: [4], 7: [5]}
COST: -5.334

-------------------

/ʐalʲˈeza/ - /ʒˈɛlɛzo/
ʐ-ʒ / a-ɛ / lʲ-l / e-ɛ / ˈ-∅ / z-z / a_#>-o_#>
{0: [0], 1: [1], 2: [2], 3: [3], 4: [4], 5: [5], 6: [6]}
{0: [0], 1: [1], 2: [2], 3: [3], 4: None, 5: [4], 6: [5]}
COST: 27.128

-------------------

/ʐɨnˈa/ - /ʒˈɛna/
ʐ-ʒ / ∅-ɛ / ɨ-∅ / n-n / a_ˈ-a
{0: [0], 1: None, 2: [1], 3: [2], 4: [3, 4]}
{0: [0], 1: [1], 2: None, 3: [2], 4: [3]}
COST: 8.216

-------------------

/ʐɨvˈɨ/ - /ʒˈɪviː/
ʐ-ʒ / ɨ-ɪ / v-v / ɨ-iː / ˈ-∅
{0: [0], 1: [1], 2: [2], 3: [3], 4: [4]}
{0: [0], 1: [1], 2: [2], 3: [3], 4: None}
COST: 20.061

-------------------

/ʐˈowtɨ/ - /ʒlˈutiː/
ʐ-ʒ / o-l_u / ˈ-∅ / w-∅ / t_ɨ-t_iː
{0: [0], 1: [1], 2: [2], 3: [3], 4: [4, 5]}
{0: [0], 1: [1, 2], 2: None, 3: None, 4: [3, 4]}
COST: 14.191

-------------------

/ʐˈɨʦʲ/ - /ʒˈiːt/
ʐ-ʒ / ɨ-iː / ˈ-∅ / ʦʲ-t
{0: [0], 1: [1], 2: [2], 3: [3]}
{0: [0], 1: [1], 2: None, 3: [2]}
COST: 15.4

-------------------

/ʣʲˈenʲ/ - /dˈɛn/
ʣʲ-d / e-ɛ / ˈ-∅ / nʲ_#>-n_#>
{0: [0], 1: [1], 2: [2], 3: [3]}
{0: [0], 1: [1], 2: None, 3: [2]}
COST: 12.306

-------------------

/ʣʲˈerava/ - /dr̝ˈɛvo/
ʣʲ-d / e-∅ / ˈ-∅ / r_a-r̝_ɛ / v-v / a_#>-o_#>
{0: [0], 1: [1], 2: [2], 3: [3, 4], 4: [5], 5: [6]}
{0: [0], 1: None, 2: None, 3: [1, 2], 4: [3], 5: [4]}
COST: 16.05

-------------------

/ʣʲˈesʲæʦʲ/ - /dˈɛsɛt/
ʣʲ-d / e-ɛ / ˈ-∅ / sʲ-s / æ-ɛ / ʦʲ-t
{0: [0], 1: [1], 2: [2], 3: [3], 4: [4], 5: [5]}
{0: [0], 1: [1], 2: None, 3: [2], 4: [3], 5: [4]}
COST: 17.851

-------------------

/ʣʲˈevʲæʦʲ/ - /dˈɛvjɛt/
ʣʲ-d / e-ɛ / ˈ-∅ / vʲ-v / æ-j / ʦʲ-ɛ_t
{0: [0], 1: [1], 2: [2], 3: [3], 4: [4], 5: [5]}
{0: [0], 1: [1], 2: None, 3: [2], 4: [3], 5: [4, 5]}
COST: 15.619

-------------------

/ʦanˈa/ - /ʦˈɛna/
ʦ_a-ʦ_ɛ / n-n / a_ˈ-a
{0: [0, 1], 1: [2], 2: [3, 4]}
{0: [0, 1], 1: [2], 2: [3]}
COST: 20.347

-------------------

/ʦʲvʲˈɵrdɨ/ - /tvˈr̩diː/
<#_ʦʲ-<#_t / vʲ-v / ɵ_ˈ-r̩ / r-∅ / d-d / ɨ-iː
{0: [0], 1: [1], 2: [2, 3], 3: [4], 4: [5], 5: [6]}
{0: [0], 1: [1], 2: [2], 3: None, 4: [3], 5: [4]}
COST: 20.861

-------------------

/ʦʲælʲˈæ/ - /tˈɛlɛ/
<#_ʦʲ-<#_t / æ-ɛ / lʲ-l / æ-ɛ / ˈ-∅
{0: [0], 1: [1], 2: [2], 3: [3], 4: [4]}
{0: [0], 1: [1], 2: [2], 3: [3], 4: None}
COST: 15.149

-------------------

/ʦʲˈeɫa/ - /cˈɛlo/
ʦʲ-c / e-ɛ / ˈ-∅ / ɫ-l / a_#>-o_#>
{0: [0], 1: [1], 2: [2], 3: [3], 4: [4]}
{0: [0], 1: [1], 2: None, 3: [2], 4: [3]}
COST: 15.156

-------------------

/ʦʲˈixʲi/ - /cˈɪxiː/
ʦʲ-c / i_ˈ-ɪ / xʲ-x / i-iː
{0: [0], 1: [1, 2], 2: [3], 3: [4]}
{0: [0], 1: [1], 2: [2], 3: [3]}
COST: 17.972

-------------------

/ʦʲˈæʐ̊kʲi/ - /cˈɛʒ̊kiː/
ʦʲ-c / æ-ɛ / ˈ-∅ / ʐ̊-ʒ̊ / kʲ-k / i-iː
{0: [0], 1: [1], 2: [2], 3: [3], 4: [4], 5: [5]}
{0: [0], 1: [1], 2: None, 3: [2], 4: [3], 5: [4]}
COST: 15.52

-------------------

/ʦʲˈɵpɫɨ/ - /tˈɛpliː/
<#_ʦʲ-<#_t / ɵ-ɛ / ˈ-∅ / p-p / ɫ-l / ɨ-iː
{0: [0], 1: [1], 2: [2], 3: [3], 4: [4], 5: [5]}
{0: [0], 1: [1], 2: None, 3: [2], 4: [3], 5: [4]}
COST: 23.217

-------------------

/ʦˈɛɫɨ/ - /ʦˈɛliː/
ʦ-ʦ / ɛ-ɛ / ˈ-∅ / ɫ-l / ɨ-iː
{0: [0], 1: [1], 2: [2], 3: [3], 4: [4]}
{0: [0], 1: [1], 2: None, 3: [2], 4: [3]}
COST: 19.883

-------------------

/ʧatˈɨrɨ/ - /ʧtˈɪr̝ɪ/
ʧ_a-ʧ / t-t / ɨ_ˈ-ɪ / r-r̝ / ɨ-ɪ
{0: [0, 1], 1: [2], 2: [3, 4], 3: [5], 4: [6]}
{0: [0], 1: [1], 2: [2], 3: [3], 4: [4]}
COST: 24.912

-------------------

/ʧʌɫavʲˈek/ - /ʧlˈovjɛk/
ʧ-ʧ / ʌ-∅ / ɫ-l / a-o / vʲ-v_j / e-ɛ / ˈ-∅ / k-k
{0: [0], 1: [1], 2: [2], 3: [3], 4: [4], 5: [5], 6: [6], 7: [7]}
{0: [0], 1: None, 2: [1], 3: [2], 4: [3, 4], 5: [5], 6: None, 7: [6]}
COST: 19.885

-------------------

/ʧˈornɨ/ - /ʧˈɛrniː/
ʧ-ʧ / o_ˈ-ɛ / r-r / n-n / ɨ-iː
{0: [0], 1: [1, 2], 2: [3], 3: [4], 4: [5]}
{0: [0], 1: [1], 2: [2], 3: [3], 4: [4]}
COST: 25.905
