/blˈed/ - /blˈed/
b-b / l-l / ˈe-ˈe / d-d
{0: [0], 1: [1], 2: [2], 3: [3]}
{0: [0], 1: [1], 2: [2], 3: [3]}
SCORE: 2.271

-------------------

/blˈid/ - /blˈid/
b-b / l-l / ˈi-ˈi / d-d
{0: [0], 1: [1], 2: [2], 3: [3]}
{0: [0], 1: [1], 2: [2], 3: [3]}
SCORE: 1.507

-------------------

/blˈød/ - /blˈød/
b-b / l-l / ˈø-ˈø / d-d
{0: [0], 1: [1], 2: [2], 3: [3]}
{0: [0], 1: [1], 2: [2], 3: [3]}
SCORE: 3.227

-------------------

/blˈøm/ - /blˈøm/
b-b / l-l / ˈø-ˈø / m-m
{0: [0], 1: [1], 2: [2], 3: [3]}
{0: [0], 1: [1], 2: [2], 3: [3]}
SCORE: 4.341

-------------------

/brˈed/ - /brˈed/
b-b / r-r / ˈe-ˈe / d-d
{0: [0], 1: [1], 2: [2], 3: [3]}
{0: [0], 1: [1], 2: [2], 3: [3]}
SCORE: 1.463

-------------------

/brˈist/ - /brˈist/
b-b / r-r / ˈi-ˈi / s-s / t-t
{0: [0], 1: [1], 2: [2], 3: [3], 4: [4]}
{0: [0], 1: [1], 2: [2], 3: [3], 4: [4]}
SCORE: 5.574

-------------------

/brˈuː/ - /brˈuː/
b-b / r-r / ˈuː-ˈuː
{0: [0], 1: [1], 2: [2]}
{0: [0], 1: [1], 2: [2]}
SCORE: -1.826

-------------------

/brˈɪðər/ - /brˈɪðər/
b-b / r-r / ˈɪ-ˈɪ / ð-ð / ə-ə / r-r
{0: [0], 1: [1], 2: [2], 3: [3], 4: [4], 5: [5]}
{0: [0], 1: [1], 2: [2], 3: [3], 4: [4], 5: [5]}
SCORE: 12.599

-------------------

/brˈɪɡ/ - /brˈɪɡ/
b-b / r-r / ˈɪ-ˈɪ / ɡ-ɡ
{0: [0], 1: [1], 2: [2], 3: [3]}
{0: [0], 1: [1], 2: [2], 3: [3]}
SCORE: 2.182

-------------------

/bˈaθ/ - /bˈaθ/
b-b / ˈa-ˈa / θ-θ
{0: [0], 1: [1], 2: [2]}
{0: [0], 1: [1], 2: [2]}
SCORE: -0.858

-------------------

/bˈen/ - /bˈen/
b-b / ˈe-ˈe / n-n
{0: [0], 1: [1], 2: [2]}
{0: [0], 1: [1], 2: [2]}
SCORE: -3.043

-------------------

/bˈeːr/ - /bˈeːr/
b-b / ˈeː-ˈeː / r-r
{0: [0], 1: [1], 2: [2]}
{0: [0], 1: [1], 2: [2]}
SCORE: -3.397

-------------------

/bˈeːrn/ - /bˈeːrn/
b-b / ˈeː-ˈeː / r_n-r_n
{0: [0], 1: [1], 2: [2, 3]}
{0: [0], 1: [1], 2: [2, 3]}
SCORE: 1.809

-------------------

/bˈiː/ - /bˈiː/
b-b / ˈiː-ˈiː
{0: [0], 1: [1]}
{0: [0], 1: [1]}
SCORE: -8.042

-------------------

/bˈoːt/ - /bˈoːt/
b-b / ˈoː-ˈoː / t-t
{0: [0], 1: [1], 2: [2]}
{0: [0], 1: [1], 2: [2]}
SCORE: 0.1

-------------------

/bˈøk/ - /bˈøk/
b-b / ˈø-ˈø / k-k
{0: [0], 1: [1], 2: [2]}
{0: [0], 1: [1], 2: [2]}
SCORE: -0.419

-------------------

/bˈəi̯t/ - /bˈəi̯t/
b-b / ˈəi̯-ˈəi̯ / t-t
{0: [0], 1: [1], 2: [2]}
{0: [0], 1: [1], 2: [2]}
SCORE: -1.989

-------------------

/bˈɛri/ - /bˈɛri/
b-b / ˈɛ-ˈɛ / r-r / i-i
{0: [0], 1: [1], 2: [2], 3: [3]}
{0: [0], 1: [1], 2: [2], 3: [3]}
SCORE: 4.796

-------------------

/bˈɛtər/ - /bˈɛtər/
b-b / ˈɛ-ˈɛ / t-t / ə-ə / r-r
{0: [0], 1: [1], 2: [2], 3: [3], 4: [4]}
{0: [0], 1: [1], 2: [2], 3: [3], 4: [4]}
SCORE: 6.932

-------------------

/bˈɪd/ - /bˈɪd/
b-b / ˈɪ-ˈɪ / d-d
{0: [0], 1: [1], 2: [2]}
{0: [0], 1: [1], 2: [2]}
SCORE: -3.959

-------------------

/bˈɪnd/ - /bˈɪnd/
b-b / ˈɪ-ˈɪ / n-n / d-d
{0: [0], 1: [1], 2: [2], 3: [3]}
{0: [0], 1: [1], 2: [2], 3: [3]}
SCORE: 0.608

-------------------

/bˈʌrə/ - /bˈʌrə/
b-b / ˈʌ-ˈʌ / r-r / ə-ə
{0: [0], 1: [1], 2: [2], 3: [3]}
{0: [0], 1: [1], 2: [2], 3: [3]}
SCORE: 2.693

-------------------

/drˈaɪ̯/ - /drˈaɪ̯/
d-d / r-r / ˈaɪ̯-ˈaɪ̯
{0: [0], 1: [1], 2: [2]}
{0: [0], 1: [1], 2: [2]}
SCORE: -1.892

-------------------

/drˈaɪ̯v/ - /drˈaɪ̯v/
d-d / r-r / ˈaɪ̯-ˈaɪ̯ / v-v
{0: [0], 1: [1], 2: [2], 3: [3]}
{0: [0], 1: [1], 2: [2], 3: [3]}
SCORE: 6.23

-------------------

/drˈiːm/ - /drˈiːm/
d-d / r-r / ˈiː-ˈiː / m-m
{0: [0], 1: [1], 2: [2], 3: [3]}
{0: [0], 1: [1], 2: [2], 3: [3]}
SCORE: 0.971

-------------------

/drˈɔɪ̯ç/ - /drˈɔɪ̯ç/
d-d / r-r / ˈɔɪ̯-ˈɔɪ̯ / ç-ç
{0: [0], 1: [1], 2: [2], 3: [3]}
{0: [0], 1: [1], 2: [2], 3: [3]}
SCORE: 3.626

-------------------

/drˈɪŋk/ - /drˈɪŋk/
d-d / r-r / ˈɪ-ˈɪ / ŋ-ŋ / k-k
{0: [0], 1: [1], 2: [2], 3: [3], 4: [4]}
{0: [0], 1: [1], 2: [2], 3: [3], 4: [4]}
SCORE: 7.446

-------------------

/dˈed/ - /dˈed/
d-d / ˈe-ˈe / d-d
{0: [0], 1: [1], 2: [2]}
{0: [0], 1: [1], 2: [2]}
SCORE: -3.861

-------------------

/dˈedlɪ/ - /dˈedlɪ/
d-d / ˈe-ˈe / d_l-d_l / ɪ-ɪ
{0: [0], 1: [1], 2: [2, 3], 3: [4]}
{0: [0], 1: [1], 2: [2, 3], 3: [4]}
SCORE: 11.879

-------------------

/dˈex/ - /dˈex/
d-d / ˈe-ˈe / x-x
{0: [0], 1: [1], 2: [2]}
{0: [0], 1: [1], 2: [2]}
SCORE: -0.416

-------------------

/dˈeː/ - /dˈeː/
d-d / ˈeː-ˈeː
{0: [0], 1: [1]}
{0: [0], 1: [1]}
SCORE: -8.722

-------------------

/dˈeːθ/ - /dˈeːθ/
d-d / ˈeː-ˈeː / θ-θ
{0: [0], 1: [1], 2: [2]}
{0: [0], 1: [1], 2: [2]}
SCORE: -2.331

-------------------

/dˈip/ - /dˈip/
d-d / ˈi-ˈi / p-p
{0: [0], 1: [1], 2: [2]}
{0: [0], 1: [1], 2: [2]}
SCORE: -2.464

-------------------

/dˈiːr/ - /dˈiːr/
d-d / ˈiː-ˈiː / r-r
{0: [0], 1: [1], 2: [2]}
{0: [0], 1: [1], 2: [2]}
SCORE: -5.065

-------------------

/dˈoxtər/ - /dˈoxtər/
d-d / ˈo-ˈo / x-x / t-t / ə-ə / r-r
{0: [0], 1: [1], 2: [2], 3: [3], 4: [4], 5: [5]}
{0: [0], 1: [1], 2: [2], 3: [3], 4: [4], 5: [5]}
SCORE: 15.01

-------------------

/dˈuː/ - /dˈuː/
d-d / ˈuː-ˈuː
{0: [0], 1: [1]}
{0: [0], 1: [1]}
SCORE: -7.15

-------------------

/fjˈu/ - /fjˈu/
f-f / j-j / ˈu-ˈu
{0: [0], 1: [1], 2: [2]}
{0: [0], 1: [1], 2: [2]}
SCORE: -0.343

-------------------

/flˈiː/ - /flˈiː/
f-f / l-l / ˈiː-ˈiː
{0: [0], 1: [1], 2: [2]}
{0: [0], 1: [1], 2: [2]}
SCORE: -3.723

-------------------

/flˈɛʃ/ - /flˈɛʃ/
f-f / l-l / ˈɛ-ˈɛ / ʃ-ʃ
{0: [0], 1: [1], 2: [2], 3: [3]}
{0: [0], 1: [1], 2: [2], 3: [3]}
SCORE: 3.555

-------------------

/frˈind/ - /frˈind/
f-f / r-r / ˈi-ˈi / n-n / d-d
{0: [0], 1: [1], 2: [2], 3: [3], 4: [4]}
{0: [0], 1: [1], 2: [2], 3: [3], 4: [4]}
SCORE: 4.628

-------------------

/frˈiː/ - /frˈiː/
f-f / r-r / ˈiː-ˈiː
{0: [0], 1: [1], 2: [2]}
{0: [0], 1: [1], 2: [2]}
SCORE: -4.53

-------------------

/frˈiːz/ - /frˈiːz/
f-f / r-r / ˈiː-ˈiː / z-z
{0: [0], 1: [1], 2: [2], 3: [3]}
{0: [0], 1: [1], 2: [2], 3: [3]}
SCORE: 4.171

-------------------

/frˈɛʃ/ - /frˈɛʃ/
f-f / r-r / ˈɛ-ˈɛ / ʃ-ʃ
{0: [0], 1: [1], 2: [2], 3: [3]}
{0: [0], 1: [1], 2: [2], 3: [3]}
SCORE: 2.748

-------------------

/fˈaːɪ̯v/ - /fˈaːɪ̯v/
f-f / ˈaːɪ̯-ˈaːɪ̯ / v-v
{0: [0], 1: [1], 2: [2]}
{0: [0], 1: [1], 2: [2]}
SCORE: 3.809

-------------------

/fˈeːðər/ - /fˈeːðər/
f-f / ˈeː-ˈeː / ð-ð / ə-ə / r-r
{0: [0], 1: [1], 2: [2], 3: [3], 4: [4]}
{0: [0], 1: [1], 2: [2], 3: [3], 4: [4]}
SCORE: 9.142

-------------------

/fˈil/ - /fˈil/
f-f / ˈi-ˈi / l-l
{0: [0], 1: [1], 2: [2]}
{0: [0], 1: [1], 2: [2]}
SCORE: -4.055

-------------------

/fˈit/ - /fˈit/
f-f / ˈi-ˈi / t-t
{0: [0], 1: [1], 2: [2]}
{0: [0], 1: [1], 2: [2]}
SCORE: -4.044

-------------------

/fˈoks/ - /fˈoks/
f-f / ˈo-ˈo / k-k / s-s
{0: [0], 1: [1], 2: [2], 3: [3]}
{0: [0], 1: [1], 2: [2], 3: [3]}
SCORE: 3.585

-------------------

/fˈolə/ - /fˈolə/
f-f / ˈo-ˈo / l-l / ə-ə
{0: [0], 1: [1], 2: [2], 3: [3]}
{0: [0], 1: [1], 2: [2], 3: [3]}
SCORE: 3.015

-------------------

/fˈor/ - /fˈor/
f-f / ˈo-ˈo / r-r
{0: [0], 1: [1], 2: [2]}
{0: [0], 1: [1], 2: [2]}
SCORE: -3.326

-------------------

/fˈul/ - /fˈul/
f-f / ˈu-ˈu / l-l
{0: [0], 1: [1], 2: [2]}
{0: [0], 1: [1], 2: [2]}
SCORE: -2.979

-------------------

/fˈuː/ - /fˈuː/
f-f / ˈuː-ˈuː
{0: [0], 1: [1]}
{0: [0], 1: [1]}
SCORE: -6.616

-------------------

/fˈəi̯ər/ - /fˈəi̯ər/
f-f / ˈəi̯-ˈəi̯ / ə-ə / r-r
{0: [0], 1: [1], 2: [2], 3: [3]}
{0: [0], 1: [1], 2: [2], 3: [3]}
SCORE: 2.088

-------------------

/fˈɛst/ - /fˈɛst/
f-f / ˈɛ-ˈɛ / s-s / t-t
{0: [0], 1: [1], 2: [2], 3: [3]}
{0: [0], 1: [1], 2: [2], 3: [3]}
SCORE: 1.437

-------------------

/fˈɛðər/ - /fˈɛðər/
f-f / ˈɛ-ˈɛ / ð-ð / ə-ə / r-r
{0: [0], 1: [1], 2: [2], 3: [3], 4: [4]}
{0: [0], 1: [1], 2: [2], 3: [3], 4: [4]}
SCORE: 8.968

-------------------

/fˈɪnd/ - /fˈɪnd/
f-f / ˈɪ-ˈɪ / n-n / d-d
{0: [0], 1: [1], 2: [2], 3: [3]}
{0: [0], 1: [1], 2: [2], 3: [3]}
SCORE: -0.03

-------------------

/fˈɪt/ - /fˈɪt/
f-f / ˈɪ-ˈɪ / t-t
{0: [0], 1: [1], 2: [2]}
{0: [0], 1: [1], 2: [2]}
SCORE: -4.551

-------------------

/fˈɪŋər/ - /fˈɪŋər/
f-f / ˈɪ-ˈɪ / ŋ-ŋ / ə-ə / r-r
{0: [0], 1: [1], 2: [2], 3: [3], 4: [4]}
{0: [0], 1: [1], 2: [2], 3: [3], 4: [4]}
SCORE: 7.281

-------------------

/fˈɪʃ/ - /fˈɪʃ/
f-f / ˈɪ-ˈɪ / ʃ-ʃ
{0: [0], 1: [1], 2: [2]}
{0: [0], 1: [1], 2: [2]}
SCORE: -2.562

-------------------

/fˈʌu̯k/ - /fˈʌu̯k/
f-f / ˈʌu̯-ˈʌu̯ / k-k
{0: [0], 1: [1], 2: [2]}
{0: [0], 1: [1], 2: [2]}
SCORE: 0.198

-------------------

/fˈʌu̯ər/ - /fˈʌu̯ər/
f-f / ˈʌu̯-ˈʌu̯ / ə-ə / r-r
{0: [0], 1: [1], 2: [2], 3: [3]}
{0: [0], 1: [1], 2: [2], 3: [3]}
SCORE: 3.648

-------------------

/hˈem/ - /hˈem/
h-h / ˈe-ˈe / m-m
{0: [0], 1: [1], 2: [2]}
{0: [0], 1: [1], 2: [2]}
SCORE: -1.679

-------------------

/hˈet/ - /hˈet/
h-h / ˈe-ˈe / t-t
{0: [0], 1: [1], 2: [2]}
{0: [0], 1: [1], 2: [2]}
SCORE: -2.746

-------------------

/hˈeː/ - /hˈeː/
h-h / ˈeː-ˈeː
{0: [0], 1: [1]}
{0: [0], 1: [1]}
SCORE: -7.653

-------------------

/hˈeːr/ - /hˈeːr/
h-h / ˈeː-ˈeː / r-r
{0: [0], 1: [1], 2: [2]}
{0: [0], 1: [1], 2: [2]}
SCORE: -3.502

-------------------

/hˈid/ - /hˈid/
h-h / ˈi-ˈi / d-d
{0: [0], 1: [1], 2: [2]}
{0: [0], 1: [1], 2: [2]}
SCORE: -3.557

-------------------

/hˈiç/ - /hˈiç/
h-h / ˈi-ˈi / ç-ç
{0: [0], 1: [1], 2: [2]}
{0: [0], 1: [1], 2: [2]}
SCORE: -0.747

-------------------

/hˈiːr/ - /hˈiːr/
h-h / ˈiː-ˈiː / r-r
{0: [0], 1: [1], 2: [2]}
{0: [0], 1: [1], 2: [2]}
SCORE: -3.996

-------------------

/hˈorn/ - /hˈorn/
h-h / ˈo-ˈo / r_n-r_n
{0: [0], 1: [1], 2: [2, 3]}
{0: [0], 1: [1], 2: [2, 3]}
SCORE: 2.414

-------------------

/hˈors/ - /hˈors/
h-h / ˈo-ˈo / r-r / s-s
{0: [0], 1: [1], 2: [2], 3: [3]}
{0: [0], 1: [1], 2: [2], 3: [3]}
SCORE: 2.035

-------------------

/hˈund/ - /hˈund/
h-h / ˈu-ˈu / n-n / d-d
{0: [0], 1: [1], 2: [2], 3: [3]}
{0: [0], 1: [1], 2: [2], 3: [3]}
SCORE: 2.087

-------------------

/hˈus/ - /hˈus/
h-h / ˈu-ˈu / s-s
{0: [0], 1: [1], 2: [2]}
{0: [0], 1: [1], 2: [2]}
SCORE: -2.575

-------------------

/hˈɑːf/ - /hˈɑːf/
h-h / ˈɑː-ˈɑː / f-f
{0: [0], 1: [1], 2: [2]}
{0: [0], 1: [1], 2: [2]}
SCORE: -1.904

-------------------

/hˈɑːnd/ - /hˈɑːnd/
h-h / ˈɑː-ˈɑː / n-n / d-d
{0: [0], 1: [1], 2: [2], 3: [3]}
{0: [0], 1: [1], 2: [2], 3: [3]}
SCORE: 2.129

-------------------

/hˈəi̯d/ - /hˈəi̯d/
h-h / ˈəi̯-ˈəi̯ / d-d
{0: [0], 1: [1], 2: [2]}
{0: [0], 1: [1], 2: [2]}
SCORE: -2.141

-------------------

/hˈɛli/ - /hˈɛli/
h-h / ˈɛ-ˈɛ / l-l / i-i
{0: [0], 1: [1], 2: [2], 3: [3]}
{0: [0], 1: [1], 2: [2], 3: [3]}
SCORE: 5.499

-------------------

/hˈɛlp/ - /hˈɛlp/
h-h / ˈɛ-ˈɛ / l-l / p-p
{0: [0], 1: [1], 2: [2], 3: [3]}
{0: [0], 1: [1], 2: [2], 3: [3]}
SCORE: 4.215

-------------------

/hˈɛn/ - /hˈɛn/
h-h / ˈɛ-ˈɛ / n-n
{0: [0], 1: [1], 2: [2]}
{0: [0], 1: [1], 2: [2]}
SCORE: -3.26

-------------------

/hˈɛrt/ - /hˈɛrt/
h-h / ˈɛ-ˈɛ / r-r / t-t
{0: [0], 1: [1], 2: [2], 3: [3]}
{0: [0], 1: [1], 2: [2], 3: [3]}
SCORE: 1.293

-------------------

/hˈɪne/ - /hˈɪne/
h-h / ˈɪ-ˈɪ / n-n / e-e
{0: [0], 1: [1], 2: [2], 3: [3]}
{0: [0], 1: [1], 2: [2], 3: [3]}
SCORE: 2.397

-------------------

/hˈʌndər/ - /hˈʌndər/
h-h / ˈʌ-ˈʌ / n-n / d-d / ə-ə / r-r
{0: [0], 1: [1], 2: [2], 3: [3], 4: [4], 5: [5]}
{0: [0], 1: [1], 2: [2], 3: [3], 4: [4], 5: [5]}
SCORE: 12.078

-------------------

/hˈʌŋər/ - /hˈʌŋər/
h-h / ˈʌ-ˈʌ / ŋ-ŋ / ə-ə / r-r
{0: [0], 1: [1], 2: [2], 3: [3], 4: [4]}
{0: [0], 1: [1], 2: [2], 3: [3], 4: [4]}
SCORE: 9.704

-------------------

/jˈeːrn/ - /jˈeːrn/
j-j / ˈeː-ˈeː / r_n-r_n
{0: [0], 1: [1], 2: [2, 3]}
{0: [0], 1: [1], 2: [2, 3]}
SCORE: 3.307

-------------------

/jˈiː/ - /jˈiː/
j-j / ˈiː-ˈiː
{0: [0], 1: [1]}
{0: [0], 1: [1]}
SCORE: -6.545

-------------------

/jˈiːr/ - /jˈiːr/
j-j / ˈiː-ˈiː / r-r
{0: [0], 1: [1], 2: [2]}
{0: [0], 1: [1], 2: [2]}
SCORE: -2.394

-------------------

/jˈɛlə/ - /jˈɛlə/
j-j / ˈɛ-ˈɛ / l-l / ə-ə
{0: [0], 1: [1], 2: [2], 3: [3]}
{0: [0], 1: [1], 2: [2], 3: [3]}
SCORE: 4.267

-------------------

/jˈɪrd/ - /jˈɪrd/
j-j / ˈɪ-ˈɪ / r-r / d-d
{0: [0], 1: [1], 2: [2], 3: [3]}
{0: [0], 1: [1], 2: [2], 3: [3]}
SCORE: 1.689

-------------------

/jˈʌŋ/ - /jˈʌŋ/
j-j / ˈʌ-ˈʌ / ŋ-ŋ
{0: [0], 1: [1], 2: [2]}
{0: [0], 1: [1], 2: [2]}
SCORE: 1.622

-------------------

/knˈiː/ - /knˈiː/
k-k / n-n / ˈiː-ˈiː
{0: [0], 1: [1], 2: [2]}
{0: [0], 1: [1], 2: [2]}
SCORE: -3.337

-------------------

/kʰnˈot/ - /kʰnˈot/
kʰ-kʰ / n-n / ˈo-ˈo / t-t
{0: [0], 1: [1], 2: [2], 3: [3]}
{0: [0], 1: [1], 2: [2], 3: [3]}
SCORE: 3.56

-------------------

/kʰwˈin/ - /kʰwˈin/
kʰ-kʰ / w-w / ˈi-ˈi / n-n
{0: [0], 1: [1], 2: [2], 3: [3]}
{0: [0], 1: [1], 2: [2], 3: [3]}
SCORE: 2.825

-------------------

/kʰˈan/ - /kʰˈan/
kʰ-kʰ / ˈa-ˈa / n-n
{0: [0], 1: [1], 2: [2]}
{0: [0], 1: [1], 2: [2]}
SCORE: -1.82

-------------------

/kʰˈat/ - /kʰˈat/
kʰ-kʰ / ˈa-ˈa / t-t
{0: [0], 1: [1], 2: [2]}
{0: [0], 1: [1], 2: [2]}
SCORE: -1.418

-------------------

/kʰˈiŋ/ - /kʰˈiŋ/
kʰ-kʰ / ˈi-ˈi / ŋ-ŋ
{0: [0], 1: [1], 2: [2]}
{0: [0], 1: [1], 2: [2]}
SCORE: -0.397

-------------------

/kʰˈorn/ - /kʰˈorn/
kʰ-kʰ / ˈo-ˈo / r_n-r_n
{0: [0], 1: [1], 2: [2, 3]}
{0: [0], 1: [1], 2: [2, 3]}
SCORE: 3.381

-------------------

/kʰˈuː/ - /kʰˈuː/
kʰ-kʰ / ˈuː-ˈuː
{0: [0], 1: [1]}
{0: [0], 1: [1]}
SCORE: -5.115

-------------------

/kʰˈɑːf/ - /kʰˈɑːf/
kʰ-kʰ / ˈɑː-ˈɑː / f-f
{0: [0], 1: [1], 2: [2]}
{0: [0], 1: [1], 2: [2]}
SCORE: -0.937

-------------------

/kʰˈɑːld/ - /kʰˈɑːld/
kʰ-kʰ / ˈɑː-ˈɑː / l-l / d-d
{0: [0], 1: [1], 2: [2], 3: [3]}
{0: [0], 1: [1], 2: [2], 3: [3]}
SCORE: 3.486

-------------------

/kʰˈɛn/ - /kʰˈɛn/
kʰ-kʰ / ˈɛ-ˈɛ / n-n
{0: [0], 1: [1], 2: [2]}
{0: [0], 1: [1], 2: [2]}
SCORE: -2.293

-------------------

/kʰˈʌm/ - /kʰˈʌm/
kʰ-kʰ / ˈʌ-ˈʌ / m-m
{0: [0], 1: [1], 2: [2]}
{0: [0], 1: [1], 2: [2]}
SCORE: -0.094

-------------------

/kˈɪrk/ - /kˈɪrk/
k-k / ˈɪ-ˈɪ / r-r / k-k
{0: [0], 1: [1], 2: [2], 3: [3]}
{0: [0], 1: [1], 2: [2], 3: [3]}
SCORE: 1.643

-------------------

/lˈam/ - /lˈam/
l-l / ˈa-ˈa / m-m
{0: [0], 1: [1], 2: [2]}
{0: [0], 1: [1], 2: [2]}
SCORE: -2.351

-------------------

/lˈaŋ/ - /lˈaŋ/
l-l / ˈa-ˈa / ŋ-ŋ
{0: [0], 1: [1], 2: [2]}
{0: [0], 1: [1], 2: [2]}
SCORE: -1.271

-------------------

/lˈaɪ̯/ - /lˈaɪ̯/
l-l / ˈaɪ̯-ˈaɪ̯
{0: [0], 1: [1]}
{0: [0], 1: [1]}
SCORE: -6.008

-------------------

/lˈif/ - /lˈif/
l-l / ˈi-ˈi / f-f
{0: [0], 1: [1], 2: [2]}
{0: [0], 1: [1], 2: [2]}
SCORE: -4.055

-------------------

/lˈip/ - /lˈip/
l-l / ˈi-ˈi / p-p
{0: [0], 1: [1], 2: [2]}
{0: [0], 1: [1], 2: [2]}
SCORE: -2.429

-------------------

/lˈiː/ - /lˈiː/
l-l / ˈiː-ˈiː
{0: [0], 1: [1]}
{0: [0], 1: [1]}
SCORE: -9.18

-------------------

/lˈus/ - /lˈus/
l-l / ˈu-ˈu / s-s
{0: [0], 1: [1], 2: [2]}
{0: [0], 1: [1], 2: [2]}
SCORE: -3.608

-------------------

/lˈɑːnd/ - /lˈɑːnd/
l-l / ˈɑː-ˈɑː / n-n / d-d
{0: [0], 1: [1], 2: [2], 3: [3]}
{0: [0], 1: [1], 2: [2], 3: [3]}
SCORE: 1.096

-------------------

/lˈɑːx/ - /lˈɑːx/
l-l / ˈɑː-ˈɑː / x-x
{0: [0], 1: [1], 2: [2]}
{0: [0], 1: [1], 2: [2]}
SCORE: -0.027

-------------------

/lˈɪvər/ - /lˈɪvər/
l-l / ˈɪ-ˈɪ / v-v / ə-ə / r-r
{0: [0], 1: [1], 2: [2], 3: [3], 4: [4]}
{0: [0], 1: [1], 2: [2], 3: [3], 4: [4]}
SCORE: 7.787

-------------------

/lˈɪçt/ - /lˈɪçt/
l-l / ˈɪ-ˈɪ / ç-ç / t-t
{0: [0], 1: [1], 2: [2], 3: [3]}
{0: [0], 1: [1], 2: [2], 3: [3]}
SCORE: 2.682

-------------------

/mˈan/ - /mˈan/
m-m / ˈa-ˈa / n-n
{0: [0], 1: [1], 2: [2]}
{0: [0], 1: [1], 2: [2]}
SCORE: -2.742

-------------------

/mˈiː/ - /mˈiː/
m-m / ˈiː-ˈiː
{0: [0], 1: [1]}
{0: [0], 1: [1]}
SCORE: -8.102

-------------------

/mˈiːr/ - /mˈiːr/
m-m / ˈiː-ˈiː / r-r
{0: [0], 1: [1], 2: [2]}
{0: [0], 1: [1], 2: [2]}
SCORE: -3.951

-------------------

/mˈus/ - /mˈus/
m-m / ˈu-ˈu / s-s
{0: [0], 1: [1], 2: [2]}
{0: [0], 1: [1], 2: [2]}
SCORE: -2.53

-------------------

/mˈuθ/ - /mˈuθ/
m-m / ˈu-ˈu / θ-θ
{0: [0], 1: [1], 2: [2]}
{0: [0], 1: [1], 2: [2]}
SCORE: -0.967

-------------------

/mˈøn/ - /mˈøn/
m-m / ˈø-ˈø / n-n
{0: [0], 1: [1], 2: [2]}
{0: [0], 1: [1], 2: [2]}
SCORE: -2.146

-------------------

/mˈɑːxt/ - /mˈɑːxt/
m-m / ˈɑː-ˈɑː / x-x / t-t
{0: [0], 1: [1], 2: [2], 3: [3]}
{0: [0], 1: [1], 2: [2], 3: [3]}
SCORE: 6.021

-------------------

/mˈəi̯s/ - /mˈəi̯s/
m-m / ˈəi̯-ˈəi̯ / s-s
{0: [0], 1: [1], 2: [2]}
{0: [0], 1: [1], 2: [2]}
SCORE: -2.191

-------------------

/mˈɪlk/ - /mˈɪlk/
m-m / ˈɪ-ˈɪ / l-l / k-k
{0: [0], 1: [1], 2: [2], 3: [3]}
{0: [0], 1: [1], 2: [2], 3: [3]}
SCORE: 2.251

-------------------

/mˈɪðər/ - /mˈɪðər/
m-m / ˈɪ-ˈɪ / ð-ð / ə-ə / r-r
{0: [0], 1: [1], 2: [2], 3: [3], 4: [4]}
{0: [0], 1: [1], 2: [2], 3: [3], 4: [4]}
SCORE: 8.388

-------------------

/mˈʌnθ/ - /mˈʌnθ/
m-m / ˈʌ-ˈʌ / n-n / θ-θ
{0: [0], 1: [1], 2: [2], 3: [3]}
{0: [0], 1: [1], 2: [2], 3: [3]}
SCORE: 3.907

-------------------

/njˈuː/ - /njˈuː/
n-n / j-j / ˈuː-ˈuː
{0: [0], 1: [1], 2: [2]}
{0: [0], 1: [1], 2: [2]}
SCORE: 0.088

-------------------

/nˈekət/ - /nˈekət/
n-n / ˈe-ˈe / k-k / ə-ə / t-t
{0: [0], 1: [1], 2: [2], 3: [3], 4: [4]}
{0: [0], 1: [1], 2: [2], 3: [3], 4: [4]}
SCORE: 7.599

-------------------

/nˈel/ - /nˈel/
n-n / ˈe-ˈe / l-l
{0: [0], 1: [1], 2: [2]}
{0: [0], 1: [1], 2: [2]}
SCORE: -4.181

-------------------

/nˈem/ - /nˈem/
n-n / ˈe-ˈe / m-m
{0: [0], 1: [1], 2: [2]}
{0: [0], 1: [1], 2: [2]}
SCORE: -3.103

-------------------

/nˈidl̩/ - /nˈidl̩/
n-n / ˈi-ˈi / d_l-d_l
{0: [0], 1: [1], 2: [2, 3]}
{0: [0], 1: [1], 2: [2, 3]}
SCORE: 0.531

-------------------

/nˈist/ - /nˈist/
n-n / ˈi-ˈi / s-s / t-t
{0: [0], 1: [1], 2: [2], 3: [3]}
{0: [0], 1: [1], 2: [2], 3: [3]}
SCORE: -0.106

-------------------

/nˈorθ/ - /nˈorθ/
n-n / ˈo-ˈo / r-r / θ-θ
{0: [0], 1: [1], 2: [2], 3: [3]}
{0: [0], 1: [1], 2: [2], 3: [3]}
SCORE: 2.175

-------------------

/nˈoːz/ - /nˈoːz/
n-n / ˈoː-ˈoː / z-z
{0: [0], 1: [1], 2: [2]}
{0: [0], 1: [1], 2: [2]}
SCORE: 2.302

-------------------

/nˈəi̯n/ - /nˈəi̯n/
n-n / ˈəi̯-ˈəi̯ / n-n
{0: [0], 1: [1], 2: [2]}
{0: [0], 1: [1], 2: [2]}
SCORE: -3.92

-------------------

/nˈɪt/ - /nˈɪt/
n-n / ˈɪ-ˈɪ / t-t
{0: [0], 1: [1], 2: [2]}
{0: [0], 1: [1], 2: [2]}
SCORE: -5.441

-------------------

/nˈɪçt/ - /nˈɪçt/
n-n / ˈɪ-ˈɪ / ç-ç / t-t
{0: [0], 1: [1], 2: [2], 3: [3]}
{0: [0], 1: [1], 2: [2], 3: [3]}
SCORE: 2.291

-------------------

/pʰlˈux/ - /pʰlˈux/
pʰ-pʰ / l-l / ˈu-ˈu / x-x
{0: [0], 1: [1], 2: [2], 3: [3]}
{0: [0], 1: [1], 2: [2], 3: [3]}
SCORE: 8.771

-------------------

/pʰlˈɪçt/ - /pʰlˈɪçt/
pʰ-pʰ / l-l / ˈɪ-ˈɪ / ç-ç / t-t
{0: [0], 1: [1], 2: [2], 3: [3], 4: [4]}
{0: [0], 1: [1], 2: [2], 3: [3], 4: [4]}
SCORE: 11.521

-------------------

/pʰˈɛθ/ - /pʰˈɛθ/
pʰ-pʰ / ˈɛ-ˈɛ / θ-θ
{0: [0], 1: [1], 2: [2]}
{0: [0], 1: [1], 2: [2]}
SCORE: 1.412

-------------------

/rˈid/ - /rˈid/
r-r / ˈi-ˈi / d-d
{0: [0], 1: [1], 2: [2]}
{0: [0], 1: [1], 2: [2]}
SCORE: -5.397

-------------------

/rˈik/ - /rˈik/
r-r / ˈi-ˈi / k-k
{0: [0], 1: [1], 2: [2]}
{0: [0], 1: [1], 2: [2]}
SCORE: -4.085

-------------------

/rˈɛːn/ - /rˈɛːn/
r-r / ˈɛː-ˈɛː / n-n
{0: [0], 1: [1], 2: [2]}
{0: [0], 1: [1], 2: [2]}
SCORE: -1.053

-------------------

/rˈɪçt/ - /rˈɪçt/
r-r / ˈɪ-ˈɪ / ç-ç / t-t
{0: [0], 1: [1], 2: [2], 3: [3]}
{0: [0], 1: [1], 2: [2], 3: [3]}
SCORE: 1.875

-------------------

/rˈɪŋ/ - /rˈɪŋ/
r-r / ˈɪ-ˈɪ / ŋ-ŋ
{0: [0], 1: [1], 2: [2]}
{0: [0], 1: [1], 2: [2]}
SCORE: -3.711

-------------------

/rˈɪɡ/ - /rˈɪɡ/
r-r / ˈɪ-ˈɪ / ɡ-ɡ
{0: [0], 1: [1], 2: [2]}
{0: [0], 1: [1], 2: [2]}
SCORE: -3.915

-------------------

/rˈɪʧ/ - /rˈɪʧ/
r-r / ˈɪ-ˈɪ / ʧ-ʧ
{0: [0], 1: [1], 2: [2]}
{0: [0], 1: [1], 2: [2]}
SCORE: -1.988

-------------------

/slˈeː/ - /slˈeː/
s-s / l-l / ˈeː-ˈeː
{0: [0], 1: [1], 2: [2]}
{0: [0], 1: [1], 2: [2]}
SCORE: -3.858

-------------------

/slˈip/ - /slˈip/
s-s / l-l / ˈi-ˈi / p-p
{0: [0], 1: [1], 2: [2], 3: [3]}
{0: [0], 1: [1], 2: [2], 3: [3]}
SCORE: 2.399

-------------------

/snˈɑː/ - /snˈɑː/
s-s / n-n / ˈɑː-ˈɑː
{0: [0], 1: [1], 2: [2]}
{0: [0], 1: [1], 2: [2]}
SCORE: -3.957

-------------------

/stˈarn/ - /stˈarn/
s-s / t-t / ˈa-ˈa / r_n-r_n
{0: [0], 1: [1], 2: [2], 3: [3, 4]}
{0: [0], 1: [1], 2: [2], 3: [3, 4]}
SCORE: 5.81

-------------------

/stˈen/ - /stˈen/
s-s / t-t / ˈe-ˈe / n-n
{0: [0], 1: [1], 2: [2], 3: [3]}
{0: [0], 1: [1], 2: [2], 3: [3]}
SCORE: 0.658

-------------------

/stˈoːrm/ - /stˈoːrm/
s-s / t-t / ˈoː-ˈoː / r-r / m-m
{0: [0], 1: [1], 2: [2], 3: [3], 4: [4]}
{0: [0], 1: [1], 2: [2], 3: [3], 4: [4]}
SCORE: 9.019

-------------------

/stˈøl/ - /stˈøl/
s-s / t-t / ˈø-ˈø / l-l
{0: [0], 1: [1], 2: [2], 3: [3]}
{0: [0], 1: [1], 2: [2], 3: [3]}
SCORE: 2.006

-------------------

/swˈart/ - /swˈart/
s-s / w-w / ˈa-ˈa / r-r / t-t
{0: [0], 1: [1], 2: [2], 3: [3], 4: [4]}
{0: [0], 1: [1], 2: [2], 3: [3], 4: [4]}
SCORE: 6.374

-------------------

/swˈet/ - /swˈet/
s-s / w-w / ˈe-ˈe / t-t
{0: [0], 1: [1], 2: [2], 3: [3]}
{0: [0], 1: [1], 2: [2], 3: [3]}
SCORE: 1.862

-------------------

/swˈit/ - /swˈit/
s-s / w-w / ˈi-ˈi / t-t
{0: [0], 1: [1], 2: [2], 3: [3]}
{0: [0], 1: [1], 2: [2], 3: [3]}
SCORE: 1.098

-------------------

/swˈəi̯n/ - /swˈəi̯n/
s-s / w-w / ˈəi̯-ˈəi̯ / n-n
{0: [0], 1: [1], 2: [2], 3: [3]}
{0: [0], 1: [1], 2: [2], 3: [3]}
SCORE: 2.111

-------------------

/swˈʌrd/ - /swˈʌrd/
s-s / w-w / ˈʌ-ˈʌ / r-r / d-d
{0: [0], 1: [1], 2: [2], 3: [3], 4: [4]}
{0: [0], 1: [1], 2: [2], 3: [3], 4: [4]}
SCORE: 6.585

-------------------

/sˈaks/ - /sˈaks/
s-s / ˈa-ˈa / k-k / s-s
{0: [0], 1: [1], 2: [2], 3: [3]}
{0: [0], 1: [1], 2: [2], 3: [3]}
SCORE: 2.546

-------------------

/sˈeː/ - /sˈeː/
s-s / ˈeː-ˈeː
{0: [0], 1: [1]}
{0: [0], 1: [1]}
SCORE: -8.816

-------------------

/sˈeːvən/ - /sˈeːvən/
s-s / ˈeː-ˈeː / v-v / ə-ə / n-n
{0: [0], 1: [1], 2: [2], 3: [3], 4: [4]}
{0: [0], 1: [1], 2: [2], 3: [3], 4: [4]}
SCORE: 9.407

-------------------

/sˈik/ - /sˈik/
s-s / ˈi-ˈi / k-k
{0: [0], 1: [1], 2: [2]}
{0: [0], 1: [1], 2: [2]}
SCORE: -3.408

-------------------

/sˈiː/ - /sˈiː/
s-s / ˈiː-ˈiː
{0: [0], 1: [1]}
{0: [0], 1: [1]}
SCORE: -9.311

-------------------

/sˈuk/ - /sˈuk/
s-s / ˈu-ˈu / k-k
{0: [0], 1: [1], 2: [2]}
{0: [0], 1: [1], 2: [2]}
SCORE: -2.332

-------------------

/sˈum/ - /sˈum/
s-s / ˈu-ˈu / m-m
{0: [0], 1: [1], 2: [2]}
{0: [0], 1: [1], 2: [2]}
SCORE: -2.53

-------------------

/sˈuər/ - /sˈuər/
s-s / ˈu-ˈu / ə-ə / r-r
{0: [0], 1: [1], 2: [2], 3: [3]}
{0: [0], 1: [1], 2: [2], 3: [3]}
SCORE: 1.119

-------------------

/sˈuː/ - /sˈuː/
s-s / ˈuː-ˈuː
{0: [0], 1: [1]}
{0: [0], 1: [1]}
SCORE: -7.245

-------------------

/sˈɑːl/ - /sˈɑːl/
s-s / ˈɑː-ˈɑː / l-l
{0: [0], 1: [1], 2: [2]}
{0: [0], 1: [1], 2: [2]}
SCORE: -3.566

-------------------

/sˈɑːnd/ - /sˈɑːnd/
s-s / ˈɑː-ˈɑː / n-n / d-d
{0: [0], 1: [1], 2: [2], 3: [3]}
{0: [0], 1: [1], 2: [2], 3: [3]}
SCORE: 0.966

-------------------

/sˈɑːt/ - /sˈɑːt/
s-s / ˈɑː-ˈɑː / t-t
{0: [0], 1: [1], 2: [2]}
{0: [0], 1: [1], 2: [2]}
SCORE: -3.555

-------------------

/sˈəi̯d/ - /sˈəi̯d/
s-s / ˈəi̯-ˈəi̯ / d-d
{0: [0], 1: [1], 2: [2]}
{0: [0], 1: [1], 2: [2]}
SCORE: -3.304

-------------------

/sˈɛl/ - /sˈɛl/
s-s / ˈɛ-ˈɛ / l-l
{0: [0], 1: [1], 2: [2]}
{0: [0], 1: [1], 2: [2]}
SCORE: -4.032

-------------------

/sˈɪmər/ - /sˈɪmər/
s-s / ˈɪ-ˈɪ / m-m / ə-ə / r-r
{0: [0], 1: [1], 2: [2], 3: [3], 4: [4]}
{0: [0], 1: [1], 2: [2], 3: [3], 4: [4]}
SCORE: 5.571

-------------------

/sˈɪn/ - /sˈɪn/
s-s / ˈɪ-ˈɪ / n-n
{0: [0], 1: [1], 2: [2]}
{0: [0], 1: [1], 2: [2]}
SCORE: -5.582

-------------------

/sˈɪstər/ - /sˈɪstər/
s-s / ˈɪ-ˈɪ / s-s / t-t / ə-ə / r-r
{0: [0], 1: [1], 2: [2], 3: [3], 4: [4], 5: [5]}
{0: [0], 1: [1], 2: [2], 3: [3], 4: [4], 5: [5]}
SCORE: 9.333

-------------------

/sˈɪt/ - /sˈɪt/
s-s / ˈɪ-ˈɪ / t-t
{0: [0], 1: [1], 2: [2]}
{0: [0], 1: [1], 2: [2]}
SCORE: -5.18

-------------------

/sˈɪŋ/ - /sˈɪŋ/
s-s / ˈɪ-ˈɪ / ŋ-ŋ
{0: [0], 1: [1], 2: [2]}
{0: [0], 1: [1], 2: [2]}
SCORE: -3.034

-------------------

/tʰrˈiː/ - /tʰrˈiː/
tʰ-tʰ / r-r / ˈiː-ˈiː
{0: [0], 1: [1], 2: [2]}
{0: [0], 1: [1], 2: [2]}
SCORE: -3.08

-------------------

/tʰwˈal/ - /tʰwˈal/
tʰ-tʰ / w-w / ˈa-ˈa / l-l
{0: [0], 1: [1], 2: [2], 3: [3]}
{0: [0], 1: [1], 2: [2], 3: [3]}
SCORE: 4.291

-------------------

/tʰwˈɑː/ - /tʰwˈɑː/
tʰ-tʰ / w-w / ˈɑː-ˈɑː
{0: [0], 1: [1], 2: [2]}
{0: [0], 1: [1], 2: [2]}
SCORE: -0.674

-------------------

/tʰwˈɪnti/ - /tʰwˈɪnti/
tʰ-tʰ / w-w / ˈɪ-ˈɪ / n-n / t-t / i-i
{0: [0], 1: [1], 2: [2], 3: [3], 4: [4], 5: [5]}
{0: [0], 1: [1], 2: [2], 3: [3], 4: [4], 5: [5]}
SCORE: 15.605

-------------------

/tʰˈekən/ - /tʰˈekən/
tʰ-tʰ / ˈe-ˈe / k-k / ə-ə / n-n
{0: [0], 1: [1], 2: [2], 3: [3], 4: [4]}
{0: [0], 1: [1], 2: [2], 3: [3], 4: [4]}
SCORE: 9.537

-------------------

/tʰˈeː/ - /tʰˈeː/
tʰ-tʰ / ˈeː-ˈeː
{0: [0], 1: [1]}
{0: [0], 1: [1]}
SCORE: -6.737

-------------------

/tʰˈiːr/ - /tʰˈiːr/
tʰ-tʰ / ˈiː-ˈiː / r-r
{0: [0], 1: [1], 2: [2]}
{0: [0], 1: [1], 2: [2]}
SCORE: -3.08

-------------------

/tʰˈøθ/ - /tʰˈøθ/
tʰ-tʰ / ˈø-ˈø / θ-θ
{0: [0], 1: [1], 2: [2]}
{0: [0], 1: [1], 2: [2]}
SCORE: 0.549

-------------------

/tʰˈəi̯d/ - /tʰˈəi̯d/
tʰ-tʰ / ˈəi̯-ˈəi̯ / d-d
{0: [0], 1: [1], 2: [2]}
{0: [0], 1: [1], 2: [2]}
SCORE: -1.225

-------------------

/tʰˈɛn/ - /tʰˈɛn/
tʰ-tʰ / ˈɛ-ˈɛ / n-n
{0: [0], 1: [1], 2: [2]}
{0: [0], 1: [1], 2: [2]}
SCORE: -2.344

-------------------

/tʰˈʌŋ/ - /tʰˈʌŋ/
tʰ-tʰ / ˈʌ-ˈʌ / ŋ-ŋ
{0: [0], 1: [1], 2: [2]}
{0: [0], 1: [1], 2: [2]}
SCORE: 0.935

-------------------

/wˈapən/ - /wˈapən/
w-w / ˈa-ˈa / p-p / ə-ə / n-n
{0: [0], 1: [1], 2: [2], 3: [3], 4: [4]}
{0: [0], 1: [1], 2: [2], 3: [3], 4: [4]}
SCORE: 9.611

-------------------

/wˈatər/ - /wˈatər/
w-w / ˈa-ˈa / t-t / ə-ə / r-r
{0: [0], 1: [1], 2: [2], 3: [3], 4: [4]}
{0: [0], 1: [1], 2: [2], 3: [3], 4: [4]}
SCORE: 7.08

-------------------

/wˈaðər/ - /wˈaðər/
w-w / ˈa-ˈa / ð-ð / ə-ə / r-r
{0: [0], 1: [1], 2: [2], 3: [3], 4: [4]}
{0: [0], 1: [1], 2: [2], 3: [3], 4: [4]}
SCORE: 9.755

-------------------

/wˈeːrm/ - /wˈeːrm/
w-w / ˈeː-ˈeː / r-r / m-m
{0: [0], 1: [1], 2: [2], 3: [3]}
{0: [0], 1: [1], 2: [2], 3: [3]}
SCORE: 2.313

-------------------

/wˈi/ - /wˈi/
w-w / ˈi-ˈi
{0: [0], 1: [1]}
{0: [0], 1: [1]}
SCORE: -8.7

-------------------

/wˈik/ - /wˈik/
w-w / ˈi-ˈi / k-k
{0: [0], 1: [1], 2: [2]}
{0: [0], 1: [1], 2: [2]}
SCORE: -2.465

-------------------

/wˈəi̯/ - /wˈəi̯/
w-w / ˈəi̯-ˈəi̯
{0: [0], 1: [1]}
{0: [0], 1: [1]}
SCORE: -7.284

-------------------

/wˈəi̯f/ - /wˈəi̯f/
w-w / ˈəi̯-ˈəi̯ / f-f
{0: [0], 1: [1], 2: [2]}
{0: [0], 1: [1], 2: [2]}
SCORE: -1.826

-------------------

/wˈəi̯n/ - /wˈəi̯n/
w-w / ˈəi̯-ˈəi̯ / n-n
{0: [0], 1: [1], 2: [2]}
{0: [0], 1: [1], 2: [2]}
SCORE: -2.717

-------------------

/wˈɪld/ - /wˈɪld/
w-w / ˈɪ-ˈɪ / l-l / d-d
{0: [0], 1: [1], 2: [2], 3: [3]}
{0: [0], 1: [1], 2: [2], 3: [3]}
SCORE: 0.674

-------------------

/wˈɪnd/ - /wˈɪnd/
w-w / ˈɪ-ˈɪ / n-n / d-d
{0: [0], 1: [1], 2: [2], 3: [3]}
{0: [0], 1: [1], 2: [2], 3: [3]}
SCORE: 0.283

-------------------

/wˈɪntər/ - /wˈɪntər/
w-w / ˈɪ-ˈɪ / n-n / t-t / ə-ə / r-r
{0: [0], 1: [1], 2: [2], 3: [3], 4: [4], 5: [5]}
{0: [0], 1: [1], 2: [2], 3: [3], 4: [4], 5: [5]}
SCORE: 10.015

-------------------

/wˈɪrd/ - /wˈɪrd/
w-w / ˈɪ-ˈɪ / r-r / d-d
{0: [0], 1: [1], 2: [2], 3: [3]}
{0: [0], 1: [1], 2: [2], 3: [3]}
SCORE: -0.133

-------------------

/wˈɪrm/ - /wˈɪrm/
w-w / ˈɪ-ˈɪ / r-r / m-m
{0: [0], 1: [1], 2: [2], 3: [3]}
{0: [0], 1: [1], 2: [2], 3: [3]}
SCORE: 0.98

-------------------

/wˈɪs/ - /wˈɪs/
w-w / ˈɪ-ˈɪ / s-s
{0: [0], 1: [1], 2: [2]}
{0: [0], 1: [1], 2: [2]}
SCORE: -4.379

-------------------

/wˈɪt/ - /wˈɪt/
w-w / ˈɪ-ˈɪ / t-t
{0: [0], 1: [1], 2: [2]}
{0: [0], 1: [1], 2: [2]}
SCORE: -4.238

-------------------

/wˈʌnər/ - /wˈʌnər/
w-w / ˈʌ-ˈʌ / n-n / ə-ə / r-r
{0: [0], 1: [1], 2: [2], 3: [3], 4: [4]}
{0: [0], 1: [1], 2: [2], 3: [3], 4: [4]}
SCORE: 6.935

-------------------

/ðˈuː/ - /ðˈuː/
ð-ð / ˈuː-ˈuː
{0: [0], 1: [1]}
{0: [0], 1: [1]}
SCORE: -4.429

-------------------

/əlˈeːvn̩/ - /əlˈeːvn̩/
ə-ə / l-l / ˈeː-ˈeː / v-v / n-n
{0: [0], 1: [1], 2: [2], 3: [3], 4: [4]}
{0: [0], 1: [1], 2: [2], 3: [3], 4: [4]}
SCORE: 9.537

-------------------

/ɡrˈin/ - /ɡrˈin/
ɡ-ɡ / r-r / ˈi-ˈi / n-n
{0: [0], 1: [1], 2: [2], 3: [3]}
{0: [0], 1: [1], 2: [2], 3: [3]}
SCORE: 1.16

-------------------

/ɡrˈɛs/ - /ɡrˈɛs/
ɡ-ɡ / r-r / ˈɛ-ˈɛ / s-s
{0: [0], 1: [1], 2: [2], 3: [3]}
{0: [0], 1: [1], 2: [2], 3: [3]}
SCORE: 2.073

-------------------

/ɡrˈɛt/ - /ɡrˈɛt/
ɡ-ɡ / r-r / ˈɛ-ˈɛ / t-t
{0: [0], 1: [1], 2: [2], 3: [3]}
{0: [0], 1: [1], 2: [2], 3: [3]}
SCORE: 2.214

-------------------

/ɡˈest/ - /ɡˈest/
ɡ-ɡ / ˈe-ˈe / s-s / t-t
{0: [0], 1: [1], 2: [2], 3: [3]}
{0: [0], 1: [1], 2: [2], 3: [3]}
SCORE: 3.003

-------------------

/ɡˈeː/ - /ɡˈeː/
ɡ-ɡ / ˈeː-ˈeː
{0: [0], 1: [1]}
{0: [0], 1: [1]}
SCORE: -6.732

-------------------

/ɡˈeːt/ - /ɡˈeːt/
ɡ-ɡ / ˈeː-ˈeː / t-t
{0: [0], 1: [1], 2: [2]}
{0: [0], 1: [1], 2: [2]}
SCORE: -1.763

-------------------

/ɡˈod/ - /ɡˈod/
ɡ-ɡ / ˈo-ˈo / d-d
{0: [0], 1: [1], 2: [2]}
{0: [0], 1: [1], 2: [2]}
SCORE: -1.1

-------------------

/ɡˈød/ - /ɡˈød/
ɡ-ɡ / ˈø-ˈø / d-d
{0: [0], 1: [1], 2: [2]}
{0: [0], 1: [1], 2: [2]}
SCORE: -0.915

-------------------

/ɡˈøs/ - /ɡˈøs/
ɡ-ɡ / ˈø-ˈø / s-s
{0: [0], 1: [1], 2: [2]}
{0: [0], 1: [1], 2: [2]}
SCORE: -1.01

-------------------

/ɡˈʌu̯d/ - /ɡˈʌu̯d/
ɡ-ɡ / ˈʌu̯-ˈʌu̯ / d-d
{0: [0], 1: [1], 2: [2]}
{0: [0], 1: [1], 2: [2]}
SCORE: 0.341

-------------------

/ʃˈeːrp/ - /ʃˈeːrp/
ʃ-ʃ / ˈeː-ˈeː / r-r / p-p
{0: [0], 1: [1], 2: [2], 3: [3]}
{0: [0], 1: [1], 2: [2], 3: [3]}
SCORE: 4.548

-------------------

/ʃˈild/ - /ʃˈild/
ʃ-ʃ / ˈi-ˈi / l-l / d-d
{0: [0], 1: [1], 2: [2], 3: [3]}
{0: [0], 1: [1], 2: [2], 3: [3]}
SCORE: 2.368

-------------------

/ʃˈin/ - /ʃˈin/
ʃ-ʃ / ˈi-ˈi / n-n
{0: [0], 1: [1], 2: [2]}
{0: [0], 1: [1], 2: [2]}
SCORE: -2.945

-------------------

/ʃˈip/ - /ʃˈip/
ʃ-ʃ / ˈi-ˈi / p-p
{0: [0], 1: [1], 2: [2]}
{0: [0], 1: [1], 2: [2]}
SCORE: -0.429

-------------------

/ʃˈøt/ - /ʃˈøt/
ʃ-ʃ / ˈø-ˈø / t-t
{0: [0], 1: [1], 2: [2]}
{0: [0], 1: [1], 2: [2]}
SCORE: -0.822

-------------------

/ʃˈøː/ - /ʃˈøː/
ʃ-ʃ / ˈøː-ˈøː
{0: [0], 1: [1]}
{0: [0], 1: [1]}
SCORE: -2.813

-------------------

/ʃˈəi̯t/ - /ʃˈəi̯t/
ʃ-ʃ / ˈəi̯-ˈəi̯ / t-t
{0: [0], 1: [1], 2: [2]}
{0: [0], 1: [1], 2: [2]}
SCORE: -1.127

-------------------

/ʃˈɪp/ - /ʃˈɪp/
ʃ-ʃ / ˈɪ-ˈɪ / p-p
{0: [0], 1: [1], 2: [2]}
{0: [0], 1: [1], 2: [2]}
SCORE: -0.936

-------------------

/ʍˈil/ - /ʍˈil/
ʍ-ʍ / ˈi-ˈi / l-l
{0: [0], 1: [1], 2: [2]}
{0: [0], 1: [1], 2: [2]}
SCORE: -0.673

-------------------

/ʍˈɑːl/ - /ʍˈɑːl/
ʍ-ʍ / ˈɑː-ˈɑː / l-l
{0: [0], 1: [1], 2: [2]}
{0: [0], 1: [1], 2: [2]}
SCORE: 0.445

-------------------

/ʍˈəi̯t/ - /ʍˈəi̯t/
ʍ-ʍ / ˈəi̯-ˈəi̯ / t-t
{0: [0], 1: [1], 2: [2]}
{0: [0], 1: [1], 2: [2]}
SCORE: 0.754

-------------------

/ʍˈɪt/ - /ʍˈɪt/
ʍ-ʍ / ˈɪ-ˈɪ / t-t
{0: [0], 1: [1], 2: [2]}
{0: [0], 1: [1], 2: [2]}
SCORE: -1.169

-------------------

/ʧˈiːz/ - /ʧˈiːz/
ʧ-ʧ / ˈiː-ˈiː / z-z
{0: [0], 1: [1], 2: [2]}
{0: [0], 1: [1], 2: [2]}
SCORE: 3.402

-------------------

/ʧˈɪkən/ - /ʧˈɪkən/
ʧ-ʧ / ˈɪ-ˈɪ / k-k / ə-ə / n-n
{0: [0], 1: [1], 2: [2], 3: [3], 4: [4]}
{0: [0], 1: [1], 2: [2], 3: [3], 4: [4]}
SCORE: 10.197

-------------------

/ˈek/ - /ˈek/
ˈe-ˈe / k-k
{0: [0], 1: [1]}
{0: [0], 1: [1]}
SCORE: -7.472

-------------------

/ˈen/ - /ˈen/
ˈe-ˈe / n-n
{0: [0], 1: [1]}
{0: [0], 1: [1]}
SCORE: -9.139

-------------------

/ˈep/ - /ˈep/
ˈe-ˈe / p-p
{0: [0], 1: [1]}
{0: [0], 1: [1]}
SCORE: -6.623

-------------------

/ˈepl̩/ - /ˈepl̩/
ˈe-ˈe / p-p / l-l
{0: [0], 1: [1], 2: [2]}
{0: [0], 1: [1], 2: [2]}
SCORE: -1.665

-------------------

/ˈeːrm/ - /ˈeːrm/
ˈeː-ˈeː / r-r / m-m
{0: [0], 1: [1], 2: [2]}
{0: [0], 1: [1], 2: [2]}
SCORE: -3.457

-------------------

/ˈil/ - /ˈil/
ˈi-ˈi / l-l
{0: [0], 1: [1]}
{0: [0], 1: [1]}
SCORE: -9.512

-------------------

/ˈit/ - /ˈit/
ˈi-ˈi / t-t
{0: [0], 1: [1]}
{0: [0], 1: [1]}
SCORE: -9.501

-------------------

/ˈiːr/ - /ˈiːr/
ˈiː-ˈiː / r-r
{0: [0], 1: [1]}
{0: [0], 1: [1]}
SCORE: -9.988

-------------------

/ˈuf/ - /ˈuf/
ˈu-ˈu / f-f
{0: [0], 1: [1]}
{0: [0], 1: [1]}
SCORE: -7.937

-------------------

/ˈul/ - /ˈul/
ˈu-ˈu / l-l
{0: [0], 1: [1]}
{0: [0], 1: [1]}
SCORE: -8.436

-------------------

/ˈut/ - /ˈut/
ˈu-ˈu / t-t
{0: [0], 1: [1]}
{0: [0], 1: [1]}
SCORE: -8.425

-------------------

/ˈøn/ - /ˈøn/
ˈø-ˈø / n-n
{0: [0], 1: [1]}
{0: [0], 1: [1]}
SCORE: -8.182

-------------------

/ˈɑːld/ - /ˈɑːld/
ˈɑː-ˈɑː / l-l / d-d
{0: [0], 1: [1], 2: [2]}
{0: [0], 1: [1], 2: [2]}
SCORE: -3.472

-------------------

/ˈəi̯s/ - /ˈəi̯s/
ˈəi̯-ˈəi̯ / s-s
{0: [0], 1: [1]}
{0: [0], 1: [1]}
SCORE: -8.227

-------------------

/ˈɛs/ - /ˈɛs/
ˈɛ-ˈɛ / s-s
{0: [0], 1: [1]}
{0: [0], 1: [1]}
SCORE: -8.99

-------------------

/ˈɛçt/ - /ˈɛçt/
ˈɛ-ˈɛ / ç-ç / t-t
{0: [0], 1: [1], 2: [2]}
{0: [0], 1: [1], 2: [2]}
SCORE: -1.117

-------------------

/ˈɛʤ/ - /ˈɛʤ/
ˈɛ-ˈɛ / ʤ-ʤ
{0: [0], 1: [1]}
{0: [0], 1: [1]}
SCORE: -3.589

-------------------

/ˈɪn/ - /ˈɪn/
ˈɪ-ˈɪ / n-n
{0: [0], 1: [1]}
{0: [0], 1: [1]}
SCORE: -10.41

-------------------

/ˈɪðɛr/ - /ˈɪðɛr/
ˈɪ-ˈɪ / ð-ð / ɛ-ɛ / r-r
{0: [0], 1: [1], 2: [2], 3: [3]}
{0: [0], 1: [1], 2: [2], 3: [3]}
SCORE: 7.047

-------------------

/ˈʌnər/ - /ˈʌnər/
ˈʌ-ˈʌ / n-n / ə-ə / r-r
{0: [0], 1: [1], 2: [2], 3: [3]}
{0: [0], 1: [1], 2: [2], 3: [3]}
SCORE: 1.164

-------------------

/ˈʌp/ - /ˈʌp/
ˈʌ-ˈʌ / p-p
{0: [0], 1: [1]}
{0: [0], 1: [1]}
SCORE: -6.004

-------------------

/ˈʌs/ - /ˈʌs/
ˈʌ-ˈʌ / s-s
{0: [0], 1: [1]}
{0: [0], 1: [1]}
SCORE: -8.26

-------------------

/ˈʌu̯ər/ - /ˈʌu̯ər/
ˈʌu̯-ˈʌu̯ / ə-ə / r-r
{0: [0], 1: [1], 2: [2]}
{0: [0], 1: [1], 2: [2]}
SCORE: -1.809

-------------------

/θrˈiː/ - /θrˈiː/
θ-θ / r-r / ˈiː-ˈiː
{0: [0], 1: [1], 2: [2]}
{0: [0], 1: [1], 2: [2]}
SCORE: -3.596

-------------------

/θrˈɪst/ - /θrˈɪst/
θ-θ / r-r / ˈɪ-ˈɪ / s-s / t-t
{0: [0], 1: [1], 2: [2], 3: [3], 4: [4]}
{0: [0], 1: [1], 2: [2], 3: [3], 4: [4]}
SCORE: 5.362

-------------------

/θrˈɪtin/ - /θrˈɪtin/
θ-θ / r-r / ˈɪ-ˈɪ / t-t / i-i / n-n
{0: [0], 1: [1], 2: [2], 3: [3], 4: [4], 5: [5]}
{0: [0], 1: [1], 2: [2], 3: [3], 4: [4], 5: [5]}
SCORE: 13.469

-------------------

/θˈaŋk/ - /θˈaŋk/
θ-θ / ˈa-ˈa / ŋ-ŋ / k-k
{0: [0], 1: [1], 2: [2], 3: [3]}
{0: [0], 1: [1], 2: [2], 3: [3]}
SCORE: 6.397

-------------------

/θˈif/ - /θˈif/
θ-θ / ˈi-ˈi / f-f
{0: [0], 1: [1], 2: [2]}
{0: [0], 1: [1], 2: [2]}
SCORE: -2.622

-------------------

/θˈorn/ - /θˈorn/
θ-θ / ˈo-ˈo / r_n-r_n
{0: [0], 1: [1], 2: [2, 3]}
{0: [0], 1: [1], 2: [2, 3]}
SCORE: 2.814

-------------------

/θˈum/ - /θˈum/
θ-θ / ˈu-ˈu / m-m
{0: [0], 1: [1], 2: [2]}
{0: [0], 1: [1], 2: [2]}
SCORE: -0.967

-------------------

/θˈuːzənd/ - /θˈuːzənd/
θ-θ / ˈuː-ˈuː / z-z / ə-ə / n-n / d-d
{0: [0], 1: [1], 2: [2], 3: [3], 4: [4], 5: [5]}
{0: [0], 1: [1], 2: [2], 3: [3], 4: [4], 5: [5]}
SCORE: 18.043

-------------------

/θˈɪk/ - /θˈɪk/
θ-θ / ˈɪ-ˈɪ / k-k
{0: [0], 1: [1], 2: [2]}
{0: [0], 1: [1], 2: [2]}
SCORE: -2.352

-------------------

/θˈɪn/ - /θˈɪn/
θ-θ / ˈɪ-ˈɪ / n-n
{0: [0], 1: [1], 2: [2]}
{0: [0], 1: [1], 2: [2]}
SCORE: -4.019

-------------------

/θˈɪŋ/ - /θˈɪŋ/
θ-θ / ˈɪ-ˈɪ / ŋ-ŋ
{0: [0], 1: [1], 2: [2]}
{0: [0], 1: [1], 2: [2]}
SCORE: -1.471

-------------------

/θˈʌnər/ - /θˈʌnər/
θ-θ / ˈʌ-ˈʌ / n-n / ə-ə / r-r
{0: [0], 1: [1], 2: [2], 3: [3], 4: [4]}
{0: [0], 1: [1], 2: [2], 3: [3], 4: [4]}
SCORE: 7.555
