/adiuːtˈaːrɛ/ - /aʤuðˈar/
[1/1] <#_a-<#_a / d-ʤ / i-∅ / uː-u / t-ð / ˈaː-ˈa / r_ɛ_#>-r_#>

-------------------

/adiˈuːtoː/ - /aʤˈuðo/
[1/1] <#_a-<#_a / d-ʤ / i-∅ / ˈuː-ˈu / t-ð / oː-o

-------------------

/ae̯kʷˈaːlɛ̃/ - /iɣwˈal/
[1/1] <#-<#_i / ae̯-∅ / kʷ-ɣ_w / ˈaː-ˈa / l-l / ɛ̃-∅

-------------------

/ae̯stˈiːwʊ̃ː/ - /estˈiw/
[1/1] <#-<#_e / ae̯-∅ / s_t-s_t / ˈiː-ˈi / w-w / ʊ̃ː_#>-#>

-------------------

/akˈuːkʊɫãː/ - /aɣˈuʎɐ/
[1/1] <#_a-<#_a / k-ɣ / ˈuː-ˈu / k_ʊ_ɫ-ʎ / ãː_#>-ɐ_#>

-------------------

/apˈɪkʊɫãː/ - /aβˈæʎɜ/
[1/1] <#_a-<#_a / p-β / ˈɪ_k-ˈæ / ʊ_ɫ-ʎ / ãː_#>-ɜ_#>

-------------------

/arɡˈiːlʲːãː/ - /arʤˈilɐ/
[1/1] <#_a-<#_a / r-r / ɡ-ʤ / ˈiː_lʲː-ˈi_l / ãː_#>-ɐ_#>

-------------------

/arˈaːneãː/ - /aɾˈaɲɐ/
[1/1] <#_a-<#_a / r-ɾ / ˈaː-ˈa / n_e-ɲ / ãː_#>-ɐ_#>

-------------------

/au̯rˈɪkʊɫãː/ - /oɾˈæʎɜ/
[1/1] au̯-o / r-ɾ / ˈɪ_k-ˈæ / ʊ_ɫ-ʎ / ãː_#>-ɜ_#>

-------------------

/au̯skʊɫtˈaːrɛ/ - /eskoltˈar/
[1/1] <#-<#_e / au̯-∅ / s_k-s_k / ʊ-o / ɫ-l / t_ˈaː-t_ˈa / r_ɛ_#>-r_#>

-------------------

/awɪkˈɛlʲːʊ̃ː/ - /osˈeʎ/
[1/1] a-∅ / w-<# / ɪ-o / k-s / ˈɛ-ˈe / lʲː_ʊ̃ː_#>-ʎ_#>

-------------------

/aŋnˈɛlʲːʊ̃ː/ - /aɲˈeʎ/
[1/1] <#_a-<#_a / ŋ_n-ɲ / ˈɛ-ˈe / lʲː_ʊ̃ː_#>-ʎ_#>

-------------------

/aɫwˈiːnãː/ - /aβˈæʎɜ/
[1/1] <#_a-<#_a / ɫ-∅ / w-β / ˈiː-ˈæ / n-ʎ / ãː_#>-ɜ_#>

-------------------

/aːnˈɛlʲːʊ̃ː/ - /anˈeʎ/
[1/1] aː-a / n-n / ˈɛ-ˈe / lʲː_ʊ̃ː_#>-ʎ_#>

-------------------

/blˈaŋkʊ̃ː/ - /blˈaŋk/
[1/1] <#_b-<#_b / l-l / ˈa-ˈa / ŋ-ŋ / k_ʊ̃ː_#>-k_#>

-------------------

/bˈaneʊ̃ː/ - /bˈaɲ/
[1/1] <#_b-<#_b / ˈa-ˈa / n_e-ɲ / ʊ̃ː_#>-#>

-------------------

/bˈasːʊ̃ː/ - /bˈaʃ/
[1/1] <#_b-<#_b / ˈa-ˈa / sː-ʃ / ʊ̃ː_#>-#>

-------------------

/bˈɔnae̯/ - /bˈɒnes/
[1/1] <#_b-<#_b / ˈɔ_n-ˈɒ_n / ae̯-e_s

-------------------

/bˈɔnaːs/ - /bˈɒnes/
[1/1] <#_b-<#_b / ˈɔ_n-ˈɒ_n / aː-e / s_#>-s_#>

-------------------

/bˈɔnãː/ - /bˈɒnɞ/
[1/1] <#_b-<#_b / ˈɔ_n-ˈɒ_n / ãː_#>-ɞ_#>

-------------------

/bˈɔniː/ - /bˈɒns/
[1/1] <#_b-<#_b / ˈɔ_n-ˈɒ_n / iː_#>-s

-------------------

/bˈɔnoːs/ - /bˈɒns/
[1/1] <#_b-<#_b / ˈɔ_n-ˈɒ_n / oː-∅ / s_#>-s_#>

-------------------

/bˈɔnʊ̃ː/ - /bˈɒ/
[1/1] <#_b-<#_b / ˈɔ-ˈɒ / n_ʊ̃ː_#>-#>

-------------------

/bˈɔwɛ̃ː/ - /bˈɒw/
[1/1] <#_b-<#_b / ˈɔ-ˈɒ / w-w / ɛ̃ː_#>-#>

-------------------

/bˈɛlʲːãː/ - /bˈeʎɜ/
[1/1] <#_b-<#_b / ˈɛ_lʲː-ˈe_ʎ / ãː_#>-ɜ_#>

-------------------

/bˈɛlʲːʊ̃ː/ - /bˈeʎ/
[1/1] <#_b-<#_b / ˈɛ-ˈe / lʲː_ʊ̃ː_#>-ʎ_#>

-------------------

/bˈɛnɛ/ - /bˈe/
[1/1] <#_b-<#_b / ˈɛ-ˈe / n-∅ / ɛ-∅

-------------------

/bˈɪbɛrɛ/ - /bˈæwɾɜ/
[1/1] <#_b-<#_b / ˈɪ-ˈæ / b-w / ɛ_r-ɾ / ɛ-ɜ

-------------------

/bˈʊkːãː/ - /bˈokɞ/
[1/1] <#_b-<#_b / ˈʊ-ˈo / kː-k / ãː_#>-ɞ_#>

-------------------

/drakˈoːnɛ̃ː/ - /dɾaɣˈo/
[1/1] <#_d-<#_d / r-ɾ / a-a / k-ɣ / ˈoː-ˈo / n-∅ / ɛ̃ː_#>-#>

-------------------

/drˈakoː/ - /dɾˈak/
[1/1] <#_d-<#_d / r_ˈa-ɾ_ˈa / k-∅ / oː_#>-k_#>

-------------------

/dɔrmˈiːrɛ/ - /dormˈir/
[1/1] <#_d-<#_d / ɔ-o / r-r / m-m / ˈiː-ˈi / r_ɛ_#>-r_#>

-------------------

/dˈarɛ/ - /dˈar/
[1/1] <#_d-<#_d / ˈa-ˈa / r_ɛ_#>-r_#>

-------------------

/dˈeʊs/ - /dˈew/
[1/1] <#_d-<#_d / ˈe-∅ / ʊ-ˈe / s-w

-------------------

/dˈia/ - /dˈiɐ/
[1/1] <#_d-<#_d / ˈi-ˈi / a-ɐ

-------------------

/dˈiɛ̃ː/ - /dˈiɐ/
[1/1] <#_d-<#_d / ˈi-ˈi / ∅-ɐ / ɛ̃ː_#>-#>

-------------------

/dˈiːkoː/ - /dˈik/
[1/1] <#_d-<#_d / ˈiː-ˈi / k-∅ / oː_#>-k_#>

-------------------

/dˈiːrɛ/ - /dˈir/
[1/1] <#_d-<#_d / ˈiː-ˈi / r_ɛ_#>-r_#>

-------------------

/dˈoːnʊ̃ː/ - /dˈo/
[1/1] <#_d-<#_d / ˈoː-ˈo / n_ʊ̃ː_#>-#>

-------------------

/dˈuae̯/ - /dˈues/
[1/1] <#_d-<#_d / ˈu-ˈu / ae̯-e_s

-------------------

/dˈuaːs/ - /dˈues/
[1/1] <#_d-<#_d / ˈu-ˈu / aː-e / s_#>-s_#>

-------------------

/dˈuoːs/ - /dˈos/
[1/1] <#_d-<#_d / ˈu-ˈo / oː-∅ / s_#>-s_#>

-------------------

/dˈɔmɪnãː/ - /dˈɒnɞ/
[1/1] <#_d-<#_d / ˈɔ-ˈɒ / m-∅ / ɪ-∅ / n-n / ãː_#>-ɞ_#>

-------------------

/dˈɛkɛ̃ː/ - /dˈæw/
[1/1] <#_d-<#_d / ˈɛ-ˈæ / k_ɛ̃ː_#>-w_#>

-------------------

/dˈɛntɛ̃ː/ - /dˈent/
[1/1] <#_d-<#_d / ˈɛ_n-ˈe_n / t_ɛ̃ː_#>-t_#>

-------------------

/dˈɪɡɪtʊ̃ː/ - /dˈit/
[1/1] <#_d-<#_d / ˈɪ-∅ / ɡ-∅ / ɪ-ˈi / t_ʊ̃ː_#>-t_#>

-------------------

/dˈʊɫkɛ̃ː/ - /dˈols/
[1/1] <#_d-<#_d / ˈʊ-ˈo / ɫ-l / k-s / ɛ̃ː_#>-#>

-------------------

/farˈiːnãː/ - /faɾˈinɐ/
[1/1] <#_f-<#_f / a-a / r-ɾ / ˈiː-ˈi / n-n / ãː_#>-ɐ_#>

-------------------

/foːrmˈoːsʊ̃ː/ - /foɾmˈos/
[1/1] <#_f-<#_f / oː-o / r-ɾ / m-m / ˈoː-ˈo / s-s / ʊ̃ː_#>-#>

-------------------

/frˈiːɡɪdʊ̃ː/ - /fɾˈæt/
[1/1] <#_f-<#_f / r-ɾ / ˈiː-∅ / ɡ-∅ / ɪ-ˈæ / d-t / ʊ̃ː_#>-#>

-------------------

/frˈuːktʊ̃ː/ - /fɾˈujt/
[1/1] <#_f-<#_f / r-ɾ / ˈuː_k-ˈu_j / t_ʊ̃ː_#>-t_#>

-------------------

/frˈɔndɛãː/ - /fˈuʎɐ/
[1/1] <#_f-<#_f / r-∅ / ˈɔ-ˈu / n-∅ / d-∅ / ɛ-ʎ / ãː_#>-ɐ_#>

-------------------

/fɫˈamːãː/ - /flˈamɐ/
[1/1] <#_f-<#_f / ɫ-l / ˈa-ˈa / mː-m / ãː_#>-ɐ_#>

-------------------

/fɫˈoːrɛ̃ː/ - /flˈɒr/
[1/1] <#_f-<#_f / ɫ-l / ˈoː-ˈɒ / r-r / ɛ̃ː_#>-#>

-------------------

/fˈakioː/ - /fˈaʧ/
[1/1] <#_f-<#_f / ˈa-ˈa / k-∅ / i-ʧ / oː_#>-#>

-------------------

/fˈakɛrɛ/ - /fˈer/
[1/1] <#_f-<#_f / ˈa_k-ˈe / ɛ-∅ / r_ɛ_#>-r_#>

-------------------

/fˈaminɛ̃ː/ - /fˈam/
[1/1] <#_f-<#_f / ˈa-ˈa / m-m / i-∅ / n-∅ / ɛ̃ː_#>-#>

-------------------

/fˈamɛ̃ː/ - /fˈam/
[1/1] <#_f-<#_f / ˈa-ˈa / m-m / ɛ̃ː_#>-#>

-------------------

/fˈaɫsʊ̃ː/ - /fˈals/
[1/1] <#_f-<#_f / ˈa-ˈa / ɫ-l / s-s / ʊ̃ː_#>-#>

-------------------

/fˈaːtãː/ - /fˈaðɐ/
[1/1] <#_f-<#_f / ˈaː-ˈa / t-ð / ãː_#>-ɐ_#>

-------------------

/fˈeːmɪnãː/ - /fˈæmbrɜ/
[1/1] <#_f-<#_f / ˈeː-ˈæ / m-m_b / ɪ-∅ / n-r / ãː_#>-ɜ_#>

-------------------

/fˈiːkaːtʊ̃ː/ - /fˈeʤɜ/
[1/1] <#_f-<#_f / ˈiː-∅ / k-ˈe / aː-ʤ / t-ɜ / ʊ̃ː_#>-#>

-------------------

/fˈiːlʲiãː/ - /fˈiʎɐ/
[1/1] <#_f-<#_f / ˈiː-ˈi / lʲ-ʎ / i-∅ / ãː_#>-ɐ_#>

-------------------

/fˈiːlʲiʊ̃ː/ - /fˈiʎ/
[1/1] <#_f-<#_f / ˈiː-ˈi / lʲ-ʎ / i-∅ / ʊ̃ː_#>-#>

-------------------

/fˈiːnɛ̃ː/ - /fˈi/
[1/1] <#_f-<#_f / ˈiː-ˈi / n-∅ / ɛ̃ː_#>-#>

-------------------

/fˈiːnʊ̃ː/ - /fˈi/
[1/1] <#_f-<#_f / ˈiː_n_ʊ̃ː_#>-ˈi_#>

-------------------

/fˈiːɫʊ̃ː/ - /fˈil/
[1/1] <#_f-<#_f / ˈiː-ˈi / ɫ-l / ʊ̃ː_#>-#>

-------------------

/fˈuːmʊ̃ː/ - /fˈum/
[1/1] <#_f-<#_f / ˈuː-ˈu / m-m / ʊ̃ː_#>-#>

-------------------

/fˈɔkʊ̃ː/ - /fˈɒk/
[1/1] <#_f-<#_f / ˈɔ-ˈɒ / k_ʊ̃ː_#>-k_#>

-------------------

/fˈɔlʲiãː/ - /fˈuʎɐ/
[1/1] <#_f-<#_f / ˈɔ-ˈu / lʲ-ʎ / i-∅ / ãː_#>-ɐ_#>

-------------------

/fˈɔrtiãː/ - /fˈɒrsɞ/
[1/1] <#_f-<#_f / ˈɔ-ˈɒ / r_t-r_s / i-∅ / ãː_#>-ɞ_#>

-------------------

/fˈɔrtɛ̃ː/ - /fˈɒrt/
[1/1] <#_f-<#_f / ˈɔ_r-ˈɒ_r / t_ɛ̃ː_#>-t_#>

-------------------

/fˈɛrːʊ̃ː/ - /fˈæro/
[1/1] <#_f-<#_f / ˈɛ-ˈæ / ∅-r / rː-o / ʊ̃ː_#>-#>

-------------------

/fˈɛstãː/ - /fˈestɜ/
[1/1] <#_f-<#_f / ˈɛ-ˈe / s_t-s_t / ãː_#>-ɜ_#>

-------------------

/hiːbˈɛrnʊ̃ː/ - /ivˈærn/
[1/1] h-<# / iː-i / b-v / ˈɛ-ˈæ / r_n-r_n / ʊ̃ː_#>-#>

-------------------

/hɪspˈaːniãː/ - /espˈaɲɐ/
[1/1] <#-<#_e / h-∅ / ɪ-∅ / s_p-s_p / ˈaː-ˈa / n_i-ɲ / ãː_#>-ɐ_#>

-------------------

/hˈɔmoː/ - /ˈɒmɞ/
[1/1] h-<# / ˈɔ-ˈɒ / m-m / ∅-ɞ / oː_#>-#>

-------------------

/hˈɛrbãː/ - /ˈerβɜ/
[1/1] h-<# / ˈɛ-ˈe / r-r / b-β / ãː_#>-ɜ_#>

-------------------

/ĩːwˈɛrnʊ̃ː/ - /ivˈærn/
[1/1] <#-<#_i / ĩː-∅ / w-v / ˈɛ-ˈæ / r_n-r_n / ʊ̃ː_#>-#>

-------------------

/jˈuwɛnɛ̃ː/ - /ʤˈovɞ/
[1/1] <#_j-<#_ʤ / ˈu-ˈo / w-v / ɛ-∅ / n-ɞ / ɛ̃ː_#>-#>

-------------------

/jˈuːdɪkɛ̃ː/ - /ʤˈuʤe/
[1/1] <#_j-<#_ʤ / ˈuː-ˈu / d-∅ / ɪ_k-ʤ_e / ɛ̃ː_#>-#>

-------------------

/jˈuːniʊ̃ː/ - /ʤˈuɲ/
[1/1] <#_j-<#_ʤ / ˈuː-ˈu / n_i-ɲ / ʊ̃ː_#>-#>

-------------------

/jˈuːŋktʊ̃ː/ - /ʤˈunt/
[1/1] <#_j-<#_ʤ / ˈuː-ˈu / ŋ_k-n / t_ʊ̃ː_#>-t_#>

-------------------

/jˈɔkʊ̃ː/ - /ʤˈɒk/
[1/1] <#_j-<#_ʤ / ˈɔ-ˈɒ / k_ʊ̃ː_#>-k_#>

-------------------

/kabˈalʲːʊ̃ː/ - /kavˈaʎ/
[1/1] <#_k-<#_k / a-a / b-v / ˈa-ˈa / lʲː_ʊ̃ː_#>-ʎ_#>

-------------------

/kajmˈaːrɛ/ - /kɾemˈar/
[1/1] <#_k-<#_k / a-ɾ / j-e / m-m / ˈaː-ˈa / r_ɛ_#>-r_#>

-------------------

/kambiˈaːrɛ/ - /kamvjˈar/
[1/1] <#_k-<#_k / a-a / m-m / b-v / i-j / ˈaː-ˈa / r_ɛ_#>-r_#>

-------------------

/kantˈaːrɛ/ - /kantˈar/
[1/1] <#_k-<#_k / a-a / n-n / t_ˈaː-t_ˈa / r_ɛ_#>-r_#>

-------------------

/kaptiˈaːrɛ/ - /kasˈar/
[1/1] <#_k-<#_k / a-a / p-∅ / t-∅ / i-s / ˈaː-ˈa / r_ɛ_#>-r_#>

-------------------

/kapˈɪlʲːʊ̃ː/ - /kaβˈæʎ/
[1/1] <#_k-<#_k / a-a / p-β / ˈɪ-ˈæ / lʲː_ʊ̃ː_#>-ʎ_#>

-------------------

/kastˈɛlʲːʊ̃ː/ - /kastˈeʎ/
[1/1] <#_k-<#_k / a-a / s_t-s_t / ˈɛ-ˈe / lʲː_ʊ̃ː_#>-ʎ_#>

-------------------

/katˈeːnãː/ - /kaðˈænɜ/
[1/1] <#_k-<#_k / a-a / t-ð / ˈeː-ˈæ / n-n / ãː_#>-ɜ_#>

-------------------

/kiːwɪtˈaːtɛ̃ː/ - /siwtˈat/
[1/1] <#_k-<#_s / iː-i / w-w / ɪ-∅ / t_ˈaː-t_ˈa / t_ɛ̃ː_#>-t_#>

-------------------

/klˈaːwɛ̃ː/ - /klˈaw/
[1/1] <#_k-<#_k / l-l / ˈaː-ˈa / w-w / ɛ̃ː_#>-#>

-------------------

/koɫˈoːrɛ̃ː/ - /kolˈor/
[1/1] <#_k-<#_k / o-o / ɫ_ˈoː-l_ˈo / r-r / ɛ̃ː_#>-#>

-------------------

/krˈeːdɛrɛ/ - /kɾˈæwɾɜ/
[1/1] <#_k-<#_k / r-ɾ / ˈeː-ˈæ / d-w / ɛ_r-ɾ / ɛ-ɜ

-------------------

/krˈɔkʊ̃ː/ - /ɡɾˈɒk/
[1/1] <#-<#_ɡ / k-∅ / r-ɾ / ˈɔ-ˈɒ / k_ʊ̃ː_#>-k_#>

-------------------

/krˈʊkɛ̃ː/ - /kɾˈæw/
[1/1] <#_k-<#_k / r-ɾ / ˈʊ-ˈæ / k_ɛ̃ː_#>-w_#>

-------------------

/kɔnˈoːskɛrɛ/ - /konˈæʃer/
[1/1] <#_k-<#_k / ɔ-o / n-n / ˈoː-ˈæ / s_k_ɛ-ʃ_e / r_ɛ_#>-r_#>

-------------------

/kɛrˈɛsiãː/ - /siɾˈeɾɜ/
[1/1] <#_k-<#_s / ɛ-i / r-ɾ / ˈɛ-ˈe / s-∅ / i-ɾ / ãː_#>-ɜ_#>

-------------------

/kɪrkˈaːrɛ/ - /serkˈar/
[1/1] <#_k-<#_s / ɪ-e / r_k-r_k / ˈaː-ˈa / r_ɛ_#>-r_#>

-------------------

/kɫaːmˈaːrɛ/ - /klamˈar/
[1/1] <#_k-<#_k / ɫ-l / aː-a / m-m / ˈaː-ˈa / r_ɛ_#>-r_#>

-------------------

/kʷiːŋkʷaːɡˈɪntaː/ - /siŋkwˈantɐ/
[1/1] <#-<#_s / kʷ-∅ / iː-i / ŋ_kʷ-ŋ_k / aː-∅ / ɡ-w / ˈɪ-ˈa / n-n / t-t / aː-ɐ

-------------------

/kʷˈaklãː/ - /ɡwˈaɫːɐ/
[1/1] <#-<#_ɡ / kʷ-w / ˈa-ˈa / k-∅ / l-ɫː / ãː_#>-ɐ_#>

-------------------

/kʷˈatːuɔr/ - /kwˈatɾe/
[1/1] <#-<#_k / kʷ-w / ˈa_tː-ˈa_t / u-∅ / ɔ_r-ɾ_e

-------------------

/kʷˈiː/ - /kˈi/
[1/1] <#-<#_k / kʷ_ˈiː-ˈi

-------------------

/kʷˈiːŋkʷɛ/ - /sˈiŋk/
[1/1] <#-<#_s / kʷ_ˈiː-ˈi / ŋ_kʷ-ŋ_k / ɛ-∅

-------------------

/kʷˈɪd/ - /kˈæ/
[1/1] <#_kʷ-k / ˈɪ-ˈæ / d-∅

-------------------

/kˈae̯ɫʊ̃ː/ - /sˈæl/
[1/1] <#_k-<#_s / ˈae̯-ˈæ / ɫ-l / ʊ̃ː_#>-#>

-------------------

/kˈamɛrãː/ - /kˈambɾɐ/
[1/1] <#_k-<#_k / ˈa-ˈa / m-m_b / ɛ_r-ɾ / ãː_#>-ɐ_#>

-------------------

/kˈantʊ̃ː/ - /kˈant/
[1/1] <#_k-<#_k / ˈa-ˈa / n-n / t_ʊ̃ː_#>-t_#>

-------------------

/kˈanɛ̃ː/ - /kˈa/
[1/1] <#_k-<#_k / ˈa_n-ˈa / ɛ̃ː_#>-#>

-------------------

/kˈaprãː/ - /kˈaβɾɐ/
[1/1] <#_k-<#_k / ˈa-ˈa / p-β / r-ɾ / ãː_#>-ɐ_#>

-------------------

/kˈapʊ̃ː/ - /kˈap/
[1/1] <#_k-<#_k / ˈa-ˈa / p_ʊ̃ː_#>-p_#>

-------------------

/kˈarnɛ̃ː/ - /kˈarn/
[1/1] <#_k-<#_k / ˈa-ˈa / r_n-r_n / ɛ̃ː_#>-#>

-------------------

/kˈasae̯/ - /kˈazɐ/
[1/1] <#_k-<#_k / ˈa-ˈa / s-z / ae̯-ɐ

-------------------

/kˈasãː/ - /kˈazɐ/
[1/1] <#_k-<#_k / ˈa-ˈa / s-z / ãː_#>-ɐ_#>

-------------------

/kˈatːʊ̃ː/ - /ɡˈat/
[1/1] <#-<#_ɡ / k-∅ / ˈa_tː-ˈa_t / ʊ̃ː_#>-#>

-------------------

/kˈau̯sãː/ - /kˈɒzɞ/
[1/1] <#_k-<#_k / ˈau̯-ˈɒ / s-z / ãː_#>-ɞ_#>

-------------------

/kˈaɫdʊ̃ː/ - /kˈalt/
[1/1] <#_k-<#_k / ˈa-ˈa / ɫ-l / d-t / ʊ̃ː_#>-#>

-------------------

/kˈaːrʊ̃ː/ - /kˈar/
[1/1] <#_k-<#_k / ˈaː_r-ˈa_r / ʊ̃ː_#>-#>

-------------------

/kˈeːrãː/ - /sˈeɾɜ/
[1/1] <#_k-<#_s / ˈeː-ˈe / r-ɾ / ãː_#>-ɜ_#>

-------------------

/kˈoːdãː/ - /kˈuɐ/
[1/1] <#_k-<#_k / ˈoː-∅ / d-ˈu / ãː_#>-ɐ_#>

-------------------

/kˈoːdʊɫãː/ - /kˈuɐ/
[1/1] <#_k-<#_k / ˈoː-∅ / d-∅ / ʊ-∅ / ɫ-ˈu / ãː_#>-ɐ_#>

-------------------

/kˈuːɫʊ̃ː/ - /kˈul/
[1/1] <#_k-<#_k / ˈuː-ˈu / ɫ-l / ʊ̃ː_#>-#>

-------------------

/kˈyːmãː/ - /sˈimɐ/
[1/1] <#_k-<#_s / ˈyː-ˈi / m-m / ãː_#>-ɐ_#>

-------------------

/kˈɔksãː/ - /kˈuʃɐ/
[1/1] <#_k-<#_k / ˈɔ-ˈu / k-∅ / s-ʃ / ãː_#>-ɐ_#>

-------------------

/kˈɔlʲːʊ̃ː/ - /kˈɒʎ/
[1/1] <#_k-<#_k / ˈɔ-ˈɒ / lʲː_ʊ̃ː_#>-ʎ_#>

-------------------

/kˈɔrna/ - /kˈɒrn/
[1/1] <#_k-<#_k / ˈɔ_r-ˈɒ_r / n-n / a-∅

-------------------

/kˈɔrnuː/ - /kˈɒrn/
[1/1] <#_k-<#_k / ˈɔ_r-ˈɒ_r / n-n / uː-∅

-------------------

/kˈɔrpʊs/ - /kˈɒs/
[1/1] <#_k-<#_k / ˈɔ-ˈɒ / r-∅ / p-∅ / ʊ-∅ / s_#>-s_#>

-------------------

/kˈɔrpʊ̃ː/ - /kˈɒs/
[1/1] <#_k-<#_k / ˈɔ-ˈɒ / r-∅ / p-s / ʊ̃ː_#>-#>

-------------------

/kˈɔrɛ̃ː/ - /kˈɒr/
[1/1] <#_k-<#_k / ˈɔ_r-ˈɒ_r / ɛ̃ː_#>-#>

-------------------

/kˈɔstãː/ - /kˈɒstɞ/
[1/1] <#_k-<#_k / ˈɔ-ˈɒ / s_t-s_t / ãː_#>-ɞ_#>

-------------------

/kˈɔɫpʊ̃ː/ - /kˈɒp/
[1/1] <#_k-<#_k / ˈɔ-ˈɒ / ɫ-∅ / p_ʊ̃ː_#>-p_#>

-------------------

/kˈɛntʊ̃ː/ - /sˈent/
[1/1] <#_k-<#_s / ˈɛ_n-ˈe_n / t_ʊ̃ː_#>-t_#>

-------------------

/kˈɪnɛrɛ̃ː/ - /sˈændɾɜ/
[1/1] <#_k-<#_s / ˈɪ-ˈæ / n_ɛ-n_d / r-ɾ_ɜ / ɛ̃ː_#>-#>

-------------------

/kˈʊrtʊ̃ː/ - /kˈuɾt/
[1/1] <#_k-<#_k / ˈʊ-ˈu / r-ɾ / t_ʊ̃ː_#>-t_#>

-------------------

/lʲˈɪtːɛrãː/ - /ʎˈetɾɜ/
[1/1] lʲ-ʎ / ˈɪ-ˈe / tː-t / ɛ_r-ɾ / ãː_#>-ɜ_#>

-------------------

/lˈakʊ̃ː/ - /ʎˈak/
[1/1] <#_l-<#_ʎ / ˈa-ˈa / k_ʊ̃ː_#>-k_#>

-------------------

/lˈeːɡɛ̃/ - /ʎˈej/
[1/1] <#_l-<#_ʎ / ˈeː_ɡ-ˈe_j / ɛ̃-∅

-------------------

/lˈiːbɛrʊ̃ː/ - /ʎˈiwɾe/
[1/1] <#_l-<#_ʎ / ˈiː-ˈi / b_ɛ-w_ɾ / r_ʊ̃ː_#>-e_#>

-------------------

/lˈɪŋɡʷãː/ - /ʎˈæŋɡwɜ/
[1/1] <#_l-<#_ʎ / ˈɪ-ˈæ / ŋ-ŋ / ∅-ɡ / ɡʷ-w / ãː_#>-ɜ_#>

-------------------

/lˈɪɡnãː/ - /ʎˈeɲɜ/
[1/1] <#_l-<#_ʎ / ˈɪ-ˈe / ɡ-∅ / n-ɲ / ãː_#>-ɜ_#>

-------------------

/maktˈaːrɛ/ - /matˈar/
[1/1] <#_m-<#_m / a_k-a / t_ˈaː-t_ˈa / r_ɛ_#>-r_#>

-------------------

/manduːkˈaːrɛ/ - /meɲʤˈar/
[1/1] <#_m-<#_m / a-e / n-ɲ / d-ʤ / uː-∅ / k-∅ / ˈaː-ˈa / r_ɛ_#>-r_#>

-------------------

/maːtˈuːrʊ̃ː/ - /maðˈur/
[1/1] <#_m-<#_m / aː-a / t-ð / ˈuː-ˈu / r-r / ʊ̃ː_#>-#>

-------------------

/medietˈaːtɛ̃/ - /mitˈat/
[1/1] <#_m-<#_m / e-∅ / d-∅ / i-i / e-∅ / t_ˈaː-t_ˈa / t_ɛ̃-t

-------------------

/mɔntˈaniãː/ - /muntˈaɲɐ/
[1/1] <#_m-<#_m / ɔ-u / n-n / t-t / ˈa-ˈa / n_i-ɲ / ãː_#>-ɐ_#>

-------------------

/mɔrsɪkˈaːrɛ/ - /moseɣˈar/
[1/1] <#_m-<#_m / ɔ-o / r_s-s / ɪ-e / k-ɣ / ˈaː-ˈa / r_ɛ_#>-r_#>

-------------------

/mɔrˈiːrɛ/ - /moɾˈir/
[1/1] <#_m-<#_m / ɔ-o / r-ɾ / ˈiː-ˈi / r_ɛ_#>-r_#>

-------------------

/mɛlʲiˈoːrɛ̃ː/ - /miʎˈor/
[1/1] <#_m-<#_m / ɛ-i / lʲ-ʎ / i-∅ / ˈoː-ˈo / r-r / ɛ̃ː_#>-#>

-------------------

/mʊlʲiˈɛrɛ̃ː/ - /muʎˈer/
[1/1] <#_m-<#_m / ʊ-u / lʲ-ʎ / i-∅ / ˈɛ-ˈe / r-r / ɛ̃ː_#>-#>

-------------------

/mˈanʊ̃ː/ - /mˈa/
[1/1] <#_m-<#_m / ˈa_n-ˈa / ʊ̃ː_#>-#>

-------------------

/mˈarɛ/ - /mˈar/
[1/1] <#_m-<#_m / ˈa-ˈa / r_ɛ_#>-r_#>

-------------------

/mˈaːtrɛ̃ː/ - /mˈaɾe/
[1/1] <#_m-<#_m / ˈaː-ˈa / t_r-ɾ / ɛ̃ː_#>-e_#>

-------------------

/mˈeː/ - /me/
[1/1] <#_m-<#_m / ˈeː-e

-------------------

/mˈiːkãː/ - /mˈikɐ/
[1/1] <#_m-<#_m / ˈiː-ˈi / k-k / ãː_#>-ɐ_#>

-------------------

/mˈiːlʲːɛ/ - /mˈil/
[1/1] <#_m-<#_m / ˈiː_lʲː-ˈi_l / ɛ-∅

-------------------

/mˈɔrtɛ̃ː/ - /mˈɒrt/
[1/1] <#_m-<#_m / ˈɔ_r-ˈɒ_r / t_ɛ̃ː_#>-t_#>

-------------------

/mˈɛdiʊ̃ː/ - /mˈiʧ/
[1/1] <#_m-<#_m / ˈɛ-ˈi / d_i-ʧ / ʊ̃ː_#>-#>

-------------------

/mˈɛdɪkʊ̃ː/ - /mˈeʤɜ/
[1/1] <#_m-<#_m / ˈɛ-ˈe / d-ʤ / ɪ-∅ / k-ɜ / ʊ̃ː_#>-#>

-------------------

/mˈɛlɛ̃ː/ - /mˈæl/
[1/1] <#_m-<#_m / ˈɛ-ˈæ / l-l / ɛ̃ː_#>-#>

-------------------

/mˈʊskãː/ - /mˈoskɞ/
[1/1] <#_m-<#_m / ˈʊ-ˈo / s_k-s_k / ãː_#>-ɞ_#>

-------------------

/mˈʊɫtʊ̃ː/ - /mˈolt/
[1/1] <#_m-<#_m / ˈʊ-ˈo / ɫ_t-l_t / ʊ̃ː_#>-#>

-------------------

/natˈaːrɛ/ - /neðˈar/
[1/1] <#_n-<#_n / a-e / t-ð / ˈaː-ˈa / r_ɛ_#>-r_#>

-------------------

/noːn/ - /nˈo/
[1/1] <#_n-<#_n / oː-∅ / n-ˈo_#>

-------------------

/nɛk‿ˈuːnʊ̃ː/ - /niŋɡˈu/
[1/1] <#_n-<#_n / ɛ-i / ∅-ŋ / k-ɡ / ˈuː-ˈu / n_ʊ̃ː_#>-#>

-------------------

/nˈaskɛrɛ/ - /nˈeʃer/
[1/1] <#_n-<#_n / ˈa-ˈe / s_k_ɛ-ʃ_e / r_ɛ_#>-r_#>

-------------------

/nˈaːsʊ̃ː/ - /nˈas/
[1/1] <#_n-<#_n / ˈaː-ˈa / s-s / ʊ̃ː_#>-#>

-------------------

/nˈowɛ̃/ - /nˈɒw/
[1/1] <#_n-<#_n / ˈo-ˈɒ / w-w / ɛ̃-∅

-------------------

/nˈoːmɛ̃ː/ - /nˈɒm/
[1/1] <#_n-<#_n / ˈoː-ˈɒ / m-m / ɛ̃ː_#>-#>

-------------------

/nˈoːmɪnɛ̃ː/ - /nˈɒm/
[1/1] <#_n-<#_n / ˈoː-ˈɒ / m-m / ɪ-∅ / n-∅ / ɛ̃ː_#>-#>

-------------------

/nˈoːs/ - /nozˈaltɾes/
[1/1] <#_n-<#_n / ˈoː-o / ∅-z / ∅-ˈa / ∅-l / ∅-t / ∅-ɾ / ∅-e / s_#>-s_#>

-------------------

/nˈuːbɛ̃ː/ - /nˈiw/
[1/1] <#_n-<#_n / ˈuː-ˈi / b-w / ɛ̃ː_#>-#>

-------------------

/nˈuːbɪɫʊ̃ː/ - /nˈuvol/
[1/1] <#_n-<#_n / ˈuː-ˈu / b-v / ɪ-o / ɫ-l / ʊ̃ː_#>-#>

-------------------

/nˈɔktɛ̃ː/ - /nˈit/
[1/1] <#_n-<#_n / ˈɔ_k-ˈi / t_ɛ̃ː_#>-t_#>

-------------------

/nˈɔkɛ̃ː/ - /nˈɒw/
[1/1] <#_n-<#_n / ˈɔ-ˈɒ / k_ɛ̃ː_#>-w_#>

-------------------

/nˈɔstrʊ̃ː/ - /nˈɒstɾɞ/
[1/1] <#_n-<#_n / ˈɔ-ˈɒ / s_t-s_t / r-ɾ / ∅-ɞ / ʊ̃ː_#>-#>

-------------------

/nˈɔwʊ̃ː/ - /nˈɒw/
[1/1] <#_n-<#_n / ˈɔ-ˈɒ / w-w / ʊ̃ː_#>-#>

-------------------

/nˈɛwɛ̃ː/ - /nˈew/
[1/1] <#_n-<#_n / ˈɛ-ˈe / w-w / ɛ̃ː_#>-#>

-------------------

/nˈɪwɛ̃ː/ - /nˈew/
[1/1] <#_n-<#_n / ˈɪ-ˈe / w-w / ɛ̃ː_#>-#>

-------------------

/nˈɪɡrʊ̃ː/ - /nˈæɣɾɜ/
[1/1] <#_n-<#_n / ˈɪ-ˈæ / ɡ-ɣ / r-ɾ_ɜ / ʊ̃ː_#>-#>

-------------------

/owˈɪkʊɫãː/ - /ovˈæʎɜ/
[1/1] o-o / w-v / ˈɪ_k-ˈæ / ʊ_ɫ-ʎ / ãː_#>-ɜ_#>

-------------------

/parˈabɔɫãː/ - /paɾˈawlɐ/
[1/1] <#_p-<#_p / a-a / r_ˈa-ɾ_ˈa / b-w / ɔ-∅ / ɫ-l / ãː_#>-ɐ_#>

-------------------

/paɫˈatiʊ̃ː/ - /palˈaw/
[1/1] <#_p-<#_p / a-a / ɫ-l / ˈa_t-ˈa / i-w / ʊ̃ː_#>-#>

-------------------

/peːdˈukʊɫʊ̃ː/ - /pˈoʎ/
[1/1] <#_p-<#_p / eː-∅ / d-∅ / ˈu-ˈo / k_ʊ_ɫ-ʎ / ʊ̃ː_#>-#>

-------------------

/plˈaːɡãː/ - /plˈaɣɐ/
[1/1] <#_p-<#_p / l-l / ˈaː-ˈa / ɡ-ɣ / ãː_#>-ɐ_#>

-------------------

/poːtˈeːrɛ/ - /poðˈær/
[1/1] <#_p-<#_p / oː-o / t-ð / ˈeː-ˈæ / r_ɛ_#>-r_#>

-------------------

/proːfˈɛktʊ̃ː/ - /pɾofˈit/
[1/1] <#_p-<#_p / r-ɾ / oː-o / f-f / ˈɛ_k-ˈi / t_ʊ̃ː_#>-t_#>

-------------------

/prˈɛtiʊ̃ː/ - /pɾˈæw/
[1/1] <#_p-<#_p / r-ɾ / ˈɛ-ˈæ / t-∅ / i-w / ʊ̃ː_#>-#>

-------------------

/pɫoːrˈaːrɛ/ - /ploɾˈar/
[1/1] <#_p-<#_p / ɫ-l / oː-o / r-ɾ / ˈaː-ˈa / r_ɛ_#>-r_#>

-------------------

/pɫˈaŋɡɛrɛ/ - /plˈaɲer/
[1/1] <#_p-<#_p / ɫ-l / ˈa-ˈa / ŋ_ɡ-ɲ / ɛ-e / r_ɛ_#>-r_#>

-------------------

/pɫˈeːnʊ̃ː/ - /plˈæ/
[1/1] <#_p-<#_p / ɫ-l / ˈeː-ˈæ / n_ʊ̃ː_#>-#>

-------------------

/pɫˈuːmãː/ - /plˈomɞ/
[1/1] <#_p-<#_p / ɫ-l / ˈuː-ˈo / m-m / ãː_#>-ɞ_#>

-------------------

/pɫˈʊwiãː/ - /plˈuʤɐ/
[1/1] <#_p-<#_p / ɫ-l / ˈʊ-ˈu / w-∅ / i-ʤ / ãː_#>-ɐ_#>

-------------------

/pʊlʲːˈoːnɛ̃ː/ - /osˈeʎ/
[1/1] p-<# / ʊ-o / ∅-s / lʲː-ˈe_ʎ / ˈoː-∅ / n-∅ / ɛ̃ː_#>-#>

-------------------

/pˈatrɛ̃ː/ - /pˈaɾe/
[1/1] <#_p-<#_p / ˈa-ˈa / t_r-ɾ / ɛ̃ː_#>-e_#>

-------------------

/pˈau̯kʊ̃ː/ - /pˈɒk/
[1/1] <#_p-<#_p / ˈau̯-ˈɒ / k_ʊ̃ː_#>-k_#>

-------------------

/pˈau̯pɛrɛ̃ː/ - /pˈɒβɾɞ/
[1/1] <#_p-<#_p / ˈau̯-ˈɒ / p-β / ɛ_r-ɾ_ɞ / ɛ̃ː_#>-#>

-------------------

/pˈaːkɛ̃ː/ - /pˈaw/
[1/1] <#_p-<#_p / ˈaː-ˈa / k_ɛ̃ː_#>-w_#>

-------------------

/pˈaːnɛ̃ː/ - /pˈa/
[1/1] <#_p-<#_p / ˈaː-ˈa / n-∅ / ɛ̃ː_#>-#>

-------------------

/pˈoe̯nãː/ - /pˈænɜ/
[1/1] <#_p-<#_p / ˈoe̯-ˈæ / n-n / ãː_#>-ɜ_#>

-------------------

/pˈoːnɛrɛ/ - /pˈɒndɾɞ/
[1/1] <#_p-<#_p / ˈoː-ˈɒ / n_ɛ-n_d / r-ɾ / ɛ-ɞ

-------------------

/pˈoːnɪs/ - /pˈɒns/
[1/1] <#_p-<#_p / ˈoː-ˈɒ / n-n / ɪ-∅ / s_#>-s_#>

-------------------

/pˈɔdiʊ̃ː/ - /pˈuʧ/
[1/1] <#_p-<#_p / ˈɔ-ˈu / d_i-ʧ / ʊ̃ː_#>-#>

-------------------

/pˈɔntɛ̃ː/ - /pˈɒnt/
[1/1] <#_p-<#_p / ˈɔ_n-ˈɒ_n / t_ɛ̃ː_#>-t_#>

-------------------

/pˈɔrkãː/ - /pˈɒrkɞ/
[1/1] <#_p-<#_p / ˈɔ-ˈɒ / r_k-r_k / ãː_#>-ɞ_#>

-------------------

/pˈɔrkʊ̃ː/ - /pˈɒrk/
[1/1] <#_p-<#_p / ˈɔ_r-ˈɒ_r / k_ʊ̃ː_#>-k_#>

-------------------

/pˈɛdɛ̃ː/ - /pˈæw/
[1/1] <#_p-<#_p / ˈɛ-ˈæ / d-w / ɛ̃ː_#>-#>

-------------------

/pˈɛktʊs/ - /pˈit/
[1/1] <#_p-<#_p / ˈɛ_k-ˈi / t-t / ʊ-∅ / s-∅

-------------------

/pˈɛktʊ̃ː/ - /pˈit/
[1/1] <#_p-<#_p / ˈɛ_k-ˈi / t_ʊ̃ː_#>-t_#>

-------------------

/pˈɛlʲːɛ̃ː/ - /pˈeʎ/
[1/1] <#_p-<#_p / ˈɛ_lʲː-ˈe_ʎ / ɛ̃ː_#>-#>

-------------------

/pˈɛnːãː/ - /pˈæɲɜ/
[1/1] <#_p-<#_p / ˈɛ-ˈæ / nː-ɲ / ãː_#>-ɜ_#>

-------------------

/pˈɛrsɪkʊ̃ː/ - /pɾˈesek/
[1/1] <#_p-<#_p / ∅-ɾ / ˈɛ-ˈe / r_s-s / ɪ-e / k_ʊ̃ː_#>-k_#>

-------------------

/pˈɛtrãː/ - /pˈeðɾɜ/
[1/1] <#_p-<#_p / ˈɛ-ˈe / t-ð / r-ɾ / ãː_#>-ɜ_#>

-------------------

/pˈɪnːãː/ - /pˈæɲɜ/
[1/1] <#_p-<#_p / ˈɪ-ˈæ / nː-ɲ / ãː_#>-ɜ_#>

-------------------

/pˈɪskɛ̃ː/ - /pˈejʃ/
[1/1] <#_p-<#_p / ˈɪ-ˈe / ∅-j / s_k-ʃ / ɛ̃ː_#>-#>

-------------------

/pˈɪɫʊ̃ː/ - /pˈæl/
[1/1] <#_p-<#_p / ˈɪ-ˈæ / ɫ-l / ʊ̃ː_#>-#>

-------------------

/pˈʊteʊ̃ː/ - /pˈow/
[1/1] <#_p-<#_p / ˈʊ-ˈo / t-∅ / e-w / ʊ̃ː_#>-#>

-------------------

/pˈʊŋktʊ̃ː/ - /pˈunt/
[1/1] <#_p-<#_p / ˈʊ-ˈu / ŋ_k-n / t_ʊ̃ː_#>-t_#>

-------------------

/pˈʊŋnʊ̃ː/ - /pˈuɲ/
[1/1] <#_p-<#_p / ˈʊ-ˈu / ŋ_n-ɲ / ʊ̃ː_#>-#>

-------------------

/rakˈiːmʊ̃ː/ - /raˈim/
[1/1] <#_r-<#_r / a_k-a / ˈiː-ˈi / m-m / ʊ̃ː_#>-#>

-------------------

/ratiˈoːnɛ̃ː/ - /raˈo/
[1/1] <#_r-<#_r / a-a / t-∅ / i-∅ / ˈoː-ˈo / n-∅ / ɛ̃ː_#>-#>

-------------------

/reːɡˈiːnãː/ - /rˈejnɜ/
[1/1] <#_r-<#_r / eː-∅ / ɡ-ˈe / ˈiː-j / n-n / ãː_#>-ɜ_#>

-------------------

/roːmˈaːnʊ̃ː/ - /romˈa/
[1/1] <#_r-<#_r / oː-o / m-m / ˈaː-ˈa / n_ʊ̃ː_#>-#>

-------------------

/rɔtˈʊndʊ̃ː/ - /roðˈo/
[1/1] <#_r-<#_r / ɔ-o / t-ð / ˈʊ-ˈo / n-∅ / d-∅ / ʊ̃ː_#>-#>

-------------------

/rˈeːɡɛ̃ː/ - /rˈej/
[1/1] <#_r-<#_r / ˈeː_ɡ-ˈe_j / ɛ̃ː_#>-#>

-------------------

/rˈiːwʊ̃ː/ - /rˈiw/
[1/1] <#_r-<#_r / ˈiː-ˈi / w-w / ʊ̃ː_#>-#>

-------------------

/rˈɔtãː/ - /rˈɒðɞ/
[1/1] <#_r-<#_r / ˈɔ-ˈɒ / t-ð / ãː_#>-ɞ_#>

-------------------

/rˈʊbeʊ̃ː/ - /rˈɒʧ/
[1/1] <#_r-<#_r / ˈʊ-∅ / b-ˈɒ / e-ʧ / ʊ̃ː_#>-#>

-------------------

/rˈʊsːʊ̃ː/ - /rˈɒʧ/
[1/1] <#_r-<#_r / ˈʊ-ˈɒ / sː-ʧ / ʊ̃ː_#>-#>

-------------------

/sapˈuːtʊ̃ː/ - /saβˈut/
[1/1] <#_s-<#_s / a-a / p-β / ˈuː-ˈu / t_ʊ̃ː_#>-t_#>

-------------------

/saɫˈuːtɛ̃ː/ - /salˈut/
[1/1] <#_s-<#_s / a-a / ɫ-l / ˈuː-ˈu / t_ɛ̃ː_#>-t_#>

-------------------

/seːkˈuːrʊ̃ː/ - /seɣˈur/
[1/1] <#_s-<#_s / eː-e / k-ɣ / ˈuː-ˈu / r-r / ʊ̃ː_#>-#>

-------------------

/skrˈiːbɛrɛ/ - /eskɾˈiwɾe/
[1/1] <#-<#_e / s_k-s_k / r-ɾ / ˈiː_b-ˈi_w / ɛ_r-ɾ / ɛ-e

-------------------

/skˈiãː/ - /sˈapiɣɐ/
[1/1] <#_s-<#_s / ∅-ˈa / ∅-p / ∅-i / k-ɣ / ˈi-∅ / ãː_#>-ɐ_#>

-------------------

/skˈiːrɛ/ - /saβˈær/
[1/1] <#_s-<#_s / ∅-a / k-β / ˈiː-ˈæ / r_ɛ_#>-r_#>

-------------------

/skˈɔrteãː/ - /eskˈɒrsɞ/
[1/1] <#-<#_e / s_k-s_k / ˈɔ-ˈɒ / r_t-r_s / e-∅ / ãː_#>-ɞ_#>

-------------------

/soːɫˈɪkʊɫʊ̃ː/ - /solˈæʎ/
[1/1] <#_s-<#_s / oː-o / ɫ-l / ˈɪ_k-ˈæ / ʊ_ɫ-ʎ / ʊ̃ː_#>-#>

-------------------

/soːɫˈɪkʊɫʊ̃ː/ - /sˈɒl/
[1/1] <#_s-<#_s / oː-∅ / ɫ-∅ / ˈɪ-∅ / k-∅ / ʊ-ˈɒ / ɫ-l / ʊ̃ː_#>-#>

-------------------

/spˈatʰãː/ - /espˈazɐ/
[1/1] <#_s-<#_e / p-s_p / ˈa-ˈa / tʰ-z / ãː_#>-ɐ_#>

-------------------

/spˈiːkãː/ - /espˈiɣɐ/
[1/1] <#_s-<#_e / p-s_p / ˈiː-ˈi / k-ɣ / ãː_#>-ɐ_#>

-------------------

/spˈiːkʊ̃ː/ - /espˈiɣɐ/
[1/1] <#_s-<#_e / p-s_p / ˈiː-ˈi / k-ɣ / ∅-ɐ / ʊ̃ː_#>-#>

-------------------

/spˈiːnãː/ - /espˈinɐ/
[1/1] <#_s-<#_e / p-s_p / ˈiː-ˈi / n-n / ãː_#>-ɐ_#>

-------------------

/stˈatʊ̃ː/ - /estˈat/
[1/1] <#-<#_e / s_t-s_t / ˈa-ˈa / t_ʊ̃ː_#>-t_#>

-------------------

/stˈeːlãː/ - /estɾˈeʎɜ/
[1/1] <#-<#_e / s_t-s_t / ∅-ɾ / ˈeː-ˈe / l-ʎ / ãː_#>-ɜ_#>

-------------------

/stˈeːlʲːãː/ - /estɾˈeʎɜ/
[1/1] <#-<#_e / s_t-s_t / ˈeː-ɾ / lʲː-ˈe_ʎ / ãː_#>-ɜ_#>

-------------------

/sɛdˈeːrɛ/ - /sˈæwɾɜ/
[1/1] <#_s-<#_s / ɛ-ˈæ / d-w / ˈeː_r-ɾ_ɜ / ɛ-∅

-------------------

/sɛptɪmˈaːnãː/ - /semːˈanɐ/
[1/1] <#_s-<#_s / ɛ-e / p-∅ / t-∅ / ɪ-∅ / m-mː / ˈaː-ˈa / n-n / ãː_#>-ɐ_#>

-------------------

/sʊfːɛrˈiːrɛ/ - /sofɾˈir/
[1/1] <#_s-<#_s / ʊ-o / fː-f / ɛ_r-ɾ / ˈiː-ˈi / r_ɛ_#>-r_#>

-------------------

/sʊfːˈɛrɛrɛ/ - /sofɾˈir/
[1/1] <#_s-<#_s / ʊ-o / fː-∅ / ˈɛ-f / r-ɾ / ɛ-ˈi / r_ɛ_#>-r_#>

-------------------

/sˈapiãː/ - /sˈapiɣɐ/
[1/1] <#_s-<#_s / ˈa_p-ˈa_p / i-i / ∅-ɣ / ãː_#>-ɐ_#>

-------------------

/sˈapɛrɛ/ - /saβˈær/
[1/1] <#_s-<#_s / ˈa-a / p-β / ɛ-ˈæ / r_ɛ_#>-r_#>

-------------------

/sˈapɪdʊ̃ː/ - /sˈavi/
[1/1] <#_s-<#_s / ˈa-ˈa / p-∅ / ɪ-v / d-i / ʊ̃ː_#>-#>

-------------------

/sˈapɪs/ - /sˈaps/
[1/1] <#_s-<#_s / ˈa_p-ˈa_p / ɪ-∅ / s_#>-s_#>

-------------------

/sˈaŋɡʷɛ̃ː/ - /sˈaŋk/
[1/1] <#_s-<#_s / ˈa-ˈa / ŋ-ŋ / ɡʷ-k / ɛ̃ː_#>-#>

-------------------

/sˈaŋɡʷɪnɛ̃ː/ - /sˈaŋk/
[1/1] <#_s-<#_s / ˈa-ˈa / ŋ_ɡʷ-ŋ / ɪ-∅ / n-k / ɛ̃ː_#>-#>

-------------------

/sˈaɫsãː/ - /sˈalsɐ/
[1/1] <#_s-<#_s / ˈa-ˈa / ɫ-l / s-s / ãː_#>-ɐ_#>

-------------------

/sˈaɫɛ̃ː/ - /sˈal/
[1/1] <#_s-<#_s / ˈa-ˈa / ɫ-l / ɛ̃ː_#>-#>

-------------------

/sˈaːnãː/ - /sˈanɐ/
[1/1] <#_s-<#_s / ˈaː-ˈa / n-n / ãː_#>-ɐ_#>

-------------------

/sˈaːnʊ̃ː/ - /sˈa/
[1/1] <#_s-<#_s / ˈaː-ˈa / n_ʊ̃ː_#>-#>

-------------------

/sˈaːŋktʊ̃ː/ - /sˈant/
[1/1] <#_s-<#_s / ˈaː-ˈa / ŋ_k-n / t_ʊ̃ː_#>-t_#>

-------------------

/sˈeːtãː/ - /sˈæðɜ/
[1/1] <#_s-<#_s / ˈeː-ˈæ / t-ð / ãː_#>-ɜ_#>

-------------------

/sˈoːɫɛ̃ː/ - /sˈɒl/
[1/1] <#_s-<#_s / ˈoː-ˈɒ / ɫ-l / ɛ̃ː_#>-#>

-------------------

/sˈɛks/ - /sˈis/
[1/1] <#_s-<#_s / ˈɛ_k-ˈi / s_#>-s_#>

-------------------

/sˈɛptɛ̃/ - /sˈæt/
[1/1] <#_s-<#_s / ˈɛ-ˈæ / p-∅ / t_ɛ̃-t

-------------------

/sˈɪkːãː/ - /sˈækɜ/
[1/1] <#_s-<#_s / ˈɪ_kː-ˈæ_k / ãː_#>-ɜ_#>

-------------------

/sˈɪkːʊ̃ː/ - /sˈæk/
[1/1] <#_s-<#_s / ˈɪ_kː-ˈæ_k / ʊ̃ː_#>-#>

-------------------

/sˈʊpɛr/ - /sˈoβɾɞ/
[1/1] <#_s-<#_s / ˈʊ-ˈo / p-β / ɛ_r-ɾ_ɞ

-------------------

/trˈeːs/ - /tɾˈæs/
[1/1] <#_t-<#_t / r-ɾ / ˈeː-ˈæ / s_#>-s_#>

-------------------

/tʊsːˈiːrɛ/ - /tosˈir/
[1/1] <#_t-<#_t / ʊ-o / sː-s / ˈiː-ˈi / r_ɛ_#>-r_#>

-------------------

/tˈau̯rʊ̃ː/ - /tˈɒr/
[1/1] <#_t-<#_t / ˈau̯-ˈɒ / r-r / ʊ̃ː_#>-#>

-------------------

/tˈoːtʊ̃ː/ - /tˈot/
[1/1] <#_t-<#_t / ˈoː-ˈo / t_ʊ̃ː_#>-t_#>

-------------------

/tˈoːtːiː/ - /tˈots/
[1/1] <#_t-<#_t / ˈoː_tː-ˈo_t / iː_#>-s

-------------------

/tˈoːtːoːs/ - /tˈots/
[1/1] <#_t-<#_t / ˈoː_tː-ˈo_t / oː-∅ / s_#>-s_#>

-------------------

/tˈoːtːʊ̃ː/ - /tˈot/
[1/1] <#_t-<#_t / ˈoː_tː-ˈo_t / ʊ̃ː_#>-#>

-------------------

/tˈuː/ - /tˈu/
[1/1] <#_t-<#_t / ˈuː-ˈu

-------------------

/tˈɛmpʊ̃ː/ - /tˈems/
[1/1] <#_t-<#_t / ˈɛ-ˈe / m-m / p-s / ʊ̃ː_#>-#>

-------------------

/tˈɛrːãː/ - /tˈærɜ/
[1/1] <#_t-<#_t / ˈɛ-ˈæ / rː-r / ãː_#>-ɜ_#>

-------------------

/tˈɛstãː/ - /tˈestɜ/
[1/1] <#_t-<#_t / ˈɛ-ˈe / s_t-s_t / ãː_#>-ɜ_#>

-------------------

/weːkˈiːnʊ̃ː/ - /veˈi/
[1/1] <#_w-<#_v / eː_k-e / ˈiː_n_ʊ̃ː_#>-ˈi_#>

-------------------

/wiˈaːtɪkʊ̃ː/ - /viˈaʤe/
[1/1] <#_w-<#_v / i-i / ˈaː_t-ˈa / ɪ_k-ʤ_e / ʊ̃ː_#>-#>

-------------------

/wiːlʲːˈaːnʊ̃ː/ - /vilˈa/
[1/1] <#_w-<#_v / iː-i / lʲː-l / ˈaː-ˈa / n_ʊ̃ː_#>-#>

-------------------

/wɔɫˈaːrɛ/ - /volˈar/
[1/1] <#_w-<#_v / ɔ-o / ɫ-l / ˈaː-ˈa / r_ɛ_#>-r_#>

-------------------

/wɛnˈiːrɛ/ - /vˈindɾe/
[1/1] <#_w-<#_v / ɛ-ˈi / n-n / ˈiː-d / r-ɾ / ɛ-e

-------------------

/wɛreːkˈʊndiãː/ - /verɡˈoɲɞ/
[1/1] <#_w-<#_v / ɛ_r-e_r / eː-∅ / k-ɡ / ˈʊ-ˈo / n-∅ / d-∅ / i-ɲ / ãː_#>-ɞ_#>

-------------------

/wɛrɛkˈʊnːiãː/ - /verɡˈoɲɞ/
[1/1] <#_w-<#_v / ɛ_r-e_r / ɛ-∅ / k-ɡ / ˈʊ-ˈo / nː-ɲ / i-∅ / ãː_#>-ɞ_#>

-------------------

/wɪdˈeːrɛ/ - /vˈæwɾɜ/
[1/1] <#_w-<#_v / ɪ-ˈæ / d-w / ˈeː_r-ɾ_ɜ / ɛ-∅

-------------------

/wɪtˈɛlʲːʊ̃ː/ - /veðˈeʎ/
[1/1] <#_w-<#_v / ɪ-e / t-ð / ˈɛ-ˈe / lʲː_ʊ̃ː_#>-ʎ_#>

-------------------

/wˈakːãː/ - /vˈakɐ/
[1/1] <#_w-<#_v / ˈa-ˈa / kː-k / ãː_#>-ɐ_#>

-------------------

/wˈiãː/ - /vˈiɐ/
[1/1] <#_w-<#_v / ˈi-ˈi / ãː_#>-ɐ_#>

-------------------

/wˈiːlʲːãː/ - /vˈilɐ/
[1/1] <#_w-<#_v / ˈiː_lʲː-ˈi_l / ãː_#>-ɐ_#>

-------------------

/wˈiːnʊ̃ː/ - /vˈi/
[1/1] <#_w-<#_v / ˈiː_n_ʊ̃ː_#>-ˈi_#>

-------------------

/wˈiːtãː/ - /vˈiðɐ/
[1/1] <#_w-<#_v / ˈiː-ˈi / t-ð / ãː_#>-ɐ_#>

-------------------

/wˈoːkɛ̃ː/ - /vˈæw/
[1/1] <#_w-<#_v / ˈoː-ˈæ / k_ɛ̃ː_#>-w_#>

-------------------

/wˈoːs/ - /vozˈaltɾes/
[1/1] <#_w-<#_v / ˈoː-o / ∅-z / ∅-ˈa / ∅-l / ∅-t / ∅-ɾ / ∅-e / s_#>-s_#>

-------------------

/wˈɔɫʊ̃ː/ - /vˈɒl/
[1/1] <#_w-<#_v / ˈɔ-ˈɒ / ɫ-l / ʊ̃ː_#>-#>

-------------------

/wˈɛnioː/ - /vˈiŋk/
[1/1] <#_w-<#_v / ˈɛ-ˈi / n-∅ / i-ŋ / oː_#>-k_#>

-------------------

/wˈɛntʊ̃ː/ - /vˈent/
[1/1] <#_w-<#_v / ˈɛ_n-ˈe_n / t_ʊ̃ː_#>-t_#>

-------------------

/wˈɛrmɛ̃ː/ - /vˈærm/
[1/1] <#_w-<#_v / ˈɛ-ˈæ / r-r / m-m / ɛ̃ː_#>-#>

-------------------

/wˈɛtʊɫʊ̃ː/ - /vˈeʎ/
[1/1] <#_w-<#_v / ˈɛ-ˈe / t-∅ / ʊ_ɫ-ʎ / ʊ̃ː_#>-#>

-------------------

/wˈɪrɪdɛ̃ː/ - /vˈært/
[1/1] <#_w-<#_v / ˈɪ-ˈæ / r-r / ɪ-∅ / d-t / ɛ̃ː_#>-#>

-------------------

/ɔkːˈiːdɛrɛ/ - /oksˈir/
[1/1] <#_ɔ-<#_o / kː-k / ∅-s / ˈiː-ˈi / d-∅ / ɛ-∅ / r_ɛ_#>-r_#>

-------------------

/ɔpɛrˈaːriʊ̃ː/ - /obɾˈer/
[1/1] <#_ɔ-<#_o / p-b / ɛ_r-ɾ / ˈaː-ˈe / r-r / i-∅ / ʊ̃ː_#>-#>

-------------------

/ɔɫˈoːrɛ̃ː/ - /olˈor/
[1/1] <#_ɔ-<#_o / ɫ_ˈoː-l_ˈo / r-r / ɛ̃ː_#>-#>

-------------------

/ɛkswɔɫˈaːrɛ/ - /volˈar/
[1/1] ɛ-∅ / k-∅ / s-<# / w-v / ɔ-o / ɫ-l / ˈaː-ˈa / r_ɛ_#>-r_#>

-------------------

/ɡrˈandɛ̃ː/ - /ɡɾˈan/
[1/1] <#_ɡ-<#_ɡ / r_ˈa-ɾ_ˈa / n-n / d-∅ / ɛ̃ː_#>-#>

-------------------

/ɡrˈasːãː/ - /ɡrˈas/
[1/1] <#_ɡ-<#_ɡ / r-r / ˈa-ˈa / sː-s / ãː_#>-#>

-------------------

/ɡrˈasːãː/ - /ɡɾˈejʃ/
[1/1] <#_ɡ-<#_ɡ / r-ɾ / ∅-ˈe / ˈa-j / sː-ʃ / ãː_#>-#>

-------------------

/ɡrˈaːna/ - /ɡɾˈa/
[1/1] <#_ɡ-<#_ɡ / r-ɾ / ˈaː-ˈa / n-∅ / a-∅

-------------------

/ɡrˈaːnʊ̃ː/ - /ɡɾˈa/
[1/1] <#_ɡ-<#_ɡ / r-ɾ / ˈaː-ˈa / n_ʊ̃ː_#>-#>

-------------------

/ɡrˈɔsːʊ̃ː/ - /ɡɾˈɒs/
[1/1] <#_ɡ-<#_ɡ / r-ɾ / ˈɔ-ˈɒ / sː-s / ʊ̃ː_#>-#>

-------------------

/ɡɛnˈʊkʊɫʊ̃ː/ - /ʤenˈoʎ/
[1/1] <#_ɡ-<#_ʤ / ɛ-e / n-n / ˈʊ-ˈo / k_ʊ_ɫ-ʎ / ʊ̃ː_#>-#>

-------------------

/ɡɛrmˈaːnʊ̃ː/ - /ʤermˈa/
[1/1] <#_ɡ-<#_ʤ / ɛ_r-e_r / m-m / ˈaː-ˈa / n_ʊ̃ː_#>-#>

-------------------

/ɡɛɫˈaːrɛ/ - /ʤelˈar/
[1/1] <#_ɡ-<#_ʤ / ɛ-e / ɫ-l / ˈaː-ˈa / r_ɛ_#>-r_#>

-------------------

/ɡɪŋɡˈiːwãː/ - /ʤenˈivɐ/
[1/1] <#_ɡ-<#_ʤ / ɪ-e / ŋ-∅ / ɡ-n / ˈiː-ˈi / w-v / ãː_#>-ɐ_#>

-------------------

/ɡɫakiˈaːrɛ/ - /ɡlasˈar/
[1/1] <#_ɡ-<#_ɡ / ɫ-l / a_k-a / i-s / ˈaː-ˈa / r_ɛ_#>-r_#>

-------------------

/ɡɫˈakiãː/ - /ɡlˈas/
[1/1] <#_ɡ-<#_ɡ / ɫ-l / ˈa-ˈa / k-∅ / i-s / ãː_#>-#>

-------------------

/ɡɫˈakiʊ̃ː/ - /ɡlˈas/
[1/1] <#_ɡ-<#_ɡ / ɫ-l / ˈa-ˈa / k-∅ / i-s / ʊ̃ː_#>-#>

-------------------

/ɡɫˈakiʊ̃ː/ - /ʤˈɛl/
[1/1] <#_ɡ-<#_ʤ / ∅-ˈɛ / ɫ-l / ˈa-∅ / k-∅ / i-∅ / ʊ̃ː_#>-#>

-------------------

/ɡˈatːʊ̃ː/ - /ɡˈat/
[1/1] <#_ɡ-<#_ɡ / ˈa_tː-ˈa_t / ʊ̃ː_#>-#>

-------------------

/ɡˈau̯diãː/ - /ɡˈɒʧ/
[1/1] <#_ɡ-<#_ɡ / ˈau̯-ˈɒ / d_i-ʧ / ãː_#>-#>

-------------------

/ɡˈɛntɛ̃ː/ - /ʤˈent/
[1/1] <#_ɡ-<#_ʤ / ˈɛ_n-ˈe_n / t_ɛ̃ː_#>-t_#>

-------------------

/ɡˈɛnɛrʊ̃ː/ - /ʤˈændɾɜ/
[1/1] <#_ɡ-<#_ʤ / ˈɛ-ˈæ / n_ɛ-n_d / r-ɾ_ɜ / ʊ̃ː_#>-#>

-------------------

/ɡˈɛɫuː/ - /ʤˈɛl/
[1/1] <#_ɡ-<#_ʤ / ˈɛ-ˈɛ / ɫ-l / uː-∅

-------------------

/ɡˈʊtːãː/ - /ɡˈotɞ/
[1/1] <#_ɡ-<#_ɡ / ˈʊ-ˈo / tː-t / ãː_#>-ɞ_#>

-------------------

/ɡˈʊɫãː/ - /ɡˈolɞ/
[1/1] <#_ɡ-<#_ɡ / ˈʊ-ˈo / ɫ-l / ãː_#>-ɞ_#>

-------------------

/ɫeˈoːnɛ̃ː/ - /ʎeˈo/
[1/1] <#_ɫ-<#_ʎ / e-e / ˈoː-ˈo / n-∅ / ɛ̃ː_#>-#>

-------------------

/ɫɛwˈaːrɛ/ - /ʎevˈar/
[1/1] <#_ɫ-<#_ʎ / ɛ-e / w-v / ˈaː-ˈa / r_ɛ_#>-r_#>

-------------------

/ɫˈakrɪmãː/ - /ʎˈaɣɾimɐ/
[1/1] <#_ɫ-<#_ʎ / ˈa-ˈa / k-ɣ / r-ɾ / ɪ-i / m-m / ãː_#>-ɐ_#>

-------------------

/ɫˈaktɛ̃ː/ - /ʎˈet/
[1/1] <#_ɫ-<#_ʎ / ˈa_k-ˈe / t_ɛ̃ː_#>-t_#>

-------------------

/ɫˈaːnãː/ - /ʎˈanɐ/
[1/1] <#_ɫ-<#_ʎ / ˈaː-ˈa / n-n / ãː_#>-ɐ_#>

-------------------

/ɫˈuːktãː/ - /ʎˈujtɐ/
[1/1] <#_ɫ-<#_ʎ / ˈuː_k-ˈu_j / t-t / ãː_#>-ɐ_#>

-------------------

/ɫˈuːmɛ̃ː/ - /ʎˈum/
[1/1] <#_ɫ-<#_ʎ / ˈuː-ˈu / m-m / ɛ̃ː_#>-#>

-------------------

/ɫˈuːmɪna/ - /ʎˈum/
[1/1] <#_ɫ-<#_ʎ / ˈuː-ˈu / m-m / ɪ-∅ / n-∅ / a-∅

-------------------

/ɫˈuːnãː/ - /ʎˈunɐ/
[1/1] <#_ɫ-<#_ʎ / ˈuː-ˈu / n-n / ãː_#>-ɐ_#>

-------------------

/ɫˈɔkʊ̃ː/ - /ʎˈɒk/
[1/1] <#_ɫ-<#_ʎ / ˈɔ-ˈɒ / k_ʊ̃ː_#>-k_#>

-------------------

/ɫˈɔŋɡʊ̃ː/ - /ʎˈoŋk/
[1/1] <#_ɫ-<#_ʎ / ˈɔ-ˈo / ŋ-ŋ / ɡ-k / ʊ̃ː_#>-#>

-------------------

/ɫˈɛktʊ̃ː/ - /ʎˈit/
[1/1] <#_ɫ-<#_ʎ / ˈɛ_k-ˈi / t_ʊ̃ː_#>-t_#>

-------------------

/ɫˈɛpɔrɛ̃ː/ - /ʎˈeβɾɜ/
[1/1] <#_ɫ-<#_ʎ / ˈɛ-ˈe / p-β / ɔ_r-ɾ / ∅-ɜ / ɛ̃ː_#>-#>

-------------------

/ɫˈɛɡɛrɛ/ - /ʎeʤˈir/
[1/1] <#_ɫ-<#_ʎ / ∅-e / ˈɛ_ɡ-ʤ / ɛ-ˈi / r_ɛ_#>-r_#>

-------------------

/ɫˈʊpʊ̃ː/ - /ʎˈop/
[1/1] <#_ɫ-<#_ʎ / ˈʊ-ˈo / p_ʊ̃ː_#>-p_#>

-------------------

/ˈakʷãː/ - /ˈajɣwɐ/
[1/1] <#_ˈa-<#_ˈa / ∅-j / kʷ-ɣ_w / ãː_#>-ɐ_#>

-------------------

/ˈanːʊ̃ː/ - /ˈaɲ/
[1/1] <#_ˈa-<#_ˈa / nː-ɲ / ʊ̃ː_#>-#>

-------------------

/ˈarbɔrɛ̃ː/ - /ˈaβɾe/
[1/1] <#_ˈa-<#_ˈa / r-∅ / b-β / ɔ_r-ɾ / ɛ̃ː_#>-e_#>

-------------------

/ˈau̯rʊ̃ː/ - /ˈɒr/
[1/1] ˈau̯-ˈɒ / r-r / ʊ̃ː_#>-#>

-------------------

/ˈawɪkãː/ - /ˈɒkɞ/
[1/1] ˈa-∅ / w-<# / ɪ-ˈɒ / k-k / ãː_#>-ɞ_#>

-------------------

/ˈaŋɡɛɫʊ̃ː/ - /ˈaɲʤel/
[1/1] <#_ˈa-<#_ˈa / ŋ_ɡ-ɲ / ∅-ʤ / ɛ-e / ɫ-l / ʊ̃ː_#>-#>

-------------------

/ˈaɫbãː/ - /ˈalβɐ/
[1/1] <#_ˈa-<#_ˈa / ɫ-l / b-β / ãː_#>-ɐ_#>

-------------------

/ˈaɫtɛrʊ̃ː/ - /ˈaltɾe/
[1/1] <#_ˈa-<#_ˈa / ɫ_t-l_t / ɛ_r-ɾ_e / ʊ̃ː_#>-#>

-------------------

/ˈaːlʲiʊ̃ː/ - /ˈaʎ/
[1/1] ˈaː-ˈa / lʲ-ʎ / i-∅ / ʊ̃ː_#>-#>

-------------------

/ˈĩːsʊɫãː/ - /ˈiʎɐ/
[1/1] ˈĩː-<# / s-ˈi / ʊ_ɫ-ʎ / ãː_#>-ɐ_#>

-------------------

/ˈoːwʊ̃ː/ - /ˈɒw/
[1/1] ˈoː-ˈɒ / w-w / ʊ̃ː_#>-#>

-------------------

/ˈuːnʊ̃ː/ - /ˈu/
[1/1] ˈuː-ˈu / n_ʊ̃ː_#>-#>

-------------------

/ˈɔktoː/ - /wˈit/
[1/1] <#-w / ˈɔ_k-ˈi / t-t / oː_#>-#>

-------------------

/ˈɔkʊɫoːs/ - /ˈuʎs/
[1/1] <#_ˈɔ_k-<#_ˈu / ʊ_ɫ-ʎ / oː-∅ / s_#>-s_#>

-------------------

/ˈɔkʊɫʊ̃ː/ - /ˈuʎ/
[1/1] <#_ˈɔ_k-<#_ˈu / ʊ_ɫ-ʎ / ʊ̃ː_#>-#>

-------------------

/ˈɔpɛrãː/ - /ˈɒβɾɞ/
[1/1] <#_ˈɔ-<#_ˈɒ / p-β / ɛ_r-ɾ / ãː_#>-ɞ_#>

-------------------

/ˈɔsːʊ̃ː/ - /ˈɒs/
[1/1] <#_ˈɔ-<#_ˈɒ / sː-s / ʊ̃ː_#>-#>

-------------------

/ˈɛɡoː/ - /ʤˈɒ/
[1/1] ˈɛ_ɡ-ʤ / ∅-ˈɒ / oː_#>-#>

-------------------

/ˈɪlʲːãː/ - /ˈeʎɜ/
[1/1] <#_ˈɪ-<#_ˈe / lʲː-ʎ / ãː_#>-ɜ_#>

-------------------

/ˈɪlʲːɛ/ - /ˈeʎ/
[1/1] <#_ˈɪ-<#_ˈe / lʲː-∅ / ɛ-ʎ

-------------------

/ˈɪpsãː/ - /ˈeʎɜ/
[1/1] <#_ˈɪ-<#_ˈe / p_s-ʎ / ãː_#>-ɜ_#>

-------------------

/ˈɪpsʊ̃ː/ - /ˈeʎ/
[1/1] <#_ˈɪ-<#_ˈe / p_s-ʎ / ʊ̃ː_#>-#>

-------------------

/ˈʊrsʊ̃ː/ - /ˈos/
[1/1] ˈʊ-ˈo / r_s-s / ʊ̃ː_#>-#>

-------------------

/ˈʊsːʊ̃ː/ - /ˈos/
[1/1] ˈʊ-ˈo / sː-s / ʊ̃ː_#>-#>

-------------------

/ˈʊŋɡʊɫãː/ - /ˈuŋɡlɐ/
[1/1] ˈʊ-ˈu / ŋ-ŋ / ɡ-∅ / ʊ-ɡ / ɫ-l / ãː_#>-ɐ_#>

-------------------

