/amˈari/ - /mˈaɾə/
a-∅ / m-m / ˈa-ˈa / r_i-ɾ_ə
{0: [0], 1: [1], 2: [2], 3: [3, 4]}
{0: None, 1: [0], 2: [1], 3: [2, 3]}
SCORE: 17.078

-------------------

/anˈutari/ - /natˈa/
a-∅ / n-n / ˈu-∅ / t-∅ / a-a / r-t / i-ˈa
{0: [0], 1: [1], 2: [2], 3: [3], 4: [4], 5: [5], 6: [6]}
{0: None, 1: [0], 2: None, 3: None, 4: [1], 5: [2], 6: [3]}
SCORE: -2.457

-------------------

/armˈɨn/ - /romˈanə/
a-r / r-o / m-m / ˈɨ-ˈa / n-n / #>-ə_#>
{0: [0], 1: [1], 2: [2], 3: [3], 4: [4], 5: None}
{0: [0], 1: [1], 2: [2], 3: [3], 4: [4], 5: [5]}
SCORE: 22.942

-------------------

/aro̯ˈatə/ - /rˈɔtə/
a_r-r / o̯ˈa-ˈɔ / t-t / ə-ə
{0: [0, 1], 1: [2], 2: [3], 3: [4]}
{0: [0], 1: [1], 2: [2], 3: [3]}
SCORE: 20.898

-------------------

/arˈaʦi/ - /fɾˈidːə/
∅-f / a-∅ / r-ɾ / ∅-ˈi / ˈa_ʦ-dː / i-ə
{0: None, 1: [0], 2: [1], 3: None, 4: [2, 3], 5: [4]}
{0: [0], 1: None, 2: [1], 3: [2], 4: [3], 5: [4]}
SCORE: -2.408

-------------------

/arˈinə/ - /rˈinə/
a_r-r / ˈi-ˈi / n-n / ə-ə
{0: [0, 1], 1: [2], 2: [3], 3: [4]}
{0: [0], 1: [1], 2: [2], 3: [3]}
SCORE: 21.674

-------------------

/arˈoʃ/ - /rˈusːə/
a_r-r / ˈo-ˈu / ʃ-∅ / #>-sː_ə_#>
{0: [0, 1], 1: [2], 2: [3], 3: None}
{0: [0], 1: [1], 2: None, 3: [2, 3]}
SCORE: 5.533

-------------------

/arˈɨɲi/ - /rˈanʤə/
a_r-r / ˈɨ-ˈa / ∅-n / ∅-ʤ / ɲ-∅ / i-ə
{0: [0, 1], 1: [2], 2: None, 3: None, 4: [3], 5: [4]}
{0: [0], 1: [1], 2: [2], 3: [3], 4: None, 5: [4]}
SCORE: 1.662

-------------------

/aʤutˈari/ - /ajutˈa/
a_ʤ-a_j / u-u / t-t / ˈa-ˈa / r-∅ / i_#>-#>
{0: [0, 1], 1: [2], 2: [3], 3: [4], 4: [5], 5: [6]}
{0: [0, 1], 1: [2], 2: [3], 3: [4], 4: None, 5: None}
SCORE: 15.534

-------------------

/aʤˈut/ - /ajˈutə/
a_ʤ-a_j / ˈu-ˈu / t-t / #>-ə_#>
{0: [0, 1], 1: [2], 2: [3], 3: None}
{0: [0, 1], 1: [2], 2: [3], 3: [4]}
SCORE: 16.704

-------------------

/be̯ˈari/ - /vˈevə/
b-v / e̯ˈa-ˈe / r-v / i-ə
{0: [0], 1: [1], 2: [2], 3: [3]}
{0: [0], 1: [1], 2: [2], 3: [3]}
SCORE: 16.359

-------------------

/bo̯ˈaʦi/ - /vˈuʃə/
b-v / o̯ˈa-ˈu / ʦ-ʃ / i-ə
{0: [0], 1: [1], 2: [2], 3: [3]}
{0: [0], 1: [1], 2: [2], 3: [3]}
SCORE: 17.648

-------------------

/bˈow/ - /vˈuə/
b-v / ˈo-ˈu / w-∅ / #>-ə_#>
{0: [0], 1: [1], 2: [2], 3: None}
{0: [0], 1: [1], 2: None, 3: [2]}
SCORE: 6.482

-------------------

/bˈun/ - /bwˈɔnə/
b-b_w / ˈu_n-ˈɔ_n / #>-ə_#>
{0: [0], 1: [1, 2], 2: None}
{0: [0, 1], 1: [2, 3], 2: [4]}
SCORE: 19.429

-------------------

/bˈune/ - /bwˈɔnə/
b-b_w / ˈu_n-ˈɔ_n / e-ə
{0: [0], 1: [1, 2], 2: [3]}
{0: [0, 1], 1: [2, 3], 2: [4]}
SCORE: 23.749

-------------------

/bˈuni/ - /bwˈɔnə/
b-b_w / ˈu_n-ˈɔ_n / i-ə
{0: [0], 1: [1, 2], 2: [3]}
{0: [0, 1], 1: [2, 3], 2: [4]}
SCORE: 23.183

-------------------

/bˈunə/ - /bwˈɔnə/
b-b_w / ˈu_n-ˈɔ_n / ə-ə
{0: [0], 1: [1, 2], 2: [3]}
{0: [0, 1], 1: [2, 3], 2: [4]}
SCORE: 23.752

-------------------

/do̯ˈamnə/ - /dˈɔnːə/
d-d / o̯ˈa-ˈɔ / m-∅ / n-nː / ə-ə
{0: [0], 1: [1], 2: [2], 3: [3], 4: [4]}
{0: [0], 1: [1], 2: None, 3: [2], 4: [3]}
SCORE: 13.973

-------------------

/do̯ˈawə/ - /dˈujə/
d-d / o̯ˈa-ˈu / ∅-j / w-∅ / ə-ə
{0: [0], 1: [1], 2: None, 3: [2], 4: [3]}
{0: [0], 1: [1], 2: [2], 3: None, 4: [3]}
SCORE: 4.714

-------------------

/durɲˈiri/ - /doɾmˈi/
d-d / u-o / r-ɾ / ɲ-m / ˈi_r-ˈi / i_#>-#>
{0: [0], 1: [1], 2: [2], 3: [3], 4: [4, 5], 5: [6]}
{0: [0], 1: [1], 2: [2], 3: [3], 4: [4], 5: None}
SCORE: 23.979

-------------------

/dˈari/ - /dˈa/
d-d / ˈa-ˈa / r-∅ / i_#>-#>
{0: [0], 1: [1], 2: [2], 3: [3]}
{0: [0], 1: [1], 2: None, 3: None}
SCORE: 8.326

-------------------

/dˈinti/ - /dˈɛntə/
d-d / ˈi-ˈɛ / n-n / t-t / i-ə
{0: [0], 1: [1], 2: [2], 3: [3], 4: [4]}
{0: [0], 1: [1], 2: [2], 3: [3], 4: [4]}
SCORE: 25.386

-------------------

/dˈosprəʣaʦi/ - /dˈuɾəʃə/
d-d / ˈo-ˈu / s-∅ / p-∅ / r-ɾ / ə-ə / ʣ-∅ / a-∅ / ʦ-ʃ / i-ə
{0: [0], 1: [1], 2: [2], 3: [3], 4: [4], 5: [5], 6: [6], 7: [7], 8: [8], 9: [9]}
{0: [0], 1: [1], 2: None, 3: None, 4: [2], 5: [3], 6: None, 7: None, 8: [4], 9: [5]}
SCORE: 8.216

-------------------

/dˈulʦi/ - /dˈoʃə/
d-d / ˈu-ˈo / l-∅ / ʦ-ʃ / i-ə
{0: [0], 1: [1], 2: [2], 3: [3], 4: [4]}
{0: [0], 1: [1], 2: None, 3: [2], 4: [3]}
SCORE: 16.183

-------------------

/e̯ˈa/ - /ˈesːə/
e̯ˈa-ˈe / #>-sː_ə_#>
{0: [0], 1: None}
{0: [0], 1: [1, 2]}
SCORE: 7.488

-------------------

/e̯ˈarbə/ - /ˈɛɾvə/
e̯ˈa-ˈɛ / r-ɾ / b-v / ə-ə
{0: [0], 1: [1], 2: [2], 3: [3]}
{0: [0], 1: [1], 2: [2], 3: [3]}
SCORE: 19.012

-------------------

/fe̯ˈaminə/ - /fˈemːənə/
f-f / e̯ˈa-ˈe / m-mː / i_n-ə_n / ə-ə
{0: [0], 1: [1], 2: [2], 3: [3, 4], 4: [5]}
{0: [0], 1: [1], 2: [2], 3: [3, 4], 4: [5]}
SCORE: 34.12

-------------------

/flo̯ˈari/ - /ʃˈoɾə/
<#-<#_ʃ / f-∅ / l-∅ / o̯ˈa-ˈo / r_i-ɾ_ə
{0: None, 1: [0], 2: [1], 3: [2], 4: [3, 4]}
{0: [0], 1: None, 2: None, 3: [1], 4: [2, 3]}
SCORE: 4.718

-------------------

/fo̯ˈami/ - /fˈamːe/
f-f / ∅-ˈa / o̯ˈa-∅ / m-mː / i-e
{0: [0], 1: None, 2: [1], 3: [2], 4: [3]}
{0: [0], 1: [1], 2: None, 3: [2], 4: [3]}
SCORE: 11.4

-------------------

/fərˈinə/ - /fˈaɾinə/
f-f / ∅-ˈa / ə-∅ / r-ɾ / ∅-i / ˈi-∅ / n-n / ə-ə
{0: [0], 1: None, 2: [1], 3: [2], 4: None, 5: [3], 6: [4], 7: [5]}
{0: [0], 1: [1], 2: None, 3: [2], 4: [3], 5: None, 6: [4], 7: [5]}
SCORE: 2.205

-------------------

/fˈok/ - /fwˈɔkə/
f-f / ˈo-w_ˈɔ / k-k / #>-ə_#>
{0: [0], 1: [1], 2: [2], 3: None}
{0: [0], 1: [1, 2], 2: [3], 3: [4]}
SCORE: 18.111

-------------------

/fˈum/ - /fˈumːə/
f-f / ˈu-ˈu / m-mː / #>-ə_#>
{0: [0], 1: [1], 2: [2], 3: None}
{0: [0], 1: [1], 2: [2], 3: [3]}
SCORE: 20.794

-------------------

/ispˈanja/ - /spˈaɲːə/
i-∅ / s-s / p-p / ˈa-ˈa / n-ɲː / j-ə / a-∅
{0: [0], 1: [1], 2: [2], 3: [3], 4: [4], 5: [5], 6: [6]}
{0: None, 1: [0], 2: [1], 3: [2], 4: [3], 5: [4], 6: None}
SCORE: 14.991

-------------------

/jiɲˈiri/ - /vənˈi/
j-v / i-ə_n / ɲ-∅ / ˈi_r-ˈi / i_#>-#>
{0: [0], 1: [1], 2: [2], 3: [3, 4], 4: [5]}
{0: [0], 1: [1, 2], 2: None, 3: [3], 4: None}
SCORE: 2.127

-------------------

/jiʦˈin/ - /viʃˈinə/
j-v / i-i / ʦ-ʃ / ˈi-ˈi / n-n / #>-ə_#>
{0: [0], 1: [1], 2: [2], 3: [3], 4: [4], 5: None}
{0: [0], 1: [1], 2: [2], 3: [3], 4: [4], 5: [5]}
SCORE: 22.396

-------------------

/jiʦˈɨl/ - /vitjˈɛlːə/
j-v / i-i / ʦ-t / ˈɨ-∅ / l-j / ∅-ˈɛ / #>-lː_ə_#>
{0: [0], 1: [1], 2: [2], 3: [3], 4: [4], 5: None, 6: None}
{0: [0], 1: [1], 2: [2], 3: None, 4: [3], 5: [4], 6: [5, 6]}
SCORE: 0.041

-------------------

/jˈarnə/ - /vjˈɛɾnə/
<#-<#_v / j-j / ˈa-ˈɛ / r_n-ɾ_n / ə-ə
{0: None, 1: [0], 2: [1], 3: [2, 3], 4: [4]}
{0: [0], 1: [1], 2: [2], 3: [3, 4], 4: [5]}
SCORE: 22.224

-------------------

/jˈermu/ - /vˈɛɾmənə/
j-v / ˈe-ˈɛ / r-ɾ / m-m / u-ə / ∅-n / #>-ə_#>
{0: [0], 1: [1], 2: [2], 3: [3], 4: [4], 5: None, 6: None}
{0: [0], 1: [1], 2: [2], 3: [3], 4: [4], 5: [5], 6: [6]}
SCORE: 14.997

-------------------

/jˈin/ - /vˈinə/
j-v / ˈi-ˈi / n-n / #>-ə_#>
{0: [0], 1: [1], 2: [2], 3: None}
{0: [0], 1: [1], 2: [2], 3: [3]}
SCORE: 13.509

-------------------

/jˈo/ - /jˈo/
j-j / ˈo-ˈo
{0: [0], 1: [1]}
{0: [0], 1: [1]}
SCORE: 10.196

-------------------

/ke̯ˈali/ - /pˈɛlːə/
k-p / e̯ˈa-ˈɛ / l-lː / i-ə
{0: [0], 1: [1], 2: [2], 3: [3]}
{0: [0], 1: [1], 2: [2], 3: [3]}
SCORE: 14.878

-------------------

/ke̯ˈatrə/ - /pɾˈɛtə/
k-p / ∅-ɾ / e̯ˈa-ˈɛ / t-t / r-∅ / ə-ə
{0: [0], 1: None, 2: [1], 3: [2], 4: [3], 5: [4]}
{0: [0], 1: [1], 2: [2], 3: [3], 4: None, 5: [4]}
SCORE: 7.343

-------------------

/ko̯ˈadə/ - /kˈoɾə/
k-k / o̯ˈa-ˈo / d-ɾ / ə-ə
{0: [0], 1: [1], 2: [2], 3: [3]}
{0: [0], 1: [1], 2: [2], 3: [3]}
SCORE: 20.052

-------------------

/kre̯ˈadiri/ - /krˈeɾəɾə/
k-k / r-r / e̯ˈa-ˈe / d-ɾ / i-ə / r_i-ɾ_ə
{0: [0], 1: [1], 2: [2], 3: [3], 4: [4], 5: [5, 6]}
{0: [0], 1: [1], 2: [2], 3: [3], 4: [4], 5: [5, 6]}
SCORE: 29.76

-------------------

/krˈuʦi/ - /kɾˈuʃə/
k-k / r-ɾ / ˈu-ˈu / ʦ-ʃ / i-ə
{0: [0], 1: [1], 2: [2], 3: [3], 4: [4]}
{0: [0], 1: [1], 2: [2], 3: [3], 4: [4]}
SCORE: 25.598

-------------------

/kuno̯ˈaʃtiri/ - /kunˈoʃːə/
k-k / u-u / n-n / o̯ˈa-ˈo / ʃ_t-ʃː / i_r-ə / i_#>-#>
{0: [0], 1: [1], 2: [2], 3: [3], 4: [4, 5], 5: [6, 7], 6: [8]}
{0: [0], 1: [1], 2: [2], 3: [3], 4: [4], 5: [5], 6: None}
SCORE: 28.107

-------------------

/kətˈinə/ - /katˈinə/
k-k / ə-a / t-t / ˈi-ˈi / n-n / ə-ə
{0: [0], 1: [1], 2: [2], 3: [3], 4: [4], 5: [5]}
{0: [0], 1: [1], 2: [2], 3: [3], 4: [4], 5: [5]}
SCORE: 27.363

-------------------

/kɨntˈari/ - /kantˈaɾə/
k-k / ∅-a / ɨ-∅ / n-n / t-t / ˈa-ˈa / r_i-ɾ_ə
{0: [0], 1: None, 2: [1], 3: [2], 4: [3], 5: [4], 6: [5, 6]}
{0: [0], 1: [1], 2: None, 3: [2], 4: [3], 5: [4], 6: [5, 6]}
SCORE: 20.379

-------------------

/kʎimˈari/ - /kjamˈa/
k-k / ʎ-j / ∅-a / i-∅ / m-m / ˈa-ˈa / r-∅ / i_#>-#>
{0: [0], 1: [1], 2: None, 3: [2], 4: [3], 5: [4], 6: [5], 7: [6]}
{0: [0], 1: [1], 2: [2], 3: None, 4: [3], 5: [4], 6: None, 7: None}
SCORE: 5.889

-------------------

/kʎˈaj/ - /kjˈavə/
k-k / ʎ-j / ˈa-ˈa / j-v / #>-ə_#>
{0: [0], 1: [1], 2: [2], 3: [3], 4: None}
{0: [0], 1: [1], 2: [2], 3: [3], 4: [4]}
SCORE: 16.881

-------------------

/kˈaldu/ - /kˈawdə/
k-k / ˈa-ˈa / l-w / d-d / u-ə
{0: [0], 1: [1], 2: [2], 3: [3], 4: [4]}
{0: [0], 1: [1], 2: [2], 3: [3], 4: [4]}
SCORE: 22.42

-------------------

/kˈap/ - /kˈapə/
k-k / ˈa-ˈa / p-p / #>-ə_#>
{0: [0], 1: [1], 2: [2], 3: None}
{0: [0], 1: [1], 2: [2], 3: [3]}
SCORE: 17.746

-------------------

/kˈaprə/ - /kɾˈapə/
k-k_ɾ / ˈa-ˈa / p-p / r-∅ / ə-ə
{0: [0], 1: [1], 2: [2], 3: [3], 4: [4]}
{0: [0, 1], 1: [2], 2: [3], 3: None, 4: [4]}
SCORE: 14.768

-------------------

/kˈarni/ - /kˈaɾnə/
k-k / ˈa-ˈa / r_n-ɾ_n / i-ə
{0: [0], 1: [1], 2: [2, 3], 3: [4]}
{0: [0], 1: [1], 2: [2, 3], 3: [4]}
SCORE: 26.353

-------------------

/kˈasə/ - /kˈasə/
k-k / ˈa-ˈa / s-s / ə-ə
{0: [0], 1: [1], 2: [2], 3: [3]}
{0: [0], 1: [1], 2: [2], 3: [3]}
SCORE: 22.741

-------------------

/kˈeptu/ - /pjˈɛtːə/
k-p / ˈe-j_ˈɛ / p_t-tː / u-ə
{0: [0], 1: [1], 2: [2, 3], 3: [4]}
{0: [0], 1: [1, 2], 2: [3], 3: [4]}
SCORE: 17.262

-------------------

/kˈornu/ - /kwˈɔɾnə/
k-k / ˈo-w_ˈɔ / r_n-ɾ_n / u-ə
{0: [0], 1: [1], 2: [2, 3], 3: [4]}
{0: [0], 1: [1, 2], 2: [3, 4], 3: [5]}
SCORE: 25.541

-------------------

/kˈorpu/ - /kwˈɔɾpə/
k-k / ˈo-w_ˈɔ / r-ɾ / p-p / u-ə
{0: [0], 1: [1], 2: [2], 3: [3], 4: [4]}
{0: [0], 1: [1, 2], 2: [3], 3: [4], 4: [5]}
SCORE: 24.164

-------------------

/kˈur/ - /kˈulə/
k-k / ˈu-ˈu / r_#>-l_ə_#>
{0: [0], 1: [1], 2: [2]}
{0: [0], 1: [1], 2: [2, 3]}
SCORE: 16.09

-------------------

/kˈɨne/ - /kˈanə/
k-k / ˈɨ-ˈa / n-n / e-ə
{0: [0], 1: [1], 2: [2], 3: [3]}
{0: [0], 1: [1], 2: [2], 3: [3]}
SCORE: 21.629

-------------------

/kˈɨntu/ - /kˈantə/
k-k / ˈɨ-ˈa / n-n / t-t / u-ə
{0: [0], 1: [1], 2: [2], 3: [3], 4: [4]}
{0: [0], 1: [1], 2: [2], 3: [3], 4: [4]}
SCORE: 25.86

-------------------

/le̯ˈaʤi/ - /lˈeʤːə/
<#_l-<#_l / e̯ˈa-ˈe / ∅-ʤː / ʤ-∅ / i-ə
{0: [0], 1: [1], 2: None, 3: [2], 4: [3]}
{0: [0], 1: [1], 2: [2], 3: None, 4: [3]}
SCORE: 7.757

-------------------

/lo̯ˈari/ - /ləvˈa/
<#_l-<#_l / ∅-ə / o̯ˈa-∅ / r-v / i-ˈa
{0: [0], 1: None, 2: [1], 3: [2], 4: [3]}
{0: [0], 1: [1], 2: None, 3: [2], 4: [3]}
SCORE: 0.687

-------------------

/lˈak/ - /lˈakə/
<#_l-<#_l / ˈa-ˈa / k-k / #>-ə_#>
{0: [0], 1: [1], 2: [2], 3: None}
{0: [0], 1: [1], 2: [2], 3: [3]}
SCORE: 18.107

-------------------

/lˈakrimə/ - /lˈakɾimə/
<#_l-<#_l / ˈa-ˈa / k-k / r-ɾ / i-i / m-m / ə-ə
{0: [0], 1: [1], 2: [2], 3: [3], 4: [4], 5: [5], 6: [6]}
{0: [0], 1: [1], 2: [2], 3: [3], 4: [4], 5: [5], 6: [6]}
SCORE: 34.972

-------------------

/lˈapti/ - /lˈatːə/
<#_l-<#_l / ˈa-ˈa / p_t-tː / i-ə
{0: [0], 1: [1], 2: [2, 3], 3: [4]}
{0: [0], 1: [1], 2: [2], 3: [3]}
SCORE: 22.377

-------------------

/lˈemnu/ - /lˈiɲːə/
<#_l-<#_l / ˈe-ˈi / m-∅ / n-ɲː / u-ə
{0: [0], 1: [1], 2: [2], 3: [3], 4: [4]}
{0: [0], 1: [1], 2: None, 3: [2], 4: [3]}
SCORE: 15.819

-------------------

/lˈimbə/ - /lˈeŋɡwə/
<#_l-<#_l / ˈi-ˈe / ∅-ŋ / m-ɡ / b-w / ə-ə
{0: [0], 1: [1], 2: None, 3: [2], 4: [3], 5: [4]}
{0: [0], 1: [1], 2: [2], 3: [3], 4: [4], 5: [5]}
SCORE: 12.588

-------------------

/lˈok/ - /lwˈɔkə/
<#_l-<#_l / ˈo-w_ˈɔ / k-k / #>-ə_#>
{0: [0], 1: [1], 2: [2], 3: None}
{0: [0], 1: [1, 2], 2: [3], 3: [4]}
SCORE: 17.379

-------------------

/lˈumi/ - /lˈuʃə/
<#_l-<#_l / ˈu-ˈu / ∅-ʃ / m-∅ / i-ə
{0: [0], 1: [1], 2: None, 3: [2], 4: [3]}
{0: [0], 1: [1], 2: [2], 3: None, 4: [3]}
SCORE: 8.044

-------------------

/lˈunə/ - /lˈunə/
<#_l-<#_l / ˈu-ˈu / n-n / ə-ə
{0: [0], 1: [1], 2: [2], 3: [3]}
{0: [0], 1: [1], 2: [2], 3: [3]}
SCORE: 22.983

-------------------

/lˈup/ - /lˈupə/
<#_l-<#_l / ˈu-ˈu / p-p / #>-ə_#>
{0: [0], 1: [1], 2: [2], 3: None}
{0: [0], 1: [1], 2: [2], 3: [3]}
SCORE: 19.353

-------------------

/lˈuŋɡu/ - /lwˈɔŋɡə/
<#-<#_l / l-w / ˈu-ˈɔ / ∅-ŋ / ŋ-∅ / ɡ-ɡ / u-ə
{0: None, 1: [0], 2: [1], 3: None, 4: [2], 5: [3], 6: [4]}
{0: [0], 1: [1], 2: [2], 3: [3], 4: None, 5: [4], 6: [5]}
SCORE: 6.247

-------------------

/lˈɨnə/ - /lˈanə/
<#_l-<#_l / ˈɨ-ˈa / n-n / ə-ə
{0: [0], 1: [1], 2: [2], 3: [3]}
{0: [0], 1: [1], 2: [2], 3: [3]}
SCORE: 22.69

-------------------

/mo̯ˈarti/ - /mˈɔɾtə/
m-m / o̯ˈa-ˈɔ / r-ɾ / t-t / i-ə
{0: [0], 1: [1], 2: [2], 3: [3], 4: [4]}
{0: [0], 1: [1], 2: [2], 3: [3], 4: [4]}
SCORE: 24.786

-------------------

/murˈiri/ - /muɾˈi/
m-m / u-u / r-ɾ / ˈi_r-ˈi / i_#>-#>
{0: [0], 1: [1], 2: [2], 3: [3, 4], 4: [5]}
{0: [0], 1: [1], 2: [2], 3: [3], 4: None}
SCORE: 18.611

-------------------

/muʎˈari/ - /muʎːˈɛɾə/
m-m / u-u / ʎ-ʎː / ˈa-ˈɛ / r_i-ɾ_ə
{0: [0], 1: [1], 2: [2], 3: [3], 4: [4, 5]}
{0: [0], 1: [1], 2: [2], 3: [3], 4: [4, 5]}
SCORE: 31.885

-------------------

/mətˈur/ - /matˈuɾə/
m-m / ə-a / t-t / ˈu-ˈu / r-ɾ / #>-ə_#>
{0: [0], 1: [1], 2: [2], 3: [3], 4: [4], 5: None}
{0: [0], 1: [1], 2: [2], 3: [3], 4: [4], 5: [5]}
SCORE: 23.315

-------------------

/mˈari/ - /ɡɾˈanːə/
m-ɡ / ∅-ɾ / ˈa-ˈa / ∅-nː / r_i-ə
{0: [0], 1: None, 2: [1], 3: None, 4: [2, 3]}
{0: [0], 1: [1], 2: [2], 3: [3], 4: [4]}
SCORE: 0.571

-------------------

/mˈuskə/ - /mˈuskə/
m-m / ˈu-ˈu / s-s / k-k / ə-ə
{0: [0], 1: [1], 2: [2], 3: [3], 4: [4]}
{0: [0], 1: [1], 2: [2], 3: [3], 4: [4]}
SCORE: 28.605

-------------------

/mˈɨnə/ - /mˈanə/
m-m / ˈɨ-ˈa / n-n / ə-ə
{0: [0], 1: [1], 2: [2], 3: [3]}
{0: [0], 1: [1], 2: [2], 3: [3]}
SCORE: 22.581

-------------------

/ne̯ˈawə/ - /nˈevə/
<#_n-<#_n / e̯ˈa-ˈe / w-v / ə-ə
{0: [0], 1: [1], 2: [2], 3: [3]}
{0: [0], 1: [1], 2: [2], 3: [3]}
SCORE: 20.674

-------------------

/njˈor/ - /nˈuvə/
<#_n-<#_n / j-∅ / ˈo-ˈu / r-v / #>-ə_#>
{0: [0], 1: [1], 2: [2], 3: [3], 4: None}
{0: [0], 1: None, 2: [1], 3: [2], 4: [3]}
SCORE: 7.67

-------------------

/no̯ˈapti/ - /nˈotːə/
<#_n-<#_n / o̯ˈa-ˈo / p_t-tː / i-ə
{0: [0], 1: [1], 2: [2, 3], 3: [4]}
{0: [0], 1: [1], 2: [2], 3: [3]}
SCORE: 23.301

-------------------

/nˈaw/ - /nwˈɔvə/
<#_n-<#_n / ˈa-w / w-ˈɔ_v / #>-ə_#>
{0: [0], 1: [1], 2: [2], 3: None}
{0: [0], 1: [1], 2: [2, 3], 3: [4]}
SCORE: 10.786

-------------------

/nˈaʃtiri/ - /nˈaʃːə/
<#_n-<#_n / ˈa-ˈa / ʃ_t-ʃː / i_r-ə / i_#>-#>
{0: [0], 1: [1], 2: [2, 3], 3: [4, 5], 4: [6]}
{0: [0], 1: [1], 2: [2], 3: [3], 4: None}
SCORE: 18.923

-------------------

/nˈel/ - /anjˈɛlːə/
<#-<#_a / n-n / ˈe-j_ˈɛ / l_#>-lː_ə_#>
{0: None, 1: [0], 2: [1], 3: [2]}
{0: [0], 1: [1], 2: [2, 3], 3: [4, 5]}
SCORE: 12.811

-------------------

/nˈeɡru/ - /nˈiɾə/
<#_n-<#_n / ˈe-ˈi / ɡ-∅ / r-ɾ / u-ə
{0: [0], 1: [1], 2: [2], 3: [3], 4: [4]}
{0: [0], 1: [1], 2: None, 3: [2], 4: [3]}
SCORE: 14.992

-------------------

/nˈoj/ - /nˈujə/
<#_n-<#_n / ˈo-ˈu / j-j / #>-ə_#>
{0: [0], 1: [1], 2: [2], 3: None}
{0: [0], 1: [1], 2: [2], 3: [3]}
SCORE: 16.429

-------------------

/nˈostru/ - /nwˈɔstɾə/
<#_n-<#_n / ˈo-w_ˈɔ / s-s / t-t / r-ɾ / u-ə
{0: [0], 1: [1], 2: [2], 3: [3], 4: [4], 5: [5]}
{0: [0], 1: [1, 2], 2: [3], 3: [4], 4: [5], 5: [6]}
SCORE: 30.896

-------------------

/nˈowə/ - /nˈɔvə/
<#_n-<#_n / ˈo-ˈɔ / w-v / ə-ə
{0: [0], 1: [1], 2: [2], 3: [3]}
{0: [0], 1: [1], 2: [2], 3: [3]}
SCORE: 20.698

-------------------

/nˈukə/ - /nˈoʧə/
<#_n-<#_n / ˈu-ˈo / ∅-ʧ / k_ə-ə
{0: [0], 1: [1], 2: None, 3: [2, 3]}
{0: [0], 1: [1], 2: [2], 3: [3]}
SCORE: 8.969

-------------------

/nˈumə/ - /nˈomːə/
<#_n-<#_n / ˈu-ˈo / m-mː / ə-ə
{0: [0], 1: [1], 2: [2], 3: [3]}
{0: [0], 1: [1], 2: [2], 3: [3]}
SCORE: 22.11

-------------------

/pe̯ˈanə/ - /pˈinːə/
p-p / e̯ˈa-ˈi / n-nː / ə-ə
{0: [0], 1: [1], 2: [2], 3: [3]}
{0: [0], 1: [1], 2: [2], 3: [3]}
SCORE: 17.547

-------------------

/pe̯ˈaʃti/ - /pˈeʃːə/
p-p / e̯ˈa-ˈe / ʃ_t-ʃː / i-ə
{0: [0], 1: [1], 2: [2, 3], 3: [4]}
{0: [0], 1: [1], 2: [2], 3: [3]}
SCORE: 23.476

-------------------

/pidˈukʎu/ - /peɾˈukːjə/
p-p / i-e / d-ɾ / ˈu-ˈu / k-kː / ʎ-j / u-ə
{0: [0], 1: [1], 2: [2], 3: [3], 4: [4], 5: [5], 6: [6]}
{0: [0], 1: [1], 2: [2], 3: [3], 4: [4], 5: [5], 6: [6]}
SCORE: 31.957

-------------------

/ple̯ˈaɡə/ - /kjˈaɡə/
p_l-k_j / e̯ˈa-ˈa / ɡ-ɡ / ə-ə
{0: [0, 1], 1: [2], 2: [3], 3: [4]}
{0: [0, 1], 1: [2], 2: [3], 3: [4]}
SCORE: 21.105

-------------------

/plo̯ˈaj/ - /kjˈɔʤːə/
p_l-k_j / o̯ˈa-ˈɔ / ∅-ʤː / j-ə
{0: [0, 1], 1: [2], 2: None, 3: [3]}
{0: [0, 1], 1: [2], 2: [3], 3: [4]}
SCORE: 11.752

-------------------

/plˈin/ - /kjˈɛnə/
p_l-k_j / ˈi-ˈɛ / n-n / #>-ə_#>
{0: [0, 1], 1: [2], 2: [3], 3: None}
{0: [0, 1], 1: [2], 2: [3], 3: [4]}
SCORE: 18.868

-------------------

/plˈɨnʣiri/ - /kjˈaɲːəɾə/
p_l-k_j / ˈɨ-ˈa / n-ɲː / ʣ-∅ / i-ə / r_i-ɾ_ə
{0: [0, 1], 1: [2], 2: [3], 3: [4], 4: [5], 5: [6, 7]}
{0: [0, 1], 1: [2], 2: [3], 3: None, 4: [4], 5: [5, 6]}
SCORE: 26.554

-------------------

/po̯ˈarkə/ - /pwˈɔrkə/
p-p / ∅-w / o̯ˈa-ˈɔ / r_k-r_k / ə-ə
{0: [0], 1: None, 2: [1], 3: [2, 3], 4: [4]}
{0: [0], 1: [1], 2: [2], 3: [3, 4], 4: [5]}
SCORE: 22.194

-------------------

/pute̯ˈari/ - /putˈɛ/
p-p / u-u / t-t / e̯ˈa-ˈɛ / r-∅ / i_#>-#>
{0: [0], 1: [1], 2: [2], 3: [3], 4: [4], 5: [5]}
{0: [0], 1: [1], 2: [2], 3: [3], 4: None, 5: None}
SCORE: 16.345

-------------------

/pɨntˈikə/ - /pˈanʦə/
p-p / ∅-ˈa / ɨ-∅ / n-n / t_ˈi_k-ʦ / ə-ə
{0: [0], 1: None, 2: [1], 3: [2], 4: [3, 4, 5], 5: [6]}
{0: [0], 1: [1], 2: None, 3: [2], 4: [3], 5: [4]}
SCORE: 7.583

-------------------

/pˈatru/ - /kwˈatːo/
p-k / ∅-w / ˈa-ˈa / t-tː / r_u-o
{0: [0], 1: None, 2: [1], 3: [2], 4: [3, 4]}
{0: [0], 1: [1], 2: [2], 3: [3], 4: [4]}
SCORE: 13.007

-------------------

/pˈer/ - /pˈelə/
p-p / ˈe-ˈe / r_#>-l_ə_#>
{0: [0], 1: [1], 2: [2]}
{0: [0], 1: [1], 2: [2, 3]}
SCORE: 15.525

-------------------

/pˈorku/ - /pwˈɔrkə/
p-p / ˈo-w_ˈɔ / r_k-r_k / u-ə
{0: [0], 1: [1], 2: [2, 3], 3: [4]}
{0: [0], 1: [1, 2], 2: [3, 4], 3: [5]}
SCORE: 26.77

-------------------

/pˈunti/ - /pˈontə/
p-p / ˈu-ˈo / n-n / t-t / i-ə
{0: [0], 1: [1], 2: [2], 3: [3], 4: [4]}
{0: [0], 1: [1], 2: [2], 3: [3], 4: [4]}
SCORE: 24.537

-------------------

/pˈuʦ/ - /pˈuʦːə/
p-p / ˈu-ˈu / ∅-ʦː / ʦ-∅ / #>-ə_#>
{0: [0], 1: [1], 2: None, 3: [2], 4: None}
{0: [0], 1: [1], 2: [2], 3: None, 4: [3]}
SCORE: 3.93

-------------------

/pˈɨni/ - /pˈanə/
p-p / ˈɨ-ˈa / n-n / i-ə
{0: [0], 1: [1], 2: [2], 3: [3]}
{0: [0], 1: [1], 2: [2], 3: [3]}
SCORE: 21.76

-------------------

/se̯ˈakə/ - /sˈikːə/
s-s / e̯ˈa-ˈi / k_ə-kː_ə
{0: [0], 1: [1], 2: [2, 3]}
{0: [0], 1: [1], 2: [2, 3]}
SCORE: 23.496

-------------------

/se̯ˈarə/ - /sˈiɾə/
s-s / e̯ˈa-ˈi / r-ɾ / ə-ə
{0: [0], 1: [1], 2: [2], 3: [3]}
{0: [0], 1: [1], 2: [2], 3: [3]}
SCORE: 20.228

-------------------

/skrˈiiri/ - /ʃkɾˈiviɾə/
s-ʃ / k-k / r-ɾ / ˈi-ˈi / i-v_i / r_i-ɾ_ə
{0: [0], 1: [1], 2: [2], 3: [3], 4: [4], 5: [5, 6]}
{0: [0], 1: [1], 2: [2], 3: [3], 4: [4, 5], 5: [6, 7]}
SCORE: 28.637

-------------------

/skˈik/ - /ʃpˈikə/
s-ʃ / k-p / ˈi-ˈi / k-k / #>-ə_#>
{0: [0], 1: [1], 2: [2], 3: [3], 4: None}
{0: [0], 1: [1], 2: [2], 3: [3], 4: [4]}
SCORE: 17.779

-------------------

/so̯ˈari/ - /sˈolə/
s-s / o̯ˈa-ˈo / r-l / i-ə
{0: [0], 1: [1], 2: [2], 3: [3]}
{0: [0], 1: [1], 2: [2], 3: [3]}
SCORE: 21.201

-------------------

/spˈatə/ - /ʃpˈatə/
s-ʃ / p-p / ˈa-ˈa / t-t / ə-ə
{0: [0], 1: [1], 2: [2], 3: [3], 4: [4]}
{0: [0], 1: [1], 2: [2], 3: [3], 4: [4]}
SCORE: 26.233

-------------------

/sˈare/ - /sˈalə/
s-s / ˈa-ˈa / r-l / e-ə
{0: [0], 1: [1], 2: [2], 3: [3]}
{0: [0], 1: [1], 2: [2], 3: [3]}
SCORE: 20.965

-------------------

/sˈek/ - /sˈikːə/
s-s / ˈe-ˈi / k-kː_ə
{0: [0], 1: [1], 2: [2]}
{0: [0], 1: [1], 2: [2, 3]}
SCORE: 17.843

-------------------

/sˈuprə/ - /sˈuprə/
s-s / ˈu-ˈu / p-p / r-r / ə-ə
{0: [0], 1: [1], 2: [2], 3: [3], 4: [4]}
{0: [0], 1: [1], 2: [2], 3: [3], 4: [4]}
SCORE: 27.945

-------------------

/sˈutə/ - /ʃˈɛntə/
s-ʃ / ∅-ˈɛ / ˈu-n / t-t / ə-ə
{0: [0], 1: None, 2: [1], 3: [2], 4: [3]}
{0: [0], 1: [1], 2: [2], 3: [3], 4: [4]}
SCORE: 11.239

-------------------

/sˈɨmtu/ - /sˈantə/
s-s / ˈɨ-ˈa / m-n / t-t / u-ə
{0: [0], 1: [1], 2: [2], 3: [3], 4: [4]}
{0: [0], 1: [1], 2: [2], 3: [3], 4: [4]}
SCORE: 23.763

-------------------

/sˈɨnʤi/ - /sˈaŋɡə/
s-s / ˈɨ-ˈa / n-ŋ / ∅-ɡ / ʤ-∅ / i-ə
{0: [0], 1: [1], 2: [2], 3: None, 4: [3], 5: [4]}
{0: [0], 1: [1], 2: [2], 3: [3], 4: None, 5: [4]}
SCORE: 10.045

-------------------

/trˈej/ - /tɾˈej/
<#_t-<#_t / r-ɾ / ˈe-ˈe / j-j
{0: [0], 1: [1], 2: [2], 3: [3]}
{0: [0], 1: [1], 2: [2], 3: [3]}
SCORE: 23.003

-------------------

/tˈatə/ - /pˈatɾə/
<#_t-<# / ∅-p / ˈa-ˈa / t-t / ∅-ɾ / ə-ə
{0: [0], 1: None, 2: [1], 3: [2], 4: None, 5: [3]}
{0: None, 1: [0], 2: [1], 3: [2], 4: [3], 5: [4]}
SCORE: 5.122

-------------------

/tˈavru/ - /tˈɔɾə/
<#_t-<#_t / ˈa_v-ˈɔ / r-ɾ / u-ə
{0: [0], 1: [1, 2], 2: [3], 3: [4]}
{0: [0], 1: [1], 2: [2], 3: [3]}
SCORE: 19.319

-------------------

/tˈu/ - /tˈu/
<#_t-<#_t / ˈu-ˈu
{0: [0], 1: [1]}
{0: [0], 1: [1]}
SCORE: 17.197

-------------------

/tˈut/ - /tˈutːə/
<#_t-<#_t / ˈu-ˈu / t-tː / #>-ə_#>
{0: [0], 1: [1], 2: [2], 3: None}
{0: [0], 1: [1], 2: [2], 3: [3]}
SCORE: 20.615

-------------------

/ure̯ˈakʎi/ - /rˈekːjə/
u-∅ / r-r / e̯ˈa-ˈe / k-kː / ʎ-j / i-ə
{0: [0], 1: [1], 2: [2], 3: [3], 4: [4], 5: [5]}
{0: None, 1: [0], 2: [1], 3: [2], 4: [3], 5: [4]}
SCORE: 19.399

-------------------

/uʦˈidiri/ - /aʧːˈiɾəɾə/
<#-<#_a / ∅-ʧː / u-∅ / ʦ-∅ / ˈi-ˈi / d-ɾ / i-ə / r_i-ɾ_ə
{0: None, 1: None, 2: [0], 3: [1], 4: [2], 5: [3], 6: [4], 7: [5, 6]}
{0: [0], 1: [1], 2: None, 3: None, 4: [2], 5: [3], 6: [4], 7: [5, 6]}
SCORE: 3.941

-------------------

/ve̯ˈardi/ - /vˈeɾdə/
v-v / e̯ˈa-ˈe / r-ɾ / d-d / i-ə
{0: [0], 1: [1], 2: [2], 3: [3], 4: [4]}
{0: [0], 1: [1], 2: [2], 3: [3], 4: [4]}
SCORE: 26.637

-------------------

/vide̯ˈari/ - /vəɾˈe/
v-v / i-ə / d-ɾ / e̯ˈa-ˈe / r-∅ / i_#>-#>
{0: [0], 1: [1], 2: [2], 3: [3], 4: [4], 5: [5]}
{0: [0], 1: [1], 2: [2], 3: [3], 4: None, 5: None}
SCORE: 12.182

-------------------

/vˈakə/ - /vˈakːə/
v-v / ˈa-ˈa / k_ə-kː_ə
{0: [0], 1: [1], 2: [2, 3]}
{0: [0], 1: [1], 2: [2, 3]}
SCORE: 24.389

-------------------

/vˈekʎu/ - /vjˈɛkːjə/
v-v / ˈe-j_ˈɛ / k-kː / ʎ-j / u-ə
{0: [0], 1: [1], 2: [2], 3: [3], 4: [4]}
{0: [0], 1: [1, 2], 2: [3], 3: [4], 4: [5]}
SCORE: 24.376

-------------------

/vˈimtu/ - /vjˈɛnto/
v-v_j / ˈi-ˈɛ / m-n / t-t / u-o
{0: [0], 1: [1], 2: [2], 3: [3], 4: [4]}
{0: [0, 1], 1: [2], 2: [3], 3: [4], 4: [5]}
SCORE: 20.166

-------------------

/vˈoj/ - /vˈujə/
v-v / ˈo-ˈu / j-j / #>-ə_#>
{0: [0], 1: [1], 2: [2], 3: None}
{0: [0], 1: [1], 2: [2], 3: [3]}
SCORE: 15.888

-------------------

/çˈer/ - /fjˈɛrːə/
ç-f / ˈe-j_ˈɛ / r-rː / #>-ə_#>
{0: [0], 1: [1], 2: [2], 3: None}
{0: [0], 1: [1, 2], 2: [3], 3: [4]}
SCORE: 15.08

-------------------

/çˈikat/ - /fˈekatə/
ç-f / ˈi-ˈe / k-k / a-a / t-t / #>-ə_#>
{0: [0], 1: [1], 2: [2], 3: [3], 4: [4], 5: None}
{0: [0], 1: [1], 2: [2], 3: [3], 4: [4], 5: [5]}
SCORE: 25.668

-------------------

/çˈir/ - /fˈilə/
ç-f / ˈi-ˈi / r_#>-l_ə_#>
{0: [0], 1: [1], 2: [2]}
{0: [0], 1: [1], 2: [2, 3]}
SCORE: 17.637

-------------------

/çˈiʎ/ - /fˈiʎːə/
ç-f / ˈi-ˈi / ʎ_#>-ʎː_ə_#>
{0: [0], 1: [1], 2: [2]}
{0: [0], 1: [1], 2: [2, 3]}
SCORE: 22.024

-------------------

/çˈiʎi/ - /fˈiʎːə/
ç-f / ˈi-ˈi / ʎ-ʎː / i-ə
{0: [0], 1: [1], 2: [2], 3: [3]}
{0: [0], 1: [1], 2: [2], 3: [3]}
SCORE: 24.928

-------------------

/ɡrˈos/ - /ɡrwˈɔsːə/
ɡ-ɡ / r-r / ˈo-w / s-ˈɔ_sː / #>-ə_#>
{0: [0], 1: [1], 2: [2], 3: [3], 4: None}
{0: [0], 1: [1], 2: [2], 3: [3, 4], 4: [5]}
SCORE: 19.688

-------------------

/ɲˈel/ - /aɲjˈɛlːə/
<#-<#_a / ɲ-ɲ / ˈe-j_ˈɛ / l_#>-lː_ə_#>
{0: None, 1: [0], 2: [1], 3: [2]}
{0: [0], 1: [1], 2: [2, 3], 3: [4, 5]}
SCORE: 13.331

-------------------

/ɲˈeri/ - /mjˈɛlə/
ɲ-m_j / ˈe-ˈɛ / r-l / i-ə
{0: [0], 1: [1], 2: [2], 3: [3]}
{0: [0, 1], 1: [2], 2: [3], 3: [4]}
SCORE: 21.135

-------------------

/ɲˈeʣu/ - /mjˈɛʦːə/
ɲ-m_j / ˈe-ˈɛ / ʣ-ʦː / u-ə
{0: [0], 1: [1], 2: [2], 3: [3]}
{0: [0, 1], 1: [2], 2: [3], 3: [4]}
SCORE: 20.631

-------------------

/ɲˈiʎe/ - /mˈilːə/
ɲ-m / ˈi-ˈi / ∅-lː / ʎ-∅ / e-ə
{0: [0], 1: [1], 2: None, 3: [2], 4: [3]}
{0: [0], 1: [1], 2: [2], 3: None, 4: [3]}
SCORE: 7.95

-------------------

/ʃkˈurtu/ - /kˈuɾtə/
ʃ-∅ / k-k / ˈu-ˈu / r-ɾ / t-t / u-ə
{0: [0], 1: [1], 2: [2], 3: [3], 4: [4], 5: [5]}
{0: None, 1: [0], 2: [1], 3: [2], 4: [3], 5: [4]}
SCORE: 20.259

-------------------

/ʃˈapti/ - /sˈɛtːə/
ʃ-s / ˈa-ˈɛ / p_t-tː / i-ə
{0: [0], 1: [1], 2: [2, 3], 3: [4]}
{0: [0], 1: [1], 2: [2], 3: [3]}
SCORE: 16.822

-------------------

/ʎˈuftə/ - /lˈutːə/
<#-<#_l / ʎ-∅ / ˈu-ˈu / f-∅ / t-tː / ə-ə
{0: None, 1: [0], 2: [1], 3: [2], 4: [3], 5: [4]}
{0: [0], 1: None, 2: [1], 3: None, 4: [2], 5: [3]}
SCORE: 9.109

-------------------

/ʣinʣˈii/ - /ʤinʤˈiə/
ʣ-ʤ / i-i / n-n / ʣ-ʤ / ˈi-ˈi / i-ə
{0: [0], 1: [1], 2: [2], 3: [3], 4: [4], 5: [5]}
{0: [0], 1: [1], 2: [2], 3: [3], 4: [4], 5: [5]}
SCORE: 28.679

-------------------

/ʣinˈukʎu/ - /dənˈukːjə/
ʣ-d / i_n-ə_n / ˈu-ˈu / k-kː / ʎ-j / u-ə
{0: [0], 1: [1, 2], 2: [3], 3: [4], 4: [5], 5: [6]}
{0: [0], 1: [1, 2], 2: [3], 3: [4], 4: [5], 5: [6]}
SCORE: 35.001

-------------------

/ʣˈaʦi/ - /djˈɛʃi/
ʣ-d / ∅-j / ˈa-ˈɛ / ʦ-ʃ / i-i
{0: [0], 1: None, 2: [1], 3: [2], 4: [3]}
{0: [0], 1: [1], 2: [2], 3: [3], 4: [4]}
SCORE: 17.075

-------------------

/ʣˈer/ - /jˈelə/
<#_ʣ-<#_j / ˈe-ˈe / r_#>-l_ə_#>
{0: [0], 1: [1], 2: [2]}
{0: [0], 1: [1], 2: [2, 3]}
SCORE: 8.404

-------------------

/ʣˈiniri/ - /jˈenəɾə/
<#_ʣ-<#_j / ˈi-ˈe / n-n / i-ə / r_i-ɾ_ə
{0: [0], 1: [1], 2: [2], 3: [3], 4: [4, 5]}
{0: [0], 1: [1], 2: [2], 3: [3], 4: [4, 5]}
SCORE: 19.744

-------------------

/ʣˈuə/ - /jˈornə/
<#_ʣ-<#_j / ˈu-ˈo / ∅-r / ∅-n / ə-ə
{0: [0], 1: [1], 2: None, 3: None, 4: [2]}
{0: [0], 1: [1], 2: [2], 3: [3], 4: [4]}
SCORE: -1.265

-------------------

/ʣˈə/ - /dˈiə/
ʣ-d / ˈə-ˈi / #>-ə_#>
{0: [0], 1: [1], 2: None}
{0: [0], 1: [1], 2: [2]}
SCORE: 14.238

-------------------

/ʣˈəʦiri/ - /dˈiɾə/
ʣ-d / ˈə-ˈi / ʦ-∅ / i_r-ɾ / i-ə
{0: [0], 1: [1], 2: [2], 3: [3, 4], 4: [5]}
{0: [0], 1: [1], 2: None, 3: [2], 4: [3]}
SCORE: 13.542

-------------------

/ʤˈintə/ - /ʤˈɛntə/
ʤ-ʤ / ˈi-ˈɛ / n-n / t-t / ə-ə
{0: [0], 1: [1], 2: [2], 3: [3], 4: [4]}
{0: [0], 1: [1], 2: [2], 3: [3], 4: [4]}
SCORE: 22.559

-------------------

/ʤˈok/ - /jwˈɔkə/
ʤ-j / ˈo-w_ˈɔ / k-k / #>-ə_#>
{0: [0], 1: [1], 2: [2], 3: None}
{0: [0], 1: [1, 2], 2: [3], 3: [4]}
SCORE: 9.497

-------------------

/ʤˈoni/ - /ʤˈovənə/
ʤ-ʤ / ˈo-ˈo / ∅-v / n-ə_n / i-ə
{0: [0], 1: [1], 2: None, 3: [2], 4: [3]}
{0: [0], 1: [1], 2: [2], 3: [3, 4], 4: [5]}
SCORE: 8.858

-------------------

/ʦe̯ˈarə/ - /ʃˈiɾə/
ʦ-ʃ / e̯ˈa-ˈi / r-ɾ / ə-ə
{0: [0], 1: [1], 2: [2], 3: [3]}
{0: [0], 1: [1], 2: [2], 3: [3]}
SCORE: 19.629

-------------------

/ʦire̯ˈaʃə/ - /ʃeɾˈasə/
ʦ-ʃ / i-e / r-ɾ / e̯ˈa-ˈa / ʃ-s / ə-ə
{0: [0], 1: [1], 2: [2], 3: [3], 4: [4], 5: [5]}
{0: [0], 1: [1], 2: [2], 3: [3], 4: [4], 5: [5]}
SCORE: 22.697

-------------------

/ʦitˈati/ - /ʃitˈa/
ʦ-ʃ / i-i / t-t / ˈa_t-ˈa / i_#>-#>
{0: [0], 1: [1], 2: [2], 3: [3, 4], 4: [5]}
{0: [0], 1: [1], 2: [2], 3: [3], 4: None}
SCORE: 16.804

-------------------

/ʦˈarə/ - /tˈɛrːə/
ʦ-t / ˈa-ˈɛ / r-rː / ə-ə
{0: [0], 1: [1], 2: [2], 3: [3]}
{0: [0], 1: [1], 2: [2], 3: [3]}
SCORE: 13.884

-------------------

/ʦˈer/ - /ʃˈɛlə/
ʦ-ʃ / ˈe-ˈɛ / r_#>-l_ə_#>
{0: [0], 1: [1], 2: [2]}
{0: [0], 1: [1], 2: [2, 3]}
SCORE: 16.624

-------------------

/ʦˈine/ - /kˈi/
ʦ-k / ˈi-ˈi / n-∅ / e-∅
{0: [0], 1: [1], 2: [2], 3: [3]}
{0: [0], 1: [1], 2: None, 3: None}
SCORE: 0.752

-------------------

/ʦˈinʦi/ - /ʃˈiŋkə/
ʦ-ʃ / ˈi-ˈi / n_ʦ-ŋ_k / i-ə
{0: [0], 1: [1], 2: [2, 3], 3: [4]}
{0: [0], 1: [1], 2: [2, 3], 3: [4]}
SCORE: 23.393

-------------------

/ʧˈumə/ - /ʃˈimə/
ʧ-ʃ / ∅-ˈi / ˈu-∅ / m-m / ə-ə
{0: [0], 1: None, 2: [1], 3: [2], 4: [3]}
{0: [0], 1: [1], 2: None, 3: [2], 4: [3]}
SCORE: 5.523

-------------------

/ˈak/ - /ˈakə/
<#_ˈa-<#_ˈa / k-k / #>-ə_#>
{0: [0], 1: [1], 2: None}
{0: [0], 1: [1], 2: [2]}
SCORE: 14.423

-------------------

/ˈalbu/ - /jˈaŋkə/
<#-<#_j / ˈa-ˈa / ∅-ŋ / l-k / b-∅ / u-ə
{0: None, 1: [0], 2: None, 3: [1], 4: [2], 5: [3]}
{0: [0], 1: [1], 2: [2], 3: [3], 4: None, 5: [4]}
SCORE: 1.096

-------------------

/ˈaltu/ - /ˈawtɾə/
<#_ˈa-<#_ˈa / l-w / t-t / u-ɾ_ə
{0: [0], 1: [1], 2: [2], 3: [3]}
{0: [0], 1: [1], 2: [2], 3: [3, 4]}
SCORE: 16.447

-------------------

/ˈan/ - /ˈanːə/
<#_ˈa-<#_ˈa / n-nː / #>-ə_#>
{0: [0], 1: [1], 2: None}
{0: [0], 1: [1], 2: [2]}
SCORE: 11.524

-------------------

/ˈapə/ - /ˈakːwə/
<#_ˈa-<#_ˈa / ∅-kː / ∅-w / p-∅ / ə-ə
{0: [0], 1: None, 2: None, 3: [1], 4: [2]}
{0: [0], 1: [1], 2: [2], 3: None, 4: [3]}
SCORE: -0.619

-------------------

/ˈarburi/ - /ˈarvulə/
<#_ˈa-<#_ˈa / r-r / b-v / u-u / r-l / i-ə
{0: [0], 1: [1], 2: [2], 3: [3], 4: [4], 5: [5]}
{0: [0], 1: [1], 2: [2], 3: [3], 4: [4], 5: [5]}
SCORE: 29.746

-------------------

/ˈavru/ - /ˈɔɾə/
ˈa_v-ˈɔ / r-ɾ / u-ə
{0: [0, 1], 1: [2], 2: [3]}
{0: [0], 1: [1], 2: [2]}
SCORE: 12.574

-------------------

/ˈaʎ/ - /ˈaʎːə/
<#_ˈa-<#_ˈa / ʎ_#>-ʎː_ə_#>
{0: [0], 1: [1]}
{0: [0], 1: [1, 2]}
SCORE: 17.302

-------------------

/ˈel/ - /ˈisːə/
ˈe-ˈi / ∅-sː / l-ə
{0: [0], 1: None, 2: [1]}
{0: [0], 1: [1], 2: [2]}
SCORE: 3.192

-------------------

/ˈinimə/ - /ˈaɾmə/
<#-<#_ˈa / ˈi-∅ / n-∅ / i-ɾ / m-m / ə-ə
{0: None, 1: [0], 2: [1], 3: [2], 4: [3], 5: [4]}
{0: [0], 1: None, 2: None, 3: [1], 4: [2], 5: [3]}
SCORE: 5.073

-------------------

/ˈokʎi/ - /wˈɔkːjə/
<#-<#_w / ˈo-ˈɔ / k-kː / ʎ-j / i-ə
{0: None, 1: [0], 2: [1], 3: [2], 4: [3]}
{0: [0], 1: [1], 2: [2], 3: [3], 4: [4]}
SCORE: 19.569

-------------------

/ˈokʎu/ - /wˈɔkːjə/
<#-<#_w / ˈo-ˈɔ / k-kː / ʎ-j / u-ə
{0: None, 1: [0], 2: [1], 3: [2], 4: [3]}
{0: [0], 1: [1], 2: [2], 3: [3], 4: [4]}
SCORE: 19.484

-------------------

/ˈom/ - /ˈɔmːə/
ˈo-ˈɔ / m-mː / #>-ə_#>
{0: [0], 1: [1], 2: None}
{0: [0], 1: [1], 2: [2]}
SCORE: 14.375

-------------------

/ˈoptu/ - /ˈɔtːə/
ˈo-ˈɔ / p_t-tː / u-ə
{0: [0], 1: [1, 2], 2: [3]}
{0: [0], 1: [1], 2: [2]}
SCORE: 17.156

-------------------

/ˈos/ - /wˈɔsːə/
ˈo-w / s-ˈɔ_sː / #>-ə_#>
{0: [0], 1: [1], 2: None}
{0: [0], 1: [1, 2], 2: [3]}
SCORE: 10.998

-------------------

/ˈow/ - /wˈɔvə/
<#-<#_w / ˈo-ˈɔ / w-v / #>-ə_#>
{0: None, 1: [0], 2: [1], 3: None}
{0: [0], 1: [1], 2: [2], 3: [3]}
SCORE: 9.931

-------------------

/ˈun/ - /ˈunə/
ˈu-ˈu / n-n / #>-ə_#>
{0: [0], 1: [1], 2: None}
{0: [0], 1: [1], 2: [2]}
SCORE: 13.236

-------------------

/ˈursu/ - /ˈuɾso/
ˈu-ˈu / r-ɾ / s-s / u-o
{0: [0], 1: [1], 2: [2], 3: [3]}
{0: [0], 1: [1], 2: [2], 3: [3]}
SCORE: 24.734
