/blˈaːd/ - /blˈad/
b-b / l-l / ˈaː-ˈa / d-d
{0: [0], 1: [1], 2: [2], 3: [3]}
{0: [0], 1: [1], 2: [2], 3: [3]}
SCORE: 24.524

-------------------

/blˈeːdən/ - /blˈuə̯da/
b-b / l-l / ∅-ˈuə̯ / ˈeː-∅ / d-d / ə_n-a
{0: [0], 1: [1], 2: None, 3: [2], 4: [3], 5: [4, 5]}
{0: [0], 1: [1], 2: [2], 3: None, 4: [3], 5: [4]}
SCORE: 11.43

-------------------

/blˈoːd/ - /blˈuə̯d/
b-b / l-l / ˈoː-ˈuə̯ / d-d
{0: [0], 1: [1], 2: [2], 3: [3]}
{0: [0], 1: [1], 2: [2], 3: [3]}
SCORE: 24.528

-------------------

/blˈoːmə/ - /blˈɔə̯m/
b-b / l-l / ˈoː-ˈɔə̯ / m-m / ə-∅
{0: [0], 1: [1], 2: [2], 3: [3], 4: [4]}
{0: [0], 1: [1], 2: [2], 3: [3], 4: None}
SCORE: 21.897

-------------------

/brˈeːst/ - /bʁˈuʃd/
b-b / r_ˈeː-ʁ / ∅-ˈu / s_t-ʃ_d
{0: [0], 1: [1, 2], 2: None, 3: [3, 4]}
{0: [0], 1: [1], 2: [2], 3: [3, 4]}
SCORE: 14.194

-------------------

/brˈiʤ/ - /bʁˈuɡ/
b-b / r-ʁ / ˈi_ʤ-ˈu_ɡ
{0: [0], 1: [1], 2: [2, 3]}
{0: [0], 1: [1], 2: [2, 3]}
SCORE: 18.499

-------------------

/brˈoːðər/ - /bʁˈuə̯dʌ/
b-b / r-ʁ / ˈoː-ˈuə̯ / ð-d / ə_r-ʌ
{0: [0], 1: [1], 2: [2], 3: [3], 4: [4, 5]}
{0: [0], 1: [1], 2: [2], 3: [3], 4: [4]}
SCORE: 25.115

-------------------

/brˈɛːd/ - /bʁˈoːd/
b-b / r-ʁ / ˈɛː-ˈoː / d-d
{0: [0], 1: [1], 2: [2], 3: [3]}
{0: [0], 1: [1], 2: [2], 3: [3]}
SCORE: 21.899

-------------------

/bˈaθ/ - /bˈaːd/
b-b / ˈa-ˈaː / θ-d
{0: [0], 1: [1], 2: [2]}
{0: [0], 1: [1], 2: [2]}
SCORE: 17.0

-------------------

/bˈidən/ - /bˈɪda/
b-b / ˈi-ˈɪ / d-d / ə_n-a
{0: [0], 1: [1], 2: [2], 3: [3, 4]}
{0: [0], 1: [1], 2: [2], 3: [3]}
SCORE: 21.976

-------------------

/bˈiːndən/ - /bˈɛnda/
b-b / ˈiː-ˈɛ / n-n / d-d / ə_n-a
{0: [0], 1: [1], 2: [2], 3: [3], 4: [4, 5]}
{0: [0], 1: [1], 2: [2], 3: [3], 4: [4]}
SCORE: 21.054

-------------------

/bˈiːtən/ - /bˈəi̯sa/
b-b / ˈiː-ˈəi̯ / t-s / ə_n-a
{0: [0], 1: [1], 2: [2], 3: [3, 4]}
{0: [0], 1: [1], 2: [2], 3: [3]}
SCORE: 20.982

-------------------

/bˈoːk/ - /bˈuə̯x/
b-b / ˈoː-ˈuə̯ / ∅-x / k_#>-#>
{0: [0], 1: [1], 2: None, 3: [2]}
{0: [0], 1: [1], 2: [2], 3: None}
SCORE: 7.615

-------------------

/bˈɔːn/ - /bˈɔe̯/
b-b / ˈɔː-ˈɔe̯ / n_#>-#>
{0: [0], 1: [1], 2: [2]}
{0: [0], 1: [1], 2: None}
SCORE: 12.705

-------------------

/bˈɛrx/ - /bˈɛʕɡ/
b-b / ˈɛ-ˈɛ / r-ʕ / x-ɡ
{0: [0], 1: [1], 2: [2], 3: [3]}
{0: [0], 1: [1], 2: [2], 3: [3]}
SCORE: 21.042

-------------------

/bˈɛtrə/ - /bˈɛsʌ/
b-b / ˈɛ-ˈɛ / t-s / r_ə-ʌ
{0: [0], 1: [1], 2: [2], 3: [3, 4]}
{0: [0], 1: [1], 2: [2], 3: [3]}
SCORE: 19.022

-------------------

/bˈɛːm/ - /bˈoːm/
b-b / ˈɛː-ˈoː / m-m
{0: [0], 1: [1], 2: [2]}
{0: [0], 1: [1], 2: [2]}
SCORE: 21.379

-------------------

/bˈɛːrə/ - /bˈɛːʕ/
b-b / ∅-ˈɛː / ˈɛː-∅ / r-ʕ / ə-∅
{0: [0], 1: None, 2: [1], 3: [2], 4: [3]}
{0: [0], 1: [1], 2: None, 3: [2], 4: None}
SCORE: -2.012

-------------------

/drˈeːmən/ - /dʁˈae̯ma/
d_r-d_ʁ / ˈeː-ˈae̯ / m-m / ə_n-a
{0: [0, 1], 1: [2], 2: [3], 3: [4, 5]}
{0: [0, 1], 1: [2], 2: [3], 3: [4]}
SCORE: 22.805

-------------------

/drˈiŋkən/ - /dʁˈɪŋɡa/
d_r-d_ʁ / ˈi-ˈɪ / ŋ-ŋ / k-ɡ / ə_n-a
{0: [0, 1], 1: [2], 2: [3], 3: [4], 4: [5, 6]}
{0: [0, 1], 1: [2], 2: [3], 3: [4], 4: [5]}
SCORE: 29.746

-------------------

/drˈiːvən/ - /dʁˈəi̯ba/
d_r-d_ʁ / ˈiː-ˈəi̯ / v-b / ə_n-a
{0: [0, 1], 1: [2], 2: [3], 3: [4, 5]}
{0: [0, 1], 1: [2], 2: [3], 3: [4]}
SCORE: 23.863

-------------------

/drˈiːə/ - /dʁˈoɡa/
d_r-d_ʁ / ∅-ˈo / ˈiː-ɡ / ə-a
{0: [0, 1], 1: None, 2: [2], 3: [3]}
{0: [0, 1], 1: [2], 2: [3], 3: [4]}
SCORE: 8.655

-------------------

/drˈɛːm/ - /dʁˈao̯m/
d_r-d_ʁ / ˈɛː-ˈao̯ / m-m
{0: [0, 1], 1: [2], 2: [3]}
{0: [0, 1], 1: [2], 2: [3]}
SCORE: 19.728

-------------------

/dˈeːp/ - /dˈiə̯f/
d-d / ˈeː-ˈiə̯ / p_#>-f_#>
{0: [0], 1: [1], 2: [2]}
{0: [0], 1: [1], 2: [2]}
SCORE: 17.565

-------------------

/dˈeːr/ - /dˈiːʕ/
d-d / ˈeː-ˈiː / r-ʕ
{0: [0], 1: [1], 2: [2]}
{0: [0], 1: [1], 2: [2]}
SCORE: 15.199

-------------------

/dˈeːrə/ - /dˈəi̯ʌ/
d-d / ˈeː-ˈəi̯ / r_ə-ʌ
{0: [0], 1: [1], 2: [2, 3]}
{0: [0], 1: [1], 2: [2]}
SCORE: 9.934

-------------------

/dˈuːvə/ - /dˈao̯b/
d-d / ˈuː-ˈao̯ / v-b / ə-∅
{0: [0], 1: [1], 2: [2], 3: [3]}
{0: [0], 1: [1], 2: [2], 3: None}
SCORE: 13.481

-------------------

/dˈæi̯/ - /dˈaːɡ/
d-d / ˈæi̯-ˈaː_ɡ
{0: [0], 1: [1]}
{0: [0], 1: [1, 2]}
SCORE: 14.82

-------------------

/dˈɔu̯xtər/ - /dˈoxdʌ/
d-d / ∅-ˈo / ˈɔu̯-∅ / x-x / t-d / ə_r-ʌ
{0: [0], 1: None, 2: [1], 3: [2], 4: [3], 5: [4, 5]}
{0: [0], 1: [1], 2: None, 3: [2], 4: [3], 5: [4]}
SCORE: 8.781

-------------------

/dˈɔːx/ - /dˈɔe̯ɡ/
d-d / ˈɔː-ˈɔe̯ / x-ɡ
{0: [0], 1: [1], 2: [2]}
{0: [0], 1: [1], 2: [2]}
SCORE: 16.597

-------------------

/dˈɛːd/ - /dˈoːd/
d-d / ˈɛː-ˈoː / d-d
{0: [0], 1: [1], 2: [2]}
{0: [0], 1: [1], 2: [2]}
SCORE: 17.851

-------------------

/dˈɛːθ/ - /dˈoːd/
d-d / ˈɛː-ˈoː / θ-d
{0: [0], 1: [1], 2: [2]}
{0: [0], 1: [1], 2: [2]}
SCORE: 17.4

-------------------

/flˈiːən/ - /flˈiə̯ɡa/
f-f / l-l / ˈiː-ˈiə̯_ɡ / ə_n-a
{0: [0], 1: [1], 2: [2], 3: [3, 4]}
{0: [0], 1: [1], 2: [2, 3], 3: [4]}
SCORE: 19.671

-------------------

/flˈɛːʃ/ - /flˈɔe̯ʃ/
f-f / l_ˈɛː-l / ∅-ˈɔe̯ / ʃ-ʃ
{0: [0], 1: [1, 2], 2: None, 3: [3]}
{0: [0], 1: [1], 2: [2], 3: [3]}
SCORE: 11.58

-------------------

/frˈeːnd/ - /fʁˈae̯nd/
f-f / r-ʁ / ˈeː-ˈae̯ / n-n / d-d
{0: [0], 1: [1], 2: [2], 3: [3], 4: [4]}
{0: [0], 1: [1], 2: [2], 3: [3], 4: [4]}
SCORE: 22.616

-------------------

/frˈeːzən/ - /fʁˈiːʁa/
f-f / r-ʁ / ˈeː-ˈiː / ∅-ʁ / z-∅ / ə_n-a
{0: [0], 1: [1], 2: [2], 3: None, 4: [3], 5: [4, 5]}
{0: [0], 1: [1], 2: [2], 3: [3], 4: None, 5: [4]}
SCORE: 8.66

-------------------

/frˈɛʃ/ - /fʁˈiʃ/
f-f / r-ʁ / ∅-ˈi / ˈɛ-∅ / ʃ-ʃ
{0: [0], 1: [1], 2: None, 3: [2], 4: [3]}
{0: [0], 1: [1], 2: [2], 3: None, 4: [3]}
SCORE: 7.833

-------------------

/fˈaːdər/ - /fˈadʌ/
f-f / ˈaː-ˈa / d-d / ə_r-ʌ
{0: [0], 1: [1], 2: [2], 3: [3, 4]}
{0: [0], 1: [1], 2: [2], 3: [3]}
SCORE: 22.54

-------------------

/fˈeːlən/ - /fˈiːla/
f-f / ˈeː-ˈiː / l-l / ə_n-a
{0: [0], 1: [1], 2: [2], 3: [3, 4]}
{0: [0], 1: [1], 2: [2], 3: [3]}
SCORE: 21.002

-------------------

/fˈeːt/ - /fˈiə̯s/
f-f / ˈeː-ˈiə̯ / t-s
{0: [0], 1: [1], 2: [2]}
{0: [0], 1: [1], 2: [2]}
SCORE: 16.351

-------------------

/fˈiŋɡər/ - /fˈeŋʌ/
f-f / ˈi-ˈe / ŋ_ɡ-ŋ / ə_r-ʌ
{0: [0], 1: [1], 2: [2, 3], 3: [4, 5]}
{0: [0], 1: [1], 2: [2], 3: [3]}
SCORE: 22.965

-------------------

/fˈiʃ/ - /fˈiʃ/
f-f / ˈi-ˈi / ʃ-ʃ
{0: [0], 1: [1], 2: [2]}
{0: [0], 1: [1], 2: [2]}
SCORE: 19.856

-------------------

/fˈiːndən/ - /fˈɪnda/
f_ˈiː-f / ∅-ˈɪ / n-n / d-d / ə_n-a
{0: [0, 1], 1: None, 2: [2], 3: [3], 4: [4, 5]}
{0: [0], 1: [1], 2: [2], 3: [3], 4: [4]}
SCORE: 9.942

-------------------

/fˈiːr/ - /fˈəi̯ʌ/
f-f / ˈiː-ˈəi̯ / r-ʌ
{0: [0], 1: [1], 2: [2]}
{0: [0], 1: [1], 2: [2]}
SCORE: 18.294

-------------------

/fˈiːv/ - /fˈɛmf/
f-f / ˈiː-ˈɛ / ∅-m / v-f
{0: [0], 1: [1], 2: None, 3: [2]}
{0: [0], 1: [1], 2: [2], 3: [3]}
SCORE: 7.059

-------------------

/fˈoːt/ - /fˈuə̯s/
f-f / ˈoː-ˈuə̯ / t-s
{0: [0], 1: [1], 2: [2]}
{0: [0], 1: [1], 2: [2]}
SCORE: 18.486

-------------------

/fˈuɫ/ - /fˈol/
f-f / ˈu-ˈo / ɫ-l
{0: [0], 1: [1], 2: [2]}
{0: [0], 1: [1], 2: [2]}
SCORE: 19.953

-------------------

/fˈuːəɫ/ - /fˈoːɡl̩/
f-f / ∅-ˈoː / ˈuː-∅ / ə-ɡ / ɫ-l
{0: [0], 1: None, 2: [1], 3: [2], 4: [3]}
{0: [0], 1: [1], 2: None, 3: [2], 4: [3]}
SCORE: 2.064

-------------------

/fˈɔks/ - /fˈuɡs/
f-f / ∅-ˈu / ˈɔ-∅ / k-ɡ / s-s
{0: [0], 1: None, 2: [1], 3: [2], 4: [3]}
{0: [0], 1: [1], 2: None, 3: [2], 4: [3]}
SCORE: 7.657

-------------------

/fˈɔr/ - /fˈiʌ/
f-f / ∅-ˈi / ˈɔ-∅ / r-ʌ
{0: [0], 1: None, 2: [1], 3: [2]}
{0: [0], 1: [1], 2: None, 3: [2]}
SCORE: 3.079

-------------------

/fˈɔu̯r/ - /fˈiʕ/
f-f / ∅-ˈi / ˈɔu̯-∅ / r-ʕ
{0: [0], 1: None, 2: [1], 3: [2]}
{0: [0], 1: [1], 2: None, 3: [2]}
SCORE: 2.609

-------------------

/fˈɔɫwən/ - /fˈolɡa/
f-f / ˈɔ-ˈo / ɫ-l / w-∅ / ə-ɡ / n-a
{0: [0], 1: [1], 2: [2], 3: [3], 4: [4], 5: [5]}
{0: [0], 1: [1], 2: [2], 3: None, 4: [3], 5: [4]}
SCORE: 11.848

-------------------

/fˈɛðər/ - /fˈɛːdʌ/
f-f / ∅-ˈɛː / ˈɛ-∅ / ð-d / ə_r-ʌ
{0: [0], 1: None, 2: [1], 3: [2], 4: [3, 4]}
{0: [0], 1: [1], 2: None, 3: [2], 4: [3]}
SCORE: 6.738

-------------------

/hˈaɫf/ - /hˈalb/
h-h / ˈa-ˈa / ɫ-l / f_#>-b_#>
{0: [0], 1: [1], 2: [2], 3: [3]}
{0: [0], 1: [1], 2: [2], 3: [3]}
SCORE: 26.974

-------------------

/hˈaːvən/ - /hˈan/
h-h / ˈaː-ˈa / v-∅ / ə-∅ / n-n
{0: [0], 1: [1], 2: [2], 3: [3], 4: [4]}
{0: [0], 1: [1], 2: None, 3: None, 4: [2]}
SCORE: 10.098

-------------------

/hˈeːrən/ - /hˈeːʁa/
h-h / ˈeː-ˈeː / r-ʁ / ə_n-a
{0: [0], 1: [1], 2: [2], 3: [3, 4]}
{0: [0], 1: [1], 2: [2], 3: [3]}
SCORE: 19.283

-------------------

/hˈiːd/ - /hˈao̯d/
h-h / ∅-ˈao̯ / ˈiː_d-d
{0: [0], 1: None, 2: [1, 2]}
{0: [0], 1: [1], 2: [2]}
SCORE: 5.681

-------------------

/hˈundrəd/ - /hˈondʌd/
h-h / ˈu-ˈo / n-n / d_r-d / ə-ʌ / d-d
{0: [0], 1: [1], 2: [2], 3: [3, 4], 4: [5], 5: [6]}
{0: [0], 1: [1], 2: [2], 3: [3], 4: [4], 5: [5]}
SCORE: 28.51

-------------------

/hˈuniː/ - /hˈoːnɪɡ/
h-h / ˈu-ˈoː / n-n / iː-ɪ / #>-ɡ_#>
{0: [0], 1: [1], 2: [2], 3: [3], 4: None}
{0: [0], 1: [1], 2: [2], 3: [3], 4: [4]}
SCORE: 25.266

-------------------

/hˈuŋɡər/ - /hˈoŋʌ/
h-h / ˈu-ˈo / ŋ_ɡ-ŋ / ə_r-ʌ
{0: [0], 1: [1], 2: [2, 3], 3: [4, 5]}
{0: [0], 1: [1], 2: [2], 3: [3]}
SCORE: 23.729

-------------------

/hˈuːnd/ - /hˈond/
h-h / ∅-ˈo / ˈuː-∅ / n-n / d-d
{0: [0], 1: None, 2: [1], 3: [2], 4: [3]}
{0: [0], 1: [1], 2: None, 3: [2], 4: [3]}
SCORE: 8.41

-------------------

/hˈuːs/ - /hˈao̯s/
h-h / ˈuː-ˈao̯ / s-s
{0: [0], 1: [1], 2: [2]}
{0: [0], 1: [1], 2: [2]}
SCORE: 20.395

-------------------

/hˈæi̯ç/ - /hˈao̯x/
h-h / ˈæi̯-ˈao̯ / ç-x
{0: [0], 1: [1], 2: [2]}
{0: [0], 1: [1], 2: [2]}
SCORE: 14.584

-------------------

/hˈɔrn/ - /hˈoʕn/
h-h / ˈɔ-ˈo / r-ʕ / n-n
{0: [0], 1: [1], 2: [2], 3: [3]}
{0: [0], 1: [1], 2: [2], 3: [3]}
SCORE: 20.588

-------------------

/hˈɔrs/ - /ʁˈos/
<#-<#_ʁ / h-∅ / ˈɔ-ˈo / r-∅ / s-s
{0: None, 1: [0], 2: [1], 3: [2], 4: [3]}
{0: [0], 1: None, 2: [1], 3: None, 4: [2]}
SCORE: 2.169

-------------------

/hˈɔːliː/ - /hˈae̯lɪɡ/
h-h / ˈɔː-ˈae̯ / l-l / iː-ɪ / #>-ɡ_#>
{0: [0], 1: [1], 2: [2], 3: [3], 4: None}
{0: [0], 1: [1], 2: [2], 3: [3], 4: [4]}
SCORE: 26.531

-------------------

/hˈɔːm/ - /hˈɔe̯m/
h-h / ˈɔː-ˈɔe̯ / m-m
{0: [0], 1: [1], 2: [2]}
{0: [0], 1: [1], 2: [2]}
SCORE: 21.945

-------------------

/hˈɔːnd/ - /hˈaːd/
h-h / ∅-ˈaː / ˈɔː-∅ / n_d-d
{0: [0], 1: None, 2: [1], 3: [2, 3]}
{0: [0], 1: [1], 2: None, 3: [2]}
SCORE: 0.679

-------------------

/hˈɔːt/ - /hˈɔe̯s/
h-h / ˈɔː-ˈɔe̯ / t-s
{0: [0], 1: [1], 2: [2]}
{0: [0], 1: [1], 2: [2]}
SCORE: 19.143

-------------------

/hˈɛn/ - /hˈɛn/
h-h / ˈɛ-ˈɛ / n-n
{0: [0], 1: [1], 2: [2]}
{0: [0], 1: [1], 2: [2]}
SCORE: 20.029

-------------------

/hˈɛrtə/ - /hˈɛʕʦ/
h-h / ˈɛ-ˈɛ / r-ʕ / t-ʦ / ə-∅
{0: [0], 1: [1], 2: [2], 3: [3], 4: [4]}
{0: [0], 1: [1], 2: [2], 3: [3], 4: None}
SCORE: 18.732

-------------------

/hˈɛɫpən/ - /hˈɛlfa/
h-h / ˈɛ-ˈɛ / ɫ-l / p-f / ə_n-a
{0: [0], 1: [1], 2: [2], 3: [3], 4: [4, 5]}
{0: [0], 1: [1], 2: [2], 3: [3], 4: [4]}
SCORE: 28.217

-------------------

/hˈɛːd/ - /hˈao̯bd/
h-h / ˈɛː-ˈao̯ / ∅-b / d-d
{0: [0], 1: [1], 2: None, 3: [2]}
{0: [0], 1: [1], 2: [2], 3: [3]}
SCORE: 11.857

-------------------

/hˈɛːr/ - /hˈɔːʕ/
h-h / ˈɛː-ˈɔː / r-ʕ
{0: [0], 1: [1], 2: [2]}
{0: [0], 1: [1], 2: [2]}
SCORE: 18.879

-------------------

/jˈivən/ - /ɡˈɛːba/
j-ɡ / ˈi-ˈɛː / v-b / ə_n-a
{0: [0], 1: [1], 2: [2], 3: [3, 4]}
{0: [0], 1: [1], 2: [2], 3: [3]}
SCORE: 13.932

-------------------

/jˈuŋɡ/ - /jˈoŋ/
j-j / ˈu-ˈo / ŋ_ɡ-ŋ
{0: [0], 1: [1], 2: [2, 3]}
{0: [0], 1: [1], 2: [2]}
SCORE: 23.269

-------------------

/jˈɛlɔu̯/ - /ɡˈeə̯l/
j-ɡ / ˈɛ-ˈeə̯ / l-l / ɔu̯-∅
{0: [0], 1: [1], 2: [2], 3: [3]}
{0: [0], 1: [1], 2: [2], 3: None}
SCORE: 5.907

-------------------

/jˈɛːr/ - /jˈɔːʕ/
j-j / ˈɛː-ˈɔː / r-ʕ
{0: [0], 1: [1], 2: [2]}
{0: [0], 1: [1], 2: [2]}
SCORE: 21.646

-------------------

/kˈat/ - /kʰˈaʦ/
k-kʰ / ˈa-ˈa / t-ʦ
{0: [0], 1: [1], 2: [2]}
{0: [0], 1: [1], 2: [2]}
SCORE: 20.612

-------------------

/kˈaɫf/ - /kʰˈalb/
k-kʰ / ˈa-ˈa / ɫ-l / f_#>-b_#>
{0: [0], 1: [1], 2: [2], 3: [3]}
{0: [0], 1: [1], 2: [2], 3: [3]}
SCORE: 26.782

-------------------

/kˈiŋɡ/ - /kʰˈeːniɡ/
k-kʰ / ∅-ˈeː / ˈi-n / ŋ-i / ɡ-ɡ
{0: [0], 1: None, 2: [1], 3: [2], 4: [3]}
{0: [0], 1: [1], 2: [2], 3: [3], 4: [4]}
SCORE: 14.204

-------------------

/kˈumən/ - /kʰˈoma/
k-kʰ / ˈu-ˈo / m-m / ə_n-a
{0: [0], 1: [1], 2: [2], 3: [3, 4]}
{0: [0], 1: [1], 2: [2], 3: [3]}
SCORE: 24.224

-------------------

/kˈuː/ - /kʰˈuə̯/
k-kʰ / ∅-ˈuə̯ / ˈuː-∅
{0: [0], 1: None, 2: [1]}
{0: [0], 1: [1], 2: None}
SCORE: 0.798

-------------------

/kˈɔːɫd/ - /kʰˈald/
k-kʰ / ˈɔː-ˈa / ɫ-l / d-d
{0: [0], 1: [1], 2: [2], 3: [3]}
{0: [0], 1: [1], 2: [2], 3: [3]}
SCORE: 23.124

-------------------

/kˈɛnən/ - /kʰˈɛna/
k-kʰ / ˈɛ-ˈɛ / n-n / ə_n-a
{0: [0], 1: [1], 2: [2], 3: [3, 4]}
{0: [0], 1: [1], 2: [2], 3: [3]}
SCORE: 22.247

-------------------

/lˈau̯xən/ - /lˈaxa/
l-l / ˈau̯-ˈa / x-x / ə_n-a
{0: [0], 1: [1], 2: [2], 3: [3, 4]}
{0: [0], 1: [1], 2: [2], 3: [3]}
SCORE: 21.974

-------------------

/lˈivərə/ - /lˈɛːbʌ/
l-l / ˈi-ˈɛː / v-b / ə_r-ʌ / ə-∅
{0: [0], 1: [1], 2: [2], 3: [3, 4], 4: [5]}
{0: [0], 1: [1], 2: [2], 3: [3], 4: None}
SCORE: 15.176

-------------------

/lˈiːçt/ - /lˈiçd/
l-l / ˈiː-ˈi / ç-ç / t-d
{0: [0], 1: [1], 2: [2], 3: [3]}
{0: [0], 1: [1], 2: [2], 3: [3]}
SCORE: 16.429

-------------------

/lˈiːçt/ - /lˈəi̯çd/
l-l / ˈiː-ˈəi̯ / ç-ç / t-d
{0: [0], 1: [1], 2: [2], 3: [3]}
{0: [0], 1: [1], 2: [2], 3: [3]}
SCORE: 19.415

-------------------

/lˈiːən/ - /lˈiə̯ɡa/
l-l / ˈiː-ˈiə̯_ɡ / ə_n-a
{0: [0], 1: [1], 2: [2, 3]}
{0: [0], 1: [1, 2], 2: [3]}
SCORE: 14.675

-------------------

/lˈiːən/ - /lˈiːɡa/
l-l / ∅-ˈiː / ˈiː-ɡ / ə_n-a
{0: [0], 1: None, 2: [1], 3: [2, 3]}
{0: [0], 1: [1], 2: [2], 3: [3]}
SCORE: 5.604

-------------------

/lˈuːs/ - /lˈao̯s/
l-l / ˈuː-ˈao̯ / s-s
{0: [0], 1: [1], 2: [2]}
{0: [0], 1: [1], 2: [2]}
SCORE: 19.232

-------------------

/lˈɔːnd/ - /lˈand/
l-l / ˈɔː-ˈa / n-n / d-d
{0: [0], 1: [1], 2: [2], 3: [3]}
{0: [0], 1: [1], 2: [2], 3: [3]}
SCORE: 21.021

-------------------

/lˈɔːŋɡ/ - /lˈaŋ/
l-l / ˈɔː-ˈa / ŋ_ɡ-ŋ
{0: [0], 1: [1], 2: [2, 3]}
{0: [0], 1: [1], 2: [2]}
SCORE: 17.887

-------------------

/lˈɛːpən/ - /lˈao̯fa/
l-l / ˈɛː-ˈao̯ / p-f / ə_n-a
{0: [0], 1: [1], 2: [2], 3: [3, 4]}
{0: [0], 1: [1], 2: [2], 3: [3]}
SCORE: 18.932

-------------------

/mˈan/ - /mˈɔː/
m-m / ∅-ˈɔː / ˈa-∅ / n_#>-#>
{0: [0], 1: None, 2: [1], 3: [2]}
{0: [0], 1: [1], 2: None, 3: None}
SCORE: -2.047

-------------------

/mˈeː/ - /mˈiʌ/
m-m / ∅-ˈi / ˈeː-∅ / #>-ʌ_#>
{0: [0], 1: None, 2: [1], 3: None}
{0: [0], 1: [1], 2: None, 3: [2]}
SCORE: -1.935

-------------------

/mˈiɫk/ - /mˈilç/
m-m / ˈi-ˈi / ɫ-l / k-ç
{0: [0], 1: [1], 2: [2], 3: [3]}
{0: [0], 1: [1], 2: [2], 3: [3]}
SCORE: 21.195

-------------------

/mˈiʤ/ - /mˈuɡ/
m-m / ˈi_ʤ-ˈu_ɡ
{0: [0], 1: [1, 2]}
{0: [0], 1: [1, 2]}
SCORE: 16.422

-------------------

/mˈiːs/ - /mˈae̯s/
m-m / ˈiː-ˈae̯ / s-s
{0: [0], 1: [1], 2: [2]}
{0: [0], 1: [1], 2: [2]}
SCORE: 17.401

-------------------

/mˈoːdər/ - /mˈudʌ/
m-m / ∅-ˈu / ˈoː-∅ / d-d / ə_r-ʌ
{0: [0], 1: None, 2: [1], 3: [2], 4: [3, 4]}
{0: [0], 1: [1], 2: None, 3: [2], 4: [3]}
SCORE: 7.828

-------------------

/mˈoːnə/ - /mˈond/
m-m / ˈoː-ˈo / n_ə-n / ∅-d
{0: [0], 1: [1], 2: [2, 3], 3: None}
{0: [0], 1: [1], 2: [2], 3: [3]}
SCORE: 7.814

-------------------

/mˈoːnəθ/ - /mˈoːnad/
m-m / ∅-ˈoː / ˈoː-∅ / n-n / ə-a / θ-d
{0: [0], 1: None, 2: [1], 3: [2], 4: [3], 5: [4]}
{0: [0], 1: [1], 2: None, 3: [2], 4: [3], 5: [4]}
SCORE: 11.151

-------------------

/mˈuːs/ - /mˈao̯s/
m-m / ˈuː-ˈao̯ / s-s
{0: [0], 1: [1], 2: [2]}
{0: [0], 1: [1], 2: [2]}
SCORE: 20.188

-------------------

/mˈuːθ/ - /mˈao̯l/
m-m / ˈuː-ˈao̯ / ∅-l / θ-∅
{0: [0], 1: [1], 2: None, 3: [2]}
{0: [0], 1: [1], 2: [2], 3: None}
SCORE: 6.106

-------------------

/mˈɛn/ - /mˈɛnʌ/
m-m / ˈɛ-ˈɛ / n-n / #>-ʌ_#>
{0: [0], 1: [1], 2: [2], 3: None}
{0: [0], 1: [1], 2: [2], 3: [3]}
SCORE: 17.103

-------------------

/nˈaːkid/ - /nˈaɡt/
<#_n-<#_n / ˈaː-ˈa / k-ɡ / i-∅ / d-t
{0: [0], 1: [1], 2: [2], 3: [3], 4: [4]}
{0: [0], 1: [1], 2: [2], 3: None, 4: [3]}
SCORE: 19.804

-------------------

/nˈaːmə/ - /nˈɔːma/
<#_n-<#_n / ∅-ˈɔː / ˈaː-∅ / m-m / ə-a
{0: [0], 1: None, 2: [1], 3: [2], 4: [3]}
{0: [0], 1: [1], 2: None, 3: [2], 4: [3]}
SCORE: 10.365

-------------------

/nˈiçt/ - /nˈaxd/
<#_n-<#_n / ∅-ˈa / ˈi-∅ / ç-x / t-d
{0: [0], 1: None, 2: [1], 3: [2], 4: [3]}
{0: [0], 1: [1], 2: None, 3: [2], 4: [3]}
SCORE: 5.325

-------------------

/nˈiːn/ - /nˈae̯n/
<#_n-<#_n / ˈiː-ˈae̯ / n-n
{0: [0], 1: [1], 2: [2]}
{0: [0], 1: [1], 2: [2]}
SCORE: 17.316

-------------------

/nˈutə/ - /nˈus/
<#_n-<#_n / ˈu-ˈu / t_ə-s
{0: [0], 1: [1], 2: [2, 3]}
{0: [0], 1: [1], 2: [2]}
SCORE: 15.752

-------------------

/nˈæi̯ɫ/ - /nˈaːɡl̩/
<#_n-<#_n / ˈæi̯-ˈaː_ɡ / ɫ-l
{0: [0], 1: [1], 2: [2]}
{0: [0], 1: [1, 2], 2: [3]}
SCORE: 21.921

-------------------

/nˈɛkstə/ - /nˈɛɡʃd/
<#_n-<#_n / ˈɛ-ˈɛ / k-ɡ / s_t-ʃ_d / ə-∅
{0: [0], 1: [1], 2: [2], 3: [3, 4], 4: [5]}
{0: [0], 1: [1], 2: [2], 3: [3, 4], 4: None}
SCORE: 23.62

-------------------

/nˈɛːdlə/ - /nˈɔːdl̩/
<#_n-<#_n / ˈɛː-ˈɔː / d-d / l-l / ə-∅
{0: [0], 1: [1], 2: [2], 3: [3], 4: [4]}
{0: [0], 1: [1], 2: [2], 3: [3], 4: None}
SCORE: 20.098

-------------------

/plˈuːx/ - /b̥͡flˈuːɡ/
p-b̥͡f / l-l / ˈuː-ˈuː / x-ɡ
{0: [0], 1: [1], 2: [2], 3: [3]}
{0: [0], 1: [1], 2: [2], 3: [3]}
SCORE: 18.924

-------------------

/rˈiçt/ - /ʁˈɛxd/
r-ʁ / ∅-ˈɛ / ˈi-∅ / ç-x / t-d
{0: [0], 1: None, 2: [1], 3: [2], 4: [3]}
{0: [0], 1: [1], 2: None, 3: [2], 4: [3]}
SCORE: 1.633

-------------------

/rˈiŋɡ/ - /ʁˈeŋ/
r-ʁ / ˈi-ˈe / ŋ_ɡ-ŋ
{0: [0], 1: [1], 2: [2, 3]}
{0: [0], 1: [1], 2: [2]}
SCORE: 17.233

-------------------

/rˈiʧə/ - /ʁˈəi̯ç/
r-ʁ / ∅-ˈəi̯ / ˈi-∅ / ʧ_ə-ç
{0: [0], 1: None, 2: [1], 3: [2, 3]}
{0: [0], 1: [1], 2: None, 3: [2]}
SCORE: -1.802

-------------------

/rˈæi̯n/ - /ʁˈeːɡa/
r-ʁ / ∅-ˈeː / ˈæi̯-ɡ / n-a
{0: [0], 1: None, 2: [1], 3: [2]}
{0: [0], 1: [1], 2: [2], 3: [3]}
SCORE: 5.363

-------------------

/rˈɛːd/ - /ʁˈoːd/
r-ʁ / ˈɛː-ˈoː / d-d
{0: [0], 1: [1], 2: [2]}
{0: [0], 1: [1], 2: [2]}
SCORE: 16.524

-------------------

/slˈæi̯n/ - /ʃlˈaːɡa/
s_l-ʃ_l / ˈæi̯-ˈaː_ɡ / n-a
{0: [0, 1], 1: [2], 2: [3]}
{0: [0, 1], 1: [2, 3], 2: [4]}
SCORE: 22.54

-------------------

/slˈɛːpən/ - /ʃlˈɔːfa/
s_l-ʃ_l / ˈɛː-ˈɔː / p-f / ə_n-a
{0: [0, 1], 1: [2], 2: [3], 3: [4, 5]}
{0: [0, 1], 1: [2], 2: [3], 3: [4]}
SCORE: 27.451

-------------------

/snˈɔu̯/ - /ʃnˈae̯/
s-ʃ / n-n / ∅-ˈae̯ / ˈɔu̯-∅
{0: [0], 1: [1], 2: None, 3: [2]}
{0: [0], 1: [1], 2: [2], 3: None}
SCORE: 2.403

-------------------

/stˈoːɫ/ - /ʃdˈuːl/
s_t-ʃ_d / ∅-ˈuː / ˈoː-∅ / ɫ-l
{0: [0, 1], 1: None, 2: [2], 3: [3]}
{0: [0, 1], 1: [2], 2: None, 3: [3]}
SCORE: 8.153

-------------------

/stˈɔːn/ - /ʃdˈɔe̯/
s_t-ʃ_d / ˈɔː-ˈɔe̯ / n_#>-#>
{0: [0, 1], 1: [2], 2: [3]}
{0: [0, 1], 1: [2], 2: None}
SCORE: 15.753

-------------------

/stˈɛrə/ - /ʃdˈɛʕn/
s_t-ʃ_d / ˈɛ-ˈɛ / r-ʕ / ə-n
{0: [0, 1], 1: [2], 2: [3], 3: [4]}
{0: [0, 1], 1: [2], 2: [3], 3: [4]}
SCORE: 19.866

-------------------

/swˈart/ - /ʃʋˈaʕʦ/
s-ʃ / w-ʋ / ˈa-ˈa / r-ʕ / t-ʦ
{0: [0], 1: [1], 2: [2], 3: [3], 4: [4]}
{0: [0], 1: [1], 2: [2], 3: [3], 4: [4]}
SCORE: 26.678

-------------------

/swˈeːtə/ - /sˈiə̯s/
s-s / w-∅ / ˈeː-ˈiə̯ / t_ə-s
{0: [0], 1: [1], 2: [2], 3: [3, 4]}
{0: [0], 1: None, 2: [1], 3: [2]}
SCORE: 7.169

-------------------

/swˈimən/ - /ʃʋˈema/
s-ʃ / w-ʋ / ˈi-ˈe / m-m / ə_n-a
{0: [0], 1: [1], 2: [2], 3: [3], 4: [4, 5]}
{0: [0], 1: [1], 2: [2], 3: [3], 4: [4]}
SCORE: 27.906

-------------------

/swˈɛːrd/ - /ʃʋˈɛʕd/
s-ʃ / w-ʋ / ˈɛː-ˈɛ / r-ʕ / d-d
{0: [0], 1: [1], 2: [2], 3: [3], 4: [4]}
{0: [0], 1: [1], 2: [2], 3: [3], 4: [4]}
SCORE: 21.554

-------------------

/sˈaɫt/ - /sˈalʦ/
s-s / ˈa-ˈa / ɫ-l / t-ʦ
{0: [0], 1: [1], 2: [2], 3: [3]}
{0: [0], 1: [1], 2: [2], 3: [3]}
SCORE: 23.627

-------------------

/sˈeːn/ - /sˈeːa/
s-s / ˈeː-ˈeː / n-a
{0: [0], 1: [1], 2: [2]}
{0: [0], 1: [1], 2: [2]}
SCORE: 13.876

-------------------

/sˈiks/ - /sˈeɡs/
s-s / ˈi-ˈe / k-ɡ / s-s
{0: [0], 1: [1], 2: [2], 3: [3]}
{0: [0], 1: [1], 2: [2], 3: [3]}
SCORE: 22.205

-------------------

/sˈinɡən/ - /sˈɪŋa/
s-s / ˈi-ˈɪ / n_ɡ-ŋ / ə_n-a
{0: [0], 1: [1], 2: [2, 3], 3: [4, 5]}
{0: [0], 1: [1], 2: [2], 3: [3]}
SCORE: 20.921

-------------------

/sˈitən/ - /sˈiʦa/
s-s / ˈi-ˈi / t-ʦ / ə_n-a
{0: [0], 1: [1], 2: [2], 3: [3, 4]}
{0: [0], 1: [1], 2: [2], 3: [3]}
SCORE: 20.689

-------------------

/sˈiːdə/ - /sˈəi̯d/
s-s / ˈiː-ˈəi̯ / d-d / ə-∅
{0: [0], 1: [1], 2: [2], 3: [3]}
{0: [0], 1: [1], 2: [2], 3: None}
SCORE: 13.11

-------------------

/sˈumər/ - /sˈomʌ/
s-s / ˈu-ˈo / m-m / ə_r-ʌ
{0: [0], 1: [1], 2: [2], 3: [3, 4]}
{0: [0], 1: [1], 2: [2], 3: [3]}
SCORE: 23.319

-------------------

/sˈunə/ - /sˈoː/
s-s / ˈu-ˈoː / n_ə_#>-#>
{0: [0], 1: [1], 2: [2, 3]}
{0: [0], 1: [1], 2: None}
SCORE: 6.564

-------------------

/sˈustər/ - /ʃʋˈɛʃdʌ/
s-ʃ / ∅-ʋ / ∅-ˈɛ / ˈu-∅ / s_t-ʃ_d / ə_r-ʌ
{0: [0], 1: None, 2: None, 3: [1], 4: [2, 3], 5: [4, 5]}
{0: [0], 1: [1], 2: [2], 3: None, 4: [3, 4], 5: [5]}
SCORE: 5.449

-------------------

/sˈuːkən/ - /sˈao̯ɡa/
s-s / ˈuː-ˈao̯ / k-ɡ / ə_n-a
{0: [0], 1: [1], 2: [2], 3: [3, 4]}
{0: [0], 1: [1], 2: [2], 3: [3]}
SCORE: 20.395

-------------------

/sˈuːr/ - /sˈao̯ʌ/
s-s / ˈuː-ˈao̯ / r-ʌ
{0: [0], 1: [1], 2: [2]}
{0: [0], 1: [1], 2: [2]}
SCORE: 17.488

-------------------

/sˈuːə/ - /sˈao̯/
s-s / ˈuː-ˈao̯ / ə-∅
{0: [0], 1: [1], 2: [2]}
{0: [0], 1: [1], 2: None}
SCORE: 9.4

-------------------

/sˈæi̯ən/ - /sˈaːɡa/
s-s / ˈæi̯-ˈaː_ɡ / ə_n-a
{0: [0], 1: [1], 2: [2, 3]}
{0: [0], 1: [1, 2], 2: [3]}
SCORE: 17.496

-------------------

/sˈɔu̯lə/ - /sˈeːl/
s-s / ∅-ˈeː / ˈɔu̯-∅ / l-l / ə-∅
{0: [0], 1: None, 2: [1], 3: [2], 4: [3]}
{0: [0], 1: [1], 2: None, 3: [2], 4: None}
SCORE: -1.09

-------------------

/sˈɔːnd/ - /sˈand/
s-s / ˈɔː-ˈa / n-n / d-d
{0: [0], 1: [1], 2: [2], 3: [3]}
{0: [0], 1: [1], 2: [2], 3: [3]}
SCORE: 20.27

-------------------

/sˈɛɫf/ - /sˈɛlbʌ/
s-s / ˈɛ-ˈɛ / ɫ-l / f-b / #>-ʌ_#>
{0: [0], 1: [1], 2: [2], 3: [3], 4: None}
{0: [0], 1: [1], 2: [2], 3: [3], 4: [4]}
SCORE: 18.817

-------------------

/sˈɛːvən/ - /sˈiːba/
s-s / ∅-ˈiː / ˈɛː-∅ / v-b / ə_n-a
{0: [0], 1: None, 2: [1], 3: [2], 4: [3, 4]}
{0: [0], 1: [1], 2: None, 3: [2], 4: [3]}
SCORE: 5.835

-------------------

/twˈeːntiː/ - /ʦʋˈanʦɡ/
<#_t-<#_ʦ / w-ʋ / ˈeː-∅ / n-ˈa_n / t-ʦ / iː-ɡ
{0: [0], 1: [1], 2: [2], 3: [3], 4: [4], 5: [5]}
{0: [0], 1: [1], 2: None, 3: [2, 3], 4: [4], 5: [5]}
SCORE: 15.405

-------------------

/twˈɔː/ - /ʦʋˈɔe̯/
<#_t-<#_ʦ / w-ʋ / ˈɔː-ˈɔe̯
{0: [0], 1: [1], 2: [2]}
{0: [0], 1: [1], 2: [2]}
SCORE: 21.778

-------------------

/twˈɛɫvə/ - /ʦʋˈelf/
<#_t-<#_ʦ / w-ʋ / ∅-ˈe / ˈɛ-∅ / ɫ-l / v-f / ə-∅
{0: [0], 1: [1], 2: None, 3: [2], 4: [3], 5: [4], 6: [5]}
{0: [0], 1: [1], 2: [2], 3: None, 4: [3], 5: [4], 6: None}
SCORE: 7.561

-------------------

/tˈiːd/ - /ʦˈəi̯d/
<#_t-<#_ʦ / ˈiː-ˈəi̯ / d-d
{0: [0], 1: [1], 2: [2]}
{0: [0], 1: [1], 2: [2]}
SCORE: 20.199

-------------------

/tˈunɡə/ - /ʦˈoŋ/
<#_t-<#_ʦ / ˈu-ˈo / n_ɡ-ŋ / ə-∅
{0: [0], 1: [1], 2: [2, 3], 3: [4]}
{0: [0], 1: [1], 2: [2], 3: None}
SCORE: 15.448

-------------------

/tˈɔː/ - /ʦˈae̯a/
<#_t-<#_ʦ / ˈɔː-ˈae̯ / ∅-a
{0: [0], 1: [1], 2: None}
{0: [0], 1: [1], 2: [2]}
SCORE: 8.522

-------------------

/tˈɔːkən/ - /ʦˈɔe̯ça/
<#_t-<#_ʦ / ˈɔː-ˈɔe̯ / k-ç / ə_n-a
{0: [0], 1: [1], 2: [2], 3: [3, 4]}
{0: [0], 1: [1], 2: [2], 3: [3]}
SCORE: 19.907

-------------------

/tˈɛn/ - /ʦˈeə̯/
<#_t-<#_ʦ / ˈɛ-ˈeə̯ / n_#>-#>
{0: [0], 1: [1], 2: [2]}
{0: [0], 1: [1], 2: None}
SCORE: 10.011

-------------------

/wˈarm/ - /ʋˈaʕm/
w-ʋ / ˈa-ˈa / r-ʕ / m-m
{0: [0], 1: [1], 2: [2], 3: [3]}
{0: [0], 1: [1], 2: [2], 3: [3]}
SCORE: 23.973

-------------------

/wˈaːtər/ - /ʋˈasʌ/
w-ʋ / ˈaː-ˈa / t-s / ə_r-ʌ
{0: [0], 1: [1], 2: [2], 3: [3, 4]}
{0: [0], 1: [1], 2: [2], 3: [3]}
SCORE: 22.158

-------------------

/wˈintər/ - /ʋˈendʌ/
w-ʋ / ˈi-ˈe / n-n / t-d / ə_r-ʌ
{0: [0], 1: [1], 2: [2], 3: [3], 4: [4, 5]}
{0: [0], 1: [1], 2: [2], 3: [3], 4: [4]}
SCORE: 24.878

-------------------

/wˈitən/ - /ʋˈisa/
w-ʋ / ˈi-ˈi / t-s / ə_n-a
{0: [0], 1: [1], 2: [2], 3: [3, 4]}
{0: [0], 1: [1], 2: [2], 3: [3]}
SCORE: 20.351

-------------------

/wˈiʃən/ - /ʋˈɪnʃa/
w-ʋ / ˈi-ˈɪ / ∅-n / ʃ-ʃ / ə_n-a
{0: [0], 1: [1], 2: None, 3: [2], 4: [3, 4]}
{0: [0], 1: [1], 2: [2], 3: [3], 4: [4]}
SCORE: 18.581

-------------------

/wˈiːf/ - /ʋˈəi̯b/
w-ʋ / ˈiː-ˈəi̯ / f_#>-b_#>
{0: [0], 1: [1], 2: [2]}
{0: [0], 1: [1], 2: [2]}
SCORE: 21.777

-------------------

/wˈiːn/ - /ʋˈae̯/
w-ʋ / ˈiː-ˈae̯ / n_#>-#>
{0: [0], 1: [1], 2: [2]}
{0: [0], 1: [1], 2: None}
SCORE: 10.145

-------------------

/wˈiːnd/ - /ʋˈeːd/
w-ʋ / ∅-ˈeː / ˈiː-∅ / n_d-d
{0: [0], 1: None, 2: [1], 3: [2, 3]}
{0: [0], 1: [1], 2: None, 3: [2]}
SCORE: 0.129

-------------------

/wˈiːɫdə/ - /ʋˈild/
w-ʋ / ˈiː-ˈi / ɫ-l / d-d / ə-∅
{0: [0], 1: [1], 2: [2], 3: [3], 4: [4]}
{0: [0], 1: [1], 2: [2], 3: [3], 4: None}
SCORE: 16.222

-------------------

/wˈulə/ - /ʋˈole/
w-ʋ / ˈu-ˈo / l-l / ə-e
{0: [0], 1: [1], 2: [2], 3: [3]}
{0: [0], 1: [1], 2: [2], 3: [3]}
SCORE: 23.831

-------------------

/wˈurd/ - /ʋˈoʕt/
w-ʋ / ˈu-ˈo / r-ʕ / d-t
{0: [0], 1: [1], 2: [2], 3: [3]}
{0: [0], 1: [1], 2: [2], 3: [3]}
SCORE: 22.822

-------------------

/wˈuɫf/ - /ʋˈolf/
w-ʋ / ˈu-ˈo / ɫ-l / f-f
{0: [0], 1: [1], 2: [2], 3: [3]}
{0: [0], 1: [1], 2: [2], 3: [3]}
SCORE: 25.398

-------------------

/wˈæi̯/ - /ʋˈɛːɡ/
w-ʋ / ∅-ˈɛː / ˈæi̯-ɡ
{0: [0], 1: None, 2: [1]}
{0: [0], 1: [1], 2: [2]}
SCORE: 6.911

-------------------

/wˈɛdər/ - /ʋˈɛdʌ/
w-ʋ / ˈɛ-ˈɛ / d-d / ə_r-ʌ
{0: [0], 1: [1], 2: [2], 3: [3, 4]}
{0: [0], 1: [1], 2: [2], 3: [3]}
SCORE: 22.92

-------------------

/ðˈuː/ - /dˈuː/
ð-d / ˈuː-ˈuː
{0: [0], 1: [1]}
{0: [0], 1: [1]}
SCORE: 10.694

-------------------

/ɛlˈɛːvən/ - /ˈɛlf/
ɛ-ˈɛ / l_ˈɛː-l / v-f / ə-∅ / n_#>-#>
{0: [0], 1: [1, 2], 2: [3], 3: [4], 4: [5]}
{0: [0], 1: [1], 2: [2], 3: None, 4: None}
SCORE: 3.567

-------------------

/ɡrˈas/ - /ɡʁˈaːs/
ɡ-ɡ / r-ʁ / ˈa-ˈaː / s-s
{0: [0], 1: [1], 2: [2], 3: [3]}
{0: [0], 1: [1], 2: [2], 3: [3]}
SCORE: 18.932

-------------------

/ɡrˈeːnə/ - /ɡʁˈeə̯/
ɡ-ɡ / r_ˈeː-ʁ / ∅-ˈeə̯ / n_ə_#>-#>
{0: [0], 1: [1, 2], 2: None, 3: [3, 4]}
{0: [0], 1: [1], 2: [2], 3: None}
SCORE: -0.335

-------------------

/ɡrˈɛːt/ - /ɡʁˈoːs/
ɡ-ɡ / r-ʁ / ˈɛː-ˈoː / t-s
{0: [0], 1: [1], 2: [2], 3: [3]}
{0: [0], 1: [1], 2: [2], 3: [3]}
SCORE: 19.794

-------------------

/ɡˈoːd/ - /ɡˈuə̯d/
ɡ-ɡ / ˈoː-ˈuə̯ / d-d
{0: [0], 1: [1], 2: [2]}
{0: [0], 1: [1], 2: [2]}
SCORE: 18.422

-------------------

/ɡˈoːld/ - /ɡˈold/
ɡ-ɡ / ˈoː-ˈo / l-l / d-d
{0: [0], 1: [1], 2: [2], 3: [3]}
{0: [0], 1: [1], 2: [2], 3: [3]}
SCORE: 19.693

-------------------

/ɡˈoːs/ - /ɡˈaːs/
ɡ-ɡ / ∅-ˈaː / ˈoː-∅ / s-s
{0: [0], 1: None, 2: [1], 3: [2]}
{0: [0], 1: [1], 2: None, 3: [2]}
SCORE: 3.178

-------------------

/ɡˈɔd/ - /ɡˈot/
ɡ-ɡ / ˈɔ-ˈo / d-t
{0: [0], 1: [1], 2: [2]}
{0: [0], 1: [1], 2: [2]}
SCORE: 17.01

-------------------

/ɡˈɔːn/ - /ɡˈaŋa/
ɡ-ɡ / ˈɔː-ˈa / n-ŋ / ∅-a
{0: [0], 1: [1], 2: [2], 3: None}
{0: [0], 1: [1], 2: [2], 3: [3]}
SCORE: 9.287

-------------------

/ɡˈɔːst/ - /ɡˈae̯ʃd/
ɡ-ɡ / ˈɔː-ˈae̯ / s_t-ʃ_d
{0: [0], 1: [1], 2: [2, 3]}
{0: [0], 1: [1], 2: [2, 3]}
SCORE: 19.874

-------------------

/ɡˈɔːt/ - /ɡˈɔe̯s/
ɡ-ɡ / ˈɔː-ˈɔe̯ / t-s
{0: [0], 1: [1], 2: [2]}
{0: [0], 1: [1], 2: [2]}
SCORE: 17.249

-------------------

/ʃˈarp/ - /ʃˈaʕf/
ʃ-ʃ / ˈa-ˈa / r-ʕ / p_#>-f_#>
{0: [0], 1: [1], 2: [2], 3: [3]}
{0: [0], 1: [1], 2: [2], 3: [3]}
SCORE: 23.471

-------------------

/ʃˈeːnə/ - /ʃˈeː/
ʃ-ʃ / ˈeː-ˈeː / n_ə_#>-#>
{0: [0], 1: [1], 2: [2, 3]}
{0: [0], 1: [1], 2: None}
SCORE: 8.906

-------------------

/ʃˈeːɫd/ - /ʃˈild/
ʃ-ʃ / ∅-ˈi / ˈeː-∅ / ɫ-l / d-d
{0: [0], 1: None, 2: [1], 3: [2], 4: [3]}
{0: [0], 1: [1], 2: None, 3: [2], 4: [3]}
SCORE: 8.9

-------------------

/ʃˈip/ - /ʃˈif/
ʃ-ʃ / ˈi-ˈi / p_#>-f_#>
{0: [0], 1: [1], 2: [2]}
{0: [0], 1: [1], 2: [2]}
SCORE: 20.24

-------------------

/ʃˈiːtə/ - /ʃˈəi̯s/
ʃ-ʃ / ˈiː-ˈəi̯ / t_ə-s
{0: [0], 1: [1], 2: [2, 3]}
{0: [0], 1: [1], 2: [2]}
SCORE: 15.281

-------------------

/ʃˈoː/ - /ʃˈuə̯/
ʃ-ʃ / ˈoː-ˈuə̯
{0: [0], 1: [1]}
{0: [0], 1: [1]}
SCORE: 15.856

-------------------

/ʃˈoːtən/ - /ʃˈiə̯sa/
ʃ-ʃ / ∅-ˈiə̯ / ˈoː-∅ / t-s / ə_n-a
{0: [0], 1: None, 2: [1], 3: [2], 4: [3, 4]}
{0: [0], 1: [1], 2: None, 3: [2], 4: [3]}
SCORE: 5.745

-------------------

/ʃˈɛːp/ - /ʃˈɔːf/
ʃ-ʃ / ˈɛː-ˈɔː / p_#>-f_#>
{0: [0], 1: [1], 2: [2]}
{0: [0], 1: [1], 2: [2]}
SCORE: 20.997

-------------------

/ʍˈat/ - /ʋˈas/
ʍ-ʋ / ˈa-ˈa / t-s
{0: [0], 1: [1], 2: [2]}
{0: [0], 1: [1], 2: [2]}
SCORE: 16.085

-------------------

/ʍˈiːt/ - /ʋˈəi̯s/
ʍ-ʋ / ˈiː-ˈəi̯ / t-s
{0: [0], 1: [1], 2: [2]}
{0: [0], 1: [1], 2: [2]}
SCORE: 16.174

-------------------

/ʧˈirʧə/ - /kʰˈiʕç/
∅-kʰ / ʧ-∅ / ˈi-ˈi / r-ʕ / ʧ_ə-ç
{0: None, 1: [0], 2: [1], 3: [2], 4: [3, 4]}
{0: [0], 1: None, 2: [1], 3: [2], 4: [3]}
SCORE: 2.84

-------------------

/ˈapəɫ/ - /ˈab̥͡fl̩/
ˈa-ˈa / p_ə-b̥͡f / ɫ-l
{0: [0], 1: [1, 2], 2: [3]}
{0: [0], 1: [1], 2: [2]}
SCORE: 16.406

-------------------

/ˈarm/ - /ˈaʕm/
ˈa-ˈa / r-ʕ / m-m
{0: [0], 1: [1], 2: [2]}
{0: [0], 1: [1], 2: [2]}
SCORE: 18.528

-------------------

/ˈaɫ/ - /ˈɛle/
<#_ˈa-<#_ˈɛ / ɫ-l / ∅-e
{0: [0], 1: [1], 2: None}
{0: [0], 1: [1], 2: [2]}
SCORE: 8.26

-------------------

/ˈaʃə/ - /ˈɛʃ/
<#_ˈa-<#_ˈɛ / ʃ-ʃ / ə-∅
{0: [0], 1: [1], 2: [2]}
{0: [0], 1: [1], 2: None}
SCORE: 8.877

-------------------

/ˈaːpə/ - /ˈaf/
ˈaː-ˈa / p-f / ə-∅
{0: [0], 1: [1], 2: [2]}
{0: [0], 1: [1], 2: None}
SCORE: 10.144

-------------------

/ˈin/ - /ˈen/
ˈi-ˈe / n-n
{0: [0], 1: [1]}
{0: [0], 1: [1]}
SCORE: 14.059

-------------------

/ˈiː/ - /ˈi/
ˈiː-ˈi
{0: [0]}
{0: [0]}
SCORE: 7.225

-------------------

/ˈiːs/ - /ˈəi̯s/
ˈiː-ˈəi̯ / s-s
{0: [0], 1: [1]}
{0: [0], 1: [1]}
SCORE: 14.292

-------------------

/ˈoːðər/ - /ˈandʌ/
<#-<#_ˈa / ∅-n / ˈoː-∅ / ð-d / ə_r-ʌ
{0: None, 1: None, 2: [0], 3: [1], 4: [2, 3]}
{0: [0], 1: [1], 2: None, 3: [2], 4: [3]}
SCORE: -0.509

-------------------

/ˈundər/ - /ˈondʌ/
ˈu-ˈo / n-n / d-d / ə_r-ʌ
{0: [0], 1: [1], 2: [2], 3: [3, 4]}
{0: [0], 1: [1], 2: [2], 3: [3]}
SCORE: 20.868

-------------------

/ˈup/ - /ˈuf/
ˈu-ˈu / p_#>-f_#>
{0: [0], 1: [1]}
{0: [0], 1: [1]}
SCORE: 15.23

-------------------

/ˈus/ - /ˈons/
ˈu-ˈo / ∅-n / s-s
{0: [0], 1: None, 2: [1]}
{0: [0], 1: [1], 2: [2]}
SCORE: 9.304

-------------------

/ˈuːt/ - /ˈao̯s/
ˈuː-ˈao̯ / t-s
{0: [0], 1: [1]}
{0: [0], 1: [1]}
SCORE: 13.304

-------------------

/ˈæi̯ə/ - /ˈao̯ɡ/
ˈæi̯-ˈao̯ / ə-ɡ
{0: [0], 1: [1]}
{0: [0], 1: [1]}
SCORE: 3.926

-------------------

/ˈɔːk/ - /ˈɔe̯ç/
ˈɔː-ˈɔe̯ / k-ç
{0: [0], 1: [1]}
{0: [0], 1: [1]}
SCORE: 11.325

-------------------

/ˈɔːld/ - /ˈald/
ˈɔː-ˈa / l-l / d-d
{0: [0], 1: [1], 2: [2]}
{0: [0], 1: [1], 2: [2]}
SCORE: 17.418

-------------------

/ˈɔːn/ - /ˈɔe̯s/
ˈɔː-ˈɔe̯ / ∅-s / n_#>-#>
{0: [0], 1: None, 2: [1]}
{0: [0], 1: [1], 2: None}
SCORE: 2.331

-------------------

/ˈɔːvər/ - /ˈibʌ/
∅-ˈi / ˈɔː-∅ / v-b / ə_r-ʌ
{0: None, 1: [0], 2: [1], 3: [2, 3]}
{0: [0], 1: None, 2: [1], 3: [2]}
SCORE: 2.568

-------------------

/ˈɛi̯xtə/ - /ˈaxd/
ˈɛi̯-ˈa / x-x / t-d / ə-∅
{0: [0], 1: [1], 2: [2], 3: [3]}
{0: [0], 1: [1], 2: [2], 3: None}
SCORE: 9.983

-------------------

/ˈɛrðə/ - /ˈɛʕde/
ˈɛ-ˈɛ / r-ʕ / ð-d / ə-e
{0: [0], 1: [1], 2: [2], 3: [3]}
{0: [0], 1: [1], 2: [2], 3: [3]}
SCORE: 19.901

-------------------

/ˈɛʤə/ - /ˈɛɡ/
ˈɛ-ˈɛ / ʤ-ɡ / ə-∅
{0: [0], 1: [1], 2: [2]}
{0: [0], 1: [1], 2: None}
SCORE: 7.918

-------------------

/ˈɛːrə/ - /ˈoːʕ/
ˈɛː-ˈoː / r-ʕ / ə-∅
{0: [0], 1: [1], 2: [2]}
{0: [0], 1: [1], 2: None}
SCORE: 7.835

-------------------

/ˈɛːtən/ - /ˈɛsa/
ˈɛː-ˈɛ / t-s / ə_n-a
{0: [0], 1: [1], 2: [2, 3]}
{0: [0], 1: [1], 2: [2]}
SCORE: 11.266

-------------------

/θrˈeː/ - /dʁˈae̯/
θ-d / r-ʁ / ˈeː-ˈae̯
{0: [0], 1: [1], 2: [2]}
{0: [0], 1: [1], 2: [2]}
SCORE: 13.567

-------------------

/θrˈiteːnə/ - /dʁˈae̯ʦeə̯/
θ-d / r-ʁ / ∅-ˈae̯ / ˈi-∅ / t-ʦ / eː-eə̯ / n_ə_#>-#>
{0: [0], 1: [1], 2: None, 3: [2], 4: [3], 5: [4], 6: [5, 6]}
{0: [0], 1: [1], 2: [2], 3: None, 4: [3], 5: [4], 6: None}
SCORE: 7.011

-------------------

/θrˈuʧən/ - /dʁˈuɡa/
θ-d / r-ʁ / ˈu-ˈu / ʧ-∅ / ə-ɡ / n-a
{0: [0], 1: [1], 2: [2], 3: [3], 4: [4], 5: [5]}
{0: [0], 1: [1], 2: [2], 3: None, 4: [3], 5: [4]}
SCORE: 9.453

-------------------

/θˈaŋkən/ - /dˈaŋɡa/
θ-d / ˈa-ˈa / ŋ-ŋ / k-ɡ / ə_n-a
{0: [0], 1: [1], 2: [2], 3: [3], 4: [4, 5]}
{0: [0], 1: [1], 2: [2], 3: [3], 4: [4]}
SCORE: 25.966

-------------------

/θˈeːdiʃ/ - /dˈəi̯dʃ/
θ-d / ˈeː-ˈəi̯ / d-d / i-∅ / ʃ-ʃ
{0: [0], 1: [1], 2: [2], 3: [3], 4: [4]}
{0: [0], 1: [1], 2: [2], 3: None, 4: [3]}
SCORE: 13.422

-------------------

/θˈeːf/ - /dˈiə̯b/
θ-d / ˈeː-ˈiə̯ / f_#>-b_#>
{0: [0], 1: [1], 2: [2]}
{0: [0], 1: [1], 2: [2]}
SCORE: 17.857

-------------------

/θˈikə/ - /dˈiɡ/
θ-d / ˈi-ˈi / k-ɡ / ə-∅
{0: [0], 1: [1], 2: [2], 3: [3]}
{0: [0], 1: [1], 2: [2], 3: None}
SCORE: 11.459

-------------------

/θˈundər/ - /dˈondʌ/
θ-d / ˈu-ˈo / n-n / d-d / ə_r-ʌ
{0: [0], 1: [1], 2: [2], 3: [3], 4: [4, 5]}
{0: [0], 1: [1], 2: [2], 3: [3], 4: [4]}
SCORE: 24.235

-------------------

/θˈurst/ - /dˈuʕʃd/
θ-d / ˈu-ˈu / r-ʕ / s_t-ʃ_d
{0: [0], 1: [1], 2: [2], 3: [3, 4]}
{0: [0], 1: [1], 2: [2], 3: [3, 4]}
SCORE: 24.258

-------------------

/θˈuːzənd/ - /dˈao̯sad/
θ-d / ˈuː-ˈao̯ / z-∅ / ə-s / n-a / d-d
{0: [0], 1: [1], 2: [2], 3: [3], 4: [4], 5: [5]}
{0: [0], 1: [1], 2: None, 3: [2], 4: [3], 5: [4]}
SCORE: 10.625

-------------------

/θˈɔrn/ - /dˈɔʕn/
θ-d / ˈɔ-ˈɔ / r-ʕ / n-n
{0: [0], 1: [1], 2: [2], 3: [3]}
{0: [0], 1: [1], 2: [2], 3: [3]}
SCORE: 19.584
