/bjˈøːɳ/ - /bˈoːɐ/
[4/4] <#-<# / b-b / j-∅ / ˈøː-ˈoː / ɳ-ɐ / #>-#>

-------------------

/blˈuː/ - /blˈaʊ̯d/
[4/5] <#-<# / b-b / l-l / ˈuː-ˈaʊ̯ / #>-d_#>
[1/5] <#-<# / b-b / l-l / ˈuː-ˈaʊ̯ / ∅-d / #>-#>

-------------------

/blˈuːm/ - /blˈaʊ̯m/
[1/1] <#-<# / b-b / l-l / ˈuː-ˈaʊ̯ / m-m / #>-#>

-------------------

/blˈuːmə/ - /blˈaʊ̯m/
[3/4] <#-<# / b-b / l-l / ˈuː-ˈaʊ̯ / m-m / ə_#>-#>
[1/4] <#-<# / b-b / l-l / ˈuː-ˈaʊ̯ / m-m / ə-∅ / #>-#>

-------------------

/blˈɑːd/ - /blˈad/
[4/4] <#-<# / b-b / l-l / ˈɑː-ˈa / d-d / #>-#>

-------------------

/bɾˈuːɾ/ - /brˈaʊ̯dɐ/
[3/5] <#-<# / b-b / ɾ-r / ˈuː-ˈaʊ̯ / ɾ-d_ɐ / #>-#>
[1/5] <#-<# / b-b / ɾ-r / ˈuː-ˈaʊ̯_d / ɾ-ɐ / #>-#>
[1/5] <#-<# / b-b / ɾ-r / ˈuː-ˈaʊ̯ / ∅-d / ɾ-ɐ / #>-#>

-------------------

/bɾˈøː/ - /brˈaʊ̯d/
[3/4] <#-<# / b-b / ɾ-r / ˈøː-ˈaʊ̯ / #>-d_#>
[1/4] <#-<# / b-b / ɾ-r / ˈøː-ˈaʊ̯ / ∅-d / #>-#>

-------------------

/bɾˈʏst/ - /bˈɔs/
[4/5] <#-<# / b-b / ɾ-∅ / ˈʏ-ˈɔ / s-s / t_#>-#>
[1/5] <#-<# / b-b / ɾ-∅ / ˈʏ-ˈɔ / s-s / t-∅ / #>-#>

-------------------

/bɾˈʏɡːə/ - /brˈʏç/
[2/3] <#-<# / b-b / ɾ-r / ˈʏ-ˈʏ / ɡː-ç / ə_#>-#>
[1/3] <#-<# / b-b / ɾ-r / ˈʏ-ˈʏ / ɡː-ç / ə-∅ / #>-#>

-------------------

/bˈeː/ - /bˈɪdn̩/
[3/4] <#-<# / b-b / ˈeː-ˈɪ / ∅-d / ∅-n / #>-#>
[1/4] <#-<# / b-b / ˈeː-ˈɪ / ∅-d / #>-n_#>

-------------------

/bˈeːdɾə/ - /bˈeːdɐ/
[2/4] <#-<# / b-b / ˈeː-ˈeː / d-d / ɾ-∅ / ə-ɐ / #>-#>
[1/4] <#-<# / b-b / ˈeː-ˈeː / d-d / ɾ-ɐ / ə_#>-#>
[1/4] <#-<# / b-b / ˈeː-ˈeː / d-d / ɾ-ɐ / ə-∅ / #>-#>

-------------------

/bˈiːtə/ - /bˈiːdn̩/
[3/3] <#-<# / b-b / ˈiː-ˈiː / t-d / ə-n / #>-#>

-------------------

/bˈiːə/ - /ˈiːf/
[1/1] <#-<# / b-∅ / ˈiː_ə-ˈiː / ∅-f / #>-#>

-------------------

/bˈoːt/ - /bˈaʊ̯d/
[4/4] <#-<# / b-b / ˈoː-ˈaʊ̯ / t-d / #>-#>

-------------------

/bˈuːk/ - /bˈaʊ̯ɡ/
[2/2] <#-<# / b-b / ˈuː-ˈaʊ̯ / k-ɡ / #>-#>

-------------------

/bˈyː/ - /bˈeɪ̯dn̩/
[2/4] <#-<# / b-b / ˈyː-ˈeɪ̯ / ∅-d / ∅-n / #>-#>
[2/4] <#-<# / b-b / ˈyː-ˈeɪ̯ / ∅-d / #>-n_#>

-------------------

/bˈæɪ̯n/ - /bˈaɪ̯n/
[4/4] <#-<# / b-b / ˈæɪ̯-ˈaɪ̯ / n-n / #>-#>

-------------------

/bˈæɾɡ/ - /bˈaːx/
[4/4] <#-<# / b-b / ˈæ-ˈaː / ɾ-∅ / ɡ-x / #>-#>

-------------------

/dɾˈiːʋə/ - /drˈiːm/
[1/3] <#-<# / d-d / ɾ-r / ˈiː-ˈiː / ʋ_ə-m / #>-#>
[1/3] <#-<# / d-d / ɾ-r / ˈiː-ˈiː / ʋ-∅ / ə-∅ / #>-m_#>
[1/3] <#-<# / d-d / ɾ-r / ˈiː-ˈiː / ʋ-m / ə_#>-#>

-------------------

/dɾˈœm/ - /drˈaʊ̯m/
[4/4] <#-<# / d-d / ɾ-r / ˈœ-ˈaʊ̯ / m-m / #>-#>

-------------------

/dɾˈœmːə/ - /drˈɔʏ̯m/
[2/3] <#-<# / d-d / ɾ-r / ˈœ-ˈɔʏ̯ / mː-m / ə-∅ / #>-#>
[1/3] <#-<# / d-d / ɾ-r / ˈœ-ˈɔʏ̯ / mː-m / ə_#>-#>

-------------------

/dɾˈɪkːə/ - /drˈɪŋɡn̩/
[3/5] <#-<# / d-d / ɾ-r / ˈɪ-ˈɪ / ∅-ŋ / kː-ɡ / ə-n / #>-#>
[2/5] <#-<# / d-d / ɾ-r / ˈɪ-ˈɪ / kː-ŋ / ∅-ɡ / ə-n / #>-#>

-------------------

/dˈyːp/ - /dˈaɪ̯b/
[5/5] <#-<# / d-d / ˈyː-ˈaɪ̯ / p-b / #>-#>

-------------------

/dˈyːɾ/ - /dˈaɪ̯ɐd/
[4/5] <#-<# / d-d / ˈyː-ˈaɪ̯ / ɾ-ɐ / #>-d_#>
[1/5] <#-<# / d-d / ˈyː-ˈaɪ̯ / ɾ-ɐ / ∅-d / #>-#>

-------------------

/dˈyːɾ/ - /dˈyːɐ/
[4/4] <#-<# / d-d / ˈyː-ˈyː / ɾ-ɐ / #>-#>

-------------------

/dˈøː/ - /dˈaʊ̯d/
[4/5] <#-<# / d-d / ˈøː-ˈaʊ̯ / #>-d_#>
[1/5] <#-<# / d-d / ˈøː-ˈaʊ̯ / ∅-d / #>-#>

-------------------

/dˈøːdəli/ - /dˈɔʏ̯dlɪç/
[2/5] <#-<# / d-d / ˈøː-ˈɔʏ̯ / d-d / ə_l-l / i-ɪ / #>-ç_#>
[2/5] <#-<# / d-d / ˈøː-ˈɔʏ̯ / d-d / ə-∅ / l-l / i-ɪ / #>-ç_#>
[1/5] <#-<# / d-d / ˈøː-ˈɔʏ̯ / d-d / ə-∅ / l-l / i-ɪ / ∅-ç / #>-#>

-------------------

/dˈɑtːəɾ/ - /dˈɔxdɐ/
[1/3] <#-<# / d-d / ˈɑ-ˈɔ / tː_ə-x / ɾ-d_ɐ / #>-#>
[1/3] <#-<# / d-d / ˈɑ-ˈɔ / tː-x / ∅-d / ə-ɐ / ɾ_#>-#>
[1/3] <#-<# / d-d / ˈɑ-ˈɔ / tː-x / ə-∅ / ɾ-d_ɐ / #>-#>

-------------------

/dˈɑːɡ/ - /dˈax/
[3/3] <#-<# / d-d / ˈɑː-ˈa / ɡ-x / #>-#>

-------------------

/dˈʉː/ - /dˈuː/
[4/4] <#-<# / d-d / ˈʉː-ˈuː / #>-#>

-------------------

/fjˈæːɾ/ - /fˈɛlə/
[3/5] <#-<# / f-f / j-ˈɛ / ∅-l / ˈæː-ə / ɾ_#>-#>
[2/5] <#-<# / f-f / j-ˈɛ / ∅-l / ˈæː-ə / ɾ-∅ / #>-#>

-------------------

/flˈyːɡə/ - /flˈaɪ̯n/
[4/4] <#-<# / f-f / l-l / ˈyː-ˈaɪ̯ / ɡ-∅ / ə-n / #>-#>

-------------------

/flˈʉːə/ - /flˈaɪ̯ç/
[3/4] <#-<# / f-f / l-l / ˈʉː-ˈaɪ̯ / ə-∅ / #>-ç_#>
[1/4] <#-<# / f-f / l-l / ˈʉː-ˈaɪ̯ / ə-∅ / ∅-ç / #>-#>

-------------------

/fɾˈyːsə/ - /frˈaɪ̯ɐn/
[1/2] <#-<# / f-f / ɾ-r / ˈyː-ˈaɪ̯ / s-∅ / ∅-ɐ / ə-n / #>-#>
[1/2] <#-<# / f-f / ɾ-r / ˈyː-ˈaɪ̯ / s-∅ / ə-ɐ / #>-n_#>

-------------------

/fɾˈɛndə/ - /frˈʏnd/
[3/4] <#-<# / f-f / ɾ-r / ˈɛ-ˈʏ / n-n / d-d / ə_#>-#>
[1/4] <#-<# / f-f / ɾ-r / ˈɛ-ˈʏ / n-n / d-d / ə-∅ / #>-#>

-------------------

/fɾˈɪsk/ - /frˈɪʃ/
[2/4] <#-<# / f-f / ɾ-r / ˈɪ-ˈɪ / s-ʃ / k_#>-#>
[1/4] <#-<# / f-f / ɾ-r / ˈɪ-ˈɪ / s_k-ʃ / #>-#>
[1/4] <#-<# / f-f / ɾ-r / ˈɪ-ˈɪ / s-ʃ / k-∅ / #>-#>

-------------------

/fˈiːɾə/ - /fˈaɪ̯ɐ/
[1/2] <#-<# / f-f / ˈiː-ˈaɪ̯ / ɾ-∅ / ə-ɐ / #>-#>
[1/2] <#-<# / f-f / ˈiː-ˈaɪ̯ / ɾ-ɐ / ə-∅ / #>-#>

-------------------

/fˈuːt/ - /fˈaʊ̯d/
[3/3] <#-<# / f-f / ˈuː-ˈaʊ̯ / t-d / #>-#>

-------------------

/fˈyːɾ/ - /fˈyːɐ/
[5/5] <#-<# / f-f / ˈyː-ˈyː / ɾ-ɐ / #>-#>

-------------------

/fˈœlɡə/ - /fˈɔlɡn̩/
[3/3] <#-<# / f-f / ˈœ-ˈɔ / l-l / ɡ-ɡ / ə-n / #>-#>

-------------------

/fˈœtːəɾ/ - /fˈɔʏ̯d/
[2/4] <#-<# / f-f / ˈœ-ˈɔʏ̯ / tː-d / ə-∅ / ɾ_#>-#>
[2/4] <#-<# / f-f / ˈœ-ˈɔʏ̯ / tː-d / ə-∅ / ɾ-∅ / #>-#>

-------------------

/fˈɑːɾ/ - /fˈoːdɐ/
[4/5] <#-<# / f-f / ˈɑː-ˈoː / ɾ-d_ɐ / #>-#>
[1/5] <#-<# / f-f / ˈɑː-ˈoː / ∅-d / ɾ-ɐ / #>-#>

-------------------

/fˈɛm/ - /fˈiːf/
[2/3] <#-<# / f-f / ˈɛ-ˈiː / m-∅ / #>-f_#>
[1/3] <#-<# / f-f / ˈɛ-ˈiː / m-∅ / ∅-f / #>-#>

-------------------

/fˈɪnːə/ - /fˈɪn̩/
[2/4] <#-<# / f-f / ˈɪ-ˈɪ / nː-n / ə_#>-#>
[2/4] <#-<# / f-f / ˈɪ-ˈɪ / nː-n / ə-∅ / #>-#>

-------------------

/fˈɪsk/ - /fˈɪʃ/
[3/5] <#-<# / f-f / ˈɪ-ˈɪ / s-ʃ / k_#>-#>
[1/5] <#-<# / f-f / ˈɪ-ˈɪ / s_k-ʃ / #>-#>
[1/5] <#-<# / f-f / ˈɪ-ˈɪ / s-ʃ / k-∅ / #>-#>

-------------------

/fˈɪŋːəɾ/ - /fˈɪŋɐ/
[2/5] <#-<# / f-f / ˈɪ-ˈɪ / ŋː-ŋ / ə-∅ / ɾ-ɐ / #>-#>
[2/5] <#-<# / f-f / ˈɪ-ˈɪ / ŋː-ŋ / ə-ɐ / ɾ_#>-#>
[1/5] <#-<# / f-f / ˈɪ-ˈɪ / ŋː-ŋ / ə_ɾ-ɐ / #>-#>

-------------------

/fˈʉlː/ - /fˈʊl/
[5/5] <#-<# / f-f / ˈʉ-ˈʊ / lː-l / #>-#>

-------------------

/fˈʉːl/ - /fˈoːɡl̩/
[4/5] <#-<# / f-f / ˈʉː-ˈoː / l-ɡ_l / #>-#>
[1/5] <#-<# / f-f / ˈʉː-ˈoː / ∅-ɡ / l-l / #>-#>

-------------------

/hˈeːt/ - /hˈɪd/
[4/4] <#-<# / h-h / ˈeː-ˈɪ / t-d / #>-#>

-------------------

/hˈoːɾ/ - /hˈoːɐ/
[3/3] <#-<# / h-h / ˈoː-ˈoː / ɾ-ɐ / #>-#>

-------------------

/hˈuːɳ/ - /hˈaʊ̯ɐn/
[2/4] <#-<# / h-h / ˈuː-ˈaʊ̯ / ∅-ɐ / ɳ-n / #>-#>
[1/4] <#-<# / h-h / ˈuː-ˈaʊ̯_ɐ / ɳ-n / #>-#>
[1/4] <#-<# / h-h / ˈuː-ˈaʊ̯ / ɳ-ɐ / #>-n_#>

-------------------

/hˈæːɾ/ - /hˈiːɐ/
[4/4] <#-<# / h-h / ˈæː-ˈiː / ɾ-ɐ / #>-#>

-------------------

/hˈøːj/ - /hˈaʊ̯x/
[4/4] <#-<# / h-h / ˈøː-ˈaʊ̯ / j-x / #>-#>

-------------------

/hˈøːnə/ - /hˈeːn/
[2/3] <#-<# / h-h / ˈøː-ˈeː / n-n / ə_#>-#>
[1/3] <#-<# / h-h / ˈøː-ˈeː / n-n / ə-∅ / #>-#>

-------------------

/hˈøːɾə/ - /hˈɔʏ̯ɐn/
[5/5] <#-<# / h-h / ˈøː-ˈɔʏ̯ / ɾ-ɐ / ə-n / #>-#>

-------------------

/hˈɑnː/ - /hˈand/
[2/3] <#-<# / h-h / ˈɑ-ˈa / nː-n / #>-d_#>
[1/3] <#-<# / h-h / ˈɑ-ˈa / nː-n / ∅-d / #>-#>

-------------------

/hˈɑː/ - /hˈɛm/
[2/4] <#-<# / h-h / ˈɑː-ˈɛ / ∅-m / #>-#>
[2/4] <#-<# / h-h / ˈɑː-ˈɛ / #>-m_#>

-------------------

/hˈɑːɾə/ - /hˈoːs/
[5/5] <#-<# / h-h / ˈɑː-ˈoː / ɾ-∅ / ə-∅ / ∅-s / #>-#>

-------------------

/hˈɛlːi/ - /hˈɪlɪç/
[4/4] <#-<# / h-h / ˈɛ-ˈɪ / lː-l / i-ɪ / #>-ç_#>

-------------------

/hˈʉndɾə/ - /hˈʊnɐt/
[2/4] <#-<# / h-h / ˈʉ-ˈʊ / n-n / d-∅ / ɾ-ɐ / ə-∅ / #>-t_#>
[1/4] <#-<# / h-h / ˈʉ-ˈʊ / n-n / d-∅ / ɾ_ə-ɐ / #>-t_#>
[1/4] <#-<# / h-h / ˈʉ-ˈʊ / n-n / d-∅ / ɾ-∅ / ə-ɐ / ∅-t / #>-#>

-------------------

/hˈʉnː/ - /hˈʊnd/
[3/4] <#-<# / h-h / ˈʉ-ˈʊ / nː-n / #>-d_#>
[1/4] <#-<# / h-h / ˈʉ-ˈʊ / nː-n / ∅-d / #>-#>

-------------------

/hˈʉŋːəɾ/ - /hˈʊŋɐ/
[2/4] <#-<# / h-h / ˈʉ-ˈʊ / ŋː-ŋ / ə-∅ / ɾ-ɐ / #>-#>
[2/4] <#-<# / h-h / ˈʉ-ˈʊ / ŋː-ŋ / ə-ɐ / ɾ_#>-#>

-------------------

/hˈʉːd/ - /hˈuːd/
[3/3] <#-<# / h-h / ˈʉː-ˈuː / d-d / #>-#>

-------------------

/hˈʉːs/ - /hˈuːs/
[3/3] <#-<# / h-h / ˈʉː-ˈuː / s-s / #>-#>

-------------------

/hˈʊnːɪŋ/ - /hˈʏnɪç/
[5/5] <#-<# / h-h / ˈʊ-ˈʏ / nː-n / ɪ-ɪ / ŋ-ç / #>-#>

-------------------

/jˈiː/ - /ɡˈeːm/
[2/3] <#-<# / j-ɡ / ˈiː-ˈeː / #>-m_#>
[1/3] <#-<# / j-ɡ / ˈiː-ˈeː / ∅-m / #>-#>

-------------------

/jˈuːɾ/ - /ˈaɪ̯ɐ/
[1/3] <#_j-<# / ˈuː-ˈaɪ̯ / ɾ-ɐ / #>-#>
[1/3] <#-<# / j-∅ / ˈuː-ˈaɪ̯ / ɾ-ɐ / #>-#>
[1/3] <#-<# / j-ˈaɪ̯ / ˈuː-∅ / ɾ-ɐ / #>-#>

-------------------

/jˈæj/ - /ˈɪɡ/
[4/5] <#-<# / j-∅ / ˈæ-ˈɪ / j-ɡ / #>-#>
[1/5] <#_j-<# / ˈæ-ˈɪ / j-ɡ / #>-#>

-------------------

/jˈæɪ̯t/ - /jˈɪt/
[4/4] <#-<# / j-j / ˈæɪ̯-ˈɪ / t-t / #>-#>

-------------------

/jˈɛst/ - /ɡˈas/
[4/5] <#-<# / j-ɡ / ˈɛ-ˈa / s-s / t_#>-#>
[1/5] <#-<# / j-ɡ / ˈɛ-ˈa / s-s / t-∅ / #>-#>

-------------------

/jˈɛʈːə/ - /hˈad/
[1/2] <#_j-<# / ∅-h / ˈɛ-ˈa / ʈː-d / ə_#>-#>
[1/2] <#-<# / j-∅ / ∅-h / ˈɛ-ˈa / ʈː-d / ə_#>-#>

-------------------

/kʰnˈeː/ - /kʰnˈaɪ̯/
[3/3] <#-<# / kʰ-kʰ / n-n / ˈeː-ˈaɪ̯ / #>-#>

-------------------

/kʰˈuːne/ - /frˈuː/
[5/5] <#-<# / kʰ-f / ˈuː-r / n-∅ / e-ˈuː / #>-#>

-------------------

/kʰˈɑlʋ/ - /kʰˈaːf/
[2/3] <#-<# / kʰ-kʰ / ˈɑ-ˈaː / l-∅ / ʋ-f / #>-#>
[1/3] <#-<# / kʰ-kʰ / ˈɑ-ˈaː / l-∅ / ʋ-∅ / ∅-f / #>-#>

-------------------

/kʰˈɑlː/ - /kʰˈaʊ̯lt/
[4/5] <#-<# / kʰ-kʰ / ˈɑ-ˈaʊ̯ / lː-l / #>-t_#>
[1/5] <#-<# / kʰ-kʰ / ˈɑ-ˈaʊ̯ / lː-l / ∅-t / #>-#>

-------------------

/kʰˈʉnːə/ - /kʰˈœːn̩/
[3/5] <#-<# / kʰ-kʰ / ˈʉ-ˈœː / nː-n / ə_#>-#>
[2/5] <#-<# / kʰ-kʰ / ˈʉ-ˈœː / nː-n / ə-∅ / #>-#>

-------------------

/kʰˈʉː/ - /kʰˈaʊ̯/
[4/4] <#-<# / kʰ-kʰ / ˈʉː-ˈaʊ̯ / #>-#>

-------------------

/kʰˈʊŋə/ - /kʰˈɔʏ̯nɪç/
[1/2] <#-<# / kʰ-kʰ / ˈʊ-ˈɔʏ̯ / ŋ-n / ə-ɪ / ∅-ç / #>-#>
[1/2] <#-<# / kʰ-kʰ / ˈʊ-ˈɔʏ̯ / ŋ-n / ə-ɪ / #>-ç_#>

-------------------

/lˈyːs/ - /lˈɪç/
[5/5] <#-<# / l-l / ˈyː-ˈɪ / s-ç / #>-#>

-------------------

/lˈøːpə/ - /lˈaʊ̯bm̩/
[3/4] <#-<# / l-l / ˈøː-ˈaʊ̯ / p-b / ə-m / #>-#>
[1/4] <#-<# / l-l / ˈøː-ˈaʊ̯ / p-b / ə-∅ / #>-m_#>

-------------------

/lˈøːʋ/ - /lˈoːf/
[3/3] <#-<# / l-l / ˈøː-ˈoː / ʋ-f / #>-#>

-------------------

/lˈɑmː/ - /lˈam/
[4/4] <#-<# / l-l / ˈɑ-ˈa / mː-m / #>-#>

-------------------

/lˈɑnː/ - /lˈand/
[2/3] <#-<# / l-l / ˈɑ-ˈa / nː-n / #>-d_#>
[1/3] <#-<# / l-l / ˈɑ-ˈa / nː-n / ∅-d / #>-#>

-------------------

/lˈɑŋː/ - /lˈaŋ/
[3/3] <#-<# / l-l / ˈɑ-ˈa / ŋː-ŋ / #>-#>

-------------------

/lˈɛtː/ - /lˈɪç/
[3/3] <#-<# / l-l / ˈɛ-ˈɪ / tː-ç / #>-#>

-------------------

/lˈʉːs/ - /lˈuːs/
[5/5] <#-<# / l-l / ˈʉː-ˈuː / s-s / #>-#>

-------------------

/mˈoːnə/ - /mˈoːn/
[3/5] <#-<# / m-m / ˈoː-ˈoː / n-n / ə_#>-#>
[2/5] <#-<# / m-m / ˈoː-ˈoː / n-n / ə-∅ / #>-#>

-------------------

/mˈuːɾ/ - /mˈaʊ̯dɐ/
[2/3] <#-<# / m-m / ˈuː-ˈaʊ̯ / ɾ-d_ɐ / #>-#>
[1/3] <#-<# / m-m / ˈuː-ˈaʊ̯ / ∅-d / ɾ-ɐ / #>-#>

-------------------

/mˈæɪ̯/ - /mˈiː/
[3/3] <#-<# / m-m / ˈæɪ̯-ˈiː / #>-#>

-------------------

/mˈɑnː/ - /mˈan/
[5/5] <#-<# / m-m / ˈɑ-ˈa / nː-n / #>-#>

-------------------

/mˈɛlk/ - /mˈɛlɡ/
[5/5] <#-<# / m-m / ˈɛ-ˈɛ / l-l / k-ɡ / #>-#>

-------------------

/mˈɛnːəskə/ - /mˈɪnʃ/
[2/4] <#-<# / m-m / ˈɛ-ˈɪ / nː-n / ə-∅ / s_k-ʃ / ə_#>-#>
[1/4] <#-<# / m-m / ˈɛ-ˈɪ / nː-n / ə-∅ / s_k-ʃ / ə-∅ / #>-#>
[1/4] <#-<# / m-m / ˈɛ-ˈɪ / nː-n / ə-∅ / s-ʃ / k-∅ / ə-∅ / #>-#>

-------------------

/mˈʉnː/ - /mˈʊnd/
[4/5] <#-<# / m-m / ˈʉ-ˈʊ / nː-n / #>-d_#>
[1/5] <#-<# / m-m / ˈʉ-ˈʊ / nː-n / ∅-d / #>-#>

-------------------

/mˈʉːs/ - /mˈuːs/
[4/4] <#-<# / m-m / ˈʉː-ˈuː / s-s / #>-#>

-------------------

/mˈʉːs/ - /mˈyːs/
[4/4] <#-<# / m-m / ˈʉː-ˈyː / s-s / #>-#>

-------------------

/mˈʏɡː/ - /mˈʏɡ/
[3/3] <#-<# / m-m / ˈʏ-ˈʏ / ɡː-ɡ / #>-#>

-------------------

/nˈeːsə/ - /nˈøːs/
[2/4] <#-<# / n-n / ˈeː-ˈøː / s-s / ə_#>-#>
[2/4] <#-<# / n-n / ˈeː-ˈøː / s-s / ə-∅ / #>-#>

-------------------

/nˈiː/ - /nˈeːn/
[3/5] <#-<# / n-n / ˈiː-ˈeː / ∅-n / #>-#>
[2/5] <#-<# / n-n / ˈiː-ˈeː / #>-n_#>

-------------------

/nˈoːl/ - /nˈoːdl̩/
[4/4] <#-<# / n-n / ˈoː-ˈoː / ∅-d / l-l / #>-#>

-------------------

/nˈuːɾ/ - /nˈaʊ̯ɐd/
[3/4] <#-<# / n-n / ˈuː-ˈaʊ̯ / ɾ-ɐ / #>-d_#>
[1/4] <#-<# / n-n / ˈuː-ˈaʊ̯ / ɾ-ɐ / ∅-d / #>-#>

-------------------

/nˈyː/ - /nˈiː/
[5/5] <#-<# / n-n / ˈyː-ˈiː / #>-#>

-------------------

/nˈæɪ̯l/ - /nˈoːɡl̩/
[4/4] <#-<# / n-n / ˈæɪ̯-ˈoː / l-ɡ_l / #>-#>

-------------------

/nˈɑtː/ - /nˈaxd/
[4/5] <#-<# / n-n / ˈɑ-ˈa / tː-x / #>-d_#>
[1/5] <#-<# / n-n / ˈɑ-ˈa / tː-x / ∅-d / #>-#>

-------------------

/nˈɑʋn/ - /nˈoːm/
[1/1] <#-<# / n-n / ˈɑ-ˈoː / ʋ-m / n_#>-#>

-------------------

/nˈɑːkən/ - /nˈoːkt/
[2/2] <#-<# / n-n / ˈɑː-ˈoː / k-k / ə-∅ / n-t / #>-#>

-------------------

/skˈɑɾp/ - /ʃˈaːb/
[4/5] <#-<# / s_k-ʃ / ˈɑ_ɾ-ˈaː / p-b / #>-#>
[1/5] <#-<# / s-ʃ / k-∅ / ˈɑ-ˈaː / ɾ-∅ / p-b / #>-#>

-------------------

/slˈoː/ - /slˈoːn/
[2/4] <#-<# / s-s / l-l / ˈoː-ˈoː / ∅-n / #>-#>
[2/4] <#-<# / s-s / l-l / ˈoː-ˈoː / #>-n_#>

-------------------

/slˈɑŋːə/ - /slˈaŋ/
[2/3] <#-<# / s-s / l-l / ˈɑ-ˈa / ŋː-ŋ / ə_#>-#>
[1/3] <#-<# / s-s / l-l / ˈɑ-ˈa / ŋː-ŋ / ə-∅ / #>-#>

-------------------

/snˈøː/ - /ʃnˈaɪ̯/
[3/3] <#-<# / s-ʃ / n-n / ˈøː-ˈaɪ̯ / #>-#>

-------------------

/stjˈæːɳə/ - /ʃtˈɛɪ̯ɐn/
[3/3] <#-<# / s-ʃ / t-t / j-ˈɛɪ̯ / ˈæː-ɐ / ɳ-n / ə_#>-#>

-------------------

/stˈuːl/ - /ʃtˈaʊ̯l/
[3/3] <#-<# / s-ʃ / t-t / ˈuː-ˈaʊ̯ / l-l / #>-#>

-------------------

/stˈæɪ̯n/ - /ʃtˈaɪ̯n/
[3/3] <#-<# / s-ʃ / t-t / ˈæɪ̯-ˈaɪ̯ / n-n / #>-#>

-------------------

/stˈɔɾm/ - /ʃtˈɔɐm/
[4/4] <#-<# / s-ʃ / t-t / ˈɔ-ˈɔ / ɾ-ɐ / m-m / #>-#>

-------------------

/sʋˈiːn/ - /ʃvˈiːn/
[4/4] <#-<# / s-ʃ / ʋ-v / ˈiː-ˈiː / n-n / #>-#>

-------------------

/sʋˈœmːə/ - /svˈøm/
[3/5] <#-<# / s-s / ʋ-v / ˈœ-ˈø / mː-m / ə_#>-#>
[2/5] <#-<# / s-s / ʋ-v / ˈœ-ˈø / mː-m / ə-∅ / #>-#>

-------------------

/sʋˈɑʈ/ - /ʃvˈad/
[5/5] <#-<# / s-ʃ / ʋ-v / ˈɑ-ˈa / ʈ-d / #>-#>

-------------------

/sʋˈɛːɾ/ - /ʃvˈeːɐd/
[3/4] <#-<# / s-ʃ / ʋ-v / ˈɛː-ˈeː / ɾ-ɐ / #>-d_#>
[1/4] <#-<# / s-ʃ / ʋ-v / ˈɛː-ˈeː / ɾ-ɐ / ∅-d / #>-#>

-------------------

/sˈeː/ - /zˈaɪ̯n/
[3/4] <#-<# / s-z / ˈeː-ˈaɪ̯ / ∅-n / #>-#>
[1/4] <#-<# / s-z / ˈeː-ˈaɪ̯ / #>-n_#>

-------------------

/sˈiː/ - /zˈɛŋ/
[4/4] <#-<# / s-z / ˈiː-ˈɛ / ∅-ŋ / #>-#>

-------------------

/sˈiːə/ - /sˈiːd/
[2/4] <#-<# / s-s / ˈiː-ˈiː / ə-∅ / #>-d_#>
[1/4] <#-<# / s-s / ˈiː_ə-ˈiː / #>-d_#>
[1/4] <#-<# / s-s / ˈiː-ˈiː / ə-∅ / ∅-d / #>-#>

-------------------

/sˈoːʋə/ - /slˈoːbm̩/
[2/3] <#-<# / s-s / ∅-l / ˈoː-ˈoː / ∅-b / ʋ-m / ə_#>-#>
[1/3] <#-<# / s-s / ∅-l / ˈoː-ˈoː / ʋ-∅ / ∅-b / ə-m / #>-#>

-------------------

/sˈøːt/ - /zˈɔʏ̯d/
[4/4] <#-<# / s-z / ˈøː-ˈɔʏ̯ / t-d / #>-#>

-------------------

/sˈœn/ - /zˈøːn/
[4/4] <#-<# / s-z / ˈœ-ˈøː / n-n / #>-#>

-------------------

/sˈœstəɾ/ - /sˈʏstɐ/
[2/3] <#-<# / s-s / ˈœ-ˈʏ / s-s / t-t / ə-ɐ / ɾ_#>-#>
[1/3] <#-<# / s-s / ˈœ-ˈʏ / s-s / t-t / ə_ɾ-ɐ / #>-#>

-------------------

/sˈɑlt/ - /zˈɔld/
[5/5] <#-<# / s-z / ˈɑ-ˈɔ / l-l / t-d / #>-#>

-------------------

/sˈɑnː/ - /zˈand/
[4/4] <#-<# / s-z / ˈɑ-ˈa / nː-n / #>-d_#>

-------------------

/sˈɛks/ - /zˈøs/
[4/4] <#-<# / s-z / ˈɛ-ˈø / k-∅ / s-s / #>-#>

-------------------

/sˈɪtːə/ - /zˈɪdn̩/
[3/3] <#-<# / s-z / ˈɪ-ˈɪ / tː-d / ə-n / #>-#>

-------------------

/sˈʏŋːə/ - /zˈɪŋ/
[3/4] <#-<# / s-z / ˈʏ-ˈɪ / ŋː-ŋ / ə_#>-#>
[1/4] <#-<# / s-z / ˈʏ-ˈɪ / ŋː-ŋ / ə-∅ / #>-#>

-------------------

/tʰɾˈeː/ - /drˈaɪ̯/
[5/5] <#-<# / tʰ-d / ɾ-r / ˈeː-ˈaɪ̯ / #>-#>

-------------------

/tʰˈiː/ - /tʰˈaɪ̯n/
[2/3] <#-<# / tʰ-tʰ / ˈiː-ˈaɪ̯ / ∅-n / #>-#>
[1/3] <#-<# / tʰ-tʰ / ˈiː-ˈaɪ̯ / #>-n_#>

-------------------

/tʰˈiː/ - /tʰˈiːd/
[3/4] <#-<# / tʰ-tʰ / ˈiː-ˈiː / #>-d_#>
[1/4] <#-<# / tʰ-tʰ / ˈiː-ˈiː / ∅-d / #>-#>

-------------------

/tʰˈuː/ - /tʰvˈaɪ̯/
[3/3] <#-<# / tʰ-tʰ / ∅-v / ˈuː-ˈaɪ̯ / #>-#>

-------------------

/tʰˈuːɳ/ - /dˈaʊ̯ɐn/
[3/5] <#-<# / tʰ-d / ˈuː-ˈaʊ̯ / ∅-ɐ / ɳ-n / #>-#>
[1/5] <#-<# / tʰ-d / ˈuː-ˈaʊ̯_ɐ / ɳ-n / #>-#>
[1/5] <#-<# / tʰ-d / ˈuː-ˈaʊ̯ / ɳ-ɐ / #>-n_#>

-------------------

/tʰˈyːʋ/ - /dˈaɪ̯f/
[4/5] <#-<# / tʰ-d / ˈyː-ˈaɪ̯ / ʋ-f / #>-#>
[1/5] <#-<# / tʰ-d / ˈyː-ˈaɪ̯ / ʋ-∅ / ∅-f / #>-#>

-------------------

/tʰˈœɾ/ - /drˈɔʏ̯ç/
[2/5] <#-<# / tʰ-d / ∅-r / ˈœ-ˈɔʏ̯ / ɾ-∅ / #>-ç_#>
[2/5] <#-<# / tʰ-d / ∅-r / ˈœ-ˈɔʏ̯ / ɾ-ç / #>-#>
[1/5] <#-<# / tʰ-d / ˈœ-∅ / ɾ-r / ∅-ˈɔʏ̯ / ∅-ç / #>-#>

-------------------

/tʰˈɑkːə/ - /dˈaŋkn̩/
[4/4] <#-<# / tʰ-d / ˈɑ-ˈa / ∅-ŋ / kː-k / ə-n / #>-#>

-------------------

/tʰˈɑnː/ - /tʰˈeːn/
[3/3] <#-<# / tʰ-tʰ / ˈɑ-ˈeː / nː-n / #>-#>

-------------------

/tʰˈɔlː/ - /tʰvˈœlf/
[2/3] <#-<# / tʰ-tʰ / ∅-v / ˈɔ-ˈœ / lː-l / #>-f_#>
[1/3] <#-<# / tʰ-tʰ / ∅-v / ˈɔ-ˈœ / lː-l / ∅-f / #>-#>

-------------------

/tʰˈɪŋː/ - /dˈɪŋ/
[4/4] <#-<# / tʰ-d / ˈɪ-ˈɪ / ŋː-ŋ / #>-#>

-------------------

/tʰˈʉːsən/ - /dˈuːzn̩d/
[4/5] <#-<# / tʰ-d / ˈʉː-ˈuː / s-z / ə-∅ / n-n / #>-d_#>
[1/5] <#-<# / tʰ-d / ˈʉː-ˈuː / s-z / ə-∅ / n-n / ∅-d / #>-#>

-------------------

/tʰˈʊŋːə/ - /tʰˈʊŋ/
[3/5] <#-<# / tʰ-tʰ / ˈʊ-ˈʊ / ŋː-ŋ / ə_#>-#>
[2/5] <#-<# / tʰ-tʰ / ˈʊ-ˈʊ / ŋː-ŋ / ə-∅ / #>-#>

-------------------

/tʰˈʏnː/ - /dˈʏn/
[5/5] <#-<# / tʰ-d / ˈʏ-ˈʏ / nː-n / #>-#>

-------------------

/tʰˈʏsk/ - /dˈyːdʃ/
[3/5] <#-<# / tʰ-d / ˈʏ-ˈyː / ∅-d / s-ʃ / k_#>-#>
[1/5] <#-<# / tʰ-d / ˈʏ-ˈyː / ∅-d / s_k-ʃ / #>-#>
[1/5] <#-<# / tʰ-d / ˈʏ-ˈyː / ∅-d / s-ʃ / k-∅ / #>-#>

-------------------

/çˈɪɾkə/ - /kʰˈaːɡ/
[2/4] <#-<# / ç-kʰ / ˈɪ-ˈaː / ɾ-∅ / k-ɡ / ə_#>-#>
[2/4] <#-<# / ç-kʰ / ˈɪ-ˈaː / ɾ-∅ / k-ɡ / ə-∅ / #>-#>

-------------------

/çˈʉkː/ - /dˈɪɡ/
[3/3] <#-<# / ç-d / ˈʉ-ˈɪ / kː-ɡ / #>-#>

-------------------

/çˈʉːə/ - /tʰvˈɪndi/
[3/3] <#-<# / ç-tʰ / ∅-v / ˈʉː-ˈɪ / ∅-n / ∅-d / ə-i / #>-#>

-------------------

/çˈʏlːɪŋ/ - /kʰˈyːɡn̩/
[4/4] <#-<# / ç-kʰ / ˈʏ-ˈyː / lː-ɡ / ɪ-∅ / ŋ-n / #>-#>

-------------------

/ɡɾˈœnː/ - /ɡrˈɔʏ̯n/
[5/5] <#-<# / ɡ-ɡ / ɾ-r / ˈœ-ˈɔʏ̯ / nː-n / #>-#>

-------------------

/ɡɾˈɛsː/ - /ɡrˈas/
[4/4] <#-<# / ɡ-ɡ / ɾ-r / ˈɛ-ˈa / sː-s / #>-#>

-------------------

/ɡˈoːs/ - /ɡˈaʊ̯s/
[4/4] <#-<# / ɡ-ɡ / ˈoː-ˈaʊ̯ / s-s / #>-#>

-------------------

/ɡˈuː/ - /ɡˈuːd/
[3/4] <#-<# / ɡ-ɡ / ˈuː-ˈuː / #>-d_#>
[1/4] <#-<# / ɡ-ɡ / ˈuː-ˈuː / ∅-d / #>-#>

-------------------

/ɡˈʉlː/ - /ɡˈʊld/
[3/4] <#-<# / ɡ-ɡ / ˈʉ-ˈʊ / lː-l / #>-d_#>
[1/4] <#-<# / ɡ-ɡ / ˈʉ-ˈʊ / lː-l / ∅-d / #>-#>

-------------------

/ɡˈʉːd/ - /ɡˈɔd/
[5/5] <#-<# / ɡ-ɡ / ˈʉː-ˈɔ / d-d / #>-#>

-------------------

/ɡˈʉːl/ - /ɡˈeːl/
[5/5] <#-<# / ɡ-ɡ / ˈʉː-ˈeː / l-l / #>-#>

-------------------

/ɾˈiːk/ - /rˈiːɡ/
[3/3] <#-<# / ɾ-r / ˈiː-ˈiː / k-ɡ / #>-#>

-------------------

/ɾˈæɪ̯n/ - /rˈeɪ̯ŋ/
[4/4] <#-<# / ɾ-r / ˈæɪ̯-ˈeɪ̯ / n-ŋ / #>-#>

-------------------

/ɾˈøː/ - /rˈaʊ̯d/
[2/3] <#-<# / ɾ-r / ˈøː-ˈaʊ̯ / #>-d_#>
[1/3] <#-<# / ɾ-r / ˈøː-ˈaʊ̯ / ∅-d / #>-#>

-------------------

/ɾˈœʏ̯k/ - /rˈaʊ̯ɡ/
[4/4] <#-<# / ɾ-r / ˈœʏ̯-ˈaʊ̯ / k-ɡ / #>-#>

-------------------

/ɾˈɛtː/ - /rˈɛçt/
[2/4] <#-<# / ɾ-r / ˈɛ-ˈɛ / ∅-ç / tː-t / #>-#>
[2/4] <#-<# / ɾ-r / ˈɛ-ˈɛ / tː-ç / #>-t_#>

-------------------

/ɾˈɪŋː/ - /rˈɪŋ/
[4/4] <#-<# / ɾ-r / ˈɪ-ˈɪ / ŋː-ŋ / #>-#>

-------------------

/ʂˈøː/ - /zˈeɪ̯/
[3/3] <#-<# / ʂ-z / ˈøː-ˈeɪ̯ / #>-#>

-------------------

/ʂˈʉː/ - /zˈøːm/
[3/4] <#-<# / ʂ-z / ˈʉː-ˈøː / #>-m_#>
[1/4] <#-<# / ʂ-z / ˈʉː-ˈøː / ∅-m / #>-#>

-------------------

/ʃˈiːp/ - /ʃˈɪb/
[5/5] <#-<# / ʃ-ʃ / ˈiː-ˈɪ / p-b / #>-#>

-------------------

/ʋˈiː/ - /vˈiː/
[3/3] <#-<# / ʋ-v / ˈiː-ˈiː / #>-#>

-------------------

/ʋˈiːt/ - /vˈɪd/
[4/4] <#-<# / ʋ-v / ˈiː-ˈɪ / t-d / #>-#>

-------------------

/ʋˈiːtə/ - /vˈeːdn̩/
[4/4] <#-<# / ʋ-v / ˈiː-ˈeː / t-d / ə-n / #>-#>

-------------------

/ʋˈæɪ̯/ - /vˈɛç/
[4/5] <#-<# / ʋ-v / ˈæɪ̯-ˈɛ / #>-ç_#>
[1/5] <#-<# / ʋ-v / ˈæɪ̯-ˈɛ / ∅-ç / #>-#>

-------------------

/ʋˈæːɾ/ - /vˈɛlɐ/
[3/3] <#-<# / ʋ-v / ˈæː-ˈɛ / ∅-l / ɾ-ɐ / #>-#>

-------------------

/ʋˈɑ/ - /vˈad/
[4/5] <#-<# / ʋ-v / ˈɑ-ˈa / #>-d_#>
[1/5] <#-<# / ʋ-v / ˈɑ-ˈa / ∅-d / #>-#>

-------------------

/ʋˈɑɾm/ - /vˈaːm/
[4/5] <#-<# / ʋ-v / ˈɑ_ɾ-ˈaː / m-m / #>-#>
[1/5] <#-<# / ʋ-v / ˈɑ-ˈaː / ɾ-∅ / m-m / #>-#>

-------------------

/ʋˈɪnː/ - /vˈɪnd/
[4/5] <#-<# / ʋ-v / ˈɪ-ˈɪ / nː-n / #>-d_#>
[1/5] <#-<# / ʋ-v / ˈɪ-ˈɪ / nː-n / ∅-d / #>-#>

-------------------

/ˈeːn/ - /ˈɛɪ̯n/
[4/4] <#-<# / ˈeː-ˈɛɪ̯ / n-n / #>-#>

-------------------

/ˈeːtə/ - /ˈeːdn̩/
[5/5] <#-<# / ˈeː-ˈeː / t-d / ə-n / #>-#>

-------------------

/ˈiːs/ - /ˈiːs/
[4/4] <#-<# / ˈiː-ˈiː / s-s / #>-#>

-------------------

/ˈoːl/ - /ˈoːl/
[5/5] <#-<# / ˈoː-ˈoː / l-l / #>-#>

-------------------

/ˈoːɾ/ - /ʒˈoːɐ/
[3/5] <#-<#_ʒ / ˈoː-ˈoː / ɾ-ɐ / #>-#>
[2/5] <#-<# / ∅-ʒ / ˈoː-ˈoː / ɾ-ɐ / #>-#>

-------------------

/ˈoːʋəɾ/ - /ˈøːvɐ/
[1/3] <#-<# / ˈoː-ˈøː / ʋ-v / ə_ɾ-ɐ / #>-#>
[1/3] <#-<# / ˈoː-ˈøː / ʋ-v / ə-∅ / ɾ-ɐ / #>-#>
[1/3] <#-<# / ˈoː-ˈøː / ʋ-v / ə-ɐ / ɾ_#>-#>

-------------------

/ˈuːɾ/ - /vˈaʊ̯ɐd/
[3/3] <#-<#_v / ˈuː-ˈaʊ̯ / ɾ-ɐ / #>-d_#>

-------------------

/ˈæɪ̯k/ - /ˈaɪ̯ɡ/
[4/4] <#-<# / ˈæɪ̯-ˈaɪ̯ / k-ɡ / #>-#>

-------------------

/ˈøːjə/ - /ˈaʊ̯x/
[2/4] <#-<# / ˈøː-ˈaʊ̯ / j-x / ə_#>-#>
[2/4] <#-<# / ˈøː-ˈaʊ̯ / j-x / ə-∅ / #>-#>

-------------------

/ˈøːɾə/ - /ˈaʊ̯ɐ/
[2/4] <#-<# / ˈøː-ˈaʊ̯ / ɾ-∅ / ə-ɐ / #>-#>
[2/4] <#-<# / ˈøː-ˈaʊ̯ / ɾ-ɐ / ə_#>-#>

-------------------

/ˈœnskə/ - /vˈʏnʃn̩/
[2/4] <#-<#_v / ˈœ-ˈʏ / n-n / s_k-ʃ / ə-n / #>-#>
[1/4] <#-<#_v / ˈœ-ˈʏ / n-n / s-ʃ / k-∅ / ə-n / #>-#>
[1/4] <#-<# / ∅-v / ˈœ-ˈʏ / n-n / s_k-ʃ / ə-n / #>-#>

-------------------

/ˈɑlː/ - /ˈal/
[3/3] <#-<# / ˈɑ-ˈa / lː-l / #>-#>

-------------------

/ˈɑnːən/ - /ˈanɐ/
[3/4] <#-<# / ˈɑ-ˈa / nː-n / ə-ɐ / n-∅ / #>-#>
[1/4] <#-<# / ˈɑ-ˈa / nː-n / ə-ɐ / n_#>-#>

-------------------

/ˈɑskə/ - /ˈaʃ/
[2/3] <#-<# / ˈɑ-ˈa / s_k-ʃ / ə_#>-#>
[1/3] <#-<# / ˈɑ-ˈa / s_k-ʃ / ə-∅ / #>-#>

-------------------

/ˈɑɾm/ - /ˈaːm/
[3/4] <#-<# / ˈɑ_ɾ-ˈaː / m-m / #>-#>
[1/4] <#-<# / ˈɑ-ˈaː / ɾ-∅ / m-m / #>-#>

-------------------

/ˈɑːpə/ - /ˈoːp/
[3/5] <#-<# / ˈɑː-ˈoː / p-p / ə_#>-#>
[2/5] <#-<# / ˈɑː-ˈoː / p-p / ə-∅ / #>-#>

-------------------

/ˈɔsː/ - /ˈʊns/
[4/4] <#-<# / ˈɔ-ˈʊ / ∅-n / sː-s / #>-#>

-------------------

/ˈɔtːə/ - /ˈaxd/
[3/5] <#-<# / ˈɔ-ˈa / tː-x / ə-∅ / #>-d_#>
[1/5] <#-<# / ˈɔ-ˈa / tː_ə-x / #>-d_#>
[1/5] <#-<# / ˈɔ-ˈa / tː-x / ə-∅ / ∅-d / #>-#>

-------------------

/ˈɔʋn/ - /ˈoːm/
[1/1] <#-<# / ˈɔ-ˈoː / ʋ-m / n_#>-#>

-------------------

/ˈɛlʋə/ - /ˈœːlm/
[2/5] <#-<# / ˈɛ-ˈœː / l-l / ʋ-m / ə_#>-#>
[1/5] <#-<# / ˈɛ-ˈœː / l-l / ʋ_ə-m / #>-#>
[1/5] <#-<# / ˈɛ-ˈœː / l-l / ʋ-∅ / ə-∅ / #>-m_#>
[1/5] <#-<# / ˈɛ-ˈœː / l-l / ʋ-m / ə-∅ / #>-#>

-------------------

/ˈɛplə/ - /ˈabl̩/
[2/4] <#-<# / ˈɛ-ˈa / p-b / l-l / ə_#>-#>
[1/4] <#-<# / ˈɛ-ˈa / p-b / l_ə-l / #>-#>
[1/4] <#-<# / ˈɛ-ˈa / p-b / l-l / ə-∅ / #>-#>

-------------------

/ˈɛɡː/ - /ˈɛɡ/
[2/2] <#-<# / ˈɛ-ˈɛ / ɡː-ɡ / #>-#>

-------------------

/ˈʉlʋ/ - /vˈʊlf/
[4/4] <#-<#_v / ˈʉ-ˈʊ / l-l / ʋ-f / #>-#>

-------------------

/ˈʉlː/ - /vˈʊl/
[4/4] <#-<#_v / ˈʉ-ˈʊ / lː-l / #>-#>

-------------------

/ˈʉːt/ - /ˈuːd/
[4/4] <#-<# / ˈʉː-ˈuː / t-d / #>-#>

-------------------

/ˈʊŋː/ - /ʒˈʊŋ/
[3/4] <#-<#_ʒ / ˈʊ-ˈʊ / ŋː-ŋ / #>-#>
[1/4] <#-<# / ∅-ʒ / ˈʊ-ˈʊ / ŋː-ŋ / #>-#>

-------------------

/ˈʊɡlə/ - /ˈuːl/
[3/5] <#-<# / ˈʊ-ˈuː / ɡ-∅ / l-l / ə_#>-#>
[1/5] <#-<# / ˈʊ-ˈuː / ɡ-∅ / l_ə-l / #>-#>
[1/5] <#-<# / ˈʊ-ˈuː / ɡ-∅ / l-l / ə-∅ / #>-#>

-------------------

/ˈʊɾm/ - /vˈɔːm/
[3/3] <#-<#_v / ˈʊ-ˈɔː / ɾ-∅ / m-m / #>-#>

-------------------

