Same meaning pairs: 290
****SAMPLE 1****
Iteration 1
	Qualified: 219
	Disqualified: 245
	Added: 0
	Removed: 13
		fronza /frˈonʣa/ - feɡl /fˈeʎ/
		lei /lˈɛj/ - ella /ˈelə/
		fratello /fratˈɛllo/ - frar /frˈar/
		non /non/ - na /nˈa/
		arena /arˈena/ - sablun /səblˈun/
		rio /rˈio/ - flum /flˈum/
		bianco /bjˈaŋko/ - alv /ˈalf/
		occhio /ˈɔkkjo/ - eɡl /ˈɛʎ/
		padre /pˈadre/ - bab /bˈaːp/
		io /ˈio/ - jau /jˈaw/
		lui /lˈui/ - el /ˈel/
		pidocchio /pidˈɔkkjo/ - pluɡl /plˈuʎ/
		occhi /ˈɔkki/ - eɡls /ˈɛʎs/

Iteration 2
	Qualified: 220
	Disqualified: 244
	Added: 2
		occhio /ˈɔkkjo/ - eɡl /ˈɛʎ/
		pidocchio /pidˈɔkkjo/ - pluɡl /plˈuʎ/
	Removed: 1
		oro /ˈɔro/ - aur /ˈawr/

Iteration 3
	Qualified: 219
	Disqualified: 245
	Added: 2
		non /non/ - na /nˈa/
		oro /ˈɔro/ - aur /ˈawr/
	Removed: 3
		pidocchio /pidˈɔkkjo/ - pluɡl /plˈuʎ/
		capello /kapˈello/ - pail /pˈajl/
		leɡno /lˈeɲɲo/ - lain /lˈajn/

Iteration 4
	Qualified: 219
	Disqualified: 245
	Added: 3
		fratello /fratˈɛllo/ - frar /frˈar/
		capello /kapˈello/ - pail /pˈajl/
		leɡno /lˈeɲɲo/ - lain /lˈajn/
	Removed: 3
		neve /nˈeve/ - naiv /nˈajf/
		non /non/ - na /nˈa/
		oro /ˈɔro/ - aur /ˈawr/

Iteration 5
	Qualified: 221
	Disqualified: 243
	Added: 3
		non /non/ - na /nˈa/
		oro /ˈɔro/ - aur /ˈawr/
		occhi /ˈɔkki/ - eɡls /ˈɛʎs/
	Removed: 1
		leɡno /lˈeɲɲo/ - lain /lˈajn/

Iteration 6
	Qualified: 224
	Disqualified: 240
	Added: 4
		neve /nˈeve/ - naiv /nˈajf/
		lei /lˈɛj/ - ella /ˈelə/
		lui /lˈui/ - el /ˈel/
		leɡno /lˈeɲɲo/ - lain /lˈajn/
	Removed: 1
		oro /ˈɔro/ - aur /ˈawr/

Iteration 7
	Qualified: 226
	Disqualified: 238
	Added: 2
		io /ˈio/ - jau /jˈaw/
		oro /ˈɔro/ - aur /ˈawr/
	Removed: 0

Iteration 8
	Qualified: 227
	Disqualified: 237
	Added: 2
		pidocchio /pidˈɔkkjo/ - pluɡl /plˈuʎ/
		arena /arˈena/ - sablun /səblˈun/
	Removed: 1
		oro /ˈɔro/ - aur /ˈawr/

Iteration 9
	Qualified: 227
	Disqualified: 237
	Added: 1
		oro /ˈɔro/ - aur /ˈawr/
	Removed: 1
		arena /arˈena/ - sablun /səblˈun/

Iteration 10
	Qualified: 229
	Disqualified: 235
	Added: 2
		fronza /frˈonʣa/ - feɡl /fˈeʎ/
		arena /arˈena/ - sablun /səblˈun/
	Removed: 0

Final qualifying:
		aiutare /ajutˈare/ - ɡidar /ʥidˈar/
		anello /anˈɛllo/ - anè /ənˈɛ/
		arena /arˈena/ - sablun /səblˈun/
		autunno /awtˈunno/ - atun /ətˈun/
		aɡnello /aɲɲˈɛllo/ - aɡnè /əɲˈɛ/
		buona /bwˈɔna/ - buna /bˈunə/
		buone /bwˈɔne/ - bunas /bˈunəs/
		babbo /bˈabbo/ - bab /bˈaːp/
		baɡno /bˈaɲɲo/ - baɡn /bˈaɲ/
		bere /bˈere/ - baiver /bˈajvər/
		bocca /bˈokka/ - bucca /bˈukə/
		bello /bˈɛllo/ - bel /bˈɛl/
		bene /bˈɛne/ - bain /bˈajn/
		dieci /djˈɛʧi/ - diesch /dˈiəʃ/
		dormire /dormˈire/ - durmir /durmˈir/
		draɡone /draɡˈone/ - draɡun /draɡˈun/
		dare /dˈare/ - dar /dˈaːr/
		dì /dˈi/ - di /dˈi/
		dico /dˈiko/ - di /dˈi/
		dio /dˈio/ - dieu /djˈɛw/
		dire /dˈire/ - dir /dˈiːr/
		dito /dˈito/ - det /dˈɛt/
		dolce /dˈolʧe/ - dultsch /dˈulʧ/
		due /dˈue/ - duas /dˈuəs/
		donna /dˈɔnna/ - dunna /dˈunə/
		dente /dˈɛnte/ - dent /dˈɛnt/
		farina /farˈina/ - farina /fərˈinə/
		fiore /fjˈore/ - flur /flˈur/
		fratello /fratˈɛllo/ - frar /frˈar/
		fronza /frˈonʣa/ - feɡl /fˈeʎ/
		fuoco /fwˈɔko/ - fieu /fjˈɛw/
		fare /fˈare/ - far /fˈaːr/
		faccio /fˈaʧʧo/ - fatsch /fˈaʧ/
		femmina /fˈemmina/ - femna /fˈemnə/
		filo /fˈilo/ - fil /fˈil/
		fine /fˈine/ - fin /fˈin/
		fino /fˈino/ - fin /fˈin/
		fiɡlia /fˈiʎʎa/ - fiɡlia /fˈiʎə/
		fiɡlio /fˈiʎʎo/ - fiɡl /fˈiʎ/
		fumo /fˈumo/ - fim /fˈim/
		foɡlia /fˈɔʎʎa/ - feɡl /fˈeʎ/
		ferro /fˈɛrro/ - fier /fjˈɛːr/
		festa /fˈɛsta/ - fiasta /fjˈastə/
		inverno /invˈɛrno/ - enviern /ənvjˈeːrn/
		cambiare /kambjˈare/ - chamɡiar /ʨəmʥˈaːr/
		capello /kapˈello/ - pail /pˈajl/
		capello /kapˈello/ - chavel /ʨəvˈel/
		castello /kastˈɛllo/ - chastè /ʨəstˈɛ/
		catena /katˈena/ - chadaina /ʨədˈajnə/
		cacciare /kaʧʧˈare/ - chatschar /ʨəʧˈaːr/
		chiamare /kjamˈare/ - clamar /kləmˈaːr/
		chiave /kjˈave/ - clav /klˈaf/
		colore /kolˈore/ - colur /kolˈuːr/
		conoscere /konˈoʃʃere/ - conuscher /kənˈuʃər/
		corteccia /kortˈeʧʧa/ - scorsa /ʃkˈɔrsə/
		credere /krˈedere/ - crair /krˈajr/
		croce /krˈoʧe/ - crousch /krˈowʃ/
		quaɡlia /kwˈaʎʎa/ - quaiɡlia /kwˈajʎə/
		caldo /kˈaldo/ - chaud /ʨˈawt/
		camera /kˈamera/ - chombra /ʨˈɔmbrə/
		cane /kˈane/ - chaun /ʨˈawn/
		canto /kˈanto/ - chant /ʨˈant/
		capo /kˈapo/ - chau /ʨˈaw/
		capra /kˈapra/ - chaura /ʨˈawrə/
		carne /kˈarne/ - charn /ʨˈaːrn/
		casa /kˈaza/ - chasa /ʨˈaːzə/
		che /kˈe/ - tɡe /ʨˈeː/
		chi /kˈi/ - tɡi /ʨˈi/
		coda /kˈoda/ - cua /kˈuə/
		corno /kˈɔrno/ - corna /kˈɔrnə/
		corpo /kˈɔrpo/ - corp /kˈɔːrp/
		costa /kˈɔsta/ - costa /kˈɔstə/
		cosa /kˈɔza/ - chaussa /ʨˈawsə/
		leone /leˈone/ - liun /ljˈun/
		luoɡo /lwˈɔɡo/ - lieu /ljˈɛw/
		lacrima /lˈakrima/ - larma /lˈarmə/
		lana /lˈana/ - launa /lˈawnə/
		laɡo /lˈaɡo/ - laɡ /lˈak/
		leɡno /lˈeɲɲo/ - lain /lˈajn/
		leɡɡe /lˈeʤʤe/ - lescha /lˈeʃə/
		linɡua /lˈiŋɡwa/ - lieunɡa /ljˈɛwŋɡə/
		lui /lˈui/ - el /ˈel/
		luna /lˈuna/ - ɡlina /ʎˈinə/
		lunɡo /lˈuŋɡo/ - lunɡ /lˈuŋ/
		luce /lˈuʧe/ - ɡlisch /ʎˈiʃ/
		lei /lˈɛj/ - ella /ˈelə/
		lepre /lˈɛpre/ - lieur /ljˈɛwr/
		letto /lˈɛtto/ - letɡ /lˈɛʨ/
		leɡɡere /lˈɛʤʤere/ - leɡer /lˈɛʥər/
		maturo /matˈuro/ - madir /mədˈiːr/
		metà /metˈa/ - mited /mitˈet/
		miɡliore /miʎʎˈore/ - meɡlier /məʎˈer/
		morsicare /morsikˈare/ - morder /mˈɔrdər/
		morire /morˈire/ - murir /murˈiːr/
		mano /mˈano/ - maun /mˈawn/
		mare /mˈare/ - mar /mˈaːr/
		mosca /mˈoska/ - mustɡa /mˈuʃʨə/
		mordere /mˈɔrdere/ - morder /mˈɔrdər/
		morte /mˈɔrte/ - mort /mˈɔːrt/
		mezzo /mˈɛʣʣo/ - mez /mˈɛʦ/
		non /non/ - na /nˈa/
		nuotare /nwotˈare/ - nudar /nudˈaːr/
		nuovo /nwˈɔvo/ - nov /nˈɔf/
		naso /nˈazo/ - nas /nˈas/
		nascere /nˈaʃʃere/ - nascher /nˈaʃər/
		nebbia /nˈebbja/ - nível /nˈivəl/
		nero /nˈero/ - nair /nˈajr/
		neve /nˈeve/ - naiv /nˈajf/
		nome /nˈome/ - num /nˈum/
		noce /nˈoʧe/ - nusch /nˈuʃ/
		nube /nˈube/ - nível /nˈivəl/
		nuvola /nˈuvola/ - nível /nˈivəl/
		nostro /nˈɔstro/ - noss /nˈɔs/
		notte /nˈɔtte/ - notɡ /nˈɔʨ/
		nove /nˈɔve/ - nov /nˈɔf/
		odore /odˈore/ - odur /odˈuːr/
		orecchia /orˈekkja/ - ureɡlia /urˈeʎə/
		palazzo /palˈaʦʦo/ - palaz /pəlˈaʦ/
		pidocchio /pidˈɔkkjo/ - pluɡl /plˈuʎ/
		piaɡa /pjˈaɡa/ - plaja /plˈajə/
		piuma /pjˈuma/ - plima /plˈimə/
		piuma /pjˈuma/ - penna /pˈenə/
		piede /pjˈɛde/ - pe /pˈeː/
		pieno /pjˈɛno/ - plain /plˈajn/
		potere /potˈere/ - pudair /pudˈajr/
		prezzo /prˈɛʦʦo/ - predsch /prˈɛʧ/
		pane /pˈane/ - pawn /pˈawn/
		pace /pˈaʧe/ - pasch /pˈaʃ/
		pelo /pˈelo/ - pail /pˈajl/
		pelo /pˈelo/ - chavel /ʨəvˈel/
		penna /pˈenna/ - penna /pˈenə/
		pesce /pˈeʃʃe/ - pesch /pˈeʃ/
		ponte /pˈonte/ - punt /pˈunt/
		pozzo /pˈoʦʦo/ - puoz /pwˈɔʦ/
		puɡno /pˈuɲɲo/ - puɡn /pˈuɲ/
		poco /pˈɔko/ - pauc /pˈawk/
		porco /pˈɔrko/ - portɡ /pˈɔːrʨ/
		povero /pˈɔvero/ - pover /pˈɔvər/
		pelle /pˈɛlle/ - pel /pˈɛl/
		pesca /pˈɛska/ - persic /pˈɛrsik/
		petto /pˈɛtto/ - pèz /pˈɛʦ/
		radice /radˈiʧe/ - raɡisch /rəʥˈiʃ/
		raɡione /raʤˈone/ - raschun /raʃˈun/
		reɡina /reʤˈina/ - reɡina /rəʥˈinə/
		romano /romˈano/ - roman /romˈan/
		raɡno /rˈaɲɲo/ - aroɡn /ərˈɔɲ/
		re /rˈe/ - retɡ /rˈeʨ/
		sapere /sapˈere/ - savair /səvˈajr/
		sedere /sedˈere/ - seser /sˈezər/
		sicuro /sikˈuro/ - seɡir /səʥˈir/
		scrivere /skrˈivere/ - scriver /ʃkrˈivər/
		spada /spˈada/ - spada /ʃpˈadə/
		Spaɡna /spˈaɲɲa/ - Spaɡna /ʃpˈaɲə/
		spina /spˈina/ - spina /ʃpˈinə/
		spiɡa /spˈiɡa/ - spia /ʃpˈiə/
		sabbia /sˈabbja/ - sablun /səblˈun/
		sai /sˈaj/ - sas /sˈas/
		sale /sˈale/ - sal /sˈal/
		sana /sˈana/ - sauna /sˈawnə/
		sano /sˈano/ - saun /sˈawn/
		santo /sˈanto/ - sontɡ /sˈɔnʨ/
		secca /sˈekka/ - sitɡa /sˈiʨə/
		secco /sˈekko/ - setɡ /sˈeʨ/
		secco /sˈekko/ - sitɡ /sˈiʨ/
		seme /sˈeme/ - sem /sˈem/
		sera /sˈera/ - saira /sˈajrə/
		seta /sˈeta/ - saida /sˈajdə/
		sole /sˈole/ - suleɡl /sulˈeʎ/
		sei /sˈɛj/ - sis /sˈis/
		sette /sˈɛtte/ - set /sˈɛt/
		tre /trˈe/ - trais /trˈajs/
		tu /tˈu/ - ti /tˈi/
		tuto /tˈutto/ - tut /tˈut/
		toro /tˈɔro/ - taur /tˈawr/
		tempo /tˈɛmpo/ - temp /tˈɛmp/
		terra /tˈɛrra/ - terra /tˈɛːrə/
		testa /tˈɛsta/ - testa /tˈɛstə/
		uccidere /uʧʧˈidere/ - mazzar /maʦʦˈaːr/
		uccello /uʧʧˈɛllo/ - utschè /uʧˈɛ/
		vedere /vedˈere/ - vesair /veːsˈajr/
		venire /venˈire/ - veɡnir /vəɲˈiːr/
		vicino /viʧˈino/ - vischin /viʃˈin/
		volare /volˈare/ - sɡular /ʒɡulˈar/
		vacca /vˈakka/ - vatɡa /vˈaʨə/
		venti /vˈenti/ - ventɡ /vˈɛnʨ/
		via /vˈia/ - via /vˈiə/
		vino /vˈino/ - vin /vˈin/
		vita /vˈita/ - vita /vˈitə/
		voi /vˈoj/ - vus /vˈus/
		voce /vˈoʧe/ - vusch /vˈuʃ/
		vecchio /vˈɛkkjo/ - veɡl /vˈɛʎ/
		vento /vˈɛnto/ - vent /vˈɛnt/
		ventre /vˈɛntre/ - venter /vˈɛntər/
		verme /vˈɛrme/ - verm /vˈɛrm/
		uomo /wˈɔmo/ - um /ˈum/
		ɡrano /ɡrˈano/ - ɡraun /ɡrˈawn/
		ɡrasso /ɡrˈasso/ - ɡrass /ɡrˈas/
		ɡatto /ɡˈatto/ - ɡiat /ʥˈat/
		ɡelare /ʤelˈare/ - schelar /ʃəlˈa/
		ɡinocchio /ʤinˈɔkkjo/ - schanuɡl /ʃənˈuʎ/
		ɡiovane /ʤˈovane/ - ɡiuven /ʥˈuvən/
		ɡioco /ʤˈɔko/ - ɡieu /ʥjˈɛw/
		ɡenero /ʤˈɛnero/ - schender /ʃˈɛndər/
		città /ʧittˈa/ - sitad /sitˈat/
		cinquanta /ʧiŋkwˈanta/ - tschuncanta /ʧuŋkˈantə/
		cenere /ʧˈenere/ - tschendra /ʧˈɛndrə/
		cera /ʧˈera/ - tschaira /ʧˈajrə/
		cinque /ʧˈiŋkwe/ - tschintɡ /ʧˈinʨ/
		cielo /ʧˈɛlo/ - tschiel /ʧˈiəl/
		cento /ʧˈɛnto/ - tschient /ʧˈiənt/
		acqua /ˈakkwa/ - aua /ˈawə/
		alba /ˈalba/ - alva /ˈalvə/
		anno /ˈanno/ - onn /ˈɔːn/
		anɡelo /ˈanʤelo/ - anɡhel /ˈaŋɡəl/
		ape /ˈape/ - avieul /avjˈewl/
		aɡo /ˈaɡo/ - ɡuɡlia /ɡˈuʎə/
		aɡlio /ˈaʎʎo/ - aɡl /ˈaʎ/
		eɡli /ˈeʎʎi/ - el /ˈel/
		io /ˈio/ - jau /jˈaw/
		isola /ˈizola/ - insla /ˈinslə/
		uno /ˈuno/ - in /ˈin/
		oca /ˈɔka/ - auca /ˈawkə/
		occhi /ˈɔkki/ - eɡls /ˈɛʎs/
		occhio /ˈɔkkjo/ - eɡl /ˈɛʎ/
		opera /ˈɔpera/ - ovra /ˈɔvrə/
		oro /ˈɔro/ - aur /ˈawr/
		osso /ˈɔsso/ - oss /ˈɔs/
		otto /ˈɔtto/ - otɡ /ˈɔʨ/
		erba /ˈɛrba/ - erva /ˈɛːrvə/

Final disqualified:
		bianco /bjˈaŋko/ - alv /ˈalf/
		padre /pˈadre/ - bab /bˈaːp/
		rio /rˈio/ - flum /flˈum/


-------------------

****SAMPLE 2****
Iteration 1
	Qualified: 215
	Disqualified: 249
	Added: 0
	Removed: 17
		lei /lˈɛj/ - ella /ˈelə/
		ɡermano /ʤermˈano/ - frar /frˈar/
		arena /arˈena/ - sablun /səblˈun/
		piccolo /pˈikkolo/ - pitschen /pˈiʧən/
		rio /rˈio/ - flum /flˈum/
		bianco /bjˈaŋko/ - alv /ˈalf/
		occhio /ˈɔkkjo/ - eɡl /ˈɛʎ/
		padre /pˈadre/ - bab /bˈaːp/
		lume /lˈume/ - ɡlisch /ʎˈiʃ/
		io /ˈio/ - jau /jˈaw/
		capello /kapˈello/ - pail /pˈajl/
		neve /nˈeve/ - naiv /nˈajf/
		dieci /djˈɛʧi/ - diesch /dˈiəʃ/
		lui /lˈui/ - el /ˈel/
		pidocchio /pidˈɔkkjo/ - pluɡl /plˈuʎ/
		eɡli /ˈeʎʎi/ - el /ˈel/
		occhi /ˈɔkki/ - eɡls /ˈɛʎs/

Iteration 2
	Qualified: 215
	Disqualified: 249
	Added: 3
		dieci /djˈɛʧi/ - diesch /dˈiəʃ/
		piccolo /pˈikkolo/ - pitschen /pˈiʧən/
		capello /kapˈello/ - pail /pˈajl/
	Removed: 3
		aɡo /ˈaɡo/ - ɡuɡlia /ɡˈuʎə/
		oro /ˈɔro/ - aur /ˈawr/
		uovo /wˈɔvo/ - ov /ˈɔf/

Iteration 3
	Qualified: 220
	Disqualified: 244
	Added: 5
		oro /ˈɔro/ - aur /ˈawr/
		uovo /wˈɔvo/ - ov /ˈɔf/
		occhio /ˈɔkkjo/ - eɡl /ˈɛʎ/
		neve /nˈeve/ - naiv /nˈajf/
		aɡo /ˈaɡo/ - ɡuɡlia /ɡˈuʎə/
	Removed: 0

Iteration 4
	Qualified: 219
	Disqualified: 245
	Added: 0
	Removed: 1
		oro /ˈɔro/ - aur /ˈawr/

Iteration 5
	Qualified: 219
	Disqualified: 245
	Added: 1
		oro /ˈɔro/ - aur /ˈawr/
	Removed: 1
		uovo /wˈɔvo/ - ov /ˈɔf/

Iteration 6
	Qualified: 220
	Disqualified: 244
	Added: 2
		occhi /ˈɔkki/ - eɡls /ˈɛʎs/
		uovo /wˈɔvo/ - ov /ˈɔf/
	Removed: 1
		oro /ˈɔro/ - aur /ˈawr/

Iteration 7
	Qualified: 221
	Disqualified: 243
	Added: 1
		oro /ˈɔro/ - aur /ˈawr/
	Removed: 0

Iteration 8
	Qualified: 221
	Disqualified: 243
	Added: 1
		io /ˈio/ - jau /jˈaw/
	Removed: 1
		oro /ˈɔro/ - aur /ˈawr/

Iteration 9
	Qualified: 222
	Disqualified: 242
	Added: 1
		oro /ˈɔro/ - aur /ˈawr/
	Removed: 0

Iteration 10
	Qualified: 224
	Disqualified: 240
	Added: 3
		lei /lˈɛj/ - ella /ˈelə/
		lui /lˈui/ - el /ˈel/
		arena /arˈena/ - sablun /səblˈun/
	Removed: 1
		oro /ˈɔro/ - aur /ˈawr/

Final qualifying:
		aiutare /ajutˈare/ - ɡidar /ʥidˈar/
		anello /anˈɛllo/ - anè /ənˈɛ/
		arena /arˈena/ - sablun /səblˈun/
		autunno /awtˈunno/ - atun /ətˈun/
		aɡnello /aɲɲˈɛllo/ - aɡnè /əɲˈɛ/
		bruciare /bruʧˈare/ - brischar /briʃˈaːr/
		buona /bwˈɔna/ - buna /bˈunə/
		buone /bwˈɔne/ - bunas /bˈunəs/
		buoni /bwˈɔni/ - buns /bˈuns/
		buono /bwˈɔno/ - bun /bˈun/
		babbo /bˈabbo/ - bab /bˈaːp/
		basso /bˈasso/ - bass /bˈas/
		baɡno /bˈaɲɲo/ - baɡn /bˈaɲ/
		bere /bˈere/ - baiver /bˈajvər/
		bocca /bˈokka/ - bucca /bˈukə/
		bue /bˈue/ - bov /bˈɔf/
		bella /bˈɛlla/ - bella /bˈɛlə/
		bello /bˈɛllo/ - bel /bˈɛl/
		bene /bˈɛne/ - bain /bˈajn/
		dieci /djˈɛʧi/ - diesch /dˈiəʃ/
		dormire /dormˈire/ - durmir /durmˈir/
		dio /dˈio/ - dieu /djˈɛw/
		dire /dˈire/ - dir /dˈiːr/
		dito /dˈito/ - det /dˈɛt/
		dodici /dˈodiʧi/ - dudesch /dˈudəʃ/
		due /dˈue/ - duas /dˈuəs/
		donna /dˈɔnna/ - dunna /dˈunə/
		dente /dˈɛnte/ - dent /dˈɛnt/
		farina /farˈina/ - farina /fərˈinə/
		fiore /fjˈore/ - flur /flˈur/
		freddo /frˈeddo/ - fraid /frˈajt/
		frutto /frˈutto/ - fritɡ /frˈiʨ/
		fuoco /fwˈɔko/ - fieu /fjˈɛw/
		fame /fˈame/ - fom /fˈɔm/
		fare /fˈare/ - far /fˈaːr/
		faccio /fˈaʧʧo/ - fatsch /fˈaʧ/
		filo /fˈilo/ - fil /fˈil/
		fine /fˈine/ - fin /fˈin/
		fino /fˈino/ - fin /fˈin/
		fiɡlia /fˈiʎʎa/ - fiɡlia /fˈiʎə/
		fiɡlio /fˈiʎʎo/ - fiɡl /fˈiʎ/
		fumo /fˈumo/ - fim /fˈim/
		ferro /fˈɛrro/ - fier /fjˈɛːr/
		festa /fˈɛsta/ - fiasta /fjˈastə/
		cambiare /kambjˈare/ - chamɡiar /ʨəmʥˈaːr/
		capello /kapˈello/ - pail /pˈajl/
		capello /kapˈello/ - chavel /ʨəvˈel/
		catena /katˈena/ - chadaina /ʨədˈajnə/
		cacciare /kaʧʧˈare/ - chatschar /ʨəʧˈaːr/
		chiamare /kjamˈare/ - clamar /kləmˈaːr/
		colore /kolˈore/ - colur /kolˈuːr/
		conoscere /konˈoʃʃere/ - conuscher /kənˈuʃər/
		corteccia /kortˈeʧʧa/ - scorsa /ʃkˈɔrsə/
		credere /krˈedere/ - crair /krˈajr/
		croce /krˈoʧe/ - crousch /krˈowʃ/
		croce /krˈoʧe/ - crusch /krˈuʃ/
		quattro /kwˈattro/ - quatter /kuˈaːtər/
		quaɡlia /kwˈaʎʎa/ - quaiɡlia /kwˈajʎə/
		cuore /kwˈɔre/ - cor /kˈoːr/
		caldo /kˈaldo/ - chaud /ʨˈawt/
		cane /kˈane/ - chaun /ʨˈawn/
		canto /kˈanto/ - chant /ʨˈant/
		capo /kˈapo/ - chau /ʨˈaw/
		capra /kˈapra/ - chaura /ʨˈawrə/
		carne /kˈarne/ - charn /ʨˈaːrn/
		caro /kˈaro/ - char /ʨˈaːr/
		che /kˈe/ - tɡe /ʨˈeː/
		chi /kˈi/ - tɡi /ʨˈi/
		coda /kˈoda/ - cua /kˈuə/
		corto /kˈorto/ - curt /kˈurt/
		culo /kˈulo/ - tɡil /ʨˈil/
		corno /kˈɔrno/ - corna /kˈɔrnə/
		corpo /kˈɔrpo/ - corp /kˈɔːrp/
		costa /kˈɔsta/ - costa /kˈɔstə/
		coscia /kˈɔʃʃa/ - coissa /kˈojsə/
		leone /leˈone/ - liun /ljˈun/
		lacrima /lˈakrima/ - larma /lˈarmə/
		lana /lˈana/ - launa /lˈawnə/
		laɡo /lˈaɡo/ - laɡ /lˈak/
		leɡna /lˈeɲɲa/ - lain /lˈajn/
		leɡno /lˈeɲɲo/ - lain /lˈajn/
		linɡua /lˈiŋɡwa/ - lieunɡa /ljˈɛwŋɡə/
		lui /lˈui/ - el /ˈel/
		lunɡo /lˈuŋɡo/ - lunɡ /lˈuŋ/
		luce /lˈuʧe/ - ɡlisch /ʎˈiʃ/
		lei /lˈɛj/ - ella /ˈelə/
		lepre /lˈɛpre/ - lieur /ljˈɛwr/
		letto /lˈɛtto/ - letɡ /lˈɛʨ/
		miɡliore /miʎʎˈore/ - meɡlier /məʎˈer/
		montaɡna /montˈaɲɲa/ - muntaɡna /muntˈaɲə/
		morire /morˈire/ - murir /murˈiːr/
		mare /mˈare/ - mar /mˈaːr/
		mille /mˈille/ - milli /mˈiːli/
		mosca /mˈoska/ - mustɡa /mˈuʃʨə/
		morte /mˈɔrte/ - mort /mˈɔːrt/
		mezzo /mˈɛʣʣo/ - mez /mˈɛʦ/
		nuotare /nwotˈare/ - nudar /nudˈaːr/
		nuovo /nwˈɔvo/ - nov /nˈɔf/
		naso /nˈazo/ - nas /nˈas/
		nascere /nˈaʃʃere/ - nascher /nˈaʃər/
		nebbia /nˈebbja/ - nível /nˈivəl/
		nero /nˈero/ - nair /nˈajr/
		neve /nˈeve/ - naiv /nˈajf/
		noi /nˈoj/ - nus /nˈus/
		nome /nˈome/ - num /nˈum/
		noce /nˈoʧe/ - nusch /nˈuʃ/
		nube /nˈube/ - nível /nˈivəl/
		nuvola /nˈuvola/ - nível /nˈivəl/
		nove /nˈɔve/ - nov /nˈɔf/
		odore /odˈore/ - odur /odˈuːr/
		orecchia /orˈekkja/ - ureɡlia /urˈeʎə/
		piaɡa /pjˈaɡa/ - plaja /plˈajə/
		piuma /pjˈuma/ - plima /plˈimə/
		piuma /pjˈuma/ - penna /pˈenə/
		piede /pjˈɛde/ - pe /pˈeː/
		pieno /pjˈɛno/ - plain /plˈajn/
		prezzo /prˈɛʦʦo/ - predsch /prˈɛʧ/
		pane /pˈane/ - pawn /pˈawn/
		pancia /pˈanʧa/ - venter /vˈɛntər/
		pace /pˈaʧe/ - pasch /pˈaʃ/
		pelo /pˈelo/ - chavel /ʨəvˈel/
		penna /pˈenna/ - plima /plˈimə/
		piccolo /pˈikkolo/ - pitschen /pˈiʧən/
		pozzo /pˈoʦʦo/ - puoz /pwˈɔʦ/
		punto /pˈunto/ - puntɡ /pˈunʨ/
		puɡno /pˈuɲɲo/ - puɡn /pˈuɲ/
		poco /pˈɔko/ - pauc /pˈawk/
		porco /pˈɔrko/ - portɡ /pˈɔːrʨ/
		pelle /pˈɛlle/ - pel /pˈɛl/
		pesca /pˈɛska/ - persic /pˈɛrsik/
		petto /pˈɛtto/ - pèz /pˈɛʦ/
		radice /radˈiʧe/ - raɡisch /rəʥˈiʃ/
		raɡione /raʤˈone/ - raschun /raʃˈun/
		reɡina /reʤˈina/ - reɡina /rəʥˈinə/
		romano /romˈano/ - roman /romˈan/
		raɡno /rˈaɲɲo/ - aroɡn /ərˈɔɲ/
		re /rˈe/ - retɡ /rˈeʨ/
		sapere /sapˈere/ - savair /səvˈajr/
		sedere /sedˈere/ - seser /sˈezər/
		semente /semˈente/ - sem /sˈem/
		sicuro /sikˈuro/ - seɡir /səʥˈir/
		scrivere /skrˈivere/ - scriver /ʃkrˈivər/
		scorza /skˈɔrʦa/ - scorsa /ʃkˈɔrsə/
		spada /spˈada/ - spada /ʃpˈadə/
		Spaɡna /spˈaɲɲa/ - Spaɡna /ʃpˈaɲə/
		spina /spˈina/ - spina /ʃpˈinə/
		spiɡa /spˈiɡa/ - spia /ʃpˈiə/
		sabbia /sˈabbja/ - sablun /səblˈun/
		sai /sˈaj/ - sas /sˈas/
		sale /sˈale/ - sal /sˈal/
		sana /sˈana/ - sauna /sˈawnə/
		sano /sˈano/ - saun /sˈawn/
		santo /sˈanto/ - sontɡ /sˈɔnʨ/
		sanɡue /sˈaŋɡwe/ - sanɡ /sˈaŋ/
		secca /sˈekka/ - setɡa /sˈeʨə/
		secca /sˈekka/ - sitɡa /sˈiʨə/
		secco /sˈekko/ - setɡ /sˈeʨ/
		secco /sˈekko/ - sitɡ /sˈiʨ/
		seme /sˈeme/ - sem /sˈem/
		sole /sˈole/ - suleɡl /sulˈeʎ/
		sopra /sˈopra/ - sura /sˈuːrə/
		tre /trˈe/ - trais /trˈajs/
		tondo /tˈondo/ - radund /rədˈunt/
		tutti /tˈutti/ - tuts /tˈuts/
		tuto /tˈutto/ - tut /tˈut/
		toro /tˈɔro/ - taur /tˈawr/
		terra /tˈɛrra/ - terra /tˈɛːrə/
		testa /tˈɛsta/ - testa /tˈɛstə/
		uccidere /uʧʧˈidere/ - mazzar /maʦʦˈaːr/
		uccello /uʧʧˈɛllo/ - utschè /uʧˈɛ/
		vedere /vedˈere/ - vesair /veːsˈajr/
		venire /venˈire/ - veɡnir /vəɲˈiːr/
		verɡoɡna /verɡˈoɲɲa/ - verɡuoɡna /vərɡˈuɔ̯ɲə/
		vicino /viʧˈino/ - vischin /viʃˈin/
		volare /volˈare/ - sɡular /ʒɡulˈar/
		vacca /vˈakka/ - vatɡa /vˈaʨə/
		venti /vˈenti/ - ventɡ /vˈɛnʨ/
		verde /vˈerde/ - verd /vˈeːrt/
		via /vˈia/ - via /vˈiə/
		villa /vˈilla/ - villa /vˈilə/
		voi /vˈoj/ - vus /vˈus/
		voce /vˈoʧe/ - vusch /vˈuʃ/
		vecchio /vˈɛkkjo/ - veɡl /vˈɛʎ/
		vento /vˈɛnto/ - vent /vˈɛnt/
		ventre /vˈɛntre/ - venter /vˈɛntər/
		verme /vˈɛrme/ - verm /vˈɛrm/
		venɡo /vˈɛŋɡo/ - veɡn /vˈɛɲ/
		uovo /wˈɔvo/ - ov /ˈɔf/
		ɡhiaccio /ɡjˈaʧʧo/ - ɡlatsch /ɡlˈaʧ/
		ɡrande /ɡrˈande/ - ɡrond /ɡrˈɔnt/
		ɡrano /ɡrˈano/ - ɡraun /ɡrˈawn/
		ɡrasso /ɡrˈasso/ - ɡrass /ɡrˈas/
		ɡrosso /ɡrˈɔsso/ - ɡross /ɡrˈɔs/
		ɡatto /ɡˈatto/ - ɡiat /ʥˈat/
		ɡola /ɡˈola/ - ɡula /ɡˈulə/
		ɡelare /ʤelˈare/ - schelar /ʃəlˈa/
		ɡinocchio /ʤinˈɔkkjo/ - schanuɡl /ʃənˈuʎ/
		ɡiovane /ʤˈovane/ - ɡiuven /ʥˈuvən/
		ɡioco /ʤˈɔko/ - ɡieu /ʥjˈɛw/
		ɡenero /ʤˈɛnero/ - schender /ʃˈɛndər/
		città /ʧittˈa/ - sitad /sitˈat/
		cinquanta /ʧiŋkwˈanta/ - tschuncanta /ʧuŋkˈantə/
		cenere /ʧˈenere/ - tschendra /ʧˈɛndrə/
		cinque /ʧˈiŋkwe/ - tschintɡ /ʧˈinʨ/
		cielo /ʧˈɛlo/ - tschiel /ʧˈiəl/
		acqua /ˈakkwa/ - aua /ˈawə/
		alma /ˈalma/ - olma /ˈɔlmə/
		altro /ˈaltro/ - auter /ˈawtər/
		anno /ˈanno/ - onn /ˈɔːn/
		anɡelo /ˈanʤelo/ - anɡhel /ˈaŋɡəl/
		aɡo /ˈaɡo/ - ɡuɡlia /ɡˈuʎə/
		aɡlio /ˈaʎʎo/ - aɡl /ˈaʎ/
		io /ˈio/ - jau /jˈaw/
		isola /ˈizola/ - insla /ˈinslə/
		orso /ˈorso/ - urs /ˈurs/
		uno /ˈuno/ - in /ˈin/
		unɡhia /ˈuŋɡja/ - unɡla /ˈunɡlə/
		oca /ˈɔka/ - auca /ˈawkə/
		occhi /ˈɔkki/ - eɡls /ˈɛʎs/
		occhio /ˈɔkkjo/ - eɡl /ˈɛʎ/
		opera /ˈɔpera/ - ovra /ˈɔvrə/
		osso /ˈɔsso/ - oss /ˈɔs/
		otto /ˈɔtto/ - otɡ /ˈɔʨ/
		erba /ˈɛrba/ - erva /ˈɛːrvə/

Final disqualified:
		bianco /bjˈaŋko/ - alv /ˈalf/
		lume /lˈume/ - ɡlisch /ʎˈiʃ/
		pidocchio /pidˈɔkkjo/ - pluɡl /plˈuʎ/
		padre /pˈadre/ - bab /bˈaːp/
		rio /rˈio/ - flum /flˈum/
		ɡermano /ʤermˈano/ - frar /frˈar/
		eɡli /ˈeʎʎi/ - el /ˈel/
		oro /ˈɔro/ - aur /ˈawr/


-------------------

****SAMPLE 3****
Iteration 1
	Qualified: 213
	Disqualified: 251
	Added: 0
	Removed: 19
		fratello /fratˈɛllo/ - frar /frˈar/
		ɡiorno /ʤˈorno/ - di /dˈi/
		padre /pˈadre/ - bab /bˈaːp/
		lume /lˈume/ - ɡlisch /ʎˈiʃ/
		neve /nˈeve/ - naiv /nˈajf/
		sei /sˈɛj/ - sis /sˈis/
		lei /lˈɛj/ - ella /ˈelə/
		ɡermano /ʤermˈano/ - frar /frˈar/
		arena /arˈena/ - sablun /səblˈun/
		io /ˈio/ - jau /jˈaw/
		aɡo /ˈaɡo/ - ɡuɡlia /ɡˈuʎə/
		eɡli /ˈeʎʎi/ - el /ˈel/
		fronza /frˈonʣa/ - feɡl /fˈeʎ/
		pidocchio /pidˈɔkkjo/ - pluɡl /plˈuʎ/
		non /non/ - na /nˈa/
		bianco /bjˈaŋko/ - alv /ˈalf/
		occhio /ˈɔkkjo/ - eɡl /ˈɛʎ/
		ɡhiacciare /ɡjaʧʧˈare/ - schelar /ʃəlˈa/
		ape /ˈape/ - avieul /avjˈewl/

Iteration 2
	Qualified: 211
	Disqualified: 253
	Added: 0
	Removed: 2
		penna /pˈenna/ - plima /plˈimə/
		uovo /wˈɔvo/ - ov /ˈɔf/

Iteration 3
	Qualified: 214
	Disqualified: 250
	Added: 3
		neve /nˈeve/ - naiv /nˈajf/
		aɡo /ˈaɡo/ - ɡuɡlia /ɡˈuʎə/
		uovo /wˈɔvo/ - ov /ˈɔf/
	Removed: 0

Iteration 4
	Qualified: 214
	Disqualified: 250
	Added: 1
		penna /pˈenna/ - plima /plˈimə/
	Removed: 1
		neve /nˈeve/ - naiv /nˈajf/

Iteration 5
	Qualified: 213
	Disqualified: 251
	Added: 0
	Removed: 1
		uovo /wˈɔvo/ - ov /ˈɔf/

Iteration 6
	Qualified: 216
	Disqualified: 248
	Added: 3
		neve /nˈeve/ - naiv /nˈajf/
		non /non/ - na /nˈa/
		uovo /wˈɔvo/ - ov /ˈɔf/
	Removed: 0

Iteration 7
	Qualified: 219
	Disqualified: 245
	Added: 3
		occhio /ˈɔkkjo/ - eɡl /ˈɛʎ/
		lume /lˈume/ - ɡlisch /ʎˈiʃ/
		pidocchio /pidˈɔkkjo/ - pluɡl /plˈuʎ/
	Removed: 0

Iteration 8
	Qualified: 220
	Disqualified: 244
	Added: 2
		fratello /fratˈɛllo/ - frar /frˈar/
		eɡli /ˈeʎʎi/ - el /ˈel/
	Removed: 1
		uovo /wˈɔvo/ - ov /ˈɔf/

Iteration 9
	Qualified: 222
	Disqualified: 242
	Added: 2
		io /ˈio/ - jau /jˈaw/
		uovo /wˈɔvo/ - ov /ˈɔf/
	Removed: 0

Iteration 10
	Qualified: 223
	Disqualified: 241
	Added: 1
		sei /sˈɛj/ - sis /sˈis/
	Removed: 0

Final qualifying:
		anello /anˈɛllo/ - anè /ənˈɛ/
		autunno /awtˈunno/ - atun /ətˈun/
		aɡnello /aɲɲˈɛllo/ - aɡnè /əɲˈɛ/
		bruciare /bruʧˈare/ - brischar /briʃˈaːr/
		buona /bwˈɔna/ - buna /bˈunə/
		buone /bwˈɔne/ - bunas /bˈunəs/
		buoni /bwˈɔni/ - buns /bˈuns/
		buono /bwˈɔno/ - bun /bˈun/
		babbo /bˈabbo/ - bab /bˈaːp/
		basso /bˈasso/ - bass /bˈas/
		baɡno /bˈaɲɲo/ - baɡn /bˈaɲ/
		bocca /bˈokka/ - bucca /bˈukə/
		bue /bˈue/ - bov /bˈɔf/
		bella /bˈɛlla/ - bella /bˈɛlə/
		bello /bˈɛllo/ - bel /bˈɛl/
		bene /bˈɛne/ - bain /bˈajn/
		dormire /dormˈire/ - durmir /durmˈir/
		draɡone /draɡˈone/ - draɡun /draɡˈun/
		dare /dˈare/ - dar /dˈaːr/
		dì /dˈi/ - di /dˈi/
		dio /dˈio/ - dieu /djˈɛw/
		dire /dˈire/ - dir /dˈiːr/
		dito /dˈito/ - det /dˈɛt/
		dolce /dˈolʧe/ - dultsch /dˈulʧ/
		due /dˈue/ - duas /dˈuəs/
		donna /dˈɔnna/ - dunna /dˈunə/
		dente /dˈɛnte/ - dent /dˈɛnt/
		farina /farˈina/ - farina /fərˈinə/
		fiore /fjˈore/ - flur /flˈur/
		fratello /fratˈɛllo/ - frar /frˈar/
		freddo /frˈeddo/ - fraid /frˈajt/
		frutto /frˈutto/ - fritɡ /frˈiʨ/
		fuoco /fwˈɔko/ - fieu /fjˈɛw/
		fame /fˈame/ - fom /fˈɔm/
		fare /fˈare/ - far /fˈaːr/
		faccio /fˈaʧʧo/ - fatsch /fˈaʧ/
		filo /fˈilo/ - fil /fˈil/
		fine /fˈine/ - fin /fˈin/
		fino /fˈino/ - fin /fˈin/
		fiɡlia /fˈiʎʎa/ - fiɡlia /fˈiʎə/
		fiɡlio /fˈiʎʎo/ - fiɡl /fˈiʎ/
		festa /fˈɛsta/ - fiasta /fjˈastə/
		inverno /invˈɛrno/ - enviern /ənvjˈeːrn/
		cambiare /kambjˈare/ - chamɡiar /ʨəmʥˈaːr/
		capello /kapˈello/ - pail /pˈajl/
		capello /kapˈello/ - chavel /ʨəvˈel/
		castello /kastˈɛllo/ - chastè /ʨəstˈɛ/
		catena /katˈena/ - chadaina /ʨədˈajnə/
		chiave /kjˈave/ - clav /klˈaf/
		conoscere /konˈoʃʃere/ - conuscher /kənˈuʃər/
		corteccia /kortˈeʧʧa/ - scorsa /ʃkˈɔrsə/
		credere /krˈedere/ - crair /krˈajr/
		croce /krˈoʧe/ - crousch /krˈowʃ/
		quattro /kwˈattro/ - quatter /kuˈaːtər/
		quaɡlia /kwˈaʎʎa/ - quaiɡlia /kwˈajʎə/
		caldo /kˈaldo/ - chaud /ʨˈawt/
		camera /kˈamera/ - chombra /ʨˈɔmbrə/
		cane /kˈane/ - chaun /ʨˈawn/
		canto /kˈanto/ - chant /ʨˈant/
		capo /kˈapo/ - chau /ʨˈaw/
		capra /kˈapra/ - chaura /ʨˈawrə/
		carne /kˈarne/ - charn /ʨˈaːrn/
		caro /kˈaro/ - char /ʨˈaːr/
		casa /kˈaza/ - chasa /ʨˈaːzə/
		che /kˈe/ - tɡe /ʨˈeː/
		chi /kˈi/ - tɡi /ʨˈi/
		coda /kˈoda/ - cua /kˈuə/
		corto /kˈorto/ - curt /kˈurt/
		culo /kˈulo/ - tɡil /ʨˈil/
		corno /kˈɔrno/ - corna /kˈɔrnə/
		corpo /kˈɔrpo/ - corp /kˈɔːrp/
		costa /kˈɔsta/ - costa /kˈɔstə/
		cosa /kˈɔza/ - chaussa /ʨˈawsə/
		coscia /kˈɔʃʃa/ - coissa /kˈojsə/
		luoɡo /lwˈɔɡo/ - lieu /ljˈɛw/
		lacrima /lˈakrima/ - larma /lˈarmə/
		lana /lˈana/ - launa /lˈawnə/
		latte /lˈatte/ - latɡ /lˈaʨ/
		laɡo /lˈaɡo/ - laɡ /lˈak/
		leɡno /lˈeɲɲo/ - lain /lˈajn/
		linɡua /lˈiŋɡwa/ - lieunɡa /ljˈɛwŋɡə/
		lume /lˈume/ - ɡlisch /ʎˈiʃ/
		luna /lˈuna/ - ɡlina /ʎˈinə/
		lunɡo /lˈuŋɡo/ - lunɡ /lˈuŋ/
		luce /lˈuʧe/ - ɡlisch /ʎˈiʃ/
		lepre /lˈɛpre/ - lieur /ljˈɛwr/
		letto /lˈɛtto/ - letɡ /lˈɛʨ/
		leɡɡere /lˈɛʤʤere/ - leɡer /lˈɛʥər/
		miɡliore /miʎʎˈore/ - meɡlier /məʎˈer/
		miele /mjˈɛle/ - mel /mˈɛl/
		morsicare /morsikˈare/ - morder /mˈɔrdər/
		morire /morˈire/ - murir /murˈiːr/
		mano /mˈano/ - maun /mˈawn/
		mille /mˈille/ - milli /mˈiːli/
		mordere /mˈɔrdere/ - morder /mˈɔrdər/
		mezzo /mˈɛʣʣo/ - mez /mˈɛʦ/
		non /non/ - na /nˈa/
		nuovo /nwˈɔvo/ - nov /nˈɔf/
		naso /nˈazo/ - nas /nˈas/
		nascere /nˈaʃʃere/ - nascher /nˈaʃər/
		nero /nˈero/ - nair /nˈajr/
		neve /nˈeve/ - naiv /nˈajf/
		noi /nˈoj/ - nus /nˈus/
		noce /nˈoʧe/ - nusch /nˈuʃ/
		nube /nˈube/ - nível /nˈivəl/
		nuvola /nˈuvola/ - nível /nˈivəl/
		nostro /nˈɔstro/ - noss /nˈɔs/
		notte /nˈɔtte/ - notɡ /nˈɔʨ/
		nove /nˈɔve/ - nov /nˈɔf/
		orecchia /orˈekkja/ - ureɡlia /urˈeʎə/
		palazzo /palˈaʦʦo/ - palaz /pəlˈaʦ/
		pidocchio /pidˈɔkkjo/ - pluɡl /plˈuʎ/
		piaɡa /pjˈaɡa/ - plaja /plˈajə/
		pioɡɡia /pjˈɔʤʤa/ - plievɡia /plˈiəvʥə/
		piede /pjˈɛde/ - pe /pˈeː/
		pieno /pjˈɛno/ - plain /plˈajn/
		potere /potˈere/ - pudair /pudˈajr/
		prezzo /prˈɛʦʦo/ - predsch /prˈɛʧ/
		pane /pˈane/ - pawn /pˈawn/
		pancia /pˈanʧa/ - venter /vˈɛntər/
		pace /pˈaʧe/ - pasch /pˈaʃ/
		pelo /pˈelo/ - pail /pˈajl/
		penna /pˈenna/ - plima /plˈimə/
		penna /pˈenna/ - penna /pˈenə/
		pesce /pˈeʃʃe/ - pesch /pˈeʃ/
		piccolo /pˈikkolo/ - pitschen /pˈiʧən/
		ponte /pˈonte/ - punt /pˈunt/
		pozzo /pˈoʦʦo/ - puoz /pwˈɔʦ/
		punto /pˈunto/ - puntɡ /pˈunʨ/
		puɡno /pˈuɲɲo/ - puɡn /pˈuɲ/
		poco /pˈɔko/ - pauc /pˈawk/
		pelle /pˈɛlle/ - pel /pˈɛl/
		pesca /pˈɛska/ - persic /pˈɛrsik/
		petto /pˈɛtto/ - pèz /pˈɛʦ/
		radice /radˈiʧe/ - raɡisch /rəʥˈiʃ/
		raɡione /raʤˈone/ - raschun /raʃˈun/
		reɡina /reʤˈina/ - reɡina /rəʥˈinə/
		raɡno /rˈaɲɲo/ - aroɡn /ərˈɔɲ/
		re /rˈe/ - retɡ /rˈeʨ/
		sapere /sapˈere/ - savair /səvˈajr/
		sedere /sedˈere/ - seser /sˈezər/
		semente /semˈente/ - sem /sˈem/
		spada /spˈada/ - spada /ʃpˈadə/
		Spaɡna /spˈaɲɲa/ - Spaɡna /ʃpˈaɲə/
		spina /spˈina/ - spina /ʃpˈinə/
		spiɡa /spˈiɡa/ - spia /ʃpˈiə/
		stato /stˈato/ - stadi /ʃtˈadi/
		stella /stˈella/ - staila /ʃtˈajlə/
		sabbia /sˈabbja/ - sablun /səblˈun/
		sai /sˈaj/ - sas /sˈas/
		sale /sˈale/ - sal /sˈal/
		salsa /sˈalsa/ - sosa /sˈɔsə/
		sana /sˈana/ - sauna /sˈawnə/
		sano /sˈano/ - saun /sˈawn/
		santo /sˈanto/ - sontɡ /sˈɔnʨ/
		secca /sˈekka/ - sitɡa /sˈiʨə/
		secco /sˈekko/ - setɡ /sˈeʨ/
		secco /sˈekko/ - sitɡ /sˈiʨ/
		seme /sˈeme/ - sem /sˈem/
		sera /sˈera/ - saira /sˈajrə/
		sole /sˈole/ - suleɡl /sulˈeʎ/
		sei /sˈɛj/ - sis /sˈis/
		sette /sˈɛtte/ - set /sˈɛt/
		tondo /tˈondo/ - radund /rədˈunt/
		tu /tˈu/ - ti /tˈi/
		tutti /tˈutti/ - tuts /tˈuts/
		toro /tˈɔro/ - taur /tˈawr/
		tempo /tˈɛmpo/ - temp /tˈɛmp/
		terra /tˈɛrra/ - terra /tˈɛːrə/
		testa /tˈɛsta/ - testa /tˈɛstə/
		uccello /uʧʧˈɛllo/ - utschè /uʧˈɛ/
		vedere /vedˈere/ - vesair /veːsˈajr/
		verɡoɡna /verɡˈoɲɲa/ - verɡuoɡna /vərɡˈuɔ̯ɲə/
		vitello /vitˈɛllo/ - vadè /vədˈɛ/
		vicino /viʧˈino/ - vischin /viʃˈin/
		vacca /vˈakka/ - vatɡa /vˈaʨə/
		venti /vˈenti/ - ventɡ /vˈɛnʨ/
		verde /vˈerde/ - verd /vˈeːrt/
		villa /vˈilla/ - villa /vˈilə/
		vino /vˈino/ - vin /vˈin/
		vita /vˈita/ - vita /vˈitə/
		voi /vˈoj/ - vus /vˈus/
		vecchio /vˈɛkkjo/ - veɡl /vˈɛʎ/
		vento /vˈɛnto/ - vent /vˈɛnt/
		ventre /vˈɛntre/ - venter /vˈɛntər/
		verme /vˈɛrme/ - verm /vˈɛrm/
		venɡo /vˈɛŋɡo/ - veɡn /vˈɛɲ/
		uomo /wˈɔmo/ - um /ˈum/
		uovo /wˈɔvo/ - ov /ˈɔf/
		ɡhiaccio /ɡjˈaʧʧo/ - ɡlatsch /ɡlˈaʧ/
		ɡrande /ɡrˈande/ - ɡrond /ɡrˈɔnt/
		ɡrasso /ɡrˈasso/ - ɡrass /ɡrˈas/
		ɡrosso /ɡrˈɔsso/ - ɡross /ɡrˈɔs/
		ɡatto /ɡˈatto/ - ɡiat /ʥˈat/
		ɡelare /ʤelˈare/ - schelar /ʃəlˈa/
		ɡiovane /ʤˈovane/ - ɡiuven /ʥˈuvən/
		ɡioco /ʤˈɔko/ - ɡieu /ʥjˈɛw/
		ɡenero /ʤˈɛnero/ - schender /ʃˈɛndər/
		città /ʧittˈa/ - sitad /sitˈat/
		cinquanta /ʧiŋkwˈanta/ - tschuncanta /ʧuŋkˈantə/
		cenere /ʧˈenere/ - tschendra /ʧˈɛndrə/
		cera /ʧˈera/ - tschaira /ʧˈajrə/
		cinque /ʧˈiŋkwe/ - tschintɡ /ʧˈinʨ/
		cielo /ʧˈɛlo/ - tschiel /ʧˈiəl/
		cento /ʧˈɛnto/ - tschient /ʧˈiənt/
		acqua /ˈakkwa/ - aua /ˈawə/
		alba /ˈalba/ - alva /ˈalvə/
		alma /ˈalma/ - olma /ˈɔlmə/
		altro /ˈaltro/ - auter /ˈawtər/
		anɡelo /ˈanʤelo/ - anɡhel /ˈaŋɡəl/
		aɡo /ˈaɡo/ - ɡuɡlia /ɡˈuʎə/
		aɡlio /ˈaʎʎo/ - aɡl /ˈaʎ/
		eɡli /ˈeʎʎi/ - el /ˈel/
		io /ˈio/ - jau /jˈaw/
		isola /ˈizola/ - insla /ˈinslə/
		orso /ˈorso/ - urs /ˈurs/
		uno /ˈuno/ - in /ˈin/
		oca /ˈɔka/ - auca /ˈawkə/
		occhio /ˈɔkkjo/ - eɡl /ˈɛʎ/
		opera /ˈɔpera/ - ovra /ˈɔvrə/
		osso /ˈɔsso/ - oss /ˈɔs/
		otto /ˈɔtto/ - otɡ /ˈɔʨ/
		erba /ˈɛrba/ - erva /ˈɛːrvə/

Final disqualified:
		arena /arˈena/ - sablun /səblˈun/
		bianco /bjˈaŋko/ - alv /ˈalf/
		fronza /frˈonʣa/ - feɡl /fˈeʎ/
		lei /lˈɛj/ - ella /ˈelə/
		padre /pˈadre/ - bab /bˈaːp/
		ɡhiacciare /ɡjaʧʧˈare/ - schelar /ʃəlˈa/
		ɡermano /ʤermˈano/ - frar /frˈar/
		ɡiorno /ʤˈorno/ - di /dˈi/
		ape /ˈape/ - avieul /avjˈewl/


-------------------

****SAMPLE 4****
Iteration 1
	Qualified: 211
	Disqualified: 253
	Added: 0
	Removed: 21
		fratello /fratˈɛllo/ - frar /frˈar/
		ɡiorno /ʤˈorno/ - di /dˈi/
		rio /rˈio/ - flum /flˈum/
		leɡna /lˈeɲɲa/ - lain /lˈajn/
		lume /lˈume/ - ɡlisch /ʎˈiʃ/
		neve /nˈeve/ - naiv /nˈajf/
		dieci /djˈɛʧi/ - diesch /dˈiəʃ/
		lui /lˈui/ - el /ˈel/
		lei /lˈɛj/ - ella /ˈelə/
		ɡermano /ʤermˈano/ - frar /frˈar/
		arena /arˈena/ - sablun /səblˈun/
		freddo /frˈeddo/ - fraid /frˈajt/
		io /ˈio/ - jau /jˈaw/
		eɡli /ˈeʎʎi/ - el /ˈel/
		fronza /frˈonʣa/ - feɡl /fˈeʎ/
		pidocchio /pidˈɔkkjo/ - pluɡl /plˈuʎ/
		bere /bˈere/ - baiver /bˈajvər/
		non /non/ - na /nˈa/
		bianco /bjˈaŋko/ - alv /ˈalf/
		ɡhiacciare /ɡjaʧʧˈare/ - schelar /ʃəlˈa/
		ape /ˈape/ - avieul /avjˈewl/

Iteration 2
	Qualified: 211
	Disqualified: 253
	Added: 5
		leɡna /lˈeɲɲa/ - lain /lˈajn/
		freddo /frˈeddo/ - fraid /frˈajt/
		neve /nˈeve/ - naiv /nˈajf/
		dieci /djˈɛʧi/ - diesch /dˈiəʃ/
		bere /bˈere/ - baiver /bˈajvər/
	Removed: 5
		penna /pˈenna/ - plima /plˈimə/
		oro /ˈɔro/ - aur /ˈawr/
		occhio /ˈɔkkjo/ - eɡl /ˈɛʎ/
		piccolo /pˈikkolo/ - pitschen /pˈiʧən/
		aɡo /ˈaɡo/ - ɡuɡlia /ɡˈuʎə/

Iteration 3
	Qualified: 212
	Disqualified: 252
	Added: 3
		penna /pˈenna/ - plima /plˈimə/
		piccolo /pˈikkolo/ - pitschen /pˈiʧən/
		oro /ˈɔro/ - aur /ˈawr/
	Removed: 2
		leɡna /lˈeɲɲa/ - lain /lˈajn/
		bere /bˈere/ - baiver /bˈajvər/

Iteration 4
	Qualified: 214
	Disqualified: 250
	Added: 3
		aɡo /ˈaɡo/ - ɡuɡlia /ɡˈuʎə/
		leɡna /lˈeɲɲa/ - lain /lˈajn/
		bere /bˈere/ - baiver /bˈajvər/
	Removed: 1
		oro /ˈɔro/ - aur /ˈawr/

Iteration 5
	Qualified: 214
	Disqualified: 250
	Added: 1
		oro /ˈɔro/ - aur /ˈawr/
	Removed: 1
		leɡna /lˈeɲɲa/ - lain /lˈajn/

Iteration 6
	Qualified: 218
	Disqualified: 246
	Added: 5
		fratello /fratˈɛllo/ - frar /frˈar/
		non /non/ - na /nˈa/
		leɡna /lˈeɲɲa/ - lain /lˈajn/
		lume /lˈume/ - ɡlisch /ʎˈiʃ/
		pidocchio /pidˈɔkkjo/ - pluɡl /plˈuʎ/
	Removed: 1
		oro /ˈɔro/ - aur /ˈawr/

Iteration 7
	Qualified: 218
	Disqualified: 246
	Added: 3
		occhio /ˈɔkkjo/ - eɡl /ˈɛʎ/
		eɡli /ˈeʎʎi/ - el /ˈel/
		oro /ˈɔro/ - aur /ˈawr/
	Removed: 3
		pidocchio /pidˈɔkkjo/ - pluɡl /plˈuʎ/
		non /non/ - na /nˈa/
		leɡna /lˈeɲɲa/ - lain /lˈajn/

Iteration 8
	Qualified: 220
	Disqualified: 244
	Added: 3
		io /ˈio/ - jau /jˈaw/
		non /non/ - na /nˈa/
		leɡna /lˈeɲɲa/ - lain /lˈajn/
	Removed: 1
		oro /ˈɔro/ - aur /ˈawr/

Iteration 9
	Qualified: 220
	Disqualified: 244
	Added: 1
		oro /ˈɔro/ - aur /ˈawr/
	Removed: 1
		leɡna /lˈeɲɲa/ - lain /lˈajn/

Iteration 10
	Qualified: 224
	Disqualified: 240
	Added: 5
		lei /lˈɛj/ - ella /ˈelə/
		arena /arˈena/ - sablun /səblˈun/
		leɡna /lˈeɲɲa/ - lain /lˈajn/
		lui /lˈui/ - el /ˈel/
		pidocchio /pidˈɔkkjo/ - pluɡl /plˈuʎ/
	Removed: 1
		oro /ˈɔro/ - aur /ˈawr/

Final qualifying:
		anello /anˈɛllo/ - anè /ənˈɛ/
		arena /arˈena/ - sablun /səblˈun/
		aɡnello /aɲɲˈɛllo/ - aɡnè /əɲˈɛ/
		bruciare /bruʧˈare/ - brischar /briʃˈaːr/
		buoni /bwˈɔni/ - buns /bˈuns/
		buono /bwˈɔno/ - bun /bˈun/
		babbo /bˈabbo/ - bab /bˈaːp/
		basso /bˈasso/ - bass /bˈas/
		baɡno /bˈaɲɲo/ - baɡn /bˈaɲ/
		bere /bˈere/ - baiver /bˈajvər/
		bocca /bˈokka/ - bucca /bˈukə/
		bella /bˈɛlla/ - bella /bˈɛlə/
		bello /bˈɛllo/ - bel /bˈɛl/
		bene /bˈɛne/ - bain /bˈajn/
		dieci /djˈɛʧi/ - diesch /dˈiəʃ/
		dormire /dormˈire/ - durmir /durmˈir/
		draɡone /draɡˈone/ - draɡun /draɡˈun/
		dì /dˈi/ - di /dˈi/
		dico /dˈiko/ - di /dˈi/
		dio /dˈio/ - dieu /djˈɛw/
		dire /dˈire/ - dir /dˈiːr/
		dito /dˈito/ - det /dˈɛt/
		dodici /dˈodiʧi/ - dudesch /dˈudəʃ/
		dolce /dˈolʧe/ - dultsch /dˈulʧ/
		due /dˈue/ - duas /dˈuəs/
		donna /dˈɔnna/ - dunna /dˈunə/
		dente /dˈɛnte/ - dent /dˈɛnt/
		farina /farˈina/ - farina /fərˈinə/
		fratello /fratˈɛllo/ - frar /frˈar/
		freddo /frˈeddo/ - fraid /frˈajt/
		frutto /frˈutto/ - fritɡ /frˈiʨ/
		fuoco /fwˈɔko/ - fieu /fjˈɛw/
		fame /fˈame/ - fom /fˈɔm/
		fare /fˈare/ - far /fˈaːr/
		faccio /fˈaʧʧo/ - fatsch /fˈaʧ/
		femmina /fˈemmina/ - femna /fˈemnə/
		filo /fˈilo/ - fil /fˈil/
		fine /fˈine/ - fin /fˈin/
		fiɡlia /fˈiʎʎa/ - fiɡlia /fˈiʎə/
		fiɡlio /fˈiʎʎo/ - fiɡl /fˈiʎ/
		fumo /fˈumo/ - fim /fˈim/
		foɡlia /fˈɔʎʎa/ - feɡl /fˈeʎ/
		ferro /fˈɛrro/ - fier /fjˈɛːr/
		festa /fˈɛsta/ - fiasta /fjˈastə/
		inverno /invˈɛrno/ - enviern /ənvjˈeːrn/
		cambiare /kambjˈare/ - chamɡiar /ʨəmʥˈaːr/
		capello /kapˈello/ - chavel /ʨəvˈel/
		castello /kastˈɛllo/ - chastè /ʨəstˈɛ/
		catena /katˈena/ - chadaina /ʨədˈajnə/
		cavallo /kavˈallo/ - chaval /ʨəvˈal/
		cacciare /kaʧʧˈare/ - chatschar /ʨəʧˈaːr/
		chiamare /kjamˈare/ - clamar /kləmˈaːr/
		chiave /kjˈave/ - clav /klˈaf/
		conoscere /konˈoʃʃere/ - conuscher /kənˈuʃər/
		corteccia /kortˈeʧʧa/ - scorsa /ʃkˈɔrsə/
		croce /krˈoʧe/ - crusch /krˈuʃ/
		quattro /kwˈattro/ - quatter /kuˈaːtər/
		quaɡlia /kwˈaʎʎa/ - quaiɡlia /kwˈajʎə/
		cuore /kwˈɔre/ - cor /kˈoːr/
		caldo /kˈaldo/ - chaud /ʨˈawt/
		camera /kˈamera/ - chombra /ʨˈɔmbrə/
		cane /kˈane/ - chaun /ʨˈawn/
		capo /kˈapo/ - chau /ʨˈaw/
		capra /kˈapra/ - chaura /ʨˈawrə/
		caro /kˈaro/ - char /ʨˈaːr/
		casa /kˈaza/ - chasa /ʨˈaːzə/
		che /kˈe/ - tɡe /ʨˈeː/
		chi /kˈi/ - tɡi /ʨˈi/
		culo /kˈulo/ - tɡil /ʨˈil/
		corno /kˈɔrno/ - corna /kˈɔrnə/
		cosa /kˈɔza/ - chaussa /ʨˈawsə/
		coscia /kˈɔʃʃa/ - coissa /kˈojsə/
		leone /leˈone/ - liun /ljˈun/
		lacrima /lˈakrima/ - larma /lˈarmə/
		lana /lˈana/ - launa /lˈawnə/
		latte /lˈatte/ - latɡ /lˈaʨ/
		leɡna /lˈeɲɲa/ - lain /lˈajn/
		leɡɡe /lˈeʤʤe/ - lescha /lˈeʃə/
		lui /lˈui/ - el /ˈel/
		lume /lˈume/ - ɡlisch /ʎˈiʃ/
		luna /lˈuna/ - ɡlina /ʎˈinə/
		lunɡo /lˈuŋɡo/ - lunɡ /lˈuŋ/
		luce /lˈuʧe/ - ɡlisch /ʎˈiʃ/
		lei /lˈɛj/ - ella /ˈelə/
		lepre /lˈɛpre/ - lieur /ljˈɛwr/
		letto /lˈɛtto/ - letɡ /lˈɛʨ/
		leɡɡere /lˈɛʤʤere/ - leɡer /lˈɛʥər/
		maturo /matˈuro/ - madir /mədˈiːr/
		metà /metˈa/ - mited /mitˈet/
		miɡliore /miʎʎˈore/ - meɡlier /məʎˈer/
		miele /mjˈɛle/ - mel /mˈɛl/
		montaɡna /montˈaɲɲa/ - muntaɡna /muntˈaɲə/
		morsicare /morsikˈare/ - morder /mˈɔrdər/
		morire /morˈire/ - murir /murˈiːr/
		mano /mˈano/ - maun /mˈawn/
		mare /mˈare/ - mar /mˈaːr/
		mille /mˈille/ - milli /mˈiːli/
		mosca /mˈoska/ - mustɡa /mˈuʃʨə/
		mordere /mˈɔrdere/ - morder /mˈɔrdər/
		mezzo /mˈɛʣʣo/ - mez /mˈɛʦ/
		non /non/ - na /nˈa/
		nuotare /nwotˈare/ - nudar /nudˈaːr/
		nuovo /nwˈɔvo/ - nov /nˈɔf/
		nascere /nˈaʃʃere/ - nascher /nˈaʃər/
		nero /nˈero/ - nair /nˈajr/
		neve /nˈeve/ - naiv /nˈajf/
		noi /nˈoj/ - nus /nˈus/
		nome /nˈome/ - num /nˈum/
		noce /nˈoʧe/ - nusch /nˈuʃ/
		nube /nˈube/ - nível /nˈivəl/
		nostro /nˈɔstro/ - noss /nˈɔs/
		notte /nˈɔtte/ - notɡ /nˈɔʨ/
		nove /nˈɔve/ - nov /nˈɔf/
		odore /odˈore/ - odur /odˈuːr/
		palazzo /palˈaʦʦo/ - palaz /pəlˈaʦ/
		pidocchio /pidˈɔkkjo/ - pluɡl /plˈuʎ/
		piaɡa /pjˈaɡa/ - plaja /plˈajə/
		piuma /pjˈuma/ - plima /plˈimə/
		piuma /pjˈuma/ - penna /pˈenə/
		pioɡɡia /pjˈɔʤʤa/ - plievɡia /plˈiəvʥə/
		piede /pjˈɛde/ - pe /pˈeː/
		potere /potˈere/ - pudair /pudˈajr/
		prezzo /prˈɛʦʦo/ - predsch /prˈɛʧ/
		pane /pˈane/ - pawn /pˈawn/
		pancia /pˈanʧa/ - venter /vˈɛntər/
		pace /pˈaʧe/ - pasch /pˈaʃ/
		pelo /pˈelo/ - pail /pˈajl/
		pelo /pˈelo/ - chavel /ʨəvˈel/
		penna /pˈenna/ - plima /plˈimə/
		penna /pˈenna/ - penna /pˈenə/
		pesce /pˈeʃʃe/ - pesch /pˈeʃ/
		piccolo /pˈikkolo/ - pitschen /pˈiʧən/
		ponte /pˈonte/ - punt /pˈunt/
		pozzo /pˈoʦʦo/ - puoz /pwˈɔʦ/
		punto /pˈunto/ - puntɡ /pˈunʨ/
		puɡno /pˈuɲɲo/ - puɡn /pˈuɲ/
		poco /pˈɔko/ - pauc /pˈawk/
		porco /pˈɔrko/ - portɡ /pˈɔːrʨ/
		povero /pˈɔvero/ - pover /pˈɔvər/
		pelle /pˈɛlle/ - pel /pˈɛl/
		pesca /pˈɛska/ - persic /pˈɛrsik/
		radice /radˈiʧe/ - raɡisch /rəʥˈiʃ/
		raɡione /raʤˈone/ - raschun /raʃˈun/
		romano /romˈano/ - roman /romˈan/
		re /rˈe/ - retɡ /rˈeʨ/
		sapere /sapˈere/ - savair /səvˈajr/
		sedere /sedˈere/ - seser /sˈezər/
		sicuro /sikˈuro/ - seɡir /səʥˈir/
		scorza /skˈɔrʦa/ - scorsa /ʃkˈɔrsə/
		spada /spˈada/ - spada /ʃpˈadə/
		Spaɡna /spˈaɲɲa/ - Spaɡna /ʃpˈaɲə/
		spina /spˈina/ - spina /ʃpˈinə/
		spiɡa /spˈiɡa/ - spia /ʃpˈiə/
		stato /stˈato/ - stadi /ʃtˈadi/
		sabbia /sˈabbja/ - sablun /səblˈun/
		sale /sˈale/ - sal /sˈal/
		salsa /sˈalsa/ - sosa /sˈɔsə/
		sana /sˈana/ - sauna /sˈawnə/
		sano /sˈano/ - saun /sˈawn/
		sanɡue /sˈaŋɡwe/ - sanɡ /sˈaŋ/
		secca /sˈekka/ - sitɡa /sˈiʨə/
		secco /sˈekko/ - setɡ /sˈeʨ/
		secco /sˈekko/ - sitɡ /sˈiʨ/
		seme /sˈeme/ - sem /sˈem/
		sera /sˈera/ - saira /sˈajrə/
		seta /sˈeta/ - saida /sˈajdə/
		sole /sˈole/ - suleɡl /sulˈeʎ/
		sopra /sˈopra/ - sura /sˈuːrə/
		sei /sˈɛj/ - sis /sˈis/
		sette /sˈɛtte/ - set /sˈɛt/
		tondo /tˈondo/ - radund /rədˈunt/
		tu /tˈu/ - ti /tˈi/
		tutti /tˈutti/ - tuts /tˈuts/
		toro /tˈɔro/ - taur /tˈawr/
		tempo /tˈɛmpo/ - temp /tˈɛmp/
		testa /tˈɛsta/ - testa /tˈɛstə/
		uccidere /uʧʧˈidere/ - mazzar /maʦʦˈaːr/
		uccello /uʧʧˈɛllo/ - utschè /uʧˈɛ/
		verɡoɡna /verɡˈoɲɲa/ - verɡuoɡna /vərɡˈuɔ̯ɲə/
		vitello /vitˈɛllo/ - vadè /vədˈɛ/
		vacca /vˈakka/ - vatɡa /vˈaʨə/
		venti /vˈenti/ - ventɡ /vˈɛnʨ/
		verde /vˈerde/ - verd /vˈeːrt/
		via /vˈia/ - via /vˈiə/
		villa /vˈilla/ - villa /vˈilə/
		vita /vˈita/ - vita /vˈitə/
		voi /vˈoj/ - vus /vˈus/
		vento /vˈɛnto/ - vent /vˈɛnt/
		ventre /vˈɛntre/ - venter /vˈɛntər/
		verme /vˈɛrme/ - verm /vˈɛrm/
		venɡo /vˈɛŋɡo/ - veɡn /vˈɛɲ/
		ɡrande /ɡrˈande/ - ɡrond /ɡrˈɔnt/
		ɡrano /ɡrˈano/ - ɡraun /ɡrˈawn/
		ɡrasso /ɡrˈasso/ - ɡrass /ɡrˈas/
		ɡrosso /ɡrˈɔsso/ - ɡross /ɡrˈɔs/
		ɡatto /ɡˈatto/ - ɡiat /ʥˈat/
		ɡelare /ʤelˈare/ - schelar /ʃəlˈa/
		ɡinocchio /ʤinˈɔkkjo/ - schanuɡl /ʃənˈuʎ/
		ɡiovane /ʤˈovane/ - ɡiuven /ʥˈuvən/
		ɡenero /ʤˈɛnero/ - schender /ʃˈɛndər/
		cinquanta /ʧiŋkwˈanta/ - tschuncanta /ʧuŋkˈantə/
		cenere /ʧˈenere/ - tschendra /ʧˈɛndrə/
		cera /ʧˈera/ - tschaira /ʧˈajrə/
		cinque /ʧˈiŋkwe/ - tschintɡ /ʧˈinʨ/
		cielo /ʧˈɛlo/ - tschiel /ʧˈiəl/
		cento /ʧˈɛnto/ - tschient /ʧˈiənt/
		acqua /ˈakkwa/ - aua /ˈawə/
		alma /ˈalma/ - olma /ˈɔlmə/
		altro /ˈaltro/ - auter /ˈawtər/
		anno /ˈanno/ - onn /ˈɔːn/
		anɡelo /ˈanʤelo/ - anɡhel /ˈaŋɡəl/
		aɡo /ˈaɡo/ - ɡuɡlia /ɡˈuʎə/
		aɡlio /ˈaʎʎo/ - aɡl /ˈaʎ/
		eɡli /ˈeʎʎi/ - el /ˈel/
		io /ˈio/ - jau /jˈaw/
		isola /ˈizola/ - insla /ˈinslə/
		orso /ˈorso/ - urs /ˈurs/
		uno /ˈuno/ - in /ˈin/
		unɡhia /ˈuŋɡja/ - unɡla /ˈunɡlə/
		oca /ˈɔka/ - auca /ˈawkə/
		occhio /ˈɔkkjo/ - eɡl /ˈɛʎ/
		opera /ˈɔpera/ - ovra /ˈɔvrə/
		osso /ˈɔsso/ - oss /ˈɔs/
		erba /ˈɛrba/ - erva /ˈɛːrvə/

Final disqualified:
		bianco /bjˈaŋko/ - alv /ˈalf/
		fronza /frˈonʣa/ - feɡl /fˈeʎ/
		rio /rˈio/ - flum /flˈum/
		ɡhiacciare /ɡjaʧʧˈare/ - schelar /ʃəlˈa/
		ɡermano /ʤermˈano/ - frar /frˈar/
		ɡiorno /ʤˈorno/ - di /dˈi/
		ape /ˈape/ - avieul /avjˈewl/
		oro /ˈɔro/ - aur /ˈawr/


-------------------

****SAMPLE 5****
Iteration 1
	Qualified: 219
	Disqualified: 245
	Added: 0
	Removed: 13
		fronza /frˈonʣa/ - feɡl /fˈeʎ/
		fratello /fratˈɛllo/ - frar /frˈar/
		ɡermano /ʤermˈano/ - frar /frˈar/
		non /non/ - na /nˈa/
		arena /arˈena/ - sablun /səblˈun/
		ɡiorno /ʤˈorno/ - di /dˈi/
		rio /rˈio/ - flum /flˈum/
		bianco /bjˈaŋko/ - alv /ˈalf/
		occhio /ˈɔkkjo/ - eɡl /ˈɛʎ/
		padre /pˈadre/ - bab /bˈaːp/
		lui /lˈui/ - el /ˈel/
		pidocchio /pidˈɔkkjo/ - pluɡl /plˈuʎ/
		eɡli /ˈeʎʎi/ - el /ˈel/

Iteration 2
	Qualified: 217
	Disqualified: 247
	Added: 1
		pidocchio /pidˈɔkkjo/ - pluɡl /plˈuʎ/
	Removed: 3
		io /ˈio/ - jau /jˈaw/
		oro /ˈɔro/ - aur /ˈawr/
		uovo /wˈɔvo/ - ov /ˈɔf/

Iteration 3
	Qualified: 221
	Disqualified: 243
	Added: 4
		occhio /ˈɔkkjo/ - eɡl /ˈɛʎ/
		non /non/ - na /nˈa/
		oro /ˈɔro/ - aur /ˈawr/
		uovo /wˈɔvo/ - ov /ˈɔf/
	Removed: 0

Iteration 4
	Qualified: 219
	Disqualified: 245
	Added: 1
		eɡli /ˈeʎʎi/ - el /ˈel/
	Removed: 3
		pidocchio /pidˈɔkkjo/ - pluɡl /plˈuʎ/
		non /non/ - na /nˈa/
		oro /ˈɔro/ - aur /ˈawr/

Iteration 5
	Qualified: 220
	Disqualified: 244
	Added: 2
		non /non/ - na /nˈa/
		oro /ˈɔro/ - aur /ˈawr/
	Removed: 1
		uovo /wˈɔvo/ - ov /ˈɔf/

Iteration 6
	Qualified: 221
	Disqualified: 243
	Added: 2
		fratello /fratˈɛllo/ - frar /frˈar/
		uovo /wˈɔvo/ - ov /ˈɔf/
	Removed: 1
		oro /ˈɔro/ - aur /ˈawr/

Iteration 7
	Qualified: 222
	Disqualified: 242
	Added: 1
		oro /ˈɔro/ - aur /ˈawr/
	Removed: 0

Iteration 8
	Qualified: 222
	Disqualified: 242
	Added: 1
		io /ˈio/ - jau /jˈaw/
	Removed: 1
		oro /ˈɔro/ - aur /ˈawr/

Iteration 9
	Qualified: 225
	Disqualified: 239
	Added: 3
		lui /lˈui/ - el /ˈel/
		oro /ˈɔro/ - aur /ˈawr/
		arena /arˈena/ - sablun /səblˈun/
	Removed: 0

Iteration 10
	Qualified: 225
	Disqualified: 239
	Added: 2
		pidocchio /pidˈɔkkjo/ - pluɡl /plˈuʎ/
		ɡermano /ʤermˈano/ - frar /frˈar/
	Removed: 2
		oro /ˈɔro/ - aur /ˈawr/
		arena /arˈena/ - sablun /səblˈun/

Final qualifying:
		aiutare /ajutˈare/ - ɡidar /ʥidˈar/
		anello /anˈɛllo/ - anè /ənˈɛ/
		aɡnello /aɲɲˈɛllo/ - aɡnè /əɲˈɛ/
		bruciare /bruʧˈare/ - brischar /briʃˈaːr/
		buone /bwˈɔne/ - bunas /bˈunəs/
		buoni /bwˈɔni/ - buns /bˈuns/
		babbo /bˈabbo/ - bab /bˈaːp/
		basso /bˈasso/ - bass /bˈas/
		bere /bˈere/ - baiver /bˈajvər/
		bocca /bˈokka/ - bucca /bˈukə/
		bue /bˈue/ - bov /bˈɔf/
		bello /bˈɛllo/ - bel /bˈɛl/
		dieci /djˈɛʧi/ - diesch /dˈiəʃ/
		dormire /dormˈire/ - durmir /durmˈir/
		draɡone /draɡˈone/ - draɡun /draɡˈun/
		dare /dˈare/ - dar /dˈaːr/
		dio /dˈio/ - dieu /djˈɛw/
		dire /dˈire/ - dir /dˈiːr/
		dolce /dˈolʧe/ - dultsch /dˈulʧ/
		donna /dˈɔnna/ - dunna /dˈunə/
		dente /dˈɛnte/ - dent /dˈɛnt/
		farina /farˈina/ - farina /fərˈinə/
		fiore /fjˈore/ - flur /flˈur/
		fiume /fjˈume/ - flum /flˈum/
		fratello /fratˈɛllo/ - frar /frˈar/
		freddo /frˈeddo/ - fraid /frˈajt/
		frutto /frˈutto/ - fritɡ /frˈiʨ/
		fuoco /fwˈɔko/ - fieu /fjˈɛw/
		fame /fˈame/ - fom /fˈɔm/
		fare /fˈare/ - far /fˈaːr/
		faccio /fˈaʧʧo/ - fatsch /fˈaʧ/
		femmina /fˈemmina/ - femna /fˈemnə/
		filo /fˈilo/ - fil /fˈil/
		fine /fˈine/ - fin /fˈin/
		fino /fˈino/ - fin /fˈin/
		fiɡlio /fˈiʎʎo/ - fiɡl /fˈiʎ/
		fumo /fˈumo/ - fim /fˈim/
		foɡlia /fˈɔʎʎa/ - feɡl /fˈeʎ/
		ferro /fˈɛrro/ - fier /fjˈɛːr/
		inverno /invˈɛrno/ - enviern /ənvjˈeːrn/
		capello /kapˈello/ - pail /pˈajl/
		capello /kapˈello/ - chavel /ʨəvˈel/
		castello /kastˈɛllo/ - chastè /ʨəstˈɛ/
		catena /katˈena/ - chadaina /ʨədˈajnə/
		cavallo /kavˈallo/ - chaval /ʨəvˈal/
		cacciare /kaʧʧˈare/ - chatschar /ʨəʧˈaːr/
		chiamare /kjamˈare/ - clamar /kləmˈaːr/
		chiave /kjˈave/ - clav /klˈaf/
		colore /kolˈore/ - colur /kolˈuːr/
		conoscere /konˈoʃʃere/ - conuscher /kənˈuʃər/
		corteccia /kortˈeʧʧa/ - scorsa /ʃkˈɔrsə/
		credere /krˈedere/ - crair /krˈajr/
		croce /krˈoʧe/ - crusch /krˈuʃ/
		quattro /kwˈattro/ - quatter /kuˈaːtər/
		quaɡlia /kwˈaʎʎa/ - quaiɡlia /kwˈajʎə/
		caldo /kˈaldo/ - chaud /ʨˈawt/
		camera /kˈamera/ - chombra /ʨˈɔmbrə/
		cane /kˈane/ - chaun /ʨˈawn/
		canto /kˈanto/ - chant /ʨˈant/
		capo /kˈapo/ - chau /ʨˈaw/
		capra /kˈapra/ - chaura /ʨˈawrə/
		carne /kˈarne/ - charn /ʨˈaːrn/
		caro /kˈaro/ - char /ʨˈaːr/
		che /kˈe/ - tɡe /ʨˈeː/
		chi /kˈi/ - tɡi /ʨˈi/
		coda /kˈoda/ - cua /kˈuə/
		corto /kˈorto/ - curt /kˈurt/
		culo /kˈulo/ - tɡil /ʨˈil/
		corno /kˈɔrno/ - corna /kˈɔrnə/
		corpo /kˈɔrpo/ - corp /kˈɔːrp/
		costa /kˈɔsta/ - costa /kˈɔstə/
		cosa /kˈɔza/ - chaussa /ʨˈawsə/
		coscia /kˈɔʃʃa/ - coissa /kˈojsə/
		leone /leˈone/ - liun /ljˈun/
		luoɡo /lwˈɔɡo/ - lieu /ljˈɛw/
		lacrima /lˈakrima/ - larma /lˈarmə/
		lana /lˈana/ - launa /lˈawnə/
		latte /lˈatte/ - latɡ /lˈaʨ/
		laɡo /lˈaɡo/ - laɡ /lˈak/
		leɡna /lˈeɲɲa/ - lain /lˈajn/
		leɡno /lˈeɲɲo/ - lain /lˈajn/
		linɡua /lˈiŋɡwa/ - lieunɡa /ljˈɛwŋɡə/
		lui /lˈui/ - el /ˈel/
		luna /lˈuna/ - ɡlina /ʎˈinə/
		lunɡo /lˈuŋɡo/ - lunɡ /lˈuŋ/
		luce /lˈuʧe/ - ɡlisch /ʎˈiʃ/
		lepre /lˈɛpre/ - lieur /ljˈɛwr/
		letto /lˈɛtto/ - letɡ /lˈɛʨ/
		leɡɡere /lˈɛʤʤere/ - leɡer /lˈɛʥər/
		maturo /matˈuro/ - madir /mədˈiːr/
		metà /metˈa/ - mited /mitˈet/
		miɡliore /miʎʎˈore/ - meɡlier /məʎˈer/
		miele /mjˈɛle/ - mel /mˈɛl/
		montaɡna /montˈaɲɲa/ - muntaɡna /muntˈaɲə/
		morire /morˈire/ - murir /murˈiːr/
		mano /mˈano/ - maun /mˈawn/
		mare /mˈare/ - mar /mˈaːr/
		mordere /mˈɔrdere/ - morder /mˈɔrdər/
		mezzo /mˈɛʣʣo/ - mez /mˈɛʦ/
		non /non/ - na /nˈa/
		nuotare /nwotˈare/ - nudar /nudˈaːr/
		nuovo /nwˈɔvo/ - nov /nˈɔf/
		naso /nˈazo/ - nas /nˈas/
		nascere /nˈaʃʃere/ - nascher /nˈaʃər/
		nebbia /nˈebbja/ - nível /nˈivəl/
		nero /nˈero/ - nair /nˈajr/
		noi /nˈoj/ - nus /nˈus/
		noce /nˈoʧe/ - nusch /nˈuʃ/
		nube /nˈube/ - nível /nˈivəl/
		nuvola /nˈuvola/ - nível /nˈivəl/
		nostro /nˈɔstro/ - noss /nˈɔs/
		notte /nˈɔtte/ - notɡ /nˈɔʨ/
		nove /nˈɔve/ - nov /nˈɔf/
		odore /odˈore/ - odur /odˈuːr/
		orecchia /orˈekkja/ - ureɡlia /urˈeʎə/
		palazzo /palˈaʦʦo/ - palaz /pəlˈaʦ/
		pidocchio /pidˈɔkkjo/ - pluɡl /plˈuʎ/
		piuma /pjˈuma/ - plima /plˈimə/
		piuma /pjˈuma/ - penna /pˈenə/
		pioɡɡia /pjˈɔʤʤa/ - plievɡia /plˈiəvʥə/
		piede /pjˈɛde/ - pe /pˈeː/
		potere /potˈere/ - pudair /pudˈajr/
		prezzo /prˈɛʦʦo/ - predsch /prˈɛʧ/
		pancia /pˈanʧa/ - venter /vˈɛntər/
		pelo /pˈelo/ - pail /pˈajl/
		pelo /pˈelo/ - chavel /ʨəvˈel/
		penna /pˈenna/ - plima /plˈimə/
		penna /pˈenna/ - penna /pˈenə/
		ponte /pˈonte/ - punt /pˈunt/
		pozzo /pˈoʦʦo/ - puoz /pwˈɔʦ/
		punto /pˈunto/ - puntɡ /pˈunʨ/
		puɡno /pˈuɲɲo/ - puɡn /pˈuɲ/
		porco /pˈɔrko/ - portɡ /pˈɔːrʨ/
		povero /pˈɔvero/ - pover /pˈɔvər/
		pelle /pˈɛlle/ - pel /pˈɛl/
		petto /pˈɛtto/ - pèz /pˈɛʦ/
		radice /radˈiʧe/ - raɡisch /rəʥˈiʃ/
		raɡione /raʤˈone/ - raschun /raʃˈun/
		reɡina /reʤˈina/ - reɡina /rəʥˈinə/
		raɡno /rˈaɲɲo/ - aroɡn /ərˈɔɲ/
		re /rˈe/ - retɡ /rˈeʨ/
		sapere /sapˈere/ - savair /səvˈajr/
		sedere /sedˈere/ - seser /sˈezər/
		semente /semˈente/ - sem /sˈem/
		sicuro /sikˈuro/ - seɡir /səʥˈir/
		scorza /skˈɔrʦa/ - scorsa /ʃkˈɔrsə/
		spada /spˈada/ - spada /ʃpˈadə/
		Spaɡna /spˈaɲɲa/ - Spaɡna /ʃpˈaɲə/
		spina /spˈina/ - spina /ʃpˈinə/
		spiɡa /spˈiɡa/ - spia /ʃpˈiə/
		stato /stˈato/ - stadi /ʃtˈadi/
		stella /stˈella/ - staila /ʃtˈajlə/
		sabbia /sˈabbja/ - sablun /səblˈun/
		sai /sˈaj/ - sas /sˈas/
		sale /sˈale/ - sal /sˈal/
		sano /sˈano/ - saun /sˈawn/
		santo /sˈanto/ - sontɡ /sˈɔnʨ/
		sanɡue /sˈaŋɡwe/ - sanɡ /sˈaŋ/
		secca /sˈekka/ - setɡa /sˈeʨə/
		secca /sˈekka/ - sitɡa /sˈiʨə/
		secco /sˈekko/ - setɡ /sˈeʨ/
		secco /sˈekko/ - sitɡ /sˈiʨ/
		seme /sˈeme/ - sem /sˈem/
		sole /sˈole/ - suleɡl /sulˈeʎ/
		sopra /sˈopra/ - sura /sˈuːrə/
		sei /sˈɛj/ - sis /sˈis/
		sette /sˈɛtte/ - set /sˈɛt/
		tre /trˈe/ - trais /trˈajs/
		tu /tˈu/ - ti /tˈi/
		tuto /tˈutto/ - tut /tˈut/
		toro /tˈɔro/ - taur /tˈawr/
		tempo /tˈɛmpo/ - temp /tˈɛmp/
		terra /tˈɛrra/ - terra /tˈɛːrə/
		testa /tˈɛsta/ - testa /tˈɛstə/
		uccidere /uʧʧˈidere/ - mazzar /maʦʦˈaːr/
		uccello /uʧʧˈɛllo/ - utschè /uʧˈɛ/
		venire /venˈire/ - veɡnir /vəɲˈiːr/
		verɡoɡna /verɡˈoɲɲa/ - verɡuoɡna /vərɡˈuɔ̯ɲə/
		vitello /vitˈɛllo/ - vadè /vədˈɛ/
		vicino /viʧˈino/ - vischin /viʃˈin/
		volare /volˈare/ - sɡular /ʒɡulˈar/
		vacca /vˈakka/ - vatɡa /vˈaʨə/
		verde /vˈerde/ - verd /vˈeːrt/
		villa /vˈilla/ - villa /vˈilə/
		vino /vˈino/ - vin /vˈin/
		vita /vˈita/ - vita /vˈitə/
		voi /vˈoj/ - vus /vˈus/
		vecchio /vˈɛkkjo/ - veɡl /vˈɛʎ/
		vento /vˈɛnto/ - vent /vˈɛnt/
		ventre /vˈɛntre/ - venter /vˈɛntər/
		uovo /wˈɔvo/ - ov /ˈɔf/
		ɡhiaccio /ɡjˈaʧʧo/ - ɡlatsch /ɡlˈaʧ/
		ɡrande /ɡrˈande/ - ɡrond /ɡrˈɔnt/
		ɡrano /ɡrˈano/ - ɡraun /ɡrˈawn/
		ɡrasso /ɡrˈasso/ - ɡrass /ɡrˈas/
		ɡrosso /ɡrˈɔsso/ - ɡross /ɡrˈɔs/
		ɡola /ɡˈola/ - ɡula /ɡˈulə/
		ɡelare /ʤelˈare/ - schelar /ʃəlˈa/
		ɡermano /ʤermˈano/ - frar /frˈar/
		ɡinocchio /ʤinˈɔkkjo/ - schanuɡl /ʃənˈuʎ/
		ɡiovane /ʤˈovane/ - ɡiuven /ʥˈuvən/
		ɡioco /ʤˈɔko/ - ɡieu /ʥjˈɛw/
		ɡenero /ʤˈɛnero/ - schender /ʃˈɛndər/
		città /ʧittˈa/ - sitad /sitˈat/
		cinquanta /ʧiŋkwˈanta/ - tschuncanta /ʧuŋkˈantə/
		cenere /ʧˈenere/ - tschendra /ʧˈɛndrə/
		cera /ʧˈera/ - tschaira /ʧˈajrə/
		cinque /ʧˈiŋkwe/ - tschintɡ /ʧˈinʨ/
		cielo /ʧˈɛlo/ - tschiel /ʧˈiəl/
		cento /ʧˈɛnto/ - tschient /ʧˈiənt/
		acqua /ˈakkwa/ - aua /ˈawə/
		alba /ˈalba/ - alva /ˈalvə/
		alma /ˈalma/ - olma /ˈɔlmə/
		altro /ˈaltro/ - auter /ˈawtər/
		anno /ˈanno/ - onn /ˈɔːn/
		ape /ˈape/ - avieul /avjˈewl/
		aɡlio /ˈaʎʎo/ - aɡl /ˈaʎ/
		eɡli /ˈeʎʎi/ - el /ˈel/
		io /ˈio/ - jau /jˈaw/
		isola /ˈizola/ - insla /ˈinslə/
		orso /ˈorso/ - urs /ˈurs/
		oca /ˈɔka/ - auca /ˈawkə/
		occhio /ˈɔkkjo/ - eɡl /ˈɛʎ/
		osso /ˈɔsso/ - oss /ˈɔs/
		otto /ˈɔtto/ - otɡ /ˈɔʨ/

Final disqualified:
		arena /arˈena/ - sablun /səblˈun/
		bianco /bjˈaŋko/ - alv /ˈalf/
		fronza /frˈonʣa/ - feɡl /fˈeʎ/
		padre /pˈadre/ - bab /bˈaːp/
		rio /rˈio/ - flum /flˈum/
		ɡiorno /ʤˈorno/ - di /dˈi/
		oro /ˈɔro/ - aur /ˈawr/


-------------------

