Same meaning pairs: 212
****SAMPLE 1****
Iteration 1
	Qualified: 164
	Disqualified: 176
	Added: 0
	Removed: 6
		hjerte /jˈɛɐtə/ - hert /hˈɛːt/
		æg /ˈeˀɡ̊/ - aai /ˈaːj/
		anden /ˈanən/ - oar /ˈoə̯r/
		jord /jˈoˀɐ/ - ierde /ˈiə̯də/
		år /ˈɔˀ/ - jier /jˈiə̯r/
		ni /nˈiˀ/ - njoggen /njˈɔɣən/

Iteration 2
	Qualified: 163
	Disqualified: 177
	Added: 0
	Removed: 1
		nord /nˈoɐˀ/ - noard /nˈoə̯t/

Iteration 3
	Qualified: 164
	Disqualified: 176
	Added: 1
		nord /nˈoɐˀ/ - noard /nˈoə̯t/
	Removed: 0

Final qualifying:
		bjørn /b̥jˈœˀɐn/ - bear /bˈɪə̯r/
		bjerg /b̥jˈɛɐˀw/ - berch /bˈɛrχ/
		blad /b̥lˈað̞ˠ/ - blêd /blˈɛːt/
		blod /b̥lˈoˀð̞ˠ/ - bloed /blˈuə̯t/
		blomst /b̥lˈʌmˀst/ - blom /blˈoːm/
		bror /b̥ʁˈoɐ/ - broer /brˈuə̯r/
		bryst /b̥ʁˈœst/ - boarst /bˈoə̯st/
		brygge /b̥ʁˈœɡ̊ə/ - brêge /brˈɛːɣə/
		brød /b̥ʁˈœˀð̞ˠ/ - brea /brˈɪə̯/
		bad /b̥ˈað̞ˠ/ - bad /bˈat/
		bedre /b̥ˈeð̞ˠʁə/ - better /bˈɛtər/
		bede /b̥ˈeˀ/ - bidde /bˈɪdə/
		bog /b̥ˈoˀw/ - boek /bˈuə̯k/
		byde /b̥ˈyːð̞ˠə/ - biede /bˈiə̯də/
		barn /b̥ˈɑˀn/ - bern /bˈɛːn/
		båd /b̥ˈɔˀð̞ˠ/ - boat /bˈoə̯t/
		drøm /d̥ʁˈœˀm/ - dream /drˈɪə̯m/
		dværg /d̥ʋˈæɐˀw/ - dwerch /dvˈɛrχ/
		du /d̥ˈu/ - do /dˈoː/
		dyb /d̥ˈyˀb̥/ - djip /djˈɪp/
		dyr /d̥ˈyˀɐ/ - djoer /djˈuə̯r/
		dyr /d̥ˈyˀɐ/ - dier /dˈiə̯r/
		dag /d̥ˈæˀj/ - dei /dˈɛi̯/
		dødelig /d̥ˈøːð̞ˠəli/ - deadlik /dˈɪə̯dlɪk/
		død /d̥ˈœˀð̞ˠ/ - dea /dˈɪə̯/
		datter /d̥ˈɛtɐ/ - dochter /dˈɔχtər/
		flyve /flˈyːw/ - fleane /flˈɪə̯nə/
		frisk /fʁˈesk/ - farsk /fˈask/
		fryse /fʁˈyːsə/ - frieze /frˈiə̯zə/
		fod /fˈoˀð̞ˠ/ - foet /fˈuə̯t/
		fugl /fˈuˀl/ - fûgel /fˈuɣəl/
		følge /fˈœlə/ - folgje /fˈɔlɣjə/
		far /fˈɑː/ - fader /fˈaːdər/
		får /fˈɒˀ/ - skiep /skˈiə̯p/
		fem /fˈɛmˀ/ - fiif /fˈiːf/
		hed /hˈeˀð̞ˠ/ - hyt /hˈit/
		horn /hˈoɐˀn/ - hoarn /hˈoə̯n/
		hoved /hˈoːəð̞ˠ/ - haad /hˈaːt/
		hundrede /hˈunɐð̞ˠə/ - hûndert /hˈundət/
		hund /hˈunˀ/ - hûn /hˈuːn/
		hus /hˈuˀs/ - hûs /hˈuːs/
		hud /hˈuˀð̞ˠ/ - hûd /hˈuːt/
		høre /hˈøːɐ/ - hearre /hˈɪə̯rə/
		høne /hˈœːnə/ - hin /hˈɪn/
		hare /hˈɑːɐ/ - hazze /hˈazə/
		hår /hˈɒˀ/ - hier /hˈiə̯r/
		hors /hˈɒːs/ - hoars /hˈoə̯s/
		hellig /hˈɛli/ - hillich /hˈɪləχ/
		her /hˈɛˀɐ/ - hjir /hjˈɪr/
		have /hˈɛːw/ - hawwe /hˈavə/
		honning /hˈʌneŋ/ - hunich /hˈynəχ/
		hånd /hˈʌnˀ/ - hân /hˈɔːn/
		høj /hˈʌˀj/ - heech /hˈeːχ/
		jeg /jˈɑj/ - ik /ˈɪk/
		hjem /jˈɛˀm/ - hiem /hˈiə̯m/
		knæ /kʰnˈeˀ/ - knibbel /knˈɪbəl/
		kirke /kʰˈiɐkə/ - tsjerke /ʦjˈɛrkə/
		korn /kʰˈoɐˀn/ - koarn /kˈoə̯n/
		ko /kʰˈoˀ/ - ko /kˈoː/
		kunne /kʰˈunə/ - kinne /kˈɪnə/
		kold /kʰˈʌlˀ/ - kâld /kˈɔːt/
		konge /kʰˈʌŋə/ - kening /kˈeːnɪŋ/
		lus /lˈuˀs/ - lus /lˈuːs/
		lys /lˈyˀs/ - ljocht /ljˈɔχt/
		løv /lˈœˀw/ - leaf /lˈɪə̯f/
		lam /lˈɑmˀ/ - laam /lˈaːm/
		lang /lˈɑŋˀ/ - lang /lˈaŋ/
		let /lˈɛt/ - licht /lˈɪχt/
		mælk /mˈelˀk/ - molke /mˈɔlkə/
		mor /mˈoːɐ/ - moer /mˈuə̯r/
		mus /mˈuˀs/ - mûs /mˈuːs/
		mus /mˈuˀs/ - mûsen /mˈuːsən/
		myg /mˈyɡ̊/ - mich /mˈɪχ/
		meg /mˈɑj/ - my /mˈi/
		mund /mˈɔnˀ/ - mûle /mˈuːlə/
		måne /mˈɔːnə/ - moanne /mˈoə̯nə/
		mand /mˈɛnˀ/ - man /mˈan/
		navn /nˈawˀn/ - namme /nˈamə/
		nord /nˈoɐˀ/ - noard /nˈoə̯t/
		ny /nˈyˀ/ - nij /nˈɛj/
		negl /nˈɑjˀl/ - neil /nˈɛi̯l/
		nål /nˈɔˀl/ - nulle /nˈølə/
		nat /nˈɛt/ - nacht /nˈaχt/
		næse /nˈɛːsə/ - noas /nˈoə̯s/
		nøgen /nˈʌjən/ - neaken /nˈɪə̯kən/
		pligt /pʰlˈeɡ̊t/ - plicht /plˈɪχt/
		skarp /skˈap/ - skerp /skˈɛrp/
		skib /skˈiˀb̥/ - skip /skˈɪp/
		skid /skˈiˀð̞ˠ/ - skyt /skˈit/
		slange /slˈɑŋə/ - slang /slˈaŋ/
		slå /slˈɔˀ/ - slaan /slˈaːn/
		sne /snˈeˀ/ - snie /snˈiə̯/
		stjerne /stjˈæɐnə/ - stjer /stjˈɛr/
		sten /stˈeˀn/ - stien /stˈiə̯n/
		stol /stˈoˀl/ - stoel /stˈuə̯l/
		svin /sʋˈiˀn/ - swyn /svˈin/
		svømme /sʋˈœmə/ - swimme /svˈɪmə/
		sværd /sʋˈɛɐˀ/ - swurd /svˈøt/
		sand /sˈanˀ/ - sân /sˈɔːn/
		se /sˈeː/ - sjen /ɕˈeːn/
		side /sˈiːð̞ˠə/ - side /sˈiːdə/
		sige /sˈiːə/ - sizze /sˈɪzə/
		sort /sˈoɐt/ - swart /svˈat/
		syv /sˈyˀw/ - sân /sˈɔːn/
		synge /sˈøŋə/ - sjonge /ɕˈɔŋə/
		søn /sˈœn/ - soan /sˈoə̯n/
		seks /sˈɛks/ - seis /sˈɛi̯s/
		salt /sˈɛlˀt/ - sâlt /sˈɔːt/
		våben /vˈɔˀb̥m̩/ - wapen /ʋˈaːpən/
		græs /ɡ̊ʁˈas/ - gers /ɡˈɛːs/
		grøn /ɡ̊ʁˈœˀn/ - grien /ɡrˈiə̯n/
		ged /ɡ̊ˈeˀð̞ˠ/ - geit /ɡˈɛi̯t/
		god /ɡ̊ˈoˀð̞ˠ/ - goed /ɡˈuə̯t/
		guld /ɡ̊ˈulˀ/ - goud /ɡˈɔu̯t/
		gul /ɡ̊ˈuˀl/ - giel /ɡˈiə̯l/
		gås /ɡ̊ˈɔˀs/ - goes /ɡˈuə̯s/
		gæst /ɡ̊ˈɛst/ - gast /ɡˈast/
		ret /ʁˈat/ - rjocht /rjˈɔχt/
		ring /ʁˈeŋˀ/ - ring /rˈɪŋ/
		rig /ʁˈiˀ/ - ryk /rˈik/
		rød /ʁˈœˀð̞ˠ/ - read /rˈɪə̯t/
		regn /ʁˈɑjˀn/ - rein /rˈɛi̯n/
		røg /ʁˈʌˀj/ - reak /rˈɪə̯k/
		vind /ʋˈenˀ/ - wyn /ʋˈin/
		hvid /ʋˈiˀð̞ˠ/ - wyt /vˈit/
		vide /ʋˈiːð̞ˠə/ - witte /ʋˈɪtə/
		vej /ʋˈɑˀj/ - wei /ʋˈɛi̯/
		varm /ʋˈɑˀm/ - waarm /ʋˈaːrm/
		hval /ʋˈɛˀl/ - wal /ʋˈal/
		ting /ʦʰˈeŋˀ/ - ding /dˈɪŋ/
		ti /ʦʰˈiˀ/ - tsien /ʦˈiə̯n/
		to /ʦʰˈoˀ/ - twa /tvˈaː/
		tusind /ʦʰˈuˀsn̩/ - tûzen /tˈuːzən/
		tyk /ʦʰˈyk/ - tsjok /ʦjˈɔk/
		tysk /ʦʰˈysk/ - dútsk /dˈyːtsk/
		tyv /ʦʰˈyˀw/ - tsjeaf /ʦjˈɪə̯f/
		tyve /ʦʰˈyːw/ - tweintich /tvˈɛi̯ntəχ/
		tynd /ʦʰˈønˀ/ - tin /tˈɪn/
		tunge /ʦʰˈɔŋə/ - tûnge /tˈuŋə/
		tolv /ʦʰˈʌlˀ/ - tolve /tˈɔlvə/
		al /ˈal/ - al /ˈal/
		abe /ˈaːb̥ə/ - aap /ˈaːp/
		eg /ˈeˀj/ - iik /ˈiːk/
		en /ˈeˀn/ - ien /ˈiə̯n/
		æg /ˈeˀɡ̊/ - igge /ˈɪɣə/
		æble /ˈeːb̥lə/ - apel /ˈaːpəl/
		ild /ˈilˀ/ - fjoer /fjˈuə̯r/
		i /ˈiˀ/ - yn /ˈin/
		is /ˈiˀs/ - iis /ˈiːs/
		ord /ˈoɐˀ/ - oer /ˈuə̯r/
		orm /ˈoɐˀm/ - wjirm /ʋjˈɪrm/
		otte /ˈoːtə/ - acht /ˈaχt/
		over /ˈoːvɐ/ - oer /ˈuə̯r/
		uld /ˈulˀ/ - wolle /ʋˈɔlə/
		ud /ˈuˀð̞ˠ/ - út /ˈyːt/
		ugle /ˈuːlə/ - ûle /ˈuːlə/
		øre /ˈøːɐ/ - ear /ˈɪə̯r/
		ønske /ˈœnskə/ - winskje /ʋˈɪnskjə/
		ung /ˈɔŋˀ/ - jong /jˈɔŋ/
		ål /ˈɔˀl/ - iel /ˈiə̯l/
		elleve /ˈɛlʋə/ - alve /ˈalvə/
		aske /ˈɛskə/ - jiske /jˈɪskə/
		æde /ˈɛːð̞ˠə/ - ite /ˈitə/
		os /ˈʌs/ - ús /ˈyːs/

Final disqualified:
		jord /jˈoˀɐ/ - ierde /ˈiə̯də/
		hjerte /jˈɛɐtə/ - hert /hˈɛːt/
		ni /nˈiˀ/ - njoggen /njˈɔɣən/
		anden /ˈanən/ - oar /ˈoə̯r/
		æg /ˈeˀɡ̊/ - aai /ˈaːj/
		år /ˈɔˀ/ - jier /jˈiə̯r/


-------------------

****SAMPLE 2****
Iteration 1
	Qualified: 163
	Disqualified: 177
	Added: 0
	Removed: 7
		hjerte /jˈɛɐtə/ - hert /hˈɛːt/
		æg /ˈeˀɡ̊/ - aai /ˈaːj/
		anden /ˈanən/ - oar /ˈoə̯r/
		jord /jˈoˀɐ/ - ierde /ˈiə̯də/
		år /ˈɔˀ/ - jier /jˈiə̯r/
		træ /ʦʰʁˈeˀ/ - beam /bˈɪə̯m/
		ni /nˈiˀ/ - njoggen /njˈɔɣən/

Iteration 2
	Qualified: 163
	Disqualified: 177
	Added: 0
	Removed: 0

Final qualifying:
		bjørn /b̥jˈœˀɐn/ - bear /bˈɪə̯r/
		bjerg /b̥jˈɛɐˀw/ - berch /bˈɛrχ/
		blad /b̥lˈað̞ˠ/ - blêd /blˈɛːt/
		blod /b̥lˈoˀð̞ˠ/ - bloed /blˈuə̯t/
		blomst /b̥lˈʌmˀst/ - blom /blˈoːm/
		bror /b̥ʁˈoɐ/ - broer /brˈuə̯r/
		bryst /b̥ʁˈœst/ - boarst /bˈoə̯st/
		brygge /b̥ʁˈœɡ̊ə/ - brêge /brˈɛːɣə/
		brød /b̥ʁˈœˀð̞ˠ/ - brea /brˈɪə̯/
		bad /b̥ˈað̞ˠ/ - bad /bˈat/
		bedre /b̥ˈeð̞ˠʁə/ - better /bˈɛtər/
		bi /b̥ˈiˀ/ - bij /bˈɛj/
		bide /b̥ˈiːð̞ˠə/ - bite /bˈiːtə/
		byde /b̥ˈyːð̞ˠə/ - biede /bˈiə̯də/
		barn /b̥ˈɑˀn/ - bern /bˈɛːn/
		båd /b̥ˈɔˀð̞ˠ/ - boat /bˈoə̯t/
		drikke /d̥ʁˈekə/ - drinke /drˈɪŋkə/
		drive /d̥ʁˈiːw/ - driuwe /drjˈuːvə/
		drøm /d̥ʁˈœˀm/ - dream /drˈɪə̯m/
		dværg /d̥ʋˈæɐˀw/ - dwerch /dvˈɛrχ/
		du /d̥ˈu/ - do /dˈoː/
		dyb /d̥ˈyˀb̥/ - djip /djˈɪp/
		dyr /d̥ˈyˀɐ/ - djoer /djˈuə̯r/
		dyr /d̥ˈyˀɐ/ - dier /dˈiə̯r/
		dødelig /d̥ˈøːð̞ˠəli/ - deadlik /dˈɪə̯dlɪk/
		død /d̥ˈœˀð̞ˠ/ - dea /dˈɪə̯/
		datter /d̥ˈɛtɐ/ - dochter /dˈɔχtər/
		fjer /fjˈeˀɐ/ - fear /fˈɪə̯r/
		flyve /flˈyːw/ - fleane /flˈɪə̯nə/
		fryse /fʁˈyːsə/ - frieze /frˈiə̯zə/
		frænde /fʁˈɑnə/ - freon /frˈøə̯n/
		fire /fˈiːɐ/ - fjouwer /fjˈɔu̯ər/
		fod /fˈoˀð̞ˠ/ - foet /fˈuə̯t/
		fuld /fˈulˀ/ - fol /fˈɔl/
		fugl /fˈuˀl/ - fûgel /fˈuɣəl/
		følge /fˈœlə/ - folgje /fˈɔlɣjə/
		fødder /fˈœð̞ˠɐ/ - fuotten /fˈɵtən/
		far /fˈɑː/ - fader /fˈaːdər/
		får /fˈɒˀ/ - skiep /skˈiə̯p/
		fem /fˈɛmˀ/ - fiif /fˈiːf/
		hed /hˈeˀð̞ˠ/ - hyt /hˈit/
		horn /hˈoɐˀn/ - hoarn /hˈoə̯n/
		hoved /hˈoːəð̞ˠ/ - haad /hˈaːt/
		høre /hˈøːɐ/ - hearre /hˈɪə̯rə/
		hare /hˈɑːɐ/ - hazze /hˈazə/
		hellig /hˈɛli/ - hillich /hˈɪləχ/
		her /hˈɛˀɐ/ - hjir /hjˈɪr/
		honning /hˈʌneŋ/ - hunich /hˈynəχ/
		honning /hˈʌneŋ/ - huning /hˈynɪŋ/
		hånd /hˈʌnˀ/ - hân /hˈɔːn/
		høj /hˈʌˀj/ - heech /hˈeːχ/
		hjul /jˈuˀl/ - fiel /fˈiə̯l/
		jeg /jˈɑj/ - ik /ˈɪk/
		hjem /jˈɛˀm/ - hiem /hˈiə̯m/
		knæ /kʰnˈeˀ/ - knibbel /knˈɪbəl/
		korn /kʰˈoɐˀn/ - koarn /kˈoə̯n/
		kunne /kʰˈunə/ - kinne /kˈɪnə/
		kold /kʰˈʌlˀ/ - kâld /kˈɔːt/
		konge /kʰˈʌŋə/ - kening /kˈeːnɪŋ/
		land /lˈanˀ/ - lân /lˈɔːn/
		lus /lˈuˀs/ - lus /lˈuːs/
		lys /lˈyˀs/ - ljocht /ljˈɔχt/
		løbe /lˈøːb̥ə/ - ljeppe /ljˈɛpə/
		løv /lˈœˀw/ - leaf /lˈɪə̯f/
		lam /lˈɑmˀ/ - laam /lˈaːm/
		let /lˈɛt/ - licht /lˈɪχt/
		mælk /mˈelˀk/ - molke /mˈɔlkə/
		menneske /mˈen̩skə/ - minske /mˈɪnskə/
		mor /mˈoːɐ/ - moer /mˈuə̯r/
		mus /mˈuˀs/ - mûsen /mˈuːsən/
		myg /mˈyɡ̊/ - mich /mˈɪχ/
		meg /mˈɑj/ - my /mˈi/
		mund /mˈɔnˀ/ - mûle /mˈuːlə/
		mund /mˈɔnˀ/ - mûn /mˈuːn/
		måne /mˈɔːnə/ - moanne /mˈoə̯nə/
		ny /nˈyˀ/ - nij /nˈɛj/
		negl /nˈɑjˀl/ - neil /nˈɛi̯l/
		nål /nˈɔˀl/ - nulle /nˈølə/
		nat /nˈɛt/ - nacht /nˈaχt/
		næse /nˈɛːsə/ - noas /nˈoə̯s/
		nøgen /nˈʌjən/ - neaken /nˈɪə̯kən/
		pligt /pʰlˈeɡ̊t/ - plicht /plˈɪχt/
		skib /skˈiˀb̥/ - skip /skˈɪp/
		slange /slˈɑŋə/ - slang /slˈaŋ/
		slå /slˈɔˀ/ - slaan /slˈaːn/
		sne /snˈeˀ/ - snie /snˈiə̯/
		sten /stˈeˀn/ - stien /stˈiə̯n/
		stol /stˈoˀl/ - stoel /stˈuə̯l/
		storm /stˈɔˀm/ - stoarm /stˈoə̯rm/
		svin /sʋˈiˀn/ - swyn /svˈin/
		svømme /sʋˈœmə/ - swimme /svˈɪmə/
		sværd /sʋˈɛɐˀ/ - swurd /svˈøt/
		sand /sˈanˀ/ - sân /sˈɔːn/
		se /sˈeː/ - sjen /ɕˈeːn/
		side /sˈiːð̞ˠə/ - side /sˈiːdə/
		sort /sˈoɐt/ - swart /svˈat/
		syv /sˈyˀw/ - sân /sˈɔːn/
		synge /sˈøŋə/ - sjonge /ɕˈɔŋə/
		søn /sˈœn/ - soan /sˈoə̯n/
		søster /sˈœstɐ/ - suster /sˈøstər/
		sød /sˈœˀð̞ˠ/ - swiet /svˈiə̯t/
		sove /sˈɒːw/ - sliepe /slˈiə̯pə/
		seks /sˈɛks/ - seis /sˈɛi̯s/
		salt /sˈɛlˀt/ - sâlt /sˈɔːt/
		våben /vˈɔˀb̥m̩/ - wapen /ʋˈaːpən/
		ged /ɡ̊ˈeˀð̞ˠ/ - geit /ɡˈɛi̯t/
		god /ɡ̊ˈoˀð̞ˠ/ - goed /ɡˈuə̯t/
		guld /ɡ̊ˈulˀ/ - goud /ɡˈɔu̯t/
		gud /ɡ̊ˈuð̞ˠ/ - god /ɡˈɔt/
		gul /ɡ̊ˈuˀl/ - giel /ɡˈiə̯l/
		gås /ɡ̊ˈɔˀs/ - goes /ɡˈuə̯s/
		gæst /ɡ̊ˈɛst/ - gast /ɡˈast/
		ret /ʁˈat/ - rjocht /rjˈɔχt/
		ring /ʁˈeŋˀ/ - ring /rˈɪŋ/
		rig /ʁˈiˀ/ - ryk /rˈik/
		rød /ʁˈœˀð̞ˠ/ - read /rˈɪə̯t/
		regn /ʁˈɑjˀn/ - rein /rˈɛi̯n/
		røg /ʁˈʌˀj/ - reak /rˈɪə̯k/
		vind /ʋˈenˀ/ - wyn /ʋˈin/
		we /ʋˈi/ - wy /vˈi/
		hvid /ʋˈiˀð̞ˠ/ - wyt /vˈit/
		vide /ʋˈiːð̞ˠə/ - witte /ʋˈɪtə/
		vej /ʋˈɑˀj/ - wei /ʋˈɛi̯/
		hval /ʋˈɛˀl/ - wal /ʋˈal/
		vejr /ʋˈɛˀɐ/ - waar /ʋˈaːr/
		tre /ʦʰʁˈɛˀ/ - trije /trˈɛjə/
		tand /ʦʰˈanˀ/ - tine /tˈiːnə/
		ting /ʦʰˈeŋˀ/ - ding /dˈɪŋ/
		ti /ʦʰˈiˀ/ - tsien /ʦˈiə̯n/
		tid /ʦʰˈiˀð̞ˠ/ - tiid /tˈiːt/
		to /ʦʰˈoˀ/ - twa /tvˈaː/
		tusind /ʦʰˈuˀsn̩/ - tûzen /tˈuːzən/
		tyk /ʦʰˈyk/ - tsjok /ʦjˈɔk/
		tysk /ʦʰˈysk/ - dútsk /dˈyːtsk/
		tyve /ʦʰˈyːw/ - tweintich /tvˈɛi̯ntəχ/
		tynd /ʦʰˈønˀ/ - tin /tˈɪn/
		tør /ʦʰˈœˀɐ/ - drûch /drˈuːχ/
		takke /ʦʰˈɑkə/ - tankje /tˈankjə/
		tunge /ʦʰˈɔŋə/ - tûnge /tˈuŋə/
		tolv /ʦʰˈʌlˀ/ - tolve /tˈɔlvə/
		tjørn /ʨˈœɐˀn/ - toarn /tˈoə̯n/
		abe /ˈaːb̥ə/ - aap /ˈaːp/
		eg /ˈeˀj/ - iik /ˈiːk/
		en /ˈeˀn/ - ien /ˈiə̯n/
		æg /ˈeˀɡ̊/ - igge /ˈɪɣə/
		æble /ˈeːb̥lə/ - apel /ˈaːpəl/
		i /ˈiˀ/ - yn /ˈin/
		is /ˈiˀs/ - iis /ˈiːs/
		ord /ˈoɐˀ/ - oer /ˈuə̯r/
		orm /ˈoɐˀm/ - wjirm /ʋjˈɪrm/
		otte /ˈoːtə/ - acht /ˈaχt/
		ud /ˈuˀð̞ˠ/ - út /ˈyːt/
		ugle /ˈuːlə/ - ûle /ˈuːlə/
		øre /ˈøːɐ/ - ear /ˈɪə̯r/
		ønske /ˈœnskə/ - winskje /ʋˈɪnskjə/
		arm /ˈɑˀm/ - earm /ˈɪə̯rm/
		ung /ˈɔŋˀ/ - jong /jˈɔŋ/
		ål /ˈɔˀl/ - iel /ˈiə̯l/
		elleve /ˈɛlʋə/ - alve /ˈalvə/
		aske /ˈɛskə/ - jiske /jˈɪskə/
		æde /ˈɛːð̞ˠə/ - ite /ˈitə/
		øje /ˈʌjə/ - each /ˈɪə̯χ/
		os /ˈʌs/ - ús /ˈyːs/

Final disqualified:
		jord /jˈoˀɐ/ - ierde /ˈiə̯də/
		hjerte /jˈɛɐtə/ - hert /hˈɛːt/
		ni /nˈiˀ/ - njoggen /njˈɔɣən/
		træ /ʦʰʁˈeˀ/ - beam /bˈɪə̯m/
		anden /ˈanən/ - oar /ˈoə̯r/
		æg /ˈeˀɡ̊/ - aai /ˈaːj/
		år /ˈɔˀ/ - jier /jˈiə̯r/


-------------------

****SAMPLE 3****
Iteration 1
	Qualified: 159
	Disqualified: 181
	Added: 0
	Removed: 11
		hjerte /jˈɛɐtə/ - hert /hˈɛːt/
		æg /ˈeˀɡ̊/ - aai /ˈaːj/
		ild /ˈilˀ/ - fjoer /fjˈuə̯r/
		ulv /ˈulˀʋ/ - wolf /ʋˈɔlf/
		anden /ˈanən/ - oar /ˈoə̯r/
		uld /ˈulˀ/ - wolle /ʋˈɔlə/
		får /fˈɒˀ/ - skiep /skˈiə̯p/
		jord /jˈoˀɐ/ - ierde /ˈiə̯də/
		år /ˈɔˀ/ - jier /jˈiə̯r/
		give /ɡ̊ˈiˀ/ - jaan /jˈaːn/
		træ /ʦʰʁˈeˀ/ - beam /bˈɪə̯m/

Iteration 2
	Qualified: 160
	Disqualified: 180
	Added: 1
		uld /ˈulˀ/ - wolle /ʋˈɔlə/
	Removed: 0

Iteration 3
	Qualified: 161
	Disqualified: 179
	Added: 1
		ulv /ˈulˀʋ/ - wolf /ʋˈɔlf/
	Removed: 0

Iteration 4
	Qualified: 160
	Disqualified: 180
	Added: 1
		får /fˈɒˀ/ - skiep /skˈiə̯p/
	Removed: 2
		ulv /ˈulˀʋ/ - wolf /ʋˈɔlf/
		uld /ˈulˀ/ - wolle /ʋˈɔlə/

Iteration 5
	Qualified: 162
	Disqualified: 178
	Added: 2
		ulv /ˈulˀʋ/ - wolf /ʋˈɔlf/
		uld /ˈulˀ/ - wolle /ʋˈɔlə/
	Removed: 0

Iteration 6
	Qualified: 161
	Disqualified: 179
	Added: 0
	Removed: 1
		ulv /ˈulˀʋ/ - wolf /ʋˈɔlf/

Iteration 7
	Qualified: 163
	Disqualified: 177
	Added: 2
		ulv /ˈulˀʋ/ - wolf /ʋˈɔlf/
		jord /jˈoˀɐ/ - ierde /ˈiə̯də/
	Removed: 0

Iteration 8
	Qualified: 162
	Disqualified: 178
	Added: 0
	Removed: 1
		ulv /ˈulˀʋ/ - wolf /ʋˈɔlf/

Iteration 9
	Qualified: 163
	Disqualified: 177
	Added: 1
		ulv /ˈulˀʋ/ - wolf /ʋˈɔlf/
	Removed: 0

Final qualifying:
		bjørn /b̥jˈœˀɐn/ - bear /bˈɪə̯r/
		bjerg /b̥jˈɛɐˀw/ - berch /bˈɛrχ/
		blad /b̥lˈað̞ˠ/ - blêd /blˈɛːt/
		blod /b̥lˈoˀð̞ˠ/ - bloed /blˈuə̯t/
		blomst /b̥lˈʌmˀst/ - blom /blˈoːm/
		bror /b̥ʁˈoɐ/ - broer /brˈuə̯r/
		brygge /b̥ʁˈœɡ̊ə/ - brêge /brˈɛːɣə/
		bad /b̥ˈað̞ˠ/ - bad /bˈat/
		bedre /b̥ˈeð̞ˠʁə/ - better /bˈɛtər/
		bi /b̥ˈiˀ/ - bij /bˈɛj/
		bog /b̥ˈoˀw/ - boek /bˈuə̯k/
		byde /b̥ˈyːð̞ˠə/ - biede /bˈiə̯də/
		barn /b̥ˈɑˀn/ - bern /bˈɛːn/
		drikke /d̥ʁˈekə/ - drinke /drˈɪŋkə/
		drøm /d̥ʁˈœˀm/ - dream /drˈɪə̯m/
		dværg /d̥ʋˈæɐˀw/ - dwerch /dvˈɛrχ/
		du /d̥ˈu/ - do /dˈoː/
		dyb /d̥ˈyˀb̥/ - djip /djˈɪp/
		dyr /d̥ˈyˀɐ/ - djoer /djˈuə̯r/
		dyr /d̥ˈyˀɐ/ - dier /dˈiə̯r/
		død /d̥ˈœˀð̞ˠ/ - dea /dˈɪə̯/
		datter /d̥ˈɛtɐ/ - dochter /dˈɔχtər/
		fjer /fjˈeˀɐ/ - fear /fˈɪə̯r/
		frisk /fʁˈesk/ - farsk /fˈask/
		fryse /fʁˈyːsə/ - frieze /frˈiə̯zə/
		frænde /fʁˈɑnə/ - freon /frˈøə̯n/
		finger /fˈeŋˀɐ/ - finger /fˈɪŋər/
		fire /fˈiːɐ/ - fjouwer /fjˈɔu̯ər/
		fod /fˈoˀð̞ˠ/ - foet /fˈuə̯t/
		fuld /fˈulˀ/ - fol /fˈɔl/
		fugl /fˈuˀl/ - fûgel /fˈuɣəl/
		følge /fˈœlə/ - folgje /fˈɔlɣjə/
		fødder /fˈœð̞ˠɐ/ - fuotten /fˈɵtən/
		får /fˈɒˀ/ - skiep /skˈiə̯p/
		fem /fˈɛmˀ/ - fiif /fˈiːf/
		hed /hˈeˀð̞ˠ/ - hyt /hˈit/
		horn /hˈoɐˀn/ - hoarn /hˈoə̯n/
		hoved /hˈoːəð̞ˠ/ - haad /hˈaːt/
		hus /hˈuˀs/ - hûs /hˈuːs/
		hud /hˈuˀð̞ˠ/ - hûd /hˈuːt/
		høre /hˈøːɐ/ - hearre /hˈɪə̯rə/
		høne /hˈœːnə/ - hin /hˈɪn/
		hare /hˈɑːɐ/ - hazze /hˈazə/
		hår /hˈɒˀ/ - hier /hˈiə̯r/
		hors /hˈɒːs/ - hoars /hˈoə̯s/
		hellig /hˈɛli/ - hillich /hˈɪləχ/
		her /hˈɛˀɐ/ - hjir /hjˈɪr/
		have /hˈɛːw/ - hawwe /hˈavə/
		honning /hˈʌneŋ/ - hunich /hˈynəχ/
		honning /hˈʌneŋ/ - huning /hˈynɪŋ/
		hånd /hˈʌnˀ/ - hân /hˈɔːn/
		jord /jˈoˀɐ/ - ierde /ˈiə̯də/
		jeg /jˈɑj/ - ik /ˈɪk/
		hjem /jˈɛˀm/ - hiem /hˈiə̯m/
		knæ /kʰnˈeˀ/ - knibbel /knˈɪbəl/
		kirke /kʰˈiɐkə/ - tsjerke /ʦjˈɛrkə/
		ko /kʰˈoˀ/ - ko /kˈoː/
		kunne /kʰˈunə/ - kinne /kˈɪnə/
		kalv /kʰˈɛlˀv/ - keal /kˈɪə̯l/
		kold /kʰˈʌlˀ/ - kâld /kˈɔːt/
		konge /kʰˈʌŋə/ - kening /kˈeːnɪŋ/
		lever /lˈeˀwɐ/ - lever /lˈeːvər/
		lus /lˈuˀs/ - lus /lˈuːs/
		lys /lˈyˀs/ - ljocht /ljˈɔχt/
		løbe /lˈøːb̥ə/ - ljeppe /ljˈɛpə/
		løv /lˈœˀw/ - leaf /lˈɪə̯f/
		lang /lˈɑŋˀ/ - lang /lˈaŋ/
		let /lˈɛt/ - licht /lˈɪχt/
		mælk /mˈelˀk/ - molke /mˈɔlkə/
		menneske /mˈen̩skə/ - minske /mˈɪnskə/
		mor /mˈoːɐ/ - moer /mˈuə̯r/
		mus /mˈuˀs/ - mûs /mˈuːs/
		myg /mˈyɡ̊/ - mich /mˈɪχ/
		meg /mˈɑj/ - my /mˈi/
		mund /mˈɔnˀ/ - mûle /mˈuːlə/
		måne /mˈɔːnə/ - moanne /mˈoə̯nə/
		mand /mˈɛnˀ/ - man /mˈan/
		navn /nˈawˀn/ - namme /nˈamə/
		nord /nˈoɐˀ/ - noard /nˈoə̯t/
		ny /nˈyˀ/ - nij /nˈɛj/
		negl /nˈɑjˀl/ - neil /nˈɛi̯l/
		nål /nˈɔˀl/ - nulle /nˈølə/
		nat /nˈɛt/ - nacht /nˈaχt/
		nøgen /nˈʌjən/ - neaken /nˈɪə̯kən/
		pligt /pʰlˈeɡ̊t/ - plicht /plˈɪχt/
		skarp /skˈap/ - skerp /skˈɛrp/
		skid /skˈiˀð̞ˠ/ - skyt /skˈit/
		slå /slˈɔˀ/ - slaan /slˈaːn/
		sne /snˈeˀ/ - snie /snˈiə̯/
		stjerne /stjˈæɐnə/ - stjer /stjˈɛr/
		sten /stˈeˀn/ - stien /stˈiə̯n/
		stol /stˈoˀl/ - stoel /stˈuə̯l/
		storm /stˈɔˀm/ - stoarm /stˈoə̯rm/
		svømme /sʋˈœmə/ - swimme /svˈɪmə/
		sværd /sʋˈɛɐˀ/ - swurd /svˈøt/
		sand /sˈanˀ/ - sân /sˈɔːn/
		sidde /sˈeð̞ˠə/ - sitte /sˈɪtə/
		sige /sˈiːə/ - sizze /sˈɪzə/
		sort /sˈoɐt/ - swart /svˈat/
		syv /sˈyˀw/ - sân /sˈɔːn/
		synge /sˈøŋə/ - sjonge /ɕˈɔŋə/
		søn /sˈœn/ - soan /sˈoə̯n/
		søster /sˈœstɐ/ - suster /sˈøstər/
		sød /sˈœˀð̞ˠ/ - swiet /svˈiə̯t/
		sove /sˈɒːw/ - sliepe /slˈiə̯pə/
		seks /sˈɛks/ - seis /sˈɛi̯s/
		salt /sˈɛlˀt/ - sâlt /sˈɔːt/
		våben /vˈɔˀb̥m̩/ - wapen /ʋˈaːpən/
		grøn /ɡ̊ʁˈœˀn/ - grien /ɡrˈiə̯n/
		ged /ɡ̊ˈeˀð̞ˠ/ - geit /ɡˈɛi̯t/
		god /ɡ̊ˈoˀð̞ˠ/ - goed /ɡˈuə̯t/
		guld /ɡ̊ˈulˀ/ - goud /ɡˈɔu̯t/
		gul /ɡ̊ˈuˀl/ - giel /ɡˈiə̯l/
		gæst /ɡ̊ˈɛst/ - gast /ɡˈast/
		ret /ʁˈat/ - rjocht /rjˈɔχt/
		ring /ʁˈeŋˀ/ - ring /rˈɪŋ/
		rig /ʁˈiˀ/ - ryk /rˈik/
		rød /ʁˈœˀð̞ˠ/ - read /rˈɪə̯t/
		regn /ʁˈɑjˀn/ - rein /rˈɛi̯n/
		røg /ʁˈʌˀj/ - reak /rˈɪə̯k/
		vand /ʋˈanˀ/ - wetter /ʋˈɛtər/
		hvad /ʋˈað̞ˠ/ - wat /vˈat/
		vind /ʋˈenˀ/ - wyn /ʋˈin/
		we /ʋˈi/ - wy /vˈi/
		hvid /ʋˈiˀð̞ˠ/ - wyt /vˈit/
		vide /ʋˈiːð̞ˠə/ - witte /ʋˈɪtə/
		vej /ʋˈɑˀj/ - wei /ʋˈɛi̯/
		varm /ʋˈɑˀm/ - waarm /ʋˈaːrm/
		hval /ʋˈɛˀl/ - wal /ʋˈal/
		vejr /ʋˈɛˀɐ/ - waar /ʋˈaːr/
		tre /ʦʰʁˈɛˀ/ - trije /trˈɛjə/
		tand /ʦʰˈanˀ/ - tine /tˈiːnə/
		tid /ʦʰˈiˀð̞ˠ/ - tiid /tˈiːt/
		to /ʦʰˈoˀ/ - twa /tvˈaː/
		tyk /ʦʰˈyk/ - tsjok /ʦjˈɔk/
		tyv /ʦʰˈyˀw/ - tsjeaf /ʦjˈɪə̯f/
		tyve /ʦʰˈyːw/ - tweintich /tvˈɛi̯ntəχ/
		tynd /ʦʰˈønˀ/ - tin /tˈɪn/
		tunge /ʦʰˈɔŋə/ - tûnge /tˈuŋə/
		tolv /ʦʰˈʌlˀ/ - tolve /tˈɔlvə/
		tjørn /ʨˈœɐˀn/ - toarn /tˈoə̯n/
		al /ˈal/ - al /ˈal/
		abe /ˈaːb̥ə/ - aap /ˈaːp/
		eg /ˈeˀj/ - iik /ˈiːk/
		en /ˈeˀn/ - ien /ˈiə̯n/
		æg /ˈeˀɡ̊/ - igge /ˈɪɣə/
		i /ˈiˀ/ - yn /ˈin/
		ord /ˈoɐˀ/ - oer /ˈuə̯r/
		orm /ˈoɐˀm/ - wjirm /ʋjˈɪrm/
		otte /ˈoːtə/ - acht /ˈaχt/
		over /ˈoːvɐ/ - oer /ˈuə̯r/
		uld /ˈulˀ/ - wolle /ʋˈɔlə/
		ulv /ˈulˀʋ/ - wolf /ʋˈɔlf/
		ud /ˈuˀð̞ˠ/ - út /ˈyːt/
		ugle /ˈuːlə/ - ûle /ˈuːlə/
		øre /ˈøːɐ/ - ear /ˈɪə̯r/
		ønske /ˈœnskə/ - winskje /ʋˈɪnskjə/
		arm /ˈɑˀm/ - earm /ˈɪə̯rm/
		ung /ˈɔŋˀ/ - jong /jˈɔŋ/
		aske /ˈɛskə/ - jiske /jˈɪskə/
		æde /ˈɛːð̞ˠə/ - ite /ˈitə/
		øje /ˈʌjə/ - each /ˈɪə̯χ/
		os /ˈʌs/ - ús /ˈyːs/

Final disqualified:
		hjerte /jˈɛɐtə/ - hert /hˈɛːt/
		give /ɡ̊ˈiˀ/ - jaan /jˈaːn/
		træ /ʦʰʁˈeˀ/ - beam /bˈɪə̯m/
		anden /ˈanən/ - oar /ˈoə̯r/
		æg /ˈeˀɡ̊/ - aai /ˈaːj/
		ild /ˈilˀ/ - fjoer /fjˈuə̯r/
		år /ˈɔˀ/ - jier /jˈiə̯r/


-------------------

****SAMPLE 4****
Iteration 1
	Qualified: 163
	Disqualified: 177
	Added: 0
	Removed: 7
		hjerte /jˈɛɐtə/ - hert /hˈɛːt/
		ulv /ˈulˀʋ/ - wolf /ʋˈɔlf/
		anden /ˈanən/ - oar /ˈoə̯r/
		uld /ˈulˀ/ - wolle /ʋˈɔlə/
		give /ɡ̊ˈiˀ/ - jaan /jˈaːn/
		træ /ʦʰʁˈeˀ/ - beam /bˈɪə̯m/
		ni /nˈiˀ/ - njoggen /njˈɔɣən/

Iteration 2
	Qualified: 162
	Disqualified: 178
	Added: 0
	Removed: 1
		nord /nˈoɐˀ/ - noard /nˈoə̯t/

Iteration 3
	Qualified: 163
	Disqualified: 177
	Added: 1
		nord /nˈoɐˀ/ - noard /nˈoə̯t/
	Removed: 0

Final qualifying:
		bjerg /b̥jˈɛɐˀw/ - berch /bˈɛrχ/
		blad /b̥lˈað̞ˠ/ - blêd /blˈɛːt/
		blod /b̥lˈoˀð̞ˠ/ - bloed /blˈuə̯t/
		bror /b̥ʁˈoɐ/ - broer /brˈuə̯r/
		bryst /b̥ʁˈœst/ - boarst /bˈoə̯st/
		brygge /b̥ʁˈœɡ̊ə/ - brêge /brˈɛːɣə/
		bad /b̥ˈað̞ˠ/ - bad /bˈat/
		bedre /b̥ˈeð̞ˠʁə/ - better /bˈɛtər/
		bede /b̥ˈeˀ/ - bidde /bˈɪdə/
		ben /b̥ˈeˀn/ - bien /bˈiə̯n/
		bide /b̥ˈiːð̞ˠə/ - bite /bˈiːtə/
		bog /b̥ˈoˀw/ - boek /bˈuə̯k/
		barn /b̥ˈɑˀn/ - bern /bˈɛːn/
		båd /b̥ˈɔˀð̞ˠ/ - boat /bˈoə̯t/
		drikke /d̥ʁˈekə/ - drinke /drˈɪŋkə/
		drive /d̥ʁˈiːw/ - driuwe /drjˈuːvə/
		drøm /d̥ʁˈœˀm/ - dream /drˈɪə̯m/
		dværg /d̥ʋˈæɐˀw/ - dwerch /dvˈɛrχ/
		du /d̥ˈu/ - do /dˈoː/
		dyb /d̥ˈyˀb̥/ - djip /djˈɪp/
		dyr /d̥ˈyˀɐ/ - djoer /djˈuə̯r/
		dag /d̥ˈæˀj/ - dei /dˈɛi̯/
		død /d̥ˈœˀð̞ˠ/ - dea /dˈɪə̯/
		datter /d̥ˈɛtɐ/ - dochter /dˈɔχtər/
		fjer /fjˈeˀɐ/ - fear /fˈɪə̯r/
		flyve /flˈyːw/ - fleane /flˈɪə̯nə/
		frisk /fʁˈesk/ - farsk /fˈask/
		fryse /fʁˈyːsə/ - frieze /frˈiə̯zə/
		frænde /fʁˈɑnə/ - freon /frˈøə̯n/
		fisk /fˈesk/ - fisk /fˈɪsk/
		finger /fˈeŋˀɐ/ - finger /fˈɪŋər/
		fire /fˈiːɐ/ - fjouwer /fjˈɔu̯ər/
		fod /fˈoˀð̞ˠ/ - foet /fˈuə̯t/
		fugl /fˈuˀl/ - fûgel /fˈuɣəl/
		følge /fˈœlə/ - folgje /fˈɔlɣjə/
		fødder /fˈœð̞ˠɐ/ - fuotten /fˈɵtən/
		far /fˈɑː/ - fader /fˈaːdər/
		får /fˈɒˀ/ - skiep /skˈiə̯p/
		fem /fˈɛmˀ/ - fiif /fˈiːf/
		hed /hˈeˀð̞ˠ/ - hyt /hˈit/
		horn /hˈoɐˀn/ - hoarn /hˈoə̯n/
		hoved /hˈoːəð̞ˠ/ - haad /hˈaːt/
		hundrede /hˈunɐð̞ˠə/ - hûndert /hˈundət/
		hund /hˈunˀ/ - hûn /hˈuːn/
		hus /hˈuˀs/ - hûs /hˈuːs/
		høre /hˈøːɐ/ - hearre /hˈɪə̯rə/
		hare /hˈɑːɐ/ - hazze /hˈazə/
		hors /hˈɒːs/ - hoars /hˈoə̯s/
		hellig /hˈɛli/ - hillich /hˈɪləχ/
		her /hˈɛˀɐ/ - hjir /hjˈɪr/
		honning /hˈʌneŋ/ - hunich /hˈynəχ/
		honning /hˈʌneŋ/ - huning /hˈynɪŋ/
		høj /hˈʌˀj/ - heech /hˈeːχ/
		jord /jˈoˀɐ/ - ierde /ˈiə̯də/
		hjul /jˈuˀl/ - fiel /fˈiə̯l/
		hjem /jˈɛˀm/ - hiem /hˈiə̯m/
		knæ /kʰnˈeˀ/ - knibbel /knˈɪbəl/
		kirke /kʰˈiɐkə/ - tsjerke /ʦjˈɛrkə/
		korn /kʰˈoɐˀn/ - koarn /kˈoə̯n/
		ko /kʰˈoˀ/ - ko /kˈoː/
		kalv /kʰˈɛlˀv/ - keal /kˈɪə̯l/
		kold /kʰˈʌlˀ/ - kâld /kˈɔːt/
		konge /kʰˈʌŋə/ - kening /kˈeːnɪŋ/
		land /lˈanˀ/ - lân /lˈɔːn/
		lever /lˈeˀwɐ/ - lever /lˈeːvər/
		lus /lˈuˀs/ - lus /lˈuːs/
		lys /lˈyˀs/ - ljocht /ljˈɔχt/
		løbe /lˈøːb̥ə/ - ljeppe /ljˈɛpə/
		lam /lˈɑmˀ/ - laam /lˈaːm/
		lang /lˈɑŋˀ/ - lang /lˈaŋ/
		let /lˈɛt/ - licht /lˈɪχt/
		menneske /mˈen̩skə/ - minske /mˈɪnskə/
		mor /mˈoːɐ/ - moer /mˈuə̯r/
		mus /mˈuˀs/ - mûs /mˈuːs/
		mus /mˈuˀs/ - mûsen /mˈuːsən/
		meg /mˈɑj/ - my /mˈi/
		mund /mˈɔnˀ/ - mûle /mˈuːlə/
		mund /mˈɔnˀ/ - mûn /mˈuːn/
		måne /mˈɔːnə/ - moanne /mˈoə̯nə/
		mand /mˈɛnˀ/ - man /mˈan/
		navn /nˈawˀn/ - namme /nˈamə/
		nord /nˈoɐˀ/ - noard /nˈoə̯t/
		ny /nˈyˀ/ - nij /nˈɛj/
		negl /nˈɑjˀl/ - neil /nˈɛi̯l/
		nål /nˈɔˀl/ - nulle /nˈølə/
		nat /nˈɛt/ - nacht /nˈaχt/
		nøgen /nˈʌjən/ - neaken /nˈɪə̯kən/
		pligt /pʰlˈeɡ̊t/ - plicht /plˈɪχt/
		skarp /skˈap/ - skerp /skˈɛrp/
		skib /skˈiˀb̥/ - skip /skˈɪp/
		skid /skˈiˀð̞ˠ/ - skyt /skˈit/
		slange /slˈɑŋə/ - slang /slˈaŋ/
		slå /slˈɔˀ/ - slaan /slˈaːn/
		stjerne /stjˈæɐnə/ - stjer /stjˈɛr/
		stol /stˈoˀl/ - stoel /stˈuə̯l/
		storm /stˈɔˀm/ - stoarm /stˈoə̯rm/
		svømme /sʋˈœmə/ - swimme /svˈɪmə/
		sværd /sʋˈɛɐˀ/ - swurd /svˈøt/
		sand /sˈanˀ/ - sân /sˈɔːn/
		sidde /sˈeð̞ˠə/ - sitte /sˈɪtə/
		se /sˈeː/ - sjen /ɕˈeːn/
		side /sˈiːð̞ˠə/ - side /sˈiːdə/
		sige /sˈiːə/ - sizze /sˈɪzə/
		synge /sˈøŋə/ - sjonge /ɕˈɔŋə/
		søn /sˈœn/ - soan /sˈoə̯n/
		søster /sˈœstɐ/ - suster /sˈøstər/
		sød /sˈœˀð̞ˠ/ - swiet /svˈiə̯t/
		sove /sˈɒːw/ - sliepe /slˈiə̯pə/
		salt /sˈɛlˀt/ - sâlt /sˈɔːt/
		våben /vˈɔˀb̥m̩/ - wapen /ʋˈaːpən/
		græs /ɡ̊ʁˈas/ - gers /ɡˈɛːs/
		grøn /ɡ̊ʁˈœˀn/ - grien /ɡrˈiə̯n/
		ged /ɡ̊ˈeˀð̞ˠ/ - geit /ɡˈɛi̯t/
		god /ɡ̊ˈoˀð̞ˠ/ - goed /ɡˈuə̯t/
		guld /ɡ̊ˈulˀ/ - goud /ɡˈɔu̯t/
		gæst /ɡ̊ˈɛst/ - gast /ɡˈast/
		ret /ʁˈat/ - rjocht /rjˈɔχt/
		ring /ʁˈeŋˀ/ - ring /rˈɪŋ/
		rig /ʁˈiˀ/ - ryk /rˈik/
		regn /ʁˈɑjˀn/ - rein /rˈɛi̯n/
		røg /ʁˈʌˀj/ - reak /rˈɪə̯k/
		vand /ʋˈanˀ/ - wetter /ʋˈɛtər/
		hvad /ʋˈað̞ˠ/ - wat /vˈat/
		vind /ʋˈenˀ/ - wyn /ʋˈin/
		we /ʋˈi/ - wy /vˈi/
		hvid /ʋˈiˀð̞ˠ/ - wyt /vˈit/
		varm /ʋˈɑˀm/ - waarm /ʋˈaːrm/
		hval /ʋˈɛˀl/ - wal /ʋˈal/
		vejr /ʋˈɛˀɐ/ - waar /ʋˈaːr/
		tre /ʦʰʁˈɛˀ/ - trije /trˈɛjə/
		ting /ʦʰˈeŋˀ/ - ding /dˈɪŋ/
		ti /ʦʰˈiˀ/ - tsien /ʦˈiə̯n/
		tid /ʦʰˈiˀð̞ˠ/ - tiid /tˈiːt/
		to /ʦʰˈoˀ/ - twa /tvˈaː/
		tusind /ʦʰˈuˀsn̩/ - tûzen /tˈuːzən/
		tyk /ʦʰˈyk/ - tsjok /ʦjˈɔk/
		tyv /ʦʰˈyˀw/ - tsjeaf /ʦjˈɪə̯f/
		tyve /ʦʰˈyːw/ - tweintich /tvˈɛi̯ntəχ/
		tynd /ʦʰˈønˀ/ - tin /tˈɪn/
		tør /ʦʰˈœˀɐ/ - drûch /drˈuːχ/
		takke /ʦʰˈɑkə/ - tankje /tˈankjə/
		tolv /ʦʰˈʌlˀ/ - tolve /tˈɔlvə/
		tjørn /ʨˈœɐˀn/ - toarn /tˈoə̯n/
		al /ˈal/ - al /ˈal/
		abe /ˈaːb̥ə/ - aap /ˈaːp/
		eg /ˈeˀj/ - iik /ˈiːk/
		en /ˈeˀn/ - ien /ˈiə̯n/
		æg /ˈeˀɡ̊/ - igge /ˈɪɣə/
		æble /ˈeːb̥lə/ - apel /ˈaːpəl/
		ild /ˈilˀ/ - fjoer /fjˈuə̯r/
		ord /ˈoɐˀ/ - oer /ˈuə̯r/
		orm /ˈoɐˀm/ - wjirm /ʋjˈɪrm/
		otte /ˈoːtə/ - acht /ˈaχt/
		over /ˈoːvɐ/ - oer /ˈuə̯r/
		ud /ˈuˀð̞ˠ/ - út /ˈyːt/
		ugle /ˈuːlə/ - ûle /ˈuːlə/
		øre /ˈøːɐ/ - ear /ˈɪə̯r/
		arm /ˈɑˀm/ - earm /ˈɪə̯rm/
		ovn /ˈɒwˀn/ - un /ˈuːn/
		ål /ˈɔˀl/ - iel /ˈiə̯l/
		elleve /ˈɛlʋə/ - alve /ˈalvə/
		aske /ˈɛskə/ - jiske /jˈɪskə/
		æde /ˈɛːð̞ˠə/ - ite /ˈitə/

Final disqualified:
		hjerte /jˈɛɐtə/ - hert /hˈɛːt/
		ni /nˈiˀ/ - njoggen /njˈɔɣən/
		give /ɡ̊ˈiˀ/ - jaan /jˈaːn/
		træ /ʦʰʁˈeˀ/ - beam /bˈɪə̯m/
		anden /ˈanən/ - oar /ˈoə̯r/
		uld /ˈulˀ/ - wolle /ʋˈɔlə/
		ulv /ˈulˀʋ/ - wolf /ʋˈɔlf/


-------------------

****SAMPLE 5****
Iteration 1
	Qualified: 161
	Disqualified: 179
	Added: 0
	Removed: 9
		hjerte /jˈɛɐtə/ - hert /hˈɛːt/
		æg /ˈeˀɡ̊/ - aai /ˈaːj/
		ulv /ˈulˀʋ/ - wolf /ʋˈɔlf/
		anden /ˈanən/ - oar /ˈoə̯r/
		uld /ˈulˀ/ - wolle /ʋˈɔlə/
		jord /jˈoˀɐ/ - ierde /ˈiə̯də/
		år /ˈɔˀ/ - jier /jˈiə̯r/
		give /ɡ̊ˈiˀ/ - jaan /jˈaːn/
		tør /ʦʰˈœˀɐ/ - drûch /drˈuːχ/

Iteration 2
	Qualified: 162
	Disqualified: 178
	Added: 1
		uld /ˈulˀ/ - wolle /ʋˈɔlə/
	Removed: 0

Iteration 3
	Qualified: 163
	Disqualified: 177
	Added: 1
		ulv /ˈulˀʋ/ - wolf /ʋˈɔlf/
	Removed: 0

Iteration 4
	Qualified: 162
	Disqualified: 178
	Added: 1
		tør /ʦʰˈœˀɐ/ - drûch /drˈuːχ/
	Removed: 2
		ulv /ˈulˀʋ/ - wolf /ʋˈɔlf/
		uld /ˈulˀ/ - wolle /ʋˈɔlə/

Iteration 5
	Qualified: 164
	Disqualified: 176
	Added: 2
		ulv /ˈulˀʋ/ - wolf /ʋˈɔlf/
		uld /ˈulˀ/ - wolle /ʋˈɔlə/
	Removed: 0

Iteration 6
	Qualified: 163
	Disqualified: 177
	Added: 0
	Removed: 1
		ulv /ˈulˀʋ/ - wolf /ʋˈɔlf/

Iteration 7
	Qualified: 164
	Disqualified: 176
	Added: 1
		ulv /ˈulˀʋ/ - wolf /ʋˈɔlf/
	Removed: 0

Final qualifying:
		bjørn /b̥jˈœˀɐn/ - bear /bˈɪə̯r/
		bjerg /b̥jˈɛɐˀw/ - berch /bˈɛrχ/
		blod /b̥lˈoˀð̞ˠ/ - bloed /blˈuə̯t/
		blomst /b̥lˈʌmˀst/ - blom /blˈoːm/
		bror /b̥ʁˈoɐ/ - broer /brˈuə̯r/
		bryst /b̥ʁˈœst/ - boarst /bˈoə̯st/
		brygge /b̥ʁˈœɡ̊ə/ - brêge /brˈɛːɣə/
		brød /b̥ʁˈœˀð̞ˠ/ - brea /brˈɪə̯/
		bad /b̥ˈað̞ˠ/ - bad /bˈat/
		bedre /b̥ˈeð̞ˠʁə/ - better /bˈɛtər/
		bede /b̥ˈeˀ/ - bidde /bˈɪdə/
		bi /b̥ˈiˀ/ - bij /bˈɛj/
		bide /b̥ˈiːð̞ˠə/ - bite /bˈiːtə/
		bog /b̥ˈoˀw/ - boek /bˈuə̯k/
		byde /b̥ˈyːð̞ˠə/ - biede /bˈiə̯də/
		båd /b̥ˈɔˀð̞ˠ/ - boat /bˈoə̯t/
		drikke /d̥ʁˈekə/ - drinke /drˈɪŋkə/
		drive /d̥ʁˈiːw/ - driuwe /drjˈuːvə/
		drøm /d̥ʁˈœˀm/ - dream /drˈɪə̯m/
		dværg /d̥ʋˈæɐˀw/ - dwerch /dvˈɛrχ/
		du /d̥ˈu/ - do /dˈoː/
		dyr /d̥ˈyˀɐ/ - djoer /djˈuə̯r/
		dyr /d̥ˈyˀɐ/ - dier /dˈiə̯r/
		dag /d̥ˈæˀj/ - dei /dˈɛi̯/
		dødelig /d̥ˈøːð̞ˠəli/ - deadlik /dˈɪə̯dlɪk/
		død /d̥ˈœˀð̞ˠ/ - dea /dˈɪə̯/
		datter /d̥ˈɛtɐ/ - dochter /dˈɔχtər/
		fjer /fjˈeˀɐ/ - fear /fˈɪə̯r/
		flyve /flˈyːw/ - fleane /flˈɪə̯nə/
		frisk /fʁˈesk/ - farsk /fˈask/
		frænde /fʁˈɑnə/ - freon /frˈøə̯n/
		fisk /fˈesk/ - fisk /fˈɪsk/
		finger /fˈeŋˀɐ/ - finger /fˈɪŋər/
		fod /fˈoˀð̞ˠ/ - foet /fˈuə̯t/
		fuld /fˈulˀ/ - fol /fˈɔl/
		følge /fˈœlə/ - folgje /fˈɔlɣjə/
		fødder /fˈœð̞ˠɐ/ - fuotten /fˈɵtən/
		far /fˈɑː/ - fader /fˈaːdər/
		får /fˈɒˀ/ - skiep /skˈiə̯p/
		fem /fˈɛmˀ/ - fiif /fˈiːf/
		hed /hˈeˀð̞ˠ/ - hyt /hˈit/
		horn /hˈoɐˀn/ - hoarn /hˈoə̯n/
		hundrede /hˈunɐð̞ˠə/ - hûndert /hˈundət/
		hund /hˈunˀ/ - hûn /hˈuːn/
		hus /hˈuˀs/ - hûs /hˈuːs/
		hud /hˈuˀð̞ˠ/ - hûd /hˈuːt/
		høne /hˈœːnə/ - hin /hˈɪn/
		hår /hˈɒˀ/ - hier /hˈiə̯r/
		hors /hˈɒːs/ - hoars /hˈoə̯s/
		hellig /hˈɛli/ - hillich /hˈɪləχ/
		have /hˈɛːw/ - hawwe /hˈavə/
		honning /hˈʌneŋ/ - huning /hˈynɪŋ/
		høj /hˈʌˀj/ - heech /hˈeːχ/
		hjul /jˈuˀl/ - fiel /fˈiə̯l/
		jeg /jˈɑj/ - ik /ˈɪk/
		knæ /kʰnˈeˀ/ - knibbel /knˈɪbəl/
		kirke /kʰˈiɐkə/ - tsjerke /ʦjˈɛrkə/
		ko /kʰˈoˀ/ - ko /kˈoː/
		kunne /kʰˈunə/ - kinne /kˈɪnə/
		kalv /kʰˈɛlˀv/ - keal /kˈɪə̯l/
		kold /kʰˈʌlˀ/ - kâld /kˈɔːt/
		konge /kʰˈʌŋə/ - kening /kˈeːnɪŋ/
		land /lˈanˀ/ - lân /lˈɔːn/
		lever /lˈeˀwɐ/ - lever /lˈeːvər/
		lys /lˈyˀs/ - ljocht /ljˈɔχt/
		løv /lˈœˀw/ - leaf /lˈɪə̯f/
		lam /lˈɑmˀ/ - laam /lˈaːm/
		lang /lˈɑŋˀ/ - lang /lˈaŋ/
		mor /mˈoːɐ/ - moer /mˈuə̯r/
		mus /mˈuˀs/ - mûs /mˈuːs/
		mus /mˈuˀs/ - mûsen /mˈuːsən/
		myg /mˈyɡ̊/ - mich /mˈɪχ/
		mund /mˈɔnˀ/ - mûle /mˈuːlə/
		mund /mˈɔnˀ/ - mûn /mˈuːn/
		måne /mˈɔːnə/ - moanne /mˈoə̯nə/
		mand /mˈɛnˀ/ - man /mˈan/
		navn /nˈawˀn/ - namme /nˈamə/
		ny /nˈyˀ/ - nij /nˈɛj/
		negl /nˈɑjˀl/ - neil /nˈɛi̯l/
		nål /nˈɔˀl/ - nulle /nˈølə/
		nat /nˈɛt/ - nacht /nˈaχt/
		næse /nˈɛːsə/ - noas /nˈoə̯s/
		nøgen /nˈʌjən/ - neaken /nˈɪə̯kən/
		pligt /pʰlˈeɡ̊t/ - plicht /plˈɪχt/
		skarp /skˈap/ - skerp /skˈɛrp/
		skid /skˈiˀð̞ˠ/ - skyt /skˈit/
		slange /slˈɑŋə/ - slang /slˈaŋ/
		slå /slˈɔˀ/ - slaan /slˈaːn/
		sne /snˈeˀ/ - snie /snˈiə̯/
		sten /stˈeˀn/ - stien /stˈiə̯n/
		svin /sʋˈiˀn/ - swyn /svˈin/
		svømme /sʋˈœmə/ - swimme /svˈɪmə/
		sidde /sˈeð̞ˠə/ - sitte /sˈɪtə/
		side /sˈiːð̞ˠə/ - side /sˈiːdə/
		sort /sˈoɐt/ - swart /svˈat/
		syv /sˈyˀw/ - sân /sˈɔːn/
		synge /sˈøŋə/ - sjonge /ɕˈɔŋə/
		søn /sˈœn/ - soan /sˈoə̯n/
		søster /sˈœstɐ/ - suster /sˈøstər/
		sød /sˈœˀð̞ˠ/ - swiet /svˈiə̯t/
		sove /sˈɒːw/ - sliepe /slˈiə̯pə/
		seks /sˈɛks/ - seis /sˈɛi̯s/
		salt /sˈɛlˀt/ - sâlt /sˈɔːt/
		våben /vˈɔˀb̥m̩/ - wapen /ʋˈaːpən/
		græs /ɡ̊ʁˈas/ - gers /ɡˈɛːs/
		grøn /ɡ̊ʁˈœˀn/ - grien /ɡrˈiə̯n/
		ged /ɡ̊ˈeˀð̞ˠ/ - geit /ɡˈɛi̯t/
		god /ɡ̊ˈoˀð̞ˠ/ - goed /ɡˈuə̯t/
		guld /ɡ̊ˈulˀ/ - goud /ɡˈɔu̯t/
		gud /ɡ̊ˈuð̞ˠ/ - god /ɡˈɔt/
		gul /ɡ̊ˈuˀl/ - giel /ɡˈiə̯l/
		gæst /ɡ̊ˈɛst/ - gast /ɡˈast/
		rig /ʁˈiˀ/ - ryk /rˈik/
		rød /ʁˈœˀð̞ˠ/ - read /rˈɪə̯t/
		regn /ʁˈɑjˀn/ - rein /rˈɛi̯n/
		røg /ʁˈʌˀj/ - reak /rˈɪə̯k/
		hvad /ʋˈað̞ˠ/ - wat /vˈat/
		vind /ʋˈenˀ/ - wyn /ʋˈin/
		we /ʋˈi/ - wy /vˈi/
		hvid /ʋˈiˀð̞ˠ/ - wyt /vˈit/
		vide /ʋˈiːð̞ˠə/ - witte /ʋˈɪtə/
		vej /ʋˈɑˀj/ - wei /ʋˈɛi̯/
		varm /ʋˈɑˀm/ - waarm /ʋˈaːrm/
		vejr /ʋˈɛˀɐ/ - waar /ʋˈaːr/
		tre /ʦʰʁˈɛˀ/ - trije /trˈɛjə/
		tand /ʦʰˈanˀ/ - tine /tˈiːnə/
		ting /ʦʰˈeŋˀ/ - ding /dˈɪŋ/
		ti /ʦʰˈiˀ/ - tsien /ʦˈiə̯n/
		tid /ʦʰˈiˀð̞ˠ/ - tiid /tˈiːt/
		to /ʦʰˈoˀ/ - twa /tvˈaː/
		tusind /ʦʰˈuˀsn̩/ - tûzen /tˈuːzən/
		tyk /ʦʰˈyk/ - tsjok /ʦjˈɔk/
		tysk /ʦʰˈysk/ - dútsk /dˈyːtsk/
		tyve /ʦʰˈyːw/ - tweintich /tvˈɛi̯ntəχ/
		tynd /ʦʰˈønˀ/ - tin /tˈɪn/
		tør /ʦʰˈœˀɐ/ - drûch /drˈuːχ/
		takke /ʦʰˈɑkə/ - tankje /tˈankjə/
		tunge /ʦʰˈɔŋə/ - tûnge /tˈuŋə/
		tolv /ʦʰˈʌlˀ/ - tolve /tˈɔlvə/
		tjørn /ʨˈœɐˀn/ - toarn /tˈoə̯n/
		al /ˈal/ - al /ˈal/
		eg /ˈeˀj/ - iik /ˈiːk/
		en /ˈeˀn/ - ien /ˈiə̯n/
		æg /ˈeˀɡ̊/ - igge /ˈɪɣə/
		æble /ˈeːb̥lə/ - apel /ˈaːpəl/
		ild /ˈilˀ/ - fjoer /fjˈuə̯r/
		i /ˈiˀ/ - yn /ˈin/
		is /ˈiˀs/ - iis /ˈiːs/
		ord /ˈoɐˀ/ - oer /ˈuə̯r/
		orm /ˈoɐˀm/ - wjirm /ʋjˈɪrm/
		otte /ˈoːtə/ - acht /ˈaχt/
		uld /ˈulˀ/ - wolle /ʋˈɔlə/
		ulv /ˈulˀʋ/ - wolf /ʋˈɔlf/
		ud /ˈuˀð̞ˠ/ - út /ˈyːt/
		ugle /ˈuːlə/ - ûle /ˈuːlə/
		øre /ˈøːɐ/ - ear /ˈɪə̯r/
		ønske /ˈœnskə/ - winskje /ʋˈɪnskjə/
		arm /ˈɑˀm/ - earm /ˈɪə̯rm/
		ovn /ˈɒwˀn/ - un /ˈuːn/
		ung /ˈɔŋˀ/ - jong /jˈɔŋ/
		aske /ˈɛskə/ - jiske /jˈɪskə/
		æde /ˈɛːð̞ˠə/ - ite /ˈitə/
		øje /ˈʌjə/ - each /ˈɪə̯χ/
		os /ˈʌs/ - ús /ˈyːs/

Final disqualified:
		jord /jˈoˀɐ/ - ierde /ˈiə̯də/
		hjerte /jˈɛɐtə/ - hert /hˈɛːt/
		give /ɡ̊ˈiˀ/ - jaan /jˈaːn/
		anden /ˈanən/ - oar /ˈoə̯r/
		æg /ˈeˀɡ̊/ - aai /ˈaːj/
		år /ˈɔˀ/ - jier /jˈiə̯r/


-------------------

