/b̥lˈad̥l̩/ - /b̥lˈaːð/
b̥-b̥ / l-l / ˈa-ˈaː / d̥-ð / l-∅

-------------------

/b̥lˈeɐ̯mə/ - /b̥lˈoːu̯m/
b̥-b̥ / l-l / ˈeɐ̯-ˈoːu̯ / m-m / ə-∅

-------------------

/b̥lˈuɐ̯d̥/ - /b̥lˈoːu̯ð/
b̥-b̥ / l-l / ˈuɐ̯-ˈoːu̯ / d̥-ð

-------------------

/b̥rˈoɐ̯t/ - /b̥rˈœːy̯ð/
b̥-b̥ / r-r / ˈoɐ̯-ˈœːy̯ / t-ð

-------------------

/b̥rˈust/ - /b̥rjˈoːu̯st/
b̥-b̥ / r-r / ∅-j / ˈu-ˈoːu̯ / s-s / t-t

-------------------

/b̥rˈuɐ̯d̥a/ - /b̥rˈoːu̯ðɪr̥/
b̥-b̥ / r-r / ˈuɐ̯-ˈoːu̯ / d̥-ð / a-ɪ / ∅-r̥
b̥-b̥ / r-r / ˈuɐ̯-ˈoːu̯ / d̥-ð / a-ɪ_r̥

-------------------

/b̥rˈuɡ̊/ - /b̥rˈɪɟ̊ɟ̊a/
b̥-b̥ / r-r / ˈu-ˈɪ / ɡ̊-ɟ̊ / ∅-ɟ̊ / ∅-a

-------------------

/b̥ˈaːm/ - /b̥ˈaðmʏr̥/
b̥-b̥ / ˈaː-ˈa / ∅-ð / m-m / ∅-ʏ / ∅-r̥

-------------------

/b̥ˈaːm/ - /tʰrjˈɛː/
b̥-tʰ / ˈaː-r / ∅-j / m-ˈɛː

-------------------

/b̥ˈeɐ̯nə/ - /b̥ˈiː/
b̥-b̥ / ˈeɐ̯-ˈiː / n-∅ / ə-∅

-------------------

/b̥ˈid̥n̩/ - /b̥ˈɪðja/
b̥-b̥ / ˈi-ˈɪ / d̥-ð / n-j_a
b̥-b̥ / ˈi-ˈɪ / d̥-ð / ∅-j / n-a

-------------------

/b̥ˈiːd̥n̩/ - /b̥jˈoːu̯ða/
b̥-b̥ / ∅-j / ˈiː-ˈoːu̯ / d̥-ð / n-a

-------------------

/b̥ˈoɐ̯/ - /b̥ˈɛːi̯n/
b̥-b̥ / ˈoɐ̯-ˈɛːi̯ / ∅-n

-------------------

/b̥ˈoɐ̯sn̩/ - /b̥ˈiːta/
b̥-b̥ / ˈoɐ̯-ˈiː / s-t / n-a

-------------------

/b̥ˈuɐ̯x/ - /b̥ˈoːu̯k/
b̥-b̥ / ˈuɐ̯-ˈoːu̯ / x-k

-------------------

/b̥ˈɒːd̥/ - /b̥ˈaːð/
b̥-b̥ / ˈɒː-ˈaː / d̥-ð

-------------------

/b̥ˈɛsa/ - /b̥ˈɛːtrɪ/
b̥-b̥ / ˈɛ-ˈɛː / s-t / ∅-r / a-ɪ

-------------------

/b̥ˈɛɐ/ - /b̥jˈœrtn̥/
b̥-b̥ / ∅-j / ˈɛ-ˈœ / ɐ-r / ∅-t / ∅-n̥
b̥-b̥ / ∅-j / ˈɛ-ˈœ / ɐ-r_t / ∅-n̥

-------------------

/b̥ˈɛɐɡ̊/ - /b̥ˈɛrɡ̊/
b̥-b̥ / ˈɛ-ˈɛ / ɐ-r / ɡ̊-ɡ̊

-------------------

/d̥rˈai̯/ - /θrˈiːr̥/
d̥-θ / r-r / ˈai̯-ˈiː / ∅-r̥

-------------------

/d̥rˈai̯b̥n̩/ - /d̥rˈiːva/
d̥-d̥ / r-r / ˈai̯-ˈiː / b̥-v / n-a

-------------------

/d̥rˈaːm/ - /d̥rˈœːy̯mʏr̥/
d̥-d̥ / r-r / ˈaː-ˈœːy̯ / m-m / ∅-ʏ / ∅-r̥

-------------------

/d̥rˈiŋa/ - /d̥rˈɛʰka/
d̥-d̥ / r-r / ˈi-ˈɛ / ŋ-ʰk / a-a

-------------------

/d̥ˈai̯a/ - /d̥ˈiːr̥/
d̥-d̥ / ˈai̯-ˈiː / a-r̥
d̥-d̥ / ˈai̯-ˈiː / a-∅ / ∅-r̥

-------------------

/d̥ˈai̯tʃ/ - /θˈiskʏr̥/
d̥-θ / ˈai̯-ˈi / t-∅ / ʃ-s_k / ∅-ʏ / ∅-r̥

-------------------

/d̥ˈaŋkn̩/ - /θˈaʰka/
d̥-θ / ˈa-ˈa / ŋ-∅ / k-ʰk / n-a

-------------------

/d̥ˈeb̥/ - /θjˈoːu̯vʏr̥/
d̥-θ / ˈe-j / ∅-ˈoːu̯ / b̥-v / ∅-ʏ / ∅-r̥

-------------------

/d̥ˈiɐ̯f/ - /d̥jˈuːpʏr̥/
d̥-d̥ / ˈiɐ̯-j / ∅-ˈuː / f-p_ʏ / ∅-r̥
d̥-d̥ / ∅-j / ˈiɐ̯-ˈuː / f-p / ∅-ʏ / ∅-r̥
d̥-d̥ / ∅-j / ˈiɐ̯-ˈuː / f-p_ʏ / ∅-r̥

-------------------

/d̥ˈou̯d̥/ - /d̥ˈœːy̯ðʏr̥/
d̥-d̥ / ˈou̯-ˈœːy̯ / d̥-ð_ʏ / ∅-r̥

-------------------

/d̥ˈoːɡ̊/ - /d̥ˈaːɣʏr̥/
d̥-d̥ / ˈoː-ˈaː / ɡ̊-ɣ / ∅-ʏ / ∅-r̥

-------------------

/flˈiɐ̯ŋn̩/ - /fljˈuːa/
f-f / l-l / ˈiɐ̯-j / ŋ-ˈuː / n-a

-------------------

/flˈujɡ̊/ - /flˈʏːɣa/
f-f / l-l / ˈu-ˈʏː / j-∅ / ɡ̊-ɣ / ∅-a
f-f / l-l / ˈu-ˈʏː / j-∅ / ɡ̊-ɣ_a

-------------------

/frˈai̯nd̥/ - /frˈai̯nd̥ɪ/
f-f / r-r / ˈai̯-ˈai̯ / n-n / d̥-d̥ / ∅-ɪ

-------------------

/frˈau̯/ - /kʰˈɔna/
f-kʰ / r-∅ / ˈau̯-ˈɔ / ∅-n / ∅-a

-------------------

/frˈiʃ/ - /fˈɛr̥skʏr̥/
f-f / r-ˈɛ / ˈi-∅ / ∅-r̥ / ʃ-s_k / ∅-ʏ / ∅-r̥
f-f / r-∅ / ˈi-ˈɛ / ∅-r̥ / ʃ-s_k / ∅-ʏ / ∅-r̥

-------------------

/frˈiːrn̩/ - /frjˈoːu̯sa/
f-f / r-r / ˈiː-j / r-ˈoːu̯ / ∅-s / n-a

-------------------

/fˈai̯a/ - /fˈʏːnɪ/
f-f / ˈai̯-ˈʏː / ∅-n / a-ɪ

-------------------

/fˈeːd̥a/ - /fjˈœːðʏr̥/
f-f / ∅-j / ˈeː-ˈœː / d̥-ð / a-ʏ / ∅-r̥

-------------------

/fˈimf/ - /fˈɪm/
f-f / ˈi-ˈɪ / m-m / f-∅

-------------------

/fˈiŋa/ - /fˈiŋɡ̊ʏr̥/
f-f / ˈi-ˈi / ŋ-ŋ / ∅-ɡ̊ / a-ʏ / ∅-r̥

-------------------

/fˈiɐ/ - /fjˈoːu̯rɪr̥/
f-f / ˈi-j / ∅-ˈoːu̯ / ɐ-r / ∅-ɪ / ∅-r̥

-------------------

/fˈiɐ̯s/ - /fˈaːi̯tʏr̥/
f-f / ˈiɐ̯-ˈaːi̯ / s-t_ʏ / ∅-r̥

-------------------

/fˈiːʃ/ - /fˈɪskʏr̥/
f-f / ˈiː-ˈɪ / ʃ-s_k / ∅-ʏ / ∅-r̥

-------------------

/fˈojk/ - /fˈou̯l̥k/
f-f / ˈo-ˈou̯ / j-l̥ / k-k

-------------------

/fˈojɡ̊n̩/ - /fˈɪlɟ̊a/
f-f / ˈo-ˈɪ / j-l / ɡ̊-ɟ̊ / n-a

-------------------

/fˈoːd̥a/ - /fˈaːðɪr̥/
f-f / ˈoː-ˈaː / d̥-ð / a-ɪ / ∅-r̥
f-f / ˈoː-ˈaː / d̥-ð / a-ɪ_r̥

-------------------

/fˈoːɡ̊l̩/ - /fˈʏɡ̊l̥/
f-f / ˈoː-ˈʏ / ɡ̊-ɡ̊ / l-l̥

-------------------

/fˈuɐ̯s/ - /fˈoːu̯tʏr̥/
f-f / ˈuɐ̯-ˈoːu̯ / s-t_ʏ / ∅-r̥

-------------------

/hˈai̯liɡ̊/ - /hˈɛlɡ̊ʏr̥/
h-h / ˈai̯-ˈɛ / l-l / i-∅ / ɡ̊-ɡ̊ / ∅-ʏ / ∅-r̥

-------------------

/hˈau̯d̥/ - /hˈuːð/
h-h / ˈau̯-ˈuː / d̥-ð

-------------------

/hˈau̯s/ - /hˈuːs/
h-h / ˈau̯-ˈuː / s-s

-------------------

/hˈaːpt/ - /hˈœːvʏð/
h-h / ˈaː-ˈœː / p-v / ∅-ʏ / t-ð

-------------------

/hˈena/ - /hˈaːi̯na/
h-h / ˈe-ˈaːi̯ / n-n / a-a

-------------------

/hˈeɐn/ - /hˈɛːi̯ra/
h-h / ˈe-ˈɛːi̯ / ɐ-r / n-a

-------------------

/hˈeɐʦ/ - /çˈar̥ta/
h-ç / ˈe-ˈa / ɐ-r̥ / ʦ-t / ∅-a

-------------------

/hˈiɐ/ - /çˈɛːr̥/
h-ç / ˈi-ˈɛː / ɐ-r̥

-------------------

/hˈou̯x/ - /hˈɑːu̯r̥/
h-h / ˈou̯-ˈɑːu̯ / x-∅ / ∅-r̥

-------------------

/hˈoɐ̯/ - /hˈɑːu̯r̥/
h-h / ˈoɐ̯-ˈɑːu̯ / ∅-r̥

-------------------

/hˈoɐ̯m/ - /hˈɛːi̯mʏr̥/
h-h / ˈoɐ̯-ˈɛːi̯ / m-m / ∅-ʏ / ∅-r̥

-------------------

/hˈoɐ̯n/ - /hˈɔrtn̥/
h-h / ˈoɐ̯-ˈɔ_r / n-t_n̥
h-h / ˈoɐ̯-ˈɔ_r / ∅-t / n-n̥

-------------------

/hˈoɐ̯s/ - /hˈɛːi̯tʏr̥/
h-h / ˈoɐ̯-ˈɛːi̯ / s-t_ʏ / ∅-r̥

-------------------

/hˈoːm/ - /hˈaːva/
h-h / ˈoː-ˈaː / m-v / ∅-a
h-h / ˈoː-ˈaː / m-v_a

-------------------

/hˈoːs/ - /çˈɛːrɪ/
h-ç / ˈoː-ˈɛː / s-∅ / ∅-r / ∅-ɪ

-------------------

/hˈund̥/ - /hˈʏnd̥ʏr̥/
h-h / ˈu-ˈʏ / n-n / d̥-d̥ / ∅-ʏ / ∅-r̥

-------------------

/hˈɔnd̥/ - /hˈœnd̥/
h-h / ˈɔ-ˈœ / n-n / d̥-d̥

-------------------

/hˈɛŋ/ - /hˈʏːnɑu̯ŋɡ̊/
h-h / ˈɛ-ˈʏː / ∅-n / ŋ-ɑu̯ / ∅-ŋ / ∅-ɡ̊

-------------------

/jˈuŋɡ̊/ - /ˈuŋɡ̊ʏr̥/
j-∅ / ˈu-ˈu / ŋ-ŋ / ɡ̊-ɡ̊ / ∅-ʏ / ∅-r̥

-------------------

/jˈɒːɐ/ - /ˈɑːu̯r̥/
j-∅ / ˈɒː-ˈɑːu̯ / ɐ-r̥

-------------------

/kʰnˈiɐ̯/ - /n̥jˈɛː/
kʰ-n̥ / n-∅ / ˈiɐ̯-j / ∅-ˈɛː
kʰ-∅ / n-n̥ / ˈiɐ̯-j / ∅-ˈɛː

-------------------

/kʰˈajb̥ə/ - /kʰˈɑu̯lvʏr̥/
kʰ-kʰ / ˈa-ˈɑu̯ / j-l / b̥-v / ə-ʏ / ∅-r̥

-------------------

/kʰˈini/ - /kʰˈou̯ŋɡ̊ʏr̥/
kʰ-kʰ / ˈi-ˈou̯ / n-ŋ / ∅-ɡ̊ / i-ʏ / ∅-r̥

-------------------

/kʰˈiɐç/ - /cʰˈɪr̥ca/
kʰ-cʰ / ˈi-ˈɪ / ɐ-r̥ / ç-c / ∅-a

-------------------

/kʰˈoid̥/ - /kʰˈald̥ʏr̥/
kʰ-kʰ / ˈo-ˈa / i-l / d̥-d̥ / ∅-ʏ / ∅-r̥

-------------------

/kʰˈoɐ̯n/ - /kʰˈɔrtn̥/
kʰ-kʰ / ˈoɐ̯-ˈɔ_r / n-t_n̥
kʰ-kʰ / ˈoɐ̯-ˈɔ_r / ∅-t / n-n̥

-------------------

/kʰˈuɐ̯/ - /cʰˈiːr̥/
kʰ-cʰ / ˈuɐ̯-ˈiː / ∅-r̥

-------------------

/kʰˈɔp͡f/ - /hˈœːvʏð/
kʰ-∅ / ∅-h / ˈɔ-ˈœː / p͡f-v / ∅-ʏ / ∅-ð

-------------------

/lˈafa/ - /l̥ˈœːy̯pa/
l-l̥ / ˈa-ˈœːy̯ / f-p / a-a

-------------------

/lˈand̥/ - /lˈand̥/
l-l / ˈa-ˈa / n-n / d̥-d̥

-------------------

/lˈau̯s/ - /lˈuːs/
l-l / ˈau̯-ˈuː / s-s

-------------------

/lˈaːb̥/ - /lˈœːy̯f/
l-l / ˈaː-ˈœːy̯ / b̥-f

-------------------

/lˈeːb̥a/ - /lˈɪːvʏr̥/
l-l / ˈeː-ˈɪː / b̥-v / a-ʏ / ∅-r̥

-------------------

/lˈiɐ̯xd̥/ - /ljˈoːu̯s/
l-l / ˈiɐ̯-j / ∅-ˈoːu̯ / x-s / d̥-∅

-------------------

/mˈai̯s/ - /mˈiːs/
m-m / ˈai̯-ˈiː / s-s

-------------------

/mˈau̯l/ - /mˈʏnːʏr̥/
m-m / ˈau̯-ˈʏ / l-nː / ∅-ʏ / ∅-r̥

-------------------

/mˈau̯s/ - /mˈuːs/
m-m / ˈau̯-ˈuː / s-s

-------------------

/mˈeːɐ/ - /mˈaːr/
m-m / ˈeː-ˈaː / ɐ-r

-------------------

/mˈi/ - /mˈɪːx/
m-m / ˈi-ˈɪː / ∅-x

-------------------

/mˈiɐ/ - /vjˈɛːr̥/
m-v / ˈi-j / ∅-ˈɛː / ɐ-r̥
m-v / ∅-j / ˈi-ˈɛː / ɐ-r̥

-------------------

/mˈujç/ - /mjˈɔu̯l̥k/
m-m / ∅-j / ˈu-ˈɔu̯ / j-l̥ / ç-k

-------------------

/mˈuɐ̯d̥a/ - /mˈoːu̯ðɪr̥/
m-m / ˈuɐ̯-ˈoːu̯ / d̥-ð / a-ɪ / ∅-r̥
m-m / ˈuɐ̯-ˈoːu̯ / d̥-ð / a-ɪ_r̥

-------------------

/mˈɒnɐ/ - /mˈɛnː/
m-m / ˈɒ-ˈɛ / n-nː / ɐ-∅

-------------------

/mˈɒː/ - /mˈaːðʏr̥/
m-m / ˈɒː-ˈaː / ∅-ð / ∅-ʏ / ∅-r̥

-------------------

/mˈɔnd̥/ - /mˈɑːu̯nɪ/
m-m / ˈɔ-ˈɑːu̯ / n-n / d̥-∅ / ∅-ɪ

-------------------

/mˈɔxt/ - /mˈɑu̯ʰtʏr̥/
m-m / ˈɔ-ˈɑu̯ / x-ʰt / t-∅ / ∅-ʏ / ∅-r̥
m-m / ˈɔ-ˈɑu̯ / x-∅ / t-ʰt / ∅-ʏ / ∅-r̥
m-m / ˈɔ-ˈɑu̯ / x_t-ʰt / ∅-ʏ / ∅-r̥

-------------------

/mˈɛnʃ/ - /mˈanːɛsca/
m-m / ˈɛ-ˈa / n-nː / ∅-ɛ / ∅-s / ʃ-c / ∅-a

-------------------

/nˈai̯/ - /nˈiːr̥/
n-n / ˈai̯-ˈiː / ∅-r̥

-------------------

/nˈai̯n/ - /nˈiːjʏ/
n-n / ˈai̯-ˈiː / n-∅ / ∅-j / ∅-ʏ

-------------------

/nˈakad̥/ - /nˈaːcɪn/
n-n / ˈa-ˈaː / k-c / a-ɪ / d̥-n

-------------------

/nˈaːma/ - /nˈapn̥/
n-n / ˈaː-ˈa / m-p / a-n̥

-------------------

/nˈoɐ̯d̥/ - /nˈɔrðʏr̥/
n-n / ˈoɐ̯-ˈɔ_r / d̥-ð_ʏ / ∅-r̥

-------------------

/nˈɔxt/ - /nˈɔu̯ʰt/
n-n / ˈɔ-ˈɔu̯ / x-ʰt / t-∅
n-n / ˈɔ-ˈɔu̯ / x-∅ / t-ʰt
n-n / ˈɔ-ˈɔu̯ / x_t-ʰt

-------------------

/rˈai̯ç/ - /rˈiːkʏr̥/
r-r / ˈai̯-ˈiː / ç-k / ∅-ʏ / ∅-r̥

-------------------

/rˈaːx/ - /rˈɛːi̯kʏr̥/
r-r / ˈaː-ˈɛːi̯ / x-k / ∅-ʏ / ∅-r̥

-------------------

/rˈeːŋ/ - /rˈɛɡ̊n̥/
r-r / ˈeː-ˈɛ / ŋ-ɡ̊ / ∅-n̥

-------------------

/rˈiŋ/ - /r̥ˈiŋɡ̊ʏr̥/
r-r̥ / ˈi-ˈi / ŋ-ŋ / ∅-ɡ̊ / ∅-ʏ / ∅-r̥

-------------------

/rˈou̯d̥/ - /rˈœːy̯ðʏr̥/
r-r / ˈou̯-ˈœːy̯ / d̥-ð_ʏ / ∅-r̥

-------------------

/sˈai̯tn̩/ - /sˈiːða/
s-s / ˈai̯-ˈiː / t-ð / n-a

-------------------

/sˈau̯/ - /sˈiːr̥/
s-s / ˈau̯-ˈiː / ∅-r̥

-------------------

/sˈeɡ̊s/ - /sˈɛks/
s-s / ˈe-ˈɛ / ɡ̊-k / s-s

-------------------

/sˈiŋn̩/ - /sˈiɲɟ̊a/
s-s / ˈi-ˈi / ŋ-ɲ / ∅-ɟ̊ / n-a

-------------------

/sˈiɐ̯s/ - /sˈaːi̯tʏr̥/
s-s / ˈiɐ̯-ˈaːi̯ / s-t_ʏ / ∅-r̥

-------------------

/sˈiʦn̩/ - /sˈɪːtja/
s-s / ˈi-ˈɪː / ʦ-t / n-j_a
s-s / ˈi-ˈɪː / ʦ-t / ∅-j / n-a

-------------------

/sˈiːm/ - /sjˈœː/
s-s / ∅-j / ˈiː-ˈœː / m-∅

-------------------

/sˈojʦ/ - /sˈal̥t/
s-s / ˈo-ˈa / j-l̥ / ʦ-t

-------------------

/sˈond̥/ - /sˈand̥ʏr̥/
s-s / ˈo-ˈa / n-n / d̥-d̥ / ∅-ʏ / ∅-r̥

-------------------

/sˈoŋ/ - /sˈɛːi̯ja/
s-s / ˈo-ˈɛːi̯ / ∅-j / ŋ-a

-------------------

/sˈun/ - /sˈɔːnʏr̥/
s-s / ˈu-ˈɔː / n-n / ∅-ʏ / ∅-r̥

-------------------

/sˈɛː/ - /sjˈoːu̯r̥/
s-s / ˈɛː-j / ∅-ˈoːu̯ / ∅-r̥
s-s / ˈɛː-j_ˈoːu̯ / ∅-r̥

-------------------

/tˈedlɪç/ - /d̥ˈœy̯ðlɛːɣʏr̥/
t-d̥ / ˈe-ˈœy̯ / d-ð / l-l / ɪ-ɛː / ç-ɣ / ∅-ʏ / ∅-r̥

-------------------

/tˈɔxta/ - /d̥ˈɔu̯ʰtɪr̥/
t-d̥ / ˈɔ-ˈɔu̯ / x-ʰt / t-∅ / a-ɪ / ∅-r̥
t-d̥ / ˈɔ-ˈɔu̯ / x-∅ / t-ʰt / a-ɪ / ∅-r̥
t-d̥ / ˈɔ-ˈɔu̯ / x-∅ / t-ʰt / a-ɪ_r̥
t-d̥ / ˈɔ-ˈɔu̯ / x_t-ʰt / a-ɪ / ∅-r̥

-------------------

/ɡ̊rˈeɐ̯/ - /ɡ̊rˈai̯tn̥/
ɡ̊-ɡ̊ / r-r / ˈeɐ̯-ˈai̯ / ∅-t / ∅-n̥

-------------------

/ɡ̊rˈoːs/ - /ɡ̊rˈaːs/
ɡ̊-ɡ̊ / r-r / ˈoː-ˈaː / s-s

-------------------

/ɡ̊ˈejb̥/ - /ɡ̊ˈʏːlʏr̥/
ɡ̊-ɡ̊ / ˈe-ˈʏː / j-l / b̥-∅ / ∅-ʏ / ∅-r̥

-------------------

/ɡ̊ˈeːm/ - /ɟ̊ˈɛːva/
ɡ̊-ɟ̊ / ˈeː-ˈɛː / m-v / ∅-a
ɡ̊-ɟ̊ / ˈeː-ˈɛː / m-v_a

-------------------

/ɡ̊ˈojd̥/ - /ɡ̊ˈʏtl̥/
ɡ̊-ɡ̊ / ˈo-ˈʏ / ∅-t / j-l̥ / d̥-∅

-------------------

/ɡ̊ˈoɐ̯s/ - /ɟ̊ˈeːi̯t/
ɡ̊-ɟ̊ / ˈoɐ̯-ˈeːi̯ / s-t

-------------------

/ɡ̊ˈuɐ̯d̥/ - /ɡ̊ˈoːu̯ðʏr̥/
ɡ̊-ɡ̊ / ˈuɐ̯-ˈoːu̯ / d̥-ð_ʏ / ∅-r̥

-------------------

/ɡ̊ˈɔt/ - /ɡ̊vˈʏːð/
ɡ̊-ɡ̊ / ∅-v / ˈɔ-ˈʏː / t-ð

-------------------

/ʃlˈɔfa/ - /sˈɔːva/
ʃ-s / l-∅ / ˈɔ-ˈɔː / f-v / a-a

-------------------

/ʃlˈɔɡ̊n̩/ - /stl̥ˈaːu̯/
ʃ-s / ∅-t / l-l̥ / ˈɔ-ˈaːu̯ / ɡ̊-∅ / n-∅
ʃ-s_t / l-l̥ / ˈɔ-ˈaːu̯ / ɡ̊-∅ / n-∅

-------------------

/ʃnˈɛː/ - /stnjˈoːu̯r̥/
ʃ-s / ∅-t / n-n / ˈɛː-j / ∅-ˈoːu̯ / ∅-r̥
ʃ-s / ∅-t / n-n / ˈɛː-j_ˈoːu̯ / ∅-r̥
ʃ-s_t / n-n / ˈɛː-j / ∅-ˈoːu̯ / ∅-r̥

-------------------

/ʃtˈeɐn/ - /stjˈartna/
ʃ-s / t-t / ∅-j / ˈe-ˈa / ɐ-r / ∅-t / n-n / ∅-a
ʃ-s / t-t / ∅-j / ˈe-ˈa / ɐ-r_t / n-n / ∅-a

-------------------

/ʃtˈoɐ̯/ - /stˈɛi̯tn̥/
ʃ-s / t-t / ˈoɐ̯-ˈɛi̯ / ∅-t / ∅-n̥

-------------------

/ʃtˈuɐm/ - /stˈɔrmʏr̥/
ʃ-s / t-t / ˈu-ˈɔ / ɐ-r / m-m / ∅-ʏ / ∅-r̥

-------------------

/ʃʋˈoɐ̯ʦ/ - /svˈar̥tʏr̥/
ʃ-s / ʋ-v / ˈoɐ̯-ˈa / ∅-r̥ / ʦ-t / ∅-ʏ / ∅-r̥

-------------------

/ʃʋˈɛrt/ - /svˈɛrð/
ʃ-s / ʋ-v / ˈɛ-ˈɛ / r-r / t-ð

-------------------

/ʃʋˈɛsta/ - /sˈɪstɪr̥/
ʃ-s / ʋ-∅ / ˈɛ-ˈɪ / s-s / t-t / a-ɪ / ∅-r̥
ʃ-s / ʋ-∅ / ˈɛ-ˈɪ / s-s / t-t / a-ɪ_r̥

-------------------

/ʃˈai̯s/ - /scˈiːtʏr̥/
∅-s / ʃ-c / ˈai̯-ˈiː / s-t_ʏ / ∅-r̥

-------------------

/ʃˈarf/ - /skˈar̥pʏr̥/
ʃ-s_k / ˈa-ˈa / r-r̥ / f-p / ∅-ʏ / ∅-r̥
ʃ-s_k / ˈa-ˈa / r-r̥ / f-p_ʏ / ∅-r̥

-------------------

/ʃˈif/ - /scˈɪːp/
∅-s / ʃ-c / ˈi-ˈɪː / f-p

-------------------

/ʋˈai̯s/ - /kʰvˈiːtʏr̥/
ʋ-kʰ / ∅-v / ˈai̯-ˈiː / s-t_ʏ / ∅-r̥

-------------------

/ʋˈeta/ - /vˈɛːðʏr̥/
ʋ-v / ˈe-ˈɛː / t-ð / a-ʏ / ∅-r̥

-------------------

/ʋˈind̥/ - /vˈɪnd̥ʏr̥/
ʋ-v / ˈi-ˈɪ / n-n / d̥-d̥ / ∅-ʏ / ∅-r̥

-------------------

/ʋˈisn̩/ - /vˈɪːta/
ʋ-v / ˈi-ˈɪː / s-t / n-a

-------------------

/ʋˈoj/ - /kʰvˈaːlʏr̥/
ʋ-kʰ / ∅-v / ˈo-ˈaː / j-l / ∅-ʏ / ∅-r̥

-------------------

/ʋˈojf/ - /ˈulvʏr̥/
ʋ-∅ / ˈo-ˈu / j-l / f-v / ∅-ʏ / ∅-r̥
ʋ-∅ / ˈo-ˈu / j-l / f-v_ʏ / ∅-r̥

-------------------

/ʋˈojə/ - /ˈʏtl̥/
ʋ-∅ / ˈo-ˈʏ / j-t / ə-l̥

-------------------

/ʋˈɒs/ - /kʰvˈaːð/
ʋ-kʰ / ∅-v / ˈɒ-ˈaː / s-ð

-------------------

/ʋˈɒsa/ - /vˈaʰtn̥/
ʋ-v / ˈɒ-ˈa / s-ʰt / a-n̥

-------------------

/ʋˈɒɐm/ - /vˈarmʏr̥/
ʋ-v / ˈɒ-ˈa / ɐ-r / m-m / ∅-ʏ / ∅-r̥

-------------------

/ʋˈʏnʃn̩/ - /ˈai̯sca/
ʋ-∅ / ˈʏ-ˈai̯ / n-∅ / ∅-s / ʃ-c / n-a

-------------------

/ʦʋˈanʦɡ̊/ - /tʰˈuʰtuɣu/
ʦ-tʰ / ʋ-ˈu / ∅-ʰt / ˈa-u / n-∅ / ʦ-∅ / ɡ̊-ɣ / ∅-u

-------------------

/ʦʋˈoɐ̯/ - /tʰvˈœː/
ʦ-tʰ / ʋ-v / ˈoɐ̯-ˈœː

-------------------

/ʦʋˈɛjf/ - /tʰˈou̯l̥f/
ʦ-tʰ / ʋ-∅ / ˈɛ-ˈou̯ / j-l̥ / f-f

-------------------

/ʦˈai̯t/ - /tʰˈiːð/
ʦ-tʰ / ˈai̯-ˈiː / t-ð

-------------------

/ʦˈant/ - /tʰˈœnː/
ʦ-tʰ / ˈa-ˈœ / n-nː / t-∅

-------------------

/ʦˈeːn/ - /tʰˈiːjʏ/
ʦ-tʰ / ∅-ˈiː / ˈeː-j / n-∅ / ∅-ʏ

-------------------

/ʦˈuŋa/ - /tʰˈuŋɡ̊a/
ʦ-tʰ / ˈu-ˈu / ŋ-ŋ / ∅-ɡ̊ / a-a

-------------------

/ˈai̯s/ - /ˈiːs/
ˈai̯-ˈiː / s-s

-------------------

/ˈau̯s/ - /ˈuːt/
ˈau̯-ˈuː / s-t

-------------------

/ˈau̯ɡ̊/ - /ˈœːy̯ɣa/
ˈau̯-ˈœːy̯ / ɡ̊-ɣ / ∅-a
ˈau̯-ˈœːy̯ / ɡ̊-ɣ_a

-------------------

/ˈejf/ - /ˈɛtl̥ɛvʏ/
ˈe-ˈɛ / ∅-t / j-l̥ / ∅-ɛ / f-v / ∅-ʏ
ˈe-ˈɛ / ∅-t / j-l̥ / ∅-ɛ / f-v_ʏ

-------------------

/ˈeɐd̥/ - /jˈœrð/
ˈe-j / ɐ-ˈœ / ∅-r / d̥-ð

-------------------

/ˈi/ - /jˈɛːx/
∅-j / ˈi-ˈɛː / ∅-x

-------------------

/ˈoj/ - /ˈatl̥ʏr̥/
ˈo-ˈa / ∅-t / j-l̥ / ∅-ʏ / ∅-r̥

-------------------

/ˈop͡fə/ - /ˈɛʰplɪ/
ˈo-ˈɛ / p͡f-ʰp / ∅-l / ə-ɪ

-------------------

/ˈoɐ̯/ - /ˈɛi̯tn̥/
ˈoɐ̯-ˈɛi̯ / ∅-t / ∅-n̥

-------------------

/ˈoɐ̯r/ - /ˈɛːi̯ra/
ˈoɐ̯-ˈɛːi̯ / r-r / ∅-a

-------------------

/ˈoɐ̯rm/ - /ˈarmʏr̥/
ˈoɐ̯-ˈa / r-r / m-m / ∅-ʏ / ∅-r̥

-------------------

/ˈoɐ̯x/ - /ˈɛːi̯k/
ˈoɐ̯-ˈɛːi̯ / x-k

-------------------

/ˈoːfa/ - /ˈɔpn̥/
ˈoː-ˈɔ / f-p / a-n̥

-------------------

/ˈuns/ - /ˈɔsː/
ˈu-ˈɔ / n-∅ / s-sː

-------------------

/ˈyb̥a/ - /ˈivɪr̥/
ˈy-ˈi / b̥-v / a-ɪ / ∅-r̥
ˈy-ˈi / b̥-v / a-ɪ_r̥

-------------------

/ˈɒf/ - /ˈaːpɪ/
ˈɒ-ˈaː / f-p / ∅-ɪ

-------------------

/ˈɒxt/ - /ˈɑu̯ʰta/
ˈɒ-ˈɑu̯ / x-ʰt / t-∅ / ∅-a
ˈɒ-ˈɑu̯ / x-∅ / t-ʰt / ∅-a

-------------------

/ˈɛsn̩/ - /jˈɛta/
∅-j / ˈɛ-ˈɛ / s-t / n-a

-------------------

/ˈɛɡ̊/ - /ˈɛɡ̊ɡ̊/
ˈɛ-ˈɛ / ɡ̊-ɡ̊ / ∅-ɡ̊
ˈɛ-ˈɛ / ∅-ɡ̊ / ɡ̊-ɡ̊

-------------------

