/ajøtˈa/ - /aʤutˈaː/
[3/3] a-a / j-ʤ / ø-u / t-t / ˈa-ˈaː

-------------------

/ajˈøt/ - /aʤˈutu/
[3/4] a-a / j-ʤ / ˈø-ˈu / t-t_u
[1/4] a-a / j-ʤ / ˈø-ˈu / t-t / ∅-u

-------------------

/anˈɛl/ - /anˈelu/
[2/4] a-a / n-n / ˈɛ-ˈe / l-l_u
[2/4] a-a / n-n / ˈɛ-ˈe / l-l / ∅-u

-------------------

/bjˈaŋk/ - /ʤˈaŋku/
[1/3] b_j-ʤ / ˈa-ˈa / ŋ-ŋ / k-k_u
[1/3] b-∅ / j-ʤ / ˈa-ˈa / ŋ-ŋ / k-k_u
[1/3] b-∅ / j-ʤ / ˈa-ˈa / ŋ-ŋ / k-k / ∅-u

-------------------

/bryzˈa/ - /bryʒˈaː/
[3/3] b-b / r-r / y-y / z-ʒ / ˈa-ˈaː

-------------------

/bˈas/ - /bˈasu/
[1/1] b-b / ˈa-ˈa / s-s_u

-------------------

/bˈe/ - /bˈeŋ/
[2/5] b-b / ˈe-ˈe / ∅-ŋ
[2/5] b-b / ˈe-ˈe / #>-ŋ_#>
[1/5] b-b / ˈe-ˈe_ŋ

-------------------

/bˈif/ - /bˈejve/
[1/3] b-b / ∅-ˈe / ∅-j / ˈi-v_e / f-∅
[1/3] b-b / ˈi-ˈe_j / f-v_e
[1/3] b-b / ˈi-ˈe / ∅-j / f-v / ∅-e

-------------------

/bˈoka/ - /bˈuka/
[3/3] b-b / ˈo-ˈu / k-k / a-a

-------------------

/bˈu/ - /bˈuŋ/
[1/2] b-b / ˈu-ˈu_ŋ
[1/2] b-b / ˈu-ˈu / ∅-ŋ

-------------------

/bˈuna/ - /bˈuŋa/
[4/4] b-b / ˈu-ˈu / n-ŋ / a-a

-------------------

/bˈune/ - /bˈuŋe/
[4/4] b-b / ˈu-ˈu / n-ŋ / e-e

-------------------

/bˈø/ - /bˈøː/
[3/3] b-b / ˈø-ˈøː

-------------------

/bˈɛl/ - /bˈɛlu/
[2/3] b-b / ˈɛ-ˈɛ / l-l_u
[1/3] b-b / ˈɛ-ˈɛ / l-l / ∅-u

-------------------

/bˈɛla/ - /bˈɛla/
[2/2] b-b / ˈɛ-ˈɛ / l-l / a-a

-------------------

/dormˈi/ - /durmˈiː/
[2/2] d-d / o-u / r-r / m-m / ˈi-ˈiː

-------------------

/draɡˈu/ - /draɡˈuŋ/
[2/3] d-d / r-r / a-a / ɡ-ɡ / ˈu-ˈu / ∅-ŋ
[1/3] d-d / r-r / a-a / ɡ-ɡ / ˈu-ˈu_ŋ

-------------------

/dørmˈi/ - /durmˈiː/
[2/2] d-d / ø-u / r-r / m-m / ˈi-ˈiː

-------------------

/dˈa/ - /dˈaː/
[3/3] d-d / ˈa-ˈaː

-------------------

/dˈes/ - /dˈeːʒe/
[1/2] d-d / ˈe-ˈeː / s-ʒ_e
[1/2] d-d / ˈe-ˈeː / s-ʒ / ∅-e

-------------------

/dˈet/ - /dˈeŋte/
[2/3] d-d / ˈe-ˈe_ŋ / t-t_e
[1/3] d-d / ˈe-ˈe / ∅-ŋ / t-t / ∅-e

-------------------

/dˈi/ - /dˈiː/
[2/2] d-d / ˈi-ˈiː

-------------------

/dˈio/ - /dˈiːu/
[2/2] d-d / ˈi-ˈiː / o-u

-------------------

/dˈit/ - /dˈiːu/
[2/2] d-d / ˈi-ˈiː / t-∅ / ∅-u

-------------------

/dˈu/ - /dˈuːe/
[2/2] d-d / ˈu-ˈuː / #>-e_#>

-------------------

/dˈudes/ - /dˈuze/
[1/3] d-d / ˈu-ˈu / d-z / e_s-e
[1/3] d-d / ˈu-ˈu / d-z / e-e / s_#>-#>
[1/3] d-d / ˈu-ˈu / d-z / e-e / s-∅

-------------------

/dˈuls/ - /dˈuːse/
[1/3] d-d / ˈu_l-ˈuː / s-s / ∅-e
[1/3] d-d / ˈu-ˈuː / l-∅ / s-s / ∅-e
[1/3] d-d / ˈu-ˈuː / l-∅ / s-s / #>-e_#>

-------------------

/dˈɔna/ - /dˈɔna/
[2/2] d-d / ˈɔ-ˈɔ / n-n / a-a

-------------------

/edˈi/ - /vˈede/
[1/1] <#-<#_v / e-ˈe / d-d / ˈi-e

-------------------

/edˈɛl/ - /vitˈelu/
[2/4] ∅-v / e-i / d-t / ˈɛ-ˈe / l-l / ∅-u
[2/4] <#-<#_v / e-i / d-t / ˈɛ-ˈe / l-l_u

-------------------

/erɡˈɔɲa/ - /verɡˈøɲa/
[2/3] ∅-v / e-e / r-r / ɡ-ɡ / ˈɔ-ˈø / ɲ-ɲ / a-a
[1/3] <#-<#_v / e-e / r-r / ɡ-ɡ / ˈɔ-ˈø / ɲ-ɲ / a-a

-------------------

/estˈat/ - /estˈɛː/
[3/4] e-e / s-s / t-t / ˈa-ˈɛː / t-∅
[1/4] e-e / s-s / t-t / ˈa_t-ˈɛː

-------------------

/eɲˈi/ - /veɲˈiː/
[2/3] ∅-v / e-e / ɲ-ɲ / ˈi-ˈiː
[1/3] <#-<#_v / e-e / ɲ-ɲ / ˈi-ˈiː

-------------------

/farˈina/ - /fˈɛŋa/
[2/2] f-f / a-∅ / r-∅ / ˈi-ˈɛ / n-ŋ / a-a

-------------------

/fjˈama/ - /ʃˈama/
[1/2] f_j-ʃ / ˈa-ˈa / m-m / a-a
[1/2] f-ʃ / j-∅ / ˈa-ˈa / m-m / a-a

-------------------

/fjˈur/ - /ʃˈuː/
[2/3] f-ʃ / j-∅ / ˈu_r-ˈuː
[1/3] f_j-ʃ / ˈu-ˈuː / r-∅

-------------------

/fjˈøl/ - /fˈiʤu/
[2/3] f-f / ∅-ˈi / j-ʤ / ˈø-u / l_#>-#>
[1/3] f-f / j-ˈi_ʤ / ˈø-u / l-∅

-------------------

/fjˈøla/ - /fˈiʤa/
[1/2] f-f / ∅-ˈi / j-ʤ / ˈø-∅ / l_a-a
[1/2] f-f / j-ˈi_ʤ / ˈø-∅ / l_a-a

-------------------

/fjˈøm/ - /ʃˈyme/
[1/3] f_j-ʃ / ˈø-ˈy / m-m / ∅-e
[1/3] f-ʃ / j-∅ / ˈø-ˈy / m-m_e
[1/3] f-ʃ / j-∅ / ˈø-ˈy / m-m / ∅-e

-------------------

/fradˈɛl/ - /frˈɛː/
[1/2] f-f / r-r / a-∅ / d-∅ / ˈɛ-ˈɛː / l_#>-#>
[1/2] f-f / r-r / a-∅ / d-∅ / ˈɛ-ˈɛː / l-∅

-------------------

/frˈøt/ - /frˈyːtu/
[1/2] f-f / r-r / ˈø-ˈyː / t-t_u
[1/2] f-f / r-r / ˈø-ˈyː / t-t / ∅-u

-------------------

/frˈɛʧ/ - /frˈejdu/
[2/2] f-f / r-r / ˈɛ-ˈe / ʧ-j / ∅-d / #>-u_#>

-------------------

/fˈa/ - /fˈaː/
[3/3] f-f / ˈa-ˈaː

-------------------

/fˈals/ - /fˈaːso/
[1/3] f-f / ˈa_l-ˈaː / s-s / #>-o_#>
[1/3] f-f / ˈa-ˈaː / l_s-s / ∅-o
[1/3] f-f / ˈa-ˈaː / l-∅ / s-s / ∅-o

-------------------

/fˈam/ - /fˈame/
[2/3] f-f / ˈa-ˈa / m-m / ∅-e
[1/3] f-f / ˈa-ˈa / m-m_e

-------------------

/fˈel/ - /fˈiː/
[2/3] f-f / ˈe-ˈiː / l-∅
[1/3] f-f / ˈe-ˈiː / l_#>-#>

-------------------

/fˈi/ - /fˈiŋ/
[1/2] f-f / ˈi-ˈi_ŋ
[1/2] f-f / ˈi-ˈi / ∅-ŋ

-------------------

/fˈorsa/ - /fˈɔːrsa/
[2/2] f-f / ˈo-ˈɔː / r-r / s-s / a-a

-------------------

/fˈort/ - /fˈɔːrte/
[2/3] f-f / ˈo-ˈɔː / r-r / t-t / ∅-e
[1/3] f-f / ˈo-ˈɔː / r-r / t-t_e

-------------------

/fˈøk/ - /fˈøːɡu/
[2/2] f-f / ˈø-ˈøː / k-ɡ_u

-------------------

/fˈøm/ - /fˈyme/
[2/4] f-f / ˈø-ˈy / m-m_e
[2/4] f-f / ˈø-ˈy / m-m / ∅-e

-------------------

/fˈɔja/ - /fˈøʤa/
[2/2] f-f / ˈɔ-ˈø / j-ʤ / a-a

-------------------

/fˈɛmna/ - /fˈemina/
[4/4] f-f / ˈɛ-ˈe / m-m / ∅-i / n-n / a-a

-------------------

/fˈɛr/ - /fˈɛːru/
[2/3] f-f / ˈɛ-ˈɛː / r-r_u
[1/3] f-f / ˈɛ-ˈɛː / r-r / ∅-u

-------------------

/fˈɛsta/ - /fˈɛsta/
[3/3] f-f / ˈɛ-ˈɛ / s-s / t-t / a-a

-------------------

/izˈi/ - /veʒˈiŋ/
[1/2] ∅-v / i-e / z-ʒ / ˈi-ˈi_ŋ
[1/2] <#-<#_v / i-e / z-ʒ / ˈi-ˈi_ŋ

-------------------

/kadˈena/ - /kadˈeŋa/
[2/2] k-k / a-a / d-d / ˈe-ˈe / n-ŋ / a-a

-------------------

/kambjˈa/ - /kaŋʤˈaː/
[2/2] k-k / a-a / m-ŋ / b-∅ / j-ʤ / ˈa-ˈaː

-------------------

/kastˈɛl/ - /kastˈelu/
[2/3] k-k / a-a / s-s / t-t / ˈɛ-ˈe / l-l_u
[1/3] k-k / a-a / s-s / t-t / ˈɛ-ˈe / l-l / ∅-u

-------------------

/kasˈa/ - /kaʧˈaː/
[3/3] k-k / a-a / s-ʧ / ˈa-ˈaː

-------------------

/kaˈal/ - /kavˈalu/
[1/2] k-k / a-a_v / ˈa-ˈa / l-l_u
[1/2] k-k / a-a / ˈa-v_ˈa / l-l_u

-------------------

/kaˈɛj/ - /kavˈelu/
[1/2] k-k / a-a / ∅-v / ˈɛ-ˈe / ∅-l / j-u
[1/2] k-k / a-a / ˈɛ-v_ˈe / ∅-l / j-u

-------------------

/koɲˈɔs/ - /kunˈuʃe/
[2/4] k-k / o-u / ɲ-n / ˈɔ-ˈu / s-ʃ / ∅-e
[1/4] k-k / o-u / ɲ-n / ˈɔ-ˈu / s-ʃ_e
[1/4] k-k / o-u / ɲ-n / ˈɔ-ˈu / s-ʃ / #>-e_#>

-------------------

/krˈus/ - /krˈuːʒe/
[2/3] k-k / r-r / ˈu-ˈuː / s-ʒ_e
[1/3] k-k / r-r / ˈu-ˈuː / s-ʒ / ∅-e

-------------------

/krˈɛd/ - /krˈede/
[2/4] k-k / r-r / ˈɛ-ˈe / d-d / #>-e_#>
[1/4] k-k / r-r / ˈɛ-ˈe / d-d_e
[1/4] k-k / r-r / ˈɛ-ˈe / d-d / ∅-e

-------------------

/kulˈur/ - /kˈuː/
[2/3] k-k / u-∅ / l-∅ / ˈu_r-ˈuː
[1/3] k-k / u-∅ / l-∅ / ˈu-ˈuː / r-∅

-------------------

/kwˈaja/ - /kwˈaːʤa/
[3/3] k-k / w-w / ˈa-ˈaː / j-ʤ / a-a

-------------------

/kwˈater/ - /kwˈatru/
[1/4] k-k / w-w / ˈa-ˈa / t_e-t / r-r / ∅-u
[1/4] k-k / w-w / ˈa-ˈa / t-t / e_r-r / ∅-u
[1/4] k-k / w-w / ˈa-ˈa / t-t / e-∅ / r-r_u
[1/4] k-k / w-w / ˈa-ˈa / t-t / e-∅ / r-r / ∅-u

-------------------

/kˈa/ - /kˈaŋ/
[3/4] k-k / ˈa-ˈa / #>-ŋ_#>
[1/4] k-k / ˈa-ˈa / ∅-ŋ

-------------------

/kˈa/ - /kˈaːza/
[1/1] k-k / ˈa-ˈaː / ∅-z / ∅-a

-------------------

/kˈamera/ - /kˈamja/
[1/2] k-k / ˈa-ˈa / m-m / e-∅ / r-j / a-a
[1/2] k-k / ˈa-ˈa / m-m / e-j / r-∅ / a-a

-------------------

/kˈar/ - /kˈaːu/
[2/3] k-k / ˈa-ˈaː / r-∅ / ∅-u
[1/3] k-k / ˈa-ˈaː / r-∅ / #>-u_#>

-------------------

/kˈarne/ - /kˈaːrne/
[5/5] k-k / ˈa-ˈaː / r-r / n-n / e-e

-------------------

/kˈaʋra/ - /krˈaːva/
[2/2] k-k / ∅-r / ˈa-ˈaː / ʋ-v / r-∅ / a-a

-------------------

/kˈe/ - /kˈe/
[2/2] k-k / ˈe-ˈe

-------------------

/kˈi/ - /kˈi/
[2/2] k-k / ˈi-ˈi

-------------------

/kˈolt/ - /kˈaːdu/
[1/1] k-k / ˈo-ˈaː / l-∅ / t-d / ∅-u

-------------------

/kˈoren/ - /kˈɔːrnu/
[1/1] k-k / ˈo-ˈɔː / r_e-r / n-n_u

-------------------

/kˈoza/ - /kˈɔːza/
[2/2] k-k / ˈo-ˈɔː / z-z / a-a

-------------------

/kˈua/ - /kˈuːa/
[2/2] k-k / ˈu-ˈuː / a-a

-------------------

/kˈulp/ - /kˈuːrpu/
[1/2] k-k / ˈu-ˈuː / l-r / p-p_u
[1/2] k-k / ˈu-ˈuː / l-r / p-p / ∅-u

-------------------

/kˈyl/ - /kˈyː/
[2/2] k-k / ˈy-ˈyː / l_#>-#>

-------------------

/kˈyrt/ - /kˈyːrtu/
[3/5] k-k / ˈy-ˈyː / r-r / t-t_u
[2/5] k-k / ˈy-ˈyː / r-r / t-t / ∅-u

-------------------

/kˈør/ - /kˈøː/
[1/1] k-k / ˈø-ˈøː / r_#>-#>

-------------------

/kˈɔl/ - /kˈɔlu/
[2/3] k-k / ˈɔ-ˈɔ / l-l_u
[1/3] k-k / ˈɔ-ˈɔ / l-l / ∅-u

-------------------

/kˈɔrno/ - /kˈɔːrnu/
[3/3] k-k / ˈɔ-ˈɔː / r-r / n-n / o-u

-------------------

/kˈɔrp/ - /kˈɔːrpu/
[1/3] k-k / ˈɔ-ˈɔː / r-r / p-p_u
[1/3] k-k / ˈɔ-ˈɔː / r-r / p-p / ∅-u
[1/3] k-k / ˈɔ-ˈɔː / r-r / p-p / #>-u_#>

-------------------

/kˈɔsa/ - /kˈøʃa/
[2/2] k-k / ˈɔ-ˈø / s-ʃ / a-a

-------------------

/kˈɔsta/ - /kˈɔsta/
[4/4] k-k / ˈɔ-ˈɔ / s-s / t-t / a-a

-------------------

/lezˈi/ - /lˈeːze/
[5/5] l-l / e-ˈeː / z-z / ˈi-e

-------------------

/leˈa/ - /levˈaː/
[3/3] l-l / e-e / ∅-v / ˈa-ˈaː

-------------------

/leˈu/ - /ljˈuŋ/
[1/2] l-l / e-j / ˈu-ˈu / ∅-ŋ
[1/2] l-l / e-j / ˈu-ˈu / #>-ŋ_#>

-------------------

/lˈak/ - /lˈaːɡu/
[2/4] l-l / ˈa-ˈaː / k-ɡ_u
[2/4] l-l / ˈa-ˈaː / k-ɡ / ∅-u

-------------------

/lˈana/ - /lˈaŋa/
[4/4] l-l / ˈa-ˈa / n-ŋ / a-a

-------------------

/lˈaɡrima/ - /lˈaɡrima/
[1/1] l-l / ˈa-ˈa / ɡ-ɡ / r-r / i-i / m-m / a-a

-------------------

/lˈaʧ/ - /lˈɛːte/
[1/3] l-l / ˈa-ˈɛː / ʧ-t_e
[1/3] l-l / ˈa-ˈɛː / ʧ-t / ∅-e
[1/3] l-l / ˈa-ˈɛː / ʧ-t / #>-e_#>

-------------------

/lˈeɡor/ - /lˈeːvre/
[2/4] l-l / ˈe-ˈeː / ɡ-∅ / o-∅ / ∅-v / r-r / ∅-e
[2/4] l-l / ˈe-ˈeː / ɡ-∅ / o-∅ / ∅-v / r-r / #>-e_#>

-------------------

/lˈiber/ - /lˈiberu/
[2/2] l-l / ˈi-ˈi / b-b / e-e / r-r_u

-------------------

/lˈoŋk/ - /lˈuŋɡu/
[1/2] l-l / ˈo-ˈu / ŋ-ŋ / k-ɡ_u
[1/2] l-l / ˈo-ˈu / ŋ-ŋ / k-ɡ / ∅-u

-------------------

/lˈy/ - /lˈeː/
[2/2] l-l / ˈy-ˈeː

-------------------

/lˈyf/ - /lˈuː/
[1/1] l-l / ˈy-ˈuː / f-∅

-------------------

/lˈyna/ - /lˈyŋa/
[2/2] l-l / ˈy-ˈy / n-ŋ / a-a

-------------------

/lˈys/ - /lˈyːʒe/
[1/2] l-l / ˈy-ˈyː / s-ʒ_e
[1/2] l-l / ˈy-ˈyː / s-ʒ / ∅-e

-------------------

/lˈøk/ - /lˈøːɡu/
[2/3] l-l / ˈø-ˈøː / k-ɡ_u
[1/3] l-l / ˈø-ˈøː / k-ɡ / ∅-u

-------------------

/lˈɔta/ - /lˈɔta/
[3/3] l-l / ˈɔ-ˈɔ / t-t / a-a

-------------------

/lˈɛtra/ - /lˈetja/
[3/3] l-l / ˈɛ-ˈe / t-t / r-j / a-a

-------------------

/lˈɛŋɡwa/ - /lˈeŋɡwa/
[3/3] l-l / ˈɛ-ˈe / ŋ-ŋ / ɡ-ɡ / w-w / a-a

-------------------

/lˈɛɲ/ - /lˈeɲu/
[2/3] l-l / ˈɛ-ˈe / ɲ-ɲ / ∅-u
[1/3] l-l / ˈɛ-ˈe / ɲ-ɲ_u

-------------------

/lˈɛʤe/ - /lˈeze/
[2/2] l-l / ˈɛ-ˈe / ʤ-z / e-e

-------------------

/lˈɛʧ/ - /lˈeto/
[3/3] l-l / ˈɛ-ˈe / ʧ-t / ∅-o

-------------------

/majˈa/ - /maŋʤˈaː/
[1/1] m-m / a-a / ∅-ŋ / j-ʤ / ˈa-ˈaː

-------------------

/manʤˈa/ - /maŋʤˈaː/
[3/3] m-m / a-a / n-ŋ / ʤ-ʤ / ˈa-ˈaː

-------------------

/marˈyt/ - /mˈøju/
[1/1] m-m / a-ˈø / r-j / ˈy-u / t-∅

-------------------

/mejtˈat/ - /mejtˈɛː/
[2/3] m-m / e-e / j-j / t-t / ˈa-ˈɛː / t-∅
[1/3] m-m / e-e / j-j / t-t / ˈa_t-ˈɛː

-------------------

/montˈaɲa/ - /muŋtˈaɲa/
[1/1] m-m / o-u / n-ŋ / t-t / ˈa-ˈa / ɲ-ɲ / a-a

-------------------

/mˈa/ - /mˈaŋ/
[2/3] m-m / ˈa-ˈa / #>-ŋ_#>
[1/3] m-m / ˈa-ˈa / ∅-ŋ

-------------------

/mˈar/ - /mˈaː/
[2/3] m-m / ˈa-ˈaː / r-∅
[1/3] m-m / ˈa-ˈaː / r_#>-#>

-------------------

/mˈe/ - /mˈi/
[2/2] m-m / ˈe-ˈi

-------------------

/mˈel/ - /amˈeː/
[1/2] ∅-a / m-m / ˈe-ˈeː / l_#>-#>
[1/2] <#-<#_a / m-m / ˈe-ˈeː / l-∅

-------------------

/mˈela/ - /mˈile/
[1/1] m-m / ˈe-ˈi / l-l / a-e

-------------------

/mˈele/ - /mˈile/
[3/3] m-m / ˈe-ˈi / l-l / e-e

-------------------

/mˈia/ - /mˈiːɡa/
[1/1] m-m / ˈi-ˈiː / ∅-ɡ / a-a

-------------------

/mˈort/ - /mˈɔːrte/
[2/4] m-m / ˈo-ˈɔː / r-r / t-t_e
[2/4] m-m / ˈo-ˈɔː / r-r / t-t / ∅-e

-------------------

/mˈoska/ - /mˈuska/
[5/5] m-m / ˈo-ˈu / s-s / k-k / a-a

-------------------

/mˈør/ - /mwˈiː/
[1/1] m-m / ˈø-∅ / r-w / #>-ˈiː_#>

-------------------

/mˈɛj/ - /mˈeːʤu/
[1/2] m-m / ˈɛ-ˈeː / j-ʤ_u
[1/2] m-m / ˈɛ-ˈeː / j-ʤ / ∅-u

-------------------

/mˈɛs/ - /mˈeːzu/
[1/1] m-m / ˈɛ-ˈeː / s-z_u

-------------------

/nasˈi/ - /nˈaʃe/
[2/2] n-n / a-ˈa / s-ʃ / ˈi-e

-------------------

/nisˈy/ - /niʃˈyŋ/
[1/1] n-n / i-i / s-ʃ / ˈy-ˈy / #>-ŋ_#>

-------------------

/nodˈa/ - /nɥˈaː/
[3/3] n-n / o-ɥ / d-∅ / ˈa-ˈaː

-------------------

/nˈas/ - /nˈaʃe/
[1/2] n-n / ˈa-ˈa / s-ʃ_e
[1/2] n-n / ˈa-ˈa / s-ʃ / ∅-e

-------------------

/nˈas/ - /nˈaːzu/
[1/2] n-n / ˈa-ˈaː / s-z_u
[1/2] n-n / ˈa-ˈaː / s-z / ∅-u

-------------------

/nˈeɡer/ - /nˈejɡru/
[1/2] n-n / ˈe-ˈe / ∅-j / ɡ-ɡ / e_r-r / ∅-u
[1/2] n-n / ˈe-ˈe / ∅-j / ɡ-ɡ / e-∅ / r-r / ∅-u

-------------------

/nˈif/ - /nˈejve/
[1/2] n-n / ∅-ˈe / ∅-j / ˈi-v_e / f-∅
[1/2] n-n / ˈi-ˈe / ∅-j / f-v / ∅-e

-------------------

/nˈiola/ - /nˈyːvja/
[3/3] n-n / ˈi-ˈyː / ∅-v / o-j / l_a-a

-------------------

/nˈiɡer/ - /nˈejɡru/
[1/1] n-n / ˈi-ˈe / ∅-j / ɡ-ɡ / e-∅ / r-r / ∅-u

-------------------

/nˈus/ - /nˈuːʒe/
[3/3] n-n / ˈu-ˈuː / s-ʒ_e

-------------------

/nˈøf/ - /nˈøːve/
[2/3] n-n / ˈø-ˈøː / f-v / ∅-e
[1/3] n-n / ˈø-ˈøː / f-v_e

-------------------

/nˈøf/ - /nˈøːvu/
[2/3] n-n / ˈø-ˈøː / f-v_u
[1/3] n-n / ˈø-ˈøː / f-v / ∅-u

-------------------

/nˈɔm/ - /nˈume/
[2/3] n-n / ˈɔ-ˈu / m-m_e
[1/3] n-n / ˈɔ-ˈu / m-m / ∅-e

-------------------

/nˈɔʧ/ - /nˈøte/
[2/3] n-n / ˈɔ-ˈø / ʧ-t / ∅-e
[1/3] n-n / ˈɔ-ˈø / ʧ-t_e

-------------------

/nˈɛbja/ - /nˈeːʤa/
[1/2] n-n / ˈɛ-ˈeː / b_j-ʤ / a-a
[1/2] n-n / ˈɛ-ˈeː / b-∅ / j-ʤ / a-a

-------------------

/odˈur/ - /ɔːdˈuː/
[2/4] o-ɔː / d-d / ˈu_r-ˈuː
[1/4] o-ɔː / d-d / ˈu-ˈuː / r_#>-#>
[1/4] o-ɔː / d-d / ˈu-ˈuː / r-∅

-------------------

/orˈɛʤa/ - /wˈeːʤa/
[2/2] o-w / r-∅ / ˈɛ-ˈeː / ʤ-ʤ / a-a

-------------------

/ozˈɛl/ - /ɔːʒˈelu/
[2/3] o-ɔː / z-ʒ / ˈɛ-ˈe / l-l / ∅-u
[1/3] o-ɔː / z-ʒ / ˈɛ-ˈe / l-l_u

-------------------

/palˈas/ - /palˈasjo/
[2/3] p-p / a-a / l-l / ˈa-ˈa / s-s / ∅-j / ∅-o
[1/3] p-p / a-a / l-l / ˈa-ˈa / s-s / ∅-j / #>-o_#>

-------------------

/parˈɔla/ - /pˈɔwla/
[2/2] p-p / a-∅ / r-∅ / ˈɔ-ˈɔ / ∅-w / l-l / a-a

-------------------

/pjanzˈi/ - /ʧˈaŋze/
[1/2] p_j-ʧ / a-ˈa / n-ŋ / z-z / ˈi-e
[1/2] p-∅ / j-ʧ / a-ˈa / n-ŋ / z-z / ˈi-e

-------------------

/pjˈans/ - /ʧˈaŋze/
[1/1] p-∅ / j-ʧ / ˈa-ˈa / n-ŋ / s-z / ∅-e

-------------------

/pjˈaɡa/ - /ʧˈaːɡa/
[1/1] p_j-ʧ / ˈa-ˈaː / ɡ-ɡ / a-a

-------------------

/pjˈe/ - /pˈiŋ/
[2/3] p-p / j-∅ / ˈe-ˈi / ∅-ŋ
[1/3] p-p / j-∅ / ˈe-ˈi / #>-ŋ_#>

-------------------

/pjˈøma/ - /ʧˈyma/
[2/3] p-∅ / j-ʧ / ˈø-ˈy / m-m / a-a
[1/3] p_j-ʧ / ˈø-ˈy / m-m / a-a

-------------------

/pjˈøʧ/ - /piɡˈøʤu/
[1/2] p-p_i / ∅-ɡ / ∅-ˈø / j-ʤ / ˈø-u / ʧ-∅
[1/2] p-p / ∅-i / ∅-ɡ / ∅-ˈø / j-ʤ / ˈø-u / ʧ-∅

-------------------

/pondˈi/ - /pˈuŋe/
[1/1] p-p / o-ˈu / n-ŋ / d-∅ / ˈi-e

-------------------

/potˈere/ - /pwˈej/
[1/3] p-p / o-∅ / t-w / ˈe-ˈe / r-∅ / e-j
[1/3] p-p / o-∅ / t-w / ˈe-ˈe / r-j / e-∅
[1/3] p-p / o-w / t-∅ / ˈe-ˈe / r-∅ / e-j

-------------------

/prˈeda/ - /prˈiːa/
[1/2] p-p / r-r / ˈe-ˈiː / d_a-a
[1/2] p-p / r-r / ˈe-ˈiː / d-∅ / a-a

-------------------

/prˈese/ - /prˈeːʒu/
[1/1] p-p / r-r / ˈe-ˈeː / s-ʒ / e-u

-------------------

/prˈeze/ - /prˈeːʒu/
[3/3] p-p / r-r / ˈe-ˈeː / z-ʒ / e-u

-------------------

/pˈa/ - /pˈaŋ/
[2/4] p-p / ˈa-ˈa / ∅-ŋ
[2/4] p-p / ˈa-ˈa / #>-ŋ_#>

-------------------

/pˈader/ - /pwˈɛː/
[1/1] p-p / ∅-w / ˈa-ˈɛː / d-∅ / e-∅ / r-∅

-------------------

/pˈansa/ - /pˈaŋsa/
[3/3] p-p / ˈa-ˈa / n-ŋ / s-s / a-a

-------------------

/pˈas/ - /pˈaːʒe/
[2/2] p-p / ˈa-ˈaː / s-ʒ_e

-------------------

/pˈe/ - /pˈeː/
[3/3] p-p / ˈe-ˈeː

-------------------

/pˈel/ - /pˈej/
[4/4] p-p / ˈe-ˈe / l-j

-------------------

/pˈena/ - /pˈeŋa/
[2/2] p-p / ˈe-ˈe / n-ŋ / a-a

-------------------

/pˈeɡra/ - /pˈeːɡwa/
[1/2] p-p / ˈe-ˈeː / ɡ-ɡ / r-∅ / ∅-w / a-a
[1/2] p-p / ˈe-ˈeː / ɡ-ɡ / r-w / a-a

-------------------

/pˈikol/ - /piʧˈiŋ/
[1/1] p-p_i / ∅-ʧ / ˈi-ˈi / k-∅ / o-∅ / l-∅ / #>-ŋ_#>

-------------------

/pˈok/ - /pˈɔːku/
[2/3] p-p / ˈo-ˈɔː / k-k / ∅-u
[1/3] p-p / ˈo-ˈɔː / k-k_u

-------------------

/pˈond/ - /pˈuŋe/
[3/3] p-p / ˈo-ˈu / n-ŋ / d-∅ / #>-e_#>

-------------------

/pˈont/ - /pˈuŋtu/
[1/2] p-p / ˈo-ˈu / n-ŋ / t-t_u
[1/2] p-p / ˈo-ˈu / n-ŋ / t-t / ∅-u

-------------------

/pˈos/ - /pˈusu/
[2/2] p-p / ˈo-ˈu / s-s_u

-------------------

/pˈut/ - /pˈuŋte/
[1/2] p-p / ˈu-ˈu_ŋ / t-t_e
[1/2] p-p / ˈu-ˈu / ∅-ŋ / t-t / ∅-e

-------------------

/pˈøɲ/ - /pˈyɲu/
[2/4] p-p / ˈø-ˈy / ɲ-ɲ_u
[1/4] p-p / ˈø-ˈy / ɲ-ɲ / ∅-u
[1/4] p-p / ˈø-ˈy / ɲ-ɲ / #>-u_#>

-------------------

/pˈɔrk/ - /pˈɔːrku/
[2/3] p-p / ˈɔ-ˈɔː / r-r / k-k_u
[1/3] p-p / ˈɔ-ˈɔː / r-r / k-k / #>-u_#>

-------------------

/pˈɔrka/ - /pˈɔːrka/
[1/1] p-p / ˈɔ-ˈɔː / r-r / k-k / a-a

-------------------

/pˈɛl/ - /pˈele/
[3/3] p-p / ˈɛ-ˈe / l-l / #>-e_#>

-------------------

/pˈɛna/ - /pˈeːna/
[3/3] p-p / ˈɛ-ˈeː / n-n / a-a

-------------------

/pˈɛs/ - /pˈeʃu/
[2/4] p-p / ˈɛ-ˈe / s-ʃ / ∅-u
[2/4] p-p / ˈɛ-ˈe / s-ʃ / #>-u_#>

-------------------

/pˈɛska/ - /pˈɛːrseɡa/
[2/2] p-p / ˈɛ-ˈɛː / ∅-r / s-s / ∅-e / k-ɡ / a-a

-------------------

/pˈɛska/ - /pˈɛːrseɡu/
[2/2] p-p / ˈɛ-ˈɛː / ∅-r / s-s / ∅-e / k-ɡ / a-u

-------------------

/pˈɛt/ - /pˈeːtu/
[3/3] p-p / ˈɛ-ˈeː / t-t_u

-------------------

/raˈis/ - /rˈejʒe/
[1/1] r-r / a-ˈe / ˈi-j / s-ʒ_e

-------------------

/rezˈu/ - /raʒˈuŋ/
[1/3] r-r / e-a / z-ʒ / ˈu-ˈu_ŋ
[1/3] r-r / e-a / z-ʒ / ˈu-ˈu / ∅-ŋ
[1/3] r-r / e-a / z-ʒ / ˈu-ˈu / #>-ŋ_#>

-------------------

/reʤˈina/ - /rˈɛŋa/
[3/3] r-r / e-∅ / ʤ-∅ / ˈi-ˈɛ / n-ŋ / a-a

-------------------

/romˈa/ - /rumˈaŋ/
[3/4] r-r / o-u / m-m / ˈa-ˈa / #>-ŋ_#>
[1/4] r-r / o-u / m-m / ˈa-ˈa / ∅-ŋ

-------------------

/rˈaɲ/ - /ˈaːɲu/
[2/3] r-∅ / ˈa-ˈaː / ɲ-ɲ / ∅-u
[1/3] r-∅ / ˈa-ˈaː / ɲ-ɲ_u

-------------------

/rˈos/ - /rˈusːu/
[2/4] r-r / ˈo-ˈu / s-sː / ∅-u
[2/4] r-r / ˈo-ˈu / s-sː / #>-u_#>

-------------------

/rˈɛ/ - /rˈɛ/
[2/2] r-r / ˈɛ-ˈɛ

-------------------

/salˈyte/ - /salˈyːte/
[4/4] s-s / a-a / l-l / ˈy-ˈyː / t-t / e-e

-------------------

/saˈi/ - /savˈej/
[1/2] s-s / a-a_v / ˈi-ˈe / #>-j_#>
[1/2] s-s / a-a / ∅-v / ˈi-ˈe / ∅-j

-------------------

/serˈeza/ - /sˈeːʒa/
[3/3] s-s / e-∅ / r-∅ / ˈe-ˈeː / z-ʒ / a-a

-------------------

/setmˈana/ - /setemˈaŋa/
[2/2] s-s / e-e / t-t / ∅-e / m-m / ˈa-ˈa / n-ŋ / a-a

-------------------

/sirkˈa/ - /serkˈaː/
[3/3] s-s / i-e / r-r / k-k / ˈa-ˈaː

-------------------

/sitˈa/ - /sitˈɛː/
[4/4] s-s / i-i / t-t / ˈa-ˈɛː

-------------------

/siŋkwˈanta/ - /siŋkwˈaŋta/
[3/3] s-s / i-i / ŋ-ŋ / k-k / w-w / ˈa-ˈa / n-ŋ / t-t / a-a

-------------------

/siɡˈyr/ - /seɡˈyːu/
[2/3] s-s / i-e / ɡ-ɡ / ˈy-ˈyː / r-∅ / #>-u_#>
[1/3] s-s / i-e / ɡ-ɡ / ˈy_r-ˈyː / #>-u_#>

-------------------

/skrˈif/ - /skrˈiːve/
[2/2] s-s / k-k / r-r / ˈi-ˈiː / f-v / ∅-e

-------------------

/skˈyr/ - /skˈyːu/
[1/2] s-s / k-k / ˈy_r-ˈyː / #>-u_#>
[1/2] s-s / k-k / ˈy-ˈyː / r-∅ / ∅-u

-------------------

/skˈɔrsa/ - /skˈɔːrsa/
[3/3] s-s / k-k / ˈɔ-ˈɔː / r-r / s-s / a-a

-------------------

/somˈesa/ - /semˈeŋsa/
[1/2] s-s / o-e / m-m / ˈe-ˈe_ŋ / s-s / a-a
[1/2] s-s / o-e / m-m / ˈe-ˈe / ∅-ŋ / s-s / a-a

-------------------

/spˈada/ - /spˈaː/
[3/3] s-s / p-p / ˈa-ˈaː / d-∅ / a-∅

-------------------

/spˈaɲa/ - /spˈaɲa/
[3/3] s-s / p-p / ˈa-ˈa / ɲ-ɲ / a-a

-------------------

/spˈi/ - /spˈiŋa/
[2/3] s-s / p-p / ˈi-ˈi_ŋ / ∅-a
[1/3] s-s / p-p / ˈi-ˈi / ∅-ŋ / ∅-a

-------------------

/spˈiɡa/ - /spˈiːɡa/
[2/2] s-s / p-p / ˈi-ˈiː / ɡ-ɡ / a-a

-------------------

/stˈɛla/ - /stˈela/
[2/2] s-s / t-t / ˈɛ-ˈe / l-l / a-a

-------------------

/sˈa/ - /sˈaŋ/
[3/3] s-s / ˈa-ˈa / #>-ŋ_#>

-------------------

/sˈae/ - /sˈaːju/
[1/2] s-s / ˈa-ˈaː / ∅-j / e-u
[1/2] s-s / ˈa-ˈaː / e-j / ∅-u

-------------------

/sˈal/ - /sˈaː/
[2/3] s-s / ˈa_l-ˈaː
[1/3] s-s / ˈa-ˈaː / l-∅

-------------------

/sˈalsa/ - /sˈaːrsa/
[2/2] s-s / ˈa-ˈaː / l-r / s-s / a-a

-------------------

/sˈant/ - /sˈaŋtu/
[1/2] s-s / ˈa-ˈa / n-ŋ / t-t_u
[1/2] s-s / ˈa-ˈa / n-ŋ / t-t / ∅-u

-------------------

/sˈas/ - /sˈaʃu/
[1/1] s-s / ˈa-ˈa / s-ʃ / ∅-u

-------------------

/sˈaŋk/ - /sˈaŋɡwe/
[2/3] s-s / ˈa-ˈa / ŋ-ŋ / k-ɡ / ∅-w / #>-e_#>
[1/3] s-s / ˈa-ˈa / ŋ-ŋ / k-ɡ / ∅-w / ∅-e

-------------------

/sˈema/ - /sˈima/
[2/2] s-s / ˈe-ˈi / m-m / a-a

-------------------

/sˈera/ - /sˈeja/
[5/5] s-s / ˈe-ˈe / r-j / a-a

-------------------

/sˈes/ - /sˈeːj/
[2/3] s-s / ˈe-ˈeː / s-∅ / #>-j_#>
[1/3] s-s / ˈe-ˈeː / s-∅ / ∅-j

-------------------

/sˈida/ - /sˈɛːa/
[2/3] s-s / ˈi-ˈɛː / d-∅ / a-a
[1/3] s-s / ˈi-ˈɛː / d_a-a

-------------------

/sˈik/ - /sˈiŋkwe/
[1/2] s-s / ˈi-ˈi_ŋ / k-k / ∅-w / ∅-e
[1/2] s-s / ˈi-ˈi_ŋ / k-k / ∅-w / #>-e_#>

-------------------

/sˈima/ - /sˈima/
[1/1] s-s / ˈi-ˈi / m-m / a-a

-------------------

/sˈira/ - /sˈeja/
[2/2] s-s / ˈi-ˈe / r-j / a-a

-------------------

/sˈul/ - /sˈuː/
[1/2] s-s / ˈu_l-ˈuː
[1/2] s-s / ˈu-ˈuː / l-∅

-------------------

/sˈura/ - /sˈuːrve/
[1/1] s-s / ˈu-ˈuː / r-r / ∅-v / a-e

-------------------

/sˈura/ - /sˈuːrvja/
[1/2] s-s / ˈu-ˈuː / r-r / ∅-v / ∅-j / a-a
[1/2] s-s / ˈu-ˈuː / r-r / ∅-v / a-j_a

-------------------

/sˈɛk/ - /sˈeku/
[2/3] s-s / ˈɛ-ˈe / k-k / ∅-u
[1/3] s-s / ˈɛ-ˈe / k-k_u

-------------------

/sˈɛnder/ - /sˈenje/
[2/3] s-s / ˈɛ-ˈe / n-n / d-∅ / ∅-j / e-e / r_#>-#>
[1/3] s-s / ˈɛ-ˈe / n-n / d-∅ / ∅-j / e-e / r-∅

-------------------

/sˈɛt/ - /sˈɛte/
[1/1] s-s / ˈɛ-ˈɛ / t-t_e

-------------------

/sˈɛŋt/ - /sˈeŋtu/
[2/3] s-s / ˈɛ-ˈe / ŋ-ŋ / t-t_u
[1/3] s-s / ˈɛ-ˈe / ŋ-ŋ / t-t / ∅-u

-------------------

/trˈɛ/ - /trˈej/
[1/2] t-t / r-r / ˈɛ-ˈe / ∅-j
[1/2] t-t / r-r / ˈɛ-ˈe / #>-j_#>

-------------------

/tˈe/ - /tˈi/
[3/3] t-t / ˈe-ˈi

-------------------

/tˈep/ - /tˈeŋpu/
[1/2] t-t / ˈe-ˈe_ŋ / p-p / #>-u_#>
[1/2] t-t / ˈe-ˈe / ∅-ŋ / p-p / ∅-u

-------------------

/tˈont/ - /rjˈuŋdu/
[1/1] ∅-r / t-j / ˈo-ˈu / n-ŋ / t-d / ∅-u

-------------------

/tˈøt/ - /tˈytu/
[3/4] t-t / ˈø-ˈy / t-t_u
[1/4] t-t / ˈø-ˈy / t-t / ∅-u

-------------------

/tˈøʧ/ - /tˈyti/
[2/2] t-t / ˈø-ˈy / ʧ-t / ∅-i

-------------------

/tˈɔr/ - /tˈɔːu/
[1/2] t-t / ˈɔ-ˈɔː / r-∅ / ∅-u
[1/2] t-t / ˈɔ-ˈɔː / r-∅ / #>-u_#>

-------------------

/tˈɛra/ - /tˈɛːra/
[4/4] t-t / ˈɛ-ˈɛː / r-r / a-a

-------------------

/zelˈa/ - /zjˈaː/
[2/3] z-z / e-j / l-∅ / ˈa-ˈaː
[1/3] z-z / e_l-j / ˈa-ˈaː

-------------------

/zenzˈia/ - /zenzˈiːa/
[2/2] z-z / e-e / n-n / z-z / ˈi-ˈiː / a-a

-------------------

/zenˈøʧ/ - /zenˈuʤu/
[1/1] z-z / e-e / n-n / ˈø-ˈu / ʧ-ʤ / #>-u_#>

-------------------

/zermˈa/ - /frˈɛː/
[1/1] z-f / e-∅ / r-r / m-∅ / ˈa-ˈɛː

-------------------

/zɡulˈa/ - /ʒwˈaː/
[1/2] z-ʒ / ɡ-∅ / u-w / l_ˈa-ˈaː
[1/2] z-ʒ / ɡ-∅ / u-w / l-∅ / ˈa-ˈaː

-------------------

/zˈel/ - /zˈeːu/
[2/3] z-z / ˈe-ˈeː / l-∅ / #>-u_#>
[1/3] z-z / ˈe-ˈeː / l-∅ / ∅-u

-------------------

/zˈuen/ - /zwˈeːnu/
[1/3] z-z / ˈu-w / e-ˈeː / n-n_u
[1/3] z-z / ˈu-w / e-ˈeː / n-n / ∅-u
[1/3] z-z / ˈu-w / e-ˈeː / n-n / #>-u_#>

-------------------

/zˈødes/ - /ʤˈydise/
[2/4] z-ʤ / ˈø-ˈy / d-d / e-i / s-s / ∅-e
[1/4] z-ʤ / ˈø-ˈy / d-d / ∅-i / ∅-s / e_s-e
[1/4] z-ʤ / ˈø-ˈy / d-d / e-i / s-s / #>-e_#>

-------------------

/zˈøk/ - /zˈøːɡu/
[2/3] z-z / ˈø-ˈøː / k-ɡ / ∅-u
[1/3] z-z / ˈø-ˈøː / k-ɡ_u

-------------------

/zˈøɲ/ - /zˈyɲu/
[2/3] z-z / ˈø-ˈy / ɲ-ɲ / ∅-u
[1/3] z-z / ˈø-ˈy / ɲ-ɲ_u

-------------------

/zˈɛner/ - /zˈenju/
[2/3] z-z / ˈɛ-ˈe / n-n / e-∅ / r-j / #>-u_#>
[1/3] z-z / ˈɛ-ˈe / n-n / e-j / r-∅ / #>-u_#>

-------------------

/ɡrˈa/ - /ɡrˈaŋ/
[2/3] ɡ-ɡ / r-r / ˈa-ˈa / #>-ŋ_#>
[1/3] ɡ-ɡ / r-r / ˈa-ˈa / ∅-ŋ

-------------------

/ɡrˈas/ - /ɡrˈasu/
[2/4] ɡ-ɡ / r-r / ˈa-ˈa / s-s_u
[2/4] ɡ-ɡ / r-r / ˈa-ˈa / s-s / ∅-u

-------------------

/ɡrˈaŋt/ - /ɡrˈaŋde/
[2/4] ɡ-ɡ / r-r / ˈa-ˈa / ŋ-ŋ / t-d / ∅-e
[2/4] ɡ-ɡ / r-r / ˈa-ˈa / ŋ-ŋ / t-d / #>-e_#>

-------------------

/ɡrˈɔs/ - /ɡrˈɔsu/
[2/3] ɡ-ɡ / r-r / ˈɔ-ˈɔ / s-s_u
[1/3] ɡ-ɡ / r-r / ˈɔ-ˈɔ / s-s / ∅-u

-------------------

/ɡˈat/ - /ɡˈatu/
[2/2] ɡ-ɡ / ˈa-ˈa / t-t_u

-------------------

/ɡˈola/ - /ɡˈuːa/
[3/3] ɡ-ɡ / ˈo-ˈuː / l_a-a

-------------------

/ɡˈota/ - /ɡˈusa/
[2/2] ɡ-ɡ / ˈo-ˈu / t-s / a-a

-------------------

/ɡˈoʤa/ - /aɡˈuʤa/
[2/3] ∅-a / ɡ-ɡ / ˈo-ˈu / ʤ-ʤ / a-a
[1/3] <#-<#_a / ɡ-ɡ / ˈo-ˈu / ʤ-ʤ / a-a

-------------------

/ʋilˈa/ - /vilˈaŋ/
[2/2] ʋ-v / i-i / l-l / ˈa-ˈa / ∅-ŋ

-------------------

/ʋjˈas/ - /vjˈɛːʤu/
[1/2] ʋ-v / ∅-j / ∅-ˈɛː / j-ʤ / ˈa-u / s_#>-#>
[1/2] ʋ-v / ∅-j / ∅-ˈɛː / j-ʤ / ˈa-u / s-∅

-------------------

/ʋˈia/ - /vˈiːa/
[2/3] ʋ-v / ˈi-ˈiː / a-a
[1/3] ʋ-∅ / ∅-v / ˈi-ˈiː / a-a

-------------------

/ʤasˈa/ - /zjˈaː/
[1/1] ʤ-z / a-j / s-∅ / ˈa-ˈaː

-------------------

/ʤˈas/ - /ʤˈasa/
[2/2] ʤ-ʤ / ˈa-ˈa / s-s / ∅-a

-------------------

/ʧamˈa/ - /ʧamˈaː/
[3/3] ʧ-ʧ / a-a / m-m / ˈa-ˈaː

-------------------

/ʧˈaf/ - /ʧˈaːve/
[1/2] ʧ-ʧ / ˈa-ˈaː / f-v / ∅-e
[1/2] ʧ-ʧ / ˈa-ˈaː / f-v / #>-e_#>

-------------------

/ʧˈel/ - /sˈeː/
[1/1] ʧ-s / ˈe-ˈeː / l_#>-#>

-------------------

/ˈaa/ - /ˈaːva/
[2/3] ˈa-ˈaː / ∅-v / a-a
[1/3] ˈa-ˈaː / a-v_a

-------------------

/ˈaa/ - /ˈaːvja/
[1/2] ˈa-ˈaː / ∅-v / ∅-j / a-a
[1/2] ˈa-ˈaː / ∅-v / a-j_a

-------------------

/ˈaj/ - /ˈaʤu/
[2/4] ˈa-ˈa / j-ʤ / #>-u_#>
[1/4] ˈa-ˈa / j-ʤ_u
[1/4] ˈa-ˈa / j-ʤ / ∅-u

-------------------

/ˈaka/ - /vˈaka/
[1/2] ∅-v / ˈa-ˈa / k-k / a-a
[1/2] <#-<#_v / ˈa-ˈa / k-k / a-a

-------------------

/ˈalba/ - /ˈaːrba/
[2/2] ˈa-ˈaː / l-r / b-b / a-a

-------------------

/ˈanʤel/ - /ˈanʤju/
[1/3] ˈa-ˈa / n-n / ʤ-ʤ / ∅-j / e-u / l_#>-#>
[1/3] ˈa-ˈa / n-n / ʤ-ʤ / ∅-j / e-u / l-∅
[1/3] ˈa-ˈa / n-n / ʤ-ʤ / e_l-j / ∅-u

-------------------

/ˈela/ - /vˈila/
[2/3] ∅-v / ˈe-ˈi / l-l / a-a
[1/3] ˈe-v_ˈi / l-l / a-a

-------------------

/ˈente/ - /vˈiŋti/
[2/3] ∅-v / ˈe-ˈi / n-ŋ / t-t / e-i
[1/3] ˈe-v_ˈi / n-ŋ / t-t / e-i

-------------------

/ˈeta/ - /vˈita/
[2/3] ∅-v / ˈe-ˈi / t-t / a-a
[1/3] <#-<#_v / ˈe-ˈi / t-t / a-a

-------------------

/ˈi/ - /vˈiŋ/
[1/1] <#-<#_v / ˈi-ˈi_ŋ

-------------------

/ˈizola/ - /ˈiswa/
[2/3] ˈi-ˈi / z-s / o-w / l-∅ / a-a
[1/3] ˈi-ˈi / z-s / o-w / l_a-a

-------------------

/ˈoka/ - /ˈɔːka/
[3/3] ˈo-ˈɔː / k-k / a-a

-------------------

/ˈonʤa/ - /ˈuŋʤa/
[3/3] ˈo-ˈu / n-ŋ / ʤ-ʤ / a-a

-------------------

/ˈor/ - /ˈɔːu/
[1/1] ˈo-ˈɔː / r-∅ / ∅-u

-------------------

/ˈors/ - /ˈuːrsu/
[1/1] ˈo-ˈuː / r-r / s-s_u

-------------------

/ˈoter/ - /ˈaːtru/
[1/2] ˈo-ˈaː / t_e-t / r-r / ∅-u
[1/2] ˈo-ˈaː / t-t / e-∅ / r-r_u

-------------------

/ˈurs/ - /ˈuːrsu/
[2/4] ˈu-ˈuː / r-r / s-s_u
[2/4] ˈu-ˈuː / r-r / s-s / ∅-u

-------------------

/ˈus/ - /vˈuːʒe/
[2/3] <#-<#_v / ˈu-ˈuː / s-ʒ_e
[1/3] ∅-v / ˈu-ˈuː / s-ʒ / ∅-e

-------------------

/ˈøf/ - /ˈøːvu/
[2/4] ˈø-ˈøː / f-v_u
[2/4] ˈø-ˈøː / f-v / ∅-u

-------------------

/ˈøʋra/ - /ˈøːvja/
[3/3] ˈø-ˈøː / ʋ-v / r-j / a-a

-------------------

/ˈɔm/ - /ˈɔmu/
[2/3] ˈɔ-ˈɔ / m-m / #>-u_#>
[1/3] ˈɔ-ˈɔ / m-m / ∅-u

-------------------

/ˈɔs/ - /ˈɔsu/
[2/2] ˈɔ-ˈɔ / s-s_u

-------------------

/ˈɔt/ - /ˈøtu/
[2/2] ˈɔ-ˈø / t-t_u

-------------------

/ˈɛd/ - /vˈede/
[1/3] ∅-v / ˈɛ-ˈe / d-d / ∅-e
[1/3] ˈɛ-v_ˈe / d-d_e
[1/3] <#-<#_v / ˈɛ-ˈe / d-d / #>-e_#>

-------------------

/ˈɛnt/ - /vˈeŋtu/
[2/4] ∅-v / ˈɛ-ˈe / n-ŋ / t-t / ∅-u
[1/4] ˈɛ-v_ˈe / n-ŋ / t-t_u
[1/4] <#-<#_v / ˈɛ-ˈe / n-ŋ / t-t_u

-------------------

/ˈɛrbor/ - /ˈɛːrbu/
[2/4] ˈɛ-ˈɛː / r-r / b-b / o-u / r_#>-#>
[2/4] ˈɛ-ˈɛː / r-r / b-b / o-u / r-∅

-------------------

/ˈɛrem/ - /vˈɛːrme/
[1/2] ∅-v / ˈɛ-ˈɛː / r-r / e-∅ / m-m / ∅-e
[1/2] <#-<#_v / ˈɛ-ˈɛː / r_e-r / m-m_e

-------------------

/ˈɛɡwa/ - /ˈɛːɡwa/
[2/2] ˈɛ-ˈɛː / ɡ-ɡ / w-w / a-a

-------------------

/ˈɛɲ/ - /veɲˈiː/
[1/1] <#-<#_v / ˈɛ-e / ɲ-ɲ / #>-ˈiː_#>

-------------------

