/amˈari/ - /mˈɛr/
[1/1] <#_a-<# / m-m / ˈa-ˈɛ / r_i_#>-r_#>

-------------------

/armˈɨn/ - /rumˈãjn/
[1/1] <#_a-<# / r-r / ∅-u / m-m / ˈɨ-ˈã_j / n_#>-n_#>

-------------------

/arədəʦˈinə/ - /rajʦˈĩnə/
[1/1] <#_a-<# / r-r / ə-∅ / d-a / ə-j / ʦ-ʦ / ˈi-ˈĩ / n-n / ə_#>-ə_#>

-------------------

/arˈaʦi/ - /frˈɔjt/
[1/1] <#_a-<# / ∅-f / r-r_ˈɔ / ˈa-∅ / ʦ-j / i_#>-t_#>

-------------------

/arˈoʃ/ - /rˈuʤə/
[1/1] <#_a-<# / r-r / ˈo-ˈu / ʃ-ʤ / #>-ə_#>

-------------------

/arˈɨw/ - /rˈiw/
[1/1] <#_a-<# / r-r / ˈɨ-ˈi / w-w

-------------------

/askultˈari/ - /eskutˈer/
[1/1] <#_a-<# / ∅-e / s-s / k-k / u-u / l-∅ / t-t / ˈa-ˈe / r_i_#>-r_#>

-------------------

/azbujrˈari/ - /vulˈer/
[1/1] <#_a-<# / z-∅ / b-v / u-u / j-∅ / r-l / ˈa-ˈe / r_i_#>-r_#>

-------------------

/aʤutˈari/ - /ajdjˈer/
[1/1] <#_a-<# / ∅-a / ʤ-j / u-d / t_ˈa-j_ˈe / r_i_#>-r_#>

-------------------

/aʤˈut/ - /ˈaj/
[1/1] <#_a-<# / ʤ-∅ / ˈu-∅ / t-ˈa / #>-j_#>

-------------------

/be̯ˈari/ - /bˈɔjvrə/
[1/1] <#_b-<#_b / e̯ˈa-ˈɔ_j / r-v_r / ∅-ə / i_#>-#>

-------------------

/birbˈek/ - /bərbˈiʦ/
[1/1] <#_b-<#_b / i-ə / r_b-r_b / ˈe-ˈi / k_#>-ʦ_#>

-------------------

/bo̯ˈaʦi/ - /vˈɔjʦ/
[1/1] b-v / o̯ˈa-ˈɔ / ∅-j / ʦ-ʦ / i_#>-#>

-------------------

/bˈow/ - /bwˈɛf/
[1/1] <#_b-<#_b / ˈo-w / w_#>-ˈɛ_f_#>

-------------------

/bˈun/ - /bˈũn/
[1/1] <#_b-<#_b / ˈu-ˈũ / n_#>-n_#>

-------------------

/bˈune/ - /bˈũnəs/
[1/1] <#_b-<#_b / ˈu_n-ˈũ_n / e-ə / #>-s_#>

-------------------

/bˈuni/ - /bˈũns/
[1/1] <#_b-<#_b / ˈu_n-ˈũ_n / i-∅ / #>-s_#>

-------------------

/bˈunə/ - /bˈũnə/
[1/1] <#_b-<#_b / ˈu_n-ˈũ_n / ə_#>-ə_#>

-------------------

/do̯ˈamnə/ - /dˈamə/
[1/1] <#_d-<#_d / o̯ˈa-ˈa / m-m / n-∅ / ə_#>-ə_#>

-------------------

/do̯ˈawə/ - /dˈews/
[1/1] <#_d-<#_d / o̯ˈa-∅ / w-ˈe / ə-w / #>-s_#>

-------------------

/durɲˈiri/ - /durmˈir/
[1/1] <#_d-<#_d / u_r-u_r / ɲ-m / ˈi-ˈi / r_i_#>-r_#>

-------------------

/dˈa/ - /dˈũnə/
[1/1] <#_d-<#_d / ∅-ˈũ / ˈa-n / #>-ə_#>

-------------------

/dˈawə/ - /dˈews/
[1/1] <#_d-<#_d / ˈa-ˈe / w-∅ / ə-w / #>-s_#>

-------------------

/dˈinti/ - /dˈẽnt/
[1/1] <#_d-<#_d / ˈi-ˈẽ / n_t-n_t / i_#>-#>

-------------------

/e̯ˈarbə/ - /ˈɛrbə/
[1/1] e̯ˈa-ˈɛ / r_b-r_b / ə_#>-ə_#>

-------------------

/fe̯ˈaminə/ - /fˈãmə/
[1/1] <#_f-<#_f / e̯ˈa_m-ˈã_m / i-∅ / n-∅ / ə_#>-ə_#>

-------------------

/fle̯ˈamə/ - /flˈãmə/
[1/1] <#_f-<#_f / l-l / e̯ˈa_m-ˈã_m / ə_#>-ə_#>

-------------------

/flo̯ˈari/ - /flˈur/
[1/1] <#_f-<#_f / l-l / o̯ˈa-ˈu / r_i_#>-r_#>

-------------------

/fo̯ˈami/ - /fˈãjn/
[1/1] <#_f-<#_f / ∅-ˈã / o̯ˈa-j / m-n / i_#>-#>

-------------------

/frˈati/ - /frˈerə/
[1/1] <#_f-<#_f / r-r / ˈa_t-ˈe / i-r / #>-ə_#>

-------------------

/frˈɨnʣə/ - /fwˈɛʎə/
[1/1] <#_f-<#_f / r-∅ / ˈɨ-w / n-ˈɛ / ʣ-ʎ / ə_#>-ə_#>

-------------------

/fərˈinə/ - /fˈarinə/
[1/1] <#_f-<#_f / ə-ˈa / r-r / ˈi-i / n-n / ə_#>-ə_#>

-------------------

/fˈak/ - /fˈaj/
[1/1] <#_f-<#_f / ˈa-ˈa / k_#>-j_#>

-------------------

/fˈak/ - /fˈaʦ/
[1/1] <#_f-<#_f / ˈa-ˈa / k_#>-ʦ_#>

-------------------

/fˈaʦiri/ - /fˈajrə/
[1/1] <#_f-<#_f / ˈa-ˈa / ʦ-j / ∅-r / i_r-ə / i_#>-#>

-------------------

/fˈok/ - /fˈu/
[1/1] <#_f-<#_f / ˈo-ˈu / k_#>-#>

-------------------

/fˈum/ - /fˈỹm/
[1/1] <#_f-<#_f / ˈu-ˈỹ / m-m

-------------------

/jiɲˈiri/ - /vənˈir/
[1/1] <#_j-<#_v / i-ə / ɲ-n / ˈi-ˈi / r_i_#>-r_#>

-------------------

/jiʦˈin/ - /vɔjzˈĩn/
[1/1] <#_j-<#_v / i-ɔ / ʦ-j / ∅-z / ˈi-ˈĩ / n_#>-n_#>

-------------------

/jiʦˈɨl/ - /vəˈɛl/
[1/1] <#_j-<#_v / i-∅ / ʦ-ə / ˈɨ-ˈɛ / l_#>-l_#>

-------------------

/jˈarbə/ - /ˈɛrbə/
[1/1] j_<#-<# / ˈa-ˈɛ / r_b-r_b / ə_#>-ə_#>

-------------------

/jˈermu/ - /vˈɛrm/
[1/1] <#_j-<#_v / ˈe_r-ˈɛ_r / m-m / u_#>-#>

-------------------

/jˈin/ - /vjˈẽn/
[1/1] <#_j-<#_v / ∅-j / ˈi-ˈẽ / n_#>-n_#>

-------------------

/jˈin/ - /vˈĩn/
[1/1] <#_j-<#_v / ˈi-ˈĩ / n_#>-n_#>

-------------------

/ke̯ˈali/ - /pˈɛl/
[1/1] <#-<#_p / k-∅ / e̯ˈa-ˈɛ / l-l / i_#>-#>

-------------------

/ke̯ˈarsikə/ - /pˈɛsʧə/
[1/1] <#-<#_p / k-∅ / e̯ˈa-ˈɛ / r-∅ / s-s / i-∅ / k_ə-ʧ_ə

-------------------

/ke̯ˈatrə/ - /pjˈɛrə/
[1/1] <#-<#_p / k-j / e̯ˈa-ˈɛ / t-∅ / r-r / ə_#>-ə_#>

-------------------

/ko̯ˈadə/ - /kwˈɛ/
[1/1] <#_k-<#_k / o̯ˈa-w / d-ˈɛ / ə_#>-#>

-------------------

/ko̯ˈapsə/ - /kˈyjsə/
[1/1] <#_k-<#_k / o̯ˈa_p-ˈy_j / s-s / ə_#>-ə_#>

-------------------

/ko̯ˈastə/ - /kˈɔstə/
[1/1] <#_k-<#_k / o̯ˈa-ˈɔ / s-s / t-t / ə_#>-ə_#>

-------------------

/kre̯ˈadiri/ - /krˈɔjrə/
[1/1] <#_k-<#_k / r-r / e̯ˈa-ˈɔ_j / d-r / i_r-ə / i_#>-#>

-------------------

/krˈuʦi/ - /krˈɔjs/
[1/1] <#_k-<#_k / r-r_ˈɔ / ˈu-∅ / ʦ-j / i-∅ / #>-s_#>

-------------------

/kuno̯ˈaʃtiri/ - /kũnˈɔjstrə/
[1/1] <#_k-<#_k / u-ũ / n-n / o̯ˈa-ˈɔ / ∅-j / ʃ-s / t-t_r / i_r-ə / i_#>-#>

-------------------

/kəftˈari/ - /ʧaʦjˈer/
[1/1] <#_k-<#_ʧ / ə-a / f-ʦ / t_ˈa-j_ˈe / r_i_#>-r_#>

-------------------

/kətˈinə/ - /ʧajˈẽnə/
[1/1] <#_k-<#_ʧ / ə-a / t-j / ˈi_n-ˈẽ_n / ə_#>-ə_#>

-------------------

/kɨntˈari/ - /ʧãntˈer/
[1/1] <#_k-<#_ʧ / ɨ-ã / n_t-n_t / ˈa-ˈe / r_i_#>-r_#>

-------------------

/kɨtˈuʃi/ - /ʧˈat/
[1/1] <#_k-<#_ʧ / ɨ-ˈa / t-t / ˈu_ʃ-∅ / i_#>-#>

-------------------

/kʎimˈari/ - /klamˈer/
[1/1] <#_k-<#_k / ʎ-l / i-a / m-m / ˈa-ˈe / r_i_#>-r_#>

-------------------

/kʎˈaj/ - /klˈɛf/
[1/1] <#_k-<#_k / ʎ-l / ˈa-ˈɛ / j-∅ / #>-f_#>

-------------------

/kˈal/ - /ʧəvˈal/
[1/1] <#_k-<#_ʧ / ∅-ə / ∅-v / ˈa-ˈa / l_#>-l_#>

-------------------

/kˈaldu/ - /ʧˈawt/
[1/1] <#_k-<#_ʧ / ˈa_l-ˈa_w / d-∅ / u_#>-t_#>

-------------------

/kˈap/ - /ʧjˈɛf/
[1/1] <#_k-<#_ʧ / ˈa_p-j_ˈɛ / #>-f_#>

-------------------

/kˈaprə/ - /ʧjˈɛvrə/
[1/1] <#_k-<#_ʧ / ˈa_p-j_ˈɛ / r-v_r / ə_#>-ə_#>

-------------------

/kˈarni/ - /ʧˈar/
[1/1] <#_k-<#_ʧ / ˈa-ˈa / r-r / n-∅ / i_#>-#>

-------------------

/kˈasə/ - /ʧjˈɛs/
[1/1] <#_k-<#_ʧ / ∅-j / ˈa-ˈɛ / s-s / ə_#>-#>

-------------------

/kˈornu/ - /kˈɔrn/
[1/1] <#_k-<#_k / ˈo_r-ˈɔ / ∅-r / n-n / u_#>-#>

-------------------

/kˈorpu/ - /kˈɔrs/
[1/1] <#_k-<#_k / ˈo_r-ˈɔ / p-∅ / u-r / #>-s_#>

-------------------

/kˈur/ - /kˈyl/
[1/1] <#_k-<#_k / ˈu-ˈy / r_#>-l_#>

-------------------

/kˈɨne/ - /ʧjˈẽn/
[1/1] <#_k-<#_ʧ / ∅-j / ˈɨ-ˈẽ / n-n / e-∅

-------------------

/kˈɨni/ - /ʧjˈẽn/
[1/1] <#_k-<#_ʧ / ∅-j / ˈɨ-ˈẽ / n-n / i_#>-#>

-------------------

/kˈɨntu/ - /ʧˈãnt/
[1/1] <#_k-<#_ʧ / ˈɨ-ˈã / n_t-n_t / u_#>-#>

-------------------

/le̯ˈaʤi/ - /lˈɔj/
[1/1] <#_l-<#_l / e̯ˈa-ˈɔ_j / ʤ-∅ / i_#>-#>

-------------------

/lo̯ˈari/ - /ləvˈer/
[1/1] <#_l-<#_l / ∅-ə / ∅-v / o̯ˈa_r-ˈe / i_#>-r_#>

-------------------

/lˈak/ - /lˈaj/
[1/1] <#_l-<#_l / ˈa-ˈa / k_#>-j_#>

-------------------

/lˈakrimə/ - /lˈɛrmə/
[1/1] <#_l-<#_l / ˈa-ˈɛ / k-∅ / r-r / i-∅ / m-m / ə_#>-ə_#>

-------------------

/lˈapti/ - /lˈajt/
[1/1] <#_l-<#_l / ˈa-ˈa / p_t-j / i_#>-t_#>

-------------------

/lˈemnu/ - /lˈẽɲə/
[1/1] <#_l-<#_l / ˈe-ˈẽ / m-ɲ / n-ə / u_#>-#>

-------------------

/lˈimbə/ - /lˈẽŋɡwə/
[1/1] <#_l-<#_l / ˈi-ˈẽ / ∅-ŋ / m-ɡ / b-w / ə_#>-ə_#>

-------------------

/lˈok/ - /lˈɛw/
[1/1] <#_l-<#_l / ˈo-ˈɛ_w / k_#>-#>

-------------------

/lˈunə/ - /lˈynə/
[1/1] <#_l-<#_l / ˈu-ˈy / n-n / ə_#>-ə_#>

-------------------

/lˈup/ - /lˈɛw/
[1/1] <#_l-<#_l / ˈu-∅ / p-ˈɛ_w

-------------------

/lˈuŋɡu/ - /lˈũŋk/
[1/1] <#_l-<#_l / ˈu-ˈũ / ŋ-ŋ / ɡ-k / u_#>-#>

-------------------

/lˈɨnə/ - /lˈãjnə/
[1/1] <#_l-<#_l / ˈɨ-ˈã_j / n-n / ə_#>-ə_#>

-------------------

/mo̯ˈarti/ - /mˈɔrt/
[1/1] <#_m-<#_m / o̯ˈa-ˈɔ / r-r / t_i_#>-t_#>

-------------------

/murˈiri/ - /murˈir/
[1/1] <#_m-<#_m / u_r-u_r / ˈi-ˈi / r_i_#>-r_#>

-------------------

/muʎˈari/ - /myʎˈer/
[1/1] <#_m-<#_m / u-y / ʎ-ʎ / ˈa-ˈe / r_i_#>-r_#>

-------------------

/mətˈur/ - /məˈyr/
[1/1] <#_m-<#_m / ə-ə / t-∅ / ˈu-ˈy / r-r

-------------------

/mɨkˈari/ - /mãʤjˈer/
[1/1] <#_m-<#_m / ∅-ã / ɨ-ʤ / k-j / ˈa-ˈe / r_i_#>-r_#>

-------------------

/mɨʃkˈari/ - /mˈɔrdrə/
[1/1] <#_m-<#_m / ɨ-∅ / ʃ-ˈɔ / k-r / ˈa-d / r_i_#>-r_ə_#>

-------------------

/mˈi/ - /mˈɔj/
[1/1] <#_m-<#_m / ˈi-ˈɔ_j

-------------------

/mˈuskə/ - /mˈusʧə/
[1/1] <#_m-<#_m / ˈu-ˈu / s-s / k_ə-ʧ_ə

-------------------

/mˈɨnə/ - /mˈãjn/
[1/1] <#_m-<#_m / ˈɨ-ˈã_j / n-n / ə_#>-#>

-------------------

/ne̯ˈawə/ - /nˈɔjf/
[1/1] <#_n-<#_n / e̯ˈa-ˈɔ_j / w-f / ə_#>-#>

-------------------

/no̯ˈapti/ - /nˈyjt/
[1/1] <#_n-<#_n / o̯ˈa_p-ˈy_j / t_i_#>-t_#>

-------------------

/nˈari/ - /nˈes/
[1/1] <#_n-<#_n / ˈa_r-ˈe / i-∅ / #>-s_#>

-------------------

/nˈaw/ - /nwˈɛf/
[1/1] <#_n-<#_n / ˈa-w / w_#>-ˈɛ_f_#>

-------------------

/nˈel/ - /ãnˈɛl/
[1/1] <#-ã_<# / n-n / ˈe-ˈɛ / l_#>-l_#>

-------------------

/nˈeɡru/ - /nˈɔjr/
[1/1] <#_n-<#_n / ˈe-ˈɔ_j / ɡ-∅ / r-r / u_#>-#>

-------------------

/nˈoj/ - /nˈus/
[1/1] <#_n-<#_n / ˈo_j_#>-ˈu_s_#>

-------------------

/nˈostru/ - /nˈɔstrə/
[1/1] <#_n-<#_n / ˈo_s-ˈɔ_s / t-t / r-r / u-∅ / #>-ə_#>

-------------------

/nˈowə/ - /nwˈɛf/
[1/1] <#_n-<#_n / ˈo-w / w-ˈɛ_f / ə_#>-#>

-------------------

/nˈuk/ - /nˈɔjs/
[1/1] <#_n-<#_n / ˈu-ˈɔ / k-j / #>-s_#>

-------------------

/nˈukə/ - /nˈɔjs/
[1/1] <#_n-<#_n / ˈu-∅ / k-ˈɔ / ə-j / #>-s_#>

-------------------

/nˈumə/ - /nˈũm/
[1/1] <#_n-<#_n / ˈu-ˈũ / m-m / ə_#>-#>

-------------------

/pe̯ˈanə/ - /pˈɛnə/
[1/1] <#_p-<#_p / e̯ˈa-ˈɛ / n-n / ə_#>-ə_#>

-------------------

/pidˈukʎu/ - /puˈiʎ/
[1/1] <#_p-<#_p / i-∅ / d-u / ˈu-ˈi / k-∅ / ʎ_u_#>-ʎ_#>

-------------------

/ple̯ˈaɡə/ - /plˈajə/
[1/1] <#_p-<#_p / l-l / e̯ˈa-ˈa / ɡ-j / ə_#>-ə_#>

-------------------

/plo̯ˈaj/ - /plˈyjə/
[1/1] <#_p-<#_p / l-l / o̯ˈa-ˈy / j-j / #>-ə_#>

-------------------

/plˈin/ - /plˈẽjn/
[1/1] <#_p-<#_p / l-l / ˈi-ˈẽ / ∅-j / n_#>-n_#>

-------------------

/plˈɨnʣiri/ - /plˈãjndrə/
[1/1] <#_p-<#_p / l-l / ˈɨ-ˈã_j / n-n / ʣ-∅ / i_r-d_r / ∅-ə / i_#>-#>

-------------------

/pute̯ˈari/ - /puvˈɔjr/
[1/1] <#_p-<#_p / u-u / t-v / e̯ˈa-ˈɔ_j / r_i_#>-r_#>

-------------------

/pɨntˈikə/ - /pˈãnʦə/
[1/1] <#_p-<#_p / ɨ-ˈã / n-n / t-∅ / ˈi-∅ / k-ʦ / ə_#>-ə_#>

-------------------

/pɨntˈikə/ - /vˈẽntrə/
[1/1] p-v / ɨ-ˈẽ / n_t-n_t / ˈi-∅ / k-r / ə_#>-ə_#>

-------------------

/pˈatru/ - /kwˈatrə/
[1/1] <#-k_<# / p-w / ˈa-ˈa / t-t / r-r / u-∅ / #>-ə_#>

-------------------

/pˈer/ - /pˈɔjl/
[1/1] <#_p-<#_p / ˈe-ˈɔ_j / r_#>-l_#>

-------------------

/pˈer/ - /ʧəvˈɛl/
[1/1] ∅-ʧ / <#-ə / p-v / ˈe-ˈɛ / r_#>-l_#>

-------------------

/pˈorku/ - /pˈɔrk/
[1/1] <#_p-<#_p / ˈo_r-ˈɔ / ∅-r / k-k / u_#>-#>

-------------------

/pˈulmu/ - /pˈũjɲ/
[1/1] <#_p-<#_p / ˈu-ˈũ / l-j / m-ɲ / u_#>-#>

-------------------

/pˈuniri/ - /pˈũndrə/
[1/1] <#_p-<#_p / ˈu_n-ˈũ_n / i_r-d_r / ∅-ə / i_#>-#>

-------------------

/pˈunti/ - /pˈũnt/
[1/1] <#_p-<#_p / ˈu-ˈũ / n_t-n_t / i_#>-#>

-------------------

/pˈuʦ/ - /pˈyjs/
[1/1] <#_p-<#_p / ˈu-ˈy / ʦ-j / #>-s_#>

-------------------

/pˈɨni/ - /pˈãjn/
[1/1] <#_p-<#_p / ˈɨ-ˈã_j / n-n / i_#>-#>

-------------------

/se̯ˈakə/ - /sˈɛʧə/
[1/1] <#_s-<#_s / e̯ˈa-ˈɛ / k_ə-ʧ_ə

-------------------

/se̯ˈarə/ - /sˈɔjr/
[1/1] <#_s-<#_s / e̯ˈa-ˈɔ_j / r-r / ə_#>-#>

-------------------

/simˈinʦə/ - /semˈẽnʦə/
[1/1] <#_s-<#_s / i-e / m-m / ˈi_n-ˈẽ_n / ʦ-ʦ / ə_#>-ə_#>

-------------------

/siptəmˈɨnə/ - /səmˈãjnə/
[1/1] <#_s-<#_s / i-∅ / p-∅ / t-∅ / ə-ə / m-m / ˈɨ-ˈã_j / n-n / ə_#>-ə_#>

-------------------

/skrˈiiri/ - /eskrˈivrə/
[1/1] <#-<#_e / s-s / k-k / r-r / ˈi-ˈi / i-v / r_i_#>-r_ə_#>

-------------------

/skˈik/ - /espˈi/
[1/1] <#-<#_e / s-s / k-p / ˈi-ˈi / k_#>-#>

-------------------

/so̯ˈari/ - /sulˈeʎ/
[1/1] <#_s-<#_s / ∅-u / ∅-l / o̯ˈa_r-ˈe / ∅-ʎ / i_#>-#>

-------------------

/spˈatə/ - /espˈeə/
[1/1] <#-<#_e / s-s / p-p / ˈa_t-ˈe / ə_#>-ə_#>

-------------------

/ste̯ˈawə/ - /estˈɔjlə/
[1/1] <#-<#_e / s-s / t-t / e̯ˈa-ˈɔ_j / w-l / ə_#>-ə_#>

-------------------

/sˈare/ - /sˈɛl/
[1/1] <#_s-<#_s / ˈa_r-ˈɛ / e_#>-l_#>

-------------------

/sˈek/ - /sˈɛk/
[1/1] <#_s-<#_s / ˈe-ˈɛ / k-k

-------------------

/sˈuprə/ - /səˈyr/
[1/1] <#_s-<#_s / ∅-ə / ˈu-ˈy / p-∅ / r-r / ə_#>-#>

-------------------

/sˈɨmtu/ - /sˈãjnt/
[1/1] <#_s-<#_s / ˈɨ-ˈã_j / m-n / t_u_#>-t_#>

-------------------

/sˈɨnʤi/ - /sˈãŋk/
[1/1] <#_s-<#_s / ˈɨ-ˈã / n-ŋ / ʤ-k / i_#>-#>

-------------------

/trˈej/ - /trˈɔjs/
[1/1] <#_t-<#_t / r-r / ˈe-ˈɔ_j / j-∅ / #>-s_#>

-------------------

/tuʃˈiri/ - /tusˈir/
[1/1] <#_t-<#_t / u-u / ʃ-s / ˈi-ˈi / r_i_#>-r_#>

-------------------

/tˈatə/ - /pˈɛrə/
[1/1] <#-<#_p / t-∅ / ˈa-ˈɛ / t-r / ə_#>-ə_#>

-------------------

/tˈavru/ - /turˈɛl/
[1/1] <#_t-<#_t / ∅-u / ∅-r / ˈa-ˈɛ / v-∅ / r-l / u_#>-#>

-------------------

/tˈavru/ - /tˈɔr/
[1/1] <#_t-<#_t / ˈa-∅ / v-ˈɔ / r-r / u_#>-#>

-------------------

/tˈu/ - /tˈy/
[1/1] <#_t-<#_t / ˈu-ˈy

-------------------

/tˈut/ - /tˈut/
[1/1] <#_t-<#_t / ˈu-ˈu / t_#>-t_#>

-------------------

/ure̯ˈakʎi/ - /ɔrˈeʎə/
[1/1] <#_u-<#_ɔ / r-r / e̯ˈa-∅ / k-ˈe / ʎ_i_#>-ʎ_ə_#>

-------------------

/uʦˈidiri/ - /ɔʦˈirə/
[1/1] <#_u-<#_ɔ / ʦ-ʦ / ˈi-ˈi / d-r / i_r-ə / i_#>-#>

-------------------

/ve̯ˈardi/ - /vˈert/
[1/1] <#_v-<#_v / e̯ˈa-ˈe / r-r / d-t / i_#>-#>

-------------------

/vide̯ˈari/ - /vəˈɔjr/
[1/1] <#_v-<#_v / i_d_e̯ˈa-ə_ˈɔ / ∅-j / r_i_#>-r_#>

-------------------

/vˈakə/ - /vˈaʧə/
[1/1] <#_v-<#_v / ˈa-ˈa / k_ə-ʧ_ə

-------------------

/vˈekʎu/ - /vjˈɛʎ/
[1/1] <#_v-<#_v / ∅-j / ˈe_k-ˈɛ / ʎ_u_#>-ʎ_#>

-------------------

/vˈimtu/ - /vˈẽnt/
[1/1] <#_v-<#_v / ˈi-ˈẽ / m-n / t_u_#>-t_#>

-------------------

/vˈoj/ - /vˈus/
[1/1] <#_v-<#_v / ˈo_j_#>-ˈu_s_#>

-------------------

/çˈer/ - /fˈɛr/
[1/1] <#_ç-<#_f / ˈe_r-ˈɛ_r

-------------------

/çˈikat/ - /fˈɔjə/
[1/1] <#_ç-<#_f / ˈi-ˈɔ_j / k-∅ / a-∅ / t-∅ / #>-ə_#>

-------------------

/çˈir/ - /fˈil/
[1/1] <#_ç-<#_f / ˈi-ˈi / r_#>-l_#>

-------------------

/çˈiʎ/ - /fˈiʎ/
[1/1] <#_ç-<#_f / ˈi-ˈi / ʎ-ʎ

-------------------

/çˈiʎi/ - /fˈiʎə/
[1/1] <#_ç-<#_f / ˈi-ˈi / ʎ_i_#>-ʎ_ə_#>

-------------------

/ɡrəsˈimi/ - /ɡrˈɛsə/
[1/1] <#_ɡ-<#_ɡ / r-r / ə-ˈɛ / s-s / ˈi-∅ / m-ə / i_#>-#>

-------------------

/ɡrˈos/ - /ɡrˈɔs/
[1/1] <#_ɡ-<#_ɡ / r-r / ˈo_s_#>-ˈɔ_s_#>

-------------------

/ɡʎˈeʦ/ - /ɡlˈaʦə/
[1/1] <#_ɡ-<#_ɡ / ʎ-l / ˈe-ˈa / ʦ-ʦ / #>-ə_#>

-------------------

/ɡˈalbin/ - /ʤˈawnə/
[1/1] ɡ-ʤ / ˈa_l-ˈa_w / b-∅ / i-∅ / n-n / #>-ə_#>

-------------------

/ɡˈini/ - /bjˈẽn/
[1/1] <#-b_<# / ɡ-j / ˈi_n-ˈẽ_n / i_#>-#>

-------------------

/ɡˈurə/ - /ɡˈulə/
[1/1] <#_ɡ-<#_ɡ / ˈu-ˈu / r-l / ə_#>-ə_#>

-------------------

/ɲˈari/ - /mjˈɛl/
[1/1] <#_ɲ-<#_m / ∅-j / ˈa_r-ˈɛ_l / i_#>-#>

-------------------

/ɲˈel/ - /ãɲˈɛl/
[1/1] <#-ã_<# / ɲ-ɲ / ˈe-ˈɛ / l_#>-l_#>

-------------------

/ɲˈeʣu/ - /mˈi/
[1/1] <#_ɲ-<#_m / ˈe-∅ / ʣ-ˈi / u_#>-#>

-------------------

/ɲˈik/ - /pətˈit/
[1/1] <#-<#_p / ∅-ə / ɲ-t / ˈi-ˈi / ∅-t / k_#>-#>

-------------------

/ɲˈiʎe/ - /mˈil/
[1/1] <#_ɲ-<#_m / ˈi-ˈi / ʎ-∅ / e_#>-l_#>

-------------------

/ɲˈiʎe/ - /mˈilə/
[1/1] <#_ɲ-<#_m / ˈi-ˈi / ʎ-l / e-∅ / #>-ə_#>

-------------------

/ʃide̯ˈari/ - /asəˈɔjr/
[1/1] <#-a_<# / ʃ-s / i_d_e̯ˈa-ə_ˈɔ / ∅-j / r_i_#>-r_#>

-------------------

/ʃkˈurtu/ - /kˈyrt/
[1/1] ʃ_<#-<# / k-k / ˈu-ˈy / r-r / t_u_#>-t_#>

-------------------

/ʃtˈii/ - /sˈaj/
[1/1] <#_ʃ-<#_s / t_ˈi-ˈa / ∅-j / i_#>-#>

-------------------

/ʃtˈiri/ - /savˈɔjr/
[1/1] <#_ʃ-<#_s / ∅-a / t-v / ˈi-ˈɔ_j / r_i_#>-r_#>

-------------------

/ʃtˈiw/ - /sˈaʧə/
[1/1] <#_ʃ-<#_s / t_ˈi-ˈa / w-ʧ / #>-ə_#>

-------------------

/ʃˈapti/ - /sˈɛt/
[1/1] <#_ʃ-<#_s / ˈa-ˈɛ / p-∅ / t_i_#>-t_#>

-------------------

/ʃˈasi/ - /sˈis/
[1/1] <#_ʃ-<#_s / ˈa-ˈi / s-s / i_#>-#>

-------------------

/ʎˈepuri/ - /ljˈɛvrə/
[1/1] ʎ_ˈe-l / p-j / u-ˈɛ / r-v_r / ∅-ə / i_#>-#>

-------------------

/ʣe̯aʣˈit/ - /dˈɔjt/
[1/1] <#_ʣ-<#_d / e̯a-∅ / ʣ-∅ / ˈi-ˈɔ_j / t_#>-t_#>

-------------------

/ʣinˈukʎu/ - /ʤənˈuʎ/
[1/1] <#_ʣ-<#_ʤ / i-ə / n-n / ˈu-ˈu / k-∅ / ʎ_u_#>-ʎ_#>

-------------------

/ʣˈaʦi/ - /dˈis/
[1/1] <#_ʣ-<#_d / ˈa-ˈi / ʦ-s / i_#>-#>

-------------------

/ʣˈiniri/ - /ʤˈẽndrə/
[1/1] <#_ʣ-<#_ʤ / ˈi_n-ˈẽ_n / i_r-d_r / ∅-ə / i_#>-#>

-------------------

/ʣˈuə/ - /dˈi/
[1/1] <#_ʣ-<#_d / ˈu-ˈi / ə_#>-#>

-------------------

/ʣˈuə/ - /ʤˈur/
[1/1] <#_ʣ-<#_ʤ / ˈu-ˈu / ∅-r / ə_#>-#>

-------------------

/ʣˈə/ - /dˈɛw/
[1/1] <#_ʣ-<#_d / ∅-ˈɛ / ˈə-w

-------------------

/ʣˈək/ - /dˈi/
[1/1] <#_ʣ-<#_d / ˈə-∅ / k_#>-ˈi_#>

-------------------

/ʣˈəʦiri/ - /dˈirə/
[1/1] <#_ʣ-<#_d / ˈə-ˈi / ʦ-r / i_r-ə / i_#>-#>

-------------------

/ʤˈintə/ - /ʤˈẽnt/
[1/1] <#_ʤ-<#_ʤ / ˈi-ˈẽ / n_t-n_t / ə_#>-#>

-------------------

/ʤˈok/ - /ʤˈɛw/
[1/1] <#_ʤ-<#_ʤ / ˈo-ˈɛ_w / k_#>-#>

-------------------

/ʤˈoni/ - /ʤwˈẽnə/
[1/1] <#_ʤ-<#_ʤ / ˈo-w / ∅-ˈẽ / n-n / ∅-ə / i_#>-#>

-------------------

/ʦe̯ˈarə/ - /ʦˈirə/
[1/1] <#_ʦ-<#_ʦ / e̯ˈa-ˈi / r-r / ə_#>-ə_#>

-------------------

/ʦire̯ˈaʃə/ - /ʦərˈizə/
[1/1] <#_ʦ-<#_ʦ / i_r-ə_r / e̯ˈa-ˈi / ʃ-z / ə_#>-ə_#>

-------------------

/ʦitˈati/ - /ʦitˈeθ/
[1/1] <#_ʦ-<#_ʦ / i-i / t-t / ˈa_t-ˈe / ∅-θ / i_#>-#>

-------------------

/ʦˈarə/ - /tˈɛrə/
[1/1] ʦ-t / ˈa-ˈɛ / r-r / ə_#>-ə_#>

-------------------

/ʦˈer/ - /ʦjˈɛl/
[1/1] <#_ʦ-<#_ʦ / ∅-j / ˈe-ˈɛ / r_#>-l_#>

-------------------

/ʦˈinʦi/ - /ʦˈĩŋk/
[1/1] <#_ʦ-<#_ʦ / ˈi-ˈĩ / n-ŋ / ʦ-k / i_#>-#>

-------------------

/ʧinˈuʃi/ - /ʦˈẽndrə/
[1/1] <#_ʧ-<#_ʦ / i-ˈẽ / n-n / ∅-d / ˈu-r / ʃ-ə / i_#>-#>

-------------------

/ʧˈumə/ - /ʦˈimə/
[1/1] <#_ʧ-<#_ʦ / ˈu-ˈi / m-m / ə_#>-ə_#>

-------------------

/ˈaltu/ - /ˈawtrə/
[1/1] <#_ˈa-<#_ˈa / l-w / t-t_r / u-∅ / #>-ə_#>

-------------------

/ˈan/ - /ˈãn/
[1/1] <#_ˈa-<# / ∅-ˈã / n_#>-n_#>

-------------------

/ˈapə/ - /ˈɛwə/
[1/1] <#_ˈa-<# / p-ˈɛ_w / ə_#>-ə_#>

-------------------

/ˈarburi/ - /ˈarbrə/
[1/1] <#_ˈa-<#_ˈa / r_b-r_b / u-∅ / r_i_#>-r_ə_#>

-------------------

/ˈavru/ - /ˈɔr/
[1/1] <#_ˈa-<# / v-ˈɔ / r-r / u_#>-#>

-------------------

/ˈel/ - /ˈil/
[1/1] ˈe-ˈi / l_#>-l_#>

-------------------

/ˈinimə/ - /ˈãmə/
[1/1] ˈi-∅ / n-<# / i-ˈã / m-m / ə_#>-ə_#>

-------------------

/ˈokʎu/ - /wˈɛʎ/
[1/1] <#_ˈo-<#_w / k-ˈɛ / ʎ_u_#>-ʎ_#>

-------------------

/ˈom/ - /ˈũmə/
[1/1] <#-<#_ˈũ / ˈo-∅ / m-m / #>-ə_#>

-------------------

/ˈoptu/ - /ˈyjt/
[1/1] ˈo-ˈy / p_t-j / u_#>-t_#>

-------------------

/ˈos/ - /ˈ ɔs/
[1/1] ˈo_s_#>-ˈɔ_s_#>

-------------------

/ˈow/ - /wˈɛf/
[1/1] <#_ˈo-<#_w / w_#>-ˈɛ_f_#>

-------------------

/ˈun/ - /ˈỹn/
[1/1] ˈu-ˈỹ / n_#>-n_#>

-------------------

/ˈursu/ - /ˈurs/
[1/1] ˈu-ˈu / r-r / s-s / u_#>-#>

-------------------

/ˈuŋɡʎi/ - /ˈũŋɡlə/
[1/1] ˈu-ˈũ / ŋ-ŋ / ɡ-ɡ / ʎ-l / ∅-ə / i_#>-#>

-------------------

