/bɪ̯ˈɛli/ - /bʲˈewɪ/
[1/1] b-bʲ / ɪ̯ˈɛ-ˈe / l-w / i_#>-ɪ_#>

-------------------

/bˈɔx/ - /bˈox/
[1/1] b-b / ˈɔ-ˈo / x_#>-x_#>

-------------------

/cˈaʃkiː/ - /ʧˈɛʃkʲi/
[1/1] <#_c-<#_ʧ / ˈa-ˈɛ / ʃ-ʃ / k_iː-kʲ_i

-------------------

/cˈixiː/ - /ʧˈixʲi/
[1/1] <#_c-<#_ʧ / ˈi-ˈi / x_iː-xʲ_i

-------------------

/cˈɛpliː/ - /ʧˈɔpwɪ/
[1/1] <#_c-<#_ʧ / ˈɛ-ˈɔ / p-p / l-w / iː_#>-ɪ_#>

-------------------

/cˈɛɫɔ/ - /ʧˈelɔ/
[1/1] <#_c-<#_ʧ / ˈɛ-ˈe / ɫ-l / ɔ_#>-ɔ_#>

-------------------

/cˈɛʎa/ - /ʧˈɛlɔ/
[1/1] <#_c-<#_ʧ / ˈɛ-ˈɛ / ʎ-l / a-∅ / #>-ɔ_#>

-------------------

/drˈɛʋɔ/ - /dʀʲˈɛβɔ/
[1/1] <#_d-<#_d / r-ʀʲ / ˈɛ-ˈɛ / ʋ-β / ɔ_#>-ɔ_#>

-------------------

/dʋˈa/ - /dβˈaj/
[1/1] <#_d-<#_d / ʋ-β / ˈa-ˈa / #>-j_#>

-------------------

/dˈaːʃc/ - /dˈɛʃʧ/
[1/1] <#_d-<#_d / ˈaː-ˈɛ / ʃ-ʃ / c_#>-ʧ_#>

-------------------

/dˈim/ - /dˈɪm/
[1/1] <#_d-<#_d / ˈi-ˈɪ / m_#>-m_#>

-------------------

/dˈɔbriː/ - /dˈɔbʀɪ/
[1/1] <#_d-<#_d / ˈɔ-ˈɔ / b-b / r-ʀ / iː_#>-ɪ_#>

-------------------

/dˈɫ̩ɦiː/ - /dˈɔwɦɪ/
[1/1] <#_d-<#_d / ˈɫ̩-ˈɔ_w / ɦ-ɦ / iː_#>-ɪ_#>

-------------------

/ftˈaːk/ - /ptˈaʃk/
[1/1] f-p / t-t / ∅-ˈa / ˈaː-ʃ / k_#>-k_#>

-------------------

/fʧˈɛɫa/ - /pʧˈɔwa/
[1/1] f-p / ʧ-ʧ / ˈɛ-ˈɔ / ɫ-w / a_#>-a_#>

-------------------

/jˈazik/ - /jˈazɪk/
[1/1] <#_j-<#_j / ˈa-ˈa / z-z / i-ɪ / k_#>-k_#>

-------------------

/jˈazɛrɔ/ - /jˈezɔʀ/
[1/1] <#_j-<#_j / ˈa-ˈe / z-z / ɛ-ɔ / r-ʀ / ɔ-∅

-------------------

/jˈaɦɔda/ - /jˈaɦɔda/
[1/1] <#_j-<#_j / ˈa-ˈa / ɦ-ɦ / ɔ-ɔ / d-d / a_#>-a_#>

-------------------

/jˈɛdɛn/ - /jɛdˈɪn/
[1/1] <#_j-<#_j / ˈɛ-ɛ / d-d / ɛ-ˈɪ / n-n

-------------------

/krˈaʋa/ - /kʀˈuβa/
[1/1] <#_k-<#_k / r-ʀ / ˈa-ˈu / ʋ-β / a_#>-a_#>

-------------------

/krˈaːʎ/ - /kʀˈal/
[1/1] <#_k-<#_k / r_ˈaː-ʀ_ˈa / ʎ_#>-l_#>

-------------------

/krˈiːdɫɔ/ - /kʃˈidwɔ/
[1/1] <#_k-<#_k / r-ʃ / ˈiː-ˈi / d-d / ɫ-w / ɔ_#>-ɔ_#>

-------------------

/kʊ̯ˈɔɲ/ - /kˈoɲ/
[1/1] <#_k-<#_k / ʊ̯ˈɔ-ˈo / ɲ_#>-ɲ_#>

-------------------

/kʋˈɛt/ - /kɥˈet/
[1/1] <#_k-<#_k / ʋ-ɥ / ˈɛ-ˈe / t_#>-t_#>

-------------------

/kˈr̩ʋ/ - /kʀˈej/
[1/1] <#_k-<#_k / ˈr̩-ʀ / ʋ-ˈe / #>-j_#>

-------------------

/kˈɔlɛnɔ/ - /kɔlˈɛnɔ/
[1/1] <#_k-<#_k / ˈɔ-ɔ / l-l / ɛ-ˈɛ / n-n / ɔ_#>-ɔ_#>

-------------------

/kˈɔrɛɲ/ - /kˈɔʀʲɛɲ/
[1/1] <#_k-<#_k / ˈɔ-ˈɔ / r-ʀʲ / ɛ-ɛ / ɲ_#>-ɲ_#>

-------------------

/kˈɔsc/ - /kˈosʧ/
[1/1] <#_k-<#_k / ˈɔ-ˈo / s-s / c_#>-ʧ_#>

-------------------

/kˈɔʒa/ - /kˈɔʒa/
[1/1] <#_k-<#_k / ˈɔ-ˈɔ / ʒ-ʒ / a_#>-a_#>

-------------------

/lˈist/ - /lˈist/
[1/1] <#_l-<#_l / ˈi-ˈi / s-s / t_#>-t_#>

-------------------

/lˈɛtɔ/ - /lˈetɔ/
[1/1] <#_l-<#_l / ˈɛ-ˈe / t-t / ɔ_#>-ɔ_#>

-------------------

/lˈɛʋ/ - /lˈaf/
[1/1] <#_l-<#_l / ˈɛ-ˈa / ʋ-f

-------------------

/mlɪ̯ˈɛkɔ/ - /mlˈɔkɔ/
[1/1] <#_m-<#_m / l-l / ɪ̯ˈɛ-ˈɔ / k-k / ɔ_#>-ɔ_#>

-------------------

/mɪ̯ˈɛstɔ/ - /mʲˈestɔ/
[1/1] <#_m-<#_mʲ / ɪ̯ˈɛ-ˈe / s-s / t-t / ɔ_#>-ɔ_#>

-------------------

/mˈiseʎ/ - /mˈɪsl/
[1/1] <#_m-<#_m / ˈi-ˈɪ / s-s / e-∅ / ʎ_#>-l_#>

-------------------

/mˈr̩ːtvi/ - /mˈɔʀtβɪ/
[1/1] <#_m-<#_m / ∅-ˈɔ / ˈr̩ː-ʀ / t-t / v-β / i_#>-ɪ_#>

-------------------

/mˈuʃ/ - /mˈuʃ/
[1/1] <#_m-<#_m / ˈu-ˈu / ʃ-ʃ

-------------------

/mˈæsɔ/ - /mʲˈasɔ/
[1/1] <#_m-<#_mʲ / ˈæ-ˈa / s-s / ɔ_#>-ɔ_#>

-------------------

/mˈɔrɛ/ - /mˈɔʀʲɔ/
[1/1] <#_m-<#_m / ˈɔ-ˈɔ / r-ʀʲ / ɛ_#>-ɔ_#>

-------------------

/mˈɛnɔ/ - /mʲˈɛ/
[1/1] <#_m-<#_mʲ / ˈɛ-ˈɛ / n-∅ / ɔ-∅

-------------------

/mˈɛnɔ/ - /mʲˈɛnɔ/
[1/1] <#_m-<#_mʲ / ˈɛ-ˈɛ / n-n / ɔ_#>-ɔ_#>

-------------------

/mˈɛsɪ̯aʦ/ - /mʲˈesaʦ/
[1/1] <#_m-<#_mʲ / ˈɛ-ˈe / s-s / ɪ̯a-a / ʦ_#>-ʦ_#>

-------------------

/nˈɔs/ - /nˈos/
[1/1] <#_n-<#_n / ˈɔ-ˈo / s_#>-s_#>

-------------------

/nˈɔɦa/ - /nˈɔɦa/
[1/1] <#_n-<#_n / ˈɔ-ˈɔ / ɦ-ɦ / a_#>-a_#>

-------------------

/nˈɔʦ/ - /nˈoʦ/
[1/1] <#_n-<#_n / ˈɔ-ˈo / ʦ_#>-ʦ_#>

-------------------

/pɪ̯ˈɛsɔk/ - /pʲˈesk/
[1/1] <#_p-<#_pʲ / ɪ̯ˈɛ-ˈe / s-s / ɔ-∅ / k_#>-k_#>

-------------------

/pˈic/ - /pʲˈiʧ/
[1/1] <#_p-<#_pʲ / ˈi-ˈi / c_#>-ʧ_#>

-------------------

/pˈr̩st/ - /pˈɔʀst/
[1/1] <#_p-<#_p / ∅-ˈɔ / ˈr̩-ʀ / s-s / t_#>-t_#>

-------------------

/pˈuːc/ - /pˈuʧ/
[1/1] <#_p-<#_p / ˈuː-ˈu / c_#>-ʧ_#>

-------------------

/pˈæc/ - /pʲˈeʧ/
[1/1] <#_p-<#_pʲ / ˈæ-ˈe / c_#>-ʧ_#>

-------------------

/pˈɔpɔɫ/ - /pˈɔpʲɛw/
[1/1] <#_p-<#_p / ˈɔ-ˈɔ / p-pʲ / ɔ-ɛ / ɫ_#>-w_#>

-------------------

/pˈɛs/ - /pˈɔs/
[1/1] <#_p-<#_p / ˈɛ-ˈɔ / s_#>-s_#>

-------------------

/pˈɫ̩niː/ - /pˈɔwnɪ/
[1/1] <#_p-<#_p / ˈɫ̩-ˈɔ_w / n-n / iː_#>-ɪ_#>

-------------------

/rɪ̯ˈɛka/ - /ʀʲˈeka/
[1/1] r-ʀʲ / ɪ̯ˈɛ-ˈe / k-k / a_#>-a_#>

-------------------

/rˈadɫɔ/ - /ʀˈadwɔ/
[1/1] <#_r-<#_ʀ / ˈa-ˈa / d-d / ɫ-w / ɔ_#>-ɔ_#>

-------------------

/rˈast/ - /ʀˈɔsʧ/
[1/1] <#_r-<#_ʀ / ˈa-ˈɔ / s-s / t-∅ / #>-ʧ_#>

-------------------

/rˈiba/ - /ʀˈɪba/
[1/1] <#_r-<#_ʀ / ˈi-ˈɪ / b-b / a_#>-a_#>

-------------------

/rˈuka/ - /ʀˈuka/
[1/1] <#_r-<#_ʀ / ˈu-ˈu / k-k / a_#>-a_#>

-------------------

/rˈɔx/ - /ʀˈox/
[1/1] <#_r-<#_ʀ / ˈɔ-ˈo / x_#>-x_#>

-------------------

/smˈr̩c/ - /smʲˈeʀʧ/
[1/1] <#_s-<#_s / m-mʲ / ˈr̩-ˈe_ʀ / c_#>-ʧ_#>

-------------------

/stˈariː/ - /stˈaʀɪ/
[1/1] <#_s-<#_s / t-t / ˈa-ˈa / r-ʀ / iː_#>-ɪ_#>

-------------------

/sɲˈɛx/ - /sɲˈex/
[1/1] <#_s-<#_s / ɲ-ɲ / ˈɛ-ˈe / x_#>-x_#>

-------------------

/sˈuxiː/ - /sˈuxʲi/
[1/1] <#_s-<#_s / ˈu-ˈu / x_iː-xʲ_i

-------------------

/sˈɔʎ/ - /sˈol/
[1/1] <#_s-<#_s / ˈɔ-ˈo / ʎ_#>-l_#>

-------------------

/sˈɛɟɛm/ - /sɪdˈɔm/
[1/1] <#_s-<#_s / ˈɛ-ɪ / ɟ-d / ɛ-ˈɔ / m_#>-m_#>

-------------------

/sˈɫ̩nʦɛ/ - /swˈonʦɔ/
[1/1] <#_s-<#_s / ˈɫ̩-w / ∅-ˈo / n-n / ʦ-ʦ / ɛ_#>-ɔ_#>

-------------------

/trˈaːʋa/ - /tʀˈaβa/
[1/1] <#_t-<#_t / r_ˈaː-ʀ_ˈa / ʋ-β / a_#>-a_#>

-------------------

/trˈi/ - /tʃˈi/
[1/1] <#_t-<#_t / r-ʃ / ˈi-ˈi

-------------------

/tʋˈr̩diː/ - /tɥˈeʀdɪ/
[1/1] <#_t-<#_t / ʋ-ɥ / ˈr̩-ˈe_ʀ / d-d / iː_#>-ɪ_#>

-------------------

/vʊ̯ˈɔɫ/ - /βˈɔw/
[1/1] <#_v-<#_β / ʊ̯ˈɔ-ˈɔ / ɫ_#>-w_#>

-------------------

/vˈeʎkiː/ - /βˈulkʲi/
[1/1] <#_v-<#_β / ˈe-ˈu / ʎ-l / k_iː-kʲ_i

-------------------

/vˈɫ̩k/ - /ɥˈelk/
[1/1] <#-ɥ_<# / v-ˈe / ˈɫ̩-l / k_#>-k_#>

-------------------

/xlɪ̯ˈɛp/ - /xlˈep/
[1/1] <#_x-<#_x / l-l / ɪ̯ˈɛ-ˈe / p_#>-p_#>

-------------------

/xɫˈadniː/ - /xwˈodnɪ/
[1/1] <#_x-<#_x / ɫ_ˈa-w_ˈo / d-d / n-n / iː_#>-ɪ_#>

-------------------

/xˈr̩baːt/ - /xʀʲˈibʲet/
[1/1] <#_x-<#_x / ∅-ʀʲ / ˈr̩-ˈi / b-bʲ / aː-e / t_#>-t_#>

-------------------

/zdrˈaviː/ - /strˈɔβɪ/
[1/1] z-s / d-t / r-r / ˈa-ˈɔ / v-β / iː_#>-ɪ_#>

-------------------

/zʋˈɛr/ - /zɥˈeʀʲɔ/
[1/1] <#_z-<#_z / ʋ-ɥ / ˈɛ-ˈe / r-ʀʲ / #>-ɔ_#>

-------------------

/zˈup/ - /zˈup/
[1/1] <#_z-<#_z / ˈu-ˈu / p_#>-p_#>

-------------------

/zˈɛlɛniː/ - /zˈɛlɛnɪ/
[1/1] <#_z-<#_z / ˈɛ-ˈɛ / l-l / ɛ-ɛ / n-n / iː_#>-ɪ_#>

-------------------

/zˈɛm/ - /zˈɛmʲa/
[1/1] <#_z-<#_z / ˈɛ-ˈɛ / m-mʲ / ∅-a

-------------------

/ɟˈɛsac/ - /ʤesˈaʧ/
[1/1] <#_ɟ-<#_ʤ / ˈɛ-e / s-s / a-ˈa / c_#>-ʧ_#>

-------------------

/ɟˈɛɲ/ - /ʤˈɛɲ/
[1/1] <#_ɟ-<#_ʤ / ˈɛ-ˈɛ / ɲ_#>-ɲ_#>

-------------------

/ɟˈɛʋæc/ - /ʤeɥˈɛʧ/
[1/1] <#_ɟ-<#_ʤ / ˈɛ-e / ʋ-ɥ / æ-ˈɛ / c_#>-ʧ_#>

-------------------

/ɦmlˈa/ - /mɦwˈa/
[1/1] <#-m_<# / ɦ-ɦ / m-∅ / l-w / ˈa-ˈa

-------------------

/ɦrˈat/ - /ɦʀˈot/
[1/1] <#_ɦ-<#_ɦ / r-ʀ / ˈa-ˈo / t_#>-t_#>

-------------------

/ɦɫˈas/ - /ɦwˈos/
[1/1] <#_ɦ-<#_ɦ / ɫ_ˈa-w_ˈo / s_#>-s_#>

-------------------

/ɦɫˈatkiː/ - /ɦwˈatkʲi/
[1/1] <#_ɦ-<#_ɦ / ɫ-w / ˈa-ˈa / t-t / k_iː-kʲ_i

-------------------

/ɦɫˈaʋa/ - /ɦwˈɔβa/
[1/1] <#_ɦ-<#_ɦ / ɫ-w / ˈa-ˈɔ / ʋ-β / a_#>-a_#>

-------------------

/ɦɫˈuːpi/ - /ɦwˈupɪ/
[1/1] <#_ɦ-<#_ɦ / ɫ-w / ˈuː-ˈu / p-p / i_#>-ɪ_#>

-------------------

/ɦʋɪ̯ˈɛzda/ - /ɦɥˈezda/
[1/1] <#_ɦ-<#_ɦ / ʋ-ɥ / ɪ̯ˈɛ-ˈe / z-z / d-d / a_#>-a_#>

-------------------

/ɦˈɔra/ - /ɦˈɔʀa/
[1/1] <#_ɦ-<#_ɦ / ˈɔ-ˈɔ / r-ʀ / a_#>-a_#>

-------------------

/ɦˈɔɟina/ - /ɦˈɔʤina/
[1/1] <#_ɦ-<#_ɦ / ˈɔ-ˈɔ / ɟ-ʤ / i-i / n-n / a_#>-a_#>

-------------------

/ɦˈɔɫup/ - /ɦˈɔwp/
[1/1] <#_ɦ-<#_ɦ / ˈɔ-ˈɔ / ɫ-w / u-∅ / p_#>-p_#>

-------------------

/ɫˈakɛc/ - /wˈɔxʧ/
[1/1] ɫ-w / ˈa-ˈɔ / k-∅ / ɛ-x / c_#>-ʧ_#>

-------------------

/ɫˈɛs/ - /lˈes/
[1/1] ɫ-l / ˈɛ-ˈe / s_#>-s_#>

-------------------

/ɲˈɛʋɛsta/ - /ɲɛɥˈɛsta/
[1/1] ɲ-ɲ / ˈɛ-ɛ / ʋ-ɥ / ɛ-ˈɛ / s-s / t-t / a_#>-a_#>

-------------------

/ʃtˈiri/ - /ʃtˈɪʀʲi/
[1/1] <#_ʃ-<#_ʃ / t-t / ˈi-ˈɪ / r-ʀʲ / i-i

-------------------

/ʃˈɛsc/ - /ʃˈesʧ/
[1/1] <#_ʃ-<#_ʃ / ˈɛ-ˈe / s-s / c_#>-ʧ_#>

-------------------

/ʋɪ̯ˈazac/ - /ɥˈazaʧ/
[1/1] <#_ʋ-<#_ɥ / ɪ̯ˈa-ˈa / z-z / a-a / c_#>-ʧ_#>

-------------------

/ʋɪ̯ˈɛtɔr/ - /ɥˈetʀ/
[1/1] <#_ʋ-<#_ɥ / ɪ̯ˈɛ-ˈe / t-t / ɔ-∅ / r-ʀ

-------------------

/ʋɫɪ̯ˈɛʦc/ - /βlˈɛʦ/
[1/1] <#_ʋ-<#_β / ɫ-l / ɪ̯ˈɛ-ˈɛ / ʦ-ʦ / c-∅

-------------------

/ʋˈiɟɪ̯ɛc/ - /ɥˈiʤɛʧ/
[1/1] <#_ʋ-<#_ɥ / ˈi-ˈi / ɟ-ʤ / ɪ̯ɛ-ɛ / c_#>-ʧ_#>

-------------------

/ʋˈɔda/ - /βˈɔda/
[1/1] <#_ʋ-<#_β / ˈɔ-ˈɔ / d-d / a_#>-a_#>

-------------------

/ʎˈat/ - /lˈot/
[1/1] ʎ-l / ˈa-ˈo / t_#>-t_#>

-------------------

/ʒˈic/ - /ʒˈiʧ/
[1/1] <#_ʒ-<#_ʒ / ˈi-ˈi / c_#>-ʧ_#>

-------------------

/ʒˈɛna/ - /ʒˈɔna/
[1/1] <#_ʒ-<#_ʒ / ˈɛ-ˈɔ / n-n / a_#>-a_#>

-------------------

/ʒˈɫ̩tiː/ - /ʒˈɔwtɪ/
[1/1] <#_ʒ-<#_ʒ / ˈɫ̩-ˈɔ_w / t-t / iː_#>-ɪ_#>

-------------------

/ʦˈɛɫiː/ - /ʦˈɪwɪ/
[1/1] ʦ-ʦ / ˈɛ-ˈɪ / ɫ-w / iː_#>-ɪ_#>

-------------------

/ʧɪ̯ˈɛrni/ - /ʧˈɔʀnɪ/
[1/1] <#_ʧ-<#_ʧ / ɪ̯ˈɛ-ˈɔ / r-ʀ / n-n / i_#>-ɪ_#>

-------------------

/ʧɫˈɔʋɛk/ - /ʧwˈɔɥɛk/
[1/1] <#_ʧ-<#_ʧ / ɫ-w / ˈɔ-ˈɔ / ʋ-ɥ / ɛ-ɛ / k_#>-k_#>

-------------------

/ˈuxɔ/ - /βˈuxɔ/
[1/1] <#-<#_β / ˈu-ˈu / x-x / ɔ_#>-ɔ_#>

-------------------

/ˈɔkɔ/ - /βˈɔkɔ/
[1/1] <#-<#_β / ˈɔ-ˈɔ / k-k / ɔ_#>-ɔ_#>

-------------------

/ˈɔrɛx/ - /βˈɔrʲɛx/
[1/1] <#-<#_β / ˈɔ-ˈɔ / r-rʲ / ɛ-ɛ / x_#>-x_#>

-------------------

/ˈɔsɛm/ - /βosˈɔm/
[1/1] <#-<#_β / ˈɔ-o / s-s / ɛ-ˈɔ / m_#>-m_#>

-------------------

/ˈɔɦɛɲ/ - /βɔɦˈɛɲ/
[1/1] <#-<#_β / ˈɔ-ɔ / ɦ-ɦ / ɛ-ˈɛ / ɲ_#>-ɲ_#>

-------------------

