/b̥jˈœtn̥/ - /bˈɪə̯r/
b̥-b / j-ˈɪə̯ / ˈœ-∅ / t-∅ / n̥-r

-------------------

/b̥jˈɔːu̯wa/ - /bˈiə̯də/
b̥-b / j-∅ / ˈɔːu̯-ˈiə̯ / w-∅ / a-d_ə
b̥-b / j-∅ / ˈɔːu̯-ˈiə̯ / w-∅ / ∅-d / a-ə

-------------------

/b̥lˈɔːu̯ma/ - /blˈoːm/
b̥-b / l-l / ˈɔːu̯-ˈoː / m-m / a-∅

-------------------

/b̥lˈɔːu̯w/ - /blˈuə̯t/
b̥-b / l-l / ˈɔːu̯-ˈuə̯ / w-t

-------------------

/b̥lˈɛːa̯/ - /blˈɛːt/
b̥-b / l-l / ˈɛːa̯-ˈɛː / ∅-t

-------------------

/b̥ɹˈœst/ - /bˈoə̯st/
b̥-b / ɹ-∅ / ˈœ-ˈoə̯ / s-s / t-t

-------------------

/b̥ɹˈɔːu̯wɪɹ/ - /brˈuə̯r/
b̥-b / ɹ-r / ˈɔːu̯-ˈuə̯ / w-∅ / ɪ-∅ / ɹ-r
b̥-b / ɹ-r / ˈɔːu̯-ˈuə̯ / w-∅ / ɪ_ɹ-r

-------------------

/b̥ɹˈɛːi̯/ - /brˈɪə̯/
b̥-b / ɹ-r / ˈɛːi̯-ˈɪə̯

-------------------

/b̥ɹˈɪʤ̊ʤ̊a/ - /brˈɛːɣə/
b̥-b / ɹ-r / ˈɪ-ˈɛː / ʤ̊-ɣ / ʤ̊-∅ / a-ə

-------------------

/b̥ˈai̯n/ - /bˈiə̯n/
b̥-b / ˈai̯-ˈiə̯ / n-n

-------------------

/b̥ˈatn̥/ - /bˈɛːn/
b̥-b / ˈa-ˈɛː / t-∅ / n̥-n

-------------------

/b̥ˈeə̯ʰtɹə/ - /bˈɛtər/
b̥-b / ˈeə̯-ˈɛ / ʰt-t / ɹ-∅ / ə-ə / ∅-r

-------------------

/b̥ˈiːja/ - /bˈɪdə/
b̥-b / ˈiː-ˈɪ / j-∅ / ∅-d / a-ə

-------------------

/b̥ˈɔːu̯k/ - /bˈuə̯k/
b̥-b / ˈɔːu̯-ˈuə̯ / k-k

-------------------

/b̥ˈɔ̯aːʰtʊɹ/ - /bˈoə̯t/
b̥-b / ˈɔ̯aː-ˈoə̯ / ʰt-t / ʊ-∅ / ɹ-∅

-------------------

/b̥ˈɛːa̯/ - /bˈat/
b̥-b / ˈɛːa̯-ˈa / ∅-t

-------------------

/b̥ˈʊ̯iː/ - /bˈɛj/
b̥-b / ∅-ˈɛ / ˈʊ̯iː-j

-------------------

/b̥ˈʊ̯iːta/ - /bˈiːtə/
b̥-b / ˈʊ̯iː-ˈiː / t-t / a-ə

-------------------

/d̥vˈœɹɡ̊ʊɹ/ - /dvˈɛrχ/
d̥-d / v-v / ˈœ-ˈɛ / ɹ-r / ɡ̊-χ / ʊ-∅ / ɹ-∅
d̥-d / v-v / ˈœ-ˈɛ / ɹ-r / ɡ̊_ʊ-χ / ɹ-∅

-------------------

/d̥ɹˈɛʰkːa/ - /drˈɪŋkə/
d̥-d / ɹ-r / ˈɛ-ˈɪ / ∅-ŋ / ʰkː-k / a-ə

-------------------

/d̥ɹˈɛːi̯mʊɹ/ - /drˈɪə̯m/
d̥-d / ɹ-r / ˈɛːi̯-ˈɪə̯ / m_ʊ-m / ɹ-∅

-------------------

/d̥ɹˈʊ̯iːva/ - /drjˈuːvə/
d̥-d / ɹ-r / ˈʊ̯iː-j / ∅-ˈuː / v-v / a-ə

-------------------

/d̥ˈœʰtːɪɹ/ - /dˈɔχtər/
d̥-d / ˈœ-ˈɔ / ʰtː-χ / ∅-t / ɪ-ə / ɹ-r

-------------------

/d̥ˈɛːa̯wʊɹ/ - /dˈɛi̯/
d̥-d / ˈɛːa̯-∅ / w-ˈɛi̯ / ʊ-∅ / ɹ-∅

-------------------

/d̥ˈɛːi̯jʊɹ/ - /dˈɪə̯/
d̥-d / ˈɛːi̯-ˈɪə̯ / j-∅ / ʊ-∅ / ɹ-∅
d̥-d / ˈɛːi̯-∅ / j-ˈɪə̯ / ʊ-∅ / ɹ-∅

-------------------

/d̥ˈʊ̯iːɹ/ - /dˈiə̯r/
d̥-d / ˈʊ̯iː-ˈiə̯ / ɹ-r

-------------------

/d̥ˈʊ̯iːɹʊɹ/ - /djˈuə̯r/
d̥-d / ˈʊ̯iː-j / ɹ-ˈuə̯ / ʊ-∅ / ɹ-r
d̥-d / ˈʊ̯iː-j / ɹ-∅ / ʊ-ˈuə̯ / ɹ-r
d̥-d / ˈʊ̯iː-j / ɹ_ʊ-ˈuə̯ / ɹ-r

-------------------

/fjˈøːwʊɹ/ - /fˈɪə̯r/
f-f / j-ˈɪə̯ / ˈøː-∅ / w-∅ / ʊ-∅ / ɹ-r

-------------------

/flˈʏɡ̊va/ - /flˈɪə̯nə/
f-f / l-l / ˈʏ-ˈɪə̯ / ɡ̊-∅ / v-∅ / ∅-n / a-ə

-------------------

/frˈand̥ɪ/ - /frˈøə̯n/
f-f / ∅-r / r-ˈøə̯ / ˈa-∅ / n-n / d̥-∅ / ɪ-∅

-------------------

/fˈøːtʊɹ/ - /fˈɵtən/
f-f / ˈøː-ˈɵ / t-t / ʊ-ə / ɹ-∅ / ∅-n

-------------------

/fˈœl̥k/ - /fˈɔlk/
f-f / ˈœ-ˈɔ / l̥-l / k-k

-------------------

/fˈɔːu̯tʊɹ/ - /fˈuə̯t/
f-f / ˈɔːu̯-ˈuə̯ / t-t / ʊ-∅ / ɹ-∅

-------------------

/fˈɛskʊɹ/ - /fˈask/
f-f / ˈɛ-ˈa / s-s / k-k / ʊ-∅ / ɹ-∅

-------------------

/fˈɛːa̯jɪɹ/ - /fˈaːdər/
f-f / ˈɛːa̯-ˈaː / j-∅ / ∅-d / ɪ-ə / ɹ-r

-------------------

/fˈɪm/ - /fˈiːf/
f-f / ˈɪ-ˈiː / m-∅ / ∅-f

-------------------

/fˈɪskʊɹ/ - /fˈɪsk/
f-f / ˈɪ-ˈɪ / s-s / k-k / ʊ-∅ / ɹ-∅

-------------------

/fˈɪŋɡ̊ʊɹ/ - /fˈɪŋər/
f-f / ˈɪ-ˈɪ / ŋ-ŋ / ɡ̊-∅ / ʊ-ə / ɹ-r
f-f / ˈɪ-ˈɪ / ŋ-ŋ / ɡ̊_ʊ-ə / ɹ-r

-------------------

/fˈɪʎʤ̊a/ - /fˈɔlɣjə/
f-f / ˈɪ-ˈɔ / ∅-l / ʎ-ɣ / ʤ̊-j / a-ə

-------------------

/fˈʊtl̥ʊɹ/ - /fˈɔl/
f-f / ˈʊ-ˈɔ / t-∅ / l̥_ʊ-l / ɹ-∅

-------------------

/fˈʊɡ̊lʊɹ/ - /fˈuɣəl/
f-f / ˈʊ-ˈu / ɡ̊-ɣ / l-ə_l / ʊ-∅ / ɹ-∅
f-f / ˈʊ-ˈu / ɡ̊-ɣ / ∅-ə / l-l / ʊ-∅ / ɹ-∅

-------------------

/fˈʊ̯iːɹa/ - /fjˈɔu̯ər/
f-f / ˈʊ̯iː-j / ɹ-ˈɔu̯ / a-ə / ∅-r

-------------------

/fˈʊ̯iːɹʊɹ/ - /fjˈuə̯r/
f-f / ˈʊ̯iː-j / ɹ-ˈuə̯ / ʊ-∅ / ɹ-r
f-f / ˈʊ̯iː-j / ɹ_ʊ-ˈuə̯ / ɹ-r

-------------------

/hˈai̯lavʊɹ/ - /hˈɪləχ/
h-h / ˈai̯-ˈɪ / l-l / a-ə / v-χ / ʊ-∅ / ɹ-∅
h-h / ˈai̯-ˈɪ / l-l / a-ə / v_ʊ-χ / ɹ-∅

-------------------

/hˈaːi̯mʊɹ/ - /hˈiə̯m/
h-h / ˈaːi̯-ˈiə̯ / m-m / ʊ-∅ / ɹ-∅
h-h / ˈaːi̯-ˈiə̯ / m_ʊ-m / ɹ-∅

-------------------

/hˈaːi̯tʊɹ/ - /hˈit/
h-h / ˈaːi̯-ˈi / t-t / ʊ-∅ / ɹ-∅

-------------------

/hˈeːɹ/ - /hjˈɪr/
h-h / ∅-j / ˈeː-ˈɪ / ɹ-r

-------------------

/hˈuːnɛŋɡ̊ʊɹ/ - /hˈynəχ/
h-h / ˈuː-ˈy / n-n / ɛ-ə / ŋ-∅ / ɡ̊-χ / ʊ-∅ / ɹ-∅
h-h / ˈuː-ˈy / n-n / ɛ-ə / ŋ-∅ / ɡ̊_ʊ-χ / ɹ-∅
h-h / ˈuː-ˈy / n-n / ɛ-∅ / ŋ-∅ / ɡ̊-∅ / ʊ-ə / ɹ-∅ / ∅-χ
h-h / ˈuː-ˈy / n-n / ɛ-∅ / ŋ-∅ / ɡ̊_ʊ-ə / ɹ-∅ / ∅-χ

-------------------

/hˈuːnɛŋɡ̊ʊɹ/ - /hˈynɪŋ/
h-h / ˈuː-ˈy / n-n / ɛ-ɪ / ŋ-ŋ / ɡ̊-∅ / ʊ-∅ / ɹ-∅

-------------------

/hˈøːna/ - /hˈɪn/
h-h / ˈøː-ˈɪ / n-n / a-∅

-------------------

/hˈœtː/ - /hˈaːt/
h-h / ˈœ-ˈaː / tː-t

-------------------

/hˈɔnd̥/ - /hˈɔːn/
h-h / ˈɔ-ˈɔː / n-n / d̥-∅

-------------------

/hˈɔtn̥/ - /hˈoə̯n/
h-h / ˈɔ-ˈoə̯ / t-∅ / n̥-n

-------------------

/hˈɔːi̯ɹa/ - /hˈɪə̯rə/
h-h / ˈɔːi̯-ˈɪə̯ / ɹ-r / a-ə

-------------------

/hˈɔ̯aːvʊɹ/ - /hˈeːχ/
h-h / ˈɔ̯aː-ˈeː / v-χ / ʊ-∅ / ɹ-∅
h-h / ˈɔ̯aː-ˈeː / v_ʊ-χ / ɹ-∅

-------------------

/hˈɔ̯aːɹ/ - /hˈiə̯r/
h-h / ˈɔ̯aː-ˈiə̯ / ɹ-r

-------------------

/hˈɛːa̯va/ - /hˈavə/
h-h / ˈɛːa̯-ˈa / v-v / a-ə

-------------------

/hˈʉːu̯/ - /hˈuːt/
h-h / ˈʉːu̯-ˈuː / ∅-t

-------------------

/hˈʉːu̯s/ - /hˈuːs/
h-h / ˈʉːu̯-ˈuː / s-s

-------------------

/hˈʊnd̥ɹa/ - /hˈundət/
h-h / ˈʊ-ˈu / n-n / d̥-d / ɹ-∅ / a-ə / ∅-t

-------------------

/hˈʊnd̥ʊɹ/ - /hˈuːn/
h-h / ˈʊ-ˈuː / n-n / d̥-∅ / ʊ-∅ / ɹ-∅

-------------------

/hˈʊŋɡ̊ʊɹ/ - /hˈɔŋər/
h-h / ˈʊ-ˈɔ / ŋ-ŋ / ɡ̊-∅ / ʊ-ə / ɹ-r
h-h / ˈʊ-ˈɔ / ŋ-ŋ / ɡ̊_ʊ-ə / ɹ-r

-------------------

/kʰn̥ˈɛːa̯/ - /knˈɪbəl/
kʰ-k / n̥-n / ˈɛːa̯-ˈɪ / ∅-b / ∅-ə / ∅-l
kʰ-k / n̥-n / ∅-ˈɪ / ∅-b / ˈɛːa̯-ə / ∅-l
kʰ-k / n̥-n / ∅-ˈɪ / ∅-b / ∅-ə / ˈɛːa̯-l

-------------------

/kʰvˈɛːa̯l/ - /fˈiə̯l/
kʰ-∅ / v-f / ˈɛːa̯-ˈiə̯ / l-l

-------------------

/kʰvˈɛːa̯lʊɹ/ - /ʋˈal/
kʰ-ʋ / v-∅ / ˈɛːa̯-ˈa / l-l / ʊ-∅ / ɹ-∅

-------------------

/kʰvˈɛːa̯ʰt/ - /vˈat/
kʰ-∅ / v-v / ˈɛːa̯-ˈa / ʰt-t
kʰ_v-v / ˈɛːa̯-ˈa / ʰt-t

-------------------

/kʰvˈʊ̯iːtʊɹ/ - /vˈit/
kʰ-∅ / v-v / ˈʊ̯iː-ˈi / t-t / ʊ-∅ / ɹ-∅
kʰ_v-v / ˈʊ̯iː-ˈi / t-t / ʊ-∅ / ɹ-∅

-------------------

/kʰˈald̥ʊɹ/ - /kˈɔːt/
kʰ-k / ˈa-ˈɔː / l-∅ / d̥-t / ʊ-∅ / ɹ-∅

-------------------

/kʰˈɔlwʊɹ/ - /kˈɪə̯l/
kʰ-k / ˈɔ-ˈɪə̯ / l-l / w-∅ / ʊ-∅ / ɹ-∅

-------------------

/kʰˈɔtn̥/ - /kˈoə̯n/
kʰ-k / ˈɔ-ˈoə̯ / t-∅ / n̥-n

-------------------

/kʰˈɔŋɡ̊ʊɹ/ - /kˈeːnɪŋ/
kʰ-k / ˈɔ-ˈeː / ∅-n / ŋ-ɪ / ɡ̊-ŋ / ʊ-∅ / ɹ-∅

-------------------

/kʰˈɪɡ̊f/ - /kˈoː/
kʰ-k / ˈɪ-ˈoː / ɡ̊-∅ / f-∅

-------------------

/kʰˈʊnːa/ - /kˈɪnə/
kʰ-k / ˈʊ-ˈɪ / nː-n / a-ə

-------------------

/lˈamb̥/ - /lˈaːm/
l-l / ˈa-ˈaː / m-m / b̥-∅

-------------------

/lˈand̥/ - /lˈɔːn/
l-l / ˈa-ˈɔː / n-n / d̥-∅

-------------------

/lˈaʰtːʊɹ/ - /lˈɪχt/
l-l / ˈa-ˈɪ / ʰtː-χ / ʊ-∅ / ɹ-∅ / ∅-t

-------------------

/lˈiːvʊɹ/ - /lˈeːvər/
l-l / ˈiː-ˈeː / v-v / ʊ-ə / ɹ-r

-------------------

/lˈɛŋɡ̊ʊɹ/ - /lˈaŋ/
l-l / ˈɛ-ˈa / ŋ-ŋ / ɡ̊-∅ / ʊ-∅ / ɹ-∅

-------------------

/lˈɛːi̯pa/ - /ljˈɛpə/
l-l / ∅-j / ˈɛːi̯-ˈɛ / p-p / a-ə

-------------------

/lˈɛːi̯v/ - /lˈɪə̯f/
l-l / ˈɛːi̯-ˈɪə̯ / v-f

-------------------

/lˈʉːu̯s/ - /lˈuːs/
l-l / ˈʉːu̯-ˈuː / s-s

-------------------

/mjˈœl̥k/ - /mˈɔlkə/
m-m / j-∅ / ˈœ-ˈɔ / l̥-l / k-k / ∅-ə

-------------------

/mˈeː/ - /mˈi/
m-m / ˈeː-ˈi

-------------------

/mˈɔʰtːʊɹ/ - /mˈaχt/
m-m / ˈɔ-ˈa / ʰtː-χ / ʊ-∅ / ɹ-∅ / ∅-t

-------------------

/mˈɔːu̯wɪɹ/ - /mˈuə̯r/
m-m / ˈɔːu̯-ˈuə̯ / w-∅ / ɪ-∅ / ɹ-r
m-m / ˈɔːu̯-ˈuə̯ / w-∅ / ɪ_ɹ-r

-------------------

/mˈɔ̯aːnɪ/ - /mˈoə̯nə/
m-m / ˈɔ̯aː-ˈoə̯ / n-n / ɪ-ə

-------------------

/mˈɛnːɪʃa/ - /mˈɪnskə/
m-m / ˈɛ-ˈɪ / nː-n / ɪ-∅ / ʃ-s_k / a-ə

-------------------

/mˈɛːa̯vʊɹ/ - /mˈan/
m-m / ˈɛːa̯-ˈa / v-∅ / ʊ-∅ / ɹ-∅ / ∅-n

-------------------

/mˈɛːa̯ɹʊɹ/ - /mˈar/
m-m / ˈɛːa̯-ˈa / ɹ-∅ / ʊ-∅ / ɹ-r

-------------------

/mˈʉːu̯s/ - /mˈuːs/
m-m / ˈʉːu̯-ˈuː / s-s

-------------------

/mˈʊnː/ - /mˈuːlə/
m-m / ˈʊ-ˈuː / ∅-l / nː-ə

-------------------

/mˈʊnː/ - /mˈuːn/
m-m / ˈʊ-ˈuː / nː-n

-------------------

/mˈʊ̯iːs/ - /mˈuːsən/
m-m / ˈʊ̯iː-ˈuː / s-s / ∅-ə / ∅-n

-------------------

/nˈawn/ - /nˈamə/
n-n / ˈa-ˈa / ∅-m / w-ə / n-∅

-------------------

/nˈaɡ̊l/ - /nˈɛi̯l/
n-n / ˈa-ˈɛi̯ / ɡ̊-∅ / l-l

-------------------

/nˈøːs/ - /nˈoə̯s/
n-n / ˈøː-ˈoə̯ / s-s

-------------------

/nˈɔʰtː/ - /nˈaχt/
n-n / ˈɔ-ˈa / ʰtː-χ / ∅-t

-------------------

/nˈɔ̯aːl/ - /nˈølə/
n-n / ˈɔ̯aː-ˈø / l-l / ∅-ə

-------------------

/nˈɛːa̯ʰʧɪn/ - /nˈɪə̯kən/
n-n / ˈɛːa̯-ˈɪə̯ / ʰʧ-k / ɪ-ə / n-n

-------------------

/nˈʊʤ̊ʤ̊ʊɹ/ - /nˈɛj/
n-n / ˈʊ-ˈɛ / ʤ̊-j / ʤ̊-∅ / ʊ-∅ / ɹ-∅
n-n / ˈʊ-ˈɛ / ʤ̊-∅ / ʤ̊-j / ʊ-∅ / ɹ-∅

-------------------

/nˈʊʧːʊ/ - /njˈɔɣən/
n-n / ∅-j / ˈʊ-ˈɔ / ʧː-ɣ / ʊ-ə / ∅-n

-------------------

/skˈaɹpʊɹ/ - /skˈɛrp/
s-s / k-k / ˈa-ˈɛ / ɹ-r / p-p / ʊ-∅ / ɹ-∅

-------------------

/slˈaŋɡ̊a/ - /slˈaŋ/
s-s / l-l / ˈa-ˈa / ŋ-ŋ / ɡ̊-∅ / a-∅

-------------------

/slˈɔ̯aːa/ - /slˈaːn/
s-s / l-l / ˈɔ̯aː-ˈaː / a-∅ / ∅-n

-------------------

/stˈaːi̯nʊɹ/ - /stˈiə̯n/
s-s / t-t / ˈaːi̯-ˈiə̯ / n-n / ʊ-∅ / ɹ-∅

-------------------

/stˈœlʊɹ/ - /stˈuə̯l/
s-s / t-t / ˈœ-ˈuə̯ / l-l / ʊ-∅ / ɹ-∅

-------------------

/stˈɔɹmʊɹ/ - /stˈoə̯rm/
s-s / t-t / ˈɔ-ˈoə̯ / ɹ-r / m-m / ʊ-∅ / ɹ-∅
s-s / t-t / ˈɔ-ˈoə̯ / ɹ-r / m_ʊ-m / ɹ-∅

-------------------

/svˈaɹʈʊɹ/ - /svˈat/
s-s / v-v / ˈa-ˈa / ɹ-∅ / ʈ-t / ʊ-∅ / ɹ-∅

-------------------

/svˈøːɹ/ - /svˈøt/
s-s / v-v / ˈøː-ˈø / ɹ-∅ / ∅-t

-------------------

/svˈɪmja/ - /svˈɪmə/
s-s / v-v / ˈɪ-ˈɪ / m-m / j-∅ / a-ə

-------------------

/svˈʊ̯iːn/ - /svˈin/
s-s / v-v / ˈʊ̯iː-ˈi / n-n

-------------------

/sˈal̥t/ - /sˈɔːt/
s-s / ˈa-ˈɔː / l̥-∅ / t-t

-------------------

/sˈand̥ʊɹ/ - /sˈɔːn/
s-s / ˈa-ˈɔː / n-n / d̥-∅ / ʊ-∅ / ɹ-∅

-------------------

/sˈiːja/ - /sˈɪzə/
s-s / ˈiː-ˈɪ / j-z / a-ə

-------------------

/sˈiːta/ - /sˈɪtə/
s-s / ˈiː-ˈɪ / t-t / a-ə

-------------------

/sˈoːva/ - /slˈiə̯pə/
s-s / ∅-l / ˈoː-ˈiə̯ / v-p / a-ə

-------------------

/sˈøːtʊɹ/ - /svˈiə̯t/
s-s / ∅-v / ˈøː-ˈiə̯ / t-t / ʊ-∅ / ɹ-∅

-------------------

/sˈɔnʊɹ/ - /sˈoə̯n/
s-s / ˈɔ-ˈoə̯ / n-n / ʊ-∅ / ɹ-∅

-------------------

/sˈɔ̯aːl/ - /sˈiə̯l/
s-s / ˈɔ̯aː-ˈiə̯ / l-l

-------------------

/sˈɛks/ - /sˈɛi̯s/
s-s / ˈɛ-ˈɛi̯ / k-∅ / s-s

-------------------

/sˈɪstɪɹ/ - /sˈøstər/
s-s / ˈɪ-ˈø / s-s / t-t / ɪ-ə / ɹ-r

-------------------

/sˈɪɲʤ̊a/ - /ɕˈɔŋə/
s-ɕ / ˈɪ-ˈɔ / ɲ-ŋ / ʤ̊-∅ / a-ə

-------------------

/sˈʊ̯iːja/ - /sˈiːdə/
s-s / ˈʊ̯iː-ˈiː / j-∅ / a-d_ə
s-s / ˈʊ̯iː-ˈiː / j-∅ / ∅-d / a-ə

-------------------

/tʰvˈɛːi̯/ - /tvˈaː/
tʰ-t / v-v / ˈɛːi̯-ˈaː

-------------------

/tʰɹˈʊ̯iː/ - /trˈɛjə/
tʰ-t / ɹ-r / ∅-ˈɛ / ˈʊ̯iː-j / ∅-ə

-------------------

/tʰʊ̯ˈiː/ - /tˈiːt/
tʰ-t / ʊ̯ˈiː-ˈiː / ∅-t

-------------------

/tʰˈaʰkːa/ - /tˈankjə/
tʰ-t / ˈa-ˈa / ∅-n / ʰkː-k / ∅-j / a-ə

-------------------

/tʰˈœlv/ - /tˈɔlvə/
tʰ-t / ˈœ-ˈɔ / l-l / v-v / ∅-ə

-------------------

/tʰˈɔnː/ - /tˈiːnə/
tʰ-t / ˈɔ-ˈiː / nː-n / ∅-ə

-------------------

/tʰˈɪŋ/ - /dˈɪŋ/
tʰ-d / ˈɪ-ˈɪ / ŋ-ŋ

-------------------

/tʰˈʉːu̯/ - /dˈoː/
tʰ-d / ˈʉːu̯-ˈoː

-------------------

/tʰˈʉːu̯sɪn/ - /tˈuːzən/
tʰ-t / ˈʉːu̯-ˈuː / s-z / ɪ-ə / n-n

-------------------

/tʰˈʊnːʊɹ/ - /tˈɪn/
tʰ-t / ˈʊ-ˈɪ / nː-n / ʊ-∅ / ɹ-∅

-------------------

/tʰˈʊŋɡ̊a/ - /tˈuŋə/
tʰ-t / ˈʊ-ˈu / ŋ-ŋ / ɡ̊-∅ / a-ə

-------------------

/tʰˈʊɹːʊɹ/ - /drˈuːχ/
tʰ-d / ∅-r / ˈʊ-ˈuː / ɹː-χ / ʊ-∅ / ɹ-∅

-------------------

/vˈaɹmʊɹ/ - /ʋˈaːrm/
v-ʋ / ˈa-ˈaː / ɹ-r / m-m / ʊ-∅ / ɹ-∅
v-ʋ / ˈa-ˈaː / ɹ-r / m_ʊ-m / ɹ-∅

-------------------

/vˈaʰtn̥/ - /ʋˈɛtər/
v-ʋ / ˈa-ˈɛ / ʰt-t / ∅-ə / n̥-r

-------------------

/vˈeːvʊɹ/ - /ʋˈaːr/
v-ʋ / ˈeː-ˈaː / v-∅ / ʊ-∅ / ɹ-r
v-ʋ / ˈeː_v-ˈaː / ʊ-∅ / ɹ-r

-------------------

/vˈeːvʊɹ/ - /ʋˈɛi̯/
v-ʋ / ˈeː-ˈɛi̯ / v-∅ / ʊ-∅ / ɹ-∅

-------------------

/vˈiːta/ - /ʋˈɪtə/
v-ʋ / ˈiː-ˈɪ / t-t / a-ə

-------------------

/vˈɔʰpn̩/ - /ʋˈaːpən/
v-ʋ / ˈɔ-ˈaː / ʰp-p / ∅-ə / n-n
v-ʋ / ˈɔ-ˈaː / ʰp-p_ə / n-n

-------------------

/vˈɛːa̯ɹ/ - /vˈi/
v-v / ˈɛːa̯-ˈi / ɹ-∅

-------------------

/vˈɪnd̥ʊɹ/ - /ʋˈin/
v-ʋ / ˈɪ-ˈi / n-n / d̥-∅ / ʊ-∅ / ɹ-∅

-------------------

/ɡ̊ɹˈøːnʊɹ/ - /ɡrˈiə̯n/
ɡ̊-ɡ / ɹ-r / ˈøː-ˈiə̯ / n-n / ʊ-∅ / ɹ-∅

-------------------

/ɡ̊ɹˈɛːa̯s/ - /ɡˈɛːs/
ɡ̊-ɡ / ɹ-∅ / ˈɛːa̯-ˈɛː / s-s

-------------------

/ɡ̊ˈaːi̯t/ - /ɡˈɛi̯t/
ɡ̊-ɡ / ˈaːi̯-ˈɛi̯ / t-t

-------------------

/ɡ̊ˈuːlʊɹ/ - /ɡˈiə̯l/
ɡ̊-ɡ / ˈuː-ˈiə̯ / l-l / ʊ-∅ / ɹ-∅

-------------------

/ɡ̊ˈuːt/ - /ɡˈɔt/
ɡ̊-ɡ / ˈuː-ˈɔ / t-t

-------------------

/ɡ̊ˈɔːu̯wʊɹ/ - /ɡˈuə̯t/
ɡ̊-ɡ / ˈɔːu̯-ˈuə̯ / w-t / ʊ-∅ / ɹ-∅

-------------------

/ɡ̊ˈɔ̯aːs/ - /ɡˈuə̯s/
ɡ̊-ɡ / ˈɔ̯aː-ˈuə̯ / s-s

-------------------

/ɡ̊ˈʊtl̥/ - /ɡˈɔu̯t/
ɡ̊-ɡ / ˈʊ-ˈɔu̯ / t-t / l̥-∅

-------------------

/ɹˈɔsː/ - /hˈoə̯s/
ɹ-∅ / ∅-h / ˈɔ-ˈoə̯ / sː-s

-------------------

/ɹˈɔːi̯kʊɹ/ - /rˈɪə̯k/
ɹ-r / ˈɔːi̯-ˈɪə̯ / k-k / ʊ-∅ / ɹ-∅

-------------------

/ɹˈɛɡ̊n̥/ - /rˈɛi̯n/
ɹ-r / ˈɛ-ˈɛi̯ / ɡ̊-∅ / n̥-n

-------------------

/ɹˈɛːa̯ʰtːʊɹ/ - /rjˈɔχt/
ɹ-r / ˈɛːa̯-j / ∅-ˈɔ / ʰtː-χ / ʊ-∅ / ɹ-∅ / ∅-t
ɹ-r / ∅-j / ˈɛːa̯-ˈɔ / ʰtː-χ / ʊ-∅ / ɹ-∅ / ∅-t

-------------------

/ɹˈɛːi̯jʊɹ/ - /rˈɪə̯t/
ɹ-r / ˈɛːi̯-ˈɪə̯ / j-t / ʊ-∅ / ɹ-∅

-------------------

/ɹˈɪŋɡ̊ʊɹ/ - /rˈɪŋ/
ɹ-r / ˈɪ-ˈɪ / ŋ-ŋ / ɡ̊-∅ / ʊ-∅ / ɹ-∅

-------------------

/ɹˈʊ̯iːkʊɹ/ - /rˈik/
ɹ-r / ˈʊ̯iː-ˈi / k-k / ʊ-∅ / ɹ-∅

-------------------

/ʃtjˈœtna/ - /stjˈɛr/
ʃ-s / t-t / j-j / ˈœ-ˈɛ / t-∅ / n-r / a-∅
ʃ-s / t-t / j-j / ˈœ-ˈɛ / t-∅ / n-∅ / a-r

-------------------

/ʃˈiːp/ - /skˈɪp/
ʃ-s_k / ˈiː-ˈɪ / p-p

-------------------

/ʃˈɛɡ̊vʊɹ/ - /mˈar/
ʃ-m / ˈɛ-ˈa / ɡ̊-∅ / v-∅ / ʊ-∅ / ɹ-r

-------------------

/ʃˈɛːi̯/ - /sˈɔːn/
ʃ-s / ˈɛːi̯-ˈɔː / ∅-n

-------------------

/ʃˈʊ̯iːtʊɹ/ - /skˈit/
ʃ-s_k / ˈʊ̯iː-ˈi / t-t / ʊ-∅ / ɹ-∅

-------------------

/ʤ̊ˈeːva/ - /jˈaːn/
ʤ̊-j / ˈeː-ˈaː / v-∅ / a-∅ / ∅-n
ʤ̊-j / ˈeː_v-ˈaː / a-∅ / ∅-n

-------------------

/ʤ̊ˈɔːu̯ɹ/ - /dˈiə̯r/
ʤ̊-d / ˈɔːu̯-ˈiə̯ / ɹ-r

-------------------

/ʤ̊ˈʉːu̯pʊɹ/ - /djˈɪp/
∅-d / ʤ̊-j / ˈʉːu̯-ˈɪ / p-p / ʊ-∅ / ɹ-∅

-------------------

/ʧʰˈɔːu̯l/ - /fˈiə̯l/
ʧʰ-f / ˈɔːu̯-ˈiə̯ / l-l

-------------------

/ʧʰˈɔːu̯vʊɹ/ - /ʦjˈɪə̯f/
ʧʰ-ʦ / ˈɔːu̯-j / ∅-ˈɪə̯ / v-f / ʊ-∅ / ɹ-∅
ʧʰ-ʦ / ˈɔːu̯-j / ∅-ˈɪə̯ / v_ʊ-f / ɹ-∅

-------------------

/ʧʰˈɪɹʧa/ - /ʦjˈɛrkə/
ʧʰ-ʦ / ∅-j / ˈɪ-ˈɛ / ɹ-r / ʧ-k / a-ə

-------------------

/ʧʰˈʉːu̯wʊ/ - /tvˈɛi̯ntəχ/
∅-t / ʧʰ-v / ˈʉːu̯-ˈɛi̯ / ∅-n / w-t / ʊ-ə / ∅-χ

-------------------

/ʧʰˈʏʰkːʊɹ/ - /ʦjˈɔk/
ʧʰ-ʦ / ∅-j / ˈʏ-ˈɔ / ʰkː-k / ʊ-∅ / ɹ-∅

-------------------

/ʧˈɛstʊɹ/ - /ɡˈast/
ʧ-ɡ / ˈɛ-ˈa / s-s / t-t / ʊ-∅ / ɹ-∅

-------------------

/ˈai̯k/ - /ˈiːk/
ˈai̯-ˈiː / k-k

-------------------

/ˈai̯n/ - /ˈiə̯n/
ˈai̯-ˈiə̯ / n-n

-------------------

/ˈanːaɹ/ - /ˈoə̯r/
ˈa-∅ / nː-ˈoə̯ / a-∅ / ɹ-r

-------------------

/ˈatl̥ʊɹ/ - /ˈal/
ˈa-ˈa / t-∅ / l̥_ʊ-l / ɹ-∅

-------------------

/ˈaɹmʊɹ/ - /ˈɪə̯rm/
ˈa-ˈɪə̯ / ɹ-r / m-m / ʊ-∅ / ɹ-∅
ˈa-ˈɪə̯ / ɹ-r / m_ʊ-m / ɹ-∅

-------------------

/ˈeː/ - /ˈɪk/
ˈeː-ˈɪ / ∅-k

-------------------

/ˈeːʰplɪ/ - /ˈaːpəl/
ˈeː-ˈaː / ʰp-p / l-ə_l / ɪ-∅
ˈeː-ˈaː / ʰp-p / ∅-ə / l-l / ɪ-∅
ˈeː-ˈaː / ʰp-p_ə / l-l / ɪ-∅

-------------------

/ˈeːʰta/ - /ˈitə/
ˈeː-ˈi / ʰt-t / a-ə

-------------------

/ˈiːvɪɹ/ - /ˈuə̯r/
ˈiː-ˈuə̯ / v-∅ / ɪ-∅ / ɹ-r
ˈiː-ˈuə̯ / v-∅ / ɪ_ɹ-r

-------------------

/ˈoːɹ/ - /ˈuə̯r/
ˈoː-ˈuə̯ / ɹ-r

-------------------

/ˈœska/ - /jˈɪskə/
ˈœ-j / ∅-ˈɪ / s-s / k-k / a-ə

-------------------

/ˈɔfn̥/ - /ˈuːn/
ˈɔ-ˈuː / f-∅ / n̥-n

-------------------

/ˈɔsː/ - /ˈyːs/
ˈɔ-ˈyː / sː-s

-------------------

/ˈɔɹmʊɹ/ - /ʋjˈɪrm/
ˈɔ-ʋ / ∅-j / ∅-ˈɪ / ɹ-r / m-m / ʊ-∅ / ɹ-∅
ˈɔ-ʋ / ∅-j / ∅-ˈɪ / ɹ-r / m_ʊ-m / ɹ-∅

-------------------

/ˈɔʰtːa/ - /ˈaχt/
ˈɔ-ˈa / ʰtː-χ / a-∅ / ∅-t

-------------------

/ˈɔːi̯ɹa/ - /ˈɪə̯r/
ˈɔːi̯-ˈɪə̯ / ɹ-r / a-∅

-------------------

/ˈɔ̯aːtl̥ʊɹ/ - /ˈiə̯l/
ˈɔ̯aː-ˈiə̯ / t-∅ / l̥_ʊ-l / ɹ-∅

-------------------

/ˈɔ̯aːɹ/ - /jˈiə̯r/
∅-j / ˈɔ̯aː-ˈiə̯ / ɹ-r

-------------------

/ˈɛld̥ʊɹ/ - /fjˈuə̯r/
∅-f / ˈɛ-j / l-∅ / d̥-∅ / ʊ-ˈuə̯ / ɹ-r

-------------------

/ˈɛtl̥ɪvʊ/ - /ˈalvə/
ˈɛ-ˈa / t-∅ / l̥-l / ɪ-∅ / v-v / ʊ-ə

-------------------

/ˈɛɡ̊ɡ̊/ - /ˈɪɣə/
ˈɛ-ˈɪ / ɡ̊-ɣ / ɡ̊-∅ / ∅-ə

-------------------

/ˈɛːa̯ʰpa/ - /ˈaːp/
ˈɛːa̯-ˈaː / ʰp-p / a-∅

-------------------

/ˈɛːi̯ja/ - /ˈɪə̯χ/
ˈɛːi̯-∅ / j-ˈɪə̯ / a-∅ / ∅-χ

-------------------

/ˈɪnʃa/ - /ʋˈɪnskjə/
∅-ʋ / ˈɪ-ˈɪ / n-n / ʃ-s / ∅-k / ∅-j / a-ə
∅-ʋ / ˈɪ-ˈɪ / n-n / ʃ-s_k / ∅-j / a-ə

-------------------

/ˈʉːu̯t/ - /ˈyːt/
ˈʉːu̯-ˈyː / t-t

-------------------

/ˈʊtl̥/ - /ʋˈɔlə/
∅-ʋ / ˈʊ-ˈɔ / t-∅ / l̥-l / ∅-ə

-------------------

/ˈʊŋɡ̊ʊɹ/ - /jˈɔŋ/
∅-j / ˈʊ-ˈɔ / ŋ-ŋ / ɡ̊-∅ / ʊ-∅ / ɹ-∅

-------------------

/ˈʊɡ̊la/ - /ˈuːlə/
ˈʊ-ˈuː / ɡ̊-∅ / l-l / a-ə

-------------------

/ˈʊ̯iː/ - /ˈin/
ˈʊ̯iː-ˈi / ∅-n

-------------------

/ˈʊ̯iːsʊɹ/ - /ˈiːs/
ˈʊ̯iː-ˈiː / s-s / ʊ-∅ / ɹ-∅

-------------------

/ˈʏlvʊɹ/ - /ʋˈɔlf/
∅-ʋ / ˈʏ-ˈɔ / l-l / v_ʊ-f / ɹ-∅

-------------------

