/alɡˈinə/ - /aβˈeʎɔ/
[1/1] a-a / l-∅ / ɡ-∅ / ∅-β / ˈi-ˈe / n-∅ / ∅-ʎ / ə-ɔ

-------------------

/amˈari/ - /mˈa/
[3/4] <#_a-<# / m-m / ˈa_r-ˈa / i_#>-#>
[1/4] a-∅ / m-m / ˈa-ˈa / r-∅ / i-∅

-------------------

/armˈɨn/ - /arumˈaŋ/
[4/4] a-a / r-r / ∅-u / m-m / ˈɨ-ˈa / n-ŋ

-------------------

/arədəʦˈinə/ - /araˈiʦ/
[2/3] a-a / r-r / ə-a / d-∅ / ə-∅ / ʦ-∅ / ˈi_n-ˈi / ə-∅ / #>-ʦ_#>
[1/3] a-a / r-r / ə-a / d-∅ / ə-∅ / ʦ-∅ / ˈi-ˈi / n-∅ / ə-∅ / ∅-ʦ

-------------------

/arˈoʃ/ - /arˈuj/
[2/4] a-a / r-r / ˈo-ˈu / ʃ-∅ / ∅-j
[2/4] a-a / r-r / ˈo-ˈu / ʃ-j

-------------------

/arˈɨw/ - /arˈiw/
[3/3] a-a / r-r / ˈɨ-ˈi / w-w

-------------------

/arˈɨɲi/ - /aɾˈaɲɔ/
[5/5] a-a / r-ɾ / ˈɨ-ˈa / ɲ-ɲ / i-ɔ

-------------------

/askultˈari/ - /eskutˈa/
[3/5] a-e / s-s / k-k / u-u / l-∅ / t-t / ˈa_r-ˈa / i_#>-#>
[2/5] a-e / s-s / k-k / u-u / l-∅ / t-t / ˈa-ˈa / r-∅ / i-∅

-------------------

/azbujrˈari/ - /bulˈa/
[3/5] <#_a-<# / z-∅ / b-b / u-u / j-∅ / r-l / ˈa_r-ˈa / i_#>-#>
[2/5] a-∅ / z_b-b / u-u / j-∅ / r-l / ˈa-ˈa / r-∅ / i-∅

-------------------

/aʤutˈari/ - /aʒyðˈa/
[2/2] a-a / ʤ-ʒ / u-y / t-ð / ˈa-ˈa / r-∅ / i-∅

-------------------

/be̯ˈari/ - /bˈeβe/
[4/4] b-b / e̯ˈa-ˈe / r-β / i-e

-------------------

/bo̯ˈaʦi/ - /bˈuʦ/
[2/4] b-b / o̯ˈa-ˈu / ʦ_i-ʦ
[2/4] b-b / o̯ˈa-ˈu / ʦ-ʦ / i-∅

-------------------

/burˈik/ - /melˈik/
[2/2] b-∅ / ∅-m / u-e / r-l / ˈi-ˈi / k-k

-------------------

/bˈow/ - /bwˈew/
[1/3] b-b / ∅-w / ˈo-ˈe / w-w
[1/3] b-b / ˈo-w_ˈe / w-w
[1/3] b-b / ˈo-w / ∅-ˈe / w-w

-------------------

/bˈun/ - /bˈuŋ/
[3/3] b-b / ˈu-ˈu / n-ŋ

-------------------

/bˈune/ - /bˈunas/
[3/5] b-b / ˈu-ˈu / n-n / e-a / #>-s_#>
[2/5] b-b / ˈu-ˈu / n-n / e-a / ∅-s

-------------------

/bˈuni/ - /bˈuns/
[3/5] b-b / ˈu-ˈu / n_i-n / #>-s_#>
[2/5] b-b / ˈu-ˈu / n-n / i-∅ / ∅-s

-------------------

/bˈunə/ - /bˈunɔ/
[4/4] b-b / ˈu-ˈu / n-n / ə-ɔ

-------------------

/do̯ˈamnə/ - /dˈawnɔ/
[5/5] d-d / ∅-ˈa / o̯ˈa-w / m-∅ / n-n / ə-ɔ

-------------------

/do̯ˈawə/ - /dˈyas/
[2/3] d-d / o̯ˈa-∅ / w-ˈy / ə-a / #>-s_#>
[1/3] d-d / o̯ˈa-∅ / w-ˈy / ə-a / ∅-s

-------------------

/drˈak/ - /dɾˈak/
[4/4] d-d / r-ɾ / ˈa-ˈa / k-k

-------------------

/durɲˈiri/ - /dɾumˈi/
[3/5] d-d / ∅-ɾ / u-u / r-∅ / ɲ-m / ˈi_r-ˈi / i_#>-#>
[2/5] d-d / ∅-ɾ / u-u / r-∅ / ɲ-m / ˈi-ˈi / r-∅ / i-∅

-------------------

/dˈari/ - /dˈa/
[3/5] d-d / ˈa_r-ˈa / i_#>-#>
[2/5] d-d / ˈa-ˈa / r-∅ / i-∅

-------------------

/dˈawə/ - /dˈyas/
[1/1] d-d / ˈa-ˈy / w-∅ / ə-a / #>-s_#>

-------------------

/dˈinti/ - /dˈen/
[1/1] d-d / ˈi-ˈe / n_t-n / i_#>-#>

-------------------

/dˈoj/ - /dˈys/
[2/3] d-d / ˈo-ˈy / j-∅ / #>-s_#>
[1/3] d-d / ˈo-∅ / j-ˈy / #>-s_#>

-------------------

/dˈosprəʣaʦi/ - /dˈudze/
[4/4] d-d / ˈo-ˈu / s-∅ / p-∅ / r-∅ / ə-∅ / ʣ-d / a-∅ / ʦ-z / i-e

-------------------

/dˈulʦi/ - /dˈus/
[3/5] d-d / ˈu-ˈu / l-∅ / ʦ-s / i_#>-#>
[2/5] d-d / ˈu-ˈu / l-∅ / ʦ-s / i-∅

-------------------

/e̯ˈarbə/ - /ˈɛrβɔ/
[4/4] e̯ˈa-ˈɛ / r-r / b-β / ə-ɔ

-------------------

/fe̯ˈaminə/ - /hˈenːɔ/
[1/1] f-h / e̯ˈa-ˈe / m-nː / i-∅ / n-∅ / ə-ɔ

-------------------

/fle̯ˈamə/ - /ehlˈamɔ/
[2/4] <#-<#_e / f-h / l-l / e̯ˈa-ˈa / m-m / ə-ɔ
[1/4] ∅-e / f-h / l-l / e̯ˈa-ˈa / m-m / ə-ɔ
[1/4] f-e_h / l-l / e̯ˈa-ˈa / m-m / ə-ɔ

-------------------

/flo̯ˈari/ - /ehlˈu/
[1/2] ∅-e / f-h / l-l / o̯ˈa-ˈu / r-∅ / i-∅
[1/2] f-e_h / l-l / o̯ˈa-∅ / r-∅ / i-ˈu

-------------------

/fo̯ˈami/ - /hˈami/
[3/3] f-h / o̯ˈa-ˈa / m-m / i-i

-------------------

/frˈati/ - /hɾˈajr/
[3/3] f-h / r-ɾ / ˈa-ˈa / t-j / i-∅ / ∅-r

-------------------

/fərˈinə/ - /haɾˈiɔ/
[2/5] f-h / ə-a / r-ɾ / ˈi_n-ˈi / ə-ɔ
[2/5] f-h / ə-a / r-ɾ / ˈi-ˈi / n-∅ / ə-ɔ
[1/5] f-h / ə-a / r-ɾ / ˈi-ˈi / n_ə-ɔ

-------------------

/fˈaʦiri/ - /hˈa/
[1/1] f-h / ˈa-ˈa / ʦ-∅ / i-∅ / r-∅ / i-∅

-------------------

/fˈok/ - /hwˈɛk/
[3/4] f-h / ∅-w / ˈo-ˈɛ / k-k
[1/4] f-h / ˈo-w / ∅-ˈɛ / k-k

-------------------

/fˈum/ - /hˈym/
[5/5] f-h / ˈu-ˈy / m-m

-------------------

/ispˈanja/ - /espˈaɲɔ/
[4/5] i-e / s-s / p-p / ˈa-ˈa / n-ɲ / j-∅ / a-ɔ
[1/5] i-e / s-s / p-p / ˈa-ˈa / n-ɲ / j-ɔ / a-∅

-------------------

/jiɲˈiri/ - /bjˈene/
[2/2] j-b / i-j / ɲ-∅ / ˈi-ˈe / r-∅ / ∅-n / i-e

-------------------

/jiʦˈin/ - /bezˈiŋ/
[4/4] j-b / i-e / ʦ-z / ˈi-ˈi / n-ŋ

-------------------

/jiʦˈɨl/ - /beðˈɛt/
[3/3] j-b / i-e / ʦ-ð / ˈɨ-ˈɛ / l-t

-------------------

/jˈarbə/ - /ˈɛrβɔ/
[1/1] j-∅ / ˈa-ˈɛ / r-r / b-β / ə-ɔ

-------------------

/jˈarnə/ - /iβˈɛr/
[1/1] j-i / ∅-β / ˈa-ˈɛ / r_n-r / ə-∅

-------------------

/jˈermu/ - /bˈɛrmi/
[3/4] j-b / ˈe-ˈɛ / r-r / m-m / u-i
[1/4] <#_j-<# / ∅-b / ˈe-ˈɛ / r-r / m-m / u-i

-------------------

/jˈin/ - /bˈiŋ/
[3/4] j-b / ˈi-ˈi / n-ŋ
[1/4] <#_j-<# / ∅-b / ˈi-ˈi / n-ŋ

-------------------

/jˈo/ - /ʒˈɔ/
[1/2] j-ʒ / ˈo-ˈɔ
[1/2] <#_j-<# / ∅-ʒ / ˈo-ˈɔ

-------------------

/ke̯ˈali/ - /pˈɛt/
[1/1] k-p / e̯ˈa-ˈɛ / l-t / i-∅

-------------------

/ke̯ˈarsikə/ - /pˈersek/
[5/5] k-p / e̯ˈa-ˈe / r-r / s-s / i-e / k-k / ə-∅

-------------------

/ke̯ˈatrə/ - /pˈɛjɾɔ/
[5/5] k-p / e̯ˈa-ˈɛ / t-j / r-ɾ / ə-ɔ

-------------------

/ko̯ˈadə/ - /kˈuɔ/
[3/3] k-k / o̯ˈa-ˈu / d-∅ / ə-ɔ

-------------------

/ko̯ˈapsə/ - /kwˈejʃɔ/
[3/5] k-k / o̯ˈa-w / ∅-ˈe / p-j / s-ʃ / ə-ɔ
[2/5] k-k / o̯ˈa-w_ˈe / p-j / s-ʃ / ə-ɔ

-------------------

/ko̯ˈastə/ - /kˈɔstɔ/
[5/5] k-k / o̯ˈa-ˈɔ / s-s / t-t / ə-ɔ

-------------------

/kre̯ˈadiri/ - /kɾˈeðe/
[2/4] k-k / r-ɾ / e̯ˈa-ˈe / d-ð / i_r-e / i_#>-#>
[2/4] k-k / r-ɾ / e̯ˈa-ˈe / d-ð / i-e / r-∅ / i-∅

-------------------

/krˈuʦi/ - /kɾˈuʦ/
[2/4] k-k / r-ɾ / ˈu-ˈu / ʦ_i-ʦ
[1/4] k-k / r-ɾ / ˈu-ˈu / ʦ-ʦ / i_#>-#>
[1/4] k-k / r-ɾ / ˈu-ˈu / ʦ-ʦ / i-∅

-------------------

/kuno̯ˈaʃtiri/ - /kunˈejʃe/
[1/2] k-k / u-u / n-n / o̯ˈa-ˈe / ʃ-∅ / t-j / i-ʃ_e / r-∅ / i_#>-#>
[1/2] k-k / u-u / n-n / o̯ˈa-ˈe / ʃ-j / t-ʃ / i_r-e / i_#>-#>

-------------------

/kəftˈari/ - /kasˈa/
[2/2] k-k / ə-a / f-∅ / t-s / ˈa_r-ˈa / i_#>-#>

-------------------

/kətˈinə/ - /kaðˈeɔ/
[3/3] k-k / ə-a / t-ð / ˈi-ˈe / n_ə-ɔ

-------------------

/kʎimˈari/ - /klamˈa/
[3/5] k-k / ʎ-l / i-a / m-m / ˈa_r-ˈa / i_#>-#>
[2/5] k-k / ʎ-l / i-a / m-m / ˈa-ˈa / r-∅ / i-∅

-------------------

/kʎˈaj/ - /klˈaw/
[5/5] k-k / ʎ-l / ˈa-ˈa / j-w

-------------------

/kˈal/ - /kaβˈat/
[5/5] k-k / ∅-a / ∅-β / ˈa-ˈa / l-t

-------------------

/kˈaldu/ - /kˈawt/
[2/2] k-k / ˈa-ˈa / ∅-w / l-t / d-∅ / u_#>-#>

-------------------

/kˈap/ - /kˈap/
[3/3] k-k / ˈa-ˈa / p-p

-------------------

/kˈaprə/ - /kɾˈaβɔ/
[4/4] k-k / ∅-ɾ / ˈa-ˈa / p-∅ / r-β / ə-ɔ

-------------------

/kˈarni/ - /kˈar/
[2/5] k-k / ˈa-ˈa / r_n-r / i_#>-#>
[1/5] k-k / ˈa-ˈa / r_n-r / i-∅
[1/5] k-k / ˈa-ˈa / r-r / n-∅ / i_#>-#>
[1/5] k-k / ˈa-ˈa / r-r / n-∅ / i-∅

-------------------

/kˈasə/ - /kˈazɔ/
[4/4] k-k / ˈa-ˈa / s-z / ə-ɔ

-------------------

/kˈeptu/ - /pjˈɛt/
[1/3] k-p / ∅-j / ˈe_p-ˈɛ / t_u-t
[1/3] k-p / ∅-j / ˈe-ˈɛ / p-∅ / t_u-t
[1/3] k-p / ∅-j / ˈe-ˈɛ / p-∅ / t-t / u-∅

-------------------

/kˈornu/ - /kˈɔr/
[2/5] k-k / ˈo-ˈɔ / r_n-r / u_#>-#>
[1/5] k-k / ˈo-ˈɔ / r_n-r / u-∅
[1/5] k-k / ˈo-ˈɔ / r-r / n-∅ / u_#>-#>
[1/5] k-k / ˈo-ˈɔ / r-r / n-∅ / u-∅

-------------------

/kˈorpu/ - /kˈɔs/
[2/3] k-k / ˈo-ˈɔ / r-∅ / p-∅ / u-∅ / #>-s_#>
[1/3] k-k / ˈo-ˈɔ / r-∅ / p-∅ / u-∅ / ∅-s

-------------------

/kˈur/ - /kˈyw/
[2/4] k-k / ˈu-ˈy / r-∅ / #>-w_#>
[1/4] k-k / ˈu_r-ˈy / ∅-w
[1/4] k-k / ˈu-ˈy / r-∅ / ∅-w

-------------------

/kˈɨne/ - /kˈaŋ/
[1/2] k-k / ˈɨ-ˈa / n-ŋ / e_#>-#>
[1/2] k-k / ˈɨ-ˈa / n-ŋ / e-∅

-------------------

/kˈɨni/ - /kˈaŋ/
[2/3] k-k / ˈɨ-ˈa / n_i-ŋ
[1/3] k-k / ˈɨ-ˈa / n-ŋ / i-∅

-------------------

/kˈɨntu/ - /kˈan/
[3/5] k-k / ˈɨ-ˈa / n_t-n / u_#>-#>
[2/5] k-k / ˈɨ-ˈa / n-n / t-∅ / u-∅

-------------------

/le̯ˈaʤi/ - /lˈej/
[4/4] l-l / e̯ˈa-ˈe / ʤ-∅ / i-j

-------------------

/lˈak/ - /lˈak/
[5/5] l-l / ˈa-ˈa / k-k

-------------------

/lˈakrimə/ - /lˈaɣɾemɔ/
[4/4] l-l / ˈa-ˈa / k-ɣ / r-ɾ / i-e / m-m / ə-ɔ

-------------------

/lˈapti/ - /lˈɛjt/
[2/3] l-l / ˈa-ˈɛ / p-j / t_i-t
[1/3] l-l / ˈa-ˈɛ / p-j / t-t / i-∅

-------------------

/lˈemnu/ - /lˈeɲɔ/
[4/4] l-l / ˈe-ˈe / m-∅ / n-ɲ / u-ɔ

-------------------

/lˈimbə/ - /lˈeŋɡɔ/
[5/5] l-l / ˈi-ˈe / m-ŋ / b-ɡ / ə-ɔ

-------------------

/lˈok/ - /lˈɔk/
[5/5] l-l / ˈo-ˈɔ / k-k

-------------------

/lˈunə/ - /lˈya/
[5/5] l-l / ˈu-ˈy / n-∅ / ə-a

-------------------

/lˈup/ - /lˈup/
[5/5] l-l / ˈu-ˈu / p-p

-------------------

/lˈuŋɡu/ - /lˈuŋk/
[2/3] l-l / ˈu-ˈu / ŋ-ŋ / ɡ-k / u_#>-#>
[1/3] l-l / ˈu-ˈu / ŋ-ŋ / ɡ-k / u-∅

-------------------

/lˈɨnə/ - /lˈaŋ/
[3/5] l-l / ˈɨ-ˈa / n_ə-ŋ
[2/5] l-l / ˈɨ-ˈa / n-ŋ / ə-∅

-------------------

/mo̯ˈarti/ - /mˈɔrt/
[3/3] m-m / o̯ˈa-ˈɔ / r-r / t_i-t

-------------------

/murˈiri/ - /muɾˈi/
[3/5] m-m / u-u / r-ɾ / ˈi_r-ˈi / i_#>-#>
[2/5] m-m / u-u / r-ɾ / ˈi-ˈi / r-∅ / i-∅

-------------------

/mətˈur/ - /maðˈy/
[1/3] m-m / ə-a / t-ð / ˈu_r-ˈy
[1/3] m-m / ə-a / t-ð / ˈu-ˈy / r_#>-#>
[1/3] m-m / ə-a / t-ð / ˈu-ˈy / r-∅

-------------------

/mɨʃkˈari/ - /museɣˈa/
[2/3] m-m / ɨ-u / ʃ-s / ∅-e / k-ɣ / ˈa-ˈa / r-∅ / i-∅
[1/3] m-m / ɨ-u / ʃ-s / ∅-e / k-ɣ / ˈa_r-ˈa / i_#>-#>

-------------------

/mˈi/ - /me/
[4/4] m-m / ˈi-e

-------------------

/mˈuskə/ - /mˈuskɔ/
[4/4] m-m / ˈu-ˈu / s-s / k-k / ə-ɔ

-------------------

/mˈɨnə/ - /mˈaŋ/
[3/3] m-m / ˈɨ-ˈa / n_ə-ŋ

-------------------

/ne̯ˈawə/ - /nˈɛw/
[4/4] n-n / e̯ˈa-ˈɛ / w-w / ə-∅

-------------------

/njˈor/ - /nˈyβlɔ/
[1/1] n-n / j-ˈy / ˈo-∅ / r-β / ∅-l / ∅-ɔ

-------------------

/no̯ˈapti/ - /nwˈejt/
[2/5] n-n / o̯ˈa-w / ∅-ˈe / p-j / t_i-t
[1/5] n-n / o̯ˈa-w_ˈe / p-j / t_i-t
[1/5] n-n / o̯ˈa-w_ˈe / p-j / t-t / i-∅
[1/5] n-n / o̯ˈa-w / ∅-ˈe / p-j / t-t / i-∅

-------------------

/nˈari/ - /nˈas/
[3/4] n-n / ˈa_r-ˈa / i-∅ / #>-s_#>
[1/4] n-n / ˈa-ˈa / r-∅ / i-∅ / ∅-s

-------------------

/nˈaw/ - /nˈaw/
[5/5] n-n / ˈa-ˈa / w-w

-------------------

/nˈaʃtiri/ - /nˈɛjʃe/
[1/4] n-n / ˈa-ˈɛ / ʃ-∅ / t-j / ∅-ʃ / i_r-e / i_#>-#>
[1/4] n-n / ˈa-ˈɛ / ʃ-∅ / t-j / i-ʃ_e / r-∅ / i_#>-#>
[1/4] n-n / ˈa-ˈɛ / ʃ-j / t-ʃ / i_r-e / i_#>-#>
[1/4] n-n / ˈa-ˈɛ / ʃ-j / t-ʃ / i-e / r-∅ / i-∅

-------------------

/nˈel/ - /anˈɛt/
[3/4] <#-<#_a / n-n / ˈe-ˈɛ / l-t
[1/4] ∅-a / n-n / ˈe-ˈɛ / l-t

-------------------

/nˈeɡru/ - /nˈeɣɾe/
[4/4] n-n / ˈe-ˈe / ɡ-ɣ / r-ɾ / u-e

-------------------

/nˈostru/ - /nˈɔste/
[2/3] n-n / ˈo-ˈɔ / s-s / t_r-t / u-e
[1/3] n-n / ˈo-ˈɔ / s-s / t-t / r-∅ / u-e

-------------------

/nˈowə/ - /nˈaw/
[3/3] n-n / ˈo-ˈa / w-w / ə-∅

-------------------

/nˈuk/ - /nˈuʦ/
[1/2] n-n / ˈu_k-ˈu / #>-ʦ_#>
[1/2] n-n / ˈu-ˈu / k-∅ / ∅-ʦ

-------------------

/nˈumə/ - /nˈum/
[4/4] n-n / ˈu-ˈu / m-m / ə-∅

-------------------

/o̯ˈaj/ - /wˈeʎɔ/
[1/1] o̯ˈa-w_ˈe / ∅-ʎ / j-ɔ

-------------------

/pe̯ˈanə/ - /plˈymɔ/
[1/1] p-p / ∅-l / e̯ˈa-ˈy / n-m / ə-ɔ

-------------------

/pe̯ˈaʃti/ - /pˈejʃ/
[2/4] p-p / e̯ˈa-ˈe / ʃ-∅ / t-j / i-∅ / ∅-ʃ
[1/4] p-p / e̯ˈa-ˈe / ʃ-j / t-ʃ / i_#>-#>
[1/4] p-p / e̯ˈa-ˈe / ʃ-j / t-ʃ / i-∅

-------------------

/pidˈukʎu/ - /peðˈuʎ/
[2/2] p-p / i-e / d-ð / ˈu-ˈu / k-∅ / ʎ-ʎ / u-∅

-------------------

/ple̯ˈaɡə/ - /plˈaɣɔ/
[3/3] p-p / l-l / e̯ˈa-ˈa / ɡ-ɣ / ə-ɔ

-------------------

/plo̯ˈaj/ - /plˈuʒɔ/
[1/2] p-p / l-l / o̯ˈa-ˈu / ∅-ʒ / j-ɔ
[1/2] p-p / l-l / o̯ˈa-ˈu / j-ʒ / ∅-ɔ

-------------------

/plˈin/ - /plˈeŋ/
[4/4] p-p / l-l / ˈi-ˈe / n-ŋ

-------------------

/plˈɨnʣiri/ - /plˈaɲe/
[3/5] p-p / l-l / ˈɨ-ˈa / n-ɲ / ʣ-∅ / i_r-e / i_#>-#>
[2/5] p-p / l-l / ˈɨ-ˈa / n-ɲ / ʣ-∅ / i-e / r-∅ / i-∅

-------------------

/pute̯ˈari/ - /pˈuðe/
[2/3] p-p / u-ˈu / t-ð / e̯ˈa-∅ / r-∅ / i-e
[1/3] p-p / u-ˈu / t-ð / e̯ˈa-∅ / r_i-e

-------------------

/pˈatru/ - /kwˈate/
[1/1] p-k / ∅-w / ˈa-ˈa / t-t / r-∅ / u-e

-------------------

/pˈer/ - /pˈew/
[2/3] p-p / ˈe-ˈe / r-∅ / #>-w_#>
[1/3] p-p / ˈe-ˈe / r-∅ / ∅-w

-------------------

/pˈorku/ - /pˈɔrk/
[2/4] p-p / ˈo-ˈɔ / r-r / k-k / u_#>-#>
[2/4] p-p / ˈo-ˈɔ / r-r / k-k / u-∅

-------------------

/pˈulmu/ - /pˈyɲ/
[3/4] p-p / ˈu-ˈy / l-∅ / m-ɲ / u_#>-#>
[1/4] p-p / ˈu-ˈy / l-∅ / m-ɲ / u-∅

-------------------

/pˈuniri/ - /pˈundɾe/
[2/5] p-p / ˈu-ˈu / n_i-n / r-d_ɾ / i-e
[2/5] p-p / ˈu-ˈu / n-n / i-∅ / ∅-d / r-ɾ / i-e
[1/5] p-p / ˈu-ˈu / n_i-n / ∅-d / r-ɾ / i-e

-------------------

/pˈunti/ - /pˈun/
[3/5] p-p / ˈu-ˈu / n_t-n / i_#>-#>
[2/5] p-p / ˈu-ˈu / n-n / t-∅ / i-∅

-------------------

/pˈuʦ/ - /pˈyʦ/
[3/3] p-p / ˈu-ˈy / ʦ-ʦ

-------------------

/pˈɨni/ - /pˈaŋ/
[3/5] p-p / ˈɨ-ˈa / n_i-ŋ
[2/5] p-p / ˈɨ-ˈa / n-ŋ / i-∅

-------------------

/se̯ˈakə/ - /sˈekɔ/
[5/5] s-s / e̯ˈa-ˈe / k-k / ə-ɔ

-------------------

/se̯ˈarə/ - /sˈer/
[5/5] s-s / e̯ˈa-ˈe / r-r / ə-∅

-------------------

/siptəmˈɨnə/ - /semːˈanɔ/
[5/5] s-s / i-e / p-∅ / t-∅ / ə-∅ / m-mː / ˈɨ-ˈa / n-n / ə-ɔ

-------------------

/skrˈiiri/ - /eskɾˈiβe/
[1/2] ∅-e / s-s / k-k / r-ɾ / ˈi-ˈi / i-∅ / r-β / i-e
[1/2] s-e_s / k-k / r-ɾ / ˈi-ˈi / i-∅ / r-β / i-e

-------------------

/skˈik/ - /espˈik/
[2/4] ∅-e / s-s / k-p / ˈi-ˈi / k-k
[1/4] s-e_s / k-p / ˈi-ˈi / k-k
[1/4] <#-<#_e / s-s / k-p / ˈi-ˈi / k-k

-------------------

/so̯ˈari/ - /suɾˈɛʎ/
[1/1] s-s / o̯ˈa-u / r-ɾ / i-ˈɛ / ∅-ʎ

-------------------

/spˈatə/ - /espˈaðɔ/
[2/5] ∅-e / s-s / p-p / ˈa-ˈa / t-ð / ə-ɔ
[2/5] s-e_s / p-p / ˈa-ˈa / t-ð / ə-ɔ
[1/5] <#-<#_e / s-s / p-p / ˈa-ˈa / t-ð / ə-ɔ

-------------------

/ste̯ˈawə/ - /estˈelɔ/
[2/4] ∅-e / s-s / t-t / e̯ˈa-ˈe / w-∅ / ∅-l / ə-ɔ
[2/4] s-e_s / t-t / e̯ˈa-ˈe / w-∅ / ∅-l / ə-ɔ

-------------------

/sˈare/ - /sˈaw/
[1/1] s-s / ˈa-ˈa / r-∅ / e-w

-------------------

/sˈek/ - /sˈek/
[4/4] s-s / ˈe-ˈe / k-k

-------------------

/sˈuprə/ - /sˈyβɾe/
[4/4] s-s / ˈu-ˈy / p-β / r-ɾ / ə-e

-------------------

/sˈɨnʤi/ - /sˈaŋk/
[1/2] s-s / ˈɨ-ˈa / n-ŋ / ʤ-∅ / i-∅ / ∅-k
[1/2] s-s / ˈɨ-ˈa / n-ŋ / ʤ-∅ / i-∅ / #>-k_#>

-------------------

/trˈej/ - /tɾˈes/
[3/4] t-t / r-ɾ / ˈe-ˈe / j-∅ / #>-s_#>
[1/4] t-t / r-ɾ / ˈe-ˈe / j-∅ / ∅-s

-------------------

/tˈatə/ - /pˈajr/
[3/3] t-p / ˈa-ˈa / t-j / ə-r

-------------------

/tˈavru/ - /tˈawr/
[2/4] t-t / ˈa-ˈa / v-w / r_u-r
[1/4] t-t / ˈa-ˈa / v-∅ / ∅-w / r-r / u_#>-#>
[1/4] t-t / ˈa-ˈa / v-w / r-r / u-∅

-------------------

/tˈu/ - /tˈy/
[5/5] t-t / ˈu-ˈy

-------------------

/tˈut/ - /tˈut/
[5/5] t-t / ˈu-ˈu / t-t

-------------------

/ure̯ˈakʎi/ - /awɾˈeʎɔ/
[2/4] u-a / ∅-w / r-ɾ / e̯ˈa-ˈe / k_ʎ-ʎ / i-ɔ
[2/4] u-a / ∅-w / r-ɾ / e̯ˈa-ˈe / k-∅ / ʎ-ʎ / i-ɔ

-------------------

/ve̯ˈardi/ - /bˈert/
[2/4] v-b / e̯ˈa-ˈe / r-r / d-t / i_#>-#>
[2/4] v-b / e̯ˈa-ˈe / r-r / d-t / i-∅

-------------------

/vide̯ˈari/ - /bˈeðe/
[2/3] v-b / i-ˈe / d-ð / e̯ˈa-∅ / r-∅ / i-e
[1/3] v-b / i-∅ / d-∅ / e̯ˈa-ˈe / r-∅ / ∅-ð / i-e

-------------------

/vˈakə/ - /bˈakɔ/
[2/2] v-b / ˈa-ˈa / k-k / ə-ɔ

-------------------

/vˈekʎu/ - /bjˈeʎ/
[2/2] v-b / ∅-j / ˈe-ˈe / k-∅ / ʎ-ʎ / u-∅

-------------------

/vˈimtu/ - /bˈen/
[1/2] v-b / ˈi-ˈe / m-n / t-∅ / u_#>-#>
[1/2] v-b / ˈi-ˈe / m-n / t-∅ / u-∅

-------------------

/zbˈor/ - /bˈɔl/
[2/4] z_b-b / ˈo-ˈɔ / r-l
[2/4] z-∅ / b-b / ˈo-ˈɔ / r-l

-------------------

/çˈer/ - /hˈɛ/
[2/3] ç-h / ˈe_r-ˈɛ
[1/3] ç-h / ˈe-ˈɛ / r-∅

-------------------

/çˈikat/ - /hˈiʤe/
[4/4] ç-h / ˈi-ˈi / k-∅ / ∅-ʤ / a-e / t-∅

-------------------

/çˈir/ - /hˈiw/
[3/5] ç-h / ˈi_r-ˈi / #>-w_#>
[2/5] ç-h / ˈi-ˈi / r-∅ / ∅-w

-------------------

/çˈiʎ/ - /hˈiʎ/
[3/3] ç-h / ˈi-ˈi / ʎ-ʎ

-------------------

/çˈiʎi/ - /hˈiʎɔ/
[4/4] ç-h / ˈi-ˈi / ʎ-ʎ / i-ɔ

-------------------

/ŋɡʎˈiʦari/ - /ɡlasˈa/
[2/4] ŋ-∅ / ɡ-ɡ / ʎ-l / ˈi-∅ / ʦ-∅ / a-a / r-∅ / ∅-s / i-ˈa
[1/4] ŋ-∅ / ɡ-ɡ / ʎ-l / ˈi-a / ʦ-s / a-ˈa / r-∅ / i_#>-#>
[1/4] ŋ-ɡ / ɡ_ʎ-l / ˈi-∅ / ʦ-∅ / a-a / r-∅ / ∅-s / i-ˈa

-------------------

/ɡrəsˈimi/ - /ɡɾˈɛjʃ/
[1/1] ɡ-ɡ / r-ɾ / ə-ˈɛ / ∅-j / s-ʃ / ˈi-∅ / m-∅ / i-∅

-------------------

/ɡrˈos/ - /ɡɾˈɔs/
[4/4] ɡ-ɡ / r-ɾ / ˈo-ˈɔ / s-s

-------------------

/ɡʎˈeʦ/ - /ɡlˈas/
[5/5] ɡ-ɡ / ʎ-l / ˈe-ˈa / ʦ-s

-------------------

/ɡˈini/ - /bˈeŋ/
[2/3] ɡ-b / ˈi-ˈe / n_i-ŋ
[1/3] ɡ-b / ˈi-ˈe / n-ŋ / i-∅

-------------------

/ɡˈurə/ - /ɡˈulɔ/
[4/4] ɡ-ɡ / ˈu-ˈu / r-l / ə-ɔ

-------------------

/ɲˈari/ - /mˈɛw/
[1/1] ɲ-m / ˈa-ˈɛ / r-∅ / i-w

-------------------

/ɲˈel/ - /aɲˈɛt/
[3/5] <#-<#_a / ɲ-ɲ / ˈe-ˈɛ / l-t
[2/5] ∅-a / ɲ-ɲ / ˈe-ˈɛ / l-t

-------------------

/ɲˈeri/ - /mˈɛw/
[3/4] ɲ-m / ˈe_r-ˈɛ / i-w
[1/4] ɲ-m / ˈe-ˈɛ / r-∅ / i-w

-------------------

/ɲˈeʣu/ - /mjˈej/
[1/1] ɲ-m / ∅-j / ˈe-ˈe / ʣ-∅ / u-j

-------------------

/ɲˈiʎe/ - /mˈil/
[3/5] ɲ-m / ˈi-ˈi / ʎ-l / e-∅
[2/5] ɲ-m / ˈi-ˈi / ʎ-l / e_#>-#>

-------------------

/ʃide̯ˈari/ - /asˈɛðe/
[1/2] ∅-a / ʃ-s / i-ˈɛ / d-ð / e̯ˈa-∅ / r-∅ / i-e
[1/2] <#-<#_a / ʃ-s / i-ˈɛ / d-ð / e̯ˈa-∅ / r_i-e

-------------------

/ʃkˈurtu/ - /kˈuɾt/
[3/5] ʃ-∅ / k-k / ˈu-ˈu / r-ɾ / t_u-t
[2/5] ʃ-∅ / k-k / ˈu-ˈu / r-ɾ / t-t / u-∅

-------------------

/ʃtˈiri/ - /saβˈe/
[1/1] ʃ-s / t-∅ / ˈi-a / r-β / i-ˈe

-------------------

/ʃˈapti/ - /sˈɛt/
[2/3] ʃ-s / ˈa-ˈɛ / p-∅ / t_i-t
[1/3] ʃ-s / ˈa-ˈɛ / p-∅ / t-t / i-∅

-------------------

/ʃˈasi/ - /sjˈɛs/
[2/4] ʃ-s / ∅-j / ˈa-ˈɛ / s-s / i-∅
[1/4] ∅-s / ʃ-j / ˈa-ˈɛ / s-s / i_#>-#>
[1/4] ʃ-s / ∅-j / ˈa-ˈɛ / s-s / i_#>-#>

-------------------

/ʎˈepuri/ - /lˈɛβe/
[3/4] ʎ-l / ˈe-ˈɛ / p-∅ / u-∅ / r-β / i-e
[1/4] ʎ-l / ˈe_p-ˈɛ / u-∅ / r-β / i-e

-------------------

/ʎˈuftə/ - /lˈytɔ/
[3/3] ʎ-l / ˈu-ˈy / f-∅ / t-t / ə-ɔ

-------------------

/ʣe̯aʣˈit/ - /dˈit/
[2/3] ʣ-d / e̯a-∅ / ʣ-∅ / ˈi-ˈi / t-t
[1/3] ʣ-∅ / e̯a-∅ / ʣ-d / ˈi-ˈi / t-t

-------------------

/ʣinˈukʎu/ - /ʒˈuʎ/
[1/2] ʣ-ʒ / i-∅ / n-∅ / ˈu-ˈu / k_ʎ-ʎ / u_#>-#>
[1/2] ʣ-ʒ / i-∅ / n-∅ / ˈu-ˈu / k-∅ / ʎ-ʎ / u-∅

-------------------

/ʣˈaʦi/ - /dˈɛʦ/
[2/5] ʣ-d / ˈa-ˈɛ / ʦ_i-ʦ
[2/5] ʣ-d / ˈa-ˈɛ / ʦ-ʦ / i-∅
[1/5] ʣ-d / ˈa-ˈɛ / ʦ-ʦ / i_#>-#>

-------------------

/ʣˈer/ - /ʒˈɛw/
[2/3] ʣ-ʒ / ˈe_r-ˈɛ / #>-w_#>
[1/3] ʣ-ʒ / ˈe-ˈɛ / r-∅ / ∅-w

-------------------

/ʣˈiniri/ - /ʒˈendɾe/
[2/4] ʣ-ʒ / ˈi-ˈe / n_i-n / r-d_ɾ / i-e
[2/4] ʣ-ʒ / ˈi-ˈe / n-n / i-∅ / ∅-d / r-ɾ / i-e

-------------------

/ʣˈuə/ - /dˈiɔ/
[2/2] ʣ-d / ˈu-ˈi / ə-ɔ

-------------------

/ʣˈuə/ - /ʒˈur/
[3/3] ʣ-ʒ / ˈu-ˈu / ə-r

-------------------

/ʣˈə/ - /dˈiw/
[2/4] ʣ-d / ˈə-ˈi / ∅-w
[2/4] ʣ-d / ˈə-ˈi / #>-w_#>

-------------------

/ʣˈəʦiri/ - /dˈize/
[2/4] ʣ-d / ˈə-ˈi / ʦ-z / i_r-e / i_#>-#>
[2/4] ʣ-d / ˈə-ˈi / ʦ-z / i-e / r-∅ / i-∅

-------------------

/ʤˈok/ - /ʒˈɔk/
[5/5] ʤ-ʒ / ˈo-ˈɔ / k-k

-------------------

/ʤˈoni/ - /ʒwˈeŋ/
[1/4] ʤ-ʒ / ∅-w / ˈo-ˈe / n_i-ŋ
[1/4] ʤ-ʒ / ˈo-w_ˈe / n_i-ŋ
[1/4] ʤ-ʒ / ˈo-w_ˈe / n-ŋ / i-∅
[1/4] ʤ-ʒ / ˈo-w / ∅-ˈe / n_i-ŋ

-------------------

/ʦe̯ˈarə/ - /sˈeɾɔ/
[4/4] ʦ-s / e̯ˈa-ˈe / r-ɾ / ə-ɔ

-------------------

/ʦire̯ˈaʃə/ - /serjˈezɔ/
[5/5] ʦ-s / i-e / r-r / ∅-j / e̯ˈa-ˈe / ʃ-z / ə-ɔ

-------------------

/ʦitˈati/ - /siwtˈat/
[2/5] ʦ-s / i-i / t-w_t / ˈa-ˈa / t_i-t
[1/5] ʦ-s / i-i / ∅-w / t-t / ˈa-ˈa / t_i-t
[1/5] ʦ-s / i-i / ∅-w / t-t / ˈa-ˈa / t-t / i-∅
[1/5] ʦ-s / i-i / t-w_t / ˈa-ˈa / t-t / i-∅

-------------------

/ʦˈarə/ - /tˈɛra/
[3/3] ʦ-t / ˈa-ˈɛ / r-r / ə-a

-------------------

/ʦˈer/ - /sˈɛw/
[3/4] ʦ-s / ˈe_r-ˈɛ / #>-w_#>
[1/4] ʦ-s / ˈe-ˈɛ / r-∅ / ∅-w

-------------------

/ʦˈine/ - /kˈi/
[1/1] ʦ-∅ / ∅-k / ˈi_n-ˈi / e_#>-#>

-------------------

/ʦˈinʦi/ - /sˈiŋk/
[2/3] ʦ-s / ˈi-ˈi / n-ŋ / ʦ-∅ / i-∅ / ∅-k
[1/3] ʦ-s / ˈi-ˈi / n-ŋ / ʦ-∅ / i-∅ / #>-k_#>

-------------------

/ˈaltu/ - /ˈawte/
[3/5] ˈa-ˈa / l-∅ / t-w_t / u-e
[2/5] ˈa-ˈa / l-∅ / ∅-w / t-t / u-e

-------------------

/ˈan/ - /ˈaŋ/
[4/4] ˈa-ˈa / n-ŋ

-------------------

/ˈapə/ - /ˈajɣɔ/
[4/4] ˈa-ˈa / p-j / ∅-ɣ / ə-ɔ

-------------------

/ˈarburi/ - /ˈaɾβe/
[2/4] ˈa-ˈa / r-ɾ / b-β / u-∅ / r_i-e
[2/4] ˈa-ˈa / r-ɾ / b-β / u-∅ / r-∅ / i-e

-------------------

/ˈavru/ - /ˈawr/
[2/3] ˈa-ˈa / v-w / r_u-r
[1/3] ˈa-ˈa / v-w / r-r / u-∅

-------------------

/ˈaʎ/ - /ˈaʎ/
[5/5] ˈa-ˈa / ʎ-ʎ

-------------------

/ˈel/ - /ˈet/
[4/4] ˈe-ˈe / l-t

-------------------

/ˈinimə/ - /ˈanːɔ/
[1/1] ˈi-∅ / n-∅ / i-ˈa / m-nː / ə-ɔ

-------------------

/ˈokʎi/ - /wˈeʎs/
[1/3] ˈo-w_ˈe / k-∅ / ʎ-ʎ / i-∅ / ∅-s
[1/3] <#-<#_w / ˈo-ˈe / k_ʎ-ʎ / i-∅ / #>-s_#>
[1/3] <#-<#_w / ˈo-ˈe / k-∅ / ʎ-ʎ / i-∅ / ∅-s

-------------------

/ˈokʎu/ - /wˈeʎ/
[1/1] <#-<#_w / ˈo-ˈe / k-∅ / ʎ-ʎ / u-∅

-------------------

/ˈom/ - /ˈɔmi/
[4/4] ˈo-ˈɔ / m-m / ∅-i

-------------------

/ˈoptu/ - /wˈejt/
[1/5] ∅-w / ˈo-ˈe / p-j / t_u-t
[1/5] ˈo-w_ˈe / p-j / t-t / u-∅
[1/5] ˈo-w / ∅-ˈe / p-j / t_u-t
[1/5] <#-<#_w / ˈo-ˈe / p-j / t_u-t
[1/5] <#-<#_w / ˈo-ˈe / p-j / t-t / u-∅

-------------------

/ˈos/ - /ˈɔs/
[2/2] ˈo-ˈɔ / s-s

-------------------

/ˈow/ - /wˈew/
[1/1] <#-<#_w / ˈo-ˈe / w-w

-------------------

/ˈun/ - /ˈyŋ/
[4/4] ˈu-ˈy / n-ŋ

-------------------

/ˈursu/ - /ˈus/
[3/5] ˈu-ˈu / r-∅ / s-s / u_#>-#>
[2/5] ˈu-ˈu / r-∅ / s-s / u-∅

-------------------

/ˈuŋɡʎi/ - /ˈyŋɡlɔ/
[3/4] ˈu-ˈy / ŋ-ŋ / ɡ-ɡ / ʎ-l / i-ɔ
[1/4] ˈu-ˈy / ∅-ŋ / ŋ-ɡ / ɡ_ʎ-l / i-ɔ

-------------------

