Same meaning pairs: 215
****SAMPLE 1****
Iteration 1
	Qualified: 165
	Disqualified: 179
	Added: 0
	Removed: 7
		earth /ˈɝθ/ - jord /jˈoˀɐ/
		beam /bˈim/ - træ /ʦʰʁˈeˀ/
		eye /ˈaɪ̯/ - øje /ˈʌjə/
		I /ˈaɪ̯/ - jeg /jˈɑj/
		heart /hˈɑɹt/ - hjerte /jˈɛɐtə/
		in /ˈɪn/ - i /ˈiˀ/
		wheel /wˈiɫ/ - hjul /jˈuˀl/

Iteration 2
	Qualified: 166
	Disqualified: 178
	Added: 1
		heart /hˈɑɹt/ - hjerte /jˈɛɐtə/
	Removed: 0

Iteration 3
	Qualified: 167
	Disqualified: 177
	Added: 1
		wheel /wˈiɫ/ - hjul /jˈuˀl/
	Removed: 0

Iteration 4
	Qualified: 167
	Disqualified: 177
	Added: 0
	Removed: 0

Final qualifying:
		blade /blˈeɪ̯d/ - blad /b̥lˈað̞ˠ/
		bloom /blˈum/ - blomst /b̥lˈʌmˀst/
		blood /blˈʌd/ - blod /b̥lˈoˀð̞ˠ/
		bread /bɹˈɛd/ - brød /b̥ʁˈœˀð̞ˠ/
		breast /bɹˈɛst/ - bryst /b̥ʁˈœst/
		bridge /bɹˈɪʤ/ - brygge /b̥ʁˈœɡ̊ə/
		brother /bɹˈʌðɚ/ - bror /b̥ʁˈoɐ/
		bite /bˈaɪ̯t/ - bide /b̥ˈiːð̞ˠə/
		bee /bˈi/ - bi /b̥ˈiˀ/
		bone /bˈoʊ̯n/ - ben /b̥ˈeˀn/
		boat /bˈoʊ̯t/ - båd /b̥ˈɔˀð̞ˠ/
		better /bˈɛɾɚ/ - bedre /b̥ˈeð̞ˠʁə/
		bid /bˈɪd/ - bede /b̥ˈeˀ/
		bid /bˈɪd/ - byde /b̥ˈyːð̞ˠə/
		book /bˈʊk/ - bog /b̥ˈoˀw/
		drive /dɹˈaɪ̯v/ - drive /d̥ʁˈiːw/
		dream /dɹˈim/ - drømme /d̥ʁˈœmə/
		dream /dɹˈim/ - drøm /d̥ʁˈœˀm/
		drink /dɹˈɪŋk/ - drikke /d̥ʁˈekə/
		day /dˈeɪ̯/ - dag /d̥ˈæˀj/
		deep /dˈip/ - dyb /d̥ˈyˀb̥/
		deer /dˈiɚ/ - dyr /d̥ˈyˀɐ/
		dear /dˈiɚ/ - dyr /d̥ˈyˀɐ/
		daughter /dˈɑtɚ/ - datter /d̥ˈɛtɐ/
		deadly /dˈɛdli/ - dødelig /d̥ˈøːð̞ˠəli/
		few /fjˈu/ - få /fˈɔˀ/
		fly /flˈaɪ̯/ - flyve /flˈyːw/
		fire /fˈaɪ̯ɚ/ - ild /ˈilˀ/
		feet /fˈit/ - fødder /fˈœð̞ˠɐ/
		follow /fˈɑloʊ̯/ - følge /fˈœlə/
		four /fˈɔɹ/ - fire /fˈiːɐ/
		feather /fˈɛðɚ/ - fjer /fjˈeˀɐ/
		finger /fˈɪŋɡɚ/ - finger /fˈeŋˀɐ/
		fish /fˈɪʃ/ - fisk /fˈesk/
		foot /fˈʊt/ - fod /fˈoˀð̞ˠ/
		full /fˈʊɫ/ - fuld /fˈulˀ/
		high /hˈaɪ̯/ - høj /hˈʌˀj/
		hide /hˈaɪ̯d/ - hud /hˈuˀð̞ˠ/
		hound /hˈaʊ̯nd/ - hund /hˈunˀ/
		house /hˈaʊ̯s/ - hus /hˈuˀs/
		hear /hˈiɚ/ - høre /hˈøːɐ/
		here /hˈiɚ/ - her /hˈɛˀɐ/
		holy /hˈoʊ̯li/ - hellig /hˈɛli/
		home /hˈoʊ̯m/ - hjem /jˈɛˀm/
		hand /hˈænd/ - hånd /hˈʌnˀ/
		have /hˈæv/ - have /hˈɛːw/
		heart /hˈɑɹt/ - hjerte /jˈɛɐtə/
		horn /hˈɔɹn/ - horn /hˈoɐˀn/
		head /hˈɛd/ - hoved /hˈoːəð̞ˠ/
		hen /hˈɛn/ - høne /hˈœːnə/
		hair /hˈɛɚ/ - hår /hˈɒˀ/
		hundred /hˈʌndɹəd/ - hundrede /hˈunɐð̞ˠə/
		honey /hˈʌni/ - honning /hˈʌneŋ/
		year /jˈiɚ/ - år /ˈɔˀ/
		yellow /jˈɛloʊ̯/ - gul /ɡ̊ˈuˀl/
		young /jˈʌŋ/ - ung /ˈɔŋˀ/
		quean /kʰwˈin/ - kvinde /kʰʋˈenə/
		quean /kʰwˈin/ - kone /kʰˈoːnə/
		cow /kʰˈaʊ̯/ - ko /kʰˈoˀ/
		calf /kʰˈæf/ - kalv /kʰˈɛlˀv/
		corn /kʰˈɔɹn/ - korn /kʰˈoɐˀn/
		leaf /lˈif/ - løv /lˈœˀw/
		leap /lˈip/ - løbe /lˈøːb̥ə/
		lamb /lˈæm/ - lam /lˈɑmˀ/
		land /lˈænd/ - land /lˈanˀ/
		long /lˈɑŋ/ - lang /lˈɑŋˀ/
		liver /lˈɪvɚ/ - lever /lˈeˀwɐ/
		mice /mˈaɪ̯s/ - mus /mˈuˀs/
		mouth /mˈaʊ̯θ/ - mund /mˈɔnˀ/
		me /mˈi/ - meg /mˈɑj/
		moon /mˈun/ - måne /mˈɔːnə/
		man /mˈæn/ - mand /mˈɛnˀ/
		men /mˈɛn/ - mænd /mˈenˀ/
		milk /mˈɪɫk/ - mælk /mˈelˀk/
		midge /mˈɪʤ/ - myg /mˈyɡ̊/
		mother /mˈʌðɚ/ - mor /mˈoːɐ/
		nine /nˈaɪ̯n/ - ni /nˈiˀ/
		night /nˈaɪ̯t/ - nat /nˈɛt/
		naked /nˈeɪ̯kɪd/ - nøgen /nˈʌjən/
		nail /nˈeɪ̯ɫ/ - negl /nˈɑjˀl/
		knee /nˈi/ - knæ /kʰnˈeˀ/
		nose /nˈoʊ̯z/ - næse /nˈɛːsə/
		new /nˈu/ - ny /nˈyˀ/
		north /nˈɔɹθ/ - nord /nˈoɐˀ/
		plight /pʰlˈaɪ̯t/ - pligt /pʰlˈeɡ̊t/
		slay /slˈeɪ̯/ - slå /slˈɔˀ/
		sleep /slˈip/ - sove /sˈɒːw/
		snow /snˈoʊ̯/ - sne /snˈeˀ/
		stone /stˈoʊ̯n/ - sten /stˈeˀn/
		star /stˈɑɹ/ - stjerne /stjˈæɐnə/
		storm /stˈɔɹm/ - storm /stˈɔˀm/
		swine /swˈaɪ̯n/ - svin /sʋˈiˀn/
		sweet /swˈit/ - sød /sˈœˀð̞ˠ/
		swart /swˈɔɹt/ - sort /sˈoɐt/
		side /sˈaɪ̯d/ - side /sˈiːð̞ˠə/
		sow /sˈaʊ̯/ - so /sˈoˀ/
		say /sˈeɪ̯/ - sige /sˈiːə/
		see /sˈi/ - se /sˈeː/
		sand /sˈænd/ - sand /sˈanˀ/
		salt /sˈɑɫt/ - salt /sˈɛlˀt/
		sword /sˈɔɹd/ - sværd /sʋˈɛɐˀ/
		seven /sˈɛvən/ - syv /sˈyˀw/
		six /sˈɪks/ - seks /sˈɛks/
		sister /sˈɪstɚ/ - søster /sˈœstɐ/
		sit /sˈɪt/ - sidde /sˈeð̞ˠə/
		sing /sˈɪŋ/ - synge /sˈøŋə/
		tree /tʰɹˈi/ - træ /ʦʰʁˈeˀ/
		tide /tʰˈaɪ̯d/ - tid /ʦʰˈiˀð̞ˠ/
		tear /tʰˈiɚ/ - tåre /ʦʰˈɔːɐ/
		two /tʰˈu/ - to /ʦʰˈoˀ/
		tooth /tʰˈuθ/ - tand /ʦʰˈanˀ/
		ten /tʰˈɛn/ - ti /ʦʰˈiˀ/
		tongue /tʰˈʌŋ/ - tunge /ʦʰˈɔŋə/
		white /wˈaɪ̯t/ - hvid /ʋˈiˀð̞ˠ/
		way /wˈeɪ̯/ - vej /ʋˈɑˀj/
		whale /wˈeɪ̯ɫ/ - hval /ʋˈɛˀl/
		we /wˈi/ - we /ʋˈi/
		wheel /wˈiɫ/ - hjul /jˈuˀl/
		water /wˈɑɾɚ/ - vand /ʋˈanˀ/
		warm /wˈɔɹm/ - varm /ʋˈɑˀm/
		weapon /wˈɛpən/ - våben /vˈɔˀb̥m̩/
		weather /wˈɛðɚ/ - vejr /ʋˈɛˀɐ/
		word /wˈɝd/ - ord /ˈoɐˀ/
		worm /wˈɝm/ - orm /ˈoɐˀm/
		wind /wˈɪnd/ - vind /ʋˈenˀ/
		wish /wˈɪʃ/ - ønske /ˈœnskə/
		wolf /wˈʊɫf/ - ulv /ˈulˀʋ/
		what /wˈʌt/ - hvad /ʋˈað̞ˠ/
		thou /ðˈaʊ̯/ - du /d̥ˈu/
		eleven /əlˈɛvən/ - elleve /ˈɛlʋə/
		green /ɡɹˈin/ - grøn /ɡ̊ʁˈœˀn/
		grass /ɡɹˈæs/ - græs /ɡ̊ʁˈas/
		goose /ɡˈus/ - gås /ɡ̊ˈɔˀs/
		good /ɡˈʊd/ - god /ɡ̊ˈoˀð̞ˠ/
		light /ɫˈaɪ̯t/ - lys /lˈyˀs/
		light /ɫˈaɪ̯t/ - let /lˈɛt/
		right /ɹˈaɪ̯t/ - ret /ʁˈat/
		rain /ɹˈeɪ̯n/ - regn /ʁˈɑjˀn/
		root /ɹˈut/ - rod /ʁˈoˀð̞ˠ/
		red /ɹˈɛd/ - rød /ʁˈœˀð̞ˠ/
		ring /ɹˈɪŋ/ - ring /ʁˈeŋˀ/
		rich /ɹˈɪʧ/ - rig /ʁˈiˀ/
		sheep /ʃˈip/ - får /fˈɒˀ/
		chicken /ʧˈɪkɪn/ - kylling /kʰˈyleŋ/
		ice /ˈaɪ̯s/ - is /ˈiˀs/
		owl /ˈaʊ̯l̩/ - ugle /ˈuːlə/
		out /ˈaʊ̯t/ - ud /ˈuˀð̞ˠ/
		ape /ˈeɪ̯p/ - abe /ˈaːb̥ə/
		eight /ˈeɪ̯t/ - otte /ˈoːtə/
		eat /ˈit/ - æde /ˈɛːð̞ˠə/
		eel /ˈiɫ/ - ål /ˈɔˀl/
		oak /ˈoʊ̯k/ - eg /ˈeˀj/
		over /ˈoʊ̯vɚ/ - over /ˈoːvɐ/
		apple /ˈæpɫ̩/ - æble /ˈeːb̥lə/
		ash /ˈæʃ/ - aske /ˈɛskə/
		all /ˈɑɫ/ - al /ˈal/
		egg /ˈɛɡ/ - æg /ˈeˀɡ̊/
		edge /ˈɛʤ/ - æg /ˈeˀɡ̊/
		us /ˈʌs/ - os /ˈʌs/
		oven /ˈʌvn̩/ - ovn /ˈɒwˀn/
		three /θɹˈi/ - tre /ʦʰʁˈɛˀ/
		thousand /θˈaʊ̯zn̩d/ - tusind /ʦʰˈuˀsn̩/
		thank /θˈeɪ̯ŋk/ - takke /ʦʰˈɑkə/
		thief /θˈif/ - tyv /ʦʰˈyˀw/
		thorn /θˈɔɹn/ - tjørn /ʨˈœɐˀn/
		thick /θˈɪk/ - tyk /ʦʰˈyk/
		thing /θˈɪŋ/ - ting /ʦʰˈeŋˀ/

Final disqualified:
		beam /bˈim/ - træ /ʦʰʁˈeˀ/
		I /ˈaɪ̯/ - jeg /jˈɑj/
		eye /ˈaɪ̯/ - øje /ˈʌjə/
		earth /ˈɝθ/ - jord /jˈoˀɐ/
		in /ˈɪn/ - i /ˈiˀ/


-------------------

****SAMPLE 2****
Iteration 1
	Qualified: 168
	Disqualified: 176
	Added: 0
	Removed: 4
		beam /bˈim/ - træ /ʦʰʁˈeˀ/
		I /ˈaɪ̯/ - jeg /jˈɑj/
		eye /ˈaɪ̯/ - øje /ˈʌjə/
		dry /dɹˈaɪ̯/ - tør /ʦʰˈœˀɐ/

Iteration 2
	Qualified: 168
	Disqualified: 176
	Added: 0
	Removed: 0

Final qualifying:
		blade /blˈeɪ̯d/ - blad /b̥lˈað̞ˠ/
		bloom /blˈum/ - blomst /b̥lˈʌmˀst/
		blood /blˈʌd/ - blod /b̥lˈoˀð̞ˠ/
		bread /bɹˈɛd/ - brød /b̥ʁˈœˀð̞ˠ/
		breast /bɹˈɛst/ - bryst /b̥ʁˈœst/
		bridge /bɹˈɪʤ/ - brygge /b̥ʁˈœɡ̊ə/
		brother /bɹˈʌðɚ/ - bror /b̥ʁˈoɐ/
		bite /bˈaɪ̯t/ - bide /b̥ˈiːð̞ˠə/
		bee /bˈi/ - bi /b̥ˈiˀ/
		bone /bˈoʊ̯n/ - ben /b̥ˈeˀn/
		bath /bˈæθ/ - bad /b̥ˈað̞ˠ/
		bear /bˈɛɚ/ - bjørn /b̥jˈœˀɐn/
		bid /bˈɪd/ - bede /b̥ˈeˀ/
		bid /bˈɪd/ - byde /b̥ˈyːð̞ˠə/
		dwarf /dwˈɔɹf/ - dværg /d̥ʋˈæɐˀw/
		drive /dɹˈaɪ̯v/ - drive /d̥ʁˈiːw/
		dream /dɹˈim/ - drømme /d̥ʁˈœmə/
		dream /dɹˈim/ - drøm /d̥ʁˈœˀm/
		drink /dɹˈɪŋk/ - drikke /d̥ʁˈekə/
		day /dˈeɪ̯/ - dag /d̥ˈæˀj/
		deep /dˈip/ - dyb /d̥ˈyˀb̥/
		dear /dˈiɚ/ - dyr /d̥ˈyˀɐ/
		daughter /dˈɑtɚ/ - datter /d̥ˈɛtɐ/
		deadly /dˈɛdli/ - dødelig /d̥ˈøːð̞ˠəli/
		death /dˈɛθ/ - død /d̥ˈœˀð̞ˠ/
		few /fjˈu/ - få /fˈɔˀ/
		fly /flˈaɪ̯/ - flyve /flˈyːw/
		freeze /fɹˈiz/ - fryse /fʁˈyːsə/
		friend /fɹˈɛnd/ - frænde /fʁˈɑnə/
		five /fˈaɪ̯v/ - fem /fˈɛmˀ/
		fire /fˈaɪ̯ɚ/ - ild /ˈilˀ/
		fowl /fˈaʊ̯ɫ/ - fugl /fˈuˀl/
		feet /fˈit/ - fødder /fˈœð̞ˠɐ/
		follow /fˈɑloʊ̯/ - følge /fˈœlə/
		father /fˈɑðɚ/ - far /fˈɑː/
		four /fˈɔɹ/ - fire /fˈiːɐ/
		feather /fˈɛðɚ/ - fjer /fjˈeˀɐ/
		finger /fˈɪŋɡɚ/ - finger /fˈeŋˀɐ/
		fish /fˈɪʃ/ - fisk /fˈesk/
		foot /fˈʊt/ - fod /fˈoˀð̞ˠ/
		full /fˈʊɫ/ - fuld /fˈulˀ/
		house /hˈaʊ̯s/ - hus /hˈuˀs/
		here /hˈiɚ/ - her /hˈɛˀɐ/
		holy /hˈoʊ̯li/ - hellig /hˈɛli/
		have /hˈæv/ - have /hˈɛːw/
		hot /hˈɑt/ - hed /hˈeˀð̞ˠ/
		horse /hˈɔɹs/ - hors /hˈɒːs/
		head /hˈɛd/ - hoved /hˈoːəð̞ˠ/
		hen /hˈɛn/ - høne /hˈœːnə/
		hair /hˈɛɚ/ - hår /hˈɒˀ/
		hundred /hˈʌndɹəd/ - hundrede /hˈunɐð̞ˠə/
		honey /hˈʌni/ - honning /hˈʌneŋ/
		year /jˈiɚ/ - år /ˈɔˀ/
		yellow /jˈɛloʊ̯/ - gul /ɡ̊ˈuˀl/
		young /jˈʌŋ/ - ung /ˈɔŋˀ/
		quean /kʰwˈin/ - kvinde /kʰʋˈenə/
		cow /kʰˈaʊ̯/ - ko /kʰˈoˀ/
		cold /kʰˈoʊ̯ɫd/ - kold /kʰˈʌlˀ/
		calf /kʰˈæf/ - kalv /kʰˈɛlˀv/
		corn /kʰˈɔɹn/ - korn /kʰˈoɐˀn/
		king /kʰˈɪŋ/ - konge /kʰˈʌŋə/
		louse /lˈaʊ̯s/ - lus /lˈuˀs/
		leaf /lˈif/ - løv /lˈœˀw/
		laugh /lˈæf/ - le /lˈeˀ/
		land /lˈænd/ - land /lˈanˀ/
		long /lˈɑŋ/ - lang /lˈɑŋˀ/
		liver /lˈɪvɚ/ - lever /lˈeˀwɐ/
		mouse /mˈaʊ̯s/ - mus /mˈuˀs/
		mouth /mˈaʊ̯θ/ - mund /mˈɔnˀ/
		me /mˈi/ - meg /mˈɑj/
		moon /mˈun/ - måne /mˈɔːnə/
		man /mˈæn/ - mand /mˈɛnˀ/
		milk /mˈɪɫk/ - mælk /mˈelˀk/
		midge /mˈɪʤ/ - myg /mˈyɡ̊/
		mother /mˈʌðɚ/ - mor /mˈoːɐ/
		naked /nˈeɪ̯kɪd/ - nøgen /nˈʌjən/
		nail /nˈeɪ̯ɫ/ - negl /nˈɑjˀl/
		knee /nˈi/ - knæ /kʰnˈeˀ/
		needle /nˈidɫ̩/ - nål /nˈɔˀl/
		nose /nˈoʊ̯z/ - næse /nˈɛːsə/
		new /nˈu/ - ny /nˈyˀ/
		plight /pʰlˈaɪ̯t/ - pligt /pʰlˈeɡ̊t/
		sleep /slˈip/ - sove /sˈɒːw/
		snow /snˈoʊ̯/ - sne /snˈeˀ/
		stone /stˈoʊ̯n/ - sten /stˈeˀn/
		stool /stˈuɫ/ - stol /stˈoˀl/
		star /stˈɑɹ/ - stjerne /stjˈæɐnə/
		storm /stˈɔɹm/ - storm /stˈɔˀm/
		swine /swˈaɪ̯n/ - svin /sʋˈiˀn/
		swart /swˈɔɹt/ - sort /sˈoɐt/
		swim /swˈɪm/ - svømme /sʋˈœmə/
		side /sˈaɪ̯d/ - side /sˈiːð̞ˠə/
		sow /sˈaʊ̯/ - so /sˈoˀ/
		say /sˈeɪ̯/ - sige /sˈiːə/
		see /sˈi/ - se /sˈeː/
		sand /sˈænd/ - sand /sˈanˀ/
		salt /sˈɑɫt/ - salt /sˈɛlˀt/
		seven /sˈɛvən/ - syv /sˈyˀw/
		six /sˈɪks/ - seks /sˈɛks/
		sister /sˈɪstɚ/ - søster /sˈœstɐ/
		sit /sˈɪt/ - sidde /sˈeð̞ˠə/
		sing /sˈɪŋ/ - synge /sˈøŋə/
		son /sˈʌn/ - søn /sˈœn/
		twelve /tʰwˈɛɫv/ - tolv /ʦʰˈʌlˀ/
		tree /tʰɹˈi/ - træ /ʦʰʁˈeˀ/
		tide /tʰˈaɪ̯d/ - tid /ʦʰˈiˀð̞ˠ/
		tear /tʰˈiɚ/ - tåre /ʦʰˈɔːɐ/
		two /tʰˈu/ - to /ʦʰˈoˀ/
		tooth /tʰˈuθ/ - tand /ʦʰˈanˀ/
		ten /tʰˈɛn/ - ti /ʦʰˈiˀ/
		tongue /tʰˈʌŋ/ - tunge /ʦʰˈɔŋə/
		way /wˈeɪ̯/ - vej /ʋˈɑˀj/
		whale /wˈeɪ̯ɫ/ - hval /ʋˈɛˀl/
		we /wˈi/ - we /ʋˈi/
		wheel /wˈiɫ/ - hjul /jˈuˀl/
		warm /wˈɔɹm/ - varm /ʋˈɑˀm/
		weapon /wˈɛpən/ - våben /vˈɔˀb̥m̩/
		weather /wˈɛðɚ/ - vejr /ʋˈɛˀɐ/
		word /wˈɝd/ - ord /ˈoɐˀ/
		worm /wˈɝm/ - orm /ˈoɐˀm/
		wind /wˈɪnd/ - vind /ʋˈenˀ/
		wish /wˈɪʃ/ - ønske /ˈœnskə/
		wolf /wˈʊɫf/ - ulv /ˈulˀʋ/
		one /wˈʌn/ - en /ˈeˀn/
		eleven /əlˈɛvən/ - elleve /ˈɛlʋə/
		green /ɡɹˈin/ - grøn /ɡ̊ʁˈœˀn/
		grass /ɡɹˈæs/ - græs /ɡ̊ʁˈas/
		goat /ɡˈoʊ̯t/ - ged /ɡ̊ˈeˀð̞ˠ/
		goose /ɡˈus/ - gås /ɡ̊ˈɔˀs/
		god /ɡˈɑd/ - gud /ɡ̊ˈuð̞ˠ/
		good /ɡˈʊd/ - god /ɡ̊ˈoˀð̞ˠ/
		light /ɫˈaɪ̯t/ - lys /lˈyˀs/
		light /ɫˈaɪ̯t/ - let /lˈɛt/
		right /ɹˈaɪ̯t/ - ret /ʁˈat/
		rain /ɹˈeɪ̯n/ - regn /ʁˈɑjˀn/
		reek /ɹˈik/ - røg /ʁˈʌˀj/
		root /ɹˈut/ - rod /ʁˈoˀð̞ˠ/
		rich /ɹˈɪʧ/ - rig /ʁˈiˀ/
		sheep /ʃˈip/ - får /fˈɒˀ/
		sharp /ʃˈɑɹp/ - skarp /skˈap/
		ship /ʃˈɪp/ - skib /skˈiˀb̥/
		shit /ʃˈɪt/ - skid /skˈiˀð̞ˠ/
		church /ʧˈɝʧ/ - kirke /kʰˈiɐkə/
		ice /ˈaɪ̯s/ - is /ˈiˀs/
		owl /ˈaʊ̯l̩/ - ugle /ˈuːlə/
		out /ˈaʊ̯t/ - ud /ˈuˀð̞ˠ/
		ape /ˈeɪ̯p/ - abe /ˈaːb̥ə/
		ear /ˈiɚ/ - øre /ˈøːɐ/
		eel /ˈiɫ/ - ål /ˈɔˀl/
		oak /ˈoʊ̯k/ - eg /ˈeˀj/
		over /ˈoʊ̯vɚ/ - over /ˈoːvɐ/
		apple /ˈæpɫ̩/ - æble /ˈeːb̥lə/
		ash /ˈæʃ/ - aske /ˈɛskə/
		arm /ˈɑɹm/ - arm /ˈɑˀm/
		egg /ˈɛɡ/ - æg /ˈeˀɡ̊/
		edge /ˈɛʤ/ - æg /ˈeˀɡ̊/
		in /ˈɪn/ - i /ˈiˀ/
		us /ˈʌs/ - os /ˈʌs/
		oven /ˈʌvn̩/ - ovn /ˈɒwˀn/
		other /ˈʌðɚ/ - anden /ˈanən/
		three /θɹˈi/ - tre /ʦʰʁˈɛˀ/
		thousand /θˈaʊ̯zn̩d/ - tusind /ʦʰˈuˀsn̩/
		thank /θˈeɪ̯ŋk/ - takke /ʦʰˈɑkə/
		thief /θˈif/ - tyv /ʦʰˈyˀw/
		thorn /θˈɔɹn/ - tjørn /ʨˈœɐˀn/
		thick /θˈɪk/ - tyk /ʦʰˈyk/
		thin /θˈɪn/ - tynd /ʦʰˈønˀ/
		thing /θˈɪŋ/ - ting /ʦʰˈeŋˀ/

Final disqualified:
		beam /bˈim/ - træ /ʦʰʁˈeˀ/
		dry /dɹˈaɪ̯/ - tør /ʦʰˈœˀɐ/
		I /ˈaɪ̯/ - jeg /jˈɑj/
		eye /ˈaɪ̯/ - øje /ˈʌjə/


-------------------

****SAMPLE 3****
Iteration 1
	Qualified: 164
	Disqualified: 180
	Added: 0
	Removed: 8
		earth /ˈɝθ/ - jord /jˈoˀɐ/
		wish /wˈɪʃ/ - ønske /ˈœnskə/
		beam /bˈim/ - træ /ʦʰʁˈeˀ/
		wolf /wˈʊɫf/ - ulv /ˈulˀʋ/
		eye /ˈaɪ̯/ - øje /ˈʌjə/
		I /ˈaɪ̯/ - jeg /jˈɑj/
		heart /hˈɑɹt/ - hjerte /jˈɛɐtə/
		wheel /wˈiɫ/ - hjul /jˈuˀl/

Iteration 2
	Qualified: 167
	Disqualified: 177
	Added: 3
		heart /hˈɑɹt/ - hjerte /jˈɛɐtə/
		wolf /wˈʊɫf/ - ulv /ˈulˀʋ/
		wish /wˈɪʃ/ - ønske /ˈœnskə/
	Removed: 0

Iteration 3
	Qualified: 165
	Disqualified: 179
	Added: 0
	Removed: 2
		heart /hˈɑɹt/ - hjerte /jˈɛɐtə/
		wish /wˈɪʃ/ - ønske /ˈœnskə/

Iteration 4
	Qualified: 168
	Disqualified: 176
	Added: 3
		heart /hˈɑɹt/ - hjerte /jˈɛɐtə/
		wheel /wˈiɫ/ - hjul /jˈuˀl/
		wish /wˈɪʃ/ - ønske /ˈœnskə/
	Removed: 0

Iteration 5
	Qualified: 167
	Disqualified: 177
	Added: 0
	Removed: 1
		wish /wˈɪʃ/ - ønske /ˈœnskə/

Iteration 6
	Qualified: 168
	Disqualified: 176
	Added: 1
		wish /wˈɪʃ/ - ønske /ˈœnskə/
	Removed: 0

Final qualifying:
		blade /blˈeɪ̯d/ - blad /b̥lˈað̞ˠ/
		bloom /blˈum/ - blomst /b̥lˈʌmˀst/
		blood /blˈʌd/ - blod /b̥lˈoˀð̞ˠ/
		bread /bɹˈɛd/ - brød /b̥ʁˈœˀð̞ˠ/
		breast /bɹˈɛst/ - bryst /b̥ʁˈœst/
		bridge /bɹˈɪʤ/ - brygge /b̥ʁˈœɡ̊ə/
		bite /bˈaɪ̯t/ - bide /b̥ˈiːð̞ˠə/
		bone /bˈoʊ̯n/ - ben /b̥ˈeˀn/
		bath /bˈæθ/ - bad /b̥ˈað̞ˠ/
		better /bˈɛɾɚ/ - bedre /b̥ˈeð̞ˠʁə/
		bid /bˈɪd/ - bede /b̥ˈeˀ/
		bid /bˈɪd/ - byde /b̥ˈyːð̞ˠə/
		dwarf /dwˈɔɹf/ - dværg /d̥ʋˈæɐˀw/
		drive /dɹˈaɪ̯v/ - drive /d̥ʁˈiːw/
		dream /dɹˈim/ - drømme /d̥ʁˈœmə/
		dream /dɹˈim/ - drøm /d̥ʁˈœˀm/
		drink /dɹˈɪŋk/ - drikke /d̥ʁˈekə/
		day /dˈeɪ̯/ - dag /d̥ˈæˀj/
		deep /dˈip/ - dyb /d̥ˈyˀb̥/
		daughter /dˈɑtɚ/ - datter /d̥ˈɛtɐ/
		deadly /dˈɛdli/ - dødelig /d̥ˈøːð̞ˠəli/
		death /dˈɛθ/ - død /d̥ˈœˀð̞ˠ/
		fly /flˈaɪ̯/ - flue /flˈuːə/
		fly /flˈaɪ̯/ - flyve /flˈyːw/
		freeze /fɹˈiz/ - fryse /fʁˈyːsə/
		fresh /fɹˈɛʃ/ - frisk /fʁˈesk/
		five /fˈaɪ̯v/ - fem /fˈɛmˀ/
		fire /fˈaɪ̯ɚ/ - ild /ˈilˀ/
		fowl /fˈaʊ̯ɫ/ - fugl /fˈuˀl/
		feet /fˈit/ - fødder /fˈœð̞ˠɐ/
		follow /fˈɑloʊ̯/ - følge /fˈœlə/
		father /fˈɑðɚ/ - far /fˈɑː/
		feather /fˈɛðɚ/ - fjer /fjˈeˀɐ/
		finger /fˈɪŋɡɚ/ - finger /fˈeŋˀɐ/
		fish /fˈɪʃ/ - fisk /fˈesk/
		foot /fˈʊt/ - fod /fˈoˀð̞ˠ/
		full /fˈʊɫ/ - fuld /fˈulˀ/
		hound /hˈaʊ̯nd/ - hund /hˈunˀ/
		house /hˈaʊ̯s/ - hus /hˈuˀs/
		hear /hˈiɚ/ - høre /hˈøːɐ/
		here /hˈiɚ/ - her /hˈɛˀɐ/
		holy /hˈoʊ̯li/ - hellig /hˈɛli/
		home /hˈoʊ̯m/ - hjem /jˈɛˀm/
		hand /hˈænd/ - hånd /hˈʌnˀ/
		have /hˈæv/ - have /hˈɛːw/
		hot /hˈɑt/ - hed /hˈeˀð̞ˠ/
		heart /hˈɑɹt/ - hjerte /jˈɛɐtə/
		horn /hˈɔɹn/ - horn /hˈoɐˀn/
		horse /hˈɔɹs/ - hors /hˈɒːs/
		head /hˈɛd/ - hoved /hˈoːəð̞ˠ/
		hair /hˈɛɚ/ - hår /hˈɒˀ/
		hundred /hˈʌndɹəd/ - hundrede /hˈunɐð̞ˠə/
		honey /hˈʌni/ - honning /hˈʌneŋ/
		year /jˈiɚ/ - år /ˈɔˀ/
		yellow /jˈɛloʊ̯/ - gul /ɡ̊ˈuˀl/
		young /jˈʌŋ/ - ung /ˈɔŋˀ/
		quean /kʰwˈin/ - kone /kʰˈoːnə/
		cow /kʰˈaʊ̯/ - ko /kʰˈoˀ/
		cold /kʰˈoʊ̯ɫd/ - kold /kʰˈʌlˀ/
		calf /kʰˈæf/ - kalv /kʰˈɛlˀv/
		corn /kʰˈɔɹn/ - korn /kʰˈoɐˀn/
		king /kʰˈɪŋ/ - konge /kʰˈʌŋə/
		leaf /lˈif/ - løv /lˈœˀw/
		leap /lˈip/ - løbe /lˈøːb̥ə/
		laugh /lˈæf/ - le /lˈeˀ/
		lamb /lˈæm/ - lam /lˈɑmˀ/
		land /lˈænd/ - land /lˈanˀ/
		long /lˈɑŋ/ - lang /lˈɑŋˀ/
		liver /lˈɪvɚ/ - lever /lˈeˀwɐ/
		mice /mˈaɪ̯s/ - mus /mˈuˀs/
		mouse /mˈaʊ̯s/ - mus /mˈuˀs/
		me /mˈi/ - meg /mˈɑj/
		moon /mˈun/ - måne /mˈɔːnə/
		man /mˈæn/ - mand /mˈɛnˀ/
		men /mˈɛn/ - mænd /mˈenˀ/
		midge /mˈɪʤ/ - myg /mˈyɡ̊/
		mother /mˈʌðɚ/ - mor /mˈoːɐ/
		nine /nˈaɪ̯n/ - ni /nˈiˀ/
		night /nˈaɪ̯t/ - nat /nˈɛt/
		name /nˈeɪ̯m/ - navn /nˈawˀn/
		nail /nˈeɪ̯ɫ/ - negl /nˈɑjˀl/
		knee /nˈi/ - knæ /kʰnˈeˀ/
		needle /nˈidɫ̩/ - nål /nˈɔˀl/
		nose /nˈoʊ̯z/ - næse /nˈɛːsə/
		north /nˈɔɹθ/ - nord /nˈoɐˀ/
		plight /pʰlˈaɪ̯t/ - pligt /pʰlˈeɡ̊t/
		slay /slˈeɪ̯/ - slå /slˈɔˀ/
		sleep /slˈip/ - sove /sˈɒːw/
		snow /snˈoʊ̯/ - sne /snˈeˀ/
		stone /stˈoʊ̯n/ - sten /stˈeˀn/
		stool /stˈuɫ/ - stol /stˈoˀl/
		swine /swˈaɪ̯n/ - svin /sʋˈiˀn/
		sweet /swˈit/ - sød /sˈœˀð̞ˠ/
		swart /swˈɔɹt/ - sort /sˈoɐt/
		side /sˈaɪ̯d/ - side /sˈiːð̞ˠə/
		sow /sˈaʊ̯/ - so /sˈoˀ/
		say /sˈeɪ̯/ - sige /sˈiːə/
		see /sˈi/ - se /sˈeː/
		salt /sˈɑɫt/ - salt /sˈɛlˀt/
		sword /sˈɔɹd/ - sværd /sʋˈɛɐˀ/
		seven /sˈɛvən/ - syv /sˈyˀw/
		six /sˈɪks/ - seks /sˈɛks/
		sister /sˈɪstɚ/ - søster /sˈœstɐ/
		sit /sˈɪt/ - sidde /sˈeð̞ˠə/
		son /sˈʌn/ - søn /sˈœn/
		twenty /tʰwˈɛnti/ - tyve /ʦʰˈyːw/
		twelve /tʰwˈɛɫv/ - tolv /ʦʰˈʌlˀ/
		tide /tʰˈaɪ̯d/ - tid /ʦʰˈiˀð̞ˠ/
		tear /tʰˈiɚ/ - tåre /ʦʰˈɔːɐ/
		two /tʰˈu/ - to /ʦʰˈoˀ/
		tooth /tʰˈuθ/ - tand /ʦʰˈanˀ/
		ten /tʰˈɛn/ - ti /ʦʰˈiˀ/
		tongue /tʰˈʌŋ/ - tunge /ʦʰˈɔŋə/
		way /wˈeɪ̯/ - vej /ʋˈɑˀj/
		whale /wˈeɪ̯ɫ/ - hval /ʋˈɛˀl/
		wheel /wˈiɫ/ - hjul /jˈuˀl/
		water /wˈɑɾɚ/ - vand /ʋˈanˀ/
		warm /wˈɔɹm/ - varm /ʋˈɑˀm/
		weapon /wˈɛpən/ - våben /vˈɔˀb̥m̩/
		word /wˈɝd/ - ord /ˈoɐˀ/
		worm /wˈɝm/ - orm /ˈoɐˀm/
		wind /wˈɪnd/ - vind /ʋˈenˀ/
		wit /wˈɪt/ - vide /ʋˈiːð̞ˠə/
		wish /wˈɪʃ/ - ønske /ˈœnskə/
		wool /wˈʊɫ/ - uld /ˈulˀ/
		wolf /wˈʊɫf/ - ulv /ˈulˀʋ/
		what /wˈʌt/ - hvad /ʋˈað̞ˠ/
		thou /ðˈaʊ̯/ - du /d̥ˈu/
		eleven /əlˈɛvən/ - elleve /ˈɛlʋə/
		green /ɡɹˈin/ - grøn /ɡ̊ʁˈœˀn/
		grass /ɡɹˈæs/ - græs /ɡ̊ʁˈas/
		goat /ɡˈoʊ̯t/ - ged /ɡ̊ˈeˀð̞ˠ/
		gold /ɡˈoʊ̯ɫd/ - guld /ɡ̊ˈulˀ/
		good /ɡˈʊd/ - god /ɡ̊ˈoˀð̞ˠ/
		light /ɫˈaɪ̯t/ - let /lˈɛt/
		right /ɹˈaɪ̯t/ - ret /ʁˈat/
		rain /ɹˈeɪ̯n/ - regn /ʁˈɑjˀn/
		root /ɹˈut/ - rod /ʁˈoˀð̞ˠ/
		ring /ɹˈɪŋ/ - ring /ʁˈeŋˀ/
		rich /ɹˈɪʧ/ - rig /ʁˈiˀ/
		sheep /ʃˈip/ - får /fˈɒˀ/
		ship /ʃˈɪp/ - skib /skˈiˀb̥/
		shit /ʃˈɪt/ - skid /skˈiˀð̞ˠ/
		church /ʧˈɝʧ/ - kirke /kʰˈiɐkə/
		chicken /ʧˈɪkɪn/ - kylling /kʰˈyleŋ/
		ice /ˈaɪ̯s/ - is /ˈiˀs/
		owl /ˈaʊ̯l̩/ - ugle /ˈuːlə/
		out /ˈaʊ̯t/ - ud /ˈuˀð̞ˠ/
		ape /ˈeɪ̯p/ - abe /ˈaːb̥ə/
		eight /ˈeɪ̯t/ - otte /ˈoːtə/
		eat /ˈit/ - æde /ˈɛːð̞ˠə/
		ear /ˈiɚ/ - øre /ˈøːɐ/
		eel /ˈiɫ/ - ål /ˈɔˀl/
		oak /ˈoʊ̯k/ - eg /ˈeˀj/
		over /ˈoʊ̯vɚ/ - over /ˈoːvɐ/
		apple /ˈæpɫ̩/ - æble /ˈeːb̥lə/
		all /ˈɑɫ/ - al /ˈal/
		arm /ˈɑɹm/ - arm /ˈɑˀm/
		edge /ˈɛʤ/ - æg /ˈeˀɡ̊/
		in /ˈɪn/ - i /ˈiˀ/
		us /ˈʌs/ - os /ˈʌs/
		oven /ˈʌvn̩/ - ovn /ˈɒwˀn/
		three /θɹˈi/ - tre /ʦʰʁˈɛˀ/
		thousand /θˈaʊ̯zn̩d/ - tusind /ʦʰˈuˀsn̩/
		thank /θˈeɪ̯ŋk/ - takke /ʦʰˈɑkə/
		thief /θˈif/ - tyv /ʦʰˈyˀw/
		thorn /θˈɔɹn/ - tjørn /ʨˈœɐˀn/
		thin /θˈɪn/ - tynd /ʦʰˈønˀ/

Final disqualified:
		beam /bˈim/ - træ /ʦʰʁˈeˀ/
		I /ˈaɪ̯/ - jeg /jˈɑj/
		eye /ˈaɪ̯/ - øje /ˈʌjə/
		earth /ˈɝθ/ - jord /jˈoˀɐ/


-------------------

****SAMPLE 4****
Iteration 1
	Qualified: 162
	Disqualified: 182
	Added: 0
	Removed: 10
		earth /ˈɝθ/ - jord /jˈoˀɐ/
		wish /wˈɪʃ/ - ønske /ˈœnskə/
		beam /bˈim/ - træ /ʦʰʁˈeˀ/
		wolf /wˈʊɫf/ - ulv /ˈulˀʋ/
		eye /ˈaɪ̯/ - øje /ˈʌjə/
		dry /dɹˈaɪ̯/ - tør /ʦʰˈœˀɐ/
		I /ˈaɪ̯/ - jeg /jˈɑj/
		light /ɫˈaɪ̯t/ - lys /lˈyˀs/
		in /ˈɪn/ - i /ˈiˀ/
		wheel /wˈiɫ/ - hjul /jˈuˀl/

Iteration 2
	Qualified: 164
	Disqualified: 180
	Added: 2
		wolf /wˈʊɫf/ - ulv /ˈulˀʋ/
		wish /wˈɪʃ/ - ønske /ˈœnskə/
	Removed: 0

Iteration 3
	Qualified: 163
	Disqualified: 181
	Added: 0
	Removed: 1
		wish /wˈɪʃ/ - ønske /ˈœnskə/

Iteration 4
	Qualified: 164
	Disqualified: 180
	Added: 1
		wish /wˈɪʃ/ - ønske /ˈœnskə/
	Removed: 0

Final qualifying:
		bloom /blˈum/ - blomst /b̥lˈʌmˀst/
		blood /blˈʌd/ - blod /b̥lˈoˀð̞ˠ/
		bread /bɹˈɛd/ - brød /b̥ʁˈœˀð̞ˠ/
		bridge /bɹˈɪʤ/ - brygge /b̥ʁˈœɡ̊ə/
		brother /bɹˈʌðɚ/ - bror /b̥ʁˈoɐ/
		bite /bˈaɪ̯t/ - bide /b̥ˈiːð̞ˠə/
		bone /bˈoʊ̯n/ - ben /b̥ˈeˀn/
		boat /bˈoʊ̯t/ - båd /b̥ˈɔˀð̞ˠ/
		barrow /bˈæɹoʊ̯/ - bjerg /b̥jˈɛɐˀw/
		bear /bˈɛɚ/ - bjørn /b̥jˈœˀɐn/
		better /bˈɛɾɚ/ - bedre /b̥ˈeð̞ˠʁə/
		bid /bˈɪd/ - byde /b̥ˈyːð̞ˠə/
		book /bˈʊk/ - bog /b̥ˈoˀw/
		dwarf /dwˈɔɹf/ - dværg /d̥ʋˈæɐˀw/
		drive /dɹˈaɪ̯v/ - drive /d̥ʁˈiːw/
		dream /dɹˈim/ - drømme /d̥ʁˈœmə/
		dream /dɹˈim/ - drøm /d̥ʁˈœˀm/
		drink /dɹˈɪŋk/ - drikke /d̥ʁˈekə/
		day /dˈeɪ̯/ - dag /d̥ˈæˀj/
		deep /dˈip/ - dyb /d̥ˈyˀb̥/
		deer /dˈiɚ/ - dyr /d̥ˈyˀɐ/
		daughter /dˈɑtɚ/ - datter /d̥ˈɛtɐ/
		deadly /dˈɛdli/ - dødelig /d̥ˈøːð̞ˠəli/
		death /dˈɛθ/ - død /d̥ˈœˀð̞ˠ/
		few /fjˈu/ - få /fˈɔˀ/
		fly /flˈaɪ̯/ - flue /flˈuːə/
		fly /flˈaɪ̯/ - flyve /flˈyːw/
		freeze /fɹˈiz/ - fryse /fʁˈyːsə/
		friend /fɹˈɛnd/ - frænde /fʁˈɑnə/
		fresh /fɹˈɛʃ/ - frisk /fʁˈesk/
		five /fˈaɪ̯v/ - fem /fˈɛmˀ/
		fire /fˈaɪ̯ɚ/ - ild /ˈilˀ/
		feet /fˈit/ - fødder /fˈœð̞ˠɐ/
		follow /fˈɑloʊ̯/ - følge /fˈœlə/
		father /fˈɑðɚ/ - far /fˈɑː/
		four /fˈɔɹ/ - fire /fˈiːɐ/
		feather /fˈɛðɚ/ - fjer /fjˈeˀɐ/
		finger /fˈɪŋɡɚ/ - finger /fˈeŋˀɐ/
		fish /fˈɪʃ/ - fisk /fˈesk/
		foot /fˈʊt/ - fod /fˈoˀð̞ˠ/
		full /fˈʊɫ/ - fuld /fˈulˀ/
		high /hˈaɪ̯/ - høj /hˈʌˀj/
		hide /hˈaɪ̯d/ - hud /hˈuˀð̞ˠ/
		hound /hˈaʊ̯nd/ - hund /hˈunˀ/
		here /hˈiɚ/ - her /hˈɛˀɐ/
		holy /hˈoʊ̯li/ - hellig /hˈɛli/
		hand /hˈænd/ - hånd /hˈʌnˀ/
		have /hˈæv/ - have /hˈɛːw/
		hot /hˈɑt/ - hed /hˈeˀð̞ˠ/
		horn /hˈɔɹn/ - horn /hˈoɐˀn/
		horse /hˈɔɹs/ - hors /hˈɒːs/
		head /hˈɛd/ - hoved /hˈoːəð̞ˠ/
		hen /hˈɛn/ - høne /hˈœːnə/
		hare /hˈɛɚ/ - hare /hˈɑːɐ/
		hair /hˈɛɚ/ - hår /hˈɒˀ/
		hundred /hˈʌndɹəd/ - hundrede /hˈunɐð̞ˠə/
		honey /hˈʌni/ - honning /hˈʌneŋ/
		year /jˈiɚ/ - år /ˈɔˀ/
		yellow /jˈɛloʊ̯/ - gul /ɡ̊ˈuˀl/
		young /jˈʌŋ/ - ung /ˈɔŋˀ/
		quean /kʰwˈin/ - kvinde /kʰʋˈenə/
		quean /kʰwˈin/ - kone /kʰˈoːnə/
		cow /kʰˈaʊ̯/ - ko /kʰˈoˀ/
		cold /kʰˈoʊ̯ɫd/ - kold /kʰˈʌlˀ/
		calf /kʰˈæf/ - kalv /kʰˈɛlˀv/
		corn /kʰˈɔɹn/ - korn /kʰˈoɐˀn/
		king /kʰˈɪŋ/ - konge /kʰˈʌŋə/
		louse /lˈaʊ̯s/ - lus /lˈuˀs/
		leap /lˈip/ - løbe /lˈøːb̥ə/
		laugh /lˈæf/ - le /lˈeˀ/
		lamb /lˈæm/ - lam /lˈɑmˀ/
		land /lˈænd/ - land /lˈanˀ/
		long /lˈɑŋ/ - lang /lˈɑŋˀ/
		liver /lˈɪvɚ/ - lever /lˈeˀwɐ/
		mouse /mˈaʊ̯s/ - mus /mˈuˀs/
		mouth /mˈaʊ̯θ/ - mund /mˈɔnˀ/
		me /mˈi/ - meg /mˈɑj/
		moon /mˈun/ - måne /mˈɔːnə/
		man /mˈæn/ - mand /mˈɛnˀ/
		men /mˈɛn/ - mænd /mˈenˀ/
		milk /mˈɪɫk/ - mælk /mˈelˀk/
		midge /mˈɪʤ/ - myg /mˈyɡ̊/
		mother /mˈʌðɚ/ - mor /mˈoːɐ/
		night /nˈaɪ̯t/ - nat /nˈɛt/
		name /nˈeɪ̯m/ - navn /nˈawˀn/
		nail /nˈeɪ̯ɫ/ - negl /nˈɑjˀl/
		knee /nˈi/ - knæ /kʰnˈeˀ/
		needle /nˈidɫ̩/ - nål /nˈɔˀl/
		nose /nˈoʊ̯z/ - næse /nˈɛːsə/
		north /nˈɔɹθ/ - nord /nˈoɐˀ/
		plight /pʰlˈaɪ̯t/ - pligt /pʰlˈeɡ̊t/
		sleep /slˈip/ - sove /sˈɒːw/
		snow /snˈoʊ̯/ - sne /snˈeˀ/
		stone /stˈoʊ̯n/ - sten /stˈeˀn/
		star /stˈɑɹ/ - stjerne /stjˈæɐnə/
		storm /stˈɔɹm/ - storm /stˈɔˀm/
		sweet /swˈit/ - sød /sˈœˀð̞ˠ/
		swart /swˈɔɹt/ - sort /sˈoɐt/
		swim /swˈɪm/ - svømme /sʋˈœmə/
		side /sˈaɪ̯d/ - side /sˈiːð̞ˠə/
		sow /sˈaʊ̯/ - so /sˈoˀ/
		say /sˈeɪ̯/ - sige /sˈiːə/
		sword /sˈɔɹd/ - sværd /sʋˈɛɐˀ/
		seven /sˈɛvən/ - syv /sˈyˀw/
		sister /sˈɪstɚ/ - søster /sˈœstɐ/
		sit /sˈɪt/ - sidde /sˈeð̞ˠə/
		sing /sˈɪŋ/ - synge /sˈøŋə/
		son /sˈʌn/ - søn /sˈœn/
		twenty /tʰwˈɛnti/ - tyve /ʦʰˈyːw/
		tree /tʰɹˈi/ - træ /ʦʰʁˈeˀ/
		tide /tʰˈaɪ̯d/ - tid /ʦʰˈiˀð̞ˠ/
		tear /tʰˈiɚ/ - tåre /ʦʰˈɔːɐ/
		two /tʰˈu/ - to /ʦʰˈoˀ/
		tooth /tʰˈuθ/ - tand /ʦʰˈanˀ/
		ten /tʰˈɛn/ - ti /ʦʰˈiˀ/
		tongue /tʰˈʌŋ/ - tunge /ʦʰˈɔŋə/
		white /wˈaɪ̯t/ - hvid /ʋˈiˀð̞ˠ/
		way /wˈeɪ̯/ - vej /ʋˈɑˀj/
		whale /wˈeɪ̯ɫ/ - hval /ʋˈɛˀl/
		water /wˈɑɾɚ/ - vand /ʋˈanˀ/
		weapon /wˈɛpən/ - våben /vˈɔˀb̥m̩/
		weather /wˈɛðɚ/ - vejr /ʋˈɛˀɐ/
		word /wˈɝd/ - ord /ˈoɐˀ/
		worm /wˈɝm/ - orm /ˈoɐˀm/
		wind /wˈɪnd/ - vind /ʋˈenˀ/
		wit /wˈɪt/ - vide /ʋˈiːð̞ˠə/
		wish /wˈɪʃ/ - ønske /ˈœnskə/
		wool /wˈʊɫ/ - uld /ˈulˀ/
		wolf /wˈʊɫf/ - ulv /ˈulˀʋ/
		what /wˈʌt/ - hvad /ʋˈað̞ˠ/
		thou /ðˈaʊ̯/ - du /d̥ˈu/
		grass /ɡɹˈæs/ - græs /ɡ̊ʁˈas/
		goat /ɡˈoʊ̯t/ - ged /ɡ̊ˈeˀð̞ˠ/
		gold /ɡˈoʊ̯ɫd/ - guld /ɡ̊ˈulˀ/
		goose /ɡˈus/ - gås /ɡ̊ˈɔˀs/
		god /ɡˈɑd/ - gud /ɡ̊ˈuð̞ˠ/
		good /ɡˈʊd/ - god /ɡ̊ˈoˀð̞ˠ/
		light /ɫˈaɪ̯t/ - let /lˈɛt/
		right /ɹˈaɪ̯t/ - ret /ʁˈat/
		reek /ɹˈik/ - røg /ʁˈʌˀj/
		root /ɹˈut/ - rod /ʁˈoˀð̞ˠ/
		red /ɹˈɛd/ - rød /ʁˈœˀð̞ˠ/
		ring /ɹˈɪŋ/ - ring /ʁˈeŋˀ/
		rich /ɹˈɪʧ/ - rig /ʁˈiˀ/
		sheep /ʃˈip/ - får /fˈɒˀ/
		sharp /ʃˈɑɹp/ - skarp /skˈap/
		ship /ʃˈɪp/ - skib /skˈiˀb̥/
		church /ʧˈɝʧ/ - kirke /kʰˈiɐkə/
		chicken /ʧˈɪkɪn/ - kylling /kʰˈyleŋ/
		ice /ˈaɪ̯s/ - is /ˈiˀs/
		owl /ˈaʊ̯l̩/ - ugle /ˈuːlə/
		out /ˈaʊ̯t/ - ud /ˈuˀð̞ˠ/
		eat /ˈit/ - æde /ˈɛːð̞ˠə/
		over /ˈoʊ̯vɚ/ - over /ˈoːvɐ/
		arm /ˈɑɹm/ - arm /ˈɑˀm/
		egg /ˈɛɡ/ - æg /ˈeˀɡ̊/
		edge /ˈɛʤ/ - æg /ˈeˀɡ̊/
		oven /ˈʌvn̩/ - ovn /ˈɒwˀn/
		other /ˈʌðɚ/ - anden /ˈanən/
		thank /θˈeɪ̯ŋk/ - takke /ʦʰˈɑkə/
		thief /θˈif/ - tyv /ʦʰˈyˀw/
		thorn /θˈɔɹn/ - tjørn /ʨˈœɐˀn/
		thick /θˈɪk/ - tyk /ʦʰˈyk/
		thin /θˈɪn/ - tynd /ʦʰˈønˀ/

Final disqualified:
		beam /bˈim/ - træ /ʦʰʁˈeˀ/
		dry /dɹˈaɪ̯/ - tør /ʦʰˈœˀɐ/
		wheel /wˈiɫ/ - hjul /jˈuˀl/
		light /ɫˈaɪ̯t/ - lys /lˈyˀs/
		I /ˈaɪ̯/ - jeg /jˈɑj/
		eye /ˈaɪ̯/ - øje /ˈʌjə/
		earth /ˈɝθ/ - jord /jˈoˀɐ/
		in /ˈɪn/ - i /ˈiˀ/


-------------------

****SAMPLE 5****
Iteration 1
	Qualified: 165
	Disqualified: 179
	Added: 0
	Removed: 7
		earth /ˈɝθ/ - jord /jˈoˀɐ/
		beam /bˈim/ - træ /ʦʰʁˈeˀ/
		dry /dɹˈaɪ̯/ - tør /ʦʰˈœˀɐ/
		I /ˈaɪ̯/ - jeg /jˈɑj/
		heart /hˈɑɹt/ - hjerte /jˈɛɐtə/
		in /ˈɪn/ - i /ˈiˀ/
		wheel /wˈiɫ/ - hjul /jˈuˀl/

Iteration 2
	Qualified: 165
	Disqualified: 179
	Added: 0
	Removed: 0

Final qualifying:
		blade /blˈeɪ̯d/ - blad /b̥lˈað̞ˠ/
		bloom /blˈum/ - blomst /b̥lˈʌmˀst/
		blood /blˈʌd/ - blod /b̥lˈoˀð̞ˠ/
		bread /bɹˈɛd/ - brød /b̥ʁˈœˀð̞ˠ/
		breast /bɹˈɛst/ - bryst /b̥ʁˈœst/
		bridge /bɹˈɪʤ/ - brygge /b̥ʁˈœɡ̊ə/
		brother /bɹˈʌðɚ/ - bror /b̥ʁˈoɐ/
		bite /bˈaɪ̯t/ - bide /b̥ˈiːð̞ˠə/
		bee /bˈi/ - bi /b̥ˈiˀ/
		bone /bˈoʊ̯n/ - ben /b̥ˈeˀn/
		boat /bˈoʊ̯t/ - båd /b̥ˈɔˀð̞ˠ/
		bath /bˈæθ/ - bad /b̥ˈað̞ˠ/
		bear /bˈɛɚ/ - bjørn /b̥jˈœˀɐn/
		better /bˈɛɾɚ/ - bedre /b̥ˈeð̞ˠʁə/
		bid /bˈɪd/ - bede /b̥ˈeˀ/
		book /bˈʊk/ - bog /b̥ˈoˀw/
		dwarf /dwˈɔɹf/ - dværg /d̥ʋˈæɐˀw/
		dream /dɹˈim/ - drømme /d̥ʁˈœmə/
		dream /dɹˈim/ - drøm /d̥ʁˈœˀm/
		day /dˈeɪ̯/ - dag /d̥ˈæˀj/
		deep /dˈip/ - dyb /d̥ˈyˀb̥/
		dear /dˈiɚ/ - dyr /d̥ˈyˀɐ/
		deer /dˈiɚ/ - dyr /d̥ˈyˀɐ/
		daughter /dˈɑtɚ/ - datter /d̥ˈɛtɐ/
		deadly /dˈɛdli/ - dødelig /d̥ˈøːð̞ˠəli/
		death /dˈɛθ/ - død /d̥ˈœˀð̞ˠ/
		few /fjˈu/ - få /fˈɔˀ/
		fly /flˈaɪ̯/ - flue /flˈuːə/
		freeze /fɹˈiz/ - fryse /fʁˈyːsə/
		friend /fɹˈɛnd/ - frænde /fʁˈɑnə/
		fresh /fɹˈɛʃ/ - frisk /fʁˈesk/
		fire /fˈaɪ̯ɚ/ - ild /ˈilˀ/
		fowl /fˈaʊ̯ɫ/ - fugl /fˈuˀl/
		follow /fˈɑloʊ̯/ - følge /fˈœlə/
		father /fˈɑðɚ/ - far /fˈɑː/
		four /fˈɔɹ/ - fire /fˈiːɐ/
		feather /fˈɛðɚ/ - fjer /fjˈeˀɐ/
		finger /fˈɪŋɡɚ/ - finger /fˈeŋˀɐ/
		fish /fˈɪʃ/ - fisk /fˈesk/
		full /fˈʊɫ/ - fuld /fˈulˀ/
		high /hˈaɪ̯/ - høj /hˈʌˀj/
		hide /hˈaɪ̯d/ - hud /hˈuˀð̞ˠ/
		hound /hˈaʊ̯nd/ - hund /hˈunˀ/
		house /hˈaʊ̯s/ - hus /hˈuˀs/
		hear /hˈiɚ/ - høre /hˈøːɐ/
		here /hˈiɚ/ - her /hˈɛˀɐ/
		hand /hˈænd/ - hånd /hˈʌnˀ/
		have /hˈæv/ - have /hˈɛːw/
		hot /hˈɑt/ - hed /hˈeˀð̞ˠ/
		horse /hˈɔɹs/ - hors /hˈɒːs/
		hen /hˈɛn/ - høne /hˈœːnə/
		hare /hˈɛɚ/ - hare /hˈɑːɐ/
		hundred /hˈʌndɹəd/ - hundrede /hˈunɐð̞ˠə/
		honey /hˈʌni/ - honning /hˈʌneŋ/
		yellow /jˈɛloʊ̯/ - gul /ɡ̊ˈuˀl/
		quean /kʰwˈin/ - kvinde /kʰʋˈenə/
		quean /kʰwˈin/ - kone /kʰˈoːnə/
		cow /kʰˈaʊ̯/ - ko /kʰˈoˀ/
		cold /kʰˈoʊ̯ɫd/ - kold /kʰˈʌlˀ/
		calf /kʰˈæf/ - kalv /kʰˈɛlˀv/
		corn /kʰˈɔɹn/ - korn /kʰˈoɐˀn/
		king /kʰˈɪŋ/ - konge /kʰˈʌŋə/
		louse /lˈaʊ̯s/ - lus /lˈuˀs/
		leap /lˈip/ - løbe /lˈøːb̥ə/
		laugh /lˈæf/ - le /lˈeˀ/
		lamb /lˈæm/ - lam /lˈɑmˀ/
		land /lˈænd/ - land /lˈanˀ/
		long /lˈɑŋ/ - lang /lˈɑŋˀ/
		liver /lˈɪvɚ/ - lever /lˈeˀwɐ/
		mouse /mˈaʊ̯s/ - mus /mˈuˀs/
		mouth /mˈaʊ̯θ/ - mund /mˈɔnˀ/
		me /mˈi/ - meg /mˈɑj/
		moon /mˈun/ - måne /mˈɔːnə/
		man /mˈæn/ - mand /mˈɛnˀ/
		men /mˈɛn/ - mænd /mˈenˀ/
		milk /mˈɪɫk/ - mælk /mˈelˀk/
		midge /mˈɪʤ/ - myg /mˈyɡ̊/
		mother /mˈʌðɚ/ - mor /mˈoːɐ/
		nine /nˈaɪ̯n/ - ni /nˈiˀ/
		night /nˈaɪ̯t/ - nat /nˈɛt/
		name /nˈeɪ̯m/ - navn /nˈawˀn/
		nail /nˈeɪ̯ɫ/ - negl /nˈɑjˀl/
		knee /nˈi/ - knæ /kʰnˈeˀ/
		needle /nˈidɫ̩/ - nål /nˈɔˀl/
		nose /nˈoʊ̯z/ - næse /nˈɛːsə/
		new /nˈu/ - ny /nˈyˀ/
		north /nˈɔɹθ/ - nord /nˈoɐˀ/
		plight /pʰlˈaɪ̯t/ - pligt /pʰlˈeɡ̊t/
		sleep /slˈip/ - sove /sˈɒːw/
		snow /snˈoʊ̯/ - sne /snˈeˀ/
		stone /stˈoʊ̯n/ - sten /stˈeˀn/
		stool /stˈuɫ/ - stol /stˈoˀl/
		star /stˈɑɹ/ - stjerne /stjˈæɐnə/
		storm /stˈɔɹm/ - storm /stˈɔˀm/
		swine /swˈaɪ̯n/ - svin /sʋˈiˀn/
		swim /swˈɪm/ - svømme /sʋˈœmə/
		side /sˈaɪ̯d/ - side /sˈiːð̞ˠə/
		say /sˈeɪ̯/ - sige /sˈiːə/
		see /sˈi/ - se /sˈeː/
		sand /sˈænd/ - sand /sˈanˀ/
		seven /sˈɛvən/ - syv /sˈyˀw/
		sister /sˈɪstɚ/ - søster /sˈœstɐ/
		sit /sˈɪt/ - sidde /sˈeð̞ˠə/
		sing /sˈɪŋ/ - synge /sˈøŋə/
		son /sˈʌn/ - søn /sˈœn/
		tree /tʰɹˈi/ - træ /ʦʰʁˈeˀ/
		tide /tʰˈaɪ̯d/ - tid /ʦʰˈiˀð̞ˠ/
		two /tʰˈu/ - to /ʦʰˈoˀ/
		tooth /tʰˈuθ/ - tand /ʦʰˈanˀ/
		tongue /tʰˈʌŋ/ - tunge /ʦʰˈɔŋə/
		white /wˈaɪ̯t/ - hvid /ʋˈiˀð̞ˠ/
		way /wˈeɪ̯/ - vej /ʋˈɑˀj/
		whale /wˈeɪ̯ɫ/ - hval /ʋˈɛˀl/
		we /wˈi/ - we /ʋˈi/
		warm /wˈɔɹm/ - varm /ʋˈɑˀm/
		weather /wˈɛðɚ/ - vejr /ʋˈɛˀɐ/
		worm /wˈɝm/ - orm /ˈoɐˀm/
		wind /wˈɪnd/ - vind /ʋˈenˀ/
		wit /wˈɪt/ - vide /ʋˈiːð̞ˠə/
		wish /wˈɪʃ/ - ønske /ˈœnskə/
		one /wˈʌn/ - en /ˈeˀn/
		what /wˈʌt/ - hvad /ʋˈað̞ˠ/
		thou /ðˈaʊ̯/ - du /d̥ˈu/
		eleven /əlˈɛvən/ - elleve /ˈɛlʋə/
		green /ɡɹˈin/ - grøn /ɡ̊ʁˈœˀn/
		goat /ɡˈoʊ̯t/ - ged /ɡ̊ˈeˀð̞ˠ/
		gold /ɡˈoʊ̯ɫd/ - guld /ɡ̊ˈulˀ/
		goose /ɡˈus/ - gås /ɡ̊ˈɔˀs/
		god /ɡˈɑd/ - gud /ɡ̊ˈuð̞ˠ/
		light /ɫˈaɪ̯t/ - lys /lˈyˀs/
		light /ɫˈaɪ̯t/ - let /lˈɛt/
		right /ɹˈaɪ̯t/ - ret /ʁˈat/
		rain /ɹˈeɪ̯n/ - regn /ʁˈɑjˀn/
		root /ɹˈut/ - rod /ʁˈoˀð̞ˠ/
		ring /ɹˈɪŋ/ - ring /ʁˈeŋˀ/
		sheep /ʃˈip/ - får /fˈɒˀ/
		sharp /ʃˈɑɹp/ - skarp /skˈap/
		ship /ʃˈɪp/ - skib /skˈiˀb̥/
		shit /ʃˈɪt/ - skid /skˈiˀð̞ˠ/
		church /ʧˈɝʧ/ - kirke /kʰˈiɐkə/
		chicken /ʧˈɪkɪn/ - kylling /kʰˈyleŋ/
		ice /ˈaɪ̯s/ - is /ˈiˀs/
		owl /ˈaʊ̯l̩/ - ugle /ˈuːlə/
		out /ˈaʊ̯t/ - ud /ˈuˀð̞ˠ/
		ape /ˈeɪ̯p/ - abe /ˈaːb̥ə/
		eight /ˈeɪ̯t/ - otte /ˈoːtə/
		eat /ˈit/ - æde /ˈɛːð̞ˠə/
		ear /ˈiɚ/ - øre /ˈøːɐ/
		oak /ˈoʊ̯k/ - eg /ˈeˀj/
		over /ˈoʊ̯vɚ/ - over /ˈoːvɐ/
		apple /ˈæpɫ̩/ - æble /ˈeːb̥lə/
		ash /ˈæʃ/ - aske /ˈɛskə/
		all /ˈɑɫ/ - al /ˈal/
		arm /ˈɑɹm/ - arm /ˈɑˀm/
		egg /ˈɛɡ/ - æg /ˈeˀɡ̊/
		edge /ˈɛʤ/ - æg /ˈeˀɡ̊/
		oven /ˈʌvn̩/ - ovn /ˈɒwˀn/
		other /ˈʌðɚ/ - anden /ˈanən/
		three /θɹˈi/ - tre /ʦʰʁˈɛˀ/
		thousand /θˈaʊ̯zn̩d/ - tusind /ʦʰˈuˀsn̩/
		thank /θˈeɪ̯ŋk/ - takke /ʦʰˈɑkə/
		thorn /θˈɔɹn/ - tjørn /ʨˈœɐˀn/
		thick /θˈɪk/ - tyk /ʦʰˈyk/
		thin /θˈɪn/ - tynd /ʦʰˈønˀ/
		thing /θˈɪŋ/ - ting /ʦʰˈeŋˀ/

Final disqualified:
		beam /bˈim/ - træ /ʦʰʁˈeˀ/
		dry /dɹˈaɪ̯/ - tør /ʦʰˈœˀɐ/
		heart /hˈɑɹt/ - hjerte /jˈɛɐtə/
		wheel /wˈiɫ/ - hjul /jˈuˀl/
		I /ˈaɪ̯/ - jeg /jˈɑj/
		earth /ˈɝθ/ - jord /jˈoˀɐ/
		in /ˈɪn/ - i /ˈiˀ/


-------------------

