/anoʊ̯/ - /anoʊ̯/
a-a / n-n / oʊ̯-oʊ̯
{0: [0], 1: [1], 2: [2]}
{0: [0], 1: [1], 2: [2]}
COST: -1.874

-------------------

/aswɛʁ/ - /aswɛʁ/
a-a / s-s / w-w / ɛ-ɛ / ʁ-ʁ
{0: [0], 1: [1], 2: [2], 3: [3], 4: [4]}
{0: [0], 1: [1], 2: [2], 3: [3], 4: [4]}
COST: 5.458

-------------------

/aɲoʊ̯/ - /aɲoʊ̯/
a-a / ɲ-ɲ / oʊ̯-oʊ̯
{0: [0], 1: [1], 2: [2]}
{0: [0], 1: [1], 2: [2]}
COST: 1.03

-------------------

/aʁbʁ/ - /aʁbʁ/
a-a / ʁ-ʁ / b-b / ʁ-ʁ
{0: [0], 1: [1], 2: [2], 3: [3]}
{0: [0], 1: [1], 2: [2], 3: [3]}
COST: 0.047

-------------------

/aʁæɛ̯ɲe/ - /aʁæɛ̯ɲe/
a-a / ʁ-ʁ / æɛ̯-æɛ̯ / ɲ-ɲ / e-e
{0: [0], 1: [1], 2: [2], 3: [3], 4: [4]}
{0: [0], 1: [1], 2: [2], 3: [3], 4: [4]}
COST: 9.117

-------------------

/aʁʒɪl/ - /aʁʒɪl/
a-a / ʁ-ʁ / ʒ-ʒ / ɪ-ɪ / l-l
{0: [0], 1: [1], 2: [2], 3: [3], 4: [4]}
{0: [0], 1: [1], 2: [2], 3: [3], 4: [4]}
COST: 7.257

-------------------

/ã/ - /ã/
ã-ã
{0: [0]}
{0: [0]}
COST: -13.464

-------------------

/ãʒ/ - /ãʒ/
ã-ã / ʒ-ʒ
{0: [0], 1: [1]}
{0: [0], 1: [1]}
COST: -7.326

-------------------

/bẽɪ̯̃/ - /bẽɪ̯̃/
b-b / ẽɪ̯̃-ẽɪ̯̃
{0: [0], 1: [1]}
{0: [0], 1: [1]}
COST: -7.457

-------------------

/bjẽɪ̯̃/ - /bjẽɪ̯̃/
b-b / j-j / ẽɪ̯̃-ẽɪ̯̃
{0: [0], 1: [1], 2: [2]}
{0: [0], 1: [1], 2: [2]}
COST: -1.532

-------------------

/blã/ - /blã/
b-b / l-l / ã-ã
{0: [0], 1: [1], 2: [2]}
{0: [0], 1: [1], 2: [2]}
COST: -2.278

-------------------

/boʊ̯/ - /boʊ̯/
b-b / oʊ̯-oʊ̯
{0: [0], 1: [1]}
{0: [0], 1: [1]}
COST: -6.836

-------------------

/bwɛʁ/ - /bwɛʁ/
b-b / w-w / ɛ-ɛ / ʁ-ʁ
{0: [0], 1: [1], 2: [2], 3: [3]}
{0: [0], 1: [1], 2: [2], 3: [3]}
COST: 1.146

-------------------

/bœf/ - /bœf/
b-b / œ-œ / f-f
{0: [0], 1: [1], 2: [2]}
{0: [0], 1: [1], 2: [2]}
COST: -1.813

-------------------

/bɑ/ - /bɑ/
b-b / ɑ-ɑ
{0: [0], 1: [1]}
{0: [0], 1: [1]}
COST: -7.682

-------------------

/bɒ̃ʊ̯̃/ - /bɒ̃ʊ̯̃/
b-b / ɒ̃ʊ̯̃-ɒ̃ʊ̯̃
{0: [0], 1: [1]}
{0: [0], 1: [1]}
COST: -6.941

-------------------

/bɔn/ - /bɔn/
b-b / ɔ-ɔ / n-n
{0: [0], 1: [1], 2: [2]}
{0: [0], 1: [1], 2: [2]}
COST: -1.16

-------------------

/bɛl/ - /bɛl/
b-b / ɛ-ɛ / l-l
{0: [0], 1: [1], 2: [2]}
{0: [0], 1: [1], 2: [2]}
COST: -3.589

-------------------

/bʁyle/ - /bʁyle/
b-b / ʁ-ʁ / y-y / l-l / e-e
{0: [0], 1: [1], 2: [2], 3: [3], 4: [4]}
{0: [0], 1: [1], 2: [2], 3: [3], 4: [4]}
COST: 7.994

-------------------

/bʁœbi/ - /bʁœbi/
b-b / ʁ-ʁ / œ-œ / b-b / i-i
{0: [0], 1: [1], 2: [2], 3: [3], 4: [4]}
{0: [0], 1: [1], 2: [2], 3: [3], 4: [4]}
COST: 8.465

-------------------

/bʊʃ/ - /bʊʃ/
b-b / ∅-ʊ / ʊ-∅ / ʃ-ʃ
{0: [0], 1: None, 2: [1], 3: [2]}
{0: [0], 1: [1], 2: None, 3: [2]}
COST: -17.281

-------------------

/dam/ - /dam/
d-d / a-a / m-m
{0: [0], 1: [1], 2: [2]}
{0: [0], 1: [1], 2: [2]}
COST: -1.836

-------------------

/dã/ - /dã/
d-d / ã-ã
{0: [0], 1: [1]}
{0: [0], 1: [1]}
COST: -6.767

-------------------

/du/ - /du/
d-d / u-u
{0: [0], 1: [1]}
{0: [0], 1: [1]}
COST: -7.055

-------------------

/duz/ - /duz/
d-d / u-u / z-z
{0: [0], 1: [1], 2: [2]}
{0: [0], 1: [1], 2: [2]}
COST: 0.931

-------------------

/dwɛ/ - /dwɛ/
d-d / w-w / ɛ-ɛ
{0: [0], 1: [1], 2: [2]}
{0: [0], 1: [1], 2: [2]}
COST: -2.481

-------------------

/døʏ̯/ - /døʏ̯/
d-d / øʏ̯-øʏ̯
{0: [0], 1: [1]}
{0: [0], 1: [1]}
COST: -6.15

-------------------

/dɑɔ̯ʁmiʁ/ - /dɑɔ̯ʁmiʁ/
d-d / ɑɔ̯-ɑɔ̯ / ʁ_m-ʁ_m / i-i / ʁ-ʁ
{0: [0], 1: [1], 2: [2, 3], 3: [4], 4: [5]}
{0: [0], 1: [1], 2: [2, 3], 3: [4], 4: [5]}
COST: 14.208

-------------------

/dɒ̃ʊ̯̃/ - /dɒ̃ʊ̯̃/
d-d / ɒ̃ʊ̯̃-ɒ̃ʊ̯̃
{0: [0], 1: [1]}
{0: [0], 1: [1]}
COST: -6.63

-------------------

/dɔn/ - /dɔn/
d-d / ɔ-ɔ / n-n
{0: [0], 1: [1], 2: [2]}
{0: [0], 1: [1], 2: [2]}
COST: -0.85

-------------------

/dʁaɡɒ̃ʊ̯̃/ - /dʁaɡɒ̃ʊ̯̃/
d-d / ʁ-ʁ / a-a / ɡ-ɡ / ɒ̃ʊ̯̃-ɒ̃ʊ̯̃
{0: [0], 1: [1], 2: [2], 3: [3], 4: [4]}
{0: [0], 1: [1], 2: [2], 3: [3], 4: [4]}
COST: 10.025

-------------------

/e/ - /e/
e-e
{0: [0]}
{0: [0]}
COST: -14.404

-------------------

/ekute/ - /ekute/
e-e / k-k / u-u / t-t / e-e
{0: [0], 1: [1], 2: [2], 3: [3], 4: [4]}
{0: [0], 1: [1], 2: [2], 3: [3], 4: [4]}
COST: 9.113

-------------------

/ekɑɔ̯ʁs/ - /ekɑɔ̯ʁs/
e-e / k-k / ɑɔ̯-ɑɔ̯ / ʁ_s-ʁ_s
{0: [0], 1: [1], 2: [2], 3: [3, 4]}
{0: [0], 1: [1], 2: [2], 3: [3, 4]}
COST: 9.273

-------------------

/ekʁiʁ/ - /ekʁiʁ/
e-e / k-k / ʁ-ʁ / i-i / ʁ-ʁ
{0: [0], 1: [1], 2: [2], 3: [3], 4: [4]}
{0: [0], 1: [1], 2: [2], 3: [3], 4: [4]}
COST: 4.902

-------------------

/epi/ - /epi/
e-e / p-p / i-i
{0: [0], 1: [1], 2: [2]}
{0: [0], 1: [1], 2: [2]}
COST: -3.129

-------------------

/epɪn/ - /epɪn/
e-e / p-p / ɪ-ɪ / n-n
{0: [0], 1: [1], 2: [2], 3: [3]}
{0: [0], 1: [1], 2: [2], 3: [3]}
COST: 3.469

-------------------

/ete/ - /ete/
e-e / t-t / e-e
{0: [0], 1: [1], 2: [2]}
{0: [0], 1: [1], 2: [2]}
COST: -2.999

-------------------

/etwɛl/ - /etwɛl/
e-e / t-t / w-w / ɛ-ɛ / l-l
{0: [0], 1: [1], 2: [2], 3: [3], 4: [4]}
{0: [0], 1: [1], 2: [2], 3: [3], 4: [4]}
COST: 7.025

-------------------

/eɡal/ - /eɡal/
e-e / ɡ-ɡ / a-a / l-l
{0: [0], 1: [1], 2: [2], 3: [3]}
{0: [0], 1: [1], 2: [2], 3: [3]}
COST: 3.113

-------------------

/fam/ - /fam/
f-f / a-a / m-m
{0: [0], 1: [1], 2: [2]}
{0: [0], 1: [1], 2: [2]}
COST: -2.922

-------------------

/faʁɪn/ - /faʁɪn/
f-f / a-a / ʁ-ʁ / ɪ-ɪ / n-n
{0: [0], 1: [1], 2: [2], 3: [3], 4: [4]}
{0: [0], 1: [1], 2: [2], 3: [3], 4: [4]}
COST: 7.497

-------------------

/fe/ - /fe/
f-f / e-e
{0: [0], 1: [1]}
{0: [0], 1: [1]}
COST: -8.792

-------------------

/fẽɪ̯̃/ - /fẽɪ̯̃/
f-f / ẽɪ̯̃-ẽɪ̯̃
{0: [0], 1: [1]}
{0: [0], 1: [1]}
COST: -8.232

-------------------

/fisɛl/ - /fisɛl/
f-f / i-i / s-s / ɛ-ɛ / l-l
{0: [0], 1: [1], 2: [2], 3: [3], 4: [4]}
{0: [0], 1: [1], 2: [2], 3: [3], 4: [4]}
COST: 6.116

-------------------

/flam/ - /flam/
f-f / l-l / a-a / m-m
{0: [0], 1: [1], 2: [2], 3: [3]}
{0: [0], 1: [1], 2: [2], 3: [3]}
COST: 1.877

-------------------

/flaœ̯ʁ/ - /flaœ̯ʁ/
f-f / l-l / aœ̯-aœ̯ / ʁ-ʁ
{0: [0], 1: [1], 2: [2], 3: [3]}
{0: [0], 1: [1], 2: [2], 3: [3]}
COST: 2.712

-------------------

/foʊ̯/ - /foʊ̯/
f-f / oʊ̯-oʊ̯
{0: [0], 1: [1]}
{0: [0], 1: [1]}
COST: -7.611

-------------------

/fu/ - /fu/
f-f / u-u
{0: [0], 1: [1]}
{0: [0], 1: [1]}
COST: -8.14

-------------------

/fwɛ/ - /fwɛ/
f-f / w-w / ɛ-ɛ
{0: [0], 1: [1], 2: [2]}
{0: [0], 1: [1], 2: [2]}
COST: -3.567

-------------------

/fyme/ - /fyme/
f-f / y-y / m-m / e-e
{0: [0], 1: [1], 2: [2], 3: [3]}
{0: [0], 1: [1], 2: [2], 3: [3]}
COST: 4.164

-------------------

/fæɛ̯/ - /fæɛ̯/
f-f / æɛ̯-æɛ̯
{0: [0], 1: [1]}
{0: [0], 1: [1]}
COST: -9.059

-------------------

/fæɛ̯ʁ/ - /fæɛ̯ʁ/
f-f / æɛ̯-æɛ̯ / ʁ-ʁ
{0: [0], 1: [1], 2: [2]}
{0: [0], 1: [1], 2: [2]}
COST: -5.121

-------------------

/føʏ̯/ - /føʏ̯/
f-f / øʏ̯-øʏ̯
{0: [0], 1: [1]}
{0: [0], 1: [1]}
COST: -7.236

-------------------

/fœj/ - /fœj/
f-f / œ-œ / j-j
{0: [0], 1: [1], 2: [2]}
{0: [0], 1: [1], 2: [2]}
COST: -2.275

-------------------

/fɑɔ̯ʁ/ - /fɑɔ̯ʁ/
f-f / ɑɔ̯-ɑɔ̯ / ʁ-ʁ
{0: [0], 1: [1], 2: [2]}
{0: [0], 1: [1], 2: [2]}
COST: -3.069

-------------------

/fɑɔ̯ʁs/ - /fɑɔ̯ʁs/
f-f / ɑɔ̯-ɑɔ̯ / ʁ_s-ʁ_s
{0: [0], 1: [1], 2: [2, 3]}
{0: [0], 1: [1], 2: [2, 3]}
COST: 3.424

-------------------

/fɛɪ̯t/ - /fɛɪ̯t/
f-f / ɛɪ̯-ɛɪ̯ / t-t
{0: [0], 1: [1], 2: [2]}
{0: [0], 1: [1], 2: [2]}
COST: -2.665

-------------------

/fɪj/ - /fɪj/
f-f / ɪ-ɪ / j-j
{0: [0], 1: [1], 2: [2]}
{0: [0], 1: [1], 2: [2]}
COST: -1.865

-------------------

/fɪl/ - /fɪl/
f-f / ɪ-ɪ / l-l
{0: [0], 1: [1], 2: [2]}
{0: [0], 1: [1], 2: [2]}
COST: -2.99

-------------------

/fɪs/ - /fɪs/
f-f / ɪ-ɪ / s-s
{0: [0], 1: [1], 2: [2]}
{0: [0], 1: [1], 2: [2]}
COST: -2.875

-------------------

/fʁwɛ/ - /fʁwɛ/
f-f / ʁ-ʁ / w-w / ɛ-ɛ
{0: [0], 1: [1], 2: [2], 3: [3]}
{0: [0], 1: [1], 2: [2], 3: [3]}
COST: 0.371

-------------------

/fʁæɛ̯ʁ/ - /fʁæɛ̯ʁ/
f-f / ʁ-ʁ / æɛ̯-æɛ̯ / ʁ-ʁ
{0: [0], 1: [1], 2: [2], 3: [3]}
{0: [0], 1: [1], 2: [2], 3: [3]}
COST: -1.183

-------------------

/fʁɥi/ - /fʁɥi/
f-f / ʁ-ʁ / ɥ-ɥ / i-i
{0: [0], 1: [1], 2: [2], 3: [3]}
{0: [0], 1: [1], 2: [2], 3: [3]}
COST: 2.375

-------------------

/ivæɛ̯ʁ/ - /ivæɛ̯ʁ/
i-i / v-v / æɛ̯-æɛ̯ / ʁ-ʁ
{0: [0], 1: [1], 2: [2], 3: [3]}
{0: [0], 1: [1], 2: [2], 3: [3]}
COST: 0.462

-------------------

/jøʏ̯/ - /jøʏ̯/
j-j / øʏ̯-øʏ̯
{0: [0], 1: [1]}
{0: [0], 1: [1]}
COST: -6.922

-------------------

/katʁ/ - /katʁ/
k-k / a-a / t-t / ʁ-ʁ
{0: [0], 1: [1], 2: [2], 3: [3]}
{0: [0], 1: [1], 2: [2], 3: [3]}
COST: 1.395

-------------------

/kaœ̯ʁ/ - /kaœ̯ʁ/
k-k / aœ̯-aœ̯ / ʁ-ʁ
{0: [0], 1: [1], 2: [2]}
{0: [0], 1: [1], 2: [2]}
COST: -1.835

-------------------

/ki/ - /ki/
k-k / i-i
{0: [0], 1: [1]}
{0: [0], 1: [1]}
COST: -8.57

-------------------

/klame/ - /klame/
k-k / l-l / a-a / m-m / e-e
{0: [0], 1: [1], 2: [2], 3: [3], 4: [4]}
{0: [0], 1: [1], 2: [2], 3: [3], 4: [4]}
COST: 7.727

-------------------

/kle/ - /kle/
k-k / l-l / e-e
{0: [0], 1: [1], 2: [2]}
{0: [0], 1: [1], 2: [2]}
COST: -3.739

-------------------

/kot/ - /kot/
k-k / o-o / t-t
{0: [0], 1: [1], 2: [2]}
{0: [0], 1: [1], 2: [2]}
COST: 0.066

-------------------

/ku/ - /ku/
k-k / u-u
{0: [0], 1: [1]}
{0: [0], 1: [1]}
COST: -7.888

-------------------

/kulaœ̯ʁ/ - /kulaœ̯ʁ/
k-k / u-u / l-l / aœ̯-aœ̯ / ʁ-ʁ
{0: [0], 1: [1], 2: [2], 3: [3], 4: [4]}
{0: [0], 1: [1], 2: [2], 3: [3], 4: [4]}
COST: 9.212

-------------------

/kuʁ/ - /kuʁ/
k-k / u-u / ʁ-ʁ
{0: [0], 1: [1], 2: [2]}
{0: [0], 1: [1], 2: [2]}
COST: -3.949

-------------------

/kwẽɪ̯̃/ - /kwẽɪ̯̃/
k-k / w-w / ẽɪ̯̃-ẽɪ̯̃
{0: [0], 1: [1], 2: [2]}
{0: [0], 1: [1], 2: [2]}
COST: -2.383

-------------------

/kwɛ/ - /kwɛ/
k-k / w-w / ɛ-ɛ
{0: [0], 1: [1], 2: [2]}
{0: [0], 1: [1], 2: [2]}
COST: -3.314

-------------------

/ky/ - /ky/
k-k / y-y
{0: [0], 1: [1]}
{0: [0], 1: [1]}
COST: -6.862

-------------------

/kæɛ̯j/ - /kæɛ̯j/
k-k / æɛ̯-æɛ̯ / j-j
{0: [0], 1: [1], 2: [2]}
{0: [0], 1: [1], 2: [2]}
COST: -2.881

-------------------

/køʏ̯/ - /køʏ̯/
k-k / øʏ̯-øʏ̯
{0: [0], 1: [1]}
{0: [0], 1: [1]}
COST: -6.983

-------------------

/kœ/ - /kœ/
k-k / œ-œ
{0: [0], 1: [1]}
{0: [0], 1: [1]}
COST: -7.947

-------------------

/kɑɔ̯ʁ/ - /kɑɔ̯ʁ/
k-k / ɑɔ̯-ɑɔ̯ / ʁ-ʁ
{0: [0], 1: [1], 2: [2]}
{0: [0], 1: [1], 2: [2]}
COST: -2.816

-------------------

/kɑɔ̯ʁn/ - /kɑɔ̯ʁn/
k-k / ɑɔ̯-ɑɔ̯ / ʁ-ʁ / n-n
{0: [0], 1: [1], 2: [2], 3: [3]}
{0: [0], 1: [1], 2: [2], 3: [3]}
COST: 2.748

-------------------

/kɔnæɛ̯tʁ/ - /kɔnæɛ̯tʁ/
k-k / ɔ-ɔ / n-n / æɛ̯-æɛ̯ / t-t / ʁ-ʁ
{0: [0], 1: [1], 2: [2], 3: [3], 4: [4], 5: [5]}
{0: [0], 1: [1], 2: [2], 3: [3], 4: [4], 5: [5]}
COST: 13.393

-------------------

/kɥɪs/ - /kɥɪs/
k-k / ɥ-ɥ / ɪ-ɪ / s-s
{0: [0], 1: [1], 2: [2], 3: [3]}
{0: [0], 1: [1], 2: [2], 3: [3]}
COST: 4.637

-------------------

/kʁwɛ/ - /kʁwɛ/
k-k / ʁ-ʁ / w-w / ɛ-ɛ
{0: [0], 1: [1], 2: [2], 3: [3]}
{0: [0], 1: [1], 2: [2], 3: [3]}
COST: 0.624

-------------------

/kʁwɛʁ/ - /kʁwɛʁ/
k-k / ʁ-ʁ / w-w / ɛ-ɛ / ʁ-ʁ
{0: [0], 1: [1], 2: [2], 3: [3], 4: [4]}
{0: [0], 1: [1], 2: [2], 3: [3], 4: [4]}
COST: 4.562

-------------------

/laʁm/ - /laʁm/
l-l / a-a / ʁ_m-ʁ_m
{0: [0], 1: [1], 2: [2, 3]}
{0: [0], 1: [1], 2: [2, 3]}
COST: 1.21

-------------------

/lãɡ/ - /lãɡ/
l-l / ã-ã / ɡ-ɡ
{0: [0], 1: [1], 2: [2]}
{0: [0], 1: [1], 2: [2]}
COST: -1.731

-------------------

/li/ - /li/
l-l / i-i
{0: [0], 1: [1]}
{0: [0], 1: [1]}
COST: -9.636

-------------------

/livʁ/ - /livʁ/
l-l / i-i / v-v / ʁ-ʁ
{0: [0], 1: [1], 2: [2], 3: [3]}
{0: [0], 1: [1], 2: [2], 3: [3]}
COST: -0.067

-------------------

/liʁ/ - /liʁ/
l-l / i-i / ʁ-ʁ
{0: [0], 1: [1], 2: [2]}
{0: [0], 1: [1], 2: [2]}
COST: -5.698

-------------------

/ljøʏ̯/ - /ljøʏ̯/
l-l / j-j / øʏ̯-øʏ̯
{0: [0], 1: [1], 2: [2]}
{0: [0], 1: [1], 2: [2]}
COST: -2.123

-------------------

/ljɒ̃ʊ̯̃/ - /ljɒ̃ʊ̯̃/
l-l / j-j / ɒ̃ʊ̯̃-ɒ̃ʊ̯̃
{0: [0], 1: [1], 2: [2]}
{0: [0], 1: [1], 2: [2]}
COST: -2.603

-------------------

/ljɛvʁ/ - /ljɛvʁ/
l-l / j-j / ɛ-ɛ / v-v / ʁ-ʁ
{0: [0], 1: [1], 2: [2], 3: [3], 4: [4]}
{0: [0], 1: [1], 2: [2], 3: [3], 4: [4]}
COST: 5.518

-------------------

/lu/ - /lu/
l-l / u-u
{0: [0], 1: [1]}
{0: [0], 1: [1]}
COST: -8.953

-------------------

/lwɛ/ - /lwɛ/
l-l / w-w / ɛ-ɛ
{0: [0], 1: [1], 2: [2]}
{0: [0], 1: [1], 2: [2]}
COST: -4.38

-------------------

/læɛ̯/ - /læɛ̯/
l-l / æɛ̯-æɛ̯
{0: [0], 1: [1]}
{0: [0], 1: [1]}
COST: -9.872

-------------------

/læɛ̯n/ - /læɛ̯n/
l-l / æɛ̯-æɛ̯ / n-n
{0: [0], 1: [1], 2: [2]}
{0: [0], 1: [1], 2: [2]}
COST: -4.307

-------------------

/lœve/ - /lœve/
l-l / œ-œ / v-v / e-e
{0: [0], 1: [1], 2: [2], 3: [3]}
{0: [0], 1: [1], 2: [2], 3: [3]}
COST: 2.214

-------------------

/lɒ̃ʊ̯̃/ - /lɒ̃ʊ̯̃/
l-l / ɒ̃ʊ̯̃-ɒ̃ʊ̯̃
{0: [0], 1: [1]}
{0: [0], 1: [1]}
COST: -8.528

-------------------

/lɛtʁ/ - /lɛtʁ/
l-l / ɛ-ɛ / t-t / ʁ-ʁ
{0: [0], 1: [1], 2: [2], 3: [3]}
{0: [0], 1: [1], 2: [2], 3: [3]}
COST: -0.23

-------------------

/lɪɲ/ - /lɪɲ/
l-l / ɪ-ɪ / ɲ-ɲ
{0: [0], 1: [1], 2: [2]}
{0: [0], 1: [1], 2: [2]}
COST: -0.133

-------------------

/lʏn/ - /lʏn/
l-l / ʏ-ʏ / n-n
{0: [0], 1: [1], 2: [2]}
{0: [0], 1: [1], 2: [2]}
COST: -0.361

-------------------

/lʏt/ - /lʏt/
l-l / ʏ-ʏ / t-t
{0: [0], 1: [1], 2: [2]}
{0: [0], 1: [1], 2: [2]}
COST: -0.118

-------------------

/mate/ - /mate/
m-m / a-a / t-t / e-e
{0: [0], 1: [1], 2: [2], 3: [3]}
{0: [0], 1: [1], 2: [2], 3: [3]}
COST: 2.87

-------------------

/mãʒe/ - /mãʒe/
m-m / ã-ã / ʒ-ʒ / e-e
{0: [0], 1: [1], 2: [2], 3: [3]}
{0: [0], 1: [1], 2: [2], 3: [3]}
COST: 3.952

-------------------

/mẽɪ̯̃/ - /mẽɪ̯̃/
m-m / ẽɪ̯̃-ẽɪ̯̃
{0: [0], 1: [1]}
{0: [0], 1: [1]}
COST: -8.162

-------------------

/mi/ - /mi/
m-m / i-i
{0: [0], 1: [1]}
{0: [0], 1: [1]}
COST: -8.753

-------------------

/mjøʏ̯/ - /mjøʏ̯/
m-m / j-j / øʏ̯-øʏ̯
{0: [0], 1: [1], 2: [2]}
{0: [0], 1: [1], 2: [2]}
COST: -1.24

-------------------

/mjɛl/ - /mjɛl/
m-m / j-j / ɛ-ɛ / l-l
{0: [0], 1: [1], 2: [2], 3: [3]}
{0: [0], 1: [1], 2: [2], 3: [3]}
COST: 1.632

-------------------

/muʁiʁ/ - /muʁiʁ/
m-m / u-u / ʁ-ʁ / i-i / ʁ-ʁ
{0: [0], 1: [1], 2: [2], 3: [3], 4: [4]}
{0: [0], 1: [1], 2: [2], 3: [3], 4: [4]}
COST: 5.371

-------------------

/mwɛ/ - /mwɛ/
m-m / w-w / ɛ-ɛ
{0: [0], 1: [1], 2: [2]}
{0: [0], 1: [1], 2: [2]}
COST: -3.497

-------------------

/mwɛʦje/ - /mwɛʦje/
m-m / w-w / ɛ-ɛ / ʦ-ʦ / j-j / e-e
{0: [0], 1: [1], 2: [2], 3: [3], 4: [4], 5: [5]}
{0: [0], 1: [1], 2: [2], 3: [3], 4: [4], 5: [5]}
COST: 13.81

-------------------

/myʁ/ - /myʁ/
m-m / y-y / ʁ-ʁ
{0: [0], 1: [1], 2: [2]}
{0: [0], 1: [1], 2: [2]}
COST: -3.107

-------------------

/mæɛ̯jaœ̯ʁ/ - /mæɛ̯jaœ̯ʁ/
m-m / æɛ̯-æɛ̯ / j-j / aœ̯-aœ̯ / ʁ-ʁ
{0: [0], 1: [1], 2: [2], 3: [3], 4: [4]}
{0: [0], 1: [1], 2: [2], 3: [3], 4: [4]}
COST: 9.237

-------------------

/mæɛ̯ʁ/ - /mæɛ̯ʁ/
m-m / æɛ̯-æɛ̯ / ʁ-ʁ
{0: [0], 1: [1], 2: [2]}
{0: [0], 1: [1], 2: [2]}
COST: -5.051

-------------------

/mɑɔ̯ʁ/ - /mɑɔ̯ʁ/
m-m / ɑɔ̯-ɑɔ̯ / ʁ-ʁ
{0: [0], 1: [1], 2: [2]}
{0: [0], 1: [1], 2: [2]}
COST: -2.999

-------------------

/mɑɔ̯ʁdʁ/ - /mɑɔ̯ʁdʁ/
m-m / ɑɔ̯-ɑɔ̯ / ʁ-ʁ / d-d / ʁ-ʁ
{0: [0], 1: [1], 2: [2], 3: [3], 4: [4]}
{0: [0], 1: [1], 2: [2], 3: [3], 4: [4]}
COST: 7.637

-------------------

/mɒ̃ʊ̯̃taɲ/ - /mɒ̃ʊ̯̃taɲ/
m-m / ɒ̃ʊ̯̃-ɒ̃ʊ̯̃ / t-t / a-a / ɲ-ɲ
{0: [0], 1: [1], 2: [2], 3: [3], 4: [4]}
{0: [0], 1: [1], 2: [2], 3: [3], 4: [4]}
COST: 12.416

-------------------

/mɪl/ - /mɪl/
m-m / ɪ-ɪ / l-l
{0: [0], 1: [1], 2: [2]}
{0: [0], 1: [1], 2: [2]}
COST: -2.92

-------------------

/mʊʃ/ - /mʊʃ/
m-m / ∅-ʊ / ʊ-∅ / ʃ-ʃ
{0: [0], 1: None, 2: [1], 3: [2]}
{0: [0], 1: [1], 2: None, 3: [2]}
COST: -17.987

-------------------

/ne/ - /ne/
n-n / e-e
{0: [0], 1: [1]}
{0: [0], 1: [1]}
COST: -8.839

-------------------

/neʒe/ - /neʒe/
n-n / e-e / ʒ-ʒ / e-e
{0: [0], 1: [1], 2: [2], 3: [3]}
{0: [0], 1: [1], 2: [2], 3: [3]}
COST: 2.895

-------------------

/notʁ/ - /notʁ/
n-n / o-o / t-t / ʁ-ʁ
{0: [0], 1: [1], 2: [2], 3: [3]}
{0: [0], 1: [1], 2: [2], 3: [3]}
COST: 3.704

-------------------

/nu/ - /nu/
n-n / u-u
{0: [0], 1: [1]}
{0: [0], 1: [1]}
COST: -8.188

-------------------

/nwɛ/ - /nwɛ/
n-n / w-w / ɛ-ɛ
{0: [0], 1: [1], 2: [2]}
{0: [0], 1: [1], 2: [2]}
COST: -3.614

-------------------

/nwɛʁ/ - /nwɛʁ/
n-n / w-w / ɛ-ɛ / ʁ-ʁ
{0: [0], 1: [1], 2: [2], 3: [3]}
{0: [0], 1: [1], 2: [2], 3: [3]}
COST: 0.324

-------------------

/ny/ - /ny/
n-n / y-y
{0: [0], 1: [1]}
{0: [0], 1: [1]}
COST: -7.162

-------------------

/næɛ̯tʁ/ - /næɛ̯tʁ/
n-n / æɛ̯-æɛ̯ / t-t / ʁ-ʁ
{0: [0], 1: [1], 2: [2], 3: [3]}
{0: [0], 1: [1], 2: [2], 3: [3]}
COST: 0.64

-------------------

/nøʏ̯/ - /nøʏ̯/
n-n / øʏ̯-øʏ̯
{0: [0], 1: [1]}
{0: [0], 1: [1]}
COST: -7.283

-------------------

/nœf/ - /nœf/
n-n / œ-œ / f-f
{0: [0], 1: [1], 2: [2]}
{0: [0], 1: [1], 2: [2]}
COST: -2.635

-------------------

/nɒ̃ʊ̯̃/ - /nɒ̃ʊ̯̃/
n-n / ɒ̃ʊ̯̃-ɒ̃ʊ̯̃
{0: [0], 1: [1]}
{0: [0], 1: [1]}
COST: -7.763

-------------------

/nɒ̃ʊ̯̃bʁɪl/ - /nɒ̃ʊ̯̃bʁɪl/
n-n / ɒ̃ʊ̯̃-ɒ̃ʊ̯̃ / b-b / ʁ-ʁ / ɪ-ɪ / l-l
{0: [0], 1: [1], 2: [2], 3: [3], 4: [4], 5: [5]}
{0: [0], 1: [1], 2: [2], 3: [3], 4: [4], 5: [5]}
COST: 13.96

-------------------

/nɥaʒ/ - /nɥaʒ/
n-n / ɥ-ɥ / a-a / ʒ-ʒ
{0: [0], 1: [1], 2: [2], 3: [3]}
{0: [0], 1: [1], 2: [2], 3: [3]}
COST: 4.746

-------------------

/nɥi/ - /nɥi/
n-n / ɥ-ɥ / i-i
{0: [0], 1: [1], 2: [2]}
{0: [0], 1: [1], 2: [2]}
COST: -1.611

-------------------

/o/ - /o/
o-o
{0: [0]}
{0: [0]}
COST: -11.607

-------------------

/oʊ̯/ - /oʊ̯/
oʊ̯-oʊ̯
{0: [0]}
{0: [0]}
COST: -13.223

-------------------

/oʊ̯b/ - /oʊ̯b/
oʊ̯-oʊ̯ / b-b
{0: [0], 1: [1]}
{0: [0], 1: [1]}
COST: -6.836

-------------------

/oʊ̯tʁ/ - /oʊ̯tʁ/
oʊ̯-oʊ̯ / t-t / ʁ-ʁ
{0: [0], 1: [1], 2: [2]}
{0: [0], 1: [1], 2: [2]}
COST: -3.476

-------------------

/palæɛ̯/ - /palæɛ̯/
p-p / a-a / l-l / æɛ̯-æɛ̯
{0: [0], 1: [1], 2: [2], 3: [3]}
{0: [0], 1: [1], 2: [2], 3: [3]}
COST: 1.622

-------------------

/paʁɔl/ - /paʁɔl/
p-p / a-a / ʁ-ʁ / ɔ-ɔ / l-l
{0: [0], 1: [1], 2: [2], 3: [3], 4: [4]}
{0: [0], 1: [1], 2: [2], 3: [3], 4: [4]}
COST: 7.119

-------------------

/pẽɪ̯̃/ - /pẽɪ̯̃/
p-p / ẽɪ̯̃-ẽɪ̯̃
{0: [0], 1: [1]}
{0: [0], 1: [1]}
COST: -8.134

-------------------

/pje/ - /pje/
p-p / j-j / e-e
{0: [0], 1: [1], 2: [2]}
{0: [0], 1: [1], 2: [2]}
COST: -2.768

-------------------

/pjæɛ̯ʁ/ - /pjæɛ̯ʁ/
p-p / j-j / æɛ̯-æɛ̯ / ʁ-ʁ
{0: [0], 1: [1], 2: [2], 3: [3]}
{0: [0], 1: [1], 2: [2], 3: [3]}
COST: 0.903

-------------------

/plẽɪ̯̃/ - /plẽɪ̯̃/
p-p / l-l / ẽɪ̯̃-ẽɪ̯̃
{0: [0], 1: [1], 2: [2]}
{0: [0], 1: [1], 2: [2]}
COST: -3.335

-------------------

/plẽɪ̯̃dʁ/ - /plẽɪ̯̃dʁ/
p-p / l-l / ẽɪ̯̃-ẽɪ̯̃ / d-d / ʁ-ʁ
{0: [0], 1: [1], 2: [2], 3: [3], 4: [4]}
{0: [0], 1: [1], 2: [2], 3: [3], 4: [4]}
COST: 7.301

-------------------

/plæɛ̯/ - /plæɛ̯/
p-p / l-l / æɛ̯-æɛ̯
{0: [0], 1: [1], 2: [2]}
{0: [0], 1: [1], 2: [2]}
COST: -4.161

-------------------

/plœʁe/ - /plœʁe/
p-p / l-l / œ-œ / ʁ-ʁ / e-e
{0: [0], 1: [1], 2: [2], 3: [3], 4: [4]}
{0: [0], 1: [1], 2: [2], 3: [3], 4: [4]}
COST: 6.232

-------------------

/plɥi/ - /plɥi/
p-p / l-l / ɥ-ɥ / i-i
{0: [0], 1: [1], 2: [2], 3: [3]}
{0: [0], 1: [1], 2: [2], 3: [3]}
COST: 3.334

-------------------

/plʏm/ - /plʏm/
p-p / l-l / ʏ-ʏ / m-m
{0: [0], 1: [1], 2: [2], 3: [3]}
{0: [0], 1: [1], 2: [2], 3: [3]}
COST: 5.466

-------------------

/poʊ̯/ - /poʊ̯/
p-p / oʊ̯-oʊ̯
{0: [0], 1: [1]}
{0: [0], 1: [1]}
COST: -7.513

-------------------

/poʊ̯vʁ/ - /poʊ̯vʁ/
p-p / oʊ̯-oʊ̯ / v-v / ʁ-ʁ
{0: [0], 1: [1], 2: [2], 3: [3]}
{0: [0], 1: [1], 2: [2], 3: [3]}
COST: 2.056

-------------------

/pu/ - /pu/
p-p / u-u
{0: [0], 1: [1]}
{0: [0], 1: [1]}
COST: -8.042

-------------------

/puvwɛʁ/ - /puvwɛʁ/
p-p / u-u / v-v / w-w / ɛ-ɛ / ʁ-ʁ
{0: [0], 1: [1], 2: [2], 3: [3], 4: [4], 5: [5]}
{0: [0], 1: [1], 2: [2], 3: [3], 4: [4], 5: [5]}
COST: 12.347

-------------------

/pwẽɪ̯̃/ - /pwẽɪ̯̃/
p-p / w-w / ẽɪ̯̃-ẽɪ̯̃
{0: [0], 1: [1], 2: [2]}
{0: [0], 1: [1], 2: [2]}
COST: -2.538

-------------------

/pwɛl/ - /pwɛl/
p-p / w-w / ɛ-ɛ / l-l
{0: [0], 1: [1], 2: [2], 3: [3]}
{0: [0], 1: [1], 2: [2], 3: [3]}
COST: 1.33

-------------------

/pwɛsɒ̃ʊ̯̃/ - /pwɛsɒ̃ʊ̯̃/
p-p / w-w / ɛ-ɛ / s-s / ɒ̃ʊ̯̃-ɒ̃ʊ̯̃
{0: [0], 1: [1], 2: [2], 3: [3], 4: [4]}
{0: [0], 1: [1], 2: [2], 3: [3], 4: [4]}
COST: 8.118

-------------------

/pæɛ̯/ - /pæɛ̯/
p-p / æɛ̯-æɛ̯
{0: [0], 1: [1]}
{0: [0], 1: [1]}
COST: -8.961

-------------------

/pæɛ̯n/ - /pæɛ̯n/
p-p / æɛ̯-æɛ̯ / n-n
{0: [0], 1: [1], 2: [2]}
{0: [0], 1: [1], 2: [2]}
COST: -3.396

-------------------

/pæɛ̯ʁ/ - /pæɛ̯ʁ/
p-p / æɛ̯-æɛ̯ / ʁ-ʁ
{0: [0], 1: [1], 2: [2]}
{0: [0], 1: [1], 2: [2]}
COST: -5.023

-------------------

/pøʏ̯/ - /pøʏ̯/
p-p / øʏ̯-øʏ̯
{0: [0], 1: [1]}
{0: [0], 1: [1]}
COST: -7.138

-------------------

/pœʦi/ - /pœʦi/
p-p / œ-œ / ʦ-ʦ / i-i
{0: [0], 1: [1], 2: [2], 3: [3]}
{0: [0], 1: [1], 2: [2], 3: [3]}
COST: 3.248

-------------------

/pɑɔ̯ʁ/ - /pɑɔ̯ʁ/
p-p / ɑɔ̯-ɑɔ̯ / ʁ-ʁ
{0: [0], 1: [1], 2: [2]}
{0: [0], 1: [1], 2: [2]}
COST: -2.971

-------------------

/pɒ̃ʊ̯̃/ - /pɒ̃ʊ̯̃/
p-p / ɒ̃ʊ̯̃-ɒ̃ʊ̯̃
{0: [0], 1: [1]}
{0: [0], 1: [1]}
COST: -7.618

-------------------

/pɒ̃ʊ̯̃dʁ/ - /pɒ̃ʊ̯̃dʁ/
p-p / ɒ̃ʊ̯̃-ɒ̃ʊ̯̃ / d-d / ʁ-ʁ
{0: [0], 1: [1], 2: [2], 3: [3]}
{0: [0], 1: [1], 2: [2], 3: [3]}
COST: 3.018

-------------------

/pɛn/ - /pɛn/
p-p / ɛ-ɛ / n-n
{0: [0], 1: [1], 2: [2]}
{0: [0], 1: [1], 2: [2]}
COST: -3.501

-------------------

/pɛɪ̯ʃ/ - /pɛɪ̯ʃ/
p-p / ɛɪ̯-ɛɪ̯ / ʃ-ʃ
{0: [0], 1: [1], 2: [2]}
{0: [0], 1: [1], 2: [2]}
COST: -2.044

-------------------

/pɥi/ - /pɥi/
p-p / ɥ-ɥ / i-i
{0: [0], 1: [1], 2: [2]}
{0: [0], 1: [1], 2: [2]}
COST: -1.466

-------------------

/pʁi/ - /pʁi/
p-p / ʁ-ʁ / i-i
{0: [0], 1: [1], 2: [2]}
{0: [0], 1: [1], 2: [2]}
COST: -4.787

-------------------

/sabl/ - /sabl/
s-s / a-a / b-b / l-l
{0: [0], 1: [1], 2: [2], 3: [3]}
{0: [0], 1: [1], 2: [2], 3: [3]}
COST: 1.885

-------------------

/saly/ - /saly/
s-s / a-a / l-l / y-y
{0: [0], 1: [1], 2: [2], 3: [3]}
{0: [0], 1: [1], 2: [2], 3: [3]}
COST: 2.771

-------------------

/savwɛʁ/ - /savwɛʁ/
s-s / a-a / v-v / w-w / ɛ-ɛ / ʁ-ʁ
{0: [0], 1: [1], 2: [2], 3: [3], 4: [4], 5: [5]}
{0: [0], 1: [1], 2: [2], 3: [3], 4: [4], 5: [5]}
COST: 11.088

-------------------

/saʃ/ - /saʃ/
s-s / a-a / ʃ-ʃ
{0: [0], 1: [1], 2: [2]}
{0: [0], 1: [1], 2: [2]}
COST: -2.97

-------------------

/saʒ/ - /saʒ/
s-s / a-a / ʒ-ʒ
{0: [0], 1: [1], 2: [2]}
{0: [0], 1: [1], 2: [2]}
COST: -3.163

-------------------

/sã/ - /sã/
s-s / ã-ã
{0: [0], 1: [1]}
{0: [0], 1: [1]}
COST: -8.549

-------------------

/sãdʁ/ - /sãdʁ/
s-s / ã-ã / d-d / ʁ-ʁ
{0: [0], 1: [1], 2: [2], 3: [3]}
{0: [0], 1: [1], 2: [2], 3: [3]}
COST: 2.086

-------------------

/sẽɪ̯̃/ - /sẽɪ̯̃/
s-s / ẽɪ̯̃-ẽɪ̯̃
{0: [0], 1: [1]}
{0: [0], 1: [1]}
COST: -8.929

-------------------

/sẽɪ̯̃k/ - /sẽɪ̯̃k/
s-s / ẽɪ̯̃-ẽɪ̯̃ / k-k
{0: [0], 1: [1], 2: [2]}
{0: [0], 1: [1], 2: [2]}
COST: -3.064

-------------------

/sẽɪ̯̃kãt/ - /sẽɪ̯̃kãt/
s-s / ẽɪ̯̃-ẽɪ̯̃ / k-k / ã-ã / t-t
{0: [0], 1: [1], 2: [2], 3: [3], 4: [4]}
{0: [0], 1: [1], 2: [2], 3: [3], 4: [4]}
COST: 9.279

-------------------

/si/ - /si/
s-s / i-i
{0: [0], 1: [1]}
{0: [0], 1: [1]}
COST: -9.52

-------------------

/site/ - /site/
s-s / i-i / t-t / e-e
{0: [0], 1: [1], 2: [2], 3: [3]}
{0: [0], 1: [1], 2: [2], 3: [3]}
COST: 1.884

-------------------

/siʁ/ - /siʁ/
s-s / i-i / ʁ-ʁ
{0: [0], 1: [1], 2: [2]}
{0: [0], 1: [1], 2: [2]}
COST: -5.582

-------------------

/sjɛl/ - /sjɛl/
s-s / j-j / ɛ-ɛ / l-l
{0: [0], 1: [1], 2: [2], 3: [3]}
{0: [0], 1: [1], 2: [2], 3: [3]}
COST: 0.864

-------------------

/soʊ̯s/ - /soʊ̯s/
s-s / oʊ̯-oʊ̯ / s-s
{0: [0], 1: [1], 2: [2]}
{0: [0], 1: [1], 2: [2]}
COST: -3.393

-------------------

/sufʁiʁ/ - /sufʁiʁ/
s-s / u-u / f-f / ʁ-ʁ / i-i / ʁ-ʁ
{0: [0], 1: [1], 2: [2], 3: [3], 4: [4], 5: [5]}
{0: [0], 1: [1], 2: [2], 3: [3], 4: [4], 5: [5]}
COST: 10.215

-------------------

/swɛ/ - /swɛ/
s-s / w-w / ɛ-ɛ
{0: [0], 1: [1], 2: [2]}
{0: [0], 1: [1], 2: [2]}
COST: -4.264

-------------------

/swɛʁ/ - /swɛʁ/
s-s / w-w / ɛ-ɛ / ʁ-ʁ
{0: [0], 1: [1], 2: [2], 3: [3]}
{0: [0], 1: [1], 2: [2], 3: [3]}
COST: -0.326

-------------------

/sy/ - /sy/
s-s / y-y
{0: [0], 1: [1]}
{0: [0], 1: [1]}
COST: -7.812

-------------------

/syʁ/ - /syʁ/
s-s / y-y / ʁ-ʁ
{0: [0], 1: [1], 2: [2]}
{0: [0], 1: [1], 2: [2]}
COST: -3.874

-------------------

/sæɛ̯/ - /sæɛ̯/
s-s / æɛ̯-æɛ̯
{0: [0], 1: [1]}
{0: [0], 1: [1]}
COST: -9.756

-------------------

/sæɛ̯n/ - /sæɛ̯n/
s-s / æɛ̯-æɛ̯ / n-n
{0: [0], 1: [1], 2: [2]}
{0: [0], 1: [1], 2: [2]}
COST: -4.191

-------------------

/sœmãs/ - /sœmãs/
s-s / œ-œ / m-m / ã-ã / s-s
{0: [0], 1: [1], 2: [2], 3: [3], 4: [4]}
{0: [0], 1: [1], 2: [2], 3: [3], 4: [4]}
COST: 8.235

-------------------

/sœmæɛ̯n/ - /sœmæɛ̯n/
s-s / œ-œ / m-m / æɛ̯-æɛ̯ / n-n
{0: [0], 1: [1], 2: [2], 3: [3], 4: [4]}
{0: [0], 1: [1], 2: [2], 3: [3], 4: [4]}
COST: 7.678

-------------------

/sœʁiz/ - /sœʁiz/
s-s / œ-œ / ʁ-ʁ / i-i / z-z
{0: [0], 1: [1], 2: [2], 3: [3], 4: [4]}
{0: [0], 1: [1], 2: [2], 3: [3], 4: [4]}
COST: 8.591

-------------------

/sɔlæɛ̯j/ - /sɔlæɛ̯j/
s-s / ɔ-ɔ / l-l / æɛ̯-æɛ̯ / j-j
{0: [0], 1: [1], 2: [2], 3: [3], 4: [4]}
{0: [0], 1: [1], 2: [2], 3: [3], 4: [4]}
COST: 7.857

-------------------

/sɛk/ - /sɛk/
s-s / ɛ-ɛ / k-k
{0: [0], 1: [1], 2: [2]}
{0: [0], 1: [1], 2: [2]}
COST: -3.996

-------------------

/sɛl/ - /sɛl/
s-s / ɛ-ɛ / l-l
{0: [0], 1: [1], 2: [2]}
{0: [0], 1: [1], 2: [2]}
COST: -5.061

-------------------

/sɛt/ - /sɛt/
s-s / ɛ-ɛ / t-t
{0: [0], 1: [1], 2: [2]}
{0: [0], 1: [1], 2: [2]}
COST: -4.052

-------------------

/sɛʃ/ - /sɛʃ/
s-s / ɛ-ɛ / ʃ-ʃ
{0: [0], 1: [1], 2: [2]}
{0: [0], 1: [1], 2: [2]}
COST: -3.529

-------------------

/sɪm/ - /sɪm/
s-s / ɪ-ɪ / m-m
{0: [0], 1: [1], 2: [2]}
{0: [0], 1: [1], 2: [2]}
COST: -2.805

-------------------

/sɪs/ - /sɪs/
s-s / ɪ-ɪ / s-s
{0: [0], 1: [1], 2: [2]}
{0: [0], 1: [1], 2: [2]}
COST: -3.572

-------------------

/tã/ - /tã/
t-t / ã-ã
{0: [0], 1: [1]}
{0: [0], 1: [1]}
COST: -7.656

-------------------

/toʊ̯ʁoʊ̯/ - /toʊ̯ʁoʊ̯/
t-t / oʊ̯-oʊ̯ / ʁ-ʁ / oʊ̯-oʊ̯
{0: [0], 1: [1], 2: [2], 3: [3]}
{0: [0], 1: [1], 2: [2], 3: [3]}
COST: 3.301

-------------------

/tu/ - /tu/
t-t / u-u
{0: [0], 1: [1]}
{0: [0], 1: [1]}
COST: -7.944

-------------------

/tuse/ - /tuse/
t-t / u-u / s-s / e-e
{0: [0], 1: [1], 2: [2], 3: [3]}
{0: [0], 1: [1], 2: [2], 3: [3]}
COST: 2.567

-------------------

/tæɛ̯ʁ/ - /tæɛ̯ʁ/
t-t / æɛ̯-æɛ̯ / ʁ-ʁ
{0: [0], 1: [1], 2: [2]}
{0: [0], 1: [1], 2: [2]}
COST: -4.925

-------------------

/tɛɪ̯t/ - /tɛɪ̯t/
t-t / ɛɪ̯-ɛɪ̯ / t-t
{0: [0], 1: [1], 2: [2]}
{0: [0], 1: [1], 2: [2]}
COST: -2.469

-------------------

/tʁwɛ/ - /tʁwɛ/
t-t / ʁ-ʁ / w-w / ɛ-ɛ
{0: [0], 1: [1], 2: [2], 3: [3]}
{0: [0], 1: [1], 2: [2], 3: [3]}
COST: 0.567

-------------------

/tʊs/ - /tʊs/
t-t / ∅-ʊ / ʊ-∅ / s-s
{0: [0], 1: None, 2: [1], 3: [2]}
{0: [0], 1: [1], 2: None, 3: [2]}
COST: -19.277

-------------------

/uvʁije/ - /uvʁije/
u-u / v-v / ʁ-ʁ / i-i / j-j / e-e
{0: [0], 1: [1], 2: [2], 3: [3], 4: [4], 5: [5]}
{0: [0], 1: [1], 2: [2], 3: [3], 4: [4], 5: [5]}
COST: 12.903

-------------------

/uʁs/ - /uʁs/
u-u / ʁ_s-ʁ_s
{0: [0], 1: [1, 2]}
{0: [0], 1: [1, 2]}
COST: -3.321

-------------------

/vaʃ/ - /vaʃ/
v-v / a-a / ʃ-ʃ
{0: [0], 1: [1], 2: [2]}
{0: [0], 1: [1], 2: [2]}
COST: -2.254

-------------------

/vã/ - /vã/
v-v / ã-ã
{0: [0], 1: [1]}
{0: [0], 1: [1]}
COST: -7.834

-------------------

/vãtʁ/ - /vãtʁ/
v-v / ã-ã / t-t / ʁ-ʁ
{0: [0], 1: [1], 2: [2], 3: [3]}
{0: [0], 1: [1], 2: [2], 3: [3]}
COST: 1.913

-------------------

/vẽɪ̯̃/ - /vẽɪ̯̃/
v-v / ẽɪ̯̃-ẽɪ̯̃
{0: [0], 1: [1]}
{0: [0], 1: [1]}
COST: -8.214

-------------------

/vi/ - /vi/
v-v / i-i
{0: [0], 1: [1]}
{0: [0], 1: [1]}
COST: -8.805

-------------------

/vilẽɪ̯̃/ - /vilẽɪ̯̃/
v-v / i-i / l-l / ẽɪ̯̃-ẽɪ̯̃
{0: [0], 1: [1], 2: [2], 3: [3]}
{0: [0], 1: [1], 2: [2], 3: [3]}
COST: 2.151

-------------------

/vjẽɪ̯̃/ - /vjẽɪ̯̃/
v-v / j-j / ẽɪ̯̃-ẽɪ̯̃
{0: [0], 1: [1], 2: [2]}
{0: [0], 1: [1], 2: [2]}
COST: -2.288

-------------------

/vjæɛ̯j/ - /vjæɛ̯j/
v-v / j-j / æɛ̯-æɛ̯ / j-j
{0: [0], 1: [1], 2: [2], 3: [3]}
{0: [0], 1: [1], 2: [2], 3: [3]}
COST: 2.811

-------------------

/vjøʏ̯/ - /vjøʏ̯/
v-v / j-j / øʏ̯-øʏ̯
{0: [0], 1: [1], 2: [2]}
{0: [0], 1: [1], 2: [2]}
COST: -1.291

-------------------

/voʊ̯/ - /voʊ̯/
v-v / oʊ̯-oʊ̯
{0: [0], 1: [1]}
{0: [0], 1: [1]}
COST: -7.592

-------------------

/vu/ - /vu/
v-v / u-u
{0: [0], 1: [1]}
{0: [0], 1: [1]}
COST: -8.122

-------------------

/vwɛ/ - /vwɛ/
v-v / w-w / ɛ-ɛ
{0: [0], 1: [1], 2: [2]}
{0: [0], 1: [1], 2: [2]}
COST: -3.548

-------------------

/vwɛjaʒ/ - /vwɛjaʒ/
v-v / w-w / ɛ-ɛ / j-j / a-a / ʒ-ʒ
{0: [0], 1: [1], 2: [2], 3: [3], 4: [4], 5: [5]}
{0: [0], 1: [1], 2: [2], 3: [3], 4: [4], 5: [5]}
COST: 14.299

-------------------

/vwɛzẽɪ̯̃/ - /vwɛzẽɪ̯̃/
v-v / w-w / ɛ-ɛ / z-z / ẽɪ̯̃-ẽɪ̯̃
{0: [0], 1: [1], 2: [2], 3: [3], 4: [4]}
{0: [0], 1: [1], 2: [2], 3: [3], 4: [4]}
COST: 10.593

-------------------

/vwɛʁ/ - /vwɛʁ/
v-v / w-w / ɛ-ɛ / ʁ-ʁ
{0: [0], 1: [1], 2: [2], 3: [3]}
{0: [0], 1: [1], 2: [2], 3: [3]}
COST: 0.39

-------------------

/væɛ̯ʁ/ - /væɛ̯ʁ/
v-v / æɛ̯-æɛ̯ / ʁ-ʁ
{0: [0], 1: [1], 2: [2]}
{0: [0], 1: [1], 2: [2]}
COST: -5.102

-------------------

/væɛ̯ʁɡɔɲ/ - /væɛ̯ʁɡɔɲ/
v-v / æɛ̯-æɛ̯ / ʁ-ʁ / ɡ-ɡ / ɔ-ɔ / ɲ-ɲ
{0: [0], 1: [1], 2: [2], 3: [3], 4: [4], 5: [5]}
{0: [0], 1: [1], 2: [2], 3: [3], 4: [4], 5: [5]}
COST: 17.189

-------------------

/vœniʁ/ - /vœniʁ/
v-v / œ-œ / n-n / i-i / ʁ-ʁ
{0: [0], 1: [1], 2: [2], 3: [3], 4: [4]}
{0: [0], 1: [1], 2: [2], 3: [3], 4: [4]}
COST: 6.886

-------------------

/vɔl/ - /vɔl/
v-v / ɔ-ɔ / l-l
{0: [0], 1: [1], 2: [2]}
{0: [0], 1: [1], 2: [2]}
COST: -2.682

-------------------

/vɔle/ - /vɔle/
v-v / ɔ-ɔ / l-l / e-e
{0: [0], 1: [1], 2: [2], 3: [3]}
{0: [0], 1: [1], 2: [2], 3: [3]}
COST: 2.914

-------------------

/vɪl/ - /vɪl/
v-v / ɪ-ɪ / l-l
{0: [0], 1: [1], 2: [2]}
{0: [0], 1: [1], 2: [2]}
COST: -2.972

-------------------

/waj/ - /waj/
w-w / a-a / j-j
{0: [0], 1: [1], 2: [2]}
{0: [0], 1: [1], 2: [2]}
COST: -2.695

-------------------

/wɛ/ - /wɛ/
w-w / ɛ-ɛ
{0: [0], 1: [1]}
{0: [0], 1: [1]}
COST: -9.179

-------------------

/wɛzoʊ̯/ - /wɛzoʊ̯/
w-w / ɛ-ɛ / z-z / oʊ̯-oʊ̯
{0: [0], 1: [1], 2: [2], 3: [3]}
{0: [0], 1: [1], 2: [2], 3: [3]}
COST: 5.584

-------------------

/æɛ̯d/ - /æɛ̯d/
æɛ̯-æɛ̯ / d-d
{0: [0], 1: [1]}
{0: [0], 1: [1]}
COST: -7.973

-------------------

/æɛ̯de/ - /æɛ̯de/
æɛ̯-æɛ̯ / d-d / e-e
{0: [0], 1: [1], 2: [2]}
{0: [0], 1: [1], 2: [2]}
COST: -2.377

-------------------

/æɛ̯j/ - /æɛ̯j/
æɛ̯-æɛ̯ / j-j
{0: [0], 1: [1]}
{0: [0], 1: [1]}
COST: -8.746

-------------------

/æɛ̯ɡɥɪj/ - /æɛ̯ɡɥɪj/
æɛ̯-æɛ̯ / ɡ-ɡ / ɥ-ɥ / ɪ-ɪ / j-j
{0: [0], 1: [1], 2: [2], 3: [3], 4: [4]}
{0: [0], 1: [1], 2: [2], 3: [3], 4: [4]}
COST: 12.046

-------------------

/æɛ̯ʁb/ - /æɛ̯ʁb/
æɛ̯-æɛ̯ / ʁ-ʁ / b-b
{0: [0], 1: [1], 2: [2]}
{0: [0], 1: [1], 2: [2]}
COST: -4.346

-------------------

/œf/ - /œf/
œ-œ / f-f
{0: [0], 1: [1]}
{0: [0], 1: [1]}
COST: -8.2

-------------------

/œj/ - /œj/
œ-œ / j-j
{0: [0], 1: [1]}
{0: [0], 1: [1]}
COST: -7.887

-------------------

/œvʁ/ - /œvʁ/
œ-œ / v-v / ʁ-ʁ
{0: [0], 1: [1], 2: [2]}
{0: [0], 1: [1], 2: [2]}
COST: -4.244

-------------------

/ɑm/ - /ɑm/
ɑ-ɑ / m-m
{0: [0], 1: [1]}
{0: [0], 1: [1]}
COST: -8.387

-------------------

/ɑɔ̯ʁ/ - /ɑɔ̯ʁ/
ɑɔ̯-ɑɔ̯ / ʁ-ʁ
{0: [0], 1: [1]}
{0: [0], 1: [1]}
COST: -8.681

-------------------

/ɑɔ̯ʁæɛ̯j/ - /ɑɔ̯ʁæɛ̯j/
ɑɔ̯-ɑɔ̯ / ʁ-ʁ / æɛ̯-æɛ̯ / j-j
{0: [0], 1: [1], 2: [2], 3: [3]}
{0: [0], 1: [1], 2: [2], 3: [3]}
COST: 2.573

-------------------

/ɒ̃ʊ̯̃ɡl/ - /ɒ̃ʊ̯̃ɡl/
ɒ̃ʊ̯̃-ɒ̃ʊ̯̃ / ɡ-ɡ / l-l
{0: [0], 1: [1], 2: [2]}
{0: [0], 1: [1], 2: [2]}
COST: -1.595

-------------------

/ɔdaœ̯ʁ/ - /ɔdaœ̯ʁ/
ɔ-ɔ / d-d / aœ̯-aœ̯ / ʁ-ʁ
{0: [0], 1: [1], 2: [2], 3: [3]}
{0: [0], 1: [1], 2: [2], 3: [3]}
COST: 5.886

-------------------

/ɔksiʁ/ - /ɔksiʁ/
ɔ-ɔ / k-k / s-s / i-i / ʁ-ʁ
{0: [0], 1: [1], 2: [2], 3: [3], 4: [4]}
{0: [0], 1: [1], 2: [2], 3: [3], 4: [4]}
COST: 7.171

-------------------

/ɔm/ - /ɔm/
ɔ-ɔ / m-m
{0: [0], 1: [1]}
{0: [0], 1: [1]}
COST: -7.43

-------------------

/ɔs/ - /ɔs/
ɔ-ɔ / s-s
{0: [0], 1: [1]}
{0: [0], 1: [1]}
COST: -8.197

-------------------

/ɛl/ - /ɛl/
ɛ-ɛ / l-l
{0: [0], 1: [1]}
{0: [0], 1: [1]}
COST: -9.976

-------------------

/ɡlas/ - /ɡlas/
ɡ-ɡ / l-l / a-a / s-s
{0: [0], 1: [1], 2: [2], 3: [3]}
{0: [0], 1: [1], 2: [2], 3: [3]}
COST: 2.432

-------------------

/ɡlase/ - /ɡlase/
ɡ-ɡ / l-l / a-a / s-s / e-e
{0: [0], 1: [1], 2: [2], 3: [3], 4: [4]}
{0: [0], 1: [1], 2: [2], 3: [3], 4: [4]}
COST: 8.028

-------------------

/ɡœl/ - /ɡœl/
ɡ-ɡ / œ-œ / l-l
{0: [0], 1: [1], 2: [2]}
{0: [0], 1: [1], 2: [2]}
COST: -2.079

-------------------

/ɡʁã/ - /ɡʁã/
ɡ-ɡ / ʁ-ʁ / ã-ã
{0: [0], 1: [1], 2: [2]}
{0: [0], 1: [1], 2: [2]}
COST: -2.593

-------------------

/ɡʁẽɪ̯̃/ - /ɡʁẽɪ̯̃/
ɡ-ɡ / ʁ-ʁ / ẽɪ̯̃-ẽɪ̯̃
{0: [0], 1: [1], 2: [2]}
{0: [0], 1: [1], 2: [2]}
COST: -2.973

-------------------

/ɡʁo/ - /ɡʁo/
ɡ-ɡ / ʁ-ʁ / o-o
{0: [0], 1: [1], 2: [2]}
{0: [0], 1: [1], 2: [2]}
COST: -0.735

-------------------

/ɡʁæɛ̯n/ - /ɡʁæɛ̯n/
ɡ-ɡ / ʁ-ʁ / æɛ̯-æɛ̯ / n-n
{0: [0], 1: [1], 2: [2], 3: [3]}
{0: [0], 1: [1], 2: [2], 3: [3]}
COST: 1.766

-------------------

/ɡʁæɛ̯s/ - /ɡʁæɛ̯s/
ɡ-ɡ / ʁ-ʁ / æɛ̯-æɛ̯ / s-s
{0: [0], 1: [1], 2: [2], 3: [3]}
{0: [0], 1: [1], 2: [2], 3: [3]}
COST: 1.116

-------------------

/ɡʊt/ - /ɡʊt/
ɡ-ɡ / ∅-ʊ / ʊ-∅ / t-t
{0: [0], 1: None, 2: [1], 3: [2]}
{0: [0], 1: [1], 2: None, 3: [2]}
COST: -17.258

-------------------

/ɥi/ - /ɥi/
ɥ-ɥ / i-i
{0: [0], 1: [1]}
{0: [0], 1: [1]}
COST: -7.176

-------------------

/ɪl/ - /ɪl/
ɪ-ɪ / l-l
{0: [0], 1: [1]}
{0: [0], 1: [1]}
COST: -8.603

-------------------

/ʁasɪn/ - /ʁasɪn/
ʁ-ʁ / a-a / s-s / ɪ-ɪ / n-n
{0: [0], 1: [1], 2: [2], 3: [3], 4: [4]}
{0: [0], 1: [1], 2: [2], 3: [3], 4: [4]}
COST: 6.799

-------------------

/ʁu/ - /ʁu/
ʁ-ʁ / u-u
{0: [0], 1: [1]}
{0: [0], 1: [1]}
COST: -9.814

-------------------

/ʁuʒ/ - /ʁuʒ/
ʁ-ʁ / u-u / ʒ-ʒ
{0: [0], 1: [1], 2: [2]}
{0: [0], 1: [1], 2: [2]}
COST: -3.676

-------------------

/ʁwɛ/ - /ʁwɛ/
ʁ-ʁ / w-w / ɛ-ɛ
{0: [0], 1: [1], 2: [2]}
{0: [0], 1: [1], 2: [2]}
COST: -5.241

-------------------

/ʁy/ - /ʁy/
ʁ-ʁ / y-y
{0: [0], 1: [1]}
{0: [0], 1: [1]}
COST: -8.789

-------------------

/ʁæɛ̯n/ - /ʁæɛ̯n/
ʁ-ʁ / æɛ̯-æɛ̯ / n-n
{0: [0], 1: [1], 2: [2]}
{0: [0], 1: [1], 2: [2]}
COST: -5.168

-------------------

/ʁæɛ̯zẽɪ̯̃/ - /ʁæɛ̯zẽɪ̯̃/
ʁ-ʁ / æɛ̯-æɛ̯ / z-z / ẽɪ̯̃-ẽɪ̯̃
{0: [0], 1: [1], 2: [2], 3: [3]}
{0: [0], 1: [1], 2: [2], 3: [3]}
COST: 3.408

-------------------

/ʁæɛ̯zɒ̃ʊ̯̃/ - /ʁæɛ̯zɒ̃ʊ̯̃/
ʁ-ʁ / æɛ̯-æɛ̯ / z-z / ɒ̃ʊ̯̃-ɒ̃ʊ̯̃
{0: [0], 1: [1], 2: [2], 3: [3]}
{0: [0], 1: [1], 2: [2], 3: [3]}
COST: 3.925

-------------------

/ʁɒ̃ʊ̯̃/ - /ʁɒ̃ʊ̯̃/
ʁ-ʁ / ɒ̃ʊ̯̃-ɒ̃ʊ̯̃
{0: [0], 1: [1]}
{0: [0], 1: [1]}
COST: -9.39

-------------------

/ʁɔmẽɪ̯̃/ - /ʁɔmẽɪ̯̃/
ʁ-ʁ / ɔ-ɔ / m-m / ẽɪ̯̃-ẽɪ̯̃
{0: [0], 1: [1], 2: [2], 3: [3]}
{0: [0], 1: [1], 2: [2], 3: [3]}
COST: 2.664

-------------------

/ʃase/ - /ʃase/
ʃ-ʃ / a-a / s-s / e-e
{0: [0], 1: [1], 2: [2], 3: [3]}
{0: [0], 1: [1], 2: [2], 3: [3]}
COST: 2.626

-------------------

/ʃã/ - /ʃã/
ʃ-ʃ / ã-ã
{0: [0], 1: [1]}
{0: [0], 1: [1]}
COST: -7.133

-------------------

/ʃãbʁ/ - /ʃãbʁ/
ʃ-ʃ / ã-ã / b-b / ʁ-ʁ
{0: [0], 1: [1], 2: [2], 3: [3]}
{0: [0], 1: [1], 2: [2], 3: [3]}
COST: 3.192

-------------------

/ʃãte/ - /ʃãte/
ʃ-ʃ / ã-ã / t-t / e-e
{0: [0], 1: [1], 2: [2], 3: [3]}
{0: [0], 1: [1], 2: [2], 3: [3]}
COST: 4.271

-------------------

/ʃãʒe/ - /ʃãʒe/
ʃ-ʃ / ã-ã / ʒ-ʒ / e-e
{0: [0], 1: [1], 2: [2], 3: [3]}
{0: [0], 1: [1], 2: [2], 3: [3]}
COST: 4.601

-------------------

/ʃe/ - /ʃe/
ʃ-ʃ / e-e
{0: [0], 1: [1]}
{0: [0], 1: [1]}
COST: -8.072

-------------------

/ʃjẽɪ̯̃/ - /ʃjẽɪ̯̃/
ʃ-ʃ / j-j / ẽɪ̯̃-ẽɪ̯̃
{0: [0], 1: [1], 2: [2]}
{0: [0], 1: [1], 2: [2]}
COST: -1.588

-------------------

/ʃoz/ - /ʃoz/
ʃ-ʃ / o-o / z-z
{0: [0], 1: [1], 2: [2]}
{0: [0], 1: [1], 2: [2]}
COST: 2.71

-------------------

/ʃoʊ̯/ - /ʃoʊ̯/
ʃ-ʃ / oʊ̯-oʊ̯
{0: [0], 1: [1]}
{0: [0], 1: [1]}
COST: -6.892

-------------------

/ʃæɛ̯n/ - /ʃæɛ̯n/
ʃ-ʃ / æɛ̯-æɛ̯ / n-n
{0: [0], 1: [1], 2: [2]}
{0: [0], 1: [1], 2: [2]}
COST: -2.775

-------------------

/ʃæɛ̯ʁ/ - /ʃæɛ̯ʁ/
ʃ-ʃ / æɛ̯-æɛ̯ / ʁ-ʁ
{0: [0], 1: [1], 2: [2]}
{0: [0], 1: [1], 2: [2]}
COST: -4.402

-------------------

/ʃæɛ̯ʁʃe/ - /ʃæɛ̯ʁʃe/
ʃ-ʃ / æɛ̯-æɛ̯ / ʁ-ʁ / ʃ-ʃ / e-e
{0: [0], 1: [1], 2: [2], 3: [3], 4: [4]}
{0: [0], 1: [1], 2: [2], 3: [3], 4: [4]}
COST: 7.526

-------------------

/ʃœval/ - /ʃœval/
ʃ-ʃ / œ-œ / v-v / a-a / l-l
{0: [0], 1: [1], 2: [2], 3: [3], 4: [4]}
{0: [0], 1: [1], 2: [2], 3: [3], 4: [4]}
COST: 8.733

-------------------

/ʃœvøʏ̯/ - /ʃœvøʏ̯/
ʃ-ʃ / œ-œ / v-v / øʏ̯-øʏ̯
{0: [0], 1: [1], 2: [2], 3: [3]}
{0: [0], 1: [1], 2: [2], 3: [3]}
COST: 5.302

-------------------

/ʃɑ/ - /ʃɑ/
ʃ-ʃ / ɑ-ɑ
{0: [0], 1: [1]}
{0: [0], 1: [1]}
COST: -7.738

-------------------

/ʃɑtoʊ̯/ - /ʃɑtoʊ̯/
ʃ-ʃ / ɑ-ɑ / t-t / oʊ̯-oʊ̯
{0: [0], 1: [1], 2: [2], 3: [3]}
{0: [0], 1: [1], 2: [2], 3: [3]}
COST: 4.848

-------------------

/ʃɛf/ - /ʃɛf/
ʃ-ʃ / ɛ-ɛ / f-f
{0: [0], 1: [1], 2: [2]}
{0: [0], 1: [1], 2: [2]}
COST: -2.832

-------------------

/ʃɛvʁ/ - /ʃɛvʁ/
ʃ-ʃ / ɛ-ɛ / v-v / ʁ-ʁ
{0: [0], 1: [1], 2: [2], 3: [3]}
{0: [0], 1: [1], 2: [2], 3: [3]}
COST: 1.125

-------------------

/ʒã/ - /ʒã/
ʒ-ʒ / ã-ã
{0: [0], 1: [1]}
{0: [0], 1: [1]}
COST: -7.326

-------------------

/ʒãdʁ/ - /ʒãdʁ/
ʒ-ʒ / ã-ã / d-d / ʁ-ʁ
{0: [0], 1: [1], 2: [2], 3: [3]}
{0: [0], 1: [1], 2: [2], 3: [3]}
COST: 3.309

-------------------

/ʒãsiv/ - /ʒãsiv/
ʒ-ʒ / ã-ã / s-s / i-i / v-v
{0: [0], 1: [1], 2: [2], 3: [3], 4: [4]}
{0: [0], 1: [1], 2: [2], 3: [3], 4: [4]}
COST: 8.784

-------------------

/ʒoʊ̯n/ - /ʒoʊ̯n/
ʒ-ʒ / oʊ̯-oʊ̯ / n-n
{0: [0], 1: [1], 2: [2]}
{0: [0], 1: [1], 2: [2]}
COST: -1.52

-------------------

/ʒuʁ/ - /ʒuʁ/
ʒ-ʒ / u-u / ʁ-ʁ
{0: [0], 1: [1], 2: [2]}
{0: [0], 1: [1], 2: [2]}
COST: -3.676

-------------------

/ʒwẽɪ̯̃/ - /ʒwẽɪ̯̃/
ʒ-ʒ / w-w / ẽɪ̯̃-ẽɪ̯̃
{0: [0], 1: [1], 2: [2]}
{0: [0], 1: [1], 2: [2]}
COST: -2.11

-------------------

/ʒwɛ/ - /ʒwɛ/
ʒ-ʒ / w-w / ɛ-ɛ
{0: [0], 1: [1], 2: [2]}
{0: [0], 1: [1], 2: [2]}
COST: -3.041

-------------------

/ʒyʒ/ - /ʒyʒ/
ʒ-ʒ / y-y / ʒ-ʒ
{0: [0], 1: [1], 2: [2]}
{0: [0], 1: [1], 2: [2]}
COST: -0.451

-------------------

/ʒøʏ̯/ - /ʒøʏ̯/
ʒ-ʒ / øʏ̯-øʏ̯
{0: [0], 1: [1]}
{0: [0], 1: [1]}
COST: -6.71

-------------------

/ʒœ/ - /ʒœ/
ʒ-ʒ / œ-œ
{0: [0], 1: [1]}
{0: [0], 1: [1]}
COST: -7.674

-------------------

/ʒœle/ - /ʒœle/
ʒ-ʒ / œ-œ / l-l / e-e
{0: [0], 1: [1], 2: [2], 3: [3]}
{0: [0], 1: [1], 2: [2], 3: [3]}
COST: 2.722

-------------------

/ʒœn/ - /ʒœn/
ʒ-ʒ / œ-œ / n-n
{0: [0], 1: [1], 2: [2]}
{0: [0], 1: [1], 2: [2]}
COST: -2.11

-------------------

/ʒœnu/ - /ʒœnu/
ʒ-ʒ / œ-œ / n-n / u-u
{0: [0], 1: [1], 2: [2], 3: [3]}
{0: [0], 1: [1], 2: [2], 3: [3]}
COST: 4.138

-------------------

/ʒɛl/ - /ʒɛl/
ʒ-ʒ / ɛ-ɛ / l-l
{0: [0], 1: [1], 2: [2]}
{0: [0], 1: [1], 2: [2]}
COST: -3.838

-------------------

/ʒɥẽɪ̯̃/ - /ʒɥẽɪ̯̃/
ʒ-ʒ / ɥ-ɥ / ẽɪ̯̃-ẽɪ̯̃
{0: [0], 1: [1], 2: [2]}
{0: [0], 1: [1], 2: [2]}
COST: -0.447

-------------------

/ʣi/ - /ʣi/
ʣ-ʣ / i-i
{0: [0], 1: [1]}
{0: [0], 1: [1]}
COST: -5.796

-------------------

/ʣiʁ/ - /ʣiʁ/
ʣ-ʣ / i-i / ʁ-ʁ
{0: [0], 1: [1], 2: [2]}
{0: [0], 1: [1], 2: [2]}
COST: -1.858

-------------------

/ʣjøʏ̯/ - /ʣjøʏ̯/
ʣ-ʣ / j-j / øʏ̯-øʏ̯
{0: [0], 1: [1], 2: [2]}
{0: [0], 1: [1], 2: [2]}
COST: 1.717

-------------------

/ʣɪs/ - /ʣɪs/
ʣ-ʣ / ɪ-ɪ / s-s
{0: [0], 1: [1], 2: [2]}
{0: [0], 1: [1], 2: [2]}
COST: 0.152

-------------------

/ʦy/ - /ʦy/
ʦ-ʦ / y-y
{0: [0], 1: [1]}
{0: [0], 1: [1]}
COST: -6.941

-------------------

/ʦɥe/ - /ʦɥe/
ʦ-ʦ / ɥ-ɥ / e-e
{0: [0], 1: [1], 2: [2]}
{0: [0], 1: [1], 2: [2]}
COST: -1.358
