/anˈeɖːu/ - /inˈel/
[2/2] a-i / n-n / ˈe-ˈe / ɖː-l / u_#>-#>

-------------------

/arʒˈiɖːa/ - /arʤˈilə/
[3/5] a-a / r-r / ʒ-ʤ / ˈi-ˈi / ɖː-l / a-ə
[2/5] a-a / r-r / ʒ-ʤ / ˈi-ˈi / ɖː-∅ / ∅-l / a-ə

-------------------

/arˈanʤa/ - /rˈɨje/
[1/1] <#_a-<# / r-r / ˈa-ˈɨ / n-∅ / ʤ-∅ / ∅-j / a-e

-------------------

/arˈiu/ - /rˈɨw/
[4/5] a-∅ / r-r / ˈi-ˈɨ / u-w
[1/5] <#_a-<# / r-r / ˈi-ˈɨ / u-w

-------------------

/askurtˈari/ - /askultˈare/
[5/5] a-a / s-s / k-k / u-u / r-l / t-t / ˈa-ˈa / r-r / i-e

-------------------

/atˈoɲːu/ - /to̯ˈamnə/
[1/2] a-∅ / t-t / ˈo-o̯ˈa / ∅-m / ɲː-n / u-ə
[1/2] <#_a-<# / t-t / ˈo-o̯ˈa / ∅-m / ɲː-n / u-ə

-------------------

/aʤuðˈare/ - /aʒutˈare/
[4/4] a-a / ʤ-ʒ / u-u / ð-t / ˈa-ˈa / r-r / e-e

-------------------

/belˈari/ - /ɨŋɡeʦˈare/
[4/4] ∅-ɨ / ∅-ŋ / b-ɡ / e-e / l-∅ / ∅-ʦ / ˈa-ˈa / r-r / i-e

-------------------

/benˈuju/ - /ʤenˈunkʲ/
[2/2] b-ʤ / e-e / n-n / ˈu-ˈu / j-∅ / u-∅ / ∅-n / ∅-kʲ

-------------------

/bitˈeɖːu/ - /viʦˈel/
[2/3] b-v / i-i / t-ʦ / ˈe-ˈe / ɖː-l / u_#>-#>
[1/3] b-v / i-i / t-ʦ / ˈe-ˈe / ɖː-l / u-∅

-------------------

/biʒˈinu/ - /veʧˈin/
[3/5] b-v / i-e / ʒ-ʧ / ˈi-ˈi / n_u-n
[2/5] b-v / i-e / ʒ-ʧ / ˈi-ˈi / n-n / u-∅

-------------------

/bolˈai/ - /zburˈare/
[4/4] ∅-z / b-b / o-u / l-r / ˈa-ˈa / ∅-r / i-e

-------------------

/boʧˈiere/ - /uʧˈidere/
[4/4] b-∅ / o-u / ʧ-ʧ / ˈi-ˈi / ∅-d / e-e / r-r / e-e

-------------------

/bˈaka/ - /vˈakə/
[2/2] b-v / ˈa-ˈa / k-k / a-ə

-------------------

/bˈeju/ - /vˈekʲ/
[3/4] b-v / ˈe-ˈe / j-∅ / u-∅ / ∅-kʲ
[1/4] b-v / ˈe-ˈe / j-kʲ / u_#>-#>

-------------------

/bˈeni/ - /bˈine/
[4/4] b-b / ˈe-ˈi / n-n / i-e

-------------------

/bˈentu/ - /vˈɨnt/
[2/4] b-v / ˈe-ˈɨ / n-n / t_u-t
[2/4] b-v / ˈe-ˈɨ / n-n / t-t / u-∅

-------------------

/bˈenːiri/ - /venˈire/
[4/4] b-v / ˈe-e / nː-n / i-ˈi / r-r / i-e

-------------------

/bˈermi/ - /vjˈerme/
[2/3] b-v / ∅-j / ˈe-ˈe / r-r / m-m / i-e
[1/3] b-v / ˈe-j_ˈe / r-r / m-m / i-e

-------------------

/bˈinu/ - /vˈin/
[3/5] b-v / ˈi-ˈi / n_u-n
[2/5] b-v / ˈi-ˈi / n-n / u-∅

-------------------

/bˈirdi/ - /vˈerde/
[4/4] b-v / ˈi-ˈe / r-r / d-d / i-e

-------------------

/bˈiða/ - /vˈitə/
[4/4] b-v / ˈi-ˈi / ð-t / a-ə

-------------------

/bˈiðerĕ/ - /vedˈere/
[4/4] b-v / ˈi-∅ / ð-∅ / e-e / ∅-d / ∅-ˈe / r-r / ĕ-e

-------------------

/bˈoj/ - /bˈow/
[3/3] b-b / ˈo-ˈo / j-w

-------------------

/bˈolu/ - /zbˈor/
[2/4] ∅-z / b-b / ˈo-ˈo / l_u-r
[2/4] ∅-z / b-b / ˈo-ˈo / l-r / u-∅

-------------------

/bˈona/ - /bˈunə/
[4/4] b-b / ˈo-ˈu / n-n / a-ə

-------------------

/bˈonază/ - /bˈune/
[5/5] b-b / ˈo-ˈu / n-n / a-e / z-∅ / ă-∅

-------------------

/bˈonu/ - /bˈun/
[2/4] b-b / ˈo-ˈu / n_u-n
[2/4] b-b / ˈo-ˈu / n-n / u-∅

-------------------

/bˈula/ - /ɡˈurə/
[2/2] b-ɡ / ˈu-ˈu / l-r / a-ə

-------------------

/dormˈiri/ - /dormˈire/
[3/3] d-d / o-o / r-r / m-m / ˈi-ˈi / r-r / i-e

-------------------

/draɣˈoni/ - /drˈak/
[3/3] d-d / r-r / a-ˈa / ɣ-k / ˈo-∅ / n-∅ / i-∅

-------------------

/dˈaj/ - /dˈare/
[3/3] d-d / ˈa-ˈa / ∅-r / j-e

-------------------

/dˈenti/ - /dˈinte/
[3/3] d-d / ˈe-ˈi / n-n / t-t / i-e

-------------------

/dˈeu/ - /jˈew/
[3/5] d-∅ / ˈe-j_ˈe / u-w
[2/5] d-∅ / ∅-j / ˈe-ˈe / u-w

-------------------

/dˈeu/ - /zˈew/
[2/2] d-z / ˈe-ˈe / u-w

-------------------

/dˈeʒi/ - /zˈeʧe/
[3/3] d-z / ˈe-ˈe / ʒ-ʧ / i-e

-------------------

/dˈi/ - /zˈi/
[4/4] d-z / ˈi-ˈi

-------------------

/dˈiðu/ - /dˈeʤet/
[2/5] d-d / ˈi-ˈe / ∅-ʤ / ∅-e / ð_u-t
[2/5] d-d / ˈi-ˈe / ∅-ʤ / ∅-e / ð-t / u-∅
[1/5] d-d / ˈi-ˈe / ∅-ʤ / ∅-e / ð-t / u_#>-#>

-------------------

/dˈona/ - /do̯ˈamnə/
[3/3] d-d / ˈo-o̯ˈa / ∅-m / n-n / a-ə

-------------------

/dˈuază/ - /dˈowə/
[2/2] d-d / ˈu-ˈo / ∅-w / a-ə / z-∅ / ă-∅

-------------------

/dˈuozŏ/ - /dˈoj/
[2/2] d-d / ˈu-ˈo / o-j / z-∅ / ŏ-∅

-------------------

/farsu/ - /fˈals/
[1/1] f-f / a-ˈa / r-l / s-s / u-∅

-------------------

/farˈina/ - /fˈəjnə/
[5/5] f-f / a-ˈə / r-∅ / ˈi-j / n-n / a-ə

-------------------

/frˈamːa/ - /flˈamə/
[4/4] f-f / r-l / ˈa-ˈa / mː-m / a-ə

-------------------

/frˈaði/ - /frˈate/
[4/4] f-f / r-r / ˈa-ˈa / ð-t / i-e

-------------------

/frˈori/ - /flo̯ˈare/
[3/3] f-f / r-l / ˈo-o̯ˈa / r-r / i-e

-------------------

/frˈutu/ - /frˈupt/
[3/4] f-f / r-r / ˈu-ˈu / t-p_t / u-∅
[1/4] f-f / r-r / ˈu-ˈu / ∅-p / t-t / u-∅

-------------------

/fˈaere/ - /fˈaʧere/
[4/4] f-f / ˈa-ˈa / ∅-ʧ / e-e / r-r / e-e

-------------------

/fˈalsu/ - /fˈals/
[3/4] f-f / ˈa-ˈa / l-l / s-s / u_#>-#>
[1/4] f-f / ˈa-ˈa / l-l / s-s / u-∅

-------------------

/fˈamini/ - /fo̯ˈame/
[5/5] f-f / ˈa-o̯ˈa / m-m / i-e / n-∅ / i-∅

-------------------

/fˈerːu/ - /fjˈer/
[3/3] f-f / ˈe-j_ˈe / rː-r / u_#>-#>

-------------------

/fˈilu/ - /fˈir/
[3/5] f-f / ˈi-ˈi / l_u-r
[2/5] f-f / ˈi-ˈi / l-r / u-∅

-------------------

/fˈini/ - /fˈine/
[3/3] f-f / ˈi-ˈi / n-n / i-e

-------------------

/fˈiɣaðu/ - /fikˈat/
[2/3] f-f / ˈi-i / ɣ-k / a-ˈa / ð_u-t
[1/3] f-f / ˈi-i / ɣ-k / a-ˈa / ð-t / u-∅

-------------------

/fˈiʣa/ - /fˈie/
[3/5] f-f / ˈi-ˈi / ʣ-∅ / a-e
[2/5] f-f / ˈi_ʣ-ˈi / a-e

-------------------

/fˈiʣu/ - /fˈiw/
[2/4] f-f / ˈi_ʣ-ˈi / u-w
[2/4] f-f / ˈi-ˈi / ʣ-∅ / u-w

-------------------

/fˈorti/ - /fo̯ˈarte/
[5/5] f-f / ˈo-o̯ˈa / r-r / t-t / i-e

-------------------

/fˈoɣu/ - /fˈok/
[2/2] f-f / ˈo-ˈo / ɣ_u-k

-------------------

/fˈoʣa/ - /fo̯ˈaje/
[4/4] f-f / ˈo-o̯ˈa / ʣ-∅ / ∅-j / a-e

-------------------

/fˈoʣa/ - /frˈunzə/
[1/1] f-f / ∅-r / ˈo-ˈu / ∅-n / ʣ-z / a-ə

-------------------

/fˈumu/ - /fˈum/
[3/4] f-f / ˈu-ˈu / m-m / u_#>-#>
[1/4] f-f / ˈu-ˈu / m-m / u-∅

-------------------

/imbˈiliɣu/ - /burˈik/
[2/2] <#_i-<# / m-∅ / b-b / ∅-u / ∅-r / ˈi-ˈi / l-∅ / i-∅ / ɣ_u-k

-------------------

/iskrˈivere/ - /skrˈiere/
[2/3] i_s-s / k-k / r-r / ˈi-ˈi / v-∅ / e-e / r-r / e-e
[1/3] i-∅ / s-s / k-k / r-r / ˈi-ˈi / v-∅ / e-e / r-r / e-e

-------------------

/iskˈiri/ - /ʃtˈire/
[3/5] <#_i-<# / s-ʃ / k-t / ˈi-ˈi / r-r / i-e
[2/5] i-∅ / s-ʃ / k-t / ˈi-ˈi / r-r / i-e

-------------------

/iskˈis/ - /ʃtˈii/
[1/1] <#_i-<# / s-ʃ / k-t / ˈi-ˈi / s-∅ / ∅-i

-------------------

/ispˈaða/ - /spˈatə/
[2/4] i_s-s / p-p / ˈa-ˈa / ð-t / a-ə
[2/4] i-∅ / s-s / p-p / ˈa-ˈa / ð-t / a-ə

-------------------

/ispˈaɲːa/ - /spˈanja/
[2/5] i_s-s / p-p / ˈa-ˈa / ɲː-n / ∅-j / a-a
[2/5] i-∅ / s-s / p-p / ˈa-ˈa / ɲː-n / ∅-j / a-a
[1/5] <#_i-<# / s-s / p-p / ˈa-ˈa / ɲː-n / ∅-j / a-a

-------------------

/ispˈiɣa/ - /spˈik/
[2/5] i_s-s / p-p / ˈi-ˈi / ɣ-k / a-∅
[2/5] i-∅ / s-s / p-p / ˈi-ˈi / ɣ-k / a-∅
[1/5] <#_i-<# / s-s / p-p / ˈi-ˈi / ɣ-k / a-∅

-------------------

/istˈaðu/ - /stˈat/
[2/5] i-∅ / s-s / t-t / ˈa-ˈa / ð-t / u-∅
[1/5] i_s-s / t-t / ˈa-ˈa / ð_u-t
[1/5] i_s-s / t-t / ˈa-ˈa / ð-t / u_#>-#>
[1/5] <#_i-<# / s-s / t-t / ˈa-ˈa / ð_u-t

-------------------

/istˈeɖːu/ - /ste̯ˈa/
[1/3] i_s-s / t-t / ˈe-e̯ˈa / ɖː-∅ / u_#>-#>
[1/3] i-∅ / s-s / t-t / ˈe-e̯ˈa / ɖː-∅ / u-∅
[1/3] <#_i-<# / s-s / t-t / ˈe-e̯ˈa / ɖː-∅ / u_#>-#>

-------------------

/jˈoɣu/ - /ʒˈok/
[2/4] j-∅ / ∅-ʒ / ˈo-ˈo / ɣ_u-k
[2/4] j-∅ / ∅-ʒ / ˈo-ˈo / ɣ-k / u-∅

-------------------

/kasːˈai/ - /kəwtˈare/
[4/4] k-k / a-ə / ∅-w / sː-t / ˈa-ˈa / ∅-r / i-e

-------------------

/kaðˈena/ - /kətˈinə/
[3/3] k-k / a-ə / ð-t / ˈe-ˈi / n-n / a-ə

-------------------

/kaβˈaɖːu/ - /kˈal/
[1/1] k-k / a-∅ / β-∅ / ˈa-ˈa / ɖː-l / u-∅

-------------------

/krˈaβa/ - /kˈaprə/
[4/4] k-k / r-∅ / ˈa-ˈa / β-p / ∅-r / a-ə

-------------------

/krˈeiri/ - /kredˈere/
[5/5] k-k / r-r / ∅-e / ∅-d / ˈe-ˈe / i-∅ / r-r / i-e

-------------------

/krˈuʒi/ - /krˈuʧe/
[5/5] k-k / r-r / ˈu-ˈu / ʒ-ʧ / i-e

-------------------

/kwˈatru/ - /pˈatru/
[5/5] k-p / w-∅ / ˈa-ˈa / t-t / r-r / u-u

-------------------

/kˈaldu/ - /kˈald/
[3/5] k-k / ˈa-ˈa / l-l / d-d / u_#>-#>
[2/5] k-k / ˈa-ˈa / l-l / d-d / u-∅

-------------------

/kˈani/ - /kˈɨjne/
[4/4] k-k / ˈa-ˈɨ / ∅-j / n-n / i-e

-------------------

/kˈarːi/ - /kˈarne/
[5/5] k-k / ˈa-ˈa / rː-r / ∅-n / i-e

-------------------

/kˈini/ - /ʧˈine/
[5/5] k-∅ / ∅-ʧ / ˈi-ˈi / n-n / i-e

-------------------

/kˈinisa/ - /ʧenˈuʃə/
[2/2] k-∅ / ∅-ʧ / ˈi-e / n-n / i-ˈu / s-ʃ / a-ə

-------------------

/kˈoa/ - /ko̯ˈadə/
[4/4] k-k / ˈo-o̯ˈa / ∅-d / a-ə

-------------------

/kˈolta/ - /ko̯ˈastə/
[5/5] k-k / ˈo-o̯ˈa / l-∅ / ∅-s / t-t / a-ə

-------------------

/kˈorpuzŭ/ - /kˈorp/
[2/4] k-k / ˈo-ˈo / r-r / p-p / u-∅ / z-∅ / ŭ_#>-#>
[2/4] k-k / ˈo-ˈo / r-r / p-p / u-∅ / z-∅ / ŭ-∅

-------------------

/kˈorːu/ - /kˈorn/
[5/5] k-k / ˈo-ˈo / rː-r / u-∅ / ∅-n

-------------------

/kˈosa/ - /ko̯ˈapsə/
[5/5] k-k / ˈo-o̯ˈa / ∅-p / s-s / a-ə

-------------------

/kˈulu/ - /kˈur/
[3/5] k-k / ˈu-ˈu / l_u-r
[2/5] k-k / ˈu-ˈu / l-r / u-∅

-------------------

/kˈurʦu/ - /skˈurt/
[2/4] ∅-s / k-k / ˈu-ˈu / r-r / ʦ-t / u_#>-#>
[2/4] ∅-s / k-k / ˈu-ˈu / r-r / ʦ-t / u-∅

-------------------

/leˈaj/ - /luˈare/
[3/3] l-l / e-u / ˈa-ˈa / ∅-r / j-e

-------------------

/lˈakrima/ - /lˈakrimə/
[5/5] l-l / ˈa-ˈa / k-k / r-r / i-i / m-m / a-ə

-------------------

/lˈana/ - /lˈɨnə/
[5/5] l-l / ˈa-ˈɨ / n-n / a-ə

-------------------

/lˈati/ - /lˈapte/
[2/4] l-l / ˈa-ˈa / ∅-p / t-t / i-e
[2/4] l-l / ˈa-ˈa / t-p_t / i-e

-------------------

/lˈaɣu/ - /lˈak/
[3/5] l-l / ˈa-ˈa / ɣ_u-k
[2/5] l-l / ˈa-ˈa / ɣ-k / u-∅

-------------------

/lˈepori/ - /jˈepure/
[4/4] l-j / ˈe-ˈe / p-p / o-u / r-r / i-e

-------------------

/lˈeʤe/ - /lˈeʤe/
[3/3] l-l / ˈe-ˈe / ʤ-ʤ / e-e

-------------------

/lˈinːa/ - /lˈemn/
[4/4] l-l / ˈi-ˈe / ∅-m / nː-n / a-∅

-------------------

/lˈitera/ - /lˈiterə/
[3/3] l-l / ˈi-ˈi / t-t / e-e / r-r / a-ə

-------------------

/lˈiŋɡwa/ - /lˈimbə/
[4/4] l-l / ˈi-ˈi / ŋ-m / ɡ-b / w-∅ / a-ə

-------------------

/lˈoŋɡu/ - /lˈuŋɡ/
[3/5] l-l / ˈo-ˈu / ŋ-ŋ / ɡ-ɡ / u_#>-#>
[2/5] l-l / ˈo-ˈu / ŋ-ŋ / ɡ-ɡ / u-∅

-------------------

/lˈoɣu/ - /lˈok/
[2/4] l-l / ˈo-ˈo / ɣ_u-k
[2/4] l-l / ˈo-ˈo / ɣ-k / u-∅

-------------------

/lˈuna/ - /lˈunə/
[4/4] l-l / ˈu-ˈu / n-n / a-ə

-------------------

/lˈuβu/ - /lˈup/
[2/3] l-l / ˈu-ˈu / β-p / u_#>-#>
[1/3] l-l / ˈu-ˈu / β-p / u-∅

-------------------

/mandiɣˈari/ - /mɨŋkˈare/
[4/4] m-m / a-ɨ / n-ŋ / d-∅ / i-∅ / ɣ-k / ˈa-ˈa / r-r / i-e

-------------------

/mˈanu/ - /mˈɨnə/
[4/4] m-m / ˈa-ˈɨ / n-n / u-ə

-------------------

/mˈari/ - /mˈare/
[5/5] m-m / ˈa-ˈa / r-r / i-e

-------------------

/mˈe/ - /mˈə/
[3/3] m-m / ˈe-ˈə

-------------------

/mˈeli/ - /mjˈere/
[3/4] m-m / ˈe-j_ˈe / l-r / i-e
[1/4] m-m / ∅-j / ˈe-ˈe / l-r / i-e

-------------------

/mˈezu/ - /mjˈez/
[3/5] m-m / ˈe-j_ˈe / z-z / u_#>-#>
[2/5] m-m / ∅-j / ˈe-ˈe / z-z / u-∅

-------------------

/mˈiʣa/ - /mˈie/
[3/5] m-m / ˈi-ˈi / ʣ-∅ / a-e
[2/5] m-m / ˈi_ʣ-ˈi / a-e

-------------------

/mˈoriri/ - /murˈire/
[4/4] m-m / ˈo-u / r-r / i-ˈi / r-r / i-e

-------------------

/mˈorti/ - /mo̯ˈarte/
[3/3] m-m / ˈo-o̯ˈa / r-r / t-t / i-e

-------------------

/mˈosːere/ - /muʃkˈare/
[2/2] m-m / ˈo-u / sː-ʃ / ∅-k / e-ˈa / r-r / e-e

-------------------

/mˈuska/ - /mˈuskə/
[2/2] m-m / ˈu-ˈu / s-s / k-k / a-ə

-------------------

/naðˈaj/ - /ɨnotˈare/
[4/4] ∅-ɨ / n-n / a-o / ð-t / ˈa-ˈa / ∅-r / j-e

-------------------

/neʃːˈuni/ - /niʧʲˈun/
[5/5] n-n / e-i / ʃː-ʧʲ / ˈu-ˈu / n-n / i-∅

-------------------

/nˈazu/ - /nˈas/
[2/4] n-n / ˈa-ˈa / z-s / u_#>-#>
[2/4] n-n / ˈa-ˈa / z-s / u-∅

-------------------

/nˈaʃːiri/ - /nˈaʃtere/
[4/4] n-n / ˈa-ˈa / ʃː-ʃ / ∅-t / i-e / r-r / i-e

-------------------

/nˈi/ - /ne̯ˈa/
[3/3] n-n / ˈi-e̯ˈa

-------------------

/nˈiɡru/ - /nˈeɡru/
[4/4] n-n / ˈi-ˈe / ɡ-ɡ / r-r / u-u

-------------------

/nˈoj/ - /nˈowə/
[3/3] n-n / ˈo-ˈo / j-w / ∅-ə

-------------------

/nˈomene/ - /nˈume/
[4/4] n-n / ˈo-ˈu / m-m / e-e / n-∅ / e-∅

-------------------

/nˈos/ - /nˈoj/
[5/5] n-n / ˈo-ˈo / s-∅ / ∅-j

-------------------

/nˈostru/ - /nˈostru/
[3/3] n-n / ˈo-ˈo / s-s / t-t / r-r / u-u

-------------------

/nˈoti/ - /no̯ˈapte/
[2/3] n-n / ˈo-o̯ˈa / t-p_t / i-e
[1/3] n-n / ˈo-o̯ˈa / ∅-p / t-t / i-e

-------------------

/nˈoβu/ - /nˈow/
[5/5] n-n / ˈo-ˈo / β-∅ / u-w

-------------------

/nˈue/ - /nˈor/
[2/2] n-n / ˈu-ˈo / e-∅ / ∅-r

-------------------

/nˈuʒi/ - /nˈuk/
[2/2] n-n / ˈu-ˈu / ʒ-∅ / i-∅ / ∅-k

-------------------

/nˈuʒi/ - /nˈukə/
[1/1] n-n / ˈu-ˈu / ʒ-∅ / ∅-k / i-ə

-------------------

/orˈija/ - /urˈeke/
[5/5] o-u / r-r / ˈi-ˈe / j-∅ / ∅-k / a-e

-------------------

/priˈoɣu/ - /pədˈuke/
[3/3] p-p / r-∅ / i-ə / ∅-d / ˈo-ˈu / ɣ-k / u-e

-------------------

/prˈanʤiri/ - /plˈɨnʤere/
[3/3] p-p / r-l / ˈa-ˈɨ / n-n / ʤ-ʤ / i-e / r-r / i-e

-------------------

/prˈenu/ - /plˈin/
[3/4] p-p / r-l / ˈe-ˈi / n_u-n
[1/4] p-p / r-l / ˈe-ˈi / n-n / u-∅

-------------------

/prˈoja/ - /plo̯ˈaje/
[4/4] p-p / r-l / ˈo-o̯ˈa / j-j / a-e

-------------------

/pˈani/ - /pˈɨjne/
[5/5] p-p / ˈa-ˈɨ / ∅-j / n-n / i-e

-------------------

/pˈaʒi/ - /pˈaʧe/
[5/5] p-p / ˈa-ˈa / ʒ-ʧ / i-e

-------------------

/pˈetuzŭ/ - /pjˈept/
[2/4] p-p_j / ˈe-ˈe / t-p_t / u-∅ / z-∅ / ŭ_#>-#>
[1/4] p-p / ∅-j / ˈe-ˈe / ∅-p / t-t / u-∅ / z-∅ / ŭ-∅
[1/4] p-p / ˈe-j_ˈe / t-p_t / u-∅ / z-∅ / ŭ-∅

-------------------

/pˈeðra/ - /pjˈatrə/
[2/4] p-p_j / ˈe-ˈa / ð-t / r-r / a-ə
[2/4] p-p / ∅-j / ˈe-ˈa / ð-t / r-r / a-ə

-------------------

/pˈeɖːi/ - /pjˈele/
[1/4] p-p_j / ˈe-ˈe / ɖː-l / i-e
[1/4] p-p / ∅-j / ˈe-ˈe / ɖː-∅ / ∅-l / i-e
[1/4] p-p / ∅-j / ˈe-ˈe / ɖː-l / i-e
[1/4] p-p / ˈe-j_ˈe / ɖː-l / i-e

-------------------

/pˈilu/ - /pˈər/
[1/1] p-p / ˈi-ˈə / l_u-r

-------------------

/pˈinːa/ - /pˈanə/
[3/3] p-p / ˈi-ˈa / nː-n / a-ə

-------------------

/pˈiʃːi/ - /pˈeʃte/
[4/4] p-p / ˈi-ˈe / ʃː-ʃ / ∅-t / i-e

-------------------

/pˈonti/ - /pˈunte/
[3/3] p-p / ˈo-ˈu / n-n / t-t / i-e

-------------------

/pˈonːiri/ - /pˈunere/
[4/4] p-p / ˈo-ˈu / nː-n / i-e / r-r / i-e

-------------------

/pˈorku/ - /pˈork/
[3/4] p-p / ˈo-ˈo / r-r / k-k / u_#>-#>
[1/4] p-p / ˈo-ˈo / r-r / k-k / u-∅

-------------------

/pˈorːi/ - /putˈere/
[4/4] p-p / ˈo-u / ∅-t / ∅-ˈe / rː-r / i-e

-------------------

/pˈuʦu/ - /pˈuʦ/
[2/3] p-p / ˈu-ˈu / ʦ-ʦ / u_#>-#>
[1/3] p-p / ˈu-ˈu / ʦ-ʦ / u-∅

-------------------

/romˈanu/ - /rumˈɨn/
[1/2] r-r / o-u / m-m / ˈa-ˈɨ / n_u-n
[1/2] r-r / o-u / m-m / ˈa-ˈɨ / n-n / u-∅

-------------------

/rˈena/ - /arˈinə/
[4/4] ∅-a / r-r / ˈe-ˈi / n-n / a-ə

-------------------

/skrˈoʒu/ - /sko̯ˈarʦə/
[4/4] s-s / k-k / r-∅ / ˈo-o̯ˈa / ∅-r / ʒ-ʦ / u-ə

-------------------

/sˈali/ - /sˈare/
[4/4] s-s / ˈa-ˈa / l-r / i-e

-------------------

/sˈantu/ - /sˈɨnt/
[3/5] s-s / ˈa-ˈɨ / n-n / t_u-t
[2/5] s-s / ˈa-ˈɨ / n-n / t-t / u-∅

-------------------

/sˈaŋɡwini/ - /sˈɨnʤe/
[3/3] s-s / ˈa-ˈɨ / ŋ-∅ / ɡ-∅ / w-∅ / i-∅ / n-n / ∅-ʤ / i-e

-------------------

/sˈemene/ - /səmˈɨnʦə/
[3/3] s-s / ˈe-ə / m-m / e-ˈɨ / n-n / ∅-ʦ / e-ə

-------------------

/sˈera/ - /se̯ˈarə/
[4/4] s-s / ˈe-e̯ˈa / r-r / a-ə

-------------------

/sˈete/ - /ʃˈapte/
[2/4] s-ʃ / ˈe-ˈa / ∅-p / t-t / e-e
[2/4] s-ʃ / ˈe-ˈa / t-p_t / e-e

-------------------

/sˈika/ - /se̯ˈakə/
[5/5] s-s / ˈi-e̯ˈa / k-k / a-ə

-------------------

/sˈiku/ - /sˈek/
[2/4] s-s / ˈi-ˈe / k-k / u_#>-#>
[2/4] s-s / ˈi-ˈe / k-k / u-∅

-------------------

/sˈoli/ - /so̯ˈare/
[4/4] s-s / ˈo-o̯ˈa / l-r / i-e

-------------------

/sˈuβra/ - /sˈupra/
[3/3] s-s / ˈu-ˈu / β-p / r-r / a-a

-------------------

/trˈezĕ/ - /trˈej/
[5/5] t-t / r-r / ˈe-ˈe / z-∅ / ĕ-j

-------------------

/tˈempuzŭ/ - /tˈimp/
[2/3] t-t / ˈe-ˈi / m-m / p-p / u-∅ / z-∅ / ŭ_#>-#>
[1/3] t-t / ˈe-ˈi / m-m / p-p / u-∅ / z-∅ / ŭ-∅

-------------------

/tˈerːa/ - /ʦˈarə/
[4/4] t-ʦ / ˈe-ˈa / rː-r / a-ə

-------------------

/tˈotːu/ - /tˈot/
[2/4] t-t / ˈo-ˈo / tː-t / u_#>-#>
[2/4] t-t / ˈo-ˈo / tː-t / u-∅

-------------------

/tˈui/ - /tˈu/
[4/4] t-t / ˈu-ˈu / i-∅

-------------------

/tˈundu/ - /rətˈund/
[2/4] ∅-r / ∅-ə / t-t / ˈu-ˈu / n-n / d-d / u_#>-#>
[2/4] ∅-r / ∅-ə / t-t / ˈu-ˈu / n-n / d-d / u-∅

-------------------

/ɡˈuta/ - /ɡˈutə/
[2/2] ɡ-ɡ / ˈu-ˈu / t-t / a-ə

-------------------

/ʧamˈari/ - /kemˈare/
[3/3] ʧ-∅ / ∅-k / a-e / m-m / ˈa-ˈa / r-r / i-e

-------------------

/ʧerˈeʒja/ - /ʧire̯ˈaʃə/
[4/4] ʧ-ʧ / e-i / r-r / ˈe-e̯ˈa / ʒ-ʃ / j-∅ / a-ə

-------------------

/ʧitˈadi/ - /ʧetˈate/
[4/4] ʧ-ʧ / i-e / t-t / ˈa-ˈa / d-t / i-e

-------------------

/ʧˈelu/ - /ʧˈer/
[2/4] ʧ-ʧ / ˈe-ˈe / l_u-r
[2/4] ʧ-ʧ / ˈe-ˈe / l-r / u-∅

-------------------

/ʧˈera/ - /ʧe̯ˈarə/
[5/5] ʧ-ʧ / ˈe-e̯ˈa / r-r / a-ə

-------------------

/ʧˈiŋku/ - /ʧˈinʧʲ/
[4/4] ʧ-ʧ / ˈi-ˈi / ŋ-n / k-∅ / u-∅ / ∅-ʧʲ

-------------------

/ˈakwa/ - /ˈapə/
[3/3] ˈa-ˈa / k-p / w-∅ / a-ə

-------------------

/ˈalvu/ - /ˈalb/
[2/4] ˈa-ˈa / l-l / v-b / u_#>-#>
[2/4] ˈa-ˈa / l-l / v-b / u-∅

-------------------

/ˈanʤelu/ - /ˈɨnʤer/
[3/5] ˈa-ˈɨ / n-n / ʤ-ʤ / e-e / l_u-r
[2/5] ˈa-ˈɨ / n-n / ʤ-ʤ / e-e / l-r / u-∅

-------------------

/ˈanːu/ - /ˈan/
[3/5] ˈa-ˈa / nː-n / u_#>-#>
[2/5] ˈa-ˈa / nː-n / u-∅

-------------------

/ˈarbori/ - /ˈarbore/
[3/3] ˈa-ˈa / r-r / b-b / o-o / r-r / i-e

-------------------

/ˈaɣu/ - /ˈak/
[3/3] ˈa-ˈa / ɣ_u-k

-------------------

/ˈerba/ - /jˈarbə/
[4/4] ∅-j / ˈe-ˈa / r-r / b-b / a-ə

-------------------

/ˈiskja/ - /ʃtˈiw/
[1/1] ∅-ʃ / ∅-t / ˈi-ˈi / s-∅ / k-∅ / j-w / a-∅

-------------------

/ˈojozŏ/ - /ˈokʲ/
[1/1] ˈo-ˈo / j-kʲ / o-∅ / z-∅ / ŏ-∅

-------------------

/ˈoju/ - /ˈokʲ/
[1/1] ˈo-ˈo / j-kʲ / u_#>-#>

-------------------

/ˈomini/ - /ˈom/
[4/4] ˈo-ˈo / m-m / i-∅ / n-∅ / i-∅

-------------------

/ˈotu/ - /ˈopt/
[2/3] ˈo-ˈo / t-p_t / u-∅
[1/3] ˈo-ˈo / ∅-p / t-t / u-∅

-------------------

/ˈoβu/ - /ˈow/
[5/5] ˈo-ˈo / β-∅ / u-w

-------------------

/ˈunu/ - /ˈunu/
[5/5] ˈu-ˈu / n-n / u-u

-------------------

/ˈursu/ - /ˈurs/
[3/5] ˈu-ˈu / r-r / s-s / u_#>-#>
[2/5] ˈu-ˈu / r-r / s-s / u-∅

-------------------

/ˈuŋɡa/ - /ˈuŋɡje/
[4/4] ˈu-ˈu / ŋ-ŋ / ɡ-ɡ / ∅-j / a-e

-------------------

