/brˈuːr/ - /bʀˈøːʀ/
b-b / r-ʀ / ˈuː-ˈøː / r-ʀ

-------------------

/brˈœχ/ - /bʀˈœk/
b-b / r-ʀ / ˈœ-ˈœ / χ-k

-------------------

/brˈʊə̯t/ - /bʀˈut/
b-b / r-ʀ / ˈʊə̯-ˈu / t-t

-------------------

/bɫˈut/ - /blˈʊːt/
b-b / ɫ-l / ˈu-ˈʊː / t-t

-------------------

/bɫˈɑːr/ - /blˈaːt/
b-b / ɫ-l / ˈɑː-ˈaː / r-∅ / ∅-t

-------------------

/bɫˈɔm/ - /blˈɔm/
b-b / ɫ-l / ˈɔ-ˈɔ / m-m

-------------------

/bˈat/ - /bˈɑt/
b-b / ˈa-ˈɑ / t-t

-------------------

/bˈit/ - /bˈeːjə/
b-b / ˈi-ˈeː / t-j / ∅-ə
b-b / ˈi-ˈeː / t-j_ə

-------------------

/bˈuk/ - /bˈoːk/
b-b / ˈu-ˈoː / k-k

-------------------

/bˈæːrχ/ - /bˈæːʀəx/
b-b / ˈæː-ˈæː / r-ʀ / ∅-ə / χ-x

-------------------

/bˈɔːrs/ - /bˈʊːʀs/
b-b / ˈɔː-ˈʊː / r-ʀ / s-s

-------------------

/bˈət/ - /bˈɛjə/
b-b / ˈə-ˈɛ / t-j / ∅-ə
b-b / ˈə-ˈɛ / t-j_ə

-------------------

/bˈəɪ̯/ - /bˈɛj/
b-b / ˈəɪ̯-ˈɛ_j

-------------------

/bˈəɪ̯t/ - /bˈiːtə/
b-b / ˈəɪ̯-ˈiː / t-t / ∅-ə

-------------------

/bˈɪə̯n/ - /bˈɛːn/
b-b / ˈɪə̯-ˈɛː / n-n

-------------------

/bˈɪə̯r/ - /bˈeːʀ/
b-b / ˈɪə̯-ˈeː / r-ʀ

-------------------

/bˈɪə̯tər/ - /bˈeːtəʀ/
b-b / ˈɪə̯-ˈeː / t-t / ə-ə / r-ʀ

-------------------

/bˈʊə̯m/ - /bˈɔːm/
b-b / ˈʊə̯-ˈɔː / m-m

-------------------

/bˈʊə̯t/ - /bˈʊːt/
b-b / ˈʊə̯-ˈʊː / t-t

-------------------

/drˈi/ - /dʀˈɛi̯/
d-d / r-ʀ / ˈi-ˈɛi̯

-------------------

/drˈəŋk/ - /dʀˈɪːŋkə/
d-d / r-ʀ / ˈə-ˈɪː / ŋ-ŋ / k-k / ∅-ə

-------------------

/drˈəɪ̯f/ - /dʀˈiːvə/
d-d / r-ʀ / ˈəɪ̯-ˈiː / f-v / ∅-ə

-------------------

/drˈʊə̯m/ - /dʀˈœi̯mə/
d-d / r-ʀ / ˈʊə̯-ˈœi̯ / m-m / ∅-ə
d-d / r-ʀ / ˈʊə̯-ˈœi̯ / m-m_ə

-------------------

/drˈʊə̯m/ - /dʀˈɔːm/
d-d / r-ʀ / ˈʊə̯-ˈɔː / m-m

-------------------

/drˈʊə̯χ/ - /dʀˈyːx/
d-d / r-ʀ / ˈʊə̯-ˈyː / χ-x

-------------------

/drˈʊə̯χ/ - /dˈɔʀ/
d-d / ∅-ˈɔ / r-ʀ / ˈʊə̯-∅ / χ-∅

-------------------

/dvˈɛrχ/ - /dβˈæːʀəx/
d-d / v-β / ˈɛ-ˈæː / r-ʀ / ∅-ə / χ-x

-------------------

/dˈaŋk/ - /dˈaːŋkə/
d-d / ˈa-ˈaː / ŋ-ŋ / k-k / ∅-ə

-------------------

/dˈaχ/ - /dˈaːx/
d-d / ˈa-ˈaː / χ-x

-------------------

/dˈif/ - /dˈeːf/
d-d / ˈi-ˈeː / f-f

-------------------

/dˈip/ - /dˈeːp/
d-d / ˈi-ˈeː / p-p

-------------------

/dˈir/ - /dˈiːʀ/
d-d / ˈi-ˈiː / r-ʀ

-------------------

/dˈyːr/ - /dˈøːʀ/
d-d / ˈyː-ˈøː / r-ʀ

-------------------

/dˈœn/ - /dˈʏn/
d-d / ˈœ-ˈʏ / n-n

-------------------

/dˈœɪ̯sən/ - /dˈuːzənt/
d-d / ˈœɪ̯-ˈuː / s-z / ə-ə / n-n / ∅-t

-------------------

/dˈœɪ̯ts/ - /dˈœi̯ʦ/
d-d / ˈœɪ̯-ˈœi̯ / t-∅ / s-ʦ

-------------------

/dˈɔndər/ - /dˈɔndəʀ/
d-d / ˈɔ-ˈɔ / n-n / d-d / ə-ə / r-ʀ

-------------------

/dˈɔr/ - /dʀˈyːx/
d-d / ˈɔ-∅ / r-ʀ / ∅-ˈyː / ∅-x

-------------------

/dˈɔr/ - /dˈɔʀ/
d-d / ˈɔ-ˈɔ / r-ʀ

-------------------

/dˈɔχtər/ - /dˈɔxtəʀ/
d-d / ˈɔ-ˈɔ / χ-x / t-t / ə-ə / r-ʀ

-------------------

/dˈək/ - /dˈɪk/
d-d / ˈə-ˈɪ / k-k

-------------------

/dˈəŋ/ - /dˈɪːŋk/
d-d / ˈə-ˈɪː / ŋ-ŋ / ∅-k

-------------------

/dˈʊə̯dələk/ - /dˈyːjələk/
d-d / ˈʊə̯-ˈyː / d-∅ / ə-j_ə / l-l / ə-ə / k-k
d-d / ˈʊə̯-ˈyː / d-∅ / ∅-j / ə-ə / l-l / ə-ə / k-k

-------------------

/dˈʊə̯rəŋ/ - /dˈʊːʀə/
d-d / ˈʊə̯-ˈʊː / r-ʀ / ə-ə / ŋ-∅

-------------------

/dˈʊə̯t/ - /dˈut/
d-d / ˈʊə̯-ˈu / t-t

-------------------

/frˈint/ - /vʀˈʏːnt/
f-v / r-ʀ / ˈi-ˈʏː / n-n / t-t

-------------------

/frˈis/ - /vʀˈeːʀə/
f-v / r-ʀ / ˈi-ˈeː / s-∅ / ∅-ʀ / ∅-ə

-------------------

/frˈœu̯/ - /vʀˈɔu̯/
f-v / r-ʀ / ˈœu̯-ˈɔu̯

-------------------

/frˈəɪ̯/ - /vʀˈɛːi̯/
f-v / r-ʀ / ˈəɪ̯-ˈɛːi̯

-------------------

/fɫˈiχ/ - /vlˈeːx/
f-v / ɫ-l / ˈi-ˈeː / χ-x

-------------------

/fɫˈiχ/ - /vlˈeːɣə/
f-v / ɫ-l / ˈi-ˈeː / χ-ɣ / ∅-ə

-------------------

/fɫˈəɪ̯s/ - /vlˈɛːs/
f-v / ɫ-l / ˈəɪ̯-ˈɛː / s-s

-------------------

/fˈars/ - /vˈeːʀs/
f-v / ˈa-ˈeː / r-ʀ / s-s

-------------------

/fˈir/ - /vˈeːʀ/
f-v / ˈi-ˈeː / r-ʀ

-------------------

/fˈut/ - /vˈʊːt/
f-v / ˈu-ˈʊː / t-t

-------------------

/fˈuɫ/ - /vˈøːlə/
f-v / ˈu-ˈøː / ɫ-l / ∅-ə

-------------------

/fˈyːr/ - /vˈyːʀ/
f-v / ˈyː-ˈyː / r-ʀ

-------------------

/fˈɑːdər/ - /vˈaːjəʀ/
f-v / ˈɑː-ˈaː / d-∅ / ə-j_ə / r-ʀ
f-v / ˈɑː-ˈaː / d-∅ / ∅-j / ə-ə / r-ʀ

-------------------

/fˈɔs/ - /vˈɔs/
f-v / ˈɔ-ˈɔ / s-s

-------------------

/fˈɔɫ/ - /vˈɔl/
f-v / ˈɔ-ˈɔ / ɫ-l

-------------------

/fˈɔɫk/ - /vˈɔːlək/
f-v / ˈɔ-ˈɔː / ɫ-l / ∅-ə / k-k

-------------------

/fˈɔɫχ/ - /vˈɔləɣə/
f-v / ˈɔ-ˈɔ / ɫ-l / ∅-ə / χ-ɣ / ∅-ə

-------------------

/fˈəs/ - /vˈɛs/
f-v / ˈə-ˈɛ / s-s

-------------------

/fˈəŋər/ - /ˈvɪːŋəʀ/
f-ˈv / ˈə-ɪː / ŋ-ŋ / ə-ə / r-ʀ

-------------------

/fˈəɪ̯f/ - /vˈiːf/
f-v / ˈəɪ̯-ˈiː / f-f

-------------------

/fˈɪə̯r/ - /vˈeːʀ/
f-v / ˈɪə̯-ˈeː / r-ʀ

-------------------

/fˈʊə̯ɫ/ - /vˈoːɣəl/
f-v / ˈʊə̯-ˈoː / ∅-ɣ / ∅-ə / ɫ-l

-------------------

/jˈɑːr/ - /jˈɒːʀ/
j-j / ˈɑː-ˈɒː / r-ʀ

-------------------

/jˈɔŋ/ - /jˈʊːŋk/
j-j / ˈɔ-ˈʊː / ŋ-ŋ / ∅-k

-------------------

/knˈi/ - /knˈeː/
k-k / n-n / ˈi-ˈeː

-------------------

/kˈaɫf/ - /kˈaːf/
k-k / ˈa-ˈaː / ɫ-∅ / f-f

-------------------

/kˈuːi̯/ - /kˈoːj/
k-k / ˈuːi̯-ˈoː / ∅-j

-------------------

/kˈœu̯t/ - /kˈaːjt/
k-k / ∅-ˈaː / ˈœu̯-j / t-t

-------------------

/kˈɑːs/ - /kˈis/
k-k / ˈɑː-ˈi / s-s

-------------------

/kˈɔp/ - /kˈɔp/
k-k / ˈɔ-ˈɔ / p-p

-------------------

/kˈɔp/ - /ɦˈœt/
k-ɦ / ˈɔ-ˈœ / p-t

-------------------

/kˈənt/ - /kˈeːnt/
k-k / ˈə-ˈeː / n-n / t-t

-------------------

/kˈɛrk/ - /kˈɛːʀək/
k-k / ˈɛ-ˈɛː / r-ʀ / ∅-ə / k-k

-------------------

/kˈʊə̯nəŋ/ - /kˈøːnɪŋ/
k-k / ˈʊə̯-ˈøː / n-n / ə-ɪ / ŋ-ŋ

-------------------

/kˈʊə̯rəŋ/ - /kˈʊːʀə/
k-k / ˈʊə̯-ˈʊː / r-ʀ / ə-ə / ŋ-∅

-------------------

/lˈant/ - /lˈɑːnt/
l-l / ˈa-ˈɑː / n-n / t-t

-------------------

/lˈaχ/ - /lˈɑxə/
l-l / ˈa-ˈɑ / χ-x / ∅-ə

-------------------

/lˈʊə̯p/ - /lˈɔːpə/
l-l / ˈʊə̯-ˈɔː / p-p / ∅-ə

-------------------

/mˈan/ - /mˈaːn/
m-m / ˈa-ˈaː / n-n

-------------------

/mˈans/ - /mˈɑnə/
m-m / ˈa-ˈɑ / n-n / s-∅ / ∅-ə

-------------------

/mˈaχ/ - /mˈɑx/
m-m / ˈa-ˈɑ / χ-x

-------------------

/mˈudər/ - /mˈoːjəʀ/
m-m / ˈu-ˈoː / d-∅ / ə-j_ə / r-ʀ
m-m / ˈu-ˈoː / d-∅ / ∅-j / ə-ə / r-ʀ

-------------------

/mˈœɪ̯s/ - /mˈuːs/
m-m / ˈœɪ̯-ˈuː / s-s

-------------------

/mˈœɪ̯sə/ - /mˈœi̯s/
m-m / ˈœɪ̯-ˈœi̯ / s-s / ə-∅

-------------------

/mˈœχ/ - /mˈœk/
m-m / ˈœ-ˈœ / χ-k

-------------------

/mˈɑːn/ - /mˈɒːn/
m-m / ˈɑː-ˈɒː / n-n

-------------------

/mˈɔnt/ - /mˈʊːnt/
m-m / ˈɔ-ˈʊː / n-n / t-t

-------------------

/mˈəɪ̯/ - /mˈix/
m-m / ˈəɪ̯-ˈi / ∅-x

-------------------

/mˈɛns/ - /mˈɪns/
m-m / ˈɛ-ˈɪ / n-n / s-s

-------------------

/mˈɛɫk/ - /mˈɛːlək/
m-m / ˈɛ-ˈɛː / ɫ-l / ∅-ə / k-k

-------------------

/nˈaχ/ - /nˈɑx/
n-n / ˈa-ˈɑ / χ-x

-------------------

/nˈit/ - /nˈœi̯/
n-n / ˈi-ˈœi̯ / t-∅

-------------------

/nˈɑːk/ - /nˈaːk/
n-n / ˈɑː-ˈaː / k-k

-------------------

/nˈɑːm/ - /nˈɒːm/
n-n / ˈɑː-ˈɒː / m-m

-------------------

/nˈɑːɫt/ - /nˈɒːjə/
n-n / ˈɑː-ˈɒː / ɫ-∅ / t-j / ∅-ə
n-n / ˈɑː-ˈɒː / ɫ-∅ / t-j_ə

-------------------

/nˈɔːɫ/ - /nˈaːɣəl/
n-n / ˈɔː-ˈaː / ∅-ɣ / ∅-ə / ɫ-l

-------------------

/nˈɪø̯s/ - /nˈɒːs/
n-n / ˈɪø̯-ˈɒː / s-s

-------------------

/nˈɪə̯χə/ - /nˈeːɣə/
n-n / ˈɪə̯-ˈeː / χ-ɣ / ə-ə

-------------------

/nˈʊə̯rt/ - /nˈʊːʀdə/
n-n / ˈʊə̯-ˈʊː / r-ʀ / t-d / ∅-ə

-------------------

/pɫˈəχ/ - /plˈix/
p-p / ɫ-l / ˈə-ˈi / χ-x

-------------------

/rˈoːi̯/ - /ʀˈut/
r-ʀ / ˈoːi̯-ˈu / ∅-t

-------------------

/rˈəŋ/ - /ʀˈɪːŋk/
r-ʀ / ˈə-ˈɪː / ŋ-ŋ / ∅-k

-------------------

/rˈəɪ̯k/ - /ʀˈiːk/
r-ʀ / ˈəɪ̯-ˈiː / k-k

-------------------

/rˈɪə̯n/ - /ʀˈeːɣə/
r-ʀ / ˈɪə̯-ˈeː / n-∅ / ∅-ɣ / ∅-ə

-------------------

/rˈʊə̯k/ - /ʀˈɔːk/
r-ʀ / ˈʊə̯-ˈɔː / k-k

-------------------

/skˈærp/ - /ʃˈæːʀəp/
s-ʃ / k-∅ / ˈæ-ˈæː / r-ʀ / ∅-ə / p-p
s_k-ʃ / ˈæ-ˈæː / r-ʀ / ∅-ə / p-p

-------------------

/skˈɑːp/ - /ʃˈɒːp/
s-ʃ / k-∅ / ˈɑː-ˈɒː / p-p
s_k-ʃ / ˈɑː-ˈɒː / p-p

-------------------

/skˈəp/ - /ʃˈeːp/
s-ʃ / k-∅ / ˈə-ˈeː / p-p
s_k-ʃ / ˈə-ˈeː / p-p

-------------------

/skˈʊə̯n/ - /ʃˈun/
s-ʃ / k-∅ / ˈʊə̯-ˈu / n-n
s_k-ʃ / ˈʊə̯-ˈu / n-n

-------------------

/slˈɑːn/ - /slˈʊːn/
s-s / l-l / ˈɑː-ˈʊː / n-n

-------------------

/snˈiw/ - /snˈi/
s-s / n-n / ˈi-ˈi / w-∅

-------------------

/sprˈɑːk/ - /spʀˈɒːk/
s-s / p-p / r-ʀ / ˈɑː-ˈɒː / k-k

-------------------

/stˈuɫ/ - /stˈʊːl/
s-s / t-t / ˈu-ˈʊː / ɫ-l

-------------------

/stˈæːr/ - /stˈaːʀ/
s-s / t-t / ˈæː-ˈaː / r-ʀ

-------------------

/stˈɔrm/ - /stˈœːʀəm/
s-s / t-t / ˈɔ-ˈœː / r-ʀ / m-ə_m
s-s / t-t / ˈɔ-ˈœː / r-ʀ / ∅-ə / m-m

-------------------

/stˈɪə̯n/ - /stˈɛːn/
s-s / t-t / ˈɪə̯-ˈɛː / n-n

-------------------

/svˈɛm/ - /zβˈʏmə/
s-z / v-β / ˈɛ-ˈʏ / m-m / ∅-ə
s-z / v-β / ˈɛ-ˈʏ / m-m_ə

-------------------

/swˈart/ - /zβˈɑʀt/
s-z / w-β / ˈa-ˈɑ / r-ʀ / t-t

-------------------

/swˈɑːrt/ - /zβˈeːʀt/
s-z / w-β / ˈɑː-ˈeː / r-ʀ / t-t

-------------------

/swˈəɪ̯n/ - /zβˈiːn/
s-z / w-β / ˈəɪ̯-ˈiː / n-n

-------------------

/sɫˈaŋ/ - /slˈɑŋ/
s-s / ɫ-l / ˈa-ˈɑ / ŋ-ŋ

-------------------

/sɫˈɑːp/ - /slˈɒːpə/
s-s / ɫ-l / ˈɑː-ˈɒː / p-p / ∅-ə

-------------------

/sˈant/ - /zˈɑːnt/
s-z / ˈa-ˈɑː / n-n / t-t

-------------------

/sˈin/ - /zˈiːn/
s-z / ˈi-ˈiː / n-n

-------------------

/sˈiɫ/ - /zˈil/
s-z / ˈi-ˈi / ɫ-l

-------------------

/sˈut/ - /zˈøːt/
s-z / ˈu-ˈøː / t-t

-------------------

/sˈœstər/ - /zˈʏːstəʀ/
s-z / ˈœ-ˈʏː / s-s / t-t / ə-ə / r-ʀ

-------------------

/sˈœu̯t/ - /zˈaːjt/
s-z / ∅-ˈaː / ˈœu̯-j / t-t

-------------------

/sˈət/ - /zˈɪtə/
s-z / ˈə-ˈɪ / t-t / ∅-ə

-------------------

/sˈəŋ/ - /zˈɪːŋə/
s-z / ˈə-ˈɪː / ŋ-ŋ / ∅-ə

-------------------

/sˈəɪ̯/ - /zˈɛj/
s-z / ˈəɪ̯-ˈɛ / ∅-j
s-z / ˈəɪ̯-ˈɛ_j

-------------------

/sˈɛs/ - /zˈɛs/
s-z / ˈɛ-ˈɛ / s-s

-------------------

/sˈɛː/ - /zˈɛɡə/
s-z / ˈɛː-ˈɛ / ∅-ɡ / ∅-ə

-------------------

/sˈɪø̯n/ - /zˈʊːn/
s-z / ˈɪø̯-ˈʊː / n-n

-------------------

/sˈɪə̯/ - /zˈi/
s-z / ˈɪə̯-ˈi

-------------------

/sˈɪə̯və/ - /zˈeːvə/
s-z / ˈɪə̯-ˈeː / v-v / ə-ə

-------------------

/trˈɑːn/ - /tʀˈɒːn/
t-t / r-ʀ / ˈɑː-ˈɒː / n-n

-------------------

/twˈɑːlf/ - /tβˈæləf/
t-t / w-β / ˈɑː-ˈæ / l-l / ∅-ə / f-f
t-t / w-β / ˈɑː-ˈæ / l-l_ə / f-f

-------------------

/twˈɪntəχ/ - /tβˈɪːntəx/
t-t / w-β / ˈɪ-ˈɪː / n-n / t-t / ə-ə / χ-x

-------------------

/twˈɪə̯/ - /tβˈi/
t-t / w-β / ˈɪə̯-ˈi

-------------------

/tˈant/ - /tˈɑːnt/
t-t / ˈa-ˈɑː / n-n / t-t

-------------------

/tˈin/ - /tˈin/
t-t / ˈi-ˈi / n-n

-------------------

/tˈœi̯t/ - /tˈiːt/
t-t / ˈœi̯-ˈiː / t-t

-------------------

/tˈɔŋ/ - /tˈʊŋ/
t-t / ˈɔ-ˈʊ / ŋ-ŋ

-------------------

/vˈal/ - /βˈɑːl/
v-β / ˈa-ˈɑː / l-l

-------------------

/vˈarm/ - /βˈæʀəm/
v-β / ˈa-ˈæ / r-ʀ / m-ə_m
v-β / ˈa-ˈæ / r-ʀ / ∅-ə / m-m

-------------------

/vˈat/ - /βˈɑt/
v-β / ˈa-ˈɑ / t-t

-------------------

/vˈiɫ/ - /βˈil/
v-β / ˈi-ˈi / ɫ-l

-------------------

/vˈutə/ - /vˈøːj/
v-v / ˈu-ˈøː / t-j / ə-∅

-------------------

/vˈœrəm/ - /βˈœːʀəm/
v-β / ˈœ-ˈœː / r-ʀ / ə-ə / m-m

-------------------

/vˈɑːpən/ - /βˈɒːpə/
v-β / ˈɑː-ˈɒː / p-p / ə-ə / n-∅

-------------------

/vˈɑːtər/ - /βˈaːtəʀ/
v-β / ˈɑː-ˈaː / t-t / ə-ə / r-ʀ

-------------------

/vˈɔɫ/ - /βˈɔl/
v-β / ˈɔ-ˈɔ / ɫ-l

-------------------

/vˈɔɫf/ - /βˈɔːləf/
v-β / ˈɔ-ˈɔː / ɫ-l / ∅-ə / f-f

-------------------

/vˈənt/ - /βˈɪːnt/
v-β / ˈə-ˈɪː / n-n / t-t

-------------------

/vˈət/ - /βˈɪt/
v-β / ˈə-ˈɪ / t-t

-------------------

/vˈəɪ̯f/ - /βˈiːf/
v-β / ˈəɪ̯-ˈiː / f-f

-------------------

/vˈɛns/ - /βˈɪːnsə/
v-β / ˈɛ-ˈɪː / n-n / s-s / ∅-ə

-------------------

/vˈɛχ/ - /βˈeːx/
v-β / ˈɛ-ˈeː / χ-x

-------------------

/vˈɪə̯r/ - /βˈeːʀ/
v-β / ˈɪə̯-ˈeː / r-ʀ

-------------------

/vˈɪə̯t/ - /βˈɛːtə/
v-β / ˈɪə̯-ˈɛː / t-t / ∅-ə

-------------------

/vˈʊə̯rt/ - /βˈʊːʀt/
v-β / ˈʊə̯-ˈʊː / r-ʀ / t-t

-------------------

/ɦˈant/ - /ɦˈɑːnt/
ɦ-ɦ / ˈa-ˈɑː / n-n / t-t

-------------------

/ɦˈart/ - /ɦˈɑʀt/
ɦ-ɦ / ˈa-ˈɑ / r-ʀ / t-t

-------------------

/ɦˈir/ - /ɦˈeːʀ/
ɦ-ɦ / ˈi-ˈeː / r-ʀ

-------------------

/ɦˈœɪ̯s/ - /ɦˈuːs/
ɦ-ɦ / ˈœɪ̯-ˈuː / s-s

-------------------

/ɦˈɑːr/ - /ɦˈɒːʀ/
ɦ-ɦ / ˈɑː-ˈɒː / r-ʀ

-------------------

/ɦˈɑːs/ - /ɦˈɒːs/
ɦ-ɦ / ˈɑː-ˈɒː / s-s

-------------------

/ɦˈɔndərt/ - /ɦˈʊːndəʀt/
ɦ-ɦ / ˈɔ-ˈʊː / n-n / d-d / ə-ə / r-ʀ / t-t

-------------------

/ɦˈɔnt/ - /ɦˈʊːnt/
ɦ-ɦ / ˈɔ-ˈʊː / n-n / t-t

-------------------

/ɦˈɔŋər/ - /ɦˈʊːŋəʀ/
ɦ-ɦ / ˈɔ-ˈʊː / ŋ-ŋ / ə-ə / r-ʀ

-------------------

/ɦˈəɪ̯m/ - /ɦˈɛːi̯m/
ɦ-ɦ / ˈəɪ̯-ˈɛːi̯ / m-m

-------------------

/ɦˈəɪ̯ɫəχ/ - /ɦˈɛːləx/
ɦ-ɦ / ˈəɪ̯-ˈɛː / ɫ-l / ə-ə / χ-x

-------------------

/ɦˈɛn/ - /ɦˈɪn/
ɦ-ɦ / ˈɛ-ˈɪ / n-n

-------------------

/ɦˈɛː/ - /ɦˈœbə/
ɦ-ɦ / ˈɛː-ˈœ / ∅-b / ∅-ə

-------------------

/ɦˈɪø̯nəŋ/ - /ɦˈoːnɪŋ/
ɦ-ɦ / ˈɪø̯-ˈoː / n-n / ə-ɪ / ŋ-ŋ

-------------------

/ɦˈʊə̯f/ - /kˈɔp/
ɦ-k / ˈʊə̯-ˈɔ / f-p

-------------------

/ɦˈʊə̯f/ - /ɦˈœt/
ɦ-ɦ / ˈʊə̯-ˈœ / f-t
ɦ-ɦ / ˈʊə̯-ˈœ / f-∅ / ∅-t

-------------------

/ɦˈʊə̯r/ - /ɦˈyːʀə/
ɦ-ɦ / ˈʊə̯-ˈyː / r-ʀ / ∅-ə

-------------------

/ɦˈʊə̯rəŋ/ - /ɦˈʊːʀə/
ɦ-ɦ / ˈʊə̯-ˈʊː / r-ʀ / ə-ə / ŋ-∅

-------------------

/ɦˈʊə̯χ/ - /ɦˈux/
ɦ-ɦ / ˈʊə̯-ˈu / χ-x

-------------------

/ɫˈam/ - /lˈaːm/
ɫ-l / ˈa-ˈaː / m-m

-------------------

/ɫˈaŋk/ - /lˈaːŋk/
ɫ-l / ˈa-ˈaː / ŋ-ŋ / k-k

-------------------

/ɫˈœɪ̯s/ - /lˈuːs/
ɫ-l / ˈœɪ̯-ˈuː / s-s

-------------------

/ɫˈəχ/ - /lˈeːx/
ɫ-l / ˈə-ˈeː / χ-x

-------------------

/ɫˈəχ/ - /lˈix/
ɫ-l / ˈə-ˈi / χ-x

-------------------

/ɫˈɪə̯vər/ - /lˈeːvəʀ/
ɫ-l / ˈɪə̯-ˈeː / v-v / ə-ə / r-ʀ

-------------------

/ˈandər/ - /ˈɑːndəʀ/
ˈa-ˈɑː / n-n / d-d / ə-ə / r-ʀ

-------------------

/ˈapəɫ/ - /ˈɑpəl/
ˈa-ˈɑ / p-p / ə-ə / ɫ-l

-------------------

/ˈarm/ - /ˈæːʀəm/
ˈa-ˈæː / r-ʀ / ∅-ə / m-m

-------------------

/ˈas/ - /ˈæs/
ˈa-ˈæ / s-s

-------------------

/ˈaɫ/ - /ˈɑːl/
ˈa-ˈɑː / ɫ-l

-------------------

/ˈaχt/ - /ˈɑx/
ˈa-ˈɑ / χ-x / t-∅

-------------------

/ˈæk/ - /əx/
ˈæ-ə / k-x

-------------------

/ˈæk/ - /ˈix/
ˈæ-ˈi / k-x

-------------------

/ˈœɪ̯t/ - /ˈuːt/
ˈœɪ̯-ˈuː / t-t

-------------------

/ˈœɪ̯ɫ/ - /ˈœi̯l/
ˈœɪ̯-ˈœi̯ / ɫ-l

-------------------

/ˈɑːp/ - /ˈaːp/
ˈɑː-ˈaː / p-p

-------------------

/ˈɑːɫ/ - /ˈil/
ˈɑː-ˈi / ɫ-l

-------------------

/ˈɔns/ - /ˈʏːs/
ˈɔ-ˈʏː / n-∅ / s-s

-------------------

/ˈən/ - /ˈɪːn/
ˈə-ˈɪː / n-n

-------------------

/ˈəɪ̯k/ - /ˈɛːk/
ˈəɪ̯-ˈɛː / k-k

-------------------

/ˈəɪ̯s/ - /ˈiːs/
ˈəɪ̯-ˈiː / s-s

-------------------

/ˈɛlf/ - /ˈɛləf/
ˈɛ-ˈɛ / l-l / ∅-ə / f-f
ˈɛ-ˈɛ / l-l_ə / f-f

-------------------

/ˈɛχ/ - /ˈeːx/
ˈɛ-ˈeː / χ-x

-------------------

/ˈɪə̯n/ - /ˈɛːnə/
ˈɪə̯-ˈɛː / n-n / ∅-ə

-------------------

/ˈɪə̯t/ - /ˈeːtə/
ˈɪə̯-ˈeː / t-t / ∅-ə

-------------------

/ˈʊə̯r/ - /ˈuːʀ/
ˈʊə̯-ˈuː / r-ʀ

-------------------

/ˈʊə̯r/ - /ˈøːvəʀ/
ˈʊə̯-ˈøː / ∅-v / ∅-ə / r-ʀ

-------------------

/ˈʊə̯χ/ - /ˈɔu̯x/
ˈʊə̯-ˈɔu̯ / χ-x

-------------------

/χrˈas/ - /ɣʀˈaːs/
χ-ɣ / r-ʀ / ˈa-ˈaː / s-s

-------------------

/χrˈun/ - /ɣʀˈøːn/
χ-ɣ / r-ʀ / ˈu-ˈøː / n-n

-------------------

/χrˈʊə̯t/ - /ɣʀˈut/
χ-ɣ / r-ʀ / ˈʊə̯-ˈu / t-t

-------------------

/χˈans/ - /ɣˈaːjs/
χ-ɣ / ˈa-ˈaː / n-∅ / ∅-j / s-s

-------------------

/χˈas/ - /ɣˈɑs/
χ-ɣ / ˈa-ˈɑ / s-s

-------------------

/χˈut/ - /ɣˈʊːj/
χ-ɣ / ˈu-ˈʊː / t-j

-------------------

/χˈœu̯t/ - /ɣˈɔːwt/
χ-ɣ / ∅-ˈɔː / ˈœu̯-w / t-t

-------------------

/χˈɔt/ - /ɣˈɔt/
χ-ɣ / ˈɔ-ˈɔ / t-t

-------------------

/χˈəɪ̯t/ - /ɣˈɛːt/
χ-ɣ / ˈəɪ̯-ˈɛː / t-t

-------------------

/χˈɪə̯/ - /ɣˈeːvə/
χ-ɣ / ˈɪə̯-ˈeː / ∅-v / ∅-ə

-------------------

/χˈɪə̯s/ - /ɣˈɛːs/
χ-ɣ / ˈɪə̯-ˈɛː / s-s

-------------------

/χˈɪə̯ɫ/ - /ɣˈeːl/
χ-ɣ / ˈɪə̯-ˈeː / ɫ-l

-------------------

