/b̥lˈeɐ̯mə/ - /blˈɔm/
b̥-b / l-l / ∅-ˈɔ / ˈeɐ̯-∅ / m-m / ə_#>-#>
{0: [0], 1: [1], 2: None, 3: [2], 4: [3], 5: [4]}
{0: [0], 1: [1], 2: [2], 3: None, 4: [3], 5: None}
COST: 7.798

-------------------

/b̥lˈuɐ̯d̥/ - /blˈʊːd̥/
b̥-b / l-l / ˈuɐ̯-ˈʊː / d̥-d̥
{0: [0], 1: [1], 2: [2], 3: [3]}
{0: [0], 1: [1], 2: [2], 3: [3]}
COST: 24.127

-------------------

/b̥lˈuɐ̯d̥n̩/ - /blˈʊːjə/
b̥-b / l-l / ˈuɐ̯-ˈʊː / d̥_n-j_ə
{0: [0], 1: [1], 2: [2], 3: [3, 4]}
{0: [0], 1: [1], 2: [2], 3: [3, 4]}
COST: 17.718

-------------------

/b̥lˈɑd̥l̩/ - /blˈaːd̥/
b̥-b / l-l / ˈɑ-ˈaː / d̥-d̥ / l_#>-#>
{0: [0], 1: [1], 2: [2], 3: [3], 4: [4]}
{0: [0], 1: [1], 2: [2], 3: [3], 4: None}
COST: 21.743

-------------------

/b̥rˈoːd̥/ - /bʀˈud̥/
b̥-b / r-ʀ / ∅-ˈu / ˈoː-∅ / d̥-d̥
{0: [0], 1: [1], 2: None, 3: [2], 4: [3]}
{0: [0], 1: [1], 2: [2], 3: None, 4: [3]}
COST: 8.805

-------------------

/b̥rˈuɐ̯d̥a/ - /bʀˈøːʀ/
b̥-b / r-ʀ / ˈuɐ̯-ˈøː / d̥_a-ʀ
{0: [0], 1: [1], 2: [2], 3: [3, 4]}
{0: [0], 1: [1], 2: [2], 3: [3]}
COST: 17.292

-------------------

/b̥rˈuɡ̊n̩/ - /bʀˈœk/
b̥-b / r-ʀ / ˈu-ˈœ / ɡ̊-k / n_#>-#>
{0: [0], 1: [1], 2: [2], 3: [3], 4: [4]}
{0: [0], 1: [1], 2: [2], 3: [3], 4: None}
COST: 20.702

-------------------

/b̥rˈuʃd̥/ - /bˈʊːʀs/
b̥-b / r-∅ / ˈu-ˈʊː / ∅-ʀ / ʃ_d̥-s
{0: [0], 1: [1], 2: [2], 3: None, 4: [3, 4]}
{0: [0], 1: None, 2: [1], 3: [2], 4: [3]}
COST: 8.404

-------------------

/b̥ˈai̯sn̩/ - /bˈiːtə/
b̥-b / ˈai̯-ˈiː / s-t / n-ə
{0: [0], 1: [1], 2: [2], 3: [3]}
{0: [0], 1: [1], 2: [2], 3: [3]}
COST: 18.643

-------------------

/b̥ˈaːm/ - /bˈɔːm/
b̥-b / ˈaː-ˈɔː / m-m
{0: [0], 1: [1], 2: [2]}
{0: [0], 1: [1], 2: [2]}
COST: 20.419

-------------------

/b̥ˈesa/ - /bˈeːtəʀ/
b̥-b / ˈe-ˈeː / s-t / a-ə_ʀ
{0: [0], 1: [1], 2: [2], 3: [3]}
{0: [0], 1: [1], 2: [2], 3: [3, 4]}
COST: 20.515

-------------------

/b̥ˈeɐ/ - /bˈeːʀ/
b̥-b / ˈe-ˈeː / ɐ-ʀ
{0: [0], 1: [1], 2: [2]}
{0: [0], 1: [1], 2: [2]}
COST: 17.815

-------------------

/b̥ˈeɐɡ̊/ - /bˈæːʀəx/
b̥-b / ˈe-ˈæː / ɐ-ʀ_ə / ɡ̊_#>-x_#>
{0: [0], 1: [1], 2: [2], 3: [3]}
{0: [0], 1: [1], 2: [2, 3], 3: [4]}
COST: 23.994

-------------------

/b̥ˈid̥n̩/ - /bˈɛjə/
b̥-b / ∅-ˈɛ / ˈi-∅ / d̥_n-j_ə
{0: [0], 1: None, 2: [1], 3: [2, 3]}
{0: [0], 1: [1], 2: None, 3: [2, 3]}
COST: -1.503

-------------------

/b̥ˈind̥n̩/ - /bˈɪːndə/
b̥-b / ˈi-ˈɪː / n-n / d̥_n-d_ə
{0: [0], 1: [1], 2: [2], 3: [3, 4]}
{0: [0], 1: [1], 2: [2], 3: [3, 4]}
COST: 25.038

-------------------

/b̥ˈiːd̥n̩/ - /bˈeːjə/
b̥-b / ˈiː-ˈeː / d̥_n-j_ə
{0: [0], 1: [1], 2: [2, 3]}
{0: [0], 1: [1], 2: [2, 3]}
COST: 13.953

-------------------

/b̥ˈoɐ̯/ - /bˈɛːn/
b̥-b / ˈoɐ̯-ˈɛː / #>-n_#>
{0: [0], 1: [1], 2: None}
{0: [0], 1: [1], 2: [2]}
COST: 13.868

-------------------

/b̥ˈuɐ̯x/ - /bˈoːk/
b̥-b / ˈuɐ̯-ˈoː / x-k
{0: [0], 1: [1], 2: [2]}
{0: [0], 1: [1], 2: [2]}
COST: 20.005

-------------------

/b̥ˈɒːd̥/ - /bˈɑd̥/
b̥-b / ∅-ˈɑ / ˈɒː-∅ / d̥-d̥
{0: [0], 1: None, 2: [1], 3: [2]}
{0: [0], 1: [1], 2: None, 3: [2]}
COST: 4.906

-------------------

/b̥͡v̥lˈuɐ̯ɡ̊/ - /plˈoːx/
b̥͡v̥-p / l-l / ˈuɐ̯-ˈoː / ɡ̊_#>-x_#>
{0: [0], 1: [1], 2: [2], 3: [3]}
{0: [0], 1: [1], 2: [2], 3: [3]}
COST: 24.195

-------------------

/b̥͡v̥ˈaːd̥/ - /pˈaːd̥/
b̥͡v̥-p / ∅-ˈaː / ˈaː-∅ / d̥-d̥
{0: [0], 1: None, 2: [1], 3: [2]}
{0: [0], 1: [1], 2: None, 3: [2]}
COST: 3.066

-------------------

/d̥rˈai̯/ - /dʀˈɛːi̯/
d̥_r-d_ʀ / ˈai̯_#>-ˈɛːi̯_#>
{0: [0, 1], 1: [2]}
{0: [0, 1], 1: [2]}
COST: 17.857

-------------------

/d̥rˈai̯m/ - /dʀˈiːvə/
d̥_r-d_ʀ / ˈai̯-ˈiː / m-v_ə
{0: [0, 1], 1: [2], 2: [3]}
{0: [0, 1], 1: [2], 2: [3, 4]}
COST: 18.785

-------------------

/d̥rˈai̯ʦeɐ̯/ - /dˈaːʀtin/
d̥-d / ∅-ˈaː / r_ˈai̯-ʀ / ʦ-t / ∅-i / eɐ̯-∅ / #>-n_#>
{0: [0], 1: None, 2: [1, 2], 3: [3], 4: None, 5: [4], 6: None}
{0: [0], 1: [1], 2: [2], 3: [3], 4: [4], 5: None, 6: [5]}
COST: -3.459

-------------------

/d̥rˈaːm/ - /dʀˈɔːm/
d̥_r-d_ʀ / ˈaː-ˈɔː / m-m
{0: [0, 1], 1: [2], 2: [3]}
{0: [0, 1], 1: [2], 2: [3]}
COST: 23.291

-------------------

/d̥rˈaːma/ - /dʀˈœi̯mə/
d̥_r-d_ʀ / ∅-ˈœi̯ / ˈaː-∅ / m-m / a-ə
{0: [0, 1], 1: None, 2: [2], 3: [3], 4: [4]}
{0: [0, 1], 1: [2], 2: None, 3: [3], 4: [4]}
COST: 12.749

-------------------

/d̥rˈiŋɡ̊a/ - /dʀˈɪːŋkə/
d̥_r-d_ʀ / ˈi-ˈɪː / ŋ-ŋ / ɡ̊-k / a-ə
{0: [0, 1], 1: [2], 2: [3], 3: [4], 4: [5]}
{0: [0, 1], 1: [2], 2: [3], 3: [4], 4: [5]}
COST: 32.841

-------------------

/d̥rˈuɡ̊a/ - /dʀˈœkə/
d̥_r-d_ʀ / ˈu-ˈœ / ɡ̊-k / a-ə
{0: [0, 1], 1: [2], 2: [3], 3: [4]}
{0: [0, 1], 1: [2], 2: [3], 3: [4]}
COST: 26.751

-------------------

/d̥ˈai̯a/ - /dˈøːʀ/
d̥-d / ∅-ˈøː / ˈai̯_a-ʀ
{0: [0], 1: None, 2: [1, 2]}
{0: [0], 1: [1], 2: [2]}
COST: 2.99

-------------------

/d̥ˈai̯d̥ʃ/ - /dˈœi̯ts/
d̥-d / ˈai̯-ˈœi̯ / d̥-t / ʃ-s
{0: [0], 1: [1], 2: [2], 3: [3]}
{0: [0], 1: [1], 2: [2], 3: [3]}
COST: 19.652

-------------------

/d̥ˈau̯sad̥/ - /dˈuːzənd̥/
d̥-d / ˈau̯-ˈuː / s-z / a-ə / ∅-n / d̥-d̥
{0: [0], 1: [1], 2: [2], 3: [3], 4: None, 5: [4]}
{0: [0], 1: [1], 2: [2], 3: [3], 4: [4], 5: [5]}
COST: 22.348

-------------------

/d̥ˈaŋɡ̊n̩/ - /dˈaːŋkə/
d̥-d / ˈa-ˈaː / ŋ-ŋ / ɡ̊-k / n-ə
{0: [0], 1: [1], 2: [2], 3: [3], 4: [4]}
{0: [0], 1: [1], 2: [2], 3: [3], 4: [4]}
COST: 19.361

-------------------

/d̥ˈaːm/ - /dˈɔu̯m/
d̥-d / ∅-ˈɔu̯ / ˈaː-∅ / m-m
{0: [0], 1: None, 2: [1], 3: [2]}
{0: [0], 1: [1], 2: None, 3: [2]}
COST: 4.523

-------------------

/d̥ˈeːd̥li/ - /dˈyːjələk/
d̥-d / ˈeː-ˈyː / d̥-j_ə / l-l / i-ə_k
{0: [0], 1: [1], 2: [2], 3: [3], 4: [4]}
{0: [0], 1: [1], 2: [2, 3], 3: [4], 4: [5, 6]}
COST: 13.641

-------------------

/d̥ˈin/ - /dˈʏn/
d̥-d / ∅-ˈʏ / ˈi_n-n
{0: [0], 1: None, 2: [1, 2]}
{0: [0], 1: [1], 2: [2]}
COST: 3.508

-------------------

/d̥ˈiɐ̯b̥/ - /dˈeːv̥/
d̥-d / ˈiɐ̯-ˈeː / b̥_#>-v̥_#>
{0: [0], 1: [1], 2: [2]}
{0: [0], 1: [1], 2: [2]}
COST: 19.022

-------------------

/d̥ˈiɐ̯f/ - /dˈeːp/
d̥-d / ˈiɐ̯-ˈeː / f_#>-p_#>
{0: [0], 1: [1], 2: [2]}
{0: [0], 1: [1], 2: [2]}
COST: 19.227

-------------------

/d̥ˈona/ - /dˈɔndəʀ/
d̥-d / ˈo-ˈɔ / n-n / ∅-d / a-ə_ʀ
{0: [0], 1: [1], 2: [2], 3: None, 4: [3]}
{0: [0], 1: [1], 2: [2], 3: [3], 4: [4, 5]}
COST: 15.684

-------------------

/d̥ˈorn/ - /dˈʊːʀə/
d̥-d / ˈo-ˈʊː / r-ʀ / n-ə
{0: [0], 1: [1], 2: [2], 3: [3]}
{0: [0], 1: [1], 2: [2], 3: [3]}
COST: 15.923

-------------------

/d̥ˈou̯d̥/ - /dˈud̥/
d̥-d / ˈou̯-ˈu / d̥-d̥
{0: [0], 1: [1], 2: [2]}
{0: [0], 1: [1], 2: [2]}
COST: 20.424

-------------------

/d̥ˈoxd̥a/ - /dˈɔxtəʀ/
d̥-d / ˈo-ˈɔ / x-x / d̥-t / a-ə_ʀ
{0: [0], 1: [1], 2: [2], 3: [3], 4: [4]}
{0: [0], 1: [1], 2: [2], 3: [3], 4: [4, 5]}
COST: 23.582

-------------------

/d̥ˈoɐ̯ɡ̊/ - /dˈɛːx/
d̥-d / ˈoɐ̯-ˈɛː / ɡ̊_#>-x_#>
{0: [0], 1: [1], 2: [2]}
{0: [0], 1: [1], 2: [2]}
COST: 19.256

-------------------

/d̥ˈu/ - /dˈuː/
d̥-d / ∅-ˈuː / ˈu-∅
{0: [0], 1: None, 2: [1]}
{0: [0], 1: [1], 2: None}
COST: -1.057

-------------------

/d̥ˈuɐʃd̥/ - /dˈʊːʀs/
d̥-d / ˈu-ˈʊː / ɐ-ʀ / ʃ_d̥-s
{0: [0], 1: [1], 2: [2], 3: [3, 4]}
{0: [0], 1: [1], 2: [2], 3: [3]}
COST: 19.384

-------------------

/d̥ˈɒːɡ̊/ - /dˈaːx/
d̥-d / ˈɒː-ˈaː / ɡ̊_#>-x_#>
{0: [0], 1: [1], 2: [2]}
{0: [0], 1: [1], 2: [2]}
COST: 16.877

-------------------

/flˈai̯ʃ/ - /vlˈɛːs/
f-v / l-l / ∅-ˈɛː / ˈai̯-∅ / ʃ-s
{0: [0], 1: [1], 2: None, 3: [2], 4: [3]}
{0: [0], 1: [1], 2: [2], 3: None, 4: [3]}
COST: 10.114

-------------------

/flˈiɐ̯ŋ/ - /vlˈeːɣə/
f-v / l-l / ˈiɐ̯-ˈeː / ŋ-ɣ_ə
{0: [0], 1: [1], 2: [2], 3: [3]}
{0: [0], 1: [1], 2: [2], 3: [3, 4]}
COST: 20.263

-------------------

/flˈiɐ̯ɡ̊a/ - /vlˈeːx/
f-v / l-l / ˈiɐ̯-ˈeː / ɡ̊-x / a_#>-#>
{0: [0], 1: [1], 2: [2], 3: [3], 4: [4]}
{0: [0], 1: [1], 2: [2], 3: [3], 4: None}
COST: 20.054

-------------------

/frˈai̯/ - /vʀˈɛːi̯/
f-v / r-ʀ / ˈai̯_#>-ˈɛːi̯_#>
{0: [0], 1: [1], 2: [2]}
{0: [0], 1: [1], 2: [2]}
COST: 17.912

-------------------

/frˈai̯nd̥/ - /vʀˈʏːnd̥/
f-v / r_ˈai̯-ʀ / ∅-ˈʏː / n-n / d̥-d̥
{0: [0], 1: [1, 2], 2: None, 3: [3], 4: [4]}
{0: [0], 1: [1], 2: [2], 3: [3], 4: [4]}
COST: 13.228

-------------------

/frˈiʃ/ - /vˈeːʀs/
f-v / r-∅ / ˈi-ˈeː_ʀ / ʃ-s
{0: [0], 1: [1], 2: [2], 3: [3]}
{0: [0], 1: None, 2: [1, 2], 3: [3]}
COST: 9.812

-------------------

/fˈai̯a/ - /vˈyːʀ/
f-v / ∅-ˈyː / ˈai̯_a-ʀ
{0: [0], 1: None, 2: [1, 2]}
{0: [0], 1: [1], 2: [2]}
COST: 3.94

-------------------

/fˈeʃd̥/ - /vˈɑs/
f-v / ∅-ˈɑ / ˈe-∅ / ʃ_d̥-s
{0: [0], 1: None, 2: [1], 3: [2, 3]}
{0: [0], 1: [1], 2: None, 3: [2]}
COST: 2.147

-------------------

/fˈeːd̥a/ - /vˈeːʀ/
f-v / ˈeː-ˈeː / d̥_a-ʀ
{0: [0], 1: [1], 2: [2, 3]}
{0: [0], 1: [1], 2: [2]}
COST: 14.045

-------------------

/fˈimf/ - /vˈiːv̥/
f-v / ∅-ˈiː / ˈi-∅ / m-∅ / f-v̥
{0: [0], 1: None, 2: [1], 3: [2], 4: [3]}
{0: [0], 1: [1], 2: None, 3: None, 4: [2]}
COST: -2.765

-------------------

/fˈind̥n̩/ - /vˈɪːndə/
f-v / ˈi-ˈɪː / n-n / d̥_n-d_ə
{0: [0], 1: [1], 2: [2], 3: [3, 4]}
{0: [0], 1: [1], 2: [2], 3: [3, 4]}
COST: 24.067

-------------------

/fˈiŋa/ - /vˈɪːŋəʀ/
f-v / ˈi-ˈɪː / ŋ-ŋ / a-ə_ʀ
{0: [0], 1: [1], 2: [2], 3: [3]}
{0: [0], 1: [1], 2: [2], 3: [3, 4]}
COST: 24.582

-------------------

/fˈiɐ/ - /vˈøːʀ/
f-v / ˈi-ˈøː / ɐ-ʀ
{0: [0], 1: [1], 2: [2]}
{0: [0], 1: [1], 2: [2]}
COST: 15.486

-------------------

/fˈiɐ̯rə/ - /vˈeːʀ/
f-v / ˈiɐ̯-ˈeː / r-ʀ / ə_#>-#>
{0: [0], 1: [1], 2: [2], 3: [3]}
{0: [0], 1: [1], 2: [2], 3: None}
COST: 14.95

-------------------

/fˈiːʃ/ - /vˈɛs/
f-v / ∅-ˈɛ / ˈiː-∅ / ʃ-s
{0: [0], 1: None, 2: [1], 3: [2]}
{0: [0], 1: [1], 2: None, 3: [2]}
COST: 5.07

-------------------

/fˈoj/ - /vˈɔl/
f-v / ˈo-ˈɔ / j_#>-l_#>
{0: [0], 1: [1], 2: [2]}
{0: [0], 1: [1], 2: [2]}
COST: 20.168

-------------------

/fˈojŋ/ - /vˈɔləɣə/
f-v / ˈo-ˈɔ / j-l_ə / ŋ-ɣ_ə
{0: [0], 1: [1], 2: [2], 3: [3]}
{0: [0], 1: [1], 2: [2, 3], 3: [4, 5]}
COST: 18.119

-------------------

/fˈojɡ̊/ - /vˈɔːlək/
f-v / ˈo-ˈɔː / j-l_ə / ɡ̊-k
{0: [0], 1: [1], 2: [2], 3: [3]}
{0: [0], 1: [1], 2: [2, 3], 3: [4]}
COST: 20.624

-------------------

/fˈoːɡ̊l̩/ - /vˈoːɣəl/
f-v / ˈoː-ˈoː / ɡ̊-ɣ / l_#>-ə_l_#>
{0: [0], 1: [1], 2: [2], 3: [3]}
{0: [0], 1: [1], 2: [2], 3: [3, 4]}
COST: 21.548

-------------------

/fˈujn/ - /vˈøːlə/
f-v / ∅-ˈøː / ˈu-∅ / j-l / n-ə
{0: [0], 1: None, 2: [1], 3: [2], 4: [3]}
{0: [0], 1: [1], 2: None, 3: [2], 4: [3]}
COST: 2.56

-------------------

/fˈuɐ̯s/ - /vˈʊːt/
f-v / ˈuɐ̯-ˈʊː / s-t
{0: [0], 1: [1], 2: [2]}
{0: [0], 1: [1], 2: [2]}
COST: 17.211

-------------------

/fˈuɡ̊s/ - /vˈɔs/
f-v / ∅-ˈɔ / ˈu-∅ / ɡ̊_s-s
{0: [0], 1: None, 2: [1], 3: [2, 3]}
{0: [0], 1: [1], 2: None, 3: [2]}
COST: -0.115

-------------------

/fˈɒːd̥a/ - /vˈaːjəʀ/
f-v / ˈɒː-ˈaː / d̥-j_ə / a-ʀ
{0: [0], 1: [1], 2: [2], 3: [3]}
{0: [0], 1: [1], 2: [2, 3], 3: [4]}
COST: 9.247

-------------------

/hˈau̯d̥/ - /ɦˈuːd̥/
h-ɦ / ˈau̯-ˈuː / d̥-d̥
{0: [0], 1: [1], 2: [2]}
{0: [0], 1: [1], 2: [2]}
COST: 21.3

-------------------

/hˈau̯s/ - /ɦˈuːz̥/
h-ɦ / ˈau̯-ˈuː / s-z̥
{0: [0], 1: [1], 2: [2]}
{0: [0], 1: [1], 2: [2]}
COST: 22.479

-------------------

/hˈaːb̥d̥/ - /ɦˈœd̥/
h-ɦ / ∅-ˈœ / ˈaː-∅ / b̥-∅ / d̥-d̥
{0: [0], 1: None, 2: [1], 3: [2], 4: [3]}
{0: [0], 1: [1], 2: None, 3: None, 4: [2]}
COST: -0.008

-------------------

/hˈejfa/ - /ɦˈæːləpə/
h-ɦ / ˈe-ˈæː / j-l_ə / f-p / a-ə
{0: [0], 1: [1], 2: [2], 3: [3], 4: [4]}
{0: [0], 1: [1], 2: [2, 3], 3: [4], 4: [5]}
COST: 26.477

-------------------

/hˈeɐʦ/ - /ɦˈɑʀt/
h-ɦ / ∅-ˈɑ / ˈe-∅ / ɐ-ʀ / ʦ-t
{0: [0], 1: None, 2: [1], 3: [2], 4: [3]}
{0: [0], 1: [1], 2: None, 3: [2], 4: [3]}
COST: 8.666

-------------------

/hˈeːna/ - /ɦˈɪn/
h-ɦ / ∅-ˈɪ / ˈeː-∅ / n_a-n
{0: [0], 1: None, 2: [1], 3: [2, 3]}
{0: [0], 1: [1], 2: None, 3: [2]}
COST: 2.049

-------------------

/hˈeːɐn/ - /ɦˈyːʀə/
h-ɦ / ˈeː-ˈyː / ɐ_n-ʀ_ə
{0: [0], 1: [1], 2: [2, 3]}
{0: [0], 1: [1], 2: [2, 3]}
COST: 16.397

-------------------

/hˈiɐ/ - /ɦˈeːʀ/
h-ɦ / ˈi-ˈeː / ɐ-ʀ
{0: [0], 1: [1], 2: [2]}
{0: [0], 1: [1], 2: [2]}
COST: 15.535

-------------------

/hˈojb̥/ - /ɦˈaːv̥/
h-ɦ / ˈo_j-ˈaː / b̥_#>-v̥_#>
{0: [0], 1: [1, 2], 2: [3]}
{0: [0], 1: [1], 2: [2]}
COST: 16.124

-------------------

/hˈou̯x/ - /ɦˈux/
h-ɦ / ˈou̯-ˈu / x-x
{0: [0], 1: [1], 2: [2]}
{0: [0], 1: [1], 2: [2]}
COST: 23.51

-------------------

/hˈoɐn/ - /ɦˈʊːʀə/
h-ɦ / ˈo-ˈʊː / ɐ_n-ʀ_ə
{0: [0], 1: [1], 2: [2, 3]}
{0: [0], 1: [1], 2: [2, 3]}
COST: 18.227

-------------------

/hˈoɐ̯/ - /ɦˈɒːʀ/
h-ɦ / ∅-ˈɒː / ∅-ʀ / ˈoɐ̯_#>-#>
{0: [0], 1: None, 2: None, 3: [1]}
{0: [0], 1: [1], 2: [2], 3: None}
COST: -2.693

-------------------

/hˈoɐ̯m/ - /ɦˈɛːi̯m/
h-ɦ / ∅-ˈɛːi̯ / ˈoɐ̯-∅ / m-m
{0: [0], 1: None, 2: [1], 3: [2]}
{0: [0], 1: [1], 2: None, 3: [2]}
COST: 6.531

-------------------

/hˈoɐ̯s/ - /ɦˈɛːt/
h-ɦ / ˈoɐ̯-ˈɛː / s-t
{0: [0], 1: [1], 2: [2]}
{0: [0], 1: [1], 2: [2]}
COST: 19.61

-------------------

/hˈund̥/ - /ɦˈɑːnd̥/
h-ɦ / ∅-ˈɑː / ˈu-∅ / n-n / d̥-d̥
{0: [0], 1: None, 2: [1], 3: [2], 4: [3]}
{0: [0], 1: [1], 2: None, 3: [2], 4: [3]}
COST: 8.986

-------------------

/hˈund̥/ - /ɦˈʊːnd̥/
h-ɦ / ˈu-ˈʊː / n-n / d̥-d̥
{0: [0], 1: [1], 2: [2], 3: [3]}
{0: [0], 1: [1], 2: [2], 3: [3]}
COST: 24.272

-------------------

/hˈund̥ad̥/ - /ɦˈʊːndəʀd̥/
h-ɦ / ˈu-ˈʊː / n-n / d̥-d / a-ə_ʀ / d̥-d̥
{0: [0], 1: [1], 2: [2], 3: [3], 4: [4], 5: [5]}
{0: [0], 1: [1], 2: [2], 3: [3], 4: [4, 5], 5: [6]}
COST: 30.607

-------------------

/hˈuŋa/ - /ɦˈʊːŋəʀ/
h-ɦ / ˈu-ˈʊː / ŋ-ŋ / a-ə_ʀ
{0: [0], 1: [1], 2: [2], 3: [3]}
{0: [0], 1: [1], 2: [2], 3: [3, 4]}
COST: 24.926

-------------------

/hˈuŋɡ̊/ - /ɦˈoːnɪŋ/
h-ɦ / ˈu-ˈoː / ∅-n / ∅-ɪ / ŋ-ŋ / ɡ̊_#>-#>
{0: [0], 1: [1], 2: None, 3: None, 4: [2], 5: [3]}
{0: [0], 1: [1], 2: [2], 3: [3], 4: [4], 5: None}
COST: 5.006

-------------------

/hˈɒːs/ - /ɦˈɒːz̥/
h-ɦ / ˈɒː-ˈɒː / s-z̥
{0: [0], 1: [1], 2: [2]}
{0: [0], 1: [1], 2: [2]}
COST: 20.595

-------------------

/jˈuŋɡ̊/ - /jˈʊːŋk/
j-j / ˈu-ˈʊː / ŋ-ŋ / ɡ̊-k
{0: [0], 1: [1], 2: [2], 3: [3]}
{0: [0], 1: [1], 2: [2], 3: [3]}
COST: 24.405

-------------------

/jˈɒːɐ/ - /jˈɒːʀ/
j-j / ˈɒː-ˈɒː / ɐ-ʀ
{0: [0], 1: [1], 2: [2]}
{0: [0], 1: [1], 2: [2]}
COST: 16.772

-------------------

/kʰˈajβə/ - /kˈaːv̥/
kʰ-k / ˈa-ˈaː / j-∅ / β-v̥ / ə_#>-#>
{0: [0], 1: [1], 2: [2], 3: [3], 4: [4]}
{0: [0], 1: [1], 2: None, 3: [2], 4: None}
COST: 7.477

-------------------

/kʰˈaːs/ - /kˈiz̥/
kʰ-k / ∅-ˈi / ˈaː-∅ / s-z̥
{0: [0], 1: None, 2: [1], 3: [2]}
{0: [0], 1: [1], 2: None, 3: [2]}
COST: 5.371

-------------------

/kʰˈema/ - /kˈɔːmə/
kʰ-k / ∅-ˈɔː / ˈe-∅ / m-m / a-ə
{0: [0], 1: None, 2: [1], 3: [2], 4: [3]}
{0: [0], 1: [1], 2: None, 3: [2], 4: [3]}
COST: 9.162

-------------------

/kʰˈena/ - /kˈɪnə/
kʰ-k / ˈe-ˈɪ / n_a-n_ə
{0: [0], 1: [1], 2: [2, 3]}
{0: [0], 1: [1], 2: [2, 3]}
COST: 24.981

-------------------

/kʰˈind̥/ - /kˈeːnd̥/
kʰ-k / ˈi-ˈeː / n-n / d̥-d̥
{0: [0], 1: [1], 2: [2], 3: [3]}
{0: [0], 1: [1], 2: [2], 3: [3]}
COST: 19.867

-------------------

/kʰˈini/ - /kˈøːnɪŋ/
kʰ-k / ˈi-ˈøː / n-n / ∅-ɪ / ∅-ŋ / i-∅
{0: [0], 1: [1], 2: [2], 3: None, 4: None, 5: [3]}
{0: [0], 1: [1], 2: [2], 3: [3], 4: [4], 5: None}
COST: 1.834

-------------------

/kʰˈiɐç/ - /kˈɛːʀək/
kʰ-k / ˈi-ˈɛː / ɐ-ʀ_ə / ç-k
{0: [0], 1: [1], 2: [2], 3: [3]}
{0: [0], 1: [1], 2: [2, 3], 3: [4]}
COST: 18.387

-------------------

/kʰˈob̥͡v̥/ - /kˈɔp/
kʰ-k / ˈo-ˈɔ / b̥͡v̥-p
{0: [0], 1: [1], 2: [2]}
{0: [0], 1: [1], 2: [2]}
COST: 19.391

-------------------

/kʰˈojd̥/ - /kˈaːjd̥/
kʰ-k / ˈo-ˈaː / j-j / d̥-d̥
{0: [0], 1: [1], 2: [2], 3: [3]}
{0: [0], 1: [1], 2: [2], 3: [3]}
COST: 21.41

-------------------

/kʰˈoɐn/ - /kˈʊːʀə/
kʰ-k / ˈo-ˈʊː / ɐ_n-ʀ_ə
{0: [0], 1: [1], 2: [2, 3]}
{0: [0], 1: [1], 2: [2, 3]}
COST: 17.426

-------------------

/kʰˈuɐ̯/ - /kˈoːj/
kʰ-k / ˈuɐ̯-ˈoː_j
{0: [0], 1: [1]}
{0: [0], 1: [1, 2]}
COST: 10.681

-------------------

/kʰˈɑʦ/ - /kˈɑt/
kʰ-k / ˈɑ-ˈɑ / ʦ-t
{0: [0], 1: [1], 2: [2]}
{0: [0], 1: [1], 2: [2]}
COST: 16.672

-------------------

/lˈafa/ - /lˈɔːpə/
l-l / ∅-ˈɔː / ˈa-∅ / f-p / a-ə
{0: [0], 1: None, 2: [1], 3: [2], 4: [3]}
{0: [0], 1: [1], 2: None, 3: [2], 4: [3]}
COST: 7.652

-------------------

/lˈau̯s/ - /lˈuːz̥/
l-l / ˈau̯-ˈuː / s-z̥
{0: [0], 1: [1], 2: [2]}
{0: [0], 1: [1], 2: [2]}
COST: 21.643

-------------------

/lˈeːβa/ - /lˈeːvəʀ/
l-l / ˈeː-ˈeː / β-v / a-ə_ʀ
{0: [0], 1: [1], 2: [2], 3: [3]}
{0: [0], 1: [1], 2: [2], 3: [3, 4]}
COST: 19.05

-------------------

/lˈiŋ/ - /lˈɪɡə/
l-l / ˈi-ˈɪ / ŋ-ɡ_ə
{0: [0], 1: [1], 2: [2]}
{0: [0], 1: [1], 2: [2, 3]}
COST: 14.402

-------------------

/lˈiɐ̯b̥/ - /lˈeːv̥/
l-l / ˈiɐ̯-ˈeː / b̥_#>-v̥_#>
{0: [0], 1: [1], 2: [2]}
{0: [0], 1: [1], 2: [2]}
COST: 20.194

-------------------

/lˈiɐ̯xd̥/ - /lˈeːx/
l-l / ˈiɐ̯-ˈeː / x_d̥-x
{0: [0], 1: [1], 2: [2, 3]}
{0: [0], 1: [1], 2: [2]}
COST: 17.751

-------------------

/lˈiɐ̯ŋ/ - /lˈeːɣə/
l-l / ˈiɐ̯-ˈeː / ŋ-ɣ_ə
{0: [0], 1: [1], 2: [2]}
{0: [0], 1: [1], 2: [2, 3]}
COST: 15.439

-------------------

/lˈoɐ̯xd̥/ - /lˈix/
l-l / ˈoɐ̯-ˈi / x_d̥-x
{0: [0], 1: [1], 2: [2, 3]}
{0: [0], 1: [1], 2: [2]}
COST: 16.166

-------------------

/lˈɑnd̥/ - /lˈɑːnd̥/
l-l / ˈɑ-ˈɑː / n-n / d̥-d̥
{0: [0], 1: [1], 2: [2], 3: [3]}
{0: [0], 1: [1], 2: [2], 3: [3]}
COST: 20.217

-------------------

/lˈɑŋɡ̊/ - /lˈaːŋk/
l-l / ˈɑ-ˈaː / ŋ-ŋ / ɡ̊-k
{0: [0], 1: [1], 2: [2], 3: [3]}
{0: [0], 1: [1], 2: [2], 3: [3]}
COST: 25.224

-------------------

/lˈɒːxa/ - /lˈɑxə/
l-l / ∅-ˈɑ / ˈɒː-∅ / x-x / a-ə
{0: [0], 1: None, 2: [1], 3: [2], 4: [3]}
{0: [0], 1: [1], 2: None, 3: [2], 4: [3]}
COST: 8.665

-------------------

/mˈai̯s/ - /mˈœi̯z̥/
m-m / ˈai̯-ˈœi̯ / s-z̥
{0: [0], 1: [1], 2: [2]}
{0: [0], 1: [1], 2: [2]}
COST: 19.631

-------------------

/mˈaj/ - /mˈuːlə/
m-m / ∅-ˈuː / ˈa-∅ / j-l_ə
{0: [0], 1: None, 2: [1], 3: [2]}
{0: [0], 1: [1], 2: None, 3: [2, 3]}
COST: 3.113

-------------------

/mˈau̯s/ - /mˈuːz̥/
m-m / ˈau̯-ˈuː / s-z̥
{0: [0], 1: [1], 2: [2]}
{0: [0], 1: [1], 2: [2]}
COST: 22.178

-------------------

/mˈenʃ/ - /mˈɪns/
m-m / ˈe-ˈɪ / n-n / ʃ-s
{0: [0], 1: [1], 2: [2], 3: [3]}
{0: [0], 1: [1], 2: [2], 3: [3]}
COST: 25.316

-------------------

/mˈeːɐ/ - /mˈeːʀ/
m-m / ˈeː-ˈeː / ɐ-ʀ
{0: [0], 1: [1], 2: [2]}
{0: [0], 1: [1], 2: [2]}
COST: 18.212

-------------------

/mˈili/ - /mˈɛːlək/
m-m / ˈi-ˈɛː / l-l / i-ə_k
{0: [0], 1: [1], 2: [2], 3: [3]}
{0: [0], 1: [1], 2: [2], 3: [3, 4]}
COST: 21.753

-------------------

/mˈiɐ/ - /vˈeːʀ/
m-v / ˈi-ˈeː / ɐ-ʀ
{0: [0], 1: [1], 2: [2]}
{0: [0], 1: [1], 2: [2]}
COST: 9.702

-------------------

/mˈond̥/ - /mˈɒːn/
m-m / ∅-ˈɒː / ˈo-∅ / n-n / d̥_#>-#>
{0: [0], 1: None, 2: [1], 3: [2], 4: [3]}
{0: [0], 1: [1], 2: None, 3: [2], 4: None}
COST: 0.955

-------------------

/mˈoxd̥/ - /mˈɑx/
m-m / ˈo-ˈɑ / x_d̥-x
{0: [0], 1: [1], 2: [2, 3]}
{0: [0], 1: [1], 2: [2]}
COST: 17.206

-------------------

/mˈoːnad̥/ - /mˈɒːnd̥/
m-m / ˈoː-ˈɒː / n_a-n / d̥-d̥
{0: [0], 1: [1], 2: [2, 3], 3: [4]}
{0: [0], 1: [1], 2: [2], 3: [3]}
COST: 19.456

-------------------

/mˈuɐ̯d̥a/ - /mˈoːjəʀ/
m-m / ˈuɐ̯-ˈoː / d̥-j_ə / a-ʀ
{0: [0], 1: [1], 2: [2], 3: [3]}
{0: [0], 1: [1], 2: [2, 3], 3: [4]}
COST: 12.194

-------------------

/mˈuɡ̊a/ - /mˈœk/
m-m / ˈu-ˈœ / ɡ̊_a-k
{0: [0], 1: [1], 2: [2, 3]}
{0: [0], 1: [1], 2: [2]}
COST: 18.358

-------------------

/mˈɑːna/ - /mˈɑnə/
m-m / ∅-ˈɑ / ˈɑː-∅ / n_a-n_ə
{0: [0], 1: None, 2: [1], 3: [2, 3]}
{0: [0], 1: [1], 2: None, 3: [2, 3]}
COST: 9.984

-------------------

/mˈɒː/ - /mˈaːn/
m-m / ˈɒː-ˈaː / #>-n_#>
{0: [0], 1: [1], 2: None}
{0: [0], 1: [1], 2: [2]}
COST: 11.275

-------------------

/nˈai̯/ - /nˈœi̯/
<#_n-<#_n / ˈai̯-ˈœi̯
{0: [0], 1: [1]}
{0: [0], 1: [1]}
COST: 15.191

-------------------

/nˈai̯n/ - /nˈeːɣə/
<#_n-<#_n / ∅-ˈeː / ∅-ɣ / ˈai̯-∅ / n-ə
{0: [0], 1: None, 2: None, 3: [1], 4: [2]}
{0: [0], 1: [1], 2: [2], 3: None, 4: [3]}
COST: -4.412

-------------------

/nˈoɐd̥n̩/ - /nˈʊːʀdə/
<#_n-<#_n / ˈo-ˈʊː / ɐ-ʀ / d̥_n-d_ə
{0: [0], 1: [1], 2: [2], 3: [3, 4]}
{0: [0], 1: [1], 2: [2], 3: [3, 4]}
COST: 22.438

-------------------

/nˈus/ - /nˈʊːt/
<#_n-<#_n / ˈu-ˈʊː / s-t
{0: [0], 1: [1], 2: [2]}
{0: [0], 1: [1], 2: [2]}
COST: 19.857

-------------------

/nˈɑːmɑ/ - /nˈɒːm/
<#_n-<#_n / ∅-ˈɒː / ˈɑː-∅ / m-m / ɑ-∅
{0: [0], 1: None, 2: [1], 3: [2], 4: [3]}
{0: [0], 1: [1], 2: None, 3: [2], 4: None}
COST: 2.011

-------------------

/nˈɑːxd̥/ - /nˈɑx/
<#_n-<#_n / ∅-ˈɑ / ˈɑː-∅ / x_d̥-x
{0: [0], 1: None, 2: [1], 3: [2, 3]}
{0: [0], 1: [1], 2: None, 3: [2]}
COST: 4.219

-------------------

/nˈɑːɡ̊l/ - /nˈaːɣəl/
<#_n-<#_n / ˈɑː-ˈaː / ɡ̊-ɣ / l_#>-ə_l_#>
{0: [0], 1: [1], 2: [2], 3: [3]}
{0: [0], 1: [1], 2: [2], 3: [3, 4]}
COST: 18.99

-------------------

/nˈɑːɡ̊ɑd̥/ - /nˈaːk/
<#_n-<#_n / ˈɑː-ˈaː / ɡ̊-k / ɑ-∅ / d̥_#>-#>
{0: [0], 1: [1], 2: [2], 3: [3], 4: [4]}
{0: [0], 1: [1], 2: [2], 3: None, 4: None}
COST: 7.994

-------------------

/rˈai̯ç/ - /ʀˈiːk/
<#_r-<#_ʀ / ˈai̯-ˈiː / ç-k
{0: [0], 1: [1], 2: [2]}
{0: [0], 1: [1], 2: [2]}
COST: 19.688

-------------------

/rˈaːx/ - /ʀˈɔːk/
<#_r-<#_ʀ / ˈaː-ˈɔː / x-k
{0: [0], 1: [1], 2: [2]}
{0: [0], 1: [1], 2: [2]}
COST: 19.218

-------------------

/rˈeːŋ/ - /ʀˈeːɣə/
<#_r-<#_ʀ / ˈeː-ˈeː / ŋ-ɣ_ə
{0: [0], 1: [1], 2: [2]}
{0: [0], 1: [1], 2: [2, 3]}
COST: 16.57

-------------------

/rˈiŋɡ̊/ - /ʀˈɪːŋk/
<#_r-<#_ʀ / ˈi-ˈɪː / ŋ-ŋ / ɡ̊-k
{0: [0], 1: [1], 2: [2], 3: [3]}
{0: [0], 1: [1], 2: [2], 3: [3]}
COST: 27.106

-------------------

/rˈou̯d̥/ - /ʀˈud̥/
<#_r-<#_ʀ / ˈou̯-ˈu / d̥-d̥
{0: [0], 1: [1], 2: [2]}
{0: [0], 1: [1], 2: [2]}
COST: 22.915

-------------------

/rˈuɡ̊a/ - /ʀˈœk/
<#_r-<#_ʀ / ˈu-ˈœ / ɡ̊_a-k
{0: [0], 1: [1], 2: [2, 3]}
{0: [0], 1: [1], 2: [2]}
COST: 19.142

-------------------

/sˈai̯d̥n̩/ - /zˈɛj/
s-z_ˈɛ / ˈai̯-∅ / d̥_n-j
{0: [0], 1: [1], 2: [2, 3]}
{0: [0, 1], 1: None, 2: [2]}
COST: -1.388

-------------------

/sˈau̯a/ - /zˈuːʀ/
<#_s-<#_z / ˈau̯-ˈuː / a-ʀ
{0: [0], 1: [1], 2: [2]}
{0: [0], 1: [1], 2: [2]}
COST: 18.272

-------------------

/sˈau̯ŋ/ - /zˈuːkə/
<#_s-<#_z / ˈau̯-ˈuː / ∅-k / ŋ-ə
{0: [0], 1: [1], 2: None, 3: [2]}
{0: [0], 1: [1], 2: [2], 3: [3]}
COST: 11.097

-------------------

/sˈejβa/ - /zˈæːləv̥/
<#_s-<#_z / ˈe-ˈæː / j-l_ə / β-v̥ / a_#>-#>
{0: [0], 1: [1], 2: [2], 3: [3], 4: [4]}
{0: [0], 1: [1], 2: [2, 3], 3: [4], 4: None}
COST: 18.632

-------------------

/sˈeɡ̊sə/ - /zˈɛs/
<#_s-<#_z / ˈe-ˈɛ / ɡ̊_s-s / ə_#>-#>
{0: [0], 1: [1], 2: [2, 3], 3: [4]}
{0: [0], 1: [1], 2: [2], 3: None}
COST: 8.284

-------------------

/sˈeː/ - /zˈi/
<#_s-<#_z / ˈeː-ˈi
{0: [0], 1: [1]}
{0: [0], 1: [1]}
COST: 13.903

-------------------

/sˈeːŋ/ - /zˈiːn/
<#_s-<#_z / ∅-ˈiː / ˈeː-∅ / ŋ-∅ / #>-n_#>
{0: [0], 1: None, 2: [1], 3: [2], 4: None}
{0: [0], 1: [1], 2: None, 3: None, 4: [2]}
COST: -7.61

-------------------

/sˈiŋa/ - /zˈɪːŋə/
<#_s-<#_z / ˈi-ˈɪː / ŋ-ŋ / a-ə
{0: [0], 1: [1], 2: [2], 3: [3]}
{0: [0], 1: [1], 2: [2], 3: [3]}
COST: 25.563

-------------------

/sˈiɐ̯s/ - /zˈøːt/
<#_s-<#_z / ∅-ˈøː / ˈiɐ̯-∅ / s-t
{0: [0], 1: None, 2: [1], 3: [2]}
{0: [0], 1: [1], 2: None, 3: [2]}
COST: 3.045

-------------------

/sˈiʦn̩/ - /zˈɪtə/
<#_s-<#_z / ˈi-ˈɪ / ʦ-t / n-ə
{0: [0], 1: [1], 2: [2], 3: [3]}
{0: [0], 1: [1], 2: [2], 3: [3]}
COST: 16.917

-------------------

/sˈiːmə/ - /zˈeːvə/
<#_s-<#_z / ˈiː-ˈeː / m-v / ə-ə
{0: [0], 1: [1], 2: [2], 3: [3]}
{0: [0], 1: [1], 2: [2], 3: [3]}
COST: 16.818

-------------------

/sˈojʦ/ - /zˈaːjt/
<#_s-<#_z / ˈo-ˈaː / j-j / ʦ-t
{0: [0], 1: [1], 2: [2], 3: [3]}
{0: [0], 1: [1], 2: [2], 3: [3]}
COST: 21.937

-------------------

/sˈond̥/ - /zˈɑːnd̥/
<#_s-<#_z / ∅-ˈɑː / ˈo-∅ / n-n / d̥-d̥
{0: [0], 1: None, 2: [1], 3: [2], 4: [3]}
{0: [0], 1: [1], 2: None, 3: [2], 4: [3]}
COST: 7.94

-------------------

/sˈuma/ - /zˈoːməʀ/
<#_s-<#_z / ˈu-ˈoː / m-m / a-ə_ʀ
{0: [0], 1: [1], 2: [2], 3: [3]}
{0: [0], 1: [1], 2: [2], 3: [3, 4]}
COST: 19.374

-------------------

/sˈuɐ̯xa/ - /zˈøːkə/
<#_s-<#_z / ˈuɐ̯-ˈøː / x-k / a-ə
{0: [0], 1: [1], 2: [2], 3: [3]}
{0: [0], 1: [1], 2: [2], 3: [3]}
COST: 20.184

-------------------

/sˈɒːŋ/ - /zˈɛɡə/
s-z_ˈɛ / ˈɒː-∅ / ŋ-ɡ_ə
{0: [0], 1: [1], 2: [2]}
{0: [0, 1], 1: None, 2: [2, 3]}
COST: 1.276

-------------------

/ɡ̊nˈiɐ̯/ - /knˈeː/
ɡ̊-k / n-n / ˈiɐ̯-ˈeː
{0: [0], 1: [1], 2: [2]}
{0: [0], 1: [1], 2: [2]}
COST: 17.358

-------------------

/ɡ̊rˈeɐ̯/ - /ɣʀˈøːn/
ɡ̊_r-ɣ_ʀ / ∅-ˈøː / ˈeɐ̯-∅ / #>-n_#>
{0: [0, 1], 1: None, 2: [2], 3: None}
{0: [0, 1], 1: [2], 2: None, 3: [3]}
COST: 1.424

-------------------

/ɡ̊rˈou̯s/ - /ɣʀˈut/
ɡ̊_r-ɣ_ʀ / ˈou̯-ˈu / s-t
{0: [0, 1], 1: [2], 2: [3]}
{0: [0, 1], 1: [2], 2: [3]}
COST: 24.519

-------------------

/ɡ̊rˈɒːs/ - /ɣʀˈaːs/
ɡ̊_r-ɣ_ʀ / ˈɒː-ˈaː / s-s
{0: [0, 1], 1: [2], 2: [3]}
{0: [0, 1], 1: [2], 2: [3]}
COST: 17.819

-------------------

/ɡ̊ˈai̯ʃd̥/ - /ɣˈɛːs/
ɡ̊-ɣ / ∅-ˈɛː / ˈai̯-∅ / ʃ_d̥-s
{0: [0], 1: None, 2: [1], 3: [2, 3]}
{0: [0], 1: [1], 2: None, 3: [2]}
COST: 1.542

-------------------

/ɡ̊ˈejb̥/ - /ɣˈeːl/
ɡ̊-ɣ / ˈe-ˈeː / j-l / b̥_#>-#>
{0: [0], 1: [1], 2: [2], 3: [3]}
{0: [0], 1: [1], 2: [2], 3: None}
COST: 13.247

-------------------

/ɡ̊ˈeː/ - /ɣˈʊːn/
ɡ̊-ɣ / ∅-ˈʊː / ˈeː-∅ / #>-n_#>
{0: [0], 1: None, 2: [1], 3: None}
{0: [0], 1: [1], 2: None, 3: [2]}
COST: -3.226

-------------------

/ɡ̊ˈeːm/ - /ɣˈeːvə/
ɡ̊-ɣ / ˈeː-ˈeː / m-v_ə
{0: [0], 1: [1], 2: [2]}
{0: [0], 1: [1], 2: [2, 3]}
COST: 13.517

-------------------

/ɡ̊ˈojd̥/ - /ɣˈɔːwd̥/
ɡ̊-ɣ / ˈo-ˈɔː / ∅-w / j-∅ / d̥-d̥
{0: [0], 1: [1], 2: None, 3: [2], 4: [3]}
{0: [0], 1: [1], 2: [2], 3: None, 4: [3]}
COST: 8.152

-------------------

/ɡ̊ˈoɐ̯s/ - /ɣˈɛːt/
ɡ̊-ɣ / ˈoɐ̯-ˈɛː / s-t
{0: [0], 1: [1], 2: [2]}
{0: [0], 1: [1], 2: [2]}
COST: 17.948

-------------------

/ɡ̊ˈoːd̥/ - /ɣˈɔd̥/
ɡ̊-ɣ / ∅-ˈɔ / ˈoː-∅ / d̥-d̥
{0: [0], 1: None, 2: [1], 3: [2]}
{0: [0], 1: [1], 2: None, 3: [2]}
COST: 3.33

-------------------

/ɡ̊ˈuɐ̯d̥/ - /ɣˈʊːj/
ɡ̊-ɣ / ˈuɐ̯-ˈʊː / ∅-j / d̥_#>-#>
{0: [0], 1: [1], 2: None, 3: [2]}
{0: [0], 1: [1], 2: [2], 3: None}
COST: 4.778

-------------------

/ɡ̊ˈɑns/ - /ɣˈaːjz̥/
ɡ̊-ɣ / ˈɑ-ˈaː / n-j / s-z̥
{0: [0], 1: [1], 2: [2], 3: [3]}
{0: [0], 1: [1], 2: [2], 3: [3]}
COST: 19.067

-------------------

/ʃb̥rˈɒːx/ - /spʀˈɒːk/
ʃ-s / ∅-p / b̥-∅ / r-ʀ / ˈɒː-ˈɒː / x-k
{0: [0], 1: None, 2: [1], 3: [2], 4: [3], 5: [4]}
{0: [0], 1: [1], 2: None, 3: [2], 4: [3], 5: [4]}
COST: 12.378

-------------------

/ʃd̥ˈean/ - /stˈaːʀ/
ʃ_d̥-s_t / ∅-ˈaː / ˈe-∅ / a-ʀ / n_#>-#>
{0: [0, 1], 1: None, 2: [2], 3: [3], 4: [4]}
{0: [0, 1], 1: [2], 2: None, 3: [3], 4: None}
COST: 1.875

-------------------

/ʃd̥ˈoɐ̯/ - /stˈɛːn/
ʃ_d̥-s_t / ˈoɐ̯-ˈɛː / #>-n_#>
{0: [0, 1], 1: [2], 2: None}
{0: [0, 1], 1: [2], 2: [3]}
COST: 16.464

-------------------

/ʃd̥ˈuam/ - /stˈœːʀəm/
ʃ_d̥-s_t / ∅-ˈœː / ∅-ʀ / ˈu-∅ / a-ə / m-m
{0: [0, 1], 1: None, 2: None, 3: [2], 4: [3], 5: [4]}
{0: [0, 1], 1: [2], 2: [3], 3: None, 4: [4], 5: [5]}
COST: 7.472

-------------------

/ʃd̥ˈuj/ - /stˈʊːl/
ʃ_d̥-s_t / ˈu-ˈʊː / j_#>-l_#>
{0: [0, 1], 1: [2], 2: [3]}
{0: [0, 1], 1: [2], 2: [3]}
COST: 23.734

-------------------

/ʃlˈɑfa/ - /slˈɒːpə/
ʃ-s / l-l / ∅-ˈɒː / ˈɑ-∅ / f-p / a-ə
{0: [0], 1: [1], 2: None, 3: [2], 4: [3], 5: [4]}
{0: [0], 1: [1], 2: [2], 3: None, 4: [3], 5: [4]}
COST: 12.828

-------------------

/ʃlˈɒːŋ/ - /slˈʊːn/
ʃ-s / l-l / ∅-ˈʊː / ˈɒː-∅ / ŋ-∅ / #>-n_#>
{0: [0], 1: [1], 2: None, 3: [2], 4: [3], 5: None}
{0: [0], 1: [1], 2: [2], 3: None, 4: None, 5: [3]}
COST: -2.224

-------------------

/ʃnˈeː/ - /snˈi/
ʃ-s / n-n / ˈeː-ˈi
{0: [0], 1: [1], 2: [2]}
{0: [0], 1: [1], 2: [2]}
COST: 18.238

-------------------

/ʃʋˈesd̥a/ - /zˈʏːstəʀ/
ʃ_ʋ-z / ∅-ˈʏː / ˈe-∅ / s-s / d̥-t / a-ə_ʀ
{0: [0, 1], 1: None, 2: [2], 3: [3], 4: [4], 5: [5]}
{0: [0], 1: [1], 2: None, 3: [2], 4: [3], 5: [4, 5]}
COST: -0.01

-------------------

/ʃʋˈeɐd̥/ - /zβˈeːʀd̥/
ʃ-z / ʋ-β / ˈe-ˈeː / ɐ-ʀ / d̥-d̥
{0: [0], 1: [1], 2: [2], 3: [3], 4: [4]}
{0: [0], 1: [1], 2: [2], 3: [3], 4: [4]}
COST: 20.991

-------------------

/ʃʋˈima/ - /zβˈʏmə/
ʃ-z / ʋ-β / ∅-ˈʏ / ˈi-∅ / m-m / a-ə
{0: [0], 1: [1], 2: None, 3: [2], 4: [3], 5: [4]}
{0: [0], 1: [1], 2: [2], 3: None, 4: [3], 5: [4]}
COST: 9.011

-------------------

/ʃʋˈoɐʦ/ - /zβˈɑʀt/
ʃ-z / ʋ-β / ˈo-ˈɑ / ɐ-ʀ / ʦ-t
{0: [0], 1: [1], 2: [2], 3: [3], 4: [4]}
{0: [0], 1: [1], 2: [2], 3: [3], 4: [4]}
COST: 21.482

-------------------

/ʃʋˈoɐ̯s/ - /zβˈɛːt/
ʃ-z / ʋ-β / ˈoɐ̯-ˈɛː / s-t
{0: [0], 1: [1], 2: [2], 3: [3]}
{0: [0], 1: [1], 2: [2], 3: [3]}
COST: 18.658

-------------------

/ʃˈai̯s/ - /ʃˈiːt/
ʃ-ʃ / ˈai̯-ˈiː / s-t
{0: [0], 1: [1], 2: [2]}
{0: [0], 1: [1], 2: [2]}
COST: 19.324

-------------------

/ʃˈarf/ - /ʃˈæːʀəp/
ʃ-ʃ / ∅-ˈæː / ˈa-∅ / r-ʀ / ∅-ə / f_#>-p_#>
{0: [0], 1: None, 2: [1], 3: [2], 4: None, 5: [3]}
{0: [0], 1: [1], 2: None, 3: [2], 4: [3], 5: [4]}
COST: 5.039

-------------------

/ʃˈeː/ - /ʃˈun/
ʃ-ʃ / ∅-ˈu / ˈeː-∅ / #>-n_#>
{0: [0], 1: None, 2: [1], 3: None}
{0: [0], 1: [1], 2: None, 3: [2]}
COST: -1.811

-------------------

/ʃˈiɐ̯sn̩/ - /ʃˈeːtə/
ʃ-ʃ / ˈiɐ̯-ˈeː / s-t / n-ə
{0: [0], 1: [1], 2: [2], 3: [3]}
{0: [0], 1: [1], 2: [2], 3: [3]}
COST: 17.85

-------------------

/ʃˈiːf/ - /ʃˈeːp/
ʃ-ʃ / ˈiː-ˈeː / f_#>-p_#>
{0: [0], 1: [1], 2: [2]}
{0: [0], 1: [1], 2: [2]}
COST: 21.596

-------------------

/ʃˈoːf/ - /ʃˈɒːp/
ʃ-ʃ / ˈoː-ˈɒː / f_#>-p_#>
{0: [0], 1: [1], 2: [2]}
{0: [0], 1: [1], 2: [2]}
COST: 19.805

-------------------

/ʃˈuɐ̯/ - /ʃˈʊːn/
ʃ-ʃ / ˈuɐ̯-ˈʊː / #>-n_#>
{0: [0], 1: [1], 2: None}
{0: [0], 1: [1], 2: [2]}
COST: 12.366

-------------------

/ʋˈai̯/ - /βˈiːv̥/
ʋ-β / ˈai̯-ˈiː / #>-v̥_#>
{0: [0], 1: [1], 2: None}
{0: [0], 1: [1], 2: [2]}
COST: 10.917

-------------------

/ʋˈai̯n/ - /βˈiːn/
ʋ-β / ˈai̯-ˈiː / n-n
{0: [0], 1: [1], 2: [2]}
{0: [0], 1: [1], 2: [2]}
COST: 16.495

-------------------

/ʋˈai̯s/ - /βˈɪt/
ʋ-β / ∅-ˈɪ / ˈai̯-∅ / s-t
{0: [0], 1: None, 2: [1], 3: [2]}
{0: [0], 1: [1], 2: None, 3: [2]}
COST: 0.161

-------------------

/ʋˈed̥a/ - /βˈeːʀ/
ʋ-β / ˈe-ˈeː / d̥_a-ʀ
{0: [0], 1: [1], 2: [2, 3]}
{0: [0], 1: [1], 2: [2]}
COST: 10.56

-------------------

/ʋˈeːɡ̊/ - /βˈeːx/
ʋ-β / ˈeː-ˈeː / ɡ̊_#>-x_#>
{0: [0], 1: [1], 2: [2]}
{0: [0], 1: [1], 2: [2]}
COST: 16.476

-------------------

/ʋˈind̥/ - /βˈɪːnd̥/
ʋ-β / ˈi-ˈɪː / n-n / d̥-d̥
{0: [0], 1: [1], 2: [2], 3: [3]}
{0: [0], 1: [1], 2: [2], 3: [3]}
COST: 21.055

-------------------

/ʋˈind̥a/ - /βˈɪːntəʀ/
ʋ-β / ˈi-ˈɪː / n-n / d̥-t / a-ə_ʀ
{0: [0], 1: [1], 2: [2], 3: [3], 4: [4]}
{0: [0], 1: [1], 2: [2], 3: [3], 4: [4, 5]}
COST: 21.247

-------------------

/ʋˈinʃn̩/ - /βˈɪːnsə/
ʋ-β / ˈi-ˈɪː / n-n / ʃ-s / n-ə
{0: [0], 1: [1], 2: [2], 3: [3], 4: [4]}
{0: [0], 1: [1], 2: [2], 3: [3], 4: [4]}
COST: 21.347

-------------------

/ʋˈisn̩/ - /βˈɛːtə/
ʋ-β / ˈi-ˈɛː / s-t / n-ə
{0: [0], 1: [1], 2: [2], 3: [3]}
{0: [0], 1: [1], 2: [2], 3: [3]}
COST: 11.972

-------------------

/ʋˈoj/ - /βˈɔl/
ʋ-β / ˈo-ˈɔ / j_#>-l_#>
{0: [0], 1: [1], 2: [2]}
{0: [0], 1: [1], 2: [2]}
COST: 17.295

-------------------

/ʋˈojf/ - /βˈɔːləv̥/
ʋ-β / ˈo-ˈɔː / j-l_ə / f-v̥
{0: [0], 1: [1], 2: [2], 3: [3]}
{0: [0], 1: [1], 2: [2, 3], 3: [4]}
COST: 16.647

-------------------

/ʋˈox/ - /βˈɛːk/
ʋ-β / ∅-ˈɛː / ˈo-∅ / x-k
{0: [0], 1: None, 2: [1], 3: [2]}
{0: [0], 1: [1], 2: None, 3: [2]}
COST: 0.831

-------------------

/ʋˈoɐd̥/ - /βˈʊːʀd̥/
ʋ-β / ˈo-ˈʊː / ɐ-ʀ / d̥-d̥
{0: [0], 1: [1], 2: [2], 3: [3]}
{0: [0], 1: [1], 2: [2], 3: [3]}
COST: 17.888

-------------------

/ʋˈoɐ̯x/ - /βˈɛːk/
ʋ-β / ˈoɐ̯-ˈɛː / x-k
{0: [0], 1: [1], 2: [2]}
{0: [0], 1: [1], 2: [2]}
COST: 16.349

-------------------

/ʋˈɑsa/ - /βˈaːtəʀ/
ʋ-β / ˈɑ-ˈaː / s-t / a-ə_ʀ
{0: [0], 1: [1], 2: [2], 3: [3]}
{0: [0], 1: [1], 2: [2], 3: [3, 4]}
COST: 18.06

-------------------

/ʋˈɒːs/ - /βˈɑt/
ʋ-β / ∅-ˈɑ / ˈɒː-∅ / s-t
{0: [0], 1: None, 2: [1], 3: [2]}
{0: [0], 1: [1], 2: None, 3: [2]}
COST: 0.161

-------------------

/ʋˈɒːɐm/ - /βˈæʀəm/
ʋ-β / ∅-ˈæ / ˈɒː-∅ / ɐ-ʀ_ə / m-m
{0: [0], 1: None, 2: [1], 3: [2], 4: [3]}
{0: [0], 1: [1], 2: None, 3: [2, 3], 4: [4]}
COST: 5.41

-------------------

/ʦʋˈanʦɡ̊ə/ - /tβˈɪːntəx/
ʦ-t / ʋ-β / ∅-ˈɪː / ˈa-∅ / n-n / ʦ-t / ɡ̊-∅ / ə-ə / #>-x_#>
{0: [0], 1: [1], 2: None, 3: [2], 4: [3], 5: [4], 6: [5], 7: [6], 8: None}
{0: [0], 1: [1], 2: [2], 3: None, 4: [3], 5: [4], 6: None, 7: [5], 8: [6]}
COST: 6.089

-------------------

/ʦʋˈejfə/ - /tβˈæləv̥/
ʦ-t / ʋ-β / ∅-ˈæ / ˈe-∅ / j-l_ə / f_ə-v̥
{0: [0], 1: [1], 2: None, 3: [2], 4: [3], 5: [4, 5]}
{0: [0], 1: [1], 2: [2], 3: None, 4: [3, 4], 5: [5]}
COST: 6.026

-------------------

/ʦʋˈoɐ̯/ - /tβˈi/
ʦ-t / ʋ-β / ˈoɐ̯-ˈi
{0: [0], 1: [1], 2: [2]}
{0: [0], 1: [1], 2: [2]}
COST: 15.098

-------------------

/ʦˈai̯d̥/ - /tˈiːd̥/
ʦ-t / ˈai̯-ˈiː / d̥-d̥
{0: [0], 1: [1], 2: [2]}
{0: [0], 1: [1], 2: [2]}
COST: 19.405

-------------------

/ʦˈand̥/ - /tˈɑːnd̥/
ʦ-t / ∅-ˈɑː / ˈa-∅ / n-n / d̥-d̥
{0: [0], 1: None, 2: [1], 3: [2], 4: [3]}
{0: [0], 1: [1], 2: None, 3: [2], 4: [3]}
COST: 7.918

-------------------

/ʦˈeːnə/ - /tˈin/
ʦ-t / ˈeː-ˈi / n-n / ə_#>-#>
{0: [0], 1: [1], 2: [2], 3: [3]}
{0: [0], 1: [1], 2: [2], 3: None}
COST: 14.185

-------------------

/ʦˈeːça/ - /tˈin/
ʦ-t / ˈeː-ˈi / ç-∅ / a-n
{0: [0], 1: [1], 2: [2], 3: [3]}
{0: [0], 1: [1], 2: None, 3: [2]}
COST: 6.181

-------------------

/ʦˈoɐ̯xn̩/ - /tˈɛːkə/
ʦ-t / ˈoɐ̯-ˈɛː / x-k / n-ə
{0: [0], 1: [1], 2: [2], 3: [3]}
{0: [0], 1: [1], 2: [2], 3: [3]}
COST: 18.369

-------------------

/ʦˈuŋa/ - /tˈʊŋ/
ʦ-t / ∅-ˈʊ / ˈu-∅ / ŋ-ŋ / a_#>-#>
{0: [0], 1: None, 2: [1], 3: [2], 4: [3]}
{0: [0], 1: [1], 2: None, 3: [2], 4: None}
COST: 2.419

-------------------

/ˈai̯s/ - /ˈiːz̥/
ˈai̯-ˈiː / s-z̥
{0: [0], 1: [1]}
{0: [0], 1: [1]}
COST: 15.77

-------------------

/ˈau̯s/ - /ˈuːt/
ˈau̯-ˈuː / s-t
{0: [0], 1: [1]}
{0: [0], 1: [1]}
COST: 14.518

-------------------

/ˈau̯ɡ̊/ - /ˈɔu̯x/
∅-ˈɔu̯ / ˈau̯-∅ / ɡ̊_#>-x_#>
{0: None, 1: [0], 2: [1]}
{0: [0], 1: None, 2: [1]}
COST: -0.135

-------------------

/ˈaːf/ - /ˈɔp/
∅-ˈɔ / ˈaː-∅ / f_#>-p_#>
{0: None, 1: [0], 2: [1]}
{0: [0], 1: None, 2: [1]}
COST: 0.505

-------------------

/ˈejfə/ - /ˈɛləv̥/
ˈe-ˈɛ / j-l_ə / f_ə-v̥
{0: [0], 1: [1], 2: [2, 3]}
{0: [0], 1: [1, 2], 2: [3]}
COST: 11.34

-------------------

/ˈesn̩/ - /ˈeːtə/
<#_ˈe-<#_ˈeː / s-t / n-ə
{0: [0], 1: [1], 2: [2]}
{0: [0], 1: [1], 2: [2]}
COST: 11.548

-------------------

/ˈeɐd̥n̩/ - /ˈeːʀd̥/
<#_ˈe-<#_ˈeː / ɐ-ʀ / d̥-d̥ / n_#>-#>
{0: [0], 1: [1], 2: [2], 3: [3]}
{0: [0], 1: [1], 2: [2], 3: None}
COST: 12.55

-------------------

/ˈeɡ̊/ - /ˈeːx/
<#_ˈe-<#_ˈeː / ɡ̊_#>-x_#>
{0: [0], 1: [1]}
{0: [0], 1: [1]}
COST: 14.045

-------------------

/ˈin/ - /ˈɪːn/
ˈi-ˈɪː / n-n
{0: [0], 1: [1]}
{0: [0], 1: [1]}
COST: 15.063

-------------------

/ˈiβa/ - /ˈøːvəʀ/
ˈi-ˈøː / β-v / a-ə_ʀ
{0: [0], 1: [1], 2: [2]}
{0: [0], 1: [1], 2: [2, 3]}
COST: 12.035

-------------------

/ˈoj/ - /ˈɑːl/
∅-ˈɑː / ˈo-∅ / j_#>-l_#>
{0: None, 1: [0], 2: [1]}
{0: [0], 1: None, 2: [1]}
COST: 0.057

-------------------

/ˈoɐm/ - /ˈæːʀəm/
∅-ˈæː / ˈo-∅ / ɐ-ʀ_ə / m-m
{0: None, 1: [0], 2: [1], 3: [2]}
{0: [0], 1: None, 2: [1, 2], 3: [3]}
COST: 3.459

-------------------

/ˈoɐ̯/ - /ˈɛːnə/
ˈoɐ̯-ˈɛː / ∅-n / #>-ə_#>
{0: [0], 1: None, 2: None}
{0: [0], 1: [1], 2: [2]}
COST: 2.409

-------------------

/ˈoɐ̯x/ - /ˈɛːk/
ˈoɐ̯-ˈɛː / x-k
{0: [0], 1: [1]}
{0: [0], 1: [1]}
COST: 14.398

-------------------

/ˈoːfa/ - /ˈoːvə/
ˈoː-ˈoː / f-v / a-ə
{0: [0], 1: [1], 2: [2]}
{0: [0], 1: [1], 2: [2]}
COST: 19.227

-------------------

/ˈund̥a/ - /ˈʊːndəʀ/
ˈu-ˈʊː / n-n / d̥-d / a-ə_ʀ
{0: [0], 1: [1], 2: [2], 3: [3]}
{0: [0], 1: [1], 2: [2], 3: [3, 4]}
COST: 20.684

-------------------

/ˈɑb̥͡v̥ə/ - /ˈɑpəl/
ˈɑ-ˈɑ / b̥͡v̥-p / ə-ə / #>-l_#>
{0: [0], 1: [1], 2: [2], 3: None}
{0: [0], 1: [1], 2: [2], 3: [3]}
COST: 10.787

-------------------

/ˈɑf/ - /ˈaːp/
ˈɑ-ˈaː / f_#>-p_#>
{0: [0], 1: [1]}
{0: [0], 1: [1]}
COST: 15.942

-------------------

/ˈɑnd̥a/ - /ˈɑːndəʀ/
ˈɑ-ˈɑː / n-n / d̥-d / a-ə_ʀ
{0: [0], 1: [1], 2: [2], 3: [3]}
{0: [0], 1: [1], 2: [2], 3: [3, 4]}
COST: 17.466

-------------------

/ˈɑxd̥ə/ - /ˈɑx/
ˈɑ-ˈɑ / x_d̥-x / ə_#>-#>
{0: [0], 1: [1, 2], 2: [3]}
{0: [0], 1: [1], 2: None}
COST: 5.876
