/blˈoːma/ - /blˈuːm/
b-b / l-l / ˈoː-ˈuː / m-m / a-∅

-------------------

/blˈoːθ/ - /blˈuː/
b-b / l-l / ˈoː-ˈuː / θ-∅

-------------------

/brˈoːθar/ - /bɾˈuːdeɾ/
b-b / r-ɾ / ˈoː-ˈuː / θ-d / a-e / r-ɾ

-------------------

/brˈoːθar/ - /bɾˈuːɾ/
b-b / r-ɾ / ˈoː-ˈuː / θ-∅ / a-∅ / r-ɾ

-------------------

/brˈusts/ - /bɾˈʏst/
b-b / r-ɾ / ˈu-ˈʏ / s-s / t-t / s-∅
b-b / r-ɾ / ˈu-ˈʏ / s-s / t_s-t

-------------------

/brˈɔθ/ - /bɾˈæʉ̯/
b-b / r-ɾ / ˈɔ-ˈæʉ̯ / θ-∅
b-b / r-ɾ / ˈɔ_θ-ˈæʉ̯

-------------------

/bˈarn/ - /bˈɑːɾn/
b-b / ˈa-ˈɑː / r-ɾ / n-n

-------------------

/bˈatiza/ - /bˈeːtɾe/
b-b / ˈa-ˈeː / t-t / i-∅ / z-ɾ / a-e

-------------------

/bˈiðjan/ - /bˈeːɑ/
b-b / ˈi-ˈeː / ð-∅ / j-∅ / a-ɑ / n-∅
b-b / ˈi-ˈeː / ð-∅ / j-∅ / a_n-ɑ

-------------------

/bˈiːtan/ - /bˈiːtɑ/
b-b / ˈiː-ˈiː / t-t / a_n-ɑ

-------------------

/bˈɛra/ - /bjˈœɾn/
b-b / ∅-j / ˈɛ-ˈœ / r-ɾ / a-∅ / ∅-n

-------------------

/bˈɛrɡs/ - /bˈæɾɡ/
b-b / ˈɛ-ˈæ / r-ɾ / ɡ-ɡ / s-∅

-------------------

/drˈiŋkan/ - /dɾˈɪʰkːɑ/
d-d / r-ɾ / ˈi-ˈɪ / ŋ-∅ / k-ʰkː / a-ɑ / n-∅
d-d / r-ɾ / ˈi-ˈɪ / ŋ-∅ / k-ʰkː / a_n-ɑ

-------------------

/drˈiːβan/ - /dɾˈiːʋa/
d-d / r-ɾ / ˈiː-ˈiː / β-ʋ / a-a / n-∅

-------------------

/dˈaxs/ - /dˈɑːɡ/
d-d / ˈa-ˈɑː / x-ɡ / s-∅
d-d / ˈa-ˈɑː / x-∅ / s-ɡ
d-d / ˈa-ˈɑː / x_s-ɡ

-------------------

/dˈiu̯ps/ - /jˈʉːp/
d-∅ / ∅-j / ˈiu̯-ˈʉː / p-p / s-∅
d-∅ / ∅-j / ˈiu̯-ˈʉː / p_s-p

-------------------

/dˈiu̯s/ - /dˈyːɾ/
d-d / ˈiu̯-ˈyː / s-∅ / ∅-ɾ

-------------------

/dˈɔːhtar/ - /dˈɔʰtːeɾ/
d-d / ˈɔː-ˈɔ / h_t-ʰtː / a-e / r-ɾ

-------------------

/frˈijoːnds/ - /fɾˈɛnde/
f-f / r-ɾ / ˈi-ˈɛ / j-∅ / oː-∅ / n-n / d-d / s-∅ / ∅-e
f-f / r-ɾ / ˈi-ˈɛ / j-∅ / oː-∅ / n-n / d_s-d / ∅-e

-------------------

/fˈaðar/ - /fˈɑːɾ/
f-f / ˈa-ˈɑː / ð-∅ / a-∅ / r-ɾ

-------------------

/fˈimf/ - /fˈɛm/
f-f / ˈi-ˈɛ / m-m / f-∅

-------------------

/fˈisks/ - /fˈɪsk/
f-f / ˈi-ˈɪ / s-s / k-k / s-∅
f-f / ˈi-ˈɪ / s-s / k_s-k

-------------------

/fˈiðwoːr/ - /fˈiːɾe/
f-f / ˈi-ˈiː / ð-ɾ / w-∅ / oː-e / r-∅

-------------------

/fˈiŋɡrs/ - /fˈɪŋːeɾ/
f-f / ˈi-ˈɪ / ŋ-ŋː / ɡ-∅ / ∅-e / r-ɾ / s-∅
f-f / ˈi-ˈɪ / ŋ_ɡ-ŋː / ∅-e / r-ɾ / s-∅

-------------------

/fˈoːn/ - /fˈyːɾ/
f-f / ˈoː-ˈyː / n-ɾ

-------------------

/fˈoːn/ - /ˈɛlː/
f-∅ / ˈoː-ˈɛ / n-lː

-------------------

/fˈoːtus/ - /fˈuːt/
f-f / ˈoː-ˈuː / t-t / u-∅ / s-∅

-------------------

/fˈulːs/ - /fˈʉlː/
f-f / ˈu-ˈʉ / lː-lː / s-∅

-------------------

/fˈuɡls/ - /fˈʉɡl/
f-f / ˈu-ˈʉ / ɡ-ɡ / l-l / s-∅

-------------------

/fˈɔːs/ - /fˈoː/
f-f / ˈɔː-ˈoː / s-∅

-------------------

/hlˈɔːpan/ - /lˈæʉ̯pɑ/
h-∅ / l-l / ˈɔː-ˈæʉ̯ / p-p / a-ɑ / n-∅
h-∅ / l-l / ˈɔː-ˈæʉ̯ / p-p / a_n-ɑ

-------------------

/hrˈiŋɡs/ - /ɾˈɪŋː/
h-∅ / r-ɾ / ˈi-ˈɪ / ŋ-ŋː / ɡ-∅ / s-∅
h-∅ / r-ɾ / ˈi-ˈɪ / ŋ_ɡ-ŋː / s-∅

-------------------

/hˈandus/ - /hˈɑnː/
h-h / ˈa-ˈɑ / n-nː / d-∅ / u-∅ / s-∅
h-h / ˈa-ˈɑ / n_d-nː / u-∅ / s-∅

-------------------

/hˈaβaːn/ - /hˈɑː/
h-h / ˈa-ˈɑː / β-∅ / aː-∅ / n-∅

-------------------

/hˈeːr/ - /hˈeːɾ/
h-h / ˈeː-ˈeː / r-ɾ

-------------------

/hˈund/ - /hˈʉndɾɑ/
h-h / ˈu-ˈʉ / n-n / d-d / ∅-ɾ / ∅-ɑ

-------------------

/hˈunds/ - /hˈʊnd/
h-h / ˈu-ˈʊ / n-n / d-d / s-∅
h-h / ˈu-ˈʊ / n-n / d_s-d

-------------------

/hˈuːs/ - /hˈʉːs/
h-h / ˈuː-ˈʉː / s-s

-------------------

/hˈɔrn/ - /hˈʊɾn/
h-h / ˈɔ-ˈʊ / r-ɾ / n-n

-------------------

/hˈɔːhs/ - /hˈæʉ̯ɡ/
h-h / ˈɔː-ˈæʉ̯ / h-ɡ / s-∅
h-h / ˈɔː-ˈæʉ̯ / h-∅ / s-ɡ

-------------------

/hˈɔːsjan/ - /hˈœʏ̯ɾɑ/
h-h / ˈɔː-ˈœʏ̯ / s-∅ / j-ɾ / a-ɑ / n-∅
h-h / ˈɔː-ˈœʏ̯ / s-∅ / j-ɾ / a_n-ɑ
h-h / ˈɔː_s-ˈœʏ̯ / j-ɾ / a_n-ɑ

-------------------

/hˈɔβiθ/ - /hˈoːʋʉ/
h-h / ˈɔ-ˈoː / β-ʋ / i-ʉ / θ-∅

-------------------

/hˈɛrtoː/ - /jˈɑɾtɑ/
h-∅ / ˈɛ-j / ∅-ˈɑ / r-ɾ / t-t / oː-ɑ

-------------------

/hˈɛːlaxs/ - /hˈæɪ̯laɡ/
h-h / ˈɛː-ˈæɪ̯ / l-l / a-a / x-ɡ / s-∅
h-h / ˈɛː-ˈæɪ̯ / l-l / a-a / x-∅ / s-ɡ
h-h / ˈɛː-ˈæɪ̯ / l-l / a-a / x_s-ɡ

-------------------

/hˈɛːms/ - /hˈæɪ̯m/
h-h / ˈɛː-ˈæɪ̯ / m-m / s-∅
h-h / ˈɛː-ˈæɪ̯ / m_s-m

-------------------

/jˈeːr/ - /ˈoːɾ/
j-∅ / ˈeː-ˈoː / r-ɾ

-------------------

/jˈuŋɡs/ - /ˈʊŋː/
j-∅ / ˈu-ˈʊ / ŋ_ɡ-ŋː / s-∅

-------------------

/knˈiu̯/ - /kʰnˈeː/
k-kʰ / n-n / ˈiu̯-ˈeː

-------------------

/kʷˈinoː/ - /kʰʋˈɪnːe/
kʷ-kʰ / ∅-ʋ / ˈi-ˈɪ / n-nː / oː-e

-------------------

/kʷˈinoː/ - /kʰˈuːne/
kʷ-kʰ / ˈi-ˈuː / n-n / oː-e

-------------------

/kˈalboː/ - /kʰˈɑlʋ/
k-kʰ / ˈa-ˈɑ / l-l / b-∅ / oː-ʋ

-------------------

/kˈalds/ - /kʰˈɑlː/
k-kʰ / ˈa-ˈɑ / l-lː / d-∅ / s-∅

-------------------

/kˈunːan/ - /kʰˈʉnːɑ/
k-kʰ / ˈu-ˈʉ / nː-nː / a-ɑ / n-∅
k-kʰ / ˈu-ˈʉ / nː-nː / a_n-ɑ

-------------------

/kˈɔrn/ - /kʰˈʊɾn/
k-kʰ / ˈɔ-ˈʊ / r-ɾ / n-n

-------------------

/lˈamb/ - /lˈɑmː/
l-l / ˈa-ˈɑ / m-mː / b-∅

-------------------

/lˈant/ - /lˈɑnd/
l-l / ˈa-ˈɑ / n-n / t-d

-------------------

/lˈaŋɡs/ - /lˈɑŋː/
l-l / ˈa-ˈɑ / ŋ_ɡ-ŋː / s-∅

-------------------

/lˈɔːfs/ - /lˈæʉ̯ʋ/
l-l / ˈɔː-ˈæʉ̯ / f-ʋ / s-∅
l-l / ˈɔː-ˈæʉ̯ / f-∅ / s-∅ / ∅-ʋ
l-l / ˈɔː-ˈæʉ̯ / f_s-ʋ

-------------------

/mˈans/ - /mˈɛnː/
m-m / ˈa-ˈɛ / n-nː / s-∅

-------------------

/mˈanːa/ - /mˈɑnː/
m-m / ˈa-ˈɑ / nː-nː / a-∅

-------------------

/mˈanːisks/ - /mˈɛnːɛʃe/
m-m / ˈa-ˈɛ / nː-nː / i-ɛ / s-ʃ / k-∅ / s-∅ / ∅-e
m-m / ˈa-ˈɛ / nː-nː / i-ɛ / s_k-ʃ / s-∅ / ∅-e

-------------------

/mˈeːna/ - /mˈoːne/
m-m / ˈeː-ˈoː / n-n / a-e

-------------------

/mˈik/ - /mˈeːɡ/
m-m / ˈi-ˈeː / k-ɡ

-------------------

/mˈiluks/ - /mjˈœlk/
m-m / ˈi-j / l-∅ / u-ˈœ / ∅-l / k-k / s-∅
m-m / ˈi-j / l-∅ / u-ˈœ / ∅-l / k_s-k

-------------------

/mˈunθs/ - /mˈʉnː/
m-m / ˈu-ˈʉ / n-nː / θ-∅ / s-∅
m-m / ˈu-ˈʉ / n_θ-nː / s-∅

-------------------

/nˈahts/ - /nˈɑʰtː/
n-n / ˈa-ˈɑ / h-∅ / t_s-ʰtː
n-n / ˈa-ˈɑ / h_t-ʰtː / s-∅

-------------------

/nˈamoː/ - /nˈɑmn/
n-n / ˈa-ˈɑ / m-m / oː-n

-------------------

/nˈaɡls/ - /nˈɑɡl/
n-n / ˈa-ˈɑ / ɡ-ɡ / l-l / s-∅

-------------------

/nˈeːθla/ - /nˈoːl/
n-n / ˈeː-ˈoː / θ-∅ / l-l / a-∅

-------------------

/nˈiu̯jis/ - /nˈyː/
n-n / ˈiu̯-ˈyː / j-∅ / i-∅ / s-∅

-------------------

/nˈiu̯n/ - /nˈiː/
n-n / ˈiu̯-ˈiː / n-∅

-------------------

/rˈiɡn/ - /ɾˈɛɡn/
r-ɾ / ˈi-ˈɛ / ɡ-ɡ / n-n

-------------------

/rˈiːkiːs/ - /ɾˈiːk/
r-ɾ / ˈiː-ˈiː / k-k / iː-∅ / s-∅

-------------------

/rˈɔθs/ - /ɾˈæʉ̯/
r-ɾ / ˈɔ-ˈæʉ̯ / θ-∅ / s-∅
r-ɾ / ˈɔ_θ-ˈæʉ̯ / s-∅

-------------------

/rˈɛhts/ - /ɾˈɛʰtː/
r-ɾ / ˈɛ-ˈɛ / h-∅ / t_s-ʰtː

-------------------

/skˈarps/ - /skˈɑɾp/
s-s / k-k / ˈa-ˈɑ / r-ɾ / p-p / s-∅
s-s / k-k / ˈa-ˈɑ / r-ɾ / p_s-p

-------------------

/skˈip/ - /ʃˈiːp/
s-ʃ / k-∅ / ˈi-ˈiː / p-p
s_k-ʃ / ˈi-ˈiː / p-p

-------------------

/slˈahan/ - /slˈoː/
s-s / l-l / ˈa-ˈoː / h-∅ / a-∅ / n-∅

-------------------

/slˈeːpan/ - /sˈoːʋɑ/
s-s / l-∅ / ˈeː-ˈoː / p-∅ / ∅-ʋ / a-ɑ / n-∅
s-s / l-∅ / ˈeː-ˈoː / p-∅ / ∅-ʋ / a_n-ɑ

-------------------

/snˈɛːws/ - /snˈøː/
s-s / n-n / ˈɛː_w-ˈøː / s-∅

-------------------

/stˈoːls/ - /stˈuːl/
s-s / t-t / ˈoː-ˈuː / l-l / s-∅

-------------------

/stˈɛrnoː/ - /sçˈɛnːe/
s-s / t-ç / ˈɛ-ˈɛ / r-∅ / n-nː / oː-e

-------------------

/stˈɛːns/ - /stˈæɪ̯n/
s-s / t-t / ˈɛː-ˈæɪ̯ / n_s-n

-------------------

/swˈarts/ - /sʋˈɑɾt/
s-s / w-ʋ / ˈa-ˈɑ / r-ɾ / t-t / s-∅
s-s / w-ʋ / ˈa-ˈɑ / r-ɾ / t_s-t

-------------------

/swˈistar/ - /sˈʏstɛɾ/
s-s / w-∅ / ˈi-ˈʏ / s-s / t-t / a-ɛ / r-ɾ

-------------------

/swˈiːn/ - /sʋˈiːn/
s-s / w-ʋ / ˈiː-ˈiː / n-n

-------------------

/sˈalt/ - /sˈɑlt/
s-s / ˈa-ˈɑ / l-l / t-t

-------------------

/sˈitan/ - /sˈɪçːɑ/
s-s / ˈi-ˈɪ / t-çː / a-ɑ / n-∅
s-s / ˈi-ˈɪ / t-çː / a_n-ɑ

-------------------

/sˈiŋɡʷan/ - /sˈʏɲjɑ/
s-s / ˈi-ˈʏ / ŋ-ɲ / ɡʷ-j / a-ɑ / n-∅
s-s / ˈi-ˈʏ / ŋ-ɲ / ɡʷ-j / a_n-ɑ

-------------------

/sˈunus/ - /sˈɔn/
s-s / ˈu-ˈɔ / n-n / u-∅ / s-∅

-------------------

/sˈɛhs/ - /sˈɛks/
s-s / ˈɛ-ˈɛ / h-k / s-s

-------------------

/sˈɛʍan/ - /ʃˈoː/
s-ʃ / ˈɛ-∅ / ʍ-ˈoː / a-∅ / n-∅

-------------------

/sˈɛːws/ - /ʃˈøː/
s-ʃ / ˈɛː_w-ˈøː / s-∅

-------------------

/trˈiu̯/ - /tʰɾˈeː/
t-tʰ / r-ɾ / ˈiu̯-ˈeː

-------------------

/twˈalif/ - /tʰˈɔlʋ/
t-tʰ / w-ˈɔ / ˈa-∅ / l-l / i-ʋ / f-∅

-------------------

/twˈɛː/ - /tʰˈuː/
t-tʰ / w-∅ / ˈɛː-ˈuː

-------------------

/tˈunθus/ - /tʰˈɑnː/
t-tʰ / ˈu-ˈɑ / n-nː / θ-∅ / u-∅ / s-∅
t-tʰ / ˈu-ˈɑ / n_θ-nː / u-∅ / s-∅

-------------------

/tˈuŋɡoː/ - /tʰˈʊŋːe/
t-tʰ / ˈu-ˈʊ / ŋ-ŋː / ɡ-∅ / oː-e
t-tʰ / ˈu-ˈʊ / ŋ_ɡ-ŋː / oː-e

-------------------

/tˈɛhun/ - /tʰˈiː/
t-tʰ / ˈɛ-ˈiː / h-∅ / u-∅ / n-∅

-------------------

/wˈatoː/ - /ʋˈɑtn/
w-ʋ / ˈa-ˈɑ / t-t / oː-n
w-ʋ / ˈa-ˈɑ / t-t / oː-∅ / ∅-n

-------------------

/wˈeːpn/ - /ʋˈoːpen/
w-ʋ / ˈeː-ˈoː / p-p / ∅-e / n-n

-------------------

/wˈinds/ - /ʋˈɪnː/
w-ʋ / ˈi-ˈɪ / n-nː / d-∅ / s-∅
w-ʋ / ˈi-ˈɪ / n_d-nː / s-∅

-------------------

/wˈitan/ - /ʋˈiːtɑ/
w-ʋ / ˈi-ˈiː / t-t / a-ɑ / n-∅
w-ʋ / ˈi-ˈiː / t-t / a_n-ɑ

-------------------

/wˈiɡs/ - /ʋˈeːɡ/
w-ʋ / ˈi-ˈeː / ɡ-ɡ / s-∅

-------------------

/wˈiːs/ - /ʋˈiː/
w-ʋ / ˈiː-ˈiː / s-∅

-------------------

/wˈulfs/ - /ˈʉlʋ/
w-∅ / ˈu-ˈʉ / l-l / f-ʋ / s-∅
w-∅ / ˈu-ˈʉ / l-l / f-∅ / s-∅ / ∅-ʋ
w-∅ / ˈu-ˈʉ / l-l / f_s-ʋ
w_ˈu-ˈʉ / l-l / f-∅ / s-∅ / ∅-ʋ
w_ˈu-ˈʉ / l-l / f_s-ʋ

-------------------

/wˈulːa/ - /ˈʉlː/
w-∅ / ˈu-ˈʉ / lː-lː / a-∅
w_ˈu-ˈʉ / lː-lː / a-∅

-------------------

/wˈɔrms/ - /ˈɔɾm/
w-∅ / ˈɔ-ˈɔ / r-ɾ / m-m / s-∅
w-∅ / ˈɔ-ˈɔ / r-ɾ / m_s-m

-------------------

/wˈɔrt/ - /ˈuːɾ/
w-∅ / ˈɔ-ˈuː / r-ɾ / t-∅

-------------------

/ɡˈans/ - /ɡˈoːs/
ɡ-ɡ / ˈa-ˈoː / n-∅ / s-s

-------------------

/ɡˈiβan/ - /jˈeːʋɑ/
ɡ-j / ˈi-ˈeː / β-ʋ / a-ɑ / n-∅
ɡ-j / ˈi-ˈeː / β-ʋ / a_n-ɑ

-------------------

/ɡˈoːθs/ - /ɡˈuː/
ɡ-ɡ / ˈoː-ˈuː / θ-∅ / s-∅

-------------------

/ɡˈulθ/ - /ɡˈʉlː/
ɡ-ɡ / ˈu-ˈʉ / l-lː / θ-∅

-------------------

/ɡˈuθ/ - /ɡˈʉːd/
ɡ-ɡ / ˈu-ˈʉː / θ-d

-------------------

/ɡˈɛːts/ - /jˈæɪ̯t/
ɡ-j / ˈɛː-ˈæɪ̯ / t-t / s-∅
ɡ-j / ˈɛː-ˈæɪ̯ / t_s-t

-------------------

/ʍˈa/ - /kʰʋˈɑː/
ʍ-kʰ / ∅-ʋ / ˈa-ˈɑː

-------------------

/ʍˈiːts/ - /kʰʋˈiːt/
ʍ-∅ / ∅-kʰ / ∅-ʋ / ˈiː-ˈiː / t-t / s-∅

-------------------

/ˈada/ - /ˈɛɡː/
ˈa-ˈɛ / d-ɡː / a-∅

-------------------

/ˈahtɔː/ - /ˈɔʰtːe/
ˈa-ˈɔ / h_t-ʰtː / ɔː-e

-------------------

/ˈalːs/ - /ˈɑlː/
ˈa-ˈɑ / lː-lː / s-∅

-------------------

/ˈanθar/ - /ˈɑnːɑn/
ˈa-ˈɑ / n_θ-nː / a-ɑ / r-∅ / ∅-n

-------------------

/ˈapel/ - /ˈɛple/
ˈa-ˈɛ / p-p / ∅-l / e-e / l-∅

-------------------

/ˈarms/ - /ˈɑɾm/
ˈa-ˈɑ / r-ɾ / m-m / s-∅
ˈa-ˈɑ / r-ɾ / m_s-m

-------------------

/ˈazɡoː/ - /ˈʊske/
ˈa-ˈʊ / z-s / ɡ-k / oː-e

-------------------

/ˈik/ - /ˈeːɡ/
ˈi-ˈeː / k-ɡ

-------------------

/ˈin/ - /ˈiː/
ˈi-ˈiː / n-∅

-------------------

/ˈufar/ - /ˈoːʋeɾ/
ˈu-ˈoː / f-ʋ / a-e / r-ɾ

-------------------

/ˈuŋkis/ - /ˈɔsː/
ˈu-ˈɔ / ŋ-∅ / k-sː / i-∅ / s-∅

-------------------

/ˈuɡːʷiloː/ - /ˈʊɡle/
ˈu-ˈʊ / ɡːʷ-ɡ / i-∅ / l-l / oː-e

-------------------

/ˈuːt/ - /ˈʉːt/
ˈuː-ˈʉː / t-t

-------------------

/ˈɔːhns/ - /ˈɔmn/
ˈɔː-ˈɔ / h-m / n-n / s-∅
ˈɔː-ˈɔ / h-m / n_s-n

-------------------

/ˈɔːsoː/ - /ˈœʏ̯ɾɑ/
ˈɔː-ˈœʏ̯ / s-∅ / ∅-ɾ / oː-ɑ
ˈɔː_s-ˈœʏ̯ / ∅-ɾ / oː-ɑ

-------------------

/ˈɔːɣoː/ - /ˈæʉ̯ɡɑ/
ˈɔː-ˈæʉ̯ / ɣ-ɡ / oː-ɑ

-------------------

/ˈɛrθa/ - /jˈuːɾ/
ˈɛ-j / ∅-ˈuː / r-ɾ / θ-∅ / a-∅

-------------------

/ˈɛːnlif/ - /ˈɛlʋe/
ˈɛː-ˈɛ / n-∅ / l-l / ∅-ʋ / i-e / f-∅

-------------------

/ˈɛːns/ - /ˈæɪ̯n/
ˈɛː-ˈæɪ̯ / n-n / s-∅
ˈɛː-ˈæɪ̯ / n_s-n

-------------------

/θrˈiːs/ - /tʰɾˈeː/
θ-tʰ / r-ɾ / ˈiː-ˈeː / s-∅

-------------------

/θˈiu̯fs/ - /çˈʉːʋ/
θ-ç / ˈiu̯-ˈʉː / f-∅ / s-∅ / ∅-ʋ
θ-ç / ˈiu̯-ˈʉː / f_s-ʋ

-------------------

/θˈiu̯ðisks/ - /tʰˈʏsk/
θ-tʰ / ˈiu̯-ˈʏ / ð-∅ / i-∅ / s-s / k-k / s-∅
θ-tʰ / ˈiu̯-ˈʏ / ð-∅ / i-∅ / s-s / k_s-k

-------------------

/θˈiːhs/ - /tʰˈɪŋː/
θ-tʰ / ˈiː-ˈɪ / h-ŋː / s-∅

-------------------

/θˈuː/ - /dˈʉː/
θ-d / ˈuː-ˈʉː

-------------------

/θˈuːsundi/ - /tʰˈʉːsen/
θ-tʰ / ˈuː-ˈʉː / s-s / u-e / n-n / d-∅ / i-∅

-------------------

