/blˈat/ - /blˈat/
[1/1] b-b / l-l / ˈa-ˈa / t-t

-------------------

/blˈaʊ̯m/ - /blˈaʊ̯m/
[1/1] b-b / l-l / ˈaʊ̯-ˈaʊ̯ / m-m

-------------------

/blˈaʊ̯t/ - /blˈaʊ̯t/
[1/1] b-b / l-l / ˈaʊ̯-ˈaʊ̯ / t-t

-------------------

/blˈɔʏ̯dn̩/ - /blˈɔʏ̯dn̩/
[1/1] b-b / l-l / ˈɔʏ̯-ˈɔʏ̯ / d-d / n-n

-------------------

/brˈaʊ̯t/ - /brˈaʊ̯t/
[1/1] b-b / r-r / ˈaʊ̯-ˈaʊ̯ / t-t

-------------------

/brˈaʊ̯ɾæ/ - /brˈaʊ̯ɾæ/
[1/1] b-b / r-r / ˈaʊ̯-ˈaʊ̯ / ɾ-ɾ / æ-æ

-------------------

/brˈuːɡn̩/ - /brˈuːɡn̩/
[1/1] b-b / r-r / ˈuː-ˈuː / ɡ-ɡ / n-n

-------------------

/brˈʏç/ - /brˈʏç/
[1/1] b-b / r-r / ˈʏ-ˈʏ / ç-ç

-------------------

/bˈae̯dn̩/ - /bˈae̯dn̩/
[1/1] b-b / ˈae̯-ˈae̯ / d-d / n-n

-------------------

/bˈae̯n/ - /bˈae̯n/
[1/1] b-b / ˈae̯-ˈae̯ / n-n

-------------------

/bˈaɪ̯æ/ - /bˈaɪ̯æ/
[1/1] b-b / ˈaɪ̯-ˈaɪ̯ / æ-æ

-------------------

/bˈaʊ̯k/ - /bˈaʊ̯k/
[1/1] b-b / ˈaʊ̯-ˈaʊ̯ / k-k

-------------------

/bˈaʊ̯m/ - /bˈaʊ̯m/
[1/1] b-b / ˈaʊ̯-ˈaʊ̯ / m-m

-------------------

/bˈaʊ̯t/ - /bˈaʊ̯t/
[1/1] b-b / ˈaʊ̯-ˈaʊ̯ / t-t

-------------------

/bˈaːd/ - /bˈaːd/
[1/1] b-b / ˈaː-ˈaː / d-d

-------------------

/bˈaːx/ - /bˈaːx/
[1/1] b-b / ˈaː-ˈaː / x-x

-------------------

/bˈiːtn̩/ - /bˈiːtn̩/
[1/1] b-b / ˈiː-ˈiː / t-t / n-n

-------------------

/bˈoːæ/ - /bˈoːæ/
[1/1] b-b / ˈoː-ˈoː / æ-æ

-------------------

/bˈɔst/ - /bˈɔst/
[1/1] b-b / ˈɔ-ˈɔ / s-s / t-t

-------------------

/bˈɛːɾæ/ - /bˈɛːɾæ/
[1/1] b-b / ˈɛː-ˈɛː / ɾ-ɾ / æ-æ

-------------------

/bˈɪn̩/ - /bˈɪn̩/
[1/1] b-b / ˈɪ-ˈɪ / n-n

-------------------

/bˈɪɾn̩/ - /bˈɪɾn̩/
[1/1] b-b / ˈɪ-ˈɪ / ɾ-ɾ / n-n

-------------------

/drˈae̯/ - /drˈae̯/
[1/1] d-d / r-r / ˈae̯-ˈae̯

-------------------

/drˈaʊ̯m/ - /drˈaʊ̯m/
[1/1] d-d / r-r / ˈaʊ̯-ˈaʊ̯ / m-m

-------------------

/drˈiːm/ - /drˈiːm/
[1/1] d-d / r-r / ˈiː-ˈiː / m-m

-------------------

/drˈɔʏ̯m/ - /drˈɔʏ̯m/
[1/1] d-d / r-r / ˈɔʏ̯-ˈɔʏ̯ / m-m

-------------------

/drˈɔʏ̯ç/ - /drˈɔʏ̯ç/
[1/1] d-d / r-r / ˈɔʏ̯-ˈɔʏ̯ / ç-ç

-------------------

/drˈɪŋkn̩/ - /drˈɪŋkn̩/
[1/1] d-d / r-r / ˈɪ-ˈɪ / ŋ-ŋ / k-k / n-n

-------------------

/drˈʏkn̩/ - /drˈʏkn̩/
[1/1] d-d / r-r / ˈʏ-ˈʏ / k-k / n-n

-------------------

/drˈʏtae̯n/ - /drˈʏtae̯n/
[1/1] d-d / r-r / ˈʏ-ˈʏ / t-t / ae̯-ae̯ / n-n

-------------------

/dˈae̯f/ - /dˈae̯f/
[1/1] d-d / ˈae̯-ˈae̯ / f-f

-------------------

/dˈae̯p/ - /dˈae̯p/
[1/1] d-d / ˈae̯-ˈae̯ / p-p

-------------------

/dˈae̯ç/ - /dˈae̯ç/
[1/1] d-d / ˈae̯-ˈae̯ / ç-ç

-------------------

/dˈax/ - /dˈax/
[1/1] d-d / ˈa-ˈa / x-x

-------------------

/dˈaŋkn̩/ - /dˈaŋkn̩/
[1/1] d-d / ˈa-ˈa / ŋ-ŋ / k-k / n-n

-------------------

/dˈaʊ̯d/ - /dˈaʊ̯d/
[1/1] d-d / ˈaʊ̯-ˈaʊ̯ / d-d

-------------------

/dˈiːæt/ - /dˈiːæt/
[1/1] d-d / ˈiː-ˈiː / æ-æ / t-t

-------------------

/dˈoːd/ - /dˈoːd/
[1/1] d-d / ˈoː-ˈoː / d-d

-------------------

/dˈuː/ - /dˈuː/
[1/1] d-d / ˈuː-ˈuː

-------------------

/dˈuːf/ - /dˈuːf/
[1/1] d-d / ˈuː-ˈuː / f-f

-------------------

/dˈuːm/ - /dˈuːm/
[1/1] d-d / ˈuː-ˈuː / m-m

-------------------

/dˈuːzn̩d/ - /dˈuːzn̩d/
[1/1] d-d / ˈuː-ˈuː / z-z / n-n / d-d

-------------------

/dˈuːæn/ - /dˈuːæn/
[1/1] d-d / ˈuː-ˈuː / æ-æ / n-n

-------------------

/dˈyːtʃ/ - /dˈyːtʃ/
[1/1] d-d / ˈyː-ˈyː / t-t / ʃ-ʃ

-------------------

/dˈyːæ/ - /dˈyːæ/
[1/1] d-d / ˈyː-ˈyː / æ-æ

-------------------

/dˈœst/ - /dˈœst/
[1/1] d-d / ˈœ-ˈœ / s-s / t-t

-------------------

/dˈɔxtæ/ - /dˈɔxtæ/
[1/1] d-d / ˈɔ-ˈɔ / x-x / t-t / æ-æ

-------------------

/dˈɪk/ - /dˈɪk/
[1/1] d-d / ˈɪ-ˈɪ / k-k

-------------------

/dˈɪŋ/ - /dˈɪŋ/
[1/1] d-d / ˈɪ-ˈɪ / ŋ-ŋ

-------------------

/dˈʊnæ/ - /dˈʊnæ/
[1/1] d-d / ˈʊ-ˈʊ / n-n / æ-æ

-------------------

/dˈʏn/ - /dˈʏn/
[1/1] d-d / ˈʏ-ˈʏ / n-n

-------------------

/flˈae̯ç/ - /flˈae̯ç/
[1/1] f-f / l-l / ˈae̯-ˈae̯ / ç-ç

-------------------

/flˈae̯ŋ/ - /flˈae̯ŋ/
[1/1] f-f / l-l / ˈae̯-ˈae̯ / ŋ-ŋ

-------------------

/flˈae̯ʃ/ - /flˈae̯ʃ/
[1/1] f-f / l-l / ˈae̯-ˈae̯ / ʃ-ʃ

-------------------

/frˈaɪ̯æn/ - /frˈaɪ̯æn/
[1/1] f-f / r-r / ˈaɪ̯-ˈaɪ̯ / æ-æ / n-n

-------------------

/frˈiː/ - /frˈiː/
[1/1] f-f / r-r / ˈiː-ˈiː

-------------------

/frˈuː/ - /frˈuː/
[1/1] f-f / r-r / ˈuː-ˈuː

-------------------

/frˈɪʃ/ - /frˈɪʃ/
[1/1] f-f / r-r / ˈɪ-ˈɪ / ʃ-ʃ

-------------------

/frˈʏnd/ - /frˈʏnd/
[1/1] f-f / r-r / ˈʏ-ˈʏ / n-n / d-d

-------------------

/fˈaɾæ/ - /fˈaɾæ/
[1/1] f-f / ˈa-ˈa / ɾ-ɾ / æ-æ

-------------------

/fˈaʊ̯t/ - /fˈaʊ̯t/
[1/1] f-f / ˈaʊ̯-ˈaʊ̯ / t-t

-------------------

/fˈiːf/ - /fˈiːf/
[1/1] f-f / ˈiː-ˈiː / f-f

-------------------

/fˈiːæ/ - /fˈiːæ/
[1/1] f-f / ˈiː-ˈiː / æ-æ

-------------------

/fˈyːæ/ - /fˈyːæ/
[1/1] f-f / ˈyː-ˈyː / æ-æ

-------------------

/fˈœːæ/ - /fˈœːæ/
[1/1] f-f / ˈœː-ˈœː / æ-æ

-------------------

/fˈɒːɡl̩/ - /fˈɒːɡl̩/
[1/1] f-f / ˈɒː-ˈɒː / ɡ-ɡ / l-l

-------------------

/fˈɔlɡn̩/ - /fˈɔlɡn̩/
[1/1] f-f / ˈɔ-ˈɔ / l-l / ɡ-ɡ / n-n

-------------------

/fˈɔs/ - /fˈɔs/
[1/1] f-f / ˈɔ-ˈɔ / s-s

-------------------

/fˈɔʏ̯ln̩/ - /fˈɔʏ̯ln̩/
[1/1] f-f / ˈɔʏ̯-ˈɔʏ̯ / l-l / n-n

-------------------

/fˈɔʏ̯t/ - /fˈɔʏ̯t/
[1/1] f-f / ˈɔʏ̯-ˈɔʏ̯ / t-t

-------------------

/fˈɛɾæ/ - /fˈɛɾæ/
[1/1] f-f / ˈɛ-ˈɛ / ɾ-ɾ / æ-æ

-------------------

/fˈɪn̩/ - /fˈɪn̩/
[1/1] f-f / ˈɪ-ˈɪ / n-n

-------------------

/fˈɪŋæ/ - /fˈɪŋæ/
[1/1] f-f / ˈɪ-ˈɪ / ŋ-ŋ / æ-æ

-------------------

/fˈɪʃ/ - /fˈɪʃ/
[1/1] f-f / ˈɪ-ˈɪ / ʃ-ʃ

-------------------

/fˈʊl/ - /fˈʊl/
[1/1] f-f / ˈʊ-ˈʊ / l-l

-------------------

/hˈae̯t/ - /hˈae̯t/
[1/1] h-h / ˈae̯-ˈae̯ / t-t

-------------------

/hˈalf/ - /hˈalf/
[1/1] h-h / ˈa-ˈa / l-l / f-f

-------------------

/hˈand/ - /hˈand/
[1/1] h-h / ˈa-ˈa / n-n / d-d

-------------------

/hˈaʊ̯x/ - /hˈaʊ̯x/
[1/1] h-h / ˈaʊ̯-ˈaʊ̯ / x-x

-------------------

/hˈaːt/ - /hˈaːt/
[1/1] h-h / ˈaː-ˈaː / t-t

-------------------

/hˈaːtn̩/ - /hˈaːtn̩/
[1/1] h-h / ˈaː-ˈaː / t-t / n-n

-------------------

/hˈiːæ/ - /hˈiːæ/
[1/1] h-h / ˈiː-ˈiː / æ-æ

-------------------

/hˈoːæ/ - /hˈoːæ/
[1/1] h-h / ˈoː-ˈoː / æ-æ

-------------------

/hˈuːs/ - /hˈuːs/
[1/1] h-h / ˈuː-ˈuː / s-s

-------------------

/hˈuːt/ - /hˈuːt/
[1/1] h-h / ˈuː-ˈuː / t-t

-------------------

/hˈuːæn/ - /hˈuːæn/
[1/1] h-h / ˈuː-ˈuː / æ-æ / n-n

-------------------

/hˈyːæn/ - /hˈyːæn/
[1/1] h-h / ˈyː-ˈyː / æ-æ / n-n

-------------------

/hˈœft/ - /hˈœft/
[1/1] h-h / ˈœ-ˈœ / f-f / t-t

-------------------

/hˈɒːs/ - /hˈɒːs/
[1/1] h-h / ˈɒː-ˈɒː / s-s

-------------------

/hˈɔnɪç/ - /hˈɔnɪç/
[1/1] h-h / ˈɔ-ˈɔ / n-n / ɪ-ɪ / ç-ç

-------------------

/hˈɛbm̩/ - /hˈɛbm̩/
[1/1] h-h / ˈɛ-ˈɛ / b-b / m-m

-------------------

/hˈɛlpn̩/ - /hˈɛlpn̩/
[1/1] h-h / ˈɛ-ˈɛ / l-l / p-p / n-n

-------------------

/hˈɛn/ - /hˈɛn/
[1/1] h-h / ˈɛ-ˈɛ / n-n

-------------------

/hˈɪlɪç/ - /hˈɪlɪç/
[1/1] h-h / ˈɪ-ˈɪ / l-l / ɪ-ɪ / ç-ç

-------------------

/hˈʊnd/ - /hˈʊnd/
[1/1] h-h / ˈʊ-ˈʊ / n-n / d-d

-------------------

/hˈʊnæt/ - /hˈʊnæt/
[1/1] h-h / ˈʊ-ˈʊ / n-n / æ-æ / t-t

-------------------

/hˈʊŋæ/ - /hˈʊŋæ/
[1/1] h-h / ˈʊ-ˈʊ / ŋ-ŋ / æ-æ

-------------------

/jˈae̯st/ - /jˈae̯st/
[1/1] j-j / ˈae̯-ˈae̯ / s-s / t-t

-------------------

/jˈoːæ/ - /jˈoːæ/
[1/1] j-j / ˈoː-ˈoː / æ-æ

-------------------

/jˈɛl/ - /jˈɛl/
[1/1] j-j / ˈɛ-ˈɛ / l-l

-------------------

/jˈɛːbm̩/ - /jˈɛːbm̩/
[1/1] j-j / ˈɛː-ˈɛː / b-b / m-m

-------------------

/jˈɪt/ - /jˈɪt/
[1/1] j-j / ˈɪ-ˈɪ / t-t

-------------------

/jˈʊŋk/ - /jˈʊŋk/
[1/1] j-j / ˈʊ-ˈʊ / ŋ-ŋ / k-k

-------------------

/kʰnˈae̯/ - /kʰnˈae̯/
[1/1] kʰ-kʰ / n-n / ˈae̯-ˈae̯

-------------------

/kʰnˈʊt/ - /kʰnˈʊt/
[1/1] kʰ-kʰ / n-n / ˈʊ-ˈʊ / t-t

-------------------

/kʰˈalf/ - /kʰˈalf/
[1/1] kʰ-kʰ / ˈa-ˈa / l-l / f-f

-------------------

/kʰˈat/ - /kʰˈat/
[1/1] kʰ-kʰ / ˈa-ˈa / t-t

-------------------

/kʰˈaʊ̯/ - /kʰˈaʊ̯/
[1/1] kʰ-kʰ / ˈaʊ̯-ˈaʊ̯

-------------------

/kʰˈaʊ̯lt/ - /kʰˈaʊ̯lt/
[1/1] kʰ-kʰ / ˈaʊ̯-ˈaʊ̯ / l-l / t-t

-------------------

/kʰˈiːæç/ - /kʰˈiːæç/
[1/1] kʰ-kʰ / ˈiː-ˈiː / æ-æ / ç-ç

-------------------

/kʰˈyːkn̩/ - /kʰˈyːkn̩/
[1/1] kʰ-kʰ / ˈyː-ˈyː / k-k / n-n

-------------------

/kʰˈøːnɪç/ - /kʰˈøːnɪç/
[1/1] kʰ-kʰ / ˈøː-ˈøː / n-n / ɪ-ɪ / ç-ç

-------------------

/kʰˈœːn̩/ - /kʰˈœːn̩/
[1/1] kʰ-kʰ / ˈœː-ˈœː / n-n

-------------------

/kʰˈɒːm/ - /kʰˈɒːm/
[1/1] kʰ-kʰ / ˈɒː-ˈɒː / m-m

-------------------

/kʰˈɔp/ - /kʰˈɔp/
[1/1] kʰ-kʰ / ˈɔ-ˈɔ / p-p

-------------------

/kʰˈɛn̩/ - /kʰˈɛn̩/
[1/1] kʰ-kʰ / ˈɛ-ˈɛ / n-n

-------------------

/kʰˈɛɪ̯s/ - /kʰˈɛɪ̯s/
[1/1] kʰ-kʰ / ˈɛɪ̯-ˈɛɪ̯ / s-s

-------------------

/kʰˈɪnd/ - /kʰˈɪnd/
[1/1] kʰ-kʰ / ˈɪ-ˈɪ / n-n / d-d

-------------------

/lˈae̯f/ - /lˈae̯f/
[1/1] l-l / ˈae̯-ˈae̯ / f-f

-------------------

/lˈae̯ŋ/ - /lˈae̯ŋ/
[1/1] l-l / ˈae̯-ˈae̯ / ŋ-ŋ

-------------------

/lˈam/ - /lˈam/
[1/1] l-l / ˈa-ˈa / m-m

-------------------

/lˈand/ - /lˈand/
[1/1] l-l / ˈa-ˈa / n-n / d-d

-------------------

/lˈaxn̩/ - /lˈaxn̩/
[1/1] l-l / ˈa-ˈa / x-x / n-n

-------------------

/lˈaŋk/ - /lˈaŋk/
[1/1] l-l / ˈa-ˈa / ŋ-ŋ / k-k

-------------------

/lˈaʊ̯pn̩/ - /lˈaʊ̯pn̩/
[1/1] l-l / ˈaʊ̯-ˈaʊ̯ / p-p / n-n

-------------------

/lˈoːf/ - /lˈoːf/
[1/1] l-l / ˈoː-ˈoː / f-f

-------------------

/lˈuːs/ - /lˈuːs/
[1/1] l-l / ˈuː-ˈuː / s-s

-------------------

/lˈɪç/ - /lˈɪç/
[2/2] l-l / ˈɪ-ˈɪ / ç-ç

-------------------

/lˈɪŋ/ - /lˈɪŋ/
[1/1] l-l / ˈɪ-ˈɪ / ŋ-ŋ

-------------------

/mˈan/ - /mˈan/
[1/1] m-m / ˈa-ˈa / n-n

-------------------

/mˈaxt/ - /mˈaxt/
[1/1] m-m / ˈa-ˈa / x-x / t-t

-------------------

/mˈaʊ̯ɾæ/ - /mˈaʊ̯ɾæ/
[1/1] m-m / ˈaʊ̯-ˈaʊ̯ / ɾ-ɾ / æ-æ

-------------------

/mˈiː/ - /mˈiː/
[1/1] m-m / ˈiː-ˈiː

-------------------

/mˈuːl/ - /mˈuːl/
[1/1] m-m / ˈuː-ˈuː / l-l

-------------------

/mˈuːs/ - /mˈuːs/
[1/1] m-m / ˈuː-ˈuː / s-s

-------------------

/mˈɒːn/ - /mˈɒːn/
[1/1] m-m / ˈɒː-ˈɒː / n-n

-------------------

/mˈɒːnd/ - /mˈɒːnd/
[1/1] m-m / ˈɒː-ˈɒː / n-n / d-d

-------------------

/mˈɛlk/ - /mˈɛlk/
[1/1] m-m / ˈɛ-ˈɛ / l-l / k-k

-------------------

/mˈɪnʃ/ - /mˈɪnʃ/
[1/1] m-m / ˈɪ-ˈɪ / n-n / ʃ-ʃ

-------------------

/mˈʊnd/ - /mˈʊnd/
[1/1] m-m / ˈʊ-ˈʊ / n-n / d-d

-------------------

/mˈʊɾæ/ - /mˈʊɾæ/
[1/1] m-m / ˈʊ-ˈʊ / ɾ-ɾ / æ-æ

-------------------

/mˈʏç/ - /mˈʏç/
[1/1] m-m / ˈʏ-ˈʏ / ç-ç

-------------------

/nˈax/ - /nˈax/
[1/1] n-n / ˈa-ˈa / x-x

-------------------

/nˈiːç/ - /nˈiːç/
[1/1] n-n / ˈiː-ˈiː / ç-ç

-------------------

/nˈuːæd/ - /nˈuːæd/
[1/1] n-n / ˈuː-ˈuː / æ-æ / d-d

-------------------

/nˈœːt/ - /nˈœːt/
[1/1] n-n / ˈœː-ˈœː / t-t

-------------------

/nˈɒːdl̩/ - /nˈɒːdl̩/
[1/1] n-n / ˈɒː-ˈɒː / d-d / l-l

-------------------

/nˈɒːkt/ - /nˈɒːkt/
[1/1] n-n / ˈɒː-ˈɒː / k-k / t-t

-------------------

/nˈɒːm/ - /nˈɒːm/
[1/1] n-n / ˈɒː-ˈɒː / m-m

-------------------

/nˈɒːɡl̩/ - /nˈɒːɡl̩/
[1/1] n-n / ˈɒː-ˈɒː / ɡ-ɡ / l-l

-------------------

/nˈɛːs/ - /nˈɛːs/
[1/1] n-n / ˈɛː-ˈɛː / s-s

-------------------

/nˈɛːɣn̩/ - /nˈɛːɣn̩/
[1/1] n-n / ˈɛː-ˈɛː / ɣ-ɣ / n-n

-------------------

/pʰlˈaʊ̯ç/ - /pʰlˈaʊ̯ç/
[1/1] pʰ-pʰ / l-l / ˈaʊ̯-ˈaʊ̯ / ç-ç

-------------------

/rˈaʊ̯k/ - /rˈaʊ̯k/
[1/1] r-r / ˈaʊ̯-ˈaʊ̯ / k-k

-------------------

/rˈaʊ̯t/ - /rˈaʊ̯t/
[1/1] r-r / ˈaʊ̯-ˈaʊ̯ / t-t

-------------------

/rˈiːk/ - /rˈiːk/
[1/1] r-r / ˈiː-ˈiː / k-k

-------------------

/rˈɛçt/ - /rˈɛçt/
[1/1] r-r / ˈɛ-ˈɛ / ç-ç / t-t

-------------------

/rˈɛŋ/ - /rˈɛŋ/
[1/1] r-r / ˈɛ-ˈɛ / ŋ-ŋ

-------------------

/rˈɪŋ/ - /rˈɪŋ/
[1/1] r-r / ˈɪ-ˈɪ / ŋ-ŋ

-------------------

/rˈʏç/ - /rˈʏç/
[1/1] r-r / ˈʏ-ˈʏ / ç-ç

-------------------

/tʰrˈɒːn/ - /tʰrˈɒːn/
[1/1] tʰ-tʰ / r-r / ˈɒː-ˈɒː / n-n

-------------------

/tʰvˈae̯/ - /tʰvˈae̯/
[1/1] tʰ-tʰ / v-v / ˈae̯-ˈae̯

-------------------

/tʰvˈœlf/ - /tʰvˈœlf/
[1/1] tʰ-tʰ / v-v / ˈœ-ˈœ / l-l / f-f

-------------------

/tʰvˈɪntɪç/ - /tʰvˈɪntɪç/
[1/1] tʰ-tʰ / v-v / ˈɪ-ˈɪ / n-n / t-t / ɪ-ɪ / ç-ç

-------------------

/tʰˈae̯kn̩/ - /tʰˈae̯kn̩/
[1/1] tʰ-tʰ / ˈae̯-ˈae̯ / k-k / n-n

-------------------

/tʰˈae̯n/ - /tʰˈae̯n/
[1/1] tʰ-tʰ / ˈae̯-ˈae̯ / n-n

-------------------

/tʰˈeːn/ - /tʰˈeːn/
[1/1] tʰ-tʰ / ˈeː-ˈeː / n-n

-------------------

/tʰˈiːt/ - /tʰˈiːt/
[1/1] tʰ-tʰ / ˈiː-ˈiː / t-t

-------------------

/tʰˈɛːn/ - /tʰˈɛːn/
[1/1] tʰ-tʰ / ˈɛː-ˈɛː / n-n

-------------------

/tʰˈʊŋ/ - /tʰˈʊŋ/
[1/1] tʰ-tʰ / ˈʊ-ˈʊ / ŋ-ŋ

-------------------

/vˈae̯k/ - /vˈae̯k/
[1/1] v-v / ˈae̯-ˈae̯ / k-k

-------------------

/vˈae̯tn̩/ - /vˈae̯tn̩/
[1/1] v-v / ˈae̯-ˈae̯ / t-t / n-n

-------------------

/vˈal/ - /vˈal/
[1/1] v-v / ˈa-ˈa / l-l

-------------------

/vˈat/ - /vˈat/
[1/1] v-v / ˈa-ˈa / t-t

-------------------

/vˈaːm/ - /vˈaːm/
[1/1] v-v / ˈaː-ˈaː / m-m

-------------------

/vˈiː/ - /vˈiː/
[1/1] v-v / ˈiː-ˈiː

-------------------

/vˈiːf/ - /vˈiːf/
[1/1] v-v / ˈiː-ˈiː / f-f

-------------------

/vˈiːn/ - /vˈiːn/
[1/1] v-v / ˈiː-ˈiː / n-n

-------------------

/vˈoːæm/ - /vˈoːæm/
[1/1] v-v / ˈoː-ˈoː / æ-æ / m-m

-------------------

/vˈuːæt/ - /vˈuːæt/
[1/1] v-v / ˈuː-ˈuː / æ-æ / t-t

-------------------

/vˈɒːtæ/ - /vˈɒːtæ/
[1/1] v-v / ˈɒː-ˈɒː / t-t / æ-æ

-------------------

/vˈɛç/ - /vˈɛç/
[1/1] v-v / ˈɛ-ˈɛ / ç-ç

-------------------

/vˈɛːk/ - /vˈɛːk/
[1/1] v-v / ˈɛː-ˈɛː / k-k

-------------------

/vˈɛːɾæ/ - /vˈɛːɾæ/
[1/1] v-v / ˈɛː-ˈɛː / ɾ-ɾ / æ-æ

-------------------

/vˈɪld/ - /vˈɪld/
[1/1] v-v / ˈɪ-ˈɪ / l-l / d-d

-------------------

/vˈɪnd/ - /vˈɪnd/
[1/1] v-v / ˈɪ-ˈɪ / n-n / d-d

-------------------

/vˈɪntæ/ - /vˈɪntæ/
[1/1] v-v / ˈɪ-ˈɪ / n-n / t-t / æ-æ

-------------------

/vˈɪt/ - /vˈɪt/
[1/1] v-v / ˈɪ-ˈɪ / t-t

-------------------

/vˈʊl/ - /vˈʊl/
[1/1] v-v / ˈʊ-ˈʊ / l-l

-------------------

/vˈʊlf/ - /vˈʊlf/
[1/1] v-v / ˈʊ-ˈʊ / l-l / f-f

-------------------

/vˈʊnæ/ - /vˈʊnæ/
[1/1] v-v / ˈʊ-ˈʊ / n-n / æ-æ

-------------------

/vˈʏnʃn̩/ - /vˈʏnʃn̩/
[1/1] v-v / ˈʏ-ˈʏ / n-n / ʃ-ʃ / n-n

-------------------

/zˈae̯n/ - /zˈae̯n/
[1/1] z-z / ˈae̯-ˈae̯ / n-n

-------------------

/zˈand/ - /zˈand/
[1/1] z-z / ˈa-ˈa / n-n / d-d

-------------------

/zˈeː/ - /zˈeː/
[1/1] z-z / ˈeː-ˈeː

-------------------

/zˈeːl/ - /zˈeːl/
[1/1] z-z / ˈeː-ˈeː / l-l

-------------------

/zˈiːt/ - /zˈiːt/
[1/1] z-z / ˈiː-ˈiː / t-t

-------------------

/zˈuːæ/ - /zˈuːæ/
[1/1] z-z / ˈuː-ˈuː / æ-æ

-------------------

/zˈuːɡn̩/ - /zˈuːɡn̩/
[1/1] z-z / ˈuː-ˈuː / ɡ-ɡ / n-n

-------------------

/zˈœs/ - /zˈœs/
[1/1] z-z / ˈœ-ˈœ / s-s

-------------------

/zˈœːm/ - /zˈœːm/
[1/1] z-z / ˈœː-ˈœː / m-m

-------------------

/zˈœːn/ - /zˈœːn/
[1/1] z-z / ˈœː-ˈœː / n-n

-------------------

/zˈœːç/ - /zˈœːç/
[1/1] z-z / ˈœː-ˈœː / ç-ç

-------------------

/zˈɔlt/ - /zˈɔlt/
[1/1] z-z / ˈɔ-ˈɔ / l-l / t-t

-------------------

/zˈɔmæ/ - /zˈɔmæ/
[1/1] z-z / ˈɔ-ˈɔ / m-m / æ-æ

-------------------

/zˈɔʏ̯kn̩/ - /zˈɔʏ̯kn̩/
[1/1] z-z / ˈɔʏ̯-ˈɔʏ̯ / k-k / n-n

-------------------

/zˈɔʏ̯t/ - /zˈɔʏ̯t/
[1/1] z-z / ˈɔʏ̯-ˈɔʏ̯ / t-t

-------------------

/zˈɛŋ/ - /zˈɛŋ/
[1/1] z-z / ˈɛ-ˈɛ / ŋ-ŋ

-------------------

/zˈɪtn̩/ - /zˈɪtn̩/
[1/1] z-z / ˈɪ-ˈɪ / t-t / n-n

-------------------

/zˈɪŋ/ - /zˈɪŋ/
[1/1] z-z / ˈɪ-ˈɪ / ŋ-ŋ

-------------------

/zˈʏlm/ - /zˈʏlm/
[1/1] z-z / ˈʏ-ˈʏ / l-l / m-m

-------------------

/zˈʏstæ/ - /zˈʏstæ/
[1/1] z-z / ˈʏ-ˈʏ / s-s / t-t / æ-æ

-------------------

/ɡrˈaʊ̯t/ - /ɡrˈaʊ̯t/
[1/1] ɡ-ɡ / r-r / ˈaʊ̯-ˈaʊ̯ / t-t

-------------------

/ɡrˈaːs/ - /ɡrˈaːs/
[1/1] ɡ-ɡ / r-r / ˈaː-ˈaː / s-s

-------------------

/ɡrˈɔʏ̯n/ - /ɡrˈɔʏ̯n/
[1/1] ɡ-ɡ / r-r / ˈɔʏ̯-ˈɔʏ̯ / n-n

-------------------

/ɡˈas/ - /ɡˈas/
[1/1] ɡ-ɡ / ˈa-ˈa / s-s

-------------------

/ɡˈaʊ̯s/ - /ɡˈaʊ̯s/
[1/1] ɡ-ɡ / ˈaʊ̯-ˈaʊ̯ / s-s

-------------------

/ɡˈaʊ̯t/ - /ɡˈaʊ̯t/
[1/1] ɡ-ɡ / ˈaʊ̯-ˈaʊ̯ / t-t

-------------------

/ɡˈoːæn/ - /ɡˈoːæn/
[1/1] ɡ-ɡ / ˈoː-ˈoː / æ-æ / n-n

-------------------

/ɡˈɒːn/ - /ɡˈɒːn/
[1/1] ɡ-ɡ / ˈɒː-ˈɒː / n-n

-------------------

/ɡˈɔld/ - /ɡˈɔld/
[1/1] ɡ-ɡ / ˈɔ-ˈɔ / l-l / d-d

-------------------

/ɡˈɔt/ - /ɡˈɔt/
[1/1] ɡ-ɡ / ˈɔ-ˈɔ / t-t

-------------------

/ʃlˈaŋ/ - /ʃlˈaŋ/
[1/1] ʃ-ʃ / l-l / ˈa-ˈa / ŋ-ŋ

-------------------

/ʃlˈɒːbm̩/ - /ʃlˈɒːbm̩/
[1/1] ʃ-ʃ / l-l / ˈɒː-ˈɒː / b-b / m-m

-------------------

/ʃlˈɒːn/ - /ʃlˈɒːn/
[1/1] ʃ-ʃ / l-l / ˈɒː-ˈɒː / n-n

-------------------

/ʃnˈae̯/ - /ʃnˈae̯/
[1/1] ʃ-ʃ / n-n / ˈae̯-ˈae̯

-------------------

/ʃprˈɒːk/ - /ʃprˈɒːk/
[1/1] ʃ-ʃ / p-p / r-r / ˈɒː-ˈɒː / k-k

-------------------

/ʃtˈae̯n/ - /ʃtˈae̯n/
[1/1] ʃ-ʃ / t-t / ˈae̯-ˈae̯ / n-n

-------------------

/ʃtˈaʊ̯l/ - /ʃtˈaʊ̯l/
[1/1] ʃ-ʃ / t-t / ˈaʊ̯-ˈaʊ̯ / l-l

-------------------

/ʃtˈiːæn/ - /ʃtˈiːæn/
[1/1] ʃ-ʃ / t-t / ˈiː-ˈiː / æ-æ / n-n

-------------------

/ʃtˈuːæm/ - /ʃtˈuːæm/
[1/1] ʃ-ʃ / t-t / ˈuː-ˈuː / æ-æ / m-m

-------------------

/ʃwˈae̯t/ - /ʃwˈae̯t/
[1/1] ʃ-ʃ / w-w / ˈae̯-ˈae̯ / t-t

-------------------

/ʃwˈat/ - /ʃwˈat/
[1/1] ʃ-ʃ / w-w / ˈa-ˈa / t-t

-------------------

/ʃwˈiːn/ - /ʃwˈiːn/
[1/1] ʃ-ʃ / w-w / ˈiː-ˈiː / n-n

-------------------

/ʃwˈɛm/ - /ʃwˈɛm/
[1/1] ʃ-ʃ / w-w / ˈɛ-ˈɛ / m-m

-------------------

/ʃˈae̯tn̩/ - /ʃˈae̯tn̩/
[1/1] ʃ-ʃ / ˈae̯-ˈae̯ / t-t / n-n

-------------------

/ʃˈaʊ̯/ - /ʃˈaʊ̯/
[1/1] ʃ-ʃ / ˈaʊ̯-ˈaʊ̯

-------------------

/ʃˈaːp/ - /ʃˈaːp/
[1/1] ʃ-ʃ / ˈaː-ˈaː / p-p

-------------------

/ʃˈiːt/ - /ʃˈiːt/
[1/1] ʃ-ʃ / ˈiː-ˈiː / t-t

-------------------

/ʃˈɒːp/ - /ʃˈɒːp/
[1/1] ʃ-ʃ / ˈɒː-ˈɒː / p-p

-------------------

/ʃˈɔʏ̯n/ - /ʃˈɔʏ̯n/
[1/1] ʃ-ʃ / ˈɔʏ̯-ˈɔʏ̯ / n-n

-------------------

/ʃˈɪld/ - /ʃˈɪld/
[1/1] ʃ-ʃ / ˈɪ-ˈɪ / l-l / d-d

-------------------

/ʃˈɪp/ - /ʃˈɪp/
[1/1] ʃ-ʃ / ˈɪ-ˈɪ / p-p

-------------------

/ˈae̯/ - /ˈae̯/
[1/1] ˈae̯-ˈae̯

-------------------

/ˈae̯k/ - /ˈae̯k/
[1/1] ˈae̯-ˈae̯ / k-k

-------------------

/ˈae̯n/ - /ˈae̯n/
[1/1] ˈae̯-ˈae̯ / n-n

-------------------

/ˈal/ - /ˈal/
[1/1] ˈa-ˈa / l-l

-------------------

/ˈanæ/ - /ˈanæ/
[1/1] ˈa-ˈa / n-n / æ-æ

-------------------

/ˈapl̩/ - /ˈapl̩/
[1/1] ˈa-ˈa / p-p / l-l

-------------------

/ˈaxt/ - /ˈaxt/
[1/1] ˈa-ˈa / x-x / t-t

-------------------

/ˈaʃ/ - /ˈaʃ/
[1/1] ˈa-ˈa / ʃ-ʃ

-------------------

/ˈaʊ̯x/ - /ˈaʊ̯x/
[1/1] ˈaʊ̯-ˈaʊ̯ / x-x

-------------------

/ˈaːm/ - /ˈaːm/
[1/1] ˈaː-ˈaː / m-m

-------------------

/ˈiːs/ - /ˈiːs/
[1/1] ˈiː-ˈiː / s-s

-------------------

/ˈiːæ/ - /ˈiːæ/
[1/1] ˈiː-ˈiː / æ-æ

-------------------

/ˈuːl/ - /ˈuːl/
[1/1] ˈuː-ˈuː / l-l

-------------------

/ˈuːt/ - /ˈuːt/
[1/1] ˈuː-ˈuː / t-t

-------------------

/ˈuːæ/ - /ˈuːæ/
[1/1] ˈuː-ˈuː / æ-æ

-------------------

/ˈœːvæ/ - /ˈœːvæ/
[1/1] ˈœː-ˈœː / v-v / æ-æ

-------------------

/ˈɒːl/ - /ˈɒːl/
[1/1] ˈɒː-ˈɒː / l-l

-------------------

/ˈɒːm/ - /ˈɒːm/
[1/1] ˈɒː-ˈɒː / m-m

-------------------

/ˈɒːp/ - /ˈɒːp/
[1/1] ˈɒː-ˈɒː / p-p

-------------------

/ˈɔlt/ - /ˈɔlt/
[1/1] ˈɔ-ˈɔ / l-l / t-t

-------------------

/ˈɛk/ - /ˈɛk/
[1/1] ˈɛ-ˈɛ / k-k

-------------------

/ˈɛlm/ - /ˈɛlm/
[1/1] ˈɛ-ˈɛ / l-l / m-m

-------------------

/ˈɛːtn̩/ - /ˈɛːtn̩/
[1/1] ˈɛː-ˈɛː / t-t / n-n

-------------------

/ˈɛːæ/ - /ˈɛːæ/
[1/1] ˈɛː-ˈɛː / æ-æ

-------------------

/ˈɪk/ - /ˈɪk/
[1/1] ˈɪ-ˈɪ / k-k

-------------------

/ˈɪm/ - /ˈɪm/
[1/1] ˈɪ-ˈɪ / m-m

-------------------

/ˈɪn/ - /ˈɪn/
[1/1] ˈɪ-ˈɪ / n-n

-------------------

/ˈʊns/ - /ˈʊns/
[1/1] ˈʊ-ˈʊ / n-n / s-s

-------------------

/ˈʊp/ - /ˈʊp/
[1/1] ˈʊ-ˈʊ / p-p

-------------------

/ˈʏnæ/ - /ˈʏnæ/
[1/1] ˈʏ-ˈʏ / n-n / æ-æ

-------------------

