Same meaning pairs: 202
****SAMPLE 1****
Iteration 1
	Qualified: 162
	Disqualified: 162
	Added: 0
	Removed: 0

Final qualifying:
		Bladd /blˈad/ - blêd /blˈɛːt/
		Bluad /blˈuə̯d/ - bloed /blˈuə̯t/
		Bloam /blˈɔə̯m/ - blom /blˈoːm/
		Brod /bʁˈoːd/ - brea /brˈɪə̯/
		Bruadr /bʁˈuə̯dʌ/ - broer /brˈuə̯r/
		Brugg /bʁˈuɡ/ - brêge /brˈɛːɣə/
		Bruschd /bʁˈuʃd/ - boarst /bˈoə̯st/
		Bad /bˈaːd/ - bad /bˈat/
		Boom /bˈoːm/ - beam /bˈɪə̯m/
		beißa /bˈəi̯sa/ - bite /bˈiːtə/
		Bär /bˈɛːʕ/ - bear /bˈɪə̯r/
		bidda /bˈɪda/ - bidde /bˈɪdə/
		Berg /bˈʌɡ/ - berch /bˈɛrχ/
		drei /dʁˈae̯/ - trije /trˈɛjə/
		Draum /dʁˈao̯m/ - dream /drˈɪə̯m/
		Drän /dʁˈɛːn/ - trien /trˈiə̯n/
		dringa /dʁˈɪŋɡa/ - drinke /drˈɪŋkə/
		dausad /dˈao̯sɐd/ - tûzen /tˈuːzən/
		Dag /dˈaːɡ/ - dei /dˈɛi̯/
		Diab /dˈiə̯b/ - tsjeaf /ʦjˈɪə̯f/
		diaf /dˈiə̯f/ - djip /djˈɪp/
		Dier /dˈiːʕ/ - dier /dˈiə̯r/
		Donndr /dˈondʌ/ - tonger /tˈɔŋər/
		Dod /dˈoːd/ - dea /dˈɪə̯/
		deidsch /dˈəi̯dʃ/ - dútsk /dˈyːtsk/
		deier /dˈəi̯ʌ/ - djoer /djˈuə̯r/
		Floisch /flˈɔe̯ʃ/ - flêsk /flˈɛːsk/
		Freind /fʁˈae̯nd/ - freon /frˈøə̯n/
		frisch /fʁˈiʃ/ - farsk /fˈask/
		friera /fʁˈiːʁa/ - frieze /frˈiə̯zə/
		Fengr /fˈeŋʌ/ - finger /fˈɪŋər/
		Fiaß /fˈiə̯s/ - fuotten /fˈɵtən/
		Fisch /fˈiʃ/ - fisk /fˈɪsk/
		vier /fˈiʕ/ - fjouwer /fjˈɔu̯ər/
		fiehla /fˈiːla/ - fiele /fˈiə̯lə/
		voll /fˈol/ - fol /fˈɔl/
		folga /fˈolɡa/ - folgje /fˈɔlɣjə/
		Vogl /fˈoːɡl̩/ - fûgel /fˈuɣəl/
		Fuchs /fˈuks/ - foks /fˈɔks/
		Fuaß /fˈuə̯s/ - foet /fˈuə̯t/
		Feir /fˈəi̯ʌ/ - fjoer /fjˈuə̯r/
		femf /fˈɛmf/ - fiif /fˈiːf/
		Fädr /fˈɛːdʌ/ - fear /fˈɪə̯r/
		heilig /hˈae̯lɪɡ/ - hillich /hˈɪləχ/
		hann /hˈan/ - hawwe /hˈavə/
		Haud /hˈao̯d/ - hûd /hˈuːt/
		Haus /hˈao̯s/ - hûs /hˈuːs/
		hauch /hˈao̯x/ - heech /hˈeːχ/
		Haad /hˈaːd/ - hân /hˈɔːn/
		Has /hˈaːs/ - hazze /hˈazə/
		höra /hˈeːʁa/ - hearre /hˈɪə̯rə/
		Hond /hˈond/ - hûn /hˈuːn/
		Hongr /hˈoŋʌ/ - honger /hˈɔŋər/
		Honig /hˈoːnɪɡ/ - huning /hˈynɪŋ/
		hoim /hˈɔe̯m/ - hiem /hˈiə̯m/
		hoiß /hˈɔe̯s/ - hyt /hˈit/
		Horn /hˈɔʕn/ - hoarn /hˈoə̯n/
		Hoor /hˈɔːʕ/ - hier /hˈiə̯r/
		Henn /hˈɛn/ - hin /hˈɪn/
		jong /jˈoŋ/ - jong /jˈɔŋ/
		Johr /jˈɔːʕ/ - jier /jˈiə̯r/
		kald /kʰˈald/ - kâld /kˈɔːt/
		Keenig /kʰˈeːniɡ/ - kening /kˈeːnɪŋ/
		Käs /kʰˈɛːs/ - tsiis /ʦˈiːs/
		Kirch /kʰˈʌç/ - tsjerke /ʦjˈɛrkə/
		laufa /lˈao̯fa/ - ljeppe /ljˈɛpə/
		Laus /lˈao̯s/ - lus /lˈuːs/
		lang /lˈaŋ/ - lang /lˈaŋ/
		Lichd /lˈiçd/ - ljocht /ljˈɔχt/
		leichd /lˈəi̯çd/ - licht /lˈɪχt/
		Meis /mˈae̯s/ - mûsen /mˈuːsən/
		Maul /mˈao̯l/ - mûle /mˈuːlə/
		Maul /mˈao̯l/ - mûn /mˈuːn/
		Maus /mˈao̯s/ - mûs /mˈuːs/
		mi /mˈi/ - my /mˈi/
		Milch /mˈilç/ - molke /mˈɔlkə/
		mir /mˈiʌ/ - wy /vˈi/
		Mond /mˈond/ - moanne /mˈoə̯nə/
		Muddr /mˈudʌ/ - moer /mˈuə̯r/
		Mugg /mˈuɡ/ - mich /mˈɪχ/
		Mo /mˈɔː/ - man /mˈan/
		nein /nˈae̯n/ - njoggen /njˈɔɣən/
		Nachd /nˈaxd/ - nacht /nˈaχt/
		naggt /nˈaɡt/ - neaken /nˈɪə̯kən/
		Nagl /nˈaːɡl̩/ - neil /nˈɛi̯l/
		Noma /nˈɔːma/ - namme /nˈamə/
		Nos /nˈɔːs/ - noas /nˈoə̯s/
		nei /nˈəi̯/ - nij /nˈɛj/
		Sand /sˈand/ - sân /sˈɔːn/
		saga /sˈaːɡa/ - sizze /sˈɪzə/
		seggs /sˈeɡs/ - seis /sˈɛi̯s/
		seha /sˈeːa/ - sjen /ɕˈeːn/
		Seel /sˈeːl/ - siel /sˈiə̯l/
		siaß /sˈiə̯s/ - swiet /svˈiə̯t/
		sitza /sˈiʦa/ - sitte /sˈɪtə/
		sieba /sˈiːba/ - sân /sˈɔːn/
		Seide /sˈəi̯də/ - side /sˈiːdə/
		singa /sˈɪŋa/ - sjonge /ɕˈɔŋə/
		Gras /ɡʁˈaːs/ - gers /ɡˈɛːs/
		grea /ɡʁˈeə̯/ - grien /ɡrˈiə̯n/
		groß /ɡʁˈoːs/ - grut /ɡrˈuːt/
		Geischd /ɡˈae̯ʃd/ - geast /ɡˈɪə̯st/
		Gaschd /ɡˈaʃd/ - gast /ɡˈast/
		Gaas /ɡˈaːs/ - goes /ɡˈuə̯s/
		geal /ɡˈeə̯l/ - giel /ɡˈiə̯l/
		Gold /ɡˈold/ - goud /ɡˈɔu̯t/
		guad /ɡˈuə̯d/ - goed /ɡˈuə̯t/
		Goiß /ɡˈɔe̯s/ - geit /ɡˈɛi̯t/
		Gott /ɡˈɔt/ - god /ɡˈɔt/
		Rega /ʁˈeːɡa/ - rein /rˈɛi̯n/
		Ross /ʁˈos/ - hoars /hˈoə̯s/
		reich /ʁˈəi̯ç/ - ryk /rˈik/
		rechd /ʁˈɛxd/ - rjocht /rjˈɔχt/
		Schduhl /ʃdˈuːl/ - stoel /stˈuə̯l/
		Schdoi /ʃdˈɔe̯/ - stien /stˈiə̯n/
		Schdärn /ʃdˈɛʕn/ - stjer /stjˈɛr/
		Schlang /ʃlˈaŋ/ - slang /slˈaŋ/
		schlaga /ʃlˈaːɡa/ - slaan /slˈaːn/
		schlofa /ʃlˈɔːfa/ - sliepe /slˈiə̯pə/
		schwemma /ʃʋˈema/ - swimme /svˈɪmə/
		Schweschdr /ʃʋˈɛʃdʌ/ - suster /sˈøstər/
		Schwerd /ʃʋˈɛʕd/ - swurd /svˈøt/
		scharf /ʃˈaʕf/ - skerp /skˈɛrp/
		schee /ʃˈeː/ - skjin /skjˈɪn/
		Schiff /ʃˈif/ - skip /skˈɪp/
		Schof /ʃˈoːf/ - skiep /skˈiə̯p/
		Scheiß /ʃˈəi̯s/ - skyt /skˈit/
		was /ʋˈas/ - wat /vˈat/
		Wassr /ʋˈasʌ/ - wetter /ʋˈɛtər/
		Weed /ʋˈeːd/ - wyn /ʋˈin/
		wissa /ʋˈisa/ - witte /ʋˈɪtə/
		Wolle /ʋˈole/ - wolle /ʋˈɔlə/
		Wolf /ʋˈolf/ - wolf /ʋˈɔlf/
		Wort /ʋˈoʕt/ - oer /ˈuə̯r/
		weiß /ʋˈəi̯s/ - wyt /vˈit/
		Weddr /ʋˈɛdʌ/ - waar /ʋˈaːr/
		Wäg /ʋˈɛːɡ/ - wei /ʋˈɛi̯/
		winscha /ʋˈɪnʃa/ - winskje /ʋˈɪnskjə/
		zwanzg /ʦʋˈanʦɡ/ - tweintich /tvˈɛi̯ntəχ/
		zwelf /ʦʋˈelf/ - tolve /tˈɔlvə/
		zwoi /ʦʋˈɔe̯/ - twa /tvˈaː/
		zeah /ʦˈeə̯/ - tsien /ʦˈiə̯n/
		Zong /ʦˈoŋ/ - tûnge /tˈuŋə/
		Zeid /ʦˈəi̯d/ - tiid /tˈiːt/
		Abfl /ˈab̥͡fl̩/ - apel /ˈaːpəl/
		Aff /ˈaf/ - aap /ˈaːp/
		andr /ˈandʌ/ - oar /ˈoə̯r/
		aus /ˈao̯s/ - út /ˈyːt/
		Aug /ˈao̯ɡ/ - each /ˈɪə̯χ/
		achd /ˈaxd/ - acht /ˈaχt/
		en /ˈen/ - yn /ˈin/
		i /ˈi/ - ik /ˈɪk/
		ons /ˈons/ - ús /ˈyːs/
		Ofa /ˈoːfa/ - un /ˈuːn/
		Ohr /ˈoːʕ/ - ear /ˈɪə̯r/
		Oich /ˈɔe̯ç/ - iik /ˈiːk/
		Eis /ˈəi̯s/ - iis /ˈiːs/
		älle /ˈɛle/ - al /ˈal/
		älf /ˈɛlf/ - alve /ˈalvə/
		essa /ˈɛsa/ - ite /ˈitə/
		Egg /ˈɛɡ/ - igge /ˈɪɣə/
		Ärde /ˈɛʕde/ - ierde /ˈiə̯də/

Final disqualified:


-------------------

****SAMPLE 2****
Iteration 1
	Qualified: 155
	Disqualified: 169
	Added: 0
	Removed: 7
		ois /ˈɔe̯s/ - ien /ˈiə̯n/
		andr /ˈandʌ/ - oar /ˈoə̯r/
		iber /ˈibʌ/ - oer /ˈuə̯r/
		Dag /dˈaːɡ/ - dei /dˈɛi̯/
		schee /ʃˈeː/ - skjin /skjˈɪn/
		Imm /ˈim/ - bij /bˈɛj/
		Egg /ˈɛɡ/ - igge /ˈɪɣə/

Iteration 2
	Qualified: 156
	Disqualified: 168
	Added: 1
		Dag /dˈaːɡ/ - dei /dˈɛi̯/
	Removed: 0

Iteration 3
	Qualified: 157
	Disqualified: 167
	Added: 1
		Egg /ˈɛɡ/ - igge /ˈɪɣə/
	Removed: 0

Iteration 4
	Qualified: 156
	Disqualified: 168
	Added: 0
	Removed: 1
		Dag /dˈaːɡ/ - dei /dˈɛi̯/

Iteration 5
	Qualified: 157
	Disqualified: 167
	Added: 1
		Dag /dˈaːɡ/ - dei /dˈɛi̯/
	Removed: 0

Final qualifying:
		Bladd /blˈad/ - blêd /blˈɛːt/
		Bluad /blˈuə̯d/ - bloed /blˈuə̯t/
		Bloam /blˈɔə̯m/ - blom /blˈoːm/
		Brod /bʁˈoːd/ - brea /brˈɪə̯/
		Bruadr /bʁˈuə̯dʌ/ - broer /brˈuə̯r/
		Brugg /bʁˈuɡ/ - brêge /brˈɛːɣə/
		Bruschd /bʁˈuʃd/ - boarst /bˈoə̯st/
		Bad /bˈaːd/ - bad /bˈat/
		Boom /bˈoːm/ - beam /bˈɪə̯m/
		Buach /bˈuə̯x/ - boek /bˈuə̯k/
		Boi /bˈɔe̯/ - bien /bˈiə̯n/
		beißa /bˈəi̯sa/ - bite /bˈiːtə/
		Bär /bˈɛːʕ/ - bear /bˈɪə̯r/
		bidda /bˈɪda/ - bidde /bˈɪdə/
		Berg /bˈʌɡ/ - berch /bˈɛrχ/
		Draum /dʁˈao̯m/ - dream /drˈɪə̯m/
		drogga /dʁˈɔɡa/ - drûch /drˈuːχ/
		dringa /dʁˈɪŋɡa/ - drinke /drˈɪŋkə/
		dausad /dˈao̯sɐd/ - tûzen /tˈuːzən/
		danga /dˈaŋɡa/ - tankje /tˈankjə/
		Dag /dˈaːɡ/ - dei /dˈɛi̯/
		diaf /dˈiə̯f/ - djip /djˈɪp/
		Donndr /dˈondʌ/ - tonger /tˈɔŋər/
		du /dˈuː/ - do /dˈoː/
		Dochdr /dˈɔxdʌ/ - dochter /dˈɔχtər/
		Dorn /dˈɔʕn/ - toarn /tˈoə̯n/
		deidsch /dˈəi̯dʃ/ - dútsk /dˈyːtsk/
		Floisch /flˈɔe̯ʃ/ - flêsk /flˈɛːsk/
		Freind /fʁˈae̯nd/ - freon /frˈøə̯n/
		frisch /fʁˈiʃ/ - farsk /fˈask/
		friera /fʁˈiːʁa/ - frieze /frˈiə̯zə/
		Vaddr /fˈadʌ/ - fader /fˈaːdər/
		Fengr /fˈeŋʌ/ - finger /fˈɪŋər/
		Fiaß /fˈiə̯s/ - fuotten /fˈɵtən/
		Fisch /fˈiʃ/ - fisk /fˈɪsk/
		vier /fˈiʕ/ - fjouwer /fjˈɔu̯ər/
		fiehla /fˈiːla/ - fiele /fˈiə̯lə/
		voll /fˈol/ - fol /fˈɔl/
		Fuchs /fˈuks/ - foks /fˈɔks/
		Fuaß /fˈuə̯s/ - foet /fˈuə̯t/
		Feir /fˈəi̯ʌ/ - fjoer /fjˈuə̯r/
		Fädr /fˈɛːdʌ/ - fear /fˈɪə̯r/
		hann /hˈan/ - hawwe /hˈavə/
		Haus /hˈao̯s/ - hûs /hˈuːs/
		hauch /hˈao̯x/ - heech /hˈeːχ/
		Haad /hˈaːd/ - hân /hˈɔːn/
		Has /hˈaːs/ - hazze /hˈazə/
		Herz /hˈeʕʦ/ - hert /hˈɛːt/
		höra /hˈeːʁa/ - hearre /hˈɪə̯rə/
		Hond /hˈond/ - hûn /hˈuːn/
		Hongr /hˈoŋʌ/ - honger /hˈɔŋər/
		Honig /hˈoːnɪɡ/ - huning /hˈynɪŋ/
		hoiß /hˈɔe̯s/ - hyt /hˈit/
		Horn /hˈɔʕn/ - hoarn /hˈoə̯n/
		Henn /hˈɛn/ - hin /hˈɪn/
		Johr /jˈɔːʕ/ - jier /jˈiə̯r/
		Kalb /kʰˈalb/ - keal /kˈɪə̯l/
		Keenig /kʰˈeːniɡ/ - kening /kˈeːnɪŋ/
		Kuah /kʰˈuə̯/ - ko /kˈoː/
		Käs /kʰˈɛːs/ - tsiis /ʦˈiːs/
		Land /lˈand/ - lân /lˈɔːn/
		Lichd /lˈiçd/ - ljocht /ljˈɔχt/
		leichd /lˈəi̯çd/ - licht /lˈɪχt/
		Läbr /lˈɛːbʌ/ - lever /lˈeːvər/
		Meis /mˈae̯s/ - mûsen /mˈuːsən/
		Maul /mˈao̯l/ - mûle /mˈuːlə/
		Maul /mˈao̯l/ - mûn /mˈuːn/
		Maus /mˈao̯s/ - mûs /mˈuːs/
		mi /mˈi/ - my /mˈi/
		Milch /mˈilç/ - molke /mˈɔlkə/
		mir /mˈiʌ/ - wy /vˈi/
		Mond /mˈond/ - moanne /mˈoə̯nə/
		Muddr /mˈudʌ/ - moer /mˈuə̯r/
		Mugg /mˈuɡ/ - mich /mˈɪχ/
		Mo /mˈɔː/ - man /mˈan/
		nein /nˈae̯n/ - njoggen /njˈɔɣən/
		Nachd /nˈaxd/ - nacht /nˈaχt/
		Nagl /nˈaːɡl̩/ - neil /nˈɛi̯l/
		Nodl /nˈɔːdl̩/ - nulle /nˈølə/
		Noma /nˈɔːma/ - namme /nˈamə/
		Nos /nˈɔːs/ - noas /nˈoə̯s/
		nei /nˈəi̯/ - nij /nˈɛj/
		Salz /sˈalʦ/ - sâlt /sˈɔːt/
		Sand /sˈand/ - sân /sˈɔːn/
		saga /sˈaːɡa/ - sizze /sˈɪzə/
		seggs /sˈeɡs/ - seis /sˈɛi̯s/
		seha /sˈeːa/ - sjen /ɕˈeːn/
		Seel /sˈeːl/ - siel /sˈiə̯l/
		siaß /sˈiə̯s/ - swiet /svˈiə̯t/
		sitza /sˈiʦa/ - sitte /sˈɪtə/
		sieba /sˈiːba/ - sân /sˈɔːn/
		Soh /sˈoː/ - soan /sˈoə̯n/
		Seide /sˈəi̯də/ - side /sˈiːdə/
		grea /ɡʁˈeə̯/ - grien /ɡrˈiə̯n/
		groß /ɡʁˈoːs/ - grut /ɡrˈuːt/
		Geischd /ɡˈae̯ʃd/ - geast /ɡˈɪə̯st/
		Gaschd /ɡˈaʃd/ - gast /ɡˈast/
		Gaas /ɡˈaːs/ - goes /ɡˈuə̯s/
		geal /ɡˈeə̯l/ - giel /ɡˈiə̯l/
		Gold /ɡˈold/ - goud /ɡˈɔu̯t/
		Goiß /ɡˈɔe̯s/ - geit /ɡˈɛi̯t/
		Gott /ɡˈɔt/ - god /ɡˈɔt/
		Rega /ʁˈeːɡa/ - rein /rˈɛi̯n/
		Ross /ʁˈos/ - hoars /hˈoə̯s/
		rod /ʁˈoːd/ - read /rˈɪə̯t/
		reich /ʁˈəi̯ç/ - ryk /rˈik/
		Schbroch /ʃb̥ʁˈɔːx/ - sprake /sprˈaːkə/
		Schduhl /ʃdˈuːl/ - stoel /stˈuə̯l/
		Schdärn /ʃdˈɛʕn/ - stjer /stjˈɛr/
		Schlang /ʃlˈaŋ/ - slang /slˈaŋ/
		schlaga /ʃlˈaːɡa/ - slaan /slˈaːn/
		Schnee /ʃnˈeː/ - snie /snˈiə̯/
		schwarz /ʃʋˈaʕʦ/ - swart /svˈat/
		schwemma /ʃʋˈema/ - swimme /svˈɪmə/
		Schweschdr /ʃʋˈɛʃdʌ/ - suster /sˈøstər/
		Schwerd /ʃʋˈɛʕd/ - swurd /svˈøt/
		scharf /ʃˈaʕf/ - skerp /skˈɛrp/
		Schiff /ʃˈif/ - skip /skˈɪp/
		Schof /ʃˈoːf/ - skiep /skˈiə̯p/
		Scheiß /ʃˈəi̯s/ - skyt /skˈit/
		was /ʋˈas/ - wat /vˈat/
		Wassr /ʋˈasʌ/ - wetter /ʋˈɛtər/
		warm /ʋˈaʕm/ - waarm /ʋˈaːrm/
		Weed /ʋˈeːd/ - wyn /ʋˈin/
		wissa /ʋˈisa/ - witte /ʋˈɪtə/
		Wolle /ʋˈole/ - wolle /ʋˈɔlə/
		Wort /ʋˈoʕt/ - oer /ˈuə̯r/
		Weib /ʋˈəi̯b/ - wiif /ʋˈiːf/
		Weddr /ʋˈɛdʌ/ - waar /ʋˈaːr/
		Wäg /ʋˈɛːɡ/ - wei /ʋˈɛi̯/
		winscha /ʋˈɪnʃa/ - winskje /ʋˈɪnskjə/
		zwanzg /ʦʋˈanʦɡ/ - tweintich /tvˈɛi̯ntəχ/
		zwelf /ʦʋˈelf/ - tolve /tˈɔlvə/
		zwoi /ʦʋˈɔe̯/ - twa /tvˈaː/
		Zah /ʦˈaː/ - tine /tˈiːnə/
		zeah /ʦˈeə̯/ - tsien /ʦˈiə̯n/
		Zong /ʦˈoŋ/ - tûnge /tˈuŋə/
		Zeid /ʦˈəi̯d/ - tiid /tˈiːt/
		Abfl /ˈab̥͡fl̩/ - apel /ˈaːpəl/
		Eil /ˈae̯l/ - ûle /ˈuːlə/
		Aff /ˈaf/ - aap /ˈaːp/
		ald /ˈald/ - âld /ˈɔːt/
		Aug /ˈao̯ɡ/ - each /ˈɪə̯χ/
		achd /ˈaxd/ - acht /ˈaχt/
		Arm /ˈaʕm/ - earm /ˈɪə̯rm/
		en /ˈen/ - yn /ˈin/
		i /ˈi/ - ik /ˈɪk/
		ons /ˈons/ - ús /ˈyːs/
		Ofa /ˈoːfa/ - un /ˈuːn/
		Ohr /ˈoːʕ/ - ear /ˈɪə̯r/
		Oi /ˈɔe̯/ - aai /ˈaːj/
		Oich /ˈɔe̯ç/ - iik /ˈiːk/
		älle /ˈɛle/ - al /ˈal/
		älf /ˈɛlf/ - alve /ˈalvə/
		essa /ˈɛsa/ - ite /ˈitə/
		Egg /ˈɛɡ/ - igge /ˈɪɣə/
		Ärde /ˈɛʕde/ - ierde /ˈiə̯də/

Final disqualified:
		schee /ʃˈeː/ - skjin /skjˈɪn/
		andr /ˈandʌ/ - oar /ˈoə̯r/
		iber /ˈibʌ/ - oer /ˈuə̯r/
		Imm /ˈim/ - bij /bˈɛj/
		ois /ˈɔe̯s/ - ien /ˈiə̯n/


-------------------

****SAMPLE 3****
Iteration 1
	Qualified: 159
	Disqualified: 165
	Added: 0
	Removed: 3
		Ofa /ˈoːfa/ - un /ˈuːn/
		Imm /ˈim/ - bij /bˈɛj/
		ois /ˈɔe̯s/ - ien /ˈiə̯n/

Iteration 2
	Qualified: 154
	Disqualified: 170
	Added: 0
	Removed: 5
		gäba /ɡˈɛːba/ - jaan /jˈaːn/
		andr /ˈandʌ/ - oar /ˈoə̯r/
		Äsch /ˈɛʃ/ - jiske /jˈɪskə/
		Dag /dˈaːɡ/ - dei /dˈɛi̯/
		schee /ʃˈeː/ - skjin /skjˈɪn/

Iteration 3
	Qualified: 156
	Disqualified: 168
	Added: 2
		Äsch /ˈɛʃ/ - jiske /jˈɪskə/
		Dag /dˈaːɡ/ - dei /dˈɛi̯/
	Removed: 0

Iteration 4
	Qualified: 155
	Disqualified: 169
	Added: 0
	Removed: 1
		Äsch /ˈɛʃ/ - jiske /jˈɪskə/

Iteration 5
	Qualified: 158
	Disqualified: 166
	Added: 3
		Äsch /ˈɛʃ/ - jiske /jˈɪskə/
		ois /ˈɔe̯s/ - ien /ˈiə̯n/
		andr /ˈandʌ/ - oar /ˈoə̯r/
	Removed: 0

Iteration 6
	Qualified: 156
	Disqualified: 168
	Added: 0
	Removed: 2
		ois /ˈɔe̯s/ - ien /ˈiə̯n/
		andr /ˈandʌ/ - oar /ˈoə̯r/

Final qualifying:
		Bladd /blˈad/ - blêd /blˈɛːt/
		Bluad /blˈuə̯d/ - bloed /blˈuə̯t/
		Bloam /blˈɔə̯m/ - blom /blˈoːm/
		Brod /bʁˈoːd/ - brea /brˈɪə̯/
		Bruadr /bʁˈuə̯dʌ/ - broer /brˈuə̯r/
		Brugg /bʁˈuɡ/ - brêge /brˈɛːɣə/
		Bad /bˈaːd/ - bad /bˈat/
		Boom /bˈoːm/ - beam /bˈɪə̯m/
		Buach /bˈuə̯x/ - boek /bˈuə̯k/
		Boi /bˈɔe̯/ - bien /bˈiə̯n/
		beißa /bˈəi̯sa/ - bite /bˈiːtə/
		Bär /bˈɛːʕ/ - bear /bˈɪə̯r/
		Berg /bˈʌɡ/ - berch /bˈɛrχ/
		drei /dʁˈae̯/ - trije /trˈɛjə/
		Draum /dʁˈao̯m/ - dream /drˈɪə̯m/
		dreiba /dʁˈəi̯ba/ - driuwe /drjˈuːvə/
		Drän /dʁˈɛːn/ - trien /trˈiə̯n/
		dringa /dʁˈɪŋɡa/ - drinke /drˈɪŋkə/
		dausad /dˈao̯sɐd/ - tûzen /tˈuːzən/
		Dag /dˈaːɡ/ - dei /dˈɛi̯/
		Diab /dˈiə̯b/ - tsjeaf /ʦjˈɪə̯f/
		diaf /dˈiə̯f/ - djip /djˈɪp/
		Donndr /dˈondʌ/ - tonger /tˈɔŋər/
		Dod /dˈoːd/ - dea /dˈɪə̯/
		du /dˈuː/ - do /dˈoː/
		Dorn /dˈɔʕn/ - toarn /tˈoə̯n/
		deidsch /dˈəi̯dʃ/ - dútsk /dˈyːtsk/
		deier /dˈəi̯ʌ/ - djoer /djˈuə̯r/
		Floisch /flˈɔe̯ʃ/ - flêsk /flˈɛːsk/
		Freind /fʁˈae̯nd/ - freon /frˈøə̯n/
		frisch /fʁˈiʃ/ - farsk /fˈask/
		friera /fʁˈiːʁa/ - frieze /frˈiə̯zə/
		Vaddr /fˈadʌ/ - fader /fˈaːdər/
		Fengr /fˈeŋʌ/ - finger /fˈɪŋər/
		Fiaß /fˈiə̯s/ - fuotten /fˈɵtən/
		Fisch /fˈiʃ/ - fisk /fˈɪsk/
		fiehla /fˈiːla/ - fiele /fˈiə̯lə/
		voll /fˈol/ - fol /fˈɔl/
		folga /fˈolɡa/ - folgje /fˈɔlɣjə/
		Vogl /fˈoːɡl̩/ - fûgel /fˈuɣəl/
		Fuchs /fˈuks/ - foks /fˈɔks/
		Fuaß /fˈuə̯s/ - foet /fˈuə̯t/
		Feir /fˈəi̯ʌ/ - fjoer /fjˈuə̯r/
		femf /fˈɛmf/ - fiif /fˈiːf/
		Fädr /fˈɛːdʌ/ - fear /fˈɪə̯r/
		heilig /hˈae̯lɪɡ/ - hillich /hˈɪləχ/
		Haud /hˈao̯d/ - hûd /hˈuːt/
		Haus /hˈao̯s/ - hûs /hˈuːs/
		hauch /hˈao̯x/ - heech /hˈeːχ/
		Herz /hˈeʕʦ/ - hert /hˈɛːt/
		höra /hˈeːʁa/ - hearre /hˈɪə̯rə/
		Hond /hˈond/ - hûn /hˈuːn/
		Hongr /hˈoŋʌ/ - honger /hˈɔŋər/
		Honig /hˈoːnɪɡ/ - huning /hˈynɪŋ/
		hoim /hˈɔe̯m/ - hiem /hˈiə̯m/
		hoiß /hˈɔe̯s/ - hyt /hˈit/
		Horn /hˈɔʕn/ - hoarn /hˈoə̯n/
		Hoor /hˈɔːʕ/ - hier /hˈiə̯r/
		Henn /hˈɛn/ - hin /hˈɪn/
		Johr /jˈɔːʕ/ - jier /jˈiə̯r/
		Kalb /kʰˈalb/ - keal /kˈɪə̯l/
		kald /kʰˈald/ - kâld /kˈɔːt/
		Keenig /kʰˈeːniɡ/ - kening /kˈeːnɪŋ/
		Kopf /kʰˈɔp͡f/ - haad /hˈaːt/
		Käs /kʰˈɛːs/ - tsiis /ʦˈiːs/
		Land /lˈand/ - lân /lˈɔːn/
		laufa /lˈao̯fa/ - ljeppe /ljˈɛpə/
		lang /lˈaŋ/ - lang /lˈaŋ/
		Lichd /lˈiçd/ - ljocht /ljˈɔχt/
		leichd /lˈəi̯çd/ - licht /lˈɪχt/
		Läbr /lˈɛːbʌ/ - lever /lˈeːvər/
		Maul /mˈao̯l/ - mûle /mˈuːlə/
		Maus /mˈao̯s/ - mûs /mˈuːs/
		mi /mˈi/ - my /mˈi/
		Milch /mˈilç/ - molke /mˈɔlkə/
		Mond /mˈond/ - moanne /mˈoə̯nə/
		Muddr /mˈudʌ/ - moer /mˈuə̯r/
		Mugg /mˈuɡ/ - mich /mˈɪχ/
		Mo /mˈɔː/ - man /mˈan/
		nein /nˈae̯n/ - njoggen /njˈɔɣən/
		Nachd /nˈaxd/ - nacht /nˈaχt/
		Nagl /nˈaːɡl̩/ - neil /nˈɛi̯l/
		Nodl /nˈɔːdl̩/ - nulle /nˈølə/
		Nos /nˈɔːs/ - noas /nˈoə̯s/
		nei /nˈəi̯/ - nij /nˈɛj/
		Salz /sˈalʦ/ - sâlt /sˈɔːt/
		Sand /sˈand/ - sân /sˈɔːn/
		saga /sˈaːɡa/ - sizze /sˈɪzə/
		seggs /sˈeɡs/ - seis /sˈɛi̯s/
		seha /sˈeːa/ - sjen /ɕˈeːn/
		Seel /sˈeːl/ - siel /sˈiə̯l/
		sitza /sˈiʦa/ - sitte /sˈɪtə/
		sieba /sˈiːba/ - sân /sˈɔːn/
		Soh /sˈoː/ - soan /sˈoə̯n/
		singa /sˈɪŋa/ - sjonge /ɕˈɔŋə/
		Gras /ɡʁˈaːs/ - gers /ɡˈɛːs/
		grea /ɡʁˈeə̯/ - grien /ɡrˈiə̯n/
		groß /ɡʁˈoːs/ - grut /ɡrˈuːt/
		Gaas /ɡˈaːs/ - goes /ɡˈuə̯s/
		geal /ɡˈeə̯l/ - giel /ɡˈiə̯l/
		Gold /ɡˈold/ - goud /ɡˈɔu̯t/
		guad /ɡˈuə̯d/ - goed /ɡˈuə̯t/
		Goiß /ɡˈɔe̯s/ - geit /ɡˈɛi̯t/
		Reng /ʁˈeŋ/ - ring /rˈɪŋ/
		Rega /ʁˈeːɡa/ - rein /rˈɛi̯n/
		Ross /ʁˈos/ - hoars /hˈoə̯s/
		rod /ʁˈoːd/ - read /rˈɪə̯t/
		reich /ʁˈəi̯ç/ - ryk /rˈik/
		rechd /ʁˈɛxd/ - rjocht /rjˈɔχt/
		Schbroch /ʃb̥ʁˈɔːx/ - sprake /sprˈaːkə/
		Schduhl /ʃdˈuːl/ - stoel /stˈuə̯l/
		Schdoi /ʃdˈɔe̯/ - stien /stˈiə̯n/
		Schlang /ʃlˈaŋ/ - slang /slˈaŋ/
		schlaga /ʃlˈaːɡa/ - slaan /slˈaːn/
		Schnee /ʃnˈeː/ - snie /snˈiə̯/
		schwarz /ʃʋˈaʕʦ/ - swart /svˈat/
		schwemma /ʃʋˈema/ - swimme /svˈɪmə/
		Schweschdr /ʃʋˈɛʃdʌ/ - suster /sˈøstər/
		Schwerd /ʃʋˈɛʕd/ - swurd /svˈøt/
		scharf /ʃˈaʕf/ - skerp /skˈɛrp/
		Schiff /ʃˈif/ - skip /skˈɪp/
		Schof /ʃˈoːf/ - skiep /skˈiə̯p/
		Scheiß /ʃˈəi̯s/ - skyt /skˈit/
		was /ʋˈas/ - wat /vˈat/
		warm /ʋˈaʕm/ - waarm /ʋˈaːrm/
		Weed /ʋˈeːd/ - wyn /ʋˈin/
		wissa /ʋˈisa/ - witte /ʋˈɪtə/
		Wolle /ʋˈole/ - wolle /ʋˈɔlə/
		Wolf /ʋˈolf/ - wolf /ʋˈɔlf/
		Wort /ʋˈoʕt/ - oer /ˈuə̯r/
		Weib /ʋˈəi̯b/ - wiif /ʋˈiːf/
		weiß /ʋˈəi̯s/ - wyt /vˈit/
		Weddr /ʋˈɛdʌ/ - waar /ʋˈaːr/
		zwanzg /ʦʋˈanʦɡ/ - tweintich /tvˈɛi̯ntəχ/
		zwelf /ʦʋˈelf/ - tolve /tˈɔlvə/
		zwoi /ʦʋˈɔe̯/ - twa /tvˈaː/
		Zah /ʦˈaː/ - tine /tˈiːnə/
		zeah /ʦˈeə̯/ - tsien /ʦˈiə̯n/
		Zong /ʦˈoŋ/ - tûnge /tˈuŋə/
		Zeid /ʦˈəi̯d/ - tiid /tˈiːt/
		Abfl /ˈab̥͡fl̩/ - apel /ˈaːpəl/
		Eil /ˈae̯l/ - ûle /ˈuːlə/
		Aff /ˈaf/ - aap /ˈaːp/
		ald /ˈald/ - âld /ˈɔːt/
		achd /ˈaxd/ - acht /ˈaχt/
		Arm /ˈaʕm/ - earm /ˈɪə̯rm/
		en /ˈen/ - yn /ˈin/
		i /ˈi/ - ik /ˈɪk/
		ons /ˈons/ - ús /ˈyːs/
		Ohr /ˈoːʕ/ - ear /ˈɪə̯r/
		Oi /ˈɔe̯/ - aai /ˈaːj/
		Eis /ˈəi̯s/ - iis /ˈiːs/
		älle /ˈɛle/ - al /ˈal/
		essa /ˈɛsa/ - ite /ˈitə/
		Äsch /ˈɛʃ/ - jiske /jˈɪskə/
		Ärde /ˈɛʕde/ - ierde /ˈiə̯də/

Final disqualified:
		gäba /ɡˈɛːba/ - jaan /jˈaːn/
		schee /ʃˈeː/ - skjin /skjˈɪn/
		andr /ˈandʌ/ - oar /ˈoə̯r/
		Imm /ˈim/ - bij /bˈɛj/
		Ofa /ˈoːfa/ - un /ˈuːn/
		ois /ˈɔe̯s/ - ien /ˈiə̯n/


-------------------

****SAMPLE 4****
Iteration 1
	Qualified: 158
	Disqualified: 166
	Added: 0
	Removed: 4
		Imm /ˈim/ - bij /bˈɛj/
		ois /ˈɔe̯s/ - ien /ˈiə̯n/
		Dag /dˈaːɡ/ - dei /dˈɛi̯/
		gäba /ɡˈɛːba/ - jaan /jˈaːn/

Iteration 2
	Qualified: 156
	Disqualified: 168
	Added: 1
		Dag /dˈaːɡ/ - dei /dˈɛi̯/
	Removed: 3
		schee /ʃˈeː/ - skjin /skjˈɪn/
		Ofa /ˈoːfa/ - un /ˈuːn/
		andr /ˈandʌ/ - oar /ˈoə̯r/

Iteration 3
	Qualified: 157
	Disqualified: 167
	Added: 1
		andr /ˈandʌ/ - oar /ˈoə̯r/
	Removed: 0

Iteration 4
	Qualified: 156
	Disqualified: 168
	Added: 0
	Removed: 1
		andr /ˈandʌ/ - oar /ˈoə̯r/

Final qualifying:
		Bluad /blˈuə̯d/ - bloed /blˈuə̯t/
		Bloam /blˈɔə̯m/ - blom /blˈoːm/
		Brod /bʁˈoːd/ - brea /brˈɪə̯/
		Brugg /bʁˈuɡ/ - brêge /brˈɛːɣə/
		Bruschd /bʁˈuʃd/ - boarst /bˈoə̯st/
		Bad /bˈaːd/ - bad /bˈat/
		Buach /bˈuə̯x/ - boek /bˈuə̯k/
		Boi /bˈɔe̯/ - bien /bˈiə̯n/
		beißa /bˈəi̯sa/ - bite /bˈiːtə/
		bessr /bˈɛsʌ/ - better /bˈɛtər/
		Bär /bˈɛːʕ/ - bear /bˈɪə̯r/
		Berg /bˈʌɡ/ - berch /bˈɛrχ/
		Draum /dʁˈao̯m/ - dream /drˈɪə̯m/
		dreiba /dʁˈəi̯ba/ - driuwe /drjˈuːvə/
		Drän /dʁˈɛːn/ - trien /trˈiə̯n/
		dringa /dʁˈɪŋɡa/ - drinke /drˈɪŋkə/
		dausad /dˈao̯sɐd/ - tûzen /tˈuːzən/
		danga /dˈaŋɡa/ - tankje /tˈankjə/
		Dag /dˈaːɡ/ - dei /dˈɛi̯/
		Diab /dˈiə̯b/ - tsjeaf /ʦjˈɪə̯f/
		diaf /dˈiə̯f/ - djip /djˈɪp/
		digg /dˈiɡ/ - tsjok /ʦjˈɔk/
		Donndr /dˈondʌ/ - tonger /tˈɔŋər/
		Dod /dˈoːd/ - dea /dˈɪə̯/
		du /dˈuː/ - do /dˈoː/
		Dochdr /dˈɔxdʌ/ - dochter /dˈɔχtər/
		deidsch /dˈəi̯dʃ/ - dútsk /dˈyːtsk/
		deier /dˈəi̯ʌ/ - djoer /djˈuə̯r/
		fliaga /flˈiə̯ɡa/ - fleane /flˈɪə̯nə/
		Floisch /flˈɔe̯ʃ/ - flêsk /flˈɛːsk/
		Freind /fʁˈae̯nd/ - freon /frˈøə̯n/
		frisch /fʁˈiʃ/ - farsk /fˈask/
		Vaddr /fˈadʌ/ - fader /fˈaːdər/
		Fengr /fˈeŋʌ/ - finger /fˈɪŋər/
		Fiaß /fˈiə̯s/ - fuotten /fˈɵtən/
		Fisch /fˈiʃ/ - fisk /fˈɪsk/
		vier /fˈiʕ/ - fjouwer /fjˈɔu̯ər/
		fiehla /fˈiːla/ - fiele /fˈiə̯lə/
		voll /fˈol/ - fol /fˈɔl/
		folga /fˈolɡa/ - folgje /fˈɔlɣjə/
		Vogl /fˈoːɡl̩/ - fûgel /fˈuɣəl/
		Fuchs /fˈuks/ - foks /fˈɔks/
		Fuaß /fˈuə̯s/ - foet /fˈuə̯t/
		Feir /fˈəi̯ʌ/ - fjoer /fjˈuə̯r/
		femf /fˈɛmf/ - fiif /fˈiːf/
		Fädr /fˈɛːdʌ/ - fear /fˈɪə̯r/
		heilig /hˈae̯lɪɡ/ - hillich /hˈɪləχ/
		hann /hˈan/ - hawwe /hˈavə/
		Haubd /hˈao̯bd/ - haad /hˈaːt/
		Haud /hˈao̯d/ - hûd /hˈuːt/
		Haus /hˈao̯s/ - hûs /hˈuːs/
		hauch /hˈao̯x/ - heech /hˈeːχ/
		Haad /hˈaːd/ - hân /hˈɔːn/
		Has /hˈaːs/ - hazze /hˈazə/
		Herz /hˈeʕʦ/ - hert /hˈɛːt/
		Hond /hˈond/ - hûn /hˈuːn/
		Hongr /hˈoŋʌ/ - honger /hˈɔŋər/
		Honig /hˈoːnɪɡ/ - hunich /hˈynəχ/
		hoim /hˈɔe̯m/ - hiem /hˈiə̯m/
		hoiß /hˈɔe̯s/ - hyt /hˈit/
		Horn /hˈɔʕn/ - hoarn /hˈoə̯n/
		Henn /hˈɛn/ - hin /hˈɪn/
		jong /jˈoŋ/ - jong /jˈɔŋ/
		Johr /jˈɔːʕ/ - jier /jˈiə̯r/
		Kalb /kʰˈalb/ - keal /kˈɪə̯l/
		kald /kʰˈald/ - kâld /kˈɔːt/
		Keenig /kʰˈeːniɡ/ - kening /kˈeːnɪŋ/
		Kuah /kʰˈuə̯/ - ko /kˈoː/
		Käs /kʰˈɛːs/ - tsiis /ʦˈiːs/
		Kirch /kʰˈʌç/ - tsjerke /ʦjˈɛrkə/
		Land /lˈand/ - lân /lˈɔːn/
		laufa /lˈao̯fa/ - ljeppe /ljˈɛpə/
		lang /lˈaŋ/ - lang /lˈaŋ/
		Lichd /lˈiçd/ - ljocht /ljˈɔχt/
		Läbr /lˈɛːbʌ/ - lever /lˈeːvər/
		Meis /mˈae̯s/ - mûsen /mˈuːsən/
		Maul /mˈao̯l/ - mûle /mˈuːlə/
		Maul /mˈao̯l/ - mûn /mˈuːn/
		Maus /mˈao̯s/ - mûs /mˈuːs/
		mi /mˈi/ - my /mˈi/
		Milch /mˈilç/ - molke /mˈɔlkə/
		Mond /mˈond/ - moanne /mˈoə̯nə/
		Muddr /mˈudʌ/ - moer /mˈuə̯r/
		Mugg /mˈuɡ/ - mich /mˈɪχ/
		Mo /mˈɔː/ - man /mˈan/
		nein /nˈae̯n/ - njoggen /njˈɔɣən/
		Nachd /nˈaxd/ - nacht /nˈaχt/
		naggt /nˈaɡt/ - neaken /nˈɪə̯kən/
		Nagl /nˈaːɡl̩/ - neil /nˈɛi̯l/
		Nodl /nˈɔːdl̩/ - nulle /nˈølə/
		Noma /nˈɔːma/ - namme /nˈamə/
		Nos /nˈɔːs/ - noas /nˈoə̯s/
		nei /nˈəi̯/ - nij /nˈɛj/
		Sand /sˈand/ - sân /sˈɔːn/
		saga /sˈaːɡa/ - sizze /sˈɪzə/
		seggs /sˈeɡs/ - seis /sˈɛi̯s/
		seha /sˈeːa/ - sjen /ɕˈeːn/
		Seel /sˈeːl/ - siel /sˈiə̯l/
		siaß /sˈiə̯s/ - swiet /svˈiə̯t/
		sitza /sˈiʦa/ - sitte /sˈɪtə/
		Soh /sˈoː/ - soan /sˈoə̯n/
		Seide /sˈəi̯də/ - side /sˈiːdə/
		singa /sˈɪŋa/ - sjonge /ɕˈɔŋə/
		Gras /ɡʁˈaːs/ - gers /ɡˈɛːs/
		grea /ɡʁˈeə̯/ - grien /ɡrˈiə̯n/
		groß /ɡʁˈoːs/ - grut /ɡrˈuːt/
		Geischd /ɡˈae̯ʃd/ - geast /ɡˈɪə̯st/
		Gaas /ɡˈaːs/ - goes /ɡˈuə̯s/
		geal /ɡˈeə̯l/ - giel /ɡˈiə̯l/
		Gold /ɡˈold/ - goud /ɡˈɔu̯t/
		guad /ɡˈuə̯d/ - goed /ɡˈuə̯t/
		Goiß /ɡˈɔe̯s/ - geit /ɡˈɛi̯t/
		Reng /ʁˈeŋ/ - ring /rˈɪŋ/
		Rega /ʁˈeːɡa/ - rein /rˈɛi̯n/
		Ross /ʁˈos/ - hoars /hˈoə̯s/
		rod /ʁˈoːd/ - read /rˈɪə̯t/
		reich /ʁˈəi̯ç/ - ryk /rˈik/
		Schbroch /ʃb̥ʁˈɔːx/ - sprake /sprˈaːkə/
		Schduhl /ʃdˈuːl/ - stoel /stˈuə̯l/
		Schdärn /ʃdˈɛʕn/ - stjer /stjˈɛr/
		schlaga /ʃlˈaːɡa/ - slaan /slˈaːn/
		schlofa /ʃlˈɔːfa/ - sliepe /slˈiə̯pə/
		Schnee /ʃnˈeː/ - snie /snˈiə̯/
		Schweschdr /ʃʋˈɛʃdʌ/ - suster /sˈøstər/
		scharf /ʃˈaʕf/ - skerp /skˈɛrp/
		Schof /ʃˈoːf/ - skiep /skˈiə̯p/
		Scheiß /ʃˈəi̯s/ - skyt /skˈit/
		Wassr /ʋˈasʌ/ - wetter /ʋˈɛtər/
		warm /ʋˈaʕm/ - waarm /ʋˈaːrm/
		Weed /ʋˈeːd/ - wyn /ʋˈin/
		wissa /ʋˈisa/ - witte /ʋˈɪtə/
		Wolle /ʋˈole/ - wolle /ʋˈɔlə/
		Wolf /ʋˈolf/ - wolf /ʋˈɔlf/
		Wort /ʋˈoʕt/ - oer /ˈuə̯r/
		Weib /ʋˈəi̯b/ - wiif /ʋˈiːf/
		weiß /ʋˈəi̯s/ - wyt /vˈit/
		Weddr /ʋˈɛdʌ/ - waar /ʋˈaːr/
		Wäg /ʋˈɛːɡ/ - wei /ʋˈɛi̯/
		winscha /ʋˈɪnʃa/ - winskje /ʋˈɪnskjə/
		zwanzg /ʦʋˈanʦɡ/ - tweintich /tvˈɛi̯ntəχ/
		zwoi /ʦʋˈɔe̯/ - twa /tvˈaː/
		Zah /ʦˈaː/ - tine /tˈiːnə/
		zeah /ʦˈeə̯/ - tsien /ʦˈiə̯n/
		Zong /ʦˈoŋ/ - tûnge /tˈuŋə/
		Zeid /ʦˈəi̯d/ - tiid /tˈiːt/
		Abfl /ˈab̥͡fl̩/ - apel /ˈaːpəl/
		aus /ˈao̯s/ - út /ˈyːt/
		Arm /ˈaʕm/ - earm /ˈɪə̯rm/
		en /ˈen/ - yn /ˈin/
		iber /ˈibʌ/ - oer /ˈuə̯r/
		ons /ˈons/ - ús /ˈyːs/
		Oi /ˈɔe̯/ - aai /ˈaːj/
		Oich /ˈɔe̯ç/ - iik /ˈiːk/
		älle /ˈɛle/ - al /ˈal/
		älf /ˈɛlf/ - alve /ˈalvə/
		essa /ˈɛsa/ - ite /ˈitə/

Final disqualified:
		gäba /ɡˈɛːba/ - jaan /jˈaːn/
		schee /ʃˈeː/ - skjin /skjˈɪn/
		andr /ˈandʌ/ - oar /ˈoə̯r/
		Imm /ˈim/ - bij /bˈɛj/
		Ofa /ˈoːfa/ - un /ˈuːn/
		ois /ˈɔe̯s/ - ien /ˈiə̯n/


-------------------

****SAMPLE 5****
Iteration 1
	Qualified: 160
	Disqualified: 164
	Added: 0
	Removed: 2
		Imm /ˈim/ - bij /bˈɛj/
		gäba /ɡˈɛːba/ - jaan /jˈaːn/

Iteration 2
	Qualified: 157
	Disqualified: 167
	Added: 0
	Removed: 3
		Kirch /kʰˈʌç/ - tsjerke /ʦjˈɛrkə/
		Ofa /ˈoːfa/ - un /ˈuːn/
		Äsch /ˈɛʃ/ - jiske /jˈɪskə/

Iteration 3
	Qualified: 159
	Disqualified: 165
	Added: 2
		Kirch /kʰˈʌç/ - tsjerke /ʦjˈɛrkə/
		Äsch /ˈɛʃ/ - jiske /jˈɪskə/
	Removed: 0

Iteration 4
	Qualified: 158
	Disqualified: 166
	Added: 0
	Removed: 1
		Äsch /ˈɛʃ/ - jiske /jˈɪskə/

Iteration 5
	Qualified: 159
	Disqualified: 165
	Added: 1
		Äsch /ˈɛʃ/ - jiske /jˈɪskə/
	Removed: 0

Final qualifying:
		Bladd /blˈad/ - blêd /blˈɛːt/
		Bluad /blˈuə̯d/ - bloed /blˈuə̯t/
		Bloam /blˈɔə̯m/ - blom /blˈoːm/
		Brod /bʁˈoːd/ - brea /brˈɪə̯/
		Bruadr /bʁˈuə̯dʌ/ - broer /brˈuə̯r/
		Brugg /bʁˈuɡ/ - brêge /brˈɛːɣə/
		Bruschd /bʁˈuʃd/ - boarst /bˈoə̯st/
		Bad /bˈaːd/ - bad /bˈat/
		Boom /bˈoːm/ - beam /bˈɪə̯m/
		Buach /bˈuə̯x/ - boek /bˈuə̯k/
		Boi /bˈɔe̯/ - bien /bˈiə̯n/
		beißa /bˈəi̯sa/ - bite /bˈiːtə/
		Bär /bˈɛːʕ/ - bear /bˈɪə̯r/
		bidda /bˈɪda/ - bidde /bˈɪdə/
		Berg /bˈʌɡ/ - berch /bˈɛrχ/
		drei /dʁˈae̯/ - trije /trˈɛjə/
		drogga /dʁˈɔɡa/ - drûch /drˈuːχ/
		dreiba /dʁˈəi̯ba/ - driuwe /drjˈuːvə/
		Drän /dʁˈɛːn/ - trien /trˈiə̯n/
		dringa /dʁˈɪŋɡa/ - drinke /drˈɪŋkə/
		dausad /dˈao̯sɐd/ - tûzen /tˈuːzən/
		danga /dˈaŋɡa/ - tankje /tˈankjə/
		Diab /dˈiə̯b/ - tsjeaf /ʦjˈɪə̯f/
		diaf /dˈiə̯f/ - djip /djˈɪp/
		Dier /dˈiːʕ/ - dier /dˈiə̯r/
		Donndr /dˈondʌ/ - tonger /tˈɔŋər/
		Dod /dˈoːd/ - dea /dˈɪə̯/
		du /dˈuː/ - do /dˈoː/
		Dochdr /dˈɔxdʌ/ - dochter /dˈɔχtər/
		Dorn /dˈɔʕn/ - toarn /tˈoə̯n/
		deier /dˈəi̯ʌ/ - djoer /djˈuə̯r/
		fliaga /flˈiə̯ɡa/ - fleane /flˈɪə̯nə/
		Floisch /flˈɔe̯ʃ/ - flêsk /flˈɛːsk/
		Freind /fʁˈae̯nd/ - freon /frˈøə̯n/
		frisch /fʁˈiʃ/ - farsk /fˈask/
		friera /fʁˈiːʁa/ - frieze /frˈiə̯zə/
		Vaddr /fˈadʌ/ - fader /fˈaːdər/
		Fengr /fˈeŋʌ/ - finger /fˈɪŋər/
		Fiaß /fˈiə̯s/ - fuotten /fˈɵtən/
		Fisch /fˈiʃ/ - fisk /fˈɪsk/
		vier /fˈiʕ/ - fjouwer /fjˈɔu̯ər/
		fiehla /fˈiːla/ - fiele /fˈiə̯lə/
		voll /fˈol/ - fol /fˈɔl/
		folga /fˈolɡa/ - folgje /fˈɔlɣjə/
		Fuchs /fˈuks/ - foks /fˈɔks/
		Fuaß /fˈuə̯s/ - foet /fˈuə̯t/
		Feir /fˈəi̯ʌ/ - fjoer /fjˈuə̯r/
		femf /fˈɛmf/ - fiif /fˈiːf/
		heilig /hˈae̯lɪɡ/ - hillich /hˈɪləχ/
		Haubd /hˈao̯bd/ - haad /hˈaːt/
		Haus /hˈao̯s/ - hûs /hˈuːs/
		Haad /hˈaːd/ - hân /hˈɔːn/
		Has /hˈaːs/ - hazze /hˈazə/
		Herz /hˈeʕʦ/ - hert /hˈɛːt/
		Hond /hˈond/ - hûn /hˈuːn/
		Hongr /hˈoŋʌ/ - honger /hˈɔŋər/
		Honig /hˈoːnɪɡ/ - hunich /hˈynəχ/
		hoim /hˈɔe̯m/ - hiem /hˈiə̯m/
		hoiß /hˈɔe̯s/ - hyt /hˈit/
		Horn /hˈɔʕn/ - hoarn /hˈoə̯n/
		Hoor /hˈɔːʕ/ - hier /hˈiə̯r/
		Henn /hˈɛn/ - hin /hˈɪn/
		jong /jˈoŋ/ - jong /jˈɔŋ/
		Johr /jˈɔːʕ/ - jier /jˈiə̯r/
		Kalb /kʰˈalb/ - keal /kˈɪə̯l/
		kald /kʰˈald/ - kâld /kˈɔːt/
		Keenig /kʰˈeːniɡ/ - kening /kˈeːnɪŋ/
		Kuah /kʰˈuə̯/ - ko /kˈoː/
		Kopf /kʰˈɔp͡f/ - haad /hˈaːt/
		Kirch /kʰˈʌç/ - tsjerke /ʦjˈɛrkə/
		laufa /lˈao̯fa/ - ljeppe /ljˈɛpə/
		Laus /lˈao̯s/ - lus /lˈuːs/
		lang /lˈaŋ/ - lang /lˈaŋ/
		Lichd /lˈiçd/ - ljocht /ljˈɔχt/
		leichd /lˈəi̯çd/ - licht /lˈɪχt/
		Läbr /lˈɛːbʌ/ - lever /lˈeːvər/
		Meis /mˈae̯s/ - mûsen /mˈuːsən/
		Maul /mˈao̯l/ - mûle /mˈuːlə/
		Maul /mˈao̯l/ - mûn /mˈuːn/
		Maus /mˈao̯s/ - mûs /mˈuːs/
		mi /mˈi/ - my /mˈi/
		Milch /mˈilç/ - molke /mˈɔlkə/
		mir /mˈiʌ/ - wy /vˈi/
		Mond /mˈond/ - moanne /mˈoə̯nə/
		Muddr /mˈudʌ/ - moer /mˈuə̯r/
		Mugg /mˈuɡ/ - mich /mˈɪχ/
		Mo /mˈɔː/ - man /mˈan/
		nein /nˈae̯n/ - njoggen /njˈɔɣən/
		Nachd /nˈaxd/ - nacht /nˈaχt/
		Nagl /nˈaːɡl̩/ - neil /nˈɛi̯l/
		Noma /nˈɔːma/ - namme /nˈamə/
		Nos /nˈɔːs/ - noas /nˈoə̯s/
		nei /nˈəi̯/ - nij /nˈɛj/
		seggs /sˈeɡs/ - seis /sˈɛi̯s/
		seha /sˈeːa/ - sjen /ɕˈeːn/
		Seel /sˈeːl/ - siel /sˈiə̯l/
		sitza /sˈiʦa/ - sitte /sˈɪtə/
		Soh /sˈoː/ - soan /sˈoə̯n/
		Seide /sˈəi̯də/ - side /sˈiːdə/
		singa /sˈɪŋa/ - sjonge /ɕˈɔŋə/
		Gras /ɡʁˈaːs/ - gers /ɡˈɛːs/
		groß /ɡʁˈoːs/ - grut /ɡrˈuːt/
		Geischd /ɡˈae̯ʃd/ - geast /ɡˈɪə̯st/
		Gaas /ɡˈaːs/ - goes /ɡˈuə̯s/
		geal /ɡˈeə̯l/ - giel /ɡˈiə̯l/
		guad /ɡˈuə̯d/ - goed /ɡˈuə̯t/
		Goiß /ɡˈɔe̯s/ - geit /ɡˈɛi̯t/
		Gott /ɡˈɔt/ - god /ɡˈɔt/
		Rega /ʁˈeːɡa/ - rein /rˈɛi̯n/
		Ross /ʁˈos/ - hoars /hˈoə̯s/
		rod /ʁˈoːd/ - read /rˈɪə̯t/
		reich /ʁˈəi̯ç/ - ryk /rˈik/
		rechd /ʁˈɛxd/ - rjocht /rjˈɔχt/
		Schbroch /ʃb̥ʁˈɔːx/ - sprake /sprˈaːkə/
		Schlang /ʃlˈaŋ/ - slang /slˈaŋ/
		schlaga /ʃlˈaːɡa/ - slaan /slˈaːn/
		schlofa /ʃlˈɔːfa/ - sliepe /slˈiə̯pə/
		Schnee /ʃnˈeː/ - snie /snˈiə̯/
		schwemma /ʃʋˈema/ - swimme /svˈɪmə/
		Schweschdr /ʃʋˈɛʃdʌ/ - suster /sˈøstər/
		Schwerd /ʃʋˈɛʕd/ - swurd /svˈøt/
		scharf /ʃˈaʕf/ - skerp /skˈɛrp/
		Schiff /ʃˈif/ - skip /skˈɪp/
		Schof /ʃˈoːf/ - skiep /skˈiə̯p/
		Scheiß /ʃˈəi̯s/ - skyt /skˈit/
		was /ʋˈas/ - wat /vˈat/
		Wassr /ʋˈasʌ/ - wetter /ʋˈɛtər/
		warm /ʋˈaʕm/ - waarm /ʋˈaːrm/
		Weed /ʋˈeːd/ - wyn /ʋˈin/
		wissa /ʋˈisa/ - witte /ʋˈɪtə/
		Wolle /ʋˈole/ - wolle /ʋˈɔlə/
		Wolf /ʋˈolf/ - wolf /ʋˈɔlf/
		Wort /ʋˈoʕt/ - oer /ˈuə̯r/
		Weib /ʋˈəi̯b/ - wiif /ʋˈiːf/
		Weddr /ʋˈɛdʌ/ - waar /ʋˈaːr/
		winscha /ʋˈɪnʃa/ - winskje /ʋˈɪnskjə/
		zwanzg /ʦʋˈanʦɡ/ - tweintich /tvˈɛi̯ntəχ/
		zwelf /ʦʋˈelf/ - tolve /tˈɔlvə/
		zwoi /ʦʋˈɔe̯/ - twa /tvˈaː/
		Zah /ʦˈaː/ - tine /tˈiːnə/
		Zong /ʦˈoŋ/ - tûnge /tˈuŋə/
		Abfl /ˈab̥͡fl̩/ - apel /ˈaːpəl/
		Eil /ˈae̯l/ - ûle /ˈuːlə/
		Aff /ˈaf/ - aap /ˈaːp/
		aus /ˈao̯s/ - út /ˈyːt/
		Aug /ˈao̯ɡ/ - each /ˈɪə̯χ/
		Arm /ˈaʕm/ - earm /ˈɪə̯rm/
		en /ˈen/ - yn /ˈin/
		i /ˈi/ - ik /ˈɪk/
		ons /ˈons/ - ús /ˈyːs/
		Ohr /ˈoːʕ/ - ear /ˈɪə̯r/
		Oi /ˈɔe̯/ - aai /ˈaːj/
		Oich /ˈɔe̯ç/ - iik /ˈiːk/
		Eis /ˈəi̯s/ - iis /ˈiːs/
		älle /ˈɛle/ - al /ˈal/
		essa /ˈɛsa/ - ite /ˈitə/
		Egg /ˈɛɡ/ - igge /ˈɪɣə/
		Äsch /ˈɛʃ/ - jiske /jˈɪskə/
		Ärde /ˈɛʕde/ - ierde /ˈiə̯də/

Final disqualified:
		gäba /ɡˈɛːba/ - jaan /jˈaːn/
		Imm /ˈim/ - bij /bˈɛj/
		Ofa /ˈoːfa/ - un /ˈuːn/


-------------------

