/anˈeɖːu/ - /anˈiʝo/
a-a / n-n / ˈe-ˈi / ɖː-ʝ / u-o
{0: [0], 1: [1], 2: [2], 3: [3], 4: [4]}
{0: [0], 1: [1], 2: [2], 3: [3], 4: [4]}
SCORE: 25.624

-------------------

/anːaðˈaɾɛ/ - /naðˈaɾ/
<#_a-<# / nː-n / a-a / ð-ð / ˈa-ˈa / ɾ_ɛ_#>-ɾ_#>
{0: [0], 1: [1], 2: [2], 3: [3], 4: [4], 5: [5, 6]}
{0: None, 1: [0], 2: [1], 3: [2], 4: [3], 5: [4]}
SCORE: 19.493

-------------------

/askuɾtˈaɾɛ/ - /eskuʧˈaɾ/
a-e / s-s / k-k / u-u / ɾ-∅ / t-ʧ / ˈa-ˈa / ɾ_ɛ_#>-ɾ_#>
{0: [0], 1: [1], 2: [2], 3: [3], 4: [4], 5: [5], 6: [6], 7: [7, 8]}
{0: [0], 1: [1], 2: [2], 3: [3], 4: None, 5: [4], 6: [5], 7: [6]}
SCORE: 23.71

-------------------

/atˈunʣu/ - /otˈoɲo/
<#_a-<# / ∅-o / t-t / ˈu-ˈo / n_ʣ-ɲ / u-o
{0: [0], 1: None, 2: [1], 3: [2], 4: [3, 4], 5: [5]}
{0: None, 1: [0], 2: [1], 3: [2], 4: [3], 5: [4]}
SCORE: 15.847

-------------------

/aɾanʣˈolu/ - /aɾˈaɲa/
a-a / ɾ_a-ɾ / ∅-ˈa / n_ʣ-ɲ / ∅-a / ˈo-∅ / l-∅ / u_#>-#>
{0: [0], 1: [1, 2], 2: None, 3: [3, 4], 4: None, 5: [5], 6: [6], 7: [7]}
{0: [0], 1: [1], 2: [2], 3: [3], 4: [4], 5: None, 6: None, 7: None}
SCORE: -5.711

-------------------

/aɾˈɛna/ - /aɾˈena/
a-a / ɾ-ɾ / ˈɛ-ˈe / n-n / a-a
{0: [0], 1: [1], 2: [2], 3: [3], 4: [4]}
{0: [0], 1: [1], 2: [2], 3: [3], 4: [4]}
SCORE: 25.627

-------------------

/aʣutˈaɾɛ/ - /aʝuðˈaɾ/
a-a / ʣ-ʝ / u-u / t-ð / ˈa-ˈa / ɾ_ɛ_#>-ɾ_#>
{0: [0], 1: [1], 2: [2], 3: [3], 4: [4], 5: [5, 6]}
{0: [0], 1: [1], 2: [2], 3: [3], 4: [4], 5: [5]}
SCORE: 26.206

-------------------

/bikˈinu/ - /beθˈino/
b-b / i-e / k-θ / ˈi-ˈi / n-n / u-o
{0: [0], 1: [1], 2: [2], 3: [3], 4: [4], 5: [5]}
{0: [0], 1: [1], 2: [2], 3: [3], 4: [4], 5: [5]}
SCORE: 30.906

-------------------

/bojzˈatɛɾɔzɔ̆/ - /bosˈotɾos/
b-b / o-o / j-∅ / z-s / ˈa-ˈo / t-t / ɛ_ɾ-ɾ / ɔ-o / z_ɔ̆-s
{0: [0], 1: [1], 2: [2], 3: [3], 4: [4], 5: [5], 6: [6, 7], 7: [8], 8: [9, 10]}
{0: [0], 1: [1], 2: None, 3: [2], 4: [3], 5: [4], 6: [5], 7: [6], 8: [7]}
SCORE: 26.135

-------------------

/bɔlˈaɾɛ/ - /bolˈaɾ/
b-b / ɔ_l-o_l / ˈa-ˈa / ɾ_ɛ_#>-ɾ_#>
{0: [0], 1: [1, 2], 2: [3], 3: [4, 5]}
{0: [0], 1: [1, 2], 2: [3], 3: [4]}
SCORE: 27.971

-------------------

/bɾiɣˈɔnʣa/ - /beɾɣwˈenθa/
b-b / ɾ-∅ / i-e / ∅-ɾ / ɣ-ɣ / ˈɔ-w_ˈe / n-n / ʣ-∅ / a-θ_a
{0: [0], 1: [1], 2: [2], 3: None, 4: [3], 5: [4], 6: [5], 7: [6], 8: [7]}
{0: [0], 1: None, 2: [1], 3: [2], 4: [3], 5: [4, 5], 6: [6], 7: None, 8: [7, 8]}
SCORE: 11.033

-------------------

/bɾˈɛntɛ/ - /bjˈentɾe/
b-b / ɾ-∅ / ˈɛ-j_ˈe / n-n / t-t / ɛ-ɾ / #>-e_#>
{0: [0], 1: [1], 2: [2], 3: [3], 4: [4], 5: [5], 6: None}
{0: [0], 1: None, 2: [1, 2], 3: [3], 4: [4], 5: [5], 6: [6]}
SCORE: 17.461

-------------------

/bˈaka/ - /bˈaka/
b-b / ˈa-ˈa / k-k / a-a
{0: [0], 1: [1], 2: [2], 3: [3]}
{0: [0], 1: [1], 2: [2], 3: [3]}
SCORE: 24.116

-------------------

/bˈanʣu/ - /bˈaɲo/
b-b / ˈa-ˈa / n_ʣ-ɲ / u-o
{0: [0], 1: [1], 2: [2, 3], 3: [4]}
{0: [0], 1: [1], 2: [2], 3: [3]}
SCORE: 24.566

-------------------

/bˈasu/ - /bˈaxo/
b-b / ˈa-ˈa / ∅-x / s-∅ / u-o
{0: [0], 1: [1], 2: None, 3: [2], 4: [3]}
{0: [0], 1: [1], 2: [2], 3: None, 4: [3]}
SCORE: 9.295

-------------------

/bˈatɔɾɔ̆/ - /kwˈatɾo/
<#-<#_k / b-w / ˈa-ˈa / t-t / ɔ_ɾ-ɾ / ɔ̆-o
{0: None, 1: [0], 2: [1], 3: [2], 4: [3, 4], 5: [5]}
{0: [0], 1: [1], 2: [2], 3: [3], 4: [4], 5: [5]}
SCORE: 11.012

-------------------

/bˈekɾu/ - /bjˈexo/
b-b / ˈe-j_ˈe / k_ɾ-x / u-o
{0: [0], 1: [1], 2: [2, 3], 3: [4]}
{0: [0], 1: [1, 2], 2: [3], 3: [4]}
SCORE: 22.762

-------------------

/bˈentu/ - /bjˈento/
b-b / ˈe-j_ˈe / n-n / t-t / u-o
{0: [0], 1: [1], 2: [2], 3: [3], 4: [4]}
{0: [0], 1: [1, 2], 2: [3], 3: [4], 4: [5]}
SCORE: 28.351

-------------------

/bˈia/ - /bˈia/
b-b / ˈi-ˈi / a-a
{0: [0], 1: [1], 2: [2]}
{0: [0], 1: [1], 2: [2]}
SCORE: 20.132

-------------------

/bˈinti/ - /bˈejnte/
b-b / ˈi-ˈe / n-j_n / t-t / i-e
{0: [0], 1: [1], 2: [2], 3: [3], 4: [4]}
{0: [0], 1: [1], 2: [2, 3], 3: [4], 4: [5]}
SCORE: 22.932

-------------------

/bˈinu/ - /bˈino/
b-b / ˈi-ˈi / n-n / u-o
{0: [0], 1: [1], 2: [2], 3: [3]}
{0: [0], 1: [1], 2: [2], 3: [3]}
SCORE: 24.109

-------------------

/bˈita/ - /bˈiða/
b-b / ˈi-ˈi / t_a-ð_a
{0: [0], 1: [1], 2: [2, 3]}
{0: [0], 1: [1], 2: [2, 3]}
SCORE: 25.044

-------------------

/bˈiɖːa/ - /bˈiʝa/
b-b / ˈi-ˈi / ɖː-ʝ / a-a
{0: [0], 1: [1], 2: [2], 3: [3]}
{0: [0], 1: [1], 2: [2], 3: [3]}
SCORE: 26.694

-------------------

/bˈiɛɾɛ/ - /bˈeɾ/
b-b / ˈi-ˈe / ɛ_ɾ-ɾ / ɛ_#>-#>
{0: [0], 1: [1], 2: [2, 3], 3: [4]}
{0: [0], 1: [1], 2: [2], 3: None}
SCORE: 13.135

-------------------

/bˈiɾdɛ/ - /bˈeɾðe/
b-b / ˈi-ˈe / ɾ-ɾ / ∅-ð / d-∅ / ɛ-e
{0: [0], 1: [1], 2: [2], 3: None, 4: [3], 5: [4]}
{0: [0], 1: [1], 2: [2], 3: [3], 4: None, 5: [4]}
SCORE: 10.287

-------------------

/bˈiβɛɾɛ/ - /beβˈeɾ/
b_ˈi-b / ∅-e / β-β / ɛ_ɾ-ˈe_ɾ / ɛ_#>-#>
{0: [0, 1], 1: None, 2: [2], 3: [3, 4], 4: [5]}
{0: [0], 1: [1], 2: [2], 3: [3, 4], 4: None}
SCORE: 12.903

-------------------

/bˈolu/ - /bwˈelo/
b-b / ˈo-w_ˈe / l-l / u-o
{0: [0], 1: [1], 2: [2], 3: [3]}
{0: [0], 1: [1, 2], 2: [3], 3: [4]}
SCORE: 23.882

-------------------

/bˈonu/ - /bwˈeno/
b-b / ˈo-w_ˈe / n-n / u-o
{0: [0], 1: [1], 2: [2], 3: [3]}
{0: [0], 1: [1, 2], 2: [3], 3: [4]}
SCORE: 23.242

-------------------

/bˈuka/ - /bˈoka/
b-b / ˈu-ˈo / k-k / a-a
{0: [0], 1: [1], 2: [2], 3: [3]}
{0: [0], 1: [1], 2: [2], 3: [3]}
SCORE: 23.562

-------------------

/bˈɔkɛ/ - /bˈoθ/
b-b / ˈɔ-ˈo / k_ɛ-θ
{0: [0], 1: [1], 2: [2, 3]}
{0: [0], 1: [1], 2: [2]}
SCORE: 17.376

-------------------

/bˈɔna/ - /bwˈena/
b-b / ˈɔ-w_ˈe / n-n / a-a
{0: [0], 1: [1], 2: [2], 3: [3]}
{0: [0], 1: [1, 2], 2: [3], 3: [4]}
SCORE: 22.818

-------------------

/bˈɔnază/ - /bwˈenas/
b-b / ˈɔ-w_ˈe / n-n / a-a / z-s / ă-∅
{0: [0], 1: [1], 2: [2], 3: [3], 4: [4], 5: [5]}
{0: [0], 1: [1, 2], 2: [3], 3: [4], 4: [5], 5: None}
SCORE: 22.232

-------------------

/bˈɔnɔzɔ̆/ - /bwˈenos/
b-b / ˈɔ-w_ˈe / n-n / ɔ-o / z_ɔ̆-s
{0: [0], 1: [1], 2: [2], 3: [3], 4: [4, 5]}
{0: [0], 1: [1, 2], 2: [3], 3: [4], 4: [5]}
SCORE: 23.468

-------------------

/bˈɔɛ/ - /bwˈej/
b-b / ˈɔ-w / ɛ-ˈe / #>-j_#>
{0: [0], 1: [1], 2: [2], 3: None}
{0: [0], 1: [1], 2: [2], 3: [3]}
SCORE: 14.959

-------------------

/bˈɛnɛ/ - /bjˈen/
b-b / ˈɛ-j_ˈe / n_ɛ_#>-n_#>
{0: [0], 1: [1], 2: [2, 3]}
{0: [0], 1: [1, 2], 2: [3]}
SCORE: 18.56

-------------------

/bˈɛnːɛɾɛ/ - /benˈiɾ/
b-b / ˈɛ-e / nː-n / ɛ-ˈi / ɾ_ɛ_#>-ɾ_#>
{0: [0], 1: [1], 2: [2], 3: [3], 4: [4, 5]}
{0: [0], 1: [1], 2: [2], 3: [3], 4: [4]}
SCORE: 19.124

-------------------

/doɾmˈiɾɛ/ - /doɾmˈiɾ/
d-d / o-o / ɾ-ɾ / m-m / ˈi-ˈi / ɾ_ɛ_#>-ɾ_#>
{0: [0], 1: [1], 2: [2], 3: [3], 4: [4], 5: [5, 6]}
{0: [0], 1: [1], 2: [2], 3: [3], 4: [4], 5: [5]}
SCORE: 32.143

-------------------

/dɾaɣˈɔnɛ/ - /dɾaɣˈon/
d-d / ɾ_a-ɾ_a / ɣ-ɣ / ˈɔ-ˈo / n_ɛ_#>-n_#>
{0: [0], 1: [1, 2], 2: [3], 3: [4], 4: [5, 6]}
{0: [0], 1: [1, 2], 2: [3], 3: [4], 4: [5]}
SCORE: 33.399

-------------------

/dˈaɾɛ/ - /dˈaɾ/
d-d / ˈa-ˈa / ɾ_ɛ_#>-ɾ_#>
{0: [0], 1: [1], 2: [2, 3]}
{0: [0], 1: [1], 2: [2]}
SCORE: 19.117

-------------------

/dˈiɛ/ - /dˈia/
d-d / ˈi-ˈi / ɛ-a
{0: [0], 1: [1], 2: [2]}
{0: [0], 1: [1], 2: [2]}
SCORE: 17.351

-------------------

/dˈoiki/ - /dˈoθe/
d-d / ˈo-ˈo / i-∅ / k-θ / i-e
{0: [0], 1: [1], 2: [2], 3: [3], 4: [4]}
{0: [0], 1: [1], 2: None, 3: [2], 4: [3]}
SCORE: 18.281

-------------------

/dˈonu/ - /dˈon/
d-d / ˈo-ˈo / n-n / u_#>-#>
{0: [0], 1: [1], 2: [2], 3: [3]}
{0: [0], 1: [1], 2: [2], 3: None}
SCORE: 18.552

-------------------

/dˈuɔzɔ̆/ - /dˈos/
d-d / ˈu-ˈo / ɔ-∅ / z_ɔ̆-s
{0: [0], 1: [1], 2: [2], 3: [3, 4]}
{0: [0], 1: [1], 2: None, 3: [2]}
SCORE: 12.865

-------------------

/dˈuɾkɛ/ - /dˈulθe/
d-d / ˈu-ˈu / ɾ-l / k-θ / ɛ-e
{0: [0], 1: [1], 2: [2], 3: [3], 4: [4]}
{0: [0], 1: [1], 2: [2], 3: [3], 4: [4]}
SCORE: 24.352

-------------------

/dˈɛkɛ/ - /djˈeθ/
d-d / ˈɛ-j / k_ɛ-ˈe_θ
{0: [0], 1: [1], 2: [2, 3]}
{0: [0], 1: [1], 2: [2, 3]}
SCORE: 20.249

-------------------

/dˈɛntɛ/ - /djˈente/
d-d / ˈɛ-j_ˈe / n-n / t_ɛ-t_e
{0: [0], 1: [1], 2: [2], 3: [3, 4]}
{0: [0], 1: [1, 2], 2: [3], 3: [4, 5]}
SCORE: 29.895

-------------------

/dˈɛuzŭ/ - /djˈos/
d-d / ˈɛ-j / ∅-ˈo / u-∅ / z-s / ŭ-∅
{0: [0], 1: [1], 2: None, 3: [2], 4: [3], 5: [4]}
{0: [0], 1: [1], 2: [2], 3: None, 4: [3], 5: None}
SCORE: 6.258

-------------------

/faɾˈina/ - /aɾˈina/
<#_f-<# / a-a / ɾ-ɾ / ˈi-ˈi / n-n / a-a
{0: [0], 1: [1], 2: [2], 3: [3], 4: [4], 5: [5]}
{0: None, 1: [0], 2: [1], 3: [2], 4: [3], 5: [4]}
SCORE: 24.62

-------------------

/faβɛɖːˈaɾɛ/ - /aβlˈaɾ/
<#_f-<# / a-a / β-β / ɛ-l / ɖː-∅ / ˈa-ˈa / ɾ_ɛ_#>-ɾ_#>
{0: [0], 1: [1], 2: [2], 3: [3], 4: [4], 5: [5], 6: [6, 7]}
{0: None, 1: [0], 2: [1], 3: [2], 4: None, 5: [3], 6: [4]}
SCORE: 14.338

-------------------

/foɾmˈozu/ - /eɾmˈoso/
f-e / o_ɾ-ɾ / m-m / ˈo-ˈo / z-s / u-o
{0: [0], 1: [1, 2], 2: [3], 3: [4], 4: [5], 5: [6]}
{0: [0], 1: [1], 2: [2], 3: [3], 4: [4], 5: [5]}
SCORE: 21.063

-------------------

/fɔɾmˈɔza/ - /eɾmˈosa/
f-e / ɔ_ɾ-ɾ / m-m / ˈɔ-ˈo / z-s / a-a
{0: [0], 1: [1, 2], 2: [3], 3: [4], 4: [5], 5: [6]}
{0: [0], 1: [1], 2: [2], 3: [3], 4: [4], 5: [5]}
SCORE: 21.629

-------------------

/fɾˈama/ - /ɟ͡ʝˈama/
<#_f-<# / ɾ-ɟ͡ʝ / ˈa-ˈa / m-m / a-a
{0: [0], 1: [1], 2: [2], 3: [3], 4: [4]}
{0: None, 1: [0], 2: [1], 3: [2], 4: [3]}
SCORE: 18.911

-------------------

/fɾˈiɣiðu/ - /fɾˈio/
f-f / ɾ-ɾ / ˈi-ˈi / ɣ-∅ / i-∅ / ð-∅ / u-o
{0: [0], 1: [1], 2: [2], 3: [3], 4: [4], 5: [5], 6: [6]}
{0: [0], 1: [1], 2: [2], 3: None, 4: None, 5: None, 6: [3]}
SCORE: 9.208

-------------------

/fˈakɛɾɛ/ - /aθˈeɾ/
<#-<#_a / f_ˈa-∅ / k-θ / ɛ_ɾ-ˈe_ɾ / ɛ_#>-#>
{0: None, 1: [0, 1], 2: [2], 3: [3, 4], 4: [5]}
{0: [0], 1: None, 2: [1], 3: [2, 3], 4: None}
SCORE: 1.972

-------------------

/fˈaminɛ/ - /ˈambɾe/
<#_f-<# / ˈa-ˈa / m-m / i-b_ɾ / n_ɛ-e
{0: [0], 1: [1], 2: [2], 3: [3], 4: [4, 5]}
{0: None, 1: [0], 2: [1], 3: [2, 3], 4: [4]}
SCORE: 18.405

-------------------

/fˈaða/ - /ˈaða/
<#_f-<# / ˈa-ˈa / ð-ð / a-a
{0: [0], 1: [1], 2: [2], 3: [3]}
{0: None, 1: [0], 2: [1], 3: [2]}
SCORE: 14.787

-------------------

/fˈemina/ - /ˈembɾa/
<#_f-<# / ˈe-ˈe / m-m / i_n-b_ɾ / a-a
{0: [0], 1: [1], 2: [2], 3: [3, 4], 4: [5]}
{0: None, 1: [0], 2: [1], 3: [2, 3], 4: [4]}
SCORE: 18.608

-------------------

/fˈeru/ - /jˈero/
<#_f-<# / ˈe-j_ˈe / r-r / u-o
{0: [0], 1: [1], 2: [2], 3: [3]}
{0: None, 1: [0, 1], 2: [2], 3: [3]}
SCORE: 17.911

-------------------

/fˈikatu/ - /ˈiɣaðo/
f_ˈi-ˈi / k-ɣ / a-a / t-ð / u-o
{0: [0, 1], 1: [2], 2: [3], 3: [4], 4: [5]}
{0: [0], 1: [1], 2: [2], 3: [3], 4: [4]}
SCORE: 24.633

-------------------

/fˈilu/ - /ˈilo/
f_ˈi-ˈi / l-l / u-o
{0: [0, 1], 1: [2], 2: [3]}
{0: [0], 1: [1], 2: [2]}
SCORE: 17.761

-------------------

/fˈiʣa/ - /ˈixa/
f_ˈi-ˈi / ʣ-x / a-a
{0: [0, 1], 1: [2], 2: [3]}
{0: [0], 1: [1], 2: [2]}
SCORE: 18.338

-------------------

/fˈiʣu/ - /ˈixo/
f_ˈi-ˈi / ʣ-x / u-o
{0: [0, 1], 1: [2], 2: [3]}
{0: [0], 1: [1], 2: [2]}
SCORE: 17.847

-------------------

/fˈoku/ - /fwˈeɣo/
f-f / ˈo-w_ˈe / k_u-ɣ_o
{0: [0], 1: [1], 2: [2, 3]}
{0: [0], 1: [1, 2], 2: [3, 4]}
SCORE: 25.34

-------------------

/fˈumu/ - /ˈumo/
<#_f-<# / ˈu-ˈu / m-m / u-o
{0: [0], 1: [1], 2: [2], 3: [3]}
{0: None, 1: [0], 2: [1], 3: [2]}
SCORE: 17.787

-------------------

/fˈɔɾtɛ/ - /fwˈeɾte/
f-f / ˈɔ-w_ˈe / ɾ-ɾ / t_ɛ-t_e
{0: [0], 1: [1], 2: [2], 3: [3, 4]}
{0: [0], 1: [1, 2], 2: [3], 3: [4, 5]}
SCORE: 27.785

-------------------

/fˈɔɾʦa/ - /fwˈeɾθa/
f-f / ˈɔ-w_ˈe / ɾ-ɾ / ʦ-θ / a-a
{0: [0], 1: [1], 2: [2], 3: [3], 4: [4]}
{0: [0], 1: [1, 2], 2: [3], 3: [4], 4: [5]}
SCORE: 24.638

-------------------

/fˈɔʣa/ - /ˈoxa/
<#_f-<# / ˈɔ-ˈo / ʣ-x / a-a
{0: [0], 1: [1], 2: [2], 3: [3]}
{0: None, 1: [0], 2: [1], 3: [2]}
SCORE: 16.602

-------------------

/imbˈiliku/ - /omblˈiɣo/
<#_i-<# / ∅-o / m-m / b_ˈi-b / l-l / i-ˈi / k_u-ɣ_o
{0: [0], 1: None, 2: [1], 3: [2, 3], 4: [4], 5: [5], 6: [6, 7]}
{0: None, 1: [0], 2: [1], 3: [2], 4: [3], 5: [4], 6: [5, 6]}
SCORE: 19.407

-------------------

/iskɾˈiβɛɾɛ/ - /eskɾiβˈiɾ/
i-e / s-s / k-k / ɾ_ˈi-ɾ / ∅-i / β-β / ɛ-ˈi / ɾ_ɛ_#>-ɾ_#>
{0: [0], 1: [1], 2: [2], 3: [3, 4], 4: None, 5: [5], 6: [6], 7: [7, 8]}
{0: [0], 1: [1], 2: [2], 3: [3], 4: [4], 5: [5], 6: [6], 7: [7]}
SCORE: 22.872

-------------------

/iskɾˈɔʦa/ - /koɾtˈeθa/
<#_i-<# / s-∅ / k-k / ∅-o / ɾ-ɾ_t / ˈɔ-ˈe / ʦ-θ / a-a
{0: [0], 1: [1], 2: [2], 3: None, 4: [3], 5: [4], 6: [5], 7: [6]}
{0: None, 1: None, 2: [0], 3: [1], 4: [2, 3], 5: [4], 6: [5], 7: [6]}
SCORE: 7.246

-------------------

/iskˈiɾɛ/ - /saβˈeɾ/
i_s-s / k-a / ∅-β / ˈi-ˈe / ɾ_ɛ_#>-ɾ_#>
{0: [0, 1], 1: [2], 2: None, 3: [3], 4: [4, 5]}
{0: [0], 1: [1], 2: [2], 3: [3], 4: [4]}
SCORE: 4.501

-------------------

/iskˈuɾu/ - /eskˈuɾo/
i-e / s-s / k-k / ˈu-ˈu / ɾ_u-ɾ_o
{0: [0], 1: [1], 2: [2], 3: [3], 4: [4, 5]}
{0: [0], 1: [1], 2: [2], 3: [3], 4: [4, 5]}
SCORE: 32.786

-------------------

/ispˈata/ - /espˈaða/
i-e / s-s / p-p / ˈa-ˈa / t_a-ð_a
{0: [0], 1: [1], 2: [2], 3: [3], 4: [4, 5]}
{0: [0], 1: [1], 2: [2], 3: [3], 4: [4, 5]}
SCORE: 33.304

-------------------

/ispˈaɲa/ - /espˈaɲa/
i-e / s-s / p-p / ˈa-ˈa / ɲ-ɲ / a-a
{0: [0], 1: [1], 2: [2], 3: [3], 4: [4], 5: [5]}
{0: [0], 1: [1], 2: [2], 3: [3], 4: [4], 5: [5]}
SCORE: 33.618

-------------------

/ispˈika/ - /espˈiɣa/
i-e / s-s / p-p / ˈi-ˈi / k-ɣ / a-a
{0: [0], 1: [1], 2: [2], 3: [3], 4: [4], 5: [5]}
{0: [0], 1: [1], 2: [2], 3: [3], 4: [4], 5: [5]}
SCORE: 32.392

-------------------

/ispˈina/ - /espˈina/
i-e / s-s / p-p / ˈi-ˈi / n-n / a-a
{0: [0], 1: [1], 2: [2], 3: [3], 4: [4], 5: [5]}
{0: [0], 1: [1], 2: [2], 3: [3], 4: [4], 5: [5]}
SCORE: 33.205

-------------------

/istˈatu/ - /estˈaðo/
i-e / s-s / t-t / ˈa-ˈa / t-ð / u-o
{0: [0], 1: [1], 2: [2], 3: [3], 4: [4], 5: [5]}
{0: [0], 1: [1], 2: [2], 3: [3], 4: [4], 5: [5]}
SCORE: 31.232

-------------------

/istˈaðɛ/ - /estˈio/
i-e / s-s / t-t / ˈa-∅ / ð-∅ / ɛ-ˈi / ∅-o
{0: [0], 1: [1], 2: [2], 3: [3], 4: [4], 5: [5], 6: None}
{0: [0], 1: [1], 2: [2], 3: None, 4: None, 5: [3], 6: [4]}
SCORE: 4.926

-------------------

/istˈeɖːu/ - /estɾˈeʝa/
i-e / s-s / t-t / ∅-ɾ / ˈe-ˈe / ɖː-ʝ / ∅-a / u_#>-#>
{0: [0], 1: [1], 2: [2], 3: None, 4: [3], 5: [4], 6: None, 7: [5]}
{0: [0], 1: [1], 2: [2], 3: [3], 4: [4], 5: [5], 6: [6], 7: None}
SCORE: 17.075

-------------------

/iβˈeru/ - /imbjˈeɾno/
i-i / ∅-m / ∅-b / β-∅ / ˈe-j_ˈe / r-ɾ_n / u-o
{0: [0], 1: None, 2: None, 3: [1], 4: [2], 5: [3], 6: [4]}
{0: [0], 1: [1], 2: [2], 3: None, 4: [3, 4], 5: [5, 6], 6: [7]}
SCORE: 10.332

-------------------

/kambjˈaɾɛ/ - /kambjˈaɾ/
k-k / a_m-a_m / b-b / j-j / ˈa-ˈa / ɾ_ɛ_#>-ɾ_#>
{0: [0], 1: [1, 2], 2: [3], 3: [4], 4: [5], 5: [6, 7]}
{0: [0], 1: [1, 2], 2: [3], 3: [4], 4: [5], 5: [6]}
SCORE: 37.441

-------------------

/kantˈaɾɛ/ - /kantˈaɾ/
k-k / a-a / n-n / t-t / ˈa-ˈa / ɾ_ɛ_#>-ɾ_#>
{0: [0], 1: [1], 2: [2], 3: [3], 4: [4], 5: [5, 6]}
{0: [0], 1: [1], 2: [2], 3: [3], 4: [4], 5: [5]}
SCORE: 29.814

-------------------

/kastˈeɖːu/ - /kastˈiʝo/
k-k / a-a / s-s / t-t / ˈe-ˈi / ɖː-ʝ / u-o
{0: [0], 1: [1], 2: [2], 3: [3], 4: [4], 5: [5], 6: [6]}
{0: [0], 1: [1], 2: [2], 3: [3], 4: [4], 5: [5], 6: [6]}
SCORE: 34.933

-------------------

/katˈɛna/ - /kaðˈena/
k-k / a-a / t-ð / ˈɛ-ˈe / n-n / a-a
{0: [0], 1: [1], 2: [2], 3: [3], 4: [4], 5: [5]}
{0: [0], 1: [1], 2: [2], 3: [3], 4: [4], 5: [5]}
SCORE: 30.402

-------------------

/kaʦjˈaɾɛ/ - /kaθˈaɾ/
k-k / a-a / ʦ-θ / j-∅ / ˈa-ˈa / ɾ_ɛ_#>-ɾ_#>
{0: [0], 1: [1], 2: [2], 3: [3], 4: [4], 5: [5, 6]}
{0: [0], 1: [1], 2: [2], 3: None, 4: [3], 5: [4]}
SCORE: 17.373

-------------------

/kaβˈaɖːu/ - /kaβˈaʝo/
k-k / a-a / β-β / ˈa-ˈa / ɖː-ʝ / u-o
{0: [0], 1: [1], 2: [2], 3: [3], 4: [4], 5: [5]}
{0: [0], 1: [1], 2: [2], 3: [3], 4: [4], 5: [5]}
SCORE: 34.607

-------------------

/keɾˈesia/ - /θeɾˈeθa/
k-θ_e / e-∅ / ɾ-ɾ / ˈe-ˈe / s-∅ / i-θ / a-a
{0: [0], 1: [1], 2: [2], 3: [3], 4: [4], 5: [5], 6: [6]}
{0: [0, 1], 1: None, 2: [2], 3: [3], 4: None, 5: [4], 6: [5]}
SCORE: 5.822

-------------------

/kimˈanta/ - /θiŋkwˈenta/
k-θ / i-i / m-ŋ / ∅-k / ∅-w / ˈa-∅ / n-ˈe_n / t-t / a-a
{0: [0], 1: [1], 2: [2], 3: None, 4: None, 5: [3], 6: [4], 7: [5], 8: [6]}
{0: [0], 1: [1], 2: [2], 3: [3], 4: [4], 5: None, 6: [5, 6], 7: [7], 8: [8]}
SCORE: 13.443

-------------------

/kinˈiza/ - /θenˈiθa/
k-θ / i-e / n-n / ˈi-ˈi / z-∅ / a-θ_a
{0: [0], 1: [1], 2: [2], 3: [3], 4: [4], 5: [5]}
{0: [0], 1: [1], 2: [2], 3: [3], 4: None, 5: [4, 5]}
SCORE: 16.617

-------------------

/kiɾkˈaɾɛ/ - /θeɾkˈaɾ/
k-θ / i-e / ɾ-ɾ / k-k / ˈa-ˈa / ɾ_ɛ_#>-ɾ_#>
{0: [0], 1: [1], 2: [2], 3: [3], 4: [4], 5: [5, 6]}
{0: [0], 1: [1], 2: [2], 3: [3], 4: [4], 5: [5]}
SCORE: 26.858

-------------------

/kɔlˈɔɾɛ/ - /kolˈoɾ/
k-k / ɔ_l-o_l / ˈɔ-ˈo / ɾ_ɛ_#>-ɾ_#>
{0: [0], 1: [1, 2], 2: [3], 3: [4, 5]}
{0: [0], 1: [1, 2], 2: [3], 3: [4]}
SCORE: 26.324

-------------------

/kɔnːˈɔskɛɾɛ/ - /konoθˈeɾ/
k-k / ɔ-o / nː-n / ˈɔ-o / s-∅ / k-θ / ɛ_ɾ-ˈe_ɾ / ɛ_#>-#>
{0: [0], 1: [1], 2: [2], 3: [3], 4: [4], 5: [5], 6: [6, 7], 7: [8]}
{0: [0], 1: [1], 2: [2], 3: [3], 4: None, 5: [4], 6: [5, 6], 7: None}
SCORE: 20.214

-------------------

/kɾamˈaɾɛ/ - /ɟ͡ʝamˈaɾ/
k_ɾ-ɟ͡ʝ / a_m-a_m / ˈa-ˈa / ɾ_ɛ_#>-ɾ_#>
{0: [0, 1], 1: [2, 3], 2: [4], 3: [5, 6]}
{0: [0], 1: [1, 2], 2: [3], 3: [4]}
SCORE: 24.737

-------------------

/kɾˈapa/ - /kˈaβɾa/
k-k / ɾ-∅ / ˈa-ˈa / p-β / a-ɾ_a
{0: [0], 1: [1], 2: [2], 3: [3], 4: [4]}
{0: [0], 1: None, 2: [1], 3: [2], 4: [3, 4]}
SCORE: 13.975

-------------------

/kɾˈaɛ/ - /ɟ͡ʝˈaβe/
k_ɾ-ɟ͡ʝ / ˈa-ˈa / ɛ-β_e
{0: [0, 1], 1: [2], 2: [3]}
{0: [0], 1: [1], 2: [2, 3]}
SCORE: 11.724

-------------------

/kɾˈɛðɛɾɛ/ - /kɾeˈeɾ/
k-k / ɾ-ɾ / ˈɛ-e / ð-∅ / ɛ_ɾ-ˈe_ɾ / ɛ_#>-#>
{0: [0], 1: [1], 2: [2], 3: [3], 4: [4, 5], 5: [6]}
{0: [0], 1: [1], 2: [2], 3: None, 4: [3, 4], 5: None}
SCORE: 15.835

-------------------

/kˈamaɾa/ - /kˈambɾa/
k-k / ˈa-ˈa / m-m_b / a-∅ / ɾ_a-ɾ_a
{0: [0], 1: [1], 2: [2], 3: [3], 4: [4, 5]}
{0: [0], 1: [1], 2: [2, 3], 3: None, 4: [4, 5]}
SCORE: 20.574

-------------------

/kˈantu/ - /kˈanto/
k-k / ˈa-ˈa / n-n / t-t / u-o
{0: [0], 1: [1], 2: [2], 3: [3], 4: [4]}
{0: [0], 1: [1], 2: [2], 3: [3], 4: [4]}
SCORE: 27.327

-------------------

/kˈanɛ/ - /kˈan/
k-k / ˈa-ˈa / n_ɛ_#>-n_#>
{0: [0], 1: [1], 2: [2, 3]}
{0: [0], 1: [1], 2: [2]}
SCORE: 18.227

-------------------

/kˈarɛ/ - /kˈaɾne/
k-k / ˈa-ˈa / r-ɾ_n / ɛ-e
{0: [0], 1: [1], 2: [2], 3: [3]}
{0: [0], 1: [1], 2: [2, 3], 3: [4]}
SCORE: 23.259

-------------------

/kˈaɾdju/ - /kˈaldo/
k-k / ˈa-ˈa / ɾ-l / d-d / j_u-o
{0: [0], 1: [1], 2: [2], 3: [3], 4: [4, 5]}
{0: [0], 1: [1], 2: [2], 3: [3], 4: [4]}
SCORE: 21.727

-------------------

/kˈaɾu/ - /kˈaɾo/
k-k / ˈa-ˈa / ɾ_u-ɾ_o
{0: [0], 1: [1], 2: [2, 3]}
{0: [0], 1: [1], 2: [2, 3]}
SCORE: 23.215

-------------------

/kˈelu/ - /θjˈelo/
k-θ / ˈe-j_ˈe / l-l / u-o
{0: [0], 1: [1], 2: [2], 3: [3]}
{0: [0], 1: [1, 2], 2: [3], 3: [4]}
SCORE: 21.771

-------------------

/kˈentu/ - /θjˈento/
k-θ / ˈe-j_ˈe / n-n / t-t / u-o
{0: [0], 1: [1], 2: [2], 3: [3], 4: [4]}
{0: [0], 1: [1, 2], 2: [3], 3: [4], 4: [5]}
SCORE: 25.826

-------------------

/kˈima/ - /θˈima/
k-θ / ˈi-ˈi / m-m / a-a
{0: [0], 1: [1], 2: [2], 3: [3]}
{0: [0], 1: [1], 2: [2], 3: [3]}
SCORE: 23.003

-------------------

/kˈimɛ/ - /θˈiŋko/
k-θ / ˈi-ˈi / m-ŋ / ∅-k / ∅-o / ɛ_#>-#>
{0: [0], 1: [1], 2: [2], 3: None, 4: None, 5: [3]}
{0: [0], 1: [1], 2: [2], 3: [3], 4: [4], 5: None}
SCORE: 6.041

-------------------

/kˈinɛ/ - /kjˈen/
k-k / ∅-j / ˈi-ˈe / n_ɛ_#>-n_#>
{0: [0], 1: None, 2: [1], 3: [2, 3]}
{0: [0], 1: [1], 2: [2], 3: [3]}
SCORE: 11.554

-------------------

/kˈoru/ - /kwˈeɾno/
k-k / ˈo-w_ˈe / r-ɾ_n / u-o
{0: [0], 1: [1], 2: [2], 3: [3]}
{0: [0], 1: [1, 2], 2: [3, 4], 3: [5]}
SCORE: 23.719

-------------------

/kˈoɾpuzŭ/ - /kwˈeɾpo/
k-k / ˈo-w_ˈe / ɾ-ɾ / p-p / u-o / z-∅ / ŭ-∅
{0: [0], 1: [1], 2: [2], 3: [3], 4: [4], 5: [5], 6: [6]}
{0: [0], 1: [1, 2], 2: [3], 3: [4], 4: [5], 5: None, 6: None}
SCORE: 16.742

-------------------

/kˈulu/ - /kˈulo/
k-k / ˈu-ˈu / l-l / u-o
{0: [0], 1: [1], 2: [2], 3: [3]}
{0: [0], 1: [1], 2: [2], 3: [3]}
SCORE: 24.229

-------------------

/kˈuɾʦu/ - /kˈoɾto/
k-k / ˈu-ˈo / ɾ-ɾ_t / ʦ-∅ / u-o
{0: [0], 1: [1], 2: [2], 3: [3], 4: [4]}
{0: [0], 1: [1], 2: [2, 3], 3: None, 4: [4]}
SCORE: 15.211

-------------------

/kˈɔsa/ - /kˈuxa/
k-k / ˈɔ-ˈu / ∅-x / s-∅ / a-a
{0: [0], 1: [1], 2: None, 3: [2], 4: [3]}
{0: [0], 1: [1], 2: [2], 3: None, 4: [3]}
SCORE: 6.17

-------------------

/kˈɔsta/ - /kwˈesta/
k-k / ˈɔ-w_ˈe / s-s / t-t / a-a
{0: [0], 1: [1], 2: [2], 3: [3], 4: [4]}
{0: [0], 1: [1, 2], 2: [3], 3: [4], 4: [5]}
SCORE: 26.667

-------------------

/kˈɔða/ - /kˈola/
k-k / ˈɔ-ˈo / ð_a-l_a
{0: [0], 1: [1], 2: [2, 3]}
{0: [0], 1: [1], 2: [2, 3]}
SCORE: 19.778

-------------------

/kˈɔɾɔ/ - /kˈoɾ/
k-k / ˈɔ-ˈo / ɾ-ɾ / ɔ-∅
{0: [0], 1: [1], 2: [2], 3: [3]}
{0: [0], 1: [1], 2: [2], 3: None}
SCORE: 12.548

-------------------

/kˈɛɾa/ - /θˈeɾa/
k-θ / ˈɛ-ˈe / ɾ_a-ɾ_a
{0: [0], 1: [1], 2: [2, 3]}
{0: [0], 1: [1], 2: [2, 3]}
SCORE: 21.293

-------------------

/lɛˈɔnɛ/ - /leˈon/
l-l / ɛ-e / ˈɔ-ˈo / n_ɛ_#>-n_#>
{0: [0], 1: [1], 2: [2], 3: [3, 4]}
{0: [0], 1: [1], 2: [2], 3: [3]}
SCORE: 21.252

-------------------

/lɛβˈaɾɛ/ - /ɟ͡ʝeβˈaɾ/
<#_l-<# / ∅-ɟ͡ʝ / ɛ-e / β-β / ˈa-ˈa / ɾ_ɛ_#>-ɾ_#>
{0: [0], 1: None, 2: [1], 3: [2], 4: [3], 5: [4, 5]}
{0: None, 1: [0], 2: [1], 3: [2], 4: [3], 5: [4]}
SCORE: 12.054

-------------------

/lˈaku/ - /lˈaɣo/
l-l / ˈa-ˈa / k_u-ɣ_o
{0: [0], 1: [1], 2: [2, 3]}
{0: [0], 1: [1], 2: [2, 3]}
SCORE: 24.586

-------------------

/lˈakɾima/ - /lˈaɣɾima/
l-l / ˈa-ˈa / k-ɣ / ɾ-ɾ / i-i / m-m / a-a
{0: [0], 1: [1], 2: [2], 3: [3], 4: [4], 5: [5], 6: [6]}
{0: [0], 1: [1], 2: [2], 3: [3], 4: [4], 5: [5], 6: [6]}
SCORE: 37.657

-------------------

/lˈana/ - /lˈana/
l-l / ˈa-ˈa / n-n / a-a
{0: [0], 1: [1], 2: [2], 3: [3]}
{0: [0], 1: [1], 2: [2], 3: [3]}
SCORE: 23.9

-------------------

/lˈatɛ/ - /lˈeʧe/
l-l / ˈa-∅ / t-ˈe_ʧ / ɛ-e
{0: [0], 1: [1], 2: [2], 3: [3]}
{0: [0], 1: None, 2: [1, 2], 3: [3]}
SCORE: 11.757

-------------------

/lˈetu/ - /lˈeʧo/
l-l / ˈe_t-ˈe_ʧ / u-o
{0: [0], 1: [1, 2], 2: [3]}
{0: [0], 1: [1, 2], 2: [3]}
SCORE: 24.709

-------------------

/lˈimba/ - /lˈeŋɡwa/
l-l / ˈi-ˈe / m-ŋ_ɡ / b-w / a-a
{0: [0], 1: [1], 2: [2], 3: [3], 4: [4]}
{0: [0], 1: [1], 2: [2, 3], 3: [4], 4: [5]}
SCORE: 16.509

-------------------

/lˈinːa/ - /lˈeɲo/
l-l / ˈi-ˈe / nː-ɲ / ∅-o / a_#>-#>
{0: [0], 1: [1], 2: [2], 3: None, 4: [3]}
{0: [0], 1: [1], 2: [2], 3: [3], 4: None}
SCORE: 9.072

-------------------

/lˈitɛɾa/ - /lˈetɾa/
l-l / ˈi-ˈe / t_ɛ-t / ɾ_a-ɾ_a
{0: [0], 1: [1], 2: [2, 3], 3: [4, 5]}
{0: [0], 1: [1], 2: [2], 3: [3, 4]}
SCORE: 25.514

-------------------

/lˈiβɛɾu/ - /lˈiβɾe/
l-l / ˈi-ˈi / β-β / ɛ_ɾ-ɾ / ∅-e / u_#>-#>
{0: [0], 1: [1], 2: [2], 3: [3, 4], 4: None, 5: [5]}
{0: [0], 1: [1], 2: [2], 3: [3], 4: [4], 5: None}
SCORE: 15.445

-------------------

/lˈoku/ - /lwˈeɣo/
l-l / ˈo-w_ˈe / k_u-ɣ_o
{0: [0], 1: [1], 2: [2, 3]}
{0: [0], 1: [1, 2], 2: [3, 4]}
SCORE: 24.066

-------------------

/lˈoŋɡu/ - /lwˈeŋɡo/
l-l / ˈo-w_ˈe / ∅-ŋ / ŋ-∅ / ɡ-ɡ / u-o
{0: [0], 1: [1], 2: None, 3: [2], 4: [3], 5: [4]}
{0: [0], 1: [1, 2], 2: [3], 3: None, 4: [4], 5: [5]}
SCORE: 15.222

-------------------

/lˈukɛ/ - /lˈuθ/
l-l / ˈu-ˈu / k_ɛ-θ
{0: [0], 1: [1], 2: [2, 3]}
{0: [0], 1: [1], 2: [2]}
SCORE: 18.497

-------------------

/lˈuma/ - /lˈumbɾe/
l-l / ˈu-ˈu / m-m_b / a-ɾ / #>-e_#>
{0: [0], 1: [1], 2: [2], 3: [3], 4: None}
{0: [0], 1: [1], 2: [2, 3], 3: [4], 4: [5]}
SCORE: 13.787

-------------------

/lˈuna/ - /lˈuna/
l-l / ˈu-ˈu / n-n / a-a
{0: [0], 1: [1], 2: [2], 3: [3]}
{0: [0], 1: [1], 2: [2], 3: [3]}
SCORE: 24.856

-------------------

/lˈupu/ - /lˈoβo/
l-l / ˈu-ˈo / p-β / u-o
{0: [0], 1: [1], 2: [2], 3: [3]}
{0: [0], 1: [1], 2: [2], 3: [3]}
SCORE: 20.326

-------------------

/lˈɔta/ - /lˈuʧa/
l-l / ˈɔ-ˈu / t-ʧ / a-a
{0: [0], 1: [1], 2: [2], 3: [3]}
{0: [0], 1: [1], 2: [2], 3: [3]}
SCORE: 21.329

-------------------

/lˈɛpɔɾɛ/ - /ljˈeβɾe/
l-l / ˈɛ-j_ˈe / p-β / ɔ_ɾ-ɾ / ɛ-e
{0: [0], 1: [1], 2: [2], 3: [3, 4], 4: [5]}
{0: [0], 1: [1, 2], 2: [3], 3: [4], 4: [5]}
SCORE: 19.773

-------------------

/lˈɛɣɛ/ - /lˈej/
l-l / ˈɛ-ˈe / ɣ_ɛ_#>-j_#>
{0: [0], 1: [1], 2: [2, 3]}
{0: [0], 1: [1], 2: [2]}
SCORE: 16.223

-------------------

/lˈɛɣɛɾɛ/ - /leˈeɾ/
l-l / ˈɛ-e / ɣ-∅ / ɛ_ɾ-ˈe_ɾ / ɛ_#>-#>
{0: [0], 1: [1], 2: [2], 3: [3, 4], 4: [5]}
{0: [0], 1: [1], 2: None, 3: [2, 3], 4: None}
SCORE: 12.967

-------------------

/matˈuɾu/ - /maðˈuɾo/
<#_m-<#_m / a-a / t-ð / ˈu-ˈu / ɾ_u-ɾ_o
{0: [0], 1: [1], 2: [2], 3: [3], 4: [4, 5]}
{0: [0], 1: [1], 2: [2], 3: [3], 4: [4, 5]}
SCORE: 34.108

-------------------

/mosikˈaɾɛ/ - /moɾðˈeɾ/
<#_m-<#_m / o-o / s-∅ / i-ɾ / k-∅ / ˈa-∅ / ɾ-ð / ɛ-ˈe / #>-ɾ_#>
{0: [0], 1: [1], 2: [2], 3: [3], 4: [4], 5: [5], 6: [6], 7: [7], 8: None}
{0: [0], 1: [1], 2: None, 3: [2], 4: None, 5: None, 6: [3], 7: [4], 8: [5]}
SCORE: 0.978

-------------------

/muʣˈɛɾɛ/ - /muxˈeɾ/
<#_m-<#_m / u-u / ʣ-x / ˈɛ-ˈe / ɾ_ɛ_#>-ɾ_#>
{0: [0], 1: [1], 2: [2], 3: [3], 4: [4, 5]}
{0: [0], 1: [1], 2: [2], 3: [3], 4: [4]}
SCORE: 25.015

-------------------

/mɔntˈanːa/ - /montˈaɲa/
<#_m-<#_m / ɔ-o / n-n / t-t / ˈa-ˈa / nː-ɲ / a-a
{0: [0], 1: [1], 2: [2], 3: [3], 4: [4], 5: [5], 6: [6]}
{0: [0], 1: [1], 2: [2], 3: [3], 4: [4], 5: [5], 6: [6]}
SCORE: 37.006

-------------------

/mˈanu/ - /mˈano/
<#_m-<#_m / ˈa-ˈa / n-n / u-o
{0: [0], 1: [1], 2: [2], 3: [3]}
{0: [0], 1: [1], 2: [2], 3: [3]}
SCORE: 24.244

-------------------

/mˈatɾɛ/ - /mˈaðɾe/
<#_m-<#_m / ˈa-ˈa / t-ð / ɾ-ɾ / ɛ-e
{0: [0], 1: [1], 2: [2], 3: [3], 4: [4]}
{0: [0], 1: [1], 2: [2], 3: [3], 4: [4]}
SCORE: 26.53

-------------------

/mˈaɾɛ/ - /mˈaɾ/
<#_m-<#_m / ˈa-ˈa / ɾ_ɛ_#>-ɾ_#>
{0: [0], 1: [1], 2: [2, 3]}
{0: [0], 1: [1], 2: [2]}
SCORE: 18.027

-------------------

/mˈi/ - /mˈe/
<#_m-<#_m / ˈi-ˈe
{0: [0], 1: [1]}
{0: [0], 1: [1]}
SCORE: 14.359

-------------------

/mˈiʣa/ - /mˈil/
<#_m-<#_m / ˈi-ˈi / ʣ-∅ / a-l
{0: [0], 1: [1], 2: [2], 3: [3]}
{0: [0], 1: [1], 2: None, 3: [2]}
SCORE: 10.696

-------------------

/mˈuska/ - /mˈoska/
<#_m-<#_m / ˈu-ˈo / s-s / k-k / a-a
{0: [0], 1: [1], 2: [2], 3: [3], 4: [4]}
{0: [0], 1: [1], 2: [2], 3: [3], 4: [4]}
SCORE: 28.795

-------------------

/mˈɔrɛɾɛ/ - /moɾˈiɾ/
<#_m-<#_m / ˈɔ-o / r-ɾ / ɛ-ˈi / ɾ_ɛ_#>-ɾ_#>
{0: [0], 1: [1], 2: [2], 3: [3], 4: [4, 5]}
{0: [0], 1: [1], 2: [2], 3: [3], 4: [4]}
SCORE: 18.548

-------------------

/mˈɔɾtɛ/ - /mwˈeɾte/
<#_m-<#_m / ˈɔ-w_ˈe / ɾ-ɾ / t_ɛ-t_e
{0: [0], 1: [1], 2: [2], 3: [3, 4]}
{0: [0], 1: [1, 2], 2: [3], 3: [4, 5]}
SCORE: 27.345

-------------------

/nojzˈatɛɾɔzɔ̆/ - /nosˈotɾos/
<#_n-<#_n / o-o / j-∅ / z-s / ˈa-ˈo / t-t / ɛ_ɾ-ɾ / ɔ-o / z_ɔ̆-s
{0: [0], 1: [1], 2: [2], 3: [3], 4: [4], 5: [5], 6: [6, 7], 7: [8], 8: [9, 10]}
{0: [0], 1: [1], 2: None, 3: [2], 4: [3], 5: [4], 6: [5], 7: [6], 8: [7]}
SCORE: 26.483

-------------------

/nɔn/ - /no/
<#_n-<#_n / ɔ-o / n-∅
{0: [0], 1: [1], 2: [2]}
{0: [0], 1: [1], 2: None}
SCORE: 9.92

-------------------

/nˈeβiða/ - /njˈeβla/
<#_n-<#_n / ˈe-j_ˈe / β-β / i-∅ / ð_a-l_a
{0: [0], 1: [1], 2: [2], 3: [3], 4: [4, 5]}
{0: [0], 1: [1, 2], 2: [3], 3: None, 4: [4, 5]}
SCORE: 22.31

-------------------

/nˈiβɛ/ - /njˈeβe/
<#_n-<#_n / ∅-j / ˈi-ˈe / β-β / ɛ-e
{0: [0], 1: None, 2: [1], 3: [2], 4: [3]}
{0: [0], 1: [1], 2: [2], 3: [3], 4: [4]}
SCORE: 17.634

-------------------

/nˈostɾu/ - /nwˈestɾo/
<#_n-<#_n / ˈo-w_ˈe / s-s / t-t / ɾ_u-ɾ_o
{0: [0], 1: [1], 2: [2], 3: [3], 4: [4, 5]}
{0: [0], 1: [1, 2], 2: [3], 3: [4], 4: [5, 6]}
SCORE: 33.619

-------------------

/nˈoβu/ - /nwˈeβo/
<#_n-<#_n / ˈo-w_ˈe / β-β / u-o
{0: [0], 1: [1], 2: [2], 3: [3]}
{0: [0], 1: [1, 2], 2: [3], 3: [4]}
SCORE: 24.766

-------------------

/nˈukɛ/ - /nwˈeθ/
<#_n-<#_n / ˈu-w / k_ɛ-ˈe_θ
{0: [0], 1: [1], 2: [2, 3]}
{0: [0], 1: [1], 2: [2, 3]}
SCORE: 15.34

-------------------

/nˈumɛnɛ/ - /nˈombɾe/
<#_n-<#_n / ˈu-ˈo / m-m_b / ɛ-ɾ / n_ɛ-e
{0: [0], 1: [1], 2: [2], 3: [3], 4: [4, 5]}
{0: [0], 1: [1], 2: [2, 3], 3: [4], 4: [5]}
SCORE: 21.207

-------------------

/nˈuɣɛ/ - /nˈuβe/
<#_n-<#_n / ˈu-ˈu / ɣ-β / ɛ-e
{0: [0], 1: [1], 2: [2], 3: [3]}
{0: [0], 1: [1], 2: [2], 3: [3]}
SCORE: 20.848

-------------------

/nˈɔtɛ/ - /nˈoʧe/
<#_n-<#_n / ˈɔ-ˈo / t-ʧ / ɛ-e
{0: [0], 1: [1], 2: [2], 3: [3]}
{0: [0], 1: [1], 2: [2], 3: [3]}
SCORE: 22.527

-------------------

/nˈɔβɛ/ - /nwˈeβe/
<#_n-<#_n / ˈɔ-w_ˈe / β-β / ɛ-e
{0: [0], 1: [1], 2: [2], 3: [3]}
{0: [0], 1: [1, 2], 2: [3], 3: [4]}
SCORE: 22.871

-------------------

/okˈiðɛɾɛ/ - /matˈaɾ/
<#-<#_m / o-∅ / k-a / ˈi-∅ / ð_ɛ-t_ˈa / ɾ_ɛ_#>-ɾ_#>
{0: None, 1: [0], 2: [1], 3: [2], 4: [3, 4], 5: [5, 6]}
{0: [0], 1: None, 2: [1], 3: None, 4: [2, 3], 5: [4]}
SCORE: -1.274

-------------------

/oɾˈikɾa/ - /oɾˈexa/
o-o / ɾ-ɾ / ˈi-ˈe / k_ɾ-x / a-a
{0: [0], 1: [1], 2: [2], 3: [3, 4], 4: [5]}
{0: [0], 1: [1], 2: [2], 3: [3], 4: [4]}
SCORE: 23.509

-------------------

/paɾˈaɣula/ - /palˈaβɾa/
p-p / a-a / ɾ-l / ˈa-ˈa / ɣ-β / u-ɾ / l-∅ / a-a
{0: [0], 1: [1], 2: [2], 3: [3], 4: [4], 5: [5], 6: [6], 7: [7]}
{0: [0], 1: [1], 2: [2], 3: [3], 4: [4], 5: [5], 6: None, 7: [6]}
SCORE: 19.543

-------------------

/pɾɛðˈuku/ - /pjˈoxo/
p-p / ɾ-∅ / ɛ-j / ð-∅ / ˈu-ˈo / k-x / u-o
{0: [0], 1: [1], 2: [2], 3: [3], 4: [4], 5: [5], 6: [6]}
{0: [0], 1: None, 2: [1], 3: None, 4: [2], 5: [3], 6: [4]}
SCORE: 10.747

-------------------

/pɾˈaŋɡɛɾɛ/ - /ɟ͡ʝoɾˈaɾ/
p-ɟ͡ʝ / ɾ-o_ɾ / ˈa-ˈa / ŋ-∅ / ɡ-∅ / ɛ_ɾ-ɾ / ɛ_#>-#>
{0: [0], 1: [1], 2: [2], 3: [3], 4: [4], 5: [5, 6], 6: [7]}
{0: [0], 1: [1, 2], 2: [3], 3: None, 4: None, 5: [4], 6: None}
SCORE: 2.996

-------------------

/pɾˈaɛ/ - /ɟ͡ʝˈaɣa/
p_ɾ-ɟ͡ʝ / ˈa-ˈa / ∅-ɣ / ɛ-a
{0: [0, 1], 1: [2], 2: None, 3: [3]}
{0: [0], 1: [1], 2: [2], 3: [3]}
SCORE: 8.834

-------------------

/pɾˈenu/ - /ɟ͡ʝˈeno/
p_ɾ-ɟ͡ʝ / ˈe-ˈe / n-n / u-o
{0: [0, 1], 1: [2], 2: [3], 3: [4]}
{0: [0], 1: [1], 2: [2], 3: [3]}
SCORE: 21.678

-------------------

/pɾˈɔja/ - /ɟ͡ʝˈuβja/
p_ɾ-ɟ͡ʝ / ˈɔ-ˈu / ∅-β / j-j / a-a
{0: [0, 1], 1: [2], 2: None, 3: [3], 4: [4]}
{0: [0], 1: [1], 2: [2], 3: [3], 4: [4]}
SCORE: 15.24

-------------------

/pˈaku/ - /pˈoko/
p-p / ˈa-ˈo / k-k / u-o
{0: [0], 1: [1], 2: [2], 3: [3]}
{0: [0], 1: [1], 2: [2], 3: [3]}
SCORE: 19.912

-------------------

/pˈakɛ/ - /pˈaθ/
p-p / ˈa-ˈa / k_ɛ-θ
{0: [0], 1: [1], 2: [2, 3]}
{0: [0], 1: [1], 2: [2]}
SCORE: 17.885

-------------------

/pˈanɛ/ - /pˈan/
p-p / ˈa-ˈa / n_ɛ_#>-n_#>
{0: [0], 1: [1], 2: [2, 3]}
{0: [0], 1: [1], 2: [2]}
SCORE: 19.349

-------------------

/pˈesikɛ/ - /pɾˈisko/
p-p / ∅-ɾ / ˈe-ˈi / s-s / i-∅ / k-k / ∅-o / ɛ_#>-#>
{0: [0], 1: None, 2: [1], 3: [2], 4: [3], 5: [4], 6: None, 7: [5]}
{0: [0], 1: [1], 2: [2], 3: [3], 4: None, 5: [4], 6: [5], 7: None}
SCORE: 3.746

-------------------

/pˈetu/ - /pˈeʧo/
p-p / ˈe_t-ˈe_ʧ / u-o
{0: [0], 1: [1, 2], 2: [3]}
{0: [0], 1: [1, 2], 2: [3]}
SCORE: 25.053

-------------------

/pˈilu/ - /pˈelo/
p-p / ˈi-ˈe / l-l / u-o
{0: [0], 1: [1], 2: [2], 3: [3]}
{0: [0], 1: [1], 2: [2], 3: [3]}
SCORE: 22.722

-------------------

/pˈinːa/ - /pˈeɲa/
p-p / ˈi-ˈe / nː-ɲ / a-a
{0: [0], 1: [1], 2: [2], 3: [3]}
{0: [0], 1: [1], 2: [2], 3: [3]}
SCORE: 22.093

-------------------

/pˈiskɛ/ - /pˈeθ/
p-p / ˈi-ˈe / s-∅ / k_ɛ-θ
{0: [0], 1: [1], 2: [2], 3: [3, 4]}
{0: [0], 1: [1], 2: None, 3: [2]}
SCORE: 11.213

-------------------

/pˈoɾku/ - /pwˈeɾko/
p-p / ˈo-w_ˈe / ɾ-ɾ / k-k / u-o
{0: [0], 1: [1], 2: [2], 3: [3], 4: [4]}
{0: [0], 1: [1, 2], 2: [3], 3: [4], 4: [5]}
SCORE: 26.742

-------------------

/pˈoʣu/ - /pˈoʝo/
p-p / ˈo-ˈo / ʣ-ʝ / u-o
{0: [0], 1: [1], 2: [2], 3: [3]}
{0: [0], 1: [1], 2: [2], 3: [3]}
SCORE: 21.605

-------------------

/pˈoβɾu/ - /pˈoβɾe/
p-p / ˈo-ˈo / β-β / ɾ_u-ɾ / #>-e_#>
{0: [0], 1: [1], 2: [2], 3: [3, 4], 4: None}
{0: [0], 1: [1], 2: [2], 3: [3], 4: [4]}
SCORE: 19.235

-------------------

/pˈuntu/ - /pˈunto/
p-p / ˈu-ˈu / n-n / t-t / u-o
{0: [0], 1: [1], 2: [2], 3: [3], 4: [4]}
{0: [0], 1: [1], 2: [2], 3: [3], 4: [4]}
SCORE: 29.405

-------------------

/pˈunʣu/ - /pˈuɲo/
p-p / ˈu-ˈu / n_ʣ-ɲ / u-o
{0: [0], 1: [1], 2: [2, 3], 3: [4]}
{0: [0], 1: [1], 2: [2], 3: [3]}
SCORE: 25.514

-------------------

/pˈutu/ - /pˈoθo/
p-p / ˈu-ˈo / ∅-θ / t-∅ / u-o
{0: [0], 1: [1], 2: None, 3: [2], 4: [3]}
{0: [0], 1: [1], 2: [2], 3: None, 4: [3]}
SCORE: 8.733

-------------------

/pˈɔntɛ/ - /pwˈente/
p-p / ˈɔ-w_ˈe / n-n / t_ɛ-t_e
{0: [0], 1: [1], 2: [2], 3: [3, 4]}
{0: [0], 1: [1, 2], 2: [3], 3: [4, 5]}
SCORE: 27.678

-------------------

/pˈɔnːɛɾɛ/ - /ponˈeɾ/
p-p / ˈɔ-o / nː-n / ɛ_ɾ-ˈe_ɾ / ɛ_#>-#>
{0: [0], 1: [1], 2: [2], 3: [3, 4], 4: [5]}
{0: [0], 1: [1], 2: [2], 3: [3, 4], 4: None}
SCORE: 19.813

-------------------

/pˈɔtɛɾɛ/ - /poðˈeɾ/
p-p / ˈɔ-o / t-ð / ɛ_ɾ-ˈe_ɾ / ɛ_#>-#>
{0: [0], 1: [1], 2: [2], 3: [3, 4], 4: [5]}
{0: [0], 1: [1], 2: [2], 3: [3, 4], 4: None}
SCORE: 21.192

-------------------

/pˈɛna/ - /pˈena/
p-p / ˈɛ-ˈe / n-n / a-a
{0: [0], 1: [1], 2: [2], 3: [3]}
{0: [0], 1: [1], 2: [2], 3: [3]}
SCORE: 23.198

-------------------

/pˈɛtɾa/ - /pjˈeðɾa/
p-p / ˈɛ-j_ˈe / t-ð / ɾ_a-ɾ_a
{0: [0], 1: [1], 2: [2], 3: [3, 4]}
{0: [0], 1: [1, 2], 2: [3], 3: [4, 5]}
SCORE: 28.149

-------------------

/pˈɛðɛ/ - /pjˈe/
p-p / ˈɛ-j / ð-∅ / ɛ-ˈe
{0: [0], 1: [1], 2: [2], 3: [3]}
{0: [0], 1: [1], 2: None, 3: [2]}
SCORE: 11.202

-------------------

/pˈɛɖːɛ/ - /pjˈel/
p-p / ˈɛ-j / ɖː-∅ / ɛ-ˈe / #>-l_#>
{0: [0], 1: [1], 2: [2], 3: [3], 4: None}
{0: [0], 1: [1], 2: None, 3: [2], 4: [3]}
SCORE: 11.877

-------------------

/rɔmˈanu/ - /romˈano/
r-r / ɔ-o / m-m / ˈa-ˈa / n-n / u-o
{0: [0], 1: [1], 2: [2], 3: [3], 4: [4], 5: [5]}
{0: [0], 1: [1], 2: [2], 3: [3], 4: [4], 5: [5]}
SCORE: 33.869

-------------------

/rɛzˈɔnɛ/ - /raθˈon/
r-r / ɛ-a / ∅-θ / z-∅ / ˈɔ-ˈo / n_ɛ_#>-n_#>
{0: [0], 1: [1], 2: None, 3: [2], 4: [3], 5: [4, 5]}
{0: [0], 1: [1], 2: [2], 3: None, 4: [3], 5: [4]}
SCORE: 9.845

-------------------

/rˈuβju/ - /rˈuβjo/
r-r / ˈu-ˈu / β-β / j-j / u-o
{0: [0], 1: [1], 2: [2], 3: [3], 4: [4]}
{0: [0], 1: [1], 2: [2], 3: [3], 4: [4]}
SCORE: 31.556

-------------------

/rˈɔta/ - /rwˈeða/
r-r / ˈɔ-w_ˈe / t_a-ð_a
{0: [0], 1: [1], 2: [2, 3]}
{0: [0], 1: [1, 2], 2: [3, 4]}
SCORE: 24.385

-------------------

/salˈutɛ/ - /salˈuð/
<#_s-<#_s / a-a / l-l / ˈu-ˈu / t-ð / ɛ_#>-#>
{0: [0], 1: [1], 2: [2], 3: [3], 4: [4], 5: [5]}
{0: [0], 1: [1], 2: [2], 3: [3], 4: [4], 5: None}
SCORE: 27.537

-------------------

/sikˈuɾu/ - /seɣˈuɾo/
<#_s-<#_s / i-e / k-ɣ / ˈu-ˈu / ɾ_u-ɾ_o
{0: [0], 1: [1], 2: [2], 3: [3], 4: [4, 5]}
{0: [0], 1: [1], 2: [2], 3: [3], 4: [4, 5]}
SCORE: 32.817

-------------------

/sufɾˈiɾɛ/ - /sufɾˈiɾ/
<#_s-<#_s / u-u / f-f / ɾ-ɾ / ˈi-ˈi / ɾ_ɛ_#>-ɾ_#>
{0: [0], 1: [1], 2: [2], 3: [3], 4: [4], 5: [5, 6]}
{0: [0], 1: [1], 2: [2], 3: [3], 4: [4], 5: [5]}
SCORE: 30.758

-------------------

/sˈalɛ/ - /sˈal/
<#_s-<#_s / ˈa-ˈa / l_ɛ_#>-l_#>
{0: [0], 1: [1], 2: [2, 3]}
{0: [0], 1: [1], 2: [2]}
SCORE: 19.827

-------------------

/sˈamɛnɛ/ - /sˈaŋɡɾe/
<#_s-<#_s / ˈa-ˈa / m-ŋ_ɡ / ɛ-ɾ / n_ɛ-e
{0: [0], 1: [1], 2: [2], 3: [3], 4: [4, 5]}
{0: [0], 1: [1], 2: [2, 3], 3: [4], 4: [5]}
SCORE: 20.196

-------------------

/sˈantu/ - /sˈanto/
<#_s-<#_s / ˈa-ˈa / n-n / t-t / u-o
{0: [0], 1: [1], 2: [2], 3: [3], 4: [4]}
{0: [0], 1: [1], 2: [2], 3: [3], 4: [4]}
SCORE: 28.456

-------------------

/sˈanu/ - /sˈano/
<#_s-<#_s / ˈa-ˈa / n-n / u-o
{0: [0], 1: [1], 2: [2], 3: [3]}
{0: [0], 1: [1], 2: [2], 3: [3]}
SCORE: 23.761

-------------------

/sˈapju/ - /sˈaβjo/
<#_s-<#_s / ˈa-ˈa / p-β / j-j / u-o
{0: [0], 1: [1], 2: [2], 3: [3], 4: [4]}
{0: [0], 1: [1], 2: [2], 3: [3], 4: [4]}
SCORE: 25.771

-------------------

/sˈaɾsa/ - /sˈalsa/
<#_s-<#_s / ˈa-ˈa / ɾ-l / s-s / a-a
{0: [0], 1: [1], 2: [2], 3: [3], 4: [4]}
{0: [0], 1: [1], 2: [2], 3: [3], 4: [4]}
SCORE: 25.112

-------------------

/sˈiku/ - /sˈeko/
<#_s-<#_s / ˈi-ˈe / k-k / u-o
{0: [0], 1: [1], 2: [2], 3: [3]}
{0: [0], 1: [1], 2: [2], 3: [3]}
SCORE: 21.952

-------------------

/sˈupɾa/ - /sˈoβɾe/
<#_s-<#_s / ˈu-ˈo / p-β / ɾ-ɾ / a-e
{0: [0], 1: [1], 2: [2], 3: [3], 4: [4]}
{0: [0], 1: [1], 2: [2], 3: [3], 4: [4]}
SCORE: 20.898

-------------------

/sˈɔlɛ/ - /sˈol/
<#_s-<#_s / ˈɔ-ˈo / l_ɛ_#>-l_#>
{0: [0], 1: [1], 2: [2, 3]}
{0: [0], 1: [1], 2: [2]}
SCORE: 19.31

-------------------

/sˈɛmɛnɛ/ - /semˈiʝa/
<#_s-<#_s / ˈɛ-e / m-m / ɛ-ˈi / ∅-ʝ / n-a / ɛ_#>-#>
{0: [0], 1: [1], 2: [2], 3: [3], 4: None, 5: [4], 6: [5]}
{0: [0], 1: [1], 2: [2], 3: [3], 4: [4], 5: [5], 6: None}
SCORE: 10.657

-------------------

/sˈɛta/ - /sˈeða/
<#_s-<#_s / ˈɛ-ˈe / t_a-ð_a
{0: [0], 1: [1], 2: [2, 3]}
{0: [0], 1: [1], 2: [2, 3]}
SCORE: 23.65

-------------------

/sˈɛtɛ/ - /sjˈete/
<#_s-<#_s / ˈɛ-j_ˈe / t_ɛ-t_e
{0: [0], 1: [1], 2: [2, 3]}
{0: [0], 1: [1, 2], 2: [3, 4]}
SCORE: 23.855

-------------------

/sˈɛzɛ̆/ - /sˈejs/
<#_s-<#_s / ˈɛ-ˈe / z-∅ / ɛ̆-j_s
{0: [0], 1: [1], 2: [2], 3: [3]}
{0: [0], 1: [1], 2: None, 3: [2, 3]}
SCORE: 11.639

-------------------

/sˈɛðɛɾe/ - /sentˈaɾ/
<#_s-<#_s / ˈɛ-e / ∅-n / ð_ɛ-t_ˈa / ɾ-ɾ / e-∅
{0: [0], 1: [1], 2: None, 3: [2, 3], 4: [4], 5: [5]}
{0: [0], 1: [1], 2: [2], 3: [3, 4], 4: [5], 5: None}
SCORE: 9.846

-------------------

/tusˈiɾɛ/ - /tosˈeɾ/
<#_t-<#_t / u-o / s-s / ˈi-ˈe / ɾ_ɛ_#>-ɾ_#>
{0: [0], 1: [1], 2: [2], 3: [3], 4: [4, 5]}
{0: [0], 1: [1], 2: [2], 3: [3], 4: [4]}
SCORE: 25.515

-------------------

/tɾˈaβu/ - /tˈoɾo/
<#_t-<#_t / ɾ-∅ / ˈa-ˈo / β-∅ / u-ɾ_o
{0: [0], 1: [1], 2: [2], 3: [3], 4: [4]}
{0: [0], 1: None, 2: [1], 3: None, 4: [2, 3]}
SCORE: 5.153

-------------------

/tɾˈɛzɛ̆/ - /tɾˈes/
<#_t-<#_t / ɾ-ɾ / ˈɛ-ˈe / z-s / ɛ̆-∅
{0: [0], 1: [1], 2: [2], 3: [3], 4: [4]}
{0: [0], 1: [1], 2: [2], 3: [3], 4: None}
SCORE: 18.706

-------------------

/tˈempuzŭ/ - /tjˈempo/
<#_t-<#_t / ˈe-j_ˈe / m-m / p-p / u-o / z-∅ / ŭ-∅
{0: [0], 1: [1], 2: [2], 3: [3], 4: [4], 5: [5], 6: [6]}
{0: [0], 1: [1, 2], 2: [3], 3: [4], 4: [5], 5: None, 6: None}
SCORE: 21.182

-------------------

/tˈotu/ - /tˈoðo/
<#_t-<#_t / ˈo-ˈo / t-ð / u-o
{0: [0], 1: [1], 2: [2], 3: [3]}
{0: [0], 1: [1], 2: [2], 3: [3]}
SCORE: 23.892

-------------------

/tˈunːu/ - /reðˈondo/
<#-<#_r / ∅-e / t-ð / ˈu-ˈo / nː-n / ∅-d / u-o
{0: None, 1: None, 2: [0], 3: [1], 4: [2], 5: None, 6: [3]}
{0: [0], 1: [1], 2: [2], 3: [3], 4: [4], 5: [5], 6: [6]}
SCORE: 8.33

-------------------

/tˈuɛ/ - /tˈu/
<#_t-<#_t / ˈu-ˈu / ɛ_#>-#>
{0: [0], 1: [1], 2: [2]}
{0: [0], 1: [1], 2: None}
SCORE: 15.25

-------------------

/tˈɔtɔzɔ̆/ - /tˈoðos/
<#_t-<#_t / ˈɔ-ˈo / t-ð / ɔ-o / z_ɔ̆-s
{0: [0], 1: [1], 2: [2], 3: [3], 4: [4, 5]}
{0: [0], 1: [1], 2: [2], 3: [3], 4: [4]}
SCORE: 25.153

-------------------

/tˈɛra/ - /tjˈera/
<#_t-<#_t / ˈɛ-j_ˈe / r-r / a-a
{0: [0], 1: [1], 2: [2], 3: [3]}
{0: [0], 1: [1, 2], 2: [3], 3: [4]}
SCORE: 26.715

-------------------

/ɔpɛrˈaju/ - /oβɾˈeɾo/
ɔ-o / p-β / ɛ-ɾ / ∅-ˈe / r-ɾ / ˈa-∅ / j_u-o
{0: [0], 1: [1], 2: [2], 3: None, 4: [3], 5: [4], 6: [5, 6]}
{0: [0], 1: [1], 2: [2], 3: [3], 4: [4], 5: None, 6: [5]}
SCORE: 5.128

-------------------

/ɡrˈanu/ - /ɡɾˈano/
ɡ-ɡ / r-ɾ / ˈa-ˈa / n-n / u-o
{0: [0], 1: [1], 2: [2], 3: [3], 4: [4]}
{0: [0], 1: [1], 2: [2], 3: [3], 4: [4]}
SCORE: 27.963

-------------------

/ɡɛlˈaɾɛ/ - /elˈaɾ/
ɡ_ɛ-e / l-l / ˈa-ˈa / ɾ_ɛ_#>-ɾ_#>
{0: [0, 1], 1: [2], 2: [3], 3: [4, 5]}
{0: [0], 1: [1], 2: [2], 3: [3]}
SCORE: 18.468

-------------------

/ɡɛɾmˈanu/ - /eɾmˈano/
ɡ_ɛ-e / ɾ-ɾ / m-m / ˈa-ˈa / n-n / u-o
{0: [0, 1], 1: [2], 2: [3], 3: [4], 4: [5], 5: [6]}
{0: [0], 1: [1], 2: [2], 3: [3], 4: [4], 5: [5]}
SCORE: 28.619

-------------------

/ɡɾˈasu/ - /ɡɾˈasa/
ɡ-ɡ / ɾ-ɾ / ˈa-ˈa / s-s / ∅-a / u_#>-#>
{0: [0], 1: [1], 2: [2], 3: [3], 4: None, 5: [4]}
{0: [0], 1: [1], 2: [2], 3: [3], 4: [4], 5: None}
SCORE: 17.887

-------------------

/ɡɾˈusu/ - /ɡɾwˈeso/
ɡ-ɡ / ɾ-ɾ / ˈu-w / s-ˈe_s / u-o
{0: [0], 1: [1], 2: [2], 3: [3], 4: [4]}
{0: [0], 1: [1], 2: [2], 3: [3, 4], 4: [5]}
SCORE: 22.449

-------------------

/ɡˈatu/ - /ɡˈato/
ɡ-ɡ / ˈa-ˈa / t-t / u-o
{0: [0], 1: [1], 2: [2], 3: [3]}
{0: [0], 1: [1], 2: [2], 3: [3]}
SCORE: 25.33

-------------------

/ɡˈelu/ - /ɟ͡ʝˈelo/
ɡ-ɟ͡ʝ / ˈe-ˈe / l-l / u-o
{0: [0], 1: [1], 2: [2], 3: [3]}
{0: [0], 1: [1], 2: [2], 3: [3]}
SCORE: 19.877

-------------------

/ɡˈenːeɾu/ - /ɟ͡ʝˈeɾno/
ɡ-ɟ͡ʝ / ˈe-ˈe / ∅-ɾ / nː-n / e-∅ / ɾ_u-o
{0: [0], 1: [1], 2: None, 3: [2], 4: [3], 5: [4, 5]}
{0: [0], 1: [1], 2: [2], 3: [3], 4: None, 5: [4]}
SCORE: 5.291

-------------------

/ɡˈula/ - /ɡˈola/
ɡ-ɡ / ˈu-ˈo / l-l / a-a
{0: [0], 1: [1], 2: [2], 3: [3]}
{0: [0], 1: [1], 2: [2], 3: [3]}
SCORE: 25.679

-------------------

/ɡˈuta/ - /ɡˈota/
ɡ-ɡ / ˈu-ˈo / t-t / a-a
{0: [0], 1: [1], 2: [2], 3: [3]}
{0: [0], 1: [1], 2: [2], 3: [3]}
SCORE: 25.267

-------------------

/ɾaðikˈina/ - /raˈiθ/
<#_ɾ-<#_r / a-a / ð-∅ / i-ˈi / k_ˈi-θ / n-∅ / a_#>-#>
{0: [0], 1: [1], 2: [2], 3: [3], 4: [4, 5], 5: [6], 6: [7]}
{0: [0], 1: [1], 2: None, 3: [2], 4: [3], 5: None, 6: None}
SCORE: -0.063

-------------------

/ɾeˈina/ - /rˈejna/
<#_ɾ-<#_r / e-∅ / ˈi-ˈe / n-j_n / a-a
{0: [0], 1: [1], 2: [2], 3: [3], 4: [4]}
{0: [0], 1: None, 2: [1], 3: [2, 3], 4: [4]}
SCORE: 11.417

-------------------

/ɾˈiβu/ - /rˈio/
<#_ɾ-<#_r / ˈi-ˈi / β-∅ / u-o
{0: [0], 1: [1], 2: [2], 3: [3]}
{0: [0], 1: [1], 2: None, 3: [2]}
SCORE: 12.447

-------------------

/ɾˈukɛ/ - /kɾˈuθ/
<#-<#_k / ɾ-ɾ / ˈu-ˈu / k_ɛ-θ
{0: None, 1: [0], 2: [1], 3: [2, 3]}
{0: [0], 1: [1], 2: [2], 3: [3]}
SCORE: 13.618

-------------------

/ɾˈɛɣɛ/ - /rˈej/
<#_ɾ-<#_r / ˈɛ-ˈe / ɣ_ɛ_#>-j_#>
{0: [0], 1: [1], 2: [2, 3]}
{0: [0], 1: [1], 2: [2]}
SCORE: 14.381

-------------------

/ʣˈoku/ - /xwˈeɣo/
<#_ʣ-<#_x / ˈo-w_ˈe / k_u-ɣ_o
{0: [0], 1: [1], 2: [2, 3]}
{0: [0], 1: [1, 2], 2: [3, 4]}
SCORE: 26.255

-------------------

/ʣˈuðike/ - /xwˈeθ/
<#_ʣ-<#_x / ˈu-w / ð-∅ / i-∅ / k-ˈe_θ / e-∅
{0: [0], 1: [1], 2: [2], 3: [3], 4: [4], 5: [5]}
{0: [0], 1: [1], 2: None, 3: None, 4: [2, 3], 5: None}
SCORE: -0.14

-------------------

/ʣˈɔβanu/ - /xˈoβen/
<#_ʣ-<#_x / ˈɔ-ˈo / β-β / a-e / n-n / u_#>-#>
{0: [0], 1: [1], 2: [2], 3: [3], 4: [4], 5: [5]}
{0: [0], 1: [1], 2: [2], 3: [3], 4: [4], 5: None}
SCORE: 24.901

-------------------

/ˈanima/ - /ˈalma/
<#_ˈa-<#_ˈa / ∅-l / n-∅ / i-∅ / m-m / a-a
{0: [0], 1: None, 2: [1], 3: [2], 4: [3], 5: [4]}
{0: [0], 1: [1], 2: None, 3: None, 4: [2], 5: [3]}
SCORE: 7.029

-------------------

/ˈanːu/ - /ˈaɲo/
<#_ˈa-<#_ˈa / nː-ɲ / u-o
{0: [0], 1: [1], 2: [2]}
{0: [0], 1: [1], 2: [2]}
SCORE: 20.13

-------------------

/ˈateɾu/ - /ˈotɾo/
ˈa-ˈo / t-t / e-∅ / ɾ_u-ɾ_o
{0: [0], 1: [1], 2: [2], 3: [3, 4]}
{0: [0], 1: [1], 2: None, 3: [2, 3]}
SCORE: 14.874

-------------------

/ˈaɾboɾɛ/ - /ˈaɾβol/
<#_ˈa-<#_ˈa / ɾ-ɾ / b-β / o-o / ɾ-l / ɛ_#>-#>
{0: [0], 1: [1], 2: [2], 3: [3], 4: [4], 5: [5]}
{0: [0], 1: [1], 2: [2], 3: [3], 4: [4], 5: None}
SCORE: 18.412

-------------------

/ˈaʣu/ - /ˈaxo/
<#_ˈa-<#_ˈa / ʣ-x / u-o
{0: [0], 1: [1], 2: [2]}
{0: [0], 1: [1], 2: [2]}
SCORE: 21.336

-------------------

/ˈaβa/ - /ˈaɣwa/
<#_ˈa-<#_ˈa / ∅-ɣ / ∅-w / β-∅ / a-a
{0: [0], 1: None, 2: None, 3: [1], 4: [2]}
{0: [0], 1: [1], 2: [2], 3: None, 4: [3]}
SCORE: 1.633

-------------------

/ˈaβɛ/ - /ˈaβe/
<#_ˈa-<#_ˈa / β-β / ɛ-e
{0: [0], 1: [1], 2: [2]}
{0: [0], 1: [1], 2: [2]}
SCORE: 20.805

-------------------

/ˈilɛ/ - /ˈel/
<#_ˈi-<#_ˈe / l_ɛ_#>-l_#>
{0: [0], 1: [1, 2]}
{0: [0], 1: [1]}
SCORE: 14.184

-------------------

/ˈisa/ - /ˈeʝa/
<#_ˈi-<#_ˈe / ∅-ʝ / s-∅ / a-a
{0: [0], 1: None, 2: [1], 3: [2]}
{0: [0], 1: [1], 2: None, 3: [2]}
SCORE: 4.141

-------------------

/ˈitɛ/ - /kˈe/
<#-<#_k / ˈi-ˈe / t-∅ / ɛ_#>-#>
{0: None, 1: [0], 2: [1], 3: [2]}
{0: [0], 1: [1], 2: None, 3: None}
SCORE: -2.4

-------------------

/ˈizula/ - /ˈisla/
ˈi-ˈi / z-s / u-∅ / l-l / a-a
{0: [0], 1: [1], 2: [2], 3: [3], 4: [4]}
{0: [0], 1: [1], 2: None, 3: [2], 4: [3]}
SCORE: 19.193

-------------------

/ˈokɾu/ - /ˈoxo/
ˈo-ˈo / k_ɾ-x / u-o
{0: [0], 1: [1, 2], 2: [3]}
{0: [0], 1: [1], 2: [2]}
SCORE: 16.771

-------------------

/ˈominɛ/ - /ˈombɾe/
ˈo-ˈo / m-m / i-b_ɾ / n_ɛ-e
{0: [0], 1: [1], 2: [2], 3: [3, 4]}
{0: [0], 1: [1], 2: [2, 3], 3: [4]}
SCORE: 20.169

-------------------

/ˈosu/ - /wˈeso/
ˈo-w_ˈe / s-s / u-o
{0: [0], 1: [1], 2: [2]}
{0: [0, 1], 1: [2], 2: [3]}
SCORE: 18.066

-------------------

/ˈoβu/ - /wˈeβo/
ˈo-w_ˈe / β-β / u-o
{0: [0], 1: [1], 2: [2]}
{0: [0, 1], 1: [2], 2: [3]}
SCORE: 18.958

-------------------

/ˈunu/ - /ˈuno/
ˈu-ˈu / n-n / u-o
{0: [0], 1: [1], 2: [2]}
{0: [0], 1: [1], 2: [2]}
SCORE: 19.258

-------------------

/ˈuŋɡɾa/ - /ˈuɲa/
ˈu-ˈu / ∅-ɲ / ŋ-∅ / ɡ-∅ / ɾ_a-a
{0: [0], 1: None, 2: [1], 3: [2], 4: [3, 4]}
{0: [0], 1: [1], 2: None, 3: None, 4: [2]}
SCORE: -2.036

-------------------

/ˈuɾsu/ - /ˈoso/
ˈu-ˈo / ɾ-∅ / s-s / u-o
{0: [0], 1: [1], 2: [2], 3: [3]}
{0: [0], 1: None, 2: [1], 3: [2]}
SCORE: 13.033

-------------------

/ˈɔkɾɔzɔ̆/ - /ˈoxos/
ˈɔ-ˈo / k_ɾ-x / ɔ-o / z_ɔ̆-s
{0: [0], 1: [1, 2], 2: [3], 3: [4, 5]}
{0: [0], 1: [1], 2: [2], 3: [3]}
SCORE: 18.031

-------------------

/ˈɔpɛɾa/ - /wˈeβɾa/
ˈɔ-w_ˈe / p-β / ɛ_ɾ-ɾ / a-a
{0: [0], 1: [1], 2: [2, 3], 3: [4]}
{0: [0, 1], 1: [2], 2: [3], 3: [4]}
SCORE: 16.486

-------------------

/ˈɔtɔ/ - /ˈoʧo/
ˈɔ-ˈo / t-ʧ / ɔ-o
{0: [0], 1: [1], 2: [2]}
{0: [0], 1: [1], 2: [2]}
SCORE: 17.543

-------------------

/ˈɛɾba/ - /jˈeɾβa/
ˈɛ-j_ˈe / ɾ-ɾ / b-β / a-a
{0: [0], 1: [1], 2: [2], 3: [3]}
{0: [0, 1], 1: [2], 2: [3], 3: [4]}
SCORE: 17.729
