/bèːw/ - /bʲˈewɪ/
b-bʲ / eː-e / ̀-∅ / w-w_ɪ
{0: [0], 1: [1], 2: [2], 3: [3]}
{0: [0], 1: [1], 2: None, 3: [2, 3]}
SCORE: 13.112

-------------------

/bìːti/ - /bˈɪʨ/
b-b / iː_̀-ɪ / t_i-ʨ
{0: [0], 1: [1, 2], 2: [3, 4]}
{0: [0], 1: [1], 2: [2]}
SCORE: 15.349

-------------------

/bòːbər/ - /bˈɔbʀ/
b-b / oː_̀-ɔ / b-b / ə_r-ʀ
{0: [0], 1: [1, 2], 2: [3], 3: [4, 5]}
{0: [0], 1: [1], 2: [2], 3: [3]}
SCORE: 18.15

-------------------

/bóːɡ̊/ - /bˈox/
b-b / oː_́-o / ɡ̊_#>-x_#>
{0: [0], 1: [1, 2], 2: [3]}
{0: [0], 1: [1], 2: [2]}
SCORE: 17.59

-------------------

/bràːda/ - /bʀˈɔda/
b-b / r_aː-ʀ_ɔ / ̀-∅ / d-d / a-a
{0: [0], 1: [1, 2], 2: [3], 3: [4], 4: [5]}
{0: [0], 1: [1, 2], 2: None, 3: [3], 4: [4]}
SCORE: 22.672

-------------------

/brèːza/ - /bʀʲˈeza/
b-b / r-ʀʲ / eː-e / ̀-∅ / z-z / a-a
{0: [0], 1: [1], 2: [2], 3: [3], 4: [4], 5: [5]}
{0: [0], 1: [1], 2: [2], 3: None, 4: [3], 5: [4]}
SCORE: 25.527

-------------------

/brɛ̀z̥/ - /bʲˈɛz̥/
b-bʲ / r-∅ / ɛ-ɛ / ̀-∅ / z̥-z̥
{0: [0], 1: [1], 2: [2], 3: [3], 4: [4]}
{0: [0], 1: None, 2: [1], 3: None, 4: [2]}
SCORE: 15.703

-------------------

/dáːn/ - /ʥˈɛɲ/
d-ʥ / ∅-ɛ / aː-∅ / ́_n-ɲ
{0: [0], 1: None, 2: [1], 3: [2, 3]}
{0: [0], 1: [1], 2: None, 3: [2]}
SCORE: 1.441

-------------------

/deséːt/ - /ʥesˈaʨ/
d-ʥ / e-e / s-s / eː-a / ́-∅ / t-ʨ
{0: [0], 1: [1], 2: [2], 3: [3], 4: [4], 5: [5]}
{0: [0], 1: [1], 2: [2], 3: [3], 4: None, 5: [4]}
SCORE: 15.299

-------------------

/deʋéːt/ - /ʥeɥˈɛʨ/
d-ʥ / e-e / ʋ-ɥ / eː-ɛ / ́-∅ / t-ʨ
{0: [0], 1: [1], 2: [2], 3: [3], 4: [4], 5: [5]}
{0: [0], 1: [1], 2: [2], 3: [3], 4: None, 5: [4]}
SCORE: 18.182

-------------------

/dím/ - /dˈɪm/
d-d / i-ɪ / ́-∅ / m-m
{0: [0], 1: [1], 2: [2], 3: [3]}
{0: [0], 1: [1], 2: None, 3: [2]}
SCORE: 11.935

-------------------

/dòːbər/ - /dˈɔbʀɪ/
d-d / oː_̀-ɔ / b-b / ə_r-ʀ_ɪ
{0: [0], 1: [1, 2], 2: [3], 3: [4, 5]}
{0: [0], 1: [1], 2: [2], 3: [3, 4]}
SCORE: 19.233

-------------------

/dreʋóː/ - /dʀʲˈɛwɔ/
d-d / r-ʀʲ / ∅-ɛ / e-∅ / ʋ-w / oː_́-ɔ
{0: [0], 1: [1], 2: None, 3: [2], 4: [3], 5: [4, 5]}
{0: [0], 1: [1], 2: [2], 3: None, 4: [3], 5: [4]}
SCORE: 8.542

-------------------

/dɔ́ːwɡ̊/ - /dˈɔwɦɪ/
d-d / ɔː-ɔ / ́_w-w / ∅-ɦ / ∅-ɪ / ɡ̊_#>-#>
{0: [0], 1: [1], 2: [2, 3], 3: None, 4: None, 5: [4]}
{0: [0], 1: [1], 2: [2], 3: [3], 4: [4], 5: None}
SCORE: 1.637

-------------------

/də́ʒ̊/ - /dˈɛʃʨ/
d-d / ə-ɛ / ∅-ʃ / ∅-ʨ / ́-∅ / ʒ̊-∅
{0: [0], 1: [1], 2: None, 3: None, 4: [2], 5: [3]}
{0: [0], 1: [1], 2: [2], 3: [3], 4: None, 5: None}
SCORE: -8.572

-------------------

/dʋáː/ - /dwˈaj/
d-d / ʋ-w / aː-a / ∅-j / ́-∅
{0: [0], 1: [1], 2: [2], 3: None, 4: [3]}
{0: [0], 1: [1], 2: [2], 3: [3], 4: None}
SCORE: 7.488

-------------------

/iméː/ - /ˈimʲɛ/
i-i / m-mʲ / eː-ɛ / ́-∅
{0: [0], 1: [1], 2: [2], 3: [3]}
{0: [0], 1: [1], 2: [2], 3: None}
SCORE: 10.081

-------------------

/jàːbɔwkɔ/ - /jˈabwukɔ/
j-j / aː_̀-a / b-b / ɔ-∅ / w-w / ∅-u / k-k / ɔ-ɔ
{0: [0], 1: [1, 2], 2: [3], 3: [4], 4: [5], 5: None, 6: [6], 7: [7]}
{0: [0], 1: [1], 2: [2], 3: None, 4: [3], 5: [4], 6: [5], 7: [6]}
SCORE: 20.637

-------------------

/jàːsən/ - /jˈasnɪ/
j-j / aː_̀-a / s-s / ə_n-n_ɪ
{0: [0], 1: [1, 2], 2: [3], 3: [4, 5]}
{0: [0], 1: [1], 2: [2], 3: [3, 4]}
SCORE: 18.785

-------------------

/jàːɡɔda/ - /jˈaɦɔda/
j-j / aː_̀-a / ɡ-ɦ / ɔ-ɔ / d-d / a-a
{0: [0], 1: [1, 2], 2: [3], 3: [4], 4: [5], 5: [6]}
{0: [0], 1: [1], 2: [2], 3: [3], 4: [4], 5: [5]}
SCORE: 25.928

-------------------

/jáz̥/ - /jˈa/
j-j / a-a / ́-∅ / z̥-∅
{0: [0], 1: [1], 2: [2], 3: [3]}
{0: [0], 1: [1], 2: None, 3: None}
SCORE: 5.255

-------------------

/jéːzɛrɔ/ - /jˈezɔʀ/
j-j / eː_́-e / z-z / ɛ-ɔ / r-ʀ / ɔ-∅
{0: [0], 1: [1, 2], 2: [3], 3: [4], 4: [5], 5: [6]}
{0: [0], 1: [1], 2: [2], 3: [3], 4: [4], 5: None}
SCORE: 19.526

-------------------

/jùːxa/ - /jˈuxa/
j-j / uː-u / ̀-∅ / x-x / a-a
{0: [0], 1: [1], 2: [2], 3: [3], 4: [4]}
{0: [0], 1: [1], 2: None, 3: [2], 4: [3]}
SCORE: 21.615

-------------------

/jɛ̀ːzik/ - /jˈazɪk/
j-j / ∅-a / ɛː-∅ / ̀-∅ / z-z / i-ɪ / k-k
{0: [0], 1: None, 2: [1], 3: [2], 4: [3], 5: [4], 6: [5]}
{0: [0], 1: [1], 2: None, 3: None, 4: [2], 5: [3], 6: [4]}
SCORE: 7.928

-------------------

/kàːmən/ - /kˈamjɛɲ/
k-k / aː_̀-a / m-m / ∅-j / ə-ɛ / n-ɲ
{0: [0], 1: [1, 2], 2: [3], 3: None, 4: [4], 5: [5]}
{0: [0], 1: [1], 2: [2], 3: [3], 4: [4], 5: [5]}
SCORE: 17.823

-------------------

/kolèːnɔ/ - /kɔlˈɛnɔ/
k-k / o-ɔ / l-l / eː_̀-ɛ / n-n / ɔ-ɔ
{0: [0], 1: [1], 2: [2], 3: [3, 4], 4: [5], 5: [6]}
{0: [0], 1: [1], 2: [2], 3: [3], 4: [4], 5: [5]}
SCORE: 29.552

-------------------

/koréːn/ - /kˈɔʀʲɛɲ/
k-k / o-ɔ / r-ʀʲ / eː-ɛ / ́_n-ɲ
{0: [0], 1: [1], 2: [2], 3: [3], 4: [4, 5]}
{0: [0], 1: [1], 2: [2], 3: [3], 4: [4]}
SCORE: 24.798

-------------------

/kòːʒa/ - /kˈɔʒa/
k-k / oː_̀-ɔ / ʒ-ʒ / a-a
{0: [0], 1: [1, 2], 2: [3], 3: [4]}
{0: [0], 1: [1], 2: [2], 3: [3]}
SCORE: 22.173

-------------------

/kóːsati/ - /kˈusaʨ/
k-k / oː-u / ́-∅ / s-s / a-a / t_i-ʨ
{0: [0], 1: [1], 2: [2], 3: [3], 4: [4], 5: [5, 6]}
{0: [0], 1: [1], 2: None, 3: [2], 4: [3], 5: [4]}
SCORE: 20.611

-------------------

/kóːst/ - /kˈosʨ/
k-k / oː_́-o / s-s / t-ʨ
{0: [0], 1: [1, 2], 2: [3], 3: [4]}
{0: [0], 1: [1], 2: [2], 3: [3]}
SCORE: 19.131

-------------------

/kràːl/ - /kʀˈal/
k-k / r-ʀ / aː_̀-a / l-l
{0: [0], 1: [1], 2: [2, 3], 3: [4]}
{0: [0], 1: [1], 2: [2], 3: [3]}
SCORE: 20.463

-------------------

/kràːʋa/ - /kʀˈuwa/
k-k / r_aː-ʀ / ∅-u / ̀-∅ / ʋ-w / a-a
{0: [0], 1: [1, 2], 2: None, 3: [3], 4: [4], 5: [5]}
{0: [0], 1: [1], 2: [2], 3: None, 4: [3], 5: [4]}
SCORE: 9.171

-------------------

/krìːlɔ/ - /kʃˈidwɔ/
k-k / r-ʃ / iː-i / ̀_l-d / ɔ-w / #>-ɔ_#>
{0: [0], 1: [1], 2: [2], 3: [3, 4], 4: [5], 5: None}
{0: [0], 1: [1], 2: [2], 3: [3], 4: [4], 5: [5]}
SCORE: 15.515

-------------------

/kríː/ - /kʀˈej/
k-k / r-ʀ / ∅-e / ∅-j / iː-∅ / ́-∅
{0: [0], 1: [1], 2: None, 3: None, 4: [2], 5: [3]}
{0: [0], 1: [1], 2: [2], 3: [3], 4: None, 5: None}
SCORE: -5.19

-------------------

/kɔ́n/ - /kˈoɲ/
k-k / ∅-o / ɔ-∅ / ́_n-ɲ
{0: [0], 1: None, 2: [1], 3: [2, 3]}
{0: [0], 1: [1], 2: None, 3: [2]}
SCORE: 3.249

-------------------

/lèːtɔ/ - /lˈetɔ/
<#_l-<#_l / eː-e / ̀-∅ / t_ɔ-t_ɔ
{0: [0], 1: [1], 2: [2], 3: [3, 4]}
{0: [0], 1: [1], 2: None, 3: [2, 3]}
SCORE: 20.151

-------------------

/léːd̥/ - /lˈod̥/
<#_l-<#_l / ∅-o / eː-∅ / ́-∅ / d̥-d̥
{0: [0], 1: None, 2: [1], 3: [2], 4: [3]}
{0: [0], 1: [1], 2: None, 3: None, 4: [2]}
SCORE: 4.159

-------------------

/léːs/ - /lˈes/
<#_l-<#_l / eː_́-e / s_#>-s_#>
{0: [0], 1: [1, 2], 2: [3]}
{0: [0], 1: [1], 2: [2]}
SCORE: 19.169

-------------------

/líːst/ - /lˈist/
<#_l-<#_l / iː_́-i / s-s / t-t
{0: [0], 1: [1, 2], 2: [3], 3: [4]}
{0: [0], 1: [1], 2: [2], 3: [3]}
SCORE: 22.648

-------------------

/ludéː/ - /lˈuʥɔ/
<#_l-<#_l / u-u / d-ʥ / eː_́-ɔ
{0: [0], 1: [1], 2: [2], 3: [3, 4]}
{0: [0], 1: [1], 2: [2], 3: [3]}
SCORE: 15.497

-------------------

/lɛ́ʋ/ - /lˈaw/
<#_l-<#_l / ɛ-∅ / ́-∅ / ʋ-a / #>-w_#>
{0: [0], 1: [1], 2: [2], 3: [3], 4: None}
{0: [0], 1: None, 2: None, 3: [1], 4: [2]}
SCORE: 1.592

-------------------

/mesóː/ - /mʲˈasɔ/
m-mʲ / ∅-a / e-∅ / s-s / oː_́-ɔ
{0: [0], 1: None, 2: [1], 3: [2], 4: [3, 4]}
{0: [0], 1: [1], 2: None, 3: [2], 4: [3]}
SCORE: 5.897

-------------------

/mèːstɔ/ - /mʲˈestɔ/
m-mʲ / eː-e / ̀-∅ / s-s / t_ɔ-t_ɔ
{0: [0], 1: [1], 2: [2], 3: [3], 4: [4, 5]}
{0: [0], 1: [1], 2: None, 3: [2], 4: [3, 4]}
SCORE: 24.109

-------------------

/méːd̥/ - /mˈɪd̥/
m-m / eː_́-ɪ / d̥-d̥
{0: [0], 1: [1, 2], 2: [3]}
{0: [0], 1: [1], 2: [2]}
SCORE: 17.524

-------------------

/méːsəʦ/ - /mʲˈesaʦ/
m-mʲ / eː_́-e / s-s / ∅-a / ə-∅ / ʦ-ʦ
{0: [0], 1: [1, 2], 2: [3], 3: None, 4: [4], 5: [5]}
{0: [0], 1: [1], 2: [2], 3: [3], 4: None, 5: [4]}
SCORE: 11.257

-------------------

/míːsəw/ - /mˈɪsl/
m-m / iː-ɪ / ́-∅ / s-s / ə-∅ / w-l
{0: [0], 1: [1], 2: [2], 3: [3], 4: [4], 5: [5]}
{0: [0], 1: [1], 2: None, 3: [2], 4: None, 5: [3]}
SCORE: 11.499

-------------------

/mlèːkɔ/ - /mlˈɔkɔ/
m-m / l-l / eː-ɔ / ̀-∅ / k-k / ɔ-ɔ
{0: [0], 1: [1], 2: [2], 3: [3], 4: [4], 5: [5]}
{0: [0], 1: [1], 2: [2], 3: None, 4: [3], 5: [4]}
SCORE: 19.411

-------------------

/mòːdər/ - /mˈudʀɪ/
m-m / oː_̀-u / d-d / ə_r-ʀ_ɪ
{0: [0], 1: [1, 2], 2: [3], 3: [4, 5]}
{0: [0], 1: [1], 2: [2], 3: [3, 4]}
SCORE: 19.516

-------------------

/móːrjɛ/ - /mˈɔʀʲɔ/
m-m / oː_́-ɔ / r-ʀʲ / j-∅ / ɛ_#>-ɔ_#>
{0: [0], 1: [1, 2], 2: [3], 3: [4], 4: [5]}
{0: [0], 1: [1], 2: [2], 3: None, 4: [3]}
SCORE: 14.744

-------------------

/móːzəɡ̊/ - /mˈɔzɪ/
m-m / oː_́-ɔ / z-z / ə-ɪ / ɡ̊_#>-#>
{0: [0], 1: [1, 2], 2: [3], 3: [4], 4: [5]}
{0: [0], 1: [1], 2: [2], 3: [3], 4: None}
SCORE: 16.801

-------------------

/móːʒ̊/ - /mˈuʒ̊/
m-m / oː-u / ́-∅ / ʒ̊-ʒ̊
{0: [0], 1: [1], 2: [2], 3: [3]}
{0: [0], 1: [1], 2: None, 3: [2]}
SCORE: 17.608

-------------------

/mùːxa/ - /mˈuxa/
m-m / uː-u / ̀-∅ / x-x / a-a
{0: [0], 1: [1], 2: [2], 3: [3], 4: [4]}
{0: [0], 1: [1], 2: None, 3: [2], 4: [3]}
SCORE: 21.497

-------------------

/mə̀rtəʋ/ - /mˈɔʀtwɪ/
m-m / ə_̀-ɔ / r-ʀ / t_ə-t / ʋ-w / ∅-ɪ
{0: [0], 1: [1, 2], 2: [3], 3: [4, 5], 4: [6], 5: None}
{0: [0], 1: [1], 2: [2], 3: [3], 4: [4], 5: [5]}
SCORE: 14.152

-------------------

/mə̀ɡla/ - /mɦwˈa/
m-m / ə-∅ / ̀-∅ / ɡ-ɦ / l-w / a-a
{0: [0], 1: [1], 2: [2], 3: [3], 4: [4], 5: [5]}
{0: [0], 1: None, 2: None, 3: [1], 4: [2], 5: [3]}
SCORE: 8.143

-------------------

/nèːʋɛsta/ - /ɲɛɥˈɛsta/
n-ɲ / eː_̀-ɛ / ʋ-ɥ / ɛ-ɛ / s-s / t-t / a-a
{0: [0], 1: [1, 2], 2: [3], 3: [4], 4: [5], 5: [6], 6: [7]}
{0: [0], 1: [1], 2: [2], 3: [3], 4: [4], 5: [5], 6: [6]}
SCORE: 34.913

-------------------

/nóːs/ - /nˈos/
<#_n-<#_n / oː_́-o / s_#>-s_#>
{0: [0], 1: [1, 2], 2: [3]}
{0: [0], 1: [1], 2: [2]}
SCORE: 18.474

-------------------

/nóːxt/ - /nˈɔxʨ/
<#_n-<#_n / oː_́-ɔ / x-x / t-ʨ
{0: [0], 1: [1, 2], 2: [3], 3: [4]}
{0: [0], 1: [1], 2: [2], 3: [3]}
SCORE: 22.303

-------------------

/nóːʧ/ - /nˈoʦ/
<#_n-<#_n / oː_́-o / ʧ-ʦ
{0: [0], 1: [1, 2], 2: [3]}
{0: [0], 1: [1], 2: [2]}
SCORE: 14.298

-------------------

/nɔ̀ːɡa/ - /nˈɔɦa/
<#_n-<#_n / ɔː_̀-ɔ / ɡ-ɦ / a-a
{0: [0], 1: [1, 2], 2: [3], 3: [4]}
{0: [0], 1: [1], 2: [2], 3: [3]}
SCORE: 17.114

-------------------

/okóː/ - /wˈɔkɔ/
<#-<#_w / o-ɔ / k-k / oː_́-ɔ
{0: None, 1: [0], 2: [1], 3: [2, 3]}
{0: [0], 1: [1], 2: [2], 3: [3]}
SCORE: 15.261

-------------------

/òːsəm/ - /wosˈɔm/
<#-<#_w / oː-o / ̀-∅ / s-s / ə-ɔ / m-m
{0: None, 1: [0], 2: [1], 3: [2], 4: [3], 5: [4]}
{0: [0], 1: [1], 2: None, 3: [2], 4: [3], 5: [4]}
SCORE: 16.874

-------------------

/òːʒ̊/ - /wˈuʒ̊/
<#-<#_w / oː_̀-u / ʒ̊-ʒ̊
{0: None, 1: [0, 1], 2: [2]}
{0: [0], 1: [1], 2: [2]}
SCORE: 15.286

-------------------

/óːɡəw/ - /wˈuɦlɔ/
<#-<#_w / oː-u / ́-∅ / ɡ-ɦ / ə-∅ / w-l / #>-ɔ_#>
{0: None, 1: [0], 2: [1], 3: [2], 4: [3], 5: [4], 6: None}
{0: [0], 1: [1], 2: None, 3: [2], 4: None, 5: [3], 6: [4]}
SCORE: 2.723

-------------------

/pepéːw/ - /pˈɔpʲɛw/
p-p / ∅-ɔ / e-∅ / p-pʲ / eː-ɛ / ́_w-w
{0: [0], 1: None, 2: [1], 3: [2], 4: [3], 5: [4, 5]}
{0: [0], 1: [1], 2: None, 3: [2], 4: [3], 5: [4]}
SCORE: 11.006

-------------------

/pèːsək/ - /pʲˈesk/
p-pʲ / eː-e / ̀-∅ / s-s / ə-∅ / k-k
{0: [0], 1: [1], 2: [2], 3: [3], 4: [4], 5: [5]}
{0: [0], 1: [1], 2: None, 3: [2], 4: None, 5: [3]}
SCORE: 15.757

-------------------

/péːt/ - /pʲˈeʨ/
p-pʲ / eː_́-e / t-ʨ
{0: [0], 1: [1, 2], 2: [3]}
{0: [0], 1: [1], 2: [2]}
SCORE: 16.886

-------------------

/pìːti/ - /pʲˈiʨ/
p-pʲ / iː-i / ̀-∅ / t_i-ʨ
{0: [0], 1: [1], 2: [2], 3: [3, 4]}
{0: [0], 1: [1], 2: None, 3: [2]}
SCORE: 13.875

-------------------

/pòːt/ - /pˈuʨ/
p-p / oː_̀-u / t-ʨ
{0: [0], 1: [1, 2], 2: [3]}
{0: [0], 1: [1], 2: [2]}
SCORE: 16.867

-------------------

/ptìːʦa/ - /ptˈaʃk/
p-p / t-t / iː-∅ / ̀-∅ / ʦ-∅ / a-a / ∅-ʃ / #>-k_#>
{0: [0], 1: [1], 2: [2], 3: [3], 4: [4], 5: [5], 6: None, 7: None}
{0: [0], 1: [1], 2: None, 3: None, 4: None, 5: [2], 6: [3], 7: [4]}
SCORE: -2.16

-------------------

/pɔ́ːwn/ - /pˈɔwnɪ/
p-p / ɔː-ɔ / ́_w-w / n-n_ɪ
{0: [0], 1: [1], 2: [2, 3], 3: [4]}
{0: [0], 1: [1], 2: [2], 3: [3, 4]}
SCORE: 17.521

-------------------

/pə́rst/ - /pˈɔʀst/
p-p / ə-ɔ / ́-∅ / r-ʀ / s-s / t-t
{0: [0], 1: [1], 2: [2], 3: [3], 4: [4], 5: [5]}
{0: [0], 1: [1], 2: None, 3: [2], 4: [3], 5: [4]}
SCORE: 21.956

-------------------

/pə́s/ - /pˈɔs/
p-p / ə-ɔ / ́-∅ / s_#>-s_#>
{0: [0], 1: [1], 2: [2], 3: [3]}
{0: [0], 1: [1], 2: None, 3: [2]}
SCORE: 14.676

-------------------

/ràːlɔ/ - /ʀˈadwɔ/
<#_r-<#_ʀ / aː_̀-a / l-d_w / ɔ-ɔ
{0: [0], 1: [1, 2], 2: [3], 3: [4]}
{0: [0], 1: [1], 2: [2, 3], 3: [4]}
SCORE: 15.332

-------------------

/ráːst/ - /ʀˈɔsʨ/
r_aː-ʀ_ɔ / ́-∅ / s-s / t-ʨ
{0: [0, 1], 1: [2], 2: [3], 3: [4]}
{0: [0, 1], 1: None, 2: [2], 3: [3]}
SCORE: 15.387

-------------------

/rèːka/ - /ʀʲˈeka/
r-ʀʲ / eː-e / ̀-∅ / k-k / a-a
{0: [0], 1: [1], 2: [2], 3: [3], 4: [4]}
{0: [0], 1: [1], 2: None, 3: [2], 4: [3]}
SCORE: 18.297

-------------------

/rìːba/ - /ʀˈɪba/
<#_r-<#_ʀ / iː_̀-ɪ / b-b / a-a
{0: [0], 1: [1, 2], 2: [3], 3: [4]}
{0: [0], 1: [1], 2: [2], 3: [3]}
SCORE: 22.981

-------------------

/róːɡ̊/ - /ʀˈox/
<#_r-<#_ʀ / oː_́-o / ɡ̊_#>-x_#>
{0: [0], 1: [1, 2], 2: [3]}
{0: [0], 1: [1], 2: [2]}
SCORE: 17.127

-------------------

/rɔ̀ːka/ - /ʀˈuka/
<#_r-<#_ʀ / ∅-u / ɔː-∅ / ̀-∅ / k-k / a-a
{0: [0], 1: None, 2: [1], 3: [2], 4: [3], 5: [4]}
{0: [0], 1: [1], 2: None, 3: None, 4: [2], 5: [3]}
SCORE: 5.587

-------------------

/sáːd̥/ - /sˈad̥/
s-s / aː-a / ́-∅ / d̥-d̥
{0: [0], 1: [1], 2: [2], 3: [3]}
{0: [0], 1: [1], 2: None, 3: [2]}
SCORE: 16.317

-------------------

/sèːdəm/ - /sɪdˈɔm/
s-s / eː-ɪ / ̀-∅ / d-d / ə-ɔ / m-m
{0: [0], 1: [1], 2: [2], 3: [3], 4: [4], 5: [5]}
{0: [0], 1: [1], 2: None, 3: [2], 4: [3], 5: [4]}
SCORE: 18.307

-------------------

/síːn/ - /sˈɪn/
s-s / iː-ɪ / ́-∅ / n-n
{0: [0], 1: [1], 2: [2], 3: [3]}
{0: [0], 1: [1], 2: None, 3: [2]}
SCORE: 13.872

-------------------

/slàːʋa/ - /swˈawa/
s-s / l-w / aː_̀-a / ʋ-w / a-a
{0: [0], 1: [1], 2: [2, 3], 3: [4], 4: [5]}
{0: [0], 1: [1], 2: [2], 3: [3], 4: [4]}
SCORE: 20.385

-------------------

/smə́rt/ - /smʲˈeʀʨ/
s-s / m-mʲ / ə_́-e / r-ʀ / t-ʨ
{0: [0], 1: [1], 2: [2, 3], 3: [4], 4: [5]}
{0: [0], 1: [1], 2: [2], 3: [3], 4: [4]}
SCORE: 26.518

-------------------

/snéːɡ̊/ - /sɲˈex/
s-s / n-ɲ / eː_́-e / ɡ̊_#>-x_#>
{0: [0], 1: [1], 2: [2, 3], 3: [4]}
{0: [0], 1: [1], 2: [2], 3: [3]}
SCORE: 22.511

-------------------

/sóːnʦɛ/ - /swˈonʦɔ/
s-s / ∅-w / oː_́-o / n-n / ʦ-ʦ / ɛ_#>-ɔ_#>
{0: [0], 1: None, 2: [1, 2], 3: [3], 4: [4], 5: [5]}
{0: [0], 1: [1], 2: [2], 3: [3], 4: [4], 5: [5]}
SCORE: 19.105

-------------------

/sóːw/ - /sˈol/
s-s / oː_́-o / w-l
{0: [0], 1: [1, 2], 2: [3]}
{0: [0], 1: [1], 2: [2]}
SCORE: 12.565

-------------------

/stár/ - /stˈaʀɪ/
s-s / t-t / a-a / ́-∅ / r-ʀ_ɪ
{0: [0], 1: [1], 2: [2], 3: [3], 4: [4]}
{0: [0], 1: [1], 2: [2], 3: None, 4: [3, 4]}
SCORE: 13.985

-------------------

/stóː/ - /stˈɔ/
s-s / t-t / oː_́-ɔ
{0: [0], 1: [1], 2: [2, 3]}
{0: [0], 1: [1], 2: [2]}
SCORE: 14.948

-------------------

/stɔ́w/ - /stˈɔw/
s-s / t_ɔ-t_ɔ / ́_w-w
{0: [0], 1: [1, 2], 2: [3, 4]}
{0: [0], 1: [1, 2], 2: [3]}
SCORE: 19.236

-------------------

/súːx/ - /sˈuxʲi/
s-s / uː-u / ́_x-xʲ / #>-i_#>
{0: [0], 1: [1], 2: [2, 3], 3: None}
{0: [0], 1: [1], 2: [2], 3: [3]}
SCORE: 16.901

-------------------

/sə́n/ - /sˈon/
s-s / ∅-o / ə-∅ / ́-∅ / n-n
{0: [0], 1: None, 2: [1], 3: [2], 4: [3]}
{0: [0], 1: [1], 2: None, 3: None, 4: [2]}
SCORE: 0.459

-------------------

/sʋéːt/ - /sɥˈatɪ/
s-s / ʋ_eː-ɥ_a / ́_t-t / ∅-ɪ
{0: [0], 1: [1, 2], 2: [3, 4], 3: None}
{0: [0], 1: [1, 2], 2: [3], 3: [4]}
SCORE: 11.696

-------------------

/telóː/ - /ʨˈelɔ/
<#_t-<#_ʨ / e-e / l-l / oː_́-ɔ
{0: [0], 1: [1], 2: [2], 3: [3, 4]}
{0: [0], 1: [1], 2: [2], 3: [3]}
SCORE: 18.96

-------------------

/tíːx/ - /ʨˈixʲi/
<#_t-<#_ʨ / iː-i / ́_x-xʲ / #>-i_#>
{0: [0], 1: [1], 2: [2, 3], 3: None}
{0: [0], 1: [1], 2: [2], 3: [3]}
SCORE: 17.156

-------------------

/tòːpəw/ - /ʨˈɔpwɪ/
<#_t-<#_ʨ / oː_̀-ɔ / p-p / ə-∅ / w-w_ɪ
{0: [0], 1: [1, 2], 2: [3], 3: [4], 4: [5]}
{0: [0], 1: [1], 2: [2], 3: None, 4: [3, 4]}
SCORE: 15.139

-------------------

/tràːʋa/ - /tʀˈawa/
t-t / r-ʀ / aː_̀-a / ʋ-w / a-a
{0: [0], 1: [1], 2: [2, 3], 3: [4], 4: [5]}
{0: [0], 1: [1], 2: [2], 3: [3], 4: [4]}
SCORE: 22.487

-------------------

/tríːjɛ/ - /tʃˈi/
t-t / r-ʃ / iː_́-i / j-∅ / ɛ_#>-#>
{0: [0], 1: [1], 2: [2, 3], 3: [4], 4: [5]}
{0: [0], 1: [1], 2: [2], 3: None, 4: None}
SCORE: 4.561

-------------------

/tə́rd̥/ - /tɥˈeʀdɪ/
t-t / ∅-ɥ / ə_́-e / r-ʀ / ∅-d / ∅-ɪ / d̥-∅
{0: [0], 1: None, 2: [1, 2], 3: [3], 4: None, 5: None, 6: [4]}
{0: [0], 1: [1], 2: [2], 3: [3], 4: [4], 5: [5], 6: None}
SCORE: -3.1

-------------------

/tɛ̀ːlɛ/ - /ʨˈɛlɔ/
<#_t-<#_ʨ / ɛː-ɛ / ̀-∅ / l-l / ɛ_#>-ɔ_#>
{0: [0], 1: [1], 2: [2], 3: [3], 4: [4]}
{0: [0], 1: [1], 2: None, 3: [2], 4: [3]}
SCORE: 19.574

-------------------

/tɛ̀ːʒək/ - /ʨˈɛʒ̊kʲi/
<#_t-<#_ʨ / ɛː-ɛ / ∅-ʒ̊ / ̀-∅ / ʒ-∅ / ə_k-kʲ / #>-i_#>
{0: [0], 1: [1], 2: None, 3: [2], 4: [3], 5: [4, 5], 6: None}
{0: [0], 1: [1], 2: [2], 3: None, 4: None, 5: [3], 6: [4]}
SCORE: 1.589

-------------------

/uxóː/ - /wˈuxɔ/
<#-<#_w / u-u / x-x / oː_́-ɔ
{0: None, 1: [0], 2: [1], 3: [2, 3]}
{0: [0], 1: [1], 2: [2], 3: [3]}
SCORE: 13.861

-------------------

/xláːdən/ - /xwˈodnɪ/
<#_x-<#_x / l-w / aː_́-o / d-d / ə_n-n_ɪ
{0: [0], 1: [1], 2: [2, 3], 3: [4], 4: [5, 6]}
{0: [0], 1: [1], 2: [2], 3: [3], 4: [4, 5]}
SCORE: 23.63

-------------------

/xléːb̥/ - /xlˈeb̥/
<#_x-<#_x / l-l / eː_́-e / b̥-b̥
{0: [0], 1: [1], 2: [2, 3], 3: [4]}
{0: [0], 1: [1], 2: [2], 3: [3]}
SCORE: 26.261

-------------------

/xərbə́t/ - /xʀʲˈibʲet/
<#_x-<#_x / ə-∅ / r-ʀʲ / ∅-i / b-bʲ / ə_́-e / t-t
{0: [0], 1: [1], 2: [2], 3: None, 4: [3], 5: [4, 5], 6: [6]}
{0: [0], 1: None, 2: [1], 3: [2], 4: [3], 5: [4], 6: [5]}
SCORE: 19.886

-------------------

/zìːma/ - /zˈɪma/
z-z / iː_̀-ɪ / m-m / a-a
{0: [0], 1: [1, 2], 2: [3], 3: [4]}
{0: [0], 1: [1], 2: [2], 3: [3]}
SCORE: 22.484

-------------------

/znàːti/ - /znˈaʨ/
z-z / n-n / aː_̀-a / t_i-ʨ
{0: [0], 1: [1], 2: [2, 3], 3: [4, 5]}
{0: [0], 1: [1], 2: [2], 3: [3]}
SCORE: 20.167

-------------------

/zóːb̥/ - /zˈub̥/
z-z / oː-u / ́-∅ / b̥-b̥
{0: [0], 1: [1], 2: [2], 3: [3]}
{0: [0], 1: [1], 2: None, 3: [2]}
SCORE: 18.178

-------------------

/zɛlɛ́n/ - /zˈɛlɛnɪ/
z-z / ɛ-ɛ / l-l / ɛ-ɛ / ́-∅ / n-n_ɪ
{0: [0], 1: [1], 2: [2], 3: [3], 4: [4], 5: [5]}
{0: [0], 1: [1], 2: [2], 3: [3], 4: None, 5: [4, 5]}
SCORE: 23.035

-------------------

/zɛ̀ːmlja/ - /zˈɛmʲa/
z-z / ɛː-ɛ / ̀-∅ / m-mʲ / l-∅ / j-∅ / a-a
{0: [0], 1: [1], 2: [2], 3: [3], 4: [4], 5: [5], 6: [6]}
{0: [0], 1: [1], 2: None, 3: [2], 4: None, 5: None, 6: [3]}
SCORE: 10.692

-------------------

/zʋèːzda/ - /ɦɥˈezda/
∅-ɦ / z-∅ / ʋ-ɥ / eː-e / ̀-∅ / z-z / d-d / a-a
{0: None, 1: [0], 2: [1], 3: [2], 4: [3], 5: [4], 6: [5], 7: [6]}
{0: [0], 1: None, 2: [1], 3: [2], 4: None, 5: [3], 6: [4], 7: [5]}
SCORE: 14.903

-------------------

/zʋéːr/ - /zɥˈeʀʲɔ/
z-z / ʋ-ɥ / eː_́-e / r-ʀʲ / #>-ɔ_#>
{0: [0], 1: [1], 2: [2, 3], 3: [4], 4: None}
{0: [0], 1: [1], 2: [2], 3: [3], 4: [4]}
SCORE: 21.531

-------------------

/ɔ̀ːrəw/ - /wˈɔʀʲɔw/
<#-<#_w / ɔː-ɔ / ̀_r-ʀʲ / ə-ɔ / w-w
{0: None, 1: [0], 2: [1, 2], 3: [3], 4: [4]}
{0: [0], 1: [1], 2: [2], 3: [3], 4: [4]}
SCORE: 18.904

-------------------

/ɔ̀ːrɛx/ - /wˈɔʀʲɛx/
<#-<#_w / ɔː-ɔ / ̀_r-ʀʲ / ɛ-ɛ / x-x
{0: None, 1: [0], 2: [1, 2], 3: [3], 4: [4]}
{0: [0], 1: [1], 2: [2], 3: [3], 4: [4]}
SCORE: 23.818

-------------------

/ɔ̀ːsa/ - /wˈɔsa/
<#-<#_w / ɔː_̀-ɔ / s-s / a-a
{0: None, 1: [0, 1], 2: [2], 3: [3]}
{0: [0], 1: [1], 2: [2], 3: [3]}
SCORE: 14.567

-------------------

/ɔ̀ːɡən/ - /wɔɦˈɛɲ/
<#-<#_w / ɔː_̀-ɔ / ɡ-ɦ / ə-ɛ / n-ɲ
{0: None, 1: [0, 1], 2: [2], 3: [3], 4: [4]}
{0: [0], 1: [1], 2: [2], 3: [3], 4: [4]}
SCORE: 12.465

-------------------

/ɛ̀ːdən/ - /jɛdˈɪn/
∅-j / ɛː-ɛ / ̀-∅ / d-d / ə-ɪ / n-n
{0: None, 1: [0], 2: [1], 3: [2], 4: [3], 5: [4]}
{0: [0], 1: [1], 2: None, 3: [2], 4: [3], 5: [4]}
SCORE: 12.501

-------------------

/ɡlàːdək/ - /ɦwˈad̥kʲi/
ɡ-ɦ / l-w / aː_̀-a / ∅-d̥ / d-∅ / ə_k-kʲ / #>-i_#>
{0: [0], 1: [1], 2: [2, 3], 3: None, 4: [4], 5: [5, 6], 6: None}
{0: [0], 1: [1], 2: [2], 3: [3], 4: None, 5: [4], 6: [5]}
SCORE: 0.159

-------------------

/ɡlàːʋa/ - /ɦwˈɔwa/
ɡ-ɦ / l-w / aː-ɔ / ̀-∅ / ʋ-w / a-a
{0: [0], 1: [1], 2: [2], 3: [3], 4: [4], 5: [5]}
{0: [0], 1: [1], 2: [2], 3: None, 4: [3], 5: [4]}
SCORE: 11.313

-------------------

/ɡláːs/ - /ɦwˈos/
ɡ-ɦ / l-w / aː_́-o / s_#>-s_#>
{0: [0], 1: [1], 2: [2, 3], 3: [4]}
{0: [0], 1: [1], 2: [2], 3: [3]}
SCORE: 16.589

-------------------

/ɡlúːp/ - /ɦwˈupɪ/
ɡ-ɦ / l-w / uː-u / ́-∅ / p-p / ∅-ɪ
{0: [0], 1: [1], 2: [2], 3: [3], 4: [4], 5: None}
{0: [0], 1: [1], 2: [2], 3: None, 4: [3], 5: [4]}
SCORE: 10.096

-------------------

/ɡlúːx/ - /ɦwˈuxi/
ɡ-ɦ / l-w / uː-u / ́-∅ / x-x / #>-i_#>
{0: [0], 1: [1], 2: [2], 3: [3], 4: [4], 5: None}
{0: [0], 1: [1], 2: [2], 3: None, 4: [3], 5: [4]}
SCORE: 12.371

-------------------

/ɡóːs/ - /ɦˈus/
ɡ-ɦ / oː-u / ́-∅ / s_#>-s_#>
{0: [0], 1: [1], 2: [2], 3: [3]}
{0: [0], 1: [1], 2: None, 3: [2]}
SCORE: 11.239

-------------------

/ɡráːd̥/ - /ɦʀˈod̥/
ɡ-ɦ / r-ʀ / aː_́-o / d̥-d̥
{0: [0], 1: [1], 2: [2, 3], 3: [4]}
{0: [0], 1: [1], 2: [2], 3: [3]}
SCORE: 20.131

-------------------

/ɡɔlóːb̥/ - /ɦˈɔwb̥/
ɡ-ɦ / ɔ-ɔ / l-w / oː-∅ / ́-∅ / b̥-b̥
{0: [0], 1: [1], 2: [2], 3: [3], 4: [4], 5: [5]}
{0: [0], 1: [1], 2: [2], 3: None, 4: None, 5: [3]}
SCORE: 9.954

-------------------

/ɡɔ̀ːra/ - /ɦˈɔʀa/
ɡ-ɦ / ɔː_̀-ɔ / r-ʀ / a-a
{0: [0], 1: [1, 2], 2: [3], 3: [4]}
{0: [0], 1: [1], 2: [2], 3: [3]}
SCORE: 14.647

-------------------

/ʃéːst/ - /ʃˈesʨ/
ʃ-ʃ / eː_́-e / s-s / t-ʨ
{0: [0], 1: [1, 2], 2: [3], 3: [4]}
{0: [0], 1: [1], 2: [2], 3: [3]}
SCORE: 20.392

-------------------

/ʃtìːri/ - /ʃtˈɪʀʲi/
ʃ-ʃ / t-t / iː-ɪ / ̀_r-ʀʲ / i-i
{0: [0], 1: [1], 2: [2], 3: [3, 4], 4: [5]}
{0: [0], 1: [1], 2: [2], 3: [3], 4: [4]}
SCORE: 23.373

-------------------

/ʋ/ - /w/
<#_ʋ-<#_w
{0: [0]}
{0: [0]}
SCORE: 9.731

-------------------

/ʋèːzati/ - /ɥˈazaʨ/
ʋ_eː-ɥ_a / ̀-∅ / z-z / a-a / t_i-ʨ
{0: [0, 1], 1: [2], 2: [3], 3: [4], 4: [5, 6]}
{0: [0, 1], 1: None, 2: [2], 3: [3], 4: [4]}
SCORE: 19.604

-------------------

/ʋéːtər/ - /ɥˈetʀ/
ʋ-ɥ / eː_́-e / t_ə-t / r-ʀ
{0: [0], 1: [1, 2], 2: [3, 4], 3: [5]}
{0: [0], 1: [1], 2: [2], 3: [3]}
SCORE: 15.867

-------------------

/ʋìːdɛti/ - /ɥˈiʥɛʨ/
ʋ-ɥ / iː-i / ̀-∅ / d-ʥ / ɛ-ɛ / t_i-ʨ
{0: [0], 1: [1], 2: [2], 3: [3], 4: [4], 5: [5, 6]}
{0: [0], 1: [1], 2: None, 3: [2], 4: [3], 5: [4]}
SCORE: 20.139

-------------------

/ʋíːdra/ - /wˈudʀa/
<#-<#_w / ʋ-u / iː-∅ / ́-∅ / d-d / r-ʀ / a-a
{0: None, 1: [0], 2: [1], 3: [2], 4: [3], 5: [4], 6: [5]}
{0: [0], 1: [1], 2: None, 3: None, 4: [2], 5: [3], 6: [4]}
SCORE: 10.087

-------------------

/ʋlèːʧi/ - /wlˈɛʦ/
<#_ʋ-<#_w / l-l / eː_̀-ɛ / ʧ-ʦ / i-∅
{0: [0], 1: [1], 2: [2, 3], 3: [4], 4: [5]}
{0: [0], 1: [1], 2: [2], 3: [3], 4: None}
SCORE: 13.16

-------------------

/ʋóːsək/ - /wˈosk/
<#_ʋ-<#_w / oː_́-o / s-s / ə-∅ / k-k
{0: [0], 1: [1, 2], 2: [3], 3: [4], 4: [5]}
{0: [0], 1: [1], 2: [2], 3: None, 4: [3]}
SCORE: 14.621

-------------------

/ʋɔ̀ːda/ - /wˈɔda/
<#_ʋ-<#_w / ɔː_̀-ɔ / d-d / a-a
{0: [0], 1: [1, 2], 2: [3], 3: [4]}
{0: [0], 1: [1], 2: [2], 3: [3]}
SCORE: 19.116

-------------------

/ʋɔ́w/ - /wˈɔw/
<#_ʋ-<#_w / ɔ-ɔ / ́_w-w
{0: [0], 1: [1], 2: [2, 3]}
{0: [0], 1: [1], 2: [2]}
SCORE: 12.974

-------------------

/ʋɔ́ːwk/ - /ɥˈelk/
ʋ-ɥ / ∅-e / ɔː-∅ / ́-∅ / w-l / k-k
{0: [0], 1: None, 2: [1], 3: [2], 4: [3], 5: [4]}
{0: [0], 1: [1], 2: None, 3: None, 4: [2], 5: [3]}
SCORE: 2.649

-------------------

/ʋɛʧéːr/ - /ɥˈɛʧɔʀ/
ʋ-ɥ / ɛ-ɛ / ʧ-ʧ / eː_́-ɔ / r-ʀ
{0: [0], 1: [1], 2: [2], 3: [3, 4], 4: [5]}
{0: [0], 1: [1], 2: [2], 3: [3], 4: [4]}
SCORE: 25.912

-------------------

/ʋɛ̀ːlik/ - /wˈulkʲi/
<#-<#_w / ʋ-u / ɛː-∅ / ̀-∅ / l-l / i-∅ / k-kʲ / #>-i_#>
{0: None, 1: [0], 2: [1], 3: [2], 4: [3], 5: [4], 6: [5], 7: None}
{0: [0], 1: [1], 2: None, 3: None, 4: [2], 5: None, 6: [3], 7: [4]}
SCORE: -3.379

-------------------

/ʒiʋèːti/ - /ʒˈiʨ/
ʒ-ʒ / i-i / ʋ-∅ / eː-∅ / ̀-∅ / t_i-ʨ
{0: [0], 1: [1], 2: [2], 3: [3], 4: [4], 5: [5, 6]}
{0: [0], 1: [1], 2: None, 3: None, 4: None, 5: [2]}
SCORE: 1.004

-------------------

/ʒíːʋ/ - /ʒˈiwɪ/
ʒ-ʒ / iː_́-i / ʋ-w / ∅-ɪ
{0: [0], 1: [1, 2], 2: [3], 3: None}
{0: [0], 1: [1], 2: [2], 3: [3]}
SCORE: 12.367

-------------------

/ʒɔ́ːwt/ - /ʒˈɔwtɪ/
ʒ-ʒ / ɔː-ɔ / ́_w-w / t-t_ɪ
{0: [0], 1: [1], 2: [2, 3], 3: [4]}
{0: [0], 1: [1], 2: [2], 3: [3, 4]}
SCORE: 15.979

-------------------

/ʒɛlèːzɔ/ - /ʒˈɛlɛzɔ/
ʒ-ʒ / ɛ-ɛ / l-l / eː_̀-ɛ / z-z / ɔ-ɔ
{0: [0], 1: [1], 2: [2], 3: [3, 4], 4: [5], 5: [6]}
{0: [0], 1: [1], 2: [2], 3: [3], 4: [4], 5: [5]}
SCORE: 32.928

-------------------

/ʒɛ̀ːna/ - /ʒˈɔna/
ʒ-ʒ / ∅-ɔ / ɛː-∅ / ̀-∅ / n-n / a-a
{0: [0], 1: None, 2: [1], 3: [2], 4: [3], 5: [4]}
{0: [0], 1: [1], 2: None, 3: None, 4: [2], 5: [3]}
SCORE: 7.157

-------------------

/ʦéːw/ - /ʦˈɪwɪ/
ʦ-ʦ / eː_́-ɪ / w-w_ɪ
{0: [0], 1: [1, 2], 2: [3]}
{0: [0], 1: [1], 2: [2, 3]}
SCORE: 11.348

-------------------

/ʦʋéːt/ - /kɥˈet/
∅-k / ʦ-∅ / ʋ-ɥ / eː_́-e / t-t
{0: None, 1: [0], 2: [1], 3: [2, 3], 4: [4]}
{0: [0], 1: None, 2: [1], 3: [2], 4: [3]}
SCORE: 5.77

-------------------

/ʧlɔ̀ːʋɛk/ - /ʧwˈɔɥɛk/
ʧ-ʧ / l-w / ɔː_̀-ɔ / ʋ-ɥ / ɛ-ɛ / k-k
{0: [0], 1: [1], 2: [2, 3], 3: [4], 4: [5], 5: [6]}
{0: [0], 1: [1], 2: [2], 3: [3], 4: [4], 5: [5]}
SCORE: 29.703

-------------------

/ʧə̀rn/ - /ʧˈɔʀnɪ/
ʧ-ʧ / ə_̀-ɔ / r-ʀ / n-n_ɪ
{0: [0], 1: [1, 2], 2: [3], 3: [4]}
{0: [0], 1: [1], 2: [2], 3: [3, 4]}
SCORE: 20.926
