/bɫˈudən/ - /blˈɔːθijɑnɑ̃/
[4/5] b-b / ɫ-l / ˈu-ˈɔː / d-θ / ə-i / ∅-j / ∅-ɑ / n-n / ∅-ɑ̃
[1/5] b-b / ɫ-l / ˈu-ˈɔː / d-θ / ∅-i / ə-j / ∅-ɑ / n-n / ∅-ɑ̃

-------------------

/bɫˈud̥/ - /blˈɔːθɑ̃/
[5/5] b-b / ɫ-l / ˈu-ˈɔː / d̥-θ / ∅-ɑ̃

-------------------

/bɫˈum/ - /blˈɔːmɔːː/
[2/4] b-b / ɫ-l / ˈu-ˈɔː / m-m / ∅-ɔːː
[2/4] b-b / ɫ-l / ˈu-ˈɔː / m-m / #>-ɔːː_#>

-------------------

/bɫˈɑd̥/ - /blˈɑðɑ̃/
[4/4] b-b / ɫ-l / ˈɑ-ˈɑ / d̥-ð / ∅-ɑ̃

-------------------

/bɾˈoːd̥/ - /brˈɑu̯ðɑ̃/
[5/5] b-b / ɾ-r / ˈoː-ˈɑu̯ / d̥-ð / ∅-ɑ̃

-------------------

/bɾˈudəɾ/ - /brˈɔːθɛːr/
[4/4] b-b / ɾ-r / ˈu-ˈɔː / d-θ / ə-ɛː / ɾ-r

-------------------

/bɾˈuɾ/ - /brˈɔːθɛːr/
[1/1] b-b / ɾ-r / ˈu-ˈɔː / ∅-θ / ∅-ɛː / ɾ-r

-------------------

/bɾˈɑu̯ən/ - /brˈewːɑnɑ̃/
[4/4] b-b / ɾ-r / ∅-ˈe / ˈɑu̯-wː / ə-ɑ / n-n / ∅-ɑ̃

-------------------

/bɾˈʏχ/ - /brˈuɣjɔ̃ː/
[3/5] b-b / ɾ-r / ˈʏ-ˈu / χ-ɣ / ∅-j / #>-ɔ̃ː_#>
[2/5] b-b / ɾ-r / ˈʏ-ˈu / χ-ɣ / ∅-j / ∅-ɔ̃ː

-------------------

/bˈeːn/ - /bˈɑi̯nɑ̃/
[5/5] b-b / ˈeː-ˈɑi̯ / n-n / ∅-ɑ̃

-------------------

/bˈeːtəɾ/ - /bˈɑtizɔːː/
[4/4] b-b / ˈeː-ˈɑ / t-t / ə-i / ∅-z / ɾ-ɔːː

-------------------

/bˈeːɾ/ - /bˈerɔːː/
[3/5] b-b / ˈeː-ˈe / ɾ-r / #>-ɔːː_#>
[2/5] b-b / ˈeː-ˈe / ɾ-r / ∅-ɔːː

-------------------

/bˈidən/ - /bˈeu̯ðɑnɑ̃/
[3/3] b-b / ˈi-ˈeu̯ / d-ð / ə-ɑ / n-n / ∅-ɑ̃

-------------------

/bˈoːm/ - /bˈɑu̯mɑz/
[3/3] b-b / ˈoː-ˈɑu̯ / m-m / ∅-ɑ / ∅-z

-------------------

/bˈoːt/ - /bˈɑi̯tɑz/
[5/5] b-b / ˈoː-ˈɑi̯ / t-t / ∅-ɑ / ∅-z

-------------------

/bˈuk/ - /bˈɔːks/
[3/4] b-b / ˈu-ˈɔː / k-k / #>-s_#>
[1/4] b-b / ˈu-ˈɔː / k-k / ∅-s

-------------------

/bˈɑd̥/ - /bˈɑθɑ̃/
[2/2] b-b / ˈɑ-ˈɑ / d̥-θ / ∅-ɑ̃

-------------------

/bˈɔɾst/ - /brˈeu̯stɑ̃/
[4/4] b-b / ˈɔ-∅ / ɾ-r / ∅-ˈeu̯ / s-s / t-t / ∅-ɑ̃

-------------------

/bˈɛi̯/ - /bˈijɔ̃ː/
[2/3] b-b / ˈɛi̯-ˈi / ∅-j / ∅-ɔ̃ː
[1/3] b-b / ˈɛi̯-ˈi / ∅-j / #>-ɔ̃ː_#>

-------------------

/bˈɛi̯/ - /bˈiniz/
[2/2] b-b / ˈɛi̯-ˈi / ∅-n / ∅-i / ∅-z

-------------------

/bˈɛi̯tən/ - /bˈiːtɑnɑ̃/
[5/5] b-b / ˈɛi̯-ˈiː / t-t / ə-ɑ / n-n / ∅-ɑ̃

-------------------

/bˈɛs/ - /bˈɑsjɑ̃/
[2/2] b-b / ˈɛ-ˈɑ / s-s / ∅-j / ∅-ɑ̃

-------------------

/bˈɛs/ - /bˈɑzjɑ̃/
[2/3] b-b / ˈɛ-ˈɑ / s-z / ∅-j / ∅-ɑ̃
[1/3] b-b / ˈɛ-ˈɑ / s-∅ / ∅-z / ∅-j / ∅-ɑ̃

-------------------

/bˈɛɾχ/ - /bˈerɣɑz/
[4/4] b-b / ˈɛ-ˈe / ɾ-r / χ-ɣ / ∅-ɑ / ∅-z

-------------------

/bˈɪdən/ - /bˈiðjɑnɑ̃/
[2/4] b-b / ˈɪ-ˈi / d-ð / ∅-j / ə-ɑ / n-n / ∅-ɑ̃
[1/4] b-b / ˈɪ-ˈi / d-ð / ə-j_ɑ / n-n / ∅-ɑ̃
[1/4] b-b / ˈɪ-ˈi / d-ð / ə-j / ∅-ɑ / n-n / ∅-ɑ̃

-------------------

/bˈɪndən/ - /bˈindɑnɑ̃/
[5/5] b-b / ˈɪ-ˈi / n-n / d-d / ə-ɑ / n-n / ∅-ɑ̃

-------------------

/dɾˈi/ - /θrˈiːz/
[5/5] d-θ / ɾ-r / ˈi-ˈiː / ∅-z

-------------------

/dɾˈoːm/ - /drˈɑu̯mɑz/
[5/5] d-d / ɾ-r / ˈoː-ˈɑu̯ / m-m / ∅-ɑ / ∅-z

-------------------

/dɾˈoːmən/ - /drˈɑu̯mijɑnɑ̃/
[4/5] d-d / ɾ-r / ˈoː-ˈɑu̯ / m-m / ə-i / ∅-j / ∅-ɑ / n-n / ∅-ɑ̃
[1/5] d-d / ɾ-r / ˈoː-ˈɑu̯ / m-m / ∅-i / ə-j / ∅-ɑ / n-n / ∅-ɑ̃

-------------------

/dɾˈoːχ/ - /drˈuknɑz/
[1/1] d-d / ɾ-r / ˈoː-ˈu / χ-k / ∅-n / ∅-ɑ / ∅-z

-------------------

/dɾˈoːχ/ - /drˈɑu̯ɣiz/
[3/3] d-d / ɾ-r / ˈoː-ˈɑu̯ / χ-ɣ / ∅-i / ∅-z

-------------------

/dɾˈɛi̯vən/ - /drˈiːβɑnɑ̃/
[4/4] d-d / ɾ-r / ˈɛi̯-ˈiː / v-β / ə-ɑ / n-n / ∅-ɑ̃

-------------------

/dɾˈɪŋkən/ - /drˈiŋkɑnɑ̃/
[4/4] d-d / ɾ-r / ˈɪ-ˈi / ŋ-ŋ / k-k / ə-ɑ / n-n / ∅-ɑ̃

-------------------

/dɾˈʏkən/ - /θrˈukːijɑnɑ̃/
[3/4] d-θ / ɾ-r / ˈʏ-ˈu / k-kː / ə-i / ∅-j / ∅-ɑ / n-n / ∅-ɑ̃
[1/4] d-θ / ɾ-r / ˈʏ-ˈu / k-kː / ∅-i / ə-j / ∅-ɑ / n-n / ∅-ɑ̃

-------------------

/dʋˈɛɾχ/ - /dwˈerɣɑz/
[4/4] d-d / ʋ-w / ˈɛ-ˈe / ɾ-r / χ-ɣ / ∅-ɑ / ∅-z

-------------------

/dˈeːχ/ - /dˈɑi̯ɣɑz/
[4/4] d-d / ˈeː-ˈɑi̯ / χ-ɣ / ∅-ɑ / ∅-z

-------------------

/dˈip/ - /dˈeu̯pɑz/
[5/5] d-d / ˈi-ˈeu̯ / p-p / ∅-ɑ / ∅-z

-------------------

/dˈiv̥/ - /θˈeu̯βɑz/
[4/4] d-θ / ˈi-ˈeu̯ / v̥-β / ∅-ɑ / ∅-z

-------------------

/dˈiɾ/ - /dˈeu̯zɑ̃/
[4/4] d-d / ˈi-ˈeu̯ / ɾ-∅ / ∅-z / ∅-ɑ̃

-------------------

/dˈoːd̥/ - /dˈɑu̯ðɑz/
[4/4] d-d / ˈoː-ˈɑu̯ / d̥-ð / ∅-ɑ / ∅-z

-------------------

/dˈoːd̥/ - /dˈɑu̯θuz/
[3/3] d-d / ˈoː-ˈɑu̯ / d̥-θ / ∅-u / ∅-z

-------------------

/dˈoːɾn/ - /θˈurnɑz/
[5/5] d-θ / ˈoː-ˈu / ɾ-r / n-n / ∅-ɑ / ∅-z

-------------------

/dˈyːɾ/ - /dˈiu̯rijɑz/
[5/5] d-d / ˈyː-ˈiu̯ / ɾ-r / ∅-i / ∅-j / ∅-ɑ / ∅-z

-------------------

/dˈœy̯m/ - /θˈuːmɔːː/
[3/4] d-θ / ˈœy̯-ˈuː / m-m / #>-ɔːː_#>
[1/4] d-θ / ˈœy̯-ˈuː / m-m / ∅-ɔːː

-------------------

/dˈœy̯ts/ - /θˈiu̯ðiskɑz/
[3/4] d-θ / ˈœy̯-ˈiu̯ / t-ð / s-i_s / ∅-k / ∅-ɑ / ∅-z
[1/4] d-θ / ˈœy̯-ˈiu̯ / t-ð / ∅-i / s-s / ∅-k / ∅-ɑ / ∅-z

-------------------

/dˈœy̯v̥/ - /dˈuːβɔ̃ː/
[2/4] d-d / ˈœy̯-ˈuː / v̥-β / ∅-ɔ̃ː
[2/4] d-d / ˈœy̯-ˈuː / v̥-β / #>-ɔ̃ː_#>

-------------------

/dˈœy̯zənd̥/ - /θˈuːsundiː/
[3/3] d-θ / ˈœy̯-ˈuː / z-s / ə-u / n-n / d̥-d / ∅-iː

-------------------

/dˈɑŋkən/ - /θˈɑŋkɔːnɑ̃/
[3/3] d-θ / ˈɑ-ˈɑ / ŋ-ŋ / k-k / ə-ɔː / n-n / ∅-ɑ̃

-------------------

/dˈɑχ/ - /dˈɑɣɑz/
[4/4] d-d / ˈɑ-ˈɑ / χ-ɣ / ∅-ɑ / ∅-z

-------------------

/dˈɔndəɾ/ - /θˈunrɑz/
[2/2] d-θ / ˈɔ-ˈu / n-n / d-∅ / ə-∅ / ɾ-r / ∅-ɑ / ∅-z

-------------------

/dˈɔɾ/ - /θˈursuz/
[3/3] d-θ / ˈɔ-ˈu / ɾ-r / ∅-s / ∅-u / ∅-z

-------------------

/dˈɔɾst/ - /θˈurstuz/
[4/4] d-θ / ˈɔ-ˈu / ɾ-r / s-s / t-t / ∅-u / ∅-z

-------------------

/dˈɔχtəɾ/ - /dˈuxtɛːr/
[4/4] d-d / ˈɔ-ˈu / χ-x / t-t / ə-ɛː / ɾ-r

-------------------

/dˈɛɾtin/ - /θrˈitexun/
[4/4] d-θ / ˈɛ-∅ / ɾ-r / ∅-ˈi / t-t / i-e / ∅-x / ∅-u / n-n

-------------------

/dˈɪk/ - /θˈekuz/
[4/4] d-θ / ˈɪ-ˈe / k-k / ∅-u / ∅-z

-------------------

/dˈɪŋ/ - /θˈinxsɑ̃/
[1/1] d-θ / ˈɪ-ˈi / ŋ-n / ∅-x / ∅-s / ∅-ɑ̃

-------------------

/dˈɪŋ/ - /θˈiŋɡɑ̃/
[4/4] d-θ / ˈɪ-ˈi / ŋ-ŋ / ∅-ɡ / ∅-ɑ̃

-------------------

/dˈʏn/ - /θˈunːiz/
[3/3] d-θ / ˈʏ-ˈu / n-nː / ∅-i / ∅-z

-------------------

/dˈʏn/ - /θˈunːuz/
[2/2] d-θ / ˈʏ-ˈu / n-nː / ∅-u / ∅-z

-------------------

/jˈaːɾ/ - /jˈɛːrɑ̃/
[4/4] j-j / ˈaː-ˈɛː / ɾ-r / ∅-ɑ̃

-------------------

/jˈɔŋ/ - /jˈuŋɡɑz/
[5/5] j-j / ˈɔ-ˈu / ŋ-ŋ / ∅-ɡ / ∅-ɑ / ∅-z

-------------------

/jˈɛi̯/ - /jˈuːz/
[4/4] j-j / ˈɛi̯-ˈuː / ∅-z

-------------------

/knˈi/ - /knˈewɑ̃/
[5/5] k-k / n-n / ˈi-ˈe / ∅-w / ∅-ɑ̃

-------------------

/knˈɔt/ - /knˈutːɔːː/
[3/5] k-k / n-n / ˈɔ-ˈu / t-tː / #>-ɔːː_#>
[2/5] k-k / n-n / ˈɔ-ˈu / t-tː / ∅-ɔːː

-------------------

/kˈoːmən/ - /kʷˈemɑnɑ̃/
[3/3] k-kʷ / ˈoː-ˈe / m-m / ə-ɑ / n-n / ∅-ɑ̃

-------------------

/kˈoːnɪŋ/ - /kˈuniŋɡɑz/
[4/4] k-k / ˈoː-ˈu / n-n / ∅-i / ɪ-ŋ / ŋ-ɡ / ∅-ɑ / ∅-z

-------------------

/kˈoːɾən/ - /kˈurnɑ̃/
[1/1] k-k / ˈoː-ˈu / ɾ-r / ə-∅ / n-n / ∅-ɑ̃

-------------------

/kˈu/ - /kˈuːz/
[4/4] k-k / ˈu-ˈuː / ∅-z

-------------------

/kˈœy̯kən/ - /kˈiu̯kiːnɑ̃/
[3/3] k-k / ˈœy̯-ˈiu̯ / k-k / ə-iː / n-n / ∅-ɑ̃

-------------------

/kˈœy̯kən/ - /kˈukːiliːŋɡaz/
[1/1] k-k / ˈœy̯-ˈu / k-kː / ə-i / ∅-l / n-iː / ∅-ŋ / ∅-ɡ / ∅-a / ∅-z

-------------------

/kˈɑt/ - /kˈɑtːuz/
[4/4] k-k / ˈɑ-ˈɑ / t-tː / ∅-u / ∅-z

-------------------

/kˈɑu̯d̥/ - /kˈɑldɑz/
[3/5] k-k / ˈɑu̯-ˈɑ / d̥-l_d / ∅-ɑ / ∅-z
[2/5] k-k / ˈɑu̯-ˈɑ / ∅-l / d̥-d / ∅-ɑ / ∅-z

-------------------

/kˈɑɫv̥/ - /kˈɑlβɑz/
[2/2] k-k / ˈɑ-ˈɑ / ɫ-l / v̥-β / ∅-ɑ / ∅-z

-------------------

/kˈɔp/ - /kˈupːɑz/
[2/2] k-k / ˈɔ-ˈu / p-pː / ∅-ɑ / ∅-z

-------------------

/kˈɛnən/ - /kˈɑnːijɑnɑ̃/
[4/5] k-k / ˈɛ-ˈɑ / n-nː / ə-i / ∅-j / ∅-ɑ / n-n / ∅-ɑ̃
[1/5] k-k / ˈɛ-ˈɑ / n-nː / ∅-i / ə-j / ∅-ɑ / n-n / ∅-ɑ̃

-------------------

/kˈɪnd̥/ - /kˈelθɑz/
[1/1] k-k / ˈɪ-ˈe / n-∅ / ∅-l / d̥-θ / ∅-ɑ / ∅-z

-------------------

/kˈɪnd̥/ - /kˈinθɑ̃/
[4/4] k-k / ˈɪ-ˈi / n-n / d̥-θ / ∅-ɑ̃

-------------------

/kˈʏnən/ - /kˈunːɑnɑ̃/
[5/5] k-k / ˈʏ-ˈu / n-nː / ə-ɑ / n-n / ∅-ɑ̃

-------------------

/mˈaːn/ - /mˈɛːnɔːː/
[3/5] m-m / ˈaː-ˈɛː / n-n / #>-ɔːː_#>
[2/5] m-m / ˈaː-ˈɛː / n-n / ∅-ɔːː

-------------------

/mˈaːnd̥/ - /mˈɛːnɔːθs/
[3/5] m-m / ˈaː-ˈɛː / n-n / ∅-ɔː / d̥-θ / #>-s_#>
[2/5] m-m / ˈaː-ˈɛː / n-n / ∅-ɔː / d̥-θ / ∅-s

-------------------

/mˈeːɾ/ - /mˈɑri/
[3/5] m-m / ˈeː-ˈɑ / ɾ-r / #>-i_#>
[2/5] m-m / ˈeː-ˈɑ / ɾ-r / ∅-i

-------------------

/mˈudəɾ/ - /mˈɔːðɛːr/
[5/5] m-m / ˈu-ˈɔː / d-ð / ə-ɛː / ɾ-r

-------------------

/mˈœy̯s/ - /mˈuːs/
[5/5] m-m / ˈœy̯-ˈuː / s-s

-------------------

/mˈœy̯ɫ/ - /mˈuːlɑ̃/
[5/5] m-m / ˈœy̯-ˈuː / ɫ-l / ∅-ɑ̃

-------------------

/mˈɑn/ - /mˈɑnː/
[5/5] m-m / ˈɑ-ˈɑ / n-nː

-------------------

/mˈɑnən/ - /mˈɑnːiz/
[5/5] m-m / ˈɑ-ˈɑ / n-nː / ə-i / n-∅ / ∅-z

-------------------

/mˈɑχt/ - /mˈɑxtiz/
[3/3] m-m / ˈɑ-ˈɑ / χ-x / t-t / ∅-i / ∅-z

-------------------

/mˈɔnd̥/ - /mˈunθɑz/
[4/4] m-m / ˈɔ-ˈu / n-n / d̥-θ / ∅-ɑ / ∅-z

-------------------

/mˈɛi̯/ - /mˈiz/
[4/4] m-m / ˈɛi̯-ˈi / ∅-z

-------------------

/mˈɛns/ - /mˈɑnːiskɑz/
[4/4] m-m / ˈɛ-ˈɑ / n-nː / s-i_s / ∅-k / ∅-ɑ / ∅-z

-------------------

/mˈɛɫk/ - /mˈeluks/
[2/2] m-m / ˈɛ-ˈe / ɫ-l / ∅-u / k-k / #>-s_#>

-------------------

/mˈʏχ/ - /mˈuɣjɔː/
[3/5] m-m / ˈʏ-ˈu / χ-ɣ / ∅-j / #>-ɔː_#>
[2/5] m-m / ˈʏ-ˈu / χ-ɣ / ∅-j / ∅-ɔː

-------------------

/nˈaːkt/ - /nˈɑkʷɑðɑz/
[4/4] n-n / ˈaː-ˈɑ / k-kʷ / ∅-ɑ / t-ð / ∅-ɑ / ∅-z

-------------------

/nˈaːm/ - /nˈɑmɔːː/
[3/5] n-n / ˈaː-ˈɑ / m-m / #>-ɔːː_#>
[2/5] n-n / ˈaː-ˈɑ / m-m / ∅-ɔːː

-------------------

/nˈaːst/ - /nˈɛːxʷist/
[3/4] n-n / ˈaː-ˈɛː / ∅-xʷ / s-i_s / t-t
[1/4] n-n / ˈaː-ˈɛː / ∅-xʷ / ∅-i / s-s / t-t

-------------------

/nˈaːɫd̥/ - /nˈɛːθlɔː/
[2/4] n-n / ˈaː-ˈɛː / ∅-θ / ɫ-l / d̥-∅ / ∅-ɔː
[2/4] n-n / ˈaː-ˈɛː / ∅-θ / ɫ-l / d̥-∅ / #>-ɔː_#>

-------------------

/nˈaːχəɫ/ - /nˈɑɣlɑz/
[3/5] n-n / ˈaː-ˈɑ / χ-ɣ / ə_ɫ-l / ∅-ɑ / ∅-z
[2/5] n-n / ˈaː-ˈɑ / χ-ɣ / ə-∅ / ɫ-l / ∅-ɑ / ∅-z

-------------------

/nˈeːχən/ - /nˈewun/
[4/4] n-n / ˈeː-ˈe / χ-∅ / ∅-w / ə-u / n-n

-------------------

/nˈiw/ - /nˈiu̯jɑz/
[5/5] n-n / ˈi-ˈiu̯ / w-j / ∅-ɑ / ∅-z

-------------------

/nˈoːt/ - /xnˈuts/
[2/3] ∅-x / n-n / ˈoː-ˈu / t-t / ∅-s
[1/3] ∅-x / n-n / ˈoː-ˈu / t-t / #>-s_#>

-------------------

/nˈoːɾd̥/ - /nˈurθrɑ̃/
[5/5] n-n / ˈoː-ˈu / ɾ-r / d̥-θ / ∅-r / ∅-ɑ̃

-------------------

/nˈøːs/ - /nˈɑsɔː/
[2/4] n-n / ˈøː-ˈɑ / s-s / ∅-ɔː
[2/4] n-n / ˈøː-ˈɑ / s-s / #>-ɔː_#>

-------------------

/nˈɑχt/ - /nˈɑxts/
[2/3] n-n / ˈɑ-ˈɑ / χ-x / t-t / #>-s_#>
[1/3] n-n / ˈɑ-ˈɑ / χ-x / t-t / ∅-s

-------------------

/pɫˈuχ/ - /plˈɔːɣɑz/
[4/4] p-p / ɫ-l / ˈu-ˈɔː / χ-ɣ / ∅-ɑ / ∅-z

-------------------

/pˈɑd̥/ - /pˈɑθɑz/
[4/4] p-p / ˈɑ-ˈɑ / d̥-θ / ∅-ɑ / ∅-z

-------------------

/snˈeːw/ - /snˈɑi̯wɑz/
[3/3] s-s / n-n / ˈeː-ˈɑi̯ / w-w / ∅-ɑ / ∅-z

-------------------

/stˈeːn/ - /stˈɑi̯nɑz/
[3/3] s-s / t-t / ˈeː-ˈɑi̯ / n-n / ∅-ɑ / ∅-z

-------------------

/stˈuɫ/ - /stˈɔːlɑz/
[4/4] s-s / t-t / ˈu-ˈɔː / ɫ-l / ∅-ɑ / ∅-z

-------------------

/stˈɔɾm/ - /stˈurmɑz/
[5/5] s-s / t-t / ˈɔ-ˈu / ɾ-r / m-m / ∅-ɑ / ∅-z

-------------------

/stˈɛɾ/ - /stˈernɔ̃ː/
[3/5] s-s / t-t / ˈɛ-ˈe / ɾ-r / ∅-n / #>-ɔ̃ː_#>
[2/5] s-s / t-t / ˈɛ-ˈe / ɾ-r / ∅-n / ∅-ɔ̃ː

-------------------

/sɫˈaːn/ - /slˈɑxɑnɑ̃/
[4/4] s-s / ɫ-l / ˈaː-ˈɑ / ∅-x / ∅-ɑ / n-n / ∅-ɑ̃

-------------------

/sɫˈaːpən/ - /slˈɛːpɑnɑ̃/
[5/5] s-s / ɫ-l / ˈaː-ˈɛː / p-p / ə-ɑ / n-n / ∅-ɑ̃

-------------------

/sɫˈɑŋ/ - /slˈɑŋɡɔːː/
[3/5] s-s / ɫ-l / ˈɑ-ˈɑ / ŋ-ŋ / ∅-ɡ / #>-ɔːː_#>
[2/5] s-s / ɫ-l / ˈɑ-ˈɑ / ŋ-ŋ / ∅-ɡ / ∅-ɔːː

-------------------

/sχˈaːp/ - /skˈɛːpɑ̃/
[4/4] s-s / χ-k / ˈaː-ˈɛː / p-p / ∅-ɑ̃

-------------------

/sχˈitən/ - /skˈeu̯tɑnɑ̃/
[5/5] s-s / χ-k / ˈi-ˈeu̯ / t-t / ə-ɑ / n-n / ∅-ɑ̃

-------------------

/sχˈoːn/ - /skˈɑu̯niz/
[4/4] s-s / χ-k / ˈoː-ˈɑu̯ / n-n / ∅-i / ∅-z

-------------------

/sχˈun/ - /skˈɔːxɑz/
[5/5] s-s / χ-k / ˈu-ˈɔː / n-∅ / ∅-x / ∅-ɑ / ∅-z

-------------------

/sχˈɛi̯t/ - /skˈitɑz/
[4/4] s-s / χ-k / ˈɛi̯-ˈi / t-t / ∅-ɑ / ∅-z

-------------------

/sχˈɛɾp/ - /skˈɑrpɑz/
[4/4] s-s / χ-k / ˈɛ-ˈɑ / ɾ-r / p-p / ∅-ɑ / ∅-z

-------------------

/sχˈɪp/ - /skˈipɑ̃/
[4/4] s-s / χ-k / ˈɪ-ˈi / p-p / ∅-ɑ̃

-------------------

/sχˈɪɫd̥/ - /skˈelduz/
[4/4] s-s / χ-k / ˈɪ-ˈe / ɫ-l / d̥-d / ∅-u / ∅-z

-------------------

/tɾˈaːn/ - /trˈɑxnuz/
[4/4] t-t / ɾ-r / ˈaː-ˈɑ / ∅-x / n-n / ∅-u / ∅-z

-------------------

/tʋˈaːɫəf/ - /twˈɑliɸ/
[5/5] t-t / ʋ-w / ˈaː-ˈɑ / ɫ-l / ə-i / f-ɸ

-------------------

/tʋˈeː/ - /twˈɑi̯/
[4/4] t-t / ʋ-w / ˈeː-ˈɑi̯

-------------------

/tʋˈɪntəχ/ - /twɑi̯tˈiɣiwiz/
[5/5] t-t / ʋ-w / ˈɪ-ɑi̯ / n-∅ / t-t / ə-ˈi / χ-ɣ / ∅-i / ∅-w / ∅-i / ∅-z

-------------------

/tˈeːkən/ - /tˈɑi̯knɑ̃/
[4/4] t-t / ˈeː-ˈɑi̯ / k-k / ə-∅ / n-n / ∅-ɑ̃

-------------------

/tˈeːn/ - /tˈɑi̯xʷɔ̃ː/
[2/4] t-t / ˈeː-ˈɑi̯ / n-∅ / ∅-xʷ / #>-ɔ̃ː_#>
[2/4] t-t / ˈeː-ˈɑi̯ / n-xʷ / ∅-ɔ̃ː

-------------------

/tˈin/ - /tˈexun/
[5/5] t-t / ˈi-ˈe / ∅-x / ∅-u / n-n

-------------------

/tˈɑnd̥/ - /tˈɑnθs/
[3/5] t-t / ˈɑ-ˈɑ / n-n / d̥-θ / #>-s_#>
[2/5] t-t / ˈɑ-ˈɑ / n-n / d̥-θ / ∅-s

-------------------

/tˈɔŋ/ - /tˈuŋɡɔ̃ː/
[3/4] t-t / ˈɔ-ˈu / ŋ-ŋ / ∅-ɡ / #>-ɔ̃ː_#>
[1/4] t-t / ˈɔ-ˈu / ŋ-ŋ / ∅-ɡ / ∅-ɔ̃ː

-------------------

/tˈɛi̯d̥/ - /tˈiːðiz/
[5/5] t-t / ˈɛi̯-ˈiː / d̥-ð / ∅-i / ∅-z

-------------------

/vɫˈeːs/ - /ɸlˈɑi̯ski/
[1/2] v-ɸ / ɫ-l / ˈeː-ˈɑi̯ / s-s / ∅-k / ∅-i
[1/2] v-ɸ / ɫ-l / ˈeː-ˈɑi̯ / s-s / ∅-k / #>-i_#>

-------------------

/vɫˈiχ/ - /ɸlˈeu̯ɣɔ̃ː/
[3/5] v-ɸ / ɫ-l / ˈi-ˈeu̯ / χ-ɣ / #>-ɔ̃ː_#>
[2/5] v-ɸ / ɫ-l / ˈi-ˈeu̯ / χ-ɣ / ∅-ɔ̃ː

-------------------

/vɫˈiχən/ - /ɸlˈeu̯ɣɑnɑ̃/
[3/3] v-ɸ / ɫ-l / ˈi-ˈeu̯ / χ-ɣ / ə-ɑ / n-n / ∅-ɑ̃

-------------------

/vɾˈind̥/ - /ɸrˈijɔːndz/
[2/2] v-ɸ / ɾ-r / ∅-ˈi / ˈi-j / ∅-ɔː / n-n / d̥-d / ∅-z

-------------------

/vɾˈizən/ - /ɸrˈeu̯sɑnɑ̃/
[3/3] v-ɸ / ɾ-r / ˈi-ˈeu̯ / z-s / ə-ɑ / n-n / ∅-ɑ̃

-------------------

/vɾˈɑu̯/ - /ɸrˈɑwjɔ̃ː/
[5/5] v-ɸ / ɾ-r / ∅-ˈɑ / ∅-w / ∅-j / ˈɑu̯-ɔ̃ː

-------------------

/vɾˈɛi̯/ - /ɸrˈijɑz/
[5/5] v-ɸ / ɾ-r / ˈɛi̯-ˈi / ∅-j / ∅-ɑ / ∅-z

-------------------

/vˈaːdəɾ/ - /ɸˈɑðɛːr/
[5/5] v-ɸ / ˈaː-ˈɑ / d-ð / ə-ɛː / ɾ-r

-------------------

/vˈeːɾ/ - /ɸˈeθrɔː/
[2/4] v-ɸ / ˈeː-ˈe / ∅-θ / ɾ-r / ∅-ɔː
[2/4] v-ɸ / ˈeː-ˈe / ∅-θ / ɾ-r / #>-ɔː_#>

-------------------

/vˈiɾ/ - /ɸˈeðwɔːr/
[2/3] v-ɸ / ˈi-ˈe / ∅-ð / ∅-w / ∅-ɔː / ɾ-r
[1/3] v-ɸ / ˈi-ˈe / ∅-ð / ∅-w / ɾ-ɔː_r

-------------------

/vˈoːɾ/ - /ɸˈuri/
[3/5] v-ɸ / ˈoː-ˈu / ɾ-r / #>-i_#>
[2/5] v-ɸ / ˈoː-ˈu / ɾ-r / ∅-i

-------------------

/vˈoːχəɫ/ - /ɸˈuɣlɑz/
[3/5] v-ɸ / ˈoː-ˈu / χ-ɣ / ə_ɫ-l / ∅-ɑ / ∅-z
[2/5] v-ɸ / ˈoː-ˈu / χ-ɣ / ə-∅ / ɫ-l / ∅-ɑ / ∅-z

-------------------

/vˈut/ - /ɸˈɔːts/
[3/5] v-ɸ / ˈu-ˈɔː / t-t / #>-s_#>
[2/5] v-ɸ / ˈu-ˈɔː / t-t / ∅-s

-------------------

/vˈutən/ - /ɸˈɔːtiz/
[5/5] v-ɸ / ˈu-ˈɔː / t-t / ə-i / n-∅ / ∅-z

-------------------

/vˈuɫən/ - /ɸˈɔlijɑnɑ̃/
[4/5] v-ɸ / ˈu-ˈɔ / ɫ-l / ə-i / ∅-j / ∅-ɑ / n-n / ∅-ɑ̃
[1/5] v-ɸ / ˈu-ˈɔ / ɫ-l / ∅-i / ə-j / ∅-ɑ / n-n / ∅-ɑ̃

-------------------

/vˈyːɾ/ - /ɸˈɔːr/
[4/4] v-ɸ / ˈyː-ˈɔː / ɾ-r

-------------------

/vˈɑst/ - /ɸˈɑstuz/
[3/3] v-ɸ / ˈɑ-ˈɑ / s-s / t-t / ∅-u / ∅-z

-------------------

/vˈɔs/ - /ɸˈuxsɑz/
[3/4] v-ɸ / ˈɔ-ˈu / s-x_s / ∅-ɑ / ∅-z
[1/4] v-ɸ / ˈɔ-ˈu / ∅-x / s-s / ∅-ɑ / ∅-z

-------------------

/vˈɔɫ/ - /ɸˈulːɑz/
[3/3] v-ɸ / ˈɔ-ˈu / ɫ-lː / ∅-ɑ / ∅-z

-------------------

/vˈɔɫk/ - /ɸˈulkɑ̃/
[3/3] v-ɸ / ˈɔ-ˈu / ɫ-l / k-k / ∅-ɑ̃

-------------------

/vˈɔɫχən/ - /ɸˈulɣɑːnɑ̃/
[2/2] v-ɸ / ˈɔ-ˈu / ɫ-l / χ-ɣ / ə-ɑː / n-n / ∅-ɑ̃

-------------------

/vˈɛi̯f/ - /ɸˈimɸ/
[4/4] v-ɸ / ˈɛi̯-ˈi / ∅-m / f-ɸ

-------------------

/vˈɛɾs/ - /ɸrˈiskɑz/
[5/5] v-ɸ / ˈɛ-∅ / ɾ-r / ∅-ˈi / s-s / ∅-k / ∅-ɑ / ∅-z

-------------------

/vˈɪndən/ - /ɸˈinθɑnɑ̃/
[5/5] v-ɸ / ˈɪ-ˈi / n-n / d-θ / ə-ɑ / n-n / ∅-ɑ̃

-------------------

/vˈɪs/ - /ɸˈiskɑz/
[2/2] v-ɸ / ˈɪ-ˈi / s-s / ∅-k / ∅-ɑ / ∅-z

-------------------

/vˈɪŋəɾ/ - /ɸˈiŋɡrɑz/
[2/4] v-ɸ / ˈɪ-ˈi / ŋ-ŋ / ə-∅ / ∅-ɡ / ɾ-r / ∅-ɑ / ∅-z
[2/4] v-ɸ / ˈɪ-ˈi / ŋ-ŋ / ə-∅ / ɾ-ɡ_r / ∅-ɑ / ∅-z

-------------------

/zʋˈaːɾd̥/ - /swˈerðɑ̃/
[4/4] z-s / ʋ-w / ˈaː-ˈe / ɾ-r / d̥-ð / ∅-ɑ̃

-------------------

/zʋˈeːt/ - /swˈɑi̯tɑz/
[1/1] z-s / ʋ-w / ˈeː-ˈɑi̯ / t-t / ∅-ɑ / ∅-z

-------------------

/zʋˈeːt/ - /swˈɑi̯tɔːː/
[2/4] z-s / ʋ-w / ˈeː-ˈɑi̯ / t-t / ∅-ɔːː
[2/4] z-s / ʋ-w / ˈeː-ˈɑi̯ / t-t / #>-ɔːː_#>

-------------------

/zʋˈɑɾt/ - /swˈɑrtɑz/
[4/4] z-s / ʋ-w / ˈɑ-ˈɑ / ɾ-r / t-t / ∅-ɑ / ∅-z

-------------------

/zʋˈɛi̯n/ - /swˈiːnɑ̃/
[4/4] z-s / ʋ-w / ˈɛi̯-ˈiː / n-n / ∅-ɑ̃

-------------------

/zʋˈɛmən/ - /swˈimːɑnɑ̃/
[4/4] z-s / ʋ-w / ˈɛ-ˈi / m-mː / ə-ɑ / n-n / ∅-ɑ̃

-------------------

/zˈeː/ - /sˈɑi̯wiz/
[4/4] z-s / ˈeː-ˈɑi̯ / ∅-w / ∅-i / ∅-z

-------------------

/zˈeːvən/ - /sˈeβun/
[5/5] z-s / ˈeː-ˈe / v-β / ə-u / n-n

-------------------

/zˈik/ - /sˈeu̯kɑz/
[5/5] z-s / ˈi-ˈeu̯ / k-k / ∅-ɑ / ∅-z

-------------------

/zˈin/ - /sˈexʷɑnɑ̃/
[4/4] z-s / ˈi-ˈe / ∅-xʷ / ∅-ɑ / n-n / ∅-ɑ̃

-------------------

/zˈiɫ/ - /sˈɑi̯wɑlu/
[2/3] z-s / ˈi-ˈɑi̯ / ∅-w / ɫ-ɑ_l / ∅-u
[1/3] z-s / ∅-ˈɑi̯ / ˈi-w / ∅-ɑ / ɫ-l / ∅-u

-------------------

/zˈoːməɾ/ - /sˈumɑrɑz/
[5/5] z-s / ˈoː-ˈu / m-m / ə-ɑ / ɾ-r / ∅-ɑ / ∅-z

-------------------

/zˈoːn/ - /sˈunuz/
[3/3] z-s / ˈoː-ˈu / n-n / ∅-u / ∅-z

-------------------

/zˈukən/ - /sˈɔːkijɑnɑ̃/
[4/5] z-s / ˈu-ˈɔː / k-k / ə-i / ∅-j / ∅-ɑ / n-n / ∅-ɑ̃
[1/5] z-s / ˈu-ˈɔː / k-k / ∅-i / ə-j / ∅-ɑ / n-n / ∅-ɑ̃

-------------------

/zˈut/ - /swˈɔːtuz/
[5/5] z-s / ∅-w / ˈu-ˈɔː / t-t / ∅-u / ∅-z

-------------------

/zˈyːɾ/ - /sˈuːrɑz/
[4/4] z-s / ˈyː-ˈuː / ɾ-r / ∅-ɑ / ∅-z

-------------------

/zˈœy̯χən/ - /sˈuːɣɑnɑ̃/
[5/5] z-s / ˈœy̯-ˈuː / χ-ɣ / ə-ɑ / n-n / ∅-ɑ̃

-------------------

/zˈɑnd̥/ - /sˈɑmdɑz/
[2/4] z-s / ˈɑ-ˈɑ / n-∅ / ∅-m / d̥-d / ∅-ɑ / ∅-z
[2/4] z-s / ˈɑ-ˈɑ / n-m / d̥-d / ∅-ɑ / ∅-z

-------------------

/zˈɑu̯t/ - /sˈɑltɑ̃/
[4/4] z-s / ˈɑu̯-ˈɑ / ∅-l / t-t / ∅-ɑ̃

-------------------

/zˈɛi̯də/ - /sˈiːðɔ̃ː/
[4/4] z-s / ˈɛi̯-ˈiː / d-ð / ə-ɔ̃ː

-------------------

/zˈɛs/ - /sˈexs/
[3/5] z-s / ˈɛ-ˈe / s-x_s
[2/5] z-s / ˈɛ-ˈe / ∅-x / s-s

-------------------

/zˈɛɫv̥/ - /sˈelβɑz/
[4/4] z-s / ˈɛ-ˈe / ɫ-l / v̥-β / ∅-ɑ / ∅-z

-------------------

/zˈɛχən/ - /sˈɑɣjɑnɑ̃/
[1/3] z-s / ˈɛ-ˈɑ / χ-ɣ / ∅-j / ə-ɑ / n-n / ∅-ɑ̃
[1/3] z-s / ˈɛ-ˈɑ / χ-ɣ / ə-j_ɑ / n-n / ∅-ɑ̃
[1/3] z-s / ˈɛ-ˈɑ / χ-ɣ / ə-j / ∅-ɑ / n-n / ∅-ɑ̃

-------------------

/zˈɪtən/ - /sˈitjɑnɑ̃/
[3/5] z-s / ˈɪ-ˈi / t-t / ∅-j / ə-ɑ / n-n / ∅-ɑ̃
[1/5] z-s / ˈɪ-ˈi / t-t / ə-j_ɑ / n-n / ∅-ɑ̃
[1/5] z-s / ˈɪ-ˈi / t-t / ə-j / ∅-ɑ / n-n / ∅-ɑ̃

-------------------

/zˈɪŋən/ - /sˈiŋɡʷɑnɑ̃/
[4/4] z-s / ˈɪ-ˈi / ŋ-ŋ / ∅-ɡʷ / ə-ɑ / n-n / ∅-ɑ̃

-------------------

/zˈʏstəɾ/ - /swˈestɛːr/
[4/4] z-s / ∅-w / ˈʏ-ˈe / s-s / t-t / ə-ɛː / ɾ-r

-------------------

/ɦˈaːtən/ - /xˈɑtɑːnɑ̃/
[4/4] ɦ-x / ˈaː-ˈɑ / t-t / ə-ɑː / n-n / ∅-ɑ̃

-------------------

/ɦˈaːz̥/ - /xˈɑsɔːː/
[3/5] ɦ-x / ˈaː-ˈɑ / z̥-s / #>-ɔːː_#>
[2/5] ɦ-x / ˈaː-ˈɑ / z̥-s / ∅-ɔːː

-------------------

/ɦˈaːɾ/ - /xˈɛːrɑ̃/
[3/3] ɦ-x / ˈaː-ˈɛː / ɾ-r / ∅-ɑ̃

-------------------

/ɦˈeːm/ - /xˈɑi̯mɑz/
[3/3] ɦ-x / ˈeː-ˈɑi̯ / m-m / ∅-ɑ / ∅-z

-------------------

/ɦˈeːt/ - /xˈɑi̯tɑz/
[4/4] ɦ-x / ˈeː-ˈɑi̯ / t-t / ∅-ɑ / ∅-z

-------------------

/ɦˈiɾ/ - /xˈeːr/
[2/2] ɦ-x / ˈi-ˈeː / ɾ-r

-------------------

/ɦˈoːnɪŋ/ - /xˈunɑŋɡɑ̃/
[2/3] ɦ-x / ˈoː-ˈu / n-n / ɪ-ɑ / ŋ-ŋ / ∅-ɡ / ∅-ɑ̃
[1/3] ɦ-x / ˈoː-ˈu / n-n / ∅-ɑ / ɪ-ŋ / ŋ-ɡ / ∅-ɑ̃

-------------------

/ɦˈoːnɪŋ/ - /xˈunɑɣɑ̃/
[1/1] ɦ-x / ˈoː-ˈu / n-n / ɪ-ɑ / ŋ-ɣ / ∅-ɑ̃

-------------------

/ɦˈoːv̥d̥/ - /xˈɑu̯βuðɑ̃/
[5/5] ɦ-x / ˈoː-ˈɑu̯ / v̥-β / ∅-u / d̥-ð / ∅-ɑ̃

-------------------

/ɦˈoːɾn/ - /xˈurnɑ̃/
[4/4] ɦ-x / ˈoː-ˈu / ɾ-r / n-n / ∅-ɑ̃

-------------------

/ɦˈoːɾən/ - /xˈɑu̯zijɑnɑ̃/
[3/4] ɦ-x / ˈoː-ˈɑu̯ / ɾ-∅ / ∅-z / ə-i / ∅-j / ∅-ɑ / n-n / ∅-ɑ̃
[1/4] ɦ-x / ˈoː-ˈɑu̯ / ɾ-∅ / ∅-z / ∅-i / ə-j / ∅-ɑ / n-n / ∅-ɑ̃

-------------------

/ɦˈoːχ/ - /xˈɑu̯xɑz/
[1/1] ɦ-x / ˈoː-ˈɑu̯ / χ-x / ∅-ɑ / ∅-z

-------------------

/ɦˈoːχ/ - /xˈɑu̯ɣɑz/
[4/4] ɦ-x / ˈoː-ˈɑu̯ / χ-ɣ / ∅-ɑ / ∅-z

-------------------

/ɦˈœy̯d̥/ - /xˈuːðiz/
[5/5] ɦ-x / ˈœy̯-ˈuː / d̥-ð / ∅-i / ∅-z

-------------------

/ɦˈœy̯s/ - /xˈuːsɑ̃/
[5/5] ɦ-x / ˈœy̯-ˈuː / s-s / ∅-ɑ̃

-------------------

/ɦˈɑnd̥/ - /xˈɑnduz/
[2/2] ɦ-x / ˈɑ-ˈɑ / n-n / d̥-d / ∅-u / ∅-z

-------------------

/ɦˈɑɫv̥/ - /xˈɑlβɑz/
[4/4] ɦ-x / ˈɑ-ˈɑ / ɫ-l / v̥-β / ∅-ɑ / ∅-z

-------------------

/ɦˈɑɾt/ - /xˈertɔːː/
[2/3] ɦ-x / ˈɑ-ˈe / ɾ-r / t-t / #>-ɔːː_#>
[1/3] ɦ-x / ˈɑ-ˈe / ɾ-r / t-t / ∅-ɔːː

-------------------

/ɦˈɔndəɾd̥/ - /xˈundɑrɑðɑ̃/
[2/3] ɦ-x / ˈɔ-ˈu / n-n / d-d / ə-ɑ / ɾ-r / d̥-ɑ_ð / ∅-ɑ̃
[1/3] ɦ-x / ˈɔ-ˈu / n-n / d-d / ə-ɑ / ɾ-r / ∅-ɑ / d̥-ð / ∅-ɑ̃

-------------------

/ɦˈɔnd̥/ - /xˈundɑz/
[4/4] ɦ-x / ˈɔ-ˈu / n-n / d̥-d / ∅-ɑ / ∅-z

-------------------

/ɦˈɔŋəɾ/ - /xˈunxruz/
[1/1] ɦ-x / ˈɔ-ˈu / ŋ-n / ə-∅ / ∅-x / ɾ-r / ∅-u / ∅-z

-------------------

/ɦˈɔŋəɾ/ - /xˈuŋɡruz/
[2/4] ɦ-x / ˈɔ-ˈu / ŋ-ŋ / ə-∅ / ∅-ɡ / ɾ-r / ∅-u / ∅-z
[2/4] ɦ-x / ˈɔ-ˈu / ŋ-ŋ / ə-∅ / ɾ-ɡ_r / ∅-u / ∅-z

-------------------

/ɦˈɛbən/ - /xˈɑβjɑnɑ̃/
[2/3] ɦ-x / ˈɛ-ˈɑ / b-β / ∅-j / ə-ɑ / n-n / ∅-ɑ̃
[1/3] ɦ-x / ˈɛ-ˈɑ / b-β / ə-j / ∅-ɑ / n-n / ∅-ɑ̃

-------------------

/ɦˈɛi̯ɫəχ/ - /xˈɑi̯lɑɣɑz/
[5/5] ɦ-x / ˈɛi̯-ˈɑi̯ / ɫ-l / ə-ɑ / χ-ɣ / ∅-ɑ / ∅-z

-------------------

/ɦˈɛn/ - /xˈɑnjɔː/
[2/4] ɦ-x / ˈɛ-ˈɑ / n-n / ∅-j / ∅-ɔː
[2/4] ɦ-x / ˈɛ-ˈɑ / n-n / ∅-j / #>-ɔː_#>

-------------------

/ɦˈɛɫpən/ - /xˈelpɑnɑ̃/
[4/4] ɦ-x / ˈɛ-ˈe / ɫ-l / p-p / ə-ɑ / n-n / ∅-ɑ̃

-------------------

/ɫˈeːvəɾ/ - /lˈiβrɔː/
[2/4] ɫ-l / ˈeː-ˈi / v-β / ə-∅ / ɾ-r / ∅-ɔː
[2/4] ɫ-l / ˈeː-ˈi / v-β / ə-∅ / ɾ-r / #>-ɔː_#>

-------------------

/ɫˈiv̥/ - /lˈeu̯βɑz/
[2/2] ɫ-l / ˈi-ˈeu̯ / v̥-β / ∅-ɑ / ∅-z

-------------------

/ɫˈiχən/ - /lˈeu̯ɣɑnɑ̃/
[4/4] ɫ-l / ˈi-ˈeu̯ / χ-ɣ / ə-ɑ / n-n / ∅-ɑ̃

-------------------

/ɫˈoːpən/ - /xlˈɑu̯pɑnɑ̃/
[4/5] ∅-x / ɫ-l / ˈoː-ˈɑu̯ / p-p / ə-ɑ / n-n / ∅-ɑ̃
[1/5] ɫ-x_l / ˈoː-ˈɑu̯ / p-p / ə-ɑ / n-n / ∅-ɑ̃

-------------------

/ɫˈoːv̥/ - /lˈɑu̯βɑ̃/
[5/5] ɫ-l / ˈoː-ˈɑu̯ / v̥-β / ∅-ɑ̃

-------------------

/ɫˈœy̯s/ - /lˈuːs/
[5/5] ɫ-l / ˈœy̯-ˈuː / s-s

-------------------

/ɫˈɑm/ - /lˈɑmbɑz/
[4/4] ɫ-l / ˈɑ-ˈɑ / m-m / ∅-b / ∅-ɑ / ∅-z

-------------------

/ɫˈɑnd̥/ - /lˈɑndɑ̃/
[3/3] ɫ-l / ˈɑ-ˈɑ / n-n / d̥-d / ∅-ɑ̃

-------------------

/ɫˈɑŋ/ - /lˈɑŋɡɑz/
[3/3] ɫ-l / ˈɑ-ˈɑ / ŋ-ŋ / ∅-ɡ / ∅-ɑ / ∅-z

-------------------

/ɫˈɑχən/ - /xlˈɑxjɑnɑ̃/
[1/4] ∅-x / ɫ-l / ˈɑ-ˈɑ / χ-x / ∅-j / ə-ɑ / n-n / ∅-ɑ̃
[1/4] ∅-x / ɫ-l / ˈɑ-ˈɑ / χ-x / ə-j_ɑ / n-n / ∅-ɑ̃
[1/4] ∅-x / ɫ-l / ˈɑ-ˈɑ / χ-x / ə-j / ∅-ɑ / n-n / ∅-ɑ̃
[1/4] ɫ-x_l / ˈɑ-ˈɑ / χ-x / ∅-j / ə-ɑ / n-n / ∅-ɑ̃

-------------------

/ɫˈɪχt/ - /lˈeu̯xsɑ̃/
[1/2] ɫ-l / ˈɪ-ˈeu̯ / χ-x / t-∅ / ∅-s / ∅-ɑ̃
[1/2] ɫ-l / ˈɪ-ˈeu̯ / χ-x / t-s / ∅-ɑ̃

-------------------

/ɫˈɪχt/ - /lˈeu̯xtɑ̃/
[3/3] ɫ-l / ˈɪ-ˈeu̯ / χ-x / t-t / ∅-ɑ̃

-------------------

/ɫˈɪχt/ - /lˈĩːxtɑz/
[3/3] ɫ-l / ˈɪ-ˈĩː / χ-x / t-t / ∅-ɑ / ∅-z

-------------------

/ɫˈɪχən/ - /lˈiɣjɑnɑ̃/
[1/2] ɫ-l / ˈɪ-ˈi / χ-ɣ / ∅-j / ə-ɑ / n-n / ∅-ɑ̃
[1/2] ɫ-l / ˈɪ-ˈi / χ-ɣ / ə-j_ɑ / n-n / ∅-ɑ̃

-------------------

/ɾˈeːχən/ - /rˈeɣnɑ̃/
[4/4] ɾ-r / ˈeː-ˈe / χ-ɣ / ə-∅ / n-n / ∅-ɑ̃

-------------------

/ɾˈoːd̥/ - /rˈɑu̯ðɑz/
[4/4] ɾ-r / ˈoː-ˈɑu̯ / d̥-ð / ∅-ɑ / ∅-z

-------------------

/ɾˈoːk/ - /rˈɑu̯kiz/
[4/4] ɾ-r / ˈoː-ˈɑu̯ / k-k / ∅-i / ∅-z

-------------------

/ɾˈɔs/ - /xrˈusːɑ̃/
[4/4] ∅-x / ɾ-r / ˈɔ-ˈu / s-sː / ∅-ɑ̃

-------------------

/ɾˈɛi̯k/ - /rˈiːkijɑz/
[3/3] ɾ-r / ˈɛi̯-ˈiː / k-k / ∅-i / ∅-j / ∅-ɑ / ∅-z

-------------------

/ɾˈɛχt/ - /rˈextɑz/
[4/4] ɾ-r / ˈɛ-ˈe / χ-x / t-t / ∅-ɑ / ∅-z

-------------------

/ɾˈɪŋ/ - /xrˈiŋɡɑz/
[4/4] ∅-x / ɾ-r / ˈɪ-ˈi / ŋ-ŋ / ∅-ɡ / ∅-ɑ / ∅-z

-------------------

/ɾˈʏχ/ - /xrˈuɣjɑz/
[4/4] ∅-x / ɾ-r / ˈʏ-ˈu / χ-ɣ / ∅-j / ∅-ɑ / ∅-z

-------------------

/ʋˈaːpən/ - /wˈɛːpnɑ̃/
[5/5] ʋ-w / ˈaː-ˈɛː / p-p / ə-∅ / n-n / ∅-ɑ̃

-------------------

/ʋˈaːtəɾ/ - /wˈɑtɔːr/
[5/5] ʋ-w / ˈaː-ˈɑ / t-t / ə-ɔː / ɾ-r

-------------------

/ʋˈeːk/ - /wˈikɔ̃ː/
[2/4] ʋ-w / ˈeː-ˈi / k-k / ∅-ɔ̃ː
[2/4] ʋ-w / ˈeː-ˈi / k-k / #>-ɔ̃ː_#>

-------------------

/ʋˈeːk/ - /wˈɑi̯kʷɑz/
[1/1] ʋ-w / ˈeː-ˈɑi̯ / k-kʷ / ∅-ɑ / ∅-z

-------------------

/ʋˈeːtən/ - /wˈitɑnɑ̃/
[5/5] ʋ-w / ˈeː-ˈi / t-t / ə-ɑ / n-n / ∅-ɑ̃

-------------------

/ʋˈeːɾ/ - /wˈeðrɑ̃/
[5/5] ʋ-w / ˈeː-ˈe / ∅-ð / ɾ-r / ∅-ɑ̃

-------------------

/ʋˈiɫ/ - /xʷˈeu̯lɔː/
[2/4] ʋ-xʷ / ˈi-ˈeu̯ / ɫ-l / ∅-ɔː
[2/4] ʋ-xʷ / ˈi-ˈeu̯ / ɫ-l / #>-ɔː_#>

-------------------

/ʋˈiɫ/ - /xʷˈexʷlɑ̃/
[1/1] ʋ-xʷ / ˈi-ˈe / ∅-xʷ / ɫ-l / ∅-ɑ̃

-------------------

/ʋˈoːɾd̥/ - /wˈurðɑ̃/
[4/4] ʋ-w / ˈoː-ˈu / ɾ-r / d̥-ð / ∅-ɑ̃

-------------------

/ʋˈɑt/ - /xʷˈɑt/
[4/4] ʋ-xʷ / ˈɑ-ˈɑ / t-t

-------------------

/ʋˈɑɫ/ - /xʷˈɑlɑz/
[3/3] ʋ-xʷ / ˈɑ-ˈɑ / ɫ-l / ∅-ɑ / ∅-z

-------------------

/ʋˈɑɾm/ - /wˈɑrmɑz/
[4/4] ʋ-w / ˈɑ-ˈɑ / ɾ-r / m-m / ∅-ɑ / ∅-z

-------------------

/ʋˈɔndəɾ/ - /wˈundrɑ̃/
[2/2] ʋ-w / ˈɔ-ˈu / n-n / d-d / ə-∅ / ɾ-r / ∅-ɑ̃

-------------------

/ʋˈɔɫ/ - /wˈulːɔː/
[2/3] ʋ-w / ˈɔ-ˈu / ɫ-lː / #>-ɔː_#>
[1/3] ʋ-w / ˈɔ-ˈu / ɫ-lː / ∅-ɔː

-------------------

/ʋˈɔɫf/ - /wˈulɸɑz/
[5/5] ʋ-w / ˈɔ-ˈu / ɫ-l / f-ɸ / ∅-ɑ / ∅-z

-------------------

/ʋˈɔɾm/ - /wˈurmiz/
[3/3] ʋ-w / ˈɔ-ˈu / ɾ-r / m-m / ∅-i / ∅-z

-------------------

/ʋˈɛi̯/ - /wˈiːz/
[4/4] ʋ-w / ˈɛi̯-ˈiː / ∅-z

-------------------

/ʋˈɛi̯n/ - /wˈiːnɑ̃/
[4/4] ʋ-w / ˈɛi̯-ˈiː / n-n / ∅-ɑ̃

-------------------

/ʋˈɛi̯v̥/ - /wˈiːβɑ̃/
[4/4] ʋ-w / ˈɛi̯-ˈiː / v̥-β / ∅-ɑ̃

-------------------

/ʋˈɛnsən/ - /wˈunskijɑnɑ̃/
[3/4] ʋ-w / ˈɛ-ˈu / n-n / s-s / ∅-k / ə-i / ∅-j / ∅-ɑ / n-n / ∅-ɑ̃
[1/4] ʋ-w / ˈɛ-ˈu / n-n / s-s / ∅-k / ∅-i / ə-j / ∅-ɑ / n-n / ∅-ɑ̃

-------------------

/ʋˈɛχ/ - /wˈeɣɑz/
[5/5] ʋ-w / ˈɛ-ˈe / χ-ɣ / ∅-ɑ / ∅-z

-------------------

/ʋˈɪnd̥/ - /wˈindɑz/
[3/3] ʋ-w / ˈɪ-ˈi / n-n / d̥-d / ∅-ɑ / ∅-z

-------------------

/ʋˈɪntəɾ/ - /wˈintruz/
[3/3] ʋ-w / ˈɪ-ˈi / n-n / t-t / ə-∅ / ɾ-r / ∅-u / ∅-z

-------------------

/ʋˈɪt/ - /xʷˈiːtɑz/
[4/4] ʋ-xʷ / ˈɪ-ˈiː / t-t / ∅-ɑ / ∅-z

-------------------

/ʋˈɪɫd̥/ - /wˈilθijɑz/
[4/4] ʋ-w / ˈɪ-ˈi / ɫ-l / d̥-θ / ∅-i / ∅-j / ∅-ɑ / ∅-z

-------------------

/ˈaːp/ - /ˈɑpɔːː/
[3/5] ˈaː-ˈɑ / p-p / #>-ɔːː_#>
[2/5] ˈaː-ˈɑ / p-p / ∅-ɔːː

-------------------

/ˈaːɫ/ - /ˈɛːlɑz/
[5/5] ˈaː-ˈɛː / ɫ-l / ∅-ɑ / ∅-z

-------------------

/ˈaːɾdə/ - /ˈerθɔː/
[4/4] ˈaː-ˈe / ɾ-r / d-θ / ə-ɔː

-------------------

/ˈeːn/ - /ˈɑi̯nɑz/
[5/5] ˈeː-ˈɑi̯ / n-n / ∅-ɑ / ∅-z

-------------------

/ˈeːtən/ - /ˈetɑnɑ̃/
[5/5] ˈeː-ˈe / t-t / ə-ɑ / n-n / ∅-ɑ̃

-------------------

/ˈoːvən/ - /ˈuɸnɑz/
[3/3] ˈoː-ˈu / v-ɸ / ə-∅ / n-n / ∅-ɑ / ∅-z

-------------------

/ˈoːvəɾ/ - /ˈuβer/
[1/1] ˈoː-ˈu / v-β / ə-e / ɾ-r

-------------------

/ˈoːvəɾ/ - /ˈuβiri/
[2/2] ˈoː-ˈu / v-β / ə-i / ɾ-r / #>-i_#>

-------------------

/ˈoːɾ/ - /ˈɑu̯sɔːː/
[3/3] ˈoː-ˈɑu̯ / ∅-s / ɾ-ɔːː

-------------------

/ˈoːχ/ - /ˈɑu̯ɣɔːː/
[2/4] ˈoː-ˈɑu̯ / χ-ɣ / ∅-ɔːː
[2/4] ˈoː-ˈɑu̯ / χ-ɣ / #>-ɔːː_#>

-------------------

/ˈœy̯t/ - /ˈuːt/
[5/5] ˈœy̯-ˈuː / t-t

-------------------

/ˈœy̯ɫ/ - /ˈuwːɑlɔ̃ː/
[2/5] ∅-ˈu / ˈœy̯-wː / ɫ-ɑ_l / #>-ɔ̃ː_#>
[1/5] ∅-ˈu / ˈœy̯-wː / ∅-ɑ / ɫ-l / ∅-ɔ̃ː
[1/5] ∅-ˈu / ˈœy̯-wː / ∅-ɑ / ɫ-l / #>-ɔ̃ː_#>
[1/5] ∅-ˈu / ˈœy̯-wː / ɫ-ɑ_l / ∅-ɔ̃ː

-------------------

/ˈɑndəɾ/ - /ˈɑnθerɑz/
[5/5] ˈɑ-ˈɑ / n-n / d-θ / ə-e / ɾ-r / ∅-ɑ / ∅-z

-------------------

/ˈɑpəɫ/ - /ˈɑpluz/
[3/4] ˈɑ-ˈɑ / p-p / ə_ɫ-l / ∅-u / ∅-z
[1/4] ˈɑ-ˈɑ / p-p / ə-∅ / ɫ-l / ∅-u / ∅-z

-------------------

/ˈɑpəɫ/ - /ˈɑpɑlijɑ̃/
[1/1] ˈɑ-ˈɑ / p-p / ə-ɑ / ɫ-l / ∅-i / ∅-j / ∅-ɑ̃

-------------------

/ˈɑs/ - /ˈɑskɔ̃ː/
[3/5] ˈɑ-ˈɑ / s-s / ∅-k / #>-ɔ̃ː_#>
[2/5] ˈɑ-ˈɑ / s-s / ∅-k / ∅-ɔ̃ː

-------------------

/ˈɑu̯d̥/ - /ˈɑldɑz/
[3/3] ˈɑu̯-ˈɑ / d̥-l_d / ∅-ɑ / ∅-z

-------------------

/ˈɑɫ/ - /ˈɑlːɑz/
[3/3] ˈɑ-ˈɑ / ɫ-lː / ∅-ɑ / ∅-z

-------------------

/ˈɑɾm/ - /ˈɑrmɑz/
[4/4] ˈɑ-ˈɑ / ɾ-r / m-m / ∅-ɑ / ∅-z

-------------------

/ˈɑχt/ - /ˈɑxtɔːu̯/
[4/4] ˈɑ-ˈɑ / χ-x / t-t / ∅-ɔːu̯

-------------------

/ˈɔndəɾ/ - /ˈunder/
[4/4] ˈɔ-ˈu / n-n / d-d / ə-e / ɾ-r

-------------------

/ˈɔns/ - /ˈuns/
[4/4] ˈɔ-ˈu / n-n / s-s

-------------------

/ˈɔp/ - /ˈupː/
[3/3] ˈɔ-ˈu / p-pː

-------------------

/ˈɛi̯/ - /ˈɑjːɑ̃/
[4/4] ∅-ˈɑ / ˈɛi̯-jː / ∅-ɑ̃

-------------------

/ˈɛi̯k/ - /ˈɑi̯ks/
[3/5] ˈɛi̯-ˈɑi̯ / k-k / #>-s_#>
[2/5] ˈɛi̯-ˈɑi̯ / k-k / ∅-s

-------------------

/ˈɛi̯s/ - /ˈiːsɑ̃/
[3/3] ˈɛi̯-ˈiː / s-s / ∅-ɑ̃

-------------------

/ˈɛɫəf/ - /ˈɑi̯nɑliɸ/
[2/3] ˈɛ-ˈɑi̯ / ∅-n / ∅-ɑ / ɫ-l / ə-i / f-ɸ
[1/3] ˈɛ-ˈɑi̯ / ∅-n / ɫ-ɑ_l / ə-i / f-ɸ

-------------------

/ˈɛχ/ - /ˈɑɣjɔː/
[1/2] ˈɛ-ˈɑ / χ-ɣ / ∅-j / ∅-ɔː
[1/2] ˈɛ-ˈɑ / χ-ɣ / ∅-j / #>-ɔː_#>

-------------------

/ˈɪk/ - /ˈek/
[3/3] ˈɪ-ˈe / k-k

-------------------

/ˈɪmə/ - /bˈijɔ̃ː/
[2/2] ∅-b / ˈɪ-ˈi / m-∅ / ə-j / #>-ɔ̃ː_#>

-------------------

/ˈɪn/ - /ˈin/
[5/5] ˈɪ-ˈi / n-n

-------------------

/χɾˈoːt/ - /ɣrˈɑu̯tɑz/
[4/4] χ-ɣ / ɾ-r / ˈoː-ˈɑu̯ / t-t / ∅-ɑ / ∅-z

-------------------

/χɾˈun/ - /ɣrˈɔːniz/
[5/5] χ-ɣ / ɾ-r / ˈu-ˈɔː / n-n / ∅-i / ∅-z

-------------------

/χɾˈɑs/ - /ɣrˈɑsɑ̃/
[4/4] χ-ɣ / ɾ-r / ˈɑ-ˈɑ / s-s / ∅-ɑ̃

-------------------

/χˈaːn/ - /ɣˈɑːnɑ̃/
[5/5] χ-ɣ / ˈaː-ˈɑː / n-n / ∅-ɑ̃

-------------------

/χˈaːɾən/ - /ɣˈɑrnɑ̃/
[5/5] χ-ɣ / ˈaː-ˈɑ / ɾ-r / ə-∅ / n-n / ∅-ɑ̃

-------------------

/χˈeːst/ - /ɣˈɑi̯stɑz/
[4/4] χ-ɣ / ˈeː-ˈɑi̯ / s-s / t-t / ∅-ɑ / ∅-z

-------------------

/χˈeːvən/ - /ɣˈeβɑnɑ̃/
[4/4] χ-ɣ / ˈeː-ˈe / v-β / ə-ɑ / n-n / ∅-ɑ̃

-------------------

/χˈeːɫ/ - /ɣˈelwɑz/
[3/3] χ-ɣ / ˈeː-ˈe / ɫ-l / ∅-w / ∅-ɑ / ∅-z

-------------------

/χˈud̥/ - /ɣˈɔːðɑz/
[4/4] χ-ɣ / ˈu-ˈɔː / d̥-ð / ∅-ɑ / ∅-z

-------------------

/χˈɑns/ - /ɣˈɑns/
[4/4] χ-ɣ / ˈɑ-ˈɑ / n-n / s-s

-------------------

/χˈɑst/ - /ɣˈɑstiz/
[5/5] χ-ɣ / ˈɑ-ˈɑ / s-s / t-t / ∅-i / ∅-z

-------------------

/χˈɑu̯d̥/ - /ɣˈulθɑ̃/
[4/4] χ-ɣ / ∅-ˈu / ˈɑu̯-l / d̥-θ / ∅-ɑ̃

-------------------

/χˈɔd̥/ - /ɣˈuðɑ̃/
[4/4] χ-ɣ / ˈɔ-ˈu / d̥-ð / ∅-ɑ̃

-------------------

/χˈɛi̯t/ - /ɣˈɑi̯ts/
[2/3] χ-ɣ / ˈɛi̯-ˈɑi̯ / t-t / #>-s_#>
[1/3] χ-ɣ / ˈɛi̯-ˈɑi̯ / t-t / ∅-s

-------------------

