/bɫˈudən/ - /blˈɔʏ̯n̩/
[1/1] <#_b-<#_b / ɫ-l / ˈu-ˈɔʏ̯ / d_ə_n-n

-------------------

/bɫˈud̥/ - /blˈaʊ̯d/
[1/1] <#_b-<#_b / ɫ-l / ˈu-ˈaʊ̯ / d̥_#>-d_#>

-------------------

/bɫˈum/ - /blˈaʊ̯mə/
[1/1] <#_b-<#_b / ɫ-l / ˈu-ˈaʊ̯ / m_#>-m_ə

-------------------

/bɫˈɑd̥/ - /blˈɛə̯t/
[1/1] <#_b-<#_b / ɫ-l / ˈɑ-ˈɛə̯ / d̥_#>-t_#>

-------------------

/bɾˈoːd̥/ - /brˈeo̯t/
[1/1] <#_b-<#_b / ɾ-r / ˈoː-ˈeo̯ / d̥_#>-t_#>

-------------------

/bɾˈudəɾ/ - /brˈaʊ̯ɐ/
[1/1] <#_b-<#_b / ɾ-r / ˈu-ˈaʊ̯ / d-∅ / ə-∅ / ɾ_#>-ɐ_#>

-------------------

/bɾˈuɾ/ - /brˈaʊ̯ɐ/
[1/1] <#_b-<#_b / ɾ-r / ˈu-ˈaʊ̯ / ɾ_#>-ɐ_#>

-------------------

/bɾˈɑu̯ən/ - /brˈuːən/
[1/1] <#_b-<#_b / ɾ_ˈɑu̯-r_ˈuː / ə-ə / n-n_#>

-------------------

/bɾˈʏχ/ - /brˈʏɡə/
[1/1] <#_b-<#_b / ɾ-r / ˈʏ-ˈʏ / ∅-ɡ / χ-ə

-------------------

/bˈeːn/ - /bˈɛɪ̯n/
[1/1] <#_b-<#_b / ˈeː-ˈɛɪ̯ / n-n_#>

-------------------

/bˈeːtəɾ/ - /bˈeːtɐ/
[1/1] <#_b-<#_b / ˈeː-ˈeː / t_ə_ɾ-t_ɐ

-------------------

/bˈeːɾ/ - /bˈɛːɐ/
[1/1] <#_b-<#_b / ˈeː_ɾ-ˈɛː_ɐ

-------------------

/bˈidən/ - /bˈɛɪ̯n̩/
[1/1] <#_b-<#_b / ˈi-ˈɛɪ̯ / d_ə_n-n

-------------------

/bˈoːm/ - /bˈeo̯m/
[1/1] <#_b-<#_b / ˈoː-ˈeo̯ / m_#>-m_#>

-------------------

/bˈoːt/ - /bˈeo̯t/
[1/1] <#_b-<#_b / ˈoː-ˈeo̯ / t_#>-t_#>

-------------------

/bˈuk/ - /bˈaʊ̯k/
[1/1] <#_b-<#_b / ˈu-ˈaʊ̯ / k_#>-k_#>

-------------------

/bˈɑd̥/ - /bˈaːd/
[1/1] <#_b-<#_b / ˈɑ-ˈaː / d̥_#>-d_#>

-------------------

/bˈɔɾst/ - /bˈɔst/
[1/1] <#_b-<#_b / ˈɔ-ˈɔ / ɾ_s-s / t_#>-t_#>

-------------------

/bˈɛi̯tən/ - /bˈiːtn̩/
[1/1] <#_b-<#_b / ˈɛi̯-ˈiː / t_ə_n-t_n

-------------------

/bˈɛs/ - /bˈɛɪ̯rə/
[1/1] <#_b-<#_b / ∅-ˈɛɪ̯ / ˈɛ-r / s_#>-ə

-------------------

/bˈɛɾχ/ - /bˈaɐx/
[1/1] <#_b-<#_b / ∅-ˈa / ˈɛ_ɾ-ɐ / χ_#>-x_#>

-------------------

/bˈɪdən/ - /bˈɪdn̩/
[1/1] <#_b-<#_b / ˈɪ-ˈɪ / d-d / ə_n-n

-------------------

/bˈɪndən/ - /bˈɪn̩/
[1/1] <#_b-<#_b / ˈɪ-ˈɪ / n_d-n / ə-∅ / n_#>-#>

-------------------

/dɾˈi/ - /drˈɛɪ̯/
[1/1] <#_d-<#_d / ɾ_ˈi-r_ˈɛɪ̯

-------------------

/dɾˈoːm/ - /drˈeo̯m/
[1/1] <#_d-<#_d / ɾ-r / ˈoː-ˈeo̯ / m_#>-m_#>

-------------------

/dɾˈoːmən/ - /drˈøːmn̩/
[1/1] <#_d-<#_d / ɾ_ˈoː-r_ˈøː / m_ə-m_n / n_#>-#>

-------------------

/dɾˈoːχ/ - /drˈøːɣə/
[1/1] <#_d-<#_d / ɾ_ˈoː-r_ˈøː / χ_#>-ɣ_ə

-------------------

/dɾˈɛi̯vən/ - /drˈiːvn̩/
[1/1] <#_d-<#_d / ɾ_ˈɛi̯-r_ˈiː / v_ə-v_n / n_#>-#>

-------------------

/dɾˈɪŋkən/ - /drˈɪŋkn̩/
[1/1] <#_d-<#_d / ɾ-r / ˈɪ-ˈɪ / ŋ-ŋ / k_ə-k_n / n_#>-#>

-------------------

/dɾˈʏkən/ - /drˈʏkn̩/
[1/1] <#_d-<#_d / ɾ-r / ˈʏ-ˈʏ / k_ə-k_n / n_#>-#>

-------------------

/dˈip/ - /dˈɛɪ̯p/
[1/1] <#_d-<#_d / ˈi-ˈɛɪ̯ / p_#>-p_#>

-------------------

/dˈiv̥/ - /dˈɛɪ̯f/
[1/1] <#_d-<#_d / ˈi-ˈɛɪ̯ / v̥_#>-f_#>

-------------------

/dˈiɾ/ - /dˈɛɪ̯ɐt/
[1/1] <#_d-<#_d / ˈi_ɾ-ˈɛɪ̯_ɐ / ∅-t

-------------------

/dˈoːd̥/ - /dˈeo̯d/
[1/1] <#_d-<#_d / ˈoː-ˈeo̯ / d̥_#>-d_#>

-------------------

/dˈoːd̥/ - /dˈeo̯t/
[1/1] <#_d-<#_d / ˈoː-ˈeo̯ / d̥_#>-t_#>

-------------------

/dˈoːɾn/ - /dˈoːɐn/
[1/1] <#_d-<#_d / ˈoː_ɾ-ˈoː_ɐ / n-n_#>

-------------------

/dˈyːɾ/ - /dˈyːɐ/
[1/1] <#_d-<#_d / ˈyː_ɾ-ˈyː_ɐ

-------------------

/dˈœy̯m/ - /dˈuːmn̩/
[1/1] <#_d-<#_d / ˈœy̯-ˈuː / m-m / ∅-n

-------------------

/dˈœy̯ts/ - /dˈʏtʃ/
[1/1] <#_d-<#_d / ˈœy̯-ˈʏ / t-t / s_#>-ʃ_#>

-------------------

/dˈœy̯v̥/ - /dˈuːvə/
[1/1] <#_d-<#_d / ˈœy̯-ˈuː / v̥-v / ∅-ə

-------------------

/dˈœy̯zənd̥/ - /dˈuːzn̩d/
[1/1] <#_d-<#_d / ˈœy̯-ˈuː / z_ə_n-z_n / d̥_#>-d_#>

-------------------

/dˈɑŋkən/ - /dˈaŋkn̩/
[1/1] <#_d-<#_d / ˈɑ-ˈa / ŋ-ŋ / k_ə-k_n / n_#>-#>

-------------------

/dˈɑχ/ - /dˈax/
[1/1] <#_d-<#_d / ˈɑ-ˈa / χ_#>-x_#>

-------------------

/dˈɔndəɾ/ - /dˈʊnɐ/
[1/1] <#_d-<#_d / ˈɔ-ˈʊ / n_d-n / ə-∅ / ɾ_#>-ɐ_#>

-------------------

/dˈɔɾst/ - /dˈœst/
[1/1] <#_d-<#_d / ˈɔ-ˈœ / ɾ_s-s / t_#>-t_#>

-------------------

/dˈɔχtəɾ/ - /dˈɔxtɐ/
[1/1] <#_d-<#_d / ˈɔ-ˈɔ / χ_t-x_t / ə-∅ / ɾ_#>-ɐ_#>

-------------------

/dˈɛɾtin/ - /drˈʏtɒːn/
[1/1] <#_d-<#_d / ∅-r / ˈɛ-ˈʏ / ɾ-∅ / t-t / i-ɒː / n-n_#>

-------------------

/dˈɪk/ - /dˈɪk/
[1/1] <#_d-<#_d / ˈɪ-ˈɪ / k_#>-k_#>

-------------------

/dˈɪŋ/ - /dˈɪŋ/
[1/1] <#_d-<#_d / ˈɪ-ˈɪ / ŋ-ŋ_#>

-------------------

/dˈʏn/ - /dˈʏnə/
[1/1] <#_d-<#_d / ˈʏ-ˈʏ / n-n_ə

-------------------

/jˈaːɾ/ - /jˈɒːɐ/
[1/1] <#_j-<#_j / ˈaː-ˈɒː / ɾ_#>-ɐ_#>

-------------------

/jˈɔŋ/ - /jˈʊŋ/
[1/1] <#_j-<#_j / ˈɔ-ˈʊ / ŋ-ŋ_#>

-------------------

/knˈi/ - /knˈɛɪ̯/
[1/1] <#_k-<#_k / n-n / ˈi-ˈɛɪ̯

-------------------

/knˈɔt/ - /knˈʊtə/
[1/1] <#_k-<#_k / n-n / ˈɔ-ˈʊ / t-t_ə

-------------------

/kˈaːz̥/ - /kˈɛɪ̯zə/
[1/1] <#_k-<#_k / ˈaː-ˈɛɪ̯ / z̥-z_ə

-------------------

/kˈoːmən/ - /kˈoːmn̩/
[1/1] <#_k-<#_k / ˈoː-ˈoː / m_ə-m_n / n_#>-#>

-------------------

/kˈu/ - /kˈaʊ̯/
[1/1] <#_k-<#_k / ˈu-ˈaʊ̯

-------------------

/kˈœy̯kən/ - /kˈyːkn̩/
[1/1] <#_k-<#_k / ˈœy̯-ˈyː / k_ə-k_n / n_#>-#>

-------------------

/kˈɑt/ - /kˈatə/
[1/1] <#_k-<#_k / ˈɑ-ˈa / t-t_ə

-------------------

/kˈɑu̯d̥/ - /kˈɔld/
[1/1] <#_k-<#_k / ˈɑu̯-ˈɔ_l / d̥_#>-d_#>

-------------------

/kˈɑɫv̥/ - /kˈalf/
[1/1] <#_k-<#_k / ˈɑ-ˈa / ɫ-l / v̥_#>-f_#>

-------------------

/kˈɔp/ - /kˈɔp/
[1/1] <#_k-<#_k / ˈɔ-ˈɔ / p_#>-p_#>

-------------------

/kˈɛnən/ - /kˈɛn̩/
[1/1] <#_k-<#_k / ˈɛ-ˈɛ / n-n / ə-∅ / n_#>-#>

-------------------

/kˈɛɾk/ - /kˈɛːɐkə/
[1/1] <#_k-<#_k / ∅-ˈɛː / ˈɛ_ɾ-ɐ / k-k_ə

-------------------

/kˈɪnd̥/ - /kˈɪnd/
[1/1] <#_k-<#_k / ˈɪ-ˈɪ / n-n / d̥_#>-d_#>

-------------------

/kˈʏnən/ - /kˈœn̩/
[1/1] <#_k-<#_k / ˈʏ-ˈœ / n-n / ə-∅ / n_#>-#>

-------------------

/mˈaːn/ - /mˈɒːn/
[1/1] <#_m-<#_m / ˈaː-ˈɒː / n-n_#>

-------------------

/mˈaːnd̥/ - /mˈɒːnd/
[1/1] <#_m-<#_m / ˈaː_n-ˈɒː_n / d̥_#>-d_#>

-------------------

/mˈudəɾ/ - /mˈʊdɐ/
[1/1] <#_m-<#_m / ˈu-ˈʊ / d_ə_ɾ-d_ɐ

-------------------

/mˈœy̯s/ - /mˈuːs/
[1/1] <#_m-<#_m / ˈœy̯-ˈuː / s-s_#>

-------------------

/mˈœy̯ɫ/ - /mˈuːl/
[1/1] <#_m-<#_m / ˈœy̯-ˈuː / ɫ_#>-l_#>

-------------------

/mˈɑn/ - /mˈan/
[1/1] <#_m-<#_m / ˈɑ-ˈa / n-n_#>

-------------------

/mˈɑχt/ - /mˈaxt/
[1/1] <#_m-<#_m / ˈɑ_χ-ˈa_x / t_#>-t_#>

-------------------

/mˈɔnd̥/ - /mˈʊnd/
[1/1] <#_m-<#_m / ˈɔ-ˈʊ / n-n / d̥_#>-d_#>

-------------------

/mˈɛi̯/ - /mˈiː/
[1/1] <#_m-<#_m / ˈɛi̯_#>-ˈiː_#>

-------------------

/mˈɛns/ - /mˈɪnʃə/
[1/1] <#_m-<#_m / ˈɛ-ˈɪ / n-n / s-ʃ_ə

-------------------

/mˈɛɫk/ - /mˈɛlk/
[1/1] <#_m-<#_m / ˈɛ-ˈɛ / ɫ-l / k_#>-k_#>

-------------------

/nˈaːkt/ - /nˈɒːkət/
[1/1] <#_n-<#_n / ˈaː-ˈɒː / k-k_ə / t_#>-t_#>

-------------------

/nˈaːm/ - /nˈɒːmə/
[1/1] <#_n-<#_n / ˈaː-ˈɒː / m_#>-m_ə

-------------------

/nˈaːχəɫ/ - /nˈɛːjl̩/
[1/1] <#_n-<#_n / ˈaː-ˈɛː / χ-j / ə-∅ / ɫ_#>-l_#>

-------------------

/nˈeːχən/ - /nˈeːɣn̩/
[1/1] <#_n-<#_n / ˈeː-ˈeː / χ-ɣ / ə_n-n

-------------------

/nˈiw/ - /nˈiː/
[1/1] <#_n-<#_n / ˈi-∅ / w-ˈiː

-------------------

/nˈoːt/ - /nˈɔt/
[1/1] <#_n-<#_n / ˈoː-ˈɔ / t_#>-t_#>

-------------------

/nˈøːs/ - /nˈɛːzə/
[1/1] <#_n-<#_n / ∅-ˈɛː / ˈøː-z / s_#>-ə

-------------------

/nˈɑχt/ - /nˈax/
[1/1] <#_n-<#_n / ˈɑ_χ-ˈa_x / t-∅

-------------------

/pˈɑd̥/ - /pˈat/
[1/1] p-p / ˈɑ-ˈa / d̥_#>-t_#>

-------------------

/snˈeːw/ - /snˈɛɪ̯/
[1/1] <#_s-<#_s / n-n / ˈeː-ˈɛɪ̯ / w-∅

-------------------

/spɾˈaːk/ - /sprˈɒːkə/
[1/1] <#_s-<#_s / p-p / ɾ-r / ˈaː-ˈɒː / k-k_ə

-------------------

/stˈeːn/ - /stˈɛɪ̯n/
[1/1] <#_s-<#_s / t-t / ˈeː-ˈɛɪ̯ / n-n_#>

-------------------

/stˈuɫ/ - /stˈaʊ̯l/
[1/1] <#_s-<#_s / t-t / ˈu-ˈaʊ̯ / ɫ_#>-l_#>

-------------------

/stˈɔɾm/ - /stˈɔɐm/
[1/1] <#_s-<#_s / t-t / ˈɔ-ˈɔ / ɾ-ɐ / m_#>-m_#>

-------------------

/stˈɛɾ/ - /stˈeːɐn/
[1/1] <#_s-<#_s / t-t / ∅-ˈeː / ˈɛ_ɾ-ɐ / ∅-n

-------------------

/sɫˈaːpən/ - /slˈɒːbm̩/
[1/1] <#_s-<#_s / ɫ-l / ˈaː-ˈɒː / p_ə-b_m / n_#>-#>

-------------------

/sɫˈɑŋ/ - /slˈaŋə/
[1/1] <#_s-<#_s / ɫ-l / ˈɑ-ˈa / ŋ-ŋ_ə

-------------------

/sχˈaːp/ - /ʃˈɒːp/
[1/1] <#_s_χ-<#_ʃ / ˈaː-ˈɒː / p_#>-p_#>

-------------------

/sχˈitən/ - /ʃˈɛɪ̯tn̩/
[1/1] <#_s_χ-<#_ʃ / ˈi-ˈɛɪ̯ / t_ə_n-t_n

-------------------

/sχˈoːn/ - /ʃˈøːnə/
[1/1] <#_s_χ-<#_ʃ / ˈoː-ˈøː / n-n_ə

-------------------

/sχˈun/ - /ʃˈaʊ̯/
[1/1] <#_s_χ-<#_ʃ / ˈu-ˈaʊ̯ / n_#>-#>

-------------------

/sχˈɛi̯t/ - /ʃˈiːtə/
[1/1] <#_s_χ-<#_ʃ / ˈɛi̯-ˈiː / t-t_ə

-------------------

/sχˈɛɾp/ - /ʃˈaɐpə/
[1/1] <#_s_χ-<#_ʃ / ∅-ˈa / ˈɛ_ɾ-ɐ / p-p / ∅-ə

-------------------

/sχˈɪp/ - /ʃˈɪp/
[1/1] <#_s_χ-<#_ʃ / ˈɪ-ˈɪ / p_#>-p_#>

-------------------

/sχˈɪɫd̥/ - /ʃˈɪld/
[1/1] <#_s_χ-<#_ʃ / ˈɪ-ˈɪ / ɫ-l / d̥_#>-d_#>

-------------------

/tɾˈaːn/ - /trˈɒːnə/
[1/1] <#_t-<#_t / ɾ-r / ˈaː-ˈɒː / n-n_ə

-------------------

/tʋˈaːɫəf/ - /tvˈœlf/
[1/1] <#_t-<#_t / ʋ-v / ˈaː-ˈœ / ɫ-l / ə-∅ / f_#>-f_#>

-------------------

/tʋˈeː/ - /tvˈɛɪ̯/
[1/1] <#_t-<#_t / ʋ-v / ˈeː-ˈɛɪ̯

-------------------

/tʋˈɪntəχ/ - /tvˈɪntɪç/
[1/1] <#_t-<#_t / ʋ-v / ˈɪ-ˈɪ / n_t-n_t / ə_χ-ɪ_ç

-------------------

/tˈeːkən/ - /tˈɛɪ̯kn̩/
[1/1] <#_t-<#_t / ˈeː-ˈɛɪ̯ / k_ə-k_n / n_#>-#>

-------------------

/tˈeːn/ - /tˈoːn/
[1/1] <#_t-<#_t / ˈeː-ˈoː / n-n_#>

-------------------

/tˈin/ - /tˈɛɪ̯n/
[1/1] <#_t-<#_t / ˈi-ˈɛɪ̯ / n-n_#>

-------------------

/tˈɑnd̥/ - /tˈɛːnə/
[1/1] <#_t-<#_t / ˈɑ-ˈɛː / n-n / d̥-ə

-------------------

/tˈɔŋ/ - /tˈʊŋə/
[1/1] <#_t-<#_t / ˈɔ-ˈʊ / ŋ-ŋ_ə

-------------------

/tˈɛi̯d̥/ - /tˈiːd/
[1/1] <#_t-<#_t / ˈɛi̯-ˈiː / d̥_#>-d_#>

-------------------

/vɫˈeːs/ - /flˈɛɪ̯ʃ/
[1/1] <#_v-<#_f / ɫ-l / ˈeː-ˈɛɪ̯ / s_#>-ʃ_#>

-------------------

/vɫˈiχ/ - /flˈɛɪ̯jə/
[1/1] <#_v-<#_f / ɫ-l / ˈi-ˈɛɪ̯ / χ-j / ∅-ə

-------------------

/vɫˈiχən/ - /flˈɛɪ̯ŋ/
[1/1] <#_v-<#_f / ɫ-l / ˈi_χ_ə-ˈɛɪ̯_ŋ / n_#>-#>

-------------------

/vɾˈind̥/ - /frˈʏnd/
[1/1] <#_v-<#_f / ɾ-r / ˈi-ˈʏ / n-n / d̥_#>-d_#>

-------------------

/vɾˈizən/ - /frˈɛɪ̯zn̩/
[1/1] <#_v-<#_f / ɾ_ˈi-r_ˈɛɪ̯ / z_ə-z_n / n_#>-#>

-------------------

/vɾˈɑu̯/ - /frˈuː/
[1/1] <#_v-<#_f / ɾ_ˈɑu̯-r_ˈuː

-------------------

/vɾˈɛi̯/ - /frˈiː/
[1/1] <#_v-<#_f / ɾ-r / ˈɛi̯_#>-ˈiː_#>

-------------------

/vˈaːdəɾ/ - /fˈɒːdɐ/
[1/1] <#_v-<#_f / ˈaː-ˈɒː / d_ə_ɾ-d_ɐ

-------------------

/vˈeːɾ/ - /fˈeːɐ/
[1/1] <#_v-<#_f / ˈeː-ˈeː / ɾ_#>-ɐ_#>

-------------------

/vˈiɾ/ - /fˈɛɪ̯ɐ/
[1/1] <#_v-<#_f / ˈi-ˈɛɪ̯ / ɾ_#>-ɐ_#>

-------------------

/vˈoːɾ/ - /fˈoːɐ/
[1/1] <#_v-<#_f / ˈoː-ˈoː / ɾ_#>-ɐ_#>

-------------------

/vˈoːχəɫ/ - /fˈuːɣl̩/
[1/1] <#_v-<#_f / ˈoː-ˈuː / χ-ɣ / ə-∅ / ɫ_#>-l_#>

-------------------

/vˈut/ - /fˈaʊ̯t/
[1/1] <#_v-<#_f / ˈu-ˈaʊ̯ / t_#>-t_#>

-------------------

/vˈutən/ - /fˈɔʏ̯tə/
[1/1] <#_v-<#_f / ˈu-ˈɔʏ̯ / t-t_ə / ə-∅ / n_#>-#>

-------------------

/vˈuɫən/ - /fˈɔʏ̯ln̩/
[1/1] <#_v-<#_f / ˈu-ˈɔʏ̯ / ɫ-l / ə_n-n

-------------------

/vˈyːɾ/ - /fˈyːɐ/
[1/1] <#_v-<#_f / ˈyː_ɾ-ˈyː_ɐ

-------------------

/vˈɔs/ - /fˈɔs/
[1/1] <#_v-<#_f / ˈɔ-ˈɔ / s-s_#>

-------------------

/vˈɔɫ/ - /fˈʊl/
[1/1] <#_v-<#_f / ˈɔ-ˈʊ / ɫ_#>-l_#>

-------------------

/vˈɔɫχən/ - /fˈɔlɡn̩/
[1/1] <#_v-<#_f / ˈɔ-ˈɔ / ɫ-l / χ_ə-ɡ / n-n_#>

-------------------

/vˈɛi̯f/ - /fˈiːf/
[1/1] <#_v-<#_f / ˈɛi̯-ˈiː / f_#>-f_#>

-------------------

/vˈɛɾs/ - /frˈɪʃ/
[1/1] <#_v-<#_f / ˈɛ-∅ / ɾ-r / ∅-ˈɪ / s_#>-ʃ_#>

-------------------

/vˈɪndən/ - /fˈɪn̩/
[1/1] <#_v-<#_f / ˈɪ-ˈɪ / n_d-n / ə-∅ / n_#>-#>

-------------------

/vˈɪs/ - /fˈɪʃ/
[1/1] <#_v-<#_f / ˈɪ-ˈɪ / s_#>-ʃ_#>

-------------------

/vˈɪŋəɾ/ - /fˈɪŋɐ/
[1/1] <#_v-<#_f / ˈɪ-ˈɪ / ŋ-ŋ / ə-∅ / ɾ_#>-ɐ_#>

-------------------

/zʋˈeːt/ - /swˈɛɪ̯t/
[1/1] <#-<#_s / z_ʋ-w / ˈeː-ˈɛɪ̯ / t_#>-t_#>

-------------------

/zʋˈɑɾt/ - /swˈaɐt/
[1/1] <#-<#_s / z_ʋ-w / ˈɑ-ˈa / ɾ-ɐ / t_#>-t_#>

-------------------

/zʋˈɛi̯n/ - /swˈiːn/
[1/1] <#-<#_s / z_ʋ-w / ˈɛi̯-ˈiː / n-n_#>

-------------------

/zʋˈɛmən/ - /swˈɪm/
[1/1] <#-<#_s / z_ʋ-w / ˈɛ-ˈɪ / m_ə-m / n_#>-#>

-------------------

/zˈeːvən/ - /zˈeːvn̩/
[1/1] <#_z-<#_z / ˈeː-ˈeː / v_ə-v_n / n_#>-#>

-------------------

/zˈin/ - /zˈɛɪ̯n/
[1/1] <#_z-<#_z / ˈi-ˈɛɪ̯ / n-n_#>

-------------------

/zˈiɫ/ - /zˈeːlə/
[1/1] <#_z-<#_z / ˈi-ˈeː / ɫ_#>-l_ə

-------------------

/zˈoːməɾ/ - /zˈœmɐ/
[1/1] <#_z-<#_z / ˈoː-ˈœ / m_ə-m / ɾ_#>-ɐ_#>

-------------------

/zˈoːn/ - /zˈoːn/
[1/1] <#_z-<#_z / ˈoː-ˈoː / n-n_#>

-------------------

/zˈukən/ - /zˈɔʏ̯kn̩/
[1/1] <#_z-<#_z / ˈu-ˈɔʏ̯ / k_ə-k_n / n_#>-#>

-------------------

/zˈut/ - /zˈɔʏ̯tə/
[1/1] <#_z-<#_z / ˈu-ˈɔʏ̯ / t-t_ə

-------------------

/zˈyːɾ/ - /zˈuːɐ/
[1/1] <#_z-<#_z / ˈyː-ˈuː / ɾ_#>-ɐ_#>

-------------------

/zˈɑnd̥/ - /zˈand/
[1/1] <#_z-<#_z / ˈɑ_n-ˈa_n / d̥_#>-d_#>

-------------------

/zˈɑu̯t/ - /zˈɔlt/
[1/1] <#_z-<#_z / ˈɑu̯-ˈɔ_l / t_#>-t_#>

-------------------

/zˈɛi̯də/ - /zˈiːtə/
[1/1] <#_z-<#_z / ˈɛi̯-ˈiː / d-t / ə-ə

-------------------

/zˈɛɫv̥/ - /zˈʏlvn̩/
[1/1] <#_z-<#_z / ˈɛ-ˈʏ / ɫ-l / v̥-v / ∅-n

-------------------

/zˈɛχən/ - /zˈɛjn̩/
[1/1] <#_z-<#_z / ˈɛ-ˈɛ / χ-j / ə_n-n

-------------------

/zˈɪtən/ - /zˈɪtn̩/
[1/1] <#_z-<#_z / ˈɪ-ˈɪ / t_ə_n-t_n

-------------------

/zˈɪŋən/ - /zˈɪŋ/
[1/1] <#_z-<#_z / ˈɪ-ˈɪ / ŋ-ŋ / ə-∅ / n_#>-#>

-------------------

/zˈʏstəɾ/ - /swˈɛstɐ/
[1/1] <#-<#_s / z-w / ˈʏ-ˈɛ / s_t-s_t / ə-∅ / ɾ_#>-ɐ_#>

-------------------

/ɦˈaːz̥/ - /hˈɒːzə/
[1/1] <#_ɦ-<#_h / ˈaː-ˈɒː / z̥-z_ə

-------------------

/ɦˈaːɾ/ - /hˈɒːɐ/
[1/1] <#_ɦ-<#_h / ˈaː-ˈɒː / ɾ_#>-ɐ_#>

-------------------

/ɦˈeːt/ - /hˈɛɪ̯t/
[1/1] <#_ɦ-<#_h / ˈeː-ˈɛɪ̯ / t_#>-t_#>

-------------------

/ɦˈiɾ/ - /hˈiːɐ/
[1/1] <#_ɦ-<#_h / ˈi-ˈiː / ɾ_#>-ɐ_#>

-------------------

/ɦˈoːnɪŋ/ - /hˈɔnɪç/
[1/1] <#_ɦ-<#_h / ˈoː-ˈɔ / n-n / ɪ-ɪ / ŋ-ç

-------------------

/ɦˈoːɾən/ - /hˈɔʏ̯ɐn/
[1/1] <#_ɦ-<#_h / ˈoː-ˈɔʏ̯ / ɾ-ɐ / ə_n-n

-------------------

/ɦˈoːχ/ - /hˈeo̯x/
[1/1] <#_ɦ-<#_h / ˈoː-ˈeo̯ / χ_#>-x_#>

-------------------

/ɦˈœy̯d̥/ - /hˈuːt/
[1/1] <#_ɦ-<#_h / ˈœy̯-ˈuː / d̥_#>-t_#>

-------------------

/ɦˈœy̯s/ - /hˈuːs/
[1/1] <#_ɦ-<#_h / ˈœy̯-ˈuː / s-s_#>

-------------------

/ɦˈɑnd̥/ - /hˈand/
[1/1] <#_ɦ-<#_h / ˈɑ_n-ˈa_n / d̥_#>-d_#>

-------------------

/ɦˈɑɫv̥/ - /hˈalf/
[1/1] <#_ɦ-<#_h / ˈɑ-ˈa / ɫ-l / v̥_#>-f_#>

-------------------

/ɦˈɑɾt/ - /hˈaɐtə/
[1/1] <#_ɦ-<#_h / ˈɑ-ˈa / ɾ-ɐ / t-t_ə

-------------------

/ɦˈɔnd̥/ - /hˈʊnd/
[1/1] <#_ɦ-<#_h / ˈɔ-ˈʊ / n-n / d̥_#>-d_#>

-------------------

/ɦˈɔŋəɾ/ - /hˈʊŋɐ/
[1/1] <#_ɦ-<#_h / ˈɔ-ˈʊ / ŋ-ŋ / ə-∅ / ɾ_#>-ɐ_#>

-------------------

/ɦˈɛbən/ - /hˈɛbn̩/
[1/1] <#_ɦ-<#_h / ˈɛ-ˈɛ / b-b / ə_n-n

-------------------

/ɦˈɛi̯ɫəχ/ - /hˈɪlɪç/
[1/1] <#_ɦ-<#_h / ˈɛi̯-ˈɪ / ɫ-l / ə_χ-ɪ_ç

-------------------

/ɦˈɛn/ - /hˈɛn/
[1/1] <#_ɦ-<#_h / ˈɛ-ˈɛ / n-n_#>

-------------------

/ɦˈɛɫpən/ - /hˈɛlpn̩/
[1/1] <#_ɦ-<#_h / ˈɛ-ˈɛ / ɫ-l / p-p / ə_n-n

-------------------

/ɫˈiv̥/ - /lˈɛɪ̯f/
[1/1] <#_ɫ-<#_l / ˈi-ˈɛɪ̯ / v̥_#>-f_#>

-------------------

/ɫˈiχən/ - /lˈɛɪ̯ŋ/
[1/1] <#_ɫ-<#_l / ˈi_χ_ə-ˈɛɪ̯_ŋ / n_#>-#>

-------------------

/ɫˈoːpən/ - /lˈoːbm̩/
[1/1] <#_ɫ-<#_l / ˈoː-ˈoː / p_ə-b_m / n_#>-#>

-------------------

/ɫˈɑm/ - /lˈam/
[1/1] <#_ɫ-<#_l / ˈɑ-ˈa / m_#>-m_#>

-------------------

/ɫˈɑnd̥/ - /lˈand/
[1/1] <#_ɫ-<#_l / ˈɑ_n-ˈa_n / d̥_#>-d_#>

-------------------

/ɫˈɑŋ/ - /lˈaŋ/
[1/1] <#_ɫ-<#_l / ˈɑ-ˈa / ŋ-ŋ_#>

-------------------

/ɫˈɑχən/ - /lˈaxn̩/
[1/1] <#_ɫ-<#_l / ˈɑ_χ-ˈa_x / ə_n-n

-------------------

/ɫˈɪχt/ - /lˈɪç/
[1/1] <#_ɫ-<#_l / ˈɪ-ˈɪ / χ-∅ / t-ç

-------------------

/ɫˈɪχt/ - /lˈɪçtə/
[1/1] <#_ɫ-<#_l / ˈɪ-ˈɪ / χ-ç / t-t_ə

-------------------

/ɫˈɪχən/ - /lˈɪɡn̩/
[1/1] <#_ɫ-<#_l / ˈɪ-ˈɪ / χ_ə-ɡ / n-n_#>

-------------------

/ɾˈeːχən/ - /rˈɛːn/
[1/1] <#_ɾ-<#_r / ˈeː-∅ / χ-ˈɛː / ə_n-n

-------------------

/ɾˈoːd̥/ - /rˈeo̯t/
[1/1] <#_ɾ-<#_r / ˈoː-ˈeo̯ / d̥_#>-t_#>

-------------------

/ɾˈoːk/ - /rˈeo̯k/
[1/1] <#_ɾ-<#_r / ˈoː-ˈeo̯ / k_#>-k_#>

-------------------

/ɾˈɛi̯k/ - /rˈiːk/
[1/1] <#_ɾ-<#_r / ˈɛi̯-ˈiː / k_#>-k_#>

-------------------

/ɾˈɛχt/ - /rˈɛçt/
[1/1] <#_ɾ-<#_r / ˈɛ_χ-ˈɛ_ç / t_#>-t_#>

-------------------

/ɾˈɪŋ/ - /rˈɪŋ/
[1/1] <#_ɾ-<#_r / ˈɪ-ˈɪ / ŋ-ŋ_#>

-------------------

/ɾˈʏχ/ - /rˈʏɣə/
[1/1] <#_ɾ-<#_r / ˈʏ-ˈʏ / χ_#>-ɣ_ə

-------------------

/ʋˈaːtəɾ/ - /vˈɒːtɐ/
[1/1] <#_ʋ-<#_v / ˈaː-ˈɒː / t_ə_ɾ-t_ɐ

-------------------

/ʋˈeːk/ - /vˈaɪ̯k/
[1/1] <#_ʋ-<#_v / ˈeː-ˈaɪ̯ / k_#>-k_#>

-------------------

/ʋˈeːk/ - /vˈeːkə/
[1/1] <#_ʋ-<#_v / ˈeː-ˈeː / k-k_ə

-------------------

/ʋˈeːtən/ - /vˈɛtn̩/
[1/1] <#_ʋ-<#_v / ˈeː-ˈɛ / t_ə_n-t_n

-------------------

/ʋˈeːɾ/ - /vˈɛːɐ/
[1/1] <#_ʋ-<#_v / ˈeː_ɾ-ˈɛː_ɐ

-------------------

/ʋˈoːɾd̥/ - /vˈoːɐt/
[1/1] <#_ʋ-<#_v / ˈoː_ɾ-ˈoː_ɐ / d̥_#>-t_#>

-------------------

/ʋˈɑt/ - /vˈat/
[1/1] <#_ʋ-<#_v / ˈɑ-ˈa / t_#>-t_#>

-------------------

/ʋˈɑɾm/ - /vˈaːɐm/
[1/1] <#_ʋ-<#_v / ˈɑ-ˈaː / ɾ-ɐ / m_#>-m_#>

-------------------

/ʋˈɔndəɾ/ - /vˈʊnɐ/
[1/1] <#_ʋ-<#_v / ˈɔ-ˈʊ / n_d-n / ə-∅ / ɾ_#>-ɐ_#>

-------------------

/ʋˈɔɫ/ - /vˈʊlə/
[1/1] <#_ʋ-<#_v / ˈɔ-ˈʊ / ɫ_#>-l_ə

-------------------

/ʋˈɔɫf/ - /vˈʊlf/
[1/1] <#_ʋ-<#_v / ˈɔ-ˈʊ / ɫ-l / f_#>-f_#>

-------------------

/ʋˈɔɾm/ - /vˈoːɐm/
[1/1] <#_ʋ-<#_v / ˈɔ-ˈoː / ɾ-ɐ / m_#>-m_#>

-------------------

/ʋˈɛi̯/ - /vˈiː/
[1/1] <#_ʋ-<#_v / ˈɛi̯_#>-ˈiː_#>

-------------------

/ʋˈɛi̯n/ - /vˈiːn/
[1/1] <#_ʋ-<#_v / ˈɛi̯-ˈiː / n-n_#>

-------------------

/ʋˈɛi̯v̥/ - /vˈiːf/
[1/1] <#_ʋ-<#_v / ˈɛi̯-ˈiː / v̥_#>-f_#>

-------------------

/ʋˈɛnsən/ - /vˈʏnʃn̩/
[1/1] <#_ʋ-<#_v / ˈɛ-ˈʏ / n-n / s-ʃ / ə_n-n

-------------------

/ʋˈɛχ/ - /vˈɛç/
[1/1] <#_ʋ-<#_v / ˈɛ_χ-ˈɛ_ç

-------------------

/ʋˈɪnd̥/ - /vˈɪnd/
[1/1] <#_ʋ-<#_v / ˈɪ-ˈɪ / n-n / d̥_#>-d_#>

-------------------

/ʋˈɪntəɾ/ - /vˈɪntɐ/
[1/1] <#_ʋ-<#_v / ˈɪ-ˈɪ / n_t-n_t / ə-∅ / ɾ_#>-ɐ_#>

-------------------

/ʋˈɪt/ - /vˈɪt/
[1/1] <#_ʋ-<#_v / ˈɪ-ˈɪ / t_#>-t_#>

-------------------

/ʋˈɪɫd̥/ - /vˈɪlə/
[1/1] <#_ʋ-<#_v / ˈɪ-ˈɪ / ɫ-l / d̥-ə

-------------------

/ˈaːp/ - /ˈɒːpə/
[1/1] <#_ˈaː-<#_ˈɒː / p-p / ∅-ə

-------------------

/ˈaːɫ/ - /ˈɒːl/
[1/1] <#_ˈaː-<#_ˈɒː / ɫ_#>-l_#>

-------------------

/ˈeːn/ - /ˈɛɪ̯nə/
[1/1] ˈeː-ˈɛɪ̯ / n-n_ə

-------------------

/ˈeːtən/ - /ˈɛːtn̩/
[1/1] ˈeː-ˈɛː / t_ə_n-t_n

-------------------

/ˈoːvən/ - /ˈoːm/
[1/1] ˈoː-ˈoː / v-∅ / ə_n_#>-m_#>

-------------------

/ˈoːvəɾ/ - /ˈoːvɐ/
[1/1] ˈoː-ˈoː / v_ə-v / ɾ_#>-ɐ_#>

-------------------

/ˈoːɾ/ - /ˈeo̯ɐ/
[1/1] <#_ˈoː-<#_ˈeo̯ / ɾ_#>-ɐ_#>

-------------------

/ˈoːχ/ - /ˈeo̯ɣə/
[1/1] <#_ˈoː-<#_ˈeo̯ / χ_#>-ɣ_ə

-------------------

/ˈœy̯t/ - /ˈuːt/
[1/1] <#_ˈœy̯-<#_ˈuː / t_#>-t_#>

-------------------

/ˈœy̯ɫ/ - /ˈuːlə/
[1/1] <#_ˈœy̯-<#_ˈuː / ɫ_#>-l_ə

-------------------

/ˈɑndəɾ/ - /ˈanɐ/
[1/1] <#_ˈɑ-<#_ˈa / n_d-n / ə-∅ / ɾ_#>-ɐ_#>

-------------------

/ˈɑpəɫ/ - /ˈapl̩/
[1/1] <#_ˈɑ-<#_ˈa / p_ə-p / ɫ_#>-l_#>

-------------------

/ˈɑs/ - /ˈaʃə/
[1/1] <#_ˈɑ-<#_ˈa / s-ʃ_ə

-------------------

/ˈɑu̯d̥/ - /ˈɔld/
[1/1] ˈɑu̯-ˈɔ_l / d̥_#>-d_#>

-------------------

/ˈɑɫ/ - /ˈalə/
[1/1] <#_ˈɑ-<#_ˈa / ɫ_#>-l_ə

-------------------

/ˈɑɾm/ - /ˈaɐm/
[1/1] <#_ˈɑ-<#_ˈa / ɾ-ɐ / m_#>-m_#>

-------------------

/ˈɑχt/ - /ˈaxtə/
[1/1] <#_ˈɑ-<#_ˈa / χ_t-x_t / ∅-ə

-------------------

/ˈɔndəɾ/ - /ˈʏndɐ/
[1/1] <#_ˈɔ_n-<#_ˈʏ / ∅-n / d_ə_ɾ-d_ɐ

-------------------

/ˈɔns/ - /ˈʏʃ/
[1/1] <#_ˈɔ_n-<#_ˈʏ / s_#>-ʃ_#>

-------------------

/ˈɔp/ - /ˈʊp/
[1/1] ˈɔ-ˈʊ / p_#>-p_#>

-------------------

/ˈɛi̯/ - /ˈɛɪ̯/
[1/1] <#_ˈɛi̯-<#_ˈɛɪ̯

-------------------

/ˈɛi̯k/ - /ˈɛɪ̯kə/
[1/1] <#_ˈɛi̯-<#_ˈɛɪ̯ / k-k_ə

-------------------

/ˈɛi̯s/ - /ˈiːs/
[1/1] ˈɛi̯-ˈiː / s-s_#>

-------------------

/ˈɛχ/ - /ˈɛkə/
[1/1] ˈɛ-ˈɛ / ∅-k / χ-ə

-------------------

/ˈɪk/ - /ˈɛk/
[1/1] ˈɪ-ˈɛ / k_#>-k_#>

-------------------

/ˈɪmə/ - /ˈɪmə/
[1/1] <#_ˈɪ-<#_ˈɪ / m-m / ə-ə

-------------------

/ˈɪn/ - /ˈɪn/
[1/1] <#_ˈɪ-<#_ˈɪ / n-n_#>

-------------------

/χɾˈoːt/ - /ɣrˈeo̯t/
[1/1] <#_χ-<#_ɣ / ɾ-r / ˈoː-ˈeo̯ / t_#>-t_#>

-------------------

/χɾˈoːt/ - /ɣrˈeo̯tə/
[1/1] <#_χ-<#_ɣ / ɾ-r / ˈoː-ˈeo̯ / t-t_ə

-------------------

/χɾˈun/ - /jrˈɔʏ̯n/
[1/1] <#_χ-<#_j / ɾ-r / ˈu-ˈɔʏ̯ / n-n_#>

-------------------

/χɾˈɑs/ - /ɣrˈaːs/
[1/1] <#_χ-<#_ɣ / ɾ-r / ˈɑ-ˈaː / s-s_#>

-------------------

/χˈaːn/ - /ɣˈɒːn/
[1/1] <#_χ-<#_ɣ / ˈaː-ˈɒː / n-n_#>

-------------------

/χˈeːvən/ - /jˈeːm/
[1/1] <#_χ-<#_j / ˈeː-ˈeː / v-∅ / ə_n_#>-m_#>

-------------------

/χˈeːɫ/ - /jˈɛl/
[1/1] <#_χ-<#_j / ˈeː-ˈɛ / ɫ_#>-l_#>

-------------------

/χˈud̥/ - /ɣˈʊt/
[1/1] <#_χ-<#_ɣ / ˈu-ˈʊ / d̥_#>-t_#>

-------------------

/χˈɑns/ - /ɣˈaʊ̯s/
[1/1] <#_χ-<#_ɣ / ˈɑ-∅ / n-ˈaʊ̯ / s-s_#>

-------------------

/χˈɑst/ - /ɣˈas/
[1/1] <#_χ-<#_ɣ / ˈɑ-ˈa / s-s_#> / t-∅

-------------------

/χˈɑu̯d̥/ - /ɣˈɔld/
[1/1] <#_χ-<#_ɣ / ˈɑu̯-ˈɔ_l / d̥_#>-d_#>

-------------------

/χˈɔd̥/ - /ɣˈɔt/
[1/1] <#_χ-<#_ɣ / ˈɔ-ˈɔ / d̥_#>-t_#>

-------------------

