/brʲˈaza/ - /bʲɪrʲˈɵzə/
b-bʲ / ∅-ɪ / rʲ-rʲ / a-ɵ_ˈ / z-z / a-ə
{0: [0], 1: None, 2: [1], 3: [2], 4: [3], 5: [4]}
{0: [0], 1: [1], 2: [2], 3: [3, 4], 4: [5], 5: [6]}
SCORE: 18.251

-------------------

/brˈɔda/ - /bərɐdˈa/
b-b / ∅-ə / r-r / ɔ-ɐ / d-d / a-a / ∅-ˈ
{0: [0], 1: None, 2: [1], 3: [2], 4: [3], 5: [4], 6: None}
{0: [0], 1: [1], 2: [2], 3: [3], 4: [4], 5: [5], 6: [6]}
SCORE: 21.456

-------------------

/bʑˈɛz̥/ - /bʲˈez̥/
b-bʲ / ʑ-∅ / ɛ-e_ˈ / z̥-z̥
{0: [0], 1: [1], 2: [2], 3: [3]}
{0: [0], 1: None, 2: [1, 2], 3: [3]}
SCORE: 6.312

-------------------

/bʲˈɪwɨ/ - /bʲˈeɫɨj/
bʲ-bʲ / ɪ-e / ∅-ˈ / w-ɫ / ɨ-ɨ_j
{0: [0], 1: [1], 2: None, 3: [2], 4: [3]}
{0: [0], 1: [1], 2: [2], 3: [3], 4: [4, 5]}
SCORE: 22.457

-------------------

/bˈɔbr/ - /bˈobr/
b-b / ɔ-o / ∅-ˈ / b-b / r-r
{0: [0], 1: [1], 2: None, 3: [2], 4: [3]}
{0: [0], 1: [1], 2: [2], 3: [3], 4: [4]}
SCORE: 24.017

-------------------

/bˈɔk/ - /bˈox/
b-b / ɔ-o / ∅-ˈ / k-x
{0: [0], 1: [1], 2: None, 3: [2]}
{0: [0], 1: [1], 2: [2], 3: [3]}
SCORE: 14.504

-------------------

/bˈɨɕ/ - /bˈɨtʲ/
b-b / ɨ-ɨ / ∅-ˈ / ɕ-tʲ
{0: [0], 1: [1], 2: None, 3: [2]}
{0: [0], 1: [1], 2: [2], 3: [3]}
SCORE: 17.424

-------------------

/drʲˈevɔ/ - /dʲˈerʲɪvə/
d-dʲ / ∅-e / ∅-ˈ / rʲ-rʲ / e-ɪ / v-v / ɔ_#>-ə_#>
{0: [0], 1: None, 2: None, 3: [1], 4: [2], 5: [3], 6: [4]}
{0: [0], 1: [1], 2: [2], 3: [3], 4: [4], 5: [5], 6: [6]}
SCORE: 19.077

-------------------

/dvˈa/ - /dvˈa/
<#_d-<#_d / v-v / a-a / ∅-ˈ
{0: [0], 1: [1], 2: [2], 3: None}
{0: [0], 1: [1], 2: [2], 3: [3]}
SCORE: 17.913

-------------------

/dwˈujkʲi/ - /dˈoɫɡʲɪj/
<#_d-<#_d / ∅-o / ∅-ˈ / w-ɫ / u-∅ / j_kʲ-ɡʲ / i-ɪ_j
{0: [0], 1: None, 2: None, 3: [1], 4: [2], 5: [3, 4], 6: [5]}
{0: [0], 1: [1], 2: [2], 3: [3], 4: None, 5: [4], 6: [5, 6]}
SCORE: 12.638

-------------------

/dˈɛɕʨ/ - /dˈoʐ̊d̥ʲ/
<#_d-<#_d / ɛ-o / ∅-ˈ / ∅-ʐ̊ / ɕ-∅ / ʨ-d̥ʲ
{0: [0], 1: [1], 2: None, 3: None, 4: [2], 5: [3]}
{0: [0], 1: [1], 2: [2], 3: [3], 4: None, 5: [4]}
SCORE: 8.495

-------------------

/dˈɨm/ - /dˈɨm/
<#_d-<#_d / ɨ-ɨ / ∅-ˈ / m-m
{0: [0], 1: [1], 2: None, 3: [2]}
{0: [0], 1: [1], 2: [2], 3: [3]}
SCORE: 19.515

-------------------

/jˈa/ - /jˈa/
<#_j-<#_j / a-a / ∅-ˈ
{0: [0], 1: [1], 2: None}
{0: [0], 1: [1], 2: [2]}
SCORE: 10.85

-------------------

/jˈabwukɔ/ - /jˈabɫəkə/
<#_j-<#_j / a-a / ∅-ˈ / b-b / w-ɫ / ∅-ə / u-∅ / k-k / ɔ_#>-ə_#>
{0: [0], 1: [1], 2: None, 3: [2], 4: [3], 5: None, 6: [4], 7: [5], 8: [6]}
{0: [0], 1: [1], 2: [2], 3: [3], 4: [4], 5: [5], 6: None, 7: [6], 8: [7]}
SCORE: 22.194

-------------------

/jˈaden/ - /ɐdʲˈin/
<#_j-<# / ∅-ɐ / a-∅ / d-dʲ / ∅-i / ∅-ˈ / e_n-n
{0: [0], 1: None, 2: [1], 3: [2], 4: None, 5: None, 6: [3, 4]}
{0: None, 1: [0], 2: None, 3: [1], 4: [2], 5: [3], 6: [4]}
SCORE: -11.916

-------------------

/jˈasnɨ/ - /jˈasnɨj/
<#_j-<#_j / a-a / ∅-ˈ / s-s / n-n / ɨ-ɨ_j
{0: [0], 1: [1], 2: None, 3: [2], 4: [3], 5: [4]}
{0: [0], 1: [1], 2: [2], 3: [3], 4: [4], 5: [5, 6]}
SCORE: 26.348

-------------------

/jˈazɔrɔ/ - /ˈozʲɪrə/
<#_j-<# / ∅-o / ∅-ˈ / a-∅ / z-zʲ / ɔ-ɪ / r-r / ɔ_#>-ə_#>
{0: [0], 1: None, 2: None, 3: [1], 4: [2], 5: [3], 6: [4], 7: [5]}
{0: None, 1: [0], 2: [1], 3: None, 4: [2], 5: [3], 6: [4], 7: [5]}
SCORE: 4.933

-------------------

/jˈaɡɔda/ - /jˈaɡədə/
<#_j-<#_j / a-a / ∅-ˈ / ɡ-ɡ / ɔ-ə / d-d / a-ə
{0: [0], 1: [1], 2: None, 3: [2], 4: [3], 5: [4], 6: [5]}
{0: [0], 1: [1], 2: [2], 3: [3], 4: [4], 5: [5], 6: [6]}
SCORE: 28.379

-------------------

/jˈuxa/ - /ʊxˈa/
<#_j-<# / u-ʊ / x-x / a-a / ∅-ˈ
{0: [0], 1: [1], 2: [2], 3: [3], 4: None}
{0: None, 1: [0], 2: [1], 3: [2], 4: [3]}
SCORE: 14.936

-------------------

/jˈɛrʲɛw/ - /ɐrʲˈɵɫ/
<#_j-<# / ɛ-ɐ / rʲ-rʲ / ∅-ɵ / ∅-ˈ / ɛ-∅ / w_#>-ɫ_#>
{0: [0], 1: [1], 2: [2], 3: None, 4: None, 5: [3], 6: [4]}
{0: None, 1: [0], 2: [1], 3: [2], 4: [3], 5: None, 6: [4]}
SCORE: 4.986

-------------------

/jˈɪzɨk/ - /jɪzˈɨk/
<#_j-<#_j / ɪ-ɪ / z-z / ɨ-ɨ / ∅-ˈ / k-k
{0: [0], 1: [1], 2: [2], 3: [3], 4: None, 5: [4]}
{0: [0], 1: [1], 2: [2], 3: [3], 4: [4], 5: [5]}
SCORE: 26.075

-------------------

/klˈɪb̥/ - /xlʲˈeb̥/
k-x / l-lʲ / ɪ-e / ∅-ˈ / b̥-b̥
{0: [0], 1: [1], 2: [2], 3: None, 4: [3]}
{0: [0], 1: [1], 2: [2], 3: [3], 4: [4]}
SCORE: 22.744

-------------------

/krˈɔl/ - /kɐrˈolʲ/
k-k / ∅-ɐ / r-r / ɔ-o / ∅-ˈ / l-lʲ
{0: [0], 1: None, 2: [1], 3: [2], 4: None, 5: [3]}
{0: [0], 1: [1], 2: [2], 3: [3], 4: [4], 5: [5]}
SCORE: 15.813

-------------------

/krˈɔva/ - /kɐrˈovə/
k-k / ∅-ɐ / r-r / ɔ-o / ∅-ˈ / v-v / a-ə
{0: [0], 1: None, 2: [1], 3: [2], 4: None, 5: [3], 6: [4]}
{0: [0], 1: [1], 2: [2], 3: [3], 4: [4], 5: [5], 6: [6]}
SCORE: 18.169

-------------------

/kvʲˈɪt/ - /ʦvʲˈet/
k-ʦ / vʲ-vʲ / ɪ-e / ∅-ˈ / t-t
{0: [0], 1: [1], 2: [2], 3: None, 4: [3]}
{0: [0], 1: [1], 2: [2], 3: [3], 4: [4]}
SCORE: 19.852

-------------------

/kɕˈebʲat/ - /xrʲɪbʲˈet/
k-x / ɕ-rʲ / e-ɪ / bʲ-bʲ / a-e_ˈ / t-t
{0: [0], 1: [1], 2: [2], 3: [3], 4: [4], 5: [5]}
{0: [0], 1: [1], 2: [2], 3: [3], 4: [4, 5], 5: [6]}
SCORE: 28.754

-------------------

/kɕˈidwɔ/ - /krɨɫˈo/
k-k / ∅-r / ∅-ɨ / ɕ-∅ / i-∅ / d_w-ɫ / ɔ-o / ∅-ˈ
{0: [0], 1: None, 2: None, 3: [1], 4: [2], 5: [3, 4], 6: [5], 7: None}
{0: [0], 1: [1], 2: [2], 3: None, 4: None, 5: [3], 6: [4], 7: [5]}
SCORE: -10.629

-------------------

/kʂˈej/ - /krˈofʲ/
k-k / ʂ-r / ∅-o / ∅-ˈ / ∅-fʲ / e-∅ / j-∅
{0: [0], 1: [1], 2: None, 3: None, 4: None, 5: [2], 6: [3]}
{0: [0], 1: [1], 2: [2], 3: [3], 4: [4], 5: None, 6: None}
SCORE: -9.622

-------------------

/kˈamʲeɲ/ - /kˈamʲɪnʲ/
k_a-k_a / ∅-ˈ / mʲ-mʲ / e-ɪ / ɲ-nʲ
{0: [0, 1], 1: None, 2: [2], 3: [3], 4: [4]}
{0: [0, 1], 1: [2], 2: [3], 3: [4], 4: [5]}
SCORE: 29.779

-------------------

/kˈusaɕ/ - /kʊsˈatʲ/
k-k / u-ʊ / s-s / a-a / ∅-ˈ / ɕ-tʲ
{0: [0], 1: [1], 2: [2], 3: [3], 4: None, 5: [4]}
{0: [0], 1: [1], 2: [2], 3: [3], 4: [4], 5: [5]}
SCORE: 25.9

-------------------

/kˈɛlɛnɔ/ - /kɐlʲˈenə/
k-k / ɛ-ɐ / l-lʲ / ɛ-e_ˈ / n-n / ɔ_#>-ə_#>
{0: [0], 1: [1], 2: [2], 3: [3], 4: [4], 5: [5]}
{0: [0], 1: [1], 2: [2], 3: [3, 4], 4: [5], 5: [6]}
SCORE: 30.803

-------------------

/kˈɛrʲɛɲ/ - /kˈorʲɪnʲ/
k_ɛ-k_o / ∅-ˈ / rʲ-rʲ / ɛ-ɪ / ɲ-nʲ
{0: [0, 1], 1: None, 2: [2], 3: [3], 4: [4]}
{0: [0, 1], 1: [2], 2: [3], 3: [4], 4: [5]}
SCORE: 26.23

-------------------

/kˈɛsʨ/ - /kˈosʲtʲ/
k_ɛ-k_o / ∅-ˈ / s-sʲ / ∅-tʲ / ʨ-∅
{0: [0, 1], 1: None, 2: [2], 3: None, 4: [3]}
{0: [0, 1], 1: [2], 2: [3], 3: [4], 4: None}
SCORE: 5.256

-------------------

/kˈɛɲ/ - /kˈonʲ/
k_ɛ-k_o / ∅-ˈ / ɲ-nʲ
{0: [0, 1], 1: None, 2: [2]}
{0: [0, 1], 1: [2], 2: [3]}
SCORE: 17.534

-------------------

/kˈɛʐa/ - /kˈoʐə/
k_ɛ-k_o / ∅-ˈ / ʐ-ʐ / a-ə
{0: [0, 1], 1: None, 2: [2], 3: [3]}
{0: [0, 1], 1: [2], 2: [3], 3: [4]}
SCORE: 20.267

-------------------

/lˈaf/ - /lʲˈef/
l-lʲ / a-e_ˈ / f-f
{0: [0], 1: [1], 2: [2]}
{0: [0], 1: [1, 2], 2: [3]}
SCORE: 21.821

-------------------

/lˈaʦ/ - /vɐɫˈoʨ/
<#-<#_v / ∅-ɐ / l-ɫ / ∅-o / ∅-ˈ / a-∅ / ʦ-ʨ
{0: None, 1: None, 2: [0], 3: None, 4: None, 5: [1], 6: [2]}
{0: [0], 1: [1], 2: [2], 3: [3], 4: [4], 5: None, 6: [5]}
SCORE: -6.086

-------------------

/lˈist/ - /lʲˈist/
l-lʲ / i-i / ∅-ˈ / s-s / t-t
{0: [0], 1: [1], 2: None, 3: [2], 4: [3]}
{0: [0], 1: [1], 2: [2], 3: [3], 4: [4]}
SCORE: 23.456

-------------------

/lˈuʑɛ/ - /lʲˈʉdʲɪ/
l-lʲ / u-ʉ / ∅-ˈ / ʑ-dʲ / ɛ-ɪ
{0: [0], 1: [1], 2: None, 3: [2], 4: [3]}
{0: [0], 1: [1], 2: [2], 3: [3], 4: [4]}
SCORE: 19.286

-------------------

/lˈɔd̥/ - /lʲˈɵd̥/
l-lʲ / ɔ-ɵ_ˈ / d̥-d̥
{0: [0], 1: [1], 2: [2]}
{0: [0], 1: [1, 2], 2: [3]}
SCORE: 20.053

-------------------

/lˈɪs/ - /lʲˈes/
l-lʲ / ɪ-e / ∅-ˈ / s_#>-s_#>
{0: [0], 1: [1], 2: None, 3: [2]}
{0: [0], 1: [1], 2: [2], 3: [3]}
SCORE: 17.829

-------------------

/lˈɪtɔ/ - /lʲˈetə/
l-lʲ / ɪ-e / ∅-ˈ / t-t / ɔ_#>-ə_#>
{0: [0], 1: [1], 2: None, 3: [2], 4: [3]}
{0: [0], 1: [1], 2: [2], 3: [3], 4: [4]}
SCORE: 21.131

-------------------

/mlˈɔkɔ/ - /məɫɐkˈo/
m-m / ∅-ə / l-ɫ / ɔ-ɐ / k-k / ɔ-o / ∅-ˈ
{0: [0], 1: None, 2: [1], 3: [2], 4: [3], 5: [4], 6: None}
{0: [0], 1: [1], 2: [2], 3: [3], 4: [4], 5: [5], 6: [6]}
SCORE: 16.903

-------------------

/mwˈa/ - /mɡɫˈa/
m-m / ∅-ɡ / w-ɫ / a-a / ∅-ˈ
{0: [0], 1: None, 2: [1], 3: [2], 4: None}
{0: [0], 1: [1], 2: [2], 3: [3], 4: [4]}
SCORE: 11.238

-------------------

/mʲɔd̥/ - /mʲˈɵd̥/
mʲ-mʲ / ɔ-ɵ_ˈ / d̥-d̥
{0: [0], 1: [1], 2: [2]}
{0: [0], 1: [1, 2], 2: [3]}
SCORE: 21.48

-------------------

/mʲˈasɛʦ/ - /mʲˈesʲɪʦ/
mʲ-mʲ / a-e_ˈ / s-sʲ / ɛ-ɪ / ʦ-ʦ
{0: [0], 1: [1], 2: [2], 3: [3], 4: [4]}
{0: [0], 1: [1, 2], 2: [3], 3: [4], 4: [5]}
SCORE: 24.669

-------------------

/mʲˈɪ/ - /ˈimʲə/
∅-i / ∅-ˈ / mʲ-mʲ / ɪ-∅ / #>-ə_#>
{0: None, 1: None, 2: [0], 3: [1], 4: None}
{0: [0], 1: [1], 2: [2], 3: None, 4: [3]}
SCORE: -0.906

-------------------

/mʲˈɪstɔ/ - /mʲˈestə/
mʲ-mʲ / ɪ-e / ∅-ˈ / s-s / t-t / ɔ_#>-ə_#>
{0: [0], 1: [1], 2: None, 3: [2], 4: [3], 5: [4]}
{0: [0], 1: [1], 2: [2], 3: [3], 4: [4], 5: [5]}
SCORE: 27.597

-------------------

/mʲˈɪsɔ/ - /mʲˈasə/
mʲ-mʲ / ɪ-a / ∅-ˈ / s-s / ɔ_#>-ə_#>
{0: [0], 1: [1], 2: None, 3: [2], 4: [3]}
{0: [0], 1: [1], 2: [2], 3: [3], 4: [4]}
SCORE: 18.761

-------------------

/mˈarvɨ/ - /mʲˈɵrtvɨj/
m-mʲ / a-ɵ_ˈ / r-r / ∅-t / v-v / ɨ-ɨ_j
{0: [0], 1: [1], 2: [2], 3: None, 4: [3], 5: [4]}
{0: [0], 1: [1, 2], 2: [3], 3: [4], 4: [5], 5: [6, 7]}
SCORE: 17.613

-------------------

/mˈudrɨ/ - /mˈudrɨj/
m-m / u-u / ∅-ˈ / d-d / r-r / ɨ-ɨ_j
{0: [0], 1: [1], 2: None, 3: [2], 4: [3], 5: [4]}
{0: [0], 1: [1], 2: [2], 3: [3], 4: [4], 5: [5, 6]}
SCORE: 28.99

-------------------

/mˈuxa/ - /mˈuxə/
m-m / u-u / ∅-ˈ / x-x / a-ə
{0: [0], 1: [1], 2: None, 3: [2], 4: [3]}
{0: [0], 1: [1], 2: [2], 3: [3], 4: [4]}
SCORE: 22.226

-------------------

/mˈuʐ̊/ - /mˈuʐ̊/
m-m / u-u / ∅-ˈ / ʐ̊-ʐ̊
{0: [0], 1: [1], 2: None, 3: [2]}
{0: [0], 1: [1], 2: [2], 3: [3]}
SCORE: 18.482

-------------------

/mˈɛrzɡʲi/ - /mˈoz̥ɡ̊/
m-m / ɛ-o / ∅-ˈ / r-∅ / z-z̥ / ∅-ɡ̊ / ɡʲ-∅ / i-∅
{0: [0], 1: [1], 2: None, 3: [2], 4: [3], 5: None, 6: [4], 7: [5]}
{0: [0], 1: [1], 2: [2], 3: None, 4: [3], 5: [4], 6: None, 7: None}
SCORE: -7.723

-------------------

/mˈɛrʲɔ/ - /mˈorʲe/
m-m / ɛ-o / ∅-ˈ / rʲ-rʲ / ∅-e / ɔ_#>-#>
{0: [0], 1: [1], 2: None, 3: [2], 4: None, 5: [3]}
{0: [0], 1: [1], 2: [2], 3: [3], 4: [4], 5: None}
SCORE: 9.469

-------------------

/mˈɨsl/ - /mˈɨsʲlʲ/
m-m / ɨ-ɨ / ∅-ˈ / s-sʲ / l-lʲ
{0: [0], 1: [1], 2: None, 3: [2], 4: [3]}
{0: [0], 1: [1], 2: [2], 3: [3], 4: [4]}
SCORE: 22.95

-------------------

/nˈɔkɕ/ - /nˈoɡətʲ/
n-n / ɔ-o / ∅-ˈ / ∅-ɡ / ∅-ə / k-∅ / ɕ-tʲ
{0: [0], 1: [1], 2: None, 3: None, 4: None, 5: [2], 6: [3]}
{0: [0], 1: [1], 2: [2], 3: [3], 4: [4], 5: None, 6: [5]}
SCORE: 0.006

-------------------

/nˈɔs/ - /nˈos/
n-n / ɔ-o / ∅-ˈ / s_#>-s_#>
{0: [0], 1: [1], 2: None, 3: [2]}
{0: [0], 1: [1], 2: [2], 3: [3]}
SCORE: 17.161

-------------------

/nˈɔvɨ/ - /nˈovɨj/
n-n / ɔ-o / ∅-ˈ / v-v / ɨ-ɨ_j
{0: [0], 1: [1], 2: None, 3: [2], 4: [3]}
{0: [0], 1: [1], 2: [2], 3: [3], 4: [4, 5]}
SCORE: 20.312

-------------------

/nˈɔɡa/ - /nɐɡˈa/
n-n / ɔ-ɐ / ɡ-ɡ / a-a / ∅-ˈ
{0: [0], 1: [1], 2: [2], 3: [3], 4: None}
{0: [0], 1: [1], 2: [2], 3: [3], 4: [4]}
SCORE: 20.122

-------------------

/nˈɔʦ/ - /nˈoʨ/
n-n / ɔ-o / ∅-ˈ / ʦ-ʨ
{0: [0], 1: [1], 2: None, 3: [2]}
{0: [0], 1: [1], 2: [2], 3: [3]}
SCORE: 16.889

-------------------

/pʲˈas/ - /pʲˈɵs/
pʲ-pʲ / a-ɵ_ˈ / s_#>-s_#>
{0: [0], 1: [1], 2: [2]}
{0: [0], 1: [1, 2], 2: [3]}
SCORE: 20.261

-------------------

/pʲˈiɕ/ - /pʲˈitʲ/
pʲ-pʲ / i-i / ∅-ˈ / ɕ-tʲ
{0: [0], 1: [1], 2: None, 3: [2]}
{0: [0], 1: [1], 2: [2], 3: [3]}
SCORE: 19.092

-------------------

/pʲˈɪsk/ - /pʲɪsˈok/
pʲ-pʲ / ɪ-ɪ / s-s / ∅-o / ∅-ˈ / k-k
{0: [0], 1: [1], 2: [2], 3: None, 4: None, 5: [3]}
{0: [0], 1: [1], 2: [2], 3: [3], 4: [4], 5: [5]}
SCORE: 17.002

-------------------

/pʲˈɪɕ/ - /pʲˈætʲ/
pʲ-pʲ / ∅-æ / ∅-ˈ / ɪ-∅ / ɕ-tʲ
{0: [0], 1: None, 2: None, 3: [1], 4: [2]}
{0: [0], 1: [1], 2: [2], 3: None, 4: [3]}
SCORE: 3.066

-------------------

/pˈuɕ/ - /pˈutʲ/
p-p / u-u / ∅-ˈ / ɕ-tʲ
{0: [0], 1: [1], 2: None, 3: [2]}
{0: [0], 1: [1], 2: [2], 3: [3]}
SCORE: 18.877

-------------------

/pˈɔpʲew/ - /pʲˈepʲɪɫ/
∅-pʲ / ∅-e / ∅-ˈ / p-∅ / ɔ-∅ / pʲ-pʲ / e-ɪ / w_#>-ɫ_#>
{0: None, 1: None, 2: None, 3: [0], 4: [1], 5: [2], 6: [3], 7: [4]}
{0: [0], 1: [1], 2: [2], 3: None, 4: None, 5: [3], 6: [4], 7: [5]}
SCORE: -0.923

-------------------

/pˈɔwnɨ/ - /pˈoɫnɨj/
p-p / ɔ-o / ∅-ˈ / w-ɫ / n-n / ɨ-ɨ_j
{0: [0], 1: [1], 2: None, 3: [2], 4: [3], 5: [4]}
{0: [0], 1: [1], 2: [2], 3: [3], 4: [4], 5: [5, 6]}
SCORE: 26.879

-------------------

/rʲˈɪka/ - /rʲɪkˈa/
rʲ-rʲ / ɪ-ɪ / k_a-k_a / ∅-ˈ
{0: [0], 1: [1], 2: [2, 3], 3: None}
{0: [0], 1: [1], 2: [2, 3], 3: [4]}
SCORE: 21.021

-------------------

/rˈadwɔ/ - /rˈaɫə/
<#_r-<#_r / a-a / ∅-ˈ / d_w-ɫ / ɔ_#>-ə_#>
{0: [0], 1: [1], 2: None, 3: [2, 3], 4: [4]}
{0: [0], 1: [1], 2: [2], 3: [3], 4: [4]}
SCORE: 15.636

-------------------

/rˈuka/ - /rʊkˈa/
<#_r-<#_r / u-ʊ / k_a-k_a / ∅-ˈ
{0: [0], 1: [1], 2: [2, 3], 3: None}
{0: [0], 1: [1], 2: [2, 3], 3: [4]}
SCORE: 23.588

-------------------

/rˈɔsʨ/ - /rˈost/
<#_r-<#_r / ɔ-o / ∅-ˈ / s-s / ∅-t / ʨ-∅
{0: [0], 1: [1], 2: None, 3: [2], 4: None, 5: [3]}
{0: [0], 1: [1], 2: [2], 3: [3], 4: [4], 5: None}
SCORE: 5.878

-------------------

/rˈɔɡ̊/ - /rˈoɡ̊/
<#_r-<#_r / ɔ-o / ∅-ˈ / ɡ̊-ɡ̊
{0: [0], 1: [1], 2: None, 3: [2]}
{0: [0], 1: [1], 2: [2], 3: [3]}
SCORE: 19.782

-------------------

/rˈɨba/ - /rˈɨbə/
<#_r-<#_r / ɨ-ɨ / ∅-ˈ / b-b / a-ə
{0: [0], 1: [1], 2: None, 3: [2], 4: [3]}
{0: [0], 1: [1], 2: [2], 3: [3], 4: [4]}
SCORE: 21.849

-------------------

/smʲˈerɕ/ - /smʲˈertʲ/
s-s / mʲ-mʲ / e-e / ∅-ˈ / r-r / ɕ-tʲ
{0: [0], 1: [1], 2: [2], 3: None, 4: [3], 5: [4]}
{0: [0], 1: [1], 2: [2], 3: [3], 4: [4], 5: [5]}
SCORE: 26.352

-------------------

/snʲˈɪɡ̊/ - /sʲnʲˈeɡ̊/
s-sʲ / nʲ-nʲ / ɪ-e / ∅-ˈ / ɡ̊-ɡ̊
{0: [0], 1: [1], 2: [2], 3: None, 4: [3]}
{0: [0], 1: [1], 2: [2], 3: [3], 4: [4]}
SCORE: 24.159

-------------------

/strˈɔvɨ/ - /zdɐrˈovɨj/
∅-z / ∅-d / ∅-ɐ / s-∅ / t-∅ / r-r / ɔ-o / ∅-ˈ / v-v / ɨ-ɨ_j
{0: None, 1: None, 2: None, 3: [0], 4: [1], 5: [2], 6: [3], 7: None, 8: [4], 9: [5]}
{0: [0], 1: [1], 2: [2], 3: None, 4: None, 5: [3], 6: [4], 7: [5], 8: [6], 9: [7, 8]}
SCORE: -5.335

-------------------

/stˈarɨ/ - /stˈarɨj/
s-s / t-t / a-a / ∅-ˈ / r-r / ɨ-ɨ_j
{0: [0], 1: [1], 2: [2], 3: None, 4: [3], 5: [4]}
{0: [0], 1: [1], 2: [2], 3: [3], 4: [4], 5: [5, 6]}
SCORE: 25.743

-------------------

/stˈɔ/ - /stˈo/
s-s / t-t / ɔ-o / ∅-ˈ
{0: [0], 1: [1], 2: [2], 3: None}
{0: [0], 1: [1], 2: [2], 3: [3]}
SCORE: 15.134

-------------------

/stˈɔw/ - /stˈoɫ/
s-s / t-t / ɔ-o / ∅-ˈ / w_#>-ɫ_#>
{0: [0], 1: [1], 2: [2], 3: None, 4: [3]}
{0: [0], 1: [1], 2: [2], 3: [3], 4: [4]}
SCORE: 21.619

-------------------

/stˈɨrʲi/ - /ʨɪtˈɨrʲɪ/
∅-ʨ / ∅-ɪ / s-∅ / t-t / ɨ-ɨ / ∅-ˈ / rʲ-rʲ / i-ɪ
{0: None, 1: None, 2: [0], 3: [1], 4: [2], 5: None, 6: [3], 7: [4]}
{0: [0], 1: [1], 2: None, 3: [2], 4: [3], 5: [4], 6: [5], 7: [6]}
SCORE: 6.382

-------------------

/svʲˈɪtɨ/ - /svʲɪtˈoj/
s-s / vʲ-vʲ / ɪ-ɪ / t-t / ∅-o / ∅-ˈ / ɨ-j
{0: [0], 1: [1], 2: [2], 3: [3], 4: None, 5: None, 6: [4]}
{0: [0], 1: [1], 2: [2], 3: [3], 4: [4], 5: [5], 6: [6]}
SCORE: 20.472

-------------------

/swˈava/ - /sɫˈavə/
s-s / w-ɫ / a-a / ∅-ˈ / v-v / a-ə
{0: [0], 1: [1], 2: [2], 3: None, 4: [3], 5: [4]}
{0: [0], 1: [1], 2: [2], 3: [3], 4: [4], 5: [5]}
SCORE: 22.743

-------------------

/swˈɨɲʦɔ/ - /sˈonʦə/
s-s / ∅-o / ∅-ˈ / ∅-n / w-∅ / ɨ-∅ / ɲ-∅ / ʦ-ʦ / ɔ_#>-ə_#>
{0: [0], 1: None, 2: None, 3: None, 4: [1], 5: [2], 6: [3], 7: [4], 8: [5]}
{0: [0], 1: [1], 2: [2], 3: [3], 4: None, 5: None, 6: None, 7: [4], 8: [5]}
SCORE: -10.665

-------------------

/sˈad̥/ - /sˈad̥/
s-s / a-a / ∅-ˈ / d̥-d̥
{0: [0], 1: [1], 2: None, 3: [2]}
{0: [0], 1: [1], 2: [2], 3: [3]}
SCORE: 17.691

-------------------

/sˈedɨm/ - /sʲˈemʲ/
s-sʲ / e-e / ∅-ˈ / d-∅ / ɨ-∅ / m-mʲ
{0: [0], 1: [1], 2: None, 3: [2], 4: [3], 5: [4]}
{0: [0], 1: [1], 2: [2], 3: None, 4: None, 5: [3]}
SCORE: 0.377

-------------------

/sˈuxɨ/ - /sʊxˈoj/
s-s / u-ʊ / x-x_o / ∅-ˈ / ɨ-j
{0: [0], 1: [1], 2: [2], 3: None, 4: [3]}
{0: [0], 1: [1], 2: [2, 3], 3: [4], 4: [5]}
SCORE: 19.657

-------------------

/sˈɔl/ - /sˈolʲ/
s-s / ɔ-o / ∅-ˈ / l-lʲ
{0: [0], 1: [1], 2: None, 3: [2]}
{0: [0], 1: [1], 2: [2], 3: [3]}
SCORE: 15.022

-------------------

/sˈɛrʦɛ/ - /sʲˈerʦə/
s-sʲ / ɛ-e_ˈ / r-r / ʦ-ʦ / ɛ-ə
{0: [0], 1: [1], 2: [2], 3: [3], 4: [4]}
{0: [0], 1: [1, 2], 2: [3], 3: [4], 4: [5]}
SCORE: 20.909

-------------------

/sˈɨn/ - /sˈɨn/
s-s / ɨ-ɨ / ∅-ˈ / n-n
{0: [0], 1: [1], 2: None, 3: [2]}
{0: [0], 1: [1], 2: [2], 3: [3]}
SCORE: 16.789

-------------------

/tvˈardɨ/ - /tvʲˈɵrdɨj/
t-t / ∅-vʲ / v-∅ / a-ɵ_ˈ / r-r / d-d / ɨ-ɨ_j
{0: [0], 1: None, 2: [1], 3: [2], 4: [3], 5: [4], 6: [5]}
{0: [0], 1: [1], 2: None, 3: [2, 3], 4: [4], 5: [5], 6: [6, 7]}
SCORE: 17.439

-------------------

/tɕˈi/ - /trʲˈi/
t-t / ɕ-rʲ / i-i / ∅-ˈ
{0: [0], 1: [1], 2: [2], 3: None}
{0: [0], 1: [1], 2: [2], 3: [3]}
SCORE: 13.847

-------------------

/tʂˈava/ - /trɐvˈa/
t-t / ʂ-r_ɐ / a-∅ / v-v / a-a / ∅-ˈ
{0: [0], 1: [1], 2: [2], 3: [3], 4: [4], 5: None}
{0: [0], 1: [1, 2], 2: None, 3: [3], 4: [4], 5: [5]}
SCORE: 12.558

-------------------

/tˈat͡ʂk/ - /ptʲˈiʦə/
<#_t-<# / ∅-p / a-∅ / t͡ʂ-tʲ_i / ∅-ˈ / k-ʦ / #>-ə_#>
{0: [0], 1: None, 2: [1], 3: [2], 4: None, 5: [3], 6: None}
{0: None, 1: [0], 2: None, 3: [1, 2], 4: [3], 5: [4], 6: [5]}
SCORE: -0.87

-------------------

/v/ - /v/
v-v
{0: [0]}
{0: [0]}
SCORE: 11.43

-------------------

/vzˈɛɕ/ - /vzʲˈætʲ/
v-v / z-zʲ / ɛ-æ / ∅-ˈ / ɕ-tʲ
{0: [0], 1: [1], 2: [2], 3: None, 4: [3]}
{0: [0], 1: [1], 2: [2], 3: [3], 4: [4]}
SCORE: 19.199

-------------------

/vʲˈaʦɔr/ - /vʲˈeʨɪr/
vʲ-vʲ / a-e_ˈ / ʦ-ʨ / ɔ-ɪ / r-r
{0: [0], 1: [1], 2: [2], 3: [3], 4: [4]}
{0: [0], 1: [1, 2], 2: [3], 3: [4], 4: [5]}
SCORE: 25.04

-------------------

/vʲˈelikʲi/ - /vʲɪlʲˈikʲɪj/
vʲ-vʲ / e-ɪ / l-lʲ / i-i / ∅-ˈ / kʲ-kʲ / i-ɪ_j
{0: [0], 1: [1], 2: [2], 3: [3], 4: None, 5: [4], 6: [5]}
{0: [0], 1: [1], 2: [2], 3: [3], 4: [4], 5: [5], 6: [6, 7]}
SCORE: 36.879

-------------------

/vʲˈelk/ - /vˈoɫk/
<#-<#_v / ∅-o / ∅-ˈ / vʲ-∅ / e-∅ / l-ɫ / k-k
{0: None, 1: None, 2: None, 3: [0], 4: [1], 5: [2], 6: [3]}
{0: [0], 1: [1], 2: [2], 3: None, 4: None, 5: [3], 6: [4]}
SCORE: -7.235

-------------------

/vʲˈezaɕ/ - /vʲɪzˈatʲ/
vʲ-vʲ / e-ɪ / z-z / a-a / ∅-ˈ / ɕ-tʲ
{0: [0], 1: [1], 2: [2], 3: [3], 4: None, 5: [4]}
{0: [0], 1: [1], 2: [2], 3: [3], 4: [4], 5: [5]}
SCORE: 26.359

-------------------

/vʲˈiʑeɕ/ - /vʲˈidʲɪtʲ/
vʲ-vʲ / i-i / ∅-ˈ / ʑ-dʲ / e_ɕ-ɪ_tʲ
{0: [0], 1: [1], 2: None, 3: [2], 4: [3, 4]}
{0: [0], 1: [1], 2: [2], 3: [3], 4: [4, 5]}
SCORE: 29.565

-------------------

/vʲˈɪtʂ/ - /vʲˈetʲɪr/
vʲ-vʲ / ɪ-e / ∅-ˈ / ∅-tʲ / ∅-ɪ / t-∅ / ʂ-r
{0: [0], 1: [1], 2: None, 3: None, 4: None, 5: [2], 6: [3]}
{0: [0], 1: [1], 2: [2], 3: [3], 4: [4], 5: None, 6: [5]}
SCORE: 0.88

-------------------

/vˈudra/ - /vˈɨdrə/
v-v / ∅-ɨ / ∅-ˈ / u-∅ / d-d / r-r / a-ə
{0: [0], 1: None, 2: None, 3: [1], 4: [2], 5: [3], 6: [4]}
{0: [0], 1: [1], 2: [2], 3: None, 4: [3], 5: [4], 6: [5]}
SCORE: 10.294

-------------------

/vˈuɡɛl/ - /ˈuɡəlʲ/
v-∅ / u-u / ∅-ˈ / ɡ-ɡ / ɛ-ə / l-lʲ
{0: [0], 1: [1], 2: None, 3: [2], 4: [3], 5: [4]}
{0: None, 1: [0], 2: [1], 3: [2], 4: [3], 5: [4]}
SCORE: 13.801

-------------------

/vˈuʐ̊/ - /ˈuʐ̊/
v-∅ / u-u / ∅-ˈ / ʐ̊-ʐ̊
{0: [0], 1: [1], 2: None, 3: [2]}
{0: None, 1: [0], 2: [1], 3: [2]}
SCORE: 6.871

-------------------

/vˈɛda/ - /vɐdˈa/
v-v / ɛ-ɐ / d-d / a-a / ∅-ˈ
{0: [0], 1: [1], 2: [2], 3: [3], 4: None}
{0: [0], 1: [1], 2: [2], 3: [3], 4: [4]}
SCORE: 19.987

-------------------

/vˈɛrʲɛx/ - /ɐrʲˈex/
v_ɛ-ɐ / rʲ-rʲ / ɛ-e_ˈ / x-x
{0: [0, 1], 1: [2], 2: [3], 3: [4]}
{0: [0], 1: [1], 2: [2, 3], 3: [4]}
SCORE: 20.765

-------------------

/vˈɛsa/ - /ɐsˈa/
v_ɛ-ɐ / s-s / a-a / ∅-ˈ
{0: [0, 1], 1: [2], 2: [3], 3: None}
{0: [0], 1: [1], 2: [2], 3: [3]}
SCORE: 11.816

-------------------

/vˈɛsk/ - /vˈosk/
v-v / ɛ-o / ∅-ˈ / s-s / k-k
{0: [0], 1: [1], 2: None, 3: [2], 4: [3]}
{0: [0], 1: [1], 2: [2], 3: [3], 4: [4]}
SCORE: 19.616

-------------------

/vˈɛsɨm/ - /vˈosʲɪmʲ/
v-v / ɛ-o / ∅-ˈ / s-sʲ / ∅-ɪ / ɨ-∅ / m-mʲ
{0: [0], 1: [1], 2: None, 3: [2], 4: None, 5: [3], 6: [4]}
{0: [0], 1: [1], 2: [2], 3: [3], 4: [4], 5: None, 6: [5]}
SCORE: 5.516

-------------------

/wˈɔkɕ/ - /ɫˈokətʲ/
w-ɫ / ɔ-o / ∅-ˈ / k-k / ∅-ə / ɕ-tʲ
{0: [0], 1: [1], 2: None, 3: [2], 4: None, 5: [3]}
{0: [0], 1: [1], 2: [2], 3: [3], 4: [4], 5: [5]}
SCORE: 13.834

-------------------

/xˈɔdnɨ/ - /xɐɫˈodnɨj/
x-x / ∅-ɐ / ∅-ɫ / ɔ-o / ∅-ˈ / d-d / n-n / ɨ-ɨ_j
{0: [0], 1: None, 2: None, 3: [1], 4: None, 5: [2], 6: [3], 7: [4]}
{0: [0], 1: [1], 2: [2], 3: [3], 4: [4], 5: [5], 6: [6], 7: [7, 8]}
SCORE: 17.117

-------------------

/znˈaɕ/ - /znˈatʲ/
z-z / n-n / a-a / ∅-ˈ / ɕ-tʲ
{0: [0], 1: [1], 2: [2], 3: None, 4: [3]}
{0: [0], 1: [1], 2: [2], 3: [3], 4: [4]}
SCORE: 21.915

-------------------

/zvʲˈɪrʲe/ - /zvʲˈerʲ/
z-z / vʲ-vʲ / ɪ-e / ∅-ˈ / rʲ-rʲ / e-∅
{0: [0], 1: [1], 2: [2], 3: None, 4: [3], 5: [4]}
{0: [0], 1: [1], 2: [2], 3: [3], 4: [4], 5: None}
SCORE: 19.463

-------------------

/zˈelenɨ/ - /zʲɪlʲˈɵnɨj/
z-zʲ / e-ɪ / l-lʲ / ∅-ɵ / ∅-ˈ / e_n-n / ɨ-ɨ_j
{0: [0], 1: [1], 2: [2], 3: None, 4: None, 5: [3, 4], 6: [5]}
{0: [0], 1: [1], 2: [2], 3: [3], 4: [4], 5: [5], 6: [6, 7]}
SCORE: 18.53

-------------------

/zˈemʲa/ - /zʲɪmlʲˈa/
z-zʲ / e-ɪ / ∅-m / ∅-lʲ / mʲ-∅ / a-a / ∅-ˈ
{0: [0], 1: [1], 2: None, 3: None, 4: [2], 5: [3], 6: None}
{0: [0], 1: [1], 2: [2], 3: [3], 4: None, 5: [4], 6: [5]}
SCORE: 0.619

-------------------

/zˈub̥/ - /zˈub̥/
z-z / u-u / ∅-ˈ / b̥-b̥
{0: [0], 1: [1], 2: None, 3: [2]}
{0: [0], 1: [1], 2: [2], 3: [3]}
SCORE: 21.372

-------------------

/zˈɛlɛzɔ/ - /ʐɨlʲˈezə/
∅-ʐ / ∅-ɨ / z-∅ / ɛ-∅ / l-lʲ / ɛ-e_ˈ / z-z / ɔ_#>-ə_#>
{0: None, 1: None, 2: [0], 3: [1], 4: [2], 5: [3], 6: [4], 7: [5]}
{0: [0], 1: [1], 2: None, 3: None, 4: [2], 5: [3, 4], 6: [5], 7: [6]}
SCORE: 2.018

-------------------

/zˈɨma/ - /zʲɪmˈa/
z-zʲ / ∅-ɪ / ɨ-∅ / m-m / a-a / ∅-ˈ
{0: [0], 1: None, 2: [1], 3: [2], 4: [3], 5: None}
{0: [0], 1: [1], 2: None, 3: [2], 4: [3], 5: [4]}
SCORE: 8.069

-------------------

/ɕˈixɨ/ - /tʲˈixʲɪj/
<#_ɕ-<#_tʲ / i-i / ∅-ˈ / x-xʲ / ∅-ɪ / ɨ-j
{0: [0], 1: [1], 2: None, 3: [2], 4: None, 5: [3]}
{0: [0], 1: [1], 2: [2], 3: [3], 4: [4], 5: [5]}
SCORE: 18.913

-------------------

/ɕˈɔpwɨ/ - /tʲˈɵpɫɨj/
<#_ɕ-<#_tʲ / ɔ-ɵ_ˈ / p-p / w-ɫ / ɨ-ɨ_j
{0: [0], 1: [1], 2: [2], 3: [3], 4: [4]}
{0: [0], 1: [1, 2], 2: [3], 3: [4], 4: [5, 6]}
SCORE: 29.189

-------------------

/ɕˈɛlɛ/ - /tʲɪlʲˈa/
<#_ɕ-<#_tʲ / ɛ-ɪ / l-lʲ / ∅-a / ∅-ˈ / ɛ-∅
{0: [0], 1: [1], 2: [2], 3: None, 4: None, 5: [3]}
{0: [0], 1: [1], 2: [2], 3: [3], 4: [4], 5: None}
SCORE: 4.552

-------------------

/ɕˈɪlɔ/ - /tʲˈeɫə/
<#_ɕ-<#_tʲ / ɪ-e / ∅-ˈ / l-ɫ / ɔ_#>-ə_#>
{0: [0], 1: [1], 2: None, 3: [2], 4: [3]}
{0: [0], 1: [1], 2: [2], 3: [3], 4: [4]}
SCORE: 18.308

-------------------

/ɕˈɪʐ̊kʲi/ - /tʲˈaʐ̊kʲɪj/
<#_ɕ-<#_tʲ / ɪ-a / ∅-ˈ / ʐ̊-ʐ̊ / kʲ-kʲ / i-ɪ_j
{0: [0], 1: [1], 2: None, 3: [2], 4: [3], 5: [4]}
{0: [0], 1: [1], 2: [2], 3: [3], 4: [4], 5: [5, 6]}
SCORE: 27.214

-------------------

/ɡrˈɔd̥/ - /ɡˈorəd̥/
ɡ-ɡ / ∅-o / ∅-ˈ / r-r / ɔ-ə / d̥-d̥
{0: [0], 1: None, 2: None, 3: [1], 4: [2], 5: [3]}
{0: [0], 1: [1], 2: [2], 3: [3], 4: [4], 5: [5]}
SCORE: 18.018

-------------------

/ɡvʲˈɪzda/ - /zvʲɪzdˈa/
∅-z / ɡ-∅ / vʲ-vʲ / ɪ-ɪ / z-z / d-d / a-a / ∅-ˈ
{0: None, 1: [0], 2: [1], 3: [2], 4: [3], 5: [4], 6: [5], 7: None}
{0: [0], 1: None, 2: [1], 3: [2], 4: [3], 5: [4], 6: [5], 7: [6]}
SCORE: 16.643

-------------------

/ɡwˈad̥kʲi/ - /ɡɫˈad̥kʲɪj/
ɡ-ɡ / w-ɫ / a-a / ∅-ˈ / d̥-d̥ / kʲ-kʲ / i-ɪ_j
{0: [0], 1: [1], 2: [2], 3: None, 4: [3], 5: [4], 6: [5]}
{0: [0], 1: [1], 2: [2], 3: [3], 4: [4], 5: [5], 6: [6, 7]}
SCORE: 37.042

-------------------

/ɡwˈuxɨ/ - /ɡɫʊxˈoj/
ɡ-ɡ / w-ɫ / u-ʊ / x-x_o / ∅-ˈ / ɨ-j
{0: [0], 1: [1], 2: [2], 3: [3], 4: None, 5: [4]}
{0: [0], 1: [1], 2: [2], 3: [3, 4], 4: [5], 5: [6]}
SCORE: 25.268

-------------------

/ɡwˈɔs/ - /ɡˈoɫəs/
ɡ-ɡ / ∅-o / ∅-ˈ / w-ɫ / ɔ-ə / s_#>-s_#>
{0: [0], 1: None, 2: None, 3: [1], 4: [2], 5: [3]}
{0: [0], 1: [1], 2: [2], 3: [3], 4: [4], 5: [5]}
SCORE: 16.323

-------------------

/ɡwˈɔva/ - /ɡəɫɐvˈa/
ɡ-ɡ / ∅-ə / w-ɫ / ɔ-ɐ / v-v / a-a / ∅-ˈ
{0: [0], 1: None, 2: [1], 3: [2], 4: [3], 5: [4], 6: None}
{0: [0], 1: [1], 2: [2], 3: [3], 4: [4], 5: [5], 6: [6]}
SCORE: 19.173

-------------------

/ɡˈupɨ/ - /ɡɫˈupɨj/
ɡ-ɡ / ∅-ɫ / u-u / ∅-ˈ / p-p / ɨ-ɨ_j
{0: [0], 1: None, 2: [1], 3: None, 4: [2], 5: [3]}
{0: [0], 1: [1], 2: [2], 3: [3], 4: [4], 5: [5, 6]}
SCORE: 19.674

-------------------

/ɡˈus/ - /ɡˈusʲ/
ɡ-ɡ / u-u / ∅-ˈ / s-sʲ
{0: [0], 1: [1], 2: None, 3: [2]}
{0: [0], 1: [1], 2: [2], 3: [3]}
SCORE: 17.711

-------------------

/ɡˈɔwub̥/ - /ɡˈoɫʊb̥ʲ/
ɡ-ɡ / ɔ-o / ∅-ˈ / w-ɫ / u-ʊ / b̥-b̥ʲ
{0: [0], 1: [1], 2: None, 3: [2], 4: [3], 5: [4]}
{0: [0], 1: [1], 2: [2], 3: [3], 4: [4], 5: [5]}
SCORE: 26.291

-------------------

/ɡˈɛra/ - /ɡɐrˈa/
ɡ-ɡ / ɛ-ɐ / r-r / a-a / ∅-ˈ
{0: [0], 1: [1], 2: [2], 3: [3], 4: None}
{0: [0], 1: [1], 2: [2], 3: [3], 4: [4]}
SCORE: 20.023

-------------------

/ɡˈɛʑina/ - /ɡɐdʲˈinə/
ɡ-ɡ / ɛ-ɐ / ʑ-dʲ / i-i / ∅-ˈ / n-n / a-ə
{0: [0], 1: [1], 2: [2], 3: [3], 4: None, 5: [4], 6: [5]}
{0: [0], 1: [1], 2: [2], 3: [3], 4: [4], 5: [5], 6: [6]}
SCORE: 31.725

-------------------

/ɲɛvʲˈɛsta/ - /nʲɪvʲˈestə/
ɲ-nʲ / ɛ-ɪ / vʲ-vʲ / ɛ-e_ˈ / s-s / t-t / a-ə
{0: [0], 1: [1], 2: [2], 3: [3], 4: [4], 5: [5], 6: [6]}
{0: [0], 1: [1], 2: [2], 3: [3, 4], 4: [5], 5: [6], 6: [7]}
SCORE: 34.984

-------------------

/ʂˈesʨ/ - /ʂˈɛsʲtʲ/
∅-ʂ / ʂ-∅ / e-ɛ / ∅-ˈ / s-sʲ / ∅-tʲ / ʨ-∅
{0: None, 1: [0], 2: [1], 3: None, 4: [2], 5: None, 6: [3]}
{0: [0], 1: None, 2: [1], 3: [2], 4: [3], 5: [4], 6: None}
SCORE: -12.361

-------------------

/ʐˈɔna/ - /ʐɨnˈa/
ʐ-ʐ / ∅-ɨ / ɔ-∅ / n-n / a-a / ∅-ˈ
{0: [0], 1: None, 2: [1], 3: [2], 4: [3], 5: None}
{0: [0], 1: [1], 2: None, 3: [2], 4: [3], 5: [4]}
SCORE: 8.672

-------------------

/ʐˈɔwtɨ/ - /ʐˈoɫtɨj/
ʐ-ʐ / ɔ-o / ∅-ˈ / w-ɫ / t-t / ɨ-ɨ_j
{0: [0], 1: [1], 2: None, 3: [2], 4: [3], 5: [4]}
{0: [0], 1: [1], 2: [2], 3: [3], 4: [4], 5: [5, 6]}
SCORE: 26.515

-------------------

/ʐˈɨɕ/ - /ʐˈɨtʲ/
ʐ-ʐ / ɨ-ɨ / ∅-ˈ / ɕ-tʲ
{0: [0], 1: [1], 2: None, 3: [2]}
{0: [0], 1: [1], 2: [2], 3: [3]}
SCORE: 17.781

-------------------

/ʑˈaseɕ/ - /dʲˈesʲɪtʲ/
ʑ-dʲ / a-e_ˈ / s-sʲ / e_ɕ-ɪ_tʲ
{0: [0], 1: [1], 2: [2], 3: [3, 4]}
{0: [0], 1: [1, 2], 2: [3], 3: [4, 5]}
SCORE: 27.581

-------------------

/ʑˈevʲeɕ/ - /dʲˈevʲɪtʲ/
ʑ-dʲ / e-e / ∅-ˈ / vʲ-vʲ / e_ɕ-ɪ_tʲ
{0: [0], 1: [1], 2: None, 3: [2], 4: [3, 4]}
{0: [0], 1: [1], 2: [2], 3: [3], 4: [4, 5]}
SCORE: 26.768

-------------------

/ʑˈeɲ/ - /dʲˈenʲ/
ʑ-dʲ / e-e / ∅-ˈ / ɲ-nʲ
{0: [0], 1: [1], 2: None, 3: [2]}
{0: [0], 1: [1], 2: [2], 3: [3]}
SCORE: 18.089

-------------------

/ʒˈɨvɨ/ - /ʐɨvˈoj/
ʒ-ʐ / ɨ-ɨ / v-v / ∅-o / ∅-ˈ / ɨ-j
{0: [0], 1: [1], 2: [2], 3: None, 4: None, 5: [3]}
{0: [0], 1: [1], 2: [2], 3: [3], 4: [4], 5: [5]}
SCORE: 17.9

-------------------

/ʦwˈɔvʲek/ - /ʨɪɫɐvʲˈek/
ʦ-ʨ / ∅-ɪ / w-ɫ / ɔ-ɐ / vʲ-vʲ / e-e / ∅-ˈ / k-k
{0: [0], 1: None, 2: [1], 3: [2], 4: [3], 5: [4], 6: None, 7: [5]}
{0: [0], 1: [1], 2: [2], 3: [3], 4: [4], 5: [5], 6: [6], 7: [7]}
SCORE: 24.787

-------------------

/ʦˈarnɨ/ - /ʨˈɵrnɨj/
ʦ-ʨ / a-ɵ_ˈ / r-r / n-n / ɨ-ɨ_j
{0: [0], 1: [1], 2: [2], 3: [3], 4: [4]}
{0: [0], 1: [1, 2], 2: [3], 3: [4], 4: [5, 6]}
SCORE: 28.318

-------------------

/ʦˈɔwa/ - /pʨɪɫˈa/
∅-p / ʦ-ʨ / ɔ-ɪ / w-ɫ / a-a / ∅-ˈ
{0: None, 1: [0], 2: [1], 3: [2], 4: [3], 5: None}
{0: [0], 1: [1], 2: [2], 3: [3], 4: [4], 5: [5]}
SCORE: 11.518

-------------------

/ʦˈɛwɨ/ - /ʦˈɛɫɨj/
ʦ-ʦ / ɛ-ɛ / ∅-ˈ / w-ɫ / ɨ-ɨ_j
{0: [0], 1: [1], 2: None, 3: [2], 4: [3]}
{0: [0], 1: [1], 2: [2], 3: [3], 4: [4, 5]}
SCORE: 15.63

-------------------

/ˈuxɔ/ - /ˈuxə/
u-u / ∅-ˈ / x-x / ɔ_#>-ə_#>
{0: [0], 1: None, 2: [1], 3: [2]}
{0: [0], 1: [1], 2: [2], 3: [3]}
SCORE: 17.392

-------------------

/ˈɔw/ - /vˈoɫ/
<#-<#_v / ɔ-o / ∅-ˈ / w_#>-ɫ_#>
{0: None, 1: [0], 2: None, 3: [1]}
{0: [0], 1: [1], 2: [2], 3: [3]}
SCORE: 9.515

-------------------

/ˈɔɡʲɛɲ/ - /ɐɡˈonʲ/
ɔ-ɐ / ɡʲ-ɡ / ɛ-o / ∅-ˈ / ɲ-nʲ
{0: [0], 1: [1], 2: [2], 3: None, 4: [3]}
{0: [0], 1: [1], 2: [2], 3: [3], 4: [4]}
SCORE: 15.801
