/bɫˈudən/ - /blˈøːðɑ/
[2/3] b-b / ɫ-l / ˈu-ˈøː / d-ð / ə-ɑ / n_#>-#>
[1/3] b-b / ɫ-l / ˈu-ˈøː / d-ð / ə-ɑ / n-∅

-------------------

/bɫˈum/ - /blˈɔːm/
[5/5] b-b / ɫ-l / ˈu-ˈɔː / m-m

-------------------

/bɫˈut/ - /blˈoːð/
[4/4] b-b / ɫ-l / ˈu-ˈoː / t-ð

-------------------

/bɫˈɑt/ - /blˈɑð/
[5/5] b-b / ɫ-l / ˈɑ-ˈɑ / t-ð

-------------------

/bɾˈoːt/ - /brˈɑu̯ð/
[4/4] b-b / ɾ-r / ˈoː-ˈɑu̯ / t-ð

-------------------

/bɾˈudəɾ/ - /brˈoːðir/
[5/5] b-b / ɾ-r / ˈu-ˈoː / d-ð / ə-i / ɾ-r

-------------------

/bɾˈʏχ/ - /brˈyɟːɑ/
[3/5] b-b / ɾ-r / ˈʏ-ˈy / χ-ɟː / #>-ɑ_#>
[2/5] b-b / ɾ-r / ˈʏ-ˈy / χ-ɟː / ∅-ɑ

-------------------

/bˈeːn/ - /bˈɛi̯n/
[3/3] b-b / ˈeː-ˈɛi̯ / n-n

-------------------

/bˈeːtəɾ/ - /bˈɛtri/
[5/5] b-b / ˈeː-ˈɛ / t-t / ∅-r / ə-i / ɾ-∅

-------------------

/bˈeːɾ/ - /bjˈɔrn/
[3/5] b-b / ˈeː-j / ∅-ˈɔ / ɾ-r / #>-n_#>
[1/5] b-b / ∅-j / ˈeː-ˈɔ / ɾ-r / ∅-n
[1/5] b-b / ˈeː-j_ˈɔ / ɾ-r / ∅-n

-------------------

/bˈidən/ - /bjˈoːðɑ/
[2/5] b-b / ∅-j / ˈi-ˈoː / d-ð / ə-ɑ / n_#>-#>
[2/5] b-b / ∅-j / ˈi-ˈoː / d-ð / ə-ɑ / n-∅
[1/5] b-b / ˈi-j_ˈoː / d-ð / ə-ɑ / n_#>-#>

-------------------

/bˈoːm/ - /bˈɑðmr/
[3/3] b-b / ˈoː-ˈɑ / ∅-ð / m-m / ∅-r

-------------------

/bˈoːt/ - /bˈɑːtr/
[4/4] b-b / ˈoː-ˈɑː / t-t / ∅-r

-------------------

/bˈuk/ - /bˈoːk/
[2/2] b-b / ˈu-ˈoː / k-k

-------------------

/bˈɑt/ - /bˈɑð/
[5/5] b-b / ˈɑ-ˈɑ / t-ð

-------------------

/bˈɔɾst/ - /brjˈɒu̯st/
[3/3] b-b / ∅-r / ˈɔ-j / ɾ-ˈɒu̯ / s-s / t-t

-------------------

/bˈɛi̯/ - /bˈyː/
[2/2] b-b / ˈɛi̯-ˈyː

-------------------

/bˈɛi̯tən/ - /bˈiːtɑ/
[2/4] b-b / ˈɛi̯-ˈiː / t-t / ə-ɑ / n_#>-#>
[2/4] b-b / ˈɛi̯-ˈiː / t-t / ə-ɑ / n-∅

-------------------

/bˈɛɾχ/ - /bjˈɑrɣ/
[2/3] b-b / ˈɛ-j_ˈɑ / ɾ-r / χ-ɣ
[1/3] b-b / ∅-j / ˈɛ-ˈɑ / ɾ-r / χ-ɣ

-------------------

/bˈɛɾχ/ - /bˈɛrɣ/
[2/2] b-b / ˈɛ-ˈɛ / ɾ-r / χ-ɣ

-------------------

/bˈɪdən/ - /bˈiðjɑ/
[2/4] b-b / ˈɪ-ˈi / d-ð / ∅-j / ə-ɑ / n-∅
[2/4] b-b / ˈɪ-ˈi / d-ð / ə-j_ɑ / n_#>-#>

-------------------

/bˈɪndən/ - /bˈindɑ/
[3/5] b-b / ˈɪ-ˈi / n-n / d-d / ə-ɑ / n_#>-#>
[2/5] b-b / ˈɪ-ˈi / n-n / d-d / ə-ɑ / n-∅

-------------------

/dɾˈi/ - /θrˈiːr/
[3/3] d-θ / ɾ-r / ˈi-ˈiː / ∅-r

-------------------

/dɾˈoːm/ - /drˈɑu̯mr/
[2/2] d-d / ɾ-r / ˈoː-ˈɑu̯ / m-m / ∅-r

-------------------

/dɾˈoːmən/ - /drˈøy̯ma/
[2/4] d-d / ɾ-r / ˈoː-ˈøy̯ / m-m / ə-a / n_#>-#>
[2/4] d-d / ɾ-r / ˈoː-ˈøy̯ / m-m / ə-a / n-∅

-------------------

/dɾˈoːχ/ - /θˈurː/
[1/1] d-θ / ∅-ˈu / ɾ-rː / ˈoː-∅ / χ-∅

-------------------

/dɾˈɛi̯vən/ - /drˈiːva/
[2/3] d-d / ɾ-r / ˈɛi̯-ˈiː / v-v / ə-a / n_#>-#>
[1/3] d-d / ɾ-r / ˈɛi̯-ˈiː / v-v / ə-a / n-∅

-------------------

/dɾˈɪŋkən/ - /drˈekːɑ/
[1/1] d-d / ɾ-r / ˈɪ-ˈe / ŋ_k-kː / ə-ɑ / n_#>-#>

-------------------

/dɾˈʏkən/ - /θrˈycːa/
[2/4] d-θ / ɾ-r / ˈʏ-ˈy / k-cː / ə-a / n_#>-#>
[2/4] d-θ / ɾ-r / ˈʏ-ˈy / k-cː / ə-a / n-∅

-------------------

/dʋˈɛɾχ/ - /dvˈerɣr/
[4/4] d-d / ʋ-v / ˈɛ-ˈe / ɾ-r / χ-ɣ / ∅-r

-------------------

/dˈif/ - /θjˈoːvr/
[4/5] d-θ / ∅-j / ˈi-ˈoː / f-v / ∅-r
[1/5] d-θ / ˈi-j_ˈoː / f-v / ∅-r

-------------------

/dˈip/ - /djˈuːpr/
[4/5] d-d / ˈi-j / ∅-ˈuː / p-p / ∅-r
[1/5] d-d / ˈi-j_ˈuː / p-p / ∅-r

-------------------

/dˈiɾ/ - /dˈyːr/
[4/4] d-d / ˈi-ˈyː / ɾ-r

-------------------

/dˈoːdəɫək/ - /dˈɒu̯ðliɡr/
[2/4] d-d / ˈoː-ˈɒu̯ / d-ð / ə_ɫ-l / ə-i / k-ɡ / ∅-r
[2/4] d-d / ˈoː-ˈɒu̯ / d-ð / ə-∅ / ɫ-l / ə-i / k-ɡ / ∅-r

-------------------

/dˈoːt/ - /dˈɒu̯ðr/
[1/1] d-d / ˈoː-ˈɒu̯ / t-ð / ∅-r

-------------------

/dˈoːɾn/ - /θˈyrnir/
[3/3] d-θ / ˈoː-ˈy / ɾ-r / n-n / ∅-i / ∅-r

-------------------

/dˈyːɾ/ - /dˈyːrː/
[3/3] d-d / ˈyː-ˈyː / ɾ-rː

-------------------

/dˈœy̯f/ - /dˈuːvɑ/
[3/4] d-d / ˈœy̯-ˈuː / f-v / #>-ɑ_#>
[1/4] d-d / ˈœy̯-ˈuː / f-v / ∅-ɑ

-------------------

/dˈœy̯ts/ - /θˈyːʦkr/
[3/3] d-θ / ˈœy̯-ˈyː / t-ʦ / s-k / ∅-r

-------------------

/dˈœy̯zənt/ - /θˈuːsund/
[4/4] d-θ / ˈœy̯-ˈuː / z-s / ə-u / n-n / t-d

-------------------

/dˈɑŋkən/ - /θˈɑkːɑ/
[2/5] d-θ / ˈɑ-ˈɑ / ŋ-∅ / k-kː / ə-ɑ / n_#>-#>
[2/5] d-θ / ˈɑ-ˈɑ / ŋ-∅ / k-kː / ə-ɑ / n-∅
[1/5] d-θ / ˈɑ-ˈɑ / ŋ_k-kː / ə-ɑ / n_#>-#>

-------------------

/dˈɑχ/ - /dˈɑɣr/
[4/4] d-d / ˈɑ-ˈɑ / χ-ɣ / ∅-r

-------------------

/dˈɔɾ/ - /θˈurː/
[4/4] d-θ / ˈɔ-ˈu / ɾ-rː

-------------------

/dˈɔχtəɾ/ - /dˈoːtːir/
[3/5] d-d / ˈɔ-ˈoː / χ-tː / t-∅ / ə-i / ɾ-r
[1/5] d-d / ˈɔ-ˈoː / χ_t-tː / ə-i / ɾ-r
[1/5] d-d / ˈɔ-ˈoː / χ-∅ / t-tː / ə-i / ɾ-r

-------------------

/dˈɛɾtin/ - /θrˈetːɑːn/
[5/5] d-θ / ∅-r / ˈɛ-ˈe / ɾ-∅ / t-tː / i-ɑː / n-n

-------------------

/dˈɪk/ - /θˈykːr/
[5/5] d-θ / ˈɪ-ˈy / k-kː / ∅-r

-------------------

/dˈɪŋ/ - /θˈiŋɡ/
[3/5] d-θ / ˈɪ-ˈi / ŋ-ŋ / ∅-ɡ
[2/5] d-θ / ˈɪ-ˈi / ŋ-ŋ / #>-ɡ_#>

-------------------

/dˈʏn/ - /θˈunːr/
[5/5] d-θ / ˈʏ-ˈu / n-nː / ∅-r

-------------------

/jˈaːɾ/ - /ˈɑːr/
[3/5] j-∅ / ˈaː-ˈɑː / ɾ-r
[2/5] j-ˈɑː / ˈaː-∅ / ɾ-r

-------------------

/jˈɔŋ/ - /ˈuŋɡr/
[4/4] j-∅ / ˈɔ-ˈu / ŋ-ŋ / ∅-ɡ / ∅-r

-------------------

/jˈɛi̯/ - /ˈeːr/
[2/3] j-ˈeː / ˈɛi̯-∅ / ∅-r
[1/3] j-ˈeː / ˈɛi̯-r

-------------------

/knˈi/ - /kʰnˈeː/
[5/5] k-kʰ / n-n / ˈi-ˈeː

-------------------

/kˈoːnɪŋ/ - /kʰˈonuŋɡr/
[4/4] k-kʰ / ˈoː-ˈo / n-n / ɪ-u / ŋ-ŋ / ∅-ɡ / ∅-r

-------------------

/kˈoːɾən/ - /kʰˈorn/
[4/4] k-kʰ / ˈoː-ˈo / ɾ-r / ə-∅ / n-n

-------------------

/kˈu/ - /cʰˈyːr/
[3/3] k-cʰ / ˈu-ˈyː / ∅-r

-------------------

/kˈœy̯kən/ - /cʰˈykliŋɡr/
[2/2] k-cʰ / ˈœy̯-ˈy / k-k / ∅-l / ə-i / n-ŋ / ∅-ɡ / ∅-r

-------------------

/kˈɑu̯t/ - /kʰˈɑldr/
[5/5] k-kʰ / ˈɑu̯-ˈɑ / ∅-l / t-d / ∅-r

-------------------

/kˈɑɫf/ - /kʰˈɑlvr/
[4/4] k-kʰ / ˈɑ-ˈɑ / ɫ-l / f-v / ∅-r

-------------------

/kˈɔp/ - /hˈɔvuð/
[1/1] k-h / ˈɔ-ˈɔ / p-v / ∅-u / ∅-ð

-------------------

/kˈʏnən/ - /kʰˈunːɑ/
[1/2] k-kʰ / ˈʏ-ˈu / n-nː / ə-ɑ / n_#>-#>
[1/2] k-kʰ / ˈʏ-ˈu / n-nː / ə-ɑ / n-∅

-------------------

/mˈaːn/ - /mˈɑːni/
[3/5] m-m / ˈaː-ˈɑː / n-n / #>-i_#>
[2/5] m-m / ˈaː-ˈɑː / n-n / ∅-i

-------------------

/mˈaːnt/ - /mˈɑːnɑðr/
[5/5] m-m / ˈaː-ˈɑː / n-n / ∅-ɑ / t-ð / ∅-r

-------------------

/mˈeːɾ/ - /mˈɑrː/
[5/5] m-m / ˈeː-ˈɑ / ɾ-rː

-------------------

/mˈudəɾ/ - /mˈoːðir/
[4/4] m-m / ˈu-ˈoː / d-ð / ə-i / ɾ-r

-------------------

/mˈœy̯s/ - /mˈuːs/
[4/4] m-m / ˈœy̯-ˈuː / s-s

-------------------

/mˈɑn/ - /mˈaðr/
[4/5] m-m / ˈɑ-ˈa / ∅-ð / n-r
[1/5] m-m / ˈɑ-ˈa / n-∅ / ∅-ð / ∅-r

-------------------

/mˈɑnən/ - /mˈɛnː/
[3/4] m-m / ˈɑ-ˈɛ / n-∅ / ə-∅ / n-nː
[1/4] m-m / ˈɑ-ˈɛ / n-nː / ə-∅ / n_#>-#>

-------------------

/mˈɑχt/ - /mˈɑːtːr/
[1/3] m-m / ˈɑ-ˈɑː / χ_t-tː / ∅-r
[1/3] m-m / ˈɑ-ˈɑː / χ-∅ / t-tː / ∅-r
[1/3] m-m / ˈɑ-ˈɑː / χ-tː / t-∅ / ∅-r

-------------------

/mˈɔnt/ - /mˈunːr/
[4/4] m-m / ˈɔ-ˈu / n-nː / t-∅ / ∅-r

-------------------

/mˈɛi̯/ - /mˈik/
[4/4] m-m / ˈɛi̯-ˈi / ∅-k

-------------------

/mˈɛɫk/ - /mjˈɔlk/
[3/5] m-m / ∅-j / ˈɛ-ˈɔ / ɫ-l / k-k
[2/5] m-m / ˈɛ-j / ∅-ˈɔ / ɫ-l / k-k

-------------------

/nˈaːkt/ - /nˈɑcinː/
[1/1] n-n / ˈaː-ˈɑ / k-c / ∅-i / t-nː

-------------------

/nˈaːkt/ - /nˈɔkːviðr/
[4/4] n-n / ˈaː-ˈɔ / k-kː / ∅-v / ∅-i / t-ð / ∅-r

-------------------

/nˈaːm/ - /nˈɑvn/
[5/5] n-n / ˈaː-ˈɑ / ∅-v / m-n

-------------------

/nˈaːɫt/ - /nˈɑːl/
[5/5] n-n / ˈaː-ˈɑː / ɫ-l / t-∅

-------------------

/nˈaːχəɫ/ - /nˈɑɣl/
[2/3] n-n / ˈaː-ˈɑ / χ-ɣ / ə-∅ / ɫ-l
[1/3] n-n / ˈaː-ˈɑ / χ-ɣ / ə_ɫ-l

-------------------

/nˈeːχən/ - /nˈiːu/
[2/4] n-n / ˈeː-ˈiː / χ-∅ / ə-u / n_#>-#>
[2/4] n-n / ˈeː-ˈiː / χ-∅ / ə-u / n-∅

-------------------

/nˈiw/ - /nˈyːr/
[2/3] n-n / ˈi-ˈyː / w-r
[1/3] n-n / ˈi-∅ / w-ˈyː / ∅-r

-------------------

/nˈoːɾt/ - /nˈorðr/
[5/5] n-n / ˈoː-ˈo / ɾ-r / t-ð / ∅-r

-------------------

/nˈøːs/ - /nˈɛv/
[5/5] n-n / ˈøː-ˈɛ / s-v

-------------------

/nˈɑχt/ - /nˈɑːtː/
[1/2] n-n / ˈɑ-ˈɑː / χ_t-tː
[1/2] n-n / ˈɑ-ˈɑː / χ-∅ / t-tː

-------------------

/snˈeːw/ - /snjˈoːr/
[1/1] s-s / n-n / ˈeː-j / w-ˈoː / ∅-r

-------------------

/snˈeːw/ - /snˈɛːr/
[4/4] s-s / n-n / ˈeː-ˈɛː / w-r

-------------------

/stˈeːn/ - /stˈɛi̯nː/
[4/4] s-s / t-t / ˈeː-ˈɛi̯ / n-nː

-------------------

/stˈuɫ/ - /stˈoːlː/
[3/3] s-s / t-t / ˈu-ˈoː / ɫ-lː

-------------------

/stˈɔɾm/ - /stˈormr/
[3/3] s-s / t-t / ˈɔ-ˈo / ɾ-r / m-m / ∅-r

-------------------

/stˈɛɾ/ - /stjˈɑrnɑ/
[1/4] s-s / t-t / ∅-j / ˈɛ-ˈɑ / ɾ-r / ∅-n / ∅-ɑ
[1/4] s-s / t-t / ∅-j / ˈɛ-ˈɑ / ɾ-r / ∅-n / #>-ɑ_#>
[1/4] s-s / t-t / ˈɛ-j_ˈɑ / ɾ-r / ∅-n / ∅-ɑ
[1/4] s-s / t-t / ˈɛ-j_ˈɑ / ɾ-r / ∅-n / #>-ɑ_#>

-------------------

/sɫˈaːn/ - /slˈɑː/
[2/4] s-s / ɫ-l / ˈaː-ˈɑː / n_#>-#>
[2/4] s-s / ɫ-l / ˈaː-ˈɑː / n-∅

-------------------

/sɫˈaːpən/ - /sˈovɑ/
[2/4] s-s / ɫ-∅ / ˈaː-ˈo / p-v / ə-ɑ / n_#>-#>
[2/4] s-s / ɫ-∅ / ˈaː-ˈo / p-v / ə-ɑ / n-∅

-------------------

/sχˈitən/ - /scˈoːtɑ/
[3/5] s-s / χ-c / ˈi-ˈoː / t-t / ə-ɑ / n_#>-#>
[2/5] s-s / χ-c / ˈi-ˈoː / t-t / ə-ɑ / n-∅

-------------------

/sχˈɛi̯t/ - /scˈiːtr/
[3/3] s-s / χ-c / ˈɛi̯-ˈiː / t-t / ∅-r

-------------------

/sχˈɛɾp/ - /skˈɑrpr/
[3/3] s-s / χ-k / ˈɛ-ˈɑ / ɾ-r / p-p / ∅-r

-------------------

/sχˈɪp/ - /scˈip/
[3/3] s-s / χ-c / ˈɪ-ˈi / p-p

-------------------

/sχˈɪɫt/ - /scˈɔldr/
[4/4] s-s / χ-c / ˈɪ-ˈɔ / ɫ-l / t-d / ∅-r

-------------------

/tʋˈaːɫəf/ - /tʰˈolv/
[2/3] t-tʰ / ʋ-∅ / ˈaː-ˈo / ɫ-l / ə-∅ / f-v
[1/3] t-tʰ / ʋ-ˈo / ˈaː-∅ / ɫ-l / ə-∅ / f-v

-------------------

/tʋˈeː/ - /tʰvˈɛi̯r/
[3/3] t-tʰ / ʋ-v / ˈeː-ˈɛi̯ / ∅-r

-------------------

/tʋˈɪntəχ/ - /tʰˈutːuɣu/
[2/4] t-tʰ / ʋ-ˈu / ˈɪ-∅ / n-∅ / t-tː / ə-u / χ-ɣ / ∅-u
[2/4] t-tʰ / ʋ-ˈu / ˈɪ-∅ / n-∅ / t-tː / ə-u / χ-ɣ / #>-u_#>

-------------------

/tˈeːn/ - /tʰˈɑː/
[3/4] t-tʰ / ˈeː-ˈɑː / n_#>-#>
[1/4] t-tʰ / ˈeː-ˈɑː / n-∅

-------------------

/tˈin/ - /tʰˈiːu/
[5/5] t-tʰ / ˈi-ˈiː / n-u

-------------------

/tˈɑnt/ - /tʰˈɔnː/
[3/3] t-tʰ / ˈɑ-ˈɔ / n-nː / t-∅

-------------------

/tˈɔŋ/ - /tʰˈuŋɡɑ/
[3/5] t-tʰ / ˈɔ-ˈu / ŋ-ŋ / ∅-ɡ / #>-ɑ_#>
[2/5] t-tʰ / ˈɔ-ˈu / ŋ-ŋ / ∅-ɡ / ∅-ɑ

-------------------

/tˈɛi̯t/ - /tʰˈiːð/
[4/4] t-tʰ / ˈɛi̯-ˈiː / t-ð

-------------------

/vɫˈiχ/ - /flˈuɣɑ/
[3/4] v-f / ɫ-l / ˈi-ˈu / χ-ɣ / #>-ɑ_#>
[1/4] v-f / ɫ-l / ˈi-ˈu / χ-ɣ / ∅-ɑ

-------------------

/vɫˈiχən/ - /fljˈuːɣɑ/
[2/3] v-f / ɫ-l / ˈi-j / ∅-ˈuː / χ-ɣ / ə-ɑ / n-∅
[1/3] v-f / ɫ-l / ˈi-j / ∅-ˈuː / χ-ɣ / ə-ɑ / n_#>-#>

-------------------

/vɾˈint/ - /frˈɛndi/
[3/5] v-f / ɾ-r / ˈi-ˈɛ / n-n / t-d / #>-i_#>
[2/5] v-f / ɾ-r / ˈi-ˈɛ / n-n / t-d / ∅-i

-------------------

/vɾˈizən/ - /frjˈoːsɑ/
[2/4] v-f / ɾ-r / ∅-j / ˈi-ˈoː / z-s / ə-ɑ / n_#>-#>
[2/4] v-f / ɾ-r / ∅-j / ˈi-ˈoː / z-s / ə-ɑ / n-∅

-------------------

/vɾˈɑu̯/ - /kʰˈoːna/
[2/3] v-kʰ / ∅-ˈoː / ɾ-n / ˈɑu̯-a
[1/3] v-kʰ / ɾ-ˈoː / ∅-n / ˈɑu̯-a

-------------------

/vˈaːdəɾ/ - /fˈɑðir/
[4/4] v-f / ˈaː-ˈɑ / d-ð / ə-i / ɾ-r

-------------------

/vˈeːɾ/ - /fjˈɔðr/
[3/5] v-f / ˈeː-j / ∅-ˈɔ / ∅-ð / ɾ-r
[1/5] v-f / ∅-j / ˈeː-ˈɔ / ∅-ð / ɾ-r
[1/5] v-f / ˈeː-j_ˈɔ / ∅-ð / ɾ-r

-------------------

/vˈiɾ/ - /fjˈoːrir/
[4/4] v-f / ∅-j / ˈi-ˈoː / ɾ-r / ∅-i / ∅-r

-------------------

/vˈoːɾ/ - /fˈyrir/
[2/2] v-f / ˈoː-ˈy / ɾ-r / ∅-i / ∅-r

-------------------

/vˈoːχəɫ/ - /fˈoɣl/
[3/5] v-f / ˈoː-ˈo / χ-ɣ / ə_ɫ-l
[2/5] v-f / ˈoː-ˈo / χ-ɣ / ə-∅ / ɫ-l

-------------------

/vˈut/ - /fˈoːtr/
[4/4] v-f / ˈu-ˈoː / t-t / ∅-r

-------------------

/vˈutən/ - /fˈøːtr/
[2/3] v-f / ˈu-ˈøː / t-t / ə-∅ / n-r
[1/3] v-f / ˈu-ˈøː / t-t / ə-r / n_#>-#>

-------------------

/vˈyːɾ/ - /fˈuːrː/
[4/4] v-f / ˈyː-ˈuː / ɾ-rː

-------------------

/vˈyːɾ/ - /fˈyːr/
[1/1] v-f / ˈyː-ˈyː / ɾ-r

-------------------

/vˈɔɫ/ - /fˈulːr/
[5/5] v-f / ˈɔ-ˈu / ɫ-lː / ∅-r

-------------------

/vˈɔɫk/ - /fˈolk/
[5/5] v-f / ˈɔ-ˈo / ɫ-l / k-k

-------------------

/vˈɔɫχən/ - /fˈylɟa/
[2/3] v-f / ˈɔ-ˈy / ɫ-l / χ-ɟ / ə-a / n_#>-#>
[1/3] v-f / ˈɔ-ˈy / ɫ-l / χ-ɟ / ə-a / n-∅

-------------------

/vˈɛi̯f/ - /fˈimː/
[4/4] v-f / ˈɛi̯-ˈi / f-mː

-------------------

/vˈɛɾs/ - /fˈerskr/
[3/3] v-f / ˈɛ-ˈe / ɾ-r / s-s / ∅-k / ∅-r

-------------------

/vˈɪndən/ - /fˈinːa/
[3/3] v-f / ˈɪ-ˈi / n-nː / d-∅ / ə-a / n_#>-#>

-------------------

/vˈɪs/ - /fˈiskr/
[5/5] v-f / ˈɪ-ˈi / s-s / ∅-k / ∅-r

-------------------

/vˈɪŋəɾ/ - /fˈiŋɡr/
[5/5] v-f / ˈɪ-ˈi / ŋ-ŋ / ə-∅ / ∅-ɡ / ɾ-r

-------------------

/zʋˈaːɾt/ - /svˈerð/
[5/5] z-s / ʋ-v / ˈaː-ˈe / ɾ-r / t-ð

-------------------

/zʋˈɑɾt/ - /svˈɑrtr/
[4/4] z-s / ʋ-v / ˈɑ-ˈɑ / ɾ-r / t-t / ∅-r

-------------------

/zʋˈɛi̯n/ - /svˈiːn/
[5/5] z-s / ʋ-v / ˈɛi̯-ˈiː / n-n

-------------------

/zʋˈɛmən/ - /svˈimːɑ/
[2/3] z-s / ʋ-v / ˈɛ-ˈi / m-mː / ə-ɑ / n_#>-#>
[1/3] z-s / ʋ-v / ˈɛ-ˈi / m-mː / ə-ɑ / n-∅

-------------------

/zˈeː/ - /sjˈoːr/
[1/1] z-s / ˈeː-j / ∅-ˈoː / ∅-r

-------------------

/zˈeː/ - /sˈɛːr/
[4/4] z-s / ˈeː-ˈɛː / ∅-r

-------------------

/zˈeːvən/ - /sjˈɑu̯/
[2/4] z-s / ˈeː-j / v-∅ / ə-ˈɑu̯ / n_#>-#>
[2/4] z-s / ˈeː-j / v-∅ / ə-ˈɑu̯ / n-∅

-------------------

/zˈik/ - /sjˈuːkr/
[3/4] z-s / ˈi-j / ∅-ˈuː / k-k / ∅-r
[1/4] z-s / ˈi-j_ˈuː / k-k / ∅-r

-------------------

/zˈin/ - /sjˈɑː/
[3/4] z-s / ˈi-j / n-∅ / ∅-ˈɑː
[1/4] z-s / ∅-j / ˈi-ˈɑː / n_#>-#>

-------------------

/zˈiɫ/ - /sˈɑːl/
[5/5] z-s / ˈi-ˈɑː / ɫ-l

-------------------

/zˈoːn/ - /sˈonr/
[5/5] z-s / ˈoː-ˈo / n-n / ∅-r

-------------------

/zˈukən/ - /sˈøːcɑ/
[1/2] z-s / ˈu-ˈøː / k-c / ə-ɑ / n_#>-#>
[1/2] z-s / ˈu-ˈøː / k-c / ə-ɑ / n-∅

-------------------

/zˈut/ - /sˈøːtr/
[2/2] z-s / ˈu-ˈøː / t-t / ∅-r

-------------------

/zˈyːɾ/ - /sˈuːrː/
[4/4] z-s / ˈyː-ˈuː / ɾ-rː

-------------------

/zˈœy̯χən/ - /sˈuːɡɑ/
[2/4] z-s / ˈœy̯-ˈuː / χ-ɡ / ə-ɑ / n_#>-#>
[2/4] z-s / ˈœy̯-ˈuː / χ-ɡ / ə-ɑ / n-∅

-------------------

/zˈɑnt/ - /sˈɑndr/
[3/3] z-s / ˈɑ-ˈɑ / n-n / t-d / ∅-r

-------------------

/zˈɑu̯t/ - /sˈɑlt/
[4/4] z-s / ˈɑu̯-ˈɑ / ∅-l / t-t

-------------------

/zˈɛi̯də/ - /sˈiːðɑ/
[4/4] z-s / ˈɛi̯-ˈiː / d-ð / ə-ɑ

-------------------

/zˈɛs/ - /sˈeks/
[2/4] z-s / ˈɛ-ˈe / ∅-k / s-s
[2/4] z-s / ˈɛ-ˈe / s-k_s

-------------------

/zˈɛɫf/ - /sjˈɑlvr/
[2/4] z-s / ∅-j / ˈɛ-ˈɑ / ɫ-l / f-v / ∅-r
[2/4] z-s / ˈɛ-j_ˈɑ / ɫ-l / f-v / ∅-r

-------------------

/zˈɛχən/ - /sˈeʝːɑ/
[2/3] z-s / ˈɛ-ˈe / χ-ʝː / ə-ɑ / n-∅
[1/3] z-s / ˈɛ-ˈe / χ-ʝː / ə-ɑ / n_#>-#>

-------------------

/zˈɪtən/ - /sˈitjɑ/
[3/4] z-s / ˈɪ-ˈi / t-t / ə-j_ɑ / n_#>-#>
[1/4] z-s / ˈɪ-ˈi / t-t / ∅-j / ə-ɑ / n-∅

-------------------

/zˈɪŋən/ - /sˈyŋɟɑ/
[3/4] z-s / ˈɪ-ˈy / ŋ-ŋ / ∅-ɟ / ə-ɑ / n_#>-#>
[1/4] z-s / ˈɪ-ˈy / ŋ-ŋ / ∅-ɟ / ə-ɑ / n-∅

-------------------

/zˈʏstəɾ/ - /sˈystir/
[5/5] z-s / ˈʏ-ˈy / s-s / t-t / ə-i / ɾ-r

-------------------

/ɦˈaːs/ - /hˈeri/
[2/4] ɦ-h / ˈaː-ˈe / s-∅ / ∅-r / ∅-i
[2/4] ɦ-h / ˈaː-ˈe / s-∅ / ∅-r / #>-i_#>

-------------------

/ɦˈaːɾ/ - /hˈɑːr/
[4/4] ɦ-h / ˈaː-ˈɑː / ɾ-r

-------------------

/ɦˈeːm/ - /hˈɛi̯mr/
[5/5] ɦ-h / ˈeː-ˈɛi̯ / m-m / ∅-r

-------------------

/ɦˈeːt/ - /hˈɛi̯tr/
[5/5] ɦ-h / ˈeː-ˈɛi̯ / t-t / ∅-r

-------------------

/ɦˈiɾ/ - /hˈeːr/
[3/3] ɦ-h / ˈi-ˈeː / ɾ-r

-------------------

/ɦˈoːft/ - /hˈɔvuð/
[3/3] ɦ-h / ˈoː-ˈɔ / f-v / ∅-u / t-ð

-------------------

/ɦˈoːnɪŋ/ - /hˈunɑŋɡ/
[2/4] ɦ-h / ˈoː-ˈu / n-n / ɪ-ɑ / ŋ-ŋ / ∅-ɡ
[2/4] ɦ-h / ˈoː-ˈu / n-n / ɪ-ɑ / ŋ-ŋ / #>-ɡ_#>

-------------------

/ɦˈoːɾn/ - /hˈorn/
[3/3] ɦ-h / ˈoː-ˈo / ɾ-r / n-n

-------------------

/ɦˈoːɾən/ - /hˈøy̯rɑ/
[3/4] ɦ-h / ˈoː-ˈøy̯ / ɾ-r / ə-ɑ / n_#>-#>
[1/4] ɦ-h / ˈoː-ˈøy̯ / ɾ-r / ə-ɑ / n-∅

-------------------

/ɦˈoːχ/ - /hˈɑːr/
[4/4] ɦ-h / ˈoː-ˈɑː / χ-∅ / ∅-r

-------------------

/ɦˈœy̯s/ - /hˈuːs/
[4/4] ɦ-h / ˈœy̯-ˈuː / s-s

-------------------

/ɦˈœy̯t/ - /hˈuːð/
[5/5] ɦ-h / ˈœy̯-ˈuː / t-ð

-------------------

/ɦˈɑnt/ - /hˈɔnd/
[2/2] ɦ-h / ˈɑ-ˈɔ / n-n / t-d

-------------------

/ɦˈɑɫf/ - /hˈɑlfr/
[4/4] ɦ-h / ˈɑ-ˈɑ / ɫ-l / f-f / ∅-r

-------------------

/ɦˈɑɾt/ - /çˈɑrtɑ/
[1/2] ɦ-ç / ˈɑ-ˈɑ / ɾ-r / t-t / ∅-ɑ
[1/2] ɦ-ç / ˈɑ-ˈɑ / ɾ-r / t-t / #>-ɑ_#>

-------------------

/ɦˈɔndəɾt/ - /hˈundɾɑð/
[5/5] ɦ-h / ˈɔ-ˈu / n-n / d-d / ∅-ɾ / ə-ɑ / ɾ-∅ / t-ð

-------------------

/ɦˈɔnt/ - /hˈundr/
[5/5] ɦ-h / ˈɔ-ˈu / n-n / t-d / ∅-r

-------------------

/ɦˈɔŋəɾ/ - /hˈuŋɡr/
[4/4] ɦ-h / ˈɔ-ˈu / ŋ-ŋ / ə-∅ / ∅-ɡ / ɾ-r

-------------------

/ɦˈɛbən/ - /hˈɑvɑ/
[3/5] ɦ-h / ˈɛ-ˈɑ / b-v / ə-ɑ / n_#>-#>
[2/5] ɦ-h / ˈɛ-ˈɑ / b-v / ə-ɑ / n-∅

-------------------

/ɦˈɛi̯ɫəχ/ - /hˈɛi̯lɑɣr/
[3/3] ɦ-h / ˈɛi̯-ˈɛi̯ / ɫ-l / ə-ɑ / χ-ɣ / ∅-r

-------------------

/ɦˈɛn/ - /hˈøːna/
[2/4] ɦ-h / ˈɛ-ˈøː / n-n / ∅-a
[2/4] ɦ-h / ˈɛ-ˈøː / n-n / #>-a_#>

-------------------

/ɦˈɛɫpən/ - /çˈɑlpɑ/
[2/4] ɦ-ç / ˈɛ-ˈɑ / ɫ-l / p-p / ə-ɑ / n_#>-#>
[2/4] ɦ-ç / ˈɛ-ˈɑ / ɫ-l / p-p / ə-ɑ / n-∅

-------------------

/ɫˈeːvəɾ/ - /lˈivr/
[3/4] ɫ-l / ˈeː-ˈi / v-v / ə-∅ / ɾ-r
[1/4] ɫ-l / ˈeː-ˈi / v-v / ə_ɾ-r

-------------------

/ɫˈif/ - /ljˈuːfr/
[2/3] ɫ-l / ˈi-j / ∅-ˈuː / f-f / ∅-r
[1/3] ɫ-l / ˈi-j_ˈuː / f-f / ∅-r

-------------------

/ɫˈoːf/ - /lˈɑu̯v/
[5/5] ɫ-l / ˈoː-ˈɑu̯ / f-v

-------------------

/ɫˈoːpən/ - /l̥ˈɑu̯pɑ/
[2/3] ɫ-l̥ / ˈoː-ˈɑu̯ / p-p / ə-ɑ / n_#>-#>
[1/3] ɫ-l̥ / ˈoː-ˈɑu̯ / p-p / ə-ɑ / n-∅

-------------------

/ɫˈœy̯s/ - /lˈuːs/
[4/4] ɫ-l / ˈœy̯-ˈuː / s-s

-------------------

/ɫˈɑm/ - /lˈɑmb/
[5/5] ɫ-l / ˈɑ-ˈɑ / m-m / ∅-b

-------------------

/ɫˈɑnt/ - /lˈand/
[5/5] ɫ-l / ˈɑ-ˈa / n-n / t-d

-------------------

/ɫˈɑŋ/ - /lˈɑŋɡr/
[5/5] ɫ-l / ˈɑ-ˈɑ / ŋ-ŋ / ∅-ɡ / ∅-r

-------------------

/ɫˈɑχən/ - /l̥ˈɛːjɑ/
[2/4] ɫ-l̥ / ˈɑ-ˈɛː / χ-∅ / ∅-j / ə-ɑ / n-∅
[2/4] ɫ-l̥ / ˈɑ-ˈɛː / χ-∅ / ə-j_ɑ / n_#>-#>

-------------------

/ɫˈɪχt/ - /lˈeːtːr/
[2/3] ɫ-l / ˈɪ-ˈeː / χ-tː / t-∅ / ∅-r
[1/3] ɫ-l / ˈɪ-ˈeː / χ-∅ / t-tː / ∅-r

-------------------

/ɾˈeːχən/ - /rˈeɣn/
[3/3] ɾ-r / ˈeː-ˈe / χ-ɣ / ə-∅ / n-n

-------------------

/ɾˈoːk/ - /rˈøy̯kr/
[4/4] ɾ-r / ˈoː-ˈøy̯ / k-k / ∅-r

-------------------

/ɾˈoːt/ - /rˈɑu̯ðr/
[4/4] ɾ-r / ˈoː-ˈɑu̯ / t-ð / ∅-r

-------------------

/ɾˈɔs/ - /r̥ˈosː/
[3/3] ɾ-r̥ / ˈɔ-ˈo / s-sː

-------------------

/ɾˈɛi̯k/ - /rˈiːkr/
[3/3] ɾ-r / ˈɛi̯-ˈiː / k-k / ∅-r

-------------------

/ɾˈɛχt/ - /rˈeːtːr/
[3/4] ɾ-r / ˈɛ-ˈeː / χ-tː / t-∅ / ∅-r
[1/4] ɾ-r / ˈɛ-ˈeː / χ_t-tː / ∅-r

-------------------

/ɾˈɪŋ/ - /r̥ˈiŋɡr/
[5/5] ɾ-r̥ / ˈɪ-ˈi / ŋ-ŋ / ∅-ɡ / ∅-r

-------------------

/ɾˈʏχ/ - /r̥ˈyɡːr/
[5/5] ɾ-r̥ / ˈʏ-ˈy / χ-ɡː / ∅-r

-------------------

/ʋˈaːpən/ - /vˈɑːpn̩/
[3/3] ʋ-v / ˈaː-ˈɑː / p-p / ə-∅ / n-n

-------------------

/ʋˈaːtəɾ/ - /vˈɑtn/
[3/3] ʋ-v / ˈaː-ˈɑ / t-t / ə-∅ / ɾ-n

-------------------

/ʋˈeːk/ - /vˈikɑ/
[3/5] ʋ-v / ˈeː-ˈi / k-k / #>-ɑ_#>
[2/5] ʋ-v / ˈeː-ˈi / k-k / ∅-ɑ

-------------------

/ʋˈeːtən/ - /vˈitɑ/
[2/3] ʋ-v / ˈeː-ˈi / t-t / ə-ɑ / n_#>-#>
[1/3] ʋ-v / ˈeː-ˈi / t-t / ə-ɑ / n-∅

-------------------

/ʋˈeːɾ/ - /vˈeðr/
[4/4] ʋ-v / ˈeː-ˈe / ∅-ð / ɾ-r

-------------------

/ʋˈiɫ/ - /xwˈeːl/
[1/1] ∅-x / ʋ-w / ˈi-ˈeː / ɫ-l

-------------------

/ʋˈiɫ/ - /çˈoːl/
[4/4] ʋ-ç / ˈi-ˈoː / ɫ-l

-------------------

/ʋˈoːɾt/ - /ˈorð/
[4/4] ʋ-∅ / ˈoː-ˈo / ɾ-r / t-ð

-------------------

/ʋˈɑt/ - /xwˈɑt/
[4/4] ∅-x / ʋ-w / ˈɑ-ˈɑ / t-t

-------------------

/ʋˈɑɫ/ - /xwˈɑlr/
[4/4] ∅-x / ʋ-w / ˈɑ-ˈɑ / ɫ-l / ∅-r

-------------------

/ʋˈɑɾm/ - /vˈɑrmr/
[5/5] ʋ-v / ˈɑ-ˈɑ / ɾ-r / m-m / ∅-r

-------------------

/ʋˈɔndəɾ/ - /ˈundr/
[4/5] ʋ-∅ / ˈɔ-ˈu / n-n / d-d / ə-∅ / ɾ-r
[1/5] ʋ_ˈɔ-ˈu / n-n / d-d / ə_ɾ-r

-------------------

/ʋˈɔɫ/ - /ˈulː/
[3/4] ʋ-∅ / ˈɔ-ˈu / ɫ-lː
[1/4] ʋ_ˈɔ-ˈu / ɫ-lː

-------------------

/ʋˈɔɫf/ - /ˈulvr/
[2/3] ʋ-∅ / ˈɔ-ˈu / ɫ-l / f-v / ∅-r
[1/3] ʋ_ˈɔ-ˈu / ɫ-l / f-v / ∅-r

-------------------

/ʋˈɔɾm/ - /ˈormr/
[4/4] ʋ-∅ / ˈɔ-ˈo / ɾ-r / m-m / ∅-r

-------------------

/ʋˈɛi̯/ - /vˈeːr/
[3/3] ʋ-v / ˈɛi̯-ˈeː / ∅-r

-------------------

/ʋˈɛnsən/ - /ˈyːscɑ/
[1/1] ʋ-∅ / ˈɛ-ˈyː / n-∅ / s-s / ∅-c / ə-ɑ / n_#>-#>

-------------------

/ʋˈɛnsən/ - /ˈøːscɑ/
[2/4] ʋ-∅ / ˈɛ-ˈøː / n-∅ / s-s / ∅-c / ə-ɑ / n_#>-#>
[1/4] ʋ-∅ / ˈɛ-ˈøː / n_s-s / ∅-c / ə-ɑ / n-∅
[1/4] ʋ-∅ / ˈɛ-ˈøː / n-∅ / s-s / ∅-c / ə-ɑ / n-∅

-------------------

/ʋˈɛχ/ - /vˈeɣr/
[5/5] ʋ-v / ˈɛ-ˈe / χ-ɣ / ∅-r

-------------------

/ʋˈɪnt/ - /vˈindr/
[4/4] ʋ-v / ˈɪ-ˈi / n-n / t-d / ∅-r

-------------------

/ʋˈɪt/ - /xwˈiːtr/
[4/4] ∅-x / ʋ-w / ˈɪ-ˈiː / t-t / ∅-r

-------------------

/ˈaːp/ - /ˈapi/
[2/4] ˈaː-ˈa / p-p / ∅-i
[2/4] ˈaː-ˈa / p-p / #>-i_#>

-------------------

/ˈaːɫ/ - /ˈɑːlː/
[4/4] ˈaː-ˈɑː / ɫ-lː

-------------------

/ˈaːɾdə/ - /jˈɔrð/
[5/5] ∅-j / ˈaː-ˈɔ / ɾ-r / d-ð / ə-∅

-------------------

/ˈeːn/ - /ˈɛi̯nː/
[4/4] ˈeː-ˈɛi̯ / n-nː

-------------------

/ˈeːtən/ - /ˈetɑ/
[3/5] ˈeː-ˈe / t-t / ə-ɑ / n_#>-#>
[2/5] ˈeː-ˈe / t-t / ə-ɑ / n-∅

-------------------

/ˈoːvən/ - /ˈovn/
[5/5] ˈoː-ˈo / v-v / ə-∅ / n-n

-------------------

/ˈoːvəɾ/ - /ˈyvir/
[5/5] ˈoː-ˈy / v-v / ə-i / ɾ-r

-------------------

/ˈoːɾ/ - /ˈøy̯rɑ/
[2/3] ˈoː-ˈøy̯ / ɾ-r / #>-ɑ_#>
[1/3] ˈoː-ˈøy̯ / ɾ-r / ∅-ɑ

-------------------

/ˈoːχ/ - /ˈɑu̯ɣɑ/
[2/3] ˈoː-ˈɑu̯ / χ-ɣ / ∅-ɑ
[1/3] ˈoː-ˈɑu̯ / χ-ɣ / #>-ɑ_#>

-------------------

/ˈœy̯t/ - /ˈuːt/
[4/4] ˈœy̯-ˈuː / t-t

-------------------

/ˈœy̯ɫ/ - /ˈuɡla/
[3/4] ˈœy̯-ˈu / ∅-ɡ / ɫ-l / #>-a_#>
[1/4] ˈœy̯-ˈu / ∅-ɡ / ɫ-l / ∅-a

-------------------

/ˈɑndəɾ/ - /ˈɑnːɑrː/
[4/4] ˈɑ-ˈɑ / n-nː / d-∅ / ə-ɑ / ɾ-rː

-------------------

/ˈɑpəɫ/ - /ˈɛpli/
[3/5] ˈɑ-ˈɛ / p-p / ə_ɫ-l / #>-i_#>
[2/5] ˈɑ-ˈɛ / p-p / ə-∅ / ɫ-l / ∅-i

-------------------

/ˈɑs/ - /ˈɑskɑ/
[2/3] ˈɑ-ˈɑ / s-s / ∅-k / #>-ɑ_#>
[1/3] ˈɑ-ˈɑ / s-s / ∅-k / ∅-ɑ

-------------------

/ˈɑu̯t/ - /ˈɑldinː/
[1/1] ˈɑu̯-ˈɑ / ∅-l / t-d / ∅-i / ∅-nː

-------------------

/ˈɑɫ/ - /ˈɑlːr/
[4/4] ˈɑ-ˈɑ / ɫ-lː / ∅-r

-------------------

/ˈɑɾm/ - /ˈɑrmr/
[5/5] ˈɑ-ˈɑ / ɾ-r / m-m / ∅-r

-------------------

/ˈɑχt/ - /ˈɑːtːa/
[1/3] ˈɑ-ˈɑː / χ_t-tː / #>-a_#>
[1/3] ˈɑ-ˈɑː / χ-∅ / t-tː / #>-a_#>
[1/3] ˈɑ-ˈɑː / χ-tː / t-∅ / #>-a_#>

-------------------

/ˈɔndəɾ/ - /ˈundir/
[4/4] ˈɔ-ˈu / n-n / d-d / ə-i / ɾ-r

-------------------

/ˈɔns/ - /ˈosː/
[4/4] ˈɔ-ˈo / n-∅ / s-sː

-------------------

/ˈɔp/ - /ˈupː/
[4/4] ˈɔ-ˈu / p-pː

-------------------

/ˈɛi̯/ - /ˈɛɡː/
[1/1] ˈɛi̯-ˈɛ / ∅-ɡː

-------------------

/ˈɛi̯k/ - /ˈɛi̯k/
[5/5] ˈɛi̯-ˈɛi̯ / k-k

-------------------

/ˈɛi̯s/ - /ˈiːsː/
[5/5] ˈɛi̯-ˈiː / s-sː

-------------------

/ˈɛɫəf/ - /ˈelːivu/
[2/3] ˈɛ-ˈe / ɫ-lː / ə-i / f-v / #>-u_#>
[1/3] ˈɛ-ˈe / ɫ-lː / ə-i / f-v / ∅-u

-------------------

/ˈɛχ/ - /ˈɛɡː/
[5/5] ˈɛ-ˈɛ / χ-ɡː

-------------------

/ˈɪk/ - /ˈek/
[5/5] ˈɪ-ˈe / k-k

-------------------

/ˈɪn/ - /ˈiː/
[2/3] ˈɪ-ˈiː / n_#>-#>
[1/3] ˈɪ-ˈiː / n-∅

-------------------

/χɾˈun/ - /ɡrˈøːnː/
[3/3] χ-ɡ / ɾ-r / ˈu-ˈøː / n-nː

-------------------

/χɾˈɑs/ - /ɡrˈɑs/
[5/5] χ-ɡ / ɾ-r / ˈɑ-ˈɑ / s-s

-------------------

/χˈaːn/ - /ɡˈɑŋɡɑ/
[2/3] χ-ɡ / ˈaː-ˈɑ / n-ŋ / ∅-ɡ / #>-ɑ_#>
[1/3] χ-ɡ / ˈaː-ˈɑ / n-ŋ / ∅-ɡ / ∅-ɑ

-------------------

/χˈaːɾən/ - /ɡˈɑrn/
[5/5] χ-ɡ / ˈaː-ˈɑ / ɾ-r / ə-∅ / n-n

-------------------

/χˈeːvən/ - /ɟˈevɑ/
[3/5] χ-ɟ / ˈeː-ˈe / v-v / ə-ɑ / n_#>-#>
[2/5] χ-ɟ / ˈeː-ˈe / v-v / ə-ɑ / n-∅

-------------------

/χˈeːɫ/ - /ɡˈulr/
[3/3] χ-ɡ / ˈeː-ˈu / ɫ-l / ∅-r

-------------------

/χˈut/ - /ɡˈoːðr/
[4/4] χ-ɡ / ˈu-ˈoː / t-ð / ∅-r

-------------------

/χˈɑns/ - /ɡˈɑːs/
[3/4] χ-ɡ / ˈɑ-ˈɑː / n-∅ / s-s
[1/4] χ-ɡ / ˈɑ-ˈɑː / n_s-s

-------------------

/χˈɑst/ - /ɟˈɛstr/
[5/5] χ-ɟ / ˈɑ-ˈɛ / s-s / t-t / ∅-r

-------------------

/χˈɑu̯t/ - /ɡˈulː/
[5/5] χ-ɡ / ∅-ˈu / ˈɑu̯-lː / t-∅

-------------------

/χˈɔt/ - /ɡˈuð/
[5/5] χ-ɡ / ˈɔ-ˈu / t-ð

-------------------

/χˈɛi̯t/ - /ɟˈɛi̯t/
[4/4] χ-ɟ / ˈɛi̯-ˈɛi̯ / t-t

-------------------

