Same meaning pairs: 333
****SAMPLE 1****
Iteration 1
	Qualified: 264
	Disqualified: 268
	Added: 0
	Removed: 2
		ventre /vˈẽtɾi/ - pança /pˈɐ̃sɐ/
		pança /pˈɐ̃sɐ/ - ventre /vˈẽtɾɨ/

Iteration 2
	Qualified: 264
	Disqualified: 268
	Added: 0
	Removed: 0

Final qualifying:
		abelha /abˈeʎɐ/ - abelha /ɐβˈɐjʎɐ/
		amarelo /amaɾˈɛlu/ - amarelo /ɐmɐɾˈɛlu/
		aɡulha /aɡˈuʎɐ/ - aɡulha /ɐɣˈuʎɐ/
		arɡila /aɦʒˈilɐ/ - arɡila /ɐɾʒˈilɐ/
		areia /aɾˈejɐ/ - areia /ɐɾˈɐjɐ/
		aranha /aɾˈɐ̃j̃ɐ/ - aranha /ɐɾˈɐɲɐ/
		achar /aʃˈah/ - achar /ɐʃˈaɾ/
		ajudar /aʒudˈah/ - ajudar /ɐʒuðˈaɾ/
		ajudo /aʒˈudu/ - ajudo /ɐʒˈuðu/
		beber /bebˈeh/ - beber /bɨβˈeɾ/
		baixo /bˈajʃu/ - baixo /bˈajʃu/
		bem /bˈẽj̃/ - bem /bˈɐ̃j̃/
		boi /bˈoj/ - boi /bˈoj/
		boca /bˈokɐ/ - boca /bˈokɐ/
		boa /bˈoɐ/ - boa /bˈoɐ/
		boas /bˈoɐʃ/ - boas /bˈoɐʃ/
		bom /bˈõ/ - bom /bˈõ/
		bons /bˈõʃ/ - bons /bˈõʃ/
		belo /bˈɛlu/ - belo /bˈɛlu/
		bela /bˈɛlɐ/ - bela /bˈɛlɐ/
		draɡão /dɾaɡˈɐ̃w̃/ - draɡão /dɾɐɣˈɐ̃w̃/
		dar /dˈah/ - dar /dˈaɾ/
		dedo /dˈedu/ - dedo /dˈeðu/
		deus /dˈewʃ/ - deus /dˈewʃ/
		dente /dˈẽʧi/ - dente /dˈẽtɨ/
		dois /dˈojʃ/ - dois /dˈojʃ/
		doce /dˈosi/ - doce /dˈosɨ/
		dom /dˈõ/ - dom /dˈõ/
		dona /dˈõnɐ/ - dona /dˈonɐ/
		escutar /eskutˈah/ - escutar /iʃkutˈaɾ/
		escrever /eskɾevˈeh/ - escrever /iʃkɾɨvˈeɾ/
		escuro /eʃkˈuɾu/ - escuro /iʃkˈuɾu/
		espada /eʃpˈadɐ/ - espada /iʃpˈaðɐ/
		espiɡa /eʃpˈiɡɐ/ - espiɡa /iʃpˈiɣɐ/
		espinha /eʃpˈĩj̃ɐ/ - espinha /iʃpˈiɲɐ/
		Espanha /eʃpˈɐ̃j̃ɐ/ - Espanha /iʃpˈɐɲɐ/
		estrela /eʃtɾˈelɐ/ - estrela /iʃtɾˈelɐ/
		estado /eʃtˈadu/ - estado /iʃtˈaðu/
		estio /eʃʧˈiw/ - estio /iʃtˈiu/
		falar /falˈah/ - falar /fɐlˈaɾ/
		fazer /fazˈeh/ - fazer /fɐzˈeɾ/
		farinha /faɾˈĩj̃ɐ/ - farinha /fɐɾˈiɲɐ/
		frio /fɾˈiu/ - frio /fɾˈiu/
		fruito /fɾˈujtu/ - fruito /fɾˈujtu/
		fada /fˈadɐ/ - fada /fˈaðɐ/
		faço /fˈasu/ - faço /fˈasu/
		falso /fˈawsu/ - falso /fˈaɫsu/
		fêmea /fˈẽmeɐ/ - fêmea /fˈemjɐ/
		fio /fˈiw/ - fio /fˈiu/
		fíɡado /fˈiɡɐdu/ - fíɡado /fˈiɣɐðu/
		filho /fˈiʎu/ - filho /fˈiʎu/
		filha /fˈiʎɐ/ - filha /fˈiʎɐ/
		fim /fˈĩ/ - fim /fˈĩ/
		fino /fˈĩnu/ - fino /fˈinu/
		força /fˈohsɐ/ - força /fˈoɾsɐ/
		folha /fˈoʎɐ/ - folha /fˈoʎɐ/
		fumo /fˈũmu/ - fumo /fˈumu/
		forte /fˈɔhʧi/ - forte /fˈɔɾtɨ/
		fome /fˈɔmi/ - fome /fˈɔmɨ/
		ferro /fˈɛhu/ - ferro /fˈɛʁu/
		festa /fˈɛʃtɐ/ - festa /fˈɛʃtɐ/
		razão /hazˈɐ̃w̃/ - razão /ʁɐzˈɐ̃w̃/
		rainha /haˈĩj̃ɐ/ - rainha /ʁɐˈiɲɐ/
		redondo /hedˈõdu/ - redondo /ʁɨðˈõdu/
		romão /homˈɐ̃w̃/ - romão /ʁumˈɐ̃w̃/
		rei /hˈej/ - rei /ʁˈɐj/
		rio /hˈiu/ - rio /ʁˈiu/
		roxo /hˈoʃu/ - ruivo /ʁˈujvu/
		ruivo /hˈujvu/ - roxo /ʁˈoʃu/
		ruivo /hˈujvu/ - ruivo /ʁˈujvu/
		iɡual /iɡwˈaw/ - iɡual /iɣwˈaɫ/
		inverno /ĩvˈɛɦnu/ - inverno /ĩvˈɛɾnu/
		cabelo /kabˈelu/ - cabelo /kɐβˈelu/
		cabelo /kabˈelu/ - pelo /pˈelu/
		caçar /kasˈah/ - caçar /kɐsˈaɾ/
		cavalo /kavˈalu/ - cavalo /kɐvˈalu/
		castelo /kaʃtˈɛlu/ - castelo /kɐʃtˈɛlu/
		conhecer /kõj̃esˈeh/ - conhecer /kuɲɨsˈeɾ/
		cortiça /kuhʧˈisɐ/ - cortiça /kuɾtˈisɐ/
		cambiar /kɐ̃bjˈah/ - cambiar /kɐ̃bjˈaɾ/
		crer /kɾˈeh/ - crer /kɾˈeɾ/
		cruz /kɾˈujʃ/ - cruz /kɾˈuʃ/
		cabra /kˈabɾɐ/ - cabra /kˈaβɾɐ/
		caldo /kˈawdu/ - caldo /kˈaɫdu/
		casa /kˈazɐ/ - casa /kˈazɐ/
		caro /kˈaɾu/ - caro /kˈaɾu/
		quem /kˈẽj̃/ - quem /kˈɐ̃j̃/
		que /kˈi/ - que /kˈɨ/
		cor /kˈoh/ - cor /kˈoɾ/
		coisa /kˈojzɐ/ - coisa /kˈojzɐ/
		corno /kˈoɦnu/ - corno /kˈoɾnu/
		coxa /kˈoʃɐ/ - coxa /kˈoʃɐ/
		cu /kˈu/ - cu /kˈu/
		curto /kˈuhtu/ - curto /kˈuɾtu/
		cunho /kˈũj̃u/ - cunho /kˈuɲu/
		canto /kˈɐ̃tu/ - canto /kˈɐ̃tu/
		cão /kˈɐ̃w̃/ - cão /kˈɐ̃w̃/
		cor /kˈɔh/ - cor /kˈɔɾ/
		colo /kˈɔlu/ - colo /kˈɔlu/
		costa /kˈɔʃtɐ/ - costa /kˈɔʃtɐ/
		levar /levˈah/ - levar /lɨvˈaɾ/
		leão /leˈɐ̃w̃/ - leão /ljˈɐ̃w̃/
		laɡo /lˈaɡu/ - laɡo /lˈaɣu/
		láɡrima /lˈaɡɾimɐ/ - láɡrima /lˈaɣɾimɐ/
		lei /lˈej/ - lei /lˈɐj/
		leito /lˈejtu/ - leito /lˈɐjtu/
		letra /lˈetɾɐ/ - letra /lˈetɾɐ/
		ler /lˈeɾ/ - ler /lˈeɾ/
		linha /lˈĩj̃ɐ/ - linha /lˈiɲɐ/
		línɡua /lˈĩɡwɐ/ - línɡua /lˈĩɡwɐ/
		lobo /lˈobu/ - lobo /lˈoβu/
		loɡo /lˈoɡu/ - loɡo /lˈɔɣu/
		luz /lˈujʃ/ - luz /lˈuʃ/
		luta /lˈutɐ/ - luta /lˈutɐ/
		lua /lˈuɐ/ - lua /lˈuɐ/
		lã /lˈɐ̃/ - lã /lˈɐ̃/
		lebre /lˈɛbɾi/ - lebre /lˈɛβɾɨ/
		maduro /madˈuɾu/ - maduro /mɐðˈuɾu/
		metade /metˈaʤi/ - metade /mɨtˈaðɨ/
		melhor /meʎˈɔh/ - melhor /mɨʎˈɔɾ/
		morseɡar /mohseɡˈah/ - mosseɡar /musɨɣˈaɾ/
		morseɡar /mohseɡˈah/ - morseɡar /muɾsɨɣˈaɾ/
		morseɡar /mohseɡˈah/ - morder /muɾðˈeɾ/
		morrer /mohˈeh/ - morrer /moʁˈeɾ/
		morder /moɦdˈeh/ - mosseɡar /musɨɣˈaɾ/
		morder /moɦdˈeh/ - morder /muɾðˈeɾ/
		montanha /mõtˈɐ̃j̃ɐ/ - montanha /mõtˈɐɲɐ/
		matar /mɐtˈah/ - matar /mɐtˈaɾ/
		mar /mˈah/ - mar /mˈaɾ/
		meio /mˈeju/ - meio /mˈɐju/
		me /mˈi/ - me /mˈɨ/
		mil /mˈiw/ - mil /mˈiɫ/
		mosca /mˈoʃkɐ/ - mosca /mˈoʃkɐ/
		mão /mˈɐ̃w̃/ - mão /mˈɐ̃w̃/
		morte /mˈɔhʧi/ - morte /mˈɔɾtɨ/
		mel /mˈɛw/ - mel /mˈɛɫ/
		nascer /nasˈeh/ - nascer /nɐʃsˈeɾ/
		nariz /naɾˈiʃ/ - nariz /nɐɾˈiʃ/
		não /nɐ̃w̃/ - não /nɐ̃w̃/
		novo /nˈovu/ - novo /nˈovu/
		nó /nˈɔ/ - nó /nˈɔ/
		nós /nˈɔjʃ/ - nós /nˈɔʃ/
		nosso /nˈɔsu/ - nosso /nˈɔsu/
		nove /nˈɔvi/ - nove /nˈɔvɨ/
		neve /nˈɛvi/ - neve /nˈɛvɨ/
		névoa /nˈɛvuɐ/ - névoa /nˈɛvwɐ/
		obreiro /obɾˈejɾu/ - obreiro /ɔβɾˈɐjɾu/
		odor /odˈoh/ - odor /ɔðˈoɾ/
		ovelha /ovˈeʎɐ/ - ovelha /ɔvˈɐjʎɐ/
		orelha /oɾˈeʎɐ/ - orelha /ɔɾˈɐjʎɐ/
		palavra /palˈavɾɐ/ - palavra /pɐlˈavɾɐ/
		poder /podˈeh/ - poder /puðˈeɾ/
		proveito /pɾovˈejtu/ - proveito /pɾuvˈɐjtu/
		paz /pˈajʃ/ - paz /pˈaʃ/
		paço /pˈasu/ - paço /pˈasu/
		pássaro /pˈasɐɾu/ - pássaro /pˈasɐɾu/
		peito /pˈejtu/ - peito /pˈɐjtu/
		pelo /pˈelu/ - cabelo /kɐβˈelu/
		pelo /pˈelu/ - pelo /pˈelu/
		pena /pˈenɐ/ - pena /pˈenɐ/
		pêsseɡo /pˈeseɡu/ - pêsseɡo /pˈesɨɣu/
		pena /pˈẽnɐ/ - pena /pˈenɐ/
		porco /pˈohku/ - porco /pˈoɾku/
		poço /pˈosu/ - poço /pˈosu/
		pouco /pˈowku/ - pouco /pˈowku/
		pões /pˈõj̃ʃ/ - pões /pˈõj̃ʃ/
		ponto /pˈõtu/ - ponto /pˈõtu/
		ponte /pˈõʧi/ - ponte /pˈõtɨ/
		punho /pˈũj̃u/ - punho /pˈuɲu/
		pança /pˈɐ̃sɐ/ - pança /pˈɐ̃sɐ/
		pão /pˈɐ̃w̃/ - pão /pˈɐ̃w̃/
		porca /pˈɔhkɐ/ - porca /pˈɔɾkɐ/
		pé /pˈɛ/ - pé /pˈɛ/
		pedra /pˈɛdɾɐ/ - pedra /pˈɛðɾɐ/
		pele /pˈɛli/ - pele /pˈɛlɨ/
		saber /sabˈeh/ - saber /sɐβˈeɾ/
		semana /semˈɐ̃nɐ/ - semana /sɨmˈɐnɐ/
		seɡuro /seɡˈuɾu/ - seɡuro /sɨɣˈuɾu/
		cidade /sidˈaʤi/ - cidade /siðˈaðɨ/
		cinquenta /sĩkwˈẽtɐ/ - cinquenta /sĩkwˈẽtɐ/
		saiba /sˈajbɐ/ - saiba /sˈajβɐ/
		sal /sˈaw/ - sal /sˈaɫ/
		salsa /sˈawsɐ/ - salsa /sˈaɫsɐ/
		seda /sˈedɐ/ - seda /sˈeðɐ/
		seis /sˈejʃ/ - seis /sˈɐjʃ/
		seco /sˈeku/ - seco /sˈeku/
		seca /sˈekɐ/ - seca /sˈekɐ/
		cera /sˈeɾɐ/ - cera /sˈeɾɐ/
		cento /sˈẽtu/ - cento /sˈẽtu/
		cinza /sˈĩzɐ/ - cinza /sˈĩzɐ/
		sobre /sˈobɾi/ - sobre /sˈoβɾɨ/
		sã /sˈɐ̃/ - sã /sˈɐ̃/
		santo /sˈɐ̃tu/ - santo /sˈɐ̃tu/
		são /sˈɐ̃w̃/ - são /sˈɐ̃w̃/
		sanɡue /sˈɐ̃ɡi/ - sanɡue /sˈɐ̃ɡɨ/
		sol /sˈɔw/ - sol /sˈɔɫ/
		céu /sˈɛw/ - céu /sˈɛw/
		três /tɾˈejʃ/ - três /tɾˈeʃ/
		tempo /tˈẽpu/ - tempo /tˈẽpu/
		todos /tˈoduʃ/ - todos /tˈoðuʃ/
		tú /tˈu/ - tú /tˈu/
		terra /tˈɛhɐ/ - terra /tˈɛʁɐ/
		verɡonha /veɦɡˈõj̃ɐ/ - verɡonha /vɨɾɣˈoɲɐ/
		vizinho /vizˈĩj̃u/ - vizinho /vɨzˈiɲu/
		voar /voˈah/ - voar /vwˈaɾ/
		ver /vˈeh/ - ver /vˈeɾ/
		verde /vˈeɦʤi/ - verde /vˈeɾðɨ/
		velho /vˈeʎu/ - velho /vˈɐjʎu/
		venho /vˈẽj̃u/ - venho /vˈɐjɲu/
		vento /vˈẽtu/ - vento /vˈẽtu/
		ventre /vˈẽtɾi/ - ventre /vˈẽtɾɨ/
		vida /vˈidɐ/ - vida /vˈiðɐ/
		vir /vˈih/ - vir /vˈiɾ/
		vila /vˈilɐ/ - vila /vˈilɐ/
		vinte /vˈĩʧi/ - vinte /vˈĩtɨ/
		voo /vˈou/ - voo /vˈou/
		voz /vˈɔjʃ/ - voz /vˈɔʃ/
		vós /vˈɔjʃ/ - vós /vˈɔʃ/
		verme /vˈɛɦmi/ - verme /vˈɛɾmɨ/
		ɡraxa /ɡɾˈaʃɐ/ - ɡraxa /ɡɾˈaʃɐ/
		ɡrosso /ɡɾˈosu/ - ɡrosso /ɡɾˈosu/
		ɡrão /ɡɾˈɐ̃w̃/ - ɡrão /ɡɾˈɐ̃w̃/
		ɡoivo /ɡˈojvu/ - ɡoivo /ɡˈojvu/
		ɡola /ɡˈɔlɐ/ - ɡola /ɡˈɔlɐ/
		chamar /ʃamˈah/ - chamar /ʃɐmˈaɾ/
		chorar /ʃoɾˈah/ - chorar /ʃuɾˈaɾ/
		chave /ʃˈavi/ - chave /ʃˈavɨ/
		chaɡa /ʃˈaɡɐ/ - chaɡa /ʃˈaɣɐ/
		cheio /ʃˈeju/ - cheio /ʃˈɐju/
		chor /ʃˈoh/ - chor /ʃˈoɾ/
		chuva /ʃˈuvɐ/ - chuva /ʃˈuvɐ/
		chama /ʃˈɐ̃mɐ/ - chama /ʃˈɐmɐ/
		ɡear /ʒeˈah/ - ɡear /ʒjˈaɾ/
		ɡenɡiva /ʒẽʒˈivɐ/ - ɡenɡiva /ʒẽʒˈivɐ/
		joelho /ʒuˈeʎu/ - joelho /ʒwˈɐjʎu/
		junho /ʒˈũj̃u/ - junho /ʒˈuɲu/
		junto /ʒˈũtu/ - junto /ʒˈũtu/
		jovem /ʒˈɔvẽj̃/ - jovem /ʒˈɔvɐ̃j̃/
		ʤizer /ʤizˈeh/ - dizer /dizˈeɾ/
		ʤia /ʤˈiɐ/ - dia /dˈiɐ/
		ʤiɡo /ʤˈiɡu/ - diɡo /dˈiɣu/
		alva /ˈawvɐ/ - alva /ˈaɫvɐ/
		áɡua /ˈaɡwɐ/ - áɡua /ˈaɣwɐ/
		árvore /ˈaɦvoɾi/ - árvore /ˈaɾvuɾɨ/
		alho /ˈaʎu/ - alho /ˈaʎu/
		ele /ˈeli/ - ele /ˈelɨ/
		eu /ˈew/ - eu /ˈew/
		ilha /ˈiʎɐ/ - insua /ˈinswɐ/
		ilha /ˈiʎɐ/ - ilha /ˈiʎɐ/
		ínsua /ˈĩswɐ/ - insua /ˈinswɐ/
		ínsua /ˈĩswɐ/ - ilha /ˈiʎɐ/
		osso /ˈosu/ - osso /ˈosu/
		ovo /ˈovu/ - ovo /ˈovu/
		outro /ˈowtɾu/ - outro /ˈowtɾu/
		ouro /ˈowɾu/ - ouro /ˈowɾu/
		olho /ˈoʎu/ - olho /ˈoʎu/
		ombro /ˈõbɾu/ - ombro /ˈõbɾu/
		homem /ˈõmẽj̃/ - homem /ˈɔmɐ̃j̃/
		um /ˈũ/ - um /ˈũ/
		ano /ˈɐ̃nu/ - ano /ˈɐnu/
		obra /ˈɔbɾɐ/ - obra /ˈɔβɾɐ/
		elo /ˈɛlu/ - elo /ˈɛlu/
		ela /ˈɛlɐ/ - ela /ˈɛlɐ/
		erva /ˈɛɦvɐ/ - erva /ˈɛɾvɐ/

Final disqualified:
		pança /pˈɐ̃sɐ/ - ventre /vˈẽtɾɨ/
		ventre /vˈẽtɾi/ - pança /pˈɐ̃sɐ/


-------------------

****SAMPLE 2****
Iteration 1
	Qualified: 265
	Disqualified: 267
	Added: 0
	Removed: 1
		ventre /vˈẽtɾi/ - pança /pˈɐ̃sɐ/

Iteration 2
	Qualified: 265
	Disqualified: 267
	Added: 0
	Removed: 0

Final qualifying:
		abelha /abˈeʎɐ/ - abelha /ɐβˈɐjʎɐ/
		amarelo /amaɾˈɛlu/ - amarelo /ɐmɐɾˈɛlu/
		aɡulha /aɡˈuʎɐ/ - aɡulha /ɐɣˈuʎɐ/
		arɡila /aɦʒˈilɐ/ - arɡila /ɐɾʒˈilɐ/
		areia /aɾˈejɐ/ - areia /ɐɾˈɐjɐ/
		aranha /aɾˈɐ̃j̃ɐ/ - aranha /ɐɾˈɐɲɐ/
		achar /aʃˈah/ - achar /ɐʃˈaɾ/
		ajudar /aʒudˈah/ - ajudar /ɐʒuðˈaɾ/
		ajudo /aʒˈudu/ - ajudo /ɐʒˈuðu/
		beber /bebˈeh/ - beber /bɨβˈeɾ/
		branco /bɾˈɐ̃ku/ - branco /bɾˈɐ̃ku/
		baixo /bˈajʃu/ - baixo /bˈajʃu/
		bem /bˈẽj̃/ - bem /bˈɐ̃j̃/
		boi /bˈoj/ - boi /bˈoj/
		boca /bˈokɐ/ - boca /bˈokɐ/
		boa /bˈoɐ/ - boa /bˈoɐ/
		bom /bˈõ/ - bom /bˈõ/
		bons /bˈõʃ/ - bons /bˈõʃ/
		banho /bˈɐ̃j̃u/ - banho /bˈɐɲu/
		belo /bˈɛlu/ - belo /bˈɛlu/
		bela /bˈɛlɐ/ - bela /bˈɛlɐ/
		draɡão /dɾaɡˈɐ̃w̃/ - draɡão /dɾɐɣˈɐ̃w̃/
		dar /dˈah/ - dar /dˈaɾ/
		deus /dˈewʃ/ - deus /dˈewʃ/
		dente /dˈẽʧi/ - dente /dˈẽtɨ/
		dois /dˈojʃ/ - dois /dˈojʃ/
		doce /dˈosi/ - doce /dˈosɨ/
		doze /dˈozi/ - doze /dˈozɨ/
		dom /dˈõ/ - dom /dˈõ/
		dona /dˈõnɐ/ - dona /dˈonɐ/
		duas /dˈuɐʃ/ - duas /dˈuɐʃ/
		dez /dˈɛjʃ/ - dez /dˈɛʃ/
		escutar /eskutˈah/ - escutar /iʃkutˈaɾ/
		escuro /eʃkˈuɾu/ - escuro /iʃkˈuɾu/
		espada /eʃpˈadɐ/ - espada /iʃpˈaðɐ/
		espiɡa /eʃpˈiɡɐ/ - espiɡa /iʃpˈiɣɐ/
		espinha /eʃpˈĩj̃ɐ/ - espinha /iʃpˈiɲɐ/
		estrela /eʃtɾˈelɐ/ - estrela /iʃtɾˈelɐ/
		estado /eʃtˈadu/ - estado /iʃtˈaðu/
		falar /falˈah/ - falar /fɐlˈaɾ/
		fazer /fazˈeh/ - fazer /fɐzˈeɾ/
		farinha /faɾˈĩj̃ɐ/ - farinha /fɐɾˈiɲɐ/
		frio /fɾˈiu/ - frio /fɾˈiu/
		faço /fˈasu/ - faço /fˈasu/
		falso /fˈawsu/ - falso /fˈaɫsu/
		fêmea /fˈẽmeɐ/ - fêmea /fˈemjɐ/
		fio /fˈiw/ - fio /fˈiu/
		filho /fˈiʎu/ - filho /fˈiʎu/
		filha /fˈiʎɐ/ - filha /fˈiʎɐ/
		fim /fˈĩ/ - fim /fˈĩ/
		força /fˈohsɐ/ - força /fˈoɾsɐ/
		foɡo /fˈoɡu/ - foɡo /fˈoɣu/
		folha /fˈoʎɐ/ - folha /fˈoʎɐ/
		fumo /fˈũmu/ - fumo /fˈumu/
		forte /fˈɔhʧi/ - forte /fˈɔɾtɨ/
		fome /fˈɔmi/ - fome /fˈɔmɨ/
		ferro /fˈɛhu/ - ferro /fˈɛʁu/
		festa /fˈɛʃtɐ/ - festa /fˈɛʃtɐ/
		razão /hazˈɐ̃w̃/ - razão /ʁɐzˈɐ̃w̃/
		rainha /haˈĩj̃ɐ/ - rainha /ʁɐˈiɲɐ/
		romão /homˈɐ̃w̃/ - romão /ʁumˈɐ̃w̃/
		rei /hˈej/ - rei /ʁˈɐj/
		rio /hˈiu/ - rio /ʁˈiu/
		ruivo /hˈujvu/ - roxo /ʁˈoʃu/
		ruivo /hˈujvu/ - ruivo /ʁˈujvu/
		iɡual /iɡwˈaw/ - iɡual /iɣwˈaɫ/
		irmão /iɦmˈɐ̃w̃/ - irmão /iɾmˈɐ̃w̃/
		inverno /ĩvˈɛɦnu/ - inverno /ĩvˈɛɾnu/
		cabelo /kabˈelu/ - cabelo /kɐβˈelu/
		cabelo /kabˈelu/ - pelo /pˈelu/
		cadeia /kadˈejɐ/ - cadeia /kɐðˈɐjɐ/
		caçar /kasˈah/ - caçar /kɐsˈaɾ/
		cavalo /kavˈalu/ - cavalo /kɐvˈalu/
		castelo /kaʃtˈɛlu/ - castelo /kɐʃtˈɛlu/
		conhecer /kõj̃esˈeh/ - conhecer /kuɲɨsˈeɾ/
		quatro /kwˈatɾu/ - quatro /kwˈatɾu/
		cambiar /kɐ̃bjˈah/ - cambiar /kɐ̃bjˈaɾ/
		crer /kɾˈeh/ - crer /kɾˈeɾ/
		cruz /kɾˈujʃ/ - cruz /kɾˈuʃ/
		cabra /kˈabɾɐ/ - cabra /kˈaβɾɐ/
		casa /kˈazɐ/ - casa /kˈazɐ/
		carne /kˈaɦni/ - carne /kˈaɾnɨ/
		caro /kˈaɾu/ - caro /kˈaɾu/
		quem /kˈẽj̃/ - quem /kˈɐ̃j̃/
		que /kˈi/ - que /kˈɨ/
		cor /kˈoh/ - cor /kˈoɾ/
		corno /kˈoɦnu/ - corno /kˈoɾnu/
		coxa /kˈoʃɐ/ - coxa /kˈoʃɐ/
		cu /kˈu/ - cu /kˈu/
		cor /kˈɔh/ - cor /kˈɔɾ/
		colo /kˈɔlu/ - colo /kˈɔlu/
		costa /kˈɔʃtɐ/ - costa /kˈɔʃtɐ/
		levar /levˈah/ - levar /lɨvˈaɾ/
		laɡo /lˈaɡu/ - laɡo /lˈaɣu/
		lei /lˈej/ - lei /lˈɐj/
		leito /lˈejtu/ - leito /lˈɐjtu/
		ler /lˈeɾ/ - ler /lˈeɾ/
		lenha /lˈẽj̃ɐ/ - lenha /lˈɐjɲɐ/
		livre /lˈivɾi/ - livre /lˈivɾɨ/
		linha /lˈĩj̃ɐ/ - linha /lˈiɲɐ/
		línɡua /lˈĩɡwɐ/ - línɡua /lˈĩɡwɐ/
		loɡo /lˈoɡu/ - loɡo /lˈɔɣu/
		luz /lˈujʃ/ - luz /lˈuʃ/
		luta /lˈutɐ/ - luta /lˈutɐ/
		lua /lˈuɐ/ - lua /lˈuɐ/
		maduro /madˈuɾu/ - maduro /mɐðˈuɾu/
		metade /metˈaʤi/ - metade /mɨtˈaðɨ/
		morseɡar /mohseɡˈah/ - morder /muɾðˈeɾ/
		morrer /mohˈeh/ - morrer /moʁˈeɾ/
		morder /moɦdˈeh/ - mosseɡar /musɨɣˈaɾ/
		morder /moɦdˈeh/ - morseɡar /muɾsɨɣˈaɾ/
		morder /moɦdˈeh/ - morder /muɾðˈeɾ/
		montanha /mõtˈɐ̃j̃ɐ/ - montanha /mõtˈɐɲɐ/
		matar /mɐtˈah/ - matar /mɐtˈaɾ/
		mar /mˈah/ - mar /mˈaɾ/
		meio /mˈeju/ - meio /mˈɐju/
		me /mˈi/ - me /mˈɨ/
		mil /mˈiw/ - mil /mˈiɫ/
		muito /mˈũj̃tu/ - muito /mˈũj̃tu/
		mão /mˈɐ̃w̃/ - mão /mˈɐ̃w̃/
		morte /mˈɔhʧi/ - morte /mˈɔɾtɨ/
		mel /mˈɛw/ - mel /mˈɛɫ/
		nadar /nadˈah/ - nadar /nɐðˈaɾ/
		nascer /nasˈeh/ - nascer /nɐʃsˈeɾ/
		nariz /naɾˈiʃ/ - nariz /nɐɾˈiʃ/
		nenhum /nẽj̃ˈũ/ - nenhum /nɨɲˈũ/
		não /nɐ̃w̃/ - não /nɐ̃w̃/
		neɡro /nˈeɡɾu/ - neɡro /nˈeɣɾu/
		noite /nˈojʧi/ - noite /nˈojtɨ/
		nome /nˈõmi/ - nome /nˈomɨ/
		nuvem /nˈuvẽj̃/ - nuvem /nˈuvɐ̃j̃/
		nó /nˈɔ/ - nó /nˈɔ/
		nós /nˈɔjʃ/ - nós /nˈɔʃ/
		noz /nˈɔjʃ/ - noz /nˈɔʃ/
		nosso /nˈɔsu/ - nosso /nˈɔsu/
		nove /nˈɔvi/ - nove /nˈɔvɨ/
		névoa /nˈɛvuɐ/ - névoa /nˈɛvwɐ/
		obreiro /obɾˈejɾu/ - obreiro /ɔβɾˈɐjɾu/
		ovelha /ovˈeʎɐ/ - ovelha /ɔvˈɐjʎɐ/
		orelha /oɾˈeʎɐ/ - orelha /ɔɾˈɐjʎɐ/
		pequeno /pekˈẽnu/ - pequeno /pɨkˈenu/
		piolho /piˈoʎu/ - piolho /pjˈoʎu/
		poder /podˈeh/ - poder /puðˈeɾ/
		proveito /pɾovˈejtu/ - proveito /pɾuvˈɐjtu/
		preço /pɾˈesu/ - preço /pɾˈesu/
		paz /pˈajʃ/ - paz /pˈaʃ/
		paço /pˈasu/ - paço /pˈasu/
		pássaro /pˈasɐɾu/ - pássaro /pˈasɐɾu/
		peito /pˈejtu/ - peito /pˈɐjtu/
		peixe /pˈejʃi/ - peixe /pˈɐjʃɨ/
		pelo /pˈelu/ - cabelo /kɐβˈelu/
		pelo /pˈelu/ - pelo /pˈelu/
		pena /pˈenɐ/ - pena /pˈenɐ/
		pêsseɡo /pˈeseɡu/ - pêsseɡo /pˈesɨɣu/
		pena /pˈẽnɐ/ - pena /pˈenɐ/
		porco /pˈohku/ - porco /pˈoɾku/
		poio /pˈoju/ - poio /pˈoju/
		pouco /pˈowku/ - pouco /pˈowku/
		pões /pˈõj̃ʃ/ - pões /pˈõj̃ʃ/
		ponte /pˈõʧi/ - ponte /pˈõtɨ/
		punho /pˈũj̃u/ - punho /pˈuɲu/
		pança /pˈɐ̃sɐ/ - pança /pˈɐ̃sɐ/
		pão /pˈɐ̃w̃/ - pão /pˈɐ̃w̃/
		pobre /pˈɔbɾi/ - pobre /pˈɔβɾɨ/
		porca /pˈɔhkɐ/ - porca /pˈɔɾkɐ/
		pé /pˈɛ/ - pé /pˈɛ/
		pedra /pˈɛdɾɐ/ - pedra /pˈɛðɾɐ/
		pele /pˈɛli/ - pele /pˈɛlɨ/
		saber /sabˈeh/ - saber /sɐβˈeɾ/
		saúde /saˈuʤi/ - saúde /sɐˈuðɨ/
		semana /semˈɐ̃nɐ/ - semana /sɨmˈɐnɐ/
		cereja /seɾˈeʒɐ/ - cereja /sɨɾˈɐjʒɐ/
		sentar /sẽtˈah/ - sentar /sẽtˈaɾ/
		cidade /sidˈaʤi/ - cidade /siðˈaðɨ/
		sabes /sˈabiʃ/ - sabes /sˈaβɨʃ/
		sábio /sˈabju/ - sábio /sˈaβju/
		saiba /sˈajbɐ/ - saiba /sˈajβɐ/
		sal /sˈaw/ - sal /sˈaɫ/
		seda /sˈedɐ/ - seda /sˈeðɐ/
		seis /sˈejʃ/ - seis /sˈɐjʃ/
		seixo /sˈejʃu/ - seixo /sˈɐjʃu/
		seco /sˈeku/ - seco /sˈeku/
		seca /sˈekɐ/ - seca /sˈekɐ/
		cera /sˈeɾɐ/ - cera /sˈeɾɐ/
		cento /sˈẽtu/ - cento /sˈẽtu/
		cima /sˈĩmɐ/ - cima /sˈimɐ/
		cinza /sˈĩzɐ/ - cinza /sˈĩzɐ/
		sobre /sˈobɾi/ - sobre /sˈoβɾɨ/
		sã /sˈɐ̃/ - sã /sˈɐ̃/
		santo /sˈɐ̃tu/ - santo /sˈɐ̃tu/
		são /sˈɐ̃w̃/ - são /sˈɐ̃w̃/
		céu /sˈɛw/ - céu /sˈɛw/
		três /tɾˈejʃ/ - três /tɾˈeʃ/
		tempo /tˈẽpu/ - tempo /tˈẽpu/
		todos /tˈoduʃ/ - todos /tˈoðuʃ/
		touro /tˈowɾu/ - touro /tˈowɾu/
		tú /tˈu/ - tú /tˈu/
		terra /tˈɛhɐ/ - terra /tˈɛʁɐ/
		testa /tˈɛʃtɐ/ - testa /tˈɛʃtɐ/
		verɡonha /veɦɡˈõj̃ɐ/ - verɡonha /vɨɾɣˈoɲɐ/
		vilão /vilˈɐ̃w̃/ - vilão /vilˈɐ̃w̃/
		vizinho /vizˈĩj̃u/ - vizinho /vɨzˈiɲu/
		voar /voˈah/ - voar /vwˈaɾ/
		vaca /vˈakɐ/ - vaca /vˈakɐ/
		ver /vˈeh/ - ver /vˈeɾ/
		verde /vˈeɦʤi/ - verde /vˈeɾðɨ/
		velho /vˈeʎu/ - velho /vˈɐjʎu/
		venho /vˈẽj̃u/ - venho /vˈɐjɲu/
		vento /vˈẽtu/ - vento /vˈẽtu/
		ventre /vˈẽtɾi/ - ventre /vˈẽtɾɨ/
		vida /vˈidɐ/ - vida /vˈiðɐ/
		vir /vˈih/ - vir /vˈiɾ/
		via /vˈiɐ/ - via /vˈiɐ/
		vinho /vˈĩj̃u/ - vinho /vˈiɲu/
		voo /vˈou/ - voo /vˈou/
		vós /vˈɔjʃ/ - vós /vˈɔʃ/
		verme /vˈɛɦmi/ - verme /vˈɛɾmɨ/
		ɡrosso /ɡɾˈosu/ - ɡrosso /ɡɾˈosu/
		ɡrão /ɡɾˈɐ̃w̃/ - ɡrão /ɡɾˈɐ̃w̃/
		ɡrande /ɡɾˈɐ̃ʤi/ - ɡrande /ɡɾˈɐ̃dɨ/
		ɡoivo /ɡˈojvu/ - ɡoivo /ɡˈojvu/
		ɡola /ɡˈɔlɐ/ - ɡola /ɡˈɔlɐ/
		chamar /ʃamˈah/ - chamar /ʃɐmˈaɾ/
		chorar /ʃoɾˈah/ - chorar /ʃuɾˈaɾ/
		chave /ʃˈavi/ - chave /ʃˈavɨ/
		chaɡa /ʃˈaɡɐ/ - chaɡa /ʃˈaɣɐ/
		cheio /ʃˈeju/ - cheio /ʃˈɐju/
		chor /ʃˈoh/ - chor /ʃˈoɾ/
		chuva /ʃˈuvɐ/ - chuva /ʃˈuvɐ/
		chama /ʃˈɐ̃mɐ/ - chama /ʃˈɐmɐ/
		ɡenɡiva /ʒẽʒˈivɐ/ - ɡenɡiva /ʒẽʒˈivɐ/
		joelho /ʒuˈeʎu/ - joelho /ʒwˈɐjʎu/
		juiz /ʒuˈiʃ/ - juiz /ʒuˈiʃ/
		ɡenro /ʒˈẽhu/ - ɡenro /ʒˈẽʁu/
		ɡente /ʒˈẽʧi/ - ɡente /ʒˈẽtɨ/
		joɡo /ʒˈoɡu/ - joɡo /ʒˈoɣu/
		junho /ʒˈũj̃u/ - junho /ʒˈuɲu/
		junto /ʒˈũtu/ - junto /ʒˈũtu/
		ʤizer /ʤizˈeh/ - dizer /dizˈeɾ/
		ʤia /ʤˈiɐ/ - dia /dˈiɐ/
		alma /ˈawmɐ/ - alma /ˈaɫmɐ/
		áɡua /ˈaɡwɐ/ - áɡua /ˈaɣwɐ/
		árvore /ˈaɦvoɾi/ - árvore /ˈaɾvuɾɨ/
		ele /ˈeli/ - ele /ˈelɨ/
		eu /ˈew/ - eu /ˈew/
		ilha /ˈiʎɐ/ - insua /ˈinswɐ/
		ilha /ˈiʎɐ/ - ilha /ˈiʎɐ/
		ínsua /ˈĩswɐ/ - insua /ˈinswɐ/
		ínsua /ˈĩswɐ/ - ilha /ˈiʎɐ/
		oito /ˈojtu/ - oito /ˈojtu/
		osso /ˈosu/ - osso /ˈosu/
		ouro /ˈowɾu/ - ouro /ˈowɾu/
		olho /ˈoʎu/ - olho /ˈoʎu/
		olhos /ˈoʎuʃ/ - olhos /ˈoʎuʃ/
		ombro /ˈõbɾu/ - ombro /ˈõbɾu/
		homem /ˈõmẽj̃/ - homem /ˈɔmɐ̃j̃/
		usso /ˈusu/ - usso /ˈusu/
		um /ˈũ/ - um /ˈũ/
		unha /ˈũj̃ɐ/ - unha /ˈuɲɐ/
		ano /ˈɐ̃nu/ - ano /ˈɐnu/
		anjo /ˈɐ̃ʒu/ - anjo /ˈɐ̃ʒu/
		obra /ˈɔbɾɐ/ - obra /ˈɔβɾɐ/
		elo /ˈɛlu/ - elo /ˈɛlu/
		ela /ˈɛlɐ/ - ela /ˈɛlɐ/
		erva /ˈɛɦvɐ/ - erva /ˈɛɾvɐ/

Final disqualified:
		ventre /vˈẽtɾi/ - pança /pˈɐ̃sɐ/


-------------------

****SAMPLE 3****
Iteration 1
	Qualified: 265
	Disqualified: 267
	Added: 0
	Removed: 1
		pança /pˈɐ̃sɐ/ - ventre /vˈẽtɾɨ/

Iteration 2
	Qualified: 265
	Disqualified: 267
	Added: 0
	Removed: 0

Final qualifying:
		abelha /abˈeʎɐ/ - abelha /ɐβˈɐjʎɐ/
		amarelo /amaɾˈɛlu/ - amarelo /ɐmɐɾˈɛlu/
		aɡulha /aɡˈuʎɐ/ - aɡulha /ɐɣˈuʎɐ/
		areia /aɾˈejɐ/ - areia /ɐɾˈɐjɐ/
		aranha /aɾˈɐ̃j̃ɐ/ - aranha /ɐɾˈɐɲɐ/
		achar /aʃˈah/ - achar /ɐʃˈaɾ/
		ajudar /aʒudˈah/ - ajudar /ɐʒuðˈaɾ/
		ajudo /aʒˈudu/ - ajudo /ɐʒˈuðu/
		beber /bebˈeh/ - beber /bɨβˈeɾ/
		branco /bɾˈɐ̃ku/ - branco /bɾˈɐ̃ku/
		baixo /bˈajʃu/ - baixo /bˈajʃu/
		boca /bˈokɐ/ - boca /bˈokɐ/
		boa /bˈoɐ/ - boa /bˈoɐ/
		boas /bˈoɐʃ/ - boas /bˈoɐʃ/
		bons /bˈõʃ/ - bons /bˈõʃ/
		banho /bˈɐ̃j̃u/ - banho /bˈɐɲu/
		belo /bˈɛlu/ - belo /bˈɛlu/
		bela /bˈɛlɐ/ - bela /bˈɛlɐ/
		draɡão /dɾaɡˈɐ̃w̃/ - draɡão /dɾɐɣˈɐ̃w̃/
		dar /dˈah/ - dar /dˈaɾ/
		dedo /dˈedu/ - dedo /dˈeðu/
		deus /dˈewʃ/ - deus /dˈewʃ/
		dente /dˈẽʧi/ - dente /dˈẽtɨ/
		dois /dˈojʃ/ - dois /dˈojʃ/
		doce /dˈosi/ - doce /dˈosɨ/
		doze /dˈozi/ - doze /dˈozɨ/
		dom /dˈõ/ - dom /dˈõ/
		dona /dˈõnɐ/ - dona /dˈonɐ/
		duas /dˈuɐʃ/ - duas /dˈuɐʃ/
		dez /dˈɛjʃ/ - dez /dˈɛʃ/
		escutar /eskutˈah/ - escutar /iʃkutˈaɾ/
		escrever /eskɾevˈeh/ - escrever /iʃkɾɨvˈeɾ/
		espada /eʃpˈadɐ/ - espada /iʃpˈaðɐ/
		espiɡa /eʃpˈiɡɐ/ - espiɡa /iʃpˈiɣɐ/
		estrela /eʃtɾˈelɐ/ - estrela /iʃtɾˈelɐ/
		estado /eʃtˈadu/ - estado /iʃtˈaðu/
		estio /eʃʧˈiw/ - estio /iʃtˈiu/
		fazer /fazˈeh/ - fazer /fɐzˈeɾ/
		frio /fɾˈiu/ - frio /fɾˈiu/
		fruito /fɾˈujtu/ - fruito /fɾˈujtu/
		faço /fˈasu/ - faço /fˈasu/
		falso /fˈawsu/ - falso /fˈaɫsu/
		fio /fˈiw/ - fio /fˈiu/
		fíɡado /fˈiɡɐdu/ - fíɡado /fˈiɣɐðu/
		filho /fˈiʎu/ - filho /fˈiʎu/
		filha /fˈiʎɐ/ - filha /fˈiʎɐ/
		fim /fˈĩ/ - fim /fˈĩ/
		fino /fˈĩnu/ - fino /fˈinu/
		força /fˈohsɐ/ - força /fˈoɾsɐ/
		folha /fˈoʎɐ/ - folha /fˈoʎɐ/
		fumo /fˈũmu/ - fumo /fˈumu/
		forte /fˈɔhʧi/ - forte /fˈɔɾtɨ/
		fome /fˈɔmi/ - fome /fˈɔmɨ/
		ferro /fˈɛhu/ - ferro /fˈɛʁu/
		festa /fˈɛʃtɐ/ - festa /fˈɛʃtɐ/
		razão /hazˈɐ̃w̃/ - razão /ʁɐzˈɐ̃w̃/
		rainha /haˈĩj̃ɐ/ - rainha /ʁɐˈiɲɐ/
		redondo /hedˈõdu/ - redondo /ʁɨðˈõdu/
		romão /homˈɐ̃w̃/ - romão /ʁumˈɐ̃w̃/
		rei /hˈej/ - rei /ʁˈɐj/
		rio /hˈiu/ - rio /ʁˈiu/
		roxo /hˈoʃu/ - roxo /ʁˈoʃu/
		roxo /hˈoʃu/ - ruivo /ʁˈujvu/
		ruivo /hˈujvu/ - ruivo /ʁˈujvu/
		iɡual /iɡwˈaw/ - iɡual /iɣwˈaɫ/
		irmão /iɦmˈɐ̃w̃/ - irmão /iɾmˈɐ̃w̃/
		inverno /ĩvˈɛɦnu/ - inverno /ĩvˈɛɾnu/
		cabelo /kabˈelu/ - cabelo /kɐβˈelu/
		cabelo /kabˈelu/ - pelo /pˈelu/
		cadeia /kadˈejɐ/ - cadeia /kɐðˈɐjɐ/
		caçar /kasˈah/ - caçar /kɐsˈaɾ/
		cavalo /kavˈalu/ - cavalo /kɐvˈalu/
		castelo /kaʃtˈɛlu/ - castelo /kɐʃtˈɛlu/
		conhecer /kõj̃esˈeh/ - conhecer /kuɲɨsˈeɾ/
		cortiça /kuhʧˈisɐ/ - cortiça /kuɾtˈisɐ/
		quatro /kwˈatɾu/ - quatro /kwˈatɾu/
		cambiar /kɐ̃bjˈah/ - cambiar /kɐ̃bjˈaɾ/
		crer /kɾˈeh/ - crer /kɾˈeɾ/
		cabra /kˈabɾɐ/ - cabra /kˈaβɾɐ/
		caldo /kˈawdu/ - caldo /kˈaɫdu/
		casa /kˈazɐ/ - casa /kˈazɐ/
		caro /kˈaɾu/ - caro /kˈaɾu/
		quem /kˈẽj̃/ - quem /kˈɐ̃j̃/
		que /kˈi/ - que /kˈɨ/
		cor /kˈoh/ - cor /kˈoɾ/
		corpo /kˈohpu/ - corpo /kˈoɾpu/
		coisa /kˈojzɐ/ - coisa /kˈojzɐ/
		corno /kˈoɦnu/ - corno /kˈoɾnu/
		coxa /kˈoʃɐ/ - coxa /kˈoʃɐ/
		cu /kˈu/ - cu /kˈu/
		cunho /kˈũj̃u/ - cunho /kˈuɲu/
		canto /kˈɐ̃tu/ - canto /kˈɐ̃tu/
		cão /kˈɐ̃w̃/ - cão /kˈɐ̃w̃/
		cor /kˈɔh/ - cor /kˈɔɾ/
		colo /kˈɔlu/ - colo /kˈɔlu/
		costa /kˈɔʃtɐ/ - costa /kˈɔʃtɐ/
		levar /levˈah/ - levar /lɨvˈaɾ/
		leão /leˈɐ̃w̃/ - leão /ljˈɐ̃w̃/
		laɡo /lˈaɡu/ - laɡo /lˈaɣu/
		láɡrima /lˈaɡɾimɐ/ - láɡrima /lˈaɣɾimɐ/
		leito /lˈejtu/ - leito /lˈɐjtu/
		leite /lˈejʧi/ - leite /lˈɐjtɨ/
		letra /lˈetɾɐ/ - letra /lˈetɾɐ/
		lenha /lˈẽj̃ɐ/ - lenha /lˈɐjɲɐ/
		livre /lˈivɾi/ - livre /lˈivɾɨ/
		linha /lˈĩj̃ɐ/ - linha /lˈiɲɐ/
		línɡua /lˈĩɡwɐ/ - línɡua /lˈĩɡwɐ/
		lobo /lˈobu/ - lobo /lˈoβu/
		loɡo /lˈoɡu/ - loɡo /lˈɔɣu/
		luta /lˈutɐ/ - luta /lˈutɐ/
		lua /lˈuɐ/ - lua /lˈuɐ/
		lã /lˈɐ̃/ - lã /lˈɐ̃/
		maduro /madˈuɾu/ - maduro /mɐðˈuɾu/
		metade /metˈaʤi/ - metade /mɨtˈaðɨ/
		morseɡar /mohseɡˈah/ - morseɡar /muɾsɨɣˈaɾ/
		morseɡar /mohseɡˈah/ - morder /muɾðˈeɾ/
		morder /moɦdˈeh/ - mosseɡar /musɨɣˈaɾ/
		morder /moɦdˈeh/ - morseɡar /muɾsɨɣˈaɾ/
		morder /moɦdˈeh/ - morder /muɾðˈeɾ/
		mar /mˈah/ - mar /mˈaɾ/
		meio /mˈeju/ - meio /mˈɐju/
		me /mˈi/ - me /mˈɨ/
		mil /mˈiw/ - mil /mˈiɫ/
		miɡa /mˈiɡɐ/ - miɡa /mˈiɣɐ/
		mosca /mˈoʃkɐ/ - mosca /mˈoʃkɐ/
		muito /mˈũj̃tu/ - muito /mˈũj̃tu/
		mão /mˈɐ̃w̃/ - mão /mˈɐ̃w̃/
		morte /mˈɔhʧi/ - morte /mˈɔɾtɨ/
		mel /mˈɛw/ - mel /mˈɛɫ/
		nadar /nadˈah/ - nadar /nɐðˈaɾ/
		nariz /naɾˈiʃ/ - nariz /nɐɾˈiʃ/
		nenhum /nẽj̃ˈũ/ - nenhum /nɨɲˈũ/
		não /nɐ̃w̃/ - não /nɐ̃w̃/
		neɡro /nˈeɡɾu/ - neɡro /nˈeɣɾu/
		noite /nˈojʧi/ - noite /nˈojtɨ/
		novo /nˈovu/ - novo /nˈovu/
		nuvem /nˈuvẽj̃/ - nuvem /nˈuvɐ̃j̃/
		noz /nˈɔjʃ/ - noz /nˈɔʃ/
		nós /nˈɔjʃ/ - nós /nˈɔʃ/
		nosso /nˈɔsu/ - nosso /nˈɔsu/
		nove /nˈɔvi/ - nove /nˈɔvɨ/
		neve /nˈɛvi/ - neve /nˈɛvɨ/
		névoa /nˈɛvuɐ/ - névoa /nˈɛvwɐ/
		obreiro /obɾˈejɾu/ - obreiro /ɔβɾˈɐjɾu/
		odor /odˈoh/ - odor /ɔðˈoɾ/
		ovelha /ovˈeʎɐ/ - ovelha /ɔvˈɐjʎɐ/
		outono /owtˈõnu/ - outono /owtˈonu/
		orelha /oɾˈeʎɐ/ - orelha /ɔɾˈɐjʎɐ/
		palavra /palˈavɾɐ/ - palavra /pɐlˈavɾɐ/
		pequeno /pekˈẽnu/ - pequeno /pɨkˈenu/
		piolho /piˈoʎu/ - piolho /pjˈoʎu/
		poder /podˈeh/ - poder /puðˈeɾ/
		proveito /pɾovˈejtu/ - proveito /pɾuvˈɐjtu/
		preço /pɾˈesu/ - preço /pɾˈesu/
		paz /pˈajʃ/ - paz /pˈaʃ/
		paço /pˈasu/ - paço /pˈasu/
		pássaro /pˈasɐɾu/ - pássaro /pˈasɐɾu/
		peito /pˈejtu/ - peito /pˈɐjtu/
		pelo /pˈelu/ - cabelo /kɐβˈelu/
		pelo /pˈelu/ - pelo /pˈelu/
		pêsseɡo /pˈeseɡu/ - pêsseɡo /pˈesɨɣu/
		pena /pˈẽnɐ/ - pena /pˈenɐ/
		pôr /pˈoh/ - pôr /pˈoɾ/
		porco /pˈohku/ - porco /pˈoɾku/
		poio /pˈoju/ - poio /pˈoju/
		poço /pˈosu/ - poço /pˈosu/
		pões /pˈõj̃ʃ/ - pões /pˈõj̃ʃ/
		ponto /pˈõtu/ - ponto /pˈõtu/
		ponte /pˈõʧi/ - ponte /pˈõtɨ/
		pança /pˈɐ̃sɐ/ - pança /pˈɐ̃sɐ/
		pão /pˈɐ̃w̃/ - pão /pˈɐ̃w̃/
		pobre /pˈɔbɾi/ - pobre /pˈɔβɾɨ/
		porca /pˈɔhkɐ/ - porca /pˈɔɾkɐ/
		pé /pˈɛ/ - pé /pˈɛ/
		pedra /pˈɛdɾɐ/ - pedra /pˈɛðɾɐ/
		pele /pˈɛli/ - pele /pˈɛlɨ/
		saúde /saˈuʤi/ - saúde /sɐˈuðɨ/
		semente /semˈẽʧi/ - semente /sɨmˈẽtɨ/
		semana /semˈɐ̃nɐ/ - semana /sɨmˈɐnɐ/
		cereja /seɾˈeʒɐ/ - cereja /sɨɾˈɐjʒɐ/
		sentar /sẽtˈah/ - sentar /sẽtˈaɾ/
		cidade /sidˈaʤi/ - cidade /siðˈaðɨ/
		cinquenta /sĩkwˈẽtɐ/ - cinquenta /sĩkwˈẽtɐ/
		sábio /sˈabju/ - sábio /sˈaβju/
		sal /sˈaw/ - sal /sˈaɫ/
		seda /sˈedɐ/ - seda /sˈeðɐ/
		seis /sˈejʃ/ - seis /sˈɐjʃ/
		seco /sˈeku/ - seco /sˈeku/
		cera /sˈeɾɐ/ - cera /sˈeɾɐ/
		cima /sˈĩmɐ/ - cima /sˈimɐ/
		sobre /sˈobɾi/ - sobre /sˈoβɾɨ/
		sã /sˈɐ̃/ - sã /sˈɐ̃/
		santo /sˈɐ̃tu/ - santo /sˈɐ̃tu/
		são /sˈɐ̃w̃/ - são /sˈɐ̃w̃/
		sanɡue /sˈɐ̃ɡi/ - sanɡue /sˈɐ̃ɡɨ/
		céu /sˈɛw/ - céu /sˈɛw/
		sete /sˈɛʧi/ - sete /sˈɛtɨ/
		três /tɾˈejʃ/ - três /tɾˈeʃ/
		tempo /tˈẽpu/ - tempo /tˈẽpu/
		todo /tˈodu/ - todo /tˈoðu/
		todos /tˈoduʃ/ - todos /tˈoðuʃ/
		touro /tˈowɾu/ - touro /tˈowɾu/
		terra /tˈɛhɐ/ - terra /tˈɛʁɐ/
		umbiɡo /ũbˈiɡu/ - umbiɡo /ũbˈiɣu/
		verɡonha /veɦɡˈõj̃ɐ/ - verɡonha /vɨɾɣˈoɲɐ/
		vilão /vilˈɐ̃w̃/ - vilão /vilˈɐ̃w̃/
		vizinho /vizˈĩj̃u/ - vizinho /vɨzˈiɲu/
		voar /voˈah/ - voar /vwˈaɾ/
		vaca /vˈakɐ/ - vaca /vˈakɐ/
		ver /vˈeh/ - ver /vˈeɾ/
		verde /vˈeɦʤi/ - verde /vˈeɾðɨ/
		velho /vˈeʎu/ - velho /vˈɐjʎu/
		venho /vˈẽj̃u/ - venho /vˈɐjɲu/
		vento /vˈẽtu/ - vento /vˈẽtu/
		vila /vˈilɐ/ - vila /vˈilɐ/
		via /vˈiɐ/ - via /vˈiɐ/
		vinho /vˈĩj̃u/ - vinho /vˈiɲu/
		vinte /vˈĩʧi/ - vinte /vˈĩtɨ/
		voo /vˈou/ - voo /vˈou/
		voz /vˈɔjʃ/ - voz /vˈɔʃ/
		vós /vˈɔjʃ/ - vós /vˈɔʃ/
		ɡraxa /ɡɾˈaʃɐ/ - ɡraxa /ɡɾˈaʃɐ/
		ɡrosso /ɡɾˈosu/ - ɡrosso /ɡɾˈosu/
		ɡrande /ɡɾˈɐ̃ʤi/ - ɡrande /ɡɾˈɐ̃dɨ/
		ɡoivo /ɡˈojvu/ - ɡoivo /ɡˈojvu/
		ɡota /ɡˈotɐ/ - ɡota /ɡˈotɐ/
		ɡola /ɡˈɔlɐ/ - ɡola /ɡˈɔlɐ/
		chamar /ʃamˈah/ - chamar /ʃɐmˈaɾ/
		chorar /ʃoɾˈah/ - chorar /ʃuɾˈaɾ/
		chave /ʃˈavi/ - chave /ʃˈavɨ/
		chaɡa /ʃˈaɡɐ/ - chaɡa /ʃˈaɣɐ/
		cheio /ʃˈeju/ - cheio /ʃˈɐju/
		chor /ʃˈoh/ - chor /ʃˈoɾ/
		ɡear /ʒeˈah/ - ɡear /ʒjˈaɾ/
		ɡenɡiva /ʒẽʒˈivɐ/ - ɡenɡiva /ʒẽʒˈivɐ/
		juiz /ʒuˈiʃ/ - juiz /ʒuˈiʃ/
		ɡenro /ʒˈẽhu/ - ɡenro /ʒˈẽʁu/
		joɡo /ʒˈoɡu/ - joɡo /ʒˈoɣu/
		junho /ʒˈũj̃u/ - junho /ʒˈuɲu/
		junto /ʒˈũtu/ - junto /ʒˈũtu/
		jovem /ʒˈɔvẽj̃/ - jovem /ʒˈɔvɐ̃j̃/
		ʤia /ʤˈiɐ/ - dia /dˈiɐ/
		ʤiɡo /ʤˈiɡu/ - diɡo /dˈiɣu/
		alma /ˈawmɐ/ - alma /ˈaɫmɐ/
		áɡua /ˈaɡwɐ/ - áɡua /ˈaɣwɐ/
		árvore /ˈaɦvoɾi/ - árvore /ˈaɾvuɾɨ/
		alho /ˈaʎu/ - alho /ˈaʎu/
		ele /ˈeli/ - ele /ˈelɨ/
		eu /ˈew/ - eu /ˈew/
		ilha /ˈiʎɐ/ - insua /ˈinswɐ/
		ilha /ˈiʎɐ/ - ilha /ˈiʎɐ/
		osso /ˈosu/ - osso /ˈosu/
		ovo /ˈovu/ - ovo /ˈovu/
		outro /ˈowtɾu/ - outro /ˈowtɾu/
		ouro /ˈowɾu/ - ouro /ˈowɾu/
		olho /ˈoʎu/ - olho /ˈoʎu/
		olhos /ˈoʎuʃ/ - olhos /ˈoʎuʃ/
		ombro /ˈõbɾu/ - ombro /ˈõbɾu/
		homem /ˈõmẽj̃/ - homem /ˈɔmɐ̃j̃/
		um /ˈũ/ - um /ˈũ/
		unha /ˈũj̃ɐ/ - unha /ˈuɲɐ/
		ano /ˈɐ̃nu/ - ano /ˈɐnu/
		obra /ˈɔbɾɐ/ - obra /ˈɔβɾɐ/
		elo /ˈɛlu/ - elo /ˈɛlu/
		ela /ˈɛlɐ/ - ela /ˈɛlɐ/

Final disqualified:
		pança /pˈɐ̃sɐ/ - ventre /vˈẽtɾɨ/


-------------------

****SAMPLE 4****
Iteration 1
	Qualified: 264
	Disqualified: 268
	Added: 0
	Removed: 2
		ventre /vˈẽtɾi/ - pança /pˈɐ̃sɐ/
		pança /pˈɐ̃sɐ/ - ventre /vˈẽtɾɨ/

Iteration 2
	Qualified: 264
	Disqualified: 268
	Added: 0
	Removed: 0

Final qualifying:
		abelha /abˈeʎɐ/ - abelha /ɐβˈɐjʎɐ/
		amarelo /amaɾˈɛlu/ - amarelo /ɐmɐɾˈɛlu/
		aɡulha /aɡˈuʎɐ/ - aɡulha /ɐɣˈuʎɐ/
		arɡila /aɦʒˈilɐ/ - arɡila /ɐɾʒˈilɐ/
		areia /aɾˈejɐ/ - areia /ɐɾˈɐjɐ/
		aranha /aɾˈɐ̃j̃ɐ/ - aranha /ɐɾˈɐɲɐ/
		achar /aʃˈah/ - achar /ɐʃˈaɾ/
		ajudar /aʒudˈah/ - ajudar /ɐʒuðˈaɾ/
		ajudo /aʒˈudu/ - ajudo /ɐʒˈuðu/
		beber /bebˈeh/ - beber /bɨβˈeɾ/
		branco /bɾˈɐ̃ku/ - branco /bɾˈɐ̃ku/
		baixo /bˈajʃu/ - baixo /bˈajʃu/
		boi /bˈoj/ - boi /bˈoj/
		boca /bˈokɐ/ - boca /bˈokɐ/
		boa /bˈoɐ/ - boa /bˈoɐ/
		boas /bˈoɐʃ/ - boas /bˈoɐʃ/
		banho /bˈɐ̃j̃u/ - banho /bˈɐɲu/
		belo /bˈɛlu/ - belo /bˈɛlu/
		bela /bˈɛlɐ/ - bela /bˈɛlɐ/
		dormir /doɦmˈih/ - dormir /duɾmˈiɾ/
		draɡão /dɾaɡˈɐ̃w̃/ - draɡão /dɾɐɣˈɐ̃w̃/
		dar /dˈah/ - dar /dˈaɾ/
		dedo /dˈedu/ - dedo /dˈeðu/
		dente /dˈẽʧi/ - dente /dˈẽtɨ/
		dois /dˈojʃ/ - dois /dˈojʃ/
		doce /dˈosi/ - doce /dˈosɨ/
		doze /dˈozi/ - doze /dˈozɨ/
		doa /dˈoɐ/ - doa /dˈoɐ/
		dom /dˈõ/ - dom /dˈõ/
		duas /dˈuɐʃ/ - duas /dˈuɐʃ/
		dez /dˈɛjʃ/ - dez /dˈɛʃ/
		escutar /eskutˈah/ - escutar /iʃkutˈaɾ/
		escuro /eʃkˈuɾu/ - escuro /iʃkˈuɾu/
		espada /eʃpˈadɐ/ - espada /iʃpˈaðɐ/
		espiɡa /eʃpˈiɡɐ/ - espiɡa /iʃpˈiɣɐ/
		espinha /eʃpˈĩj̃ɐ/ - espinha /iʃpˈiɲɐ/
		Espanha /eʃpˈɐ̃j̃ɐ/ - Espanha /iʃpˈɐɲɐ/
		estrela /eʃtɾˈelɐ/ - estrela /iʃtɾˈelɐ/
		estado /eʃtˈadu/ - estado /iʃtˈaðu/
		estio /eʃʧˈiw/ - estio /iʃtˈiu/
		falar /falˈah/ - falar /fɐlˈaɾ/
		farinha /faɾˈĩj̃ɐ/ - farinha /fɐɾˈiɲɐ/
		frio /fɾˈiu/ - frio /fɾˈiu/
		fruito /fɾˈujtu/ - fruito /fɾˈujtu/
		fada /fˈadɐ/ - fada /fˈaðɐ/
		faço /fˈasu/ - faço /fˈasu/
		falso /fˈawsu/ - falso /fˈaɫsu/
		fêmea /fˈẽmeɐ/ - fêmea /fˈemjɐ/
		fio /fˈiw/ - fio /fˈiu/
		fíɡado /fˈiɡɐdu/ - fíɡado /fˈiɣɐðu/
		filha /fˈiʎɐ/ - filha /fˈiʎɐ/
		fim /fˈĩ/ - fim /fˈĩ/
		fino /fˈĩnu/ - fino /fˈinu/
		força /fˈohsɐ/ - força /fˈoɾsɐ/
		foɡo /fˈoɡu/ - foɡo /fˈoɣu/
		folha /fˈoʎɐ/ - folha /fˈoʎɐ/
		fumo /fˈũmu/ - fumo /fˈumu/
		forte /fˈɔhʧi/ - forte /fˈɔɾtɨ/
		fome /fˈɔmi/ - fome /fˈɔmɨ/
		ferro /fˈɛhu/ - ferro /fˈɛʁu/
		raiz /haˈiʃ/ - raiz /ʁɐˈiʃ/
		rainha /haˈĩj̃ɐ/ - rainha /ʁɐˈiɲɐ/
		redondo /hedˈõdu/ - redondo /ʁɨðˈõdu/
		romão /homˈɐ̃w̃/ - romão /ʁumˈɐ̃w̃/
		rei /hˈej/ - rei /ʁˈɐj/
		rio /hˈiu/ - rio /ʁˈiu/
		ruivo /hˈujvu/ - roxo /ʁˈoʃu/
		ruivo /hˈujvu/ - ruivo /ʁˈujvu/
		iɡual /iɡwˈaw/ - iɡual /iɣwˈaɫ/
		irmão /iɦmˈɐ̃w̃/ - irmão /iɾmˈɐ̃w̃/
		inverno /ĩvˈɛɦnu/ - inverno /ĩvˈɛɾnu/
		cabelo /kabˈelu/ - cabelo /kɐβˈelu/
		cabelo /kabˈelu/ - pelo /pˈelu/
		cadeia /kadˈejɐ/ - cadeia /kɐðˈɐjɐ/
		caçar /kasˈah/ - caçar /kɐsˈaɾ/
		cavalo /kavˈalu/ - cavalo /kɐvˈalu/
		castelo /kaʃtˈɛlu/ - castelo /kɐʃtˈɛlu/
		cortiça /kuhʧˈisɐ/ - cortiça /kuɾtˈisɐ/
		quatro /kwˈatɾu/ - quatro /kwˈatɾu/
		cambiar /kɐ̃bjˈah/ - cambiar /kɐ̃bjˈaɾ/
		crer /kɾˈeh/ - crer /kɾˈeɾ/
		cruz /kɾˈujʃ/ - cruz /kɾˈuʃ/
		caldo /kˈawdu/ - caldo /kˈaɫdu/
		casa /kˈazɐ/ - casa /kˈazɐ/
		carne /kˈaɦni/ - carne /kˈaɾnɨ/
		caro /kˈaɾu/ - caro /kˈaɾu/
		quem /kˈẽj̃/ - quem /kˈɐ̃j̃/
		que /kˈi/ - que /kˈɨ/
		cor /kˈoh/ - cor /kˈoɾ/
		corpo /kˈohpu/ - corpo /kˈoɾpu/
		coisa /kˈojzɐ/ - coisa /kˈojzɐ/
		corno /kˈoɦnu/ - corno /kˈoɾnu/
		coxa /kˈoʃɐ/ - coxa /kˈoʃɐ/
		cu /kˈu/ - cu /kˈu/
		curto /kˈuhtu/ - curto /kˈuɾtu/
		cunho /kˈũj̃u/ - cunho /kˈuɲu/
		cão /kˈɐ̃w̃/ - cão /kˈɐ̃w̃/
		cor /kˈɔh/ - cor /kˈɔɾ/
		colo /kˈɔlu/ - colo /kˈɔlu/
		costa /kˈɔʃtɐ/ - costa /kˈɔʃtɐ/
		levar /levˈah/ - levar /lɨvˈaɾ/
		leão /leˈɐ̃w̃/ - leão /ljˈɐ̃w̃/
		láɡrima /lˈaɡɾimɐ/ - láɡrima /lˈaɣɾimɐ/
		lei /lˈej/ - lei /lˈɐj/
		leite /lˈejʧi/ - leite /lˈɐjtɨ/
		lenha /lˈẽj̃ɐ/ - lenha /lˈɐjɲɐ/
		livre /lˈivɾi/ - livre /lˈivɾɨ/
		linha /lˈĩj̃ɐ/ - linha /lˈiɲɐ/
		loɡo /lˈoɡu/ - loɡo /lˈɔɣu/
		luz /lˈujʃ/ - luz /lˈuʃ/
		luta /lˈutɐ/ - luta /lˈutɐ/
		lua /lˈuɐ/ - lua /lˈuɐ/
		lã /lˈɐ̃/ - lã /lˈɐ̃/
		lebre /lˈɛbɾi/ - lebre /lˈɛβɾɨ/
		maduro /madˈuɾu/ - maduro /mɐðˈuɾu/
		metade /metˈaʤi/ - metade /mɨtˈaðɨ/
		morseɡar /mohseɡˈah/ - mosseɡar /musɨɣˈaɾ/
		morseɡar /mohseɡˈah/ - morder /muɾðˈeɾ/
		morder /moɦdˈeh/ - mosseɡar /musɨɣˈaɾ/
		morder /moɦdˈeh/ - morseɡar /muɾsɨɣˈaɾ/
		morder /moɦdˈeh/ - morder /muɾðˈeɾ/
		montanha /mõtˈɐ̃j̃ɐ/ - montanha /mõtˈɐɲɐ/
		matar /mɐtˈah/ - matar /mɐtˈaɾ/
		mar /mˈah/ - mar /mˈaɾ/
		meio /mˈeju/ - meio /mˈɐju/
		mil /mˈiw/ - mil /mˈiɫ/
		miɡa /mˈiɡɐ/ - miɡa /mˈiɣɐ/
		mosca /mˈoʃkɐ/ - mosca /mˈoʃkɐ/
		muito /mˈũj̃tu/ - muito /mˈũj̃tu/
		mão /mˈɐ̃w̃/ - mão /mˈɐ̃w̃/
		morte /mˈɔhʧi/ - morte /mˈɔɾtɨ/
		mel /mˈɛw/ - mel /mˈɛɫ/
		nadar /nadˈah/ - nadar /nɐðˈaɾ/
		nascer /nasˈeh/ - nascer /nɐʃsˈeɾ/
		nariz /naɾˈiʃ/ - nariz /nɐɾˈiʃ/
		nenhum /nẽj̃ˈũ/ - nenhum /nɨɲˈũ/
		noite /nˈojʧi/ - noite /nˈojtɨ/
		novo /nˈovu/ - novo /nˈovu/
		nome /nˈõmi/ - nome /nˈomɨ/
		nó /nˈɔ/ - nó /nˈɔ/
		nós /nˈɔjʃ/ - nós /nˈɔʃ/
		noz /nˈɔjʃ/ - noz /nˈɔʃ/
		nove /nˈɔvi/ - nove /nˈɔvɨ/
		neve /nˈɛvi/ - neve /nˈɛvɨ/
		névoa /nˈɛvuɐ/ - névoa /nˈɛvwɐ/
		obreiro /obɾˈejɾu/ - obreiro /ɔβɾˈɐjɾu/
		odor /odˈoh/ - odor /ɔðˈoɾ/
		outono /owtˈõnu/ - outono /owtˈonu/
		orelha /oɾˈeʎɐ/ - orelha /ɔɾˈɐjʎɐ/
		palavra /palˈavɾɐ/ - palavra /pɐlˈavɾɐ/
		pequeno /pekˈẽnu/ - pequeno /pɨkˈenu/
		piolho /piˈoʎu/ - piolho /pjˈoʎu/
		proveito /pɾovˈejtu/ - proveito /pɾuvˈɐjtu/
		preço /pɾˈesu/ - preço /pɾˈesu/
		paz /pˈajʃ/ - paz /pˈaʃ/
		pássaro /pˈasɐɾu/ - pássaro /pˈasɐɾu/
		peito /pˈejtu/ - peito /pˈɐjtu/
		peixe /pˈejʃi/ - peixe /pˈɐjʃɨ/
		pelo /pˈelu/ - pelo /pˈelu/
		pena /pˈenɐ/ - pena /pˈenɐ/
		pêsseɡo /pˈeseɡu/ - pêsseɡo /pˈesɨɣu/
		pena /pˈẽnɐ/ - pena /pˈenɐ/
		pôr /pˈoh/ - pôr /pˈoɾ/
		poio /pˈoju/ - poio /pˈoju/
		poço /pˈosu/ - poço /pˈosu/
		ponto /pˈõtu/ - ponto /pˈõtu/
		punho /pˈũj̃u/ - punho /pˈuɲu/
		pança /pˈɐ̃sɐ/ - pança /pˈɐ̃sɐ/
		pão /pˈɐ̃w̃/ - pão /pˈɐ̃w̃/
		porca /pˈɔhkɐ/ - porca /pˈɔɾkɐ/
		pé /pˈɛ/ - pé /pˈɛ/
		pedra /pˈɛdɾɐ/ - pedra /pˈɛðɾɐ/
		pele /pˈɛli/ - pele /pˈɛlɨ/
		saber /sabˈeh/ - saber /sɐβˈeɾ/
		saúde /saˈuʤi/ - saúde /sɐˈuðɨ/
		semente /semˈẽʧi/ - semente /sɨmˈẽtɨ/
		semana /semˈɐ̃nɐ/ - semana /sɨmˈɐnɐ/
		seɡuro /seɡˈuɾu/ - seɡuro /sɨɣˈuɾu/
		cereja /seɾˈeʒɐ/ - cereja /sɨɾˈɐjʒɐ/
		sentar /sẽtˈah/ - sentar /sẽtˈaɾ/
		cidade /sidˈaʤi/ - cidade /siðˈaðɨ/
		cinquenta /sĩkwˈẽtɐ/ - cinquenta /sĩkwˈẽtɐ/
		sabes /sˈabiʃ/ - sabes /sˈaβɨʃ/
		sábio /sˈabju/ - sábio /sˈaβju/
		sal /sˈaw/ - sal /sˈaɫ/
		seda /sˈedɐ/ - seda /sˈeðɐ/
		seixo /sˈejʃu/ - seixo /sˈɐjʃu/
		seco /sˈeku/ - seco /sˈeku/
		seca /sˈekɐ/ - seca /sˈekɐ/
		cera /sˈeɾɐ/ - cera /sˈeɾɐ/
		cento /sˈẽtu/ - cento /sˈẽtu/
		cima /sˈĩmɐ/ - cima /sˈimɐ/
		cinza /sˈĩzɐ/ - cinza /sˈĩzɐ/
		sobre /sˈobɾi/ - sobre /sˈoβɾɨ/
		sã /sˈɐ̃/ - sã /sˈɐ̃/
		santo /sˈɐ̃tu/ - santo /sˈɐ̃tu/
		são /sˈɐ̃w̃/ - são /sˈɐ̃w̃/
		sanɡue /sˈɐ̃ɡi/ - sanɡue /sˈɐ̃ɡɨ/
		sol /sˈɔw/ - sol /sˈɔɫ/
		céu /sˈɛw/ - céu /sˈɛw/
		sete /sˈɛʧi/ - sete /sˈɛtɨ/
		três /tɾˈejʃ/ - três /tɾˈeʃ/
		tempo /tˈẽpu/ - tempo /tˈẽpu/
		todo /tˈodu/ - todo /tˈoðu/
		todos /tˈoduʃ/ - todos /tˈoðuʃ/
		touro /tˈowɾu/ - touro /tˈowɾu/
		tú /tˈu/ - tú /tˈu/
		terra /tˈɛhɐ/ - terra /tˈɛʁɐ/
		verɡonha /veɦɡˈõj̃ɐ/ - verɡonha /vɨɾɣˈoɲɐ/
		vizinho /vizˈĩj̃u/ - vizinho /vɨzˈiɲu/
		ver /vˈeh/ - ver /vˈeɾ/
		verde /vˈeɦʤi/ - verde /vˈeɾðɨ/
		velho /vˈeʎu/ - velho /vˈɐjʎu/
		vento /vˈẽtu/ - vento /vˈẽtu/
		ventre /vˈẽtɾi/ - ventre /vˈẽtɾɨ/
		vida /vˈidɐ/ - vida /vˈiðɐ/
		vir /vˈih/ - vir /vˈiɾ/
		vila /vˈilɐ/ - vila /vˈilɐ/
		via /vˈiɐ/ - via /vˈiɐ/
		vinho /vˈĩj̃u/ - vinho /vˈiɲu/
		voo /vˈou/ - voo /vˈou/
		voz /vˈɔjʃ/ - voz /vˈɔʃ/
		verme /vˈɛɦmi/ - verme /vˈɛɾmɨ/
		ɡrande /ɡɾˈɐ̃ʤi/ - ɡrande /ɡɾˈɐ̃dɨ/
		ɡato /ɡˈatu/ - ɡato /ɡˈatu/
		ɡoivo /ɡˈojvu/ - ɡoivo /ɡˈojvu/
		ɡota /ɡˈotɐ/ - ɡota /ɡˈotɐ/
		ɡola /ɡˈɔlɐ/ - ɡola /ɡˈɔlɐ/
		chave /ʃˈavi/ - chave /ʃˈavɨ/
		chaɡa /ʃˈaɡɐ/ - chaɡa /ʃˈaɣɐ/
		chuva /ʃˈuvɐ/ - chuva /ʃˈuvɐ/
		chama /ʃˈɐ̃mɐ/ - chama /ʃˈɐmɐ/
		ɡear /ʒeˈah/ - ɡear /ʒjˈaɾ/
		ɡenɡiva /ʒẽʒˈivɐ/ - ɡenɡiva /ʒẽʒˈivɐ/
		joelho /ʒuˈeʎu/ - joelho /ʒwˈɐjʎu/
		juiz /ʒuˈiʃ/ - juiz /ʒuˈiʃ/
		ɡenro /ʒˈẽhu/ - ɡenro /ʒˈẽʁu/
		ɡente /ʒˈẽʧi/ - ɡente /ʒˈẽtɨ/
		joɡo /ʒˈoɡu/ - joɡo /ʒˈoɣu/
		junho /ʒˈũj̃u/ - junho /ʒˈuɲu/
		jovem /ʒˈɔvẽj̃/ - jovem /ʒˈɔvɐ̃j̃/
		ʤizer /ʤizˈeh/ - dizer /dizˈeɾ/
		ʤiɡo /ʤˈiɡu/ - diɡo /dˈiɣu/
		alva /ˈawvɐ/ - alva /ˈaɫvɐ/
		áɡua /ˈaɡwɐ/ - áɡua /ˈaɣwɐ/
		árvore /ˈaɦvoɾi/ - árvore /ˈaɾvuɾɨ/
		alho /ˈaʎu/ - alho /ˈaʎu/
		eu /ˈew/ - eu /ˈew/
		ilha /ˈiʎɐ/ - insua /ˈinswɐ/
		ilha /ˈiʎɐ/ - ilha /ˈiʎɐ/
		ínsua /ˈĩswɐ/ - ilha /ˈiʎɐ/
		oito /ˈojtu/ - oito /ˈojtu/
		ovo /ˈovu/ - ovo /ˈovu/
		outro /ˈowtɾu/ - outro /ˈowtɾu/
		ouro /ˈowɾu/ - ouro /ˈowɾu/
		olhos /ˈoʎuʃ/ - olhos /ˈoʎuʃ/
		ombro /ˈõbɾu/ - ombro /ˈõbɾu/
		usso /ˈusu/ - usso /ˈusu/
		um /ˈũ/ - um /ˈũ/
		ano /ˈɐ̃nu/ - ano /ˈɐnu/
		anjo /ˈɐ̃ʒu/ - anjo /ˈɐ̃ʒu/
		obra /ˈɔbɾɐ/ - obra /ˈɔβɾɐ/
		ela /ˈɛlɐ/ - ela /ˈɛlɐ/
		erva /ˈɛɦvɐ/ - erva /ˈɛɾvɐ/

Final disqualified:
		pança /pˈɐ̃sɐ/ - ventre /vˈẽtɾɨ/
		ventre /vˈẽtɾi/ - pança /pˈɐ̃sɐ/


-------------------

****SAMPLE 5****
Iteration 1
	Qualified: 264
	Disqualified: 268
	Added: 0
	Removed: 2
		ventre /vˈẽtɾi/ - pança /pˈɐ̃sɐ/
		pança /pˈɐ̃sɐ/ - ventre /vˈẽtɾɨ/

Iteration 2
	Qualified: 264
	Disqualified: 268
	Added: 0
	Removed: 0

Final qualifying:
		abelha /abˈeʎɐ/ - abelha /ɐβˈɐjʎɐ/
		amarelo /amaɾˈɛlu/ - amarelo /ɐmɐɾˈɛlu/
		aɡulha /aɡˈuʎɐ/ - aɡulha /ɐɣˈuʎɐ/
		arɡila /aɦʒˈilɐ/ - arɡila /ɐɾʒˈilɐ/
		areia /aɾˈejɐ/ - areia /ɐɾˈɐjɐ/
		achar /aʃˈah/ - achar /ɐʃˈaɾ/
		ajudo /aʒˈudu/ - ajudo /ɐʒˈuðu/
		beber /bebˈeh/ - beber /bɨβˈeɾ/
		branco /bɾˈɐ̃ku/ - branco /bɾˈɐ̃ku/
		baixo /bˈajʃu/ - baixo /bˈajʃu/
		bem /bˈẽj̃/ - bem /bˈɐ̃j̃/
		boca /bˈokɐ/ - boca /bˈokɐ/
		boa /bˈoɐ/ - boa /bˈoɐ/
		boas /bˈoɐʃ/ - boas /bˈoɐʃ/
		bons /bˈõʃ/ - bons /bˈõʃ/
		belo /bˈɛlu/ - belo /bˈɛlu/
		bela /bˈɛlɐ/ - bela /bˈɛlɐ/
		dormir /doɦmˈih/ - dormir /duɾmˈiɾ/
		draɡão /dɾaɡˈɐ̃w̃/ - draɡão /dɾɐɣˈɐ̃w̃/
		dedo /dˈedu/ - dedo /dˈeðu/
		deus /dˈewʃ/ - deus /dˈewʃ/
		dente /dˈẽʧi/ - dente /dˈẽtɨ/
		dois /dˈojʃ/ - dois /dˈojʃ/
		doce /dˈosi/ - doce /dˈosɨ/
		doze /dˈozi/ - doze /dˈozɨ/
		dom /dˈõ/ - dom /dˈõ/
		dona /dˈõnɐ/ - dona /dˈonɐ/
		duas /dˈuɐʃ/ - duas /dˈuɐʃ/
		dez /dˈɛjʃ/ - dez /dˈɛʃ/
		escutar /eskutˈah/ - escutar /iʃkutˈaɾ/
		escrever /eskɾevˈeh/ - escrever /iʃkɾɨvˈeɾ/
		escuro /eʃkˈuɾu/ - escuro /iʃkˈuɾu/
		espinha /eʃpˈĩj̃ɐ/ - espinha /iʃpˈiɲɐ/
		Espanha /eʃpˈɐ̃j̃ɐ/ - Espanha /iʃpˈɐɲɐ/
		estrela /eʃtɾˈelɐ/ - estrela /iʃtɾˈelɐ/
		estado /eʃtˈadu/ - estado /iʃtˈaðu/
		estio /eʃʧˈiw/ - estio /iʃtˈiu/
		falar /falˈah/ - falar /fɐlˈaɾ/
		fruito /fɾˈujtu/ - fruito /fɾˈujtu/
		faço /fˈasu/ - faço /fˈasu/
		falso /fˈawsu/ - falso /fˈaɫsu/
		fíɡado /fˈiɡɐdu/ - fíɡado /fˈiɣɐðu/
		filho /fˈiʎu/ - filho /fˈiʎu/
		fim /fˈĩ/ - fim /fˈĩ/
		fino /fˈĩnu/ - fino /fˈinu/
		força /fˈohsɐ/ - força /fˈoɾsɐ/
		foɡo /fˈoɡu/ - foɡo /fˈoɣu/
		fumo /fˈũmu/ - fumo /fˈumu/
		fome /fˈɔmi/ - fome /fˈɔmɨ/
		ferro /fˈɛhu/ - ferro /fˈɛʁu/
		razão /hazˈɐ̃w̃/ - razão /ʁɐzˈɐ̃w̃/
		raiz /haˈiʃ/ - raiz /ʁɐˈiʃ/
		rainha /haˈĩj̃ɐ/ - rainha /ʁɐˈiɲɐ/
		rei /hˈej/ - rei /ʁˈɐj/
		rio /hˈiu/ - rio /ʁˈiu/
		ruivo /hˈujvu/ - roxo /ʁˈoʃu/
		ruivo /hˈujvu/ - ruivo /ʁˈujvu/
		iɡual /iɡwˈaw/ - iɡual /iɣwˈaɫ/
		irmão /iɦmˈɐ̃w̃/ - irmão /iɾmˈɐ̃w̃/
		inverno /ĩvˈɛɦnu/ - inverno /ĩvˈɛɾnu/
		cabelo /kabˈelu/ - cabelo /kɐβˈelu/
		cabelo /kabˈelu/ - pelo /pˈelu/
		cadeia /kadˈejɐ/ - cadeia /kɐðˈɐjɐ/
		caçar /kasˈah/ - caçar /kɐsˈaɾ/
		cavalo /kavˈalu/ - cavalo /kɐvˈalu/
		castelo /kaʃtˈɛlu/ - castelo /kɐʃtˈɛlu/
		conhecer /kõj̃esˈeh/ - conhecer /kuɲɨsˈeɾ/
		cortiça /kuhʧˈisɐ/ - cortiça /kuɾtˈisɐ/
		quatro /kwˈatɾu/ - quatro /kwˈatɾu/
		cambiar /kɐ̃bjˈah/ - cambiar /kɐ̃bjˈaɾ/
		crer /kɾˈeh/ - crer /kɾˈeɾ/
		cruz /kɾˈujʃ/ - cruz /kɾˈuʃ/
		cabra /kˈabɾɐ/ - cabra /kˈaβɾɐ/
		carne /kˈaɦni/ - carne /kˈaɾnɨ/
		caro /kˈaɾu/ - caro /kˈaɾu/
		quem /kˈẽj̃/ - quem /kˈɐ̃j̃/
		que /kˈi/ - que /kˈɨ/
		cor /kˈoh/ - cor /kˈoɾ/
		corpo /kˈohpu/ - corpo /kˈoɾpu/
		coisa /kˈojzɐ/ - coisa /kˈojzɐ/
		coxa /kˈoʃɐ/ - coxa /kˈoʃɐ/
		curto /kˈuhtu/ - curto /kˈuɾtu/
		cunho /kˈũj̃u/ - cunho /kˈuɲu/
		canto /kˈɐ̃tu/ - canto /kˈɐ̃tu/
		cão /kˈɐ̃w̃/ - cão /kˈɐ̃w̃/
		levar /levˈah/ - levar /lɨvˈaɾ/
		leão /leˈɐ̃w̃/ - leão /ljˈɐ̃w̃/
		laɡo /lˈaɡu/ - laɡo /lˈaɣu/
		lei /lˈej/ - lei /lˈɐj/
		leito /lˈejtu/ - leito /lˈɐjtu/
		leite /lˈejʧi/ - leite /lˈɐjtɨ/
		letra /lˈetɾɐ/ - letra /lˈetɾɐ/
		ler /lˈeɾ/ - ler /lˈeɾ/
		lenha /lˈẽj̃ɐ/ - lenha /lˈɐjɲɐ/
		livre /lˈivɾi/ - livre /lˈivɾɨ/
		linha /lˈĩj̃ɐ/ - linha /lˈiɲɐ/
		línɡua /lˈĩɡwɐ/ - línɡua /lˈĩɡwɐ/
		loɡo /lˈoɡu/ - loɡo /lˈɔɣu/
		luz /lˈujʃ/ - luz /lˈuʃ/
		luta /lˈutɐ/ - luta /lˈutɐ/
		lua /lˈuɐ/ - lua /lˈuɐ/
		lã /lˈɐ̃/ - lã /lˈɐ̃/
		lebre /lˈɛbɾi/ - lebre /lˈɛβɾɨ/
		maduro /madˈuɾu/ - maduro /mɐðˈuɾu/
		metade /metˈaʤi/ - metade /mɨtˈaðɨ/
		melhor /meʎˈɔh/ - melhor /mɨʎˈɔɾ/
		morseɡar /mohseɡˈah/ - mosseɡar /musɨɣˈaɾ/
		morseɡar /mohseɡˈah/ - morseɡar /muɾsɨɣˈaɾ/
		morseɡar /mohseɡˈah/ - morder /muɾðˈeɾ/
		morrer /mohˈeh/ - morrer /moʁˈeɾ/
		morder /moɦdˈeh/ - mosseɡar /musɨɣˈaɾ/
		morder /moɦdˈeh/ - morseɡar /muɾsɨɣˈaɾ/
		morder /moɦdˈeh/ - morder /muɾðˈeɾ/
		mar /mˈah/ - mar /mˈaɾ/
		me /mˈi/ - me /mˈɨ/
		miɡa /mˈiɡɐ/ - miɡa /mˈiɣɐ/
		mosca /mˈoʃkɐ/ - mosca /mˈoʃkɐ/
		muito /mˈũj̃tu/ - muito /mˈũj̃tu/
		morte /mˈɔhʧi/ - morte /mˈɔɾtɨ/
		nadar /nadˈah/ - nadar /nɐðˈaɾ/
		nascer /nasˈeh/ - nascer /nɐʃsˈeɾ/
		nariz /naɾˈiʃ/ - nariz /nɐɾˈiʃ/
		nenhum /nẽj̃ˈũ/ - nenhum /nɨɲˈũ/
		não /nɐ̃w̃/ - não /nɐ̃w̃/
		neɡro /nˈeɡɾu/ - neɡro /nˈeɣɾu/
		noite /nˈojʧi/ - noite /nˈojtɨ/
		nome /nˈõmi/ - nome /nˈomɨ/
		nuvem /nˈuvẽj̃/ - nuvem /nˈuvɐ̃j̃/
		noz /nˈɔjʃ/ - noz /nˈɔʃ/
		nove /nˈɔvi/ - nove /nˈɔvɨ/
		neve /nˈɛvi/ - neve /nˈɛvɨ/
		obreiro /obɾˈejɾu/ - obreiro /ɔβɾˈɐjɾu/
		odor /odˈoh/ - odor /ɔðˈoɾ/
		ovelha /ovˈeʎɐ/ - ovelha /ɔvˈɐjʎɐ/
		outono /owtˈõnu/ - outono /owtˈonu/
		orelha /oɾˈeʎɐ/ - orelha /ɔɾˈɐjʎɐ/
		palavra /palˈavɾɐ/ - palavra /pɐlˈavɾɐ/
		pequeno /pekˈẽnu/ - pequeno /pɨkˈenu/
		piolho /piˈoʎu/ - piolho /pjˈoʎu/
		poder /podˈeh/ - poder /puðˈeɾ/
		proveito /pɾovˈejtu/ - proveito /pɾuvˈɐjtu/
		preço /pɾˈesu/ - preço /pɾˈesu/
		paz /pˈajʃ/ - paz /pˈaʃ/
		paço /pˈasu/ - paço /pˈasu/
		pássaro /pˈasɐɾu/ - pássaro /pˈasɐɾu/
		peito /pˈejtu/ - peito /pˈɐjtu/
		peixe /pˈejʃi/ - peixe /pˈɐjʃɨ/
		pelo /pˈelu/ - cabelo /kɐβˈelu/
		pelo /pˈelu/ - pelo /pˈelu/
		pena /pˈenɐ/ - pena /pˈenɐ/
		pêsseɡo /pˈeseɡu/ - pêsseɡo /pˈesɨɣu/
		pena /pˈẽnɐ/ - pena /pˈenɐ/
		pôr /pˈoh/ - pôr /pˈoɾ/
		porco /pˈohku/ - porco /pˈoɾku/
		poio /pˈoju/ - poio /pˈoju/
		poço /pˈosu/ - poço /pˈosu/
		pões /pˈõj̃ʃ/ - pões /pˈõj̃ʃ/
		ponto /pˈõtu/ - ponto /pˈõtu/
		ponte /pˈõʧi/ - ponte /pˈõtɨ/
		punho /pˈũj̃u/ - punho /pˈuɲu/
		pança /pˈɐ̃sɐ/ - pança /pˈɐ̃sɐ/
		pão /pˈɐ̃w̃/ - pão /pˈɐ̃w̃/
		pobre /pˈɔbɾi/ - pobre /pˈɔβɾɨ/
		porca /pˈɔhkɐ/ - porca /pˈɔɾkɐ/
		pé /pˈɛ/ - pé /pˈɛ/
		pedra /pˈɛdɾɐ/ - pedra /pˈɛðɾɐ/
		pele /pˈɛli/ - pele /pˈɛlɨ/
		saber /sabˈeh/ - saber /sɐβˈeɾ/
		saúde /saˈuʤi/ - saúde /sɐˈuðɨ/
		semente /semˈẽʧi/ - semente /sɨmˈẽtɨ/
		semana /semˈɐ̃nɐ/ - semana /sɨmˈɐnɐ/
		seɡuro /seɡˈuɾu/ - seɡuro /sɨɣˈuɾu/
		cereja /seɾˈeʒɐ/ - cereja /sɨɾˈɐjʒɐ/
		sentar /sẽtˈah/ - sentar /sẽtˈaɾ/
		cidade /sidˈaʤi/ - cidade /siðˈaðɨ/
		cinquenta /sĩkwˈẽtɐ/ - cinquenta /sĩkwˈẽtɐ/
		sabes /sˈabiʃ/ - sabes /sˈaβɨʃ/
		sábio /sˈabju/ - sábio /sˈaβju/
		saiba /sˈajbɐ/ - saiba /sˈajβɐ/
		salsa /sˈawsɐ/ - salsa /sˈaɫsɐ/
		seda /sˈedɐ/ - seda /sˈeðɐ/
		seis /sˈejʃ/ - seis /sˈɐjʃ/
		seixo /sˈejʃu/ - seixo /sˈɐjʃu/
		seca /sˈekɐ/ - seca /sˈekɐ/
		cera /sˈeɾɐ/ - cera /sˈeɾɐ/
		cento /sˈẽtu/ - cento /sˈẽtu/
		cinza /sˈĩzɐ/ - cinza /sˈĩzɐ/
		sobre /sˈobɾi/ - sobre /sˈoβɾɨ/
		sã /sˈɐ̃/ - sã /sˈɐ̃/
		santo /sˈɐ̃tu/ - santo /sˈɐ̃tu/
		sanɡue /sˈɐ̃ɡi/ - sanɡue /sˈɐ̃ɡɨ/
		sol /sˈɔw/ - sol /sˈɔɫ/
		céu /sˈɛw/ - céu /sˈɛw/
		sete /sˈɛʧi/ - sete /sˈɛtɨ/
		três /tɾˈejʃ/ - três /tɾˈeʃ/
		tempo /tˈẽpu/ - tempo /tˈẽpu/
		todo /tˈodu/ - todo /tˈoðu/
		todos /tˈoduʃ/ - todos /tˈoðuʃ/
		terra /tˈɛhɐ/ - terra /tˈɛʁɐ/
		testa /tˈɛʃtɐ/ - testa /tˈɛʃtɐ/
		umbiɡo /ũbˈiɡu/ - umbiɡo /ũbˈiɣu/
		verɡonha /veɦɡˈõj̃ɐ/ - verɡonha /vɨɾɣˈoɲɐ/
		vizinho /vizˈĩj̃u/ - vizinho /vɨzˈiɲu/
		voar /voˈah/ - voar /vwˈaɾ/
		ver /vˈeh/ - ver /vˈeɾ/
		verde /vˈeɦʤi/ - verde /vˈeɾðɨ/
		velho /vˈeʎu/ - velho /vˈɐjʎu/
		venho /vˈẽj̃u/ - venho /vˈɐjɲu/
		vida /vˈidɐ/ - vida /vˈiðɐ/
		vila /vˈilɐ/ - vila /vˈilɐ/
		via /vˈiɐ/ - via /vˈiɐ/
		vinte /vˈĩʧi/ - vinte /vˈĩtɨ/
		voo /vˈou/ - voo /vˈou/
		vós /vˈɔjʃ/ - vós /vˈɔʃ/
		voz /vˈɔjʃ/ - voz /vˈɔʃ/
		verme /vˈɛɦmi/ - verme /vˈɛɾmɨ/
		ɡraxa /ɡɾˈaʃɐ/ - ɡraxa /ɡɾˈaʃɐ/
		ɡrosso /ɡɾˈosu/ - ɡrosso /ɡɾˈosu/
		ɡrande /ɡɾˈɐ̃ʤi/ - ɡrande /ɡɾˈɐ̃dɨ/
		ɡato /ɡˈatu/ - ɡato /ɡˈatu/
		ɡoivo /ɡˈojvu/ - ɡoivo /ɡˈojvu/
		ɡota /ɡˈotɐ/ - ɡota /ɡˈotɐ/
		chamar /ʃamˈah/ - chamar /ʃɐmˈaɾ/
		chave /ʃˈavi/ - chave /ʃˈavɨ/
		chaɡa /ʃˈaɡɐ/ - chaɡa /ʃˈaɣɐ/
		cheio /ʃˈeju/ - cheio /ʃˈɐju/
		chor /ʃˈoh/ - chor /ʃˈoɾ/
		chama /ʃˈɐ̃mɐ/ - chama /ʃˈɐmɐ/
		ɡear /ʒeˈah/ - ɡear /ʒjˈaɾ/
		ɡenɡiva /ʒẽʒˈivɐ/ - ɡenɡiva /ʒẽʒˈivɐ/
		joelho /ʒuˈeʎu/ - joelho /ʒwˈɐjʎu/
		juiz /ʒuˈiʃ/ - juiz /ʒuˈiʃ/
		ɡenro /ʒˈẽhu/ - ɡenro /ʒˈẽʁu/
		ɡente /ʒˈẽʧi/ - ɡente /ʒˈẽtɨ/
		joɡo /ʒˈoɡu/ - joɡo /ʒˈoɣu/
		junho /ʒˈũj̃u/ - junho /ʒˈuɲu/
		junto /ʒˈũtu/ - junto /ʒˈũtu/
		jovem /ʒˈɔvẽj̃/ - jovem /ʒˈɔvɐ̃j̃/
		ʤiɡo /ʤˈiɡu/ - diɡo /dˈiɣu/
		alma /ˈawmɐ/ - alma /ˈaɫmɐ/
		alva /ˈawvɐ/ - alva /ˈaɫvɐ/
		áɡua /ˈaɡwɐ/ - áɡua /ˈaɣwɐ/
		árvore /ˈaɦvoɾi/ - árvore /ˈaɾvuɾɨ/
		alho /ˈaʎu/ - alho /ˈaʎu/
		ele /ˈeli/ - ele /ˈelɨ/
		eu /ˈew/ - eu /ˈew/
		ilha /ˈiʎɐ/ - insua /ˈinswɐ/
		ilha /ˈiʎɐ/ - ilha /ˈiʎɐ/
		ínsua /ˈĩswɐ/ - insua /ˈinswɐ/
		oito /ˈojtu/ - oito /ˈojtu/
		osso /ˈosu/ - osso /ˈosu/
		ovo /ˈovu/ - ovo /ˈovu/
		outro /ˈowtɾu/ - outro /ˈowtɾu/
		ouro /ˈowɾu/ - ouro /ˈowɾu/
		olho /ˈoʎu/ - olho /ˈoʎu/
		olhos /ˈoʎuʃ/ - olhos /ˈoʎuʃ/
		ombro /ˈõbɾu/ - ombro /ˈõbɾu/
		homem /ˈõmẽj̃/ - homem /ˈɔmɐ̃j̃/
		unha /ˈũj̃ɐ/ - unha /ˈuɲɐ/
		ano /ˈɐ̃nu/ - ano /ˈɐnu/
		anjo /ˈɐ̃ʒu/ - anjo /ˈɐ̃ʒu/
		obra /ˈɔbɾɐ/ - obra /ˈɔβɾɐ/
		elo /ˈɛlu/ - elo /ˈɛlu/
		erva /ˈɛɦvɐ/ - erva /ˈɛɾvɐ/

Final disqualified:
		pança /pˈɐ̃sɐ/ - ventre /vˈẽtɾɨ/
		ventre /vˈẽtɾi/ - pança /pˈɐ̃sɐ/


-------------------

