VOWELS
/a/ (0.064)
	<ba̍k> /bak̚⁴/ "EYE_NOUN"
	<tsuâ> /ʦwa²⁴/ "SNAKE_NOUN"
	<kuat> /kwat̚³²/ "DECIDE_VERB"

/i/ (0.041)
	<sí> /ɕi⁵³/ "DIE_VERB"
	<ki> /ki⁴⁴/ "BRANCH_NOUN"
	<sin> /ɕin⁴⁴/ "NEW_ADJ"

/u/ (0.035)
	<tu> /tu⁴⁴/ "PIG_NOUN"
	<bûn> /bun²⁴/ "SCRIPT_NOUN"
	<tsuí> /ʦuj⁵³/ "WATER_NOUN"

/e/ (0.026)
	<hê> /he²⁴/ "RETURN_NOUN"
	<pe> /pe³³/ "FLY_VERB"
	<tse> /ʦe⁴⁴/ "CALAMITY_NOUN"

/ɔ/ (0.024)
	<honɡ> /hɔŋ⁴⁴/ "WIND_NOUN"
	<siōnɡ> /ɕjɔŋ³³/ "ABOVE_ADP"
	<hōo> /hɔ³³/ "RAIN_NOUN"

/o/ (0.017)
	<bô> /bo²⁴/ "NON-_PART"
	<toh> /toʔ³²/ "TABLE_NOUN"
	<kiô> /kjo²⁴/ "BRIDGE_NOUN"

/ã/ (0.017)
	<suann> /swã⁴⁴/ "MOUNTAIN_NOUN"
	<khuànn> /kʰwã¹¹/ "FAST_ADJ"
	<piânn> /pjã²⁴/ "EVEN_ADJ"

/ɪ/ (0.012)
	<línɡ> /ljɪŋ⁵³/ "COLD_ADJ"
	<sik> /ɕjɪk̚³²/ "COLOR_NOUN"
	<hik> /hjɪk̚³²/ "BLACK_ADJ"

/ĩ/ (0.008)
	<tshinn> /ʨʰĩ⁴⁴/ "BLUE-GREEN_ADJ"
	<nî> /nĩ²⁴/ "YEAR_NOUN"
	<thinn> /tʰĩ⁴⁴/ "HEAVEN_NOUN"

/ɤ/ (0.002)
	<hô> /hɤ²³/ "GRAIN_NOUN"

/ɛ/ (0.002)
	<khián> /kʰjɛn⁵³/ "DOG_NOUN"

/ɔ̃/ (0.002)
	<môo> /mɔ̃²⁴/ "DEMON_NOUN"



CONSONANTS
/j/ (0.055)
	<kînɡ> /kjɪŋ²⁴/ "POOR_ADJ"
	<khuì> /kʰuj¹¹/ "AIR_NOUN"
	<tshia> /ʨʰja⁴⁴/ "VEHICLE_NOUN"

/w/ (0.046)
	<uī> /wi³³/ "DRAW_VERB"
	<ɡuā> /ɡwa³³/ "OUT_PREP"
	<thâu> /tʰaw²⁴/ "HEAD_NOUN"

/h/ (0.031)
	<hi̍k> /hjɪk̚⁴/ "MEAT_NOUN"
	<hê> /he²⁴/ "RETURN_NOUN"
	<hue> /hwe⁴⁴/ "FLOWER_NOUN"

/k/ (0.029)
	<káu> /kaw⁵³/ "NINE_NUM"
	<kûn> /kun²³/ "GROUP_NOUN"
	<ki> /ki⁴⁴/ "SKILL_NOUN"

/ŋ/ (0.028)
	<kînɡ> /kjɪŋ²⁴/ "POOR_ADJ"
	<ônɡ> /ɔŋ²⁴/ "KING_NOUN"
	<siōnɡ> /ɕjɔŋ³³/ "ABOVE_ADP"

/l/ (0.026)
	<li̍t> /lit̚⁴/ "SUN_NOUN"
	<lâi> /laj²⁴/ "COME_VERB"
	<línɡ> /ljɪŋ⁵³/ "COLD_ADJ"

/p/ (0.023)
	<pak> /pak̚³²/ "NORTH_NOUN"
	<put> /put̚³²/ "NOT_PART"
	<piânn> /pjã²⁴/ "EVEN_ADJ"

/n/ (0.023)
	<hûn> /hun²⁴/ "CLOUD_NOUN"
	<bûn> /bun²⁴/ "SCRIPT_NOUN"
	<kûn> /kun²³/ "GROUP_NOUN"

/ŋ̍/ (0.021)
	<mn̄ɡ> /mŋ̍³³/ "THING_NOUN"
	<n̂ɡ> /ŋ̍²⁴/ "YELLOW_ADJ"
	<pńɡ> /pŋ̍⁵³/ "ORIGIN_NOUN"

/ʔ/ (0.02)
	<tsoh> /ʦoʔ³²/ "MAKE_VERB"
	<puh> /puʔ³²/ "SEND_VERB"
	<tsio̍h> /ʨjoʔ⁴/ "STONE_NOUN"

/t/ (0.02)
	<tanɡ> /taŋ⁴⁴/ "EAST_NOUN"
	<tiúnn> /tiw̃⁵³/ "GROW_VERB"
	<toh> /toʔ³²/ "TABLE_NOUN"

/kʰ/ (0.02)
	<kháu> /kʰaw⁵³/ "MOUTH_NOUN"
	<khanɡ> /kʰaŋ⁴⁴/ "LABOR_NOUN"
	<khuànn> /kʰwã¹¹/ "LOOK_VERB"

/m/ (0.015)
	<lâm> /lam²⁴/ "MAN_NOUN"
	<mn̄ɡ> /mŋ̍³³/ "ASK_VERB"
	<im> /im⁴⁴/ "SOUND_NOUN"

/k̚/ (0.015)
	<ba̍k> /bak̚⁴/ "EYE_NOUN"
	<hok> /hɔk̚³²/ "LUCK_NOUN"
	<pak> /pak̚³²/ "NORTH_NOUN"

/tʰ/ (0.012)
	<thâu> /tʰaw²⁴/ "HEAD_NOUN"
	<thn̂ɡ> /tʰŋ̍²⁴/ "SUGAR_NOUN"
	<thnɡ> /tʰŋ̍⁴⁴/ "HOT WATER_NOUN"

/b/ (0.012)
	<bú> /bu⁵³/ "MOTHER_NOUN"
	<bí> /bi⁵³/ "BEAUTY_NOUN"
	<ba̍k> /bak̚⁴/ "EYE_NOUN"

/ʨ/ (0.011)
	<tsiu> /ʨiw⁴⁴/ "PROVINCE_NOUN"
	<tsiánɡ> /ʨjaŋ⁵³/ "GROW_VERB"
	<tsiânn> /ʨjã²⁴/ "BECOME_VERB"

/ʦʰ/ (0.011)
	<tshòo> /ʦʰɔ¹¹/ "VINEGAR_NOUN"
	<tshut> /ʦʰut̚³²/ "EXIT_VERB"
	<tshun> /ʦʰun⁴⁴/ "SPRING_NOUN"

/ʦ/ (0.011)
	<tsn̂ɡ> /ʦŋ̍²⁴/ "WHOLE_ADJ"
	<tsuâ> /ʦwa²⁴/ "SNAKE_NOUN"
	<tsoh> /ʦoʔ³²/ "MAKE_VERB"

/ɕ/ (0.011)
	<sí> /ɕi⁵³/ "DIE_VERB"
	<si> /ɕi⁴⁴/ "POEM_NOUN"
	<siōnɡ> /ɕjɔŋ³³/ "ABOVE_ADP"

/ɡ/ (0.009)
	<ɡe̍h> /ɡeʔ⁴/ "MOON_NOUN"
	<ɡû> /ɡu²⁴/ "COW_NOUN"
	<ɡuá> /ɡwa⁵³/ "I_PRON"

/t̚/ (0.009)
	<li̍t> /lit̚⁴/ "SUN_NOUN"
	<it> /it̚³²/ "ONE_NUM"
	<put> /put̚³²/ "NOT_PART"

/ʨʰ/ (0.006)
	<tshiú> /ʨʰiw⁵³/ "HAND_NOUN"
	<tshinn> /ʨʰĩ⁴⁴/ "BLUE-GREEN_ADJ"
	<tshiò> /ʨʰjo¹¹/ "LAUGH_VERB"

/s/ (0.006)
	<suann> /swã⁴⁴/ "MOUNTAIN_NOUN"
	<sai> /saj⁴⁴/ "WEST_NOUN"
	<sann> /sã⁴⁴/ "THREE_NUM"

/pʰ/ (0.006)
	<phê> /pʰe²⁴/ "SKIN_NOUN"
	<phín> /pʰin⁵³/ "ITEM_NOUN"
	<phah> /pʰaʔ³²/ "HIT_VERB"

/w̃/ (0.003)
	<iûnn> /iw̃²⁴/ "SHEEP_NOUN"
	<tiúnn> /tiw̃⁵³/ "GROW_VERB"

/j̃/ (0.002)
	<khuìnn> /kʰuj̃¹¹/ "FAST_ADJ"



SUPRASEGMENTALS
/²⁴/ (0.066)
	<n̂ɡ> /ŋ̍²⁴/ "YELLOW_ADJ"
	<lâm> /lam²⁴/ "SOUTH_NOUN"
	<tê> /te²⁴/ "TEA_NOUN"

/⁴⁴/ (0.052)
	<tshinn> /ʨʰĩ⁴⁴/ "BLUE-GREEN_ADJ"
	<si> /ɕi⁴⁴/ "POEM_NOUN"
	<sai> /saj⁴⁴/ "WEST_NOUN"

/⁵³/ (0.05)
	<sí> /ɕi⁵³/ "DIE_VERB"
	<tsió> /ʨjo⁵³/ "FEW_ADJ"
	<khóo> /kʰɔ⁵³/ "PROMISE_VERB"

/³³/ (0.032)
	<mn̄ɡ> /mŋ̍³³/ "ASK_VERB"
	<kānɡ> /kaŋ³³/ "PUBLIC_ADJ"
	<pe> /pe³³/ "FLY_VERB"

/³²/ (0.029)
	<toh> /toʔ³²/ "TABLE_NOUN"
	<seh> /seʔ³²/ "SNOW_NOUN"
	<kheh> /kʰeʔ³²/ "GUEST_NOUN"

/¹¹/ (0.018)
	<kuì> /kuj¹¹/ "SEASON_NOUN"
	<khuànn> /kʰwã¹¹/ "LOOK_VERB"
	<ài> /aj¹¹/ "LOVE_VERB"

/⁴/ (0.015)
	<ɡe̍h> /ɡeʔ⁴/ "MOON_NOUN"
	<la̍k> /lak̚⁴/ "SIX_NUM"
	<li̍t> /lit̚⁴/ "SUN_NOUN"

/²³/ (0.003)
	<hô> /hɤ²³/ "GRAIN_NOUN"
	<kûn> /kun²³/ "GROUP_NOUN"

/⁵⁵/ (0.002)
	<kâu> /kaw⁵⁵/ "MONKEY_NOUN"

/⁵/ (0.002)
	<tsiok> /ʨjɔk̚⁵/ "FOOT_NOUN"

/²²/ (0.002)
	<tuā> /twa²²/ "BIG_ADJ"



