Same meaning pairs: 326
****SAMPLE 1****
Iteration 1
	Qualified: 248
	Disqualified: 274
	Added: 0
	Removed: 13
		dì /dˈi/ - ɡiorno /ʤˈurnu/
		piccolo /pˈikkolo/ - piccin /piʧˈiŋ/
		voi /vˈoj/ - viâtri /vjˈaːtri/
		seme /sˈeme/ - seménsa /semˈeŋsa/
		babbo /bˈabbo/ - poæ /pwˈɛː/
		capello /kapˈello/ - péi /pˈej/
		noi /nˈoj/ - niâtri /njˈaːtri/
		ɡermano /ʤermˈano/ - fræ /frˈɛː/
		madre /mˈadre/ - moæ /mwˈɛː/
		rio /rˈio/ - sciùmme /ʃˈyme/
		sabbia /sˈabbja/ - æña /ˈɛŋa/
		ventre /vˈɛntre/ - pança /pˈaŋsa/
		aɡo /ˈaɡo/ - aɡóɡɡia /aɡˈuʤa/

Iteration 2
	Qualified: 247
	Disqualified: 275
	Added: 0
	Removed: 1
		fiore /fjˈore/ - sciô /ʃˈuː/

Iteration 3
	Qualified: 248
	Disqualified: 274
	Added: 1
		fiore /fjˈore/ - sciô /ʃˈuː/
	Removed: 0

Final qualifying:
		aiutare /ajutˈare/ - aɡɡiuttâ /aʤutˈaː/
		aiuto /ajˈuto/ - aɡɡiutto /aʤˈutu/
		arena /arˈena/ - æña /ˈɛŋa/
		autunno /awtˈunno/ - ötunno /ɔːtˈynu/
		bianco /bjˈaŋko/ - ɡianco /ʤˈaŋku/
		bruciare /bruʧˈare/ - bruxâ /bryʒˈaː/
		buona /bwˈɔna/ - boña /bˈuŋa/
		buone /bwˈɔne/ - boñe /bˈuŋe/
		buoni /bwˈɔni/ - boin /bˈujŋ/
		basso /bˈasso/ - bàsso /bˈasu/
		bere /bˈere/ - béive /bˈejve/
		bocca /bˈokka/ - bocca /bˈuka/
		bue /bˈue/ - beu /bˈøː/
		bella /bˈɛlla/ - bèlla /bˈɛla/
		bello /bˈɛllo/ - bèllo /bˈɛlu/
		bene /bˈɛne/ - ben /bˈeŋ/
		dormire /dormˈire/ - dormî /durmˈiː/
		draɡone /draɡˈone/ - draɡón /draɡˈuŋ/
		dico /dˈiko/ - diɡɡo /dˈiɡu/
		dio /dˈio/ - dîo /dˈiːu/
		dire /dˈire/ - dî /dˈiː/
		dito /dˈito/ - dîo /dˈiːu/
		dodici /dˈodiʧi/ - dozze /dˈuze/
		dolce /dˈolʧe/ - dôçe /dˈuːse/
		donna /dˈɔnna/ - dònna /dˈɔna/
		dente /dˈɛnte/ - dénte /dˈeŋte/
		fiore /fjˈore/ - sciô /ʃˈuː/
		fiume /fjˈume/ - sciùmme /ʃˈyme/
		fratello /fratˈɛllo/ - fræ /frˈɛː/
		freddo /frˈeddo/ - freido /frˈejdu/
		fronza /frˈonʣa/ - féuɡɡia /fˈøʤa/
		frutto /frˈutto/ - fruto /frˈyːtu/
		fuoco /fwˈɔko/ - fêuɡo /fˈøːɡu/
		falso /fˈalso/ - fâso /fˈaːso/
		fame /fˈame/ - fàmme /fˈame/
		fare /fˈare/ - fâ /fˈaː/
		fata /fˈata/ - foæ /fwˈɛː/
		faccio /fˈaʧʧo/ - fasso /fˈasu/
		femmina /fˈemmina/ - fémmina /fˈemina/
		feɡato /fˈeɡato/ - fiɡæto /fiɡˈɛːtu/
		filo /fˈilo/ - fî /fˈiː/
		fine /fˈine/ - fin /fˈiŋ/
		fiɡlia /fˈiʎʎa/ - fìɡɡia /fˈiʤa/
		fiɡlio /fˈiʎʎo/ - fìɡɡio /fˈiʤu/
		fumo /fˈumo/ - fumme /fˈyme/
		forza /fˈɔrʦa/ - fòrsa /fˈɔːrsa/
		foɡlia /fˈɔʎʎa/ - féuɡɡia /fˈøʤa/
		ferro /fˈɛrro/ - færo /fˈɛːru/
		festa /fˈɛsta/ - fèsta /fˈɛsta/
		inverno /invˈɛrno/ - inverno /iŋvˈɛːrnu/
		capello /kapˈello/ - cavéllo /kavˈelu/
		castello /kastˈɛllo/ - castéllo /kastˈelu/
		catena /katˈena/ - cadeña /kadˈeŋa/
		cavallo /kavˈallo/ - cavallo /kavˈalu/
		cacciare /kaʧʧˈare/ - cacciâ /kaʧˈaː/
		chiamare /kjamˈare/ - ciammâ /ʧamˈaː/
		colore /kolˈore/ - cô /kˈuː/
		conoscere /konˈoʃʃere/ - conosce /kunˈuʃe/
		corteccia /kortˈeʧʧa/ - scòrsa /skˈɔːrsa/
		credere /krˈedere/ - credde /krˈede/
		croce /krˈoʧe/ - crôxe /krˈuːʒe/
		cuore /kwˈɔre/ - cheu /kˈøː/
		caldo /kˈaldo/ - câdo /kˈaːdu/
		camera /kˈamera/ - camia /kˈamja/
		canto /kˈanto/ - canto /kˈaŋtu/
		capo /kˈapo/ - cappo /kˈapu/
		capra /kˈapra/ - crava /krˈaːva/
		caro /kˈaro/ - câo /kˈaːu/
		casa /kˈaza/ - câza /kˈaːza/
		che /kˈe/ - che /kˈe/
		chi /kˈi/ - chi /kˈi/
		coda /kˈoda/ - côa /kˈuːa/
		colpo /kˈolpo/ - corpo /kˈuːrpu/
		culo /kˈulo/ - cû /kˈyː/
		collo /kˈɔllo/ - còllo /kˈɔlu/
		corno /kˈɔrno/ - còrno /kˈɔːrnu/
		corpo /kˈɔrpo/ - còrpo /kˈɔːrpu/
		costa /kˈɔsta/ - còsta /kˈɔsta/
		cosa /kˈɔza/ - cösa /kˈɔːza/
		coscia /kˈɔʃʃa/ - chéuscia /kˈøʃa/
		levare /levˈare/ - levâ /levˈaː/
		leone /leˈone/ - lion /ljˈuŋ/
		luoɡo /lwˈɔɡo/ - lêuɡo /lˈøːɡu/
		lacrima /lˈakrima/ - laɡrima /lˈaɡrima/
		latte /lˈatte/ - læte /lˈɛːte/
		laɡo /lˈaɡo/ - lâɡo /lˈaːɡu/
		lettera /lˈettera/ - léttia /lˈetja/
		leɡno /lˈeɲɲo/ - léɡno /lˈeɲu/
		leɡɡe /lˈeʤʤe/ - lézze /lˈeze/
		lui /lˈui/ - lê /lˈeː/
		lume /lˈume/ - lûxe /lˈyːʒe/
		luna /lˈuna/ - luña /lˈyŋa/
		lunɡo /lˈuŋɡo/ - lonɡo /lˈuŋɡu/
		luce /lˈuʧe/ - lûxe /lˈyːʒe/
		lotta /lˈɔtta/ - lòtta /lˈɔta/
		lei /lˈɛj/ - lê /lˈeː/
		lepre /lˈɛpre/ - lêvre /lˈeːvre/
		letto /lˈɛtto/ - letto /lˈeto/
		leɡɡere /lˈɛʤʤere/ - lêze /lˈeːze/
		metà /metˈa/ - meitæ /mejtˈɛː/
		miɡliore /miʎʎˈore/ - mêɡio /mˈeːʤu/
		miele /mjˈɛle/ - amê /amˈeː/
		morsicare /morsikˈare/ - mòrde /mˈɔrde/
		morire /morˈire/ - muî /mwˈiː/
		mano /mˈano/ - man /mˈaŋ/
		mare /mˈare/ - mâ /mˈaː/
		me /mˈe/ - mi /mˈi/
		mica /mˈika/ - miɡa /mˈiːɡa/
		mosca /mˈoska/ - mósca /mˈuska/
		mordere /mˈɔrdere/ - mòrde /mˈɔrde/
		morte /mˈɔrte/ - mòrte /mˈɔːrte/
		meɡlio /mˈɛʎʎo/ - mêɡio /mˈeːʤu/
		mezzo /mˈɛʣʣo/ - mêzo /mˈeːzu/
		nessuno /nessˈuno/ - nisciun /niʃˈyŋ/
		non /non/ - no /nu/
		nuovo /nwˈɔvo/ - nêuvo /nˈøːvu/
		naso /nˈazo/ - naso /nˈaːzu/
		nascere /nˈaʃʃere/ - nàsce /nˈaʃe/
		nebbia /nˈebbja/ - nêɡia /nˈeːʤa/
		nero /nˈero/ - néiɡro /nˈejɡru/
		neve /nˈeve/ - neive /nˈejve/
		nome /nˈome/ - nomme /nˈume/
		noce /nˈoʧe/ - nôxe /nˈuːʒe/
		nube /nˈube/ - nûvia /nˈyːvja/
		nostro /nˈɔstro/ - nòstro /nˈɔstru/
		notte /nˈɔtte/ - néutte /nˈøte/
		nove /nˈɔve/ - nêuve /nˈøːve/
		ombelico /ombelˈiko/ - ombrisallo /uŋbrisˈalu/
		palazzo /palˈaʦʦo/ - palàçio /palˈasjo/
		parola /parˈɔla/ - pòula /pˈɔwla/
		pianɡere /pjˈanʤere/ - ciànze /ʧˈaŋze/
		piaɡa /pjˈaɡa/ - ciâɡa /ʧˈaːɡa/
		piuma /pjˈuma/ - pena /pˈeːna/
		piuma /pjˈuma/ - ciùmma /ʧˈyma/
		piede /pjˈɛde/ - pê /pˈeː/
		pietra /pjˈɛtra/ - prîa /prˈiːa/
		potere /potˈere/ - poéi /pwˈej/
		prezzo /prˈɛʦʦo/ - prêxo /prˈeːʒu/
		pancia /pˈanʧa/ - pança /pˈaŋsa/
		pace /pˈaʧe/ - pâxe /pˈaːʒe/
		penna /pˈenna/ - pena /pˈeːna/
		poni /pˈoni/ - poñi /pˈuŋi/
		ponte /pˈonte/ - pónte /pˈuŋte/
		porre /pˈorre/ - poñe /pˈuŋe/
		pozzo /pˈoʦʦo/ - pósso /pˈusu/
		punto /pˈunto/ - pónto /pˈuŋtu/
		puɡno /pˈuɲɲo/ - pùɡno /pˈyɲu/
		poco /pˈɔko/ - pöco /pˈɔːku/
		porca /pˈɔrka/ - pòrca /pˈɔːrka/
		povero /pˈɔvero/ - pöveo /pˈɔːvju/
		poɡɡio /pˈɔʤʤo/ - pêuzo /pˈøːzu/
		pecora /pˈɛkora/ - pêɡoa /pˈeːɡwa/
		pelle /pˈɛlle/ - pelle /pˈele/
		pesca /pˈɛska/ - pèrseɡa /pˈɛːrseɡa/
		pesca /pˈɛska/ - pèrseɡo /pˈɛːrseɡu/
		petto /pˈɛtto/ - péto /pˈeːtu/
		radice /radˈiʧe/ - réixe /rˈejʒe/
		raɡione /raʤˈone/ - raxón /raʒˈuŋ/
		romano /romˈano/ - roman /rumˈaŋ/
		robbio /rˈobbjo/ - rosso /rˈussu/
		salute /salˈute/ - salûte /salˈyːte/
		sapere /sapˈere/ - savei /savˈej/
		settimana /settimˈana/ - settemaña /setemˈaŋa/
		sicuro /sikˈuro/ - seɡûo /seɡˈyːu/
		scuro /skˈuro/ - scuo /skˈyːu/
		scorza /skˈɔrʦa/ - scòrsa /skˈɔːrsa/
		spada /spˈada/ - spâ /spˈaː/
		spiɡa /spˈiɡa/ - spîɡa /spˈiːɡa/
		stella /stˈella/ - stela /stˈela/
		sale /sˈale/ - sâ /sˈaː/
		salsa /sˈalsa/ - sàrsa /sˈaːrsa/
		sano /sˈano/ - sàn /sˈaŋ/
		santo /sˈanto/ - sànto /sˈaŋtu/
		sappia /sˈappja/ - sacce /sˈaʧe/
		savio /sˈavjo/ - sâio /sˈaːju/
		savio /sˈavjo/ - sâvio /sˈaːvju/
		sanɡue /sˈaŋɡwe/ - sànɡoe /sˈaŋɡwe/
		secca /sˈekka/ - sécca /sˈeka/
		secco /sˈekko/ - sécco /sˈeku/
		sera /sˈera/ - séia /sˈeja/
		seta /sˈeta/ - sæa /sˈɛːa/
		sole /sˈole/ - sô /sˈuː/
		sopra /sˈopra/ - sorve /sˈuːrve/
		sopra /sˈopra/ - sorvia /sˈuːrvja/
		sei /sˈɛj/ - sêi /sˈeːj/
		sette /sˈɛtte/ - sette /sˈɛte/
		tu /tˈu/ - ti /tˈi/
		tutti /tˈutti/ - tutti /tˈyti/
		tuto /tˈutto/ - tùtto /tˈytu/
		tempo /tˈɛmpo/ - tempo /tˈeŋpu/
		terra /tˈɛrra/ - tæra /tˈɛːra/
		testa /tˈɛsta/ - tésta /tˈesta/
		uccello /uʧʧˈɛllo/ - öxéllo /ɔːʒˈelu/
		vedere /vedˈere/ - vedde /vˈede/
		venire /venˈire/ - veɡnî /veɲˈiː/
		verɡoɡna /verɡˈoɲɲa/ - verɡheuɡna /verɡˈøɲa/
		villano /villˈano/ - villan /vilˈaŋ/
		vitello /vitˈɛllo/ - vitéllo /vitˈelu/
		vicino /viʧˈino/ - vexin /veʒˈiŋ/
		volare /volˈare/ - xoâ /ʒwˈaː/
		vacca /vˈakka/ - vacca /vˈaka/
		venti /vˈenti/ - vinti /vˈiŋti/
		verde /vˈerde/ - vèrde /vˈɛːrde/
		vino /vˈino/ - vin /vˈiŋ/
		voi /vˈoj/ - voî /vwˈiː/
		voce /vˈoʧe/ - vôxe /vˈuːʒe/
		vecchio /vˈɛkkjo/ - vêɡio /vˈeːʤu/
		vento /vˈɛnto/ - vénto /vˈeŋtu/
		venɡo /vˈɛŋɡo/ - vêɡno /vˈeːɲu/
		uomo /wˈɔmo/ - ommo /ˈɔmu/
		uovo /wˈɔvo/ - êuvo /ˈøːvu/
		ɡhiacciare /ɡjaʧʧˈare/ - zeâ /zjˈaː/
		ɡrande /ɡrˈande/ - ɡrànde /ɡrˈaŋde/
		ɡrano /ɡrˈano/ - ɡran /ɡrˈaŋ/
		ɡrasso /ɡrˈasso/ - ɡrasso /ɡrˈasu/
		ɡrasso /ɡrˈasso/ - ɡrascia /ɡrˈaʃa/
		ɡrosso /ɡrˈɔsso/ - ɡròsso /ɡrˈɔsu/
		ɡatto /ɡˈatto/ - ɡatto /ɡˈatu/
		ɡola /ɡˈola/ - ɡôa /ɡˈuːa/
		ɡenɡiva /ʤenʤˈiva/ - zenzîa /zenzˈiːa/
		ɡinocchio /ʤinˈɔkkjo/ - zenoɡɡio /zenˈuʤu/
		ɡiorno /ʤˈorno/ - ɡiorno /ʤˈurnu/
		ɡiovane /ʤˈovane/ - zoêno /zwˈeːnu/
		ɡiudice /ʤˈudiʧe/ - ɡiudise /ʤˈydise/
		ɡenero /ʤˈɛnero/ - zéneo /zˈenju/
		città /ʧittˈa/ - çittæ /sitˈɛː/
		cinquanta /ʧiŋkwˈanta/ - çinquanta /siŋkwˈaŋta/
		cera /ʧˈera/ - çéia /sˈeja/
		cima /ʧˈima/ - çimma /sˈima/
		cinque /ʧˈiŋkwe/ - çìnque /sˈiŋkwe/
		cielo /ʧˈɛlo/ - çê /sˈeː/
		acqua /ˈakkwa/ - æɡoa /ˈɛːɡwa/
		alba /ˈalba/ - arba /ˈaːrba/
		albero /ˈalbero/ - èrbo /ˈɛːrbu/
		altro /ˈaltro/ - âtro /ˈaːtru/
		anno /ˈanno/ - anno /ˈanu/
		anɡelo /ˈanʤelo/ - anɡeo /ˈanʤju/
		ape /ˈape/ - âva /ˈaːva/
		ape /ˈape/ - àvia /ˈaːvja/
		aɡlio /ˈaʎʎo/ - aɡɡio /ˈaʤu/
		isola /ˈizola/ - isoa /ˈiswa/
		orso /ˈorso/ - órso /ˈuːrsu/
		uno /ˈuno/ - un /ˈyŋ/
		occhi /ˈɔkki/ - éuɡɡi /ˈøʤi/
		opera /ˈɔpera/ - euvia /ˈøːvja/
		oro /ˈɔro/ - öo /ˈɔːu/
		osso /ˈɔsso/ - òsso /ˈɔsu/
		otto /ˈɔtto/ - éutto /ˈøtu/

Final disqualified:
		babbo /bˈabbo/ - poæ /pwˈɛː/
		dì /dˈi/ - ɡiorno /ʤˈurnu/
		capello /kapˈello/ - péi /pˈej/
		madre /mˈadre/ - moæ /mwˈɛː/
		noi /nˈoj/ - niâtri /njˈaːtri/
		piccolo /pˈikkolo/ - piccin /piʧˈiŋ/
		rio /rˈio/ - sciùmme /ʃˈyme/
		sabbia /sˈabbja/ - æña /ˈɛŋa/
		seme /sˈeme/ - seménsa /semˈeŋsa/
		voi /vˈoj/ - viâtri /vjˈaːtri/
		ventre /vˈɛntre/ - pança /pˈaŋsa/
		ɡermano /ʤermˈano/ - fræ /frˈɛː/
		aɡo /ˈaɡo/ - aɡóɡɡia /aɡˈuʤa/


-------------------

****SAMPLE 2****
Iteration 1
	Qualified: 244
	Disqualified: 278
	Added: 0
	Removed: 17
		dì /dˈi/ - ɡiorno /ʤˈurnu/
		ɡhiacciare /ɡjaʧʧˈare/ - zeâ /zjˈaː/
		piccolo /pˈikkolo/ - piccin /piʧˈiŋ/
		voi /vˈoj/ - viâtri /vjˈaːtri/
		orecchia /orˈekkja/ - oeɡia /wˈeːʤa/
		volare /volˈare/ - xoâ /ʒwˈaː/
		seme /sˈeme/ - seménsa /semˈeŋsa/
		babbo /bˈabbo/ - poæ /pwˈɛː/
		noi /nˈoj/ - niâtri /njˈaːtri/
		ɡermano /ʤermˈano/ - fræ /frˈɛː/
		madre /mˈadre/ - moæ /mwˈɛː/
		morsicare /morsikˈare/ - mòrde /mˈɔrde/
		rio /rˈio/ - sciùmme /ʃˈyme/
		penna /pˈenna/ - ciùmma /ʧˈyma/
		sabbia /sˈabbja/ - æña /ˈɛŋa/
		ventre /vˈɛntre/ - pança /pˈaŋsa/
		aɡo /ˈaɡo/ - aɡóɡɡia /aɡˈuʤa/

Iteration 2
	Qualified: 243
	Disqualified: 279
	Added: 1
		morsicare /morsikˈare/ - mòrde /mˈɔrde/
	Removed: 2
		ape /ˈape/ - âva /ˈaːva/
		capello /kapˈello/ - péi /pˈej/

Iteration 3
	Qualified: 245
	Disqualified: 277
	Added: 2
		seme /sˈeme/ - seménsa /semˈeŋsa/
		ape /ˈape/ - âva /ˈaːva/
	Removed: 0

Iteration 4
	Qualified: 246
	Disqualified: 276
	Added: 1
		capello /kapˈello/ - péi /pˈej/
	Removed: 0

Iteration 5
	Qualified: 248
	Disqualified: 274
	Added: 2
		volare /volˈare/ - xoâ /ʒwˈaː/
		madre /mˈadre/ - moæ /mwˈɛː/
	Removed: 0

Iteration 6
	Qualified: 248
	Disqualified: 274
	Added: 0
	Removed: 0

Final qualifying:
		aiutare /ajutˈare/ - aɡɡiuttâ /aʤutˈaː/
		aiuto /ajˈuto/ - aɡɡiutto /aʤˈutu/
		anello /anˈɛllo/ - anéllo /anˈelu/
		arena /arˈena/ - æña /ˈɛŋa/
		autunno /awtˈunno/ - ötunno /ɔːtˈynu/
		bianco /bjˈaŋko/ - ɡianco /ʤˈaŋku/
		bruciare /bruʧˈare/ - bruxâ /bryʒˈaː/
		buona /bwˈɔna/ - boña /bˈuŋa/
		buone /bwˈɔne/ - boñe /bˈuŋe/
		buoni /bwˈɔni/ - boin /bˈujŋ/
		buono /bwˈɔno/ - bun /bˈuŋ/
		basso /bˈasso/ - bàsso /bˈasu/
		bere /bˈere/ - béive /bˈejve/
		bocca /bˈokka/ - bocca /bˈuka/
		bue /bˈue/ - beu /bˈøː/
		bello /bˈɛllo/ - bèllo /bˈɛlu/
		bene /bˈɛne/ - ben /bˈeŋ/
		dieci /djˈɛʧi/ - dêxe /dˈeːʒe/
		dormire /dormˈire/ - dormî /durmˈiː/
		draɡone /draɡˈone/ - draɡón /draɡˈuŋ/
		dico /dˈiko/ - diɡɡo /dˈiɡu/
		dire /dˈire/ - dî /dˈiː/
		dito /dˈito/ - dîo /dˈiːu/
		dodici /dˈodiʧi/ - dozze /dˈuze/
		dolce /dˈolʧe/ - dôçe /dˈuːse/
		dono /dˈono/ - dón /dˈuŋ/
		due /dˈue/ - doe /dˈuːe/
		donna /dˈɔnna/ - dònna /dˈɔna/
		dente /dˈɛnte/ - dénte /dˈeŋte/
		estate /estˈate/ - estæ /estˈɛː/
		farina /farˈina/ - fæña /fˈɛŋa/
		fiamma /fjˈamma/ - sciàmma /ʃˈama/
		fiume /fjˈume/ - sciùmme /ʃˈyme/
		fratello /fratˈɛllo/ - fræ /frˈɛː/
		freddo /frˈeddo/ - freido /frˈejdu/
		fronza /frˈonʣa/ - féuɡɡia /fˈøʤa/
		fuoco /fwˈɔko/ - fêuɡo /fˈøːɡu/
		falso /fˈalso/ - fâso /fˈaːso/
		fare /fˈare/ - fâ /fˈaː/
		fata /fˈata/ - foæ /fwˈɛː/
		faccio /fˈaʧʧo/ - fasso /fˈasu/
		femmina /fˈemmina/ - fémmina /fˈemina/
		fine /fˈine/ - fin /fˈiŋ/
		fiɡlia /fˈiʎʎa/ - fìɡɡia /fˈiʤa/
		fiɡlio /fˈiʎʎo/ - fìɡɡio /fˈiʤu/
		fumo /fˈumo/ - fumme /fˈyme/
		forte /fˈɔrte/ - fòrte /fˈɔːrte/
		forza /fˈɔrʦa/ - fòrsa /fˈɔːrsa/
		foɡlia /fˈɔʎʎa/ - féuɡɡia /fˈøʤa/
		ferro /fˈɛrro/ - færo /fˈɛːru/
		cambiare /kambjˈare/ - canɡiâ /kaŋʤˈaː/
		capello /kapˈello/ - cavéllo /kavˈelu/
		capello /kapˈello/ - péi /pˈej/
		castello /kastˈɛllo/ - castéllo /kastˈelu/
		catena /katˈena/ - cadeña /kadˈeŋa/
		cavallo /kavˈallo/ - cavallo /kavˈalu/
		cacciare /kaʧʧˈare/ - cacciâ /kaʧˈaː/
		chiamare /kjamˈare/ - ciammâ /ʧamˈaː/
		corteccia /kortˈeʧʧa/ - scòrsa /skˈɔːrsa/
		croce /krˈoʧe/ - crôxe /krˈuːʒe/
		quaɡlia /kwˈaʎʎa/ - quâɡia /kwˈaːʤa/
		cuore /kwˈɔre/ - cheu /kˈøː/
		caldo /kˈaldo/ - câdo /kˈaːdu/
		camera /kˈamera/ - camia /kˈamja/
		cane /kˈane/ - can /kˈaŋ/
		canto /kˈanto/ - canto /kˈaŋtu/
		capo /kˈapo/ - cappo /kˈapu/
		capra /kˈapra/ - crava /krˈaːva/
		carne /kˈarne/ - carne /kˈaːrne/
		caro /kˈaro/ - câo /kˈaːu/
		casa /kˈaza/ - câza /kˈaːza/
		che /kˈe/ - che /kˈe/
		coda /kˈoda/ - côa /kˈuːa/
		colpo /kˈolpo/ - corpo /kˈuːrpu/
		corto /kˈorto/ - curto /kˈyːrtu/
		culo /kˈulo/ - cû /kˈyː/
		corno /kˈɔrno/ - còrno /kˈɔːrnu/
		corpo /kˈɔrpo/ - còrpo /kˈɔːrpu/
		cosa /kˈɔza/ - cösa /kˈɔːza/
		levare /levˈare/ - levâ /levˈaː/
		leone /leˈone/ - lion /ljˈuŋ/
		luoɡo /lwˈɔɡo/ - lêuɡo /lˈøːɡu/
		lana /lˈana/ - laña /lˈaŋa/
		latte /lˈatte/ - læte /lˈɛːte/
		lettera /lˈettera/ - léttia /lˈetja/
		leɡna /lˈeɲɲa/ - léɡno /lˈeɲu/
		leɡno /lˈeɲɲo/ - léɡno /lˈeɲu/
		leɡɡe /lˈeʤʤe/ - lézze /lˈeze/
		lume /lˈume/ - lûxe /lˈyːʒe/
		luna /lˈuna/ - luña /lˈyŋa/
		lotta /lˈɔtta/ - lòtta /lˈɔta/
		lei /lˈɛj/ - lê /lˈeː/
		lepre /lˈɛpre/ - lêvre /lˈeːvre/
		letto /lˈɛtto/ - letto /lˈeto/
		leɡɡere /lˈɛʤʤere/ - lêze /lˈeːze/
		maturo /matˈuro/ - méuio /mˈøju/
		metà /metˈa/ - meitæ /mejtˈɛː/
		miɡliore /miʎʎˈore/ - mêɡio /mˈeːʤu/
		miele /mjˈɛle/ - amê /amˈeː/
		montaɡna /montˈaɲɲa/ - montaɡna /muŋtˈaɲa/
		morsicare /morsikˈare/ - mòrde /mˈɔrde/
		morire /morˈire/ - muî /mwˈiː/
		madre /mˈadre/ - moæ /mwˈɛː/
		mare /mˈare/ - mâ /mˈaː/
		me /mˈe/ - mi /mˈi/
		mica /mˈika/ - miɡa /mˈiːɡa/
		mille /mˈille/ - mille /mˈile/
		mosca /mˈoska/ - mósca /mˈuska/
		mordere /mˈɔrdere/ - mòrde /mˈɔrde/
		morte /mˈɔrte/ - mòrte /mˈɔːrte/
		meɡlio /mˈɛʎʎo/ - mêɡio /mˈeːʤu/
		mezzo /mˈɛʣʣo/ - mêzo /mˈeːzu/
		non /non/ - no /nu/
		nuotare /nwotˈare/ - nuâ /nɥˈaː/
		nuovo /nwˈɔvo/ - nêuvo /nˈøːvu/
		nebbia /nˈebbja/ - nêɡia /nˈeːʤa/
		nero /nˈero/ - néiɡro /nˈejɡru/
		neve /nˈeve/ - neive /nˈejve/
		noi /nˈoj/ - noî /nwˈiː/
		nome /nˈome/ - nomme /nˈume/
		nube /nˈube/ - nûvia /nˈyːvja/
		nuvola /nˈuvola/ - nûvia /nˈyːvja/
		nostro /nˈɔstro/ - nòstro /nˈɔstru/
		notte /nˈɔtte/ - néutte /nˈøte/
		nove /nˈɔve/ - nêuve /nˈøːve/
		odore /odˈore/ - ödô /ɔːdˈuː/
		ombelico /ombelˈiko/ - ombrisallo /uŋbrisˈalu/
		pidocchio /pidˈɔkkjo/ - piɡhéuɡɡio /piɡˈøʤu/
		piuma /pjˈuma/ - pena /pˈeːna/
		piuma /pjˈuma/ - ciùmma /ʧˈyma/
		piede /pjˈɛde/ - pê /pˈeː/
		potere /potˈere/ - poéi /pwˈej/
		prezzo /prˈɛʦʦo/ - prêxo /prˈeːʒu/
		pane /pˈane/ - pàn /pˈaŋ/
		pancia /pˈanʧa/ - pança /pˈaŋsa/
		pelo /pˈelo/ - cavéllo /kavˈelu/
		pelo /pˈelo/ - péi /pˈej/
		pena /pˈena/ - peña /pˈeŋa/
		penna /pˈenna/ - pena /pˈeːna/
		pesce /pˈeʃʃe/ - péscio /pˈeʃu/
		poni /pˈoni/ - poñi /pˈuŋi/
		ponte /pˈonte/ - pónte /pˈuŋte/
		porre /pˈorre/ - poñe /pˈuŋe/
		pozzo /pˈoʦʦo/ - pósso /pˈusu/
		punto /pˈunto/ - pónto /pˈuŋtu/
		poco /pˈɔko/ - pöco /pˈɔːku/
		porco /pˈɔrko/ - pòrco /pˈɔːrku/
		povero /pˈɔvero/ - pöveo /pˈɔːvju/
		poɡɡio /pˈɔʤʤo/ - pêuzo /pˈøːzu/
		pesca /pˈɛska/ - pèrseɡa /pˈɛːrseɡa/
		pesca /pˈɛska/ - pèrseɡo /pˈɛːrseɡu/
		petto /pˈɛtto/ - péto /pˈeːtu/
		radice /radˈiʧe/ - réixe /rˈejʒe/
		raɡione /raʤˈone/ - raxón /raʒˈuŋ/
		reɡina /reʤˈina/ - ræña /rˈɛŋa/
		raɡno /rˈaɲɲo/ - äɡno /ˈaːɲu/
		rosso /rˈosso/ - rosso /rˈussu/
		sapere /sapˈere/ - savei /savˈej/
		semente /semˈente/ - seménsa /semˈeŋsa/
		settimana /settimˈana/ - settemaña /setemˈaŋa/
		sicuro /sikˈuro/ - seɡûo /seɡˈyːu/
		scuro /skˈuro/ - scuo /skˈyːu/
		scorza /skˈɔrʦa/ - scòrsa /skˈɔːrsa/
		Spaɡna /spˈaɲɲa/ - Spàɡna /spˈaɲa/
		spina /spˈina/ - spiña /spˈiŋa/
		spiɡa /spˈiɡa/ - spîɡa /spˈiːɡa/
		stella /stˈella/ - stela /stˈela/
		sale /sˈale/ - sâ /sˈaː/
		sana /sˈana/ - saña /sˈaŋa/
		sano /sˈano/ - sàn /sˈaŋ/
		santo /sˈanto/ - sànto /sˈaŋtu/
		sappia /sˈappja/ - sacce /sˈaʧe/
		sasso /sˈasso/ - sàscio /sˈaʃu/
		sanɡue /sˈaŋɡwe/ - sànɡoe /sˈaŋɡwe/
		secca /sˈekka/ - sécca /sˈeka/
		secco /sˈekko/ - sécco /sˈeku/
		seme /sˈeme/ - seménsa /semˈeŋsa/
		sera /sˈera/ - séia /sˈeja/
		seta /sˈeta/ - sæa /sˈɛːa/
		sole /sˈole/ - sô /sˈuː/
		sopra /sˈopra/ - sorve /sˈuːrve/
		sopra /sˈopra/ - sorvia /sˈuːrvja/
		tre /trˈe/ - trei /trˈej/
		tondo /tˈondo/ - riondo /rjˈuŋdu/
		tu /tˈu/ - ti /tˈi/
		tutti /tˈutti/ - tutti /tˈyti/
		toro /tˈɔro/ - töo /tˈɔːu/
		tempo /tˈɛmpo/ - tempo /tˈeŋpu/
		terra /tˈɛrra/ - tæra /tˈɛːra/
		testa /tˈɛsta/ - tésta /tˈesta/
		uccello /uʧʧˈɛllo/ - öxéllo /ɔːʒˈelu/
		vedere /vedˈere/ - vedde /vˈede/
		venire /venˈire/ - veɡnî /veɲˈiː/
		verɡoɡna /verɡˈoɲɲa/ - verɡheuɡna /verɡˈøɲa/
		villano /villˈano/ - villan /vilˈaŋ/
		vitello /vitˈɛllo/ - vitéllo /vitˈelu/
		vicino /viʧˈino/ - vexin /veʒˈiŋ/
		volare /volˈare/ - xoâ /ʒwˈaː/
		vacca /vˈakka/ - vacca /vˈaka/
		venti /vˈenti/ - vinti /vˈiŋti/
		verde /vˈerde/ - vèrde /vˈɛːrde/
		via /vˈia/ - vîa /vˈiːa/
		vita /vˈita/ - vìtta /vˈita/
		voi /vˈoj/ - voî /vwˈiː/
		voce /vˈoʧe/ - vôxe /vˈuːʒe/
		vento /vˈɛnto/ - vénto /vˈeŋtu/
		verme /vˈɛrme/ - vèrme /vˈɛːrme/
		uomo /wˈɔmo/ - ommo /ˈɔmu/
		uovo /wˈɔvo/ - êuvo /ˈøːvu/
		ɡhiaccio /ɡjˈaʧʧo/ - ɡiassa /ʤˈasa/
		ɡrano /ɡrˈano/ - ɡran /ɡrˈaŋ/
		ɡrasso /ɡrˈasso/ - ɡrasso /ɡrˈasu/
		ɡrasso /ɡrˈasso/ - ɡrascia /ɡrˈaʃa/
		ɡrosso /ɡrˈɔsso/ - ɡròsso /ɡrˈɔsu/
		ɡola /ɡˈola/ - ɡôa /ɡˈuːa/
		ɡelare /ʤelˈare/ - zeâ /zjˈaː/
		ɡenɡiva /ʤenʤˈiva/ - zenzîa /zenzˈiːa/
		ɡinocchio /ʤinˈɔkkjo/ - zenoɡɡio /zenˈuʤu/
		ɡiorno /ʤˈorno/ - ɡiorno /ʤˈurnu/
		ɡiovane /ʤˈovane/ - zoêno /zwˈeːnu/
		ɡiuɡno /ʤˈuɲɲo/ - zuɡno /zˈyɲu/
		ɡioco /ʤˈɔko/ - zêuɡo /zˈøːɡu/
		ɡenero /ʤˈɛnero/ - zéneo /zˈenju/
		città /ʧittˈa/ - çittæ /sitˈɛː/
		cinquanta /ʧiŋkwˈanta/ - çinquanta /siŋkwˈaŋta/
		cenere /ʧˈenere/ - çenie /sˈenje/
		cera /ʧˈera/ - çéia /sˈeja/
		cima /ʧˈima/ - çimma /sˈima/
		cielo /ʧˈɛlo/ - çê /sˈeː/
		cento /ʧˈɛnto/ - çento /sˈeŋtu/
		alba /ˈalba/ - arba /ˈaːrba/
		albero /ˈalbero/ - èrbo /ˈɛːrbu/
		altro /ˈaltro/ - âtro /ˈaːtru/
		anno /ˈanno/ - anno /ˈanu/
		anɡelo /ˈanʤelo/ - anɡeo /ˈanʤju/
		ape /ˈape/ - âva /ˈaːva/
		ape /ˈape/ - àvia /ˈaːvja/
		aɡlio /ˈaʎʎo/ - aɡɡio /ˈaʤu/
		isola /ˈizola/ - isoa /ˈiswa/
		orso /ˈorso/ - órso /ˈuːrsu/
		uno /ˈuno/ - un /ˈyŋ/
		unɡhia /ˈuŋɡja/ - ónɡia /ˈuŋʤa/
		occhi /ˈɔkki/ - éuɡɡi /ˈøʤi/
		occhio /ˈɔkkjo/ - éuɡɡio /ˈøʤu/
		opera /ˈɔpera/ - euvia /ˈøːvja/
		oro /ˈɔro/ - öo /ˈɔːu/
		osso /ˈɔsso/ - òsso /ˈɔsu/
		otto /ˈɔtto/ - éutto /ˈøtu/

Final disqualified:
		babbo /bˈabbo/ - poæ /pwˈɛː/
		dì /dˈi/ - ɡiorno /ʤˈurnu/
		noi /nˈoj/ - niâtri /njˈaːtri/
		orecchia /orˈekkja/ - oeɡia /wˈeːʤa/
		penna /pˈenna/ - ciùmma /ʧˈyma/
		piccolo /pˈikkolo/ - piccin /piʧˈiŋ/
		rio /rˈio/ - sciùmme /ʃˈyme/
		sabbia /sˈabbja/ - æña /ˈɛŋa/
		voi /vˈoj/ - viâtri /vjˈaːtri/
		ventre /vˈɛntre/ - pança /pˈaŋsa/
		ɡhiacciare /ɡjaʧʧˈare/ - zeâ /zjˈaː/
		ɡermano /ʤermˈano/ - fræ /frˈɛː/
		aɡo /ˈaɡo/ - aɡóɡɡia /aɡˈuʤa/


-------------------

****SAMPLE 3****
Iteration 1
	Qualified: 245
	Disqualified: 277
	Added: 0
	Removed: 16
		dì /dˈi/ - ɡiorno /ʤˈurnu/
		piccolo /pˈikkolo/ - piccin /piʧˈiŋ/
		colore /kolˈore/ - cô /kˈuː/
		voi /vˈoj/ - viâtri /vjˈaːtri/
		eɡli /ˈeʎʎi/ - lê /lˈeː/
		volare /volˈare/ - xoâ /ʒwˈaː/
		noi /nˈoj/ - niâtri /njˈaːtri/
		babbo /bˈabbo/ - poæ /pwˈɛː/
		ɡermano /ʤermˈano/ - fræ /frˈɛː/
		madre /mˈadre/ - moæ /mwˈɛː/
		morsicare /morsikˈare/ - mòrde /mˈɔrde/
		rio /rˈio/ - sciùmme /ʃˈyme/
		penna /pˈenna/ - ciùmma /ʧˈyma/
		ɡhiacciare /ɡjaʧʧˈare/ - zeâ /zjˈaː/
		ventre /vˈɛntre/ - pança /pˈaŋsa/
		aɡo /ˈaɡo/ - aɡóɡɡia /aɡˈuʤa/

Iteration 2
	Qualified: 242
	Disqualified: 280
	Added: 1
		morsicare /morsikˈare/ - mòrde /mˈɔrde/
	Removed: 4
		ɡhiaccio /ɡjˈaʧʧo/ - ɡiassa /ʤˈasa/
		ape /ˈape/ - âva /ˈaːva/
		capello /kapˈello/ - péi /pˈej/
		fiore /fjˈore/ - sciô /ʃˈuː/

Iteration 3
	Qualified: 245
	Disqualified: 277
	Added: 3
		ɡhiaccio /ɡjˈaʧʧo/ - ɡiassa /ʤˈasa/
		ape /ˈape/ - âva /ˈaːva/
		fiore /fjˈore/ - sciô /ʃˈuː/
	Removed: 0

Iteration 4
	Qualified: 245
	Disqualified: 277
	Added: 1
		capello /kapˈello/ - péi /pˈej/
	Removed: 1
		fiore /fjˈore/ - sciô /ʃˈuː/

Iteration 5
	Qualified: 247
	Disqualified: 275
	Added: 2
		colore /kolˈore/ - cô /kˈuː/
		fiore /fjˈore/ - sciô /ʃˈuː/
	Removed: 0

Iteration 6
	Qualified: 246
	Disqualified: 276
	Added: 0
	Removed: 1
		fiore /fjˈore/ - sciô /ʃˈuː/

Iteration 7
	Qualified: 247
	Disqualified: 275
	Added: 1
		fiore /fjˈore/ - sciô /ʃˈuː/
	Removed: 0

Final qualifying:
		aiutare /ajutˈare/ - aɡɡiuttâ /aʤutˈaː/
		aiuto /ajˈuto/ - aɡɡiutto /aʤˈutu/
		anello /anˈɛllo/ - anéllo /anˈelu/
		autunno /awtˈunno/ - ötunno /ɔːtˈynu/
		bianco /bjˈaŋko/ - ɡianco /ʤˈaŋku/
		bruciare /bruʧˈare/ - bruxâ /bryʒˈaː/
		buona /bwˈɔna/ - boña /bˈuŋa/
		buone /bwˈɔne/ - boñe /bˈuŋe/
		buoni /bwˈɔni/ - boin /bˈujŋ/
		buono /bwˈɔno/ - bun /bˈuŋ/
		bocca /bˈokka/ - bocca /bˈuka/
		bue /bˈue/ - beu /bˈøː/
		bella /bˈɛlla/ - bèlla /bˈɛla/
		bene /bˈɛne/ - ben /bˈeŋ/
		dieci /djˈɛʧi/ - dêxe /dˈeːʒe/
		dormire /dormˈire/ - dormî /durmˈiː/
		draɡone /draɡˈone/ - draɡón /draɡˈuŋ/
		dico /dˈiko/ - diɡɡo /dˈiɡu/
		dio /dˈio/ - dîo /dˈiːu/
		dire /dˈire/ - dî /dˈiː/
		dito /dˈito/ - dîo /dˈiːu/
		dodici /dˈodiʧi/ - dozze /dˈuze/
		dolce /dˈolʧe/ - dôçe /dˈuːse/
		dono /dˈono/ - dón /dˈuŋ/
		due /dˈue/ - doe /dˈuːe/
		donna /dˈɔnna/ - dònna /dˈɔna/
		dente /dˈɛnte/ - dénte /dˈeŋte/
		estate /estˈate/ - estæ /estˈɛː/
		farina /farˈina/ - fæña /fˈɛŋa/
		fiamma /fjˈamma/ - sciàmma /ʃˈama/
		fiore /fjˈore/ - sciô /ʃˈuː/
		fiume /fjˈume/ - sciùmme /ʃˈyme/
		fratello /fratˈɛllo/ - fræ /frˈɛː/
		freddo /frˈeddo/ - freido /frˈejdu/
		fuoco /fwˈɔko/ - fêuɡo /fˈøːɡu/
		falso /fˈalso/ - fâso /fˈaːso/
		fame /fˈame/ - fàmme /fˈame/
		fata /fˈata/ - foæ /fwˈɛː/
		femmina /fˈemmina/ - fémmina /fˈemina/
		feɡato /fˈeɡato/ - fiɡæto /fiɡˈɛːtu/
		fine /fˈine/ - fin /fˈiŋ/
		fiɡlia /fˈiʎʎa/ - fìɡɡia /fˈiʤa/
		fumo /fˈumo/ - fumme /fˈyme/
		forte /fˈɔrte/ - fòrte /fˈɔːrte/
		forza /fˈɔrʦa/ - fòrsa /fˈɔːrsa/
		foɡlia /fˈɔʎʎa/ - féuɡɡia /fˈøʤa/
		ferro /fˈɛrro/ - færo /fˈɛːru/
		festa /fˈɛsta/ - fèsta /fˈɛsta/
		inverno /invˈɛrno/ - inverno /iŋvˈɛːrnu/
		capello /kapˈello/ - cavéllo /kavˈelu/
		capello /kapˈello/ - péi /pˈej/
		castello /kastˈɛllo/ - castéllo /kastˈelu/
		catena /katˈena/ - cadeña /kadˈeŋa/
		cavallo /kavˈallo/ - cavallo /kavˈalu/
		cacciare /kaʧʧˈare/ - cacciâ /kaʧˈaː/
		chiamare /kjamˈare/ - ciammâ /ʧamˈaː/
		colore /kolˈore/ - cô /kˈuː/
		conoscere /konˈoʃʃere/ - conosce /kunˈuʃe/
		corteccia /kortˈeʧʧa/ - scòrsa /skˈɔːrsa/
		credere /krˈedere/ - credde /krˈede/
		croce /krˈoʧe/ - crôxe /krˈuːʒe/
		quattro /kwˈattro/ - quattro /kwˈatru/
		quaɡlia /kwˈaʎʎa/ - quâɡia /kwˈaːʤa/
		caldo /kˈaldo/ - câdo /kˈaːdu/
		camera /kˈamera/ - camia /kˈamja/
		cane /kˈane/ - can /kˈaŋ/
		canto /kˈanto/ - canto /kˈaŋtu/
		capo /kˈapo/ - cappo /kˈapu/
		capra /kˈapra/ - crava /krˈaːva/
		carne /kˈarne/ - carne /kˈaːrne/
		caro /kˈaro/ - câo /kˈaːu/
		casa /kˈaza/ - câza /kˈaːza/
		che /kˈe/ - che /kˈe/
		coda /kˈoda/ - côa /kˈuːa/
		colpo /kˈolpo/ - corpo /kˈuːrpu/
		corto /kˈorto/ - curto /kˈyːrtu/
		culo /kˈulo/ - cû /kˈyː/
		collo /kˈɔllo/ - còllo /kˈɔlu/
		corpo /kˈɔrpo/ - còrpo /kˈɔːrpu/
		costa /kˈɔsta/ - còsta /kˈɔsta/
		cosa /kˈɔza/ - cösa /kˈɔːza/
		levare /levˈare/ - levâ /levˈaː/
		leone /leˈone/ - lion /ljˈuŋ/
		luoɡo /lwˈɔɡo/ - lêuɡo /lˈøːɡu/
		lacrima /lˈakrima/ - laɡrima /lˈaɡrima/
		lana /lˈana/ - laña /lˈaŋa/
		latte /lˈatte/ - læte /lˈɛːte/
		laɡo /lˈaɡo/ - lâɡo /lˈaːɡu/
		lettera /lˈettera/ - léttia /lˈetja/
		leɡna /lˈeɲɲa/ - léɡno /lˈeɲu/
		leɡno /lˈeɲɲo/ - léɡno /lˈeɲu/
		leɡɡe /lˈeʤʤe/ - lézze /lˈeze/
		linɡua /lˈiŋɡwa/ - lénɡoa /lˈeŋɡwa/
		lui /lˈui/ - lê /lˈeː/
		lume /lˈume/ - lûxe /lˈyːʒe/
		luce /lˈuʧe/ - lûxe /lˈyːʒe/
		lotta /lˈɔtta/ - lòtta /lˈɔta/
		lei /lˈɛj/ - lê /lˈeː/
		lepre /lˈɛpre/ - lêvre /lˈeːvre/
		letto /lˈɛtto/ - letto /lˈeto/
		leɡɡere /lˈɛʤʤere/ - lêze /lˈeːze/
		maturo /matˈuro/ - méuio /mˈøju/
		miele /mjˈɛle/ - amê /amˈeː/
		morsicare /morsikˈare/ - mòrde /mˈɔrde/
		morire /morˈire/ - muî /mwˈiː/
		mano /mˈano/ - man /mˈaŋ/
		mare /mˈare/ - mâ /mˈaː/
		me /mˈe/ - mi /mˈi/
		mica /mˈika/ - miɡa /mˈiːɡa/
		mosca /mˈoska/ - mósca /mˈuska/
		mordere /mˈɔrdere/ - mòrde /mˈɔrde/
		morte /mˈɔrte/ - mòrte /mˈɔːrte/
		meɡlio /mˈɛʎʎo/ - mêɡio /mˈeːʤu/
		mezzo /mˈɛʣʣo/ - mêzo /mˈeːzu/
		nessuno /nessˈuno/ - nisciun /niʃˈyŋ/
		non /non/ - no /nu/
		nuovo /nwˈɔvo/ - nêuvo /nˈøːvu/
		nascere /nˈaʃʃere/ - nàsce /nˈaʃe/
		nebbia /nˈebbja/ - nêɡia /nˈeːʤa/
		nero /nˈero/ - néiɡro /nˈejɡru/
		neve /nˈeve/ - neive /nˈejve/
		noi /nˈoj/ - noî /nwˈiː/
		nome /nˈome/ - nomme /nˈume/
		noce /nˈoʧe/ - nôxe /nˈuːʒe/
		nube /nˈube/ - nûvia /nˈyːvja/
		nuvola /nˈuvola/ - nûvia /nˈyːvja/
		nostro /nˈɔstro/ - nòstro /nˈɔstru/
		notte /nˈɔtte/ - néutte /nˈøte/
		nove /nˈɔve/ - nêuve /nˈøːve/
		odore /odˈore/ - ödô /ɔːdˈuː/
		ombelico /ombelˈiko/ - ombrisallo /uŋbrisˈalu/
		orecchia /orˈekkja/ - oeɡia /wˈeːʤa/
		palazzo /palˈaʦʦo/ - palàçio /palˈasjo/
		parola /parˈɔla/ - pòula /pˈɔwla/
		pidocchio /pidˈɔkkjo/ - piɡhéuɡɡio /piɡˈøʤu/
		pianɡere /pjˈanʤere/ - ciànze /ʧˈaŋze/
		piaɡa /pjˈaɡa/ - ciâɡa /ʧˈaːɡa/
		piuma /pjˈuma/ - ciùmma /ʧˈyma/
		piede /pjˈɛde/ - pê /pˈeː/
		pietra /pjˈɛtra/ - prîa /prˈiːa/
		potere /potˈere/ - poéi /pwˈej/
		prezzo /prˈɛʦʦo/ - prêxo /prˈeːʒu/
		pane /pˈane/ - pàn /pˈaŋ/
		pancia /pˈanʧa/ - pança /pˈaŋsa/
		pace /pˈaʧe/ - pâxe /pˈaːʒe/
		pelo /pˈelo/ - cavéllo /kavˈelu/
		pelo /pˈelo/ - péi /pˈej/
		pena /pˈena/ - peña /pˈeŋa/
		penna /pˈenna/ - pena /pˈeːna/
		pesce /pˈeʃʃe/ - péscio /pˈeʃu/
		poni /pˈoni/ - poñi /pˈuŋi/
		porre /pˈorre/ - poñe /pˈuŋe/
		pozzo /pˈoʦʦo/ - pósso /pˈusu/
		puɡno /pˈuɲɲo/ - pùɡno /pˈyɲu/
		poco /pˈɔko/ - pöco /pˈɔːku/
		porca /pˈɔrka/ - pòrca /pˈɔːrka/
		porco /pˈɔrko/ - pòrco /pˈɔːrku/
		poɡɡio /pˈɔʤʤo/ - pêuzo /pˈøːzu/
		pecora /pˈɛkora/ - pêɡoa /pˈeːɡwa/
		pelle /pˈɛlle/ - pelle /pˈele/
		pesca /pˈɛska/ - pèrseɡa /pˈɛːrseɡa/
		pesca /pˈɛska/ - pèrseɡo /pˈɛːrseɡu/
		petto /pˈɛtto/ - péto /pˈeːtu/
		radice /radˈiʧe/ - réixe /rˈejʒe/
		raɡione /raʤˈone/ - raxón /raʒˈuŋ/
		reɡina /reʤˈina/ - ræña /rˈɛŋa/
		romano /romˈano/ - roman /rumˈaŋ/
		raɡno /rˈaɲɲo/ - äɡno /ˈaːɲu/
		re /rˈe/ - re /rˈɛ/
		robbio /rˈobbjo/ - rosso /rˈussu/
		rosso /rˈosso/ - rosso /rˈussu/
		salute /salˈute/ - salûte /salˈyːte/
		sapere /sapˈere/ - savei /savˈej/
		semente /semˈente/ - seménsa /semˈeŋsa/
		sicuro /sikˈuro/ - seɡûo /seɡˈyːu/
		scrivere /skrˈivere/ - scrîve /skrˈiːve/
		scuro /skˈuro/ - scuo /skˈyːu/
		scorza /skˈɔrʦa/ - scòrsa /skˈɔːrsa/
		Spaɡna /spˈaɲɲa/ - Spàɡna /spˈaɲa/
		sale /sˈale/ - sâ /sˈaː/
		sana /sˈana/ - saña /sˈaŋa/
		sano /sˈano/ - sàn /sˈaŋ/
		santo /sˈanto/ - sànto /sˈaŋtu/
		sasso /sˈasso/ - sàscio /sˈaʃu/
		savio /sˈavjo/ - sâvio /sˈaːvju/
		sanɡue /sˈaŋɡwe/ - sànɡoe /sˈaŋɡwe/
		secca /sˈekka/ - sécca /sˈeka/
		secco /sˈekko/ - sécco /sˈeku/
		seta /sˈeta/ - sæa /sˈɛːa/
		sole /sˈole/ - sô /sˈuː/
		sopra /sˈopra/ - sorve /sˈuːrve/
		sopra /sˈopra/ - sorvia /sˈuːrvja/
		sette /sˈɛtte/ - sette /sˈɛte/
		tre /trˈe/ - trei /trˈej/
		tondo /tˈondo/ - riondo /rjˈuŋdu/
		tutti /tˈutti/ - tutti /tˈyti/
		tuto /tˈutto/ - tùtto /tˈytu/
		toro /tˈɔro/ - töo /tˈɔːu/
		terra /tˈɛrra/ - tæra /tˈɛːra/
		testa /tˈɛsta/ - tésta /tˈesta/
		vedere /vedˈere/ - vedde /vˈede/
		verɡoɡna /verɡˈoɲɲa/ - verɡheuɡna /verɡˈøɲa/
		villano /villˈano/ - villan /vilˈaŋ/
		vitello /vitˈɛllo/ - vitéllo /vitˈelu/
		vicino /viʧˈino/ - vexin /veʒˈiŋ/
		via /vˈia/ - vîa /vˈiːa/
		vino /vˈino/ - vin /vˈiŋ/
		vita /vˈita/ - vìtta /vˈita/
		voi /vˈoj/ - voî /vwˈiː/
		vecchio /vˈɛkkjo/ - vêɡio /vˈeːʤu/
		verme /vˈɛrme/ - vèrme /vˈɛːrme/
		uovo /wˈɔvo/ - êuvo /ˈøːvu/
		ɡhiaccio /ɡjˈaʧʧo/ - ɡiassa /ʤˈasa/
		ɡrande /ɡrˈande/ - ɡrànde /ɡrˈaŋde/
		ɡrasso /ɡrˈasso/ - ɡrasso /ɡrˈasu/
		ɡrasso /ɡrˈasso/ - ɡrascia /ɡrˈaʃa/
		ɡrosso /ɡrˈɔsso/ - ɡròsso /ɡrˈɔsu/
		ɡenɡiva /ʤenʤˈiva/ - zenzîa /zenzˈiːa/
		ɡinocchio /ʤinˈɔkkjo/ - zenoɡɡio /zenˈuʤu/
		ɡiorno /ʤˈorno/ - ɡiorno /ʤˈurnu/
		ɡiovane /ʤˈovane/ - zoêno /zwˈeːnu/
		ɡiudice /ʤˈudiʧe/ - ɡiudise /ʤˈydise/
		ɡiuɡno /ʤˈuɲɲo/ - zuɡno /zˈyɲu/
		ɡioco /ʤˈɔko/ - zêuɡo /zˈøːɡu/
		ɡenero /ʤˈɛnero/ - zéneo /zˈenju/
		cinquanta /ʧiŋkwˈanta/ - çinquanta /siŋkwˈaŋta/
		cenere /ʧˈenere/ - çenie /sˈenje/
		cima /ʧˈima/ - çimma /sˈima/
		cinque /ʧˈiŋkwe/ - çìnque /sˈiŋkwe/
		cielo /ʧˈɛlo/ - çê /sˈeː/
		cento /ʧˈɛnto/ - çento /sˈeŋtu/
		acqua /ˈakkwa/ - æɡoa /ˈɛːɡwa/
		altro /ˈaltro/ - âtro /ˈaːtru/
		anno /ˈanno/ - anno /ˈanu/
		anɡelo /ˈanʤelo/ - anɡeo /ˈanʤju/
		ape /ˈape/ - âva /ˈaːva/
		ape /ˈape/ - àvia /ˈaːvja/
		aɡlio /ˈaʎʎo/ - aɡɡio /ˈaʤu/
		isola /ˈizola/ - isoa /ˈiswa/
		orso /ˈorso/ - órso /ˈuːrsu/
		uno /ˈuno/ - un /ˈyŋ/
		unɡhia /ˈuŋɡja/ - ónɡia /ˈuŋʤa/
		oca /ˈɔka/ - öca /ˈɔːka/
		occhio /ˈɔkkjo/ - éuɡɡio /ˈøʤu/
		opera /ˈɔpera/ - euvia /ˈøːvja/
		oro /ˈɔro/ - öo /ˈɔːu/
		osso /ˈɔsso/ - òsso /ˈɔsu/

Final disqualified:
		babbo /bˈabbo/ - poæ /pwˈɛː/
		dì /dˈi/ - ɡiorno /ʤˈurnu/
		madre /mˈadre/ - moæ /mwˈɛː/
		noi /nˈoj/ - niâtri /njˈaːtri/
		penna /pˈenna/ - ciùmma /ʧˈyma/
		piccolo /pˈikkolo/ - piccin /piʧˈiŋ/
		rio /rˈio/ - sciùmme /ʃˈyme/
		volare /volˈare/ - xoâ /ʒwˈaː/
		voi /vˈoj/ - viâtri /vjˈaːtri/
		ventre /vˈɛntre/ - pança /pˈaŋsa/
		ɡhiacciare /ɡjaʧʧˈare/ - zeâ /zjˈaː/
		ɡermano /ʤermˈano/ - fræ /frˈɛː/
		aɡo /ˈaɡo/ - aɡóɡɡia /aɡˈuʤa/
		eɡli /ˈeʎʎi/ - lê /lˈeː/


-------------------

****SAMPLE 4****
Iteration 1
	Qualified: 248
	Disqualified: 274
	Added: 0
	Removed: 13
		dì /dˈi/ - ɡiorno /ʤˈurnu/
		eɡli /ˈeʎʎi/ - lê /lˈeː/
		fiore /fjˈore/ - sciô /ʃˈuː/
		padre /pˈadre/ - poæ /pwˈɛː/
		noi /nˈoj/ - niâtri /njˈaːtri/
		babbo /bˈabbo/ - poæ /pwˈɛː/
		capello /kapˈello/ - péi /pˈej/
		seme /sˈeme/ - seménsa /semˈeŋsa/
		ɡermano /ʤermˈano/ - fræ /frˈɛː/
		penna /pˈenna/ - ciùmma /ʧˈyma/
		sabbia /sˈabbja/ - æña /ˈɛŋa/
		ventre /vˈɛntre/ - pança /pˈaŋsa/
		aɡo /ˈaɡo/ - aɡóɡɡia /aɡˈuʤa/

Iteration 2
	Qualified: 249
	Disqualified: 273
	Added: 1
		fiore /fjˈore/ - sciô /ʃˈuː/
	Removed: 0

Iteration 3
	Qualified: 250
	Disqualified: 272
	Added: 2
		seme /sˈeme/ - seménsa /semˈeŋsa/
		capello /kapˈello/ - péi /pˈej/
	Removed: 1
		fiore /fjˈore/ - sciô /ʃˈuː/

Iteration 4
	Qualified: 250
	Disqualified: 272
	Added: 2
		noi /nˈoj/ - niâtri /njˈaːtri/
		fiore /fjˈore/ - sciô /ʃˈuː/
	Removed: 2
		volare /volˈare/ - xoâ /ʒwˈaː/
		ɡhiacciare /ɡjaʧʧˈare/ - zeâ /zjˈaː/

Iteration 5
	Qualified: 250
	Disqualified: 272
	Added: 0
	Removed: 0

Final qualifying:
		aiutare /ajutˈare/ - aɡɡiuttâ /aʤutˈaː/
		aiuto /ajˈuto/ - aɡɡiutto /aʤˈutu/
		anello /anˈɛllo/ - anéllo /anˈelu/
		arena /arˈena/ - æña /ˈɛŋa/
		autunno /awtˈunno/ - ötunno /ɔːtˈynu/
		bianco /bjˈaŋko/ - ɡianco /ʤˈaŋku/
		bruciare /bruʧˈare/ - bruxâ /bryʒˈaː/
		buona /bwˈɔna/ - boña /bˈuŋa/
		buone /bwˈɔne/ - boñe /bˈuŋe/
		buoni /bwˈɔni/ - boin /bˈujŋ/
		buono /bwˈɔno/ - bun /bˈuŋ/
		bere /bˈere/ - béive /bˈejve/
		bocca /bˈokka/ - bocca /bˈuka/
		bue /bˈue/ - beu /bˈøː/
		bella /bˈɛlla/ - bèlla /bˈɛla/
		dieci /djˈɛʧi/ - dêxe /dˈeːʒe/
		dormire /dormˈire/ - dormî /durmˈiː/
		draɡone /draɡˈone/ - draɡón /draɡˈuŋ/
		dare /dˈare/ - dâ /dˈaː/
		dico /dˈiko/ - diɡɡo /dˈiɡu/
		dio /dˈio/ - dîo /dˈiːu/
		dire /dˈire/ - dî /dˈiː/
		dito /dˈito/ - dîo /dˈiːu/
		dodici /dˈodiʧi/ - dozze /dˈuze/
		dolce /dˈolʧe/ - dôçe /dˈuːse/
		dono /dˈono/ - dón /dˈuŋ/
		due /dˈue/ - doe /dˈuːe/
		donna /dˈɔnna/ - dònna /dˈɔna/
		estate /estˈate/ - estæ /estˈɛː/
		farina /farˈina/ - fæña /fˈɛŋa/
		fiamma /fjˈamma/ - sciàmma /ʃˈama/
		fiore /fjˈore/ - sciô /ʃˈuː/
		fiume /fjˈume/ - sciùmme /ʃˈyme/
		fratello /fratˈɛllo/ - fræ /frˈɛː/
		freddo /frˈeddo/ - freido /frˈejdu/
		fronza /frˈonʣa/ - féuɡɡia /fˈøʤa/
		frutto /frˈutto/ - fruto /frˈyːtu/
		fuoco /fwˈɔko/ - fêuɡo /fˈøːɡu/
		falso /fˈalso/ - fâso /fˈaːso/
		fame /fˈame/ - fàmme /fˈame/
		fare /fˈare/ - fâ /fˈaː/
		faccio /fˈaʧʧo/ - fasso /fˈasu/
		femmina /fˈemmina/ - fémmina /fˈemina/
		feɡato /fˈeɡato/ - fiɡæto /fiɡˈɛːtu/
		filo /fˈilo/ - fî /fˈiː/
		fine /fˈine/ - fin /fˈiŋ/
		fiɡlia /fˈiʎʎa/ - fìɡɡia /fˈiʤa/
		fiɡlio /fˈiʎʎo/ - fìɡɡio /fˈiʤu/
		fumo /fˈumo/ - fumme /fˈyme/
		forte /fˈɔrte/ - fòrte /fˈɔːrte/
		foɡlia /fˈɔʎʎa/ - féuɡɡia /fˈøʤa/
		ferro /fˈɛrro/ - færo /fˈɛːru/
		festa /fˈɛsta/ - fèsta /fˈɛsta/
		inverno /invˈɛrno/ - inverno /iŋvˈɛːrnu/
		cambiare /kambjˈare/ - canɡiâ /kaŋʤˈaː/
		capello /kapˈello/ - cavéllo /kavˈelu/
		capello /kapˈello/ - péi /pˈej/
		castello /kastˈɛllo/ - castéllo /kastˈelu/
		catena /katˈena/ - cadeña /kadˈeŋa/
		cavallo /kavˈallo/ - cavallo /kavˈalu/
		colore /kolˈore/ - cô /kˈuː/
		conoscere /konˈoʃʃere/ - conosce /kunˈuʃe/
		corteccia /kortˈeʧʧa/ - scòrsa /skˈɔːrsa/
		credere /krˈedere/ - credde /krˈede/
		croce /krˈoʧe/ - crôxe /krˈuːʒe/
		quattro /kwˈattro/ - quattro /kwˈatru/
		caldo /kˈaldo/ - câdo /kˈaːdu/
		camera /kˈamera/ - camia /kˈamja/
		cane /kˈane/ - can /kˈaŋ/
		canto /kˈanto/ - canto /kˈaŋtu/
		capo /kˈapo/ - cappo /kˈapu/
		capra /kˈapra/ - crava /krˈaːva/
		carne /kˈarne/ - carne /kˈaːrne/
		casa /kˈaza/ - câza /kˈaːza/
		che /kˈe/ - che /kˈe/
		colpo /kˈolpo/ - corpo /kˈuːrpu/
		corto /kˈorto/ - curto /kˈyːrtu/
		culo /kˈulo/ - cû /kˈyː/
		collo /kˈɔllo/ - còllo /kˈɔlu/
		corno /kˈɔrno/ - còrno /kˈɔːrnu/
		costa /kˈɔsta/ - còsta /kˈɔsta/
		coscia /kˈɔʃʃa/ - chéuscia /kˈøʃa/
		levare /levˈare/ - levâ /levˈaː/
		luoɡo /lwˈɔɡo/ - lêuɡo /lˈøːɡu/
		lacrima /lˈakrima/ - laɡrima /lˈaɡrima/
		lana /lˈana/ - laña /lˈaŋa/
		latte /lˈatte/ - læte /lˈɛːte/
		laɡo /lˈaɡo/ - lâɡo /lˈaːɡu/
		lettera /lˈettera/ - léttia /lˈetja/
		leɡna /lˈeɲɲa/ - léɡno /lˈeɲu/
		leɡno /lˈeɲɲo/ - léɡno /lˈeɲu/
		linɡua /lˈiŋɡwa/ - lénɡoa /lˈeŋɡwa/
		lui /lˈui/ - lê /lˈeː/
		lume /lˈume/ - lûxe /lˈyːʒe/
		luna /lˈuna/ - luña /lˈyŋa/
		lunɡo /lˈuŋɡo/ - lonɡo /lˈuŋɡu/
		luce /lˈuʧe/ - lûxe /lˈyːʒe/
		lotta /lˈɔtta/ - lòtta /lˈɔta/
		lei /lˈɛj/ - lê /lˈeː/
		lepre /lˈɛpre/ - lêvre /lˈeːvre/
		letto /lˈɛtto/ - letto /lˈeto/
		maturo /matˈuro/ - méuio /mˈøju/
		metà /metˈa/ - meitæ /mejtˈɛː/
		miele /mjˈɛle/ - amê /amˈeː/
		montaɡna /montˈaɲɲa/ - montaɡna /muŋtˈaɲa/
		morsicare /morsikˈare/ - mòrde /mˈɔrde/
		mano /mˈano/ - man /mˈaŋ/
		me /mˈe/ - mi /mˈi/
		mica /mˈika/ - miɡa /mˈiːɡa/
		mille /mˈille/ - mille /mˈile/
		mosca /mˈoska/ - mósca /mˈuska/
		meɡlio /mˈɛʎʎo/ - mêɡio /mˈeːʤu/
		mezzo /mˈɛʣʣo/ - mêzo /mˈeːzu/
		nessuno /nessˈuno/ - nisciun /niʃˈyŋ/
		non /non/ - no /nu/
		nuotare /nwotˈare/ - nuâ /nɥˈaː/
		nuovo /nwˈɔvo/ - nêuvo /nˈøːvu/
		naso /nˈazo/ - naso /nˈaːzu/
		nebbia /nˈebbja/ - nêɡia /nˈeːʤa/
		nero /nˈero/ - néiɡro /nˈejɡru/
		neve /nˈeve/ - neive /nˈejve/
		noi /nˈoj/ - niâtri /njˈaːtri/
		noi /nˈoj/ - noî /nwˈiː/
		nome /nˈome/ - nomme /nˈume/
		noce /nˈoʧe/ - nôxe /nˈuːʒe/
		nube /nˈube/ - nûvia /nˈyːvja/
		nuvola /nˈuvola/ - nûvia /nˈyːvja/
		nostro /nˈɔstro/ - nòstro /nˈɔstru/
		notte /nˈɔtte/ - néutte /nˈøte/
		nove /nˈɔve/ - nêuve /nˈøːve/
		odore /odˈore/ - ödô /ɔːdˈuː/
		ombelico /ombelˈiko/ - ombrisallo /uŋbrisˈalu/
		palazzo /palˈaʦʦo/ - palàçio /palˈasjo/
		parola /parˈɔla/ - pòula /pˈɔwla/
		piuma /pjˈuma/ - pena /pˈeːna/
		piuma /pjˈuma/ - ciùmma /ʧˈyma/
		piede /pjˈɛde/ - pê /pˈeː/
		pietra /pjˈɛtra/ - prîa /prˈiːa/
		potere /potˈere/ - poéi /pwˈej/
		prezzo /prˈɛʦʦo/ - prêxo /prˈeːʒu/
		pane /pˈane/ - pàn /pˈaŋ/
		pancia /pˈanʧa/ - pança /pˈaŋsa/
		pace /pˈaʧe/ - pâxe /pˈaːʒe/
		pelo /pˈelo/ - cavéllo /kavˈelu/
		pelo /pˈelo/ - péi /pˈej/
		penna /pˈenna/ - pena /pˈeːna/
		pesce /pˈeʃʃe/ - péscio /pˈeʃu/
		poni /pˈoni/ - poñi /pˈuŋi/
		ponte /pˈonte/ - pónte /pˈuŋte/
		porre /pˈorre/ - poñe /pˈuŋe/
		pozzo /pˈoʦʦo/ - pósso /pˈusu/
		punto /pˈunto/ - pónto /pˈuŋtu/
		puɡno /pˈuɲɲo/ - pùɡno /pˈyɲu/
		poco /pˈɔko/ - pöco /pˈɔːku/
		porca /pˈɔrka/ - pòrca /pˈɔːrka/
		povero /pˈɔvero/ - pöveo /pˈɔːvju/
		poɡɡio /pˈɔʤʤo/ - pêuzo /pˈøːzu/
		pecora /pˈɛkora/ - pêɡoa /pˈeːɡwa/
		pelle /pˈɛlle/ - pelle /pˈele/
		pesca /pˈɛska/ - pèrseɡa /pˈɛːrseɡa/
		pesca /pˈɛska/ - pèrseɡo /pˈɛːrseɡu/
		raɡione /raʤˈone/ - raxón /raʒˈuŋ/
		reɡina /reʤˈina/ - ræña /rˈɛŋa/
		romano /romˈano/ - roman /rumˈaŋ/
		raɡno /rˈaɲɲo/ - äɡno /ˈaːɲu/
		re /rˈe/ - re /rˈɛ/
		salute /salˈute/ - salûte /salˈyːte/
		semente /semˈente/ - seménsa /semˈeŋsa/
		settimana /settimˈana/ - settemaña /setemˈaŋa/
		sicuro /sikˈuro/ - seɡûo /seɡˈyːu/
		scrivere /skrˈivere/ - scrîve /skrˈiːve/
		scorza /skˈɔrʦa/ - scòrsa /skˈɔːrsa/
		spada /spˈada/ - spâ /spˈaː/
		Spaɡna /spˈaɲɲa/ - Spàɡna /spˈaɲa/
		spiɡa /spˈiɡa/ - spîɡa /spˈiːɡa/
		stella /stˈella/ - stela /stˈela/
		sale /sˈale/ - sâ /sˈaː/
		salsa /sˈalsa/ - sàrsa /sˈaːrsa/
		sana /sˈana/ - saña /sˈaŋa/
		sano /sˈano/ - sàn /sˈaŋ/
		santo /sˈanto/ - sànto /sˈaŋtu/
		sappia /sˈappja/ - sacce /sˈaʧe/
		sasso /sˈasso/ - sàscio /sˈaʃu/
		savio /sˈavjo/ - sâio /sˈaːju/
		savio /sˈavjo/ - sâvio /sˈaːvju/
		sanɡue /sˈaŋɡwe/ - sànɡoe /sˈaŋɡwe/
		secca /sˈekka/ - sécca /sˈeka/
		secco /sˈekko/ - sécco /sˈeku/
		seme /sˈeme/ - seménsa /semˈeŋsa/
		sera /sˈera/ - séia /sˈeja/
		seta /sˈeta/ - sæa /sˈɛːa/
		sei /sˈɛj/ - sêi /sˈeːj/
		sette /sˈɛtte/ - sette /sˈɛte/
		tre /trˈe/ - trei /trˈej/
		tondo /tˈondo/ - riondo /rjˈuŋdu/
		tu /tˈu/ - ti /tˈi/
		tuto /tˈutto/ - tùtto /tˈytu/
		tempo /tˈɛmpo/ - tempo /tˈeŋpu/
		terra /tˈɛrra/ - tæra /tˈɛːra/
		testa /tˈɛsta/ - tésta /tˈesta/
		uccello /uʧʧˈɛllo/ - öxéllo /ɔːʒˈelu/
		vedere /vedˈere/ - vedde /vˈede/
		venire /venˈire/ - veɡnî /veɲˈiː/
		vitello /vitˈɛllo/ - vitéllo /vitˈelu/
		vicino /viʧˈino/ - vexin /veʒˈiŋ/
		vacca /vˈakka/ - vacca /vˈaka/
		venti /vˈenti/ - vinti /vˈiŋti/
		verde /vˈerde/ - vèrde /vˈɛːrde/
		villa /vˈilla/ - vìlla /vˈila/
		vita /vˈita/ - vìtta /vˈita/
		vecchio /vˈɛkkjo/ - vêɡio /vˈeːʤu/
		vento /vˈɛnto/ - vénto /vˈeŋtu/
		verme /vˈɛrme/ - vèrme /vˈɛːrme/
		venɡo /vˈɛŋɡo/ - vêɡno /vˈeːɲu/
		uomo /wˈɔmo/ - ommo /ˈɔmu/
		ɡhiaccio /ɡjˈaʧʧo/ - ɡiassa /ʤˈasa/
		ɡrande /ɡrˈande/ - ɡrànde /ɡrˈaŋde/
		ɡrano /ɡrˈano/ - ɡran /ɡrˈaŋ/
		ɡrasso /ɡrˈasso/ - ɡrasso /ɡrˈasu/
		ɡrasso /ɡrˈasso/ - ɡrascia /ɡrˈaʃa/
		ɡatto /ɡˈatto/ - ɡatto /ɡˈatu/
		ɡola /ɡˈola/ - ɡôa /ɡˈuːa/
		ɡelare /ʤelˈare/ - zeâ /zjˈaː/
		ɡenɡiva /ʤenʤˈiva/ - zenzîa /zenzˈiːa/
		ɡinocchio /ʤinˈɔkkjo/ - zenoɡɡio /zenˈuʤu/
		ɡiorno /ʤˈorno/ - ɡiorno /ʤˈurnu/
		ɡiovane /ʤˈovane/ - zoêno /zwˈeːnu/
		ɡiudice /ʤˈudiʧe/ - ɡiudise /ʤˈydise/
		ɡiuɡno /ʤˈuɲɲo/ - zuɡno /zˈyɲu/
		ɡioco /ʤˈɔko/ - zêuɡo /zˈøːɡu/
		cinquanta /ʧiŋkwˈanta/ - çinquanta /siŋkwˈaŋta/
		cenere /ʧˈenere/ - çenie /sˈenje/
		cera /ʧˈera/ - çéia /sˈeja/
		cima /ʧˈima/ - çimma /sˈima/
		cinque /ʧˈiŋkwe/ - çìnque /sˈiŋkwe/
		cento /ʧˈɛnto/ - çento /sˈeŋtu/
		acqua /ˈakkwa/ - æɡoa /ˈɛːɡwa/
		alba /ˈalba/ - arba /ˈaːrba/
		anno /ˈanno/ - anno /ˈanu/
		anɡelo /ˈanʤelo/ - anɡeo /ˈanʤju/
		ape /ˈape/ - âva /ˈaːva/
		ape /ˈape/ - àvia /ˈaːvja/
		isola /ˈizola/ - isoa /ˈiswa/
		orso /ˈorso/ - órso /ˈuːrsu/
		uno /ˈuno/ - un /ˈyŋ/
		unɡhia /ˈuŋɡja/ - ónɡia /ˈuŋʤa/
		occhi /ˈɔkki/ - éuɡɡi /ˈøʤi/
		occhio /ˈɔkkjo/ - éuɡɡio /ˈøʤu/
		opera /ˈɔpera/ - euvia /ˈøːvja/
		osso /ˈɔsso/ - òsso /ˈɔsu/

Final disqualified:
		babbo /bˈabbo/ - poæ /pwˈɛː/
		dì /dˈi/ - ɡiorno /ʤˈurnu/
		padre /pˈadre/ - poæ /pwˈɛː/
		penna /pˈenna/ - ciùmma /ʧˈyma/
		sabbia /sˈabbja/ - æña /ˈɛŋa/
		volare /volˈare/ - xoâ /ʒwˈaː/
		ventre /vˈɛntre/ - pança /pˈaŋsa/
		ɡhiacciare /ɡjaʧʧˈare/ - zeâ /zjˈaː/
		ɡermano /ʤermˈano/ - fræ /frˈɛː/
		aɡo /ˈaɡo/ - aɡóɡɡia /aɡˈuʤa/
		eɡli /ˈeʎʎi/ - lê /lˈeː/


-------------------

****SAMPLE 5****
Iteration 1
	Qualified: 246
	Disqualified: 276
	Added: 0
	Removed: 15
		dì /dˈi/ - ɡiorno /ʤˈurnu/
		piccolo /pˈikkolo/ - piccin /piʧˈiŋ/
		colore /kolˈore/ - cô /kˈuː/
		voi /vˈoj/ - viâtri /vjˈaːtri/
		fiore /fjˈore/ - sciô /ʃˈuː/
		padre /pˈadre/ - poæ /pwˈɛː/
		seme /sˈeme/ - seménsa /semˈeŋsa/
		babbo /bˈabbo/ - poæ /pwˈɛː/
		noi /nˈoj/ - niâtri /njˈaːtri/
		ɡermano /ʤermˈano/ - fræ /frˈɛː/
		ape /ˈape/ - âva /ˈaːva/
		morsicare /morsikˈare/ - mòrde /mˈɔrde/
		rio /rˈio/ - sciùmme /ʃˈyme/
		penna /pˈenna/ - ciùmma /ʧˈyma/
		sabbia /sˈabbja/ - æña /ˈɛŋa/

Iteration 2
	Qualified: 247
	Disqualified: 275
	Added: 3
		morsicare /morsikˈare/ - mòrde /mˈɔrde/
		ape /ˈape/ - âva /ˈaːva/
		fiore /fjˈore/ - sciô /ʃˈuː/
	Removed: 2
		ɡhiaccio /ɡjˈaʧʧo/ - ɡiassa /ʤˈasa/
		capello /kapˈello/ - péi /pˈej/

Iteration 3
	Qualified: 248
	Disqualified: 274
	Added: 2
		ɡhiaccio /ɡjˈaʧʧo/ - ɡiassa /ʤˈasa/
		colore /kolˈore/ - cô /kˈuː/
	Removed: 1
		ape /ˈape/ - âva /ˈaːva/

Iteration 4
	Qualified: 251
	Disqualified: 271
	Added: 3
		seme /sˈeme/ - seménsa /semˈeŋsa/
		ape /ˈape/ - âva /ˈaːva/
		capello /kapˈello/ - péi /pˈej/
	Removed: 0

Iteration 5
	Qualified: 251
	Disqualified: 271
	Added: 0
	Removed: 0

Final qualifying:
		aiutare /ajutˈare/ - aɡɡiuttâ /aʤutˈaː/
		aiuto /ajˈuto/ - aɡɡiutto /aʤˈutu/
		anello /anˈɛllo/ - anéllo /anˈelu/
		arena /arˈena/ - æña /ˈɛŋa/
		autunno /awtˈunno/ - ötunno /ɔːtˈynu/
		bruciare /bruʧˈare/ - bruxâ /bryʒˈaː/
		buone /bwˈɔne/ - boñe /bˈuŋe/
		buoni /bwˈɔni/ - boin /bˈujŋ/
		buono /bwˈɔno/ - bun /bˈuŋ/
		basso /bˈasso/ - bàsso /bˈasu/
		bocca /bˈokka/ - bocca /bˈuka/
		bue /bˈue/ - beu /bˈøː/
		bella /bˈɛlla/ - bèlla /bˈɛla/
		bene /bˈɛne/ - ben /bˈeŋ/
		dormire /dormˈire/ - dormî /durmˈiː/
		draɡone /draɡˈone/ - draɡón /draɡˈuŋ/
		dare /dˈare/ - dâ /dˈaː/
		dio /dˈio/ - dîo /dˈiːu/
		dire /dˈire/ - dî /dˈiː/
		dito /dˈito/ - dîo /dˈiːu/
		dodici /dˈodiʧi/ - dozze /dˈuze/
		dolce /dˈolʧe/ - dôçe /dˈuːse/
		dono /dˈono/ - dón /dˈuŋ/
		donna /dˈɔnna/ - dònna /dˈɔna/
		dente /dˈɛnte/ - dénte /dˈeŋte/
		estate /estˈate/ - estæ /estˈɛː/
		farina /farˈina/ - fæña /fˈɛŋa/
		fiamma /fjˈamma/ - sciàmma /ʃˈama/
		fiore /fjˈore/ - sciô /ʃˈuː/
		fiume /fjˈume/ - sciùmme /ʃˈyme/
		fronza /frˈonʣa/ - féuɡɡia /fˈøʤa/
		frutto /frˈutto/ - fruto /frˈyːtu/
		fuoco /fwˈɔko/ - fêuɡo /fˈøːɡu/
		falso /fˈalso/ - fâso /fˈaːso/
		fame /fˈame/ - fàmme /fˈame/
		fare /fˈare/ - fâ /fˈaː/
		feɡato /fˈeɡato/ - fiɡæto /fiɡˈɛːtu/
		fine /fˈine/ - fin /fˈiŋ/
		fiɡlia /fˈiʎʎa/ - fìɡɡia /fˈiʤa/
		forte /fˈɔrte/ - fòrte /fˈɔːrte/
		forza /fˈɔrʦa/ - fòrsa /fˈɔːrsa/
		ferro /fˈɛrro/ - færo /fˈɛːru/
		festa /fˈɛsta/ - fèsta /fˈɛsta/
		inverno /invˈɛrno/ - inverno /iŋvˈɛːrnu/
		cambiare /kambjˈare/ - canɡiâ /kaŋʤˈaː/
		capello /kapˈello/ - péi /pˈej/
		catena /katˈena/ - cadeña /kadˈeŋa/
		cavallo /kavˈallo/ - cavallo /kavˈalu/
		chiamare /kjamˈare/ - ciammâ /ʧamˈaː/
		chiave /kjˈave/ - ciâve /ʧˈaːve/
		colore /kolˈore/ - cô /kˈuː/
		credere /krˈedere/ - credde /krˈede/
		croce /krˈoʧe/ - crôxe /krˈuːʒe/
		quattro /kwˈattro/ - quattro /kwˈatru/
		cuore /kwˈɔre/ - cheu /kˈøː/
		caldo /kˈaldo/ - câdo /kˈaːdu/
		camera /kˈamera/ - camia /kˈamja/
		cane /kˈane/ - can /kˈaŋ/
		canto /kˈanto/ - canto /kˈaŋtu/
		capo /kˈapo/ - cappo /kˈapu/
		capra /kˈapra/ - crava /krˈaːva/
		carne /kˈarne/ - carne /kˈaːrne/
		caro /kˈaro/ - câo /kˈaːu/
		casa /kˈaza/ - câza /kˈaːza/
		che /kˈe/ - che /kˈe/
		coda /kˈoda/ - côa /kˈuːa/
		colpo /kˈolpo/ - corpo /kˈuːrpu/
		corto /kˈorto/ - curto /kˈyːrtu/
		culo /kˈulo/ - cû /kˈyː/
		collo /kˈɔllo/ - còllo /kˈɔlu/
		corno /kˈɔrno/ - còrno /kˈɔːrnu/
		corpo /kˈɔrpo/ - còrpo /kˈɔːrpu/
		cosa /kˈɔza/ - cösa /kˈɔːza/
		coscia /kˈɔʃʃa/ - chéuscia /kˈøʃa/
		levare /levˈare/ - levâ /levˈaː/
		leone /leˈone/ - lion /ljˈuŋ/
		lacrima /lˈakrima/ - laɡrima /lˈaɡrima/
		lana /lˈana/ - laña /lˈaŋa/
		latte /lˈatte/ - læte /lˈɛːte/
		laɡo /lˈaɡo/ - lâɡo /lˈaːɡu/
		lettera /lˈettera/ - léttia /lˈetja/
		leɡna /lˈeɲɲa/ - léɡno /lˈeɲu/
		leɡno /lˈeɲɲo/ - léɡno /lˈeɲu/
		leɡɡe /lˈeʤʤe/ - lézze /lˈeze/
		linɡua /lˈiŋɡwa/ - lénɡoa /lˈeŋɡwa/
		lui /lˈui/ - lê /lˈeː/
		lume /lˈume/ - lûxe /lˈyːʒe/
		lunɡo /lˈuŋɡo/ - lonɡo /lˈuŋɡu/
		luce /lˈuʧe/ - lûxe /lˈyːʒe/
		lei /lˈɛj/ - lê /lˈeː/
		letto /lˈɛtto/ - letto /lˈeto/
		maturo /matˈuro/ - méuio /mˈøju/
		metà /metˈa/ - meitæ /mejtˈɛː/
		miɡliore /miʎʎˈore/ - mêɡio /mˈeːʤu/
		miele /mjˈɛle/ - amê /amˈeː/
		montaɡna /montˈaɲɲa/ - montaɡna /muŋtˈaɲa/
		morsicare /morsikˈare/ - mòrde /mˈɔrde/
		morire /morˈire/ - muî /mwˈiː/
		mano /mˈano/ - man /mˈaŋ/
		mare /mˈare/ - mâ /mˈaː/
		mica /mˈika/ - miɡa /mˈiːɡa/
		mille /mˈille/ - mille /mˈile/
		mosca /mˈoska/ - mósca /mˈuska/
		mordere /mˈɔrdere/ - mòrde /mˈɔrde/
		morte /mˈɔrte/ - mòrte /mˈɔːrte/
		meɡlio /mˈɛʎʎo/ - mêɡio /mˈeːʤu/
		mezzo /mˈɛʣʣo/ - mêzo /mˈeːzu/
		nessuno /nessˈuno/ - nisciun /niʃˈyŋ/
		non /non/ - no /nu/
		nuovo /nwˈɔvo/ - nêuvo /nˈøːvu/
		naso /nˈazo/ - naso /nˈaːzu/
		nascere /nˈaʃʃere/ - nàsce /nˈaʃe/
		nebbia /nˈebbja/ - nêɡia /nˈeːʤa/
		neve /nˈeve/ - neive /nˈejve/
		noi /nˈoj/ - noî /nwˈiː/
		nome /nˈome/ - nomme /nˈume/
		noce /nˈoʧe/ - nôxe /nˈuːʒe/
		nube /nˈube/ - nûvia /nˈyːvja/
		nuvola /nˈuvola/ - nûvia /nˈyːvja/
		nostro /nˈɔstro/ - nòstro /nˈɔstru/
		notte /nˈɔtte/ - néutte /nˈøte/
		nove /nˈɔve/ - nêuve /nˈøːve/
		odore /odˈore/ - ödô /ɔːdˈuː/
		ombelico /ombelˈiko/ - ombrisallo /uŋbrisˈalu/
		orecchia /orˈekkja/ - oeɡia /wˈeːʤa/
		palazzo /palˈaʦʦo/ - palàçio /palˈasjo/
		pidocchio /pidˈɔkkjo/ - piɡhéuɡɡio /piɡˈøʤu/
		pianɡere /pjˈanʤere/ - ciànze /ʧˈaŋze/
		piuma /pjˈuma/ - pena /pˈeːna/
		piuma /pjˈuma/ - ciùmma /ʧˈyma/
		piede /pjˈɛde/ - pê /pˈeː/
		pieno /pjˈɛno/ - pin /pˈiŋ/
		pietra /pjˈɛtra/ - prîa /prˈiːa/
		potere /potˈere/ - poéi /pwˈej/
		prezzo /prˈɛʦʦo/ - prêxo /prˈeːʒu/
		pane /pˈane/ - pàn /pˈaŋ/
		pancia /pˈanʧa/ - pança /pˈaŋsa/
		pace /pˈaʧe/ - pâxe /pˈaːʒe/
		pelo /pˈelo/ - cavéllo /kavˈelu/
		pelo /pˈelo/ - péi /pˈej/
		pena /pˈena/ - peña /pˈeŋa/
		penna /pˈenna/ - pena /pˈeːna/
		pesce /pˈeʃʃe/ - péscio /pˈeʃu/
		poni /pˈoni/ - poñi /pˈuŋi/
		ponte /pˈonte/ - pónte /pˈuŋte/
		porre /pˈorre/ - poñe /pˈuŋe/
		pozzo /pˈoʦʦo/ - pósso /pˈusu/
		puɡno /pˈuɲɲo/ - pùɡno /pˈyɲu/
		poco /pˈɔko/ - pöco /pˈɔːku/
		porca /pˈɔrka/ - pòrca /pˈɔːrka/
		porco /pˈɔrko/ - pòrco /pˈɔːrku/
		povero /pˈɔvero/ - pöveo /pˈɔːvju/
		poɡɡio /pˈɔʤʤo/ - pêuzo /pˈøːzu/
		pelle /pˈɛlle/ - pelle /pˈele/
		pesca /pˈɛska/ - pèrseɡa /pˈɛːrseɡa/
		pesca /pˈɛska/ - pèrseɡo /pˈɛːrseɡu/
		petto /pˈɛtto/ - péto /pˈeːtu/
		radice /radˈiʧe/ - réixe /rˈejʒe/
		raɡione /raʤˈone/ - raxón /raʒˈuŋ/
		reɡina /reʤˈina/ - ræña /rˈɛŋa/
		raɡno /rˈaɲɲo/ - äɡno /ˈaːɲu/
		rosso /rˈosso/ - rosso /rˈussu/
		salute /salˈute/ - salûte /salˈyːte/
		sapere /sapˈere/ - savei /savˈej/
		semente /semˈente/ - seménsa /semˈeŋsa/
		settimana /settimˈana/ - settemaña /setemˈaŋa/
		sicuro /sikˈuro/ - seɡûo /seɡˈyːu/
		scrivere /skrˈivere/ - scrîve /skrˈiːve/
		scuro /skˈuro/ - scuo /skˈyːu/
		scorza /skˈɔrʦa/ - scòrsa /skˈɔːrsa/
		spina /spˈina/ - spiña /spˈiŋa/
		spiɡa /spˈiɡa/ - spîɡa /spˈiːɡa/
		stella /stˈella/ - stela /stˈela/
		sale /sˈale/ - sâ /sˈaː/
		salsa /sˈalsa/ - sàrsa /sˈaːrsa/
		sano /sˈano/ - sàn /sˈaŋ/
		santo /sˈanto/ - sànto /sˈaŋtu/
		sappia /sˈappja/ - sacce /sˈaʧe/
		sasso /sˈasso/ - sàscio /sˈaʃu/
		sanɡue /sˈaŋɡwe/ - sànɡoe /sˈaŋɡwe/
		secca /sˈekka/ - sécca /sˈeka/
		secco /sˈekko/ - sécco /sˈeku/
		seme /sˈeme/ - seménsa /semˈeŋsa/
		sera /sˈera/ - séia /sˈeja/
		seta /sˈeta/ - sæa /sˈɛːa/
		sole /sˈole/ - sô /sˈuː/
		sopra /sˈopra/ - sorvia /sˈuːrvja/
		sei /sˈɛj/ - sêi /sˈeːj/
		sette /sˈɛtte/ - sette /sˈɛte/
		tre /trˈe/ - trei /trˈej/
		tutti /tˈutti/ - tutti /tˈyti/
		tuto /tˈutto/ - tùtto /tˈytu/
		toro /tˈɔro/ - töo /tˈɔːu/
		tempo /tˈɛmpo/ - tempo /tˈeŋpu/
		terra /tˈɛrra/ - tæra /tˈɛːra/
		testa /tˈɛsta/ - tésta /tˈesta/
		uccello /uʧʧˈɛllo/ - öxéllo /ɔːʒˈelu/
		vedere /vedˈere/ - vedde /vˈede/
		verɡoɡna /verɡˈoɲɲa/ - verɡheuɡna /verɡˈøɲa/
		villano /villˈano/ - villan /vilˈaŋ/
		vitello /vitˈɛllo/ - vitéllo /vitˈelu/
		vicino /viʧˈino/ - vexin /veʒˈiŋ/
		vacca /vˈakka/ - vacca /vˈaka/
		venti /vˈenti/ - vinti /vˈiŋti/
		via /vˈia/ - vîa /vˈiːa/
		villa /vˈilla/ - vìlla /vˈila/
		vino /vˈino/ - vin /vˈiŋ/
		vita /vˈita/ - vìtta /vˈita/
		voce /vˈoʧe/ - vôxe /vˈuːʒe/
		vento /vˈɛnto/ - vénto /vˈeŋtu/
		venɡo /vˈɛŋɡo/ - vêɡno /vˈeːɲu/
		uovo /wˈɔvo/ - êuvo /ˈøːvu/
		ɡhiaccio /ɡjˈaʧʧo/ - ɡiassa /ʤˈasa/
		ɡrande /ɡrˈande/ - ɡrànde /ɡrˈaŋde/
		ɡrano /ɡrˈano/ - ɡran /ɡrˈaŋ/
		ɡrasso /ɡrˈasso/ - ɡrasso /ɡrˈasu/
		ɡrasso /ɡrˈasso/ - ɡrascia /ɡrˈaʃa/
		ɡatto /ɡˈatto/ - ɡatto /ɡˈatu/
		ɡola /ɡˈola/ - ɡôa /ɡˈuːa/
		ɡelare /ʤelˈare/ - zeâ /zjˈaː/
		ɡenɡiva /ʤenʤˈiva/ - zenzîa /zenzˈiːa/
		ɡinocchio /ʤinˈɔkkjo/ - zenoɡɡio /zenˈuʤu/
		ɡiorno /ʤˈorno/ - ɡiorno /ʤˈurnu/
		ɡiovane /ʤˈovane/ - zoêno /zwˈeːnu/
		ɡiudice /ʤˈudiʧe/ - ɡiudise /ʤˈydise/
		ɡiuɡno /ʤˈuɲɲo/ - zuɡno /zˈyɲu/
		ɡioco /ʤˈɔko/ - zêuɡo /zˈøːɡu/
		città /ʧittˈa/ - çittæ /sitˈɛː/
		cinquanta /ʧiŋkwˈanta/ - çinquanta /siŋkwˈaŋta/
		cenere /ʧˈenere/ - çenie /sˈenje/
		cera /ʧˈera/ - çéia /sˈeja/
		cima /ʧˈima/ - çimma /sˈima/
		cinque /ʧˈiŋkwe/ - çìnque /sˈiŋkwe/
		cielo /ʧˈɛlo/ - çê /sˈeː/
		cento /ʧˈɛnto/ - çento /sˈeŋtu/
		acqua /ˈakkwa/ - æɡoa /ˈɛːɡwa/
		alba /ˈalba/ - arba /ˈaːrba/
		albero /ˈalbero/ - èrbo /ˈɛːrbu/
		anno /ˈanno/ - anno /ˈanu/
		anɡelo /ˈanʤelo/ - anɡeo /ˈanʤju/
		ape /ˈape/ - âva /ˈaːva/
		ape /ˈape/ - àvia /ˈaːvja/
		aɡlio /ˈaʎʎo/ - aɡɡio /ˈaʤu/
		orso /ˈorso/ - órso /ˈuːrsu/
		unɡhia /ˈuŋɡja/ - ónɡia /ˈuŋʤa/
		oca /ˈɔka/ - öca /ˈɔːka/
		occhi /ˈɔkki/ - éuɡɡi /ˈøʤi/
		occhio /ˈɔkkjo/ - éuɡɡio /ˈøʤu/
		opera /ˈɔpera/ - euvia /ˈøːvja/
		oro /ˈɔro/ - öo /ˈɔːu/
		osso /ˈɔsso/ - òsso /ˈɔsu/

Final disqualified:
		babbo /bˈabbo/ - poæ /pwˈɛː/
		dì /dˈi/ - ɡiorno /ʤˈurnu/
		noi /nˈoj/ - niâtri /njˈaːtri/
		padre /pˈadre/ - poæ /pwˈɛː/
		penna /pˈenna/ - ciùmma /ʧˈyma/
		piccolo /pˈikkolo/ - piccin /piʧˈiŋ/
		rio /rˈio/ - sciùmme /ʃˈyme/
		sabbia /sˈabbja/ - æña /ˈɛŋa/
		voi /vˈoj/ - viâtri /vjˈaːtri/
		ɡermano /ʤermˈano/ - fræ /frˈɛː/


-------------------

