/bjˈarn/ - /bˈɑːɾn/
[3/3] b-b / j-∅ / ˈa-ˈɑː / r-ɾ / n-n

-------------------

/blˈeːd/ - /blˈɑːd/
[4/4] b-b / l-l / ˈeː-ˈɑː / d-d

-------------------

/blˈœdʲ/ - /blˈuː/
[2/4] b-b / l-l / ˈœ-ˈuː / dʲ_#>-#>
[2/4] b-b / l-l / ˈœ-ˈuː / dʲ-∅

-------------------

/blˈɛdʲə/ - /blˈøː/
[4/5] b-b / l-l / ˈɛ-ˈøː / dʲ-∅ / ə-∅
[1/5] b-b / l-l / ˈɛ-ˈøː / dʲ-∅ / ə_#>-#>

-------------------

/brˈyːdʲ/ - /bɾˈæʉ̯/
[3/4] b-b / r-ɾ / ˈyː-ˈæʉ̯ / dʲ-∅
[1/4] b-b / r-ɾ / ˈyː-ˈæʉ̯ / dʲ_#>-#>

-------------------

/brˈɔu̯dər/ - /bɾˈuːdeɾ/
[5/5] b-b / r-ɾ / ˈɔu̯-ˈuː / d-d / ə-e / r-ɾ

-------------------

/brˈɔu̯ə/ - /bɾˈʏjːɑ/
[5/5] b-b / r-ɾ / ∅-ˈʏ / ˈɔu̯-jː / ə-ɑ

-------------------

/brˈʊ/ - /bɾˈʏɡːe/
[2/3] b-b / r-ɾ / ˈʊ-ˈʏ / ∅-ɡː / #>-e_#>
[1/3] b-b / r-ɾ / ˈʊ-ˈʏ / ∅-ɡː / ∅-e

-------------------

/bˈai̯/ - /bˈæːɾ/
[4/5] b-b / ˈai̯-ˈæː / ∅-ɾ
[1/5] b-b / ˈai̯-ˈæː / #>-ɾ_#>

-------------------

/bˈaːdə/ - /bˈeːɑ/
[4/4] b-b / ˈaː-ˈeː / d-∅ / ə-ɑ

-------------------

/bˈitə/ - /bˈiːtɑ/
[5/5] b-b / ˈi-ˈiː / t-t / ə-ɑ

-------------------

/bˈiː/ - /bˈiːə/
[3/3] b-b / ∅-ˈiː / ˈiː-ə

-------------------

/bˈiːdʲə/ - /bˈyː/
[4/5] b-b / ˈiː-ˈyː / dʲ-∅ / ə-∅
[1/5] b-b / ˈiː-ˈyː / dʲ-∅ / ə_#>-#>

-------------------

/bˈiːnə/ - /bˈɪndɑ/
[4/4] b-b / ˈiː-ˈɪ / n-n / ∅-d / ə-ɑ

-------------------

/bˈiːnʲ/ - /bˈæɪ̯n/
[2/2] b-b / ˈiː-ˈæɪ̯ / nʲ-n

-------------------

/bˈyːtʲ/ - /bˈoːt/
[3/3] b-b / ˈyː-ˈoː / tʲ-t

-------------------

/bˈœk/ - /bˈuːk/
[2/2] b-b / ˈœ-ˈuː / k-k

-------------------

/bˈɒd/ - /bˈɑːd/
[4/4] b-b / ˈɒ-ˈɑː / d-d

-------------------

/bˈɒːzə/ - /bˈɑːd/
[1/1] b-b / ˈɒː-ˈɑː / z-d / ə-∅

-------------------

/bˈɔːr/ - /bjˈœɾn/
[2/4] b-b / ∅-j / ˈɔː-ˈœ / r-ɾ / #>-n_#>
[1/4] b-b / ∅-j / ˈɔː-ˈœ / r-ɾ / ∅-n
[1/4] b-b / ˈɔː-j_ˈœ / r-ɾ / ∅-n

-------------------

/bˈɛrj/ - /bˈæɾɡ/
[4/4] b-b / ˈɛ-ˈæ / r-ɾ / j-ɡ

-------------------

/bˈɛːdər/ - /bˈeːtɾe/
[2/4] b-b / ˈɛː-ˈeː / d-t / ə-∅ / r-ɾ / ∅-e
[2/4] b-b / ˈɛː-ˈeː / d-t / ə-∅ / r-ɾ / #>-e_#>

-------------------

/bˈʊrst/ - /bɾˈʏst/
[3/3] b-b / ∅-ɾ / ˈʊ-ˈʏ / r-∅ / s-s / t-t

-------------------

/drˈai̯ŋkə/ - /dɾˈɪʰkːɑ/
[1/2] d-d / r-ɾ / ˈai̯-ˈɪ / ŋ_k-ʰkː / ə-ɑ
[1/2] d-d / r-ɾ / ˈai̯-ˈɪ / ŋ-ʰkː / k-∅ / ə-ɑ

-------------------

/drˈiːmə/ - /dɾˈœʏ̯mɑ/
[4/4] d-d / r-ɾ / ˈiː-ˈœʏ̯ / m-m / ə-ɑ

-------------------

/drˈiːvə/ - /dɾˈiːʋɑ/
[5/5] d-d / r-ɾ / ˈiː-ˈiː / v-ʋ / ə-ɑ

-------------------

/drˈuːm/ - /dɾˈæʉ̯m/
[2/2] d-d / r-ɾ / ˈuː-ˈæʉ̯ / m-m

-------------------

/drˈøːj/ - /tʰˈʉɾ/
[2/2] d-tʰ / r-∅ / ˈøː-ˈʉ / j-ɾ

-------------------

/drˈʏkə/ - /tʰɾˈʏɕːɑ/
[4/4] d-tʰ / r-ɾ / ˈʏ-ˈʏ / k-ɕː / ə-ɑ

-------------------

/dˈiː/ - /dˈæɪ̯ɡ/
[2/4] d-d / ˈiː-ˈæɪ̯ / ∅-ɡ
[2/4] d-d / ˈiː-ˈæɪ̯ / #>-ɡ_#>

-------------------

/dˈiːp/ - /jˈʉːp/
[5/5] d-∅ / ∅-j / ˈiː-ˈʉː / p-p

-------------------

/dˈiːrt/ - /dˈyːɾ/
[3/5] d-d / ˈiː-ˈyː / r-ɾ / t-∅
[2/5] d-d / ˈiː-ˈyː / r-ɾ / t_#>-#>

-------------------

/dˈuːzənd/ - /tʰˈʉːsen/
[3/5] d-tʰ / ˈuː-ˈʉː / z-s / ə-e / n-n / d-∅
[2/5] d-tʰ / ˈuː-ˈʉː / z-s / ə-e / n-n / d_#>-#>

-------------------

/dˈyː/ - /dˈʉː/
[3/3] d-d / ˈyː-ˈʉː

-------------------

/dˈyːdʲ/ - /dˈæʉ̯/
[1/1] d-d / ˈyː-ˈæʉ̯ / dʲ-∅

-------------------

/dˈyːdʲlik/ - /dˈøːdeleɡ/
[3/3] d-d / ˈyː-ˈøː / dʲ-d / ∅-e / l-l / i-e / k-ɡ

-------------------

/dˈyːs/ - /dˈæʉ̯e/
[2/3] d-d / ˈyː-ˈæʉ̯ / s-∅ / #>-e_#>
[1/3] d-d / ˈyː-ˈæʉ̯ / s-∅ / ∅-e

-------------------

/dˈɔːxtər/ - /dˈɔʰtːeɾ/
[4/4] d-d / ˈɔː-ˈɔ / x-ʰtː / t-∅ / ə-e / r-ɾ

-------------------

/dˈɛi̯/ - /dˈɑːɡ/
[2/3] d-d / ˈɛi̯-ˈɑː / ∅-ɡ
[1/3] d-d / ˈɛi̯-ˈɑː / #>-ɡ_#>

-------------------

/dˈʏv/ - /dˈʉːe/
[3/5] d-d / ˈʏ-ˈʉː / v-∅ / ∅-e
[2/5] d-d / ˈʏ-ˈʉː / v-∅ / #>-e_#>

-------------------

/fjˈɔu̯ər/ - /fˈiːɾe/
[2/5] f-f / j-ˈiː / ˈɔu̯-∅ / ə-∅ / r-ɾ / ∅-e
[2/5] f-f / j-ˈiː / ˈɔu̯-∅ / ə-∅ / r-ɾ / #>-e_#>
[1/5] f-f / j-∅ / ˈɔu̯-ˈiː / ə-∅ / r-ɾ / ∅-e

-------------------

/flˈiːj/ - /flˈʉːɡe/
[2/4] f-f / l-l / ˈiː-ˈʉː / j-ɡ / ∅-e
[2/4] f-f / l-l / ˈiː-ˈʉː / j-ɡ / #>-e_#>

-------------------

/flˈiːən/ - /flˈyːɡɑ/
[3/4] f-f / l-l / ˈiː-ˈyː / ∅-ɡ / ə-ɑ / n-∅
[1/4] f-f / l-l / ˈiː-ˈyː / ∅-ɡ / ə-ɑ / n_#>-#>

-------------------

/frˈiʃ/ - /fɾˈɪsk/
[4/5] f-f / r-ɾ / ˈi-ˈɪ / ʃ-s / ∅-k
[1/5] f-f / r-ɾ / ˈi-ˈɪ / ʃ-s / #>-k_#>

-------------------

/frˈiːzə/ - /fɾˈyːsɑ/
[4/4] f-f / r-ɾ / ˈiː-ˈyː / z-s / ə-ɑ

-------------------

/frˈyːn/ - /fɾˈɛnde/
[3/5] f-f / r-ɾ / ˈyː-ˈɛ / n-n / ∅-d / ∅-e
[2/5] f-f / r-ɾ / ˈyː-ˈɛ / n-n / ∅-d / #>-e_#>

-------------------

/fˈai̯ŋər/ - /fˈɪŋːeɾ/
[4/4] f-f / ˈai̯-ˈɪ / ŋ-ŋː / ə-e / r-ɾ

-------------------

/fˈaʃ/ - /fˈɪsk/
[4/5] f-f / ˈa-ˈɪ / ʃ-s / ∅-k
[1/5] f-f / ˈa-ˈɪ / ʃ-s / #>-k_#>

-------------------

/fˈinə/ - /fˈɪnːɑ/
[4/4] f-f / ˈi-ˈɪ / n-nː / ə-ɑ

-------------------

/fˈiːv/ - /fˈɛm/
[3/4] f-f / ˈiː-ˈɛ / v-m
[1/4] f-f / ˈiː-ˈɛ / v-∅ / ∅-m

-------------------

/fˈøːjəl/ - /fˈʉɡl/
[2/4] f-f / ˈøː-ˈʉ / j-ɡ / ə_l-l
[2/4] f-f / ˈøː-ˈʉ / j-ɡ / ə-∅ / l-l

-------------------

/fˈœtʲ/ - /fˈuːt/
[5/5] f-f / ˈœ-ˈuː / tʲ-t

-------------------

/fˈɔr/ - /fˈɔɾ/
[2/2] f-f / ˈɔ-ˈɔ / r-ɾ

-------------------

/fˈɛtʲ/ - /fˈøːteɾ/
[3/4] f-f / ˈɛ-ˈøː / tʲ-t / ∅-e / ∅-ɾ
[1/4] f-f / ˈɛ-ˈøː / tʲ-t / ∅-e / #>-ɾ_#>

-------------------

/fˈɛːdər/ - /fjˈøːɾ/
[3/3] f-f / ∅-j / ˈɛː-ˈøː / d-∅ / ə-∅ / r-ɾ

-------------------

/fˈʊl/ - /fˈʉlː/
[3/3] f-f / ˈʊ-ˈʉ / l-lː

-------------------

/fˈʏljə/ - /fˈʏljɑ/
[5/5] f-f / ˈʏ-ˈʏ / l-l / j-j / ə-ɑ

-------------------

/hˈart/ - /jˈɑɾtɑ/
[4/4] h-j / ˈa-ˈɑ / r-ɾ / t-t / ∅-ɑ

-------------------

/hˈeːlpə/ - /jˈɛlpɑ/
[4/5] h-j / ˈeː-ˈɛ / l-l / p-p / ə-ɑ
[1/5] h-∅ / ˈeː-j / ∅-ˈɛ / l-l / p-p / ə-ɑ

-------------------

/hˈeːr/ - /hˈeːɾ/
[3/3] h-h / ˈeː-ˈeː / r-ɾ

-------------------

/hˈeːvə/ - /hˈɑː/
[4/5] h-h / ˈeː-ˈɑː / v-∅ / ə-∅
[1/5] h-h / ˈeː-ˈɑː / v-∅ / ə_#>-#>

-------------------

/hˈili/ - /hˈæɪ̯lɑɡ/
[2/2] h-h / ˈi-ˈæɪ̯ / l-l / i-ɑ / ∅-ɡ

-------------------

/hˈiːm/ - /hˈæɪ̯m/
[3/3] h-h / ˈiː-ˈæɪ̯ / m-m

-------------------

/hˈiːrə/ - /hˈœʏ̯ɾɑ/
[3/3] h-h / ˈiː-ˈœʏ̯ / r-ɾ / ə-ɑ

-------------------

/hˈiːtʲ/ - /hˈæɪ̯t/
[4/4] h-h / ˈiː-ˈæɪ̯ / tʲ-t

-------------------

/hˈuːləv/ - /hˈɑlː/
[4/4] h-h / ˈuː-ˈɑ / l-lː / ə-∅ / v-∅

-------------------

/hˈuːx/ - /hˈæʉ̯ɡ/
[4/4] h-h / ˈuː-ˈæʉ̯ / x-ɡ

-------------------

/hˈyːd/ - /hˈʉːd/
[4/4] h-h / ˈyː-ˈʉː / d-d

-------------------

/hˈyːn/ - /hˈʉnd/
[3/5] h-h / ˈyː-ˈʉ / n-n / ∅-d
[2/5] h-h / ˈyː-ˈʉ / n-n / #>-d_#>

-------------------

/hˈyːs/ - /hˈʉːs/
[4/4] h-h / ˈyː-ˈʉː / s-s

-------------------

/hˈœnʲ/ - /hˈɑnː/
[5/5] h-h / ˈœ-ˈɑ / nʲ-nː

-------------------

/hˈɒli/ - /hˈæɪ̯lɑɡ/
[1/2] h-h / ˈɒ-ˈæɪ̯ / l-l / i-ɑ / ∅-ɡ
[1/2] h-h / ˈɒ-ˈæɪ̯ / l-l / i-ɑ / #>-ɡ_#>

-------------------

/hˈɒːdə/ - /hˈɑːtɑ/
[5/5] h-h / ˈɒː-ˈɑː / d-t / ə-ɑ

-------------------

/hˈɒːzə/ - /hˈɑːɾe/
[4/5] h-h / ˈɒː-ˈɑː / z-ɾ / ə-e
[1/5] h-h / ˈɒː-ˈɑː / z-∅ / ∅-ɾ / ə-e

-------------------

/hˈɔrn/ - /hˈʊɾn/
[4/4] h-h / ˈɔ-ˈʊ / r-ɾ / n-n

-------------------

/hˈɔrs/ - /hˈɔɾs/
[5/5] h-h / ˈɔ-ˈɔ / r-ɾ / s-s

-------------------

/hˈɔːd/ - /hˈoːʋʉ/
[2/2] h-h / ˈɔː-ˈoː / d-∅ / ∅-ʋ / ∅-ʉ

-------------------

/hˈɛːr/ - /hˈoːɾ/
[5/5] h-h / ˈɛː-ˈoː / r-ɾ

-------------------

/hˈʊnərt/ - /hˈʉndɾɑ/
[2/3] h-h / ˈʊ-ˈʉ / n-n / ∅-d / ∅-ɾ / ə-ɑ / r-∅ / t-∅
[1/3] h-h / ˈʊ-ˈʉ / n-n / ∅-d / ∅-ɾ / ə-ɑ / r-∅ / t_#>-#>

-------------------

/jˈard/ - /jˈuːɾ/
[2/3] j-j / ˈa-ˈuː / r-ɾ / d_#>-#>
[1/3] j-j / ˈa-ˈuː / r-ɾ / d-∅

-------------------

/jˈarn/ - /ɡˈɑɾn/
[4/4] j-ɡ / ˈa-ˈɑ / r-ɾ / n-n

-------------------

/jˈeːvə/ - /jˈeːʋɑ/
[4/4] j-j / ˈeː-ˈeː / v-ʋ / ə-ɑ

-------------------

/jˈøːr/ - /dˈyːɾ/
[3/3] j-∅ / ∅-d / ˈøː-ˈyː / r-ɾ

-------------------

/jˈɒxt/ - /jˈuːs/
[3/5] j-j / ˈɒ-ˈuː / x-s / t-∅
[2/5] j-j / ˈɒ-ˈuː / x-s / t_#>-#>

-------------------

/jˈɔːwə/ - /jˈʉːɡɑ/
[4/4] j-j / ˈɔː-ˈʉː / w-ɡ / ə-ɑ

-------------------

/jˈʊŋ/ - /ˈʉŋː/
[4/4] j-∅ / ˈʊ-ˈʉ / ŋ-ŋː

-------------------

/knˈɔːtə/ - /kʰnˈʉːt/
[3/4] k-kʰ / n-n / ˈɔː-ˈʉː / t-t / ə-∅
[1/4] k-kʰ / n-n / ˈɔː-ˈʉː / t-t / ə_#>-#>

-------------------

/knˈɛi̯bliŋ/ - /kʰnˈeː/
[2/3] k-kʰ / n-n / ˈɛi̯-ˈeː / b-∅ / l-∅ / i-∅ / ŋ-∅
[1/3] k-kʰ / n-n / ˈɛi̯-ˈeː / b-∅ / l-∅ / i-∅ / ŋ_#>-#>

-------------------

/kˈaːmə/ - /kʰˈoːmɑ/
[4/4] k-kʰ / ˈaː-ˈoː / m-m / ə-ɑ

-------------------

/kˈiniŋ/ - /kʰˈʊŋ/
[2/4] k-kʰ / ˈi-ˈʊ / n-∅ / i-∅ / ŋ-ŋ
[1/4] k-kʰ / ˈi-ˈʊ / n-∅ / i-ŋ / ŋ_#>-#>
[1/4] k-kʰ / ˈi-ˈʊ / n-∅ / i-ŋ / ŋ-∅

-------------------

/kˈuːləv/ - /kʰˈɑlʋ/
[3/5] k-kʰ / ˈuː-ˈɑ / l-l / ə-∅ / v-ʋ
[2/5] k-kʰ / ˈuː-ˈɑ / l-l / ə_v-ʋ

-------------------

/kˈyː/ - /kʰˈʉː/
[4/4] k-kʰ / ˈyː-ˈʉː

-------------------

/kˈœlʲ/ - /kʰˈɑlː/
[3/3] k-kʰ / ˈœ-ˈɑ / lʲ-lː

-------------------

/kˈɒnə/ - /ɕˈɛnːɑ/
[4/4] k-ɕ / ˈɒ-ˈɛ / n-nː / ə-ɑ

-------------------

/kˈɒt/ - /kʰˈɑtː/
[4/4] k-kʰ / ˈɒ-ˈɑ / t-tː

-------------------

/kˈɔrn/ - /kʰˈʊɾn/
[4/4] k-kʰ / ˈɔ-ˈʊ / r-ɾ / n-n

-------------------

/kˈɔːnə/ - /kʰˈʉnːɑ/
[5/5] k-kʰ / ˈɔː-ˈʉ / n-nː / ə-ɑ

-------------------

/lˈadə/ - /lˈɪjːɑ/
[2/3] l-l / ˈa-ˈɪ / d-∅ / ∅-jː / ə-ɑ
[1/3] l-l / ∅-ˈɪ / ˈa-jː / d-∅ / ə-ɑ

-------------------

/lˈaxt/ - /lˈɛʰtː/
[2/4] l-l / ˈa-ˈɛ / x-ʰtː / t_#>-#>
[2/4] l-l / ˈa-ˈɛ / x-ʰtː / t-∅

-------------------

/lˈivər/ - /lˈeːʋeɾ/
[4/4] l-l / ˈi-ˈeː / v-ʋ / ə-e / r-ɾ

-------------------

/lˈiːf/ - /jˈʉːʋ/
[3/3] l-j / ˈiː-ˈʉː / f-ʋ

-------------------

/lˈuːf/ - /lˈæʉ̯ʋ/
[4/5] l-l / ˈuː-ˈæʉ̯ / f-ʋ
[1/5] l-l / ˈuː-ˈæʉ̯ / f-∅ / ∅-ʋ

-------------------

/lˈuːpə/ - /lˈæʉ̯pɑ/
[4/4] l-l / ˈuː-ˈæʉ̯ / p-p / ə-ɑ

-------------------

/lˈyːs/ - /lˈʉːs/
[5/5] l-l / ˈyː-ˈʉː / s-s

-------------------

/lˈœm/ - /lˈɑmː/
[4/4] l-l / ˈœ-ˈɑ / m-mː

-------------------

/lˈœnʲ/ - /lˈɑnd/
[3/5] l-l / ˈœ-ˈɑ / nʲ-n / ∅-d
[2/5] l-l / ˈœ-ˈɑ / nʲ-n / #>-d_#>

-------------------

/lˈɒːkə/ - /lˈeː/
[4/5] l-l / ˈɒː-ˈeː / k-∅ / ə-∅
[1/5] l-l / ˈɒː-ˈeː / k-∅ / ə_#>-#>

-------------------

/lˈʊŋ/ - /lˈɑŋː/
[5/5] l-l / ˈʊ-ˈɑ / ŋ-ŋː

-------------------

/mˈanʃ/ - /mˈɛnːɛʃe/
[2/4] m-m / ˈa-ˈɛ / n-nː / ∅-ɛ / ʃ-ʃ / ∅-e
[2/4] m-m / ˈa-ˈɛ / n-nː / ∅-ɛ / ʃ-ʃ / #>-e_#>

-------------------

/mˈaw/ - /mˈʏɡː/
[4/4] m-m / ˈa-ˈʏ / w-ɡː

-------------------

/mˈeː/ - /mˈeːɡ/
[3/4] m-m / ˈeː-ˈeː / ∅-ɡ
[1/4] m-m / ˈeː-ˈeː / #>-ɡ_#>

-------------------

/mˈyːs/ - /mˈyːseɾ/
[3/4] m-m / ˈyː-ˈyː / s-s / ∅-e / ∅-ɾ
[1/4] m-m / ˈyː-ˈyː / s-s / ∅-e / #>-ɾ_#>

-------------------

/mˈyːs/ - /mˈʉnː/
[4/4] m-m / ˈyː-ˈʉ / s-nː

-------------------

/mˈyːs/ - /mˈʉːs/
[2/2] m-m / ˈyː-ˈʉː / s-s

-------------------

/mˈɒxt/ - /mˈɔʰtː/
[3/4] m-m / ˈɒ-ˈɔ / x-ʰtː / t-∅
[1/4] m-m / ˈɒ-ˈɔ / x-ʰtː / t_#>-#>

-------------------

/mˈɔu̯nə/ - /mˈoːne/
[3/3] m-m / ˈɔu̯-ˈoː / n-n / ə-e

-------------------

/mˈɔu̯nə/ - /mˈoːnɑ/
[4/4] m-m / ˈɔu̯-ˈoː / n-n / ə-ɑ

-------------------

/mˈɔːlkə/ - /mjˈœlk/
[3/5] m-m / ∅-j / ˈɔː-ˈœ / l-l / k-k / ə-∅
[1/5] m-m / ∅-j / ˈɔː-ˈœ / l-l / k-k / ə_#>-#>
[1/5] m-m / ˈɔː-j_ˈœ / l-l / k-k / ə-∅

-------------------

/mˈɔːn/ - /mˈɑnː/
[3/3] m-m / ˈɔː-ˈɑ / n-nː

-------------------

/nˈai̯/ - /nˈyː/
[5/5] n-n / ˈai̯-ˈyː

-------------------

/nˈaːs/ - /nˈœʰtː/
[4/4] n-n / ˈaː-ˈœ / s-ʰtː

-------------------

/nˈeːl/ - /nˈoːl/
[5/5] n-n / ˈeː-ˈoː / l-l

-------------------

/nˈyːwən/ - /nˈiː/
[2/3] n-n / ˈyː-∅ / w-ˈiː / ə-∅ / n_#>-#>
[1/3] n-n / ˈyː-∅ / w-ˈiː / ə-∅ / n-∅

-------------------

/nˈɒxt/ - /nˈɑʰtː/
[3/5] n-n / ˈɒ-ˈɑ / x-ʰtː / t-∅
[2/5] n-n / ˈɒ-ˈɑ / x-ʰtː / t_#>-#>

-------------------

/nˈɔrd/ - /nˈuːɾ/
[2/4] n-n / ˈɔ-ˈuː / r-ɾ / d_#>-#>
[2/4] n-n / ˈɔ-ˈuː / r-ɾ / d-∅

-------------------

/nˈɔːmə/ - /nˈɑmn/
[2/3] n-n / ˈɔː-ˈɑ / m-m / ə-∅ / ∅-n
[1/3] n-n / ˈɔː-ˈɑ / m-m / ə-∅ / #>-n_#>

-------------------

/nˈɔːs/ - /nˈɑːse/
[2/4] n-n / ˈɔː-ˈɑː / s-s / ∅-e
[2/4] n-n / ˈɔː-ˈɑː / s-s / #>-e_#>

-------------------

/nˈɛi̯st/ - /nˈɛste/
[3/5] n-n / ˈɛi̯-ˈɛ / s-s / t-t / ∅-e
[2/5] n-n / ˈɛi̯-ˈɛ / s-s / t-t / #>-e_#>

-------------------

/nˈɛːjəl/ - /nˈɑɡl/
[2/3] n-n / ˈɛː-ˈɑ / j-ɡ / ə-∅ / l-l
[1/3] n-n / ˈɛː-ˈɑ / j-ɡ / ə_l-l

-------------------

/plˈaxt/ - /pʰlˈɪkt/
[4/4] p-pʰ / l-l / ˈa-ˈɪ / x-k / t-t

-------------------

/plˈœi̯f/ - /pʰlˈuːɡ/
[5/5] p-pʰ / l-l / ˈœi̯-ˈuː / f-ɡ

-------------------

/rˈeːj/ - /ɾˈʏɡː/
[4/4] r-ɾ / ˈeː-ˈʏ / j-ɡː

-------------------

/rˈik/ - /ɾˈiːk/
[3/3] r-ɾ / ˈi-ˈiː / k-k

-------------------

/rˈin/ - /ɾˈɛɡn/
[5/5] r-ɾ / ˈi-ˈɛ / ∅-ɡ / n-n

-------------------

/rˈiːk/ - /ɾˈœʏ̯k/
[4/4] r-ɾ / ˈiː-ˈœʏ̯ / k-k

-------------------

/rˈyːdʲ/ - /ɾˈæʉ̯/
[2/4] r-ɾ / ˈyː-ˈæʉ̯ / dʲ_#>-#>
[2/4] r-ɾ / ˈyː-ˈæʉ̯ / dʲ-∅

-------------------

/rˈɛŋ/ - /ɾˈɪŋː/
[4/4] r-ɾ / ˈɛ-ˈɪ / ŋ-ŋː

-------------------

/rˈʊxt/ - /ɾˈɛʰtː/
[3/5] r-ɾ / ˈʊ-ˈɛ / x-ʰtː / t-∅
[2/5] r-ɾ / ˈʊ-ˈɛ / x-ʰtː / t_#>-#>

-------------------

/skˈitʲ/ - /ʃˈiːt/
[1/1] s-ʃ / k-∅ / ˈi-ˈiː / tʲ-t

-------------------

/slˈyːnʲ/ - /slˈoː/
[4/5] s-s / l-l / ˈyː-ˈoː / nʲ-∅
[1/5] s-s / l-l / ˈyː-∅ / nʲ-ˈoː

-------------------

/slˈɒŋə/ - /slˈɑŋːe/
[3/3] s-s / l-l / ˈɒ-ˈɑ / ŋ-ŋː / ə-e

-------------------

/slˈɛi̯pə/ - /sˈoːʋɑ/
[1/2] s-s / l-∅ / ∅-ˈoː / ˈɛi̯-ʋ / p-∅ / ə-ɑ
[1/2] s-s / l-ˈoː / ˈɛi̯-ʋ / p-∅ / ə-ɑ

-------------------

/snˈiː/ - /snˈøː/
[3/3] s-s / n-n / ˈiː-ˈøː

-------------------

/stˈeːr/ - /sɕˈɛnːe/
[1/2] s-s / t-ɕ / ˈeː-ˈɛ / r-∅ / ∅-nː / ∅-e
[1/2] s-s / t-ɕ / ˈeː-ˈɛ / r-∅ / ∅-nː / #>-e_#>

-------------------

/stˈiːnʲ/ - /stˈæɪ̯n/
[5/5] s-s / t-t / ˈiː-ˈæɪ̯ / nʲ-n

-------------------

/stˈœlʲ/ - /stˈuːl/
[3/3] s-s / t-t / ˈœ-ˈuː / lʲ-l

-------------------

/stˈɔrm/ - /stˈɔɾm/
[4/4] s-s / t-t / ˈɔ-ˈɔ / r-ɾ / m-m

-------------------

/svjˈard/ - /sʋˈæːɾ/
[2/4] s-s / v-ʋ / j-∅ / ˈa-ˈæː / r-ɾ / d-∅
[1/4] s-s / v-ʋ / j-∅ / ˈa-ˈæː / r-ɾ / d_#>-#>
[1/4] s-s / v-ʋ / j-ˈæː / ˈa-∅ / r-ɾ / d-∅

-------------------

/svˈin/ - /sʋˈiːn/
[5/5] s-s / v-ʋ / ˈi-ˈiː / n-n

-------------------

/svˈiːtʲ/ - /sʋˈæɪ̯ʰtːe/
[2/4] s-s / v-ʋ / ˈiː-ˈæɪ̯ / tʲ-ʰtː / ∅-e
[2/4] s-s / v-ʋ / ˈiː-ˈæɪ̯ / tʲ-ʰtː / #>-e_#>

-------------------

/svˈɛtʲ/ - /sˈøːt/
[3/3] s-s / v-∅ / ˈɛ-ˈøː / tʲ-t

-------------------

/svˈʊmə/ - /sˈʏmjɑ/
[3/3] s-s / v-∅ / ˈʊ-ˈʏ / m-m / ∅-j / ə-ɑ

-------------------

/sˈamər/ - /sˈʊmɑɾ/
[5/5] s-s / ˈa-ˈʊ / m-m / ə-ɑ / r-ɾ

-------------------

/sˈatə/ - /sˈɪɕːɑ/
[1/1] s-s / ˈa-ˈɪ / t-ɕː / ə-ɑ

-------------------

/sˈaːn/ - /sˈɔn/
[5/5] s-s / ˈaː-ˈɔ / n-n

-------------------

/sˈeːdə/ - /sˈæɪ̯jɑ/
[4/4] s-s / ∅-ˈæɪ̯ / ˈeː-j / d-∅ / ə-ɑ

-------------------

/sˈeːks/ - /sˈɛks/
[4/4] s-s / ˈeː-ˈɛ / k-k / s-s

-------------------

/sˈeːləv/ - /ʃˈœlʋ/
[3/4] s-ʃ / ˈeː-ˈœ / l-l / ə-∅ / v-ʋ
[1/4] s-ʃ / ˈeː-ˈœ / l-l / ə_v-ʋ

-------------------

/sˈid/ - /sˈiːe/
[3/5] s-s / ˈi-ˈiː / d-∅ / ∅-e
[2/5] s-s / ˈi-ˈiː / d-∅ / #>-e_#>

-------------------

/sˈiːl/ - /sˈoːl/
[4/4] s-s / ˈiː-ˈoː / l-l

-------------------

/sˈiːə/ - /ʃˈøː/
[3/4] s-ʃ / ˈiː-ˈøː / ə-∅
[1/4] s-ʃ / ˈiː-ˈøː / ə_#>-#>

-------------------

/sˈiːən/ - /ʃˈoː/
[1/1] s-ʃ / ˈiː-ˈoː / ə-∅ / n-∅

-------------------

/sˈuːrt/ - /sʋˈɑɾt/
[4/5] s-s / ∅-ʋ / ˈuː-ˈɑ / r-ɾ / t-t
[1/5] s-s / ˈuː-ʋ / ∅-ˈɑ / r-ɾ / t-t

-------------------

/sˈøːj/ - /sˈʉː/
[3/3] s-s / ˈøː-ˈʉː / j-∅

-------------------

/sˈøːjə/ - /sˈʉːɡɑ/
[4/4] s-s / ˈøː-ˈʉː / j-ɡ / ə-ɑ

-------------------

/sˈøːr/ - /sˈʉːɾ/
[5/5] s-s / ˈøː-ˈʉː / r-ɾ

-------------------

/sˈœnʲ/ - /sˈɑnː/
[5/5] s-s / ˈœ-ˈɑ / nʲ-nː

-------------------

/sˈɒlt/ - /sˈɑlt/
[4/4] s-s / ˈɒ-ˈɑ / l-l / t-t

-------------------

/sˈɔːvən/ - /ʃˈʉː/
[1/1] s-ʃ / ˈɔː-ˈʉː / v-∅ / ə-∅ / n-∅

-------------------

/sˈɛkə/ - /sˈøːɕɑ/
[4/4] s-s / ˈɛ-ˈøː / k-ɕ / ə-ɑ

-------------------

/sˈʏstər/ - /sˈʏstɛɾ/
[3/3] s-s / ˈʏ-ˈʏ / s-s / t-t / ə-ɛ / r-ɾ

-------------------

/trˈatɛi̯n/ - /tʰɾˈɛtːen/
[3/3] t-tʰ / r-ɾ / ˈa-ˈɛ / t-tː / ɛi̯-e / n-n

-------------------

/trˈiː/ - /tʰɾˈeː/
[5/5] t-tʰ / r-ɾ / ˈiː-ˈeː

-------------------

/tvˈeːlvən/ - /tʰˈɔlʋ/
[2/3] t-tʰ / v-∅ / ˈeː-ˈɔ / l-l / v-ʋ / ə-∅ / n-∅
[1/3] t-tʰ / v-∅ / ˈeː-ˈɔ / l-l / v-ʋ / ə-∅ / n_#>-#>

-------------------

/tvˈɛːr/ - /tʰˈuː/
[1/1] t-tʰ / v-∅ / ˈɛː-ˈuː / r-∅

-------------------

/tʲˈʊk/ - /ɕˈʉʰkː/
[2/2] tʲ-ɕ / ˈʊ-ˈʉ / k-ʰkː

-------------------

/tʲˈʏʃ/ - /tʰˈʏsk/
[3/4] tʲ-tʰ / ˈʏ-ˈʏ / ʃ-s / ∅-k
[1/4] tʲ-tʰ / ˈʏ-ˈʏ / ʃ-s / #>-k_#>

-------------------

/tˈeːn/ - /tʰˈʏnː/
[4/4] t-tʰ / ˈeː-ˈʏ / n-nː

-------------------

/tˈid/ - /tʰˈiː/
[2/4] t-tʰ / ˈi-ˈiː / d_#>-#>
[2/4] t-tʰ / ˈi-ˈiː / d-∅

-------------------

/tˈiːf/ - /ɕˈʉːʋ/
[4/4] t-ɕ / ˈiː-ˈʉː / f-ʋ

-------------------

/tˈiːkən/ - /tʰˈæɪ̯kn̩/
[4/4] t-tʰ / ˈiː-ˈæɪ̯ / k-k / ə-∅ / n-n

-------------------

/tˈiːn/ - /tʰˈiː/
[3/5] t-tʰ / ˈiː-ˈiː / n-∅
[2/5] t-tʰ / ˈiː-ˈiː / n_#>-#>

-------------------

/tˈurst/ - /tʰˈœɾstə/
[4/4] t-tʰ / ˈu-ˈœ / r-ɾ / s-s / t-t / ∅-ə

-------------------

/tˈuːn/ - /tʰˈoː/
[2/4] t-tʰ / ˈuː-ˈoː / n_#>-#>
[2/4] t-tʰ / ˈuː-ˈoː / n-∅

-------------------

/tˈuːr/ - /tʰˈoːɾe/
[2/3] t-tʰ / ˈuː-ˈoː / r-ɾ / ∅-e
[1/3] t-tʰ / ˈuː-ˈoː / r-ɾ / #>-e_#>

-------------------

/tˈøːmə/ - /tʰˈɔmːe/
[5/5] t-tʰ / ˈøː-ˈɔ / m-mː / ə-e

-------------------

/tˈɔrn/ - /tʰˈʊɾn/
[4/4] t-tʰ / ˈɔ-ˈʊ / r-ɾ / n-n

-------------------

/tˈɔu̯/ - /tʰˈuː/
[2/2] t-tʰ / ˈɔu̯-ˈuː

-------------------

/tˈɛi̯s/ - /tʰˈɑnː/
[4/5] t-tʰ / ˈɛi̯-ˈɑ / s-nː
[1/5] t-tʰ / ∅-ˈɑ / ˈɛi̯-nː / s-∅

-------------------

/tˈʊŋ/ - /tʰˈʉŋːe/
[2/3] t-tʰ / ˈʊ-ˈʉ / ŋ-ŋː / #>-e_#>
[1/3] t-tʰ / ˈʊ-ˈʉ / ŋ-ŋː / ∅-e

-------------------

/tˈʊŋkə/ - /tʰˈɑʰkːɑ/
[2/5] t-tʰ / ˈʊ-ˈɑ / ŋ-∅ / k-ʰkː / ə-ɑ
[2/5] t-tʰ / ˈʊ-ˈɑ / ŋ-ʰkː / k-∅ / ə-ɑ
[1/5] t-tʰ / ˈʊ-ˈɑ / ŋ_k-ʰkː / ə-ɑ

-------------------

/vˈanʃə/ - /ˈʏnʃɑ/
[4/4] v-∅ / ˈa-ˈʏ / n-n / ʃ-ʃ / ə-ɑ

-------------------

/vˈat/ - /kʰʋˈɑː/
[3/4] v-kʰ_ʋ / ˈa-ˈɑː / t-∅
[1/4] ∅-kʰ / v-ʋ / ˈa-ˈɑː / t_#>-#>

-------------------

/vˈaːw/ - /vˈeːke/
[3/4] v-v / ˈaː-ˈeː / ∅-k / w-e
[1/4] v-v / ˈaː-ˈeː / w-k / ∅-e

-------------------

/vˈaːzə/ - /ʋˈiːtɑ/
[3/3] v-ʋ / ˈaː-ˈiː / z-t / ə-ɑ

-------------------

/vˈeː/ - /ʋˈiː/
[4/4] v-ʋ / ˈeː-ˈiː

-------------------

/vˈil/ - /ʋˈɪlː/
[4/4] v-ʋ / ˈi-ˈɪ / l-lː

-------------------

/vˈin/ - /ʋˈiːn/
[5/5] v-ʋ / ˈi-ˈiː / n-n

-------------------

/vˈin/ - /ʋˈɪnː/
[3/3] v-ʋ / ˈi-ˈɪ / n-nː

-------------------

/vˈit/ - /kʰʋˈiːt/
[3/4] v-kʰ_ʋ / ˈi-ˈiː / t-t
[1/4] ∅-kʰ / v-ʋ / ˈi-ˈiː / t-t

-------------------

/vˈuntər/ - /ʋˈɛʰtːəɾ/
[5/5] v-ʋ / ˈu-ˈɛ / n-∅ / t-ʰtː / ə-ə / r-ɾ

-------------------

/vˈœrm/ - /ˈɔɾm/
[5/5] v-∅ / ˈœ-ˈɔ / r-ɾ / m-m

-------------------

/vˈɒl/ - /kʰʋˈɑːl/
[1/2] ∅-kʰ / v-ʋ / ˈɒ-ˈɑː / l-l
[1/2] v-kʰ_ʋ / ˈɒ-ˈɑː / l-l

-------------------

/vˈɒːbən/ - /ʋˈoːpen/
[5/5] v-ʋ / ˈɒː-ˈoː / b-p / ə-e / n-n

-------------------

/vˈɒːdər/ - /ʋˈɑtn/
[1/1] v-ʋ / ˈɒː-ˈɑ / d-t / ə-∅ / r-∅ / #>-n_#>

-------------------

/vˈɛi̯/ - /ʋˈeːɡ/
[3/5] v-ʋ / ˈɛi̯-ˈeː / ∅-ɡ
[2/5] v-ʋ / ˈɛi̯-ˈeː / #>-ɡ_#>

-------------------

/vˈɛːdər/ - /vˈæːɾ/
[2/2] v-v / ˈɛː-ˈæː / d-∅ / ə-∅ / r-ɾ

-------------------

/vˈʊnər/ - /ˈʉndəɾ/
[5/5] v-∅ / ˈʊ-ˈʉ / n-n / ∅-d / ə-ə / r-ɾ

-------------------

/vˈʊrm/ - /ʋˈɑɾm/
[3/3] v-ʋ / ˈʊ-ˈɑ / r-ɾ / m-m

-------------------

/ɡjˈars/ - /ɡɾˈɑːs/
[3/5] ɡ-ɡ / j-ɾ / ˈa-ˈɑː / r-∅ / s-s
[2/5] ɡ-ɡ / j-∅ / ˈa-∅ / r-ɾ / ∅-ˈɑː / s-s

-------------------

/ɡrˈɛi̯n/ - /ɡɾˈøːn/
[5/5] ɡ-ɡ / r-ɾ / ˈɛi̯-ˈøː / n-n

-------------------

/ɡˈuːs/ - /ɡˈoːs/
[5/5] ɡ-ɡ / ˈuː-ˈoː / s-s

-------------------

/ɡˈøːl/ - /ɡˈʉːl/
[4/4] ɡ-ɡ / ˈøː-ˈʉː / l-l

-------------------

/ɡˈœdʲ/ - /ɡˈuː/
[3/5] ɡ-ɡ / ˈœ-ˈuː / dʲ-∅
[2/5] ɡ-ɡ / ˈœ-ˈuː / dʲ_#>-#>

-------------------

/ɡˈœlʲ/ - /ɡˈʉlː/
[4/4] ɡ-ɡ / ˈœ-ˈʉ / lʲ-lː

-------------------

/ɡˈɒːst/ - /jˈɛst/
[4/4] ɡ-j / ˈɒː-ˈɛ / s-s / t-t

-------------------

/ɡˈɔːd/ - /ɡˈʉːd/
[4/4] ɡ-ɡ / ˈɔː-ˈʉː / d-d

-------------------

/ɡˈʊŋə/ - /ɡˈoː/
[1/1] ɡ-ɡ / ˈʊ-ˈoː / ŋ-∅ / ə-∅

-------------------

/ɡˈʊŋə/ - /ɡˈɑŋːɑ/
[4/4] ɡ-ɡ / ˈʊ-ˈɑ / ŋ-ŋː / ə-ɑ

-------------------

/ʃˈap/ - /ʃˈiːp/
[4/4] ʃ-ʃ / ˈa-ˈiː / p-p

-------------------

/ʃˈarp/ - /skˈɑɾp/
[4/4] ʃ-s / ∅-k / ˈa-ˈɑ / r-ɾ / p-p

-------------------

/ʃˈild/ - /ʃˈɔlː/
[3/5] ʃ-ʃ / ˈi-ˈɔ / l-lː / d-∅
[2/5] ʃ-ʃ / ˈi-ˈɔ / l-lː / d_#>-#>

-------------------

/ʃˈit/ - /ʃˈiːt/
[4/4] ʃ-ʃ / ˈi-ˈiː / t-t

-------------------

/ʃˈiːtʲə/ - /ʃˈyːtɑ/
[4/4] ʃ-ʃ / ˈiː-ˈyː / tʲ-t / ə-ɑ

-------------------

/ʃˈœi̯f/ - /skˈuː/
[5/5] ʃ-s / ∅-k / ˈœi̯-ˈuː / f-∅

-------------------

/ʃˈœrk/ - /ɕˈʏɾɕɑ/
[4/4] ʃ-ɕ / ˈœ-ˈʏ / r-ɾ / k-ɕ / ∅-ɑ

-------------------

/ʃˈʊŋə/ - /sˈʏɲjɑ/
[5/5] ʃ-s / ˈʊ-ˈʏ / ŋ-ɲ / ∅-j / ə-ɑ

-------------------

/ʃˈʏkliŋ/ - /ɕˈʉklɪŋ/
[4/4] ʃ-ɕ / ˈʏ-ˈʉ / k-k / l-l / i-ɪ / ŋ-ŋ

-------------------

/ˈalvən/ - /ˈɛlʋe/
[2/4] ˈa-ˈɛ / l-l / v-ʋ / ə-e / n_#>-#>
[2/4] ˈa-ˈɛ / l-l / v-ʋ / ə-e / n-∅

-------------------

/ˈap/ - /ˈʉʰpː/
[5/5] ˈa-ˈʉ / p-ʰpː

-------------------

/ˈeːrm/ - /ˈɑɾm/
[4/4] ˈeː-ˈɑ / r-ɾ / m-m

-------------------

/ˈeːʃ/ - /ˈʊske/
[2/2] ˈeː-ˈʊ / ʃ-s / ∅-k / #>-e_#>

-------------------

/ˈik/ - /ˈeːɡ/
[4/4] ˈi-ˈeː / k-ɡ

-------------------

/ˈis/ - /ˈiːs/
[4/4] ˈi-ˈiː / s-s

-------------------

/ˈiːk/ - /ˈæɪ̯k/
[4/4] ˈiː-ˈæɪ̯ / k-k

-------------------

/ˈiːlʲ/ - /ˈɛlː/
[5/5] ˈiː-ˈɛ / lʲ-lː

-------------------

/ˈiːr/ - /ˈoːɾ/
[4/4] ˈiː-ˈoː / r-ɾ

-------------------

/ˈuːk/ - /ʋˈæɪ̯k/
[3/4] ∅-ʋ / ˈuː-ˈæɪ̯ / k-k
[1/4] ˈuː-ʋ / ∅-ˈæɪ̯ / k-k

-------------------

/ˈuːr/ - /ˈœʏ̯ɾɑ/
[3/3] ˈuː-ˈœʏ̯ / r-ɾ / ∅-ɑ

-------------------

/ˈuːrd/ - /ˈuːɾ/
[3/5] ˈuː-ˈuː / r-ɾ / d-∅
[2/5] ˈuː-ˈuː / r-ɾ / d_#>-#>

-------------------

/ˈuːw/ - /ˈæʉ̯ɡɑ/
[3/3] ˈuː-ˈæʉ̯ / ∅-ɡ / w-ɑ

-------------------

/ˈyːs/ - /ˈɔsː/
[3/3] ˈyː-ˈɔ / s-sː

-------------------

/ˈyːt/ - /ˈʉːt/
[5/5] ˈyː-ˈʉː / t-t

-------------------

/ˈøːl/ - /ˈʉɡle/
[3/4] ˈøː-ˈʉ / ∅-ɡ / l-l / ∅-e
[1/4] ˈøː-ˈʉ / ∅-ɡ / l-l / #>-e_#>

-------------------

/ˈɒl/ - /ˈɑlː/
[5/5] ˈɒ-ˈɑ / l-lː

-------------------

/ˈɒn/ - /ˈæɪ̯n/
[3/3] ˈɒ-ˈæɪ̯ / n-n

-------------------

/ˈɒːpəl/ - /ˈɛple/
[2/4] ˈɒː-ˈɛ / p-p / ə_l-l / #>-e_#>
[2/4] ˈɒː-ˈɛ / p-p / ə-∅ / l-l / ∅-e

-------------------

/ˈɒːvə/ - /ˈɑːpe/
[3/3] ˈɒː-ˈɑː / v-p / ə-e

-------------------

/ˈɔi̯/ - /ˈɛɡː/
[5/5] ˈɔi̯-ˈɛ / ∅-ɡː

-------------------

/ˈɔu̯dər/ - /ˈɑnːɑn/
[1/2] ˈɔu̯-ˈɑ / d-nː / ə-ɑ / r-∅ / ∅-n
[1/2] ˈɔu̯-ˈɑ / d-nː / ə-ɑ / r-∅ / #>-n_#>

-------------------

/ˈɔu̯n/ - /ˈɔmn/
[2/3] ∅-ˈɔ / ˈɔu̯-m / n-n
[1/3] ˈɔu̯-ˈɔ / ∅-m / n-n

-------------------

/ˈɔu̯ər/ - /ˈoːʋeɾ/
[5/5] ˈɔu̯-ˈoː / ∅-ʋ / ə-e / r-ɾ

-------------------

/ˈɔːxt/ - /ˈɔʰtːe/
[3/5] ˈɔː-ˈɔ / x-ʰtː / t-∅ / ∅-e
[2/5] ˈɔː-ˈɔ / x-ʰtː / t-∅ / #>-e_#>

-------------------

/ˈɛi̯l/ - /ˈoːl/
[2/2] ˈɛi̯-ˈoː / l-l

-------------------

/ˈɛːzə/ - /ˈeːtɑ/
[3/3] ˈɛː-ˈeː / z-t / ə-ɑ

-------------------

/ˈʊl/ - /ˈʉlː/
[5/5] ˈʊ-ˈʉ / l-lː

-------------------

/ˈʊləv/ - /ˈʉlʋ/
[3/5] ˈʊ-ˈʉ / l-l / ə-∅ / v-ʋ
[2/5] ˈʊ-ˈʉ / l-l / ə_v-ʋ

-------------------

/ˈʊnər/ - /ˈʉndəɾ/
[4/4] ˈʊ-ˈʉ / n-n / ∅-d / ə-ə / r-ɾ

-------------------

