/anhˈiβɔ/ - /ʤenˈivɐ/
[1/1] <#-ʤ_<# / a-e / n-n / h-∅ / ˈi-ˈi / β-v / ɔ_#>-ɐ_#>

-------------------

/anˈɛt/ - /anˈeʎ/
[1/1] <#_a-<#_a / n-n / ˈɛ-ˈe / t_#>-ʎ_#>

-------------------

/arazˈim/ - /raˈim/
[1/1] <#_a_r-<#_r / a_z-a / ˈi-ˈi / m_#>-m_#>

-------------------

/arazˈuŋ/ - /raˈo/
[1/1] <#_a_r-<#_r / a_z-a / ˈu-ˈo / ŋ_#>-#>

-------------------

/arumˈaŋ/ - /romˈa/
[1/1] <#_a_r-<#_r / u-o / m-m / ˈa_ŋ_#>-ˈa_#>

-------------------

/arʒˈɛlɔ/ - /arʤˈilɐ/
[1/1] <#_a-<#_a / r-r / ʒ-ʤ / ˈɛ-ˈi / l-l / ɔ_#>-ɐ_#>

-------------------

/arˈej/ - /rˈej/
[1/1] <#_a_r-<#_r / ˈe-ˈe / j_#>-j_#>

-------------------

/arˈejnɔ/ - /rˈejnɜ/
[1/1] <#_a_r-<#_r / ˈe-ˈe / j-j / n-n / ɔ_#>-ɜ_#>

-------------------

/arˈiw/ - /rˈiw/
[1/1] <#_a_r-<#_r / ˈi-ˈi / w_#>-w_#>

-------------------

/arˈuj/ - /rˈɒʧ/
[1/1] <#_a_r-<#_r / ˈu-ˈɒ / j_#>-ʧ_#>

-------------------

/arˈɔw/ - /roðˈo/
[1/1] <#_a_r-<#_r / ∅-o / ˈɔ-ð / w-ˈo

-------------------

/arˈɔðɔ/ - /rˈɒðɞ/
[1/1] <#_a_r-<#_r / ˈɔ-ˈɒ / ð-ð / ɔ_#>-ɞ_#>

-------------------

/asˈɛðe/ - /sˈæwɾɜ/
[1/1] <#_a-<# / s-s / ˈɛ-ˈæ / ð-w_ɾ / e_#>-ɜ_#>

-------------------

/awlˈu/ - /olˈor/
[1/1] <#_a_w-<#_o / l-l / ˈu-ˈo / ∅-r

-------------------

/awsˈi/ - /oksˈir/
[1/1] <#_a_w-<#_o / ∅-k / s-s / ˈi_#>-ˈi_r_#>

-------------------

/awsˈɛt/ - /osˈeʎ/
[1/1] <#_a_w-<#_o / s-s / ˈɛ-ˈe / t_#>-ʎ_#>

-------------------

/awɾˈeʎɔ/ - /oɾˈæʎɜ/
[1/1] <#_a_w-<#_o / ɾ_ˈe-ɾ_ˈæ / ʎ-ʎ / ɔ_#>-ɜ_#>

-------------------

/aɣˈyʎɔ/ - /aɣˈuʎɐ/
[1/1] <#_a-<#_a / ɣ-ɣ / ˈy-ˈu / ʎ-ʎ / ɔ_#>-ɐ_#>

-------------------

/aɲˈɛt/ - /aɲˈeʎ/
[1/1] <#_a-<#_a / ɲ-ɲ / ˈɛ-ˈe / t_#>-ʎ_#>

-------------------

/aɾˈaɲɔ/ - /aɾˈaɲɐ/
[1/1] <#_a-<#_a / ɾ-ɾ / ˈa-ˈa / ɲ-ɲ / ɔ_#>-ɐ_#>

-------------------

/aʒyðˈa/ - /aʤuðˈar/
[1/1] <#_a-<#_a / ʒ-ʤ / y-u / ð-ð / ˈa_#>-ˈa_r_#>

-------------------

/aβˈeʎɔ/ - /aβˈæʎɜ/
[1/1] <#_a-<#_a / β_ˈe-β_ˈæ / ʎ-ʎ / ɔ_#>-ɜ_#>

-------------------

/berɣˈuɲɔ/ - /verɡˈoɲɞ/
[1/1] <#_b-<#_v / e-e / r-r / ɣ-ɡ / ˈu-ˈo / ɲ-ɲ / ɔ_#>-ɞ_#>

-------------------

/bezˈiŋ/ - /veˈi/
[1/1] <#_b-<#_v / e-e / z_ˈi-ˈi / ŋ_#>-#>

-------------------

/beðˈɛt/ - /veðˈeʎ/
[1/1] <#_b-<#_v / e-e / ð-ð / ˈɛ-ˈe / t_#>-ʎ_#>

-------------------

/bilˈaŋ/ - /vilˈa/
[1/1] <#_b-<#_v / i-i / l-l / ˈa_ŋ_#>-ˈa_#>

-------------------

/biˈaʤe/ - /viˈaʤe/
[1/1] <#_b-<#_v / i-i / ˈa-ˈa / ʤ-ʤ / e_#>-e_#>

-------------------

/bjˈene/ - /vˈindɾe/
[1/1] <#_b-<#_v / j-∅ / ˈe-ˈi / n-n / ∅-d / ∅-ɾ / e_#>-e_#>

-------------------

/bjˈeʎ/ - /vˈeʎ/
[1/1] <#_b-<#_v / j_ˈe-ˈe / ʎ_#>-ʎ_#>

-------------------

/blˈaŋk/ - /blˈaŋk/
[1/1] <#_b-<#_b / l_ˈa-l_ˈa / ŋ-ŋ / k_#>-k_#>

-------------------

/bulˈa/ - /volˈar/
[1/1] <#_b-<#_v / u-o / l-l / ˈa_#>-ˈa_r_#>

-------------------

/buzˈawtes/ - /vozˈaltɾes/
[1/1] <#_b-<#_v / u-o / z_ˈa-z_ˈa / w_t-l_t / e-ɾ_e / s_#>-s_#>

-------------------

/bwˈew/ - /bˈɒw/
[1/1] <#_b-<#_b / w-∅ / ˈe-ˈɒ / w_#>-w_#>

-------------------

/bɾylːˈa/ - /kɾemˈar/
[1/1] b-k / ɾ-ɾ / y-e / lː-m / ˈa_#>-ˈa_r_#>

-------------------

/bˈajʃ/ - /bˈaʃ/
[1/1] <#_b-<#_b / ˈa-ˈa / j-∅ / ʃ_#>-ʃ_#>

-------------------

/bˈakɔ/ - /vˈakɐ/
[1/1] <#_b-<#_v / ˈa_k-ˈa_k / ɔ_#>-ɐ_#>

-------------------

/bˈaɲ/ - /bˈaɲ/
[1/1] <#_b-<#_b / ˈa-ˈa / ɲ_#>-ɲ_#>

-------------------

/bˈen/ - /vˈent/
[1/1] <#_b-<#_v / ˈe-ˈe / n_#>-n_t_#>

-------------------

/bˈert/ - /vˈært/
[1/1] <#_b-<#_v / ˈe-ˈæ / r-r / t_#>-t_#>

-------------------

/bˈeðe/ - /vˈæwɾɜ/
[1/1] <#_b-<#_v / ˈe-ˈæ / ð-w_ɾ / e_#>-ɜ_#>

-------------------

/bˈeŋ/ - /bˈe/
[1/1] <#_b-<#_b / ˈe-ˈe / ŋ_#>-#>

-------------------

/bˈeβe/ - /bˈæwɾɜ/
[1/1] <#_b-<#_b / ˈe-ˈæ / ∅-w / β-ɾ / e_#>-ɜ_#>

-------------------

/bˈilɔ/ - /vˈilɐ/
[1/1] <#_b-<#_v / ˈi-ˈi / l-l / ɔ_#>-ɐ_#>

-------------------

/bˈin/ - /vˈin/
[1/1] <#_b-<#_v / ˈi-ˈi / n-n

-------------------

/bˈitɔ/ - /vˈiðɐ/
[1/1] <#_b-<#_v / ˈi-ˈi / t-ð / ɔ_#>-ɐ_#>

-------------------

/bˈiŋ/ - /vˈi/
[1/1] <#_b-<#_v / ˈi-ˈi / ŋ_#>-#>

-------------------

/bˈiɔ/ - /vˈiɐ/
[1/1] <#_b-<#_v / ˈi-ˈi / ɔ_#>-ɐ_#>

-------------------

/bˈukɔ/ - /bˈokɞ/
[1/1] <#_b-<#_b / ˈu-ˈo / k-k / ɔ_#>-ɞ_#>

-------------------

/bˈunas/ - /bˈɒnes/
[1/1] <#_b-<#_b / ˈu_n-ˈɒ_n / a-e / s_#>-s_#>

-------------------

/bˈuns/ - /bˈɒns/
[1/1] <#_b-<#_b / ˈu_n-ˈɒ_n / s_#>-s_#>

-------------------

/bˈunɔ/ - /bˈɒnɞ/
[1/1] <#_b-<#_b / ˈu_n-ˈɒ_n / ɔ_#>-ɞ_#>

-------------------

/bˈuŋ/ - /bˈɒ/
[1/1] <#_b-<#_b / ˈu-ˈɒ / ŋ_#>-#>

-------------------

/bˈuʦ/ - /vˈæw/
[1/1] <#_b-<#_v / ˈu-ˈæ / ʦ_#>-w_#>

-------------------

/bˈɔl/ - /vˈɒl/
[1/1] <#_b-<#_v / ˈɔ-ˈɒ / l-l

-------------------

/bˈɛrmi/ - /vˈærm/
[1/1] <#_b-<#_v / ˈɛ-ˈæ / r-r / m_i-m

-------------------

/bˈɛt/ - /bˈeʎ/
[1/1] <#_b-<#_b / ˈɛ-ˈe / t_#>-ʎ_#>

-------------------

/bˈɛɾɔ/ - /bˈeʎɜ/
[1/1] <#_b-<#_b / ˈɛ-ˈe / ɾ_ɔ-ʎ_ɜ

-------------------

/dɾaɣˈuŋ/ - /dɾaɣˈo/
[1/1] <#_d-<#_d / ɾ-ɾ / a-a / ɣ-ɣ / ˈu-ˈo / ŋ_#>-#>

-------------------

/dɾumˈi/ - /dormˈir/
[1/1] <#_d-<#_d / ɾ-∅ / u-o / ∅-r / m-m / ˈi_#>-ˈi_r_#>

-------------------

/dɾˈak/ - /dɾˈak/
[1/1] <#_d-<#_d / ɾ-ɾ / ˈa-ˈa / k_#>-k_#>

-------------------

/dˈa/ - /dˈar/
[1/1] <#_d-<#_d / ˈa_#>-ˈa_r_#>

-------------------

/dˈawnɔ/ - /dˈɒnɞ/
[1/1] <#_d-<#_d / ˈa_w-ˈɒ / n-n / ɔ_#>-ɞ_#>

-------------------

/dˈen/ - /dˈent/
[1/1] <#_d-<#_d / ˈe-ˈe / n_#>-n_t_#>

-------------------

/dˈit/ - /dˈit/
[1/1] <#_d-<#_d / ˈi-ˈi / t_#>-t_#>

-------------------

/dˈiw/ - /dˈew/
[1/1] <#_d-<#_d / ˈi-ˈe / w_#>-w_#>

-------------------

/dˈize/ - /dˈir/
[1/1] <#_d-<#_d / ˈi_z-ˈi / e_#>-r_#>

-------------------

/dˈiɔ/ - /dˈiɐ/
[1/1] <#_d-<#_d / ˈi-ˈi / ɔ_#>-ɐ_#>

-------------------

/dˈudze/ - /dˈozɞ/
[1/1] <#_d-<#_d / ˈu-ˈo / d-∅ / z-∅ / e-z / #>-ɞ_#>

-------------------

/dˈus/ - /dˈols/
[1/1] <#_d-<#_d / ˈu-ˈo / ∅-l / s_#>-s_#>

-------------------

/dˈuŋ/ - /dˈo/
[1/1] <#_d-<#_d / ˈu-ˈo / ŋ_#>-#>

-------------------

/dˈys/ - /dˈos/
[1/1] <#_d-<#_d / ˈy-ˈo / s_#>-s_#>

-------------------

/dˈyɔs/ - /dˈues/
[1/1] <#_d-<#_d / ˈy-ˈu / ɔ-e / s_#>-s_#>

-------------------

/dˈɛʦ/ - /dˈæw/
[1/1] <#_d-<#_d / ˈɛ-ˈæ / ʦ_#>-w_#>

-------------------

/ehlˈamɔ/ - /flˈamɐ/
[1/1] <#-<#_f / e-∅ / h_l-l / ˈa-ˈa / m-m / ɔ_#>-ɐ_#>

-------------------

/ehlˈu/ - /flˈɒr/
[1/1] <#-<#_f / e-∅ / h_l-l / ˈu-ˈɒ / ∅-r

-------------------

/eskutˈa/ - /eskoltˈar/
[1/1] <#_e-<#_e / s_k-s_k / u-o / ∅-l / t-t / ˈa_#>-ˈa_r_#>

-------------------

/eskɾˈiβe/ - /eskɾˈiwɾe/
[1/1] <#_e-<#_e / s_k-s_k / ɾ-ɾ / ˈi-ˈi / ∅-w / β-ɾ / e_#>-e_#>

-------------------

/espˈaðɔ/ - /espˈazɐ/
[1/1] <#_e-<#_e / s_p-s_p / ˈa-ˈa / ð-z / ɔ_#>-ɐ_#>

-------------------

/espˈaɲɔ/ - /espˈaɲɐ/
[1/1] <#_e-<#_e / s_p-s_p / ˈa-ˈa / ɲ-ɲ / ɔ_#>-ɐ_#>

-------------------

/espˈik/ - /espˈiɣɐ/
[1/1] <#_e-<#_e / s_p-s_p / ˈi-ˈi / ∅-ɣ / k-ɐ

-------------------

/espˈiɔ/ - /espˈinɐ/
[1/1] <#_e-<#_e / s_p-s_p / ˈi-ˈi_n / ɔ_#>-ɐ_#>

-------------------

/espˈiɣɔ/ - /espˈiɣɐ/
[1/1] <#_e-<#_e / s_p-s_p / ˈi-ˈi / ɣ-ɣ / ɔ_#>-ɐ_#>

-------------------

/estˈat/ - /estˈat/
[1/1] <#_e-<#_e / s_t-s_t / ˈa-ˈa / t_#>-t_#>

-------------------

/estˈelɔ/ - /estɾˈeʎɜ/
[1/1] <#_e-<#_e / s_t-s_t / ˈe-ɾ_ˈe / l-ʎ / ɔ_#>-ɜ_#>

-------------------

/estˈiw/ - /estˈiw/
[1/1] <#_e-<#_e / s_t-s_t / ˈi-ˈi / w_#>-w_#>

-------------------

/eɣˈaw/ - /iɣwˈal/
[1/1] e-i / ɣ-ɣ / ˈa-w_ˈa / w_#>-l_#>

-------------------

/haɾˈiɔ/ - /faɾˈinɐ/
[1/1] <#_h-<#_f / a-a / ɾ-ɾ / ˈi-ˈi_n / ɔ_#>-ɐ_#>

-------------------

/hwˈeʎɔ/ - /fˈuʎɐ/
[1/1] <#_h-<#_f / w_ˈe-ˈu / ʎ-ʎ / ɔ_#>-ɐ_#>

-------------------

/hwˈɛk/ - /fˈɒk/
[1/1] <#_h-<#_f / w-∅ / ˈɛ-ˈɒ / k_#>-k_#>

-------------------

/hɾˈet/ - /fɾˈæt/
[1/1] <#_h-<#_f / ɾ_ˈe-ɾ_ˈæ / t_#>-t_#>

-------------------

/hɾˈyt/ - /fɾˈujt/
[1/1] <#_h-<#_f / ɾ-ɾ / ˈy-ˈu / ∅-j / t_#>-t_#>

-------------------

/hˈa/ - /fˈer/
[1/1] <#_h-<#_f / ∅-ˈe / ˈa-r

-------------------

/hˈami/ - /fˈam/
[1/1] <#_h-<#_f / ˈa-ˈa / m_i-m

-------------------

/hˈaðɔ/ - /fˈaðɐ/
[1/1] <#_h-<#_f / ˈa-ˈa / ð-ð / ɔ_#>-ɐ_#>

-------------------

/hˈenːɔ/ - /fˈæmbrɜ/
[1/1] <#_h-<#_f / ˈe-ˈæ / ∅-m / ∅-b / nː-r / ɔ_#>-ɜ_#>

-------------------

/hˈiw/ - /fˈil/
[1/1] <#_h-<#_f / ˈi-ˈi / w_#>-l_#>

-------------------

/hˈiʎ/ - /fˈiʎ/
[1/1] <#_h-<#_f / ˈi-ˈi / ʎ_#>-ʎ_#>

-------------------

/hˈiʎɔ/ - /fˈiʎɐ/
[1/1] <#_h-<#_f / ˈi-ˈi / ʎ-ʎ / ɔ_#>-ɐ_#>

-------------------

/hˈiʤe/ - /fˈeʤɜ/
[1/1] <#_h-<#_f / ˈi-ˈe / ʤ-ʤ / e_#>-ɜ_#>

-------------------

/hˈym/ - /fˈum/
[1/1] <#_h-<#_f / ˈy-ˈu / m_#>-m_#>

-------------------

/hˈɔrt/ - /fˈɒrt/
[1/1] <#_h-<#_f / ˈɔ-ˈɒ / r-r / t_#>-t_#>

-------------------

/hˈɛ/ - /fˈæro/
[1/1] <#_h-<#_f / ˈɛ-ˈæ / ∅-r / ∅-o

-------------------

/hˈɛstɔ/ - /fˈestɜ/
[1/1] <#_h-<#_f / ˈɛ-ˈe / s_t-s_t / ɔ_#>-ɜ_#>

-------------------

/iβˈɛr/ - /ivˈærn/
[1/1] i-i / β-v / ˈɛ-ˈæ / r-r / #>-n_#>

-------------------

/kambjˈa/ - /kamvjˈar/
[1/1] <#_k-<#_k / a-a / m-m / b-v / j-j / ˈa_#>-ˈa_r_#>

-------------------

/kantˈa/ - /kantˈar/
[1/1] <#_k-<#_k / a-a / n-n / t-t / ˈa_#>-ˈa_r_#>

-------------------

/kastˈɛt/ - /kastˈeʎ/
[1/1] <#_k-<#_k / a-a / s_t-s_t / ˈɛ-ˈe / t_#>-ʎ_#>

-------------------

/kasˈa/ - /kasˈar/
[1/1] <#_k-<#_k / a-a / s-s / ˈa_#>-ˈa_r_#>

-------------------

/kaðˈeɔ/ - /kaðˈænɜ/
[1/1] <#_k-<#_k / a-a / ð-ð / ˈe-ˈæ / ∅-n / ɔ_#>-ɜ_#>

-------------------

/kaβˈat/ - /kavˈaʎ/
[1/1] <#_k-<#_k / a-a / β-v / ˈa-ˈa / t_#>-ʎ_#>

-------------------

/klamˈa/ - /klamˈar/
[1/1] <#_k-<#_k / l-l / a-a / m-m / ˈa_#>-ˈa_r_#>

-------------------

/klˈaw/ - /klˈaw/
[1/1] <#_k-<#_k / l_ˈa-l_ˈa / w_#>-w_#>

-------------------

/kulˈu/ - /kolˈor/
[1/1] <#_k-<#_k / u-o / l-l / ˈu-ˈo / ∅-r

-------------------

/kunˈejʃe/ - /konˈæʃer/
[1/1] <#_k-<#_k / u-o / n-n / ˈe-ˈæ / j_ʃ-ʃ / e-e_r

-------------------

/kwˈate/ - /kwˈatɾe/
[1/1] <#_k-<#_k / w-w / ˈa_t-ˈa_t / ∅-ɾ / e_#>-e_#>

-------------------

/kwˈejʃɔ/ - /kˈuʃɐ/
[1/1] <#_k-<#_k / w_ˈe-ˈu / j_ʃ-ʃ / ɔ_#>-ɐ_#>

-------------------

/kɾemˈa/ - /kɾemˈar/
[1/1] <#_k-<#_k / ɾ-ɾ / e-e / m-m / ˈa_#>-ˈa_r_#>

-------------------

/kɾˈaβɔ/ - /kˈaβɾɐ/
[1/1] <#_k-<#_k / ɾ-∅ / ˈa-ˈa / β-β_ɾ / ɔ_#>-ɐ_#>

-------------------

/kɾˈeðe/ - /kɾˈæwɾɜ/
[1/1] <#_k-<#_k / ɾ_ˈe-ɾ_ˈæ / ð-w_ɾ / e_#>-ɜ_#>

-------------------

/kɾˈuʦ/ - /kɾˈæw/
[1/1] <#_k-<#_k / ɾ-ɾ / ˈu-ˈæ / ʦ_#>-w_#>

-------------------

/kˈalːɔ/ - /ɡwˈaɫːɐ/
[1/1] k-ɡ / ˈa-w_ˈa / lː-ɫː / ɔ_#>-ɐ_#>

-------------------

/kˈambɾɔ/ - /kˈambɾɐ/
[1/1] <#_k-<#_k / ˈa-ˈa / m-m / b-b / ɾ-ɾ / ɔ_#>-ɐ_#>

-------------------

/kˈan/ - /kˈant/
[1/1] <#_k-<#_k / ˈa-ˈa / n_#>-n_t_#>

-------------------

/kˈap/ - /kˈap/
[1/1] <#_k-<#_k / ˈa-ˈa / p_#>-p_#>

-------------------

/kˈar/ - /kˈar/
[1/1] <#_k-<#_k / ˈa-ˈa / r_#>-r_#>

-------------------

/kˈar/ - /kˈarn/
[1/1] <#_k-<#_k / ˈa-ˈa / r-r / #>-n_#>

-------------------

/kˈawt/ - /kˈalt/
[1/1] <#_k-<#_k / ˈa_w-ˈa_l / t_#>-t_#>

-------------------

/kˈawzɔ/ - /kˈɒzɞ/
[1/1] <#_k-<#_k / ˈa_w-ˈɒ / z-z / ɔ_#>-ɞ_#>

-------------------

/kˈazɔ/ - /kˈazɐ/
[1/1] <#_k-<#_k / ˈa-ˈa / z-z / ɔ_#>-ɐ_#>

-------------------

/kˈaŋ/ - /kˈa/
[1/1] <#_k-<#_k / ˈa_ŋ_#>-ˈa_#>

-------------------

/kˈe/ - /kˈæ/
[1/1] <#_k-<#_k / ˈe-ˈæ

-------------------

/kˈi/ - /kˈi/
[1/1] <#_k-<#_k / ˈi-ˈi

-------------------

/kˈuɔ/ - /kˈuɐ/
[1/1] <#_k-<#_k / ˈu-ˈu / ɔ_#>-ɐ_#>

-------------------

/kˈuɾt/ - /kˈuɾt/
[1/1] <#_k-<#_k / ˈu-ˈu / ɾ-ɾ / t_#>-t_#>

-------------------

/kˈyw/ - /kˈul/
[1/1] <#_k-<#_k / ˈy-ˈu / w_#>-l_#>

-------------------

/kˈɔ/ - /kˈɒr/
[1/1] <#_k-<#_k / ˈɔ-ˈɒ / ∅-r

-------------------

/kˈɔp/ - /kˈɒp/
[1/1] <#_k-<#_k / ˈɔ-ˈɒ / p_#>-p_#>

-------------------

/kˈɔr/ - /kˈɒrn/
[1/1] <#_k-<#_k / ˈɔ-ˈɒ / r-r / #>-n_#>

-------------------

/kˈɔs/ - /kˈɒs/
[1/1] <#_k-<#_k / ˈɔ-ˈɒ / s_#>-s_#>

-------------------

/kˈɔstɔ/ - /kˈɒstɞ/
[1/1] <#_k-<#_k / ˈɔ-ˈɒ / s_t-s_t / ɔ_#>-ɞ_#>

-------------------

/kˈɔt/ - /kˈɒʎ/
[1/1] <#_k-<#_k / ˈɔ-ˈɒ / t_#>-ʎ_#>

-------------------

/leˈuŋ/ - /ʎeˈo/
[1/1] <#_l-<#_ʎ / e-e / ˈu-ˈo / ŋ_#>-#>

-------------------

/lˈak/ - /ʎˈak/
[1/1] <#_l-<#_ʎ / ˈa-ˈa / k_#>-k_#>

-------------------

/lˈaŋ/ - /ʎˈanɐ/
[1/1] <#_l-<#_ʎ / ˈa-ˈa / ∅-n / ∅-ɐ / ŋ_#>-#>

-------------------

/lˈaɣɾemɔ/ - /ʎˈaɣɾimɐ/
[1/1] <#_l-<#_ʎ / ˈa-ˈa / ɣ-ɣ / ɾ-ɾ / e-i / m-m / ɔ_#>-ɐ_#>

-------------------

/lˈej/ - /ʎˈej/
[1/1] <#_l-<#_ʎ / ˈe-ˈe / j_#>-j_#>

-------------------

/lˈetɾɔ/ - /ʎˈetɾɜ/
[1/1] <#_l-<#_ʎ / ˈe-ˈe / t-t / ɾ-ɾ / ɔ_#>-ɜ_#>

-------------------

/lˈeŋɡɔ/ - /ʎˈæŋɡwɜ/
[1/1] <#_l-<#_ʎ / ˈe-ˈæ / ŋ_ɡ-ŋ_ɡ / ∅-w / ɔ_#>-ɜ_#>

-------------------

/lˈeɲɔ/ - /ʎˈeɲɜ/
[1/1] <#_l-<#_ʎ / ˈe-ˈe / ɲ-ɲ / ɔ_#>-ɜ_#>

-------------------

/lˈeʒe/ - /ʎeʤˈir/
[1/1] <#_l-<#_ʎ / ˈe-e / ʒ-ʤ / ∅-ˈi / e_#>-r_#>

-------------------

/lˈiwɾe/ - /ʎˈiwɾe/
[1/1] <#_l-<#_ʎ / ˈi_w-ˈi_w / ɾ-ɾ / e_#>-e_#>

-------------------

/lˈup/ - /ʎˈop/
[1/1] <#_l-<#_ʎ / ˈu-ˈo / p_#>-p_#>

-------------------

/lˈuŋk/ - /ʎˈoŋk/
[1/1] <#_l-<#_ʎ / ˈu-ˈo / ŋ-ŋ / k_#>-k_#>

-------------------

/lˈya/ - /ʎˈunɐ/
[1/1] <#_l-<#_ʎ / ˈy-ˈu / ∅-n / a-ɐ

-------------------

/lˈym/ - /ʎˈum/
[1/1] <#_l-<#_ʎ / ˈy-ˈu / m_#>-m_#>

-------------------

/lˈytɔ/ - /ʎˈujtɐ/
[1/1] <#_l-<#_ʎ / ˈy-ˈu / ∅-j / t-t / ɔ_#>-ɐ_#>

-------------------

/lˈyʦ/ - /ʎˈum/
[1/1] <#_l-<#_ʎ / ˈy-ˈu / ʦ-m

-------------------

/lˈɔk/ - /ʎˈɒk/
[1/1] <#_l-<#_ʎ / ˈɔ-ˈɒ / k_#>-k_#>

-------------------

/lˈɛjt/ - /ʎˈet/
[1/1] <#_l-<#_ʎ / ˈɛ_j-ˈe / t_#>-t_#>

-------------------

/lˈɛβe/ - /ʎˈeβɾɜ/
[1/1] <#_l-<#_ʎ / ˈɛ-ˈe / β-β_ɾ / e_#>-ɜ_#>

-------------------

/maðˈy/ - /maðˈur/
[1/1] <#_m-<#_m / a-a / ð-ð / ˈy_#>-ˈu_r_#>

-------------------

/me/ - /me/
[1/1] <#_m-<#_m / e_#>-e_#>

-------------------

/minʒˈa/ - /meɲʤˈar/
[1/1] <#_m-<#_m / i-e / n-ɲ / ʒ-ʤ / ˈa_#>-ˈa_r_#>

-------------------

/mjejtˈat/ - /mitˈat/
[1/1] <#_m-<#_m / j-∅ / e-i / j-∅ / t_ˈa-t_ˈa / t_#>-t_#>

-------------------

/mjˈej/ - /mˈiʧ/
[1/1] <#_m-<#_m / j-∅ / ˈe-ˈi / j_#>-ʧ_#>

-------------------

/mjˈeʎe/ - /miʎˈor/
[1/1] <#_m-<#_m / j-i / ˈe_ʎ-ʎ / ∅-ˈo / e_#>-r_#>

-------------------

/muntˈaɲɔ/ - /muntˈaɲɐ/
[1/1] <#_m-<#_m / u-u / n-n / t_ˈa-t_ˈa / ɲ-ɲ / ɔ_#>-ɐ_#>

-------------------

/museɣˈa/ - /moseɣˈar/
[1/1] <#_m-<#_m / u-o / s-s / e-e / ɣ-ɣ / ˈa_#>-ˈa_r_#>

-------------------

/muɾˈi/ - /moɾˈir/
[1/1] <#_m-<#_m / u-o / ɾ-ɾ / ˈi_#>-ˈi_r_#>

-------------------

/muʎˈɛ/ - /muʎˈer/
[1/1] <#_m-<#_m / u-u / ʎ-ʎ / ˈɛ_#>-ˈe_r_#>

-------------------

/mˈa/ - /mˈar/
[1/1] <#_m-<#_m / ˈa_#>-ˈa_r_#>

-------------------

/mˈajr/ - /mˈaɾe/
[1/1] <#_m-<#_m / ˈa_j-ˈa_ɾ / r_#>-e_#>

-------------------

/mˈaŋ/ - /mˈa/
[1/1] <#_m-<#_m / ˈa_ŋ_#>-ˈa_#>

-------------------

/mˈikɔ/ - /mˈikɐ/
[1/1] <#_m-<#_m / ˈi-ˈi / k-k / ɔ_#>-ɐ_#>

-------------------

/mˈil/ - /mˈil/
[1/1] <#_m-<#_m / ˈi-ˈi / l-l

-------------------

/mˈuskɔ/ - /mˈoskɞ/
[1/1] <#_m-<#_m / ˈu-ˈo / s_k-s_k / ɔ_#>-ɞ_#>

-------------------

/mˈɔrt/ - /mˈɒrt/
[1/1] <#_m-<#_m / ˈɔ-ˈɒ / r-r / t_#>-t_#>

-------------------

/mˈɛw/ - /mˈæl/
[1/1] <#_m-<#_m / ˈɛ-ˈæ / w_#>-l_#>

-------------------

/mˈɛʤe/ - /mˈeʤɜ/
[1/1] <#_m-<#_m / ˈɛ-ˈe / ʤ-ʤ / e_#>-ɜ_#>

-------------------

/naðˈa/ - /neðˈar/
[1/1] <#_n-<#_n / a-e / ð-ð / ˈa_#>-ˈa_r_#>

-------------------

/nuzˈawtes/ - /nozˈaltɾes/
[1/1] <#_n-<#_n / u-o / z_ˈa-z_ˈa / w_t-l_t / e-ɾ_e / s_#>-s_#>

-------------------

/nuŋ/ - /nˈo/
[1/1] <#_n-<#_n / u-ˈo / ŋ_#>-#>

-------------------

/nwˈejt/ - /nˈit/
[1/1] <#_n-<#_n / w-∅ / ˈe_j_t-ˈi_t

-------------------

/nˈas/ - /nˈas/
[1/1] <#_n-<#_n / ˈa-ˈa / s_#>-s_#>

-------------------

/nˈaw/ - /nˈɒw/
[2/2] <#_n-<#_n / ˈa_w-ˈɒ_w

-------------------

/nˈeɣɾe/ - /nˈæɣɾɜ/
[1/1] <#_n-<#_n / ˈe-ˈæ / ɣ-ɣ / ɾ-ɾ / e_#>-ɜ_#>

-------------------

/nˈum/ - /nˈɒm/
[1/1] <#_n-<#_n / ˈu-ˈɒ / m_#>-m_#>

-------------------

/nˈuʦ/ - /nˈɒw/
[1/1] <#_n-<#_n / ˈu-ˈɒ / ʦ_#>-w_#>

-------------------

/nˈyβlɔ/ - /nˈuvol/
[1/1] <#_n-<#_n / ˈy-ˈu / β-v / ∅-o / l-l / ɔ-∅

-------------------

/nˈɔste/ - /nˈɒstɾɞ/
[1/1] <#_n-<#_n / ˈɔ-ˈɒ / s-s / t_e-t_ɾ / #>-ɞ_#>

-------------------

/nˈɛjʃe/ - /nˈeʃer/
[1/1] <#_n-<#_n / ˈɛ-ˈe / j_ʃ-ʃ / e-e_r

-------------------

/nˈɛw/ - /nˈew/
[1/1] <#_n-<#_n / ˈɛ-ˈe / w_#>-w_#>

-------------------

/paɾˈawlɔ/ - /paɾˈawlɐ/
[1/1] <#_p-<#_p / a-a / ɾ-ɾ / ˈa-ˈa / w-w / l-l / ɔ_#>-ɐ_#>

-------------------

/petˈit/ - /petˈit/
[1/1] <#_p-<#_p / e-e / t-t / ˈi-ˈi / t_#>-t_#>

-------------------

/peðˈuʎ/ - /pˈoʎ/
[1/1] <#_p-<#_p / e-∅ / ð-∅ / ˈu-ˈo / ʎ_#>-ʎ_#>

-------------------

/pjˈɛt/ - /pˈit/
[1/1] <#_p-<#_p / j_ˈɛ-ˈi / t_#>-t_#>

-------------------

/pluɾˈa/ - /ploɾˈar/
[1/1] <#_p-<#_p / l-l / u-o / ɾ-ɾ / ˈa_#>-ˈa_r_#>

-------------------

/plˈaɣɔ/ - /plˈaɣɐ/
[1/1] <#_p-<#_p / l_ˈa-l_ˈa / ɣ-ɣ / ɔ_#>-ɐ_#>

-------------------

/plˈaɲe/ - /plˈaɲer/
[1/1] <#_p-<#_p / l_ˈa-l_ˈa / ɲ-ɲ / e-e_r

-------------------

/plˈeŋ/ - /plˈæ/
[1/1] <#_p-<#_p / l-l / ˈe-ˈæ / ŋ_#>-#>

-------------------

/plˈuʒɔ/ - /plˈuʤɐ/
[1/1] <#_p-<#_p / l-l / ˈu-ˈu / ʒ-ʤ / ɔ_#>-ɐ_#>

-------------------

/plˈymɔ/ - /plˈomɞ/
[1/1] <#_p-<#_p / l-l / ˈy-ˈo / m-m / ɔ_#>-ɞ_#>

-------------------

/plˈymɔ/ - /pˈæɲɜ/
[1/1] <#_p-<#_p / l-∅ / ˈy-ˈæ / m-ɲ / ɔ_#>-ɜ_#>

-------------------

/pwˈej/ - /pˈuʧ/
[1/1] <#_p-<#_p / w_ˈe-ˈu / j_#>-ʧ_#>

-------------------

/pɾˈawβe/ - /pˈɒβɾɞ/
[1/1] <#_p-<#_p / ɾ-∅ / ˈa_w-ˈɒ / β_e-β_ɾ / #>-ɞ_#>

-------------------

/pɾˈɛʦ/ - /pɾˈæw/
[1/1] <#_p-<#_p / ɾ-ɾ / ˈɛ-ˈæ / ʦ_#>-w_#>

-------------------

/pˈajr/ - /pˈaɾe/
[1/1] <#_p-<#_p / ˈa_j-ˈa_ɾ / r_#>-e_#>

-------------------

/pˈawk/ - /pˈɒk/
[1/1] <#_p-<#_p / ˈa_w-ˈɒ / k_#>-k_#>

-------------------

/pˈaŋ/ - /pˈa/
[1/1] <#_p-<#_p / ˈa_ŋ_#>-ˈa_#>

-------------------

/pˈaʦ/ - /pˈaw/
[1/1] <#_p-<#_p / ˈa-ˈa / ʦ_#>-w_#>

-------------------

/pˈejʃ/ - /pˈejʃ/
[1/1] <#_p-<#_p / ˈe-ˈe / j-j / ʃ_#>-ʃ_#>

-------------------

/pˈenɔ/ - /pˈænɜ/
[1/1] <#_p-<#_p / ˈe_n-ˈæ_n / ɔ_#>-ɜ_#>

-------------------

/pˈersek/ - /pɾˈesek/
[1/1] <#_p-<#_p / ˈe-ɾ_ˈe / r-∅ / s-s / e-e / k_#>-k_#>

-------------------

/pˈew/ - /pˈæl/
[1/1] <#_p-<#_p / ˈe-ˈæ / w_#>-l_#>

-------------------

/pˈun/ - /pˈɒnt/
[1/1] <#_p-<#_p / ˈu-ˈɒ / n_#>-n_t_#>

-------------------

/pˈundɾe/ - /pˈɒndɾɞ/
[1/1] <#_p-<#_p / ˈu_n-ˈɒ_n / d_ɾ-d_ɾ / e-∅ / #>-ɞ_#>

-------------------

/pˈuðe/ - /poðˈær/
[1/1] <#_p-<#_p / ˈu-o / ð-ð / ∅-ˈæ / e_#>-r_#>

-------------------

/pˈyn/ - /pˈunt/
[1/1] <#_p-<#_p / ˈy-ˈu / n_#>-n_t_#>

-------------------

/pˈyɲ/ - /pˈuɲ/
[1/1] <#_p-<#_p / ˈy-ˈu / ɲ_#>-ɲ_#>

-------------------

/pˈyʦ/ - /pˈow/
[1/1] <#_p-<#_p / ˈy-ˈo / ʦ_#>-w_#>

-------------------

/pˈɔrk/ - /pˈɒrk/
[1/1] <#_p-<#_p / ˈɔ-ˈɒ / r-r / k_#>-k_#>

-------------------

/pˈɛ/ - /pˈæw/
[1/1] <#_p-<#_p / ˈɛ-ˈæ / ∅-w

-------------------

/pˈɛjɾɔ/ - /pˈeðɾɜ/
[1/1] <#_p-<#_p / ˈɛ-ˈe / j-ð / ɾ-ɾ / ɔ_#>-ɜ_#>

-------------------

/pˈɛt/ - /pˈeʎ/
[1/1] <#_p-<#_p / ˈɛ-ˈe / t_#>-ʎ_#>

-------------------

/salˈyt/ - /salˈut/
[1/1] <#_s-<#_s / a-a / l-l / ˈy-ˈu / t_#>-t_#>

-------------------

/saβˈe/ - /saβˈær/
[1/1] <#_s-<#_s / a-a / β_ˈe-β_ˈæ / ∅-r

-------------------

/semːˈanɔ/ - /semːˈanɐ/
[1/1] <#_s-<#_s / e-e / mː-mː / ˈa_n-ˈa_n / ɔ_#>-ɐ_#>

-------------------

/serjˈezɔ/ - /siɾˈeɾɜ/
[1/1] <#_s-<#_s / e-i / r-ɾ / j_ˈe-ˈe / z-ɾ / ɔ_#>-ɜ_#>

-------------------

/serkˈa/ - /serkˈar/
[1/1] <#_s-<#_s / e-e / r-r / k-k / ˈa_#>-ˈa_r_#>

-------------------

/seɣˈy/ - /seɣˈur/
[1/1] <#_s-<#_s / e-e / ɣ-ɣ / ˈy_#>-ˈu_r_#>

-------------------

/seɾˈizɔ/ - /siɾˈeɾɜ/
[1/1] <#_s-<#_s / e-i / ɾ-ɾ / ˈi-ˈe / z-ɾ / ɔ_#>-ɜ_#>

-------------------

/siwtˈat/ - /siwtˈat/
[1/1] <#_s-<#_s / i-i / w-w / t_ˈa-t_ˈa / t_#>-t_#>

-------------------

/siŋkwˈantɔ/ - /siŋkwˈantɐ/
[1/1] <#_s-<#_s / i-i / ŋ-ŋ / k-k / w-w / ˈa_n-ˈa_n / t-t / ɔ_#>-ɐ_#>

-------------------

/sjˈɛs/ - /sˈis/
[1/1] <#_s-<#_s / j_ˈɛ-ˈi / s_#>-s_#>

-------------------

/sufɾˈi/ - /sofɾˈir/
[1/1] <#_s-<#_s / u-o / f-f / ɾ-ɾ / ˈi_#>-ˈi_r_#>

-------------------

/suɾˈɛʎ/ - /solˈæʎ/
[1/1] <#_s-<#_s / u-o / ɾ-l / ˈɛ-ˈæ / ʎ_#>-ʎ_#>

-------------------

/sˈan/ - /sˈant/
[1/1] <#_s-<#_s / ˈa-ˈa / n_#>-n_t_#>

-------------------

/sˈanɔ/ - /sˈanɐ/
[1/1] <#_s-<#_s / ˈa_n-ˈa_n / ɔ_#>-ɐ_#>

-------------------

/sˈaw/ - /sˈal/
[1/1] <#_s-<#_s / ˈa-ˈa / w_#>-l_#>

-------------------

/sˈawsɔ/ - /sˈalsɐ/
[1/1] <#_s-<#_s / ˈa_w-ˈa_l / s-s / ɔ_#>-ɐ_#>

-------------------

/sˈaŋ/ - /sˈa/
[1/1] <#_s-<#_s / ˈa_ŋ_#>-ˈa_#>

-------------------

/sˈaŋk/ - /sˈaŋk/
[1/1] <#_s-<#_s / ˈa-ˈa / ŋ-ŋ / k_#>-k_#>

-------------------

/sˈaβi/ - /sˈavi/
[1/1] <#_s-<#_s / ˈa-ˈa / β-v / i-i

-------------------

/sˈek/ - /sˈæk/
[1/1] <#_s-<#_s / ˈe-ˈæ / k_#>-k_#>

-------------------

/sˈekɔ/ - /sˈækɜ/
[1/1] <#_s-<#_s / ˈe_k-ˈæ_k / ɔ_#>-ɜ_#>

-------------------

/sˈen/ - /sˈent/
[1/1] <#_s-<#_s / ˈe-ˈe / n_#>-n_t_#>

-------------------

/sˈendɾe/ - /sˈændɾɜ/
[1/1] <#_s-<#_s / ˈe_n-ˈæ_n / d_ɾ-d_ɾ / e_#>-ɜ_#>

-------------------

/sˈeðɔ/ - /sˈæðɜ/
[1/1] <#_s-<#_s / ˈe-ˈæ / ð-ð / ɔ_#>-ɜ_#>

-------------------

/sˈeɾɔ/ - /sˈeɾɜ/
[1/1] <#_s-<#_s / ˈe-ˈe / ɾ-ɾ / ɔ_#>-ɜ_#>

-------------------

/sˈiŋk/ - /sˈiŋk/
[1/1] <#_s-<#_s / ˈi-ˈi / ŋ-ŋ / k_#>-k_#>

-------------------

/sˈo/ - /sˈɒl/
[1/1] <#_s-<#_s / ∅-ˈɒ / ˈo-l

-------------------

/sˈyβɾe/ - /sˈoβɾɞ/
[1/1] <#_s-<#_s / ˈy-ˈo / β_ɾ-β_ɾ / e-∅ / #>-ɞ_#>

-------------------

/sˈɛt/ - /sˈæt/
[1/1] <#_s-<#_s / ˈɛ-ˈæ / t_#>-t_#>

-------------------

/sˈɛw/ - /sˈæl/
[1/1] <#_s-<#_s / ˈɛ-ˈæ / w_#>-l_#>

-------------------

/tusˈi/ - /tosˈir/
[1/1] <#_t-<#_t / u-o / s-s / ˈi_#>-ˈi_r_#>

-------------------

/twˈa/ - /matˈar/
[1/1] <#-<#_m / ∅-a / t-t / w-∅ / ˈa_#>-ˈa_r_#>

-------------------

/tɾˈes/ - /tɾˈæs/
[1/1] <#_t-<#_t / ɾ_ˈe-ɾ_ˈæ / s_#>-s_#>

-------------------

/tˈawr/ - /tˈɒr/
[1/1] <#_t-<#_t / ˈa_w-ˈɒ / r_#>-r_#>

-------------------

/tˈems/ - /tˈems/
[1/1] <#_t-<#_t / ˈe-ˈe / m-m / s_#>-s_#>

-------------------

/tˈut/ - /tˈot/
[1/1] <#_t-<#_t / ˈu-ˈo / t_#>-t_#>

-------------------

/tˈuts/ - /tˈots/
[1/1] <#_t-<#_t / ˈu-ˈo / t-t / s_#>-s_#>

-------------------

/tˈy/ - /tˈu/
[1/1] <#_t-<#_t / ˈy-ˈu

-------------------

/tˈɛra/ - /tˈærɜ/
[1/1] <#_t-<#_t / ˈɛ-ˈæ / r-r / a-∅ / #>-ɜ_#>

-------------------

/tˈɛstɔ/ - /tˈestɜ/
[1/1] <#_t-<#_t / ˈɛ-ˈe / s_t-s_t / ɔ_#>-ɜ_#>

-------------------

/uβɾˈɛ/ - /obɾˈer/
[1/1] u-o / β-b / ɾ-ɾ / ˈɛ_#>-ˈe_r_#>

-------------------

/wˈejt/ - /wˈit/
[1/1] w-w / ˈe_j_t-ˈi_t

-------------------

/wˈew/ - /ˈɒw/
[1/1] <#_w-<# / ˈe-ˈɒ / w_#>-w_#>

-------------------

/wˈeʎ/ - /ˈuʎ/
[1/1] <#_w-<#_ˈu / ˈe-∅ / ʎ_#>-ʎ_#>

-------------------

/wˈeʎs/ - /ˈuʎs/
[1/1] <#_w-<#_ˈu / ˈe_ʎ-ʎ / s_#>-s_#>

-------------------

/wˈeʎɔ/ - /ovˈæʎɜ/
[1/1] <#_w-<# / ∅-o / ∅-v / ˈe-ˈæ / ʎ-ʎ / ɔ_#>-ɜ_#>

-------------------

/ɡlasˈa/ - /ɡlasˈar/
[1/1] <#_ɡ-<#_ɡ / l-l / a-a / s-s / ˈa_#>-ˈa_r_#>

-------------------

/ɡlˈas/ - /ɡlˈas/
[1/1] <#_ɡ-<#_ɡ / l_ˈa-l_ˈa / s_#>-s_#>

-------------------

/ɡrˈaŋ/ - /ɡɾˈa/
[1/1] <#_ɡ-<#_ɡ / r_ˈa-ɾ_ˈa / ŋ_#>-#>

-------------------

/ɡrˈaŋ/ - /ɡɾˈan/
[1/1] <#_ɡ-<#_ɡ / r_ˈa-ɾ_ˈa / ∅-n / ŋ_#>-#>

-------------------

/ɡɾˈɔk/ - /ɡɾˈɒk/
[1/1] <#_ɡ-<#_ɡ / ɾ-ɾ / ˈɔ-ˈɒ / k_#>-k_#>

-------------------

/ɡɾˈɔs/ - /ɡɾˈɒs/
[1/1] <#_ɡ-<#_ɡ / ɾ-ɾ / ˈɔ-ˈɒ / s_#>-s_#>

-------------------

/ɡɾˈɛjʃ/ - /ɡɾˈejʃ/
[1/1] <#_ɡ-<#_ɡ / ɾ-ɾ / ˈɛ-ˈe / j-j / ʃ_#>-ʃ_#>

-------------------

/ɡˈaj/ - /ɡˈɒʧ/
[1/1] <#_ɡ-<#_ɡ / ˈa-ˈɒ / j_#>-ʧ_#>

-------------------

/ɡˈat/ - /ɡˈat/
[1/1] <#_ɡ-<#_ɡ / ˈa-ˈa / t_#>-t_#>

-------------------

/ɡˈulɔ/ - /ɡˈolɞ/
[1/1] <#_ɡ-<#_ɡ / ˈu-ˈo / l-l / ɔ_#>-ɞ_#>

-------------------

/ɡˈutɔ/ - /ɡˈotɞ/
[1/1] <#_ɡ-<#_ɡ / ˈu-ˈo / t-t / ɔ_#>-ɞ_#>

-------------------

/ʃˈejs/ - /sˈis/
[1/1] ʃ_<#-<# / ˈe-s / j-ˈi / s_#>-s_#>

-------------------

/ʎeβˈa/ - /ʎevˈar/
[1/1] ʎ-ʎ / e-e / β-v / ˈa_#>-ˈa_r_#>

-------------------

/ʎˈejt/ - /ʎˈit/
[1/1] ʎ-ʎ / ˈe_j_t-ˈi_t

-------------------

/ʒelˈa/ - /ʤelˈar/
[1/1] <#_ʒ-<#_ʤ / e-e / l-l / ˈa_#>-ˈa_r_#>

-------------------

/ʒwˈeŋ/ - /ʤˈovɞ/
[1/1] <#_ʒ-<#_ʤ / w-∅ / ˈe-ˈo / ŋ-v / #>-ɞ_#>

-------------------

/ʒˈendɾe/ - /ʤˈændɾɜ/
[1/1] <#_ʒ-<#_ʤ / ˈe_n-ˈæ_n / d_ɾ-d_ɾ / e_#>-ɜ_#>

-------------------

/ʒˈuʎ/ - /ʤenˈoʎ/
[1/1] <#_ʒ-<#_ʤ / ∅-e / ∅-n / ˈu-ˈo / ʎ_#>-ʎ_#>

-------------------

/ʒˈyn/ - /ʤˈunt/
[1/1] <#_ʒ-<#_ʤ / ˈy-ˈu / n_#>-n_t_#>

-------------------

/ʒˈyɲ/ - /ʤˈuɲ/
[1/1] <#_ʒ-<#_ʤ / ˈy-ˈu / ɲ_#>-ɲ_#>

-------------------

/ʒˈyʤe/ - /ʤˈuʤe/
[1/1] <#_ʒ-<#_ʤ / ˈy-ˈu / ʤ-ʤ / e_#>-e_#>

-------------------

/ʒˈɔ/ - /ʤˈɒ/
[1/1] <#_ʒ-<#_ʤ / ˈɔ-ˈɒ

-------------------

/ʒˈɔk/ - /ʤˈɒk/
[1/1] <#_ʒ-<#_ʤ / ˈɔ-ˈɒ / k_#>-k_#>

-------------------

/ʒˈɛw/ - /ʤˈɛl/
[1/1] <#_ʒ-<#_ʤ / ˈɛ-ˈɛ / w_#>-l_#>

-------------------

/ˈajɣɔ/ - /ˈajɣwɐ/
[1/1] <#_ˈa-<#_ˈa / j-j / ɣ-ɣ_w / ɔ_#>-ɐ_#>

-------------------

/ˈanʒu/ - /ˈaɲʤel/
[1/1] <#_ˈa-<#_ˈa / n-ɲ / ʒ-ʤ / ∅-e / u-l

-------------------

/ˈawkɔ/ - /ˈɒkɞ/
[1/1] <#_ˈa_w-<#_ˈɒ / k-k / ɔ_#>-ɞ_#>

-------------------

/ˈawr/ - /ˈɒr/
[1/1] <#_ˈa_w-<#_ˈɒ / r_#>-r_#>

-------------------

/ˈawte/ - /ˈaltɾe/
[1/1] <#_ˈa-<#_ˈa / w_t-l_t / ∅-ɾ / e_#>-e_#>

-------------------

/ˈawβɔ/ - /ˈalβɐ/
[1/1] <#_ˈa-<#_ˈa / w-l / β-β / ɔ_#>-ɐ_#>

-------------------

/ˈaŋ/ - /ˈaɲ/
[1/1] <#_ˈa-<#_ˈa / ∅-ɲ / ŋ_#>-#>

-------------------

/ˈaɾβe/ - /ˈaβɾe/
[1/1] <#_ˈa-<#_ˈa / ɾ-∅ / β-β_ɾ / e_#>-e_#>

-------------------

/ˈaʎ/ - /ˈaʎ/
[1/1] <#_ˈa-<#_ˈa / ʎ_#>-ʎ_#>

-------------------

/ˈet/ - /ˈeʎ/
[1/1] <#_ˈe-<#_ˈe / t_#>-ʎ_#>

-------------------

/ˈeɾɔ/ - /ˈeʎɜ/
[1/1] <#_ˈe-<#_ˈe / ɾ_ɔ-ʎ_ɜ

-------------------

/ˈizlɔ/ - /ˈiʎɐ/
[1/1] ˈi_z-ˈi / l-ʎ / ɔ_#>-ɐ_#>

-------------------

/ˈus/ - /ˈos/
[1/1] ˈu-ˈo / s_#>-s_#>

-------------------

/ˈyŋ/ - /ˈu/
[1/1] ˈy-ˈu / ŋ_#>-#>

-------------------

/ˈyŋɡlɔ/ - /ˈuŋɡlɐ/
[1/1] ˈy-ˈu / ŋ_ɡ-ŋ_ɡ / l-l / ɔ_#>-ɐ_#>

-------------------

/ˈɔmi/ - /ˈɒmɞ/
[1/1] <#_ˈɔ-<#_ˈɒ / m_i-m / #>-ɞ_#>

-------------------

/ˈɔs/ - /ˈɒs/
[1/1] <#_ˈɔ-<#_ˈɒ / s_#>-s_#>

-------------------

/ˈɔβɾɔ/ - /ˈɒβɾɞ/
[1/1] <#_ˈɔ-<#_ˈɒ / β_ɾ-β_ɾ / ɔ_#>-ɞ_#>

-------------------

/ˈɛrβɔ/ - /ˈerβɜ/
[1/1] ˈɛ-ˈe / r-r / β-β / ɔ_#>-ɜ_#>

-------------------

