/b̥lˈaːð/ - /blˈɒːɾ/
b̥-b / l-l / ˈaː-ˈɒː / ð-ɾ
b̥-b / l-l / ˈaː-ˈɒː / ð-∅ / ∅-ɾ

-------------------

/b̥lˈoːu̯m/ - /blˈuə̯mə/
b̥-b / l-l / ˈoːu̯-ˈuə̯ / m-m / ∅-ə

-------------------

/b̥lˈoːu̯ð/ - /blˈuə̯t/
b̥-b / l-l / ˈoːu̯-ˈuə̯ / ð-t

-------------------

/b̥rjˈoːu̯st/ - /bˈɔɾst/
b̥-b / ∅-ˈɔ / r-ɾ / j-∅ / ˈoːu̯-∅ / s-s / t-t

-------------------

/b̥rˈoːu̯ðɪr̥/ - /bɾˈuə̯ɾ/
b̥-b / r-ɾ / ˈoːu̯-ˈuə̯ / ð-∅ / ɪ-∅ / r̥-ɾ
b̥-b / r-ɾ / ˈoːu̯-ˈuə̯ / ð-∅ / ɪ_r̥-ɾ

-------------------

/b̥rˈœːy̯ð/ - /bɾˈoːt/
b̥-b / r-ɾ / ˈœːy̯-ˈoː / ð-t

-------------------

/b̥rˈɪɟ̊ɟ̊a/ - /bɾˈœɦə/
b̥-b / r-ɾ / ˈɪ-ˈœ / ɟ̊-ɦ / ɟ̊-∅ / a-ə

-------------------

/b̥ˈaðmʏr̥/ - /bˈoːm/
b̥-b / ˈa-ˈoː / ð-∅ / m_ʏ-m / r̥-∅

-------------------

/b̥ˈaːð/ - /bˈɑt/
b̥-b / ˈaː-ˈɑ / ð-t

-------------------

/b̥ˈiː/ - /bˈiə̯/
b̥-b / ˈiː-ˈiə̯

-------------------

/b̥ˈiːta/ - /bˈitn̩/
b̥-b / ˈiː-ˈi / t-t / a-n

-------------------

/b̥ˈoːu̯k/ - /bˈuə̯k/
b̥-b / ˈoːu̯-ˈuə̯ / k-k

-------------------

/b̥ˈɛrɡ̊/ - /bˈæɾh/
b̥-b / ˈɛ-ˈæ / r-ɾ / ɡ̊-h

-------------------

/b̥ˈɛːi̯n/ - /bˈɛːn/
b̥-b / ˈɛːi̯-ˈɛː / n-n

-------------------

/b̥ˈɛːtrɪ/ - /bˈeːtəɾ/
b̥-b / ˈɛː-ˈeː / t-t / r-∅ / ɪ-ə / ∅-ɾ

-------------------

/cʰˈiːr̥/ - /kˈuə̯/
cʰ-k / ˈiː-ˈuə̯ / r̥-∅

-------------------

/cʰˈuʰkliŋɡ̊ʏr̥/ - /kˈiə̯kn̩/
cʰ-k / ˈu-ˈiə̯ / ʰk-k / l-∅ / i-n / ŋ-∅ / ɡ̊-∅ / ʏ-∅ / r̥-∅

-------------------

/cʰˈɪr̥ca/ - /kˈæɾkə/
cʰ-k / ˈɪ-ˈæ / r̥-ɾ / c-k / a-ə

-------------------

/d̥jˈuːpʏr̥/ - /dˈiə̯p/
d̥-d / j-ˈiə̯ / ˈuː-∅ / p_ʏ-p / r̥-∅
d̥-d / j_ˈuː-ˈiə̯ / p_ʏ-p / r̥-∅

-------------------

/d̥rˈœːy̯mʏr̥/ - /dɾˈoːm/
d̥-d / r-ɾ / ˈœːy̯-ˈoː / m_ʏ-m / r̥-∅

-------------------

/d̥rˈɛʰka/ - /dɾˈɪŋkn̩/
d̥-d / r-ɾ / ˈɛ-ˈɪ / ∅-ŋ / ʰk-k / a-n

-------------------

/d̥ˈaːɣʏr̥/ - /dˈɑh/
d̥-d / ˈaː-ˈɑ / ɣ_ʏ-h / r̥-∅

-------------------

/d̥ˈiːr̥/ - /dˈiə̯ɾ/
d̥-d / ˈiː-ˈiə̯ / r̥-ɾ

-------------------

/d̥ˈiːr̥/ - /dˈiə̯ɾə/
d̥-d / ˈiː-ˈiə̯ / r̥-ɾ / ∅-ə

-------------------

/d̥ˈœːy̯ðʏr̥/ - /dˈoːt/
d̥-d / ˈœːy̯-ˈoː / ð_ʏ-t / r̥-∅

-------------------

/d̥ˈɔu̯ʰtɪr̥/ - /dˈɔhtɾ̩/
d̥-d / ˈɔu̯-ˈɔ / ʰt-h_t / ɪ-∅ / r̥-ɾ
d̥-d / ˈɔu̯-ˈɔ / ∅-h / ʰt-t / ɪ-∅ / r̥-ɾ
d̥-d / ˈɔu̯-ˈɔ / ∅-h / ʰt-t / ɪ_r̥-ɾ

-------------------

/fjˈoːu̯rɪr̥/ - /vˈiə̯ɾə/
f-v / j-ˈiə̯ / ˈoːu̯-∅ / r-ɾ / ɪ-ə / r̥-∅
f-v / j_ˈoːu̯-ˈiə̯ / r-ɾ / ɪ-ə / r̥-∅

-------------------

/fljˈuːa/ - /vlˈiə̯ɦn̩/
f-v / l-l / j-ˈiə̯ / ˈuː-∅ / a-ɦ_n
f-v / l-l / j-ˈiə̯ / ˈuː-∅ / ∅-ɦ / a-n
f-v / l-l / j_ˈuː-ˈiə̯ / ∅-ɦ / a-n

-------------------

/flˈʏːɣa/ - /vlˈiə̯ɦə/
f-v / l-l / ˈʏː-ˈiə̯ / ɣ-ɦ / a-ə

-------------------

/frjˈoːu̯sa/ - /vɾˈiə̯zn̩/
f-v / r-ɾ / j-ˈiə̯ / ˈoːu̯-∅ / s-z / a-n
f-v / r-ɾ / j_ˈoːu̯-ˈiə̯ / s-z / a-n

-------------------

/frˈai̯nd̥ɪ/ - /vɾˈiə̯nt/
f-v / r-ɾ / ˈai̯-ˈiə̯ / n-n / d̥-t / ɪ-∅

-------------------

/fˈaːi̯tʏr̥/ - /vˈuə̯tn̩/
f-v / ˈaːi̯-ˈuə̯ / t-t / ʏ-∅ / r̥-n
f-v / ˈaːi̯-ˈuə̯ / t-t / ʏ-∅ / r̥-∅ / ∅-n

-------------------

/fˈaːðɪr̥/ - /vˈɒːdɾ̩/
f-v / ˈaː-ˈɒː / ð-d / ɪ-∅ / r̥-ɾ
f-v / ˈaː-ˈɒː / ð-d / ɪ_r̥-ɾ

-------------------

/fˈiŋɡ̊ʏr̥/ - /vˈɪŋɾ̩/
f-v / ˈi-ˈɪ / ŋ-ŋ / ɡ̊-∅ / ʏ-∅ / r̥-ɾ

-------------------

/fˈou̯l̥k/ - /vˈɔwk/
f-v / ˈou̯-ˈɔ / l̥-w / k-k

-------------------

/fˈoːu̯tʏr̥/ - /vˈuə̯t/
f-v / ˈoːu̯-ˈuə̯ / t-t / ʏ-∅ / r̥-∅

-------------------

/fˈɛr̥skʏr̥/ - /vˈæɾs/
f-v / ˈɛ-ˈæ / r̥-ɾ / s-s / k-∅ / ʏ-∅ / r̥-∅
f-v / ˈɛ-ˈæ / r̥-ɾ / s_k-s / ʏ-∅ / r̥-∅

-------------------

/fˈɪlɟ̊a/ - /vˈɔlɦn̩/
f-v / ˈɪ-ˈɔ / l-l / ɟ̊-ɦ / a-n

-------------------

/fˈɪm/ - /vˈœvə/
f-v / ˈɪ-ˈœ / m-∅ / ∅-v / ∅-ə

-------------------

/fˈɪskʏr̥/ - /vˈɛs/
f-v / ˈɪ-ˈɛ / s-s / k-∅ / ʏ-∅ / r̥-∅
f-v / ˈɪ-ˈɛ / s_k-s / ʏ-∅ / r̥-∅

-------------------

/fˈʏtl̥ʏr̥/ - /vˈœl/
f-v / ˈʏ-ˈœ / t-∅ / l̥-l / ʏ-∅ / r̥-∅
f-v / ˈʏ_t-ˈœ / l̥-l / ʏ-∅ / r̥-∅

-------------------

/fˈʏɡ̊l̥/ - /vˈøːɦəl/
f-v / ˈʏ-ˈøː / ɡ̊-ɦ / ∅-ə / l̥-l

-------------------

/fˈʏːnɪ/ - /vˈiə̯ɾ/
f-v / ˈʏː-ˈiə̯ / n-∅ / ɪ-ɾ

-------------------

/hˈuŋɡ̊ʏr̥/ - /ˈuŋɾ̩/
h-∅ / ˈu-ˈu / ŋ-ŋ / ɡ̊-∅ / ʏ-∅ / r̥-ɾ

-------------------

/hˈuːs/ - /ˈyːs/
h-∅ / ˈuː-ˈyː / s-s

-------------------

/hˈœnd̥/ - /ˈɑnt/
h-∅ / ˈœ-ˈɑ / n-n / d̥-t

-------------------

/hˈœːvʏð/ - /kˈɔp/
h-k / ˈœː-ˈɔ / v-p / ʏ-∅ / ð-∅

-------------------

/hˈœːvʏð/ - /ˈoːft/
h-∅ / ˈœː-ˈoː / v-f / ʏ_ð-t

-------------------

/hˈɑːu̯r̥/ - /ˈɒːɾ/
h-∅ / ˈɑːu̯-ˈɒː / r̥-ɾ

-------------------

/hˈɔrtn̥/ - /ˈoːɾn/
h-∅ / ˈɔ-ˈoː / r-ɾ / t-∅ / n̥-n

-------------------

/hˈɛlɡ̊ʏr̥/ - /ˈɛləç/
h-∅ / ˈɛ-ˈɛ / l-l / ∅-ə / ɡ̊-ç / ʏ-∅ / r̥-∅
h-∅ / ˈɛ-ˈɛ / l-l_ə / ɡ̊-ç / ʏ-∅ / r̥-∅

-------------------

/hˈɛːi̯mʏr̥/ - /ɦˈeːm/
h-ɦ / ˈɛːi̯-ˈeː / m_ʏ-m / r̥-∅

-------------------

/hˈɛːi̯ra/ - /ˈoːɾn̩/
h-∅ / ˈɛːi̯-ˈoː / r-ɾ / a-n

-------------------

/hˈʏnd̥ʏr̥/ - /ˈunt/
h-∅ / ˈʏ-ˈu / n-n / d̥_ʏ-t / r̥-∅

-------------------

/hˈʏːnɑu̯ŋɡ̊/ - /zˈɛːm/
h-z / ˈʏː-ˈɛː / n-∅ / ɑu̯-m / ŋ-∅ / ɡ̊-∅

-------------------

/jˈœrð/ - /ˈɛːɾdə/
j-ˈɛː / ˈœ-∅ / r-ɾ / ð-d / ∅-ə
j-∅ / ˈœ-ˈɛː / r-ɾ / ð-d / ∅-ə

-------------------

/jˈɛta/ - /ˈeːtn̩/
j-ˈeː / ˈɛ-∅ / t-t / a-n
j-∅ / ˈɛ-ˈeː / t-t / a-n

-------------------

/jˈɛːx/ - /ək/
j-∅ / ˈɛː-ə / x-k

-------------------

/kʰvˈaːlʏr̥/ - /ʋˈɑl/
kʰ-ʋ / v-∅ / ˈaː-ˈɑ / l_ʏ-l / r̥-∅
kʰ-ʋ / v_ˈaː-ˈɑ / l-l / ʏ-∅ / r̥-∅
kʰ-ʋ / v_ˈaː-ˈɑ / l_ʏ-l / r̥-∅

-------------------

/kʰvˈaːð/ - /ʋˈɑt/
kʰ-ʋ / v-∅ / ˈaː-ˈɑ / ð-t
kʰ-ʋ / v_ˈaː-ˈɑ / ð-t

-------------------

/kʰvˈiːtʏr̥/ - /ʋˈɛt/
kʰ-ʋ / v-∅ / ˈiː-ˈɛ / t-t / ʏ-∅ / r̥-∅

-------------------

/kʰˈald̥ʏr̥/ - /kˈut/
kʰ-k / ˈa-ˈu / l-∅ / d̥_ʏ-t / r̥-∅

-------------------

/kʰˈou̯ŋɡ̊ʏr̥/ - /kˈoːnɪŋ/
kʰ-k / ˈou̯-ˈoː / ∅-n / ŋ-ɪ / ɡ̊-ŋ / ʏ-∅ / r̥-∅

-------------------

/kʰˈɑu̯lvʏr̥/ - /kˈɔwf/
kʰ-k / ˈɑu̯-ˈɔ / l-w / v-f / ʏ-∅ / r̥-∅
kʰ-k / ˈɑu̯-ˈɔ / l-w / v_ʏ-f / r̥-∅

-------------------

/kʰˈɔrtn̥/ - /kˈoːɾn/
kʰ-k / ˈɔ-ˈoː / r-ɾ / t-∅ / n̥-n

-------------------

/lˈamb̥/ - /lˈɑm/
l-l / ˈa-ˈɑ / m-m / b̥-∅

-------------------

/lˈand̥/ - /lˈɑnt/
l-l / ˈa-ˈɑ / n-n / d̥-t

-------------------

/lˈuːs/ - /lˈyːs/
l-l / ˈuː-ˈyː / s-s

-------------------

/lˈœːy̯f/ - /lˈoːf/
l-l / ˈœːy̯-ˈoː / f-f

-------------------

/lˈɑu̯ŋɡ̊ʏr̥/ - /lˈɑŋ/
l-l / ˈɑu̯-ˈɑ / ŋ-ŋ / ɡ̊-∅ / ʏ-∅ / r̥-∅

-------------------

/lˈɪːvʏr̥/ - /lˈeːvɾ̩/
l-l / ˈɪː-ˈeː / v-v / ʏ-∅ / r̥-ɾ

-------------------

/l̥ˈaːi̯ja/ - /lˈɑhn̩/
l̥-l / ˈaːi̯-ˈɑ / j-∅ / ∅-h / a-n

-------------------

/mjˈɔu̯l̥k/ - /mˈæwk/
m-m / j-ˈæ / ˈɔu̯-w / l̥-∅ / k-k

-------------------

/mˈanːɛsca/ - /mˈɪns/
m-m / ˈa-ˈɪ / nː-n / ɛ-∅ / s-s / c-∅ / a-∅

-------------------

/mˈoːu̯ðɪr̥/ - /mˈuə̯dɾ̩/
m-m / ˈoːu̯-ˈuə̯ / ð-d / ɪ-∅ / r̥-ɾ
m-m / ˈoːu̯-ˈuə̯ / ð-d / ɪ_r̥-ɾ

-------------------

/mˈuːs/ - /mˈyːs/
m-m / ˈuː-ˈyː / s-s

-------------------

/mˈɑu̯ʰtʏr̥/ - /mˈɑht/
m-m / ˈɑu̯-ˈɑ / ʰt-h_t / ʏ-∅ / r̥-∅
m-m / ˈɑu̯-ˈɑ / ∅-h / ʰt-t / ʏ-∅ / r̥-∅

-------------------

/mˈɑːu̯nɪ/ - /mˈɒːnə/
m-m / ˈɑːu̯-ˈɒː / n-n / ɪ-ə

-------------------

/mˈʏnːʏr̥/ - /mˈunt/
m-m / ˈʏ-ˈu / nː-n / ʏ-∅ / r̥-∅ / ∅-t

-------------------

/nˈapn̥/ - /nˈɒːmə/
n-n / ˈa-ˈɒː / p-m / n̥-ə

-------------------

/nˈiːr̥/ - /nˈiə̯ʋə/
n-n / ˈiː-ˈiə̯ / r̥-ʋ / ∅-ə

-------------------

/nˈœɡ̊l/ - /nˈɒːɦəl/
n-n / ˈœ-ˈɒː / ɡ̊-ɦ / l-ə_l
n-n / ˈœ-ˈɒː / ɡ̊-ɦ / ∅-ə / l-l
n-n / ˈœ-ˈɒː / ɡ̊-ɦ_ə / l-l

-------------------

/nˈɔrðʏr̥/ - /nˈoːɾt/
n-n / ˈɔ-ˈoː / r-ɾ / ð_ʏ-t / r̥-∅

-------------------

/nˈɔu̯ʰt/ - /nˈɑht/
n-n / ˈɔu̯-ˈɑ / ʰt-h_t
n-n / ˈɔu̯-ˈɑ / ∅-h / ʰt-t

-------------------

/nˈɛːv/ - /nˈøːs/
n-n / ˈɛː-ˈøː / v-s

-------------------

/n̥jˈɛː/ - /knˈiə̯/
∅-k / n̥-n / j-ˈiə̯ / ˈɛː-∅

-------------------

/rjˈɛʰtʏr̥/ - /ɾˈæht/
r-ɾ / j-∅ / ˈɛ-ˈæ / ʰt-h_t / ʏ-∅ / r̥-∅
r-ɾ / j-∅ / ˈɛ-ˈæ / ∅-h / ʰt-t / ʏ-∅ / r̥-∅

-------------------

/rˈiːkʏr̥/ - /ɾˈik/
r-ɾ / ˈiː-ˈi / k-k / ʏ-∅ / r̥-∅

-------------------

/rˈœːy̯ðʏr̥/ - /ɾˈoːt/
r-ɾ / ˈœːy̯-ˈoː / ð_ʏ-t / r̥-∅

-------------------

/rˈɛɡ̊n̥/ - /ɾˈeːɦn̩/
r-ɾ / ˈɛ-ˈeː / ɡ̊-ɦ / n̥-n

-------------------

/rˈɛːi̯kʏr̥/ - /ɾˈoːk/
r-ɾ / ˈɛːi̯-ˈoː / k-k / ʏ-∅ / r̥-∅

-------------------

/r̥ˈiŋɡ̊ʏr̥/ - /ɾˈɪŋk/
r̥-ɾ / ˈi-ˈɪ / ŋ-ŋ / ɡ̊-k / ʏ-∅ / r̥-∅
r̥-ɾ / ˈi-ˈɪ / ŋ-ŋ / ɡ̊_ʏ-k / r̥-∅

-------------------

/r̥ˈɔsː/ - /ˈɔɾs/
r̥-∅ / ˈɔ-ˈɔ / ∅-ɾ / sː-s

-------------------

/scˈiːtʏr̥/ - /ʃhˈit/
s-ʃ / c-h / ˈiː-ˈi / t-t / ʏ-∅ / r̥-∅

-------------------

/sjˈoːu̯r̥/ - /zˈɛː/
s-z / j-ˈɛː / ˈoːu̯-∅ / r̥-∅

-------------------

/sjˈœː/ - /zˈeːvn̩/
s-z / j-∅ / ˈœː-ˈeː / ∅-v / ∅-n

-------------------

/sjˈɑːu̯/ - /zˈiə̯n/
s-z / j-ˈiə̯ / ˈɑːu̯-n

-------------------

/skˈar̥pʏr̥/ - /ʃhˈæɾp/
s-ʃ / k-h / ˈa-ˈæ / r̥-ɾ / p-p / ʏ-∅ / r̥-∅
s-ʃ / k-h / ˈa-ˈæ / r̥-ɾ / p_ʏ-p / r̥-∅

-------------------

/slˈɑu̯ŋɡ̊a/ - /slˈɑŋ/
s-s / l-l / ˈɑu̯-ˈɑ / ŋ-ŋ / ɡ̊-∅ / a-∅

-------------------

/stjˈartna/ - /stˈæɾə/
s-s / t-t / j-∅ / ˈa-ˈæ / r-ɾ / t-∅ / n-∅ / a-ə

-------------------

/stl̥ˈaːu̯/ - /slˈɒːn/
s-s / t-∅ / l̥-l / ˈaːu̯-ˈɒː / ∅-n

-------------------

/stnjˈoːu̯r̥/ - /snˈɛːw/
s-s / t-∅ / n-n / j-ˈɛː / ˈoːu̯-w / r̥-∅

-------------------

/stˈɔrmʏr̥/ - /stˈɔɾm/
s-s / t-t / ˈɔ-ˈɔ / r-ɾ / m_ʏ-m / r̥-∅

-------------------

/stˈɔu̯tl̥/ - /stˈuə̯l/
s-s / t-t / ˈɔu̯-ˈuə̯ / t-∅ / l̥-l

-------------------

/stˈɛi̯tn̥/ - /stˈɛːn/
s-s / t-t / ˈɛi̯-ˈɛː / t-∅ / n̥-n

-------------------

/svˈar̥tʏr̥/ - /zʋˈɑɾt/
s-z / v-ʋ / ˈa-ˈɑ / r̥-ɾ / t-t / ʏ-∅ / r̥-∅

-------------------

/svˈiːn/ - /zʋˈin/
s-z / v-ʋ / ˈiː-ˈi / n-n

-------------------

/svˈɛrð/ - /zʋˈɒːɾt/
s-z / v-ʋ / ˈɛ-ˈɒː / r-ɾ / ð-t

-------------------

/sˈal̥t/ - /zˈut/
s-z / ˈa-ˈu / l̥-∅ / t-t

-------------------

/sˈand̥ʏr̥/ - /zˈɑnt/
s-z / ˈa-ˈɑ / n-n / d̥_ʏ-t / r̥-∅

-------------------

/sˈaːi̯tʏr̥/ - /zˈuə̯t/
s-z / ˈaːi̯-ˈuə̯ / t-t / ʏ-∅ / r̥-∅

-------------------

/sˈiɲɟ̊a/ - /zˈɪŋn̩/
s-z / ˈi-ˈɪ / ɲ-ŋ / ɟ̊-∅ / a-n

-------------------

/sˈiːða/ - /zˈidə/
s-z / ˈiː-ˈi / ð-d / a-ə

-------------------

/sˈɑːu̯l/ - /zˈiə̯lə/
s-z / ˈɑːu̯-ˈiə̯ / l-l / ∅-ə
s-z / ˈɑːu̯-ˈiə̯ / l-l_ə

-------------------

/sˈɔːnʏr̥/ - /zˈøːnə/
s-z / ˈɔː-ˈøː / n-n / ʏ-ə / r̥-∅

-------------------

/sˈɔːva/ - /slˈɒːpn̩/
s-s / ∅-l / ˈɔː-ˈɒː / v-p / a-n

-------------------

/sˈɛks/ - /zˈɛsə/
s-z / ˈɛ-ˈɛ / k-∅ / s-s / ∅-ə
s-z / ˈɛ-ˈɛ / k_s-s / ∅-ə

-------------------

/sˈɛːi̯ja/ - /zˈɛɦn̩/
s-z / ˈɛːi̯-ˈɛ / j-∅ / a-ɦ_n
s-z / ˈɛːi̯-ˈɛ / j-∅ / ∅-ɦ / a-n

-------------------

/sˈɪstɪr̥/ - /zˈœstɾ̩/
s-z / ˈɪ-ˈœ / s-s / t-t / ɪ-∅ / r̥-ɾ
s-z / ˈɪ-ˈœ / s-s / t-t / ɪ_r̥-ɾ

-------------------

/sˈɪːtja/ - /zˈɛtn̩/
s-z / ˈɪː-ˈɛ / t-t / j-∅ / a-n

-------------------

/tʰrjˈɛː/ - /bˈoːm/
tʰ-b / r-∅ / j-ˈoː / ˈɛː-m

-------------------

/tʰvˈœː/ - /tʋˈɛː/
tʰ-t / v-ʋ / ˈœː-ˈɛː

-------------------

/tʰˈiːjʏ/ - /tˈiə̯nə/
tʰ-t / ˈiː-ˈiə̯ / j-∅ / ∅-n / ʏ-ə
tʰ-t / ˈiː-∅ / j-ˈiə̯ / ∅-n / ʏ-ə

-------------------

/tʰˈiːð/ - /tˈit/
tʰ-t / ˈiː-ˈi / ð-t

-------------------

/tʰˈou̯l̥f/ - /tʋˈɔlvə/
tʰ-t / ∅-ʋ / ˈou̯-ˈɔ / l̥-l / f-v / ∅-ə
∅-t / tʰ-ʋ / ˈou̯-ˈɔ / l̥-l / f-v / ∅-ə

-------------------

/tʰˈuŋɡ̊a/ - /tˈuŋə/
tʰ-t / ˈu-ˈu / ŋ-ŋ / ɡ̊-∅ / a-ə

-------------------

/tʰˈuʰtuɣu/ - /tʋˈiə̯ntəh/
∅-t / tʰ-ʋ / ˈu-ˈiə̯ / ∅-n / ʰt-t / u-ə / ɣ-h / u-∅

-------------------

/tʰˈœnː/ - /tˈɑnt/
tʰ-t / ˈœ-ˈɑ / nː-n / ∅-t

-------------------

/vjˈɛːr̥/ - /ʋˈidəɾ/
v-ʋ / j-ˈi / ∅-d / ˈɛː-ə / r̥-ɾ

-------------------

/vˈarmʏr̥/ - /ʋˈɑɾm/
v-ʋ / ˈa-ˈɑ / r-ɾ / m_ʏ-m / r̥-∅

-------------------

/vˈaʰtn̥/ - /ʋˈɒːtɾ̩/
v-ʋ / ˈa-ˈɒː / ʰt-t / n̥-ɾ

-------------------

/vˈɛːðʏr̥/ - /ʋˈeːɾ/
v-ʋ / ˈɛː-ˈeː / ð-∅ / ʏ-∅ / r̥-ɾ

-------------------

/vˈɛːɣʏr̥/ - /ʋˈæh/
v-ʋ / ˈɛː-ˈæ / ɣ_ʏ-h / r̥-∅

-------------------

/vˈɪnd̥ʏr̥/ - /ʋˈɪnt/
v-ʋ / ˈɪ-ˈɪ / n-n / d̥_ʏ-t / r̥-∅

-------------------

/çˈar̥ta/ - /ˈæɾtə/
ç-∅ / ˈa-ˈæ / r̥-ɾ / t-t / a-ə

-------------------

/ɟ̊ˈaːi̯s/ - /ɦˈɑnzə/
ɟ̊-ɦ / ˈaːi̯-ˈɑ / ∅-n / s-z / ∅-ə

-------------------

/ɟ̊ˈeːi̯t/ - /ɦjˈɪtə/
ɟ̊-ɦ / ˈeːi̯-j / ∅-ˈɪ / t-t / ∅-ə

-------------------

/ɟ̊ˈɛstʏr̥/ - /ɦˈɑst/
ɟ̊-ɦ / ˈɛ-ˈɑ / s-s / t-t / ʏ-∅ / r̥-∅

-------------------

/ɟ̊ˈɛːva/ - /ɦˈeːvn̩/
ɟ̊-ɦ / ˈɛː-ˈeː / v-v / a-n

-------------------

/ɡ̊rˈai̯tn̥/ - /ɦɾˈuə̯nə/
ɡ̊-ɦ / r-ɾ / ˈai̯-ˈuə̯ / t-∅ / n̥-n / ∅-ə

-------------------

/ɡ̊rˈaːs/ - /ɦɾˈɑs/
ɡ̊-ɦ / r-ɾ / ˈaː-ˈɑ / s-s

-------------------

/ɡ̊vˈʏːð/ - /ɦˈɔt/
ɡ̊-ɦ / v-∅ / ˈʏː-ˈɔ / ð-t

-------------------

/ɡ̊ˈoːu̯ðʏr̥/ - /ɦˈuə̯t/
ɡ̊-ɦ / ˈoːu̯-ˈuə̯ / ð_ʏ-t / r̥-∅

-------------------

/ɡ̊ˈʏtl̥/ - /ɦˈut/
ɡ̊-ɦ / ˈʏ-ˈu / t-t / l̥-∅

-------------------

/ɡ̊ˈʏːlʏr̥/ - /ɦˈeːl/
ɡ̊-ɦ / ˈʏː-ˈeː / l_ʏ-l / r̥-∅

-------------------

/ˈanːar̥/ - /ˈɑndəɾ/
ˈa-ˈɑ / nː-n / ∅-d / a-ə / r̥-ɾ

-------------------

/ˈarmʏr̥/ - /ˈɒːɾm/
ˈa-ˈɒː / r-ɾ / m_ʏ-m / r̥-∅

-------------------

/ˈaska/ - /ˈɑsə/
ˈa-ˈɑ / s-s / k-∅ / a-ə
ˈa-ˈɑ / s_k-s / a-ə

-------------------

/ˈaːpɪ/ - /ˈɒːp/
ˈaː-ˈɒː / p-p / ɪ-∅

-------------------

/ˈivɪr̥/ - /ˈoːvɾ̩/
ˈi-ˈoː / v-v / ɪ-∅ / r̥-ɾ
ˈi-ˈoː / v-v / ɪ_r̥-ɾ

-------------------

/ˈiːs/ - /ˈis/
ˈiː-ˈi / s-s

-------------------

/ˈuŋɡ̊ʏr̥/ - /jˈuŋk/
∅-j / ˈu-ˈu / ŋ-ŋ / ɡ̊-k / ʏ-∅ / r̥-∅
∅-j / ˈu-ˈu / ŋ-ŋ / ɡ̊_ʏ-k / r̥-∅

-------------------

/ˈuːt/ - /ˈyːt/
ˈuː-ˈyː / t-t

-------------------

/ˈœːy̯ɣa/ - /ˈoːɦə/
ˈœːy̯-ˈoː / ɣ-ɦ / a-ə

-------------------

/ˈɑu̯ʰta/ - /ˈɑhtə/
ˈɑu̯-ˈɑ / ʰt-h_t / a-ə
ˈɑu̯-ˈɑ / ∅-h / ʰt-t / a-ə

-------------------

/ˈɑːu̯r̥/ - /jˈɒːɾ/
ˈɑːu̯-j / ∅-ˈɒː / r̥-ɾ

-------------------

/ˈɔpn̥/ - /ˈoːvn̩/
ˈɔ-ˈoː / p-v / n̥-n

-------------------

/ˈɔrð/ - /ʋˈoːɾt/
∅-ʋ / ˈɔ-ˈoː / r-ɾ / ð-t

-------------------

/ˈɛi̯tn̥/ - /ˈɛːn/
ˈɛi̯-ˈɛː / t-∅ / n̥-n

-------------------

/ˈɛtl̥ɛvʏ/ - /ˈælvə/
ˈɛ-ˈæ / t-∅ / l̥-l / ɛ-∅ / v-v / ʏ-ə

-------------------

/ˈɛɡ̊ɡ̊/ - /ˈɛɦə/
ˈɛ-ˈɛ / ɡ̊-ɦ / ɡ̊-∅ / ∅-ə
ˈɛ-ˈɛ / ɡ̊-∅ / ɡ̊-ɦ / ∅-ə

-------------------

/ˈɛʰplɪ/ - /ˈɑpəl/
ˈɛ-ˈɑ / ʰp-p / l-ə_l / ɪ-∅
ˈɛ-ˈɑ / ʰp-p / l-∅ / ɪ-ə / ∅-l
ˈɛ-ˈɑ / ʰp-p / ∅-ə / l-l / ɪ-∅

-------------------

/ˈɛːi̯k/ - /ˈɛːk/
ˈɛːi̯-ˈɛː / k-k

-------------------

/ˈɛːi̯ra/ - /ˈoːɾə/
ˈɛːi̯-ˈoː / r-ɾ / a-ə

-------------------

/ˈʏtl̥/ - /ʋˈœlə/
∅-ʋ / ˈʏ-ˈœ / t-∅ / l̥-l / ∅-ə
∅-ʋ / ˈʏ_t-ˈœ / l̥-l / ∅-ə

-------------------

/ˈʏɡ̊la/ - /ˈyːl/
ˈʏ-ˈyː / ɡ̊-∅ / l-l / a-∅

-------------------

/θjˈoːu̯vʏr̥/ - /dˈiə̯f/
θ-d / j-ˈiə̯ / ˈoːu̯-∅ / v_ʏ-f / r̥-∅
θ-d / j_ˈoːu̯-ˈiə̯ / v-f / ʏ-∅ / r̥-∅
θ-d / j_ˈoːu̯-ˈiə̯ / v_ʏ-f / r̥-∅

-------------------

/θrˈiːr̥/ - /dɾˈiə̯/
θ-d / r-ɾ / ˈiː-ˈiə̯ / r̥-∅

-------------------

/θˈiskʏr̥/ - /dˈyːts/
θ-d / ˈi-ˈyː / ∅-t / s-s / k-∅ / ʏ-∅ / r̥-∅
θ-d / ˈi-ˈyː / ∅-t / s_k-s / ʏ-∅ / r̥-∅

-------------------

/θˈiŋɡ̊/ - /dˈɪŋk/
θ-d / ˈi-ˈɪ / ŋ-ŋ / ɡ̊-k

-------------------

/θˈuːsʏnd̥/ - /dˈyːst/
θ-d / ˈuː-ˈyː / s-s / ʏ-∅ / n-∅ / d̥-t

-------------------

/θˈɪrtnɪr̥/ - /dˈoːɾn/
θ-d / ˈɪ-ˈoː / r-ɾ / t-∅ / n-n / ɪ-∅ / r̥-∅

-------------------

/θˈʏnːʏr̥/ - /dˈɪnə/
θ-d / ˈʏ-ˈɪ / nː-n / ʏ-ə / r̥-∅

-------------------

/θˈʏrː̥/ - /dɾˈoːh/
θ-d / ∅-ɾ / ˈʏ-ˈoː / rː̥-h

-------------------

