/alɡˈinə/ - /ˈaβi/
[1/1] <#_a-<# / l-∅ / ɡ-ˈa / ˈi-β / n-i / ə_#>-#>

-------------------

/amˈari/ - /mˈari/
[1/1] <#_a-<# / m-m / ˈa_r-ˈa_r / i_#>-i_#>

-------------------

/anˈutari/ - /naðˈaj/
[1/1] <#_a-<# / n-n / ˈu-a / t-ð / a-ˈa / r-j / i_#>-#>

-------------------

/armˈɨn/ - /romˈanu/
[1/1] <#_a_r-<#_r / ∅-o / m-m / ˈɨ_n-ˈa_n / #>-u_#>

-------------------

/aro̯ˈatə/ - /rˈoða/
[1/1] <#_a_r-<#_r / o̯ˈa-ˈo / t-ð / ə_#>-a_#>

-------------------

/arˈaʦi/ - /frˈiðu/
[1/1] <#_a-<# / ∅-f / r-r / ˈa-∅ / ʦ-ˈi / i-ð / #>-u_#>

-------------------

/arˈinə/ - /rˈena/
[1/1] <#_a_r-<#_r / ˈi_n-ˈe_n / ə_#>-a_#>

-------------------

/arˈɨw/ - /arˈiu/
[1/1] <#_a-<#_a / r-r / ˈɨ-∅ / w-ˈi / #>-u_#>

-------------------

/arˈɨw/ - /frˈumini/
[1/1] <#_a-<# / ∅-f / r-r / ∅-ˈu / ∅-m / ˈɨ-i / w-n / #>-i_#>

-------------------

/arˈɨɲi/ - /arˈanʤa/
[1/1] <#_a-<#_a / r-r / ˈɨ-ˈa / ɲ-n / i-ʤ / #>-a_#>

-------------------

/askultˈari/ - /askurtˈari/
[1/1] <#_a-<#_a / s-s / k_u-k_u / l-r / t_ˈa-t_ˈa / r-r / i_#>-i_#>

-------------------

/azbujrˈari/ - /bolˈai/
[1/1] <#_a-<# / z_b-b / u-o / j-∅ / r-l / ˈa-ˈa / r-∅ / i_#>-i_#>

-------------------

/aʤutˈari/ - /aʤuðˈare/
[1/1] <#_a-<#_a / ʤ-ʤ / u-u / t-ð / ˈa_r-ˈa_r / i_#>-e_#>

-------------------

/bo̯ˈaʦi/ - /bˈoʒi/
[1/1] b-b / o̯ˈa-ˈo / ʦ_i-ʒ_i

-------------------

/burˈik/ - /imbˈiliɣu/
[1/1] <#-<#_i / ∅-m / b-b / u-ˈi / r-l / ˈi-i / k-ɣ / #>-u_#>

-------------------

/bərbˈat/ - /ˈomini/
[1/1] b-∅ / ə-<# / r-ˈo / b-m / ˈa-i / t-n / #>-i_#>

-------------------

/bˈow/ - /bˈoj/
[1/1] b-b / ˈo_w-ˈo_j

-------------------

/bˈun/ - /bˈonu/
[1/1] b-b / ˈu_n-ˈo_n / #>-u_#>

-------------------

/bˈune/ - /bˈonază/
[1/1] b-b / ˈu_n-ˈo_n / ∅-a / e-z / #>-ă_#>

-------------------

/bˈuni/ - /bˈonozŏ/
[1/1] b-b / ˈu_n-ˈo_n / ∅-o / ∅-z / i_#>-ŏ_#>

-------------------

/bˈunə/ - /bˈona/
[1/1] b-b / ˈu_n-ˈo_n / ə_#>-a_#>

-------------------

/do̯ˈamnə/ - /dˈona/
[1/1] <#_d-<#_d / o̯ˈa-ˈo / m-∅ / n-n / ə_#>-a_#>

-------------------

/do̯ˈawə/ - /dˈuază/
[1/1] <#_d-<#_d / o̯ˈa-∅ / w-ˈu / ə-a / ∅-z / #>-ă_#>

-------------------

/drˈak/ - /draɣˈoni/
[1/1] <#_d-<#_d / r-r / ˈa-a / k-ɣ / ∅-ˈo / ∅-n / #>-i_#>

-------------------

/durɲˈiri/ - /dormˈiri/
[1/1] <#_d-<#_d / u_r-o_r / ɲ-m / ˈi_r-ˈi_r / i_#>-i_#>

-------------------

/dˈari/ - /dˈai/
[1/1] <#_d-<#_d / ˈa-ˈa / r-∅ / i_#>-i_#>

-------------------

/dˈawə/ - /dˈuază/
[1/1] <#_d-<#_d / ˈa-∅ / w-ˈu / ə-a / ∅-z / #>-ă_#>

-------------------

/dˈinti/ - /dˈenti/
[1/1] <#_d-<#_d / ˈi_n-ˈe_n / t-t / i_#>-i_#>

-------------------

/dˈoj/ - /dˈuozŏ/
[1/1] <#_d-<#_d / ∅-ˈu / ∅-o / ˈo-z / j-ŏ

-------------------

/dˈosprəʣaʦi/ - /dˈoiʒi/
[1/1] <#_d-<#_d / ˈo-ˈo / s-∅ / p-∅ / r-∅ / ə-∅ / ʣ-∅ / a-i / ʦ_i-ʒ_i

-------------------

/e̯ˈa/ - /ˈisa/
[1/1] <#-<#_ˈi / e̯ˈa-s / #>-a_#>

-------------------

/e̯ˈarbə/ - /ˈerba/
[1/1] e̯ˈa_r-ˈe_r / b-b / ə_#>-a_#>

-------------------

/e̯ˈarnə/ - /jˈerːu/
[1/1] <#-<#_j / e̯ˈa-ˈe / r_n-rː / ə-∅ / #>-u_#>

-------------------

/fe̯ˈaminə/ - /fˈemina/
[1/1] <#_f-<#_f / e̯ˈa-ˈe / m-m / i-i / n-n / ə_#>-a_#>

-------------------

/fle̯ˈamə/ - /frˈamːa/
[1/1] <#_f-<#_f / l-r / e̯ˈa-ˈa / m-mː / ə_#>-a_#>

-------------------

/flo̯ˈari/ - /frˈori/
[1/1] <#_f-<#_f / l-r / o̯ˈa-ˈo / r-r / i_#>-i_#>

-------------------

/fo̯ˈami/ - /fˈamini/
[1/1] <#_f-<#_f / o̯ˈa-ˈa / m-m_i / ∅-n / i_#>-i_#>

-------------------

/frˈati/ - /frˈaði/
[1/1] <#_f-<#_f / r-r / ˈa_t-ˈa_ð / i_#>-i_#>

-------------------

/frˈɨnʣə/ - /fˈolːa/
[1/1] <#_f-<#_f / r-∅ / ˈɨ-∅ / n-ˈo / ʣ-lː / ə_#>-a_#>

-------------------

/fərˈinə/ - /farˈina/
[1/1] <#_f-<#_f / ə-a / r-r / ˈi-ˈi / n-n / ə_#>-a_#>

-------------------

/fˈaʦiri/ - /fˈaere/
[1/1] <#_f-<#_f / ˈa-ˈa / ʦ-∅ / i_r-e_r / i_#>-e_#>

-------------------

/fˈok/ - /fˈoɣu/
[1/1] <#_f-<#_f / ˈo-ˈo / k-ɣ / #>-u_#>

-------------------

/fˈum/ - /fˈumu/
[1/1] <#_f-<#_f / ˈu-ˈu / m-m / #>-u_#>

-------------------

/ispˈanja/ - /ispˈaɲa/
[1/1] <#-<#_i / i-∅ / s-s / p-p / ˈa-ˈa / n-∅ / j-∅ / a-ɲ / #>-a_#>

-------------------

/je̯ˈa/ - /ˈisa/
[1/1] <#-<#_ˈi / j-∅ / e̯ˈa-s / #>-a_#>

-------------------

/jiŋɡˈiʦ/ - /bˈinti/
[1/1] <#_j-<#_b / i-∅ / ŋ-∅ / ɡ-∅ / ˈi-ˈi / ∅-n / ʦ-t / #>-i_#>

-------------------

/jiɲˈiri/ - /bˈenːiri/
[1/1] <#_j-<#_b / i-ˈe / ɲ-nː / ˈi-i / r-r / i_#>-i_#>

-------------------

/jiʦˈin/ - /biʒˈinu/
[1/1] <#_j-<#_b / i-i / ʦ-ʒ / ˈi-ˈi / n-n / #>-u_#>

-------------------

/jiʦˈɨl/ - /bitˈeɖːu/
[1/1] <#_j-<#_b / i-i / ʦ-t / ˈɨ-ˈe / l_#>-ɖː_u

-------------------

/jˈarbə/ - /ˈerba/
[1/1] j-<# / ˈa-ˈe / r-r / b-b / ə_#>-a_#>

-------------------

/jˈarnə/ - /jˈerːu/
[1/1] <#-<#_j / j-∅ / ˈa-ˈe / r_n-rː / ə-∅ / #>-u_#>

-------------------

/jˈermu/ - /bˈermi/
[1/1] <#_j-<#_b / ˈe-ˈe / r-r / m-m_i / u_#>-#>

-------------------

/jˈin/ - /bˈinu/
[1/1] <#_j-<#_b / ˈi-ˈi / n-n / #>-u_#>

-------------------

/jˈo/ - /dˈeu/
[1/1] j-d / ˈo-ˈe / #>-u_#>

-------------------

/ke̯ˈali/ - /pˈeɖːi/
[1/1] <#-<#_p / k-∅ / e̯ˈa-ˈe / l-ɖː / i_#>-i_#>

-------------------

/ke̯ˈatrə/ - /prˈeða/
[1/1] <#-<#_p / k-r / e̯ˈa-ˈe / t-ð / r-∅ / ə_#>-a_#>

-------------------

/ko̯ˈadə/ - /kˈoa/
[1/1] <#_k-<#_k / o̯ˈa-ˈo / d-∅ / ə_#>-a_#>

-------------------

/ko̯ˈapsə/ - /kˈosa/
[1/1] <#_k-<#_k / o̯ˈa-ˈo / p-∅ / s-s / ə_#>-a_#>

-------------------

/ko̯ˈastə/ - /kˈolta/
[1/1] <#_k-<#_k / o̯ˈa-ˈo / s-l / t-t / ə_#>-a_#>

-------------------

/kre̯ˈadiri/ - /krˈeiri/
[1/1] <#_k-<#_k / r-r / e̯ˈa-ˈe / d-∅ / i_r-i_r / i_#>-i_#>

-------------------

/krˈuʦi/ - /krˈuʒi/
[1/1] <#_k-<#_k / r-r / ˈu-ˈu / ʦ_i-ʒ_i

-------------------

/kəftˈari/ - /kasˈai/
[1/1] <#_k-<#_k / ə-a / f-∅ / t-s / ˈa-ˈa / r-∅ / i_#>-i_#>

-------------------

/kətˈinə/ - /kaðˈena/
[1/1] <#_k-<#_k / ə-a / t-ð / ˈi_n-ˈe_n / ə_#>-a_#>

-------------------

/kɨntˈari/ - /kantˈai/
[1/1] <#_k-<#_k / ɨ-a / n-n / t_ˈa-t_ˈa / r-∅ / i_#>-i_#>

-------------------

/kɨtˈuʃi/ - /ɡˈatu/
[1/1] k-ɡ / ɨ-ˈa / t-t / ˈu-∅ / ʃ-u / i_#>-#>

-------------------

/kʎimˈari/ - /ʧamˈari/
[1/1] k-<# / ʎ-ʧ / i-a / m-m / ˈa_r-ˈa_r / i_#>-i_#>

-------------------

/kʎˈaj/ - /ʧˈai/
[1/1] k-<# / ʎ-ʧ / ˈa-ˈa / j-∅ / #>-i_#>

-------------------

/kˈal/ - /kˈaɖːu/
[1/1] <#_k-<#_k / ˈa-ˈa / l_#>-ɖː_u

-------------------

/kˈaldu/ - /kˈaldu/
[1/1] <#_k-<#_k / ˈa-ˈa / l-l / d-d / u_#>-u_#>

-------------------

/kˈap/ - /kˈoŋka/
[1/1] <#_k-<#_k / ∅-ˈo / ˈa-ŋ / p-k / #>-a_#>

-------------------

/kˈaprə/ - /krˈaβa/
[1/1] <#_k-<#_k / ∅-r / ˈa-ˈa / p-∅ / r-β / ə_#>-a_#>

-------------------

/kˈarni/ - /kˈarːi/
[1/1] <#_k-<#_k / ˈa-ˈa / r_n-rː / i_#>-i_#>

-------------------

/kˈasə/ - /dˈomu/
[1/1] k-<# / ˈa-d / s-ˈo / ə-m / #>-u_#>

-------------------

/kˈeptu/ - /pˈetuzŭ/
[1/1] <#-<#_p / k-∅ / ˈe-ˈe / p_t-t / u-u / ∅-z / #>-ŭ_#>

-------------------

/kˈornu/ - /kˈorːu/
[1/1] <#_k-<#_k / ˈo-ˈo / r_n-rː / u_#>-u_#>

-------------------

/kˈorpu/ - /kˈorpuzŭ/
[1/1] <#_k-<#_k / ˈo-ˈo / r-r / p-p / u-u / ∅-z / #>-ŭ_#>

-------------------

/kˈur/ - /kˈulu/
[1/1] <#_k-<#_k / ˈu-ˈu / r-l / #>-u_#>

-------------------

/kˈɨne/ - /kˈani/
[1/1] <#_k-<#_k / ˈɨ_n-ˈa_n / e-∅ / #>-i_#>

-------------------

/kˈɨni/ - /kˈani/
[1/1] <#_k-<#_k / ˈɨ_n-ˈa_n / i_#>-i_#>

-------------------

/le̯ˈaʤi/ - /lˈeʤe/
[1/1] <#_l-<#_l / e̯ˈa-ˈe / ʤ-ʤ / i_#>-e_#>

-------------------

/lo̯ˈari/ - /leˈaj/
[1/1] <#_l-<#_l / ∅-e / o̯ˈa-ˈa / r-j / i_#>-#>

-------------------

/luɲˈinə/ - /lˈuɣe/
[1/1] <#_l-<#_l / u-∅ / ɲ-∅ / ˈi-ˈu / n-ɣ / ə_#>-e_#>

-------------------

/lˈak/ - /lˈaɣu/
[1/1] <#_l-<#_l / ˈa-ˈa / k-ɣ / #>-u_#>

-------------------

/lˈakrimə/ - /lˈakrima/
[1/1] <#_l-<#_l / ˈa-ˈa / k_r-k_r / i_m-i_m / ə_#>-a_#>

-------------------

/lˈapti/ - /lˈati/
[1/1] <#_l-<#_l / ˈa-ˈa / p_t-t / i_#>-i_#>

-------------------

/lˈemnu/ - /lˈinːa/
[1/1] <#_l-<#_l / ˈe-ˈi / m-nː / n-a / u_#>-#>

-------------------

/lˈimbə/ - /lˈiŋɡwa/
[1/1] <#_l-<#_l / ˈi-ˈi_ŋ / m-ɡ / b-w / ə_#>-a_#>

-------------------

/lˈok/ - /lˈoɣu/
[1/1] <#_l-<#_l / ˈo-ˈo / k-ɣ / #>-u_#>

-------------------

/lˈunə/ - /lˈuna/
[1/1] <#_l-<#_l / ˈu-ˈu / n-n / ə_#>-a_#>

-------------------

/lˈup/ - /lˈuβu/
[1/1] <#_l-<#_l / ˈu_p-ˈu_β / #>-u_#>

-------------------

/lˈuŋɡu/ - /lˈoŋɡu/
[1/1] <#_l-<#_l / ˈu-ˈo / ŋ-ŋ / ɡ-ɡ / u_#>-u_#>

-------------------

/lˈɨnə/ - /lˈana/
[1/1] <#_l-<#_l / ˈɨ_n-ˈa_n / ə_#>-a_#>

-------------------

/mo̯ˈarti/ - /mˈorti/
[1/1] <#_m-<#_m / o̯ˈa-ˈo / r-r / t-t / i_#>-i_#>

-------------------

/murˈiri/ - /mˈoriri/
[1/1] <#_m-<#_m / u-ˈo / r-r / ˈi-i / r-r / i_#>-i_#>

-------------------

/muʎˈari/ - /mulːˈeri/
[1/1] <#_m-<#_m / u-u / ʎ-lː / ˈa-ˈe / r-r / i_#>-i_#>

-------------------

/mɨkˈari/ - /mandiɣˈari/
[1/1] <#_m-<#_m / ∅-a / ∅-n / ∅-d / ɨ-i / k-ɣ / ˈa_r-ˈa_r / i_#>-i_#>

-------------------

/mɨʃkˈari/ - /mˈosere/
[1/1] <#_m-<#_m / ɨ-∅ / ʃ-ˈo / k-s / ˈa-e / r-r / i_#>-e_#>

-------------------

/mˈari/ - /ɡrˈanɖe/
[1/1] <#-ɡ / m-r / ˈa-ˈa / ∅-n / r-ɖ / i_#>-e_#>

-------------------

/mˈi/ - /mˈe/
[1/1] <#_m-<#_m / ˈi-ˈe

-------------------

/mˈuskə/ - /mˈuska/
[1/1] <#_m-<#_m / ˈu-ˈu / s-s / k-k / ə_#>-a_#>

-------------------

/mˈɨnə/ - /mˈanu/
[1/1] <#_m-<#_m / ˈɨ_n-ˈa_n / ə-∅ / #>-u_#>

-------------------

/ne̯ˈawə/ - /nˈi/
[1/1] <#_n-<#_n / e̯ˈa-ˈi / w-∅ / ə_#>-#>

-------------------

/ne̯ˈawə/ - /nˈia/
[1/1] <#_n-<#_n / e̯ˈa-ˈi / w-∅ / ə_#>-a_#>

-------------------

/njˈor/ - /nˈue/
[1/1] <#_n-<#_n / j-∅ / ˈo-∅ / r-ˈu / #>-e_#>

-------------------

/njˈor/ - /nˈuβe/
[1/1] <#_n-<#_n / j-∅ / ˈo-ˈu / r-β / #>-e_#>

-------------------

/no̯ˈapti/ - /nˈoti/
[1/1] <#_n-<#_n / o̯ˈa-ˈo / p_t-t / i_#>-i_#>

-------------------

/nˈari/ - /nˈazu/
[1/1] <#_n-<#_n / ˈa-ˈa / r-∅ / i-z / #>-u_#>

-------------------

/nˈaw/ - /nˈoβu/
[1/1] <#_n-<#_n / ˈa-ˈo / w-β / #>-u_#>

-------------------

/nˈaʃtiri/ - /nˈaʃːiri/
[1/1] <#_n-<#_n / ˈa-ˈa / ʃ_t-ʃː / i_r-i_r / i_#>-i_#>

-------------------

/nˈel/ - /anˈeɖːu/
[1/1] <#-<#_a / n-n / ˈe-ˈe / l_#>-ɖː_u

-------------------

/nˈeɡru/ - /nˈiɡru/
[1/1] <#_n-<#_n / ˈe-ˈi / ɡ-ɡ / r-r / u_#>-u_#>

-------------------

/nˈoj/ - /nˈos/
[1/1] <#_n-<#_n / ˈo-ˈo / j-s

-------------------

/nˈostru/ - /nˈostru/
[1/1] <#_n-<#_n / ˈo-ˈo / s-s / t_r-t_r / u_#>-u_#>

-------------------

/nˈowə/ - /nˈoj/
[1/1] <#_n-<#_n / ˈo_w-ˈo_j / ə_#>-#>

-------------------

/nˈuk/ - /nˈuʒi/
[1/1] <#_n-<#_n / ˈu-ˈu / k-ʒ / #>-i_#>

-------------------

/nˈukə/ - /nˈuʒi/
[1/1] <#_n-<#_n / ˈu-ˈu / k-∅ / ə-ʒ / #>-i_#>

-------------------

/nˈumə/ - /nˈomene/
[1/1] <#_n-<#_n / ˈu-ˈo / m-m / ∅-e / ∅-n / ə_#>-e_#>

-------------------

/pe̯ˈanə/ - /pˈinːa/
[1/1] <#_p-<#_p / e̯ˈa-ˈi / n-nː / ə_#>-a_#>

-------------------

/pe̯ˈaʃti/ - /pˈiʃːi/
[1/1] <#_p-<#_p / e̯ˈa-ˈi / ʃ_t-ʃː / i_#>-i_#>

-------------------

/pidˈukʎu/ - /priˈoɣu/
[1/1] <#_p-<#_p / ∅-r / i-i / d-∅ / ˈu-ˈo / k-ɣ / ʎ-∅ / u_#>-u_#>

-------------------

/pitre̯aʦiˈiri/ - /fˈesta/
[1/1] p-∅ / i-<# / t-f / r-ˈe / e̯a-s / ʦ-t / i-∅ / ˈi-∅ / r-a / i_#>-#>

-------------------

/ple̯ˈaɡə/ - /prˈai/
[1/1] <#_p-<#_p / l-r / e̯ˈa-ˈa / ɡ-i / ə_#>-#>

-------------------

/plo̯ˈaj/ - /prˈoja/
[1/1] <#_p-<#_p / l-r / o̯ˈa-ˈo / j-j / #>-a_#>

-------------------

/plˈin/ - /prˈenu/
[1/1] <#_p-<#_p / l-r / ˈi_n-ˈe_n / #>-u_#>

-------------------

/plˈɨnʣiri/ - /prˈanʤiri/
[1/1] <#_p-<#_p / l-r / ˈɨ_n-ˈa_n / ʣ-ʤ / i_r-i_r / i_#>-i_#>

-------------------

/pute̯ˈari/ - /pˈorːi/
[1/1] <#_p-<#_p / u-∅ / t-∅ / e̯ˈa-ˈo / r-rː / i_#>-i_#>

-------------------

/pɨntˈikə/ - /bˈentri/
[1/1] <#-<#_b / p-∅ / ɨ-ˈe / n-n / t-t / ˈi-r / k-i / ə_#>-#>

-------------------

/pˈatru/ - /kwˈatru/
[1/1] <#-<#_k / p-w / ˈa-ˈa / t_r-t_r / u_#>-u_#>

-------------------

/pˈer/ - /pˈilu/
[1/1] <#_p-<#_p / ˈe-ˈi / r-l / #>-u_#>

-------------------

/pˈorku/ - /pˈorku/
[1/1] <#_p-<#_p / ˈo-ˈo / r-r / k-k / u_#>-u_#>

-------------------

/pˈulmu/ - /pˈunʤu/
[1/1] <#_p-<#_p / ˈu-ˈu / l-n / m-ʤ / u_#>-u_#>

-------------------

/pˈuniri/ - /pˈonːiri/
[1/1] <#_p-<#_p / ˈu-ˈo / n-nː / i_r-i_r / i_#>-i_#>

-------------------

/pˈunti/ - /pˈonti/
[1/1] <#_p-<#_p / ˈu_n-ˈo_n / t-t / i_#>-i_#>

-------------------

/pˈuʦ/ - /pˈuʦu/
[1/1] <#_p-<#_p / ˈu-ˈu / ʦ-ʦ / #>-u_#>

-------------------

/pˈɨni/ - /pˈani/
[1/1] <#_p-<#_p / ˈɨ_n-ˈa_n / i_#>-i_#>

-------------------

/rˈɨɲi/ - /arˈanʤa/
[1/1] <#-<#_a / r-r / ˈɨ-ˈa / ɲ-n / i-ʤ / #>-a_#>

-------------------

/se̯ˈakə/ - /sˈika/
[1/1] <#_s-<#_s / e̯ˈa-ˈi / k-k / ə_#>-a_#>

-------------------

/se̯ˈarə/ - /sˈera/
[1/1] <#_s-<#_s / e̯ˈa_r-ˈe_r / ə_#>-a_#>

-------------------

/simˈinʦə/ - /sˈemene/
[1/1] <#_s-<#_s / i-ˈe / m-m / ˈi-e / n-n / ʦ-∅ / ə_#>-e_#>

-------------------

/skrˈiiri/ - /iskrˈivere/
[1/1] <#-<#_i / s-s / k_r-k_r / ˈi-ˈi / ∅-v / i_r-e_r / i_#>-e_#>

-------------------

/skˈik/ - /ispˈiɣa/
[1/1] <#-<#_i / s-s / k-p / ˈi_k-ˈi_ɣ / #>-a_#>

-------------------

/so̯ˈari/ - /sˈoli/
[1/1] <#_s-<#_s / o̯ˈa-ˈo / r-l / i_#>-i_#>

-------------------

/spˈatə/ - /ispˈaða/
[1/1] <#-<#_i / s-s / p-p / ˈa_t-ˈa_ð / ə_#>-a_#>

-------------------

/ste̯ˈawə/ - /istˈeɖːu/
[1/1] <#-<#_i / s-s / t-t / e̯ˈa-ˈe / w-∅ / ə-ɖː / #>-u_#>

-------------------

/sˈare/ - /sˈali/
[1/1] <#_s-<#_s / ˈa-ˈa / r-l / e-∅ / #>-i_#>

-------------------

/sˈek/ - /sˈiku/
[1/1] <#_s-<#_s / ˈe-ˈi / k-k / #>-u_#>

-------------------

/sˈuprə/ - /sˈuβra/
[1/1] <#_s-<#_s / ˈu_p-ˈu_β / r-r / ə_#>-a_#>

-------------------

/sˈutə/ - /ʧˈentu/
[1/1] <#-ʧ / s-ˈe / ˈu-n / t-t / ə-∅ / #>-u_#>

-------------------

/sˈɨmtu/ - /sˈantu/
[1/1] <#_s-<#_s / ˈɨ-ˈa / m_t-n_t / u_#>-u_#>

-------------------

/sˈɨnʤi/ - /sˈaŋɡwini/
[1/1] <#_s-<#_s / ˈɨ-ˈa / ∅-ŋ / n-ɡ / ʤ-w / i-i / ∅-n / #>-i_#>

-------------------

/to̯ˈamnə/ - /atˈoɲu/
[1/1] <#-<#_a / t-t / o̯ˈa-ˈo / m-ɲ / n-u / ə_#>-#>

-------------------

/trˈej/ - /trˈezĕ/
[1/1] <#_t-<#_t / r-r / ˈe-ˈe / ∅-z / j-ĕ

-------------------

/tuʃˈiri/ - /tusˈiri/
[1/1] <#_t-<#_t / u-u / ʃ-s / ˈi_r-ˈi_r / i_#>-i_#>

-------------------

/tˈatə/ - /bˈabu/
[1/1] <#-<#_b / t-∅ / ˈa-ˈa / t-∅ / ə-b / #>-u_#>

-------------------

/tˈavru/ - /trˈaβu/
[1/1] <#_t-<#_t / ∅-r / ˈa-ˈa / v-∅ / r-β / u_#>-u_#>

-------------------

/tˈu/ - /tˈui/
[1/1] <#_t-<#_t / ˈu-ˈu / #>-i_#>

-------------------

/tˈut/ - /tˈotu/
[1/1] <#_t-<#_t / ˈu-ˈo / t-t / #>-u_#>

-------------------

/ure̯ˈakʎi/ - /orˈija/
[1/1] u_r-o_r / e̯ˈa-ˈi / k_ʎ-j / i-∅ / #>-a_#>

-------------------

/uʦˈidiri/ - /boʧˈiere/
[1/1] <#-<#_b / u-o / ʦ-ʧ / ˈi-ˈi / d-∅ / i_r-e_r / i_#>-e_#>

-------------------

/ve̯ˈardi/ - /bˈirdi/
[1/1] <#_v-<#_b / e̯ˈa-ˈi / r-r / d-d / i_#>-i_#>

-------------------

/ve̯ˈarə/ - /istˈaði/
[1/1] <#-<#_i / v-s / e̯ˈa_r_ə-t_ˈa_ð / #>-i_#>

-------------------

/vide̯ˈari/ - /bˈiðerĕ/
[1/1] <#_v-<#_b / i-ˈi / d-ð / e̯ˈa-e / r-r / i_#>-ĕ_#>

-------------------

/vˈakə/ - /bˈaka/
[1/1] <#_v-<#_b / ˈa-ˈa / k-k / ə_#>-a_#>

-------------------

/vˈekʎu/ - /bˈeju/
[1/1] <#_v-<#_b / ˈe-ˈe / k_ʎ-j / u_#>-u_#>

-------------------

/vˈimtu/ - /bˈentu/
[1/1] <#_v-<#_b / ˈi-ˈe / m_t-n_t / u_#>-u_#>

-------------------

/vˈoj/ - /bozˈatruzŭ/
[1/1] <#_v-<#_b / ∅-o / ∅-z / ∅-ˈa / ∅-t / ∅-r / ˈo-u / j-z / #>-ŭ_#>

-------------------

/zbˈor/ - /bˈolu/
[1/1] z_b-b / ˈo-ˈo / r-l / #>-u_#>

-------------------

/çˈer/ - /fˈerːu/
[1/1] <#_ç-<#_f / ˈe-ˈe / r-rː / #>-u_#>

-------------------

/çˈikat/ - /fˈiɣaðu/
[1/1] <#_ç-<#_f / ˈi_k-ˈi_ɣ / a-a / t-ð / #>-u_#>

-------------------

/çˈir/ - /fˈilu/
[1/1] <#_ç-<#_f / ˈi-ˈi / r-l / #>-u_#>

-------------------

/çˈiʎ/ - /fˈilːu/
[1/1] <#_ç-<#_f / ˈi_ʎ-ˈi_lː / #>-u_#>

-------------------

/çˈiʎi/ - /fˈilːa/
[1/1] <#_ç-<#_f / ˈi_ʎ-ˈi_lː / i-∅ / #>-a_#>

-------------------

/ŋɡʎˈiʦari/ - /belˈari/
[1/1] <#-<#_b / ŋ-∅ / ɡ-∅ / ʎ-∅ / ˈi-e / ʦ-l / a-ˈa / r-r / i_#>-i_#>

-------------------

/ɡʎˈeʦ/ - /bˈelu/
[1/1] <#_ɡ-b / ʎ-∅ / ˈe-ˈe / ʦ-l / #>-u_#>

-------------------

/ɡˈalbin/ - /ɡrˈoɣu/
[1/1] ɡ-<# / ˈa-ɡ / l-r / b-∅ / i-ˈo / n-ɣ / #>-u_#>

-------------------

/ɡˈine/ - /bˈeni/
[1/1] <#_ɡ-b / ˈi_n-ˈe_n / e-∅ / #>-i_#>

-------------------

/ɡˈini/ - /bˈeni/
[1/1] <#_ɡ-b / ˈi_n-ˈe_n / i_#>-i_#>

-------------------

/ɡˈurə/ - /bˈula/
[1/1] <#_ɡ-b / ˈu-ˈu / r-l / ə_#>-a_#>

-------------------

/ɲˈari/ - /mˈeli/
[1/1] <#_ɲ-m / ˈa-ˈe / r-l / i_#>-i_#>

-------------------

/ɲˈeri/ - /mˈeli/
[1/1] <#_ɲ_ˈe-m_ˈe / r-l / i_#>-i_#>

-------------------

/ɲˈeʣu/ - /mˈezu/
[1/1] <#_ɲ_ˈe-m_ˈe / ʣ-z / u_#>-u_#>

-------------------

/ɲˈiʎe/ - /mˈilːi/
[1/1] <#_ɲ-m / ˈi_ʎ-ˈi_lː / e-∅ / #>-i_#>

-------------------

/ʃkˈurtu/ - /kˈurʦu/
[1/1] <#-<#_k / ʃ-∅ / k-∅ / ˈu-ˈu / r-r / t-ʦ / u_#>-u_#>

-------------------

/ʃtˈii/ - /iskˈis/
[1/1] <#-<#_i / ʃ_t-s / ∅-k / ˈi-ˈi / ∅-s / i_#>-#>

-------------------

/ʃtˈiri/ - /iskˈiri/
[1/1] <#-<#_i / ʃ_t-s / ∅-k / ˈi_r-ˈi_r / i_#>-i_#>

-------------------

/ʃtˈiw/ - /ˈiskja/
[1/1] <#-<#_ˈi / ʃ_t-s / ˈi-k / w-j / #>-a_#>

-------------------

/ʃˈapti/ - /sˈete/
[1/1] ʃ-s / ˈa-ˈe / p_t-t / i_#>-e_#>

-------------------

/ʃˈasi/ - /sˈezĕ/
[1/1] ʃ-s / ˈa-ˈe / s-z / i_#>-ĕ_#>

-------------------

/ʎˈepuri/ - /lˈepori/
[1/1] ʎ-l / ˈe-ˈe / p-p / u_r-o_r / i_#>-i_#>

-------------------

/ʣe̯aʣˈit/ - /dˈiðu/
[1/1] <#_ʣ-<#_d / e̯a-∅ / ʣ-∅ / ˈi-ˈi / t-ð / #>-u_#>

-------------------

/ʣinˈukʎu/ - /benˈuju/
[1/1] <#_ʣ-<#_b / i-e / n-n / ˈu-ˈu / k_ʎ-j / u_#>-u_#>

-------------------

/ʣˈaʦi/ - /dˈeʒi/
[1/1] <#_ʣ-<#_d / ˈa-ˈe / ʦ_i-ʒ_i

-------------------

/ʣˈer/ - /bˈelu/
[1/1] <#_ʣ-<#_b / ˈe-ˈe / r-l / #>-u_#>

-------------------

/ʣˈiniri/ - /bˈeneru/
[1/1] <#_ʣ-<#_b / ˈi_n-ˈe_n / i_r-e_r / i-∅ / #>-u_#>

-------------------

/ʣˈuə/ - /dˈi/
[1/1] <#_ʣ-<#_d / ˈu-ˈi / ə_#>-#>

-------------------

/ʣˈə/ - /dˈeu/
[1/1] <#_ʣ-<#_d / ˈə-ˈe / #>-u_#>

-------------------

/ʣˈəʦiri/ - /nˈarːere/
[1/1] ʣ-n / ˈə-ˈa / ʦ-rː / i_r-e_r / i_#>-e_#>

-------------------

/ʤˈok/ - /jˈoɣu/
[1/1] <#-<#_j / ʤ-∅ / ˈo-ˈo / k-ɣ / #>-u_#>

-------------------

/ʦe̯ˈarə/ - /ʧˈera/
[1/1] <#_ʦ-<#_ʧ / e̯ˈa_r-ˈe_r / ə_#>-a_#>

-------------------

/ʦire̯ˈaʃə/ - /ʧerˈeʒja/
[1/1] <#_ʦ-<#_ʧ / i_r-e_r / e̯ˈa-ˈe / ∅-ʒ / ʃ-j / ə_#>-a_#>

-------------------

/ʦitˈati/ - /ʧitˈadi/
[1/1] <#_ʦ-<#_ʧ / i-i / t_ˈa-t_ˈa / t-d / i_#>-i_#>

-------------------

/ʦˈarə/ - /tˈerːa/
[1/1] ʦ-t / ˈa-ˈe / r-rː / ə_#>-a_#>

-------------------

/ʦˈer/ - /ʧˈelu/
[1/1] <#_ʦ-<#_ʧ / ˈe-ˈe / r-l / #>-u_#>

-------------------

/ʦˈi/ - /ˈite/
[1/1] <#-<#_ˈi / ʦ-t / ˈi-∅ / #>-e_#>

-------------------

/ʦˈine/ - /kˈini/
[1/1] <#-<#_k / ʦ_ˈi-ˈi / n-n / e-∅ / #>-i_#>

-------------------

/ʦˈinʦi/ - /ʧˈiŋku/
[1/1] <#_ʦ-<#_ʧ / ˈi-ˈi_ŋ / n-k / ʦ-u / i_#>-#>

-------------------

/ʧinˈuʃi/ - /kˈinisa/
[1/1] <#-<#_k / ʧ-∅ / i-ˈi / n-n / ˈu-∅ / ʃ-∅ / i-i / ∅-s / #>-a_#>

-------------------

/ʧinˈuʃi/ - /kˈisina/
[1/1] <#-<#_k / ∅-ˈi / ʧ-s / i-i / n-n / ˈu-∅ / ʃ-a / i_#>-#>

-------------------

/ʧiʧˈor/ - /pˈei/
[1/1] <#-<#_p / ʧ-∅ / i-∅ / ʧ-∅ / ˈo-∅ / r-ˈe / #>-i_#>

-------------------

/ˈak/ - /ˈaɣu/
[1/1] <#_ˈa-<#_ˈa / k-ɣ / #>-u_#>

-------------------

/ˈalbu/ - /ˈalvu/
[1/1] <#_ˈa-<#_ˈa / l-l / b-v / u_#>-u_#>

-------------------

/ˈalbu/ - /ˈarvu/
[1/1] <#_ˈa-<#_ˈa / l-r / b-v / u_#>-u_#>

-------------------

/ˈaltu/ - /ˈateru/
[1/1] <#_ˈa-<#_ˈa / ∅-t / ∅-e / l-r / t-∅ / u_#>-u_#>

-------------------

/ˈan/ - /ˈanːu/
[1/1] <#_ˈa-<#_ˈa / n-nː / #>-u_#>

-------------------

/ˈapə/ - /ˈakwa/
[1/1] <#_ˈa-<#_ˈa / ∅-k / p-w / ə_#>-a_#>

-------------------

/ˈarburi/ - /ˈarbori/
[1/1] <#_ˈa-<#_ˈa / r-r / b-b / u_r-o_r / i_#>-i_#>

-------------------

/ˈavru/ - /ˈoro/
[1/1] ˈa-<# / v-ˈo / r-r / u-o

-------------------

/ˈavru/ - /ˈoru/
[1/1] ˈa-<# / v-ˈo / r-r / u_#>-u_#>

-------------------

/ˈaʎ/ - /ˈalːu/
[1/1] <#_ˈa-<#_ˈa / ʎ-lː / #>-u_#>

-------------------

/ˈel/ - /ˈisu/
[1/1] ˈe-ˈi / l-s / #>-u_#>

-------------------

/ˈinimə/ - /ˈanima/
[1/1] ˈi-ˈa / n-n / i_m-i_m / ə_#>-a_#>

-------------------

/ˈokʎi/ - /ˈojozŏ/
[1/1] <#_ˈo-<#_ˈo / k_ʎ-j / ∅-o / ∅-z / i_#>-ŏ_#>

-------------------

/ˈokʎu/ - /ˈoju/
[1/1] <#_ˈo-<#_ˈo / k_ʎ-j / u_#>-u_#>

-------------------

/ˈom/ - /ˈomini/
[1/1] <#_ˈo-<#_ˈo / m-m_i / ∅-n / #>-i_#>

-------------------

/ˈoptu/ - /ˈotu/
[1/1] <#_ˈo-<#_ˈo / p_t-t / u_#>-u_#>

-------------------

/ˈos/ - /ˈosu/
[1/1] <#_ˈo-<#_ˈo / s-s / #>-u_#>

-------------------

/ˈow/ - /ˈoβu/
[1/1] <#_ˈo-<#_ˈo / w-β / #>-u_#>

-------------------

/ˈun/ - /ˈunu/
[1/1] <#_ˈu-<#_ˈu / n-n / #>-u_#>

-------------------

/ˈursu/ - /ˈursu/
[1/1] <#_ˈu-<#_ˈu / r-r / s-s / u_#>-u_#>

-------------------

/ˈuŋɡʎi/ - /ˈuŋɡa/
[1/1] <#_ˈu-<#_ˈu / ŋ-ŋ / ɡ-ɡ / ʎ-a / i_#>-#>

-------------------

