/anˈɛl/ - /ˈɛlu/
[3/3] a-∅ / n-∅ / ˈɛ-ˈɛ / l-l / ∅-u

-------------------

/avˈiʎə/ - /ɐβˈɐjʎɐ/
[4/4] a-ɐ / v-β / ˈi-ˈɐ / ∅-j / ʎ-ʎ / ə-ɐ

-------------------

/aʁˈaɲi/ - /ɐɾˈɐɲɐ/
[5/5] a-ɐ / ʁ-ɾ / ˈa-ˈɐ / ɲ-ɲ / i-ɐ

-------------------

/aʒwˈa/ - /ɐʒuðˈaɾ/
[2/3] a-ɐ / ʒ-ʒ / w-∅ / ∅-u / ∅-ð / ˈa-ˈa / ∅-ɾ
[1/3] a-ɐ / ʒ-ʒ / w-u / ∅-ð / ˈa-ˈa / #>-ɾ_#>

-------------------

/blˈɑ̃/ - /bɾˈɐ̃ku/
[2/4] b-b / l-∅ / ∅-ɾ / ˈɑ̃-ˈɐ̃ / ∅-k / ∅-u
[2/4] b-b / l-ɾ / ˈɑ̃-ˈɐ̃ / ∅-k / ∅-u

-------------------

/bwˈef/ - /bˈoj/
[5/5] b-b / w-ˈo / ˈe-j / f-∅

-------------------

/byʁlˈaʁ/ - /kɐjmˈaɾ/
[3/5] b-k / ∅-ɐ / y-j / ʁ-∅ / l-∅ / ∅-m / ˈa-ˈa / ʁ-ɾ
[1/5] b-k / ∅-ɐ / y-j / ʁ-∅ / l-m / ˈa-ˈa / ʁ-ɾ
[1/5] b-k / y-ɐ / ʁ-∅ / l-j / ∅-m / ˈa-ˈa / ʁ-ɾ

-------------------

/bˈa/ - /bˈajʃu/
[4/5] b-b / ˈa-ˈa / ∅-j / ∅-ʃ / ∅-u
[1/5] b-b / ˈa-ˈa / ∅-j / ∅-ʃ / #>-u_#>

-------------------

/bˈeːðə/ - /bɨβˈeɾ/
[2/4] b-b / ˈeː-ɨ / ð-β / ə-ˈe / ∅-ɾ
[2/4] b-b / ˈeː-ɨ / ð-β / ə-ˈe / #>-ɾ_#>

-------------------

/bˈɔna/ - /bˈoɐ/
[3/3] b-b / ˈɔ-ˈo / n-∅ / a-ɐ

-------------------

/bˈɔnə/ - /bˈoɐʃ/
[2/4] b-b / ˈɔ-ˈo / n-∅ / ə-ɐ / ∅-ʃ
[2/4] b-b / ˈɔ-ˈo / n-∅ / ə-ɐ / #>-ʃ_#>

-------------------

/bˈɔʃi/ - /bˈokɐ/
[5/5] b-b / ˈɔ-ˈo / ʃ-k / i-ɐ

-------------------

/bˈɔ̃/ - /bˈõ/
[5/5] b-b / ˈɔ̃-ˈõ

-------------------

/bˈɔ̃/ - /bˈõʃ/
[2/3] b-b / ˈɔ̃-ˈõ / #>-ʃ_#>
[1/3] b-b / ˈɔ̃-ˈõ / ∅-ʃ

-------------------

/bˈɛl/ - /bˈɛlu/
[4/4] b-b / ˈɛ-ˈɛ / l-l / ∅-u

-------------------

/bˈɛla/ - /bˈɛlɐ/
[3/3] b-b / ˈɛ-ˈɛ / l-l / a-ɐ

-------------------

/bˈɛ̃/ - /bˈɐ̃j̃/
[3/3] b-b / ∅-ˈɐ̃ / ˈɛ̃-j̃

-------------------

/djˈɛʃ/ - /dˈɛʃ/
[2/4] d-d / j_ˈɛ-ˈɛ / ʃ-ʃ
[2/4] d-d / j-∅ / ˈɛ-ˈɛ / ʃ-ʃ

-------------------

/dʁaɡˈɔ̃/ - /dɾɐɣˈɐ̃w̃/
[3/4] d-d / ʁ-ɾ / a-ɐ / ɡ-ɣ / ∅-ˈɐ̃ / ˈɔ̃-w̃
[1/4] d-d / ʁ-ɾ / a-ɐ / ɡ-ɣ / ˈɔ̃-ˈɐ̃ / ∅-w̃

-------------------

/dʁɔmˈi/ - /duɾmˈiɾ/
[2/4] d-d / ∅-u / ʁ-ɾ / ɔ-∅ / m-m / ˈi-ˈi / #>-ɾ_#>
[1/4] d-d / ∅-u / ʁ-ɾ / ɔ-∅ / m-m / ˈi-ˈi / ∅-ɾ
[1/4] d-d / ʁ-∅ / ɔ-u / ∅-ɾ / m-m / ˈi-ˈi / #>-ɾ_#>

-------------------

/dˈama/ - /dˈonɐ/
[4/4] d-d / ˈa-ˈo / m-n / a-ɐ

-------------------

/dˈeː/ - /dˈeðu/
[4/5] d-d / ˈeː-ˈe / ∅-ð / ∅-u
[1/5] d-d / ˈeː-ˈe / ∅-ð / #>-u_#>

-------------------

/dˈio/ - /dˈiɣu/
[4/4] d-d / ˈi-ˈi / ∅-ɣ / o-u

-------------------

/dˈiw/ - /dˈewʃ/
[2/3] d-d / ˈi-ˈe / w-w / #>-ʃ_#>
[1/3] d-d / ˈi-ˈe / w-w / ∅-ʃ

-------------------

/dˈows/ - /dˈosɨ/
[2/3] d-d / ˈo-∅ / w-ˈo / s-s / #>-ɨ_#>
[1/3] d-d / ˈo-ˈo / w-∅ / s-s / ∅-ɨ

-------------------

/dˈozə/ - /dˈozɨ/
[2/2] d-d / ˈo-ˈo / z-z / ə-ɨ

-------------------

/dˈuʃ/ - /dˈojʃ/
[3/4] d-d / ∅-ˈo / ˈu-j / ʃ-ʃ
[1/4] d-d / ˈu-ˈo / ∅-j / ʃ-ʃ

-------------------

/dˈɛðə/ - /dizˈeɾ/
[3/5] d-d / ˈɛ-i / ð-z / ə-ˈe / #>-ɾ_#>
[2/5] d-d / ˈɛ-i / ð-z / ə-ˈe / ∅-ɾ

-------------------

/dˈɛ̃/ - /dˈẽtɨ/
[2/4] d-d / ˈɛ̃-ˈẽ / ∅-t / ∅-ɨ
[2/4] d-d / ˈɛ̃-ˈẽ / ∅-t / #>-ɨ_#>

-------------------

/edjˈɛ/ - /ɐʒuðˈaɾ/
[1/2] ∅-ɐ / ∅-ʒ / e-u / d-ð / j_ˈɛ-ˈa / #>-ɾ_#>
[1/2] e-ɐ / d-ʒ / ∅-u / j-ð / ˈɛ-ˈa / #>-ɾ_#>

-------------------

/ekotˈa/ - /iʃkutˈaɾ/
[2/4] e-i / k-ʃ_k / o-u / t-t / ˈa-ˈa / #>-ɾ_#>
[1/4] e-i / ∅-ʃ / k-k / o-u / t-t / ˈa-ˈa / ∅-ɾ
[1/4] e-i / ∅-ʃ / k-k / o-u / t-t / ˈa-ˈa / #>-ɾ_#>

-------------------

/ekʁˈiʁə/ - /iʃkɾɨvˈeɾ/
[2/4] e-i / ∅-ʃ / k-k / ʁ-ɾ / ∅-ɨ / ∅-v / ˈi-ˈe / ʁ-ɾ / ə-∅
[2/4] e-i / k-ʃ_k / ʁ-ɾ / ∅-ɨ / ∅-v / ˈi-ˈe / ʁ-ɾ / ə_#>-#>

-------------------

/ekˈøʁsə/ - /kuɾtˈisɐ/
[5/5] e-∅ / k-k / ˈø-u / ʁ-ɾ / ∅-t / ∅-ˈi / s-s / ə-ɐ

-------------------

/epjˈa/ - /iʃpˈiɣɐ/
[2/5] e-i / ∅-ʃ / p-p / j-∅ / ˈa-ˈi / ∅-ɣ / ∅-ɐ
[1/5] e-i / ∅-ʃ / p-p / j-ˈi / ∅-ɣ / ˈa-ɐ
[1/5] e-i / ∅-ʃ / p-p / j-ˈi / ˈa-∅ / ∅-ɣ / ∅-ɐ
[1/5] e-i / p-ʃ_p / j-∅ / ˈa-ˈi / ∅-ɣ / ∅-ɐ

-------------------

/epˈena/ - /iʃpˈiɲɐ/
[4/5] e-i / ∅-ʃ / p-p / ˈe-ˈi / n-ɲ / a-ɐ
[1/5] e-i / p-ʃ_p / ˈe-ˈi / n-ɲ / a-ɐ

-------------------

/etˈɔ/ - /iʃtˈiu/
[1/3] e-i / ∅-ʃ / t-t / ˈɔ-ˈi / ∅-u
[1/3] e-i / t-ʃ_t / ˈɔ-ˈi / ∅-u
[1/3] e-i / t-ʃ_t / ˈɔ-ˈi / #>-u_#>

-------------------

/eːtˈejla/ - /iʃtɾˈelɐ/
[2/3] eː-i / t-ʃ_t / ˈe-∅ / ∅-ɾ / j-ˈe / l-l / a-ɐ
[1/3] eː-i / ∅-ʃ / t-t / ˈe-∅ / ∅-ɾ / j-ˈe / l-l / a-ɐ

-------------------

/faʁˈena/ - /fɐɾˈiɲɐ/
[4/4] f-f / a-ɐ / ʁ-ɾ / ˈe-ˈi / n-ɲ / a-ɐ

-------------------

/flˈama/ - /ʃˈɐmɐ/
[2/2] f-ʃ / l-∅ / ˈa-ˈɐ / m-m / a-ɐ

-------------------

/flˈøʁ/ - /ʃˈoɾ/
[5/5] f-ʃ / l-∅ / ˈø-ˈo / ʁ-ɾ

-------------------

/fumjˈɛʁ/ - /fˈumu/
[4/5] f-f / u-ˈu / m-m / j-u / ˈɛ-∅ / ʁ-∅
[1/5] f-f / u-ˈu / m-m / j-∅ / ˈɛ-u / ʁ-∅

-------------------

/fwˈa/ - /fˈoɣu/
[3/5] f-f / w-ˈo / ∅-ɣ / ˈa-u
[1/5] f-f / w-ˈo / ˈa-∅ / ∅-ɣ / ∅-u
[1/5] f-f / w-ˈo / ˈa-∅ / ∅-ɣ / #>-u_#>

-------------------

/fʁwˈi/ - /fɾˈujtu/
[3/4] f-f / ʁ-ɾ / w-ˈu / ˈi-j / ∅-t / ∅-u
[1/4] f-f / ʁ-ɾ / w-ˈu / ˈi-j / ∅-t / #>-u_#>

-------------------

/fʁˈeː/ - /fɾˈiu/
[4/4] f-f / ʁ-ɾ / ˈeː-ˈi / ∅-u

-------------------

/fˈajzo/ - /fˈasu/
[5/5] f-f / ˈa-ˈa / j-∅ / z-s / o-u

-------------------

/fˈajə/ - /fˈaðɐ/
[4/4] f-f / ˈa-ˈa / j-ð / ə-ɐ

-------------------

/fˈeta/ - /fˈɛʃtɐ/
[3/5] f-f / ˈe-ˈɛ / t-ʃ_t / a-ɐ
[2/5] f-f / ˈe-ˈɛ / ∅-ʃ / t-t / a-ɐ

-------------------

/fˈeʎə/ - /fˈiʎɐ/
[4/4] f-f / ˈe-ˈi / ʎ-ʎ / ə-ɐ

-------------------

/fˈiʎ/ - /fˈiʎu/
[3/3] f-f / ˈi-ˈi / ʎ-ʎ / ∅-u

-------------------

/fˈĩ/ - /fˈinu/
[4/4] f-f / ˈĩ-ˈi / ∅-n / ∅-u

-------------------

/fˈĩ/ - /fˈĩ/
[5/5] f-f / ˈĩ-ˈĩ

-------------------

/fˈoː/ - /fˈaɫsu/
[2/2] f-f / ˈoː-ˈa / ∅-ɫ / ∅-s / ∅-u

-------------------

/fˈoːʁ/ - /fˈɔɾtɨ/
[3/5] f-f / ˈoː-ˈɔ / ʁ-ɾ / ∅-t / #>-ɨ_#>
[2/5] f-f / ˈoː-ˈɔ / ʁ-ɾ / ∅-t / ∅-ɨ

-------------------

/fˈoːʎə/ - /fˈoʎɐ/
[2/2] f-f / ˈoː-ˈo / ʎ-ʎ / ə-ɐ

-------------------

/fˈøʁsa/ - /fˈoɾsɐ/
[4/4] f-f / ˈø-ˈo / ʁ-ɾ / s-s / a-ɐ

-------------------

/fˈɑ̃/ - /fˈɔmɨ/
[1/4] f-f / ∅-ˈɔ / ˈɑ̃-m / ∅-ɨ
[1/4] f-f / ∅-ˈɔ / ˈɑ̃-m / #>-ɨ_#>
[1/4] f-f / ˈɑ̃-ˈɔ / ∅-m / ∅-ɨ
[1/4] f-f / ˈɑ̃-ˈɔ / ∅-m / #>-ɨ_#>

-------------------

/fˈɔðə/ - /fɐzˈeɾ/
[2/4] f-f / ˈɔ-ɐ / ð-z / ə-ˈe / ∅-ɾ
[2/4] f-f / ˈɔ-ɐ / ð-z / ə-ˈe / #>-ɾ_#>

-------------------

/fˈɛna/ - /fˈemjɐ/
[4/5] f-f / ˈɛ-ˈe / n-m / ∅-j / a-ɐ
[1/5] f-f / ∅-ˈe / ∅-m / ˈɛ-j / n-∅ / a-ɐ

-------------------

/fˈɛðo/ - /fˈiɣɐðu/
[4/4] f-f / ˈɛ-ˈi / ð-ɣ / ∅-ɐ / ∅-ð / o-u

-------------------

/fˈɛʁ/ - /fˈɛʁu/
[4/5] f-f / ˈɛ-ˈɛ / ʁ-ʁ / ∅-u
[1/5] f-f / ˈɛ-ˈɛ / ʁ-ʁ / #>-u_#>

-------------------

/ivˈɛʁ/ - /ĩvˈɛɾnu/
[2/2] i-ĩ / v-v / ˈɛ-ˈɛ / ʁ-ɾ / ∅-n / ∅-u

-------------------

/jˈø/ - /lˈɐjtu/
[3/4] ∅-l / j-ˈɐ / ˈø-j / ∅-t / ∅-u
[1/4] ∅-l / j-ˈɐ / ˈø-j / ∅-t / #>-u_#>

-------------------

/jˈɑ̃/ - /ˈɐnu/
[4/5] j-ˈɐ / ˈɑ̃-n / ∅-u
[1/5] j-ˈɐ / ˈɑ̃-n / #>-u_#>

-------------------

/jˈɔ̃/ - /ˈũ/
[3/3] j-∅ / ˈɔ̃-ˈũ

-------------------

/kjˈɔ/ - /ʃˈavɨ/
[1/2] k-ʃ / j-∅ / ˈɔ-ˈa / ∅-v / ∅-ɨ
[1/2] k-ʃ / j-∅ / ˈɔ-ˈa / ∅-v / #>-ɨ_#>

-------------------

/klamˈa/ - /ʃɐmˈaɾ/
[3/4] k-ʃ / l-∅ / a-ɐ / m-m / ˈa-ˈa / #>-ɾ_#>
[1/4] k-ʃ / l-∅ / a-ɐ / m-m / ˈa-ˈa / ∅-ɾ

-------------------

/kulˈɔʁ/ - /kˈoɾ/
[2/4] k-k / u-∅ / l-∅ / ˈɔ-ˈo / ʁ-ɾ
[2/4] k-k / u-ˈo / l-∅ / ˈɔ-∅ / ʁ-ɾ

-------------------

/kwˈatʁo/ - /kwˈatɾu/
[4/4] k-k / w-w / ˈa-ˈa / t-t / ʁ-ɾ / o-u

-------------------

/kwˈɛsə/ - /kˈoʃɐ/
[3/3] k-k / w-ˈo / ˈɛ-∅ / s-ʃ / ə-ɐ

-------------------

/kʁwˈeːʃ/ - /kɾˈuʃ/
[3/4] k-k / ʁ-ɾ / w-ˈu / ˈeː-∅ / ʃ-ʃ
[1/4] k-k / ʁ-ɾ / w-∅ / ˈeː-ˈu / ʃ-ʃ

-------------------

/kʁˈɛːʁə/ - /kɾˈeɾ/
[2/3] k-k / ʁ-ɾ / ˈɛː-ˈe / ʁ-ɾ / ə_#>-#>
[1/3] k-k / ʁ-ɾ / ˈɛː-ˈe / ʁ-ɾ / ə-∅

-------------------

/kˈeː/ - /kˈɨ/
[3/3] k-k / ˈeː-ˈɨ

-------------------

/kˈi/ - /kˈɐ̃j̃/
[1/1] k-k / ∅-ˈɐ̃ / ˈi-j̃

-------------------

/kˈoː/ - /kˈɔɾ/
[3/5] k-k / ˈoː-ˈɔ / #>-ɾ_#>
[2/5] k-k / ˈoː-ˈɔ / ∅-ɾ

-------------------

/kˈoːʁ/ - /kˈoɾpu/
[3/4] k-k / ˈoː-ˈo / ʁ-ɾ / ∅-p / ∅-u
[1/4] k-k / ˈoː-ˈo / ʁ-ɾ / ∅-p / #>-u_#>

-------------------

/kˈoːʁ/ - /kˈuɾtu/
[2/3] k-k / ˈoː-ˈu / ʁ-ɾ / ∅-t / ∅-u
[1/3] k-k / ˈoː-ˈu / ʁ-ɾ / ∅-t / #>-u_#>

-------------------

/kˈu/ - /kˈɔlu/
[4/5] k-k / ˈu-ˈɔ / ∅-l / ∅-u
[1/5] k-k / ˈu-ˈɔ / ∅-l / #>-u_#>

-------------------

/kˈul/ - /kˈu/
[5/5] k-k / ˈu-ˈu / l-∅

-------------------

/kˈøʁna/ - /kˈoɾnu/
[4/5] k-k / ˈø-ˈo / ʁ-ɾ / n-n / a-∅ / ∅-u
[1/5] k-k / ˈø-ˈo / ʁ-ɾ / n-n / a-u

-------------------

/lejˈɔ̃/ - /ljˈɐ̃w̃/
[3/3] l-l / e-∅ / j-j / ∅-ˈɐ̃ / ˈɔ̃-w̃

-------------------

/ljˈɛvʁa/ - /lˈɛβɾɨ/
[1/4] l-l / j_ˈɛ-ˈɛ / v-β / ʁ-ɾ / a-∅ / #>-ɨ_#>
[1/4] l-l / j_ˈɛ-ˈɛ / v-β / ʁ-ɾ / a-ɨ
[1/4] l-l / j-∅ / ˈɛ-ˈɛ / v-β / ʁ-ɾ / a-∅ / ∅-ɨ
[1/4] l-l / j-∅ / ˈɛ-ˈɛ / v-β / ʁ-ɾ / a-∅ / #>-ɨ_#>

-------------------

/lwˈa/ - /lˈɔɣu/
[2/2] l-l / w-ˈɔ / ∅-ɣ / ˈa-u

-------------------

/lwˈɛ/ - /lˈɐj/
[2/4] l-l / w-∅ / ˈɛ-ˈɐ / ∅-j
[2/4] l-l / w-ˈɐ / ˈɛ-j

-------------------

/lˈa/ - /lˈɐjtɨ/
[3/5] l-l / ˈa-ˈɐ / ∅-j / ∅-t / #>-ɨ_#>
[2/5] l-l / ˈa-ˈɐ / ∅-j / ∅-t / ∅-ɨ

-------------------

/lˈak/ - /lˈaɣu/
[3/4] l-l / ˈa-ˈa / k-ɣ / ∅-u
[1/4] l-l / ˈa-ˈa / k-ɣ / #>-u_#>

-------------------

/lˈana/ - /lˈɐ̃/
[4/5] l-l / ˈa-ˈɐ̃ / n-∅ / a-∅
[1/5] l-l / ˈa-∅ / n-ˈɐ̃ / a-∅

-------------------

/lˈeɲə/ - /lˈiɲɐ/
[5/5] l-l / ˈe-ˈi / ɲ-ɲ / ə-ɐ

-------------------

/lˈibʁo/ - /lˈivɾɨ/
[3/3] l-l / ˈi-ˈi / b-v / ʁ-ɾ / o-ɨ

-------------------

/lˈiðə/ - /lˈeɾ/
[2/4] l-l / ˈi-ˈe / ð-∅ / ə-∅ / ∅-ɾ
[1/4] l-l / ˈi-∅ / ð-∅ / ə-ˈe / #>-ɾ_#>
[1/4] l-l / ˈi-ˈe / ð-ɾ / ə_#>-#>

-------------------

/lˈo/ - /lˈoβu/
[3/4] l-l / ˈo-ˈo / ∅-β / ∅-u
[1/4] l-l / ˈo-ˈo / ∅-β / #>-u_#>

-------------------

/lˈuna/ - /lˈuɐ/
[4/4] l-l / ˈu-ˈu / n-∅ / a-ɐ

-------------------

/lˈɔʁma/ - /lˈaɣɾimɐ/
[3/5] l-l / ˈɔ-ˈa / ʁ-ɣ_ɾ / ∅-i / m-m / a-ɐ
[2/5] l-l / ˈɔ-ˈa / ∅-ɣ / ʁ-ɾ / ∅-i / m-m / a-ɐ

-------------------

/lˈɛ/ - /ˈɛlɐ/
[4/5] ∅-ˈɛ / l-l / ˈɛ-ɐ
[1/5] ∅-ˈɛ / l-l / ˈɛ-∅ / ∅-ɐ

-------------------

/lˈɛtʁa/ - /lˈetɾɐ/
[4/4] l-l / ˈɛ-ˈe / t-t / ʁ-ɾ / a-ɐ

-------------------

/lˈɛ̃ɡa/ - /lˈĩɡwɐ/
[5/5] l-l / ˈɛ̃-ˈĩ / ɡ-ɡ / ∅-w / a-ɐ

-------------------

/meːtjˈa/ - /mɨtˈaðɨ/
[2/3] m-m / eː-ɨ / t-t / j-∅ / ˈa-ˈa / ∅-ð / ∅-ɨ
[1/3] m-m / eː-ɨ / t-t / j-∅ / ˈa-ˈa / ∅-ð / #>-ɨ_#>

-------------------

/mjˈɛl/ - /mˈɛɫ/
[3/4] m-m / j-∅ / ˈɛ-ˈɛ / l-ɫ
[1/4] m-m / j_ˈɛ-ˈɛ / l-ɫ

-------------------

/moʁˈi/ - /moʁˈeɾ/
[2/2] m-m / o-o / ʁ-ʁ / ˈi-ˈe / #>-ɾ_#>

-------------------

/mwˈeʃə/ - /mˈoʃkɐ/
[5/5] m-m / w-ˈo / ˈe-∅ / ∅-ʃ / ʃ-k / ə-ɐ

-------------------

/mɔ̃tˈaɲi/ - /mõtˈɐɲɐ/
[4/4] m-m / ɔ̃-õ / t-t / ˈa-ˈɐ / ɲ-ɲ / i-ɐ

-------------------

/mɛʎˈøʁ/ - /mɨʎˈɔɾ/
[4/4] m-m / ɛ-ɨ / ʎ-ʎ / ˈø-ˈɔ / ʁ-ɾ

-------------------

/mˈeːʁ/ - /mˈaɾ/
[4/4] m-m / ˈeː-ˈa / ʁ-ɾ

-------------------

/mˈil/ - /mˈiɫ/
[3/3] m-m / ˈi-ˈi / l-ɫ

-------------------

/mˈoːʁ/ - /mˈɔɾtɨ/
[3/4] m-m / ˈoː-ˈɔ / ʁ-ɾ / ∅-t / #>-ɨ_#>
[1/4] m-m / ˈoː-ˈɔ / ʁ-ɾ / ∅-t / ∅-ɨ

-------------------

/mˈuʁdʁə/ - /muɾsɨɣˈaɾ/
[1/1] m-m / ˈu-u / ʁ-ɾ / ∅-s / ∅-ɨ / d-ɣ / ∅-ˈa / ʁ-ɾ / ə_#>-#>

-------------------

/mˈuʁdʁə/ - /muɾðˈeɾ/
[2/4] m-m / ˈu-u / ʁ-ɾ / d-ð / ʁ-∅ / ə-ˈe / #>-ɾ_#>
[1/4] m-m / ˈu-u / ʁ-ɾ / d-ð / ∅-ˈe / ʁ-ɾ / ə-∅
[1/4] m-m / ˈu-u / ʁ-ɾ / d-ð / ʁ-∅ / ə-ˈe / ∅-ɾ

-------------------

/mˈøʁ/ - /mɐðˈuɾu/
[3/4] m-m / ∅-ɐ / ∅-ð / ˈø-ˈu / ʁ-ɾ / ∅-u
[1/4] m-m / ∅-ɐ / ∅-ð / ˈø-ˈu / ʁ-ɾ / #>-u_#>

-------------------

/mˈɑ̃/ - /mˈɐ̃w̃/
[3/4] m-m / ˈɑ̃-ˈɐ̃ / #>-w̃_#>
[1/4] m-m / ˈɑ̃-ˈɐ̃ / ∅-w̃

-------------------

/mˈɛ/ - /mˈɨ/
[3/3] m-m / ˈɛ-ˈɨ

-------------------

/njˈɔ̃/ - /nɨɲˈũ/
[2/3] n-n / j-ɨ / ∅-ɲ / ˈɔ̃-ˈũ
[1/3] n-n / ∅-ɨ / j-ɲ / ˈɔ̃-ˈũ

-------------------

/nwˈɛ/ - /nˈojtɨ/
[3/4] n-n / w-ˈo / ˈɛ-j / ∅-t / #>-ɨ_#>
[1/4] n-n / w-ˈo / ˈɛ-j / ∅-t / ∅-ɨ

-------------------

/nwˈɛ/ - /nˈɔʃ/
[3/5] n-n / w-ˈɔ / ˈɛ-∅ / #>-ʃ_#>
[2/5] n-n / w-ˈɔ / ˈɛ-∅ / ∅-ʃ

-------------------

/nˈajtʁə/ - /nɐʃsˈeɾ/
[2/4] n-n / ˈa-∅ / ∅-ɐ / ∅-ʃ / ∅-s / j-ˈe / t-∅ / ʁ-ɾ / ə_#>-#>
[1/4] n-n / ˈa-ɐ / ∅-ʃ / ∅-s / j-ˈe / t-∅ / ʁ-ɾ / ə-∅
[1/4] n-n / ˈa-ɐ / j-∅ / t-ʃ / ʁ-∅ / ∅-s / ə-ˈe / ∅-ɾ

-------------------

/nˈeːf/ - /nˈɛvɨ/
[3/5] n-n / ˈeː-ˈɛ / f-v / #>-ɨ_#>
[2/5] n-n / ˈeː-ˈɛ / f-v / ∅-ɨ

-------------------

/nˈeːʁ/ - /nˈeɣɾu/
[3/5] n-n / ˈeː-ˈe / ʁ-ɣ_ɾ / ∅-u
[1/5] n-n / ˈeː-ˈe / ∅-ɣ / ʁ-ɾ / ∅-u
[1/5] n-n / ˈeː-ˈe / ∅-ɣ / ʁ-ɾ / #>-u_#>

-------------------

/nˈo/ - /nˈɔʃ/
[3/4] n-n / ˈo-ˈɔ / #>-ʃ_#>
[1/4] n-n / ˈo-ˈɔ / ∅-ʃ

-------------------

/nˈoːf/ - /nˈɔvɨ/
[3/4] n-n / ˈoː-ˈɔ / f-v / #>-ɨ_#>
[1/4] n-n / ˈoː-ˈɔ / f-v / ∅-ɨ

-------------------

/nˈoːtʁo/ - /nˈɔsu/
[4/4] n-n / ˈoː-ˈɔ / t-s / ʁ-∅ / o-u

-------------------

/nˈɔ/ - /nɐɾˈiʃ/
[2/4] n-n / ∅-ɐ / ∅-ɾ / ˈɔ-ˈi / #>-ʃ_#>
[1/4] n-n / ∅-ɐ / ∅-ɾ / ˈɔ-ˈi / ∅-ʃ
[1/4] n-n / ˈɔ-ɐ / ∅-ɾ / ∅-ˈi / #>-ʃ_#>

-------------------

/nˈɔvo/ - /nˈovu/
[4/4] n-n / ˈɔ-ˈo / v-v / o-u

-------------------

/nˈɔ̃/ - /nˈomɨ/
[3/5] n-n / ˈɔ̃-ˈo / ∅-m / #>-ɨ_#>
[1/5] n-n / ∅-ˈo / ∅-m / ˈɔ̃-ɨ
[1/5] n-n / ˈɔ̃-ˈo / ∅-m / ∅-ɨ

-------------------

/ovʁjˈɛ/ - /ɔβɾˈɐjɾu/
[4/4] o-ɔ / v-β / ʁ-ɾ / j-ˈɐ / ˈɛ-j / ∅-ɾ / ∅-u

-------------------

/oʁˈiʎə/ - /ɔɾˈɐjʎɐ/
[3/3] o-ɔ / ʁ-ɾ / ˈi-ˈɐ / ∅-j / ʎ-ʎ / ə-ɐ

-------------------

/oːtˈɔn/ - /owtˈonu/
[2/3] oː-o / ∅-w / t-t / ˈɔ-ˈo / n-n / ∅-u
[1/3] oː-o / ∅-w / t-t / ˈɔ-ˈo / n-n / #>-u_#>

-------------------

/palˈɛ/ - /pˈasu/
[3/4] p-p / a-∅ / l-∅ / ˈɛ-ˈa / ∅-s / ∅-u
[1/4] p-p / a-∅ / l-∅ / ˈɛ-ˈa / ∅-s / #>-u_#>

-------------------

/paʁˈɔla/ - /pɐlˈavɾɐ/
[5/5] p-p / a-ɐ / ʁ-∅ / ˈɔ-∅ / l-l / ∅-ˈa / ∅-v / ∅-ɾ / a-ɐ

-------------------

/pjˈuʎ/ - /pjˈoʎu/
[4/5] p-p / j-j / ˈu-ˈo / ʎ-ʎ / ∅-u
[1/5] p-p / j-j / ˈu-ˈo / ʎ-ʎ / #>-u_#>

-------------------

/pjˈɛʁa/ - /pˈɛðɾɐ/
[3/4] p-p / j-∅ / ˈɛ-ˈɛ / ∅-ð / ʁ-ɾ / a-ɐ
[1/4] p-p / j_ˈɛ-ˈɛ / ∅-ð / ʁ-ɾ / a-ɐ

-------------------

/ploʁˈa/ - /ʃuɾˈaɾ/
[3/5] p-ʃ / l-∅ / o-u / ʁ-ɾ / ˈa-ˈa / #>-ɾ_#>
[2/5] p-ʃ / l-∅ / o-u / ʁ-ɾ / ˈa-ˈa / ∅-ɾ

-------------------

/plˈoma/ - /pˈenɐ/
[4/5] p-p / l-∅ / ˈo-ˈe / m-n / a-ɐ
[1/5] p-p / l-∅ / ∅-ˈe / ˈo-n / m-∅ / a-ɐ

-------------------

/povˈeːʁ/ - /puðˈeɾ/
[3/3] p-p / o-u / v-ð / ˈeː-ˈe / ʁ-ɾ

-------------------

/pwˈe/ - /pˈowku/
[3/4] p-p / w-ˈo / ˈe-w / ∅-k / ∅-u
[1/4] p-p / w-ˈo / ˈe-w / ∅-k / #>-u_#>

-------------------

/pwˈeːʦ/ - /pˈosu/
[3/4] p-p / w-ˈo / ˈeː-∅ / ʦ-s / ∅-u
[1/4] p-p / w-ˈo / ˈeː-∅ / ʦ-s / #>-u_#>

-------------------

/pwˈɛʁk/ - /pˈoɾku/
[3/4] p-p / w-ˈo / ˈɛ-∅ / ʁ-ɾ / k-k / ∅-u
[1/4] p-p / w-ˈo / ˈɛ-∅ / ʁ-ɾ / k-k / #>-u_#>

-------------------

/pwˈɛ̃/ - /pˈõtu/
[4/4] p-p / w-ˈõ / ∅-t / ˈɛ̃-u

-------------------

/pwˈɛ̃/ - /pˈuɲu/
[2/2] p-p / w-ˈu / ˈɛ̃-ɲ / ∅-u

-------------------

/pətjˈoː/ - /pɨkˈenu/
[2/4] p-p / ə-ɨ / t-k / j-ˈe / ˈoː-n / ∅-u
[1/4] p-p / ∅-ɨ / ∅-k / ə-ˈe / t-∅ / ∅-n / j-u / ˈoː-∅
[1/4] p-p / ə-ɨ / t-k / j-ˈe / ˈoː-n / #>-u_#>

-------------------

/pʁˈiʃ/ - /pɾˈesu/
[3/4] p-p / ʁ-ɾ / ˈi-ˈe / ʃ-s / ∅-u
[1/4] p-p / ʁ-ɾ / ˈi-ˈe / ʃ-s / #>-u_#>

-------------------

/pʎˈoʒə/ - /ʃˈuvɐ/
[4/4] p-ʃ / ʎ-∅ / ˈo-ˈu / ʒ-v / ə-ɐ

-------------------

/pˈeːl/ - /pˈelu/
[2/3] p-p / ˈeː-ˈe / l-l / ∅-u
[1/3] p-p / ˈeː-ˈe / l-l / #>-u_#>

-------------------

/pˈeːna/ - /pˈenɐ/
[4/4] p-p / ˈeː-ˈe / n-n / a-ɐ

-------------------

/pˈeːsɔ̃/ - /pˈɐjʃɨ/
[4/4] p-p / ˈeː-ˈɐ / ∅-j / s-ʃ / ɔ̃-ɨ

-------------------

/pˈeːʁʃə/ - /pˈesɨɣu/
[4/5] p-p / ˈeː-ˈe / ʁ-∅ / ʃ-s / ə-ɨ / ∅-ɣ / ∅-u
[1/5] p-p / ˈeː-ˈe / ʁ-∅ / ʃ-s / ə-ɨ / ∅-ɣ / #>-u_#>

-------------------

/pˈi/ - /pˈɛ/
[5/5] p-p / ˈi-ˈɛ

-------------------

/pˈuvʁo/ - /pˈɔβɾɨ/
[5/5] p-p / ˈu-ˈɔ / v-β / ʁ-ɾ / o-ɨ

-------------------

/pˈɑ̃/ - /pˈɐ̃w̃/
[2/4] p-p / ˈɑ̃-ˈɐ̃ / ∅-w̃
[2/4] p-p / ˈɑ̃-ˈɐ̃ / #>-w̃_#>

-------------------

/pˈɔ̃/ - /pˈõtɨ/
[3/3] p-p / ˈɔ̃-ˈõ / ∅-t / #>-ɨ_#>

-------------------

/pˈɔ̃dʁə/ - /pˈoɾ/
[2/4] p-p / ˈɔ̃-ˈo / d-∅ / ʁ-ɾ / ə_#>-#>
[2/4] p-p / ˈɔ̃-ˈo / d-∅ / ʁ-ɾ / ə-∅

-------------------

/pˈɛl/ - /pˈɛlɨ/
[3/5] p-p / ˈɛ-ˈɛ / l-l / #>-ɨ_#>
[2/5] p-p / ˈɛ-ˈɛ / l-l / ∅-ɨ

-------------------

/pˈɛtʁo/ - /pˈɐjtu/
[3/4] p-p / ˈɛ-ˈɐ / ∅-j / t-t / ʁ-∅ / o-u
[1/4] p-p / ∅-ˈɐ / ˈɛ-j / t-t / ʁ-∅ / o-u

-------------------

/pˈɛʃ/ - /pˈaʃ/
[4/4] p-p / ˈɛ-ˈa / ʃ-ʃ

-------------------

/salˈu/ - /sɐˈuðɨ/
[2/4] s-s / a-ɐ / l-∅ / ˈu-ˈu / ∅-ð / ∅-ɨ
[2/4] s-s / a-ɐ / l-∅ / ˈu-ˈu / ∅-ð / #>-ɨ_#>

-------------------

/savˈeːʁ/ - /sɐβˈeɾ/
[4/4] s-s / a-ɐ / v-β / ˈeː-ˈe / ʁ-ɾ

-------------------

/seʁˈizə/ - /sɨɾˈɐjʒɐ/
[4/4] s-s / e-ɨ / ʁ-ɾ / ˈi-ˈɐ / ∅-j / z-ʒ / ə-ɐ

-------------------

/sitˈɔ/ - /siðˈaðɨ/
[3/4] s-s / i-i / t-ð / ˈɔ-ˈa / ∅-ð / #>-ɨ_#>
[1/4] s-s / i-i / t-ð / ˈɔ-ˈa / ∅-ð / ∅-ɨ

-------------------

/sĩkwˈɑ̃ta/ - /sĩkwˈẽtɐ/
[5/5] s-s / ĩ-ĩ / k-k / w-w / ˈɑ̃-ˈẽ / t-t / a-ɐ

-------------------

/sjˈeːʃ/ - /sˈɐjʃ/
[4/4] s-s / j-ˈɐ / ˈeː-j / ʃ-ʃ

-------------------

/sjˈɛl/ - /sˈɛw/
[1/2] s-s / j_ˈɛ-ˈɛ / l-w
[1/2] s-s / j-∅ / ˈɛ-ˈɛ / l-w

-------------------

/swˈɛ/ - /sˈeðɐ/
[3/3] s-s / w-∅ / ˈɛ-ˈe / ∅-ð / ∅-ɐ

-------------------

/sɔlˈej/ - /sˈɔɫ/
[4/4] s-s / ɔ-ˈɔ / l-ɫ / ˈe-∅ / j-∅

-------------------

/səmˈana/ - /sɨmˈɐnɐ/
[4/4] s-s / ə-ɨ / m-m / ˈa-ˈɐ / n-n / a-ɐ

-------------------

/sˈal/ - /sˈaɫ/
[4/4] s-s / ˈa-ˈa / l-ɫ

-------------------

/sˈana/ - /sˈɐ̃/
[3/3] s-s / ˈa-ˈɐ̃ / n-∅ / a-∅

-------------------

/sˈaðo/ - /sˈaβju/
[2/2] s-s / ˈa-ˈa / ð-β / ∅-j / o-u

-------------------

/sˈiʁa/ - /sˈeɾɐ/
[4/4] s-s / ˈi-ˈe / ʁ-ɾ / a-ɐ

-------------------

/sˈiʃ/ - /sˈɐjʃ/
[1/1] s-s / ˈi-ˈɐ / ∅-j / ʃ-ʃ

-------------------

/sˈoːsa/ - /sˈaɫsɐ/
[4/4] s-s / ˈoː-ˈa / ∅-ɫ / s-s / a-ɐ

-------------------

/sˈy/ - /sˈoβɾɨ/
[2/4] s-s / ˈy-ˈo / ∅-β / ∅-ɾ / ∅-ɨ
[2/4] s-s / ˈy-ˈo / ∅-β / ∅-ɾ / #>-ɨ_#>

-------------------

/sˈɑ̃/ - /kˈɐ̃tu/
[2/3] s-∅ / ∅-k / ˈɑ̃-ˈɐ̃ / ∅-t / ∅-u
[1/3] s-∅ / ∅-k / ˈɑ̃-ˈɐ̃ / ∅-t / #>-u_#>

-------------------

/sˈɑ̃/ - /sˈɐ̃tu/
[3/4] s-s / ˈɑ̃-ˈɐ̃ / ∅-t / ∅-u
[1/4] s-s / ˈɑ̃-ˈɐ̃ / ∅-t / #>-u_#>

-------------------

/sˈɑ̃/ - /sˈɐ̃w̃/
[3/5] s-s / ˈɑ̃-ˈɐ̃ / #>-w̃_#>
[2/5] s-s / ˈɑ̃-ˈɐ̃ / ∅-w̃

-------------------

/sˈɑ̃/ - /sˈɐ̃ɡɨ/
[2/4] s-s / ˈɑ̃-ˈɐ̃ / ∅-ɡ / ∅-ɨ
[2/4] s-s / ˈɑ̃-ˈɐ̃ / ∅-ɡ / #>-ɨ_#>

-------------------

/sˈɔ/ - /sˈaβɨʃ/
[3/5] s-s / ˈɔ-ˈa / ∅-β / ∅-ɨ / #>-ʃ_#>
[2/5] s-s / ˈɔ-ˈa / ∅-β / ∅-ɨ / ∅-ʃ

-------------------

/sˈɔbjo/ - /sˈajβɐ/
[2/4] s-s / ˈɔ-ˈa / b-∅ / j-j / ∅-β / o-ɐ
[2/4] s-s / ˈɔ-ˈa / b-∅ / j-j / o-∅ / ∅-β / ∅-ɐ

-------------------

/sˈɛt/ - /sˈeku/
[2/4] s-s / ˈɛ-ˈe / t-k / ∅-u
[1/4] s-s / ˈɛ-ˈe / t-∅ / ∅-k / ∅-u
[1/4] s-s / ˈɛ-ˈe / t-k / #>-u_#>

-------------------

/sˈɛt/ - /sˈɛtɨ/
[2/3] s-s / ˈɛ-ˈɛ / t-t / ∅-ɨ
[1/3] s-s / ˈɛ-ˈɛ / t-t / #>-ɨ_#>

-------------------

/sˈɛta/ - /sˈekɐ/
[3/3] s-s / ˈɛ-ˈe / t-k / a-ɐ

-------------------

/sˈɛ̃/ - /sˈẽtu/
[3/4] s-s / ˈɛ̃-ˈẽ / ∅-t / ∅-u
[1/4] s-s / ˈɛ̃-ˈẽ / ∅-t / #>-u_#>

-------------------

/tʁˈeː/ - /tɾˈeʃ/
[3/5] t-t / ʁ-ɾ / ˈeː-ˈe / #>-ʃ_#>
[2/5] t-t / ʁ-ɾ / ˈeː-ˈe / ∅-ʃ

-------------------

/tˈeːʁa/ - /tˈɛʁɐ/
[4/4] t-t / ˈeː-ˈɛ / ʁ-ʁ / a-ɐ

-------------------

/tˈo/ - /tˈoðu/
[3/4] t-t / ˈo-ˈo / ∅-ð / ∅-u
[1/4] t-t / ˈo-ˈo / ∅-ð / #>-u_#>

-------------------

/tˈoːs/ - /tˈoðuʃ/
[2/4] t-t / ˈoː-ˈo / s-ð / ∅-u / #>-ʃ_#>
[1/4] t-t / ˈoː-ˈo / ∅-ð / ∅-u / s-ʃ
[1/4] t-t / ˈoː-ˈo / s-ð / ∅-u / ∅-ʃ

-------------------

/tˈɛ/ - /tˈu/
[5/5] t-t / ˈɛ-ˈu

-------------------

/tˈɛta/ - /tˈɛʃtɐ/
[3/5] t-t / ˈɛ-ˈɛ / t-ʃ_t / a-ɐ
[2/5] t-t / ˈɛ-ˈɛ / ∅-ʃ / t-t / a-ɐ

-------------------

/tˈɛ̃/ - /tˈẽpu/
[2/2] t-t / ˈɛ̃-ˈẽ / ∅-p / ∅-u

-------------------

/vjˈøʎ/ - /vˈɐjʎu/
[3/4] v-v / j-ˈɐ / ˈø-j / ʎ-ʎ / ∅-u
[1/4] v-v / j-ˈɐ / ˈø-j / ʎ-ʎ / #>-u_#>

-------------------

/vwˈɛ/ - /vˈiɐ/
[3/4] v-v / w-∅ / ˈɛ-ˈi / ∅-ɐ
[1/4] v-v / w-ˈi / ˈɛ-ɐ

-------------------

/vwˈɛʃ/ - /vˈɔʃ/
[5/5] v-v / w-ˈɔ / ˈɛ-∅ / ʃ-ʃ

-------------------

/vɔlˈa/ - /vwˈaɾ/
[3/5] v-v / ɔ-w / l-∅ / ˈa-ˈa / #>-ɾ_#>
[2/5] v-v / ɔ-w / l-∅ / ˈa-ˈa / ∅-ɾ

-------------------

/vənˈi/ - /vˈiɾ/
[2/4] v-v / ə-∅ / n-∅ / ˈi-ˈi / ∅-ɾ
[2/4] v-v / ə-∅ / n-∅ / ˈi-ˈi / #>-ɾ_#>

-------------------

/vəzˈĩ/ - /vɨzˈiɲu/
[2/2] v-v / ə-ɨ / z-z / ∅-ˈi / ˈĩ-ɲ / ∅-u

-------------------

/vˈaʃi/ - /vˈakɐ/
[4/4] v-v / ˈa-ˈa / ʃ-k / i-ɐ

-------------------

/vˈeːðə/ - /vˈeɾ/
[2/4] v-v / ˈeː-ˈe / ð-∅ / ə-∅ / ∅-ɾ
[1/4] v-v / ˈeː-ˈe / ð-∅ / ə-∅ / #>-ɾ_#>
[1/4] v-v / ˈeː-ˈe / ð-ɾ / ə_#>-#>

-------------------

/vˈia/ - /vˈiðɐ/
[5/5] v-v / ˈi-ˈi / ∅-ð / a-ɐ

-------------------

/vˈila/ - /vˈilɐ/
[5/5] v-v / ˈi-ˈi / l-l / a-ɐ

-------------------

/vˈĩ/ - /vˈiɲu/
[2/5] v-v / ∅-ˈi / ˈĩ-ɲ / ∅-u
[2/5] v-v / ˈĩ-ˈi / ∅-ɲ / ∅-u
[1/5] v-v / ∅-ˈi / ˈĩ-ɲ / #>-u_#>

-------------------

/vˈo/ - /vˈɔʃ/
[3/5] v-v / ˈo-ˈɔ / #>-ʃ_#>
[2/5] v-v / ˈo-ˈɔ / ∅-ʃ

-------------------

/vˈɛno/ - /vˈɐjɲu/
[3/5] v-v / ˈɛ-ˈɐ / ∅-j / n-ɲ / o-u
[2/5] v-v / ∅-ˈɐ / ˈɛ-j / n-ɲ / o-u

-------------------

/vˈɛʁ/ - /vˈeɾðɨ/
[1/2] v-v / ˈɛ-ˈe / ʁ-ɾ / ∅-ð / ∅-ɨ
[1/2] v-v / ˈɛ-ˈe / ʁ-ɾ / ∅-ð / #>-ɨ_#>

-------------------

/vˈɛʁm/ - /vˈɛɾmɨ/
[2/3] v-v / ˈɛ-ˈɛ / ʁ-ɾ / m-m / #>-ɨ_#>
[1/3] v-v / ˈɛ-ˈɛ / ʁ-ɾ / m-m / ∅-ɨ

-------------------

/vˈɛ̃/ - /vˈẽtu/
[2/3] v-v / ˈɛ̃-ˈẽ / ∅-t / ∅-u
[1/3] v-v / ˈɛ̃-ˈẽ / ∅-t / #>-u_#>

-------------------

/vˈɛ̃t/ - /vˈĩtɨ/
[3/4] v-v / ˈɛ̃-ˈĩ / t-t / #>-ɨ_#>
[1/4] v-v / ˈɛ̃-ˈĩ / t-t / ∅-ɨ

-------------------

/vˈɛ̃tʁo/ - /vˈẽtɾɨ/
[5/5] v-v / ˈɛ̃-ˈẽ / t-t / ʁ-ɾ / o-ɨ

-------------------

/wˈej/ - /ˈoʎu/
[4/4] w-ˈo / ˈe-ʎ / j-u

-------------------

/wˈevʁa/ - /ˈɔβɾɐ/
[5/5] w-ˈɔ / ˈe-∅ / v-β / ʁ-ɾ / a-ɐ

-------------------

/wˈɛ/ - /ˈojtu/
[3/4] w-ˈo / ˈɛ-j / ∅-t / ∅-u
[1/4] w-ˈo / ˈɛ-j / ∅-t / #>-u_#>

-------------------

/ðwˈɛ/ - /ʒˈoɣu/
[3/3] ð-ʒ / w-ˈo / ∅-ɣ / ˈɛ-u

-------------------

/ðɛ̃sˈiva/ - /ʒẽʒˈivɐ/
[4/4] ð-ʒ / ɛ̃-ẽ / s-ʒ / ˈi-ˈi / v-v / a-ɐ

-------------------

/ɡʁˈoː/ - /ɡɾˈosu/
[3/4] ɡ-ɡ / ʁ-ɾ / ˈoː-ˈo / ∅-s / ∅-u
[1/4] ɡ-ɡ / ʁ-ɾ / ˈoː-ˈo / ∅-s / #>-u_#>

-------------------

/ɡʁˈɑ̃/ - /ɡɾˈɐ̃dɨ/
[3/4] ɡ-ɡ / ʁ-ɾ / ˈɑ̃-ˈɐ̃ / ∅-d / #>-ɨ_#>
[1/4] ɡ-ɡ / ʁ-ɾ / ˈɑ̃-ˈɐ̃ / ∅-d / ∅-ɨ

-------------------

/ɡʁˈɛsə/ - /ɡɾˈaʃɐ/
[3/3] ɡ-ɡ / ʁ-ɾ / ˈɛ-ˈa / s-ʃ / ə-ɐ

-------------------

/ɡʁˈɛːna/ - /ɡɾˈɐ̃w̃/
[3/5] ɡ-ɡ / ʁ-ɾ / ∅-ˈɐ̃ / ˈɛː-w̃ / n-∅ / a-∅
[2/5] ɡ-ɡ / ʁ-ɾ / ˈɛː-ˈɐ̃ / n-w̃ / a-∅

-------------------

/ɡˈota/ - /ɡˈotɐ/
[4/4] ɡ-ɡ / ˈo-ˈo / t-t / a-ɐ

-------------------

/ɡˈøla/ - /ɡˈɔlɐ/
[5/5] ɡ-ɡ / ˈø-ˈɔ / l-l / a-ɐ

-------------------

/ɲˈol/ - /nˈuvɐ̃j̃/
[5/5] ɲ-n / ˈo-ˈu / ∅-v / l-ɐ̃ / ∅-j̃

-------------------

/ʁasˈena/ - /ʁɐˈiʃ/
[3/5] ʁ-ʁ / a-ɐ / s-∅ / ˈe-ˈi / n-∅ / a-∅ / #>-ʃ_#>
[2/5] ʁ-ʁ / a-ɐ / s-∅ / ˈe-ˈi / n-∅ / a-∅ / ∅-ʃ

-------------------

/ʁeːzˈɔ̃/ - /ʁɐzˈɐ̃w̃/
[3/4] ʁ-ʁ / eː-ɐ / z-z / ∅-ˈɐ̃ / ˈɔ̃-w̃
[1/4] ʁ-ʁ / eː-ɐ / z-z / ˈɔ̃-ˈɐ̃ / ∅-w̃

-------------------

/ʁjˈɔ̃/ - /ʁɨðˈõdu/
[3/4] ʁ-ʁ / ∅-ɨ / j-ð / ˈɔ̃-ˈõ / ∅-d / ∅-u
[1/4] ʁ-ʁ / ∅-ɨ / j-ð / ˈɔ̃-ˈõ / ∅-d / #>-u_#>

-------------------

/ʁɔmˈɛ̃/ - /ʁumˈɐ̃w̃/
[2/4] ʁ-ʁ / ɔ-u / m-m / ˈɛ̃-ˈɐ̃ / ∅-w̃
[2/4] ʁ-ʁ / ɔ-u / m-m / ˈɛ̃-ˈɐ̃ / #>-w̃_#>

-------------------

/ʁˈeː/ - /ʁˈɐj/
[5/5] ʁ-ʁ / ˈeː-ˈɐ / ∅-j

-------------------

/ʁˈeːna/ - /ʁɐˈiɲɐ/
[2/2] ʁ-ʁ / ∅-ɐ / ˈeː-ˈi / n-ɲ / a-ɐ

-------------------

/ʁˈuʃ/ - /ʁˈoʃu/
[3/4] ʁ-ʁ / ˈu-ˈo / ʃ-ʃ / ∅-u
[1/4] ʁ-ʁ / ˈu-ˈo / ʃ-ʃ / #>-u_#>

-------------------

/ʁˈuʃ/ - /ʁˈujvu/
[1/1] ʁ-ʁ / ˈu-ˈu / ∅-j / ʃ-v / ∅-u

-------------------

/ʃasjˈɛ/ - /kɐsˈaɾ/
[2/5] ʃ-k / a-ɐ / s-s / j_ˈɛ-ˈa / #>-ɾ_#>
[1/5] ʃ-k / a-ɐ / s-s / j-∅ / ˈɛ-ˈa / ∅-ɾ
[1/5] ʃ-k / a-ɐ / s-s / j-∅ / ˈɛ-ˈa / #>-ɾ_#>
[1/5] ʃ-k / a-ɐ / s-s / j-ˈa / ˈɛ-∅ / ∅-ɾ

-------------------

/ʃĩʒjˈɛ/ - /kɐ̃bjˈaɾ/
[3/5] ʃ-k / ĩ-ɐ̃ / ʒ-b / j-j / ˈɛ-ˈa / #>-ɾ_#>
[2/5] ʃ-k / ĩ-ɐ̃ / ʒ-b / j-j / ˈɛ-ˈa / ∅-ɾ

-------------------

/ʃjˈɛs/ - /kˈazɐ/
[2/3] ʃ-k / j_ˈɛ-ˈa / s-z / ∅-ɐ
[1/3] ʃ-k / j-ˈa / ˈɛ-∅ / s-z / ∅-ɐ

-------------------

/ʃjˈɛvʁa/ - /kˈaβɾɐ/
[2/5] ʃ-k / j_ˈɛ-ˈa / v-β / ʁ-ɾ / a-ɐ
[2/5] ʃ-k / j-∅ / ˈɛ-ˈa / v-β / ʁ-ɾ / a-ɐ
[1/5] ʃ-k / j-ˈa / ˈɛ-∅ / v-β / ʁ-ɾ / a-ɐ

-------------------

/ʃwˈeza/ - /kˈojzɐ/
[4/4] ʃ-k / w-ˈo / ˈe-j / z-z / a-ɐ

-------------------

/ʃɔtˈɛl/ - /kɐʃtˈɛlu/
[2/4] ʃ-k / ɔ-ɐ / ∅-ʃ / t-t / ˈɛ-ˈɛ / l-l / ∅-u
[2/4] ʃ-k / ɔ-ɐ / t-ʃ_t / ˈɛ-ˈɛ / l-l / ∅-u

-------------------

/ʃəvˈal/ - /kɐvˈalu/
[4/5] ʃ-k / ə-ɐ / v-v / ˈa-ˈa / l-l / ∅-u
[1/5] ʃ-k / ə-ɐ / v-v / ˈa-ˈa / l-l / #>-u_#>

-------------------

/ʃəvˈɛl/ - /kɐβˈelu/
[4/5] ʃ-k / ə-ɐ / v-β / ˈɛ-ˈe / l-l / ∅-u
[1/5] ʃ-k / ə-ɐ / v-β / ˈɛ-ˈe / l-l / #>-u_#>

-------------------

/ʃˈa/ - /ɡˈatu/
[2/3] ʃ-ɡ / ˈa-ˈa / ∅-t / ∅-u
[1/3] ʃ-ɡ / ˈa-ˈa / ∅-t / #>-u_#>

-------------------

/ʃˈeːʁ/ - /kˈaɾnɨ/
[3/5] ʃ-k / ˈeː-ˈa / ʁ-ɾ / ∅-n / #>-ɨ_#>
[2/5] ʃ-k / ˈeː-ˈa / ʁ-ɾ / ∅-n / ∅-ɨ

-------------------

/ʃˈĩ/ - /kˈɐ̃w̃/
[4/4] ʃ-k / ∅-ˈɐ̃ / ˈĩ-w̃

-------------------

/ʃˈoː/ - /kˈaɫdu/
[3/3] ʃ-k / ˈoː-ˈa / ∅-ɫ / ∅-d / ∅-u

-------------------

/ʃˈøza/ - /kˈojzɐ/
[1/1] ʃ-k / ˈø-ˈo / ∅-j / z-z / a-ɐ

-------------------

/ʃˈɔnə/ - /kɐðˈɐjɐ/
[1/1] ʃ-k / ˈɔ-ɐ / ∅-ð / n-ˈɐ / ∅-j / ə-ɐ

-------------------

/ʃˈɛʁ/ - /kˈaɾu/
[3/4] ʃ-k / ˈɛ-ˈa / ʁ-ɾ / ∅-u
[1/4] ʃ-k / ˈɛ-ˈa / ʁ-ɾ / #>-u_#>

-------------------

/ʒwˈeno/ - /ʒˈɔvɐ̃j̃/
[4/4] ʒ-ʒ / w-ˈɔ / ∅-v / ˈe-ɐ̃ / n-∅ / o-j̃

-------------------

/ʒwˈɛ̃/ - /ʒˈuɲu/
[1/3] ʒ-ʒ / w-ˈu / ∅-ɲ / ˈɛ̃-u
[1/3] ʒ-ʒ / w-ˈu / ˈɛ̃-ɲ / ∅-u
[1/3] ʒ-ʒ / w-ˈu / ˈɛ̃-ɲ / #>-u_#>

-------------------

/ʒənˈuʎ/ - /ʒwˈɐjʎu/
[4/5] ʒ-ʒ / ∅-w / ə-ˈɐ / n-∅ / ˈu-j / ʎ-ʎ / ∅-u
[1/5] ʒ-ʒ / ∅-w / ə-ˈɐ / n-∅ / ˈu-j / ʎ-ʎ / #>-u_#>

-------------------

/ʒˈe/ - /ˈew/
[1/1] ʒ-∅ / ∅-ˈe / ˈe-w

-------------------

/ʒˈuðo/ - /ʒuˈiʃ/
[4/5] ʒ-ʒ / ˈu-u / ∅-ˈi / ð-ʃ / o-∅
[1/5] ʒ-ʒ / ˈu-∅ / ð-∅ / o-u / ∅-ˈi / #>-ʃ_#>

-------------------

/ʒˈɛ̃/ - /ʒˈẽtɨ/
[3/5] ʒ-ʒ / ˈɛ̃-ˈẽ / ∅-t / #>-ɨ_#>
[2/5] ʒ-ʒ / ˈɛ̃-ˈẽ / ∅-t / ∅-ɨ

-------------------

/ˈi/ - /ˈelɨ/
[2/4] ˈi-ˈe / ∅-l / ∅-ɨ
[2/4] ˈi-ˈe / ∅-l / #>-ɨ_#>

-------------------

/ˈila/ - /ˈinswɐ/
[1/1] ˈi-ˈi / ∅-n / ∅-s / l-w / a-ɐ

-------------------

/ˈila/ - /ˈiʎɐ/
[4/4] ˈi-ˈi / l-ʎ / a-ɐ

-------------------

/ˈiʎ/ - /ˈaʎu/
[2/3] ˈi-ˈa / ʎ-ʎ / ∅-u
[1/3] ˈi-ˈa / ʎ-ʎ / #>-u_#>

-------------------

/ˈof/ - /ˈovu/
[2/3] ˈo-ˈo / f-v / ∅-u
[1/3] ˈo-ˈo / f-v / #>-u_#>

-------------------

/ˈomo/ - /ˈɔmɐ̃j̃/
[3/3] ˈo-ˈɔ / m-m / ∅-ɐ̃ / o-j̃

-------------------

/ˈos/ - /ˈosu/
[3/3] ˈo-ˈo / s-s / ∅-u

-------------------

/ˈoːtʁo/ - /ˈowtɾu/
[3/4] ˈoː-ˈo / ∅-w / t-t / ʁ-ɾ / o-u
[1/4] ∅-ˈo / ˈoː-w / t-t / ʁ-ɾ / o-u

-------------------

/ˈoːʁ/ - /ˈowɾu/
[3/4] ˈoː-ˈo / ∅-w / ʁ-ɾ / ∅-u
[1/4] ∅-ˈo / ˈoː-w / ʁ-ɾ / ∅-u

-------------------

/ˈoːʁs/ - /ˈusu/
[3/4] ˈoː-ˈu / ʁ-∅ / s-s / ∅-u
[1/4] ˈoː-ˈu / ʁ-∅ / s-s / #>-u_#>

-------------------

/ˈɑ̃ðə/ - /ˈɐ̃ʒu/
[2/4] ˈɑ̃-ˈɐ̃ / ð-ʒ / ə-∅ / ∅-u
[2/4] ˈɑ̃-ˈɐ̃ / ð-ʒ / ə-u

-------------------

/ˈɔvə/ - /ɐβˈɐjʎɐ/
[1/1] ˈɔ-ɐ / v-β / ∅-ˈɐ / ∅-j / ∅-ʎ / ə-ɐ

-------------------

/ˈɔʁba/ - /ˈaɫvɐ/
[2/3] ˈɔ-ˈa / ʁ-ɫ / b-v / a-ɐ
[1/3] ˈɔ-ˈa / ʁ-∅ / ∅-ɫ / b-v / a-ɐ

-------------------

/ˈɔʁbʁo/ - /ˈaɾvuɾɨ/
[4/4] ˈɔ-ˈa / ʁ-ɾ / b-v / ∅-u / ʁ-ɾ / o-ɨ

-------------------

/ˈɔʁma/ - /ˈaɫmɐ/
[2/3] ˈɔ-ˈa / ʁ-ɫ / m-m / a-ɐ
[1/3] ˈɔ-ˈa / ʁ-∅ / ∅-ɫ / m-m / a-ɐ

-------------------

/ˈɔ̃ɡʎə/ - /ˈuɲɐ/
[2/3] ˈɔ̃-ˈu / ɡ-ɲ / ʎ-∅ / ə-ɐ
[1/3] ˈɔ̃-ˈu / ɡ-∅ / ʎ-ɲ / ə-ɐ

-------------------

/ˈɛɡa/ - /ˈaɣwɐ/
[5/5] ˈɛ-ˈa / ɡ-ɣ / ∅-w / a-ɐ

-------------------

/ˈɛɡal/ - /iɣwˈaɫ/
[5/5] ˈɛ-i / ɡ-ɣ / a-w / ∅-ˈa / l-ɫ

-------------------

/ˈɛʁba/ - /ˈɛɾvɐ/
[5/5] ˈɛ-ˈɛ / ʁ-ɾ / b-v / a-ɐ

-------------------

