/amoseɣˈaɾ/ - /museɣˈa/
[3/5] a-∅ / m-m / o-u / s-s / e-e / ɣ-ɣ / ˈa_ɾ-ˈa
[1/5] a-∅ / m-m / o-u / s-s / e-e / ɣ-ɣ / ˈa-ˈa / ɾ-∅
[1/5] <#_a-<# / m-m / o-u / s-s / e-e / ɣ-ɣ / ˈa-ˈa / ɾ-∅

-------------------

/anjˈeʎo/ - /anˈɛt/
[1/1] a-a / n-n / j_ˈe-ˈɛ / ʎ-∅ / o-∅ / #>-t_#>

-------------------

/askujtˈaɾ/ - /eskutˈa/
[2/4] a-e / s-s / k-k / u-u / j-∅ / t-t / ˈa_ɾ-ˈa
[1/4] a-∅ / ∅-e / s-s / k-k / u-u / j-∅ / t-t / ˈa_ɾ-ˈa
[1/4] a-e / s-s / k-k / u-u / j_t-t / ˈa-ˈa / ɾ-∅

-------------------

/aðuʝˈaɾ/ - /aʒyðˈa/
[3/3] a-a / ∅-ʒ / ∅-y / ð-ð / u-∅ / ʝ-∅ / ˈa_ɾ-ˈa

-------------------

/aɣˈuʎa/ - /aɣˈyʎɔ/
[3/3] a-a / ɣ-ɣ / ˈu-ˈy / ʎ-ʎ / a-ɔ

-------------------

/aɾʧˈila/ - /arʒˈɛlɔ/
[5/5] a-a / ɾ-r / ʧ-ʒ / ˈi-ˈɛ / l-l / a-ɔ

-------------------

/aɾˈajna/ - /aɾˈaɲɔ/
[3/3] a-a / ɾ-ɾ / ˈa-ˈa / j-∅ / n-ɲ / a-ɔ

-------------------

/aβˈeʎa/ - /aβˈeʎɔ/
[3/3] a-a / β-β / ˈe-ˈe / ʎ-ʎ / a-ɔ

-------------------

/benˈiɾ/ - /bjˈene/
[1/3] b-b / ∅-j / e-ˈe / n-n / ˈi_ɾ-e
[1/3] b-b / ∅-j / e-ˈe / n-n / ˈi-∅ / ɾ-e
[1/3] b-b / ∅-j / e-ˈe / n-n / ˈi-e / ɾ-∅

-------------------

/beðjˈeʎo/ - /beðˈɛt/
[2/4] b-b / e-e / ð-ð / j_ˈe-ˈɛ / ʎ-∅ / o-∅ / #>-t_#>
[1/4] b-b / e-e / ð-ð / j_ˈe_ʎ-ˈɛ / o-∅ / ∅-t
[1/4] b-b / e-e / ð-ð / j_ˈe_ʎ-ˈɛ / o-∅ / #>-t_#>

-------------------

/beɾɣwˈeɲa/ - /berɣˈuɲɔ/
[2/3] b-b / e-e / ɾ-r / ɣ-ɣ / w-∅ / ˈe-ˈu / ɲ-ɲ / a-ɔ
[1/3] b-b / e-e / ɾ-r / ɣ_w-ɣ / ˈe-ˈu / ɲ-ɲ / a-ɔ

-------------------

/beʝˈeɾ/ - /bˈeðe/
[3/4] b-b / e-∅ / ʝ-∅ / ˈe-ˈe / ɾ-ð_e
[1/4] b-b / e-∅ / ʝ-∅ / ˈe-ˈe / ∅-ð / ɾ-e

-------------------

/beβˈeɾ/ - /bˈeβe/
[3/4] b-b / e-ˈe / β-β / ˈe_ɾ-e
[1/4] b-b / e-ˈe / β-β / ˈe-e / ɾ-∅

-------------------

/beθˈino/ - /bezˈiŋ/
[3/5] b-b / e-e / θ-z / ˈi-ˈi / n_o-ŋ
[2/5] b-b / e-e / θ-z / ˈi-ˈi / n-ŋ / o-∅

-------------------

/biʎˈano/ - /bilˈaŋ/
[3/4] b-b / i-i / ʎ-l / ˈa-ˈa / n_o-ŋ
[1/4] b-b / i-i / ʎ-l / ˈa-ˈa / n-ŋ / o-∅

-------------------

/bjˈen/ - /bˈeŋ/
[3/4] b-b / j-∅ / ˈe-ˈe / n-ŋ
[1/4] b_j-b / ˈe-ˈe / n-ŋ

-------------------

/bjˈeɾmen/ - /bˈɛrmi/
[4/4] b-b / j_ˈe-ˈɛ / ɾ-r / m-m / e-i / n-∅

-------------------

/bjˈeʎo/ - /bjˈeʎ/
[2/4] b-b / j-j / ˈe-ˈe / ʎ_o-ʎ
[2/4] b-b / j-j / ˈe-ˈe / ʎ-ʎ / o-∅

-------------------

/blˈaŋko/ - /blˈaŋk/
[2/3] b-b / l-l / ˈa-ˈa / ŋ-ŋ / k-k / o-∅
[1/3] b-b / l-l / ˈa-ˈa / ŋ-ŋ / k_o-k

-------------------

/bolˈaɾ/ - /bulˈa/
[2/3] b-b / o-u / l-l / ˈa_ɾ-ˈa
[1/3] b-b / o-u / l-l / ˈa-ˈa / ɾ-∅

-------------------

/busˈatɾos/ - /buzˈawtes/
[1/5] b-b / u-u / s-z / ˈa-ˈa / ∅-w / t_ɾ-t / o-e / s-s
[1/5] b-b / u-u / s-z / ˈa-ˈa / ∅-w / t-t / ɾ_o-e / s-s
[1/5] b-b / u-u / s-z / ˈa-ˈa / ∅-w / t-t / ɾ-e / o_s-s
[1/5] b-b / u-u / s-z / ˈa-ˈa / t-w_t / ɾ-∅ / o-e / s-s
[1/5] b-b / u-u / s-z / ˈa-ˈa / t-w_t / ɾ-e / o-∅ / s-s

-------------------

/bwˈe/ - /bwˈew/
[3/5] b-b / w-w / ˈe-ˈe / #>-w_#>
[2/5] b-b / w-w / ˈe-ˈe / ∅-w

-------------------

/bwˈelo/ - /bˈɔl/
[2/3] b-b / w-∅ / ˈe-ˈɔ / l-l / o-∅
[1/3] b-b / w_ˈe-ˈɔ / l-l / o_#>-#>

-------------------

/bwˈena/ - /bˈunɔ/
[3/3] b_w-b / ˈe-ˈu / n-n / a-ɔ

-------------------

/bwˈenas/ - /bˈunas/
[2/3] b_w-b / ˈe-ˈu / n-n / a-a / s-s
[1/3] b-b / w-∅ / ˈe-ˈu / n-n / a-a / s-s

-------------------

/bwˈeno/ - /bˈuŋ/
[2/4] b_w-b / ˈe-ˈu / n_o-ŋ
[2/4] b-b / w-∅ / ˈe-ˈu / n-ŋ / o-∅

-------------------

/bwˈenos/ - /bˈuns/
[1/1] b-b / w-∅ / ˈe-ˈu / n-n / o-∅ / s-s

-------------------

/bˈaka/ - /bˈakɔ/
[5/5] b-b / ˈa-ˈa / k-k / a-ɔ

-------------------

/bˈaɲo/ - /bˈaɲ/
[2/4] b-b / ˈa-ˈa / ɲ_o-ɲ
[2/4] b-b / ˈa-ˈa / ɲ-ɲ / o-∅

-------------------

/bˈaʃo/ - /bˈajʃ/
[2/3] b-b / ˈa-ˈa / ∅-j / ʃ-ʃ / o-∅
[1/3] b-b / ˈa-ˈa / ʃ-j_ʃ / o_#>-#>

-------------------

/bˈente/ - /bˈin/
[2/4] b-b / ˈe-ˈi / n_t-n / e_#>-#>
[2/4] b-b / ˈe-ˈi / n-n / t-∅ / e-∅

-------------------

/bˈeɾðe/ - /bˈert/
[2/3] b-b / ˈe-ˈe / ɾ-r / ð-t / e_#>-#>
[1/3] b-b / ˈe-ˈe / ɾ-r / ð-t / e-∅

-------------------

/bˈia/ - /bˈiɔ/
[5/5] b-b / ˈi-ˈi / a-ɔ

-------------------

/bˈino/ - /bˈiŋ/
[2/3] b-b / ˈi-ˈi / n_o-ŋ
[1/3] b-b / ˈi-ˈi / n-ŋ / o-∅

-------------------

/bˈiða/ - /bˈitɔ/
[4/4] b-b / ˈi-ˈi / ð-t / a-ɔ

-------------------

/bˈiʎa/ - /bˈilɔ/
[5/5] b-b / ˈi-ˈi / ʎ-l / a-ɔ

-------------------

/bˈoka/ - /bˈukɔ/
[4/4] b-b / ˈo-ˈu / k-k / a-ɔ

-------------------

/bˈoθ/ - /bˈuʦ/
[5/5] b-b / ˈo-ˈu / θ-ʦ

-------------------

/deθˈiɾ/ - /dˈize/
[2/2] d-d / e-∅ / θ-∅ / ˈi-ˈi / ∅-z / ɾ-e

-------------------

/djˈen/ - /dˈen/
[3/4] d-d / j-∅ / ˈe-ˈe / n-n
[1/4] d-d / j_ˈe-ˈe / n-n

-------------------

/djˈeθ/ - /dˈɛʦ/
[4/4] d-d / j_ˈe-ˈɛ / θ-ʦ

-------------------

/djˈos/ - /dˈiw/
[3/3] d-d / j-ˈi / ˈo-w / s-∅

-------------------

/doɾmˈiɾ/ - /dɾumˈi/
[2/3] d-d / ∅-ɾ / o-u / ɾ-∅ / m-m / ˈi_ɾ-ˈi
[1/3] d-d / ∅-ɾ / o-u / ɾ-∅ / m-m / ˈi-ˈi / ɾ-∅

-------------------

/dɾaɣˈon/ - /dɾaɣˈuŋ/
[4/4] d-d / ɾ-ɾ / a-a / ɣ-ɣ / ˈo-ˈu / n-ŋ

-------------------

/dɾaɣˈon/ - /dɾˈak/
[1/1] d-d / ɾ-ɾ / a-ˈa / ɣ-k / ˈo-∅ / n-∅

-------------------

/dˈaɾ/ - /dˈa/
[2/4] d-d / ˈa_ɾ-ˈa
[2/4] d-d / ˈa-ˈa / ɾ-∅

-------------------

/dˈia/ - /dˈiɔ/
[4/4] d-d / ˈi-ˈi / a-ɔ

-------------------

/dˈiðo/ - /dˈit/
[3/4] d-d / ˈi-ˈi / ð_o-t
[1/4] d-d / ˈi-ˈi / ð-t / o-∅

-------------------

/dˈon/ - /dˈuŋ/
[4/4] d-d / ˈo-ˈu / n-ŋ

-------------------

/dˈos/ - /dˈys/
[4/4] d-d / ˈo-ˈy / s-s

-------------------

/dˈoθe/ - /dˈudze/
[3/3] d-d / ˈo-ˈu / ∅-d / θ-z / e-e

-------------------

/dˈulθe/ - /dˈus/
[3/5] d-d / ˈu-ˈu / l-∅ / θ-s / e_#>-#>
[2/5] d-d / ˈu-ˈu / l-∅ / θ-s / e-∅

-------------------

/eskɾiβˈiɾ/ - /eskɾˈiβe/
[2/4] e-e / s-s / k-k / ɾ-ɾ / i-ˈi / β-β / ˈi_ɾ-e
[1/4] e-e / s-s / k-k / ɾ-ɾ / i-ˈi / β-β / ˈi-∅ / ɾ-e
[1/4] e-e / s-s / k-k / ɾ-ɾ / i-ˈi / β-β / ˈi-e / ɾ-∅

-------------------

/eskˈuɾo/ - /eskˈy/
[2/4] e-e / s-s / k-k / ˈu_ɾ-ˈy / o_#>-#>
[2/4] e-e / s-s / k-k / ˈu-ˈy / ɾ-∅ / o-∅

-------------------

/espˈaa/ - /espˈaɲɔ/
[5/5] e-e / s-s / p-p / ˈa-ˈa / ∅-ɲ / a-ɔ

-------------------

/espˈaða/ - /espˈaðɔ/
[5/5] e-e / s-s / p-p / ˈa-ˈa / ð-ð / a-ɔ

-------------------

/espˈina/ - /espˈiɔ/
[3/5] e-e / s-s / p-p / ˈi_n-ˈi / a-ɔ
[2/5] e-e / s-s / p-p / ˈi-ˈi / n-∅ / a-ɔ

-------------------

/espˈiɣa/ - /espˈik/
[3/3] e-e / s-s / p-p / ˈi-ˈi / ɣ-k / a-∅

-------------------

/estɾˈela/ - /estˈelɔ/
[2/4] e-e / s-s / t-t / ɾ-∅ / ˈe-ˈe / l-l / a-ɔ
[1/4] e-e / s-s / t_ɾ-t / ˈe-ˈe / l-l / a-ɔ
[1/4] e-e / s-s / t-t / ɾ_ˈe-ˈe / l-l / a-ɔ

-------------------

/estˈaw/ - /estˈat/
[5/5] e-e / s-s / t-t / ˈa-ˈa / w-t

-------------------

/estˈiw/ - /estˈiw/
[4/4] e-e / s-s / t-t / ˈi-ˈi / w-w

-------------------

/faɾˈina/ - /haɾˈiɔ/
[3/4] f-h / a-a / ɾ-ɾ / ˈi_n-ˈi / a-ɔ
[1/4] f-h / a-a / ɾ-ɾ / ˈi-ˈi / n-∅ / a-ɔ

-------------------

/fjˈero/ - /hˈɛ/
[2/4] f-h / j_ˈe-ˈɛ / r-∅ / o_#>-#>
[2/4] f-h / j_ˈe-ˈɛ / r-∅ / o-∅

-------------------

/fjˈesta/ - /hˈɛstɔ/
[3/3] f-h / j_ˈe-ˈɛ / s-s / t-t / a-ɔ

-------------------

/flˈama/ - /ehlˈamɔ/
[2/4] ∅-e / f-h / l-l / ˈa-ˈa / m-m / a-ɔ
[2/4] f-e_h / l-l / ˈa-ˈa / m-m / a-ɔ

-------------------

/flˈoɾ/ - /ehlˈu/
[1/4] ∅-e / f-h / l-l / ˈo_ɾ-ˈu
[1/4] ∅-e / f-h / l-l / ˈo-ˈu / ɾ-∅
[1/4] f-e_h / l-l / ˈo_ɾ-ˈu
[1/4] f-e_h / l-l / ˈo-ˈu / ɾ-∅

-------------------

/fwˈeɣo/ - /hwˈɛk/
[2/3] f-h / w-w / ˈe-ˈɛ / ɣ_o-k
[1/3] f-h / w-w / ˈe-ˈɛ / ɣ-k / o-∅

-------------------

/fwˈeɾte/ - /hˈɔrt/
[2/4] f-h / w_ˈe-ˈɔ / ɾ-r / t_e-t
[2/4] f-h / w-∅ / ˈe-ˈɔ / ɾ-r / t-t / e-∅

-------------------

/fwˈeʎa/ - /hwˈeʎɔ/
[5/5] f-h / w-w / ˈe-ˈe / ʎ-ʎ / a-ɔ

-------------------

/fɾˈeðo/ - /hɾˈet/
[3/5] f-h / ɾ-ɾ / ˈe-ˈe / ð_o-t
[2/5] f-h / ɾ-ɾ / ˈe-ˈe / ð-t / o-∅

-------------------

/fɾˈujto/ - /hɾˈyt/
[3/5] f-h / ɾ-ɾ / ˈu-ˈy / j-∅ / t_o-t
[2/5] f-h / ɾ-ɾ / ˈu_j-ˈy / t-t / o-∅

-------------------

/fˈambɾe/ - /hˈami/
[2/4] f-h / ˈa-ˈa / m_b-m / ɾ_e-i
[2/4] f-h / ˈa-ˈa / m-m / b-∅ / ɾ-∅ / e-i

-------------------

/fˈaða/ - /hˈaðɔ/
[4/4] f-h / ˈa-ˈa / ð-ð / a-ɔ

-------------------

/fˈembɾa/ - /hˈenːɔ/
[3/4] f-h / ˈe-ˈe / m-nː / b-∅ / ɾ-∅ / a-ɔ
[1/4] f-h / ˈe-ˈe / m-nː / b-∅ / ɾ_a-ɔ

-------------------

/fˈeɾ/ - /hˈa/
[2/3] f-h / ˈe-ˈa / ɾ-∅
[1/3] f-h / ˈe-ˈa / ɾ_#>-#>

-------------------

/fˈilo/ - /hˈiw/
[3/5] f-h / ˈi-ˈi / l_o-w
[2/5] f-h / ˈi-ˈi / l-∅ / o-w

-------------------

/fˈiʎa/ - /hˈiʎɔ/
[4/4] f-h / ˈi-ˈi / ʎ-ʎ / a-ɔ

-------------------

/fˈiʎo/ - /hˈiʎ/
[3/4] f-h / ˈi-ˈi / ʎ_o-ʎ
[1/4] f-h / ˈi-ˈi / ʎ-ʎ / o-∅

-------------------

/fˈumo/ - /hˈym/
[2/4] f-h / ˈu-ˈy / m-m / o_#>-#>
[2/4] f-h / ˈu-ˈy / m-m / o-∅

-------------------

/iβjˈeɾno/ - /iβˈɛr/
[3/5] i-i / β-β / j_ˈe-ˈɛ / ɾ_n-r / o_#>-#>
[2/5] i-i / β-β / j_ˈe-ˈɛ / ɾ-r / n-∅ / o-∅

-------------------

/kambjˈaɾ/ - /kambjˈa/
[2/4] k-k / a-a / m-m / b-b / j-j / ˈa_ɾ-ˈa
[2/4] k-k / a-a / m-m / b-b / j-j / ˈa-ˈa / ɾ-∅

-------------------

/kantˈaɾ/ - /kantˈa/
[2/3] k-k / a-a / n-n / t-t / ˈa-ˈa / ɾ-∅
[1/3] k-k / a-a / n-n / t-t / ˈa_ɾ-ˈa

-------------------

/kastjˈeʎo/ - /kastˈɛt/
[2/5] k-k / a-a / s-s / t-t / j_ˈe-ˈɛ / ʎ-∅ / o-∅ / #>-t_#>
[1/5] k-k / a-a / s-s / t-t / j_ˈe_ʎ-ˈɛ / o-∅ / ∅-t
[1/5] k-k / a-a / s-s / t-t / j_ˈe_ʎ-ˈɛ / o-∅ / #>-t_#>
[1/5] k-k / a-a / s-s / t-t / j_ˈe-ˈɛ / ʎ-∅ / o-∅ / ∅-t

-------------------

/kaðˈena/ - /kaðˈeɔ/
[2/3] k-k / a-a / ð-ð / ˈe-ˈe / n-∅ / a-ɔ
[1/3] k-k / a-a / ð-ð / ˈe-ˈe / n_a-ɔ

-------------------

/kaβˈaʎo/ - /kaβˈat/
[3/4] k-k / a-a / β-β / ˈa-ˈa / ʎ-∅ / o-∅ / #>-t_#>
[1/4] k-k / a-a / β-β / ˈa-ˈa / ʎ-∅ / o-∅ / ∅-t

-------------------

/kaθˈaɾ/ - /kasˈa/
[2/4] k-k / a-a / θ-s / ˈa_ɾ-ˈa
[2/4] k-k / a-a / θ-s / ˈa-ˈa / ɾ-∅

-------------------

/klamˈaɾ/ - /klamˈa/
[3/5] k-k / l-l / a-a / m-m / ˈa_ɾ-ˈa
[2/5] k-k / l-l / a-a / m-m / ˈa-ˈa / ɾ-∅

-------------------

/klˈaw/ - /klˈaw/
[3/3] k-k / l-l / ˈa-ˈa / w-w

-------------------

/kolˈoɾ/ - /kulˈu/
[2/4] k-k / o-u / l-l / ˈo_ɾ-ˈu
[2/4] k-k / o-u / l-l / ˈo-ˈu / ɾ-∅

-------------------

/konojʃˈeɾ/ - /kunˈejʃe/
[2/4] k-k / o-u / n-n / o-ˈe / j-j / ʃ_ˈe-ʃ / ɾ-e
[1/4] k-k / o-u / n-n / o-ˈe / j-j / ʃ-ʃ / ˈe_ɾ-e
[1/4] k-k / o-u / n-n / o-ˈe / j-j / ʃ-ʃ / ˈe-e / ɾ-∅

-------------------

/kwˈatɾo/ - /kwˈate/
[2/5] k-k / w-w / ˈa-ˈa / t-t / ɾ_o-e
[1/5] k-k / w-w / ˈa-ˈa / t_ɾ-t / o-e
[1/5] k-k / w-w / ˈa-ˈa / t-t / ɾ-∅ / o-e
[1/5] k-k / w-w / ˈa-ˈa / t-t / ɾ-e / o-∅

-------------------

/kwˈeɾno/ - /kˈɔr/
[3/3] k-k / w_ˈe-ˈɔ / ɾ_n-r / o_#>-#>

-------------------

/kɾemˈaɾ/ - /kɾemˈa/
[1/2] k-k / ɾ-ɾ / e-e / m-m / ˈa_ɾ-ˈa
[1/2] k-k / ɾ-ɾ / e-e / m-m / ˈa-ˈa / ɾ-∅

-------------------

/kɾeʝˈeɾ/ - /kɾˈeðe/
[3/4] k-k / ɾ-ɾ / e-∅ / ʝ-∅ / ˈe-ˈe / ɾ-ð_e
[1/4] k-k / ɾ-ɾ / e-∅ / ʝ-∅ / ˈe-ˈe / ɾ-∅ / ∅-ð / ∅-e

-------------------

/kɾˈaβa/ - /kɾˈaβɔ/
[5/5] k-k / ɾ-ɾ / ˈa-ˈa / β-β / a-ɔ

-------------------

/kɾˈuθ/ - /kɾˈuʦ/
[4/4] k-k / ɾ-ɾ / ˈu-ˈu / θ-ʦ

-------------------

/kˈaldo/ - /kˈawt/
[2/4] k-k / ˈa_l-ˈa / d-∅ / o-w / #>-t_#>
[2/4] k-k / ˈa-ˈa / l-∅ / d_o-w / ∅-t

-------------------

/kˈambɾa/ - /kˈambɾɔ/
[4/4] k-k / ˈa-ˈa / m-m / b-b / ɾ-ɾ / a-ɔ

-------------------

/kˈan/ - /kˈaŋ/
[4/4] k-k / ˈa-ˈa / n-ŋ

-------------------

/kˈanto/ - /kˈan/
[2/4] k-k / ˈa-ˈa / n_t-n / o_#>-#>
[2/4] k-k / ˈa-ˈa / n-n / t-∅ / o-∅

-------------------

/kˈasa/ - /kˈazɔ/
[4/4] k-k / ˈa-ˈa / s-z / a-ɔ

-------------------

/kˈaɾne/ - /kˈar/
[3/5] k-k / ˈa-ˈa / ɾ_n-r / e_#>-#>
[2/5] k-k / ˈa-ˈa / ɾ-r / n-∅ / e-∅

-------------------

/kˈaɾo/ - /kˈar/
[2/4] k-k / ˈa-ˈa / ɾ-r / o_#>-#>
[1/4] k-k / ˈa-ˈa / ɾ_o-r
[1/4] k-k / ˈa-ˈa / ɾ-r / o-∅

-------------------

/kˈaβo/ - /kˈap/
[1/2] k-k / ˈa-ˈa / β-p / o_#>-#>
[1/2] k-k / ˈa-ˈa / β-p / o-∅

-------------------

/kˈe/ - /kˈe/
[4/4] k-k / ˈe-ˈe

-------------------

/kˈi/ - /kˈi/
[5/5] k-k / ˈi-ˈi

-------------------

/kˈosa/ - /kˈawzɔ/
[3/5] k-k / ˈo-ˈa_w / s-z / a-ɔ
[1/5] k-k / ∅-ˈa / ˈo-w / s-z / a-ɔ
[1/5] k-k / ˈo-ˈa / ∅-w / s-z / a-ɔ

-------------------

/kˈosta/ - /kˈɔstɔ/
[5/5] k-k / ˈo-ˈɔ / s-s / t-t / a-ɔ

-------------------

/kˈoða/ - /kˈuɔ/
[5/5] k-k / ˈo-ˈu / ð-∅ / a-ɔ

-------------------

/kˈoɾ/ - /kˈɔ/
[3/5] k-k / ˈo-ˈɔ / ɾ_#>-#>
[2/5] k-k / ˈo-ˈɔ / ɾ-∅

-------------------

/kˈujʃa/ - /kwˈejʃɔ/
[4/4] k-k / ∅-w / ˈu-ˈe / j-j / ʃ-ʃ / a-ɔ

-------------------

/kˈulo/ - /kˈyw/
[3/5] k-k / ˈu-ˈy / l_o-w
[2/5] k-k / ˈu-ˈy / l-∅ / o-w

-------------------

/kˈuɲo/ - /kˈyɲ/
[3/3] k-k / ˈu-ˈy / ɲ_o-ɲ

-------------------

/kˈuɾto/ - /kˈuɾt/
[2/3] k-k / ˈu-ˈu / ɾ-ɾ / t-t / o-∅
[1/3] k-k / ˈu-ˈu / ɾ-ɾ / t_o-t

-------------------

/leʝˈeɾ/ - /lˈeʒe/
[1/2] l-l / e-ˈe / ʝ-ʒ / ˈe_ɾ-e
[1/2] l-l / e-ˈe / ʝ-ʒ / ˈe-e / ɾ-∅

-------------------

/leβˈaɾ/ - /ʎeβˈa/
[3/5] l-ʎ / e-e / β-β / ˈa_ɾ-ˈa
[2/5] l-ʎ / e-e / β-β / ˈa-ˈa / ɾ-∅

-------------------

/liˈon/ - /leˈuŋ/
[2/2] l-l / i-e / ˈo-ˈu / n-ŋ

-------------------

/lwˈeŋɡa/ - /lˈeŋɡɔ/
[3/5] l_w-l / ˈe-ˈe / ŋ-ŋ / ɡ-ɡ / a-ɔ
[2/5] l-l / w-∅ / ˈe-ˈe / ŋ-ŋ / ɡ-ɡ / a-ɔ

-------------------

/lwˈeŋɡo/ - /lˈuŋk/
[2/2] l-l / w-∅ / ˈe-ˈu / ŋ-ŋ / ɡ-k / o-∅

-------------------

/lwˈeɣo/ - /lˈɔk/
[1/2] l_w-l / ˈe-ˈɔ / ɣ_o-k
[1/2] l-l / w_ˈe-ˈɔ / ɣ-k / o_#>-#>

-------------------

/lˈana/ - /lˈaŋ/
[3/3] l-l / ˈa-ˈa / n-ŋ / a-∅

-------------------

/lˈej/ - /lˈej/
[4/4] l-l / ˈe-ˈe / j-j

-------------------

/lˈej/ - /lˈɛjt/
[2/5] l-l / ˈe-ˈɛ / j-j_t
[2/5] l-l / ˈe-ˈɛ / j-j / ∅-t
[1/5] l-l / ˈe-ˈɛ / j-j / #>-t_#>

-------------------

/lˈejto/ - /ʎˈejt/
[3/4] l-ʎ / ˈe-ˈe / j-j / t_o-t
[1/4] l-ʎ / ˈe-ˈe / j-j / t-t / o-∅

-------------------

/lˈetɾa/ - /lˈetɾɔ/
[4/4] l-l / ˈe-ˈe / t-t / ɾ-ɾ / a-ɔ

-------------------

/lˈeɲa/ - /lˈeɲɔ/
[4/4] l-l / ˈe-ˈe / ɲ-ɲ / a-ɔ

-------------------

/lˈeɲo/ - /lˈeɲɔ/
[1/1] l-l / ˈe-ˈe / ɲ-ɲ / o-ɔ

-------------------

/lˈiβɾe/ - /lˈiwɾe/
[2/3] l-l / ˈi-ˈi / β-∅ / ∅-w / ɾ-ɾ / e-e
[1/3] l-l / ˈi-ˈi / β-w / ɾ-ɾ / e-e

-------------------

/lˈujta/ - /lˈytɔ/
[2/3] l-l / ˈu_j-ˈy / t-t / a-ɔ
[1/3] l-l / ˈu-ˈy / j-∅ / t-t / a-ɔ

-------------------

/lˈuna/ - /lˈya/
[3/3] l-l / ˈu-ˈy / n-∅ / a-a

-------------------

/lˈupo/ - /lˈup/
[2/4] l-l / ˈu-ˈu / p-p / o_#>-#>
[2/4] l-l / ˈu-ˈu / p-p / o-∅

-------------------

/lˈuθ/ - /lˈym/
[2/2] l-l / ˈu-ˈy / θ-∅ / ∅-m

-------------------

/lˈuθ/ - /lˈyʦ/
[3/3] l-l / ˈu-ˈy / θ-ʦ

-------------------

/matˈaɾ/ - /twˈa/
[1/1] m-∅ / a-∅ / t-t / ∅-w / ˈa_ɾ-ˈa

-------------------

/matˈuɾo/ - /maðˈy/
[3/4] m-m / a-a / t-ð / ˈu_ɾ-ˈy / o_#>-#>
[1/4] m-m / a-a / t-ð / ˈu-ˈy / ɾ-∅ / o-∅

-------------------

/melˈiko/ - /melˈik/
[2/4] m-m / e-e / l-l / ˈi-ˈi / k_o-k
[2/4] m-m / e-e / l-l / ˈi-ˈi / k-k / o-∅

-------------------

/metˈat/ - /mjejtˈat/
[3/5] m-m_j / e-e / ∅-j / t-t / ˈa-ˈa / t-t
[2/5] m-m / ∅-j / e-e / ∅-j / t-t / ˈa-ˈa / t-t

-------------------

/minʧˈaɾ/ - /minʒˈa/
[2/4] m-m / i-i / n-n / ʧ-ʒ / ˈa_ɾ-ˈa
[2/4] m-m / i-i / n-n / ʧ-ʒ / ˈa-ˈa / ɾ-∅

-------------------

/miʎˈoɾ/ - /mjˈeʎe/
[2/5] m-m_j / i-ˈe / ʎ-ʎ / ˈo-∅ / ɾ-e
[1/5] m-m / ∅-j / i-ˈe / ʎ-ʎ / ˈo-∅ / ɾ-e
[1/5] m-m / ∅-j / i-ˈe / ʎ-ʎ / ˈo-e / ɾ-∅
[1/5] m-m / i-j / ∅-ˈe / ʎ-ʎ / ˈo-∅ / ɾ-e

-------------------

/mjˈel/ - /mˈɛw/
[1/3] m-m / j_ˈe_l-ˈɛ / #>-w_#>
[1/3] m-m / j_ˈe-ˈɛ / l-∅ / ∅-w
[1/3] m-m / j_ˈe-ˈɛ / l-∅ / #>-w_#>

-------------------

/montˈaɲa/ - /muntˈaɲɔ/
[5/5] m-m / o-u / n-n / t-t / ˈa-ˈa / ɲ-ɲ / a-ɔ

-------------------

/muʎˈeɾ/ - /muʎˈɛ/
[2/3] m-m / u-u / ʎ-ʎ / ˈe-ˈɛ / ɾ-∅
[1/3] m-m / u-u / ʎ-ʎ / ˈe-ˈɛ / ɾ_#>-#>

-------------------

/mˈaj/ - /mˈajr/
[3/5] m-m / ˈa-ˈa / j-j_r
[2/5] m-m / ˈa-ˈa / j-j / ∅-r

-------------------

/mˈan/ - /mˈaŋ/
[4/4] m-m / ˈa-ˈa / n-ŋ

-------------------

/mˈaɾ/ - /mˈa/
[3/4] m-m / ˈa_ɾ-ˈa
[1/4] m-m / ˈa-ˈa / ɾ-∅

-------------------

/mˈe/ - /me/
[4/4] m-m / ˈe-e

-------------------

/mˈeʝo/ - /mjˈej/
[2/5] m-m_j / ˈe-ˈe / ʝ-∅ / o-j
[2/5] m-m / ∅-j / ˈe-ˈe / ʝ-∅ / o-j
[1/5] m-m_j / ˈe-ˈe / ʝ_o-j

-------------------

/mˈil/ - /mˈil/
[3/3] m-m / ˈi-ˈi / l-l

-------------------

/mˈoska/ - /mˈuskɔ/
[4/4] m-m / ˈo-ˈu / s-s / k-k / a-ɔ

-------------------

/najʃˈeɾ/ - /nˈɛjʃe/
[2/4] n-n / a-ˈɛ / j-j / ʃ_ˈe-ʃ / ɾ-e
[1/4] n-n / a-ˈɛ / j-j / ʃ-ʃ / ˈe-∅ / ɾ-e
[1/4] n-n / a-ˈɛ / j-j / ʃ-ʃ / ˈe-e / ɾ-∅

-------------------

/naðˈaɾ/ - /naðˈa/
[3/4] n-n / a-a / ð-ð / ˈa_ɾ-ˈa
[1/4] n-n / a-a / ð-ð / ˈa-ˈa / ɾ-∅

-------------------

/njˈew/ - /nˈɛw/
[3/3] n-n / j_ˈe-ˈɛ / w-w

-------------------

/no/ - /nuŋ/
[5/5] n-n / o-u / ∅-ŋ

-------------------

/nusˈatɾos/ - /nuzˈawtes/
[1/3] n-n / u-u / s-z / ˈa-ˈa / ∅-w / t-t / ɾ_o-e / s-s
[1/3] n-n / u-u / s-z / ˈa-ˈa / ∅-w / t-t / ɾ-e / o_s-s
[1/3] n-n / u-u / s-z / ˈa-ˈa / t-w_t / ɾ-∅ / o-e / s-s

-------------------

/nwˈej/ - /nwˈejt/
[2/4] n-n / w-w / ˈe-ˈe / j-j_t
[2/4] n-n / w-w / ˈe-ˈe / j-j / ∅-t

-------------------

/nwˈestɾo/ - /nˈɔste/
[1/3] n-n / w_ˈe-ˈɔ / s-s / t_ɾ-t / o-e
[1/3] n-n / w_ˈe-ˈɔ / s-s / t-t / ɾ_o-e
[1/3] n-n / w-∅ / ˈe-ˈɔ / s-s / t-t / ɾ-e / o-∅

-------------------

/nwˈew/ - /nˈaw/
[2/2] n-n / w-∅ / ˈe-ˈa / w-w

-------------------

/nwˈeθ/ - /nˈuʦ/
[2/5] n_w-n / ˈe-ˈu / θ-ʦ
[2/5] n-n / w-∅ / ˈe-ˈu / θ-ʦ
[1/5] n-n / w_ˈe-ˈu / θ-ʦ

-------------------

/nˈaso/ - /nˈas/
[3/4] n-n / ˈa-ˈa / s_o-s
[1/4] n-n / ˈa-ˈa / s-s / o-∅

-------------------

/nˈeɣɾo/ - /nˈeɣɾe/
[3/3] n-n / ˈe-ˈe / ɣ-ɣ / ɾ-ɾ / o-e

-------------------

/nˈombɾe/ - /nˈum/
[1/3] n-n / ˈo-ˈu / m_b-m / ɾ-∅ / e_#>-#>
[1/3] n-n / ˈo-ˈu / m_b-m / ɾ-∅ / e-∅
[1/3] n-n / ˈo-ˈu / m-m / b-∅ / ɾ-∅ / e_#>-#>

-------------------

/oɾˈeʎa/ - /awɾˈeʎɔ/
[3/4] <#-<#_a / o-w / ɾ-ɾ / ˈe-ˈe / ʎ-ʎ / a-ɔ
[1/4] ∅-a / o-w / ɾ-ɾ / ˈe-ˈe / ʎ-ʎ / a-ɔ

-------------------

/oβɾˈeɾo/ - /uβɾˈɛ/
[2/5] o-u / β-β / ɾ-ɾ / ˈe-ˈɛ / ɾ-∅ / o_#>-#>
[2/5] o-u / β-β / ɾ-ɾ / ˈe-ˈɛ / ɾ-∅ / o-∅
[1/5] o-u / β-β / ɾ-ɾ / ˈe_ɾ-ˈɛ / o_#>-#>

-------------------

/oβˈeʎa/ - /wˈeʎɔ/
[4/4] o-w / β-∅ / ˈe-ˈe / ʎ-ʎ / a-ɔ

-------------------

/palˈaβɾa/ - /paɾˈawlɔ/
[1/3] p-p / a-a / ∅-ɾ / ∅-ˈa / ∅-w / l-l / ˈa-∅ / β-∅ / ɾ_a-ɔ
[1/3] p-p / a-a / ∅-ɾ / ∅-ˈa / l-w_l / ˈa-∅ / β-∅ / ɾ-∅ / a-ɔ
[1/3] p-p / a-a / l-ɾ / ˈa-ˈa / β-w / ɾ-l / a-ɔ

-------------------

/peðˈuʎo/ - /peðˈuʎ/
[2/4] p-p / e-e / ð-ð / ˈu-ˈu / ʎ_o-ʎ
[2/4] p-p / e-e / ð-ð / ˈu-ˈu / ʎ-ʎ / o-∅

-------------------

/pjˈel/ - /pˈɛt/
[2/3] p-p / j_ˈe_l-ˈɛ / #>-t_#>
[1/3] p-p / j_ˈe-ˈɛ / l-∅ / ∅-t

-------------------

/pjˈet/ - /pˈɛ/
[4/4] p-p / j_ˈe-ˈɛ / t-∅

-------------------

/pjˈeðɾa/ - /pˈɛjɾɔ/
[2/4] p-p / ∅-ˈɛ / j-j / ˈe-∅ / ð-∅ / ɾ-ɾ / a-ɔ
[2/4] p-p / j-ˈɛ_j / ˈe-∅ / ð-∅ / ɾ-ɾ / a-ɔ

-------------------

/ploɾˈaɾ/ - /pluɾˈa/
[3/5] p-p / l-l / o-u / ɾ-ɾ / ˈa_ɾ-ˈa
[2/5] p-p / l-l / o-u / ɾ-ɾ / ˈa-ˈa / ɾ-∅

-------------------

/plˈaɣa/ - /plˈaɣɔ/
[4/4] p-p / l-l / ˈa-ˈa / ɣ-ɣ / a-ɔ

-------------------

/plˈeno/ - /plˈeŋ/
[3/5] p-p / l-l / ˈe-ˈe / n_o-ŋ
[2/5] p-p / l-l / ˈe-ˈe / n-ŋ / o-∅

-------------------

/plˈeβja/ - /plˈuʒɔ/
[4/4] p-p / l-l / ˈe-ˈu / β-ʒ / j-∅ / a-ɔ

-------------------

/plˈuma/ - /plˈymɔ/
[5/5] p-p / l-l / ˈu-ˈy / m-m / a-ɔ

-------------------

/poðˈeɾ/ - /pˈuðe/
[2/4] p-p / o-ˈu / ð-ð / ˈe_ɾ-e
[1/4] p-p / o-ˈu / ð-ð / ˈe-∅ / ɾ-e
[1/4] p-p / o-ˈu / ð-ð / ˈe-e / ɾ-∅

-------------------

/pwˈen/ - /pˈun/
[1/2] p-p / w_ˈe-ˈu / n-n
[1/2] p-p / w-∅ / ˈe-ˈu / n-n

-------------------

/pwˈeɾko/ - /pˈɔrk/
[2/3] p_w-p / ˈe-ˈɔ / ɾ-r / k_o-k
[1/3] p-p / w-∅ / ˈe-ˈɔ / ɾ-r / k-k / o-∅

-------------------

/pɾˈe/ - /pɾˈɛʦ/
[3/3] p-p / ɾ-ɾ / ˈe-ˈɛ / ∅-ʦ

-------------------

/pˈaj/ - /pˈajr/
[3/5] p-p / ˈa-ˈa / j-j_r
[2/5] p-p / ˈa-ˈa / j-j / ∅-r

-------------------

/pˈan/ - /pˈaŋ/
[3/3] p-p / ˈa-ˈa / n-ŋ

-------------------

/pˈaθ/ - /pˈaʦ/
[4/4] p-p / ˈa-ˈa / θ-ʦ

-------------------

/pˈejto/ - /pjˈɛt/
[3/5] p-p / ˈe-∅ / j-j / ∅-ˈɛ / t_o-t
[2/5] p-p / ˈe-∅ / j-j_ˈɛ / t-t / o-∅

-------------------

/pˈelo/ - /pˈew/
[3/4] p-p / ˈe-ˈe / l_o-w
[1/4] p-p / ˈe-ˈe / l-∅ / o-w

-------------------

/pˈena/ - /pˈenɔ/
[5/5] p-p / ˈe-ˈe / n-n / a-ɔ

-------------------

/pˈeʃ/ - /pˈejʃ/
[4/5] p-p / ˈe-ˈe / ∅-j / ʃ-ʃ
[1/5] p-p / ˈe-ˈe / ʃ-j_ʃ

-------------------

/pˈoko/ - /pˈawk/
[3/4] p-p / ˈo-ˈa_w / k_o-k
[1/4] p-p / ˈo-ˈa / ∅-w / k-k / o-∅

-------------------

/pˈoβɾe/ - /pɾˈawβe/
[3/5] p-p / ∅-ɾ / ˈo-ˈa_w / β_ɾ-β / e-e
[1/5] p-p / ∅-ɾ / ∅-ˈa / ˈo-w / β-β / ɾ-∅ / e-e
[1/5] p-p / ∅-ɾ / ˈo-ˈa / ∅-w / β-β / ɾ-∅ / e-e

-------------------

/pˈunto/ - /pˈyn/
[2/4] p-p / ˈu-ˈy / n_t-n / o_#>-#>
[2/4] p-p / ˈu-ˈy / n-n / t-∅ / o-∅

-------------------

/pˈuɲo/ - /pˈyɲ/
[3/5] p-p / ˈu-ˈy / ɲ_o-ɲ
[2/5] p-p / ˈu-ˈy / ɲ-ɲ / o-∅

-------------------

/pˈuθo/ - /pˈyʦ/
[3/5] p-p / ˈu-ˈy / θ-ʦ / o_#>-#>
[2/5] p-p / ˈu-ˈy / θ-ʦ / o-∅

-------------------

/raðˈiθ/ - /araˈiʦ/
[3/4] r-a_r / a-a / ð-∅ / ˈi-ˈi / θ-ʦ
[1/4] ∅-a / r-r / a-a / ð-∅ / ˈi-ˈi / θ-ʦ

-------------------

/raθˈon/ - /arazˈuŋ/
[2/4] ∅-a / r-r / a-a / θ-z / ˈo-ˈu / n-ŋ
[2/4] r-a_r / a-a / θ-z / ˈo-ˈu / n-ŋ

-------------------

/reðˈondo/ - /arˈɔw/
[1/1] r-a_r / e-∅ / ð-∅ / ˈo-ˈɔ / n-∅ / d-∅ / o-w

-------------------

/rwˈeða/ - /arˈɔðɔ/
[2/2] r-a_r / w_ˈe-ˈɔ / ð-ð / a-ɔ

-------------------

/rˈej/ - /arˈej/
[2/4] ∅-a / r-r / ˈe-ˈe / j-j
[2/4] r-a_r / ˈe-ˈe / j-j

-------------------

/rˈejna/ - /arˈejnɔ/
[3/4] r-a_r / ˈe-ˈe / j-j / n-n / a-ɔ
[1/4] ∅-a / r-r / ˈe-ˈe / j-j / n-n / a-ɔ

-------------------

/rˈio/ - /arˈiw/
[2/4] ∅-a / r-r / ˈi-ˈi / o-w
[2/4] r-a_r / ˈi-ˈi / o-w

-------------------

/rˈoʝo/ - /arˈuj/
[2/3] r-a_r / ˈo-ˈu / ʝ-∅ / o-j
[1/3] r-a_r / ˈo-ˈu / ʝ_o-j

-------------------

/salˈut/ - /salˈyt/
[4/4] s-s / a-a / l-l / ˈu-ˈy / t-t

-------------------

/sapˈeɾ/ - /saβˈe/
[2/3] s-s / a-a / p-β / ˈe-ˈe / ɾ_#>-#>
[1/3] s-s / a-a / p-β / ˈe-ˈe / ɾ-∅

-------------------

/semˈana/ - /semːˈanɔ/
[3/3] s-s / e-e / m-mː / ˈa-ˈa / n-n / a-ɔ

-------------------

/seɣˈuɾo/ - /seɣˈy/
[2/3] s-s / e-e / ɣ-ɣ / ˈu_ɾ-ˈy / o_#>-#>
[1/3] s-s / e-e / ɣ-ɣ / ˈu-ˈy / ɾ-∅ / o-∅

-------------------

/sjˈete/ - /sˈɛt/
[2/4] s-s / j_ˈe-ˈɛ / t_e-t
[2/4] s-s / j_ˈe-ˈɛ / t-t / e-∅

-------------------

/sofɾˈiɾ/ - /sufɾˈi/
[2/4] s-s / o-u / f-f / ɾ-ɾ / ˈi_ɾ-ˈi
[2/4] s-s / o-u / f-f / ɾ-ɾ / ˈi-ˈi / ɾ-∅

-------------------

/sˈal/ - /sˈaw/
[2/4] s-s / ˈa_l-ˈa / #>-w_#>
[2/4] s-s / ˈa-ˈa / l-∅ / ∅-w

-------------------

/sˈana/ - /sˈanɔ/
[4/4] s-s / ˈa-ˈa / n-n / a-ɔ

-------------------

/sˈano/ - /sˈaŋ/
[3/4] s-s / ˈa-ˈa / n_o-ŋ
[1/4] s-s / ˈa-ˈa / n-ŋ / o-∅

-------------------

/sˈanto/ - /sˈan/
[3/4] s-s / ˈa-ˈa / n_t-n / o_#>-#>
[1/4] s-s / ˈa-ˈa / n-n / t-∅ / o-∅

-------------------

/sˈaŋɡɾe/ - /sˈaŋk/
[2/4] s-s / ˈa-ˈa / ŋ-ŋ / ɡ-k / ɾ-∅ / e_#>-#>
[2/4] s-s / ˈa-ˈa / ŋ-ŋ / ɡ-k / ɾ-∅ / e-∅

-------------------

/sˈaβjo/ - /sˈaβi/
[1/3] s-s / ˈa-ˈa / β-β / j-∅ / o-i
[1/3] s-s / ˈa-ˈa / β-β / j-i / o_#>-#>
[1/3] s-s / ˈa-ˈa / β-β / j-i / o-∅

-------------------

/sˈaβle/ - /sˈaβle/
[4/4] s-s / ˈa-ˈa / β-β / l-l / e-e

-------------------

/sˈejs/ - /sjˈɛs/
[2/2] s-s / ˈe-∅ / j-j_ˈɛ / s-s

-------------------

/sˈejs/ - /ʃˈejs/
[2/2] s-ʃ / ˈe-ˈe / j-j / s-s

-------------------

/sˈeða/ - /sˈeðɔ/
[3/3] s-s / ˈe-ˈe / ð-ð / a-ɔ

-------------------

/sˈol/ - /sˈo/
[1/1] s-s / ˈo-ˈo / l_#>-#>

-------------------

/sˈoβɾe/ - /sˈyβɾe/
[4/4] s-s / ˈo-ˈy / β-β / ɾ-ɾ / e-e

-------------------

/tjˈempo/ - /tˈems/
[3/3] t-t / j-∅ / ˈe-ˈe / m-m / p-∅ / o-∅ / ∅-s

-------------------

/tjˈera/ - /tˈɛra/
[4/4] t-t / j_ˈe-ˈɛ / r-r / a-a

-------------------

/tusˈiɾ/ - /tusˈi/
[3/5] t-t / u-u / s-s / ˈi_ɾ-ˈi
[2/5] t-t / u-u / s-s / ˈi-ˈi / ɾ-∅

-------------------

/tɾˈes/ - /tɾˈes/
[5/5] t-t / ɾ-ɾ / ˈe-ˈe / s-s

-------------------

/tˈot/ - /tˈut/
[3/3] t-t / ˈo-ˈu / t-t

-------------------

/tˈoɾo/ - /tˈawr/
[1/3] t-t / ∅-ˈa / ˈo-w / ɾ-r / o-∅
[1/3] t-t / ˈo-ˈa_w / ɾ_o-r
[1/3] t-t / ˈo-ˈa_w / ɾ-r / o_#>-#>

-------------------

/tˈoθ/ - /tˈuts/
[5/5] t-t / ˈo-ˈu / ∅-t / θ-s

-------------------

/tˈu/ - /tˈy/
[3/3] t-t / ˈu-ˈy

-------------------

/ulˈoɾ/ - /awlˈu/
[1/4] ∅-a / u-w / l-l / ˈo-ˈu / ɾ-∅
[1/4] u-a / ∅-w / l-l / ˈo_ɾ-ˈu
[1/4] u-a / l-w_l / ˈo_ɾ-ˈu
[1/4] <#-<#_a / u-w / l-l / ˈo_ɾ-ˈu

-------------------

/wˈejto/ - /wˈejt/
[2/4] w-w / ˈe-ˈe / j-j / t_o-t
[2/4] w-w / ˈe-ˈe / j-j / t-t / o-∅

-------------------

/wˈeso/ - /ˈɔs/
[2/2] w_ˈe-ˈɔ / s_o-s

-------------------

/wˈeɣo/ - /wˈew/
[3/3] w-w / ˈe-ˈe / ɣ-∅ / o-w

-------------------

/wˈeʎo/ - /wˈeʎ/
[3/5] w-w / ˈe-ˈe / ʎ_o-ʎ
[2/5] w-w / ˈe-ˈe / ʎ-ʎ / o-∅

-------------------

/wˈeʎos/ - /wˈeʎs/
[2/4] w-w / ˈe-ˈe / ʎ_o-ʎ / s-s
[2/4] w-w / ˈe-ˈe / ʎ-ʎ / o-∅ / s-s

-------------------

/wˈeβɾa/ - /ˈɔβɾɔ/
[3/5] w_ˈe-ˈɔ / β-β / ɾ-ɾ / a-ɔ
[2/5] w-∅ / ˈe-ˈɔ / β-β / ɾ-ɾ / a-ɔ

-------------------

/ɡlaɾˈima/ - /lˈaɣɾemɔ/
[4/4] ɡ-∅ / l-l / a-ˈa / ∅-ɣ / ɾ-ɾ / ˈi-e / m-m / a-ɔ

-------------------

/ɡwˈaʎa/ - /kˈalːɔ/
[4/4] ɡ-k / w-∅ / ˈa-ˈa / ʎ-lː / a-ɔ

-------------------

/ɡɾˈajʃa/ - /ɡɾˈɛjʃ/
[4/4] ɡ-ɡ / ɾ-ɾ / ˈa-ˈɛ / j-j / ʃ-ʃ / a-∅

-------------------

/ɡɾˈan/ - /ɡrˈaŋ/
[5/5] ɡ-ɡ / ɾ-r / ˈa-ˈa / n-ŋ

-------------------

/ɡɾˈano/ - /ɡrˈaŋ/
[2/4] ɡ-ɡ / ɾ-r / ˈa-ˈa / n_o-ŋ
[2/4] ɡ-ɡ / ɾ-r / ˈa-ˈa / n-ŋ / o-∅

-------------------

/ɡˈato/ - /ɡˈat/
[3/4] ɡ-ɡ / ˈa-ˈa / t_o-t
[1/4] ɡ-ɡ / ˈa-ˈa / t-t / o-∅

-------------------

/ɡˈolpe/ - /kˈɔp/
[2/3] ɡ-k / ˈo-ˈɔ / l-∅ / p-p / e_#>-#>
[1/3] ɡ-k / ˈo-ˈɔ / l-∅ / p-p / e-∅

-------------------

/ɡˈota/ - /ɡˈutɔ/
[4/4] ɡ-ɡ / ˈo-ˈu / t-t / a-ɔ

-------------------

/ɡˈoʝo/ - /ɡˈaj/
[1/1] ɡ-ɡ / ˈo-ˈa / ʝ_o-j

-------------------

/ʎˈeβɾe/ - /lˈɛβe/
[3/3] ʎ-l / ˈe-ˈɛ / β_ɾ-β / e-e

-------------------

/ʝˈeɾβa/ - /ˈɛrβɔ/
[3/3] ʝ-∅ / ˈe-ˈɛ / ɾ-r / β-β / a-ɔ

-------------------

/ʝˈo/ - /ʒˈɔ/
[3/3] ʝ-ʒ / ˈo-ˈɔ

-------------------

/ʧelˈaɾ/ - /ʒelˈa/
[2/4] ʧ-ʒ / e-e / l-l / ˈa_ɾ-ˈa
[2/4] ʧ-ʒ / e-e / l-l / ˈa-ˈa / ɾ-∅

-------------------

/ʧenˈiβa/ - /anhˈiβɔ/
[5/5] ʧ-∅ / e-a / n-n / ∅-h / ˈi-ˈi / β-β / a-ɔ

-------------------

/ʧenˈuʎo/ - /ʒˈuʎ/
[3/4] ʧ-ʒ / e-∅ / n-∅ / ˈu-ˈu / ʎ_o-ʎ
[1/4] ʧ-ʒ / e-∅ / n-∅ / ˈu-ˈu / ʎ-ʎ / o-∅

-------------------

/ʧwˈeɣo/ - /ʒˈɔk/
[1/4] ʧ_w-ʒ / ˈe-ˈɔ / ɣ_o-k
[1/4] ʧ-ʒ / w_ˈe-ˈɔ / ɣ_o-k
[1/4] ʧ-ʒ / w_ˈe-ˈɔ / ɣ-k / o_#>-#>
[1/4] ʧ-ʒ / w-∅ / ˈe-ˈɔ / ɣ-k / o-∅

-------------------

/ʧwˈeθ/ - /ʒˈyʤe/
[1/1] ʧ_w-ʒ / ˈe-ˈy / θ-ʤ / ∅-e

-------------------

/ʧˈelo/ - /ʒˈɛw/
[2/4] ʧ-ʒ / ˈe-ˈɛ / l-∅ / o-w
[1/4] ʧ-ʒ / ˈe_l-ˈɛ / o-w
[1/4] ʧ-ʒ / ˈe-ˈɛ / l_o-w

-------------------

/ʧˈoβen/ - /ʒwˈeŋ/
[5/5] ʧ-ʒ / ˈo-w / β-∅ / e-ˈe / n-ŋ

-------------------

/ʧˈunto/ - /ʒˈyn/
[2/3] ʧ-ʒ / ˈu-ˈy / n-n / t-∅ / o-∅
[1/3] ʧ-ʒ / ˈu-ˈy / n_t-n / o_#>-#>

-------------------

/ˈalma/ - /ˈanːɔ/
[2/4] ˈa_l-ˈa / m-nː / a-ɔ
[2/4] ˈa-ˈa / l-∅ / m-nː / a-ɔ

-------------------

/ˈalβa/ - /ˈawβɔ/
[2/3] ˈa_l-ˈa / ∅-w / β-β / a-ɔ
[1/3] ˈa-ˈa / l-∅ / ∅-w / β-β / a-ɔ

-------------------

/ˈanʧel/ - /ˈanʒu/
[3/4] ˈa-ˈa / n-n / ʧ-ʒ / e-u / l-∅
[1/4] ˈa-ˈa / n-n / ʧ-ʒ / e-u / l_#>-#>

-------------------

/ˈatɾo/ - /ˈawte/
[1/3] ˈa-ˈa / ∅-w / t-t / ɾ_o-e
[1/3] ˈa-ˈa / t-w_t / ɾ-∅ / o-e
[1/3] ˈa-ˈa / t-w_t / ɾ-e / o-∅

-------------------

/ˈawka/ - /ˈawkɔ/
[4/4] ˈa-ˈa / w-w / k-k / a-ɔ

-------------------

/ˈawɣwa/ - /ˈajɣɔ/
[3/4] ˈa-ˈa / w-j / ɣ-ɣ / w-∅ / a-ɔ
[1/4] ˈa-ˈa / w-j / ɣ_w-ɣ / a-ɔ

-------------------

/ˈaɾβol/ - /ˈaɾβe/
[4/5] ˈa-ˈa / ɾ-ɾ / β-β / o-e / l-∅
[1/5] ˈa-ˈa / ɾ-ɾ / β-β / o-e / l_#>-#>

-------------------

/ˈaʎo/ - /ˈaʎ/
[2/4] ˈa-ˈa / ʎ_o-ʎ
[2/4] ˈa-ˈa / ʎ-ʎ / o-∅

-------------------

/ˈel/ - /ˈet/
[1/1] ˈe-ˈe / l-∅ / #>-t_#>

-------------------

/ˈeʎa/ - /ˈeɾɔ/
[3/3] ˈe-ˈe / ʎ-ɾ / a-ɔ

-------------------

/ˈizla/ - /ˈizlɔ/
[4/4] ˈi-ˈi / z-z / l-l / a-ɔ

-------------------

/ˈombɾe/ - /ˈɔmi/
[2/3] ˈo-ˈɔ / m_b-m / ɾ_e-i
[1/3] ˈo-ˈɔ / m-m / b-∅ / ɾ-∅ / e-i

-------------------

/ˈonso/ - /ˈus/
[3/5] ˈo-ˈu / n-∅ / s_o-s
[2/5] ˈo-ˈu / n-∅ / s-s / o-∅

-------------------

/ˈoɾo/ - /ˈawr/
[2/3] ˈo-ˈa_w / ɾ-r / o_#>-#>
[1/3] ˈo-ˈa_w / ɾ_o-r

-------------------

/ˈuno/ - /ˈyŋ/
[2/4] ˈu-ˈy / n_o-ŋ
[2/4] ˈu-ˈy / n-ŋ / o-∅

-------------------

/ˈuŋɡla/ - /ˈyŋɡlɔ/
[5/5] ˈu-ˈy / ŋ-ŋ / ɡ-ɡ / l-l / a-ɔ

-------------------

/θeɾkˈaɾ/ - /serkˈa/
[2/3] θ-s / e-e / ɾ-r / k-k / ˈa_ɾ-ˈa
[1/3] θ-s / e-e / ɾ-r / k-k / ˈa-ˈa / ɾ-∅

-------------------

/θiŋkwˈanta/ - /siŋkwˈantɔ/
[5/5] θ-s / i-i / ŋ-ŋ / k-k / w-w / ˈa-ˈa / n-n / t-t / a-ɔ

-------------------

/θiɾˈesa/ - /serjˈezɔ/
[1/1] θ-s / ∅-e / ∅-r / i-j / ɾ_ˈe-ˈe / s-z / a-ɔ

-------------------

/θiɾˈesa/ - /seɾˈizɔ/
[4/4] θ-s / i-e / ɾ-ɾ / ˈe-ˈi / s-z / a-ɔ

-------------------

/θjuðˈat/ - /siwtˈat/
[3/3] θ-s / j-i / u-w / ð-t / ˈa-ˈa / t-t

-------------------

/θjˈelo/ - /sˈɛw/
[2/4] θ-s / j_ˈe_l-ˈɛ / o-w
[2/4] θ-s / j_ˈe-ˈɛ / l-∅ / o-w

-------------------

/θjˈento/ - /sˈen/
[2/4] θ-s / j-∅ / ˈe-ˈe / n_t-n / o_#>-#>
[1/4] θ_j-s / ˈe-ˈe / n-n / t-∅ / o-∅
[1/4] θ-s / j-∅ / ˈe-ˈe / n-n / t-∅ / o-∅

-------------------

/θˈeɾa/ - /sˈeɾɔ/
[4/4] θ-s / ˈe-ˈe / ɾ-ɾ / a-ɔ

-------------------

/θˈiŋko/ - /sˈiŋk/
[3/4] θ-s / ˈi-ˈi / ŋ-ŋ / k_o-k
[1/4] θ-s / ˈi-ˈi / ŋ-ŋ / k-k / o-∅

-------------------

