/anˈɛl/ - /anˈɛl/
[1/1] <#_a-<#_a / n-n / ˈɛ-ˈɛ / l_#>-l_#>

-------------------

/awsˈi/ - /masˈe/
[1/1] <#_a-<# / ∅-m / w-a / s-s / ˈi-ˈe

-------------------

/awsˈɛl/ - /uzˈɛl/
[1/1] <#_a-<#_u / w-∅ / s-z / ˈɛ-ˈɛ / l_#>-l_#>

-------------------

/awɾˈeʎɔ/ - /urˈija/
[1/1] <#_a-<#_u / w-∅ / ɾ-r / ˈe-ˈi / ʎ-j / ɔ_#>-a_#>

-------------------

/aɣˈyʎɔ/ - /ˈyja/
[1/1] <#_a-<# / ɣ_ˈy-ˈy / ʎ-j / ɔ_#>-a_#>

-------------------

/aɲˈɛl/ - /aɲˈɛl/
[1/1] <#_a-<#_a / ɲ-ɲ / ˈɛ-ˈɛ / l_#>-l_#>

-------------------

/aɾˈaɲɔ/ - /arˈaɲ/
[1/1] <#_a-<#_a / ɾ_ˈa-r_ˈa / ɲ-ɲ / ɔ-∅

-------------------

/aɾˈaɲɔ/ - /rˈaɲ/
[1/1] <#_a-<# / ɾ_ˈa-r_ˈa / ɲ-ɲ / ɔ-∅

-------------------

/aʤyðˈa/ - /ajdˈe/
[1/1] <#_a-<#_a / ʤ-∅ / y-j / ð-d / ˈa_#>-ˈe_#>

-------------------

/aβˈeʎɔ/ - /ˈajf/
[1/1] <#_a-<# / β-∅ / ˈe-ˈa / ʎ-j / ɔ-f

-------------------

/aβˈeʎɔ/ - /ˈavija/
[1/1] <#_a-<# / ∅-ˈa / β-v / ˈe-i / ʎ-j / ɔ_#>-a_#>

-------------------

/blˈaŋk/ - /bjˈaŋk/
[1/1] <#_b-<#_b / l_ˈa-j_ˈa / ŋ-ŋ / k_#>-k_#>

-------------------

/bɥˈɔw/ - /bˈø/
[1/1] <#_b-<#_b / ɥ_ˈɔ-ˈø / w_#>-#>

-------------------

/bɾylːˈa/ - /bryzˈe/
[1/1] <#_b-<#_b / ɾ-r / y-y / lː-z / ˈa_#>-ˈe_#>

-------------------

/bˈas/ - /bˈas/
[1/1] <#_b-<#_b / ˈa-ˈa / s_#>-s_#>

-------------------

/bˈaɲ/ - /bˈaɲ/
[1/1] <#_b-<#_b / ˈa-ˈa / ɲ_#>-ɲ_#>

-------------------

/bˈe/ - /bˈɛn/
[1/1] <#_b-<#_b / ˈe-ˈɛ / ∅-n

-------------------

/bˈewɾe/ - /bˈejve/
[1/1] <#_b-<#_b / ˈe-ˈe_j / w-∅ / ɾ-v / e_#>-e_#>

-------------------

/bˈu/ - /bˈuŋ/
[1/1] <#_b-<#_b / ˈu-ˈu / #>-ŋ_#>

-------------------

/bˈukɔ/ - /bˈuka/
[1/1] <#_b-<#_b / ˈu-ˈu / k_ɔ-k_a

-------------------

/bˈunas/ - /bˈune/
[1/1] <#_b-<#_b / ˈu-ˈu / n-n / a_s-e

-------------------

/bˈuns/ - /bˈuŋ/
[1/1] <#_b-<#_b / ˈu-ˈu / n-ŋ / s_#>-#>

-------------------

/bˈunɔ/ - /bˈuna/
[1/1] <#_b-<#_b / ˈu-ˈu / n-n / ɔ_#>-a_#>

-------------------

/bˈɛl/ - /bˈɛl/
[1/1] <#_b-<#_b / ˈɛ-ˈɛ / l_#>-l_#>

-------------------

/bˈɛlɔ/ - /bˈɛla/
[1/1] <#_b-<#_b / ˈɛ-ˈɛ / l_ɔ-l_a

-------------------

/diɡˈu/ - /nsˈyŋ/
[1/1] d-<# / i-n / ɡ-s / ˈu-ˈy / #>-ŋ_#>

-------------------

/djˈew/ - /dˈiw/
[1/1] <#_d-<#_d / j-ˈi / ˈe-w / w_#>-#>

-------------------

/durmˈi/ - /dˈørme/
[1/1] <#_d-<#_d / u-ˈø / r-r / m-m / ˈi_#>-e_#>

-------------------

/dˈa/ - /dˈe/
[1/1] <#_d-<#_d / ˈa_#>-ˈe_#>

-------------------

/dˈet/ - /dˈil/
[1/1] <#_d-<#_d / ˈe-ˈi / t-l

-------------------

/dˈiɔ/ - /dˈi/
[1/1] <#_d-<#_d / ˈi-ˈi / ɔ-∅

-------------------

/dˈiɾe/ - /dˈi/
[1/1] <#_d-<#_d / ˈi-ˈi / ɾ-∅ / e-∅

-------------------

/dˈu/ - /dˈuŋ/
[1/1] <#_d-<#_d / ˈu-ˈu / #>-ŋ_#>

-------------------

/dˈuas/ - /dˈue/
[1/1] <#_d-<#_d / ˈu-ˈu / a_s-e

-------------------

/dˈudze/ - /dˈudez/
[1/1] <#_d-<#_d / ˈu-ˈu / d-d / ∅-e / z-z / e-∅

-------------------

/dˈus/ - /dˈuj/
[1/1] <#_d-<#_d / ˈu-ˈu / ∅-j / s_#>-#>

-------------------

/dˈus/ - /dˈus/
[1/1] <#_d-<#_d / ˈu-ˈu / s_#>-s_#>

-------------------

/dˈɔnɔ/ - /dˈɔna/
[1/1] <#_d-<#_d / ˈɔ-ˈɔ / n-n / ɔ_#>-a_#>

-------------------

/dˈɛn/ - /dˈɛŋt/
[1/1] <#_d-<#_d / ˈɛ-ˈɛ / n_#>-ŋ_t

-------------------

/dˈɛʦ/ - /dˈez/
[1/1] <#_d-<#_d / ˈɛ-ˈe / ʦ_#>-z_#>

-------------------

/embunˈil/ - /amburˈi/
[1/1] <#_e-<# / ∅-a / m-m / b-b / u-u / n-r / ˈi-ˈi / l-∅

-------------------

/eskutˈa/ - /skutˈe/
[1/1] <#_e-<# / s-s / k-k / u-u / t-t / ˈa_#>-ˈe_#>

-------------------

/eskɾˈiwɾe/ - /skrˈive/
[1/1] <#_e-<# / s-s / k-k / ɾ-r / ˈi_w-ˈi_v / ɾ-∅ / e_#>-e_#>

-------------------

/eskˈy/ - /skˈyr/
[1/1] <#_e-<# / s-s / k-k / ˈy_#>-ˈy_r

-------------------

/espˈazɔ/ - /spˈa/
[1/1] <#_e-<# / s-s / p-p / ˈa_z_ɔ_#>-ˈa_#>

-------------------

/espˈik/ - /spˈi/
[1/1] <#_e-<# / s-s / p-p / ˈi-ˈi / k_#>-#>

-------------------

/espˈinɔ/ - /spˈiŋa/
[1/1] <#_e-<# / s-s / p-p / ˈi-ˈi / n-ŋ / ɔ_#>-a_#>

-------------------

/estˈat/ - /stˈat/
[1/1] <#_e-<# / s-s / t-t / ˈa-ˈa / t_#>-t_#>

-------------------

/estˈelɔ/ - /stˈejla/
[1/1] <#_e-<# / s-s / t-t / ˈe-ˈe / l-j / ∅-l / ɔ_#>-a_#>

-------------------

/estˈiw/ - /istˈa/
[1/1] <#_e-<# / ∅-i / s-s / t-t / ˈi-ˈa / w_#>-#>

-------------------

/eɡˈal/ - /eɡwˈal/
[1/1] e-e / ɡ-ɡ / ˈa-w_ˈa / l_#>-l_#>

-------------------

/faɾˈinɔ/ - /farˈiŋa/
[1/1] <#_f-<#_f / a-a / ɾ-r / ˈi-ˈi / n-ŋ / ɔ_#>-a_#>

-------------------

/flˈambɔ/ - /fjˈama/
[1/1] <#_f-<#_f / l_ˈa-j_ˈa / m-m / b-∅ / ɔ_#>-a_#>

-------------------

/flˈu/ - /fjˈur/
[1/1] <#_f-<#_f / l-j / ˈu_#>-ˈu_r

-------------------

/frˈyʧ/ - /frˈyt/
[1/1] <#_f-<#_f / r-r / ˈy-ˈy / ʧ_#>-t_#>

-------------------

/fɥˈɔk/ - /fˈø/
[1/1] <#_f-<#_f / ɥ_ˈɔ-ˈø / k_#>-#>

-------------------

/fɥˈɔk/ - /fˈøɡ/
[1/1] <#_f-<#_f / ɥ_ˈɔ-ˈø / k_#>-ɡ_#>

-------------------

/fɥˈɛʎɔ/ - /fˈøja/
[1/1] <#_f-<#_f / ɥ_ˈɛ-ˈø / ʎ-j / ɔ_#>-a_#>

-------------------

/fɾˈajɾe/ - /frˈar/
[1/1] <#_f-<#_f / ɾ_ˈa-r_ˈa / j-∅ / ɾ-∅ / e_#>-r_#>

-------------------

/fɾˈet/ - /frˈejd/
[1/1] <#_f-<#_f / ɾ-r / ˈe-ˈe_j / t_#>-d_#>

-------------------

/fˈajɾe/ - /fˈe/
[1/1] <#_f-<#_f / ˈa-∅ / j-∅ / ɾ-∅ / e-ˈe

-------------------

/fˈals/ - /fˈaws/
[1/1] <#_f-<#_f / ˈa-ˈa / l-w / s_#>-s_#>

-------------------

/fˈam/ - /fˈam/
[1/1] <#_f-<#_f / ˈa-ˈa / m_#>-m_#>

-------------------

/fˈenːɔ/ - /fˈɔmna/
[1/1] <#_f-<#_f / ˈe-ˈɔ / ∅-m / nː-n / ɔ_#>-a_#>

-------------------

/fˈeʤe/ - /fˈedik/
[1/1] <#_f-<#_f / ˈe-ˈe / ∅-d / ʤ_e-i / ∅-k

-------------------

/fˈi/ - /fˈiŋ/
[1/1] <#_f-<#_f / ˈi-ˈi / #>-ŋ_#>

-------------------

/fˈil/ - /fˈij/
[1/1] <#_f-<#_f / ˈi-ˈi / l_#>-j_#>

-------------------

/fˈil/ - /fˈil/
[1/1] <#_f-<#_f / ˈi-ˈi / l_#>-l_#>

-------------------

/fˈiʎɔ/ - /fˈija/
[1/1] <#_f-<#_f / ˈi-ˈi / ʎ-j / ɔ_#>-a_#>

-------------------

/fˈym/ - /fˈym/
[1/1] <#_f-<#_f / ˈy-ˈy / m_#>-m_#>

-------------------

/fˈɔrsɔ/ - /fˈɔrsa/
[1/1] <#_f-<#_f / ˈɔ-ˈɔ / r-r / s-s / ɔ_#>-a_#>

-------------------

/fˈɔrt/ - /fˈɔrt/
[1/1] <#_f-<#_f / ˈɔ-ˈɔ / r-r / t_#>-t_#>

-------------------

/fˈɛre/ - /fˈɛr/
[1/1] <#_f-<#_f / ˈɛ-ˈɛ / r-∅ / e_#>-r_#>

-------------------

/fˈɛstɔ/ - /fˈɛsta/
[1/1] <#_f-<#_f / ˈɛ-ˈɛ / s-s / t-t / ɔ_#>-a_#>

-------------------

/iβˈɛr/ - /invˈɛrn/
[1/1] i-i / ∅-n / β-v / ˈɛ_r-ˈɛ_r / ∅-n

-------------------

/kambjˈa/ - /kambjˈe/
[1/1] <#_k-<#_k / a-a / m-m / b-b / j-j / ˈa_#>-ˈe_#>

-------------------

/kantˈa/ - /kaŋtˈe/
[1/1] <#_k-<#_k / a-a / n-ŋ / t-t / ˈa_#>-ˈe_#>

-------------------

/kastˈɛl/ - /kastˈɛl/
[1/1] <#_k-<#_k / a-a / s-s / t-t / ˈɛ-ˈɛ / l_#>-l_#>

-------------------

/kasˈa/ - /kasˈe/
[1/1] <#_k-<#_k / a-a / s-s / ˈa_#>-ˈe_#>

-------------------

/kaðˈenɔ/ - /kadˈeŋa/
[1/1] <#_k-<#_k / a-a / ð-d / ˈe_n-ˈe_ŋ / ɔ_#>-a_#>

-------------------

/kaβˈal/ - /kavˈal/
[1/1] <#_k-<#_k / a_β-a_v / ˈa-ˈa / l_#>-l_#>

-------------------

/kaβˈɛl/ - /kavˈɛj/
[1/1] <#_k-<#_k / a_β-a_v / ˈɛ-ˈɛ / l_#>-j_#>

-------------------

/kaβˈɛl/ - /pˈɛj/
[1/1] k-∅ / a-<# / β-p / ˈɛ-ˈɛ / l_#>-j_#>

-------------------

/klamˈa/ - /ʧamˈe/
[1/1] <#_k-<#_ʧ / l-∅ / a-a / m-m / ˈa_#>-ˈe_#>

-------------------

/klˈaw/ - /ʧˈav/
[1/1] <#_k-<#_ʧ / l_ˈa-ˈa / w_#>-v_#>

-------------------

/kulˈu/ - /kulˈɔr/
[1/1] <#_k-<#_k / u_l-u_l / ˈu-ˈɔ / ∅-r

-------------------

/kunˈejse/ - /kunˈɔse/
[1/1] <#_k-<#_k / u-u / n-n / ˈe-ˈɔ / j_s-s / e_#>-e_#>

-------------------

/kunˈejse/ - /kuɲˈɔse/
[1/1] <#_k-<#_k / u-u / n-ɲ / ˈe-ˈɔ / j_s-s / e_#>-e_#>

-------------------

/kɥˈul/ - /kˈyl/
[1/1] <#_k-<#_k / ɥ-∅ / ˈu-ˈy / l_#>-l_#>

-------------------

/kɥˈɛjsɔ/ - /kˈøsa/
[1/1] <#_k-<#_k / ɥ_ˈɛ-ˈø / j_s-s / ɔ_#>-a_#>

-------------------

/kɾemˈa/ - /bryzˈe/
[1/1] k-b / ɾ-r / e-y / m-z / ˈa_#>-ˈe_#>

-------------------

/kɾˈejre/ - /kərdˈe/
[1/1] <#_k-<#_k / ɾ-ə / ˈe-∅ / j-∅ / r-r / ∅-d / e-ˈe

-------------------

/kɾˈuʦ/ - /krˈuz/
[1/1] <#_k-<#_k / ɾ-r / ˈu-ˈu / ʦ_#>-z_#>

-------------------

/kˈa/ - /kˈaŋ/
[1/1] <#_k-<#_k / ˈa-ˈa / #>-ŋ_#>

-------------------

/kˈan/ - /kˈaŋt/
[1/1] <#_k-<#_k / ˈa-ˈa / n_#>-ŋ_t

-------------------

/kˈap/ - /kˈɔ/
[1/1] <#_k-<#_k / ˈa-∅ / p-ˈɔ

-------------------

/kˈar/ - /kˈar/
[1/1] <#_k-<#_k / ˈa-ˈa / r_#>-r_#>

-------------------

/kˈar/ - /kˈarŋ/
[1/1] <#_k-<#_k / ˈa_r-ˈa_r / #>-ŋ_#>

-------------------

/kˈatɾe/ - /kwˈatr/
[1/1] <#_k-<#_k / ˈa-w_ˈa / t-t / ɾ-∅ / e_#>-r_#>

-------------------

/kˈawt/ - /kˈawd/
[1/1] <#_k-<#_k / ˈa-ˈa / w-w / t_#>-d_#>

-------------------

/kˈawzɔ/ - /kˈɔza/
[1/1] <#_k-<#_k / ˈa_w-ˈɔ / z-z / ɔ_#>-a_#>

-------------------

/kˈazɔ/ - /kˈa/
[1/1] <#_k-<#_k / ˈa_z_ɔ_#>-ˈa_#>

-------------------

/kˈaʎɔ/ - /kwˈaja/
[1/1] <#_k-<#_k / ˈa-w_ˈa / ʎ-j / ɔ_#>-a_#>

-------------------

/kˈaβɾɔ/ - /krˈava/
[1/1] <#_k-<#_k / ∅-r / ˈa-ˈa / β-v / ɾ-∅ / ɔ_#>-a_#>

-------------------

/kˈe/ - /kˈe/
[1/1] <#_k-<#_k / ˈe-ˈe

-------------------

/kˈi/ - /kˈi/
[1/1] <#_k-<#_k / ˈi_#>-ˈi_#>

-------------------

/kˈuɔ/ - /kˈua/
[1/1] <#_k-<#_k / ˈu-ˈu / ɔ_#>-a_#>

-------------------

/kˈuɾt/ - /kˈyrt/
[1/1] <#_k-<#_k / ˈu-ˈy / ɾ-r / t_#>-t_#>

-------------------

/kˈɔl/ - /kˈɔl/
[1/1] <#_k-<#_k / ˈɔ-ˈɔ / l_#>-l_#>

-------------------

/kˈɔp/ - /kˈulp/
[1/1] <#_k-<#_k / ˈɔ-ˈu / ∅-l / p-p

-------------------

/kˈɔr/ - /kˈør/
[1/1] <#_k-<#_k / ˈɔ-ˈø / r_#>-r_#>

-------------------

/kˈɔr/ - /kˈɔrn/
[1/1] <#_k-<#_k / ˈɔ-ˈɔ / r-r / ∅-n

-------------------

/kˈɔs/ - /kˈɔrp/
[1/1] <#_k-<#_k / ˈɔ-ˈɔ / ∅-r / s_#>-p_#>

-------------------

/kˈɔstɔ/ - /kˈɔsta/
[1/1] <#_k-<#_k / ˈɔ_s-ˈɔ_s / t-t / ɔ_#>-a_#>

-------------------

/levˈa/ - /levˈe/
[1/1] <#_l-<#_l / e-e / v-v / ˈa_#>-ˈe_#>

-------------------

/leʤˈi/ - /lˈɛze/
[1/1] <#_l-<#_l / e-ˈɛ / ʤ-z / ˈi_#>-e_#>

-------------------

/leˈu/ - /ljˈuŋ/
[1/1] <#_l-<#_l / e-j / ˈu-ˈu / #>-ŋ_#>

-------------------

/ljˈɛʧ/ - /lˈɛt/
[1/1] <#_l-<#_l / j_ˈɛ-ˈɛ / ʧ_#>-t_#>

-------------------

/lɥˈɔk/ - /lˈø/
[1/1] <#_l-<#_l / ɥ_ˈɔ-ˈø / k_#>-#>

-------------------

/lɥˈɔk/ - /lˈøɡ/
[1/1] <#_l-<#_l / ɥ_ˈɔ-ˈø / k_#>-ɡ_#>

-------------------

/lˈak/ - /lˈaɡ/
[1/1] <#_l-<#_l / ˈa-ˈa / k_#>-ɡ_#>

-------------------

/lˈanɔ/ - /lˈana/
[1/1] <#_l-<#_l / ˈa_n-ˈa_n / ɔ_#>-a_#>

-------------------

/lˈanɔ/ - /lˈaŋa/
[1/1] <#_l-<#_l / ˈa-ˈa / n-ŋ / ɔ_#>-a_#>

-------------------

/lˈaɣɾemɔ/ - /lˈerma/
[1/1] <#_l-<#_l / ˈa-ˈe / ɣ_ɾ_e-r / m-m / ɔ_#>-a_#>

-------------------

/lˈaʧ/ - /lˈajt/
[1/1] <#_l-<#_l / ˈa-ˈa / ∅-j / ʧ_#>-t_#>

-------------------

/lˈej/ - /lˈeʤe/
[1/1] <#_l-<#_l / ˈe-ˈe / ∅-ʤ / j-e

-------------------

/lˈeŋɡɔ/ - /lˈɛŋɡa/
[1/1] <#_l-<#_l / ˈe-ˈɛ / ŋ-ŋ / ɡ-ɡ / ɔ_#>-a_#>

-------------------

/lˈeɲɔ/ - /lˈəɲa/
[1/1] <#_l-<#_l / ˈe-ˈə / ɲ-ɲ / ɔ_#>-a_#>

-------------------

/lˈiwɾe/ - /lˈiber/
[1/1] <#_l-<#_l / ˈi-ˈi / w-b / ɾ-e / e_#>-r_#>

-------------------

/lˈup/ - /lˈyv/
[1/1] <#_l-<#_l / ˈu-ˈy / p-v

-------------------

/lˈuŋk/ - /lˈuŋɡ/
[1/1] <#_l-<#_l / ˈu-ˈu / ŋ-ŋ / k_#>-ɡ_#>

-------------------

/lˈym/ - /lˈym/
[1/1] <#_l-<#_l / ˈy-ˈy / m_#>-m_#>

-------------------

/lˈym/ - /lˈyz/
[1/1] <#_l-<#_l / ˈy-ˈy / m-z

-------------------

/lˈynɔ/ - /lˈyŋa/
[1/1] <#_l-<#_l / ˈy-ˈy / n-ŋ / ɔ_#>-a_#>

-------------------

/lˈyʦ/ - /lˈym/
[1/1] <#_l-<#_l / ˈy-ˈy / ʦ-m

-------------------

/lˈyʦ/ - /lˈyz/
[1/1] <#_l-<#_l / ˈy-ˈy / ʦ_#>-z_#>

-------------------

/lˈyʧɔ/ - /lˈɔta/
[1/1] <#_l-<#_l / ˈy-ˈɔ / ʧ-t / ɔ_#>-a_#>

-------------------

/lˈɛβɾe/ - /lˈɛvr/
[1/1] <#_l-<#_l / ˈɛ-ˈɛ / β-v / ɾ-∅ / e_#>-r_#>

-------------------

/manʤˈa/ - /maŋʤˈe/
[1/1] <#_m-<#_m / a-a / n-ŋ / ʤ-ʤ / ˈa_#>-ˈe_#>

-------------------

/maðˈy/ - /madˈyr/
[1/1] <#_m-<#_m / a-a / ð-d / ˈy_#>-ˈy_r

-------------------

/meʎˈu/ - /mijˈur/
[1/1] <#_m-<#_m / e-i / ʎ-j / ˈu_#>-ˈu_r

-------------------

/muntˈaɲɔ/ - /muŋtˈaɲa/
[1/1] <#_m-<#_m / u-u / n-ŋ / t-t / ˈa-ˈa / ɲ-ɲ / ɔ_#>-a_#>

-------------------

/museɣˈa/ - /mˈɔrde/
[1/1] <#_m-<#_m / ∅-ˈɔ / u-r / s-d / e-e / ɣ-∅ / ˈa-∅

-------------------

/muɾˈi/ - /mˈøjre/
[1/1] <#_m-<#_m / u-ˈø / ∅-j / ɾ-r / ˈi_#>-e_#>

-------------------

/muʎˈɛ/ - /mujˈe/
[1/1] <#_m-<#_m / u-u / ʎ-j / ˈɛ_#>-ˈe

-------------------

/mˈa/ - /mˈaŋ/
[1/1] <#_m-<#_m / ˈa-ˈa / #>-ŋ_#>

-------------------

/mˈikɔ/ - /mˈika/
[1/1] <#_m-<#_m / ˈi-ˈi / k_ɔ-k_a

-------------------

/mˈil/ - /mˈila/
[1/1] <#_m-<#_m / ˈi_l-ˈi_l / ∅-a

-------------------

/mˈuskɔ/ - /mˈuska/
[1/1] <#_m-<#_m / ˈu-ˈu / s-s / k_ɔ-k_a

-------------------

/mˈɔrdɾe/ - /mˈɔrde/
[1/1] <#_m-<#_m / ˈɔ-ˈɔ / r-r / d-d / ɾ-∅ / e_#>-e_#>

-------------------

/mˈɔrt/ - /mˈɔrte/
[1/1] <#_m-<#_m / ˈɔ-ˈɔ / r-r / t_#>-t_e

-------------------

/mˈɛl/ - /mˈɛl/
[1/1] <#_m-<#_m / ˈɛ-ˈɛ / l_#>-l_#>

-------------------

/naðˈa/ - /nuˈe/
[1/1] <#_n-<#_n / a-∅ / ð-u / ˈa_#>-ˈe_#>

-------------------

/naðˈa/ - /nwatˈɛ/
[1/1] <#_n-<#_n / ∅-w / a-a / ð-t / ˈa-ˈɛ

-------------------

/nu/ - /nˈɛŋ/
[1/1] <#_n-<#_n / u-ˈɛ / #>-ŋ_#>

-------------------

/nuzˈawtɾes/ - /nˈuj/
[1/1] <#_n-<#_n / u-∅ / z-∅ / ˈa-∅ / w-∅ / t-∅ / ɾ-ˈu / e-j / s_#>-#>

-------------------

/nɥˈɛʧ/ - /nˈøjt/
[1/1] <#_n-<#_n / ɥ_ˈɛ-ˈø / ∅-j / ʧ_#>-t_#>

-------------------

/nˈajse/ - /nˈase/
[1/1] <#_n-<#_n / ˈa-ˈa / j_s-s / e_#>-e_#>

-------------------

/nˈas/ - /nˈaz/
[1/1] <#_n-<#_n / ˈa-ˈa / ∅-z / s_#>-#>

-------------------

/nˈeɣɾe/ - /nˈɛjr/
[1/1] <#_n-<#_n / ˈe-ˈɛ_j / ɣ_ɾ_e-r

-------------------

/nˈiw/ - /nˈivula/
[1/1] <#_n-<#_n / ˈi-ˈi / ∅-v / ∅-u / ∅-l / ∅-a / w_#>-#>

-------------------

/nˈiβul/ - /nˈivula/
[1/1] <#_n-<#_n / ˈi-ˈi / β-v / u_l-u_l / ∅-a

-------------------

/nˈum/ - /nˈɔm/
[1/1] <#_n-<#_n / ˈu-ˈɔ / m_#>-m_#>

-------------------

/nˈus/ - /nˈuj/
[1/1] <#_n-<#_n / ˈu-ˈu / ∅-j / s_#>-#>

-------------------

/nˈuʦ/ - /nˈuz/
[1/1] <#_n-<#_n / ˈu-ˈu / ʦ_#>-z_#>

-------------------

/nˈɔstɾe/ - /nˈɔst/
[1/1] <#_n-<#_n / ˈɔ_s-ˈɔ_s / t-t / ɾ-∅ / e-∅

-------------------

/nˈɔstɾe/ - /nˈɔstr/
[1/1] <#_n-<#_n / ˈɔ_s-ˈɔ_s / t-t / ɾ-∅ / e_#>-r_#>

-------------------

/nˈɔw/ - /nˈøv/
[2/2] <#_n-<#_n / ˈɔ-ˈø / w_#>-v_#>

-------------------

/nˈɛw/ - /nˈef/
[1/1] <#_n-<#_n / ˈɛ-ˈe / ∅-f / w_#>-#>

-------------------

/nˈɛβlɔ/ - /nˈebja/
[1/1] <#_n-<#_n / ˈɛ-ˈe / β-b / l-j / ɔ_#>-a_#>

-------------------

/palˈaʦ/ - /palˈas/
[1/1] <#_p-<#_p / a_l-a_l / ˈa-ˈa / ʦ_#>-s_#>

-------------------

/paɾˈawlɔ/ - /parˈɔla/
[1/1] <#_p-<#_p / a-a / ɾ-r / ˈa_w-ˈɔ / l_ɔ-l_a

-------------------

/petˈit/ - /ʧˈit/
[1/1] p-∅ / e-<# / t-ʧ / ˈi-ˈi / t_#>-t_#>

-------------------

/pezˈul/ - /pˈuj/
[1/1] <#_p-<#_p / e-∅ / z-∅ / ˈu-ˈu / l_#>-j_#>

-------------------

/piʧˈu/ - /ʧˈit/
[1/1] p-<# / i-ʧ / ʧ-ˈi / ˈu-t

-------------------

/pjˈɛʧ/ - /pˈɛt/
[1/1] <#_p-<#_p / j_ˈɛ-ˈɛ / ʧ_#>-t_#>

-------------------

/pluɾˈa/ - /pjurˈe/
[1/1] <#_p-<#_p / l-j / u-u / ɾ-r / ˈa_#>-ˈe_#>

-------------------

/pluɾˈa/ - /pjˈanze/
[1/1] <#_p-<#_p / l-j / ∅-ˈa / u-n / ɾ-z / ˈa-e

-------------------

/plɥˈɛʤɔ/ - /pjˈøva/
[1/1] <#_p-<#_p / l-j / ɥ_ˈɛ-ˈø / ʤ-v / ɔ_#>-a_#>

-------------------

/plˈaɣɔ/ - /pjˈaɡa/
[1/1] <#_p-<#_p / l_ˈa-j_ˈa / ɣ-ɡ / ɔ_#>-a_#>

-------------------

/plˈaɲe/ - /pjurˈe/
[1/1] <#_p-<#_p / l-j / ˈa-u / ɲ-r / e-ˈe

-------------------

/plˈaɲe/ - /pjˈanze/
[1/1] <#_p-<#_p / l_ˈa-j_ˈa / ∅-n / ɲ-z / e_#>-e_#>

-------------------

/plˈe/ - /pjˈeŋ/
[1/1] <#_p-<#_p / l-j / ˈe-ˈe / #>-ŋ_#>

-------------------

/plˈymɔ/ - /pjˈyma/
[1/1] <#_p-<#_p / l-j / ˈy-ˈy / m-m / ɔ_#>-a_#>

-------------------

/puðˈe/ - /pudˈɛj/
[1/1] <#_p-<#_p / u-u / ð-d / ˈe-ˈɛ_j

-------------------

/pɾˈɛʦ/ - /prˈɛsi/
[1/1] <#_p-<#_p / ɾ-r / ˈɛ-ˈɛ / ∅-s / ʦ-i

-------------------

/pˈa/ - /pˈan/
[1/1] <#_p-<#_p / ˈa-ˈa / ∅-n

-------------------

/pˈajɾe/ - /pˈare/
[1/1] <#_p-<#_p / ˈa-ˈa / j_ɾ-r / e_#>-e_#>

-------------------

/pˈawk/ - /pˈɔk/
[1/1] <#_p-<#_p / ˈa_w-ˈɔ / k_#>-k_#>

-------------------

/pˈawɾe/ - /pˈɔver/
[1/1] <#_p-<#_p / ˈa_w-ˈɔ / ∅-v / ɾ-e / e_#>-r_#>

-------------------

/pˈaʦ/ - /pˈaz/
[1/1] <#_p-<#_p / ˈa-ˈa / ʦ_#>-z_#>

-------------------

/pˈejs/ - /pˈes/
[1/1] <#_p-<#_p / ˈe-ˈe / j-∅ / s_#>-s_#>

-------------------

/pˈel/ - /kavˈɛj/
[1/1] ∅-k / <#-a / p-v / ˈe-ˈɛ / l_#>-j_#>

-------------------

/pˈel/ - /pˈɛj/
[1/1] <#_p-<#_p / ˈe-ˈɛ / l_#>-j_#>

-------------------

/pˈenɔ/ - /pˈeŋa/
[1/1] <#_p-<#_p / ˈe_n-ˈe_ŋ / ɔ_#>-a_#>

-------------------

/pˈunʧ/ - /pˈuŋt/
[1/1] <#_p-<#_p / ˈu-ˈu / n-ŋ / ʧ_#>-t_#>

-------------------

/pˈuʦ/ - /pˈus/
[1/1] <#_p-<#_p / ˈu-ˈu / ʦ_#>-s_#>

-------------------

/pˈyɲ/ - /pˈyɲ/
[1/1] <#_p-<#_p / ˈy-ˈy / ɲ_#>-ɲ_#>

-------------------

/pˈɔn/ - /pˈuŋt/
[1/1] <#_p-<#_p / ˈɔ-ˈu / n_#>-ŋ_t

-------------------

/pˈɔrk/ - /pˈɔrs/
[1/1] <#_p-<#_p / ˈɔ-ˈɔ / r-r / ∅-s / k_#>-#>

-------------------

/pˈɛ/ - /pˈe/
[1/1] <#_p-<#_p / ˈɛ_#>-ˈe

-------------------

/pˈɛjɾɔ/ - /pˈɛra/
[1/1] <#_p-<#_p / ˈɛ-ˈɛ / j_ɾ-r / ɔ_#>-a_#>

-------------------

/pˈɛl/ - /pˈɛl/
[1/1] <#_p-<#_p / ˈɛ-ˈɛ / l_#>-l_#>

-------------------

/rasˈinɔ/ - /radˈiz/
[1/1] <#_r-<#_r / a-a / s-d / ˈi-ˈi / n-∅ / ɔ-z

-------------------

/rasˈinɔ/ - /rˈajz/
[1/1] <#_r-<#_r / a-∅ / s-∅ / ˈi-ˈa / n-j / ɔ-z

-------------------

/razˈu/ - /razˈun/
[1/1] <#_r-<#_r / a-a / z-z / ˈu-ˈu / ∅-n

-------------------

/raˈis/ - /radˈiz/
[1/1] <#_r-<#_r / a-a / ∅-d / ˈi-ˈi / ∅-z / s_#>-#>

-------------------

/raˈis/ - /rˈajz/
[1/1] <#_r-<#_r / ∅-ˈa / a-j / ˈi-z / s_#>-#>

-------------------

/rumˈa/ - /rumˈaŋ/
[1/1] <#_r-<#_r / u-u / m-m / ˈa-ˈa / #>-ŋ_#>

-------------------

/rˈej/ - /rˈɛ/
[1/1] <#_r-<#_r / ˈe-ˈɛ / j-∅

-------------------

/rˈej/ - /rˈɛj/
[1/1] <#_r-<#_r / ˈe-ˈɛ / j-j

-------------------

/rˈejnɔ/ - /reʤˈiŋa/
[1/1] <#_r-<#_r / ˈe-∅ / j-e / ∅-ʤ / ∅-ˈi / n-ŋ / ɔ_#>-a_#>

-------------------

/rˈiw/ - /fjˈym/
[1/1] ∅-f / <#-j / r-ˈy / ˈi-m / w_#>-#>

-------------------

/rˈuʤe/ - /rˈubi/
[1/1] <#_r-<#_r / ˈu-ˈu / ∅-b / ʤ_e-i

-------------------

/rˈuʤe/ - /rˈus/
[1/1] <#_r-<#_r / ˈu-ˈu / ʤ-∅ / e-s

-------------------

/rˈɔðɔ/ - /rˈua/
[1/1] <#_r-<#_r / ˈɔ-ˈu / ð-∅ / ɔ_#>-a_#>

-------------------

/salˈyt/ - /salˈyte/
[1/1] <#_s-<#_s / a_l-a_l / ˈy-ˈy / t_#>-t_e

-------------------

/saβˈe/ - /savˈɛj/
[1/1] <#_s-<#_s / a_β-a_v / ˈe-ˈɛ_j

-------------------

/semːˈanɔ/ - /smˈaŋa/
[1/1] <#_s-<#_s / e-∅ / mː-m / ˈa-ˈa / n-ŋ / ɔ_#>-a_#>

-------------------

/serkˈa/ - /serkˈe/
[1/1] <#_s-<#_s / e-e / r-r / k-k / ˈa_#>-ˈe_#>

-------------------

/seɣˈy/ - /sikˈyr/
[1/1] <#_s-<#_s / e-i / ɣ-k / ˈy_#>-ˈy_r

-------------------

/seɾjˈɛɾɔ/ - /serˈesa/
[1/1] <#_s-<#_s / e-e / ɾ-r / j_ˈɛ-ˈe / ɾ-s / ɔ_#>-a_#>

-------------------

/seɾjˈɛɾɔ/ - /ʧerˈeza/
[1/1] s-ʧ / e-e / ɾ-r / j_ˈɛ-ˈe / ɾ-z / ɔ_#>-a_#>

-------------------

/siwtˈat/ - /sitˈa/
[1/1] <#_s-<#_s / i-i / w-∅ / t-t / ˈa-ˈa / t-∅

-------------------

/siŋkˈantɔ/ - /siŋkwˈanta/
[1/1] <#_s-<#_s / i-i / ŋ-ŋ / k-k / ˈa-w_ˈa / n-n / t-t / ɔ_#>-a_#>

-------------------

/sjˈɛjs/ - /sˈes/
[1/1] <#_s-<#_s / j_ˈɛ-ˈe / j-∅ / s_#>-s_#>

-------------------

/sufɾˈi/ - /syfrˈi/
[1/1] <#_s-<#_s / u-y / f-f / ɾ-r / ˈi_#>-ˈi_#>

-------------------

/sulˈɛl/ - /sˈul/
[1/1] <#_s-<#_s / u-∅ / l-∅ / ˈɛ-ˈu / l_#>-l_#>

-------------------

/sˈa/ - /sˈaŋ/
[1/1] <#_s-<#_s / ˈa-ˈa / #>-ŋ_#>

-------------------

/sˈal/ - /sˈal/
[1/1] <#_s-<#_s / ˈa-ˈa / l_#>-l_#>

-------------------

/sˈalsɔ/ - /sˈawsa/
[1/1] <#_s-<#_s / ˈa-ˈa / l-w / s-s / ɔ_#>-a_#>

-------------------

/sˈan/ - /sˈaŋt/
[1/1] <#_s-<#_s / ˈa-ˈa / n_#>-ŋ_t

-------------------

/sˈanɔ/ - /sˈana/
[1/1] <#_s-<#_s / ˈa_n-ˈa_n / ɔ_#>-a_#>

-------------------

/sˈaŋk/ - /sˈaŋɡ/
[1/1] <#_s-<#_s / ˈa-ˈa / ŋ-ŋ / k_#>-ɡ_#>

-------------------

/sˈaβlɔ/ - /sˈabja/
[1/1] <#_s-<#_s / ˈa-ˈa / β-b / l-j / ɔ_#>-a_#>

-------------------

/sˈek/ - /sˈɛk/
[1/1] <#_s-<#_s / ˈe-ˈɛ / k_#>-k_#>

-------------------

/sˈekɔ/ - /sˈɛka/
[1/1] <#_s-<#_s / ˈe-ˈɛ / k_ɔ-k_a

-------------------

/sˈer/ - /sˈɛjra/
[1/1] <#_s-<#_s / ˈe-ˈɛ_j / r-r / ∅-a

-------------------

/sˈeðɔ/ - /sˈeda/
[1/1] <#_s-<#_s / ˈe-ˈe / ð-d / ɔ_#>-a_#>

-------------------

/sˈeɾɔ/ - /sˈira/
[1/1] <#_s-<#_s / ˈe-ˈi / ɾ-r / ɔ_#>-a_#>

-------------------

/sˈimɔ/ - /kˈɔ/
[1/1] s-∅ / ˈi-<# / m-k / ɔ-ˈɔ

-------------------

/sˈiŋk/ - /sˈiŋk/
[1/1] <#_s-<#_s / ˈi-ˈi / ŋ-ŋ / k_#>-k_#>

-------------------

/sˈul/ - /sˈul/
[1/1] <#_s-<#_s / ˈu-ˈu / l_#>-l_#>

-------------------

/sˈɛl/ - /ʧˈel/
[1/1] s-ʧ / ˈɛ-ˈe / l_#>-l_#>

-------------------

/sˈɛn/ - /sˈɛŋt/
[1/1] <#_s-<#_s / ˈɛ-ˈɛ / n_#>-ŋ_t

-------------------

/sˈɛndɾe/ - /sˈinər/
[1/1] <#_s-<#_s / ˈɛ-ˈi / n-n / d-∅ / ɾ-ə / e_#>-r_#>

-------------------

/sˈɛt/ - /sˈɛt/
[1/1] <#_s-<#_s / ˈɛ-ˈɛ / t_#>-t_#>

-------------------

/tusˈi/ - /tˈuse/
[1/1] <#_t-<#_t / u-ˈu / s-s / ˈi_#>-e_#>

-------------------

/tɥˈa/ - /masˈe/
[1/1] <#-m / t-a / ɥ-s / ˈa_#>-ˈe_#>

-------------------

/tɾˈes/ - /trˈɛ/
[1/1] <#_t-<#_t / ɾ-r / ˈe-ˈɛ / s_#>-#>

-------------------

/tˈawr/ - /tˈɔr/
[1/1] <#_t-<#_t / ˈa_w-ˈɔ / r_#>-r_#>

-------------------

/tˈut/ - /tˈyt/
[1/1] <#_t-<#_t / ˈu-ˈy / t_#>-t_#>

-------------------

/tˈy/ - /tˈi/
[1/1] <#_t-<#_t / ˈy-ˈi

-------------------

/tˈɛms/ - /tˈɛŋp/
[1/1] <#_t-<#_t / ˈɛ-ˈɛ / m-ŋ / s_#>-p_#>

-------------------

/tˈɛrɔ/ - /tˈɛra/
[1/1] <#_t-<#_t / ˈɛ_r-ˈɛ_r / ɔ_#>-a_#>

-------------------

/tˈɛstɔ/ - /tˈesta/
[1/1] <#_t-<#_t / ˈɛ-ˈe / s-s / t-t / ɔ_#>-a_#>

-------------------

/ulˈu/ - /udˈur/
[1/1] <#_u-<#_u / l-d / ˈu_#>-ˈu_r

-------------------

/uβɾjˈɛ/ - /uvrjˈe/
[1/1] <#_u-<#_u / β_ɾ-v_r / j-j / ˈɛ_#>-ˈe

-------------------

/venˈi/ - /vˈeŋe/
[1/1] <#_v-<#_v / e-ˈe / n-ŋ / ˈi_#>-e_#>

-------------------

/verɣˈuɲɔ/ - /vərɡˈɔɲa/
[1/1] <#_v-<#_v / e-ə / r-r / ɣ-ɡ / ˈu-ˈɔ / ɲ-ɲ / ɔ_#>-a_#>

-------------------

/vezˈi/ - /vzˈin/
[1/1] <#_v-<#_v / e-∅ / z-z / ˈi-ˈi / ∅-n

-------------------

/veðˈɛl/ - /vitˈɛl/
[1/1] <#_v-<#_v / e-i / ð-t / ˈɛ-ˈɛ / l_#>-l_#>

-------------------

/vilˈa/ - /vilˈaŋ/
[1/1] <#_v-<#_v / i-i / l-l / ˈa-ˈa / #>-ŋ_#>

-------------------

/viˈaʤe/ - /vjˈaʤi/
[1/1] <#_v-<#_v / i-j / ˈa-ˈa / ʤ-ʤ / e-i

-------------------

/vjˈɛl/ - /vˈɛj/
[1/1] <#_v-<#_v / j_ˈɛ-ˈɛ / l_#>-j_#>

-------------------

/vulˈa/ - /vulˈe/
[1/1] <#_v-<#_v / u_l-u_l / ˈa_#>-ˈe_#>

-------------------

/vuzˈawtɾes/ - /vujˈawtri/
[1/1] <#_v-<#_v / u-u / z-j / ˈa-ˈa / w-w / t-t / ɾ-r / e-i / s_#>-#>

-------------------

/vuzˈawtɾes/ - /vˈuj/
[1/1] <#_v-<#_v / u-∅ / z-∅ / ˈa-∅ / w-∅ / t-∅ / ɾ-ˈu / e-j / s_#>-#>

-------------------

/vˈakɔ/ - /vˈaka/
[1/1] <#_v-<#_v / ˈa-ˈa / k_ɔ-k_a

-------------------

/vˈejɾe/ - /vˈədːe/
[1/1] <#_v-<#_v / ˈe-ˈə / j-∅ / ɾ-dː / e_#>-e_#>

-------------------

/vˈert/ - /vˈɛrd/
[1/1] <#_v-<#_v / ˈe-ˈɛ / r-r / t_#>-d_#>

-------------------

/vˈi/ - /vˈiŋ/
[1/1] <#_v-<#_v / ˈi-ˈi / #>-ŋ_#>

-------------------

/vˈilɔ/ - /vˈila/
[1/1] <#_v-<#_v / ˈi_l-ˈi_l / ɔ_#>-a_#>

-------------------

/vˈin/ - /vˈiŋt/
[1/1] <#_v-<#_v / ˈi-ˈi / n_#>-ŋ_t

-------------------

/vˈiðɔ/ - /vˈita/
[1/1] <#_v-<#_v / ˈi-ˈi / ð-t / ɔ_#>-a_#>

-------------------

/vˈiɔ/ - /vˈia/
[1/1] <#_v-<#_v / ˈi-ˈi / ɔ_#>-a_#>

-------------------

/vˈuʦ/ - /vˈuz/
[1/1] <#_v-<#_v / ˈu-ˈu / ʦ_#>-z_#>

-------------------

/vˈɔl/ - /vˈɔl/
[1/1] <#_v-<#_v / ˈɔ-ˈɔ / l_#>-l_#>

-------------------

/vˈɛn/ - /vˈɛŋt/
[1/1] <#_v-<#_v / ˈɛ-ˈɛ / n_#>-ŋ_t

-------------------

/vˈɛntɾe/ - /pˈaŋsa/
[1/1] v-p / ˈɛ-ˈa / n-ŋ / t-∅ / ɾ-s / e-a

-------------------

/vˈɛrm/ - /vˈɛrm/
[1/1] <#_v-<#_v / ˈɛ_r-ˈɛ_r / m_#>-m_#>

-------------------

/ɡlasˈa/ - /ʤejlˈe/
[1/1] ɡ_l-ʤ / a_s-e / ∅-j / ∅-l / ˈa_#>-ˈe_#>

-------------------

/ɡlˈas/ - /ʤˈasa/
[1/1] ɡ_l-ʤ / ˈa-ˈa / s-s / ∅-a

-------------------

/ɡlˈas/ - /ʤˈɛjl/
[1/1] <#-ʤ / ɡ-ˈɛ / l-j / ˈa-l / s_#>-#>

-------------------

/ɡɾˈa/ - /ɡrˈaŋt/
[1/1] <#_ɡ-<#_ɡ / ɾ-r / ˈa_#>-ˈa_ŋ / ∅-t

-------------------

/ɡɾˈas/ - /ɡrˈas/
[1/1] <#_ɡ-<#_ɡ / ɾ_ˈa-r_ˈa / s_#>-s_#>

-------------------

/ɡɾˈɔs/ - /ɡrˈɔs/
[1/1] <#_ɡ-<#_ɡ / ɾ-r / ˈɔ-ˈɔ / s_#>-s_#>

-------------------

/ɡˈat/ - /ɡˈat/
[1/1] <#_ɡ-<#_ɡ / ˈa-ˈa / t_#>-t_#>

-------------------

/ɡˈutɔ/ - /ɡˈusa/
[1/1] <#_ɡ-<#_ɡ / ˈu-ˈu / t-s / ɔ_#>-a_#>

-------------------

/ɥˈɔw/ - /ˈøv/
[1/1] ɥ_ˈɔ-ˈø / w_#>-v_#>

-------------------

/ɥˈɛl/ - /ˈøj/
[1/1] <#_ɥ_ˈɛ-<#_ˈø / l_#>-j_#>

-------------------

/ɥˈɛls/ - /ˈøj/
[1/1] <#_ɥ-<#_ˈø / ˈɛ_l-j / s_#>-#>

-------------------

/ɥˈɛʧ/ - /ˈøt/
[1/1] <#_ɥ_ˈɛ-<#_ˈø / ʧ_#>-t_#>

-------------------

/ʤelˈa/ - /ʤejlˈe/
[1/1] <#_ʤ-<#_ʤ / e-e / l-j / ∅-l / ˈa_#>-ˈe_#>

-------------------

/ʤenˈiβɔ/ - /zanzˈiva/
[1/1] ʤ-z / e-a / n-n / ∅-z / ˈi-ˈi / β-v / ɔ_#>-a_#>

-------------------

/ʤenˈul/ - /ʤˈinuj/
[1/1] <#_ʤ-<#_ʤ / e-ˈi / n-n / ˈu-u / l_#>-j_#>

-------------------

/ʤˈur/ - /dˈi/
[1/1] ʤ-<# / ˈu-d / r-ˈi

-------------------

/ʤˈuve/ - /ʤˈuvu/
[1/1] <#_ʤ-<#_ʤ / ˈu-ˈu / v-v / e-u

-------------------

/ʤˈyɲ/ - /ʤˈyɲ/
[1/1] <#_ʤ-<#_ʤ / ˈy-ˈy / ɲ_#>-ɲ_#>

-------------------

/ʤˈyʤe/ - /ʤˈydez/
[1/1] <#_ʤ-<#_ʤ / ˈy-ˈy / ʤ-d / e-e / ∅-z

-------------------

/ʤˈɔk/ - /ʤˈø/
[1/1] <#_ʤ-<#_ʤ / ˈɔ-ˈø / k_#>-#>

-------------------

/ʤˈɔk/ - /ʤˈøɡ/
[1/1] <#_ʤ-<#_ʤ / ˈɔ-ˈø / k_#>-ɡ_#>

-------------------

/ʤˈɛl/ - /ʤˈasa/
[1/1] <#_ʤ-<#_ʤ / ∅-ˈa / ˈɛ-s / l-a

-------------------

/ʤˈɛl/ - /ʤˈɛjl/
[1/1] <#_ʤ-<#_ʤ / ˈɛ-ˈɛ / ∅-j / l_#>-l_#>

-------------------

/ʤˈɛn/ - /ʤˈɛŋt/
[1/1] <#_ʤ-<#_ʤ / ˈɛ-ˈɛ / n_#>-ŋ_t

-------------------

/ʤˈɛndɾe/ - /ʤənˈɛr/
[1/1] <#_ʤ-<#_ʤ / ˈɛ-ə / n-n / d-∅ / ɾ-ˈɛ / e_#>-r_#>

-------------------

/ˈajɣɔ/ - /ˈeva/
[1/1] ˈa-<# / j-ˈe / ɣ-v / ɔ_#>-a_#>

-------------------

/ˈal/ - /ˈaj/
[1/1] <#_ˈa-<#_ˈa / l_#>-j_#>

-------------------

/ˈan/ - /ˈaŋ/
[1/1] <#_ˈa-<#_ˈa / n-∅ / #>-ŋ_#>

-------------------

/ˈanmɔ/ - /ˈanma/
[1/1] <#_ˈa-<#_ˈa / n-n / m-m / ɔ_#>-a_#>

-------------------

/ˈanʤel/ - /ˈanʤel/
[1/1] <#_ˈa-<#_ˈa / n-n / ʤ-ʤ / e-e / l_#>-l_#>

-------------------

/ˈawkɔ/ - /ˈɔka/
[1/1] <#_ˈa_w-<#_ˈɔ / k_ɔ-k_a

-------------------

/ˈawr/ - /ˈɔr/
[1/1] <#_ˈa_w-<#_ˈɔ / r_#>-r_#>

-------------------

/ˈawtɾe/ - /ˈawtər/
[1/1] <#_ˈa-<#_ˈa / w-w / t-t / ɾ-ə / e_#>-r_#>

-------------------

/ˈawβɔ/ - /ˈalba/
[1/1] <#_ˈa-<#_ˈa / w-l / β_ɔ-b_a

-------------------

/ˈaɾβe/ - /ˈarbra/
[1/1] <#_ˈa-<#_ˈa / ɾ-r / ∅-b / β-r / e-a

-------------------

/ˈilːɔ/ - /ˈisla/
[1/1] ˈi-ˈi / ∅-s / lː-l / ɔ_#>-a_#>

-------------------

/ˈurs/ - /ˈurs/
[1/1] ˈu-ˈu / r-r / s_#>-s_#>

-------------------

/ˈyn/ - /ˈyŋ/
[1/1] ˈy-ˈy / n-∅ / #>-ŋ_#>

-------------------

/ˈyŋɡlɔ/ - /ˈuŋʤa/
[1/1] ˈy-ˈu / ŋ-ŋ / ɡ_l-ʤ / ɔ_#>-a_#>

-------------------

/ˈɔme/ - /ˈɔm/
[1/1] <#_ˈɔ-<#_ˈɔ / m-m / e-∅

-------------------

/ˈɔs/ - /ˈɔs/
[1/1] <#_ˈɔ-<#_ˈɔ / s_#>-s_#>

-------------------

/ˈɔβɾɔ/ - /ˈøvra/
[1/1] ˈɔ-ˈø / β_ɾ-v_r / ɔ_#>-a_#>

-------------------

/ˈɛrβɔ/ - /ˈɛrba/
[1/1] ˈɛ_r-ˈɛ_r / β_ɔ-b_a

-------------------

