/b̥lˈɒt/ - /blˈad̥/
[4/4] b̥-b / l-l / ˈɒ-ˈa / t-d̥

-------------------

/b̥lˈʊːm/ - /blˈoːm/
[5/5] b̥-b / l-l / ˈʊː-ˈoː / m-m

-------------------

/b̥lˈʊːt/ - /blˈoːd̥/
[5/5] b̥-b / l-l / ˈʊː-ˈoː / t-d̥

-------------------

/b̥lˈʊːtə/ - /blˈoːdə/
[5/5] b̥-b / l-l / ˈʊː-ˈoː / t-d / ə-ə

-------------------

/b̥ʁˈoːt/ - /bʀˈuːd̥/
[5/5] b̥-b / ʁ-ʀ / ˈoː-ˈuː / t-d̥

-------------------

/b̥ʁˈuk/ - /bʀˈœk/
[5/5] b̥-b / ʁ-ʀ / ˈu-ˈœ / k-k

-------------------

/b̥ʁˈuʃt/ - /bʀˈos/
[2/4] b̥-b / ʁ-ʀ / ˈu-ˈo / ʃ-s / t_#>-#>
[2/4] b̥-b / ʁ-ʀ / ˈu-ˈo / ʃ-s / t-∅

-------------------

/b̥ʁˈʊːd̥əʁ/ - /bʀˈoːdɐ/
[5/5] b̥-b / ʁ-ʀ / ˈʊː-ˈoː / d̥-d / ə-ɐ / ʁ-∅

-------------------

/b̥ˈesəʁ/ - /bˈɛsɐ/
[3/3] b̥-b / ˈe-ˈɛ / s-s / ə-ɐ / ʁ-∅

-------------------

/b̥ˈeːʁ/ - /bˈeːɐ/
[3/4] b̥-b / ˈeː-ˈeː / ʁ-∅ / #>-ɐ_#>
[1/4] b̥-b / ˈeː-ˈeː / ʁ-∅ / ∅-ɐ

-------------------

/b̥ˈind̥ə/ - /bˈɪŋə/
[3/5] b̥-b / ˈi-ˈɪ / n_d̥-ŋ / ə-ə
[2/5] b̥-b / ˈi-ˈɪ / n-ŋ / d̥-∅ / ə-ə

-------------------

/b̥ˈiːsə/ - /bˈiːsə/
[3/3] b̥-b / ˈiː-ˈiː / s-s / ə-ə

-------------------

/b̥ˈiːtə/ - /bˈeːdə/
[1/1] b̥-b / ˈiː-ˈeː / t-d / ə-ə

-------------------

/b̥ˈæʁi/ - /bˈɛːɐɕ/
[1/3] b̥-b / ˈæ-ˈɛː / ʁ_i-ɐ / #>-ɕ_#>
[1/3] b̥-b / ˈæ-ˈɛː / ʁ-∅ / i-ɐ / ∅-ɕ
[1/3] b̥-b / ˈæ-ˈɛː / ʁ-∅ / i-ɐ / #>-ɕ_#>

-------------------

/b̥ˈæːʁ/ - /bˈɛːɐ/
[2/3] b̥-b / ˈæː-ˈɛː / ʁ-∅ / ∅-ɐ
[1/3] b̥-b / ˈæː-ˈɛː / ʁ-∅ / #>-ɐ_#>

-------------------

/b̥ˈɒːd̥/ - /bˈad̥/
[3/3] b̥-b / ˈɒː-ˈa / d̥-d̥

-------------------

/b̥ˈəi̯n/ - /bˈeːn/
[4/4] b̥-b / ˈəi̯-ˈeː / n-n

-------------------

/b̥ˈʊːm/ - /bˈoːm/
[4/4] b̥-b / ˈʊː-ˈoː / m-m

-------------------

/b̥ˈʊːʃ/ - /bˈoːx/
[3/3] b̥-b / ˈʊː-ˈoː / ʃ-x

-------------------

/d̥ʁˈei̯/ - /dʀˈeɪ̯/
[4/4] d̥-d / ʁ-ʀ / ˈei̯-ˈeɪ̯

-------------------

/d̥ʁˈiʦeːn/ - /dʀˈøːʦeŋ/
[3/3] d̥-d / ʁ-ʀ / ˈi-ˈøː / ʦ-ʦ / eː-e / n-ŋ

-------------------

/d̥ʁˈukə/ - /dʀˈœkə/
[3/3] d̥-d / ʁ-ʀ / ˈu-ˈœ / k-k / ə-ə

-------------------

/d̥ˈei̯ɡ̊/ - /dˈeɪ̯ɕ/
[5/5] d̥-d / ˈei̯-ˈeɪ̯ / ɡ̊-ɕ

-------------------

/d̥ˈitʃ/ - /dˈʏtʃ/
[5/5] d̥-d / ˈi-ˈʏ / t-t / ʃ-ʃ

-------------------

/d̥ˈiŋ/ - /dˈɪŋə/
[4/4] d̥-d / ˈi-ˈɪ / ŋ-ŋ / ∅-ə

-------------------

/d̥ˈiːf/ - /dˈeːf/
[4/4] d̥-d / ˈiː-ˈeː / f-f

-------------------

/d̥ˈiːʁ/ - /dˈøːɐ/
[2/3] d̥-d / ˈiː-ˈøː / ʁ-∅ / #>-ɐ_#>
[1/3] d̥-d / ˈiː-ˈøː / ʁ-∅ / ∅-ɐ

-------------------

/d̥ˈonəʁ/ - /dˈonɐ/
[4/4] d̥-d / ˈo-ˈo / n-n / ə-ɐ / ʁ-∅

-------------------

/d̥ˈoːt/ - /dˈuːd̥/
[9/9] d̥-d / ˈoː-ˈuː / t-d̥

-------------------

/d̥ˈoːxtəʁ/ - /dˈɔxtɐ/
[4/4] d̥-d / ˈoː-ˈɔ / x-x / t-t / ə-ɐ / ʁ-∅

-------------------

/d̥ˈuʁʃt/ - /dˈoːʃ/
[2/4] d̥-d / ˈu-ˈoː / ʁ-∅ / ʃ-ʃ / t_#>-#>
[2/4] d̥-d / ˈu-ˈoː / ʁ-∅ / ʃ-ʃ / t-∅

-------------------

/d̥ˈyːb̥/ - /dˈuːv̥/
[3/3] d̥-d / ˈyː-ˈuː / b̥-v̥

-------------------

/d̥ˈyːmə/ - /dˈuːmə/
[3/3] d̥-d / ˈyː-ˈuː / m-m / ə-ə

-------------------

/d̥ˈɒː/ - /dˈaːx/
[3/3] d̥-d / ˈɒː-ˈaː / ∅-x

-------------------

/flˈiːjə/ - /flˈeːjə/
[3/3] f-f / l-l / ˈiː-ˈeː / j-j / ə-ə

-------------------

/flˈəi̯ʃ/ - /flˈeːʃ/
[2/2] f-f / l-l / ˈəi̯-ˈeː / ʃ-ʃ

-------------------

/fʁˈei̯/ - /fʀˈeɪ̯/
[5/5] f-f / ʁ-ʀ / ˈei̯-ˈeɪ̯

-------------------

/fʁˈind̥/ - /fʀˈœŋɡ̊/
[3/3] f-f / ʁ-ʀ / ˈi-ˈœ / n-ŋ / d̥-ɡ̊

-------------------

/fʁˈɔi̯/ - /fʀˈaʊ̯/
[4/4] f-f / ʁ-ʀ / ˈɔi̯-ˈaʊ̯

-------------------

/fˈind̥ə/ - /fˈeŋə/
[2/3] f-f / ˈi-ˈe / n_d̥-ŋ / ə-ə
[1/3] f-f / ˈi-ˈe / n-ŋ / d̥-∅ / ə-ə

-------------------

/fˈinef/ - /fˈœnəf/
[4/4] f-f / ˈi-ˈœ / n-n / e-ə / f-f

-------------------

/fˈiŋəʁ/ - /fˈɪŋɐ/
[5/5] f-f / ˈi-ˈɪ / ŋ-ŋ / ə-ɐ / ʁ-∅

-------------------

/fˈiʃ/ - /fˈeʃ/
[5/5] f-f / ˈi-ˈe / ʃ-ʃ

-------------------

/fˈiːs/ - /fˈøːs/
[5/5] f-f / ˈiː-ˈøː / s-s

-------------------

/fˈiːʁ/ - /fˈiːɐ/
[2/4] f-f / ˈiː_ʁ-ˈiː / #>-ɐ_#>
[2/4] f-f / ˈiː-ˈiː / ʁ-∅ / ∅-ɐ

-------------------

/fˈol/ - /fˈɔl/
[3/3] f-f / ˈo-ˈɔ / l-l

-------------------

/fˈuks/ - /fˈus/
[3/3] f-f / ˈu-ˈu / k-∅ / s-s

-------------------

/fˈøɡ̊l̩/ - /fˈoʊ̯əl/
[4/4] f-f / ∅-ˈoʊ̯ / ˈø-ə / ɡ̊-∅ / l-l

-------------------

/fˈɒtəʁ/ - /fˈaːdɐ/
[5/5] f-f / ˈɒ-ˈaː / t-d / ə-ɐ / ʁ-∅

-------------------

/fˈɛd̥əʁ/ - /fˈɛdɐ/
[4/4] f-f / ˈɛ-ˈɛ / d̥-d / ə-ɐ / ʁ-∅

-------------------

/fˈʊːs/ - /fˈoːs/
[3/3] f-f / ˈʊː-ˈoː / s-s

-------------------

/hˈeːʁə/ - /hˈyːʀə/
[4/4] h-h / ˈeː-ˈyː / ʁ-ʀ / ə-ə

-------------------

/hˈoʁn/ - /hˈɔɐn/
[3/3] h-h / ˈo-ˈɔ / ʁ-∅ / ∅-ɐ / n-n

-------------------

/hˈoːx/ - /hˈuː/
[4/4] h-h / ˈoː-ˈuː / x-∅

-------------------

/hˈoːʁ/ - /hˈoːɐ/
[2/5] h-h / ˈoː_ʁ-ˈoː / #>-ɐ_#>
[2/5] h-h / ˈoː-ˈoː / ʁ-∅ / ∅-ɐ
[1/5] h-h / ˈoː-ˈoː / ʁ-∅ / #>-ɐ_#>

-------------------

/hˈund̥/ - /hˈoŋɡ̊/
[3/3] h-h / ˈu-ˈo / n-ŋ / d̥-ɡ̊

-------------------

/hˈund̥əʁt/ - /hˈoŋɐd̥/
[3/3] h-h / ˈu-ˈo / n_d̥-ŋ / ə-ɐ / ʁ-∅ / t-d̥

-------------------

/hˈuni/ - /hˈunəɕ/
[2/4] h-h / ˈu-ˈu / n-n / i-ə_ɕ
[1/4] h-h / ˈu-ˈu / n-n / i-ə / ∅-ɕ
[1/4] h-h / ˈu-ˈu / n-n / i-ə / #>-ɕ_#>

-------------------

/hˈuŋəʁ/ - /hˈoŋɐ/
[3/3] h-h / ˈu-ˈo / ŋ-ŋ / ə-ɐ / ʁ-∅

-------------------

/hˈyːs/ - /hˈuːs/
[3/3] h-h / ˈyː-ˈuː / s-s

-------------------

/hˈyːt/ - /hˈoɡ̊/
[4/4] h-h / ˈyː-ˈo / t-ɡ̊

-------------------

/hˈælfə/ - /hˈɛlpə/
[4/4] h-h / ˈæ-ˈɛ / l-l / f-p / ə-ə

-------------------

/hˈɒlb̥/ - /hˈalv̥/
[2/2] h-h / ˈɒ-ˈa / l-l / b̥-v̥

-------------------

/hˈɒn/ - /hˈan/
[4/4] h-h / ˈɒ-ˈa / n-n

-------------------

/hˈɒnd̥/ - /hˈaŋɡ̊/
[5/5] h-h / ˈɒ-ˈa / n-ŋ / d̥-ɡ̊

-------------------

/hˈəi̯li/ - /hˈɛləɕ/
[2/4] h-h / ˈəi̯-ˈɛ / l-l / i-ə_ɕ
[2/4] h-h / ˈəi̯-ˈɛ / l-l / i-ə / ∅-ɕ

-------------------

/hˈəi̯s/ - /hˈeːs/
[5/5] h-h / ˈəi̯-ˈeː / s-s

-------------------

/jˈoːʁ/ - /jˈoːɐ/
[2/4] j-j / ˈoː_ʁ-ˈoː / #>-ɐ_#>
[2/4] j-j / ˈoː-ˈoː / ʁ-∅ / ∅-ɐ

-------------------

/jˈuŋ/ - /jˈoŋɡ̊/
[2/4] j-j / ˈu-ˈo / ŋ-ŋ_ɡ̊
[2/4] j-j / ˈu-ˈo / ŋ-ŋ / ∅-ɡ̊

-------------------

/kʰˈenə/ - /kˈœnə/
[4/4] kʰ-k / ˈe-ˈœ / n-n / ə-ə

-------------------

/kʰˈenə/ - /kˈɛnə/
[5/5] kʰ-k / ˈe-ˈɛ / n-n / ə-ə

-------------------

/kʰˈind̥/ - /kˈeŋɡ̊/
[3/3] kʰ-k / ˈi-ˈe / n-ŋ / d̥-ɡ̊

-------------------

/kʰˈini/ - /kˈʏnɪŋ/
[4/5] kʰ-k / ˈi-ˈʏ / n-n / i-ɪ / ∅-ŋ
[1/5] kʰ-k / ˈi-ˈʏ / n-n / i-ɪ / #>-ŋ_#>

-------------------

/kʰˈiːʁiʃ/ - /kˈiːɐɕ/
[3/5] kʰ-k / ˈiː-ˈiː / ʁ-∅ / i-ɐ / ʃ-ɕ
[2/5] kʰ-k / ˈiː_ʁ-ˈiː / i-ɐ / ʃ-ɕ

-------------------

/kʰˈop͡f/ - /kˈɔp/
[4/4] kʰ-k / ˈo-ˈɔ / p͡f-p

-------------------

/kʰˈoʁn/ - /kˈoːn/
[1/2] kʰ-k / ˈo_ʁ-ˈoː / n-n
[1/2] kʰ-k / ˈo-ˈoː / ʁ-∅ / n-n

-------------------

/kʰˈumə/ - /kˈumə/
[4/4] kʰ-k / ˈu-ˈu / m-m / ə-ə

-------------------

/kʰˈæːs/ - /kˈiːs/
[3/3] kʰ-k / ˈæː-ˈiː / s-s

-------------------

/kʰˈɒlb̥/ - /kˈalv̥/
[4/4] kʰ-k / ˈɒ-ˈa / l-l / b̥-v̥

-------------------

/kʰˈɒlt/ - /kˈald̥/
[4/4] kʰ-k / ˈɒ-ˈa / l-l / t-d̥

-------------------

/kʰˈɒʦ/ - /kˈaʦ/
[5/5] kʰ-k / ˈɒ-ˈa / ʦ-ʦ

-------------------

/kʰˈʊː/ - /kˈoː/
[4/4] kʰ-k / ˈʊː-ˈoː

-------------------

/lˈaːjə/ - /lˈʏjə/
[4/4] l-l / ˈaː-ˈʏ / j-j / ə-ə

-------------------

/lˈiʃt/ - /lˈeːɕ/
[2/4] l-l / ˈi-ˈeː / ʃ_t-ɕ
[2/4] l-l / ˈi-ˈeː / ʃ-ɕ / t-∅

-------------------

/lˈiːjə/ - /lˈɪjə/
[4/4] l-l / ˈiː-ˈɪ / j-j / ə-ə

-------------------

/lˈiːʃt/ - /lˈeːɕ/
[2/5] l-l / ˈiː-ˈeː / ʃ_t-ɕ
[2/5] l-l / ˈiː-ˈeː / ʃ-ɕ / t-∅
[1/5] l-l / ˈiː-ˈeː / ʃ-ɕ / t_#>-#>

-------------------

/lˈyːs/ - /lˈuːs/
[4/4] l-l / ˈyː-ˈuː / s-s

-------------------

/lˈævəʁ/ - /lˈɛvɐ/
[3/3] l-l / ˈæ-ˈɛ / v-v / ə-ɐ / ʁ-∅

-------------------

/lˈɒnd̥/ - /lˈand̥/
[4/4] l-l / ˈɒ-ˈa / n-n / d̥-d̥

-------------------

/lˈɒxə/ - /lˈaːxə/
[5/5] l-l / ˈɒ-ˈaː / x-x / ə-ə

-------------------

/lˈɒŋ/ - /lˈaŋɡ̊/
[3/5] l-l / ˈɒ-ˈa / ŋ-ŋ_ɡ̊
[2/5] l-l / ˈɒ-ˈa / ŋ-ŋ / ∅-ɡ̊

-------------------

/lˈʊːfə/ - /lˈaʊ̯fə/
[5/5] l-l / ˈʊː-ˈaʊ̯ / f-f / ə-ə

-------------------

/mˈenʃ/ - /mˈɪnʃ/
[4/4] m-m / ˈe-ˈɪ / n-n / ʃ-ʃ

-------------------

/mˈeːʁ/ - /mˈiːɐ/
[3/4] m-m / ˈeː-ˈiː / ʁ-∅ / #>-ɐ_#>
[1/4] m-m / ˈeː-ˈiː / ʁ-∅ / ∅-ɐ

-------------------

/mˈiliʃ/ - /mˈeːlɪɕ/
[5/5] m-m / ˈi-ˈeː / l-l / i-ɪ / ʃ-ɕ

-------------------

/mˈiːs/ - /mˈyːs/
[4/4] m-m / ˈiː-ˈyː / s-s

-------------------

/mˈoːnd̥/ - /mˈɔnd̥/
[5/5] m-m / ˈoː-ˈɔ / n-n / d̥-d̥

-------------------

/mˈoːnət/ - /mˈond̥/
[3/3] m-m / ˈoː-ˈo / n-n / ə-∅ / t-d̥

-------------------

/mˈuk/ - /mˈœk/
[4/4] m-m / ˈu-ˈœ / k-k

-------------------

/mˈyːl/ - /mˈuːl/
[4/4] m-m / ˈyː-ˈuː / l-l

-------------------

/mˈyːs/ - /mˈuːs/
[5/5] m-m / ˈyː-ˈuː / s-s

-------------------

/mˈøːtəʁ/ - /mˈoːdɐ/
[5/5] m-m / ˈøː-ˈoː / t-d / ə-ɐ / ʁ-∅

-------------------

/mˈɒn/ - /mˈan/
[2/2] m-m / ˈɒ-ˈa / n-n

-------------------

/nˈaːvl̩/ - /nˈɛːl/
[3/3] n-n / ˈaː-ˈɛː / v-∅ / l-l

-------------------

/nˈei̯/ - /nˈøʏ̯/
[4/4] n-n / ˈei̯-ˈøʏ̯

-------------------

/nˈiːn/ - /nˈʏŋ/
[4/4] n-n / ˈiː-ˈʏ / n-ŋ

-------------------

/nˈoːd̥l̩/ - /nˈoːdəl/
[2/4] n-n / ˈoː-ˈoː / d̥-d / ∅-ə / l-l
[2/4] n-n / ˈoː-ˈoː / d̥-d / l-ə_l

-------------------

/nˈus/ - /nˈos/
[5/5] n-n / ˈu-ˈo / s-s

-------------------

/nˈɒmə/ - /nˈaːmə/
[4/4] n-n / ˈɒ-ˈaː / m-m / ə-ə

-------------------

/nˈɒːs/ - /nˈaːs/
[4/4] n-n / ˈɒː-ˈaː / s-s

-------------------

/nˈɒːxt/ - /nˈaːx/
[2/3] n-n / ˈɒː-ˈaː / x-x / t_#>-#>
[1/3] n-n / ˈɒː-ˈaː / x-x / t-∅

-------------------

/sˈaːvə/ - /zˈaːɣə/
[5/5] s-z / ˈaː-ˈaː / v-ɣ / ə-ə

-------------------

/sˈeks/ - /zˈɛks/
[4/4] s-z / ˈe-ˈɛ / k-k / s-s

-------------------

/sˈeʦə/ - /zˈeʦə/
[4/4] s-z / ˈe-ˈe / ʦ-ʦ / ə-ə

-------------------

/sˈeː/ - /zˈiː/
[5/5] s-z / ˈeː-ˈiː

-------------------

/sˈeːl/ - /zˈiːl/
[5/5] s-z / ˈeː-ˈiː / l-l

-------------------

/sˈivə/ - /zˈɪvə/
[3/3] s-z / ˈi-ˈɪ / v-v / ə-ə

-------------------

/sˈiŋə/ - /zˈɪŋə/
[3/3] s-z / ˈi-ˈɪ / ŋ-ŋ / ə-ə

-------------------

/sˈiːs/ - /zˈøːs/
[4/4] s-z / ˈiː-ˈøː / s-s

-------------------

/sˈiːt/ - /zˈɪɡ̊/
[4/4] s-z / ˈiː-ˈɪ / t-ɡ̊

-------------------

/sˈoːn/ - /zˈoːn/
[3/3] s-z / ˈoː-ˈoː / n-n

-------------------

/sˈuməʁ/ - /zˈɔmɐ/
[5/5] s-z / ˈu-ˈɔ / m-m / ə-ɐ / ʁ-∅

-------------------

/sˈyːʁ/ - /zˈuːɐ/
[2/4] s-z / ˈyː-ˈuː / ʁ-∅ / ∅-ɐ
[2/4] s-z / ˈyː-ˈuː / ʁ-∅ / #>-ɐ_#>

-------------------

/sˈæːn/ - /zˈeːn/
[4/4] s-z / ˈæː-ˈeː / n-n

-------------------

/sˈɒlʦ/ - /zˈalʦ/
[4/4] s-z / ˈɒ-ˈa / l-l / ʦ-ʦ

-------------------

/sˈɒnd̥/ - /zˈaŋɡ̊/
[4/4] s-z / ˈɒ-ˈa / n-ŋ / d̥-ɡ̊

-------------------

/tʁˈai̯mə/ - /dʀˈøːmə/
[3/3] t-d / ʁ-ʀ / ˈai̯-ˈøː / m-m / ə-ə

-------------------

/tʁˈiŋkə/ - /dʀˈeŋkə/
[5/5] t-d / ʁ-ʀ / ˈi-ˈe / ŋ-ŋ / k-k / ə-ə

-------------------

/tʁˈiːb̥ə/ - /dʀˈiːvə/
[4/4] t-d / ʁ-ʀ / ˈiː-ˈiː / b̥-v / ə-ə

-------------------

/tʁˈæːn/ - /tʀˈoːn/
[3/3] t-t / ʁ-ʀ / ˈæː-ˈoː / n-n

-------------------

/tʁˈʊːm/ - /dʀˈoːm/
[3/3] t-d / ʁ-ʀ / ˈʊː-ˈoː / m-m

-------------------

/ɡ̊ʁˈiːn/ - /jʀˈøːn/
[4/4] ɡ̊-j / ʁ-ʀ / ˈiː-ˈøː / n-n

-------------------

/ɡ̊ʁˈoːs/ - /jʀˈuːs/
[5/5] ɡ̊-j / ʁ-ʀ / ˈoː-ˈuː / s-s

-------------------

/ɡ̊ʁˈɒːs/ - /jʀˈaːs/
[4/4] ɡ̊-j / ʁ-ʀ / ˈɒː-ˈaː / s-s

-------------------

/ɡ̊ˈeːn/ - /jˈoːn/
[4/4] ɡ̊-j / ˈeː-ˈoː / n-n

-------------------

/ɡ̊ˈot/ - /jˈɔd̥/
[4/4] ɡ̊-j / ˈo-ˈɔ / t-d̥

-------------------

/ɡ̊ˈæn/ - /jˈɛvə/
[3/3] ɡ̊-j / ˈæ-ˈɛ / n-∅ / ∅-v / ∅-ə

-------------------

/ɡ̊ˈæːl/ - /jˈɛːl/
[4/4] ɡ̊-j / ˈæː-ˈɛː / l-l

-------------------

/ɡ̊ˈɒns/ - /jˈans/
[5/5] ɡ̊-j / ˈɒ-ˈa / n-n / s-s

-------------------

/ɡ̊ˈʊːt/ - /jˈoːd̥/
[4/4] ɡ̊-j / ˈʊː-ˈoː / t-d̥

-------------------

/ʁˈiŋ/ - /ʀˈeŋɡ̊/
[3/5] ʁ-ʀ / ˈi-ˈe / ŋ-ŋ_ɡ̊
[2/5] ʁ-ʀ / ˈi-ˈe / ŋ-ŋ / ∅-ɡ̊

-------------------

/ʁˈoːt/ - /ʀˈuːd̥/
[4/4] ʁ-ʀ / ˈoː-ˈuː / t-d̥

-------------------

/ʁˈuk/ - /ʀˈœk/
[4/4] ʁ-ʀ / ˈu-ˈœ / k-k

-------------------

/ʁˈæːjə/ - /ʀˈɛːn/
[3/3] ʁ-ʀ / ˈæː-ˈɛː / j-∅ / ə-∅ / ∅-n

-------------------

/ʁˈʊːʃ/ - /ʀˈoʊ̯x/
[4/4] ʁ-ʀ / ˈʊː-ˈoʊ̯ / ʃ-x

-------------------

/ʃlˈoːfə/ - /ʃlˈoːfə/
[4/4] ʃ-ʃ / l-l / ˈoː-ˈoː / f-f / ə-ə

-------------------

/ʃlˈɒŋ/ - /ʃlˈaŋ/
[5/5] ʃ-ʃ / l-l / ˈɒ-ˈa / ŋ-ŋ

-------------------

/ʃnˈeː/ - /ʃnˈiː/
[2/2] ʃ-ʃ / n-n / ˈeː-ˈiː

-------------------

/ʃpʁˈoːx/ - /ʃpʀˈoːx/
[3/3] ʃ-ʃ / p-p / ʁ-ʀ / ˈoː-ˈoː / x-x

-------------------

/ʃtˈeʁn/ - /ʃtˈɛːn/
[3/3] ʃ-ʃ / t-t / ˈe-ˈɛː / ʁ-∅ / n-n

-------------------

/ʃtˈøːl/ - /ʃtˈoːl/
[5/5] ʃ-ʃ / t-t / ˈøː-ˈoː / l-l

-------------------

/ʃtˈəi̯n/ - /ʃtˈeːn/
[3/3] ʃ-ʃ / t-t / ˈəi̯-ˈeː / n-n

-------------------

/ʃwˈeʃtəʁ/ - /zˈɛstɐ/
[3/3] ʃ-z / w-∅ / ˈe-ˈɛ / ʃ-s / t-t / ə-ɐ / ʁ-∅

-------------------

/ʃwˈimə/ - /ʃʋˈɛmə/
[4/4] ʃ-ʃ / w-ʋ / ˈi-ˈɛ / m-m / ə-ə

-------------------

/ʃwˈɒʁʦ/ - /ʃʋˈaʦ/
[3/3] ʃ-ʃ / w-ʋ / ˈɒ-ˈa / ʁ-∅ / ʦ-ʦ

-------------------

/ʃˈeːn/ - /ʃˈyːn/
[5/5] ʃ-ʃ / ˈeː-ˈyː / n-n

-------------------

/ʃˈif/ - /ʃˈef/
[4/4] ʃ-ʃ / ˈi-ˈe / f-f

-------------------

/ʃˈiːsə/ - /ʃˈesə/
[4/4] ʃ-ʃ / ˈiː-ˈe / s-s / ə-ə

-------------------

/ʃˈʊː/ - /ʃˈoŋ/
[1/2] ʃ-ʃ / ˈʊː-ˈo / ∅-ŋ
[1/2] ʃ-ʃ / ˈʊː-ˈo / #>-ŋ_#>

-------------------

/ʋˈetəʁ/ - /ʋˈɛdɐ/
[4/4] ʋ-ʋ / ˈe-ˈɛ / t-d / ə-ɐ / ʁ-∅

-------------------

/ʋˈild̥/ - /ʋˈelt/
[4/4] ʋ-ʋ / ˈi-ˈe / l-l / d̥-t

-------------------

/ʋˈin/ - /ʋˈeŋ/
[5/5] ʋ-ʋ / ˈi-ˈe / n-ŋ

-------------------

/ʋˈind̥/ - /ʋˈaŋɡ̊/
[5/5] ʋ-ʋ / ˈi-ˈa / n-ŋ / d̥-ɡ̊

-------------------

/ʋˈintəʁ/ - /ʋˈeŋɡ̊tɐ/
[5/5] ʋ-ʋ / ˈi-ˈe / n-ŋ / ∅-ɡ̊ / t-t / ə-ɐ / ʁ-∅

-------------------

/ʋˈinʃə/ - /ʋˈʏnʃə/
[4/4] ʋ-ʋ / ˈi-ˈʏ / n-n / ʃ-ʃ / ə-ə

-------------------

/ʋˈisə/ - /ʋˈesə/
[4/4] ʋ-ʋ / ˈi-ˈe / s-s / ə-ə

-------------------

/ʋˈiːs/ - /ʋˈiːs/
[5/5] ʋ-ʋ / ˈiː-ˈiː / s-s

-------------------

/ʋˈol/ - /ʋˈɔl/
[4/4] ʋ-ʋ / ˈo-ˈɔ / l-l

-------------------

/ʋˈolf/ - /ʋˈɔlf/
[1/1] ʋ-ʋ / ˈo-ˈɔ / l-l / f-f

-------------------

/ʋˈoʁt/ - /ʋˈoːt/
[4/5] ʋ-ʋ / ˈo-ˈoː / ʁ-∅ / t-t
[1/5] ʋ-ʋ / ˈo_ʁ-ˈoː / t-t

-------------------

/ʋˈund̥əʁ/ - /ʋˈondɐ/
[3/3] ʋ-ʋ / ˈu-ˈo / n-n / d̥-d / ə-ɐ / ʁ-∅

-------------------

/ʋˈux/ - /ʋˈɛːɕ/
[4/4] ʋ-ʋ / ˈu-ˈɛː / x-ɕ

-------------------

/ʋˈuʁm/ - /ʋˈʊɐm/
[5/5] ʋ-ʋ / ˈu-ˈʊ / ʁ-∅ / ∅-ɐ / m-m

-------------------

/ʋˈæj/ - /ʋˈɛːɕ/
[2/3] ʋ-ʋ / ˈæ-ˈɛː / j-∅ / #>-ɕ_#>
[1/3] ʋ-ʋ / ˈæ-ˈɛː / j-∅ / ∅-ɕ

-------------------

/ʋˈɒs/ - /ʋˈat/
[3/3] ʋ-ʋ / ˈɒ-ˈa / s-t

-------------------

/ʋˈɒsəʁ/ - /ʋˈaːsɐ/
[5/5] ʋ-ʋ / ˈɒ-ˈaː / s-s / ə-ɐ / ʁ-∅

-------------------

/ʋˈɒːl/ - /vˈaːl/
[5/5] ʋ-∅ / ∅-v / ˈɒː-ˈaː / l-l

-------------------

/ʋˈɒːʁm/ - /ʋˈɛɐm/
[4/4] ʋ-ʋ / ∅-ˈɛ / ˈɒː-ɐ / ʁ-∅ / m-m

-------------------

/ʦʋˈelf/ - /ʦʋˈɛləf/
[3/5] ʦ-ʦ / ʋ-ʋ / ˈe-ˈɛ / l-l / ∅-ə / f-f
[2/5] ʦ-ʦ / ʋ-ʋ / ˈe-ˈɛ / l-l_ə / f-f

-------------------

/ʦʋˈɒnʦiʃ/ - /ʦʋˈanʦɪɕ/
[5/5] ʦ-ʦ / ʋ-ʋ / ˈɒ-ˈa / n-n / ʦ-ʦ / i-ɪ / ʃ-ɕ

-------------------

/ʦʋˈəi̯/ - /ʦʋˈeː/
[3/3] ʦ-ʦ / ʋ-ʋ / ˈəi̯-ˈeː

-------------------

/ʦˈei̯ʃə/ - /ʦˈeɪ̯ɕə/
[4/4] ʦ-ʦ / ˈei̯-ˈeɪ̯ / ʃ-ɕ / ə-ə

-------------------

/ʦˈeːn/ - /ʦˈeːn/
[4/4] ʦ-ʦ / ˈeː-ˈeː / n-n

-------------------

/ʦˈiːt/ - /ʦˈɛk/
[4/4] ʦ-ʦ / ˈiː-ˈɛ / t-k

-------------------

/ʦˈuŋ/ - /ʦˈoŋ/
[5/5] ʦ-ʦ / ˈu-ˈo / ŋ-ŋ

-------------------

/ʦˈɒːn/ - /ʦˈaŋɡ̊/
[3/5] ʦ-ʦ / ˈɒː-ˈa / n-ŋ / #>-ɡ̊_#>
[2/5] ʦ-ʦ / ˈɒː-ˈa / n-ŋ / ∅-ɡ̊

-------------------

/ˈek/ - /ˈɛk/
[3/3] ˈe-ˈɛ / k-k

-------------------

/ˈeːləf/ - /ˈeləf/
[4/4] ˈeː-ˈe / l-l / ə-ə / f-f

-------------------

/ˈil/ - /ˈyːl/
[5/5] ˈi-ˈyː / l-l

-------------------

/ˈim/ - /ˈɪm/
[4/4] ˈi-ˈɪ / m-m

-------------------

/ˈin/ - /ˈen/
[3/3] ˈi-ˈe / n-n

-------------------

/ˈofə/ - /ˈɔvə/
[5/5] ˈo-ˈɔ / f-v / ə-ə

-------------------

/ˈoːʁ/ - /ˈuːɐ/
[3/4] ˈoː-ˈuː / ʁ-∅ / #>-ɐ_#>
[1/4] ˈoː-ˈuː / ʁ-∅ / ∅-ɐ

-------------------

/ˈuf/ - /ˈɔp/
[4/4] ˈu-ˈɔ / f-p

-------------------

/ˈuns/ - /ˈʊns/
[4/4] ˈu-ˈʊ / n-n / s-s

-------------------

/ˈuntəʁ/ - /ˈʊŋɐ/
[3/3] ˈu-ˈʊ / n-ŋ / t-∅ / ə-ɐ / ʁ-∅

-------------------

/ˈyːs/ - /ˈuːs/
[4/4] ˈyː-ˈuː / s-s

-------------------

/ˈæsə/ - /ˈɛːsə/
[5/5] ˈæ-ˈɛː / s-s / ə-ə

-------------------

/ˈɒl/ - /ˈal/
[4/4] ˈɒ-ˈa / l-l

-------------------

/ˈɒlt/ - /ˈald̥/
[4/4] ˈɒ-ˈa / l-l / t-d̥

-------------------

/ˈɒp͡fl̩/ - /ˈapəl/
[2/4] ˈɒ-ˈa / p͡f-p / ∅-ə / l-l
[2/4] ˈɒ-ˈa / p͡f-p / l-ə_l

-------------------

/ˈɒxt/ - /ˈaːx/
[2/2] ˈɒ-ˈaː / x-x / t_#>-#>

-------------------

/ˈɒːl/ - /ˈøːl/
[5/5] ˈɒː-ˈøː / l-l

-------------------

/ˈəi̯ʃ/ - /ˈeːɕ/
[4/4] ˈəi̯-ˈeː / ʃ-ɕ

-------------------

