/briʃˈaːr/ - /bʀuːlˈe/
[1/1] b-b / r-ʀ / i-uː / ʃ-∅ / ∅-l / ˈaː_r-ˈe

-------------------

/bˈajn/ - /bˈẽ/
[1/2] b_ˈa-b / j-∅ / n-ˈẽ
[1/2] b-b / ˈa-ˈẽ / j-∅ / n_#>-#>

-------------------

/bˈajvər/ - /bwˈɛːʀ/
[1/2] b_ˈa-b / j-w / v-∅ / ə-ˈɛː / r-ʀ
[1/2] b-b / ˈa-w / j-∅ / v-∅ / ə-ˈɛː / r-ʀ

-------------------

/bˈas/ - /bˈa/
[1/2] b-b / ˈa-ˈa / s_#>-#>
[1/2] b-b / ˈa-ˈa / s-∅

-------------------

/bˈun/ - /bˈɔ̃/
[2/3] b-b / ˈu_n-ˈɔ̃
[1/3] b-b / ˈu-ˈɔ̃ / n-∅

-------------------

/bˈuns/ - /bˈɔ̃/
[1/1] b-b / ˈu_n-ˈɔ̃ / s_#>-#>

-------------------

/bˈuːnə/ - /bˈuːn/
[3/4] b-b / ˈuː-ˈuː / n_ə-n
[1/4] b-b / ˈuː-ˈuː / n-n / ə-∅

-------------------

/bˈuːnəs/ - /bˈuːn/
[2/4] b-b / ˈuː-ˈuː / n_ə-n / s_#>-#>
[2/4] b-b / ˈuː-ˈuː / n-n / ə-∅ / s-∅

-------------------

/bˈɔɲ/ - /bˈaɲ/
[4/4] b-b / ˈɔ-ˈa / ɲ-ɲ

-------------------

/bˈɛl/ - /bjˈa/
[2/3] b-b / ∅-j / ˈɛ-ˈa / l_#>-#>
[1/3] b-b / ˈɛ-j_ˈa / l-∅

-------------------

/bˈɛːlə/ - /bˈɛl/
[2/3] b-b / ˈɛː-ˈɛ / l-l / ə-∅
[1/3] b-b / ˈɛː-ˈɛ / l-l / ə_#>-#>

-------------------

/djˈɛw/ - /djˈu/
[2/2] d-d / j-j / ˈɛ-ˈu / w-∅

-------------------

/drəɡˈun/ - /dʀaɡˈɔ̃/
[1/2] d-d / r-ʀ / ə-a / ɡ-ɡ / ˈu_n-ˈɔ̃
[1/2] d-d / r-ʀ / ə-a / ɡ-ɡ / ˈu-ˈɔ̃ / n-∅

-------------------

/durmˈir/ - /dwaʀmˈi/
[1/3] d-d_w / u-a / r-ʀ / m-m / ˈi-ˈi / r-∅
[1/3] d-d / ∅-w / u-a / r-ʀ / m-m / ˈi-ˈi / r_#>-#>
[1/3] d-d / ∅-w / u-a / r-ʀ / m-m / ˈi-ˈi / r-∅

-------------------

/dˈiə̯ʃ/ - /dˈiʃ/
[2/2] d-d / ˈiə̯-ˈi / ʃ-ʃ

-------------------

/dˈiː/ - /dˈi/
[2/2] d-d / ˈiː-ˈi

-------------------

/dˈiːr/ - /dˈiːʀ/
[1/1] d-d / ˈiː-ˈiː / r-ʀ

-------------------

/dˈulʧ/ - /dˈuː/
[1/2] d-d / ˈu-ˈuː / l-∅ / ʧ_#>-#>
[1/2] d-d / ˈu-ˈuː / l-∅ / ʧ-∅

-------------------

/dˈunə/ - /dˈam/
[1/1] d-d / ˈu-ˈa / n-m / ə_#>-#>

-------------------

/dˈuəs/ - /dˈøː/
[1/1] d-d / ˈu-ˈøː / ə-∅ / s_#>-#>

-------------------

/dˈuːdəʃ/ - /dˈɔs/
[1/1] d-d / ˈuː-ˈɔ / d-∅ / ə-∅ / ʃ-s

-------------------

/dˈɛt/ - /dwˈɛ/
[1/2] d-d_w / ˈɛ-ˈɛ / t-∅
[1/2] d-d / ∅-w / ˈɛ-ˈɛ / t_#>-#>

-------------------

/fjˈastə/ - /fjˈɛs/
[1/2] f-f / j-j / ˈa-ˈɛ / s-s / t-∅ / ə_#>-#>
[1/2] f-f / j-j / ˈa-ˈɛ / s-s / t-∅ / ə-∅

-------------------

/flˈur/ - /flˈøːʀ/
[2/2] f-f / l-l / ˈu-ˈøː / r-ʀ

-------------------

/frˈajt/ - /fʀwˈɛ/
[1/1] f-f / r-ʀ / ∅-w / ˈa-ˈɛ / j-∅ / t_#>-#>

-------------------

/frˈar/ - /fʀˈe/
[2/3] f-f / r-ʀ / ˈa-ˈe / r-∅
[1/3] f-f / r-ʀ / ˈa-∅ / r-ˈe

-------------------

/frˈiʨ/ - /fʀˈy/
[2/3] f-f / r-ʀ / ˈi-ˈy / ʨ_#>-#>
[1/3] f-f / r-ʀ / ˈi-ˈy / ʨ-∅

-------------------

/fərˈiːnə/ - /faʀˈɛn/
[3/4] f-f / ə-a / r-ʀ / ˈiː-ˈɛ / n_ə-n
[1/4] f-f / ə-a / r-ʀ / ˈiː-ˈɛ / n-n / ə-∅

-------------------

/fˈaʧ/ - /fwˈɛ/
[1/1] f-f / ˈa-w / ʧ-∅ / ∅-ˈɛ

-------------------

/fˈaːr/ - /fˈe/
[1/1] f-f / ˈaː_r-ˈe

-------------------

/fˈemnə/ - /fˈɛm/
[2/4] f-f / ˈe-ˈɛ / m-m / n-∅ / ə_#>-#>
[2/4] f-f / ˈe-ˈɛ / m-m / n-∅ / ə-∅

-------------------

/fˈeʎ/ - /fˈɔːj/
[2/2] f-f / ˈe-ˈɔː / ʎ-j

-------------------

/fˈil/ - /fˈi/
[1/1] f-f / ˈi-ˈi / l_#>-#>

-------------------

/fˈin/ - /fˈẽ/
[1/3] f-f / ˈi_n-ˈẽ
[1/3] f-f / ˈi-ˈẽ / n_#>-#>
[1/3] f-f / ˈi-ˈẽ / n-∅

-------------------

/fˈiʎ/ - /fˈi/
[1/1] f-f / ˈi-ˈi / ʎ_#>-#>

-------------------

/fˈiːʎə/ - /fˈɛj/
[3/3] f-f / ˈiː-ˈɛ / ʎ_ə-j

-------------------

/kləmˈaːr/ - /klamˈe/
[2/3] k-k / l-l / ə-a / m-m / ˈaː-ˈe / r-∅
[1/3] k-k / l-l / ə-a / m-m / ˈaː_r-ˈe

-------------------

/klˈaf/ - /klˈe/
[2/3] k-k / l-l / ˈa-ˈe / f-∅
[1/3] k-k / l-l / ˈa-ˈe / f_#>-#>

-------------------

/kolˈuːr/ - /kɔlˈøːʀ/
[2/2] k-k / o-ɔ / l-l / ˈuː-ˈøː / r-ʀ

-------------------

/konˈuːʃər/ - /kinˈɔʃ/
[1/2] k-k / o-i / n-n / ˈuː-ˈɔ / ʃ_ə-ʃ / r_#>-#>
[1/2] k-k / o-i / n-n / ˈuː-ˈɔ / ʃ-ʃ / ə-∅ / r-∅

-------------------

/krˈajr/ - /kʀwˈɛːʀ/
[1/2] k-k / r-ʀ / ∅-w / ˈa-ˈɛː / j-∅ / r-ʀ
[1/2] k-k / r-ʀ / ˈa-w / j-ˈɛː / r-ʀ

-------------------

/krˈowʃ/ - /kʀwˈɛ/
[1/2] k-k / r-ʀ / ˈo-∅ / w-w / ʃ-∅ / ∅-ˈɛ
[1/2] k-k / r-ʀ / ˈo-∅ / w-w / ʃ-∅ / #>-ˈɛ_#>

-------------------

/kwˈajʎə/ - /kwˈaj/
[1/3] k-k / w-∅ / ˈa-w / j-∅ / ʎ-ˈa / ə-j
[1/3] k-k / w-w / ˈa-ˈa / j-∅ / ʎ_ə-j
[1/3] k-k / w-w / ˈa-ˈa / j-j / ʎ-∅ / ə-∅

-------------------

/kwˈaːtər/ - /kwˈat/
[2/3] k-k / w-w / ˈaː-ˈa / t_ə-t / r_#>-#>
[1/3] k-k / w-w / ˈaː-ˈa / t-t / ə-∅ / r_#>-#>

-------------------

/kˈurt/ - /kˈuːʀ/
[2/4] k-k / ˈu-ˈuː / r_t-ʀ
[1/4] k-k / ˈu-ˈuː / r-ʀ / t_#>-#>
[1/4] k-k / ˈu-ˈuː / r-ʀ / t-∅

-------------------

/kˈɔstə/ - /kɔstˈe/
[4/4] k-k / ˈɔ-ɔ / s-s / t-t / ə-ˈe

-------------------

/kˈɔːr/ - /kˈuːʀ/
[4/4] k-k / ˈɔː-ˈuː / r-ʀ

-------------------

/kˈɔːrnə/ - /kwˈan/
[1/2] k-k / ∅-w / ˈɔː-ˈa / r-∅ / n_ə-n
[1/2] k-k / ˈɔː-w_ˈa / r-∅ / n-n / ə-∅

-------------------

/kˈɔːrp/ - /kwˈaʀ/
[1/2] k-k / ∅-w / ˈɔː-ˈa / r-ʀ / p-∅
[1/2] k-k / ˈɔː-w_ˈa / r-ʀ / p-∅

-------------------

/ljˈun/ - /lijˈɔ̃/
[2/3] l-l / ∅-i / j-j / ˈu-ˈɔ̃ / n-∅
[1/3] l-l / ∅-i / j-j / ˈu_n-ˈɔ̃

-------------------

/ljˈɛw/ - /luwˈe/
[1/1] l_j-l / ˈɛ-u / w-w / ∅-ˈe

-------------------

/ljˈɛwŋɡə/ - /lˈɛ̃w/
[1/1] l_j-l / ˈɛ-ˈɛ̃ / w-w / ŋ-∅ / ɡ-∅ / ə_#>-#>

-------------------

/lˈak/ - /lˈak/
[2/2] l-l / ˈa-ˈa / k-k

-------------------

/lˈawnə/ - /lˈɛ̃ːn/
[1/2] l-l / ˈa-ˈɛ̃ː / w-∅ / n_ə-n
[1/2] l-l / ˈa-ˈɛ̃ː / w-∅ / n-n / ə-∅

-------------------

/lˈaːrmə/ - /lˈɔːm/
[2/2] l-l / ˈaː-ˈɔː / r-∅ / m_ə-m

-------------------

/lˈiːber/ - /lˈiːp/
[1/1] l-l / ˈiː-ˈiː / b-p / e-∅ / r_#>-#>

-------------------

/lˈɛːʥər/ - /lˈeːʀ/
[1/1] l-l / ˈɛː-ˈeː / ʥ-∅ / ə_r-ʀ

-------------------

/meʎˈeːr/ - /mɛjˈøː/
[3/3] m-m / e-ɛ / ʎ-j / ˈeː-ˈøː / r_#>-#>

-------------------

/mitˈet/ - /mwɛtˈiː/
[1/1] m-m_w / i-ɛ / t-t / ˈe-ˈiː / t_#>-#>

-------------------

/muntˈaːɲə/ - /mɔ̃tˈaɲ/
[1/4] m-m / u-ɔ̃ / n_t-t / ˈaː-ˈa / ɲ_ə-ɲ
[1/4] m-m / u-ɔ̃ / n_t-t / ˈaː-ˈa / ɲ-ɲ / ə_#>-#>
[1/4] m-m / u-ɔ̃ / n_t-t / ˈaː-ˈa / ɲ-ɲ / ə-∅
[1/4] m-m / u-ɔ̃ / n-∅ / t-t / ˈaː-ˈa / ɲ_ə-ɲ

-------------------

/murˈiːr/ - /mɔʀˈi/
[2/2] m-m / u-ɔ / r-ʀ / ˈiː-ˈi / r_#>-#>

-------------------

/mədˈiːr/ - /mˈøːʀ/
[2/2] m_ə-m / d-∅ / ˈiː-ˈøː / r-ʀ

-------------------

/mənʥˈaːr/ - /maɲˈiː/
[1/1] m-m / ə-a / n-ɲ / ʥ-∅ / ˈaː_r-ˈiː

-------------------

/mˈaːr/ - /mˈeʀ/
[4/4] m-m / ˈaː-ˈe / r-ʀ

-------------------

/mˈiːli/ - /mˈɛj/
[2/2] m-m / ˈiː-ˈɛ / l-j / i_#>-#>

-------------------

/mˈuʃʨə/ - /mˈɔʃ/
[1/2] m-m / ˈu-ˈɔ / ʃ-ʃ / ʨ-∅ / ə_#>-#>
[1/2] m-m / ˈu-ˈɔ / ʃ-ʃ / ʨ-∅ / ə-∅

-------------------

/mˈɔːrt/ - /mwˈaʀ/
[1/3] m-m_w / ˈɔː-ˈa / r_t-ʀ
[1/3] m-m / ˈɔː-w_ˈa / r_t-ʀ
[1/3] m-m / ˈɔː-w_ˈa / r-ʀ / t-∅

-------------------

/mˈɛl/ - /mjˈɛl/
[1/1] m-m / ∅-j / ˈɛ-ˈɛ / l-l

-------------------

/nˈajr/ - /nwˈɛːʀ/
[1/2] n-n / ∅-w / ˈa-ˈɛː / j-∅ / r-ʀ
[1/2] n-n / ˈa-∅ / j-w / ∅-ˈɛː / r-ʀ

-------------------

/nˈas/ - /nˈe/
[2/3] n-n / ˈa-ˈe / s_#>-#>
[1/3] n-n / ˈa-ˈe / s-∅

-------------------

/nˈaʃər/ - /nˈɛʃ/
[2/3] n-n / ˈa-ˈɛ / ʃ-ʃ / ə-∅ / r_#>-#>
[1/3] n-n / ˈa-ˈɛ / ʃ-ʃ / ə-∅ / r-∅

-------------------

/nˈaː/ - /nˈẽ/
[3/3] n-n / ˈaː-ˈẽ

-------------------

/nˈum/ - /nˈɔ/
[3/3] n-n / ˈu-ˈɔ / m-∅

-------------------

/nˈus/ - /nˈɔ/
[1/3] n-n / ˈu_s-ˈɔ
[1/3] n-n / ˈu-ˈɔ / s_#>-#>
[1/3] n-n / ˈu-ˈɔ / s-∅

-------------------

/nˈɔf/ - /nˈuːf/
[2/2] n-n / ˈɔ-ˈuː / f-f

-------------------

/nˈɔs/ - /nˈɔs/
[2/2] n-n / ˈɔ-ˈɔ / s-s

-------------------

/odˈuːr/ - /ɔdˈøːʀ/
[2/2] o-ɔ / d-d / ˈuː-ˈøː / r-ʀ

-------------------

/plˈajn/ - /plˈɛ̃/
[1/2] p-p / l-l / ˈa-ˈɛ̃ / j-∅ / n_#>-#>
[1/2] p-p / l-l / ˈa-ˈɛ̃ / j-∅ / n-∅

-------------------

/plˈaːjə/ - /plˈɔːj/
[1/2] p-p / l-l / ˈaː-ˈɔː / j-j / ə_#>-#>
[1/2] p-p / l-l / ˈaː-ˈɔː / j-j / ə-∅

-------------------

/plˈiə̯vʥə/ - /plˈuːf/
[1/2] p-p / l-l / ˈiə̯-ˈuː / v-f / ʥ-∅ / ə_#>-#>
[1/2] p-p / l-l / ˈiə̯-ˈuː / v-f / ʥ-∅ / ə-∅

-------------------

/plˈiːmə/ - /plˈɔm/
[2/3] p-p / l-l / ˈiː-ˈɔ / m-m / ə-∅
[1/3] p-p / l-l / ˈiː-ˈɔ / m-m / ə_#>-#>

-------------------

/plˈuʎ/ - /pjˈu/
[1/2] p-p / l-j / ˈu-ˈu / ʎ_#>-#>
[1/2] p-p / l-j / ˈu-ˈu / ʎ-∅

-------------------

/prˈɛʧ/ - /pʀˈi/
[2/3] p-p / r-ʀ / ˈɛ-ˈi / ʧ-∅
[1/3] p-p / r-ʀ / ˈɛ-ˈi / ʧ_#>-#>

-------------------

/pəlˈaʦ/ - /palˈɔː/
[2/2] p-p / ə-a / l-l / ˈa-ˈɔː / ʦ-∅

-------------------

/pˈajl/ - /pˈɔj/
[2/3] p-p / ˈa-ˈɔ / j-j / l_#>-#>
[1/3] p-p / ˈa-ˈɔ / j-j / l-∅

-------------------

/pˈawn/ - /pˈɑ̃/
[1/2] p-p / ˈa-ˈɑ̃ / w-∅ / n_#>-#>
[1/2] p-p / ˈa-ˈɑ̃ / w-∅ / n-∅

-------------------

/pˈaʃ/ - /pˈɔːj/
[1/1] p-p / ˈa-ˈɔː / ʃ-∅ / ∅-j

-------------------

/pˈenə/ - /pˈɛn/
[1/2] p-p / ˈe-ˈɛ / n_ə-n
[1/2] p-p / ˈe-ˈɛ / n-n / ə-∅

-------------------

/pˈeʃ/ - /pɛʃˈɔ̃/
[1/1] p-p / ˈe-ɛ / ʃ-ʃ / ∅-ˈɔ̃

-------------------

/pˈeː/ - /pˈiː/
[2/2] p-p / ˈeː-ˈiː

-------------------

/pˈiːʧən/ - /ptˈi/
[1/1] p-p / ∅-t / ˈiː-ˈi / ʧ-∅ / ə-∅ / n_#>-#>

-------------------

/pˈunʨ/ - /pˈɔ̃/
[1/2] p-p / ˈu_n-ˈɔ̃ / ʨ_#>-#>
[1/2] p-p / ˈu-ˈɔ̃ / n-∅ / ʨ_#>-#>

-------------------

/pˈuɔ̯ʦ/ - /pˈus/
[1/1] p-p / ˈuɔ̯-ˈu / ʦ-s

-------------------

/pˈuɲ/ - /pˈuɲ/
[2/2] p-p / ˈu-ˈu / ɲ-ɲ

-------------------

/pˈɔːvər/ - /pˈoːf/
[1/2] p-p / ˈɔː-ˈoː / v-f / ə-∅ / r_#>-#>
[1/2] p-p / ˈɔː-ˈoː / v-f / ə-∅ / r-∅

-------------------

/pˈɛl/ - /pjˈa/
[1/2] p-p / ˈɛ-∅ / l-j / #>-ˈa_#>
[1/2] p-p / ˈɛ-j_ˈa / l-∅

-------------------

/raʃˈun/ - /ʀɔːʒˈɔ̃/
[1/1] r-ʀ / a-ɔː / ʃ-ʒ / ˈu_n-ˈɔ̃

-------------------

/rədˈunt/ - /ʀˈɔ̃/
[1/1] r-ʀ / ə-∅ / d-∅ / ˈu_n-ˈɔ̃ / t_#>-#>

-------------------

/rəʥˈiʃ/ - /ʀɛsˈɛn/
[1/1] r-ʀ / ə-ɛ / ʥ-∅ / ˈi-∅ / ʃ-s / ∅-ˈɛ / ∅-n

-------------------

/rˈeʨ/ - /ʀwˈɛ/
[2/2] r-ʀ / ∅-w / ˈe-ˈɛ / ʨ-∅

-------------------

/sulˈeʎ/ - /sɔljˈa/
[1/3] s-s / u-ɔ / l-l / ∅-j / ˈe-ˈa / ʎ_#>-#>
[1/3] s-s / u-ɔ / l-l / ˈe-∅ / ʎ-j / ∅-ˈa
[1/3] s-s / u-ɔ / l-l / ˈe-∅ / ʎ-j / #>-ˈa_#>

-------------------

/səvˈajr/ - /savˈøːʀ/
[3/3] s-s / ə-a / v-v / ˈa-ˈøː / j-∅ / r-ʀ

-------------------

/sˈajdə/ - /sˈɔːj/
[2/3] s-s / ˈa-ˈɔː / j-j / d-∅ / ə_#>-#>
[1/3] s-s / ˈa-ˈɔː / j-j / d-∅ / ə-∅

-------------------

/sˈal/ - /sˈe/
[2/2] s-s / ˈa-ˈe / l_#>-#>

-------------------

/sˈas/ - /sˈɛ/
[2/3] s-s / ˈa-ˈɛ / s_#>-#>
[1/3] s-s / ˈa-ˈɛ / s-∅

-------------------

/sˈeʨ/ - /sˈɛʧ/
[2/2] s-s / ˈe-ˈɛ / ʨ-ʧ

-------------------

/sˈeʨə/ - /sˈɛʧ/
[2/3] s-s / ˈe-ˈɛ / ʨ_ə-ʧ
[1/3] s-s / ˈe-ˈɛ / ʨ-ʧ / ə-∅

-------------------

/sˈis/ - /ʃˈiːʃ/
[2/2] s-ʃ / ˈi-ˈiː / s-ʃ

-------------------

/sˈiʨ/ - /sˈɛʧ/
[2/2] s-s / ˈi-ˈɛ / ʨ-ʧ

-------------------

/sˈiʨə/ - /sˈɛʧ/
[1/1] s-s / ˈi-ˈɛ / ʨ_ə-ʧ

-------------------

/sˈɔːsə/ - /sˈɔːs/
[1/2] s-s / ˈɔː-ˈɔː / s_ə-s
[1/2] s-s / ˈɔː-ˈɔː / s-s / ə-∅

-------------------

/sˈɛt/ - /sˈɛt/
[3/3] s-s / ˈɛ-ˈɛ / t-t

-------------------

/trˈajs/ - /tʀwˈɛ/
[1/3] t-t / r-ʀ / ∅-w / ˈa-ˈɛ / j-∅ / s_#>-#>
[1/3] t-t / r-ʀ / ∅-w / ˈa-ˈɛ / j-∅ / s-∅
[1/3] t-t / r-ʀ / ˈa-∅ / j-w / s-∅ / #>-ˈɛ_#>

-------------------

/tusˈeːr/ - /tɔsˈe/
[1/2] t-t / u-ɔ / s-s / ˈeː-∅ / r-ˈe
[1/2] t-t / u-ɔ / s-s / ˈeː-ˈe / r_#>-#>

-------------------

/tˈut/ - /tˈɔ/
[1/2] t-t / ˈu_t-ˈɔ
[1/2] t-t / ˈu-ˈɔ / t_#>-#>

-------------------

/tˈuts/ - /tˈɔ/
[1/3] t-t / ˈu_t-ˈɔ / s_#>-#>
[1/3] t-t / ˈu-ˈɔ / t-∅ / s_#>-#>
[1/3] t-t / ˈu-ˈɔ / t-∅ / s-∅

-------------------

/tˈɛmp/ - /tˈɛ̃/
[1/1] t-t / ˈɛ-ˈɛ̃ / m-∅ / p-∅

-------------------

/tˈɛstə/ - /tjˈɛs/
[2/3] t-t / ∅-j / ˈɛ-ˈɛ / s-s / t-∅ / ə-∅
[1/3] t-t / ∅-j / ˈɛ-ˈɛ / s-s / t-∅ / ə_#>-#>

-------------------

/tˈɛːrə/ - /tˈɛːʀ/
[1/2] t-t / ˈɛː-ˈɛː / r-ʀ / ə_#>-#>
[1/2] t-t / ˈɛː-ˈɛː / r-ʀ / ə-∅

-------------------

/urˈeːʎə/ - /ɔʀˈaj/
[2/2] u-ɔ / r-ʀ / ˈeː-ˈa / ʎ_ə-j

-------------------

/vezˈajr/ - /vˈɛj/
[2/4] v-v / e-∅ / z-∅ / ˈa-ˈɛ / j-j / r_#>-#>
[2/4] v-v / e-∅ / z-∅ / ˈa-ˈɛ / j-j / r-∅

-------------------

/viʃˈin/ - /viʒˈẽ/
[1/1] v-v / i-i / ʃ-ʒ / ˈi-ˈẽ / n-∅

-------------------

/vədˈɛː/ - /vjˈa/
[1/1] v-v / ə-j / d-∅ / ˈɛː-ˈa

-------------------

/vərɡˈuɔ̯ɲə/ - /vɛʀɡˈɔɲ/
[2/3] v-v / ə-ɛ / r-ʀ / ɡ-ɡ / ˈuɔ̯-ˈɔ / ɲ_ə-ɲ
[1/3] v-v / ə-ɛ / r-ʀ / ɡ-ɡ / ˈuɔ̯-ˈɔ / ɲ-ɲ / ə-∅

-------------------

/vəɲˈiːr/ - /vinˈi/
[2/2] v-v / ə-i / ɲ-n / ˈiː-ˈi / r_#>-#>

-------------------

/vˈaʨə/ - /vˈaʧ/
[2/3] v-v / ˈa-ˈa / ʨ_ə-ʧ
[1/3] v-v / ˈa-ˈa / ʨ-ʧ / ə-∅

-------------------

/vˈeːrt/ - /vˈɛʀ/
[2/3] v-v / ˈeː-ˈɛ / r_t-ʀ
[1/3] v-v / ˈeː-ˈɛ / r-ʀ / t_#>-#>

-------------------

/vˈin/ - /vˈẽ/
[1/3] v-v / ˈi_n-ˈẽ
[1/3] v-v / ˈi-ˈẽ / n_#>-#>
[1/3] v-v / ˈi-ˈẽ / n-∅

-------------------

/vˈiːlə/ - /vˈɛj/
[2/3] v-v / ˈiː-ˈɛ / l_ə-j
[1/3] v-v / ˈiː-ˈɛ / l-∅ / ə-j

-------------------

/vˈiːtə/ - /vˈɛj/
[1/3] v-v / ˈiː-ˈɛ / t-∅ / ə-j
[1/3] v-v / ˈiː-ˈɛ / t-j / ə_#>-#>
[1/3] v-v / ˈiː-ˈɛ / t-j / ə-∅

-------------------

/vˈiːə/ - /vˈɔːj/
[1/1] v-v / ˈiː-ˈɔː / ə-j

-------------------

/vˈus/ - /vˈɔ/
[1/2] v-v / ˈu_s-ˈɔ
[1/2] v-v / ˈu-ˈɔ / s_#>-#>

-------------------

/vˈɛnt/ - /vˈɛ̃/
[1/1] v-v / ˈɛ_n-ˈɛ̃ / t_#>-#>

-------------------

/vˈɛntər/ - /vˈɛ̃t/
[1/2] v-v / ˈɛ_n-ˈɛ̃ / t_ə-t / r_#>-#>
[1/2] v-v / ˈɛ_n-ˈɛ̃ / t-t / ə-∅ / r_#>-#>

-------------------

/vˈɛnʨ/ - /vˈɛ̃/
[2/2] v-v / ˈɛ_n-ˈɛ̃ / ʨ_#>-#>

-------------------

/vˈɛrm/ - /vjˈɛʀ/
[1/1] v-v / ∅-j / ˈɛ-ˈɛ / r-ʀ / m-∅

-------------------

/vˈɛɲ/ - /vˈẽ/
[1/1] v-v / ˈɛ-ˈẽ / ɲ-∅

-------------------

/vˈɛʎ/ - /vˈiː/
[1/1] v-v / ˈɛ-ˈiː / ʎ_#>-#>

-------------------

/ənˈɛː/ - /anjˈa/
[2/3] ə-a / n-n / ∅-j / ˈɛː-ˈa
[1/3] ə-a / n-n / ˈɛː-j_ˈa

-------------------

/ərˈɔɲ/ - /aʀˈɛɲ/
[1/1] ə-a / r-ʀ / ˈɔ-ˈɛ / ɲ-ɲ

-------------------

/əɲˈɛː/ - /aɲjˈa/
[1/1] ə-a / ɲ-ɲ / ˈɛː-j_ˈa

-------------------

/ɡlˈaʧ/ - /ɡlˈɛs/
[2/2] ɡ-ɡ / l-l / ˈa-ˈɛ / ʧ-s

-------------------

/ɡrˈas/ - /kʀˈɔːʃ/
[1/1] ɡ-k / r-ʀ / ˈa-ˈɔː / s-ʃ

-------------------

/ɡrˈawn/ - /ɡʀˈɛ̃n/
[3/3] ɡ-ɡ / r-ʀ / ˈa-ˈɛ̃ / w-∅ / n-n

-------------------

/ɡrˈɔs/ - /ɡʀˈɔ/
[1/2] ɡ-ɡ / r-ʀ / ˈɔ-ˈɔ / s_#>-#>
[1/2] ɡ-ɡ / r-ʀ / ˈɔ-ˈɔ / s-∅

-------------------

/ɡˈut/ - /ɡˈɔt/
[3/3] ɡ-ɡ / ˈu-ˈɔ / t-t

-------------------

/ɡˈuːlə/ - /ɡˈøːj/
[2/4] ɡ-ɡ / ˈuː-ˈøː / l_ə-j
[2/4] ɡ-ɡ / ˈuː-ˈøː / l-∅ / ə-j

-------------------

/ʃkrˈiːvər/ - /skʀˈiːʀ/
[1/2] ʃ-s / k-k / r-ʀ / ˈiː-ˈiː / v-∅ / ə_r-ʀ
[1/2] ʃ-s / k-k / r-ʀ / ˈiː-ˈiː / v-∅ / ə-∅ / r-ʀ

-------------------

/ʃpˈaːdə/ - /spˈɛːj/
[1/1] ʃ-s / p-p / ˈaː-ˈɛː / d-∅ / ə-j

-------------------

/ʃpˈaːɲə/ - /ɛspˈaɲ/
[1/1] ∅-ɛ / ʃ-s / p-p / ˈaː-ˈa / ɲ-ɲ / ə-∅

-------------------

/ʃpˈiːnə/ - /spˈɛn/
[3/4] ʃ-s / p-p / ˈiː-ˈɛ / n_ə-n
[1/4] ʃ-s / p-p / ˈiː-ˈɛ / n-n / ə-∅

-------------------

/ʃpˈiːə/ - /spˈi/
[2/2] ʃ-s / p-p / ˈiː-ˈi / ə_#>-#>

-------------------

/ʃtˈajlə/ - /stwˈɛl/
[1/3] ʃ-s / t-t / ∅-w / ˈa-ˈɛ / j_l-l / ə_#>-#>
[1/3] ʃ-s / t-t / ˈa-∅ / j-w / ∅-ˈɛ / l-l / ə_#>-#>
[1/3] ʃ-s / t-t / ˈa-w / j-ˈɛ / l-l / ə-∅

-------------------

/ʃtˈaːdi/ - /ɛstˈa/
[1/2] ∅-ɛ / ʃ-s / t-t / ˈaː-ˈa / d-∅ / i_#>-#>
[1/2] ∅-ɛ / ʃ-s / t-t / ˈaː-ˈa / d-∅ / i-∅

-------------------

/ʃəlˈaːr/ - /ʤalˈe/
[1/2] ʃ-ʤ / ə-a / l-l / ˈaː_r-ˈe
[1/2] ʃ-ʤ / ə-a / l-l / ˈaː-ˈe / r-∅

-------------------

/ʒɡulˈaːr/ - /vɔlˈe/
[2/2] ʒ-v / ɡ-∅ / u-ɔ / l-l / ˈaː_r-ˈe

-------------------

/ʒɡˈɔl/ - /vˈɔl/
[1/1] ʒ-v / ɡ-∅ / ˈɔ-ˈɔ / l-l

-------------------

/ʧuŋkˈantə/ - /sẽkwˈɑ̃t/
[1/2] ʧ-s / u-ẽ / ŋ-∅ / k-k / ∅-w / ˈa-ˈɑ̃ / n_t-t / ə-∅
[1/2] ʧ-s / u-ẽ / ŋ-∅ / k-k / ˈa-w / n-∅ / ∅-ˈɑ̃ / t-t / ə-∅

-------------------

/ʧərˈeːʃə/ - /sɛʀˈeːʃ/
[1/2] ʧ-s / ə-ɛ / r-ʀ / ˈeː-ˈeː / ʃ_ə-ʃ
[1/2] ʧ-s / ə-ɛ / r-ʀ / ˈeː-ˈeː / ʃ-ʃ / ə_#>-#>

-------------------

/ʧˈajrə/ - /sˈeːʀ/
[1/1] ʧ-s / ˈa-ˈeː / j-∅ / r-ʀ / ə_#>-#>

-------------------

/ʧˈinʨ/ - /sˈẽk/
[1/1] ʧ-s / ˈi-ˈẽ / n-∅ / ʨ-k

-------------------

/ʧˈɛndrə/ - /sˈɛ̃t/
[2/2] ʧ-s / ˈɛ_n-ˈɛ̃ / d-t / r-∅ / ə_#>-#>

-------------------

/ʨədˈajnə/ - /ʧˈɛ̃ːn/
[2/2] ʨ_ə-ʧ / d-∅ / ˈa-ˈɛ̃ː / j-∅ / n_ə-n

-------------------

/ʨəmʥˈaːr/ - /kɑ̃ʤˈiː/
[1/1] ʨ-k / ə-ɑ̃ / m-∅ / ʥ-ʤ / ˈaː_r-ˈiː

-------------------

/ʨəntˈaːr/ - /ʧɑ̃tˈe/
[1/2] ʨ-ʧ / ə-ɑ̃ / n_t-t / ˈaː_r-ˈe
[1/2] ʨ-ʧ / ə-ɑ̃ / n_t-t / ˈaː-ˈe / r-∅

-------------------

/ʨəstˈɛː/ - /ʧɛstjˈa/
[2/2] ʨ-ʧ / ə-ɛ / s-s / t-t / ˈɛː-j_ˈa

-------------------

/ʨəvˈal/ - /ʧfˈɔː/
[2/2] ʨ_ə-ʧ / v-f / ˈa-ˈɔː / l-∅

-------------------

/ʨəvˈel/ - /ʧfjˈa/
[1/2] ʨ_ə-ʧ / v-f / ˈe-∅ / l-j / #>-ˈa_#>
[1/2] ʨ-ʧ / ə-∅ / v-f / ∅-j / ˈe-ˈa / l_#>-#>

-------------------

/ʨəʧˈaːr/ - /ʧɛsˈiː/
[2/3] ʨ-ʧ / ə-ɛ / ʧ-s / ˈaː-ˈiː / r-∅
[1/3] ʨ-ʧ / ə-ɛ / ʧ-s / ˈaː-ˈiː / r_#>-#>

-------------------

/ʨˈant/ - /ʧˈɑ̃/
[1/1] ʨ-ʧ / ˈa-ˈɑ̃ / n-∅ / t_#>-#>

-------------------

/ʨˈawn/ - /ʧˈẽ/
[1/2] ʨ-ʧ / ˈa-∅ / w-∅ / n-ˈẽ
[1/2] ʨ-ʧ / ˈa-ˈẽ / w-∅ / n_#>-#>

-------------------

/ʨˈawsə/ - /ʧˈoːs/
[1/2] ʨ-ʧ / ˈa-ˈoː / w-∅ / s_ə-s
[1/2] ʨ-ʧ / ˈa-ˈoː / w-∅ / s-s / ə-∅

-------------------

/ʨˈawt/ - /ʧˈoː/
[1/1] ʨ-ʧ / ˈa-ˈoː / w-∅ / t_#>-#>

-------------------

/ʨˈaːr/ - /ʧˈiːʀ/
[2/2] ʨ-ʧ / ˈaː-ˈiː / r-ʀ

-------------------

/ʨˈaːrn/ - /ʧˈɔː/
[1/1] ʨ-ʧ / ˈaː-ˈɔː / r-∅ / n_#>-#>

-------------------

/ʨˈaːzə/ - /ʧˈøː/
[2/2] ʨ-ʧ / ˈaː-ˈøː / z-∅ / ə_#>-#>

-------------------

/ʨˈiː/ - /kˈiː/
[1/1] ʨ-k / ˈiː-ˈiː

-------------------

/ˈawkə/ - /ˈɔːw/
[1/1] ˈa-ˈɔː / w-w / k-∅ / ə_#>-#>

-------------------

/ˈawtər/ - /ˈoːt/
[1/1] ˈa-ˈoː / w-∅ / t_ə-t / r_#>-#>

-------------------

/ˈawə/ - /ˈɛːw/
[2/2] ˈa-ˈɛː / w-w / ə_#>-#>

-------------------

/ˈaʎ/ - /ˈa/
[1/1] ˈa-∅ / ʎ-ˈa

-------------------

/ˈinslə/ - /ˈiːj/
[1/1] ˈi-ˈiː / n-∅ / s-∅ / l-j / ə_#>-#>

-------------------

/ˈum/ - /ˈɔm/
[3/3] ˈu-ˈɔ / m-m

-------------------

/ˈuːrs/ - /ˈuːs/
[1/1] ˈuː-ˈuː / r-∅ / s-s

-------------------

/ˈɔlmə/ - /ˈɔːm/
[1/1] ˈɔ-ˈɔː / l-∅ / m_ə-m

-------------------

/ˈɔs/ - /ɔʃjˈa/
[1/2] ˈɔ-ɔ / s-ʃ / ∅-j / ∅-ˈa
[1/2] ˈɔ-ɔ / s-ʃ / ∅-j / #>-ˈa_#>

-------------------

/ˈɔːvrə/ - /ˈuːf/
[1/2] ˈɔː-ˈuː / v-f / r-∅ / ə_#>-#>
[1/2] ˈɔː-ˈuː / v-f / r-∅ / ə-∅

-------------------

/ˈɛʎ/ - /ˈuːj/
[1/1] ˈɛ-ˈuː / ʎ-j

-------------------

/ˈɛʎs/ - /ˈuːj/
[2/2] ˈɛ-ˈuː / ʎ-j / s_#>-#>

-------------------

