/ajøtˈa/ - /aʃuðˈaɾ/
[1/1] <#_a-<#_a / j-ʃ / ø-u / t-ð / ˈa_#>-ˈa_ɾ_#>

-------------------

/ajˈøt/ - /aʃˈuðʊ/
[1/1] <#_a-<#_a / j-ʃ / ˈø-ˈu / t-ð / #>-ʊ_#>

-------------------

/anˈɛl/ - /ˈɛlʊ/
[1/1] a-∅ / n-<# / ˈɛ_l-ˈɛ_l / #>-ʊ_#>

-------------------

/bjˈaŋk/ - /bɾˈɑŋkʊ/
[1/1] <#_b-<#_b / j-ɾ / ˈa-ˈɑ / ŋ-ŋ / k_#>-k_ʊ_#>

-------------------

/bˈas/ - /bˈajʃʊ/
[1/1] <#_b-<#_b / ˈa-ˈa / ∅-j / s_#>-ʃ_ʊ_#>

-------------------

/bˈaɲ/ - /bˈaɲʊ/
[1/1] <#_b-<#_b / ˈa_ɲ-ˈa_ɲ / #>-ʊ_#>

-------------------

/bˈe/ - /bˈɛŋ/
[1/1] <#_b-<#_b / ˈe-ˈɛ / #>-ŋ_#>

-------------------

/bˈif/ - /beβˈeɾ/
[1/1] <#_b-<#_b / ∅-e / ˈi_f-β / ∅-ˈe / #>-ɾ_#>

-------------------

/bˈiɡol/ - /embˈiɣʊ/
[1/1] <#-<#_e / ∅-m / b-b / ˈi-ˈi / ɡ-ɣ / o-∅ / l_#>-ʊ_#>

-------------------

/bˈoka/ - /bˈokɐ/
[1/1] <#_b-<#_b / ˈo-ˈo / k-k / a_#>-ɐ_#>

-------------------

/bˈu/ - /bˈo/
[1/1] <#_b-<#_b / ˈu-ˈo

-------------------

/bˈuna/ - /bˈoɐ/
[1/1] <#_b-<#_b / ˈu-ˈo / n-∅ / a_#>-ɐ_#>

-------------------

/bˈune/ - /bˈoɐs/
[1/1] <#_b-<#_b / ˈu_n-ˈo_ɐ / e-∅ / #>-s_#>

-------------------

/bˈø/ - /bˈɔj/
[1/1] <#_b-<#_b / ˈø-ˈɔ / ∅-j

-------------------

/bˈɛl/ - /bˈɛlʊ/
[1/1] <#_b-<#_b / ˈɛ_l-ˈɛ_l / #>-ʊ_#>

-------------------

/bˈɛla/ - /bˈɛlɐ/
[1/1] <#_b-<#_b / ˈɛ_l-ˈɛ_l / a_#>-ɐ_#>

-------------------

/dormˈi/ - /duɾmˈiɾ/
[1/1] <#_d-<#_d / o-u / r-ɾ / m-m / ˈi_#>-ˈi_ɾ_#>

-------------------

/draɡˈu/ - /dɾaɣˈoŋ/
[1/1] <#_d-<#_d / r-ɾ / a-a / ɡ-ɣ / ˈu-ˈo / #>-ŋ_#>

-------------------

/dørmˈi/ - /duɾmˈiɾ/
[1/1] <#_d-<#_d / ø-u / r-ɾ / m-m / ˈi_#>-ˈi_ɾ_#>

-------------------

/dˈa/ - /dˈaɾ/
[1/1] <#_d-<#_d / ˈa_#>-ˈa_ɾ_#>

-------------------

/dˈe/ - /dˈiɐ/
[1/1] <#_d-<#_d / ˈe-ˈi / #>-ɐ_#>

-------------------

/dˈes/ - /dˈɛθ/
[1/1] <#_d-<#_d / ˈe-ˈɛ / s_#>-θ_#>

-------------------

/dˈet/ - /dˈentɪ/
[1/1] <#_d-<#_d / ˈe-ˈe_n / t_#>-t_ɪ_#>

-------------------

/dˈi/ - /diθˈiɾ/
[1/1] <#_d-<#_d / ∅-i / ∅-θ / ˈi_#>-ˈi_ɾ_#>

-------------------

/dˈio/ - /dˈews/
[1/1] <#_d-<#_d / ˈi-ˈe / o-w / #>-s_#>

-------------------

/dˈit/ - /dˈeðʊ/
[1/1] <#_d-<#_d / ˈi-ˈe / t-ð / #>-ʊ_#>

-------------------

/dˈu/ - /dˈuɐs/
[1/1] <#_d-<#_d / ˈu-ˈu / ∅-ɐ / #>-s_#>

-------------------

/dˈudes/ - /dˈoθɪ/
[1/1] <#_d-<#_d / ˈu-ˈo / d-∅ / e-∅ / s-θ / #>-ɪ_#>

-------------------

/dˈuls/ - /dˈoθɪ/
[1/1] <#_d-<#_d / ˈu-ˈo / l-∅ / s-θ / #>-ɪ_#>

-------------------

/dˈɔna/ - /dˈonɐ/
[1/1] <#_d-<#_d / ˈɔ-ˈo / n-n / a_#>-ɐ_#>

-------------------

/edˈi/ - /bˈeɾ/
[1/1] <#_e-<#_b / d_ˈi_#>-ˈe_ɾ_#>

-------------------

/erɡˈɔɲa/ - /beɾɣˈonθɐ/
[1/1] <#-<#_b / e_r-e_ɾ / ɡ-ɣ / ˈɔ-ˈo / ∅-n / ɲ-θ / a_#>-ɐ_#>

-------------------

/erɡˈɔɲa/ - /beɾɣˈoɲɐ/
[1/1] <#-<#_b / e_r-e_ɾ / ɡ-ɣ / ˈɔ-ˈo / ɲ-ɲ / a_#>-ɐ_#>

-------------------

/estˈat/ - /estˈiʊ/
[1/1] <#-<#_e / e-∅ / s_t-s_t / ˈa-ˈi / t_#>-ʊ_#>

-------------------

/eɡwˈal/ - /iɣwˈal/
[1/1] e-i / ɡ-ɣ / w-w / ˈa-ˈa / l_#>-l_#>

-------------------

/eɲˈi/ - /bˈiɾ/
[1/1] <#_e-<#_b / ɲ-∅ / ˈi_#>-ˈi_ɾ_#>

-------------------

/farˈina/ - /faɾˈiɲɐ/
[1/1] <#_f-<#_f / a-a / r-ɾ / ˈi-ˈi / n-ɲ / a_#>-ɐ_#>

-------------------

/fjˈama/ - /ʧˈamɐ/
[1/1] <#_f_j-<#_ʧ / ˈa-ˈa / m-m / a_#>-ɐ_#>

-------------------

/fjˈur/ - /ʧˈoɾ/
[1/1] <#_f_j-<#_ʧ / ˈu_r-ˈo / #>-ɾ_#>

-------------------

/fjˈøla/ - /fˈiɟɐ/
[1/1] <#_f-<#_f / j-∅ / ˈø-ˈi / l-ɟ / a_#>-ɐ_#>

-------------------

/frˈøt/ - /frˈojtʊ/
[1/1] <#_f-<#_f / r-r / ˈø-ˈo / ∅-j / t_#>-t_ʊ_#>

-------------------

/frˈɛʧ/ - /fɾˈiʊ/
[1/1] <#_f-<#_f / r-ɾ / ˈɛ-∅ / ʧ-ˈi / #>-ʊ_#>

-------------------

/fˈa/ - /faθˈeɾ/
[1/1] <#_f-<#_f / ˈa-a / ∅-θ / ∅-ˈe / #>-ɾ_#>

-------------------

/fˈals/ - /fˈalsʊ/
[1/1] <#_f-<#_f / ˈa-ˈa / l-l / s-s / #>-ʊ_#>

-------------------

/fˈam/ - /fˈamɪ/
[1/1] <#_f-<#_f / ˈa-ˈa / m_#>-m_ɪ_#>

-------------------

/fˈe/ - /fˈaɣʊ/
[1/1] <#_f-<#_f / ∅-ˈa / ˈe-ɣ / #>-ʊ_#>

-------------------

/fˈel/ - /fˈiʊ/
[1/1] <#_f-<#_f / ˈe-ˈi / l_#>-ʊ_#>

-------------------

/fˈi/ - /fˈinʊ/
[1/1] <#_f-<#_f / ˈi-ˈi / ∅-n / #>-ʊ_#>

-------------------

/fˈi/ - /fˈiŋ/
[1/1] <#_f-<#_f / ˈi-ˈi / #>-ŋ_#>

-------------------

/fˈidek/ - /fˈiɣaðʊ/
[1/1] <#_f-<#_f / ˈi-ˈi_ɣ / ∅-a / d-ð / e-∅ / k_#>-ʊ_#>

-------------------

/fˈorsa/ - /fˈɔɾθɐ/
[1/1] <#_f-<#_f / ˈo_r-ˈɔ_ɾ / s-θ / a_#>-ɐ_#>

-------------------

/fˈort/ - /fˈɔɾtɪ/
[1/1] <#_f-<#_f / ˈo_r-ˈɔ_ɾ / t_#>-t_ɪ_#>

-------------------

/fˈøk/ - /fˈoɣʊ/
[1/1] <#_f-<#_f / ˈø-ˈo / k_#>-ɣ_ʊ_#>

-------------------

/fˈøm/ - /fˈumɪ/
[1/1] <#_f-<#_f / ˈø-ˈu / m_#>-m_ɪ_#>

-------------------

/fˈɔja/ - /fˈoɟɐ/
[1/1] <#_f-<#_f / ˈɔ-ˈo / j-ɟ / a_#>-ɐ_#>

-------------------

/fˈɛmna/ - /fˈemjɐ/
[1/1] <#_f-<#_f / ˈɛ-ˈe / m-m / n-j / a_#>-ɐ_#>

-------------------

/fˈɛr/ - /fˈɛrʊ/
[1/1] <#_f-<#_f / ˈɛ_r-ˈɛ_r / #>-ʊ_#>

-------------------

/fˈɛsta/ - /fˈɛstɐ/
[1/1] <#_f-<#_f / ˈɛ-ˈɛ / s_t-s_t / a_#>-ɐ_#>

-------------------

/izˈi/ - /beθˈiɲʊ/
[1/1] <#-<#_b / i-e / z-θ / ˈi-ˈi_ɲ / #>-ʊ_#>

-------------------

/kadˈena/ - /kaðˈeɐ/
[1/1] <#_k-<#_k / a-a / d-ð / ˈe-ˈe / n-∅ / a_#>-ɐ_#>

-------------------

/kambjˈa/ - /kɑmbjˈaɾ/
[1/1] <#_k-<#_k / a-ɑ / m-m / b-b / j-j / ˈa_#>-ˈa_ɾ_#>

-------------------

/kantˈa/ - /kantˈaɾ/
[1/1] <#_k-<#_k / a-a / n_t-n_t / ˈa_#>-ˈa_ɾ_#>

-------------------

/kaˈal/ - /kaβˈalʊ/
[1/1] <#_k-<#_k / a-a_β / ˈa-ˈa / l_#>-l_ʊ_#>

-------------------

/kaˈɛj/ - /kaβˈelʊ/
[1/1] <#_k-<#_k / a-a_β / ˈɛ-ˈe / j-l / #>-ʊ_#>

-------------------

/koɲˈɔs/ - /koɲeθˈeɾ/
[1/1] <#_k-<#_k / o-o / ɲ-ɲ / ˈɔ-e / s-θ / ∅-ˈe / #>-ɾ_#>

-------------------

/kredˈi/ - /kɾˈeɾ/
[1/1] <#_k-<#_k / r_e-ɾ / d_ˈi_#>-ˈe_ɾ_#>

-------------------

/krˈus/ - /kɾˈuθ/
[1/1] <#_k-<#_k / r-ɾ / ˈu-ˈu / s_#>-θ_#>

-------------------

/krˈɛd/ - /kɾˈeɾ/
[1/1] <#_k-<#_k / r-ɾ / ˈɛ_d-ˈe / #>-ɾ_#>

-------------------

/kulˈur/ - /kˈoɾ/
[1/1] <#_k-<#_k / u-∅ / l-∅ / ˈu_r-ˈo / #>-ɾ_#>

-------------------

/kwˈaja/ - /kwˈaɟɐ/
[1/1] <#_k-<#_k / w-w / ˈa-ˈa / j-ɟ / a_#>-ɐ_#>

-------------------

/kwˈater/ - /kˈɑtɾʊ/
[1/1] <#_k-<#_k / w-∅ / ˈa-ˈɑ / t-t / e-∅ / r_#>-ɾ_ʊ_#>

-------------------

/kˈa/ - /kˈasɐ/
[1/1] <#_k-<#_k / ˈa-ˈa / ∅-s / #>-ɐ_#>

-------------------

/kˈa/ - /kˈɑŋ/
[1/1] <#_k-<#_k / ˈa_#>-ˈɑ_ŋ_#>

-------------------

/kˈar/ - /kˈɑɾʊ/
[1/1] <#_k-<#_k / ˈa-ˈɑ / r_#>-ɾ_ʊ_#>

-------------------

/kˈarne/ - /kˈaɾnɪ/
[1/1] <#_k-<#_k / ˈa-ˈa / r_n-ɾ_n / e-∅ / #>-ɪ_#>

-------------------

/kˈaʋra/ - /kˈaβɾɐ/
[1/1] <#_k-<#_k / ˈa-ˈa / ʋ_r-β_ɾ / a_#>-ɐ_#>

-------------------

/kˈe/ - /kˈe/
[1/1] <#_k-<#_k / ˈe_#>-ˈe_#>

-------------------

/kˈi/ - /kˈeŋ/
[1/1] <#_k-<#_k / ˈi-ˈe / #>-ŋ_#>

-------------------

/kˈolt/ - /kˈaldʊ/
[1/1] <#_k-<#_k / ˈo-ˈa / l-l / t_#>-d_ʊ_#>

-------------------

/kˈoza/ - /kˈowsɐ/
[1/1] <#_k-<#_k / ˈo-ˈo_w / z-s / a_#>-ɐ_#>

-------------------

/kˈua/ - /kˈɔlɐ/
[1/1] <#_k-<#_k / ˈu-ˈɔ / ∅-l / a_#>-ɐ_#>

-------------------

/kˈulp/ - /ɡˈɔlpɪ/
[1/1] k-ɡ / ˈu-ˈɔ / l-l / p-p / #>-ɪ_#>

-------------------

/kˈyl/ - /kˈu/
[1/1] <#_k-<#_k / ˈy-ˈu / l-∅

-------------------

/kˈyrt/ - /kˈuɾtʊ/
[1/1] <#_k-<#_k / ˈy-ˈu / r-ɾ / t_#>-t_ʊ_#>

-------------------

/kˈør/ - /kˈɔɾ/
[1/1] <#_k-<#_k / ˈø-ˈɔ / r_#>-ɾ_#>

-------------------

/kˈɔl/ - /kˈɔlʊ/
[1/1] <#_k-<#_k / ˈɔ-ˈɔ / l_#>-l_ʊ_#>

-------------------

/kˈɔnjo/ - /kˈuɲʊ/
[1/1] <#_k-<#_k / ˈɔ-ˈu / n-ɲ / j-∅ / o_#>-ʊ_#>

-------------------

/kˈɔrno/ - /kˈɔɾnʊ/
[1/1] <#_k-<#_k / ˈɔ-ˈɔ / r_n-ɾ_n / o_#>-ʊ_#>

-------------------

/kˈɔrp/ - /kˈoɾpʊ/
[1/1] <#_k-<#_k / ˈɔ-ˈo / r-ɾ / p_#>-p_ʊ_#>

-------------------

/kˈɔsa/ - /kˈoʃɐ/
[1/1] <#_k-<#_k / ˈɔ-ˈo / s-ʃ / a_#>-ɐ_#>

-------------------

/kˈɔsta/ - /kˈɔstɐ/
[1/1] <#_k-<#_k / ˈɔ-ˈɔ / s_t-s_t / a_#>-ɐ_#>

-------------------

/leˈa/ - /leβˈaɾ/
[1/1] <#_l-<#_l / e-e / ∅-β / ˈa_#>-ˈa_ɾ_#>

-------------------

/leˈu/ - /leˈɔŋ/
[1/1] <#_l-<#_l / e-e / ˈu-ˈɔ / #>-ŋ_#>

-------------------

/lˈak/ - /lˈaɣʊ/
[1/1] <#_l-<#_l / ˈa-ˈa / k_#>-ɣ_ʊ_#>

-------------------

/lˈana/ - /lˈa/
[1/1] <#_l-<#_l / ˈa_n_a_#>-ˈa_#>

-------------------

/lˈaɡrima/ - /lˈaɣɾimɐ/
[1/1] <#_l-<#_l / ˈa-ˈa / ɡ-ɣ / r-ɾ / i-i / m-m / a_#>-ɐ_#>

-------------------

/lˈaʧ/ - /lˈejtɪ/
[1/1] <#_l-<#_l / ˈa-ˈe_j / ʧ_#>-t_ɪ_#>

-------------------

/lˈeɡor/ - /lˈɛβɾɪ/
[1/1] <#_l-<#_l / ˈe-ˈɛ / ɡ-∅ / o-β / r-ɾ / #>-ɪ_#>

-------------------

/lˈiber/ - /lˈiβɾɪ/
[1/1] <#_l-<#_l / ˈi-ˈi / b-β / e_r_#>-ɾ_ɪ_#>

-------------------

/lˈoŋk/ - /lˈoŋɡʊ/
[1/1] <#_l-<#_l / ˈo-ˈo / ŋ-ŋ / k-ɡ / #>-ʊ_#>

-------------------

/lˈyf/ - /lˈoβʊ/
[1/1] <#_l-<#_l / ˈy-ˈo / f_#>-β_ʊ_#>

-------------------

/lˈyna/ - /lˈuɐ/
[1/1] <#_l-<#_l / ˈy-ˈu / n-∅ / a_#>-ɐ_#>

-------------------

/lˈys/ - /lˈumɪ/
[1/1] <#_l-<#_l / ˈy-ˈu / s-m / #>-ɪ_#>

-------------------

/lˈys/ - /lˈuθ/
[1/1] <#_l-<#_l / ˈy-ˈu / s_#>-θ_#>

-------------------

/lˈøk/ - /lˈɔɣʊ/
[1/1] <#_l-<#_l / ˈø-ˈɔ / k_#>-ɣ_ʊ_#>

-------------------

/lˈøm/ - /lˈumɪ/
[1/1] <#_l-<#_l / ˈø-ˈu / m_#>-m_ɪ_#>

-------------------

/lˈɔta/ - /lˈojtɐ/
[1/1] <#_l-<#_l / ˈɔ-ˈo_j / t-t / a_#>-ɐ_#>

-------------------

/lˈɛs/ - /lˈeɾ/
[1/1] <#_l-<#_l / ˈɛ-ˈe / s-∅ / #>-ɾ_#>

-------------------

/lˈɛtra/ - /lˈetɾɐ/
[1/1] <#_l-<#_l / ˈɛ-ˈe / t-t / r-ɾ / a_#>-ɐ_#>

-------------------

/lˈɛŋɡwa/ - /lˈiŋɡwɐ/
[1/1] <#_l-<#_l / ˈɛ-ˈi / ŋ-ŋ / ɡ-ɡ / w-w / a_#>-ɐ_#>

-------------------

/lˈɛɲ/ - /lˈeɲɐ/
[1/1] <#_l-<#_l / ˈɛ-ˈe / ɲ_#>-ɲ_ɐ_#>

-------------------

/lˈɛʤe/ - /lˈej/
[1/1] <#_l-<#_l / ˈɛ-ˈe / ʤ-∅ / e-j

-------------------

/lˈɛʧ/ - /lˈejtʊ/
[1/1] <#_l-<#_l / ˈɛ-ˈe / ʧ-j_t / #>-ʊ_#>

-------------------

/marˈyt/ - /maðˈuɾʊ/
[1/1] <#_m-<#_m / a-a / r-ð / ˈy-ˈu / t-ɾ / #>-ʊ_#>

-------------------

/masˈa/ - /matˈaɾ/
[1/1] <#_m-<#_m / a-a / s-t / ˈa_#>-ˈa_ɾ_#>

-------------------

/mejtˈat/ - /metˈaðɪ/
[1/1] <#_m-<#_m / e-e / j-∅ / t-t / ˈa-ˈa / t-ð / #>-ɪ_#>

-------------------

/mjˈur/ - /meɟˈoɾ/
[1/1] <#_m-<#_m / ∅-e / j-ɟ / ˈu_r-ˈo / #>-ɾ_#>

-------------------

/montˈaɲa/ - /montˈaɲɐ/
[1/1] <#_m-<#_m / o-o / n_t-n_t / ˈa_ɲ-ˈa_ɲ / a_#>-ɐ_#>

-------------------

/mˈa/ - /mˈɑŋ/
[1/1] <#_m-<#_m / ˈa_#>-ˈɑ_ŋ_#>

-------------------

/mˈar/ - /mˈaɾ/
[1/1] <#_m-<#_m / ˈa-ˈa / r_#>-ɾ_#>

-------------------

/mˈe/ - /mˈe/
[1/1] <#_m-<#_m / ˈe_#>-ˈe_#>

-------------------

/mˈel/ - /mˈɛl/
[1/1] <#_m-<#_m / ˈe-ˈɛ / l_#>-l_#>

-------------------

/mˈela/ - /mˈil/
[1/1] <#_m-<#_m / ˈe-ˈi / l-l / a-∅

-------------------

/mˈele/ - /mˈil/
[1/1] <#_m-<#_m / ˈe-ˈi / l-l / e-∅

-------------------

/mˈia/ - /mˈiɣɐ/
[1/1] <#_m-<#_m / ˈi-ˈi_ɣ / a_#>-ɐ_#>

-------------------

/mˈort/ - /mˈɔɾtɪ/
[1/1] <#_m-<#_m / ˈo_r-ˈɔ_ɾ / t_#>-t_ɪ_#>

-------------------

/mˈoska/ - /mˈoskɐ/
[1/1] <#_m-<#_m / ˈo-ˈo / s_k-s_k / a_#>-ɐ_#>

-------------------

/mˈør/ - /morˈeɾ/
[1/1] <#_m-<#_m / ˈø-o / r-r / ∅-ˈe / #>-ɾ_#>

-------------------

/nasˈi/ - /naθˈeɾ/
[1/1] <#_n-<#_n / a-a / s-θ / ˈi_#>-ˈe_ɾ_#>

-------------------

/nisˈy/ - /niŋɡˈuŋ/
[1/1] <#_n-<#_n / i-i / ∅-ŋ / s-ɡ / ˈy-ˈu / #>-ŋ_#>

-------------------

/nodˈa/ - /naðˈaɾ/
[1/1] <#_n-<#_n / o-a / d-ð / ˈa_#>-ˈa_ɾ_#>

-------------------

/nˈas/ - /naɾˈiθ/
[1/1] <#_n-<#_n / ˈa-a / ∅-ɾ / ∅-ˈi / s_#>-θ_#>

-------------------

/nˈas/ - /naθˈeɾ/
[1/1] <#_n-<#_n / ˈa-a / s-θ / ∅-ˈe / #>-ɾ_#>

-------------------

/nˈeɡer/ - /nˈeɣɾʊ/
[1/1] <#_n-<#_n / ˈe-ˈe / ɡ-ɣ / e-∅ / r_#>-ɾ_ʊ_#>

-------------------

/nˈif/ - /nˈɛβɪ/
[1/1] <#_n-<#_n / ˈi-ˈɛ / f_#>-β_ɪ_#>

-------------------

/nˈus/ - /nˈɔθ/
[1/1] <#_n-<#_n / ˈu-ˈɔ / s_#>-θ_#>

-------------------

/nˈøf/ - /nˈɔβɪ/
[1/1] <#_n-<#_n / ˈø-ˈɔ / f_#>-β_ɪ_#>

-------------------

/nˈøf/ - /nˈɔβʊ/
[1/1] <#_n-<#_n / ˈø-ˈɔ / f_#>-β_ʊ_#>

-------------------

/nˈɔm/ - /nˈomɪ/
[1/1] <#_n-<#_n / ˈɔ-ˈo / m_#>-m_ɪ_#>

-------------------

/nˈɔʧ/ - /nˈojtɪ/
[1/1] <#_n-<#_n / ˈɔ-ˈo / ʧ-j_t / #>-ɪ_#>

-------------------

/nˈɛbja/ - /nˈɛβoɐ/
[1/1] <#_n-<#_n / ˈɛ-ˈɛ / b-β / j-o / a_#>-ɐ_#>

-------------------

/orˈɛʤa/ - /oɾˈeɟɐ/
[1/1] o-o / r-ɾ / ˈɛ-ˈe / ʤ-ɟ / a_#>-ɐ_#>

-------------------

/palˈas/ - /pˈaθʊ/
[1/1] <#_p-<#_p / a-∅ / l-∅ / ˈa-ˈa / s-θ / #>-ʊ_#>

-------------------

/parˈɔla/ - /palˈaβɾɐ/
[1/1] <#_p-<#_p / a_r-a / ˈɔ-∅ / l-l / ∅-ˈa / ∅-β / ∅-ɾ / a_#>-ɐ_#>

-------------------

/pjøˈida/ - /ʧˈojβɐ/
[1/1] <#_p_j-<#_ʧ / ø-ˈo / ˈi-j / d-β / a_#>-ɐ_#>

-------------------

/pjˈans/ - /ʧoɾˈaɾ/
[1/1] <#_p_j-<#_ʧ / ˈa-o / n-ɾ / s-ˈa / #>-ɾ_#>

-------------------

/pjˈaɡa/ - /ʧˈaɣɐ/
[1/1] <#_p_j-<#_ʧ / ˈa-ˈa / ɡ-ɣ / a_#>-ɐ_#>

-------------------

/pjˈe/ - /ʧˈeʊ/
[1/1] <#_p_j-<#_ʧ / ˈe-ˈe / #>-ʊ_#>

-------------------

/pjˈøʧ/ - /piˈoɟʊ/
[1/1] <#_p-<#_p / j-i / ˈø-ˈo / ʧ_#>-ɟ_ʊ_#>

-------------------

/pondˈi/ - /poɲˈeɾ/
[1/1] <#_p-<#_p / o-o / n-ɲ / d_ˈi_#>-ˈe_ɾ_#>

-------------------

/potˈere/ - /poðˈeɾ/
[1/1] <#_p-<#_p / o-o / t-ð / ˈe-ˈe / r_e-ɾ

-------------------

/prˈeda/ - /pˈɛðɾɐ/
[1/1] <#_p-<#_p / r-∅ / ˈe-ˈɛ / d-ð / ∅-ɾ / a_#>-ɐ_#>

-------------------

/prˈese/ - /pɾˈeθʊ/
[1/1] <#_p-<#_p / r-ɾ / ˈe-ˈe / s-θ / e-∅ / #>-ʊ_#>

-------------------

/prˈeze/ - /pɾˈeθʊ/
[1/1] <#_p-<#_p / r-ɾ / ˈe-ˈe / z-θ / e-∅ / #>-ʊ_#>

-------------------

/pˈa/ - /pˈɑŋ/
[1/1] <#_p-<#_p / ˈa_#>-ˈɑ_ŋ_#>

-------------------

/pˈansa/ - /pˈanθɐ/
[1/1] <#_p-<#_p / ˈa-ˈa / n-n / s-θ / a_#>-ɐ_#>

-------------------

/pˈas/ - /pˈaθ/
[1/1] <#_p-<#_p / ˈa-ˈa / s_#>-θ_#>

-------------------

/pˈe/ - /pˈɛ/
[1/1] <#_p-<#_p / ˈe-ˈɛ

-------------------

/pˈel/ - /pˈelʊ/
[1/1] <#_p-<#_p / ˈe-ˈe / l_#>-l_ʊ_#>

-------------------

/pˈena/ - /pˈenɐ/
[1/1] <#_p-<#_p / ˈe-ˈe / n-n / a_#>-ɐ_#>

-------------------

/pˈoer/ - /pˈɔβɾɪ/
[1/1] <#_p-<#_p / ˈo-ˈɔ / e-β / r-ɾ / #>-ɪ_#>

-------------------

/pˈok/ - /pˈowkʊ/
[1/1] <#_p-<#_p / ˈo-ˈo_w / k_#>-k_ʊ_#>

-------------------

/pˈont/ - /pˈuntʊ/
[1/1] <#_p-<#_p / ˈo_n-ˈu_n / t_#>-t_ʊ_#>

-------------------

/pˈos/ - /pˈoθʊ/
[1/1] <#_p-<#_p / ˈo-ˈo / s-θ / #>-ʊ_#>

-------------------

/pˈut/ - /pˈontɪ/
[1/1] <#_p-<#_p / ˈu-ˈo / ∅-n / t_#>-t_ɪ_#>

-------------------

/pˈøɲ/ - /pˈuɲʊ/
[1/1] <#_p-<#_p / ˈø_ɲ-ˈu_ɲ / #>-ʊ_#>

-------------------

/pˈɔrk/ - /pˈɔɾkʊ/
[1/1] <#_p-<#_p / ˈɔ-ˈɔ / r-ɾ / k_#>-k_ʊ_#>

-------------------

/pˈɔrka/ - /pˈɔɾkɐ/
[1/1] <#_p-<#_p / ˈɔ-ˈɔ / r-ɾ / k-k / a_#>-ɐ_#>

-------------------

/pˈɛl/ - /pˈɛl/
[1/1] <#_p-<#_p / ˈɛ-ˈɛ / l_#>-l_#>

-------------------

/pˈɛna/ - /pˈenɐ/
[1/1] <#_p-<#_p / ˈɛ-ˈe / n-n / a_#>-ɐ_#>

-------------------

/pˈɛs/ - /pˈejʃɪ/
[1/1] <#_p-<#_p / ˈɛ-ˈe_j / s-ʃ / #>-ɪ_#>

-------------------

/pˈɛt/ - /pˈejtʊ/
[1/1] <#_p-<#_p / ˈɛ-ˈe_j / t_#>-t_ʊ_#>

-------------------

/raˈis/ - /raˈiθ/
[1/1] <#_r-<#_r / a-a / ˈi-ˈi / s_#>-θ_#>

-------------------

/rezˈu/ - /raθˈoŋ/
[1/1] <#_r-<#_r / e-a / z-θ / ˈu-ˈo / #>-ŋ_#>

-------------------

/reʤˈina/ - /raˈiɲa/
[1/1] <#_r-<#_r / e-∅ / ʤ-a / ˈi-ˈi / n-ɲ / a_#>-a_#>

-------------------

/romˈa/ - /romˈanʊ/
[1/1] <#_r-<#_r / o-o / m_ˈa-m_ˈa / ∅-n / #>-ʊ_#>

-------------------

/rˈaɲ/ - /aɾˈaɲɐ/
[1/1] <#-<#_a / r-ɾ / ˈa-ˈa / ɲ_#>-ɲ_ɐ_#>

-------------------

/rˈi/ - /rˈiʊ/
[1/1] <#_r-<#_r / ˈi-ˈi / #>-ʊ_#>

-------------------

/rˈos/ - /rˈoʃʊ/
[1/1] <#_r-<#_r / ˈo-ˈo / s_#>-ʃ_ʊ_#>

-------------------

/rˈos/ - /rˈuβjʊ/
[1/1] <#_r-<#_r / ˈo-ˈu / ∅-β / s-j / #>-ʊ_#>

-------------------

/rˈøda/ - /rˈɔðɐ/
[1/1] <#_r-<#_r / ˈø-ˈɔ / d-ð / a_#>-ɐ_#>

-------------------

/rˈɛ/ - /rˈej/
[1/1] <#_r-<#_r / ˈɛ-ˈe_j

-------------------

/salˈyte/ - /saˈuðɪ/
[1/1] <#_s-<#_s / a-a / l-∅ / ˈy-ˈu / t-ð / e-∅ / #>-ɪ_#>

-------------------

/saˈi/ - /saβˈeɾ/
[1/1] <#_s-<#_s / a-a_β / ˈi_#>-ˈe_ɾ_#>

-------------------

/serˈeza/ - /θeɾˈejʃɐ/
[1/1] <#_s-<#_θ / e_r-e_ɾ / ˈe-ˈe_j / z-ʃ / a_#>-ɐ_#>

-------------------

/setmˈana/ - /semˈanɐ/
[1/1] <#_s-<#_s / e-e / t-∅ / m_ˈa-m_ˈa / n-n / a_#>-ɐ_#>

-------------------

/sirkˈa/ - /θeɾkˈaɾ/
[1/1] <#_s-<#_θ / i-e / r-ɾ / k-k / ˈa_#>-ˈa_ɾ_#>

-------------------

/sitˈa/ - /θiðˈaðɪ/
[1/1] <#_s-<#_θ / i-i / t-ð / ˈa-ˈa / ∅-ð / #>-ɪ_#>

-------------------

/siŋkwˈanta/ - /θiŋkwˈentɐ/
[1/1] <#_s-<#_θ / i-i / ŋ_k-ŋ_k / w-w / ˈa-ˈe / n_t-n_t / a_#>-ɐ_#>

-------------------

/siɡˈyr/ - /seɣˈuɾʊ/
[1/1] <#_s-<#_s / i-e / ɡ-ɣ / ˈy-ˈu / r_#>-ɾ_ʊ_#>

-------------------

/skoltˈa/ - /eskojtˈaɾ/
[1/1] <#-<#_e / s_k-s_k / o-o / l-j / t-t / ˈa_#>-ˈa_ɾ_#>

-------------------

/skriˈi/ - /eskɾiβˈiɾ/
[1/1] <#-<#_e / s_k-s_k / r-ɾ / i-i / ∅-β / ˈi_#>-ˈi_ɾ_#>

-------------------

/skˈyr/ - /eskˈuɾʊ/
[1/1] <#-<#_e / s_k-s_k / ˈy-ˈu / r_#>-ɾ_ʊ_#>

-------------------

/spˈada/ - /espˈaðɐ/
[1/1] <#-<#_e / s-s / p-p / ˈa-ˈa / d-ð / a_#>-ɐ_#>

-------------------

/spˈaɲa/ - /espˈaɲɐ/
[1/1] <#-<#_e / s-s / p-p / ˈa_ɲ-ˈa_ɲ / a_#>-ɐ_#>

-------------------

/spˈi/ - /espˈiɲɐ/
[1/1] <#-<#_e / s-s / p-p / ˈi-ˈi_ɲ / #>-ɐ_#>

-------------------

/stˈat/ - /estˈaðʊ/
[1/1] <#-<#_e / s_t-s_t / ˈa-ˈa / t-ð / #>-ʊ_#>

-------------------

/stˈɛla/ - /estɾˈelɐ/
[1/1] <#-<#_e / s_t-s_t / ∅-ɾ / ˈɛ-ˈe / l-l / a_#>-ɐ_#>

-------------------

/sˈa/ - /sˈɑŋ/
[1/1] <#_s-<#_s / ˈa_#>-ˈɑ_ŋ_#>

-------------------

/sˈae/ - /sˈaβjʊ/
[1/1] <#_s-<#_s / ˈa-ˈa / ∅-β / e-j / #>-ʊ_#>

-------------------

/sˈal/ - /sˈal/
[1/1] <#_s-<#_s / ˈa-ˈa / l_#>-l_#>

-------------------

/sˈalsa/ - /sˈalsɐ/
[1/1] <#_s-<#_s / ˈa-ˈa / l-l / s-s / a_#>-ɐ_#>

-------------------

/sˈana/ - /sˈa/
[1/1] <#_s-<#_s / ˈa_n_a_#>-ˈa_#>

-------------------

/sˈant/ - /sˈɑŋtʊ/
[1/1] <#_s-<#_s / ˈa-ˈɑ / n-ŋ / t_#>-t_ʊ_#>

-------------------

/sˈas/ - /sˈejʃʊ/
[1/1] <#_s-<#_s / ˈa-ˈe_j / s_#>-ʃ_ʊ_#>

-------------------

/sˈaŋk/ - /sˈɑŋɡɪ/
[1/1] <#_s-<#_s / ˈa-ˈɑ / ŋ-ŋ / k-ɡ / #>-ɪ_#>

-------------------

/sˈema/ - /θˈimɐ/
[1/1] <#_s-<#_θ / ˈe-ˈi / m-m / a_#>-ɐ_#>

-------------------

/sˈera/ - /θˈeɾɐ/
[1/1] <#_s-<#_θ / ˈe-ˈe / r-ɾ / a_#>-ɐ_#>

-------------------

/sˈes/ - /sˈejs/
[1/1] <#_s-<#_s / ˈe-ˈe_j / s-∅ / #>-s_#>

-------------------

/sˈida/ - /sˈeðɐ/
[1/1] <#_s-<#_s / ˈi-ˈe / d-ð / a_#>-ɐ_#>

-------------------

/sˈik/ - /θˈiŋkʊ/
[1/1] <#_s-<#_θ / ˈi-ˈi_ŋ / k_#>-k_ʊ_#>

-------------------

/sˈima/ - /θˈimɐ/
[1/1] <#_s-<#_θ / ˈi-ˈi / m-m / a_#>-ɐ_#>

-------------------

/sˈul/ - /sˈol/
[1/1] <#_s-<#_s / ˈu-ˈo / l_#>-l_#>

-------------------

/sˈura/ - /sˈoβɾɪ/
[1/1] <#_s-<#_s / ˈu-ˈo / ∅-β / r-ɾ / a-∅ / #>-ɪ_#>

-------------------

/sˈɛk/ - /sˈekʊ/
[1/1] <#_s-<#_s / ˈɛ-ˈe / k_#>-k_ʊ_#>

-------------------

/sˈɛt/ - /sˈɛtɪ/
[1/1] <#_s-<#_s / ˈɛ-ˈɛ / t_#>-t_ɪ_#>

-------------------

/sˈɛŋt/ - /θˈentʊ/
[1/1] <#_s-<#_θ / ˈɛ-ˈe / ŋ-n / t_#>-t_ʊ_#>

-------------------

/tosˈi/ - /tusˈiɾ/
[1/1] <#_t-<#_t / o-u / s-s / ˈi_#>-ˈi_ɾ_#>

-------------------

/trˈɛ/ - /tɾˈes/
[1/1] <#_t-<#_t / r-ɾ / ˈɛ-ˈe / #>-s_#>

-------------------

/tˈe/ - /tˈu/
[1/1] <#_t-<#_t / ˈe-ˈu

-------------------

/tˈep/ - /tˈempʊ/
[1/1] <#_t-<#_t / ˈe-ˈe / ∅-m / p_#>-p_ʊ_#>

-------------------

/tˈont/ - /reðˈondʊ/
[1/1] ∅-r / <#-e / t-ð / ˈo-ˈo / n-n / t_#>-d_ʊ_#>

-------------------

/tˈøt/ - /tˈoðʊ/
[1/1] <#_t-<#_t / ˈø-ˈo / t-ð / #>-ʊ_#>

-------------------

/tˈøʧ/ - /tˈoðos/
[1/1] <#_t-<#_t / ˈø-ˈo_ð / ʧ-o / #>-s_#>

-------------------

/tˈɔr/ - /tˈowɾʊ/
[1/1] <#_t-<#_t / ˈɔ-ˈo / ∅-w / r_#>-ɾ_ʊ_#>

-------------------

/tˈɛra/ - /tˈɛrɐ/
[1/1] <#_t-<#_t / ˈɛ_r-ˈɛ_r / a_#>-ɐ_#>

-------------------

/zelˈa/ - /ʃeˈaɾ/
[1/1] <#_z-<#_ʃ / e-e / l-∅ / ˈa_#>-ˈa_ɾ_#>

-------------------

/zenzˈia/ - /enʃˈiβɐ/
[1/1] <#_z-<# / e-e / n-n / z-ʃ / ˈi-ˈi / ∅-β / a_#>-ɐ_#>

-------------------

/zenˈøʧ/ - /ʃeˈonɟʊ/
[1/1] <#_z-<#_ʃ / e-e / ∅-ˈo / n-n / ˈø_ʧ-ɟ / #>-ʊ_#>

-------------------

/zermˈa/ - /iɾmˈɑŋ/
[1/1] <#_z-<# / e-i / r-ɾ / m-m / ˈa_#>-ˈɑ_ŋ_#>

-------------------

/zɡulˈa/ - /boˈaɾ/
[1/1] <#_z-<# / ɡ-∅ / u-b / l-o / ˈa_#>-ˈa_ɾ_#>

-------------------

/zˈel/ - /ʃˈeʊ/
[1/1] <#_z-<#_ʃ / ˈe-ˈe / l_#>-ʊ_#>

-------------------

/zˈet/ - /ʃˈentɪ/
[1/1] <#_z-<#_ʃ / ˈe-ˈe_n / t_#>-t_ɪ_#>

-------------------

/zˈuen/ - /ʃˈɔvɪ/
[1/1] <#_z-<#_ʃ / ˈu-ˈɔ / e-∅ / n-v / #>-ɪ_#>

-------------------

/zˈødes/ - /ʃuˈiθ/
[1/1] <#_z-<#_ʃ / ˈø-∅ / d-u / e-ˈi / s_#>-θ_#>

-------------------

/zˈøk/ - /ʃˈɔɣʊ/
[1/1] <#_z-<#_ʃ / ˈø-ˈɔ / k_#>-ɣ_ʊ_#>

-------------------

/zˈøɲ/ - /ʃˈuɲʊ/
[1/1] <#_z-<#_ʃ / ˈø_ɲ-ˈu_ɲ / #>-ʊ_#>

-------------------

/ɡrˈa/ - /ɡɾˈɑŋ/
[1/1] <#_ɡ-<#_ɡ / r-ɾ / ˈa_#>-ˈɑ_ŋ_#>

-------------------

/ɡrˈas/ - /ɡɾˈaʃɐ/
[1/1] <#_ɡ-<#_ɡ / r-ɾ / ˈa-ˈa / s-ʃ / #>-ɐ_#>

-------------------

/ɡrˈaŋt/ - /ɡrˈandɪ/
[1/1] <#_ɡ-<#_ɡ / r-r / ˈa-ˈa / ŋ-n / t-d / #>-ɪ_#>

-------------------

/ɡrˈɔs/ - /ɡɾˈɔsʊ/
[1/1] <#_ɡ-<#_ɡ / r-ɾ / ˈɔ_s-ˈɔ_s / #>-ʊ_#>

-------------------

/ɡˈat/ - /ɡˈatʊ/
[1/1] <#_ɡ-<#_ɡ / ˈa-ˈa / t_#>-t_ʊ_#>

-------------------

/ɡˈola/ - /ɡˈɔlɐ/
[1/1] <#_ɡ-<#_ɡ / ˈo-ˈɔ / l-l / a_#>-ɐ_#>

-------------------

/ɡˈota/ - /ɡˈotɐ/
[1/1] <#_ɡ-<#_ɡ / ˈo-ˈo / t-t / a_#>-ɐ_#>

-------------------

/ɡˈoʤa/ - /aɣˈuɟɐ/
[1/1] <#-<#_a / ɡ-ɣ / ˈo-ˈu / ʤ-ɟ / a_#>-ɐ_#>

-------------------

/ʋilˈa/ - /bilˈaŋ/
[1/1] <#-<#_b / ʋ-∅ / i-i / l-l / ˈa-ˈa / #>-ŋ_#>

-------------------

/ʋˈeter/ - /bˈɛntɾɪ/
[1/1] <#-<#_b / ʋ-∅ / ˈe-ˈɛ / ∅-n / t-t / e_r_#>-ɾ_ɪ_#>

-------------------

/ʋˈia/ - /bˈiɐ/
[1/1] <#-<#_b / ʋ-∅ / ˈi-ˈi / a_#>-ɐ_#>

-------------------

/ʤasˈa/ - /laθˈaɾ/
[1/1] ʤ-l / a-a / s-θ / ˈa_#>-ˈa_ɾ_#>

-------------------

/ʧamˈa/ - /ʧɐmˈaɾ/
[1/1] <#_ʧ-<#_ʧ / a-ɐ / m_ˈa-m_ˈa / #>-ɾ_#>

-------------------

/ʧˈaf/ - /ʧˈaβɪ/
[1/1] <#_ʧ-<#_ʧ / ˈa-ˈa / f_#>-β_ɪ_#>

-------------------

/ˈaa/ - /aβˈeɟɐ/
[1/1] <#-<#_a / ∅-β / ∅-ˈe / ˈa-ɟ / a_#>-ɐ_#>

-------------------

/ˈaj/ - /ˈaɟʊ/
[1/1] <#_ˈa-<#_ˈa / j-ɟ / #>-ʊ_#>

-------------------

/ˈaka/ - /bˈakɐ/
[1/1] <#-<#_b / ˈa-ˈa / k-k / a_#>-ɐ_#>

-------------------

/ˈalba/ - /ˈalβɐ/
[1/1] <#_ˈa-<#_ˈa / l-l / b-β / a_#>-ɐ_#>

-------------------

/ˈanima/ - /ˈalmɐ/
[1/1] <#_ˈa-<#_ˈa / n-∅ / i-l / m-m / a_#>-ɐ_#>

-------------------

/ˈanʤel/ - /ˈanʃʊ/
[1/1] <#_ˈa-<#_ˈa / n-n / ʤ-∅ / e-ʃ / l_#>-ʊ_#>

-------------------

/ˈaŋ/ - /ˈanʊ/
[1/1] <#_ˈa-<#_ˈa / ŋ-n / #>-ʊ_#>

-------------------

/ˈela/ - /bˈilɐ/
[1/1] <#-<#_b / ˈe-ˈi / l-l / a_#>-ɐ_#>

-------------------

/ˈente/ - /bˈintɪ/
[1/1] <#-<#_b / ˈe-ˈi / n_t-n_t / e-∅ / #>-ɪ_#>

-------------------

/ˈert/ - /bˈeɾðɪ/
[1/1] <#-<#_b / ˈe-ˈe / r-ɾ / t-ð / #>-ɪ_#>

-------------------

/ˈeta/ - /bˈiðɐ/
[1/1] <#-<#_b / ˈe-ˈi / t-ð / a_#>-ɐ_#>

-------------------

/ˈi/ - /bˈiɲʊ/
[1/1] <#-<#_b / ˈi-ˈi_ɲ / #>-ʊ_#>

-------------------

/ˈonʤa/ - /ˈunɟɐ/
[1/1] ˈo_n-ˈu_n / ʤ-ɟ / a_#>-ɐ_#>

-------------------

/ˈor/ - /ˈowɾʊ/
[1/1] ˈo-ˈo_w / r_#>-ɾ_ʊ_#>

-------------------

/ˈors/ - /ˈosʊ/
[1/1] <#_ˈo-<#_ˈo / r-∅ / s-s / #>-ʊ_#>

-------------------

/ˈoter/ - /bosˈowtɾos/
[1/1] <#-<#_b / ∅-o / ∅-s / ˈo-ˈo_w / t-t / e-∅ / r-ɾ / ∅-o / #>-s_#>

-------------------

/ˈoter/ - /ˈowtɾʊ/
[1/1] ˈo-ˈo_w / t-t / e-∅ / r_#>-ɾ_ʊ_#>

-------------------

/ˈurs/ - /ˈosʊ/
[1/1] ˈu_r-ˈo / s-s / #>-ʊ_#>

-------------------

/ˈus/ - /bˈɔθ/
[1/1] <#-<#_b / ˈu-ˈɔ / s_#>-θ_#>

-------------------

/ˈy/ - /ˈuŋ/
[1/1] ˈy-ˈu / #>-ŋ_#>

-------------------

/ˈøf/ - /ˈɔβʊ/
[1/1] <#_ˈø-<#_ˈɔ / f_#>-β_ʊ_#>

-------------------

/ˈøʋra/ - /ˈɔβɾɐ/
[1/1] <#_ˈø-<#_ˈɔ / ʋ_r-β_ɾ / a_#>-ɐ_#>

-------------------

/ˈøʧ/ - /ˈoɟʊ/
[1/1] ˈø-ˈo / ʧ_#>-ɟ_ʊ_#>

-------------------

/ˈɔm/ - /ˈɔmɪ/
[1/1] ˈɔ-ˈɔ / m_#>-m_ɪ_#>

-------------------

/ˈɔs/ - /ˈosʊ/
[1/1] <#_ˈɔ-<#_ˈo / s-s / #>-ʊ_#>

-------------------

/ˈɔt/ - /ˈojtʊ/
[1/1] <#_ˈɔ-<#_ˈo / ∅-j / t_#>-t_ʊ_#>

-------------------

/ˈɛd/ - /bˈeɾ/
[1/1] <#-<#_b / ˈɛ_d-ˈe / #>-ɾ_#>

-------------------

/ˈɛnt/ - /bˈentʊ/
[1/1] <#-<#_b / ˈɛ-ˈe / n_t-n_t / #>-ʊ_#>

-------------------

/ˈɛrba/ - /ˈɛɾβɐ/
[1/1] ˈɛ-ˈɛ / r-ɾ / b-β / a_#>-ɐ_#>

-------------------

/ˈɛrbor/ - /ˈaɾβoɾɪ/
[1/1] <#_ˈɛ-<#_ˈa / r-ɾ / b-β / o-o / r-ɾ / #>-ɪ_#>

-------------------

/ˈɛrem/ - /bˈɛɾmɪ/
[1/1] <#-<#_b / ˈɛ-ˈɛ / r_e-ɾ / m_#>-m_ɪ_#>

-------------------

/ˈɛɡwa/ - /ˈawɣa/
[1/1] <#_ˈɛ-<#_ˈa / ∅-w / ɡ-ɣ / w-∅ / a_#>-a_#>

-------------------

/ˈɛʧ/ - /bˈɛɟʊ/
[1/1] <#-<#_b / ˈɛ-ˈɛ / ʧ_#>-ɟ_ʊ_#>

-------------------

