/bjˈøːɳ/ - /bˈɛːɐ/
b-b / j-ˈɛː / ˈøː-ɐ / ɳ-∅

-------------------

/blˈuː/ - /blˈoːt/
b-b / l-l / ˈuː-ˈoː / ∅-t
b-b / l-l / ˈuː-ˈoː_t

-------------------

/blˈuːm/ - /blˈoːm/
b-b / l-l / ˈuː-ˈoː / m-m

-------------------

/blˈuːmə/ - /blˈoːm/
b-b / l-l / ˈuː-ˈoː / m-m / ə-∅

-------------------

/blˈɑːd/ - /blˈat/
b-b / l-l / ˈɑː-ˈa / d-t

-------------------

/bɾˈuːɾ/ - /bʀˈoːdɐ/
b-b / ɾ-ʀ / ˈuː-ˈoː / ɾ-d_ɐ
b-b / ɾ-ʀ / ˈuː-ˈoː / ∅-d / ɾ-ɐ
b-b / ɾ-ʀ / ˈuː-ˈoː_d / ɾ-ɐ

-------------------

/bɾˈøː/ - /bʀˈuːt/
b-b / ɾ-ʀ / ˈøː-ˈuː / ∅-t
b-b / ɾ-ʀ / ˈøː-ˈuː_t

-------------------

/bɾˈʏst/ - /bʀˈos/
b-b / ɾ-ʀ / ˈʏ-ˈo / s-∅ / t-s

-------------------

/bɾˈʏɡːə/ - /bʀˈœk/
b-b / ɾ-ʀ / ˈʏ-ˈœ / ɡː-k / ə-∅

-------------------

/bˈeː/ - /bˈɛdə/
b-b / ˈeː-ˈɛ / ∅-d / ∅-ə

-------------------

/bˈeːdɾə/ - /bˈɛsɐ/
b-b / ˈeː-ˈɛ / d-s / ɾ-ɐ / ə-∅

-------------------

/bˈiːtə/ - /bˈiːsə/
b-b / ˈiː-ˈiː / t-s / ə-ə

-------------------

/bˈiːə/ - /bˈeɪ̯/
b-b / ˈiː-ˈeɪ̯ / ə-∅

-------------------

/bˈiːə/ - /bˈiːn/
b-b / ˈiː-ˈiː / ə-∅ / ∅-n

-------------------

/bˈoːt/ - /bˈoːt/
b-b / ˈoː-ˈoː / t-t

-------------------

/bˈuːk/ - /bˈoːx/
b-b / ˈuː-ˈoː / k-x

-------------------

/bˈyː/ - /bˈeːdə/
b-b / ˈyː-ˈeː / ∅-d / ∅-ə

-------------------

/bˈæɪ̯n/ - /bˈeːn/
b-b / ˈæɪ̯-ˈeː / n-n

-------------------

/bˈæɾɡ/ - /bˈɛːɐɕ/
b-b / ˈæ-ˈɛː / ɾ-ɐ / ɡ-ɕ

-------------------

/bˈɑːd/ - /bˈat/
b-b / ˈɑː-ˈa / d-t

-------------------

/dɾˈiːʋə/ - /dʀˈiːvə/
d-d / ɾ-ʀ / ˈiː-ˈiː / ʋ-v / ə-ə

-------------------

/dɾˈœm/ - /dʀˈoːm/
d-d / ɾ-ʀ / ˈœ-ˈoː / m-m

-------------------

/dɾˈœmːə/ - /dʀˈøːmə/
d-d / ɾ-ʀ / ˈœ-ˈøː / mː-m / ə-ə

-------------------

/dɾˈɪkːə/ - /dʀˈeŋkə/
d-d / ɾ-ʀ / ˈɪ-ˈe / ∅-ŋ / kː-k / ə-ə

-------------------

/dʋˈɛɾɡ/ - /ʦvˈɛɐk/
d-ʦ / ʋ-v / ˈɛ-ˈɛ / ɾ-ɐ / ɡ-k

-------------------

/dˈyːp/ - /dˈeːf/
d-d / ˈyː-ˈeː / p-f

-------------------

/dˈyːɾ/ - /dˈiːɐ/
d-d / ˈyː-ˈiː / ɾ-ɐ

-------------------

/dˈyːɾ/ - /dˈyːɐ/
d-d / ˈyː-ˈyː / ɾ-ɐ

-------------------

/dˈyːɾ/ - /dˈøːɐ/
d-d / ˈyː-ˈøː / ɾ-ɐ

-------------------

/dˈøː/ - /dˈuːt/
d-d / ˈøː-ˈuː / ∅-t
d-d / ˈøː-ˈuː_t

-------------------

/dˈɑtːəɾ/ - /dˈɔxtɐ/
d-d / ˈɑ-ˈɔ / tː-x / ə-∅ / ∅-t / ɾ-ɐ

-------------------

/dˈɑːɡ/ - /dˈaːx/
d-d / ˈɑː-ˈaː / ɡ-x

-------------------

/dˈʉː/ - /dˈoː/
d-d / ˈʉː-ˈoː

-------------------

/fjˈæːɾ/ - /fˈɛdɐ/
f-f / j-∅ / ˈæː-ˈɛ / ɾ-d_ɐ
f-f / j-∅ / ˈæː-ˈɛ / ∅-d / ɾ-ɐ

-------------------

/flˈyːɡə/ - /flˈeːjə/
f-f / l-l / ˈyː-ˈeː / ɡ-j / ə-ə

-------------------

/flˈʉːə/ - /flˈeːɕ/
f-f / l-l / ˈʉː-ˈeː / ə-∅ / ∅-ɕ

-------------------

/fɾˈyːsə/ - /fʀˈeːʀə/
f-f / ɾ-ʀ / ˈyː-ˈeː / s-∅ / ∅-ʀ / ə-ə

-------------------

/fɾˈɛndə/ - /fʀˈœŋk/
f-f / ɾ-ʀ / ˈɛ-ˈœ / n-ŋ / d-k / ə-∅
f-f / ɾ-ʀ / ˈɛ-ˈœ / n-∅ / d-∅ / ə-ŋ / ∅-k

-------------------

/fˈiːɾə/ - /fˈiːɐ/
f-f / ˈiː-ˈiː / ɾ-ɐ / ə-∅

-------------------

/fˈoːɾ/ - /ʃˈoːf/
f-ʃ / ˈoː-ˈoː / ɾ-∅ / ∅-f

-------------------

/fˈuːt/ - /fˈoːs/
f-f / ˈuː-ˈoː / t-s

-------------------

/fˈyːɾ/ - /fˈyːɐ/
f-f / ˈyː-ˈyː / ɾ-ɐ

-------------------

/fˈœlɡə/ - /fˈɔlɣə/
f-f / ˈœ-ˈɔ / l-l / ɡ-ɣ / ə-ə

-------------------

/fˈœtːəɾ/ - /fˈøːs/
f-f / ˈœ-ˈøː / tː-s / ə-∅ / ɾ-∅

-------------------

/fˈɑːɾ/ - /fˈaːdɐ/
f-f / ˈɑː-ˈaː / ɾ-d_ɐ
f-f / ˈɑː-ˈaː / ∅-d / ɾ-ɐ

-------------------

/fˈɛm/ - /fˈœnəf/
f-f / ˈɛ-ˈœ / m-n / ∅-ə / ∅-f

-------------------

/fˈɪsk/ - /fˈeʃ/
f-f / ˈɪ-ˈe / s-ʃ / k-∅

-------------------

/fˈɪŋːəɾ/ - /fˈɪŋɐ/
f-f / ˈɪ-ˈɪ / ŋː-ŋ / ə-∅ / ɾ-ɐ

-------------------

/fˈʉlː/ - /fˈɔl/
f-f / ˈʉ-ˈɔ / lː-l

-------------------

/fˈʉːl/ - /fˈuɣəl/
f-f / ˈʉː-ˈu / ∅-ɣ / ∅-ə / l-l

-------------------

/hˈeːt/ - /hˈeːs/
h-h / ˈeː-ˈeː / t-s

-------------------

/hˈoːɾ/ - /hˈoːɐ/
h-h / ˈoː-ˈoː / ɾ-ɐ

-------------------

/hˈuːdə/ - /hˈaʊ̯p/
h-h / ˈuː-ˈaʊ̯ / d-p / ə-∅
h-h / ˈuː-ˈaʊ̯ / d_ə-p

-------------------

/hˈuːdə/ - /kˈɔp/
h-k / ˈuː-ˈɔ / d-p / ə-∅
h-k / ˈuː-ˈɔ / d_ə-p

-------------------

/hˈuːɳ/ - /hˈɔɐn/
h-h / ˈuː-ˈɔ / ∅-ɐ / ɳ-n

-------------------

/hˈæːɾ/ - /hˈeː/
h-h / ˈæː-ˈeː / ɾ-∅

-------------------

/hˈøːj/ - /hˈuː/
h-h / ˈøː-ˈuː / j-∅

-------------------

/hˈøːɾə/ - /hˈyːʀə/
h-h / ˈøː-ˈyː / ɾ-ʀ / ə-ə

-------------------

/hˈɑnː/ - /hˈaŋk/
h-h / ˈɑ-ˈa / nː-ŋ / ∅-k

-------------------

/hˈɑː/ - /hˈan/
h-h / ˈɑː-ˈa / ∅-n

-------------------

/hˈɑːɾə/ - /hˈaːs/
h-h / ˈɑː-ˈaː / ɾ-∅ / ə-∅ / ∅-s

-------------------

/hˈɛlːi/ - /hˈɛləɕ/
h-h / ˈɛ-ˈɛ / lː-l / i-ə / ∅-ɕ

-------------------

/hˈʉnː/ - /hˈoŋk/
h-h / ˈʉ-ˈo / nː-ŋ / ∅-k

-------------------

/hˈʉːd/ - /hˈuːt/
h-h / ˈʉː-ˈuː / d-t

-------------------

/hˈʉːs/ - /hˈuːs/
h-h / ˈʉː-ˈuː / s-s

-------------------

/hˈʊnːɪŋ/ - /hˈunəɕ/
h-h / ˈʊ-ˈu / nː-n / ɪ-ə / ŋ-ɕ

-------------------

/jˈiː/ - /jˈɛvə/
j-j / ˈiː-ˈɛ / ∅-v / ∅-ə

-------------------

/jˈuːɾ/ - /ˈɛːt/
j-ˈɛː / ˈuː-∅ / ɾ-t

-------------------

/jˈæj/ - /ˈɪɕ/
j-∅ / ˈæ-ˈɪ / j-ɕ

-------------------

/jˈɛʈːə/ - /hˈɛʦ/
j-∅ / ∅-h / ˈɛ-ˈɛ / ʈː-ʦ / ə-∅

-------------------

/kʰnˈeː/ - /knˈeː/
kʰ-k / n-n / ˈeː-ˈeː

-------------------

/kʰˈuːne/ - /fʀˈaʊ̯/
kʰ-f / ˈuː-ʀ / n-∅ / e-ˈaʊ̯

-------------------

/kʰˈuːɳ/ - /kˈoːn/
kʰ-k / ˈuː-ˈoː / ɳ-n

-------------------

/kʰˈɑlʋ/ - /kˈalf/
kʰ-k / ˈɑ-ˈa / l-l / ʋ-f

-------------------

/kʰˈɑlː/ - /kˈalt/
kʰ-k / ˈɑ-ˈa / lː-l / ∅-t
kʰ-k / ˈɑ-ˈa / lː-l_t

-------------------

/kʰˈʉnːə/ - /kˈœnə/
kʰ-k / ˈʉ-ˈœ / nː-n / ə-ə

-------------------

/kʰˈʉː/ - /kˈoː/
kʰ-k / ˈʉː-ˈoː

-------------------

/kʰˈʊŋə/ - /kˈʏnɪŋ/
kʰ-k / ˈʊ-ˈʏ / ∅-n / ŋ-ɪ / ə-ŋ

-------------------

/lˈeː/ - /lˈaːxə/
l-l / ˈeː-ˈaː / ∅-x / ∅-ə

-------------------

/lˈeːʋəɾ/ - /lˈɛvɐ/
l-l / ˈeː-ˈɛ / ʋ-v / ə-∅ / ɾ-ɐ
l-l / ˈeː-ˈɛ / ʋ_ə-v / ɾ-ɐ

-------------------

/lˈyːs/ - /lˈeːɕ/
l-l / ˈyː-ˈeː / s-ɕ

-------------------

/lˈøːpə/ - /lˈaʊ̯fə/
l-l / ˈøː-ˈaʊ̯ / p-f / ə-ə

-------------------

/lˈøːʋ/ - /lˈaʊ̯f/
l-l / ˈøː-ˈaʊ̯ / ʋ-f

-------------------

/lˈɑmː/ - /lˈam/
l-l / ˈɑ-ˈa / mː-m

-------------------

/lˈɑŋː/ - /lˈaŋk/
l-l / ˈɑ-ˈa / ŋː-ŋ / ∅-k

-------------------

/lˈɛtː/ - /lˈeːɕ/
l-l / ˈɛ-ˈeː / tː-ɕ

-------------------

/lˈʉːs/ - /lˈuːs/
l-l / ˈʉː-ˈuː / s-s

-------------------

/mˈoːnə/ - /mˈɔnt/
m-m / ˈoː-ˈɔ / n-n / ə-∅ / ∅-t

-------------------

/mˈuːɾ/ - /mˈoːdɐ/
m-m / ˈuː-ˈoː / ∅-d / ɾ-ɐ
m-m / ˈuː-ˈoː_d / ɾ-ɐ

-------------------

/mˈæɪ̯/ - /mˈɪɕ/
m-m / ˈæɪ̯-ˈɪ / ∅-ɕ

-------------------

/mˈɑnː/ - /mˈan/
m-m / ˈɑ-ˈa / nː-n

-------------------

/mˈɛlk/ - /mˈɪlɕ/
m-m / ˈɛ-ˈɪ / l-l / k-ɕ

-------------------

/mˈɛnːəskə/ - /mˈɪnʃ/
m-m / ˈɛ-ˈɪ / nː-n / ə-∅ / s-ʃ / k-∅ / ə-∅

-------------------

/mˈʉnː/ - /mˈuːl/
m-m / ˈʉ-ˈuː / nː-l

-------------------

/mˈʉnː/ - /mˈɔnt/
m-m / ˈʉ-ˈɔ / nː-n / ∅-t

-------------------

/mˈʉːs/ - /mˈuːs/
m-m / ˈʉː-ˈuː / s-s

-------------------

/mˈʏɡː/ - /mˈœk/
m-m / ˈʏ-ˈœ / ɡː-k

-------------------

/nˈeːsə/ - /nˈaːs/
n-n / ˈeː-ˈaː / s-s / ə-∅

-------------------

/nˈiː/ - /nˈʏŋ/
n-n / ˈiː-ˈʏ / ∅-ŋ

-------------------

/nˈoːl/ - /nˈoːdəl/
n-n / ˈoː-ˈoː / ∅-d / ∅-ə / l-l

-------------------

/nˈyː/ - /nˈɔʏ̯/
n-n / ˈyː-ˈɔʏ̯

-------------------

/nˈæɪ̯l/ - /nˈɛːl/
n-n / ˈæɪ̯-ˈɛː / l-l

-------------------

/nˈɑtː/ - /nˈaːx/
n-n / ˈɑ-ˈaː / tː-x

-------------------

/nˈɑʋn/ - /nˈaːmə/
n-n / ˈɑ-ˈaː / ʋ-∅ / n-m / ∅-ə

-------------------

/nˈɑːkən/ - /nˈak/
n-n / ˈɑː-ˈa / k-k / ə-∅ / n-∅

-------------------

/pʰlˈɪkt/ - /flˈɪɕ/
pʰ-f / l-l / ˈɪ-ˈɪ / k-ɕ / t-∅

-------------------

/skˈɑɾp/ - /ʃˈɛːɐp/
s-ʃ / k-∅ / ˈɑ-ˈɛː / ɾ-ɐ / p-p

-------------------

/slˈoː/ - /ʃlˈoːn/
s-ʃ / l-l / ˈoː-ˈoː / ∅-n

-------------------

/slˈɑŋːə/ - /ʃlˈaŋ/
s-ʃ / l-l / ˈɑ-ˈa / ŋː-ŋ / ə-∅

-------------------

/snˈøː/ - /ʃnˈiː/
s-ʃ / n-n / ˈøː-ˈiː

-------------------

/stjˈæːɳə/ - /ʃtˈɛːn/
s-ʃ / t-t / j-ˈɛː / ˈæː-∅ / ɳ-n / ə-∅
s-ʃ / t-t / j-∅ / ˈæː-ˈɛː / ɳ-n / ə-∅

-------------------

/stˈuːl/ - /ʃtˈoːl/
s-ʃ / t-t / ˈuː-ˈoː / l-l

-------------------

/stˈæɪ̯n/ - /ʃtˈeːn/
s-ʃ / t-t / ˈæɪ̯-ˈeː / n-n

-------------------

/stˈɔɾm/ - /ʃtˈɔɐm/
s-ʃ / t-t / ˈɔ-ˈɔ / ɾ-ɐ / m-m

-------------------

/sʋˈœmːə/ - /ʃʋˈɛmə/
s-ʃ / ʋ-ʋ / ˈœ-ˈɛ / mː-m / ə-ə

-------------------

/sʋˈɑʈ/ - /ʃʋˈaʦ/
s-ʃ / ʋ-ʋ / ˈɑ-ˈa / ʈ-ʦ

-------------------

/sʋˈɛːɾ/ - /ʃʋˈɛːt/
s-ʃ / ʋ-ʋ / ˈɛː-ˈɛː / ɾ-t
s-ʃ / ʋ-ʋ / ˈɛː-ˈɛː / ɾ-∅ / ∅-t

-------------------

/sˈeː/ - /zˈeːn/
s-z / ˈeː-ˈeː / ∅-n

-------------------

/sˈiː/ - /zˈaːɣə/
s-z / ˈiː-ˈaː / ∅-ɣ / ∅-ə

-------------------

/sˈoːʋə/ - /ʃlˈoːfə/
s-ʃ / ∅-l / ˈoː-ˈoː / ʋ-f / ə-ə

-------------------

/sˈøːt/ - /zˈøːs/
s-z / ˈøː-ˈøː / t-s

-------------------

/sˈœstəɾ/ - /zˈœstɐ/
s-z / ˈœ-ˈœ / s-s / t-t / ə-∅ / ɾ-ɐ

-------------------

/sˈœstəɾ/ - /zˈɛstɐ/
s-z / ˈœ-ˈɛ / s-s / t-t / ə-∅ / ɾ-ɐ

-------------------

/sˈɑlt/ - /zˈalʦ/
s-z / ˈɑ-ˈa / l-l / t-ʦ

-------------------

/sˈɑnː/ - /zˈaŋk/
s-z / ˈɑ-ˈa / nː-ŋ / ∅-k

-------------------

/sˈɛks/ - /zˈɛks/
s-z / ˈɛ-ˈɛ / k-k / s-s

-------------------

/sˈɪtːə/ - /zˈeʦə/
s-z / ˈɪ-ˈe / tː-ʦ / ə-ə

-------------------

/sˈʏŋːə/ - /zˈɪŋə/
s-z / ˈʏ-ˈɪ / ŋː-ŋ / ə-ə

-------------------

/tʰɾˈeː/ - /dʀˈeɪ̯/
tʰ-d / ɾ-ʀ / ˈeː-ˈeɪ̯

-------------------

/tʰˈiː/ - /ʦˈeːn/
tʰ-ʦ / ˈiː-ˈeː / ∅-n

-------------------

/tʰˈiː/ - /ʦˈɛk/
tʰ-ʦ / ˈiː-ˈɛ / ∅-k

-------------------

/tʰˈuː/ - /ʦʋˈeː/
tʰ-ʦ / ˈuː-ʋ / ∅-ˈeː

-------------------

/tʰˈuːɳ/ - /dˈoːn/
tʰ-d / ˈuː-ˈoː / ɳ-n

-------------------

/tʰˈyːʋ/ - /dˈeːf/
tʰ-d / ˈyː-ˈeː / ʋ-f

-------------------

/tʰˈœɾ/ - /dʀˈyːɕ/
tʰ-d / ˈœ-∅ / ɾ-ʀ / ∅-ˈyː / ∅-ɕ

-------------------

/tʰˈɑkːə/ - /dˈaŋkə/
tʰ-d / ˈɑ-ˈa / ∅-ŋ / kː-k / ə-ə

-------------------

/tʰˈɑnː/ - /ʦˈaŋk/
tʰ-ʦ / ˈɑ-ˈa / nː-ŋ / ∅-k

-------------------

/tʰˈɔlː/ - /ʦʋˈɛləf/
tʰ-ʦ / ∅-ʋ / ˈɔ-ˈɛ / lː-l / ∅-ə / ∅-f

-------------------

/tʰˈɪŋː/ - /dˈɪŋə/
tʰ-d / ˈɪ-ˈɪ / ŋː-ŋ / ∅-ə

-------------------

/tʰˈʉːsən/ - /dˈaʊ̯zənt/
tʰ-d / ˈʉː-ˈaʊ̯ / s-z / ə-ə / n-n / ∅-t

-------------------

/tʰˈʊŋːə/ - /ʦˈoŋ/
tʰ-ʦ / ˈʊ-ˈo / ŋː-ŋ / ə-∅

-------------------

/tʰˈʏnː/ - /dˈœn/
tʰ-d / ˈʏ-ˈœ / nː-n

-------------------

/tʰˈʏsk/ - /dˈʏtʃ/
tʰ-d / ˈʏ-ˈʏ / ∅-t / s-ʃ / k-∅

-------------------

/çˈɪɾkə/ - /kˈiːɐɕ/
ç-k / ˈɪ-ˈiː / ɾ-ɐ / k-ɕ / ə-∅

-------------------

/çˈʉkː/ - /dˈek/
ç-d / ˈʉ-ˈe / kː-k

-------------------

/çˈʉːə/ - /ʦʋˈanʦɪɕ/
ç-ʦ / ∅-ʋ / ˈʉː-ˈa / ∅-n / ∅-ʦ / ə-ɪ / ∅-ɕ

-------------------

/ɡɾˈœnː/ - /jʀˈøːn/
ɡ-j / ɾ-ʀ / ˈœ-ˈøː / nː-n

-------------------

/ɡɾˈɛsː/ - /jʀˈaːs/
ɡ-j / ɾ-ʀ / ˈɛ-ˈaː / sː-s

-------------------

/ɡˈuː/ - /jˈoːt/
ɡ-j / ˈuː-ˈoː / ∅-t
ɡ-j / ˈuː-ˈoː_t

-------------------

/ɡˈʉlː/ - /jˈolt/
ɡ-j / ˈʉ-ˈo / lː-l / ∅-t
ɡ-j / ˈʉ-ˈo / lː-l_t

-------------------

/ɡˈʉːd/ - /jˈɔt/
ɡ-j / ˈʉː-ˈɔ / d-t

-------------------

/ɡˈʉːl/ - /jˈɛːl/
ɡ-j / ˈʉː-ˈɛː / l-l

-------------------

/ɾˈiːk/ - /ʀˈiːɕ/
ɾ-ʀ / ˈiː-ˈiː / k-ɕ

-------------------

/ɾˈæɪ̯n/ - /ʀˈɛːn/
ɾ-ʀ / ˈæɪ̯-ˈɛː / n-n

-------------------

/ɾˈøː/ - /ʀˈuːt/
ɾ-ʀ / ˈøː-ˈuː / ∅-t
ɾ-ʀ / ˈøː-ˈuː_t

-------------------

/ɾˈɛtː/ - /ʀˈɛːɕ/
ɾ-ʀ / ˈɛ-ˈɛː / tː-ɕ

-------------------

/ʂˈøː/ - /mˈeːɐ/
ʂ-m / ∅-ˈeː / ˈøː-ɐ

-------------------

/ʂˈøː/ - /zˈiː/
ʂ-z / ˈøː-ˈiː

-------------------

/ʂˈʉː/ - /zˈɪvə/
ʂ-z / ˈʉː-ˈɪ / ∅-v / ∅-ə

-------------------

/ʃˈiːp/ - /ʃˈef/
ʃ-ʃ / ˈiː-ˈe / p-f

-------------------

/ʋˈiːt/ - /ʋˈiːs/
ʋ-ʋ / ˈiː-ˈiː / t-s

-------------------

/ʋˈiːtə/ - /ʋˈesə/
ʋ-ʋ / ˈiː-ˈe / t-s / ə-ə

-------------------

/ʋˈæɪ̯/ - /ʋˈɛːɕ/
ʋ-ʋ / ˈæɪ̯-ˈɛː / ∅-ɕ

-------------------

/ʋˈæːɾ/ - /ʋˈɛdɐ/
ʋ-ʋ / ˈæː-ˈɛ / ɾ-d_ɐ
ʋ-ʋ / ˈæː-ˈɛ / ∅-d / ɾ-ɐ

-------------------

/ʋˈɑ/ - /ʋˈat/
ʋ-ʋ / ˈɑ-ˈa / ∅-t

-------------------

/ʋˈɑnː/ - /ʋˈaːsɐ/
ʋ-ʋ / ˈɑ-ˈaː / nː-s / ∅-ɐ

-------------------

/ʋˈɑɾm/ - /ʋˈɛɐm/
ʋ-ʋ / ˈɑ-ˈɛ / ɾ-ɐ / m-m

-------------------

/ʋˈɑːl/ - /vˈaːl/
ʋ-v / ˈɑː-ˈaː / l-l

-------------------

/ʋˈɪnː/ - /ʋˈaŋk/
ʋ-ʋ / ˈɪ-ˈa / nː-ŋ / ∅-k

-------------------

/ˈeːn/ - /ˈeːn/
ˈeː-ˈeː / n-n

-------------------

/ˈeːtə/ - /ˈɛːsə/
ˈeː-ˈɛː / t-s / ə-ə

-------------------

/ˈiː/ - /ˈen/
ˈiː-ˈe / ∅-n

-------------------

/ˈiːs/ - /ˈiːs/
ˈiː-ˈiː / s-s

-------------------

/ˈoːl/ - /ˈøːl/
ˈoː-ˈøː / l-l

-------------------

/ˈoːɾ/ - /jˈoːɐ/
∅-j / ˈoː-ˈoː / ɾ-ɐ

-------------------

/ˈoːʋəɾ/ - /ˈʏvɐ/
ˈoː-ˈʏ / ʋ-v / ə-∅ / ɾ-ɐ
ˈoː-ˈʏ / ʋ_ə-v / ɾ-ɐ

-------------------

/ˈuːɾ/ - /ʋˈoːt/
∅-ʋ / ˈuː-ˈoː / ɾ-t

-------------------

/ˈæɪ̯k/ - /ˈeːɕ/
ˈæɪ̯-ˈeː / k-ɕ

-------------------

/ˈøːjə/ - /ˈoːx/
ˈøː-ˈoː / j-x / ə-∅

-------------------

/ˈøːɾə/ - /ˈuːɐ/
ˈøː-ˈuː / ɾ-ɐ / ə-∅

-------------------

/ˈœnskə/ - /ʋˈʏnʃə/
∅-ʋ / ˈœ-ˈʏ / n-n / s-ʃ / k-∅ / ə-ə

-------------------

/ˈɑlː/ - /ˈal/
ˈɑ-ˈa / lː-l

-------------------

/ˈɑskə/ - /ˈɛʃ/
ˈɑ-ˈɛ / s-ʃ / k-∅ / ə-∅

-------------------

/ˈɑɾm/ - /ˈɛːɐm/
ˈɑ-ˈɛː / ɾ-ɐ / m-m

-------------------

/ˈɔsː/ - /ˈʊns/
ˈɔ-ˈʊ / ∅-n / sː-s

-------------------

/ˈɔtːə/ - /ˈaːx/
ˈɔ-ˈaː / tː-x / ə-∅

-------------------

/ˈɔʋn/ - /ˈɔvə/
ˈɔ-ˈɔ / ʋ-v / n-∅ / ∅-ə

-------------------

/ˈɛlʋə/ - /ˈeləf/
ˈɛ-ˈe / l-l / ʋ-∅ / ə-ə / ∅-f

-------------------

/ˈɛplə/ - /ˈapəl/
ˈɛ-ˈa / p-p / l-∅ / ə-ə / ∅-l

-------------------

/ˈɛɡː/ - /ˈeɪ̯/
ˈɛ-ˈeɪ̯ / ɡː-∅

-------------------

/ˈɛɡː/ - /ˈɛk/
ˈɛ-ˈɛ / ɡː-k

-------------------

/ˈɪlː/ - /fˈyːɐ/
∅-f / ˈɪ-ˈyː / lː-ɐ

-------------------

/ˈʉlʋ/ - /ʋˈɔlf/
∅-ʋ / ˈʉ-ˈɔ / l-l / ʋ-f

-------------------

/ˈʉlː/ - /ʋˈɔl/
∅-ʋ / ˈʉ-ˈɔ / lː-l

-------------------

/ˈʊŋː/ - /jˈoŋk/
∅-j / ˈʊ-ˈo / ŋː-ŋ / ∅-k

-------------------

/ˈʊɡlə/ - /ˈyːl/
ˈʊ-ˈyː / ɡ-∅ / l-l / ə-∅

-------------------

/ˈʊɾm/ - /ʋˈʊɐm/
∅-ʋ / ˈʊ-ˈʊ / ɾ-ɐ / m-m

-------------------

