/aˀblŭko/ - /jˈabɫʊkɔ/
<#-<#_j / a-a / ˀ-ˈ / b-b / l_ŭ-ɫ / ∅-ʊ / k-k / o_#>-ɔ_#>
{0: None, 1: [0], 2: [1], 3: [2], 4: [3, 4], 5: None, 6: [5], 7: [6]}
{0: [0], 1: [1], 2: [2], 3: [3], 4: [4], 5: [5], 6: [6], 7: [7]}
SCORE: 25.821

-------------------

/aˀɡoda/ - /jˈɑɦɔdɐ/
<#-<#_j / a-ɑ / ˀ-ˈ / ɡ-ɦ / o_d-ɔ_d / a_#>-ɐ_#>
{0: None, 1: [0], 2: [1], 3: [2], 4: [3, 4], 5: [5]}
{0: [0], 1: [1], 2: [2], 3: [3], 4: [4, 5], 5: [6]}
SCORE: 27.454

-------------------

/bezŭ/ - /bˈɛz/
b-b / e-ɛ_ˈ / z-z / ŭ_#>-#>
{0: [0], 1: [1], 2: [2], 3: [3]}
{0: [0], 1: [1, 2], 2: [3], 3: None}
SCORE: 15.887

-------------------

/beˀrza/ - /berˈɛzɐ/
b-b / ∅-e / ∅-r / e-ɛ / ˀ-ˈ / r-∅ / z-z / a_#>-ɐ_#>
{0: [0], 1: None, 2: None, 3: [1], 4: [2], 5: [3], 6: [4], 7: [5]}
{0: [0], 1: [1], 2: [2], 3: [3], 4: [4], 5: None, 6: [5], 7: [6]}
SCORE: 15.86

-------------------

/bĭʧelǎ/ - /bʤɔɫˈɑ/
b-b / ĭ_ʧ-ʤ / e-ɔ / l-ɫ / a-ɑ / ̌_#>-ˈ_#>
{0: [0], 1: [1, 2], 2: [3], 3: [4], 4: [5], 5: [6]}
{0: [0], 1: [1], 2: [2], 3: [3], 4: [4], 5: [5]}
SCORE: 34.128

-------------------

/bordǎ/ - /bɔrɔdˈɑ/
b-b / o-ɔ / r-r / d-ɔ_d / a-ɑ / ̌_#>-ˈ_#>
{0: [0], 1: [1], 2: [2], 3: [3], 4: [4], 5: [5]}
{0: [0], 1: [1], 2: [2], 3: [3, 4], 4: [5], 5: [6]}
SCORE: 33.83

-------------------

/bôːɡŭ/ - /bˈɔɦ/
b-b / oː-ɔ / ̂-ˈ / ɡ-ɦ / ŭ_#>-#>
{0: [0], 1: [1], 2: [2], 3: [3], 4: [4]}
{0: [0], 1: [1], 2: [2], 3: [3], 4: None}
SCORE: 16.304

-------------------

/bǒbrŭ/ - /bɔbˈɛr/
b-b / o_̌-ɔ / b-b / ∅-ɛ / ∅-ˈ / r_ŭ_#>-r_#>
{0: [0], 1: [1, 2], 2: [3], 3: None, 4: None, 5: [4, 5]}
{0: [0], 1: [1], 2: [2], 3: [3], 4: [4], 5: [5]}
SCORE: 13.467

-------------------

/bɛ̌ːlŭjĭ/ - /bʲˈiɫej/
b-bʲ / ɛː-i / ̌-ˈ / l_ŭ-ɫ_e / j-j / ĭ_#>-#>
{0: [0], 1: [1], 2: [2], 3: [3, 4], 4: [5], 5: [6]}
{0: [0], 1: [1], 2: [2], 3: [3, 4], 4: [5], 5: None}
SCORE: 30.915

-------------------

/bɨˀti/ - /bˈute/
b-b / ∅-u / ɨ-∅ / ˀ-ˈ / t-t / i_#>-e_#>
{0: [0], 1: None, 2: [1], 3: [2], 4: [3], 5: [4]}
{0: [0], 1: [1], 2: None, 3: [2], 4: [3], 5: [4]}
SCORE: 15.936

-------------------

/dêsẽtĭ/ - /dˈɛsʲɐtʲ/
<#_d-<#_d / e-ɛ / ̂-ˈ / s-sʲ / ẽ-ɐ / t_ĭ-tʲ
{0: [0], 1: [1], 2: [2], 3: [3], 4: [4], 5: [5, 6]}
{0: [0], 1: [1], 2: [2], 3: [3], 4: [4], 5: [5]}
SCORE: 29.315

-------------------

/dêvẽtĭ/ - /dˈɛʋjɐtʲ/
<#_d-<#_d / e-ɛ / ̂-ˈ / v-ʋ / ẽ-j_ɐ / t_ĭ-tʲ
{0: [0], 1: [1], 2: [2], 3: [3], 4: [4], 5: [5, 6]}
{0: [0], 1: [1], 2: [2], 3: [3], 4: [4, 5], 5: [6]}
SCORE: 24.716

-------------------

/dêːrvo/ - /dˈɛrɛwɔ/
<#_d-<#_d / ∅-ɛ / eː-∅ / ̂-ˈ / r-r / ∅-ɛ / v-w / o_#>-ɔ_#>
{0: [0], 1: None, 2: [1], 3: [2], 4: [3], 5: None, 6: [4], 7: [5]}
{0: [0], 1: [1], 2: None, 3: [2], 4: [3], 5: [4], 6: [5], 7: [6]}
SCORE: 11.339

-------------------

/dînĭ/ - /dˈɛnʲ/
<#_d-<#_d / ∅-ɛ / i-∅ / ̂-ˈ / n-nʲ / ĭ_#>-#>
{0: [0], 1: None, 2: [1], 3: [2], 4: [3], 5: [4]}
{0: [0], 1: [1], 2: None, 3: [2], 4: [3], 5: None}
SCORE: 6.578

-------------------

/dĭˀlɡŭjĭ/ - /dˈɔʋɦej/
<#_d-<#_d / ĭ-ɔ / ˀ_l-ˈ_ʋ / ɡ-ɦ / ŭ-e / j-j / ĭ_#>-#>
{0: [0], 1: [1], 2: [2, 3], 3: [4], 4: [5], 5: [6], 6: [7]}
{0: [0], 1: [1], 2: [2, 3], 3: [4], 4: [5], 5: [6], 6: None}
SCORE: 26.24

-------------------

/dǒbrŭjĭ/ - /dˈɔbrej/
<#_d-<#_d / o-ɔ / ̌-ˈ / b-b / r-r / ŭ-e / j-j / ĭ_#>-#>
{0: [0], 1: [1], 2: [2], 3: [3], 4: [4], 5: [5], 6: [6], 7: [7]}
{0: [0], 1: [1], 2: [2], 3: [3], 4: [4], 5: [5], 6: [6], 7: None}
SCORE: 34.239

-------------------

/dŭtʲkǎ/ - /dɔʧkˈɑ/
<#_d-<#_d / ŭ-ɔ / tʲ-ʧ / k-k / a-ɑ / ̌_#>-ˈ_#>
{0: [0], 1: [1], 2: [2], 3: [3], 4: [4], 5: [5]}
{0: [0], 1: [1], 2: [2], 3: [3], 4: [4], 5: [5]}
SCORE: 31.354

-------------------

/dŭ̂va/ - /dʋˈɑ/
<#_d-<#_d / ŭ-∅ / ̂-∅ / v-ʋ / a-ɑ / #>-ˈ_#>
{0: [0], 1: [1], 2: [2], 3: [3], 4: [4], 5: None}
{0: [0], 1: None, 2: None, 3: [1], 4: [2], 5: [3]}
SCORE: 8.715

-------------------

/dɨˀmŭ/ - /dˈɪm/
<#_d-<#_d / ɨ-ɪ / ˀ-ˈ / m-m / ŭ_#>-#>
{0: [0], 1: [1], 2: [2], 3: [3], 4: [4]}
{0: [0], 1: [1], 2: [2], 3: [3], 4: None}
SCORE: 23.429

-------------------

/edǐnŭ/ - /ɔdˈɪn/
e-ɔ / d-d / i-ɪ / ̌-ˈ / n-n / ŭ_#>-#>
{0: [0], 1: [1], 2: [2], 3: [3], 4: [4], 5: [5]}
{0: [0], 1: [1], 2: [2], 3: [3], 4: [4], 5: None}
SCORE: 23.073

-------------------

/êzero/ - /ˈɔzɛrɔ/
e-ɔ / ̂-ˈ / z-z / e-ɛ / r-r / o_#>-ɔ_#>
{0: [0], 1: [1], 2: [2], 3: [3], 4: [4], 5: [5]}
{0: [0], 1: [1], 2: [2], 3: [3], 4: [4], 5: [5]}
SCORE: 30.516

-------------------

/ẽzɨˀkŭ/ - /jɐzˈɪk/
<#-<#_j / ẽ-ɐ / z-z / ɨ-ɪ / ˀ-ˈ / k_ŭ_#>-k_#>
{0: None, 1: [0], 2: [1], 3: [2], 4: [3], 5: [4, 5]}
{0: [0], 1: [1], 2: [2], 3: [3], 4: [4], 5: [5]}
SCORE: 26.377

-------------------

/jǎːzŭ/ - /jˈɑ/
j-j / aː-ɑ / ̌-ˈ / z-∅ / ŭ_#>-#>
{0: [0], 1: [1], 2: [2], 3: [3], 4: [4]}
{0: [0], 1: [1], 2: [2], 3: None, 4: None}
SCORE: 11.477

-------------------

/juːxǎ/ - /jʊxˈɑ/
j-j / uː-ʊ / x-x / a-ɑ / ̌_#>-ˈ_#>
{0: [0], 1: [1], 2: [2], 3: [3], 4: [4]}
{0: [0], 1: [1], 2: [2], 3: [3], 4: [4]}
SCORE: 32.604

-------------------

/kaˀmɨ/ - /kˈamʲinʲ/
<#_k-<#_k / a-a / ˀ-ˈ / m-mʲ / ∅-i / ɨ-∅ / #>-nʲ_#>
{0: [0], 1: [1], 2: [2], 3: [3], 4: None, 5: [4], 6: None}
{0: [0], 1: [1], 2: [2], 3: [3], 4: [4], 5: None, 6: [5]}
SCORE: 11.266

-------------------

/kolɛːˀno/ - /kɔlʲˈinɔ/
<#_k-<#_k / o-ɔ / l-lʲ / ɛː-i / ˀ-ˈ / n-n / o_#>-ɔ_#>
{0: [0], 1: [1], 2: [2], 3: [3], 4: [4], 5: [5], 6: [6]}
{0: [0], 1: [1], 2: [2], 3: [3], 4: [4], 5: [5], 6: [6]}
SCORE: 38.339

-------------------

/korǎ/ - /kɔrˈɑ/
<#_k-<#_k / o-ɔ / r-r / a-ɑ / ̌_#>-ˈ_#>
{0: [0], 1: [1], 2: [2], 3: [3], 4: [4]}
{0: [0], 1: [1], 2: [2], 3: [3], 4: [4]}
SCORE: 29.123

-------------------

/koˀrva/ - /kɔrˈɔʋɐ/
<#_k-<#_k / o-ɔ_r / ∅-ɔ / ˀ-ˈ / r-∅ / v-ʋ / a_#>-ɐ_#>
{0: [0], 1: [1], 2: None, 3: [2], 4: [3], 5: [4], 6: [5]}
{0: [0], 1: [1, 2], 2: [3], 3: [4], 4: None, 5: [5], 6: [6]}
SCORE: 14.037

-------------------

/kôrɛːnĭ/ - /kˈɔrʲinʲ/
<#_k-<#_k / o-ɔ / ̂-ˈ / r-rʲ / ɛː-i / n-nʲ / ĭ_#>-#>
{0: [0], 1: [1], 2: [2], 3: [3], 4: [4], 5: [5], 6: [6]}
{0: [0], 1: [1], 2: [2], 3: [3], 4: [4], 5: [5], 6: None}
SCORE: 28.933

-------------------

/kôstĭ/ - /kʲˈistʲ/
k-kʲ / o-i / ̂-ˈ / s-s / t_ĭ-tʲ
{0: [0], 1: [1], 2: [2], 3: [3], 4: [4, 5]}
{0: [0], 1: [1], 2: [2], 3: [3], 4: [4]}
SCORE: 23.54

-------------------

/kõːsǎti/ - /kʊsˈate/
<#_k-<#_k / ∅-ʊ / õː-∅ / s-s / a-a / ̌-ˈ / t-t / i_#>-e_#>
{0: [0], 1: None, 2: [1], 3: [2], 4: [3], 5: [4], 6: [5], 7: [6]}
{0: [0], 1: [1], 2: None, 3: [2], 4: [3], 5: [4], 6: [5], 7: [6]}
SCORE: 23.863

-------------------

/kǒɲĭ/ - /kʲˈinʲ/
k-kʲ / o-i / ̌-ˈ / ɲ-nʲ / ĭ_#>-#>
{0: [0], 1: [1], 2: [2], 3: [3], 4: [4]}
{0: [0], 1: [1], 2: [2], 3: [3], 4: None}
SCORE: 18.377

-------------------

/kǒːrʎŭ/ - /kɔrˈɔlʲ/
<#_k-<#_k / oː-ɔ / ̌_r-r / ʎ-∅ / ŭ-ɔ_ˈ / #>-lʲ_#>
{0: [0], 1: [1], 2: [2, 3], 3: [4], 4: [5], 5: None}
{0: [0], 1: [1], 2: [2], 3: None, 4: [3, 4], 5: [5]}
SCORE: 8.588

-------------------

/kriːdlǒ/ - /krɪɫˈɔ/
<#_k-<#_k / r-r / iː-ɪ / d_l-ɫ / o-ɔ / ̌_#>-ˈ_#>
{0: [0], 1: [1], 2: [2], 3: [3, 4], 4: [5], 5: [6]}
{0: [0], 1: [1], 2: [2], 3: [3], 4: [4], 5: [5]}
SCORE: 26.402

-------------------

/krŭ̂vĭ/ - /krˈɔw/
<#_k-<#_k / r-r / ŭ-ɔ / ̂-ˈ / v-w / ĭ_#>-#>
{0: [0], 1: [1], 2: [2], 3: [3], 4: [4], 5: [5]}
{0: [0], 1: [1], 2: [2], 3: [3], 4: [4], 5: None}
SCORE: 17.916

-------------------

/kvɛ̂ːtŭ/ - /kʋʲˈitkɐ/
<#_k-<#_k / v-ʋʲ / ɛː-i / ̂-ˈ / t-t / ŭ-k / #>-ɐ_#>
{0: [0], 1: [1], 2: [2], 3: [3], 4: [4], 5: [5], 6: None}
{0: [0], 1: [1], 2: [2], 3: [3], 4: [4], 5: [5], 6: [6]}
SCORE: 23.405

-------------------

/lêdŭ/ - /lʲˈid/
<#_l-<#_lʲ / e-i / ̂-ˈ / d-d / ŭ_#>-#>
{0: [0], 1: [1], 2: [2], 3: [3], 4: [4]}
{0: [0], 1: [1], 2: [2], 3: [3], 4: None}
SCORE: 20.078

-------------------

/lîːstŭ/ - /ɫˈɪst/
l-ɫ / iː-ɪ / ̂-ˈ / s-s / t_ŭ_#>-t_#>
{0: [0], 1: [1], 2: [2], 3: [3], 4: [4, 5]}
{0: [0], 1: [1], 2: [2], 3: [3], 4: [4]}
SCORE: 24.451

-------------------

/lĭ̌vŭ/ - /ɫˈɛw/
l-ɫ / ĭ-ɛ / ̌-ˈ / v-w / ŭ_#>-#>
{0: [0], 1: [1], 2: [2], 3: [3], 4: [4]}
{0: [0], 1: [1], 2: [2], 3: [3], 4: None}
SCORE: 14.497

-------------------

/lɛ̂ːsŭ/ - /lʲˈis/
<#_l-<#_lʲ / ɛː-i / ̂-ˈ / s-s / ŭ_#>-#>
{0: [0], 1: [1], 2: [2], 3: [3], 4: [4]}
{0: [0], 1: [1], 2: [2], 3: [3], 4: None}
SCORE: 22.33

-------------------

/lɛ̌ːto/ - /lʲˈitɔ/
<#_l-<#_lʲ / ɛː-i / ̌-ˈ / t-t / o_#>-ɔ_#>
{0: [0], 1: [1], 2: [2], 3: [3], 4: [4]}
{0: [0], 1: [1], 2: [2], 3: [3], 4: [4]}
SCORE: 30.339

-------------------

/mêdŭ/ - /mˈɛd/
m-m / e-ɛ / ̂-ˈ / d-d / ŭ_#>-#>
{0: [0], 1: [1], 2: [2], 3: [3], 4: [4]}
{0: [0], 1: [1], 2: [2], 3: [3], 4: None}
SCORE: 21.933

-------------------

/mẽ̂ːso/ - /mjˈɑsɔ/
m-m / ẽː-j_ɑ / ̂-ˈ / s-s / o_#>-ɔ_#>
{0: [0], 1: [1], 2: [2], 3: [3], 4: [4]}
{0: [0], 1: [1, 2], 2: [3], 3: [4], 4: [5]}
SCORE: 26.192

-------------------

/mĭɡlǎ/ - /imɫˈɑ/
m_ĭ-i_m / ɡ-∅ / l-ɫ / a-ɑ / ̌_#>-ˈ_#>
{0: [0, 1], 1: [2], 2: [3], 3: [4], 4: [5]}
{0: [0, 1], 1: None, 2: [2], 3: [3], 4: [4]}
SCORE: 17.642

-------------------

/mĭ̌ːrtvŭjĭ/ - /mˈɛrtʋej/
m-m / ĭː-ɛ / ̌-ˈ / r-r / t-t / v-ʋ / ŭ-e / j-j / ĭ_#>-#>
{0: [0], 1: [1], 2: [2], 3: [3], 4: [4], 5: [5], 6: [6], 7: [7], 8: [8]}
{0: [0], 1: [1], 2: [2], 3: [3], 4: [4], 5: [5], 6: [6], 7: [7], 8: None}
SCORE: 37.117

-------------------

/môrʲe/ - /mˈɔrɛ/
m-m / o-ɔ / ̂-ˈ / rʲ-r / e-ɛ
{0: [0], 1: [1], 2: [2], 3: [3], 4: [4]}
{0: [0], 1: [1], 2: [2], 3: [3], 4: [4]}
SCORE: 26.07

-------------------

/mõ̂ːʒĭ/ - /mˈuʒ/
m-m / õː-u / ̂-ˈ / ʒ-ʒ / ĭ_#>-#>
{0: [0], 1: [1], 2: [2], 3: [3], 4: [4]}
{0: [0], 1: [1], 2: [2], 3: [3], 4: None}
SCORE: 25.313

-------------------

/mõ̌ːdrŭjĭ/ - /mˈudrej/
m-m / õː-u / ̌-ˈ / d-d / r-r / ŭ-e / j-j / ĭ_#>-#>
{0: [0], 1: [1], 2: [2], 3: [3], 4: [4], 5: [5], 6: [6], 7: [7]}
{0: [0], 1: [1], 2: [2], 3: [3], 4: [4], 5: [5], 6: [6], 7: None}
SCORE: 35.63

-------------------

/mǔxa/ - /mˈuxɐ/
m-m / u-u / ̌-ˈ / x-x / a_#>-ɐ_#>
{0: [0], 1: [1], 2: [2], 3: [3], 4: [4]}
{0: [0], 1: [1], 2: [2], 3: [3], 4: [4]}
SCORE: 33.398

-------------------

/mɛlkǒ/ - /mɔɫɔkˈɔ/
m-m / ɛ-ɔ / l-ɫ / ∅-ɔ / k-k / o-ɔ / ̌_#>-ˈ_#>
{0: [0], 1: [1], 2: [2], 3: None, 4: [3], 5: [4], 6: [5]}
{0: [0], 1: [1], 2: [2], 3: [3], 4: [4], 5: [5], 6: [6]}
SCORE: 26.034

-------------------

/mɛˀsto/ - /mʲˈistɔ/
m-mʲ / ∅-i / ɛ-∅ / ˀ-ˈ / s-s / t-t / o_#>-ɔ_#>
{0: [0], 1: None, 2: [1], 3: [2], 4: [3], 5: [4], 6: [5]}
{0: [0], 1: [1], 2: None, 3: [2], 4: [3], 5: [4], 6: [5]}
SCORE: 17.93

-------------------

/mɛːˀsẽːʦĭ/ - /mʲˈisʲɐʦʲ/
m-mʲ / ɛː-i / ˀ-ˈ / s-sʲ / ẽː-ɐ / ʦ-ʦʲ / ĭ_#>-#>
{0: [0], 1: [1], 2: [2], 3: [3], 4: [4], 5: [5], 6: [6]}
{0: [0], 1: [1], 2: [2], 3: [3], 4: [4], 5: [5], 6: None}
SCORE: 30.203

-------------------

/mɨ̂ːslĭ/ - /mˈɪsʲlʲ/
m-m / ɨː-ɪ / ̂-ˈ / s-sʲ / l_ĭ_#>-lʲ_#>
{0: [0], 1: [1], 2: [2], 3: [3], 4: [4, 5]}
{0: [0], 1: [1], 2: [2], 3: [3], 4: [4]}
SCORE: 29.385

-------------------

/nevɛ̌ːsta/ - /neʋʲˈistɐ/
n-n / e-e / v-ʋʲ / ɛː-i / ̌-ˈ / s-s / t-t / a_#>-ɐ_#>
{0: [0], 1: [1], 2: [2], 3: [3], 4: [4], 5: [5], 6: [6], 7: [7]}
{0: [0], 1: [1], 2: [2], 3: [3], 4: [4], 5: [5], 6: [6], 7: [7]}
SCORE: 38.245

-------------------

/noɡǎ/ - /nɔɦˈɑ/
n-n / o-ɔ / ɡ-ɦ / a-ɑ / ̌_#>-ˈ_#>
{0: [0], 1: [1], 2: [2], 3: [3], 4: [4]}
{0: [0], 1: [1], 2: [2], 3: [3], 4: [4]}
SCORE: 25.047

-------------------

/nôɡŭtĭ/ - /nʲˈiɦɔtʲ/
n-nʲ / o-i / ̂-ˈ / ɡ-ɦ / ŭ_t-ɔ_tʲ / ĭ_#>-#>
{0: [0], 1: [1], 2: [2], 3: [3], 4: [4, 5], 5: [6]}
{0: [0], 1: [1], 2: [2], 3: [3], 4: [4, 5], 5: None}
SCORE: 24.345

-------------------

/nôːktĭ/ - /nʲˈiʧ/
n-nʲ / oː-i / ̂-ˈ / ∅-ʧ / k-∅ / t_ĭ_#>-#>
{0: [0], 1: [1], 2: [2], 3: None, 4: [3], 5: [4, 5]}
{0: [0], 1: [1], 2: [2], 3: [3], 4: None, 5: None}
SCORE: 1.607

-------------------

/nôːsŭ/ - /nʲˈis/
n-nʲ / oː-i / ̂-ˈ / s-s / ŭ_#>-#>
{0: [0], 1: [1], 2: [2], 3: [3], 4: [4]}
{0: [0], 1: [1], 2: [2], 3: [3], 4: None}
SCORE: 19.296

-------------------

/orĭ̌lŭ/ - /ɔrˈɛɫ/
o-ɔ / r-r / ĭ-ɛ / ̌-ˈ / l_ŭ-ɫ
{0: [0], 1: [1], 2: [2], 3: [3], 4: [4, 5]}
{0: [0], 1: [1], 2: [2], 3: [3], 4: [4]}
SCORE: 22.243

-------------------

/orɛ̌ːxŭ/ - /ɦɔrʲˈix/
∅-ɦ / o-ɔ / r-rʲ / ɛː-i / ̌-ˈ / x-x / ŭ_#>-#>
{0: None, 1: [0], 2: [1], 3: [2], 4: [3], 5: [4], 6: [5]}
{0: [0], 1: [1], 2: [2], 3: [3], 4: [4], 5: [5], 6: None}
SCORE: 20.556

-------------------

/osǎ/ - /ɔsˈɑ/
o-ɔ / s-s / a-ɑ / ̌_#>-ˈ_#>
{0: [0], 1: [1], 2: [2], 3: [3]}
{0: [0], 1: [1], 2: [2], 3: [3]}
SCORE: 23.479

-------------------

/oˀrdlo/ - /rˈɑɫɔ/
o-r / ∅-ɑ / ˀ-ˈ / r-∅ / d_l-ɫ / o_#>-ɔ_#>
{0: [0], 1: None, 2: [1], 3: [2], 4: [3, 4], 5: [5]}
{0: [0], 1: [1], 2: [2], 3: None, 4: [3], 5: [4]}
SCORE: 4.467

-------------------

/ôko/ - /ˈɔkɔ/
o-ɔ / ̂-ˈ / k-k / o_#>-ɔ_#>
{0: [0], 1: [1], 2: [2], 3: [3]}
{0: [0], 1: [1], 2: [2], 3: [3]}
SCORE: 23.054

-------------------

/ôlkŭtĭ/ - /lʲˈikɔtʲ/
<#-<#_lʲ / o-i / ̂-ˈ / l-∅ / k-k / ŭ_t-ɔ_tʲ / ĭ_#>-#>
{0: None, 1: [0], 2: [1], 3: [2], 4: [3], 5: [4, 5], 6: [6]}
{0: [0], 1: [1], 2: [2], 3: None, 4: [3], 5: [4, 5], 6: None}
SCORE: 19.203

-------------------

/ôrstŭ/ - /rʲˈist/
<#-<#_rʲ / o-i / ̂-ˈ / r-∅ / s-s / t_ŭ_#>-t_#>
{0: None, 1: [0], 2: [1], 3: [2], 4: [3], 5: [4, 5]}
{0: [0], 1: [1], 2: [2], 3: None, 4: [3], 5: [4]}
SCORE: 15.793

-------------------

/õːˀɡlĭ/ - /wˈuɦʲilʲ/
<#-<#_w / õː-u / ˀ-ˈ / ∅-ɦʲ / ɡ-∅ / l-i / ĭ-lʲ
{0: None, 1: [0], 2: [1], 3: None, 4: [2], 5: [3], 6: [4]}
{0: [0], 1: [1], 2: [2], 3: [3], 4: None, 5: [4], 6: [5]}
SCORE: 5.13

-------------------

/õ̌ːʒĭ/ - /wˈuʒ/
<#-<#_w / õː-u / ̌-ˈ / ʒ-ʒ / ĭ_#>-#>
{0: None, 1: [0], 2: [1], 3: [2], 4: [3]}
{0: [0], 1: [1], 2: [2], 3: [3], 4: None}
SCORE: 19.229

-------------------

/ǒsmĭ/ - /ʋʲˈisʲim/
<#-<#_ʋʲ / o-i / ̌-ˈ / s-sʲ / m_ĭ-i_m
{0: None, 1: [0], 2: [1], 3: [2], 4: [3, 4]}
{0: [0], 1: [1], 2: [2], 3: [3], 4: [4, 5]}
SCORE: 18.089

-------------------

/ǒɡɲĭ/ - /wɔɦˈɔnʲ/
<#-<#_w / o_̌-ɔ / ɡ-ɦ / ɲ-∅ / ĭ-ɔ_ˈ / #>-nʲ_#>
{0: None, 1: [0, 1], 2: [2], 3: [3], 4: [4], 5: None}
{0: [0], 1: [1], 2: [2], 3: None, 4: [3, 4], 5: [5]}
SCORE: 1.065

-------------------

/pẽ̂ːtĭ/ - /pjˈɑtʲ/
p-p / ẽː-j_ɑ / ̂-ˈ / t_ĭ-tʲ
{0: [0], 1: [1], 2: [2], 3: [3, 4]}
{0: [0], 1: [1, 2], 2: [3], 3: [4]}
SCORE: 18.642

-------------------

/pĭˀlnŭjĭ/ - /pˈɔʋnej/
p-p / ĭ-ɔ / ˀ_l-ˈ_ʋ / n-n / ŭ-e / j-j / ĭ_#>-#>
{0: [0], 1: [1], 2: [2, 3], 3: [4], 4: [5], 5: [6], 6: [7]}
{0: [0], 1: [1], 2: [2, 3], 3: [4], 4: [5], 5: [6], 6: None}
SCORE: 32.291

-------------------

/pĭ̌rstŭ/ - /pˈɛrst/
p-p / ĭ-ɛ / ̌-ˈ / r-r / s-s / t_ŭ_#>-t_#>
{0: [0], 1: [1], 2: [2], 3: [3], 4: [4], 5: [5, 6]}
{0: [0], 1: [1], 2: [2], 3: [3], 4: [4], 5: [5]}
SCORE: 31.926

-------------------

/pĭ̌sŭ/ - /pˈɛs/
p-p / ĭ-ɛ / ̌-ˈ / s-s / ŭ_#>-#>
{0: [0], 1: [1], 2: [2], 3: [3], 4: [4]}
{0: [0], 1: [1], 2: [2], 3: [3], 4: None}
SCORE: 20.193

-------------------

/pǐti/ - /pˈɪte/
p-p / i-ɪ / ̌-ˈ / t-t / i_#>-e_#>
{0: [0], 1: [1], 2: [2], 3: [3], 4: [4]}
{0: [0], 1: [1], 2: [2], 3: [3], 4: [4]}
SCORE: 31.261

-------------------

/pôpelŭ/ - /pˈɔpʲiɫ/
p-p / o-ɔ / ̂-ˈ / p-pʲ / e-i / l_ŭ-ɫ
{0: [0], 1: [1], 2: [2], 3: [3], 4: [4], 5: [5, 6]}
{0: [0], 1: [1], 2: [2], 3: [3], 4: [4], 5: [5]}
SCORE: 28.286

-------------------

/põ̌ːtĭ/ - /pˈutʲ/
p-p / õː-u / ̌-ˈ / t_ĭ-tʲ
{0: [0], 1: [1], 2: [2], 3: [3, 4]}
{0: [0], 1: [1], 2: [2], 3: [3]}
SCORE: 23.807

-------------------

/pŭtǎːkŭ/ - /ptˈɑx/
p-p / ŭ-∅ / t-t / aː-ɑ / ̌-ˈ / ∅-x / k_ŭ_#>-#>
{0: [0], 1: [1], 2: [2], 3: [3], 4: [4], 5: None, 6: [5, 6]}
{0: [0], 1: None, 2: [1], 3: [2], 4: [3], 5: [4], 6: None}
SCORE: 10.793

-------------------

/pɛːsŭ̌kŭ/ - /pʲisˈɔk/
p-pʲ / ɛː-i / s-s / ŭ_̌-ɔ_ˈ / k_ŭ_#>-k_#>
{0: [0], 1: [1], 2: [2], 3: [3, 4], 4: [5, 6]}
{0: [0], 1: [1], 2: [2], 3: [3, 4], 4: [5]}
SCORE: 28.759

-------------------

/rôɡŭ/ - /rʲˈiɦ/
<#_r-<#_rʲ / o-i / ̂-ˈ / ɡ-ɦ / ŭ_#>-#>
{0: [0], 1: [1], 2: [2], 3: [3], 4: [4]}
{0: [0], 1: [1], 2: [2], 3: [3], 4: None}
SCORE: 16.056

-------------------

/rõːkǎ/ - /rʊkˈɑ/
r-r / ∅-ʊ / õː-∅ / k-k / a-ɑ / ̌_#>-ˈ_#>
{0: [0], 1: None, 2: [1], 3: [2], 4: [3], 5: [4]}
{0: [0], 1: [1], 2: None, 3: [2], 4: [3], 5: [4]}
SCORE: 14.874

-------------------

/rɛːkǎ/ - /rʲikˈɑ/
<#_r-<#_rʲ / ɛː-i / k-k / a-ɑ / ̌_#>-ˈ_#>
{0: [0], 1: [1], 2: [2], 3: [3], 4: [4]}
{0: [0], 1: [1], 2: [2], 3: [3], 4: [4]}
SCORE: 31.471

-------------------

/rɨ̌ba/ - /rˈɪbɐ/
r-r / ɨ-ɪ / ̌-ˈ / b-b / a_#>-ɐ_#>
{0: [0], 1: [1], 2: [2], 3: [3], 4: [4]}
{0: [0], 1: [1], 2: [2], 3: [3], 4: [4]}
SCORE: 30.206

-------------------

/sâːdŭ/ - /sˈɑd/
s-s / aː-ɑ / ̂-ˈ / d-d / ŭ_#>-#>
{0: [0], 1: [1], 2: [2], 3: [3], 4: [4]}
{0: [0], 1: [1], 2: [2], 3: [3], 4: None}
SCORE: 21.658

-------------------

/sědmĭ/ - /sʲˈim/
s-sʲ / e-i / ̌-ˈ / d-∅ / m-m / ĭ_#>-#>
{0: [0], 1: [1], 2: [2], 3: [3], 4: [4], 5: [5]}
{0: [0], 1: [1], 2: [2], 3: None, 4: [3], 5: None}
SCORE: 13.759

-------------------

/sĭ̂rdĭʦe/ - /sˈɛrʦɛ/
s-s / ĭ-ɛ / ̂-ˈ / r-r / d-∅ / ĭ_ʦ-ʦ / e-ɛ
{0: [0], 1: [1], 2: [2], 3: [3], 4: [4], 5: [5, 6], 6: [7]}
{0: [0], 1: [1], 2: [2], 3: [3], 4: None, 5: [4], 6: [5]}
SCORE: 23.661

-------------------

/slaˀva/ - /sɫˈɑʋɐ/
s-s / l-ɫ / a-ɑ / ˀ-ˈ / v-ʋ / a_#>-ɐ_#>
{0: [0], 1: [1], 2: [2], 3: [3], 4: [4], 5: [5]}
{0: [0], 1: [1], 2: [2], 3: [3], 4: [4], 5: [5]}
SCORE: 30.456

-------------------

/snɛ̂ːɡŭ/ - /snʲˈiɦ/
s-s / n-nʲ / ɛː-i / ̂-ˈ / ɡ-ɦ / ŭ_#>-#>
{0: [0], 1: [1], 2: [2], 3: [3], 4: [4], 5: [5]}
{0: [0], 1: [1], 2: [2], 3: [3], 4: [4], 5: None}
SCORE: 21.291

-------------------

/sôlĭ/ - /sʲˈilʲ/
s-sʲ / o-i / ̂-ˈ / l_ĭ_#>-lʲ_#>
{0: [0], 1: [1], 2: [2], 3: [3, 4]}
{0: [0], 1: [1], 2: [2], 3: [3]}
SCORE: 20.512

-------------------

/staˀrŭjĭ/ - /stɐrˈɪj/
s-s / t-t / a-ɐ / ˀ_r-r / ŭ-ɪ_ˈ / j-j / ĭ_#>-#>
{0: [0], 1: [1], 2: [2], 3: [3, 4], 4: [5], 5: [6], 6: [7]}
{0: [0], 1: [1], 2: [2], 3: [3], 4: [4, 5], 5: [6], 6: None}
SCORE: 22.637

-------------------

/stǒlŭ/ - /sʲtʲˈiɫ/
s-sʲ / t-tʲ / o-i / ̌-ˈ / l_ŭ-ɫ
{0: [0], 1: [1], 2: [2], 3: [3], 4: [4, 5]}
{0: [0], 1: [1], 2: [2], 3: [3], 4: [4]}
SCORE: 23.704

-------------------

/sûːxŭjĭ/ - /sʊxˈɪj/
s-s / uː_̂-ʊ / x-x / ŭ-ɪ_ˈ / j-j / ĭ_#>-#>
{0: [0], 1: [1, 2], 2: [3], 3: [4], 4: [5], 5: [6]}
{0: [0], 1: [1], 2: [2], 3: [3, 4], 4: [5], 5: None}
SCORE: 23.392

-------------------

/sŭdǒrvŭjĭ/ - /zdɔrˈɔʋej/
<#-<#_z / s-∅ / ŭ-∅ / d-d / o-ɔ_r / ̌-ɔ_ˈ / r-∅ / v-ʋ / ŭ-e / j-j / ĭ_#>-#>
{0: None, 1: [0], 2: [1], 3: [2], 4: [3], 5: [4], 6: [5], 7: [6], 8: [7], 9: [8], 10: [9]}
{0: [0], 1: None, 2: None, 3: [1], 4: [2, 3], 5: [4, 5], 6: None, 7: [6], 8: [7], 9: [8], 10: None}
SCORE: 3.579

-------------------

/sŭmĭrtĭ/ - /smˈɛrtʲ/
s_ŭ-s / m-m / ĭ-ɛ_ˈ / r-r / t_ĭ-tʲ
{0: [0, 1], 1: [2], 2: [3], 3: [4], 4: [5, 6]}
{0: [0], 1: [1], 2: [2, 3], 3: [4], 4: [5]}
SCORE: 20.578

-------------------

/sŭʧẽ̂ːstĭje/ - /ʃʧˈɑsʲtʲɐ/
<#_s-<# / ∅-ʃ / ŭ-∅ / ʧ-ʧ / ẽː-ɑ / ̂-ˈ / s-sʲ / t_ĭ-tʲ / j-∅ / e-∅ / #>-ɐ_#>
{0: [0], 1: None, 2: [1], 3: [2], 4: [3], 5: [4], 6: [5], 7: [6, 7], 8: [8], 9: [9], 10: None}
{0: None, 1: [0], 2: None, 3: [1], 4: [2], 5: [3], 6: [4], 7: [5], 8: None, 9: None, 10: [6]}
SCORE: -1.209

-------------------

/sŭ̂lnĭʦe/ - /sˈɔnʦɛ/
s-s / ŭ-ɔ / ̂-ˈ / l-∅ / n-n / ĭ_ʦ-ʦ / e-ɛ
{0: [0], 1: [1], 2: [2], 3: [3], 4: [4], 5: [5, 6], 6: [7]}
{0: [0], 1: [1], 2: [2], 3: None, 4: [3], 5: [4], 6: [5]}
SCORE: 22.952

-------------------

/sŭ̂to/ - /stˈɔ/
s_ŭ-s / ̂_t-t / o-ɔ / #>-ˈ_#>
{0: [0, 1], 1: [2, 3], 2: [4], 3: None}
{0: [0], 1: [1], 2: [2], 3: [3]}
SCORE: 11.02

-------------------

/sŭ̌nŭ/ - /sˈɔn/
s-s / ŭ_̌-ɔ_ˈ / n-n / ŭ_#>-#>
{0: [0], 1: [1, 2], 2: [3], 3: [4]}
{0: [0], 1: [1, 2], 2: [3], 3: None}
SCORE: 19.074

-------------------

/svẽ̂ːtŭjĭ/ - /sʲʋʲɐtˈɪj/
s-sʲ / v-ʋʲ / ẽː-ɐ / ̂_t-t / ŭ-ɪ_ˈ / j-j / ĭ_#>-#>
{0: [0], 1: [1], 2: [2], 3: [3, 4], 4: [5], 5: [6], 6: [7]}
{0: [0], 1: [1], 2: [2], 3: [3], 4: [4, 5], 5: [6], 6: None}
SCORE: 19.559

-------------------

/sɨˀrŭ/ - /sˈɪr/
s-s / ɨ-ɪ / ˀ-ˈ / r_ŭ_#>-r_#>
{0: [0], 1: [1], 2: [2], 3: [3, 4]}
{0: [0], 1: [1], 2: [2], 3: [3]}
SCORE: 23.05

-------------------

/sɨ̂ːnŭ/ - /sˈɪn/
s-s / ɨː-ɪ / ̂-ˈ / n-n / ŭ_#>-#>
{0: [0], 1: [1], 2: [2], 3: [3], 4: [4]}
{0: [0], 1: [1], 2: [2], 3: [3], 4: None}
SCORE: 22.316

-------------------

/telẽ̌/ - /tɛlʲˈɑ/
<#_t-<#_t / e-ɛ / l-lʲ / ẽ-ɑ / ̌_#>-ˈ_#>
{0: [0], 1: [1], 2: [2], 3: [3], 4: [4]}
{0: [0], 1: [1], 2: [2], 3: [3], 4: [4]}
SCORE: 26.313

-------------------

/tẽʒĭkŭjĭ/ - /tʲɐʒkˈɪj/
t-tʲ / ẽ-ɐ / ʒ-ʒ / ĭ-∅ / k-k / ŭ-ɪ_ˈ / j-j / ĭ_#>-#>
{0: [0], 1: [1], 2: [2], 3: [3], 4: [4], 5: [5], 6: [6], 7: [7]}
{0: [0], 1: [1], 2: [2], 3: None, 4: [3], 5: [4, 5], 6: [6], 7: None}
SCORE: 24.594

-------------------

/těplŭjĭ/ - /tˈɛpɫej/
<#_t-<#_t / e-ɛ / ̌-ˈ / p-p / l_ŭ-ɫ_e / j-j / ĭ_#>-#>
{0: [0], 1: [1], 2: [2], 3: [3], 4: [4, 5], 5: [6], 6: [7]}
{0: [0], 1: [1], 2: [2], 3: [3], 4: [4, 5], 5: [6], 6: None}
SCORE: 37.648

-------------------

/tixŭjĭ/ - /tˈɪxej/
<#_t-<#_t / i-ɪ / ∅-ˈ / x-x / ŭ-e / j-j / ĭ_#>-#>
{0: [0], 1: [1], 2: None, 3: [2], 4: [3], 5: [4], 6: [5]}
{0: [0], 1: [1], 2: [2], 3: [3], 4: [4], 5: [5], 6: None}
SCORE: 23.37

-------------------

/traːvǎ/ - /trɐʋˈɑ/
<#_t-<#_t / r-r / ∅-ɐ / aː-∅ / v-ʋ / a-ɑ / ̌_#>-ˈ_#>
{0: [0], 1: [1], 2: None, 3: [2], 4: [3], 5: [4], 6: [5]}
{0: [0], 1: [1], 2: [2], 3: None, 4: [3], 5: [4], 6: [5]}
SCORE: 18.538

-------------------

/tri/ - /trˈɪ/
<#_t-<#_t / r-r / i-ɪ / #>-ˈ_#>
{0: [0], 1: [1], 2: [2], 3: None}
{0: [0], 1: [1], 2: [2], 3: [3]}
SCORE: 21.434

-------------------

/tvĭ̂rdŭ/ - /tʋerdˈɪj/
<#_t-<#_t / v-ʋ / ĭ-e / ̂-∅ / r-r / d-d / ŭ-ɪ_ˈ / #>-j_#>
{0: [0], 1: [1], 2: [2], 3: [3], 4: [4], 5: [5], 6: [6], 7: None}
{0: [0], 1: [1], 2: [2], 3: None, 4: [3], 5: [4], 6: [5, 6], 7: [7]}
SCORE: 17.085

-------------------

/tɛ̂ːlo/ - /tʲˈiɫɔ/
t-tʲ / ɛː-i / ̂-ˈ / l-ɫ / o_#>-ɔ_#>
{0: [0], 1: [1], 2: [2], 3: [3], 4: [4]}
{0: [0], 1: [1], 2: [2], 3: [3], 4: [4]}
SCORE: 28.012

-------------------

/ûːxo/ - /wˈuxɔ/
<#-<#_w / uː-u / ̂-ˈ / x-x / o_#>-ɔ_#>
{0: None, 1: [0], 2: [1], 3: [2], 4: [3]}
{0: [0], 1: [1], 2: [2], 3: [3], 4: [4]}
SCORE: 26.356

-------------------

/velǐkŭjĭ/ - /ʋeɫˈɪkej/
<#_v-<#_ʋ / e-e / l-ɫ / i-ɪ / ̌-ˈ / k-k / ŭ-e / j-j / ĭ_#>-#>
{0: [0], 1: [1], 2: [2], 3: [3], 4: [4], 5: [5], 6: [6], 7: [7], 8: [8]}
{0: [0], 1: [1], 2: [2], 3: [3], 4: [4], 5: [5], 6: [6], 7: [7], 8: None}
SCORE: 33.024

-------------------

/velkti/ - /wɔɫɔktˈɪ/
v-w / e-ɔ / l-ɫ / ∅-ɔ / k-k / t-t / i-ɪ / #>-ˈ_#>
{0: [0], 1: [1], 2: [2], 3: None, 4: [3], 5: [4], 6: [5], 7: None}
{0: [0], 1: [1], 2: [2], 3: [3], 4: [4], 5: [5], 6: [6], 7: [7]}
SCORE: 22.112

-------------------

/vêʧerŭ/ - /ʋˈɛʧʲir/
<#_v-<#_ʋ / e-ɛ / ̂-ˈ / ʧ-ʧʲ / e-i / r_ŭ_#>-r_#>
{0: [0], 1: [1], 2: [2], 3: [3], 4: [4], 5: [5, 6]}
{0: [0], 1: [1], 2: [2], 3: [3], 4: [4], 5: [5]}
SCORE: 30.673

-------------------

/vẽːzǎti/ - /ʋjɐzˈɑte/
<#_v-<#_ʋ / ∅-j / ẽː-ɐ / z-z / a-ɑ / ̌-ˈ / t-t / i_#>-e_#>
{0: [0], 1: None, 2: [1], 3: [2], 4: [3], 5: [4], 6: [5], 7: [6]}
{0: [0], 1: [1], 2: [2], 3: [3], 4: [4], 5: [5], 6: [6], 7: [7]}
SCORE: 32.29

-------------------

/vĭ̂lkŭ/ - /wˈɔʍk/
v-w / ĭ_̂-ɔ_ˈ / l-ʍ / k_ŭ_#>-k_#>
{0: [0], 1: [1, 2], 2: [3], 3: [4, 5]}
{0: [0], 1: [1, 2], 2: [3], 3: [4]}
SCORE: 14.772

-------------------

/vǐdɛːti/ - /ʋˈɪdʲite/
<#_v-<#_ʋ / i-ɪ / ̌-ˈ / d-dʲ / ɛː-i / t-t / i_#>-e_#>
{0: [0], 1: [1], 2: [2], 3: [3], 4: [4], 5: [5], 6: [6]}
{0: [0], 1: [1], 2: [2], 3: [3], 4: [4], 5: [5], 6: [6]}
SCORE: 37.804

-------------------

/vodǎ/ - /wɔdˈɑ/
v-w / o_d-ɔ_d / a-ɑ / ̌_#>-ˈ_#>
{0: [0], 1: [1, 2], 2: [3], 3: [4]}
{0: [0], 1: [1, 2], 2: [3], 3: [4]}
SCORE: 25.795

-------------------

/vôskŭ/ - /ʋʲˈisk/
v-ʋʲ / o-i / ̂-ˈ / s-s / k_ŭ_#>-k_#>
{0: [0], 1: [1], 2: [2], 3: [3], 4: [4, 5]}
{0: [0], 1: [1], 2: [2], 3: [3], 4: [4]}
SCORE: 22.75

-------------------

/vǒlŭ/ - /ʋʲˈiɫ/
v-ʋʲ / o-i / ̌-ˈ / l_ŭ-ɫ
{0: [0], 1: [1], 2: [2], 3: [3, 4]}
{0: [0], 1: [1], 2: [2], 3: [3]}
SCORE: 16.682

-------------------

/vŭ/ - /ʋ/
<#_v-<#_ʋ / ŭ_#>-#>
{0: [0], 1: [1]}
{0: [0], 1: None}
SCORE: 6.96

-------------------

/vŭzẽti/ - /ʋzʲˈɑtɪ/
v_ŭ-ʋ / z-zʲ / ẽ-ɑ / ∅-ˈ / t-t / i-ɪ
{0: [0, 1], 1: [2], 2: [3], 3: None, 4: [4], 5: [5]}
{0: [0], 1: [1], 2: [2], 3: [3], 4: [4], 5: [5]}
SCORE: 13.321

-------------------

/vɛːˀtrŭ/ - /ʋʲˈitɛr/
v-ʋʲ / ɛː-i / ˀ-ˈ / t-t / ∅-ɛ / r_ŭ_#>-r_#>
{0: [0], 1: [1], 2: [2], 3: [3], 4: None, 5: [4, 5]}
{0: [0], 1: [1], 2: [2], 3: [3], 4: [4], 5: [5]}
SCORE: 19.868

-------------------

/vɨˀdra/ - /ʋˈɪdrɐ/
<#_v-<#_ʋ / ɨ-ɪ / ˀ-ˈ / d-d / r-r / a_#>-ɐ_#>
{0: [0], 1: [1], 2: [2], 3: [3], 4: [4], 5: [5]}
{0: [0], 1: [1], 2: [2], 3: [3], 4: [4], 5: [5]}
SCORE: 32.472

-------------------

/xlɛ̌ːbŭ/ - /xlʲˈib/
<#_x-<#_x / l-lʲ / ɛː-i / ̌-ˈ / b-b / ŭ_#>-#>
{0: [0], 1: [1], 2: [2], 3: [3], 4: [4], 5: [5]}
{0: [0], 1: [1], 2: [2], 3: [3], 4: [4], 5: None}
SCORE: 28.711

-------------------

/xôːldĭnŭjĭ/ - /xɔɫˈɔdnej/
<#_x-<#_x / oː-ɔ / ∅-ɫ / ̂-ɔ_ˈ / l-∅ / d_ĭ-d / n-n / ŭ-e / j-j / ĭ_#>-#>
{0: [0], 1: [1], 2: None, 3: [2], 4: [3], 5: [4, 5], 6: [6], 7: [7], 8: [8], 9: [9]}
{0: [0], 1: [1], 2: [2], 3: [3, 4], 4: None, 5: [5], 6: [6], 7: [7], 8: [8], 9: None}
SCORE: 18.931

-------------------

/xrĭbĭtŭ/ - /xrebˈɛt/
<#_x-<#_x / r-r / ĭ-e / b-b / ĭ-ɛ_ˈ / t_ŭ_#>-t_#>
{0: [0], 1: [1], 2: [2], 3: [3], 4: [4], 5: [5, 6]}
{0: [0], 1: [1], 2: [2], 3: [3], 4: [4, 5], 5: [6]}
SCORE: 28.859

-------------------

/zelěnŭjĭ/ - /zɛɫˈɛnej/
z-z / e-ɛ / l-ɫ / e-ɛ / ̌-ˈ / n-n / ŭ-e / j-j / ĭ_#>-#>
{0: [0], 1: [1], 2: [2], 3: [3], 4: [4], 5: [5], 6: [6], 7: [7], 8: [8]}
{0: [0], 1: [1], 2: [2], 3: [3], 4: [4], 5: [5], 6: [6], 7: [7], 8: None}
SCORE: 39.148

-------------------

/zemʎǎ/ - /zɛmlʲˈɑ/
z-z / e-ɛ / m-m / ʎ-lʲ / a-ɑ / ̌_#>-ˈ_#>
{0: [0], 1: [1], 2: [2], 3: [3], 4: [4], 5: [5]}
{0: [0], 1: [1], 2: [2], 3: [3], 4: [4], 5: [5]}
SCORE: 35.808

-------------------

/zimaˀ/ - /zɪmˈɑ/
z-z / i-ɪ / m-m / a-ɑ / ˀ-ˈ
{0: [0], 1: [1], 2: [2], 3: [3], 4: [4]}
{0: [0], 1: [1], 2: [2], 3: [3], 4: [4]}
SCORE: 30.316

-------------------

/znǎti/ - /znˈɑte/
z-z / n-n / a-ɑ / ̌-ˈ / t-t / i_#>-e_#>
{0: [0], 1: [1], 2: [2], 3: [3], 4: [4], 5: [5]}
{0: [0], 1: [1], 2: [2], 3: [3], 4: [4], 5: [5]}
SCORE: 36.611

-------------------

/zõ̂ːbŭ/ - /zˈub/
z-z / õː-u / ̂-ˈ / b-b / ŭ_#>-#>
{0: [0], 1: [1], 2: [2], 3: [3], 4: [4]}
{0: [0], 1: [1], 2: [2], 3: [3], 4: None}
SCORE: 24.795

-------------------

/zvɛ̂ːrĭ/ - /zʲʋʲˈir/
z-zʲ / v-ʋʲ / ɛː-i / ̂-ˈ / r-r / ĭ_#>-#>
{0: [0], 1: [1], 2: [2], 3: [3], 4: [4], 5: [5]}
{0: [0], 1: [1], 2: [2], 3: [3], 4: [4], 5: None}
SCORE: 19.383

-------------------

/ɛːˀsnŭjĭ/ - /jɐsnˈɪj/
<#-<#_j / ∅-ɐ / ɛː-∅ / ˀ-∅ / s-s / n-n / ŭ-ɪ_ˈ / j-j / ĭ_#>-#>
{0: None, 1: None, 2: [0], 3: [1], 4: [2], 5: [3], 6: [4], 7: [5], 8: [6]}
{0: [0], 1: [1], 2: None, 3: None, 4: [2], 5: [3], 6: [4, 5], 7: [6], 8: None}
SCORE: 3.634

-------------------

/ɡlaˀdŭkŭjĭ/ - /ɦɫˈɑdkej/
ɡ-ɦ / l-ɫ / a-ɑ / ˀ-ˈ / d-d / ŭ-∅ / k-k / ŭ-e / j-j / ĭ_#>-#>
{0: [0], 1: [1], 2: [2], 3: [3], 4: [4], 5: [5], 6: [6], 7: [7], 8: [8], 9: [9]}
{0: [0], 1: [1], 2: [2], 3: [3], 4: [4], 5: None, 6: [5], 7: [6], 8: [7], 9: None}
SCORE: 28.606

-------------------

/ɡliˀva/ - /ɦɫˈɪʋɐ/
ɡ-ɦ / l-ɫ / i-ɪ / ˀ-ˈ / v-ʋ / a_#>-ɐ_#>
{0: [0], 1: [1], 2: [2], 3: [3], 4: [4], 5: [5]}
{0: [0], 1: [1], 2: [2], 3: [3], 4: [4], 5: [5]}
SCORE: 26.237

-------------------

/ɡlûːxŭjĭ/ - /ɦɫʊxˈej/
ɡ-ɦ / l-ɫ / uː_̂-ʊ / x-x / ŭ-e / ∅-ˈ / j-j / ĭ_#>-#>
{0: [0], 1: [1], 2: [2, 3], 3: [4], 4: [5], 5: None, 6: [6], 7: [7]}
{0: [0], 1: [1], 2: [2], 3: [3], 4: [4], 5: [5], 6: [6], 7: None}
SCORE: 20.371

-------------------

/ɡlǔːpŭjĭ/ - /ɦɫˈupej/
ɡ-ɦ / l-ɫ / uː-u / ̌-ˈ / p-p / ŭ-e / j-j / ĭ_#>-#>
{0: [0], 1: [1], 2: [2], 3: [3], 4: [4], 5: [5], 6: [6], 7: [7]}
{0: [0], 1: [1], 2: [2], 3: [3], 4: [4], 5: [5], 6: [6], 7: None}
SCORE: 31.179

-------------------

/ɡodina/ - /ɦɔdˈɪnɐ/
ɡ-ɦ / o_d-ɔ_d / i-ɪ / ∅-ˈ / n-n / a_#>-ɐ_#>
{0: [0], 1: [1, 2], 2: [3], 3: None, 4: [4], 5: [5]}
{0: [0], 1: [1, 2], 2: [3], 3: [4], 4: [5], 5: [6]}
SCORE: 26.805

-------------------

/ɡolvaˀ/ - /ɦɔɫɔʋˈɑ/
ɡ-ɦ / o-ɔ / l-ɫ / ∅-ɔ / v-ʋ / a-ɑ / ˀ-ˈ
{0: [0], 1: [1], 2: [2], 3: None, 4: [3], 5: [4], 6: [5]}
{0: [0], 1: [1], 2: [2], 3: [3], 4: [4], 5: [5], 6: [6]}
SCORE: 19.567

-------------------

/ɡorǎ/ - /ɦɔrˈɑ/
ɡ-ɦ / o-ɔ / r-r / a-ɑ / ̌_#>-ˈ_#>
{0: [0], 1: [1], 2: [2], 3: [3], 4: [4]}
{0: [0], 1: [1], 2: [2], 3: [3], 4: [4]}
SCORE: 23.918

-------------------

/ɡôlõːbĭ/ - /ɦˈɔɫʊb/
ɡ-ɦ / o-ɔ / ̂-ˈ / l-ɫ_ʊ / õː-∅ / b-b / ĭ_#>-#>
{0: [0], 1: [1], 2: [2], 3: [3], 4: [4], 5: [5], 6: [6]}
{0: [0], 1: [1], 2: [2], 3: [3, 4], 4: None, 5: [5], 6: None}
SCORE: 11.516

-------------------

/ɡôːlsŭ/ - /ɦˈɔɫɔs/
ɡ-ɦ / oː-ɔ / ̂-ˈ / l-ɫ / s_ŭ-ɔ / #>-s_#>
{0: [0], 1: [1], 2: [2], 3: [3], 4: [4, 5], 5: None}
{0: [0], 1: [1], 2: [2], 3: [3], 4: [4], 5: [5]}
SCORE: 14.821

-------------------

/ɡôːrdŭ/ - /ɦˈɔrɔd/
ɡ-ɦ / oː-ɔ / ̂-ˈ / r-r / d-ɔ_d / ŭ_#>-#>
{0: [0], 1: [1], 2: [2], 3: [3], 4: [4], 5: [5]}
{0: [0], 1: [1], 2: [2], 3: [3], 4: [4, 5], 5: None}
SCORE: 19.018

-------------------

/ɡõ̂ːsŭka/ - /ɦˈuskɐ/
ɡ-ɦ / õː-u / ̂-ˈ / s_ŭ-s / k-k / a_#>-ɐ_#>
{0: [0], 1: [1], 2: [2], 3: [3, 4], 4: [5], 5: [6]}
{0: [0], 1: [1], 2: [2], 3: [3], 4: [4], 5: [5]}
SCORE: 27.247

-------------------

/ɡvɛːzdǎ/ - /zʲʋʲizdˈɑ/
∅-zʲ / ɡ-∅ / v-ʋʲ / ɛː-i / z-z / d-d / a-ɑ / ̌_#>-ˈ_#>
{0: None, 1: [0], 2: [1], 3: [2], 4: [3], 5: [4], 6: [5], 7: [6]}
{0: [0], 1: None, 2: [1], 3: [2], 4: [3], 5: [4], 6: [5], 7: [6]}
SCORE: 23.551

-------------------

/ʃêːstĭ/ - /ʃʲˈistʲ/
ʃ_eː-ʃʲ / ̂-i_ˈ / s-s / t_ĭ-tʲ
{0: [0, 1], 1: [2], 2: [3], 3: [4, 5]}
{0: [0], 1: [1, 2], 2: [3], 3: [4]}
SCORE: 20.315

-------------------

/ʎûːdĭje/ - /lʲˈude/
ʎ-lʲ / uː-u / ̂-ˈ / d_ĭ-d / j-∅ / e-e
{0: [0], 1: [1], 2: [2], 3: [3, 4], 4: [5], 5: [6]}
{0: [0], 1: [1], 2: [2], 3: [3], 4: None, 5: [4]}
SCORE: 16.642

-------------------

/ʒelɛ̌ːzo/ - /zɐlʲˈizɔ/
<#-<#_z / ∅-ɐ / ʒ-∅ / e-∅ / l-lʲ / ɛː-i / ̌-ˈ / z-z / o_#>-ɔ_#>
{0: None, 1: None, 2: [0], 3: [1], 4: [2], 5: [3], 6: [4], 7: [5], 8: [6]}
{0: [0], 1: [1], 2: None, 3: None, 4: [2], 5: [3], 6: [4], 7: [5], 8: [6]}
SCORE: 13.01

-------------------

/ʒîːvŭjĭ/ - /ʒeʋˈej/
ʒ-ʒ / ∅-e / iː-∅ / ̂-∅ / v-ʋ / ŭ-e / ∅-ˈ / j-j / ĭ_#>-#>
{0: [0], 1: None, 2: [1], 3: [2], 4: [3], 5: [4], 6: None, 7: [5], 8: [6]}
{0: [0], 1: [1], 2: None, 3: None, 4: [2], 5: [3], 6: [4], 7: [5], 8: None}
SCORE: 0.803

-------------------

/ʒĭ̂ltŭjĭ/ - /ʒˈɔʍtej/
ʒ-ʒ / ĭ_̂-ɔ_ˈ / l-ʍ / t-t / ŭ-e / j-j / ĭ_#>-#>
{0: [0], 1: [1, 2], 2: [3], 3: [4], 4: [5], 5: [6], 6: [7]}
{0: [0], 1: [1, 2], 2: [3], 3: [4], 4: [5], 5: [6], 6: None}
SCORE: 26.305

-------------------

/ʒǐti/ - /ʒˈɪte/
ʒ-ʒ / i-ɪ / ̌-ˈ / t-t / i_#>-e_#>
{0: [0], 1: [1], 2: [2], 3: [3], 4: [4]}
{0: [0], 1: [1], 2: [2], 3: [3], 4: [4]}
SCORE: 32.138

-------------------

/ʦɛːnaˀ/ - /ʦʲinˈɑ/
ʦ-ʦʲ / ɛː-i / n-n / a-ɑ / ˀ-ˈ
{0: [0], 1: [1], 2: [2], 3: [3], 4: [4]}
{0: [0], 1: [1], 2: [2], 3: [3], 4: [4]}
SCORE: 31.69

-------------------

/ʦɛ̂ːlŭjĭ/ - /ʦʲˈiɫej/
ʦ-ʦʲ / ɛː-i / ̂-ˈ / l_ŭ-ɫ_e / j-j / ĭ_#>-#>
{0: [0], 1: [1], 2: [2], 3: [3, 4], 4: [5], 5: [6]}
{0: [0], 1: [1], 2: [2], 3: [3, 4], 4: [5], 5: None}
SCORE: 32.511

-------------------

/ʧelovɛːkŭ/ - /ʧɔɫɔʋʲˈik/
ʧ-ʧ / e-ɔ / l-ɫ / o-ɔ / v-ʋʲ / ɛː-i / ∅-ˈ / k_ŭ_#>-k_#>
{0: [0], 1: [1], 2: [2], 3: [3], 4: [4], 5: [5], 6: None, 7: [6, 7]}
{0: [0], 1: [1], 2: [2], 3: [3], 4: [4], 5: [5], 6: [6], 7: [7]}
SCORE: 25.814

-------------------

/ʧetɨ̌re/ - /ʧɔtˈɪrɪ/
ʧ-ʧ / e-ɔ / t-t / ɨ-ɪ / ̌-ˈ / r-r / ∅-ɪ / e-∅
{0: [0], 1: [1], 2: [2], 3: [3], 4: [4], 5: [5], 6: None, 7: [6]}
{0: [0], 1: [1], 2: [2], 3: [3], 4: [4], 5: [5], 6: [6], 7: None}
SCORE: 18.859

-------------------

/ʧĭto/ - /ʃʧˈɔ/
∅-ʃ / ʧ-ʧ / ĭ-∅ / t-∅ / o-ɔ / #>-ˈ_#>
{0: None, 1: [0], 2: [1], 3: [2], 4: [3], 5: None}
{0: [0], 1: [1], 2: None, 3: None, 4: [2], 5: [3]}
SCORE: -1.201

-------------------

/ʧĭ̌rnŭjĭ/ - /ʧˈɔrnej/
ʧ-ʧ / ĭ-ɔ / ̌-ˈ / r-r / n-n / ŭ-e / j-j / ĭ_#>-#>
{0: [0], 1: [1], 2: [2], 3: [3], 4: [4], 5: [5], 6: [6], 7: [7]}
{0: [0], 1: [1], 2: [2], 3: [3], 4: [4], 5: [5], 6: [6], 7: None}
SCORE: 29.294
