VOWELS
/ɐ/ (0.054)
	<Tochter> /tʰˈɔxtɐ/ "daughter_NOUN"
	<Meer> /mˈeːɐ/ "sea_NOUN"
	<Winter> /vˈɪntɐ/ "winter_NOUN"

/ə/ (0.043)
	<Wolle> /vˈɔlə/ "wool_NOUN_FEM"
	<Beere> /bˈeːʁə/ "berry_NOUN"
	<Auge> /ˈaʊ̯ɡə/ "eye_NOUN"

/ˈa/ (0.034)
	<Katze> /kʰˈaʦə/ "cat_NOUN"
	<danken> /dˈaŋkn̩/ "thank_VERB"
	<Sand> /zˈand̥/ "sand_NOUN"

/ˈaɪ̯/ (0.028)
	<Weib> /vˈaɪ̯b̥/ "wife_NOUN"
	<drei> /dʁˈaɪ̯/ "three_NUM"
	<leicht> /lˈaɪ̯çt/ "light_ADJ"

/ˈɪ/ (0.025)
	<Kind> /kʰˈɪnd̥/ "child_NOUN"
	<Pflicht> /p͡flˈɪçt/ "plight_NOUN"
	<ich> /ˈɪç/ "I_PRON"

/ˈɛ/ (0.019)
	<Berg> /bˈɛɐɡ̊/ "mountain_NOUN"
	<Mensch> /mˈɛnʃ/ "person_NOUN"
	<Schwert> /ʃvˈɛɐt/ "sword_NOUN"

/ˈaʊ̯/ (0.019)
	<brauen> /bʁˈaʊ̯ən/ "brew_VERB"
	<sauer> /zˈaʊ̯ɐ/ "sour_ADJ"
	<Laus> /lˈaʊ̯z̥/ "louse_NOUN"

/ˈaː/ (0.019)
	<Hase> /hˈaːzə/ "hare_NOUN"
	<Zahn> /ʦˈaːn/ "tooth_NOUN"
	<Vater> /fˈaːtɐ/ "father_NOUN"

/ˈɔ/ (0.018)
	<Horn> /hˈɔɐn/ "horn_NOUN"
	<kommen> /kʰˈɔmən/ "come_VERB"
	<Wolle> /vˈɔlə/ "wool_NOUN_FEM"

/ˈiː/ (0.017)
	<Tier> /tʰˈiːɐ/ "animal_NOUN"
	<wir> /vˈiːɐ/ "we_PRON"
	<ihr> /ˈiːɐ/ "ye_PRON"

/ˈʊ/ (0.015)
	<unter> /ˈʊntɐ/ "under_PREP"
	<Mund> /mˈʊnd̥/ "mouth_NOUN"
	<Wurm> /vˈʊɐm/ "worm_NOUN"

/ˈeː/ (0.013)
	<Schwert> /ʃvˈeːɐt/ "sword_NOUN"
	<Beere> /bˈeːʁə/ "berry_NOUN"
	<sehen> /zˈeːən/ "see_VERB"

/ˈoː/ (0.012)
	<Tod> /tʰˈoːd̥/ "death_NOUN"
	<rot> /ʁˈoːt/ "red_ADJ"
	<Honig> /hˈoːnɪç/ "honey_NOUN"

/ˈuː/ (0.012)
	<gut> /ɡˈuːt/ "good_ADJ"
	<Pflug> /p͡flˈuːɡ̊/ "plough_NOUN"
	<Bruder> /bʁˈuːdɐ/ "brother_NOUN"

/ˈɔʏ̯/ (0.008)
	<Mäuse> /mˈɔʏ̯zə/ "mice_NOUN_PL"
	<Feuer> /fˈɔʏ̯ɐ/ "fire_NOUN"
	<Eule> /ˈɔʏ̯lə/ "owl_NOUN"

/ˈʏ/ (0.007)
	<Mücke> /mˈʏkə/ "midge_NOUN"
	<dünn> /dˈʏn/ "thin_ADJ"
	<wünschen> /vˈʏnʃn̩/ "wish_VERB"

/ˈyː/ (0.007)
	<grün> /ɡʁˈyːn/ "green_ADJ"
	<Küken> /kʰˈyːkn̩/ "chicken_NOUN"
	<für> /fˈyːɐ/ "for_PREP"

/ˈɛː/ (0.004)
	<Träne> /tʰʁˈɛːnə/ "tear_NOUN_FEM"
	<Bär> /bˈɛːɐ/ "bear_NOUN"
	<Zähre> /ʦˈɛːʁə/ "tear_NOUN"

/ɪ/ (0.004)
	<Honig> /hˈoːnɪç/ "honey_NOUN"
	<tödlich> /tʰˈøːdlɪç/ "deadly_ADJ"
	<zwanzig> /ʦvˈanʦɪç/ "twenty_NUM"

/ˈøː/ (0.004)
	<hören> /hˈøːʁən/ "hear_VERB"
	<König> /kʰˈøːnɪç/ "king_NOUN"
	<tödlich> /tʰˈøːdlɪç/ "deadly_ADJ"

/ˈœ/ (0.002)
	<können> /kʰˈœnən/ "can_VERB"
	<zwölf> /ʦvˈœlf/ "twelve_NUM"

/eː/ (0.001)
	<dreizehn> /dʁˈaɪ̯ʦeːn/ "thirteen_NUM"

/a/ (0.001)
	<Monat> /mˈoːnat/ "month_NOUN"



CONSONANTS
/n/ (0.105)
	<Winter> /vˈɪntɐ/ "winter_NOUN"
	<Nuss> /nˈʊs/ "nut_NOUN"
	<Mann> /mˈan/ "man_NOUN"

/l/ (0.052)
	<Maul> /mˈaʊ̯l/ "mouth_NOUN"
	<Wal> /vˈaːl/ "whale_NOUN"
	<lieb> /lˈiːb̥/ "beloved_ADJ"

/t/ (0.043)
	<Pflicht> /p͡flˈɪçt/ "plight_NOUN"
	<gut> /ɡˈuːt/ "good_ADJ"
	<Winter> /vˈɪntɐ/ "winter_NOUN"

/f/ (0.037)
	<frisch> /fʁˈɪʃ/ "fresh_ADJ"
	<Freund> /fʁˈɔʏ̯nd̥/ "friend_NOUN"
	<Finger> /fˈɪŋɐ/ "finger_NOUN"

/ʁ/ (0.032)
	<rot> /ʁˈoːt/ "red_ADJ"
	<Bruder> /bʁˈuːdɐ/ "brother_NOUN"
	<Rauch> /ʁˈaʊ̯x/ "smoke_NOUN"

/v/ (0.031)
	<Wolle> /vˈɔlə/ "wool_NOUN_FEM"
	<schwimmen> /ʃvˈɪmən/ "swim_VERB"
	<zwölf> /ʦvˈœlf/ "twelve_NUM"

/m/ (0.028)
	<Sturm> /ʃtˈʊɐm/ "storm_NOUN"
	<Mensch> /mˈɛnʃ/ "person_NOUN"
	<Wurm> /vˈʊɐm/ "worm_NOUN"

/ʃ/ (0.027)
	<Stuhl> /ʃtˈuːl/ "stool_NOUN"
	<deutsch> /dˈɔʏ̯tʃ/ "Teutonic_ADJ"
	<Schwester> /ʃvˈɛstɐ/ "sister_NOUN"

/s/ (0.027)
	<beißen> /bˈaɪ̯sn̩/ "bite_VERB"
	<Geist> /ɡˈaɪ̯st/ "ghost_NOUN"
	<Schwester> /ʃvˈɛstɐ/ "sister_NOUN"

/b/ (0.027)
	<selber> /zˈɛlbɐ/ "self_PRON"
	<Blume> /blˈuːmə/ "flower_NOUN"
	<treiben> /tʰʁˈaɪ̯bn̩/ "drive_VERB"

/ɡ/ (0.023)
	<liegen> /lˈiːɡn̩/ "lie_VERB"
	<Gans> /ɡˈanz̥/ "goose_NOUN"
	<sagen> /zˈaːɡn̩/ "say_VERB"

/z/ (0.022)
	<Sand> /zˈand̥/ "sand_NOUN"
	<sechs> /zˈɛks/ "six_NUM"
	<See> /zˈeː/ "sea_NOUN"

/d/ (0.022)
	<deutsch> /dˈɔʏ̯tʃ/ "Teutonic_ADJ"
	<Wunder> /vˈʊndɐ/ "wonder_NOUN"
	<Feder> /fˈeːdɐ/ "feather_NOUN"

/h/ (0.02)
	<Horn> /hˈɔɐn/ "horn_NOUN"
	<Haupt> /hˈaʊ̯pt/ "head_NOUN"
	<hier> /hˈiːɐ/ "here_ADV"

/ʦ/ (0.017)
	<zwanzig> /ʦvˈanʦɪç/ "twenty_NUM"
	<Zeh> /ʦˈeː/ "toe_NOUN"
	<zwei> /ʦvˈaɪ̯/ "two_NUM"

/ç/ (0.017)
	<Recht> /ʁˈɛçt/ "right_ADJ"
	<mich> /mˈɪç/ "me_PRON_ACC"
	<ich> /ˈɪç/ "I_PRON"

/tʰ/ (0.015)
	<treiben> /tʰʁˈaɪ̯bn̩/ "drive_VERB"
	<tödlich> /tʰˈøːdlɪç/ "deadly_ADJ"
	<Taube> /tʰˈaʊ̯bə/ "dove_NOUN"

/d̥/ (0.015)
	<Hand> /hˈand̥/ "hand_NOUN_FEM"
	<Schild> /ʃˈɪld̥/ "shield_NOUN"
	<Bad> /bˈaːd̥/ "bath_NOUN_NEU"

/kʰ/ (0.014)
	<Knoten> /kʰnˈoːtn̩/ "knot_NOUN"
	<König> /kʰˈøːnɪç/ "king_NOUN"
	<Kind> /kʰˈɪnd̥/ "child_NOUN"

/k/ (0.012)
	<drücken> /dʁˈʏkn̩/ "press_VERB"
	<nackt> /nˈakt/ "naked_ADJ"
	<trocken> /tʰʁˈɔkn̩/ "dry_ADJ"

/ŋ/ (0.01)
	<Ding> /dˈɪŋ/ "thing_NOUN"
	<Schlange> /ʃlˈaŋə/ "snake_NOUN"
	<danken> /dˈaŋkn̩/ "thank_VERB"

/x/ (0.01)
	<Macht> /mˈaxt/ "might_NOUN"
	<Nacht> /nˈaxt/ "night_NOUN_FEM"
	<Woche> /vˈɔxə/ "week_NOUN"

/z̥/ (0.006)
	<Gans> /ɡˈanz̥/ "goose_NOUN"
	<Laus> /lˈaʊ̯z̥/ "louse_NOUN"
	<Maus> /mˈaʊ̯z̥/ "mouse_NOUN_FEM"

/b̥/ (0.006)
	<Dieb> /dˈiːb̥/ "thief_NOUN"
	<gelb> /ɡˈɛlb̥/ "yellow_ADJ"
	<halb> /hˈalb̥/ "half_NOUN"

/ɡ̊/ (0.005)
	<Berg> /bˈɛɐɡ̊/ "mountain_NOUN"
	<Pflug> /p͡flˈuːɡ̊/ "plough_NOUN"
	<Tag> /tʰˈaːɡ̊/ "day_NOUN"

/p͡f/ (0.004)
	<Kopf> /kʰˈɔp͡f/ "head_NOUN"
	<Pflug> /p͡flˈuːɡ̊/ "plough_NOUN"
	<Pfad> /p͡fˈaːd̥/ "path_NOUN"

/p/ (0.002)
	<Haupt> /hˈaʊ̯pt/ "head_NOUN"
	<Sprache> /ʃpʁˈaːxə/ "speech_NOUN_FEM"

/j/ (0.002)
	<jung> /jˈʊŋ/ "young_NOUN"
	<Jahr> /jˈaːɐ/ "year_NOUN"



