/bərɐdˈa/ - /brǎːda/
b-b / ə-∅ / r-r / ɐ-ǎː / d-d / ˈa-a
{0: [0], 1: [1], 2: [2], 3: [3], 4: [4], 5: [5]}
{0: [0], 1: None, 2: [1], 3: [2], 4: [3], 5: [4]}
SCORE: 21.464

-------------------

/bʲɪrʲˈɵzə/ - /brêza/
bʲ-b / ɪ-∅ / rʲ-r / ∅-ê / ˈɵ-∅ / z-z / ə-a
{0: [0], 1: [1], 2: [2], 3: None, 4: [3], 5: [4], 6: [5]}
{0: [0], 1: None, 2: [1], 3: [2], 4: None, 5: [3], 6: [4]}
SCORE: 10.031

-------------------

/bʲˈez̥/ - /běz/
bʲ-b / ∅-ě / ˈe-∅ / z̥-z
{0: [0], 1: None, 2: [1], 3: [2]}
{0: [0], 1: [1], 2: None, 3: [2]}
SCORE: 3.443

-------------------

/bʲˈeɫɨj/ - /bjêːl/
bʲ-b / ˈe-j_êː / ɫ-l / ɨ_j_#>-#>
{0: [0], 1: [1], 2: [2], 3: [3, 4]}
{0: [0], 1: [1, 2], 2: [3], 3: None}
SCORE: 12.909

-------------------

/bˈobr/ - /dǎbar/
<#-<#_d / ∅-ǎ / b-b / ∅-a / ˈo-∅ / b-∅ / r-r
{0: None, 1: None, 2: [0], 3: None, 4: [1], 5: [2], 6: [3]}
{0: [0], 1: [1], 2: [2], 3: [3], 4: None, 5: None, 6: [4]}
SCORE: -6.176

-------------------

/bˈox/ - /bôːɡ/
b-b / ˈo-ôː / ∅-ɡ / x-∅
{0: [0], 1: [1], 2: None, 3: [2]}
{0: [0], 1: [1], 2: [2], 3: None}
SCORE: 5.912

-------------------

/bˈɨtʲ/ - /bîti/
b-b / ˈɨ-î / tʲ-t_i
{0: [0], 1: [1], 2: [2]}
{0: [0], 1: [1], 2: [2, 3]}
SCORE: 19.544

-------------------

/dvˈa/ - /dʋâː/
d-d / v-ʋ / ˈa-âː
{0: [0], 1: [1], 2: [2]}
{0: [0], 1: [1], 2: [2]}
SCORE: 15.116

-------------------

/dʲˈenʲ/ - /dâːn/
dʲ-d / ∅-âː / ˈe-∅ / nʲ-n
{0: [0], 1: None, 2: [1], 3: [2]}
{0: [0], 1: [1], 2: None, 3: [2]}
SCORE: 3.729

-------------------

/dʲˈerʲɪvə/ - /dr̩̂ʋo/
dʲ-d / ˈe-∅ / rʲ_ɪ-r̩̂ / v-ʋ / ə-o
{0: [0], 1: [1], 2: [2, 3], 3: [4], 4: [5]}
{0: [0], 1: None, 2: [1], 3: [2], 4: [3]}
SCORE: 12.967

-------------------

/dʲˈesʲɪtʲ/ - /dêseːt/
dʲ-d / ˈe-ê / sʲ-s / ɪ-eː / tʲ-t
{0: [0], 1: [1], 2: [2], 3: [3], 4: [4]}
{0: [0], 1: [1], 2: [2], 3: [3], 4: [4]}
SCORE: 29.292

-------------------

/dʲˈevʲɪtʲ/ - /dêʋeːt/
dʲ-d / ˈe-ê / vʲ-ʋ / ɪ-eː / tʲ-t
{0: [0], 1: [1], 2: [2], 3: [3], 4: [4]}
{0: [0], 1: [1], 2: [2], 3: [3], 4: [4]}
SCORE: 27.253

-------------------

/dˈoɫɡʲɪj/ - /dûɡ/
d-d / ˈo_ɫ-û / ɡʲ-ɡ / ɪ-∅ / j-∅
{0: [0], 1: [1, 2], 2: [3], 3: [4], 4: [5]}
{0: [0], 1: [1], 2: [2], 3: None, 4: None}
SCORE: 6.85

-------------------

/dˈoʐ̊d̥ʲ/ - /dâʒd/
d-d / ˈo-â / ʐ̊-ʒ / d̥ʲ-d
{0: [0], 1: [1], 2: [2], 3: [3]}
{0: [0], 1: [1], 2: [2], 3: [3]}
SCORE: 23.274

-------------------

/dˈoʨ/ - /kʨîː/
∅-k / d-∅ / ˈo_ʨ-ʨ / #>-îː_#>
{0: None, 1: [0], 2: [1, 2], 3: None}
{0: [0], 1: None, 2: [1], 3: [2]}
SCORE: -5.895

-------------------

/dˈɨm/ - /dîm/
d-d / ˈɨ-î / m-m
{0: [0], 1: [1], 2: [2]}
{0: [0], 1: [1], 2: [2]}
SCORE: 21.902

-------------------

/jɪzˈɨk/ - /jězik/
<#_j-<#_j / ɪ-ě / z-z / ˈɨ-i / k-k
{0: [0], 1: [1], 2: [2], 3: [3], 4: [4]}
{0: [0], 1: [1], 2: [2], 3: [3], 4: [4]}
SCORE: 24.613

-------------------

/jˈa/ - /jâː/
<#_j-<#_j / ˈa-âː
{0: [0], 1: [1]}
{0: [0], 1: [1]}
SCORE: 10.242

-------------------

/jˈabɫəkə/ - /jâbuka/
j_ˈa-j_â / b-b / ∅-u / ɫ-∅ / ə-∅ / k-k / ə-a
{0: [0, 1], 1: [2], 2: None, 3: [3], 4: [4], 5: [5], 6: [6]}
{0: [0, 1], 1: [2], 2: [3], 3: None, 4: None, 5: [4], 6: [5]}
SCORE: 14.437

-------------------

/jˈasnɨj/ - /jǎsan/
<#_j-<#_j / ˈa-ǎ / s-s / n-a_n / ɨ_j_#>-#>
{0: [0], 1: [1], 2: [2], 3: [3], 4: [4, 5]}
{0: [0], 1: [1], 2: [2], 3: [3, 4], 4: None}
SCORE: 14.428

-------------------

/jˈaɡədə/ - /jâɡoda/
j_ˈa-j_â / ɡ-ɡ / ə-o / d-d / ə-a
{0: [0, 1], 1: [2], 2: [3], 3: [4], 4: [5]}
{0: [0, 1], 1: [2], 2: [3], 3: [4], 4: [5]}
SCORE: 32.968

-------------------

/krɨɫˈo/ - /krǐːlo/
k-k / r-r / ∅-ǐː / ɨ-∅ / ɫ-l / ˈo_#>-o_#>
{0: [0], 1: [1], 2: None, 3: [2], 4: [3], 5: [4]}
{0: [0], 1: [1], 2: [2], 3: None, 4: [3], 5: [4]}
SCORE: 11.681

-------------------

/krˈofʲ/ - /kr̩̂ːʋ/
k-k / r-r̩̂ː / ˈo-∅ / fʲ-ʋ
{0: [0], 1: [1], 2: [2], 3: [3]}
{0: [0], 1: [1], 2: None, 3: [2]}
SCORE: 8.115

-------------------

/kɐlʲˈenə/ - /kǒʎeno/
k-k / ɐ-ǒ / lʲ-ʎ / ˈe-e / n-n / ə-o
{0: [0], 1: [1], 2: [2], 3: [3], 4: [4], 5: [5]}
{0: [0], 1: [1], 2: [2], 3: [3], 4: [4], 5: [5]}
SCORE: 33.64

-------------------

/kɐrˈa/ - /kôra/
k-k / ɐ-ô / r-r / ˈa-a
{0: [0], 1: [1], 2: [2], 3: [3]}
{0: [0], 1: [1], 2: [2], 3: [3]}
SCORE: 21.117

-------------------

/kɐrˈolʲ/ - /krâːʎ/
k-k / ɐ_r-r / ˈo-âː / lʲ_#>-ʎ_#>
{0: [0], 1: [1, 2], 2: [3], 3: [4]}
{0: [0], 1: [1], 2: [2], 3: [3]}
SCORE: 19.747

-------------------

/kɐrˈovə/ - /krâʋa/
k-k / ɐ_r-r / ˈo-â / v-ʋ / ə-a
{0: [0], 1: [1, 2], 2: [3], 3: [4], 4: [5]}
{0: [0], 1: [1], 2: [2], 3: [3], 4: [4]}
SCORE: 19.421

-------------------

/kʊsˈatʲ/ - /kǔːsati/
k-k / ʊ-ǔː / s-s / ˈa-a / tʲ-t_i
{0: [0], 1: [1], 2: [2], 3: [3], 4: [4]}
{0: [0], 1: [1], 2: [2], 3: [3], 4: [4, 5]}
SCORE: 28.297

-------------------

/kˈamʲɪnʲ/ - /kâmeːn/
k-k / ˈa-â / mʲ-m / ɪ-eː / nʲ-n
{0: [0], 1: [1], 2: [2], 3: [3], 4: [4]}
{0: [0], 1: [1], 2: [2], 3: [3], 4: [4]}
SCORE: 27.712

-------------------

/kˈonʲ/ - /kôɲ/
k-k / ˈo-ô / nʲ-ɲ
{0: [0], 1: [1], 2: [2]}
{0: [0], 1: [1], 2: [2]}
SCORE: 16.539

-------------------

/kˈorʲɪnʲ/ - /kôrjeːn/
k-k / ˈo-ô / rʲ-r / ∅-j / ɪ-eː / nʲ-n
{0: [0], 1: [1], 2: [2], 3: None, 4: [3], 5: [4]}
{0: [0], 1: [1], 2: [2], 3: [3], 4: [4], 5: [5]}
SCORE: 21.914

-------------------

/kˈosʲtʲ/ - /kôːst/
k-k / ˈo-ôː / sʲ-s / tʲ-t
{0: [0], 1: [1], 2: [2], 3: [3]}
{0: [0], 1: [1], 2: [2], 3: [3]}
SCORE: 23.762

-------------------

/kˈoʐə/ - /kôʒa/
k-k / ˈo-ô / ʐ-ʒ / ə-a
{0: [0], 1: [1], 2: [2], 3: [3]}
{0: [0], 1: [1], 2: [2], 3: [3]}
SCORE: 23.919

-------------------

/lʲˈef/ - /lâʋ/
<#_lʲ-<#_l / ∅-â / ˈe-∅ / f-ʋ
{0: [0], 1: None, 2: [1], 3: [2]}
{0: [0], 1: [1], 2: None, 3: [2]}
SCORE: 1.877

-------------------

/lʲˈetə/ - /ljêto/
<#_lʲ-<#_l / ˈe-j_ê / t_ə-t_o
{0: [0], 1: [1], 2: [2, 3]}
{0: [0], 1: [1, 2], 2: [3, 4]}
SCORE: 22.251

-------------------

/lʲˈist/ - /lîːst/
<#_lʲ-<#_l / ˈi-îː / s-s / t_#>-t_#>
{0: [0], 1: [1], 2: [2], 3: [3]}
{0: [0], 1: [1], 2: [2], 3: [3]}
SCORE: 25.149

-------------------

/lʲˈɵd̥/ - /lêːd/
<#_lʲ-<#_l / ˈɵ-êː / d̥_#>-d_#>
{0: [0], 1: [1], 2: [2]}
{0: [0], 1: [1], 2: [2]}
SCORE: 19.275

-------------------

/lʲˈʉdʲɪ/ - /ʎûːdi/
lʲ-ʎ / ˈʉ-ûː / dʲ-d / ∅-i / ɪ-∅
{0: [0], 1: [1], 2: [2], 3: None, 4: [3]}
{0: [0], 1: [1], 2: [2], 3: [3], 4: None}
SCORE: 8.601

-------------------

/məɫɐkˈo/ - /mljěːko/
m-m / ə-∅ / ɫ-l / ɐ-j / ∅-ěː / k-k / ˈo_#>-o_#>
{0: [0], 1: [1], 2: [2], 3: [3], 4: None, 5: [4], 6: [5]}
{0: [0], 1: None, 2: [1], 3: [2], 4: [3], 5: [4], 6: [5]}
SCORE: 13.042

-------------------

/mɡɫˈa/ - /mǎɡla/
m-m / ∅-ǎ / ɡ-ɡ / ɫ-l / ˈa-a
{0: [0], 1: None, 2: [1], 3: [2], 4: [3]}
{0: [0], 1: [1], 2: [2], 3: [3], 4: [4]}
SCORE: 19.281

-------------------

/mʲˈasə/ - /mêːso/
mʲ-m / ∅-êː / ˈa-∅ / s-s / ə-o
{0: [0], 1: None, 2: [1], 3: [2], 4: [3]}
{0: [0], 1: [1], 2: None, 3: [2], 4: [3]}
SCORE: 9.607

-------------------

/mʲˈestə/ - /mjêsto/
mʲ-m_j / ˈe-ê / s-s / t_ə-t_o
{0: [0], 1: [1], 2: [2], 3: [3, 4]}
{0: [0, 1], 1: [2], 2: [3], 3: [4, 5]}
SCORE: 28.264

-------------------

/mʲˈesʲɪʦ/ - /mjêseːʦ/
mʲ-m_j / ˈe-ê / sʲ-s / ɪ-eː / ʦ-ʦ
{0: [0], 1: [1], 2: [2], 3: [3], 4: [4]}
{0: [0, 1], 1: [2], 2: [3], 3: [4], 4: [5]}
SCORE: 29.756

-------------------

/mʲˈɵd̥/ - /mêːd/
mʲ-m / ˈɵ-êː / d̥_#>-d_#>
{0: [0], 1: [1], 2: [2]}
{0: [0], 1: [1], 2: [2]}
SCORE: 18.361

-------------------

/mʲˈɵrtvɨj/ - /mr̩̂ːtʋiː/
mʲ-m / ˈɵ_r-r̩̂ː / t-t / v-ʋ / ɨ-∅ / j-iː
{0: [0], 1: [1, 2], 2: [3], 3: [4], 4: [5], 5: [6]}
{0: [0], 1: [1], 2: [2], 3: [3], 4: None, 5: [4]}
SCORE: 20.644

-------------------

/mˈorʲe/ - /môːre/
m-m / ˈo-ôː / rʲ-r / e-∅ / #>-e_#>
{0: [0], 1: [1], 2: [2], 3: [3], 4: None}
{0: [0], 1: [1], 2: [2], 3: None, 4: [3]}
SCORE: 14.195

-------------------

/mˈoz̥ɡ̊/ - /môzaɡ̊/
m-m / ˈo-ô / z̥-z / ∅-a / ɡ̊-ɡ̊
{0: [0], 1: [1], 2: [2], 3: None, 4: [3]}
{0: [0], 1: [1], 2: [2], 3: [3], 4: [4]}
SCORE: 20.415

-------------------

/mˈudrɨj/ - /mǔːdar/
m-m / ∅-ǔː / ˈu-∅ / d-d / ∅-a / r-r / ɨ_j_#>-#>
{0: [0], 1: None, 2: [1], 3: [2], 4: None, 5: [3], 6: [4, 5]}
{0: [0], 1: [1], 2: None, 3: [2], 4: [3], 5: [4], 6: None}
SCORE: 1.024

-------------------

/mˈuxə/ - /mǔxa/
m-m / ˈu-ǔ / x-x / ə-a
{0: [0], 1: [1], 2: [2], 3: [3]}
{0: [0], 1: [1], 2: [2], 3: [3]}
SCORE: 22.622

-------------------

/mˈuʐ̊/ - /mûːʒ/
m-m / ˈu-ûː / ʐ̊-ʒ
{0: [0], 1: [1], 2: [2]}
{0: [0], 1: [1], 2: [2]}
SCORE: 23.481

-------------------

/mˈɨsʲlʲ/ - /mîːsao/
m-m / ˈɨ-îː / sʲ-s / ∅-a / lʲ-∅ / #>-o_#>
{0: [0], 1: [1], 2: [2], 3: None, 4: [3], 5: None}
{0: [0], 1: [1], 2: [2], 3: [3], 4: None, 5: [4]}
SCORE: 5.246

-------------------

/nɐɡˈa/ - /nǒɡa/
<#_n-<#_n / ɐ-ǒ / ɡ-ɡ / ˈa-a
{0: [0], 1: [1], 2: [2], 3: [3]}
{0: [0], 1: [1], 2: [2], 3: [3]}
SCORE: 25.903

-------------------

/nʲɪvʲˈestə/ - /něʋjesta/
nʲ-n / ɪ-ě / vʲ-ʋ_j / ˈe-e / s-s / t-t / ə-a
{0: [0], 1: [1], 2: [2], 3: [3], 4: [4], 5: [5], 6: [6]}
{0: [0], 1: [1], 2: [2, 3], 3: [4], 4: [5], 5: [6], 6: [7]}
SCORE: 29.719

-------------------

/nˈos/ - /nôːs/
<#_n-<#_n / ˈo-ôː / s_#>-s_#>
{0: [0], 1: [1], 2: [2]}
{0: [0], 1: [1], 2: [2]}
SCORE: 23.032

-------------------

/nˈoɡətʲ/ - /nôkat/
<#_n-<#_n / ˈo-ô / ∅-k / ɡ-∅ / ə_tʲ-a_t
{0: [0], 1: [1], 2: None, 3: [2], 4: [3, 4]}
{0: [0], 1: [1], 2: [2], 3: None, 4: [3, 4]}
SCORE: 14.688

-------------------

/nˈoʨ/ - /nôːʨ/
<#_n-<#_n / ˈo-ôː / ʨ-ʨ
{0: [0], 1: [1], 2: [2]}
{0: [0], 1: [1], 2: [2]}
SCORE: 20.504

-------------------

/ptʲˈiʦə/ - /ptîʦa/
p-p / tʲ-t / ˈi-î / ʦ-ʦ / ə-a
{0: [0], 1: [1], 2: [2], 3: [3], 4: [4]}
{0: [0], 1: [1], 2: [2], 3: [3], 4: [4]}
SCORE: 31.326

-------------------

/pʨɪɫˈa/ - /pʧěla/
p-p / ʨ-ʧ / ɪ-ě / ɫ-l / ˈa-a
{0: [0], 1: [1], 2: [2], 3: [3], 4: [4]}
{0: [0], 1: [1], 2: [2], 3: [3], 4: [4]}
SCORE: 31.168

-------------------

/pʲɪsˈok/ - /pjěːsak/
pʲ-p / ɪ-j_ěː / s-s / ∅-a / ˈo-∅ / k-k
{0: [0], 1: [1], 2: [2], 3: None, 4: [3], 5: [4]}
{0: [0], 1: [1, 2], 2: [3], 3: [4], 4: None, 5: [5]}
SCORE: 11.42

-------------------

/pʲˈepʲɪɫ/ - /pêpeo/
pʲ-p / ˈe-ê / pʲ-p / ∅-e / ɪ-∅ / ɫ-o
{0: [0], 1: [1], 2: [2], 3: None, 4: [3], 5: [4]}
{0: [0], 1: [1], 2: [2], 3: [3], 4: None, 5: [4]}
SCORE: 13.621

-------------------

/pʲˈerst/ - /pr̩̂st/
pʲ-p / ˈe_r-r̩̂ / s-s / t_#>-t_#>
{0: [0], 1: [1, 2], 2: [3], 3: [4]}
{0: [0], 1: [1], 2: [2], 3: [3]}
SCORE: 26.999

-------------------

/pʲˈitʲ/ - /pîti/
pʲ-p / ˈi-î / tʲ-t_i
{0: [0], 1: [1], 2: [2]}
{0: [0], 1: [1], 2: [2, 3]}
SCORE: 19.437

-------------------

/pʲˈætʲ/ - /pêːt/
pʲ-p / ∅-êː / ˈæ-∅ / tʲ-t
{0: [0], 1: None, 2: [1], 3: [2]}
{0: [0], 1: [1], 2: None, 3: [2]}
SCORE: 5.97

-------------------

/pʲˈɵs/ - /pâs/
pʲ-p / ∅-â / ˈɵ-∅ / s_#>-s_#>
{0: [0], 1: None, 2: [1], 3: [2]}
{0: [0], 1: [1], 2: None, 3: [2]}
SCORE: 8.517

-------------------

/pˈoɫnɨj/ - /pûn/
p-p / ˈo_ɫ-û / n-n / ɨ_j_#>-#>
{0: [0], 1: [1, 2], 2: [3], 3: [4, 5]}
{0: [0], 1: [1], 2: [2], 3: None}
SCORE: 14.65

-------------------

/pˈutʲ/ - /pûːt/
p-p / ˈu-ûː / tʲ-t
{0: [0], 1: [1], 2: [2]}
{0: [0], 1: [1], 2: [2]}
SCORE: 21.743

-------------------

/rʊkˈa/ - /rǔːka/
<#_r-<#_r / ʊ-ǔː / k-k / ˈa-a
{0: [0], 1: [1], 2: [2], 3: [3]}
{0: [0], 1: [1], 2: [2], 3: [3]}
SCORE: 27.311

-------------------

/rʲɪkˈa/ - /rjěːka/
rʲ-r / ɪ-j_ěː / k-k / ˈa-a
{0: [0], 1: [1], 2: [2], 3: [3]}
{0: [0], 1: [1, 2], 2: [3], 3: [4]}
SCORE: 18.625

-------------------

/rˈaɫə/ - /râlo/
<#_r-<#_r / ˈa-â / ɫ-l / ə-o
{0: [0], 1: [1], 2: [2], 3: [3]}
{0: [0], 1: [1], 2: [2], 3: [3]}
SCORE: 23.715

-------------------

/rˈost/ - /râːst/
<#_r-<#_r / ˈo-âː / s-s / t_#>-t_#>
{0: [0], 1: [1], 2: [2], 3: [3]}
{0: [0], 1: [1], 2: [2], 3: [3]}
SCORE: 21.85

-------------------

/rˈoɡ̊/ - /rôːɡ/
<#_r-<#_r / ˈo-ôː / ɡ̊-ɡ
{0: [0], 1: [1], 2: [2]}
{0: [0], 1: [1], 2: [2]}
SCORE: 18.984

-------------------

/rˈɨbə/ - /rîba/
<#_r-<#_r / ˈɨ-î / b-b / ə-a
{0: [0], 1: [1], 2: [2], 3: [3]}
{0: [0], 1: [1], 2: [2], 3: [3]}
SCORE: 26.144

-------------------

/smʲˈertʲ/ - /smr̩̂t/
s-s / mʲ-m / ∅-r̩̂ / ˈe-∅ / r-∅ / tʲ-t
{0: [0], 1: [1], 2: None, 3: [2], 4: [3], 5: [4]}
{0: [0], 1: [1], 2: [2], 3: None, 4: None, 5: [3]}
SCORE: 5.165

-------------------

/stˈarɨj/ - /stâr/
s-s / t-t / ˈa-â / r-r / ɨ_j_#>-#>
{0: [0], 1: [1], 2: [2], 3: [3], 4: [4, 5]}
{0: [0], 1: [1], 2: [2], 3: [3], 4: None}
SCORE: 18.193

-------------------

/stˈo/ - /stôː/
s-s / t-t / ˈo-ôː
{0: [0], 1: [1], 2: [2]}
{0: [0], 1: [1], 2: [2]}
SCORE: 18.944

-------------------

/stˈoɫ/ - /stôːl/
s-s / t-t / ˈo-ôː / ɫ-l
{0: [0], 1: [1], 2: [2], 3: [3]}
{0: [0], 1: [1], 2: [2], 3: [3]}
SCORE: 23.436

-------------------

/svʲɪtˈoj/ - /sʋêːt/
s-s / vʲ-ʋ / ∅-êː / ɪ-∅ / t_ˈo-t / j-∅
{0: [0], 1: [1], 2: None, 3: [2], 4: [3, 4], 5: [5]}
{0: [0], 1: [1], 2: [2], 3: None, 4: [3], 5: None}
SCORE: -2.401

-------------------

/sɫˈavə/ - /slâʋa/
s-s / ɫ-l / ˈa-â / v-ʋ / ə-a
{0: [0], 1: [1], 2: [2], 3: [3], 4: [4]}
{0: [0], 1: [1], 2: [2], 3: [3], 4: [4]}
SCORE: 23.721

-------------------

/sʊxˈoj/ - /sûːx/
s-s / ʊ-ûː / x-x / ˈo-∅ / j-∅
{0: [0], 1: [1], 2: [2], 3: [3], 4: [4]}
{0: [0], 1: [1], 2: [2], 3: None, 4: None}
SCORE: 8.282

-------------------

/sʲnʲˈeɡ̊/ - /snjêːɡ/
sʲ-s / nʲ-n / ˈe-j_êː / ɡ̊-ɡ
{0: [0], 1: [1], 2: [2], 3: [3]}
{0: [0], 1: [1], 2: [2, 3], 3: [4]}
SCORE: 18.201

-------------------

/sʲˈemʲ/ - /sêdam/
sʲ-s / ˈe-ê / ∅-d / ∅-a / mʲ-m
{0: [0], 1: [1], 2: None, 3: None, 4: [2]}
{0: [0], 1: [1], 2: [2], 3: [3], 4: [4]}
SCORE: 10.52

-------------------

/sʲˈerʦə/ - /sr̩̂ʦe/
sʲ-s / ˈe_r-r̩̂ / ʦ-ʦ / ə_#>-e_#>
{0: [0], 1: [1, 2], 2: [3], 3: [4]}
{0: [0], 1: [1], 2: [2], 3: [3]}
SCORE: 26.412

-------------------

/sˈad̥/ - /sâːd/
s-s / ˈa-âː / d̥_#>-d_#>
{0: [0], 1: [1], 2: [2]}
{0: [0], 1: [1], 2: [2]}
SCORE: 18.229

-------------------

/sˈolʲ/ - /sôːl/
s-s / ˈo-ôː / lʲ-l
{0: [0], 1: [1], 2: [2]}
{0: [0], 1: [1], 2: [2]}
SCORE: 18.116

-------------------

/sˈon/ - /sân/
s-s / ˈo-â / n-n
{0: [0], 1: [1], 2: [2]}
{0: [0], 1: [1], 2: [2]}
SCORE: 17.924

-------------------

/sˈonʦə/ - /sûːnʦe/
s-s / ˈo-ûː / n-n / ʦ-ʦ / ə_#>-e_#>
{0: [0], 1: [1], 2: [2], 3: [3], 4: [4]}
{0: [0], 1: [1], 2: [2], 3: [3], 4: [4]}
SCORE: 27.521

-------------------

/sˈɨn/ - /sîːn/
s-s / ˈɨ-îː / n-n
{0: [0], 1: [1], 2: [2]}
{0: [0], 1: [1], 2: [2]}
SCORE: 17.191

-------------------

/sˈɨr/ - /sîr/
s-s / ˈɨ-î / r-r
{0: [0], 1: [1], 2: [2]}
{0: [0], 1: [1], 2: [2]}
SCORE: 20.236

-------------------

/trɐvˈa/ - /trǎːʋa/
t-t / r-r / ɐ-ǎː / v-ʋ / ˈa-a
{0: [0], 1: [1], 2: [2], 3: [3], 4: [4]}
{0: [0], 1: [1], 2: [2], 3: [3], 4: [4]}
SCORE: 21.924

-------------------

/trʲˈi/ - /trîː/
t-t / rʲ-r / ˈi-îː
{0: [0], 1: [1], 2: [2]}
{0: [0], 1: [1], 2: [2]}
SCORE: 18.395

-------------------

/tvʲˈɵrdɨj/ - /tʋr̩̂ːd/
t-t / vʲ-ʋ / ˈɵ_r-r̩̂ː / d-d / ɨ_j_#>-#>
{0: [0], 1: [1], 2: [2, 3], 3: [4], 4: [5, 6]}
{0: [0], 1: [1], 2: [2], 3: [3], 4: None}
SCORE: 15.831

-------------------

/tʲɪlʲˈa/ - /těle/
<#_tʲ-<#_t / ɪ-ě / lʲ-l / ˈa-∅ / #>-e_#>
{0: [0], 1: [1], 2: [2], 3: [3], 4: None}
{0: [0], 1: [1], 2: [2], 3: None, 4: [3]}
SCORE: 12.987

-------------------

/tʲˈaʐ̊kʲɪj/ - /těːʒak/
<#_tʲ-<#_t / ∅-ěː / ˈa-∅ / ʐ̊-ʒ / ∅-a / kʲ-k / ɪ-∅ / j-∅
{0: [0], 1: None, 2: [1], 3: [2], 4: None, 5: [3], 6: [4], 7: [5]}
{0: [0], 1: [1], 2: None, 3: [2], 4: [3], 5: [4], 6: None, 7: None}
SCORE: -3.931

-------------------

/tʲˈeɫə/ - /tjêːlo/
<#_tʲ-<#_t / ˈe-j_êː / ɫ-l / ə-o
{0: [0], 1: [1], 2: [2], 3: [3]}
{0: [0], 1: [1, 2], 2: [3], 3: [4]}
SCORE: 21.25

-------------------

/tʲˈixʲɪj/ - /tîx/
<#_tʲ-<#_t / ˈi-î / xʲ-x / ɪ-∅ / j-∅
{0: [0], 1: [1], 2: [2], 3: [3], 4: [4]}
{0: [0], 1: [1], 2: [2], 3: None, 4: None}
SCORE: 13.124

-------------------

/tʲˈɵpɫɨj/ - /tôpao/
<#_tʲ-<#_t / ∅-ô / ˈɵ-∅ / p-p / ∅-a / ɫ-o / ɨ_j_#>-#>
{0: [0], 1: None, 2: [1], 3: [2], 4: None, 5: [3], 6: [4, 5]}
{0: [0], 1: [1], 2: None, 3: [2], 4: [3], 5: [4], 6: None}
SCORE: -1.542

-------------------

/v/ - /u/
<#_v-<# / ∅-u
{0: [0], 1: None}
{0: None, 1: [0]}
SCORE: -2.06

-------------------

/vzʲˈætʲ/ - /ǔzeːti/
<#_v-<# / ∅-ǔ / zʲ-z / ˈæ-eː / tʲ-t_i
{0: [0], 1: None, 2: [1], 3: [2], 4: [3]}
{0: None, 1: [0], 2: [1], 3: [2], 4: [3, 4]}
SCORE: 8.317

-------------------

/vɐdˈa/ - /ʋǒda/
v-ʋ / ɐ-ǒ / d-d / ˈa-a
{0: [0], 1: [1], 2: [2], 3: [3]}
{0: [0], 1: [1], 2: [2], 3: [3]}
SCORE: 21.77

-------------------

/vɐɫˈoʨ/ - /ʋûːʨi/
v-ʋ / ɐ-∅ / ɫ-ûː / ˈo_ʨ-ʨ / ∅-i
{0: [0], 1: [1], 2: [2], 3: [3, 4], 4: None}
{0: [0], 1: None, 2: [1], 3: [2], 4: [3]}
SCORE: 0.017

-------------------

/vʲɪlʲˈikʲɪj/ - /ʋělik/
vʲ-ʋ / ɪ-ě / lʲ-l / ˈi-i / kʲ-k / ɪ-∅ / j-∅
{0: [0], 1: [1], 2: [2], 3: [3], 4: [4], 5: [5], 6: [6]}
{0: [0], 1: [1], 2: [2], 3: [3], 4: [4], 5: None, 6: None}
SCORE: 12.043

-------------------

/vʲɪzˈatʲ/ - /ʋěːzati/
vʲ-ʋ / ɪ-ěː / z-z / ˈa-a / tʲ-t_i
{0: [0], 1: [1], 2: [2], 3: [3], 4: [4]}
{0: [0], 1: [1], 2: [2], 3: [3], 4: [4, 5]}
SCORE: 23.535

-------------------

/vʲˈetʲɪr/ - /ʋjêtar/
vʲ-ʋ_j / ˈe-ê / tʲ-t / ∅-a / ɪ-∅ / r-r
{0: [0], 1: [1], 2: [2], 3: None, 4: [3], 5: [4]}
{0: [0, 1], 1: [2], 2: [3], 3: [4], 4: None, 5: [5]}
SCORE: 11.524

-------------------

/vʲˈeʨɪr/ - /ʋêʧeːr/
vʲ-ʋ / ˈe-ê / ʨ-ʧ / ɪ-eː / r-r
{0: [0], 1: [1], 2: [2], 3: [3], 4: [4]}
{0: [0], 1: [1], 2: [2], 3: [3], 4: [4]}
SCORE: 29.812

-------------------

/vʲˈidʲɪtʲ/ - /ʋîdjeti/
vʲ-ʋ / ˈi-î / dʲ-d / ɪ-j / ∅-e / tʲ-t_i
{0: [0], 1: [1], 2: [2], 3: [3], 4: None, 5: [4]}
{0: [0], 1: [1], 2: [2], 3: [3], 4: [4], 5: [5, 6]}
SCORE: 16.805

-------------------

/vˈosk/ - /ʋôsak/
v-ʋ / ˈo-ô / s-s / ∅-a / k-k
{0: [0], 1: [1], 2: [2], 3: None, 4: [3]}
{0: [0], 1: [1], 2: [2], 3: [3], 4: [4]}
SCORE: 16.344

-------------------

/vˈosʲɪmʲ/ - /ôsam/
<#_v-<# / ˈo-ô / sʲ_ɪ-s / ∅-a / mʲ-m
{0: [0], 1: [1], 2: [2, 3], 3: None, 4: [4]}
{0: None, 1: [0], 2: [1], 3: [2], 4: [3]}
SCORE: 7.414

-------------------

/vˈoɫ/ - /ʋôːl/
v-ʋ / ˈo-ôː / ɫ-l
{0: [0], 1: [1], 2: [2]}
{0: [0], 1: [1], 2: [2]}
SCORE: 16.594

-------------------

/vˈoɫk/ - /ʋûːk/
v-ʋ / ˈo_ɫ-ûː / k-k
{0: [0], 1: [1, 2], 2: [3]}
{0: [0], 1: [1], 2: [2]}
SCORE: 14.739

-------------------

/vˈɨdrə/ - /ʋîdra/
v-ʋ / ˈɨ-î / d-d / r-r / ə-a
{0: [0], 1: [1], 2: [2], 3: [3], 4: [4]}
{0: [0], 1: [1], 2: [2], 3: [3], 4: [4]}
SCORE: 26.141

-------------------

/xlʲˈeb̥/ - /xʎêb/
x-x / lʲ-ʎ / ˈe-ê / b̥-b
{0: [0], 1: [1], 2: [2], 3: [3]}
{0: [0], 1: [1], 2: [2], 3: [3]}
SCORE: 26.806

-------------------

/xrʲɪbʲˈet/ - /xr̩̂bat/
x-x / rʲ_ɪ-r̩̂ / bʲ-b / ∅-a / ˈe-∅ / t_#>-t_#>
{0: [0], 1: [1, 2], 2: [3], 3: None, 4: [4], 5: [5]}
{0: [0], 1: [1], 2: [2], 3: [3], 4: None, 5: [4]}
SCORE: 13.993

-------------------

/xɐɫˈodnɨj/ - /xlǎːdan/
x-x / ɐ-∅ / ɫ-l / ∅-ǎː / ˈo-∅ / d-d / n-a_n / ɨ_j_#>-#>
{0: [0], 1: [1], 2: [2], 3: None, 4: [3], 5: [4], 6: [5], 7: [6, 7]}
{0: [0], 1: None, 2: [1], 3: [2], 4: None, 5: [3], 6: [4, 5], 7: None}
SCORE: 4.373

-------------------

/zdɐrˈovɨj/ - /zdrâʋ/
z-z / d-d / ɐ_r-r / ˈo-â / v-ʋ / ɨ_j_#>-#>
{0: [0], 1: [1], 2: [2, 3], 3: [4], 4: [5], 5: [6, 7]}
{0: [0], 1: [1], 2: [2], 3: [3], 4: [4], 5: None}
SCORE: 17.82

-------------------

/znˈatʲ/ - /znâti/
z-z / n-n / ˈa-â / tʲ-t_i
{0: [0], 1: [1], 2: [2], 3: [3]}
{0: [0], 1: [1], 2: [2], 3: [3, 4]}
SCORE: 22.816

-------------------

/zvʲɪzdˈa/ - /zʋjěːzda/
z-z / vʲ-ʋ_j / ɪ-ěː / z-z / d-d / ˈa-a
{0: [0], 1: [1], 2: [2], 3: [3], 4: [4], 5: [5]}
{0: [0], 1: [1, 2], 2: [3], 3: [4], 4: [5], 5: [6]}
SCORE: 31.903

-------------------

/zvʲˈerʲ/ - /zʋjêːr/
z-z / vʲ-ʋ_j / ˈe-êː / rʲ-r
{0: [0], 1: [1], 2: [2], 3: [3]}
{0: [0], 1: [1, 2], 2: [3], 3: [4]}
SCORE: 20.655

-------------------

/zʲɪlʲˈɵnɨj/ - /zělen/
zʲ-z / ɪ-ě / lʲ-l / ∅-e / ˈɵ-∅ / n-n / ɨ_j_#>-#>
{0: [0], 1: [1], 2: [2], 3: None, 4: [3], 5: [4], 6: [5, 6]}
{0: [0], 1: [1], 2: [2], 3: [3], 4: None, 5: [4], 6: None}
SCORE: 9.556

-------------------

/zʲɪmlʲˈa/ - /zěmʎa/
zʲ-z / ɪ-ě / m-m / lʲ-ʎ / ˈa-a
{0: [0], 1: [1], 2: [2], 3: [3], 4: [4]}
{0: [0], 1: [1], 2: [2], 3: [3], 4: [4]}
SCORE: 30.152

-------------------

/zʲɪmˈa/ - /zǐːma/
zʲ-z / ∅-ǐː / ɪ-∅ / m-m / ˈa-a
{0: [0], 1: None, 2: [1], 3: [2], 4: [3]}
{0: [0], 1: [1], 2: None, 3: [2], 4: [3]}
SCORE: 10.046

-------------------

/zˈub̥/ - /zûːb/
z-z / ˈu-ûː / b̥-b
{0: [0], 1: [1], 2: [2]}
{0: [0], 1: [1], 2: [2]}
SCORE: 20.95

-------------------

/ɐdʲˈin/ - /jědan/
ɐ-j / ∅-ě / dʲ-d / ˈi-∅ / n-a_n
{0: [0], 1: None, 2: [1], 3: [2], 4: [3]}
{0: [0], 1: [1], 2: [2], 3: None, 4: [3, 4]}
SCORE: 3.412

-------------------

/ɐrʲˈex/ - /ǒrax/
<#_ɐ-<#_ǒ / rʲ-r / ∅-a / ˈe-∅ / x-x
{0: [0], 1: [1], 2: None, 3: [2], 4: [3]}
{0: [0], 1: [1], 2: [2], 3: None, 4: [3]}
SCORE: 13.306

-------------------

/ɐrʲˈɵɫ/ - /ǒrao/
<#_ɐ-<#_ǒ / rʲ-r / ˈɵ-∅ / ɫ-a / #>-o_#>
{0: [0], 1: [1], 2: [2], 3: [3], 4: None}
{0: [0], 1: [1], 2: None, 3: [2], 4: [3]}
SCORE: 9.467

-------------------

/ɐsˈa/ - /ǒsa/
<#_ɐ-<#_ǒ / s-s / ˈa-a
{0: [0], 1: [1], 2: [2]}
{0: [0], 1: [1], 2: [2]}
SCORE: 19.88

-------------------

/ɐɡˈonʲ/ - /ǒɡaɲ/
<#_ɐ-<#_ǒ / ɡ-ɡ / ∅-a / ˈo-∅ / nʲ-ɲ
{0: [0], 1: [1], 2: None, 3: [2], 4: [3]}
{0: [0], 1: [1], 2: [2], 3: None, 4: [3]}
SCORE: 9.788

-------------------

/ɡlʲˈivə/ - /ɡʎîʋa/
ɡ-ɡ / lʲ-ʎ / ˈi-î / v-ʋ / ə-a
{0: [0], 1: [1], 2: [2], 3: [3], 4: [4]}
{0: [0], 1: [1], 2: [2], 3: [3], 4: [4]}
SCORE: 27.667

-------------------

/ɡɐdʲˈinə/ - /ɡôdina/
ɡ-ɡ / ɐ-ô / dʲ-d / ˈi-i / n-n / ə-a
{0: [0], 1: [1], 2: [2], 3: [3], 4: [4], 5: [5]}
{0: [0], 1: [1], 2: [2], 3: [3], 4: [4], 5: [5]}
SCORE: 30.215

-------------------

/ɡɐrˈa/ - /ɡǒra/
ɡ-ɡ / ɐ-ǒ / r-r / ˈa-a
{0: [0], 1: [1], 2: [2], 3: [3]}
{0: [0], 1: [1], 2: [2], 3: [3]}
SCORE: 24.167

-------------------

/ɡəɫɐvˈa/ - /ɡlǎːʋa/
ɡ-ɡ / ə-∅ / ɫ-l / ɐ-ǎː / v-ʋ / ˈa-a
{0: [0], 1: [1], 2: [2], 3: [3], 4: [4], 5: [5]}
{0: [0], 1: None, 2: [1], 3: [2], 4: [3], 5: [4]}
SCORE: 17.772

-------------------

/ɡɫʊxˈoj/ - /ɡlûːx/
ɡ-ɡ / ɫ-l / ʊ-ûː / x-x / ˈo-∅ / j-∅
{0: [0], 1: [1], 2: [2], 3: [3], 4: [4], 5: [5]}
{0: [0], 1: [1], 2: [2], 3: [3], 4: None, 5: None}
SCORE: 13.594

-------------------

/ɡɫˈad̥kʲɪj/ - /ɡlǎd̥kiː/
ɡ-ɡ / ɫ-l / ˈa-ǎ / d̥-d̥ / kʲ-k / ɪ-∅ / j-iː
{0: [0], 1: [1], 2: [2], 3: [3], 4: [4], 5: [5], 6: [6]}
{0: [0], 1: [1], 2: [2], 3: [3], 4: [4], 5: None, 6: [5]}
SCORE: 29.719

-------------------

/ɡɫˈupɨj/ - /ɡlûːp/
ɡ-ɡ / ɫ-l / ˈu-ûː / p-p / ɨ_j_#>-#>
{0: [0], 1: [1], 2: [2], 3: [3], 4: [4, 5]}
{0: [0], 1: [1], 2: [2], 3: [3], 4: None}
SCORE: 22.39

-------------------

/ɡˈorəd̥/ - /ɡrâːd/
ɡ-ɡ / ˈo-∅ / r-r / ∅-âː / ə-∅ / d̥_#>-d_#>
{0: [0], 1: [1], 2: [2], 3: None, 4: [3], 5: [4]}
{0: [0], 1: None, 2: [1], 3: [2], 4: None, 5: [3]}
SCORE: 6.607

-------------------

/ɡˈoɫəs/ - /ɡlâːs/
ɡ-ɡ / ˈo-∅ / ɫ-l / ∅-âː / ə-∅ / s_#>-s_#>
{0: [0], 1: [1], 2: [2], 3: None, 4: [3], 5: [4]}
{0: [0], 1: None, 2: [1], 3: [2], 4: None, 5: [3]}
SCORE: 7.384

-------------------

/ɡˈoɫʊb̥ʲ/ - /ɡôluːb/
ɡ-ɡ / ˈo-ô / ɫ-l / ʊ-uː / b̥ʲ-b
{0: [0], 1: [1], 2: [2], 3: [3], 4: [4]}
{0: [0], 1: [1], 2: [2], 3: [3], 4: [4]}
SCORE: 23.5

-------------------

/ɡˈusʲ/ - /ɡûska/
ɡ-ɡ / ˈu-û / sʲ-s / ∅-k / #>-a_#>
{0: [0], 1: [1], 2: [2], 3: None, 4: None}
{0: [0], 1: [1], 2: [2], 3: [3], 4: [4]}
SCORE: 12.13

-------------------

/ɫˈokətʲ/ - /lâkat/
ɫ-l / ˈo-â / k-k / ə_tʲ-a_t
{0: [0], 1: [1], 2: [2], 3: [3, 4]}
{0: [0], 1: [1], 2: [2], 3: [3, 4]}
SCORE: 26.404

-------------------

/ʂtˈo/ - /ʃtô/
ʂ-ʃ / t-t / ˈo-ô
{0: [0], 1: [1], 2: [2]}
{0: [0], 1: [1], 2: [2]}
SCORE: 19.84

-------------------

/ʂˈɛsʲtʲ/ - /ʃêːst/
ʂ-ʃ / ∅-êː / ˈɛ-∅ / sʲ-s / tʲ-t
{0: [0], 1: None, 2: [1], 3: [2], 4: [3]}
{0: [0], 1: [1], 2: None, 3: [2], 4: [3]}
SCORE: 10.502

-------------------

/ʊxˈa/ - /jǔːxa/
<#-<#_j / ʊ-ǔː / x-x / ˈa-a
{0: None, 1: [0], 2: [1], 3: [2]}
{0: [0], 1: [1], 2: [2], 3: [3]}
SCORE: 23.02

-------------------

/ʐɨlʲˈezə/ - /ʒěʎezo/
ʐ-ʒ / ɨ-ě / lʲ-ʎ / ˈe-e / z-z / ə-o
{0: [0], 1: [1], 2: [2], 3: [3], 4: [4], 5: [5]}
{0: [0], 1: [1], 2: [2], 3: [3], 4: [4], 5: [5]}
SCORE: 32.573

-------------------

/ʐɨnˈa/ - /ʒěna/
ʐ-ʒ / ɨ-ě / n-n / ˈa-a
{0: [0], 1: [1], 2: [2], 3: [3]}
{0: [0], 1: [1], 2: [2], 3: [3]}
SCORE: 22.884

-------------------

/ʐɨvˈoj/ - /ʒîːʋ/
ʐ-ʒ / ∅-îː / ɨ-∅ / v-ʋ / ˈo-∅ / j-∅
{0: [0], 1: None, 2: [1], 3: [2], 4: [3], 5: [4]}
{0: [0], 1: [1], 2: None, 3: [2], 4: None, 5: None}
SCORE: -5.39

-------------------

/ʐˈoɫtɨj/ - /ʒûːt/
ʐ-ʒ / ˈo_ɫ-ûː / t-t / ɨ_j_#>-#>
{0: [0], 1: [1, 2], 2: [3], 3: [4, 5]}
{0: [0], 1: [1], 2: [2], 3: None}
SCORE: 13.847

-------------------

/ʐˈɨtʲ/ - /ʒǐːʋjeti/
ʐ-ʒ / ∅-ǐː / ∅-ʋ / ∅-j / ∅-e / ˈɨ-∅ / tʲ-t_i
{0: [0], 1: None, 2: None, 3: None, 4: None, 5: [1], 6: [2]}
{0: [0], 1: [1], 2: [2], 3: [3], 4: [4], 5: None, 6: [5, 6]}
SCORE: -10.452

-------------------

/ʦvʲˈet/ - /ʦʋjêːt/
ʦ-ʦ / vʲ-ʋ_j / ˈe-êː / t_#>-t_#>
{0: [0], 1: [1], 2: [2], 3: [3]}
{0: [0], 1: [1, 2], 2: [3], 3: [4]}
SCORE: 21.68

-------------------

/ʦɨnˈa/ - /ʦjěːna/
ʦ-ʦ / ∅-j / ∅-ěː / ɨ-∅ / n-n / ˈa-a
{0: [0], 1: None, 2: None, 3: [1], 4: [2], 5: [3]}
{0: [0], 1: [1], 2: [2], 3: None, 4: [3], 5: [4]}
SCORE: 5.784

-------------------

/ʦˈɛɫɨj/ - /ʦjêːliː/
ʦ-ʦ / ∅-j / ˈɛ-∅ / ɫ_ɨ-êː_l / j-iː
{0: [0], 1: None, 2: [1], 3: [2, 3], 4: [4]}
{0: [0], 1: [1], 2: None, 3: [2, 3], 4: [4]}
SCORE: 8.782

-------------------

/ʨɪtˈɨrʲe/ - /ʧětiri/
ʨ-ʧ / ɪ-ě / t-t / ˈɨ-i / rʲ-r / e-i
{0: [0], 1: [1], 2: [2], 3: [3], 4: [4], 5: [5]}
{0: [0], 1: [1], 2: [2], 3: [3], 4: [4], 5: [5]}
SCORE: 32.168

-------------------

/ʨɪɫɐvʲˈek/ - /ʧǒʋjek/
ʨ-ʧ / ɪ-∅ / ɫ-∅ / ɐ-ǒ / vʲ-ʋ_j / ˈe-e / k-k
{0: [0], 1: [1], 2: [2], 3: [3], 4: [4], 5: [5], 6: [6]}
{0: [0], 1: None, 2: None, 3: [1], 4: [2, 3], 5: [4], 6: [5]}
SCORE: 18.266

-------------------

/ʨˈɵrnɨj/ - /ʦr̩̂ːn/
∅-ʦ / ʨ-∅ / ˈɵ_r-r̩̂ː / n-n / ɨ_j_#>-#>
{0: None, 1: [0], 2: [1, 2], 3: [3], 4: [4, 5]}
{0: [0], 1: None, 2: [1], 3: [2], 4: None}
SCORE: -1.25

-------------------

/ˈimʲə/ - /îme/
ˈi-î / mʲ-m / ə_#>-e_#>
{0: [0], 1: [1], 2: [2]}
{0: [0], 1: [1], 2: [2]}
SCORE: 20.253

-------------------

/ˈobɫəkə/ - /ôblaːk/
ˈo-ô / b-b / ɫ-l / ə-aː / k-k / ə_#>-#>
{0: [0], 1: [1], 2: [2], 3: [3], 4: [4], 5: [5]}
{0: [0], 1: [1], 2: [2], 3: [3], 4: [4], 5: None}
SCORE: 26.629

-------------------

/ˈozʲɪrə/ - /jêzero/
<#-<#_j / ∅-ê / ˈo-∅ / zʲ-z / ∅-e / ɪ-∅ / r-r / ə-o
{0: None, 1: None, 2: [0], 3: [1], 4: None, 5: [2], 6: [3], 7: [4]}
{0: [0], 1: [1], 2: None, 3: [2], 4: [3], 5: None, 6: [4], 7: [5]}
SCORE: -0.143

-------------------

/ˈuxə/ - /ûxo/
ˈu-û / x-x / ə-o
{0: [0], 1: [1], 2: [2]}
{0: [0], 1: [1], 2: [2]}
SCORE: 20.086

-------------------

/ˈuɡəlʲ/ - /ûɡaʎ/
ˈu-û / ɡ-ɡ / ə-a / lʲ_#>-ʎ_#>
{0: [0], 1: [1], 2: [2], 3: [3]}
{0: [0], 1: [1], 2: [2], 3: [3]}
SCORE: 25.301
