/bjˈɞwi/ - /bǐːl/
[1/2] b-b / j-∅ / ˈɞ-ǐː / w_i-l
[1/2] b-b / j-∅ / ˈɞ-ǐː / w-l / i_#>-#>

-------------------

/bˈuk/ - /bôːk/
[3/3] b-b / ˈu-ôː / k-k

-------------------

/dvˈa/ - /dʋâː/
[5/5] d-d / v-ʋ / ˈa-âː

-------------------

/dʐˈevu̯ɛ/ - /drîːʋo/
[4/4] d-d / ʐ-r / ˈe-îː / v-ʋ / u̯ɛ-o

-------------------

/dˈim/ - /dǐːm/
[4/4] d-d / ˈi-ǐː / m-m

-------------------

/dˈɔbri/ - /dôbar/
[2/3] d-d / ˈɔ-ô / b-b / ∅-a / r-r / i-∅
[1/3] d-d / ˈɔ-ô / b-b / ∅-a / r_i-r

-------------------

/dˈɛʃʧ/ - /dâʃ/
[5/5] d-d / ˈɛ-â / ʃ-ʃ / ʧ-∅

-------------------

/jˈaŋzək/ - /jazîk/
[1/1] j-j / ˈa-a / ŋ_z-z / ə-î / k-k

-------------------

/jˈaɡu̯ɛda/ - /jâɡoda/
[4/4] j-j / ˈa-â / ɡ-ɡ / u̯ɛ-o / d-d / a-a

-------------------

/jˈɛdɛn/ - /jedǎːn/
[4/4] j-j / ˈɛ-e / d-d / ɛ-ǎː / n-n

-------------------

/jˈɛzɔrɔ/ - /jêzero/
[3/3] j-j / ˈɛ-ê / z-z / ɔ-e / r-r / ɔ-o

-------------------

/kfjˈat/ - /ʦʋîːt/
[2/3] ∅-ʦ / k-ʋ / f-∅ / j-∅ / ˈa-îː / t-t
[1/3] k-∅ / ∅-ʦ / f-ʋ / j-∅ / ˈa-îː / t-t

-------------------

/krˈul/ - /krǎːl/
[5/5] k-k / r-r / ˈu-ǎː / l-l

-------------------

/krˈɛf/ - /kr̩̂ʋ/
[2/4] k-k / r-r̩̂ / ˈɛ-ʋ / f-∅
[1/4] k-k / r-∅ / ˈɛ-r̩̂ / f-∅ / ∅-ʋ
[1/4] k-k / r-r̩̂ / ˈɛ-∅ / f-ʋ

-------------------

/ku̯ˈɛlanɔ/ - /kolîno/
[3/3] k-k / u̯ˈɛ-o / l-l / a-î / n-n / ɔ-o

-------------------

/ku̯ˈɛra/ - /kôra/
[5/5] k-k / u̯ˈɛ-ô / r-r / a-a

-------------------

/ku̯ˈɛsʦ/ - /kôːst/
[5/5] k-k / u̯ˈɛ-ôː / s-s / ʦ-t

-------------------

/ku̯ˈɛʐeɲ/ - /kôren/
[4/4] k-k / u̯ˈɛ-ô / ʐ-r / e-e / ɲ-n

-------------------

/kˈarva/ - /krâʋa/
[2/4] k-k / ˈa-∅ / r-r / ∅-â / v-ʋ / a-a
[1/4] k-k / ∅-r / ˈa-â / r-∅ / v-ʋ / a-a
[1/4] k-k / ˈa_r-r / ∅-â / v-ʋ / a-a

-------------------

/kˈuɲ/ - /kǒːɲ/
[5/5] k-k / ˈu-ǒː / ɲ-ɲ

-------------------

/lˈatɔ/ - /lîto/
[5/5] l-l / ˈa-î / t-t / ɔ-o

-------------------

/lˈut/ - /lêːt/
[4/4] l-l / ˈu-êː / t-t

-------------------

/lˈəst/ - /lîːst/
[4/4] l-l / ˈə-îː / s-s / t-t

-------------------

/melku̯ˈɛ/ - /mliːkô/
[2/2] m-m / e-∅ / l-l / ∅-iː / k-k / u̯ˈɛ-ô

-------------------

/mjˈastɔ/ - /mîsto/
[4/5] m-m / j-î / ˈa-∅ / s-s / t-t / ɔ-o
[1/5] m_j-m / ˈa-î / s-s / t-t / ɔ-o

-------------------

/mjˈaŋsɔ/ - /mêːso/
[2/5] m_j-m / ˈa-êː / ŋ-∅ / s-s / ɔ-o
[1/5] m_j-m / ˈa_ŋ-êː / s-s / ɔ-o
[1/5] m-m / j-∅ / ˈa_ŋ-êː / s-s / ɔ-o
[1/5] m-m / j-∅ / ˈa-êː / ŋ-∅ / s-s / ɔ-o

-------------------

/mjˈɔnɔ/ - /îme/
[2/3] ∅-î / m-m / j-e / ˈɔ-∅ / n-∅ / ɔ-∅
[1/3] ∅-î / m-m / j-∅ / ˈɔ-e / n-∅ / ɔ-∅

-------------------

/mjˈɛsõʦ/ - /mîseːʦ/
[4/5] m-m / j-î / ˈɛ-∅ / s-s / õ-eː / ʦ-ʦ
[1/5] m_j-m / ˈɛ-î / s-s / õ-eː / ʦ-ʦ

-------------------

/mlˈeku̯ɛ/ - /mliːkô/
[3/3] m-m / l-l / ˈe-iː / k-k / u̯ɛ-ô

-------------------

/mu̯ˈɛʐɛ/ - /môːre/
[5/5] m-m / u̯ˈɛ-ôː / ʐ-r / ɛ-e

-------------------

/mɡwˈa/ - /maɡlâ/
[5/5] m-m / ∅-a / ɡ-ɡ / w-l / ˈa-â

-------------------

/mˈõʃ/ - /mûːʃ/
[4/4] m-m / ˈõ-ûː / ʃ-ʃ

-------------------

/mˈəsl/ - /mîːsal/
[5/5] m-m / ˈə-îː / s-s / ∅-a / l-l

-------------------

/nˈɔs/ - /nôːs/
[4/4] n-n / ˈɔ-ôː / s-s

-------------------

/nˈɔɡa/ - /noɡâ/
[4/4] n-n / ˈɔ-o / ɡ-ɡ / a-â

-------------------

/nˈɔʦ/ - /nôːc/
[5/5] n-n / ˈɔ-ôː / ʦ-c

-------------------

/pjˈaŋʦ/ - /pêːt/
[1/4] p_j-p / ˈa_ŋ-êː / ʦ-t
[1/4] p_j-p / ˈa-êː / ŋ-∅ / ʦ-t
[1/4] p-p / j-∅ / ˈa_ŋ-êː / ʦ-t
[1/4] p-p / j-∅ / ˈa-êː / ŋ-∅ / ʦ-t

-------------------

/pjˈɛs/ - /pâs/
[2/4] p_j-p / ˈɛ-â / s-s
[2/4] p-p / j-∅ / ˈɛ-â / s-s

-------------------

/pu̯ˈɛpjuw/ - /pôpel/
[2/3] p-p / u̯ˈɛ-ô / p-p / j-e / u-∅ / w-l
[1/3] p-p / u̯ˈɛ-ô / p_j-p / u-e / w-l

-------------------

/pʃʧˈɔwa/ - /ʧêla/
[1/1] p-∅ / ʃ-∅ / ʧ-ʧ / ˈɔ-ê / w-l / a-a

-------------------

/pˈiʦ/ - /pîti/
[3/5] p-p / ˈi-î / ʦ-t_i
[2/5] p-p / ˈi-î / ʦ-t / ∅-i

-------------------

/pˈɞwni/ - /pǔːn/
[2/4] p-p / ˈɞ-ǔː / w-∅ / n_i-n
[2/4] p-p / ˈɞ-ǔː / w-∅ / n-n / i-∅

-------------------

/rˈaŋka/ - /ruːkâ/
[4/4] r-r / ˈa-uː / ŋ-∅ / k-k / a-â

-------------------

/rˈuk/ - /rôːk/
[5/5] r-r / ˈu-ôː / k-k

-------------------

/rˈəba/ - /rîba/
[5/5] r-r / ˈə-î / b-b / a-a

-------------------

/smjˈɛrʦ/ - /smr̩̂t/
[3/5] s-s / m_j-m / ˈɛ-∅ / r-r̩̂ / ʦ-t
[2/5] s-s / m-m / j-∅ / ˈɛ-∅ / r-r̩̂ / ʦ-t

-------------------

/stˈɞri/ - /stǎːr/
[2/5] s-s / t-t / ˈɞ-ǎː / r-r / i_#>-#>
[2/5] s-s / t-t / ˈɞ-ǎː / r-r / i-∅
[1/5] s-s / t-t / ˈɞ-ǎː / r_i-r

-------------------

/swˈuɲʦɛ/ - /sûːnʦe/
[2/3] s-s / w-∅ / ˈu-ûː / ɲ-n / ʦ-ʦ / ɛ-e
[1/3] s-s / w-ûː / ˈu-∅ / ɲ-n / ʦ-ʦ / ɛ-e

-------------------

/sɲˈek/ - /snîːk/
[3/3] s-s / ɲ-n / ˈe-îː / k-k

-------------------

/sˈedmə/ - /sêdan/
[2/4] s-s / ˈe-ê / d-d / m-∅ / ə-a_n
[2/4] s-s / ˈe-ê / d-d / m-∅ / ə-a / ∅-n

-------------------

/sˈul/ - /sôː/
[4/4] s-s / ˈu-ôː / l-∅

-------------------

/sˈəxi/ - /sûːx/
[2/4] s-s / ˈə-ûː / x-x / i_#>-#>
[2/4] s-s / ˈə-ûː / x-x / i-∅

-------------------

/sˈɛrʦɛ/ - /sr̩̂ʦe/
[4/5] s-s / ˈɛ-∅ / r-r̩̂ / ʦ-ʦ / ɛ-e
[1/5] s-s / ˈɛ-r̩̂ / r-∅ / ʦ-ʦ / ɛ-e

-------------------

/trˈɞva/ - /traːʋâ/
[5/5] t-t / r-r / ˈɞ-aː / v-ʋ / a-â

-------------------

/tʂˈə/ - /trîː/
[3/3] t-t / ʂ-∅ / ∅-r / ˈə-îː

-------------------

/u̯ˈɛku̯ɛ/ - /ôko/
[5/5] u̯ˈɛ-ô / k-k / u̯ɛ-o

-------------------

/u̯ˈɛsmə/ - /ôsan/
[2/4] u̯ˈɛ-ô / s-s / m-∅ / ə-a_n
[2/4] u̯ˈɛ-ô / s-s / m-∅ / ə-a / ∅-n

-------------------

/u̯ˈɛʐɛx/ - /orîx/
[4/4] u̯ˈɛ-o / ʐ-r / ɛ-î / x-x

-------------------

/vjˈatɛr/ - /ʋîtar/
[1/1] v_j-ʋ / ˈa-î / t-t / ɛ-a / r-r

-------------------

/vjˈaŋzaʦ/ - /ʋeːzâti/
[2/4] v-ʋ / j-∅ / ˈa-eː / ŋ-∅ / z-z / a-â / ʦ-t / ∅-i
[1/4] v_j-ʋ / ˈa-eː / ŋ_z-z / a-â / ʦ-t_i
[1/4] v_j-ʋ / ˈa-eː / ŋ-∅ / z-z / a-â / ʦ-t_i

-------------------

/vjˈɞlʤi/ - /ʋêlik/
[2/4] v_j-ʋ / ˈɞ-ê / l-l / ʤ-∅ / i-i / ∅-k
[2/4] v-ʋ / j-∅ / ˈɞ-ê / l-l / ʤ-∅ / i-i / #>-k_#>

-------------------

/vu̯ˈɛda/ - /ʋodâ/
[4/4] v-ʋ / u̯ˈɛ-o / d-d / a-â

-------------------

/vˈiʣeʦ/ - /ʋǐti/
[2/3] v-ʋ / ˈi-∅ / ʣ-∅ / e-ǐ / ʦ-t_i
[1/3] v-ʋ / ˈi-∅ / ʣ-∅ / e-ǐ / ʦ-t / ∅-i

-------------------

/vˈɞwk/ - /ʋûːk/
[2/4] v-ʋ / ˈɞ-ûː / w-∅ / k-k
[1/4] v-ʋ / ˈɞ_w-ûː / k-k
[1/4] v-ʋ / ˈɞ-∅ / w-ûː / k-k

-------------------

/wˈɔkʦ/ - /lâkat/
[3/3] w-l / ˈɔ-â / k-k / ∅-a / ʦ-t

-------------------

/wˈʉsta/ - /ǔːsta/
[3/4] <#_w-<# / ˈʉ-ǔː / s-s / t-t / a-a
[1/4] w-∅ / ˈʉ-ǔː / s-s / t-t / a-a

-------------------

/wˈʉxu̯ɛ/ - /ûxo/
[3/5] <#_w-<# / ˈʉ-û / x-x / u̯ɛ-o
[2/5] w-∅ / ˈʉ-û / x-x / u̯ɛ-o

-------------------

/xlˈep/ - /xlîp/
[4/4] x-x / l-l / ˈe-î / p-p

-------------------

/xwˈɔdni/ - /xlâːdan/
[3/5] x-x / w-l / ˈɔ-âː / d-d / ∅-a / n_i-n
[2/5] x-x / w-l / ˈɔ-âː / d-d / ∅-a / n-n / i-∅

-------------------

/zvjˈɛʐã/ - /zʋîːr/
[3/5] z-z / v_j-ʋ / ˈɛ-îː / ʐ-r / ã-∅
[2/5] z-z / v-ʋ / j-∅ / ˈɛ-îː / ʐ-r / ã-∅

-------------------

/zɛlˈɔni/ - /zelěːn/
[2/3] z-z / ɛ-e / l-l / ˈɔ-ěː / n_i-n
[1/3] z-z / ɛ-e / l-l / ˈɔ-ěː / n-n / i-∅

-------------------

/zˈõp/ - /zûːp/
[3/3] z-z / ˈõ-ûː / p-p

-------------------

/zˈɛmja/ - /zemlâ/
[4/4] z-z / ˈɛ-e / m-m / j-l / a-â

-------------------

/ɡuˈɛwõp/ - /ɡôluːp/
[4/4] ɡ-ɡ / u-ô / ˈɛ-∅ / w-l / õ-uː / p-p

-------------------

/ɡu̯ˈɛʣəna/ - /ɡôdina/
[3/3] ɡ-ɡ / u̯ˈɛ-ô / ʣ-d / ə-i / n-n / a-a

-------------------

/ɡvjˈɞzda/ - /zʋiːzdâ/
[3/5] ɡ-∅ / ∅-z / v_j-ʋ / ˈɞ-iː / z-z / d-d / a-â
[2/5] ɡ-∅ / ∅-z / v-ʋ / j-∅ / ˈɞ-iː / z-z / d-d / a-â

-------------------

/ɡwˈɔs/ - /ɡlâːs/
[5/5] ɡ-ɡ / w-l / ˈɔ-âː / s-s

-------------------

/ɡwˈɔva/ - /ɡlaːʋâ/
[1/2] ɡ-ɡ / ∅-l / w-aː / ˈɔ-∅ / v-ʋ / a-â
[1/2] ɡ-ɡ / w-l / ˈɔ-aː / v-ʋ / a-â

-------------------

/ɡwˈɞtʧi/ - /ɡlâdak/
[2/3] ɡ-ɡ / w-l / ˈɞ-â / t-d / ʧ-∅ / i-a / #>-k_#>
[1/3] ɡ-ɡ / w-l / ˈɞ-â / t-d / ʧ-∅ / i-a / ∅-k

-------------------

/ɡˈart/ - /ɡrâːt/
[3/4] ɡ-ɡ / ∅-r / ˈa-âː / r-∅ / t-t
[1/4] ɡ-ɡ / ˈa_r-r / ∅-âː / t-t

-------------------

/ɡˈura/ - /ɡorâ/
[3/3] ɡ-ɡ / ˈu-o / r-r / a-â

-------------------

/ʃtˈəɾə/ - /ʧetîri/
[4/4] ʃ-ʧ / ∅-e / t-t / ˈə-î / ɾ-r / ə-i

-------------------

/ʃˈɛsʦ/ - /ʃêːst/
[4/4] ʃ-ʃ / ˈɛ-êː / s-s / ʦ-t

-------------------

/ʐˈeka/ - /rǐːka/
[4/4] ʐ-r / ˈe-ǐː / k-k / a-a

-------------------

/ʒˈɔna/ - /ʒenâ/
[5/5] ʒ-ʒ / ˈɔ-e / n-n / a-â

-------------------

/ʒˈəʦ/ - /ʒiːʋîti/
[2/4] ʒ-ʒ / ∅-iː / ∅-ʋ / ˈə-î / ʦ-t_i
[1/4] ʒ-ʒ / ∅-iː / ∅-ʋ / ˈə-î / ʦ-t / ∅-i
[1/4] ʒ-ʒ / ˈə-iː / ∅-ʋ / ∅-î / ʦ-t_i

-------------------

/ʒˈɞwti/ - /ʒûːt/
[2/3] ʒ-ʒ / ˈɞ-ûː / w-∅ / t-t / i_#>-#>
[1/3] ʒ-ʒ / ˈɞ_w-ûː / t-t / i-∅

-------------------

/ʣˈeɲ/ - /dâːn/
[5/5] ʣ-d / ˈe-âː / ɲ-n

-------------------

/ʣˈɛsaŋʦ/ - /dêset/
[3/4] ʣ-d / ˈɛ-ê / s-s / a-e / ŋ-∅ / ʦ-t
[1/4] ʣ-d / ˈɛ-ê / s-s / a-e / ŋ_ʦ-t

-------------------

/ʣˈɛvjaŋʦ/ - /dêʋet/
[2/4] ʣ-d / ˈɛ-ê / v-ʋ / j-e / a-∅ / ŋ-∅ / ʦ-t
[1/4] ʣ-d / ˈɛ-ê / v_j-ʋ / a-e / ŋ_ʦ-t
[1/4] ʣ-d / ˈɛ-ê / v-ʋ / j-∅ / a-e / ŋ-∅ / ʦ-t

-------------------

/ʦˈawi/ - /ʦîː/
[1/2] ʦ-ʦ / ˈa-îː / w-∅ / i_#>-#>
[1/2] ʦ-ʦ / ˈa-îː / w-∅ / i-∅

-------------------

/ʦˈawi/ - /ʦîːl/
[1/2] ʦ-ʦ / ˈa-îː / w_i-l
[1/2] ʦ-ʦ / ˈa-îː / w-l / i-∅

-------------------

/ʦˈɛpwi/ - /têpaː/
[3/4] ʦ-t / ˈɛ-ê / p-p / w-∅ / i-aː
[1/4] ʦ-t / ˈɛ-ê / p-p / w-aː / i-∅

-------------------

/ʧwˈɔvjɛk/ - /ʧoʋîk/
[2/4] ʧ-ʧ / w-∅ / ˈɔ-o / v-ʋ / j-î / ɛ-∅ / k-k
[1/4] ʧ-ʧ / w-∅ / ˈɔ-o / v_j-ʋ / ɛ-î / k-k
[1/4] ʧ-ʧ / w-∅ / ˈɔ-o / v-ʋ / j-∅ / ɛ-î / k-k

-------------------

/ʧˈɞrni/ - /ʦr̩̂n/
[3/4] ʧ-ʦ / ˈɞ-∅ / r-r̩̂ / n_i-n
[1/4] ʧ-ʦ / ˈɞ-∅ / r-r̩̂ / n-n / i-∅

-------------------

