/ajutˈa/ - /ajutˈare/
[1/1] <#_a-<#_a / j-j / u-u / t_ˈa-t_ˈa / ∅-r / #>-e_#>

-------------------

/anˈɛlːu/ - /anˈɛlːo/
[1/1] <#_a-<#_a / n-n / ˈɛ_lː-ˈɛ_lː / u_#>-o_#>

-------------------

/arʣˈilːa/ - /arʤˈilːa/
[1/1] <#_a-<#_a / r-r / ʣ-ʤ / ˈi-ˈi / lː_a-lː_a

-------------------

/askultˈa/ - /askoltˈare/
[1/1] <#_a-<#_a / s_k-s_k / u_l-o_l / t_ˈa-t_ˈa / ∅-r / #>-e_#>

-------------------

/awtˈunːu/ - /awtˈunːo/
[1/1] <#_a-<#_a / w-w / t-t / ˈu-ˈu / nː-nː / u_#>-o_#>

-------------------

/aɲˈɛlːu/ - /aɲːˈɛlːo/
[1/1] <#_a-<#_a / ɲ-ɲː / ˈɛ_lː-ˈɛ_lː / u_#>-o_#>

-------------------

/bjˈaŋku/ - /bjˈaŋko/
[1/1] <#_b-<#_b / j-j / ˈa-ˈa / ŋ_k-ŋ_k / u_#>-o_#>

-------------------

/bruʒˈa/ - /bruʧˈare/
[1/1] <#_b-<#_b / r-r / u-u / ʒ-ʧ / ˈa_#>-ˈa_r_e_#>

-------------------

/bˈasːu/ - /bˈasːo/
[1/1] <#_b-<#_b / ˈa_sː-ˈa_sː / u_#>-o_#>

-------------------

/bˈaɲu/ - /bˈaɲːo/
[1/1] <#_b-<#_b / ˈa_ɲ-ˈa_ɲː / u_#>-o_#>

-------------------

/bˈɔje/ - /bˈue/
[1/1] <#_b-<#_b / ˈɔ-∅ / j-ˈu / e_#>-e_#>

-------------------

/bˈɔkːa/ - /bˈokːa/
[1/1] <#_b-<#_b / ˈɔ-ˈo / kː-kː / a_#>-a_#>

-------------------

/bˈɔna/ - /bwˈɔna/
[1/1] <#_b-<#_b / ˈɔ-w_ˈɔ / n-n / a_#>-a_#>

-------------------

/bˈɔne/ - /bwˈɔne/
[1/1] <#_b-<#_b / ˈɔ-w_ˈɔ / n-n / e_#>-e_#>

-------------------

/bˈɔni/ - /bwˈɔni/
[1/1] <#_b-<#_b / ˈɔ-w_ˈɔ / n-n / i_#>-i_#>

-------------------

/bˈɔnu/ - /bwˈɔno/
[1/1] <#_b-<#_b / ˈɔ-w_ˈɔ / n-n / u_#>-o_#>

-------------------

/bˈɛ/ - /bˈɛne/
[1/1] <#_b-<#_b / ˈɛ-ˈɛ / ∅-n / #>-e_#>

-------------------

/bˈɛje/ - /bˈere/
[1/1] <#_b-<#_b / ˈɛ-ˈe / j-r / e_#>-e_#>

-------------------

/bˈɛlːa/ - /bˈɛlːa/
[1/1] <#_b-<#_b / ˈɛ_lː-ˈɛ_lː / a_#>-a_#>

-------------------

/bˈɛlːu/ - /bˈɛlːo/
[1/1] <#_b-<#_b / ˈɛ_lː-ˈɛ_lː / u_#>-o_#>

-------------------

/camˈa/ - /kjamˈare/
[1/1] <#-<#_k / c-j / a-a / m-m / ˈa_#>-ˈa_r_e_#>

-------------------

/cˈave/ - /kjˈave/
[1/1] <#-<#_k / c-j / ˈa_v-ˈa_v / e_#>-e_#>

-------------------

/drakˈɔne/ - /draɡˈone/
[1/1] <#_d-<#_d / r_a-r_a / k-ɡ / ˈɔ-ˈo / n-n / e_#>-e_#>

-------------------

/dˈa/ - /dˈare/
[1/1] <#_d-<#_d / ˈa_#>-ˈa_r_e_#>

-------------------

/dˈeʧe/ - /djˈɛʧi/
[1/1] <#_d-<#_d / ˈe-j_ˈɛ / ʧ-ʧ / e-i

-------------------

/dˈi/ - /dˈi/
[1/1] <#_d-<#_d / ˈi-ˈi

-------------------

/dˈi/ - /dˈire/
[1/1] <#_d-<#_d / ˈi-ˈi / ∅-r / #>-e_#>

-------------------

/dˈitu/ - /dˈito/
[1/1] <#_d-<#_d / ˈi-ˈi / t_u-t_o

-------------------

/dˈiu/ - /dˈio/
[1/1] <#_d-<#_d / ˈi-ˈi / u_#>-o_#>

-------------------

/dˈuj/ - /dˈue/
[1/1] <#_d-<#_d / ˈu-ˈu / j-∅ / #>-e_#>

-------------------

/dˈɔdeʧi/ - /dˈodiʧi/
[1/1] <#_d-<#_d / ˈɔ-ˈo / d-d / e-i / ʧ-ʧ / i_#>-i_#>

-------------------

/dˈɔlku/ - /dˈolʧe/
[1/1] <#_d-<#_d / ˈɔ-ˈo / l-l / k-ʧ / u_#>-e_#>

-------------------

/dˈɔnu/ - /dˈono/
[1/1] <#_d-<#_d / ˈɔ-ˈo / n-n / u_#>-o_#>

-------------------

/dˈɔnːa/ - /dˈɔnːa/
[1/1] <#_d-<#_d / ˈɔ-ˈɔ / nː-nː / a_#>-a_#>

-------------------

/dˈɔrme/ - /dormˈire/
[1/1] <#_d-<#_d / ˈɔ_r-o_r / m-m / e-ˈi_r / #>-e_#>

-------------------

/dˈɛnte/ - /dˈɛnte/
[1/1] <#_d-<#_d / ˈɛ-ˈɛ / n_t-n_t / e_#>-e_#>

-------------------

/estˈate/ - /estˈate/
[1/1] e-e / s_t-s_t / ˈa_t-ˈa_t / e_#>-e_#>

-------------------

/farˈina/ - /farˈina/
[1/1] <#_f-<#_f / a_r-a_r / ˈi-ˈi / n-n / a_#>-a_#>

-------------------

/fjˈamːa/ - /fjˈamːa/
[1/1] <#_f-<#_f / j-j / ˈa-ˈa / mː-mː / a_#>-a_#>

-------------------

/fjˈume/ - /fjˈume/
[1/1] <#_f-<#_f / j-j / ˈu-ˈu / m-m / e_#>-e_#>

-------------------

/fjˈɔre/ - /fjˈore/
[1/1] <#_f-<#_f / j-j / ˈɔ-ˈo / r-r / e_#>-e_#>

-------------------

/fratˈelːu/ - /fratˈɛlːo/
[1/1] <#_f-<#_f / r_a-r_a / t_ˈe-t_ˈɛ / lː_u-lː_o

-------------------

/frˈutːu/ - /frˈutːo/
[1/1] <#_f-<#_f / r-r / ˈu-ˈu / tː-tː / u_#>-o_#>

-------------------

/frˈɛdːu/ - /frˈedːo/
[1/1] <#_f-<#_f / r_ˈɛ-r_ˈe / dː-dː / u_#>-o_#>

-------------------

/fˈa/ - /fˈare/
[1/1] <#_f-<#_f / ˈa_#>-ˈa_r_e_#>

-------------------

/fˈalʦu/ - /fˈalso/
[1/1] <#_f-<#_f / ˈa-ˈa / l-l / ʦ-s / u_#>-o_#>

-------------------

/fˈame/ - /fˈame/
[1/1] <#_f-<#_f / ˈa-ˈa / m-m / e_#>-e_#>

-------------------

/fˈata/ - /fˈata/
[1/1] <#_f-<#_f / ˈa_t-ˈa_t / a_#>-a_#>

-------------------

/fˈesta/ - /fˈɛsta/
[1/1] <#_f-<#_f / ˈe-ˈɛ / s_t-s_t / a_#>-a_#>

-------------------

/fˈilu/ - /fˈilo/
[1/1] <#_f-<#_f / ˈi-ˈi / l-l / u_#>-o_#>

-------------------

/fˈine/ - /fˈine/
[1/1] <#_f-<#_f / ˈi-ˈi / n-n / e_#>-e_#>

-------------------

/fˈinu/ - /fˈino/
[1/1] <#_f-<#_f / ˈi-ˈi / n-n / u_#>-o_#>

-------------------

/fˈiʎa/ - /fˈiʎːa/
[1/1] <#_f-<#_f / ˈi-ˈi / ʎ_a-ʎː_a

-------------------

/fˈiʎu/ - /fˈiʎːo/
[1/1] <#_f-<#_f / ˈi-ˈi / ʎ_u-ʎː_o

-------------------

/fˈume/ - /fˈumo/
[1/1] <#_f-<#_f / ˈu-ˈu / m-m / e-o

-------------------

/fˈɔku/ - /fwˈɔko/
[1/1] <#_f-<#_f / ˈɔ-w_ˈɔ / k_u-k_o

-------------------

/fˈɔrte/ - /fˈɔrte/
[1/1] <#_f-<#_f / ˈɔ_r-ˈɔ_r / t_e-t_e

-------------------

/fˈɔrʦa/ - /fˈɔrʦa/
[1/1] <#_f-<#_f / ˈɔ_r-ˈɔ_r / ʦ-ʦ / a_#>-a_#>

-------------------

/fˈɔʎa/ - /fˈɔʎːa/
[1/1] <#_f-<#_f / ˈɔ-ˈɔ / ʎ_a-ʎː_a

-------------------

/fˈɛkatu/ - /fˈeɡato/
[1/1] <#_f-<#_f / ˈɛ-ˈe / k-ɡ / a_t-a_t / u_#>-o_#>

-------------------

/fˈɛmina/ - /fˈemːina/
[1/1] <#_f-<#_f / ˈɛ-ˈe / m-mː / i-i / n-n / a_#>-a_#>

-------------------

/fˈɛrːu/ - /fˈɛrːo/
[1/1] <#_f-<#_f / ˈɛ_rː-ˈɛ_rː / u_#>-o_#>

-------------------

/imvˈɛrnu/ - /invˈɛrno/
[1/1] i-i / m-n / v-v / ˈɛ-ˈɛ / r_n-r_n / u_#>-o_#>

-------------------

/kambjˈa/ - /kambjˈare/
[1/1] <#_k-<#_k / a-a / m-m / b-b / j-j / ˈa_#>-ˈa_r_e_#>

-------------------

/kantˈare/ - /kantˈare/
[1/1] <#_k-<#_k / a_n-a_n / t_ˈa-t_ˈa / r-r / e_#>-e_#>

-------------------

/kapˈelːu/ - /kapˈelːo/
[1/1] <#_k-<#_k / a-a / p-p / ˈe_lː-ˈe_lː / u_#>-o_#>

-------------------

/kastˈelːu/ - /kastˈɛlːo/
[1/1] <#_k-<#_k / a-a / s-s / t_ˈe-t_ˈɛ / lː_u-lː_o

-------------------

/katˈɛna/ - /katˈena/
[1/1] <#_k-<#_k / a_t-a_t / ˈɛ_n-ˈe_n / a_#>-a_#>

-------------------

/kavˈalːu/ - /kavˈalːo/
[1/1] <#_k-<#_k / a-a / v_ˈa-v_ˈa / lː_u-lː_o

-------------------

/kaʧːˈa/ - /kaʧːˈare/
[1/1] <#_k-<#_k / a-a / ʧː-ʧː / ˈa_#>-ˈa_r_e_#>

-------------------

/krˈɔʧe/ - /krˈoʧe/
[1/1] <#_k-<#_k / r-r / ˈɔ_ʧ-ˈo_ʧ / e_#>-e_#>

-------------------

/krˈɛde/ - /krˈedere/
[1/1] <#_k-<#_k / r_ˈɛ-r_ˈe / d-d / e-e_r / #>-e_#>

-------------------

/kulˈɔre/ - /kolˈore/
[1/1] <#_k-<#_k / u_l-o_l / ˈɔ-ˈo / r-r / e_#>-e_#>

-------------------

/kunːˈɔʃe/ - /konˈoʃːere/
[1/1] <#_k-<#_k / u-o / nː-n / ˈɔ-ˈo / ʃ-ʃː / e-e_r / #>-e_#>

-------------------

/kurtˈɛʧːa/ - /kortˈeʧːa/
[1/1] <#_k-<#_k / u_r-o_r / t_ˈɛ-t_ˈe / ʧː-ʧː / a_#>-a_#>

-------------------

/kwˈatːru/ - /kwˈatːro/
[1/1] <#_k-<#_k / w_ˈa-w_ˈa / tː-tː / r-r / u_#>-o_#>

-------------------

/kˈaldu/ - /kˈaldo/
[1/1] <#_k-<#_k / ˈa-ˈa / l-l / d-d / u_#>-o_#>

-------------------

/kˈamera/ - /kˈamera/
[1/1] <#_k-<#_k / ˈa-ˈa / m-m / e_r-e_r / a_#>-a_#>

-------------------

/kˈane/ - /kˈane/
[1/1] <#_k-<#_k / ˈa_n-ˈa_n / e_#>-e_#>

-------------------

/kˈantu/ - /kˈanto/
[1/1] <#_k-<#_k / ˈa-ˈa / n_t-n_t / u_#>-o_#>

-------------------

/kˈapra/ - /kˈapra/
[1/1] <#_k-<#_k / ˈa-ˈa / p-p / r-r / a_#>-a_#>

-------------------

/kˈapu/ - /kˈapo/
[1/1] <#_k-<#_k / ˈa-ˈa / p-p / u_#>-o_#>

-------------------

/kˈarne/ - /kˈarne/
[1/1] <#_k-<#_k / ˈa-ˈa / r_n-r_n / e_#>-e_#>

-------------------

/kˈaru/ - /kˈaro/
[1/1] <#_k-<#_k / ˈa-ˈa / r-r / u_#>-o_#>

-------------------

/kˈaza/ - /kˈaza/
[1/1] <#_k-<#_k / ˈa_z-ˈa_z / a_#>-a_#>

-------------------

/kˈortu/ - /kˈorto/
[1/1] <#_k-<#_k / ˈo_r-ˈo_r / t_u-t_o

-------------------

/kˈulu/ - /kˈulo/
[1/1] <#_k-<#_k / ˈu-ˈu / l-l / u_#>-o_#>

-------------------

/kˈuɲu/ - /kˈɔnjo/
[1/1] <#_k-<#_k / ˈu-ˈɔ / ∅-n / ɲ-j / u_#>-o_#>

-------------------

/kˈɔda/ - /kˈoda/
[1/1] <#_k-<#_k / ˈɔ-ˈo / d-d / a_#>-a_#>

-------------------

/kˈɔlpu/ - /kˈolpo/
[1/1] <#_k-<#_k / ˈɔ-ˈo / l-l / p-p / u_#>-o_#>

-------------------

/kˈɔlːu/ - /kˈɔlːo/
[1/1] <#_k-<#_k / ˈɔ-ˈɔ / lː_u-lː_o

-------------------

/kˈɔre/ - /kwˈɔre/
[1/1] <#_k-<#_k / ˈɔ-w_ˈɔ / r-r / e_#>-e_#>

-------------------

/kˈɔrna/ - /kˈɔrno/
[1/1] <#_k-<#_k / ˈɔ_r-ˈɔ_r / n_a-n_o

-------------------

/kˈɔrpu/ - /kˈɔrpo/
[1/1] <#_k-<#_k / ˈɔ_r-ˈɔ_r / p-p / u_#>-o_#>

-------------------

/kˈɔsta/ - /kˈɔsta/
[1/1] <#_k-<#_k / ˈɔ-ˈɔ / s_t-s_t / a_#>-a_#>

-------------------

/kˈɔza/ - /kˈɔza/
[1/1] <#_k-<#_k / ˈɔ-ˈɔ / z-z / a_#>-a_#>

-------------------

/kˈɔʃa/ - /kˈɔʃːa/
[1/1] <#_k-<#_k / ˈɔ-ˈɔ / ʃ-ʃː / a_#>-a_#>

-------------------

/kˈɛ/ - /kˈe/
[1/1] <#_k-<#_k / ˈɛ_#>-ˈe_#>

-------------------

/levˈa/ - /levˈare/
[1/1] <#_l-<#_l / e-e / v-v / ˈa_#>-ˈa_r_e_#>

-------------------

/liˈone/ - /leˈone/
[1/1] <#_l-<#_l / i-e / ˈo_n-ˈo_n / e_#>-e_#>

-------------------

/lˈakrima/ - /lˈakrima/
[1/1] <#_l-<#_l / ˈa-ˈa / k_r-k_r / i-i / m-m / a_#>-a_#>

-------------------

/lˈana/ - /lˈana/
[1/1] <#_l-<#_l / ˈa_n-ˈa_n / a_#>-a_#>

-------------------

/lˈatːe/ - /lˈatːe/
[1/1] <#_l-<#_l / ˈa-ˈa / tː-tː / e_#>-e_#>

-------------------

/lˈaɡu/ - /lˈaɡo/
[1/1] <#_l-<#_l / ˈa-ˈa / ɡ-ɡ / u_#>-o_#>

-------------------

/lˈetːera/ - /lˈetːera/
[1/1] <#_l-<#_l / ˈe-ˈe / tː_e-tː_e / r-r / a_#>-a_#>

-------------------

/lˈetːu/ - /lˈɛtːo/
[1/1] <#_l-<#_l / ˈe-ˈɛ / tː-tː / u_#>-o_#>

-------------------

/lˈeɟe/ - /lˈɛʤːere/
[1/1] <#_l-<#_l / ˈe-ˈɛ / ɟ-ʤː / e-e_r / #>-e_#>

-------------------

/lˈiberu/ - /lˈibero/
[1/1] <#_l-<#_l / ˈi-ˈi / b_e-b_e / r-r / u_#>-o_#>

-------------------

/lˈiŋɡwa/ - /lˈiŋɡwa/
[1/1] <#_l-<#_l / ˈi-ˈi / ŋ-ŋ / ɡ-ɡ / w_a-w_a

-------------------

/lˈoŋɡu/ - /lˈuŋɡo/
[1/1] <#_l-<#_l / ˈo-ˈu / ŋ-ŋ / ɡ-ɡ / u_#>-o_#>

-------------------

/lˈume/ - /lˈume/
[1/1] <#_l-<#_l / ˈu-ˈu / m-m / e_#>-e_#>

-------------------

/lˈuna/ - /lˈuna/
[1/1] <#_l-<#_l / ˈu_n-ˈu_n / a_#>-a_#>

-------------------

/lˈupu/ - /lˈupo/
[1/1] <#_l-<#_l / ˈu-ˈu / p-p / u_#>-o_#>

-------------------

/lˈutːa/ - /lˈɔtːa/
[1/1] <#_l-<#_l / ˈu-ˈɔ / tː-tː / a_#>-a_#>

-------------------

/lˈuʧe/ - /lˈuʧe/
[1/1] <#_l-<#_l / ˈu-ˈu / ʧ_e-ʧ_e

-------------------

/lˈɔku/ - /lwˈɔɡo/
[1/1] <#_l-<#_l / ˈɔ-w_ˈɔ / k-ɡ / u_#>-o_#>

-------------------

/lˈɛɟe/ - /lˈeʤːe/
[1/1] <#_l-<#_l / ˈɛ-ˈe / ɟ-ʤː / e_#>-e_#>

-------------------

/lˈɛɲu/ - /lˈeɲːo/
[1/1] <#_l-<#_l / ˈɛ-ˈe / ɲ_u-ɲː_o

-------------------

/matˈuru/ - /matˈuro/
[1/1] <#_m-<#_m / a_t-a_t / ˈu-ˈu / r-r / u_#>-o_#>

-------------------

/metˈa/ - /metˈa/
[1/1] <#_m-<#_m / e-e / t_ˈa-t_ˈa

-------------------

/miʎˈore/ - /miʎːˈore/
[1/1] <#_m-<#_m / i-i / ʎ-ʎː / ˈo_r-ˈo_r / e_#>-e_#>

-------------------

/muntˈaɲa/ - /montˈaɲːa/
[1/1] <#_m-<#_m / u_n-o_n / t_ˈa-t_ˈa / ɲ_a-ɲː_a

-------------------

/mursikˈa/ - /morsikˈare/
[1/1] <#_m-<#_m / u_r-o_r / s-s / i_k-i_k / ˈa_#>-ˈa_r_e_#>

-------------------

/mursikˈa/ - /mˈɔrdere/
[1/1] <#_m-<#_m / u-ˈɔ / r-r / s-d / i-e / k-∅ / ˈa-r / #>-e_#>

-------------------

/mˈanu/ - /mˈano/
[1/1] <#_m-<#_m / ˈa_n-ˈa_n / u_#>-o_#>

-------------------

/mˈare/ - /mˈare/
[1/1] <#_m-<#_m / ˈa-ˈa / r-r / e_#>-e_#>

-------------------

/mˈatre/ - /mˈadre/
[1/1] <#_m-<#_m / ˈa_t-ˈa_d / r-r / e_#>-e_#>

-------------------

/mˈediku/ - /mˈɛdiko/
[1/1] <#_m-<#_m / ˈe-ˈɛ / d-d / i_k-i_k / u_#>-o_#>

-------------------

/mˈele/ - /mjˈɛle/
[1/1] <#_m-<#_m / ˈe-j_ˈɛ / l-l / e_#>-e_#>

-------------------

/mˈeʎu/ - /mˈɛʎːo/
[1/1] <#_m-<#_m / ˈe-ˈɛ / ʎ_u-ʎː_o

-------------------

/mˈeʣu/ - /mˈɛʣːo/
[1/1] <#_m-<#_m / ˈe-ˈɛ / ʣ-ʣː / u_#>-o_#>

-------------------

/mˈikːa/ - /mˈika/
[1/1] <#_m-<#_m / ˈi-ˈi / kː-k / a_#>-a_#>

-------------------

/mˈilːe/ - /mˈilːe/
[1/1] <#_m-<#_m / ˈi-ˈi / lː-lː / e_#>-e_#>

-------------------

/mˈɔrde/ - /mˈɔrdere/
[1/1] <#_m-<#_m / ˈɔ_r-ˈɔ_r / d-d / e-e_r / #>-e_#>

-------------------

/mˈɔre/ - /morˈire/
[1/1] <#_m-<#_m / ˈɔ_r-o_r / e-ˈi_r / #>-e_#>

-------------------

/mˈɔrte/ - /mˈɔrte/
[1/1] <#_m-<#_m / ˈɔ_r-ˈɔ_r / t_e-t_e

-------------------

/mˈɔska/ - /mˈoska/
[1/1] <#_m-<#_m / ˈɔ-ˈo / s_k-s_k / a_#>-a_#>

-------------------

/mˈɔʎa/ - /mˈoʎːe/
[1/1] <#_m-<#_m / ˈɔ-ˈo / ʎ-∅ / a-ʎː / #>-e_#>

-------------------

/mˈɛ/ - /mˈe/
[1/1] <#_m-<#_m / ˈɛ_#>-ˈe_#>

-------------------

/nivikˈa/ - /nevikˈare/
[1/1] <#_n-<#_n / i-e / v-v / i_k-i_k / ˈa_#>-ˈa_r_e_#>

-------------------

/nizˈunu/ - /nesːˈuno/
[1/1] <#_n-<#_n / i-e / z-sː / ˈu_n-ˈu_n / u_#>-o_#>

-------------------

/nun/ - /non/
[1/1] <#_n-<#_n / u_n-o_n

-------------------

/nutˈa/ - /nwotˈare/
[1/1] <#_n-<#_n / ∅-w / u_t-o_t / ˈa_#>-ˈa_r_e_#>

-------------------

/nˈazu/ - /nˈazo/
[1/1] <#_n-<#_n / ˈa_z-ˈa_z / u_#>-o_#>

-------------------

/nˈaʃːe/ - /nˈaʃːere/
[1/1] <#_n-<#_n / ˈa-ˈa / ʃː-ʃː / e-e_r / #>-e_#>

-------------------

/nˈebːja/ - /nˈebːja/
[1/1] <#_n-<#_n / ˈe-ˈe / bː-bː / j-j / a_#>-a_#>

-------------------

/nˈostro/ - /nˈɔstro/
[1/1] <#_n-<#_n / ˈo-ˈɔ / s_t-s_t / r_o-r_o

-------------------

/nˈube/ - /nˈube/
[1/1] <#_n-<#_n / ˈu-ˈu / b-b / e_#>-e_#>

-------------------

/nˈuvulu/ - /nˈuvola/
[1/1] <#_n-<#_n / ˈu-ˈu / v_u-v_o / l-l / u-a

-------------------

/nˈɔdu/ - /nˈɔdo/
[1/1] <#_n-<#_n / ˈɔ-ˈɔ / d-d / u_#>-o_#>

-------------------

/nˈɔj/ - /nˈoj/
[1/1] <#_n-<#_n / ˈɔ-ˈo / j_#>-j_#>

-------------------

/nˈɔme/ - /nˈome/
[1/1] <#_n-<#_n / ˈɔ-ˈo / m-m / e_#>-e_#>

-------------------

/nˈɔtːe/ - /nˈɔtːe/
[1/1] <#_n-<#_n / ˈɔ-ˈɔ / tː-tː / e_#>-e_#>

-------------------

/nˈɔve/ - /nˈɔve/
[1/1] <#_n-<#_n / ˈɔ-ˈɔ / v-v / e_#>-e_#>

-------------------

/nˈɔvu/ - /nwˈɔvo/
[1/1] <#_n-<#_n / ˈɔ-w_ˈɔ / v-v / u_#>-o_#>

-------------------

/nˈɔʧe/ - /nˈoʧe/
[1/1] <#_n-<#_n / ˈɔ_ʧ-ˈo_ʧ / e_#>-e_#>

-------------------

/nˈɛro/ - /nˈero/
[1/1] <#_n-<#_n / ˈɛ-ˈe / r_o-r_o

-------------------

/nˈɛve/ - /nˈeve/
[1/1] <#_n-<#_n / ˈɛ-ˈe / v-v / e_#>-e_#>

-------------------

/odˈore/ - /odˈore/
[1/1] <#_o-<#_o / d-d / ˈo_r-ˈo_r / e_#>-e_#>

-------------------

/operˈaju/ - /operˈajo/
[1/1] <#_o-<#_o / p_e-p_e / r_ˈa-r_ˈa / j-j / u_#>-o_#>

-------------------

/orˈɛca/ - /orˈekːja/
[1/1] <#_o-<#_o / r_ˈɛ-r_ˈe / c-kː_j / a_#>-a_#>

-------------------

/oʧˈelːu/ - /uʧːˈɛlːo/
[1/1] o-u / ʧ-ʧː / ˈe-ˈɛ / lː_u-lː_o

-------------------

/palˈaʦːu/ - /palˈaʦːo/
[1/1] <#_p-<#_p / a-a / l-l / ˈa-ˈa / ʦː_u-ʦː_o

-------------------

/parˈolːa/ - /parˈɔla/
[1/1] <#_p-<#_p / a_r-a_r / ˈo-ˈɔ / lː-l / a_#>-a_#>

-------------------

/pidˈɔcu/ - /pidˈɔkːjo/
[1/1] <#_p-<#_p / i-i / d-d / ˈɔ-ˈɔ / c-kː_j / u_#>-o_#>

-------------------

/pjˈaɡa/ - /pjˈaɡa/
[1/1] <#_p-<#_p / j-j / ˈa-ˈa / ɡ-ɡ / a_#>-a_#>

-------------------

/pjˈoʤa/ - /pjˈɔʤːa/
[1/1] <#_p-<#_p / j-j / ˈo-ˈɔ / ʤ-ʤː / a_#>-a_#>

-------------------

/pjˈuma/ - /pjˈuma/
[1/1] <#_p-<#_p / j-j / ˈu-ˈu / m-m / a_#>-a_#>

-------------------

/pjˈuma/ - /pˈenːa/
[1/1] <#_p-<#_p / j-∅ / ˈu-ˈe / m-nː / a_#>-a_#>

-------------------

/pjˈɛnu/ - /pjˈɛno/
[1/1] <#_p-<#_p / j-j / ˈɛ_n-ˈɛ_n / u_#>-o_#>

-------------------

/pjˈɛŋɟe/ - /pjˈanʤere/
[1/1] <#_p-<#_p / j-j / ˈɛ-ˈa / ŋ-n / ɟ-ʤ / e-e_r / #>-e_#>

-------------------

/prˈeʦːu/ - /prˈɛʦːo/
[1/1] <#_p-<#_p / r-r / ˈe-ˈɛ / ʦː_u-ʦː_o

-------------------

/putˈɛre/ - /potˈere/
[1/1] <#_p-<#_p / u-o / t_ˈɛ-t_ˈe / r-r / e_#>-e_#>

-------------------

/pˈane/ - /pˈane/
[1/1] <#_p-<#_p / ˈa_n-ˈa_n / e_#>-e_#>

-------------------

/pˈanse/ - /pˈanʧa/
[1/1] <#_p-<#_p / ˈa_n-ˈa_n / s-ʧ / e-a

-------------------

/pˈatre/ - /pˈadre/
[1/1] <#_p-<#_p / ˈa_t-ˈa_d / r-r / e_#>-e_#>

-------------------

/pˈaʧe/ - /pˈaʧe/
[1/1] <#_p-<#_p / ˈa-ˈa / ʧ_e-ʧ_e

-------------------

/pˈede/ - /pjˈɛde/
[1/1] <#_p-<#_p / ˈe-j_ˈɛ / d-d / e_#>-e_#>

-------------------

/pˈekura/ - /pˈɛkora/
[1/1] <#_p-<#_p / ˈe-ˈɛ / k_u-k_o / r-r / a_#>-a_#>

-------------------

/pˈelːe/ - /pˈɛlːe/
[1/1] <#_p-<#_p / ˈe-ˈɛ / lː-lː / e_#>-e_#>

-------------------

/pˈetra/ - /pjˈɛtra/
[1/1] <#_p-<#_p / ˈe-j_ˈɛ / t_r-t_r / a_#>-a_#>

-------------------

/pˈetːu/ - /pˈɛtːo/
[1/1] <#_p-<#_p / ˈe-ˈɛ / tː-tː / u_#>-o_#>

-------------------

/pˈoku/ - /pˈɔko/
[1/1] <#_p-<#_p / ˈo_k-ˈɔ_k / u_#>-o_#>

-------------------

/pˈone/ - /pˈoni/
[1/1] <#_p-<#_p / ˈo_n-ˈo_n / e-i

-------------------

/pˈonte/ - /pˈonte/
[1/1] <#_p-<#_p / ˈo-ˈo / n_t-n_t / e_#>-e_#>

-------------------

/pˈoʦːu/ - /pˈoʦːo/
[1/1] <#_p-<#_p / ˈo-ˈo / ʦː_u-ʦː_o

-------------------

/pˈuntu/ - /pˈunto/
[1/1] <#_p-<#_p / ˈu-ˈu / n_t-n_t / u_#>-o_#>

-------------------

/pˈuɲu/ - /pˈuɲːo/
[1/1] <#_p-<#_p / ˈu-ˈu / ɲ_u-ɲː_o

-------------------

/pˈɔrku/ - /pˈɔrko/
[1/1] <#_p-<#_p / ˈɔ_r-ˈɔ_r / k_u-k_o

-------------------

/pˈɔveru/ - /pˈɔvero/
[1/1] <#_p-<#_p / ˈɔ-ˈɔ / v-v / e_r-e_r / u_#>-o_#>

-------------------

/pˈɛlu/ - /pˈelo/
[1/1] <#_p-<#_p / ˈɛ-ˈe / l-l / u_#>-o_#>

-------------------

/pˈɛna/ - /pˈena/
[1/1] <#_p-<#_p / ˈɛ_n-ˈe_n / a_#>-a_#>

-------------------

/pˈɛska/ - /pˈɛska/
[1/1] <#_p-<#_p / ˈɛ-ˈɛ / s_k-s_k / a_#>-a_#>

-------------------

/pˈɛʃːu/ - /pˈeʃːe/
[1/1] <#_p-<#_p / ˈɛ-ˈe / ʃː-ʃː / u_#>-e_#>

-------------------

/radˈiʧe/ - /radˈiʧe/
[1/1] <#_r-<#_r / a-a / d-d / ˈi-ˈi / ʧ_e-ʧ_e

-------------------

/raɟˈone/ - /raʤˈone/
[1/1] <#_r-<#_r / a-a / ɟ-ʤ / ˈo_n-ˈo_n / e_#>-e_#>

-------------------

/reʤˈina/ - /reʤˈina/
[1/1] <#_r-<#_r / e-e / ʤ-ʤ / ˈi-ˈi / n-n / a_#>-a_#>

-------------------

/rumˈanu/ - /romˈano/
[1/1] <#_r-<#_r / u-o / m-m / ˈa_n-ˈa_n / u_#>-o_#>

-------------------

/rˈaɲu/ - /rˈaɲːo/
[1/1] <#_r-<#_r / ˈa_ɲ-ˈa_ɲː / u_#>-o_#>

-------------------

/rˈiu/ - /rˈio/
[1/1] <#_r-<#_r / ˈi-ˈi / u_#>-o_#>

-------------------

/rˈosːu/ - /rˈobːjo/
[1/1] <#_r-<#_r / ˈo-ˈo / ∅-bː / sː-j / u_#>-o_#>

-------------------

/rˈosːu/ - /rˈosːo/
[1/1] <#_r-<#_r / ˈo-ˈo / sː_u-sː_o

-------------------

/rˈɔta/ - /rwˈɔta/
[1/1] <#_r-<#_r / ˈɔ-w_ˈɔ / t_a-t_a

-------------------

/rˈɛ/ - /rˈe/
[1/1] <#_r-<#_r / ˈɛ_#>-ˈe_#>

-------------------

/rˈɛna/ - /arˈena/
[1/1] <#-a_<# / r_ˈɛ-r_ˈe / n-n / a_#>-a_#>

-------------------

/salˈute/ - /salˈute/
[1/1] <#_s-<#_s / a-a / l-l / ˈu-ˈu / t_e-t_e

-------------------

/sapˈɛ/ - /sapˈere/
[1/1] <#_s-<#_s / a-a / p-p / ˈɛ-ˈe_r / #>-e_#>

-------------------

/setːimˈana/ - /setːimˈana/
[1/1] <#_s-<#_s / e-e / tː-tː / i-i / m-m / ˈa_n-ˈa_n / a_#>-a_#>

-------------------

/sikˈuru/ - /sikˈuro/
[1/1] <#_s-<#_s / i_k-i_k / ˈu-ˈu / r-r / u_#>-o_#>

-------------------

/skrˈive/ - /skrˈivere/
[1/1] <#_s-<#_s / k_r-k_r / ˈi-ˈi / v-v / e-e_r / #>-e_#>

-------------------

/skˈɔrʦa/ - /skˈɔrʦa/
[1/1] s_k-s_k / ˈɔ_r-ˈɔ_r / ʦ-ʦ / a_#>-a_#>

-------------------

/spˈada/ - /spˈada/
[1/1] <#_s-<#_s / p-p / ˈa-ˈa / d-d / a_#>-a_#>

-------------------

/spˈaɲa/ - /spˈaɲːa/
[1/1] <#_s-<#_s / p-p / ˈa_ɲ-ˈa_ɲː / a_#>-a_#>

-------------------

/spˈika/ - /spˈiɡa/
[1/1] <#_s-<#_s / p-p / ˈi-ˈi / k-ɡ / a_#>-a_#>

-------------------

/spˈina/ - /spˈina/
[1/1] <#_s-<#_s / p-p / ˈi-ˈi / n-n / a_#>-a_#>

-------------------

/sumˈɛnta/ - /semˈente/
[1/1] <#_s-<#_s / u-e / m-m / ˈɛ-ˈe / n_t-n_t / a-∅ / #>-e_#>

-------------------

/sumˈɛnta/ - /semˈɛnʦa/
[1/1] <#_s-<#_s / u-e / m-m / ˈɛ_n-ˈɛ_n / t-ʦ / a_#>-a_#>

-------------------

/sˈabːja/ - /sˈabːja/
[1/1] <#_s-<#_s / ˈa-ˈa / bː-bː / j-j / a_#>-a_#>

-------------------

/sˈale/ - /sˈale/
[1/1] <#_s-<#_s / ˈa-ˈa / l-l / e_#>-e_#>

-------------------

/sˈalsa/ - /sˈalsa/
[1/1] <#_s-<#_s / ˈa-ˈa / l-l / s-s / a_#>-a_#>

-------------------

/sˈana/ - /sˈana/
[1/1] <#_s-<#_s / ˈa_n-ˈa_n / a_#>-a_#>

-------------------

/sˈantu/ - /sˈanto/
[1/1] <#_s-<#_s / ˈa-ˈa / n_t-n_t / u_#>-o_#>

-------------------

/sˈanu/ - /sˈano/
[1/1] <#_s-<#_s / ˈa_n-ˈa_n / u_#>-o_#>

-------------------

/sˈasːu/ - /sˈasːo/
[1/1] <#_s-<#_s / ˈa_sː-ˈa_sː / u_#>-o_#>

-------------------

/sˈavju/ - /sˈavjo/
[1/1] <#_s-<#_s / ˈa_v-ˈa_v / j-j / u_#>-o_#>

-------------------

/sˈaŋɡwe/ - /sˈaŋɡwe/
[1/1] <#_s-<#_s / ˈa_ŋ-ˈa_ŋ / ɡ-ɡ / w-w / e_#>-e_#>

-------------------

/sˈej/ - /sˈɛj/
[1/1] <#_s-<#_s / ˈe-ˈɛ / j_#>-j_#>

-------------------

/sˈetːe/ - /sˈɛtːe/
[1/1] <#_s-<#_s / ˈe-ˈɛ / tː-tː / e_#>-e_#>

-------------------

/sˈofːre/ - /sofːrˈire/
[1/1] <#_s-<#_s / ˈo-o / fː-fː / r-r / e-ˈi_r / #>-e_#>

-------------------

/sˈole/ - /sˈole/
[1/1] <#_s-<#_s / ˈo-ˈo / l-l / e_#>-e_#>

-------------------

/sˈopra/ - /sˈopra/
[1/1] <#_s-<#_s / ˈo-ˈo / p-p / r-r / a_#>-a_#>

-------------------

/sˈɛde/ - /sedˈere/
[1/1] <#_s-<#_s / ˈɛ-e / d-d / ∅-ˈe / ∅-r / e_#>-e_#>

-------------------

/sˈɛkːa/ - /sˈekːa/
[1/1] <#_s-<#_s / ˈɛ_kː-ˈe_kː / a_#>-a_#>

-------------------

/sˈɛkːu/ - /sˈekːo/
[1/1] <#_s-<#_s / ˈɛ_kː-ˈe_kː / u_#>-o_#>

-------------------

/sˈɛra/ - /sˈera/
[1/1] <#_s-<#_s / ˈɛ-ˈe / r-r / a_#>-a_#>

-------------------

/sˈɛta/ - /sˈeta/
[1/1] <#_s-<#_s / ˈɛ-ˈe / t_a-t_a

-------------------

/trˈɛ/ - /trˈe/
[1/1] <#_t-<#_t / r-r / ˈɛ_#>-ˈe_#>

-------------------

/tˈesta/ - /tˈɛsta/
[1/1] <#_t-<#_t / ˈe-ˈɛ / s_t-s_t / a_#>-a_#>

-------------------

/tˈondu/ - /tˈondo/
[1/1] <#_t-<#_t / ˈo_n-ˈo_n / d-d / u_#>-o_#>

-------------------

/tˈu/ - /tˈu/
[1/1] <#_t-<#_t / ˈu-ˈu

-------------------

/tˈutːi/ - /tˈutːi/
[1/1] <#_t-<#_t / ˈu-ˈu / tː-tː / i_#>-i_#>

-------------------

/tˈutːu/ - /tˈutːo/
[1/1] <#_t-<#_t / ˈu-ˈu / tː-tː / u_#>-o_#>

-------------------

/tˈɔru/ - /tˈɔro/
[1/1] <#_t-<#_t / ˈɔ_r-ˈɔ_r / u_#>-o_#>

-------------------

/tˈɛmpu/ - /tˈɛmpo/
[1/1] <#_t-<#_t / ˈɛ-ˈɛ / m-m / p-p / u_#>-o_#>

-------------------

/tˈɛrːa/ - /tˈɛrːa/
[1/1] <#_t-<#_t / ˈɛ_rː-ˈɛ_rː / a_#>-a_#>

-------------------

/uɡwˈale/ - /uɡwˈale/
[1/1] <#_u-<#_u / ɡ-ɡ / w_ˈa-w_ˈa / l-l / e_#>-e_#>

-------------------

/uʧːˈide/ - /uʧːˈidere/
[1/1] <#_u-<#_u / ʧː-ʧː / ˈi-ˈi / d-d / e-e_r / #>-e_#>

-------------------

/verɡˈɔɲa/ - /verɡˈoɲːa/
[1/1] <#_v-<#_v / e_r-e_r / ɡ-ɡ / ˈɔ-ˈo / ɲ_a-ɲː_a

-------------------

/vidˈɛre/ - /vedˈere/
[1/1] <#_v-<#_v / i-e / d-d / ˈɛ-ˈe / r-r / e_#>-e_#>

-------------------

/vilːˈanu/ - /vilːˈano/
[1/1] <#_v-<#_v / i-i / lː-lː / ˈa_n-ˈa_n / u_#>-o_#>

-------------------

/vitˈelːu/ - /vitˈɛlːo/
[1/1] <#_v-<#_v / i-i / t_ˈe-t_ˈɛ / lː_u-lː_o

-------------------

/viʧˈinu/ - /viʧˈino/
[1/1] <#_v-<#_v / i-i / ʧ-ʧ / ˈi-ˈi / n-n / u_#>-o_#>

-------------------

/vulˈa/ - /volˈare/
[1/1] <#_v-<#_v / u_l-o_l / ˈa_#>-ˈa_r_e_#>

-------------------

/vˈakːa/ - /vˈakːa/
[1/1] <#_v-<#_v / ˈa-ˈa / kː-kː / a_#>-a_#>

-------------------

/vˈecu/ - /vˈɛkːjo/
[1/1] <#_v-<#_v / ˈe-ˈɛ / c-kː_j / u_#>-o_#>

-------------------

/vˈerde/ - /vˈerde/
[1/1] <#_v-<#_v / ˈe-ˈe / r-r / d-d / e_#>-e_#>

-------------------

/vˈia/ - /vˈia/
[1/1] <#_v-<#_v / ˈi-ˈi / a_#>-a_#>

-------------------

/vˈilːa/ - /vˈilːa/
[1/1] <#_v-<#_v / ˈi-ˈi / lː_a-lː_a

-------------------

/vˈinti/ - /vˈenti/
[1/1] <#_v-<#_v / ˈi-ˈe / n_t-n_t / i_#>-i_#>

-------------------

/vˈinu/ - /vˈino/
[1/1] <#_v-<#_v / ˈi-ˈi / n-n / u_#>-o_#>

-------------------

/vˈita/ - /vˈita/
[1/1] <#_v-<#_v / ˈi-ˈi / t_a-t_a

-------------------

/vˈɔj/ - /vˈoj/
[1/1] <#_v-<#_v / ˈɔ-ˈo / j_#>-j_#>

-------------------

/vˈɔʧe/ - /vˈoʧe/
[1/1] <#_v-<#_v / ˈɔ_ʧ-ˈo_ʧ / e_#>-e_#>

-------------------

/vˈɛne/ - /venˈire/
[1/1] <#_v-<#_v / ˈɛ_n-e_n / e-ˈi_r / #>-e_#>

-------------------

/vˈɛntre/ - /vˈɛntre/
[1/1] <#_v-<#_v / ˈɛ_n-ˈɛ_n / t_r-t_r / e_#>-e_#>

-------------------

/vˈɛntu/ - /vˈɛnto/
[1/1] <#_v-<#_v / ˈɛ-ˈɛ / n_t-n_t / u_#>-o_#>

-------------------

/vˈɛrmu/ - /vˈɛrme/
[1/1] <#_v-<#_v / ˈɛ_r-ˈɛ_r / m-m / u_#>-e_#>

-------------------

/ɟalˈa/ - /ɡjaʧːˈare/
[1/1] ɟ-ɡ_j / a-a / l-ʧː / ˈa_#>-ˈa_r_e_#>

-------------------

/ɟalˈa/ - /ʤelˈare/
[1/1] <#_ɟ-<#_ʤ / a-e / l-l / ˈa_#>-ˈa_r_e_#>

-------------------

/ɟinˈɔcu/ - /ʤinˈɔkːjo/
[1/1] <#_ɟ-<#_ʤ / i-i / n-n / ˈɔ-ˈɔ / c-kː_j / u_#>-o_#>

-------------------

/ɟˈaʧːu/ - /ɡjˈaʧːo/
[1/1] ɟ-ɡ_j / ˈa-ˈa / ʧː-ʧː / u_#>-o_#>

-------------------

/ɟˈelu/ - /ʤˈɛlo/
[1/1] <#_ɟ-<#_ʤ / ˈe-ˈɛ / l-l / u_#>-o_#>

-------------------

/ɟˈenaru/ - /ʤˈɛnero/
[1/1] <#_ɟ-<#_ʤ / ˈe-ˈɛ / n-n / a-e / r-r / u_#>-o_#>

-------------------

/ɟˈoku/ - /ʤˈɔko/
[1/1] <#_ɟ-<#_ʤ / ˈo_k-ˈɔ_k / u_#>-o_#>

-------------------

/ɟˈudiʧe/ - /ʤˈudiʧe/
[1/1] <#_ɟ-<#_ʤ / ˈu-ˈu / d-d / i-i / ʧ_e-ʧ_e

-------------------

/ɟˈuntu/ - /ʤˈunto/
[1/1] <#_ɟ-<#_ʤ / ˈu-ˈu / n_t-n_t / u_#>-o_#>

-------------------

/ɟˈuɲu/ - /ʤˈuɲːo/
[1/1] <#_ɟ-<#_ʤ / ˈu-ˈu / ɲ_u-ɲː_o

-------------------

/ɟˈɔrnu/ - /ʤˈorno/
[1/1] <#_ɟ-<#_ʤ / ˈɔ-ˈo / r_n-r_n / u_#>-o_#>

-------------------

/ɟˈɔvanu/ - /ʤˈovane/
[1/1] <#_ɟ-<#_ʤ / ˈɔ-ˈo / v-v / a_n-a_n / u_#>-e_#>

-------------------

/ɟˈɛnte/ - /ʤˈɛnte/
[1/1] <#_ɟ-<#_ʤ / ˈɛ-ˈɛ / n_t-n_t / e_#>-e_#>

-------------------

/ɟˈɛntile/ - /ʤentˈile/
[1/1] <#_ɟ-<#_ʤ / ˈɛ_n-e_n / t-t / i-ˈi / l-l / e_#>-e_#>

-------------------

/ɡrˈana/ - /ɡrˈano/
[1/1] <#_ɡ-<#_ɡ / r_ˈa-r_ˈa / n_a-n_o

-------------------

/ɡrˈande/ - /ɡrˈande/
[1/1] <#_ɡ-<#_ɡ / r-r / ˈa_n-ˈa_n / d-d / e_#>-e_#>

-------------------

/ɡrˈasːa/ - /ɡrˈasːo/
[1/1] <#_ɡ-<#_ɡ / r-r / ˈa_sː-ˈa_sː / a-o

-------------------

/ɡrˈɔsːu/ - /ɡrˈɔsːo/
[1/1] <#_ɡ-<#_ɡ / r-r / ˈɔ-ˈɔ / sː_u-sː_o

-------------------

/ɡˈatːu/ - /ɡˈatːo/
[1/1] <#_ɡ-<#_ɡ / ˈa-ˈa / tː-tː / u_#>-o_#>

-------------------

/ɡˈɔʧːa/ - /ɡˈoʧːa/
[1/1] <#_ɡ-<#_ɡ / ˈɔ-ˈo / ʧː-ʧː / a_#>-a_#>

-------------------

/ʃtˈatu/ - /stˈato/
[1/1] ʃ-s / t_ˈa-t_ˈa / t_u-t_o

-------------------

/ʃtˈelːa/ - /stˈelːa/
[1/1] ʃ-s / t-t / ˈe_lː-ˈe_lː / a_#>-a_#>

-------------------

/ʤiɲɟˈiva/ - /ʤenʤˈiva/
[1/1] ʤ-ʤ / i-e / ɲ-n / ɟ-ʤ / ˈi-ˈi / v-v / a_#>-a_#>

-------------------

/ʧirkˈa/ - /ʧerkˈare/
[1/1] <#_ʧ-<#_ʧ / i-e / r-r / k_ˈa-k_ˈa / ∅-r / #>-e_#>

-------------------

/ʧitˈa/ - /ʧitːˈa/
[1/1] <#_ʧ-<#_ʧ / i-i / t-tː / ˈa-ˈa

-------------------

/ʧiŋkwˈanta/ - /ʧiŋkwˈanta/
[1/1] <#_ʧ-<#_ʧ / i-i / ŋ_k-ŋ_k / w_ˈa-w_ˈa / n_t-n_t / a_#>-a_#>

-------------------

/ʧˈelu/ - /ʧˈɛlo/
[1/1] <#_ʧ-<#_ʧ / ˈe-ˈɛ / l-l / u_#>-o_#>

-------------------

/ʧˈima/ - /ʧˈima/
[1/1] <#_ʧ-<#_ʧ / ˈi-ˈi / m-m / a_#>-a_#>

-------------------

/ʧˈiŋkwe/ - /ʧˈiŋkwe/
[1/1] <#_ʧ-<#_ʧ / ˈi-ˈi / ŋ_k-ŋ_k / w-w / e_#>-e_#>

-------------------

/ʧˈɛnere/ - /ʧˈenere/
[1/1] <#_ʧ-<#_ʧ / ˈɛ_n-ˈe_n / e_r-e_r / e_#>-e_#>

-------------------

/ʧˈɛntu/ - /ʧˈɛnto/
[1/1] <#_ʧ-<#_ʧ / ˈɛ-ˈɛ / n_t-n_t / u_#>-o_#>

-------------------

/ʧˈɛra/ - /ʧˈera/
[1/1] <#_ʧ-<#_ʧ / ˈɛ-ˈe / r-r / a_#>-a_#>

-------------------

/ˈaku/ - /ˈaɡo/
[1/1] <#_ˈa-<#_ˈa / k-ɡ / u_#>-o_#>

-------------------

/ˈakːwa/ - /ˈakːwa/
[1/1] <#_ˈa-<#_ˈa / kː-kː / w_a-w_a

-------------------

/ˈalba/ - /ˈalba/
[1/1] <#_ˈa-<#_ˈa / l-l / b_a-b_a

-------------------

/ˈalma/ - /ˈalma/
[1/1] <#_ˈa-<#_ˈa / l-l / m-m / a_#>-a_#>

-------------------

/ˈaltru/ - /ˈaltro/
[1/1] <#_ˈa-<#_ˈa / l-l / t_r-t_r / u_#>-o_#>

-------------------

/ˈanːu/ - /ˈanːo/
[1/1] <#_ˈa-<#_ˈa / nː-nː / u_#>-o_#>

-------------------

/ˈapa/ - /ˈape/
[1/1] <#_ˈa-<#_ˈa / p-p / a-∅ / #>-e_#>

-------------------

/ˈarburu/ - /ˈalbero/
[1/1] <#_ˈa-<#_ˈa / r-l / b-b / u-e / r-r / u_#>-o_#>

-------------------

/ˈaŋɟulu/ - /ˈanʤelo/
[1/1] <#_ˈa-<#_ˈa / ŋ-n / ɟ-ʤ / u-e / l-l / u_#>-o_#>

-------------------

/ˈaʎu/ - /ˈaʎːo/
[1/1] <#_ˈa-<#_ˈa / ʎ_u-ʎː_o

-------------------

/ˈeju/ - /ˈio/
[1/1] ˈe_<#-<# / j-ˈi / u_#>-o_#>

-------------------

/ˈizula/ - /ˈizola/
[1/1] ˈi-ˈi / z_u-z_o / l-l / a_#>-a_#>

-------------------

/ˈoci/ - /ˈɔkːi/
[1/1] <#_ˈo-<#_ˈɔ / c-kː / i_#>-i_#>

-------------------

/ˈocu/ - /ˈɔkːjo/
[1/1] <#_ˈo-<#_ˈɔ / c-kː_j / u_#>-o_#>

-------------------

/ˈoka/ - /ˈɔka/
[1/1] ˈo_k-ˈɔ_k / a_#>-a_#>

-------------------

/ˈomu/ - /wˈɔmo/
[1/1] <#_ˈo-<#_w / ∅-ˈɔ / m-m / u_#>-o_#>

-------------------

/ˈoru/ - /ˈɔro/
[1/1] <#_ˈo-<#_ˈɔ / r-r / u_#>-o_#>

-------------------

/ˈotːu/ - /ˈɔtːo/
[1/1] <#_ˈo-<#_ˈɔ / tː-tː / u_#>-o_#>

-------------------

/ˈovu/ - /wˈɔvo/
[1/1] <#_ˈo-<#_w / ∅-ˈɔ / v-v / u_#>-o_#>

-------------------

/ˈunu/ - /ˈuno/
[1/1] <#_ˈu-<#_ˈu / n-n / u_#>-o_#>

-------------------

/ˈuŋɟa/ - /ˈuŋɡja/
[1/1] <#_ˈu-<#_ˈu / ŋ-ŋ / ɟ-ɡ_j / a_#>-a_#>

-------------------

/ˈɔmu/ - /wˈɔmo/
[1/1] ˈɔ-w_ˈɔ / m-m / u_#>-o_#>

-------------------

/ˈɔpera/ - /ˈɔpera/
[1/1] <#_ˈɔ-<#_ˈɔ / p-p / e_r-e_r / a_#>-a_#>

-------------------

/ˈɔrsu/ - /ˈorso/
[1/1] ˈɔ-ˈo / r-r / s-s / u_#>-o_#>

-------------------

/ˈɔsːu/ - /ˈɔsːo/
[1/1] <#_ˈɔ-<#_ˈɔ / sː_u-sː_o

-------------------

/ˈɛrba/ - /ˈɛrba/
[1/1] ˈɛ_r-ˈɛ_r / b_a-b_a

-------------------

