/brˈur/ - /b̥rˈuɐ̯d̥a/
b-b̥ / r-r / ˈu-ˈuɐ̯ / r-d̥_a
{0: [0], 1: [1], 2: [2], 3: [3]}
{0: [0], 1: [1], 2: [2], 3: [3, 4]}
SCORE: 19.334

-------------------

/brˈœχ/ - /b̥rˈuɡ̊n̩/
b-b̥ / r-r / ˈœ-ˈu / χ-ɡ̊ / ∅-n
{0: [0], 1: [1], 2: [2], 3: [3], 4: None}
{0: [0], 1: [1], 2: [2], 3: [3], 4: [4]}
SCORE: 19.481

-------------------

/brˈʊə̯d̥/ - /b̥rˈoːd̥/
b-b̥ / r-r / ˈʊə̯-ˈoː / d̥-d̥
{0: [0], 1: [1], 2: [2], 3: [3]}
{0: [0], 1: [1], 2: [2], 3: [3]}
SCORE: 21.47

-------------------

/bɫˈud̥/ - /b̥lˈuɐ̯d̥/
b-b̥ / ɫ-l / ˈu-ˈuɐ̯ / d̥-d̥
{0: [0], 1: [1], 2: [2], 3: [3]}
{0: [0], 1: [1], 2: [2], 3: [3]}
SCORE: 25.588

-------------------

/bɫˈuj/ - /b̥lˈuɐ̯d̥n̩/
b-b̥ / ɫ-l / ˈu-ˈuɐ̯ / ∅-d̥ / ∅-n / j-∅
{0: [0], 1: [1], 2: [2], 3: None, 4: None, 5: [3]}
{0: [0], 1: [1], 2: [2], 3: [3], 4: [4], 5: None}
SCORE: 6.68

-------------------

/bɫˈɑːr/ - /b̥lˈɑd̥l̩/
b-b̥ / ɫ-l / ˈɑː-ˈɑ / r-d̥ / ∅-l
{0: [0], 1: [1], 2: [2], 3: [3], 4: None}
{0: [0], 1: [1], 2: [2], 3: [3], 4: [4]}
SCORE: 12.689

-------------------

/bɫˈɔm/ - /b̥lˈeɐ̯mə/
b-b̥ / ɫ-l / ∅-ˈeɐ̯ / ˈɔ-∅ / m-m / ∅-ə
{0: [0], 1: [1], 2: None, 3: [2], 4: [3], 5: None}
{0: [0], 1: [1], 2: [2], 3: None, 4: [3], 5: [4]}
SCORE: 6.153

-------------------

/bˈad̥/ - /b̥ˈɒːd̥/
b-b̥ / ˈa-ˈɒː / d̥-d̥
{0: [0], 1: [1], 2: [2]}
{0: [0], 1: [1], 2: [2]}
SCORE: 19.309

-------------------

/bˈid̥/ - /b̥ˈiːd̥n̩/
b-b̥ / ∅-ˈiː / ˈi-∅ / d̥-d̥_n
{0: [0], 1: None, 2: [1], 3: [2]}
{0: [0], 1: [1], 2: None, 3: [2, 3]}
SCORE: 2.016

-------------------

/bˈuk/ - /b̥ˈuɐ̯x/
b-b̥ / ˈu-ˈuɐ̯ / k_#>-x_#>
{0: [0], 1: [1], 2: [2]}
{0: [0], 1: [1], 2: [2]}
SCORE: 22.621

-------------------

/bˈæːrχ/ - /b̥ˈeɐɡ̊/
b-b̥ / ˈæː-ˈe / r-ɐ / χ-ɡ̊
{0: [0], 1: [1], 2: [2], 3: [3]}
{0: [0], 1: [1], 2: [2], 3: [3]}
SCORE: 19.427

-------------------

/bˈɔːrs/ - /b̥rˈuʃd̥/
b-b̥ / ˈɔː-∅ / r-r / ∅-ˈu / s-ʃ_d̥
{0: [0], 1: [1], 2: [2], 3: None, 4: [3]}
{0: [0], 1: None, 2: [1], 3: [2], 4: [3, 4]}
SCORE: 6.7

-------------------

/bˈəd̥/ - /b̥ˈid̥n̩/
b-b̥ / ˈə-ˈi / d̥-d̥_n
{0: [0], 1: [1], 2: [2]}
{0: [0], 1: [1], 2: [2, 3]}
SCORE: 17.09

-------------------

/bˈənd̥/ - /b̥ˈind̥n̩/
b-b̥ / ˈə-ˈi / n-n / d̥-d̥_n
{0: [0], 1: [1], 2: [2], 3: [3]}
{0: [0], 1: [1], 2: [2], 3: [3, 4]}
SCORE: 21.032

-------------------

/bˈəɪ̯t/ - /b̥ˈai̯sn̩/
b-b̥ / ˈəɪ̯-ˈai̯ / t-s_n
{0: [0], 1: [1], 2: [2]}
{0: [0], 1: [1], 2: [2, 3]}
SCORE: 17.89

-------------------

/bˈɛsi/ - /b̥ˈeːɐ/
b-b̥ / ˈɛ-ˈeː / ∅-ɐ / s-∅ / i-∅
{0: [0], 1: [1], 2: None, 3: [2], 4: [3]}
{0: [0], 1: [1], 2: [2], 3: None, 4: None}
SCORE: -2.612

-------------------

/bˈɪə̯n/ - /b̥ˈoɐ̯/
b-b̥ / ˈɪə̯-ˈoɐ̯ / n_#>-#>
{0: [0], 1: [1], 2: [2]}
{0: [0], 1: [1], 2: None}
SCORE: 12.576

-------------------

/bˈɪə̯r/ - /b̥ˈeɐ/
b-b̥ / ˈɪə̯-ˈe / r-ɐ
{0: [0], 1: [1], 2: [2]}
{0: [0], 1: [1], 2: [2]}
SCORE: 16.881

-------------------

/bˈɪə̯tər/ - /b̥ˈesa/
b-b̥ / ˈɪə̯-ˈe / t-s / ə_r-a
{0: [0], 1: [1], 2: [2], 3: [3, 4]}
{0: [0], 1: [1], 2: [2], 3: [3]}
SCORE: 18.226

-------------------

/bˈʊə̯m/ - /b̥ˈaːm/
b-b̥ / ˈʊə̯-ˈaː / m-m
{0: [0], 1: [1], 2: [2]}
{0: [0], 1: [1], 2: [2]}
SCORE: 20.889

-------------------

/drˈi/ - /d̥rˈai̯/
<#_d-<#_d̥ / r-r / ˈi-ˈai̯
{0: [0], 1: [1], 2: [2]}
{0: [0], 1: [1], 2: [2]}
SCORE: 15.517

-------------------

/drˈœk/ - /d̥rˈuɡ̊a/
<#_d-<#_d̥ / r-r / ˈœ-ˈu / k-ɡ̊_a
{0: [0], 1: [1], 2: [2], 3: [3]}
{0: [0], 1: [1], 2: [2], 3: [3, 4]}
SCORE: 19.021

-------------------

/drˈəŋk/ - /d̥rˈiŋɡ̊a/
<#_d-<#_d̥ / r-r / ˈə-ˈi / ŋ-ŋ / k-ɡ̊_a
{0: [0], 1: [1], 2: [2], 3: [3], 4: [4]}
{0: [0], 1: [1], 2: [2], 3: [3], 4: [4, 5]}
SCORE: 24.3

-------------------

/drˈəɪ̯v̥/ - /d̥rˈai̯m/
<#_d-<#_d̥ / r-r / ˈəɪ̯-ˈai̯ / ∅-m / v̥_#>-#>
{0: [0], 1: [1], 2: [2], 3: None, 4: [3]}
{0: [0], 1: [1], 2: [2], 3: [3], 4: None}
SCORE: 10.675

-------------------

/drˈʊə̯m/ - /d̥rˈaːm/
<#_d-<#_d̥ / r-r / ˈʊə̯-ˈaː / m-m
{0: [0], 1: [1], 2: [2], 3: [3]}
{0: [0], 1: [1], 2: [2], 3: [3]}
SCORE: 23.638

-------------------

/drˈʊə̯m/ - /d̥rˈaːma/
<#_d-<#_d̥ / r-r / ˈʊə̯-ˈaː / m-m / #>-a_#>
{0: [0], 1: [1], 2: [2], 3: [3], 4: None}
{0: [0], 1: [1], 2: [2], 3: [3], 4: [4]}
SCORE: 20.283

-------------------

/dˈaŋk/ - /d̥ˈaŋɡ̊n̩/
<#_d-<#_d̥ / ˈa-ˈa / ŋ-ŋ / k-ɡ̊ / ∅-n
{0: [0], 1: [1], 2: [2], 3: [3], 4: None}
{0: [0], 1: [1], 2: [2], 3: [3], 4: [4]}
SCORE: 16.958

-------------------

/dˈaχ/ - /d̥ˈɒːɡ̊/
<#_d-<#_d̥ / ˈa-ˈɒː / χ-ɡ̊
{0: [0], 1: [1], 2: [2]}
{0: [0], 1: [1], 2: [2]}
SCORE: 18.041

-------------------

/dˈip/ - /d̥ˈiɐ̯f/
<#_d-<#_d̥ / ˈi-ˈiɐ̯ / p_#>-f_#>
{0: [0], 1: [1], 2: [2]}
{0: [0], 1: [1], 2: [2]}
SCORE: 20.772

-------------------

/dˈir/ - /d̥ˈiɐ̯/
<#_d-<#_d̥ / ˈi-ˈiɐ̯ / r_#>-#>
{0: [0], 1: [1], 2: [2]}
{0: [0], 1: [1], 2: None}
SCORE: 11.425

-------------------

/dˈiv̥/ - /d̥ˈiɐ̯b̥/
<#_d-<#_d̥ / ˈi-ˈiɐ̯ / v̥_#>-b̥_#>
{0: [0], 1: [1], 2: [2]}
{0: [0], 1: [1], 2: [2]}
SCORE: 15.629

-------------------

/dˈyːr/ - /d̥ˈai̯a/
<#_d-<#_d̥ / ˈyː_r-ˈai̯_a
{0: [0], 1: [1, 2]}
{0: [0], 1: [1, 2]}
SCORE: 14.553

-------------------

/dˈæːrtin/ - /d̥rˈai̯ʦeɐ̯/
<#_d-<#_d̥ / ˈæː-∅ / r-r_ˈai̯ / t-ʦ / i_n-eɐ̯
{0: [0], 1: [1], 2: [2], 3: [3], 4: [4, 5]}
{0: [0], 1: None, 2: [1, 2], 3: [3], 4: [4]}
SCORE: 10.391

-------------------

/dˈœn/ - /d̥ˈin/
<#_d-<#_d̥ / ∅-ˈi / ˈœ-∅ / n-n
{0: [0], 1: None, 2: [1], 3: [2]}
{0: [0], 1: [1], 2: None, 3: [2]}
SCORE: 3.399

-------------------

/dˈœɪ̯m/ - /d̥ˈaːm/
<#_d-<#_d̥ / ∅-ˈaː / ˈœɪ̯-∅ / m-m
{0: [0], 1: None, 2: [1], 3: [2]}
{0: [0], 1: [1], 2: None, 3: [2]}
SCORE: 4.962

-------------------

/dˈœɪ̯sənd̥/ - /d̥ˈau̯sad̥/
<#_d-<#_d̥ / ˈœɪ̯-ˈau̯ / s-s / ə-a / n-∅ / d̥-d̥
{0: [0], 1: [1], 2: [2], 3: [3], 4: [4], 5: [5]}
{0: [0], 1: [1], 2: [2], 3: [3], 4: None, 5: [4]}
SCORE: 23.462

-------------------

/dˈœɪ̯ts/ - /d̥ˈai̯d̥ʃ/
<#_d-<#_d̥ / ˈœɪ̯-ˈai̯ / t-d̥ / s-ʃ
{0: [0], 1: [1], 2: [2], 3: [3]}
{0: [0], 1: [1], 2: [2], 3: [3]}
SCORE: 18.305

-------------------

/dˈɔndər/ - /d̥ˈona/
d_ˈɔ-d̥_ˈo / n-n / d-∅ / ə_r-a
{0: [0, 1], 1: [2], 2: [3], 3: [4, 5]}
{0: [0, 1], 1: [2], 2: None, 3: [3]}
SCORE: 14.748

-------------------

/dˈɔrs/ - /d̥ˈuɐʃd̥/
<#_d-<#_d̥ / ˈɔ-ˈu / r-ɐ / s-ʃ_d̥
{0: [0], 1: [1], 2: [2], 3: [3]}
{0: [0], 1: [1], 2: [2], 3: [3, 4]}
SCORE: 19.118

-------------------

/dˈɔχtər/ - /d̥ˈoxd̥a/
d_ˈɔ-d̥_ˈo / χ_t-x_d̥ / ə_r-a
{0: [0, 1], 1: [2, 3], 2: [4, 5]}
{0: [0, 1], 1: [2, 3], 2: [4]}
SCORE: 21.636

-------------------

/dˈɪə̯χ/ - /d̥ˈoɐ̯ɡ̊/
<#_d-<#_d̥ / ˈɪə̯-ˈoɐ̯ / χ-ɡ̊
{0: [0], 1: [1], 2: [2]}
{0: [0], 1: [1], 2: [2]}
SCORE: 18.855

-------------------

/dˈʊə̯dəɫək/ - /d̥ˈeːd̥li/
<#_d-<#_d̥ / ˈʊə̯-ˈeː / d-d̥ / ə-∅ / ɫ-l / ə-i / k_#>-#>
{0: [0], 1: [1], 2: [2], 3: [3], 4: [4], 5: [5], 6: [6]}
{0: [0], 1: [1], 2: [2], 3: None, 4: [3], 5: [4], 6: None}
SCORE: 13.373

-------------------

/dˈʊə̯d̥/ - /d̥ˈou̯d̥/
<#_d-<#_d̥ / ˈʊə̯-ˈou̯ / d̥-d̥
{0: [0], 1: [1], 2: [2]}
{0: [0], 1: [1], 2: [2]}
SCORE: 19.071

-------------------

/dˈʊə̯rəŋ/ - /d̥ˈorn/
<#_d-<#_d̥ / ˈʊə̯-ˈo / r-r / ə_ŋ-n
{0: [0], 1: [1], 2: [2], 3: [3, 4]}
{0: [0], 1: [1], 2: [2], 3: [3]}
SCORE: 16.134

-------------------

/jˈɑːr/ - /jˈɒːɐ/
<#_j-<#_j / ˈɑː-ˈɒː / r-ɐ
{0: [0], 1: [1], 2: [2]}
{0: [0], 1: [1], 2: [2]}
SCORE: 16.826

-------------------

/jˈɔŋ/ - /jˈuŋɡ̊/
<#_j-<#_j / ˈɔ-ˈu / ŋ-ŋ / #>-ɡ̊_#>
{0: [0], 1: [1], 2: [2], 3: None}
{0: [0], 1: [1], 2: [2], 3: [3]}
SCORE: 17.43

-------------------

/knˈi/ - /ɡ̊nˈiɐ̯/
k-ɡ̊ / n-n / ˈi-ˈiɐ̯
{0: [0], 1: [1], 2: [2]}
{0: [0], 1: [1], 2: [2]}
SCORE: 16.737

-------------------

/kˈan/ - /kʰˈena/
k-kʰ / ˈa-ˈe / n-n / #>-a_#>
{0: [0], 1: [1], 2: [2], 3: None}
{0: [0], 1: [1], 2: [2], 3: [3]}
SCORE: 13.597

-------------------

/kˈat/ - /kʰˈɑʦ/
k-kʰ / ˈa-ˈɑ / t-ʦ
{0: [0], 1: [1], 2: [2]}
{0: [0], 1: [1], 2: [2]}
SCORE: 20.006

-------------------

/kˈaɫv̥/ - /kʰˈajβə/
k-kʰ / ˈa-ˈa / ɫ-j / ∅-β / ∅-ə / v̥_#>-#>
{0: [0], 1: [1], 2: [2], 3: None, 4: None, 5: [3]}
{0: [0], 1: [1], 2: [2], 3: [3], 4: [4], 5: None}
SCORE: 4.914

-------------------

/kˈuj/ - /kʰˈuɐ̯/
k-kʰ / ˈu-ˈuɐ̯ / j-∅
{0: [0], 1: [1], 2: [2]}
{0: [0], 1: [1], 2: None}
SCORE: 11.415

-------------------

/kˈærk/ - /kʰˈiɐç/
k-kʰ / ˈæ-ˈi / r-ɐ / k-ç
{0: [0], 1: [1], 2: [2], 3: [3]}
{0: [0], 1: [1], 2: [2], 3: [3]}
SCORE: 18.735

-------------------

/kˈœu̯d̥/ - /kʰˈojd̥/
k-kʰ / ˈœu̯-ˈo_j / d̥-d̥
{0: [0], 1: [1], 2: [2]}
{0: [0], 1: [1, 2], 2: [3]}
SCORE: 18.692

-------------------

/kˈɑːs/ - /kʰˈaːs/
k-kʰ / ∅-ˈaː / ˈɑː-∅ / s-s
{0: [0], 1: None, 2: [1], 3: [2]}
{0: [0], 1: [1], 2: None, 3: [2]}
SCORE: 4.216

-------------------

/kˈɔm/ - /kʰˈuma/
k-kʰ / ˈɔ-ˈu / m-m / #>-a_#>
{0: [0], 1: [1], 2: [2], 3: None}
{0: [0], 1: [1], 2: [2], 3: [3]}
SCORE: 17.625

-------------------

/kˈɔp/ - /kʰˈob̥͡v̥/
k-kʰ / ˈɔ-ˈo / p-b̥͡v̥
{0: [0], 1: [1], 2: [2]}
{0: [0], 1: [1], 2: [2]}
SCORE: 20.43

-------------------

/kˈənd̥/ - /kʰˈind̥/
k-kʰ / ˈə-ˈi / n-n / d̥-d̥
{0: [0], 1: [1], 2: [2], 3: [3]}
{0: [0], 1: [1], 2: [2], 3: [3]}
SCORE: 23.306

-------------------

/kˈɛn/ - /kʰˈena/
k-kʰ / ˈɛ-ˈe / n-n / #>-a_#>
{0: [0], 1: [1], 2: [2], 3: None}
{0: [0], 1: [1], 2: [2], 3: [3]}
SCORE: 14.538

-------------------

/kˈʊə̯nəŋ/ - /kʰˈini/
k-kʰ / ∅-ˈi / ˈʊə̯-∅ / n-n / ə-i / ŋ-∅
{0: [0], 1: None, 2: [1], 3: [2], 4: [3], 5: [4]}
{0: [0], 1: [1], 2: None, 3: [2], 4: [3], 5: None}
SCORE: 1.04

-------------------

/kˈʊə̯rəŋ/ - /kʰˈoɐn/
k-kʰ / ˈʊə̯-ˈo / r_ə-ɐ / ŋ-n
{0: [0], 1: [1], 2: [2, 3], 3: [4]}
{0: [0], 1: [1], 2: [2], 3: [3]}
SCORE: 16.057

-------------------

/mˈan/ - /mˈɒː/
m-m / ˈa-ˈɒː / n_#>-#>
{0: [0], 1: [1], 2: [2]}
{0: [0], 1: [1], 2: None}
SCORE: 11.506

-------------------

/mˈans/ - /mˈɑːna/
m-m / ˈa-ˈɑː / n_s-n / #>-a_#>
{0: [0], 1: [1], 2: [2, 3], 3: None}
{0: [0], 1: [1], 2: [2], 3: [3]}
SCORE: 10.173

-------------------

/mˈaχ/ - /mˈoxd̥/
m-m / ˈa-ˈo / χ-x_d̥
{0: [0], 1: [1], 2: [2]}
{0: [0], 1: [1], 2: [2, 3]}
SCORE: 15.498

-------------------

/mˈudər/ - /mˈuɐ̯d̥a/
m-m / ˈu-ˈuɐ̯ / d-d̥ / ə_r-a
{0: [0], 1: [1], 2: [2], 3: [3, 4]}
{0: [0], 1: [1], 2: [2], 3: [3]}
SCORE: 21.544

-------------------

/mˈæɫk/ - /mˈili/
m-m / ˈæ-ˈi / ɫ-l / ∅-i / k_#>-#>
{0: [0], 1: [1], 2: [2], 3: None, 4: [3]}
{0: [0], 1: [1], 2: [2], 3: [3], 4: None}
SCORE: 9.828

-------------------

/mˈœɪ̯s/ - /mˈau̯s/
m-m / ˈœɪ̯-ˈau̯ / s-s
{0: [0], 1: [1], 2: [2]}
{0: [0], 1: [1], 2: [2]}
SCORE: 21.377

-------------------

/mˈœɪ̯sə/ - /mˈai̯s/
m-m / ˈœɪ̯-ˈai̯ / s-s / ə-∅
{0: [0], 1: [1], 2: [2], 3: [3]}
{0: [0], 1: [1], 2: [2], 3: None}
SCORE: 12.077

-------------------

/mˈœχ/ - /mˈuɡ̊a/
m-m / ˈœ-ˈu / χ-ɡ̊ / #>-a_#>
{0: [0], 1: [1], 2: [2], 3: None}
{0: [0], 1: [1], 2: [2], 3: [3]}
SCORE: 16.801

-------------------

/mˈɑːn/ - /mˈond̥/
m-m / ∅-ˈo / ˈɑː-∅ / n-n / ∅-d̥
{0: [0], 1: None, 2: [1], 3: [2], 4: None}
{0: [0], 1: [1], 2: None, 3: [2], 4: [3]}
SCORE: -0.536

-------------------

/mˈɑːnd̥/ - /mˈoːnad̥/
m-m / ˈɑː-ˈoː / n-n_a / d̥-d̥
{0: [0], 1: [1], 2: [2], 3: [3]}
{0: [0], 1: [1], 2: [2, 3], 3: [4]}
SCORE: 16.299

-------------------

/mˈəɪ̯/ - /mˈi/
m-m / ∅-ˈi / ˈəɪ̯-∅
{0: [0], 1: None, 2: [1]}
{0: [0], 1: [1], 2: None}
SCORE: 0.523

-------------------

/mˈɛns/ - /mˈenʃ/
m-m / ˈɛ-ˈe / n-n / s-ʃ
{0: [0], 1: [1], 2: [2], 3: [3]}
{0: [0], 1: [1], 2: [2], 3: [3]}
SCORE: 22.542

-------------------

/nˈaχ/ - /nˈɑːxd̥/
<#_n-<#_n / ˈa-ˈɑː / χ-x_d̥
{0: [0], 1: [1], 2: [2]}
{0: [0], 1: [1], 2: [2, 3]}
SCORE: 16.016

-------------------

/nˈit/ - /nˈai̯/
<#_n-<#_n / ˈi-ˈai̯ / t-∅
{0: [0], 1: [1], 2: [2]}
{0: [0], 1: [1], 2: None}
SCORE: 8.177

-------------------

/nˈɑːk/ - /nˈɑːɡ̊ɑd̥/
<#_n-<#_n / ˈɑː-ˈɑː / k-ɡ̊ / ∅-ɑ / ∅-d̥
{0: [0], 1: [1], 2: [2], 3: None, 4: None}
{0: [0], 1: [1], 2: [2], 3: [3], 4: [4]}
SCORE: 6.872

-------------------

/nˈɑːm/ - /nˈɑːmɑ/
<#_n-<#_n / ˈɑː-ˈɑː / m-m / ∅-ɑ
{0: [0], 1: [1], 2: [2], 3: None}
{0: [0], 1: [1], 2: [2], 3: [3]}
SCORE: 15.206

-------------------

/nˈɑːst/ - /nˈeɡ̊ʃd̥/
<#_n-<#_n / ˈɑː-ˈe / ∅-ɡ̊ / s_t-ʃ_d̥
{0: [0], 1: [1], 2: None, 3: [2, 3]}
{0: [0], 1: [1], 2: [2], 3: [3, 4]}
SCORE: 18.486

-------------------

/nˈɔːɫ/ - /nˈɑːɡ̊l/
<#_n-<#_n / ∅-ˈɑː / ∅-ɡ̊ / ˈɔː-∅ / ɫ-l
{0: [0], 1: None, 2: None, 3: [1], 4: [2]}
{0: [0], 1: [1], 2: [2], 3: None, 4: [3]}
SCORE: 1.057

-------------------

/nˈɪø̯t/ - /nˈus/
<#_n-<#_n / ∅-ˈu / ˈɪø̯-∅ / t-s
{0: [0], 1: None, 2: [1], 3: [2]}
{0: [0], 1: [1], 2: None, 3: [2]}
SCORE: 4.072

-------------------

/nˈɪə̯χə/ - /nˈai̯n/
<#_n-<#_n / ˈɪə̯-ˈai̯ / χ-∅ / ə-n
{0: [0], 1: [1], 2: [2], 3: [3]}
{0: [0], 1: [1], 2: None, 3: [2]}
SCORE: 6.304

-------------------

/nˈʊə̯rd̥/ - /nˈoɐd̥n̩/
<#_n-<#_n / ˈʊə̯-ˈo / r-ɐ / d̥-d̥_n
{0: [0], 1: [1], 2: [2], 3: [3]}
{0: [0], 1: [1], 2: [2], 3: [3, 4]}
SCORE: 18.496

-------------------

/pɫˈuχ/ - /b̥͡v̥lˈuɐ̯ɡ̊/
p-b̥͡v̥ / ɫ-l / ˈu-ˈuɐ̯ / χ-ɡ̊
{0: [0], 1: [1], 2: [2], 3: [3]}
{0: [0], 1: [1], 2: [2], 3: [3]}
SCORE: 25.688

-------------------

/pˈad̥/ - /b̥͡v̥ˈaːd̥/
p-b̥͡v̥ / ∅-ˈaː / ˈa-∅ / d̥-d̥
{0: [0], 1: None, 2: [1], 3: [2]}
{0: [0], 1: [1], 2: None, 3: [2]}
SCORE: 4.733

-------------------

/rˈœχ/ - /rˈuɡ̊a/
<#_r-<#_r / ˈœ-ˈu / χ-ɡ̊ / #>-a_#>
{0: [0], 1: [1], 2: [2], 3: None}
{0: [0], 1: [1], 2: [2], 3: [3]}
SCORE: 17.994

-------------------

/rˈəŋ/ - /rˈiŋɡ̊/
<#_r-<#_r / ˈə-ˈi / ŋ-ŋ / #>-ɡ̊_#>
{0: [0], 1: [1], 2: [2], 3: None}
{0: [0], 1: [1], 2: [2], 3: [3]}
SCORE: 19.739

-------------------

/rˈəɪ̯k/ - /rˈai̯ç/
<#_r-<#_r / ˈəɪ̯-ˈai̯ / k-ç
{0: [0], 1: [1], 2: [2]}
{0: [0], 1: [1], 2: [2]}
SCORE: 20.138

-------------------

/rˈɪə̯n/ - /rˈeːŋ/
<#_r-<#_r / ˈɪə̯-ˈeː / n-ŋ
{0: [0], 1: [1], 2: [2]}
{0: [0], 1: [1], 2: [2]}
SCORE: 14.712

-------------------

/rˈʊə̯k/ - /rˈaːx/
<#_r-<#_r / ˈʊə̯-ˈaː / k_#>-x_#>
{0: [0], 1: [1], 2: [2]}
{0: [0], 1: [1], 2: [2]}
SCORE: 22.133

-------------------

/skˈit/ - /ʃˈiɐ̯sn̩/
s_k-ʃ / ˈi-ˈiɐ̯ / t-s_n
{0: [0, 1], 1: [2], 2: [3]}
{0: [0], 1: [1], 2: [2, 3]}
SCORE: 12.663

-------------------

/skˈun/ - /ʃˈuɐ̯/
s_k-ʃ / ˈu-ˈuɐ̯ / n_#>-#>
{0: [0, 1], 1: [2], 2: [3]}
{0: [0], 1: [1], 2: None}
SCORE: 8.158

-------------------

/skˈæːrp/ - /ʃˈarf/
s_k-ʃ / ∅-ˈa / ˈæː-∅ / r-r / p_#>-f_#>
{0: [0, 1], 1: None, 2: [2], 3: [3], 4: [4]}
{0: [0], 1: [1], 2: None, 3: [2], 4: [3]}
SCORE: 5.543

-------------------

/skˈɑːp/ - /ʃˈoːf/
s_k-ʃ / ˈɑː-ˈoː / p_#>-f_#>
{0: [0, 1], 1: [2], 2: [3]}
{0: [0], 1: [1], 2: [2]}
SCORE: 12.952

-------------------

/skˈəp/ - /ʃˈiːf/
s_k-ʃ / ˈə-ˈiː / p_#>-f_#>
{0: [0, 1], 1: [2], 2: [3]}
{0: [0], 1: [1], 2: [2]}
SCORE: 15.256

-------------------

/skˈʊə̯n/ - /ʃˈeː/
s_k-ʃ / ˈʊə̯-ˈeː / n_#>-#>
{0: [0, 1], 1: [2], 2: [3]}
{0: [0], 1: [1], 2: None}
SCORE: 4.242

-------------------

/snˈiw/ - /ʃnˈeː/
s-ʃ / n-n / ˈi-ˈeː / w-∅
{0: [0], 1: [1], 2: [2], 3: [3]}
{0: [0], 1: [1], 2: [2], 3: None}
SCORE: 9.988

-------------------

/sprˈɑːk/ - /ʃb̥rˈɒːx/
s-ʃ / p-∅ / r-b̥_r / ˈɑː-ˈɒː / k_#>-x_#>
{0: [0], 1: [1], 2: [2], 3: [3], 4: [4]}
{0: [0], 1: None, 2: [1, 2], 3: [3], 4: [4]}
SCORE: 14.711

-------------------

/stˈuɫ/ - /ʃd̥ˈuj/
s_t-ʃ_d̥ / ˈu-ˈu / ɫ_#>-j_#>
{0: [0, 1], 1: [2], 2: [3]}
{0: [0, 1], 1: [2], 2: [3]}
SCORE: 20.93

-------------------

/stˈæːr/ - /ʃd̥ˈean/
s_t-ʃ_d̥ / ˈæː-ˈe / r-a / ∅-n
{0: [0, 1], 1: [2], 2: [3], 3: None}
{0: [0, 1], 1: [2], 2: [3], 3: [4]}
SCORE: 12.264

-------------------

/stˈɔrm/ - /ʃd̥ˈuam/
s_t-ʃ_d̥ / ˈɔ-ˈu / r-a / m-m
{0: [0, 1], 1: [2], 2: [3], 3: [4]}
{0: [0, 1], 1: [2], 2: [3], 3: [4]}
SCORE: 25.888

-------------------

/stˈɪə̯n/ - /ʃd̥ˈoɐ̯/
s_t-ʃ_d̥ / ˈɪə̯-ˈoɐ̯ / n_#>-#>
{0: [0, 1], 1: [2], 2: [3]}
{0: [0, 1], 1: [2], 2: None}
SCORE: 15.499

-------------------

/svˈart/ - /ʃʋˈoɐʦ/
s-ʃ / v-ʋ / ˈa-ˈo / r-ɐ / t-ʦ
{0: [0], 1: [1], 2: [2], 3: [3], 4: [4]}
{0: [0], 1: [1], 2: [2], 3: [3], 4: [4]}
SCORE: 22.069

-------------------

/svˈɑːrd̥/ - /ʃʋˈeɐd̥/
s-ʃ / v-ʋ / ˈɑː-ˈe / r_d̥-ɐ_d̥
{0: [0], 1: [1], 2: [2], 3: [3, 4]}
{0: [0], 1: [1], 2: [2], 3: [3, 4]}
SCORE: 22.988

-------------------

/svˈɛm/ - /ʃʋˈima/
s-ʃ / v-ʋ / ˈɛ-ˈi / m-m / #>-a_#>
{0: [0], 1: [1], 2: [2], 3: [3], 4: None}
{0: [0], 1: [1], 2: [2], 3: [3], 4: [4]}
SCORE: 16.758

-------------------

/svˈɪə̯t/ - /ʃʋˈoɐ̯s/
s-ʃ / v-ʋ / ˈɪə̯-ˈoɐ̯ / t-s
{0: [0], 1: [1], 2: [2], 3: [3]}
{0: [0], 1: [1], 2: [2], 3: [3]}
SCORE: 19.851

-------------------

/sɫˈɑːn/ - /ʃlˈɒːŋ/
s-ʃ / ɫ-l / ˈɑː-ˈɒː / n-ŋ
{0: [0], 1: [1], 2: [2], 3: [3]}
{0: [0], 1: [1], 2: [2], 3: [3]}
SCORE: 19.758

-------------------

/sɫˈɑːp/ - /ʃlˈɑfa/
s-ʃ / ɫ-l / ˈɑː-ˈɑ / p-f_a
{0: [0], 1: [1], 2: [2], 3: [3]}
{0: [0], 1: [1], 2: [2], 3: [3, 4]}
SCORE: 21.325

-------------------

/sˈand̥/ - /sˈond̥/
s-s / ˈa-ˈo / n-n / d̥-d̥
{0: [0], 1: [1], 2: [2], 3: [3]}
{0: [0], 1: [1], 2: [2], 3: [3]}
SCORE: 19.798

-------------------

/sˈin/ - /sˈeːŋ/
s-s / ˈi-ˈeː / n-ŋ
{0: [0], 1: [1], 2: [2]}
{0: [0], 1: [1], 2: [2]}
SCORE: 11.008

-------------------

/sˈuk/ - /sˈuɐ̯xa/
s-s / ˈu-ˈuɐ̯ / k-x / #>-a_#>
{0: [0], 1: [1], 2: [2], 3: None}
{0: [0], 1: [1], 2: [2], 3: [3]}
SCORE: 14.887

-------------------

/sˈut/ - /sˈiɐ̯s/
s-s / ˈu-ˈiɐ̯ / t-s
{0: [0], 1: [1], 2: [2]}
{0: [0], 1: [1], 2: [2]}
SCORE: 12.77

-------------------

/sˈyːr/ - /sˈau̯a/
s-s / ∅-ˈau̯ / ˈyː_r-a
{0: [0], 1: None, 2: [1, 2]}
{0: [0], 1: [1], 2: [2]}
SCORE: 4.046

-------------------

/sˈœstər/ - /ʃʋˈesd̥a/
s-ʃ / ∅-ʋ / ∅-ˈe / ˈœ-∅ / s-s / t-d̥ / ə_r-a
{0: [0], 1: None, 2: None, 3: [1], 4: [2], 5: [3], 6: [4, 5]}
{0: [0], 1: [1], 2: [2], 3: None, 4: [3], 5: [4], 6: [5]}
SCORE: 1.152

-------------------

/sˈœu̯t/ - /sˈojʦ/
s-s / ˈœu̯-ˈo_j / t-ʦ
{0: [0], 1: [1], 2: [2]}
{0: [0], 1: [1, 2], 2: [3]}
SCORE: 17.98

-------------------

/sˈœɪ̯χ/ - /sˈau̯ŋ/
s-s / ˈœɪ̯-ˈau̯ / χ_#>-ŋ_#>
{0: [0], 1: [1], 2: [2]}
{0: [0], 1: [1], 2: [2]}
SCORE: 17.532

-------------------

/sˈət/ - /sˈiʦn̩/
s_ˈə-s_ˈi / t-ʦ / ∅-n
{0: [0, 1], 1: [2], 2: None}
{0: [0, 1], 1: [2], 2: [3]}
SCORE: 14.986

-------------------

/sˈəŋ/ - /sˈiŋa/
s_ˈə-s_ˈi / ŋ-ŋ_a
{0: [0, 1], 1: [2]}
{0: [0, 1], 1: [2, 3]}
SCORE: 19.256

-------------------

/sˈəɪ̯/ - /sˈai̯d̥n̩/
s-s / ˈəɪ̯-ˈai̯ / ∅-d̥ / ∅-n
{0: [0], 1: [1], 2: None, 3: None}
{0: [0], 1: [1], 2: [2], 3: [3]}
SCORE: 4.673

-------------------

/sˈɛs/ - /sˈeɡ̊sə/
s-s / ˈɛ-ˈe / s-ɡ̊_s / ∅-ə
{0: [0], 1: [1], 2: [2], 3: None}
{0: [0], 1: [1], 2: [2, 3], 3: [4]}
SCORE: 8.656

-------------------

/sˈɛː/ - /sˈɒːŋ/
s-s / ∅-ˈɒː / ˈɛː-∅ / #>-ŋ_#>
{0: [0], 1: None, 2: [1], 3: None}
{0: [0], 1: [1], 2: None, 3: [2]}
SCORE: -1.271

-------------------

/sˈɪə̯/ - /sˈeː/
s-s / ˈɪə̯-ˈeː
{0: [0], 1: [1]}
{0: [0], 1: [1]}
SCORE: 11.21

-------------------

/sˈʊə̯mər/ - /sˈuma/
s-s / ∅-ˈu / ˈʊə̯-∅ / m-m / ə_r-a
{0: [0], 1: None, 2: [1], 3: [2], 4: [3, 4]}
{0: [0], 1: [1], 2: None, 3: [2], 4: [3]}
SCORE: 5.531

-------------------

/tvˈɑːɫv̥/ - /ʦʋˈejfə/
t-ʦ / v-ʋ / ˈɑː-ˈe / ɫ-j / v̥-f / ∅-ə
{0: [0], 1: [1], 2: [2], 3: [3], 4: [4], 5: None}
{0: [0], 1: [1], 2: [2], 3: [3], 4: [4], 5: [5]}
SCORE: 19.249

-------------------

/tvˈəntəχ/ - /ʦʋˈanʦɡ̊ə/
t-ʦ / v_ˈə-ʋ / ∅-ˈa / n-n / t-ʦ / ə-∅ / χ-ɡ̊ / ∅-ə
{0: [0], 1: [1, 2], 2: None, 3: [3], 4: [4], 5: [5], 6: [6], 7: None}
{0: [0], 1: [1], 2: [2], 3: [3], 4: [4], 5: None, 6: [5], 7: [6]}
SCORE: 7.614

-------------------

/tvˈɪə̯/ - /ʦʋˈoɐ̯/
t-ʦ / v-ʋ / ˈɪə̯-ˈoɐ̯
{0: [0], 1: [1], 2: [2]}
{0: [0], 1: [1], 2: [2]}
SCORE: 17.185

-------------------

/tˈand̥/ - /ʦˈand̥/
t-ʦ / ˈa-ˈa / n-n / d̥-d̥
{0: [0], 1: [1], 2: [2], 3: [3]}
{0: [0], 1: [1], 2: [2], 3: [3]}
SCORE: 22.047

-------------------

/tˈin/ - /ʦˈeːnə/
t-ʦ / ˈi-ˈeː / n-n / ∅-ə
{0: [0], 1: [1], 2: [2], 3: None}
{0: [0], 1: [1], 2: [2], 3: [3]}
SCORE: 10.207

-------------------

/tˈɔŋ/ - /ʦˈuŋa/
t-ʦ / ˈɔ-ˈu / ŋ-ŋ_a
{0: [0], 1: [1], 2: [2]}
{0: [0], 1: [1], 2: [2, 3]}
SCORE: 18.836

-------------------

/tˈəɪ̯d̥/ - /ʦˈai̯d̥/
t-ʦ / ˈəɪ̯-ˈai̯ / d̥-d̥
{0: [0], 1: [1], 2: [2]}
{0: [0], 1: [1], 2: [2]}
SCORE: 19.475

-------------------

/tˈɪə̯kən/ - /ʦˈoɐ̯xn̩/
t-ʦ / ˈɪə̯-ˈoɐ̯ / k-x / ə-∅ / n-n
{0: [0], 1: [1], 2: [2], 3: [3], 4: [4]}
{0: [0], 1: [1], 2: [2], 3: None, 4: [3]}
SCORE: 17.484

-------------------

/tˈʊə̯n/ - /ʦˈeːça/
t-ʦ / ˈʊə̯-ˈeː / ∅-ç / n-a
{0: [0], 1: [1], 2: None, 3: [2]}
{0: [0], 1: [1], 2: [2], 3: [3]}
SCORE: 4.439

-------------------

/vˈarm/ - /ʋˈɒːɐm/
v-ʋ / ˈa-ˈɒː / r-ɐ / m-m
{0: [0], 1: [1], 2: [2], 3: [3]}
{0: [0], 1: [1], 2: [2], 3: [3]}
SCORE: 19.863

-------------------

/vˈat/ - /ʋˈɒːs/
v-ʋ / ˈa-ˈɒː / t-s
{0: [0], 1: [1], 2: [2]}
{0: [0], 1: [1], 2: [2]}
SCORE: 14.528

-------------------

/vˈutə/ - /fˈiɐ̯s/
∅-f / v-∅ / ˈu-ˈiɐ̯ / t-s / ə-∅
{0: None, 1: [0], 2: [1], 3: [2], 4: [3]}
{0: [0], 1: None, 2: [1], 3: [2], 4: None}
SCORE: -6.063

-------------------

/vˈæχ/ - /ʋˈeːɡ̊/
v-ʋ / ∅-ˈeː / ˈæ-∅ / χ-ɡ̊
{0: [0], 1: None, 2: [1], 3: [2]}
{0: [0], 1: [1], 2: None, 3: [2]}
SCORE: 0.979

-------------------

/vˈɑːtər/ - /ʋˈɑːsa/
v-ʋ / ˈɑː-ˈɑː / t-s / ə_r-a
{0: [0], 1: [1], 2: [2], 3: [3, 4]}
{0: [0], 1: [1], 2: [2], 3: [3]}
SCORE: 14.594

-------------------

/vˈɔɫ/ - /ʋˈoj/
v-ʋ / ˈɔ-ˈo / ɫ_#>-j_#>
{0: [0], 1: [1], 2: [2]}
{0: [0], 1: [1], 2: [2]}
SCORE: 17.303

-------------------

/vˈɔɫv̥/ - /ʋˈojf/
v-ʋ / ˈɔ-ˈo / ɫ-j / v̥-f
{0: [0], 1: [1], 2: [2], 3: [3]}
{0: [0], 1: [1], 2: [2], 3: [3]}
SCORE: 20.144

-------------------

/vˈənd̥/ - /ʋˈind̥/
v-ʋ / ˈə-ˈi / n-n / d̥-d̥
{0: [0], 1: [1], 2: [2], 3: [3]}
{0: [0], 1: [1], 2: [2], 3: [3]}
SCORE: 19.942

-------------------

/vˈəntər/ - /ʋˈind̥a/
v-ʋ / ˈə-ˈi / n-n / t-d̥ / ə_r-a
{0: [0], 1: [1], 2: [2], 3: [3], 4: [4, 5]}
{0: [0], 1: [1], 2: [2], 3: [3], 4: [4]}
SCORE: 18.827

-------------------

/vˈət/ - /ʋˈai̯s/
v_ˈə-ʋ / ∅-ˈai̯ / t-s
{0: [0, 1], 1: None, 2: [2]}
{0: [0], 1: [1], 2: [2]}
SCORE: 3.142

-------------------

/vˈəɪ̯n/ - /ʋˈai̯n/
v-ʋ / ˈəɪ̯-ˈai̯ / n-n
{0: [0], 1: [1], 2: [2]}
{0: [0], 1: [1], 2: [2]}
SCORE: 16.783

-------------------

/vˈəɪ̯v̥/ - /ʋˈai̯/
v-ʋ / ˈəɪ̯-ˈai̯ / v̥_#>-#>
{0: [0], 1: [1], 2: [2]}
{0: [0], 1: [1], 2: None}
SCORE: 9.167

-------------------

/vˈɛns/ - /ʋˈinʃn̩/
v-ʋ / ˈɛ-ˈi / n-n / s-ʃ / ∅-n
{0: [0], 1: [1], 2: [2], 3: [3], 4: None}
{0: [0], 1: [1], 2: [2], 3: [3], 4: [4]}
SCORE: 13.55

-------------------

/vˈɪə̯k/ - /ʋˈox/
v-ʋ_ˈo / ˈɪə̯-∅ / k_#>-x_#>
{0: [0], 1: [1], 2: [2]}
{0: [0, 1], 1: None, 2: [2]}
SCORE: 3.937

-------------------

/vˈɪə̯r/ - /ʋˈed̥a/
v-ʋ / ˈɪə̯-ˈe / r-d̥_a
{0: [0], 1: [1], 2: [2]}
{0: [0], 1: [1], 2: [2, 3]}
SCORE: 8.862

-------------------

/vˈɪə̯t/ - /ʋˈisn̩/
v-ʋ_ˈi / ˈɪə̯-∅ / t-s_n
{0: [0], 1: [1], 2: [2]}
{0: [0, 1], 1: None, 2: [2, 3]}
SCORE: -0.664

-------------------

/vˈʊə̯rd̥/ - /ʋˈoɐd̥/
v-ʋ / ˈʊə̯-ˈo / r_d̥-ɐ_d̥
{0: [0], 1: [1], 2: [2, 3]}
{0: [0], 1: [1], 2: [2, 3]}
SCORE: 18.218

-------------------

/v̥rˈind̥/ - /frˈai̯nd̥/
v̥-f / r-r / ˈi-ˈai̯ / n-n / d̥-d̥
{0: [0], 1: [1], 2: [2], 3: [3], 4: [4]}
{0: [0], 1: [1], 2: [2], 3: [3], 4: [4]}
SCORE: 24.058

-------------------

/v̥rˈəɪ̯/ - /frˈai̯/
v̥-f / r-r / ˈəɪ̯-ˈai̯
{0: [0], 1: [1], 2: [2]}
{0: [0], 1: [1], 2: [2]}
SCORE: 20.041

-------------------

/v̥ɫˈiχ/ - /flˈiɐ̯ŋ/
v̥-f / ɫ-l / ˈi-ˈiɐ̯ / χ_#>-ŋ_#>
{0: [0], 1: [1], 2: [2], 3: [3]}
{0: [0], 1: [1], 2: [2], 3: [3]}
SCORE: 22.286

-------------------

/v̥ɫˈiχ/ - /flˈiɐ̯ɡ̊a/
v̥-f / ɫ-l / ˈi-ˈiɐ̯ / χ-ɡ̊ / #>-a_#>
{0: [0], 1: [1], 2: [2], 3: [3], 4: None}
{0: [0], 1: [1], 2: [2], 3: [3], 4: [4]}
SCORE: 21.232

-------------------

/v̥ɫˈəɪ̯s/ - /flˈai̯ʃ/
v̥-f / ɫ-l / ˈəɪ̯-ˈai̯ / s-ʃ
{0: [0], 1: [1], 2: [2], 3: [3]}
{0: [0], 1: [1], 2: [2], 3: [3]}
SCORE: 25.351

-------------------

/v̥ˈars/ - /frˈiʃ/
v̥-f / ˈa-∅ / r-r / ∅-ˈi / s-ʃ
{0: [0], 1: [1], 2: [2], 3: None, 4: [3]}
{0: [0], 1: None, 2: [1], 3: [2], 4: [3]}
SCORE: 8.729

-------------------

/v̥ˈir/ - /fˈiɐ̯rə/
v̥-f / ˈi-ˈiɐ̯ / r-r / ∅-ə
{0: [0], 1: [1], 2: [2], 3: None}
{0: [0], 1: [1], 2: [2], 3: [3]}
SCORE: 14.826

-------------------

/v̥ˈut/ - /fˈuɐ̯s/
v̥-f / ˈu-ˈuɐ̯ / t-s
{0: [0], 1: [1], 2: [2]}
{0: [0], 1: [1], 2: [2]}
SCORE: 19.067

-------------------

/v̥ˈuɫ/ - /fˈujn/
v̥-f / ˈu-ˈu / ɫ-j / ∅-n
{0: [0], 1: [1], 2: [2], 3: None}
{0: [0], 1: [1], 2: [2], 3: [3]}
SCORE: 10.088

-------------------

/v̥ˈyːr/ - /fˈai̯a/
v̥-f / ˈyː_r-ˈai̯_a
{0: [0], 1: [1, 2]}
{0: [0], 1: [1, 2]}
SCORE: 15.246

-------------------

/v̥ˈɑːdər/ - /fˈɒːd̥a/
v̥-f / ˈɑː-ˈɒː / d-d̥ / ə_r-a
{0: [0], 1: [1], 2: [2], 3: [3, 4]}
{0: [0], 1: [1], 2: [2], 3: [3]}
SCORE: 19.862

-------------------

/v̥ˈɔs/ - /fˈuɡ̊s/
v̥-f / ˈɔ-ˈu / s-ɡ̊_s
{0: [0], 1: [1], 2: [2]}
{0: [0], 1: [1], 2: [2, 3]}
SCORE: 16.479

-------------------

/v̥ˈɔɫ/ - /fˈoj/
v̥-f / ˈɔ-ˈo / ɫ_#>-j_#>
{0: [0], 1: [1], 2: [2]}
{0: [0], 1: [1], 2: [2]}
SCORE: 20.434

-------------------

/v̥ˈɔɫk/ - /fˈojɡ̊/
v̥-f / ˈɔ-ˈo / ɫ-j / k-ɡ̊
{0: [0], 1: [1], 2: [2], 3: [3]}
{0: [0], 1: [1], 2: [2], 3: [3]}
SCORE: 20.313

-------------------

/v̥ˈɔɫχ/ - /fˈojŋ/
v̥-f / ˈɔ-ˈo / ɫ-j / χ_#>-ŋ_#>
{0: [0], 1: [1], 2: [2], 3: [3]}
{0: [0], 1: [1], 2: [2], 3: [3]}
SCORE: 19.802

-------------------

/v̥ˈənd̥/ - /fˈind̥n̩/
v̥-f / ˈə-ˈi / n-n / d̥-d̥_n
{0: [0], 1: [1], 2: [2], 3: [3]}
{0: [0], 1: [1], 2: [2], 3: [3, 4]}
SCORE: 20.404

-------------------

/v̥ˈər/ - /fˈiɐ/
v̥-f / ˈə-ˈi / r-ɐ
{0: [0], 1: [1], 2: [2]}
{0: [0], 1: [1], 2: [2]}
SCORE: 17.939

-------------------

/v̥ˈəs/ - /fˈiːʃ/
v̥-f / ˈə-ˈiː / s-ʃ
{0: [0], 1: [1], 2: [2]}
{0: [0], 1: [1], 2: [2]}
SCORE: 18.442

-------------------

/v̥ˈəŋər/ - /fˈiŋa/
v̥-f / ˈə-ˈi / ŋ-ŋ / ə_r-a
{0: [0], 1: [1], 2: [2], 3: [3, 4]}
{0: [0], 1: [1], 2: [2], 3: [3]}
SCORE: 22.278

-------------------

/v̥ˈəɪ̯v̥/ - /fˈimf/
v̥-f / ∅-ˈi / ∅-m / ˈəɪ̯-∅ / v̥-f
{0: [0], 1: None, 2: None, 3: [1], 4: [2]}
{0: [0], 1: [1], 2: [2], 3: None, 4: [3]}
SCORE: 0.282

-------------------

/v̥ˈɪə̯r/ - /fˈeːd̥a/
v̥-f / ˈɪə̯-ˈeː / r-d̥_a
{0: [0], 1: [1], 2: [2]}
{0: [0], 1: [1], 2: [2, 3]}
SCORE: 10.965

-------------------

/v̥ˈʊə̯ɫ/ - /fˈoːɡ̊l̩/
v̥-f / ˈʊə̯-ˈoː / ∅-ɡ̊ / ɫ-l
{0: [0], 1: [1], 2: None, 3: [2]}
{0: [0], 1: [1], 2: [2], 3: [3]}
SCORE: 12.736

-------------------

/ɦˈand̥/ - /hˈund̥/
ɦ-h / ˈa-∅ / n-ˈu_n / d̥-d̥
{0: [0], 1: [1], 2: [2], 3: [3]}
{0: [0], 1: None, 2: [1, 2], 3: [3]}
SCORE: 9.915

-------------------

/ɦˈart/ - /hˈeɐʦ/
ɦ-h / ˈa-ˈe / r-ɐ / t-ʦ
{0: [0], 1: [1], 2: [2], 3: [3]}
{0: [0], 1: [1], 2: [2], 3: [3]}
SCORE: 21.154

-------------------

/ɦˈaɫv̥/ - /hˈojb̥/
ɦ-h / ˈa-ˈo / ɫ-j / v̥_#>-b̥_#>
{0: [0], 1: [1], 2: [2], 3: [3]}
{0: [0], 1: [1], 2: [2], 3: [3]}
SCORE: 18.499

-------------------

/ɦˈir/ - /hˈiɐ/
ɦ-h / ∅-ˈi / ˈi-∅ / r-ɐ
{0: [0], 1: None, 2: [1], 3: [2]}
{0: [0], 1: [1], 2: None, 3: [2]}
SCORE: 3.799

-------------------

/ɦˈæɫp/ - /hˈejfa/
ɦ-h / ˈæ-ˈe / ɫ-j / p-f_a
{0: [0], 1: [1], 2: [2], 3: [3]}
{0: [0], 1: [1], 2: [2], 3: [3, 4]}
SCORE: 23.46

-------------------

/ɦˈœɪ̯s/ - /hˈau̯s/
ɦ-h / ˈœɪ̯-ˈau̯ / s-s
{0: [0], 1: [1], 2: [2]}
{0: [0], 1: [1], 2: [2]}
SCORE: 21.938

-------------------

/ɦˈɑːr/ - /hˈoɐ̯/
ɦ-h / ˈɑː-∅ / r-∅ / #>-ˈoɐ̯_#>
{0: [0], 1: [1], 2: [2], 3: None}
{0: [0], 1: None, 2: None, 3: [1]}
SCORE: -0.1

-------------------

/ɦˈɑːs/ - /hˈɒːs/
ɦ-h / ˈɑː-ˈɒː / s-s
{0: [0], 1: [1], 2: [2]}
{0: [0], 1: [1], 2: [2]}
SCORE: 19.639

-------------------

/ɦˈɔndərd̥/ - /hˈund̥ad̥/
ɦ-h / ˈɔ-ˈu / n-n / d-d̥ / ə_r-a / d̥-d̥
{0: [0], 1: [1], 2: [2], 3: [3], 4: [4, 5], 5: [6]}
{0: [0], 1: [1], 2: [2], 3: [3], 4: [4], 5: [5]}
SCORE: 29.014

-------------------

/ɦˈɔnd̥/ - /hˈund̥/
ɦ-h / ˈɔ-ˈu / n-n / d̥-d̥
{0: [0], 1: [1], 2: [2], 3: [3]}
{0: [0], 1: [1], 2: [2], 3: [3]}
SCORE: 24.025

-------------------

/ɦˈɔŋər/ - /hˈuŋa/
ɦ-h / ˈɔ-ˈu / ŋ-ŋ / ə_r-a
{0: [0], 1: [1], 2: [2], 3: [3, 4]}
{0: [0], 1: [1], 2: [2], 3: [3]}
SCORE: 23.229

-------------------

/ɦˈəɪ̯m/ - /hˈoɐ̯m/
ɦ-h / ˈəɪ̯-ˈoɐ̯ / m-m
{0: [0], 1: [1], 2: [2]}
{0: [0], 1: [1], 2: [2]}
SCORE: 18.112

-------------------

/ɦˈɛn/ - /hˈeːna/
ɦ-h / ˈɛ-ˈeː / n-n / #>-a_#>
{0: [0], 1: [1], 2: [2], 3: None}
{0: [0], 1: [1], 2: [2], 3: [3]}
SCORE: 13.28

-------------------

/ɦˈɪø̯nəŋ/ - /hˈuŋɡ̊/
ɦ-h / ˈɪø̯-∅ / n-ˈu / ə-∅ / ŋ-ŋ / #>-ɡ̊_#>
{0: [0], 1: [1], 2: [2], 3: [3], 4: [4], 5: None}
{0: [0], 1: None, 2: [1], 3: None, 4: [2], 5: [3]}
SCORE: 2.699

-------------------

/ɦˈʊə̯r/ - /hˈeːɐn/
ɦ-h / ˈʊə̯-ˈeː / r-ɐ_n
{0: [0], 1: [1], 2: [2]}
{0: [0], 1: [1], 2: [2, 3]}
SCORE: 12.151

-------------------

/ɦˈʊə̯rəŋ/ - /hˈoɐn/
ɦ-h / ˈʊə̯-ˈo / r_ə-ɐ / ŋ-n
{0: [0], 1: [1], 2: [2, 3], 3: [4]}
{0: [0], 1: [1], 2: [2], 3: [3]}
SCORE: 16.758

-------------------

/ɦˈʊə̯v̥/ - /hˈaːb̥d̥/
ɦ-h / ˈʊə̯-ˈaː / v̥-b̥ / ∅-d̥
{0: [0], 1: [1], 2: [2], 3: None}
{0: [0], 1: [1], 2: [2], 3: [3]}
SCORE: 11.08

-------------------

/ɦˈʊə̯χ/ - /hˈou̯x/
ɦ-h / ˈʊə̯-ˈou̯ / χ-x
{0: [0], 1: [1], 2: [2]}
{0: [0], 1: [1], 2: [2]}
SCORE: 20.843

-------------------

/ɫˈand̥/ - /lˈɑnd̥/
ɫ-l / ˈa-ˈɑ / n-n / d̥-d̥
{0: [0], 1: [1], 2: [2], 3: [3]}
{0: [0], 1: [1], 2: [2], 3: [3]}
SCORE: 22.632

-------------------

/ɫˈaŋk/ - /lˈɑŋɡ̊/
ɫ-l / ˈa-ˈɑ / ŋ-ŋ / k-ɡ̊
{0: [0], 1: [1], 2: [2], 3: [3]}
{0: [0], 1: [1], 2: [2], 3: [3]}
SCORE: 22.832

-------------------

/ɫˈaχ/ - /lˈɒːxa/
ɫ-l / ˈa-ˈɒː / χ-x / #>-a_#>
{0: [0], 1: [1], 2: [2], 3: None}
{0: [0], 1: [1], 2: [2], 3: [3]}
SCORE: 15.211

-------------------

/ɫˈiχ/ - /lˈiɐ̯ŋ/
ɫ-l / ˈi-ˈiɐ̯ / χ_#>-ŋ_#>
{0: [0], 1: [1], 2: [2]}
{0: [0], 1: [1], 2: [2]}
SCORE: 17.154

-------------------

/ɫˈœɪ̯s/ - /lˈau̯s/
ɫ-l / ˈœɪ̯-ˈau̯ / s-s
{0: [0], 1: [1], 2: [2]}
{0: [0], 1: [1], 2: [2]}
SCORE: 20.743

-------------------

/ɫˈəχ/ - /lˈiɐ̯xd̥/
ɫ-l / ∅-ˈiɐ̯ / ˈə-x / χ-d̥
{0: [0], 1: None, 2: [1], 3: [2]}
{0: [0], 1: [1], 2: [2], 3: [3]}
SCORE: 2.611

-------------------

/ɫˈəχ/ - /lˈoɐ̯xd̥/
ɫ-l / ∅-ˈoɐ̯ / ˈə-x / χ-d̥
{0: [0], 1: None, 2: [1], 3: [2]}
{0: [0], 1: [1], 2: [2], 3: [3]}
SCORE: 2.611

-------------------

/ɫˈɛː/ - /lˈiŋ/
ɫ-l / ∅-ˈi / ˈɛː-∅ / #>-ŋ_#>
{0: [0], 1: None, 2: [1], 3: None}
{0: [0], 1: [1], 2: None, 3: [2]}
SCORE: -0.234

-------------------

/ɫˈɪə̯vər/ - /lˈeːβa/
ɫ-l / ˈɪə̯-ˈeː / ∅-β / v-∅ / ə_r-a
{0: [0], 1: [1], 2: None, 3: [2], 4: [3, 4]}
{0: [0], 1: [1], 2: [2], 3: None, 4: [3]}
SCORE: 3.423

-------------------

/ɫˈʊə̯p/ - /lˈafa/
ɫ-l / ∅-ˈa / ˈʊə̯-∅ / p-f_a
{0: [0], 1: None, 2: [1], 3: [2]}
{0: [0], 1: [1], 2: None, 3: [2, 3]}
SCORE: 3.49

-------------------

/ˈandər/ - /ˈɑnd̥a/
ˈa-ˈɑ / n-n / d-d̥ / ə_r-a
{0: [0], 1: [1], 2: [2], 3: [3, 4]}
{0: [0], 1: [1], 2: [2], 3: [3]}
SCORE: 18.844

-------------------

/ˈapəɫ/ - /ˈɑb̥͡v̥ə/
ˈa-ˈɑ / p-b̥͡v̥ / ∅-ə / ə-∅ / ɫ_#>-#>
{0: [0], 1: [1], 2: None, 3: [2], 4: [3]}
{0: [0], 1: [1], 2: [2], 3: None, 4: None}
SCORE: 2.121

-------------------

/ˈarm/ - /ˈoɐm/
<#_ˈa-<#_ˈo / r-ɐ / m-m
{0: [0], 1: [1], 2: [2]}
{0: [0], 1: [1], 2: [2]}
SCORE: 16.452

-------------------

/ˈaɫ/ - /ˈoj/
<#_ˈa-<#_ˈo / ɫ_#>-j_#>
{0: [0], 1: [1]}
{0: [0], 1: [1]}
SCORE: 14.277

-------------------

/ˈaχt/ - /ˈɑxd̥ə/
ˈa-ˈɑ / χ_t-x_d̥ / ∅-ə
{0: [0], 1: [1, 2], 2: None}
{0: [0], 1: [1, 2], 2: [3]}
SCORE: 10.743

-------------------

/ˈæk/ - /ˈi/
ˈæ-ˈi / k_#>-#>
{0: [0], 1: [1]}
{0: [0], 1: None}
SCORE: 4.454

-------------------

/ˈæɫv̥/ - /ˈejfə/
ˈæ-ˈe / ɫ-j / v̥-f / ∅-ə
{0: [0], 1: [1], 2: [2], 3: None}
{0: [0], 1: [1], 2: [2], 3: [3]}
SCORE: 13.925

-------------------

/ˈæχ/ - /ˈeɡ̊/
ˈæ-ˈe / χ-ɡ̊
{0: [0], 1: [1]}
{0: [0], 1: [1]}
SCORE: 14.0

-------------------

/ˈœu̯d̥/ - /ˈojd̥/
ˈœu̯-ˈo_j / d̥-d̥
{0: [0], 1: [1]}
{0: [0, 1], 1: [2]}
SCORE: 13.327

-------------------

/ˈœɪ̯t/ - /ˈau̯s/
ˈœɪ̯-ˈau̯ / t-s
{0: [0], 1: [1]}
{0: [0], 1: [1]}
SCORE: 14.925

-------------------

/ˈɑːp/ - /ˈɑf/
ˈɑː-ˈɑ / p_#>-f_#>
{0: [0], 1: [1]}
{0: [0], 1: [1]}
SCORE: 14.051

-------------------

/ˈɑːrdə/ - /ˈeɐd̥n̩/
ˈɑː-ˈe / r-ɐ / d-d̥ / ə-n
{0: [0], 1: [1], 2: [2], 3: [3]}
{0: [0], 1: [1], 2: [2], 3: [3]}
SCORE: 13.187

-------------------

/ˈɔndər/ - /ˈund̥a/
ˈɔ-ˈu / n-n / d-d̥ / ə_r-a
{0: [0], 1: [1], 2: [2], 3: [3, 4]}
{0: [0], 1: [1], 2: [2], 3: [3]}
SCORE: 19.041

-------------------

/ˈɔns/ - /ˈuns/
ˈɔ-ˈu / n-n / s-s
{0: [0], 1: [1], 2: [2]}
{0: [0], 1: [1], 2: [2]}
SCORE: 17.885

-------------------

/ˈɔp/ - /ˈaːf/
<#_ˈɔ-<# / ∅-ˈaː / p_#>-f_#>
{0: [0], 1: None, 2: [1]}
{0: None, 1: [0], 2: [1]}
SCORE: 2.057

-------------------

/ˈən/ - /ˈin/
ˈə-ˈi / n-n
{0: [0], 1: [1]}
{0: [0], 1: [1]}
SCORE: 14.033

-------------------

/ˈəɪ̯k/ - /ˈoɐ̯x/
ˈəɪ̯-ˈoɐ̯ / k_#>-x_#>
{0: [0], 1: [1]}
{0: [0], 1: [1]}
SCORE: 12.353

-------------------

/ˈəɪ̯s/ - /ˈai̯s/
ˈəɪ̯-ˈai̯ / s-s
{0: [0], 1: [1]}
{0: [0], 1: [1]}
SCORE: 14.673

-------------------

/ˈɪə̯n/ - /ˈoɐ̯/
ˈɪə̯-ˈoɐ̯ / n_#>-#>
{0: [0], 1: [1]}
{0: [0], 1: None}
SCORE: 6.816

-------------------

/ˈɪə̯t/ - /ˈesn̩/
ˈɪə̯-ˈe / t-s_n
{0: [0], 1: [1]}
{0: [0], 1: [1, 2]}
SCORE: 9.696

-------------------

/ˈʊə̯nt/ - /ˈoːfa/
ˈʊə̯-ˈoː / ∅-f / n-a / t-∅
{0: [0], 1: None, 2: [1], 3: [2]}
{0: [0], 1: [1], 2: [2], 3: None}
SCORE: -4.689

-------------------

/ˈʊə̯r/ - /ˈoɐ/
ˈʊə̯-ˈo / r-ɐ
{0: [0], 1: [1]}
{0: [0], 1: [1]}
SCORE: 11.089

-------------------

/ˈʊə̯χ/ - /ˈau̯ɡ̊/
∅-ˈau̯ / ˈʊə̯-∅ / χ-ɡ̊
{0: None, 1: [0], 2: [1]}
{0: [0], 1: None, 2: [1]}
SCORE: -1.022

-------------------

/χrˈas/ - /ɡ̊rˈɒːs/
χ-ɡ̊ / r-r / ˈa-ˈɒː / s-s
{0: [0], 1: [1], 2: [2], 3: [3]}
{0: [0], 1: [1], 2: [2], 3: [3]}
SCORE: 21.504

-------------------

/χrˈun/ - /ɡ̊rˈeɐ̯/
χ-ɡ̊ / r-r / ∅-ˈeɐ̯ / ˈu-∅ / n_#>-#>
{0: [0], 1: [1], 2: None, 3: [2], 4: [3]}
{0: [0], 1: [1], 2: [2], 3: None, 4: None}
SCORE: -0.593

-------------------

/χrˈʊə̯t/ - /ɡ̊rˈou̯s/
χ-ɡ̊ / r-r / ˈʊə̯-ˈou̯ / t-s
{0: [0], 1: [1], 2: [2], 3: [3]}
{0: [0], 1: [1], 2: [2], 3: [3]}
SCORE: 21.638

-------------------

/χˈans/ - /ɡ̊ˈɑns/
χ-ɡ̊ / ˈa-ˈɑ / n-n / s-s
{0: [0], 1: [1], 2: [2], 3: [3]}
{0: [0], 1: [1], 2: [2], 3: [3]}
SCORE: 21.648

-------------------

/χˈud̥/ - /ɡ̊ˈuɐ̯d̥/
χ-ɡ̊ / ˈu-ˈuɐ̯ / d̥-d̥
{0: [0], 1: [1], 2: [2]}
{0: [0], 1: [1], 2: [2]}
SCORE: 18.918

-------------------

/χˈœu̯d̥/ - /ɡ̊ˈojd̥/
χ-ɡ̊ / ˈœu̯-ˈo_j / d̥-d̥
{0: [0], 1: [1], 2: [2]}
{0: [0], 1: [1, 2], 2: [3]}
SCORE: 17.287

-------------------

/χˈɑːn/ - /ɡ̊ˈeː/
χ-ɡ̊ / ∅-ˈeː / ˈɑː-∅ / n_#>-#>
{0: [0], 1: None, 2: [1], 3: [2]}
{0: [0], 1: [1], 2: None, 3: None}
SCORE: -4.662

-------------------

/χˈɔd̥/ - /ɡ̊ˈoːd̥/
χ-ɡ̊ / ∅-ˈoː / ˈɔ-∅ / d̥-d̥
{0: [0], 1: None, 2: [1], 3: [2]}
{0: [0], 1: [1], 2: None, 3: [2]}
SCORE: 2.886

-------------------

/χˈəɪ̯t/ - /ɡ̊ˈoɐ̯s/
χ-ɡ̊ / ˈəɪ̯-ˈoɐ̯ / t-s
{0: [0], 1: [1], 2: [2]}
{0: [0], 1: [1], 2: [2]}
SCORE: 13.387

-------------------

/χˈɪə̯/ - /ɡ̊ˈeːm/
χ-ɡ̊ / ˈɪə̯-ˈeː / ∅-m
{0: [0], 1: [1], 2: None}
{0: [0], 1: [1], 2: [2]}
SCORE: 6.338

-------------------

/χˈɪə̯s/ - /ɡ̊ˈai̯ʃd̥/
χ-ɡ̊ / ˈɪə̯-ˈai̯ / s-ʃ_d̥
{0: [0], 1: [1], 2: [2]}
{0: [0], 1: [1], 2: [2, 3]}
SCORE: 12.926

-------------------

/χˈɪə̯ɫ/ - /ɡ̊ˈejb̥/
χ-ɡ̊ / ˈɪə̯-ˈe / ɫ-j / #>-b̥_#>
{0: [0], 1: [1], 2: [2], 3: None}
{0: [0], 1: [1], 2: [2], 3: [3]}
SCORE: 13.966
