/blˈuə̯mə/ - /bwˈimwa/
b-b / l-w / ∅-ˈi / ˈuə̯-∅ / m-m / ∅-w / ə-a
{0: [0], 1: [1], 2: None, 3: [2], 4: [3], 5: None, 6: [4]}
{0: [0], 1: [1], 2: [2], 3: None, 4: [3], 5: [4], 6: [5]}
SCORE: 8.747

-------------------

/blˈuə̯t/ - /bwˈʏt/
b-b / l-w / ˈuə̯-ˈʏ / t-t
{0: [0], 1: [1], 2: [2], 3: [3]}
{0: [0], 1: [1], 2: [2], 3: [3]}
SCORE: 25.507

-------------------

/blˈɑt/ - /bwˈɔt/
b-b / l-w / ˈɑ-ˈɔ / t-t
{0: [0], 1: [1], 2: [2], 3: [3]}
{0: [0], 1: [1], 2: [2], 3: [3]}
SCORE: 24.238

-------------------

/brˈoːt/ - /brˈut/
b-b / r-r / ˈoː-ˈu / t-t
{0: [0], 1: [1], 2: [2], 3: [3]}
{0: [0], 1: [1], 2: [2], 3: [3]}
SCORE: 25.688

-------------------

/brˈust/ - /brˈust/
b-b / r-r / ˈu-ˈu / s_t-s_t
{0: [0], 1: [1], 2: [2], 3: [3, 4]}
{0: [0], 1: [1], 2: [2], 3: [3, 4]}
SCORE: 30.435

-------------------

/brˈuə̯dər/ - /brˈʏdɛr/
b-b / r-r / ˈuə̯-ˈʏ / d-d / ə-ɛ / r-r
{0: [0], 1: [1], 2: [2], 3: [3], 4: [4], 5: [5]}
{0: [0], 1: [1], 2: [2], 3: [3], 4: [4], 5: [5]}
SCORE: 34.897

-------------------

/brˈykːə/ - /brˈɘ̟k/
b-b / r-r / ˈy-ˈɘ̟ / kː_ə_#>-k_#>
{0: [0], 1: [1], 2: [2], 3: [3, 4]}
{0: [0], 1: [1], 2: [2], 3: [3]}
SCORE: 19.213

-------------------

/bˈer/ - /bˈir/
b-b / ˈe-ˈi / r-r
{0: [0], 1: [1], 2: [2]}
{0: [0], 1: [1], 2: [2]}
SCORE: 18.977

-------------------

/bˈindən/ - /bˈɘ̟nda/
b-b / ˈi-ˈɘ̟ / n-n / d-d / ə_n-a
{0: [0], 1: [1], 2: [2], 3: [3], 4: [4, 5]}
{0: [0], 1: [1], 2: [2], 3: [3], 4: [4]}
SCORE: 28.494

-------------------

/bˈinə/ - /bˈɘ̟n/
b-b / ˈi-ˈɘ̟ / n_ə-n
{0: [0], 1: [1], 2: [2, 3]}
{0: [0], 1: [1], 2: [2]}
SCORE: 16.547

-------------------

/bˈitːən/ - /bˈɘ̟ta/
b-b / ˈi-ˈɘ̟ / tː-t / ə_n-a
{0: [0], 1: [1], 2: [2], 3: [3, 4]}
{0: [0], 1: [1], 2: [2], 3: [3]}
SCORE: 21.947

-------------------

/bˈiːs̻ən/ - /bˈai̯sa/
b-b / ˈiː-ˈai̯ / s̻-s / ə_n-a
{0: [0], 1: [1], 2: [2], 3: [3, 4]}
{0: [0], 1: [1], 2: [2], 3: [3]}
SCORE: 25.19

-------------------

/bˈou̯m/ - /bˈɑi̯m/
b-b / ˈou̯-ˈɑi̯ / m-m
{0: [0], 1: [1], 2: [2]}
{0: [0], 1: [1], 2: [2]}
SCORE: 21.839

-------------------

/bˈuːx/ - /bˈʏx/
b-b / ∅-ˈʏ / ˈuː-∅ / x-x
{0: [0], 1: None, 2: [1], 3: [2]}
{0: [0], 1: [1], 2: None, 3: [2]}
SCORE: 6.514

-------------------

/bˈɛr/ - /bˈɑr/
b-b / ˈɛ-ˈɑ / r-r
{0: [0], 1: [1], 2: [2]}
{0: [0], 1: [1], 2: [2]}
SCORE: 19.572

-------------------

/bˈɛs̻ːər/ - /bˈɛsɛr/
b-b / ˈɛ-ˈɛ / s̻ː-s / ə-ɛ / r-r
{0: [0], 1: [1], 2: [2], 3: [3], 4: [4]}
{0: [0], 1: [1], 2: [2], 3: [3], 4: [4]}
SCORE: 26.874

-------------------

/drˈiː/ - /drˈai̯/
d-d / r-r / ˈiː-ˈai̯
{0: [0], 1: [1], 2: [2]}
{0: [0], 1: [1], 2: [2]}
SCORE: 21.63

-------------------

/drˈiːʦɛhən/ - /drˈɛʦɑ/
d-d / r-r / ∅-ˈɛ / ˈiː-∅ / ʦ-ʦ / ɛ_h-ɑ / ə-∅ / n_#>-#>
{0: [0], 1: [1], 2: None, 3: [2], 4: [3], 5: [4, 5], 6: [6], 7: [7]}
{0: [0], 1: [1], 2: [2], 3: None, 4: [3], 5: [4], 6: None, 7: None}
SCORE: 8.349

-------------------

/dˈiə̯b̥/ - /dˈib̥/
d-d / ˈiə̯-ˈi / b̥-b̥
{0: [0], 1: [1], 2: [2]}
{0: [0], 1: [1], 2: [2]}
SCORE: 22.553

-------------------

/dˈonər/ - /dˈunən/
d-d / ˈo-ˈu / n-n / ə-ə / ∅-n / r-∅
{0: [0], 1: [1], 2: [2], 3: [3], 4: None, 5: [4]}
{0: [0], 1: [1], 2: [2], 3: [3], 4: [4], 5: None}
SCORE: 12.542

-------------------

/dˈynːə/ - /dˈɘ̟n/
d-d / ˈy-ˈɘ̟ / nː-n / ə-∅
{0: [0], 1: [1], 2: [2], 3: [3]}
{0: [0], 1: [1], 2: [2], 3: None}
SCORE: 15.582

-------------------

/dˈyːtʃ/ - /dˈɑi̯tʃ/
d-d / ˈyː-ˈɑi̯ / t-t / ʃ-ʃ
{0: [0], 1: [1], 2: [2], 3: [3]}
{0: [0], 1: [1], 2: [2], 3: [3]}
SCORE: 26.511

-------------------

/dˈɑŋkən/ - /dˈɑŋka/
d-d / ˈɑ-ˈɑ / ŋ-ŋ / k-k / ə_n-a
{0: [0], 1: [1], 2: [2], 3: [3], 4: [4, 5]}
{0: [0], 1: [1], 2: [2], 3: [3], 4: [4]}
SCORE: 30.476

-------------------

/hˈei̯liɡ̊/ - /hˈalɪkə/
h-h / ˈei̯-ˈa / l-l / i-ɪ / ∅-k / ∅-ə / ɡ̊-∅
{0: [0], 1: [1], 2: [2], 3: [3], 4: None, 5: None, 6: [4]}
{0: [0], 1: [1], 2: [2], 3: [3], 4: [4], 5: [5], 6: None}
SCORE: 15.401

-------------------

/hˈei̯m/ - /hˈɑm/
h-h / ∅-ˈɑ / ˈei̯-∅ / m-m
{0: [0], 1: None, 2: [1], 3: [2]}
{0: [0], 1: [1], 2: None, 3: [2]}
SCORE: 6.821

-------------------

/hˈei̯s̻/ - /hˈas/
h-h / ˈei̯-ˈa / s̻-s
{0: [0], 1: [1], 2: [2]}
{0: [0], 1: [1], 2: [2]}
SCORE: 22.3

-------------------

/hˈonəɡ̊/ - /hˈuŋɡ̊/
h-h / ˈo-ˈu / n_ə-ŋ / ɡ̊-ɡ̊
{0: [0], 1: [1], 2: [2, 3], 3: [4]}
{0: [0], 1: [1], 2: [2], 3: [3]}
SCORE: 25.811

-------------------

/hˈou̯bət/ - /hˈoi̯pt/
h-h / ˈou̯-∅ / b-ˈoi̯ / ∅-p / ə-∅ / t-t
{0: [0], 1: [1], 2: [2], 3: None, 4: [3], 5: [4]}
{0: [0], 1: None, 2: [1], 3: [2], 4: None, 5: [3]}
SCORE: -1.335

-------------------

/hˈoːx/ - /hˈux/
h-h / ˈoː-ˈu / x-x
{0: [0], 1: [1], 2: [2]}
{0: [0], 1: [1], 2: [2]}
SCORE: 22.558

-------------------

/hˈund̥/ - /hˈund̥/
h-h / ˈu-ˈu / n-n / d̥-d̥
{0: [0], 1: [1], 2: [2], 3: [3]}
{0: [0], 1: [1], 2: [2], 3: [3]}
SCORE: 26.257

-------------------

/hˈuːs/ - /hˈɑi̯s/
h-h / ˈuː-ˈɑi̯ / s-s
{0: [0], 1: [1], 2: [2]}
{0: [0], 1: [1], 2: [2]}
SCORE: 20.551

-------------------

/hˈɑbən/ - /hˈɔn/
h-h / ˈɑ-ˈɔ / b_ə-n / n_#>-#>
{0: [0], 1: [1], 2: [2, 3], 3: [4]}
{0: [0], 1: [1], 2: [2], 3: None}
SCORE: 11.503

-------------------

/hˈɑlb̥/ - /hˈɔwvə/
h-h / ˈɑ-ˈɔ / l-w / ∅-v / ∅-ə / b̥-∅
{0: [0], 1: [1], 2: [2], 3: None, 4: None, 5: [3]}
{0: [0], 1: [1], 2: [2], 3: [3], 4: [4], 5: None}
SCORE: 4.825

-------------------

/hˈɑnd̥/ - /hˈɑnd̥/
h-h / ˈɑ-ˈɑ / n-n / d̥-d̥
{0: [0], 1: [1], 2: [2], 3: [3]}
{0: [0], 1: [1], 2: [2], 3: [3]}
SCORE: 25.08

-------------------

/hˈɑsə/ - /hˈɔza/
h-h / ˈɑ-ˈɔ / s-z / ə-a
{0: [0], 1: [1], 2: [2], 3: [3]}
{0: [0], 1: [1], 2: [2], 3: [3]}
SCORE: 24.378

-------------------

/hˈɛlfən/ - /hˈɘ̟wfa/
h-h / ˈɛ-∅ / l-ˈɘ̟_w / f-f / ə_n-a
{0: [0], 1: [1], 2: [2], 3: [3], 4: [4, 5]}
{0: [0], 1: None, 2: [1, 2], 3: [3], 4: [4]}
SCORE: 13.808

-------------------

/hˈɛrʦə/ - /hˈɑʦ/
h-h / ˈɛ_r-ˈɑ / ʦ-ʦ / ə-∅
{0: [0], 1: [1, 2], 2: [3], 3: [4]}
{0: [0], 1: [1], 2: [2], 3: None}
SCORE: 12.987

-------------------

/jˈuŋɡ̊/ - /jˈuŋɡ̊/
j-j / ˈu-ˈu / ŋ-ŋ / ɡ̊-ɡ̊
{0: [0], 1: [1], 2: [2], 3: [3]}
{0: [0], 1: [1], 2: [2], 3: [3]}
SCORE: 28.94

-------------------

/jˈɑːr/ - /jˈʏr/
j-j / ∅-ˈʏ / ˈɑː-∅ / r-r
{0: [0], 1: None, 2: [1], 3: [2]}
{0: [0], 1: [1], 2: None, 3: [2]}
SCORE: 4.694

-------------------

/kʰnˈiə̯/ - /knˈi/
kʰ-k / n-n / ˈiə̯-ˈi
{0: [0], 1: [1], 2: [2]}
{0: [0], 1: [1], 2: [2]}
SCORE: 20.186

-------------------

/kʰwˈɛmɑn/ - /kˈuma/
kʰ-k / ∅-ˈu / w-∅ / ˈɛ-∅ / m-m / ɑ-∅ / n-a
{0: [0], 1: None, 2: [1], 3: [2], 4: [3], 5: [4], 6: [5]}
{0: [0], 1: [1], 2: None, 3: None, 4: [2], 5: None, 6: [3]}
SCORE: -2.252

-------------------

/kʰˈind̥/ - /kˈɘ̟nd̥/
kʰ-k / ˈi-ˈɘ̟ / n-n / d̥-d̥
{0: [0], 1: [1], 2: [2], 3: [3]}
{0: [0], 1: [1], 2: [2], 3: [3]}
SCORE: 25.799

-------------------

/kʰˈuə̯/ - /kˈʏ/
kʰ-k / ˈuə̯-ˈʏ
{0: [0], 1: [1]}
{0: [0], 1: [1]}
SCORE: 17.021

-------------------

/kʰˈynəɡ̊/ - /kˈɘ̟ŋɡ̊/
kʰ-k / ˈy-ˈɘ̟ / n_ə-ŋ / ɡ̊-ɡ̊
{0: [0], 1: [1], 2: [2, 3], 3: [4]}
{0: [0], 1: [1], 2: [2], 3: [3]}
SCORE: 25.641

-------------------

/kʰˈæːsə/ - /kˈɘ̟s/
kʰ-k / ˈæː-ˈɘ̟ / s_ə-s
{0: [0], 1: [1], 2: [2, 3]}
{0: [0], 1: [1], 2: [2]}
SCORE: 14.777

-------------------

/kʰˈɑlb̥/ - /kˈɔwb̥/
kʰ-k / ˈɑ-ˈɔ / l-w / b̥-b̥
{0: [0], 1: [1], 2: [2], 3: [3]}
{0: [0], 1: [1], 2: [2], 3: [3]}
SCORE: 25.578

-------------------

/kʰˈɑlt/ - /kˈɑwt/
kʰ-k / ˈɑ-ˈɑ / l-w / t-t
{0: [0], 1: [1], 2: [2], 3: [3]}
{0: [0], 1: [1], 2: [2], 3: [3]}
SCORE: 23.742

-------------------

/kʰˈɑʦːə/ - /kˈɔʦ/
kʰ-k / ˈɑ-ˈɔ / ʦː-ʦ / ə-∅
{0: [0], 1: [1], 2: [2], 3: [3]}
{0: [0], 1: [1], 2: [2], 3: None}
SCORE: 17.345

-------------------

/kʰˈɛnːən/ - /kˈɛna/
kʰ-k / ˈɛ-ˈɛ / nː-n / ə_n-a
{0: [0], 1: [1], 2: [2], 3: [3, 4]}
{0: [0], 1: [1], 2: [2], 3: [3]}
SCORE: 21.262

-------------------

/kˈirxːə/ - /kˈiəç/
k-k / ˈi-ˈi / r-∅ / xː-∅ / ə-ə / ∅-ç
{0: [0], 1: [1], 2: [2], 3: [3], 4: [4], 5: None}
{0: [0], 1: [1], 2: None, 3: None, 4: [2], 5: [3]}
SCORE: -0.597

-------------------

/kˈynːən/ - /kˈɘ̟na/
k-k / ˈy-ˈɘ̟ / nː-n / ə_n-a
{0: [0], 1: [1], 2: [2], 3: [3, 4]}
{0: [0], 1: [1], 2: [2], 3: [3]}
SCORE: 22.88

-------------------

/lˈiə̯xt/ - /wˈɪxt/
l-w / ˈiə̯-ˈɪ / x-x / t-t
{0: [0], 1: [1], 2: [2], 3: [3]}
{0: [0], 1: [1], 2: [2], 3: [3]}
SCORE: 25.946

-------------------

/lˈiə̯ɡən/ - /wˈɑi̯ɡən/
l-w / ∅-ˈɑi̯ / ˈiə̯-∅ / ɡ-ɡ / ə-ə / n-n
{0: [0], 1: None, 2: [1], 3: [2], 4: [3], 5: [4]}
{0: [0], 1: [1], 2: None, 3: [2], 4: [3], 5: [4]}
SCORE: 11.089

-------------------

/lˈiɡən/ - /wˈei̯ɟa/
l-w / ˈi-ˈei̯ / ɡ-ɟ / ə_n-a
{0: [0], 1: [1], 2: [2], 3: [3, 4]}
{0: [0], 1: [1], 2: [2], 3: [3]}
SCORE: 20.097

-------------------

/lˈiːxt/ - /wˈai̯xt/
l-w / ˈiː-ˈai̯ / x-x / t-t
{0: [0], 1: [1], 2: [2], 3: [3]}
{0: [0], 1: [1], 2: [2], 3: [3]}
SCORE: 25.467

-------------------

/lˈou̯fən/ - /wˈɑjfa/
l-w / ∅-ˈɑ / ∅-j / ˈou̯-∅ / f-f / ə_n-a
{0: [0], 1: None, 2: None, 3: [1], 4: [2], 5: [3, 4]}
{0: [0], 1: [1], 2: [2], 3: None, 4: [3], 5: [4]}
SCORE: 1.817

-------------------

/lˈuːs/ - /wˈɑi̯s/
l-w / ˈuː-ˈɑi̯ / s-s
{0: [0], 1: [1], 2: [2]}
{0: [0], 1: [1], 2: [2]}
SCORE: 18.251

-------------------

/lˈɑnd̥/ - /wˈɑnd̥/
l-w / ˈɑ-ˈɑ / n-n / d̥-d̥
{0: [0], 1: [1], 2: [2], 3: [3]}
{0: [0], 1: [1], 2: [2], 3: [3]}
SCORE: 22.78

-------------------

/lˈɑxːən/ - /wˈɑxa/
l-w / ˈɑ-ˈɑ / xː-x / ə_n-a
{0: [0], 1: [1], 2: [2], 3: [3, 4]}
{0: [0], 1: [1], 2: [2], 3: [3]}
SCORE: 21.962

-------------------

/lˈɑŋɡ̊/ - /wˈɑŋɡ̊/
l-w / ˈɑ-ˈɑ / ŋ-ŋ / ɡ̊-ɡ̊
{0: [0], 1: [1], 2: [2], 3: [3]}
{0: [0], 1: [1], 2: [2], 3: [3]}
SCORE: 26.313

-------------------

/lˈɛbərə/ - /wˈɑvɛr/
l-w / ˈɛ-ˈɑ / b-v / ə-ɛ / r-r / ə-∅
{0: [0], 1: [1], 2: [2], 3: [3], 4: [4], 5: [5]}
{0: [0], 1: [1], 2: [2], 3: [3], 4: [4], 5: None}
SCORE: 16.386

-------------------

/mˈenʃːə/ - /mˈɛnʃ/
m-m / ˈe-ˈɛ / n-n / ʃː_ə_#>-ʃ_#>
{0: [0], 1: [1], 2: [2], 3: [3, 4]}
{0: [0], 1: [1], 2: [2], 3: [3]}
SCORE: 17.789

-------------------

/mˈerə/ - /mˈir/
m-m / ˈe-ˈi / r-r / ə-∅
{0: [0], 1: [1], 2: [2], 3: [3]}
{0: [0], 1: [1], 2: [2], 3: None}
SCORE: 13.722

-------------------

/mˈilx/ - /mˈɘ̟wɪç/
m-m / ˈi-ˈɘ̟ / l-w / ∅-ɪ / x-ç
{0: [0], 1: [1], 2: [2], 3: None, 4: [3]}
{0: [0], 1: [1], 2: [2], 3: [3], 4: [4]}
SCORE: 18.157

-------------------

/mˈix/ - /mˈei̯ç/
m-m / ˈi-ˈei̯ / x-ç
{0: [0], 1: [1], 2: [2]}
{0: [0], 1: [1], 2: [2]}
SCORE: 17.146

-------------------

/mˈuə̯tər/ - /mˈʏtɛr/
m-m / ˈuə̯-ˈʏ / t-t / ə-ɛ / r-r
{0: [0], 1: [1], 2: [2], 3: [3], 4: [4]}
{0: [0], 1: [1], 2: [2], 3: [3], 4: [4]}
SCORE: 29.031

-------------------

/mˈuːl/ - /mˈɑi̯w/
m-m / ˈuː-ˈɑi̯ / l-w
{0: [0], 1: [1], 2: [2]}
{0: [0], 1: [1], 2: [2]}
SCORE: 19.628

-------------------

/mˈuːs/ - /mˈɑi̯s/
m-m / ˈuː-ˈɑi̯ / s-s
{0: [0], 1: [1], 2: [2]}
{0: [0], 1: [1], 2: [2]}
SCORE: 19.983

-------------------

/mˈykːə/ - /mˈɘ̟k/
m-m / ˈy-ˈɘ̟ / kː_ə_#>-k_#>
{0: [0], 1: [1], 2: [2, 3]}
{0: [0], 1: [1], 2: [2]}
SCORE: 14.649

-------------------

/mˈyːsə/ - /mˈoi̯s/
m-m / ∅-ˈoi̯ / ˈyː-∅ / s_ə-s
{0: [0], 1: None, 2: [1], 3: [2, 3]}
{0: [0], 1: [1], 2: None, 3: [2]}
SCORE: 0.837

-------------------

/mˈɑn/ - /mˈɑn/
m-m / ˈɑ-ˈɑ / n-n
{0: [0], 1: [1], 2: [2]}
{0: [0], 1: [1], 2: [2]}
SCORE: 18.505

-------------------

/mˈɑxt/ - /mˈɑxt/
m-m / ˈɑ-ˈɑ / x-x / t-t
{0: [0], 1: [1], 2: [2], 3: [3]}
{0: [0], 1: [1], 2: [2], 3: [3]}
SCORE: 25.13

-------------------

/mˈɑːnoːd̥/ - /mˈønda/
m-m / ˈɑː-ˈø / n-n / oː-d_a / d̥-∅
{0: [0], 1: [1], 2: [2], 3: [3], 4: [4]}
{0: [0], 1: [1], 2: [2], 3: [3, 4], 4: None}
SCORE: 23.232

-------------------

/mˈɑːnə/ - /mˈønd̥/
m-m / ˈɑː-ˈø / n_ə-n / ∅-d̥
{0: [0], 1: [1], 2: [2, 3], 3: None}
{0: [0], 1: [1], 2: [2], 3: [3]}
SCORE: 12.554

-------------------

/nˈyːn/ - /nˈɑi̯n/
<#_n-<#_n / ˈyː-ˈɑi̯ / n-n
{0: [0], 1: [1], 2: [2]}
{0: [0], 1: [1], 2: [2]}
SCORE: 20.107

-------------------

/nˈyːwə/ - /nˈɑi̯ə/
<#_n-<#_n / ˈyː-ˈɑi̯ / w-∅ / ə-ə
{0: [0], 1: [1], 2: [2], 3: [3]}
{0: [0], 1: [1], 2: None, 3: [2]}
SCORE: 14.136

-------------------

/nˈɑkːət/ - /nˈɑkət/
<#_n-<#_n / ˈɑ-ˈɑ / kː-k / ə-ə / t-t
{0: [0], 1: [1], 2: [2], 3: [3], 4: [4]}
{0: [0], 1: [1], 2: [2], 3: [3], 4: [4]}
SCORE: 26.873

-------------------

/nˈɑmə/ - /nˈɔma/
<#_n-<#_n / ˈɑ-ˈɔ / m-m / ə-a
{0: [0], 1: [1], 2: [2], 3: [3]}
{0: [0], 1: [1], 2: [2], 3: [3]}
SCORE: 25.111

-------------------

/nˈɑsə/ - /nˈɔs/
<#_n-<#_n / ˈɑ-ˈɔ / s_ə-s
{0: [0], 1: [1], 2: [2, 3]}
{0: [0], 1: [1], 2: [2]}
SCORE: 16.31

-------------------

/nˈɑxt/ - /nˈɑxt/
<#_n-<#_n / ˈɑ-ˈɑ / x-x / t-t
{0: [0], 1: [1], 2: [2], 3: [3]}
{0: [0], 1: [1], 2: [2], 3: [3]}
SCORE: 25.867

-------------------

/nˈɑɡəl/ - /nˈi̯øl/
<#_n-<#_n / ˈɑ_ɡ-ˈi̯ø / ə-∅ / l-l
{0: [0], 1: [1, 2], 2: [3], 3: [4]}
{0: [0], 1: [1], 2: None, 3: [2]}
SCORE: 14.076

-------------------

/nˈɑːdələ/ - /nˈøwd̥/
<#_n-<#_n / ˈɑː-ˈø / ∅-w / d-d̥ / ə-∅ / l_ə_#>-#>
{0: [0], 1: [1], 2: None, 3: [2], 4: [3], 5: [4, 5]}
{0: [0], 1: [1], 2: [2], 3: [3], 4: None, 5: None}
SCORE: 6.667

-------------------

/p͡flˈuə̯ɡ̊/ - /fwˈʏɡ̊/
p͡f-f / l-w / ˈuə̯-ˈʏ / ɡ̊-ɡ̊
{0: [0], 1: [1], 2: [2], 3: [3]}
{0: [0], 1: [1], 2: [2], 3: [3]}
SCORE: 22.881

-------------------

/rˈiːxːə/ - /rˈai̯ç/
<#_r-<#_r / ˈiː-ˈai̯ / ∅-ç / xː-∅ / ə-∅
{0: [0], 1: [1], 2: None, 3: [2], 4: [3]}
{0: [0], 1: [1], 2: [2], 3: None, 4: None}
SCORE: 2.95

-------------------

/rˈou̯x/ - /rˈɑi̯ç/
<#_r-<#_r / ˈou̯-ˈɑi̯ / x-ç
{0: [0], 1: [1], 2: [2]}
{0: [0], 1: [1], 2: [2]}
SCORE: 20.625

-------------------

/rˈoːt/ - /rˈut/
<#_r-<#_r / ˈoː-ˈu / t-t
{0: [0], 1: [1], 2: [2]}
{0: [0], 1: [1], 2: [2]}
SCORE: 22.195

-------------------

/rˈɛxt/ - /rˈaxt/
<#_r-<#_r / ˈɛ-ˈa / x-x / t-t
{0: [0], 1: [1], 2: [2], 3: [3]}
{0: [0], 1: [1], 2: [2], 3: [3]}
SCORE: 26.275

-------------------

/rˈɛɡən/ - /rˈan/
<#_r-<#_r / ˈɛ-ˈa / ɡ-∅ / ə-∅ / n-n
{0: [0], 1: [1], 2: [2], 3: [3], 4: [4]}
{0: [0], 1: [1], 2: None, 3: None, 4: [2]}
SCORE: 9.651

-------------------

/sprˈɑxːə/ - /ʃprˈøx/
∅-ʃ / s-∅ / p-p / r-r / ∅-ˈø / ˈɑ-∅ / xː-x / ə-∅
{0: None, 1: [0], 2: [1], 3: [2], 4: None, 5: [3], 6: [4], 7: [5]}
{0: [0], 1: None, 2: [1], 3: [2], 4: [3], 5: None, 6: [4], 7: None}
SCORE: -0.07

-------------------

/sˈeːlə/ - /zˈei̯w/
s-z / ˈeː-ˈei̯ / l-w / ə-∅
{0: [0], 1: [1], 2: [2], 3: [3]}
{0: [0], 1: [1], 2: [2], 3: None}
SCORE: 13.489

-------------------

/sˈibən/ - /zˈei̯va/
s-z / ˈi-ˈei̯ / b-v / ə_n-a
{0: [0], 1: [1], 2: [2], 3: [3, 4]}
{0: [0], 1: [1], 2: [2], 3: [3]}
SCORE: 16.271

-------------------

/sˈiŋɡən/ - /zˈɘ̟ŋɟa/
s-z / ˈi-ˈɘ̟ / ŋ-ŋ / ɡ-ɟ / ə_n-a
{0: [0], 1: [1], 2: [2], 3: [3], 4: [4, 5]}
{0: [0], 1: [1], 2: [2], 3: [3], 4: [4]}
SCORE: 30.32

-------------------

/sˈiʦːən/ - /zˈɘ̟ʦa/
s-z / ˈi-ˈɘ̟ / ʦː-ʦ / ə_n-a
{0: [0], 1: [1], 2: [2], 3: [3, 4]}
{0: [0], 1: [1], 2: [2], 3: [3]}
SCORE: 24.544

-------------------

/sˈiːtə/ - /zˈai̯t/
s-z / ˈiː-ˈai̯ / t_ə-t
{0: [0], 1: [1], 2: [2, 3]}
{0: [0], 1: [1], 2: [2]}
SCORE: 16.308

-------------------

/sˈumər/ - /zˈumɛr/
s-z / ˈu-ˈu / m-m / ə-ɛ / r-r
{0: [0], 1: [1], 2: [2], 3: [3], 4: [4]}
{0: [0], 1: [1], 2: [2], 3: [3], 4: [4]}
SCORE: 28.643

-------------------

/sˈun/ - /zˈun/
s-z / ˈu-ˈu / n-n
{0: [0], 1: [1], 2: [2]}
{0: [0], 1: [1], 2: [2]}
SCORE: 19.118

-------------------

/sˈuː/ - /zˈɑi̯wa/
s-z / ˈuː-ˈɑi̯ / ∅-w / ∅-a
{0: [0], 1: [1], 2: None, 3: None}
{0: [0], 1: [1], 2: [2], 3: [3]}
SCORE: 5.208

-------------------

/sˈuːr/ - /zˈɑi̯vɛr/
s-z / ˈuː-ˈɑi̯ / ∅-v / ∅-ɛ / r-r
{0: [0], 1: [1], 2: None, 3: None, 4: [2]}
{0: [0], 1: [1], 2: [2], 3: [3], 4: [4]}
SCORE: 9.518

-------------------

/sˈyə̯s̻ə/ - /zˈis/
s-z / ˈyə̯-ˈi / s̻-s / ə-∅
{0: [0], 1: [1], 2: [2], 3: [3]}
{0: [0], 1: [1], 2: [2], 3: None}
SCORE: 16.079

-------------------

/sˈyə̯xːən/ - /zˈixa/
s-z / ˈyə̯-ˈi / xː-x / ə_n-a
{0: [0], 1: [1], 2: [2], 3: [3, 4]}
{0: [0], 1: [1], 2: [2], 3: [3]}
SCORE: 24.676

-------------------

/sˈɑlʦ/ - /zˈɑwʦ/
s-z / ˈɑ-ˈɑ / l-w / ʦ-ʦ
{0: [0], 1: [1], 2: [2], 3: [3]}
{0: [0], 1: [1], 2: [2], 3: [3]}
SCORE: 24.732

-------------------

/sˈɑnd̥/ - /zˈɑnd̥/
s-z / ˈɑ-ˈɑ / n-n / d̥-d̥
{0: [0], 1: [1], 2: [2], 3: [3]}
{0: [0], 1: [1], 2: [2], 3: [3]}
SCORE: 23.948

-------------------

/sˈɑɡən/ - /zˈi̯øn/
s-z / ˈɑ_ɡ-ˈi̯ø / ə-∅ / n-n
{0: [0], 1: [1, 2], 2: [3], 3: [4]}
{0: [0], 1: [1], 2: None, 3: [2]}
SCORE: 11.63

-------------------

/sˈɛhən/ - /zˈɑn/
s-z / ˈɛ_h-ˈɑ / ə-∅ / n-n
{0: [0], 1: [1, 2], 2: [3], 3: [4]}
{0: [0], 1: [1], 2: None, 3: [2]}
SCORE: 10.241

-------------------

/sˈɛxs/ - /zˈaks/
s-z / ˈɛ-ˈa / x_s-k_s
{0: [0], 1: [1], 2: [2, 3]}
{0: [0], 1: [1], 2: [2, 3]}
SCORE: 24.238

-------------------

/trˈiŋkən/ - /trˈɘ̟ŋca/
t-t / r-r / ˈi-ˈɘ̟ / ŋ-ŋ / k-c / ə_n-a
{0: [0], 1: [1], 2: [2], 3: [3], 4: [4], 5: [5, 6]}
{0: [0], 1: [1], 2: [2], 3: [3], 4: [4], 5: [5]}
SCORE: 36.569

-------------------

/trˈiːbən/ - /trˈai̯n/
t-t / r-r / ˈiː-ˈai̯ / b_ə-n / n_#>-#>
{0: [0], 1: [1], 2: [2], 3: [3, 4], 4: [5]}
{0: [0], 1: [1], 2: [2], 3: [3], 4: None}
SCORE: 15.862

-------------------

/trˈokːən/ - /trˈɑi̯ɡ̊/
t-t / r-r / ∅-ˈɑi̯ / ˈo-∅ / kː-∅ / ə-ɡ̊ / n_#>-#>
{0: [0], 1: [1], 2: None, 3: [2], 4: [3], 5: [4], 6: [5]}
{0: [0], 1: [1], 2: [2], 3: None, 4: None, 5: [3], 6: None}
SCORE: -6.584

-------------------

/trˈøy̯mən/ - /trˈɑi̯ma/
t-t / r-r / ∅-ˈɑi̯ / ˈøy̯-∅ / m-m / ə_n-a
{0: [0], 1: [1], 2: None, 3: [2], 4: [3], 5: [4, 5]}
{0: [0], 1: [1], 2: [2], 3: None, 4: [3], 5: [4]}
SCORE: 12.472

-------------------

/tˈei̯ɡ̊/ - /tˈaɡ̊/
t-t / ˈei̯-ˈa / ɡ̊-ɡ̊
{0: [0], 1: [1], 2: [2]}
{0: [0], 1: [1], 2: [2]}
SCORE: 21.922

-------------------

/tˈiə̯f/ - /tˈif/
t-t / ˈiə̯-ˈi / f-f
{0: [0], 1: [1], 2: [2]}
{0: [0], 1: [1], 2: [2]}
SCORE: 20.394

-------------------

/tˈoxtər/ - /tˈɔxtɛr/
t-t / ˈo-ˈɔ / x-x / t-t / ə-ɛ / r-r
{0: [0], 1: [1], 2: [2], 3: [3], 4: [4], 5: [5]}
{0: [0], 1: [1], 2: [2], 3: [3], 4: [4], 5: [5]}
SCORE: 28.939

-------------------

/tˈoːd̥/ - /tˈut/
t-t / ˈoː-ˈu / ∅-t / d̥-∅
{0: [0], 1: [1], 2: None, 3: [2]}
{0: [0], 1: [1], 2: [2], 3: None}
SCORE: 5.537

-------------------

/tˈuːbə/ - /tˈɑi̯/
t-t / ˈuː-ˈɑi̯ / b-∅ / ə-∅
{0: [0], 1: [1], 2: [2], 3: [3]}
{0: [0], 1: [1], 2: None, 3: None}
SCORE: 4.913

-------------------

/tˈuːsənd̥/ - /tˈɑi̯zət/
t-t / ˈuː-ˈɑi̯ / s-z / ə-ə / ∅-t / n-∅ / d̥-∅
{0: [0], 1: [1], 2: [2], 3: [3], 4: None, 5: [4], 6: [5]}
{0: [0], 1: [1], 2: [2], 3: [3], 4: [4], 5: None, 6: None}
SCORE: 7.66

-------------------

/tˈyːrə/ - /tˈɑi̯ɛr/
t-t / ˈyː-ˈɑi̯_ɛ / r-r / ə-∅
{0: [0], 1: [1], 2: [2], 3: [3]}
{0: [0], 1: [1, 2], 2: [3], 3: None}
SCORE: 12.979

-------------------

/tˈɑɡ̊/ - /tˈɑɡ̊/
t-t / ˈɑ-ˈɑ / ɡ̊-ɡ̊
{0: [0], 1: [1], 2: [2]}
{0: [0], 1: [1], 2: [2]}
SCORE: 20.287

-------------------

/vlˈei̯ʃː/ - /fwˈaʃ/
v-f / l-w / ˈei̯-ˈa / ʃː-ʃ
{0: [0], 1: [1], 2: [2], 3: [3]}
{0: [0], 1: [1], 2: [2], 3: [3]}
SCORE: 23.561

-------------------

/vlˈiə̯ɡə/ - /fwˈiɡ̊/
v-f / l-w / ˈiə̯-ˈi / ɡ_ə-ɡ̊
{0: [0], 1: [1], 2: [2], 3: [3, 4]}
{0: [0], 1: [1], 2: [2], 3: [3]}
SCORE: 23.622

-------------------

/vlˈiə̯ɡən/ - /fwˈiɟa/
v-f / l-w / ˈiə̯-ˈi / ɡ-ɟ / ə_n-a
{0: [0], 1: [1], 2: [2], 3: [3], 4: [4, 5]}
{0: [0], 1: [1], 2: [2], 3: [3], 4: [4]}
SCORE: 27.716

-------------------

/vrˈiə̯sən/ - /frˈiən/
v-f / r-r / ˈiə̯-ˈi / s-∅ / ə-ə / n-n
{0: [0], 1: [1], 2: [2], 3: [3], 4: [4], 5: [5]}
{0: [0], 1: [1], 2: [2], 3: None, 4: [3], 5: [4]}
SCORE: 21.351

-------------------

/vrˈiʃː/ - /frˈɘ̟ʃ/
v-f / r-r / ˈi-ˈɘ̟ / ʃː-ʃ
{0: [0], 1: [1], 2: [2], 3: [3]}
{0: [0], 1: [1], 2: [2], 3: [3]}
SCORE: 23.318

-------------------

/vrˈiː/ - /frˈai̯/
v-f / r-r / ˈiː-ˈai̯
{0: [0], 1: [1], 2: [2]}
{0: [0], 1: [1], 2: [2]}
SCORE: 20.67

-------------------

/vrˈou̯wə/ - /frˈɑi̯/
v-f / r-r / ˈou̯-ˈɑi̯ / w-∅ / ə-∅
{0: [0], 1: [1], 2: [2], 3: [3], 4: [4]}
{0: [0], 1: [1], 2: [2], 3: None, 4: None}
SCORE: 9.789

-------------------

/vrˈyːnd̥/ - /frˈai̯nd̥/
v-f / r-r / ∅-ˈai̯ / ˈyː-∅ / n-n / d̥-d̥
{0: [0], 1: [1], 2: None, 3: [2], 4: [3], 5: [4]}
{0: [0], 1: [1], 2: [2], 3: None, 4: [3], 5: [4]}
SCORE: 14.16

-------------------

/vˈindən/ - /fˈɘ̟nda/
v-f / ˈi-ˈɘ̟ / n-n / d-d / ə_n-a
{0: [0], 1: [1], 2: [2], 3: [3], 4: [4, 5]}
{0: [0], 1: [1], 2: [2], 3: [3], 4: [4]}
SCORE: 27.721

-------------------

/vˈiŋɡər/ - /fˈɘ̟ŋɟɛr/
v-f / ˈi-ˈɘ̟ / ŋ-ŋ / ɡ-ɟ / ə-ɛ / r-r
{0: [0], 1: [1], 2: [2], 3: [3], 4: [4], 5: [5]}
{0: [0], 1: [1], 2: [2], 3: [3], 4: [4], 5: [5]}
SCORE: 35.23

-------------------

/vˈiə̯r/ - /fˈiər/
v-f / ˈiə̯-ˈi / ∅-ə / r-r
{0: [0], 1: [1], 2: None, 3: [2]}
{0: [0], 1: [1], 2: [2], 3: [3]}
SCORE: 14.931

-------------------

/vˈiʃː/ - /fˈei̯ʃ/
v-f / ˈi-ˈei̯ / ʃː-ʃ
{0: [0], 1: [1], 2: [2]}
{0: [0], 1: [1], 2: [2]}
SCORE: 16.851

-------------------

/vˈol/ - /fˈuw/
v-f / ˈo-ˈu / l-w
{0: [0], 1: [1], 2: [2]}
{0: [0], 1: [1], 2: [2]}
SCORE: 19.017

-------------------

/vˈolk/ - /fˈulk/
v-f / ˈo-ˈu / l-l / k-k
{0: [0], 1: [1], 2: [2], 3: [3]}
{0: [0], 1: [1], 2: [2], 3: [3]}
SCORE: 25.56

-------------------

/vˈolɡən/ - /fˈulɟa/
v-f / ˈo-ˈu / l-l / ɡ-ɟ / ə_n-a
{0: [0], 1: [1], 2: [2], 3: [3], 4: [4, 5]}
{0: [0], 1: [1], 2: [2], 3: [3], 4: [4]}
SCORE: 28.243

-------------------

/vˈoɡəl/ - /fˈøɡuw/
v-f / ˈo-ˈø / ɡ-ɡ / ə-u / l-w
{0: [0], 1: [1], 2: [2], 3: [3], 4: [4]}
{0: [0], 1: [1], 2: [2], 3: [3], 4: [4]}
SCORE: 27.813

-------------------

/vˈuxs/ - /fˈʏks/
v-f / ˈu-ˈʏ / x_s-k_s
{0: [0], 1: [1], 2: [2, 3]}
{0: [0], 1: [1], 2: [2, 3]}
SCORE: 22.942

-------------------

/vˈuə̯s̻/ - /fˈʏs/
v-f / ˈuə̯-ˈʏ / s̻-s
{0: [0], 1: [1], 2: [2]}
{0: [0], 1: [1], 2: [2]}
SCORE: 21.44

-------------------

/vˈynf/ - /fˈɘ̟nf/
v-f / ˈy-ˈɘ̟ / n-n / f-f
{0: [0], 1: [1], 2: [2], 3: [3]}
{0: [0], 1: [1], 2: [2], 3: [3]}
SCORE: 24.02

-------------------

/vˈyr/ - /fˈir/
v-f / ∅-ˈi / ˈy-∅ / r-r
{0: [0], 1: None, 2: [1], 3: [2]}
{0: [0], 1: [1], 2: None, 3: [2]}
SCORE: 4.458

-------------------

/vˈyə̯s̻ə/ - /fˈisa/
v-f / ˈyə̯-ˈi / s̻-s / ə-a
{0: [0], 1: [1], 2: [2], 3: [3]}
{0: [0], 1: [1], 2: [2], 3: [3]}
SCORE: 24.511

-------------------

/vˈyːr/ - /fˈɑi̯ɛr/
v-f / ˈyː-ˈɑi̯_ɛ / r-r
{0: [0], 1: [1], 2: [2]}
{0: [0], 1: [1, 2], 2: [3]}
SCORE: 18.321

-------------------

/vˈɑtər/ - /fˈɔtɛr/
v-f / ˈɑ-ˈɔ / t-t / ə-ɛ / r-r
{0: [0], 1: [1], 2: [2], 3: [3], 4: [4]}
{0: [0], 1: [1], 2: [2], 3: [3], 4: [4]}
SCORE: 27.244

-------------------

/vˈɛdərə/ - /fˈɑdɛr/
v-f / ˈɛ-ˈɑ / d-d / ə-ɛ / r-r / ə-∅
{0: [0], 1: [1], 2: [2], 3: [3], 4: [4], 5: [5]}
{0: [0], 1: [1], 2: [2], 3: [3], 4: [4], 5: None}
SCORE: 23.151

-------------------

/wˈei̯x/ - /vˈax/
w-v / ˈei̯-ˈa / x-x
{0: [0], 1: [1], 2: [2]}
{0: [0], 1: [1], 2: [2]}
SCORE: 18.694

-------------------

/wˈildə/ - /vˈɘ̟wd̥/
w-v / ˈi-ˈɘ̟ / l-w / d-d̥ / ə-∅
{0: [0], 1: [1], 2: [2], 3: [3], 4: [4]}
{0: [0], 1: [1], 2: [2], 3: [3], 4: None}
SCORE: 15.074

-------------------

/wˈind̥/ - /vˈɘ̟nd̥/
w-v / ˈi-ˈɘ̟ / n-n / d̥-d̥
{0: [0], 1: [1], 2: [2], 3: [3]}
{0: [0], 1: [1], 2: [2], 3: [3]}
SCORE: 22.105

-------------------

/wˈintər/ - /vˈɘ̟ntɛr/
w-v / ˈi-ˈɘ̟ / n-n / t-t / ə-ɛ / r-r
{0: [0], 1: [1], 2: [2], 3: [3], 4: [4], 5: [5]}
{0: [0], 1: [1], 2: [2], 3: [3], 4: [4], 5: [5]}
SCORE: 28.459

-------------------

/wˈir/ - /vˈir/
w-v / ˈi-ˈi / r-r
{0: [0], 1: [1], 2: [2]}
{0: [0], 1: [1], 2: [2]}
SCORE: 12.675

-------------------

/wˈis̻ːən/ - /vˈɘ̟sa/
w-v / ˈi-ˈɘ̟ / s̻ː-s / ə_n-a
{0: [0], 1: [1], 2: [2], 3: [3, 4]}
{0: [0], 1: [1], 2: [2], 3: [3]}
SCORE: 20.426

-------------------

/wˈiːn/ - /vˈai̯n/
w-v / ˈiː-ˈai̯ / n-n
{0: [0], 1: [1], 2: [2]}
{0: [0], 1: [1], 2: [2]}
SCORE: 17.231

-------------------

/wˈiːs̻/ - /wˈai̯s/
∅-w / w-∅ / ˈiː-ˈai̯ / s̻-s
{0: None, 1: [0], 2: [1], 3: [2]}
{0: [0], 1: None, 2: [1], 3: [2]}
SCORE: 6.58

-------------------

/wˈolf/ - /vˈuf/
w-v / ˈo-ˈu / l-∅ / f-f
{0: [0], 1: [1], 2: [2], 3: [3]}
{0: [0], 1: [1], 2: None, 3: [2]}
SCORE: 12.452

-------------------

/wˈort/ - /vjˈʏt/
w-v / ∅-j / ∅-ˈʏ / ˈo-∅ / r-∅ / t-t
{0: [0], 1: None, 2: None, 3: [1], 4: [2], 5: [3]}
{0: [0], 1: [1], 2: [2], 3: None, 4: None, 5: [3]}
SCORE: -7.95

-------------------

/wˈoxːə/ - /vˈɔx/
w-v / ˈo-ˈɔ / xː-x / ə-∅
{0: [0], 1: [1], 2: [2], 3: [3]}
{0: [0], 1: [1], 2: [2], 3: None}
SCORE: 9.617

-------------------

/wˈuntər/ - /vˈundɛr/
w-v / ˈu-ˈu / n_t-n_d / ə-ɛ / r-r
{0: [0], 1: [1], 2: [2, 3], 3: [4], 4: [5]}
{0: [0], 1: [1], 2: [2, 3], 3: [4], 4: [5]}
SCORE: 26.195

-------------------

/wˈurm/ - /vˈʏm/
w-v / ˈu-ˈʏ / r-∅ / m-m
{0: [0], 1: [1], 2: [2], 3: [3]}
{0: [0], 1: [1], 2: None, 3: [2]}
SCORE: 10.786

-------------------

/wˈynʃən/ - /vˈɘ̟nʧa/
w-v / ˈy-ˈɘ̟ / n-n / ʃ-ʧ / ə_n-a
{0: [0], 1: [1], 2: [2], 3: [3], 4: [4, 5]}
{0: [0], 1: [1], 2: [2], 3: [3], 4: [4]}
SCORE: 22.754

-------------------

/wˈɑrm/ - /vˈi̯øm/
w-v / ˈɑ_r-ˈi̯ø / m-m
{0: [0], 1: [1, 2], 2: [3]}
{0: [0], 1: [1], 2: [2]}
SCORE: 15.74

-------------------

/wˈɑs̻/ - /vˈɑs/
w-v / ˈɑ-ˈɑ / s̻-s
{0: [0], 1: [1], 2: [2]}
{0: [0], 1: [1], 2: [2]}
SCORE: 16.754

-------------------

/wˈɑs̻ːər/ - /vˈɔsɛr/
w-v / ˈɑ-ˈɔ / s̻ː-s / ə-ɛ / r-r
{0: [0], 1: [1], 2: [2], 3: [3], 4: [4]}
{0: [0], 1: [1], 2: [2], 3: [3], 4: [4]}
SCORE: 24.947

-------------------

/wˈɛɡ̊/ - /vˈaɡ̊/
w-v / ˈɛ-ˈa / ɡ̊-ɡ̊
{0: [0], 1: [1], 2: [2]}
{0: [0], 1: [1], 2: [2]}
SCORE: 17.878

-------------------

/ɡrˈoːs̻/ - /ɡrˈus/
ɡ-ɡ / r-r / ˈoː-ˈu / s̻-s
{0: [0], 1: [1], 2: [2], 3: [3]}
{0: [0], 1: [1], 2: [2], 3: [3]}
SCORE: 26.143

-------------------

/ɡrˈyə̯nə/ - /ɡrˈin/
ɡ-ɡ / r-r / ˈyə̯-ˈi / n_ə-n
{0: [0], 1: [1], 2: [2], 3: [3, 4]}
{0: [0], 1: [1], 2: [2], 3: [3]}
SCORE: 21.361

-------------------

/ɡrˈɑs/ - /ɡrˈɔs/
ɡ-ɡ / r-r / ˈɑ-ˈɔ / s-s
{0: [0], 1: [1], 2: [2], 3: [3]}
{0: [0], 1: [1], 2: [2], 3: [3]}
SCORE: 24.07

-------------------

/ɡˈold̥/ - /ɡˈuwd̥/
ɡ-ɡ / ˈo-ˈu / l-w / d̥-d̥
{0: [0], 1: [1], 2: [2], 3: [3]}
{0: [0], 1: [1], 2: [2], 3: [3]}
SCORE: 25.691

-------------------

/ɡˈot/ - /ɡˈøt/
ɡ-ɡ / ˈo-ˈø / t-t
{0: [0], 1: [1], 2: [2]}
{0: [0], 1: [1], 2: [2]}
SCORE: 20.14

-------------------

/ɡˈuə̯t/ - /ɡˈʏt/
ɡ-ɡ / ˈuə̯-ˈʏ / t-t
{0: [0], 1: [1], 2: [2]}
{0: [0], 1: [1], 2: [2]}
SCORE: 21.546

-------------------

/ɡˈɑns/ - /ɡˈɑns/
ɡ-ɡ / ˈɑ-ˈɑ / n-n / s-s
{0: [0], 1: [1], 2: [2], 3: [3]}
{0: [0], 1: [1], 2: [2], 3: [3]}
SCORE: 22.864

-------------------

/ɡˈɑst/ - /ɡˈɔst/
ɡ-ɡ / ˈɑ-ˈɔ / s_t-s_t
{0: [0], 1: [1], 2: [2, 3]}
{0: [0], 1: [1], 2: [2, 3]}
SCORE: 25.434

-------------------

/ɡˈɑːn/ - /ɡˈei̯n/
ɡ-ɡ / ∅-ˈei̯ / ˈɑː-∅ / n-n
{0: [0], 1: None, 2: [1], 3: [2]}
{0: [0], 1: [1], 2: None, 3: [2]}
SCORE: 4.51

-------------------

/ɡˈɛbən/ - /ɡˈɑn/
ɡ-ɡ / ˈɛ-ˈɑ / b_ə-n / n_#>-#>
{0: [0], 1: [1], 2: [2, 3], 3: [4]}
{0: [0], 1: [1], 2: [2], 3: None}
SCORE: 10.689

-------------------

/ɡˈɛl/ - /ɡˈɑw/
ɡ-ɡ / ˈɛ-ˈɑ / l-w
{0: [0], 1: [1], 2: [2]}
{0: [0], 1: [1], 2: [2]}
SCORE: 19.011

-------------------

/ʃlˈɑhən/ - /ʃwˈøn/
ʃ-ʃ / l-w / ∅-ˈø / ˈɑ-∅ / h-∅ / ə-∅ / n-n
{0: [0], 1: [1], 2: None, 3: [2], 4: [3], 5: [4], 6: [5]}
{0: [0], 1: [1], 2: [2], 3: None, 4: None, 5: None, 6: [3]}
SCORE: -1.702

-------------------

/ʃlˈɑːfən/ - /ʃwˈøfa/
ʃ-ʃ / l-w / ˈɑː-ˈø / f-f / ə_n-a
{0: [0], 1: [1], 2: [2], 3: [3], 4: [4, 5]}
{0: [0], 1: [1], 2: [2], 3: [3], 4: [4]}
SCORE: 28.828

-------------------

/ʃnˈeː/ - /ʃnˈei̯/
ʃ-ʃ / n-n / ˈeː-ˈei̯
{0: [0], 1: [1], 2: [2]}
{0: [0], 1: [1], 2: [2]}
SCORE: 18.976

-------------------

/ʃtˈei̯n/ - /ʃtˈan/
ʃ-ʃ / t-t / ˈei̯-ˈa / n-n
{0: [0], 1: [1], 2: [2], 3: [3]}
{0: [0], 1: [1], 2: [2], 3: [3]}
SCORE: 24.949

-------------------

/ʃtˈuə̯l/ - /ʃtˈʏl/
ʃ-ʃ / t-t / ˈuə̯-ˈʏ / l-l
{0: [0], 1: [1], 2: [2], 3: [3]}
{0: [0], 1: [1], 2: [2], 3: [3]}
SCORE: 26.319

-------------------

/ʃtˈɛrnə/ - /ʃtˈɑm/
ʃ-ʃ / t-t / ˈɛ-ˈɑ / r-m / n-∅ / ə-∅
{0: [0], 1: [1], 2: [2], 3: [3], 4: [4], 5: [5]}
{0: [0], 1: [1], 2: [2], 3: [3], 4: None, 5: None}
SCORE: 9.416

-------------------

/ʃwˈimːən/ - /ʃvˈɘ̟ma/
ʃ-ʃ / w-v / ˈi-ˈɘ̟ / mː-m / ə_n-a
{0: [0], 1: [1], 2: [2], 3: [3], 4: [4, 5]}
{0: [0], 1: [1], 2: [2], 3: [3], 4: [4]}
SCORE: 26.407

-------------------

/ʃwˈiːn/ - /ʃvˈai̯n/
ʃ-ʃ / w-v / ˈiː-ˈai̯ / n-n
{0: [0], 1: [1], 2: [2], 3: [3]}
{0: [0], 1: [1], 2: [2], 3: [3]}
SCORE: 22.9

-------------------

/ʃwˈɑrʦ/ - /ʃvˈi̯øʦ/
ʃ-ʃ / w-v / ˈɑ_r-ˈi̯ø / ʦ-ʦ
{0: [0], 1: [1], 2: [2, 3], 3: [4]}
{0: [0], 1: [1], 2: [2], 3: [3]}
SCORE: 22.454

-------------------

/ʃwˈɛrt/ - /ʃvjˈɛrt/
ʃ-ʃ / w-v / ∅-j / ˈɛ-ˈɛ / r-r / t-t
{0: [0], 1: [1], 2: None, 3: [2], 4: [3], 5: [4]}
{0: [0], 1: [1], 2: [2], 3: [3], 4: [4], 5: [5]}
SCORE: 20.093

-------------------

/ʃwˈɛstər/ - /ʃvˈɑstɛr/
ʃ-ʃ / w-v / ˈɛ-ˈɑ / s_t-s_t / ə-ɛ / r-r
{0: [0], 1: [1], 2: [2], 3: [3, 4], 4: [5], 5: [6]}
{0: [0], 1: [1], 2: [2], 3: [3, 4], 4: [5], 5: [6]}
SCORE: 34.85

-------------------

/ʃˈiə̯s̻ən/ - /ʃˈisa/
ʃ-ʃ / ˈiə̯-ˈi / s̻-s / ə_n-a
{0: [0], 1: [1], 2: [2], 3: [3, 4]}
{0: [0], 1: [1], 2: [2], 3: [3]}
SCORE: 24.279

-------------------

/ʃˈuə̯x/ - /ʃˈʏx/
ʃ-ʃ / ˈuə̯-ˈʏ / x-x
{0: [0], 1: [1], 2: [2]}
{0: [0], 1: [1], 2: [2]}
SCORE: 22.345

-------------------

/ʃˈøːnə/ - /ʃˈei̯nə/
ʃ-ʃ / ˈøː-ˈei̯ / n-n / ə-ə
{0: [0], 1: [1], 2: [2], 3: [3]}
{0: [0], 1: [1], 2: [2], 3: [3]}
SCORE: 21.624

-------------------

/ʃˈɑrp͡f/ - /ʃˈi̯øf/
ʃ-ʃ / ˈɑ_r-ˈi̯ø / p͡f-f
{0: [0], 1: [1, 2], 2: [3]}
{0: [0], 1: [1], 2: [2]}
SCORE: 15.183

-------------------

/ʃˈɑːf/ - /ʃˈi̯øf/
ʃ-ʃ / ∅-ˈi̯ø / ˈɑː-∅ / f-f
{0: [0], 1: None, 2: [1], 3: [2]}
{0: [0], 1: [1], 2: None, 3: [2]}
SCORE: 5.862

-------------------

/ʦwˈei̯/ - /ʦvˈɛ/
ʦ-ʦ / w-v / ˈei̯-ˈɛ
{0: [0], 1: [1], 2: [2]}
{0: [0], 1: [1], 2: [2]}
SCORE: 17.134

-------------------

/ʦwˈei̯nʦəɡ̊/ - /ʦvˈɛnʦɪk/
ʦ-ʦ / w-v / ˈei̯-ˈɛ / n-n / ʦ-ʦ / ∅-ɪ / ə-k / ɡ̊-∅
{0: [0], 1: [1], 2: [2], 3: [3], 4: [4], 5: None, 6: [5], 7: [6]}
{0: [0], 1: [1], 2: [2], 3: [3], 4: [4], 5: [5], 6: [6], 7: None}
SCORE: 14.893

-------------------

/ʦwˈelf/ - /ʦvˈɛwf/
ʦ-ʦ / w-v / ˈe-ˈɛ / l-w / f-f
{0: [0], 1: [1], 2: [2], 3: [3], 4: [4]}
{0: [0], 1: [1], 2: [2], 3: [3], 4: [4]}
SCORE: 25.038

-------------------

/ʦˈei̯xːən/ - /ʦˈaxa/
ʦ-ʦ / ˈei̯-ˈa / xː-x / ə_n-a
{0: [0], 1: [1], 2: [2], 3: [3, 4]}
{0: [0], 1: [1], 2: [2], 3: [3]}
SCORE: 26.374

-------------------

/ʦˈiːt/ - /ʦˈai̯t/
ʦ-ʦ / ˈiː-ˈai̯ / t-t
{0: [0], 1: [1], 2: [2]}
{0: [0], 1: [1], 2: [2]}
SCORE: 22.651

-------------------

/ʦˈuŋɡə/ - /ʦˈuŋɡ̊/
ʦ-ʦ / ˈu-ˈu / ŋ-ŋ / ɡ_ə-ɡ̊
{0: [0], 1: [1], 2: [2], 3: [3, 4]}
{0: [0], 1: [1], 2: [2], 3: [3]}
SCORE: 28.077

-------------------

/ʦˈɑn/ - /ʦˈɔn/
ʦ-ʦ / ˈɑ-ˈɔ / n-n
{0: [0], 1: [1], 2: [2]}
{0: [0], 1: [1], 2: [2]}
SCORE: 20.143

-------------------

/ʦˈɛhən/ - /ʦˈɑn/
ʦ-ʦ / ˈɛ_h-ˈɑ / ə-∅ / n-n
{0: [0], 1: [1, 2], 2: [3], 3: [4]}
{0: [0], 1: [1], 2: None, 3: [2]}
SCORE: 11.851

-------------------

/ˈei̯/ - /ˈai̯/
<#_ˈei̯-<# / ∅-ˈai̯
{0: [0], 1: None}
{0: None, 1: [0]}
SCORE: -3.214

-------------------

/ˈei̯lf/ - /ˈalf/
ˈei̯-ˈa / l-l / f-f
{0: [0], 1: [1], 2: [2]}
{0: [0], 1: [1], 2: [2]}
SCORE: 20.812

-------------------

/ˈei̯n/ - /ˈan/
ˈei̯-ˈa / n-n
{0: [0], 1: [1]}
{0: [0], 1: [1]}
SCORE: 14.553

-------------------

/ˈei̯x/ - /ˈax/
ˈei̯-ˈa / x-x
{0: [0], 1: [1]}
{0: [0], 1: [1]}
SCORE: 16.451

-------------------

/ˈir/ - /ˈir/
ˈi-ˈi / r-r
{0: [0], 1: [1]}
{0: [0], 1: [1]}
SCORE: 10.431

-------------------

/ˈix/ - /ˈɘ̟x/
ˈi-ˈɘ̟ / x-x
{0: [0], 1: [1]}
{0: [0], 1: [1]}
SCORE: 15.752

-------------------

/ˈiːs/ - /ˈai̯s/
ˈiː-ˈai̯ / s-s
{0: [0], 1: [1]}
{0: [0], 1: [1]}
SCORE: 15.502

-------------------

/ˈou̯ɡə/ - /ˈɑi̯ɡ̊/
ˈou̯-ˈɑi̯ / ɡ_ə-ɡ̊
{0: [0], 1: [1, 2]}
{0: [0], 1: [1]}
SCORE: 14.557

-------------------

/ˈovən/ - /ˈuva/
ˈo-ˈu / v-∅ / ə-v / n-a
{0: [0], 1: [1], 2: [2], 3: [3]}
{0: [0], 1: None, 2: [1], 3: [2]}
SCORE: 3.445

-------------------

/ˈuns/ - /ˈɘ̟ns/
∅-ˈɘ̟ / ˈu-∅ / n-n / s-s
{0: None, 1: [0], 2: [1], 3: [2]}
{0: [0], 1: None, 2: [1], 3: [2]}
SCORE: 2.985

-------------------

/ˈuntər/ - /ˈundɛr/
ˈu-ˈu / n_t-n_d / ə-ɛ / r-r
{0: [0], 1: [1, 2], 2: [3], 3: [4]}
{0: [0], 1: [1, 2], 2: [3], 3: [4]}
SCORE: 23.952

-------------------

/ˈuːf/ - /ˈuf/
∅-ˈu / ˈuː-∅ / f-f
{0: None, 1: [0], 2: [1]}
{0: [0], 1: None, 2: [1]}
SCORE: 0.193

-------------------

/ˈuːs̻/ - /ˈɑi̯s/
ˈuː-ˈɑi̯ / s̻-s
{0: [0], 1: [1]}
{0: [0], 1: [1]}
SCORE: 15.474

-------------------

/ˈybər/ - /ˈei̯vɛr/
∅-ˈei̯ / ˈy-∅ / b-v / ə-ɛ / r-r
{0: None, 1: [0], 2: [1], 3: [2], 4: [3]}
{0: [0], 1: None, 2: [1], 3: [2], 4: [3]}
SCORE: 3.19

-------------------

/ˈyːlə/ - /ˈɑi̯w/
ˈyː-ˈɑi̯ / l-w / ə-∅
{0: [0], 1: [1], 2: [2]}
{0: [0], 1: [1], 2: None}
SCORE: 8.942

-------------------

/ˈɑlt/ - /ˈɑwd̥/
<#_ˈɑ-<#_ˈɑ / l-w / ∅-d̥ / t-∅
{0: [0], 1: [1], 2: None, 3: [2]}
{0: [0], 1: [1], 2: [2], 3: None}
SCORE: 5.561

-------------------

/ˈɑndər/ - /ˈɑndɛr/
<#_ˈɑ-<#_ˈɑ / n-n / d-d / ə-ɛ / r-r
{0: [0], 1: [1], 2: [2], 3: [3], 4: [4]}
{0: [0], 1: [1], 2: [2], 3: [3], 4: [4]}
SCORE: 29.064

-------------------

/ˈɑp͡fəl/ - /ˈɛpuw/
<#_ˈɑ-<# / p͡f-ˈɛ_p / ə-u / l-w
{0: [0], 1: [1], 2: [2], 3: [3]}
{0: None, 1: [0, 1], 2: [2], 3: [3]}
SCORE: 11.997

-------------------

/ˈɑxtə/ - /ˈɑxt/
<#_ˈɑ-<#_ˈɑ / x-x / t_ə-t
{0: [0], 1: [1], 2: [2, 3]}
{0: [0], 1: [1], 2: [2]}
SCORE: 17.292

-------------------

/ˈɑʃːə/ - /ˈɔʃ/
ˈɑ-ˈɔ / ʃː_ə_#>-ʃ_#>
{0: [0], 1: [1, 2]}
{0: [0], 1: [1]}
SCORE: 11.129

-------------------

/ˈɛrdə/ - /ˈɑd̥/
ˈɛ_r-ˈɑ / d-d̥ / ə-∅
{0: [0, 1], 1: [2], 2: [3]}
{0: [0], 1: [1], 2: None}
SCORE: 4.016

-------------------

/ˈɛs̻ːən/ - /ˈɑsa/
ˈɛ-ˈɑ / s̻ː-s / ə_n-a
{0: [0], 1: [1], 2: [2, 3]}
{0: [0], 1: [1], 2: [2]}
SCORE: 17.444
