/b̥jˈɔːu̯wa/ - /bˈiːtn̩/
[1/1] <#_b̥-<#_b / j-ˈiː / ˈɔːu̯_w-t / a_#>-n_#>

-------------------

/b̥lˈøːa/ - /blˈuːtn̩/
[1/1] <#_b̥-<#_b / l-l / ˈøː-ˈuː / ∅-t / a_#>-n_#>

-------------------

/b̥lˈɔːu̯ma/ - /blˈuːmə/
[1/1] <#_b̥-<#_b / l-l / ˈɔːu̯-ˈuː / m-m / a_#>-ə_#>

-------------------

/b̥lˈɔːu̯w/ - /blˈuːt/
[1/1] <#_b̥-<#_b / l-l / ˈɔːu̯_w-ˈuː_t

-------------------

/b̥lˈɛːa̯/ - /blˈat/
[1/1] <#_b̥-<#_b / l-l / ˈɛːa̯-ˈa / #>-t_#>

-------------------

/b̥ɹˈœst/ - /bʁˈʊst/
[1/1] <#_b̥-<#_b / ɹ-ʁ / ˈœ-ˈʊ / s_t-s_t

-------------------

/b̥ɹˈɔːu̯wɪɹ/ - /bʁˈuːdɐ/
[1/1] <#_b̥-<#_b / ɹ-ʁ / ˈɔːu̯-ˈuː / w-∅ / ɪ-d / ɹ_#>-ɐ_#>

-------------------

/b̥ɹˈɛːi̯/ - /bʁˈoːt/
[1/1] <#_b̥-<#_b / ɹ-ʁ / ˈɛːi̯-ˈoː / #>-t_#>

-------------------

/b̥ɹˈɪʤ̊ːa/ - /bʁˈaʊ̯ən/
[1/1] <#_b̥-<#_b / ɹ-ʁ / ˈɪ-ˈaʊ̯ / ʤ̊ː_a-ə / #>-n_#>

-------------------

/b̥ɹˈɪʤ̊ːa/ - /bʁˈʏkə/
[1/1] <#_b̥-<#_b / ɹ-ʁ / ˈɪ-ˈʏ / ʤ̊ː-k / a_#>-ə_#>

-------------------

/b̥ˈai̯n/ - /bˈaɪ̯n/
[1/1] <#_b̥-<#_b / ˈai̯-ˈaɪ̯ / n-∅ / #>-n_#>

-------------------

/b̥ˈeə̯ʰtɹɪ/ - /bˈɛsɐ/
[1/1] <#_b̥-<#_b / ˈeə̯-ˈɛ / ʰt-s / ɹ-ɐ / ɪ_#>-#>

-------------------

/b̥ˈeːɹ/ - /bˈeːʁə/
[1/1] <#_b̥-<#_b / ˈeː-ˈeː / ɹ-ʁ_ə

-------------------

/b̥ˈiːja/ - /bˈɪtn̩/
[1/1] <#_b̥-<#_b / ˈiː-ˈɪ / j-t / a_#>-n_#>

-------------------

/b̥ˈɔːu̯k/ - /bˈuːx/
[1/1] <#_b̥-<#_b / ˈɔːu̯-ˈuː / k-x

-------------------

/b̥ˈɔ̯aːʰtʊɹ/ - /bˈoːt/
[1/1] <#_b̥-<#_b / ˈɔ̯aː-ˈoː / ʰt-t / ʊ_ɹ_#>-#>

-------------------

/b̥ˈɛːa̯/ - /bˈaːd̥/
[1/1] <#_b̥-<#_b / ˈɛːa̯-ˈaː / #>-d̥_#>

-------------------

/b̥ˈɪnd̥a/ - /bˈɪndn̩/
[1/1] <#_b̥-<#_b / ˈɪ-ˈɪ / n-n / d̥-d / a_#>-n_#>

-------------------

/b̥ˈʊ̯iː/ - /bˈiːnə/
[1/1] <#_b̥-<#_b / ˈʊ̯iː-ˈiː / ∅-n / ∅-ə

-------------------

/b̥ˈʊ̯iː/ - /ˈɪmə/
[1/1] <#-<#_ˈɪ / b̥_ˈʊ̯iː-m_ə

-------------------

/b̥ˈʊ̯iːta/ - /bˈaɪ̯sn̩/
[1/1] <#_b̥-<#_b / ˈʊ̯iː-ˈaɪ̯ / t-s / a_#>-n_#>

-------------------

/d̥ɹˈɔːi̯ma/ - /tʰʁˈɔʏ̯mən/
[1/1] <#_d̥-<#_tʰ / ɹ-ʁ / ˈɔːi̯-ˈɔʏ̯ / m_a-m_ə / #>-n_#>

-------------------

/d̥ɹˈɛʰkːa/ - /tʰʁˈɪŋkn̩/
[1/1] <#_d̥-<#_tʰ / ɹ-ʁ / ∅-ˈɪ / ˈɛ-ŋ / ʰkː-k / a_#>-n_#>

-------------------

/d̥ɹˈɛːi̯mʊɹ/ - /tʰʁˈaʊ̯m/
[1/1] <#_d̥-<#_tʰ / ɹ-ʁ / ˈɛːi̯-ˈaʊ̯ / m-m / ʊ_ɹ_#>-#>

-------------------

/d̥ɹˈʊ̯iːva/ - /tʰʁˈaɪ̯bn̩/
[1/1] <#_d̥-<#_tʰ / ɹ-ʁ / ˈʊ̯iː-ˈaɪ̯ / v_a-b_n

-------------------

/d̥ˈai̯ʤ̊/ - /tʰˈaɪ̯ɡ̊/
[1/1] <#_d̥-<#_tʰ / ˈai̯-ˈaɪ̯ / ʤ̊-ɡ̊

-------------------

/d̥ˈœʰtːɪɹ/ - /tʰˈɔxtɐ/
[1/1] <#_d̥-<#_tʰ / ˈœ-ˈɔ / ʰtː-x_t / ɪ-∅ / ɹ_#>-ɐ_#>

-------------------

/d̥ˈɛːa̯wʊɹ/ - /tʰˈaːɡ̊/
[1/1] <#_d̥-<#_tʰ / ˈɛːa̯-ˈaː / w-ɡ̊ / ʊ_ɹ_#>-#>

-------------------

/d̥ˈɛːi̯jɪ/ - /tʰˈoːd̥/
[1/1] <#_d̥-<#_tʰ / ˈɛːi̯_j-ˈoː / ɪ_#>-d̥_#>

-------------------

/d̥ˈɛːi̯jʊɹ/ - /tʰˈoːt/
[1/1] <#_d̥-<#_tʰ / ˈɛːi̯_j-ˈoː / ʊ_ɹ_#>-t_#>

-------------------

/d̥ˈɪɡ̊v̥a/ - /tʰˈaʊ̯bə/
[1/1] <#_d̥-<#_tʰ / ˈɪ_ɡ̊_v̥-ˈaʊ̯ / ∅-b / a_#>-ə_#>

-------------------

/d̥ˈʊ̯iːɹ/ - /tʰˈiːɐ/
[1/1] <#_d̥-<#_tʰ / ˈʊ̯iː-ˈiː / ɹ_#>-ɐ_#>

-------------------

/d̥ˈʊ̯iːɹʊɹ/ - /tʰˈɔʏ̯ɐ/
[1/1] <#_d̥-<#_tʰ / ˈʊ̯iː_ɹ-ˈɔʏ̯ / ʊ-∅ / ɹ_#>-ɐ_#>

-------------------

/fjˈøːwʊɹ/ - /fˈeːdɐ/
[1/1] <#_f-<#_f / j-∅ / ˈøː-ˈeː / w-d_ɐ / ʊ_ɹ_#>-#>

-------------------

/flˈuːwʊ/ - /flˈiːɡə/
[1/1] <#_f-<#_f / l-l_ˈiː / ˈuː-∅ / w-ɡ / ʊ-ə

-------------------

/flˈʏɡ̊v̥a/ - /flˈiːɡn̩/
[1/1] <#_f-<#_f / l-l_ˈiː / ˈʏ_ɡ̊_v̥-ɡ / a_#>-n_#>

-------------------

/frˈand̥ɪ/ - /fʁˈɔʏ̯nd̥/
[1/1] <#_f-<#_f / r-ʁ / ˈa-ˈɔʏ̯ / n_d̥-n_d̥ / ɪ_#>-#>

-------------------

/fˈiːɹɪ/ - /fˈyːɐ/
[1/1] <#_f-<#_f / ˈiː-ˈyː / ɹ-ɐ / ɪ_#>-#>

-------------------

/fˈøːtʊɹ/ - /fˈyːsə/
[1/1] <#_f-<#_f / ˈøː-ˈyː / t_ʊ_ɹ-s_ə

-------------------

/fˈœl̥k/ - /fˈɔlk/
[1/1] <#_f-<#_f / ˈœ-ˈɔ / l̥-l / k-k

-------------------

/fˈɔːu̯tʊɹ/ - /fˈuːs/
[1/1] <#_f-<#_f / ˈɔːu̯-ˈuː / t-s / ʊ_ɹ_#>-#>

-------------------

/fˈɔ̯aːɹ/ - /ʃˈaːf/
[1/1] f-ʃ / ˈɔ̯aː-ˈaː / ɹ-∅ / #>-f_#>

-------------------

/fˈɛskʊɹ/ - /fʁˈɪʃ/
[1/1] <#_f-<#_f / ∅-ʁ / ˈɛ-ˈɪ / s_k-ʃ / ʊ_ɹ_#>-#>

-------------------

/fˈɛːa̯jɪɹ/ - /fˈaːtɐ/
[1/1] <#_f-<#_f / ˈɛːa̯-ˈaː / j-t / ɪ-∅ / ɹ_#>-ɐ_#>

-------------------

/fˈɪm/ - /fˈʏnf/
[1/1] <#_f-<#_f / ˈɪ-ˈʏ / m-n / #>-f_#>

-------------------

/fˈɪnːa/ - /fˈɪndn̩/
[1/1] <#_f-<#_f / ˈɪ-ˈɪ / nː-n_d / a_#>-n_#>

-------------------

/fˈɪskʊɹ/ - /fˈɪʃ/
[1/1] <#_f-<#_f / ˈɪ-ˈɪ / s_k-ʃ / ʊ_ɹ_#>-#>

-------------------

/fˈɪŋɡ̊ʊɹ/ - /fˈɪŋɐ/
[1/1] <#_f-<#_f / ˈɪ-ˈɪ / ŋ_ɡ̊-ŋ / ʊ-∅ / ɹ_#>-ɐ_#>

-------------------

/fˈɪʎʤ̊a/ - /fˈɔlɡn̩/
[1/1] <#_f-<#_f / ˈɪ-ˈɔ / ʎ-l / ʤ̊-ɡ / a_#>-n_#>

-------------------

/fˈʊtl̥ʊɹ/ - /fˈɔl/
[1/1] <#_f-<#_f / ˈʊ-ˈɔ / t_l̥-l / ʊ_ɹ_#>-#>

-------------------

/fˈʊɡ̊lʊɹ/ - /fˈoːɡl̩/
[1/1] <#_f-<#_f / ˈʊ-ˈoː / ɡ̊_l-ɡ_l / ʊ_ɹ_#>-#>

-------------------

/fˈʊ̯iːɹa/ - /fˈiːɐ/
[1/1] <#_f-<#_f / ˈʊ̯iː-ˈiː / ɹ_a-ɐ

-------------------

/fˈʊ̯iːɹʊɹ/ - /fˈɔʏ̯ɐ/
[1/1] <#_f-<#_f / ˈʊ̯iː_ɹ-ˈɔʏ̯ / ʊ-∅ / ɹ_#>-ɐ_#>

-------------------

/hˈai̯lavʊɹ/ - /hˈaɪ̯lɪç/
[1/1] <#_h-<#_h / ˈai̯-ˈaɪ̯ / l-l / a-∅ / v-ɪ / ʊ_ɹ_#>-ç_#>

-------------------

/hˈaːi̯mʊɹ/ - /hˈaɪ̯m/
[1/1] <#_h-<#_h / ˈaːi̯-ˈaɪ̯ / m-m / ʊ_ɹ_#>-#>

-------------------

/hˈaːi̯tʊɹ/ - /hˈaɪ̯s/
[1/1] <#_h-<#_h / ˈaːi̯-ˈaɪ̯ / t-s / ʊ_ɹ_#>-#>

-------------------

/hˈeːɹ/ - /hˈiːɐ/
[1/1] <#_h-<#_h / ˈeː-ˈiː / ɹ_#>-ɐ_#>

-------------------

/hˈuːnɛŋɡ̊ʊɹ/ - /hˈoːnɪç/
[1/1] <#_h-<#_h / ˈuː-ˈoː / n-n / ɛ-∅ / ŋ_ɡ̊-ɪ / ʊ_ɹ_#>-ç_#>

-------------------

/hˈøːna/ - /hˈɛnə/
[1/1] <#_h-<#_h / ˈøː-ˈɛ / n-n / a_#>-ə_#>

-------------------

/hˈœtː/ - /hˈaʊ̯pt/
[1/1] <#_h-<#_h / ˈœ-ˈaʊ̯ / tː-p / #>-t_#>

-------------------

/hˈɔlvʊr/ - /hˈalb̥/
[1/1] <#_h-<#_h / ˈɔ-ˈa / l_v-l_b̥ / ʊ-∅ / r-∅

-------------------

/hˈɔnd̥/ - /hˈand̥/
[1/1] <#_h-<#_h / ˈɔ-ˈa / n_d̥-n_d̥

-------------------

/hˈɔtn̥/ - /hˈɔɐn/
[1/1] <#_h-<#_h / ˈɔ_t-ˈɔ_ɐ / n̥-∅ / #>-n_#>

-------------------

/hˈɔːi̯ɹa/ - /hˈøːʁən/
[1/1] <#_h-<#_h / ˈɔːi̯-ˈøː / ɹ-ʁ_ə / a_#>-n_#>

-------------------

/hˈɔ̯aːvʊɹ/ - /hˈoːx/
[1/1] <#_h-<#_h / ˈɔ̯aː-ˈoː / v-x / ʊ_ɹ_#>-#>

-------------------

/hˈɔ̯aːɹ/ - /hˈaːɐ/
[1/1] <#_h-<#_h / ˈɔ̯aː-ˈaː / ɹ_#>-ɐ_#>

-------------------

/hˈɛːa̯ta/ - /hˈasn̩/
[1/1] <#_h-<#_h / ˈɛːa̯-ˈa / t-s / a_#>-n_#>

-------------------

/hˈɛːa̯va/ - /hˈaːbn̩/
[1/1] <#_h-<#_h / ˈɛːa̯-ˈaː / v_a-b_n

-------------------

/hˈɛːa̯ɹa/ - /hˈaːzə/
[1/1] <#_h-<#_h / ˈɛːa̯-ˈaː / ɹ-z / a_#>-ə_#>

-------------------

/hˈʉːu̯/ - /hˈaʊ̯t/
[1/1] <#_h-<#_h / ˈʉːu̯-ˈaʊ̯ / #>-t_#>

-------------------

/hˈʉːu̯s/ - /hˈaʊ̯s/
[1/1] <#_h-<#_h / ˈʉːu̯-ˈaʊ̯ / s_#>-s_#>

-------------------

/hˈʊnd̥ɹa/ - /hˈʊndɐt/
[1/1] <#_h-<#_h / ˈʊ-ˈʊ / n-n / d̥-d / ɹ_a-ɐ / #>-t_#>

-------------------

/hˈʊnd̥ʊɹ/ - /hˈʊnd̥/
[1/1] <#_h-<#_h / ˈʊ-ˈʊ / n_d̥-n_d̥ / ʊ_ɹ_#>-#>

-------------------

/hˈʊŋɡ̊ʊɹ/ - /hˈʊŋɐ/
[1/1] <#_h-<#_h / ˈʊ-ˈʊ / ŋ_ɡ̊-ŋ / ʊ-∅ / ɹ_#>-ɐ_#>

-------------------

/jˈaɹʈa/ - /hˈɛɐʦ/
[1/1] j-h / ˈa-ˈɛ / ɹ_ʈ-ɐ_ʦ / a-∅

-------------------

/jˈɔl̥pa/ - /hˈɛlfn̩/
[1/1] j-h / ˈɔ-ˈɛ / l̥-l / p-f / a_#>-n_#>

-------------------

/jˈɔːu̯sʊɹ/ - /lˈɪçt/
[1/1] j-l / ˈɔːu̯-ˈɪ / s-ç / ʊ_ɹ_#>-t_#>

-------------------

/kʰnˈʉːu̯ʰtʊɹ/ - /kʰnˈoːtn̩/
[1/1] <#_kʰ-<#_kʰ / n-n / ˈʉːu̯-ˈoː / ʰt_ʊ-t / ɹ-∅ / #>-n_#>

-------------------

/kʰn̥ˈɛːa̯/ - /kʰnˈiː/
[1/1] <#_kʰ-<#_kʰ / n̥-n / ˈɛːa̯-ˈiː

-------------------

/kʰvˈɛːa̯lʊɹ/ - /vˈaːl/
[1/1] <#_kʰ_v-<#_v / ˈɛːa̯-ˈaː / l-l / ʊ_ɹ_#>-#>

-------------------

/kʰvˈɛːa̯ʰt/ - /vˈas/
[1/1] <#_kʰ_v-<#_v / ˈɛːa̯-ˈa / ʰt-s

-------------------

/kʰvˈʊ̯iːtʊɹ/ - /vˈaɪ̯s/
[1/1] <#_kʰ_v-<#_v / ˈʊ̯iː-ˈaɪ̯ / t-s / ʊ_ɹ_#>-#>

-------------------

/kʰˈald̥ʊɹ/ - /kʰˈalt/
[1/1] <#_kʰ-<#_kʰ / ˈa-ˈa / l-l / d̥-∅ / ʊ_ɹ_#>-t_#>

-------------------

/kʰˈoːma/ - /kʰˈɔmən/
[1/1] <#_kʰ-<#_kʰ / ˈoː-ˈɔ / m_a-m_ə / #>-n_#>

-------------------

/kʰˈœʰtːʊɹ/ - /kʰˈaʦə/
[1/1] <#_kʰ-<#_kʰ / ˈœ-ˈa / ʰtː-ʦ / ∅-ə / ʊ_ɹ_#>-#>

-------------------

/kʰˈɔlvʊɹ/ - /kʰˈalb̥/
[1/1] <#_kʰ-<#_kʰ / ˈɔ-ˈa / l_v-l_b̥ / ʊ_ɹ_#>-#>

-------------------

/kʰˈɔtn̥/ - /kʰˈɔɐn/
[1/1] <#_kʰ-<#_kʰ / ˈɔ_t-ˈɔ_ɐ / n̥-∅ / #>-n_#>

-------------------

/kʰˈɔŋɡ̊ʊɹ/ - /kʰˈøːnɪç/
[1/1] <#_kʰ-<#_kʰ / ∅-ˈøː / ˈɔ-n / ŋ_ɡ̊-ɪ / ʊ_ɹ_#>-ç_#>

-------------------

/kʰˈɪɡ̊v̥/ - /kʰˈuː/
[1/1] <#_kʰ-<#_kʰ / ˈɪ-∅ / ɡ̊-∅ / v̥-ˈuː

-------------------

/kʰˈʊnːa/ - /kʰˈœnən/
[1/1] <#_kʰ-<#_kʰ / ˈʊ-ˈœ / nː-n_ə / a_#>-n_#>

-------------------

/ljˈʉːu̯vʊɹ/ - /lˈiːb̥/
[1/1] <#_l-<#_l / j-ˈiː / ˈʉːu̯-∅ / v-b̥ / ʊ_ɹ_#>-#>

-------------------

/lˈamb̥/ - /lˈam/
[1/1] <#_l-<#_l / ˈa-ˈa / m-m / b̥-∅

-------------------

/lˈand̥/ - /lˈand̥/
[1/1] <#_l-<#_l / ˈa-ˈa / n_d̥-n_d̥

-------------------

/lˈaʰtːʊɹ/ - /lˈaɪ̯çt/
[1/1] <#_l-<#_l / ˈa-ˈaɪ̯ / ʰtː-ç / ʊ_ɹ_#>-t_#>

-------------------

/lˈiːvʊɹ/ - /lˈeːbɐ/
[1/1] <#_l-<#_l / ˈiː-ˈeː / v_ʊ_ɹ-b_ɐ

-------------------

/lˈɛŋɡ̊ʊɹ/ - /lˈaŋ/
[1/1] <#_l-<#_l / ˈɛ-ˈa / ŋ_ɡ̊-ŋ / ʊ_ɹ_#>-#>

-------------------

/lˈɛːa̯a/ - /lˈaxn̩/
[1/1] <#_l-<#_l / ˈɛːa̯-ˈa / ∅-x / a_#>-n_#>

-------------------

/lˈɛːi̯pa/ - /lˈaʊ̯fn̩/
[1/1] <#_l-<#_l / ˈɛːi̯-ˈaʊ̯ / p-f / a_#>-n_#>

-------------------

/lˈɛːi̯v/ - /lˈaʊ̯b̥/
[1/1] <#_l-<#_l / ˈɛːi̯-ˈaʊ̯ / v-b̥

-------------------

/lˈɪɡ̊v̥a/ - /lˈyːɡn̩/
[1/1] <#_l-<#_l / ˈɪ-ˈyː / ɡ̊_v̥-ɡ / a_#>-n_#>

-------------------

/lˈɪʤ̊ːa/ - /lˈiːɡn̩/
[1/1] <#_l-<#_l / ˈɪ-ˈiː / ʤ̊ː-ɡ / a_#>-n_#>

-------------------

/lˈʉːu̯s/ - /lˈaʊ̯s/
[1/1] <#_l-<#_l / ˈʉːu̯-ˈaʊ̯ / s_#>-s_#>

-------------------

/mjˈœl̥k/ - /mˈɪlç/
[1/1] <#_m-<#_m / j-ˈɪ / ˈœ_l̥-l / k-ç

-------------------

/mˈeː/ - /mˈɪç/
[1/1] <#_m-<#_m / ˈeː-ˈɪ / ∅-ç

-------------------

/mˈɔʰtːʊɹ/ - /mˈaxt/
[1/1] <#_m-<#_m / ˈɔ-ˈa / ʰtː-x_t / ʊ_ɹ_#>-#>

-------------------

/mˈɔːu̯wɪɹ/ - /mˈʊtɐ/
[1/1] <#_m-<#_m / ∅-ˈʊ / ˈɔːu̯_w-t / ɪ-∅ / ɹ_#>-ɐ_#>

-------------------

/mˈɔ̯aːnavʊɹ/ - /mˈoːnat/
[1/1] <#_m-<#_m / ˈɔ̯aː-ˈoː / n_a-n / v-a / ʊ_ɹ_#>-t_#>

-------------------

/mˈɔ̯aːnɪ/ - /mˈoːnd̥/
[1/1] <#_m-<#_m / ˈɔ̯aː-ˈoː / n-n / ɪ_#>-d̥_#>

-------------------

/mˈɛnː/ - /mˈɛnɐ/
[1/1] <#_m-<#_m / ˈɛ-ˈɛ / nː-n / ∅-ɐ

-------------------

/mˈɛnːɪʃa/ - /mˈɛnʃ/
[1/1] <#_m-<#_m / ˈɛ-ˈɛ / nː-n / ɪ-∅ / ʃ-∅ / a-ʃ

-------------------

/mˈɛːa̯vʊɹ/ - /mˈan/
[1/1] <#_m-<#_m / ˈɛːa̯-ˈa / v-n / ʊ_ɹ_#>-#>

-------------------

/mˈɛːa̯ɹ/ - /mˈiːɐ/
[1/1] <#_m-<#_m / ˈɛːa̯_ɹ-ˈiː_ɐ

-------------------

/mˈɛːa̯ɹʊɹ/ - /mˈeːɐ/
[1/1] <#_m-<#_m / ˈɛːa̯-ˈeː / ɹ-ɐ / ʊ_ɹ_#>-#>

-------------------

/mˈʉːu̯s/ - /mˈaʊ̯s/
[1/1] <#_m-<#_m / ˈʉːu̯-ˈaʊ̯ / s_#>-s_#>

-------------------

/mˈʊnː/ - /mˈaʊ̯l/
[1/1] <#_m-<#_m / ˈʊ-ˈaʊ̯ / nː-l

-------------------

/mˈʊnː/ - /mˈʊnd̥/
[1/1] <#_m-<#_m / ˈʊ-ˈʊ / nː-n / #>-d̥_#>

-------------------

/mˈʊ̯iːs/ - /mˈɔʏ̯zə/
[1/1] <#_m-<#_m / ˈʊ̯iː-ˈɔʏ̯ / s_#>-z_ə_#>

-------------------

/nˈastʊɹ/ - /nˈɛːçstə/
[1/1] <#_n-<#_n / ∅-ˈɛː / ˈa-ç / s_t-s_t / ∅-ə / ʊ_ɹ_#>-#>

-------------------

/nˈawn/ - /nˈaːmə/
[1/1] <#_n-<#_n / ˈa-ˈaː / w-m / n_#>-ə_#>

-------------------

/nˈaɡ̊l/ - /nˈaːɡl̩/
[1/1] <#_n-<#_n / ˈa-ˈaː / ɡ̊_l-ɡ_l

-------------------

/nˈoːɹʊɹ/ - /nˈɔɐd̥/
[1/1] <#_n-<#_n / ˈoː-ˈɔ / ɹ_ʊ-ɐ / ɹ-∅ / #>-d̥_#>

-------------------

/nˈøːs/ - /nˈaːzə/
[1/1] <#_n-<#_n / ˈøː-ˈaː / s_#>-z_ə_#>

-------------------

/nˈøːʰt/ - /nˈʊs/
[1/1] <#_n-<#_n / ˈøː-ˈʊ / ʰt-s

-------------------

/nˈɔʰtː/ - /nˈaxt/
[1/1] <#_n-<#_n / ˈɔ-ˈa / ʰtː-x_t

-------------------

/nˈɔ̯aːl/ - /nˈaːdl̩/
[1/1] <#_n-<#_n / ˈɔ̯aː-ˈaː / ∅-d / l-l

-------------------

/nˈɛːa̯ʰʧɪn/ - /nˈakt/
[1/1] <#_n-<#_n / ˈɛːa̯-ˈa / ʰʧ-∅ / ɪ-∅ / n-k / #>-t_#>

-------------------

/nˈʊʤ̊ːʊɹ/ - /nˈɔʏ̯/
[1/1] <#_n-<#_n / ˈʊ-∅ / ʤ̊ː-ˈɔʏ̯ / ʊ_ɹ_#>-#>

-------------------

/nˈʊʧːʊ/ - /nˈɔʏ̯n/
[1/1] <#_n-<#_n / ˈʊ-∅ / ʧː-∅ / ʊ-ˈɔʏ̯ / #>-n_#>

-------------------

/skˈaɹpʊɹ/ - /ʃˈaɐf/
[1/1] <#_s-<#_ʃ / k-∅ / ˈa_ɹ-ˈa_ɐ / p-f / ʊ_ɹ_#>-#>

-------------------

/slˈaŋɡ̊a/ - /ʃlˈaŋə/
[1/1] <#_s-<#_ʃ / l-l / ˈa-ˈa / ŋ_ɡ̊-ŋ / a_#>-ə_#>

-------------------

/slˈɔ̯aːa/ - /ʃlˈaːɡn̩/
[1/1] <#_s-<#_ʃ / l-l / ˈɔ̯aː-ˈaː / ∅-ɡ / a_#>-n_#>

-------------------

/stˈaːi̯nʊɹ/ - /ʃtˈaɪ̯n/
[1/1] <#_s-<#_ʃ / t-t / ˈaːi̯-ˈaɪ̯ / n-n / ʊ_ɹ_#>-#>

-------------------

/stˈœlʊɹ/ - /ʃtˈuːl/
[1/1] <#_s-<#_ʃ / t-t / ˈœ-ˈuː / l-l / ʊ_ɹ_#>-#>

-------------------

/stˈɔɹmʊɹ/ - /ʃtˈʊɐm/
[1/1] <#_s-<#_ʃ / t-t / ˈɔ-ˈʊ / ɹ_m-ɐ_m / ʊ_ɹ_#>-#>

-------------------

/svˈai̯ʰtːɪ/ - /ʃvˈaɪ̯s/
[1/1] <#_s-<#_ʃ / v-v / ˈai̯-ˈaɪ̯ / ʰtː-s / ɪ_#>-#>

-------------------

/svˈaɹʈʊɹ/ - /ʃvˈaɐʦ/
[1/1] <#_s-<#_ʃ / v-v / ˈa-ˈa / ɹ_ʈ-ɐ_ʦ / ʊ_ɹ_#>-#>

-------------------

/svˈøːɹ/ - /ʃvˈeːɐt/
[1/1] <#_s-<#_ʃ / v-v / ˈøː-ˈeː / ɹ-ɐ / #>-t_#>

-------------------

/svˈɪmja/ - /ʃvˈɪmən/
[1/1] <#_s-<#_ʃ / v-v / ˈɪ-ˈɪ / m-m / j_a-ə / #>-n_#>

-------------------

/svˈʊ̯iːn/ - /ʃvˈaɪ̯n/
[1/1] <#_s-<#_ʃ / v-v / ˈʊ̯iː_n_#>-ˈaɪ̯_n_#>

-------------------

/sˈal̥t/ - /zˈalʦ/
[1/1] <#_s-<#_z / ˈa-ˈa / l̥-l / t-ʦ

-------------------

/sˈand̥ʊɹ/ - /zˈand̥/
[1/1] <#_s-<#_z / ˈa-ˈa / n_d̥-n_d̥ / ʊ_ɹ_#>-#>

-------------------

/sˈiːja/ - /zˈaːɡn̩/
[1/1] <#_s-<#_z / ˈiː-ˈaː / j-ɡ / a_#>-n_#>

-------------------

/sˈiːta/ - /zˈɪʦn̩/
[1/1] <#_s-<#_z / ˈiː-ˈɪ / t-ʦ / a_#>-n_#>

-------------------

/sˈoːva/ - /ʃlˈaːfn̩/
[1/1] <#_s-<#_ʃ / ∅-l / ˈoː-ˈaː / v-f / a_#>-n_#>

-------------------

/sˈøːtʊɹ/ - /zˈyːs/
[1/1] <#_s-<#_z / ˈøː-ˈyː / t-s / ʊ_ɹ_#>-#>

-------------------

/sˈøːʧɑ/ - /zˈuːxn̩/
[1/1] <#_s-<#_z / ˈøː-ˈuː / ʧ-∅ / ɑ-x / #>-n_#>

-------------------

/sˈɔnʊɹ/ - /zˈoːn/
[1/1] <#_s-<#_z / ˈɔ-ˈoː / n-n / ʊ_ɹ_#>-#>

-------------------

/sˈɔ̯aːl/ - /zˈeːlə/
[1/1] <#_s-<#_z / ˈɔ̯aː-ˈeː / l-l / ∅-ə

-------------------

/sˈɛks/ - /zˈɛks/
[1/1] <#_s-<#_z / ˈɛ-ˈɛ / k-k / s_#>-s_#>

-------------------

/sˈɪstɪɹ/ - /ʃvˈɛstɐ/
[1/1] <#_s-<#_ʃ / ∅-v / ˈɪ-ˈɛ / s_t-s_t / ɪ-∅ / ɹ_#>-ɐ_#>

-------------------

/sˈɪɡ̊v̥/ - /zˈaʊ̯/
[1/1] <#_s-<#_z / ˈɪ_ɡ̊_v̥-ˈaʊ̯

-------------------

/sˈɪɲʤ̊a/ - /zˈɪŋən/
[1/1] <#_s-<#_z / ˈɪ-ˈɪ / ɲ-ŋ / ʤ̊-ə / a_#>-n_#>

-------------------

/sˈʉːu̯ɹʊɹ/ - /zˈaʊ̯ɐ/
[1/1] <#_s-<#_z / ˈʉːu̯-ˈaʊ̯ / ɹ-ɐ / ʊ_ɹ_#>-#>

-------------------

/sˈʊmːaɹ/ - /zˈɔmɐ/
[1/1] <#_s-<#_z / ˈʊ-ˈɔ / mː-∅ / a-m / ɹ_#>-ɐ_#>

-------------------

/sˈʊʤ̊ːa/ - /zˈeːən/
[1/1] <#_s-<#_z / ˈʊ_ʤ̊ː-ˈeː / ∅-ə / a_#>-n_#>

-------------------

/sˈʊ̯iːja/ - /zˈaɪ̯tə/
[1/1] <#_s-<#_z / ˈʊ̯iː-ˈaɪ̯ / j-t / a_#>-ə_#>

-------------------

/sˈʏɡ̊v̥a/ - /zˈaʊ̯ɡn̩/
[1/1] <#_s-<#_z / ˈʏ-ˈaʊ̯ / ɡ̊_v̥-ɡ / a_#>-n_#>

-------------------

/tʰvˈɛːi̯/ - /ʦvˈaɪ̯/
[1/1] <#_tʰ-<#_ʦ / v-v / ˈɛːi̯-ˈaɪ̯

-------------------

/tʰɹˈɛʰtːan/ - /dʁˈaɪ̯ʦeːn/
[1/1] <#_tʰ-<#_d / ɹ-ʁ / ˈɛ-ˈaɪ̯ / ʰtː-ʦ / a-∅ / n-eː / #>-n_#>

-------------------

/tʰɹˈɪʰʧːa/ - /dʁˈʏkn̩/
[1/1] <#_tʰ-<#_d / ɹ-ʁ / ˈɪ-ˈʏ / ʰʧː-k / a_#>-n_#>

-------------------

/tʰɹˈʊ̯iː/ - /dʁˈaɪ̯/
[1/1] <#_tʰ-<#_d / ɹ-ʁ / ˈʊ̯iː-ˈaɪ̯

-------------------

/tʰˈaʰkːa/ - /dˈaŋkn̩/
[1/1] <#_tʰ-<#_d / ˈa-ˈa / ∅-ŋ / ʰkː-k / a_#>-n_#>

-------------------

/tʰˈœlv/ - /ʦvˈœlf/
[1/1] <#_tʰ-<#_ʦ / ∅-v / ˈœ-ˈœ / l-l / v-∅ / #>-f_#>

-------------------

/tʰˈɔnː/ - /ʦˈaːn/
[1/1] <#_tʰ-<#_ʦ / ˈɔ-∅ / nː-ˈaː / #>-n_#>

-------------------

/tʰˈɔstɪ/ - /dˈʊɐst/
[1/1] <#_tʰ-<#_d / ˈɔ-ˈʊ / ∅-ɐ / s_t-s_t / ɪ_#>-#>

-------------------

/tʰˈɔ̯aː/ - /ʦˈeː/
[1/1] <#_tʰ-<#_ʦ / ˈɔ̯aː-ˈeː

-------------------

/tʰˈɔ̯aːɹ/ - /ʦˈɛːʁə/
[1/1] <#_tʰ-<#_ʦ / ˈɔ̯aː-ˈɛː / ɹ-ʁ_ə

-------------------

/tʰˈɛʰkn/ - /ʦˈaɪ̯çn̩/
[1/1] <#_tʰ-<#_ʦ / ˈɛ-∅ / ʰk-ˈaɪ̯ / n-ç / #>-n_#>

-------------------

/tʰˈɛːa̯ɹ/ - /ˈiːɐ/
[1/1] tʰ_<#-<# / ˈɛːa̯_ɹ-ˈiː_ɐ

-------------------

/tʰˈɪŋ/ - /dˈɪŋ/
[1/1] <#_tʰ-<#_d / ˈɪ-ˈɪ / ŋ-ŋ

-------------------

/tʰˈʉːu̯/ - /dˈuː/
[1/1] <#_tʰ-<#_d / ˈʉːu̯-ˈuː

-------------------

/tʰˈʉːu̯sɪn/ - /tʰˈaʊ̯zn̩d̥/
[1/1] tʰ-tʰ / ˈʉːu̯-ˈaʊ̯ / s-z / ɪ-∅ / n-n / #>-d̥_#>

-------------------

/tʰˈʊmːɪ/ - /dˈaʊ̯mən/
[1/1] <#_tʰ-<#_d / ˈʊ-ˈaʊ̯ / mː-m / ɪ-ə / #>-n_#>

-------------------

/tʰˈʊnːʊɹ/ - /dˈʏn/
[1/1] <#_tʰ-<#_d / ˈʊ-ˈʏ / nː-n / ʊ_ɹ_#>-#>

-------------------

/tʰˈʊŋɡ̊a/ - /ʦˈʊŋə/
[1/1] <#_tʰ-<#_ʦ / ˈʊ-ˈʊ / ŋ_ɡ̊-ŋ / a_#>-ə_#>

-------------------

/tʰˈʊɹːʊɹ/ - /dˈʏɐ/
[1/1] <#_tʰ-<#_d / ˈʊ-ˈʏ / ɹː-ɐ / ʊ_ɹ_#>-#>

-------------------

/tʰˈʊɹːʊɹ/ - /tʰʁˈɔkn̩/
[1/1] tʰ-tʰ / ∅-ʁ / ˈʊ-ˈɔ / ∅-k / ɹː-n / ʊ_ɹ_#>-#>

-------------------

/tʰˈʊʤ̊ːʊ/ - /ʦˈeːn/
[1/1] <#_tʰ-<#_ʦ / ˈʊ_ʤ̊ː-ˈeː / ʊ-∅ / #>-n_#>

-------------------

/tʰˈʊ̯iː/ - /ʦˈaɪ̯t/
[1/1] <#_tʰ-<#_ʦ / ˈʊ̯iː-ˈaɪ̯ / #>-t_#>

-------------------

/vˈai̯kʊɹ/ - /vˈaɪ̯ç/
[1/1] <#_v-<#_v / ˈai̯-ˈaɪ̯ / k-ç / ʊ_ɹ_#>-#>

-------------------

/vˈaɹmʊɹ/ - /vˈaɐm/
[1/1] <#_v-<#_v / ˈa-ˈa / ɹ_m-ɐ_m / ʊ_ɹ_#>-#>

-------------------

/vˈaʰtn̥/ - /vˈasɐ/
[1/1] <#_v-<#_v / ˈa-ˈa / ʰt-s / n̥-ɐ

-------------------

/vˈeːvʊɹ/ - /vˈeːɡ̊/
[1/1] <#_v-<#_v / ˈeː-ˈeː / v-ɡ̊ / ʊ_ɹ_#>-#>

-------------------

/vˈeːvʊɹ/ - /vˈɛtɐ/
[1/1] <#_v-<#_v / ˈeː-∅ / v-ˈɛ / ʊ-t / ɹ_#>-ɐ_#>

-------------------

/vˈeːʰtʊr/ - /vˈɪntɐ/
[1/1] <#_v-<#_v / ˈeː-ˈɪ / ∅-n / ʰt_ʊ-t / r-ɐ

-------------------

/vˈiːka/ - /vˈɔxə/
[1/1] <#_v-<#_v / ˈiː-ˈɔ / k-x / a_#>-ə_#>

-------------------

/vˈiːta/ - /vˈɪsn̩/
[1/1] <#_v-<#_v / ˈiː-ˈɪ / t-s / a_#>-n_#>

-------------------

/vˈɔʰpn̩/ - /vˈafə/
[1/1] <#_v-<#_v / ˈɔ-ˈa / ʰp-f / n_#>-ə_#>

-------------------

/vˈɛːa̯ɹ/ - /vˈiːɐ/
[1/1] <#_v-<#_v / ˈɛːa̯_ɹ-ˈiː_ɐ

-------------------

/vˈɪnd̥ʊɹ/ - /vˈɪnd̥/
[1/1] <#_v-<#_v / ˈɪ-ˈɪ / n_d̥-n_d̥ / ʊ_ɹ_#>-#>

-------------------

/vˈɪtl̥ʊɹ/ - /vˈɪld̥/
[1/1] <#_v-<#_v / ˈɪ-ˈɪ / t_l̥-l_d̥ / ʊ_ɹ_#>-#>

-------------------

/vˈʊ̯iːn/ - /vˈaɪ̯n/
[1/1] <#_v-<#_v / ˈʊ̯iː_n_#>-ˈaɪ̯_n_#>

-------------------

/ɡ̊ɹˈøːnʊɹ/ - /ɡʁˈyːn/
[1/1] <#_ɡ̊-<#_ɡ / ɹ-ʁ / ˈøː-ˈyː / n-n / ʊ_ɹ_#>-#>

-------------------

/ɡ̊ɹˈɛːa̯s/ - /ɡʁˈaːs/
[1/1] <#_ɡ̊-<#_ɡ / ɹ-ʁ / ˈɛːa̯-ˈaː / s_#>-s_#>

-------------------

/ɡ̊ˈatn̥/ - /ɡˈaɐn/
[1/1] <#_ɡ̊-<#_ɡ / ˈa-ˈa / t-∅ / n̥-ɐ / #>-n_#>

-------------------

/ɡ̊ˈaːi̯t/ - /ɡˈaɪ̯s/
[1/1] <#_ɡ̊-<#_ɡ / ˈaːi̯-ˈaɪ̯ / t_#>-s_#>

-------------------

/ɡ̊ˈuːlʊɹ/ - /ɡˈɛlb̥/
[1/1] <#_ɡ̊-<#_ɡ / ˈuː-ˈɛ / l-l / ∅-b̥ / ʊ_ɹ_#>-#>

-------------------

/ɡ̊ˈuːt/ - /ɡˈɔt/
[1/1] <#_ɡ̊-<#_ɡ / ˈuː-ˈɔ / t-t

-------------------

/ɡ̊ˈɔːu̯wʊɹ/ - /ɡˈuːt/
[1/1] <#_ɡ̊-<#_ɡ / ˈɔːu̯_w-ˈuː_t / ʊ_ɹ_#>-#>

-------------------

/ɡ̊ˈɔ̯aːs/ - /ɡˈans/
[1/1] <#_ɡ̊-<#_ɡ / ∅-ˈa / ˈɔ̯aː-n / s_#>-s_#>

-------------------

/ɡ̊ˈɛŋɡ̊a/ - /ɡˈeːən/
[1/1] <#_ɡ̊-<#_ɡ / ˈɛ-∅ / ŋ-ˈeː / ɡ̊-ə / a_#>-n_#>

-------------------

/ɡ̊ˈʊtl̥/ - /ɡˈɔld̥/
[1/1] <#_ɡ̊-<#_ɡ / ˈʊ-ˈɔ / t_l̥-l / #>-d̥_#>

-------------------

/ɹˈɔsː/ - /ʁˈɔs/
[1/1] <#_ɹ-<#_ʁ / ˈɔ-ˈɔ / sː-s

-------------------

/ɹˈɔːi̯kʊɹ/ - /ʁˈaʊ̯x/
[1/1] <#_ɹ-<#_ʁ / ˈɔːi̯-ˈaʊ̯ / k-x / ʊ_ɹ_#>-#>

-------------------

/ɹˈɛɡ̊n̥/ - /ʁˈeːɡn̩/
[1/1] <#_ɹ-<#_ʁ / ˈɛ-∅ / ɡ̊-ˈeː / n̥-ɡ / #>-n_#>

-------------------

/ɹˈɛːa̯ʰtːʊɹ/ - /ʁˈɛçt/
[1/1] <#_ɹ-<#_ʁ / ˈɛːa̯-ˈɛ / ʰtː-ç / ʊ_ɹ_#>-t_#>

-------------------

/ɹˈɛːi̯jʊɹ/ - /ʁˈoːt/
[1/1] <#_ɹ-<#_ʁ / ˈɛːi̯_j-ˈoː / ʊ_ɹ_#>-t_#>

-------------------

/ɹˈɪŋɡ̊ʊɹ/ - /ʁˈɪŋ/
[1/1] <#_ɹ-<#_ʁ / ˈɪ-ˈɪ / ŋ_ɡ̊-ŋ / ʊ_ɹ_#>-#>

-------------------

/ɹˈɪɡ̊ːʊɹ/ - /ʁˈʏkn̩/
[1/1] <#_ɹ-<#_ʁ / ˈɪ-ˈʏ_k / ɡ̊ː-n / ʊ_ɹ_#>-#>

-------------------

/ɹˈʊ̯iːkʊɹ/ - /ʁˈaɪ̯ç/
[1/1] <#_ɹ-<#_ʁ / ˈʊ̯iː-ˈaɪ̯ / k-ç / ʊ_ɹ_#>-#>

-------------------

/ʃtjˈœtna/ - /ʃtˈɛɐn/
[1/1] <#_ʃ-<#_ʃ / t-t / j-∅ / ˈœ-∅ / t-ˈɛ / n-ɐ / a_#>-n_#>

-------------------

/ʃˈiːp/ - /ʃˈɪf/
[1/1] <#_ʃ-<#_ʃ / ˈiː-ˈɪ / p-∅ / #>-f_#>

-------------------

/ʃˈœld̥ʊɹ/ - /ʃˈɪld̥/
[1/1] <#_ʃ-<#_ʃ / ˈœ-ˈɪ / l-l / d̥-d̥ / ʊ_ɹ_#>-#>

-------------------

/ʃˈɔlvʊɹ/ - /zˈɛlbɐ/
[1/1] ʃ-z / ˈɔ-ˈɛ / l-l / v_ʊ_ɹ-b_ɐ

-------------------

/ʃˈɔːu̯ta/ - /ʃˈiːsn̩/
[1/1] <#_ʃ-<#_ʃ / ˈɔːu̯-ˈiː / t-s / a_#>-n_#>

-------------------

/ʃˈʉːu̯kʊɹ/ - /zˈiːç/
[1/1] ʃ-z / ˈʉːu̯-ˈiː / k-ç / ʊ_ɹ_#>-#>

-------------------

/ʃˈʊ̯iːtʊɹ/ - /ʃˈaɪ̯sə/
[1/1] <#_ʃ-<#_ʃ / ˈʊ̯iː-ˈaɪ̯ / t_ʊ_ɹ-s_ə

-------------------

/ʤ̊ˈeːva/ - /ɡˈeːbn̩/
[1/1] <#-<#_ɡ / ʤ̊-∅ / ˈeː-ˈeː / v_a-b_n

-------------------

/ʧʰˈɛnːa/ - /kʰˈɛnən/
[1/1] ʧʰ-kʰ / ˈɛ-ˈɛ / nː-n_ə / a_#>-n_#>

-------------------

/ʧʰˈɪɹʧa/ - /kʰˈɪɐçə/
[1/1] ʧʰ-kʰ / ˈɪ-ˈɪ / ɹ-ɐ / ʧ-ç / a_#>-ə_#>

-------------------

/ʧˈɛstʊɹ/ - /ɡˈast/
[1/1] <#-<#_ɡ / ʧ-∅ / ˈɛ-ˈa / s_t-s_t / ʊ_ɹ_#>-#>

-------------------

/ˈai̯k/ - /ˈaɪ̯çə/
[1/1] <#_ˈai̯-<#_ˈaɪ̯ / k-ç / ∅-ə

-------------------

/ˈai̯n/ - /ˈaɪ̯n/
[1/1] <#_ˈai̯-<#_ˈaɪ̯ / n-∅ / #>-n_#>

-------------------

/ˈanːaɹ/ - /ˈandəʁɐ/
[1/1] <#_ˈa-<#_ˈa / nː_a-n_d / ∅-ə / ∅-ʁ / ɹ_#>-ɐ_#>

-------------------

/ˈatl̥ʊɹ/ - /ˈal/
[1/1] <#_ˈa-<#_ˈa / t_l̥-l / ʊ_ɹ_#>-#>

-------------------

/ˈaɹmʊɹ/ - /ˈaɐm/
[1/1] <#_ˈa-<#_ˈa / ɹ_m-ɐ_m / ʊ_ɹ_#>-#>

-------------------

/ˈeː/ - /ˈɪç/
[1/1] <#-<#_ˈɪ / ˈeː_#>-ç_#>

-------------------

/ˈeːʰta/ - /ˈɛsn̩/
[1/1] ˈeː-ˈɛ / ʰt-s / a_#>-n_#>

-------------------

/ˈiːvɪɹ/ - /ˈyːbɐ/
[1/1] ˈiː-ˈyː / v-∅ / ɪ-b / ɹ_#>-ɐ_#>

-------------------

/ˈoːɹ/ - /vˈɔɐt/
[1/1] <#-<#_v / ˈoː_ɹ-ˈɔ_ɐ / #>-t_#>

-------------------

/ˈœska/ - /ˈaʃə/
[1/1] ˈœ-ˈa / s_k-ʃ / a_#>-ə_#>

-------------------

/ˈɔɹmʊɹ/ - /vˈʊɐm/
[1/1] <#-<#_v / ˈɔ-ˈʊ / ɹ_m-ɐ_m / ʊ_ɹ_#>-#>

-------------------

/ˈɔʰtːa/ - /ˈaxt/
[1/1] ˈɔ-ˈa / ʰtː-x_t / a-∅

-------------------

/ˈɔːi̯ɹa/ - /ˈoːɐ/
[1/1] ˈɔːi̯-ˈoː / ɹ_a-ɐ

-------------------

/ˈɔ̯aːtl̥ʊɹ/ - /ˈaːl/
[1/1] ˈɔ̯aː-ˈaː / t_l̥-l / ʊ_ɹ_#>-#>

-------------------

/ˈɔ̯aːɹ/ - /jˈaːɐ/
[1/1] <#-<#_j / ˈɔ̯aː-ˈaː / ɹ_#>-ɐ_#>

-------------------

/ˈɛtl̥ɪvʊ/ - /ˈɛlf/
[1/1] <#_ˈɛ-<#_ˈɛ / t_l̥-l / ɪ-∅ / v-∅ / ʊ-∅ / #>-f_#>

-------------------

/ˈɛɡ̊ː/ - /ˈɛkə/
[1/1] <#_ˈɛ-<#_ˈɛ / ɡ̊ː-k_ə

-------------------

/ˈɛːa̯ʰpa/ - /ˈafə/
[1/1] ˈɛːa̯-ˈa / ʰp-f / a_#>-ə_#>

-------------------

/ˈɛːi̯ja/ - /ˈaʊ̯ɡə/
[1/1] ˈɛːi̯-ˈaʊ̯ / j-ɡ / a_#>-ə_#>

-------------------

/ˈɪnʃa/ - /vˈʏnʃn̩/
[1/1] <#-<#_v / ˈɪ-ˈʏ / n-n / ʃ-ʃ / a_#>-n_#>

-------------------

/ˈʉːu̯t/ - /ˈaʊ̯s/
[1/1] ˈʉːu̯-ˈaʊ̯ / t_#>-s_#>

-------------------

/ˈʊnd̥ɪɹ/ - /ˈʊntɐ/
[1/1] ˈʊ-ˈʊ / n-n / d̥_ɪ-t / ɹ_#>-ɐ_#>

-------------------

/ˈʊnd̥ʊɹ/ - /vˈʊndɐ/
[1/1] <#-<#_v / ˈʊ-ˈʊ / n-n / d̥-d / ʊ-∅ / ɹ_#>-ɐ_#>

-------------------

/ˈʊtl̥/ - /vˈɔlə/
[1/1] <#-<#_v / ˈʊ-ˈɔ / t_l̥-l / ∅-ə

-------------------

/ˈʊŋɡ̊ʊɹ/ - /jˈʊŋ/
[1/1] <#-<#_j / ˈʊ-ˈʊ / ŋ_ɡ̊-ŋ / ʊ_ɹ_#>-#>

-------------------

/ˈʊɡ̊la/ - /ˈɔʏ̯lə/
[1/1] ˈʊ_<#-<# / ɡ̊-ˈɔʏ̯ / l-l / a_#>-ə_#>

-------------------

/ˈʊ̯iː/ - /ˈɪn/
[1/1] <#-<#_ˈɪ / ˈʊ̯iː-∅ / #>-n_#>

-------------------

/ˈʊ̯iːsʊɹ/ - /ˈaɪ̯s/
[1/1] ˈʊ̯iː-ˈaɪ̯ / s-s / ʊ_ɹ_#>-#>

-------------------

/ˈʏlvʊɹ/ - /vˈɔlf/
[1/1] <#-<#_v / ˈʏ-ˈɔ / l-l / v-f / ʊ_ɹ_#>-#>

-------------------

