/abˈejɔ/ - /əvjˈewl/
<#_a-<#_ə / b-v / ∅-j / ˈe-ˈe / ∅-w / j-∅ / ɔ-∅ / #>-l_#>
{0: [0], 1: [1], 2: None, 3: [2], 4: None, 5: [3], 6: [4], 7: None}
{0: [0], 1: [1], 2: [2], 3: [3], 4: [4], 5: None, 6: None, 7: [5]}
SCORE: -1.548

-------------------

/anˈɛw/ - /ənˈɛː/
<#_a-<#_ə / n-n / ˈɛ-ˈɛː / w_#>-#>
{0: [0], 1: [1], 2: [2], 3: [3]}
{0: [0], 1: [1], 2: [2], 3: None}
SCORE: 18.632

-------------------

/awɾˈejɔ/ - /urˈeːʎə/
<#_a-<# / ∅-u / w-∅ / ɾ-r / ˈe-ˈeː / j-ʎ / ɔ-ə
{0: [0], 1: None, 2: [1], 3: [2], 4: [3], 5: [4], 6: [5]}
{0: None, 1: [0], 2: None, 3: [1], 4: [2], 5: [3], 6: [4]}
SCORE: 5.671

-------------------

/aɲˈɛw/ - /əɲˈɛː/
<#_a-<#_ə / ɲ-ɲ / ˈɛ-ˈɛː / w_#>-#>
{0: [0], 1: [1], 2: [2], 3: [3]}
{0: [0], 1: [1], 2: [2], 3: None}
SCORE: 21.758

-------------------

/aɾˈaɲɔ/ - /ərˈɔɲ/
<#_a-<#_ə / ɾ_ˈa-r / ∅-ˈɔ / ɲ-ɲ / ɔ_#>-#>
{0: [0], 1: [1, 2], 2: None, 3: [3], 4: [4]}
{0: [0], 1: [1], 2: [2], 3: [3], 4: None}
SCORE: 11.34

-------------------

/aʤydˈa/ - /ʥidˈar/
<#_a-<# / ʤ-ʥ / ∅-i / y-∅ / d-d / ˈa-ˈa / #>-r_#>
{0: [0], 1: [1], 2: None, 3: [2], 4: [3], 5: [4], 6: None}
{0: None, 1: [0], 2: [1], 3: None, 4: [2], 5: [3], 6: [4]}
SCORE: 4.94

-------------------

/bwˈenej/ - /bˈuːnəs/
b-b / w-∅ / ˈe-ˈuː / n-n / e-ə / j_#>-s_#>
{0: [0], 1: [1], 2: [2], 3: [3], 4: [4], 5: [5]}
{0: [0], 1: None, 2: [1], 3: [2], 4: [3], 5: [4]}
SCORE: 10.617

-------------------

/bwˈenɔ/ - /bˈuːnə/
b-b / w-∅ / ˈe-ˈuː / n-n / ɔ-ə
{0: [0], 1: [1], 2: [2], 3: [3], 4: [4]}
{0: [0], 1: None, 2: [1], 3: [2], 4: [3]}
SCORE: 15.557

-------------------

/bwˈẽŋ/ - /bˈun/
b-b / w_ˈẽ-ˈu / ŋ-n
{0: [0], 1: [1, 2], 2: [3]}
{0: [0], 1: [1], 2: [2]}
SCORE: 16.888

-------------------

/bwˈẽŋ/ - /bˈuns/
b-b / w_ˈẽ-ˈu / ŋ-n / #>-s_#>
{0: [0], 1: [1, 2], 2: [3], 3: None}
{0: [0], 1: [1], 2: [2], 3: [3]}
SCORE: 14.233

-------------------

/bɥˈɔw/ - /bˈɔf/
b-b / ɥ-ˈɔ / ˈɔ_w-f
{0: [0], 1: [1], 2: [2, 3]}
{0: [0], 1: [1], 2: [2]}
SCORE: 10.31

-------------------

/bˈa/ - /bˈas/
b-b / ˈa-ˈa / #>-s_#>
{0: [0], 1: [1], 2: None}
{0: [0], 1: [1], 2: [2]}
SCORE: 12.636

-------------------

/bˈãɲ/ - /bˈɔɲ/
b-b / ˈã-ˈɔ / ɲ-ɲ
{0: [0], 1: [1], 2: [2]}
{0: [0], 1: [1], 2: [2]}
SCORE: 23.674

-------------------

/bˈewɾe/ - /bˈajvər/
b-b / ˈe-ˈa / w-j / ɾ-v / e-ə_r
{0: [0], 1: [1], 2: [2], 3: [3], 4: [4]}
{0: [0], 1: [1], 2: [2], 3: [3], 4: [4, 5]}
SCORE: 15.105

-------------------

/bˈẽŋ/ - /bˈajn/
b-b / ∅-ˈa / ˈẽ-j / ŋ-n
{0: [0], 1: None, 2: [1], 3: [2]}
{0: [0], 1: [1], 2: [2], 3: [3]}
SCORE: 11.756

-------------------

/bˈukɔ/ - /bˈukə/
b-b / ˈu-ˈu / k-k / ɔ-ə
{0: [0], 1: [1], 2: [2], 3: [3]}
{0: [0], 1: [1], 2: [2], 3: [3]}
SCORE: 24.888

-------------------

/bˈɛlɔ/ - /bˈɛːlə/
b-b / ˈɛ-ˈɛː / l-l / ɔ-ə
{0: [0], 1: [1], 2: [2], 3: [3]}
{0: [0], 1: [1], 2: [2], 3: [3]}
SCORE: 25.599

-------------------

/bˈɛw/ - /bˈɛl/
b-b / ˈɛ-ˈɛ / w_#>-l_#>
{0: [0], 1: [1], 2: [2]}
{0: [0], 1: [1], 2: [2]}
SCORE: 19.429

-------------------

/djˈew/ - /djˈɛw/
d-d / j-j / ˈe-ˈɛ / w-w
{0: [0], 1: [1], 2: [2], 3: [3]}
{0: [0], 1: [1], 2: [2], 3: [3]}
SCORE: 17.538

-------------------

/duʀmˈi/ - /durmˈir/
d-d / u-u / ʀ-r / m-m / ∅-ˈi / ˈi-r
{0: [0], 1: [1], 2: [2], 3: [3], 4: None, 5: [4]}
{0: [0], 1: [1], 2: [2], 3: [3], 4: [4], 5: [5]}
SCORE: 20.382

-------------------

/dwˈenɔ/ - /dˈunə/
d-d / w-ˈu / ˈe-∅ / n-n / ɔ-ə
{0: [0], 1: [1], 2: [2], 3: [3], 4: [4]}
{0: [0], 1: [1], 2: None, 3: [2], 4: [3]}
SCORE: 16.397

-------------------

/dɾaɡˈũŋ/ - /drəɡˈun/
d-d / ɾ-r / a-ə / ɡ-ɡ / ˈũ-ˈu / ŋ-n
{0: [0], 1: [1], 2: [2], 3: [3], 4: [4], 5: [5]}
{0: [0], 1: [1], 2: [2], 3: [3], 4: [4], 5: [5]}
SCORE: 34.317

-------------------

/dˈe/ - /dˈɛt/
d-d / ˈe-ˈɛ / ∅-t
{0: [0], 1: [1], 2: None}
{0: [0], 1: [1], 2: [2]}
SCORE: 8.201

-------------------

/dˈẽŋ/ - /dˈɛnt/
d-d / ˈẽ-ˈɛ / ŋ-n_t
{0: [0], 1: [1], 2: [2]}
{0: [0], 1: [1], 2: [2, 3]}
SCORE: 17.602

-------------------

/dˈiɾe/ - /dˈiːr/
d-d / ˈi-ˈiː / ɾ_e-r
{0: [0], 1: [1], 2: [2, 3]}
{0: [0], 1: [1], 2: [2]}
SCORE: 17.334

-------------------

/dˈudze/ - /dˈuːdəʃ/
d-d / ˈu-ˈuː / d-d / ∅-ə / z-ʃ / e_#>-#>
{0: [0], 1: [1], 2: [2], 3: None, 4: [3], 5: [4]}
{0: [0], 1: [1], 2: [2], 3: [3], 4: [4], 5: None}
SCORE: 19.431

-------------------

/dˈus/ - /dˈulʧ/
d-d / ˈu-ˈu / ∅-l / s-ʧ
{0: [0], 1: [1], 2: None, 3: [2]}
{0: [0], 1: [1], 2: [2], 3: [3]}
SCORE: 15.357

-------------------

/dˈus/ - /dˈus/
d-d / ˈu-ˈu / s-s
{0: [0], 1: [1], 2: [2]}
{0: [0], 1: [1], 2: [2]}
SCORE: 19.92

-------------------

/dˈuɔs/ - /dˈuəs/
d-d / ˈu-ˈu / ɔ-ə / s-s
{0: [0], 1: [1], 2: [2], 3: [3]}
{0: [0], 1: [1], 2: [2], 3: [3]}
SCORE: 23.602

-------------------

/dˈɛs/ - /dˈiə̯ʃ/
d-d / ˈɛ-ˈiə̯ / s_#>-ʃ_#>
{0: [0], 1: [1], 2: [2]}
{0: [0], 1: [1], 2: [2]}
SCORE: 19.819

-------------------

/eskwˈeʀsɔ/ - /ʃkˈɔrsə/
e_s-ʃ / k-k / w_ˈe-ˈɔ / ʀ-r / s-s / ɔ-ə
{0: [0, 1], 1: [2], 2: [3, 4], 3: [5], 4: [6], 5: [7]}
{0: [0], 1: [1], 2: [2], 3: [3], 4: [4], 5: [5]}
SCORE: 24.202

-------------------

/eskɾˈiwɾe/ - /ʃkrˈiːvər/
e_s-ʃ / k-k / ɾ-r / ˈi-ˈiː / w-v / ɾ_e-ə_r
{0: [0, 1], 1: [2], 2: [3], 3: [4], 4: [5], 5: [6, 7]}
{0: [0], 1: [1], 2: [2], 3: [3], 4: [4], 5: [5, 6]}
SCORE: 23.937

-------------------

/espˈazɔ/ - /ʃpˈaːdə/
e_s-ʃ / p-p / ˈa-ˈaː_d / z-∅ / ɔ-ə
{0: [0, 1], 1: [2], 2: [3], 3: [4], 4: [5]}
{0: [0], 1: [1], 2: [2, 3], 3: None, 4: [4]}
SCORE: 11.888

-------------------

/espˈaɲɔ/ - /ʃpˈaːɲə/
e_s-ʃ / p-p / ˈa-ˈaː / ɲ-ɲ / ɔ-ə
{0: [0, 1], 1: [2], 2: [3], 3: [4], 4: [5]}
{0: [0], 1: [1], 2: [2], 3: [3], 4: [4]}
SCORE: 29.349

-------------------

/espˈinɔ/ - /ʃpˈiːnə/
e_s-ʃ / p-p / ˈi-ˈiː / n-n / ɔ-ə
{0: [0, 1], 1: [2], 2: [3], 3: [4], 4: [5]}
{0: [0], 1: [1], 2: [2], 3: [3], 4: [4]}
SCORE: 27.447

-------------------

/espˈiɡɔ/ - /ʃpˈiːə/
e_s-ʃ / p-p / ˈi-ˈiː / ɡ-∅ / ɔ-ə
{0: [0, 1], 1: [2], 2: [3], 3: [4], 4: [5]}
{0: [0], 1: [1], 2: [2], 3: None, 4: [3]}
SCORE: 17.944

-------------------

/estˈa/ - /ʃtˈaːdi/
e_s-ʃ / t-t / ˈa-ˈaː_d / ∅-i
{0: [0, 1], 1: [2], 2: [3], 3: None}
{0: [0], 1: [1], 2: [2, 3], 3: [4]}
SCORE: 7.492

-------------------

/estˈɛlɔ/ - /ʃtˈajlə/
e_s-ʃ / t-t / ˈɛ-ˈa_j / l-l / ɔ-ə
{0: [0, 1], 1: [2], 2: [3], 3: [4], 4: [5]}
{0: [0], 1: [1], 2: [2, 3], 3: [4], 4: [5]}
SCORE: 21.01

-------------------

/faɾˈinɔ/ - /fərˈiːnə/
f-f / a-ə / ɾ-r / ˈi-ˈiː / n-n / ɔ-ə
{0: [0], 1: [1], 2: [2], 3: [3], 4: [4], 5: [5]}
{0: [0], 1: [1], 2: [2], 3: [3], 4: [4], 5: [5]}
SCORE: 32.914

-------------------

/fjˈew/ - /fˈil/
f-f / j-∅ / ˈe-ˈi / w_#>-l_#>
{0: [0], 1: [1], 2: [2], 3: [3]}
{0: [0], 1: None, 2: [1], 3: [2]}
SCORE: 11.01

-------------------

/flˈu/ - /flˈur/
f-f / l-l / ˈu-ˈu / #>-r_#>
{0: [0], 1: [1], 2: [2], 3: None}
{0: [0], 1: [1], 2: [2], 3: [3]}
SCORE: 18.349

-------------------

/fɥˈejɔ/ - /fˈeʎ/
f-f / ɥ-∅ / ˈe-ˈe / j-ʎ / ɔ_#>-#>
{0: [0], 1: [1], 2: [2], 3: [3], 4: [4]}
{0: [0], 1: None, 2: [1], 3: [2], 4: None}
SCORE: 10.955

-------------------

/fɥˈɔk/ - /fjˈɛw/
f-f / ∅-j / ɥ-ˈɛ / ˈɔ-∅ / k-w
{0: [0], 1: None, 2: [1], 3: [2], 4: [3]}
{0: [0], 1: [1], 2: [2], 3: None, 4: [3]}
SCORE: 3.035

-------------------

/fɾˈajɾe/ - /frˈar/
f-f / ɾ_ˈa-r_ˈa / j-∅ / ɾ_e-r
{0: [0], 1: [1, 2], 2: [3], 3: [4, 5]}
{0: [0], 1: [1, 2], 2: None, 3: [3]}
SCORE: 15.756

-------------------

/fɾˈe/ - /frˈajt/
f-f / ɾ-r_ˈa / ˈe-j / ∅-t
{0: [0], 1: [1], 2: [2], 3: None}
{0: [0], 1: [1, 2], 2: [3], 3: [4]}
SCORE: 11.745

-------------------

/fɾˈy/ - /frˈiʨ/
f-f / ɾ-r / ∅-ˈi / ˈy-∅ / #>-ʨ_#>
{0: [0], 1: [1], 2: None, 3: [2], 4: None}
{0: [0], 1: [1], 2: [2], 3: None, 4: [3]}
SCORE: 2.839

-------------------

/fˈajɾe/ - /fˈaːr/
f-f / ˈa-ˈaː / j-∅ / ɾ_e-r
{0: [0], 1: [1], 2: [2], 3: [3, 4]}
{0: [0], 1: [1], 2: None, 3: [2]}
SCORE: 11.483

-------------------

/fˈãm/ - /fˈɔm/
f-f / ˈã-ˈɔ / m_#>-m_#>
{0: [0], 1: [1], 2: [2]}
{0: [0], 1: [1], 2: [2]}
SCORE: 22.972

-------------------

/fˈẽŋnɔ/ - /fˈemnə/
f-f / ∅-ˈe / ∅-m / ˈẽ-∅ / ŋ-∅ / n-n / ɔ-ə
{0: [0], 1: None, 2: None, 3: [1], 4: [2], 5: [3], 6: [4]}
{0: [0], 1: [1], 2: [2], 3: None, 4: None, 5: [3], 6: [4]}
SCORE: -0.458

-------------------

/fˈijɔ/ - /fˈiːʎə/
f-f / ˈi-ˈiː / j-ʎ / ɔ-ə
{0: [0], 1: [1], 2: [2], 3: [3]}
{0: [0], 1: [1], 2: [2], 3: [3]}
SCORE: 25.254

-------------------

/fˈĩŋ/ - /fˈin/
f-f / ˈĩ-ˈi / ŋ-n
{0: [0], 1: [1], 2: [2]}
{0: [0], 1: [1], 2: [2]}
SCORE: 21.884

-------------------

/fˈỹm/ - /fˈim/
f-f / ∅-ˈi / ˈỹ-∅ / m_#>-m_#>
{0: [0], 1: None, 2: [1], 3: [2]}
{0: [0], 1: [1], 2: None, 3: [2]}
SCORE: 8.359

-------------------

/fˈɛstɔ/ - /fjˈastə/
f-f / ˈɛ-j / ∅-ˈa / s-s / t-t / ɔ-ə
{0: [0], 1: [1], 2: None, 3: [2], 4: [3], 5: [4]}
{0: [0], 1: [1], 2: [2], 3: [3], 4: [4], 5: [5]}
SCORE: 20.853

-------------------

/fˈɛʀe/ - /fjˈɛːr/
f-f / ˈɛ-j / ʀ-ˈɛː / e-r
{0: [0], 1: [1], 2: [2], 3: [3]}
{0: [0], 1: [1], 2: [2], 3: [3]}
SCORE: 14.206

-------------------

/ivˈɛʀ/ - /envˈiə̯rn/
∅-e / ∅-n / i-∅ / v-v / ˈɛ-ˈiə̯ / ʀ-r / #>-n_#>
{0: None, 1: None, 2: [0], 3: [1], 4: [2], 5: [3], 6: None}
{0: [0], 1: [1], 2: None, 3: [2], 4: [3], 5: [4], 6: [5]}
SCORE: 0.63

-------------------

/jˈew/ - /jˈaw/
j-j / ˈe-ˈa / w-w
{0: [0], 1: [1], 2: [2]}
{0: [0], 1: [1], 2: [2]}
SCORE: 11.687

-------------------

/kabˈɛw/ - /ʨəvˈel/
k-ʨ / a_b-ə_v / ∅-ˈe / ˈɛ-∅ / w_#>-l_#>
{0: [0], 1: [1, 2], 2: None, 3: [3], 4: [4]}
{0: [0], 1: [1, 2], 2: [3], 3: None, 4: [4]}
SCORE: 12.205

-------------------

/kadˈenɔ/ - /ʨədˈajnə/
k-ʨ / a-ə / d-d / ˈe-ˈa_j / n-n / ɔ-ə
{0: [0], 1: [1], 2: [2], 3: [3], 4: [4], 5: [5]}
{0: [0], 1: [1], 2: [2], 3: [3, 4], 4: [5], 5: [6]}
SCORE: 27.845

-------------------

/kastˈɛw/ - /ʨəstˈɛː/
k-ʨ / a-ə / s-s / t-t / ˈɛ-ˈɛː / w_#>-#>
{0: [0], 1: [1], 2: [2], 3: [3], 4: [4], 5: [5]}
{0: [0], 1: [1], 2: [2], 3: [3], 4: [4], 5: None}
SCORE: 23.839

-------------------

/kasˈa/ - /ʨəʧˈaːr/
k-ʨ / a-ə / s-ʧ / ˈa_#>-ˈaː_r_#>
{0: [0], 1: [1], 2: [2], 3: [3]}
{0: [0], 1: [1], 2: [2], 3: [3, 4]}
SCORE: 19.834

-------------------

/kavˈaw/ - /ʨəvˈal/
k-ʨ / a-ə / v-v / ˈa-ˈa / w_#>-l_#>
{0: [0], 1: [1], 2: [2], 3: [3], 4: [4]}
{0: [0], 1: [1], 2: [2], 3: [3], 4: [4]}
SCORE: 25.899

-------------------

/kãmbjˈa/ - /ʨəmʥˈaːr/
k-ʨ / ã-ə / m-m / ∅-ʥ / b-∅ / j-∅ / ˈa_#>-ˈaː_r_#>
{0: [0], 1: [1], 2: [2], 3: None, 4: [3], 5: [4], 6: [5]}
{0: [0], 1: [1], 2: [2], 3: [3], 4: None, 5: None, 6: [4, 5]}
SCORE: 6.0

-------------------

/kãŋtˈa/ - /ʨəntˈaːr/
k-ʨ / ã_ŋ-ə_n / t-t / ˈa_#>-ˈaː_r_#>
{0: [0], 1: [1, 2], 2: [3], 3: [4]}
{0: [0], 1: [1, 2], 2: [3], 3: [4, 5]}
SCORE: 25.521

-------------------

/klamˈa/ - /kləmˈaːr/
k_l-k_l / a-ə / m-m / ˈa_#>-ˈaː_r_#>
{0: [0, 1], 1: [2], 2: [3], 3: [4]}
{0: [0, 1], 1: [2], 2: [3], 3: [4, 5]}
SCORE: 28.085

-------------------

/klˈaw/ - /klˈaf/
k_l-k_l / ˈa-ˈa / w_#>-f_#>
{0: [0, 1], 1: [2], 2: [3]}
{0: [0, 1], 1: [2], 2: [3]}
SCORE: 19.899

-------------------

/kulˈu/ - /kolˈuːr/
k-k / u-o / l-l / ˈu-ˈuː / #>-r_#>
{0: [0], 1: [1], 2: [2], 3: [3], 4: None}
{0: [0], 1: [1], 2: [2], 3: [3], 4: [4]}
SCORE: 22.873

-------------------

/kunˈujse/ - /konˈuːʃər/
k-k / u-o / n-n / ˈu-ˈuː / j_s-ʃ / e-ə_r
{0: [0], 1: [1], 2: [2], 3: [3], 4: [4, 5], 5: [6]}
{0: [0], 1: [1], 2: [2], 3: [3], 4: [4], 5: [5, 6]}
SCORE: 27.104

-------------------

/kwˈes/ - /kˈɔːrp/
k-k / w_ˈe-ˈɔː / ∅-r / ∅-p / s_#>-#>
{0: [0], 1: [1, 2], 2: None, 3: None, 4: [3]}
{0: [0], 1: [1], 2: [2], 3: [3], 4: None}
SCORE: -0.652

-------------------

/kwˈestɔ/ - /kˈɔstə/
k-k / w_ˈe-ˈɔ / s-s / t-t / ɔ-ə
{0: [0], 1: [1, 2], 2: [3], 3: [4], 4: [5]}
{0: [0], 1: [1], 2: [2], 3: [3], 4: [4]}
SCORE: 23.53

-------------------

/kwˈeʀ/ - /kˈɔːr/
k-k / w_ˈe-ˈɔː / ʀ-r
{0: [0], 1: [1, 2], 2: [3]}
{0: [0], 1: [1], 2: [2]}
SCORE: 16.66

-------------------

/kwˈeʀnɔ/ - /kˈɔːrnə/
k-k / w_ˈe-ˈɔː / ʀ-r / n-n / ɔ-ə
{0: [0], 1: [1, 2], 2: [3], 3: [4], 4: [5]}
{0: [0], 1: [1], 2: [2], 3: [3], 4: [4]}
SCORE: 24.846

-------------------

/kɥˈejsɔ/ - /kˈojsə/
k-k / ɥ_ˈe-ˈo / j-j / s-s / ɔ-ə
{0: [0], 1: [1, 2], 2: [3], 3: [4], 4: [5]}
{0: [0], 1: [1], 2: [2], 3: [3], 4: [4]}
SCORE: 22.381

-------------------

/kɥˈuw/ - /ʨˈil/
k-ʨ / ∅-ˈi / ɥ-∅ / ˈu-∅ / w_#>-l_#>
{0: [0], 1: None, 2: [1], 3: [2], 4: [3]}
{0: [0], 1: [1], 2: None, 3: None, 4: [2]}
SCORE: -2.145

-------------------

/kɾemˈa/ - /briʃˈaːr/
<#-<#_b / k_ɾ-r / e-i / ∅-ʃ / m-∅ / ˈa_#>-ˈaː_r_#>
{0: None, 1: [0, 1], 2: [2], 3: None, 4: [3], 5: [4]}
{0: [0], 1: [1], 2: [2], 3: [3], 4: None, 5: [4, 5]}
SCORE: -2.826

-------------------

/kɾˈus/ - /krˈuʃ/
k-k / ɾ-r / ˈu-ˈu / s_#>-ʃ_#>
{0: [0], 1: [1], 2: [2], 3: [3]}
{0: [0], 1: [1], 2: [2], 3: [3]}
SCORE: 24.269

-------------------

/kɾˈɛjʀe/ - /krˈajr/
k-k / ɾ-r / ˈɛ-ˈa / j-j / ʀ-r / e_#>-#>
{0: [0], 1: [1], 2: [2], 3: [3], 4: [4], 5: [5]}
{0: [0], 1: [1], 2: [2], 3: [3], 4: [4], 5: None}
SCORE: 16.43

-------------------

/kˈa/ - /ʥˈat/
<#-<#_ʥ / k-∅ / ˈa-ˈa_t
{0: None, 1: [0], 2: [1]}
{0: [0], 1: None, 2: [1, 2]}
SCORE: -2.648

-------------------

/kˈabɾɔ/ - /ʨˈawrə/
k-ʨ / ˈa-ˈa_w / b-∅ / ɾ_ɔ-r_ə
{0: [0], 1: [1], 2: [2], 3: [3, 4]}
{0: [0], 1: [1, 2], 2: None, 3: [3, 4]}
SCORE: 11.864

-------------------

/kˈajɔ/ - /kwˈajʎə/
k-k_w / ˈa-ˈa / ∅-j / j-ʎ / ɔ-ə
{0: [0], 1: [1], 2: None, 3: [2], 4: [3]}
{0: [0, 1], 1: [2], 2: [3], 3: [4], 4: [5]}
SCORE: 12.028

-------------------

/kˈap/ - /ʨˈaw/
k-ʨ / ˈa-ˈa / p-∅ / #>-w_#>
{0: [0], 1: [1], 2: [2], 3: None}
{0: [0], 1: [1], 2: None, 3: [2]}
SCORE: 4.627

-------------------

/kˈatɾe/ - /kwˈaːtər/
k-k_w / ˈa-ˈaː / t-t / ɾ_e-ə_r
{0: [0], 1: [1], 2: [2], 3: [3, 4]}
{0: [0, 1], 1: [2], 2: [3], 3: [4, 5]}
SCORE: 20.673

-------------------

/kˈaw/ - /ʨˈawt/
k-ʨ / ˈa-ˈa / w-w / ∅-t
{0: [0], 1: [1], 2: [2], 3: None}
{0: [0], 1: [1], 2: [2], 3: [3]}
SCORE: 10.471

-------------------

/kˈawzɔ/ - /ʨˈawsə/
k-ʨ / ˈa-ˈa / w-w / z-∅ / ɔ-s_ə
{0: [0], 1: [1], 2: [2], 3: [3], 4: [4]}
{0: [0], 1: [1], 2: [2], 3: None, 4: [3, 4]}
SCORE: 10.97

-------------------

/kˈaʀ/ - /ʨˈaːr/
k-ʨ / ˈa-ˈaː / ʀ-r
{0: [0], 1: [1], 2: [2]}
{0: [0], 1: [1], 2: [2]}
SCORE: 17.678

-------------------

/kˈaʀ/ - /ʨˈaːrn/
k-ʨ / ˈa-ˈaː / ʀ-r / #>-n_#>
{0: [0], 1: [1], 2: [2], 3: None}
{0: [0], 1: [1], 2: [2], 3: [3]}
SCORE: 15.624

-------------------

/kˈãmbɾɔ/ - /ʨˈɔmbrə/
k-ʨ / ˈã-ˈɔ / m-m / b-b / ɾ_ɔ-r_ə
{0: [0], 1: [1], 2: [2], 3: [3], 4: [4, 5]}
{0: [0], 1: [1], 2: [2], 3: [3], 4: [4, 5]}
SCORE: 33.841

-------------------

/kˈãŋ/ - /ʨˈant/
k-ʨ / ˈã-ˈa / ŋ-n_t
{0: [0], 1: [1], 2: [2]}
{0: [0], 1: [1], 2: [2, 3]}
SCORE: 14.481

-------------------

/kˈãŋ/ - /ʨˈawn/
k-ʨ / ˈã-ˈa_w / ŋ-n
{0: [0], 1: [1], 2: [2]}
{0: [0], 1: [1, 2], 2: [3]}
SCORE: 14.802

-------------------

/kˈe/ - /ʨˈeː/
k-ʨ / ˈe-ˈeː
{0: [0], 1: [1]}
{0: [0], 1: [1]}
SCORE: 11.727

-------------------

/kˈuɔ/ - /kˈuːə/
k-k / ˈu-ˈuː / ɔ-ə
{0: [0], 1: [1], 2: [2]}
{0: [0], 1: [1], 2: [2]}
SCORE: 19.604

-------------------

/kˈuʀ/ - /kˈurt/
k-k / ˈu-ˈu / ʀ-r_t
{0: [0], 1: [1], 2: [2]}
{0: [0], 1: [1], 2: [2, 3]}
SCORE: 15.402

-------------------

/leʤˈi/ - /lˈɛːʥər/
<#_l-<#_l / ∅-ˈɛː / e-∅ / ʤ-ʥ / ∅-ə / ˈi-r
{0: [0], 1: None, 2: [1], 3: [2], 4: None, 5: [3]}
{0: [0], 1: [1], 2: None, 3: [2], 4: [3], 5: [4]}
SCORE: 3.151

-------------------

/liˈũŋ/ - /ljˈun/
<#_l-<#_l / i-j / ˈũ-ˈu / ŋ-n
{0: [0], 1: [1], 2: [2], 3: [3]}
{0: [0], 1: [1], 2: [2], 3: [3]}
SCORE: 21.737

-------------------

/ljˈeʧ/ - /lˈɛʨ/
<#_l-<#_l / j_ˈe-ˈɛ / ʧ-ʨ
{0: [0], 1: [1, 2], 2: [3]}
{0: [0], 1: [1], 2: [2]}
SCORE: 15.309

-------------------

/lwˈek/ - /ljˈɛw/
<#_l-<#_l / w-j / ˈe-ˈɛ / k-w
{0: [0], 1: [1], 2: [2], 3: [3]}
{0: [0], 1: [1], 2: [2], 3: [3]}
SCORE: 11.065

-------------------

/lwˈẽŋk/ - /lˈuŋ/
<#_l-<#_l / w_ˈẽ-ˈu / ŋ_k_#>-ŋ_#>
{0: [0], 1: [1, 2], 2: [3, 4]}
{0: [0], 1: [1], 2: [2]}
SCORE: 14.229

-------------------

/lˈa/ - /lˈaʨ/
<#_l-<#_l / ˈa-ˈa / #>-ʨ_#>
{0: [0], 1: [1], 2: None}
{0: [0], 1: [1], 2: [2]}
SCORE: 12.766

-------------------

/lˈak/ - /lˈak/
<#_l-<#_l / ˈa-ˈa / k-k
{0: [0], 1: [1], 2: [2]}
{0: [0], 1: [1], 2: [2]}
SCORE: 19.729

-------------------

/lˈanɔ/ - /lˈawnə/
<#_l-<#_l / ˈa-ˈa_w / n-n / ɔ-ə
{0: [0], 1: [1], 2: [2], 3: [3]}
{0: [0], 1: [1, 2], 2: [3], 3: [4]}
SCORE: 18.742

-------------------

/lˈeɲɔ/ - /lˈajn/
<#_l-<#_l / ˈe-ˈa_j / ɲ-∅ / ɔ-n
{0: [0], 1: [1], 2: [2], 3: [3]}
{0: [0], 1: [1, 2], 2: None, 3: [3]}
SCORE: 5.612

-------------------

/lˈẽŋɡɔ/ - /ljˈɛwŋɡə/
<#_l-<#_l / ∅-j / ˈẽ-ˈɛ / ∅-w / ŋ-ŋ / ɡ-ɡ / ɔ-ə
{0: [0], 1: None, 2: [1], 3: None, 4: [2], 5: [3], 6: [4]}
{0: [0], 1: [1], 2: [2], 3: [3], 4: [4], 5: [5], 6: [6]}
SCORE: 21.371

-------------------

/lˈibɾe/ - /lˈiːber/
<#_l-<#_l / ˈi-ˈiː / b-b / ∅-e / ɾ_e-r
{0: [0], 1: [1], 2: [2], 3: None, 4: [3, 4]}
{0: [0], 1: [1], 2: [2], 3: [3], 4: [4]}
SCORE: 18.489

-------------------

/lˈynɔ/ - /ʎˈiːnə/
l-ʎ / ˈy-ˈiː / n-n / ɔ-ə
{0: [0], 1: [1], 2: [2], 3: [3]}
{0: [0], 1: [1], 2: [2], 3: [3]}
SCORE: 20.626

-------------------

/lˈys/ - /ʎˈiʃ/
l-ʎ / ∅-ˈi / ˈy-∅ / s_#>-ʃ_#>
{0: [0], 1: None, 2: [1], 3: [2]}
{0: [0], 1: [1], 2: None, 3: [2]}
SCORE: 1.762

-------------------

/lˈɛbɾe/ - /ljˈɛwr/
<#_l-<#_l / ∅-j / ˈɛ-ˈɛ / ∅-w / b-∅ / ɾ_e-r
{0: [0], 1: None, 2: [1], 3: None, 4: [2], 5: [3, 4]}
{0: [0], 1: [1], 2: [2], 3: [3], 4: None, 5: [4]}
SCORE: 0.357

-------------------

/lˈɛj/ - /lˈeːʃə/
<#_l-<#_l / ˈɛ-ˈeː / j-ʃ / ∅-ə
{0: [0], 1: [1], 2: [2], 3: None}
{0: [0], 1: [1], 2: [2], 3: [3]}
SCORE: 5.921

-------------------

/madˈy/ - /mədˈiːr/
m-m / a-ə / d-d / ˈy-ˈiː / #>-r_#>
{0: [0], 1: [1], 2: [2], 3: [3], 4: None}
{0: [0], 1: [1], 2: [2], 3: [3], 4: [4]}
SCORE: 24.002

-------------------

/mãŋʤˈa/ - /mənʥˈaːr/
m-m / ã_ŋ-ə_n / ʤ-ʥ / ˈa_#>-ˈaː_r_#>
{0: [0], 1: [1, 2], 2: [3], 3: [4]}
{0: [0], 1: [1, 2], 2: [3], 3: [4, 5]}
SCORE: 28.92

-------------------

/mejˈu/ - /meʎˈeːr/
m-m / e-e / j-ʎ / ∅-ˈeː / ˈu-r
{0: [0], 1: [1], 2: [2], 3: None, 4: [3]}
{0: [0], 1: [1], 2: [2], 3: [3], 4: [4]}
SCORE: 11.862

-------------------

/mjˈe/ - /mˈɛʦ/
m-m / j_ˈe-ˈɛ_ʦ
{0: [0], 1: [1, 2]}
{0: [0], 1: [1, 2]}
SCORE: 10.618

-------------------

/muɾˈi/ - /murˈiːr/
m-m / u-u / ɾ-r / ˈi-ˈiː / #>-r_#>
{0: [0], 1: [1], 2: [2], 3: [3], 4: None}
{0: [0], 1: [1], 2: [2], 3: [3], 4: [4]}
SCORE: 22.199

-------------------

/mũŋtˈaɲɔ/ - /muntˈaːɲə/
m-m / ũ-u / ŋ-n / t-t / ˈa-ˈaː / ɲ-ɲ / ɔ-ə
{0: [0], 1: [1], 2: [2], 3: [3], 4: [4], 5: [5], 6: [6]}
{0: [0], 1: [1], 2: [2], 3: [3], 4: [4], 5: [5], 6: [6]}
SCORE: 38.434

-------------------

/mwˈeʀ/ - /mˈɔːrt/
m-m / w_ˈe-ˈɔː / ʀ-r_t
{0: [0], 1: [1, 2], 2: [3]}
{0: [0], 1: [1], 2: [2, 3]}
SCORE: 14.196

-------------------

/mwˈeʀdɾe/ - /mˈɔːrdər/
m-m / w_ˈe-ˈɔː / ʀ-r / d-d / ɾ_e-ə_r
{0: [0], 1: [1, 2], 2: [3], 3: [4], 4: [5, 6]}
{0: [0], 1: [1], 2: [2], 3: [3], 4: [4, 5]}
SCORE: 28.504

-------------------

/mˈa/ - /mˈaːr/
m-m / ˈa_#>-ˈaː_r_#>
{0: [0], 1: [1]}
{0: [0], 1: [1, 2]}
SCORE: 13.708

-------------------

/mˈãŋ/ - /mˈawn/
m-m / ˈã-ˈa_w / ŋ-n
{0: [0], 1: [1], 2: [2]}
{0: [0], 1: [1, 2], 2: [3]}
SCORE: 16.821

-------------------

/mˈilɔ/ - /mˈiːli/
m-m / ˈi-ˈiː / l-l / ∅-i / ɔ_#>-#>
{0: [0], 1: [1], 2: [2], 3: None, 4: [3]}
{0: [0], 1: [1], 2: [2], 3: [3], 4: None}
SCORE: 13.477

-------------------

/mˈuskɔ/ - /mˈuʃʨə/
m-m / ˈu-ˈu / s-ʃ / k-ʨ / ɔ-ə
{0: [0], 1: [1], 2: [2], 3: [3], 4: [4]}
{0: [0], 1: [1], 2: [2], 3: [3], 4: [4]}
SCORE: 27.235

-------------------

/mˈɛw/ - /mˈɛl/
m-m / ˈɛ-ˈɛ / w_#>-l_#>
{0: [0], 1: [1], 2: [2]}
{0: [0], 1: [1], 2: [2]}
SCORE: 19.052

-------------------

/mˈɛʤe/ - /mˈɛːdi/
m-m / ˈɛ-ˈɛː / ʤ-d / e-i
{0: [0], 1: [1], 2: [2], 3: [3]}
{0: [0], 1: [1], 2: [2], 3: [3]}
SCORE: 19.949

-------------------

/nadˈa/ - /nudˈaːr/
<#_n-<#_n / ∅-u / a-∅ / d-d / ˈa_#>-ˈaː_r_#>
{0: [0], 1: None, 2: [1], 3: [2], 4: [3]}
{0: [0], 1: [1], 2: None, 3: [2], 4: [3, 4]}
SCORE: 9.261

-------------------

/nwˈestɾe/ - /nˈɔs/
<#_n-<#_n / w_ˈe-ˈɔ / s-s / t_ɾ_e_#>-#>
{0: [0], 1: [1, 2], 2: [3], 3: [4, 5, 6]}
{0: [0], 1: [1], 2: [2], 3: None}
SCORE: 6.226

-------------------

/nwˈew/ - /nˈɔf/
<#_n-<#_n / w_ˈe-ˈɔ / w_#>-f_#>
{0: [0], 1: [1, 2], 2: [3]}
{0: [0], 1: [1], 2: [2]}
SCORE: 11.504

-------------------

/nwˈeze/ - /nˈuʃ/
<#_n-<#_n / w-ˈu / ˈe-∅ / z-ʃ / e_#>-#>
{0: [0], 1: [1], 2: [2], 3: [3], 4: [4]}
{0: [0], 1: [1], 2: None, 3: [2], 4: None}
SCORE: 10.101

-------------------

/nɥˈeʧ/ - /nˈoʨ/
<#_n-<#_n / ɥ_ˈe-ˈo / ʧ-ʨ
{0: [0], 1: [1, 2], 2: [3]}
{0: [0], 1: [1], 2: [2]}
SCORE: 16.964

-------------------

/nˈajse/ - /nˈaʃər/
<#_n-<#_n / ˈa-ˈa / j_s-ʃ / e-ə_r
{0: [0], 1: [1], 2: [2, 3], 3: [4]}
{0: [0], 1: [1], 2: [2], 3: [3, 4]}
SCORE: 16.592

-------------------

/nˈas/ - /nˈas/
<#_n-<#_n / ˈa-ˈa / s-s
{0: [0], 1: [1], 2: [2]}
{0: [0], 1: [1], 2: [2]}
SCORE: 18.807

-------------------

/nˈawtɾe/ - /nˈus/
<#_n-<#_n / ˈa-∅ / w-ˈu / t_ɾ_e_#>-s_#>
{0: [0], 1: [1], 2: [2], 3: [3, 4, 5]}
{0: [0], 1: None, 2: [1], 3: [2]}
SCORE: 4.707

-------------------

/nˈeɡɾe/ - /nˈajr/
<#_n-<#_n / ˈe-ˈa_j / ɡ-∅ / ɾ_e-r
{0: [0], 1: [1], 2: [2], 3: [3, 4]}
{0: [0], 1: [1, 2], 2: None, 3: [3]}
SCORE: 7.35

-------------------

/nˈũm/ - /nˈum/
<#_n-<#_n / ˈũ-ˈu / m_#>-m_#>
{0: [0], 1: [1], 2: [2]}
{0: [0], 1: [1], 2: [2]}
SCORE: 23.165

-------------------

/nˈũŋ/ - /nˈaː/
<#_n-<#_n / ∅-ˈaː / ˈũ-∅ / ŋ_#>-#>
{0: [0], 1: None, 2: [1], 3: [2]}
{0: [0], 1: [1], 2: None, 3: None}
SCORE: -2.782

-------------------

/nˈɛblɔ/ - /nˈiːvəl/
<#_n-<#_n / ∅-ˈiː / ˈɛ-∅ / b-v_ə / l-l / ɔ_#>-#>
{0: [0], 1: None, 2: [1], 3: [2], 4: [3], 5: [4]}
{0: [0], 1: [1], 2: None, 3: [2, 3], 4: [4], 5: None}
SCORE: 1.788

-------------------

/nˈɛw/ - /nˈajf/
<#_n-<#_n / ˈɛ-ˈa_j / w_#>-f_#>
{0: [0], 1: [1], 2: [2]}
{0: [0], 1: [1, 2], 2: [3]}
SCORE: 11.009

-------------------

/palˈaj/ - /pəlˈaʦ/
p-p / a-ə / l-l / ˈa-ˈa / ∅-ʦ / j_#>-#>
{0: [0], 1: [1], 2: [2], 3: [3], 4: None, 5: [4]}
{0: [0], 1: [1], 2: [2], 3: [3], 4: [4], 5: None}
SCORE: 14.777

-------------------

/pezˈuj/ - /plˈuʎ/
p-p / ∅-l / e-∅ / z-∅ / ˈu-ˈu / j-ʎ
{0: [0], 1: None, 2: [1], 3: [2], 4: [3], 5: [4]}
{0: [0], 1: [1], 2: None, 3: None, 4: [2], 5: [3]}
SCORE: 5.019

-------------------

/peʀsˈɛɡe/ - /pˈɛrsik/
p-p / ∅-ˈɛ / e-∅ / ʀ-r / s-s / ˈɛ-∅ / ɡ-∅ / e-i / ∅-k
{0: [0], 1: None, 2: [1], 3: [2], 4: [3], 5: [4], 6: [5], 7: [6], 8: None}
{0: [0], 1: [1], 2: None, 3: [2], 4: [3], 5: None, 6: None, 7: [4], 8: [5]}
SCORE: -3.822

-------------------

/pjˈe/ - /pˈɛʦ/
p-p / j_ˈe-ˈɛ_ʦ
{0: [0], 1: [1, 2]}
{0: [0], 1: [1, 2]}
SCORE: 10.631

-------------------

/plɥˈeʤɔ/ - /plˈiə̯vʥə/
p-p / l-l / ∅-ˈiə̯ / ∅-v / ɥ-∅ / ˈe-∅ / ʤ-ʥ / ɔ-ə
{0: [0], 1: [1], 2: None, 3: None, 4: [2], 5: [3], 6: [4], 7: [5]}
{0: [0], 1: [1], 2: [2], 3: [3], 4: None, 5: None, 6: [4], 7: [5]}
SCORE: 6.08

-------------------

/plˈaɡɔ/ - /plˈaːjə/
p-p / l-l / ˈa-ˈaː / ∅-j / ɡ-∅ / ɔ-ə
{0: [0], 1: [1], 2: [2], 3: None, 4: [3], 5: [4]}
{0: [0], 1: [1], 2: [2], 3: [3], 4: None, 5: [4]}
SCORE: 14.55

-------------------

/plˈẽŋ/ - /plˈajn/
p-p / l-l / ∅-ˈa / ˈẽ-j / ŋ-n
{0: [0], 1: [1], 2: None, 3: [2], 4: [3]}
{0: [0], 1: [1], 2: [2], 3: [3], 4: [4]}
SCORE: 16.262

-------------------

/plˈymɔ/ - /plˈiːmə/
p-p / l-l / ˈy-ˈiː / m-m / ɔ-ə
{0: [0], 1: [1], 2: [2], 3: [3], 4: [4]}
{0: [0], 1: [1], 2: [2], 3: [3], 4: [4]}
SCORE: 31.74

-------------------

/pudˈe/ - /pudˈajr/
p-p / u-u / d-d / ˈe-ˈa_j / #>-r_#>
{0: [0], 1: [1], 2: [2], 3: [3], 4: None}
{0: [0], 1: [1], 2: [2], 3: [3, 4], 4: [5]}
SCORE: 19.464

-------------------

/pwˈeʀk/ - /pˈɔːrʨ/
p-p / w_ˈe-ˈɔː / ʀ-r / k-ʨ
{0: [0], 1: [1, 2], 2: [3], 3: [4]}
{0: [0], 1: [1], 2: [2], 3: [3]}
SCORE: 21.328

-------------------

/pwˈẽŋ/ - /pˈunt/
p-p / w_ˈẽ-ˈu / ŋ-n_t
{0: [0], 1: [1, 2], 2: [3]}
{0: [0], 1: [1], 2: [2, 3]}
SCORE: 14.607

-------------------

/pɾˈes/ - /prˈɛʧ/
p-p / ɾ-r / ˈe-ˈɛ / s-ʧ
{0: [0], 1: [1], 2: [2], 3: [3]}
{0: [0], 1: [1], 2: [2], 3: [3]}
SCORE: 21.33

-------------------

/pˈas/ - /pˈaʃ/
p-p / ˈa-ˈa / s_#>-ʃ_#>
{0: [0], 1: [1], 2: [2]}
{0: [0], 1: [1], 2: [2]}
SCORE: 20.59

-------------------

/pˈawk/ - /pˈawk/
p-p / ˈa-ˈa / w-w / k-k
{0: [0], 1: [1], 2: [2], 3: [3]}
{0: [0], 1: [1], 2: [2], 3: [3]}
SCORE: 22.39

-------------------

/pˈawɾe/ - /pˈɔːvər/
p-p / ˈa-∅ / w-ˈɔː / ɾ-v / e-ə_r
{0: [0], 1: [1], 2: [2], 3: [3], 4: [4]}
{0: [0], 1: None, 2: [1], 3: [2], 4: [3, 4]}
SCORE: 10.995

-------------------

/pˈãŋ/ - /pˈawn/
p-p / ˈã-ˈa_w / ŋ-n
{0: [0], 1: [1], 2: [2]}
{0: [0], 1: [1, 2], 2: [3]}
SCORE: 16.834

-------------------

/pˈejs/ - /pˈeʃ/
p-p / ˈe-ˈe / j-∅ / s_#>-ʃ_#>
{0: [0], 1: [1], 2: [2], 3: [3]}
{0: [0], 1: [1], 2: None, 3: [2]}
SCORE: 15.866

-------------------

/pˈew/ - /pˈajl/
p-p / ˈe-ˈa_j / w_#>-l_#>
{0: [0], 1: [1], 2: [2]}
{0: [0], 1: [1, 2], 2: [3]}
SCORE: 16.142

-------------------

/pˈũŋ/ - /pˈunʨ/
p-p / ˈũ-ˈu / ŋ-n_ʨ
{0: [0], 1: [1], 2: [2]}
{0: [0], 1: [1], 2: [2, 3]}
SCORE: 18.412

-------------------

/pˈũɲ/ - /pˈuɲ/
p-p / ˈũ-ˈu / ɲ-ɲ
{0: [0], 1: [1], 2: [2]}
{0: [0], 1: [1], 2: [2]}
SCORE: 23.96

-------------------

/pˈɛ/ - /pˈeː/
p-p / ˈɛ-ˈeː
{0: [0], 1: [1]}
{0: [0], 1: [1]}
SCORE: 13.761

-------------------

/pˈɛw/ - /pˈɛl/
p-p / ˈɛ-ˈɛ / w_#>-l_#>
{0: [0], 1: [1], 2: [2]}
{0: [0], 1: [1], 2: [2]}
SCORE: 19.065

-------------------

/sabˈe/ - /səvˈajr/
<#_s-<#_s / a_b-ə_v / ˈe-ˈa_j / #>-r_#>
{0: [0], 1: [1, 2], 2: [3], 3: None}
{0: [0], 1: [1, 2], 2: [3, 4], 3: [5]}
SCORE: 18.29

-------------------

/seɡˈy/ - /səʥˈiːr/
<#_s-<#_s / e-ə / ∅-ʥ / ɡ-∅ / ˈy-ˈiː / #>-r_#>
{0: [0], 1: [1], 2: None, 3: [2], 4: [3], 5: None}
{0: [0], 1: [1], 2: [2], 3: None, 4: [3], 5: [4]}
SCORE: 6.395

-------------------

/seɾjˈejzɔ/ - /ʧərˈeːʃə/
s-ʧ / e-ə / ɾ-r / j-∅ / ˈe-ˈeː / j-∅ / z-ʃ / ɔ-ə
{0: [0], 1: [1], 2: [2], 3: [3], 4: [4], 5: [5], 6: [6], 7: [7]}
{0: [0], 1: [1], 2: [2], 3: None, 4: [3], 5: None, 6: [4], 7: [5]}
SCORE: 17.638

-------------------

/seʀkˈa/ - /ʧerʨˈaːr/
s-ʧ / e-e / ʀ-r / k-ʨ / ˈa_#>-ˈaː_r_#>
{0: [0], 1: [1], 2: [2], 3: [3], 4: [4]}
{0: [0], 1: [1], 2: [2], 3: [3], 4: [4, 5]}
SCORE: 22.292

-------------------

/siwtˈa/ - /sitˈat/
<#_s-<#_s / ∅-i / i-∅ / w-∅ / t-t / ˈa-ˈa_t
{0: [0], 1: None, 2: [1], 3: [2], 4: [3], 5: [4]}
{0: [0], 1: [1], 2: None, 3: None, 4: [2], 5: [3, 4]}
SCORE: 0.729

-------------------

/sĩŋkˈãŋtɔ/ - /ʧuŋkˈantə/
s-ʧ / ĩ-u / ŋ-ŋ / k-k / ˈã-ˈa / ŋ-n / t-t / ɔ-ə
{0: [0], 1: [1], 2: [2], 3: [3], 4: [4], 5: [5], 6: [6], 7: [7]}
{0: [0], 1: [1], 2: [2], 3: [3], 4: [4], 5: [5], 6: [6], 7: [7]}
SCORE: 40.339

-------------------

/sjˈeɾɔ/ - /ʧˈajrə/
s-ʧ / j-∅ / ˈe-ˈa_j / ɾ_ɔ-r_ə
{0: [0], 1: [1], 2: [2], 3: [3, 4]}
{0: [0], 1: None, 2: [1, 2], 3: [3, 4]}
SCORE: 14.269

-------------------

/sjˈɛj/ - /sˈis/
<#_s-<#_s / ∅-ˈi / j-s / ˈɛ-∅ / j_#>-#>
{0: [0], 1: None, 2: [1], 3: [2], 4: [3]}
{0: [0], 1: [1], 2: [2], 3: None, 4: None}
SCORE: -6.968

-------------------

/sulˈew/ - /sulˈeʎ/
<#_s-<#_s / u-u / l-l / ˈe-ˈe / w-∅ / #>-ʎ_#>
{0: [0], 1: [1], 2: [2], 3: [3], 4: [4], 5: None}
{0: [0], 1: [1], 2: [2], 3: [3], 4: None, 5: [4]}
SCORE: 15.418

-------------------

/sˈablɔ/ - /səblˈun/
s-s_ə / ˈa-∅ / b-b / l-l / ∅-ˈu / ɔ-n
{0: [0], 1: [1], 2: [2], 3: [3], 4: None, 5: [4]}
{0: [0, 1], 1: None, 2: [2], 3: [3], 4: [4], 5: [5]}
SCORE: 5.25

-------------------

/sˈanɔ/ - /sˈawnə/
<#_s-<#_s / ˈa-ˈa_w / n-n / ɔ-ə
{0: [0], 1: [1], 2: [2], 3: [3]}
{0: [0], 1: [1, 2], 2: [3], 3: [4]}
SCORE: 18.209

-------------------

/sˈaw/ - /sˈal/
<#_s-<#_s / ˈa-ˈa / w_#>-l_#>
{0: [0], 1: [1], 2: [2]}
{0: [0], 1: [1], 2: [2]}
SCORE: 18.129

-------------------

/sˈawsɔ/ - /sˈɔːsə/
<#_s-<#_s / ˈa-∅ / w-ˈɔː / s-s / ɔ-ə
{0: [0], 1: [1], 2: [2], 3: [3], 4: [4]}
{0: [0], 1: None, 2: [1], 3: [2], 4: [3]}
SCORE: 16.72

-------------------

/sˈãŋ/ - /sˈawn/
<#_s-<#_s / ˈã-ˈa_w / ŋ-n
{0: [0], 1: [1], 2: [2]}
{0: [0], 1: [1, 2], 2: [3]}
SCORE: 16.215

-------------------

/sˈãŋ/ - /sˈɔnʨ/
<#_s-<#_s / ˈã-ˈɔ / ŋ-n_ʨ
{0: [0], 1: [1], 2: [2]}
{0: [0], 1: [1], 2: [2, 3]}
SCORE: 17.144

-------------------

/sˈãŋk/ - /sˈaŋ/
<#_s-<#_s / ˈã-ˈa / ŋ_k_#>-ŋ_#>
{0: [0], 1: [1], 2: [2, 3]}
{0: [0], 1: [1], 2: [2]}
SCORE: 15.602

-------------------

/sˈedɔ/ - /sˈajdə/
<#_s-<#_s / ˈe-ˈa_j / d-d / ɔ-ə
{0: [0], 1: [1], 2: [2], 3: [3]}
{0: [0], 1: [1, 2], 2: [3], 3: [4]}
SCORE: 21.096

-------------------

/sˈek/ - /sˈeʨ/
<#_s-<#_s / ˈe-ˈe / k-ʨ
{0: [0], 1: [1], 2: [2]}
{0: [0], 1: [1], 2: [2]}
SCORE: 18.346

-------------------

/sˈekɔ/ - /sˈeʨə/
<#_s-<#_s / ˈe-ˈe / k-ʨ / ɔ-ə
{0: [0], 1: [1], 2: [2], 3: [3]}
{0: [0], 1: [1], 2: [2], 3: [3]}
SCORE: 22.029

-------------------

/sˈeʀɔ/ - /sˈajrə/
<#_s-<#_s / ˈe-ˈa_j / ʀ-r / ɔ-ə
{0: [0], 1: [1], 2: [2], 3: [3]}
{0: [0], 1: [1, 2], 2: [3], 3: [4]}
SCORE: 19.098

-------------------

/sˈẽŋ/ - /ʧˈiə̯nt/
s-ʧ / ∅-ˈiə̯ / ˈẽ-∅ / ŋ-n_t
{0: [0], 1: None, 2: [1], 3: [2]}
{0: [0], 1: [1], 2: None, 3: [2, 3]}
SCORE: 1.767

-------------------

/sˈẽŋdɾe/ - /ʧˈɛndrə/
s-ʧ / ˈẽ-ˈɛ / ŋ-n / d-d / ɾ-r / e-ə
{0: [0], 1: [1], 2: [2], 3: [3], 4: [4], 5: [5]}
{0: [0], 1: [1], 2: [2], 3: [3], 4: [4], 5: [5]}
SCORE: 29.933

-------------------

/sˈĩŋk/ - /ʧˈinʨ/
s-ʧ / ˈĩ-ˈi / ŋ-n / k-ʨ
{0: [0], 1: [1], 2: [2], 3: [3]}
{0: [0], 1: [1], 2: [2], 3: [3]}
SCORE: 24.05

-------------------

/sˈybɾe/ - /sˈuːrə/
<#_s-<#_s / ∅-ˈuː / ˈy-∅ / b-∅ / ɾ-r / e-ə
{0: [0], 1: None, 2: [1], 3: [2], 4: [3], 5: [4]}
{0: [0], 1: [1], 2: None, 3: None, 4: [2], 5: [3]}
SCORE: 1.378

-------------------

/sˈɛt/ - /sˈɛt/
<#_s-<#_s / ˈɛ-ˈɛ / t-t
{0: [0], 1: [1], 2: [2]}
{0: [0], 1: [1], 2: [2]}
SCORE: 19.707

-------------------

/sˈɛw/ - /ʧˈiə̯l/
s-ʧ / ˈɛ-ˈiə̯ / w_#>-l_#>
{0: [0], 1: [1], 2: [2]}
{0: [0], 1: [1], 2: [2]}
SCORE: 16.753

-------------------

/tysˈi/ - /tusˈeːr/
<#_t-<#_t / ∅-u / y-∅ / s-s / ∅-ˈeː / ˈi-r
{0: [0], 1: None, 2: [1], 3: [2], 4: None, 5: [3]}
{0: [0], 1: [1], 2: None, 3: [2], 4: [3], 5: [4]}
SCORE: 1.314

-------------------

/tɾˈe/ - /trˈajs/
<#_t-<#_t / ɾ-r_ˈa / ˈe-j / #>-s_#>
{0: [0], 1: [1], 2: [2], 3: None}
{0: [0], 1: [1, 2], 2: [3], 3: [4]}
SCORE: 14.291

-------------------

/tˈawʀ/ - /tˈawr/
<#_t-<#_t / ˈa-ˈa / w-w / ʀ-r
{0: [0], 1: [1], 2: [2], 3: [3]}
{0: [0], 1: [1], 2: [2], 3: [3]}
SCORE: 21.704

-------------------

/tˈẽm/ - /tˈɛmp/
<#_t-<#_t / ˈẽ-ˈɛ / m-m / ∅-p
{0: [0], 1: [1], 2: [2], 3: None}
{0: [0], 1: [1], 2: [2], 3: [3]}
SCORE: 16.948

-------------------

/tˈu/ - /tˈut/
<#_t-<#_t / ˈu-ˈu_t
{0: [0], 1: [1]}
{0: [0], 1: [1, 2]}
SCORE: 13.657

-------------------

/tˈutej/ - /tˈuts/
<#_t-<#_t / ˈu-ˈu / t-t / e_j-s
{0: [0], 1: [1], 2: [2], 3: [3, 4]}
{0: [0], 1: [1], 2: [2], 3: [3]}
SCORE: 17.572

-------------------

/tˈy/ - /tˈiː/
<#_t-<#_t / ˈy-ˈiː
{0: [0], 1: [1]}
{0: [0], 1: [1]}
SCORE: 17.897

-------------------

/tˈɛstɔ/ - /tˈɛstə/
<#_t-<#_t / ˈɛ-ˈɛ / s-s / t-t / ɔ-ə
{0: [0], 1: [1], 2: [2], 3: [3], 4: [4]}
{0: [0], 1: [1], 2: [2], 3: [3], 4: [4]}
SCORE: 28.545

-------------------

/tˈɛʀɔ/ - /tˈɛːrə/
<#_t-<#_t / ˈɛ-ˈɛː / ʀ-r / ɔ-ə
{0: [0], 1: [1], 2: [2], 3: [3]}
{0: [0], 1: [1], 2: [2], 3: [3]}
SCORE: 24.566

-------------------

/udˈu/ - /odˈuːr/
u-o / d-d / ˈu-ˈuː / #>-r_#>
{0: [0], 1: [1], 2: [2], 3: None}
{0: [0], 1: [1], 2: [2], 3: [3]}
SCORE: 18.827

-------------------

/vedˈɛw/ - /vədˈɛː/
v-v / e-ə / d-d / ˈɛ-ˈɛː / w_#>-#>
{0: [0], 1: [1], 2: [2], 3: [3], 4: [4]}
{0: [0], 1: [1], 2: [2], 3: [3], 4: None}
SCORE: 20.893

-------------------

/venˈi/ - /vəɲˈiːr/
v-v / e-ə / ∅-ɲ / n-∅ / ˈi-ˈiː / #>-r_#>
{0: [0], 1: [1], 2: None, 3: [2], 4: [3], 5: None}
{0: [0], 1: [1], 2: [2], 3: None, 4: [3], 5: [4]}
SCORE: 6.557

-------------------

/vezˈĩŋ/ - /viʃˈin/
v-v / e-i / z-ʃ / ˈĩ-ˈi / ŋ-n
{0: [0], 1: [1], 2: [2], 3: [3], 4: [4]}
{0: [0], 1: [1], 2: [2], 3: [3], 4: [4]}
SCORE: 29.253

-------------------

/viˈaʤe/ - /vjˈaːdi/
v-v / i-j / ˈa-ˈaː / ʤ-d / e-i
{0: [0], 1: [1], 2: [2], 3: [3], 4: [4]}
{0: [0], 1: [1], 2: [2], 3: [3], 4: [4]}
SCORE: 20.575

-------------------

/vjˈɛj/ - /vˈɛʎ/
v-v / j-∅ / ˈɛ-ˈɛ / j-ʎ
{0: [0], 1: [1], 2: [2], 3: [3]}
{0: [0], 1: None, 2: [1], 3: [2]}
SCORE: 14.04

-------------------

/vulˈa/ - /ʒɡulˈaːr/
v-ʒ_ɡ / u-u / l-l / ˈa_#>-ˈaː_r_#>
{0: [0], 1: [1], 2: [2], 3: [3]}
{0: [0, 1], 1: [2], 2: [3], 3: [4, 5]}
SCORE: 18.862

-------------------

/vwˈew/ - /ʒɡˈɔl/
v-ʒ_ɡ / w_ˈe-ˈɔ / w_#>-l_#>
{0: [0], 1: [1, 2], 2: [3]}
{0: [0, 1], 1: [2], 2: [3]}
SCORE: 11.521

-------------------

/vˈakɔ/ - /vˈaʨə/
v-v / ˈa-ˈa / k-ʨ / ɔ-ə
{0: [0], 1: [1], 2: [2], 3: [3]}
{0: [0], 1: [1], 2: [2], 3: [3]}
SCORE: 22.102

-------------------

/vˈejɾe/ - /vezˈajr/
v-v / ∅-e / ∅-z / ˈe-ˈa / j-j / ɾ_e-r
{0: [0], 1: None, 2: None, 3: [1], 4: [2], 5: [3, 4]}
{0: [0], 1: [1], 2: [2], 3: [3], 4: [4], 5: [5]}
SCORE: 4.832

-------------------

/vˈeʀ/ - /vˈeːrt/
v-v / ˈe-ˈeː / ʀ-r_t
{0: [0], 1: [1], 2: [2]}
{0: [0], 1: [1], 2: [2, 3]}
SCORE: 13.844

-------------------

/vˈẽŋ/ - /vˈɛnt/
v-v / ˈẽ-ˈɛ / ŋ-n_t
{0: [0], 1: [1], 2: [2]}
{0: [0], 1: [1], 2: [2, 3]}
SCORE: 17.416

-------------------

/vˈẽŋtɾe/ - /vˈɛntər/
v-v / ˈẽ-ˈɛ / ŋ-n / t-t / ɾ_e-ə_r
{0: [0], 1: [1], 2: [2], 3: [3], 4: [4, 5]}
{0: [0], 1: [1], 2: [2], 3: [3], 4: [4, 5]}
SCORE: 29.654

-------------------

/vˈidɔ/ - /vˈiːtə/
v-v / ˈi-ˈiː / ∅-t / d-∅ / ɔ-ə
{0: [0], 1: [1], 2: None, 3: [2], 4: [3]}
{0: [0], 1: [1], 2: [2], 3: None, 4: [3]}
SCORE: 10.634

-------------------

/vˈilɔ/ - /vˈiːlə/
v-v / ˈi-ˈiː / l-l / ɔ-ə
{0: [0], 1: [1], 2: [2], 3: [3]}
{0: [0], 1: [1], 2: [2], 3: [3]}
SCORE: 25.503

-------------------

/vˈiɔ/ - /vˈiːə/
v-v / ˈi-ˈiː / ɔ-ə
{0: [0], 1: [1], 2: [2]}
{0: [0], 1: [1], 2: [2]}
SCORE: 20.634

-------------------

/vˈĩŋ/ - /vˈin/
v-v / ˈĩ-ˈi / ŋ-n
{0: [0], 1: [1], 2: [2]}
{0: [0], 1: [1], 2: [2]}
SCORE: 21.327

-------------------

/vˈĩŋ/ - /vˈɛnʨ/
v-v / ∅-ˈɛ / ˈĩ-∅ / ŋ-n_ʨ
{0: [0], 1: None, 2: [1], 3: [2]}
{0: [0], 1: [1], 2: None, 3: [2, 3]}
SCORE: 2.88

-------------------

/vˈu/ - /vˈus/
v-v / ˈu-ˈu / #>-s_#>
{0: [0], 1: [1], 2: None}
{0: [0], 1: [1], 2: [2]}
SCORE: 13.031

-------------------

/vˈus/ - /vˈuʃ/
v-v / ˈu-ˈu / s_#>-ʃ_#>
{0: [0], 1: [1], 2: [2]}
{0: [0], 1: [1], 2: [2]}
SCORE: 21.347

-------------------

/vˈɛni/ - /vˈɛɲ/
v-v / ˈɛ-ˈɛ / n-∅ / i-∅ / #>-ɲ_#>
{0: [0], 1: [1], 2: [2], 3: [3], 4: None}
{0: [0], 1: [1], 2: None, 3: None, 4: [2]}
SCORE: 1.989

-------------------

/vˈɛʀme/ - /vˈɛrm/
v-v / ˈɛ-ˈɛ / ʀ-r / m-m / e_#>-#>
{0: [0], 1: [1], 2: [2], 3: [3], 4: [4]}
{0: [0], 1: [1], 2: [2], 3: [3], 4: None}
SCORE: 20.869

-------------------

/wˈebɾɔ/ - /ˈɔːvrə/
w_ˈe-ˈɔː / b-v / ɾ_ɔ-r_ə
{0: [0, 1], 1: [2], 2: [3, 4]}
{0: [0], 1: [1], 2: [2, 3]}
SCORE: 19.492

-------------------

/wˈeme/ - /ˈum/
w-ˈu / ˈe-∅ / m-m / e_#>-#>
{0: [0], 1: [1], 2: [2], 3: [3]}
{0: [0], 1: None, 2: [1], 3: None}
SCORE: 4.682

-------------------

/wˈes/ - /ˈɔs/
w_ˈe-ˈɔ / s-s
{0: [0, 1], 1: [2]}
{0: [0], 1: [1]}
SCORE: 9.881

-------------------

/wˈeʀ/ - /ˈawr/
<#-<#_ˈa / w-w / ˈe-∅ / ʀ-r
{0: None, 1: [0], 2: [1], 3: [2]}
{0: [0], 1: [1], 2: None, 3: [2]}
SCORE: 5.531

-------------------

/ɔwsˈɛw/ - /uʧˈɛː/
∅-u / ɔ-∅ / w-∅ / s-ʧ / ˈɛ-ˈɛː / w_#>-#>
{0: None, 1: [0], 2: [1], 3: [2], 4: [3], 5: [4]}
{0: [0], 1: None, 2: None, 3: [1], 4: [2], 5: None}
SCORE: -3.225

-------------------

/ɡlˈas/ - /ɡlˈaʧ/
ɡ-ɡ / l-l / ˈa-ˈa / s-ʧ
{0: [0], 1: [1], 2: [2], 3: [3]}
{0: [0], 1: [1], 2: [2], 3: [3]}
SCORE: 25.416

-------------------

/ɡɾwˈes/ - /ɡrˈɔs/
ɡ-ɡ / ɾ-r / w_ˈe-ˈɔ / s-s
{0: [0], 1: [1], 2: [2, 3], 3: [4]}
{0: [0], 1: [1], 2: [2], 3: [3]}
SCORE: 20.366

-------------------

/ɡɾˈajsɔ/ - /ɡrˈas/
ɡ-ɡ / ɾ_ˈa-r_ˈa / j-∅ / s_ɔ-s
{0: [0], 1: [1, 2], 2: [3], 3: [4, 5]}
{0: [0], 1: [1, 2], 2: None, 3: [3]}
SCORE: 17.012

-------------------

/ɡɾˈãŋ/ - /ɡrˈawn/
ɡ-ɡ / ɾ-r / ˈã-ˈa_w / ŋ-n
{0: [0], 1: [1], 2: [2], 3: [3]}
{0: [0], 1: [1], 2: [2, 3], 3: [4]}
SCORE: 21.526

-------------------

/ɡɾˈãŋ/ - /ɡrˈɔnt/
ɡ-ɡ / ɾ-r / ˈã-ˈɔ / ŋ-n_t
{0: [0], 1: [1], 2: [2], 3: [3]}
{0: [0], 1: [1], 2: [2], 3: [3, 4]}
SCORE: 22.38

-------------------

/ɡˈulɔ/ - /ɡˈuːlə/
ɡ-ɡ / ˈu-ˈuː / l-l / ɔ-ə
{0: [0], 1: [1], 2: [2], 3: [3]}
{0: [0], 1: [1], 2: [2], 3: [3]}
SCORE: 26.514

-------------------

/ɡˈutɔ/ - /ɡˈut/
ɡ-ɡ / ˈu-ˈu / t-t / ɔ_#>-#>
{0: [0], 1: [1], 2: [2], 3: [3]}
{0: [0], 1: [1], 2: [2], 3: None}
SCORE: 18.568

-------------------

/ɥˈej/ - /ˈɛʎ/
<#_ɥ-<#_ˈɛ / ˈe_j-ʎ
{0: [0], 1: [1, 2]}
{0: [0], 1: [1]}
SCORE: 12.562

-------------------

/ɥˈej/ - /ˈɛʎs/
<#_ɥ-<#_ˈɛ / ˈe_j-ʎ / #>-s_#>
{0: [0], 1: [1, 2], 2: None}
{0: [0], 1: [1], 2: [2]}
SCORE: 9.906

-------------------

/ɥˈeʧ/ - /ˈoʨ/
ɥ_ˈe-ˈo / ʧ-ʨ
{0: [0, 1], 1: [2]}
{0: [0], 1: [1]}
SCORE: 11.34

-------------------

/ɥˈɔw/ - /ˈɔf/
ɥ-ˈɔ / ˈɔ_w-f
{0: [0], 1: [1, 2]}
{0: [0], 1: [1]}
SCORE: 4.154

-------------------

/ʀazˈũŋ/ - /raʃˈun/
<#_ʀ-<#_r / ∅-a / a-∅ / z-ʃ / ˈũ-ˈu / ŋ-n
{0: [0], 1: None, 2: [1], 3: [2], 4: [3], 5: [4]}
{0: [0], 1: [1], 2: None, 3: [2], 4: [3], 5: [4]}
SCORE: 16.851

-------------------

/ʀaˈis/ - /rəʥˈiʃ/
<#_ʀ-<#_r / a-ə / ∅-ʥ / ∅-ˈi / ˈi-∅ / s_#>-ʃ_#>
{0: [0], 1: [1], 2: None, 3: None, 4: [2], 5: [3]}
{0: [0], 1: [1], 2: [2], 3: [3], 4: None, 5: [4]}
SCORE: 6.41

-------------------

/ʀedˈũŋ/ - /rədˈunt/
<#_ʀ-<#_r / e-ə / d-d / ˈũ-ˈu / ŋ-n_t
{0: [0], 1: [1], 2: [2], 3: [3], 4: [4]}
{0: [0], 1: [1], 2: [2], 3: [3], 4: [4, 5]}
SCORE: 27.437

-------------------

/ʀumˈãŋ/ - /romˈan/
<#_ʀ-<#_r / u-o / m-m / ˈã-ˈa / ŋ-n
{0: [0], 1: [1], 2: [2], 3: [3], 4: [4]}
{0: [0], 1: [1], 2: [2], 3: [3], 4: [4]}
SCORE: 30.076

-------------------

/ʀwˈedɔ/ - /rˈɔːdə/
<#_ʀ-<#_r / w_ˈe-ˈɔː / d-d / ɔ-ə
{0: [0], 1: [1, 2], 2: [3], 3: [4]}
{0: [0], 1: [1], 2: [2], 3: [3]}
SCORE: 24.268

-------------------

/ʤelˈa/ - /ʃəlˈaːr/
ʤ-ʃ / e-ə / l-l / ˈa_#>-ˈaː_r_#>
{0: [0], 1: [1], 2: [2], 3: [3]}
{0: [0], 1: [1], 2: [2], 3: [3, 4]}
SCORE: 17.503

-------------------

/ʤinˈuj/ - /ʃənˈuʎ/
ʤ-ʃ / ∅-ə / i-∅ / n-n / ˈu-ˈu / j-ʎ
{0: [0], 1: None, 2: [1], 3: [2], 4: [3], 5: [4]}
{0: [0], 1: [1], 2: None, 3: [2], 4: [3], 5: [4]}
SCORE: 11.066

-------------------

/ʤwˈek/ - /ʥjˈɛw/
ʤ-ʥ / w-j / ˈe-ˈɛ / k-w
{0: [0], 1: [1], 2: [2], 3: [3]}
{0: [0], 1: [1], 2: [2], 3: [3]}
SCORE: 11.817

-------------------

/ʤˈẽŋdɾe/ - /ʃˈɛndər/
ʤ-ʃ / ˈẽ-ˈɛ / ŋ-n / d-d / ɾ_e-ə_r
{0: [0], 1: [1], 2: [2], 3: [3], 4: [4, 5]}
{0: [0], 1: [1], 2: [2], 3: [3], 4: [4, 5]}
SCORE: 27.097

-------------------

/ʤˈuve/ - /ʥˈuːvən/
ʤ-ʥ / ˈu-ˈuː / v-v / e-ə / #>-n_#>
{0: [0], 1: [1], 2: [2], 3: [3], 4: None}
{0: [0], 1: [1], 2: [2], 3: [3], 4: [4]}
SCORE: 23.334

-------------------

/ˈajɡɔ/ - /ˈawə/
<#_ˈa-<#_ˈa / ∅-w / j-∅ / ɡ-∅ / ɔ-ə
{0: [0], 1: None, 2: [1], 3: [2], 4: [3]}
{0: [0], 1: [1], 2: None, 3: None, 4: [2]}
SCORE: 0.54

-------------------

/ˈawbɔ/ - /ˈalvə/
<#_ˈa-<#_ˈa / w-l / b-v / ɔ-ə
{0: [0], 1: [1], 2: [2], 3: [3]}
{0: [0], 1: [1], 2: [2], 3: [3]}
SCORE: 20.086

-------------------

/ˈawkɔ/ - /ˈawkə/
<#_ˈa-<#_ˈa / w-w / k-k / ɔ-ə
{0: [0], 1: [1], 2: [2], 3: [3]}
{0: [0], 1: [1], 2: [2], 3: [3]}
SCORE: 23.002

-------------------

/ˈawtɾe/ - /ˈawtər/
<#_ˈa-<#_ˈa / w-w / t-t / ɾ_e-ə_r
{0: [0], 1: [1], 2: [2], 3: [3, 4]}
{0: [0], 1: [1], 2: [2], 3: [3, 4]}
SCORE: 24.754

-------------------

/ˈaʀmɔ/ - /ˈɔlmə/
<#_ˈa-<# / ∅-ˈɔ / ∅-l / ʀ-∅ / m-m / ɔ-ə
{0: [0], 1: None, 2: None, 3: [1], 4: [2], 5: [3]}
{0: None, 1: [0], 2: [1], 3: None, 4: [2], 5: [3]}
SCORE: -3.862

-------------------

/ˈãŋ/ - /ˈɔn/
ˈã-ˈɔ / ŋ-n
{0: [0], 1: [1]}
{0: [0], 1: [1]}
SCORE: 13.812

-------------------

/ˈãŋʤew/ - /ˈaŋɡəl/
ˈã-ˈa / ŋ-ŋ / ∅-ɡ / ʤ-∅ / e-ə / w_#>-l_#>
{0: [0], 1: [1], 2: None, 3: [2], 4: [3], 5: [4]}
{0: [0], 1: [1], 2: [2], 3: None, 4: [3], 5: [4]}
SCORE: 10.071

-------------------

/ˈelɔ/ - /ˈelə/
ˈe-ˈe / l-l / ɔ-ə
{0: [0], 1: [1], 2: [2]}
{0: [0], 1: [1], 2: [2]}
SCORE: 17.963

-------------------

/ˈuʀ/ - /ˈuːrs/
ˈu-ˈuː / ʀ-r / #>-s_#>
{0: [0], 1: [1], 2: None}
{0: [0], 1: [1], 2: [2]}
SCORE: 12.092

-------------------

/ˈũŋɡlɔ/ - /ˈuŋɡlə/
ˈũ-ˈu / ŋ-ŋ / ɡ-ɡ / l-l / ɔ-ə
{0: [0], 1: [1], 2: [2], 3: [3], 4: [4]}
{0: [0], 1: [1], 2: [2], 3: [3], 4: [4]}
SCORE: 31.185

-------------------

/ˈỹŋ/ - /ˈin/
∅-ˈi / ˈỹ-∅ / ŋ-n
{0: None, 1: [0], 2: [1]}
{0: [0], 1: None, 2: [1]}
SCORE: -0.801

-------------------

/ˈɛʀbɔ/ - /ˈɛːrvə/
ˈɛ-ˈɛː / ʀ-r / b-v / ɔ-ə
{0: [0], 1: [1], 2: [2], 3: [3]}
{0: [0], 1: [1], 2: [2], 3: [3]}
SCORE: 21.459
