/aj/ - /ˈaj/
<#_a-<#_ˈa / j-j
{0: [0], 1: [1]}
{0: [0], 1: [1]}
SCORE: 12.485

-------------------

/am/ - /ˈanma/
<#_a-<#_ˈa / ∅-n / m-m / #>-a_#>
{0: [0], 1: None, 2: [1], 3: None}
{0: [0], 1: [1], 2: [2], 3: [3]}
SCORE: 6.856

-------------------

/ano/ - /anˈɛl/
<#_a-<#_a / n-n / o-ˈɛ_l
{0: [0], 1: [1], 2: [2]}
{0: [0], 1: [1], 2: [2, 3]}
SCORE: 21.553

-------------------

/aɲo/ - /aɲˈɛl/
<#_a-<#_a / ɲ-ɲ / o-ˈɛ_l
{0: [0], 1: [1], 2: [2]}
{0: [0], 1: [1], 2: [2, 3]}
SCORE: 24.335

-------------------

/aʁbʁ/ - /ˈarbra/
<#_a-<#_ˈa / ʁ-r / b-b / ʁ-r / #>-a_#>
{0: [0], 1: [1], 2: [2], 3: [3], 4: None}
{0: [0], 1: [1], 2: [2], 3: [3], 4: [4]}
SCORE: 17.5

-------------------

/aʁeɲe/ - /arˈaɲ/
<#_a-<#_a / ʁ-r / e-ˈa / ɲ-ɲ / e_#>-#>
{0: [0], 1: [1], 2: [2], 3: [3], 4: [4]}
{0: [0], 1: [1], 2: [2], 3: [3], 4: None}
SCORE: 21.997

-------------------

/ba/ - /bˈas/
b-b / a-ˈa / #>-s_#>
{0: [0], 1: [1], 2: None}
{0: [0], 1: [1], 2: [2]}
SCORE: 13.811

-------------------

/bjɛ̃/ - /bˈɛn/
b-b / j-ˈɛ / ɛ̃-n
{0: [0], 1: [1], 2: [2]}
{0: [0], 1: [1], 2: [2]}
SCORE: 13.971

-------------------

/blɑ̃/ - /bjˈaŋk/
b-b / l-j / ɑ̃-ˈa_ŋ / #>-k_#>
{0: [0], 1: [1], 2: [2], 3: None}
{0: [0], 1: [1], 2: [2, 3], 3: [4]}
SCORE: 13.643

-------------------

/bo/ - /bˈɛl/
b-b / o-ˈɛ_l
{0: [0], 1: [1]}
{0: [0], 1: [1, 2]}
SCORE: 16.445

-------------------

/buʃ/ - /bˈuka/
b-b / u-ˈu / ʃ-k_a
{0: [0], 1: [1], 2: [2]}
{0: [0], 1: [1], 2: [2, 3]}
SCORE: 19.648

-------------------

/bwaʁ/ - /bˈejve/
b-b / w-ˈe / a-j / ʁ-v_e
{0: [0], 1: [1], 2: [2], 3: [3]}
{0: [0], 1: [1], 2: [2], 3: [3, 4]}
SCORE: 19.321

-------------------

/bœf/ - /bˈø/
b-b / œ-ˈø / f_#>-#>
{0: [0], 1: [1], 2: [2]}
{0: [0], 1: [1], 2: None}
SCORE: 14.914

-------------------

/bɔn/ - /bˈuna/
b-b / ɔ-ˈu / n-n / #>-a_#>
{0: [0], 1: [1], 2: [2], 3: None}
{0: [0], 1: [1], 2: [2], 3: [3]}
SCORE: 15.47

-------------------

/bɔn/ - /bˈune/
b-b / ɔ-ˈu / n-n / #>-e_#>
{0: [0], 1: [1], 2: [2], 3: None}
{0: [0], 1: [1], 2: [2], 3: [3]}
SCORE: 15.42

-------------------

/bɔ̃/ - /bˈuŋ/
b-b / ɔ̃-ˈu_ŋ
{0: [0], 1: [1]}
{0: [0], 1: [1, 2]}
SCORE: 17.176

-------------------

/bɛl/ - /bˈɛla/
b-b / ɛ-ˈɛ / l-l / #>-a_#>
{0: [0], 1: [1], 2: [2], 3: None}
{0: [0], 1: [1], 2: [2], 3: [3]}
SCORE: 17.723

-------------------

/bɛ̃/ - /bˈaɲ/
b-b / ɛ̃-ˈa / ∅-ɲ
{0: [0], 1: [1], 2: None}
{0: [0], 1: [1], 2: [2]}
SCORE: 9.731

-------------------

/di/ - /dˈez/
d-d / i-ˈe / #>-z_#>
{0: [0], 1: [1], 2: None}
{0: [0], 1: [1], 2: [2]}
SCORE: 10.745

-------------------

/diʁ/ - /dˈi/
d-d / i-ˈi / ʁ_#>-#>
{0: [0], 1: [1], 2: [2]}
{0: [0], 1: [1], 2: None}
SCORE: 13.339

-------------------

/du/ - /dˈus/
d-d / u-ˈu / #>-s_#>
{0: [0], 1: [1], 2: None}
{0: [0], 1: [1], 2: [2]}
SCORE: 15.242

-------------------

/duz/ - /dˈudez/
d-d / u-ˈu / ∅-d / ∅-e / z-z
{0: [0], 1: [1], 2: None, 3: None, 4: [2]}
{0: [0], 1: [1], 2: [2], 3: [3], 4: [4]}
SCORE: 12.768

-------------------

/dwa/ - /dˈil/
d-d / ∅-ˈi / w-∅ / a-l
{0: [0], 1: None, 2: [1], 3: [2]}
{0: [0], 1: [1], 2: None, 3: [2]}
SCORE: 1.225

-------------------

/dø/ - /dˈue/
d-d / ∅-ˈu / ø-∅ / #>-e_#>
{0: [0], 1: None, 2: [1], 3: None}
{0: [0], 1: [1], 2: None, 3: [2]}
SCORE: -0.814

-------------------

/dɑ̃/ - /dˈɛŋt/
d-d / ɑ̃-ˈɛ_ŋ / #>-t_#>
{0: [0], 1: [1], 2: None}
{0: [0], 1: [1, 2], 2: [3]}
SCORE: 16.516

-------------------

/dɔʁmiʁ/ - /dˈørme/
d-d / ∅-ˈø / ɔ-∅ / ʁ-r / m-m / i_ʁ-e
{0: [0], 1: None, 2: [1], 3: [2], 4: [3], 5: [4, 5]}
{0: [0], 1: [1], 2: None, 3: [2], 4: [3], 5: [4]}
SCORE: 12.914

-------------------

/dɔ̃/ - /dˈuŋ/
d-d / ɔ̃-ˈu_ŋ
{0: [0], 1: [1]}
{0: [0], 1: [1, 2]}
SCORE: 16.881

-------------------

/ekute/ - /skutˈe/
e_k-s_k / u-u / t-t / e_#>-ˈe_#>
{0: [0, 1], 1: [2], 2: [3], 3: [4]}
{0: [0, 1], 1: [2], 2: [3], 3: [4]}
SCORE: 24.624

-------------------

/ekɔʁs/ - /skˈɔrsa/
e_k-s_k / ɔ-ˈɔ / ʁ-r / s-s_a
{0: [0, 1], 1: [2], 2: [3], 3: [4]}
{0: [0, 1], 1: [2], 2: [3], 3: [4, 5]}
SCORE: 21.238

-------------------

/ekʁiʁ/ - /skrˈive/
e_k-s_k / ʁ-r / i-ˈi / ʁ-v_e
{0: [0, 1], 1: [2], 2: [3], 3: [4]}
{0: [0, 1], 1: [2], 2: [3], 3: [4, 5]}
SCORE: 19.927

-------------------

/epe/ - /spˈa/
e_p-s_p / e_#>-ˈa_#>
{0: [0, 1], 1: [2]}
{0: [0, 1], 1: [2]}
SCORE: 15.172

-------------------

/epi/ - /spˈi/
e_p-s_p / i-ˈi
{0: [0, 1], 1: [2]}
{0: [0, 1], 1: [2]}
SCORE: 15.381

-------------------

/epin/ - /spˈiŋa/
e_p-s_p / i-ˈi / n-ŋ_a
{0: [0, 1], 1: [2], 2: [3]}
{0: [0, 1], 1: [2], 2: [3, 4]}
SCORE: 20.013

-------------------

/ete/ - /istˈa/
∅-i / e-s / t-t / e_#>-ˈa_#>
{0: None, 1: [0], 2: [1], 3: [2]}
{0: [0], 1: [1], 2: [2], 3: [3]}
SCORE: 7.29

-------------------

/etwal/ - /stˈejla/
e-s / t-t / w-ˈe / a-j / l-l / #>-a_#>
{0: [0], 1: [1], 2: [2], 3: [3], 4: [4], 5: None}
{0: [0], 1: [1], 2: [2], 3: [3], 4: [4], 5: [5]}
SCORE: 15.627

-------------------

/eɡal/ - /eɡwˈal/
∅-e / e-∅ / ɡ-ɡ / a-w_ˈa / l-l
{0: None, 1: [0], 2: [1], 3: [2], 4: [3]}
{0: [0], 1: None, 2: [1], 3: [2, 3], 4: [4]}
SCORE: 8.292

-------------------

/faʁin/ - /farˈiŋa/
f-f / a-a / ʁ-r / i-ˈi / n-ŋ_a
{0: [0], 1: [1], 2: [2], 3: [3], 4: [4]}
{0: [0], 1: [1], 2: [2], 3: [3], 4: [4, 5]}
SCORE: 25.311

-------------------

/fij/ - /fˈija/
f-f / i-ˈi / j-j / #>-a_#>
{0: [0], 1: [1], 2: [2], 3: None}
{0: [0], 1: [1], 2: [2], 3: [3]}
SCORE: 18.073

-------------------

/fil/ - /fˈil/
f-f / i-ˈi / l-l
{0: [0], 1: [1], 2: [2]}
{0: [0], 1: [1], 2: [2]}
SCORE: 20.349

-------------------

/fis/ - /fˈij/
f-f / i-ˈi / s-j
{0: [0], 1: [1], 2: [2]}
{0: [0], 1: [1], 2: [2]}
SCORE: 13.272

-------------------

/flam/ - /fjˈama/
f-f / l-j / a-ˈa / m-m / #>-a_#>
{0: [0], 1: [1], 2: [2], 3: [3], 4: None}
{0: [0], 1: [1], 2: [2], 3: [3], 4: [4]}
SCORE: 19.606

-------------------

/flœʁ/ - /fjˈur/
f-f / l-j / œ_ʁ-ˈu_r
{0: [0], 1: [1], 2: [2, 3]}
{0: [0], 1: [1], 2: [2, 3]}
SCORE: 20.81

-------------------

/fo/ - /fˈaws/
f-f / o-ˈa_w / #>-s_#>
{0: [0], 1: [1], 2: None}
{0: [0], 1: [1, 2], 2: [3]}
SCORE: 15.184

-------------------

/fu/ - /fˈɔl/
f-f / u-ˈɔ_l
{0: [0], 1: [1]}
{0: [0], 1: [1, 2]}
SCORE: 13.251

-------------------

/fwa/ - /fˈedik/
f-f / w_a-ˈe / ∅-d / ∅-i / #>-k_#>
{0: [0], 1: [1, 2], 2: None, 3: None, 4: None}
{0: [0], 1: [1], 2: [2], 3: [3], 4: [4]}
SCORE: 3.625

-------------------

/fyme/ - /fˈym/
f-f / y-ˈy / m-m / e_#>-#>
{0: [0], 1: [1], 2: [2], 3: [3]}
{0: [0], 1: [1], 2: [2], 3: None}
SCORE: 21.064

-------------------

/fø/ - /fˈøɡ/
f-f / ø-ˈø_ɡ
{0: [0], 1: [1]}
{0: [0], 1: [1, 2]}
SCORE: 17.628

-------------------

/fœj/ - /fˈøja/
f-f / œ-ˈø / j-j / #>-a_#>
{0: [0], 1: [1], 2: [2], 3: None}
{0: [0], 1: [1], 2: [2], 3: [3]}
SCORE: 18.89

-------------------

/fɔʁ/ - /fˈɔrt/
f-f / ɔ-ˈɔ / ʁ-r / #>-t_#>
{0: [0], 1: [1], 2: [2], 3: None}
{0: [0], 1: [1], 2: [2], 3: [3]}
SCORE: 18.635

-------------------

/fɔʁs/ - /fˈɔrsa/
f-f / ɔ-ˈɔ / ʁ-r / s-s_a
{0: [0], 1: [1], 2: [2], 3: [3]}
{0: [0], 1: [1], 2: [2], 3: [3, 4]}
SCORE: 21.769

-------------------

/fɛt/ - /fˈɛsta/
f-f / ɛ-ˈɛ / t-s / #>-t_a_#>
{0: [0], 1: [1], 2: [2], 3: None}
{0: [0], 1: [1], 2: [2], 3: [3, 4]}
SCORE: 14.539

-------------------

/fɛʁ/ - /fˈe/
f-f / ɛ-ˈe / ʁ_#>-#>
{0: [0], 1: [1], 2: [2]}
{0: [0], 1: [1], 2: None}
SCORE: 10.265

-------------------

/fɛʁ/ - /fˈɛr/
f-f / ɛ-ˈɛ / ʁ-r
{0: [0], 1: [1], 2: [2]}
{0: [0], 1: [1], 2: [2]}
SCORE: 17.064

-------------------

/fɛ̃/ - /fˈam/
f-f / ɛ̃-ˈa / #>-m_#>
{0: [0], 1: [1], 2: None}
{0: [0], 1: [1], 2: [2]}
SCORE: 11.422

-------------------

/fɛ̃/ - /fˈin/
f-f / ɛ̃-ˈi / #>-n_#>
{0: [0], 1: [1], 2: None}
{0: [0], 1: [1], 2: [2]}
SCORE: 12.959

-------------------

/fɛ̃/ - /fˈiŋ/
f-f / ɛ̃-ˈi_ŋ
{0: [0], 1: [1]}
{0: [0], 1: [1, 2]}
SCORE: 14.937

-------------------

/fʁwa/ - /frˈejd/
f-f / ʁ-r / w-ˈe / a-j / ∅-d
{0: [0], 1: [1], 2: [2], 3: [3], 4: None}
{0: [0], 1: [1], 2: [2], 3: [3], 4: [4]}
SCORE: 13.965

-------------------

/fʁɛʁ/ - /frˈar/
f-f / ʁ-r / ɛ_ʁ-ˈa_r
{0: [0], 1: [1], 2: [2, 3]}
{0: [0], 1: [1], 2: [2, 3]}
SCORE: 20.367

-------------------

/il/ - /ˈisla/
i-ˈi / ∅-s / l-l / #>-a_#>
{0: [0], 1: None, 2: [1], 3: None}
{0: [0], 1: [1], 2: [2], 3: [3]}
SCORE: 7.524

-------------------

/ivɛʁ/ - /invˈɛrn/
i-i / ∅-n / v-v / ɛ-ˈɛ / ʁ-r / #>-n_#>
{0: [0], 1: None, 2: [1], 3: [2], 4: [3], 5: None}
{0: [0], 1: [1], 2: [2], 3: [3], 4: [4], 5: [5]}
SCORE: 12.582

-------------------

/jø/ - /ˈøj/
<#-<#_ˈø / j-j / ø_#>-#>
{0: None, 1: [0], 2: [1]}
{0: [0], 1: [1], 2: None}
SCORE: 5.17

-------------------

/kaj/ - /kwˈaja/
k-k / a-w_ˈa / j-j / #>-a_#>
{0: [0], 1: [1], 2: [2], 3: None}
{0: [0], 1: [1, 2], 2: [3], 3: [4]}
SCORE: 14.26

-------------------

/katʁ/ - /kwˈatr/
k-k / a-w_ˈa / t-t / ʁ-r
{0: [0], 1: [1], 2: [2], 3: [3]}
{0: [0], 1: [1, 2], 2: [3], 3: [4]}
SCORE: 19.24

-------------------

/ki/ - /kˈi/
k-k / i-ˈi
{0: [0], 1: [1]}
{0: [0], 1: [1]}
SCORE: 14.949

-------------------

/klame/ - /ʧamˈe/
k_l-ʧ / a-a / m-m / e_#>-ˈe_#>
{0: [0, 1], 1: [2], 2: [3], 3: [4]}
{0: [0], 1: [1], 2: [2], 3: [3]}
SCORE: 23.598

-------------------

/kle/ - /ʧˈav/
k_l-ʧ / e-ˈa / #>-v_#>
{0: [0, 1], 1: [2], 2: None}
{0: [0], 1: [1], 2: [2]}
SCORE: 13.328

-------------------

/kot/ - /kˈɔsta/
k-k / o-ˈɔ_s / t_#>-t_a_#>
{0: [0], 1: [1], 2: [2]}
{0: [0], 1: [1, 2], 2: [3, 4]}
SCORE: 19.725

-------------------

/ku/ - /kˈulp/
k-k / u-ˈu / ∅-l / #>-p_#>
{0: [0], 1: [1], 2: None, 3: None}
{0: [0], 1: [1], 2: [2], 3: [3]}
SCORE: 8.561

-------------------

/ku/ - /kˈɔl/
k-k / u-ˈɔ_l
{0: [0], 1: [1]}
{0: [0], 1: [1, 2]}
SCORE: 12.37

-------------------

/kulœʁ/ - /kulˈɔr/
k-k / u-u / l-l / ∅-ˈɔ / œ_ʁ-r
{0: [0], 1: [1], 2: [2], 3: None, 4: [3, 4]}
{0: [0], 1: [1], 2: [2], 3: [3], 4: [4]}
SCORE: 15.253

-------------------

/kuʁ/ - /kˈyrt/
k-k / u-ˈy / ʁ-r / #>-t_#>
{0: [0], 1: [1], 2: [2], 3: None}
{0: [0], 1: [1], 2: [2], 3: [3]}
SCORE: 15.185

-------------------

/kwa/ - /kˈe/
k-k / w_a-ˈe
{0: [0], 1: [1, 2]}
{0: [0], 1: [1]}
SCORE: 13.009

-------------------

/ky/ - /kˈyl/
k-k / y-ˈy / #>-l_#>
{0: [0], 1: [1], 2: None}
{0: [0], 1: [1], 2: [2]}
SCORE: 14.123

-------------------

/kœʁ/ - /kˈør/
k-k / œ-ˈø / ʁ-r
{0: [0], 1: [1], 2: [2]}
{0: [0], 1: [1], 2: [2]}
SCORE: 18.236

-------------------

/kɔnɛtʁ/ - /kunˈɔse/
k-k / ɔ-u / n-n / ɛ-ˈɔ / t_ʁ-s_e
{0: [0], 1: [1], 2: [2], 3: [3], 4: [4, 5]}
{0: [0], 1: [1], 2: [2], 3: [3], 4: [4, 5]}
SCORE: 23.815

-------------------

/kɔʁ/ - /kˈɔrp/
k-k / ɔ-ˈɔ / ʁ-r / #>-p_#>
{0: [0], 1: [1], 2: [2], 3: None}
{0: [0], 1: [1], 2: [2], 3: [3]}
SCORE: 16.581

-------------------

/kɔʁn/ - /kˈɔrn/
k-k / ɔ-ˈɔ / ʁ-r / n-n
{0: [0], 1: [1], 2: [2], 3: [3]}
{0: [0], 1: [1], 2: [2], 3: [3]}
SCORE: 22.807

-------------------

/kɥis/ - /kˈøsa/
k-k / ɥ_i-ˈø / s-s_a
{0: [0], 1: [1, 2], 2: [3]}
{0: [0], 1: [1], 2: [2, 3]}
SCORE: 15.317

-------------------

/kʁwa/ - /krˈuz/
k-k / ʁ-r / w-ˈu / a-z
{0: [0], 1: [1], 2: [2], 3: [3]}
{0: [0], 1: [1], 2: [2], 3: [3]}
SCORE: 13.03

-------------------

/kʁwaʁ/ - /kərdˈe/
k-k / ʁ-ə_r / w-d / a-ˈe / ʁ_#>-#>
{0: [0], 1: [1], 2: [2], 3: [3], 4: [4]}
{0: [0], 1: [1, 2], 2: [3], 3: [4], 4: None}
SCORE: 4.925

-------------------

/laʁm/ - /lˈerma/
<#_l-<#_l / a-ˈe / ʁ-r / m-m / #>-a_#>
{0: [0], 1: [1], 2: [2], 3: [3], 4: None}
{0: [0], 1: [1], 2: [2], 3: [3], 4: [4]}
SCORE: 18.732

-------------------

/li/ - /lˈɛt/
l_i-l_ˈɛ / #>-t_#>
{0: [0, 1], 1: None}
{0: [0, 1], 1: [2]}
SCORE: 11.607

-------------------

/livʁ/ - /lˈiber/
<#_l-<#_l / i-ˈi / ∅-b / v-∅ / ʁ-e_r
{0: [0], 1: [1], 2: None, 3: [2], 4: [3]}
{0: [0], 1: [1], 2: [2], 3: None, 4: [3, 4]}
SCORE: 5.593

-------------------

/liʁ/ - /lˈɛze/
l_i-l_ˈɛ / ʁ-z_e
{0: [0, 1], 1: [2]}
{0: [0, 1], 1: [2, 3]}
SCORE: 11.483

-------------------

/ljø/ - /lˈøɡ/
<#_l-<#_l / j-∅ / ø-ˈø_ɡ
{0: [0], 1: [1], 2: [2]}
{0: [0], 1: None, 2: [1, 2]}
SCORE: 12.162

-------------------

/ljɔ̃/ - /ljˈuŋ/
<#_l-<#_l / j-j / ɔ̃-ˈu_ŋ
{0: [0], 1: [1], 2: [2]}
{0: [0], 1: [1], 2: [2, 3]}
SCORE: 20.345

-------------------

/ljɛvʁ/ - /lˈɛvr/
<#_l-<#_l / j_ɛ-ˈɛ / v-v / ʁ-r
{0: [0], 1: [1, 2], 2: [3], 3: [4]}
{0: [0], 1: [1], 2: [2], 3: [3]}
SCORE: 20.698

-------------------

/lu/ - /lˈyv/
<#_l-<#_l / u-ˈy / #>-v_#>
{0: [0], 1: [1], 2: None}
{0: [0], 1: [1], 2: [2]}
SCORE: 13.192

-------------------

/lwa/ - /lˈeʤe/
<#_l-<#_l / w_a-ˈe / ∅-ʤ / #>-e_#>
{0: [0], 1: [1, 2], 2: None, 3: None}
{0: [0], 1: [1], 2: [2], 3: [3]}
SCORE: 6.315

-------------------

/lyn/ - /lˈyŋa/
<#_l-<#_l / y-ˈy / n-ŋ_a
{0: [0], 1: [1], 2: [2]}
{0: [0], 1: [1], 2: [2, 3]}
SCORE: 21.901

-------------------

/lyt/ - /lˈɔta/
<#_l-<#_l / ∅-ˈɔ / y-∅ / t_#>-t_a_#>
{0: [0], 1: None, 2: [1], 3: [2]}
{0: [0], 1: [1], 2: None, 3: [2, 3]}
SCORE: 5.264

-------------------

/lɑ̃ɡ/ - /lˈɛŋɡa/
<#_l-<#_l / ɑ̃-ˈɛ_ŋ / ɡ-ɡ / #>-a_#>
{0: [0], 1: [1], 2: [2], 3: None}
{0: [0], 1: [1, 2], 2: [3], 3: [4]}
SCORE: 20.2

-------------------

/lɔ̃/ - /lˈuŋɡ/
<#_l-<#_l / ɔ̃-ˈu_ŋ / #>-ɡ_#>
{0: [0], 1: [1], 2: None}
{0: [0], 1: [1, 2], 2: [3]}
SCORE: 13.264

-------------------

/ləve/ - /levˈe/
<#_l-<#_l / ə-e / v-v / e_#>-ˈe_#>
{0: [0], 1: [1], 2: [2], 3: [3]}
{0: [0], 1: [1], 2: [2], 3: [3]}
SCORE: 23.149

-------------------

/lɛ/ - /lˈajt/
l_ɛ-l_ˈa / ∅-j / #>-t_#>
{0: [0, 1], 1: None, 2: None}
{0: [0, 1], 1: [2], 2: [3]}
SCORE: 9.947

-------------------

/lɛn/ - /lˈaŋa/
l_ɛ-l_ˈa / n-ŋ_a
{0: [0, 1], 1: [2]}
{0: [0, 1], 1: [2, 3]}
SCORE: 19.516

-------------------

/mate/ - /masˈe/
m-m / a-a / t-s / e_#>-ˈe_#>
{0: [0], 1: [1], 2: [2], 3: [3]}
{0: [0], 1: [1], 2: [2], 3: [3]}
SCORE: 19.999

-------------------

/mi/ - /mˈika/
m-m / i-ˈi / ∅-k / #>-a_#>
{0: [0], 1: [1], 2: None, 3: None}
{0: [0], 1: [1], 2: [2], 3: [3]}
SCORE: 8.735

-------------------

/mil/ - /mˈila/
m-m / i-ˈi / l-l / #>-a_#>
{0: [0], 1: [1], 2: [2], 3: None}
{0: [0], 1: [1], 2: [2], 3: [3]}
SCORE: 18.255

-------------------

/mjø/ - /mˈej/
m-m / ∅-ˈe / j-j / ø_#>-#>
{0: [0], 1: None, 2: [1], 3: [2]}
{0: [0], 1: [1], 2: [2], 3: None}
SCORE: 6.867

-------------------

/mjɛl/ - /mˈɛl/
m-m / j_ɛ-ˈɛ / l-l
{0: [0], 1: [1, 2], 2: [3]}
{0: [0], 1: [1], 2: [2]}
SCORE: 18.079

-------------------

/muʁiʁ/ - /mˈøjre/
m-m / ∅-ˈø / u-j / ʁ-r / i_ʁ-e
{0: [0], 1: None, 2: [1], 3: [2], 4: [3, 4]}
{0: [0], 1: [1], 2: [2], 3: [3], 4: [4]}
SCORE: 12.988

-------------------

/muʃ/ - /mˈuska/
m-m / u-ˈu_s / ʃ-k_a
{0: [0], 1: [1], 2: [2]}
{0: [0], 1: [1, 2], 2: [3, 4]}
SCORE: 17.132

-------------------

/myʁ/ - /madˈyr/
m-m / ∅-a / ∅-d / y-ˈy / ʁ-r
{0: [0], 1: None, 2: None, 3: [1], 4: [2]}
{0: [0], 1: [1], 2: [2], 3: [3], 4: [4]}
SCORE: 10.167

-------------------

/mɑ̃ʒe/ - /maŋʤˈe/
m-m / ɑ̃-a_ŋ / ʒ-ʤ / e_#>-ˈe_#>
{0: [0], 1: [1], 2: [2], 3: [3]}
{0: [0], 1: [1, 2], 2: [3], 3: [4]}
SCORE: 25.222

-------------------

/mɔʁ/ - /mˈɔrte/
m-m / ɔ-ˈɔ / ʁ-r / ∅-t / #>-e_#>
{0: [0], 1: [1], 2: [2], 3: None, 4: None}
{0: [0], 1: [1], 2: [2], 3: [3], 4: [4]}
SCORE: 11.427

-------------------

/mɔʁdʁ/ - /mˈɔrde/
m-m / ɔ-ˈɔ / ʁ-r / d-d / ʁ-e
{0: [0], 1: [1], 2: [2], 3: [3], 4: [4]}
{0: [0], 1: [1], 2: [2], 3: [3], 4: [4]}
SCORE: 25.001

-------------------

/mɔ̃taɲ/ - /muŋtˈaɲa/
m-m / ∅-u / ɔ̃-ŋ / t-t / a-ˈa / ɲ-ɲ / #>-a_#>
{0: [0], 1: None, 2: [1], 3: [2], 4: [3], 5: [4], 6: None}
{0: [0], 1: [1], 2: [2], 3: [3], 4: [4], 5: [5], 6: [6]}
SCORE: 23.072

-------------------

/mɛjœʁ/ - /mijˈur/
m-m / ∅-i / ɛ-∅ / j-j / œ_ʁ-ˈu_r
{0: [0], 1: None, 2: [1], 3: [2], 4: [3, 4]}
{0: [0], 1: [1], 2: None, 3: [2], 4: [3, 4]}
SCORE: 12.966

-------------------

/mɛ̃/ - /mˈaŋ/
m-m / ɛ̃-ˈa_ŋ
{0: [0], 1: [1]}
{0: [0], 1: [1, 2]}
SCORE: 14.519

-------------------

/ne/ - /nˈaz/
<#_n-<#_n / e-ˈa / #>-z_#>
{0: [0], 1: [1], 2: None}
{0: [0], 1: [1], 2: [2]}
SCORE: 11.01

-------------------

/notʁ/ - /nˈɔstr/
<#_n-<#_n / o-ˈɔ_s / t-t / ʁ-r
{0: [0], 1: [1], 2: [2], 3: [3]}
{0: [0], 1: [1, 2], 2: [3], 3: [4]}
SCORE: 23.109

-------------------

/nu/ - /nˈuj/
<#_n-<#_n / u-ˈu_j
{0: [0], 1: [1]}
{0: [0], 1: [1, 2]}
SCORE: 13.891

-------------------

/nwa/ - /nˈuz/
<#_n-<#_n / w-ˈu / a-z
{0: [0], 1: [1], 2: [2]}
{0: [0], 1: [1], 2: [2]}
SCORE: 11.527

-------------------

/nwaʁ/ - /nˈɛjr/
<#_n-<#_n / w-ˈɛ / a_ʁ-j_r
{0: [0], 1: [1], 2: [2, 3]}
{0: [0], 1: [1], 2: [2, 3]}
SCORE: 20.826

-------------------

/nø/ - /nˈø/
<#_n-<#_n / ø-ˈø
{0: [0], 1: [1]}
{0: [0], 1: [1]}
SCORE: 16.781

-------------------

/nœf/ - /nˈøv/
<#_n-<#_n / œ-ˈø / f_#>-v_#>
{0: [0], 1: [1], 2: [2]}
{0: [0], 1: [1], 2: [2]}
SCORE: 23.311

-------------------

/nɔ̃/ - /nˈɔm/
<#_n-<#_n / ∅-ˈɔ / ɔ̃-∅ / #>-m_#>
{0: [0], 1: None, 2: [1], 3: None}
{0: [0], 1: [1], 2: None, 3: [2]}
SCORE: -1.631

-------------------

/nɔ̃/ - /nˈɛŋ/
<#_n-<#_n / ∅-ˈɛ / ɔ̃-ŋ
{0: [0], 1: None, 2: [1]}
{0: [0], 1: [1], 2: [2]}
SCORE: 9.701

-------------------

/nɛtʁ/ - /nˈase/
<#_n-<#_n / ɛ-ˈa / t_ʁ-s_e
{0: [0], 1: [1], 2: [2, 3]}
{0: [0], 1: [1], 2: [2, 3]}
SCORE: 17.582

-------------------

/nɥi/ - /nˈøjt/
<#_n-<#_n / ɥ_i-ˈø / ∅-j / #>-t_#>
{0: [0], 1: [1, 2], 2: None, 3: None}
{0: [0], 1: [1], 2: [2], 3: [3]}
SCORE: 8.15

-------------------

/ob/ - /ˈalba/
<#-<#_ˈa / o-l / b-b / #>-a_#>
{0: None, 1: [0], 2: [1], 3: None}
{0: [0], 1: [1], 2: [2], 3: [3]}
SCORE: 12.76

-------------------

/otʁ/ - /ˈawtər/
<#-<#_ˈa / o-w / t-t / ʁ-ə_r
{0: None, 1: [0], 2: [1], 3: [2]}
{0: [0], 1: [1], 2: [2], 3: [3, 4]}
SCORE: 14.737

-------------------

/palɛ/ - /palˈas/
p-p / a-a / l_ɛ-l_ˈa / #>-s_#>
{0: [0], 1: [1], 2: [2, 3], 3: None}
{0: [0], 1: [1], 2: [2, 3], 3: [4]}
SCORE: 22.212

-------------------

/paʁɔl/ - /parˈɔla/
p-p / a-a / ʁ-r / ɔ-ˈɔ / l-l / #>-a_#>
{0: [0], 1: [1], 2: [2], 3: [3], 4: [4], 5: None}
{0: [0], 1: [1], 2: [2], 3: [3], 4: [4], 5: [5]}
SCORE: 23.275

-------------------

/pje/ - /pˈe/
p-p / j-∅ / e_#>-ˈe_#>
{0: [0], 1: [1], 2: [2]}
{0: [0], 1: None, 2: [1]}
SCORE: 10.517

-------------------

/pjɛʁ/ - /pˈɛra/
p-p / j_ɛ-ˈɛ / ʁ-r / #>-a_#>
{0: [0], 1: [1, 2], 2: [3], 3: None}
{0: [0], 1: [1], 2: [2], 3: [3]}
SCORE: 13.87

-------------------

/plym/ - /pjˈyma/
p_l-p_j / y-ˈy / m-m / #>-a_#>
{0: [0, 1], 1: [2], 2: [3], 3: None}
{0: [0, 1], 1: [2], 2: [3], 3: [4]}
SCORE: 24.755

-------------------

/plœʁe/ - /pjurˈe/
p_l-p_j / ∅-u / œ_ʁ-r / e_#>-ˈe_#>
{0: [0, 1], 1: None, 2: [2, 3], 3: [4]}
{0: [0, 1], 1: [2], 2: [3], 3: [4]}
SCORE: 14.948

-------------------

/plɛ/ - /pjˈaɡa/
p_l-p_j / ɛ-ˈa / ∅-ɡ / #>-a_#>
{0: [0, 1], 1: [2], 2: None, 3: None}
{0: [0, 1], 1: [2], 2: [3], 3: [4]}
SCORE: 10.317

-------------------

/plɛ̃/ - /pjˈeŋ/
p_l-p_j / ∅-ˈe / ɛ̃-ŋ
{0: [0, 1], 1: None, 2: [2]}
{0: [0, 1], 1: [2], 2: [3]}
SCORE: 12.58

-------------------

/plɛ̃dʁ/ - /pjˈanze/
p_l-p_j / ɛ̃-ˈa_n / d-∅ / ʁ-z_e
{0: [0, 1], 1: [2], 2: [3], 3: [4]}
{0: [0, 1], 1: [2, 3], 2: None, 3: [4, 5]}
SCORE: 9.357

-------------------

/plɥi/ - /pjˈøva/
p_l-p_j / ɥ_i-ˈø / ∅-v / #>-a_#>
{0: [0, 1], 1: [2, 3], 2: None, 3: None}
{0: [0, 1], 1: [2], 2: [3], 3: [4]}
SCORE: 9.291

-------------------

/po/ - /pˈɛl/
p-p / o-ˈɛ_l
{0: [0], 1: [1]}
{0: [0], 1: [1, 2]}
SCORE: 15.639

-------------------

/povʁ/ - /pˈɔver/
p-p / o-ˈɔ / v-v / ʁ-e_r
{0: [0], 1: [1], 2: [2], 3: [3]}
{0: [0], 1: [1], 2: [2], 3: [3, 4]}
SCORE: 20.795

-------------------

/pu/ - /pˈuj/
p-p / u-ˈu_j
{0: [0], 1: [1]}
{0: [0], 1: [1, 2]}
SCORE: 13.667

-------------------

/puvwaʁ/ - /pudˈɛj/
p-p / u-u / ∅-d / v-∅ / w-ˈɛ / a_ʁ-j
{0: [0], 1: [1], 2: None, 3: [2], 4: [3], 5: [4, 5]}
{0: [0], 1: [1], 2: [2], 3: None, 4: [3], 5: [4]}
SCORE: 10.45

-------------------

/pwal/ - /pˈɛj/
p-p / w-ˈɛ / a-j / l_#>-#>
{0: [0], 1: [1], 2: [2], 3: [3]}
{0: [0], 1: [1], 2: [2], 3: None}
SCORE: 12.592

-------------------

/pwasɔ̃/ - /pˈes/
p-p / w_a-ˈe / s-s / ɔ̃-∅
{0: [0], 1: [1, 2], 2: [3], 3: [4]}
{0: [0], 1: [1], 2: [2], 3: None}
SCORE: 13.091

-------------------

/pwɛ̃/ - /pˈuŋt/
p-p / w-ˈu / ɛ̃-ŋ / #>-t_#>
{0: [0], 1: [1], 2: [2], 3: None}
{0: [0], 1: [1], 2: [2], 3: [3]}
SCORE: 16.49

-------------------

/pwɛ̃/ - /pˈyɲ/
p-p / ∅-ˈy / w-∅ / ɛ̃-ɲ
{0: [0], 1: None, 2: [1], 3: [2]}
{0: [0], 1: [1], 2: None, 3: [2]}
SCORE: 3.075

-------------------

/pø/ - /pˈɔk/
p-p / ∅-ˈɔ / ø-∅ / #>-k_#>
{0: [0], 1: None, 2: [1], 3: None}
{0: [0], 1: [1], 2: None, 3: [2]}
SCORE: 0.521

-------------------

/pɔʁ/ - /pˈɔrs/
p-p / ɔ-ˈɔ / ʁ-r / #>-s_#>
{0: [0], 1: [1], 2: [2], 3: None}
{0: [0], 1: [1], 2: [2], 3: [3]}
SCORE: 17.753

-------------------

/pɔ̃/ - /pˈuŋt/
p-p / ɔ̃-ˈu_ŋ / #>-t_#>
{0: [0], 1: [1], 2: None}
{0: [0], 1: [1, 2], 2: [3]}
SCORE: 16.435

-------------------

/pɛ/ - /pˈaz/
p-p / ɛ-ˈa / #>-z_#>
{0: [0], 1: [1], 2: None}
{0: [0], 1: [1], 2: [2]}
SCORE: 11.443

-------------------

/pɛn/ - /pˈeŋa/
p-p / ɛ-ˈe / n-ŋ_a
{0: [0], 1: [1], 2: [2]}
{0: [0], 1: [1], 2: [2, 3]}
SCORE: 17.622

-------------------

/pɛʁ/ - /pˈare/
p-p / ɛ_ʁ-ˈa_r / #>-e_#>
{0: [0], 1: [1, 2], 2: None}
{0: [0], 1: [1, 2], 2: [3]}
SCORE: 15.651

-------------------

/pɛ̃/ - /pˈan/
p-p / ɛ̃-ˈa / #>-n_#>
{0: [0], 1: [1], 2: None}
{0: [0], 1: [1], 2: [2]}
SCORE: 12.295

-------------------

/pʁi/ - /prˈɛsi/
p-p / ʁ-r / ∅-ˈɛ / ∅-s / i-i
{0: [0], 1: [1], 2: None, 3: None, 4: [2]}
{0: [0], 1: [1], 2: [2], 3: [3], 4: [4]}
SCORE: 6.075

-------------------

/sabl/ - /sˈabja/
s-s / a-ˈa / b-b / l-j / #>-a_#>
{0: [0], 1: [1], 2: [2], 3: [3], 4: None}
{0: [0], 1: [1], 2: [2], 3: [3], 4: [4]}
SCORE: 18.882

-------------------

/saly/ - /salˈyte/
s-s / a-a / l-l / y-ˈy / ∅-t / #>-e_#>
{0: [0], 1: [1], 2: [2], 3: [3], 4: None, 5: None}
{0: [0], 1: [1], 2: [2], 3: [3], 4: [4], 5: [5]}
SCORE: 16.095

-------------------

/savwaʁ/ - /savˈɛj/
s-s / a-a / v-v / w-ˈɛ / a_ʁ-j
{0: [0], 1: [1], 2: [2], 3: [3], 4: [4, 5]}
{0: [0], 1: [1], 2: [2], 3: [3], 4: [4]}
SCORE: 21.89

-------------------

/sis/ - /sˈes/
s-s / i-ˈe / s_#>-s_#>
{0: [0], 1: [1], 2: [2]}
{0: [0], 1: [1], 2: [2]}
SCORE: 16.915

-------------------

/site/ - /sitˈa/
s-s / i-i / t-t / e_#>-ˈa_#>
{0: [0], 1: [1], 2: [2], 3: [3]}
{0: [0], 1: [1], 2: [2], 3: [3]}
SCORE: 21.766

-------------------

/siʁ/ - /sˈira/
s-s / i-ˈi / ʁ-r / #>-a_#>
{0: [0], 1: [1], 2: [2], 3: None}
{0: [0], 1: [1], 2: [2], 3: [3]}
SCORE: 14.813

-------------------

/sjɛl/ - /ʧˈel/
s-ʧ / j-∅ / ɛ-ˈe / l-l
{0: [0], 1: [1], 2: [2], 3: [3]}
{0: [0], 1: None, 2: [1], 3: [2]}
SCORE: 8.135

-------------------

/sos/ - /sˈawsa/
s-s / o-ˈa_w / s-s_a
{0: [0], 1: [1], 2: [2]}
{0: [0], 1: [1, 2], 2: [3, 4]}
SCORE: 17.634

-------------------

/sufʁiʁ/ - /syfrˈi/
s-s / u-y / f-f / ʁ-r / i-ˈi / ʁ_#>-#>
{0: [0], 1: [1], 2: [2], 3: [3], 4: [4], 5: [5]}
{0: [0], 1: [1], 2: [2], 3: [3], 4: [4], 5: None}
SCORE: 21.734

-------------------

/swa/ - /sˈeda/
s-s / w-ˈe_d / a-a
{0: [0], 1: [1], 2: [2]}
{0: [0], 1: [1, 2], 2: [3]}
SCORE: 12.365

-------------------

/swaʁ/ - /sˈɛjra/
s-s / w-ˈɛ / a_ʁ-j_r / #>-a_#>
{0: [0], 1: [1], 2: [2, 3], 3: None}
{0: [0], 1: [1], 2: [2, 3], 3: [4]}
SCORE: 17.254

-------------------

/syʁ/ - /sikˈyr/
s-s / ∅-i / ∅-k / y-ˈy / ʁ-r
{0: [0], 1: None, 2: None, 3: [1], 4: [2]}
{0: [0], 1: [1], 2: [2], 3: [3], 4: [4]}
SCORE: 8.775

-------------------

/sɑ̃/ - /sˈaŋɡ/
s-s / ɑ̃-ˈa_ŋ / #>-ɡ_#>
{0: [0], 1: [1], 2: None}
{0: [0], 1: [1, 2], 2: [3]}
SCORE: 6.925

-------------------

/sɑ̃/ - /sˈɛŋt/
s-s / ɑ̃-ˈɛ_ŋ / #>-t_#>
{0: [0], 1: [1], 2: None}
{0: [0], 1: [1, 2], 2: [3]}
SCORE: 14.716

-------------------

/sɔlɛj/ - /sˈul/
s-s / ɔ-ˈu / l_ɛ-l / j_#>-#>
{0: [0], 1: [1], 2: [2, 3], 3: [4]}
{0: [0], 1: [1], 2: [2], 3: None}
SCORE: 10.506

-------------------

/səmɑ̃s/ - /smˈɛns/
s_ə-s / m-m / ɑ̃-ˈɛ / ∅-n / s_#>-s_#>
{0: [0, 1], 1: [2], 2: [3], 3: None, 4: [4]}
{0: [0], 1: [1], 2: [2], 3: [3], 4: [4]}
SCORE: 16.277

-------------------

/səmɛn/ - /smˈaŋa/
s_ə-s / m-m / ɛ-ˈa / n-ŋ_a
{0: [0, 1], 1: [2], 2: [3], 3: [4]}
{0: [0], 1: [1], 2: [2], 3: [3, 4]}
SCORE: 19.573

-------------------

/səʁiz/ - /ʧerˈeza/
s-ʧ / ə-e / ʁ-r / i-ˈe / z-z / #>-a_#>
{0: [0], 1: [1], 2: [2], 3: [3], 4: [4], 5: None}
{0: [0], 1: [1], 2: [2], 3: [3], 4: [4], 5: [5]}
SCORE: 18.426

-------------------

/sɛk/ - /sˈɛk/
s_ɛ-s_ˈɛ / k_#>-k_#>
{0: [0, 1], 1: [2]}
{0: [0, 1], 1: [2]}
SCORE: 21.767

-------------------

/sɛl/ - /sˈal/
s-s / ɛ-ˈa / l-l
{0: [0], 1: [1], 2: [2]}
{0: [0], 1: [1], 2: [2]}
SCORE: 17.118

-------------------

/sɛn/ - /sˈana/
s-s / ɛ-ˈa / n-n / #>-a_#>
{0: [0], 1: [1], 2: [2], 3: None}
{0: [0], 1: [1], 2: [2], 3: [3]}
SCORE: 15.656

-------------------

/sɛt/ - /sˈɛt/
s_ɛ-s_ˈɛ / t-t
{0: [0, 1], 1: [2]}
{0: [0, 1], 1: [2]}
SCORE: 19.18

-------------------

/sɛʃ/ - /sˈɛka/
s_ɛ-s_ˈɛ / ʃ-k_a
{0: [0, 1], 1: [2]}
{0: [0, 1], 1: [2, 3]}
SCORE: 17.855

-------------------

/sɛ̃/ - /sˈaŋ/
s-s / ɛ̃-ˈa_ŋ
{0: [0], 1: [1]}
{0: [0], 1: [1, 2]}
SCORE: 13.127

-------------------

/sɛ̃/ - /sˈaŋt/
s-s / ɛ̃-ˈa_ŋ / #>-t_#>
{0: [0], 1: [1], 2: None}
{0: [0], 1: [1, 2], 2: [3]}
SCORE: 13.19

-------------------

/sɛ̃k/ - /sˈiŋk/
s-s / ɛ̃-ˈi_ŋ / k_#>-k_#>
{0: [0], 1: [1], 2: [2]}
{0: [0], 1: [1, 2], 2: [3]}
SCORE: 20.85

-------------------

/sɛ̃kɑ̃t/ - /siŋkwˈanta/
s-s / ∅-i / ɛ̃-ŋ / k-k_w / ɑ̃-ˈa / ∅-n / t_#>-t_a_#>
{0: [0], 1: None, 2: [1], 3: [2], 4: [3], 5: None, 6: [4]}
{0: [0], 1: [1], 2: [2], 3: [3, 4], 4: [5], 5: [6], 6: [7, 8]}
SCORE: 9.579

-------------------

/toʁo/ - /tˈɔr/
<#_t-<#_t / o-ˈɔ / ʁ-r / o-∅
{0: [0], 1: [1], 2: [2], 3: [3]}
{0: [0], 1: [1], 2: [2], 3: None}
SCORE: 13.876

-------------------

/tu/ - /tˈyt/
<#_t-<#_t / u-ˈy / #>-t_#>
{0: [0], 1: [1], 2: None}
{0: [0], 1: [1], 2: [2]}
SCORE: 14.394

-------------------

/tuse/ - /tˈuse/
<#_t-<#_t / u-ˈu / s-s / e-∅ / #>-e_#>
{0: [0], 1: [1], 2: [2], 3: [3], 4: None}
{0: [0], 1: [1], 2: [2], 3: None, 4: [3]}
SCORE: 13.582

-------------------

/ty/ - /tˈi/
<#_t-<#_t / y-∅ / #>-ˈi_#>
{0: [0], 1: [1], 2: None}
{0: [0], 1: None, 2: [1]}
SCORE: 3.835

-------------------

/tɑ̃/ - /tˈɛŋp/
<#_t-<#_t / ɑ̃-ˈɛ_ŋ / #>-p_#>
{0: [0], 1: [1], 2: None}
{0: [0], 1: [1, 2], 2: [3]}
SCORE: 15.769

-------------------

/tɛt/ - /tˈesta/
<#_t-<#_t / ɛ-ˈe / t-s / #>-t_a_#>
{0: [0], 1: [1], 2: [2], 3: None}
{0: [0], 1: [1], 2: [2], 3: [3, 4]}
SCORE: 13.871

-------------------

/tɛʁ/ - /tˈɛra/
<#_t-<#_t / ɛ-ˈɛ / ʁ-r / #>-a_#>
{0: [0], 1: [1], 2: [2], 3: None}
{0: [0], 1: [1], 2: [2], 3: [3]}
SCORE: 15.805

-------------------

/tʁwa/ - /trˈɛ/
<#_t-<#_t / ʁ-r / w-ˈɛ / a_#>-#>
{0: [0], 1: [1], 2: [2], 3: [3]}
{0: [0], 1: [1], 2: [2], 3: None}
SCORE: 14.667

-------------------

/uvʁije/ - /uvrjˈe/
u-u / v-v / ʁ_i-r / j-j / e_#>-ˈe_#>
{0: [0], 1: [1], 2: [2, 3], 3: [4], 4: [5]}
{0: [0], 1: [1], 2: [2], 3: [3], 4: [4]}
SCORE: 23.19

-------------------

/uʁs/ - /ˈurs/
u-ˈu / ʁ-r / s_#>-s_#>
{0: [0], 1: [1], 2: [2]}
{0: [0], 1: [1], 2: [2]}
SCORE: 17.778

-------------------

/vaʃ/ - /vˈaka/
v_a-v_ˈa / ʃ-k_a
{0: [0, 1], 1: [2]}
{0: [0, 1], 1: [2, 3]}
SCORE: 19.208

-------------------

/vi/ - /vˈita/
v-v / i-ˈi / #>-t_a_#>
{0: [0], 1: [1], 2: None}
{0: [0], 1: [1], 2: [2, 3]}
SCORE: 13.103

-------------------

/vil/ - /vˈila/
v-v / i-ˈi / l-l / #>-a_#>
{0: [0], 1: [1], 2: [2], 3: None}
{0: [0], 1: [1], 2: [2], 3: [3]}
SCORE: 17.622

-------------------

/vilɛ̃/ - /vilˈaŋ/
v-v / i-i / l-l / ɛ̃-ˈa_ŋ
{0: [0], 1: [1], 2: [2], 3: [3]}
{0: [0], 1: [1], 2: [2], 3: [3, 4]}
SCORE: 21.225

-------------------

/vjɛj/ - /vˈɛj/
v-v / j_ɛ-ˈɛ / j-j
{0: [0], 1: [1, 2], 2: [3]}
{0: [0], 1: [1], 2: [2]}
SCORE: 17.227

-------------------

/vo/ - /vitˈɛl/
v-v / ∅-i / ∅-t / o-ˈɛ_l
{0: [0], 1: None, 2: None, 3: [1]}
{0: [0], 1: [1], 2: [2], 3: [3, 4]}
SCORE: 5.107

-------------------

/vu/ - /vˈuj/
v-v / u-ˈu_j
{0: [0], 1: [1]}
{0: [0], 1: [1, 2]}
SCORE: 13.135

-------------------

/vwa/ - /vˈia/
v_w-v / ∅-ˈi / a-a
{0: [0, 1], 1: None, 2: [2]}
{0: [0], 1: [1], 2: [2]}
SCORE: 2.673

-------------------

/vwa/ - /vˈuz/
v-v / w-ˈu / a-z
{0: [0], 1: [1], 2: [2]}
{0: [0], 1: [1], 2: [2]}
SCORE: 10.77

-------------------

/vwajaʒ/ - /vjˈaʤi/
v-v / w_a-j / j-∅ / a-ˈa / ʒ-ʤ / ∅-i
{0: [0], 1: [1, 2], 2: [3], 3: [4], 4: [5], 5: None}
{0: [0], 1: [1], 2: None, 3: [2], 4: [3], 5: [4]}
SCORE: 9.411

-------------------

/vwazɛ̃/ - /vzˈin/
v_w-v / a-∅ / z-z / ɛ̃-ˈi / #>-n_#>
{0: [0, 1], 1: [2], 2: [3], 3: [4], 4: None}
{0: [0], 1: None, 2: [1], 3: [2], 4: [3]}
SCORE: 9.175

-------------------

/vwaʁ/ - /vˈədːe/
v-v / w-ˈə / a_ʁ-dː / #>-e_#>
{0: [0], 1: [1], 2: [2, 3], 3: None}
{0: [0], 1: [1], 2: [2], 3: [3]}
SCORE: 12.071

-------------------

/vɑ̃/ - /vˈɛŋt/
v-v / ɑ̃-ˈɛ_ŋ / #>-t_#>
{0: [0], 1: [1], 2: None}
{0: [0], 1: [1, 2], 2: [3]}
SCORE: 15.474

-------------------

/vɑ̃tʁ/ - /pˈaŋsa/
∅-p / v-ˈa / ɑ̃-ŋ / t-s / ʁ-a
{0: None, 1: [0], 2: [1], 3: [2], 4: [3]}
{0: [0], 1: [1], 2: [2], 3: [3], 4: [4]}
SCORE: 0.794

-------------------

/vɔl/ - /vˈɔl/
v-v / ɔ-ˈɔ / l-l
{0: [0], 1: [1], 2: [2]}
{0: [0], 1: [1], 2: [2]}
SCORE: 19.952

-------------------

/vɔle/ - /vulˈe/
v-v / ɔ-u / l-l / e_#>-ˈe_#>
{0: [0], 1: [1], 2: [2], 3: [3]}
{0: [0], 1: [1], 2: [2], 3: [3]}
SCORE: 24.209

-------------------

/vəniʁ/ - /vˈeŋe/
v-v / ∅-ˈe / ə-∅ / n-ŋ / i_ʁ-e
{0: [0], 1: None, 2: [1], 3: [2], 4: [3, 4]}
{0: [0], 1: [1], 2: None, 3: [2], 4: [3]}
SCORE: 6.585

-------------------

/vɛʁ/ - /vˈɛrd/
v-v / ɛ-ˈɛ / ʁ-r / ∅-d
{0: [0], 1: [1], 2: [2], 3: None}
{0: [0], 1: [1], 2: [2], 3: [3]}
SCORE: 11.394

-------------------

/vɛʁ/ - /vˈɛrm/
v-v / ɛ-ˈɛ / ʁ-r / #>-m_#>
{0: [0], 1: [1], 2: [2], 3: None}
{0: [0], 1: [1], 2: [2], 3: [3]}
SCORE: 13.753

-------------------

/vɛʁɡɔɲ/ - /vərɡˈɔɲa/
v-v / ∅-ə / ɛ_ʁ-r / ɡ-ɡ / ɔ-ˈɔ / ɲ-ɲ / #>-a_#>
{0: [0], 1: None, 2: [1, 2], 3: [3], 4: [4], 5: [5], 6: None}
{0: [0], 1: [1], 2: [2], 3: [3], 4: [4], 5: [5], 6: [6]}
SCORE: 23.938

-------------------

/vɛ̃/ - /vˈiŋ/
v-v / ɛ̃-ˈi_ŋ
{0: [0], 1: [1]}
{0: [0], 1: [1, 2]}
SCORE: 14.267

-------------------

/vɛ̃/ - /vˈiŋt/
v-v / ɛ̃-ˈi_ŋ / #>-t_#>
{0: [0], 1: [1], 2: None}
{0: [0], 1: [1, 2], 2: [3]}
SCORE: 14.33

-------------------

/wazo/ - /uzˈɛl/
<#-<#_u / w-∅ / a-∅ / z-z / o-ˈɛ_l
{0: None, 1: [0], 2: [1], 3: [2], 4: [3]}
{0: [0], 1: None, 2: None, 3: [1], 4: [2, 3]}
SCORE: 5.831

-------------------

/œf/ - /ˈøv/
œ-ˈø / f_#>-v_#>
{0: [0], 1: [1]}
{0: [0], 1: [1]}
SCORE: 17.457

-------------------

/œj/ - /ˈøj/
œ-ˈø / j-j
{0: [0], 1: [1]}
{0: [0], 1: [1]}
SCORE: 15.18

-------------------

/œvʁ/ - /ˈøvra/
œ-ˈø / v-v / ʁ-r / #>-a_#>
{0: [0], 1: [1], 2: [2], 3: None}
{0: [0], 1: [1], 2: [2], 3: [3]}
SCORE: 16.389

-------------------

/ɑ̃/ - /ˈaŋ/
<#-<#_ˈa / ɑ̃-ŋ
{0: None, 1: [0]}
{0: [0], 1: [1]}
SCORE: 9.614

-------------------

/ɑ̃ʒ/ - /ˈanʤel/
ɑ̃-ˈa / ∅-n / ʒ-ʤ / ∅-e / #>-l_#>
{0: [0], 1: None, 2: [1], 3: None, 4: None}
{0: [0], 1: [1], 2: [2], 3: [3], 4: [4]}
SCORE: 0.21

-------------------

/ɔdœʁ/ - /udˈur/
ɔ-u / d-d / œ_ʁ-ˈu_r
{0: [0], 1: [1], 2: [2, 3]}
{0: [0], 1: [1], 2: [2, 3]}
SCORE: 23.778

-------------------

/ɔm/ - /ˈɔm/
ɔ-ˈɔ / m-m
{0: [0], 1: [1]}
{0: [0], 1: [1]}
SCORE: 16.065

-------------------

/ɔs/ - /ˈɔs/
ɔ-ˈɔ / s_#>-s_#>
{0: [0], 1: [1]}
{0: [0], 1: [1]}
SCORE: 15.859

-------------------

/ɔʁ/ - /ˈɔr/
ɔ-ˈɔ / ʁ-r
{0: [0], 1: [1]}
{0: [0], 1: [1]}
SCORE: 12.804

-------------------

/ɔʁɛj/ - /urˈija/
ɔ-u / ʁ-r / ɛ-ˈi / j-j / #>-a_#>
{0: [0], 1: [1], 2: [2], 3: [3], 4: None}
{0: [0], 1: [1], 2: [2], 3: [3], 4: [4]}
SCORE: 15.098

-------------------

/ɔ̃ɡl/ - /ˈuŋʤa/
ɔ̃-ˈu_ŋ / ɡ-ʤ / l-a
{0: [0], 1: [1], 2: [2]}
{0: [0, 1], 1: [2], 2: [3]}
SCORE: 11.652

-------------------

/ɛde/ - /ajdˈe/
<#-<#_a / ∅-j / ɛ-∅ / d-d / e_#>-ˈe_#>
{0: None, 1: None, 2: [0], 3: [1], 4: [2]}
{0: [0], 1: [1], 2: None, 3: [2], 4: [3]}
SCORE: 6.47

-------------------

/ɛʁb/ - /ˈɛrba/
ɛ-ˈɛ / ʁ-r / b-b / #>-a_#>
{0: [0], 1: [1], 2: [2], 3: None}
{0: [0], 1: [1], 2: [2], 3: [3]}
SCORE: 15.673

-------------------

/ɛ̃/ - /ˈyŋ/
∅-ˈy / ɛ̃-ŋ
{0: None, 1: [0]}
{0: [0], 1: [1]}
SCORE: 3.463

-------------------

/ɡlas/ - /ʤˈasa/
ɡ-ʤ / l-∅ / a-ˈa / s-s_a
{0: [0], 1: [1], 2: [2], 3: [3]}
{0: [0], 1: None, 2: [1], 3: [2, 3]}
SCORE: 7.438

-------------------

/ɡut/ - /ɡˈusa/
ɡ-ɡ / u-ˈu / t-s / #>-a_#>
{0: [0], 1: [1], 2: [2], 3: None}
{0: [0], 1: [1], 2: [2], 3: [3]}
SCORE: 16.37

-------------------

/ɡʁo/ - /ɡrˈɔs/
ɡ-ɡ / ʁ-r / o-ˈɔ_s
{0: [0], 1: [1], 2: [2]}
{0: [0], 1: [1], 2: [2, 3]}
SCORE: 19.144

-------------------

/ɡʁɑ̃/ - /ɡrˈaŋt/
ɡ-ɡ / ʁ-r / ɑ̃-ˈa_ŋ / #>-t_#>
{0: [0], 1: [1], 2: [2], 3: None}
{0: [0], 1: [1], 2: [2, 3], 3: [4]}
SCORE: 14.54

-------------------

/ɡʁɛs/ - /ɡrˈas/
ɡ-ɡ / ʁ-r / ɛ-ˈa / s_#>-s_#>
{0: [0], 1: [1], 2: [2], 3: [3]}
{0: [0], 1: [1], 2: [2], 3: [3]}
SCORE: 22.895

-------------------

/ɥi/ - /ˈøt/
ɥ_i-ˈø / #>-t_#>
{0: [0, 1], 1: None}
{0: [0], 1: [1]}
SCORE: 7.296

-------------------

/ʁasin/ - /radˈiz/
<#_ʁ-<#_r / a-a / ∅-d / s-∅ / i-ˈi / n-∅ / #>-z_#>
{0: [0], 1: [1], 2: None, 3: [2], 4: [3], 5: [4], 6: None}
{0: [0], 1: [1], 2: [2], 3: None, 4: [3], 5: None, 6: [4]}
SCORE: 0.059

-------------------

/ʁu/ - /rˈua/
<#_ʁ-<#_r / u-ˈu / #>-a_#>
{0: [0], 1: [1], 2: None}
{0: [0], 1: [1], 2: [2]}
SCORE: 12.79

-------------------

/ʁuʒ/ - /rˈus/
<#_ʁ-<#_r / u-ˈu / ʒ-∅ / #>-s_#>
{0: [0], 1: [1], 2: [2], 3: None}
{0: [0], 1: [1], 2: None, 3: [2]}
SCORE: 9.167

-------------------

/ʁwa/ - /rˈɛj/
<#_ʁ-<#_r / w-ˈɛ / a-j
{0: [0], 1: [1], 2: [2]}
{0: [0], 1: [1], 2: [2]}
SCORE: 15.346

-------------------

/ʁy/ - /fjˈym/
ʁ-f / ∅-j / y-ˈy / #>-m_#>
{0: [0], 1: None, 2: [1], 3: None}
{0: [0], 1: [1], 2: [2], 3: [3]}
SCORE: 4.301

-------------------

/ʁɔmɛ̃/ - /rumˈaŋ/
<#_ʁ-<#_r / ɔ-u / m-m / ɛ̃-ˈa_ŋ
{0: [0], 1: [1], 2: [2], 3: [3]}
{0: [0], 1: [1], 2: [2], 3: [3, 4]}
SCORE: 24.288

-------------------

/ʁɔ̃/ - /rutˈuŋd/
<#_ʁ-<#_r / ∅-u / ∅-t / ɔ̃-ˈu_ŋ / ∅-d
{0: [0], 1: None, 2: None, 3: [1], 4: None}
{0: [0], 1: [1], 2: [2], 3: [3, 4], 4: [5]}
SCORE: 0.806

-------------------

/ʁɛn/ - /reʤˈiŋa/
<#-<#_r / ʁ-e / ∅-ʤ / ɛ-ˈi / n-ŋ_a
{0: None, 1: [0], 2: None, 3: [1], 4: [2]}
{0: [0], 1: [1], 2: [2], 3: [3], 4: [4, 5]}
SCORE: 6.359

-------------------

/ʁɛzɔ̃/ - /razˈun/
<#_ʁ-<#_r / ∅-a / ɛ-∅ / z-z / ɔ̃-ˈu / #>-n_#>
{0: [0], 1: None, 2: [1], 3: [2], 4: [3], 5: None}
{0: [0], 1: [1], 2: None, 3: [2], 4: [3], 5: [4]}
SCORE: 10.285

-------------------

/ʃa/ - /ɡˈat/
<#-<#_ɡ / ʃ-∅ / a-ˈa / #>-t_#>
{0: None, 1: [0], 2: [1], 3: None}
{0: [0], 1: None, 2: [1], 3: [2]}
SCORE: 2.268

-------------------

/ʃase/ - /kasˈe/
ʃ-k / a-a / s-s / e_#>-ˈe_#>
{0: [0], 1: [1], 2: [2], 3: [3]}
{0: [0], 1: [1], 2: [2], 3: [3]}
SCORE: 20.457

-------------------

/ʃato/ - /kastˈɛl/
ʃ-k / a-a / t-s_t / o-ˈɛ_l
{0: [0], 1: [1], 2: [2], 3: [3]}
{0: [0], 1: [1], 2: [2, 3], 3: [4, 5]}
SCORE: 16.697

-------------------

/ʃe/ - /kˈa/
ʃ-k / e_#>-ˈa_#>
{0: [0], 1: [1]}
{0: [0], 1: [1]}
SCORE: 13.705

-------------------

/ʃjɛ̃/ - /kˈaŋ/
ʃ-k / j-∅ / ɛ̃-ˈa_ŋ
{0: [0], 1: [1], 2: [2]}
{0: [0], 1: None, 2: [1, 2]}
SCORE: 7.639

-------------------

/ʃo/ - /kˈawd/
ʃ-k / o-ˈa_w / ∅-d
{0: [0], 1: [1], 2: None}
{0: [0], 1: [1, 2], 2: [3]}
SCORE: 8.949

-------------------

/ʃoz/ - /kˈɔza/
ʃ-k / o-ˈɔ / z-z / #>-a_#>
{0: [0], 1: [1], 2: [2], 3: None}
{0: [0], 1: [1], 2: [2], 3: [3]}
SCORE: 18.478

-------------------

/ʃɑ̃/ - /kˈaŋt/
ʃ-k / ɑ̃-ˈa_ŋ / #>-t_#>
{0: [0], 1: [1], 2: None}
{0: [0], 1: [1, 2], 2: [3]}
SCORE: 9.279

-------------------

/ʃɑ̃te/ - /kaŋtˈe/
ʃ-k_a / ɑ̃-ŋ / t-t / e_#>-ˈe_#>
{0: [0], 1: [1], 2: [2], 3: [3]}
{0: [0, 1], 1: [2], 2: [3], 3: [4]}
SCORE: 21.827

-------------------

/ʃəval/ - /kavˈal/
ʃ-k / ə-a / v_a-v_ˈa / l-l
{0: [0], 1: [1], 2: [2, 3], 3: [4]}
{0: [0], 1: [1], 2: [2, 3], 3: [4]}
SCORE: 25.603

-------------------

/ʃəvø/ - /kavˈɛj/
ʃ-k / ə-a / v-v / ∅-ˈɛ / ø-∅ / #>-j_#>
{0: [0], 1: [1], 2: [2], 3: None, 4: [3], 5: None}
{0: [0], 1: [1], 2: [2], 3: [3], 4: None, 5: [4]}
SCORE: 3.17

-------------------

/ʃɛf/ - /kˈɔ/
ʃ-k / ɛ-ˈɔ / f_#>-#>
{0: [0], 1: [1], 2: [2]}
{0: [0], 1: [1], 2: None}
SCORE: 7.091

-------------------

/ʃɛn/ - /kadˈeŋa/
ʃ-k_a / ∅-d / ɛ-ˈe / n-ŋ_a
{0: [0], 1: None, 2: [1], 3: [2]}
{0: [0, 1], 1: [2], 2: [3], 3: [4, 5]}
SCORE: 10.421

-------------------

/ʃɛvʁ/ - /krˈava/
ʃ-k / ɛ-r_ˈa / v-v / ʁ-a
{0: [0], 1: [1], 2: [2], 3: [3]}
{0: [0], 1: [1, 2], 2: [3], 3: [4]}
SCORE: 12.026

-------------------

/ʃɛʁ/ - /kˈar/
ʃ-k / ɛ_ʁ-ˈa_r
{0: [0], 1: [1, 2]}
{0: [0], 1: [1, 2]}
SCORE: 15.981

-------------------

/ʃɛʁ/ - /kˈarŋ/
ʃ-k / ɛ_ʁ-ˈa_r / ∅-ŋ
{0: [0], 1: [1, 2], 2: None}
{0: [0], 1: [1, 2], 2: [3]}
SCORE: 10.981

-------------------

/ʃɛʁʃe/ - /serkˈe/
ʃ-∅ / ɛ-s / ʁ-e_r / ʃ-k / e_#>-ˈe_#>
{0: [0], 1: [1], 2: [2], 3: [3], 4: [4]}
{0: None, 1: [0], 2: [1, 2], 3: [3], 4: [4]}
SCORE: 5.252

-------------------

/ʒyʒ/ - /ʤˈydez/
ʒ-ʤ / y-ˈy / ∅-d / ∅-e / ʒ-∅ / #>-z_#>
{0: [0], 1: [1], 2: None, 3: None, 4: [2], 5: None}
{0: [0], 1: [1], 2: [2], 3: [3], 4: None, 5: [4]}
SCORE: 1.148

-------------------

/ʒø/ - /ʤˈøɡ/
ʒ-ʤ / ø-ˈø_ɡ
{0: [0], 1: [1]}
{0: [0], 1: [1, 2]}
SCORE: 18.488

-------------------

/ʒɑ̃/ - /ʤˈɛŋt/
ʒ-ʤ / ɑ̃-ˈɛ_ŋ / #>-t_#>
{0: [0], 1: [1], 2: None}
{0: [0], 1: [1, 2], 2: [3]}
SCORE: 17.005

-------------------

/ʒɑ̃dʁ/ - /ʤənˈɛr/
ʒ-ʤ / ∅-ə / ∅-n / ɑ̃-ˈɛ / d-∅ / ʁ-r
{0: [0], 1: None, 2: None, 3: [1], 4: [2], 5: [3]}
{0: [0], 1: [1], 2: [2], 3: [3], 4: None, 5: [4]}
SCORE: 3.169

-------------------

/ʒəle/ - /ʤejlˈe/
ʒ-ʤ / ə-e / ∅-j / l-l / e_#>-ˈe_#>
{0: [0], 1: [1], 2: None, 3: [2], 4: [3]}
{0: [0], 1: [1], 2: [2], 3: [3], 4: [4]}
SCORE: 18.898

-------------------

/ʒənu/ - /ʤˈinuj/
ʒ-ʤ / ∅-ˈi / ə-∅ / n-n / u-u / #>-j_#>
{0: [0], 1: None, 2: [1], 3: [2], 4: [3], 5: None}
{0: [0], 1: [1], 2: None, 3: [2], 4: [3], 5: [4]}
SCORE: 9.258

-------------------

/ʒɛl/ - /ʤˈɛjl/
ʒ-ʤ / ɛ-ˈɛ / ∅-j / l-l
{0: [0], 1: [1], 2: None, 3: [2]}
{0: [0], 1: [1], 2: [2], 3: [3]}
SCORE: 14.974

-------------------

/ʒɥɛ̃/ - /ʤˈyɲ/
ʒ-ʤ / ∅-ˈy / ɥ-∅ / ɛ̃-ɲ
{0: [0], 1: None, 2: [1], 3: [2]}
{0: [0], 1: [1], 2: None, 3: [2]}
SCORE: 4.073
