/blˈuo̯mo/ - /blˈuo̯mo/
b-b / l-l / ˈuo̯-ˈuo̯ / m-m / o-o
{0: [0], 1: [1], 2: [2], 3: [3], 4: [4]}
{0: [0], 1: [1], 2: [2], 3: [3], 4: [4]}
SCORE: 10.125

-------------------

/blˈuo̯t/ - /blˈuo̯t/
b-b / l-l / ˈuo̯-ˈuo̯ / t-t
{0: [0], 1: [1], 2: [2], 3: [3]}
{0: [0], 1: [1], 2: [2], 3: [3]}
SCORE: 1.976

-------------------

/blˈuo̯ten/ - /blˈuo̯ten/
b-b / l-l / ˈuo̯-ˈuo̯ / t-t / e-e / n-n
{0: [0], 1: [1], 2: [2], 3: [3], 4: [4], 5: [5]}
{0: [0], 1: [1], 2: [2], 3: [3], 4: [4], 5: [5]}
SCORE: 13.201

-------------------

/blˈɑt/ - /blˈɑt/
b-b / l-l / ˈɑ-ˈɑ / t-t
{0: [0], 1: [1], 2: [2], 3: [3]}
{0: [0], 1: [1], 2: [2], 3: [3]}
SCORE: 0.217

-------------------

/brˈiu̯wɑn/ - /brˈiu̯wɑn/
b-b / r-r / ˈiu̯-ˈiu̯ / w-w / ɑ-ɑ / n-n
{0: [0], 1: [1], 2: [2], 3: [3], 4: [4], 5: [5]}
{0: [0], 1: [1], 2: [2], 3: [3], 4: [4], 5: [5]}
SCORE: 11.942

-------------------

/brˈoːt/ - /brˈoːt/
b-b / r-r / ˈoː-ˈoː / t-t
{0: [0], 1: [1], 2: [2], 3: [3]}
{0: [0], 1: [1], 2: [2], 3: [3]}
SCORE: 2.175

-------------------

/brˈukːɑ/ - /brˈukːɑ/
b-b / r-r / ˈu-ˈu / kː-kː / ɑ-ɑ
{0: [0], 1: [1], 2: [2], 3: [3], 4: [4]}
{0: [0], 1: [1], 2: [2], 3: [3], 4: [4]}
SCORE: 8.629

-------------------

/brˈuo̯dɛr/ - /brˈuo̯dɛr/
b-b / r-r / ˈuo̯-ˈuo̯ / d-d / ɛ-ɛ / r-r
{0: [0], 1: [1], 2: [2], 3: [3], 4: [4], 5: [5]}
{0: [0], 1: [1], 2: [2], 3: [3], 4: [4], 5: [5]}
SCORE: 15.647

-------------------

/brˈust/ - /brˈust/
b-b / r-r / ˈu-ˈu / s-s / t-t
{0: [0], 1: [1], 2: [2], 3: [3], 4: [4]}
{0: [0], 1: [1], 2: [2], 3: [3], 4: [4]}
SCORE: 5.282

-------------------

/bˈei̯n/ - /bˈei̯n/
b-b / ˈei̯-ˈei̯ / n-n
{0: [0], 1: [1], 2: [2]}
{0: [0], 1: [1], 2: [2]}
SCORE: -3.725

-------------------

/bˈeri/ - /bˈeri/
b-b / ˈe-ˈe / r-r / i-i
{0: [0], 1: [1], 2: [2], 3: [3]}
{0: [0], 1: [1], 2: [2], 3: [3]}
SCORE: 3.674

-------------------

/bˈini/ - /bˈini/
b-b / ˈi-ˈi / n-n / i-i
{0: [0], 1: [1], 2: [2], 3: [3]}
{0: [0], 1: [1], 2: [2], 3: [3]}
SCORE: 1.033

-------------------

/bˈintɑn/ - /bˈintɑn/
b-b / ˈi-ˈi / n-n / t-t / ɑ-ɑ / n-n
{0: [0], 1: [1], 2: [2], 3: [3], 4: [4], 5: [5]}
{0: [0], 1: [1], 2: [2], 3: [3], 4: [4], 5: [5]}
SCORE: 8.468

-------------------

/bˈio̯tɑn/ - /bˈio̯tɑn/
b-b / ˈio̯-ˈio̯ / t-t / ɑ-ɑ / n-n
{0: [0], 1: [1], 2: [2], 3: [3], 4: [4]}
{0: [0], 1: [1], 2: [2], 3: [3], 4: [4]}
SCORE: 5.88

-------------------

/bˈitːen/ - /bˈitːen/
b-b / ˈi-ˈi / tː-tː / e-e / n-n
{0: [0], 1: [1], 2: [2], 3: [3], 4: [4]}
{0: [0], 1: [1], 2: [2], 3: [3], 4: [4]}
SCORE: 12.958

-------------------

/bˈiːs̻ɑn/ - /bˈiːs̻ɑn/
b-b / ˈiː-ˈiː / s̻-s̻ / ɑ-ɑ / n-n
{0: [0], 1: [1], 2: [2], 3: [3], 4: [4]}
{0: [0], 1: [1], 2: [2], 3: [3], 4: [4]}
SCORE: 8.505

-------------------

/bˈou̯m/ - /bˈou̯m/
b-b / ˈou̯-ˈou̯ / m-m
{0: [0], 1: [1], 2: [2]}
{0: [0], 1: [1], 2: [2]}
SCORE: -0.818

-------------------

/bˈuːx/ - /bˈuːx/
b-b / ˈuː-ˈuː / x-x
{0: [0], 1: [1], 2: [2]}
{0: [0], 1: [1], 2: [2]}
SCORE: -1.354

-------------------

/bˈɑd/ - /bˈɑd/
b-b / ˈɑ-ˈɑ / d-d
{0: [0], 1: [1], 2: [2]}
{0: [0], 1: [1], 2: [2]}
SCORE: -3.433

-------------------

/bˈɛro/ - /bˈɛro/
b-b / ˈɛ-ˈɛ / r-r / o-o
{0: [0], 1: [1], 2: [2], 3: [3]}
{0: [0], 1: [1], 2: [2], 3: [3]}
SCORE: 3.237

-------------------

/bˈɛrɡ/ - /bˈɛrɡ/
b-b / ˈɛ-ˈɛ / r-r / ɡ-ɡ
{0: [0], 1: [1], 2: [2], 3: [3]}
{0: [0], 1: [1], 2: [2], 3: [3]}
SCORE: 1.706

-------------------

/bˈɛs̻ːiro/ - /bˈɛs̻ːiro/
b-b / ˈɛ-ˈɛ / s̻ː-s̻ː / i-i / r-r / o-o
{0: [0], 1: [1], 2: [2], 3: [3], 4: [4], 5: [5]}
{0: [0], 1: [1], 2: [2], 3: [3], 4: [4], 5: [5]}
SCORE: 17.232

-------------------

/drˈiː/ - /drˈiː/
d_r-d_r / ˈiː-ˈiː
{0: [0, 1], 1: [2]}
{0: [0, 1], 1: [2]}
SCORE: -1.9

-------------------

/drˈiːʦɛhɑn/ - /drˈiːʦɛhɑn/
d_r-d_r / ˈiː-ˈiː / ʦ-ʦ / ɛ-ɛ / h-h / ɑ-ɑ / n-n
{0: [0, 1], 1: [2], 2: [3], 3: [4], 4: [5], 5: [6], 6: [7]}
{0: [0, 1], 1: [2], 2: [3], 3: [4], 4: [5], 5: [6], 6: [7]}
SCORE: 27.99

-------------------

/drˈukːen/ - /drˈukːen/
d_r-d_r / ˈu-ˈu / kː-kː / e-e / n-n
{0: [0, 1], 1: [2], 2: [3], 3: [4], 4: [5]}
{0: [0, 1], 1: [2], 2: [3], 3: [4], 4: [5]}
SCORE: 16.276

-------------------

/dˈikːi/ - /dˈikːi/
d-d / ˈi-ˈi / kː-kː / i-i
{0: [0], 1: [1], 2: [2], 3: [3]}
{0: [0], 1: [1], 2: [2], 3: [3]}
SCORE: 5.366

-------------------

/dˈio̯b/ - /dˈio̯b/
d-d / ˈio̯-ˈio̯ / b-b
{0: [0], 1: [1], 2: [2]}
{0: [0], 1: [1], 2: [2]}
SCORE: -1.399

-------------------

/dˈiu̯tisk/ - /dˈiu̯tisk/
d-d / ˈiu̯-ˈiu̯ / t-t / i-i / s-s / k-k
{0: [0], 1: [1], 2: [2], 3: [3], 4: [4], 5: [5]}
{0: [0], 1: [1], 2: [2], 3: [3], 4: [4], 5: [5]}
SCORE: 15.354

-------------------

/dˈiŋɡ/ - /dˈiŋɡ/
d-d / ˈi-ˈi / ŋ-ŋ / ɡ-ɡ
{0: [0], 1: [1], 2: [2], 3: [3]}
{0: [0], 1: [1], 2: [2], 3: [3]}
SCORE: 4.412

-------------------

/dˈonɑr/ - /dˈonɑr/
d-d / ˈo-ˈo / n-n / ɑ-ɑ / r-r
{0: [0], 1: [1], 2: [2], 3: [3], 4: [4]}
{0: [0], 1: [1], 2: [2], 3: [3], 4: [4]}
SCORE: 5.302

-------------------

/dˈorn/ - /dˈorn/
d-d / ˈo-ˈo / r_n-r_n
{0: [0], 1: [1], 2: [2, 3]}
{0: [0], 1: [1], 2: [2, 3]}
SCORE: 2.143

-------------------

/dˈunːi/ - /dˈunːi/
d-d / ˈu-ˈu / nː-nː / i-i
{0: [0], 1: [1], 2: [2], 3: [3]}
{0: [0], 1: [1], 2: [2], 3: [3]}
SCORE: 6.172

-------------------

/dˈurst/ - /dˈurst/
d-d / ˈu-ˈu / r-r / s-s / t-t
{0: [0], 1: [1], 2: [2], 3: [3], 4: [4]}
{0: [0], 1: [1], 2: [2], 3: [3], 4: [4]}
SCORE: 5.698

-------------------

/dˈurːi/ - /dˈurːi/
d-d / ˈu-ˈu / rː-rː / i-i
{0: [0], 1: [1], 2: [2], 3: [3]}
{0: [0], 1: [1], 2: [2], 3: [3]}
SCORE: 4.916

-------------------

/dˈuː/ - /dˈuː/
d-d / ˈuː-ˈuː
{0: [0], 1: [1]}
{0: [0], 1: [1]}
SCORE: -7.433

-------------------

/dˈuːmo/ - /dˈuːmo/
d-d / ˈuː-ˈuː / m-m / o-o
{0: [0], 1: [1], 2: [2], 3: [3]}
{0: [0], 1: [1], 2: [2], 3: [3]}
SCORE: 5.318

-------------------

/dˈuːsunt/ - /dˈuːsunt/
d-d / ˈuː-ˈuː / s-s / u-u / n-n / t-t
{0: [0], 1: [1], 2: [2], 3: [3], 4: [4], 5: [5]}
{0: [0], 1: [1], 2: [2], 3: [3], 4: [4], 5: [5]}
SCORE: 13.429

-------------------

/dˈɑŋkoːn/ - /dˈɑŋkoːn/
d-d / ˈɑ-ˈɑ / ŋ-ŋ / k-k / oː-oː / n-n
{0: [0], 1: [1], 2: [2], 3: [3], 4: [4], 5: [5]}
{0: [0], 1: [1], 2: [2], 3: [3], 4: [4], 5: [5]}
SCORE: 18.526

-------------------

/flˈei̯sk/ - /flˈei̯sk/
f-f / l-l / ˈei̯-ˈei̯ / s-s / k-k
{0: [0], 1: [1], 2: [2], 3: [3], 4: [4]}
{0: [0], 1: [1], 2: [2], 3: [3], 4: [4]}
SCORE: 8.468

-------------------

/flˈio̯ɡɑ/ - /flˈio̯ɡɑ/
f-f / l-l / ˈio̯-ˈio̯ / ɡ-ɡ / ɑ-ɑ
{0: [0], 1: [1], 2: [2], 3: [3], 4: [4]}
{0: [0], 1: [1], 2: [2], 3: [3], 4: [4]}
SCORE: 7.623

-------------------

/flˈio̯ɡɑn/ - /flˈio̯ɡɑn/
f-f / l-l / ˈio̯-ˈio̯ / ɡ-ɡ / ɑ-ɑ / n-n
{0: [0], 1: [1], 2: [2], 3: [3], 4: [4], 5: [5]}
{0: [0], 1: [1], 2: [2], 3: [3], 4: [4], 5: [5]}
SCORE: 11.638

-------------------

/frˈio̯sɑn/ - /frˈio̯sɑn/
f-f / r-r / ˈio̯-ˈio̯ / s-s / ɑ-ɑ / n-n
{0: [0], 1: [1], 2: [2], 3: [3], 4: [4], 5: [5]}
{0: [0], 1: [1], 2: [2], 3: [3], 4: [4], 5: [5]}
SCORE: 10.259

-------------------

/frˈisk/ - /frˈisk/
f-f / r-r / ˈi-ˈi / s-s / k-k
{0: [0], 1: [1], 2: [2], 3: [3], 4: [4]}
{0: [0], 1: [1], 2: [2], 3: [3], 4: [4]}
SCORE: 6.807

-------------------

/frˈiu̯nt/ - /frˈiu̯nt/
f-f / r-r / ˈiu̯-ˈiu̯ / n-n / t-t
{0: [0], 1: [1], 2: [2], 3: [3], 4: [4]}
{0: [0], 1: [1], 2: [2], 3: [3], 4: [4]}
SCORE: 6.319

-------------------

/frˈiː/ - /frˈiː/
f-f / r-r / ˈiː-ˈiː
{0: [0], 1: [1], 2: [2]}
{0: [0], 1: [1], 2: [2]}
SCORE: -2.951

-------------------

/frˈou̯wɑ/ - /frˈou̯wɑ/
f-f / r-r / ˈou̯-ˈou̯ / w-w / ɑ-ɑ
{0: [0], 1: [1], 2: [2], 3: [3], 4: [4]}
{0: [0], 1: [1], 2: [2], 3: [3], 4: [4]}
SCORE: 7.919

-------------------

/fˈesti/ - /fˈesti/
f-f / ˈe-ˈe / s-s / t-t / i-i
{0: [0], 1: [1], 2: [2], 3: [3], 4: [4]}
{0: [0], 1: [1], 2: [2], 3: [3], 4: [4]}
SCORE: 8.482

-------------------

/fˈimf/ - /fˈimf/
f-f / ˈi-ˈi / m-m / f-f
{0: [0], 1: [1], 2: [2], 3: [3]}
{0: [0], 1: [1], 2: [2], 3: [3]}
SCORE: 2.6

-------------------

/fˈindɑn/ - /fˈindɑn/
f-f / ˈi-ˈi / n-n / d-d / ɑ-ɑ / n-n
{0: [0], 1: [1], 2: [2], 3: [3], 4: [4], 5: [5]}
{0: [0], 1: [1], 2: [2], 3: [3], 4: [4], 5: [5]}
SCORE: 9.815

-------------------

/fˈio̯r/ - /fˈio̯r/
f-f / ˈio̯-ˈio̯ / r-r
{0: [0], 1: [1], 2: [2]}
{0: [0], 1: [1], 2: [2]}
SCORE: -2.978

-------------------

/fˈisk/ - /fˈisk/
f-f / ˈi-ˈi / s-s / k-k
{0: [0], 1: [1], 2: [2], 3: [3]}
{0: [0], 1: [1], 2: [2], 3: [3]}
SCORE: 2.42

-------------------

/fˈiu̯r/ - /fˈiu̯r/
f-f / ˈiu̯-ˈiu̯ / r-r
{0: [0], 1: [1], 2: [2]}
{0: [0], 1: [1], 2: [2]}
SCORE: -2.297

-------------------

/fˈiŋɡɑr/ - /fˈiŋɡɑr/
f-f / ˈi-ˈi / ŋ-ŋ / ɡ-ɡ / ɑ-ɑ / r-r
{0: [0], 1: [1], 2: [2], 3: [3], 4: [4], 5: [5]}
{0: [0], 1: [1], 2: [2], 3: [3], 4: [4], 5: [5]}
SCORE: 12.995

-------------------

/fˈolk/ - /fˈolk/
f-f / ˈo-ˈo / l-l / k-k
{0: [0], 1: [1], 2: [2], 3: [3]}
{0: [0], 1: [1], 2: [2], 3: [3]}
SCORE: 3.471

-------------------

/fˈolɡeːn/ - /fˈolɡeːn/
f-f / ˈo-ˈo / l-l / ɡ-ɡ / eː-eː / n-n
{0: [0], 1: [1], 2: [2], 3: [3], 4: [4], 5: [5]}
{0: [0], 1: [1], 2: [2], 3: [3], 4: [4], 5: [5]}
SCORE: 15.365

-------------------

/fˈolː/ - /fˈolː/
f-f / ˈo-ˈo / lː-lː
{0: [0], 1: [1], 2: [2]}
{0: [0], 1: [1], 2: [2]}
SCORE: 1.372

-------------------

/fˈoɡɑl/ - /fˈoɡɑl/
f-f / ˈo-ˈo / ɡ-ɡ / ɑ_l-ɑ_l
{0: [0], 1: [1], 2: [2], 3: [3, 4]}
{0: [0], 1: [1], 2: [2], 3: [3, 4]}
SCORE: 7.993

-------------------

/fˈuo̯len/ - /fˈuo̯len/
f-f / ˈuo̯-ˈuo̯ / l-l / e-e / n-n
{0: [0], 1: [1], 2: [2], 3: [3], 4: [4]}
{0: [0], 1: [1], 2: [2], 3: [3], 4: [4]}
SCORE: 8.59

-------------------

/fˈuo̯s̻/ - /fˈuo̯s̻/
f-f / ˈuo̯-ˈuo̯ / s̻-s̻
{0: [0], 1: [1], 2: [2]}
{0: [0], 1: [1], 2: [2]}
SCORE: -0.441

-------------------

/fˈuo̯s̻i/ - /fˈuo̯s̻i/
f-f / ˈuo̯-ˈuo̯ / s̻-s̻ / i-i
{0: [0], 1: [1], 2: [2], 3: [3]}
{0: [0], 1: [1], 2: [2], 3: [3]}
SCORE: 5.36

-------------------

/fˈuri/ - /fˈuri/
f-f / ˈu-ˈu / r-r / i-i
{0: [0], 1: [1], 2: [2], 3: [3]}
{0: [0], 1: [1], 2: [2], 3: [3]}
SCORE: 1.87

-------------------

/fˈuxs/ - /fˈuxs/
f-f / ˈu-ˈu / x-x / s-s
{0: [0], 1: [1], 2: [2], 3: [3]}
{0: [0], 1: [1], 2: [2], 3: [3]}
SCORE: 2.78

-------------------

/fˈɑtɛr/ - /fˈɑtɛr/
f-f / ˈɑ-ˈɑ / t-t / ɛ-ɛ / r-r
{0: [0], 1: [1], 2: [2], 3: [3], 4: [4]}
{0: [0], 1: [1], 2: [2], 3: [3], 4: [4]}
SCORE: 8.137

-------------------

/fˈɛdɑrɑ/ - /fˈɛdɑrɑ/
f-f / ˈɛ-ˈɛ / d-d / ɑ-ɑ / r-r / ɑ-ɑ
{0: [0], 1: [1], 2: [2], 3: [3], 4: [4], 5: [5]}
{0: [0], 1: [1], 2: [2], 3: [3], 4: [4], 5: [5]}
SCORE: 11.532

-------------------

/hˈei̯lɑɡ/ - /hˈei̯lɑɡ/
h-h / ˈei̯-ˈei̯ / l-l / ɑ-ɑ / ɡ-ɡ
{0: [0], 1: [1], 2: [2], 3: [3], 4: [4]}
{0: [0], 1: [1], 2: [2], 3: [3], 4: [4]}
SCORE: 7.561

-------------------

/hˈei̯m/ - /hˈei̯m/
h-h / ˈei̯-ˈei̯ / m-m
{0: [0], 1: [1], 2: [2]}
{0: [0], 1: [1], 2: [2]}
SCORE: -1.569

-------------------

/hˈei̯s̻/ - /hˈei̯s̻/
h-h / ˈei̯-ˈei̯ / s̻-s̻
{0: [0], 1: [1], 2: [2]}
{0: [0], 1: [1], 2: [2]}
SCORE: -0.227

-------------------

/hˈenːɑ/ - /hˈenːɑ/
h-h / ˈe-ˈe / nː-nː / ɑ-ɑ
{0: [0], 1: [1], 2: [2], 3: [3]}
{0: [0], 1: [1], 2: [2], 3: [3]}
SCORE: 6.684

-------------------

/hˈie̯r/ - /hˈie̯r/
h-h / ˈie̯-ˈie̯ / r-r
{0: [0], 1: [1], 2: [2]}
{0: [0], 1: [1], 2: [2]}
SCORE: 0.758

-------------------

/hˈonɑɡ/ - /hˈonɑɡ/
h-h / ˈo-ˈo / n-n / ɑ-ɑ / ɡ-ɡ
{0: [0], 1: [1], 2: [2], 3: [3], 4: [4]}
{0: [0], 1: [1], 2: [2], 3: [3], 4: [4]}
SCORE: 6.174

-------------------

/hˈorn/ - /hˈorn/
h-h / ˈo-ˈo / r_n-r_n
{0: [0], 1: [1], 2: [2, 3]}
{0: [0], 1: [1], 2: [2, 3]}
SCORE: 2.04

-------------------

/hˈou̯bit/ - /hˈou̯bit/
h-h / ˈou̯-ˈou̯ / b-b / i-i / t-t
{0: [0], 1: [1], 2: [2], 3: [3], 4: [4]}
{0: [0], 1: [1], 2: [2], 3: [3], 4: [4]}
SCORE: 9.581

-------------------

/hˈoːrən/ - /hˈoːrən/
h-h / ˈoː-ˈoː / r-r / ə-ə / n-n
{0: [0], 1: [1], 2: [2], 3: [3], 4: [4]}
{0: [0], 1: [1], 2: [2], 3: [3], 4: [4]}
SCORE: 12.084

-------------------

/hˈoːx/ - /hˈoːx/
h-h / ˈoː-ˈoː / x-x
{0: [0], 1: [1], 2: [2]}
{0: [0], 1: [1], 2: [2]}
SCORE: -0.005

-------------------

/hˈunt/ - /hˈunt/
h-h / ˈu-ˈu / n-n / t-t
{0: [0], 1: [1], 2: [2], 3: [3]}
{0: [0], 1: [1], 2: [2], 3: [3]}
SCORE: 0.62

-------------------

/hˈuŋɡɑr/ - /hˈuŋɡɑr/
h-h / ˈu-ˈu / ŋ-ŋ / ɡ-ɡ / ɑ-ɑ / r-r
{0: [0], 1: [1], 2: [2], 3: [3], 4: [4], 5: [5]}
{0: [0], 1: [1], 2: [2], 3: [3], 4: [4], 5: [5]}
SCORE: 13.79

-------------------

/hˈuːs/ - /hˈuːs/
h-h / ˈuː-ˈuː / s-s
{0: [0], 1: [1], 2: [2]}
{0: [0], 1: [1], 2: [2]}
SCORE: -2.934

-------------------

/hˈuːt/ - /hˈuːt/
h-h / ˈuː-ˈuː / t-t
{0: [0], 1: [1], 2: [2]}
{0: [0], 1: [1], 2: [2]}
SCORE: -2.934

-------------------

/hˈɑbeːn/ - /hˈɑbeːn/
h-h / ˈɑ-ˈɑ / b-b / eː-eː / n-n
{0: [0], 1: [1], 2: [2], 3: [3], 4: [4]}
{0: [0], 1: [1], 2: [2], 3: [3], 4: [4]}
SCORE: 9.605

-------------------

/hˈɑlb/ - /hˈɑlb/
h-h / ˈɑ-ˈɑ / l-l / b-b
{0: [0], 1: [1], 2: [2], 3: [3]}
{0: [0], 1: [1], 2: [2], 3: [3]}
SCORE: 1.47

-------------------

/hˈɑnt/ - /hˈɑnt/
h-h / ˈɑ-ˈɑ / n-n / t-t
{0: [0], 1: [1], 2: [2], 3: [3]}
{0: [0], 1: [1], 2: [2], 3: [3]}
SCORE: -0.461

-------------------

/hˈɑso/ - /hˈɑso/
h-h / ˈɑ-ˈɑ / s-s / o-o
{0: [0], 1: [1], 2: [2], 3: [3]}
{0: [0], 1: [1], 2: [2], 3: [3]}
SCORE: 2.418

-------------------

/hˈɑs̻ːoːn/ - /hˈɑs̻ːoːn/
h-h / ˈɑ-ˈɑ / s̻ː-s̻ː / oː-oː / n-n
{0: [0], 1: [1], 2: [2], 3: [3], 4: [4]}
{0: [0], 1: [1], 2: [2], 3: [3], 4: [4]}
SCORE: 12.591

-------------------

/hˈɑːr/ - /hˈɑːr/
h-h / ˈɑː-ˈɑː / r-r
{0: [0], 1: [1], 2: [2]}
{0: [0], 1: [1], 2: [2]}
SCORE: -2.544

-------------------

/hˈɛlfɑn/ - /hˈɛlfɑn/
h-h / ˈɛ-ˈɛ / l-l / f-f / ɑ-ɑ / n-n
{0: [0], 1: [1], 2: [2], 3: [3], 4: [4], 5: [5]}
{0: [0], 1: [1], 2: [2], 3: [3], 4: [4], 5: [5]}
SCORE: 11.442

-------------------

/hˈɛrʦɑ/ - /hˈɛrʦɑ/
h-h / ˈɛ-ˈɛ / r-r / ʦ-ʦ / ɑ-ɑ
{0: [0], 1: [1], 2: [2], 3: [3], 4: [4]}
{0: [0], 1: [1], 2: [2], 3: [3], 4: [4]}
SCORE: 8.131

-------------------

/jˈuŋɡ/ - /jˈuŋɡ/
j-j / ˈu-ˈu / ŋ-ŋ / ɡ-ɡ
{0: [0], 1: [1], 2: [2], 3: [3]}
{0: [0], 1: [1], 2: [2], 3: [3]}
SCORE: 9.112

-------------------

/jˈɑːr/ - /jˈɑːr/
j-j / ˈɑː-ˈɑː / r-r
{0: [0], 1: [1], 2: [2]}
{0: [0], 1: [1], 2: [2]}
SCORE: 1.784

-------------------

/kʰnˈio̯/ - /kʰnˈio̯/
kʰ-kʰ / n-n / ˈio̯-ˈio̯
{0: [0], 1: [1], 2: [2]}
{0: [0], 1: [1], 2: [2]}
SCORE: -1.673

-------------------

/kʰnˈoto/ - /kʰnˈoto/
kʰ-kʰ / n-n / ˈo-ˈo / t-t / o-o
{0: [0], 1: [1], 2: [2], 3: [3], 4: [4]}
{0: [0], 1: [1], 2: [2], 3: [3], 4: [4]}
SCORE: 9.042

-------------------

/kʰwˈɛmən/ - /kʰwˈɛmən/
kʰ-kʰ / w-w / ˈɛ-ˈɛ / m-m / ə-ə / n-n
{0: [0], 1: [1], 2: [2], 3: [3], 4: [4], 5: [5]}
{0: [0], 1: [1], 2: [2], 3: [3], 4: [4], 5: [5]}
SCORE: 19.277

-------------------

/kʰˈind/ - /kʰˈind/
kʰ-kʰ / ˈi-ˈi / n-n / d-d
{0: [0], 1: [1], 2: [2], 3: [3]}
{0: [0], 1: [1], 2: [2], 3: [3]}
SCORE: 2.858

-------------------

/kʰˈop͡f/ - /kʰˈop͡f/
kʰ-kʰ / ˈo-ˈo / p͡f-p͡f
{0: [0], 1: [1], 2: [2]}
{0: [0], 1: [1], 2: [2]}
SCORE: 2.05

-------------------

/kʰˈorn/ - /kʰˈorn/
kʰ-kʰ / ˈo-ˈo / r_n-r_n
{0: [0], 1: [1], 2: [2, 3]}
{0: [0], 1: [1], 2: [2, 3]}
SCORE: 3.396

-------------------

/kʰˈuniŋɡ/ - /kʰˈuniŋɡ/
kʰ-kʰ / ˈu-ˈu / n-n / i-i / ŋ-ŋ / ɡ-ɡ
{0: [0], 1: [1], 2: [2], 3: [3], 4: [4], 5: [5]}
{0: [0], 1: [1], 2: [2], 3: [3], 4: [4], 5: [5]}
SCORE: 15.954

-------------------

/kʰˈuo̯/ - /kʰˈuo̯/
kʰ-kʰ / ˈuo̯-ˈuo̯
{0: [0], 1: [1]}
{0: [0], 1: [1]}
SCORE: -5.963

-------------------

/kʰˈɑlb/ - /kʰˈɑlb/
kʰ-kʰ / ˈɑ-ˈɑ / l-l / b-b
{0: [0], 1: [1], 2: [2], 3: [3]}
{0: [0], 1: [1], 2: [2], 3: [3]}
SCORE: 2.825

-------------------

/kʰˈɑlt/ - /kʰˈɑlt/
kʰ-kʰ / ˈɑ-ˈɑ / l_t-l_t
{0: [0], 1: [1], 2: [2, 3]}
{0: [0], 1: [1], 2: [2, 3]}
SCORE: 2.664

-------------------

/kʰˈɑʦːɑ/ - /kʰˈɑʦːɑ/
kʰ-kʰ / ˈɑ-ˈɑ / ʦː-ʦː / ɑ-ɑ
{0: [0], 1: [1], 2: [2], 3: [3]}
{0: [0], 1: [1], 2: [2], 3: [3]}
SCORE: 6.748

-------------------

/kʰˈɑːsi/ - /kʰˈɑːsi/
kʰ-kʰ / ˈɑː-ˈɑː / s-s / i-i
{0: [0], 1: [1], 2: [2], 3: [3]}
{0: [0], 1: [1], 2: [2], 3: [3]}
SCORE: 4.826

-------------------

/kʰˈɛnːen/ - /kʰˈɛnːen/
kʰ-kʰ / ˈɛ-ˈɛ / nː-nː / e-e / n-n
{0: [0], 1: [1], 2: [2], 3: [3], 4: [4]}
{0: [0], 1: [1], 2: [2], 3: [3], 4: [4]}
SCORE: 13.115

-------------------

/kˈirixːɑ/ - /kˈirixːɑ/
k-k / ˈi-ˈi / r-r / i-i / xː-xː / ɑ-ɑ
{0: [0], 1: [1], 2: [2], 3: [3], 4: [4], 5: [5]}
{0: [0], 1: [1], 2: [2], 3: [3], 4: [4], 5: [5]}
SCORE: 15.308

-------------------

/kˈunːɑn/ - /kˈunːɑn/
k-k / ˈu-ˈu / nː-nː / ɑ-ɑ / n-n
{0: [0], 1: [1], 2: [2], 3: [3], 4: [4]}
{0: [0], 1: [1], 2: [2], 3: [3], 4: [4]}
SCORE: 9.658

-------------------

/lou̯b/ - /lou̯b/
l-l / ou̯-ou̯ / b-b
{0: [0], 1: [1], 2: [2]}
{0: [0], 1: [1], 2: [2]}
SCORE: -2.44

-------------------

/lˈio̯b/ - /lˈio̯b/
l-l / ˈio̯-ˈio̯ / b-b
{0: [0], 1: [1], 2: [2]}
{0: [0], 1: [1], 2: [2]}
SCORE: -2.35

-------------------

/lˈio̯xt/ - /lˈio̯xt/
l-l / ˈio̯-ˈio̯ / x-x / t-t
{0: [0], 1: [1], 2: [2], 3: [3]}
{0: [0], 1: [1], 2: [2], 3: [3]}
SCORE: 3.206

-------------------

/lˈio̯ɡɑn/ - /lˈio̯ɡɑn/
l-l / ˈio̯-ˈio̯ / ɡ-ɡ / ɑ-ɑ / n-n
{0: [0], 1: [1], 2: [2], 3: [3], 4: [4]}
{0: [0], 1: [1], 2: [2], 3: [3], 4: [4]}
SCORE: 6.105

-------------------

/lˈiɡen/ - /lˈiɡen/
l-l / ˈi-ˈi / ɡ-ɡ / e-e / n-n
{0: [0], 1: [1], 2: [2], 3: [3], 4: [4]}
{0: [0], 1: [1], 2: [2], 3: [3], 4: [4]}
SCORE: 7.269

-------------------

/lˈiːxt/ - /lˈiːxt/
l-l / ˈiː-ˈiː / x-x / t-t
{0: [0], 1: [1], 2: [2], 3: [3]}
{0: [0], 1: [1], 2: [2], 3: [3]}
SCORE: 3.233

-------------------

/lˈou̯fɑn/ - /lˈou̯fɑn/
l-l / ˈou̯-ˈou̯ / f-f / ɑ-ɑ / n-n
{0: [0], 1: [1], 2: [2], 3: [3], 4: [4]}
{0: [0], 1: [1], 2: [2], 3: [3], 4: [4]}
SCORE: 6.956

-------------------

/lˈuːs/ - /lˈuːs/
l-l / ˈuː-ˈuː / s-s
{0: [0], 1: [1], 2: [2]}
{0: [0], 1: [1], 2: [2]}
SCORE: -3.783

-------------------

/lˈɑmb/ - /lˈɑmb/
l-l / ˈɑ-ˈɑ / m-m / b-b
{0: [0], 1: [1], 2: [2], 3: [3]}
{0: [0], 1: [1], 2: [2], 3: [3]}
SCORE: 1.474

-------------------

/lˈɑnt/ - /lˈɑnt/
l-l / ˈɑ-ˈɑ / n-n / t-t
{0: [0], 1: [1], 2: [2], 3: [3]}
{0: [0], 1: [1], 2: [2], 3: [3]}
SCORE: -1.31

-------------------

/lˈɑxːen/ - /lˈɑxːen/
l-l / ˈɑ-ˈɑ / xː-xː / e-e / n-n
{0: [0], 1: [1], 2: [2], 3: [3], 4: [4]}
{0: [0], 1: [1], 2: [2], 3: [3], 4: [4]}
SCORE: 9.513

-------------------

/lˈɑŋɡ/ - /lˈɑŋɡ/
l-l / ˈɑ-ˈɑ / ŋ-ŋ / ɡ-ɡ
{0: [0], 1: [1], 2: [2], 3: [3]}
{0: [0], 1: [1], 2: [2], 3: [3]}
SCORE: 2.853

-------------------

/lˈɛbɑrɑ/ - /lˈɛbɑrɑ/
l-l / ˈɛ-ˈɛ / b-b / ɑ-ɑ / r-r / ɑ-ɑ
{0: [0], 1: [1], 2: [2], 3: [3], 4: [4], 5: [5]}
{0: [0], 1: [1], 2: [2], 3: [3], 4: [4], 5: [5]}
SCORE: 10.589

-------------------

/mˈenːisko/ - /mˈenːisko/
m-m / ˈe-ˈe / nː-nː / i-i / s-s / k-k / o-o
{0: [0], 1: [1], 2: [2], 3: [3], 4: [4], 5: [5], 6: [6]}
{0: [0], 1: [1], 2: [2], 3: [3], 4: [4], 5: [5], 6: [6]}
SCORE: 25.972

-------------------

/mˈeri/ - /mˈeri/
m-m / ˈe-ˈe / r-r / i-i
{0: [0], 1: [1], 2: [2], 3: [3]}
{0: [0], 1: [1], 2: [2], 3: [3]}
SCORE: 3.991

-------------------

/mˈilux/ - /mˈilux/
m-m / ˈi-ˈi / l-l / u-u / x-x
{0: [0], 1: [1], 2: [2], 3: [3], 4: [4]}
{0: [0], 1: [1], 2: [2], 3: [3], 4: [4]}
SCORE: 10.681

-------------------

/mˈir/ - /mˈir/
m-m / ˈi-ˈi / r-r
{0: [0], 1: [1], 2: [2]}
{0: [0], 1: [1], 2: [2]}
SCORE: -4.078

-------------------

/mˈix/ - /mˈix/
m-m / ˈi-ˈi / x-x
{0: [0], 1: [1], 2: [2]}
{0: [0], 1: [1], 2: [2]}
SCORE: -1.97

-------------------

/mˈukːɑ/ - /mˈukːɑ/
m-m / ˈu-ˈu / kː-kː / ɑ-ɑ
{0: [0], 1: [1], 2: [2], 3: [3]}
{0: [0], 1: [1], 2: [2], 3: [3]}
SCORE: 4.559

-------------------

/mˈunt/ - /mˈunt/
m-m / ˈu-ˈu / n-n / t-t
{0: [0], 1: [1], 2: [2], 3: [3]}
{0: [0], 1: [1], 2: [2], 3: [3]}
SCORE: 0.624

-------------------

/mˈuo̯ter/ - /mˈuo̯ter/
m-m / ˈuo̯-ˈuo̯ / t-t / e-e / r-r
{0: [0], 1: [1], 2: [2], 3: [3], 4: [4]}
{0: [0], 1: [1], 2: [2], 3: [3], 4: [4]}
SCORE: 8.885

-------------------

/mˈuːl/ - /mˈuːl/
m-m / ˈuː-ˈuː / l-l
{0: [0], 1: [1], 2: [2]}
{0: [0], 1: [1], 2: [2]}
SCORE: -2.527

-------------------

/mˈuːs/ - /mˈuːs/
m-m / ˈuː-ˈuː / s-s
{0: [0], 1: [1], 2: [2]}
{0: [0], 1: [1], 2: [2]}
SCORE: -2.931

-------------------

/mˈuːsi/ - /mˈuːsi/
m-m / ˈuː-ˈuː / s-s / i-i
{0: [0], 1: [1], 2: [2], 3: [3]}
{0: [0], 1: [1], 2: [2], 3: [3]}
SCORE: 2.87

-------------------

/mˈɑn/ - /mˈɑn/
m-m / ˈɑ-ˈɑ / n-n
{0: [0], 1: [1], 2: [2]}
{0: [0], 1: [1], 2: [2]}
SCORE: -5.059

-------------------

/mˈɑnːɑ/ - /mˈɑnːɑ/
m-m / ˈɑ-ˈɑ / nː-nː / ɑ-ɑ
{0: [0], 1: [1], 2: [2], 3: [3]}
{0: [0], 1: [1], 2: [2], 3: [3]}
SCORE: 3.811

-------------------

/mˈɑxt/ - /mˈɑxt/
m-m / ˈɑ-ˈɑ / x-x / t-t
{0: [0], 1: [1], 2: [2], 3: [3]}
{0: [0], 1: [1], 2: [2], 3: [3]}
SCORE: 2.024

-------------------

/mˈɑːno/ - /mˈɑːno/
m-m / ˈɑː-ˈɑː / n-n / o-o
{0: [0], 1: [1], 2: [2], 3: [3]}
{0: [0], 1: [1], 2: [2], 3: [3]}
SCORE: 3.979

-------------------

/mˈɑːnoːd/ - /mˈɑːnoːd/
m-m / ˈɑː-ˈɑː / n-n / oː-oː / d-d
{0: [0], 1: [1], 2: [2], 3: [3], 4: [4]}
{0: [0], 1: [1], 2: [2], 3: [3], 4: [4]}
SCORE: 12.503

-------------------

/nˈiu̯n/ - /nˈiu̯n/
n-n / ˈiu̯-ˈiu̯ / n-n
{0: [0], 1: [1], 2: [2]}
{0: [0], 1: [1], 2: [2]}
SCORE: -4.188

-------------------

/nˈiu̯wi/ - /nˈiu̯wi/
n-n / ˈiu̯-ˈiu̯ / w-w / i-i
{0: [0], 1: [1], 2: [2], 3: [3]}
{0: [0], 1: [1], 2: [2], 3: [3]}
SCORE: 3.194

-------------------

/nˈord/ - /nˈord/
n-n / ˈo-ˈo / r-r / d-d
{0: [0], 1: [1], 2: [2], 3: [3]}
{0: [0], 1: [1], 2: [2], 3: [3]}
SCORE: 0.682

-------------------

/nˈus̻/ - /nˈus̻/
n-n / ˈu-ˈu / s̻-s̻
{0: [0], 1: [1], 2: [2]}
{0: [0], 1: [1], 2: [2]}
SCORE: -2.637

-------------------

/nˈɑkːut/ - /nˈɑkːut/
n_ˈɑ-n_ˈɑ / kː-kː / u-u / t-t
{0: [0, 1], 1: [2], 2: [3], 3: [4]}
{0: [0, 1], 1: [2], 2: [3], 3: [4]}
SCORE: 10.179

-------------------

/nˈɑmo/ - /nˈɑmo/
n_ˈɑ-n_ˈɑ / m-m / o-o
{0: [0, 1], 1: [2], 2: [3]}
{0: [0, 1], 1: [2], 2: [3]}
SCORE: 2.752

-------------------

/nˈɑsɑ/ - /nˈɑsɑ/
n_ˈɑ-n_ˈɑ / s-s / ɑ-ɑ
{0: [0, 1], 1: [2], 2: [3]}
{0: [0, 1], 1: [2], 2: [3]}
SCORE: -0.777

-------------------

/nˈɑxt/ - /nˈɑxt/
n_ˈɑ-n_ˈɑ / x-x / t-t
{0: [0, 1], 1: [2], 2: [3]}
{0: [0, 1], 1: [2], 2: [3]}
SCORE: 1.099

-------------------

/nˈɑɡɑl/ - /nˈɑɡɑl/
n_ˈɑ-n_ˈɑ / ɡ-ɡ / ɑ_l-ɑ_l
{0: [0, 1], 1: [2], 2: [3, 4]}
{0: [0, 1], 1: [2], 2: [3, 4]}
SCORE: 6.138

-------------------

/nˈɑːdɑlɑ/ - /nˈɑːdɑlɑ/
n-n / ˈɑː-ˈɑː / d-d / ɑ_l-ɑ_l / ɑ-ɑ
{0: [0], 1: [1], 2: [2], 3: [3, 4], 4: [5]}
{0: [0], 1: [1], 2: [2], 3: [3, 4], 4: [5]}
SCORE: 12.58

-------------------

/nˈɑːxisto/ - /nˈɑːxisto/
n-n / ˈɑː-ˈɑː / x-x / i-i / s-s / t-t / o-o
{0: [0], 1: [1], 2: [2], 3: [3], 4: [4], 5: [5], 6: [6]}
{0: [0], 1: [1], 2: [2], 3: [3], 4: [4], 5: [5], 6: [6]}
SCORE: 19.621

-------------------

/p͡flˈixt/ - /p͡flˈixt/
p͡f-p͡f / l-l / ˈi-ˈi / x-x / t-t
{0: [0], 1: [1], 2: [2], 3: [3], 4: [4]}
{0: [0], 1: [1], 2: [2], 3: [3], 4: [4]}
SCORE: 10.296

-------------------

/p͡flˈuo̯ɡ/ - /p͡flˈuo̯ɡ/
p͡f-p͡f / l-l / ˈuo̯-ˈuo̯ / ɡ-ɡ
{0: [0], 1: [1], 2: [2], 3: [3]}
{0: [0], 1: [1], 2: [2], 3: [3]}
SCORE: 5.712

-------------------

/p͡fˈɑd/ - /p͡fˈɑd/
p͡f-p͡f / ˈɑ-ˈɑ / d-d
{0: [0], 1: [1], 2: [2]}
{0: [0], 1: [1], 2: [2]}
SCORE: -0.458

-------------------

/rˈiŋɡ/ - /rˈiŋɡ/
r-r / ˈi-ˈi / ŋ-ŋ / ɡ-ɡ
{0: [0], 1: [1], 2: [2], 3: [3]}
{0: [0], 1: [1], 2: [2], 3: [3]}
SCORE: 2.842

-------------------

/rˈiːxːi/ - /rˈiːxːi/
r-r / ˈiː-ˈiː / xː-xː / i-i
{0: [0], 1: [1], 2: [2], 3: [3]}
{0: [0], 1: [1], 2: [2], 3: [3]}
SCORE: 5.532

-------------------

/rˈos/ - /rˈos/
r-r / ˈo-ˈo / s-s
{0: [0], 1: [1], 2: [2]}
{0: [0], 1: [1], 2: [2]}
SCORE: -4.688

-------------------

/rˈou̯x/ - /rˈou̯x/
r-r / ˈou̯-ˈou̯ / x-x
{0: [0], 1: [1], 2: [2]}
{0: [0], 1: [1], 2: [2]}
SCORE: -1.334

-------------------

/rˈoːt/ - /rˈoːt/
r-r / ˈoː-ˈoː / t-t
{0: [0], 1: [1], 2: [2]}
{0: [0], 1: [1], 2: [2]}
SCORE: -3.366

-------------------

/rˈukːi/ - /rˈukːi/
r-r / ˈu-ˈu / kː-kː / i-i
{0: [0], 1: [1], 2: [2], 3: [3]}
{0: [0], 1: [1], 2: [2], 3: [3]}
SCORE: 4.269

-------------------

/rˈɛxt/ - /rˈɛxt/
r-r / ˈɛ-ˈɛ / x-x / t-t
{0: [0], 1: [1], 2: [2], 3: [3]}
{0: [0], 1: [1], 2: [2], 3: [3]}
SCORE: 1.9

-------------------

/rˈɛɡɑn/ - /rˈɛɡɑn/
r-r / ˈɛ-ˈɛ / ɡ-ɡ / ɑ-ɑ / n-n
{0: [0], 1: [1], 2: [2], 3: [3], 4: [4]}
{0: [0], 1: [1], 2: [2], 3: [3], 4: [4]}
SCORE: 4.799

-------------------

/skˈif/ - /skˈif/
s-s / k-k / ˈi-ˈi / f-f
{0: [0], 1: [1], 2: [2], 3: [3]}
{0: [0], 1: [1], 2: [2], 3: [3]}
SCORE: 2.42

-------------------

/skˈilt/ - /skˈilt/
s-s / k-k / ˈi-ˈi / l_t-l_t
{0: [0], 1: [1], 2: [2], 3: [3, 4]}
{0: [0], 1: [1], 2: [2], 3: [3, 4]}
SCORE: 7.273

-------------------

/skˈio̯s̻ːɑn/ - /skˈio̯s̻ːɑn/
s-s / k-k / ˈio̯-ˈio̯ / s̻ː-s̻ː / ɑ-ɑ / n-n
{0: [0], 1: [1], 2: [2], 3: [3], 4: [4], 5: [5]}
{0: [0], 1: [1], 2: [2], 3: [3], 4: [4], 5: [5]}
SCORE: 15.143

-------------------

/skˈiːs̻i/ - /skˈiːs̻i/
s-s / k-k / ˈiː-ˈiː / s̻-s̻ / i-i
{0: [0], 1: [1], 2: [2], 3: [3], 4: [4]}
{0: [0], 1: [1], 2: [2], 3: [3], 4: [4]}
SCORE: 11.341

-------------------

/skˈoːni/ - /skˈoːni/
s-s / k-k / ˈoː-ˈoː / n-n / i-i
{0: [0], 1: [1], 2: [2], 3: [3], 4: [4]}
{0: [0], 1: [1], 2: [2], 3: [3], 4: [4]}
SCORE: 8.671

-------------------

/skˈuo̯x/ - /skˈuo̯x/
s-s / k-k / ˈuo̯-ˈuo̯ / x-x
{0: [0], 1: [1], 2: [2], 3: [3]}
{0: [0], 1: [1], 2: [2], 3: [3]}
SCORE: 4.534

-------------------

/skˈɑrf/ - /skˈɑrf/
s-s / k-k / ˈɑ-ˈɑ / r-r / f-f
{0: [0], 1: [1], 2: [2], 3: [3], 4: [4]}
{0: [0], 1: [1], 2: [2], 3: [3], 4: [4]}
SCORE: 6.199

-------------------

/skˈɑːf/ - /skˈɑːf/
s-s / k-k / ˈɑː-ˈɑː / f-f
{0: [0], 1: [1], 2: [2], 3: [3]}
{0: [0], 1: [1], 2: [2], 3: [3]}
SCORE: 3.958

-------------------

/slˈɑhɑn/ - /slˈɑhɑn/
s_l-s_l / ˈɑ-ˈɑ / h-h / ɑ-ɑ / n-n
{0: [0, 1], 1: [2], 2: [3], 3: [4], 4: [5]}
{0: [0, 1], 1: [2], 2: [3], 3: [4], 4: [5]}
SCORE: 10.137

-------------------

/slˈɑŋɡo/ - /slˈɑŋɡo/
s_l-s_l / ˈɑ-ˈɑ / ŋ-ŋ / ɡ-ɡ / o-o
{0: [0, 1], 1: [2], 2: [3], 3: [4], 4: [5]}
{0: [0, 1], 1: [2], 2: [3], 3: [4], 4: [5]}
SCORE: 15.32

-------------------

/slˈɑːfɑn/ - /slˈɑːfɑn/
s_l-s_l / ˈɑː-ˈɑː / f-f / ɑ-ɑ / n-n
{0: [0, 1], 1: [2], 2: [3], 3: [4], 4: [5]}
{0: [0, 1], 1: [2], 2: [3], 3: [4], 4: [5]}
SCORE: 11.961

-------------------

/snˈeːo/ - /snˈeːo/
s-s / n-n / ˈeː-ˈeː / o-o
{0: [0], 1: [1], 2: [2], 3: [3]}
{0: [0], 1: [1], 2: [2], 3: [3]}
SCORE: 4.359

-------------------

/sprˈɑːxːɑ/ - /sprˈɑːxːɑ/
s-s / p-p / r-r / ˈɑː-ˈɑː / xː-xː / ɑ-ɑ
{0: [0], 1: [1], 2: [2], 3: [3], 4: [4], 5: [5]}
{0: [0], 1: [1], 2: [2], 3: [3], 4: [4], 5: [5]}
SCORE: 16.045

-------------------

/stˈei̯n/ - /stˈei̯n/
s-s / t-t / ˈei̯-ˈei̯ / n-n
{0: [0], 1: [1], 2: [2], 3: [3]}
{0: [0], 1: [1], 2: [2], 3: [3]}
SCORE: -0.063

-------------------

/stˈuo̯l/ - /stˈuo̯l/
s-s / t-t / ˈuo̯-ˈuo̯ / l-l
{0: [0], 1: [1], 2: [2], 3: [3]}
{0: [0], 1: [1], 2: [2], 3: [3]}
SCORE: 1.037

-------------------

/stˈurm/ - /stˈurm/
s-s / t-t / ˈu-ˈu / r-r / m-m
{0: [0], 1: [1], 2: [2], 3: [3], 4: [4]}
{0: [0], 1: [1], 2: [2], 3: [3], 4: [4]}
SCORE: 5.599

-------------------

/stˈɛrno/ - /stˈɛrno/
s-s / t-t / ˈɛ-ˈɛ / r_n-r_n / o-o
{0: [0], 1: [1], 2: [2], 3: [3, 4], 4: [5]}
{0: [0], 1: [1], 2: [2], 3: [3, 4], 4: [5]}
SCORE: 12.374

-------------------

/swˈei̯s̻/ - /swˈei̯s̻/
s-s / w-w / ˈei̯-ˈei̯ / s̻-s̻
{0: [0], 1: [1], 2: [2], 3: [3]}
{0: [0], 1: [1], 2: [2], 3: [3]}
SCORE: 4.116

-------------------

/swˈimːɑn/ - /swˈimːɑn/
s-s / w-w / ˈi-ˈi / mː-mː / ɑ-ɑ / n-n
{0: [0], 1: [1], 2: [2], 3: [3], 4: [4], 5: [5]}
{0: [0], 1: [1], 2: [2], 3: [3], 4: [4], 5: [5]}
SCORE: 11.521

-------------------

/swˈiːn/ - /swˈiːn/
s-s / w-w / ˈiː-ˈiː / n-n
{0: [0], 1: [1], 2: [2], 3: [3]}
{0: [0], 1: [1], 2: [2], 3: [3]}
SCORE: 1.342

-------------------

/swˈɑrʦ/ - /swˈɑrʦ/
s-s / w-w / ˈɑ-ˈɑ / r-r / ʦ-ʦ
{0: [0], 1: [1], 2: [2], 3: [3], 4: [4]}
{0: [0], 1: [1], 2: [2], 3: [3], 4: [4]}
SCORE: 6.508

-------------------

/swˈɛrt/ - /swˈɛrt/
s-s / w-w / ˈɛ-ˈɛ / r-r / t-t
{0: [0], 1: [1], 2: [2], 3: [3], 4: [4]}
{0: [0], 1: [1], 2: [2], 3: [3], 4: [4]}
SCORE: 5.602

-------------------

/swˈɛstɛr/ - /swˈɛstɛr/
s-s / w-w / ˈɛ-ˈɛ / s-s / t-t / ɛ-ɛ / r-r
{0: [0], 1: [1], 2: [2], 3: [3], 4: [4], 5: [5], 6: [6]}
{0: [0], 1: [1], 2: [2], 3: [3], 4: [4], 5: [5], 6: [6]}
SCORE: 18.751

-------------------

/sˈeːlɑ/ - /sˈeːlɑ/
s-s / ˈeː-ˈeː / l-l / ɑ-ɑ
{0: [0], 1: [1], 2: [2], 3: [3]}
{0: [0], 1: [1], 2: [2], 3: [3]}
SCORE: 3.077

-------------------

/sˈeːo/ - /sˈeːo/
s-s / ˈeː-ˈeː / o-o
{0: [0], 1: [1], 2: [2]}
{0: [0], 1: [1], 2: [2]}
SCORE: 0.344

-------------------

/sˈibun/ - /sˈibun/
s-s / ˈi-ˈi / b-b / u-u / n-n
{0: [0], 1: [1], 2: [2], 3: [3], 4: [4]}
{0: [0], 1: [1], 2: [2], 3: [3], 4: [4]}
SCORE: 7.479

-------------------

/sˈio̯x/ - /sˈio̯x/
s-s / ˈio̯-ˈio̯ / x-x
{0: [0], 1: [1], 2: [2]}
{0: [0], 1: [1], 2: [2]}
SCORE: -1.8

-------------------

/sˈiŋɡɑn/ - /sˈiŋɡɑn/
s-s / ˈi-ˈi / ŋ-ŋ / ɡ-ɡ / ɑ-ɑ / n-n
{0: [0], 1: [1], 2: [2], 3: [3], 4: [4], 5: [5]}
{0: [0], 1: [1], 2: [2], 3: [3], 4: [4], 5: [5]}
SCORE: 11.691

-------------------

/sˈiʦːen/ - /sˈiʦːen/
s-s / ˈi-ˈi / ʦː-ʦː / e-e / n-n
{0: [0], 1: [1], 2: [2], 3: [3], 4: [4]}
{0: [0], 1: [1], 2: [2], 3: [3], 4: [4]}
SCORE: 11.352

-------------------

/sˈiːtɑ/ - /sˈiːtɑ/
s-s / ˈiː-ˈiː / t-t / ɑ-ɑ
{0: [0], 1: [1], 2: [2], 3: [3]}
{0: [0], 1: [1], 2: [2], 3: [3]}
SCORE: 0.953

-------------------

/sˈumɑr/ - /sˈumɑr/
s-s / ˈu-ˈu / m-m / ɑ-ɑ / r-r
{0: [0], 1: [1], 2: [2], 3: [3], 4: [4]}
{0: [0], 1: [1], 2: [2], 3: [3], 4: [4]}
SCORE: 5.617

-------------------

/sˈunu/ - /sˈunu/
s-s / ˈu-ˈu / n-n / u-u
{0: [0], 1: [1], 2: [2], 3: [3]}
{0: [0], 1: [1], 2: [2], 3: [3]}
SCORE: 2.411

-------------------

/sˈuo̯s̻i/ - /sˈuo̯s̻i/
s-s / ˈuo̯-ˈuo̯ / s̻-s̻ / i-i
{0: [0], 1: [1], 2: [2], 3: [3]}
{0: [0], 1: [1], 2: [2], 3: [3]}
SCORE: 4.429

-------------------

/sˈuo̯xːen/ - /sˈuo̯xːen/
s-s / ˈuo̯-ˈuo̯ / xː-xː / e-e / n-n
{0: [0], 1: [1], 2: [2], 3: [3], 4: [4]}
{0: [0], 1: [1], 2: [2], 3: [3], 4: [4]}
SCORE: 10.868

-------------------

/sˈuː/ - /sˈuː/
s-s / ˈuː-ˈuː
{0: [0], 1: [1]}
{0: [0], 1: [1]}
SCORE: -8.789

-------------------

/sˈuːr/ - /sˈuːr/
s-s / ˈuː-ˈuː / r-r
{0: [0], 1: [1], 2: [2]}
{0: [0], 1: [1], 2: [2]}
SCORE: -4.402

-------------------

/sˈuːɡɑn/ - /sˈuːɡɑn/
s-s / ˈuː-ˈuː / ɡ-ɡ / ɑ-ɑ / n-n
{0: [0], 1: [1], 2: [2], 3: [3], 4: [4]}
{0: [0], 1: [1], 2: [2], 3: [3], 4: [4]}
SCORE: 5.208

-------------------

/sˈɑlʦ/ - /sˈɑlʦ/
s_ˈɑ-s_ˈɑ / l-l / ʦ-ʦ
{0: [0, 1], 1: [2], 2: [3]}
{0: [0, 1], 1: [2], 2: [3]}
SCORE: 2.44

-------------------

/sˈɑnt/ - /sˈɑnt/
s_ˈɑ-s_ˈɑ / n-n / t-t
{0: [0, 1], 1: [2], 2: [3]}
{0: [0, 1], 1: [2], 2: [3]}
SCORE: -0.804

-------------------

/sˈɑɡeːn/ - /sˈɑɡeːn/
s_ˈɑ-s_ˈɑ / ɡ-ɡ / eː-eː / n-n
{0: [0, 1], 1: [2], 2: [3], 3: [4]}
{0: [0, 1], 1: [2], 2: [3], 3: [4]}
SCORE: 9.083

-------------------

/sˈɛhɑn/ - /sˈɛhɑn/
s-s / ˈɛ-ˈɛ / h-h / ɑ-ɑ / n-n
{0: [0], 1: [1], 2: [2], 3: [3], 4: [4]}
{0: [0], 1: [1], 2: [2], 3: [3], 4: [4]}
SCORE: 5.506

-------------------

/sˈɛlb/ - /sˈɛlb/
s-s / ˈɛ-ˈɛ / l-l / b-b
{0: [0], 1: [1], 2: [2], 3: [3]}
{0: [0], 1: [1], 2: [2], 3: [3]}
SCORE: 1.564

-------------------

/sˈɛxs/ - /sˈɛxs/
s-s / ˈɛ-ˈɛ / x-x / s-s
{0: [0], 1: [1], 2: [2], 3: [3]}
{0: [0], 1: [1], 2: [2], 3: [3]}
SCORE: 2.115

-------------------

/trˈiŋkɑn/ - /trˈiŋkɑn/
t_r-t_r / ˈi-ˈi / ŋ-ŋ / k-k / ɑ-ɑ / n-n
{0: [0, 1], 1: [2], 2: [3], 3: [4], 4: [5], 5: [6]}
{0: [0, 1], 1: [2], 2: [3], 3: [4], 4: [5], 5: [6]}
SCORE: 18.005

-------------------

/trˈiːbɑn/ - /trˈiːbɑn/
t_r-t_r / ˈiː-ˈiː / b-b / ɑ-ɑ / n-n
{0: [0, 1], 1: [2], 2: [3], 3: [4], 4: [5]}
{0: [0, 1], 1: [2], 2: [3], 3: [4], 4: [5]}
SCORE: 10.973

-------------------

/trˈokːɑn/ - /trˈokːɑn/
t_r-t_r / ˈo-ˈo / kː-kː / ɑ-ɑ / n-n
{0: [0, 1], 1: [2], 2: [3], 3: [4], 4: [5]}
{0: [0, 1], 1: [2], 2: [3], 3: [4], 4: [5]}
SCORE: 12.557

-------------------

/trˈou̯m/ - /trˈou̯m/
t_r-t_r / ˈou̯-ˈou̯ / m-m
{0: [0, 1], 1: [2], 2: [3]}
{0: [0, 1], 1: [2], 2: [3]}
SCORE: 3.309

-------------------

/trˈou̯men/ - /trˈou̯men/
t_r-t_r / ˈou̯-ˈou̯ / m-m / e-e / n-n
{0: [0, 1], 1: [2], 2: [3], 3: [4], 4: [5]}
{0: [0, 1], 1: [2], 2: [3], 3: [4], 4: [5]}
SCORE: 14.533

-------------------

/trˈɑhɑn/ - /trˈɑhɑn/
t_r-t_r / ˈɑ-ˈɑ / h-h / ɑ-ɑ / n-n
{0: [0, 1], 1: [2], 2: [3], 3: [4], 4: [5]}
{0: [0, 1], 1: [2], 2: [3], 3: [4], 4: [5]}
SCORE: 9.225

-------------------

/twˈɛrɡ/ - /twˈɛrɡ/
t-t / w-w / ˈɛ-ˈɛ / r-r / ɡ-ɡ
{0: [0], 1: [1], 2: [2], 3: [3], 4: [4]}
{0: [0], 1: [1], 2: [2], 3: [3], 4: [4]}
SCORE: 6.362

-------------------

/tˈei̯ɡ/ - /tˈei̯ɡ/
t-t / ˈei̯-ˈei̯ / ɡ-ɡ
{0: [0], 1: [1], 2: [2]}
{0: [0], 1: [1], 2: [2]}
SCORE: -3.317

-------------------

/tˈio̯f/ - /tˈio̯f/
t-t / ˈio̯-ˈio̯ / f-f
{0: [0], 1: [1], 2: [2]}
{0: [0], 1: [1], 2: [2]}
SCORE: -2.763

-------------------

/tˈio̯r/ - /tˈio̯r/
t-t / ˈio̯-ˈio̯ / r-r
{0: [0], 1: [1], 2: [2]}
{0: [0], 1: [1], 2: [2]}
SCORE: -3.908

-------------------

/tˈiu̯ri/ - /tˈiu̯ri/
t-t / ˈiu̯-ˈiu̯ / r-r / i-i
{0: [0], 1: [1], 2: [2], 3: [3]}
{0: [0], 1: [1], 2: [2], 3: [3]}
SCORE: 2.573

-------------------

/tˈoxtɛr/ - /tˈoxtɛr/
t-t / ˈo-ˈo / x-x / t-t / ɛ-ɛ / r-r
{0: [0], 1: [1], 2: [2], 3: [3], 4: [4], 5: [5]}
{0: [0], 1: [1], 2: [2], 3: [3], 4: [4], 5: [5]}
SCORE: 14.957

-------------------

/tˈoːd/ - /tˈoːd/
t-t / ˈoː-ˈoː / d-d
{0: [0], 1: [1], 2: [2]}
{0: [0], 1: [1], 2: [2]}
SCORE: -1.796

-------------------

/tˈoːt/ - /tˈoːt/
t-t / ˈoː-ˈoː / t-t
{0: [0], 1: [1], 2: [2]}
{0: [0], 1: [1], 2: [2]}
SCORE: -3.152

-------------------

/tˈuːbɑ/ - /tˈuːbɑ/
t-t / ˈuː-ˈuː / b-b / ɑ-ɑ
{0: [0], 1: [1], 2: [2], 3: [3]}
{0: [0], 1: [1], 2: [2], 3: [3]}
SCORE: 1.372

-------------------

/tˈuːsunt/ - /tˈuːsunt/
t-t / ˈuː-ˈuː / s-s / u-u / n-n / t-t
{0: [0], 1: [1], 2: [2], 3: [3], 4: [4], 5: [5]}
{0: [0], 1: [1], 2: [2], 3: [3], 4: [4], 5: [5]}
SCORE: 12.074

-------------------

/tˈɑɡ/ - /tˈɑɡ/
t-t / ˈɑ-ˈɑ / ɡ-ɡ
{0: [0], 1: [1], 2: [2]}
{0: [0], 1: [1], 2: [2]}
SCORE: -4.967

-------------------

/wˈei̯x/ - /wˈei̯x/
w-w / ˈei̯-ˈei̯ / x-x
{0: [0], 1: [1], 2: [2]}
{0: [0], 1: [1], 2: [2]}
SCORE: -1.189

-------------------

/wˈildi/ - /wˈildi/
w-w / ˈi-ˈi / l-l / d-d / i-i
{0: [0], 1: [1], 2: [2], 3: [3], 4: [4]}
{0: [0], 1: [1], 2: [2], 3: [3], 4: [4]}
SCORE: 8.036

-------------------

/wˈint/ - /wˈint/
w-w / ˈi-ˈi / n-n / t-t
{0: [0], 1: [1], 2: [2], 3: [3]}
{0: [0], 1: [1], 2: [2], 3: [3]}
SCORE: -0.112

-------------------

/wˈintɑr/ - /wˈintɑr/
w-w / ˈi-ˈi / n-n / t-t / ɑ-ɑ / r-r
{0: [0], 1: [1], 2: [2], 3: [3], 4: [4], 5: [5]}
{0: [0], 1: [1], 2: [2], 3: [3], 4: [4], 5: [5]}
SCORE: 8.896

-------------------

/wˈir/ - /wˈir/
w-w / ˈi-ˈi / r-r
{0: [0], 1: [1], 2: [2]}
{0: [0], 1: [1], 2: [2]}
SCORE: -4.341

-------------------

/wˈis̻ːɑn/ - /wˈis̻ːɑn/
w-w / ˈi-ˈi / s̻ː-s̻ː / ɑ-ɑ / n-n
{0: [0], 1: [1], 2: [2], 3: [3], 4: [4]}
{0: [0], 1: [1], 2: [2], 3: [3], 4: [4]}
SCORE: 8.101

-------------------

/wˈiːb/ - /wˈiːb/
w-w / ˈiː-ˈiː / b-b
{0: [0], 1: [1], 2: [2]}
{0: [0], 1: [1], 2: [2]}
SCORE: -1.733

-------------------

/wˈiːn/ - /wˈiːn/
w-w / ˈiː-ˈiː / n-n
{0: [0], 1: [1], 2: [2]}
{0: [0], 1: [1], 2: [2]}
SCORE: -3.26

-------------------

/wˈiːs̻/ - /wˈiːs̻/
w-w / ˈiː-ˈiː / s̻-s̻
{0: [0], 1: [1], 2: [2]}
{0: [0], 1: [1], 2: [2]}
SCORE: -0.075

-------------------

/wˈolf/ - /wˈolf/
w-w / ˈo-ˈo / l-l / f-f
{0: [0], 1: [1], 2: [2], 3: [3]}
{0: [0], 1: [1], 2: [2], 3: [3]}
SCORE: 2.457

-------------------

/wˈolːɑ/ - /wˈolːɑ/
w-w / ˈo-ˈo / lː-lː / ɑ-ɑ
{0: [0], 1: [1], 2: [2], 3: [3]}
{0: [0], 1: [1], 2: [2], 3: [3]}
SCORE: 6.055

-------------------

/wˈort/ - /wˈort/
w-w / ˈo-ˈo / r-r / t-t
{0: [0], 1: [1], 2: [2], 3: [3]}
{0: [0], 1: [1], 2: [2], 3: [3]}
SCORE: 0.908

-------------------

/wˈoxːɑ/ - /wˈoxːɑ/
w-w / ˈo-ˈo / xː-xː / ɑ-ɑ
{0: [0], 1: [1], 2: [2], 3: [3]}
{0: [0], 1: [1], 2: [2], 3: [3]}
SCORE: 4.753

-------------------

/wˈunsken/ - /wˈunsken/
w-w / ˈu-ˈu / n_s-n_s / k-k / e-e / n-n
{0: [0], 1: [1], 2: [2, 3], 3: [4], 4: [5], 5: [6]}
{0: [0], 1: [1], 2: [2, 3], 3: [4], 4: [5], 5: [6]}
SCORE: 20.355

-------------------

/wˈuntɑr/ - /wˈuntɑr/
w-w / ˈu-ˈu / n-n / t-t / ɑ-ɑ / r-r
{0: [0], 1: [1], 2: [2], 3: [3], 4: [4], 5: [5]}
{0: [0], 1: [1], 2: [2], 3: [3], 4: [4], 5: [5]}
SCORE: 9.369

-------------------

/wˈurm/ - /wˈurm/
w-w / ˈu-ˈu / r-r / m-m
{0: [0], 1: [1], 2: [2], 3: [3]}
{0: [0], 1: [1], 2: [2], 3: [3]}
SCORE: 1.991

-------------------

/wˈɑl/ - /wˈɑl/
w-w / ˈɑ-ˈɑ / l-l
{0: [0], 1: [1], 2: [2]}
{0: [0], 1: [1], 2: [2]}
SCORE: -4.33

-------------------

/wˈɑrm/ - /wˈɑrm/
w-w / ˈɑ-ˈɑ / r-r / m-m
{0: [0], 1: [1], 2: [2], 3: [3]}
{0: [0], 1: [1], 2: [2], 3: [3]}
SCORE: 0.91

-------------------

/wˈɑs̻/ - /wˈɑs̻/
w-w / ˈɑ-ˈɑ / s̻-s̻
{0: [0], 1: [1], 2: [2]}
{0: [0], 1: [1], 2: [2]}
SCORE: -2.136

-------------------

/wˈɑs̻ːɑr/ - /wˈɑs̻ːɑr/
w-w / ˈɑ-ˈɑ / s̻ː-s̻ː / ɑ-ɑ / r-r
{0: [0], 1: [1], 2: [2], 3: [3], 4: [4]}
{0: [0], 1: [1], 2: [2], 3: [3], 4: [4]}
SCORE: 7.866

-------------------

/wˈɑːfɑn/ - /wˈɑːfɑn/
w-w / ˈɑː-ˈɑː / f-f / ɑ-ɑ / n-n
{0: [0], 1: [1], 2: [2], 3: [3], 4: [4]}
{0: [0], 1: [1], 2: [2], 3: [3], 4: [4]}
SCORE: 6.977

-------------------

/wˈɛtɑr/ - /wˈɛtɑr/
w-w / ˈɛ-ˈɛ / t-t / ɑ-ɑ / r-r
{0: [0], 1: [1], 2: [2], 3: [3], 4: [4]}
{0: [0], 1: [1], 2: [2], 3: [3], 4: [4]}
SCORE: 5.62

-------------------

/wˈɛɡ/ - /wˈɛɡ/
w-w / ˈɛ-ˈɛ / ɡ-ɡ
{0: [0], 1: [1], 2: [2]}
{0: [0], 1: [1], 2: [2]}
SCORE: -2.627

-------------------

/ɡrˈoːs̻/ - /ɡrˈoːs̻/
ɡ-ɡ / r-r / ˈoː-ˈoː / s̻-s̻
{0: [0], 1: [1], 2: [2], 3: [3]}
{0: [0], 1: [1], 2: [2], 3: [3]}
SCORE: 4.593

-------------------

/ɡrˈuo̯ni/ - /ɡrˈuo̯ni/
ɡ-ɡ / r-r / ˈuo̯-ˈuo̯ / n-n / i-i
{0: [0], 1: [1], 2: [2], 3: [3], 4: [4]}
{0: [0], 1: [1], 2: [2], 3: [3], 4: [4]}
SCORE: 6.392

-------------------

/ɡrˈɑs/ - /ɡrˈɑs/
ɡ-ɡ / r-r / ˈɑ-ˈɑ / s-s
{0: [0], 1: [1], 2: [2], 3: [3]}
{0: [0], 1: [1], 2: [2], 3: [3]}
SCORE: -0.58

-------------------

/ɡˈei̯st/ - /ɡˈei̯st/
ɡ-ɡ / ˈei̯-ˈei̯ / s-s / t-t
{0: [0], 1: [1], 2: [2], 3: [3]}
{0: [0], 1: [1], 2: [2], 3: [3]}
SCORE: 1.285

-------------------

/ɡˈei̯s̻/ - /ɡˈei̯s̻/
ɡ-ɡ / ˈei̯-ˈei̯ / s̻-s̻
{0: [0], 1: [1], 2: [2]}
{0: [0], 1: [1], 2: [2]}
SCORE: -0.72

-------------------

/ɡˈold/ - /ɡˈold/
ɡ-ɡ / ˈo-ˈo / l-l / d-d
{0: [0], 1: [1], 2: [2], 3: [3]}
{0: [0], 1: [1], 2: [2], 3: [3]}
SCORE: 2.648

-------------------

/ɡˈot/ - /ɡˈot/
ɡ-ɡ / ˈo-ˈo / t-t
{0: [0], 1: [1], 2: [2]}
{0: [0], 1: [1], 2: [2]}
SCORE: -3.713

-------------------

/ɡˈuo̯t/ - /ɡˈuo̯t/
ɡ-ɡ / ˈuo̯-ˈuo̯ / t-t
{0: [0], 1: [1], 2: [2]}
{0: [0], 1: [1], 2: [2]}
SCORE: -3.209

-------------------

/ɡˈɑns/ - /ɡˈɑns/
ɡ-ɡ / ˈɑ-ˈɑ / n_s-n_s
{0: [0], 1: [1], 2: [2, 3]}
{0: [0], 1: [1], 2: [2, 3]}
SCORE: 1.206

-------------------

/ɡˈɑrn/ - /ɡˈɑrn/
ɡ-ɡ / ˈɑ-ˈɑ / r_n-r_n
{0: [0], 1: [1], 2: [2, 3]}
{0: [0], 1: [1], 2: [2, 3]}
SCORE: 0.293

-------------------

/ɡˈɑst/ - /ɡˈɑst/
ɡ-ɡ / ˈɑ-ˈɑ / s-s / t-t
{0: [0], 1: [1], 2: [2], 3: [3]}
{0: [0], 1: [1], 2: [2], 3: [3]}
SCORE: -0.366

-------------------

/ɡˈɑːn/ - /ɡˈɑːn/
ɡ-ɡ / ˈɑː-ˈɑː / n-n
{0: [0], 1: [1], 2: [2]}
{0: [0], 1: [1], 2: [2]}
SCORE: -3.409

-------------------

/ɡˈɛbɑn/ - /ɡˈɛbɑn/
ɡ-ɡ / ˈɛ-ˈɛ / b-b / ɑ-ɑ / n-n
{0: [0], 1: [1], 2: [2], 3: [3], 4: [4]}
{0: [0], 1: [1], 2: [2], 3: [3], 4: [4]}
SCORE: 5.953

-------------------

/ɡˈɛlo/ - /ɡˈɛlo/
ɡ-ɡ / ˈɛ-ˈɛ / l-l / o-o
{0: [0], 1: [1], 2: [2], 3: [3]}
{0: [0], 1: [1], 2: [2], 3: [3]}
SCORE: 3.676

-------------------

/ʦwˈei̯/ - /ʦwˈei̯/
ʦ-ʦ / w-w / ˈei̯-ˈei̯
{0: [0], 1: [1], 2: [2]}
{0: [0], 1: [1], 2: [2]}
SCORE: -0.831

-------------------

/ʦwˈei̯nʦuɡ/ - /ʦwˈei̯nʦuɡ/
ʦ-ʦ / w-w / ˈei̯-ˈei̯ / n-n / ʦ-ʦ / u-u / ɡ-ɡ
{0: [0], 1: [1], 2: [2], 3: [3], 4: [4], 5: [5], 6: [6]}
{0: [0], 1: [1], 2: [2], 3: [3], 4: [4], 5: [5], 6: [6]}
SCORE: 23.045

-------------------

/ʦwˈelif/ - /ʦwˈelif/
ʦ-ʦ / w-w / ˈe-ˈe / l-l / i-i / f-f
{0: [0], 1: [1], 2: [2], 3: [3], 4: [4], 5: [5]}
{0: [0], 1: [1], 2: [2], 3: [3], 4: [4], 5: [5]}
SCORE: 16.734

-------------------

/ʦˈei̯xːɑn/ - /ʦˈei̯xːɑn/
ʦ-ʦ / ˈei̯-ˈei̯ / xː-xː / ɑ-ɑ / n-n
{0: [0], 1: [1], 2: [2], 3: [3], 4: [4]}
{0: [0], 1: [1], 2: [2], 3: [3], 4: [4]}
SCORE: 10.422

-------------------

/ʦˈeːhɑ/ - /ʦˈeːhɑ/
ʦ-ʦ / ˈeː-ˈeː / h-h / ɑ-ɑ
{0: [0], 1: [1], 2: [2], 3: [3]}
{0: [0], 1: [1], 2: [2], 3: [3]}
SCORE: 6.178

-------------------

/ʦˈiːt/ - /ʦˈiːt/
ʦ-ʦ / ˈiː-ˈiː / t-t
{0: [0], 1: [1], 2: [2]}
{0: [0], 1: [1], 2: [2]}
SCORE: -1.414

-------------------

/ʦˈuŋɡɑ/ - /ʦˈuŋɡɑ/
ʦ-ʦ / ˈu-ˈu / ŋ-ŋ / ɡ-ɡ / ɑ-ɑ
{0: [0], 1: [1], 2: [2], 3: [3], 4: [4]}
{0: [0], 1: [1], 2: [2], 3: [3], 4: [4]}
SCORE: 10.403

-------------------

/ʦˈɑhɑr/ - /ʦˈɑhɑr/
ʦ-ʦ / ˈɑ-ˈɑ / h-h / ɑ-ɑ / r-r
{0: [0], 1: [1], 2: [2], 3: [3], 4: [4]}
{0: [0], 1: [1], 2: [2], 3: [3], 4: [4]}
SCORE: 6.784

-------------------

/ʦˈɑn/ - /ʦˈɑn/
ʦ-ʦ / ˈɑ-ˈɑ / n-n
{0: [0], 1: [1], 2: [2]}
{0: [0], 1: [1], 2: [2]}
SCORE: -4.063

-------------------

/ʦˈɑnd/ - /ʦˈɑnd/
ʦ-ʦ / ˈɑ-ˈɑ / n-n / d-d
{0: [0], 1: [1], 2: [2], 3: [3]}
{0: [0], 1: [1], 2: [2], 3: [3]}
SCORE: 1.894

-------------------

/ʦˈɛhɑn/ - /ʦˈɛhɑn/
ʦ-ʦ / ˈɛ-ˈɛ / h-h / ɑ-ɑ / n-n
{0: [0], 1: [1], 2: [2], 3: [3], 4: [4]}
{0: [0], 1: [1], 2: [2], 3: [3], 4: [4]}
SCORE: 7.758

-------------------

/ˈei̯n/ - /ˈei̯n/
ˈei̯-ˈei̯ / n-n
{0: [0], 1: [1]}
{0: [0], 1: [1]}
SCORE: -9.267

-------------------

/ˈei̯nlif/ - /ˈei̯nlif/
ˈei̯-ˈei̯ / n-n / l-l / i-i / f-f
{0: [0], 1: [1], 2: [2], 3: [3], 4: [4]}
{0: [0], 1: [1], 2: [2], 3: [3], 4: [4]}
SCORE: 7.072

-------------------

/ˈei̯x/ - /ˈei̯x/
ˈei̯-ˈei̯ / x-x
{0: [0], 1: [1]}
{0: [0], 1: [1]}
SCORE: -6.785

-------------------

/ˈekːɑ/ - /ˈekːɑ/
ˈe-ˈe / kː-kː / ɑ-ɑ
{0: [0], 1: [1], 2: [2]}
{0: [0], 1: [1], 2: [2]}
SCORE: 0.496

-------------------

/ˈimbi/ - /ˈimbi/
ˈi-ˈi / m-m / b-b / i-i
{0: [0], 1: [1], 2: [2], 3: [3]}
{0: [0], 1: [1], 2: [2], 3: [3]}
SCORE: 2.876

-------------------

/ˈin/ - /ˈin/
ˈi-ˈi / n-n
{0: [0], 1: [1]}
{0: [0], 1: [1]}
SCORE: -10.309

-------------------

/ˈir/ - /ˈir/
ˈi-ˈi / r-r
{0: [0], 1: [1]}
{0: [0], 1: [1]}
SCORE: -9.936

-------------------

/ˈix/ - /ˈix/
ˈi-ˈi / x-x
{0: [0], 1: [1]}
{0: [0], 1: [1]}
SCORE: -7.828

-------------------

/ˈiːs/ - /ˈiːs/
ˈiː-ˈiː / s-s
{0: [0], 1: [1]}
{0: [0], 1: [1]}
SCORE: -8.269

-------------------

/ˈofɑn/ - /ˈofɑn/
ˈo-ˈo / f-f / ɑ-ɑ / n-n
{0: [0], 1: [1], 2: [2], 3: [3]}
{0: [0], 1: [1], 2: [2], 3: [3]}
SCORE: 0.49

-------------------

/ˈou̯ɡɑ/ - /ˈou̯ɡɑ/
ˈou̯-ˈou̯ / ɡ-ɡ / ɑ-ɑ
{0: [0], 1: [1], 2: [2]}
{0: [0], 1: [1], 2: [2]}
SCORE: -2.235

-------------------

/ˈoːrɑ/ - /ˈoːrɑ/
ˈoː-ˈoː / r-r / ɑ-ɑ
{0: [0], 1: [1], 2: [2]}
{0: [0], 1: [1], 2: [2]}
SCORE: -3.348

-------------------

/ˈubiri/ - /ˈubiri/
ˈu-ˈu / b-b / i-i / r-r / i-i
{0: [0], 1: [1], 2: [2], 3: [3], 4: [4]}
{0: [0], 1: [1], 2: [2], 3: [3], 4: [4]}
SCORE: 7.679

-------------------

/ˈuns/ - /ˈuns/
ˈu-ˈu / n_s-n_s
{0: [0], 1: [1, 2]}
{0: [0], 1: [1, 2]}
SCORE: -3.075

-------------------

/ˈuntɑr/ - /ˈuntɑr/
ˈu-ˈu / n-n / t-t / ɑ-ɑ / r-r
{0: [0], 1: [1], 2: [2], 3: [3], 4: [4]}
{0: [0], 1: [1], 2: [2], 3: [3], 4: [4]}
SCORE: 3.773

-------------------

/ˈuːf/ - /ˈuːf/
ˈuː-ˈuː / f-f
{0: [0], 1: [1]}
{0: [0], 1: [1]}
SCORE: -7.858

-------------------

/ˈuːs̻/ - /ˈuːs̻/
ˈuː-ˈuː / s̻-s̻
{0: [0], 1: [1]}
{0: [0], 1: [1]}
SCORE: -6.191

-------------------

/ˈuːwilɑ/ - /ˈuːwilɑ/
ˈuː-ˈuː / w-w / i-i / l-l / ɑ-ɑ
{0: [0], 1: [1], 2: [2], 3: [3], 4: [4]}
{0: [0], 1: [1], 2: [2], 3: [3], 4: [4]}
SCORE: 7.632

-------------------

/ˈɑfːo/ - /ˈɑfːo/
ˈɑ-ˈɑ / fː-fː / o-o
{0: [0], 1: [1], 2: [2]}
{0: [0], 1: [1], 2: [2]}
SCORE: 2.478

-------------------

/ˈɑl/ - /ˈɑl/
ˈɑ-ˈɑ / l-l
{0: [0], 1: [1]}
{0: [0], 1: [1]}
SCORE: -9.926

-------------------

/ˈɑlt/ - /ˈɑlt/
ˈɑ-ˈɑ / l_t-l_t
{0: [0], 1: [1, 2]}
{0: [0], 1: [1, 2]}
SCORE: -4.547

-------------------

/ˈɑndɑr/ - /ˈɑndɑr/
ˈɑ-ˈɑ / n-n / d-d / ɑ-ɑ / r-r
{0: [0], 1: [1], 2: [2], 3: [3], 4: [4]}
{0: [0], 1: [1], 2: [2], 3: [3], 4: [4]}
SCORE: 4.047

-------------------

/ˈɑp͡ful/ - /ˈɑp͡ful/
ˈɑ-ˈɑ / p͡f-p͡f / u-u / l-l
{0: [0], 1: [1], 2: [2], 3: [3]}
{0: [0], 1: [1], 2: [2], 3: [3]}
SCORE: 6.235

-------------------

/ˈɑrm/ - /ˈɑrm/
ˈɑ-ˈɑ / r-r / m-m
{0: [0], 1: [1], 2: [2]}
{0: [0], 1: [1], 2: [2]}
SCORE: -4.686

-------------------

/ˈɑskɑ/ - /ˈɑskɑ/
ˈɑ-ˈɑ / s-s / k-k / ɑ-ɑ
{0: [0], 1: [1], 2: [2], 3: [3]}
{0: [0], 1: [1], 2: [2], 3: [3]}
SCORE: 0.9

-------------------

/ˈɑxto/ - /ˈɑxto/
ˈɑ-ˈɑ / x-x / t-t / o-o
{0: [0], 1: [1], 2: [2], 3: [3]}
{0: [0], 1: [1], 2: [2], 3: [3]}
SCORE: 3.059

-------------------

/ˈɑːl/ - /ˈɑːl/
ˈɑː-ˈɑː / l-l
{0: [0], 1: [1]}
{0: [0], 1: [1]}
SCORE: -7.78

-------------------

/ˈɛrdɑ/ - /ˈɛrdɑ/
ˈɛ-ˈɛ / r-r / d-d / ɑ-ɑ
{0: [0], 1: [1], 2: [2], 3: [3]}
{0: [0], 1: [1], 2: [2], 3: [3]}
SCORE: 1.379

-------------------

/ˈɛs̻ːɑn/ - /ˈɛs̻ːɑn/
ˈɛ-ˈɛ / s̻ː-s̻ː / ɑ-ɑ / n-n
{0: [0], 1: [1], 2: [2], 3: [3]}
{0: [0], 1: [1], 2: [2], 3: [3]}
SCORE: 3.244
