/b̥lˈɔːu̯ma/ - /blˈuə̯mə/
b̥-b / l-l / ˈɔːu̯-ˈuə̯ / m-m / a-ə

-------------------

/b̥lˈɔːu̯w/ - /blˈuə̯t/
b̥-b / l-l / ˈɔːu̯-ˈuə̯ / w-t

-------------------

/b̥lˈɛːa̯/ - /blˈɒːɾ/
b̥-b / l-l / ˈɛːa̯-ˈɒː / ∅-ɾ

-------------------

/b̥ɹˈœst/ - /bˈɔɾst/
b̥-b / ɹ-∅ / ˈœ-ˈɔ / ∅-ɾ / s-s / t-t

-------------------

/b̥ɹˈɔːu̯wɪɹ/ - /bɾˈuə̯ɾ/
b̥-b / ɹ-ɾ / ˈɔːu̯-ˈuə̯ / w-∅ / ɪ-∅ / ɹ-ɾ
b̥-b / ɹ-ɾ / ˈɔːu̯-ˈuə̯ / w-∅ / ɪ_ɹ-ɾ

-------------------

/b̥ɹˈɛːi̯/ - /bɾˈoːt/
b̥-b / ɹ-ɾ / ˈɛːi̯-ˈoː / ∅-t

-------------------

/b̥ɹˈɪʤ̊ʤ̊a/ - /bɾˈœɦə/
b̥-b / ɹ-ɾ / ˈɪ-ˈœ / ʤ̊-ɦ / ʤ̊-∅ / a-ə

-------------------

/b̥ˈai̯n/ - /bˈɛːn/
b̥-b / ˈai̯-ˈɛː / n-n

-------------------

/b̥ˈeə̯ʰtɹə/ - /bˈeːtəɾ/
b̥-b / ˈeə̯-ˈeː / ʰt-t / ɹ-∅ / ə-ə / ∅-ɾ

-------------------

/b̥ˈɔːu̯k/ - /bˈuə̯k/
b̥-b / ˈɔːu̯-ˈuə̯ / k-k

-------------------

/b̥ˈɛːa̯/ - /bˈɑt/
b̥-b / ˈɛːa̯-ˈɑ / ∅-t

-------------------

/b̥ˈʊ̯iː/ - /bˈiə̯/
b̥-b / ˈʊ̯iː-ˈiə̯

-------------------

/b̥ˈʊ̯iːta/ - /bˈitn̩/
b̥-b / ˈʊ̯iː-ˈi / t-t / a-n

-------------------

/d̥ɹˈɛʰkːa/ - /dɾˈɪŋkn̩/
d̥-d / ɹ-ɾ / ˈɛ-ˈɪ / ∅-ŋ / ʰkː-k / a-n

-------------------

/d̥ɹˈɛːi̯mʊɹ/ - /dɾˈoːm/
d̥-d / ɹ-ɾ / ˈɛːi̯-ˈoː / m-m / ʊ-∅ / ɹ-∅

-------------------

/d̥ˈœʰtːɪɹ/ - /dˈɔhtɾ̩/
d̥-d / ˈœ-ˈɔ / ∅-h / ʰtː-t / ɪ-∅ / ɹ-ɾ
d̥-d / ˈœ-ˈɔ / ∅-h / ʰtː-t / ɪ_ɹ-ɾ

-------------------

/d̥ˈɛːa̯wʊɹ/ - /dˈɑh/
d̥-d / ˈɛːa̯-ˈɑ / w-∅ / ʊ-∅ / ɹ-∅ / ∅-h

-------------------

/d̥ˈɛːi̯jʊɹ/ - /dˈoːt/
d̥-d / ˈɛːi̯-ˈoː / j-t / ʊ-∅ / ɹ-∅
d̥-d / ˈɛːi̯-ˈoː / j_ʊ-t / ɹ-∅

-------------------

/d̥ˈʊ̯iːɹ/ - /dˈiə̯ɾ/
d̥-d / ˈʊ̯iː-ˈiə̯ / ɹ-ɾ

-------------------

/d̥ˈʊ̯iːɹʊɹ/ - /dˈiə̯ɾə/
d̥-d / ˈʊ̯iː-ˈiə̯ / ɹ-ɾ / ʊ-ə / ɹ-∅

-------------------

/flˈuːwʊ/ - /vlˈiə̯ɦə/
f-v / l-l / ˈuː-ˈiə̯ / w-∅ / ∅-ɦ / ʊ-ə

-------------------

/flˈʏɡ̊va/ - /vlˈiə̯ɦn̩/
f-v / l-l / ˈʏ-ˈiə̯ / ɡ̊-ɦ / v-∅ / a-n

-------------------

/frˈand̥ɪ/ - /vɾˈiə̯nt/
f-v / ∅-ɾ / r-ˈiə̯ / ˈa-∅ / n-n / d̥-t / ɪ-∅

-------------------

/fˈøːtʊɹ/ - /vˈuə̯tn̩/
f-v / ˈøː-ˈuə̯ / t-t / ʊ-∅ / ɹ-∅ / ∅-n

-------------------

/fˈœl̥k/ - /vˈɔwk/
f-v / ˈœ-ˈɔ / l̥-w / k-k

-------------------

/fˈɔːu̯tʊɹ/ - /vˈuə̯t/
f-v / ˈɔːu̯-ˈuə̯ / t-t / ʊ-∅ / ɹ-∅

-------------------

/fˈɔ̯aːɹ/ - /ʃhˈɒːp/
f-ʃ / ∅-h / ˈɔ̯aː-ˈɒː / ɹ-p

-------------------

/fˈɛskʊɹ/ - /vˈæɾs/
f-v / ˈɛ-ˈæ / ∅-ɾ / s_k-s / ʊ-∅ / ɹ-∅

-------------------

/fˈɛːa̯jɪɹ/ - /vˈɒːdɾ̩/
f-v / ˈɛːa̯-ˈɒː / j-∅ / ɪ-∅ / ∅-d / ɹ-ɾ

-------------------

/fˈɪm/ - /vˈœvə/
f-v / ˈɪ-ˈœ / m-∅ / ∅-v / ∅-ə

-------------------

/fˈɪskʊɹ/ - /vˈɛs/
f-v / ˈɪ-ˈɛ / s-s / k-∅ / ʊ-∅ / ɹ-∅
f-v / ˈɪ-ˈɛ / s_k-s / ʊ-∅ / ɹ-∅

-------------------

/fˈɪŋɡ̊ʊɹ/ - /vˈɪŋɾ̩/
f-v / ˈɪ-ˈɪ / ŋ-ŋ / ɡ̊-∅ / ʊ-∅ / ɹ-ɾ

-------------------

/fˈɪʎʤ̊a/ - /vˈɔlɦn̩/
f-v / ˈɪ-ˈɔ / ʎ-l / ʤ̊-ɦ / a-n

-------------------

/fˈʊtl̥ʊɹ/ - /vˈœl/
f-v / ˈʊ-ˈœ / t-∅ / l̥-l / ʊ-∅ / ɹ-∅
f-v / ˈʊ_t-ˈœ / l̥-l / ʊ-∅ / ɹ-∅

-------------------

/fˈʊɡ̊lʊɹ/ - /vˈøːɦəl/
f-v / ˈʊ-ˈøː / ɡ̊-ɦ / l-∅ / ʊ-ə / ɹ-l
f-v / ˈʊ-ˈøː / ɡ̊-ɦ / ∅-ə / l_ʊ-l / ɹ-∅

-------------------

/fˈʊ̯iːɹa/ - /vˈiə̯ɾə/
f-v / ˈʊ̯iː-ˈiə̯ / ɹ-ɾ / a-ə

-------------------

/fˈʊ̯iːɹʊɹ/ - /vˈiə̯ɾ/
f-v / ˈʊ̯iː-ˈiə̯ / ɹ-ɾ / ʊ-∅ / ɹ-∅
f-v / ˈʊ̯iː-ˈiə̯ / ɹ-∅ / ʊ_ɹ-ɾ
f-v / ˈʊ̯iː-ˈiə̯ / ɹ_ʊ-ɾ / ɹ-∅

-------------------

/hˈai̯lavʊɹ/ - /ˈɛləç/
h-∅ / ˈai̯-ˈɛ / l-l / a-ə / v-ç / ʊ-∅ / ɹ-∅

-------------------

/hˈaːi̯mʊɹ/ - /ɦˈeːm/
h-ɦ / ˈaːi̯-ˈeː / m-m / ʊ-∅ / ɹ-∅
h-ɦ / ˈaːi̯-ˈeː / m_ʊ-m / ɹ-∅

-------------------

/hˈuːnɛŋɡ̊ʊɹ/ - /zˈɛːm/
h-z / ˈuː-ˈɛː / n-∅ / ɛ-m / ŋ-∅ / ɡ̊-∅ / ʊ-∅ / ɹ-∅

-------------------

/hˈœtː/ - /kˈɔp/
h-k / ˈœ-ˈɔ / tː-p

-------------------

/hˈœtː/ - /ˈoːft/
h-∅ / ˈœ-ˈoː / tː-f / ∅-t

-------------------

/hˈɔnd̥/ - /ˈɑnt/
h-∅ / ˈɔ-ˈɑ / n-n / d̥-t

-------------------

/hˈɔtn̥/ - /ˈoːɾn/
h-∅ / ˈɔ-ˈoː / t-∅ / ∅-ɾ / n̥-n

-------------------

/hˈɔːi̯ɹa/ - /ˈoːɾn̩/
h-∅ / ˈɔːi̯-ˈoː / ɹ-ɾ / a-n

-------------------

/hˈɔ̯aːɹ/ - /ˈɒːɾ/
h-∅ / ˈɔ̯aː-ˈɒː / ɹ-ɾ

-------------------

/hˈʉːu̯s/ - /ˈyːs/
h-∅ / ˈʉːu̯-ˈyː / s-s

-------------------

/hˈʊnd̥ʊɹ/ - /ˈunt/
h-∅ / ˈʊ-ˈu / n-n / d̥_ʊ-t / ɹ-∅

-------------------

/hˈʊŋɡ̊ʊɹ/ - /ˈuŋɾ̩/
h-∅ / ˈʊ-ˈu / ŋ-ŋ / ɡ̊-∅ / ʊ_ɹ-ɾ

-------------------

/jˈaɹʈa/ - /ˈæɾtə/
j-ˈæ / ˈa-∅ / ɹ-ɾ / ʈ-t / a-ə

-------------------

/kʰn̥ˈɛːa̯/ - /knˈiə̯/
kʰ-k / n̥-n / ˈɛːa̯-ˈiə̯

-------------------

/kʰvˈɛːa̯lʊɹ/ - /ʋˈɑl/
kʰ-ʋ / v-∅ / ˈɛːa̯-ˈɑ / l_ʊ-l / ɹ-∅

-------------------

/kʰvˈɛːa̯ʰt/ - /ʋˈɑt/
kʰ-ʋ / v-∅ / ˈɛːa̯-ˈɑ / ʰt-t

-------------------

/kʰvˈɪnːa/ - /vɾˈuʋə/
kʰ-∅ / v-v / ˈɪ-ɾ / nː-ˈu / ∅-ʋ / a-ə

-------------------

/kʰvˈʊ̯iːtʊɹ/ - /ʋˈɛt/
kʰ-ʋ / v-∅ / ˈʊ̯iː-ˈɛ / t-t / ʊ-∅ / ɹ-∅

-------------------

/kʰˈald̥ʊɹ/ - /kˈut/
kʰ-k / ˈa-ˈu / l-∅ / d̥_ʊ-t / ɹ-∅

-------------------

/kʰˈoːna/ - /vɾˈuʋə/
kʰ-v / ∅-ɾ / ˈoː-ˈu / n-∅ / ∅-ʋ / a-ə

-------------------

/kʰˈɔlwʊɹ/ - /kˈɔwf/
kʰ-k / ˈɔ-ˈɔ / l-∅ / w-w / ʊ-∅ / ɹ-∅ / ∅-f

-------------------

/kʰˈɔtn̥/ - /kˈoːɾn/
kʰ-k / ˈɔ-ˈoː / t-∅ / ∅-ɾ / n̥-n

-------------------

/kʰˈɔŋɡ̊ʊɹ/ - /kˈoːnɪŋ/
kʰ-k / ˈɔ-ˈoː / ∅-n / ŋ-ɪ / ɡ̊-ŋ / ʊ-∅ / ɹ-∅

-------------------

/kʰˈɪɡ̊f/ - /kˈuə̯/
kʰ-k / ˈɪ-ˈuə̯ / ɡ̊-∅ / f-∅

-------------------

/lˈamb̥/ - /lˈɑm/
l-l / ˈa-ˈɑ / m-m / b̥-∅

-------------------

/lˈand̥/ - /lˈɑnt/
l-l / ˈa-ˈɑ / n-n / d̥-t

-------------------

/lˈiːvʊɹ/ - /lˈeːvɾ̩/
l-l / ˈiː-ˈeː / v-v / ʊ-∅ / ɹ-ɾ
l-l / ˈiː-ˈeː / v-v / ʊ_ɹ-ɾ

-------------------

/lˈɛŋɡ̊ʊɹ/ - /lˈɑŋ/
l-l / ˈɛ-ˈɑ / ŋ-ŋ / ɡ̊-∅ / ʊ-∅ / ɹ-∅

-------------------

/lˈɛːa̯a/ - /lˈɑhn̩/
l-l / ˈɛːa̯-ˈɑ / ∅-h / a-n

-------------------

/lˈɛːi̯v/ - /lˈoːf/
l-l / ˈɛːi̯-ˈoː / v-f

-------------------

/lˈʉːu̯s/ - /lˈyːs/
l-l / ˈʉːu̯-ˈyː / s-s

-------------------

/mjˈœl̥k/ - /mˈæwk/
m-m / j-ˈæ / ˈœ-∅ / l̥-w / k-k

-------------------

/mˈɔʰtːʊɹ/ - /mˈɑht/
m-m / ˈɔ-ˈɑ / ∅-h / ʰtː-t / ʊ-∅ / ɹ-∅

-------------------

/mˈɔːu̯wɪɹ/ - /mˈuə̯dɾ̩/
m-m / ˈɔːu̯-ˈuə̯ / w-∅ / ɪ-∅ / ∅-d / ɹ-ɾ

-------------------

/mˈɔ̯aːnɪ/ - /mˈɒːnə/
m-m / ˈɔ̯aː-ˈɒː / n-n / ɪ-ə

-------------------

/mˈɛnːɪʃa/ - /mˈɪns/
m-m / ˈɛ-ˈɪ / nː-n / ɪ-∅ / ʃ-s / a-∅

-------------------

/mˈʉːu̯s/ - /mˈyːs/
m-m / ˈʉːu̯-ˈyː / s-s

-------------------

/mˈʊnː/ - /mˈunt/
m-m / ˈʊ-ˈu / nː-n / ∅-t

-------------------

/nˈawn/ - /nˈɒːmə/
n-n / ˈa-ˈɒː / ∅-m / w-ə / n-∅

-------------------

/nˈaɡ̊l/ - /nˈɒːɦəl/
n-n / ˈa-ˈɒː / ɡ̊-ɦ / l-ə_l
n-n / ˈa-ˈɒː / ɡ̊-ɦ / ∅-ə / l-l

-------------------

/nˈoːɹʊɹ/ - /nˈoːɾt/
n-n / ˈoː-ˈoː / ɹ-ɾ / ʊ-∅ / ɹ-∅ / ∅-t
n-n / ˈoː-ˈoː / ɹ_ʊ-ɾ / ɹ-∅ / ∅-t

-------------------

/nˈøːs/ - /nˈøːs/
n-n / ˈøː-ˈøː / s-s

-------------------

/nˈɔʰtː/ - /nˈɑht/
n-n / ˈɔ-ˈɑ / ∅-h / ʰtː-t

-------------------

/nˈʊʤ̊ʤ̊ʊɹ/ - /nˈiə̯ʋə/
n-n / ˈʊ-ˈiə̯ / ʤ̊-ʋ / ʤ̊-∅ / ʊ-ə / ɹ-∅
n-n / ˈʊ-ˈiə̯ / ʤ̊-ʋ / ʤ̊_ʊ-ə / ɹ-∅

-------------------

/nˈʊʧːʊ/ - /nˈeːɦn̩/
n-n / ˈʊ-ˈeː / ʧː-ɦ / ʊ-∅ / ∅-n

-------------------

/skˈaɹpʊɹ/ - /ʃhˈæɾp/
s-ʃ / k-h / ˈa-ˈæ / ɹ-ɾ / p-p / ʊ-∅ / ɹ-∅

-------------------

/slˈaŋɡ̊a/ - /slˈɑŋ/
s-s / l-l / ˈa-ˈɑ / ŋ-ŋ / ɡ̊-∅ / a-∅

-------------------

/slˈɔ̯aːa/ - /slˈɒːn/
s-s / l-l / ˈɔ̯aː-ˈɒː / a-n

-------------------

/stˈaːi̯nʊɹ/ - /stˈɛːn/
s-s / t-t / ˈaːi̯-ˈɛː / n-n / ʊ-∅ / ɹ-∅

-------------------

/stˈœlʊɹ/ - /stˈuə̯l/
s-s / t-t / ˈœ-ˈuə̯ / l_ʊ-l / ɹ-∅

-------------------

/stˈɔɹmʊɹ/ - /stˈɔɾm/
s-s / t-t / ˈɔ-ˈɔ / ɹ-ɾ / m-m / ʊ-∅ / ɹ-∅
s-s / t-t / ˈɔ-ˈɔ / ɹ-ɾ / m_ʊ-m / ɹ-∅

-------------------

/svˈaɹʈʊɹ/ - /zʋˈɑɾt/
s-z / v-ʋ / ˈa-ˈɑ / ɹ-ɾ / ʈ-t / ʊ-∅ / ɹ-∅

-------------------

/svˈøːɹ/ - /zʋˈɒːɾt/
s-z / v-ʋ / ˈøː-ˈɒː / ɹ-ɾ / ∅-t

-------------------

/svˈɪmja/ - /zʋˈæmn̩/
s-z / v-ʋ / ˈɪ-ˈæ / m-m / j-∅ / a-n

-------------------

/svˈʊ̯iːn/ - /zʋˈin/
s-z / v-ʋ / ˈʊ̯iː-ˈi / n-n

-------------------

/sˈal̥t/ - /zˈut/
s-z / ˈa-ˈu / l̥-∅ / t-t

-------------------

/sˈand̥ʊɹ/ - /zˈɑnt/
s-z / ˈa-ˈɑ / n-n / d̥_ʊ-t / ɹ-∅

-------------------

/sˈiːja/ - /zˈɛɦn̩/
s-z / ˈiː-ˈɛ / j-ɦ / a-n

-------------------

/sˈiːta/ - /zˈɛtn̩/
s-z / ˈiː-ˈɛ / t-t / a-n

-------------------

/sˈoːva/ - /slˈɒːpn̩/
s-s / ∅-l / ˈoː-ˈɒː / v-p / a-n

-------------------

/sˈøːtʊɹ/ - /zˈuə̯t/
s-z / ˈøː-ˈuə̯ / t-t / ʊ-∅ / ɹ-∅

-------------------

/sˈɔnʊɹ/ - /zˈøːnə/
s-z / ˈɔ-ˈøː / n-n / ʊ-ə / ɹ-∅

-------------------

/sˈɔ̯aːl/ - /zˈiə̯lə/
s-z / ˈɔ̯aː-ˈiə̯ / l-l / ∅-ə
s-z / ˈɔ̯aː-ˈiə̯ / l-l_ə

-------------------

/sˈɛks/ - /zˈɛsə/
s-z / ˈɛ-ˈɛ / k-∅ / s-s / ∅-ə
s-z / ˈɛ-ˈɛ / k_s-s / ∅-ə

-------------------

/sˈɪstɪɹ/ - /zˈœstɾ̩/
s-z / ˈɪ-ˈœ / s-s / t-t / ɪ-∅ / ɹ-ɾ
s-z / ˈɪ-ˈœ / s-s / t-t / ɪ_ɹ-ɾ

-------------------

/sˈɪɲʤ̊a/ - /zˈɪŋn̩/
s-z / ˈɪ-ˈɪ / ɲ-ŋ / ʤ̊-n / a-∅

-------------------

/sˈʊʤ̊ʤ̊a/ - /zˈiə̯n/
s-z / ˈʊ-ˈiə̯ / ʤ̊-n / ʤ̊-∅ / a-∅
s-z / ˈʊ-ˈiə̯ / ʤ̊-∅ / ʤ̊-n / a-∅
s-z / ˈʊ_ʤ̊-ˈiə̯ / ʤ̊-∅ / a-n

-------------------

/sˈʊ̯iːja/ - /zˈidə/
s-z / ˈʊ̯iː-ˈi / j-∅ / a-d_ə
s-z / ˈʊ̯iː-ˈi / j-∅ / ∅-d / a-ə

-------------------

/tʰvˈɛːi̯/ - /tʋˈɛː/
tʰ-t / v-ʋ / ˈɛːi̯-ˈɛː

-------------------

/tʰɹˈʊ̯iː/ - /dɾˈiə̯/
tʰ-d / ɹ-ɾ / ˈʊ̯iː-ˈiə̯

-------------------

/tʰʊ̯ˈiː/ - /tˈit/
tʰ-t / ʊ̯ˈiː-ˈi / ∅-t

-------------------

/tʰˈœlv/ - /tʋˈɔlvə/
tʰ-t / ∅-ʋ / ˈœ-ˈɔ / l-l / v-v / ∅-ə

-------------------

/tʰˈɔnː/ - /tˈɑnt/
tʰ-t / ˈɔ-ˈɑ / nː-n / ∅-t

-------------------

/tʰˈɪŋ/ - /dˈɪŋk/
tʰ-d / ˈɪ-ˈɪ / ŋ-ŋ / ∅-k

-------------------

/tʰˈʉːu̯sɪn/ - /dˈyːst/
tʰ-d / ˈʉːu̯-ˈyː / s-s / ɪ-∅ / n-t
tʰ-d / ˈʉːu̯-ˈyː / s-s / ɪ-∅ / n-∅ / ∅-t

-------------------

/tʰˈʊnːʊɹ/ - /dˈɪnə/
tʰ-d / ˈʊ-ˈɪ / nː-n / ʊ-ə / ɹ-∅

-------------------

/tʰˈʊŋɡ̊a/ - /tˈuŋə/
tʰ-t / ˈʊ-ˈu / ŋ-ŋ / ɡ̊-∅ / a-ə

-------------------

/tʰˈʊɹːʊɹ/ - /dɾˈoːh/
tʰ-d / ˈʊ-ɾ / ɹː-ˈoː / ʊ-∅ / ɹ-∅ / ∅-h

-------------------

/tʰˈʊʤ̊ʤ̊ʊ/ - /tˈiə̯nə/
tʰ-t / ˈʊ-ˈiə̯ / ʤ̊-n / ʤ̊-∅ / ʊ-ə
tʰ-t / ˈʊ-ˈiə̯ / ʤ̊-n / ʤ̊_ʊ-ə
tʰ-t / ˈʊ-ˈiə̯ / ʤ̊-∅ / ʤ̊-n / ʊ-ə
tʰ-t / ˈʊ_ʤ̊-ˈiə̯ / ʤ̊-∅ / ∅-n / ʊ-ə

-------------------

/vˈaɹmʊɹ/ - /ʋˈɑɾm/
v-ʋ / ˈa-ˈɑ / ɹ-ɾ / m-m / ʊ-∅ / ɹ-∅
v-ʋ / ˈa-ˈɑ / ɹ-ɾ / m_ʊ-m / ɹ-∅

-------------------

/vˈaʰtn̥/ - /ʋˈɒːtɾ̩/
v-ʋ / ˈa-ˈɒː / ʰt-t / n̥-ɾ

-------------------

/vˈeːvʊɹ/ - /ʋˈeːɾ/
v-ʋ / ˈeː-ˈeː / v-∅ / ʊ-∅ / ɹ-ɾ
v-ʋ / ˈeː-ˈeː / v-∅ / ʊ_ɹ-ɾ

-------------------

/vˈeːvʊɹ/ - /ʋˈæh/
v-ʋ / ˈeː-ˈæ / v-h / ʊ-∅ / ɹ-∅

-------------------

/vˈɛːa̯ɹ/ - /ʋˈidəɾ/
v-ʋ / ˈɛːa̯-ˈi / ∅-d / ∅-ə / ɹ-ɾ

-------------------

/vˈɪnd̥ʊɹ/ - /ʋˈɪnt/
v-ʋ / ˈɪ-ˈɪ / n-n / d̥_ʊ-t / ɹ-∅

-------------------

/ɡ̊ɹˈøːnʊɹ/ - /ɦɾˈuə̯nə/
ɡ̊-ɦ / ɹ-ɾ / ˈøː-ˈuə̯ / n-n / ʊ-ə / ɹ-∅

-------------------

/ɡ̊ɹˈɛːa̯s/ - /ɦɾˈɑs/
ɡ̊-ɦ / ɹ-ɾ / ˈɛːa̯-ˈɑ / s-s

-------------------

/ɡ̊ˈaːi̯t/ - /ɦjˈɪtə/
ɡ̊-ɦ / ˈaːi̯-j / ∅-ˈɪ / t-t / ∅-ə

-------------------

/ɡ̊ˈuːlʊɹ/ - /ɦˈeːl/
ɡ̊-ɦ / ˈuː-ˈeː / l_ʊ-l / ɹ-∅

-------------------

/ɡ̊ˈuːt/ - /ɦˈɔt/
ɡ̊-ɦ / ˈuː-ˈɔ / t-t

-------------------

/ɡ̊ˈɔːu̯wʊɹ/ - /ɦˈuə̯t/
ɡ̊-ɦ / ˈɔːu̯-ˈuə̯ / w-t / ʊ-∅ / ɹ-∅

-------------------

/ɡ̊ˈɔ̯aːs/ - /ɦˈɑnzə/
ɡ̊-ɦ / ˈɔ̯aː-ˈɑ / ∅-n / s-z / ∅-ə

-------------------

/ɡ̊ˈʊtl̥/ - /ɦˈut/
ɡ̊-ɦ / ˈʊ-ˈu / t-t / l̥-∅

-------------------

/ɹˈɔsː/ - /ˈɔɾs/
ɹ-∅ / ˈɔ-ˈɔ / ∅-ɾ / sː-s

-------------------

/ɹˈɔːi̯kʊɹ/ - /ɾˈoːk/
ɹ-ɾ / ˈɔːi̯-ˈoː / k-k / ʊ-∅ / ɹ-∅

-------------------

/ɹˈɛɡ̊n̥/ - /ɾˈeːɦn̩/
ɹ-ɾ / ˈɛ-ˈeː / ɡ̊-ɦ / n̥-n

-------------------

/ɹˈɛːi̯jʊɹ/ - /ɾˈoːt/
ɹ-ɾ / ˈɛːi̯-ˈoː / j-t / ʊ-∅ / ɹ-∅
ɹ-ɾ / ˈɛːi̯-ˈoː / j_ʊ-t / ɹ-∅

-------------------

/ɹˈɪŋɡ̊ʊɹ/ - /ɾˈɪŋk/
ɹ-ɾ / ˈɪ-ˈɪ / ŋ-ŋ / ɡ̊_ʊ-k / ɹ-∅

-------------------

/ɹˈʊ̯iːkʊɹ/ - /ɾˈik/
ɹ-ɾ / ˈʊ̯iː-ˈi / k-k / ʊ-∅ / ɹ-∅

-------------------

/ʃtjˈœtna/ - /stˈæɾə/
ʃ-s / t-t / j-ˈæ / ˈœ-ɾ / t-∅ / n-∅ / a-ə

-------------------

/ʃˈɛːi̯/ - /zˈeːvn̩/
ʃ-z / ˈɛːi̯-ˈeː / ∅-v / ∅-n

-------------------

/ʃˈʊ̯iːtʊɹ/ - /ʃhˈit/
ʃ-ʃ / ∅-h / ˈʊ̯iː-ˈi / t-t / ʊ-∅ / ɹ-∅

-------------------

/ʤ̊ˈeːva/ - /ɦˈeːvn̩/
ʤ̊-ɦ / ˈeː-ˈeː / v-v / a-n

-------------------

/ʤ̊ˈɔːu̯ɹ/ - /dˈiə̯ɾ/
ʤ̊-d / ˈɔːu̯-ˈiə̯ / ɹ-ɾ

-------------------

/ʤ̊ˈʉːu̯pʊɹ/ - /dˈiə̯p/
ʤ̊-d / ˈʉːu̯-ˈiə̯ / p-p / ʊ-∅ / ɹ-∅

-------------------

/ʧʰˈɔːu̯vʊɹ/ - /dˈiə̯f/
ʧʰ-d / ˈɔːu̯-ˈiə̯ / v-f / ʊ-∅ / ɹ-∅

-------------------

/ʧʰˈɪɹʧa/ - /kˈæɾkə/
ʧʰ-k / ˈɪ-ˈæ / ɹ-ɾ / ʧ-k / a-ə

-------------------

/ʧʰˈʉːu̯wʊ/ - /tʋˈiə̯ntəh/
∅-t / ʧʰ-ʋ / ˈʉːu̯-ˈiə̯ / ∅-n / w-t / ʊ-ə / ∅-h

-------------------

/ʧʰˈʏʰklɪŋɡ̊ʊɹ/ - /kˈiə̯kn̩/
ʧʰ-k / ˈʏ-ˈiə̯ / ʰk-k / l-∅ / ɪ-n / ŋ-∅ / ɡ̊-∅ / ʊ-∅ / ɹ-∅

-------------------

/ʧˈɛstʊɹ/ - /ɦˈɑst/
ʧ-ɦ / ˈɛ-ˈɑ / s-s / t-t / ʊ-∅ / ɹ-∅

-------------------

/ˈai̯k/ - /ˈɛːk/
ˈai̯-ˈɛː / k-k

-------------------

/ˈai̯n/ - /ˈɛːn/
ˈai̯-ˈɛː / n-n

-------------------

/ˈanːaɹ/ - /ˈɑndəɾ/
ˈa-ˈɑ / nː-n / a-d_ə / ɹ-ɾ
ˈa-ˈɑ / nː-n / ∅-d / a-ə / ɹ-ɾ

-------------------

/ˈaɹmʊɹ/ - /ˈɒːɾm/
ˈa-ˈɒː / ɹ-ɾ / m-m / ʊ-∅ / ɹ-∅
ˈa-ˈɒː / ɹ-ɾ / m_ʊ-m / ɹ-∅

-------------------

/ˈeːʰplɪ/ - /ˈɑpəl/
ˈeː-ˈɑ / ʰp-p / l-ə_l / ɪ-∅
ˈeː-ˈɑ / ʰp-p / ∅-ə / l-l / ɪ-∅

-------------------

/ˈeːʰta/ - /ˈeːtn̩/
ˈeː-ˈeː / ʰt-t / a-n

-------------------

/ˈiːvɪɹ/ - /ˈoːvɾ̩/
ˈiː-ˈoː / v-v / ɪ-∅ / ɹ-ɾ
ˈiː-ˈoː / v-v / ɪ_ɹ-ɾ

-------------------

/ˈoːɹ/ - /ʋˈoːɾt/
∅-ʋ / ˈoː-ˈoː / ɹ-ɾ / ∅-t

-------------------

/ˈœska/ - /ˈɑsə/
ˈœ-ˈɑ / s-s / k-∅ / a-ə
ˈœ-ˈɑ / s_k-s / a-ə

-------------------

/ˈɔfn̥/ - /ˈoːvn̩/
ˈɔ-ˈoː / f-v / n̥-n

-------------------

/ˈɔʰtːa/ - /ˈɑhtə/
ˈɔ-ˈɑ / ∅-h / ʰtː-t / a-ə

-------------------

/ˈɔːi̯ɹa/ - /ˈoːɾə/
ˈɔːi̯-ˈoː / ɹ-ɾ / a-ə

-------------------

/ˈɔ̯aːɹ/ - /jˈɒːɾ/
ˈɔ̯aː-j / ∅-ˈɒː / ɹ-ɾ

-------------------

/ˈɛtl̥ɪvʊ/ - /ˈælvə/
ˈɛ-ˈæ / t-∅ / l̥-l / ɪ-∅ / v-v / ʊ-ə

-------------------

/ˈɛɡ̊ɡ̊/ - /ˈɛɦə/
ˈɛ-ˈɛ / ɡ̊-ɦ / ɡ̊-∅ / ∅-ə
ˈɛ-ˈɛ / ɡ̊-∅ / ɡ̊-ɦ / ∅-ə

-------------------

/ˈɛːa̯ʰpa/ - /ˈɒːp/
ˈɛːa̯-ˈɒː / ʰp-p / a-∅

-------------------

/ˈɛːi̯ja/ - /ˈoːɦə/
ˈɛːi̯-ˈoː / j-ɦ / a-ə

-------------------

/ˈʉːu̯t/ - /ˈyːt/
ˈʉːu̯-ˈyː / t-t

-------------------

/ˈʊtl̥/ - /ʋˈœlə/
∅-ʋ / ˈʊ-ˈœ / t-∅ / l̥-l / ∅-ə
∅-ʋ / ˈʊ_t-ˈœ / l̥-l / ∅-ə

-------------------

/ˈʊŋɡ̊ʊɹ/ - /jˈuŋk/
∅-j / ˈʊ-ˈu / ŋ-ŋ / ɡ̊_ʊ-k / ɹ-∅

-------------------

/ˈʊɡ̊la/ - /ˈyːl/
ˈʊ-ˈyː / ɡ̊-∅ / l-l / a-∅

-------------------

/ˈʊ̯iː/ - /ˈɪn/
ˈʊ̯iː-ˈɪ / ∅-n

-------------------

/ˈʊ̯iːsʊɹ/ - /ˈis/
ˈʊ̯iː-ˈi / s-s / ʊ-∅ / ɹ-∅

-------------------

