Same meaning pairs: 209
****SAMPLE 1****
Iteration 1
	Qualified: 155
	Disqualified: 179
	Added: 0
	Removed: 12
		Wuurt /vˈuːæt/ - ord /ˈuːɖ/
		Füer /fˈyːæ/ - eld /ˈɛld/
		lachen /lˈaxn̩/ - le /lˈeː/
		ik /ˈɪk/ - jag /jˈɑːɡ/
		Wull /vˈʊl/ - ull /ˈɵlː/
		Ei /ˈae̯/ - ägg /ˈɛɡː/
		twintig /tʰvˈɪntɪç/ - tjugo /ɕˈʉːɡʊ/
		Diert /dˈiːæt/ - djur /jˈʉːr/
		schlåpen /ʃlˈɒːbm̩/ - sova /sˈoːva/
		Ierd /ˈiːæ/ - jord /jˈuːɖ/
		Licht /lˈɪç/ - ljus /jˈʉːs/
		Imm /ˈɪm/ - bi /bˈiː/

Iteration 2
	Qualified: 156
	Disqualified: 178
	Added: 1
		Wull /vˈʊl/ - ull /ˈɵlː/
	Removed: 0

Iteration 3
	Qualified: 156
	Disqualified: 178
	Added: 0
	Removed: 0

Final qualifying:
		Blatt /blˈat/ - blad /blˈɑːd/
		Blaum /blˈaʊ̯m/ - blomma /blˈʊmːa/
		Blaut /blˈaʊ̯t/ - blod /blˈuːd/
		Brot /brˈaʊ̯t/ - bröd /brˈøːd/
		Brauder /brˈaʊ̯ɾæ/ - bror /brˈuːr/
		Brügg /brˈʏç/ - brygga /brˈʏɡːa/
		beiden /bˈae̯dn̩/ - bjuda /bjˈʉːda/
		Bein /bˈae̯n/ - ben /bˈeːn/
		Bauk /bˈaʊ̯k/ - bok /bˈuːk/
		Bad /bˈaːd/ - bad /bˈɑːd/
		Bost /bˈɔst/ - bröst /brˈœst/
		bäder /bˈɛːɾæ/ - bättre /bˈɛtːrɛ/
		bidden /bˈɪɾn̩/ - be /bˈeː/
		drööch /drˈøːç/ - torr /tʰˈɔrː/
		drömen /drˈɔʏ̯m/ - drömma /drˈœmːa/
		drinken /drˈɪŋkn̩/ - dricka /drˈɪkːa/
		Deif /dˈae̯f/ - tjuv /ɕˈʉːv/
		deip /dˈae̯p/ - djup /jˈʉːp/
		Dach /dˈax/ - dag /dˈɑːɡ/
		danken /dˈaŋkn̩/ - tacka /tʰˈakːa/
		Dod /dˈaʊ̯d/ - död /dˈøːd/
		du /dˈuː/ - du /dˈʉː/
		düer /dˈyːæ/ - dyr /dˈyːr/
		Dochter /dˈɔxtæ/ - dotter /dˈɔtːɛr/
		Fleich /flˈae̯ç/ - fluga /flˈʉːɡa/
		freren /frˈaɪ̯æn/ - frysa /frˈyːsa/
		Fru /frˈuː/ - kvinna /kʰvˈɪnːa/
		frisch /frˈɪʃ/ - frisk /frˈɪsk/
		Fründ /frˈʏnd/ - frände /frˈɛndɛ/
		Vadder /fˈaɾæ/ - far /fˈɑːr/
		Faut /fˈaʊ̯t/ - fot /fˈuːt/
		fief /fˈiːf/ - fem /fˈɛm/
		vier /fˈiːæ/ - fyra /fˈyːra/
		Füer /fˈyːæ/ - fyr /fˈyːr/
		Vågel /fˈɒːɡl̩/ - fågel /fˈoːɡɛl/
		folgen /fˈɔlɡn̩/ - följa /fˈœlja/
		Fäut /fˈɔʏ̯t/ - fötter /fˈœtːɛr/
		Fedder /fˈɛɾæ/ - fjäder /fjˈɛːdɛr/
		Finger /fˈɪŋæ/ - finger /fˈɪŋːɛr/
		Fisch /fˈɪʃ/ - fisk /fˈɪsk/
		heit /hˈae̯t/ - het /hˈeːt/
		Hand /hˈand/ - hand /hˈand/
		hoch /hˈaʊ̯x/ - hög /hˈøːɡ/
		Hart /hˈaːt/ - hjärta /jˈæʈːa/
		hier /hˈiːæ/ - här /hˈæːr/
		Hor /hˈoːæ/ - hår /hˈoːr/
		Hus /hˈuːs/ - hus /hˈʉːs/
		Hut /hˈuːt/ - hud /hˈʉːd/
		Huurn /hˈuːæn/ - horn /hˈuːɳ/
		Höft /hˈœft/ - huvud /hˈʉːvɵd/
		Hås /hˈɒːs/ - hare /hˈɑːrɛ/
		Honnig /hˈɔnɪç/ - honung /hˈoːnɵŋ/
		hebben /hˈɛbm̩/ - ha /hˈɑː/
		Henn /hˈɛn/ - höna /hˈøːna/
		hillig /hˈɪlɪç/ - helig /hˈeːlɪɡ/
		Hund /hˈʊnd/ - hund /hˈɵnd/
		hunnert /hˈʊnæt/ - hundra /hˈʊndra/
		Hunger /hˈʊŋæ/ - hunger /hˈʊŋːɛr/
		gräun /jrˈɔʏ̯n/ - grön /ɡrˈøːn/
		Johr /jˈoːæ/ - år /ˈoːr/
		Jitt /jˈɪt/ - get /jˈeːt/
		jung /jˈʊŋk/ - ung /ˈɵŋː/
		Kalf /kʰˈalf/ - kalv /kʰˈalv/
		Kauh /kʰˈaʊ̯/ - ko /kʰˈuː/
		Küken /kʰˈyːkn̩/ - kyckling /ɕˈʏkːlɪŋ/
		König /kʰˈøːnɪç/ - kung /kʰˈɵŋ/
		kœnen /kʰˈœːn̩/ - kunna /kʰˈɵnːa/
		Lamm /lˈam/ - lamm /lˈamː/
		Land /lˈand/ - land /lˈand/
		lang /lˈaŋk/ - lång /lˈoːŋ/
		lopen /lˈaʊ̯pn̩/ - löpa /lˈøːpa/
		Lof /lˈoːf/ - löv /lˈøːv/
		Lus /lˈuːs/ - lus /lˈʉːs/
		licht /lˈɪç/ - lätt /lˈɛtː/
		Mann /mˈan/ - mann /mˈanː/
		Mauder /mˈaʊ̯ɾæ/ - mor /mˈuːr/
		mi /mˈiː/ - mig /mˈɛj/
		Mul /mˈuːl/ - mun /mˈɵnː/
		Mus /mˈuːs/ - mus /mˈʉːs/
		Månd /mˈɒːnd/ - måne /mˈoːnɛ/
		Melk /mˈɛlk/ - mjölk /mjˈœlk/
		Minsch /mˈɪnʃ/ - människa /mˈɛnːɪɧa/
		Mund /mˈʊnd/ - mun /mˈɵnː/
		Mudder /mˈʊɾæ/ - mor /mˈuːr/
		Müch /mˈʏç/ - mygg /mˈʏɡː/
		Nacht /nˈax/ - natt /nˈatː/
		niech /nˈiːç/ - ny /nˈyː/
		Nuurd /nˈuːæd/ - norr /nˈɔrː/
		Nådel /nˈɒːdl̩/ - nål /nˈoːl/
		nåkt /nˈɒːkt/ - naken /nˈɑːkɛn/
		Nåm /nˈɒːm/ - namn /nˈamn/
		Näs /nˈɛːs/ - näsa /nˈɛːsa/
		negen /nˈɛːɣn̩/ - nio /nˈiːʊ/
		Rok /rˈaʊ̯k/ - rök /rˈøːk/
		rot /rˈaʊ̯t/ - röd /rˈøːd/
		Recht /rˈɛçt/ - rätt /rˈɛtː/
		Rägen /rˈɛŋ/ - regn /rˈɛŋn/
		Ring /rˈɪŋ/ - ring /rˈɪŋː/
		Süster /sˈʏstæ/ - syster /sˈʏstɛr/
		twei /tʰvˈae̯/ - två /tʰvˈoː/
		twölf /tʰvˈœlf/ - tolv /tʰˈɔlv/
		Tähn /tʰˈɛːn/ - tand /tʰˈand/
		Tung /tʰˈʊŋ/ - tunga /tʰˈʊŋːa/
		weiten /vˈae̯tn̩/ - veta /vˈeːta/
		Wall /vˈal/ - val /vˈɑːl/
		wat /vˈat/ - vad /vˈɑːd/
		warm /vˈaːm/ - varm /vˈarm/
		wi /vˈiː/ - vi /vˈiː/
		Worm /vˈoːæm/ - orm /ˈʊrm/
		Wåter /vˈɒːtæ/ - vatten /vˈatːɛn/
		Wäder /vˈɛːɾæ/ - väder /vˈɛːder/
		Wind /vˈɪnd/ - vind /vˈɪnd/
		witt /vˈɪt/ - vit /vˈiːt/
		Wull /vˈʊl/ - ull /ˈɵlː/
		Wulf /vˈʊlf/ - ulv /ˈɵlv/
		wünschen /vˈʏnʃn̩/ - önska /ˈœnska/
		Sand /zˈand/ - sand /sˈand/
		Siet /zˈiːt/ - sida /sˈiːda/
		söss /zˈœs/ - sex /sˈɛks/
		sœben /zˈœːm/ - sju /ɧˈʉː/
		Sœhn /zˈœːn/ - son /sˈoːn/
		Sœch /zˈœːç/ - so /sˈuː/
		Solt /zˈɔlt/ - salt /sˈalt/
		säut /zˈɔʏ̯t/ - söt /sˈøːt/
		Gast /ɡˈas/ - gäst /jˈɛst/
		gaut /ɡˈaʊ̯t/ - god /ɡˈuːd/
		Gold /ɡˈɔld/ - guld /ɡˈɵld/
		Gott /ɡˈɔt/ - gud /ɡˈʉːd/
		schlån /ʃlˈɒːn/ - slå /slˈoː/
		Schnei /ʃnˈae̯/ - snö /snˈøː/
		Stiern /ʃtˈiːæn/ - stjärna /ɧˈæːɳa/
		Sturm /ʃtˈuːæm/ - storm /stˈɔrm/
		schwart /ʃwˈat/ - svart /svˈaʈː/
		schwemmen /ʃwˈɛm/ - simma /sˈɪmːa/
		scharp /ʃˈaːp/ - skarp /skˈarp/
		Schiet /ʃˈiːt/ - skit /ɧˈiːt/
		Schåp /ʃˈɒːp/ - får /fˈoːr/
		Schipp /ʃˈɪp/ - skepp /ɧˈɛpː/
		Eik /ˈae̯k/ - ek /ˈeːk/
		ein /ˈae̯n/ - en /ˈɛnː/
		anner /ˈanæ/ - annan /ˈanːan/
		Appel /ˈapl̩/ - äpple /ˈɛplɛ/
		acht /ˈaxt/ - åtta /ˈɔtːa/
		Asch /ˈaʃ/ - aska /ˈaska/
		Ooch /ˈaʊ̯x/ - öga /ˈøːɡa/
		Arm /ˈaːm/ - arm /ˈarm/
		Ies /ˈiːs/ - is /ˈiːs/
		Ul /ˈuːl/ - uggla /ˈɵɡla/
		ut /ˈuːt/ - ut /ˈʉːt/
		Uhr /ˈuːæ/ - öra /ˈœːra/
		Åp /ˈɒːp/ - apa /ˈɑːpa/
		Eck /ˈɛk/ - egg /ˈɛɡː/
		elm /ˈɛlm/ - elva /ˈɛlva/
		äten /ˈɛːtn̩/ - äta /ˈɛːta/
		in /ˈɪn/ - i /ˈiː/
		uns /ˈʊns/ - oss /ˈɔsː/

Final disqualified:
		Diert /dˈiːæt/ - djur /jˈʉːr/
		Füer /fˈyːæ/ - eld /ˈɛld/
		lachen /lˈaxn̩/ - le /lˈeː/
		Licht /lˈɪç/ - ljus /jˈʉːs/
		twintig /tʰvˈɪntɪç/ - tjugo /ɕˈʉːɡʊ/
		Wuurt /vˈuːæt/ - ord /ˈuːɖ/
		schlåpen /ʃlˈɒːbm̩/ - sova /sˈoːva/
		Ei /ˈae̯/ - ägg /ˈɛɡː/
		Ierd /ˈiːæ/ - jord /jˈuːɖ/
		ik /ˈɪk/ - jag /jˈɑːɡ/
		Imm /ˈɪm/ - bi /bˈiː/


-------------------

****SAMPLE 2****
Iteration 1
	Qualified: 156
	Disqualified: 178
	Added: 0
	Removed: 11
		in /ˈɪn/ - i /ˈiː/
		Kopp /kʰˈɔp/ - huvud /hˈʉːvɵd/
		ik /ˈɪk/ - jag /jˈɑːɡ/
		Ei /ˈae̯/ - ägg /ˈɛɡː/
		Bom /bˈaʊ̯m/ - träd /tʰrˈɛː/
		twintig /tʰvˈɪntɪç/ - tjugo /ɕˈʉːɡʊ/
		Diert /dˈiːæt/ - djur /jˈʉːr/
		schlåpen /ʃlˈɒːbm̩/ - sova /sˈoːva/
		Ierd /ˈiːæ/ - jord /jˈuːɖ/
		Licht /lˈɪç/ - ljus /jˈʉːs/
		Imm /ˈɪm/ - bi /bˈiː/

Iteration 2
	Qualified: 157
	Disqualified: 177
	Added: 1
		schlåpen /ʃlˈɒːbm̩/ - sova /sˈoːva/
	Removed: 0

Iteration 3
	Qualified: 157
	Disqualified: 177
	Added: 0
	Removed: 0

Final qualifying:
		Blatt /blˈat/ - blad /blˈɑːd/
		Blaum /blˈaʊ̯m/ - blomma /blˈʊmːa/
		Blaut /blˈaʊ̯t/ - blod /blˈuːd/
		Brot /brˈaʊ̯t/ - bröd /brˈøːd/
		Brauder /brˈaʊ̯ɾæ/ - bror /brˈuːr/
		Brügg /brˈʏç/ - brygga /brˈʏɡːa/
		beiden /bˈae̯dn̩/ - bjuda /bjˈʉːda/
		Bein /bˈae̯n/ - ben /bˈeːn/
		Bauk /bˈaʊ̯k/ - bok /bˈuːk/
		Boot /bˈaʊ̯t/ - båt /bˈoːt/
		bieten /bˈiːtn̩/ - bita /bˈiːta/
		Bor /bˈoːæ/ - björn /bjˈøːɳ/
		bäder /bˈɛːɾæ/ - bättre /bˈɛtːrɛ/
		bidden /bˈɪɾn̩/ - be /bˈeː/
		drei /drˈae̯/ - tre /trˈeː/
		Drom /drˈaʊ̯m/ - dröm /drˈœm/
		driewen /drˈiːm/ - driva /drˈiːva/
		drööch /drˈøːç/ - torr /tʰˈɔrː/
		drömen /drˈɔʏ̯m/ - drömma /drˈœmːa/
		drinken /drˈɪŋkn̩/ - dricka /drˈɪkːa/
		Deif /dˈae̯f/ - tjuv /ɕˈʉːv/
		deip /dˈae̯p/ - djup /jˈʉːp/
		Dach /dˈax/ - dag /dˈɑːɡ/
		Dod /dˈaʊ̯d/ - död /dˈøːd/
		dusend /dˈuːzn̩d/ - tusen /tʰˈʉːsɛn/
		Duurn /dˈuːæn/ - törne /tʰˈœɳːɛ/
		düer /dˈyːæ/ - dyr /dˈyːr/
		Dochter /dˈɔxtæ/ - dotter /dˈɔtːɛr/
		dünn /dˈʏn/ - tunn /tʰˈɵnː/
		Fleich /flˈae̯ç/ - fluga /flˈʉːɡa/
		flegen /flˈae̯ŋ/ - flyga /flˈyːɡa/
		freren /frˈaɪ̯æn/ - frysa /frˈyːsa/
		Fru /frˈuː/ - kvinna /kʰvˈɪnːa/
		frisch /frˈɪʃ/ - frisk /frˈɪsk/
		Fründ /frˈʏnd/ - frände /frˈɛndɛ/
		Vadder /fˈaɾæ/ - far /fˈɑːr/
		Faut /fˈaʊ̯t/ - fot /fˈuːt/
		fief /fˈiːf/ - fem /fˈɛm/
		Füer /fˈyːæ/ - fyr /fˈyːr/
		Fedder /fˈɛɾæ/ - fjäder /fjˈɛːdɛr/
		Fisch /fˈɪʃ/ - fisk /fˈɪsk/
		heit /hˈae̯t/ - het /hˈeːt/
		Hand /hˈand/ - hand /hˈand/
		hoch /hˈaʊ̯x/ - hög /hˈøːɡ/
		Hart /hˈaːt/ - hjärta /jˈæʈːa/
		hier /hˈiːæ/ - här /hˈæːr/
		Hor /hˈoːæ/ - hår /hˈoːr/
		Hus /hˈuːs/ - hus /hˈʉːs/
		Hut /hˈuːt/ - hud /hˈʉːd/
		Huurn /hˈuːæn/ - horn /hˈuːɳ/
		hüren /hˈyːæn/ - höra /hˈœːra/
		Höft /hˈœft/ - huvud /hˈʉːvɵd/
		Hås /hˈɒːs/ - hare /hˈɑːrɛ/
		Honnig /hˈɔnɪç/ - honung /hˈoːnɵŋ/
		hebben /hˈɛbm̩/ - ha /hˈɑː/
		hillig /hˈɪlɪç/ - helig /hˈeːlɪɡ/
		Hund /hˈʊnd/ - hund /hˈɵnd/
		hunnert /hˈʊnæt/ - hundra /hˈʊndra/
		Hunger /hˈʊŋæ/ - hunger /hˈʊŋːɛr/
		gräun /jrˈɔʏ̯n/ - grön /ɡrˈøːn/
		Johr /jˈoːæ/ - år /ˈoːr/
		gäl /jˈɛl/ - gul /ɡˈʉːl/
		Jitt /jˈɪt/ - get /jˈeːt/
		Knei /kʰnˈae̯/ - knä /kʰnˈɛː/
		Kalf /kʰˈalf/ - kalv /kʰˈalv/
		Kirch /kʰˈiːæç/ - kyrka /ɕˈʏrka/
		Küken /kʰˈyːkn̩/ - kyckling /ɕˈʏkːlɪŋ/
		König /kʰˈøːnɪç/ - kung /kʰˈɵŋ/
		kœnen /kʰˈœːn̩/ - kunna /kʰˈɵnːa/
		Lamm /lˈam/ - lamm /lˈamː/
		Land /lˈand/ - land /lˈand/
		lang /lˈaŋk/ - lång /lˈoːŋ/
		lopen /lˈaʊ̯pn̩/ - löpa /lˈøːpa/
		Lof /lˈoːf/ - löv /lˈøːv/
		licht /lˈɪç/ - lätt /lˈɛtː/
		Mauder /mˈaʊ̯ɾæ/ - mor /mˈuːr/
		Mul /mˈuːl/ - mun /mˈɵnː/
		Mus /mˈuːs/ - mus /mˈʉːs/
		Månd /mˈɒːnd/ - måne /mˈoːnɛ/
		Melk /mˈɛlk/ - mjölk /mjˈœlk/
		Minsch /mˈɪnʃ/ - människa /mˈɛnːɪɧa/
		Mudder /mˈʊɾæ/ - mor /mˈuːr/
		Müch /mˈʏç/ - mygg /mˈʏɡː/
		Nacht /nˈax/ - natt /nˈatː/
		niech /nˈiːç/ - ny /nˈyː/
		Nuurd /nˈuːæd/ - norr /nˈɔrː/
		nåkt /nˈɒːkt/ - naken /nˈɑːkɛn/
		Någel /nˈɒːɡl̩/ - nagel /nˈɑːɡɛl/
		Näs /nˈɛːs/ - näsa /nˈɛːsa/
		negen /nˈɛːɣn̩/ - nio /nˈiːʊ/
		Rok /rˈaʊ̯k/ - rök /rˈøːk/
		rot /rˈaʊ̯t/ - röd /rˈøːd/
		Recht /rˈɛçt/ - rätt /rˈɛtː/
		Rägen /rˈɛŋ/ - regn /rˈɛŋn/
		Ring /rˈɪŋ/ - ring /rˈɪŋː/
		Süster /sˈʏstæ/ - syster /sˈʏstɛr/
		twei /tʰvˈae̯/ - två /tʰvˈoː/
		twölf /tʰvˈœlf/ - tolv /tʰˈɔlv/
		teihn /tʰˈae̯n/ - tio /tʰˈiːʊ/
		Tähn /tʰˈɛːn/ - tand /tʰˈand/
		Tung /tʰˈʊŋ/ - tunga /tʰˈʊŋːa/
		weiten /vˈae̯tn̩/ - veta /vˈeːta/
		Wall /vˈal/ - val /vˈɑːl/
		wat /vˈat/ - vad /vˈɑːd/
		wi /vˈiː/ - vi /vˈiː/
		Wåter /vˈɒːtæ/ - vatten /vˈatːɛn/
		Wech /vˈɛç/ - väg /vˈɛːɡ/
		Wäder /vˈɛːɾæ/ - väder /vˈɛːder/
		Wind /vˈɪnd/ - vind /vˈɪnd/
		Wull /vˈʊl/ - ull /ˈɵlː/
		Wulf /vˈʊlf/ - ulv /ˈɵlv/
		wünschen /vˈʏnʃn̩/ - önska /ˈœnska/
		Sand /zˈand/ - sand /sˈand/
		See /zˈeː/ - sjö /ɧˈøː/
		Siet /zˈiːt/ - sida /sˈiːda/
		sœben /zˈœːm/ - sju /ɧˈʉː/
		Sœch /zˈœːç/ - so /sˈuː/
		Solt /zˈɔlt/ - salt /sˈalt/
		säut /zˈɔʏ̯t/ - söt /sˈøːt/
		seggen /zˈɛŋ/ - säga /sˈɛjːa/
		sitten /zˈɪtn̩/ - sitta /sˈɪtːa/
		singen /zˈɪŋ/ - sjunga /ɧˈɵŋːa/
		Gras /ɡrˈaːs/ - gräs /ɡrˈɛːs/
		Gast /ɡˈas/ - gäst /jˈɛst/
		Gaus /ɡˈaʊ̯s/ - gås /ɡˈoːs/
		gaut /ɡˈaʊ̯t/ - god /ɡˈuːd/
		Gold /ɡˈɔld/ - guld /ɡˈɵld/
		schlåpen /ʃlˈɒːbm̩/ - sova /sˈoːva/
		schlån /ʃlˈɒːn/ - slå /slˈoː/
		Schnei /ʃnˈae̯/ - snö /snˈøː/
		Stein /ʃtˈae̯n/ - sten /stˈeːn/
		Stauhl /ʃtˈaʊ̯l/ - stol /stˈuːl/
		Stiern /ʃtˈiːæn/ - stjärna /ɧˈæːɳa/
		Sturm /ʃtˈuːæm/ - storm /stˈɔrm/
		Schwien /ʃwˈiːn/ - svin /svˈiːn/
		scharp /ʃˈaːp/ - skarp /skˈarp/
		Schiet /ʃˈiːt/ - skit /ɧˈiːt/
		Schåp /ʃˈɒːp/ - får /fˈoːr/
		Schipp /ʃˈɪp/ - skepp /ɧˈɛpː/
		Eik /ˈae̯k/ - ek /ˈeːk/
		ein /ˈae̯n/ - en /ˈɛnː/
		all /ˈal/ - all /ˈalː/
		anner /ˈanæ/ - annan /ˈanːan/
		Appel /ˈapl̩/ - äpple /ˈɛplɛ/
		Asch /ˈaʃ/ - aska /ˈaska/
		Arm /ˈaːm/ - arm /ˈarm/
		Ies /ˈiːs/ - is /ˈiːs/
		Ul /ˈuːl/ - uggla /ˈɵɡla/
		ut /ˈuːt/ - ut /ˈʉːt/
		Uhr /ˈuːæ/ - öra /ˈœːra/
		œwer /ˈœːvæ/ - över /ˈøːvɛr/
		Ål /ˈɒːl/ - ål /ˈoːl/
		Åp /ˈɒːp/ - apa /ˈɑːpa/
		Eck /ˈɛk/ - egg /ˈɛɡː/
		elm /ˈɛlm/ - elva /ˈɛlva/
		äten /ˈɛːtn̩/ - äta /ˈɛːta/
		uns /ˈʊns/ - oss /ˈɔsː/

Final disqualified:
		Bom /bˈaʊ̯m/ - träd /tʰrˈɛː/
		Diert /dˈiːæt/ - djur /jˈʉːr/
		Kopp /kʰˈɔp/ - huvud /hˈʉːvɵd/
		Licht /lˈɪç/ - ljus /jˈʉːs/
		twintig /tʰvˈɪntɪç/ - tjugo /ɕˈʉːɡʊ/
		Ei /ˈae̯/ - ägg /ˈɛɡː/
		Ierd /ˈiːæ/ - jord /jˈuːɖ/
		ik /ˈɪk/ - jag /jˈɑːɡ/
		Imm /ˈɪm/ - bi /bˈiː/
		in /ˈɪn/ - i /ˈiː/


-------------------

****SAMPLE 3****
Iteration 1
	Qualified: 157
	Disqualified: 177
	Added: 0
	Removed: 10
		in /ˈɪn/ - i /ˈiː/
		Wuurt /vˈuːæt/ - ord /ˈuːɖ/
		Kopp /kʰˈɔp/ - huvud /hˈʉːvɵd/
		lachen /lˈaxn̩/ - le /lˈeː/
		ik /ˈɪk/ - jag /jˈɑːɡ/
		Ei /ˈae̯/ - ägg /ˈɛɡː/
		Bom /bˈaʊ̯m/ - träd /tʰrˈɛː/
		twintig /tʰvˈɪntɪç/ - tjugo /ɕˈʉːɡʊ/
		Diert /dˈiːæt/ - djur /jˈʉːr/
		Licht /lˈɪç/ - ljus /jˈʉːs/

Iteration 2
	Qualified: 157
	Disqualified: 177
	Added: 0
	Removed: 0

Final qualifying:
		Blatt /blˈat/ - blad /blˈɑːd/
		Blaum /blˈaʊ̯m/ - blomma /blˈʊmːa/
		Blaut /blˈaʊ̯t/ - blod /blˈuːd/
		Brot /brˈaʊ̯t/ - bröd /brˈøːd/
		Brauder /brˈaʊ̯ɾæ/ - bror /brˈuːr/
		Brügg /brˈʏç/ - brygga /brˈʏɡːa/
		Bein /bˈae̯n/ - ben /bˈeːn/
		Bauk /bˈaʊ̯k/ - bok /bˈuːk/
		Boot /bˈaʊ̯t/ - båt /bˈoːt/
		bieten /bˈiːtn̩/ - bita /bˈiːta/
		Bost /bˈɔst/ - bröst /brˈœst/
		bäder /bˈɛːɾæ/ - bättre /bˈɛtːrɛ/
		bidden /bˈɪɾn̩/ - be /bˈeː/
		Drom /drˈaʊ̯m/ - dröm /drˈœm/
		drööch /drˈøːç/ - torr /tʰˈɔrː/
		drömen /drˈɔʏ̯m/ - drömma /drˈœmːa/
		Deif /dˈae̯f/ - tjuv /ɕˈʉːv/
		deip /dˈae̯p/ - djup /jˈʉːp/
		Dach /dˈax/ - dag /dˈɑːɡ/
		du /dˈuː/ - du /dˈʉː/
		dusend /dˈuːzn̩d/ - tusen /tʰˈʉːsɛn/
		düütsch /dˈyːtʃ/ - tysk /tʰˈʏsk/
		düer /dˈyːæ/ - dyr /dˈyːr/
		Dochter /dˈɔxtæ/ - dotter /dˈɔtːɛr/
		Ding /dˈɪŋ/ - ting /tʰˈɪŋː/
		dünn /dˈʏn/ - tunn /tʰˈɵnː/
		Fleich /flˈae̯ç/ - fluga /flˈʉːɡa/
		flegen /flˈae̯ŋ/ - flyga /flˈyːɡa/
		freren /frˈaɪ̯æn/ - frysa /frˈyːsa/
		Fru /frˈuː/ - kvinna /kʰvˈɪnːa/
		frisch /frˈɪʃ/ - frisk /frˈɪsk/
		Vadder /fˈaɾæ/ - far /fˈɑːr/
		Faut /fˈaʊ̯t/ - fot /fˈuːt/
		vier /fˈiːæ/ - fyra /fˈyːra/
		Füer /fˈyːæ/ - fyr /fˈyːr/
		folgen /fˈɔlɡn̩/ - följa /fˈœlja/
		Fäut /fˈɔʏ̯t/ - fötter /fˈœtːɛr/
		Fedder /fˈɛɾæ/ - fjäder /fjˈɛːdɛr/
		Finger /fˈɪŋæ/ - finger /fˈɪŋːɛr/
		Fisch /fˈɪʃ/ - fisk /fˈɪsk/
		vull /fˈʊl/ - full /fˈɵlː/
		heit /hˈae̯t/ - het /hˈeːt/
		Hand /hˈand/ - hand /hˈand/
		hoch /hˈaʊ̯x/ - hög /hˈøːɡ/
		Hus /hˈuːs/ - hus /hˈʉːs/
		Huurn /hˈuːæn/ - horn /hˈuːɳ/
		hüren /hˈyːæn/ - höra /hˈœːra/
		Höft /hˈœft/ - huvud /hˈʉːvɵd/
		Hås /hˈɒːs/ - hare /hˈɑːrɛ/
		Honnig /hˈɔnɪç/ - honung /hˈoːnɵŋ/
		hebben /hˈɛbm̩/ - ha /hˈɑː/
		Henn /hˈɛn/ - höna /hˈøːna/
		Hund /hˈʊnd/ - hund /hˈɵnd/
		hunnert /hˈʊnæt/ - hundra /hˈʊndra/
		Hunger /hˈʊŋæ/ - hunger /hˈʊŋːɛr/
		gräun /jrˈɔʏ̯n/ - grön /ɡrˈøːn/
		Johr /jˈoːæ/ - år /ˈoːr/
		gäl /jˈɛl/ - gul /ɡˈʉːl/
		Jitt /jˈɪt/ - get /jˈeːt/
		Knei /kʰnˈae̯/ - knä /kʰnˈɛː/
		Kalf /kʰˈalf/ - kalv /kʰˈalv/
		Kauh /kʰˈaʊ̯/ - ko /kʰˈuː/
		kolt /kʰˈaʊ̯lt/ - kall /kʰˈalː/
		Kirch /kʰˈiːæç/ - kyrka /ɕˈʏrka/
		Küken /kʰˈyːkn̩/ - kyckling /ɕˈʏkːlɪŋ/
		König /kʰˈøːnɪç/ - kung /kʰˈɵŋ/
		kœnen /kʰˈœːn̩/ - kunna /kʰˈɵnːa/
		Lamm /lˈam/ - lamm /lˈamː/
		Land /lˈand/ - land /lˈand/
		lang /lˈaŋk/ - lång /lˈoːŋ/
		Lof /lˈoːf/ - löv /lˈøːv/
		Lus /lˈuːs/ - lus /lˈʉːs/
		licht /lˈɪç/ - lätt /lˈɛtː/
		Mann /mˈan/ - mann /mˈanː/
		mi /mˈiː/ - mig /mˈɛj/
		Mul /mˈuːl/ - mun /mˈɵnː/
		Mus /mˈuːs/ - mus /mˈʉːs/
		Månd /mˈɒːnd/ - måne /mˈoːnɛ/
		Melk /mˈɛlk/ - mjölk /mjˈœlk/
		Mund /mˈʊnd/ - mun /mˈɵnː/
		Müch /mˈʏç/ - mygg /mˈʏɡː/
		Nacht /nˈax/ - natt /nˈatː/
		niech /nˈiːç/ - ny /nˈyː/
		Nuurd /nˈuːæd/ - norr /nˈɔrː/
		Nådel /nˈɒːdl̩/ - nål /nˈoːl/
		Nåm /nˈɒːm/ - namn /nˈamn/
		negen /nˈɛːɣn̩/ - nio /nˈiːʊ/
		Rok /rˈaʊ̯k/ - rök /rˈøːk/
		riek /rˈiːk/ - rik /rˈiːk/
		Recht /rˈɛçt/ - rätt /rˈɛtː/
		Rägen /rˈɛŋ/ - regn /rˈɛŋn/
		Ring /rˈɪŋ/ - ring /rˈɪŋː/
		Süster /sˈʏstæ/ - syster /sˈʏstɛr/
		twei /tʰvˈae̯/ - två /tʰvˈoː/
		twölf /tʰvˈœlf/ - tolv /tʰˈɔlv/
		teihn /tʰˈae̯n/ - tio /tʰˈiːʊ/
		Tiet /tʰˈiːt/ - tid /tʰˈiːd/
		Tähn /tʰˈɛːn/ - tand /tʰˈand/
		Tung /tʰˈʊŋ/ - tunga /tʰˈʊŋːa/
		weiten /vˈae̯tn̩/ - veta /vˈeːta/
		Wall /vˈal/ - val /vˈɑːl/
		wat /vˈat/ - vad /vˈɑːd/
		warm /vˈaːm/ - varm /vˈarm/
		wi /vˈiː/ - vi /vˈiː/
		Worm /vˈoːæm/ - orm /ˈʊrm/
		Wåter /vˈɒːtæ/ - vatten /vˈatːɛn/
		Wind /vˈɪnd/ - vind /vˈɪnd/
		witt /vˈɪt/ - vit /vˈiːt/
		Wull /vˈʊl/ - ull /ˈɵlː/
		Wulf /vˈʊlf/ - ulv /ˈɵlv/
		wünschen /vˈʏnʃn̩/ - önska /ˈœnska/
		seihn /zˈae̯n/ - se /sˈeː/
		Sand /zˈand/ - sand /sˈand/
		See /zˈeː/ - sjö /ɧˈøː/
		Siet /zˈiːt/ - sida /sˈiːda/
		söss /zˈœs/ - sex /sˈɛks/
		sœben /zˈœːm/ - sju /ɧˈʉː/
		Sœhn /zˈœːn/ - son /sˈoːn/
		Solt /zˈɔlt/ - salt /sˈalt/
		säut /zˈɔʏ̯t/ - söt /sˈøːt/
		seggen /zˈɛŋ/ - säga /sˈɛjːa/
		singen /zˈɪŋ/ - sjunga /ɧˈɵŋːa/
		Gras /ɡrˈaːs/ - gräs /ɡrˈɛːs/
		Gast /ɡˈas/ - gäst /jˈɛst/
		Gold /ɡˈɔld/ - guld /ɡˈɵld/
		schlåpen /ʃlˈɒːbm̩/ - sova /sˈoːva/
		schlån /ʃlˈɒːn/ - slå /slˈoː/
		Schnei /ʃnˈae̯/ - snö /snˈøː/
		Stein /ʃtˈae̯n/ - sten /stˈeːn/
		Stiern /ʃtˈiːæn/ - stjärna /ɧˈæːɳa/
		Sturm /ʃtˈuːæm/ - storm /stˈɔrm/
		schwart /ʃwˈat/ - svart /svˈaʈː/
		Schwien /ʃwˈiːn/ - svin /svˈiːn/
		schwemmen /ʃwˈɛm/ - simma /sˈɪmːa/
		scharp /ʃˈaːp/ - skarp /skˈarp/
		Schåp /ʃˈɒːp/ - får /fˈoːr/
		Schipp /ʃˈɪp/ - skepp /ɧˈɛpː/
		Eik /ˈae̯k/ - ek /ˈeːk/
		ein /ˈae̯n/ - en /ˈɛnː/
		all /ˈal/ - all /ˈalː/
		anner /ˈanæ/ - annan /ˈanːan/
		Appel /ˈapl̩/ - äpple /ˈɛplɛ/
		acht /ˈaxt/ - åtta /ˈɔtːa/
		Asch /ˈaʃ/ - aska /ˈaska/
		Ooch /ˈaʊ̯x/ - öga /ˈøːɡa/
		Arm /ˈaːm/ - arm /ˈarm/
		Ies /ˈiːs/ - is /ˈiːs/
		Ul /ˈuːl/ - uggla /ˈɵɡla/
		ut /ˈuːt/ - ut /ˈʉːt/
		Uhr /ˈuːæ/ - öra /ˈœːra/
		œwer /ˈœːvæ/ - över /ˈøːvɛr/
		Ål /ˈɒːl/ - ål /ˈoːl/
		Åp /ˈɒːp/ - apa /ˈɑːpa/
		Eck /ˈɛk/ - egg /ˈɛɡː/
		elm /ˈɛlm/ - elva /ˈɛlva/
		äten /ˈɛːtn̩/ - äta /ˈɛːta/
		uns /ˈʊns/ - oss /ˈɔsː/

Final disqualified:
		Bom /bˈaʊ̯m/ - träd /tʰrˈɛː/
		Diert /dˈiːæt/ - djur /jˈʉːr/
		Kopp /kʰˈɔp/ - huvud /hˈʉːvɵd/
		lachen /lˈaxn̩/ - le /lˈeː/
		Licht /lˈɪç/ - ljus /jˈʉːs/
		twintig /tʰvˈɪntɪç/ - tjugo /ɕˈʉːɡʊ/
		Wuurt /vˈuːæt/ - ord /ˈuːɖ/
		Ei /ˈae̯/ - ägg /ˈɛɡː/
		ik /ˈɪk/ - jag /jˈɑːɡ/
		in /ˈɪn/ - i /ˈiː/


-------------------

****SAMPLE 4****
Iteration 1
	Qualified: 154
	Disqualified: 180
	Added: 0
	Removed: 13
		in /ˈɪn/ - i /ˈiː/
		Wuurt /vˈuːæt/ - ord /ˈuːɖ/
		fief /fˈiːf/ - fem /fˈɛm/
		Kopp /kʰˈɔp/ - huvud /hˈʉːvɵd/
		Füer /fˈyːæ/ - eld /ˈɛld/
		lachen /lˈaxn̩/ - le /lˈeː/
		Fru /frˈuː/ - kvinna /kʰvˈɪnːa/
		Ei /ˈae̯/ - ägg /ˈɛɡː/
		Bom /bˈaʊ̯m/ - träd /tʰrˈɛː/
		twintig /tʰvˈɪntɪç/ - tjugo /ɕˈʉːɡʊ/
		Diert /dˈiːæt/ - djur /jˈʉːr/
		Ierd /ˈiːæ/ - jord /jˈuːɖ/
		Imm /ˈɪm/ - bi /bˈiː/

Iteration 2
	Qualified: 154
	Disqualified: 180
	Added: 0
	Removed: 0

Final qualifying:
		Blaum /blˈaʊ̯m/ - blomma /blˈʊmːa/
		Blaut /blˈaʊ̯t/ - blod /blˈuːd/
		Brot /brˈaʊ̯t/ - bröd /brˈøːd/
		Brügg /brˈʏç/ - brygga /brˈʏɡːa/
		beiden /bˈae̯dn̩/ - bjuda /bjˈʉːda/
		Bein /bˈae̯n/ - ben /bˈeːn/
		Boot /bˈaʊ̯t/ - båt /bˈoːt/
		Bad /bˈaːd/ - bad /bˈɑːd/
		Barch /bˈaːx/ - berg /bˈɛrj/
		bieten /bˈiːtn̩/ - bita /bˈiːta/
		Bost /bˈɔst/ - bröst /brˈœst/
		bidden /bˈɪɾn̩/ - be /bˈeː/
		Drom /drˈaʊ̯m/ - dröm /drˈœm/
		driewen /drˈiːm/ - driva /drˈiːva/
		drööch /drˈøːç/ - torr /tʰˈɔrː/
		drömen /drˈɔʏ̯m/ - drömma /drˈœmːa/
		drinken /drˈɪŋkn̩/ - dricka /drˈɪkːa/
		Deif /dˈae̯f/ - tjuv /ɕˈʉːv/
		deip /dˈae̯p/ - djup /jˈʉːp/
		Dach /dˈax/ - dag /dˈɑːɡ/
		danken /dˈaŋkn̩/ - tacka /tʰˈakːa/
		du /dˈuː/ - du /dˈʉː/
		dusend /dˈuːzn̩d/ - tusen /tʰˈʉːsɛn/
		Duurn /dˈuːæn/ - törne /tʰˈœɳːɛ/
		düer /dˈyːæ/ - dyr /dˈyːr/
		Dochter /dˈɔxtæ/ - dotter /dˈɔtːɛr/
		dick /dˈɪk/ - tjock /ɕˈɔk/
		Ding /dˈɪŋ/ - ting /tʰˈɪŋː/
		dünn /dˈʏn/ - tunn /tʰˈɵnː/
		Fleich /flˈae̯ç/ - fluga /flˈʉːɡa/
		freren /frˈaɪ̯æn/ - frysa /frˈyːsa/
		frisch /frˈɪʃ/ - frisk /frˈɪsk/
		Fründ /frˈʏnd/ - frände /frˈɛndɛ/
		Vadder /fˈaɾæ/ - far /fˈɑːr/
		Faut /fˈaʊ̯t/ - fot /fˈuːt/
		vier /fˈiːæ/ - fyra /fˈyːra/
		Füer /fˈyːæ/ - fyr /fˈyːr/
		Vågel /fˈɒːɡl̩/ - fågel /fˈoːɡɛl/
		folgen /fˈɔlɡn̩/ - följa /fˈœlja/
		Fäut /fˈɔʏ̯t/ - fötter /fˈœtːɛr/
		Fedder /fˈɛɾæ/ - fjäder /fjˈɛːdɛr/
		Fisch /fˈɪʃ/ - fisk /fˈɪsk/
		vull /fˈʊl/ - full /fˈɵlː/
		heit /hˈae̯t/ - het /hˈeːt/
		Hand /hˈand/ - hand /hˈand/
		hoch /hˈaʊ̯x/ - hög /hˈøːɡ/
		Hart /hˈaːt/ - hjärta /jˈæʈːa/
		Hor /hˈoːæ/ - hår /hˈoːr/
		Huurn /hˈuːæn/ - horn /hˈuːɳ/
		hüren /hˈyːæn/ - höra /hˈœːra/
		Höft /hˈœft/ - huvud /hˈʉːvɵd/
		Hås /hˈɒːs/ - hare /hˈɑːrɛ/
		Honnig /hˈɔnɪç/ - honung /hˈoːnɵŋ/
		hebben /hˈɛbm̩/ - ha /hˈɑː/
		Henn /hˈɛn/ - höna /hˈøːna/
		hillig /hˈɪlɪç/ - helig /hˈeːlɪɡ/
		Hund /hˈʊnd/ - hund /hˈɵnd/
		hunnert /hˈʊnæt/ - hundra /hˈʊndra/
		Hunger /hˈʊŋæ/ - hunger /hˈʊŋːɛr/
		gräun /jrˈɔʏ̯n/ - grön /ɡrˈøːn/
		Johr /jˈoːæ/ - år /ˈoːr/
		gäl /jˈɛl/ - gul /ɡˈʉːl/
		Jitt /jˈɪt/ - get /jˈeːt/
		jung /jˈʊŋk/ - ung /ˈɵŋː/
		Knei /kʰnˈae̯/ - knä /kʰnˈɛː/
		Kauh /kʰˈaʊ̯/ - ko /kʰˈuː/
		kolt /kʰˈaʊ̯lt/ - kall /kʰˈalː/
		Kirch /kʰˈiːæç/ - kyrka /ɕˈʏrka/
		König /kʰˈøːnɪç/ - kung /kʰˈɵŋ/
		kœnen /kʰˈœːn̩/ - kunna /kʰˈɵnːa/
		Lamm /lˈam/ - lamm /lˈamː/
		Land /lˈand/ - land /lˈand/
		lang /lˈaŋk/ - lång /lˈoːŋ/
		lopen /lˈaʊ̯pn̩/ - löpa /lˈøːpa/
		Lof /lˈoːf/ - löv /lˈøːv/
		Lus /lˈuːs/ - lus /lˈʉːs/
		licht /lˈɪç/ - lätt /lˈɛtː/
		Mann /mˈan/ - mann /mˈanː/
		Mauder /mˈaʊ̯ɾæ/ - mor /mˈuːr/
		mi /mˈiː/ - mig /mˈɛj/
		Mul /mˈuːl/ - mun /mˈɵnː/
		Mus /mˈuːs/ - mus /mˈʉːs/
		Melk /mˈɛlk/ - mjölk /mjˈœlk/
		Minsch /mˈɪnʃ/ - människa /mˈɛnːɪɧa/
		Mudder /mˈʊɾæ/ - mor /mˈuːr/
		Müch /mˈʏç/ - mygg /mˈʏɡː/
		Nacht /nˈax/ - natt /nˈatː/
		Nådel /nˈɒːdl̩/ - nål /nˈoːl/
		nåkt /nˈɒːkt/ - naken /nˈɑːkɛn/
		Nåm /nˈɒːm/ - namn /nˈamn/
		Någel /nˈɒːɡl̩/ - nagel /nˈɑːɡɛl/
		Näs /nˈɛːs/ - näsa /nˈɛːsa/
		negen /nˈɛːɣn̩/ - nio /nˈiːʊ/
		Rok /rˈaʊ̯k/ - rök /rˈøːk/
		rot /rˈaʊ̯t/ - röd /rˈøːd/
		riek /rˈiːk/ - rik /rˈiːk/
		Recht /rˈɛçt/ - rätt /rˈɛtː/
		Ring /rˈɪŋ/ - ring /rˈɪŋː/
		twölf /tʰvˈœlf/ - tolv /tʰˈɔlv/
		teihn /tʰˈae̯n/ - tio /tʰˈiːʊ/
		Tiet /tʰˈiːt/ - tid /tʰˈiːd/
		Tähn /tʰˈɛːn/ - tand /tʰˈand/
		Tung /tʰˈʊŋ/ - tunga /tʰˈʊŋːa/
		Wall /vˈal/ - val /vˈɑːl/
		wat /vˈat/ - vad /vˈɑːd/
		wi /vˈiː/ - vi /vˈiː/
		Worm /vˈoːæm/ - orm /ˈʊrm/
		Wåter /vˈɒːtæ/ - vatten /vˈatːɛn/
		Wäder /vˈɛːɾæ/ - väder /vˈɛːder/
		Wind /vˈɪnd/ - vind /vˈɪnd/
		witt /vˈɪt/ - vit /vˈiːt/
		Wull /vˈʊl/ - ull /ˈɵlː/
		Wulf /vˈʊlf/ - ulv /ˈɵlv/
		wünschen /vˈʏnʃn̩/ - önska /ˈœnska/
		seihn /zˈae̯n/ - se /sˈeː/
		See /zˈeː/ - sjö /ɧˈøː/
		Siet /zˈiːt/ - sida /sˈiːda/
		söss /zˈœs/ - sex /sˈɛks/
		sœben /zˈœːm/ - sju /ɧˈʉː/
		Sœhn /zˈœːn/ - son /sˈoːn/
		Sœch /zˈœːç/ - so /sˈuː/
		Solt /zˈɔlt/ - salt /sˈalt/
		säut /zˈɔʏ̯t/ - söt /sˈøːt/
		seggen /zˈɛŋ/ - säga /sˈɛjːa/
		sitten /zˈɪtn̩/ - sitta /sˈɪtːa/
		Gras /ɡrˈaːs/ - gräs /ɡrˈɛːs/
		Gast /ɡˈas/ - gäst /jˈɛst/
		Gold /ɡˈɔld/ - guld /ɡˈɵld/
		Gott /ɡˈɔt/ - gud /ɡˈʉːd/
		schlåpen /ʃlˈɒːbm̩/ - sova /sˈoːva/
		schlån /ʃlˈɒːn/ - slå /slˈoː/
		Schnei /ʃnˈae̯/ - snö /snˈøː/
		Stein /ʃtˈae̯n/ - sten /stˈeːn/
		Stauhl /ʃtˈaʊ̯l/ - stol /stˈuːl/
		Stiern /ʃtˈiːæn/ - stjärna /ɧˈæːɳa/
		Sturm /ʃtˈuːæm/ - storm /stˈɔrm/
		schwart /ʃwˈat/ - svart /svˈaʈː/
		Schwien /ʃwˈiːn/ - svin /svˈiːn/
		schwemmen /ʃwˈɛm/ - simma /sˈɪmːa/
		scharp /ʃˈaːp/ - skarp /skˈarp/
		Schiet /ʃˈiːt/ - skit /ɧˈiːt/
		Schipp /ʃˈɪp/ - skepp /ɧˈɛpː/
		Eik /ˈae̯k/ - ek /ˈeːk/
		anner /ˈanæ/ - annan /ˈanːan/
		acht /ˈaxt/ - åtta /ˈɔtːa/
		Ooch /ˈaʊ̯x/ - öga /ˈøːɡa/
		Arm /ˈaːm/ - arm /ˈarm/
		Ies /ˈiːs/ - is /ˈiːs/
		Ul /ˈuːl/ - uggla /ˈɵɡla/
		ut /ˈuːt/ - ut /ˈʉːt/
		Uhr /ˈuːæ/ - öra /ˈœːra/
		œwer /ˈœːvæ/ - över /ˈøːvɛr/
		Ål /ˈɒːl/ - ål /ˈoːl/
		Åben /ˈɒːm/ - ugn /ˈɵŋn/

Final disqualified:
		Bom /bˈaʊ̯m/ - träd /tʰrˈɛː/
		Diert /dˈiːæt/ - djur /jˈʉːr/
		Fru /frˈuː/ - kvinna /kʰvˈɪnːa/
		fief /fˈiːf/ - fem /fˈɛm/
		Füer /fˈyːæ/ - eld /ˈɛld/
		Kopp /kʰˈɔp/ - huvud /hˈʉːvɵd/
		lachen /lˈaxn̩/ - le /lˈeː/
		twintig /tʰvˈɪntɪç/ - tjugo /ɕˈʉːɡʊ/
		Wuurt /vˈuːæt/ - ord /ˈuːɖ/
		Ei /ˈae̯/ - ägg /ˈɛɡː/
		Ierd /ˈiːæ/ - jord /jˈuːɖ/
		Imm /ˈɪm/ - bi /bˈiː/
		in /ˈɪn/ - i /ˈiː/


-------------------

****SAMPLE 5****
Iteration 1
	Qualified: 160
	Disqualified: 174
	Added: 0
	Removed: 7
		Wuurt /vˈuːæt/ - ord /ˈuːɖ/
		Kopp /kʰˈɔp/ - huvud /hˈʉːvɵd/
		Füer /fˈyːæ/ - eld /ˈɛld/
		Ei /ˈae̯/ - ägg /ˈɛɡː/
		Bom /bˈaʊ̯m/ - träd /tʰrˈɛː/
		Ierd /ˈiːæ/ - jord /jˈuːɖ/
		Imm /ˈɪm/ - bi /bˈiː/

Iteration 2
	Qualified: 160
	Disqualified: 174
	Added: 0
	Removed: 0

Final qualifying:
		Blatt /blˈat/ - blad /blˈɑːd/
		Blaum /blˈaʊ̯m/ - blomma /blˈʊmːa/
		Brot /brˈaʊ̯t/ - bröd /brˈøːd/
		Brauder /brˈaʊ̯ɾæ/ - bror /brˈuːr/
		Brügg /brˈʏç/ - brygga /brˈʏɡːa/
		beiden /bˈae̯dn̩/ - bjuda /bjˈʉːda/
		Bein /bˈae̯n/ - ben /bˈeːn/
		Bauk /bˈaʊ̯k/ - bok /bˈuːk/
		Boot /bˈaʊ̯t/ - båt /bˈoːt/
		Bad /bˈaːd/ - bad /bˈɑːd/
		bieten /bˈiːtn̩/ - bita /bˈiːta/
		Bor /bˈoːæ/ - björn /bjˈøːɳ/
		Bost /bˈɔst/ - bröst /brˈœst/
		bäder /bˈɛːɾæ/ - bättre /bˈɛtːrɛ/
		drei /drˈae̯/ - tre /trˈeː/
		Drom /drˈaʊ̯m/ - dröm /drˈœm/
		driewen /drˈiːm/ - driva /drˈiːva/
		drööch /drˈøːç/ - torr /tʰˈɔrː/
		drömen /drˈɔʏ̯m/ - drömma /drˈœmːa/
		drinken /drˈɪŋkn̩/ - dricka /drˈɪkːa/
		deip /dˈae̯p/ - djup /jˈʉːp/
		Dach /dˈax/ - dag /dˈɑːɡ/
		danken /dˈaŋkn̩/ - tacka /tʰˈakːa/
		Dod /dˈaʊ̯d/ - död /dˈøːd/
		du /dˈuː/ - du /dˈʉː/
		dusend /dˈuːzn̩d/ - tusen /tʰˈʉːsɛn/
		Duurn /dˈuːæn/ - törne /tʰˈœɳːɛ/
		düütsch /dˈyːtʃ/ - tysk /tʰˈʏsk/
		Dochter /dˈɔxtæ/ - dotter /dˈɔtːɛr/
		dick /dˈɪk/ - tjock /ɕˈɔk/
		Ding /dˈɪŋ/ - ting /tʰˈɪŋː/
		Fleich /flˈae̯ç/ - fluga /flˈʉːɡa/
		flegen /flˈae̯ŋ/ - flyga /flˈyːɡa/
		Fru /frˈuː/ - kvinna /kʰvˈɪnːa/
		frisch /frˈɪʃ/ - frisk /frˈɪsk/
		Fründ /frˈʏnd/ - frände /frˈɛndɛ/
		Vadder /fˈaɾæ/ - far /fˈɑːr/
		Faut /fˈaʊ̯t/ - fot /fˈuːt/
		fief /fˈiːf/ - fem /fˈɛm/
		vier /fˈiːæ/ - fyra /fˈyːra/
		Vågel /fˈɒːɡl̩/ - fågel /fˈoːɡɛl/
		folgen /fˈɔlɡn̩/ - följa /fˈœlja/
		Fäut /fˈɔʏ̯t/ - fötter /fˈœtːɛr/
		Finger /fˈɪŋæ/ - finger /fˈɪŋːɛr/
		Fisch /fˈɪʃ/ - fisk /fˈɪsk/
		vull /fˈʊl/ - full /fˈɵlː/
		heit /hˈae̯t/ - het /hˈeːt/
		Hand /hˈand/ - hand /hˈand/
		Hart /hˈaːt/ - hjärta /jˈæʈːa/
		hier /hˈiːæ/ - här /hˈæːr/
		Hor /hˈoːæ/ - hår /hˈoːr/
		Hut /hˈuːt/ - hud /hˈʉːd/
		Huurn /hˈuːæn/ - horn /hˈuːɳ/
		hüren /hˈyːæn/ - höra /hˈœːra/
		Höft /hˈœft/ - huvud /hˈʉːvɵd/
		Hås /hˈɒːs/ - hare /hˈɑːrɛ/
		hebben /hˈɛbm̩/ - ha /hˈɑː/
		Henn /hˈɛn/ - höna /hˈøːna/
		Hund /hˈʊnd/ - hund /hˈɵnd/
		hunnert /hˈʊnæt/ - hundra /hˈʊndra/
		Hunger /hˈʊŋæ/ - hunger /hˈʊŋːɛr/
		gräun /jrˈɔʏ̯n/ - grön /ɡrˈøːn/
		Johr /jˈoːæ/ - år /ˈoːr/
		gäl /jˈɛl/ - gul /ɡˈʉːl/
		gäben /jˈɛːbm̩/ - ge /jˈeː/
		jung /jˈʊŋk/ - ung /ˈɵŋː/
		Knei /kʰnˈae̯/ - knä /kʰnˈɛː/
		Kalf /kʰˈalf/ - kalv /kʰˈalv/
		kolt /kʰˈaʊ̯lt/ - kall /kʰˈalː/
		König /kʰˈøːnɪç/ - kung /kʰˈɵŋ/
		kœnen /kʰˈœːn̩/ - kunna /kʰˈɵnːa/
		Lamm /lˈam/ - lamm /lˈamː/
		Land /lˈand/ - land /lˈand/
		lachen /lˈaxn̩/ - le /lˈeː/
		lang /lˈaŋk/ - lång /lˈoːŋ/
		lopen /lˈaʊ̯pn̩/ - löpa /lˈøːpa/
		Lof /lˈoːf/ - löv /lˈøːv/
		Lus /lˈuːs/ - lus /lˈʉːs/
		licht /lˈɪç/ - lätt /lˈɛtː/
		Mann /mˈan/ - mann /mˈanː/
		Mauder /mˈaʊ̯ɾæ/ - mor /mˈuːr/
		mi /mˈiː/ - mig /mˈɛj/
		Mul /mˈuːl/ - mun /mˈɵnː/
		Mus /mˈuːs/ - mus /mˈʉːs/
		Månd /mˈɒːnd/ - måne /mˈoːnɛ/
		Melk /mˈɛlk/ - mjölk /mjˈœlk/
		Mund /mˈʊnd/ - mun /mˈɵnː/
		Mudder /mˈʊɾæ/ - mor /mˈuːr/
		Müch /mˈʏç/ - mygg /mˈʏɡː/
		niech /nˈiːç/ - ny /nˈyː/
		Någel /nˈɒːɡl̩/ - nagel /nˈɑːɡɛl/
		Näs /nˈɛːs/ - näsa /nˈɛːsa/
		negen /nˈɛːɣn̩/ - nio /nˈiːʊ/
		Rok /rˈaʊ̯k/ - rök /rˈøːk/
		riek /rˈiːk/ - rik /rˈiːk/
		Recht /rˈɛçt/ - rätt /rˈɛtː/
		Ring /rˈɪŋ/ - ring /rˈɪŋː/
		Süster /sˈʏstæ/ - syster /sˈʏstɛr/
		twei /tʰvˈae̯/ - två /tʰvˈoː/
		twölf /tʰvˈœlf/ - tolv /tʰˈɔlv/
		teihn /tʰˈae̯n/ - tio /tʰˈiːʊ/
		Tiet /tʰˈiːt/ - tid /tʰˈiːd/
		Tung /tʰˈʊŋ/ - tunga /tʰˈʊŋːa/
		weiten /vˈae̯tn̩/ - veta /vˈeːta/
		wat /vˈat/ - vad /vˈɑːd/
		warm /vˈaːm/ - varm /vˈarm/
		wi /vˈiː/ - vi /vˈiː/
		Worm /vˈoːæm/ - orm /ˈʊrm/
		Wåter /vˈɒːtæ/ - vatten /vˈatːɛn/
		witt /vˈɪt/ - vit /vˈiːt/
		Wull /vˈʊl/ - ull /ˈɵlː/
		Wulf /vˈʊlf/ - ulv /ˈɵlv/
		wünschen /vˈʏnʃn̩/ - önska /ˈœnska/
		seihn /zˈae̯n/ - se /sˈeː/
		See /zˈeː/ - sjö /ɧˈøː/
		Siet /zˈiːt/ - sida /sˈiːda/
		söss /zˈœs/ - sex /sˈɛks/
		Sœch /zˈœːç/ - so /sˈuː/
		Solt /zˈɔlt/ - salt /sˈalt/
		säut /zˈɔʏ̯t/ - söt /sˈøːt/
		seggen /zˈɛŋ/ - säga /sˈɛjːa/
		sitten /zˈɪtn̩/ - sitta /sˈɪtːa/
		singen /zˈɪŋ/ - sjunga /ɧˈɵŋːa/
		Gras /ɡrˈaːs/ - gräs /ɡrˈɛːs/
		Gast /ɡˈas/ - gäst /jˈɛst/
		Gaus /ɡˈaʊ̯s/ - gås /ɡˈoːs/
		gaut /ɡˈaʊ̯t/ - god /ɡˈuːd/
		Gold /ɡˈɔld/ - guld /ɡˈɵld/
		Gott /ɡˈɔt/ - gud /ɡˈʉːd/
		schlåpen /ʃlˈɒːbm̩/ - sova /sˈoːva/
		schlån /ʃlˈɒːn/ - slå /slˈoː/
		Stein /ʃtˈae̯n/ - sten /stˈeːn/
		Stauhl /ʃtˈaʊ̯l/ - stol /stˈuːl/
		Stiern /ʃtˈiːæn/ - stjärna /ɧˈæːɳa/
		Sturm /ʃtˈuːæm/ - storm /stˈɔrm/
		schwart /ʃwˈat/ - svart /svˈaʈː/
		Schwien /ʃwˈiːn/ - svin /svˈiːn/
		schwemmen /ʃwˈɛm/ - simma /sˈɪmːa/
		scharp /ʃˈaːp/ - skarp /skˈarp/
		Schiet /ʃˈiːt/ - skit /ɧˈiːt/
		Schåp /ʃˈɒːp/ - får /fˈoːr/
		Schipp /ʃˈɪp/ - skepp /ɧˈɛpː/
		Eik /ˈae̯k/ - ek /ˈeːk/
		anner /ˈanæ/ - annan /ˈanːan/
		Appel /ˈapl̩/ - äpple /ˈɛplɛ/
		acht /ˈaxt/ - åtta /ˈɔtːa/
		Asch /ˈaʃ/ - aska /ˈaska/
		Ooch /ˈaʊ̯x/ - öga /ˈøːɡa/
		Arm /ˈaːm/ - arm /ˈarm/
		Ul /ˈuːl/ - uggla /ˈɵɡla/
		ut /ˈuːt/ - ut /ˈʉːt/
		Uhr /ˈuːæ/ - öra /ˈœːra/
		œwer /ˈœːvæ/ - över /ˈøːvɛr/
		Ål /ˈɒːl/ - ål /ˈoːl/
		Åp /ˈɒːp/ - apa /ˈɑːpa/
		Eck /ˈɛk/ - egg /ˈɛɡː/
		elm /ˈɛlm/ - elva /ˈɛlva/
		äten /ˈɛːtn̩/ - äta /ˈɛːta/
		ik /ˈɪk/ - jag /jˈɑːɡ/
		in /ˈɪn/ - i /ˈiː/

Final disqualified:
		Bom /bˈaʊ̯m/ - träd /tʰrˈɛː/
		Füer /fˈyːæ/ - eld /ˈɛld/
		Kopp /kʰˈɔp/ - huvud /hˈʉːvɵd/
		Wuurt /vˈuːæt/ - ord /ˈuːɖ/
		Ei /ˈae̯/ - ägg /ˈɛɡː/
		Ierd /ˈiːæ/ - jord /jˈuːɖ/
		Imm /ˈɪm/ - bi /bˈiː/


-------------------

