/blˈat/ - /blˈɛːd/
[1/1] <#_b-<#_b / l-l / ˈa-ˈɛː / t_#>-d_#>

-------------------

/blˈaʊ̯m/ - /blˈoːu̯mə/
[1/1] <#_b-<#_b / l_ˈaʊ̯-l_ˈoːu̯ / m-m_ə

-------------------

/blˈaʊ̯t/ - /blˈoːu̯d/
[1/1] <#_b-<#_b / l_ˈaʊ̯-l_ˈoːu̯ / t_#>-d_#>

-------------------

/blˈɔʏ̯dn̩/ - /blˈɛɪ̯də/
[1/1] <#_b-<#_b / l-l / ˈɔʏ̯-ˈɛɪ̯ / d-d / n_#>-ə_#>

-------------------

/brˈaʊ̯t/ - /brˈoːd/
[1/1] <#_b-<#_b / r-r / ˈaʊ̯-ˈoː / t_#>-d_#>

-------------------

/brˈaʊ̯ɾæ/ - /brˈuːr/
[1/1] <#_b-<#_b / r-r / ˈaʊ̯_ɾ-ˈuː / æ_#>-r_#>

-------------------

/brˈuːɡn̩/ - /brjˈoːu̯ə/
[1/1] <#_b-<#_b / r-r_j / ˈuː-∅ / ɡ-ˈoːu̯ / n_#>-ə_#>

-------------------

/brˈʏç/ - /brˈɛːx/
[1/1] <#_b-<#_b / r-r / ˈʏ-ˈɛː / ç_#>-x_#>

-------------------

/bˈae̯dn̩/ - /bˈiada/
[1/1] <#_b-<#_b / ∅-ˈi / ˈae̯-a / d-d / n-a

-------------------

/bˈae̯n/ - /bˈeːn/
[1/1] <#_b-<#_b / ˈae̯-ˈeː / n_#>-n_#>

-------------------

/bˈaɪ̯æ/ - /bˈɛɪ̯ə/
[1/1] <#_b-<#_b / ˈaɪ̯-ˈɛɪ̯ / æ-ə

-------------------

/bˈaʊ̯k/ - /bˈoːu̯k/
[1/1] <#_b-<#_b / ˈaʊ̯-ˈoːu̯ / k_#>-k_#>

-------------------

/bˈaʊ̯m/ - /bˈoːm/
[1/1] <#_b-<#_b / ˈaʊ̯-ˈoː / m-m

-------------------

/bˈaʊ̯t/ - /bˈoːt/
[1/1] <#_b-<#_b / ˈaʊ̯-ˈoː / t_#>-t_#>

-------------------

/bˈaːd/ - /bˈɛd/
[1/1] <#_b-<#_b / ˈaː-ˈɛ / d_#>-d_#>

-------------------

/bˈaːx/ - /bˈiːrɪx/
[1/1] <#_b-<#_b / ˈaː-ˈiː_r / ∅-ɪ / x-x

-------------------

/bˈiːtn̩/ - /bˈitə/
[1/1] <#_b-<#_b / ˈiː-ˈi / t-t / n_#>-ə_#>

-------------------

/bˈoːæ/ - /bˈɔːr/
[1/1] <#_b-<#_b / ˈoː-ˈɔː / æ_#>-r_#>

-------------------

/bˈɔst/ - /brˈʊst/
[1/1] <#_b-<#_b / ∅-r / ˈɔ-ˈʊ / s_t-s_t

-------------------

/bˈɛːɾæ/ - /bˈeːtər/
[1/1] <#_b-<#_b / ˈɛː_ɾ-ˈeː / ∅-t / ∅-ə / æ_#>-r_#>

-------------------

/bˈɪn̩/ - /bˈiːndə/
[1/1] <#_b-<#_b / ˈɪ-ˈiː / ∅-n / ∅-d / n_#>-ə_#>

-------------------

/bˈɪɾn̩/ - /bˈɪdə/
[1/1] <#_b-<#_b / ˈɪ-ˈɪ / ɾ-d / n_#>-ə_#>

-------------------

/drˈae̯/ - /trˈɛɪ̯/
[1/1] <#_d-<#_t / r-r / ˈae̯-ˈɛɪ̯

-------------------

/drˈaʊ̯m/ - /drˈoːm/
[1/1] <#_d-<#_d / r-r / ˈaʊ̯-ˈoː / m-m

-------------------

/drˈiːm/ - /drˈiːwə/
[1/1] <#_d-<#_d / r-r / ˈiː-ˈiː_w / m_#>-ə_#>

-------------------

/drˈɔʏ̯m/ - /drˈeːmə/
[1/1] <#_d-<#_d / r-r / ˈɔʏ̯-ˈeː / m-m_ə

-------------------

/drˈɔʏ̯ç/ - /drˈuːx/
[1/1] <#_d-<#_d / r-r / ˈɔʏ̯-ˈuː / ç_#>-x_#>

-------------------

/drˈɪŋkn̩/ - /drˈɪŋkə/
[1/1] <#_d-<#_d / r_ˈɪ-r_ˈɪ / ŋ-ŋ / k_n-k_ə

-------------------

/drˈʏtae̯n/ - /trˈɛtin/
[1/1] <#_d-<#_t / r-r / ˈʏ-ˈɛ / t-t / ae̯-i / n_#>-n_#>

-------------------

/dˈae̯f/ - /dˈɛɪ̯f/
[1/1] <#_d-<#_d / ˈae̯-ˈɛɪ̯ / f_#>-f_#>

-------------------

/dˈae̯p/ - /jˈoːp/
[1/1] <#_d-<#_j / ˈae̯-ˈoː / p_#>-p_#>

-------------------

/dˈae̯ç/ - /dˈeː/
[1/1] <#_d-<#_d / ˈae̯-ˈeː / ç-∅

-------------------

/dˈax/ - /dˈaːi̯/
[1/1] <#_d-<#_d / ˈa-∅ / x-ˈaːi̯

-------------------

/dˈaŋkn̩/ - /tˈɔŋkjə/
[1/1] <#_d-<#_t / ˈa-ˈɔ / ŋ-ŋ / ∅-k / k-j / n_#>-ə_#>

-------------------

/dˈaʊ̯d/ - /dˈoːd/
[1/1] <#_d-<#_d / ˈaʊ̯-ˈoː / d_#>-d_#>

-------------------

/dˈiːæt/ - /dˈiːrt/
[1/1] <#_d-<#_d / ˈiː-ˈiː / æ-r / t_#>-t_#>

-------------------

/dˈoːd/ - /dˈoːd/
[1/1] <#_d-<#_d / ˈoː-ˈoː / d_#>-d_#>

-------------------

/dˈuː/ - /dˈuː/
[1/1] <#_d-<#_d / ˈuː-ˈuː

-------------------

/dˈuːf/ - /dˈuːvə/
[1/1] <#_d-<#_d / ˈuː-ˈuː / ∅-v / f-ə

-------------------

/dˈuːm/ - /tˈuːmə/
[1/1] <#_d-<#_t / ˈuː-ˈuː / m-m_ə

-------------------

/dˈuːzn̩d/ - /dˈuːzənd/
[1/1] <#_d-<#_d / ˈuː-ˈuː / ∅-z / z-ə / n-n / d_#>-d_#>

-------------------

/dˈuːæn/ - /tˈoːu̯dən/
[1/1] <#_d-<#_t / ˈuː_æ-ˈoːu̯_d / n-ə / #>-n_#>

-------------------

/dˈyːtʃ/ - /dˈyːtsk/
[1/1] <#_d-<#_d / ˈyː-ˈyː / t-t / ʃ-s_k

-------------------

/dˈyːæ/ - /jˈuːr/
[1/1] <#_d-<#_j / ˈyː-ˈuː / æ_#>-r_#>

-------------------

/dˈœst/ - /tˈɔːrst/
[1/1] <#_d-<#_t / ∅-ˈɔː / ˈœ-r / s_t-s_t

-------------------

/dˈɔxtæ/ - /dˈɔxtər/
[1/1] <#_d-<#_d / ˈɔ-ˈɔ / x-x / t-t_ə / æ_#>-r_#>

-------------------

/dˈɪk/ - /tjˈʊk/
[1/1] <#_d-<#_t / ∅-j / ˈɪ-ˈʊ / k_#>-k_#>

-------------------

/dˈɪŋ/ - /dˈɪŋ/
[1/1] <#_d-<#_d / ˈɪ-ˈɪ / ŋ_#>-ŋ_#>

-------------------

/dˈʊnæ/ - /dˈɔnər/
[1/1] <#_d-<#_d / ˈʊ-ˈɔ / n-n_ə / æ_#>-r_#>

-------------------

/dˈʏn/ - /tˈɛːn/
[1/1] <#_d-<#_t / ˈʏ-ˈɛː / n_#>-n_#>

-------------------

/flˈae̯ç/ - /fljˈoːɣə/
[1/1] <#_f-<#_f / l-l / ˈae̯-j_ˈoː / ç-ɣ_ə

-------------------

/flˈae̯ŋ/ - /fljˈoːɣə/
[1/1] <#_f-<#_f / l-l / ˈae̯-j_ˈoː / ∅-ɣ / ŋ-ə

-------------------

/flˈae̯ʃ/ - /flˈaːsk/
[1/1] <#_f-<#_f / l-l / ˈae̯-ˈaː / ʃ-s_k

-------------------

/frˈaɪ̯æn/ - /frjˈoːzə/
[1/1] <#_f-<#_f / r-r_j / ˈaɪ̯-ˈoː / æ-z / n_#>-ə_#>

-------------------

/frˈiː/ - /frˈɛɪ̯/
[1/1] <#_f-<#_f / r-r / ˈiː-ˈɛɪ̯

-------------------

/frˈɪʃ/ - /frˈɪsk/
[1/1] <#_f-<#_f / r_ˈɪ-r_ˈɪ / ʃ-s_k

-------------------

/frˈʏnd/ - /frˈyːnd/
[1/1] <#_f-<#_f / r-r / ˈʏ-ˈyː / n-n / d_#>-d_#>

-------------------

/fˈaɾæ/ - /fˈɔːr/
[1/1] <#_f-<#_f / ˈa-ˈɔː / ɾ-∅ / æ_#>-r_#>

-------------------

/fˈaʊ̯t/ - /fˈoːu̯t/
[1/1] <#_f-<#_f / ˈaʊ̯-ˈoːu̯ / t_#>-t_#>

-------------------

/fˈiːf/ - /fˈiːw/
[1/1] <#_f-<#_f / ˈiː-ˈiː_w / f-∅

-------------------

/fˈiːæ/ - /fjˈaːu̯ər/
[1/1] <#_f-<#_f / ∅-j / ∅-ˈaːu̯ / ˈiː-ə / æ_#>-r_#>

-------------------

/fˈyːæ/ - /fjˈuːr/
[1/1] <#_f-<#_f / ˈyː-j_ˈuː / æ_#>-r_#>

-------------------

/fˈœːæ/ - /fˈɔːr/
[1/1] <#_f-<#_f / ˈœː-ˈɔː / æ_#>-r_#>

-------------------

/fˈɒːɡl̩/ - /fˈuːɣəl/
[1/1] <#_f-<#_f / ˈɒː-ˈuː / ∅-ɣ / ɡ-ə / l_#>-l_#>

-------------------

/fˈɔlɡn̩/ - /fˈoːu̯lɣjə/
[1/1] <#_f-<#_f / ˈɔ_l-ˈoːu̯_l / ɡ_n-ɣ_j / ∅-ə

-------------------

/fˈɔs/ - /fˈɔːks/
[1/1] <#_f-<#_f / ˈɔ-ˈɔː / s-k_s

-------------------

/fˈɔʏ̯ln̩/ - /fˈɛɪ̯lə/
[1/1] <#_f-<#_f / ˈɔʏ̯-ˈɛɪ̯ / l-l / n_#>-ə_#>

-------------------

/fˈɔʏ̯t/ - /fˈɛɪ̯tə/
[1/1] <#_f-<#_f / ˈɔʏ̯-ˈɛɪ̯ / t-t_ə

-------------------

/fˈɪn̩/ - /fˈiːndə/
[1/1] <#_f-<#_f / ˈɪ-ˈiː / ∅-n / ∅-d / n_#>-ə_#>

-------------------

/fˈɪŋæ/ - /fˈɪŋər/
[1/1] <#_f-<#_f / ˈɪ-ˈɪ / ŋ-ŋ_ə / æ_#>-r_#>

-------------------

/fˈɪʃ/ - /fˈɪsk/
[1/1] <#_f-<#_f / ˈɪ-ˈɪ / ʃ-s_k

-------------------

/fˈʊl/ - /fˈʊl/
[1/1] <#_f-<#_f / ˈʊ-ˈʊ / l_#>-l_#>

-------------------

/hˈae̯t/ - /hˈeːt/
[1/1] <#_h-<#_h / ˈae̯-ˈeː / t_#>-t_#>

-------------------

/hˈalf/ - /hˈoːlv/
[1/1] <#_h-<#_h / ˈa_l-ˈoː_l / f-v

-------------------

/hˈand/ - /hˈoːu̯ndə/
[1/1] <#_h-<#_h / ˈa_n-ˈoːu̯_n / d-d / ∅-ə

-------------------

/hˈaʊ̯x/ - /hˈoːx/
[1/1] <#_h-<#_h / ˈaʊ̯-ˈoː / x-x

-------------------

/hˈaːt/ - /hˈaːt/
[1/1] <#_h-<#_h / ˈaː-ˈaː / t_#>-t_#>

-------------------

/hˈaːtn̩/ - /hˈɔːtjə/
[1/1] <#_h-<#_h / ˈaː-ˈɔː / t-t / ∅-j / n_#>-ə_#>

-------------------

/hˈiːæ/ - /hˈir/
[1/1] <#_h-<#_h / ˈiː-ˈi / æ_#>-r_#>

-------------------

/hˈoːæ/ - /hˈiːr/
[1/1] <#_h-<#_h / ˈoː-ˈiː / æ_#>-r_#>

-------------------

/hˈuːs/ - /hˈuːs/
[1/1] <#_h-<#_h / ˈuː-ˈuː / s_#>-s_#>

-------------------

/hˈuːt/ - /hˈɛɪ̯d/
[1/1] <#_h-<#_h / ˈuː-ˈɛɪ̯ / t_#>-d_#>

-------------------

/hˈuːæn/ - /hˈoːu̯dən/
[1/1] <#_h-<#_h / ˈuː_æ-ˈoːu̯_d / n-ə / #>-n_#>

-------------------

/hˈyːæn/ - /hˈeːrə/
[1/1] <#_h-<#_h / ˈyː-ˈeː / æ-r / n_#>-ə_#>

-------------------

/hˈœft/ - /hˈaːu̯d/
[1/1] <#_h-<#_h / ˈœ-∅ / f-ˈaːu̯ / t_#>-d_#>

-------------------

/hˈɒːs/ - /hˈɔːzə/
[1/1] <#_h-<#_h / ˈɒː-ˈɔː / ∅-z / s-ə

-------------------

/hˈɔnɪç/ - /hˈuːnəx/
[1/1] <#_h-<#_h / ˈɔ-ˈuː / n-n_ə / ɪ-∅ / ç_#>-x_#>

-------------------

/hˈɛbm̩/ - /hˈɛbə/
[1/1] <#_h-<#_h / ˈɛ-ˈɛ / b-b / m_#>-ə_#>

-------------------

/hˈɛlpn̩/ - /hˈɛlpə/
[1/1] <#_h-<#_h / ˈɛ-ˈɛ / l-l / p-p / n_#>-ə_#>

-------------------

/hˈɛn/ - /hˈanə/
[1/1] <#_h-<#_h / ˈɛ-ˈa / ∅-n / n_#>-ə_#>

-------------------

/hˈɪlɪç/ - /hˈɛlɪx/
[1/1] <#_h-<#_h / ˈɪ-ˈɛ / l-l / ɪ-ɪ / ç_#>-x_#>

-------------------

/hˈʊnd/ - /hˈuːnd/
[1/1] <#_h-<#_h / ˈʊ_n-ˈuː / ∅-n / d_#>-d_#>

-------------------

/hˈʊnæt/ - /hˈʊndərt/
[1/1] <#_h-<#_h / ˈʊ-ˈʊ / n-n_d / æ-ə_r / t_#>-t_#>

-------------------

/hˈʊŋæ/ - /hˈʊŋər/
[1/1] <#_h-<#_h / ˈʊ-ˈʊ / ŋ-ŋ_ə / æ_#>-r_#>

-------------------

/jrˈɔʏ̯n/ - /ɣrˈɛɪ̯n/
[1/1] j-ɣ / r-r / ˈɔʏ̯-ˈɛɪ̯ / n_#>-n_#>

-------------------

/jˈae̯st/ - /jˈeːst/
[1/1] <#_j-<#_j / ˈae̯-ˈeː / s_t-s_t

-------------------

/jˈoːæ/ - /jˈiːr/
[1/1] <#_j-<#_j / ˈoː-ˈiː / æ_#>-r_#>

-------------------

/jˈɛl/ - /jˈeːl/
[1/1] <#_j-<#_j / ˈɛ-ˈeː / l_#>-l_#>

-------------------

/jˈɛːbm̩/ - /jˈeːu̯və/
[1/1] <#_j-<#_j / ˈɛː-ˈeːu̯ / b-v / m_#>-ə_#>

-------------------

/jˈʊŋk/ - /jˈʊŋk/
[1/1] <#_j-<#_j / ˈʊ-ˈʊ / ŋ-ŋ / k_#>-k_#>

-------------------

/kʰnˈae̯/ - /knˈibəl/
[1/1] <#_kʰ-<#_k / n-n / ∅-ˈi / ∅-b / ∅-ə / ˈae̯-l

-------------------

/kʰnˈʊt/ - /knˈɛt/
[1/1] <#_kʰ-<#_k / n-n / ˈʊ-ˈɛ / t_#>-t_#>

-------------------

/kʰˈalf/ - /kˈoːləx/
[1/1] <#_kʰ-<#_k / ˈa_l-ˈoː_l / ∅-ə / f-x

-------------------

/kʰˈat/ - /kˈat/
[1/1] <#_kʰ-<#_k / ˈa-ˈa / t_#>-t_#>

-------------------

/kʰˈaʊ̯/ - /kˈu/
[1/1] <#_kʰ-<#_k / ˈaʊ̯-ˈu

-------------------

/kʰˈaʊ̯lt/ - /kˈoːld/
[1/1] <#_kʰ-<#_k / ˈaʊ̯-ˈoː / l-l / t_#>-d_#>

-------------------

/kʰˈyːkn̩/ - /sjˈukən/
[1/1] <#-<#_s / kʰ-j / ˈyː-ˈu / k_n-k_ə / #>-n_#>

-------------------

/kʰˈøːnɪç/ - /kˈœːnɪx/
[1/1] <#_kʰ-<#_k / ˈøː-ˈœː / n-n / ɪ-ɪ / ç_#>-x_#>

-------------------

/kʰˈœːn̩/ - /kˈɔnə/
[1/1] <#_kʰ-<#_k / ∅-ˈɔ / ˈœː-n / n_#>-ə_#>

-------------------

/kʰˈɒːm/ - /kˈuːmə/
[1/1] <#_kʰ-<#_k / ˈɒː-ˈuː / m-m_ə

-------------------

/kʰˈɔp/ - /kˈɔp/
[1/1] <#_kʰ-<#_k / ˈɔ-ˈɔ / p_#>-p_#>

-------------------

/kʰˈɛn̩/ - /kˈanə/
[1/1] <#_kʰ-<#_k / ˈɛ-ˈa / ∅-n / n_#>-ə_#>

-------------------

/kʰˈɛɪ̯s/ - /sˈiːs/
[1/1] <#-<#_s / kʰ-∅ / ˈɛɪ̯-ˈiː / s_#>-s_#>

-------------------

/lˈae̯f/ - /ljˈoːf/
[1/1] <#_l-<#_l / ˈae̯-j_ˈoː / f_#>-f_#>

-------------------

/lˈae̯ŋ/ - /ljˈoːɣə/
[1/1] <#_l-<#_l / ˈae̯-j_ˈoː / ∅-ɣ / ŋ-ə

-------------------

/lˈam/ - /lˈoːu̯m/
[1/1] <#_l-<#_l / ˈa-ˈoːu̯ / m-m

-------------------

/lˈand/ - /lˈoːu̯nd/
[1/1] <#_l-<#_l / ˈa_n-ˈoːu̯_n / d_#>-d_#>

-------------------

/lˈaxn̩/ - /lˈaːxjə/
[1/1] <#_l-<#_l / ˈa-ˈaː / x-x / ∅-j / n_#>-ə_#>

-------------------

/lˈaŋk/ - /lˈɔːŋ/
[1/1] <#_l-<#_l / ˈa-ˈɔː / ŋ-ŋ / k-∅

-------------------

/lˈaʊ̯pn̩/ - /lˈoːpə/
[1/1] <#_l-<#_l / ˈaʊ̯-ˈoː / p-p / n_#>-ə_#>

-------------------

/lˈoːf/ - /lˈoːf/
[1/1] <#_l-<#_l / ˈoː-ˈoː / f_#>-f_#>

-------------------

/lˈuːs/ - /lˈuːs/
[1/1] <#_l-<#_l / ˈuː-ˈuː / s_#>-s_#>

-------------------

/lˈɪç/ - /lˈɪxt/
[1/1] <#_l-<#_l / ˈɪ-ˈɪ / ç-x_t

-------------------

/lˈɪç/ - /lˈʊxt/
[1/1] <#_l-<#_l / ˈɪ-ˈʊ / ç-x_t

-------------------

/lˈɪŋ/ - /lˈɛːzə/
[1/1] <#_l-<#_l / ∅-ˈɛː / ˈɪ-z / ŋ-ə

-------------------

/mˈan/ - /mˈɔn/
[1/1] <#_m-<#_m / ˈa-ˈɔ / n_#>-n_#>

-------------------

/mˈaxt/ - /mˈaxt/
[1/1] <#_m-<#_m / ˈa-ˈa / x-x / t_#>-t_#>

-------------------

/mˈaʊ̯ɾæ/ - /mˈuːr/
[1/1] <#_m-<#_m / ˈaʊ̯_ɾ-ˈuː / æ_#>-r_#>

-------------------

/mˈiː/ - /mˈi/
[1/1] <#_m-<#_m / ˈiː_#>-ˈi_#>

-------------------

/mˈuːs/ - /mˈuːs/
[1/1] <#_m-<#_m / ˈuː-ˈuː / s_#>-s_#>

-------------------

/mˈɒːn/ - /mˈoːu̯nə/
[1/1] <#_m-<#_m / ˈɒː-ˈoːu̯ / ∅-n / n_#>-ə_#>

-------------------

/mˈɒːnd/ - /mˈoːu̯nd/
[1/1] <#_m-<#_m / ˈɒː-ˈoːu̯ / n-n / d_#>-d_#>

-------------------

/mˈɛlk/ - /mˈɔːlk/
[1/1] <#_m-<#_m / ˈɛ-ˈɔː / l-l / k_#>-k_#>

-------------------

/mˈɪnʃ/ - /mˈɔːnskə/
[1/1] <#_m-<#_m / ˈɪ-ˈɔː / n-n / ʃ-s_k / ∅-ə

-------------------

/mˈʊnd/ - /mˈund/
[1/1] <#_m-<#_m / ˈʊ-ˈu / n-n / d_#>-d_#>

-------------------

/mˈʊɾæ/ - /mˈuːr/
[1/1] <#_m-<#_m / ˈʊ-∅ / ɾ-ˈuː / æ_#>-r_#>

-------------------

/mˈʏç/ - /mˈɛːɣə/
[1/1] <#_m-<#_m / ˈʏ-ˈɛː / ç-ɣ_ə

-------------------

/nˈax/ - /nˈɔːxt/
[1/1] <#_n-<#_n / ˈa-ˈɔː / x-x_t

-------------------

/nˈiːç/ - /nˈɛɪ̯/
[1/1] <#_n-<#_n / ˈiː-∅ / ç-ˈɛɪ̯

-------------------

/nˈuːæd/ - /nˈoːu̯d/
[1/1] <#_n-<#_n / ˈuː_æ-ˈoːu̯ / d_#>-d_#>

-------------------

/nˈœːt/ - /nˈuːtə/
[1/1] <#_n-<#_n / ˈœː-ˈuː / t-t_ə

-------------------

/nˈɒːdl̩/ - /nˈɛdəl/
[1/1] <#_n-<#_n / ˈɒː-ˈɛ / d-d / ∅-ə / l_#>-l_#>

-------------------

/nˈɒːkt/ - /nˈɔːkənd/
[1/1] <#_n-<#_n / ˈɒː-ˈɔː / k-k_ə / ∅-n / t_#>-d_#>

-------------------

/nˈɒːm/ - /nˈoːmə/
[1/1] <#_n-<#_n / ˈɒː-ˈoː / m-m_ə

-------------------

/nˈɒːɡl̩/ - /nˈaːi̯l/
[1/1] <#_n-<#_n / ˈɒː-∅ / ɡ-ˈaːi̯ / l_#>-l_#>

-------------------

/nˈɛːs/ - /nˈoːzə/
[1/1] <#_n-<#_n / ∅-ˈoː / ˈɛː-z / s-ə

-------------------

/nˈɛːɣn̩/ - /njˈuːɣən/
[1/1] <#_n-<#_n / ∅-j / ˈɛː-ˈuː / ɣ-ɣ / n-ə / #>-n_#>

-------------------

/pʰlˈaʊ̯ç/ - /plˈoːu̯x/
[1/1] pʰ-p / l_ˈaʊ̯-l_ˈoːu̯ / ç_#>-x_#>

-------------------

/rˈaʊ̯k/ - /rˈoːk/
[1/1] <#_r-<#_r / ˈaʊ̯-ˈoː / k_#>-k_#>

-------------------

/rˈaʊ̯t/ - /rˈoːd/
[1/1] <#_r-<#_r / ˈaʊ̯-ˈoː / t_#>-d_#>

-------------------

/rˈiːk/ - /rˈik/
[1/1] <#_r-<#_r / ˈiː-ˈi / k_#>-k_#>

-------------------

/rˈɛçt/ - /rjˈʊxt/
[1/1] <#_r-<#_r / ∅-j / ˈɛ-ˈʊ / ç-x / t_#>-t_#>

-------------------

/rˈɛŋ/ - /rˈin/
[1/1] <#_r-<#_r / ˈɛ-∅ / ŋ-ˈi / #>-n_#>

-------------------

/rˈɪŋ/ - /rˈɪŋ/
[1/1] <#_r-<#_r / ˈɪ-ˈɪ / ŋ_#>-ŋ_#>

-------------------

/rˈʏç/ - /rˈɛːx/
[1/1] <#_r-<#_r / ˈʏ-ˈɛː / ç_#>-x_#>

-------------------

/sˈʏstæ/ - /sˈʊstər/
[1/1] <#-<#_s / s-∅ / ˈʏ-ˈʊ / s_t-s_t / ∅-ə / æ_#>-r_#>

-------------------

/tʰrˈɒːn/ - /trˈoːnə/
[1/1] <#_tʰ-<#_t / r-r / ˈɒː-ˈoː / ∅-n / n_#>-ə_#>

-------------------

/tʰvˈae̯/ - /tvˈɛɪ̯n/
[1/1] <#_tʰ-<#_t / v-v / ˈae̯-ˈɛɪ̯ / #>-n_#>

-------------------

/tʰvˈœlf/ - /tvˈeːlɪx/
[1/1] <#_tʰ-<#_t / v-v / ˈœ-ˈeː / l-l / ∅-ɪ / f-x

-------------------

/tʰvˈɪntɪç/ - /tvˈɪntɪx/
[1/1] <#_tʰ-<#_t / v-v / ˈɪ-ˈɪ / n-n / t-t / ɪ-ɪ / ç_#>-x_#>

-------------------

/tʰˈae̯kn̩/ - /tˈeːkən/
[1/1] <#_tʰ-<#_t / ˈae̯-ˈeː / k_n-k_ə / #>-n_#>

-------------------

/tʰˈae̯n/ - /tjˈoːn/
[1/1] <#_tʰ-<#_t / ˈae̯-j_ˈoː / n_#>-n_#>

-------------------

/tʰˈeːn/ - /tˈoːnə/
[1/1] <#_tʰ-<#_t / ∅-ˈoː / ˈeː-n / n_#>-ə_#>

-------------------

/tʰˈiːt/ - /tˈiːd/
[1/1] <#_tʰ-<#_t / ˈiː-ˈiː / t_#>-d_#>

-------------------

/tʰˈʊŋ/ - /tˈʊŋə/
[1/1] <#_tʰ-<#_t / ˈʊ-ˈʊ / ŋ-ŋ_ə

-------------------

/vˈae̯k/ - /vˈoːk/
[1/1] <#_v-<#_v / ˈae̯-ˈoː / k_#>-k_#>

-------------------

/vˈae̯tn̩/ - /vˈiːtə/
[1/1] <#_v-<#_v / ˈae̯-ˈiː / t-t / n_#>-ə_#>

-------------------

/vˈat/ - /vˈɛt/
[1/1] <#_v-<#_v / ˈa-ˈɛ / t_#>-t_#>

-------------------

/vˈaːm/ - /vˈoːrm/
[1/1] <#_v-<#_v / ∅-ˈoː / ˈaː-r / m-m

-------------------

/vˈiː/ - /vˈi/
[1/1] <#_v-<#_v / ˈiː_#>-ˈi_#>

-------------------

/vˈiːn/ - /vˈin/
[1/1] <#_v-<#_v / ˈiː-ˈi / n_#>-n_#>

-------------------

/vˈoːæm/ - /vˈʊrm/
[1/1] <#_v-<#_v / ˈoː-ˈʊ / æ_m-r_m

-------------------

/vˈuːæt/ - /vˈoːu̯d/
[1/1] <#_v-<#_v / ˈuː_æ-ˈoːu̯ / t_#>-d_#>

-------------------

/vˈɒːtæ/ - /vˈɔːtər/
[1/1] <#_v-<#_v / ˈɒː-ˈɔː / t-t_ə / æ_#>-r_#>

-------------------

/vˈɛç/ - /vˈaːi̯/
[1/1] <#_v-<#_v / ˈɛ-∅ / ç-ˈaːi̯

-------------------

/vˈɛːk/ - /vˈiːk/
[1/1] <#_v-<#_v / ˈɛː-ˈiː / k_#>-k_#>

-------------------

/vˈɛːɾæ/ - /vˈeːdər/
[1/1] <#_v-<#_v / ˈɛː_ɾ-ˈeː / ∅-d / ∅-ə / æ_#>-r_#>

-------------------

/vˈɪld/ - /vˈiːld/
[1/1] <#_v-<#_v / ˈɪ-ˈiː / l-l / d_#>-d_#>

-------------------

/vˈɪnd/ - /vˈiːnd/
[1/1] <#_v-<#_v / ˈɪ_n-ˈiː_n / d_#>-d_#>

-------------------

/vˈɪntæ/ - /vˈɪntər/
[1/1] <#_v-<#_v / ˈɪ-ˈɪ / n-n / t-t_ə / æ_#>-r_#>

-------------------

/vˈɪt/ - /vˈit/
[1/1] <#_v-<#_v / ˈɪ-ˈi / t_#>-t_#>

-------------------

/vˈʊl/ - /vˈʊlə/
[1/1] <#_v-<#_v / ˈʊ-ˈʊ / l_#>-l_ə_#>

-------------------

/vˈʊlf/ - /vˈʊlf/
[1/1] <#_v-<#_v / ˈʊ_l-ˈʊ_l / f_#>-f_#>

-------------------

/vˈʊnæ/ - /vˈʊndər/
[1/1] <#_v-<#_v / ˈʊ-ˈʊ / n-n_d / ∅-ə / æ_#>-r_#>

-------------------

/vˈʏnʃn̩/ - /vˈɔnskjə/
[1/1] <#_v-<#_v / ˈʏ-ˈɔ / n-n / ʃ-s_k / ∅-j / n_#>-ə_#>

-------------------

/zˈae̯n/ - /sjˈoː/
[1/1] <#_z-<#_s / ˈae̯-j_ˈoː / n-∅

-------------------

/zˈand/ - /sˈoːu̯nd/
[1/1] <#_z-<#_s / ˈa_n-ˈoːu̯_n / d_#>-d_#>

-------------------

/zˈeː/ - /sˈeː/
[1/1] <#_z-<#_s / ˈeː-ˈeː

-------------------

/zˈeːl/ - /sˈeːlə/
[1/1] <#_z-<#_s / ˈeː-ˈeː / l_#>-l_ə_#>

-------------------

/zˈiːt/ - /sˈiːdə/
[1/1] <#_z-<#_s / ˈiː_t-ˈiː_d / ∅-ə

-------------------

/zˈuːæ/ - /sˈuːr/
[1/1] <#_z-<#_s / ˈuː-ˈuː / æ_#>-r_#>

-------------------

/zˈuːɡn̩/ - /sˈøːɣjə/
[1/1] <#_z-<#_s / ˈuː-ˈøː / ɡ_n-ɣ_j / ∅-ə

-------------------

/zˈœs/ - /sˈɛks/
[1/1] <#_z-<#_s / ˈœ-ˈɛ / s-k_s

-------------------

/zˈœːm/ - /sˈoːɣən/
[1/1] <#_z-<#_s / ˈœː-ˈoː / m-ɣ_ə / #>-n_#>

-------------------

/zˈœːn/ - /sˈuːn/
[1/1] <#_z-<#_s / ˈœː-ˈuː / n_#>-n_#>

-------------------

/zˈɔlt/ - /sˈɔːlt/
[1/1] <#_z-<#_s / ˈɔ-ˈɔː / l-l / t_#>-t_#>

-------------------

/zˈɔmæ/ - /sˈuːmər/
[1/1] <#_z-<#_s / ˈɔ-ˈuː / m-m_ə / æ_#>-r_#>

-------------------

/zˈɔʏ̯kn̩/ - /sˈɛɪ̯kə/
[1/1] <#_z-<#_s / ˈɔʏ̯-ˈɛɪ̯ / k_n-k_ə

-------------------

/zˈɔʏ̯t/ - /svˈɛɪ̯t/
[1/1] <#_z-<#_s / ∅-v / ˈɔʏ̯-ˈɛɪ̯ / t_#>-t_#>

-------------------

/zˈɛŋ/ - /sˈɔːɣjə/
[1/1] <#_z-<#_s / ˈɛ-ˈɔː / ∅-ɣ / ∅-j / ŋ-ə

-------------------

/zˈɪtn̩/ - /sˈɪtə/
[1/1] <#_z-<#_s / ˈɪ-ˈɪ / t-t / n_#>-ə_#>

-------------------

/zˈɪŋ/ - /sjˈʊŋə/
[1/1] <#_z-<#_s / ∅-j / ˈɪ-ˈʊ / ŋ-ŋ_ə

-------------------

/zˈʏlm/ - /sˈɛlvən/
[1/1] <#_z-<#_s / ˈʏ-ˈɛ / l_m-l_v / ∅-ə / #>-n_#>

-------------------

/ɡrˈaʊ̯t/ - /ɡrˈoːt/
[1/1] <#_ɡ-<#_ɡ / r-r / ˈaʊ̯-ˈoː / t_#>-t_#>

-------------------

/ɡrˈaːs/ - /ɣˈɛːrs/
[1/1] <#_ɡ-<#_ɣ / r-ˈɛː / ˈaː-r / s_#>-s_#>

-------------------

/ɡˈas/ - /ɣˈaːst/
[1/1] <#_ɡ-<#_ɣ / ˈa-ˈaː / ∅-s / s-t

-------------------

/ɡˈaʊ̯s/ - /ɣˈoːu̯s/
[1/1] <#_ɡ-<#_ɣ / ˈaʊ̯-ˈoːu̯ / s_#>-s_#>

-------------------

/ɡˈaʊ̯t/ - /ɣˈoːu̯d/
[1/1] <#_ɡ-<#_ɣ / ˈaʊ̯-ˈoːu̯ / t_#>-d_#>

-------------------

/ɡˈoːæn/ - /jˈɛɪ̯dən/
[1/1] ɡ-j / ˈoː-ˈɛɪ̯ / æ-d_ə / n_#>-n_#>

-------------------

/ɡˈɒːn/ - /ɡˈʊŋə/
[1/1] <#_ɡ-<#_ɡ / ∅-ˈʊ / ˈɒː-ŋ / n_#>-ə_#>

-------------------

/ɡˈɔld/ - /ɣˈoːu̯ld/
[1/1] <#_ɡ-<#_ɣ / ˈɔ_l-ˈoːu̯_l / d_#>-d_#>

-------------------

/ɡˈɔt/ - /ɣˈɔd/
[1/1] <#_ɡ-<#_ɣ / ˈɔ-ˈɔ / t_#>-d_#>

-------------------

/ʃlˈaŋ/ - /slˈɔːŋə/
[1/1] <#_ʃ-<#_s / l-l / ˈa-ˈɔː / ŋ-ŋ_ə

-------------------

/ʃlˈɒːbm̩/ - /slˈɛɪ̯pə/
[1/1] <#_ʃ-<#_s / l-l / ˈɒː-ˈɛɪ̯ / b-p / m_#>-ə_#>

-------------------

/ʃlˈɒːn/ - /slˈoː/
[1/1] <#_ʃ-<#_s / l-l / ˈɒː_n-ˈoː

-------------------

/ʃnˈae̯/ - /snˈeː/
[1/1] <#_ʃ-<#_s / n-n / ˈae̯-ˈeː

-------------------

/ʃprˈɒːk/ - /sprˈɔːkə/
[1/1] <#_ʃ-<#_s / p-p / r-r / ˈɒː-ˈɔː / k-k_ə

-------------------

/ʃtˈae̯n/ - /stˈeːn/
[1/1] <#_ʃ-<#_s / t-t / ˈae̯-ˈeː / n_#>-n_#>

-------------------

/ʃtˈaʊ̯l/ - /stˈoːu̯l/
[1/1] <#_ʃ-<#_s / t-t / ˈaʊ̯-ˈoːu̯ / l_#>-l_#>

-------------------

/ʃtˈiːæn/ - /stˈiːrn/
[1/1] <#_ʃ-<#_s / t-t / ˈiː-ˈiː / æ-r / n_#>-n_#>

-------------------

/ʃtˈuːæm/ - /stˈɔːrm/
[1/1] <#_ʃ-<#_s / t-t / ˈuː-ˈɔː / æ_m-r_m

-------------------

/ʃwˈae̯t/ - /svˈeːt/
[1/1] <#_ʃ-<#_s / w-v / ˈae̯-ˈeː / t_#>-t_#>

-------------------

/ʃwˈat/ - /svˈɔt/
[1/1] <#_ʃ-<#_s / w-v / ˈa-ˈɔ / t_#>-t_#>

-------------------

/ʃwˈiːn/ - /swˈin/
[1/1] <#_ʃ-<#_s / w-w / ˈiː-ˈi / n_#>-n_#>

-------------------

/ʃwˈɛm/ - /svˈɪmə/
[1/1] <#_ʃ-<#_s / w-v / ˈɛ-ˈɪ / m-m_ə

-------------------

/ʃˈae̯tn̩/ - /skjˈoːtə/
[1/1] <#_ʃ-<#_s / ∅-k / ˈae̯-j_ˈoː / t-t / n_#>-ə_#>

-------------------

/ʃˈaʊ̯/ - /skˈoːu̯/
[1/1] <#_ʃ-<#_s / ∅-k / ˈaʊ̯-ˈoːu̯

-------------------

/ʃˈaːp/ - /skˈɛːrp/
[1/1] <#_ʃ-<#_s / ∅-k / ∅-ˈɛː / ˈaː-r / p_#>-p_#>

-------------------

/ʃˈiːt/ - /skˈit/
[1/1] <#_ʃ-<#_s / ∅-k / ˈiː-ˈi / t_#>-t_#>

-------------------

/ʃˈɒːp/ - /skˈɛɪ̯p/
[1/1] <#_ʃ-<#_s / ∅-k / ˈɒː-ˈɛɪ̯ / p_#>-p_#>

-------------------

/ʃˈɔʏ̯n/ - /skˈeːn/
[1/1] <#_ʃ-<#_s / ∅-k / ˈɔʏ̯-ˈeː / n_#>-n_#>

-------------------

/ʃˈɪld/ - /skˈiːld/
[1/1] <#_ʃ-<#_s / ∅-k / ˈɪ-ˈiː / l-l / d_#>-d_#>

-------------------

/ʃˈɪp/ - /skˈɪp/
[1/1] <#_ʃ-<#_s / ∅-k / ˈɪ-ˈɪ / p_#>-p_#>

-------------------

/ˈae̯k/ - /ˈeːkə/
[1/1] ˈae̯-ˈeː / k-k_ə

-------------------

/ˈae̯n/ - /ˈaːn/
[1/1] ˈae̯-ˈaː / n_#>-n_#>

-------------------

/ˈal/ - /ˈaːl/
[1/1] ˈa-ˈaː / l_#>-l_#>

-------------------

/ˈanæ/ - /ˈuːr/
[1/1] <#_ˈa-<# / n-ˈuː / æ_#>-r_#>

-------------------

/ˈapl̩/ - /ˈapəl/
[1/1] ˈa-ˈa / p-p_ə / l_#>-l_#>

-------------------

/ˈaxt/ - /ˈɔːxtə/
[1/1] ˈa-ˈɔː / x-x / t-t_ə

-------------------

/ˈaʃ/ - /ˈɛːskə/
[1/1] <#_ˈa-<# / ∅-ˈɛː / ʃ-s_k / ∅-ə

-------------------

/ˈaːm/ - /ˈiːrm/
[1/1] ˈaː-ˈiː_r / m-m

-------------------

/ˈiːs/ - /ˈis/
[1/1] ˈiː-ˈi / s_#>-s_#>

-------------------

/ˈiːæ/ - /ˈɛɪ̯də/
[1/1] ˈiː-ˈɛɪ̯ / æ-d_ə

-------------------

/ˈuːl/ - /ˈuːlə/
[1/1] ˈuː-ˈuː / l_#>-l_ə_#>

-------------------

/ˈuːt/ - /ˈuːt/
[1/1] ˈuː-ˈuː / t_#>-t_#>

-------------------

/ˈuːæ/ - /ˈoːr/
[1/1] ˈuː-ˈoː / æ_#>-r_#>

-------------------

/ˈœːvæ/ - /ˈuːr/
[1/1] ˈœː-ˈuː / v-∅ / æ_#>-r_#>

-------------------

/ˈɒːl/ - /ˈɛɪ̯l/
[1/1] ˈɒː-ˈɛɪ̯ / l_#>-l_#>

-------------------

/ˈɒːm/ - /ˈoːu̯ɣənd/
[1/1] ˈɒː-ˈoːu̯ / m-ɣ_ə / ∅-n / ∅-d

-------------------

/ˈɒːp/ - /ˈɔːpə/
[1/1] ˈɒː-ˈɔː / p-p_ə

-------------------

/ˈɔlt/ - /ˈoːld/
[1/1] ˈɔ-ˈoː / l-l / t_#>-d_#>

-------------------

/ˈɛlm/ - /ˈalvən/
[1/1] ˈɛ-ˈa / l_m-l_v / ∅-ə / #>-n_#>

-------------------

/ˈɛːtn̩/ - /ˈitə/
[1/1] ˈɛː-ˈi / t-t / n_#>-ə_#>

-------------------

/ˈɪk/ - /ˈik/
[1/1] ˈɪ-ˈi / k_#>-k_#>

-------------------

/ˈɪm/ - /ˈiːmə/
[1/1] ˈɪ-ˈiː / m-m_ə

-------------------

/ˈɪn/ - /ˈɪn/
[1/1] ˈɪ-ˈɪ / n_#>-n_#>

-------------------

/ˈʊns/ - /ˈuːs/
[1/1] ˈʊ_n-ˈuː / s_#>-s_#>

-------------------

/ˈʊp/ - /ˈap/
[1/1] ˈʊ-ˈa / p_#>-p_#>

-------------------

/ˈʏnæ/ - /ˈʊnər/
[1/1] ˈʏ-ˈʊ / n-n_ə / æ_#>-r_#>

-------------------

