/amoseɣˈaɾ/ - /moseɣˈar/
a_m-m / o-o / s-s / e-e / ɣ-ɣ / ˈa-ˈa / ɾ_#>-r_#>
{0: [0, 1], 1: [2], 2: [3], 3: [4], 4: [5], 5: [6], 6: [7]}
{0: [0], 1: [1], 2: [2], 3: [3], 4: [4], 5: [5], 6: [6]}
SCORE: 36.513

-------------------

/anjˈeʎo/ - /anˈeʎ/
<#_a-<#_a / n-n / j_ˈe-ˈe / ʎ_o_#>-ʎ_#>
{0: [0], 1: [1], 2: [2, 3], 3: [4, 5]}
{0: [0], 1: [1], 2: [2], 3: [3]}
SCORE: 22.49

-------------------

/asentˈaɾ/ - /sˈæwɾɜ/
<#_a-<# / s-s / e-ˈæ / n-∅ / t-∅ / ˈa-w / ɾ-ɾ_ɜ
{0: [0], 1: [1], 2: [2], 3: [3], 4: [4], 5: [5], 6: [6]}
{0: None, 1: [0], 2: [1], 3: None, 4: None, 5: [2], 6: [3, 4]}
SCORE: 2.772

-------------------

/askujtˈaɾ/ - /eskoltˈar/
a-e / s-s / k-k / u-o / j-l / t-t / ˈa-ˈa / ɾ_#>-r_#>
{0: [0], 1: [1], 2: [2], 3: [3], 4: [4], 5: [5], 6: [6], 7: [7]}
{0: [0], 1: [1], 2: [2], 3: [3], 4: [4], 5: [5], 6: [6], 7: [7]}
SCORE: 33.694

-------------------

/aðuʝˈaɾ/ - /aʤuðˈar/
<#_a-<#_a / ð-ʤ / u-u / ʝ-ð / ˈa-ˈa / ɾ_#>-r_#>
{0: [0], 1: [1], 2: [2], 3: [3], 4: [4], 5: [5]}
{0: [0], 1: [1], 2: [2], 3: [3], 4: [4], 5: [5]}
SCORE: 25.785

-------------------

/aðˈuʝo/ - /aʤˈuðo/
<#_a-<#_a / ð-ʤ / ˈu-ˈu / ʝ-ð / o-o
{0: [0], 1: [1], 2: [2], 3: [3], 4: [4]}
{0: [0], 1: [1], 2: [2], 3: [3], 4: [4]}
SCORE: 24.17

-------------------

/aɣˈuʎa/ - /aɣˈuʎɐ/
<#_a-<#_a / ɣ-ɣ / ˈu-ˈu / ʎ-ʎ / a-ɐ
{0: [0], 1: [1], 2: [2], 3: [3], 4: [4]}
{0: [0], 1: [1], 2: [2], 3: [3], 4: [4]}
SCORE: 33.737

-------------------

/aɾʧˈila/ - /arʤˈilɐ/
<#_a-<#_a / ɾ-r / ʧ-ʤ / ˈi-ˈi / l-l / a-ɐ
{0: [0], 1: [1], 2: [2], 3: [3], 4: [4], 5: [5]}
{0: [0], 1: [1], 2: [2], 3: [3], 4: [4], 5: [5]}
SCORE: 36.606

-------------------

/aɾˈajna/ - /aɾˈaɲɐ/
<#_a-<#_a / ɾ-ɾ / ˈa_j-ˈa / n-ɲ / a-ɐ
{0: [0], 1: [1], 2: [2, 3], 3: [4], 4: [5]}
{0: [0], 1: [1], 2: [2], 3: [3], 4: [4]}
SCORE: 21.197

-------------------

/aβˈeʎa/ - /aβˈæʎɜ/
<#_a-<#_a / β-β / ˈe-ˈæ / ʎ-ʎ / a-ɜ
{0: [0], 1: [1], 2: [2], 3: [3], 4: [4]}
{0: [0], 1: [1], 2: [2], 3: [3], 4: [4]}
SCORE: 30.381

-------------------

/benˈiɾ/ - /vˈindɾe/
b-v / e-∅ / n-∅ / ˈi-ˈi / ∅-n / ∅-d / ɾ-ɾ / #>-e_#>
{0: [0], 1: [1], 2: [2], 3: [3], 4: None, 5: None, 6: [4], 7: None}
{0: [0], 1: None, 2: None, 3: [1], 4: [2], 5: [3], 6: [4], 7: [5]}
SCORE: -2.297

-------------------

/beðjˈeʎo/ - /veðˈeʎ/
b-v / e-e / ð-ð / j_ˈe-ˈe / ʎ_o_#>-ʎ_#>
{0: [0], 1: [1], 2: [2], 3: [3, 4], 4: [5, 6]}
{0: [0], 1: [1], 2: [2], 3: [3], 4: [4]}
SCORE: 26.784

-------------------

/beɾɣwˈeɲa/ - /verɡˈoɲɞ/
b-v / e-e / ɾ-r / ∅-ɡ / ɣ-∅ / w_ˈe-ˈo / ɲ-ɲ / a-ɞ
{0: [0], 1: [1], 2: [2], 3: None, 4: [3], 5: [4, 5], 6: [6], 7: [7]}
{0: [0], 1: [1], 2: [2], 3: [3], 4: None, 5: [4], 6: [5], 7: [6]}
SCORE: 18.408

-------------------

/beʝˈeɾ/ - /vˈæwɾɜ/
b-v / e_ʝ-ˈæ / ˈe-w / ɾ-ɾ_ɜ
{0: [0], 1: [1, 2], 2: [3], 3: [4]}
{0: [0], 1: [1], 2: [2], 3: [3, 4]}
SCORE: 13.472

-------------------

/beβˈeɾ/ - /bˈæwɾɜ/
b-b / e-ˈæ / β-w / ˈe_ɾ-ɾ_ɜ
{0: [0], 1: [1], 2: [2], 3: [3, 4]}
{0: [0], 1: [1], 2: [2], 3: [3, 4]}
SCORE: 14.708

-------------------

/beθˈino/ - /veˈi/
b-v / e-e / θ-∅ / ˈi_n_o_#>-ˈi_#>
{0: [0], 1: [1], 2: [2], 3: [3, 4, 5]}
{0: [0], 1: [1], 2: None, 3: [2]}
SCORE: 11.906

-------------------

/biʎˈano/ - /vilˈa/
b-v / i-i / ʎ-l / ˈa_n_o_#>-ˈa_#>
{0: [0], 1: [1], 2: [2], 3: [3, 4, 5]}
{0: [0], 1: [1], 2: [2], 3: [3]}
SCORE: 17.915

-------------------

/bjˈen/ - /bˈe/
b-b / j_ˈe-ˈe / n_#>-#>
{0: [0], 1: [1, 2], 2: [3]}
{0: [0], 1: [1], 2: None}
SCORE: 10.591

-------------------

/bjˈeŋɡo/ - /vˈiŋk/
b-v / j-ˈi / ˈe-∅ / ŋ-ŋ / ɡ-k / o_#>-#>
{0: [0], 1: [1], 2: [2], 3: [3], 4: [4], 5: [5]}
{0: [0], 1: [1], 2: None, 3: [2], 4: [3], 5: None}
SCORE: 15.424

-------------------

/bjˈeɾmen/ - /vˈærm/
b-v / j_ˈe-ˈæ / ɾ_m-r_m / e-∅ / n_#>-#>
{0: [0], 1: [1, 2], 2: [3, 4], 3: [5], 4: [6]}
{0: [0], 1: [1], 2: [2, 3], 3: None, 4: None}
SCORE: 14.229

-------------------

/bjˈeʎo/ - /vˈeʎ/
b-v / j_ˈe-ˈe / ʎ_o_#>-ʎ_#>
{0: [0], 1: [1, 2], 2: [3, 4]}
{0: [0], 1: [1], 2: [2]}
SCORE: 16.043

-------------------

/blˈaŋko/ - /blˈaŋk/
b-b / l-l / ˈa-ˈa / ŋ-ŋ / k-k / o_#>-#>
{0: [0], 1: [1], 2: [2], 3: [3], 4: [4], 5: [5]}
{0: [0], 1: [1], 2: [2], 3: [3], 4: [4], 5: None}
SCORE: 30.113

-------------------

/bolˈaɾ/ - /volˈar/
b-v / o-o / l-l / ˈa-ˈa / ɾ_#>-r_#>
{0: [0], 1: [1], 2: [2], 3: [3], 4: [4]}
{0: [0], 1: [1], 2: [2], 3: [3], 4: [4]}
SCORE: 26.773

-------------------

/busˈatɾos/ - /vozˈaltɾes/
b-v / u-o / s-z / ˈa-ˈa_l / t-t / ɾ_o-ɾ_e / s_#>-s_#>
{0: [0], 1: [1], 2: [2], 3: [3], 4: [4], 5: [5, 6], 6: [7]}
{0: [0], 1: [1], 2: [2], 3: [3, 4], 4: [5], 5: [6, 7], 6: [8]}
SCORE: 37.585

-------------------

/bwˈe/ - /bˈɒw/
b-b / w-ˈɒ / ˈe-w
{0: [0], 1: [1], 2: [2]}
{0: [0], 1: [1], 2: [2]}
SCORE: 16.221

-------------------

/bwˈelo/ - /vˈɒl/
b-v / w_ˈe-ˈɒ / l_o_#>-l_#>
{0: [0], 1: [1, 2], 2: [3, 4]}
{0: [0], 1: [1], 2: [2]}
SCORE: 16.66

-------------------

/bwˈena/ - /bˈɒnɞ/
b-b / w_ˈe-ˈɒ / n-n / a-ɞ
{0: [0], 1: [1, 2], 2: [3], 3: [4]}
{0: [0], 1: [1], 2: [2], 3: [3]}
SCORE: 21.93

-------------------

/bwˈenas/ - /bˈɒnes/
b-b / w_ˈe-ˈɒ / n_a-n_e / s_#>-s_#>
{0: [0], 1: [1, 2], 2: [3, 4], 3: [5]}
{0: [0], 1: [1], 2: [2, 3], 3: [4]}
SCORE: 26.426

-------------------

/bwˈeno/ - /bˈɒ/
b-b / w_ˈe-ˈɒ / n_o_#>-#>
{0: [0], 1: [1, 2], 2: [3, 4]}
{0: [0], 1: [1], 2: None}
SCORE: 8.747

-------------------

/bwˈenos/ - /bˈɒns/
b-b / w_ˈe-ˈɒ / n-n / o-∅ / s_#>-s_#>
{0: [0], 1: [1, 2], 2: [3], 3: [4], 4: [5]}
{0: [0], 1: [1], 2: [2], 3: None, 4: [3]}
SCORE: 18.792

-------------------

/bˈaka/ - /vˈakɐ/
b-v / ˈa-ˈa / k-k / a-ɐ
{0: [0], 1: [1], 2: [2], 3: [3]}
{0: [0], 1: [1], 2: [2], 3: [3]}
SCORE: 23.288

-------------------

/bˈaɲo/ - /bˈaɲ/
b_ˈa-b_ˈa / ɲ-ɲ / o_#>-#>
{0: [0, 1], 1: [2], 2: [3]}
{0: [0, 1], 1: [2], 2: None}
SCORE: 21.052

-------------------

/bˈaʃo/ - /bˈaʃ/
b_ˈa-b_ˈa / ʃ-ʃ / o_#>-#>
{0: [0, 1], 1: [2], 2: [3]}
{0: [0, 1], 1: [2], 2: None}
SCORE: 21.913

-------------------

/bˈente/ - /vˈin/
b-v / ˈe-ˈi / n-n / t-∅ / e_#>-#>
{0: [0], 1: [1], 2: [2], 3: [3], 4: [4]}
{0: [0], 1: [1], 2: [2], 3: None, 4: None}
SCORE: 8.866

-------------------

/bˈeɾðe/ - /vˈært/
b-v / ˈe-ˈæ / ɾ-r / ð-t / e_#>-#>
{0: [0], 1: [1], 2: [2], 3: [3], 4: [4]}
{0: [0], 1: [1], 2: [2], 3: [3], 4: None}
SCORE: 16.439

-------------------

/bˈia/ - /vˈiɐ/
b-v / ˈi-ˈi / a-ɐ
{0: [0], 1: [1], 2: [2]}
{0: [0], 1: [1], 2: [2]}
SCORE: 19.377

-------------------

/bˈino/ - /vˈi/
b-v / ˈi_n_o_#>-ˈi_#>
{0: [0], 1: [1, 2, 3]}
{0: [0], 1: [1]}
SCORE: 12.521

-------------------

/bˈiða/ - /vˈiðɐ/
b-v / ˈi-ˈi / ð-ð / a-ɐ
{0: [0], 1: [1], 2: [2], 3: [3]}
{0: [0], 1: [1], 2: [2], 3: [3]}
SCORE: 25.733

-------------------

/bˈiʎa/ - /vˈilɐ/
b-v / ˈi-ˈi / ʎ-l / a-ɐ
{0: [0], 1: [1], 2: [2], 3: [3]}
{0: [0], 1: [1], 2: [2], 3: [3]}
SCORE: 20.607

-------------------

/bˈoka/ - /bˈokɞ/
b-b / ˈo-ˈo / k-k / a-ɞ
{0: [0], 1: [1], 2: [2], 3: [3]}
{0: [0], 1: [1], 2: [2], 3: [3]}
SCORE: 24.521

-------------------

/bˈoθ/ - /vˈæw/
b-v / ∅-ˈæ / ˈo-∅ / θ_#>-w_#>
{0: [0], 1: None, 2: [1], 3: [2]}
{0: [0], 1: [1], 2: None, 3: [2]}
SCORE: 0.539

-------------------

/deŋɡˈuno/ - /niŋɡˈu/
d-∅ / e-n / ∅-i / ŋ-ŋ / ɡ-ɡ / ˈu-ˈu / n_o_#>-#>
{0: [0], 1: [1], 2: None, 3: [2], 4: [3], 5: [4], 6: [5, 6]}
{0: None, 1: [0], 2: [1], 3: [2], 4: [3], 5: [4], 6: None}
SCORE: 9.528

-------------------

/deθˈiɾ/ - /dˈir/
d-d / e-∅ / θ-∅ / ˈi-ˈi / ɾ_#>-r_#>
{0: [0], 1: [1], 2: [2], 3: [3], 4: [4]}
{0: [0], 1: None, 2: None, 3: [1], 4: [2]}
SCORE: 11.622

-------------------

/djˈen/ - /dˈent/
d-d / j_ˈe-ˈe / n-n / #>-t_#>
{0: [0], 1: [1, 2], 2: [3], 3: None}
{0: [0], 1: [1], 2: [2], 3: [3]}
SCORE: 16.645

-------------------

/djˈeθ/ - /dˈæw/
d-d / j-ˈæ / ˈe_θ-w
{0: [0], 1: [1], 2: [2, 3]}
{0: [0], 1: [1], 2: [2]}
SCORE: 17.769

-------------------

/djˈos/ - /dˈew/
d-d / j-ˈe / ˈo-∅ / s-∅ / #>-w_#>
{0: [0], 1: [1], 2: [2], 3: [3], 4: None}
{0: [0], 1: [1], 2: None, 3: None, 4: [2]}
SCORE: 4.837

-------------------

/doɾmˈiɾ/ - /dormˈir/
d-d / o-o / ɾ_m-r_m / ˈi-ˈi / ɾ_#>-r_#>
{0: [0], 1: [1], 2: [2, 3], 3: [4], 4: [5]}
{0: [0], 1: [1], 2: [2, 3], 3: [4], 4: [5]}
SCORE: 35.667

-------------------

/dɾaɣˈon/ - /dɾaɣˈo/
d-d / ɾ-ɾ / a-a / ɣ-ɣ / ˈo_n_#>-ˈo_#>
{0: [0], 1: [1], 2: [2], 3: [3], 4: [4, 5]}
{0: [0], 1: [1], 2: [2], 3: [3], 4: [4]}
SCORE: 31.665

-------------------

/dˈaɾ/ - /dˈar/
d-d / ˈa-ˈa / ɾ_#>-r_#>
{0: [0], 1: [1], 2: [2]}
{0: [0], 1: [1], 2: [2]}
SCORE: 20.621

-------------------

/dˈia/ - /dˈiɐ/
d-d / ˈi-ˈi / a-ɐ
{0: [0], 1: [1], 2: [2]}
{0: [0], 1: [1], 2: [2]}
SCORE: 21.406

-------------------

/dˈiðo/ - /dˈit/
d-d / ˈi-ˈi / ð_o-t
{0: [0], 1: [1], 2: [2, 3]}
{0: [0], 1: [1], 2: [2]}
SCORE: 18.256

-------------------

/dˈiɣo/ - /dˈik/
d-d / ˈi-ˈi / ɣ_o_#>-k_#>
{0: [0], 1: [1], 2: [2, 3]}
{0: [0], 1: [1], 2: [2]}
SCORE: 20.584

-------------------

/dˈon/ - /dˈo/
d-d / ˈo_n_#>-ˈo_#>
{0: [0], 1: [1, 2]}
{0: [0], 1: [1]}
SCORE: 16.812

-------------------

/dˈos/ - /dˈos/
d-d / ˈo-ˈo / s_#>-s_#>
{0: [0], 1: [1], 2: [2]}
{0: [0], 1: [1], 2: [2]}
SCORE: 22.726

-------------------

/dˈoθe/ - /dˈozɞ/
d-d / ˈo-ˈo / ∅-z / θ-∅ / e-ɞ
{0: [0], 1: [1], 2: None, 3: [2], 4: [3]}
{0: [0], 1: [1], 2: [2], 3: None, 4: [3]}
SCORE: 7.899

-------------------

/dˈulθe/ - /dˈols/
d-d / ˈu-ˈo / l-l / θ-s / e_#>-#>
{0: [0], 1: [1], 2: [2], 3: [3], 4: [4]}
{0: [0], 1: [1], 2: [2], 3: [3], 4: None}
SCORE: 22.126

-------------------

/eskɾiβˈiɾ/ - /eskɾˈiwɾe/
<#_e-<#_e / s-s / k_ɾ-k_ɾ / i-∅ / β-∅ / ˈi-ˈi / ∅-w / ɾ-ɾ / #>-e_#>
{0: [0], 1: [1], 2: [2, 3], 3: [4], 4: [5], 5: [6], 6: None, 7: [7], 8: None}
{0: [0], 1: [1], 2: [2, 3], 3: None, 4: None, 5: [4], 6: [5], 7: [6], 8: [7]}
SCORE: 19.23

-------------------

/espˈaða/ - /espˈazɐ/
<#_e-<#_e / s-s / p-p / ˈa-ˈa / ∅-z / ð-∅ / a-ɐ
{0: [0], 1: [1], 2: [2], 3: [3], 4: None, 5: [4], 6: [5]}
{0: [0], 1: [1], 2: [2], 3: [3], 4: [4], 5: None, 6: [5]}
SCORE: 20.041

-------------------

/espˈaɲa/ - /espˈaɲɐ/
<#_e-<#_e / s-s / p-p / ˈa-ˈa / ɲ-ɲ / a-ɐ
{0: [0], 1: [1], 2: [2], 3: [3], 4: [4], 5: [5]}
{0: [0], 1: [1], 2: [2], 3: [3], 4: [4], 5: [5]}
SCORE: 37.343

-------------------

/espˈina/ - /espˈinɐ/
<#_e-<#_e / s-s / p-p / ˈi-ˈi / n-n / a-ɐ
{0: [0], 1: [1], 2: [2], 3: [3], 4: [4], 5: [5]}
{0: [0], 1: [1], 2: [2], 3: [3], 4: [4], 5: [5]}
SCORE: 35.646

-------------------

/espˈiɣa/ - /espˈiɣɐ/
<#_e-<#_e / s-s / p-p / ˈi-ˈi / ɣ-ɣ / a-ɐ
{0: [0], 1: [1], 2: [2], 3: [3], 4: [4], 5: [5]}
{0: [0], 1: [1], 2: [2], 3: [3], 4: [4], 5: [5]}
SCORE: 37.989

-------------------

/estɾˈela/ - /estɾˈeʎɜ/
<#_e-<#_e / s-s / t-t / ɾ_ˈe-ɾ_ˈe / l-ʎ / a-ɜ
{0: [0], 1: [1], 2: [2], 3: [3, 4], 4: [5], 5: [6]}
{0: [0], 1: [1], 2: [2], 3: [3, 4], 4: [5], 5: [6]}
SCORE: 37.44

-------------------

/estˈaw/ - /estˈat/
<#_e-<#_e / s-s / t-t / ˈa-ˈa / ∅-t / w_#>-#>
{0: [0], 1: [1], 2: [2], 3: [3], 4: None, 5: [4]}
{0: [0], 1: [1], 2: [2], 3: [3], 4: [4], 5: None}
SCORE: 17.935

-------------------

/estˈiw/ - /estˈiw/
<#_e-<#_e / s-s / t-t / ˈi-ˈi / w_#>-w_#>
{0: [0], 1: [1], 2: [2], 3: [3], 4: [4]}
{0: [0], 1: [1], 2: [2], 3: [3], 4: [4]}
SCORE: 31.726

-------------------

/faɾˈina/ - /faɾˈinɐ/
f-f / a-a / ɾ-ɾ / ˈi-ˈi / n-n / a-ɐ
{0: [0], 1: [1], 2: [2], 3: [3], 4: [4], 5: [5]}
{0: [0], 1: [1], 2: [2], 3: [3], 4: [4], 5: [5]}
SCORE: 33.254

-------------------

/fjˈero/ - /fˈæro/
f-f / j_ˈe-ˈæ / r-r / o-o
{0: [0], 1: [1, 2], 2: [3], 3: [4]}
{0: [0], 1: [1], 2: [2], 3: [3]}
SCORE: 21.177

-------------------

/fjˈesta/ - /fˈestɜ/
f-f / j_ˈe-ˈe / s-s / t-t / a-ɜ
{0: [0], 1: [1, 2], 2: [3], 3: [4], 4: [5]}
{0: [0], 1: [1], 2: [2], 3: [3], 4: [4]}
SCORE: 27.141

-------------------

/flˈama/ - /flˈamɐ/
f-f / l-l / ˈa-ˈa / m-m / a-ɐ
{0: [0], 1: [1], 2: [2], 3: [3], 4: [4]}
{0: [0], 1: [1], 2: [2], 3: [3], 4: [4]}
SCORE: 30.121

-------------------

/flˈoɾ/ - /flˈɒr/
f-f / l-l / ˈo-ˈɒ / ɾ_#>-r_#>
{0: [0], 1: [1], 2: [2], 3: [3]}
{0: [0], 1: [1], 2: [2], 3: [3]}
SCORE: 24.445

-------------------

/fwˈeɣo/ - /fˈɒk/
f-f / w_ˈe-ˈɒ / ɣ_o_#>-k_#>
{0: [0], 1: [1, 2], 2: [3, 4]}
{0: [0], 1: [1], 2: [2]}
SCORE: 17.457

-------------------

/fwˈeɾte/ - /fˈɒrt/
f-f / w_ˈe-ˈɒ / ɾ-r / t-t / e_#>-#>
{0: [0], 1: [1, 2], 2: [3], 3: [4], 4: [5]}
{0: [0], 1: [1], 2: [2], 3: [3], 4: None}
SCORE: 20.414

-------------------

/fwˈeɾθa/ - /fˈɒrsɞ/
f-f / w_ˈe-ˈɒ / ɾ-r / θ-s / a-ɞ
{0: [0], 1: [1, 2], 2: [3], 3: [4], 4: [5]}
{0: [0], 1: [1], 2: [2], 3: [3], 4: [4]}
SCORE: 25.542

-------------------

/fwˈeʎa/ - /fˈuʎɐ/
f-f / w-ˈu / ˈe_ʎ-ʎ / a-ɐ
{0: [0], 1: [1], 2: [2, 3], 3: [4]}
{0: [0], 1: [1], 2: [2], 3: [3]}
SCORE: 18.324

-------------------

/fɾˈeðo/ - /fɾˈæt/
f-f / ɾ_ˈe-ɾ_ˈæ / ð_o-t
{0: [0], 1: [1, 2], 2: [3, 4]}
{0: [0], 1: [1, 2], 2: [3]}
SCORE: 20.893

-------------------

/fɾˈujto/ - /fɾˈujt/
f-f / ɾ-ɾ / ˈu-ˈu / j-j / t-t / o_#>-#>
{0: [0], 1: [1], 2: [2], 3: [3], 4: [4], 5: [5]}
{0: [0], 1: [1], 2: [2], 3: [3], 4: [4], 5: None}
SCORE: 28.241

-------------------

/fˈalso/ - /fˈals/
f-f / ˈa-ˈa / l-l / s-s / o_#>-#>
{0: [0], 1: [1], 2: [2], 3: [3], 4: [4]}
{0: [0], 1: [1], 2: [2], 3: [3], 4: None}
SCORE: 22.642

-------------------

/fˈambɾe/ - /fˈam/
f-f / ˈa-ˈa / m-m / b_ɾ_e_#>-#>
{0: [0], 1: [1], 2: [2], 3: [3, 4, 5]}
{0: [0], 1: [1], 2: [2], 3: None}
SCORE: 14.54

-------------------

/fˈaða/ - /fˈaðɐ/
f-f / ˈa-ˈa / ð-ð / a-ɐ
{0: [0], 1: [1], 2: [2], 3: [3]}
{0: [0], 1: [1], 2: [2], 3: [3]}
SCORE: 26.099

-------------------

/fˈembɾa/ - /fˈæmbrɜ/
f-f / ˈe-ˈæ / m-m / b-b / ɾ-r / a-ɜ
{0: [0], 1: [1], 2: [2], 3: [3], 4: [4], 5: [5]}
{0: [0], 1: [1], 2: [2], 3: [3], 4: [4], 5: [5]}
SCORE: 33.61

-------------------

/fˈeɾ/ - /fˈer/
f-f / ˈe-ˈe / ɾ_#>-r_#>
{0: [0], 1: [1], 2: [2]}
{0: [0], 1: [1], 2: [2]}
SCORE: 19.504

-------------------

/fˈilo/ - /fˈil/
f-f / ˈi-ˈi / l_o_#>-l_#>
{0: [0], 1: [1], 2: [2, 3]}
{0: [0], 1: [1], 2: [2]}
SCORE: 20.491

-------------------

/fˈin/ - /fˈi/
f-f / ˈi-ˈi / n_#>-#>
{0: [0], 1: [1], 2: [2]}
{0: [0], 1: [1], 2: None}
SCORE: 13.875

-------------------

/fˈino/ - /fˈi/
f-f / ˈi_n_o_#>-ˈi_#>
{0: [0], 1: [1, 2, 3]}
{0: [0], 1: [1]}
SCORE: 13.888

-------------------

/fˈiʎa/ - /fˈiʎɐ/
f-f / ˈi-ˈi / ʎ-ʎ / a-ɐ
{0: [0], 1: [1], 2: [2], 3: [3]}
{0: [0], 1: [1], 2: [2], 3: [3]}
SCORE: 25.83

-------------------

/fˈiʎo/ - /fˈiʎ/
f-f / ˈi-ˈi / ʎ_o_#>-ʎ_#>
{0: [0], 1: [1], 2: [2, 3]}
{0: [0], 1: [1], 2: [2]}
SCORE: 20.101

-------------------

/fˈoj/ - /fˈaʧ/
f-f / ˈo-∅ / j-ˈa / ∅-ʧ
{0: [0], 1: [1], 2: [2], 3: None}
{0: [0], 1: None, 2: [1], 3: [2]}
SCORE: 1.151

-------------------

/fˈumo/ - /fˈum/
f-f / ˈu-ˈu / m-m / o_#>-#>
{0: [0], 1: [1], 2: [2], 3: [3]}
{0: [0], 1: [1], 2: [2], 3: None}
SCORE: 20.498

-------------------

/iɣwˈal/ - /iɣwˈal/
i-i / ɣ-ɣ / w_ˈa-w_ˈa / l-l
{0: [0], 1: [1], 2: [2, 3], 3: [4]}
{0: [0], 1: [1], 2: [2, 3], 3: [4]}
SCORE: 34.087

-------------------

/iβjˈeɾno/ - /ivˈærn/
i-i / β-v / j_ˈe-ˈæ / ɾ-r / n-n / o_#>-#>
{0: [0], 1: [1], 2: [2, 3], 3: [4], 4: [5], 5: [6]}
{0: [0], 1: [1], 2: [2], 3: [3], 4: [4], 5: None}
SCORE: 23.554

-------------------

/kambjˈaɾ/ - /kamvjˈar/
k-k / a_m-a_m / b-v / j-j / ˈa-ˈa / ɾ_#>-r_#>
{0: [0], 1: [1, 2], 2: [3], 3: [4], 4: [5], 5: [6]}
{0: [0], 1: [1, 2], 2: [3], 3: [4], 4: [5], 5: [6]}
SCORE: 39.272

-------------------

/kantˈaɾ/ - /kantˈar/
k-k / a-a / n-n / t-t / ˈa-ˈa / ɾ_#>-r_#>
{0: [0], 1: [1], 2: [2], 3: [3], 4: [4], 5: [5]}
{0: [0], 1: [1], 2: [2], 3: [3], 4: [4], 5: [5]}
SCORE: 32.212

-------------------

/kastjˈeʎo/ - /kastˈeʎ/
k-k / a-a / s-s / t-t / j_ˈe-ˈe / ʎ_o_#>-ʎ_#>
{0: [0], 1: [1], 2: [2], 3: [3], 4: [4, 5], 5: [6, 7]}
{0: [0], 1: [1], 2: [2], 3: [3], 4: [4], 5: [5]}
SCORE: 29.641

-------------------

/kaðˈena/ - /kaðˈænɜ/
k-k / a-a / ð_ˈe-ð_ˈæ / n-n / a-ɜ
{0: [0], 1: [1], 2: [2, 3], 3: [4], 4: [5]}
{0: [0], 1: [1], 2: [2, 3], 3: [4], 4: [5]}
SCORE: 33.489

-------------------

/kaβˈaʎo/ - /kavˈaʎ/
k-k / a-a / β-v / ˈa-ˈa / ʎ_o_#>-ʎ_#>
{0: [0], 1: [1], 2: [2], 3: [3], 4: [4, 5]}
{0: [0], 1: [1], 2: [2], 3: [3], 4: [4]}
SCORE: 25.804

-------------------

/kaβˈeʎo/ - /kaβˈæʎ/
k-k / a-a / β-β / ˈe-ˈæ / ʎ_o_#>-ʎ_#>
{0: [0], 1: [1], 2: [2], 3: [3], 4: [4, 5]}
{0: [0], 1: [1], 2: [2], 3: [3], 4: [4]}
SCORE: 27.318

-------------------

/kaθˈaɾ/ - /kasˈar/
k-k / a-a / θ-s / ˈa-ˈa / ɾ_#>-r_#>
{0: [0], 1: [1], 2: [2], 3: [3], 4: [4]}
{0: [0], 1: [1], 2: [2], 3: [3], 4: [4]}
SCORE: 26.703

-------------------

/klamˈaɾ/ - /klamˈar/
k-k / l-l / a_m-a_m / ˈa-ˈa / ɾ_#>-r_#>
{0: [0], 1: [1], 2: [2, 3], 3: [4], 4: [5]}
{0: [0], 1: [1], 2: [2, 3], 3: [4], 4: [5]}
SCORE: 34.371

-------------------

/klˈaw/ - /klˈaw/
k-k / l-l / ˈa-ˈa / w_#>-w_#>
{0: [0], 1: [1], 2: [2], 3: [3]}
{0: [0], 1: [1], 2: [2], 3: [3]}
SCORE: 24.638

-------------------

/kolˈoɾ/ - /kolˈor/
k-k / o-o / l-l / ˈo-ˈo / ɾ_#>-r_#>
{0: [0], 1: [1], 2: [2], 3: [3], 4: [4]}
{0: [0], 1: [1], 2: [2], 3: [3], 4: [4]}
SCORE: 27.746

-------------------

/konojʃˈeɾ/ - /konˈæʃer/
k-k / o-o / n-n / o-∅ / j-ˈæ / ʃ-ʃ / ˈe-e / ɾ_#>-r_#>
{0: [0], 1: [1], 2: [2], 3: [3], 4: [4], 5: [5], 6: [6], 7: [7]}
{0: [0], 1: [1], 2: [2], 3: None, 4: [3], 5: [4], 6: [5], 7: [6]}
SCORE: 29.131

-------------------

/kwˈatɾo/ - /kwˈatɾe/
k-k / w_ˈa-w_ˈa / t-t / ɾ_o-ɾ_e
{0: [0], 1: [1, 2], 2: [3], 3: [4, 5]}
{0: [0], 1: [1, 2], 2: [3], 3: [4, 5]}
SCORE: 30.944

-------------------

/kwˈeɾno/ - /kˈɒrn/
k-k / w_ˈe-ˈɒ / ɾ-r / n-n / o_#>-#>
{0: [0], 1: [1, 2], 2: [3], 3: [4], 4: [5]}
{0: [0], 1: [1], 2: [2], 3: [3], 4: None}
SCORE: 19.049

-------------------

/kwˈeɾpo/ - /kˈɒs/
k-k / w_ˈe-ˈɒ / ɾ-∅ / p-∅ / o-s
{0: [0], 1: [1, 2], 2: [3], 3: [4], 4: [5]}
{0: [0], 1: [1], 2: None, 3: None, 4: [2]}
SCORE: -0.726

-------------------

/kwˈeʎo/ - /kˈɒʎ/
k-k / w_ˈe-ˈɒ / ʎ_o_#>-ʎ_#>
{0: [0], 1: [1, 2], 2: [3, 4]}
{0: [0], 1: [1], 2: [2]}
SCORE: 16.424

-------------------

/kɾemˈaɾ/ - /kɾemˈar/
k_ɾ-k_ɾ / e-e / m-m / ˈa-ˈa / ɾ_#>-r_#>
{0: [0, 1], 1: [2], 2: [3], 3: [4], 4: [5]}
{0: [0, 1], 1: [2], 2: [3], 3: [4], 4: [5]}
SCORE: 34.211

-------------------

/kɾeʝˈeɾ/ - /kɾˈæwɾɜ/
k_ɾ-k_ɾ / e_ʝ-ˈæ / ˈe-w / ɾ-ɾ_ɜ
{0: [0, 1], 1: [2, 3], 2: [4], 3: [5]}
{0: [0, 1], 1: [2], 2: [3], 3: [4, 5]}
SCORE: 19.041

-------------------

/kɾˈaβa/ - /kˈaβɾɐ/
k_ɾ-k / ˈa-ˈa / β-β / ∅-ɾ / a-ɐ
{0: [0, 1], 1: [2], 2: [3], 3: None, 4: [4]}
{0: [0], 1: [1], 2: [2], 3: [3], 4: [4]}
SCORE: 17.309

-------------------

/kɾˈuθ/ - /kɾˈæw/
k-k / ɾ-ɾ_ˈæ / ˈu-∅ / θ_#>-w_#>
{0: [0], 1: [1], 2: [2], 3: [3]}
{0: [0], 1: [1, 2], 2: None, 3: [3]}
SCORE: 8.343

-------------------

/kˈaldo/ - /kˈalt/
k-k / ˈa-ˈa / l-l / ∅-t / d-∅ / o_#>-#>
{0: [0], 1: [1], 2: [2], 3: None, 4: [3], 5: [4]}
{0: [0], 1: [1], 2: [2], 3: [3], 4: None, 5: None}
SCORE: 6.848

-------------------

/kˈambɾa/ - /kˈambɾɐ/
k-k / ˈa-ˈa / m-m / b-b / ɾ-ɾ / a-ɐ
{0: [0], 1: [1], 2: [2], 3: [3], 4: [4], 5: [5]}
{0: [0], 1: [1], 2: [2], 3: [3], 4: [4], 5: [5]}
SCORE: 33.526

-------------------

/kˈan/ - /kˈa/
k-k / ˈa_n_#>-ˈa_#>
{0: [0], 1: [1, 2]}
{0: [0], 1: [1]}
SCORE: 14.634

-------------------

/kˈanto/ - /kˈant/
k-k / ˈa-ˈa / n-n / t-t / o_#>-#>
{0: [0], 1: [1], 2: [2], 3: [3], 4: [4]}
{0: [0], 1: [1], 2: [2], 3: [3], 4: None}
SCORE: 21.493

-------------------

/kˈasa/ - /kˈazɐ/
k-k / ˈa-ˈa / s-z / a-ɐ
{0: [0], 1: [1], 2: [2], 3: [3]}
{0: [0], 1: [1], 2: [2], 3: [3]}
SCORE: 23.123

-------------------

/kˈaɾne/ - /kˈarn/
k-k / ˈa-ˈa / ɾ-r / n-n / e_#>-#>
{0: [0], 1: [1], 2: [2], 3: [3], 4: [4]}
{0: [0], 1: [1], 2: [2], 3: [3], 4: None}
SCORE: 20.512

-------------------

/kˈaɾo/ - /kˈar/
k-k / ˈa-ˈa / ɾ-r / o_#>-#>
{0: [0], 1: [1], 2: [2], 3: [3]}
{0: [0], 1: [1], 2: [2], 3: None}
SCORE: 15.909

-------------------

/kˈaβo/ - /kˈap/
k-k / ˈa-ˈa / ∅-p / β-∅ / o_#>-#>
{0: [0], 1: [1], 2: None, 3: [2], 4: [3]}
{0: [0], 1: [1], 2: [2], 3: None, 4: None}
SCORE: 2.135

-------------------

/kˈe/ - /kˈæ/
k-k / ˈe-ˈæ
{0: [0], 1: [1]}
{0: [0], 1: [1]}
SCORE: 13.677

-------------------

/kˈi/ - /kˈi/
k-k / ˈi-ˈi
{0: [0], 1: [1]}
{0: [0], 1: [1]}
SCORE: 15.536

-------------------

/kˈosa/ - /kˈɒzɞ/
k_ˈo-k_ˈɒ / s-z / a-ɞ
{0: [0, 1], 1: [2], 2: [3]}
{0: [0, 1], 1: [2], 2: [3]}
SCORE: 22.849

-------------------

/kˈosta/ - /kˈɒstɞ/
k_ˈo-k_ˈɒ / s-s / t-t / a-ɞ
{0: [0, 1], 1: [2], 2: [3], 3: [4]}
{0: [0, 1], 1: [2], 2: [3], 3: [4]}
SCORE: 27.592

-------------------

/kˈoða/ - /kˈuɐ/
k_ˈo-k / ∅-ˈu / ð-∅ / a-ɐ
{0: [0, 1], 1: None, 2: [2], 3: [3]}
{0: [0], 1: [1], 2: None, 3: [2]}
SCORE: 1.743

-------------------

/kˈoɾ/ - /kˈɒr/
k_ˈo-k_ˈɒ / ɾ_#>-r_#>
{0: [0, 1], 1: [2]}
{0: [0, 1], 1: [2]}
SCORE: 18.832

-------------------

/kˈujʃa/ - /kˈuʃɐ/
k-k / ˈu-ˈu / j-∅ / ʃ-ʃ / a-ɐ
{0: [0], 1: [1], 2: [2], 3: [3], 4: [4]}
{0: [0], 1: [1], 2: None, 3: [2], 4: [3]}
SCORE: 23.177

-------------------

/kˈulo/ - /kˈul/
k-k / ˈu-ˈu / l_o_#>-l_#>
{0: [0], 1: [1], 2: [2, 3]}
{0: [0], 1: [1], 2: [2]}
SCORE: 19.761

-------------------

/kˈuɾto/ - /kˈuɾt/
k-k / ˈu-ˈu / ɾ-ɾ / t-t / o_#>-#>
{0: [0], 1: [1], 2: [2], 3: [3], 4: [4]}
{0: [0], 1: [1], 2: [2], 3: [3], 4: None}
SCORE: 22.171

-------------------

/leʝˈeɾ/ - /ʎeʤˈir/
<#_l-<#_ʎ / e-e / ∅-ʤ / ʝ-∅ / ˈe-ˈi / ɾ_#>-r_#>
{0: [0], 1: [1], 2: None, 3: [2], 4: [3], 5: [4]}
{0: [0], 1: [1], 2: [2], 3: None, 4: [3], 5: [4]}
SCORE: 10.847

-------------------

/leβˈaɾ/ - /ʎevˈar/
<#_l-<#_ʎ / e-e / β-v / ˈa-ˈa / ɾ_#>-r_#>
{0: [0], 1: [1], 2: [2], 3: [3], 4: [4]}
{0: [0], 1: [1], 2: [2], 3: [3], 4: [4]}
SCORE: 27.373

-------------------

/liˈon/ - /ʎeˈo/
<#_l-<#_ʎ / i-e / ˈo_n_#>-ˈo_#>
{0: [0], 1: [1], 2: [2, 3]}
{0: [0], 1: [1], 2: [2]}
SCORE: 19.006

-------------------

/lwˈeŋɡa/ - /ʎˈæŋɡwɜ/
<#_l-<#_ʎ / w-∅ / ˈe-ˈæ / ŋ-ŋ / ɡ-ɡ / ∅-w / a-ɜ
{0: [0], 1: [1], 2: [2], 3: [3], 4: [4], 5: None, 6: [5]}
{0: [0], 1: None, 2: [1], 3: [2], 4: [3], 5: [4], 6: [5]}
SCORE: 22.523

-------------------

/lwˈeŋɡo/ - /ʎˈoŋk/
<#_l-<#_ʎ / w_ˈe-ˈo / ŋ-ŋ / ɡ-k / o_#>-#>
{0: [0], 1: [1, 2], 2: [3], 3: [4], 4: [5]}
{0: [0], 1: [1], 2: [2], 3: [3], 4: None}
SCORE: 18.211

-------------------

/lwˈeɣo/ - /ʎˈɒk/
<#_l-<#_ʎ / w_ˈe-ˈɒ / ɣ_o_#>-k_#>
{0: [0], 1: [1, 2], 2: [3, 4]}
{0: [0], 1: [1], 2: [2]}
SCORE: 16.68

-------------------

/lˈana/ - /ʎˈanɐ/
<#_l-<#_ʎ / ˈa-ˈa / n-n / a-ɐ
{0: [0], 1: [1], 2: [2], 3: [3]}
{0: [0], 1: [1], 2: [2], 3: [3]}
SCORE: 23.569

-------------------

/lˈej/ - /ʎˈej/
<#_l-<#_ʎ / ˈe-ˈe / j_#>-j_#>
{0: [0], 1: [1], 2: [2]}
{0: [0], 1: [1], 2: [2]}
SCORE: 22.812

-------------------

/lˈej/ - /ʎˈet/
<#_l-<#_ʎ / ˈe-ˈe / ∅-t / j_#>-#>
{0: [0], 1: [1], 2: None, 3: [2]}
{0: [0], 1: [1], 2: [2], 3: None}
SCORE: 7.117

-------------------

/lˈejto/ - /ʎˈit/
<#_l-<#_ʎ / ˈe_j-ˈi / t-t / o_#>-#>
{0: [0], 1: [1, 2], 2: [3], 3: [4]}
{0: [0], 1: [1], 2: [2], 3: None}
SCORE: 15.945

-------------------

/lˈetɾa/ - /ʎˈetɾɜ/
<#_l-<#_ʎ / ˈe-ˈe / t-t / ɾ-ɾ / a-ɜ
{0: [0], 1: [1], 2: [2], 3: [3], 4: [4]}
{0: [0], 1: [1], 2: [2], 3: [3], 4: [4]}
SCORE: 26.816

-------------------

/lˈeɲa/ - /ʎˈeɲɜ/
<#_l-<#_ʎ / ˈe-ˈe / ɲ-ɲ / a-ɜ
{0: [0], 1: [1], 2: [2], 3: [3]}
{0: [0], 1: [1], 2: [2], 3: [3]}
SCORE: 25.566

-------------------

/lˈiβɾe/ - /ʎˈiwɾe/
<#_l-<#_ʎ / ˈi-ˈi / β-w / ɾ-ɾ / e-e
{0: [0], 1: [1], 2: [2], 3: [3], 4: [4]}
{0: [0], 1: [1], 2: [2], 3: [3], 4: [4]}
SCORE: 24.332

-------------------

/lˈujta/ - /ʎˈujtɐ/
<#_l-<#_ʎ / ˈu-ˈu / j-j / t-t / a-ɐ
{0: [0], 1: [1], 2: [2], 3: [3], 4: [4]}
{0: [0], 1: [1], 2: [2], 3: [3], 4: [4]}
SCORE: 30.06

-------------------

/lˈumbɾe/ - /ʎˈum/
<#_l-<#_ʎ / ˈu-ˈu / m-m / b_ɾ_e_#>-#>
{0: [0], 1: [1], 2: [2], 3: [3, 4, 5]}
{0: [0], 1: [1], 2: [2], 3: None}
SCORE: 15.246

-------------------

/lˈuna/ - /ʎˈunɐ/
<#_l-<#_ʎ / ˈu-ˈu / n-n / a-ɐ
{0: [0], 1: [1], 2: [2], 3: [3]}
{0: [0], 1: [1], 2: [2], 3: [3]}
SCORE: 25.053

-------------------

/lˈupo/ - /ʎˈop/
<#_l-<#_ʎ / ˈu-ˈo / p-p / o_#>-#>
{0: [0], 1: [1], 2: [2], 3: [3]}
{0: [0], 1: [1], 2: [2], 3: None}
SCORE: 17.592

-------------------

/matˈaɾ/ - /matˈar/
m-m / a-a / t-t / ˈa-ˈa / ɾ_#>-r_#>
{0: [0], 1: [1], 2: [2], 3: [3], 4: [4]}
{0: [0], 1: [1], 2: [2], 3: [3], 4: [4]}
SCORE: 28.362

-------------------

/matˈuɾo/ - /maðˈur/
m-m / a-a / ∅-ð / t-∅ / ˈu-ˈu / ɾ-r / o_#>-#>
{0: [0], 1: [1], 2: None, 3: [2], 4: [3], 5: [4], 6: [5]}
{0: [0], 1: [1], 2: [2], 3: None, 4: [3], 5: [4], 6: None}
SCORE: 12.256

-------------------

/metˈat/ - /mitˈat/
m-m / ∅-i / e-∅ / t-t / ˈa-ˈa / t-t
{0: [0], 1: None, 2: [1], 3: [2], 4: [3], 5: [4]}
{0: [0], 1: [1], 2: None, 3: [2], 4: [3], 5: [4]}
SCORE: 14.798

-------------------

/minʧˈaɾ/ - /meɲʤˈar/
m-m / i-e / n-ɲ / ʧ-ʤ / ˈa-ˈa / ɾ_#>-r_#>
{0: [0], 1: [1], 2: [2], 3: [3], 4: [4], 5: [5]}
{0: [0], 1: [1], 2: [2], 3: [3], 4: [4], 5: [5]}
SCORE: 30.69

-------------------

/miʎˈoɾ/ - /miʎˈor/
m-m / i-i / ʎ-ʎ / ˈo-ˈo / ɾ_#>-r_#>
{0: [0], 1: [1], 2: [2], 3: [3], 4: [4]}
{0: [0], 1: [1], 2: [2], 3: [3], 4: [4]}
SCORE: 32.407

-------------------

/mjˈel/ - /mˈæl/
m-m / j_ˈe-ˈæ / l-l
{0: [0], 1: [1, 2], 2: [3]}
{0: [0], 1: [1], 2: [2]}
SCORE: 17.146

-------------------

/montˈaɲa/ - /muntˈaɲɐ/
m-m / ∅-u / o-∅ / n-n / t-t / ˈa-ˈa / ɲ-ɲ / a-ɐ
{0: [0], 1: None, 2: [1], 3: [2], 4: [3], 5: [4], 6: [5], 7: [6]}
{0: [0], 1: [1], 2: None, 3: [2], 4: [3], 5: [4], 6: [5], 7: [6]}
SCORE: 25.943

-------------------

/muʎˈeɾ/ - /muʎˈer/
m-m / u-u / ʎ-ʎ / ˈe-ˈe / ɾ_#>-r_#>
{0: [0], 1: [1], 2: [2], 3: [3], 4: [4]}
{0: [0], 1: [1], 2: [2], 3: [3], 4: [4]}
SCORE: 26.489

-------------------

/mˈaj/ - /mˈaɾe/
m-m / ˈa_j-ˈa_ɾ / #>-e_#>
{0: [0], 1: [1, 2], 2: None}
{0: [0], 1: [1, 2], 2: [3]}
SCORE: 16.078

-------------------

/mˈan/ - /mˈa/
m-m / ˈa_n_#>-ˈa_#>
{0: [0], 1: [1, 2]}
{0: [0], 1: [1]}
SCORE: 15.388

-------------------

/mˈaɾ/ - /mˈar/
m-m / ˈa-ˈa / ɾ_#>-r_#>
{0: [0], 1: [1], 2: [2]}
{0: [0], 1: [1], 2: [2]}
SCORE: 19.498

-------------------

/mˈe/ - /me/
m-m / ˈe-e
{0: [0], 1: [1]}
{0: [0], 1: [1]}
SCORE: 11.523

-------------------

/mˈeʝo/ - /mˈiʧ/
m-m / ˈe-ˈi / ʝ-ʧ / o_#>-#>
{0: [0], 1: [1], 2: [2], 3: [3]}
{0: [0], 1: [1], 2: [2], 3: None}
SCORE: 14.705

-------------------

/mˈil/ - /mˈil/
m-m / ˈi-ˈi / l-l
{0: [0], 1: [1], 2: [2]}
{0: [0], 1: [1], 2: [2]}
SCORE: 21.003

-------------------

/mˈoska/ - /mˈoskɞ/
m-m / ˈo-ˈo / s-s / k-k / a-ɞ
{0: [0], 1: [1], 2: [2], 3: [3], 4: [4]}
{0: [0], 1: [1], 2: [2], 3: [3], 4: [4]}
SCORE: 29.235

-------------------

/mˈujto/ - /mˈolt/
m-m / ˈu-ˈo / j-l / t-t / o_#>-#>
{0: [0], 1: [1], 2: [2], 3: [3], 4: [4]}
{0: [0], 1: [1], 2: [2], 3: [3], 4: None}
SCORE: 17.142

-------------------

/najʃˈeɾ/ - /nˈeʃer/
n_a-n / j-ˈe / ʃ-ʃ / ˈe-e / ɾ_#>-r_#>
{0: [0, 1], 1: [2], 2: [3], 3: [4], 4: [5]}
{0: [0], 1: [1], 2: [2], 3: [3], 4: [4]}
SCORE: 23.401

-------------------

/naðˈaɾ/ - /neðˈar/
n_a-n_e / ð-ð / ˈa-ˈa / ɾ_#>-r_#>
{0: [0, 1], 1: [2], 2: [3], 3: [4]}
{0: [0, 1], 1: [2], 2: [3], 3: [4]}
SCORE: 27.426

-------------------

/njˈew/ - /nˈew/
<#_n-<#_n / j_ˈe-ˈe / w_#>-w_#>
{0: [0], 1: [1, 2], 2: [3]}
{0: [0], 1: [1], 2: [2]}
SCORE: 19.213

-------------------

/no/ - /nˈo/
<#_n-<#_n / o-∅ / #>-ˈo_#>
{0: [0], 1: [1], 2: None}
{0: [0], 1: None, 2: [1]}
SCORE: 5.235

-------------------

/nusˈatɾos/ - /nozˈaltɾes/
<#_n-<#_n / u-o / s-z / ˈa-ˈa_l / t-t / ɾ_o-ɾ_e / s_#>-s_#>
{0: [0], 1: [1], 2: [2], 3: [3], 4: [4], 5: [5, 6], 6: [7]}
{0: [0], 1: [1], 2: [2], 3: [3, 4], 4: [5], 5: [6, 7], 6: [8]}
SCORE: 38.717

-------------------

/nwˈej/ - /nˈit/
<#_n-<#_n / w-∅ / ˈe_j-ˈi / #>-t_#>
{0: [0], 1: [1], 2: [2, 3], 3: None}
{0: [0], 1: None, 2: [1], 3: [2]}
SCORE: 6.453

-------------------

/nwˈestɾo/ - /nˈɒstɾɞ/
<#_n-<#_n / w_ˈe-ˈɒ / s-s / t-t / ɾ-ɾ_ɞ / o_#>-#>
{0: [0], 1: [1, 2], 2: [3], 3: [4], 4: [5], 5: [6]}
{0: [0], 1: [1], 2: [2], 3: [3], 4: [4, 5], 5: None}
SCORE: 20.941

-------------------

/nwˈew/ - /nˈɒw/
<#_n-<#_n / w_ˈe-ˈɒ / w_#>-w_#>
{0: [0], 1: [1, 2], 2: [3]}
{0: [0], 1: [1], 2: [2]}
SCORE: 19.44

-------------------

/nwˈeβo/ - /nˈɒw/
<#_n-<#_n / w_ˈe-ˈɒ / β-w / o_#>-#>
{0: [0], 1: [1, 2], 2: [3], 3: [4]}
{0: [0], 1: [1], 2: [2], 3: None}
SCORE: 11.827

-------------------

/nwˈeθ/ - /nˈɒw/
<#_n-<#_n / w-ˈɒ / ˈe_θ-w
{0: [0], 1: [1], 2: [2, 3]}
{0: [0], 1: [1], 2: [2]}
SCORE: 18.254

-------------------

/nˈaso/ - /nˈas/
<#_n-<#_n / ˈa-ˈa / s-s / o_#>-#>
{0: [0], 1: [1], 2: [2], 3: [3]}
{0: [0], 1: [1], 2: [2], 3: None}
SCORE: 17.694

-------------------

/nˈeɣɾo/ - /nˈæɣɾɜ/
<#_n-<#_n / ˈe-ˈæ / ɣ-ɣ / ɾ-ɾ_ɜ / o_#>-#>
{0: [0], 1: [1], 2: [2], 3: [3], 4: [4]}
{0: [0], 1: [1], 2: [2], 3: [3, 4], 4: None}
SCORE: 21.368

-------------------

/nˈombɾe/ - /nˈɒm/
<#_n-<#_n / ˈo-ˈɒ / m-m / b_ɾ_e_#>-#>
{0: [0], 1: [1], 2: [2], 3: [3, 4, 5]}
{0: [0], 1: [1], 2: [2], 3: None}
SCORE: 14.078

-------------------

/oɾˈeʎa/ - /oɾˈæʎɜ/
<#_o-<#_o / ɾ_ˈe-ɾ_ˈæ / ʎ-ʎ / a-ɜ
{0: [0], 1: [1, 2], 2: [3], 3: [4]}
{0: [0], 1: [1, 2], 2: [3], 3: [4]}
SCORE: 30.329

-------------------

/oβɾˈeɾo/ - /oβɾˈer/
<#_o-<#_o / β-β / ɾ_ˈe-ɾ_ˈe / ɾ-r / o_#>-#>
{0: [0], 1: [1], 2: [2, 3], 3: [4], 4: [5]}
{0: [0], 1: [1], 2: [2, 3], 3: [4], 4: None}
SCORE: 29.353

-------------------

/oβˈeʎa/ - /ovˈæʎɜ/
<#_o-<#_o / β-v / ˈe-ˈæ / ʎ-ʎ / a-ɜ
{0: [0], 1: [1], 2: [2], 3: [3], 4: [4]}
{0: [0], 1: [1], 2: [2], 3: [3], 4: [4]}
SCORE: 28.978

-------------------

/palˈaβɾa/ - /paɾˈawlɐ/
p-p / a-a / l-∅ / ˈa-ɾ_ˈa / β-w / ɾ-∅ / a-l_ɐ
{0: [0], 1: [1], 2: [2], 3: [3], 4: [4], 5: [5], 6: [6]}
{0: [0], 1: [1], 2: None, 3: [2, 3], 4: [4], 5: None, 6: [5, 6]}
SCORE: 6.019

-------------------

/peðˈuʎo/ - /pˈoʎ/
p-p / e-∅ / ð-∅ / ˈu-ˈo / ʎ_o_#>-ʎ_#>
{0: [0], 1: [1], 2: [2], 3: [3], 4: [4, 5]}
{0: [0], 1: None, 2: None, 3: [1], 4: [2]}
SCORE: 7.996

-------------------

/pjˈel/ - /pˈeʎ/
p-p / j_ˈe-ˈe / l-ʎ
{0: [0], 1: [1, 2], 2: [3]}
{0: [0], 1: [1], 2: [2]}
SCORE: 17.153

-------------------

/pjˈet/ - /pˈæw/
p-p / j-ˈæ / ˈe-w / t-∅
{0: [0], 1: [1], 2: [2], 3: [3]}
{0: [0], 1: [1], 2: [2], 3: None}
SCORE: 9.773

-------------------

/pjˈeðɾa/ - /pˈeðɾɜ/
p-p / j_ˈe-ˈe / ð-ð / ɾ-ɾ / a-ɜ
{0: [0], 1: [1, 2], 2: [3], 3: [4], 4: [5]}
{0: [0], 1: [1], 2: [2], 3: [3], 4: [4]}
SCORE: 27.3

-------------------

/ploɾˈaɾ/ - /ploɾˈar/
p-p / l-l / o-o / ɾ-ɾ / ˈa-ˈa / ɾ_#>-r_#>
{0: [0], 1: [1], 2: [2], 3: [3], 4: [4], 5: [5]}
{0: [0], 1: [1], 2: [2], 3: [3], 4: [4], 5: [5]}
SCORE: 31.279

-------------------

/plˈaɣa/ - /plˈaɣɐ/
p-p / l-l / ˈa-ˈa / ɣ-ɣ / a-ɐ
{0: [0], 1: [1], 2: [2], 3: [3], 4: [4]}
{0: [0], 1: [1], 2: [2], 3: [3], 4: [4]}
SCORE: 30.743

-------------------

/plˈeno/ - /plˈæ/
p-p / l-l / ˈe-ˈæ / n_o_#>-#>
{0: [0], 1: [1], 2: [2], 3: [3, 4]}
{0: [0], 1: [1], 2: [2], 3: None}
SCORE: 13.999

-------------------

/plˈuma/ - /plˈomɞ/
p-p / l-l / ˈu-ˈo / m-m / a-ɞ
{0: [0], 1: [1], 2: [2], 3: [3], 4: [4]}
{0: [0], 1: [1], 2: [2], 3: [3], 4: [4]}
SCORE: 28.656

-------------------

/poðˈeɾ/ - /poðˈær/
p-p / o-o / ð_ˈe-ð_ˈæ / ɾ_#>-r_#>
{0: [0], 1: [1], 2: [2, 3], 3: [4]}
{0: [0], 1: [1], 2: [2, 3], 3: [4]}
SCORE: 29.263

-------------------

/pwˈen/ - /pˈɒnt/
p-p / w_ˈe-ˈɒ / n-n / #>-t_#>
{0: [0], 1: [1, 2], 2: [3], 3: None}
{0: [0], 1: [1], 2: [2], 3: [3]}
SCORE: 15.551

-------------------

/pwˈeɾka/ - /pˈɒrkɞ/
p-p / w_ˈe-ˈɒ / ɾ-r / k-k / a-ɞ
{0: [0], 1: [1, 2], 2: [3], 3: [4], 4: [5]}
{0: [0], 1: [1], 2: [2], 3: [3], 4: [4]}
SCORE: 25.946

-------------------

/pwˈeɾko/ - /pˈɒrk/
p-p / w_ˈe-ˈɒ / ɾ-r / k-k / o_#>-#>
{0: [0], 1: [1, 2], 2: [3], 3: [4], 4: [5]}
{0: [0], 1: [1], 2: [2], 3: [3], 4: None}
SCORE: 19.913

-------------------

/pɾoβˈejto/ - /pɾofˈit/
p-p / ɾ-ɾ / o-o / ∅-f / β-∅ / ˈe_j-ˈi / t-t / o_#>-#>
{0: [0], 1: [1], 2: [2], 3: None, 4: [3], 5: [4, 5], 6: [6], 7: [7]}
{0: [0], 1: [1], 2: [2], 3: [3], 4: None, 5: [4], 6: [5], 7: None}
SCORE: 13.331

-------------------

/pɾˈe/ - /pɾˈæw/
p-p / ɾ_ˈe-ɾ_ˈæ / #>-w_#>
{0: [0], 1: [1, 2], 2: None}
{0: [0], 1: [1, 2], 2: [3]}
SCORE: 18.475

-------------------

/pˈaj/ - /pˈaɾe/
p-p / ˈa_j-ˈa_ɾ / #>-e_#>
{0: [0], 1: [1, 2], 2: None}
{0: [0], 1: [1, 2], 2: [3]}
SCORE: 15.879

-------------------

/pˈan/ - /pˈa/
p-p / ˈa_n_#>-ˈa_#>
{0: [0], 1: [1, 2]}
{0: [0], 1: [1]}
SCORE: 15.189

-------------------

/pˈaθ/ - /pˈaw/
p-p / ˈa-ˈa / θ_#>-w_#>
{0: [0], 1: [1], 2: [2]}
{0: [0], 1: [1], 2: [2]}
SCORE: 15.634

-------------------

/pˈejto/ - /pˈit/
p-p / ˈe_j-ˈi / t-t / o_#>-#>
{0: [0], 1: [1, 2], 2: [3], 3: [4]}
{0: [0], 1: [1], 2: [2], 3: None}
SCORE: 16.064

-------------------

/pˈelo/ - /pˈæl/
p-p / ˈe-ˈæ / l_o_#>-l_#>
{0: [0], 1: [1], 2: [2, 3]}
{0: [0], 1: [1], 2: [2]}
SCORE: 17.974

-------------------

/pˈena/ - /pˈænɜ/
p-p / ˈe-ˈæ / n-n / a-ɜ
{0: [0], 1: [1], 2: [2], 3: [3]}
{0: [0], 1: [1], 2: [2], 3: [3]}
SCORE: 22.582

-------------------

/pˈeɲa/ - /pˈæɲɜ/
p-p / ˈe-ˈæ / ɲ-ɲ / a-ɜ
{0: [0], 1: [1], 2: [2], 3: [3]}
{0: [0], 1: [1], 2: [2], 3: [3]}
SCORE: 25.281

-------------------

/pˈeʃ/ - /pˈejʃ/
p-p / ˈe-ˈe / ∅-j / ʃ-ʃ
{0: [0], 1: [1], 2: None, 3: [2]}
{0: [0], 1: [1], 2: [2], 3: [3]}
SCORE: 17.8

-------------------

/pˈoko/ - /pˈɒk/
p-p / ˈo-ˈɒ / k-k / o_#>-#>
{0: [0], 1: [1], 2: [2], 3: [3]}
{0: [0], 1: [1], 2: [2], 3: None}
SCORE: 17.376

-------------------

/pˈoβɾe/ - /pˈɒβɾɞ/
p-p / ˈo-ˈɒ / β-β / ɾ-ɾ / e-ɞ
{0: [0], 1: [1], 2: [2], 3: [3], 4: [4]}
{0: [0], 1: [1], 2: [2], 3: [3], 4: [4]}
SCORE: 25.51

-------------------

/pˈunto/ - /pˈunt/
p-p / ˈu-ˈu / n-n / t-t / o_#>-#>
{0: [0], 1: [1], 2: [2], 3: [3], 4: [4]}
{0: [0], 1: [1], 2: [2], 3: [3], 4: None}
SCORE: 23.532

-------------------

/pˈuɲo/ - /pˈuɲ/
p-p / ˈu-ˈu / ɲ-ɲ / o_#>-#>
{0: [0], 1: [1], 2: [2], 3: [3]}
{0: [0], 1: [1], 2: [2], 3: None}
SCORE: 21.476

-------------------

/pˈuθo/ - /pˈow/
p-p / ˈu-ˈo / θ-w / o_#>-#>
{0: [0], 1: [1], 2: [2], 3: [3]}
{0: [0], 1: [1], 2: [2], 3: None}
SCORE: 11.52

-------------------

/raθˈon/ - /raˈo/
<#_r-<#_r / a-a / θ-∅ / ˈo_n_#>-ˈo_#>
{0: [0], 1: [1], 2: [2], 3: [3, 4]}
{0: [0], 1: [1], 2: None, 3: [2]}
SCORE: 15.89

-------------------

/reðˈondo/ - /roðˈo/
<#_r-<#_r / ∅-o / e-∅ / ð-ð / ˈo-ˈo / n-∅ / d-∅ / o_#>-#>
{0: [0], 1: None, 2: [1], 3: [2], 4: [3], 5: [4], 6: [5], 7: [6]}
{0: [0], 1: [1], 2: None, 3: [2], 4: [3], 5: None, 6: None, 7: None}
SCORE: 1.155

-------------------

/rwˈeða/ - /rˈɒðɞ/
<#_r-<#_r / w_ˈe-ˈɒ / ð-ð / a-ɞ
{0: [0], 1: [1, 2], 2: [3], 3: [4]}
{0: [0], 1: [1], 2: [2], 3: [3]}
SCORE: 24.906

-------------------

/rˈej/ - /rˈej/
<#_r-<#_r / ˈe-ˈe / j_#>-j_#>
{0: [0], 1: [1], 2: [2]}
{0: [0], 1: [1], 2: [2]}
SCORE: 24.22

-------------------

/rˈejna/ - /rˈejnɜ/
<#_r-<#_r / ˈe-ˈe / j-j / n-n / a-ɜ
{0: [0], 1: [1], 2: [2], 3: [3], 4: [4]}
{0: [0], 1: [1], 2: [2], 3: [3], 4: [4]}
SCORE: 29.132

-------------------

/rˈio/ - /rˈiw/
<#_r-<#_r / ˈi-ˈi / o-∅ / #>-w_#>
{0: [0], 1: [1], 2: [2], 3: None}
{0: [0], 1: [1], 2: None, 3: [2]}
SCORE: 11.465

-------------------

/rˈoʝo/ - /rˈɒʧ/
<#_r-<#_r / ˈo-ˈɒ / ʝ-ʧ / o_#>-#>
{0: [0], 1: [1], 2: [2], 3: [3]}
{0: [0], 1: [1], 2: [2], 3: None}
SCORE: 18.288

-------------------

/salˈut/ - /salˈut/
<#_s-<#_s / a-a / l-l / ˈu-ˈu / t-t
{0: [0], 1: [1], 2: [2], 3: [3], 4: [4]}
{0: [0], 1: [1], 2: [2], 3: [3], 4: [4]}
SCORE: 29.477

-------------------

/sapˈeɾ/ - /saβˈær/
<#_s-<#_s / a-a / ∅-β / p-∅ / ˈe-ˈæ / ɾ_#>-r_#>
{0: [0], 1: [1], 2: None, 3: [2], 4: [3], 5: [4]}
{0: [0], 1: [1], 2: [2], 3: None, 4: [3], 5: [4]}
SCORE: 11.878

-------------------

/semˈana/ - /semːˈanɐ/
<#_s-<#_s / e-e / m-mː / ˈa-ˈa / n-n / a-ɐ
{0: [0], 1: [1], 2: [2], 3: [3], 4: [4], 5: [5]}
{0: [0], 1: [1], 2: [2], 3: [3], 4: [4], 5: [5]}
SCORE: 31.12

-------------------

/seɣˈuɾo/ - /seɣˈur/
<#_s-<#_s / e-e / ɣ-ɣ / ˈu-ˈu / ɾ-r / o_#>-#>
{0: [0], 1: [1], 2: [2], 3: [3], 4: [4], 5: [5]}
{0: [0], 1: [1], 2: [2], 3: [3], 4: [4], 5: None}
SCORE: 28.605

-------------------

/sjˈete/ - /sˈæt/
<#_s-<#_s / j_ˈe-ˈæ / t-t / e_#>-#>
{0: [0], 1: [1, 2], 2: [3], 3: [4]}
{0: [0], 1: [1], 2: [2], 3: None}
SCORE: 13.916

-------------------

/sofɾˈiɾ/ - /sofɾˈir/
<#_s-<#_s / o-o / f-f / ɾ-ɾ / ˈi-ˈi / ɾ_#>-r_#>
{0: [0], 1: [1], 2: [2], 3: [3], 4: [4], 5: [5]}
{0: [0], 1: [1], 2: [2], 3: [3], 4: [4], 5: [5]}
SCORE: 33.019

-------------------

/sˈal/ - /sˈal/
<#_s-<#_s / ˈa-ˈa / l-l
{0: [0], 1: [1], 2: [2]}
{0: [0], 1: [1], 2: [2]}
SCORE: 19.13

-------------------

/sˈana/ - /sˈanɐ/
<#_s-<#_s / ˈa-ˈa / n-n / a-ɐ
{0: [0], 1: [1], 2: [2], 3: [3]}
{0: [0], 1: [1], 2: [2], 3: [3]}
SCORE: 23.014

-------------------

/sˈano/ - /sˈa/
<#_s-<#_s / ˈa_n_o_#>-ˈa_#>
{0: [0], 1: [1, 2, 3]}
{0: [0], 1: [1]}
SCORE: 9.718

-------------------

/sˈanto/ - /sˈant/
<#_s-<#_s / ˈa-ˈa / n-n / t-t / o_#>-#>
{0: [0], 1: [1], 2: [2], 3: [3], 4: [4]}
{0: [0], 1: [1], 2: [2], 3: [3], 4: None}
SCORE: 21.375

-------------------

/sˈapes/ - /sˈaps/
<#_s-<#_s / ˈa-ˈa / p-p / e-∅ / s_#>-s_#>
{0: [0], 1: [1], 2: [2], 3: [3], 4: [4]}
{0: [0], 1: [1], 2: [2], 3: None, 4: [3]}
SCORE: 20.379

-------------------

/sˈaŋɡɾe/ - /sˈaŋk/
<#_s-<#_s / ˈa-ˈa / ŋ-ŋ / ɡ-k / ɾ-∅ / e_#>-#>
{0: [0], 1: [1], 2: [2], 3: [3], 4: [4], 5: [5]}
{0: [0], 1: [1], 2: [2], 3: [3], 4: None, 5: None}
SCORE: 17.724

-------------------

/sˈaβjo/ - /sˈavi/
<#_s-<#_s / ˈa-ˈa / β-v / j-i / o_#>-#>
{0: [0], 1: [1], 2: [2], 3: [3], 4: [4]}
{0: [0], 1: [1], 2: [2], 3: [3], 4: None}
SCORE: 16.588

-------------------

/sˈejs/ - /sˈis/
<#_s-<#_s / ˈe_j-ˈi / s_#>-s_#>
{0: [0], 1: [1, 2], 2: [3]}
{0: [0], 1: [1], 2: [2]}
SCORE: 18.531

-------------------

/sˈepa/ - /sˈapiɣɐ/
<#_s-<#_s / ∅-ˈa / ˈe-∅ / p-p / ∅-i / ∅-ɣ / a-ɐ
{0: [0], 1: None, 2: [1], 3: [2], 4: None, 5: None, 6: [3]}
{0: [0], 1: [1], 2: None, 3: [2], 4: [3], 5: [4], 6: [5]}
SCORE: -0.509

-------------------

/sˈeða/ - /sˈæðɜ/
<#_s-<#_s / ˈe-ˈæ / ð-ð / a-ɜ
{0: [0], 1: [1], 2: [2], 3: [3]}
{0: [0], 1: [1], 2: [2], 3: [3]}
SCORE: 23.662

-------------------

/sˈol/ - /sˈɒl/
<#_s-<#_s / ˈo-ˈɒ / l-l
{0: [0], 1: [1], 2: [2]}
{0: [0], 1: [1], 2: [2]}
SCORE: 18.903

-------------------

/sˈoβɾe/ - /sˈoβɾɞ/
<#_s-<#_s / ˈo-ˈo / β-β / ɾ-ɾ / e-ɞ
{0: [0], 1: [1], 2: [2], 3: [3], 4: [4]}
{0: [0], 1: [1], 2: [2], 3: [3], 4: [4]}
SCORE: 25.882

-------------------

/tjˈempo/ - /tˈems/
<#_t-<#_t / j_ˈe-ˈe / m-m / p-∅ / o-s
{0: [0], 1: [1, 2], 2: [3], 3: [4], 4: [5]}
{0: [0], 1: [1], 2: [2], 3: None, 4: [3]}
SCORE: 11.298

-------------------

/tjˈera/ - /tˈærɜ/
<#_t-<#_t / j_ˈe-ˈæ / r-r / a-ɜ
{0: [0], 1: [1, 2], 2: [3], 3: [4]}
{0: [0], 1: [1], 2: [2], 3: [3]}
SCORE: 21.827

-------------------

/tusˈiɾ/ - /tosˈir/
<#_t-<#_t / u-o / s-s / ˈi-ˈi / ɾ_#>-r_#>
{0: [0], 1: [1], 2: [2], 3: [3], 4: [4]}
{0: [0], 1: [1], 2: [2], 3: [3], 4: [4]}
SCORE: 31.625

-------------------

/tɾˈes/ - /tɾˈæs/
<#_t-<#_t / ɾ_ˈe-ɾ_ˈæ / s_#>-s_#>
{0: [0], 1: [1, 2], 2: [3]}
{0: [0], 1: [1, 2], 2: [3]}
SCORE: 25.916

-------------------

/tˈot/ - /tˈot/
<#_t-<#_t / ˈo-ˈo / t-t
{0: [0], 1: [1], 2: [2]}
{0: [0], 1: [1], 2: [2]}
SCORE: 21.695

-------------------

/tˈoɾo/ - /tˈɒr/
<#_t-<#_t / ˈo-ˈɒ / ɾ-r / o_#>-#>
{0: [0], 1: [1], 2: [2], 3: [3]}
{0: [0], 1: [1], 2: [2], 3: None}
SCORE: 17.268

-------------------

/tˈoθ/ - /tˈots/
<#_t-<#_t / ˈo-ˈo / ∅-t / θ-s
{0: [0], 1: [1], 2: None, 3: [2]}
{0: [0], 1: [1], 2: [2], 3: [3]}
SCORE: 15.789

-------------------

/tˈu/ - /tˈu/
<#_t-<#_t / ˈu-ˈu
{0: [0], 1: [1]}
{0: [0], 1: [1]}
SCORE: 17.604

-------------------

/ulˈoɾ/ - /olˈor/
u-o / l-l / ˈo-ˈo / ɾ_#>-r_#>
{0: [0], 1: [1], 2: [2], 3: [3]}
{0: [0], 1: [1], 2: [2], 3: [3]}
SCORE: 25.078

-------------------

/wˈejto/ - /wˈit/
w-w / ˈe_j-ˈi / t-t / o_#>-#>
{0: [0], 1: [1, 2], 2: [3], 3: [4]}
{0: [0], 1: [1], 2: [2], 3: None}
SCORE: 14.272

-------------------

/wˈeso/ - /ˈɒs/
w_ˈe-ˈɒ / s-s / o_#>-#>
{0: [0, 1], 1: [2], 2: [3]}
{0: [0], 1: [1], 2: None}
SCORE: 10.341

-------------------

/wˈeɣo/ - /ˈɒw/
w-ˈɒ / ˈe-w / ɣ_o_#>-#>
{0: [0], 1: [1], 2: [2, 3]}
{0: [0], 1: [1], 2: None}
SCORE: 5.889

-------------------

/wˈeʎo/ - /ˈuʎ/
<#_w-<#_ˈu / ˈe_ʎ-ʎ / o_#>-#>
{0: [0], 1: [1, 2], 2: [3]}
{0: [0], 1: [1], 2: None}
SCORE: 8.147

-------------------

/wˈeʎos/ - /ˈuʎs/
<#_w-<#_ˈu / ˈe_ʎ-ʎ / o-∅ / s_#>-s_#>
{0: [0], 1: [1, 2], 2: [3], 3: [4]}
{0: [0], 1: [1], 2: None, 3: [2]}
SCORE: 11.042

-------------------

/wˈeβɾa/ - /ˈɒβɾɞ/
w_ˈe-ˈɒ / β-β / ɾ-ɾ / a-ɞ
{0: [0, 1], 1: [2], 2: [3], 3: [4]}
{0: [0], 1: [1], 2: [2], 3: [3]}
SCORE: 21.771

-------------------

/ɡwˈaʎa/ - /ɡwˈaɫːɐ/
ɡ-ɡ / w_ˈa-w_ˈa / ʎ-ɫː / a-ɐ
{0: [0], 1: [1, 2], 2: [3], 3: [4]}
{0: [0], 1: [1, 2], 2: [3], 3: [4]}
SCORE: 32.26

-------------------

/ɡɾˈajʃa/ - /ɡɾˈejʃ/
ɡ-ɡ / ɾ-ɾ_ˈe / ˈa-∅ / j-j / ʃ-ʃ / a-∅
{0: [0], 1: [1], 2: [2], 3: [3], 4: [4], 5: [5]}
{0: [0], 1: [1, 2], 2: None, 3: [3], 4: [4], 5: None}
SCORE: 18.108

-------------------

/ɡɾˈan/ - /ɡɾˈan/
ɡ-ɡ / ɾ-ɾ / ˈa-ˈa / n-n
{0: [0], 1: [1], 2: [2], 3: [3]}
{0: [0], 1: [1], 2: [2], 3: [3]}
SCORE: 24.954

-------------------

/ɡɾˈano/ - /ɡɾˈa/
ɡ-ɡ / ɾ-ɾ / ˈa_n_o_#>-ˈa_#>
{0: [0], 1: [1], 2: [2, 3, 4]}
{0: [0], 1: [1], 2: [2]}
SCORE: 15.652

-------------------

/ɡˈato/ - /ɡˈat/
ɡ-ɡ / ˈa-ˈa / t-t / o_#>-#>
{0: [0], 1: [1], 2: [2], 3: [3]}
{0: [0], 1: [1], 2: [2], 3: None}
SCORE: 18.908

-------------------

/ɡˈolpe/ - /kˈɒp/
ɡ-k / ˈo-ˈɒ / l-∅ / p-p / e_#>-#>
{0: [0], 1: [1], 2: [2], 3: [3], 4: [4]}
{0: [0], 1: [1], 2: None, 3: [2], 4: None}
SCORE: 10.439

-------------------

/ɡˈota/ - /ɡˈotɞ/
ɡ-ɡ / ˈo-ˈo / t-t / a-ɞ
{0: [0], 1: [1], 2: [2], 3: [3]}
{0: [0], 1: [1], 2: [2], 3: [3]}
SCORE: 25.761

-------------------

/ɡˈoʝo/ - /ɡˈɒʧ/
ɡ-ɡ / ˈo-ˈɒ / ʝ-ʧ / o_#>-#>
{0: [0], 1: [1], 2: [2], 3: [3]}
{0: [0], 1: [1], 2: [2], 3: None}
SCORE: 18.462

-------------------

/ʎˈeβɾe/ - /ʎˈeβɾɜ/
ʎ-ʎ / ˈe-ˈe / β-β / ɾ-ɾ_ɜ / e_#>-#>
{0: [0], 1: [1], 2: [2], 3: [3], 4: [4]}
{0: [0], 1: [1], 2: [2], 3: [3, 4], 4: None}
SCORE: 20.202

-------------------

/ʝˈeɾβa/ - /ˈerβɜ/
ʝ-∅ / ˈe-ˈe / ɾ-r / β-β / a-ɜ
{0: [0], 1: [1], 2: [2], 3: [3], 4: [4]}
{0: None, 1: [0], 2: [1], 3: [2], 4: [3]}
SCORE: 17.869

-------------------

/ʧelˈaɾ/ - /ʤelˈar/
ʧ-ʤ / e-e / l-l / ˈa-ˈa / ɾ_#>-r_#>
{0: [0], 1: [1], 2: [2], 3: [3], 4: [4]}
{0: [0], 1: [1], 2: [2], 3: [3], 4: [4]}
SCORE: 29.828

-------------------

/ʧenˈiβa/ - /ʤenˈivɐ/
ʧ-ʤ / e-e / n-n / ˈi-ˈi / β-v / a-ɐ
{0: [0], 1: [1], 2: [2], 3: [3], 4: [4], 5: [5]}
{0: [0], 1: [1], 2: [2], 3: [3], 4: [4], 5: [5]}
SCORE: 34.312

-------------------

/ʧenˈuʎo/ - /ʤenˈoʎ/
ʧ-ʤ / e-e / n-n / ˈu-ˈo / ʎ_o_#>-ʎ_#>
{0: [0], 1: [1], 2: [2], 3: [3], 4: [4, 5]}
{0: [0], 1: [1], 2: [2], 3: [3], 4: [4]}
SCORE: 28.415

-------------------

/ʧiɾmˈan/ - /ʤermˈa/
ʧ-ʤ / i-e / ɾ_m-r_m / ˈa_n_#>-ˈa_#>
{0: [0], 1: [1], 2: [2, 3], 3: [4, 5]}
{0: [0], 1: [1], 2: [2, 3], 3: [4]}
SCORE: 30.831

-------------------

/ʧwˈeɣo/ - /ʤˈɒk/
ʧ-ʤ / w_ˈe-ˈɒ / ɣ_o_#>-k_#>
{0: [0], 1: [1, 2], 2: [3, 4]}
{0: [0], 1: [1], 2: [2]}
SCORE: 18.23

-------------------

/ʧwˈeθ/ - /ʤˈuʤe/
ʧ-ʤ / w-ˈu / ∅-ʤ / ˈe-e / θ_#>-#>
{0: [0], 1: [1], 2: None, 3: [2], 4: [3]}
{0: [0], 1: [1], 2: [2], 3: [3], 4: None}
SCORE: 6.75

-------------------

/ʧˈelo/ - /ʤˈɛl/
ʧ-ʤ / ˈe-ˈɛ / l_o_#>-l_#>
{0: [0], 1: [1], 2: [2, 3]}
{0: [0], 1: [1], 2: [2]}
SCORE: 18.579

-------------------

/ʧˈen/ - /ʤˈent/
ʧ-ʤ / ˈe-ˈe / n-n / #>-t_#>
{0: [0], 1: [1], 2: [2], 3: None}
{0: [0], 1: [1], 2: [2], 3: [3]}
SCORE: 17.991

-------------------

/ʧˈoβen/ - /ʤˈovɞ/
ʧ-ʤ / ˈo-ˈo / β-v / e-ɞ / n_#>-#>
{0: [0], 1: [1], 2: [2], 3: [3], 4: [4]}
{0: [0], 1: [1], 2: [2], 3: [3], 4: None}
SCORE: 18.943

-------------------

/ʧˈunto/ - /ʤˈunt/
ʧ-ʤ / ˈu-ˈu / n-n / t-t / o_#>-#>
{0: [0], 1: [1], 2: [2], 3: [3], 4: [4]}
{0: [0], 1: [1], 2: [2], 3: [3], 4: None}
SCORE: 24.963

-------------------

/ˈalβa/ - /ˈalβɐ/
<#_ˈa-<#_ˈa / l-l / β-β / a-ɐ
{0: [0], 1: [1], 2: [2], 3: [3]}
{0: [0], 1: [1], 2: [2], 3: [3]}
SCORE: 26.621

-------------------

/ˈanʧel/ - /ˈaɲʤel/
<#_ˈa-<#_ˈa / n-ɲ / ʧ-ʤ / e-e / l-l
{0: [0], 1: [1], 2: [2], 3: [3], 4: [4]}
{0: [0], 1: [1], 2: [2], 3: [3], 4: [4]}
SCORE: 28.389

-------------------

/ˈatɾo/ - /ˈaltɾe/
<#_ˈa-<#_ˈa / t-l_t / ɾ_o-ɾ_e
{0: [0], 1: [1], 2: [2, 3]}
{0: [0], 1: [1, 2], 2: [3, 4]}
SCORE: 18.139

-------------------

/ˈaw/ - /ˈaw/
<#_ˈa-<#_ˈa / w_#>-w_#>
{0: [0], 1: [1]}
{0: [0], 1: [1]}
SCORE: 17.124

-------------------

/ˈawka/ - /ˈɒkɞ/
<#_ˈa-<# / w-ˈɒ / k-k / a-ɞ
{0: [0], 1: [1], 2: [2], 3: [3]}
{0: None, 1: [0], 2: [1], 3: [2]}
SCORE: 15.681

-------------------

/ˈawɣwa/ - /ˈajɣwɐ/
<#_ˈa-<#_ˈa / ∅-j / w-∅ / ɣ-ɣ / w-w / a-ɐ
{0: [0], 1: None, 2: [1], 3: [2], 4: [3], 5: [4]}
{0: [0], 1: [1], 2: None, 3: [2], 4: [3], 5: [4]}
SCORE: 16.349

-------------------

/ˈaɲo/ - /ˈaɲ/
<#_ˈa-<#_ˈa / ɲ-ɲ / o_#>-#>
{0: [0], 1: [1], 2: [2]}
{0: [0], 1: [1], 2: None}
SCORE: 16.636

-------------------

/ˈaɾβol/ - /ˈaβɾe/
<#_ˈa-<#_ˈa / ɾ-∅ / β-β / o-ɾ / l-e
{0: [0], 1: [1], 2: [2], 3: [3], 4: [4]}
{0: [0], 1: None, 2: [1], 3: [2], 4: [3]}
SCORE: 12.313

-------------------

/ˈaʎo/ - /ˈaʎ/
<#_ˈa-<#_ˈa / ʎ_o_#>-ʎ_#>
{0: [0], 1: [1, 2]}
{0: [0], 1: [1]}
SCORE: 15.086

-------------------

/ˈel/ - /ˈeʎ/
<#_ˈe-<#_ˈe / l-ʎ
{0: [0], 1: [1]}
{0: [0], 1: [1]}
SCORE: 16.895

-------------------

/ˈeʎa/ - /ˈeʎɜ/
<#_ˈe-<#_ˈe / ʎ-ʎ / a-ɜ
{0: [0], 1: [1], 2: [2]}
{0: [0], 1: [1], 2: [2]}
SCORE: 21.975

-------------------

/ˈizla/ - /ˈiʎɐ/
ˈi-ˈi / z-∅ / l-ʎ / a-ɐ
{0: [0], 1: [1], 2: [2], 3: [3]}
{0: [0], 1: None, 2: [1], 3: [2]}
SCORE: 13.372

-------------------

/ˈombɾe/ - /ˈɒmɞ/
ˈo-ˈɒ / m-m / b-∅ / ɾ_e-ɞ
{0: [0], 1: [1], 2: [2], 3: [3, 4]}
{0: [0], 1: [1], 2: None, 3: [2]}
SCORE: 10.572

-------------------

/ˈonso/ - /ˈos/
ˈo-ˈo / n-∅ / s-s / o_#>-#>
{0: [0], 1: [1], 2: [2], 3: [3]}
{0: [0], 1: None, 2: [1], 3: None}
SCORE: 7.624

-------------------

/ˈoɾo/ - /ˈɒr/
ˈo-ˈɒ / ɾ-r / o_#>-#>
{0: [0], 1: [1], 2: [2]}
{0: [0], 1: [1], 2: None}
SCORE: 10.771

-------------------

/ˈuno/ - /ˈu/
ˈu-ˈu / n_o_#>-#>
{0: [0], 1: [1, 2]}
{0: [0], 1: None}
SCORE: 6.161

-------------------

/ˈuŋɡla/ - /ˈuŋɡlɐ/
ˈu-ˈu / ŋ-ŋ / ɡ-ɡ / l-l / a-ɐ
{0: [0], 1: [1], 2: [2], 3: [3], 4: [4]}
{0: [0], 1: [1], 2: [2], 3: [3], 4: [4]}
SCORE: 34.477

-------------------

/θenˈisa/ - /sˈændɾɜ/
<#_θ-<#_s / e-ˈæ / n-n / ∅-d / ˈi-∅ / s_a-ɾ_ɜ
{0: [0], 1: [1], 2: [2], 3: None, 4: [3], 5: [4, 5]}
{0: [0], 1: [1], 2: [2], 3: [3], 4: None, 5: [4, 5]}
SCORE: 11.321

-------------------

/θeɾkˈaɾ/ - /serkˈar/
<#_θ-<#_s / e-e / ɾ-r / k-k / ˈa-ˈa / ɾ_#>-r_#>
{0: [0], 1: [1], 2: [2], 3: [3], 4: [4], 5: [5]}
{0: [0], 1: [1], 2: [2], 3: [3], 4: [4], 5: [5]}
SCORE: 31.608

-------------------

/θiŋkwˈanta/ - /siŋkwˈantɐ/
<#_θ-<#_s / i-i / ŋ-ŋ / k-k / w_ˈa-w_ˈa / n-n / t-t / a-ɐ
{0: [0], 1: [1], 2: [2], 3: [3], 4: [4, 5], 5: [6], 6: [7], 7: [8]}
{0: [0], 1: [1], 2: [2], 3: [3], 4: [4, 5], 5: [6], 6: [7], 7: [8]}
SCORE: 53.13

-------------------

/θiɾˈesa/ - /siɾˈeɾɜ/
<#_θ-<#_s / i-i / ɾ_ˈe-ɾ_ˈe / s_a-ɾ_ɜ
{0: [0], 1: [1], 2: [2, 3], 3: [4, 5]}
{0: [0], 1: [1], 2: [2, 3], 3: [4, 5]}
SCORE: 30.43

-------------------

/θjuðˈat/ - /siwtˈat/
<#_θ-<#_s / j-i / ∅-w / u-∅ / ð-t / ˈa-ˈa / t-t
{0: [0], 1: [1], 2: None, 3: [2], 4: [3], 5: [4], 6: [5]}
{0: [0], 1: [1], 2: [2], 3: None, 4: [3], 5: [4], 6: [5]}
SCORE: 11.388

-------------------

/θjˈelo/ - /sˈæl/
<#_θ-<#_s / j_ˈe-ˈæ / l_o_#>-l_#>
{0: [0], 1: [1, 2], 2: [3, 4]}
{0: [0], 1: [1], 2: [2]}
SCORE: 15.214

-------------------

/θjˈento/ - /sˈent/
<#_θ-<#_s / j_ˈe-ˈe / n-n / t-t / o_#>-#>
{0: [0], 1: [1, 2], 2: [3], 3: [4], 4: [5]}
{0: [0], 1: [1], 2: [2], 3: [3], 4: None}
SCORE: 19.596

-------------------

/θˈeɾa/ - /sˈeɾɜ/
<#_θ-<#_s / ˈe-ˈe / ɾ-ɾ / a-ɜ
{0: [0], 1: [1], 2: [2], 3: [3]}
{0: [0], 1: [1], 2: [2], 3: [3]}
SCORE: 21.419

-------------------

/θˈima/ - /sˈimɐ/
<#_θ-<#_s / ˈi-ˈi / m-m / a-ɐ
{0: [0], 1: [1], 2: [2], 3: [3]}
{0: [0], 1: [1], 2: [2], 3: [3]}
SCORE: 24.989

-------------------

/θˈiŋko/ - /sˈiŋk/
<#_θ-<#_s / ˈi-ˈi / ŋ-ŋ / k-k / o_#>-#>
{0: [0], 1: [1], 2: [2], 3: [3], 4: [4]}
{0: [0], 1: [1], 2: [2], 3: [3], 4: None}
SCORE: 25.574
