Same meaning pairs: 212
****SAMPLE 1****
Iteration 1
	Qualified: 164
	Disqualified: 176
	Added: 0
	Removed: 6
		år /ˈɔˀ/ - Jíer /jˈiːr/
		ord /ˈoɐˀ/ - Woud /vˈoːu̯d/
		hjerte /jˈɛɐtə/ - Haat /hˈaːt/
		anden /ˈanən/ - uur /ˈuːr/
		ti /ʦʰˈiˀ/ - tjoon /tjˈoːn/
		ni /nˈiˀ/ - njúgen /njˈuːɣən/

Iteration 2
	Qualified: 164
	Disqualified: 176
	Added: 0
	Removed: 0

Final qualifying:
		bjørn /b̥jˈœˀɐn/ - Boar /bˈɔːr/
		bjørn /b̥jˈœˀɐn/ - Boare /bˈɔːrə/
		bjerg /b̥jˈɛɐˀw/ - Bíerig /bˈiːrɪx/
		blad /b̥lˈað̞ˠ/ - Blääd /blˈɛːd/
		blod /b̥lˈoˀð̞ˠ/ - Bloud /blˈoːu̯d/
		blomst /b̥lˈʌmˀst/ - Bloume /blˈoːu̯mə/
		bror /b̥ʁˈoɐ/ - Brúur /brˈuːr/
		bryst /b̥ʁˈœst/ - Brust /brˈʊst/
		brygge /b̥ʁˈœɡ̊ə/ - Brääg /brˈɛːx/
		brød /b̥ʁˈœˀð̞ˠ/ - Brood /brˈoːd/
		bad /b̥ˈað̞ˠ/ - Bäd /bˈɛt/
		bedre /b̥ˈeð̞ˠʁə/ - beter /bˈeːtər/
		bide /b̥ˈiːð̞ˠə/ - biete /bˈitə/
		bog /b̥ˈoˀw/ - Bouk /bˈoːu̯k/
		byde /b̥ˈyːð̞ˠə/ - biada /bˈiada/
		barn /b̥ˈɑˀn/ - Bäiden /bˈɛɪ̯dən/
		drive /d̥ʁˈiːw/ - drieuwe /drˈiːwə/
		drømme /d̥ʁˈœmə/ - dreme /drˈeːmə/
		drøm /d̥ʁˈœˀm/ - Droom /drˈoːm/
		dværg /d̥ʋˈæɐˀw/ - Dwärch /dvˈɛrx/
		du /d̥ˈu/ - du /dˈuː/
		dyb /d̥ˈyˀb̥/ - joop /jˈoːp/
		dyr /d̥ˈyˀɐ/ - Díert /dˈiːrt/
		dyr /d̥ˈyˀɐ/ - júur /jˈuːr/
		dag /d̥ˈæˀj/ - Dai /dˈaːi̯/
		dødelig /d̥ˈøːð̞ˠəli/ - dodelk /dˈoːdəlk/
		datter /d̥ˈɛtɐ/ - Dochter /dˈɔxtər/
		flue /flˈuːə/ - Fljoge /fljˈoːɣə/
		flyve /flˈyːw/ - fljoge /fljˈoːɣə/
		finger /fˈeŋˀɐ/ - Finger /fˈɪŋər/
		fod /fˈoˀð̞ˠ/ - Fout /fˈoːu̯t/
		fuld /fˈulˀ/ - ful /fˈʊl/
		følge /fˈœlə/ - foulgje /fˈoːu̯lɣjə/
		fødder /fˈœð̞ˠɐ/ - Fäite /fˈɛɪ̯tə/
		far /fˈɑː/ - Foar /fˈɔːr/
		får /fˈɒˀ/ - Skäip /skˈɛɪ̯p/
		fem /fˈɛmˀ/ - fieuw /fˈiːw/
		hed /hˈeˀð̞ˠ/ - heet /hˈeːt/
		horn /hˈoɐˀn/ - Houden /hˈoːu̯dən/
		hoved /hˈoːəð̞ˠ/ - Haud /hˈaːu̯d/
		hoved /hˈoːəð̞ˠ/ - Kop /kˈɔp/
		hundrede /hˈunɐð̞ˠə/ - hundert /hˈʊndərt/
		hund /hˈunˀ/ - Húund /hˈuːnd/
		hus /hˈuˀs/ - Húus /hˈuːs/
		hud /hˈuˀð̞ˠ/ - Häid /hˈɛɪ̯d/
		høre /hˈøːɐ/ - here /hˈeːrə/
		høne /hˈœːnə/ - Hanne /hˈanə/
		hare /hˈɑːɐ/ - Hoaze /hˈɔːzə/
		hår /hˈɒˀ/ - Híer /hˈiːr/
		hellig /hˈɛli/ - helig /hˈɛlɪx/
		her /hˈɛˀɐ/ - hier /hˈir/
		honning /hˈʌneŋ/ - Huunich /hˈuːnəx/
		hånd /hˈʌnˀ/ - Hounde /hˈoːu̯ndə/
		høj /hˈʌˀj/ - hoog /hˈoːx/
		hjul /jˈuˀl/ - Jool /jˈoːl/
		hjul /jˈuˀl/ - Wäil /vˈɛɪ̯l/
		jeg /jˈɑj/ - iek /ˈik/
		hjem /jˈɛˀm/ - Heem /hˈeːm/
		knæ /kʰnˈeˀ/ - Kniebel /knˈibəl/
		kirke /kʰˈiɐkə/ - Säärke /sˈɛːrkə/
		ko /kʰˈoˀ/ - Ku /kˈu/
		kylling /kʰˈyleŋ/ - Sjuuken /sjˈukən/
		kalv /kʰˈɛlˀv/ - Koolich /kˈoːləx/
		land /lˈanˀ/ - Lound /lˈoːu̯nd/
		le /lˈeˀ/ - laachje /lˈaːxjə/
		lus /lˈuˀs/ - Lúus /lˈuːs/
		lys /lˈyˀs/ - Lucht /lˈʊxt/
		løbe /lˈøːb̥ə/ - lope /lˈoːpə/
		løv /lˈœˀw/ - Loof /lˈoːf/
		lam /lˈɑmˀ/ - Loum /lˈoːu̯m/
		let /lˈɛt/ - licht /lˈɪxt/
		mælk /mˈelˀk/ - Moalk /mˈɔːlk/
		menneske /mˈen̩skə/ - Moanske /mˈɔːnskə/
		mor /mˈoːɐ/ - Múur /mˈuːr/
		mus /mˈuˀs/ - Múus /mˈuːs/
		mus /mˈuˀs/ - Muze /mˈuːzə/
		meg /mˈɑj/ - mie /mˈi/
		mund /mˈɔnˀ/ - Mund /mˈunt/
		måne /mˈɔːnə/ - Moune /mˈoːu̯nə/
		mand /mˈɛnˀ/ - Mon /mˈɔn/
		navn /nˈawˀn/ - Nome /nˈoːmə/
		nord /nˈoɐˀ/ - Noud /nˈoːu̯t/
		ny /nˈyˀ/ - näi /nˈɛɪ̯/
		negl /nˈɑjˀl/ - Nail /nˈaːi̯l/
		nål /nˈɔˀl/ - Näddel /nˈɛdəl/
		nat /nˈɛt/ - Noacht /nˈɔːxt/
		næse /nˈɛːsə/ - Noze /nˈoːzə/
		nøgen /nˈʌjən/ - noakend /nˈɔːkənt/
		pligt /pʰlˈeɡ̊t/ - Plicht /plˈɪxt/
		skarp /skˈap/ - skäärp /skˈɛːrp/
		skib /skˈiˀb̥/ - Skip /skˈɪp/
		skid /skˈiˀð̞ˠ/ - Skiet /skˈit/
		skid /skˈiˀð̞ˠ/ - Skiete /skˈitə/
		slange /slˈɑŋə/ - Sloange /slˈɔːŋə/
		slå /slˈɔˀ/ - slo /slˈoː/
		sne /snˈeˀ/ - Snee /snˈeː/
		sten /stˈeˀn/ - Steen /stˈeːn/
		stol /stˈoˀl/ - Stoul /stˈoːu̯l/
		storm /stˈɔˀm/ - Stoarm /stˈɔːrm/
		svin /sʋˈiˀn/ - Swien /swˈin/
		sværd /sʋˈɛɐˀ/ - Swäid /svˈɛɪ̯d/
		sand /sˈanˀ/ - Sound /sˈoːu̯nd/
		sidde /sˈeð̞ˠə/ - sitte /sˈɪtə/
		se /sˈeː/ - sjo /sjˈoː/
		side /sˈiːð̞ˠə/ - Siede /sˈiːdə/
		sige /sˈiːə/ - soagje /sˈɔːɣjə/
		sort /sˈoɐt/ - swot /svˈɔt/
		søster /sˈœstɐ/ - Suster /sˈʊstər/
		sød /sˈœˀð̞ˠ/ - swäit /svˈɛɪ̯t/
		sove /sˈɒːw/ - släipe /slˈɛɪ̯pə/
		seks /sˈɛks/ - säks /sˈɛks/
		salt /sˈɛlˀt/ - Soalt /sˈɔːlt/
		våben /vˈɔˀb̥m̩/ - Wäipen /vˈɛɪ̯pən/
		grøn /ɡ̊ʁˈœˀn/ - gräin /ɣrˈɛɪ̯n/
		give /ɡ̊ˈiˀ/ - jeeuwe /jˈeːu̯və/
		guld /ɡ̊ˈulˀ/ - Gould /ɣˈoːu̯ld/
		gud /ɡ̊ˈuð̞ˠ/ - God /ɣˈɔd/
		gul /ɡ̊ˈuˀl/ - jeel /jˈeːl/
		gås /ɡ̊ˈɔˀs/ - Gous /ɣˈoːu̯s/
		gæst /ɡ̊ˈɛst/ - Gaast /ɣˈaːst/
		ret /ʁˈat/ - riucht /rjˈʊxt/
		ring /ʁˈeŋˀ/ - Ring /rˈɪŋ/
		rig /ʁˈiˀ/ - riek /rˈik/
		rød /ʁˈœˀð̞ˠ/ - rood /rˈoːd/
		vand /ʋˈanˀ/ - Woater /vˈɔːtər/
		vind /ʋˈenˀ/ - Wíend /vˈiːnd/
		we /ʋˈi/ - wie /vˈi/
		hvid /ʋˈiˀð̞ˠ/ - wiet /vˈit/
		vide /ʋˈiːð̞ˠə/ - wíete /vˈiːtə/
		vej /ʋˈɑˀj/ - Wai /vˈaːi̯/
		ting /ʦʰˈeŋˀ/ - Ding /dˈɪŋ/
		to /ʦʰˈoˀ/ - two /tvˈoː/
		to /ʦʰˈoˀ/ - twäin /tvˈɛɪ̯n/
		tusind /ʦʰˈuˀsn̩/ - duusend /dˈuːzənd/
		tyk /ʦʰˈyk/ - tjuk /tjˈʊk/
		tysk /ʦʰˈysk/ - düütsk /dˈyːtsk/
		tyv /ʦʰˈyˀw/ - Däif /dˈɛɪ̯f/
		tyve /ʦʰˈyːw/ - twintich /tvˈɪntɪx/
		takke /ʦʰˈɑkə/ - tonkje /tˈɔŋkjə/
		tunge /ʦʰˈɔŋə/ - Tunge /tˈʊŋə/
		tjørn /ʨˈœɐˀn/ - Touden /tˈoːu̯dən/
		al /ˈal/ - aal /ˈaːl/
		abe /ˈaːb̥ə/ - Oape /ˈɔːpə/
		eg /ˈeˀj/ - Eeke /ˈeːkə/
		en /ˈeˀn/ - aan /ˈaːn/
		æg /ˈeˀɡ̊/ - Oai /ˈɔːɪ̯/
		æble /ˈeːb̥lə/ - Appel /ˈapəl/
		ild /ˈilˀ/ - Fjúur /fjˈuːr/
		i /ˈiˀ/ - in /ˈɪn/
		is /ˈiˀs/ - Ies /ˈis/
		orm /ˈoɐˀm/ - Wurm /vˈʊrm/
		otte /ˈoːtə/ - oachte /ˈɔːxtə/
		over /ˈoːvɐ/ - uur /ˈuːr/
		uld /ˈulˀ/ - Wulle /vˈʊɫə/
		ud /ˈuˀð̞ˠ/ - uut /ˈuːt/
		ugle /ˈuːlə/ - Ule /ˈuːlə/
		øre /ˈøːɐ/ - Oor /ˈoːr/
		ønske /ˈœnskə/ - wonskje /vˈɔnskjə/
		ung /ˈɔŋˀ/ - junk /jˈʊŋk/
		ål /ˈɔˀl/ - Äil /ˈɛɪ̯l/
		elleve /ˈɛlʋə/ - alven /ˈalvən/
		aske /ˈɛskə/ - Ääske /ˈɛːskə/
		æde /ˈɛːð̞ˠə/ - iete /ˈitə/
		os /ˈʌs/ - uus /ˈuːs/

Final disqualified:
		hjerte /jˈɛɐtə/ - Haat /hˈaːt/
		ni /nˈiˀ/ - njúgen /njˈuːɣən/
		ti /ʦʰˈiˀ/ - tjoon /tjˈoːn/
		anden /ˈanən/ - uur /ˈuːr/
		ord /ˈoɐˀ/ - Woud /vˈoːu̯d/
		år /ˈɔˀ/ - Jíer /jˈiːr/


-------------------

****SAMPLE 2****
Iteration 1
	Qualified: 162
	Disqualified: 178
	Added: 0
	Removed: 8
		år /ˈɔˀ/ - Jíer /jˈiːr/
		tør /ʦʰˈœˀɐ/ - druug /drˈuːx/
		træ /ʦʰʁˈeˀ/ - Boom /bˈoːm/
		bi /b̥ˈiˀ/ - Íeme /ˈiːmə/
		anden /ˈanən/ - uur /ˈuːr/
		ti /ʦʰˈiˀ/ - tjoon /tjˈoːn/
		får /fˈɒˀ/ - Skäip /skˈɛɪ̯p/
		ni /nˈiˀ/ - njúgen /njˈuːɣən/

Iteration 2
	Qualified: 160
	Disqualified: 180
	Added: 0
	Removed: 2
		nord /nˈoɐˀ/ - Noud /nˈoːu̯t/
		ord /ˈoɐˀ/ - Woud /vˈoːu̯d/

Iteration 3
	Qualified: 160
	Disqualified: 180
	Added: 0
	Removed: 0

Final qualifying:
		bjørn /b̥jˈœˀɐn/ - Boar /bˈɔːr/
		bjørn /b̥jˈœˀɐn/ - Boare /bˈɔːrə/
		bjerg /b̥jˈɛɐˀw/ - Bíerig /bˈiːrɪx/
		blad /b̥lˈað̞ˠ/ - Blääd /blˈɛːd/
		blod /b̥lˈoˀð̞ˠ/ - Bloud /blˈoːu̯d/
		blomst /b̥lˈʌmˀst/ - Bloume /blˈoːu̯mə/
		bror /b̥ʁˈoɐ/ - Brúur /brˈuːr/
		bryst /b̥ʁˈœst/ - Brust /brˈʊst/
		brygge /b̥ʁˈœɡ̊ə/ - Brääg /brˈɛːx/
		brød /b̥ʁˈœˀð̞ˠ/ - Brood /brˈoːd/
		bad /b̥ˈað̞ˠ/ - Bäd /bˈɛt/
		ben /b̥ˈeˀn/ - Been /bˈeːn/
		bog /b̥ˈoˀw/ - Bouk /bˈoːu̯k/
		byde /b̥ˈyːð̞ˠə/ - biada /bˈiada/
		barn /b̥ˈɑˀn/ - Bäiden /bˈɛɪ̯dən/
		båd /b̥ˈɔˀð̞ˠ/ - Boot /bˈoːt/
		drikke /d̥ʁˈekə/ - drinke /drˈɪŋkə/
		drive /d̥ʁˈiːw/ - drieuwe /drˈiːwə/
		drømme /d̥ʁˈœmə/ - dreme /drˈeːmə/
		drøm /d̥ʁˈœˀm/ - Droom /drˈoːm/
		dværg /d̥ʋˈæɐˀw/ - Dwärch /dvˈɛrx/
		du /d̥ˈu/ - du /dˈuː/
		dyb /d̥ˈyˀb̥/ - joop /jˈoːp/
		dyr /d̥ˈyˀɐ/ - júur /jˈuːr/
		dag /d̥ˈæˀj/ - Dai /dˈaːi̯/
		dødelig /d̥ˈøːð̞ˠəli/ - dodelk /dˈoːdəlk/
		død /d̥ˈœˀð̞ˠ/ - Dood /dˈoːt/
		datter /d̥ˈɛtɐ/ - Dochter /dˈɔxtər/
		flyve /flˈyːw/ - fljoge /fljˈoːɣə/
		frisk /fʁˈesk/ - frisk /frˈɪsk/
		fisk /fˈesk/ - Fisk /fˈɪsk/
		finger /fˈeŋˀɐ/ - Finger /fˈɪŋər/
		fire /fˈiːɐ/ - fjauer /fjˈaːu̯ər/
		fod /fˈoˀð̞ˠ/ - Fout /fˈoːu̯t/
		fuld /fˈulˀ/ - ful /fˈʊl/
		fugl /fˈuˀl/ - Fúgel /fˈuːɣəl/
		følge /fˈœlə/ - foulgje /fˈoːu̯lɣjə/
		fødder /fˈœð̞ˠɐ/ - Fäite /fˈɛɪ̯tə/
		far /fˈɑː/ - Foar /fˈɔːr/
		fem /fˈɛmˀ/ - fieuw /fˈiːw/
		hed /hˈeˀð̞ˠ/ - heet /hˈeːt/
		hund /hˈunˀ/ - Húund /hˈuːnd/
		hud /hˈuˀð̞ˠ/ - Häid /hˈɛɪ̯d/
		hare /hˈɑːɐ/ - Hoaze /hˈɔːzə/
		hår /hˈɒˀ/ - Híer /hˈiːr/
		her /hˈɛˀɐ/ - hier /hˈir/
		have /hˈɛːw/ - häbe /hˈɛbə/
		honning /hˈʌneŋ/ - Huunich /hˈuːnəx/
		hånd /hˈʌnˀ/ - Hounde /hˈoːu̯ndə/
		høj /hˈʌˀj/ - hoog /hˈoːx/
		jord /jˈoˀɐ/ - Äide /ˈɛɪ̯də/
		hjul /jˈuˀl/ - Jool /jˈoːl/
		hjul /jˈuˀl/ - Wäil /vˈɛɪ̯l/
		jeg /jˈɑj/ - iek /ˈik/
		hjerte /jˈɛɐtə/ - Haat /hˈaːt/
		knæ /kʰnˈeˀ/ - Kniebel /knˈibəl/
		ko /kʰˈoˀ/ - Ku /kˈu/
		kylling /kʰˈyleŋ/ - Sjuuken /sjˈukən/
		kalv /kʰˈɛlˀv/ - Koolich /kˈoːləx/
		kold /kʰˈʌlˀ/ - koold /kˈoːld/
		land /lˈanˀ/ - Lound /lˈoːu̯nd/
		le /lˈeˀ/ - laachje /lˈaːxjə/
		lever /lˈeˀwɐ/ - Líeuwer /lˈiːu̯vər/
		lus /lˈuˀs/ - Lúus /lˈuːs/
		lys /lˈyˀs/ - Lucht /lˈʊxt/
		løv /lˈœˀw/ - Loof /lˈoːf/
		lam /lˈɑmˀ/ - Loum /lˈoːu̯m/
		lang /lˈɑŋˀ/ - loang /lˈɔːŋ/
		let /lˈɛt/ - licht /lˈɪxt/
		menneske /mˈen̩skə/ - Moanske /mˈɔːnskə/
		mor /mˈoːɐ/ - Múur /mˈuːr/
		mus /mˈuˀs/ - Múus /mˈuːs/
		mus /mˈuˀs/ - Muze /mˈuːzə/
		myg /mˈyɡ̊/ - Mäge /mˈɛːɣə/
		meg /mˈɑj/ - mie /mˈi/
		mand /mˈɛnˀ/ - Mon /mˈɔn/
		ny /nˈyˀ/ - näi /nˈɛɪ̯/
		negl /nˈɑjˀl/ - Nail /nˈaːi̯l/
		nål /nˈɔˀl/ - Näddel /nˈɛdəl/
		nat /nˈɛt/ - Noacht /nˈɔːxt/
		næse /nˈɛːsə/ - Noze /nˈoːzə/
		pligt /pʰlˈeɡ̊t/ - Plicht /plˈɪxt/
		skib /skˈiˀb̥/ - Skip /skˈɪp/
		skid /skˈiˀð̞ˠ/ - Skiet /skˈit/
		skid /skˈiˀð̞ˠ/ - Skiete /skˈitə/
		slå /slˈɔˀ/ - slo /slˈoː/
		sne /snˈeˀ/ - Snee /snˈeː/
		stjerne /stjˈæɐnə/ - Stíern /stˈiːrn/
		sten /stˈeˀn/ - Steen /stˈeːn/
		stol /stˈoˀl/ - Stoul /stˈoːu̯l/
		storm /stˈɔˀm/ - Stoarm /stˈɔːrm/
		svin /sʋˈiˀn/ - Swien /swˈin/
		sværd /sʋˈɛɐˀ/ - Swäid /svˈɛɪ̯d/
		sand /sˈanˀ/ - Sound /sˈoːu̯nd/
		se /sˈeː/ - sjo /sjˈoː/
		side /sˈiːð̞ˠə/ - Siede /sˈiːdə/
		sige /sˈiːə/ - soagje /sˈɔːɣjə/
		sort /sˈoɐt/ - swot /svˈɔt/
		syv /sˈyˀw/ - sogen /sˈoːɣən/
		synge /sˈøŋə/ - sjunge /sjˈʊŋə/
		søn /sˈœn/ - Súun /sˈuːn/
		søster /sˈœstɐ/ - Suster /sˈʊstər/
		sød /sˈœˀð̞ˠ/ - swäit /svˈɛɪ̯t/
		sove /sˈɒːw/ - släipe /slˈɛɪ̯pə/
		våben /vˈɔˀb̥m̩/ - Wäipen /vˈɛɪ̯pən/
		grøn /ɡ̊ʁˈœˀn/ - gräin /ɣrˈɛɪ̯n/
		give /ɡ̊ˈiˀ/ - jeeuwe /jˈeːu̯və/
		god /ɡ̊ˈoˀð̞ˠ/ - goud /ɣˈoːu̯d/
		guld /ɡ̊ˈulˀ/ - Gould /ɣˈoːu̯ld/
		gud /ɡ̊ˈuð̞ˠ/ - God /ɣˈɔd/
		gul /ɡ̊ˈuˀl/ - jeel /jˈeːl/
		gås /ɡ̊ˈɔˀs/ - Gous /ɣˈoːu̯s/
		gæst /ɡ̊ˈɛst/ - Gaast /ɣˈaːst/
		ret /ʁˈat/ - riucht /rjˈʊxt/
		ring /ʁˈeŋˀ/ - Ring /rˈɪŋ/
		rig /ʁˈiˀ/ - riek /rˈik/
		rød /ʁˈœˀð̞ˠ/ - rood /rˈoːd/
		vand /ʋˈanˀ/ - Woater /vˈɔːtər/
		hvad /ʋˈað̞ˠ/ - wät /vˈɛt/
		vind /ʋˈenˀ/ - Wíend /vˈiːnd/
		we /ʋˈi/ - wie /vˈi/
		hvid /ʋˈiˀð̞ˠ/ - wiet /vˈit/
		vej /ʋˈɑˀj/ - Wai /vˈaːi̯/
		varm /ʋˈɑˀm/ - woorm /vˈoːrm/
		vejr /ʋˈɛˀɐ/ - Weder /vˈeːdər/
		tre /ʦʰʁˈɛˀ/ - träi /trˈɛɪ̯/
		ting /ʦʰˈeŋˀ/ - Ding /dˈɪŋ/
		tid /ʦʰˈiˀð̞ˠ/ - Tied /tˈiːd/
		to /ʦʰˈoˀ/ - two /tvˈoː/
		to /ʦʰˈoˀ/ - twäin /tvˈɛɪ̯n/
		tusind /ʦʰˈuˀsn̩/ - duusend /dˈuːzənd/
		tyk /ʦʰˈyk/ - tjuk /tjˈʊk/
		tyv /ʦʰˈyˀw/ - Däif /dˈɛɪ̯f/
		tyve /ʦʰˈyːw/ - twintich /tvˈɪntɪx/
		tynd /ʦʰˈønˀ/ - tään /tˈɛːn/
		takke /ʦʰˈɑkə/ - tonkje /tˈɔŋkjə/
		tunge /ʦʰˈɔŋə/ - Tunge /tˈʊŋə/
		tolv /ʦʰˈʌlˀ/ - twelig /tvˈeːlɪx/
		al /ˈal/ - aal /ˈaːl/
		abe /ˈaːb̥ə/ - Oape /ˈɔːpə/
		eg /ˈeˀj/ - Eeke /ˈeːkə/
		en /ˈeˀn/ - aan /ˈaːn/
		æg /ˈeˀɡ̊/ - Oai /ˈɔːɪ̯/
		æble /ˈeːb̥lə/ - Appel /ˈapəl/
		i /ˈiˀ/ - in /ˈɪn/
		is /ˈiˀs/ - Ies /ˈis/
		orm /ˈoɐˀm/ - Wurm /vˈʊrm/
		otte /ˈoːtə/ - oachte /ˈɔːxtə/
		ud /ˈuˀð̞ˠ/ - uut /ˈuːt/
		ugle /ˈuːlə/ - Ule /ˈuːlə/
		øre /ˈøːɐ/ - Oor /ˈoːr/
		ønske /ˈœnskə/ - wonskje /vˈɔnskjə/
		arm /ˈɑˀm/ - Íerm /ˈiːrm/
		ung /ˈɔŋˀ/ - junk /jˈʊŋk/
		ål /ˈɔˀl/ - Äil /ˈɛɪ̯l/
		elleve /ˈɛlʋə/ - alven /ˈalvən/
		aske /ˈɛskə/ - Ääske /ˈɛːskə/
		æde /ˈɛːð̞ˠə/ - iete /ˈitə/
		øje /ˈʌjə/ - Oge /ˈoːɣə/
		os /ˈʌs/ - uus /ˈuːs/

Final disqualified:
		bi /b̥ˈiˀ/ - Íeme /ˈiːmə/
		får /fˈɒˀ/ - Skäip /skˈɛɪ̯p/
		ni /nˈiˀ/ - njúgen /njˈuːɣən/
		nord /nˈoɐˀ/ - Noud /nˈoːu̯t/
		træ /ʦʰʁˈeˀ/ - Boom /bˈoːm/
		ti /ʦʰˈiˀ/ - tjoon /tjˈoːn/
		tør /ʦʰˈœˀɐ/ - druug /drˈuːx/
		anden /ˈanən/ - uur /ˈuːr/
		ord /ˈoɐˀ/ - Woud /vˈoːu̯d/
		år /ˈɔˀ/ - Jíer /jˈiːr/


-------------------

****SAMPLE 3****
Iteration 1
	Qualified: 160
	Disqualified: 180
	Added: 0
	Removed: 10
		ild /ˈilˀ/ - Fjúur /fjˈuːr/
		år /ˈɔˀ/ - Jíer /jˈiːr/
		i /ˈiˀ/ - in /ˈɪn/
		hjerte /jˈɛɐtə/ - Haat /hˈaːt/
		træ /ʦʰʁˈeˀ/ - Boom /bˈoːm/
		anden /ˈanən/ - uur /ˈuːr/
		ulv /ˈulˀʋ/ - Wulf /vˈʊlf/
		får /fˈɒˀ/ - Skäip /skˈɛɪ̯p/
		øje /ˈʌjə/ - Oge /ˈoːɣə/
		ni /nˈiˀ/ - njúgen /njˈuːɣən/

Iteration 2
	Qualified: 159
	Disqualified: 181
	Added: 1
		ulv /ˈulˀʋ/ - Wulf /vˈʊlf/
	Removed: 2
		nord /nˈoɐˀ/ - Noud /nˈoːu̯t/
		ord /ˈoɐˀ/ - Woud /vˈoːu̯d/

Iteration 3
	Qualified: 158
	Disqualified: 182
	Added: 0
	Removed: 1
		ulv /ˈulˀʋ/ - Wulf /vˈʊlf/

Iteration 4
	Qualified: 159
	Disqualified: 181
	Added: 1
		ulv /ˈulˀʋ/ - Wulf /vˈʊlf/
	Removed: 0

Final qualifying:
		bjørn /b̥jˈœˀɐn/ - Boar /bˈɔːr/
		bjørn /b̥jˈœˀɐn/ - Boare /bˈɔːrə/
		bjerg /b̥jˈɛɐˀw/ - Bíerig /bˈiːrɪx/
		blad /b̥lˈað̞ˠ/ - Blääd /blˈɛːd/
		blod /b̥lˈoˀð̞ˠ/ - Bloud /blˈoːu̯d/
		blomst /b̥lˈʌmˀst/ - Bloume /blˈoːu̯mə/
		bryst /b̥ʁˈœst/ - Brust /brˈʊst/
		brød /b̥ʁˈœˀð̞ˠ/ - Brood /brˈoːd/
		bad /b̥ˈað̞ˠ/ - Bäd /bˈɛt/
		ben /b̥ˈeˀn/ - Been /bˈeːn/
		bide /b̥ˈiːð̞ˠə/ - biete /bˈitə/
		bog /b̥ˈoˀw/ - Bouk /bˈoːu̯k/
		byde /b̥ˈyːð̞ˠə/ - biada /bˈiada/
		båd /b̥ˈɔˀð̞ˠ/ - Boot /bˈoːt/
		drive /d̥ʁˈiːw/ - drieuwe /drˈiːwə/
		drømme /d̥ʁˈœmə/ - dreme /drˈeːmə/
		drøm /d̥ʁˈœˀm/ - Droom /drˈoːm/
		dværg /d̥ʋˈæɐˀw/ - Dwärch /dvˈɛrx/
		du /d̥ˈu/ - du /dˈuː/
		dyb /d̥ˈyˀb̥/ - joop /jˈoːp/
		dag /d̥ˈæˀj/ - Dai /dˈaːi̯/
		dødelig /d̥ˈøːð̞ˠəli/ - dodelk /dˈoːdəlk/
		død /d̥ˈœˀð̞ˠ/ - Dood /dˈoːt/
		flue /flˈuːə/ - Fljoge /fljˈoːɣə/
		flyve /flˈyːw/ - fljoge /fljˈoːɣə/
		frisk /fʁˈesk/ - frisk /frˈɪsk/
		frænde /fʁˈɑnə/ - Früünd /frˈyːnd/
		fisk /fˈesk/ - Fisk /fˈɪsk/
		finger /fˈeŋˀɐ/ - Finger /fˈɪŋər/
		fire /fˈiːɐ/ - fjauer /fjˈaːu̯ər/
		fod /fˈoˀð̞ˠ/ - Fout /fˈoːu̯t/
		fuld /fˈulˀ/ - ful /fˈʊl/
		fugl /fˈuˀl/ - Fúgel /fˈuːɣəl/
		fødder /fˈœð̞ˠɐ/ - Fäite /fˈɛɪ̯tə/
		far /fˈɑː/ - Foar /fˈɔːr/
		fem /fˈɛmˀ/ - fieuw /fˈiːw/
		hed /hˈeˀð̞ˠ/ - heet /hˈeːt/
		hoved /hˈoːəð̞ˠ/ - Kop /kˈɔp/
		hundrede /hˈunɐð̞ˠə/ - hundert /hˈʊndərt/
		hund /hˈunˀ/ - Húund /hˈuːnd/
		hus /hˈuˀs/ - Húus /hˈuːs/
		hud /hˈuˀð̞ˠ/ - Häid /hˈɛɪ̯d/
		høre /hˈøːɐ/ - here /hˈeːrə/
		høne /hˈœːnə/ - Hanne /hˈanə/
		hare /hˈɑːɐ/ - Hoaze /hˈɔːzə/
		hår /hˈɒˀ/ - Híer /hˈiːr/
		hellig /hˈɛli/ - helig /hˈɛlɪx/
		her /hˈɛˀɐ/ - hier /hˈir/
		have /hˈɛːw/ - häbe /hˈɛbə/
		honning /hˈʌneŋ/ - Huunich /hˈuːnəx/
		høj /hˈʌˀj/ - hoog /hˈoːx/
		hjul /jˈuˀl/ - Jool /jˈoːl/
		hjul /jˈuˀl/ - Wäil /vˈɛɪ̯l/
		jeg /jˈɑj/ - iek /ˈik/
		hjem /jˈɛˀm/ - Heem /hˈeːm/
		kirke /kʰˈiɐkə/ - Säärke /sˈɛːrkə/
		ko /kʰˈoˀ/ - Ku /kˈu/
		kunne /kʰˈunə/ - konne /kˈɔnə/
		kylling /kʰˈyleŋ/ - Sjuuken /sjˈukən/
		kalv /kʰˈɛlˀv/ - Koolich /kˈoːləx/
		konge /kʰˈʌŋə/ - Köänig /kˈœːnɪx/
		land /lˈanˀ/ - Lound /lˈoːu̯nd/
		le /lˈeˀ/ - laachje /lˈaːxjə/
		lever /lˈeˀwɐ/ - Líeuwer /lˈiːu̯vər/
		lus /lˈuˀs/ - Lúus /lˈuːs/
		løbe /lˈøːb̥ə/ - lope /lˈoːpə/
		løv /lˈœˀw/ - Loof /lˈoːf/
		lam /lˈɑmˀ/ - Loum /lˈoːu̯m/
		lang /lˈɑŋˀ/ - loang /lˈɔːŋ/
		let /lˈɛt/ - licht /lˈɪxt/
		mælk /mˈelˀk/ - Moalk /mˈɔːlk/
		mor /mˈoːɐ/ - Múur /mˈuːr/
		mus /mˈuˀs/ - Múus /mˈuːs/
		mus /mˈuˀs/ - Muze /mˈuːzə/
		meg /mˈɑj/ - mie /mˈi/
		mund /mˈɔnˀ/ - Mund /mˈunt/
		måne /mˈɔːnə/ - Moune /mˈoːu̯nə/
		navn /nˈawˀn/ - Nome /nˈoːmə/
		ny /nˈyˀ/ - näi /nˈɛɪ̯/
		negl /nˈɑjˀl/ - Nail /nˈaːi̯l/
		nat /nˈɛt/ - Noacht /nˈɔːxt/
		næse /nˈɛːsə/ - Noze /nˈoːzə/
		nøgen /nˈʌjən/ - noakend /nˈɔːkənt/
		skarp /skˈap/ - skäärp /skˈɛːrp/
		skid /skˈiˀð̞ˠ/ - Skiet /skˈit/
		skid /skˈiˀð̞ˠ/ - Skiete /skˈitə/
		slange /slˈɑŋə/ - Sloange /slˈɔːŋə/
		slå /slˈɔˀ/ - slo /slˈoː/
		sne /snˈeˀ/ - Snee /snˈeː/
		stjerne /stjˈæɐnə/ - Stíern /stˈiːrn/
		stol /stˈoˀl/ - Stoul /stˈoːu̯l/
		storm /stˈɔˀm/ - Stoarm /stˈɔːrm/
		svin /sʋˈiˀn/ - Swien /swˈin/
		svømme /sʋˈœmə/ - swimme /svˈɪmə/
		sidde /sˈeð̞ˠə/ - sitte /sˈɪtə/
		se /sˈeː/ - sjo /sjˈoː/
		side /sˈiːð̞ˠə/ - Siede /sˈiːdə/
		sige /sˈiːə/ - soagje /sˈɔːɣjə/
		sort /sˈoɐt/ - swot /svˈɔt/
		syv /sˈyˀw/ - sogen /sˈoːɣən/
		synge /sˈøŋə/ - sjunge /sjˈʊŋə/
		søn /sˈœn/ - Súun /sˈuːn/
		søster /sˈœstɐ/ - Suster /sˈʊstər/
		sød /sˈœˀð̞ˠ/ - swäit /svˈɛɪ̯t/
		sove /sˈɒːw/ - släipe /slˈɛɪ̯pə/
		salt /sˈɛlˀt/ - Soalt /sˈɔːlt/
		våben /vˈɔˀb̥m̩/ - Wäipen /vˈɛɪ̯pən/
		græs /ɡ̊ʁˈas/ - Gäärs /ɣˈɛːrs/
		grøn /ɡ̊ʁˈœˀn/ - gräin /ɣrˈɛɪ̯n/
		give /ɡ̊ˈiˀ/ - jeeuwe /jˈeːu̯və/
		guld /ɡ̊ˈulˀ/ - Gould /ɣˈoːu̯ld/
		gul /ɡ̊ˈuˀl/ - jeel /jˈeːl/
		gås /ɡ̊ˈɔˀs/ - Gous /ɣˈoːu̯s/
		gæst /ɡ̊ˈɛst/ - Gaast /ɣˈaːst/
		ret /ʁˈat/ - riucht /rjˈʊxt/
		ring /ʁˈeŋˀ/ - Ring /rˈɪŋ/
		rig /ʁˈiˀ/ - riek /rˈik/
		rød /ʁˈœˀð̞ˠ/ - rood /rˈoːd/
		regn /ʁˈɑjˀn/ - Rien /rˈin/
		røg /ʁˈʌˀj/ - Rook /rˈoːk/
		vand /ʋˈanˀ/ - Woater /vˈɔːtər/
		hvad /ʋˈað̞ˠ/ - wät /vˈɛt/
		vind /ʋˈenˀ/ - Wíend /vˈiːnd/
		we /ʋˈi/ - wie /vˈi/
		hvid /ʋˈiˀð̞ˠ/ - wiet /vˈit/
		vide /ʋˈiːð̞ˠə/ - wíete /vˈiːtə/
		vej /ʋˈɑˀj/ - Wai /vˈaːi̯/
		varm /ʋˈɑˀm/ - woorm /vˈoːrm/
		vejr /ʋˈɛˀɐ/ - Weder /vˈeːdər/
		tre /ʦʰʁˈɛˀ/ - träi /trˈɛɪ̯/
		tid /ʦʰˈiˀð̞ˠ/ - Tied /tˈiːd/
		to /ʦʰˈoˀ/ - two /tvˈoː/
		tusind /ʦʰˈuˀsn̩/ - duusend /dˈuːzənd/
		tysk /ʦʰˈysk/ - düütsk /dˈyːtsk/
		tyv /ʦʰˈyˀw/ - Däif /dˈɛɪ̯f/
		tyve /ʦʰˈyːw/ - twintich /tvˈɪntɪx/
		takke /ʦʰˈɑkə/ - tonkje /tˈɔŋkjə/
		tunge /ʦʰˈɔŋə/ - Tunge /tˈʊŋə/
		tolv /ʦʰˈʌlˀ/ - twelig /tvˈeːlɪx/
		tjørn /ʨˈœɐˀn/ - Touden /tˈoːu̯dən/
		al /ˈal/ - aal /ˈaːl/
		abe /ˈaːb̥ə/ - Oape /ˈɔːpə/
		eg /ˈeˀj/ - Eeke /ˈeːkə/
		en /ˈeˀn/ - aan /ˈaːn/
		æg /ˈeˀɡ̊/ - Oai /ˈɔːɪ̯/
		orm /ˈoɐˀm/ - Wurm /vˈʊrm/
		otte /ˈoːtə/ - oachte /ˈɔːxtə/
		over /ˈoːvɐ/ - uur /ˈuːr/
		uld /ˈulˀ/ - Wulle /vˈʊɫə/
		ulv /ˈulˀʋ/ - Wulf /vˈʊlf/
		ud /ˈuˀð̞ˠ/ - uut /ˈuːt/
		ugle /ˈuːlə/ - Ule /ˈuːlə/
		øre /ˈøːɐ/ - Oor /ˈoːr/
		ønske /ˈœnskə/ - wonskje /vˈɔnskjə/
		arm /ˈɑˀm/ - Íerm /ˈiːrm/
		ung /ˈɔŋˀ/ - junk /jˈʊŋk/
		aske /ˈɛskə/ - Ääske /ˈɛːskə/
		æde /ˈɛːð̞ˠə/ - iete /ˈitə/
		os /ˈʌs/ - uus /ˈuːs/

Final disqualified:
		får /fˈɒˀ/ - Skäip /skˈɛɪ̯p/
		hjerte /jˈɛɐtə/ - Haat /hˈaːt/
		ni /nˈiˀ/ - njúgen /njˈuːɣən/
		nord /nˈoɐˀ/ - Noud /nˈoːu̯t/
		træ /ʦʰʁˈeˀ/ - Boom /bˈoːm/
		anden /ˈanən/ - uur /ˈuːr/
		ild /ˈilˀ/ - Fjúur /fjˈuːr/
		i /ˈiˀ/ - in /ˈɪn/
		ord /ˈoɐˀ/ - Woud /vˈoːu̯d/
		år /ˈɔˀ/ - Jíer /jˈiːr/
		øje /ˈʌjə/ - Oge /ˈoːɣə/


-------------------

****SAMPLE 4****
Iteration 1
	Qualified: 161
	Disqualified: 179
	Added: 0
	Removed: 9
		ord /ˈoɐˀ/ - Woud /vˈoːu̯d/
		hjerte /jˈɛɐtə/ - Haat /hˈaːt/
		træ /ʦʰʁˈeˀ/ - Boom /bˈoːm/
		bi /b̥ˈiˀ/ - Íeme /ˈiːmə/
		anden /ˈanən/ - uur /ˈuːr/
		ulv /ˈulˀʋ/ - Wulf /vˈʊlf/
		ti /ʦʰˈiˀ/ - tjoon /tjˈoːn/
		får /fˈɒˀ/ - Skäip /skˈɛɪ̯p/
		ni /nˈiˀ/ - njúgen /njˈuːɣən/

Iteration 2
	Qualified: 162
	Disqualified: 178
	Added: 1
		ulv /ˈulˀʋ/ - Wulf /vˈʊlf/
	Removed: 0

Iteration 3
	Qualified: 161
	Disqualified: 179
	Added: 0
	Removed: 1
		ulv /ˈulˀʋ/ - Wulf /vˈʊlf/

Final qualifying:
		bjørn /b̥jˈœˀɐn/ - Boare /bˈɔːrə/
		bjerg /b̥jˈɛɐˀw/ - Bíerig /bˈiːrɪx/
		blad /b̥lˈað̞ˠ/ - Blääd /blˈɛːd/
		blomst /b̥lˈʌmˀst/ - Bloume /blˈoːu̯mə/
		bror /b̥ʁˈoɐ/ - Brúur /brˈuːr/
		bryst /b̥ʁˈœst/ - Brust /brˈʊst/
		brød /b̥ʁˈœˀð̞ˠ/ - Brood /brˈoːd/
		bad /b̥ˈað̞ˠ/ - Bäd /bˈɛt/
		bedre /b̥ˈeð̞ˠʁə/ - beter /bˈeːtər/
		bede /b̥ˈeˀ/ - bidde /bˈɪdə/
		bide /b̥ˈiːð̞ˠə/ - biete /bˈitə/
		byde /b̥ˈyːð̞ˠə/ - biada /bˈiada/
		barn /b̥ˈɑˀn/ - Bäiden /bˈɛɪ̯dən/
		båd /b̥ˈɔˀð̞ˠ/ - Boot /bˈoːt/
		drikke /d̥ʁˈekə/ - drinke /drˈɪŋkə/
		drive /d̥ʁˈiːw/ - drieuwe /drˈiːwə/
		drømme /d̥ʁˈœmə/ - dreme /drˈeːmə/
		drøm /d̥ʁˈœˀm/ - Droom /drˈoːm/
		dværg /d̥ʋˈæɐˀw/ - Dwärch /dvˈɛrx/
		dyb /d̥ˈyˀb̥/ - joop /jˈoːp/
		dyr /d̥ˈyˀɐ/ - Díert /dˈiːrt/
		dag /d̥ˈæˀj/ - Dai /dˈaːi̯/
		dødelig /d̥ˈøːð̞ˠəli/ - dodelk /dˈoːdəlk/
		død /d̥ˈœˀð̞ˠ/ - Dood /dˈoːt/
		datter /d̥ˈɛtɐ/ - Dochter /dˈɔxtər/
		flue /flˈuːə/ - Fljoge /fljˈoːɣə/
		flyve /flˈyːw/ - fljoge /fljˈoːɣə/
		frisk /fʁˈesk/ - frisk /frˈɪsk/
		fryse /fʁˈyːsə/ - frjoze /frjˈoːzə/
		frænde /fʁˈɑnə/ - Früünd /frˈyːnd/
		fisk /fˈesk/ - Fisk /fˈɪsk/
		finger /fˈeŋˀɐ/ - Finger /fˈɪŋər/
		fod /fˈoˀð̞ˠ/ - Fout /fˈoːu̯t/
		fuld /fˈulˀ/ - ful /fˈʊl/
		fugl /fˈuˀl/ - Fúgel /fˈuːɣəl/
		følge /fˈœlə/ - foulgje /fˈoːu̯lɣjə/
		fødder /fˈœð̞ˠɐ/ - Fäite /fˈɛɪ̯tə/
		far /fˈɑː/ - Foar /fˈɔːr/
		fem /fˈɛmˀ/ - fieuw /fˈiːw/
		hed /hˈeˀð̞ˠ/ - heet /hˈeːt/
		horn /hˈoɐˀn/ - Houden /hˈoːu̯dən/
		hoved /hˈoːəð̞ˠ/ - Haud /hˈaːu̯d/
		hoved /hˈoːəð̞ˠ/ - Kop /kˈɔp/
		hund /hˈunˀ/ - Húund /hˈuːnd/
		hud /hˈuˀð̞ˠ/ - Häid /hˈɛɪ̯d/
		høne /hˈœːnə/ - Hanne /hˈanə/
		hare /hˈɑːɐ/ - Hoaze /hˈɔːzə/
		hår /hˈɒˀ/ - Híer /hˈiːr/
		her /hˈɛˀɐ/ - hier /hˈir/
		have /hˈɛːw/ - häbe /hˈɛbə/
		hånd /hˈʌnˀ/ - Hounde /hˈoːu̯ndə/
		høj /hˈʌˀj/ - hoog /hˈoːx/
		jord /jˈoˀɐ/ - Äide /ˈɛɪ̯də/
		hjul /jˈuˀl/ - Wäil /vˈɛɪ̯l/
		jeg /jˈɑj/ - iek /ˈik/
		hjem /jˈɛˀm/ - Heem /hˈeːm/
		knæ /kʰnˈeˀ/ - Kniebel /knˈibəl/
		kirke /kʰˈiɐkə/ - Säärke /sˈɛːrkə/
		kunne /kʰˈunə/ - konne /kˈɔnə/
		kylling /kʰˈyleŋ/ - Sjuuken /sjˈukən/
		kalv /kʰˈɛlˀv/ - Koolich /kˈoːləx/
		kold /kʰˈʌlˀ/ - koold /kˈoːld/
		konge /kʰˈʌŋə/ - Köänig /kˈœːnɪx/
		land /lˈanˀ/ - Lound /lˈoːu̯nd/
		le /lˈeˀ/ - laachje /lˈaːxjə/
		lever /lˈeˀwɐ/ - Líeuwer /lˈiːu̯vər/
		lys /lˈyˀs/ - Lucht /lˈʊxt/
		løbe /lˈøːb̥ə/ - lope /lˈoːpə/
		løv /lˈœˀw/ - Loof /lˈoːf/
		lang /lˈɑŋˀ/ - loang /lˈɔːŋ/
		let /lˈɛt/ - licht /lˈɪxt/
		mælk /mˈelˀk/ - Moalk /mˈɔːlk/
		menneske /mˈen̩skə/ - Moanske /mˈɔːnskə/
		mus /mˈuˀs/ - Múus /mˈuːs/
		mus /mˈuˀs/ - Muze /mˈuːzə/
		myg /mˈyɡ̊/ - Mäge /mˈɛːɣə/
		meg /mˈɑj/ - mie /mˈi/
		mund /mˈɔnˀ/ - Mund /mˈunt/
		måne /mˈɔːnə/ - Moune /mˈoːu̯nə/
		mand /mˈɛnˀ/ - Mon /mˈɔn/
		navn /nˈawˀn/ - Nome /nˈoːmə/
		nord /nˈoɐˀ/ - Noud /nˈoːu̯t/
		ny /nˈyˀ/ - näi /nˈɛɪ̯/
		negl /nˈɑjˀl/ - Nail /nˈaːi̯l/
		nat /nˈɛt/ - Noacht /nˈɔːxt/
		næse /nˈɛːsə/ - Noze /nˈoːzə/
		nøgen /nˈʌjən/ - noakend /nˈɔːkənt/
		pligt /pʰlˈeɡ̊t/ - Plicht /plˈɪxt/
		skarp /skˈap/ - skäärp /skˈɛːrp/
		skib /skˈiˀb̥/ - Skip /skˈɪp/
		skid /skˈiˀð̞ˠ/ - Skiet /skˈit/
		slange /slˈɑŋə/ - Sloange /slˈɔːŋə/
		sne /snˈeˀ/ - Snee /snˈeː/
		stjerne /stjˈæɐnə/ - Stíern /stˈiːrn/
		stol /stˈoˀl/ - Stoul /stˈoːu̯l/
		storm /stˈɔˀm/ - Stoarm /stˈɔːrm/
		svin /sʋˈiˀn/ - Swien /swˈin/
		svømme /sʋˈœmə/ - swimme /svˈɪmə/
		sværd /sʋˈɛɐˀ/ - Swäid /svˈɛɪ̯d/
		sand /sˈanˀ/ - Sound /sˈoːu̯nd/
		sidde /sˈeð̞ˠə/ - sitte /sˈɪtə/
		sige /sˈiːə/ - soagje /sˈɔːɣjə/
		sort /sˈoɐt/ - swot /svˈɔt/
		syv /sˈyˀw/ - sogen /sˈoːɣən/
		synge /sˈøŋə/ - sjunge /sjˈʊŋə/
		søn /sˈœn/ - Súun /sˈuːn/
		sød /sˈœˀð̞ˠ/ - swäit /svˈɛɪ̯t/
		sove /sˈɒːw/ - släipe /slˈɛɪ̯pə/
		seks /sˈɛks/ - säks /sˈɛks/
		salt /sˈɛlˀt/ - Soalt /sˈɔːlt/
		våben /vˈɔˀb̥m̩/ - Wäipen /vˈɛɪ̯pən/
		græs /ɡ̊ʁˈas/ - Gäärs /ɣˈɛːrs/
		grøn /ɡ̊ʁˈœˀn/ - gräin /ɣrˈɛɪ̯n/
		give /ɡ̊ˈiˀ/ - jeeuwe /jˈeːu̯və/
		gul /ɡ̊ˈuˀl/ - jeel /jˈeːl/
		gås /ɡ̊ˈɔˀs/ - Gous /ɣˈoːu̯s/
		gæst /ɡ̊ˈɛst/ - Gaast /ɣˈaːst/
		ret /ʁˈat/ - riucht /rjˈʊxt/
		rig /ʁˈiˀ/ - riek /rˈik/
		rød /ʁˈœˀð̞ˠ/ - rood /rˈoːd/
		regn /ʁˈɑjˀn/ - Rien /rˈin/
		røg /ʁˈʌˀj/ - Rook /rˈoːk/
		vand /ʋˈanˀ/ - Woater /vˈɔːtər/
		hvad /ʋˈað̞ˠ/ - wät /vˈɛt/
		vind /ʋˈenˀ/ - Wíend /vˈiːnd/
		vide /ʋˈiːð̞ˠə/ - wíete /vˈiːtə/
		vej /ʋˈɑˀj/ - Wai /vˈaːi̯/
		varm /ʋˈɑˀm/ - woorm /vˈoːrm/
		vejr /ʋˈɛˀɐ/ - Weder /vˈeːdər/
		ting /ʦʰˈeŋˀ/ - Ding /dˈɪŋ/
		tid /ʦʰˈiˀð̞ˠ/ - Tied /tˈiːd/
		to /ʦʰˈoˀ/ - two /tvˈoː/
		to /ʦʰˈoˀ/ - twäin /tvˈɛɪ̯n/
		tusind /ʦʰˈuˀsn̩/ - duusend /dˈuːzənd/
		tysk /ʦʰˈysk/ - düütsk /dˈyːtsk/
		tyv /ʦʰˈyˀw/ - Däif /dˈɛɪ̯f/
		tyve /ʦʰˈyːw/ - twintich /tvˈɪntɪx/
		tynd /ʦʰˈønˀ/ - tään /tˈɛːn/
		tør /ʦʰˈœˀɐ/ - druug /drˈuːx/
		tunge /ʦʰˈɔŋə/ - Tunge /tˈʊŋə/
		tolv /ʦʰˈʌlˀ/ - twelig /tvˈeːlɪx/
		tjørn /ʨˈœɐˀn/ - Touden /tˈoːu̯dən/
		al /ˈal/ - aal /ˈaːl/
		abe /ˈaːb̥ə/ - Oape /ˈɔːpə/
		eg /ˈeˀj/ - Eeke /ˈeːkə/
		en /ˈeˀn/ - aan /ˈaːn/
		æble /ˈeːb̥lə/ - Appel /ˈapəl/
		ild /ˈilˀ/ - Fjúur /fjˈuːr/
		orm /ˈoɐˀm/ - Wurm /vˈʊrm/
		otte /ˈoːtə/ - oachte /ˈɔːxtə/
		over /ˈoːvɐ/ - uur /ˈuːr/
		uld /ˈulˀ/ - Wulle /vˈʊɫə/
		ud /ˈuˀð̞ˠ/ - uut /ˈuːt/
		ugle /ˈuːlə/ - Ule /ˈuːlə/
		øre /ˈøːɐ/ - Oor /ˈoːr/
		arm /ˈɑˀm/ - Íerm /ˈiːrm/
		ovn /ˈɒwˀn/ - Ougend /ˈoːu̯ɣənt/
		ål /ˈɔˀl/ - Äil /ˈɛɪ̯l/
		elleve /ˈɛlʋə/ - alven /ˈalvən/
		aske /ˈɛskə/ - Ääske /ˈɛːskə/
		æde /ˈɛːð̞ˠə/ - iete /ˈitə/

Final disqualified:
		bi /b̥ˈiˀ/ - Íeme /ˈiːmə/
		får /fˈɒˀ/ - Skäip /skˈɛɪ̯p/
		hjerte /jˈɛɐtə/ - Haat /hˈaːt/
		ni /nˈiˀ/ - njúgen /njˈuːɣən/
		træ /ʦʰʁˈeˀ/ - Boom /bˈoːm/
		ti /ʦʰˈiˀ/ - tjoon /tjˈoːn/
		anden /ˈanən/ - uur /ˈuːr/
		ord /ˈoɐˀ/ - Woud /vˈoːu̯d/
		ulv /ˈulˀʋ/ - Wulf /vˈʊlf/


-------------------

****SAMPLE 5****
Iteration 1
	Qualified: 161
	Disqualified: 179
	Added: 0
	Removed: 9
		ild /ˈilˀ/ - Fjúur /fjˈuːr/
		år /ˈɔˀ/ - Jíer /jˈiːr/
		ord /ˈoɐˀ/ - Woud /vˈoːu̯d/
		hjerte /jˈɛɐtə/ - Haat /hˈaːt/
		tør /ʦʰˈœˀɐ/ - druug /drˈuːx/
		træ /ʦʰʁˈeˀ/ - Boom /bˈoːm/
		bi /b̥ˈiˀ/ - Íeme /ˈiːmə/
		ti /ʦʰˈiˀ/ - tjoon /tjˈoːn/
		ni /nˈiˀ/ - njúgen /njˈuːɣən/

Iteration 2
	Qualified: 160
	Disqualified: 180
	Added: 0
	Removed: 1
		ulv /ˈulˀʋ/ - Wulf /vˈʊlf/

Iteration 3
	Qualified: 161
	Disqualified: 179
	Added: 1
		ulv /ˈulˀʋ/ - Wulf /vˈʊlf/
	Removed: 0

Final qualifying:
		bjørn /b̥jˈœˀɐn/ - Boar /bˈɔːr/
		bjørn /b̥jˈœˀɐn/ - Boare /bˈɔːrə/
		blad /b̥lˈað̞ˠ/ - Blääd /blˈɛːd/
		blod /b̥lˈoˀð̞ˠ/ - Bloud /blˈoːu̯d/
		blomst /b̥lˈʌmˀst/ - Bloume /blˈoːu̯mə/
		bror /b̥ʁˈoɐ/ - Brúur /brˈuːr/
		bryst /b̥ʁˈœst/ - Brust /brˈʊst/
		brygge /b̥ʁˈœɡ̊ə/ - Brääg /brˈɛːx/
		brød /b̥ʁˈœˀð̞ˠ/ - Brood /brˈoːd/
		bad /b̥ˈað̞ˠ/ - Bäd /bˈɛt/
		bedre /b̥ˈeð̞ˠʁə/ - beter /bˈeːtər/
		ben /b̥ˈeˀn/ - Been /bˈeːn/
		bide /b̥ˈiːð̞ˠə/ - biete /bˈitə/
		bog /b̥ˈoˀw/ - Bouk /bˈoːu̯k/
		barn /b̥ˈɑˀn/ - Bäiden /bˈɛɪ̯dən/
		båd /b̥ˈɔˀð̞ˠ/ - Boot /bˈoːt/
		drikke /d̥ʁˈekə/ - drinke /drˈɪŋkə/
		drive /d̥ʁˈiːw/ - drieuwe /drˈiːwə/
		drømme /d̥ʁˈœmə/ - dreme /drˈeːmə/
		drøm /d̥ʁˈœˀm/ - Droom /drˈoːm/
		du /d̥ˈu/ - du /dˈuː/
		dyb /d̥ˈyˀb̥/ - joop /jˈoːp/
		dyr /d̥ˈyˀɐ/ - Díert /dˈiːrt/
		dyr /d̥ˈyˀɐ/ - júur /jˈuːr/
		dag /d̥ˈæˀj/ - Dai /dˈaːi̯/
		dødelig /d̥ˈøːð̞ˠəli/ - dodelk /dˈoːdəlk/
		død /d̥ˈœˀð̞ˠ/ - Dood /dˈoːt/
		datter /d̥ˈɛtɐ/ - Dochter /dˈɔxtər/
		flue /flˈuːə/ - Fljoge /fljˈoːɣə/
		frisk /fʁˈesk/ - frisk /frˈɪsk/
		fryse /fʁˈyːsə/ - frjoze /frjˈoːzə/
		frænde /fʁˈɑnə/ - Früünd /frˈyːnd/
		finger /fˈeŋˀɐ/ - Finger /fˈɪŋər/
		fire /fˈiːɐ/ - fjauer /fjˈaːu̯ər/
		fuld /fˈulˀ/ - ful /fˈʊl/
		fugl /fˈuˀl/ - Fúgel /fˈuːɣəl/
		følge /fˈœlə/ - foulgje /fˈoːu̯lɣjə/
		fødder /fˈœð̞ˠɐ/ - Fäite /fˈɛɪ̯tə/
		far /fˈɑː/ - Foar /fˈɔːr/
		får /fˈɒˀ/ - Skäip /skˈɛɪ̯p/
		fem /fˈɛmˀ/ - fieuw /fˈiːw/
		horn /hˈoɐˀn/ - Houden /hˈoːu̯dən/
		hoved /hˈoːəð̞ˠ/ - Haud /hˈaːu̯d/
		hoved /hˈoːəð̞ˠ/ - Kop /kˈɔp/
		hundrede /hˈunɐð̞ˠə/ - hundert /hˈʊndərt/
		hus /hˈuˀs/ - Húus /hˈuːs/
		høre /hˈøːɐ/ - here /hˈeːrə/
		høne /hˈœːnə/ - Hanne /hˈanə/
		hare /hˈɑːɐ/ - Hoaze /hˈɔːzə/
		hellig /hˈɛli/ - helig /hˈɛlɪx/
		have /hˈɛːw/ - häbe /hˈɛbə/
		hånd /hˈʌnˀ/ - Hounde /hˈoːu̯ndə/
		høj /hˈʌˀj/ - hoog /hˈoːx/
		jord /jˈoˀɐ/ - Äide /ˈɛɪ̯də/
		hjul /jˈuˀl/ - Jool /jˈoːl/
		hjul /jˈuˀl/ - Wäil /vˈɛɪ̯l/
		hjem /jˈɛˀm/ - Heem /hˈeːm/
		kirke /kʰˈiɐkə/ - Säärke /sˈɛːrkə/
		ko /kʰˈoˀ/ - Ku /kˈu/
		kunne /kʰˈunə/ - konne /kˈɔnə/
		kylling /kʰˈyleŋ/ - Sjuuken /sjˈukən/
		kalv /kʰˈɛlˀv/ - Koolich /kˈoːləx/
		kold /kʰˈʌlˀ/ - koold /kˈoːld/
		konge /kʰˈʌŋə/ - Köänig /kˈœːnɪx/
		le /lˈeˀ/ - laachje /lˈaːxjə/
		lus /lˈuˀs/ - Lúus /lˈuːs/
		lys /lˈyˀs/ - Lucht /lˈʊxt/
		løbe /lˈøːb̥ə/ - lope /lˈoːpə/
		let /lˈɛt/ - licht /lˈɪxt/
		mælk /mˈelˀk/ - Moalk /mˈɔːlk/
		menneske /mˈen̩skə/ - Moanske /mˈɔːnskə/
		mor /mˈoːɐ/ - Múur /mˈuːr/
		mus /mˈuˀs/ - Muze /mˈuːzə/
		myg /mˈyɡ̊/ - Mäge /mˈɛːɣə/
		meg /mˈɑj/ - mie /mˈi/
		mund /mˈɔnˀ/ - Mund /mˈunt/
		måne /mˈɔːnə/ - Moune /mˈoːu̯nə/
		nord /nˈoɐˀ/ - Noud /nˈoːu̯t/
		ny /nˈyˀ/ - näi /nˈɛɪ̯/
		negl /nˈɑjˀl/ - Nail /nˈaːi̯l/
		nål /nˈɔˀl/ - Näddel /nˈɛdəl/
		nat /nˈɛt/ - Noacht /nˈɔːxt/
		næse /nˈɛːsə/ - Noze /nˈoːzə/
		nøgen /nˈʌjən/ - noakend /nˈɔːkənt/
		skarp /skˈap/ - skäärp /skˈɛːrp/
		skib /skˈiˀb̥/ - Skip /skˈɪp/
		skid /skˈiˀð̞ˠ/ - Skiet /skˈit/
		skid /skˈiˀð̞ˠ/ - Skiete /skˈitə/
		slå /slˈɔˀ/ - slo /slˈoː/
		sten /stˈeˀn/ - Steen /stˈeːn/
		stol /stˈoˀl/ - Stoul /stˈoːu̯l/
		svømme /sʋˈœmə/ - swimme /svˈɪmə/
		sand /sˈanˀ/ - Sound /sˈoːu̯nd/
		se /sˈeː/ - sjo /sjˈoː/
		side /sˈiːð̞ˠə/ - Siede /sˈiːdə/
		sige /sˈiːə/ - soagje /sˈɔːɣjə/
		sort /sˈoɐt/ - swot /svˈɔt/
		syv /sˈyˀw/ - sogen /sˈoːɣən/
		synge /sˈøŋə/ - sjunge /sjˈʊŋə/
		søn /sˈœn/ - Súun /sˈuːn/
		søster /sˈœstɐ/ - Suster /sˈʊstər/
		sød /sˈœˀð̞ˠ/ - swäit /svˈɛɪ̯t/
		sove /sˈɒːw/ - släipe /slˈɛɪ̯pə/
		seks /sˈɛks/ - säks /sˈɛks/
		salt /sˈɛlˀt/ - Soalt /sˈɔːlt/
		våben /vˈɔˀb̥m̩/ - Wäipen /vˈɛɪ̯pən/
		græs /ɡ̊ʁˈas/ - Gäärs /ɣˈɛːrs/
		grøn /ɡ̊ʁˈœˀn/ - gräin /ɣrˈɛɪ̯n/
		give /ɡ̊ˈiˀ/ - jeeuwe /jˈeːu̯və/
		god /ɡ̊ˈoˀð̞ˠ/ - goud /ɣˈoːu̯d/
		guld /ɡ̊ˈulˀ/ - Gould /ɣˈoːu̯ld/
		gul /ɡ̊ˈuˀl/ - jeel /jˈeːl/
		ret /ʁˈat/ - riucht /rjˈʊxt/
		ring /ʁˈeŋˀ/ - Ring /rˈɪŋ/
		rig /ʁˈiˀ/ - riek /rˈik/
		rød /ʁˈœˀð̞ˠ/ - rood /rˈoːd/
		røg /ʁˈʌˀj/ - Rook /rˈoːk/
		vand /ʋˈanˀ/ - Woater /vˈɔːtər/
		hvad /ʋˈað̞ˠ/ - wät /vˈɛt/
		vind /ʋˈenˀ/ - Wíend /vˈiːnd/
		we /ʋˈi/ - wie /vˈi/
		hvid /ʋˈiˀð̞ˠ/ - wiet /vˈit/
		vide /ʋˈiːð̞ˠə/ - wíete /vˈiːtə/
		varm /ʋˈɑˀm/ - woorm /vˈoːrm/
		tre /ʦʰʁˈɛˀ/ - träi /trˈɛɪ̯/
		ting /ʦʰˈeŋˀ/ - Ding /dˈɪŋ/
		tid /ʦʰˈiˀð̞ˠ/ - Tied /tˈiːd/
		to /ʦʰˈoˀ/ - two /tvˈoː/
		to /ʦʰˈoˀ/ - twäin /tvˈɛɪ̯n/
		tusind /ʦʰˈuˀsn̩/ - duusend /dˈuːzənd/
		tyk /ʦʰˈyk/ - tjuk /tjˈʊk/
		tyv /ʦʰˈyˀw/ - Däif /dˈɛɪ̯f/
		tyve /ʦʰˈyːw/ - twintich /tvˈɪntɪx/
		tynd /ʦʰˈønˀ/ - tään /tˈɛːn/
		takke /ʦʰˈɑkə/ - tonkje /tˈɔŋkjə/
		tunge /ʦʰˈɔŋə/ - Tunge /tˈʊŋə/
		tolv /ʦʰˈʌlˀ/ - twelig /tvˈeːlɪx/
		tjørn /ʨˈœɐˀn/ - Touden /tˈoːu̯dən/
		al /ˈal/ - aal /ˈaːl/
		abe /ˈaːb̥ə/ - Oape /ˈɔːpə/
		eg /ˈeˀj/ - Eeke /ˈeːkə/
		en /ˈeˀn/ - aan /ˈaːn/
		æg /ˈeˀɡ̊/ - Oai /ˈɔːɪ̯/
		æble /ˈeːb̥lə/ - Appel /ˈapəl/
		i /ˈiˀ/ - in /ˈɪn/
		is /ˈiˀs/ - Ies /ˈis/
		orm /ˈoɐˀm/ - Wurm /vˈʊrm/
		otte /ˈoːtə/ - oachte /ˈɔːxtə/
		uld /ˈulˀ/ - Wulle /vˈʊɫə/
		ulv /ˈulˀʋ/ - Wulf /vˈʊlf/
		ud /ˈuˀð̞ˠ/ - uut /ˈuːt/
		ugle /ˈuːlə/ - Ule /ˈuːlə/
		øre /ˈøːɐ/ - Oor /ˈoːr/
		ønske /ˈœnskə/ - wonskje /vˈɔnskjə/
		arm /ˈɑˀm/ - Íerm /ˈiːrm/
		ovn /ˈɒwˀn/ - Ougend /ˈoːu̯ɣənt/
		ung /ˈɔŋˀ/ - junk /jˈʊŋk/
		aske /ˈɛskə/ - Ääske /ˈɛːskə/
		æde /ˈɛːð̞ˠə/ - iete /ˈitə/
		øje /ˈʌjə/ - Oge /ˈoːɣə/
		os /ˈʌs/ - uus /ˈuːs/

Final disqualified:
		bi /b̥ˈiˀ/ - Íeme /ˈiːmə/
		hjerte /jˈɛɐtə/ - Haat /hˈaːt/
		ni /nˈiˀ/ - njúgen /njˈuːɣən/
		træ /ʦʰʁˈeˀ/ - Boom /bˈoːm/
		ti /ʦʰˈiˀ/ - tjoon /tjˈoːn/
		tør /ʦʰˈœˀɐ/ - druug /drˈuːx/
		ild /ˈilˀ/ - Fjúur /fjˈuːr/
		ord /ˈoɐˀ/ - Woud /vˈoːu̯d/
		år /ˈɔˀ/ - Jíer /jˈiːr/


-------------------

