/brˈada/ - /brˈada/
b-b / r-r / a-a / ˈ-∅ / d-d / a-a
{0: [0], 1: [1], 2: [2], 3: [3], 4: [4], 5: [5]}
{0: [0], 1: [1], 2: [2], 3: None, 4: [3], 5: [4]}
COST: 23.972

-------------------

/brˈɛza/ - /brˈɛza/
b-b / r-r / ɛ-ɛ / ˈ-∅ / z-z / a-a
{0: [0], 1: [1], 2: [2], 3: [3], 4: [4], 5: [5]}
{0: [0], 1: [1], 2: [2], 3: None, 4: [3], 5: [4]}
COST: 24.682

-------------------

/bˈoɡ̊/ - /bˈɔx/
b-b / o-ɔ / ˈ-∅ / ɡ̊-x
{0: [0], 1: [1], 2: [2], 3: [3]}
{0: [0], 1: [1], 2: None, 3: [2]}
COST: 14.177

-------------------

/bˈɛz̥/ - /bˈɛz̥/
b-b / ɛ-ɛ / ∅-z̥ / ˈ-∅ / z̥-∅
{0: [0], 1: [1], 2: None, 3: [2], 4: [3]}
{0: [0], 1: [1], 2: [2], 3: None, 4: None}
COST: 0.065

-------------------

/bˈɛɫ/ - /bɪ̯ˈɛli/
b-b / ɛ-ɪ̯ɛ / ˈ-∅ / ɫ-l / #>-i_#>
{0: [0], 1: [1], 2: [2], 3: [3], 4: None}
{0: [0], 1: [1], 2: None, 3: [2], 4: [3]}
COST: 11.312

-------------------

/cˈɛrka/ - /ʦˈeːra/
c-ʦ / ∅-eː / ɛ-∅ / ˈ-∅ / r-r / k_a-a
{0: [0], 1: None, 2: [1], 3: [2], 4: [3], 5: [4, 5]}
{0: [0], 1: [1], 2: None, 3: None, 4: [2], 5: [3]}
COST: -3.271

-------------------

/dvˈa/ - /dʋˈa/
d-d / v-ʋ / a-a / ˈ-∅
{0: [0], 1: [1], 2: [2], 3: [3]}
{0: [0], 1: [1], 2: [2], 3: None}
COST: 10.174

-------------------

/dˈabar/ - /bˈɔbɔr/
<#_d-<# / ∅-b / a-ɔ / ˈ-∅ / b-b / a-ɔ / r-r
{0: [0], 1: None, 2: [1], 3: [2], 4: [3], 5: [4], 6: [5]}
{0: None, 1: [0], 2: [1], 3: None, 4: [2], 5: [3], 6: [4]}
COST: 2.217

-------------------

/dˈim/ - /dˈim/
d-d / i-i / ˈ-∅ / m-m
{0: [0], 1: [1], 2: [2], 3: [3]}
{0: [0], 1: [1], 2: None, 3: [2]}
COST: 16.258

-------------------

/dˈobar/ - /dˈɔbriː/
d-d / o-ɔ / ˈ-∅ / b-b / a-∅ / r-r / ∅-iː
{0: [0], 1: [1], 2: [2], 3: [3], 4: [4], 5: [5], 6: None}
{0: [0], 1: [1], 2: None, 3: [2], 4: None, 5: [3], 6: [4]}
COST: 10.533

-------------------

/dˈoɫɡ̊/ - /dˈɫ̩ɦiː/
d-d / o-ɫ̩ / ∅-ɦ / ∅-iː / ˈ-∅ / ɫ-∅ / ɡ̊_#>-#>
{0: [0], 1: [1], 2: None, 3: None, 4: [2], 5: [3], 6: [4]}
{0: [0], 1: [1], 2: [2], 3: [3], 4: None, 5: None, 6: None}
COST: -9.981

-------------------

/dˈr̩vo/ - /drˈɛʋɔ/
d-d / r̩-r / ∅-ɛ / ˈ-∅ / v-ʋ / o_#>-ɔ_#>
{0: [0], 1: [1], 2: None, 3: [2], 4: [3], 5: [4]}
{0: [0], 1: [1], 2: [2], 3: None, 4: [3], 5: [4]}
COST: 7.121

-------------------

/dˈɛn/ - /ɟˈɛɲ/
d-ɟ / ɛ-ɛ / ˈ-∅ / n-ɲ
{0: [0], 1: [1], 2: [2], 3: [3]}
{0: [0], 1: [1], 2: None, 3: [2]}
COST: 13.364

-------------------

/dˈɛsɛt/ - /ɟˈɛsac/
d-ɟ / ɛ-ɛ / ˈ-∅ / s-s / ɛ-a / t-c
{0: [0], 1: [1], 2: [2], 3: [3], 4: [4], 5: [5]}
{0: [0], 1: [1], 2: None, 3: [2], 4: [3], 5: [4]}
COST: 16.36

-------------------

/dˈɛvɛt/ - /ɟˈɛʋæc/
d-ɟ / ɛ-ɛ / ˈ-∅ / v-ʋ / ɛ-æ / t-c
{0: [0], 1: [1], 2: [2], 3: [3], 4: [4], 5: [5]}
{0: [0], 1: [1], 2: None, 3: [2], 4: [3], 5: [4]}
COST: 17.002

-------------------

/jˈabɔɫkɔ/ - /jˈabl̩kɔ/
j-j / a-a / ˈ-∅ / b-b / ∅-l̩ / ɔ-∅ / ɫ-∅ / k-k / ɔ-ɔ
{0: [0], 1: [1], 2: [2], 3: [3], 4: None, 5: [4], 6: [5], 7: [6], 8: [7]}
{0: [0], 1: [1], 2: None, 3: [2], 4: [3], 5: None, 6: None, 7: [4], 8: [5]}
COST: 10.421

-------------------

/jˈas/ - /jˈa/
j-j / a-a / ˈ-∅ / s_#>-#>
{0: [0], 1: [1], 2: [2], 3: [3]}
{0: [0], 1: [1], 2: None, 3: None}
COST: 6.887

-------------------

/jˈasɛn/ - /jˈasniː/
j-j / a-a / ˈ-∅ / s-s / ɛ-∅ / n-n / ∅-iː
{0: [0], 1: [1], 2: [2], 3: [3], 4: [4], 5: [5], 6: None}
{0: [0], 1: [1], 2: None, 3: [2], 4: None, 5: [3], 6: [4]}
COST: 10.484

-------------------

/jˈazik/ - /jˈazik/
j-j / a-a / ˈ-∅ / z-z / i-i / k-k
{0: [0], 1: [1], 2: [2], 3: [3], 4: [4], 5: [5]}
{0: [0], 1: [1], 2: None, 3: [2], 4: [3], 5: [4]}
COST: 26.906

-------------------

/jˈaɡlɛn/ - /ˈuɦʎɪ̯ɛ/
j-∅ / a-u / ˈ-∅ / ɡ-ɦ / l-ʎ / ɛ-ɪ̯ɛ / n-∅
{0: [0], 1: [1], 2: [2], 3: [3], 4: [4], 5: [5], 6: [6]}
{0: None, 1: [0], 2: None, 3: [1], 4: [2], 5: [3], 6: None}
COST: -1.542

-------------------

/jˈaɡoda/ - /jˈaɦɔda/
j-j / a-a / ˈ-∅ / ɡ-ɦ / o-ɔ / d-d / a-a
{0: [0], 1: [1], 2: [2], 3: [3], 4: [4], 5: [5], 6: [6]}
{0: [0], 1: [1], 2: None, 3: [2], 4: [3], 5: [4], 6: [5]}
COST: 21.301

-------------------

/jˈuva/ - /jˈuxa/
j-j / u-u / ˈ-∅ / v-x / a-a
{0: [0], 1: [1], 2: [2], 3: [3], 4: [4]}
{0: [0], 1: [1], 2: None, 3: [2], 4: [3]}
COST: 18.627

-------------------

/krˈava/ - /krˈaʋa/
k-k / r-r / a-a / ˈ-∅ / v-ʋ / a-a
{0: [0], 1: [1], 2: [2], 3: [3], 4: [4], 5: [5]}
{0: [0], 1: [1], 2: [2], 3: None, 4: [3], 5: [4]}
COST: 18.33

-------------------

/krˈaɫ/ - /krˈaːʎ/
k-k / r-r / a_ˈ-aː / ɫ_#>-ʎ_#>
{0: [0], 1: [1], 2: [2, 3], 3: [4]}
{0: [0], 1: [1], 2: [2], 3: [3]}
COST: 21.656

-------------------

/krˈiɫo/ - /krˈiːdɫɔ/
k-k / r-r / ∅-iː / ∅-d / i-∅ / ˈ-∅ / ɫ-ɫ / o_#>-ɔ_#>
{0: [0], 1: [1], 2: None, 3: None, 4: [2], 5: [3], 6: [4], 7: [5]}
{0: [0], 1: [1], 2: [2], 3: [3], 4: None, 5: None, 6: [4], 7: [5]}
COST: 4.682

-------------------

/kˈamɛn/ - /kˈamɛɲ/
k-k / a-a / ˈ-∅ / m-m / ɛ-ɛ / n-ɲ
{0: [0], 1: [1], 2: [2], 3: [3], 4: [4], 5: [5]}
{0: [0], 1: [1], 2: None, 3: [2], 4: [3], 5: [4]}
COST: 22.549

-------------------

/kˈasa/ - /kˈuːsac/
k-k / a-uː / ˈ-∅ / s-s / a-a / #>-c_#>
{0: [0], 1: [1], 2: [2], 3: [3], 4: [4], 5: None}
{0: [0], 1: [1], 2: None, 3: [2], 4: [3], 5: [4]}
COST: 12.245

-------------------

/kˈolɛno/ - /kˈɔlɛnɔ/
k-k / o-ɔ / ˈ-∅ / l-l / ɛ-ɛ / n-n / o_#>-ɔ_#>
{0: [0], 1: [1], 2: [2], 3: [3], 4: [4], 5: [5], 6: [6]}
{0: [0], 1: [1], 2: None, 3: [2], 4: [3], 5: [4], 6: [5]}
COST: 27.703

-------------------

/kˈora/ - /kʊ̯ˈɔra/
k-k / o-ʊ̯ɔ / ˈ-∅ / r-r / a-a
{0: [0], 1: [1], 2: [2], 3: [3], 4: [4]}
{0: [0], 1: [1], 2: None, 3: [2], 4: [3]}
COST: 17.426

-------------------

/kˈorɛn/ - /kˈɔrɛɲ/
k-k / o-ɔ / ˈ-∅ / r-r / ɛ-ɛ / n-ɲ
{0: [0], 1: [1], 2: [2], 3: [3], 4: [4], 5: [5]}
{0: [0], 1: [1], 2: None, 3: [2], 4: [3], 5: [4]}
COST: 22.05

-------------------

/kˈoska/ - /kˈɔsc/
k-k / o-ɔ / ˈ-∅ / s-s / k-∅ / a-∅ / #>-c_#>
{0: [0], 1: [1], 2: [2], 3: [3], 4: [4], 5: [5], 6: None}
{0: [0], 1: [1], 2: None, 3: [2], 4: None, 5: None, 6: [3]}
COST: 0.881

-------------------

/kˈoɲ/ - /kʊ̯ˈɔɲ/
k-k / o-ʊ̯ɔ / ∅-ɲ / ˈ-∅ / ɲ-∅
{0: [0], 1: [1], 2: None, 3: [2], 4: [3]}
{0: [0], 1: [1], 2: [2], 3: None, 4: None}
COST: -1.022

-------------------

/kˈoʒa/ - /kˈɔʒa/
k-k / o-ɔ / ˈ-∅ / ʒ-ʒ / a-a
{0: [0], 1: [1], 2: [2], 3: [3], 4: [4]}
{0: [0], 1: [1], 2: None, 3: [2], 4: [3]}
COST: 19.931

-------------------

/kˈr̩f/ - /kˈr̩ʋ/
k-k / r̩-r̩ / ˈ-∅ / f_#>-ʋ_#>
{0: [0], 1: [1], 2: [2], 3: [3]}
{0: [0], 1: [1], 2: None, 3: [2]}
COST: 15.628

-------------------

/lˈist/ - /lˈist/
l-l / i-i / ˈ-∅ / s-s / t-t
{0: [0], 1: [1], 2: [2], 3: [3], 4: [4]}
{0: [0], 1: [1], 2: None, 3: [2], 4: [3]}
COST: 20.669

-------------------

/lˈɛb̥/ - /xlɪ̯ˈɛb̥/
∅-x / l-l / ɛ-ɪ̯ɛ / ˈ-∅ / b̥-b̥
{0: None, 1: [0], 2: [1], 3: [2], 4: [3]}
{0: [0], 1: [1], 2: [2], 3: None, 4: [3]}
COST: 12.081

-------------------

/lˈɛd̥/ - /ʎˈad̥/
l-ʎ / ɛ_ˈ-a / d̥-d̥
{0: [0], 1: [1, 2], 2: [3]}
{0: [0], 1: [1], 2: [2]}
COST: 17.293

-------------------

/lˈɛto/ - /lˈɛtɔ/
l-l / ɛ-ɛ / ˈ-∅ / t-t / o_#>-ɔ_#>
{0: [0], 1: [1], 2: [2], 3: [3], 4: [4]}
{0: [0], 1: [1], 2: None, 3: [2], 4: [3]}
COST: 18.671

-------------------

/mlˈɛko/ - /mlɪ̯ˈɛkɔ/
m-m / l-l / ɛ-ɪ̯ɛ / ˈ-∅ / k-k / o_#>-ɔ_#>
{0: [0], 1: [1], 2: [2], 3: [3], 4: [4], 5: [5]}
{0: [0], 1: [1], 2: [2], 3: None, 4: [3], 5: [4]}
COST: 23.761

-------------------

/mˈaɡɫa/ - /ɦmlˈa/
∅-ɦ / m-m / a-∅ / ˈ-∅ / ɡ-∅ / ɫ-l / a-a
{0: None, 1: [0], 2: [1], 3: [2], 4: [3], 5: [4], 6: [5]}
{0: [0], 1: [1], 2: None, 3: None, 4: None, 5: [2], 6: [3]}
COST: -2.074

-------------------

/mˈaʒ̊/ - /mˈuʒ̊/
m-m / a-u / ∅-ʒ̊ / ˈ-∅ / ʒ̊-∅
{0: [0], 1: [1], 2: None, 3: [2], 4: [3]}
{0: [0], 1: [1], 2: [2], 3: None, 4: None}
COST: -2.24

-------------------

/mˈisɫa/ - /mˈisɛʎ/
m-m / i-i / ˈ-∅ / s-s / ɫ-∅ / a-ɛ / #>-ʎ_#>
{0: [0], 1: [1], 2: [2], 3: [3], 4: [4], 5: [5], 6: None}
{0: [0], 1: [1], 2: None, 3: [2], 4: None, 5: [3], 6: [4]}
COST: 10.094

-------------------

/mˈorɛ/ - /mˈɔrɛ/
m-m / o-ɔ / ˈ-∅ / r-r / ɛ_#>-ɛ_#>
{0: [0], 1: [1], 2: [2], 3: [3], 4: [4]}
{0: [0], 1: [1], 2: None, 3: [2], 4: [3]}
COST: 20.987

-------------------

/mˈr̩tof/ - /mˈr̩ːtʋi/
m-m / ∅-r̩ː / r̩-∅ / ˈ-∅ / t-t / o-∅ / f-ʋ / #>-i_#>
{0: [0], 1: None, 2: [1], 3: [2], 4: [3], 5: [4], 6: [5], 7: None}
{0: [0], 1: [1], 2: None, 3: None, 4: [2], 5: None, 6: [3], 7: [4]}
COST: -5.804

-------------------

/mˈudar/ - /mˈuːdri/
m-m / u_ˈ-uː / d-d / a-∅ / r-r / #>-i_#>
{0: [0], 1: [1, 2], 2: [3], 3: [4], 4: [5], 5: None}
{0: [0], 1: [1], 2: [2], 3: None, 4: [3], 5: [4]}
COST: 14.438

-------------------

/mˈuva/ - /mˈuxa/
m-m / u-u / ˈ-∅ / v-x / a-a
{0: [0], 1: [1], 2: [2], 3: [3], 4: [4]}
{0: [0], 1: [1], 2: None, 3: [2], 4: [3]}
COST: 17.483

-------------------

/mˈɔzɔk/ - /mˈɔzɔɡ̊/
m-m / ɔ_ˈ-ɔ / z-z / ɔ-ɔ / ∅-ɡ̊ / k-∅
{0: [0], 1: [1, 2], 2: [3], 3: [4], 4: None, 5: [5]}
{0: [0], 1: [1], 2: [2], 3: [3], 4: [4], 5: None}
COST: 9.92

-------------------

/mˈɛd̥/ - /mˈed̥/
m-m / ɛ-e / ˈ-∅ / d̥-d̥
{0: [0], 1: [1], 2: [2], 3: [3]}
{0: [0], 1: [1], 2: None, 3: [2]}
COST: 17.141

-------------------

/mˈɛso/ - /mˈæsɔ/
m-m / ɛ-æ / ˈ-∅ / s_o-s_ɔ
{0: [0], 1: [1], 2: [2], 3: [3, 4]}
{0: [0], 1: [1], 2: None, 3: [2, 3]}
COST: 18.967

-------------------

/mˈɛsto/ - /mɪ̯ˈɛstɔ/
m-m / ɛ-ɪ̯ɛ / ˈ-∅ / s-s / t-t / o_#>-ɔ_#>
{0: [0], 1: [1], 2: [2], 3: [3], 4: [4], 5: [5]}
{0: [0], 1: [1], 2: None, 3: [2], 4: [3], 5: [4]}
COST: 22.939

-------------------

/mˈɛsɛʦ/ - /mˈɛsɪ̯aʦ/
m-m / ɛ-ɛ / ˈ-∅ / s-s / ɛ-ɪ̯a / ʦ-ʦ
{0: [0], 1: [1], 2: [2], 3: [3], 4: [4], 5: [5]}
{0: [0], 1: [1], 2: None, 3: [2], 4: [3], 5: [4]}
COST: 22.165

-------------------

/nˈoc/ - /nˈɔʦ/
<#_n-<#_n / o-ɔ / ˈ-∅ / c-ʦ
{0: [0], 1: [1], 2: [2], 3: [3]}
{0: [0], 1: [1], 2: None, 3: [2]}
COST: 12.67

-------------------

/nˈokt/ - /ɲˈɛxt/
n-ɲ_ɛ / ∅-x / o_ˈ_k-∅ / t-t
{0: [0], 1: None, 2: [1, 2, 3], 3: [4]}
{0: [0, 1], 1: [2], 2: None, 3: [3]}
COST: -9.703

-------------------

/nˈos/ - /nˈɔs/
<#_n-<#_n / o-ɔ / ˈ-∅ / s-s
{0: [0], 1: [1], 2: [2], 3: [3]}
{0: [0], 1: [1], 2: None, 3: [2]}
COST: 15.585

-------------------

/nˈoɡa/ - /nˈɔɦa/
<#_n-<#_n / o-ɔ / ˈ-∅ / ɡ-ɦ / a-a
{0: [0], 1: [1], 2: [2], 3: [3], 4: [4]}
{0: [0], 1: [1], 2: None, 3: [2], 4: [3]}
COST: 12.651

-------------------

/nˈɛvɛsta/ - /ɲˈɛʋɛsta/
n-ɲ / ɛ-ɛ / ˈ-∅ / v-ʋ / ɛ-ɛ / s-s / t-t / a-a
{0: [0], 1: [1], 2: [2], 3: [3], 4: [4], 5: [5], 6: [6], 7: [7]}
{0: [0], 1: [1], 2: None, 3: [2], 4: [3], 5: [4], 6: [5], 7: [6]}
COST: 26.158

-------------------

/pʧˈɛɫa/ - /fʧˈɛɫa/
∅-f / p-∅ / ʧ-ʧ / ɛ-ɛ / ˈ-∅ / ɫ-ɫ / a-a
{0: None, 1: [0], 2: [1], 3: [2], 4: [3], 5: [4], 6: [5]}
{0: [0], 1: None, 2: [1], 3: [2], 4: None, 5: [3], 6: [4]}
COST: 10.455

-------------------

/pˈat/ - /pˈuːc/
p-p / a-uː / ˈ-∅ / t-c
{0: [0], 1: [1], 2: [2], 3: [3]}
{0: [0], 1: [1], 2: None, 3: [2]}
COST: 12.243

-------------------

/pˈiɛ/ - /pˈic/
p-p / i-i / ˈ_ɛ-c
{0: [0], 1: [1], 2: [2, 3]}
{0: [0], 1: [1], 2: [2]}
COST: 13.725

-------------------

/pˈoɫn/ - /pˈɫ̩niː/
p-p / o-ɫ̩ / ˈ-∅ / ɫ-∅ / n-n / ∅-iː
{0: [0], 1: [1], 2: [2], 3: [3], 4: [4], 5: None}
{0: [0], 1: [1], 2: None, 3: None, 4: [2], 5: [3]}
COST: 5.507

-------------------

/pˈr̩st/ - /pˈr̩st/
p-p / r̩-r̩ / ˈ-∅ / s-s / t-t
{0: [0], 1: [1], 2: [2], 3: [3], 4: [4]}
{0: [0], 1: [1], 2: None, 3: [2], 4: [3]}
COST: 23.78

-------------------

/pˈɛpɛɫ/ - /pˈɔpɔɫ/
p-p / ɛ-ɔ / ˈ-∅ / p-p / ɛ-ɔ / ɫ-ɫ
{0: [0], 1: [1], 2: [2], 3: [3], 4: [4], 5: [5]}
{0: [0], 1: [1], 2: None, 3: [2], 4: [3], 5: [4]}
COST: 18.547

-------------------

/pˈɛsok/ - /pɪ̯ˈɛsɔk/
p-p / ɛ-ɪ̯ɛ / ˈ-∅ / s_o-s_ɔ / k-k
{0: [0], 1: [1], 2: [2], 3: [3, 4], 4: [5]}
{0: [0], 1: [1], 2: None, 3: [2, 3], 4: [4]}
COST: 24.2

-------------------

/pˈɛt/ - /pˈæc/
p-p / ɛ-æ / ˈ-∅ / t-c
{0: [0], 1: [1], 2: [2], 3: [3]}
{0: [0], 1: [1], 2: None, 3: [2]}
COST: 14.495

-------------------

/rˈaka/ - /rˈuka/
<#_r-<#_r / a-u / ˈ-∅ / k-k / a-a
{0: [0], 1: [1], 2: [2], 3: [3], 4: [4]}
{0: [0], 1: [1], 2: None, 3: [2], 4: [3]}
COST: 16.776

-------------------

/rˈast/ - /rˈast/
<#_r-<#_r / a-a / ˈ-∅ / s-s / t-t
{0: [0], 1: [1], 2: [2], 3: [3], 4: [4]}
{0: [0], 1: [1], 2: None, 3: [2], 4: [3]}
COST: 19.511

-------------------

/rˈaɫo/ - /rˈadɫɔ/
<#_r-<#_r / a-a / ∅-d / ˈ-∅ / ɫ-ɫ / o_#>-ɔ_#>
{0: [0], 1: [1], 2: None, 3: [2], 4: [3], 5: [4]}
{0: [0], 1: [1], 2: [2], 3: None, 4: [3], 5: [4]}
COST: 14.636

-------------------

/rˈiba/ - /rˈiba/
<#_r-<#_r / i-i / ˈ-∅ / b-b / a-a
{0: [0], 1: [1], 2: [2], 3: [3], 4: [4]}
{0: [0], 1: [1], 2: None, 3: [2], 4: [3]}
COST: 21.67

-------------------

/rˈoɡ̊/ - /rˈɔx/
<#_r-<#_r / o-ɔ / ˈ-∅ / ɡ̊-x
{0: [0], 1: [1], 2: [2], 3: [3]}
{0: [0], 1: [1], 2: None, 3: [2]}
COST: 13.763

-------------------

/rˈɛka/ - /rɪ̯ˈɛka/
<#_r-<#_r / ɛ-ɪ̯ɛ / ˈ-∅ / k-k / a-a
{0: [0], 1: [1], 2: [2], 3: [3], 4: [4]}
{0: [0], 1: [1], 2: None, 3: [2], 4: [3]}
COST: 17.746

-------------------

/smˈr̩t/ - /smˈr̩c/
s-s / m-m / r̩-r̩ / ˈ-∅ / t-c
{0: [0], 1: [1], 2: [2], 3: [3], 4: [4]}
{0: [0], 1: [1], 2: [2], 3: None, 4: [3]}
COST: 21.32

-------------------

/snˈɛɡ̊/ - /sɲˈɛx/
s-s / n-ɲ / ɛ-ɛ / ˈ-∅ / ɡ̊-x
{0: [0], 1: [1], 2: [2], 3: [3], 4: [4]}
{0: [0], 1: [1], 2: [2], 3: None, 4: [3]}
COST: 16.854

-------------------

/stˈo/ - /stˈɔ/
s-s / t-t / o-ɔ / ˈ-∅
{0: [0], 1: [1], 2: [2], 3: [3]}
{0: [0], 1: [1], 2: [2], 3: None}
COST: 13.676

-------------------

/stˈoɫ/ - /stʊ̯ˈɔɫ/
s-s / t-t / o-ʊ̯ɔ / ˈ-∅ / ɫ-ɫ
{0: [0], 1: [1], 2: [2], 3: [3], 4: [4]}
{0: [0], 1: [1], 2: [2], 3: None, 4: [3]}
COST: 18.726

-------------------

/svˈɛt/ - /sʋˈætiː/
s-s / v-ʋ / ɛ-æ / ˈ-∅ / t-t / ∅-iː
{0: [0], 1: [1], 2: [2], 3: [3], 4: [4], 5: None}
{0: [0], 1: [1], 2: [2], 3: None, 4: [3], 5: [4]}
COST: 9.752

-------------------

/sɫˈava/ - /sɫˈaːʋa/
s-s / ɫ-ɫ / a_ˈ-aː / v-ʋ / a-a
{0: [0], 1: [1], 2: [2, 3], 3: [4], 4: [5]}
{0: [0], 1: [1], 2: [2], 3: [3], 4: [4]}
COST: 20.236

-------------------

/sˈad̥/ - /sˈad̥/
s-s / a-a / ˈ-∅ / d̥-d̥
{0: [0], 1: [1], 2: [2], 3: [3]}
{0: [0], 1: [1], 2: None, 3: [2]}
COST: 16.138

-------------------

/sˈin/ - /sˈin/
s-s / i-i / ˈ-∅ / n-n
{0: [0], 1: [1], 2: [2], 3: [3]}
{0: [0], 1: [1], 2: None, 3: [2]}
COST: 15.495

-------------------

/sˈir/ - /sˈir/
s-s / i-i / ˈ-∅ / r-r
{0: [0], 1: [1], 2: [2], 3: [3]}
{0: [0], 1: [1], 2: None, 3: [2]}
COST: 15.086

-------------------

/sˈonʦɛ/ - /sˈɫ̩nʦɛ/
s-s / o-ɫ̩ / ˈ-∅ / n-n / ʦ-ʦ / ɛ_#>-ɛ_#>
{0: [0], 1: [1], 2: [2], 3: [3], 4: [4], 5: [5]}
{0: [0], 1: [1], 2: None, 3: [2], 4: [3], 5: [4]}
COST: 27.373

-------------------

/sˈoɫ/ - /sˈɔʎ/
s_o-s_ɔ / ˈ-∅ / ɫ_#>-ʎ_#>
{0: [0, 1], 1: [2], 2: [3]}
{0: [0, 1], 1: None, 2: [2]}
COST: 15.831

-------------------

/sˈr̩ʦɛ/ - /sˈr̩ʦɛ/
s-s / r̩-r̩ / ˈ-∅ / ʦ-ʦ / ɛ_#>-ɛ_#>
{0: [0], 1: [1], 2: [2], 3: [3], 4: [4]}
{0: [0], 1: [1], 2: None, 3: [2], 4: [3]}
COST: 26.076

-------------------

/sˈuf/ - /sˈuxiː/
s-s / u-u / ˈ-∅ / f-x_iː
{0: [0], 1: [1], 2: [2], 3: [3]}
{0: [0], 1: [1], 2: None, 3: [2, 3]}
COST: 12.496

-------------------

/sˈɔn/ - /sˈɛn/
s-s_ɛ / ɔ-∅ / ˈ-∅ / n-n
{0: [0], 1: [1], 2: [2], 3: [3]}
{0: [0, 1], 1: None, 2: None, 3: [2]}
COST: 0.567

-------------------

/sˈɛdum/ - /sˈɛɟɛm/
s-s / ɛ-ɛ / ˈ-∅ / d-ɟ / u-ɛ / m-m
{0: [0], 1: [1], 2: [2], 3: [3], 4: [4], 5: [5]}
{0: [0], 1: [1], 2: None, 3: [2], 4: [3], 5: [4]}
COST: 19.658

-------------------

/trˈi/ - /trˈi/
<#_t-<#_t / r-r / i-i / ˈ-∅
{0: [0], 1: [1], 2: [2], 3: [3]}
{0: [0], 1: [1], 2: [2], 3: None}
COST: 16.353

-------------------

/trˈɛva/ - /trˈaːʋa/
<#_t-<#_t / r-r / ɛ-aː / ˈ-∅ / v-ʋ / a-a
{0: [0], 1: [1], 2: [2], 3: [3], 4: [4], 5: [5]}
{0: [0], 1: [1], 2: [2], 3: None, 4: [3], 5: [4]}
COST: 17.487

-------------------

/tvˈr̩d̥/ - /tʋˈr̩diː/
<#_t-<#_t / v-ʋ / r̩-r̩ / ∅-d / ∅-iː / ˈ-∅ / d̥-∅
{0: [0], 1: [1], 2: [2], 3: None, 4: None, 5: [3], 6: [4]}
{0: [0], 1: [1], 2: [2], 3: [3], 4: [4], 5: None, 6: None}
COST: -0.493

-------------------

/tˈix/ - /cˈixiː/
<#_t-<#_c / i-i / ∅-x / ∅-iː / ˈ-∅ / x-∅
{0: [0], 1: [1], 2: None, 3: None, 4: [2], 5: [3]}
{0: [0], 1: [1], 2: [2], 3: [3], 4: None, 5: None}
COST: -4.467

-------------------

/tˈopoɫ/ - /cˈɛpliː/
<#_t-<#_c / ∅-ɛ / o-∅ / ˈ-∅ / p-p / o-∅ / ɫ-l / ∅-iː
{0: [0], 1: None, 2: [1], 3: [2], 4: [3], 5: [4], 6: [5], 7: None}
{0: [0], 1: [1], 2: None, 3: None, 4: [2], 5: None, 6: [3], 7: [4]}
COST: -4.52

-------------------

/tˈɛlɛ/ - /cˈɛʎa/
<#_t-<#_c / ɛ-ɛ / ˈ-∅ / l_ɛ-ʎ_a
{0: [0], 1: [1], 2: [2], 3: [3, 4]}
{0: [0], 1: [1], 2: None, 3: [2, 3]}
COST: 14.992

-------------------

/tˈɛɫo/ - /cˈɛɫɔ/
<#_t-<#_c / ɛ-ɛ / ˈ-∅ / ɫ-ɫ / o_#>-ɔ_#>
{0: [0], 1: [1], 2: [2], 3: [3], 4: [4]}
{0: [0], 1: [1], 2: None, 3: [2], 4: [3]}
COST: 18.271

-------------------

/tˈɛʒok/ - /cˈaʒ̊kiː/
<#_t-<#_c / ɛ_ˈ-a / ∅-ʒ̊ / ʒ-∅ / o_k-k_iː
{0: [0], 1: [1, 2], 2: None, 3: [3], 4: [4, 5]}
{0: [0], 1: [1], 2: [2], 3: None, 4: [3, 4]}
COST: 1.737

-------------------

/vlˈɛʧɛ/ - /ʋɫɪ̯ˈɛʦc/
v-ʋ / ∅-ɫ / l-∅ / ɛ-ɪ̯ɛ / ∅-ʦ / ˈ-∅ / ʧ-∅ / ɛ_#>-c_#>
{0: [0], 1: None, 2: [1], 3: [2], 4: None, 5: [3], 6: [4], 7: [5]}
{0: [0], 1: [1], 2: None, 3: [2], 4: [3], 5: None, 6: None, 7: [4]}
COST: -18.471

-------------------

/vˈidi/ - /ʋˈiɟɪ̯ɛc/
v-ʋ / i-i / ˈ-∅ / d-ɟ / ∅-ɪ̯ɛ / i-∅ / #>-c_#>
{0: [0], 1: [1], 2: [2], 3: [3], 4: None, 5: [4], 6: None}
{0: [0], 1: [1], 2: None, 3: [2], 4: [3], 5: None, 6: [4]}
COST: -1.286

-------------------

/vˈidra/ - /ʋˈidra/
v-ʋ / i-i / ˈ-∅ / d-d / r-r / a-a
{0: [0], 1: [1], 2: [2], 3: [3], 4: [4], 5: [5]}
{0: [0], 1: [1], 2: None, 3: [2], 4: [3], 5: [4]}
COST: 20.286

-------------------

/vˈoda/ - /ʋˈɔda/
v-ʋ / o-ɔ / ˈ-∅ / d-d / a-a
{0: [0], 1: [1], 2: [2], 3: [3], 4: [4]}
{0: [0], 1: [1], 2: None, 3: [2], 4: [3]}
COST: 13.989

-------------------

/vˈoɫ/ - /ʋʊ̯ˈɔɫ/
v-ʋ / o-ʊ̯ɔ / ˈ-∅ / ɫ-ɫ
{0: [0], 1: [1], 2: [2], 3: [3]}
{0: [0], 1: [1], 2: None, 3: [2]}
COST: 10.245

-------------------

/vˈoɫk/ - /ʋˈɫ̩k/
v-ʋ / o-ɫ̩ / ˈ-∅ / ɫ-∅ / k-k
{0: [0], 1: [1], 2: [2], 3: [3], 4: [4]}
{0: [0], 1: [1], 2: None, 3: None, 4: [2]}
COST: 4.499

-------------------

/vˈɔsɔk/ - /ʋˈɔsk/
v-ʋ / ɔ_ˈ-ɔ / s-s / ɔ-∅ / k-k
{0: [0], 1: [1, 2], 2: [3], 3: [4], 4: [5]}
{0: [0], 1: [1], 2: [2], 3: None, 4: [3]}
COST: 10.349

-------------------

/vˈɛlik/ - /ʋˈɛʎkiː/
v-ʋ / ɛ-ɛ / ˈ-∅ / l-ʎ / i-∅ / k-k_iː
{0: [0], 1: [1], 2: [2], 3: [3], 4: [4], 5: [5]}
{0: [0], 1: [1], 2: None, 3: [2], 4: None, 5: [3, 4]}
COST: 7.035

-------------------

/vˈɛtɛr/ - /ʋɪ̯ˈɛtɔr/
v-ʋ / ɛ-ɪ̯ɛ / ˈ-∅ / t-t / ɛ-ɔ / r-r
{0: [0], 1: [1], 2: [2], 3: [3], 4: [4], 5: [5]}
{0: [0], 1: [1], 2: None, 3: [2], 4: [3], 5: [4]}
COST: 13.88

-------------------

/vˈɛʧɛr/ - /ʋˈɛʧɛr/
v-ʋ / ɛ-ɛ / ˈ-∅ / ʧ-ʧ / ɛ-ɛ / r-r
{0: [0], 1: [1], 2: [2], 3: [3], 4: [4], 5: [5]}
{0: [0], 1: [1], 2: None, 3: [2], 4: [3], 5: [4]}
COST: 21.018

-------------------

/zdrˈaf/ - /zdrˈaʋiː/
z-z / d-d / r-r / a-a / ˈ-∅ / f-ʋ_iː
{0: [0], 1: [1], 2: [2], 3: [3], 4: [4], 5: [5]}
{0: [0], 1: [1], 2: [2], 3: [3], 4: None, 5: [4, 5]}
COST: 19.736

-------------------

/znˈaɛ/ - /znˈac/
z-z / n-n / a-a / ˈ_ɛ-c
{0: [0], 1: [1], 2: [2], 3: [3, 4]}
{0: [0], 1: [1], 2: [2], 3: [3]}
COST: 16.721

-------------------

/zˈab̥/ - /zˈub̥/
z-z / a-u / ˈ-∅ / b̥-b̥
{0: [0], 1: [1], 2: [2], 3: [3]}
{0: [0], 1: [1], 2: None, 3: [2]}
COST: 16.764

-------------------

/zˈima/ - /zˈima/
z-z / i-i / ˈ-∅ / m-m / a-a
{0: [0], 1: [1], 2: [2], 3: [3], 4: [4]}
{0: [0], 1: [1], 2: None, 3: [2], 4: [3]}
COST: 20.887

-------------------

/zˈɛlɛn/ - /zˈɛlɛniː/
z-z / ɛ-ɛ / ˈ-∅ / l-l / ɛ-ɛ / n-n / ∅-iː
{0: [0], 1: [1], 2: [2], 3: [3], 4: [4], 5: [5], 6: None}
{0: [0], 1: [1], 2: None, 3: [2], 4: [3], 5: [4], 6: [5]}
COST: 18.878

-------------------

/zˈɛmja/ - /zˈɛm/
z-z / ɛ-ɛ / ˈ-∅ / m-m / j-∅ / a-∅
{0: [0], 1: [1], 2: [2], 3: [3], 4: [4], 5: [5]}
{0: [0], 1: [1], 2: None, 3: [2], 4: None, 5: None}
COST: 5.305

-------------------

/zˈɛmɛ/ - /vzɪ̯ˈac/
∅-v / z-z / ɛ-ɪ̯a / ˈ-∅ / m-∅ / ɛ_#>-c_#>
{0: None, 1: [0], 2: [1], 3: [2], 4: [3], 5: [4]}
{0: [0], 1: [1], 2: [2], 3: None, 4: None, 5: [3]}
COST: -5.345

-------------------

/ɡrˈad̥/ - /ɦrˈad̥/
ɡ-ɦ / r-r / a-a / ˈ-∅ / d̥-d̥
{0: [0], 1: [1], 2: [2], 3: [3], 4: [4]}
{0: [0], 1: [1], 2: [2], 3: None, 4: [3]}
COST: 14.399

-------------------

/ɡɫˈadok/ - /ɦɫˈad̥kiː/
ɡ-ɦ / ɫ-ɫ / a-a / ∅-d̥ / ˈ-∅ / d-∅ / o_k-k_iː
{0: [0], 1: [1], 2: [2], 3: None, 4: [3], 5: [4], 6: [5, 6]}
{0: [0], 1: [1], 2: [2], 3: [3], 4: None, 5: None, 6: [4, 5]}
COST: -0.72

-------------------

/ɡɫˈas/ - /ɦɫˈas/
ɡ-ɦ / ɫ-ɫ / a-a / ˈ-∅ / s-s
{0: [0], 1: [1], 2: [2], 3: [3], 4: [4]}
{0: [0], 1: [1], 2: [2], 3: None, 4: [3]}
COST: 11.775

-------------------

/ɡɫˈava/ - /ɦɫˈaʋa/
ɡ-ɦ / ɫ-ɫ / a-a / ˈ-∅ / v-ʋ / a-a
{0: [0], 1: [1], 2: [2], 3: [3], 4: [4], 5: [5]}
{0: [0], 1: [1], 2: [2], 3: None, 4: [3], 5: [4]}
COST: 11.808

-------------------

/ɡɫˈuf/ - /ɦlˈuxiː/
ɡ-ɦ / ɫ-l / u-u / ˈ-∅ / f-x_iː
{0: [0], 1: [1], 2: [2], 3: [3], 4: [4]}
{0: [0], 1: [1], 2: [2], 3: None, 4: [3, 4]}
COST: 9.433

-------------------

/ɡɫˈup/ - /ɦɫˈuːpi/
ɡ-ɦ / ɫ-ɫ / u_ˈ-uː / p-p / #>-i_#>
{0: [0], 1: [1], 2: [2, 3], 3: [4], 4: None}
{0: [0], 1: [1], 2: [2], 3: [3], 4: [4]}
COST: 13.855

-------------------

/ɡˈodina/ - /ɦˈɔɟina/
ɡ-ɦ / o-ɔ / ˈ-∅ / d-ɟ / i-i / n-n / a-a
{0: [0], 1: [1], 2: [2], 3: [3], 4: [4], 5: [5], 6: [6]}
{0: [0], 1: [1], 2: None, 3: [2], 4: [3], 5: [4], 6: [5]}
COST: 21.2

-------------------

/ɡˈora/ - /ɦˈɔra/
ɡ-ɦ / o-ɔ / ˈ-∅ / r-r / a-a
{0: [0], 1: [1], 2: [2], 3: [3], 4: [4]}
{0: [0], 1: [1], 2: None, 3: [2], 4: [3]}
COST: 10.676

-------------------

/ɡˈuska/ - /ɦˈus/
ɡ-ɦ / u-u / ˈ-∅ / s-s / k-∅ / a-∅
{0: [0], 1: [1], 2: [2], 3: [3], 4: [4], 5: [5]}
{0: [0], 1: [1], 2: None, 3: [2], 4: None, 5: None}
COST: -1.308

-------------------

/ɡˈuɫab̥/ - /ɦˈɔɫub̥/
ɡ-ɦ / ∅-ɔ / u-∅ / ˈ-∅ / ɫ-ɫ / a-u / b̥-b̥
{0: [0], 1: None, 2: [1], 3: [2], 4: [3], 5: [4], 6: [5]}
{0: [0], 1: [1], 2: None, 3: None, 4: [2], 5: [3], 6: [4]}
COST: 3.769

-------------------

/ɫˈaden/ - /xɫˈadniː/
∅-x / ɫ-ɫ / a-a / ˈ-∅ / d-d / e-∅ / n-n / ∅-iː
{0: None, 1: [0], 2: [1], 3: [2], 4: [3], 5: [4], 6: [5], 7: None}
{0: [0], 1: [1], 2: [2], 3: None, 4: [3], 5: None, 6: [4], 7: [5]}
COST: 4.371

-------------------

/ɫˈaf/ - /lˈɛʋ/
ɫ-l / a-ɛ / ˈ-∅ / f_#>-ʋ_#>
{0: [0], 1: [1], 2: [2], 3: [3]}
{0: [0], 1: [1], 2: None, 3: [2]}
COST: 6.857

-------------------

/ɫˈakt/ - /ɫˈakɛc/
ɫ-ɫ / a-a / ˈ-∅ / k-k / ∅-ɛ / t-c
{0: [0], 1: [1], 2: [2], 3: [3], 4: None, 5: [4]}
{0: [0], 1: [1], 2: None, 3: [2], 4: [3], 5: [4]}
COST: 12.507

-------------------

/ɫˈuɟɛ/ - /ʎˈuɟɪ̯a/
ɫ-ʎ / u-u / ∅-ɟ / ˈ-∅ / ɟ-∅ / ɛ-ɪ̯a
{0: [0], 1: [1], 2: None, 3: [2], 4: [3], 5: [4]}
{0: [0], 1: [1], 2: [2], 3: None, 4: None, 5: [3]}
COST: 0.029

-------------------

/ʃˈɛst/ - /ʃˈɛsc/
∅-ʃ / ʃ-∅ / ɛ-ɛ / ˈ-∅ / s-s / t-c
{0: None, 1: [0], 2: [1], 3: [2], 4: [3], 5: [4]}
{0: [0], 1: None, 2: [1], 3: None, 4: [2], 5: [3]}
COST: 1.969

-------------------

/ʒˈif/ - /ʒˈiʋiː/
ʒ-ʒ / i-i / ˈ-∅ / f-ʋ_iː
{0: [0], 1: [1], 2: [2], 3: [3]}
{0: [0], 1: [1], 2: None, 3: [2, 3]}
COST: 12.564

-------------------

/ʒˈivɛɛ/ - /ʒˈic/
ʒ-ʒ / i-i / ˈ-∅ / v-∅ / ɛ-c / ɛ_#>-#>
{0: [0], 1: [1], 2: [2], 3: [3], 4: [4], 5: [5]}
{0: [0], 1: [1], 2: None, 3: None, 4: [2], 5: None}
COST: 0.315

-------------------

/ʒˈoɫt/ - /ʒˈɫ̩tiː/
ʒ-ʒ / o-ɫ̩ / ˈ-∅ / ɫ-∅ / t-t / ∅-iː
{0: [0], 1: [1], 2: [2], 3: [3], 4: [4], 5: None}
{0: [0], 1: [1], 2: None, 3: None, 4: [2], 5: [3]}
COST: 5.747

-------------------

/ʒˈɛlɛzo/ - /ʒˈeʎezɔ/
ʒ-ʒ / ɛ-e / ˈ-∅ / l-ʎ / ɛ-e / z-z / o_#>-ɔ_#>
{0: [0], 1: [1], 2: [2], 3: [3], 4: [4], 5: [5], 6: [6]}
{0: [0], 1: [1], 2: None, 3: [2], 4: [3], 5: [4], 6: [5]}
COST: 31.185

-------------------

/ʒˈɛna/ - /ʒˈɛna/
ʒ-ʒ / ɛ-ɛ / ˈ-∅ / n-n / a-a
{0: [0], 1: [1], 2: [2], 3: [3], 4: [4]}
{0: [0], 1: [1], 2: None, 3: [2], 4: [3]}
COST: 19.807

-------------------

/ʣvˈer/ - /zʋˈɛr/
∅-z / ʣ-∅ / v-ʋ_ɛ / e-∅ / ˈ-∅ / r-r
{0: None, 1: [0], 2: [1], 3: [2], 4: [3], 5: [4]}
{0: [0], 1: None, 2: [1, 2], 3: None, 4: None, 5: [3]}
COST: -11.9

-------------------

/ʣvˈɛzda/ - /ɦʋɪ̯ˈɛzda/
∅-ɦ / ʣ-∅ / v-ʋ / ɛ-ɪ̯ɛ / ˈ-∅ / z-z / d-d / a-a
{0: None, 1: [0], 2: [1], 3: [2], 4: [3], 5: [4], 6: [5], 7: [6]}
{0: [0], 1: None, 2: [1], 3: [2], 4: None, 5: [3], 6: [4], 7: [5]}
COST: 9.274

-------------------

/ʦvˈɛt/ - /kʋˈɛt/
∅-k / ʦ-∅ / v-ʋ / ɛ-ɛ / ˈ-∅ / t-t
{0: None, 1: [0], 2: [1], 3: [2], 4: [3], 5: [4]}
{0: [0], 1: None, 2: [1], 3: [2], 4: None, 5: [3]}
COST: -0.397

-------------------

/ʦˈr̩n/ - /ʧɪ̯ˈɛrni/
∅-ʧ / ∅-ɪ̯ɛ / ʦ-∅ / r̩-r / ˈ-∅ / n-n / #>-i_#>
{0: None, 1: None, 2: [0], 3: [1], 4: [2], 5: [3], 6: None}
{0: [0], 1: [1], 2: None, 3: [2], 4: None, 5: [3], 6: [4]}
COST: -10.389

-------------------

/ʦˈɛna/ - /ʦˈɛna/
ʦ-ʦ / ɛ-ɛ / ˈ-∅ / n-n / a-a
{0: [0], 1: [1], 2: [2], 3: [3], 4: [4]}
{0: [0], 1: [1], 2: None, 3: [2], 4: [3]}
COST: 19.858

-------------------

/ʦˈɛɫ/ - /ʦˈɛɫiː/
ʦ-ʦ / ɛ-ɛ / ˈ-∅ / ɫ-ɫ / ∅-iː
{0: [0], 1: [1], 2: [2], 3: [3], 4: None}
{0: [0], 1: [1], 2: None, 3: [2], 4: [3]}
COST: 11.054

-------------------

/ʧˈovɛk/ - /ʧɫˈɔʋɛk/
ʧ-ʧ / ∅-ɫ / o-ɔ / ˈ-∅ / v-ʋ / ɛ-ɛ / k-k
{0: [0], 1: None, 2: [1], 3: [2], 4: [3], 5: [4], 6: [5]}
{0: [0], 1: [1], 2: [2], 3: None, 4: [3], 5: [4], 6: [5]}
COST: 16.55

-------------------

/ʧˈɛtiri/ - /ʃtˈiri/
∅-ʃ / ʧ-∅ / ɛ-∅ / ˈ-∅ / t-t / i-i / r-r / i-i
{0: None, 1: [0], 2: [1], 3: [2], 4: [3], 5: [4], 6: [5], 7: [6]}
{0: [0], 1: None, 2: None, 3: None, 4: [1], 5: [2], 6: [3], 7: [4]}
COST: 5.583

-------------------

/ˈimɛ/ - /mˈɛnɔ/
i-∅ / ˈ-∅ / m-m / ɛ-ɛ / ∅-n / #>-ɔ_#>
{0: [0], 1: [1], 2: [2], 3: [3], 4: None, 5: None}
{0: None, 1: None, 2: [0], 3: [1], 4: [2], 5: [3]}
COST: -1.24

-------------------

/ˈobɫak/ - /ˈɔbɫak/
<#_o-<#_ɔ / ˈ-∅ / b-b / ɫ-ɫ / a-a / k-k
{0: [0], 1: [1], 2: [2], 3: [3], 4: [4], 5: [5]}
{0: [0], 1: None, 2: [1], 3: [2], 4: [3], 5: [4]}
COST: 26.002

-------------------

/ˈoko/ - /ˈɔkɔ/
<#_o-<#_ɔ / ˈ-∅ / k-k / o_#>-ɔ_#>
{0: [0], 1: [1], 2: [2], 3: [3]}
{0: [0], 1: None, 2: [1], 3: [2]}
COST: 15.524

-------------------

/ˈosa/ - /ˈɔsa/
<#_o-<#_ɔ / ˈ-∅ / s-s / a-a
{0: [0], 1: [1], 2: [2], 3: [3]}
{0: [0], 1: None, 2: [1], 3: [2]}
COST: 14.318

-------------------

/ˈosum/ - /ˈɔsɛm/
<#_o-<#_ɔ / ˈ-∅ / s-s / u-ɛ / m-m
{0: [0], 1: [1], 2: [2], 3: [3], 4: [4]}
{0: [0], 1: None, 2: [1], 3: [2], 4: [3]}
COST: 17.217

-------------------

/ˈoɡan/ - /ˈɔɦɛɲ/
<#_o-<#_ɔ / ˈ-∅ / ɡ-ɦ / a-ɛ / n-ɲ
{0: [0], 1: [1], 2: [2], 3: [3], 4: [4]}
{0: [0], 1: None, 2: [1], 3: [2], 4: [3]}
COST: 8.826

-------------------

/ˈr̩bɛt/ - /xˈr̩baːt/
∅-x / r̩-r̩ / ˈ-∅ / b-b / ɛ-aː / t-t
{0: None, 1: [0], 2: [1], 3: [2], 4: [3], 5: [4]}
{0: [0], 1: [1], 2: None, 3: [2], 4: [3], 5: [4]}
COST: 15.506

-------------------

/ˈusta/ - /ˈuːsta/
u_ˈ-uː / s-s / t-t / a-a
{0: [0, 1], 1: [2], 2: [3], 3: [4]}
{0: [0], 1: [1], 2: [2], 3: [3]}
COST: 18.983

-------------------

/ˈuvo/ - /ˈuxɔ/
u-u / ˈ-∅ / v-x / o_#>-ɔ_#>
{0: [0], 1: [1], 2: [2], 3: [3]}
{0: [0], 1: None, 2: [1], 3: [2]}
COST: 12.988

-------------------

/ˈɔrɛɫ/ - /ˈɔrɔl/
ɔ_ˈ-ɔ / r-r / ɛ-ɔ / ɫ-l
{0: [0, 1], 1: [2], 2: [3], 3: [4]}
{0: [0], 1: [1], 2: [2], 3: [3]}
COST: 12.885

-------------------

/ˈɔɾɛf/ - /ˈɔrɛx/
ɔ_ˈ-ɔ / ɾ-∅ / ɛ-r_ɛ / f-x
{0: [0, 1], 1: [2], 2: [3], 3: [4]}
{0: [0], 1: None, 2: [1, 2], 3: [3]}
COST: 3.653

-------------------

/ˈɛdɛn/ - /jˈɛdɛn/
<#-<#_j / ɛ-ɛ / ˈ-∅ / d-d / ɛ-ɛ / n-n
{0: None, 1: [0], 2: [1], 3: [2], 4: [3], 5: [4]}
{0: [0], 1: [1], 2: None, 3: [2], 4: [3], 5: [4]}
COST: 14.136

-------------------

/ˈɛzɛro/ - /jˈazɛrɔ/
<#-<#_j / ɛ_ˈ-a / z-z / ɛ-ɛ / r-r / o_#>-ɔ_#>
{0: None, 1: [0, 1], 2: [2], 3: [3], 4: [4], 5: [5]}
{0: [0], 1: [1], 2: [2], 3: [3], 4: [4], 5: [5]}
COST: 20.342
