/anˈɛl/ - /anˈɛl/
a-a / n-n / ˈɛ-ˈɛ / l-l
{0: [0], 1: [1], 2: [2], 3: [3]}
{0: [0], 1: [1], 2: [2], 3: [3]}
SCORE: 24.562

-------------------

/aɲˈɛl/ - /aɲˈɛl/
a-a / ɲ-ɲ / ˈɛ-ˈɛ / l-l
{0: [0], 1: [1], 2: [2], 3: [3]}
{0: [0], 1: [1], 2: [2], 3: [3]}
SCORE: 27.075

-------------------

/bjˈaŋk/ - /bjˈãk/
b-b / j-j / ˈa_ŋ-ˈã / k-k
{0: [0], 1: [1], 2: [2, 3], 3: [4]}
{0: [0], 1: [1], 2: [2], 3: [3]}
SCORE: 25.62

-------------------

/bonˈiɡol/ - /ũbrˈi/
∅-ũ / b-b / o-r / n-∅ / ˈi-ˈi / ɡ-∅ / o-∅ / l-∅
{0: None, 1: [0], 2: [1], 3: [2], 4: [3], 5: [4], 6: [5], 7: [6]}
{0: [0], 1: [1], 2: [2], 3: None, 4: [3], 5: None, 6: None, 7: None}
SCORE: -7.563

-------------------

/bruzˈar/ - /bryzˈa/
b-b / r-r / u-y / z-z / ˈa_r-ˈa
{0: [0], 1: [1], 2: [2], 3: [3], 4: [4, 5]}
{0: [0], 1: [1], 2: [2], 3: [3], 4: [4]}
SCORE: 30.024

-------------------

/bˈas/ - /bˈas/
b-b / ˈa-ˈa / s-s
{0: [0], 1: [1], 2: [2]}
{0: [0], 1: [1], 2: [2]}
SCORE: 20.883

-------------------

/bˈever/ - /bˈeːver/
b-b / ˈe-ˈeː / v-v / e-e / r-r
{0: [0], 1: [1], 2: [2], 3: [3], 4: [4]}
{0: [0], 1: [1], 2: [2], 3: [3], 4: [4]}
SCORE: 30.126

-------------------

/bˈeŋ/ - /bˈẽ/
b-b / ˈe_ŋ-ˈẽ
{0: [0], 1: [1, 2]}
{0: [0], 1: [1]}
SCORE: 15.588

-------------------

/bˈoka/ - /bˈuka/
b-b / ˈo-ˈu / k-k / a-a
{0: [0], 1: [1], 2: [2], 3: [3]}
{0: [0], 1: [1], 2: [2], 3: [3]}
SCORE: 25.852

-------------------

/bˈona/ - /bˈuna/
b-b / ˈo-ˈu / n-n / a-a
{0: [0], 1: [1], 2: [2], 3: [3]}
{0: [0], 1: [1], 2: [2], 3: [3]}
SCORE: 26.358

-------------------

/bˈone/ - /bˈũ/
b-b / ˈo_n-ˈũ / e-∅
{0: [0], 1: [1, 2], 2: [3]}
{0: [0], 1: [1], 2: None}
SCORE: 8.372

-------------------

/bˈoni/ - /bˈũ/
b-b / ˈo_n-ˈũ / i_#>-#>
{0: [0], 1: [1, 2], 2: [3]}
{0: [0], 1: [1], 2: None}
SCORE: 9.673

-------------------

/bˈoŋ/ - /bˈũ/
b-b / ˈo_ŋ-ˈũ
{0: [0], 1: [1, 2]}
{0: [0], 1: [1]}
SCORE: 15.035

-------------------

/bˈɔ/ - /bˈøːf/
b-b / ∅-ˈøː / ∅-f / ˈɔ-∅
{0: [0], 1: None, 2: None, 3: [1]}
{0: [0], 1: [1], 2: [2], 3: None}
SCORE: -3.177

-------------------

/bˈɛl/ - /bˈɛl/
b-b / ˈɛ-ˈɛ / l-l
{0: [0], 1: [1], 2: [2]}
{0: [0], 1: [1], 2: [2]}
SCORE: 21.788

-------------------

/bˈɛla/ - /bˈɛla/
b-b / ˈɛ-ˈɛ / l-l / a-a
{0: [0], 1: [1], 2: [2], 3: [3]}
{0: [0], 1: [1], 2: [2], 3: [3]}
SCORE: 25.967

-------------------

/djˈes/ - /dˈeːs/
d-d / j_ˈe-ˈeː / s-s
{0: [0], 1: [1, 2], 2: [3]}
{0: [0], 1: [1], 2: [2]}
SCORE: 16.124

-------------------

/dormˈir/ - /dyrmˈi/
d-d / o-y / r-r / m-m / ˈi_r-ˈi
{0: [0], 1: [1], 2: [2], 3: [3], 4: [4, 5]}
{0: [0], 1: [1], 2: [2], 3: [3], 4: [4]}
SCORE: 27.112

-------------------

/draɡˈoŋ/ - /draɡˈũ/
d-d / r-r / a-a / ɡ-ɡ / ˈo_ŋ-ˈũ
{0: [0], 1: [1], 2: [2], 3: [3], 4: [4, 5]}
{0: [0], 1: [1], 2: [2], 3: [3], 4: [4]}
SCORE: 27.596

-------------------

/dˈar/ - /dˈɑː/
d-d / ˈa-ˈɑː / r-∅
{0: [0], 1: [1], 2: [2]}
{0: [0], 1: [1], 2: None}
SCORE: 10.161

-------------------

/dˈeŋt/ - /dˈẽt/
d-d / ˈe_ŋ-ˈẽ / t-t
{0: [0], 1: [1, 2], 2: [3]}
{0: [0], 1: [1], 2: [2]}
SCORE: 19.35

-------------------

/dˈi/ - /dˈi/
d-d / ˈi-ˈi
{0: [0], 1: [1]}
{0: [0], 1: [1]}
SCORE: 16.261

-------------------

/dˈio/ - /dˈe/
d-d / ∅-ˈe / ˈi-∅ / o-∅
{0: [0], 1: None, 2: [1], 3: [2]}
{0: [0], 1: [1], 2: None, 3: None}
SCORE: -4.234

-------------------

/dˈir/ - /dˈi/
d-d / ˈi_r-ˈi
{0: [0], 1: [1, 2]}
{0: [0], 1: [1]}
SCORE: 14.108

-------------------

/dˈodes/ - /dˈudes/
d-d / ˈo-ˈu / d-d / e-e / s-s
{0: [0], 1: [1], 2: [2], 3: [3], 4: [4]}
{0: [0], 1: [1], 2: [2], 3: [3], 4: [4]}
SCORE: 30.788

-------------------

/dˈolθ/ - /dˈuls/
d-d / ˈo-ˈu / l-l / θ-s
{0: [0], 1: [1], 2: [2], 3: [3]}
{0: [0], 1: [1], 2: [2], 3: [3]}
SCORE: 23.821

-------------------

/farˈina/ - /farˈiːna/
f-f / a-a / r-r / ˈi-ˈiː / n-n / a-a
{0: [0], 1: [1], 2: [2], 3: [3], 4: [4], 5: [5]}
{0: [0], 1: [1], 2: [2], 3: [3], 4: [4], 5: [5]}
SCORE: 33.448

-------------------

/fjˈama/ - /fjˈama/
f-f / j-j / ˈa-ˈa / m-m / a-a
{0: [0], 1: [1], 2: [2], 3: [3], 4: [4]}
{0: [0], 1: [1], 2: [2], 3: [3], 4: [4]}
SCORE: 30.756

-------------------

/fjˈor/ - /fjˈuːr/
f-f / j-j / ˈo_r-ˈuː_r
{0: [0], 1: [1], 2: [2, 3]}
{0: [0], 1: [1], 2: [2, 3]}
SCORE: 26.166

-------------------

/frˈet/ - /frˈɛʧ/
f-f / r-r / ˈe-ˈɛ / t-ʧ
{0: [0], 1: [1], 2: [2], 3: [3]}
{0: [0], 1: [1], 2: [2], 3: [3]}
SCORE: 19.069

-------------------

/frˈuto/ - /frˈyt/
f-f / r-r / ˈu-ˈy / t-t / o-∅
{0: [0], 1: [1], 2: [2], 3: [3], 4: [4]}
{0: [0], 1: [1], 2: [2], 3: [3], 4: None}
SCORE: 16.343

-------------------

/fˈar/ - /fˈa/
f-f / ˈa_r-ˈa
{0: [0], 1: [1, 2]}
{0: [0], 1: [1]}
SCORE: 12.47

-------------------

/fˈemena/ - /fˈɛmena/
f-f / ˈe-ˈɛ / m-m / e-e / n-n / a-a
{0: [0], 1: [1], 2: [2], 3: [3], 4: [4], 5: [5]}
{0: [0], 1: [1], 2: [2], 3: [3], 4: [4], 5: [5]}
SCORE: 33.536

-------------------

/fˈil/ - /fˈiːl/
f-f / ˈi-ˈiː / l-l
{0: [0], 1: [1], 2: [2]}
{0: [0], 1: [1], 2: [2]}
SCORE: 20.958

-------------------

/fˈiŋ/ - /fˈĩ/
f-f / ˈi_ŋ-ˈĩ
{0: [0], 1: [1, 2]}
{0: [0], 1: [1]}
SCORE: 14.134

-------------------

/fˈoja/ - /fˈøːja/
f-f / ˈo-ˈøː / j-j / a-a
{0: [0], 1: [1], 2: [2], 3: [3]}
{0: [0], 1: [1], 2: [2], 3: [3]}
SCORE: 25.559

-------------------

/fˈoɡo/ - /fˈøːk/
f-f / ˈo-ˈøː / ɡ_o_#>-k_#>
{0: [0], 1: [1], 2: [2, 3]}
{0: [0], 1: [1], 2: [2]}
SCORE: 15.496

-------------------

/fˈuŋ/ - /fˈyːm/
f-f / ˈu-ˈyː / ∅-m / ŋ-∅
{0: [0], 1: [1], 2: None, 3: [2]}
{0: [0], 1: [1], 2: [2], 3: None}
SCORE: 6.996

-------------------

/fˈɔrt/ - /fˈɔrt/
f-f / ˈɔ-ˈɔ / r_t-r_t
{0: [0], 1: [1], 2: [2, 3]}
{0: [0], 1: [1], 2: [2, 3]}
SCORE: 26.344

-------------------

/fˈɔrθa/ - /fˈɔrza/
f-f / ˈɔ-ˈɔ / r-r / ∅-z / θ_a-a
{0: [0], 1: [1], 2: [2], 3: None, 4: [3, 4]}
{0: [0], 1: [1], 2: [2], 3: [3], 4: [4]}
SCORE: 16.124

-------------------

/fˈɛr/ - /fˈɛr/
f-f / ˈɛ-ˈɛ / r-r
{0: [0], 1: [1], 2: [2]}
{0: [0], 1: [1], 2: [2]}
SCORE: 19.421

-------------------

/fˈɛsta/ - /fˈɛsta/
f-f / ˈɛ-ˈɛ / s-s / t-t / a-a
{0: [0], 1: [1], 2: [2], 3: [3], 4: [4]}
{0: [0], 1: [1], 2: [2], 3: [3], 4: [4]}
SCORE: 29.473

-------------------

/istˈa/ - /estˈɑː/
∅-e / i-∅ / s-s / t-t / ˈa-ˈɑː
{0: None, 1: [0], 2: [1], 3: [2], 4: [3]}
{0: [0], 1: None, 2: [1], 3: [2], 4: [3]}
SCORE: 8.993

-------------------

/iŋvˈɛrn/ - /ĩvˈɛrn/
i_ŋ-ĩ / v-v / ˈɛ-ˈɛ / r-r / n-n
{0: [0, 1], 1: [2], 2: [3], 3: [4], 4: [5]}
{0: [0], 1: [1], 2: [2], 3: [3], 4: [4]}
SCORE: 25.237

-------------------

/jutˈar/ - /vytˈa/
<#-<#_v / j-∅ / u-y / t-t / ˈa_r-ˈa
{0: None, 1: [0], 2: [1], 3: [2], 4: [3, 4]}
{0: [0], 1: None, 2: [1], 3: [2], 4: [3]}
SCORE: 11.229

-------------------

/jˈaθ/ - /ʤˈɑːs/
∅-ʤ / j-∅ / ˈa-ˈɑː / θ-s
{0: None, 1: [0], 2: [1], 3: [2]}
{0: [0], 1: None, 2: [1], 3: [2]}
SCORE: 2.692

-------------------

/jˈoθa/ - /ɡˈuːta/
<#-<#_ɡ / j-∅ / ˈo-ˈuː / ∅-t / θ_a-a
{0: None, 1: [0], 2: [1], 3: None, 4: [2, 3]}
{0: [0], 1: None, 2: [1], 3: [2], 4: [3]}
SCORE: -1.083

-------------------

/kadˈena/ - /kadˈeːna/
k-k / a-a / d-d / ˈe-ˈeː / n-n / a-a
{0: [0], 1: [1], 2: [2], 3: [3], 4: [4], 5: [5]}
{0: [0], 1: [1], 2: [2], 3: [3], 4: [4], 5: [5]}
SCORE: 34.016

-------------------

/kastˈɛl/ - /kastˈɛl/
k-k / a-a / s-s / t-t / ˈɛ-ˈɛ / l-l
{0: [0], 1: [1], 2: [2], 3: [3], 4: [4], 5: [5]}
{0: [0], 1: [1], 2: [2], 3: [3], 4: [4], 5: [5]}
SCORE: 33.559

-------------------

/kavˈal/ - /kavˈal/
k-k / a-a / v-v / ˈa-ˈa / l-l
{0: [0], 1: [1], 2: [2], 3: [3], 4: [4]}
{0: [0], 1: [1], 2: [2], 3: [3], 4: [4]}
SCORE: 28.571

-------------------

/kavˈel/ - /kavˈɛl/
k-k / a-a / v-v / ˈe-ˈɛ / l-l
{0: [0], 1: [1], 2: [2], 3: [3], 4: [4]}
{0: [0], 1: [1], 2: [2], 3: [3], 4: [4]}
SCORE: 27.39

-------------------

/kaŋtˈar/ - /kãtˈa/
k-k / ∅-ã / a-∅ / ŋ-∅ / t-t / ˈa_r-ˈa
{0: [0], 1: None, 2: [1], 3: [2], 4: [3], 5: [4, 5]}
{0: [0], 1: [1], 2: None, 3: None, 4: [2], 5: [3]}
SCORE: 1.555

-------------------

/kaθˈar/ - /kasˈa/
k-k / a-a / θ-s / ˈa_r-ˈa
{0: [0], 1: [1], 2: [2], 3: [3, 4]}
{0: [0], 1: [1], 2: [2], 3: [3]}
SCORE: 19.116

-------------------

/kolˈor/ - /kylˈyːr/
k-k / o-y / l-l / ˈo-ˈyː / r-r
{0: [0], 1: [1], 2: [2], 3: [3], 4: [4]}
{0: [0], 1: [1], 2: [2], 3: [3], 4: [4]}
SCORE: 25.0

-------------------

/konˈoser/ - /kunˈus/
k-k / o-u / n-n / ˈo-ˈu / s-s / e-∅ / r-∅
{0: [0], 1: [1], 2: [2], 3: [3], 4: [4], 5: [5], 6: [6]}
{0: [0], 1: [1], 2: [2], 3: [3], 4: [4], 5: None, 6: None}
SCORE: 19.486

-------------------

/krˈeder/ - /krˈeːde/
k_r-k_r / ˈe-ˈeː / d-d / e-e / r-∅
{0: [0, 1], 1: [2], 2: [3], 3: [4], 4: [5]}
{0: [0, 1], 1: [2], 2: [3], 3: [4], 4: None}
SCORE: 24.584

-------------------

/krˈos/ - /krˈuːs/
k_r-k_r / ˈo-ˈuː / s-s
{0: [0, 1], 1: [2], 2: [3]}
{0: [0, 1], 1: [2], 2: [3]}
SCORE: 23.839

-------------------

/kwˈatro/ - /kwˈɑːter/
k-k / w-w / ˈa-ˈɑː / t-t / r_o-e_r
{0: [0], 1: [1], 2: [2], 3: [3], 4: [4, 5]}
{0: [0], 1: [1], 2: [2], 3: [3], 4: [4, 5]}
SCORE: 30.055

-------------------

/kˈalt/ - /kˈalt/
k-k / ˈa-ˈa / l-l / t-t
{0: [0], 1: [1], 2: [2], 3: [3]}
{0: [0], 1: [1], 2: [2], 3: [3]}
SCORE: 23.93

-------------------

/kˈao/ - /kˈuː/
k-k / ∅-ˈuː / ˈa-∅ / o-∅
{0: [0], 1: None, 2: [1], 3: [2]}
{0: [0], 1: [1], 2: None, 3: None}
SCORE: -5.088

-------------------

/kˈaro/ - /kˈɑːr/
k-k / ˈa-ˈɑː / r_o-r
{0: [0], 1: [1], 2: [2, 3]}
{0: [0], 1: [1], 2: [2]}
SCORE: 14.94

-------------------

/kˈavra/ - /krˈava/
k-k_r / ˈa-ˈa / v-v / r_a-a
{0: [0], 1: [1], 2: [2], 3: [3, 4]}
{0: [0, 1], 1: [2], 2: [3], 3: [4]}
SCORE: 16.883

-------------------

/kˈaza/ - /kˈa/
k-k / ˈa-ˈa / z-∅ / a-∅
{0: [0], 1: [1], 2: [2], 3: [3]}
{0: [0], 1: [1], 2: None, 3: None}
SCORE: 4.289

-------------------

/kˈaŋ/ - /kˈã/
k-k / ˈa_ŋ-ˈã
{0: [0], 1: [1, 2]}
{0: [0], 1: [1]}
SCORE: 12.894

-------------------

/kˈoa/ - /kˈuːa/
k-k / ˈo-ˈuː / a-a
{0: [0], 1: [1], 2: [2]}
{0: [0], 1: [1], 2: [2]}
SCORE: 18.724

-------------------

/kˈolpo/ - /kˈulp/
k-k / ˈo-ˈu / l-l / p-p / o-∅
{0: [0], 1: [1], 2: [2], 3: [3], 4: [4]}
{0: [0], 1: [1], 2: [2], 3: [3], 4: None}
SCORE: 20.652

-------------------

/kˈor/ - /kˈøːr/
k-k / ˈo-ˈøː / r-r
{0: [0], 1: [1], 2: [2]}
{0: [0], 1: [1], 2: [2]}
SCORE: 18.276

-------------------

/kˈul/ - /kˈyːl/
k-k / ˈu-ˈyː / l-l
{0: [0], 1: [1], 2: [2]}
{0: [0], 1: [1], 2: [2]}
SCORE: 21.082

-------------------

/kˈurt/ - /kˈyrt/
k-k / ˈu-ˈy / r_t-r_t
{0: [0], 1: [1], 2: [2, 3]}
{0: [0], 1: [1], 2: [2, 3]}
SCORE: 21.588

-------------------

/kˈɔl/ - /kˈɔl/
k-k / ˈɔ-ˈɔ / l-l
{0: [0], 1: [1], 2: [2]}
{0: [0], 1: [1], 2: [2]}
SCORE: 21.001

-------------------

/kˈɔrno/ - /kˈɔrna/
k-k / ˈɔ-ˈɔ / r-r / n-n / ∅-a / o-∅
{0: [0], 1: [1], 2: [2], 3: [3], 4: None, 5: [4]}
{0: [0], 1: [1], 2: [2], 3: [3], 4: [4], 5: None}
SCORE: 15.133

-------------------

/kˈɔza/ - /kˈuza/
k-k / ∅-ˈu / ˈɔ-∅ / z-z / a-a
{0: [0], 1: None, 2: [1], 3: [2], 4: [3]}
{0: [0], 1: [1], 2: None, 3: [2], 4: [3]}
SCORE: 8.942

-------------------

/lˈana/ - /lˈɑːna/
l-l / ˈa-ˈɑː / n-n / a-a
{0: [0], 1: [1], 2: [2], 3: [3]}
{0: [0], 1: [1], 2: [2], 3: [3]}
SCORE: 23.813

-------------------

/lˈat/ - /lˈat/
l-l / ˈa-ˈa / t-t
{0: [0], 1: [1], 2: [2]}
{0: [0], 1: [1], 2: [2]}
SCORE: 19.113

-------------------

/lˈaɡrema/ - /lˈɑːɡrima/
l-l / ˈa-ˈɑː / ɡ-ɡ / r-r / e-i / m-m / a-a
{0: [0], 1: [1], 2: [2], 3: [3], 4: [4], 5: [5], 6: [6]}
{0: [0], 1: [1], 2: [2], 3: [3], 4: [4], 5: [5], 6: [6]}
SCORE: 38.155

-------------------

/lˈetara/ - /lˈetra/
l-l / ˈe-ˈe / t-t / a-∅ / r-r / a-a
{0: [0], 1: [1], 2: [2], 3: [3], 4: [4], 5: [5]}
{0: [0], 1: [1], 2: [2], 3: None, 4: [3], 5: [4]}
SCORE: 22.467

-------------------

/lˈeŋ/ - /lˈeːɲ/
l-l / ˈe-ˈeː / ∅-ɲ / ŋ-∅
{0: [0], 1: [1], 2: None, 3: [2]}
{0: [0], 1: [1], 2: [2], 3: None}
SCORE: 4.669

-------------------

/lˈeŋɡwa/ - /lˈẽɡwa/
l-l / ˈe_ŋ-ˈẽ / ɡ-ɡ / w-w / a-a
{0: [0], 1: [1, 2], 2: [3], 3: [4], 4: [5]}
{0: [0], 1: [1], 2: [2], 3: [3], 4: [4]}
SCORE: 32.028

-------------------

/lˈof/ - /lˈuːf/
l-l / ˈo-ˈuː / f-f
{0: [0], 1: [1], 2: [2]}
{0: [0], 1: [1], 2: [2]}
SCORE: 20.1

-------------------

/lˈoŋɡo/ - /lˈũk/
l-l / ˈo_ŋ-ˈũ / ɡ_o_#>-k_#>
{0: [0], 1: [1, 2], 2: [3, 4]}
{0: [0], 1: [1], 2: [2]}
SCORE: 13.242

-------------------

/lˈoɡo/ - /lˈøːk/
l-l / ˈo-ˈøː / ɡ_o_#>-k_#>
{0: [0], 1: [1], 2: [2, 3]}
{0: [0], 1: [1], 2: [2]}
SCORE: 14.765

-------------------

/lˈuna/ - /lˈyːna/
l-l / ˈu-ˈyː / n-n / a-a
{0: [0], 1: [1], 2: [2], 3: [3]}
{0: [0], 1: [1], 2: [2], 3: [3]}
SCORE: 25.766

-------------------

/lˈɛt/ - /lˈɛʧ/
l-l / ˈɛ_t-ˈɛ_ʧ
{0: [0], 1: [1, 2]}
{0: [0], 1: [1, 2]}
SCORE: 18.538

-------------------

/lˈɛðer/ - /lˈɛʧ/
l-l / ˈɛ-ˈɛ / ð_e-ʧ / r-∅
{0: [0], 1: [1], 2: [2, 3], 3: [4]}
{0: [0], 1: [1], 2: [2], 3: None}
SCORE: 10.898

-------------------

/madˈur/ - /madˈyːr/
m-m / a-a / d-d / ˈu-ˈyː / r-r
{0: [0], 1: [1], 2: [2], 3: [3], 4: [4]}
{0: [0], 1: [1], 2: [2], 3: [3], 4: [4]}
SCORE: 30.477

-------------------

/maɲˈar/ - /manʤˈa/
m-m / a-a / ∅-n / ∅-ʤ / ɲ-∅ / ˈa_r-ˈa
{0: [0], 1: [1], 2: None, 3: None, 4: [2], 5: [3, 4]}
{0: [0], 1: [1], 2: [2], 3: [3], 4: None, 5: [4]}
SCORE: 1.652

-------------------

/mjˈel/ - /mˈeːl/
m-m / j_ˈe-ˈeː / l-l
{0: [0], 1: [1, 2], 2: [3]}
{0: [0], 1: [1], 2: [2]}
SCORE: 16.146

-------------------

/morˈir/ - /murˈi/
m-m / o_r-u_r / ˈi_r-ˈi
{0: [0], 1: [1, 2], 2: [3, 4]}
{0: [0], 1: [1, 2], 2: [3]}
SCORE: 23.675

-------------------

/moŋtˈaɲa/ - /mũtˈɑːɲa/
m-m / ∅-ũ / o-∅ / ŋ-∅ / t-t / ˈa-ˈɑː / ɲ-ɲ / a-a
{0: [0], 1: None, 2: [1], 3: [2], 4: [3], 5: [4], 6: [5], 7: [6]}
{0: [0], 1: [1], 2: None, 3: None, 4: [2], 5: [3], 6: [4], 7: [5]}
SCORE: 16.879

-------------------

/mˈar/ - /mˈɑːr/
m-m / ˈa-ˈɑː / r-r
{0: [0], 1: [1], 2: [2]}
{0: [0], 1: [1], 2: [2]}
SCORE: 18.675

-------------------

/mˈare/ - /mˈɑːder/
m-m / ˈa-ˈɑː / r-d / e-e / ∅-r
{0: [0], 1: [1], 2: [2], 3: [3], 4: None}
{0: [0], 1: [1], 2: [2], 3: [3], 4: [4]}
SCORE: 13.884

-------------------

/mˈaŋ/ - /mˈã/
m-m / ˈa_ŋ-ˈã
{0: [0], 1: [1, 2]}
{0: [0], 1: [1]}
SCORE: 13.632

-------------------

/mˈoska/ - /mˈuska/
m-m / ˈo-ˈu / s-s / k-k / a-a
{0: [0], 1: [1], 2: [2], 3: [3], 4: [4]}
{0: [0], 1: [1], 2: [2], 3: [3], 4: [4]}
SCORE: 29.362

-------------------

/mˈɔrt/ - /mˈɔrt/
m-m / ˈɔ-ˈɔ / r_t-r_t
{0: [0], 1: [1], 2: [2, 3]}
{0: [0], 1: [1], 2: [2, 3]}
SCORE: 26.347

-------------------

/mˈɛdeɡo/ - /mˈeːdik/
m-m / ˈɛ-ˈeː / d-d / e-i / ɡ_o_#>-k_#>
{0: [0], 1: [1], 2: [2], 3: [3], 4: [4, 5]}
{0: [0], 1: [1], 2: [2], 3: [3], 4: [4]}
SCORE: 23.169

-------------------

/mˈɛjo/ - /mɛjˈuːr/
m_ˈɛ-m / ∅-ɛ / j-j / ∅-ˈuː / o-r
{0: [0, 1], 1: None, 2: [2], 3: None, 4: [3]}
{0: [0], 1: [1], 2: [2], 3: [3], 4: [4]}
SCORE: 2.067

-------------------

/mˈɛjo/ - /mˈeːʒi/
m_ˈɛ-m / j-ˈeː / ∅-ʒ / ∅-i / o-∅
{0: [0, 1], 1: [2], 2: None, 3: None, 4: [3]}
{0: [0], 1: [1], 2: [2], 3: [3], 4: None}
SCORE: -6.973

-------------------

/mˈɛðo/ - /mˈɛs/
m-m / ˈɛ-ˈɛ / ð-∅ / o-∅ / #>-s_#>
{0: [0], 1: [1], 2: [2], 3: [3], 4: None}
{0: [0], 1: [1], 2: None, 3: None, 4: [2]}
SCORE: 3.121

-------------------

/nodˈar/ - /nudˈa/
n-n / o-u / d-d / ˈa_r-ˈa
{0: [0], 1: [1], 2: [2], 3: [3, 4]}
{0: [0], 1: [1], 2: [2], 3: [3]}
SCORE: 22.446

-------------------

/nˈas/ - /nˈɑːs/
n-n / ˈa-ˈɑː / s-s
{0: [0], 1: [1], 2: [2]}
{0: [0], 1: [1], 2: [2]}
SCORE: 19.496

-------------------

/nˈaser/ - /nˈas/
n-n / ˈa-ˈa / s-s / e-∅ / r-∅
{0: [0], 1: [1], 2: [2], 3: [3], 4: [4]}
{0: [0], 1: [1], 2: [2], 3: None, 4: None}
SCORE: 9.478

-------------------

/nˈef/ - /nˈeːf/
n-n / ˈe-ˈeː / f-f
{0: [0], 1: [1], 2: [2]}
{0: [0], 1: [1], 2: [2]}
SCORE: 20.723

-------------------

/nˈeɡro/ - /nˈeːɡer/
n-n / ˈe-ˈeː / ɡ-ɡ / r_o-e_r
{0: [0], 1: [1], 2: [2], 3: [3, 4]}
{0: [0], 1: [1], 2: [2], 3: [3, 4]}
SCORE: 23.552

-------------------

/nˈovo/ - /nˈøːf/
n-n / ˈo-ˈøː / v_o-f
{0: [0], 1: [1], 2: [2, 3]}
{0: [0], 1: [1], 2: [2]}
SCORE: 16.039

-------------------

/nˈɔt/ - /nˈɔt/
n-n / ˈɔ-ˈɔ / t-t
{0: [0], 1: [1], 2: [2]}
{0: [0], 1: [1], 2: [2]}
SCORE: 21.507

-------------------

/nˈɛola/ - /nˈivula/
n-n / ∅-ˈi / ∅-v / ˈɛ-∅ / o-u / l-l / a-a
{0: [0], 1: None, 2: None, 3: [1], 4: [2], 5: [3], 6: [4]}
{0: [0], 1: [1], 2: [2], 3: None, 4: [3], 5: [4], 6: [5]}
SCORE: 8.953

-------------------

/odˈor/ - /udˈuːr/
o-u / d-d / ˈo_r-ˈuː_r
{0: [0], 1: [1], 2: [2, 3]}
{0: [0], 1: [1], 2: [2, 3]}
SCORE: 24.821

-------------------

/ozˈɛl/ - /uzˈɛl/
o-u / z-z / ˈɛ-ˈɛ / l-l
{0: [0], 1: [1], 2: [2], 3: [3]}
{0: [0], 1: [1], 2: [2], 3: [3]}
SCORE: 24.446

-------------------

/pedˈɔʧo/ - /pidˈɔʧ/
p-p / e-i / d-d / ˈɔ-ˈɔ / ʧ-ʧ / o-∅
{0: [0], 1: [1], 2: [2], 3: [3], 4: [4], 5: [5]}
{0: [0], 1: [1], 2: [2], 3: [3], 4: [4], 5: None}
SCORE: 28.576

-------------------

/pjˈaŋðer/ - /pjˈãʧ/
p-p / j-j / ˈa_ŋ-ˈã / ð_e-ʧ / r-∅
{0: [0], 1: [1], 2: [2, 3], 3: [4, 5], 4: [6]}
{0: [0], 1: [1], 2: [2], 3: [3], 4: None}
SCORE: 15.799

-------------------

/pjˈe/ - /pˈe/
p-p / j_ˈe-ˈe
{0: [0], 1: [1, 2]}
{0: [0], 1: [1]}
SCORE: 14.16

-------------------

/pjˈera/ - /prˈeːa/
p-p / j-∅ / ˈe-r / r-ˈeː / a-a
{0: [0], 1: [1], 2: [2], 3: [3], 4: [4]}
{0: [0], 1: None, 2: [1], 3: [2], 4: [3]}
SCORE: 8.982

-------------------

/pjˈeŋ/ - /pjˈẽ/
p-p / j-j / ˈe_ŋ-ˈẽ
{0: [0], 1: [1], 2: [2, 3]}
{0: [0], 1: [1], 2: [2]}
SCORE: 20.745

-------------------

/pjˈova/ - /pjˈøːva/
p-p / j-j / ˈo-ˈøː / v-v / a-a
{0: [0], 1: [1], 2: [2], 3: [3], 4: [4]}
{0: [0], 1: [1], 2: [2], 3: [3], 4: [4]}
SCORE: 31.176

-------------------

/pjˈɛɡora/ - /pˈeɡura/
p-p / j-ˈe / ˈɛ-∅ / ɡ-ɡ / o_r-u_r / a-a
{0: [0], 1: [1], 2: [2], 3: [3], 4: [4, 5], 5: [6]}
{0: [0], 1: [1], 2: None, 3: [2], 4: [3, 4], 5: [5]}
SCORE: 30.053

-------------------

/podˈer/ - /pudˈɛ/
p-p / o-u / d-d / ˈe_r_#>-ˈɛ_#>
{0: [0], 1: [1], 2: [2], 3: [3, 4]}
{0: [0], 1: [1], 2: [2], 3: [3]}
SCORE: 22.012

-------------------

/pˈare/ - /pˈɑːder/
p-p / ˈa-ˈɑː / r-d / e-e / ∅-r
{0: [0], 1: [1], 2: [2], 3: [3], 4: None}
{0: [0], 1: [1], 2: [2], 3: [3], 4: [4]}
SCORE: 14.215

-------------------

/pˈaŋ/ - /pˈã/
p-p / ˈa_ŋ-ˈã
{0: [0], 1: [1, 2]}
{0: [0], 1: [1]}
SCORE: 13.963

-------------------

/pˈel/ - /pˈeːl/
p-p / ˈe-ˈeː / l-l
{0: [0], 1: [1], 2: [2]}
{0: [0], 1: [1], 2: [2]}
SCORE: 20.555

-------------------

/pˈena/ - /pˈeːna/
p-p / ˈe-ˈeː / n-n / a-a
{0: [0], 1: [1], 2: [2], 3: [3]}
{0: [0], 1: [1], 2: [2], 3: [3]}
SCORE: 25.236

-------------------

/pˈes/ - /pˈɛs/
p-p / ˈe-ˈɛ / s-s
{0: [0], 1: [1], 2: [2]}
{0: [0], 1: [1], 2: [2]}
SCORE: 18.86

-------------------

/pˈos/ - /pˈus/
p-p / ˈo-ˈu / s-s
{0: [0], 1: [1], 2: [2]}
{0: [0], 1: [1], 2: [2]}
SCORE: 20.697

-------------------

/pˈoŋt/ - /pˈũt/
p-p / ˈo_ŋ-ˈũ / t-t
{0: [0], 1: [1, 2], 2: [3]}
{0: [0], 1: [1], 2: [2]}
SCORE: 19.013

-------------------

/pˈɛl/ - /pˈɛl/
p-p / ˈɛ-ˈɛ / l-l
{0: [0], 1: [1], 2: [2]}
{0: [0], 1: [1], 2: [2]}
SCORE: 20.946

-------------------

/pˈɛto/ - /pˈɛʧ/
p-p / ˈɛ_t-ˈɛ_ʧ / o-∅
{0: [0], 1: [1, 2], 2: [3]}
{0: [0], 1: [1, 2], 2: None}
SCORE: 14.603

-------------------

/razˈoŋ/ - /reʒˈũ/
<#_r-<#_r / ∅-e / a-∅ / z-ʒ / ˈo_ŋ-ˈũ
{0: [0], 1: None, 2: [1], 3: [2], 4: [3, 4]}
{0: [0], 1: [1], 2: None, 3: [2], 4: [3]}
SCORE: 8.526

-------------------

/raˈis/ - /radˈiːs/
<#_r-<#_r / a-a / ∅-d / ˈi-ˈiː / s-s
{0: [0], 1: [1], 2: None, 3: [2], 4: [3]}
{0: [0], 1: [1], 2: [2], 3: [3], 4: [4]}
SCORE: 20.801

-------------------

/romˈaŋ/ - /rumˈã/
<#_r-<#_r / o-u / m-m / ˈa_ŋ-ˈã
{0: [0], 1: [1], 2: [2], 3: [3, 4]}
{0: [0], 1: [1], 2: [2], 3: [3]}
SCORE: 24.519

-------------------

/rˈeʧa/ - /urˈeːʤa/
<#-<#_u / r-r / ˈe-ˈeː / ∅-ʤ / ʧ-∅ / a-a
{0: None, 1: [0], 2: [1], 3: None, 4: [2], 5: [3]}
{0: [0], 1: [1], 2: [2], 3: [3], 4: None, 5: [4]}
SCORE: 6.262

-------------------

/rˈos/ - /rˈus/
<#_r-<#_r / ˈo-ˈu / s-s
{0: [0], 1: [1], 2: [2]}
{0: [0], 1: [1], 2: [2]}
SCORE: 21.164

-------------------

/rˈɔda/ - /rˈøːda/
<#_r-<#_r / ∅-ˈøː / ˈɔ-∅ / d-d / a-a
{0: [0], 1: None, 2: [1], 3: [2], 4: [3]}
{0: [0], 1: [1], 2: None, 3: [2], 4: [3]}
SCORE: 11.297

-------------------

/rˈɛ/ - /rˈɛ/
<#_r-<#_r / ˈɛ-ˈɛ
{0: [0], 1: [1]}
{0: [0], 1: [1]}
SCORE: 16.592

-------------------

/savˈer/ - /savˈɛ/
s-s / a-a / v-v / ˈe_r_#>-ˈɛ_#>
{0: [0], 1: [1], 2: [2], 3: [3, 4]}
{0: [0], 1: [1], 2: [2], 3: [3]}
SCORE: 20.065

-------------------

/semˈenθa/ - /sumˈensa/
s-s / ∅-u / e-∅ / m-m / ˈe-ˈe / n-n / θ_a-s_a
{0: [0], 1: None, 2: [1], 3: [2], 4: [3], 5: [4], 6: [5, 6]}
{0: [0], 1: [1], 2: None, 3: [2], 4: [3], 5: [4], 6: [5, 6]}
SCORE: 25.346

-------------------

/siɡˈur/ - /seɡˈyːr/
s-s / ∅-e / i-∅ / ɡ-ɡ / ˈu-ˈyː / r-r
{0: [0], 1: None, 2: [1], 3: [2], 4: [3], 5: [4]}
{0: [0], 1: [1], 2: None, 3: [2], 4: [3], 5: [4]}
SCORE: 15.567

-------------------

/skoltˈar/ - /skultˈa/
s-s / k-k / o-u / l-l / t-t / ˈa_r-ˈa
{0: [0], 1: [1], 2: [2], 3: [3], 4: [4], 5: [5, 6]}
{0: [0], 1: [1], 2: [2], 3: [3], 4: [4], 5: [5]}
SCORE: 30.593

-------------------

/skrˈiver/ - /skrˈiːf/
s-s / k_r-k_r / ˈi-ˈiː / v_e-f / r-∅
{0: [0], 1: [1, 2], 2: [3], 3: [4, 5], 4: [6]}
{0: [0], 1: [1, 2], 2: [3], 3: [4], 4: None}
SCORE: 20.544

-------------------

/skˈur/ - /skˈyːr/
s-s / k-k / ˈu-ˈyː / r-r
{0: [0], 1: [1], 2: [2], 3: [3]}
{0: [0], 1: [1], 2: [2], 3: [3]}
SCORE: 24.573

-------------------

/skˈɔrθa/ - /skˈɔrsa/
s-s / k-k / ˈɔ-ˈɔ / r-r / θ_a-s_a
{0: [0], 1: [1], 2: [2], 3: [3], 4: [4, 5]}
{0: [0], 1: [1], 2: [2], 3: [3], 4: [4, 5]}
SCORE: 34.261

-------------------

/spˈaɲa/ - /spˈɑːɲa/
s-s / p-p / ˈa-ˈɑː / ɲ-ɲ / a-a
{0: [0], 1: [1], 2: [2], 3: [3], 4: [4]}
{0: [0], 1: [1], 2: [2], 3: [3], 4: [4]}
SCORE: 32.073

-------------------

/spˈin/ - /spˈiːna/
s-s / p-p / ˈi-ˈiː / n-n / ∅-a
{0: [0], 1: [1], 2: [2], 3: [3], 4: None}
{0: [0], 1: [1], 2: [2], 3: [3], 4: [4]}
SCORE: 21.478

-------------------

/stemˈana/ - /semˈana/
s-s / t-∅ / e-e / m-m / ˈa-ˈa / n-n / a-a
{0: [0], 1: [1], 2: [2], 3: [3], 4: [4], 5: [5], 6: [6]}
{0: [0], 1: None, 2: [1], 3: [2], 4: [3], 5: [4], 6: [5]}
SCORE: 28.848

-------------------

/stˈela/ - /stˈɛla/
s-s / t-t / ˈe-ˈɛ / l-l / a-a
{0: [0], 1: [1], 2: [2], 3: [3], 4: [4]}
{0: [0], 1: [1], 2: [2], 3: [3], 4: [4]}
SCORE: 26.793

-------------------

/sˈal/ - /sˈɑːl/
s-s / ˈa-ˈɑː / l-l
{0: [0], 1: [1], 2: [2]}
{0: [0], 1: [1], 2: [2]}
SCORE: 18.994

-------------------

/sˈas/ - /sˈas/
s-s / ˈa-ˈa / s-s
{0: [0], 1: [1], 2: [2]}
{0: [0], 1: [1], 2: [2]}
SCORE: 18.838

-------------------

/sˈaŋ/ - /sˈã/
s-s / ˈa_ŋ-ˈã
{0: [0], 1: [1, 2]}
{0: [0], 1: [1]}
SCORE: 12.76

-------------------

/sˈaŋɡwe/ - /sˈãk/
s-s / ˈa_ŋ-ˈã / ɡ-k / w-∅ / e-∅
{0: [0], 1: [1, 2], 2: [3], 3: [4], 4: [5]}
{0: [0], 1: [1], 2: [2], 3: None, 4: None}
SCORE: 5.675

-------------------

/sˈeda/ - /sˈeːda/
s-s / ˈe-ˈeː / d-d / a-a
{0: [0], 1: [1], 2: [2], 3: [3]}
{0: [0], 1: [1], 2: [2], 3: [3]}
SCORE: 24.381

-------------------

/sˈek/ - /sˈɛk/
s-s / ˈe-ˈɛ / k-k
{0: [0], 1: [1], 2: [2]}
{0: [0], 1: [1], 2: [2]}
SCORE: 17.791

-------------------

/sˈera/ - /sˈiːra/
s-s / ∅-ˈiː / ˈe-∅ / r-r / a-a
{0: [0], 1: None, 2: [1], 3: [2], 4: [3]}
{0: [0], 1: [1], 2: None, 3: [2], 4: [3]}
SCORE: 7.587

-------------------

/sˈol/ - /sˈyːl/
s-s / ˈo-ˈyː / l-l
{0: [0], 1: [1], 2: [2]}
{0: [0], 1: [1], 2: [2]}
SCORE: 17.417

-------------------

/sˈora/ - /sˈuːra/
s-s / ˈo_r-ˈuː_r / a-a
{0: [0], 1: [1, 2], 2: [3]}
{0: [0], 1: [1, 2], 2: [3]}
SCORE: 23.478

-------------------

/sˈɛt/ - /sˈɛt/
s-s / ˈɛ-ˈɛ / t-t
{0: [0], 1: [1], 2: [2]}
{0: [0], 1: [1], 2: [2]}
SCORE: 19.743

-------------------

/tosˈir/ - /tusˈi/
<#_t-<#_t / o-u / s-s / ˈi_r-ˈi
{0: [0], 1: [1], 2: [2], 3: [3, 4]}
{0: [0], 1: [1], 2: [2], 3: [3]}
SCORE: 24.077

-------------------

/tˈi/ - /tˈi/
<#_t-<#_t / ˈi-ˈi
{0: [0], 1: [1]}
{0: [0], 1: [1]}
SCORE: 17.011

-------------------

/tˈut/ - /tˈyːt/
<#_t-<#_t / ˈu-ˈyː / t-t
{0: [0], 1: [1], 2: [2]}
{0: [0], 1: [1], 2: [2]}
SCORE: 22.685

-------------------

/tˈɔro/ - /tˈɔr/
<#_t-<#_t / ˈɔ-ˈɔ / r_o-r
{0: [0], 1: [1], 2: [2, 3]}
{0: [0], 1: [1], 2: [2]}
SCORE: 18.418

-------------------

/tˈɛra/ - /tˈɛra/
<#_t-<#_t / ˈɛ-ˈɛ / r-r / a-a
{0: [0], 1: [1], 2: [2], 3: [3]}
{0: [0], 1: [1], 2: [2], 3: [3]}
SCORE: 24.469

-------------------

/vedˈɛl/ - /vitˈɛl/
v-v / e-i / ∅-t / d-∅ / ˈɛ-ˈɛ / l-l
{0: [0], 1: [1], 2: None, 3: [2], 4: [3], 5: [4]}
{0: [0], 1: [1], 2: [2], 3: None, 4: [3], 5: [4]}
SCORE: 15.013

-------------------

/vezˈiŋ/ - /veʒˈĩ/
v-v / e-e / z-ʒ / ˈi_ŋ-ˈĩ
{0: [0], 1: [1], 2: [2], 3: [3, 4]}
{0: [0], 1: [1], 2: [2], 3: [3]}
SCORE: 22.369

-------------------

/vjˈajo/ - /vjˈaʧ/
v-v / j-j / ˈa-ˈa / ∅-ʧ / j-∅ / o-∅
{0: [0], 1: [1], 2: [2], 3: None, 4: [3], 5: [4]}
{0: [0], 1: [1], 2: [2], 3: [3], 4: None, 5: None}
SCORE: 5.754

-------------------

/vˈaka/ - /vˈɑːka/
v-v / ˈa-ˈɑː / k-k / a-a
{0: [0], 1: [1], 2: [2], 3: [3]}
{0: [0], 1: [1], 2: [2], 3: [3]}
SCORE: 23.769

-------------------

/vˈeder/ - /vedˈɛ/
v-v / ˈe-e / d-d / e-∅ / r-ˈɛ
{0: [0], 1: [1], 2: [2], 3: [3], 4: [4]}
{0: [0], 1: [1], 2: [2], 3: None, 4: [3]}
SCORE: 12.477

-------------------

/vˈerdo/ - /vˈert/
v-v / ˈe-ˈe / r-r_t / d-∅ / o-∅
{0: [0], 1: [1], 2: [2], 3: [3], 4: [4]}
{0: [0], 1: [1], 2: [2, 3], 3: None, 4: None}
SCORE: 6.529

-------------------

/vˈeŋt/ - /vˈẽt/
v-v / ˈe_ŋ-ˈẽ / t-t
{0: [0], 1: [1, 2], 2: [3]}
{0: [0], 1: [1], 2: [2]}
SCORE: 18.963

-------------------

/vˈeɲer/ - /veɲˈi/
v-v / ˈe-e / ɲ-ɲ / e-∅ / r-ˈi
{0: [0], 1: [1], 2: [2], 3: [3], 4: [4]}
{0: [0], 1: [1], 2: [2], 3: None, 4: [3]}
SCORE: 15.879

-------------------

/vˈia/ - /vˈiːa/
v-v / ˈi-ˈiː / a-a
{0: [0], 1: [1], 2: [2]}
{0: [0], 1: [1], 2: [2]}
SCORE: 20.048

-------------------

/vˈita/ - /vˈita/
v-v / ˈi-ˈi / t-t / a-a
{0: [0], 1: [1], 2: [2], 3: [3]}
{0: [0], 1: [1], 2: [2], 3: [3]}
SCORE: 24.873

-------------------

/vˈiŋ/ - /vˈĩ/
v-v / ˈi_ŋ-ˈĩ
{0: [0], 1: [1, 2]}
{0: [0], 1: [1]}
SCORE: 13.866

-------------------

/vˈiŋti/ - /vˈĩt/
v-v / ˈi_ŋ-ˈĩ / t-t / i_#>-#>
{0: [0], 1: [1, 2], 2: [3], 3: [4]}
{0: [0], 1: [1], 2: [2], 3: None}
SCORE: 14.986

-------------------

/vˈovo/ - /ˈøːf/
v-∅ / ˈo-ˈøː / v_o-f
{0: [0], 1: [1], 2: [2, 3]}
{0: None, 1: [0], 2: [1]}
SCORE: 5.716

-------------------

/vˈoθe/ - /vˈus/
v-v / ˈo-ˈu / θ-s / e-∅
{0: [0], 1: [1], 2: [2], 3: [3]}
{0: [0], 1: [1], 2: [2], 3: None}
SCORE: 13.613

-------------------

/vˈɛrmo/ - /vˈɛrmen/
v-v / ˈɛ-ˈɛ / r-r / m-m / o-e / #>-n_#>
{0: [0], 1: [1], 2: [2], 3: [3], 4: [4], 5: None}
{0: [0], 1: [1], 2: [2], 3: [3], 4: [4], 5: [5]}
SCORE: 25.701

-------------------

/vˈɛʧo/ - /vˈɛʧ/
v-v / ˈɛ-ˈɛ / ʧ-ʧ / o-∅
{0: [0], 1: [1], 2: [2], 3: [3]}
{0: [0], 1: [1], 2: [2], 3: None}
SCORE: 16.508

-------------------

/zolˈar/ - /zɡulˈa/
z-z / ∅-ɡ / o-u / l-l / ˈa_r-ˈa
{0: [0], 1: None, 2: [1], 3: [2], 4: [3, 4]}
{0: [0], 1: [1], 2: [2], 3: [3], 4: [4]}
SCORE: 16.125

-------------------

/ðenˈɔʧo/ - /ʒenˈœʧ/
ð-ʒ / e-e / n-n / ˈɔ-ˈœ / ʧ-ʧ / o-∅
{0: [0], 1: [1], 2: [2], 3: [3], 4: [4], 5: [5]}
{0: [0], 1: [1], 2: [2], 3: [3], 4: [4], 5: None}
SCORE: 24.728

-------------------

/ðˈoven/ - /ʒˈuːẽ/
ð-ʒ / ˈo-ˈuː / v_e_n-ẽ
{0: [0], 1: [1], 2: [2, 3, 4]}
{0: [0], 1: [1], 2: [2]}
SCORE: 15.504

-------------------

/ðˈoɡo/ - /ʒˈøːk/
ð-ʒ / ˈo-ˈøː / ɡ_o_#>-k_#>
{0: [0], 1: [1], 2: [2, 3]}
{0: [0], 1: [1], 2: [2]}
SCORE: 16.609

-------------------

/ɡrˈas/ - /ɡrˈas/
ɡ-ɡ / r-r / ˈa-ˈa / s-s
{0: [0], 1: [1], 2: [2], 3: [3]}
{0: [0], 1: [1], 2: [2], 3: [3]}
SCORE: 23.595

-------------------

/ɡrˈaŋ/ - /ɡrˈɑːna/
ɡ-ɡ / r-r / ˈa-ˈɑː / ∅-n / ∅-a / ŋ-∅
{0: [0], 1: [1], 2: [2], 3: None, 4: None, 5: [3]}
{0: [0], 1: [1], 2: [2], 3: [3], 4: [4], 5: None}
SCORE: 3.93

-------------------

/ɡrˈaŋt/ - /ɡrˈãt/
ɡ-ɡ / r-r / ˈa_ŋ-ˈã / t-t
{0: [0], 1: [1], 2: [2, 3], 3: [4]}
{0: [0], 1: [1], 2: [2], 3: [3]}
SCORE: 22.337

-------------------

/ɡrˈɔs/ - /ɡrˈɔs/
ɡ-ɡ / r-r / ˈɔ-ˈɔ / s-s
{0: [0], 1: [1], 2: [2], 3: [3]}
{0: [0], 1: [1], 2: [2], 3: [3]}
SCORE: 25.487

-------------------

/ɡuzˈɛla/ - /aɡˈyːʒa/
<#-<#_a / ɡ-ɡ / ∅-ˈyː / u-∅ / z-ʒ / ˈɛ-∅ / l_a-a
{0: None, 1: [0], 2: None, 3: [1], 4: [2], 5: [3], 6: [4, 5]}
{0: [0], 1: [1], 2: [2], 3: None, 4: [3], 5: None, 6: [4]}
SCORE: -2.109

-------------------

/ɡˈat/ - /ɡˈɑːt/
ɡ-ɡ / ˈa-ˈɑː / t-t
{0: [0], 1: [1], 2: [2]}
{0: [0], 1: [1], 2: [2]}
SCORE: 20.121

-------------------

/ɡˈola/ - /ɡˈuːla/
ɡ-ɡ / ˈo-ˈuː / l-l / a-a
{0: [0], 1: [1], 2: [2], 3: [3]}
{0: [0], 1: [1], 2: [2], 3: [3]}
SCORE: 24.538

-------------------

/ʧamˈar/ - /ʧamˈa/
ʧ-ʧ / a-a / m-m / ˈa_r-ˈa
{0: [0], 1: [1], 2: [2], 3: [3, 4]}
{0: [0], 1: [1], 2: [2], 3: [3]}
SCORE: 22.638

-------------------

/ʧˈave/ - /ʧˈɑːf/
ʧ-ʧ / ˈa-ˈɑː / v_e-f
{0: [0], 1: [1], 2: [2, 3]}
{0: [0], 1: [1], 2: [2]}
SCORE: 16.322

-------------------

/ˈaj/ - /ˈajl/
<#_ˈa-<#_ˈa / j-j / ∅-l
{0: [0], 1: [1], 2: None}
{0: [0], 1: [1], 2: [2]}
SCORE: 12.622

-------------------

/ˈakwa/ - /ˈajɡwa/
<#_ˈa-<#_ˈa / ∅-j / ∅-ɡ / k-∅ / w-w / a-a
{0: [0], 1: None, 2: None, 3: [1], 4: [2], 5: [3]}
{0: [0], 1: [1], 2: [2], 3: None, 4: [3], 5: [4]}
SCORE: 9.16

-------------------

/ˈan/ - /ˈan/
<#_ˈa-<#_ˈa / n-n
{0: [0], 1: [1]}
{0: [0], 1: [1]}
SCORE: 16.946

-------------------

/ˈanema/ - /ˈɑːnema/
ˈa-ˈɑː / n-n / e-e / m-m / a-a
{0: [0], 1: [1], 2: [2], 3: [3], 4: [4]}
{0: [0], 1: [1], 2: [2], 3: [3], 4: [4]}
SCORE: 29.184

-------------------

/ˈanzol/ - /ˈanʒol/
<#_ˈa-<#_ˈa / n-n / z-ʒ / ∅-o / o-∅ / l-l
{0: [0], 1: [1], 2: [2], 3: None, 4: [3], 5: [4]}
{0: [0], 1: [1], 2: [2], 3: [3], 4: None, 5: [4]}
SCORE: 15.633

-------------------

/ˈarbol/ - /ˈarbor/
<#_ˈa-<#_ˈa / r-r / b-b / ∅-o / o-r / l-∅
{0: [0], 1: [1], 2: [2], 3: None, 4: [3], 5: [4]}
{0: [0], 1: [1], 2: [2], 3: [3], 4: [4], 5: None}
SCORE: 12.099

-------------------

/ˈava/ - /ˈavja/
<#_ˈa-<#_ˈa / v-v / ∅-j / a-a
{0: [0], 1: [1], 2: None, 3: [2]}
{0: [0], 1: [1], 2: [2], 3: [3]}
SCORE: 16.085

-------------------

/ˈawter/ - /ˈɔlter/
∅-ˈɔ / ˈa-l / w-∅ / t-t / e-e / r-r
{0: None, 1: [0], 2: [1], 3: [2], 4: [3], 5: [4]}
{0: [0], 1: [1], 2: None, 3: [2], 4: [3], 5: [4]}
SCORE: 7.554

-------------------

/ˈela/ - /lˈeː/
<#-<#_l / ˈe-ˈeː / l-∅ / a-∅
{0: None, 1: [0], 2: [1], 3: [2]}
{0: [0], 1: [1], 2: None, 3: None}
SCORE: -3.593

-------------------

/ˈelo/ - /lˈyː/
<#_ˈe-<# / l-l / ∅-ˈyː / o-∅
{0: [0], 1: [1], 2: None, 3: [2]}
{0: None, 1: [0], 2: [1], 3: None}
SCORE: -3.782

-------------------

/ˈoŋʤa/ - /ˈũʤa/
ˈo_ŋ-ˈũ / ∅-ʤ / ʤ-∅ / a-a
{0: [0, 1], 1: None, 2: [2], 3: [3]}
{0: [0], 1: [1], 2: None, 3: [2]}
SCORE: 2.486

-------------------

/ˈɔka/ - /ˈoːka/
<#_ˈɔ-<#_ˈoː / k-k / a-a
{0: [0], 1: [1], 2: [2]}
{0: [0], 1: [1], 2: [2]}
SCORE: 21.787

-------------------

/ˈɔro/ - /ˈoːr/
<#_ˈɔ-<#_ˈoː / r_o-r
{0: [0], 1: [1, 2]}
{0: [0], 1: [1]}
SCORE: 13.424

-------------------

/ˈɔs/ - /ˈɔs/
ˈɔ-ˈɔ / s-s
{0: [0], 1: [1]}
{0: [0], 1: [1]}
SCORE: 16.047

-------------------

/ˈɔt/ - /vˈɔt/
<#-<#_v / ˈɔ-ˈɔ / t-t
{0: None, 1: [0], 2: [1]}
{0: [0], 1: [1], 2: [2]}
SCORE: 12.778

-------------------

/ˈɔʧo/ - /ˈœʧ/
ˈɔ-ˈœ / ʧ-ʧ / o-∅
{0: [0], 1: [1], 2: [2]}
{0: [0], 1: [1], 2: None}
SCORE: 8.103

-------------------

/ˈɛrba/ - /ˈɛrba/
ˈɛ-ˈɛ / r-r / b-b / a-a
{0: [0], 1: [1], 2: [2], 3: [3]}
{0: [0], 1: [1], 2: [2], 3: [3]}
SCORE: 24.776

-------------------

/θerkˈar/ - /ʧerkˈɑːr/
<#_θ-<#_ʧ / e-e / r-r / k-k / ˈa-ˈɑː / r-r
{0: [0], 1: [1], 2: [2], 3: [3], 4: [4], 5: [5]}
{0: [0], 1: [1], 2: [2], 3: [3], 4: [4], 5: [5]}
SCORE: 31.794

-------------------

/θitˈa/ - /ʧitˈa/
<#_θ-<#_ʧ / ∅-i / i-∅ / t-t / ˈa-ˈa
{0: [0], 1: None, 2: [1], 3: [2], 4: [3]}
{0: [0], 1: [1], 2: None, 3: [2], 4: [3]}
SCORE: 9.883

-------------------

/θiŋkwˈaŋta/ - /ʧĩkwˈãta/
<#_θ-<#_ʧ / i_ŋ-ĩ / k-k / w-w / ˈa_ŋ-ˈã / t-t / a-a
{0: [0], 1: [1, 2], 2: [3], 3: [4], 4: [5, 6], 5: [7], 6: [8]}
{0: [0], 1: [1], 2: [2], 3: [3], 4: [4], 5: [5], 6: [6]}
SCORE: 36.604

-------------------

/θjˈelo/ - /ʧˈel/
<#_θ-<#_ʧ / j_ˈe-ˈe / l-l / o-∅
{0: [0], 1: [1, 2], 2: [3], 3: [4]}
{0: [0], 1: [1], 2: [2], 3: None}
SCORE: 13.685

-------------------

/θˈendre/ - /ʧˈẽder/
<#_θ-<#_ʧ / ˈe-ˈẽ / n-∅ / d-d / r_e-e / ∅-r
{0: [0], 1: [1], 2: [2], 3: [3], 4: [4, 5], 5: None}
{0: [0], 1: [1], 2: None, 3: [2], 4: [3], 5: [4]}
SCORE: 10.918

-------------------

/θˈera/ - /ʧˈeːra/
<#_θ-<#_ʧ / ˈe-ˈeː / r-r / a-a
{0: [0], 1: [1], 2: [2], 3: [3]}
{0: [0], 1: [1], 2: [2], 3: [3]}
SCORE: 23.248

-------------------

/θˈiŋkwe/ - /ʧˈĩk/
<#_θ-<#_ʧ / ˈi_ŋ-ˈĩ / k-k / w-∅ / e-∅
{0: [0], 1: [1, 2], 2: [3], 3: [4], 4: [5]}
{0: [0], 1: [1], 2: [2], 3: None, 4: None}
SCORE: 8.991

-------------------

/θˈɛnto/ - /ʧˈẽt/
<#_θ-<#_ʧ / ∅-ˈẽ / ˈɛ-∅ / n-∅ / t-t / o-∅
{0: [0], 1: None, 2: [1], 3: [2], 4: [3], 5: [4]}
{0: [0], 1: [1], 2: None, 3: None, 4: [2], 5: None}
SCORE: -4.494
