/blˈuːdə/ - /blˈiə̯də/
[4/4] b-b / l-l / ˈuː-ˈiə̯ / d-d / ə-ə

-------------------

/blˈuːd̥/ - /blˈuə̯d̥/
[5/5] b-b / l-l / ˈuː-ˈuə̯ / d̥-d̥

-------------------

/blˈuːɡ̊/ - /plˈuə̯ɣə/
[3/5] b-p / l-l / ˈuː-ˈuə̯ / ɡ̊-ɣ / #>-ə_#>
[2/5] b-p / l-l / ˈuː-ˈuə̯ / ɡ̊-ɣ / ∅-ə

-------------------

/blˈɔːd̥/ - /blˈɛːd̥/
[4/4] b-b / l-l / ˈɔː-ˈɛː / d̥-d̥

-------------------

/blˈʊm/ - /blˈoːm/
[3/3] b-b / l-l / ˈʊ-ˈoː / m-m

-------------------

/bɾˈaʊ̯ə/ - /brˈɔu̯ə/
[4/4] b-b / ɾ-r / ˈaʊ̯-ˈɔu̯ / ə-ə

-------------------

/bɾˈoːd̥/ - /brˈɪə̯/
[2/3] b-b / ɾ-r / ˈoː_d̥-ˈɪə̯
[1/3] b-b / ɾ-r / ˈoː-ˈɪə̯ / d̥-∅

-------------------

/bɾˈuːdɑ/ - /brˈuə̯r/
[3/4] b-b / ɾ-r / ˈuː-ˈuə̯ / d-∅ / ɑ-r
[1/4] b-b / ɾ-r / ˈuː-ˈuə̯ / d_ɑ-r

-------------------

/bɾˈɪk/ - /brˈɛːɣə/
[2/4] b-b / ɾ-r / ˈɪ-ˈɛː / k-ɣ / #>-ə_#>
[1/4] b-b / ɾ-r / ˈɪ-ˈɛː / k-ɣ_ə
[1/4] b-b / ɾ-r / ˈɪ-ˈɛː / k-ɣ / ∅-ə

-------------------

/bɾˈʊʃt/ - /bˈoə̯st/
[3/3] b-b / ɾ-∅ / ˈʊ-ˈoə̯ / ʃ-s / t-t

-------------------

/bˈaɪ̯sə/ - /bˈiːtə/
[5/5] b-b / ˈaɪ̯-ˈiː / s-t / ə-ə

-------------------

/bˈeː/ - /bˈiə̯n/
[2/2] b-b / ˈeː-ˈiə̯_n

-------------------

/bˈiːdə/ - /bˈiə̯də/
[4/4] b-b / ˈiː-ˈiə̯ / d-d / ə-ə

-------------------

/bˈiːɑ/ - /bˈɛi̯/
[4/4] b-b / ˈiː-∅ / ɑ-ˈɛi̯

-------------------

/bˈoːt/ - /bˈoə̯t/
[4/4] b-b / ˈoː-ˈoə̯ / t-t

-------------------

/bˈuːx/ - /bˈuə̯k/
[3/3] b-b / ˈuː-ˈuə̯ / x-k

-------------------

/bˈɔːd̥/ - /bˈad̥/
[4/4] b-b / ˈɔː-ˈa / d̥-d̥

-------------------

/bˈɔːm/ - /bˈɪə̯m/
[3/3] b-b / ˈɔː-ˈɪə̯ / m-m

-------------------

/bˈɛsɑ/ - /bˈɛtər/
[3/5] b-b / ˈɛ-ˈɛ / s-t / ɑ-ə_r
[2/5] b-b / ˈɛ-ˈɛ / s-t / ∅-ə / ɑ-r

-------------------

/bˈɛːɑ/ - /bˈɪə̯r/
[4/4] b-b / ˈɛː-ˈɪə̯ / ɑ-r

-------------------

/bˈɛːɾɪɡ̊/ - /bˈɛrχ/
[2/4] b-b / ˈɛː-ˈɛ / ɾ_ɪ-r / ɡ̊-χ
[2/4] b-b / ˈɛː-ˈɛ / ɾ-r / ɪ-∅ / ɡ̊-χ

-------------------

/bˈɪdə/ - /bˈɪdə/
[4/4] b-b / ˈɪ-ˈɪ / d-d / ə-ə

-------------------

/bˈɪnə/ - /bˈiːnə/
[3/3] b-b / ˈɪ-ˈiː / n-n / ə-ə

-------------------

/dɾˈaɪ̯/ - /trˈɛjə/
[1/2] d-t / ɾ-r / ∅-ˈɛ / ˈaɪ̯-j / ∅-ə
[1/2] d-t / ɾ-r / ˈaɪ̯-ˈɛ_j / ∅-ə

-------------------

/dɾˈaɪ̯və/ - /drjˈuːvə/
[1/3] d-d / ɾ-r_j / ˈaɪ̯-ˈuː / v-v / ə-ə
[1/3] d-d / ɾ-r / ∅-j / ˈaɪ̯-ˈuː / v-v / ə-ə
[1/3] d-d / ɾ-r / ˈaɪ̯-j / ∅-ˈuː / v-v / ə-ə

-------------------

/dɾˈaɪ̯ʦeː/ - /trˈɛtjɪn/
[2/3] d-t / ɾ-r / ˈaɪ̯-ˈɛ / ʦ-t / ∅-j / eː-ɪ / #>-n_#>
[1/3] d-t / ɾ-r / ˈaɪ̯-ˈɛ / ʦ-t / ∅-j / eː-ɪ / ∅-n

-------------------

/dɾˈɔːm/ - /drˈɪə̯m/
[4/4] d-d / ɾ-r / ˈɔː-ˈɪə̯ / m-m

-------------------

/dɾˈɛːn/ - /trˈiə̯n/
[4/4] d-t / ɾ-r / ˈɛː-ˈiə̯ / n-n

-------------------

/dɾˈɪkə/ - /drˈykə/
[3/3] d-d / ɾ-r / ˈɪ-ˈy / k-k / ə-ə

-------------------

/dɾˈɪŋkə/ - /drˈɪŋkə/
[4/4] d-d / ɾ-r / ˈɪ-ˈɪ / ŋ-ŋ / k-k / ə-ə

-------------------

/dɾˈʊkə/ - /drˈuːχ/
[4/4] d-d / ɾ-r / ˈʊ-ˈuː / k-χ / ə-∅

-------------------

/dˈan/ - /tˈoə̯n/
[3/3] d-t / ˈa-ˈoə̯ / n-n

-------------------

/dˈaŋkə/ - /tˈankjə/
[2/4] d-t / ˈa-ˈa / ŋ-n / k-k / ∅-j / ə-ə
[2/4] d-t / ˈa-ˈa / ŋ-n / k-k / ə-j_ə

-------------------

/dˈaɪ̯tʃ/ - /dˈyːtsk/
[3/5] d-d / ˈaɪ̯-ˈyː / t-t / ʃ-s_k
[2/5] d-d / ˈaɪ̯-ˈyː / t-t / ʃ-s / ∅-k

-------------------

/dˈaɪ̯ɑ/ - /djˈuə̯r/
[2/4] d-d / ˈaɪ̯-j_ˈuə̯ / ɑ-r
[1/4] d-d / ∅-j / ˈaɪ̯-ˈuə̯ / ɑ-r
[1/4] d-d / ˈaɪ̯-j / ∅-ˈuə̯ / ɑ-r

-------------------

/dˈaʊ̯b̥/ - /dˈoː/
[2/3] d-d / ˈaʊ̯-ˈoː / b̥-∅
[1/3] d-d / ˈaʊ̯-ˈoː / b̥_#>-#>

-------------------

/dˈaʊ̯mə/ - /tˈɔmə/
[3/3] d-t / ˈaʊ̯-ˈɔ / m-m / ə-ə

-------------------

/dˈaʊ̯sənd̥/ - /tˈuːzən/
[3/4] d-t / ˈaʊ̯-ˈuː / s-z / ə-ə / n_d̥-n
[1/4] d-t / ˈaʊ̯-ˈuː / s-z / ə-ə / n-n / d̥-∅

-------------------

/dˈaːʃt/ - /tˈoə̯st/
[3/3] d-t / ˈaː-ˈoə̯ / ʃ-s / t-t

-------------------

/dˈeːdlɪç/ - /dˈɪə̯dlɪk/
[4/4] d-d / ˈeː-ˈɪə̯ / d-d / l-l / ɪ-ɪ / ç-k

-------------------

/dˈeːɡ̊/ - /dˈaːj/
[3/3] d-d / ˈeː-ˈaː / ɡ̊-∅ / ∅-j

-------------------

/dˈiːb̥/ - /ʦjˈɪə̯f/
[3/3] d-ʦ / ˈiː-j / ∅-ˈɪə̯ / b̥-f

-------------------

/dˈiːf/ - /djˈɪp/
[2/4] d-d / ˈiː-j_ˈɪ / f-p
[2/4] d-d / ˈiː-j / ∅-ˈɪ / f-p

-------------------

/dˈiːɑ/ - /dˈiə̯r/
[3/3] d-d / ˈiː-ˈiə̯ / ɑ-r

-------------------

/dˈiːɑ/ - /jˈɪmə/
[2/2] d-∅ / ˈiː-j_ˈɪ / ∅-m / ɑ-ə

-------------------

/dˈoːd̥/ - /dˈɪə̯/
[4/9] d-d / ˈoː_d̥-ˈɪə̯
[4/9] d-d / ˈoː-ˈɪə̯ / d̥-∅
[1/9] d-d / ˈoː-ˈɪə̯ / d̥_#>-#>

-------------------

/dˈuː/ - /dˈoː/
[4/4] d-d / ˈuː-ˈoː

-------------------

/dˈɔxdɑ/ - /dˈɔχtər/
[3/3] d-d / ˈɔ-ˈɔ / x-χ / d-t / ɑ-ə_r

-------------------

/dˈɔːɡ̊/ - /dˈɛi̯/
[3/4] d-d / ˈɔː-ˈɛi̯ / ɡ̊_#>-#>
[1/4] d-d / ˈɔː-ˈɛi̯ / ɡ̊-∅

-------------------

/dˈɛːɑ/ - /drˈuːχ/
[1/1] d-d / ˈɛː-∅ / ɑ-r / ∅-ˈuː / #>-χ_#>

-------------------

/dˈɪk/ - /ʦjˈɔk/
[2/4] d-ʦ / ∅-j / ˈɪ-ˈɔ / k-k
[2/4] d-ʦ / ˈɪ-j_ˈɔ / k-k

-------------------

/dˈɪn/ - /tˈɪn/
[4/4] d-t / ˈɪ-ˈɪ / n-n

-------------------

/dˈɪŋ/ - /dˈɪŋ/
[5/5] d-d / ˈɪ-ˈɪ / ŋ-ŋ

-------------------

/dˈʊnɑ/ - /tˈɔŋər/
[2/4] d-t / ˈʊ-ˈɔ / n-ŋ / ∅-ə / ɑ-r
[2/4] d-t / ˈʊ-ˈɔ / n-ŋ / ɑ-ə_r

-------------------

/flˈeːʃ/ - /flˈɛːsk/
[2/2] f-f / l-l / ˈeː-ˈɛː / ʃ-s_k

-------------------

/flˈiːjə/ - /flˈɪə̯nə/
[4/4] f-f / l-l / ˈiː-∅ / j-ˈɪə̯ / ∅-n / ə-ə

-------------------

/fɾˈaɪ̯/ - /frˈɛj/
[2/3] f-f / ɾ-r / ∅-ˈɛ / ˈaɪ̯-j
[1/3] f-f / ɾ-r / ˈaɪ̯-ˈɛ_j

-------------------

/fɾˈaɪ̯nd̥/ - /frˈøə̯n/
[2/4] f-f / ɾ-r / ˈaɪ̯-ˈøə̯ / n_d̥-n
[2/4] f-f / ɾ-r / ˈaɪ̯-ˈøə̯ / n-n / d̥-∅

-------------------

/fɾˈiːɾə/ - /frˈiə̯zə/
[2/4] f-f / ɾ-r / ˈiː-ˈiə̯ / ɾ-∅ / ∅-z / ə-ə
[2/4] f-f / ɾ-r / ˈiː-ˈiə̯ / ɾ-∅ / ə-z_ə

-------------------

/fɾˈɪʃ/ - /fˈask/
[2/4] f-f / ɾ-∅ / ˈɪ-ˈa / ʃ-s_k
[2/4] f-f / ɾ-∅ / ˈɪ-ˈa / ʃ-s / ∅-k

-------------------

/fˈadɑ/ - /fˈaːdər/
[2/3] f-f / ˈa-ˈaː / d-d / ɑ-ə_r
[1/3] f-f / ˈa-ˈaː / d-d / ∅-ə / ɑ-r

-------------------

/fˈaɪ̯ɑ/ - /fjˈuə̯r/
[2/4] f-f / ˈaɪ̯-j_ˈuə̯ / ɑ-r
[1/4] f-f_j / ˈaɪ̯-ˈuə̯ / ɑ-r
[1/4] f-f / ∅-j / ˈaɪ̯-ˈuə̯ / ɑ-r

-------------------

/fˈiːlə/ - /fˈiə̯lə/
[4/4] f-f / ˈiː-ˈiə̯ / l-l / ə-ə

-------------------

/fˈiːs/ - /fˈu̯otən/
[2/4] f-f / ˈiː-ˈu̯o / s-t_ə / #>-n_#>
[2/4] f-f / ˈiː-ˈu̯o / s-t / ∅-ə / ∅-n

-------------------

/fˈiːɑ/ - /fjˈɔu̯ər/
[2/4] f-f / ˈiː-j / ∅-ˈɔu̯ / ɑ-ə_r
[1/4] f-f_j / ∅-ˈɔu̯ / ˈiː-ə / ɑ-r
[1/4] f-f / ˈiː-j / ∅-ˈɔu̯ / ∅-ə / ɑ-r

-------------------

/fˈuːs/ - /fˈuə̯t/
[5/5] f-f / ˈuː-ˈuə̯ / s-t

-------------------

/fˈɔl/ - /fˈɔl/
[4/4] f-f / ˈɔ-ˈɔ / l-l

-------------------

/fˈɔljə/ - /fˈɔlɣjə/
[5/5] f-f / ˈɔ-ˈɔ / l-l / ∅-ɣ / j-j / ə-ə

-------------------

/fˈɔlk/ - /fˈɔlk/
[4/4] f-f / ˈɔ-ˈɔ / l-l / k-k

-------------------

/fˈɔɣl̩/ - /fˈuɣəl/
[2/2] f-f / ˈɔ-ˈu / ɣ-ɣ / ∅-ə / l-l

-------------------

/fˈɛdɑ/ - /fˈɪə̯r/
[4/5] f-f / ˈɛ-ˈɪə̯ / d-∅ / ɑ-r
[1/5] f-f / ˈɛ-ˈɪə̯ / d_ɑ-r

-------------------

/fˈɛɑ/ - /fˈoə̯r/
[4/4] f-f / ˈɛ-ˈoə̯ / ɑ-r

-------------------

/fˈɪnf/ - /fˈiːf/
[3/3] f-f / ˈɪ-ˈiː / n-∅ / f-f

-------------------

/fˈɪnə/ - /fˈiːnə/
[4/4] f-f / ˈɪ-ˈiː / n-n / ə-ə

-------------------

/fˈɪŋɑ/ - /fˈɪŋər/
[3/4] f-f / ˈɪ-ˈɪ / ŋ-ŋ_ə / ɑ-r
[1/4] f-f / ˈɪ-ˈɪ / ŋ-ŋ / ∅-ə / ɑ-r

-------------------

/fˈɪʃ/ - /fˈɪsk/
[3/5] f-f / ˈɪ-ˈɪ / ʃ-s_k
[2/5] f-f / ˈɪ-ˈɪ / ʃ-s / ∅-k

-------------------

/fˈʊks/ - /fˈɔks/
[4/4] f-f / ˈʊ-ˈɔ / k-k / s-s

-------------------

/hˈalb̥/ - /hˈɪə̯l/
[1/3] h-h / ˈa-ˈɪə̯ / l_b̥-l
[1/3] h-h / ˈa-ˈɪə̯ / l-l / b̥_#>-#>
[1/3] h-h / ˈa-ˈɪə̯ / l-l / b̥-∅

-------------------

/hˈand̥/ - /hˈɔːn/
[2/4] h-h / ˈa-ˈɔː / n_d̥-n
[2/4] h-h / ˈa-ˈɔː / n-n / d̥-∅

-------------------

/hˈasə/ - /hˈaːʦjə/
[3/4] h-h / ˈa-ˈaː / s-ʦ / ə-j_ə
[1/4] h-h / ˈa-ˈaː / s-ʦ / ∅-j / ə-ə

-------------------

/hˈavə/ - /hˈavə/
[4/4] h-h / ˈa-ˈa / v-v / ə-ə

-------------------

/hˈaɪ̯lɪç/ - /hˈɪləχ/
[4/4] h-h / ˈaɪ̯-ˈɪ / l-l / ɪ-ə / ç-χ

-------------------

/hˈaʊ̯d̥/ - /hˈuːd̥/
[4/4] h-h / ˈaʊ̯-ˈuː / d̥-d̥

-------------------

/hˈaʊ̯s/ - /hˈuːs/
[4/4] h-h / ˈaʊ̯-ˈuː / s-s

-------------------

/hˈaːn/ - /hˈoə̯n/
[5/5] h-h / ˈaː-ˈoə̯ / n-n

-------------------

/hˈeːm/ - /hˈiə̯m/
[3/3] h-h / ˈeː-ˈiə̯ / m-m

-------------------

/hˈeːs/ - /hˈit/
[5/5] h-h / ˈeː-ˈi / s-t

-------------------

/hˈeːɾə/ - /hˈɪə̯rə/
[4/4] h-h / ˈeː-ˈɪə̯ / ɾ-r / ə-ə

-------------------

/hˈoːx/ - /hˈeːχ/
[5/5] h-h / ˈoː-ˈeː / x-χ

-------------------

/hˈɔːpd̥/ - /hˈaːt/
[3/3] h-h / ˈɔː-ˈaː / p-∅ / d̥-t

-------------------

/hˈɔːs/ - /hˈazə/
[2/4] h-h / ˈɔː-ˈa / s-z / ∅-ə
[2/4] h-h / ˈɔː-ˈa / s-z / #>-ə_#>

-------------------

/hˈɔːɑ/ - /hˈiə̯r/
[2/2] h-h / ˈɔː-ˈiə̯ / ɑ-r

-------------------

/hˈɛlfə/ - /hˈɛlpə/
[5/5] h-h / ˈɛ-ˈɛ / l-l / f-p / ə-ə

-------------------

/hˈɛːɑʦ/ - /hˈɛːt/
[3/3] h-h / ˈɛː-ˈɛː / ɑ-∅ / ʦ-t

-------------------

/hˈʊnd̥/ - /hˈuːn/
[3/5] h-h / ˈʊ-ˈuː / n_d̥-n
[2/5] h-h / ˈʊ-ˈuː / n-n / d̥-∅

-------------------

/hˈʊnɑd̥/ - /hˈundət/
[3/4] h-h / ˈʊ-ˈu / n-n_d / ɑ-ə / d̥-t
[1/4] h-h / ˈʊ-ˈu / n-n / ∅-d / ɑ-ə / d̥-t

-------------------

/hˈʊnɪç/ - /hˈynəχ/
[5/5] h-h / ˈʊ-ˈy / n-n / ɪ-ə / ç-χ

-------------------

/hˈʊŋɑ/ - /hˈɔŋər/
[2/4] h-h / ˈʊ-ˈɔ / ŋ-ŋ_ə / ɑ-r
[2/4] h-h / ˈʊ-ˈɔ / ŋ-ŋ / ∅-ə / ɑ-r

-------------------

/jˈɔːɑ/ - /jˈiə̯r/
[4/4] j-j / ˈɔː-ˈiə̯ / ɑ-r

-------------------

/jˈʊŋ/ - /jˈɔŋ/
[4/4] j-j / ˈʊ-ˈɔ / ŋ-ŋ

-------------------

/kʰˈalb̥/ - /kˈɪə̯l/
[3/4] kʰ-k / ˈa-ˈɪə̯ / l-l / b̥-∅
[1/4] kʰ-k / ˈa-ˈɪə̯ / l_b̥-l

-------------------

/kʰˈald̥/ - /kˈɔːd̥/
[3/4] kʰ-k / ˈa_l-ˈɔː / d̥-d̥
[1/4] kʰ-k / ˈa-ˈɔː / l-∅ / d̥-d̥

-------------------

/kʰˈaʦ/ - /kˈat/
[3/3] kʰ-k / ˈa-ˈa / ʦ-t

-------------------

/kʰˈaːn/ - /kˈoə̯n/
[4/4] kʰ-k / ˈaː-ˈoə̯ / n-n

-------------------

/kʰˈeːnɪç/ - /kˈeːnɪŋ/
[5/5] kʰ-k / ˈeː-ˈeː / n-n / ɪ-ɪ / ç-∅ / ∅-ŋ

-------------------

/kʰˈuː/ - /kˈoː/
[5/5] kʰ-k / ˈuː-ˈoː

-------------------

/kʰˈɛnə/ - /kˈɛnə/
[5/5] kʰ-k / ˈɛ-ˈɛ / n-n / ə-ə

-------------------

/kʰˈɛnə/ - /kˈɪnə/
[5/5] kʰ-k / ˈɛ-ˈɪ / n-n / ə-ə

-------------------

/kʰˈɛːs/ - /ʦˈiːs/
[4/4] kʰ-ʦ / ˈɛː-ˈiː / s-s

-------------------

/kʰˈɛːɾɪç/ - /ʦjˈɛrkə/
[1/4] kʰ-ʦ / ∅-j / ˈɛː-ˈɛ / ɾ-r / ∅-k / ɪ-ə / ç-∅
[1/4] kʰ-ʦ / ∅-j / ˈɛː-ˈɛ / ɾ-r / ɪ-∅ / ç-k / #>-ə_#>
[1/4] kʰ-ʦ / ˈɛː-j_ˈɛ / ɾ_ɪ-r / ç-k / ∅-ə
[1/4] kʰ-ʦ / ˈɛː-j_ˈɛ / ɾ-r / ∅-k / ɪ_ç-ə

-------------------

/kʰˈʊmə/ - /kˈɔmə/
[5/5] kʰ-k / ˈʊ-ˈɔ / m-m / ə-ə

-------------------

/lˈam/ - /lˈaːm/
[5/5] l-l / ˈa-ˈaː / m-m

-------------------

/lˈand̥/ - /lˈɔːn/
[2/3] l-l / ˈa-ˈɔː / n_d̥-n
[1/3] l-l / ˈa-ˈɔː / n-n / d̥-∅

-------------------

/lˈaŋ/ - /lˈaŋ/
[3/3] l-l / ˈa-ˈa / ŋ-ŋ

-------------------

/lˈaɪ̯çt/ - /lˈɪχt/
[5/5] l-l / ˈaɪ̯-ˈɪ / ç-χ / t-t

-------------------

/lˈaɪ̯ə/ - /lˈɪzə/
[2/4] l-l / ˈaɪ̯-ˈɪ / ∅-z / ə-ə
[2/4] l-l / ˈaɪ̯-ˈɪ / ə-z_ə

-------------------

/lˈaʊ̯s/ - /lˈuːs/
[4/4] l-l / ˈaʊ̯-ˈuː / s-s

-------------------

/lˈiːb̥/ - /lˈɪə̯f/
[2/2] l-l / ˈiː-ˈɪə̯ / b̥-f

-------------------

/lˈiːɡə/ - /lˈiːɣə/
[5/5] l-l / ˈiː-ˈiː / ɡ-ɣ / ə-ə

-------------------

/lˈɔːb̥/ - /lˈɪə̯f/
[5/5] l-l / ˈɔː-ˈɪə̯ / b̥-f

-------------------

/lˈɔːfə/ - /ljˈɛpə/
[3/4] l-l / ∅-j / ˈɔː-ˈɛ / f-p / ə-ə
[1/4] l-l_j / ˈɔː-ˈɛ / f-p / ə-ə

-------------------

/lˈɛvɑ/ - /lˈeːvər/
[2/3] l-l / ˈɛ-ˈeː / v-v / ∅-ə / ɑ-r
[1/3] l-l / ˈɛ-ˈeː / v-v / ɑ-ə_r

-------------------

/lˈɪçt/ - /ljˈɔχt/
[3/5] l-l / ∅-j / ˈɪ-ˈɔ / ç-χ / t-t
[1/5] l-l_j / ˈɪ-ˈɔ / ç-χ / t-t
[1/5] l-l / ˈɪ-j_ˈɔ / ç-χ / t-t

-------------------

/mˈan/ - /mˈan/
[5/5] m-m / ˈa-ˈa / n-n

-------------------

/mˈaxt/ - /mˈaχt/
[4/4] m-m / ˈa-ˈa / x-χ / t-t

-------------------

/mˈaɪ̯s/ - /mˈuːsən/
[2/2] m-m / ˈaɪ̯-ˈuː / s-s / ∅-ə / #>-n_#>

-------------------

/mˈaʊ̯l/ - /mˈuːlə/
[2/4] m-m / ˈaʊ̯-ˈuː / l-l_ə
[2/4] m-m / ˈaʊ̯-ˈuː / l-l / ∅-ə

-------------------

/mˈaʊ̯s/ - /mˈuːs/
[3/3] m-m / ˈaʊ̯-ˈuː / s-s

-------------------

/mˈoːnd̥/ - /mˈoə̯nə/
[3/5] m-m / ˈoː-ˈoə̯ / n_d̥-n / #>-ə_#>
[2/5] m-m / ˈoː-ˈoə̯ / n-n / d̥-∅ / ∅-ə

-------------------

/mˈoːnəd̥/ - /mˈoə̯nə/
[2/4] m-m / ˈoː-ˈoə̯ / n-n / ə-ə / d̥_#>-#>
[2/4] m-m / ˈoː-ˈoə̯ / n-n / ə-ə / d̥-∅

-------------------

/mˈɛnʃ/ - /mˈɪnskə/
[3/4] m-m / ˈɛ-ˈɪ / n-n / ʃ-s_k / #>-ə_#>
[1/4] m-m / ˈɛ-ˈɪ / n-n / ʃ-s / ∅-k / ∅-ə

-------------------

/mˈɛɑ/ - /mˈi/
[5/5] m-m / ˈɛ-ˈi / ɑ-∅

-------------------

/mˈɪk/ - /mˈɪχ/
[4/4] m-m / ˈɪ-ˈɪ / k-χ

-------------------

/mˈɪlɪç/ - /mˈɔlkə/
[1/3] m-m / ˈɪ-ˈɔ / l-l / ∅-k / ɪ-ə / ç-∅
[1/3] m-m / ˈɪ-ˈɔ / l-l / ɪ-∅ / ç-k / ∅-ə
[1/3] m-m / ˈɪ-ˈɔ / l-l / ɪ-∅ / ç-k / #>-ə_#>

-------------------

/mˈʊdɑ/ - /mˈuə̯r/
[3/3] m-m / ˈʊ-ˈuə̯ / d-∅ / ɑ-r

-------------------

/mˈʊk/ - /mˈɪχ/
[1/1] m-m / ˈʊ-ˈɪ / k-χ

-------------------

/mˈʊnd̥/ - /mˈuːn/
[2/3] m-m / ˈʊ-ˈuː / n-n / d̥-∅
[1/3] m-m / ˈʊ-ˈuː / n_d̥-n

-------------------

/nˈad̥/ - /nˈoə̯d̥/
[4/4] n-n / ˈa-ˈoə̯ / d̥-d̥

-------------------

/nˈakɪç/ - /nˈɪə̯kən/
[2/5] n-n / ˈa-ˈɪə̯ / k-k / ɪ_ç-ə / #>-n_#>
[2/5] n-n / ˈa-ˈɪə̯ / k-k / ɪ-ə / ç-∅ / ∅-n
[1/5] n-n / ˈa-ˈɪə̯ / k-k / ɪ-ə / ç-∅ / #>-n_#>

-------------------

/nˈaxt/ - /nˈaχt/
[5/5] n-n / ˈa-ˈa / x-χ / t-t

-------------------

/nˈaɣl̩/ - /nˈɛi̯l/
[4/4] n-n / ˈa-ˈɛi̯ / ɣ-∅ / l-l

-------------------

/nˈaɪ̯/ - /nˈɛj/
[1/1] n-n / ∅-ˈɛ / ˈaɪ̯-j

-------------------

/nˈaɪ̯n/ - /njˈɔɣən/
[2/2] n-n / ˈaɪ̯-j / ∅-ˈɔ / ∅-ɣ / ∅-ə / n-n

-------------------

/nˈoːdl̩/ - /nˈølə/
[3/4] n-n / ˈoː-ˈø / d-∅ / l-l_ə
[1/4] n-n / ˈoː-ˈø / d-∅ / l-l / ∅-ə

-------------------

/nˈɔːmə/ - /nˈamə/
[3/3] n-n / ˈɔː-ˈa / m-m / ə-ə

-------------------

/nˈɔːs/ - /nˈoə̯s/
[4/4] n-n / ˈɔː-ˈoə̯ / s-s

-------------------

/nˈɛːkʃt/ - /nˈɛi̯st/
[3/3] n-n / ˈɛː-ˈɛi̯ / k-∅ / ʃ-s / t-t

-------------------

/nˈʊs/ - /nˈyːt/
[4/4] n-n / ˈʊ-ˈyː / s-t

-------------------

/pʰˈɔːd̥/ - /pˈaːd̥/
[2/2] pʰ-p / ˈɔː-ˈaː / d̥-d̥

-------------------

/p͡flˈɪçt/ - /plˈɪχt/
[4/4] p͡f-p / l-l / ˈɪ-ˈɪ / ç-χ / t-t

-------------------

/sˈals/ - /sˈɔːt/
[3/5] s-s / ˈa_l-ˈɔː / s-t
[2/5] s-s / ˈa-ˈɔː / l-∅ / s-t

-------------------

/sˈand̥/ - /sˈɔːn/
[2/4] s-s / ˈa-ˈɔː / n_d̥-n
[2/4] s-s / ˈa-ˈɔː / n-n / d̥-∅

-------------------

/sˈaɪ̯d̥/ - /sˈiːdə/
[2/4] s-s / ˈaɪ̯-ˈiː / d̥-d / ∅-ə
[2/4] s-s / ˈaɪ̯-ˈiː / d̥-d / #>-ə_#>

-------------------

/sˈaʊ̯ɑ/ - /sˈuə̯r/
[3/3] s-s / ˈaʊ̯-ˈuə̯ / ɑ-r

-------------------

/sˈeː/ - /sˈeː/
[3/3] s-s / ˈeː-ˈeː

-------------------

/sˈeːl/ - /sˈiə̯l/
[3/3] s-s / ˈeː-ˈiə̯ / l-l

-------------------

/sˈeːnə/ - /ɕˈeːn/
[5/5] s-ɕ / ˈeː-ˈeː / n-n / ə-∅

-------------------

/sˈiːs/ - /svˈiə̯t/
[5/5] s-s / ∅-v / ˈiː-ˈiə̯ / s-t

-------------------

/sˈoː/ - /sˈoə̯n/
[2/3] s-s / ˈoː-ˈoə̯ / #>-n_#>
[1/3] s-s / ˈoː-ˈoə̯ / ∅-n

-------------------

/sˈuːxə/ - /sˈikjə/
[3/4] s-s / ˈuː-ˈi / x-k / ə-j_ə
[1/4] s-s / ˈuː-ˈi / x-k / ∅-j / ə-ə

-------------------

/sˈɔːɣə/ - /sˈɪzə/
[4/4] s-s / ˈɔː-ˈɪ / ɣ-z / ə-ə

-------------------

/sˈɛks/ - /sˈɛi̯s/
[2/2] s-s / ˈɛ-ˈɛi̯ / k-∅ / s-s

-------------------

/sˈɛl/ - /sˈɛls/
[3/3] s-s / ˈɛ-ˈɛ / l-l / ∅-s

-------------------

/sˈɪŋə/ - /ɕˈɔŋə/
[4/4] s-ɕ / ˈɪ-ˈɔ / ŋ-ŋ / ə-ə

-------------------

/sˈɪʦə/ - /sˈɪtə/
[5/5] s-s / ˈɪ-ˈɪ / ʦ-t / ə-ə

-------------------

/sˈʊmɑ/ - /sˈɪmər/
[2/4] s-s / ˈʊ-ˈɪ / m-m / ∅-ə / ɑ-r
[2/4] s-s / ˈʊ-ˈɪ / m-m / ɑ-ə_r

-------------------

/vˈas/ - /ʋˈat/
[4/4] v-ʋ / ˈa-ˈa / s-t

-------------------

/vˈɪndɑ/ - /ʋˈɪntər/
[3/5] v-ʋ / ˈɪ-ˈɪ / n-n / d-t / ɑ-ə_r
[1/5] v-∅ / ∅-ʋ / ˈɪ-ˈɪ / n-n / d-t / ∅-ə / ɑ-r
[1/5] v-ʋ / ˈɪ-ˈɪ / n-n / d-t / ∅-ə / ɑ-r

-------------------

/ɡɾˈaːs/ - /ɡˈɛːs/
[4/4] ɡ-ɡ / ɾ-∅ / ˈaː-ˈɛː / s-s

-------------------

/ɡɾˈiː/ - /ɡrˈiə̯n/
[2/4] ɡ-ɡ / ɾ-r / ˈiː-ˈiə̯ / ∅-n
[2/4] ɡ-ɡ / ɾ-r / ˈiː-ˈiə̯ / #>-n_#>

-------------------

/ɡɾˈoːs/ - /ɡrˈuːt/
[5/5] ɡ-ɡ / ɾ-r / ˈoː-ˈuː / s-t

-------------------

/ɡˈans/ - /ɡˈuə̯s/
[4/4] ɡ-ɡ / ˈa-ˈuə̯ / n-∅ / s-s

-------------------

/ɡˈaʃt/ - /ɡˈast/
[5/5] ɡ-ɡ / ˈa-ˈa / ʃ-s / t-t

-------------------

/ɡˈeː/ - /ɡˈɪə̯n/
[3/5] ɡ-ɡ / ˈeː-ˈɪə̯ / #>-n_#>
[2/5] ɡ-ɡ / ˈeː-ˈɪə̯ / ∅-n

-------------------

/ɡˈeːl/ - /ɡˈiə̯l/
[4/4] ɡ-ɡ / ˈeː-ˈiə̯ / l-l

-------------------

/ɡˈeːs/ - /ɡˈɛi̯t/
[3/3] ɡ-ɡ / ˈeː-ˈɛi̯ / s-t

-------------------

/ɡˈeːʃt/ - /ɡˈɪə̯st/
[4/4] ɡ-ɡ / ˈeː-ˈɪə̯ / ʃ-s / t-t

-------------------

/ɡˈuːd̥/ - /ɡˈuə̯d̥/
[3/3] ɡ-ɡ / ˈuː-ˈuə̯ / d̥-d̥

-------------------

/ɡˈɔd̥/ - /ɡˈɔd̥/
[5/5] ɡ-ɡ / ˈɔ-ˈɔ / d̥-d̥

-------------------

/ɡˈɔld̥/ - /ɡˈɔu̯d̥/
[2/4] ɡ-ɡ / ˈɔ-ˈɔu̯ / l_d̥-d̥
[2/4] ɡ-ɡ / ˈɔ-ˈɔu̯ / l-∅ / d̥-d̥

-------------------

/ɡˈɔːɑn/ - /jˈɛːn/
[3/4] ɡ-∅ / ∅-j / ˈɔː-ˈɛː / ɑ-∅ / n-n
[1/4] ɡ-j / ˈɔː-∅ / ɑ-ˈɛː / n-n

-------------------

/ɡˈɛvə/ - /jˈaːn/
[1/1] ɡ-j / ˈɛ-ˈaː / v-∅ / ə-n

-------------------

/ɾˈaɪ̯ç/ - /rˈik/
[4/4] ɾ-r / ˈaɪ̯-ˈi / ç-k

-------------------

/ɾˈaʊ̯x/ - /rˈɪə̯k/
[5/5] ɾ-r / ˈaʊ̯-ˈɪə̯ / x-k

-------------------

/ɾˈoːd̥/ - /rˈɪə̯d̥/
[3/3] ɾ-r / ˈoː-ˈɪə̯ / d̥-d̥

-------------------

/ɾˈɛçt/ - /rjˈɔχt/
[3/5] ɾ-r / ∅-j / ˈɛ-ˈɔ / ç-χ / t-t
[1/5] ɾ-r_j / ˈɛ-ˈɔ / ç-χ / t-t
[1/5] ɾ-r / ˈɛ-j / ∅-ˈɔ / ç-χ / t-t

-------------------

/ɾˈɪk/ - /rˈɛːχ/
[4/4] ɾ-r / ˈɪ-ˈɛː / k-χ

-------------------

/ɾˈɪŋ/ - /rˈɪŋ/
[4/4] ɾ-r / ˈɪ-ˈɪ / ŋ-ŋ

-------------------

/ʃlˈaŋ/ - /slˈaŋ/
[4/4] ʃ-s / l-l / ˈa-ˈa / ŋ-ŋ

-------------------

/ʃlˈoːfə/ - /slˈiə̯pə/
[4/4] ʃ-s / l-l / ˈoː-ˈiə̯ / f-p / ə-ə

-------------------

/ʃlˈɔːɣə/ - /slˈaːn/
[2/3] ʃ-s / l-l / ˈɔː-ˈaː / ɣ-∅ / ə-∅ / #>-n_#>
[1/3] ʃ-s / l-l / ˈɔː-ˈaː / ɣ-∅ / ə-∅ / ∅-n

-------------------

/ʃnˈeː/ - /snˈiə̯/
[4/4] ʃ-s / n-n / ˈeː-ˈiə̯

-------------------

/ʃpɾˈoːx/ - /sprˈaːkə/
[2/4] ʃ-s / p-p / ɾ-r / ˈoː-ˈaː / x-k_ə
[2/4] ʃ-s / p-p / ɾ-r / ˈoː-ˈaː / x-k / ∅-ə

-------------------

/ʃtˈaːɾəm/ - /stˈoə̯rm/
[2/3] ʃ-s / t-t / ˈaː-ˈoə̯ / ɾ-r / ə_m-m
[1/3] ʃ-s / t-t / ˈaː-ˈoə̯ / ɾ-r / ə-∅ / m-m

-------------------

/ʃtˈeː/ - /stˈiə̯n/
[3/5] ʃ-s / t-t / ˈeː-ˈiə̯_n
[2/5] ʃ-s / t-t / ˈeː-ˈiə̯ / ∅-n

-------------------

/ʃtˈuːl/ - /stˈuə̯l/
[4/4] ʃ-s / t-t / ˈuː-ˈuə̯ / l-l

-------------------

/ʃtˈɛːɑn/ - /stjˈɛr/
[2/4] ʃ-s / t-t / ∅-j / ˈɛː-ˈɛ / ɑ-r / n-∅
[2/4] ʃ-s / t-t / ˈɛː-j_ˈɛ / ɑ-r / n-∅

-------------------

/ʃʋˈaɪ̯n/ - /svˈin/
[4/4] ʃ-s / ʋ-v / ˈaɪ̯-ˈi / n-n

-------------------

/ʃʋˈaːʦ/ - /svˈat/
[5/5] ʃ-s / ʋ-v / ˈaː-ˈa / ʦ-t

-------------------

/ʃʋˈeːs/ - /svˈɪt/
[4/4] ʃ-s / ʋ-v / ˈeː-ˈɪ / s-t

-------------------

/ʃʋˈɛʃdɑ/ - /sˈøstər/
[2/3] ʃ-s / ʋ-∅ / ˈɛ-ˈø / ʃ-s / d-t / ɑ-ə_r
[1/3] ʃ-s / ʋ-∅ / ˈɛ-ˈø / ʃ-s / d-t / ∅-ə / ɑ-r

-------------------

/ʃʋˈɛːɑd̥/ - /svˈød̥/
[4/4] ʃ-s / ʋ-v / ˈɛː-ˈø / ɑ-∅ / d̥-d̥

-------------------

/ʃʋˈɪmə/ - /svˈɪmə/
[2/2] ʃ-s / ʋ-v / ˈɪ-ˈɪ / m-m / ə-ə

-------------------

/ʃˈaːɾəf/ - /skˈɛrp/
[2/4] ʃ-s_k / ˈaː-ˈɛ / ɾ-r / ə-∅ / f-p
[1/4] ʃ-s_k / ˈaː-ˈɛ / ɾ_ə-r / f-p
[1/4] ʃ-s / ∅-k / ˈaː-ˈɛ / ɾ-r / ə-∅ / f-p

-------------------

/ʃˈeː/ - /skjˈɪn/
[2/2] ʃ-s_k / ∅-j / ˈeː-ˈɪ / #>-n_#>

-------------------

/ʃˈiːsə/ - /sjˈɪtə/
[2/3] ʃ-s / ˈiː-j_ˈɪ / s-t / ə-ə
[1/3] ʃ-s / ∅-j / ˈiː-ˈɪ / s-t / ə-ə

-------------------

/ʃˈoːf/ - /skˈiə̯p/
[2/4] ʃ-s_k / ˈoː-ˈiə̯ / f-p
[2/4] ʃ-s / ∅-k / ˈoː-ˈiə̯ / f-p

-------------------

/ʃˈuː/ - /skˈuə̯χ/
[2/3] ʃ-s_k / ˈuː-ˈuə̯ / ∅-χ
[1/3] ʃ-s_k / ˈuː-ˈuə̯ / #>-χ_#>

-------------------

/ʃˈɪf/ - /skˈɪp/
[2/4] ʃ-s_k / ˈɪ-ˈɪ / f-p
[2/4] ʃ-s / ∅-k / ˈɪ-ˈɪ / f-p

-------------------

/ʃˈɪld̥/ - /skˈild̥/
[3/5] ʃ-s_k / ˈɪ-ˈi / l-l / d̥-d̥
[2/5] ʃ-s / ∅-k / ˈɪ-ˈi / l-l / d̥-d̥

-------------------

/ʋˈasɑ/ - /ʋˈɛtər/
[3/5] ʋ-ʋ / ˈa-ˈɛ / s-t / ɑ-ə_r
[2/5] ʋ-ʋ / ˈa-ˈɛ / s-t / ∅-ə / ɑ-r

-------------------

/ʋˈaɪ̯/ - /ʋˈin/
[3/4] ʋ-ʋ / ˈaɪ̯-ˈi / #>-n_#>
[1/4] ʋ-ʋ / ˈaɪ̯-ˈi / ∅-n

-------------------

/ʋˈaɪ̯b̥/ - /ʋˈiːf/
[4/4] ʋ-ʋ / ˈaɪ̯-ˈiː / b̥-f

-------------------

/ʋˈaɪ̯s/ - /ʋˈit/
[3/3] ʋ-ʋ / ˈaɪ̯-ˈi / s-t

-------------------

/ʋˈaːɾəm/ - /ʋjˈɪrm/
[2/4] ʋ-ʋ / ∅-j / ˈaː-ˈɪ / ɾ-r / ə_m-m
[2/4] ʋ-ʋ / ∅-j / ˈaː-ˈɪ / ɾ-r / ə-∅ / m-m

-------------------

/ʋˈeːç/ - /vˈɪə̯k/
[4/4] ʋ-v / ˈeː-ˈɪə̯ / ç-k

-------------------

/ʋˈeːɡ̊/ - /ʋˈɛi̯/
[3/5] ʋ-ʋ / ˈeː-ˈɛi̯ / ɡ̊_#>-#>
[2/5] ʋ-ʋ / ˈeː-ˈɛi̯ / ɡ̊-∅

-------------------

/ʋˈɔl/ - /ʋˈɔlə/
[2/4] ʋ-ʋ / ˈɔ-ˈɔ / l-l_ə
[2/4] ʋ-ʋ / ˈɔ-ˈɔ / l-l / ∅-ə

-------------------

/ʋˈɔlf/ - /ʋˈɔlf/
[5/5] ʋ-ʋ / ˈɔ-ˈɔ / l-l / f-f

-------------------

/ʋˈɔx/ - /ʋˈiːkə/
[2/5] ʋ-ʋ / ˈɔ-ˈiː / x-k_ə
[2/5] ʋ-ʋ / ˈɔ-ˈiː / x-k / ∅-ə
[1/5] ʋ-ʋ / ˈɔ-ˈiː / x-k / #>-ə_#>

-------------------

/ʋˈɔːl/ - /ʋˈal/
[5/5] ʋ-ʋ / ˈɔː-ˈa / l-l

-------------------

/ʋˈɔːɑm/ - /ʋˈaːrm/
[4/4] ʋ-ʋ / ˈɔː-ˈaː / ɑ-r / m-m

-------------------

/ʋˈɛdɑ/ - /ʋˈaːr/
[3/4] ʋ-ʋ / ˈɛ-ˈaː / d-∅ / ɑ-r
[1/4] ʋ-ʋ / ˈɛ-ˈaː / d_ɑ-r

-------------------

/ʋˈɪld̥/ - /ʋˈild̥/
[4/4] ʋ-ʋ / ˈɪ-ˈi / l-l / d̥-d̥

-------------------

/ʋˈɪnd̥/ - /ʋˈin/
[2/3] ʋ-ʋ / ˈɪ-ˈi / n_d̥-n
[1/3] ʋ-ʋ / ˈɪ-ˈi / n-n / d̥-∅

-------------------

/ʋˈɪnʃə/ - /ʋˈɪnskjə/
[3/5] ʋ-ʋ / ˈɪ-ˈɪ / n-n / ʃ-s_k / ə-j_ə
[2/5] ʋ-ʋ / ˈɪ-ˈɪ / n-n / ʃ-s / ∅-k / ∅-j / ə-ə

-------------------

/ʋˈɪsə/ - /ʋˈɪtə/
[5/5] ʋ-ʋ / ˈɪ-ˈɪ / s-t / ə-ə

-------------------

/ʋˈʊnɑ/ - /ʋˈundər/
[3/3] ʋ-ʋ / ˈʊ-ˈu / n-n_d / ɑ-ə_r

-------------------

/ʦʋˈansɪç/ - /tvˈɛi̯ntəχ/
[4/4] ʦ-t / ʋ-v / ˈa-ˈɛi̯ / n-n / s-t / ɪ-ə / ç-χ

-------------------

/ʦʋˈeː/ - /tvˈaː/
[4/4] ʦ-t / ʋ-v / ˈeː-ˈaː

-------------------

/ʦʋˈɛlf/ - /tˈɔlvə/
[2/2] ʦ-t / ʋ-∅ / ˈɛ-ˈɔ / l-l / f-v / #>-ə_#>

-------------------

/ʦʋˈɛːɾɪç/ - /dvˈɛrχ/
[2/4] ʦ-d / ʋ-v / ˈɛː-ˈɛ / ɾ_ɪ-r / ç-χ
[2/4] ʦ-d / ʋ-v / ˈɛː-ˈɛ / ɾ-r / ɪ-∅ / ç-χ

-------------------

/ʦˈaɪ̯d̥/ - /tˈiːd̥/
[4/4] ʦ-t / ˈaɪ̯-ˈiː / d̥-d̥

-------------------

/ʦˈeːçə/ - /tˈeːkən/
[2/3] ʦ-t / ˈeː-ˈeː / ç-k / ə-ə / ∅-n
[1/3] ʦ-t / ˈeː-ˈeː / ç-k / ə-ə / #>-n_#>

-------------------

/ʦˈeːə/ - /tˈɪə̯n/
[3/5] ʦ-t / ˈeː-ˈɪə̯ / ə-∅ / #>-n_#>
[1/5] ʦ-t / ˈeː-ˈɪə̯ / ə-∅ / ∅-n
[1/5] ʦ-t / ˈeː-ˈɪə̯ / ə-n

-------------------

/ʦˈʊŋ/ - /tˈuŋə/
[3/5] ʦ-t / ˈʊ-ˈu / ŋ-ŋ_ə
[2/5] ʦ-t / ˈʊ-ˈu / ŋ-ŋ / ∅-ə

-------------------

/ˈaf/ - /ˈaːp/
[5/5] ˈa-ˈaː / f-p

-------------------

/ˈal/ - /ˈal/
[4/4] ˈa-ˈa / l-l

-------------------

/ˈan/ - /ˈin/
[3/3] ˈa-ˈi / n-n

-------------------

/ˈanɑ/ - /ˈoə̯r/
[1/1] ˈa-ˈoə̯ / n-∅ / ɑ-r

-------------------

/ˈapəl/ - /ˈaːpəl/
[3/3] ˈa-ˈaː / p-p / ə-ə / l-l

-------------------

/ˈaxt/ - /ˈaχt/
[3/3] ˈa-ˈa / x-χ / t-t

-------------------

/ˈaɪ̯l/ - /ˈuːlə/
[3/4] ˈaɪ̯-ˈuː / l-l_ə
[1/4] ˈaɪ̯-ˈuː / l-l / ∅-ə

-------------------

/ˈaɪ̯s/ - /ˈiːs/
[4/4] ˈaɪ̯-ˈiː / s-s

-------------------

/ˈaʊ̯s/ - /ˈyːt/
[1/1] ˈaʊ̯-ˈyː / s-t

-------------------

/ˈaːm/ - /ˈɪə̯rm/
[4/4] ˈaː-ˈɪə̯ / ∅-r / m-m

-------------------

/ˈeː/ - /ˈiə̯n/
[2/3] ˈeː-ˈiə̯_n
[1/3] ˈeː-ˈiə̯ / ∅-n

-------------------

/ˈoːl/ - /ˈiə̯l/
[4/4] ˈoː-ˈiə̯ / l-l

-------------------

/ˈoːɑ/ - /ˈɪə̯r/
[5/5] ˈoː-ˈɪə̯ / ɑ-r

-------------------

/ˈɔːɡ̊/ - /ˈɪə̯χ/
[3/3] ˈɔː-ˈɪə̯ / ɡ̊-χ

-------------------

/ˈɛk/ - /ˈɪɣə/
[1/2] ˈɛ-ˈɪ / k-ɣ_ə
[1/2] ˈɛ-ˈɪ / k-ɣ / #>-ə_#>

-------------------

/ˈɛsə/ - /ˈitə/
[4/4] ˈɛ-ˈi / s-t / ə-ə

-------------------

/ˈɛʃ/ - /jˈɪskə/
[3/4] ∅-j / ˈɛ-ˈɪ / ʃ-s_k / #>-ə_#>
[1/4] ˈɛ-j / ∅-ˈɪ / ʃ-s / ∅-k / ∅-ə

-------------------

/ˈɪç/ - /ˈɪk/
[3/3] ˈɪ-ˈɪ / ç-k

-------------------

/ˈʊf/ - /ˈɔp/
[3/3] ˈʊ-ˈɔ / f-p

-------------------

/ˈʊns/ - /ˈyːs/
[4/4] ˈʊ-ˈyː / n-∅ / s-s

-------------------

/ˈʊnɑ/ - /ˈundər/
[3/4] ˈʊ-ˈu / n-n_d / ɑ-ə_r
[1/4] ˈʊ-ˈu / n-n_d / ∅-ə / ɑ-r

-------------------

