/abˈeʎɐ/ - /ˈaːvja/
<#_a-<#_ˈaː / b-v / ˈe-j / ʎ-∅ / ɐ-a
{0: [0], 1: [1], 2: [2], 3: [3], 4: [4]}
{0: [0], 1: [1], 2: [2], 3: None, 4: [3]}
SCORE: 15.212

-------------------

/aɡˈuʎɐ/ - /aɡˈuʤa/
<#_a-<#_a / ɡ-ɡ / ˈu-ˈu / ʎ-ʤ / ɐ-a
{0: [0], 1: [1], 2: [2], 3: [3], 4: [4]}
{0: [0], 1: [1], 2: [2], 3: [3], 4: [4]}
SCORE: 29.172

-------------------

/aɾˈejɐ/ - /ˈɛŋa/
a_ɾ-ˈɛ / ˈe-∅ / j-ŋ / ɐ-a
{0: [0, 1], 1: [2], 2: [3], 3: [4]}
{0: [0], 1: None, 2: [1], 3: [2]}
SCORE: 4.913

-------------------

/aɾˈɐ̃j̃ɐ/ - /ˈaːɲu/
<#_a-<#_ˈaː / ɾ-∅ / ˈɐ̃-∅ / j̃-ɲ / ∅-u / ɐ_#>-#>
{0: [0], 1: [1], 2: [2], 3: [3], 4: None, 5: [4]}
{0: [0], 1: None, 2: None, 3: [1], 4: [2], 5: None}
SCORE: -0.557

-------------------

/aʒudˈah/ - /aʤutˈaː/
<#_a-<#_a / ʒ-ʤ / u-u / d-t / ˈa_h-ˈaː
{0: [0], 1: [1], 2: [2], 3: [3], 4: [4, 5]}
{0: [0], 1: [1], 2: [2], 3: [3], 4: [4]}
SCORE: 25.122

-------------------

/aʒˈudu/ - /aʤˈutu/
<#_a-<#_a / ʒ-ʤ / ˈu-ˈu / d-t / u-u
{0: [0], 1: [1], 2: [2], 3: [3], 4: [4]}
{0: [0], 1: [1], 2: [2], 3: [3], 4: [4]}
SCORE: 24.177

-------------------

/bebˈeh/ - /bˈejve/
b-b / ∅-ˈe / ∅-j / e-∅ / b-v / ˈe_h-e
{0: [0], 1: None, 2: None, 3: [1], 4: [2], 5: [3, 4]}
{0: [0], 1: [1], 2: [2], 3: None, 4: [3], 5: [4]}
SCORE: 2.125

-------------------

/bɾˈɐ̃ku/ - /ʤˈaŋku/
<#_b-<# / ∅-ʤ / ɾ-∅ / ˈɐ̃-ˈa_ŋ / k-k / u-u
{0: [0], 1: None, 2: [1], 3: [2], 4: [3], 5: [4]}
{0: None, 1: [0], 2: None, 3: [1, 2], 4: [3], 5: [4]}
SCORE: 5.016

-------------------

/bˈajʃu/ - /bˈasu/
b-b / ˈa_j-ˈa / ʃ-s / u-u
{0: [0], 1: [1, 2], 2: [3], 3: [4]}
{0: [0], 1: [1], 2: [2], 3: [3]}
SCORE: 18.557

-------------------

/bˈẽj̃/ - /bˈeŋ/
b-b / ˈẽ-ˈe / j̃-ŋ
{0: [0], 1: [1], 2: [2]}
{0: [0], 1: [1], 2: [2]}
SCORE: 17.927

-------------------

/bˈoj/ - /bˈøː/
b-b / ˈo-ˈøː / j-∅
{0: [0], 1: [1], 2: [2]}
{0: [0], 1: [1], 2: None}
SCORE: 10.959

-------------------

/bˈokɐ/ - /bˈuka/
b-b / ˈo-ˈu / k-k / ɐ-a
{0: [0], 1: [1], 2: [2], 3: [3]}
{0: [0], 1: [1], 2: [2], 3: [3]}
SCORE: 24.424

-------------------

/bˈoɐ/ - /bˈuŋa/
b-b / ˈo-ˈu_ŋ / ɐ-a
{0: [0], 1: [1], 2: [2]}
{0: [0], 1: [1, 2], 2: [3]}
SCORE: 15.165

-------------------

/bˈoɐʃ/ - /bˈuŋe/
b-b / ˈo-ˈu / ɐ-ŋ / ʃ-e
{0: [0], 1: [1], 2: [2], 3: [3]}
{0: [0], 1: [1], 2: [2], 3: [3]}
SCORE: 11.516

-------------------

/bˈõ/ - /bˈuŋ/
b-b / ˈõ-ˈu / #>-ŋ_#>
{0: [0], 1: [1], 2: None}
{0: [0], 1: [1], 2: [2]}
SCORE: 18.211

-------------------

/bˈõʃ/ - /bˈujŋ/
b-b / ˈõ-ˈu / ʃ-j / #>-ŋ_#>
{0: [0], 1: [1], 2: [2], 3: None}
{0: [0], 1: [1], 2: [2], 3: [3]}
SCORE: 15.843

-------------------

/bˈɛlu/ - /bˈɛlu/
b-b / ˈɛ-ˈɛ / l-l / u-u
{0: [0], 1: [1], 2: [2], 3: [3]}
{0: [0], 1: [1], 2: [2], 3: [3]}
SCORE: 26.41

-------------------

/bˈɛlɐ/ - /bˈɛla/
b-b / ˈɛ-ˈɛ / l-l / ɐ-a
{0: [0], 1: [1], 2: [2], 3: [3]}
{0: [0], 1: [1], 2: [2], 3: [3]}
SCORE: 26.443

-------------------

/doɦmˈih/ - /durmˈiː/
<#_d-<#_d / o-u / ɦ-r / m-m / ˈi_h-ˈiː
{0: [0], 1: [1], 2: [2], 3: [3], 4: [4, 5]}
{0: [0], 1: [1], 2: [2], 3: [3], 4: [4]}
SCORE: 23.578

-------------------

/dɾaɡˈɐ̃w̃/ - /draɡˈuŋ/
<#_d-<#_d / ɾ-r / a-a / ɡ-ɡ / ˈɐ̃-ˈu / w̃_#>-ŋ_#>
{0: [0], 1: [1], 2: [2], 3: [3], 4: [4], 5: [5]}
{0: [0], 1: [1], 2: [2], 3: [3], 4: [4], 5: [5]}
SCORE: 29.355

-------------------

/dˈah/ - /dˈaː/
<#_d-<#_d / ˈa_h-ˈaː
{0: [0], 1: [1, 2]}
{0: [0], 1: [1]}
SCORE: 14.611

-------------------

/dˈedu/ - /dˈiːu/
<#_d-<#_d / ˈe-ˈiː / d-∅ / u-u
{0: [0], 1: [1], 2: [2], 3: [3]}
{0: [0], 1: [1], 2: None, 3: [2]}
SCORE: 12.426

-------------------

/dˈewʃ/ - /dˈiːu/
<#_d-<#_d / ˈe-ˈiː / ∅-u / w-∅ / ʃ_#>-#>
{0: [0], 1: [1], 2: None, 3: [2], 4: [3]}
{0: [0], 1: [1], 2: [2], 3: None, 4: None}
SCORE: 1.036

-------------------

/dˈẽʧi/ - /dˈeŋte/
<#_d-<#_d / ˈẽ-ˈe_ŋ / ʧ-t / i-e
{0: [0], 1: [1], 2: [2], 3: [3]}
{0: [0], 1: [1, 2], 2: [3], 3: [4]}
SCORE: 25.334

-------------------

/dˈosi/ - /dˈuːse/
<#_d-<#_d / ˈo-ˈuː / s-s / i-e
{0: [0], 1: [1], 2: [2], 3: [3]}
{0: [0], 1: [1], 2: [2], 3: [3]}
SCORE: 22.922

-------------------

/dˈozi/ - /dˈuze/
<#_d-<#_d / ˈo-ˈu / z-z / i-e
{0: [0], 1: [1], 2: [2], 3: [3]}
{0: [0], 1: [1], 2: [2], 3: [3]}
SCORE: 25.711

-------------------

/dˈõ/ - /dˈuŋ/
<#_d-<#_d / ˈõ-ˈu / #>-ŋ_#>
{0: [0], 1: [1], 2: None}
{0: [0], 1: [1], 2: [2]}
SCORE: 18.342

-------------------

/dˈõnɐ/ - /dˈɔna/
<#_d-<#_d / ˈõ-ˈɔ / n-n / ɐ-a
{0: [0], 1: [1], 2: [2], 3: [3]}
{0: [0], 1: [1], 2: [2], 3: [3]}
SCORE: 22.684

-------------------

/dˈuɐʃ/ - /dˈuːe/
<#_d-<#_d / ˈu-ˈuː / ɐ-∅ / ʃ-e
{0: [0], 1: [1], 2: [2], 3: [3]}
{0: [0], 1: [1], 2: None, 3: [2]}
SCORE: 5.525

-------------------

/dˈɛjʃ/ - /dˈeːʒe/
<#_d-<#_d / ˈɛ-ˈeː / j_ʃ-ʒ_e
{0: [0], 1: [1], 2: [2, 3]}
{0: [0], 1: [1], 2: [2, 3]}
SCORE: 18.13

-------------------

/eskɾevˈeh/ - /skrˈiːve/
e-∅ / s-s / k-k / ɾ-r / ∅-ˈiː / e-∅ / v-v / ˈe_h-e
{0: [0], 1: [1], 2: [2], 3: [3], 4: None, 5: [4], 6: [5], 7: [6, 7]}
{0: None, 1: [0], 2: [1], 3: [2], 4: [3], 5: None, 6: [4], 7: [5]}
SCORE: 11.054

-------------------

/eʃkˈuɾu/ - /skˈyːu/
e_ʃ-s / k-k / ˈu-ˈyː / ɾ_u-u
{0: [0, 1], 1: [2], 2: [3], 3: [4, 5]}
{0: [0], 1: [1], 2: [2], 3: [3]}
SCORE: 21.213

-------------------

/eʃpˈadɐ/ - /spˈaː/
e_ʃ-s / p-p / ˈa-ˈaː / d-∅ / ɐ_#>-#>
{0: [0, 1], 1: [2], 2: [3], 3: [4], 4: [5]}
{0: [0], 1: [1], 2: [2], 3: None, 4: None}
SCORE: 10.33

-------------------

/eʃpˈiɡɐ/ - /spˈiːɡa/
e_ʃ-s / p-p / ˈi-ˈiː / ɡ-ɡ / ɐ-a
{0: [0, 1], 1: [2], 2: [3], 3: [4], 4: [5]}
{0: [0], 1: [1], 2: [2], 3: [3], 4: [4]}
SCORE: 28.542

-------------------

/eʃpˈĩj̃ɐ/ - /spˈiŋa/
e_ʃ-s / p-p / ˈĩ-ˈi / j̃-ŋ / ɐ-a
{0: [0, 1], 1: [2], 2: [3], 3: [4], 4: [5]}
{0: [0], 1: [1], 2: [2], 3: [3], 4: [4]}
SCORE: 25.087

-------------------

/eʃpˈɐ̃j̃ɐ/ - /spˈaɲa/
e_ʃ-s / p-p / ˈɐ̃-ˈa / j̃-ɲ / ɐ-a
{0: [0, 1], 1: [2], 2: [3], 3: [4], 4: [5]}
{0: [0], 1: [1], 2: [2], 3: [3], 4: [4]}
SCORE: 27.998

-------------------

/eʃtɾˈelɐ/ - /stˈela/
e_ʃ-s / t-t / ɾ_ˈe-ˈe / l-l / ɐ-a
{0: [0, 1], 1: [2], 2: [3, 4], 3: [5], 4: [6]}
{0: [0], 1: [1], 2: [2], 3: [3], 4: [4]}
SCORE: 23.805

-------------------

/eʃʧˈiw/ - /estˈɛː/
e-e / ʃ-s / ʧ-t / ∅-ˈɛː / ˈi-∅ / w-∅
{0: [0], 1: [1], 2: [2], 3: None, 4: [3], 5: [4]}
{0: [0], 1: [1], 2: [2], 3: [3], 4: None, 5: None}
SCORE: 1.704

-------------------

/fazˈeh/ - /fˈaː/
f-f / a-ˈaː / z-∅ / ˈe-∅ / h_#>-#>
{0: [0], 1: [1], 2: [2], 3: [3], 4: [4]}
{0: [0], 1: [1], 2: None, 3: None, 4: None}
SCORE: 1.252

-------------------

/faɾˈĩj̃ɐ/ - /fˈɛŋa/
f-f / a_ɾ-ˈɛ / ˈĩ_j̃-ŋ / ɐ-a
{0: [0], 1: [1, 2], 2: [3, 4], 3: [5]}
{0: [0], 1: [1], 2: [2], 3: [3]}
SCORE: 17.205

-------------------

/fɾˈiu/ - /frˈejdu/
f-f / ɾ-r_ˈe / ∅-j / ∅-d / ˈi-∅ / u-u
{0: [0], 1: [1], 2: None, 3: None, 4: [2], 5: [3]}
{0: [0], 1: [1, 2], 2: [3], 3: [4], 4: None, 5: [5]}
SCORE: 2.444

-------------------

/fɾˈujtu/ - /frˈyːtu/
f-f / ɾ-r / ˈu-ˈyː / j_t-t / u-u
{0: [0], 1: [1], 2: [2], 3: [3, 4], 4: [5]}
{0: [0], 1: [1], 2: [2], 3: [3], 4: [4]}
SCORE: 27.045

-------------------

/fˈadɐ/ - /fwˈɛː/
f-f / ∅-w / ˈa-ˈɛː / d-∅ / ɐ_#>-#>
{0: [0], 1: None, 2: [1], 3: [2], 4: [3]}
{0: [0], 1: [1], 2: [2], 3: None, 4: None}
SCORE: 2.602

-------------------

/fˈasu/ - /fˈasu/
f-f / ˈa-ˈa / s-s / u-u
{0: [0], 1: [1], 2: [2], 3: [3]}
{0: [0], 1: [1], 2: [2], 3: [3]}
SCORE: 24.103

-------------------

/fˈawsu/ - /fˈaːsu/
f-f / ˈa_w-ˈaː / s-s / u-u
{0: [0], 1: [1, 2], 2: [3], 3: [4]}
{0: [0], 1: [1], 2: [2], 3: [3]}
SCORE: 22.155

-------------------

/fˈẽmeɐ/ - /fˈemina/
f-f / ˈẽ-ˈe / m-m / ∅-i / ∅-n / e-∅ / ɐ-a
{0: [0], 1: [1], 2: [2], 3: None, 4: None, 5: [3], 6: [4]}
{0: [0], 1: [1], 2: [2], 3: [3], 4: [4], 5: None, 6: [5]}
SCORE: 11.359

-------------------

/fˈiw/ - /fˈiː/
f-f / ˈi-ˈiː / w-∅
{0: [0], 1: [1], 2: [2]}
{0: [0], 1: [1], 2: None}
SCORE: 11.948

-------------------

/fˈiɡɐdu/ - /fiɡˈɛːtu/
f-f / ∅-i / ˈi-∅ / ɡ-ɡ / ∅-ˈɛː / ɐ-∅ / d-t / u-u
{0: [0], 1: None, 2: [1], 3: [2], 4: None, 5: [3], 6: [4], 7: [5]}
{0: [0], 1: [1], 2: None, 3: [2], 4: [3], 5: None, 6: [4], 7: [5]}
SCORE: 2.608

-------------------

/fˈiʎu/ - /fˈiʤu/
f-f / ˈi-ˈi / ʎ-ʤ / u-u
{0: [0], 1: [1], 2: [2], 3: [3]}
{0: [0], 1: [1], 2: [2], 3: [3]}
SCORE: 25.769

-------------------

/fˈiʎɐ/ - /fˈiʤa/
f-f / ˈi-ˈi / ʎ-ʤ / ɐ-a
{0: [0], 1: [1], 2: [2], 3: [3]}
{0: [0], 1: [1], 2: [2], 3: [3]}
SCORE: 25.803

-------------------

/fˈĩ/ - /fˈiŋ/
f-f / ˈĩ-ˈi / #>-ŋ_#>
{0: [0], 1: [1], 2: None}
{0: [0], 1: [1], 2: [2]}
SCORE: 19.136

-------------------

/fˈohsɐ/ - /fˈɔːrsa/
f-f / ˈo-ˈɔː / h-r / s-s / ɐ-a
{0: [0], 1: [1], 2: [2], 3: [3], 4: [4]}
{0: [0], 1: [1], 2: [2], 3: [3], 4: [4]}
SCORE: 24.061

-------------------

/fˈoɡu/ - /fˈøːɡu/
f-f / ˈo-ˈøː / ɡ-ɡ / u-u
{0: [0], 1: [1], 2: [2], 3: [3]}
{0: [0], 1: [1], 2: [2], 3: [3]}
SCORE: 26.481

-------------------

/fˈoʎɐ/ - /fˈøʤa/
f-f / ˈo-ˈø / ʎ-ʤ / ɐ-a
{0: [0], 1: [1], 2: [2], 3: [3]}
{0: [0], 1: [1], 2: [2], 3: [3]}
SCORE: 25.821

-------------------

/fˈũmu/ - /fˈyme/
f-f / ˈũ-ˈy / m-m / ∅-e / u_#>-#>
{0: [0], 1: [1], 2: [2], 3: None, 4: [3]}
{0: [0], 1: [1], 2: [2], 3: [3], 4: None}
SCORE: 17.561

-------------------

/fˈɔhʧi/ - /fˈɔːrte/
f-f / ˈɔ-ˈɔː / h_ʧ-r_t / i-e
{0: [0], 1: [1], 2: [2, 3], 3: [4]}
{0: [0], 1: [1], 2: [2, 3], 3: [4]}
SCORE: 26.422

-------------------

/fˈɔmi/ - /fˈame/
f-f / ∅-ˈa / ˈɔ-∅ / m-m / i-e
{0: [0], 1: None, 2: [1], 3: [2], 4: [3]}
{0: [0], 1: [1], 2: None, 3: [2], 4: [3]}
SCORE: 11.486

-------------------

/fˈɛhu/ - /fˈɛːru/
f-f / ˈɛ-ˈɛː / h-r / u-u
{0: [0], 1: [1], 2: [2], 3: [3]}
{0: [0], 1: [1], 2: [2], 3: [3]}
SCORE: 18.858

-------------------

/fˈɛʃtɐ/ - /fˈɛsta/
f-f / ˈɛ-ˈɛ / ʃ_t-s_t / ɐ-a
{0: [0], 1: [1], 2: [2, 3], 3: [4]}
{0: [0], 1: [1], 2: [2, 3], 3: [4]}
SCORE: 30.948

-------------------

/hazˈɐ̃w̃/ - /raʒˈuŋ/
<#_h-<#_r / a-a / z-ʒ / ˈɐ̃-ˈu / w̃_#>-ŋ_#>
{0: [0], 1: [1], 2: [2], 3: [3], 4: [4]}
{0: [0], 1: [1], 2: [2], 3: [3], 4: [4]}
SCORE: 20.07

-------------------

/haˈiʃ/ - /rˈejʒe/
<#-<#_r / ∅-ˈe / h-j / a-∅ / ˈi-∅ / ʃ-ʒ_e
{0: None, 1: None, 2: [0], 3: [1], 4: [2], 5: [3]}
{0: [0], 1: [1], 2: [2], 3: None, 4: None, 5: [3, 4]}
SCORE: -5.383

-------------------

/haˈĩj̃ɐ/ - /rˈɛŋa/
<#_h-<#_r / a-ˈɛ / ˈĩ_j̃-ŋ / ɐ-a
{0: [0], 1: [1], 2: [2, 3], 3: [4]}
{0: [0], 1: [1], 2: [2], 3: [3]}
SCORE: 15.136

-------------------

/hedˈõdu/ - /rjˈuŋdu/
<#-<#_r / h-j / e-∅ / d-∅ / ˈõ-ˈu_ŋ / d-d / u-u
{0: None, 1: [0], 2: [1], 3: [2], 4: [3], 5: [4], 6: [5]}
{0: [0], 1: [1], 2: None, 3: None, 4: [2, 3], 5: [4], 6: [5]}
SCORE: 7.002

-------------------

/homˈɐ̃w̃/ - /rumˈaŋ/
<#_h-<#_r / o-u / m-m / ˈɐ̃-ˈa / w̃_#>-ŋ_#>
{0: [0], 1: [1], 2: [2], 3: [3], 4: [4]}
{0: [0], 1: [1], 2: [2], 3: [3], 4: [4]}
SCORE: 25.549

-------------------

/hˈujvu/ - /rˈusːu/
<#_h-<#_r / ˈu-ˈu / j_v-sː / u-u
{0: [0], 1: [1], 2: [2, 3], 3: [4]}
{0: [0], 1: [1], 2: [2], 3: [3]}
SCORE: 18.543

-------------------

/hˈɔdɐ/ - /rˈøːa/
<#_h-<#_r / ˈɔ-ˈøː / d-∅ / ɐ-a
{0: [0], 1: [1], 2: [2], 3: [3]}
{0: [0], 1: [1], 2: None, 3: [2]}
SCORE: 9.951

-------------------

/ĩvˈɛɦnu/ - /iŋvˈɛːrnu/
ĩ-i_ŋ / v-v / ˈɛ-ˈɛː / ɦ-r / n-n / u-u
{0: [0], 1: [1], 2: [2], 3: [3], 4: [4], 5: [5]}
{0: [0, 1], 1: [2], 2: [3], 3: [4], 4: [5], 5: [6]}
SCORE: 34.342

-------------------

/kabˈelu/ - /kavˈelu/
k-k / a_b-a_v / ˈe-ˈe / l-l / u-u
{0: [0], 1: [1, 2], 2: [3], 3: [4], 4: [5]}
{0: [0], 1: [1, 2], 2: [3], 3: [4], 4: [5]}
SCORE: 34.428

-------------------

/kadˈejɐ/ - /kadˈeŋa/
k-k / a-a / d-d / ˈe-ˈe / j-ŋ / ɐ-a
{0: [0], 1: [1], 2: [2], 3: [3], 4: [4], 5: [5]}
{0: [0], 1: [1], 2: [2], 3: [3], 4: [4], 5: [5]}
SCORE: 27.244

-------------------

/kasˈah/ - /kaʧˈaː/
k-k / a-a / ∅-ʧ / s-∅ / ˈa_h-ˈaː
{0: [0], 1: [1], 2: None, 3: [2], 4: [3, 4]}
{0: [0], 1: [1], 2: [2], 3: None, 4: [3]}
SCORE: 7.35

-------------------

/kavˈalu/ - /kavˈalu/
k-k / a-a / v_ˈa-v_ˈa / l-l / u-u
{0: [0], 1: [1], 2: [2, 3], 3: [4], 4: [5]}
{0: [0], 1: [1], 2: [2, 3], 3: [4], 4: [5]}
SCORE: 34.461

-------------------

/kaʃtˈɛlu/ - /kastˈelu/
k-k / a-a / ʃ_t-s_t / ˈɛ-ˈe / l-l / u-u
{0: [0], 1: [1], 2: [2, 3], 3: [4], 4: [5], 5: [6]}
{0: [0], 1: [1], 2: [2, 3], 3: [4], 4: [5], 5: [6]}
SCORE: 36.255

-------------------

/kejmˈah/ - /bryʒˈaː/
<#-<#_b / k-r / e-∅ / j_m-y / ∅-ʒ / ˈa_h-ˈaː
{0: None, 1: [0], 2: [1], 3: [2, 3], 4: None, 5: [4, 5]}
{0: [0], 1: [1], 2: None, 3: [2], 4: [3], 5: [4]}
SCORE: 0.023

-------------------

/kuhʧˈisɐ/ - /skˈɔːrsa/
∅-s / k-k / u-∅ / h-ˈɔː / ʧ-r / ˈi-∅ / s-s / ɐ-a
{0: None, 1: [0], 2: [1], 3: [2], 4: [3], 5: [4], 6: [5], 7: [6]}
{0: [0], 1: [1], 2: None, 3: [2], 4: [3], 5: None, 6: [4], 7: [5]}
SCORE: 3.527

-------------------

/kwˈatɾu/ - /kwˈatru/
k-k / w-w / ˈa-ˈa / t-t / ɾ-r / u-u
{0: [0], 1: [1], 2: [2], 3: [3], 4: [4], 5: [5]}
{0: [0], 1: [1], 2: [2], 3: [3], 4: [4], 5: [5]}
SCORE: 31.71

-------------------

/kɐ̃bjˈah/ - /kaŋʤˈaː/
k-k / ɐ̃-∅ / b-a / j-ŋ / ∅-ʤ / ˈa_h-ˈaː
{0: [0], 1: [1], 2: [2], 3: [3], 4: None, 5: [4, 5]}
{0: [0], 1: None, 2: [1], 3: [2], 4: [3], 5: [4]}
SCORE: -2.212

-------------------

/kɐ̃tˈah/ - /kaŋtˈaː/
k-k / ∅-a / ∅-ŋ / ɐ̃-∅ / t-t / ˈa_h-ˈaː
{0: [0], 1: None, 2: None, 3: [1], 4: [2], 5: [3, 4]}
{0: [0], 1: [1], 2: [2], 3: None, 4: [3], 5: [4]}
SCORE: 3.908

-------------------

/kɾˈeh/ - /krˈede/
k-k / ɾ-r / ˈe-ˈe / h-d_e
{0: [0], 1: [1], 2: [2], 3: [3]}
{0: [0], 1: [1], 2: [2], 3: [3, 4]}
SCORE: 17.316

-------------------

/kɾˈujʃ/ - /krˈuːʒe/
k-k / ɾ-r / ˈu-ˈuː / j_ʃ-ʒ_e
{0: [0], 1: [1], 2: [2], 3: [3, 4]}
{0: [0], 1: [1], 2: [2], 3: [3, 4]}
SCORE: 17.629

-------------------

/kˈabɾɐ/ - /krˈaːva/
k-k / ∅-r / ˈa-ˈaː / b-v / ɾ_ɐ-a
{0: [0], 1: None, 2: [1], 3: [2], 4: [3, 4]}
{0: [0], 1: [1], 2: [2], 3: [3], 4: [4]}
SCORE: 15.316

-------------------

/kˈawdu/ - /kˈaːdu/
k-k / ˈa_w-ˈaː / d-d / u-u
{0: [0], 1: [1, 2], 2: [3], 3: [4]}
{0: [0], 1: [1], 2: [2], 3: [3]}
SCORE: 21.599

-------------------

/kˈazɐ/ - /kˈaːza/
k-k / ˈa-ˈaː / z-z / ɐ-a
{0: [0], 1: [1], 2: [2], 3: [3]}
{0: [0], 1: [1], 2: [2], 3: [3]}
SCORE: 25.95

-------------------

/kˈaɦni/ - /kˈaːrne/
k-k / ˈa-ˈaː / ɦ-r / n-n / i-e
{0: [0], 1: [1], 2: [2], 3: [3], 4: [4]}
{0: [0], 1: [1], 2: [2], 3: [3], 4: [4]}
SCORE: 26.65

-------------------

/kˈaɾu/ - /kˈaːu/
k-k / ˈa-ˈaː / ɾ_u-u
{0: [0], 1: [1], 2: [2, 3]}
{0: [0], 1: [1], 2: [2]}
SCORE: 17.35

-------------------

/kˈi/ - /kˈe/
k-k / ∅-ˈe / ˈi-∅
{0: [0], 1: None, 2: [1]}
{0: [0], 1: [1], 2: None}
SCORE: 0.579

-------------------

/kˈoh/ - /kˈuː/
k-k / ˈo_h-ˈuː
{0: [0], 1: [1, 2]}
{0: [0], 1: [1]}
SCORE: 11.397

-------------------

/kˈohpu/ - /kˈɔːrpu/
k-k / ˈo-ˈɔː / h-r / p-p / u-u
{0: [0], 1: [1], 2: [2], 3: [3], 4: [4]}
{0: [0], 1: [1], 2: [2], 3: [3], 4: [4]}
SCORE: 23.846

-------------------

/kˈojzɐ/ - /kˈɔːza/
k-k / ˈo-ˈɔː / j-∅ / z-z / ɐ-a
{0: [0], 1: [1], 2: [2], 3: [3], 4: [4]}
{0: [0], 1: [1], 2: None, 3: [2], 4: [3]}
SCORE: 20.677

-------------------

/kˈoɦnu/ - /kˈɔːrnu/
k-k / ˈo-ˈɔː / ɦ-r / n-n / u-u
{0: [0], 1: [1], 2: [2], 3: [3], 4: [4]}
{0: [0], 1: [1], 2: [2], 3: [3], 4: [4]}
SCORE: 26.279

-------------------

/kˈoʃɐ/ - /kˈøʃa/
k-k / ˈo-ˈø / ʃ-ʃ / ɐ-a
{0: [0], 1: [1], 2: [2], 3: [3]}
{0: [0], 1: [1], 2: [2], 3: [3]}
SCORE: 24.879

-------------------

/kˈu/ - /kˈyː/
k-k / ˈu-ˈyː
{0: [0], 1: [1]}
{0: [0], 1: [1]}
SCORE: 17.14

-------------------

/kˈuhtu/ - /kˈyːrtu/
k-k / ˈu-ˈyː / h-r / t-t / u-u
{0: [0], 1: [1], 2: [2], 3: [3], 4: [4]}
{0: [0], 1: [1], 2: [2], 3: [3], 4: [4]}
SCORE: 25.028

-------------------

/kˈɐ̃maɾɐ/ - /kˈamja/
k-k / ˈɐ̃-ˈa / m_a-m / ɾ-j / ɐ-a
{0: [0], 1: [1], 2: [2, 3], 3: [4], 4: [5]}
{0: [0], 1: [1], 2: [2], 3: [3], 4: [4]}
SCORE: 23.938

-------------------

/kˈɐ̃tu/ - /kˈaŋtu/
k-k / ˈɐ̃-ˈa_ŋ / t-t / u-u
{0: [0], 1: [1], 2: [2], 3: [3]}
{0: [0], 1: [1, 2], 2: [3], 3: [4]}
SCORE: 23.343

-------------------

/kˈɐ̃w̃/ - /kˈaŋ/
k-k / ˈɐ̃-ˈa / w̃_#>-ŋ_#>
{0: [0], 1: [1], 2: [2]}
{0: [0], 1: [1], 2: [2]}
SCORE: 19.78

-------------------

/kˈɔh/ - /kˈøː/
k-k / ˈɔ-ˈøː / h_#>-#>
{0: [0], 1: [1], 2: [2]}
{0: [0], 1: [1], 2: None}
SCORE: 11.037

-------------------

/kˈɔlu/ - /kˈɔlu/
k-k / ˈɔ-ˈɔ / l-l / u-u
{0: [0], 1: [1], 2: [2], 3: [3]}
{0: [0], 1: [1], 2: [2], 3: [3]}
SCORE: 21.725

-------------------

/kˈɔlɐ/ - /kˈuːa/
k-k / ˈɔ_l-ˈuː / ɐ-a
{0: [0], 1: [1, 2], 2: [3]}
{0: [0], 1: [1], 2: [2]}
SCORE: 15.218

-------------------

/kˈɔʃtɐ/ - /kˈɔsta/
k-k / ˈɔ-ˈɔ / ʃ_t-s_t / ɐ-a
{0: [0], 1: [1], 2: [2, 3], 3: [4]}
{0: [0], 1: [1], 2: [2, 3], 3: [4]}
SCORE: 25.723

-------------------

/levˈah/ - /levˈaː/
l-l / e-e / v-v / ˈa_h-ˈaː
{0: [0], 1: [1], 2: [2], 3: [3, 4]}
{0: [0], 1: [1], 2: [2], 3: [3]}
SCORE: 22.903

-------------------

/leˈɐ̃w̃/ - /ljˈuŋ/
l-l / ∅-j / e-∅ / ˈɐ̃-ˈu / w̃_#>-ŋ_#>
{0: [0], 1: None, 2: [1], 3: [2], 4: [3]}
{0: [0], 1: [1], 2: None, 3: [2], 4: [3]}
SCORE: 6.062

-------------------

/lˈaɡu/ - /lˈaːɡu/
l-l / ˈa-ˈaː / ɡ-ɡ / u-u
{0: [0], 1: [1], 2: [2], 3: [3]}
{0: [0], 1: [1], 2: [2], 3: [3]}
SCORE: 25.85

-------------------

/lˈaɡɾimɐ/ - /lˈaɡrima/
l-l / ˈa-ˈa / ɡ-ɡ / ɾ-r / i-i / m-m / ɐ-a
{0: [0], 1: [1], 2: [2], 3: [3], 4: [4], 5: [5], 6: [6]}
{0: [0], 1: [1], 2: [2], 3: [3], 4: [4], 5: [5], 6: [6]}
SCORE: 36.753

-------------------

/lˈej/ - /lˈeze/
l-l / ˈe-ˈe / ∅-z / j-e
{0: [0], 1: [1], 2: None, 3: [2]}
{0: [0], 1: [1], 2: [2], 3: [3]}
SCORE: 12.056

-------------------

/lˈejtu/ - /lˈetu/
l-l / ˈe-ˈe / j_t-t / u-u
{0: [0], 1: [1], 2: [2, 3], 3: [4]}
{0: [0], 1: [1], 2: [2], 3: [3]}
SCORE: 20.528

-------------------

/lˈejʧi/ - /lˈɛːte/
l-l / ˈe-ˈɛː / j-∅ / ʧ-t / i-e
{0: [0], 1: [1], 2: [2], 3: [3], 4: [4]}
{0: [0], 1: [1], 2: None, 3: [2], 4: [3]}
SCORE: 17.091

-------------------

/lˈetɾɐ/ - /lˈetja/
l-l / ˈe-ˈe / t-t / ɾ-j / ɐ-a
{0: [0], 1: [1], 2: [2], 3: [3], 4: [4]}
{0: [0], 1: [1], 2: [2], 3: [3], 4: [4]}
SCORE: 26.582

-------------------

/lˈeɾ/ - /lˈeːze/
l-l / ˈe-ˈeː / ɾ-z / ∅-e
{0: [0], 1: [1], 2: [2], 3: None}
{0: [0], 1: [1], 2: [2], 3: [3]}
SCORE: 10.141

-------------------

/lˈẽj̃ɐ/ - /lˈeɲu/
l-l / ˈẽ-ˈe / j̃-ɲ / ∅-u / ɐ_#>-#>
{0: [0], 1: [1], 2: [2], 3: None, 4: [3]}
{0: [0], 1: [1], 2: [2], 3: [3], 4: None}
SCORE: 13.635

-------------------

/lˈivɾi/ - /lˈiberu/
l-l / ˈi-ˈi / ∅-b / ∅-e / v-∅ / ɾ-r / i-u
{0: [0], 1: [1], 2: None, 3: None, 4: [2], 5: [3], 6: [4]}
{0: [0], 1: [1], 2: [2], 3: [3], 4: None, 5: [4], 6: [5]}
SCORE: 5.304

-------------------

/lˈĩɡwɐ/ - /lˈeŋɡwa/
l-l / ∅-ˈe / ˈĩ-ŋ / ɡ-ɡ / w-w / ɐ-a
{0: [0], 1: None, 2: [1], 3: [2], 4: [3], 5: [4]}
{0: [0], 1: [1], 2: [2], 3: [3], 4: [4], 5: [5]}
SCORE: 23.591

-------------------

/lˈobu/ - /lˈuː/
l-l / ˈo-ˈuː / b-∅ / u_#>-#>
{0: [0], 1: [1], 2: [2], 3: [3]}
{0: [0], 1: [1], 2: None, 3: None}
SCORE: 6.346

-------------------

/lˈoɡu/ - /lˈøːɡu/
l-l / ˈo-ˈøː / ɡ-ɡ / u-u
{0: [0], 1: [1], 2: [2], 3: [3]}
{0: [0], 1: [1], 2: [2], 3: [3]}
SCORE: 25.714

-------------------

/lˈõɡu/ - /lˈuŋɡu/
l-l / ˈõ-ˈu_ŋ / ɡ-ɡ / u-u
{0: [0], 1: [1], 2: [2], 3: [3]}
{0: [0], 1: [1, 2], 2: [3], 3: [4]}
SCORE: 23.487

-------------------

/lˈujʃ/ - /lˈyːʒe/
l-l / ˈu-ˈyː / j_ʃ-ʒ_e
{0: [0], 1: [1], 2: [2, 3]}
{0: [0], 1: [1], 2: [2, 3]}
SCORE: 19.346

-------------------

/lˈutɐ/ - /lˈɔta/
l-l / ∅-ˈɔ / ˈu-∅ / t-t / ɐ-a
{0: [0], 1: None, 2: [1], 3: [2], 4: [3]}
{0: [0], 1: [1], 2: None, 3: [2], 4: [3]}
SCORE: 9.853

-------------------

/lˈuɐ/ - /lˈyŋa/
l-l / ∅-ˈy / ˈu-∅ / ɐ-ŋ_a
{0: [0], 1: None, 2: [1], 3: [2]}
{0: [0], 1: [1], 2: None, 3: [2, 3]}
SCORE: 0.485

-------------------

/lˈɐ̃/ - /lˈaŋa/
l-l / ˈɐ̃-ˈa_ŋ / #>-a_#>
{0: [0], 1: [1], 2: None}
{0: [0], 1: [1, 2], 2: [3]}
SCORE: 11.871

-------------------

/lˈɛbɾi/ - /lˈeːvre/
l-l / ˈɛ-ˈeː / b-v / ɾ-r / i-e
{0: [0], 1: [1], 2: [2], 3: [3], 4: [4]}
{0: [0], 1: [1], 2: [2], 3: [3], 4: [4]}
SCORE: 27.457

-------------------

/madˈuɾu/ - /mˈøju/
m_a-m / ∅-ˈø / d-∅ / ˈu-∅ / ɾ-j / u-u
{0: [0, 1], 1: None, 2: [2], 3: [3], 4: [4], 5: [5]}
{0: [0], 1: [1], 2: None, 3: None, 4: [2], 5: [3]}
SCORE: -1.405

-------------------

/metˈaʤi/ - /mejtˈɛː/
m-m / e-e / ∅-j / t-t / ˈa_ʤ-ˈɛː / i-∅
{0: [0], 1: [1], 2: None, 3: [2], 4: [3, 4], 5: [5]}
{0: [0], 1: [1], 2: [2], 3: [3], 4: [4], 5: None}
SCORE: 11.948

-------------------

/meʎˈɔh/ - /mˈeːʤu/
m-m / ∅-ˈeː / e-∅ / ʎ-ʤ / ∅-u / ˈɔ-∅ / h_#>-#>
{0: [0], 1: None, 2: [1], 3: [2], 4: None, 5: [3], 6: [4]}
{0: [0], 1: [1], 2: None, 3: [2], 4: [3], 5: None, 6: None}
SCORE: -6.754

-------------------

/mohˈeh/ - /mwˈiː/
m-m / o-w / h-∅ / ˈe_h-ˈiː
{0: [0], 1: [1], 2: [2], 3: [3, 4]}
{0: [0], 1: [1], 2: None, 3: [2]}
SCORE: 11.371

-------------------

/moɦdˈeh/ - /mˈɔrde/
m-m / ∅-ˈɔ / o-∅ / ɦ-r / d-d / ˈe_h-e
{0: [0], 1: None, 2: [1], 3: [2], 4: [3], 5: [4, 5]}
{0: [0], 1: [1], 2: None, 3: [2], 4: [3], 5: [4]}
SCORE: 9.45

-------------------

/mõtˈɐ̃j̃ɐ/ - /muŋtˈaɲa/
m-m / ∅-u / ∅-ŋ / õ-∅ / t-t / ˈɐ̃-ˈa / j̃-ɲ / ɐ-a
{0: [0], 1: None, 2: None, 3: [1], 4: [2], 5: [3], 6: [4], 7: [5]}
{0: [0], 1: [1], 2: [2], 3: None, 4: [3], 5: [4], 6: [5], 7: [6]}
SCORE: 15.8

-------------------

/muʎˈɛh/ - /muʤˈeː/
m-m / u-u / ʎ-ʤ / ˈɛ-ˈeː / h_#>-#>
{0: [0], 1: [1], 2: [2], 3: [3], 4: [4]}
{0: [0], 1: [1], 2: [2], 3: [3], 4: None}
SCORE: 22.221

-------------------

/mˈah/ - /mˈaː/
m-m / ˈa_h-ˈaː
{0: [0], 1: [1, 2]}
{0: [0], 1: [1]}
SCORE: 14.447

-------------------

/mˈeju/ - /mˈeːzu/
m-m / ˈe-ˈeː / j-z / u-u
{0: [0], 1: [1], 2: [2], 3: [3]}
{0: [0], 1: [1], 2: [2], 3: [3]}
SCORE: 17.756

-------------------

/mˈi/ - /mˈi/
m-m / ˈi-ˈi
{0: [0], 1: [1]}
{0: [0], 1: [1]}
SCORE: 16.143

-------------------

/mˈiw/ - /mˈile/
m-m / ˈi-ˈi / ∅-l / ∅-e / w-∅
{0: [0], 1: [1], 2: None, 3: None, 4: [2]}
{0: [0], 1: [1], 2: [2], 3: [3], 4: None}
SCORE: 1.143

-------------------

/mˈiɡɐ/ - /mˈiːɡa/
m-m / ˈi-ˈiː / ɡ-ɡ / ɐ-a
{0: [0], 1: [1], 2: [2], 3: [3]}
{0: [0], 1: [1], 2: [2], 3: [3]}
SCORE: 26.391

-------------------

/mˈoʃkɐ/ - /mˈuska/
m-m / ˈo-ˈu / ʃ-s / k-k / ɐ-a
{0: [0], 1: [1], 2: [2], 3: [3], 4: [4]}
{0: [0], 1: [1], 2: [2], 3: [3], 4: [4]}
SCORE: 27.579

-------------------

/mˈɐ̃w̃/ - /mˈaŋ/
m-m / ˈɐ̃-ˈa / w̃_#>-ŋ_#>
{0: [0], 1: [1], 2: [2]}
{0: [0], 1: [1], 2: [2]}
SCORE: 20.272

-------------------

/mˈɔhʧi/ - /mˈɔːrte/
m-m / ˈɔ-ˈɔː / h_ʧ-r_t / i-e
{0: [0], 1: [1], 2: [2, 3], 3: [4]}
{0: [0], 1: [1], 2: [2, 3], 3: [4]}
SCORE: 25.849

-------------------

/mˈɛw/ - /amˈeː/
<#-<#_a / m-m / ˈɛ_w-ˈeː
{0: None, 1: [0], 2: [1, 2]}
{0: [0], 1: [1], 2: [2]}
SCORE: 16.404

-------------------

/nadˈah/ - /nɥˈaː/
n-n / a_d-ɥ / ˈa_h-ˈaː
{0: [0], 1: [1, 2], 2: [3, 4]}
{0: [0], 1: [1], 2: [2]}
SCORE: 19.152

-------------------

/nasˈeh/ - /nˈaʃe/
n-n / ∅-ˈa / a-∅ / s-ʃ / ˈe_h-e
{0: [0], 1: None, 2: [1], 3: [2], 4: [3, 4]}
{0: [0], 1: [1], 2: None, 3: [2], 4: [3]}
SCORE: 4.397

-------------------

/naɾˈiʃ/ - /nˈaːzu/
n-n / a-ˈaː / ɾ-z / ∅-u / ˈi-∅ / ʃ_#>-#>
{0: [0], 1: [1], 2: [2], 3: None, 4: [3], 5: [4]}
{0: [0], 1: [1], 2: [2], 3: [3], 4: None, 5: None}
SCORE: 1.46

-------------------

/nẽj̃ˈũ/ - /niʃˈyŋ/
n-n / ∅-i / ∅-ʃ / ẽ-∅ / j̃-∅ / ˈũ-ˈy / #>-ŋ_#>
{0: [0], 1: None, 2: None, 3: [1], 4: [2], 5: [3], 6: None}
{0: [0], 1: [1], 2: [2], 3: None, 4: None, 5: [3], 6: [4]}
SCORE: 0.325

-------------------

/nɐ̃w̃/ - /nu/
n-n / ∅-u / ɐ̃-∅ / w̃_#>-#>
{0: [0], 1: None, 2: [1], 3: [2]}
{0: [0], 1: [1], 2: None, 3: None}
SCORE: -1.174

-------------------

/nˈeɡɾu/ - /nˈejɡru/
n-n / ˈe-ˈe_j / ɡ-ɡ / ɾ-r / u-u
{0: [0], 1: [1], 2: [2], 3: [3], 4: [4]}
{0: [0], 1: [1, 2], 2: [3], 3: [4], 4: [5]}
SCORE: 25.004

-------------------

/nˈojʧi/ - /nˈøte/
n-n / ˈo-ˈø / j-∅ / ʧ-t / i-e
{0: [0], 1: [1], 2: [2], 3: [3], 4: [4]}
{0: [0], 1: [1], 2: None, 3: [2], 4: [3]}
SCORE: 20.091

-------------------

/nˈovu/ - /nˈøːvu/
n-n / ˈo-ˈøː / v-v / u-u
{0: [0], 1: [1], 2: [2], 3: [3]}
{0: [0], 1: [1], 2: [2], 3: [3]}
SCORE: 25.21

-------------------

/nˈõmi/ - /nˈume/
n-n / ˈõ-ˈu / m-m / i-e
{0: [0], 1: [1], 2: [2], 3: [3]}
{0: [0], 1: [1], 2: [2], 3: [3]}
SCORE: 26.638

-------------------

/nˈuvẽj̃/ - /nˈyːvja/
n-n / ˈu-ˈyː / v-v / ∅-j / ẽ-∅ / j̃-∅ / #>-a_#>
{0: [0], 1: [1], 2: [2], 3: None, 4: [3], 5: [4], 6: None}
{0: [0], 1: [1], 2: [2], 3: [3], 4: None, 5: None, 6: [4]}
SCORE: 5.099

-------------------

/nˈɔjʃ/ - /njˈaːtri/
n-n / ˈɔ-j_ˈaː / j-t_r / ʃ_#>-i_#>
{0: [0], 1: [1], 2: [2], 3: [3]}
{0: [0], 1: [1, 2], 2: [3, 4], 3: [5]}
SCORE: 15.244

-------------------

/nˈɔjʃ/ - /nˈuːʒe/
n-n / ˈɔ-ˈuː / j_ʃ-ʒ_e
{0: [0], 1: [1], 2: [2, 3]}
{0: [0], 1: [1], 2: [2, 3]}
SCORE: 16.709

-------------------

/nˈɔsu/ - /nˈɔstru/
n-n / ˈɔ-ˈɔ / s-s / ∅-t / u-r_u
{0: [0], 1: [1], 2: [2], 3: None, 4: [3]}
{0: [0], 1: [1], 2: [2], 3: [3], 4: [4, 5]}
SCORE: 12.625

-------------------

/nˈɔvi/ - /nˈøːve/
n-n / ˈɔ-ˈøː / v-v / i-e
{0: [0], 1: [1], 2: [2], 3: [3]}
{0: [0], 1: [1], 2: [2], 3: [3]}
SCORE: 23.798

-------------------

/nˈɛvi/ - /nˈejve/
n-n / ˈɛ-ˈe / ∅-j / v-v / i-e
{0: [0], 1: [1], 2: None, 3: [2], 4: [3]}
{0: [0], 1: [1], 2: [2], 3: [3], 4: [4]}
SCORE: 18.655

-------------------

/nˈɛvuɐ/ - /nˈeːʤa/
n-n / ˈɛ-ˈeː / ∅-ʤ / v-∅ / u-∅ / ɐ-a
{0: [0], 1: [1], 2: None, 3: [2], 4: [3], 5: [4]}
{0: [0], 1: [1], 2: [2], 3: None, 4: None, 5: [3]}
SCORE: 5.235

-------------------

/odˈoh/ - /ɔːdˈuː/
o-ɔː / d-d / ˈo_h-ˈuː
{0: [0], 1: [1], 2: [2, 3]}
{0: [0], 1: [1], 2: [2]}
SCORE: 13.678

-------------------

/owtˈõnu/ - /ɔːtˈynu/
o-ɔː / w-∅ / t-t / ∅-ˈy / ˈõ-∅ / n-n / u-u
{0: [0], 1: [1], 2: [2], 3: None, 4: [3], 5: [4], 6: [5]}
{0: [0], 1: None, 2: [1], 3: [2], 4: None, 5: [3], 6: [4]}
SCORE: 7.475

-------------------

/oɾˈeʎɐ/ - /wˈeːʤa/
o-w / ɾ-∅ / ˈe-ˈeː / ʎ-ʤ / ɐ-a
{0: [0], 1: [1], 2: [2], 3: [3], 4: [4]}
{0: [0], 1: None, 2: [1], 3: [2], 4: [3]}
SCORE: 18.486

-------------------

/palˈavɾɐ/ - /pˈɔwla/
p-p / ∅-ˈɔ / ∅-w / a-∅ / l-l / ˈa-∅ / v-∅ / ɾ_ɐ-a
{0: [0], 1: None, 2: None, 3: [1], 4: [2], 5: [3], 6: [4], 7: [5, 6]}
{0: [0], 1: [1], 2: [2], 3: None, 4: [3], 5: None, 6: None, 7: [4]}
SCORE: -7.728

-------------------

/piˈoʎu/ - /piɡˈøʤu/
p-p / i-i / ∅-ɡ / ˈo-ˈø / ʎ-ʤ / u-u
{0: [0], 1: [1], 2: None, 3: [2], 4: [3], 5: [4]}
{0: [0], 1: [1], 2: [2], 3: [3], 4: [4], 5: [5]}
SCORE: 22.894

-------------------

/podˈeh/ - /pwˈej/
p-p / o-w / d-∅ / ˈe-ˈe / h_#>-j_#>
{0: [0], 1: [1], 2: [2], 3: [3], 4: [4]}
{0: [0], 1: [1], 2: None, 3: [2], 4: [3]}
SCORE: 14.769

-------------------

/pɾˈesu/ - /prˈeːʒu/
p-p / ɾ-r / ˈe-ˈeː / ∅-ʒ / s_u-u
{0: [0], 1: [1], 2: [2], 3: None, 4: [3, 4]}
{0: [0], 1: [1], 2: [2], 3: [3], 4: [4]}
SCORE: 13.404

-------------------

/pˈaj/ - /pwˈɛː/
p-p / ∅-w / ˈa-ˈɛː / j-∅
{0: [0], 1: None, 2: [1], 3: [2]}
{0: [0], 1: [1], 2: [2], 3: None}
SCORE: 4.771

-------------------

/pˈajʃ/ - /pˈaːʒe/
p-p / ˈa-ˈaː / j_ʃ-ʒ_e
{0: [0], 1: [1], 2: [2, 3]}
{0: [0], 1: [1], 2: [2, 3]}
SCORE: 17.83

-------------------

/pˈasu/ - /palˈasjo/
p-p / ∅-a / ∅-l / ˈa-ˈa / s-s / ∅-j / u-o
{0: [0], 1: None, 2: None, 3: [1], 4: [2], 5: None, 6: [3]}
{0: [0], 1: [1], 2: [2], 3: [3], 4: [4], 5: [5], 6: [6]}
SCORE: 7.234

-------------------

/pˈejtu/ - /pˈeːtu/
p-p / ˈe-ˈeː / j_t-t / u-u
{0: [0], 1: [1], 2: [2, 3], 3: [4]}
{0: [0], 1: [1], 2: [2], 3: [3]}
SCORE: 20.351

-------------------

/pˈejʃi/ - /pˈeʃu/
p-p / ˈe-ˈe / j-∅ / ʃ-ʃ / i-u
{0: [0], 1: [1], 2: [2], 3: [3], 4: [4]}
{0: [0], 1: [1], 2: None, 3: [2], 4: [3]}
SCORE: 16.284

-------------------

/pˈelu/ - /pˈej/
p-p / ˈe-ˈe / l-∅ / u-∅ / #>-j_#>
{0: [0], 1: [1], 2: [2], 3: [3], 4: None}
{0: [0], 1: [1], 2: None, 3: None, 4: [2]}
SCORE: 4.358

-------------------

/pˈenɐ/ - /pˈeŋa/
p-p / ˈe-ˈe / n-ŋ / ɐ-a
{0: [0], 1: [1], 2: [2], 3: [3]}
{0: [0], 1: [1], 2: [2], 3: [3]}
SCORE: 19.704

-------------------

/pˈeseɡu/ - /pˈɛːrseɡu/
p-p / ˈe-ˈɛː / ∅-r / s-s / e-e / ɡ-ɡ / u-u
{0: [0], 1: [1], 2: None, 3: [2], 4: [3], 5: [4], 6: [5]}
{0: [0], 1: [1], 2: [2], 3: [3], 4: [4], 5: [5], 6: [6]}
SCORE: 26.595

-------------------

/pˈẽnɐ/ - /pˈeːna/
p-p / ˈẽ-ˈeː / n-n / ɐ-a
{0: [0], 1: [1], 2: [2], 3: [3]}
{0: [0], 1: [1], 2: [2], 3: [3]}
SCORE: 24.955

-------------------

/pˈoh/ - /pˈuŋe/
p-p / ˈo-ˈu_ŋ / h-e
{0: [0], 1: [1], 2: [2]}
{0: [0], 1: [1, 2], 2: [3]}
SCORE: 8.816

-------------------

/pˈohku/ - /pˈɔːrku/
p-p / ˈo-ˈɔː / h_k-r_k / u-u
{0: [0], 1: [1], 2: [2, 3], 3: [4]}
{0: [0], 1: [1], 2: [2, 3], 3: [4]}
SCORE: 25.903

-------------------

/pˈoju/ - /pˈøːzu/
p-p / ˈo-ˈøː / j-z / u-u
{0: [0], 1: [1], 2: [2], 3: [3]}
{0: [0], 1: [1], 2: [2], 3: [3]}
SCORE: 18.341

-------------------

/pˈosu/ - /pˈusu/
p-p / ˈo-ˈu / s-s / u-u
{0: [0], 1: [1], 2: [2], 3: [3]}
{0: [0], 1: [1], 2: [2], 3: [3]}
SCORE: 23.682

-------------------

/pˈowku/ - /pˈɔːku/
p-p / ˈo_w-ˈɔː / k-k / u-u
{0: [0], 1: [1, 2], 2: [3], 3: [4]}
{0: [0], 1: [1], 2: [2], 3: [3]}
SCORE: 24.721

-------------------

/pˈõj̃ʃ/ - /pˈuŋi/
p-p / ˈõ-ˈu / j̃-ŋ / ʃ_#>-i_#>
{0: [0], 1: [1], 2: [2], 3: [3]}
{0: [0], 1: [1], 2: [2], 3: [3]}
SCORE: 17.937

-------------------

/pˈõtu/ - /pˈuŋtu/
p-p / ˈõ-ˈu_ŋ / t-t / u-u
{0: [0], 1: [1], 2: [2], 3: [3]}
{0: [0], 1: [1, 2], 2: [3], 3: [4]}
SCORE: 22.501

-------------------

/pˈõʧi/ - /pˈuŋte/
p-p / ˈõ-ˈu_ŋ / ʧ-t / i-e
{0: [0], 1: [1], 2: [2], 3: [3]}
{0: [0], 1: [1, 2], 2: [3], 3: [4]}
SCORE: 22.332

-------------------

/pˈũj̃u/ - /pˈyɲu/
p-p / ˈũ-ˈy / j̃-ɲ / u-u
{0: [0], 1: [1], 2: [2], 3: [3]}
{0: [0], 1: [1], 2: [2], 3: [3]}
SCORE: 28.186

-------------------

/pˈɐ̃sɐ/ - /pˈaŋsa/
p-p / ˈɐ̃-ˈa_ŋ / s-s / ɐ-a
{0: [0], 1: [1], 2: [2], 3: [3]}
{0: [0], 1: [1, 2], 2: [3], 3: [4]}
SCORE: 23.504

-------------------

/pˈɐ̃w̃/ - /pˈaŋ/
p-p / ˈɐ̃-ˈa / w̃_#>-ŋ_#>
{0: [0], 1: [1], 2: [2]}
{0: [0], 1: [1], 2: [2]}
SCORE: 20.13

-------------------

/pˈɔbɾi/ - /pˈɔːvju/
p-p / ˈɔ-ˈɔː / b-v / ɾ-j / i-u
{0: [0], 1: [1], 2: [2], 3: [3], 4: [4]}
{0: [0], 1: [1], 2: [2], 3: [3], 4: [4]}
SCORE: 22.995

-------------------

/pˈɔhkɐ/ - /pˈɔːrka/
p-p / ˈɔ-ˈɔː / h_k-r_k / ɐ-a
{0: [0], 1: [1], 2: [2, 3], 3: [4]}
{0: [0], 1: [1], 2: [2, 3], 3: [4]}
SCORE: 26.141

-------------------

/pˈɛ/ - /pˈeː/
p-p / ˈɛ-ˈeː
{0: [0], 1: [1]}
{0: [0], 1: [1]}
SCORE: 15.914

-------------------

/pˈɛdɾɐ/ - /prˈiːa/
p-p / ˈɛ-r / d-ˈiː / ɾ_ɐ-a
{0: [0], 1: [1], 2: [2], 3: [3, 4]}
{0: [0], 1: [1], 2: [2], 3: [3]}
SCORE: 8.474

-------------------

/pˈɛli/ - /pˈele/
p-p / ˈɛ-ˈe / l-l / i-e
{0: [0], 1: [1], 2: [2], 3: [3]}
{0: [0], 1: [1], 2: [2], 3: [3]}
SCORE: 23.78

-------------------

/sabˈeh/ - /savˈej/
s-s / a_b-a_v / ˈe-ˈe / h_#>-j_#>
{0: [0], 1: [1, 2], 2: [3], 3: [4]}
{0: [0], 1: [1, 2], 2: [3], 3: [4]}
SCORE: 23.87

-------------------

/saˈuʤi/ - /salˈyːte/
s-s / a-a / ∅-l / ˈu-ˈyː / ∅-t / ʤ-∅ / i-e
{0: [0], 1: [1], 2: None, 3: [2], 4: None, 5: [3], 6: [4]}
{0: [0], 1: [1], 2: [2], 3: [3], 4: [4], 5: None, 6: [5]}
SCORE: 9.088

-------------------

/sehkˈah/ - /serkˈaː/
s-s / e-e / h_k-r_k / ˈa_h-ˈaː
{0: [0], 1: [1], 2: [2, 3], 3: [4, 5]}
{0: [0], 1: [1], 2: [2, 3], 3: [4]}
SCORE: 23.201

-------------------

/semˈẽʧi/ - /semˈeŋsa/
s-s / e-e / m-m / ˈẽ-ˈe_ŋ / ∅-s / ʧ-∅ / i-a
{0: [0], 1: [1], 2: [2], 3: [3], 4: None, 5: [4], 6: [5]}
{0: [0], 1: [1], 2: [2], 3: [3, 4], 4: [5], 5: None, 6: [6]}
SCORE: 14.834

-------------------

/semˈɐ̃nɐ/ - /setemˈaŋa/
s-s_e / ∅-t / e-e / m-m / ˈɐ̃-ˈa / n-ŋ / ɐ-a
{0: [0], 1: None, 2: [1], 3: [2], 4: [3], 5: [4], 6: [5]}
{0: [0, 1], 1: [2], 2: [3], 3: [4], 4: [5], 5: [6], 6: [7]}
SCORE: 20.89

-------------------

/seɡˈuɾu/ - /seɡˈyːu/
s-s / e-e / ɡ-ɡ / ˈu-ˈyː / ɾ_u-u
{0: [0], 1: [1], 2: [2], 3: [3], 4: [4, 5]}
{0: [0], 1: [1], 2: [2], 3: [3], 4: [4]}
SCORE: 27.892

-------------------

/seɾˈeʒɐ/ - /sˈeːʒa/
s_e-s / ɾ-∅ / ˈe-ˈeː / ∅-ʒ / ʒ-∅ / ɐ-a
{0: [0, 1], 1: [2], 2: [3], 3: None, 4: [4], 5: [5]}
{0: [0], 1: None, 2: [1], 3: [2], 4: None, 5: [3]}
SCORE: -0.322

-------------------

/sidˈaʤi/ - /sitˈɛː/
s-s / i-i / d-t / ˈa_ʤ-ˈɛː / i-∅
{0: [0], 1: [1], 2: [2], 3: [3, 4], 4: [5]}
{0: [0], 1: [1], 2: [2], 3: [3], 4: None}
SCORE: 11.26

-------------------

/sĩkwˈẽtɐ/ - /siŋkwˈaŋta/
s-s / ĩ-i_ŋ / k-k / w-w / ∅-ˈa / ˈẽ-ŋ / t-t / ɐ-a
{0: [0], 1: [1], 2: [2], 3: [3], 4: None, 5: [4], 6: [5], 7: [6]}
{0: [0], 1: [1, 2], 2: [3], 3: [4], 4: [5], 5: [6], 6: [7], 7: [8]}
SCORE: 35.689

-------------------

/sofɾˈeh/ - /sufrˈiː/
s-s / o-u / f-f / ɾ-r / ˈe_h-ˈiː
{0: [0], 1: [1], 2: [2], 3: [3], 4: [4, 5]}
{0: [0], 1: [1], 2: [2], 3: [3], 4: [4]}
SCORE: 23.277

-------------------

/sˈabju/ - /sˈaːvju/
s-s / ˈa-ˈaː / b-v / j-j / u-u
{0: [0], 1: [1], 2: [2], 3: [3], 4: [4]}
{0: [0], 1: [1], 2: [2], 3: [3], 4: [4]}
SCORE: 25.277

-------------------

/sˈajbɐ/ - /sˈaʧe/
s-s / ˈa-ˈa / ∅-ʧ / j-e / b-∅ / ɐ_#>-#>
{0: [0], 1: [1], 2: None, 3: [2], 4: [3], 5: [4]}
{0: [0], 1: [1], 2: [2], 3: [3], 4: None, 5: None}
SCORE: 2.722

-------------------

/sˈaw/ - /sˈaː/
s-s / ˈa_w-ˈaː
{0: [0], 1: [1, 2]}
{0: [0], 1: [1]}
SCORE: 11.836

-------------------

/sˈawsɐ/ - /sˈaːrsa/
s-s / ˈa-ˈaː / w-r / s-s / ɐ-a
{0: [0], 1: [1], 2: [2], 3: [3], 4: [4]}
{0: [0], 1: [1], 2: [2], 3: [3], 4: [4]}
SCORE: 23.866

-------------------

/sˈedɐ/ - /sˈɛːa/
s-s / ˈe-ˈɛː / d-∅ / ɐ-a
{0: [0], 1: [1], 2: [2], 3: [3]}
{0: [0], 1: [1], 2: None, 3: [2]}
SCORE: 11.509

-------------------

/sˈejʃ/ - /sˈeːj/
s-s / ˈe-ˈeː / j_ʃ-j
{0: [0], 1: [1], 2: [2, 3]}
{0: [0], 1: [1], 2: [2]}
SCORE: 15.35

-------------------

/sˈejʃu/ - /sˈaʃu/
s-s / ˈe-∅ / j-ˈa / ʃ-ʃ / u-u
{0: [0], 1: [1], 2: [2], 3: [3], 4: [4]}
{0: [0], 1: None, 2: [1], 3: [2], 4: [3]}
SCORE: 14.653

-------------------

/sˈeku/ - /sˈeku/
s-s / ˈe-ˈe / k-k / u-u
{0: [0], 1: [1], 2: [2], 3: [3]}
{0: [0], 1: [1], 2: [2], 3: [3]}
SCORE: 23.658

-------------------

/sˈekɐ/ - /sˈeka/
s-s / ˈe-ˈe / k-k / ɐ-a
{0: [0], 1: [1], 2: [2], 3: [3]}
{0: [0], 1: [1], 2: [2], 3: [3]}
SCORE: 23.692

-------------------

/sˈeɾɐ/ - /sˈeja/
s-s / ˈe-ˈe / ɾ-j / ɐ-a
{0: [0], 1: [1], 2: [2], 3: [3]}
{0: [0], 1: [1], 2: [2], 3: [3]}
SCORE: 20.798

-------------------

/sˈẽtu/ - /sˈeŋtu/
s-s / ˈẽ-ˈe_ŋ / t-t / u-u
{0: [0], 1: [1], 2: [2], 3: [3]}
{0: [0], 1: [1, 2], 2: [3], 3: [4]}
SCORE: 24.314

-------------------

/sˈĩku/ - /sˈiŋkwe/
s-s / ˈĩ-ˈi_ŋ / k-k / ∅-w / ∅-e / u_#>-#>
{0: [0], 1: [1], 2: [2], 3: None, 4: None, 5: [3]}
{0: [0], 1: [1, 2], 2: [3], 3: [4], 4: [5], 5: None}
SCORE: 7.742

-------------------

/sˈĩmɐ/ - /sˈima/
s-s / ˈĩ-ˈi / m-m / ɐ-a
{0: [0], 1: [1], 2: [2], 3: [3]}
{0: [0], 1: [1], 2: [2], 3: [3]}
SCORE: 25.779

-------------------

/sˈobɾi/ - /sˈuːrvja/
s-s / ˈo-ˈuː / ∅-r / b-v / ɾ-j / i-a
{0: [0], 1: [1], 2: None, 3: [2], 4: [3], 5: [4]}
{0: [0], 1: [1], 2: [2], 3: [3], 4: [4], 5: [5]}
SCORE: 14.443

-------------------

/sˈɐ̃/ - /sˈaŋa/
s-s / ˈɐ̃-ˈa_ŋ / #>-a_#>
{0: [0], 1: [1], 2: None}
{0: [0], 1: [1, 2], 2: [3]}
SCORE: 11.04

-------------------

/sˈɐ̃tu/ - /sˈaŋtu/
s-s / ˈɐ̃-ˈa_ŋ / t-t / u-u
{0: [0], 1: [1], 2: [2], 3: [3]}
{0: [0], 1: [1, 2], 2: [3], 3: [4]}
SCORE: 22.81

-------------------

/sˈɐ̃w̃/ - /sˈaŋ/
s-s / ˈɐ̃-ˈa / w̃_#>-ŋ_#>
{0: [0], 1: [1], 2: [2]}
{0: [0], 1: [1], 2: [2]}
SCORE: 19.247

-------------------

/sˈɐ̃ɡi/ - /sˈaŋɡwe/
s-s / ˈɐ̃-ˈa_ŋ / ɡ-ɡ / ∅-w / i-e
{0: [0], 1: [1], 2: [2], 3: None, 4: [3]}
{0: [0], 1: [1, 2], 2: [3], 3: [4], 4: [5]}
SCORE: 18.946

-------------------

/sˈɔw/ - /sˈuː/
s-s / ˈɔ-ˈuː / w-∅
{0: [0], 1: [1], 2: [2]}
{0: [0], 1: [1], 2: None}
SCORE: 8.619

-------------------

/sˈɛw/ - /sˈeː/
s-s / ˈɛ_w-ˈeː
{0: [0], 1: [1, 2]}
{0: [0], 1: [1]}
SCORE: 14.278

-------------------

/sˈɛʧi/ - /sˈɛte/
s-s / ˈɛ-ˈɛ / ʧ-t / i-e
{0: [0], 1: [1], 2: [2], 3: [3]}
{0: [0], 1: [1], 2: [2], 3: [3]}
SCORE: 24.576

-------------------

/tosˈih/ - /tuʃˈiː/
<#_t-<#_t / o-u / s-ʃ / ˈi_h-ˈiː
{0: [0], 1: [1], 2: [2], 3: [3, 4]}
{0: [0], 1: [1], 2: [2], 3: [3]}
SCORE: 18.488

-------------------

/tɾˈejʃ/ - /trˈej/
<#_t-<#_t / ɾ-r / ˈe-ˈe / j_ʃ-j
{0: [0], 1: [1], 2: [2], 3: [3, 4]}
{0: [0], 1: [1], 2: [2], 3: [3]}
SCORE: 20.951

-------------------

/tˈẽpu/ - /tˈeŋpu/
<#_t-<#_t / ˈẽ-ˈe_ŋ / p-p / u-u
{0: [0], 1: [1], 2: [2], 3: [3]}
{0: [0], 1: [1, 2], 2: [3], 3: [4]}
SCORE: 26.798

-------------------

/tˈodu/ - /tˈytu/
<#_t-<#_t / ˈo_d-ˈy_t / u-u
{0: [0], 1: [1, 2], 2: [3]}
{0: [0], 1: [1, 2], 2: [3]}
SCORE: 19.443

-------------------

/tˈoduʃ/ - /tˈyti/
<#_t-<#_t / ˈo_d-ˈy_t / u_ʃ-i
{0: [0], 1: [1, 2], 2: [3, 4]}
{0: [0], 1: [1, 2], 2: [3]}
SCORE: 18.045

-------------------

/tˈowɾu/ - /tˈɔːu/
<#_t-<#_t / ˈo_w-ˈɔː / ɾ_u-u
{0: [0], 1: [1, 2], 2: [3, 4]}
{0: [0], 1: [1], 2: [2]}
SCORE: 18.189

-------------------

/tˈu/ - /tˈi/
<#_t-<#_t / ∅-ˈi / ˈu-∅
{0: [0], 1: None, 2: [1]}
{0: [0], 1: [1], 2: None}
SCORE: 1.871

-------------------

/tˈɛhɐ/ - /tˈɛːra/
<#_t-<#_t / ˈɛ-ˈɛː / h-r / ɐ-a
{0: [0], 1: [1], 2: [2], 3: [3]}
{0: [0], 1: [1], 2: [2], 3: [3]}
SCORE: 19.118

-------------------

/tˈɛʃtɐ/ - /tˈesta/
<#_t-<#_t / ˈɛ-ˈe / ʃ_t-s_t / ɐ-a
{0: [0], 1: [1], 2: [2, 3], 3: [4]}
{0: [0], 1: [1], 2: [2, 3], 3: [4]}
SCORE: 28.624

-------------------

/veɦɡˈõj̃ɐ/ - /verɡˈøɲa/
v-v / e-e / ɦ-r / ɡ-ɡ / ∅-ˈø / ˈõ-∅ / j̃-ɲ / ɐ-a
{0: [0], 1: [1], 2: [2], 3: [3], 4: None, 5: [4], 6: [5], 7: [6]}
{0: [0], 1: [1], 2: [2], 3: [3], 4: [4], 5: None, 6: [5], 7: [6]}
SCORE: 20.769

-------------------

/vilˈɐ̃w̃/ - /vilˈaŋ/
v-v / i-i / l-l / ˈɐ̃-ˈa / w̃_#>-ŋ_#>
{0: [0], 1: [1], 2: [2], 3: [3], 4: [4]}
{0: [0], 1: [1], 2: [2], 3: [3], 4: [4]}
SCORE: 28.036

-------------------

/vizˈĩj̃u/ - /veʒˈiŋ/
v-v / i-e / z-ʒ / ˈĩ-ˈi / j̃-ŋ / u_#>-#>
{0: [0], 1: [1], 2: [2], 3: [3], 4: [4], 5: [5]}
{0: [0], 1: [1], 2: [2], 3: [3], 4: [4], 5: None}
SCORE: 23.89

-------------------

/voˈah/ - /ʒwˈaː/
v-ʒ / o-w / ˈa_h-ˈaː
{0: [0], 1: [1], 2: [2, 3]}
{0: [0], 1: [1], 2: [2]}
SCORE: 14.361

-------------------

/vˈakɐ/ - /vˈaka/
v_ˈa-v_ˈa / k-k / ɐ-a
{0: [0, 1], 1: [2], 2: [3]}
{0: [0, 1], 1: [2], 2: [3]}
SCORE: 25.539

-------------------

/vˈeh/ - /vˈede/
v-v / ˈe-ˈe / h-d_e
{0: [0], 1: [1], 2: [2]}
{0: [0], 1: [1], 2: [2, 3]}
SCORE: 13.643

-------------------

/vˈeɦʤi/ - /vˈɛːrde/
v-v / ˈe-ˈɛː / ɦ-r / ʤ-d / i-e
{0: [0], 1: [1], 2: [2], 3: [3], 4: [4]}
{0: [0], 1: [1], 2: [2], 3: [3], 4: [4]}
SCORE: 21.482

-------------------

/vˈeʎu/ - /vˈeːʤu/
v-v / ˈe-ˈeː / ʎ-ʤ / u-u
{0: [0], 1: [1], 2: [2], 3: [3]}
{0: [0], 1: [1], 2: [2], 3: [3]}
SCORE: 23.635

-------------------

/vˈẽj̃u/ - /vˈeːɲu/
v-v / ˈẽ-ˈeː / j̃-ɲ / u-u
{0: [0], 1: [1], 2: [2], 3: [3]}
{0: [0], 1: [1], 2: [2], 3: [3]}
SCORE: 24.241

-------------------

/vˈẽtu/ - /vˈeŋtu/
v-v / ˈẽ-ˈe_ŋ / t-t / u-u
{0: [0], 1: [1], 2: [2], 3: [3]}
{0: [0], 1: [1, 2], 2: [3], 3: [4]}
SCORE: 24.721

-------------------

/vˈidɐ/ - /vˈita/
v-v / ˈi-ˈi / d-t / ɐ-a
{0: [0], 1: [1], 2: [2], 3: [3]}
{0: [0], 1: [1], 2: [2], 3: [3]}
SCORE: 20.53

-------------------

/vˈih/ - /veɲˈiː/
v-v / ∅-e / ∅-ɲ / ˈi_h-ˈiː
{0: [0], 1: None, 2: None, 3: [1, 2]}
{0: [0], 1: [1], 2: [2], 3: [3]}
SCORE: 2.948

-------------------

/vˈilɐ/ - /vˈila/
v-v / ˈi-ˈi / l-l / ɐ-a
{0: [0], 1: [1], 2: [2], 3: [3]}
{0: [0], 1: [1], 2: [2], 3: [3]}
SCORE: 25.109

-------------------

/vˈiɐ/ - /vˈiːa/
v-v / ˈi-ˈiː / ɐ-a
{0: [0], 1: [1], 2: [2]}
{0: [0], 1: [1], 2: [2]}
SCORE: 19.781

-------------------

/vˈĩj̃u/ - /vˈiŋ/
v-v / ˈĩ-ˈi / j̃-ŋ / u_#>-#>
{0: [0], 1: [1], 2: [2], 3: [3]}
{0: [0], 1: [1], 2: [2], 3: None}
SCORE: 15.895

-------------------

/vˈĩʧi/ - /vˈiŋti/
v-v / ˈĩ-ˈi_ŋ / ʧ-t / i-i
{0: [0], 1: [1], 2: [2], 3: [3]}
{0: [0], 1: [1, 2], 2: [3], 3: [4]}
SCORE: 22.794

-------------------

/vˈou/ - /ʒˈøːu/
v-ʒ / ˈo-ˈøː / u-u
{0: [0], 1: [1], 2: [2]}
{0: [0], 1: [1], 2: [2]}
SCORE: 14.875

-------------------

/vˈɔjʃ/ - /vjˈaːtri/
v-v / ˈɔ-j_ˈaː / j-t_r / ʃ_#>-i_#>
{0: [0], 1: [1], 2: [2], 3: [3]}
{0: [0], 1: [1, 2], 2: [3, 4], 3: [5]}
SCORE: 14.471

-------------------

/vˈɔjʃ/ - /vˈuːʒe/
v-v / ˈɔ-ˈuː / j_ʃ-ʒ_e
{0: [0], 1: [1], 2: [2, 3]}
{0: [0], 1: [1], 2: [2, 3]}
SCORE: 15.936

-------------------

/vˈɛɦmi/ - /vˈɛːrme/
v-v / ˈɛ-ˈɛː / ɦ-r / m-m / i-e
{0: [0], 1: [1], 2: [2], 3: [3], 4: [4]}
{0: [0], 1: [1], 2: [2], 3: [3], 4: [4]}
SCORE: 25.656

-------------------

/ɡɾˈaʃɐ/ - /ɡrˈaʃa/
<#_ɡ-<#_ɡ / ɾ-r / ˈa-ˈa / ʃ-ʃ / ɐ-a
{0: [0], 1: [1], 2: [2], 3: [3], 4: [4]}
{0: [0], 1: [1], 2: [2], 3: [3], 4: [4]}
SCORE: 28.625

-------------------

/ɡɾˈosu/ - /ɡrˈɔsu/
<#_ɡ-<#_ɡ / ɾ-r / ˈo-ˈɔ / s-s / u-u
{0: [0], 1: [1], 2: [2], 3: [3], 4: [4]}
{0: [0], 1: [1], 2: [2], 3: [3], 4: [4]}
SCORE: 26.934

-------------------

/ɡɾˈɐ̃w̃/ - /ɡrˈaŋ/
<#_ɡ-<#_ɡ / ɾ-r / ˈɐ̃-ˈa / w̃_#>-ŋ_#>
{0: [0], 1: [1], 2: [2], 3: [3]}
{0: [0], 1: [1], 2: [2], 3: [3]}
SCORE: 24.877

-------------------

/ɡɾˈɐ̃ʤi/ - /ɡrˈaŋde/
<#_ɡ-<#_ɡ / ɾ-r / ˈɐ̃-ˈa_ŋ / ʤ-d / i-e
{0: [0], 1: [1], 2: [2], 3: [3], 4: [4]}
{0: [0], 1: [1], 2: [2, 3], 3: [4], 4: [5]}
SCORE: 27.005

-------------------

/ɡˈatu/ - /ɡˈatu/
<#_ɡ-<#_ɡ / ˈa-ˈa / t-t / u-u
{0: [0], 1: [1], 2: [2], 3: [3]}
{0: [0], 1: [1], 2: [2], 3: [3]}
SCORE: 24.812

-------------------

/ɡˈotɐ/ - /ɡˈusa/
<#_ɡ-<#_ɡ / ˈo-ˈu / t-s / ɐ-a
{0: [0], 1: [1], 2: [2], 3: [3]}
{0: [0], 1: [1], 2: [2], 3: [3]}
SCORE: 21.38

-------------------

/ɡˈɔlɐ/ - /ɡˈuːa/
<#_ɡ-<#_ɡ / ˈɔ_l-ˈuː / ɐ-a
{0: [0], 1: [1, 2], 2: [3]}
{0: [0], 1: [1], 2: [2]}
SCORE: 16.769

-------------------

/ɡˈɔwpi/ - /kˈuːrpu/
<#_ɡ-<# / ∅-k / ˈɔ-ˈuː / w-r / p-p / i-u
{0: [0], 1: None, 2: [1], 3: [2], 4: [3], 5: [4]}
{0: None, 1: [0], 2: [1], 3: [2], 4: [3], 5: [4]}
SCORE: 7.986

-------------------

/ʃamˈah/ - /ʧamˈaː/
<#_ʃ-<#_ʧ / a-a / m-m / ˈa_h-ˈaː
{0: [0], 1: [1], 2: [2], 3: [3, 4]}
{0: [0], 1: [1], 2: [2], 3: [3]}
SCORE: 21.931

-------------------

/ʃoɾˈah/ - /ʧˈaŋze/
<#_ʃ-<#_ʧ / o-∅ / ɾ-∅ / ˈa-ˈa / ∅-ŋ / ∅-z / h-e
{0: [0], 1: [1], 2: [2], 3: [3], 4: None, 5: None, 6: [4]}
{0: [0], 1: None, 2: None, 3: [1], 4: [2], 5: [3], 6: [4]}
SCORE: -9.008

-------------------

/ʃˈaɡɐ/ - /ʧˈaːɡa/
<#_ʃ-<#_ʧ / ˈa-ˈaː / ɡ-ɡ / ɐ-a
{0: [0], 1: [1], 2: [2], 3: [3]}
{0: [0], 1: [1], 2: [2], 3: [3]}
SCORE: 24.412

-------------------

/ʃˈoh/ - /ʃˈuː/
ʃ-ʃ / ˈo_h-ˈuː
{0: [0], 1: [1, 2]}
{0: [0], 1: [1]}
SCORE: 11.32

-------------------

/ʃˈɐ̃mɐ/ - /ʃˈama/
ʃ-ʃ / ˈɐ̃-ˈa / m-m / ɐ-a
{0: [0], 1: [1], 2: [2], 3: [3]}
{0: [0], 1: [1], 2: [2], 3: [3]}
SCORE: 25.327

-------------------

/ʒeˈah/ - /zjˈaː/
<#_ʒ-<#_z / ∅-j / e-∅ / ˈa_h-ˈaː
{0: [0], 1: None, 2: [1], 3: [2, 3]}
{0: [0], 1: [1], 2: None, 3: [2]}
SCORE: 5.778

-------------------

/ʒẽʒˈivɐ/ - /zenzˈiːa/
<#_ʒ-<#_z / ∅-e / ∅-n / ẽ-∅ / ʒ-z / ˈi-ˈiː / v-∅ / ɐ-a
{0: [0], 1: None, 2: None, 3: [1], 4: [2], 5: [3], 6: [4], 7: [5]}
{0: [0], 1: [1], 2: [2], 3: None, 4: [3], 5: [4], 6: None, 7: [5]}
SCORE: 7.738

-------------------

/ʒuˈeʎu/ - /zenˈuʤu/
<#_ʒ-<#_z / u-∅ / ˈe-e / ∅-n / ∅-ˈu / ʎ-ʤ / u-u
{0: [0], 1: [1], 2: [2], 3: None, 4: None, 5: [3], 6: [4]}
{0: [0], 1: None, 2: [1], 3: [2], 4: [3], 5: [4], 6: [5]}
SCORE: 7.792

-------------------

/ʒuˈiʃ/ - /ʤˈydise/
ʒ-ʤ / ∅-ˈy / ∅-d / u-i / ˈi-∅ / ʃ-s / ∅-e
{0: [0], 1: None, 2: None, 3: [1], 4: [2], 5: [3], 6: None}
{0: [0], 1: [1], 2: [2], 3: [3], 4: None, 5: [4], 6: [5]}
SCORE: -5.252

-------------------

/ʒˈẽhu/ - /zˈenju/
<#_ʒ-<#_z / ˈẽ-ˈe / ∅-n / h-j / u-u
{0: [0], 1: [1], 2: None, 3: [2], 4: [3]}
{0: [0], 1: [1], 2: [2], 3: [3], 4: [4]}
SCORE: 14.918

-------------------

/ʒˈoɡu/ - /zˈøːɡu/
<#_ʒ-<#_z / ˈo-ˈøː / ɡ-ɡ / u-u
{0: [0], 1: [1], 2: [2], 3: [3]}
{0: [0], 1: [1], 2: [2], 3: [3]}
SCORE: 27.239

-------------------

/ʒˈũj̃u/ - /zˈyɲu/
<#_ʒ-<#_z / ˈũ-ˈy / j̃-ɲ / u-u
{0: [0], 1: [1], 2: [2], 3: [3]}
{0: [0], 1: [1], 2: [2], 3: [3]}
SCORE: 29.659

-------------------

/ʤizˈeh/ - /dˈiː/
ʤ-d / i-∅ / z-∅ / ˈe_h-ˈiː
{0: [0], 1: [1], 2: [2], 3: [3, 4]}
{0: [0], 1: None, 2: None, 3: [1]}
SCORE: -0.919

-------------------

/ʤˈiɡu/ - /dˈiɡu/
ʤ-d / ˈi-ˈi / ɡ-ɡ / u-u
{0: [0], 1: [1], 2: [2], 3: [3]}
{0: [0], 1: [1], 2: [2], 3: [3]}
SCORE: 23.79

-------------------

/ˈavi/ - /ɔːʒˈelu/
<#-<#_ɔː / ˈa-∅ / v-ʒ / ∅-ˈe / ∅-l / i-u
{0: None, 1: [0], 2: [1], 3: None, 4: None, 5: [2]}
{0: [0], 1: None, 2: [1], 3: [2], 4: [3], 5: [4]}
SCORE: -10.472

-------------------

/ˈawvɐ/ - /ˈaːrba/
ˈa-ˈaː / w-r / ∅-b / v-∅ / ɐ-a
{0: [0], 1: [1], 2: None, 3: [2], 4: [3]}
{0: [0], 1: [1], 2: [2], 3: None, 4: [3]}
SCORE: 4.404

-------------------

/ˈaɡwɐ/ - /ˈɛːɡwa/
<#_ˈa-<#_ˈɛː / ɡ-ɡ / w-w / ɐ-a
{0: [0], 1: [1], 2: [2], 3: [3]}
{0: [0], 1: [1], 2: [2], 3: [3]}
SCORE: 28.461

-------------------

/ˈaɦvoɾi/ - /ˈɛːrbu/
<#_ˈa-<#_ˈɛː / ɦ-∅ / v-∅ / o-∅ / ɾ-r / ∅-b / i-u
{0: [0], 1: [1], 2: [2], 3: [3], 4: [4], 5: None, 6: [5]}
{0: [0], 1: None, 2: None, 3: None, 4: [1], 5: [2], 6: [3]}
SCORE: -2.1

-------------------

/ˈaʎu/ - /ˈaʤu/
ˈa-ˈa / ʎ-ʤ / u-u
{0: [0], 1: [1], 2: [2]}
{0: [0], 1: [1], 2: [2]}
SCORE: 18.107

-------------------

/ˈĩswɐ/ - /ˈiswa/
ˈĩ-ˈi / s-s / w-w / ɐ-a
{0: [0], 1: [1], 2: [2], 3: [3]}
{0: [0], 1: [1], 2: [2], 3: [3]}
SCORE: 24.925

-------------------

/ˈojtu/ - /ˈøtu/
<#_ˈo-<#_ˈø / j_t-t / u-u
{0: [0], 1: [1, 2], 2: [3]}
{0: [0], 1: [1], 2: [2]}
SCORE: 18.663

-------------------

/ˈosu/ - /ˈɔsu/
ˈo-ˈɔ / s-s / u-u
{0: [0], 1: [1], 2: [2]}
{0: [0], 1: [1], 2: [2]}
SCORE: 16.573

-------------------

/ˈovu/ - /ˈøːvu/
ˈo-ˈøː / v-v / u-u
{0: [0], 1: [1], 2: [2]}
{0: [0], 1: [1], 2: [2]}
SCORE: 19.298

-------------------

/ˈowtɾu/ - /ˈaːtru/
<#_ˈo-<# / w-ˈaː / t-t / ɾ-r / u-u
{0: [0], 1: [1], 2: [2], 3: [3], 4: [4]}
{0: None, 1: [0], 2: [1], 3: [2], 4: [3]}
SCORE: 17.389

-------------------

/ˈowɾu/ - /ˈɔːu/
ˈo_w-ˈɔː / ɾ_u-u
{0: [0, 1], 1: [2, 3]}
{0: [0], 1: [1]}
SCORE: 11.633

-------------------

/ˈoʎu/ - /ˈøʤu/
<#_ˈo-<#_ˈø / ʎ-ʤ / u-u
{0: [0], 1: [1], 2: [2]}
{0: [0], 1: [1], 2: [2]}
SCORE: 22.423

-------------------

/ˈoʎuʃ/ - /ˈøʤi/
<#_ˈo-<#_ˈø / ʎ-ʤ / u_ʃ-i
{0: [0], 1: [1], 2: [2, 3]}
{0: [0], 1: [1], 2: [2]}
SCORE: 21.025

-------------------

/ˈõmẽj̃/ - /ˈɔmu/
ˈõ-ˈɔ / m-m / ∅-u / ẽ-∅ / j̃-∅
{0: [0], 1: [1], 2: None, 3: [2], 4: [3]}
{0: [0], 1: [1], 2: [2], 3: None, 4: None}
SCORE: -2.415

-------------------

/ˈusu/ - /ˈuːrsu/
ˈu-ˈuː / ∅-r / s-s / u-u
{0: [0], 1: None, 2: [1], 3: [2]}
{0: [0], 1: [1], 2: [2], 3: [3]}
SCORE: 10.63

-------------------

/ˈũ/ - /ˈyŋ/
ˈũ-ˈy / #>-ŋ_#>
{0: [0], 1: None}
{0: [0], 1: [1]}
SCORE: 14.414

-------------------

/ˈɐ̃nu/ - /ˈanu/
ˈɐ̃-ˈa / n-n / u-u
{0: [0], 1: [1], 2: [2]}
{0: [0], 1: [1], 2: [2]}
SCORE: 20.262

-------------------

/ˈɐ̃ʒu/ - /ˈanʤju/
ˈɐ̃-ˈa / ∅-n / ʒ-ʤ / ∅-j / u-u
{0: [0], 1: None, 2: [1], 3: None, 4: [2]}
{0: [0], 1: [1], 2: [2], 3: [3], 4: [4]}
SCORE: 9.463

-------------------

/ˈɔbɾɐ/ - /ˈøːvja/
ˈɔ-ˈøː / b-v / ɾ-j / ɐ-a
{0: [0], 1: [1], 2: [2], 3: [3]}
{0: [0], 1: [1], 2: [2], 3: [3]}
SCORE: 19.019

-------------------

/ˈɛlu/ - /anˈelu/
<#-<#_a / ∅-n / ˈɛ-ˈe / l-l / u-u
{0: None, 1: None, 2: [0], 3: [1], 4: [2]}
{0: [0], 1: [1], 2: [2], 3: [3], 4: [4]}
SCORE: 14.171

-------------------

/ˈɛlɐ/ - /lˈeː/
ˈɛ-∅ / l-l / ∅-ˈeː / ɐ_#>-#>
{0: [0], 1: [1], 2: None, 3: [2]}
{0: None, 1: [0], 2: [1], 3: None}
SCORE: -2.008
