/fan¹¹/ - /fan⁵⁵/
f-f / a-a / n-n / ¹¹-⁵⁵
{0: [0], 1: [1], 2: [2], 3: [3]}
{0: [0], 1: [1], 2: [2], 3: [3]}
SCORE: 12.68

-------------------

/fat̚⁵/ - /fap̚²/
f-f / a-a / t̚-p̚ / ⁵-²
{0: [0], 1: [1], 2: [2], 3: [3]}
{0: [0], 1: [1], 2: [2], 3: [3]}
SCORE: 10.698

-------------------

/fa¹¹/ - /vak̚⁵/
<#-<#_v / f-∅ / a-a / ∅-k̚ / ∅-⁵ / ¹¹-∅
{0: None, 1: [0], 2: [1], 3: None, 4: None, 5: [2]}
{0: [0], 1: None, 2: [1], 3: [2], 4: [3], 5: None}
SCORE: -21.926

-------------------

/fa⁴²/ - /fa²⁴/
f-f / a-a / ⁴²-²⁴
{0: [0], 1: [1], 2: [2]}
{0: [0], 1: [1], 2: [2]}
SCORE: 7.407

-------------------

/fo²¹³/ - /fo³¹/
f-f / o-o / ²¹³-³¹
{0: [0], 1: [1], 2: [2]}
{0: [0], 1: [1], 2: [2]}
SCORE: 8.343

-------------------

/fu¹¹/ - /fu⁵⁵/
f-f / u-u / ¹¹-⁵⁵
{0: [0], 1: [1], 2: [2]}
{0: [0], 1: [1], 2: [2]}
SCORE: 8.498

-------------------

/fuŋ³⁵/ - /fuŋ¹¹/
f-f / u-u / ŋ-ŋ / ³⁵-¹¹
{0: [0], 1: [1], 2: [2], 3: [3]}
{0: [0], 1: [1], 2: [2], 3: [3]}
SCORE: 10.88

-------------------

/fuŋ⁴²/ - /fuŋ²⁴/
f-f / u-u / ŋ-ŋ / ⁴²-²⁴
{0: [0], 1: [1], 2: [2], 3: [3]}
{0: [0], 1: [1], 2: [2], 3: [3]}
SCORE: 12.457

-------------------

/fɔŋ⁴²/ - /foŋ⁵⁵/
f-f / ɔ-o / ŋ-ŋ / ∅-⁵⁵ / ⁴²-∅
{0: [0], 1: [1], 2: [2], 3: None, 4: [3]}
{0: [0], 1: [1], 2: [2], 3: [3], 4: None}
SCORE: -1.695

-------------------

/fɨj³⁵/ - /fi¹¹/
f-f / ɨ_j-i / ³⁵-¹¹
{0: [0], 1: [1, 2], 2: [3]}
{0: [0], 1: [1], 2: [2]}
SCORE: 1.304

-------------------

/fɨj⁴²/ - /pi²⁴/
f-p / ɨ_j-i / ⁴²-²⁴
{0: [0], 1: [1, 2], 2: [3]}
{0: [0], 1: [1], 2: [2]}
SCORE: -2.313

-------------------

/fɨn⁴²/ - /pun²⁴/
f-p / ɨ-u / n-n / ⁴²-²⁴
{0: [0], 1: [1], 2: [2], 3: [3]}
{0: [0], 1: [1], 2: [2], 3: [3]}
SCORE: 6.895

-------------------

/haj²¹³/ - /hoj³¹/
h-h / a_j-o_j / ²¹³-³¹
{0: [0], 1: [1, 2], 2: [3]}
{0: [0], 1: [1, 2], 2: [3]}
SCORE: 11.963

-------------------

/haw²¹³/ - /ho³¹/
h-h / a_w-o / ²¹³-³¹
{0: [0], 1: [1, 2], 2: [3]}
{0: [0], 1: [1], 2: [2]}
SCORE: 4.463

-------------------

/hɔŋ²⁴/ - /hoŋ¹¹/
h-h / ɔ-o / ŋ-ŋ / ²⁴-¹¹
{0: [0], 1: [1], 2: [2], 3: [3]}
{0: [0], 1: [1], 2: [2], 3: [3]}
SCORE: 11.051

-------------------

/hɔʔ²/ - /hok̚⁵/
h-h / ɔ-o / ʔ-k̚ / ²-⁵
{0: [0], 1: [1], 2: [2], 3: [3]}
{0: [0], 1: [1], 2: [2], 3: [3]}
SCORE: 14.895

-------------------

/hɛt̚⁵/ - /het̚²/
h-h / ɛ-e / t̚-t̚ / ⁵-²
{0: [0], 1: [1], 2: [2], 3: [3]}
{0: [0], 1: [1], 2: [2], 3: [3]}
SCORE: 14.196

-------------------

/hɛw²⁴/ - /hew¹¹/
h-h / ɛ-e / w-w / ²⁴-¹¹
{0: [0], 1: [1], 2: [2], 3: [3]}
{0: [0], 1: [1], 2: [2], 3: [3]}
SCORE: 12.192

-------------------

/in⁴²/ - /im²⁴/
i-i / n-m / ⁴²-²⁴
{0: [0], 1: [1], 2: [2]}
{0: [0], 1: [1], 2: [2]}
SCORE: 4.635

-------------------

/it̚⁵/ - /it̚²/
i-i / t̚-t̚ / ⁵-²
{0: [0], 1: [1], 2: [2]}
{0: [0], 1: [1], 2: [2]}
SCORE: 7.477

-------------------

/jɔŋ³⁵/ - /joŋ²⁴/
j-j / ɔ-o / ŋ-ŋ / ³⁵-²⁴
{0: [0], 1: [1], 2: [2], 3: [3]}
{0: [0], 1: [1], 2: [2], 3: [3]}
SCORE: 6.358

-------------------

/kaw⁴²/ - /ko²⁴/
k-k / a_w-o / ⁴²-²⁴
{0: [0], 1: [1, 2], 2: [3]}
{0: [0], 1: [1], 2: [2]}
SCORE: 4.076

-------------------

/ka⁴²/ - /ka²⁴/
k-k / a-a / ⁴²-²⁴
{0: [0], 1: [1], 2: [2]}
{0: [0], 1: [1], 2: [2]}
SCORE: 7.453

-------------------

/kuŋ⁴²/ - /kuŋ²⁴/
k-k / u-u / ŋ-ŋ / ⁴²-²⁴
{0: [0], 1: [1], 2: [2], 3: [3]}
{0: [0], 1: [1], 2: [2], 3: [3]}
SCORE: 12.504

-------------------

/kwɛt̚⁵/ - /kwet̚²/
k-k / w-w / ɛ-e / t̚-t̚ / ⁵-²
{0: [0], 1: [1], 2: [2], 3: [3], 4: [4]}
{0: [0], 1: [1], 2: [2], 3: [3], 4: [4]}
SCORE: 19.514

-------------------

/kɵn²¹³/ - /kam³¹/
k-k / ɵ-a / n-m / ²¹³-³¹
{0: [0], 1: [1], 2: [2], 3: [3]}
{0: [0], 1: [1], 2: [2], 3: [3]}
SCORE: 8.701

-------------------

/kʰaj⁴²/ - /kʰoj²⁴/
kʰ-kʰ / a_j-o_j / ⁴²-²⁴
{0: [0], 1: [1, 2], 2: [3]}
{0: [0], 1: [1, 2], 2: [3]}
SCORE: 11.813

-------------------

/kʰaʔ⁵/ - /hak̚²/
kʰ-h / a-a / ʔ-k̚ / ⁵-²
{0: [0], 1: [1], 2: [2], 3: [3]}
{0: [0], 1: [1], 2: [2], 3: [3]}
SCORE: 3.906

-------------------

/kʰjɛw²¹³/ - /hew³¹/
kʰ-h / j_ɛ-e / w-w / ²¹³-³¹
{0: [0], 1: [1, 2], 2: [3], 3: [4]}
{0: [0], 1: [1], 2: [2], 3: [3]}
SCORE: 1.647

-------------------

/kʰu²¹³/ - /fu³¹/
∅-f / kʰ-∅ / u-u / ²¹³-³¹
{0: None, 1: [0], 2: [1], 3: [2]}
{0: [0], 1: None, 2: [1], 3: [2]}
SCORE: -8.125

-------------------

/kʰwaj²¹³/ - /kʰwaj⁵⁵/
kʰ-kʰ / w-w / a-a / j-j / ²¹³-⁵⁵
{0: [0], 1: [1], 2: [2], 3: [3], 4: [4]}
{0: [0], 1: [1], 2: [2], 3: [3], 4: [4]}
SCORE: 13.87

-------------------

/kʰɵn²¹³/ - /kʰon⁵⁵/
kʰ-kʰ / ɵ-o / n-n / ²¹³-⁵⁵
{0: [0], 1: [1], 2: [2], 3: [3]}
{0: [0], 1: [1], 2: [2], 3: [3]}
SCORE: 7.96

-------------------

/laj³⁵/ - /loj¹¹/
l-l / a_j-o_j / ³⁵-¹¹
{0: [0], 1: [1, 2], 2: [3]}
{0: [0], 1: [1, 2], 2: [3]}
SCORE: 10.073

-------------------

/lan³⁵/ - /nam¹¹/
<#_l-<#_n / a_n-a_m / ³⁵-¹¹
{0: [0], 1: [1, 2], 2: [3]}
{0: [0], 1: [1, 2], 2: [3]}
SCORE: 6.671

-------------------

/law²¹³/ - /lo³¹/
l-l / a_w-o / ²¹³-³¹
{0: [0], 1: [1, 2], 2: [3]}
{0: [0], 1: [1], 2: [2]}
SCORE: 4.665

-------------------

/laŋ²¹³/ - /laŋ²⁴/
l-l / a-a / ŋ-ŋ / ²¹³-²⁴
{0: [0], 1: [1], 2: [2], 3: [3]}
{0: [0], 1: [1], 2: [2], 3: [3]}
SCORE: 9.212

-------------------

/ljuʔ⁵/ - /ljuk̚²/
l-l / j-j / u-u / ʔ-k̚ / ⁵-²
{0: [0], 1: [1], 2: [2], 3: [3], 4: [4]}
{0: [0], 1: [1], 2: [2], 3: [3], 4: [4]}
SCORE: 17.472

-------------------

/ljuʔ⁵/ - /ljuk̚⁵/
l-l / j-j / u-u / ʔ-k̚ / ⁵-⁵
{0: [0], 1: [1], 2: [2], 3: [3], 4: [4]}
{0: [0], 1: [1], 2: [2], 3: [3], 4: [4]}
SCORE: 17.252

-------------------

/ljɛw²¹³/ - /ljaw³¹/
l-l / j-j_a / ɛ-∅ / w-w / ²¹³-³¹
{0: [0], 1: [1], 2: [2], 3: [3], 4: [4]}
{0: [0], 1: [1, 2], 2: None, 3: [3], 4: [4]}
SCORE: 5.037

-------------------

/lɛt̚⁵/ - /ɲjet̚⁵/
<#_l-<# / ∅-ɲ / ∅-j / ɛ-e / t̚-t̚ / ⁵-⁵
{0: [0], 1: None, 2: None, 3: [1], 4: [2], 5: [3]}
{0: None, 1: [0], 2: [1], 3: [2], 4: [3], 5: [4]}
SCORE: -6.042

-------------------

/lɵn²¹³/ - /lon³¹/
l-l / ɵ-o / n-n / ²¹³-³¹
{0: [0], 1: [1], 2: [2], 3: [3]}
{0: [0], 1: [1], 2: [2], 3: [3]}
SCORE: 11.503

-------------------

/ma²¹³/ - /ma²⁴/
m-m / a-a / ²¹³-²⁴
{0: [0], 1: [1], 2: [2]}
{0: [0], 1: [1], 2: [2]}
SCORE: 3.862

-------------------

/min³⁵/ - /maŋ¹¹/
m-m / i_n-a_ŋ / ³⁵-¹¹
{0: [0], 1: [1, 2], 2: [3]}
{0: [0], 1: [1, 2], 2: [3]}
SCORE: 5.995

-------------------

/mi²¹³/ - /mi²⁴/
m-m / i-i / ²¹³-²⁴
{0: [0], 1: [1], 2: [2]}
{0: [0], 1: [1], 2: [2]}
SCORE: 4.509

-------------------

/mjaŋ³⁵/ - /mjaŋ¹¹/
m-m / j-j / a-a / ŋ-ŋ / ³⁵-¹¹
{0: [0], 1: [1], 2: [2], 3: [3], 4: [4]}
{0: [0], 1: [1], 2: [2], 3: [3], 4: [4]}
SCORE: 14.072

-------------------

/mo³⁵/ - /mo²⁴/
m-m / o-o / ³⁵-²⁴
{0: [0], 1: [1], 2: [2]}
{0: [0], 1: [1], 2: [2]}
SCORE: 3.423

-------------------

/mu²¹³/ - /mu²⁴/
m-m / u-u / ²¹³-²⁴
{0: [0], 1: [1], 2: [2]}
{0: [0], 1: [1], 2: [2]}
SCORE: 4.266

-------------------

/mwʔ⁵/ - /muk̚²/
m-m / w-u / ʔ-k̚ / ⁵-²
{0: [0], 1: [1], 2: [2], 3: [3]}
{0: [0], 1: [1], 2: [2], 3: [3]}
SCORE: 9.493

-------------------

/nʲin³⁵/ - /ɲin¹¹/
nʲ-ɲ / i-i / n-n / ³⁵-¹¹
{0: [0], 1: [1], 2: [2], 3: [3]}
{0: [0], 1: [1], 2: [2], 3: [3]}
SCORE: 11.047

-------------------

/nʲit̚⁵/ - /ɲit̚²/
nʲ-ɲ / i-i / t̚-t̚ / ⁵-²
{0: [0], 1: [1], 2: [2], 3: [3]}
{0: [0], 1: [1], 2: [2], 3: [3]}
SCORE: 13.913

-------------------

/nʲiw³⁵/ - /ɲju¹¹/
nʲ-ɲ / i_w-j_u / ³⁵-¹¹
{0: [0], 1: [1, 2], 2: [3]}
{0: [0], 1: [1, 2], 2: [3]}
SCORE: 8.246

-------------------

/nʲjuʔ⁵/ - /ɲjuk̚²/
nʲ-ɲ / j-j / u-u / ʔ-k̚ / ⁵-²
{0: [0], 1: [1], 2: [2], 3: [3], 4: [4]}
{0: [0], 1: [1], 2: [2], 3: [3], 4: [4]}
SCORE: 17.335

-------------------

/nʲjɛn³⁵/ - /ɲjen¹¹/
nʲ-ɲ / j-j / ɛ-e / n-n / ³⁵-¹¹
{0: [0], 1: [1], 2: [2], 3: [3], 4: [4]}
{0: [0], 1: [1], 2: [2], 3: [3], 4: [4]}
SCORE: 15.575

-------------------

/nʲɥɵt̚²/ - /ɲjet̚⁵/
nʲ-ɲ / ɥ-j / ɵ-e / t̚-t̚ / ²-⁵
{0: [0], 1: [1], 2: [2], 3: [3], 4: [4]}
{0: [0], 1: [1], 2: [2], 3: [3], 4: [4]}
SCORE: 18.321

-------------------

/pat̚⁵/ - /pat̚²/
p-p / a-a / t̚-t̚ / ⁵-²
{0: [0], 1: [1], 2: [2], 3: [3]}
{0: [0], 1: [1], 2: [2], 3: [3]}
SCORE: 13.986

-------------------

/pɛt̚⁵/ - /pak̚²/
p-p / ∅-a / ∅-k̚ / ɛ-∅ / t̚-∅ / ⁵-²
{0: [0], 1: None, 2: None, 3: [1], 4: [2], 5: [3]}
{0: [0], 1: [1], 2: [2], 3: None, 4: None, 5: [3]}
SCORE: -16.15

-------------------

/pɛt̚⁵/ - /pet̚²/
p-p / ɛ-e / t̚-t̚ / ⁵-²
{0: [0], 1: [1], 2: [2], 3: [3]}
{0: [0], 1: [1], 2: [2], 3: [3]}
SCORE: 14.981

-------------------

/pɨn²¹³/ - /pun³¹/
p-p / ɨ-u / n-n / ²¹³-³¹
{0: [0], 1: [1], 2: [2], 3: [3]}
{0: [0], 1: [1], 2: [2], 3: [3]}
SCORE: 13.309

-------------------

/pɨt̚⁵/ - /put̚²/
p-p / ɨ-u / t̚-t̚ / ⁵-²
{0: [0], 1: [1], 2: [2], 3: [3]}
{0: [0], 1: [1], 2: [2], 3: [3]}
SCORE: 14.082

-------------------

/pʰin²¹³/ - /pʰin³¹/
pʰ-pʰ / i-i / n-n / ²¹³-³¹
{0: [0], 1: [1], 2: [2], 3: [3]}
{0: [0], 1: [1], 2: [2], 3: [3]}
SCORE: 13.859

-------------------

/pʰin²⁴/ - /pʰin¹¹/
pʰ-pʰ / i-i / n-n / ²⁴-¹¹
{0: [0], 1: [1], 2: [2], 3: [3]}
{0: [0], 1: [1], 2: [2], 3: [3]}
SCORE: 12.025

-------------------

/pʰi²⁴/ - /pʰi¹¹/
pʰ-pʰ / i-i / ²⁴-¹¹
{0: [0], 1: [1], 2: [2]}
{0: [0], 1: [1], 2: [2]}
SCORE: 7.439

-------------------

/pʰjaŋ²⁴/ - /pʰjaŋ¹¹/
pʰ-pʰ / j-j / a-a / ŋ-ŋ / ²⁴-¹¹
{0: [0], 1: [1], 2: [2], 3: [3], 4: [4]}
{0: [0], 1: [1], 2: [2], 3: [3], 4: [4]}
SCORE: 15.618

-------------------

/pʰɵn²⁴/ - /pʰan¹¹/
pʰ-pʰ / ɵ-a / n-n / ²⁴-¹¹
{0: [0], 1: [1], 2: [2], 3: [3]}
{0: [0], 1: [1], 2: [2], 3: [3]}
SCORE: 9.078

-------------------

/san⁴²/ - /sam²⁴/
s-s / a_n-a_m / ⁴²-²⁴
{0: [0], 1: [1, 2], 2: [3]}
{0: [0], 1: [1, 2], 2: [3]}
SCORE: 11.224

-------------------

/san⁴²/ - /san²⁴/
s-s / a-a / n-n / ⁴²-²⁴
{0: [0], 1: [1], 2: [2], 3: [3]}
{0: [0], 1: [1], 2: [2], 3: [3]}
SCORE: 11.418

-------------------

/sa³⁵/ - /sa¹¹/
s-s / a-a / ³⁵-¹¹
{0: [0], 1: [1], 2: [2]}
{0: [0], 1: [1], 2: [2]}
SCORE: 5.253

-------------------

/saŋ³⁵/ - /saŋ¹¹/
s-s / a-a / ŋ-ŋ / ³⁵-¹¹
{0: [0], 1: [1], 2: [2], 3: [3]}
{0: [0], 1: [1], 2: [2], 3: [3]}
SCORE: 9.9

-------------------

/saʔ²/ - /sak̚⁵/
s-s / a-a / ʔ-k̚ / ²-⁵
{0: [0], 1: [1], 2: [2], 3: [3]}
{0: [0], 1: [1], 2: [2], 3: [3]}
SCORE: 14.003

-------------------

/suj²¹³/ - /suj³¹/
s-s / u-u / j-j / ²¹³-³¹
{0: [0], 1: [1], 2: [2], 3: [3]}
{0: [0], 1: [1], 2: [2], 3: [3]}
SCORE: 11.93

-------------------

/sz̩²¹³/ - /ɕi³¹/
∅-ɕ / s-∅ / z̩-i / ²¹³-³¹
{0: None, 1: [0], 2: [1], 3: [2]}
{0: [0], 1: None, 2: [1], 3: [2]}
SCORE: -12.967

-------------------

/sz̩¹¹/ - /sɨ⁵⁵/
s-s / z̩-ɨ / ¹¹-⁵⁵
{0: [0], 1: [1], 2: [2]}
{0: [0], 1: [1], 2: [2]}
SCORE: 6.148

-------------------

/sz̩⁴²/ - /sɨ²⁴/
s-s / z̩-ɨ / ⁴²-²⁴
{0: [0], 1: [1], 2: [2]}
{0: [0], 1: [1], 2: [2]}
SCORE: 5.461

-------------------

/sɔŋ¹¹/ - /soŋ⁵⁵/
s-s / ɔ-o / ŋ-ŋ / ¹¹-⁵⁵
{0: [0], 1: [1], 2: [2], 3: [3]}
{0: [0], 1: [1], 2: [2], 3: [3]}
SCORE: 12.563

-------------------

/sɛt̚⁵/ - /set̚²/
s-s / ɛ-e / t̚-t̚ / ⁵-²
{0: [0], 1: [1], 2: [2], 3: [3]}
{0: [0], 1: [1], 2: [2], 3: [3]}
SCORE: 13.702

-------------------

/sɛw²¹³/ - /sew³¹/
s-s / ɛ-e / w-w / ²¹³-³¹
{0: [0], 1: [1], 2: [2], 3: [3]}
{0: [0], 1: [1], 2: [2], 3: [3]}
SCORE: 13.532

-------------------

/sɨw²¹³/ - /su³¹/
s-s / ɨ-u / w-∅ / ²¹³-³¹
{0: [0], 1: [1], 2: [2], 3: [3]}
{0: [0], 1: [1], 2: None, 3: [2]}
SCORE: 2.443

-------------------

/to⁴²/ - /to²⁴/
t-t / o-o / ⁴²-²⁴
{0: [0], 1: [1], 2: [2]}
{0: [0], 1: [1], 2: [2]}
SCORE: 6.405

-------------------

/tuŋ⁴²/ - /tuŋ²⁴/
t-t / u-u / ŋ-ŋ / ⁴²-²⁴
{0: [0], 1: [1], 2: [2], 3: [3]}
{0: [0], 1: [1], 2: [2], 3: [3]}
SCORE: 11.035

-------------------

/tʰaj¹¹/ - /tʰaj⁵⁵/
tʰ-tʰ / a-a / j-j / ¹¹-⁵⁵
{0: [0], 1: [1], 2: [2], 3: [3]}
{0: [0], 1: [1], 2: [2], 3: [3]}
SCORE: 12.273

-------------------

/tʰi²¹³/ - /tʰi³¹/
tʰ-tʰ / i-i / ²¹³-³¹
{0: [0], 1: [1], 2: [2]}
{0: [0], 1: [1], 2: [2]}
SCORE: 8.569

-------------------

/tʰi¹¹/ - /tʰi⁵⁵/
tʰ-tʰ / i-i / ¹¹-⁵⁵
{0: [0], 1: [1], 2: [2]}
{0: [0], 1: [1], 2: [2]}
SCORE: 8.741

-------------------

/tʰjaŋ⁴²/ - /tʰaŋ²⁴/
tʰ-tʰ / j_a-a / ŋ-ŋ / ⁴²-²⁴
{0: [0], 1: [1, 2], 2: [3], 3: [4]}
{0: [0], 1: [1], 2: [2], 3: [3]}
SCORE: 8.822

-------------------

/tʰjɛn⁴²/ - /tʰjen²⁴/
tʰ-tʰ / j-j / ɛ-e / n-n / ⁴²-²⁴
{0: [0], 1: [1], 2: [2], 3: [3], 4: [4]}
{0: [0], 1: [1], 2: [2], 3: [3], 4: [4]}
SCORE: 17.169

-------------------

/tʰuŋ¹¹/ - /tʰuŋ⁵⁵/
tʰ-tʰ / u-u / ŋ-ŋ / ¹¹-⁵⁵
{0: [0], 1: [1], 2: [2], 3: [3]}
{0: [0], 1: [1], 2: [2], 3: [3]}
SCORE: 13.144

-------------------

/tʰɔŋ²⁴/ - /tʰoŋ¹¹/
tʰ-tʰ / ɔ-o / ŋ-ŋ / ²⁴-¹¹
{0: [0], 1: [1], 2: [2], 3: [3]}
{0: [0], 1: [1], 2: [2], 3: [3]}
SCORE: 11.133

-------------------

/tʰɔŋ⁴²/ - /tʰoŋ²⁴/
tʰ-tʰ / ɔ-o / ŋ-ŋ / ⁴²-²⁴
{0: [0], 1: [1], 2: [2], 3: [3]}
{0: [0], 1: [1], 2: [2], 3: [3]}
SCORE: 12.451

-------------------

/tʰɛw²⁴/ - /tʰew¹¹/
tʰ-tʰ / ɛ-e / w-w / ²⁴-¹¹
{0: [0], 1: [1], 2: [2], 3: [3]}
{0: [0], 1: [1], 2: [2], 3: [3]}
SCORE: 12.274

-------------------

/un³⁵/ - /vun¹¹/
<#-<#_v / u-u / n-n / ³⁵-¹¹
{0: None, 1: [0], 2: [1], 3: [2]}
{0: [0], 1: [1], 2: [2], 3: [3]}
SCORE: 5.634

-------------------

/un¹¹/ - /mun⁵⁵/
∅-m / u-u / n-n / ¹¹-⁵⁵
{0: None, 1: [0], 2: [1], 3: [2]}
{0: [0], 1: [1], 2: [2], 3: [3]}
SCORE: 1.633

-------------------

/ut̚⁵/ - /vut̚⁵/
<#-<#_v / u-u / t̚-t̚ / ⁵-⁵
{0: None, 1: [0], 2: [1], 3: [2]}
{0: [0], 1: [1], 2: [2], 3: [3]}
SCORE: 8.281

-------------------

/waj¹¹/ - /ŋoj⁵⁵/
<#_w-<# / ∅-ŋ / a_j-o_j / ¹¹-⁵⁵
{0: [0], 1: None, 2: [1, 2], 3: [3]}
{0: None, 1: [0], 2: [1, 2], 3: [3]}
SCORE: -2.834

-------------------

/wan²¹³/ - /van³¹/
<#_w-<#_v / a-a / n-n / ²¹³-³¹
{0: [0], 1: [1], 2: [2], 3: [3]}
{0: [0], 1: [1], 2: [2], 3: [3]}
SCORE: 7.528

-------------------

/wo³⁵/ - /vo²⁴/
<#_w-<#_v / o-o / ³⁵-²⁴
{0: [0], 1: [1], 2: [2]}
{0: [0], 1: [1], 2: [2]}
SCORE: -0.974

-------------------

/wɔŋ³⁵/ - /voŋ¹¹/
<#_w-<#_v / ɔ-o / ŋ-ŋ / ³⁵-¹¹
{0: [0], 1: [1], 2: [2], 3: [3]}
{0: [0], 1: [1], 2: [2], 3: [3]}
SCORE: 5.894

-------------------

/yn³⁵/ - /jun¹¹/
∅-j / ∅-u / y-∅ / n-n / ³⁵-¹¹
{0: None, 1: None, 2: [0], 3: [1], 4: [2]}
{0: [0], 1: [1], 2: None, 3: [2], 4: [3]}
SCORE: -15.303

-------------------

/y²¹³/ - /i³¹/
y-i / ²¹³-³¹
{0: [0], 1: [1]}
{0: [0], 1: [1]}
SCORE: -1.133

-------------------

/ŋaj³⁵/ - /oj⁵⁵/
ŋ-∅ / a_j-o_j / ³⁵-⁵⁵
{0: [0], 1: [1, 2], 2: [3]}
{0: None, 1: [0, 1], 2: [2]}
SCORE: -2.632

-------------------

/ŋa³⁵/ - /ŋa¹¹/
ŋ-ŋ / a-a / ³⁵-¹¹
{0: [0], 1: [1], 2: [2]}
{0: [0], 1: [1], 2: [2]}
SCORE: 4.024

-------------------

/ŋjɛn⁴²/ - /en²⁴/
ŋ-∅ / j_ɛ-e / n-n / ⁴²-²⁴
{0: [0], 1: [1, 2], 2: [3], 3: [4]}
{0: None, 1: [0], 2: [1], 3: [2]}
SCORE: -2.062

-------------------

/ŋo²¹³/ - /ŋo²⁴/
ŋ-ŋ / o-o / ²¹³-²⁴
{0: [0], 1: [1], 2: [2]}
{0: [0], 1: [1], 2: [2]}
SCORE: 3.061

-------------------

/ŋɵn⁴²/ - /on²⁴/
ŋ-∅ / ɵ-o / n-n / ⁴²-²⁴
{0: [0], 1: [1], 2: [2], 3: [3]}
{0: None, 1: [0], 2: [1], 3: [2]}
SCORE: -0.585

-------------------

/ɕin⁴²/ - /ɕin²⁴/
ɕ-ɕ / i-i / n-n / ⁴²-²⁴
{0: [0], 1: [1], 2: [2], 3: [3]}
{0: [0], 1: [1], 2: [2], 3: [3]}
SCORE: 13.697

-------------------

/ɕi⁴²/ - /ɕi²⁴/
ɕ-ɕ / i-i / ⁴²-²⁴
{0: [0], 1: [1], 2: [2]}
{0: [0], 1: [1], 2: [2]}
SCORE: 9.11

-------------------

/ɕjɛw²¹³/ - /sew³¹/
ɕ_j-s / ɛ-e / w-w / ²¹³-³¹
{0: [0, 1], 1: [2], 2: [3], 3: [4]}
{0: [0], 1: [1], 2: [2], 3: [3]}
SCORE: 8.42

-------------------

/ɕjɛw³⁵/ - /sew⁵⁵/
ɕ_j-s / ɛ-e / w-w / ³⁵-⁵⁵
{0: [0, 1], 1: [2], 2: [3], 3: [4]}
{0: [0], 1: [1], 2: [2], 3: [3]}
SCORE: 5.195

-------------------

/ɕy²¹³/ - /hi³¹/
∅-h / ɕ-∅ / y-i / ²¹³-³¹
{0: None, 1: [0], 2: [1], 3: [2]}
{0: [0], 1: None, 2: [1], 3: [2]}
SCORE: -11.133

-------------------

/ɕɥɵt̚⁵/ - /ɕjet̚²/
ɕ-ɕ / ɥ-j / ɵ-e / t̚-t̚ / ⁵-²
{0: [0], 1: [1], 2: [2], 3: [3], 4: [4]}
{0: [0], 1: [1], 2: [2], 3: [3], 4: [4]}
SCORE: 17.581

-------------------

/ɥɵn³⁵/ - /jen¹¹/
ɥ-j / ɵ-e / n-n / ³⁵-¹¹
{0: [0], 1: [1], 2: [2], 3: [3]}
{0: [0], 1: [1], 2: [2], 3: [3]}
SCORE: 7.206

-------------------

/ɵ³⁵/ - /i¹¹/
ɵ-i / ³⁵-¹¹
{0: [0], 1: [1]}
{0: [0], 1: [1]}
SCORE: -1.964

-------------------

/ɵ¹¹/ - /ɲi⁵⁵/
∅-ɲ / ɵ-i / ¹¹-⁵⁵
{0: None, 1: [0], 2: [1]}
{0: [0], 1: [1], 2: [2]}
SCORE: -4.699

-------------------

/ʦaj⁴²/ - /ʦaj²⁴/
ʦ-ʦ / a-a / j-j / ⁴²-²⁴
{0: [0], 1: [1], 2: [2], 3: [3]}
{0: [0], 1: [1], 2: [2], 3: [3]}
SCORE: 12.31

-------------------

/ʦuŋ⁴²/ - /tuŋ²⁴/
ʦ-t / u-u / ŋ-ŋ / ⁴²-²⁴
{0: [0], 1: [1], 2: [2], 3: [3]}
{0: [0], 1: [1], 2: [2], 3: [3]}
SCORE: 7.71

-------------------

/ʦz̩²¹³/ - /ʦɨ³¹/
ʦ-ʦ / z̩-ɨ / ²¹³-³¹
{0: [0], 1: [1], 2: [2]}
{0: [0], 1: [1], 2: [2]}
SCORE: 7.275

-------------------

/ʦz̩⁴²/ - /ti²⁴/
ʦ-t / z̩-i / ⁴²-²⁴
{0: [0], 1: [1], 2: [2]}
{0: [0], 1: [1], 2: [2]}
SCORE: -1.778

-------------------

/ʦɔʔ⁵/ - /ʦok̚²/
ʦ-ʦ / ɔ-o / ʔ-k̚ / ⁵-²
{0: [0], 1: [1], 2: [2], 3: [3]}
{0: [0], 1: [1], 2: [2], 3: [3]}
SCORE: 13.888

-------------------

/ʦɨw⁴²/ - /ʦu²⁴/
ʦ-ʦ / ɨ-u / w-∅ / ⁴²-²⁴
{0: [0], 1: [1], 2: [2], 3: [3]}
{0: [0], 1: [1], 2: None, 3: [2]}
SCORE: 3.227

-------------------

/ʦʰaj²¹³/ - /ʦʰoj⁵⁵/
ʦʰ-ʦʰ / a_j-o_j / ²¹³-⁵⁵
{0: [0], 1: [1, 2], 2: [3]}
{0: [0], 1: [1, 2], 2: [3]}
SCORE: 8.355

-------------------

/ʦʰaw²¹³/ - /ʦʰo³¹/
ʦʰ-ʦʰ / a_w-o / ²¹³-³¹
{0: [0], 1: [1, 2], 2: [3]}
{0: [0], 1: [1], 2: [2]}
SCORE: 4.558

-------------------

/ʦʰa²⁴/ - /ʦʰa¹¹/
ʦʰ-ʦʰ / a-a / ²⁴-¹¹
{0: [0], 1: [1], 2: [2]}
{0: [0], 1: [1], 2: [2]}
SCORE: 6.102

-------------------

/ʦʰa⁴²/ - /ʦʰa²⁴/
ʦʰ-ʦʰ / a-a / ⁴²-²⁴
{0: [0], 1: [1], 2: [2]}
{0: [0], 1: [1], 2: [2]}
SCORE: 7.42

-------------------

/ʦʰun⁴²/ - /ʦʰun²⁴/
ʦʰ-ʦʰ / u-u / n-n / ⁴²-²⁴
{0: [0], 1: [1], 2: [2], 3: [3]}
{0: [0], 1: [1], 2: [2], 3: [3]}
SCORE: 12.411

-------------------

/ʦʰu²¹³/ - /ʦʰu⁵⁵/
ʦʰ-ʦʰ / u-u / ²¹³-⁵⁵
{0: [0], 1: [1], 2: [2]}
{0: [0], 1: [1], 2: [2]}
SCORE: 4.636

-------------------

/ʦʰuŋ²⁴/ - /ʦʰuŋ¹¹/
ʦʰ-ʦʰ / u-u / ŋ-ŋ / ²⁴-¹¹
{0: [0], 1: [1], 2: [2], 3: [3]}
{0: [0], 1: [1], 2: [2], 3: [3]}
SCORE: 11.152

-------------------

/ʦʰɔŋ²⁴/ - /ʦʰoŋ¹¹/
ʦʰ-ʦʰ / ɔ-o / ŋ-ŋ / ²⁴-¹¹
{0: [0], 1: [1], 2: [2], 3: [3]}
{0: [0], 1: [1], 2: [2], 3: [3]}
SCORE: 11.146

-------------------

/ʦʰɨt̚⁵/ - /ʦʰut̚²/
ʦʰ-ʦʰ / ɨ-u / t̚-t̚ / ⁵-²
{0: [0], 1: [1], 2: [2], 3: [3]}
{0: [0], 1: [1], 2: [2], 3: [3]}
SCORE: 13.392

-------------------

/ʦʰɵn⁴²/ - /ʦʰon²⁴/
ʦʰ-ʦʰ / ɵ-o / n-n / ⁴²-²⁴
{0: [0], 1: [1], 2: [2], 3: [3]}
{0: [0], 1: [1], 2: [2], 3: [3]}
SCORE: 10.88

-------------------

/ʨin⁴²/ - /kim²⁴/
ʨ-k / i-i / n-m / ⁴²-²⁴
{0: [0], 1: [1], 2: [2], 3: [3]}
{0: [0], 1: [1], 2: [2], 3: [3]}
SCORE: 9.797

-------------------

/ʨiw²¹³/ - /kju³¹/
ʨ-k / i_w-j_u / ²¹³-³¹
{0: [0], 1: [1, 2], 2: [3]}
{0: [0], 1: [1, 2], 2: [3]}
SCORE: 9.065

-------------------

/ʨi⁴²/ - /kje²⁴/
ʨ-k / i-j / ∅-e / ⁴²-²⁴
{0: [0], 1: [1], 2: None, 3: [2]}
{0: [0], 1: [1], 2: [2], 3: [3]}
SCORE: -1.631

-------------------

/ʨjuŋ¹¹/ - /kʰjuŋ⁵⁵/
∅-kʰ / ʨ-∅ / j-j / u-u / ŋ-ŋ / ¹¹-⁵⁵
{0: None, 1: [0], 2: [1], 3: [2], 4: [3], 5: [4]}
{0: [0], 1: None, 2: [1], 3: [2], 4: [3], 5: [4]}
SCORE: 0.873

-------------------

/ʨjuʔ⁵/ - /ʨjuk̚²/
ʨ-ʨ / j-j / u-u / ʔ-k̚ / ⁵-²
{0: [0], 1: [1], 2: [2], 3: [3], 4: [4]}
{0: [0], 1: [1], 2: [2], 3: [3], 4: [4]}
SCORE: 18.546

-------------------

/ʨjɛn³⁵/ - /kjen⁵⁵/
ʨ-k / j-j / ɛ-e / n-n / ³⁵-⁵⁵
{0: [0], 1: [1], 2: [2], 3: [3], 4: [4]}
{0: [0], 1: [1], 2: [2], 3: [3], 4: [4]}
SCORE: 13.169

-------------------

/ʨʰiw⁴²/ - /ʨʰju²⁴/
ʨʰ-ʨʰ / i_w-j_u / ⁴²-²⁴
{0: [0], 1: [1, 2], 2: [3]}
{0: [0], 1: [1, 2], 2: [3]}
SCORE: 8.371

-------------------

/ʨʰi²¹³/ - /hi⁵⁵/
ʨʰ-h / i-i / ²¹³-⁵⁵
{0: [0], 1: [1], 2: [2]}
{0: [0], 1: [1], 2: [2]}
SCORE: -2.178

-------------------

/ʨʰjaŋ⁴²/ - /ʨʰjaŋ²⁴/
ʨʰ-ʨʰ / j-j / a-a / ŋ-ŋ / ⁴²-²⁴
{0: [0], 1: [1], 2: [2], 3: [3], 4: [4]}
{0: [0], 1: [1], 2: [2], 3: [3], 4: [4]}
SCORE: 14.763

-------------------

/ʨʰje²¹³/ - /hi⁵⁵/
ʨʰ-h / j-i / e-∅ / ²¹³-⁵⁵
{0: [0], 1: [1], 2: [2], 3: [3]}
{0: [0], 1: [1], 2: None, 3: [2]}
SCORE: -11.798

-------------------

/ʨʰjuŋ²⁴/ - /kʰjuŋ¹¹/
ʨʰ-kʰ / j-j / u-u / ŋ-ŋ / ²⁴-¹¹
{0: [0], 1: [1], 2: [2], 3: [3], 4: [4]}
{0: [0], 1: [1], 2: [2], 3: [3], 4: [4]}
SCORE: 12.159

-------------------

/ʨʰjɛw²⁴/ - /kʰjew¹¹/
ʨʰ-kʰ / j-j / ɛ-e / w-w / ²⁴-¹¹
{0: [0], 1: [1], 2: [2], 3: [3], 4: [4]}
{0: [0], 1: [1], 2: [2], 3: [3], 4: [4]}
SCORE: 13.294

-------------------

/ʨʰy¹¹/ - /kʰi²⁴/
ʨʰ-kʰ / y-i / ∅-²⁴ / ¹¹-∅
{0: [0], 1: [1], 2: None, 3: [2]}
{0: [0], 1: [1], 2: [2], 3: None}
SCORE: -12.503

-------------------

/ʨʰɥɵn²¹³/ - /ʨʰjen¹¹/
ʨʰ-ʨʰ / ɥ-j / ɵ-e / n-n / ∅-¹¹ / ²¹³-∅
{0: [0], 1: [1], 2: [2], 3: [3], 4: None, 5: [4]}
{0: [0], 1: [1], 2: [2], 3: [3], 4: [4], 5: None}
SCORE: -0.38

-------------------

/ʨʰɥɵn²⁴/ - /ʨʰjon¹¹/
ʨʰ-ʨʰ / ɥ-j / ɵ-o / n-n / ²⁴-¹¹
{0: [0], 1: [1], 2: [2], 3: [3], 4: [4]}
{0: [0], 1: [1], 2: [2], 3: [3], 4: [4]}
SCORE: 12.414
