/anˈɛl/ - /anˈeʎ/
a-a / n-n / ˈɛ-ˈe / l-ʎ
{0: [0], 1: [1], 2: [2], 3: [3]}
{0: [0], 1: [1], 2: [2], 3: [3]}
SCORE: 25.108

-------------------

/awsˈi/ - /oksˈir/
<#_a_w-<#_o / ∅-k / s-s / ˈi_#>-ˈi_r_#>
{0: [0, 1], 1: None, 2: [2], 3: [3]}
{0: [0], 1: [1], 2: [2], 3: [3, 4]}
SCORE: 12.501

-------------------

/awsˈɛl/ - /osˈeʎ/
<#_a_w-<#_o / s-s / ˈɛ-ˈe / l-ʎ
{0: [0, 1], 1: [2], 2: [3], 3: [4]}
{0: [0], 1: [1], 2: [2], 3: [3]}
SCORE: 21.713

-------------------

/awɾˈeʎɔ/ - /oɾˈæʎɜ/
<#_a_w-<#_o / ɾ-ɾ / ˈe-ˈæ / ʎ-ʎ / ɔ-ɜ
{0: [0, 1], 1: [2], 2: [3], 3: [4], 4: [5]}
{0: [0], 1: [1], 2: [2], 3: [3], 4: [4]}
SCORE: 27.649

-------------------

/aɣˈyʎɔ/ - /aɣˈuʎɐ/
a-a / ɣ-ɣ / ˈy-ˈu / ʎ-ʎ / ɔ-ɐ
{0: [0], 1: [1], 2: [2], 3: [3], 4: [4]}
{0: [0], 1: [1], 2: [2], 3: [3], 4: [4]}
SCORE: 34.113

-------------------

/aɲˈɛl/ - /aɲˈeʎ/
a-a / ɲ-ɲ / ˈɛ-ˈe / l-ʎ
{0: [0], 1: [1], 2: [2], 3: [3]}
{0: [0], 1: [1], 2: [2], 3: [3]}
SCORE: 27.207

-------------------

/aɾˈaɲɔ/ - /aɾˈaɲɐ/
a-a / ɾ-ɾ / ˈa-ˈa / ɲ-ɲ / ɔ-ɐ
{0: [0], 1: [1], 2: [2], 3: [3], 4: [4]}
{0: [0], 1: [1], 2: [2], 3: [3], 4: [4]}
SCORE: 32.738

-------------------

/aʀʤˈilɔ/ - /arʤˈilɐ/
a-a / ʀ-r / ʤ-ʤ / ˈi-ˈi / l-l / ɔ-ɐ
{0: [0], 1: [1], 2: [2], 3: [3], 4: [4], 5: [5]}
{0: [0], 1: [1], 2: [2], 3: [3], 4: [4], 5: [5]}
SCORE: 36.731

-------------------

/aʤyðˈa/ - /aʤuðˈar/
a-a / ʤ-ʤ / ∅-u / y-∅ / ð-ð / ˈa_#>-ˈa_r_#>
{0: [0], 1: [1], 2: None, 3: [2], 4: [3], 5: [4]}
{0: [0], 1: [1], 2: [2], 3: None, 4: [3], 5: [4, 5]}
SCORE: 17.842

-------------------

/aʤˈyði/ - /aʤˈuðo/
a-a / ʤ-ʤ / ˈy-ˈu / ð-ð / ∅-o / i_#>-#>
{0: [0], 1: [1], 2: [2], 3: [3], 4: None, 5: [4]}
{0: [0], 1: [1], 2: [2], 3: [3], 4: [4], 5: None}
SCORE: 22.489

-------------------

/aβˈeʎɔ/ - /aβˈæʎɜ/
a-a / β-β / ˈe-ˈæ / ʎ-ʎ / ɔ-ɜ
{0: [0], 1: [1], 2: [2], 3: [3], 4: [4]}
{0: [0], 1: [1], 2: [2], 3: [3], 4: [4]}
SCORE: 31.863

-------------------

/bezˈi/ - /veˈi/
b-v / e-e / z-∅ / ˈi-ˈi
{0: [0], 1: [1], 2: [2], 3: [3]}
{0: [0], 1: [1], 2: None, 3: [2]}
SCORE: 15.276

-------------------

/beðˈɛl/ - /veðˈeʎ/
b-v / e-e / ð-ð / ˈɛ-ˈe / l-ʎ
{0: [0], 1: [1], 2: [2], 3: [3], 4: [4]}
{0: [0], 1: [1], 2: [2], 3: [3], 4: [4]}
SCORE: 30.687

-------------------

/beʀɣˈuɲɔ/ - /verɡˈoɲɞ/
b-v / e-e / ʀ-r / ɣ-ɡ / ˈu-ˈo / ɲ-ɲ / ɔ-ɞ
{0: [0], 1: [1], 2: [2], 3: [3], 4: [4], 5: [5], 6: [6]}
{0: [0], 1: [1], 2: [2], 3: [3], 4: [4], 5: [5], 6: [6]}
SCORE: 38.742

-------------------

/bilˈa/ - /vilˈa/
b-v / i-i / l-l / ˈa-ˈa
{0: [0], 1: [1], 2: [2], 3: [3]}
{0: [0], 1: [1], 2: [2], 3: [3]}
SCORE: 25.598

-------------------

/biˈaʤe/ - /viˈaʤe/
b-v / i-i / ˈa-ˈa / ʤ-ʤ / e-e
{0: [0], 1: [1], 2: [2], 3: [3], 4: [4]}
{0: [0], 1: [1], 2: [2], 3: [3], 4: [4]}
SCORE: 32.543

-------------------

/bjˈɛl/ - /vˈeʎ/
b-v / j-∅ / ˈɛ-ˈe / l-ʎ
{0: [0], 1: [1], 2: [2], 3: [3]}
{0: [0], 1: None, 2: [1], 3: [2]}
SCORE: 13.614

-------------------

/blˈaŋk/ - /blˈaŋk/
b-b / l-l / ˈa-ˈa / ŋ-ŋ / k-k
{0: [0], 1: [1], 2: [2], 3: [3], 4: [4]}
{0: [0], 1: [1], 2: [2], 3: [3], 4: [4]}
SCORE: 32.585

-------------------

/bulˈa/ - /volˈar/
b-v / u-o / l-l / ˈa_#>-ˈa_r_#>
{0: [0], 1: [1], 2: [2], 3: [3]}
{0: [0], 1: [1], 2: [2], 3: [3, 4]}
SCORE: 22.84

-------------------

/buzˈawtɾes/ - /vozˈaltɾes/
b-v / u-o / z-z / ˈa-ˈa / w_t-l_t / ɾ-ɾ / e-e / s-s
{0: [0], 1: [1], 2: [2], 3: [3], 4: [4, 5], 5: [6], 6: [7], 7: [8]}
{0: [0], 1: [1], 2: [2], 3: [3], 4: [4, 5], 5: [6], 6: [7], 7: [8]}
SCORE: 51.263

-------------------

/bɥˈɔw/ - /bˈɒw/
b-b / ɥ_ˈɔ-ˈɒ / w-w
{0: [0], 1: [1, 2], 2: [3]}
{0: [0], 1: [1], 2: [2]}
SCORE: 17.748

-------------------

/bˈakɔ/ - /vˈakɐ/
b-v / ˈa-ˈa / k-k / ɔ-ɐ
{0: [0], 1: [1], 2: [2], 3: [3]}
{0: [0], 1: [1], 2: [2], 3: [3]}
SCORE: 23.99

-------------------

/bˈas/ - /bˈaʃ/
b-b / ˈa-ˈa / s-ʃ
{0: [0], 1: [1], 2: [2]}
{0: [0], 1: [1], 2: [2]}
SCORE: 19.59

-------------------

/bˈaɲ/ - /bˈaɲ/
b-b / ˈa-ˈa / ɲ-ɲ
{0: [0], 1: [1], 2: [2]}
{0: [0], 1: [1], 2: [2]}
SCORE: 22.537

-------------------

/bˈe/ - /bˈe/
b-b / ˈe-ˈe
{0: [0], 1: [1]}
{0: [0], 1: [1]}
SCORE: 15.027

-------------------

/bˈejɾe/ - /vˈæwɾɜ/
b-v / ˈe-ˈæ / j-w / ɾ-ɾ / e-ɜ
{0: [0], 1: [1], 2: [2], 3: [3], 4: [4]}
{0: [0], 1: [1], 2: [2], 3: [3], 4: [4]}
SCORE: 24.966

-------------------

/bˈewɾe/ - /bˈæwɾɜ/
b-b / ˈe-ˈæ / w-w / ɾ-ɾ / e-ɜ
{0: [0], 1: [1], 2: [2], 3: [3], 4: [4]}
{0: [0], 1: [1], 2: [2], 3: [3], 4: [4]}
SCORE: 29.078

-------------------

/bˈeʀt/ - /vˈært/
b-v / ˈe-ˈæ / ʀ-r / t-t
{0: [0], 1: [1], 2: [2], 3: [3]}
{0: [0], 1: [1], 2: [2], 3: [3]}
SCORE: 24.329

-------------------

/bˈi/ - /vˈi/
b-v / ˈi-ˈi
{0: [0], 1: [1]}
{0: [0], 1: [1]}
SCORE: 15.576

-------------------

/bˈilɔ/ - /vˈilɐ/
b-v / ˈi-ˈi / l-l / ɔ-ɐ
{0: [0], 1: [1], 2: [2], 3: [3]}
{0: [0], 1: [1], 2: [2], 3: [3]}
SCORE: 24.484

-------------------

/bˈin/ - /vˈin/
b-v / ˈi-ˈi / n-n
{0: [0], 1: [1], 2: [2]}
{0: [0], 1: [1], 2: [2]}
SCORE: 20.754

-------------------

/bˈiðɔ/ - /vˈiðɐ/
b-v / ˈi-ˈi / ð-ð / ɔ-ɐ
{0: [0], 1: [1], 2: [2], 3: [3]}
{0: [0], 1: [1], 2: [2], 3: [3]}
SCORE: 27.573

-------------------

/bˈiɔ/ - /vˈiɐ/
b-v / ˈi-ˈi / ɔ-ɐ
{0: [0], 1: [1], 2: [2]}
{0: [0], 1: [1], 2: [2]}
SCORE: 20.2

-------------------

/bˈu/ - /bˈɒ/
b-b / ˈu-ˈɒ
{0: [0], 1: [1]}
{0: [0], 1: [1]}
SCORE: 14.06

-------------------

/bˈukɔ/ - /bˈokɞ/
b-b / ˈu-ˈo / k-k / ɔ-ɞ
{0: [0], 1: [1], 2: [2], 3: [3]}
{0: [0], 1: [1], 2: [2], 3: [3]}
SCORE: 25.564

-------------------

/bˈunas/ - /bˈɒnes/
b-b / ˈu-ˈɒ / n-n / a-e / s-s
{0: [0], 1: [1], 2: [2], 3: [3], 4: [4]}
{0: [0], 1: [1], 2: [2], 3: [3], 4: [4]}
SCORE: 24.387

-------------------

/bˈuns/ - /bˈɒns/
b-b / ˈu-ˈɒ / n-n / s-s
{0: [0], 1: [1], 2: [2], 3: [3]}
{0: [0], 1: [1], 2: [2], 3: [3]}
SCORE: 23.769

-------------------

/bˈunɔ/ - /bˈɒnɞ/
b-b / ˈu-ˈɒ / n-n / ɔ-ɞ
{0: [0], 1: [1], 2: [2], 3: [3]}
{0: [0], 1: [1], 2: [2], 3: [3]}
SCORE: 23.336

-------------------

/bˈuʦ/ - /vˈæw/
b-v / ˈu_ʦ-ˈæ_w
{0: [0], 1: [1, 2]}
{0: [0], 1: [1, 2]}
SCORE: 10.469

-------------------

/bˈɔl/ - /vˈɒl/
b-v / ˈɔ-ˈɒ / l-l
{0: [0], 1: [1], 2: [2]}
{0: [0], 1: [1], 2: [2]}
SCORE: 19.838

-------------------

/bˈɛl/ - /bˈeʎ/
b-b / ˈɛ-ˈe / l-ʎ
{0: [0], 1: [1], 2: [2]}
{0: [0], 1: [1], 2: [2]}
SCORE: 19.509

-------------------

/bˈɛlɔ/ - /bˈeʎɜ/
b-b / ˈɛ-ˈe / l-ʎ / ɔ-ɜ
{0: [0], 1: [1], 2: [2], 3: [3]}
{0: [0], 1: [1], 2: [2], 3: [3]}
SCORE: 23.454

-------------------

/bˈɛn/ - /vˈent/
b-v / ˈɛ-ˈe / n-n_t
{0: [0], 1: [1], 2: [2]}
{0: [0], 1: [1], 2: [2, 3]}
SCORE: 15.832

-------------------

/bˈɛni/ - /vˈiŋk/
b-v / ˈɛ-ˈi / ∅-ŋ / n-∅ / i-k
{0: [0], 1: [1], 2: None, 3: [2], 4: [3]}
{0: [0], 1: [1], 2: [2], 3: None, 4: [3]}
SCORE: 0.099

-------------------

/bˈɛʀm/ - /vˈærm/
b-v / ˈɛ-ˈæ / ʀ-r / m-m
{0: [0], 1: [1], 2: [2], 3: [3]}
{0: [0], 1: [1], 2: [2], 3: [3]}
SCORE: 23.935

-------------------

/diɣˈy/ - /niŋɡˈu/
∅-n / d-∅ / i-i / ∅-ŋ / ɣ-ɡ / ˈy-ˈu
{0: None, 1: [0], 2: [1], 3: None, 4: [2], 5: [3]}
{0: [0], 1: None, 2: [1], 3: [2], 4: [3], 5: [4]}
SCORE: 5.882

-------------------

/djˈew/ - /dˈew/
d-d / j-∅ / ˈe-ˈe / w-w
{0: [0], 1: [1], 2: [2], 3: [3]}
{0: [0], 1: None, 2: [1], 3: [2]}
SCORE: 15.805

-------------------

/duʀmˈi/ - /dormˈir/
d-d / u-o / ʀ-r / m-m / ˈi_#>-ˈi_r_#>
{0: [0], 1: [1], 2: [2], 3: [3], 4: [4]}
{0: [0], 1: [1], 2: [2], 3: [3], 4: [4, 5]}
SCORE: 32.13

-------------------

/dɾaɣˈu/ - /dɾaɣˈo/
d-d / ɾ-ɾ / a-a / ɣ-ɣ / ˈu-ˈo
{0: [0], 1: [1], 2: [2], 3: [3], 4: [4]}
{0: [0], 1: [1], 2: [2], 3: [3], 4: [4]}
SCORE: 35.723

-------------------

/dɾˈak/ - /dɾˈak/
d-d / ɾ-ɾ / ˈa-ˈa / k-k
{0: [0], 1: [1], 2: [2], 3: [3]}
{0: [0], 1: [1], 2: [2], 3: [3]}
SCORE: 26.296

-------------------

/dˈa/ - /dˈar/
d-d / ˈa_#>-ˈa_r_#>
{0: [0], 1: [1]}
{0: [0], 1: [1, 2]}
SCORE: 14.398

-------------------

/dˈet/ - /dˈit/
d-d / ∅-ˈi / ˈe-∅ / t-t
{0: [0], 1: None, 2: [1], 3: [2]}
{0: [0], 1: [1], 2: None, 3: [2]}
SCORE: 6.793

-------------------

/dˈizi/ - /dˈik/
d-d / ˈi-ˈi / z-∅ / i-k
{0: [0], 1: [1], 2: [2], 3: [3]}
{0: [0], 1: [1], 2: None, 3: [2]}
SCORE: 10.326

-------------------

/dˈiɔ/ - /dˈiɐ/
d-d / ˈi-ˈi / ɔ-ɐ
{0: [0], 1: [1], 2: [2]}
{0: [0], 1: [1], 2: [2]}
SCORE: 21.973

-------------------

/dˈiɾe/ - /dˈir/
d-d / ˈi-ˈi / ɾ_e-r
{0: [0], 1: [1], 2: [2, 3]}
{0: [0], 1: [1], 2: [2]}
SCORE: 16.866

-------------------

/dˈu/ - /dˈo/
d-d / ˈu-ˈo
{0: [0], 1: [1]}
{0: [0], 1: [1]}
SCORE: 17.343

-------------------

/dˈudze/ - /dˈozɞ/
d-d / ˈu-ˈo / d-∅ / z-z / e-ɞ
{0: [0], 1: [1], 2: [2], 3: [3], 4: [4]}
{0: [0], 1: [1], 2: None, 3: [2], 4: [3]}
SCORE: 23.141

-------------------

/dˈus/ - /dˈols/
d-d / ˈu-ˈo / s-l_s
{0: [0], 1: [1], 2: [2]}
{0: [0], 1: [1], 2: [2, 3]}
SCORE: 18.194

-------------------

/dˈus/ - /dˈos/
d-d / ˈu-ˈo / s-s
{0: [0], 1: [1], 2: [2]}
{0: [0], 1: [1], 2: [2]}
SCORE: 21.876

-------------------

/dˈuɔs/ - /dˈues/
d-d / ˈu-ˈu / ∅-e / ɔ-∅ / s-s
{0: [0], 1: [1], 2: None, 3: [2], 4: [3]}
{0: [0], 1: [1], 2: [2], 3: None, 4: [3]}
SCORE: 7.817

-------------------

/dˈɔnɔ/ - /dˈɒnɞ/
d-d / ˈɔ-ˈɒ / n-n / ɔ-ɞ
{0: [0], 1: [1], 2: [2], 3: [3]}
{0: [0], 1: [1], 2: [2], 3: [3]}
SCORE: 26.603

-------------------

/dˈɛn/ - /dˈent/
d-d / ˈɛ-ˈe / n-n_t
{0: [0], 1: [1], 2: [2]}
{0: [0], 1: [1], 2: [2, 3]}
SCORE: 17.606

-------------------

/dˈɛʦ/ - /dˈæw/
d-d / ˈɛ_ʦ-ˈæ_w
{0: [0], 1: [1, 2]}
{0: [0], 1: [1, 2]}
SCORE: 12.391

-------------------

/embunˈil/ - /ʎombɾˈiɡol/
∅-ʎ / e-o / m-m / b-b / ∅-ɾ / ∅-ˈi / ∅-ɡ / u-o / n-∅ / ˈi_l-l
{0: None, 1: [0], 2: [1], 3: [2], 4: None, 5: None, 6: None, 7: [3], 8: [4], 9: [5, 6]}
{0: [0], 1: [1], 2: [2], 3: [3], 4: [4], 5: [5], 6: [6], 7: [7], 8: None, 9: [8]}
SCORE: -1.967

-------------------

/eskutˈa/ - /eskoltˈar/
e-e / s_k-s_k / u-o / t-l_t / ˈa_#>-ˈa_r_#>
{0: [0], 1: [1, 2], 2: [3], 3: [4], 4: [5]}
{0: [0], 1: [1, 2], 2: [3], 3: [4, 5], 4: [6, 7]}
SCORE: 31.937

-------------------

/eskɾˈiwɾe/ - /eskɾˈiwɾe/
e-e / s_k-s_k / ɾ-ɾ / ˈi-ˈi / w-w / ɾ-ɾ / e-e
{0: [0], 1: [1, 2], 2: [3], 3: [4], 4: [5], 5: [6], 6: [7]}
{0: [0], 1: [1, 2], 2: [3], 3: [4], 4: [5], 5: [6], 6: [7]}
SCORE: 45.921

-------------------

/espˈazɔ/ - /espˈazɐ/
e-e / s-s / p-p / ˈa-ˈa / z-z / ɔ-ɐ
{0: [0], 1: [1], 2: [2], 3: [3], 4: [4], 5: [5]}
{0: [0], 1: [1], 2: [2], 3: [3], 4: [4], 5: [5]}
SCORE: 36.761

-------------------

/espˈaɲɔ/ - /espˈaɲɐ/
e-e / s-s / p-p / ˈa-ˈa / ɲ-ɲ / ɔ-ɐ
{0: [0], 1: [1], 2: [2], 3: [3], 4: [4], 5: [5]}
{0: [0], 1: [1], 2: [2], 3: [3], 4: [4], 5: [5]}
SCORE: 36.191

-------------------

/espˈinɔ/ - /espˈinɐ/
e-e / s-s / p-p / ˈi-ˈi / n-n / ɔ-ɐ
{0: [0], 1: [1], 2: [2], 3: [3], 4: [4], 5: [5]}
{0: [0], 1: [1], 2: [2], 3: [3], 4: [4], 5: [5]}
SCORE: 35.302

-------------------

/espˈiɣɔ/ - /espˈiɣɐ/
e-e / s-s / p-p / ˈi-ˈi / ɣ-ɣ / ɔ-ɐ
{0: [0], 1: [1], 2: [2], 3: [3], 4: [4], 5: [5]}
{0: [0], 1: [1], 2: [2], 3: [3], 4: [4], 5: [5]}
SCORE: 37.248

-------------------

/estˈat/ - /estˈat/
e-e / s-s / t-t / ˈa_t-ˈa_t
{0: [0], 1: [1], 2: [2], 3: [3, 4]}
{0: [0], 1: [1], 2: [2], 3: [3, 4]}
SCORE: 29.493

-------------------

/estˈelɔ/ - /estɾˈeʎɜ/
e-e / s-s / t-t / ∅-ɾ / ˈe-ˈe / l-ʎ / ɔ-ɜ
{0: [0], 1: [1], 2: [2], 3: None, 4: [3], 5: [4], 6: [5]}
{0: [0], 1: [1], 2: [2], 3: [3], 4: [4], 5: [5], 6: [6]}
SCORE: 26.561

-------------------

/estˈiw/ - /estˈiw/
e-e / s-s / t-t / ˈi-ˈi / w-w
{0: [0], 1: [1], 2: [2], 3: [3], 4: [4]}
{0: [0], 1: [1], 2: [2], 3: [3], 4: [4]}
SCORE: 29.896

-------------------

/eɣˈal/ - /iɣwˈal/
e-i / ɣ-ɣ / ˈa-w_ˈa / l-l
{0: [0], 1: [1], 2: [2], 3: [3]}
{0: [0], 1: [1], 2: [2, 3], 3: [4]}
SCORE: 19.309

-------------------

/faɾˈinɔ/ - /faɾˈinɐ/
f-f / a-a / ɾ-ɾ / ˈi-ˈi / n-n / ɔ-ɐ
{0: [0], 1: [1], 2: [2], 3: [3], 4: [4], 5: [5]}
{0: [0], 1: [1], 2: [2], 3: [3], 4: [4], 5: [5]}
SCORE: 38.249

-------------------

/flˈambɔ/ - /flˈamɐ/
f-f / l-l / ˈa_m-ˈa_m / b-∅ / ɔ-ɐ
{0: [0], 1: [1], 2: [2, 3], 3: [4], 4: [5]}
{0: [0], 1: [1], 2: [2, 3], 3: None, 4: [4]}
SCORE: 26.477

-------------------

/flˈu/ - /flˈɒr/
f-f / l-l / ˈu-ˈɒ / #>-r_#>
{0: [0], 1: [1], 2: [2], 3: None}
{0: [0], 1: [1], 2: [2], 3: [3]}
SCORE: 15.722

-------------------

/fɥˈɔk/ - /fˈɒk/
f-f / ɥ_ˈɔ-ˈɒ / k-k
{0: [0], 1: [1, 2], 2: [3]}
{0: [0], 1: [1], 2: [2]}
SCORE: 18.57

-------------------

/fɥˈɛʎɔ/ - /fˈuʎɐ/
f-f / ɥ_ˈɛ-ˈu / ʎ-ʎ / ɔ-ɐ
{0: [0], 1: [1, 2], 2: [3], 3: [4]}
{0: [0], 1: [1], 2: [2], 3: [3]}
SCORE: 23.575

-------------------

/fɾˈet/ - /fɾˈæt/
f-f / ɾ-ɾ / ˈe-ˈæ / t-t
{0: [0], 1: [1], 2: [2], 3: [3]}
{0: [0], 1: [1], 2: [2], 3: [3]}
SCORE: 26.698

-------------------

/fɾˈyʧ/ - /fɾˈujt/
f-f / ɾ-ɾ / ˈy-ˈu / ʧ-j_t
{0: [0], 1: [1], 2: [2], 3: [3]}
{0: [0], 1: [1], 2: [2], 3: [3, 4]}
SCORE: 26.282

-------------------

/fˈajɾe/ - /fˈer/
f-f / ˈa_j-ˈe / ɾ_e-r
{0: [0], 1: [1, 2], 2: [3, 4]}
{0: [0], 1: [1], 2: [2]}
SCORE: 10.966

-------------------

/fˈals/ - /fˈals/
f-f / ˈa-ˈa / l-l / s-s
{0: [0], 1: [1], 2: [2], 3: [3]}
{0: [0], 1: [1], 2: [2], 3: [3]}
SCORE: 24.798

-------------------

/fˈam/ - /fˈam/
f-f / ˈa_m-ˈa_m
{0: [0], 1: [1, 2]}
{0: [0], 1: [1, 2]}
SCORE: 22.569

-------------------

/fˈaw/ - /fˈaʧ/
f-f / ˈa-ˈa / ∅-ʧ / w-∅
{0: [0], 1: [1], 2: None, 3: [2]}
{0: [0], 1: [1], 2: [2], 3: None}
SCORE: 5.981

-------------------

/fˈaðɔ/ - /fˈaðɐ/
f-f / ˈa-ˈa / ð-ð / ɔ-ɐ
{0: [0], 1: [1], 2: [2], 3: [3]}
{0: [0], 1: [1], 2: [2], 3: [3]}
SCORE: 27.978

-------------------

/fˈenːɔ/ - /fˈæmbrɜ/
f-f / ˈe-ˈæ / ∅-m / nː-b_r / ɔ-ɜ
{0: [0], 1: [1], 2: None, 3: [2], 4: [3]}
{0: [0], 1: [1], 2: [2], 3: [3, 4], 4: [5]}
SCORE: 19.778

-------------------

/fˈeʤe/ - /fˈeʤɜ/
f-f / ˈe-ˈe / ʤ-ʤ / e-ɜ
{0: [0], 1: [1], 2: [2], 3: [3]}
{0: [0], 1: [1], 2: [2], 3: [3]}
SCORE: 25.45

-------------------

/fˈi/ - /fˈi/
f-f / ˈi-ˈi
{0: [0], 1: [1]}
{0: [0], 1: [1]}
SCORE: 17.191

-------------------

/fˈil/ - /fˈil/
f-f / ˈi-ˈi / l-l
{0: [0], 1: [1], 2: [2]}
{0: [0], 1: [1], 2: [2]}
SCORE: 21.476

-------------------

/fˈil/ - /fˈiʎ/
f-f / ˈi-ˈi / l-ʎ
{0: [0], 1: [1], 2: [2]}
{0: [0], 1: [1], 2: [2]}
SCORE: 21.255

-------------------

/fˈiʎɔ/ - /fˈiʎɐ/
f-f / ˈi-ˈi / ʎ-ʎ / ɔ-ɐ
{0: [0], 1: [1], 2: [2], 3: [3]}
{0: [0], 1: [1], 2: [2], 3: [3]}
SCORE: 26.842

-------------------

/fˈym/ - /fˈum/
f-f / ˈy-ˈu / m-m
{0: [0], 1: [1], 2: [2]}
{0: [0], 1: [1], 2: [2]}
SCORE: 23.26

-------------------

/fˈɔʀsɔ/ - /fˈɒrsɞ/
f-f / ˈɔ-ˈɒ / ʀ-r / s-s / ɔ-ɞ
{0: [0], 1: [1], 2: [2], 3: [3], 4: [4]}
{0: [0], 1: [1], 2: [2], 3: [3], 4: [4]}
SCORE: 30.201

-------------------

/fˈɔʀt/ - /fˈɒrt/
f-f / ˈɔ-ˈɒ / ʀ-r / t-t
{0: [0], 1: [1], 2: [2], 3: [3]}
{0: [0], 1: [1], 2: [2], 3: [3]}
SCORE: 26.543

-------------------

/fˈɛstɔ/ - /fˈestɜ/
f-f / ˈɛ-ˈe / s-s / t-t / ɔ-ɜ
{0: [0], 1: [1], 2: [2], 3: [3], 4: [4]}
{0: [0], 1: [1], 2: [2], 3: [3], 4: [4]}
SCORE: 29.615

-------------------

/fˈɛʀe/ - /fˈæro/
f-f / ˈɛ-ˈæ / ʀ_e-r_o
{0: [0], 1: [1], 2: [2, 3]}
{0: [0], 1: [1], 2: [2, 3]}
SCORE: 22.167

-------------------

/iβˈɛʀ/ - /ivˈærn/
i-i / β-v / ˈɛ-ˈæ / ʀ_#>-r_n_#>
{0: [0], 1: [1], 2: [2], 3: [3]}
{0: [0], 1: [1], 2: [2], 3: [3, 4]}
SCORE: 23.122

-------------------

/kambjˈa/ - /kamvjˈar/
k-k / a-a / m-m / b-v / j-j / ˈa_#>-ˈa_r_#>
{0: [0], 1: [1], 2: [2], 3: [3], 4: [4], 5: [5]}
{0: [0], 1: [1], 2: [2], 3: [3], 4: [4], 5: [5, 6]}
SCORE: 35.599

-------------------

/kantˈa/ - /kantˈar/
k-k / a-a / n-n / t-t / ˈa_#>-ˈa_r_#>
{0: [0], 1: [1], 2: [2], 3: [3], 4: [4]}
{0: [0], 1: [1], 2: [2], 3: [3], 4: [4, 5]}
SCORE: 29.091

-------------------

/kastˈɛl/ - /kastˈeʎ/
k-k / a-a / s-s / t_ˈɛ-t_ˈe / l-ʎ
{0: [0], 1: [1], 2: [2], 3: [3, 4], 4: [5]}
{0: [0], 1: [1], 2: [2], 3: [3, 4], 4: [5]}
SCORE: 35.647

-------------------

/kasˈa/ - /kasˈar/
k-k / a-a / s-s / ˈa_#>-ˈa_r_#>
{0: [0], 1: [1], 2: [2], 3: [3]}
{0: [0], 1: [1], 2: [2], 3: [3, 4]}
SCORE: 23.474

-------------------

/kaðˈenɔ/ - /kaðˈænɜ/
k-k / a-a / ð-ð / ˈe-ˈæ / n-n / ɔ-ɜ
{0: [0], 1: [1], 2: [2], 3: [3], 4: [4], 5: [5]}
{0: [0], 1: [1], 2: [2], 3: [3], 4: [4], 5: [5]}
SCORE: 37.766

-------------------

/kaβˈal/ - /kavˈaʎ/
k-k / a-a / β-v / ˈa-ˈa / l-ʎ
{0: [0], 1: [1], 2: [2], 3: [3], 4: [4]}
{0: [0], 1: [1], 2: [2], 3: [3], 4: [4]}
SCORE: 29.598

-------------------

/kaβˈɛl/ - /kaβˈæʎ/
k-k / a-a / β-β / ˈɛ-ˈæ / l-ʎ
{0: [0], 1: [1], 2: [2], 3: [3], 4: [4]}
{0: [0], 1: [1], 2: [2], 3: [3], 4: [4]}
SCORE: 30.912

-------------------

/klamˈa/ - /klamˈar/
k-k / l-l / a-a / m-m / ˈa_#>-ˈa_r_#>
{0: [0], 1: [1], 2: [2], 3: [3], 4: [4]}
{0: [0], 1: [1], 2: [2], 3: [3], 4: [4, 5]}
SCORE: 28.848

-------------------

/klˈaw/ - /klˈaw/
k-k / l-l / ˈa-ˈa / w-w
{0: [0], 1: [1], 2: [2], 3: [3]}
{0: [0], 1: [1], 2: [2], 3: [3]}
SCORE: 23.766

-------------------

/kulˈu/ - /kolˈor/
k-k / u-o / l-l / ˈu_#>-ˈo_r_#>
{0: [0], 1: [1], 2: [2], 3: [3]}
{0: [0], 1: [1], 2: [2], 3: [3, 4]}
SCORE: 25.636

-------------------

/kunˈejse/ - /konˈæʃer/
k-k / u-o / n_ˈe-n_ˈæ / j_s-ʃ / e-e_r
{0: [0], 1: [1], 2: [2, 3], 3: [4, 5], 4: [6]}
{0: [0], 1: [1], 2: [2, 3], 3: [4], 4: [5, 6]}
SCORE: 34.028

-------------------

/kɥˈul/ - /kˈul/
k-k / ɥ-ˈu / ˈu-∅ / l-l
{0: [0], 1: [1], 2: [2], 3: [3]}
{0: [0], 1: [1], 2: None, 3: [2]}
SCORE: 14.119

-------------------

/kɥˈɛjsɔ/ - /kˈuʃɐ/
k-k / ɥ_ˈɛ-ˈu / j_s-ʃ / ɔ-ɐ
{0: [0], 1: [1, 2], 2: [3, 4], 3: [5]}
{0: [0], 1: [1], 2: [2], 3: [3]}
SCORE: 21.952

-------------------

/kɾemˈa/ - /kɾemˈar/
k-k / ɾ-ɾ / e-e / m-m / ˈa_#>-ˈa_r_#>
{0: [0], 1: [1], 2: [2], 3: [3], 4: [4]}
{0: [0], 1: [1], 2: [2], 3: [3], 4: [4, 5]}
SCORE: 28.32

-------------------

/kɾˈejʀe/ - /kɾˈæwɾɜ/
k-k / ɾ-ɾ / ˈe-ˈæ / j_ʀ-w_ɾ / e-ɜ
{0: [0], 1: [1], 2: [2], 3: [3, 4], 4: [5]}
{0: [0], 1: [1], 2: [2], 3: [3, 4], 4: [5]}
SCORE: 29.532

-------------------

/kɾˈuʦ/ - /kɾˈæw/
k-k / ɾ-ɾ / ˈu_ʦ-ˈæ_w
{0: [0], 1: [1], 2: [2, 3]}
{0: [0], 1: [1], 2: [2, 3]}
SCORE: 15.841

-------------------

/kˈa/ - /kˈa/
k-k / ˈa-ˈa
{0: [0], 1: [1]}
{0: [0], 1: [1]}
SCORE: 14.582

-------------------

/kˈambɾɔ/ - /kˈambɾɐ/
k-k / ˈa_m-ˈa_m / b-b / ɾ-ɾ / ɔ-ɐ
{0: [0], 1: [1, 2], 2: [3], 3: [4], 4: [5]}
{0: [0], 1: [1, 2], 2: [3], 3: [4], 4: [5]}
SCORE: 36.629

-------------------

/kˈan/ - /kˈant/
k-k / ˈa-ˈa / n-n_t
{0: [0], 1: [1], 2: [2]}
{0: [0], 1: [1], 2: [2, 3]}
SCORE: 15.864

-------------------

/kˈap/ - /kˈap/
k-k / ˈa-ˈa / p_#>-p_#>
{0: [0], 1: [1], 2: [2]}
{0: [0], 1: [1], 2: [2]}
SCORE: 22.663

-------------------

/kˈatɾe/ - /kwˈatɾe/
k-k / ∅-w / ˈa_t-ˈa_t / ɾ-ɾ / e-e
{0: [0], 1: None, 2: [1, 2], 3: [3], 4: [4]}
{0: [0], 1: [1], 2: [2, 3], 3: [4], 4: [5]}
SCORE: 25.145

-------------------

/kˈawt/ - /kˈalt/
k-k / ˈa-ˈa / w_t-l_t
{0: [0], 1: [1], 2: [2, 3]}
{0: [0], 1: [1], 2: [2, 3]}
SCORE: 23.314

-------------------

/kˈawzɔ/ - /kˈɒzɞ/
k-k / ˈa_w-ˈɒ / z-z / ɔ-ɞ
{0: [0], 1: [1, 2], 2: [3], 3: [4]}
{0: [0], 1: [1], 2: [2], 3: [3]}
SCORE: 23.992

-------------------

/kˈazɔ/ - /kˈazɐ/
k-k / ˈa-ˈa / z-z / ɔ-ɐ
{0: [0], 1: [1], 2: [2], 3: [3]}
{0: [0], 1: [1], 2: [2], 3: [3]}
SCORE: 27.052

-------------------

/kˈaʀ/ - /kˈar/
k-k / ˈa-ˈa / ʀ-r
{0: [0], 1: [1], 2: [2]}
{0: [0], 1: [1], 2: [2]}
SCORE: 18.984

-------------------

/kˈaʀ/ - /kˈarn/
k-k / ˈa-ˈa / ʀ_#>-r_n_#>
{0: [0], 1: [1], 2: [2]}
{0: [0], 1: [1], 2: [2, 3]}
SCORE: 16.778

-------------------

/kˈaʎɔ/ - /ɡwˈaɫːɐ/
∅-ɡ / k-∅ / ˈa-w_ˈa / ʎ-ɫː / ɔ-ɐ
{0: None, 1: [0], 2: [1], 3: [2], 4: [3]}
{0: [0], 1: None, 2: [1, 2], 3: [3], 4: [4]}
SCORE: 7.466

-------------------

/kˈaβɾɔ/ - /kˈaβɾɐ/
k-k / ˈa-ˈa / β-β / ɾ-ɾ / ɔ-ɐ
{0: [0], 1: [1], 2: [2], 3: [3], 4: [4]}
{0: [0], 1: [1], 2: [2], 3: [3], 4: [4]}
SCORE: 30.982

-------------------

/kˈe/ - /kˈæ/
k-k / ˈe_#>-ˈæ_#>
{0: [0], 1: [1]}
{0: [0], 1: [1]}
SCORE: 18.019

-------------------

/kˈi/ - /kˈi/
k-k / ˈi-ˈi
{0: [0], 1: [1]}
{0: [0], 1: [1]}
SCORE: 15.792

-------------------

/kˈuɔ/ - /kˈuɐ/
k_ˈu-k_ˈu / ɔ-ɐ
{0: [0, 1], 1: [2]}
{0: [0, 1], 1: [2]}
SCORE: 16.752

-------------------

/kˈuʀt/ - /kˈuɾt/
k_ˈu-k_ˈu / ʀ-ɾ / t-t
{0: [0, 1], 1: [2], 2: [3]}
{0: [0, 1], 1: [2], 2: [3]}
SCORE: 18.133

-------------------

/kˈɔl/ - /kˈɒʎ/
k-k / ˈɔ-ˈɒ / l-ʎ
{0: [0], 1: [1], 2: [2]}
{0: [0], 1: [1], 2: [2]}
SCORE: 19.833

-------------------

/kˈɔp/ - /kˈɒp/
k-k / ˈɔ-ˈɒ / p_#>-p_#>
{0: [0], 1: [1], 2: [2]}
{0: [0], 1: [1], 2: [2]}
SCORE: 23.851

-------------------

/kˈɔs/ - /kˈɒs/
k-k / ˈɔ-ˈɒ / s-s
{0: [0], 1: [1], 2: [2]}
{0: [0], 1: [1], 2: [2]}
SCORE: 20.302

-------------------

/kˈɔstɔ/ - /kˈɒstɞ/
k-k / ˈɔ-ˈɒ / s-s / t-t / ɔ-ɞ
{0: [0], 1: [1], 2: [2], 3: [3], 4: [4]}
{0: [0], 1: [1], 2: [2], 3: [3], 4: [4]}
SCORE: 29.373

-------------------

/kˈɔʀ/ - /kˈɒr/
k-k / ˈɔ-ˈɒ / ʀ-r
{0: [0], 1: [1], 2: [2]}
{0: [0], 1: [1], 2: [2]}
SCORE: 20.171

-------------------

/kˈɔʀ/ - /kˈɒrn/
k-k / ˈɔ-ˈɒ / ʀ_#>-r_n_#>
{0: [0], 1: [1], 2: [2]}
{0: [0], 1: [1], 2: [2, 3]}
SCORE: 17.966

-------------------

/leʤˈi/ - /ʎeʤˈir/
l_e-ʎ_e / ʤ-ʤ / ˈi_#>-ˈi_r_#>
{0: [0, 1], 1: [2], 2: [3]}
{0: [0, 1], 1: [2], 2: [3, 4]}
SCORE: 27.016

-------------------

/leˈu/ - /ʎeˈo/
l_e-ʎ_e / ˈu-ˈo
{0: [0, 1], 1: [2]}
{0: [0, 1], 1: [2]}
SCORE: 21.654

-------------------

/leβˈa/ - /ʎevˈar/
l_e-ʎ_e / β-v / ˈa_#>-ˈa_r_#>
{0: [0, 1], 1: [2], 2: [3]}
{0: [0, 1], 1: [2], 2: [3, 4]}
SCORE: 23.561

-------------------

/ljˈɛʧ/ - /ʎˈit/
l-ʎ / j_ˈɛ-ˈi / ʧ-t
{0: [0], 1: [1, 2], 2: [3]}
{0: [0], 1: [1], 2: [2]}
SCORE: 15.725

-------------------

/lɥˈɔk/ - /ʎˈɒk/
l-ʎ / ɥ_ˈɔ-ˈɒ / k-k
{0: [0], 1: [1, 2], 2: [3]}
{0: [0], 1: [1], 2: [2]}
SCORE: 16.233

-------------------

/lˈak/ - /ʎˈak/
l-ʎ / ˈa-ˈa / k-k
{0: [0], 1: [1], 2: [2]}
{0: [0], 1: [1], 2: [2]}
SCORE: 18.646

-------------------

/lˈanɔ/ - /ʎˈanɐ/
l-ʎ / ˈa-ˈa / n-n / ɔ-ɐ
{0: [0], 1: [1], 2: [2], 3: [3]}
{0: [0], 1: [1], 2: [2], 3: [3]}
SCORE: 23.446

-------------------

/lˈaɣɾemɔ/ - /ʎˈaɣɾimɐ/
l-ʎ / ˈa-ˈa / ɣ-ɣ / ɾ-ɾ / e-i / m-m / ɔ-ɐ
{0: [0], 1: [1], 2: [2], 3: [3], 4: [4], 5: [5], 6: [6]}
{0: [0], 1: [1], 2: [2], 3: [3], 4: [4], 5: [5], 6: [6]}
SCORE: 38.871

-------------------

/lˈaʧ/ - /ʎˈet/
l-ʎ / ˈa-ˈe / ʧ-t
{0: [0], 1: [1], 2: [2]}
{0: [0], 1: [1], 2: [2]}
SCORE: 13.895

-------------------

/lˈej/ - /ʎˈej/
l_ˈe-ʎ_ˈe / j-j
{0: [0, 1], 1: [2]}
{0: [0, 1], 1: [2]}
SCORE: 21.186

-------------------

/lˈetɾɔ/ - /ʎˈetɾɜ/
l_ˈe-ʎ_ˈe / t-t / ɾ-ɾ / ɔ-ɜ
{0: [0, 1], 1: [2], 2: [3], 3: [4]}
{0: [0, 1], 1: [2], 2: [3], 3: [4]}
SCORE: 29.009

-------------------

/lˈeŋɡɔ/ - /ʎˈæŋɡwɜ/
l-ʎ / ˈe-ˈæ / ŋ-ŋ / ɡ-ɡ / ∅-w / ɔ-ɜ
{0: [0], 1: [1], 2: [2], 3: [3], 4: None, 5: [4]}
{0: [0], 1: [1], 2: [2], 3: [3], 4: [4], 5: [5]}
SCORE: 28.206

-------------------

/lˈeɲɔ/ - /ʎˈeɲɜ/
l_ˈe-ʎ_ˈe / ɲ-ɲ / ɔ-ɜ
{0: [0, 1], 1: [2], 2: [3]}
{0: [0, 1], 1: [2], 2: [3]}
SCORE: 26.157

-------------------

/lˈiwɾe/ - /ʎˈiwɾe/
l-ʎ / ˈi-ˈi / w-w / ɾ-ɾ / e-e
{0: [0], 1: [1], 2: [2], 3: [3], 4: [4]}
{0: [0], 1: [1], 2: [2], 3: [3], 4: [4]}
SCORE: 29.611

-------------------

/lˈup/ - /ʎˈop/
l-ʎ / ˈu-ˈo / p_#>-p_#>
{0: [0], 1: [1], 2: [2]}
{0: [0], 1: [1], 2: [2]}
SCORE: 22.93

-------------------

/lˈuŋk/ - /ʎˈoŋk/
l-ʎ / ˈu-ˈo / ŋ-ŋ / k-k
{0: [0], 1: [1], 2: [2], 3: [3]}
{0: [0], 1: [1], 2: [2], 3: [3]}
SCORE: 27.889

-------------------

/lˈym/ - /ʎˈum/
l-ʎ / ˈy-ˈu / m-m
{0: [0], 1: [1], 2: [2]}
{0: [0], 1: [1], 2: [2]}
SCORE: 20.924

-------------------

/lˈynɔ/ - /ʎˈunɐ/
l-ʎ / ˈy-ˈu / n-n / ɔ-ɐ
{0: [0], 1: [1], 2: [2], 3: [3]}
{0: [0], 1: [1], 2: [2], 3: [3]}
SCORE: 25.102

-------------------

/lˈyʧɔ/ - /ʎˈujtɐ/
l-ʎ / ˈy-ˈu / ʧ-j_t / ɔ-ɐ
{0: [0], 1: [1], 2: [2], 3: [3]}
{0: [0], 1: [1], 2: [2, 3], 3: [4]}
SCORE: 23.413

-------------------

/lˈɛβɾe/ - /ʎˈeβɾɜ/
l-ʎ / ˈɛ-ˈe / β-β / ɾ-ɾ / e-ɜ
{0: [0], 1: [1], 2: [2], 3: [3], 4: [4]}
{0: [0], 1: [1], 2: [2], 3: [3], 4: [4]}
SCORE: 28.78

-------------------

/manʤˈa/ - /meɲʤˈar/
m-m / a-e / n-ɲ / ʤ-ʤ / ˈa_#>-ˈa_r_#>
{0: [0], 1: [1], 2: [2], 3: [3], 4: [4]}
{0: [0], 1: [1], 2: [2], 3: [3], 4: [4, 5]}
SCORE: 22.351

-------------------

/maðˈy/ - /maðˈur/
m-m / a-a / ð-ð / ˈy-ˈu / #>-r_#>
{0: [0], 1: [1], 2: [2], 3: [3], 4: None}
{0: [0], 1: [1], 2: [2], 3: [3], 4: [4]}
SCORE: 26.991

-------------------

/me/ - /me/
m-m / e-e
{0: [0], 1: [1]}
{0: [0], 1: [1]}
SCORE: 15.585

-------------------

/mejtˈat/ - /mitˈat/
m-m / e-i / j-∅ / t-t / ˈa_t-ˈa_t
{0: [0], 1: [1], 2: [2], 3: [3], 4: [4, 5]}
{0: [0], 1: [1], 2: None, 3: [2], 4: [3, 4]}
SCORE: 23.584

-------------------

/meʎˈu/ - /miʎˈor/
m-m / e-i / ʎ-ʎ / ˈu_#>-ˈo_r_#>
{0: [0], 1: [1], 2: [2], 3: [3]}
{0: [0], 1: [1], 2: [2], 3: [3, 4]}
SCORE: 23.771

-------------------

/mjˈɛʧ/ - /mˈiʧ/
m-m / j_ˈɛ-ˈi / ∅-ʧ / ʧ-∅
{0: [0], 1: [1, 2], 2: None, 3: [3]}
{0: [0], 1: [1], 2: [2], 3: None}
SCORE: 2.765

-------------------

/muntˈaɲɔ/ - /muntˈaɲɐ/
m-m / u-u / n-n / t-t / ˈa-ˈa / ɲ-ɲ / ɔ-ɐ
{0: [0], 1: [1], 2: [2], 3: [3], 4: [4], 5: [5], 6: [6]}
{0: [0], 1: [1], 2: [2], 3: [3], 4: [4], 5: [5], 6: [6]}
SCORE: 43.291

-------------------

/museɣˈa/ - /moseɣˈar/
m-m / u-o / s-s / e-e / ɣ-ɣ / ˈa_#>-ˈa_r_#>
{0: [0], 1: [1], 2: [2], 3: [3], 4: [4], 5: [5]}
{0: [0], 1: [1], 2: [2], 3: [3], 4: [4], 5: [5, 6]}
SCORE: 35.748

-------------------

/muɾˈi/ - /moɾˈir/
m-m / u-o / ɾ-ɾ / ˈi_#>-ˈi_r_#>
{0: [0], 1: [1], 2: [2], 3: [3]}
{0: [0], 1: [1], 2: [2], 3: [3, 4]}
SCORE: 26.327

-------------------

/muʎˈɛ/ - /muʎˈer/
m-m / u-u / ʎ-ʎ / ˈɛ-ˈe / #>-r_#>
{0: [0], 1: [1], 2: [2], 3: [3], 4: None}
{0: [0], 1: [1], 2: [2], 3: [3], 4: [4]}
SCORE: 23.111

-------------------

/mˈa/ - /mˈa/
m-m / ˈa-ˈa
{0: [0], 1: [1]}
{0: [0], 1: [1]}
SCORE: 15.204

-------------------

/mˈa/ - /mˈar/
m-m / ˈa_#>-ˈa_r_#>
{0: [0], 1: [1]}
{0: [0], 1: [1, 2]}
SCORE: 13.463

-------------------

/mˈajɾe/ - /mˈaɾe/
m-m / ˈa-ˈa / j_ɾ-ɾ / e-e
{0: [0], 1: [1], 2: [2, 3], 3: [4]}
{0: [0], 1: [1], 2: [2], 3: [3]}
SCORE: 21.483

-------------------

/mˈikɔ/ - /mˈikɐ/
m-m / ˈi-ˈi / k-k / ɔ-ɐ
{0: [0], 1: [1], 2: [2], 3: [3]}
{0: [0], 1: [1], 2: [2], 3: [3]}
SCORE: 26.038

-------------------

/mˈil/ - /mˈil/
m-m / ˈi-ˈi / l-l
{0: [0], 1: [1], 2: [2]}
{0: [0], 1: [1], 2: [2]}
SCORE: 20.698

-------------------

/mˈuskɔ/ - /mˈoskɞ/
m-m / ˈu-ˈo / s_k-s_k / ɔ-ɞ
{0: [0], 1: [1], 2: [2, 3], 3: [4]}
{0: [0], 1: [1], 2: [2, 3], 3: [4]}
SCORE: 31.023

-------------------

/mˈɔʀt/ - /mˈɒrt/
m-m / ˈɔ-ˈɒ / ʀ-r / t-t
{0: [0], 1: [1], 2: [2], 3: [3]}
{0: [0], 1: [1], 2: [2], 3: [3]}
SCORE: 25.765

-------------------

/mˈɛl/ - /mˈæl/
m-m / ˈɛ-ˈæ / l-l
{0: [0], 1: [1], 2: [2]}
{0: [0], 1: [1], 2: [2]}
SCORE: 19.033

-------------------

/mˈɛʤe/ - /mˈeʤɜ/
m-m / ˈɛ-ˈe / ʤ-ʤ / e-ɜ
{0: [0], 1: [1], 2: [2], 3: [3]}
{0: [0], 1: [1], 2: [2], 3: [3]}
SCORE: 25.091

-------------------

/naðˈa/ - /neðˈar/
n-n / a-e / ð-ð / ˈa_#>-ˈa_r_#>
{0: [0], 1: [1], 2: [2], 3: [3]}
{0: [0], 1: [1], 2: [2], 3: [3, 4]}
SCORE: 21.008

-------------------

/nu/ - /nˈo/
n-n / ∅-ˈo / u-∅
{0: [0], 1: None, 2: [1]}
{0: [0], 1: [1], 2: None}
SCORE: 0.439

-------------------

/nuzˈawtɾes/ - /nozˈaltɾes/
n-n / u-o / z-z / ˈa-ˈa / w_t-l_t / ɾ-ɾ / e-e / s-s
{0: [0], 1: [1], 2: [2], 3: [3], 4: [4, 5], 5: [6], 6: [7], 7: [8]}
{0: [0], 1: [1], 2: [2], 3: [3], 4: [4, 5], 5: [6], 6: [7], 7: [8]}
SCORE: 51.655

-------------------

/nɥˈɛʧ/ - /nˈit/
n-n / ɥ-∅ / ˈɛ-ˈi / ʧ-t
{0: [0], 1: [1], 2: [2], 3: [3]}
{0: [0], 1: None, 2: [1], 3: [2]}
SCORE: 12.033

-------------------

/nˈajse/ - /nˈeʃer/
n-n / ˈa-ˈe / j_s-ʃ / e-e_r
{0: [0], 1: [1], 2: [2, 3], 3: [4]}
{0: [0], 1: [1], 2: [2], 3: [3, 4]}
SCORE: 17.272

-------------------

/nˈas/ - /nˈas/
n-n / ˈa_s-ˈa_s
{0: [0], 1: [1, 2]}
{0: [0], 1: [1, 2]}
SCORE: 20.957

-------------------

/nˈeɣɾe/ - /nˈæɣɾɜ/
n_ˈe-n_ˈæ / ɣ-ɣ / ɾ-ɾ / e-ɜ
{0: [0, 1], 1: [2], 2: [3], 3: [4]}
{0: [0, 1], 1: [2], 2: [3], 3: [4]}
SCORE: 31.768

-------------------

/nˈiw/ - /nˈiw/
n-n / ˈi-ˈi / w-w
{0: [0], 1: [1], 2: [2]}
{0: [0], 1: [1], 2: [2]}
SCORE: 20.868

-------------------

/nˈiβul/ - /nˈuvol/
n-n / ∅-ˈu / ˈi-∅ / β-v / u-o / l-l
{0: [0], 1: None, 2: [1], 3: [2], 4: [3], 5: [4]}
{0: [0], 1: [1], 2: None, 3: [2], 4: [3], 5: [4]}
SCORE: 15.506

-------------------

/nˈum/ - /nˈɒm/
n-n / ˈu-ˈɒ / m-m
{0: [0], 1: [1], 2: [2]}
{0: [0], 1: [1], 2: [2]}
SCORE: 19.18

-------------------

/nˈuʦ/ - /nˈɒw/
n-n / ∅-ˈɒ / ˈu_ʦ-w
{0: [0], 1: None, 2: [1, 2]}
{0: [0], 1: [1], 2: [2]}
SCORE: 6.179

-------------------

/nˈɔstɾe/ - /nˈɒstɾɞ/
n-n / ˈɔ-ˈɒ / s-s / t-t / ɾ-ɾ / e-ɞ
{0: [0], 1: [1], 2: [2], 3: [3], 4: [4], 5: [5]}
{0: [0], 1: [1], 2: [2], 3: [3], 4: [4], 5: [5]}
SCORE: 33.558

-------------------

/nˈɔw/ - /nˈɒw/
n-n / ˈɔ-ˈɒ / w-w
{0: [0], 1: [1], 2: [2]}
{0: [0], 1: [1], 2: [2]}
SCORE: 20.846

-------------------

/nˈɛw/ - /nˈew/
n-n / ˈɛ-ˈe / w-w
{0: [0], 1: [1], 2: [2]}
{0: [0], 1: [1], 2: [2]}
SCORE: 19.843

-------------------

/palˈaʦ/ - /palˈaw/
p-p / a-a / l-l / ˈa_ʦ-ˈa_w
{0: [0], 1: [1], 2: [2], 3: [3, 4]}
{0: [0], 1: [1], 2: [2], 3: [3, 4]}
SCORE: 22.39

-------------------

/paɾˈawlɔ/ - /paɾˈawlɐ/
p-p / a-a / ɾ-ɾ / ˈa-ˈa / w-w / l-l / ɔ-ɐ
{0: [0], 1: [1], 2: [2], 3: [3], 4: [4], 5: [5], 6: [6]}
{0: [0], 1: [1], 2: [2], 3: [3], 4: [4], 5: [5], 6: [6]}
SCORE: 40.122

-------------------

/petˈit/ - /petˈit/
p-p / e-e / t-t / ˈi-ˈi / t-t
{0: [0], 1: [1], 2: [2], 3: [3], 4: [4]}
{0: [0], 1: [1], 2: [2], 3: [3], 4: [4]}
SCORE: 30.913

-------------------

/pezˈul/ - /pˈoʎ/
p-p / e-∅ / z_ˈu-ˈo / l-ʎ
{0: [0], 1: [1], 2: [2, 3], 3: [4]}
{0: [0], 1: None, 2: [1], 3: [2]}
SCORE: 10.982

-------------------

/peʀsˈɛk/ - /pɾˈesek/
p-p / e-∅ / ʀ-ɾ / s-∅ / ˈɛ-ˈe_s / ∅-e / k-k
{0: [0], 1: [1], 2: [2], 3: [3], 4: [4], 5: None, 6: [5]}
{0: [0], 1: None, 2: [1], 3: None, 4: [2, 3], 5: [4], 6: [5]}
SCORE: 3.434

-------------------

/pjˈɛʧ/ - /pˈit/
p-p / j_ˈɛ-ˈi / ʧ-t
{0: [0], 1: [1, 2], 2: [3]}
{0: [0], 1: [1], 2: [2]}
SCORE: 17.138

-------------------

/pluɾˈa/ - /ploɾˈar/
p-p / l-l / u-o / ɾ-ɾ / ˈa_#>-ˈa_r_#>
{0: [0], 1: [1], 2: [2], 3: [3], 4: [4]}
{0: [0], 1: [1], 2: [2], 3: [3], 4: [4, 5]}
SCORE: 28.688

-------------------

/plɥˈɛʤɔ/ - /plˈuʤɐ/
p-p / l-l / ɥ_ˈɛ-ˈu / ʤ-ʤ / ɔ-ɐ
{0: [0], 1: [1], 2: [2, 3], 3: [4], 4: [5]}
{0: [0], 1: [1], 2: [2], 3: [3], 4: [4]}
SCORE: 28.438

-------------------

/plˈaɣɔ/ - /plˈaɣɐ/
p-p / l-l / ˈa-ˈa / ɣ-ɣ / ɔ-ɐ
{0: [0], 1: [1], 2: [2], 3: [3], 4: [4]}
{0: [0], 1: [1], 2: [2], 3: [3], 4: [4]}
SCORE: 31.089

-------------------

/plˈaɲe/ - /plˈaɲer/
p-p / l-l / ˈa-ˈa / ɲ-ɲ / e-e_r
{0: [0], 1: [1], 2: [2], 3: [3], 4: [4]}
{0: [0], 1: [1], 2: [2], 3: [3], 4: [4, 5]}
SCORE: 28.596

-------------------

/plˈe/ - /plˈæ/
p-p / l-l / ˈe_#>-ˈæ_#>
{0: [0], 1: [1], 2: [2]}
{0: [0], 1: [1], 2: [2]}
SCORE: 22.779

-------------------

/plˈymɔ/ - /plˈomɞ/
p-p / l-l / ˈy-ˈo / m-m / ɔ-ɞ
{0: [0], 1: [1], 2: [2], 3: [3], 4: [4]}
{0: [0], 1: [1], 2: [2], 3: [3], 4: [4]}
SCORE: 25.651

-------------------

/puðˈe/ - /poðˈær/
p-p / u-o / ð-ð / ˈe_#>-ˈæ_r_#>
{0: [0], 1: [1], 2: [2], 3: [3]}
{0: [0], 1: [1], 2: [2], 3: [3, 4]}
SCORE: 25.763

-------------------

/pɥˈɛʧ/ - /pˈuʧ/
p-p / ɥ_ˈɛ-ˈu / ∅-ʧ / ʧ-∅
{0: [0], 1: [1, 2], 2: None, 3: [3]}
{0: [0], 1: [1], 2: [2], 3: None}
SCORE: 3.001

-------------------

/pɾˈɛʦ/ - /pɾˈæw/
p-p / ɾ-ɾ / ˈɛ_ʦ-ˈæ_w
{0: [0], 1: [1], 2: [2, 3]}
{0: [0], 1: [1], 2: [2, 3]}
SCORE: 16.466

-------------------

/pˈa/ - /pˈa/
p-p / ˈa-ˈa
{0: [0], 1: [1]}
{0: [0], 1: [1]}
SCORE: 15.058

-------------------

/pˈajɾe/ - /pˈaɾe/
p-p / ˈa-ˈa / j_ɾ-ɾ / e-e
{0: [0], 1: [1], 2: [2, 3], 3: [4]}
{0: [0], 1: [1], 2: [2], 3: [3]}
SCORE: 21.338

-------------------

/pˈawk/ - /pˈɒk/
p-p / ˈa_w-ˈɒ / k-k
{0: [0], 1: [1, 2], 2: [3]}
{0: [0], 1: [1], 2: [2]}
SCORE: 17.523

-------------------

/pˈawɾe/ - /pˈɒβɾɞ/
p-p / ˈa_w-ˈɒ / ∅-β / ɾ-ɾ / e-ɞ
{0: [0], 1: [1, 2], 2: None, 3: [3], 4: [4]}
{0: [0], 1: [1], 2: [2], 3: [3], 4: [4]}
SCORE: 15.629

-------------------

/pˈaʦ/ - /pˈaw/
p-p / ˈa_ʦ-ˈa_w
{0: [0], 1: [1, 2]}
{0: [0], 1: [1, 2]}
SCORE: 12.005

-------------------

/pˈejs/ - /pˈejʃ/
p-p / ˈe-ˈe / j-j / s-ʃ
{0: [0], 1: [1], 2: [2], 3: [3]}
{0: [0], 1: [1], 2: [2], 3: [3]}
SCORE: 25.404

-------------------

/pˈel/ - /pˈæl/
p-p / ˈe-ˈæ / l-l
{0: [0], 1: [1], 2: [2]}
{0: [0], 1: [1], 2: [2]}
SCORE: 19.931

-------------------

/pˈenɔ/ - /pˈænɜ/
p-p / ˈe-ˈæ / n-n / ɔ-ɜ
{0: [0], 1: [1], 2: [2], 3: [3]}
{0: [0], 1: [1], 2: [2], 3: [3]}
SCORE: 24.769

-------------------

/pˈundɾe/ - /pˈɒndɾɞ/
p-p / ˈu-ˈɒ / n-n / d-d / ɾ-ɾ / e-ɞ
{0: [0], 1: [1], 2: [2], 3: [3], 4: [4], 5: [5]}
{0: [0], 1: [1], 2: [2], 3: [3], 4: [4], 5: [5]}
SCORE: 33.7

-------------------

/pˈunʧ/ - /pˈunt/
p-p / ˈu-ˈu / n-n / ʧ-t
{0: [0], 1: [1], 2: [2], 3: [3]}
{0: [0], 1: [1], 2: [2], 3: [3]}
SCORE: 21.899

-------------------

/pˈuʦ/ - /pˈow/
p-p / ˈu-ˈo / ∅-w / ʦ_#>-#>
{0: [0], 1: [1], 2: None, 3: [2]}
{0: [0], 1: [1], 2: [2], 3: None}
SCORE: 7.582

-------------------

/pˈyɲ/ - /pˈuɲ/
p-p / ˈy-ˈu / ɲ-ɲ
{0: [0], 1: [1], 2: [2]}
{0: [0], 1: [1], 2: [2]}
SCORE: 23.991

-------------------

/pˈɔn/ - /pˈɒnt/
p-p / ˈɔ-ˈɒ / n-n_t
{0: [0], 1: [1], 2: [2]}
{0: [0], 1: [1], 2: [2, 3]}
SCORE: 17.527

-------------------

/pˈɔʀk/ - /pˈɒrk/
p-p / ˈɔ-ˈɒ / ʀ-r / k-k
{0: [0], 1: [1], 2: [2], 3: [3]}
{0: [0], 1: [1], 2: [2], 3: [3]}
SCORE: 25.648

-------------------

/pˈɔʀkɔ/ - /pˈɒrkɞ/
p-p / ˈɔ-ˈɒ / ʀ-r / k-k / ɔ-ɞ
{0: [0], 1: [1], 2: [2], 3: [3], 4: [4]}
{0: [0], 1: [1], 2: [2], 3: [3], 4: [4]}
SCORE: 29.747

-------------------

/pˈɛ/ - /pˈæw/
p-p / ˈɛ-ˈæ_w
{0: [0], 1: [1]}
{0: [0], 1: [1, 2]}
SCORE: 11.4

-------------------

/pˈɛjɾɔ/ - /pˈeðɾɜ/
p-p / ˈɛ-ˈe / ∅-ð / j_ɾ-ɾ / ɔ-ɜ
{0: [0], 1: [1], 2: None, 3: [2, 3], 4: [4]}
{0: [0], 1: [1], 2: [2], 3: [3], 4: [4]}
SCORE: 15.767

-------------------

/pˈɛl/ - /pˈeʎ/
p-p / ˈɛ-ˈe / l-ʎ
{0: [0], 1: [1], 2: [2]}
{0: [0], 1: [1], 2: [2]}
SCORE: 19.306

-------------------

/salˈyt/ - /salˈut/
s-s / a-a / l-l / ˈy-ˈu / t-t
{0: [0], 1: [1], 2: [2], 3: [3], 4: [4]}
{0: [0], 1: [1], 2: [2], 3: [3], 4: [4]}
SCORE: 31.128

-------------------

/sawpˈyt/ - /saβˈut/
s-s / a-a / ∅-β / w-∅ / p-∅ / ˈy-ˈu / t-t
{0: [0], 1: [1], 2: None, 3: [2], 4: [3], 5: [4], 6: [5]}
{0: [0], 1: [1], 2: [2], 3: None, 4: None, 5: [3], 6: [4]}
SCORE: 11.843

-------------------

/saβˈe/ - /saβˈær/
s-s / a-a / β-β / ˈe_#>-ˈæ_r_#>
{0: [0], 1: [1], 2: [2], 3: [3]}
{0: [0], 1: [1], 2: [2], 3: [3, 4]}
SCORE: 24.236

-------------------

/semːˈanɔ/ - /semːˈanɐ/
s-s / e-e / mː-mː / ˈa-ˈa / n-n / ɔ-ɐ
{0: [0], 1: [1], 2: [2], 3: [3], 4: [4], 5: [5]}
{0: [0], 1: [1], 2: [2], 3: [3], 4: [4], 5: [5]}
SCORE: 39.259

-------------------

/seɣˈy/ - /seɣˈur/
s-s / e-e / ɣ-ɣ / ˈy-ˈu / #>-r_#>
{0: [0], 1: [1], 2: [2], 3: [3], 4: None}
{0: [0], 1: [1], 2: [2], 3: [3], 4: [4]}
SCORE: 24.251

-------------------

/seɾjˈɛɾɔ/ - /siɾˈeɾɜ/
s-s / e-i / ɾ-ɾ / j-∅ / ˈɛ-ˈe / ɾ-ɾ / ɔ-ɜ
{0: [0], 1: [1], 2: [2], 3: [3], 4: [4], 5: [5], 6: [6]}
{0: [0], 1: [1], 2: [2], 3: None, 4: [3], 5: [4], 6: [5]}
SCORE: 26.256

-------------------

/seʀkˈa/ - /serkˈar/
s-s / e-e / ʀ-r / k-k / ˈa_#>-ˈa_r_#>
{0: [0], 1: [1], 2: [2], 3: [3], 4: [4]}
{0: [0], 1: [1], 2: [2], 3: [3], 4: [4, 5]}
SCORE: 26.475

-------------------

/siwtˈat/ - /siwtˈat/
s-s / i-i / w-w / t-t / ˈa_t-ˈa_t
{0: [0], 1: [1], 2: [2], 3: [3], 4: [4, 5]}
{0: [0], 1: [1], 2: [2], 3: [3], 4: [4, 5]}
SCORE: 36.64

-------------------

/siŋkˈantɔ/ - /siŋkwˈantɐ/
s-s / i-i / ŋ-ŋ / k-k / ˈa-w_ˈa / n-n / t-t / ɔ-ɐ
{0: [0], 1: [1], 2: [2], 3: [3], 4: [4], 5: [5], 6: [6], 7: [7]}
{0: [0], 1: [1], 2: [2], 3: [3], 4: [4, 5], 5: [6], 6: [7], 7: [8]}
SCORE: 44.494

-------------------

/sjˈɛjs/ - /sˈis/
s-s / j_ˈɛ-ˈi / j-∅ / s-s
{0: [0], 1: [1, 2], 2: [3], 3: [4]}
{0: [0], 1: [1], 2: None, 3: [2]}
SCORE: 11.207

-------------------

/sufɾˈi/ - /sofɾˈir/
s-s / u-o / f-f / ɾ-ɾ / ˈi_#>-ˈi_r_#>
{0: [0], 1: [1], 2: [2], 3: [3], 4: [4]}
{0: [0], 1: [1], 2: [2], 3: [3], 4: [4, 5]}
SCORE: 31.636

-------------------

/sulˈɛl/ - /solˈæʎ/
s-s / u-o / l-l / ˈɛ-ˈæ / l-ʎ
{0: [0], 1: [1], 2: [2], 3: [3], 4: [4]}
{0: [0], 1: [1], 2: [2], 3: [3], 4: [4]}
SCORE: 27.937

-------------------

/sˈa/ - /sˈa/
s-s / ˈa-ˈa
{0: [0], 1: [1]}
{0: [0], 1: [1]}
SCORE: 14.114

-------------------

/sˈal/ - /sˈal/
s-s / ˈa-ˈa / l-l
{0: [0], 1: [1], 2: [2]}
{0: [0], 1: [1], 2: [2]}
SCORE: 18.398

-------------------

/sˈalsɔ/ - /sˈalsɐ/
s-s / ˈa-ˈa / l-l / s-s / ɔ-ɐ
{0: [0], 1: [1], 2: [2], 3: [3], 4: [4]}
{0: [0], 1: [1], 2: [2], 3: [3], 4: [4]}
SCORE: 27.554

-------------------

/sˈan/ - /sˈant/
s-s / ˈa-ˈa / n-n_t
{0: [0], 1: [1], 2: [2]}
{0: [0], 1: [1], 2: [2, 3]}
SCORE: 15.395

-------------------

/sˈanɔ/ - /sˈanɐ/
s-s / ˈa-ˈa / n-n / ɔ-ɐ
{0: [0], 1: [1], 2: [2], 3: [3]}
{0: [0], 1: [1], 2: [2], 3: [3]}
SCORE: 23.914

-------------------

/sˈapjɔ/ - /sˈapiɣɐ/
s-s / ˈa-ˈa / p-p / ∅-i / ∅-ɣ / j-∅ / ɔ-ɐ
{0: [0], 1: [1], 2: [2], 3: None, 4: None, 5: [3], 6: [4]}
{0: [0], 1: [1], 2: [2], 3: [3], 4: [4], 5: None, 6: [5]}
SCORE: 9.214

-------------------

/sˈas/ - /sˈaps/
s-s / ˈa-ˈa_p / s-s
{0: [0], 1: [1], 2: [2]}
{0: [0], 1: [1, 2], 2: [3]}
SCORE: 14.069

-------------------

/sˈaŋk/ - /sˈaŋk/
s-s / ˈa-ˈa / ŋ-ŋ / k-k
{0: [0], 1: [1], 2: [2], 3: [3]}
{0: [0], 1: [1], 2: [2], 3: [3]}
SCORE: 27.154

-------------------

/sˈaβi/ - /sˈavi/
s-s / ˈa-ˈa / β-v / i-i
{0: [0], 1: [1], 2: [2], 3: [3]}
{0: [0], 1: [1], 2: [2], 3: [3]}
SCORE: 25.913

-------------------

/sˈek/ - /sˈæk/
s-s / ˈe-ˈæ / k-k
{0: [0], 1: [1], 2: [2]}
{0: [0], 1: [1], 2: [2]}
SCORE: 19.703

-------------------

/sˈekɔ/ - /sˈækɜ/
s-s / ˈe-ˈæ / k-k / ɔ-ɜ
{0: [0], 1: [1], 2: [2], 3: [3]}
{0: [0], 1: [1], 2: [2], 3: [3]}
SCORE: 23.648

-------------------

/sˈeðɔ/ - /sˈæðɜ/
s-s / ˈe-ˈæ / ð-ð / ɔ-ɜ
{0: [0], 1: [1], 2: [2], 3: [3]}
{0: [0], 1: [1], 2: [2], 3: [3]}
SCORE: 26.02

-------------------

/sˈeɾɔ/ - /sˈeɾɜ/
s-s / ˈe-ˈe / ɾ-ɾ / ɔ-ɜ
{0: [0], 1: [1], 2: [2], 3: [3]}
{0: [0], 1: [1], 2: [2], 3: [3]}
SCORE: 22.981

-------------------

/sˈimɔ/ - /sˈimɐ/
s-s / ˈi-ˈi / m-m / ɔ-ɐ
{0: [0], 1: [1], 2: [2], 3: [3]}
{0: [0], 1: [1], 2: [2], 3: [3]}
SCORE: 25.57

-------------------

/sˈiŋk/ - /sˈiŋk/
s-s / ˈi-ˈi / ŋ-ŋ / k-k
{0: [0], 1: [1], 2: [2], 3: [3]}
{0: [0], 1: [1], 2: [2], 3: [3]}
SCORE: 28.364

-------------------

/sˈul/ - /sˈɒl/
s-s / ˈu-ˈɒ / l-l
{0: [0], 1: [1], 2: [2]}
{0: [0], 1: [1], 2: [2]}
SCORE: 17.197

-------------------

/sˈyβɾe/ - /sˈoβɾɞ/
s-s / ˈy-ˈo / β-β / ɾ-ɾ / e-ɞ
{0: [0], 1: [1], 2: [2], 3: [3], 4: [4]}
{0: [0], 1: [1], 2: [2], 3: [3], 4: [4]}
SCORE: 25.428

-------------------

/sˈɛjʀe/ - /sˈæwɾɜ/
s_ˈɛ-s_ˈæ / j_ʀ-w_ɾ / e-ɜ
{0: [0, 1], 1: [2, 3], 2: [4]}
{0: [0, 1], 1: [2, 3], 2: [4]}
SCORE: 23.974

-------------------

/sˈɛl/ - /sˈæl/
s_ˈɛ-s_ˈæ / l-l
{0: [0, 1], 1: [2]}
{0: [0, 1], 1: [2]}
SCORE: 19.053

-------------------

/sˈɛn/ - /sˈent/
s-s / ˈɛ-ˈe / n-n_t
{0: [0], 1: [1], 2: [2]}
{0: [0], 1: [1], 2: [2, 3]}
SCORE: 15.58

-------------------

/sˈɛndɾe/ - /sˈændɾɜ/
s_ˈɛ-s_ˈæ / n-n / d-d / ɾ-ɾ / e-ɜ
{0: [0, 1], 1: [2], 2: [3], 3: [4], 4: [5]}
{0: [0, 1], 1: [2], 2: [3], 3: [4], 4: [5]}
SCORE: 34.833

-------------------

/sˈɛt/ - /sˈæt/
s_ˈɛ-s_ˈæ / t-t
{0: [0, 1], 1: [2]}
{0: [0, 1], 1: [2]}
SCORE: 19.741

-------------------

/tusˈi/ - /tosˈir/
t-t / u-o / s-s / ˈi_#>-ˈi_r_#>
{0: [0], 1: [1], 2: [2], 3: [3]}
{0: [0], 1: [1], 2: [2], 3: [3, 4]}
SCORE: 25.053

-------------------

/tɥˈa/ - /matˈar/
∅-m / ∅-a / t-t / ɥ-∅ / ˈa_#>-ˈa_r_#>
{0: None, 1: None, 2: [0], 3: [1], 4: [2]}
{0: [0], 1: [1], 2: [2], 3: None, 4: [3, 4]}
SCORE: -2.188

-------------------

/tɾˈes/ - /tɾˈæs/
t-t / ɾ-ɾ / ˈe-ˈæ / s-s
{0: [0], 1: [1], 2: [2], 3: [3]}
{0: [0], 1: [1], 2: [2], 3: [3]}
SCORE: 24.831

-------------------

/tˈawʀ/ - /tˈɒr/
t-t / ˈa_w-ˈɒ / ʀ-r
{0: [0], 1: [1, 2], 2: [3]}
{0: [0], 1: [1], 2: [2]}
SCORE: 16.42

-------------------

/tˈut/ - /tˈot/
t-t / ˈu-ˈo / t-t
{0: [0], 1: [1], 2: [2]}
{0: [0], 1: [1], 2: [2]}
SCORE: 20.73

-------------------

/tˈuts/ - /tˈots/
t-t / ˈu-ˈo / t-t / s-s
{0: [0], 1: [1], 2: [2], 3: [3]}
{0: [0], 1: [1], 2: [2], 3: [3]}
SCORE: 25.262

-------------------

/tˈy/ - /tˈu/
t-t / ˈy-ˈu
{0: [0], 1: [1]}
{0: [0], 1: [1]}
SCORE: 16.21

-------------------

/tˈɛms/ - /tˈems/
t_ˈɛ-t_ˈe / m-m / s-s
{0: [0, 1], 1: [2], 2: [3]}
{0: [0, 1], 1: [2], 2: [3]}
SCORE: 26.105

-------------------

/tˈɛstɔ/ - /tˈestɜ/
t_ˈɛ-t_ˈe / s-s / t-t / ɔ-ɜ
{0: [0, 1], 1: [2], 2: [3], 3: [4]}
{0: [0, 1], 1: [2], 2: [3], 3: [4]}
SCORE: 29.399

-------------------

/tˈɛʀɔ/ - /tˈærɜ/
t-t / ˈɛ-ˈæ / ʀ-r / ɔ-ɜ
{0: [0], 1: [1], 2: [2], 3: [3]}
{0: [0], 1: [1], 2: [2], 3: [3]}
SCORE: 22.445

-------------------

/ulˈu/ - /olˈor/
u-o / l-l / ˈu_#>-ˈo_r_#>
{0: [0], 1: [1], 2: [2]}
{0: [0], 1: [1], 2: [2, 3]}
SCORE: 20.635

-------------------

/uβɾjˈɛ/ - /oβɾˈer/
u-o / β-β / ɾ-ɾ / j-ˈe / ˈɛ-r
{0: [0], 1: [1], 2: [2], 3: [3], 4: [4]}
{0: [0], 1: [1], 2: [2], 3: [3], 4: [4]}
SCORE: 24.69

-------------------

/uβˈeʎɔ/ - /ovˈæʎɜ/
u-o / β-v / ˈe-ˈæ / ʎ-ʎ / ɔ-ɜ
{0: [0], 1: [1], 2: [2], 3: [3], 4: [4]}
{0: [0], 1: [1], 2: [2], 3: [3], 4: [4]}
SCORE: 29.924

-------------------

/ɡlasˈa/ - /ɡlasˈar/
ɡ-ɡ / l-l / a-a / s-s / ˈa_#>-ˈa_r_#>
{0: [0], 1: [1], 2: [2], 3: [3], 4: [4]}
{0: [0], 1: [1], 2: [2], 3: [3], 4: [4, 5]}
SCORE: 29.746

-------------------

/ɡlˈas/ - /ɡlˈas/
ɡ-ɡ / l-l / ˈa_s-ˈa_s
{0: [0], 1: [1], 2: [2, 3]}
{0: [0], 1: [1], 2: [2, 3]}
SCORE: 27.052

-------------------

/ɡɾˈa/ - /ɡɾˈa/
ɡ-ɡ / ɾ-ɾ / ˈa-ˈa
{0: [0], 1: [1], 2: [2]}
{0: [0], 1: [1], 2: [2]}
SCORE: 21.726

-------------------

/ɡɾˈa/ - /ɡɾˈan/
ɡ-ɡ / ɾ-ɾ / ˈa-ˈa / ∅-n
{0: [0], 1: [1], 2: [2], 3: None}
{0: [0], 1: [1], 2: [2], 3: [3]}
SCORE: 16.726

-------------------

/ɡɾˈas/ - /ɡrˈas/
ɡ-ɡ / ɾ-r / ˈa_s-ˈa_s
{0: [0], 1: [1], 2: [2, 3]}
{0: [0], 1: [1], 2: [2, 3]}
SCORE: 22.82

-------------------

/ɡɾˈɔs/ - /ɡɾˈɒs/
ɡ-ɡ / ɾ-ɾ / ˈɔ-ˈɒ / s-s
{0: [0], 1: [1], 2: [2], 3: [3]}
{0: [0], 1: [1], 2: [2], 3: [3]}
SCORE: 27.445

-------------------

/ɡˈat/ - /ɡˈat/
ɡ-ɡ / ˈa_t-ˈa_t
{0: [0], 1: [1, 2]}
{0: [0], 1: [1, 2]}
SCORE: 22.276

-------------------

/ɡˈawk/ - /ɡˈɒʧ/
ɡ-ɡ / ˈa_w-ˈɒ / ∅-ʧ / k-∅
{0: [0], 1: [1, 2], 2: None, 3: [3]}
{0: [0], 1: [1], 2: [2], 3: None}
SCORE: 4.034

-------------------

/ɡˈulɔ/ - /ɡˈolɞ/
ɡ-ɡ / ˈu-ˈo / l-l / ɔ-ɞ
{0: [0], 1: [1], 2: [2], 3: [3]}
{0: [0], 1: [1], 2: [2], 3: [3]}
SCORE: 26.156

-------------------

/ɡˈutɔ/ - /ɡˈotɞ/
ɡ-ɡ / ˈu-ˈo / t-t / ɔ-ɞ
{0: [0], 1: [1], 2: [2], 3: [3]}
{0: [0], 1: [1], 2: [2], 3: [3]}
SCORE: 26.844

-------------------

/ɥˈɔw/ - /ˈɒw/
ɥ_ˈɔ-ˈɒ / w-w
{0: [0, 1], 1: [2]}
{0: [0], 1: [1]}
SCORE: 12.068

-------------------

/ɥˈɛl/ - /ˈuʎ/
ɥ_ˈɛ-ˈu / l-ʎ
{0: [0, 1], 1: [2]}
{0: [0], 1: [1]}
SCORE: 11.587

-------------------

/ɥˈɛls/ - /ˈuʎs/
ɥ_ˈɛ-ˈu / l-ʎ / s-s
{0: [0, 1], 1: [2], 2: [3]}
{0: [0], 1: [1], 2: [2]}
SCORE: 16.12

-------------------

/ɥˈɛʧ/ - /wˈit/
∅-w / ɥ-∅ / ˈɛ-ˈi / ʧ-t
{0: None, 1: [0], 2: [1], 3: [2]}
{0: [0], 1: None, 2: [1], 3: [2]}
SCORE: 1.856

-------------------

/ʀazˈim/ - /raˈim/
<#_ʀ-<#_r / a-a / z-∅ / ˈi-ˈi / m-m
{0: [0], 1: [1], 2: [2], 3: [3], 4: [4]}
{0: [0], 1: [1], 2: None, 3: [2], 4: [3]}
SCORE: 23.956

-------------------

/ʀazˈu/ - /raˈo/
<#_ʀ-<#_r / a-a / z_ˈu-ˈo
{0: [0], 1: [1], 2: [2, 3]}
{0: [0], 1: [1], 2: [2]}
SCORE: 18.983

-------------------

/ʀeðˈun/ - /roðˈo/
<#_ʀ-<#_r / e-o / ð-ð / ˈu-ˈo / n_#>-#>
{0: [0], 1: [1], 2: [2], 3: [3], 4: [4]}
{0: [0], 1: [1], 2: [2], 3: [3], 4: None}
SCORE: 21.68

-------------------

/ʀumˈa/ - /romˈa/
<#_ʀ-<#_r / u-o / m-m / ˈa-ˈa
{0: [0], 1: [1], 2: [2], 3: [3]}
{0: [0], 1: [1], 2: [2], 3: [3]}
SCORE: 27.575

-------------------

/ʀˈej/ - /rˈej/
<#_ʀ-<#_r / ˈe-ˈe / j-j
{0: [0], 1: [1], 2: [2]}
{0: [0], 1: [1], 2: [2]}
SCORE: 22.04

-------------------

/ʀˈejnɔ/ - /rˈejnɜ/
<#_ʀ-<#_r / ˈe-ˈe / j-j / n-n / ɔ-ɜ
{0: [0], 1: [1], 2: [2], 3: [3], 4: [4]}
{0: [0], 1: [1], 2: [2], 3: [3], 4: [4]}
SCORE: 31.162

-------------------

/ʀˈiw/ - /rˈiw/
<#_ʀ-<#_r / ˈi-ˈi / w-w
{0: [0], 1: [1], 2: [2]}
{0: [0], 1: [1], 2: [2]}
SCORE: 22.132

-------------------

/ʀˈuʤe/ - /rˈɒʧ/
<#_ʀ-<#_r / ˈu-ˈɒ / ∅-ʧ / ʤ-∅ / e-∅
{0: [0], 1: [1], 2: None, 3: [2], 4: [3]}
{0: [0], 1: [1], 2: [2], 3: None, 4: None}
SCORE: -0.178

-------------------

/ʀˈɔðɔ/ - /rˈɒðɞ/
<#_ʀ-<#_r / ˈɔ-ˈɒ / ð-ð / ɔ-ɞ
{0: [0], 1: [1], 2: [2], 3: [3]}
{0: [0], 1: [1], 2: [2], 3: [3]}
SCORE: 28.681

-------------------

/ʤelˈa/ - /ʤelˈar/
ʤ-ʤ / e-e / l-l / ˈa_#>-ˈa_r_#>
{0: [0], 1: [1], 2: [2], 3: [3]}
{0: [0], 1: [1], 2: [2], 3: [3, 4]}
SCORE: 23.354

-------------------

/ʤenˈiβɔ/ - /ʤenˈivɐ/
ʤ-ʤ / e-e / n-n / ˈi-ˈi / β-v / ɔ-ɐ
{0: [0], 1: [1], 2: [2], 3: [3], 4: [4], 5: [5]}
{0: [0], 1: [1], 2: [2], 3: [3], 4: [4], 5: [5]}
SCORE: 36.674

-------------------

/ʤenˈul/ - /ʤenˈoʎ/
ʤ-ʤ / e-e / n-n / ˈu-ˈo / l-ʎ
{0: [0], 1: [1], 2: [2], 3: [3], 4: [4]}
{0: [0], 1: [1], 2: [2], 3: [3], 4: [4]}
SCORE: 31.255

-------------------

/ʤˈuβe/ - /ʤˈovɞ/
ʤ-ʤ / ˈu-ˈo / β-v / e-ɞ
{0: [0], 1: [1], 2: [2], 3: [3]}
{0: [0], 1: [1], 2: [2], 3: [3]}
SCORE: 25.117

-------------------

/ʤˈyn/ - /ʤˈunt/
ʤ-ʤ / ˈy-ˈu / n-n_t
{0: [0], 1: [1], 2: [2]}
{0: [0], 1: [1], 2: [2, 3]}
SCORE: 19.049

-------------------

/ʤˈyɲ/ - /ʤˈuɲ/
ʤ-ʤ / ˈy-ˈu / ɲ-ɲ
{0: [0], 1: [1], 2: [2]}
{0: [0], 1: [1], 2: [2]}
SCORE: 25.043

-------------------

/ʤˈyʤe/ - /ʤˈuʤe/
ʤ-ʤ / ˈy-ˈu / ʤ-ʤ / e-e
{0: [0], 1: [1], 2: [2], 3: [3]}
{0: [0], 1: [1], 2: [2], 3: [3]}
SCORE: 28.996

-------------------

/ʤˈɔk/ - /ʤˈɒk/
ʤ-ʤ / ˈɔ-ˈɒ / k-k
{0: [0], 1: [1], 2: [2]}
{0: [0], 1: [1], 2: [2]}
SCORE: 22.299

-------------------

/ʤˈɛl/ - /ʤˈɛl/
ʤ-ʤ / ˈɛ-ˈɛ / l-l
{0: [0], 1: [1], 2: [2]}
{0: [0], 1: [1], 2: [2]}
SCORE: 19.774

-------------------

/ʤˈɛn/ - /ʤˈent/
ʤ-ʤ / ˈɛ-ˈe / n-n_t
{0: [0], 1: [1], 2: [2]}
{0: [0], 1: [1], 2: [2, 3]}
SCORE: 17.577

-------------------

/ʤˈɛndɾe/ - /ʤˈændɾɜ/
ʤ-ʤ / ˈɛ-ˈæ / n-n / d-d / ɾ-ɾ / e-ɜ
{0: [0], 1: [1], 2: [2], 3: [3], 4: [4], 5: [5]}
{0: [0], 1: [1], 2: [2], 3: [3], 4: [4], 5: [5]}
SCORE: 35.721

-------------------

/ˈajɣɔ/ - /ˈajɣwɐ/
<#_ˈa-<#_ˈa / j-j / ɣ-ɣ / ∅-w / ɔ-ɐ
{0: [0], 1: [1], 2: [2], 3: None, 4: [3]}
{0: [0], 1: [1], 2: [2], 3: [3], 4: [4]}
SCORE: 25.341

-------------------

/ˈal/ - /ˈaʎ/
<#_ˈa-<#_ˈa / l-ʎ
{0: [0], 1: [1]}
{0: [0], 1: [1]}
SCORE: 16.407

-------------------

/ˈan/ - /ˈaɲ/
<#_ˈa-<#_ˈa / n-ɲ
{0: [0], 1: [1]}
{0: [0], 1: [1]}
SCORE: 14.085

-------------------

/ˈanʤel/ - /ˈaɲʤel/
<#_ˈa-<#_ˈa / n-ɲ / ʤ-ʤ / e-e / l-l
{0: [0], 1: [1], 2: [2], 3: [3], 4: [4]}
{0: [0], 1: [1], 2: [2], 3: [3], 4: [4]}
SCORE: 29.599

-------------------

/ˈawkɔ/ - /ˈɒkɞ/
ˈa_w-ˈɒ / k-k / ɔ-ɞ
{0: [0, 1], 1: [2], 2: [3]}
{0: [0], 1: [1], 2: [2]}
SCORE: 16.145

-------------------

/ˈawtɾe/ - /ˈaltɾe/
<#_ˈa-<#_ˈa / w_t-l_t / ɾ-ɾ / e-e
{0: [0], 1: [1, 2], 2: [3], 3: [4]}
{0: [0], 1: [1, 2], 2: [3], 3: [4]}
SCORE: 30.931

-------------------

/ˈawʀ/ - /ˈɒr/
ˈa_w-ˈɒ / ʀ-r
{0: [0, 1], 1: [2]}
{0: [0], 1: [1]}
SCORE: 11.447

-------------------

/ˈawβɔ/ - /ˈalβɐ/
<#_ˈa-<#_ˈa / w-l / β-β / ɔ-ɐ
{0: [0], 1: [1], 2: [2], 3: [3]}
{0: [0], 1: [1], 2: [2], 3: [3]}
SCORE: 24.973

-------------------

/ˈaɾβe/ - /ˈaβɾe/
<#_ˈa-<#_ˈa / ɾ-∅ / β-β / ∅-ɾ / e-e
{0: [0], 1: [1], 2: [2], 3: None, 4: [3]}
{0: [0], 1: None, 2: [1], 3: [2], 4: [3]}
SCORE: 13.664

-------------------

/ˈel/ - /ˈeʎ/
<#_ˈe-<#_ˈe / l-ʎ
{0: [0], 1: [1]}
{0: [0], 1: [1]}
SCORE: 17.407

-------------------

/ˈelɔ/ - /ˈeʎɜ/
<#_ˈe-<#_ˈe / l-ʎ / ɔ-ɜ
{0: [0], 1: [1], 2: [2]}
{0: [0], 1: [1], 2: [2]}
SCORE: 21.352

-------------------

/ˈilːɔ/ - /ˈiʎɐ/
ˈi-ˈi / lː-∅ / ɔ-ʎ_ɐ
{0: [0], 1: [1], 2: [2]}
{0: [0], 1: None, 2: [1, 2]}
SCORE: 5.822

-------------------

/ˈuʀs/ - /ˈos/
ˈu-ˈo / ʀ-∅ / s-s
{0: [0], 1: [1], 2: [2]}
{0: [0], 1: None, 2: [1]}
SCORE: 10.317

-------------------

/ˈyn/ - /ˈu/
ˈy-ˈu / n_#>-#>
{0: [0], 1: [1]}
{0: [0], 1: None}
SCORE: 7.558

-------------------

/ˈyŋɡlɔ/ - /ˈuŋɡlɐ/
ˈy-ˈu / ŋ-ŋ / ɡ-ɡ / l-l / ɔ-ɐ
{0: [0], 1: [1], 2: [2], 3: [3], 4: [4]}
{0: [0], 1: [1], 2: [2], 3: [3], 4: [4]}
SCORE: 35.174

-------------------

/ˈɔme/ - /ˈɒmɞ/
ˈɔ-ˈɒ / m-m / e-ɞ
{0: [0], 1: [1], 2: [2]}
{0: [0], 1: [1], 2: [2]}
SCORE: 19.342

-------------------

/ˈɔs/ - /ˈɒs/
ˈɔ-ˈɒ / s-s
{0: [0], 1: [1]}
{0: [0], 1: [1]}
SCORE: 15.301

-------------------

/ˈɔβɾɔ/ - /ˈɒβɾɞ/
ˈɔ-ˈɒ / β-β / ɾ-ɾ / ɔ-ɞ
{0: [0], 1: [1], 2: [2], 3: [3]}
{0: [0], 1: [1], 2: [2], 3: [3]}
SCORE: 26.644

-------------------

/ˈɛʀβɔ/ - /ˈerβɜ/
ˈɛ-ˈe / ʀ-r / β-β / ɔ-ɜ
{0: [0], 1: [1], 2: [2], 3: [3]}
{0: [0], 1: [1], 2: [2], 3: [3]}
SCORE: 24.733
